{"target": -250.3393625002136, "params": {"k_pid_pos": [1.9009382724761963, 0.009284913539886475, 7.25090503692627e-05], "k_pid_alt": [0.7238967418670654, 0.03815153241157532, 0.9628719091415405], "k_pid_att": [94.71033477783203, 0.6544666290283203, 0.9732816219329834], "k_pid_yaw": [0.5, 1e-06, 0.1], "k_pid_hsp": [9.888131141662598, 0.8510569334030151, 0.016259491443634033], "k_pid_vsp": [399.9994812011719, 387.90673828125, 16.038288116455078]}, "datetime": {"datetime": "2025-08-20 15:13:42", "elapsed": 12076.580153226852, "delta": 19.134100675582886}, "costs": {"total_cost": 250.3393625002136, "time_cost": 84.72, "final_distance_cost": 1.7971074801527396, "oscillation_cost": 79.52271195330933, "completition_cost": 0.0, "overshoot_cost": 51.719497324554176, "power_cost": 18.42736193847656, "noise_cost": 14.15268380372082, "n_waypoints_completed": 9, "tot_waypoints": 9}}
{"target": -342.7072935342628, "params": {"k_pid_pos": [1.8242597579956055, 0.08253297209739685, 0.4508861005306244], "k_pid_alt": [1.9255080223083496, 0.2572050988674164, 0.8893126249313354], "k_pid_att": [99.02761840820312, 0.18169207870960236, 0.8868502378463745], "k_pid_yaw": [0.5, 1e-06, 0.1], "k_pid_hsp": [8.330853462219238, 0.970556378364563, 0.05111336708068848], "k_pid_vsp": [26.139854431152344, 371.8736572265625, 72.32178497314453]}, "datetime": {"datetime": "2025-08-20 15:14:00", "elapsed": 12094.944004058838, "delta": 18.363850831985474}, "costs": {"total_cost": 342.7072935342628, "time_cost": 81.28, "final_distance_cost": 1.7749749880544534, "oscillation_cost": 179.24086837065806, "completition_cost": 0.0, "overshoot_cost": 51.56375383272418, "power_cost": 16.09247791748047, "noise_cost": 12.755218425345591, "n_waypoints_completed": 9, "tot_waypoints": 9}}
{"target": -325.7764844006633, "params": {"k_pid_pos": [1.948225975036621, 0.13367080688476562, 0.0013501942157745361], "k_pid_alt": [1.614656686782837, 0.06054079532623291, 0.8898187875747681], "k_pid_att": [79.26814270019531, 0.23354342579841614, 0.9157172441482544], "k_pid_yaw": [0.5, 1e-06, 0.1], "k_pid_hsp": [9.908913612365723, 0.9748471975326538, 0.3034685254096985], "k_pid_vsp": [400.0, 376.4795227050781, 11.855805397033691]}, "datetime": {"datetime": "2025-08-20 15:14:19", "elapsed": 12113.932039737701, "delta": 18.988035678863525}, "costs": {"total_cost": 325.7764844006633, "time_cost": 82.536, "final_distance_cost": 1.7353091938741918, "oscillation_cost": 152.3901535904196, "completition_cost": 0.0, "overshoot_cost": 56.40612657857332, "power_cost": 18.117126428222658, "noise_cost": 14.591768609573561, "n_waypoints_completed": 9, "tot_waypoints": 9}}
{"target": -315.7591665578539, "params": {"k_pid_pos": [1.4323862791061401, 0.14979207515716553, 0.9584319591522217], "k_pid_alt": [1.1963268518447876, 0.028550267219543457, 0.9381800889968872], "k_pid_att": [83.74761199951172, 3.7836873531341553, 0.973049521446228], "k_pid_yaw": [0.5, 1e-06, 0.1], "k_pid_hsp": [9.486848831176758, 0.9644495248794556, 0.034216463565826416], "k_pid_vsp": [400.0, 393.17120361328125, 60.78642654418945]}, "datetime": {"datetime": "2025-08-20 15:14:39", "elapsed": 12133.60003232956, "delta": 19.66799259185791}, "costs": {"total_cost": 315.7591665578539, "time_cost": 73.8, "final_distance_cost": 1.8351679643205678, "oscillation_cost": 160.9384853527775, "completition_cost": 0.0, "overshoot_cost": 50.127619884554406, "power_cost": 15.908756713867188, "noise_cost": 13.149136642334273, "n_waypoints_completed": 9, "tot_waypoints": 9}}
{"target": -200.99747516857116, "params": {"k_pid_pos": [1.9008996486663818, 0.25222277641296387, 0.2926262617111206], "k_pid_alt": [1.8434627056121826, 0.027482032775878906, 0.9862073659896851], "k_pid_att": [95.89408874511719, 0.08704680949449539, 0.976983904838562], "k_pid_yaw": [0.5, 1e-06, 0.1], "k_pid_hsp": [9.52773666381836, 0.9877201318740845, 0.023098409175872803], "k_pid_vsp": [400.0, 310.5687561035156, 28.349533081054688]}, "datetime": {"datetime": "2025-08-20 15:14:55", "elapsed": 12149.97543001175, "delta": 16.37539768218994}, "costs": {"total_cost": 200.99747516857116, "time_cost": 69.64, "final_distance_cost": 1.789011181815446, "oscillation_cost": 54.90404305135508, "completition_cost": 0.0, "overshoot_cost": 49.91723842671018, "power_cost": 13.572109777832033, "noise_cost": 11.175072730858417, "n_waypoints_completed": 9, "tot_waypoints": 9}}
{"target": -296.7484636462512, "params": {"k_pid_pos": [1.8565120697021484, 0.04244130849838257, 0.02834165096282959], "k_pid_alt": [1.637856364250183, 0.11063498258590698, 0.9444906711578369], "k_pid_att": [97.695068359375, 0.7356586456298828, 0.9839236736297607], "k_pid_yaw": [0.5, 1e-06, 0.1], "k_pid_hsp": [9.767416954040527, 0.962561845779419, 0.06207519769668579], "k_pid_vsp": [377.2733154296875, 380.8271484375, 22.110023498535156]}, "datetime": {"datetime": "2025-08-20 15:15:18", "elapsed": 12173.268443107605, "delta": 23.293013095855713}, "costs": {"total_cost": 296.7484636462512, "time_cost": 99.57600000000001, "final_distance_cost": 1.7766540434630014, "oscillation_cost": 108.21394471238452, "completition_cost": 0.0, "overshoot_cost": 51.84257938135089, "power_cost": 19.737800524902344, "noise_cost": 15.601484984150451, "n_waypoints_completed": 9, "tot_waypoints": 9}}
{"target": -613.5862701974268, "params": {"k_pid_pos": [1.9677131175994873, 0.2214788794517517, 0.0], "k_pid_alt": [0.37873929738998413, 0.018588483333587646, 0.7577982544898987], "k_pid_att": [97.1120376586914, 0.08252494782209396, 0.8873924016952515], "k_pid_yaw": [0.5, 1e-06, 0.1], "k_pid_hsp": [8.726811408996582, 0.9717826247215271, 0.3470258116722107], "k_pid_vsp": [399.9010925292969, 391.16558837890625, 30.708541870117188]}, "datetime": {"datetime": "2025-08-20 15:15:42", "elapsed": 12196.508048534393, "delta": 23.23960542678833}, "costs": {"total_cost": 613.5862701974268, "time_cost": 150, "final_distance_cost": 50.31669168538457, "oscillation_cost": 216.904901868355, "completition_cost": 111.11111111111116, "overshoot_cost": 49.48944826232253, "power_cost": 20.310661328125, "noise_cost": 15.453455942128448, "n_waypoints_completed": 8, "tot_waypoints": 9}}
{"target": -215.07223300271085, "params": {"k_pid_pos": [1.000302791595459, 0.006974369287490845, 0.0], "k_pid_alt": [1.7443931102752686, 0.04448309540748596, 0.952941358089447], "k_pid_att": [96.02086639404297, 0.9017418026924133, 0.9884327054023743], "k_pid_yaw": [0.5, 1e-06, 0.1], "k_pid_hsp": [3.195948600769043, 0.9408135414123535, 0.0402490496635437], "k_pid_vsp": [399.2326354980469, 397.29754638671875, 23.579004287719727]}, "datetime": {"datetime": "2025-08-20 15:15:59", "elapsed": 12214.42061161995, "delta": 17.91256308555603}, "costs": {"total_cost": 215.07223300271085, "time_cost": 74.44800000000001, "final_distance_cost": 1.854206377779281, "oscillation_cost": 59.55319073335702, "completition_cost": 0.0, "overshoot_cost": 49.91942024573507, "power_cost": 16.095994299316406, "noise_cost": 13.201421346523068, "n_waypoints_completed": 9, "tot_waypoints": 9}}
{"target": -237.7176817992697, "params": {"k_pid_pos": [1.957862377166748, 0.0644991397857666, 0.32504981756210327], "k_pid_alt": [0.8756464719772339, 0.013858318328857422, 0.9263529181480408], "k_pid_att": [95.9330825805664, 0.07083868235349655, 0.9619036912918091], "k_pid_yaw": [0.5, 1e-06, 0.1], "k_pid_hsp": [9.05125904083252, 0.9291545748710632, 0.05132362246513367], "k_pid_vsp": [399.9066467285156, 385.7389831542969, 5.034745693206787]}, "datetime": {"datetime": "2025-08-20 15:16:17", "elapsed": 12232.000244140625, "delta": 17.57963252067566}, "costs": {"total_cost": 237.7176817992697, "time_cost": 74.608, "final_distance_cost": 1.840999894439625, "oscillation_cost": 84.70798620575972, "completition_cost": 0.0, "overshoot_cost": 50.38659540031654, "power_cost": 14.088076159667969, "noise_cost": 12.086024139085879, "n_waypoints_completed": 9, "tot_waypoints": 9}}
{"target": -253.01717121765338, "params": {"k_pid_pos": [1.9052424430847168, 0.5445795059204102, 0.0], "k_pid_alt": [1.7150169610977173, 0.018018662929534912, 0.9888575077056885], "k_pid_att": [95.19244384765625, 1.5778411626815796, 0.9686976671218872], "k_pid_yaw": [0.5, 1e-06, 0.1], "k_pid_hsp": [8.509286880493164, 0.9991814494132996, 0.05900740623474121], "k_pid_vsp": [399.93280029296875, 303.4250183105469, 15.993524551391602]}, "datetime": {"datetime": "2025-08-20 15:16:37", "elapsed": 12251.639026641846, "delta": 19.638782501220703}, "costs": {"total_cost": 253.01717121765338, "time_cost": 85.304, "final_distance_cost": 1.7422065695155453, "oscillation_cost": 80.44178770625558, "completition_cost": 0.0, "overshoot_cost": 54.98570089962247, "power_cost": 16.459587805175783, "noise_cost": 14.083888237083979, "n_waypoints_completed": 9, "tot_waypoints": 9}}
{"target": -458.65874697002687, "params": {"k_pid_pos": [1.9053120613098145, 0.05883941054344177, 0.04208296537399292], "k_pid_alt": [1.9492592811584473, 0.1845741868019104, 0.9791819453239441], "k_pid_att": [96.8581314086914, 0.9246821999549866, 0.968898355960846], "k_pid_yaw": [0.5, 1e-06, 0.1], "k_pid_hsp": [8.170279502868652, 0.931154727935791, 0.038852691650390625], "k_pid_vsp": [400.0, 382.2460021972656, 24.791242599487305]}, "datetime": {"datetime": "2025-08-20 15:17:00", "elapsed": 12275.24030160904, "delta": 23.601274967193604}, "costs": {"total_cost": 458.65874697002687, "time_cost": 150, "final_distance_cost": 7.9940757888489085, "oscillation_cost": 99.11879547855091, "completition_cost": 111.11111111111116, "overshoot_cost": 51.99180214714662, "power_cost": 22.139003759765625, "noise_cost": 16.303958684603714, "n_waypoints_completed": 8, "tot_waypoints": 9}}
{"target": -461.83355346557823, "params": {"k_pid_pos": [1.9237451553344727, 0.09756064414978027, 0.03845560550689697], "k_pid_alt": [1.4669811725616455, 0.1592925488948822, 0.9751389026641846], "k_pid_att": [97.71857452392578, 0.5805215239524841, 0.9823609590530396], "k_pid_yaw": [0.5, 1e-06, 0.1], "k_pid_hsp": [8.340777397155762, 0.9787877798080444, 0.00684589147567749], "k_pid_vsp": [400.0, 388.72119140625, 16.440404891967773]}, "datetime": {"datetime": "2025-08-20 15:17:23", "elapsed": 12297.93176817894, "delta": 22.691466569900513}, "costs": {"total_cost": 461.83355346557823, "time_cost": 150, "final_distance_cost": 25.936258559787642, "oscillation_cost": 80.7260196625034, "completition_cost": 111.11111111111116, "overshoot_cost": 51.65653720213322, "power_cost": 24.839210937500003, "noise_cost": 17.56441599254281, "n_waypoints_completed": 8, "tot_waypoints": 9}}
{"target": -337.7922789095853, "params": {"k_pid_pos": [1.7503923177719116, 0.2741442322731018, 5.7220458984375e-06], "k_pid_alt": [1.680321455001831, 0.0661357045173645, 0.9345271587371826], "k_pid_att": [95.57620239257812, 0.37558403611183167, 0.8924559354782104], "k_pid_yaw": [0.5, 1e-06, 0.1], "k_pid_hsp": [9.539265632629395, 0.9553265571594238, 0.12470248341560364], "k_pid_vsp": [399.4653625488281, 397.3355712890625, 106.11305236816406]}, "datetime": {"datetime": "2025-08-20 15:17:41", "elapsed": 12315.758999347687, "delta": 17.82723116874695}, "costs": {"total_cost": 337.7922789095853, "time_cost": 78.416, "final_distance_cost": 1.7446872245669192, "oscillation_cost": 175.71425960979968, "completition_cost": 0.0, "overshoot_cost": 52.90010504815979, "power_cost": 16.291007580566408, "noise_cost": 12.72621944649252, "n_waypoints_completed": 9, "tot_waypoints": 9}}
{"target": -337.68862261945753, "params": {"k_pid_pos": [1.9639326333999634, 0.009454190731048584, 0.0], "k_pid_alt": [0.9715478420257568, 0.030882149934768677, 0.903679370880127], "k_pid_att": [91.7978286743164, 0.8625234961509705, 0.9664166569709778], "k_pid_yaw": [0.5, 1e-06, 0.1], "k_pid_hsp": [9.921528816223145, 0.9905489683151245, 0.13285213708877563], "k_pid_vsp": [0.1422286033630371, 371.97808837890625, 10.489739418029785]}, "datetime": {"datetime": "2025-08-20 15:18:00", "elapsed": 12335.376567840576, "delta": 19.617568492889404}, "costs": {"total_cost": 337.68862261945753, "time_cost": 86.21600000000001, "final_distance_cost": 1.8146349908011261, "oscillation_cost": 163.11391202725397, "completition_cost": 0.0, "overshoot_cost": 52.231934018735274, "power_cost": 19.351267089843752, "noise_cost": 14.960874492823379, "n_waypoints_completed": 9, "tot_waypoints": 9}}
{"target": -285.19073392361895, "params": {"k_pid_pos": [1.8457103967666626, 0.04114839434623718, 0.9218173623085022], "k_pid_alt": [1.695695400238037, 0.018111705780029297, 0.8833695650100708], "k_pid_att": [91.20841979980469, 0.30038219690322876, 0.9717947244644165], "k_pid_yaw": [0.5, 1e-06, 0.1], "k_pid_hsp": [9.2174654006958, 0.9527938365936279, 0.349312424659729], "k_pid_vsp": [0.5263209342956543, 396.79058837890625, 11.650813102722168]}, "datetime": {"datetime": "2025-08-20 15:18:18", "elapsed": 12352.724835395813, "delta": 17.348267555236816}, "costs": {"total_cost": 285.19073392361895, "time_cost": 74.816, "final_distance_cost": 1.748950140276712, "oscillation_cost": 128.86424716582727, "completition_cost": 0.0, "overshoot_cost": 51.254490052031386, "power_cost": 16.760281286621094, "noise_cost": 11.746765278862469, "n_waypoints_completed": 9, "tot_waypoints": 9}}
{"target": -247.810348327816, "params": {"k_pid_pos": [1.881925106048584, 0.1500193476676941, 0.006812244653701782], "k_pid_alt": [1.905977487564087, 0.06315526366233826, 0.995686411857605], "k_pid_att": [96.55024719238281, 1.0595834255218506, 0.9913423657417297], "k_pid_yaw": [0.5, 1e-06, 0.1], "k_pid_hsp": [9.564515113830566, 0.9751893281936646, 0.03142952919006348], "k_pid_vsp": [400.0, 324.77825927734375, 18.686094284057617]}, "datetime": {"datetime": "2025-08-20 15:18:36", "elapsed": 12370.861411809921, "delta": 18.136576414108276}, "costs": {"total_cost": 247.810348327816, "time_cost": 78.168, "final_distance_cost": 1.7291791223731117, "oscillation_cost": 86.61576363319715, "completition_cost": 0.0, "overshoot_cost": 51.963594516965614, "power_cost": 16.45377839355469, "noise_cost": 12.88003266172542, "n_waypoints_completed": 9, "tot_waypoints": 9}}
{"target": -305.13967185050984, "params": {"k_pid_pos": [1.7085274457931519, 0.08118456602096558, 0.9998053312301636], "k_pid_alt": [1.6973134279251099, 0.06147569417953491, 0.9402951002120972], "k_pid_att": [99.13650512695312, 0.867950439453125, 0.972347617149353], "k_pid_yaw": [0.5, 1e-06, 0.1], "k_pid_hsp": [8.802515983581543, 0.9885720014572144, 0.029045850038528442], "k_pid_vsp": [400.0, 396.10443115234375, 17.832304000854492]}, "datetime": {"datetime": "2025-08-20 15:18:54", "elapsed": 12389.287557125092, "delta": 18.426145315170288}, "costs": {"total_cost": 305.13967185050984, "time_cost": 78.2, "final_distance_cost": 1.8521086722212654, "oscillation_cost": 145.5195636731417, "completition_cost": 0.0, "overshoot_cost": 50.22750688407668, "power_cost": 15.820386914062501, "noise_cost": 13.520105707007692, "n_waypoints_completed": 9, "tot_waypoints": 9}}
{"target": -252.8248914079076, "params": {"k_pid_pos": [1.4891633987426758, 0.0409683883190155, 0.0021834969520568848], "k_pid_alt": [1.5860364437103271, 0.14812251925468445, 0.9798207879066467], "k_pid_att": [98.48321533203125, 0.4560876488685608, 0.9810222387313843], "k_pid_yaw": [0.5, 1e-06, 0.1], "k_pid_hsp": [8.904914855957031, 0.9711487293243408, 0.01907050609588623], "k_pid_vsp": [399.9998474121094, 281.6205139160156, 25.2429256439209]}, "datetime": {"datetime": "2025-08-20 15:19:14", "elapsed": 12409.480172872543, "delta": 20.192615747451782}, "costs": {"total_cost": 252.8248914079076, "time_cost": 87.24, "final_distance_cost": 1.77695781676077, "oscillation_cost": 75.40531398827804, "completition_cost": 0.0, "overshoot_cost": 51.656819235109936, "power_cost": 21.117495935058596, "noise_cost": 15.62830443270024, "n_waypoints_completed": 9, "tot_waypoints": 9}}
{"target": -218.79219271411714, "params": {"k_pid_pos": [1.9737049341201782, 0.015712261199951172, 0.0], "k_pid_alt": [1.935125708580017, 0.014313578605651855, 0.8094276785850525], "k_pid_att": [95.88736724853516, 0.2951170802116394, 0.40371033549308777], "k_pid_yaw": [0.5, 1e-06, 0.1], "k_pid_hsp": [7.947176933288574, 0.9529744386672974, 0.05037537217140198], "k_pid_vsp": [199.2684326171875, 393.1428527832031, 7.147551536560059]}, "datetime": {"datetime": "2025-08-20 15:19:31", "elapsed": 12425.980680465698, "delta": 16.500507593154907}, "costs": {"total_cost": 218.79219271411714, "time_cost": 69.936, "final_distance_cost": 1.7487193819403672, "oscillation_cost": 71.15869836217868, "completition_cost": 0.0, "overshoot_cost": 50.6789835728929, "power_cost": 13.53923309326172, "noise_cost": 11.730558303843479, "n_waypoints_completed": 9, "tot_waypoints": 9}}
{"target": -211.24337475953004, "params": {"k_pid_pos": [1.8648006916046143, 0.050807952880859375, 8.940696716308594e-07], "k_pid_alt": [1.8766509294509888, 0.04059314727783203, 0.97220778465271], "k_pid_att": [97.19078826904297, 0.8026482462882996, 0.9856201410293579], "k_pid_yaw": [0.5, 1e-06, 0.1], "k_pid_hsp": [7.74252986907959, 0.9364857077598572, 0.03375333547592163], "k_pid_vsp": [399.898681640625, 366.8341979980469, 27.400686264038086]}, "datetime": {"datetime": "2025-08-20 15:19:47", "elapsed": 12441.715190172195, "delta": 15.734509706497192}, "costs": {"total_cost": 211.24337475953004, "time_cost": 69.36, "final_distance_cost": 1.7616736560996367, "oscillation_cost": 63.05573711695556, "completition_cost": 0.0, "overshoot_cost": 50.5609476690552, "power_cost": 14.80359559326172, "noise_cost": 11.70142072415793, "n_waypoints_completed": 9, "tot_waypoints": 9}}
{"target": -235.7121774715479, "params": {"k_pid_pos": [1.8522405624389648, 0.03750285506248474, 5.960464477539063e-08], "k_pid_alt": [1.8044512271881104, 0.021184682846069336, 0.9975293874740601], "k_pid_att": [97.74292755126953, 1.2268073558807373, 0.8861921429634094], "k_pid_yaw": [0.5, 1e-06, 0.1], "k_pid_hsp": [9.726813316345215, 0.951535165309906, 0.030776560306549072], "k_pid_vsp": [0.8819937705993652, 392.547119140625, 25.128795623779297]}, "datetime": {"datetime": "2025-08-20 15:20:04", "elapsed": 12458.56585264206, "delta": 16.85066246986389}, "costs": {"total_cost": 235.7121774715479, "time_cost": 69.864, "final_distance_cost": 1.769754349573013, "oscillation_cost": 86.16222900576014, "completition_cost": 0.0, "overshoot_cost": 52.21887523814909, "power_cost": 14.611165454101563, "noise_cost": 11.086153423964095, "n_waypoints_completed": 9, "tot_waypoints": 9}}
{"target": -215.6849989281314, "params": {"k_pid_pos": [1.9123047590255737, 0.047162652015686035, 0.014598846435546875], "k_pid_alt": [1.9080356359481812, 0.042545586824417114, 0.9664336442947388], "k_pid_att": [97.40882873535156, 0.4738273024559021, 0.9770290851593018], "k_pid_yaw": [0.5, 1e-06, 0.1], "k_pid_hsp": [9.328234672546387, 0.9890106916427612, 0.0036610960960388184], "k_pid_vsp": [400.0, 332.206787109375, 1.3045201301574707]}, "datetime": {"datetime": "2025-08-20 15:20:19", "elapsed": 12474.216965198517, "delta": 15.65111255645752}, "costs": {"total_cost": 215.6849989281314, "time_cost": 69.784, "final_distance_cost": 1.7310339008612274, "oscillation_cost": 69.07181069545469, "completition_cost": 0.0, "overshoot_cost": 50.63808453502842, "power_cost": 13.0042408203125, "noise_cost": 11.455828976474548, "n_waypoints_completed": 9, "tot_waypoints": 9}}
{"target": -315.28500554663674, "params": {"k_pid_pos": [1.7744468450546265, 0.006814718246459961, 0.0], "k_pid_alt": [1.85313081741333, 0.008333861827850342, 0.8778106570243835], "k_pid_att": [98.88704681396484, 0.13539284467697144, 0.8965333700180054], "k_pid_yaw": [0.5, 1e-06, 0.1], "k_pid_hsp": [8.811094284057617, 0.8418623208999634, 0.17660453915596008], "k_pid_vsp": [0.06060600280761719, 318.07818603515625, 8.700217247009277]}, "datetime": {"datetime": "2025-08-20 15:20:37", "elapsed": 12491.741001367569, "delta": 17.524036169052124}, "costs": {"total_cost": 315.28500554663674, "time_cost": 74.96000000000001, "final_distance_cost": 1.7813162307654002, "oscillation_cost": 154.31220801757618, "completition_cost": 0.0, "overshoot_cost": 54.71785563986622, "power_cost": 16.804190844726563, "noise_cost": 12.70943481370234, "n_waypoints_completed": 9, "tot_waypoints": 9}}
{"target": -225.73408195814943, "params": {"k_pid_pos": [1.6294500827789307, 0.026887238025665283, 4.9173831939697266e-06], "k_pid_alt": [1.93342924118042, 0.02574974298477173, 0.90920090675354], "k_pid_att": [94.40167236328125, 0.7811195850372314, 0.9000930786132812], "k_pid_yaw": [0.5, 1e-06, 0.1], "k_pid_hsp": [9.912786483764648, 0.9703104496002197, 0.04986453056335449], "k_pid_vsp": [400.0, 380.69921875, 55.22437286376953]}, "datetime": {"datetime": "2025-08-20 15:20:53", "elapsed": 12508.091483592987, "delta": 16.35048222541809}, "costs": {"total_cost": 225.73408195814943, "time_cost": 68.24, "final_distance_cost": 1.8020080463487553, "oscillation_cost": 78.9065583469857, "completition_cost": 0.0, "overshoot_cost": 50.12625581725035, "power_cost": 14.871770153808594, "noise_cost": 11.78748959375603, "n_waypoints_completed": 9, "tot_waypoints": 9}}
{"target": -300.8193824743581, "params": {"k_pid_pos": [1.9782623052597046, 0.029287725687026978, 0.0], "k_pid_alt": [1.3458092212677002, 0.019384771585464478, 0.9961956739425659], "k_pid_att": [93.42288970947266, 0.17079287767410278, 0.6437239050865173], "k_pid_yaw": [0.5, 1e-06, 0.1], "k_pid_hsp": [7.859724521636963, 0.9433640241622925, 0.12741458415985107], "k_pid_vsp": [399.98968505859375, 302.92633056640625, 87.17100524902344]}, "datetime": {"datetime": "2025-08-20 15:21:10", "elapsed": 12524.65595984459, "delta": 16.564476251602173}, "costs": {"total_cost": 300.8193824743581, "time_cost": 70.616, "final_distance_cost": 1.778069722375038, "oscillation_cost": 149.17529625370798, "completition_cost": 0.0, "overshoot_cost": 50.17473625962036, "power_cost": 16.605727197265626, "noise_cost": 12.469553041389092, "n_waypoints_completed": 9, "tot_waypoints": 9}}
