{"target": -216.76934236961395, "params": {"k_pid_pos": [1.9568760395050049, 0.009005993604660034, 0.0], "k_pid_alt": [1.9562408924102783, 0.016646087169647217, 0.9862558245658875], "k_pid_att": [98.3637466430664, 0.4042362868785858, 0.9970759153366089], "k_pid_yaw": [0.5, 1e-06, 0.1], "k_pid_hsp": [9.172504425048828, 0.9445284008979797, 0.021334588527679443], "k_pid_vsp": [400.0, 352.91278076171875, 38.07058334350586]}, "datetime": {"datetime": "2025-08-20 23:30:35", "elapsed": 41889.80097937584, "delta": 16.66024947166443}, "costs": {"total_cost": 216.76934236961395, "time_cost": 69.28, "final_distance_cost": 1.7864768518844634, "oscillation_cost": 69.74883095150194, "completition_cost": 0.0, "overshoot_cost": 49.94743627005309, "power_cost": 14.506293579101563, "noise_cost": 11.500304717072868, "n_waypoints_completed": 9, "tot_waypoints": 9}}
{"target": -256.8340124969523, "params": {"k_pid_pos": [1.7237592935562134, 0.02132517099380493, 0.0], "k_pid_alt": [1.9129942655563354, 0.07670086622238159, 0.9861559867858887], "k_pid_att": [99.50692749023438, 0.2833932638168335, 0.9921027421951294], "k_pid_yaw": [0.5, 1e-06, 0.1], "k_pid_hsp": [9.794500350952148, 0.9705305099487305, 0.029471784830093384], "k_pid_vsp": [7.079970836639404, 374.61627197265625, 5.557394981384277]}, "datetime": {"datetime": "2025-08-20 23:30:52", "elapsed": 41906.54382252693, "delta": 16.74284315109253}, "costs": {"total_cost": 256.8340124969523, "time_cost": 76.304, "final_distance_cost": 1.7398623887580145, "oscillation_cost": 99.26722625218063, "completition_cost": 0.0, "overshoot_cost": 51.64195704632976, "power_cost": 15.954312072753908, "noise_cost": 11.926654736929995, "n_waypoints_completed": 9, "tot_waypoints": 9}}
{"target": -224.61039550664023, "params": {"k_pid_pos": [1.9610029458999634, 0.12297055125236511, 0.030008822679519653], "k_pid_alt": [1.7972469329833984, 0.024740517139434814, 0.9751776456832886], "k_pid_att": [99.3353271484375, 0.4966559410095215, 0.9768781661987305], "k_pid_yaw": [0.5, 1e-06, 0.1], "k_pid_hsp": [9.882761001586914, 0.973712682723999, 0.015049725770950317], "k_pid_vsp": [362.4283447265625, 396.82666015625, 4.0814290046691895]}, "datetime": {"datetime": "2025-08-20 23:31:10", "elapsed": 41924.682007074356, "delta": 18.138184547424316}, "costs": {"total_cost": 224.61039550664023, "time_cost": 70.112, "final_distance_cost": 1.7751746725859434, "oscillation_cost": 76.99349826963912, "completition_cost": 0.0, "overshoot_cost": 50.48689756107611, "power_cost": 13.473513378906251, "noise_cost": 11.769311624432783, "n_waypoints_completed": 9, "tot_waypoints": 9}}
{"target": -254.02745348010637, "params": {"k_pid_pos": [1.59347665309906, 0.03286612033843994, 0.0], "k_pid_alt": [1.9648902416229248, 0.049045681953430176, 0.9717329740524292], "k_pid_att": [98.15550231933594, 0.0929771140217781, 0.9959667921066284], "k_pid_yaw": [0.5, 1e-06, 0.1], "k_pid_hsp": [9.907615661621094, 0.9625666737556458, 0.09693676233291626], "k_pid_vsp": [400.0, 392.59954833984375, 9.474766731262207]}, "datetime": {"datetime": "2025-08-20 23:31:26", "elapsed": 41941.004868507385, "delta": 16.322861433029175}, "costs": {"total_cost": 254.02745348010637, "time_cost": 72.83200000000001, "final_distance_cost": 1.7698832587577595, "oscillation_cost": 100.76479209211298, "completition_cost": 0.0, "overshoot_cost": 52.04324727544544, "power_cost": 14.243450000000001, "noise_cost": 12.374080853790192, "n_waypoints_completed": 9, "tot_waypoints": 9}}
{"target": -224.43320093256824, "params": {"k_pid_pos": [1.9771406650543213, 0.034490764141082764, 0.0], "k_pid_alt": [1.9741380214691162, 0.024099528789520264, 0.9628845453262329], "k_pid_att": [97.37071990966797, 0.039615996181964874, 0.8745623826980591], "k_pid_yaw": [0.5, 1e-06, 0.1], "k_pid_hsp": [9.91413402557373, 0.9373668432235718, 0.026449471712112427], "k_pid_vsp": [400.0, 385.265380859375, 8.734251022338867]}, "datetime": {"datetime": "2025-08-20 23:31:43", "elapsed": 41957.83532309532, "delta": 16.8304545879364}, "costs": {"total_cost": 224.43320093256824, "time_cost": 69.70400000000001, "final_distance_cost": 1.7611851446448967, "oscillation_cost": 76.28924636561527, "completition_cost": 0.0, "overshoot_cost": 51.04983293046704, "power_cost": 13.825884020996094, "noise_cost": 11.803052470844946, "n_waypoints_completed": 9, "tot_waypoints": 9}}
{"target": -269.76857194047653, "params": {"k_pid_pos": [1.9719457626342773, 0.009210199117660522, 0.0], "k_pid_alt": [1.9485390186309814, 0.14385202527046204, 0.917924165725708], "k_pid_att": [99.41337585449219, 0.17657744884490967, 0.9745936393737793], "k_pid_yaw": [0.5, 1e-06, 0.1], "k_pid_hsp": [9.541629791259766, 0.9709588289260864, 0.0098477303981781], "k_pid_vsp": [400.0, 386.73895263671875, 10.498405456542969]}, "datetime": {"datetime": "2025-08-20 23:32:06", "elapsed": 41980.96129441261, "delta": 23.12597131729126}, "costs": {"total_cost": 269.76857194047653, "time_cost": 98.736, "final_distance_cost": 1.7393977076089107, "oscillation_cost": 79.56885016601025, "completition_cost": 0.0, "overshoot_cost": 52.257655895411844, "power_cost": 21.10671776123047, "noise_cost": 16.35995041021505, "n_waypoints_completed": 9, "tot_waypoints": 9}}
{"target": -300.07670496854587, "params": {"k_pid_pos": [1.9950494766235352, 0.007428526878356934, 0.0002945363521575928], "k_pid_alt": [1.9223641157150269, 0.15141665935516357, 0.9685406684875488], "k_pid_att": [97.83026885986328, 0.13297292590141296, 0.846559464931488], "k_pid_yaw": [0.5, 1e-06, 0.1], "k_pid_hsp": [9.341238021850586, 0.9612184762954712, 0.08010318875312805], "k_pid_vsp": [399.9987487792969, 397.3864440917969, 20.496036529541016]}, "datetime": {"datetime": "2025-08-20 23:32:29", "elapsed": 42004.28789973259, "delta": 23.326605319976807}, "costs": {"total_cost": 300.07670496854587, "time_cost": 98.552, "final_distance_cost": 1.781267151966814, "oscillation_cost": 114.50770916489914, "completition_cost": 0.0, "overshoot_cost": 51.97231982647173, "power_cost": 18.395489709472656, "noise_cost": 14.867919115735507, "n_waypoints_completed": 9, "tot_waypoints": 9}}
{"target": -197.85295404971288, "params": {"k_pid_pos": [1.6204123497009277, 0.004744410514831543, 1.4901161193847656e-06], "k_pid_alt": [1.961869716644287, 0.01597556471824646, 0.9581068754196167], "k_pid_att": [97.79830932617188, 0.15654394030570984, 0.984778106212616], "k_pid_yaw": [0.5, 1e-06, 0.1], "k_pid_hsp": [8.891620635986328, 0.9837226271629333, 0.0005914866924285889], "k_pid_vsp": [400.0, 387.1615905761719, 49.738121032714844]}, "datetime": {"datetime": "2025-08-20 23:32:44", "elapsed": 42018.91875052452, "delta": 14.630850791931152}, "costs": {"total_cost": 197.85295404971288, "time_cost": 68.608, "final_distance_cost": 1.7984559225069985, "oscillation_cost": 52.830933812282424, "completition_cost": 0.0, "overshoot_cost": 49.44821930807561, "power_cost": 14.20332822265625, "noise_cost": 10.964016784191577, "n_waypoints_completed": 9, "tot_waypoints": 9}}
