{"target": -280.32653940160475, "params": {"k_pid_pos": [1.9931522607803345, 0.036465585231781006, 0.0], "k_pid_alt": [1.6979702711105347, 0.10601338744163513, 0.9478863477706909], "k_pid_att": [91.11137390136719, 0.3155377209186554, 0.9773900508880615], "k_pid_yaw": [0.5, 1e-06, 0.1], "k_pid_hsp": [9.88156795501709, 0.8927261829376221, 0.011895298957824707], "k_pid_vsp": [400.0, 377.2060852050781, 8.464456558227539]}, "datetime": {"datetime": "2025-08-20 18:15:15", "elapsed": 22970.052280664444, "delta": 22.374451160430908}, "costs": {"total_cost": 280.32653940160475, "time_cost": 99.768, "final_distance_cost": 1.7773936175580491, "oscillation_cost": 91.86267836753234, "completition_cost": 0.0, "overshoot_cost": 52.00587168523687, "power_cost": 19.073716235351565, "noise_cost": 15.838879495925957, "n_waypoints_completed": 9, "tot_waypoints": 9}}
{"target": -209.75418987026544, "params": {"k_pid_pos": [1.9491318464279175, 0.10937440395355225, 0.0], "k_pid_alt": [1.775200605392456, 0.008592754602432251, 0.9000352025032043], "k_pid_att": [90.27335357666016, 0.1282278448343277, 0.990286111831665], "k_pid_yaw": [0.5, 1e-06, 0.1], "k_pid_hsp": [9.356261253356934, 0.9312814474105835, 0.010041594505310059], "k_pid_vsp": [400.0, 392.8077697753906, 5.021883010864258]}, "datetime": {"datetime": "2025-08-20 18:15:31", "elapsed": 22985.580936193466, "delta": 15.528655529022217}, "costs": {"total_cost": 209.75418987026544, "time_cost": 70.568, "final_distance_cost": 1.7253871329606223, "oscillation_cost": 61.947474915626145, "completition_cost": 0.0, "overshoot_cost": 50.64020914363069, "power_cost": 13.192596899414063, "noise_cost": 11.6805217786339, "n_waypoints_completed": 9, "tot_waypoints": 9}}
{"target": -280.99899584523786, "params": {"k_pid_pos": [1.9253143072128296, 0.015638768672943115, 0.0], "k_pid_alt": [1.9914734363555908, 0.08128044009208679, 0.9878767132759094], "k_pid_att": [96.64043426513672, 1.386401653289795, 0.9130369424819946], "k_pid_yaw": [0.5, 1e-06, 0.1], "k_pid_hsp": [9.864219665527344, 0.9739134907722473, 0.08678007125854492], "k_pid_vsp": [400.0, 380.7473449707031, 49.84259796142578]}, "datetime": {"datetime": "2025-08-20 18:15:49", "elapsed": 23004.0847055912, "delta": 18.503769397735596}, "costs": {"total_cost": 280.99899584523786, "time_cost": 80.608, "final_distance_cost": 1.784611757584084, "oscillation_cost": 114.60472677459853, "completition_cost": 0.0, "overshoot_cost": 53.139129596653305, "power_cost": 17.28219327392578, "noise_cost": 13.580334442476136, "n_waypoints_completed": 9, "tot_waypoints": 9}}
{"target": -290.02419063259055, "params": {"k_pid_pos": [1.9921592473983765, 0.05195775628089905, 0.9957889318466187], "k_pid_alt": [1.9521809816360474, 0.003829479217529297, 0.9666064381599426], "k_pid_att": [96.53326416015625, 2.1717190742492676, 0.9782265424728394], "k_pid_yaw": [0.5, 1e-06, 0.1], "k_pid_hsp": [9.549055099487305, 0.996795117855072, 0.03016883134841919], "k_pid_vsp": [399.99981689453125, 369.34698486328125, 26.543977737426758]}, "datetime": {"datetime": "2025-08-20 18:16:06", "elapsed": 23021.116320371628, "delta": 17.031614780426025}, "costs": {"total_cost": 290.02419063259055, "time_cost": 69.904, "final_distance_cost": 1.8458728026527118, "oscillation_cost": 141.29566607082336, "completition_cost": 0.0, "overshoot_cost": 50.15111837249278, "power_cost": 14.535059106445313, "noise_cost": 12.292474280176432, "n_waypoints_completed": 9, "tot_waypoints": 9}}
{"target": -208.70722424818865, "params": {"k_pid_pos": [1.9644464254379272, 0.03850838541984558, 0.0], "k_pid_alt": [1.9513232707977295, 0.056773990392684937, 0.931241512298584], "k_pid_att": [98.62939453125, 0.2551376521587372, 0.9913778901100159], "k_pid_yaw": [0.5, 1e-06, 0.1], "k_pid_hsp": [7.905846118927002, 0.9595999717712402, 0.01403796672821045], "k_pid_vsp": [399.4947814941406, 393.31402587890625, 11.32358455657959]}, "datetime": {"datetime": "2025-08-20 18:16:21", "elapsed": 23036.13337945938, "delta": 15.017059087753296}, "costs": {"total_cost": 208.70722424818865, "time_cost": 70.128, "final_distance_cost": 1.7908930570869108, "oscillation_cost": 59.7967250765398, "completition_cost": 0.0, "overshoot_cost": 50.773662703959836, "power_cost": 14.479210009765625, "noise_cost": 11.738733400836455, "n_waypoints_completed": 9, "tot_waypoints": 9}}
{"target": -242.1243970143858, "params": {"k_pid_pos": [1.8688905239105225, 0.029378175735473633, 0.0], "k_pid_alt": [1.815934181213379, 0.0031585693359375, 0.9635259509086609], "k_pid_att": [99.69632720947266, 0.537822425365448, 0.9368162751197815], "k_pid_yaw": [0.5, 1e-06, 0.1], "k_pid_hsp": [9.162736892700195, 0.9714106321334839, 0.12658295035362244], "k_pid_vsp": [400.0, 394.2190246582031, 7.114673614501953]}, "datetime": {"datetime": "2025-08-20 18:16:37", "elapsed": 23051.945567131042, "delta": 15.812187671661377}, "costs": {"total_cost": 242.1243970143858, "time_cost": 69.424, "final_distance_cost": 1.7484189858673966, "oscillation_cost": 95.31179767464504, "completition_cost": 0.0, "overshoot_cost": 49.63356069100121, "power_cost": 14.02615867919922, "noise_cost": 11.980460983672922, "n_waypoints_completed": 9, "tot_waypoints": 9}}
{"target": -215.6106212907037, "params": {"k_pid_pos": [1.6238900423049927, 0.03568112850189209, 0.1526472568511963], "k_pid_alt": [1.9492945671081543, 0.013492047786712646, 0.9762061834335327], "k_pid_att": [90.42670440673828, 0.028844349086284637, 0.9088279008865356], "k_pid_yaw": [0.5, 1e-06, 0.1], "k_pid_hsp": [9.312501907348633, 0.9673063158988953, 0.0436188280582428], "k_pid_vsp": [399.9076232910156, 383.9646911621094, 11.310137748718262]}, "datetime": {"datetime": "2025-08-20 18:16:52", "elapsed": 23067.150634527206, "delta": 15.20506739616394}, "costs": {"total_cost": 215.6106212907037, "time_cost": 68.736, "final_distance_cost": 1.7840295923275644, "oscillation_cost": 70.50700277279489, "completition_cost": 0.0, "overshoot_cost": 49.642595934665536, "power_cost": 13.532114135742189, "noise_cost": 11.408878855173532, "n_waypoints_completed": 9, "tot_waypoints": 9}}
{"target": -210.39823763507388, "params": {"k_pid_pos": [1.9822722673416138, 0.0462014377117157, 0.0], "k_pid_alt": [1.719277024269104, 0.015224277973175049, 0.9378200173377991], "k_pid_att": [98.82547760009766, 0.7385241389274597, 0.9243025779724121], "k_pid_yaw": [0.5, 1e-06, 0.1], "k_pid_hsp": [9.908797264099121, 0.9851337671279907, 0.002176344394683838], "k_pid_vsp": [400.0, 392.0683288574219, 18.37444496154785]}, "datetime": {"datetime": "2025-08-20 18:17:08", "elapsed": 23082.82793736458, "delta": 15.677302837371826}, "costs": {"total_cost": 210.39823763507388, "time_cost": 70.032, "final_distance_cost": 1.7506657212290295, "oscillation_cost": 61.96165441234605, "completition_cost": 0.0, "overshoot_cost": 50.548617695659104, "power_cost": 14.526006799316407, "noise_cost": 11.57929300652329, "n_waypoints_completed": 9, "tot_waypoints": 9}}
{"target": -266.67758712490803, "params": {"k_pid_pos": [1.9411665201187134, 0.03784093260765076, 0.0], "k_pid_alt": [1.9880998134613037, 0.09711208939552307, 0.9908599853515625], "k_pid_att": [97.41130828857422, 0.16642539203166962, 0.993323802947998], "k_pid_yaw": [0.5, 1e-06, 0.1], "k_pid_hsp": [9.843888282775879, 0.9617891311645508, 0.006781935691833496], "k_pid_vsp": [400.0, 398.0315856933594, 4.091561794281006]}, "datetime": {"datetime": "2025-08-20 18:17:30", "elapsed": 23104.819642066956, "delta": 21.99170470237732}, "costs": {"total_cost": 266.67758712490803, "time_cost": 96.184, "final_distance_cost": 1.8049061062879592, "oscillation_cost": 84.33026383117594, "completition_cost": 0.0, "overshoot_cost": 51.77799491120693, "power_cost": 17.474427197265626, "noise_cost": 15.105995078971572, "n_waypoints_completed": 9, "tot_waypoints": 9}}
{"target": -231.30073037896096, "params": {"k_pid_pos": [1.8471354246139526, 0.007284402847290039, 0.0], "k_pid_alt": [1.8373692035675049, 0.02225920557975769, 0.9424334168434143], "k_pid_att": [99.15869140625, 0.19023244082927704, 0.9761372804641724], "k_pid_yaw": [0.5, 1e-06, 0.1], "k_pid_hsp": [9.107287406921387, 0.9181309938430786, 0.09038761258125305], "k_pid_vsp": [400.0, 386.2832946777344, 3.111482620239258]}, "datetime": {"datetime": "2025-08-20 18:17:45", "elapsed": 23119.725165128708, "delta": 14.90552306175232}, "costs": {"total_cost": 231.30073037896096, "time_cost": 69.464, "final_distance_cost": 1.7930828786606647, "oscillation_cost": 83.92598132318315, "completition_cost": 0.0, "overshoot_cost": 50.7802074131881, "power_cost": 13.585527087402344, "noise_cost": 11.75193167652672, "n_waypoints_completed": 9, "tot_waypoints": 9}}
{"target": -227.05284728890405, "params": {"k_pid_pos": [1.966338872909546, 0.014582693576812744, 2.9802322387695312e-08], "k_pid_alt": [1.9777436256408691, 0.00546690821647644, 0.9941506385803223], "k_pid_att": [95.93429565429688, 1.8980103731155396, 0.9320542812347412], "k_pid_yaw": [0.5, 1e-06, 0.1], "k_pid_hsp": [9.530658721923828, 0.9888595342636108, 0.03713107109069824], "k_pid_vsp": [400.0, 399.235107421875, 9.149325370788574]}, "datetime": {"datetime": "2025-08-20 18:18:01", "elapsed": 23136.1683447361, "delta": 16.443179607391357}, "costs": {"total_cost": 227.05284728890405, "time_cost": 69.664, "final_distance_cost": 1.7573085226090928, "oscillation_cost": 81.09139273186575, "completition_cost": 0.0, "overshoot_cost": 49.62731513167004, "power_cost": 13.367744921875001, "noise_cost": 11.545085980884156, "n_waypoints_completed": 9, "tot_waypoints": 9}}
{"target": -225.5316498122733, "params": {"k_pid_pos": [1.9266685247421265, 0.012601315975189209, 0.004852205514907837], "k_pid_alt": [1.8297276496887207, 0.026848137378692627, 0.9877219200134277], "k_pid_att": [98.38644409179688, 0.2680613100528717, 0.9311618804931641], "k_pid_yaw": [0.5, 1e-06, 0.1], "k_pid_hsp": [9.802485466003418, 0.8984225392341614, 0.0422893762588501], "k_pid_vsp": [400.0, 388.66021728515625, 2.512753963470459]}, "datetime": {"datetime": "2025-08-20 18:18:17", "elapsed": 23152.10888338089, "delta": 15.94053864479065}, "costs": {"total_cost": 225.5316498122733, "time_cost": 69.952, "final_distance_cost": 1.7920908078142348, "oscillation_cost": 78.15077088444149, "completition_cost": 0.0, "overshoot_cost": 50.97413802305929, "power_cost": 13.110584326171876, "noise_cost": 11.55206577078642, "n_waypoints_completed": 9, "tot_waypoints": 9}}
{"target": -429.5620580688064, "params": {"k_pid_pos": [1.7240519523620605, 0.00990566611289978, 4.947185516357422e-06], "k_pid_alt": [1.9567174911499023, 0.24091589450836182, 0.9896939992904663], "k_pid_att": [95.89933013916016, 0.30379989743232727, 0.9771522283554077], "k_pid_yaw": [0.5, 1e-06, 0.1], "k_pid_hsp": [9.916386604309082, 0.9828683137893677, 0.00433039665222168], "k_pid_vsp": [399.9999694824219, 387.5048522949219, 44.475067138671875]}, "datetime": {"datetime": "2025-08-20 18:18:39", "elapsed": 23173.737817287445, "delta": 21.628933906555176}, "costs": {"total_cost": 429.5620580688064, "time_cost": 150, "final_distance_cost": 8.455976643882781, "oscillation_cost": 77.98045282635812, "completition_cost": 111.11111111111116, "overshoot_cost": 51.187329270392176, "power_cost": 17.353245507812503, "noise_cost": 13.47394270924961, "n_waypoints_completed": 8, "tot_waypoints": 9}}
{"target": -217.21244862010005, "params": {"k_pid_pos": [1.7786277532577515, 0.04565194249153137, 6.556510925292969e-07], "k_pid_alt": [1.7520265579223633, 0.021669328212738037, 0.993095338344574], "k_pid_att": [97.48128509521484, 0.18082097172737122, 0.9253183603286743], "k_pid_yaw": [0.5, 1e-06, 0.1], "k_pid_hsp": [9.819619178771973, 0.9860486388206482, 0.02451014518737793], "k_pid_vsp": [400.0, 395.4381103515625, 21.872785568237305]}, "datetime": {"datetime": "2025-08-20 18:18:55", "elapsed": 23189.592767953873, "delta": 15.854950666427612}, "costs": {"total_cost": 217.21244862010005, "time_cost": 69.47200000000001, "final_distance_cost": 1.7879620731209946, "oscillation_cost": 69.46849913522931, "completition_cost": 0.0, "overshoot_cost": 50.15548332712855, "power_cost": 14.57921629638672, "noise_cost": 11.749287788234456, "n_waypoints_completed": 9, "tot_waypoints": 9}}
{"target": -211.7119970804651, "params": {"k_pid_pos": [1.802100419998169, 0.0441325306892395, 0.0], "k_pid_alt": [1.878326416015625, 0.0078468918800354, 0.9104467630386353], "k_pid_att": [98.76948547363281, 0.9590275287628174, 0.8935904502868652], "k_pid_yaw": [0.5, 1e-06, 0.1], "k_pid_hsp": [9.693939208984375, 0.9966146945953369, 0.008756965398788452], "k_pid_vsp": [400.0, 394.35400390625, 5.390430450439453]}, "datetime": {"datetime": "2025-08-20 18:19:11", "elapsed": 23205.641457796097, "delta": 16.04868984222412}, "costs": {"total_cost": 211.7119970804651, "time_cost": 69.632, "final_distance_cost": 1.7971058991512818, "oscillation_cost": 66.02259852214982, "completition_cost": 0.0, "overshoot_cost": 49.89362256341785, "power_cost": 12.911485083007813, "noise_cost": 11.455185012738314, "n_waypoints_completed": 9, "tot_waypoints": 9}}
{"target": -217.85271233702164, "params": {"k_pid_pos": [1.7916655540466309, 0.022476255893707275, 0.0], "k_pid_alt": [1.9440343379974365, 0.011287540197372437, 0.7812219858169556], "k_pid_att": [97.95582580566406, 0.341416597366333, 0.9888660907745361], "k_pid_yaw": [0.5, 1e-06, 0.1], "k_pid_hsp": [9.186657905578613, 0.9956218600273132, 0.00723692774772644], "k_pid_vsp": [0.0, 397.95123291015625, 38.06941604614258]}, "datetime": {"datetime": "2025-08-20 18:19:25", "elapsed": 23220.31246638298, "delta": 14.671008586883545}, "costs": {"total_cost": 217.85271233702164, "time_cost": 68.48, "final_distance_cost": 1.801941170681834, "oscillation_cost": 70.03703427962668, "completition_cost": 0.0, "overshoot_cost": 50.63957123509505, "power_cost": 15.35486853027344, "noise_cost": 11.539297121344628, "n_waypoints_completed": 9, "tot_waypoints": 9}}
{"target": -246.07746637735747, "params": {"k_pid_pos": [1.9743300676345825, 0.044219404458999634, 1.0], "k_pid_alt": [1.9311572313308716, 0.04192298650741577, 0.9616990685462952], "k_pid_att": [98.11894226074219, 0.10714201629161835, 0.9874780178070068], "k_pid_yaw": [0.5, 1e-06, 0.1], "k_pid_hsp": [9.868156433105469, 0.9600930213928223, 0.01102420687675476], "k_pid_vsp": [399.99981689453125, 359.2303161621094, 8.03883171081543]}, "datetime": {"datetime": "2025-08-20 18:19:42", "elapsed": 23236.579079389572, "delta": 16.266613006591797}, "costs": {"total_cost": 246.07746637735747, "time_cost": 69.816, "final_distance_cost": 1.8521648650855052, "oscillation_cost": 98.58653043061211, "completition_cost": 0.0, "overshoot_cost": 50.17459269900418, "power_cost": 13.46811600341797, "noise_cost": 12.180062379237707, "n_waypoints_completed": 9, "tot_waypoints": 9}}
{"target": -222.75546480527487, "params": {"k_pid_pos": [1.9574329853057861, 0.03200492262840271, 0.0], "k_pid_alt": [1.8862123489379883, 0.023591041564941406, 0.9643574953079224], "k_pid_att": [86.57418060302734, 0.31464633345603943, 0.981869101524353], "k_pid_yaw": [0.5, 1e-06, 0.1], "k_pid_hsp": [9.135880470275879, 0.9596936702728271, 0.007601946592330933], "k_pid_vsp": [399.9878234863281, 364.4541320800781, 9.3970308303833]}, "datetime": {"datetime": "2025-08-20 18:19:57", "elapsed": 23251.58129453659, "delta": 15.002215147018433}, "costs": {"total_cost": 222.75546480527487, "time_cost": 69.88, "final_distance_cost": 1.7337612325014864, "oscillation_cost": 74.02858735939729, "completition_cost": 0.0, "overshoot_cost": 50.34928321334703, "power_cost": 14.652158544921877, "noise_cost": 12.111674455107151, "n_waypoints_completed": 9, "tot_waypoints": 9}}
{"target": -248.5513366156084, "params": {"k_pid_pos": [1.930388331413269, 0.048465847969055176, 1.430511474609375e-06], "k_pid_alt": [1.9636179208755493, 0.01162654161453247, 0.9827384948730469], "k_pid_att": [99.4190902709961, 0.6544100046157837, 0.9835861921310425], "k_pid_yaw": [0.5, 1e-06, 0.1], "k_pid_hsp": [9.37612247467041, 0.9882009625434875, 0.024221271276474], "k_pid_vsp": [0.006639957427978516, 397.28765869140625, 2.9855380058288574]}, "datetime": {"datetime": "2025-08-20 18:20:14", "elapsed": 23269.435096025467, "delta": 17.853801488876343}, "costs": {"total_cost": 248.5513366156084, "time_cost": 77.648, "final_distance_cost": 1.7868207789472248, "oscillation_cost": 89.82119496097688, "completition_cost": 0.0, "overshoot_cost": 50.88789467233588, "power_cost": 16.56576032714844, "noise_cost": 11.841665876199956, "n_waypoints_completed": 9, "tot_waypoints": 9}}
{"target": -232.02864178149352, "params": {"k_pid_pos": [1.9398068189620972, 0.020918160676956177, 0.0], "k_pid_alt": [1.933773159980774, 0.039124131202697754, 0.9973741769790649], "k_pid_att": [98.36280059814453, 0.1279265433549881, 0.9793931841850281], "k_pid_yaw": [0.5, 1e-06, 0.1], "k_pid_hsp": [9.878728866577148, 0.9815272092819214, 0.05831289291381836], "k_pid_vsp": [400.0, 396.91473388671875, 0.6701598763465881]}, "datetime": {"datetime": "2025-08-20 18:20:30", "elapsed": 23285.306504249573, "delta": 15.871408224105835}, "costs": {"total_cost": 232.02864178149352, "time_cost": 69.672, "final_distance_cost": 1.792607958868041, "oscillation_cost": 84.60438998928055, "completition_cost": 0.0, "overshoot_cost": 50.786616679999526, "power_cost": 13.449437280273438, "noise_cost": 11.723589873071981, "n_waypoints_completed": 9, "tot_waypoints": 9}}
{"target": -287.3441043683671, "params": {"k_pid_pos": [1.9197630882263184, 0.06264668703079224, 0.6033481359481812], "k_pid_alt": [1.9892659187316895, 0.041759997606277466, 0.956628143787384], "k_pid_att": [96.10035705566406, 0.13551384210586548, 0.9819003343582153], "k_pid_yaw": [0.5, 1e-06, 0.1], "k_pid_hsp": [9.81790828704834, 0.9965918064117432, 0.0166454017162323], "k_pid_vsp": [0.02257823944091797, 377.5726318359375, 17.25776481628418]}, "datetime": {"datetime": "2025-08-20 18:20:47", "elapsed": 23301.909874916077, "delta": 16.603370666503906}, "costs": {"total_cost": 287.3441043683671, "time_cost": 77.70400000000001, "final_distance_cost": 1.824777888046449, "oscillation_cost": 127.67083266639722, "completition_cost": 0.0, "overshoot_cost": 51.69424505694653, "power_cost": 16.348756079101562, "noise_cost": 12.101492677875308, "n_waypoints_completed": 9, "tot_waypoints": 9}}
{"target": -232.50417049597846, "params": {"k_pid_pos": [1.9445077180862427, 0.01451784372329712, 2.4437904357910156e-06], "k_pid_alt": [1.7098220586776733, 0.044231414794921875, 0.9833787679672241], "k_pid_att": [97.42750549316406, 0.4900738596916199, 0.9790283441543579], "k_pid_yaw": [0.5, 1e-06, 0.1], "k_pid_hsp": [9.835748672485352, 0.9635529518127441, 0.056594252586364746], "k_pid_vsp": [399.97998046875, 380.9888000488281, 9.565604209899902]}, "datetime": {"datetime": "2025-08-20 18:21:04", "elapsed": 23318.56373977661, "delta": 16.653864860534668}, "costs": {"total_cost": 232.50417049597846, "time_cost": 69.664, "final_distance_cost": 1.787720202802648, "oscillation_cost": 85.00127097890677, "completition_cost": 0.0, "overshoot_cost": 50.38172163316225, "power_cost": 13.818826879882813, "noise_cost": 11.850630801223973, "n_waypoints_completed": 9, "tot_waypoints": 9}}
{"target": -234.6704337447352, "params": {"k_pid_pos": [1.9722034931182861, 0.03402829170227051, 8.642673492431641e-07], "k_pid_alt": [1.9461157321929932, 0.02790817618370056, 0.9762213826179504], "k_pid_att": [99.60254669189453, 0.09878344088792801, 0.8010947704315186], "k_pid_yaw": [0.5, 1e-06, 0.1], "k_pid_hsp": [9.977170944213867, 0.9833322763442993, 0.05088460445404053], "k_pid_vsp": [400.0, 388.01568603515625, 48.29393768310547]}, "datetime": {"datetime": "2025-08-20 18:21:19", "elapsed": 23333.83501815796, "delta": 15.271278381347656}, "costs": {"total_cost": 234.6704337447352, "time_cost": 69.44, "final_distance_cost": 1.741438749522011, "oscillation_cost": 88.33947815284364, "completition_cost": 0.0, "overshoot_cost": 50.37855926927958, "power_cost": 13.637866430664063, "noise_cost": 11.133091142425904, "n_waypoints_completed": 9, "tot_waypoints": 9}}
{"target": -206.27313036104474, "params": {"k_pid_pos": [1.9772961139678955, 0.04167664051055908, 0.0], "k_pid_alt": [1.991747498512268, 0.0076754093170166016, 0.9736428260803223], "k_pid_att": [98.95279693603516, 0.6354281902313232, 0.9789221286773682], "k_pid_yaw": [0.5, 1e-06, 0.1], "k_pid_hsp": [9.854214668273926, 0.984085202217102, 0.0005063414573669434], "k_pid_vsp": [400.0, 381.6044616699219, 5.641866683959961]}, "datetime": {"datetime": "2025-08-20 18:21:36", "elapsed": 23350.572427034378, "delta": 16.737408876419067}, "costs": {"total_cost": 206.27313036104474, "time_cost": 69.84, "final_distance_cost": 1.7861177640122452, "oscillation_cost": 59.57158737436625, "completition_cost": 0.0, "overshoot_cost": 50.245230331209676, "power_cost": 13.20230556640625, "noise_cost": 11.627889325050326, "n_waypoints_completed": 9, "tot_waypoints": 9}}
{"target": -230.93706418105916, "params": {"k_pid_pos": [1.9812819957733154, 0.003506690263748169, 0.04541024565696716], "k_pid_alt": [1.9426900148391724, 0.0319574773311615, 0.7949113249778748], "k_pid_att": [99.05351257324219, 0.10730086266994476, 0.8133846521377563], "k_pid_yaw": [0.5, 1e-06, 0.1], "k_pid_hsp": [9.947081565856934, 0.8966794013977051, 0.09794774651527405], "k_pid_vsp": [400.0, 391.1780700683594, 13.33983039855957]}, "datetime": {"datetime": "2025-08-20 18:21:51", "elapsed": 23366.272864341736, "delta": 15.700437307357788}, "costs": {"total_cost": 230.93706418105916, "time_cost": 69.34400000000001, "final_distance_cost": 1.7714128667322881, "oscillation_cost": 85.93555978473437, "completition_cost": 0.0, "overshoot_cost": 50.244207865294776, "power_cost": 12.71633172607422, "noise_cost": 10.92555193822346, "n_waypoints_completed": 9, "tot_waypoints": 9}}
