{"target": -209.07793144767393, "params": {"k_pid_pos": [1.936336874961853, 0.020803391933441162, 0.0], "k_pid_alt": [1.975528597831726, 0.06515854597091675, 0.9125207662582397], "k_pid_att": [99.69408416748047, 0.12586572766304016, 0.9964585304260254], "k_pid_yaw": [0.5, 1e-06, 0.1], "k_pid_hsp": [9.895459175109863, 0.9893102645874023, 0.0052490234375], "k_pid_vsp": [400.0, 393.327880859375, 5.140031337738037]}, "datetime": {"datetime": "2025-08-20 20:06:01", "elapsed": 29616.216014385223, "delta": 16.129597425460815}, "costs": {"total_cost": 209.07793144767393, "time_cost": 70.288, "final_distance_cost": 1.7673270197236945, "oscillation_cost": 61.25002910641046, "completition_cost": 0.0, "overshoot_cost": 51.36928220717959, "power_cost": 12.941317883300782, "noise_cost": 11.461975231059421, "n_waypoints_completed": 9, "tot_waypoints": 9}}
{"target": -219.21488404583798, "params": {"k_pid_pos": [1.9640077352523804, 0.05076545476913452, 0.0006508231163024902], "k_pid_alt": [1.9680402278900146, 0.008553653955459595, 0.9951395988464355], "k_pid_att": [99.0660400390625, 0.06770022958517075, 0.9396144151687622], "k_pid_yaw": [0.5, 1e-06, 0.1], "k_pid_hsp": [9.76554012298584, 0.9905831813812256, 0.013948261737823486], "k_pid_vsp": [400.0, 388.1134033203125, 3.3798346519470215]}, "datetime": {"datetime": "2025-08-20 20:06:17", "elapsed": 29632.468588590622, "delta": 16.25257420539856}, "costs": {"total_cost": 219.21488404583798, "time_cost": 70.08800000000001, "final_distance_cost": 1.7722381630103163, "oscillation_cost": 72.63602582551401, "completition_cost": 0.0, "overshoot_cost": 49.92721501109905, "power_cost": 13.130195385742189, "noise_cost": 11.66120966047239, "n_waypoints_completed": 9, "tot_waypoints": 9}}
{"target": -217.68031782873234, "params": {"k_pid_pos": [1.9788832664489746, 0.0042081475257873535, 0.0], "k_pid_alt": [1.9881930351257324, 0.047795265913009644, 0.9847383499145508], "k_pid_att": [99.02558135986328, 0.5691449046134949, 0.9701929092407227], "k_pid_yaw": [0.5, 1e-06, 0.1], "k_pid_hsp": [9.612359046936035, 0.981604814529419, 0.034783005714416504], "k_pid_vsp": [400.0, 338.18988037109375, 11.105454444885254]}, "datetime": {"datetime": "2025-08-20 20:06:33", "elapsed": 29647.649562835693, "delta": 15.180974245071411}, "costs": {"total_cost": 217.68031782873234, "time_cost": 69.76, "final_distance_cost": 1.7714597799420213, "oscillation_cost": 72.21606772167321, "completition_cost": 0.0, "overshoot_cost": 50.960582189193595, "power_cost": 12.292966796875001, "noise_cost": 10.679241341048508, "n_waypoints_completed": 9, "tot_waypoints": 9}}
{"target": -210.3579787623691, "params": {"k_pid_pos": [1.9848668575286865, 0.016171813011169434, 0.0], "k_pid_alt": [1.980665922164917, 0.010373890399932861, 0.9956302642822266], "k_pid_att": [97.39676666259766, 0.6115385890007019, 0.9809665679931641], "k_pid_yaw": [0.5, 1e-06, 0.1], "k_pid_hsp": [8.937596321105957, 0.9834343194961548, 0.0064453184604644775], "k_pid_vsp": [400.0, 396.4720153808594, 4.158462047576904]}, "datetime": {"datetime": "2025-08-20 20:06:49", "elapsed": 29663.725227832794, "delta": 16.07566499710083}, "costs": {"total_cost": 210.3579787623691, "time_cost": 69.912, "final_distance_cost": 1.7841725536473714, "oscillation_cost": 63.616364119290054, "completition_cost": 0.0, "overshoot_cost": 50.384243501500926, "power_cost": 13.117962207031251, "noise_cost": 11.543236380899511, "n_waypoints_completed": 9, "tot_waypoints": 9}}
{"target": -273.58558434165525, "params": {"k_pid_pos": [1.9722133874893188, 0.0642964243888855, 0.0], "k_pid_alt": [1.870248794555664, 0.11933112144470215, 0.9954372644424438], "k_pid_att": [96.81400299072266, 0.9998968243598938, 0.9722353219985962], "k_pid_yaw": [0.5, 1e-06, 0.1], "k_pid_hsp": [8.445404052734375, 0.9872951507568359, 0.04633444547653198], "k_pid_vsp": [400.0, 383.9482727050781, 4.620445728302002]}, "datetime": {"datetime": "2025-08-20 20:07:12", "elapsed": 29686.817531347275, "delta": 23.09230351448059}, "costs": {"total_cost": 273.58558434165525, "time_cost": 99.696, "final_distance_cost": 1.7887105105369332, "oscillation_cost": 86.69441886581322, "completition_cost": 0.0, "overshoot_cost": 51.56546373850233, "power_cost": 18.13828037109375, "noise_cost": 15.70271085570903, "n_waypoints_completed": 9, "tot_waypoints": 9}}
{"target": -225.14167613305477, "params": {"k_pid_pos": [1.9600986242294312, 0.04748934507369995, 0.0], "k_pid_alt": [1.9377447366714478, 0.033911049365997314, 0.9940539598464966], "k_pid_att": [98.36861419677734, 0.0832047313451767, 0.9675899744033813], "k_pid_yaw": [0.5, 1e-06, 0.1], "k_pid_hsp": [9.19854736328125, 0.9894906878471375, 0.053736746311187744], "k_pid_vsp": [400.0, 396.6063232421875, 2.421380043029785]}, "datetime": {"datetime": "2025-08-20 20:07:27", "elapsed": 29701.71591281891, "delta": 14.898381471633911}, "costs": {"total_cost": 225.14167613305477, "time_cost": 69.592, "final_distance_cost": 1.7171708495844753, "oscillation_cost": 78.5711037196442, "completition_cost": 0.0, "overshoot_cost": 50.55139725530816, "power_cost": 13.188147070312501, "noise_cost": 11.521857238205438, "n_waypoints_completed": 9, "tot_waypoints": 9}}
{"target": -214.46977619250384, "params": {"k_pid_pos": [1.9728145599365234, 0.027796804904937744, 0.0], "k_pid_alt": [1.8798010349273682, 0.010600894689559937, 0.9757992029190063], "k_pid_att": [90.01905059814453, 0.47783178091049194, 0.9881801009178162], "k_pid_yaw": [0.5, 1e-06, 0.1], "k_pid_hsp": [9.350198745727539, 0.955489993095398, 0.02085012197494507], "k_pid_vsp": [399.997314453125, 390.326416015625, 5.058444499969482]}, "datetime": {"datetime": "2025-08-20 20:07:43", "elapsed": 29718.117475748062, "delta": 16.401562929153442}, "costs": {"total_cost": 214.46977619250384, "time_cost": 69.928, "final_distance_cost": 1.7409476313701977, "oscillation_cost": 68.27581101771604, "completition_cost": 0.0, "overshoot_cost": 49.9539507188365, "power_cost": 13.062721508789062, "noise_cost": 11.508345315792084, "n_waypoints_completed": 9, "tot_waypoints": 9}}
{"target": -211.84514722618937, "params": {"k_pid_pos": [1.8832005262374878, 0.00712054967880249, 0.0], "k_pid_alt": [1.9632890224456787, 0.01010921597480774, 0.9881669282913208], "k_pid_att": [97.43435668945312, 0.7282600402832031, 0.9356262683868408], "k_pid_yaw": [0.5, 1e-06, 0.1], "k_pid_hsp": [9.953676223754883, 0.9952847957611084, 0.025940656661987305], "k_pid_vsp": [400.0, 389.0497741699219, 15.636551856994629]}, "datetime": {"datetime": "2025-08-20 20:07:59", "elapsed": 29733.52897810936, "delta": 15.411502361297607}, "costs": {"total_cost": 211.84514722618937, "time_cost": 69.368, "final_distance_cost": 1.743365946254821, "oscillation_cost": 63.602381183644766, "completition_cost": 0.0, "overshoot_cost": 50.189351473789614, "power_cost": 15.034144750976564, "noise_cost": 11.907903871523581, "n_waypoints_completed": 9, "tot_waypoints": 9}}
{"target": -220.55184229129085, "params": {"k_pid_pos": [1.9744740724563599, 0.008286058902740479, 0.0], "k_pid_alt": [1.8910706043243408, 0.006187260150909424, 0.9954915046691895], "k_pid_att": [98.26872253417969, 0.046231746673583984, 0.9748080968856812], "k_pid_yaw": [0.5, 1e-06, 0.1], "k_pid_hsp": [9.922223091125488, 0.9865212440490723, 0.007587730884552002], "k_pid_vsp": [400.0, 399.0948181152344, 1.4108667373657227]}, "datetime": {"datetime": "2025-08-20 20:08:15", "elapsed": 29749.63619875908, "delta": 16.10722064971924}, "costs": {"total_cost": 220.55184229129085, "time_cost": 70.12, "final_distance_cost": 1.7536375589995308, "oscillation_cost": 73.98327583514954, "completition_cost": 0.0, "overshoot_cost": 50.19532974657953, "power_cost": 12.982160791015625, "noise_cost": 11.51743835954665, "n_waypoints_completed": 9, "tot_waypoints": 9}}
{"target": -235.6458145970821, "params": {"k_pid_pos": [1.7872285842895508, 0.06679520010948181, 0.0], "k_pid_alt": [1.9299933910369873, 0.061821579933166504, 0.9720373153686523], "k_pid_att": [96.84362030029297, 0.08507391810417175, 0.9937021732330322], "k_pid_yaw": [0.5, 1e-06, 0.1], "k_pid_hsp": [8.918485641479492, 0.9803732633590698, 0.06967955827713013], "k_pid_vsp": [400.0, 390.7047424316406, 8.906770706176758]}, "datetime": {"datetime": "2025-08-20 20:08:32", "elapsed": 29766.603115320206, "delta": 16.96691656112671}, "costs": {"total_cost": 235.6458145970821, "time_cost": 77.312, "final_distance_cost": 1.761006547545279, "oscillation_cost": 77.82098782469129, "completition_cost": 0.0, "overshoot_cost": 51.30375250132116, "power_cost": 14.703608447265626, "noise_cost": 12.744459276258754, "n_waypoints_completed": 9, "tot_waypoints": 9}}
{"target": -235.49635755284788, "params": {"k_pid_pos": [1.932093858718872, 0.09419730305671692, 0.0], "k_pid_alt": [1.9665312767028809, 0.0184192955493927, 0.9980453252792358], "k_pid_att": [86.09329223632812, 0.4215533435344696, 0.9891459345817566], "k_pid_yaw": [0.5, 1e-06, 0.1], "k_pid_hsp": [9.181116104125977, 0.9918341636657715, 0.05559772253036499], "k_pid_vsp": [400.0, 349.313720703125, 9.235753059387207]}, "datetime": {"datetime": "2025-08-20 20:08:50", "elapsed": 29785.215045928955, "delta": 18.61193060874939}, "costs": {"total_cost": 235.49635755284788, "time_cost": 69.584, "final_distance_cost": 1.7543532354373041, "oscillation_cost": 88.93223603749594, "completition_cost": 0.0, "overshoot_cost": 49.79689332465929, "power_cost": 13.725377600097657, "noise_cost": 11.703497355157666, "n_waypoints_completed": 9, "tot_waypoints": 9}}
{"target": -223.75689437560845, "params": {"k_pid_pos": [1.9805550575256348, 0.04366078972816467, 0.0], "k_pid_alt": [1.969911813735962, 0.010172992944717407, 0.9515208005905151], "k_pid_att": [96.53935241699219, 0.46080708503723145, 0.9982377290725708], "k_pid_yaw": [0.5, 1e-06, 0.1], "k_pid_hsp": [9.91796588897705, 0.9914345741271973, 0.08109226822853088], "k_pid_vsp": [400.0, 377.3303527832031, 3.6996254920959473]}, "datetime": {"datetime": "2025-08-20 20:09:05", "elapsed": 29800.336857318878, "delta": 15.121811389923096}, "costs": {"total_cost": 223.75689437560845, "time_cost": 69.88, "final_distance_cost": 1.7595632227027647, "oscillation_cost": 75.6972678515868, "completition_cost": 0.0, "overshoot_cost": 50.61709597175806, "power_cost": 13.804506469726563, "noise_cost": 11.99846085983428, "n_waypoints_completed": 9, "tot_waypoints": 9}}
{"target": -214.16162380930123, "params": {"k_pid_pos": [1.956526756286621, 0.011193126440048218, 0.0], "k_pid_alt": [1.961399793624878, 0.009934604167938232, 0.9908554553985596], "k_pid_att": [99.5396499633789, 0.17169499397277832, 0.9939072132110596], "k_pid_yaw": [0.5, 1e-06, 0.1], "k_pid_hsp": [9.87790584564209, 0.9972535371780396, 0.011776536703109741], "k_pid_vsp": [400.0, 397.94818115234375, 9.119284629821777]}, "datetime": {"datetime": "2025-08-20 20:09:22", "elapsed": 29817.48326086998, "delta": 17.146403551101685}, "costs": {"total_cost": 214.16162380930123, "time_cost": 69.928, "final_distance_cost": 1.7846863827361052, "oscillation_cost": 67.27918718720358, "completition_cost": 0.0, "overshoot_cost": 50.62786400255628, "power_cost": 13.192980578613282, "noise_cost": 11.348905658191963, "n_waypoints_completed": 9, "tot_waypoints": 9}}
{"target": -212.39543166932177, "params": {"k_pid_pos": [1.9595215320587158, 0.0846908688545227, 0.0], "k_pid_alt": [1.8696026802062988, 0.013151854276657104, 0.9662768840789795], "k_pid_att": [88.40615844726562, 0.6179504990577698, 0.9812272787094116], "k_pid_yaw": [0.5, 1e-06, 0.1], "k_pid_hsp": [9.710533142089844, 0.9166710376739502, 0.0033308863639831543], "k_pid_vsp": [400.0, 389.1564636230469, 18.186262130737305]}, "datetime": {"datetime": "2025-08-20 20:09:37", "elapsed": 29832.16365504265, "delta": 14.680394172668457}, "costs": {"total_cost": 212.39543166932177, "time_cost": 70.048, "final_distance_cost": 1.7799075193051916, "oscillation_cost": 62.71607592397227, "completition_cost": 0.0, "overshoot_cost": 50.52230301123138, "power_cost": 15.389739196777345, "noise_cost": 11.939406018035596, "n_waypoints_completed": 9, "tot_waypoints": 9}}
{"target": -206.9799278984449, "params": {"k_pid_pos": [1.4192368984222412, 0.02630007266998291, 0.0], "k_pid_alt": [1.9907505512237549, 0.013415336608886719, 0.9127430319786072], "k_pid_att": [96.72932434082031, 0.05248093232512474, 0.9719371795654297], "k_pid_yaw": [0.5, 1e-06, 0.1], "k_pid_hsp": [9.701068878173828, 0.9945797920227051, 0.005249828100204468], "k_pid_vsp": [400.0, 360.53778076171875, 9.050870895385742]}, "datetime": {"datetime": "2025-08-20 20:09:53", "elapsed": 29848.224160432816, "delta": 16.060505390167236}, "costs": {"total_cost": 206.9799278984449, "time_cost": 68.84, "final_distance_cost": 1.7611784629388878, "oscillation_cost": 56.699894047358505, "completition_cost": 0.0, "overshoot_cost": 50.128762953612366, "power_cost": 16.56921796875, "noise_cost": 12.980874465785172, "n_waypoints_completed": 9, "tot_waypoints": 9}}
{"target": -213.57964779952255, "params": {"k_pid_pos": [1.8802776336669922, 0.018871933221817017, 0.0], "k_pid_alt": [1.8923141956329346, 0.05923271179199219, 0.9823701977729797], "k_pid_att": [97.59344482421875, 0.8301323056221008, 0.9701111316680908], "k_pid_yaw": [0.5, 1e-06, 0.1], "k_pid_hsp": [9.926041603088379, 0.96919846534729, 0.007987111806869507], "k_pid_vsp": [400.0, 389.9881286621094, 11.558211326599121]}, "datetime": {"datetime": "2025-08-20 20:10:08", "elapsed": 29863.245850086212, "delta": 15.021689653396606}, "costs": {"total_cost": 213.57964779952255, "time_cost": 69.76, "final_distance_cost": 1.7931312447631482, "oscillation_cost": 63.78658539534318, "completition_cost": 0.0, "overshoot_cost": 51.133496143355785, "power_cost": 15.079552709960938, "noise_cost": 12.02688230609948, "n_waypoints_completed": 9, "tot_waypoints": 9}}
{"target": -213.0457842706137, "params": {"k_pid_pos": [1.791926622390747, 0.04183006286621094, 0.0], "k_pid_alt": [1.925539255142212, 0.034857600927352905, 0.9971557855606079], "k_pid_att": [99.4332046508789, 0.037835922092199326, 0.9841888546943665], "k_pid_yaw": [0.5, 1e-06, 0.1], "k_pid_hsp": [9.737677574157715, 0.9909629821777344, 0.014446258544921875], "k_pid_vsp": [400.0, 397.6494445800781, 14.205409049987793]}, "datetime": {"datetime": "2025-08-20 20:10:26", "elapsed": 29880.519154071808, "delta": 17.273303985595703}, "costs": {"total_cost": 213.0457842706137, "time_cost": 69.47200000000001, "final_distance_cost": 1.7825867077831579, "oscillation_cost": 62.63090105541541, "completition_cost": 0.0, "overshoot_cost": 50.150910764226296, "power_cost": 16.40500626220703, "noise_cost": 12.604379480981818, "n_waypoints_completed": 9, "tot_waypoints": 9}}
{"target": -210.40662789272363, "params": {"k_pid_pos": [1.909592628479004, 0.017871946096420288, 0.0], "k_pid_alt": [1.9480406045913696, 0.007389247417449951, 0.9918264150619507], "k_pid_att": [98.08609008789062, 0.11811511963605881, 0.9657281637191772], "k_pid_yaw": [0.5, 1e-06, 0.1], "k_pid_hsp": [9.842289924621582, 0.9698115587234497, 0.005655258893966675], "k_pid_vsp": [400.0, 387.0121765136719, 7.63682222366333]}, "datetime": {"datetime": "2025-08-20 20:10:40", "elapsed": 29895.324944257736, "delta": 14.805790185928345}, "costs": {"total_cost": 210.40662789272363, "time_cost": 69.8, "final_distance_cost": 1.747427843420227, "oscillation_cost": 63.736549576362755, "completition_cost": 0.0, "overshoot_cost": 50.43841880891978, "power_cost": 13.208902087402345, "noise_cost": 11.475329576618526, "n_waypoints_completed": 9, "tot_waypoints": 9}}
{"target": -222.98403928963592, "params": {"k_pid_pos": [1.9355958700180054, 0.015459001064300537, 0.0], "k_pid_alt": [1.9039102792739868, 0.017114311456680298, 0.9843220710754395], "k_pid_att": [90.97893524169922, 0.21819597482681274, 0.9940958619117737], "k_pid_yaw": [0.5, 1e-06, 0.1], "k_pid_hsp": [9.918013572692871, 0.7690162658691406, 0.017327994108200073], "k_pid_vsp": [399.9989013671875, 386.60455322265625, 9.354342460632324]}, "datetime": {"datetime": "2025-08-20 20:10:57", "elapsed": 29911.841376781464, "delta": 16.516432523727417}, "costs": {"total_cost": 222.98403928963592, "time_cost": 69.592, "final_distance_cost": 1.7897774423735147, "oscillation_cost": 74.47454494235367, "completition_cost": 0.0, "overshoot_cost": 50.54712593886252, "power_cost": 14.501537048339845, "noise_cost": 12.079053917706341, "n_waypoints_completed": 9, "tot_waypoints": 9}}
{"target": -262.6904881534542, "params": {"k_pid_pos": [1.9616574048995972, 0.032440781593322754, 0.0], "k_pid_alt": [1.9462733268737793, 0.12518703937530518, 0.9747952222824097], "k_pid_att": [98.13981628417969, 0.027393586933612823, 0.9832303524017334], "k_pid_yaw": [0.5, 1e-06, 0.1], "k_pid_hsp": [9.5999755859375, 0.9905723333358765, 0.0028730034828186035], "k_pid_vsp": [400.0, 395.5855712890625, 3.7144312858581543]}, "datetime": {"datetime": "2025-08-20 20:11:21", "elapsed": 29936.006752967834, "delta": 24.16537618637085}, "costs": {"total_cost": 262.6904881534542, "time_cost": 99.232, "final_distance_cost": 1.7647217507496775, "oscillation_cost": 76.22003521949969, "completition_cost": 0.0, "overshoot_cost": 52.26759047063368, "power_cost": 17.82632392578125, "noise_cost": 15.379816786789913, "n_waypoints_completed": 9, "tot_waypoints": 9}}
{"target": -225.0331227073432, "params": {"k_pid_pos": [1.9603865146636963, 0.03132382035255432, 0.0], "k_pid_alt": [1.9294790029525757, 0.02637055516242981, 0.9894990921020508], "k_pid_att": [93.11422729492188, 0.3769727945327759, 0.9834424257278442], "k_pid_yaw": [0.5, 1e-06, 0.1], "k_pid_hsp": [9.731181144714355, 0.9435650706291199, 0.0407748818397522], "k_pid_vsp": [400.0, 386.91094970703125, 21.479726791381836]}, "datetime": {"datetime": "2025-08-20 20:11:36", "elapsed": 29950.852516412735, "delta": 14.845763444900513}, "costs": {"total_cost": 225.0331227073432, "time_cost": 69.544, "final_distance_cost": 1.7295308545357246, "oscillation_cost": 76.4634368855946, "completition_cost": 0.0, "overshoot_cost": 50.888632440105056, "power_cost": 14.722019702148438, "noise_cost": 11.685502824959396, "n_waypoints_completed": 9, "tot_waypoints": 9}}
{"target": -217.92553409209475, "params": {"k_pid_pos": [1.949222207069397, 0.01973283290863037, 0.0], "k_pid_alt": [1.9760512113571167, 0.007893115282058716, 0.966446042060852], "k_pid_att": [94.67109680175781, 0.254823237657547, 0.995861291885376], "k_pid_yaw": [0.5, 1e-06, 0.1], "k_pid_hsp": [9.915040016174316, 0.9803755879402161, 0.029140740633010864], "k_pid_vsp": [400.0, 391.5439147949219, 60.43318557739258]}, "datetime": {"datetime": "2025-08-20 20:11:52", "elapsed": 29966.89998602867, "delta": 16.04746961593628}, "costs": {"total_cost": 217.92553409209475, "time_cost": 69.136, "final_distance_cost": 1.7763359954432958, "oscillation_cost": 72.80493083312858, "completition_cost": 0.0, "overshoot_cost": 49.82574531922563, "power_cost": 13.549055786132813, "noise_cost": 10.833466158164443, "n_waypoints_completed": 9, "tot_waypoints": 9}}
{"target": -262.879111718159, "params": {"k_pid_pos": [1.887398600578308, 0.02264958620071411, 0.0], "k_pid_alt": [1.955396056175232, 0.0984494686126709, 0.9908702373504639], "k_pid_att": [98.25881958007812, 0.1136084571480751, 0.9956424236297607], "k_pid_yaw": [0.5, 1e-06, 0.1], "k_pid_hsp": [9.240300178527832, 0.9816592931747437, 0.009934276342391968], "k_pid_vsp": [400.0, 398.57415771484375, 4.994441032409668]}, "datetime": {"datetime": "2025-08-20 20:12:14", "elapsed": 29989.29886841774, "delta": 22.398882389068604}, "costs": {"total_cost": 262.879111718159, "time_cost": 96.792, "final_distance_cost": 1.7891038651876723, "oscillation_cost": 79.73292930058075, "completition_cost": 0.0, "overshoot_cost": 51.88758134762776, "power_cost": 17.475127587890626, "noise_cost": 15.202369616872177, "n_waypoints_completed": 9, "tot_waypoints": 9}}
{"target": -217.25230254521395, "params": {"k_pid_pos": [1.9866338968276978, 0.013532042503356934, 0.0], "k_pid_alt": [1.988183856010437, 0.062353819608688354, 0.9877994060516357], "k_pid_att": [98.93152618408203, 0.22260905802249908, 0.9133601188659668], "k_pid_yaw": [0.5, 1e-06, 0.1], "k_pid_hsp": [9.387006759643555, 0.9421868920326233, 0.05685308575630188], "k_pid_vsp": [400.0, 396.3122253417969, 4.19138765335083]}, "datetime": {"datetime": "2025-08-20 20:12:29", "elapsed": 30004.42966723442, "delta": 15.130798816680908}, "costs": {"total_cost": 217.25230254521395, "time_cost": 69.976, "final_distance_cost": 1.7634008956890832, "oscillation_cost": 69.78639863953997, "completition_cost": 0.0, "overshoot_cost": 50.728328873294174, "power_cost": 13.340970837402345, "noise_cost": 11.657203299288376, "n_waypoints_completed": 9, "tot_waypoints": 9}}
{"target": -246.61942147289048, "params": {"k_pid_pos": [1.9811471700668335, 0.007159233093261719, 0.0], "k_pid_alt": [1.9838957786560059, 0.020391404628753662, 0.9719268083572388], "k_pid_att": [99.67115783691406, 0.4987405836582184, 0.9959094524383545], "k_pid_yaw": [0.5, 1e-06, 0.1], "k_pid_hsp": [9.434733390808105, 0.9769476652145386, 0.1675785481929779], "k_pid_vsp": [400.0, 392.62255859375, 8.182049751281738]}, "datetime": {"datetime": "2025-08-20 20:12:46", "elapsed": 30020.72389149666, "delta": 16.29422426223755}, "costs": {"total_cost": 246.61942147289048, "time_cost": 69.232, "final_distance_cost": 1.7343640507580071, "oscillation_cost": 99.75555499983275, "completition_cost": 0.0, "overshoot_cost": 49.81914956163407, "power_cost": 14.107865942382814, "noise_cost": 11.970486918282829, "n_waypoints_completed": 9, "tot_waypoints": 9}}
