{"target": -223.33127360059962, "params": {"k_pid_pos": [1.8544272184371948, 0.011087417602539062, 0.0], "k_pid_alt": [1.871906042098999, 0.0017699897289276123, 0.9872628450393677], "k_pid_att": [98.14122772216797, 1.4111441373825073, 0.9934191703796387], "k_pid_yaw": [0.5, 1e-06, 0.1], "k_pid_hsp": [9.474112510681152, 0.9686659574508667, 0.0826789140701294], "k_pid_vsp": [400.0, 344.5441589355469, 16.469289779663086]}, "datetime": {"datetime": "2025-08-20 17:54:22", "elapsed": 21717.194110631943, "delta": 16.141098499298096}, "costs": {"total_cost": 223.33127360059962, "time_cost": 69.424, "final_distance_cost": 1.7965577713016285, "oscillation_cost": 77.24056194929862, "completition_cost": 0.0, "overshoot_cost": 49.415924770366296, "power_cost": 13.931409228515626, "noise_cost": 11.522819881117426, "n_waypoints_completed": 9, "tot_waypoints": 9}}
{"target": -272.9275051416343, "params": {"k_pid_pos": [1.8726104497909546, 0.0767066478729248, 1.0], "k_pid_alt": [1.9263362884521484, 0.045575231313705444, 0.9855728149414062], "k_pid_att": [98.19200134277344, 0.308322936296463, 0.924867570400238], "k_pid_yaw": [0.5, 1e-06, 0.1], "k_pid_hsp": [9.99308967590332, 0.9982296228408813, 0.013031631708145142], "k_pid_vsp": [399.9819641113281, 382.040771484375, 21.979476928710938]}, "datetime": {"datetime": "2025-08-20 17:54:37", "elapsed": 21732.390006303787, "delta": 15.195895671844482}, "costs": {"total_cost": 272.9275051416343, "time_cost": 69.872, "final_distance_cost": 1.8493653699081833, "oscillation_cost": 126.36538457806653, "completition_cost": 0.0, "overshoot_cost": 50.273112123999525, "power_cost": 12.968330017089844, "noise_cost": 11.599313052570208, "n_waypoints_completed": 9, "tot_waypoints": 9}}
{"target": -294.3184811724956, "params": {"k_pid_pos": [1.9715917110443115, 0.07763338088989258, 0.9999630451202393], "k_pid_alt": [1.3259142637252808, 0.00887143611907959, 0.6826272010803223], "k_pid_att": [91.86290740966797, 0.0996849536895752, 0.9845964312553406], "k_pid_yaw": [0.5, 1e-06, 0.1], "k_pid_hsp": [9.786286354064941, 0.9792859554290771, 0.04543200135231018], "k_pid_vsp": [400.0, 392.98394775390625, 34.82987976074219]}, "datetime": {"datetime": "2025-08-20 17:54:53", "elapsed": 21748.473074436188, "delta": 16.083068132400513}, "costs": {"total_cost": 294.3184811724956, "time_cost": 70.112, "final_distance_cost": 1.8387804818681623, "oscillation_cost": 144.96441185450843, "completition_cost": 0.0, "overshoot_cost": 50.31296063903149, "power_cost": 14.830183020019533, "noise_cost": 12.260145177067928, "n_waypoints_completed": 9, "tot_waypoints": 9}}
{"target": -227.4177370844578, "params": {"k_pid_pos": [1.827609658241272, 0.069100022315979, 0.0], "k_pid_alt": [1.7602474689483643, 0.06306654214859009, 0.9918695688247681], "k_pid_att": [90.48754119873047, 0.6050864458084106, 0.9912824034690857], "k_pid_yaw": [0.5, 1e-06, 0.1], "k_pid_hsp": [9.454829216003418, 0.9891754388809204, 0.005549728870391846], "k_pid_vsp": [399.99725341796875, 393.4968566894531, 4.773319721221924]}, "datetime": {"datetime": "2025-08-20 17:55:12", "elapsed": 21766.672446727753, "delta": 18.19937229156494}, "costs": {"total_cost": 227.4177370844578, "time_cost": 80.424, "final_distance_cost": 1.791257244870891, "oscillation_cost": 65.98888073738641, "completition_cost": 0.0, "overshoot_cost": 51.54007819140659, "power_cost": 14.687861376953126, "noise_cost": 12.98565953384079, "n_waypoints_completed": 9, "tot_waypoints": 9}}
{"target": -319.991409185186, "params": {"k_pid_pos": [1.954887866973877, 0.04068079590797424, 4.76837158203125e-07], "k_pid_alt": [1.9893794059753418, 0.0541863739490509, 0.7813819646835327], "k_pid_att": [96.50497436523438, 0.4056992828845978, 0.9709498882293701], "k_pid_yaw": [0.5, 1e-06, 0.1], "k_pid_hsp": [8.952059745788574, 0.9472206234931946, 0.05580621957778931], "k_pid_vsp": [0.0034689903259277344, 381.2607421875, 2.8596291542053223]}, "datetime": {"datetime": "2025-08-20 17:55:31", "elapsed": 21785.877981185913, "delta": 19.2055344581604}, "costs": {"total_cost": 319.991409185186, "time_cost": 87.2, "final_distance_cost": 1.753817504242062, "oscillation_cost": 140.23060364841396, "completition_cost": 0.0, "overshoot_cost": 57.587772076098325, "power_cost": 19.24482841796875, "noise_cost": 13.974387538462931, "n_waypoints_completed": 9, "tot_waypoints": 9}}
{"target": -213.18490389675821, "params": {"k_pid_pos": [1.7865697145462036, 0.0698634684085846, 0.0], "k_pid_alt": [1.9566986560821533, 0.04195517301559448, 0.8583558201789856], "k_pid_att": [98.91239166259766, 0.03883756697177887, 0.9826495051383972], "k_pid_yaw": [0.5, 1e-06, 0.1], "k_pid_hsp": [9.488456726074219, 0.9635411500930786, 0.0013078153133392334], "k_pid_vsp": [400.0, 382.79718017578125, 6.736351013183594]}, "datetime": {"datetime": "2025-08-20 17:55:47", "elapsed": 21801.836120843887, "delta": 15.958139657974243}, "costs": {"total_cost": 213.18490389675821, "time_cost": 69.744, "final_distance_cost": 1.7851807875759134, "oscillation_cost": 66.46059741508232, "completition_cost": 0.0, "overshoot_cost": 50.62898695147291, "power_cost": 13.071691552734375, "noise_cost": 11.494447189892727, "n_waypoints_completed": 9, "tot_waypoints": 9}}
{"target": -260.6731214228271, "params": {"k_pid_pos": [1.9771397113800049, 0.037226080894470215, 0.0], "k_pid_alt": [1.8855667114257812, 0.02313801646232605, 0.9822272062301636], "k_pid_att": [97.82806396484375, 0.49049466848373413, 0.9819738864898682], "k_pid_yaw": [0.5, 1e-06, 0.1], "k_pid_hsp": [9.877811431884766, 0.7160799503326416, 0.13640981912612915], "k_pid_vsp": [363.2615051269531, 398.51385498046875, 24.41584014892578]}, "datetime": {"datetime": "2025-08-20 17:56:03", "elapsed": 21818.410217761993, "delta": 16.57409691810608}, "costs": {"total_cost": 260.6731214228271, "time_cost": 71.632, "final_distance_cost": 1.7447379498612394, "oscillation_cost": 110.5538154857182, "completition_cost": 0.0, "overshoot_cost": 49.833494770009985, "power_cost": 14.789868298339844, "noise_cost": 12.119204918897799, "n_waypoints_completed": 9, "tot_waypoints": 9}}
{"target": -209.56292775972867, "params": {"k_pid_pos": [1.7758203744888306, 0.1630508303642273, 0.0], "k_pid_alt": [1.6866296529769897, 0.004026323556900024, 0.9977801442146301], "k_pid_att": [98.4527359008789, 0.43695443868637085, 0.9791985750198364], "k_pid_yaw": [0.5, 1e-06, 0.1], "k_pid_hsp": [9.029096603393555, 0.9212368726730347, 0.008055508136749268], "k_pid_vsp": [400.0, 388.61505126953125, 18.718685150146484]}, "datetime": {"datetime": "2025-08-20 17:56:19", "elapsed": 21833.50093626976, "delta": 15.090718507766724}, "costs": {"total_cost": 209.56292775972867, "time_cost": 70.64, "final_distance_cost": 1.7745743634429807, "oscillation_cost": 58.5431348159089, "completition_cost": 0.0, "overshoot_cost": 49.88108909201354, "power_cost": 16.261756811523437, "noise_cost": 12.462372676839793, "n_waypoints_completed": 9, "tot_waypoints": 9}}
{"target": -220.0008261145589, "params": {"k_pid_pos": [1.9826654195785522, 0.06306898593902588, 0.0], "k_pid_alt": [1.947671890258789, 0.042779505252838135, 0.9725185632705688], "k_pid_att": [84.1891860961914, 0.14142149686813354, 0.9217849969863892], "k_pid_yaw": [0.5, 1e-06, 0.1], "k_pid_hsp": [9.845874786376953, 0.955737829208374, 0.0021008551120758057], "k_pid_vsp": [400.0, 346.9690246582031, 9.24577808380127]}, "datetime": {"datetime": "2025-08-20 17:56:34", "elapsed": 21849.208473443985, "delta": 15.707537174224854}, "costs": {"total_cost": 220.0008261145589, "time_cost": 70.04, "final_distance_cost": 1.7698740442900376, "oscillation_cost": 72.03950196864078, "completition_cost": 0.0, "overshoot_cost": 50.64418300642984, "power_cost": 13.901411315917969, "noise_cost": 11.605855779280274, "n_waypoints_completed": 9, "tot_waypoints": 9}}
{"target": -256.50491949132737, "params": {"k_pid_pos": [1.9593336582183838, 0.09261250495910645, 0.0], "k_pid_alt": [1.871372938156128, 0.08506059646606445, 0.8239473104476929], "k_pid_att": [91.25753784179688, 0.28652605414390564, 0.9971519112586975], "k_pid_yaw": [0.5, 1e-06, 0.1], "k_pid_hsp": [9.67096996307373, 0.9648137092590332, 0.022790521383285522], "k_pid_vsp": [400.0, 379.52178955078125, 169.2098846435547]}, "datetime": {"datetime": "2025-08-20 17:56:53", "elapsed": 21868.385249614716, "delta": 19.17677617073059}, "costs": {"total_cost": 256.50491949132737, "time_cost": 84.08, "final_distance_cost": 1.7646534754496042, "oscillation_cost": 84.26738487340072, "completition_cost": 0.0, "overshoot_cost": 52.77925249161107, "power_cost": 19.471054321289063, "noise_cost": 14.142574329576904, "n_waypoints_completed": 9, "tot_waypoints": 9}}
{"target": -298.13903864778166, "params": {"k_pid_pos": [1.910413146018982, 0.02977415919303894, 0.9999998211860657], "k_pid_alt": [1.8838086128234863, 0.036302417516708374, 0.983245313167572], "k_pid_att": [98.42594909667969, 0.06879575550556183, 0.9108847379684448], "k_pid_yaw": [0.5, 1e-06, 0.1], "k_pid_hsp": [9.382734298706055, 0.9188218712806702, 0.04601067304611206], "k_pid_vsp": [400.0, 383.9127502441406, 15.7418851852417]}, "datetime": {"datetime": "2025-08-20 17:57:09", "elapsed": 21883.510969638824, "delta": 15.125720024108887}, "costs": {"total_cost": 298.13903864778166, "time_cost": 69.92, "final_distance_cost": 1.8536286691373576, "oscillation_cost": 151.31700610566097, "completition_cost": 0.0, "overshoot_cost": 49.66229588132519, "power_cost": 13.39492215576172, "noise_cost": 11.99118583589645, "n_waypoints_completed": 9, "tot_waypoints": 9}}
{"target": -206.0656269112405, "params": {"k_pid_pos": [1.9253982305526733, 0.07663822174072266, 0.0], "k_pid_alt": [1.9143428802490234, 0.019030213356018066, 0.9899802803993225], "k_pid_att": [80.66800689697266, 1.0541532039642334, 0.9153720736503601], "k_pid_yaw": [0.5, 1e-06, 0.1], "k_pid_hsp": [9.663582801818848, 0.9985848665237427, 0.015400320291519165], "k_pid_vsp": [400.0, 377.4513854980469, 13.33931827545166]}, "datetime": {"datetime": "2025-08-20 17:57:24", "elapsed": 21899.187224149704, "delta": 15.676254510879517}, "costs": {"total_cost": 206.0656269112405, "time_cost": 69.776, "final_distance_cost": 1.7640693198674606, "oscillation_cost": 63.348011404591546, "completition_cost": 0.0, "overshoot_cost": 50.06661674786201, "power_cost": 11.343246643066406, "noise_cost": 9.76768279585308, "n_waypoints_completed": 9, "tot_waypoints": 9}}
{"target": -226.5642422660686, "params": {"k_pid_pos": [1.9868190288543701, 0.007757633924484253, 1.4901161193847656e-07], "k_pid_alt": [1.9499986171722412, 0.021277695894241333, 0.9311548471450806], "k_pid_att": [87.20914459228516, 0.33214160799980164, 0.946220874786377], "k_pid_yaw": [0.5, 1e-06, 0.1], "k_pid_hsp": [9.775228500366211, 0.7908922433853149, 0.08301723003387451], "k_pid_vsp": [399.99871826171875, 379.5102233886719, 4.86127233505249]}, "datetime": {"datetime": "2025-08-20 17:57:40", "elapsed": 21914.628324747086, "delta": 15.441100597381592}, "costs": {"total_cost": 226.5642422660686, "time_cost": 69.47200000000001, "final_distance_cost": 1.721660232044522, "oscillation_cost": 80.19474351957659, "completition_cost": 0.0, "overshoot_cost": 50.63168885042192, "power_cost": 13.029179846191408, "noise_cost": 11.514969817834153, "n_waypoints_completed": 9, "tot_waypoints": 9}}
{"target": -257.04107354183975, "params": {"k_pid_pos": [1.971538782119751, 0.00865909457206726, 0.0], "k_pid_alt": [1.8917806148529053, 0.06946289539337158, 0.9989417791366577], "k_pid_att": [91.33702850341797, 0.3554888367652893, 0.9498612284660339], "k_pid_yaw": [0.5, 1e-06, 0.1], "k_pid_hsp": [8.66847038269043, 0.8065148591995239, 0.08156454563140869], "k_pid_vsp": [400.0, 389.2798767089844, 8.451224327087402]}, "datetime": {"datetime": "2025-08-20 17:57:57", "elapsed": 21932.45797586441, "delta": 17.82965111732483}, "costs": {"total_cost": 257.04107354183975, "time_cost": 80.2, "final_distance_cost": 1.786374651387954, "oscillation_cost": 92.56714518715565, "completition_cost": 0.0, "overshoot_cost": 52.82599458965098, "power_cost": 15.997337756347656, "noise_cost": 13.664221357297507, "n_waypoints_completed": 9, "tot_waypoints": 9}}
{"target": -197.4728197972151, "params": {"k_pid_pos": [1.7584843635559082, 0.020242273807525635, 0.0013838708400726318], "k_pid_alt": [1.9665534496307373, 0.06035700440406799, 0.9721869826316833], "k_pid_att": [96.33717346191406, 0.06671497225761414, 0.9370993971824646], "k_pid_yaw": [0.5, 1e-06, 0.1], "k_pid_hsp": [9.78855037689209, 0.9342819452285767, 0.006719648838043213], "k_pid_vsp": [398.3282470703125, 396.6795959472656, 29.110624313354492]}, "datetime": {"datetime": "2025-08-20 17:58:14", "elapsed": 21948.90443086624, "delta": 16.446455001831055}, "costs": {"total_cost": 197.4728197972151, "time_cost": 69.328, "final_distance_cost": 1.7636820038355725, "oscillation_cost": 53.64342965523878, "completition_cost": 0.0, "overshoot_cost": 51.151765213281735, "power_cost": 11.645227136230469, "noise_cost": 9.940715788628554, "n_waypoints_completed": 9, "tot_waypoints": 9}}
{"target": -206.94703316264554, "params": {"k_pid_pos": [1.9317022562026978, 0.026282787322998047, 0.0012251734733581543], "k_pid_alt": [1.9224748611450195, 0.043001800775527954, 0.8967162370681763], "k_pid_att": [98.66281127929688, 0.1950317621231079, 0.964387059211731], "k_pid_yaw": [0.5, 1e-06, 0.1], "k_pid_hsp": [9.690345764160156, 0.97123122215271, 0.009698092937469482], "k_pid_vsp": [399.99993896484375, 371.52752685546875, 50.35968017578125]}, "datetime": {"datetime": "2025-08-20 17:58:29", "elapsed": 21963.838239192963, "delta": 14.933808326721191}, "costs": {"total_cost": 206.94703316264554, "time_cost": 69.408, "final_distance_cost": 1.7506229391401198, "oscillation_cost": 59.7328321101498, "completition_cost": 0.0, "overshoot_cost": 50.4409153067268, "power_cost": 14.268586071777344, "noise_cost": 11.346076734851499, "n_waypoints_completed": 9, "tot_waypoints": 9}}
{"target": -217.63973332774236, "params": {"k_pid_pos": [1.9569226503372192, 0.010420411825180054, 0.0], "k_pid_alt": [1.9367009401321411, 0.03917160630226135, 0.8737491369247437], "k_pid_att": [99.11250305175781, 0.2661575675010681, 0.9949873685836792], "k_pid_yaw": [0.5, 1e-06, 0.1], "k_pid_hsp": [9.512014389038086, 0.9880874156951904, 0.05294165015220642], "k_pid_vsp": [400.0, 392.8301696777344, 7.781268119812012]}, "datetime": {"datetime": "2025-08-20 17:58:44", "elapsed": 21979.208985567093, "delta": 15.370746374130249}, "costs": {"total_cost": 217.63973332774236, "time_cost": 69.568, "final_distance_cost": 1.722981613059841, "oscillation_cost": 71.18097219763143, "completition_cost": 0.0, "overshoot_cost": 50.4161345270168, "power_cost": 13.211833215332032, "noise_cost": 11.53981177470227, "n_waypoints_completed": 9, "tot_waypoints": 9}}
{"target": -208.10265982065442, "params": {"k_pid_pos": [1.926446557044983, 0.016496390104293823, 0.0], "k_pid_alt": [1.9766221046447754, 0.008700042963027954, 0.9974417090415955], "k_pid_att": [99.08348083496094, 0.3017534017562866, 0.9865400791168213], "k_pid_yaw": [0.5, 1e-06, 0.1], "k_pid_hsp": [9.903794288635254, 0.9928308725357056, 0.01946890354156494], "k_pid_vsp": [400.0, 391.1653137207031, 6.728328227996826]}, "datetime": {"datetime": "2025-08-20 17:59:00", "elapsed": 21995.34833097458, "delta": 16.139345407485962}, "costs": {"total_cost": 208.10265982065442, "time_cost": 69.83200000000001, "final_distance_cost": 1.7458367577162572, "oscillation_cost": 61.425535107018106, "completition_cost": 0.0, "overshoot_cost": 50.29496311033898, "power_cost": 13.238268920898438, "noise_cost": 11.566055924682608, "n_waypoints_completed": 9, "tot_waypoints": 9}}
{"target": -283.8375028545201, "params": {"k_pid_pos": [1.8718838691711426, 0.013470441102981567, 0.0], "k_pid_alt": [1.6317195892333984, 0.09321960806846619, 0.9864619970321655], "k_pid_att": [98.32012939453125, 0.12918150424957275, 0.9772215485572815], "k_pid_yaw": [0.5, 1e-06, 0.1], "k_pid_hsp": [9.96062183380127, 0.9925023913383484, 0.1190093457698822], "k_pid_vsp": [399.69720458984375, 380.76544189453125, 6.787074565887451]}, "datetime": {"datetime": "2025-08-20 17:59:20", "elapsed": 22014.913902521133, "delta": 19.565571546554565}, "costs": {"total_cost": 283.8375028545201, "time_cost": 89.408, "final_distance_cost": 1.778078414005287, "oscillation_cost": 108.29581649742467, "completition_cost": 0.0, "overshoot_cost": 51.93554043744166, "power_cost": 17.51022567138672, "noise_cost": 14.9098418342618, "n_waypoints_completed": 9, "tot_waypoints": 9}}
{"target": -221.69060853055942, "params": {"k_pid_pos": [1.9805901050567627, 0.0792691707611084, 3.3974647521972656e-06], "k_pid_alt": [1.9033193588256836, 0.026728391647338867, 0.9708304405212402], "k_pid_att": [98.33037567138672, 0.19623814523220062, 0.8259387612342834], "k_pid_yaw": [0.5, 1e-06, 0.1], "k_pid_hsp": [9.789308547973633, 0.9796120524406433, 0.06534874439239502], "k_pid_vsp": [400.0, 376.47003173828125, 3.750706672668457]}, "datetime": {"datetime": "2025-08-20 17:59:36", "elapsed": 22031.3781914711, "delta": 16.46428894996643}, "costs": {"total_cost": 221.69060853055942, "time_cost": 70.016, "final_distance_cost": 1.7823858037362037, "oscillation_cost": 74.2109734211779, "completition_cost": 0.0, "overshoot_cost": 50.513643038262245, "power_cost": 13.452948767089845, "noise_cost": 11.714657500293223, "n_waypoints_completed": 9, "tot_waypoints": 9}}
{"target": -205.9021986525073, "params": {"k_pid_pos": [1.4819809198379517, 0.0225486159324646, 0.0], "k_pid_alt": [1.9742329120635986, 0.017771482467651367, 0.9771450757980347], "k_pid_att": [96.82352447509766, 0.4206220507621765, 0.9699288606643677], "k_pid_yaw": [0.5, 1e-06, 0.1], "k_pid_hsp": [9.19839096069336, 0.9476275444030762, 0.043086498975753784], "k_pid_vsp": [399.9999694824219, 375.3861389160156, 2.449882984161377]}, "datetime": {"datetime": "2025-08-20 17:59:52", "elapsed": 22047.395277500153, "delta": 16.017086029052734}, "costs": {"total_cost": 205.9021986525073, "time_cost": 68.752, "final_distance_cost": 1.7602507049530214, "oscillation_cost": 61.924350132852254, "completition_cost": 0.0, "overshoot_cost": 49.84395988906801, "power_cost": 12.426230822753906, "noise_cost": 11.195407102880147, "n_waypoints_completed": 9, "tot_waypoints": 9}}
{"target": -206.71866110251494, "params": {"k_pid_pos": [1.9605399370193481, 0.012229114770889282, 0.0], "k_pid_alt": [1.9864825010299683, 0.01944434642791748, 0.9717414379119873], "k_pid_att": [98.57489776611328, 0.3033156096935272, 0.9842410087585449], "k_pid_yaw": [0.5, 1e-06, 0.1], "k_pid_hsp": [9.437078475952148, 0.9377932548522949, 0.011449873447418213], "k_pid_vsp": [400.0, 390.8143310546875, 6.496549606323242]}, "datetime": {"datetime": "2025-08-20 18:00:07", "elapsed": 22062.414781808853, "delta": 15.019504308700562}, "costs": {"total_cost": 206.71866110251494, "time_cost": 69.728, "final_distance_cost": 1.7316382812277105, "oscillation_cost": 60.09660981567998, "completition_cost": 0.0, "overshoot_cost": 50.55545912216021, "power_cost": 13.07370994873047, "noise_cost": 11.533243934716545, "n_waypoints_completed": 9, "tot_waypoints": 9}}
{"target": -221.41856063025304, "params": {"k_pid_pos": [1.946006178855896, 0.013992130756378174, 0.0], "k_pid_alt": [1.8095104694366455, 0.03889092803001404, 0.9644652605056763], "k_pid_att": [98.53154754638672, 0.6853397488594055, 0.9565225839614868], "k_pid_yaw": [0.5, 1e-06, 0.1], "k_pid_hsp": [9.870288848876953, 0.9722881317138672, 0.05427008867263794], "k_pid_vsp": [399.9998474121094, 396.29559326171875, 3.967500686645508]}, "datetime": {"datetime": "2025-08-20 18:00:23", "elapsed": 22077.940442323685, "delta": 15.525660514831543}, "costs": {"total_cost": 221.41856063025304, "time_cost": 69.44800000000001, "final_distance_cost": 1.7328328103418933, "oscillation_cost": 74.78602525156823, "completition_cost": 0.0, "overshoot_cost": 50.829591790969154, "power_cost": 13.074565209960937, "noise_cost": 11.547545567412822, "n_waypoints_completed": 9, "tot_waypoints": 9}}
{"target": -200.75104273242866, "params": {"k_pid_pos": [1.937075138092041, 0.0782322883605957, 2.9802322387695312e-08], "k_pid_alt": [1.9593079090118408, 0.060865968465805054, 0.9228841662406921], "k_pid_att": [96.5513916015625, 0.5922415256500244, 0.9735177755355835], "k_pid_yaw": [0.5, 1e-06, 0.1], "k_pid_hsp": [6.485540866851807, 0.9964186549186707, 0.003571927547454834], "k_pid_vsp": [400.0, 385.8165283203125, 20.3581600189209]}, "datetime": {"datetime": "2025-08-20 18:00:38", "elapsed": 22093.42793059349, "delta": 15.487488269805908}, "costs": {"total_cost": 200.75104273242866, "time_cost": 70.312, "final_distance_cost": 1.758202955732111, "oscillation_cost": 58.35456548615077, "completition_cost": 0.0, "overshoot_cost": 50.41124311984026, "power_cost": 10.631995153808594, "noise_cost": 9.283036016896919, "n_waypoints_completed": 9, "tot_waypoints": 9}}
{"target": -208.27869280839477, "params": {"k_pid_pos": [1.9918991327285767, 0.004590898752212524, 1.2785196304321289e-05], "k_pid_alt": [1.9810168743133545, 0.00636705756187439, 0.9908720254898071], "k_pid_att": [99.43843841552734, 0.15990442037582397, 0.986553430557251], "k_pid_yaw": [0.5, 1e-06, 0.1], "k_pid_hsp": [9.31615161895752, 0.9415384531021118, 0.0033624470233917236], "k_pid_vsp": [400.0, 397.746337890625, 25.340702056884766]}, "datetime": {"datetime": "2025-08-20 18:00:54", "elapsed": 22108.898443222046, "delta": 15.470512628555298}, "costs": {"total_cost": 208.27869280839477, "time_cost": 69.688, "final_distance_cost": 1.7582390804842225, "oscillation_cost": 59.289936367143085, "completition_cost": 0.0, "overshoot_cost": 50.58976877457066, "power_cost": 15.160823364257814, "noise_cost": 11.791925221938975, "n_waypoints_completed": 9, "tot_waypoints": 9}}
