{"target": -252.84405125905482, "params": {"k_pid_pos": [1.9425990581512451, 0.012468695640563965, 1.5854835510253906e-05], "k_pid_alt": [1.764490008354187, 0.06096076965332031, 0.9877001643180847], "k_pid_att": [97.39686584472656, 0.15022143721580505, 0.9311270117759705], "k_pid_yaw": [0.5, 1e-06, 0.1], "k_pid_hsp": [9.466658592224121, 0.9507571458816528, 0.09290796518325806], "k_pid_vsp": [399.9999694824219, 389.9582824707031, 11.351216316223145]}, "datetime": {"datetime": "2025-08-20 18:43:04", "elapsed": 24639.263736724854, "delta": 17.381341457366943}, "costs": {"total_cost": 252.84405125905482, "time_cost": 77.256, "final_distance_cost": 1.793519073395342, "oscillation_cost": 92.63424655290528, "completition_cost": 0.0, "overshoot_cost": 52.405947402872826, "power_cost": 15.766731274414063, "noise_cost": 12.987606955467337, "n_waypoints_completed": 9, "tot_waypoints": 9}}
{"target": -217.20813627515003, "params": {"k_pid_pos": [1.8988637924194336, 0.0016075670719146729, 0.0], "k_pid_alt": [1.9640181064605713, 0.017479002475738525, 0.9580823183059692], "k_pid_att": [98.63457489013672, 0.054455019533634186, 0.9863466024398804], "k_pid_yaw": [0.5, 1e-06, 0.1], "k_pid_hsp": [9.943535804748535, 0.9949144721031189, 0.011088967323303223], "k_pid_vsp": [400.0, 373.7214660644531, 1.3432631492614746]}, "datetime": {"datetime": "2025-08-20 18:43:21", "elapsed": 24655.56647014618, "delta": 16.302733421325684}, "costs": {"total_cost": 217.20813627515003, "time_cost": 69.64, "final_distance_cost": 1.7275845012753888, "oscillation_cost": 70.98668171323575, "completition_cost": 0.0, "overshoot_cost": 50.40325119916312, "power_cost": 12.959845153808594, "noise_cost": 11.490773707667152, "n_waypoints_completed": 9, "tot_waypoints": 9}}
{"target": -201.8153114284935, "params": {"k_pid_pos": [1.7534164190292358, 0.0038584768772125244, 2.2619962692260742e-05], "k_pid_alt": [1.971340298652649, 0.034443795680999756, 0.9321620464324951], "k_pid_att": [91.31792449951172, 0.17826245725154877, 0.9932577610015869], "k_pid_yaw": [0.5, 1e-06, 0.1], "k_pid_hsp": [8.400035858154297, 0.9834553599357605, 0.012975156307220459], "k_pid_vsp": [400.0, 366.56365966796875, 7.417489051818848]}, "datetime": {"datetime": "2025-08-20 18:43:36", "elapsed": 24671.44835281372, "delta": 15.881882667541504}, "costs": {"total_cost": 201.8153114284935, "time_cost": 69.32000000000001, "final_distance_cost": 1.7335715346450828, "oscillation_cost": 56.33599743856484, "completition_cost": 0.0, "overshoot_cost": 50.05804271266452, "power_cost": 13.012434802246094, "noise_cost": 11.355264940372944, "n_waypoints_completed": 9, "tot_waypoints": 9}}
{"target": -215.0739175508815, "params": {"k_pid_pos": [1.9688631296157837, 0.03502917289733887, 0.0074600279331207275], "k_pid_alt": [1.984779715538025, 0.04312673211097717, 0.9617188572883606], "k_pid_att": [97.200927734375, 1.1906211376190186, 0.8557379245758057], "k_pid_yaw": [0.5, 1e-06, 0.1], "k_pid_hsp": [9.410177230834961, 0.9632035493850708, 0.04894331097602844], "k_pid_vsp": [400.0, 398.16326904296875, 4.012514114379883]}, "datetime": {"datetime": "2025-08-20 18:43:51", "elapsed": 24686.362727880478, "delta": 14.914375066757202}, "costs": {"total_cost": 215.0739175508815, "time_cost": 69.68, "final_distance_cost": 1.7861371521371305, "oscillation_cost": 67.68795830040284, "completition_cost": 0.0, "overshoot_cost": 51.01024691858236, "power_cost": 13.27286502685547, "noise_cost": 11.636710152903667, "n_waypoints_completed": 9, "tot_waypoints": 9}}
{"target": -237.23649785590015, "params": {"k_pid_pos": [1.9328618049621582, 0.05711925029754639, 0.0], "k_pid_alt": [1.9697445631027222, 0.08201223611831665, 0.9886586666107178], "k_pid_att": [98.84031677246094, 0.20358583331108093, 0.9824587106704712], "k_pid_yaw": [0.5, 1e-06, 0.1], "k_pid_hsp": [8.98812198638916, 0.960365891456604, 0.005544513463973999], "k_pid_vsp": [400.0, 396.2275695800781, 14.691628456115723]}, "datetime": {"datetime": "2025-08-20 18:44:10", "elapsed": 24704.836352825165, "delta": 18.47362494468689}, "costs": {"total_cost": 237.23649785590015, "time_cost": 82.328, "final_distance_cost": 1.743832817644937, "oscillation_cost": 65.43633920699875, "completition_cost": 0.0, "overshoot_cost": 51.917048483015634, "power_cost": 20.38474479980469, "noise_cost": 15.426532548436128, "n_waypoints_completed": 9, "tot_waypoints": 9}}
{"target": -240.06680150097176, "params": {"k_pid_pos": [1.9791055917739868, 0.259094774723053, 0.0], "k_pid_alt": [1.9106253385543823, 0.01689484715461731, 0.9600892663002014], "k_pid_att": [98.61503601074219, 0.2286311537027359, 0.9885201454162598], "k_pid_yaw": [0.5, 1e-06, 0.1], "k_pid_hsp": [9.309015274047852, 0.9941774606704712, 0.0735909640789032], "k_pid_vsp": [400.0, 394.57159423828125, 26.17036247253418]}, "datetime": {"datetime": "2025-08-20 18:44:26", "elapsed": 24721.460551261902, "delta": 16.62419843673706}, "costs": {"total_cost": 240.06680150097176, "time_cost": 70.504, "final_distance_cost": 1.708924200544598, "oscillation_cost": 87.29768197610078, "completition_cost": 0.0, "overshoot_cost": 50.267068855490734, "power_cost": 17.114091845703125, "noise_cost": 13.17503462313251, "n_waypoints_completed": 9, "tot_waypoints": 9}}
{"target": -229.20572265665712, "params": {"k_pid_pos": [1.9869760274887085, 0.07507818937301636, 0.0], "k_pid_alt": [1.931793212890625, 0.0025323033332824707, 0.9832112789154053], "k_pid_att": [97.33358764648438, 0.41169485449790955, 0.9899500608444214], "k_pid_yaw": [0.5, 1e-06, 0.1], "k_pid_hsp": [9.046772003173828, 0.9890867471694946, 0.05736467242240906], "k_pid_vsp": [400.0, 397.3077087402344, 6.805110931396484]}, "datetime": {"datetime": "2025-08-20 18:44:43", "elapsed": 24737.58201098442, "delta": 16.12145972251892}, "costs": {"total_cost": 229.20572265665712, "time_cost": 70.08800000000001, "final_distance_cost": 1.7494025378550664, "oscillation_cost": 82.24206511852599, "completition_cost": 0.0, "overshoot_cost": 49.89221162699641, "power_cost": 13.458431347656251, "noise_cost": 11.77561202562341, "n_waypoints_completed": 9, "tot_waypoints": 9}}
{"target": -210.83566604673328, "params": {"k_pid_pos": [1.9896440505981445, 0.03137415647506714, 0.0], "k_pid_alt": [1.9848359823226929, 0.011842727661132812, 0.9957135915756226], "k_pid_att": [68.99171447753906, 0.03444981575012207, 0.9844477772712708], "k_pid_yaw": [0.5, 1e-06, 0.1], "k_pid_hsp": [9.436129570007324, 0.9779431819915771, 0.0265369713306427], "k_pid_vsp": [400.0, 349.602783203125, 5.697823524475098]}, "datetime": {"datetime": "2025-08-20 18:45:00", "elapsed": 24754.82350587845, "delta": 17.24149489402771}, "costs": {"total_cost": 210.83566604673328, "time_cost": 69.88, "final_distance_cost": 1.777252682708043, "oscillation_cost": 63.74050074689304, "completition_cost": 0.0, "overshoot_cost": 50.776710875119235, "power_cost": 13.098580529785156, "noise_cost": 11.56262121222785, "n_waypoints_completed": 9, "tot_waypoints": 9}}
{"target": -223.54561191526776, "params": {"k_pid_pos": [1.9953279495239258, 0.023402363061904907, 8.940696716308594e-08], "k_pid_alt": [1.8427608013153076, 0.015505880117416382, 0.9862344264984131], "k_pid_att": [94.92285919189453, 1.0256803035736084, 0.9738410115242004], "k_pid_yaw": [0.5, 1e-06, 0.1], "k_pid_hsp": [9.6378173828125, 0.9856762886047363, 0.010969847440719604], "k_pid_vsp": [400.0, 389.33245849609375, 9.704960823059082]}, "datetime": {"datetime": "2025-08-20 18:45:15", "elapsed": 24769.78234386444, "delta": 14.958837985992432}, "costs": {"total_cost": 223.54561191526776, "time_cost": 70.072, "final_distance_cost": 1.7215418277277725, "oscillation_cost": 72.43514599681339, "completition_cost": 0.0, "overshoot_cost": 50.3952118304137, "power_cost": 16.199975134277345, "noise_cost": 12.72173712603554, "n_waypoints_completed": 9, "tot_waypoints": 9}}
{"target": -232.9791049901968, "params": {"k_pid_pos": [1.9663183689117432, 0.1160753071308136, 0.0007294118404388428], "k_pid_alt": [1.9831503629684448, 0.02091720700263977, 0.9120397567749023], "k_pid_att": [97.70339965820312, 0.5617671608924866, 0.965282678604126], "k_pid_yaw": [0.5, 1e-06, 0.1], "k_pid_hsp": [9.927204132080078, 0.9565553069114685, 0.13306498527526855], "k_pid_vsp": [400.0, 393.5376281738281, 4.194928169250488]}, "datetime": {"datetime": "2025-08-20 18:45:31", "elapsed": 24786.41762661934, "delta": 16.63528275489807}, "costs": {"total_cost": 232.9791049901968, "time_cost": 69.848, "final_distance_cost": 1.7632790805011727, "oscillation_cost": 85.11846277525554, "completition_cost": 0.0, "overshoot_cost": 50.286035749326686, "power_cost": 13.900776220703126, "noise_cost": 12.062551164410259, "n_waypoints_completed": 9, "tot_waypoints": 9}}
{"target": -232.1689150328233, "params": {"k_pid_pos": [1.9680536985397339, 0.030357837677001953, 0.0], "k_pid_alt": [1.8783948421478271, 0.05652758479118347, 0.9798637628555298], "k_pid_att": [98.55229949951172, 0.11070097237825394, 0.9555425047874451], "k_pid_yaw": [0.5, 1e-06, 0.1], "k_pid_hsp": [9.663886070251465, 0.9753854274749756, 0.03352782130241394], "k_pid_vsp": [400.0, 395.2419738769531, 9.238482475280762]}, "datetime": {"datetime": "2025-08-20 18:45:46", "elapsed": 24801.3990046978, "delta": 14.981378078460693}, "costs": {"total_cost": 232.1689150328233, "time_cost": 69.992, "final_distance_cost": 1.7808536544641909, "oscillation_cost": 83.01318144358207, "completition_cost": 0.0, "overshoot_cost": 51.07741548883561, "power_cost": 14.250129248046875, "noise_cost": 12.055335197894527, "n_waypoints_completed": 9, "tot_waypoints": 9}}
{"target": -213.93600184293, "params": {"k_pid_pos": [1.9633344411849976, 0.0374893844127655, 1.9669532775878906e-06], "k_pid_alt": [1.9903960227966309, 0.060083597898483276, 0.8835523128509521], "k_pid_att": [98.24250030517578, 0.29969316720962524, 0.9829273223876953], "k_pid_yaw": [0.5, 1e-06, 0.1], "k_pid_hsp": [9.933210372924805, 0.9823336601257324, 0.017782926559448242], "k_pid_vsp": [400.0, 396.1087951660156, 27.949453353881836]}, "datetime": {"datetime": "2025-08-20 18:46:03", "elapsed": 24818.4790661335, "delta": 17.080061435699463}, "costs": {"total_cost": 213.93600184293, "time_cost": 69.864, "final_distance_cost": 1.732877243381077, "oscillation_cost": 66.22280956584162, "completition_cost": 0.0, "overshoot_cost": 50.87259805609837, "power_cost": 13.917834960937501, "noise_cost": 11.325882016671406, "n_waypoints_completed": 9, "tot_waypoints": 9}}
{"target": -209.7821294935463, "params": {"k_pid_pos": [1.930332064628601, 0.01600554585456848, 3.7550926208496094e-06], "k_pid_alt": [1.886095643043518, 0.047859638929367065, 0.986191987991333], "k_pid_att": [98.33490753173828, 0.6890852451324463, 0.9820460081100464], "k_pid_yaw": [0.5, 1e-06, 0.1], "k_pid_hsp": [9.827798843383789, 0.8084334135055542, 0.024954020977020264], "k_pid_vsp": [399.9999694824219, 384.3550109863281, 12.258697509765625]}, "datetime": {"datetime": "2025-08-20 18:46:19", "elapsed": 24833.554137945175, "delta": 15.075071811676025}, "costs": {"total_cost": 209.7821294935463, "time_cost": 69.632, "final_distance_cost": 1.7351420901136316, "oscillation_cost": 58.973475296063214, "completition_cost": 0.0, "overshoot_cost": 50.92454867565188, "power_cost": 15.971275964355469, "noise_cost": 12.545687467362121, "n_waypoints_completed": 9, "tot_waypoints": 9}}
{"target": -220.5097422909821, "params": {"k_pid_pos": [1.9620752334594727, 0.07487332820892334, 0.0], "k_pid_alt": [1.9696521759033203, 0.00332486629486084, 0.9935088753700256], "k_pid_att": [95.62355041503906, 0.33438393473625183, 0.9982204437255859], "k_pid_yaw": [0.5, 1e-06, 0.1], "k_pid_hsp": [9.611255645751953, 0.9224368929862976, 0.021624445915222168], "k_pid_vsp": [400.0, 396.8917236328125, 4.238880634307861]}, "datetime": {"datetime": "2025-08-20 18:46:35", "elapsed": 24849.640332698822, "delta": 16.08619475364685}, "costs": {"total_cost": 220.5097422909821, "time_cost": 70.21600000000001, "final_distance_cost": 1.735841973582004, "oscillation_cost": 73.66995041213116, "completition_cost": 0.0, "overshoot_cost": 50.149063287319905, "power_cost": 13.17503074951172, "noise_cost": 11.563855868437312, "n_waypoints_completed": 9, "tot_waypoints": 9}}
{"target": -257.0371191220618, "params": {"k_pid_pos": [1.9459480047225952, 0.017032921314239502, 0.0], "k_pid_alt": [1.9765357971191406, 0.08595448732376099, 0.986685574054718], "k_pid_att": [99.15127563476562, 0.07551193982362747, 0.987481951713562], "k_pid_yaw": [0.5, 1e-06, 0.1], "k_pid_hsp": [9.907334327697754, 0.9787495732307434, 0.07123354077339172], "k_pid_vsp": [400.0, 342.1725158691406, 4.291714191436768]}, "datetime": {"datetime": "2025-08-20 18:46:54", "elapsed": 24868.557917118073, "delta": 18.91758441925049}, "costs": {"total_cost": 257.0371191220618, "time_cost": 81.76, "final_distance_cost": 1.784576619519906, "oscillation_cost": 91.68174932154429, "completition_cost": 0.0, "overshoot_cost": 52.59979689978597, "power_cost": 15.689287829589844, "noise_cost": 13.521708451621814, "n_waypoints_completed": 9, "tot_waypoints": 9}}
{"target": -254.97072391371466, "params": {"k_pid_pos": [1.9846327304840088, 0.03749096393585205, 0.0], "k_pid_alt": [1.9320640563964844, 0.007325798273086548, 0.985118567943573], "k_pid_att": [99.16917419433594, 0.18084987998008728, 0.9786034226417542], "k_pid_yaw": [0.5, 1e-06, 0.1], "k_pid_hsp": [9.624153137207031, 0.9421372413635254, 0.1307840347290039], "k_pid_vsp": [400.0, 382.55316162109375, 10.921753883361816]}, "datetime": {"datetime": "2025-08-20 18:47:09", "elapsed": 24884.056657075882, "delta": 15.498739957809448}, "costs": {"total_cost": 254.97072391371466, "time_cost": 69.696, "final_distance_cost": 1.7847641114814095, "oscillation_cost": 105.8240758019045, "completition_cost": 0.0, "overshoot_cost": 50.65633023193215, "power_cost": 14.764379235839844, "noise_cost": 12.24517453255676, "n_waypoints_completed": 9, "tot_waypoints": 9}}
{"target": -228.73258636145385, "params": {"k_pid_pos": [1.8932052850723267, 0.02581194043159485, 0.0], "k_pid_alt": [1.895849347114563, 0.014540910720825195, 0.940266489982605], "k_pid_att": [99.51412963867188, 0.23883597552776337, 0.9955830574035645], "k_pid_yaw": [0.5, 1e-06, 0.1], "k_pid_hsp": [9.743176460266113, 0.9821045398712158, 0.03953969478607178], "k_pid_vsp": [399.8019104003906, 368.9652099609375, 8.832419395446777]}, "datetime": {"datetime": "2025-08-20 18:47:25", "elapsed": 24899.896888256073, "delta": 15.84023118019104}, "costs": {"total_cost": 228.73258636145385, "time_cost": 69.632, "final_distance_cost": 1.734104203738043, "oscillation_cost": 81.32722146136753, "completition_cost": 0.0, "overshoot_cost": 50.46360419140494, "power_cost": 13.714267102050782, "noise_cost": 11.861389402892556, "n_waypoints_completed": 9, "tot_waypoints": 9}}
{"target": -209.54361307911336, "params": {"k_pid_pos": [1.9919644594192505, 0.041421860456466675, 0.0], "k_pid_alt": [1.8912620544433594, 0.04405006766319275, 0.9670431017875671], "k_pid_att": [98.96549224853516, 0.20571400225162506, 0.9342090487480164], "k_pid_yaw": [0.5, 1e-06, 0.1], "k_pid_hsp": [9.895936012268066, 0.9896466732025146, 0.012071400880813599], "k_pid_vsp": [400.0, 396.9627990722656, 26.3579158782959]}, "datetime": {"datetime": "2025-08-20 18:47:40", "elapsed": 24915.208992004395, "delta": 15.312103748321533}, "costs": {"total_cost": 209.54361307911336, "time_cost": 69.752, "final_distance_cost": 1.7746177023171585, "oscillation_cost": 66.69958680482206, "completition_cost": 0.0, "overshoot_cost": 50.4981425279442, "power_cost": 11.25978818359375, "noise_cost": 9.559477860436214, "n_waypoints_completed": 9, "tot_waypoints": 9}}
{"target": -223.0278354439999, "params": {"k_pid_pos": [1.9819328784942627, 0.0542011559009552, 0.0], "k_pid_alt": [1.9878723621368408, 0.011207729578018188, 0.9862152338027954], "k_pid_att": [94.34536743164062, 0.7751883864402771, 0.9921337366104126], "k_pid_yaw": [0.5, 1e-06, 0.1], "k_pid_hsp": [9.695036888122559, 0.9752942323684692, 0.033629775047302246], "k_pid_vsp": [400.0, 379.9623718261719, 15.489102363586426]}, "datetime": {"datetime": "2025-08-20 18:47:56", "elapsed": 24931.25751709938, "delta": 16.048525094985962}, "costs": {"total_cost": 223.0278354439999, "time_cost": 69.864, "final_distance_cost": 1.7237554888466136, "oscillation_cost": 73.0187310926833, "completition_cost": 0.0, "overshoot_cost": 50.750175512441736, "power_cost": 15.464904138183595, "noise_cost": 12.206269211844669, "n_waypoints_completed": 9, "tot_waypoints": 9}}
{"target": -215.9600642732151, "params": {"k_pid_pos": [1.9755874872207642, 0.007074922323226929, 0.0], "k_pid_alt": [1.9911619424819946, 0.0567513108253479, 0.9870880246162415], "k_pid_att": [80.3335189819336, 0.06819851696491241, 0.969396710395813], "k_pid_yaw": [0.5, 1e-06, 0.1], "k_pid_hsp": [9.734390258789062, 0.9932282567024231, 0.022559762001037598], "k_pid_vsp": [400.0, 375.60015869140625, 2.8160343170166016]}, "datetime": {"datetime": "2025-08-20 18:48:12", "elapsed": 24946.772464752197, "delta": 15.514947652816772}, "costs": {"total_cost": 215.9600642732151, "time_cost": 69.592, "final_distance_cost": 1.7690865182413595, "oscillation_cost": 69.28462438423016, "completition_cost": 0.0, "overshoot_cost": 50.94050859558382, "power_cost": 12.939424462890626, "noise_cost": 11.434420312269099, "n_waypoints_completed": 9, "tot_waypoints": 9}}
{"target": -246.9934916954662, "params": {"k_pid_pos": [1.8168586492538452, 0.013653814792633057, 0.9742648601531982], "k_pid_alt": [1.7780466079711914, 0.012284606695175171, 0.9599534273147583], "k_pid_att": [96.97395324707031, 0.05454681068658829, 0.8469956517219543], "k_pid_yaw": [0.5, 1e-06, 0.1], "k_pid_hsp": [8.990254402160645, 0.9874509572982788, 0.008489042520523071], "k_pid_vsp": [290.9770202636719, 295.39288330078125, 11.642302513122559]}, "datetime": {"datetime": "2025-08-20 18:48:27", "elapsed": 24962.45847940445, "delta": 15.686014652252197}, "costs": {"total_cost": 246.9934916954662, "time_cost": 70.36, "final_distance_cost": 1.8534136362771694, "oscillation_cost": 100.91636295687267, "completition_cost": 0.0, "overshoot_cost": 49.52830240411361, "power_cost": 12.860909985351563, "noise_cost": 11.474502712851173, "n_waypoints_completed": 9, "tot_waypoints": 9}}
{"target": -208.89384156893465, "params": {"k_pid_pos": [1.866629719734192, 0.002124965190887451, 0.0], "k_pid_alt": [1.820794939994812, 0.03263339400291443, 0.9856431484222412], "k_pid_att": [99.72578430175781, 0.21620222926139832, 0.9831725358963013], "k_pid_yaw": [0.5, 1e-06, 0.1], "k_pid_hsp": [9.85379695892334, 0.9353386163711548, 0.011992394924163818], "k_pid_vsp": [400.0, 397.22589111328125, 12.757218360900879]}, "datetime": {"datetime": "2025-08-20 18:48:43", "elapsed": 24978.45290160179, "delta": 15.994422197341919}, "costs": {"total_cost": 208.89384156893465, "time_cost": 69.528, "final_distance_cost": 1.7931438918464317, "oscillation_cost": 60.48430722550324, "completition_cost": 0.0, "overshoot_cost": 50.418251187506215, "power_cost": 14.868050122070313, "noise_cost": 11.802089142008466, "n_waypoints_completed": 9, "tot_waypoints": 9}}
{"target": -206.68989681367736, "params": {"k_pid_pos": [1.9028421640396118, 0.0071631669998168945, 0.0], "k_pid_alt": [1.9796578884124756, 0.006705135107040405, 0.9390615820884705], "k_pid_att": [94.1014175415039, 0.4329627752304077, 0.9857054948806763], "k_pid_yaw": [0.5, 1e-06, 0.1], "k_pid_hsp": [9.504343032836914, 0.9959170818328857, 0.012475639581680298], "k_pid_vsp": [400.0, 397.5030517578125, 66.9759521484375]}, "datetime": {"datetime": "2025-08-20 18:48:59", "elapsed": 24993.515100717545, "delta": 15.062199115753174}, "costs": {"total_cost": 206.68989681367736, "time_cost": 68.976, "final_distance_cost": 1.7390188307326022, "oscillation_cost": 62.00712576800087, "completition_cost": 0.0, "overshoot_cost": 50.087253113140434, "power_cost": 13.354486682128908, "noise_cost": 10.526012419674545, "n_waypoints_completed": 9, "tot_waypoints": 9}}
{"target": -244.60772960451843, "params": {"k_pid_pos": [1.9862223863601685, 0.04579618573188782, 0.0], "k_pid_alt": [1.3492671251296997, 0.031152278184890747, 0.9974431395530701], "k_pid_att": [95.45836639404297, 0.24465154111385345, 0.9982884526252747], "k_pid_yaw": [0.5, 1e-06, 0.1], "k_pid_hsp": [9.820433616638184, 0.9215959310531616, 0.08347377181053162], "k_pid_vsp": [400.0, 388.431640625, 0.9350548386573792]}, "datetime": {"datetime": "2025-08-20 18:49:15", "elapsed": 25010.210189819336, "delta": 16.695089101791382}, "costs": {"total_cost": 244.60772960451843, "time_cost": 72.664, "final_distance_cost": 1.7796840725745133, "oscillation_cost": 93.98166771519672, "completition_cost": 0.0, "overshoot_cost": 50.49045680662386, "power_cost": 13.738051245117187, "noise_cost": 11.953869765006147, "n_waypoints_completed": 9, "tot_waypoints": 9}}
{"target": -214.59531955716676, "params": {"k_pid_pos": [1.9672656059265137, 0.0591447651386261, 1.7821788787841797e-05], "k_pid_alt": [1.9479005336761475, 0.02145826816558838, 0.9788175821304321], "k_pid_att": [98.84291076660156, 0.13061915338039398, 0.9945887923240662], "k_pid_yaw": [0.5, 1e-06, 0.1], "k_pid_hsp": [9.666430473327637, 0.9916647672653198, 0.0021040737628936768], "k_pid_vsp": [400.0, 352.4125061035156, 0.5978475213050842]}, "datetime": {"datetime": "2025-08-20 18:49:31", "elapsed": 25025.918792963028, "delta": 15.708603143692017}, "costs": {"total_cost": 214.59531955716676, "time_cost": 69.912, "final_distance_cost": 1.7824209729409457, "oscillation_cost": 67.32442013708092, "completition_cost": 0.0, "overshoot_cost": 50.667668093237, "power_cost": 13.25271357421875, "noise_cost": 11.656096779689134, "n_waypoints_completed": 9, "tot_waypoints": 9}}
