{"target": -252.08960880006254, "params": {"k_pid_pos": [1.9852384328842163, 0.09171277284622192, 0.0], "k_pid_alt": [1.9644148349761963, 0.004509776830673218, 0.8737147450447083], "k_pid_att": [98.01258850097656, 0.6796872019767761, 0.9431700706481934], "k_pid_yaw": [0.5, 1e-06, 0.1], "k_pid_hsp": [9.970240592956543, 0.9930720925331116, 0.056789904832839966], "k_pid_vsp": [400.0, 397.98785400390625, 32.174049377441406]}, "datetime": {"datetime": "2025-08-20 22:26:40", "elapsed": 38054.56753826141, "delta": 16.648760557174683}, "costs": {"total_cost": 252.08960880006254, "time_cost": 69.64, "final_distance_cost": 1.724355183349078, "oscillation_cost": 103.07521828497013, "completition_cost": 0.0, "overshoot_cost": 49.92338367799283, "power_cost": 15.57798006591797, "noise_cost": 12.1486715878325, "n_waypoints_completed": 9, "tot_waypoints": 9}}
{"target": -222.03619686178737, "params": {"k_pid_pos": [1.961453914642334, 0.037851154804229736, 0.0], "k_pid_alt": [1.9742119312286377, 0.027625560760498047, 0.9968894720077515], "k_pid_att": [98.9752426147461, 0.4194794297218323, 0.9915650486946106], "k_pid_yaw": [0.5, 1e-06, 0.1], "k_pid_hsp": [9.971540451049805, 0.9686564803123474, 0.031139850616455078], "k_pid_vsp": [400.0, 395.2118835449219, 6.131399631500244]}, "datetime": {"datetime": "2025-08-20 22:26:55", "elapsed": 38069.60532331467, "delta": 15.037785053253174}, "costs": {"total_cost": 222.03619686178737, "time_cost": 69.624, "final_distance_cost": 1.746184364733652, "oscillation_cost": 75.28498200578369, "completition_cost": 0.0, "overshoot_cost": 50.539341732974165, "power_cost": 13.19398154296875, "noise_cost": 11.647707215327127, "n_waypoints_completed": 9, "tot_waypoints": 9}}
{"target": -213.5484993378928, "params": {"k_pid_pos": [1.755192756652832, 0.11139896512031555, 0.0837099552154541], "k_pid_alt": [1.8687869310379028, 0.0036018788814544678, 0.9811512231826782], "k_pid_att": [99.07366943359375, 0.26055774092674255, 0.9476883411407471], "k_pid_yaw": [0.5, 1e-06, 0.1], "k_pid_hsp": [9.66858196258545, 0.9531421661376953, 0.006741702556610107], "k_pid_vsp": [399.999755859375, 394.87652587890625, 17.673376083374023]}, "datetime": {"datetime": "2025-08-20 22:27:11", "elapsed": 38086.29584646225, "delta": 16.690523147583008}, "costs": {"total_cost": 213.5484993378928, "time_cost": 69.72, "final_distance_cost": 1.778779326392134, "oscillation_cost": 62.0965447987497, "completition_cost": 0.0, "overshoot_cost": 49.87131658324219, "power_cost": 17.097785791015625, "noise_cost": 12.98407283849315, "n_waypoints_completed": 9, "tot_waypoints": 9}}
{"target": -302.27418009064394, "params": {"k_pid_pos": [1.96942937374115, 0.05550098419189453, 0.0], "k_pid_alt": [1.962684154510498, 0.15102159976959229, 0.9273021817207336], "k_pid_att": [99.38691711425781, 0.09696224331855774, 0.9785576462745667], "k_pid_yaw": [0.5, 1e-06, 0.1], "k_pid_hsp": [9.342564582824707, 0.9901573657989502, 0.07435312867164612], "k_pid_vsp": [400.0, 385.97137451171875, 8.602656364440918]}, "datetime": {"datetime": "2025-08-20 22:27:34", "elapsed": 38109.15009474754, "delta": 22.85424828529358}, "costs": {"total_cost": 302.27418009064394, "time_cost": 98.624, "final_distance_cost": 1.7475754734005986, "oscillation_cost": 114.69874081557846, "completition_cost": 0.0, "overshoot_cost": 52.48608398510591, "power_cost": 18.936697509765626, "noise_cost": 15.78108230679331, "n_waypoints_completed": 9, "tot_waypoints": 9}}
{"target": -210.95961898745634, "params": {"k_pid_pos": [1.9885109663009644, 0.010148108005523682, 0.0], "k_pid_alt": [1.9403578042984009, 0.03160277009010315, 0.7236703634262085], "k_pid_att": [98.83721160888672, 0.02511283941566944, 0.9394864439964294], "k_pid_yaw": [0.5, 1e-06, 0.1], "k_pid_hsp": [9.65546989440918, 0.9517073631286621, 0.021782666444778442], "k_pid_vsp": [400.0, 395.81707763671875, 4.3577799797058105]}, "datetime": {"datetime": "2025-08-20 22:27:50", "elapsed": 38124.64688181877, "delta": 15.496787071228027}, "costs": {"total_cost": 210.95961898745634, "time_cost": 69.56, "final_distance_cost": 1.7613260689012735, "oscillation_cost": 64.90641736039107, "completition_cost": 0.0, "overshoot_cost": 50.318929693153066, "power_cost": 12.970611633300782, "noise_cost": 11.442334231710168, "n_waypoints_completed": 9, "tot_waypoints": 9}}
{"target": -206.351497406335, "params": {"k_pid_pos": [1.7812490463256836, 0.0027958452701568604, 0.0], "k_pid_alt": [1.9803333282470703, 0.0485059916973114, 0.9974632263183594], "k_pid_att": [99.07603454589844, 0.46308544278144836, 0.811643123626709], "k_pid_yaw": [0.5, 1e-06, 0.1], "k_pid_hsp": [8.644563674926758, 0.9844778776168823, 0.010078489780426025], "k_pid_vsp": [400.0, 398.60595703125, 5.2497992515563965]}, "datetime": {"datetime": "2025-08-20 22:28:06", "elapsed": 38141.322311878204, "delta": 16.675430059432983}, "costs": {"total_cost": 206.351497406335, "time_cost": 69.56, "final_distance_cost": 1.7613499927353171, "oscillation_cost": 60.3343300123039, "completition_cost": 0.0, "overshoot_cost": 50.534367941875644, "power_cost": 12.795540063476563, "noise_cost": 11.36590939594358, "n_waypoints_completed": 9, "tot_waypoints": 9}}
{"target": -240.78532970300373, "params": {"k_pid_pos": [1.9564262628555298, 0.021128922700881958, 0.00016427040100097656], "k_pid_alt": [1.8442662954330444, 0.0035989582538604736, 0.9537257552146912], "k_pid_att": [98.62035369873047, 0.039415426552295685, 0.9947445392608643], "k_pid_yaw": [0.5, 1e-06, 0.1], "k_pid_hsp": [9.51219367980957, 0.9919686317443848, 0.08634549379348755], "k_pid_vsp": [400.0, 391.0399475097656, 6.610263347625732]}, "datetime": {"datetime": "2025-08-20 22:28:23", "elapsed": 38158.45229482651, "delta": 17.129982948303223}, "costs": {"total_cost": 240.78532970300373, "time_cost": 69.432, "final_distance_cost": 1.7926909916578648, "oscillation_cost": 93.94748270008769, "completition_cost": 0.0, "overshoot_cost": 49.77382721863245, "power_cost": 13.91147928466797, "noise_cost": 11.927849507957758, "n_waypoints_completed": 9, "tot_waypoints": 9}}
{"target": -205.6391883808376, "params": {"k_pid_pos": [1.9885963201522827, 0.00269925594329834, 1.1920928955078125e-07], "k_pid_alt": [1.9381994009017944, 0.054002344608306885, 0.9809086918830872], "k_pid_att": [95.2959213256836, 0.6972355246543884, 0.990828275680542], "k_pid_yaw": [0.5, 1e-06, 0.1], "k_pid_hsp": [9.91369915008545, 0.9385097026824951, 0.01101866364479065], "k_pid_vsp": [400.0, 369.0706481933594, 32.67633819580078]}, "datetime": {"datetime": "2025-08-20 22:28:39", "elapsed": 38173.82559967041, "delta": 15.373304843902588}, "costs": {"total_cost": 205.6391883808376, "time_cost": 69.68, "final_distance_cost": 1.789894713217041, "oscillation_cost": 61.99966447604193, "completition_cost": 0.0, "overshoot_cost": 50.747888502474815, "power_cost": 11.608329479980469, "noise_cost": 9.813411209123334, "n_waypoints_completed": 9, "tot_waypoints": 9}}
{"target": -210.63268441741397, "params": {"k_pid_pos": [1.9951515197753906, 0.013714462518692017, 0.0], "k_pid_alt": [1.8915889263153076, 0.017350822687149048, 0.9822196364402771], "k_pid_att": [99.08184814453125, 0.15397769212722778, 0.9650260806083679], "k_pid_yaw": [0.5, 1e-06, 0.1], "k_pid_hsp": [9.328977584838867, 0.9918508529663086, 0.006944596767425537], "k_pid_vsp": [400.0, 351.09136962890625, 16.29753303527832]}, "datetime": {"datetime": "2025-08-20 22:28:55", "elapsed": 38190.204979896545, "delta": 16.379380226135254}, "costs": {"total_cost": 210.63268441741397, "time_cost": 69.784, "final_distance_cost": 1.7655824182895927, "oscillation_cost": 61.77524992629857, "completition_cost": 0.0, "overshoot_cost": 50.4094955556298, "power_cost": 15.127015454101564, "noise_cost": 11.771341063094434, "n_waypoints_completed": 9, "tot_waypoints": 9}}
{"target": -207.3172594757007, "params": {"k_pid_pos": [1.8700305223464966, 0.005892008543014526, 1.1622905731201172e-06], "k_pid_alt": [1.9884089231491089, 0.03620702028274536, 0.99704909324646], "k_pid_att": [99.37394714355469, 0.1161574274301529, 0.9619649052619934], "k_pid_yaw": [0.5, 1e-06, 0.1], "k_pid_hsp": [9.860390663146973, 0.955089807510376, 0.00711706280708313], "k_pid_vsp": [400.0, 395.57684326171875, 0.5940566658973694]}, "datetime": {"datetime": "2025-08-20 22:29:11", "elapsed": 38206.173092365265, "delta": 15.968112468719482}, "costs": {"total_cost": 207.3172594757007, "time_cost": 69.608, "final_distance_cost": 1.7388628951388767, "oscillation_cost": 60.99088825143384, "completition_cost": 0.0, "overshoot_cost": 50.479374733117545, "power_cost": 12.972558190917969, "noise_cost": 11.52757540509248, "n_waypoints_completed": 9, "tot_waypoints": 9}}
{"target": -218.44036918937687, "params": {"k_pid_pos": [1.8252346515655518, 0.02846190333366394, 0.0], "k_pid_alt": [1.979748249053955, 0.006523817777633667, 0.9831876158714294], "k_pid_att": [89.02586364746094, 0.2613546550273895, 0.993026852607727], "k_pid_yaw": [0.5, 1e-06, 0.1], "k_pid_hsp": [9.850799560546875, 0.9846675992012024, 0.0542961061000824], "k_pid_vsp": [400.0, 396.9645080566406, 5.2694807052612305]}, "datetime": {"datetime": "2025-08-20 22:29:27", "elapsed": 38222.04413175583, "delta": 15.871039390563965}, "costs": {"total_cost": 218.44036918937687, "time_cost": 69.312, "final_distance_cost": 1.746569656135312, "oscillation_cost": 72.6870003091263, "completition_cost": 0.0, "overshoot_cost": 50.13325640976416, "power_cost": 13.056989147949219, "noise_cost": 11.504553666401872, "n_waypoints_completed": 9, "tot_waypoints": 9}}
{"target": -303.71475559748114, "params": {"k_pid_pos": [1.9343180656433105, 0.042434871196746826, 0.982853889465332], "k_pid_alt": [1.994285225868225, 0.06332051753997803, 0.9737269282341003], "k_pid_att": [99.11598205566406, 0.22261561453342438, 0.9967173337936401], "k_pid_yaw": [0.5, 1e-06, 0.1], "k_pid_hsp": [9.080161094665527, 0.957054615020752, 0.07520577311515808], "k_pid_vsp": [399.9935607910156, 373.2332763671875, 5.227817058563232]}, "datetime": {"datetime": "2025-08-20 22:29:44", "elapsed": 38239.46808719635, "delta": 17.42395544052124}, "costs": {"total_cost": 303.71475559748114, "time_cost": 76.632, "final_distance_cost": 1.847253084284061, "oscillation_cost": 145.060666236348, "completition_cost": 0.0, "overshoot_cost": 51.179521341794896, "power_cost": 15.29518055419922, "noise_cost": 13.70013438085492, "n_waypoints_completed": 9, "tot_waypoints": 9}}
{"target": -298.45111059563214, "params": {"k_pid_pos": [1.983375906944275, 0.05211278796195984, 0.0], "k_pid_alt": [1.9809956550598145, 0.3489025831222534, 0.9590374231338501], "k_pid_att": [99.37104034423828, 0.32469677925109863, 0.9979181289672852], "k_pid_yaw": [0.5, 1e-06, 0.1], "k_pid_hsp": [8.612964630126953, 0.9964461922645569, 0.02598997950553894], "k_pid_vsp": [400.0, 397.8152160644531, 11.473489761352539]}, "datetime": {"datetime": "2025-08-20 22:30:06", "elapsed": 38260.87360906601, "delta": 21.405521869659424}, "costs": {"total_cost": 298.45111059563214, "time_cost": 96.528, "final_distance_cost": 1.7449889189713768, "oscillation_cost": 112.46681023140235, "completition_cost": 0.0, "overshoot_cost": 52.72291529558739, "power_cost": 19.563502380371094, "noise_cost": 15.424893769299928, "n_waypoints_completed": 9, "tot_waypoints": 9}}
{"target": -431.7326061644883, "params": {"k_pid_pos": [1.9930740594863892, 0.06089359521865845, 0.0], "k_pid_alt": [1.9489002227783203, 0.30849528312683105, 0.9552111625671387], "k_pid_att": [99.58502197265625, 0.10118041932582855, 0.9490762948989868], "k_pid_yaw": [0.5, 1e-06, 0.1], "k_pid_hsp": [9.539642333984375, 0.9980744123458862, 0.0023353397846221924], "k_pid_vsp": [400.0, 396.22491455078125, 22.75844955444336]}, "datetime": {"datetime": "2025-08-20 22:30:29", "elapsed": 38284.103122234344, "delta": 23.22951316833496}, "costs": {"total_cost": 431.7326061644883, "time_cost": 150, "final_distance_cost": 1.8361797002913924, "oscillation_cost": 82.23308291354701, "completition_cost": 111.11111111111116, "overshoot_cost": 52.56479733920861, "power_cost": 19.322478674316407, "noise_cost": 14.664956426013696, "n_waypoints_completed": 8, "tot_waypoints": 9}}
{"target": -228.60228980081368, "params": {"k_pid_pos": [1.889948844909668, 0.023548424243927002, 4.094839096069336e-05], "k_pid_alt": [1.9662158489227295, 0.03749877214431763, 0.789673388004303], "k_pid_att": [98.49516296386719, 1.8323034048080444, 0.9922726154327393], "k_pid_yaw": [0.5, 1e-06, 0.1], "k_pid_hsp": [9.240774154663086, 0.9829888343811035, 0.11660045385360718], "k_pid_vsp": [400.0, 390.1291809082031, 10.817075729370117]}, "datetime": {"datetime": "2025-08-20 22:30:44", "elapsed": 38299.131635427475, "delta": 15.028513193130493}, "costs": {"total_cost": 228.60228980081368, "time_cost": 69.68, "final_distance_cost": 1.782568271073608, "oscillation_cost": 79.9921890314484, "completition_cost": 0.0, "overshoot_cost": 50.56777919290159, "power_cost": 14.45830516357422, "noise_cost": 12.121448141815888, "n_waypoints_completed": 9, "tot_waypoints": 9}}
{"target": -267.3496666088401, "params": {"k_pid_pos": [1.9774647951126099, 0.01319471001625061, 0.0], "k_pid_alt": [1.922656774520874, 0.09939098358154297, 0.9902033805847168], "k_pid_att": [98.8260269165039, 0.13157044351100922, 0.9930880665779114], "k_pid_yaw": [0.5, 1e-06, 0.1], "k_pid_hsp": [9.827898025512695, 0.988563060760498, 0.0017645657062530518], "k_pid_vsp": [400.0, 390.7508850097656, 27.912010192871094]}, "datetime": {"datetime": "2025-08-20 22:31:07", "elapsed": 38322.18653655052, "delta": 23.054901123046875}, "costs": {"total_cost": 267.3496666088401, "time_cost": 98.008, "final_distance_cost": 1.7930205985925691, "oscillation_cost": 84.02277154867191, "completition_cost": 0.0, "overshoot_cost": 51.9681158865016, "power_cost": 17.405356518554687, "noise_cost": 14.15240205651934, "n_waypoints_completed": 9, "tot_waypoints": 9}}
{"target": -203.66630419122922, "params": {"k_pid_pos": [1.834627628326416, 0.026504546403884888, 0.0], "k_pid_alt": [1.9865468740463257, 0.013353854417800903, 0.9889625310897827], "k_pid_att": [97.22293853759766, 0.2626546323299408, 0.9952996969223022], "k_pid_yaw": [0.5, 1e-06, 0.1], "k_pid_hsp": [9.701909065246582, 0.8404248952865601, 0.009615212678909302], "k_pid_vsp": [400.0, 388.9669494628906, 5.310643672943115]}, "datetime": {"datetime": "2025-08-20 22:31:24", "elapsed": 38339.10395741463, "delta": 16.917420864105225}, "costs": {"total_cost": 203.66630419122922, "time_cost": 69.544, "final_distance_cost": 1.7960320638838059, "oscillation_cost": 57.338252336793666, "completition_cost": 0.0, "overshoot_cost": 50.66289274842886, "power_cost": 12.893923034667969, "noise_cost": 11.431204007454914, "n_waypoints_completed": 9, "tot_waypoints": 9}}
{"target": -213.42285475794267, "params": {"k_pid_pos": [1.9022706747055054, 0.013086318969726562, 0.0], "k_pid_alt": [1.9528875350952148, 0.00892418622970581, 0.9896596074104309], "k_pid_att": [97.07315826416016, 0.8278560042381287, 0.9947589635848999], "k_pid_yaw": [0.5, 1e-06, 0.1], "k_pid_hsp": [9.810725212097168, 0.970744252204895, 0.02099570631980896], "k_pid_vsp": [400.0, 367.484375, 7.014919281005859]}, "datetime": {"datetime": "2025-08-20 22:31:39", "elapsed": 38354.06814479828, "delta": 14.964187383651733}, "costs": {"total_cost": 213.42285475794267, "time_cost": 69.912, "final_distance_cost": 1.760981204163903, "oscillation_cost": 66.84682256198958, "completition_cost": 0.0, "overshoot_cost": 50.34943428959636, "power_cost": 13.037365295410156, "noise_cost": 11.516251406782697, "n_waypoints_completed": 9, "tot_waypoints": 9}}
{"target": -210.83889540206886, "params": {"k_pid_pos": [1.774127721786499, 0.016179829835891724, 0.0], "k_pid_alt": [1.7506123781204224, 0.0116044282913208, 0.9562290906906128], "k_pid_att": [97.07556915283203, 0.6883839964866638, 0.9685736298561096], "k_pid_yaw": [0.5, 1e-06, 0.1], "k_pid_hsp": [9.314441680908203, 0.9940651655197144, 0.015702128410339355], "k_pid_vsp": [392.5885314941406, 390.3559265136719, 7.347286701202393]}, "datetime": {"datetime": "2025-08-20 22:31:56", "elapsed": 38371.030849695206, "delta": 16.96270489692688}, "costs": {"total_cost": 210.83889540206886, "time_cost": 69.768, "final_distance_cost": 1.798658721859103, "oscillation_cost": 64.5907820688473, "completition_cost": 0.0, "overshoot_cost": 50.29565420184731, "power_cost": 12.99059852294922, "noise_cost": 11.39520188656592, "n_waypoints_completed": 9, "tot_waypoints": 9}}
{"target": -220.63403861166287, "params": {"k_pid_pos": [1.8741384744644165, 0.0047629475593566895, 0.0], "k_pid_alt": [1.71539306640625, 0.01835334300994873, 0.9809106588363647], "k_pid_att": [96.18280029296875, 0.012090844102203846, 0.7969315052032471], "k_pid_yaw": [0.5, 1e-06, 0.1], "k_pid_hsp": [9.929346084594727, 0.921004056930542, 0.05109637975692749], "k_pid_vsp": [400.0, 395.663818359375, 6.132925510406494]}, "datetime": {"datetime": "2025-08-20 22:32:11", "elapsed": 38385.93484854698, "delta": 14.903998851776123}, "costs": {"total_cost": 220.63403861166287, "time_cost": 69.44800000000001, "final_distance_cost": 1.730024118711401, "oscillation_cost": 75.51524624282358, "completition_cost": 0.0, "overshoot_cost": 49.67894501054541, "power_cost": 12.868659594726562, "noise_cost": 11.393163644855914, "n_waypoints_completed": 9, "tot_waypoints": 9}}
{"target": -211.93853725106462, "params": {"k_pid_pos": [1.972375750541687, 0.004849821329116821, 0.0], "k_pid_alt": [1.8127989768981934, 0.01859140396118164, 0.9846446514129639], "k_pid_att": [96.81180572509766, 0.9497915506362915, 0.9693059921264648], "k_pid_yaw": [0.5, 1e-06, 0.1], "k_pid_hsp": [9.811432838439941, 0.9957065582275391, 0.016451209783554077], "k_pid_vsp": [400.0, 395.2084045410156, 25.235023498535156]}, "datetime": {"datetime": "2025-08-20 22:32:28", "elapsed": 38403.00202178955, "delta": 17.06717324256897}, "costs": {"total_cost": 211.93853725106462, "time_cost": 69.68, "final_distance_cost": 1.7311104014798218, "oscillation_cost": 62.361519718711186, "completition_cost": 0.0, "overshoot_cost": 50.476553788041464, "power_cost": 15.59687137451172, "noise_cost": 12.092481968320412, "n_waypoints_completed": 9, "tot_waypoints": 9}}
{"target": -212.7795126175271, "params": {"k_pid_pos": [1.9307342767715454, 0.02009505033493042, 0.00029408931732177734], "k_pid_alt": [1.9717897176742554, 0.02812284231185913, 0.9852381944656372], "k_pid_att": [97.88483428955078, 0.42420098185539246, 0.982178807258606], "k_pid_yaw": [0.5, 1e-06, 0.1], "k_pid_hsp": [9.874332427978516, 0.8964991569519043, 0.013938456773757935], "k_pid_vsp": [400.0, 387.82952880859375, 4.60414981842041]}, "datetime": {"datetime": "2025-08-20 22:32:43", "elapsed": 38417.876538038254, "delta": 14.874516248703003}, "costs": {"total_cost": 212.7795126175271, "time_cost": 69.632, "final_distance_cost": 1.7892039597489275, "oscillation_cost": 66.54279077617885, "completition_cost": 0.0, "overshoot_cost": 50.46383675865129, "power_cost": 12.886968432617188, "noise_cost": 11.464712690330858, "n_waypoints_completed": 9, "tot_waypoints": 9}}
{"target": -204.4857202636506, "params": {"k_pid_pos": [1.8752968311309814, 0.0026521682739257812, 0.0], "k_pid_alt": [1.9350074529647827, 0.01472163200378418, 0.971838116645813], "k_pid_att": [95.79570007324219, 0.0675702914595604, 0.9323825240135193], "k_pid_yaw": [0.5, 1e-06, 0.1], "k_pid_hsp": [9.791633605957031, 0.9640195965766907, 0.0058249831199646], "k_pid_vsp": [398.3409729003906, 363.415771484375, 5.719638824462891]}, "datetime": {"datetime": "2025-08-20 22:33:01", "elapsed": 38436.29018521309, "delta": 18.413647174835205}, "costs": {"total_cost": 204.4857202636506, "time_cost": 69.70400000000001, "final_distance_cost": 1.7604278468028127, "oscillation_cost": 57.85340667238355, "completition_cost": 0.0, "overshoot_cost": 50.79030937600642, "power_cost": 12.939124963378907, "noise_cost": 11.438451405078933, "n_waypoints_completed": 9, "tot_waypoints": 9}}
{"target": -211.17674626195978, "params": {"k_pid_pos": [1.9773770570755005, 0.014803320169448853, 0.0], "k_pid_alt": [1.9755369424819946, 0.003851860761642456, 0.9973330497741699], "k_pid_att": [93.1132583618164, 0.4946925938129425, 0.9910323619842529], "k_pid_yaw": [0.5, 1e-06, 0.1], "k_pid_hsp": [9.924259185791016, 0.9917546510696411, 0.007769525051116943], "k_pid_vsp": [399.9999694824219, 399.2626647949219, 11.67916202545166]}, "datetime": {"datetime": "2025-08-20 22:33:17", "elapsed": 38451.82049369812, "delta": 15.530308485031128}, "costs": {"total_cost": 211.17674626195978, "time_cost": 69.84, "final_distance_cost": 1.7330541000250863, "oscillation_cost": 65.89594556302785, "completition_cost": 0.0, "overshoot_cost": 49.950839661684576, "power_cost": 12.962237622070313, "noise_cost": 10.794669315151939, "n_waypoints_completed": 9, "tot_waypoints": 9}}
{"target": -304.6574436123678, "params": {"k_pid_pos": [1.2744958400726318, 0.001263737678527832, 0.0], "k_pid_alt": [1.9905869960784912, 0.00898018479347229, 0.9951646327972412], "k_pid_att": [99.38538360595703, 0.19395531713962555, 0.994929850101471], "k_pid_yaw": [0.5, 1e-06, 0.1], "k_pid_hsp": [9.669486045837402, 0.9679169654846191, 0.2358015775680542], "k_pid_vsp": [400.0, 392.5388488769531, 2.3848423957824707]}, "datetime": {"datetime": "2025-08-20 22:33:33", "elapsed": 38468.30570316315, "delta": 16.485209465026855}, "costs": {"total_cost": 304.6574436123678, "time_cost": 68.944, "final_distance_cost": 1.7738065302419919, "oscillation_cost": 155.95242951472073, "completition_cost": 0.0, "overshoot_cost": 51.53009986479066, "power_cost": 14.297685815429688, "noise_cost": 12.1594218871847, "n_waypoints_completed": 9, "tot_waypoints": 9}}
