{"target": -1081.4953630897937, "params": {"k_pid_pos": [1.6137700080871582, 0.45887553691864014, 0.0], "k_pid_alt": [0.09072422981262207, 0.025139957666397095, 0.8522355556488037], "k_pid_att": [93.60453033447266, 1.14235258102417, 0.9839879870414734], "k_pid_yaw": [0.5, 1e-06, 0.1], "k_pid_hsp": [6.405057907104492, 0.8507121205329895, 0.19353091716766357], "k_pid_vsp": [0.08493661880493164, 353.54290771484375, 66.46351623535156]}, "datetime": {"datetime": "2025-08-20 13:32:47", "elapsed": 6022.288072824478, "delta": 23.584750175476074}, "costs": {"total_cost": 1081.4953630897937, "time_cost": 150, "final_distance_cost": 48.01364438053308, "oscillation_cost": 238.47115263003639, "completition_cost": 555.5555555555555, "overshoot_cost": 53.968411170354905, "power_cost": 20.1071138671875, "noise_cost": 15.379485486126315, "n_waypoints_completed": 4, "tot_waypoints": 9}}
{"target": -714.4787990605861, "params": {"k_pid_pos": [1.8374830484390259, 0.7719457149505615, 0.09616535902023315], "k_pid_alt": [0.6267619729042053, 0.2640448212623596, 0.9673586487770081], "k_pid_att": [37.26769256591797, 0.23091638088226318, 0.9828236103057861], "k_pid_yaw": [0.5, 1e-06, 0.1], "k_pid_hsp": [5.559233665466309, 0.9419393539428711, 0.01660853624343872], "k_pid_vsp": [10.79111099243164, 335.3736877441406, 37.431907653808594]}, "datetime": {"datetime": "2025-08-20 13:33:11", "elapsed": 6046.089520454407, "delta": 23.80144762992859}, "costs": {"total_cost": 714.4787990605861, "time_cost": 150, "final_distance_cost": 70.66963093733128, "oscillation_cost": 70.03278075779696, "completition_cost": 333.33333333333337, "overshoot_cost": 50.052364742219716, "power_cost": 23.532221728515626, "noise_cost": 16.858467561389, "n_waypoints_completed": 6, "tot_waypoints": 9}}
{"target": -623.1587750630724, "params": {"k_pid_pos": [1.8554390668869019, 0.42885929346084595, 1.1622905731201172e-06], "k_pid_alt": [0.3223809003829956, 0.147308349609375, 0.87517911195755], "k_pid_att": [88.25096893310547, 4.255327224731445, 0.9425623416900635], "k_pid_yaw": [0.5, 1e-06, 0.1], "k_pid_hsp": [8.429040908813477, 0.9672305583953857, 0.10403603315353394], "k_pid_vsp": [400.0, 393.481689453125, 6.534529685974121]}, "datetime": {"datetime": "2025-08-20 13:33:35", "elapsed": 6069.840528249741, "delta": 23.751007795333862}, "costs": {"total_cost": 623.1587750630724, "time_cost": 150, "final_distance_cost": 65.14733159725785, "oscillation_cost": 100.4683548871112, "completition_cost": 222.2222222222222, "overshoot_cost": 49.2867147014784, "power_cost": 19.818004541015625, "noise_cost": 16.216147113987017, "n_waypoints_completed": 7, "tot_waypoints": 9}}
{"target": -352.08966415584337, "params": {"k_pid_pos": [1.566284418106079, 0.05548635125160217, 1.0], "k_pid_alt": [0.8784627318382263, 0.19015300273895264, 0.9662466645240784], "k_pid_att": [92.18461608886719, 2.2790327072143555, 0.7872766256332397], "k_pid_yaw": [0.5, 1e-06, 0.1], "k_pid_hsp": [8.015878677368164, 0.9135962724685669, 0.0724276602268219], "k_pid_vsp": [399.9979553222656, 333.5616760253906, 3.259063720703125]}, "datetime": {"datetime": "2025-08-20 13:33:55", "elapsed": 6089.5417511463165, "delta": 19.701222896575928}, "costs": {"total_cost": 352.08966415584337, "time_cost": 81.184, "final_distance_cost": 1.8002216132818616, "oscillation_cost": 189.83038923849378, "completition_cost": 0.0, "overshoot_cost": 50.00167994948282, "power_cost": 15.95773260498047, "noise_cost": 13.315640749604425, "n_waypoints_completed": 9, "tot_waypoints": 9}}
{"target": -760.4095471733181, "params": {"k_pid_pos": [0.7707744836807251, 0.03955736756324768, 1.0], "k_pid_alt": [0.18621498346328735, 0.0865776538848877, 0.847593367099762], "k_pid_att": [44.16021728515625, 0.5820241570472717, 0.9245363473892212], "k_pid_yaw": [0.5, 1e-06, 0.1], "k_pid_hsp": [9.782349586486816, 0.48439961671829224, 0.08549880981445312], "k_pid_vsp": [399.9596252441406, 363.24188232421875, 56.09492111206055]}, "datetime": {"datetime": "2025-08-20 13:34:21", "elapsed": 6115.7928104400635, "delta": 26.25105929374695}, "costs": {"total_cost": 760.4095471733181, "time_cost": 150, "final_distance_cost": 69.84152567101262, "oscillation_cost": 235.4012822852675, "completition_cost": 222.2222222222222, "overshoot_cost": 46.81842559860504, "power_cost": 20.619807177734376, "noise_cost": 15.506284218476317, "n_waypoints_completed": 7, "tot_waypoints": 9}}
{"target": -418.36416926425375, "params": {"k_pid_pos": [1.1640355587005615, 0.31142228841781616, 0.48537516593933105], "k_pid_alt": [1.5387333631515503, 0.06376457214355469, 0.9885328412055969], "k_pid_att": [94.24606323242188, 0.21773375570774078, 0.9526916742324829], "k_pid_yaw": [0.5, 1e-06, 0.1], "k_pid_hsp": [8.733168601989746, 0.9351051449775696, 0.26342490315437317], "k_pid_vsp": [399.9727783203125, 328.4725341796875, 10.337091445922852]}, "datetime": {"datetime": "2025-08-20 13:34:43", "elapsed": 6138.221858263016, "delta": 22.42904782295227}, "costs": {"total_cost": 418.36416926425375, "time_cost": 93.536, "final_distance_cost": 1.7658411797322786, "oscillation_cost": 236.1920662159096, "completition_cost": 0.0, "overshoot_cost": 52.072164783681764, "power_cost": 18.9214576171875, "noise_cost": 15.876639467742537, "n_waypoints_completed": 9, "tot_waypoints": 9}}
{"target": -295.35252546176986, "params": {"k_pid_pos": [1.337689757347107, 0.5476000905036926, 0.00470319390296936], "k_pid_alt": [0.9290748238563538, 0.017560482025146484, 0.9880997538566589], "k_pid_att": [66.29325103759766, 3.841554641723633, 0.9627870917320251], "k_pid_yaw": [0.5, 1e-06, 0.1], "k_pid_hsp": [1.4485695362091064, 0.7213408946990967, 0.18189272284507751], "k_pid_vsp": [399.99993896484375, 363.4488220214844, 39.88943099975586]}, "datetime": {"datetime": "2025-08-20 13:35:06", "elapsed": 6160.745672464371, "delta": 22.52381420135498}, "costs": {"total_cost": 295.35252546176986, "time_cost": 88.184, "final_distance_cost": 1.7761802302953231, "oscillation_cost": 119.23540282990379, "completition_cost": 0.0, "overshoot_cost": 51.33015561203612, "power_cost": 19.572518530273438, "noise_cost": 15.25426825926121, "n_waypoints_completed": 9, "tot_waypoints": 9}}
{"target": -772.6478410982392, "params": {"k_pid_pos": [1.98868989944458, 0.6085287928581238, 6.8247318267822266e-06], "k_pid_alt": [1.3013553619384766, 0.07987028360366821, 0.8304504752159119], "k_pid_att": [78.52798461914062, 4.5913987159729, 0.9815496206283569], "k_pid_yaw": [0.5, 1e-06, 0.1], "k_pid_hsp": [0.12126877158880234, 0.8754534125328064, 0.3493267595767975], "k_pid_vsp": [398.5324401855469, 371.088134765625, 207.60598754882812]}, "datetime": {"datetime": "2025-08-20 13:35:31", "elapsed": 6185.849005937576, "delta": 25.103333473205566}, "costs": {"total_cost": 772.6478410982392, "time_cost": 150, "final_distance_cost": 84.97734670436094, "oscillation_cost": 109.62352017115323, "completition_cost": 333.33333333333337, "overshoot_cost": 55.02346959117193, "power_cost": 23.321130639648437, "noise_cost": 16.369040658571272, "n_waypoints_completed": 6, "tot_waypoints": 9}}
{"target": -695.7200604833014, "params": {"k_pid_pos": [1.3765671253204346, 0.05847790837287903, 0.9997500777244568], "k_pid_alt": [0.022465050220489502, 0.12837594747543335, 0.8408660888671875], "k_pid_att": [90.83995819091797, 0.3911845088005066, 0.9372915029525757], "k_pid_yaw": [0.5, 1e-06, 0.1], "k_pid_hsp": [9.24268913269043, 0.9431319236755371, 0.21918976306915283], "k_pid_vsp": [400.0, 326.9209289550781, 180.42446899414062]}, "datetime": {"datetime": "2025-08-20 13:35:55", "elapsed": 6209.664856672287, "delta": 23.815850734710693}, "costs": {"total_cost": 695.7200604833014, "time_cost": 150, "final_distance_cost": 12.314595345586552, "oscillation_cost": 320.81854834758224, "completition_cost": 111.11111111111116, "overshoot_cost": 65.2524178858327, "power_cost": 20.695898278808595, "noise_cost": 15.527489514380008, "n_waypoints_completed": 8, "tot_waypoints": 9}}
{"target": -710.0085740093105, "params": {"k_pid_pos": [0.7819914221763611, 0.7062605619430542, 0.0], "k_pid_alt": [1.49074125289917, 0.3465964198112488, 0.9489164352416992], "k_pid_att": [95.45874786376953, 2.3153183460235596, 0.854338526725769], "k_pid_yaw": [0.5, 1e-06, 0.1], "k_pid_hsp": [7.7740044593811035, 0.9748810529708862, 0.1399219036102295], "k_pid_vsp": [399.51361083984375, 274.43048095703125, 53.026878356933594]}, "datetime": {"datetime": "2025-08-20 13:36:19", "elapsed": 6233.998936653137, "delta": 24.33407998085022}, "costs": {"total_cost": 710.0085740093105, "time_cost": 150, "final_distance_cost": 74.9563521512845, "oscillation_cost": 178.23073151451533, "completition_cost": 222.2222222222222, "overshoot_cost": 47.166403686151874, "power_cost": 21.35862049560547, "noise_cost": 16.07424393953113, "n_waypoints_completed": 7, "tot_waypoints": 9}}
{"target": -1040.798081983848, "params": {"k_pid_pos": [1.8129878044128418, 0.7494319677352905, 0.0], "k_pid_alt": [0.17987048625946045, 0.15744978189468384, 0.8827868700027466], "k_pid_att": [94.31262969970703, 0.605468213558197, 0.9185421466827393], "k_pid_yaw": [0.5, 1e-06, 0.1], "k_pid_hsp": [3.561751127243042, 0.888451337814331, 0.11036533117294312], "k_pid_vsp": [399.9913330078125, 325.75579833984375, 21.596111297607422]}, "datetime": {"datetime": "2025-08-20 13:36:43", "elapsed": 6257.8588325977325, "delta": 23.859895944595337}, "costs": {"total_cost": 1040.798081983848, "time_cost": 150, "final_distance_cost": 50.30080354515655, "oscillation_cost": 76.70486697240169, "completition_cost": 666.6666666666667, "overshoot_cost": 60.262218530945056, "power_cost": 20.6625037109375, "noise_cost": 16.20102255774051, "n_waypoints_completed": 3, "tot_waypoints": 9}}
{"target": -607.017505380623, "params": {"k_pid_pos": [1.878806710243225, 0.4835726022720337, 0.008599072694778442], "k_pid_alt": [0.23062211275100708, 0.027794241905212402, 0.7793725728988647], "k_pid_att": [44.147071838378906, 0.513951301574707, 0.9632003307342529], "k_pid_yaw": [0.5, 1e-06, 0.1], "k_pid_hsp": [6.673465728759766, 0.8432722091674805, 0.04412302374839783], "k_pid_vsp": [400.0, 299.0187683105469, 2.734781265258789]}, "datetime": {"datetime": "2025-08-20 13:37:09", "elapsed": 6283.785413980484, "delta": 25.926581382751465}, "costs": {"total_cost": 607.017505380623, "time_cost": 150, "final_distance_cost": 76.4278940714882, "oscillation_cost": 74.94926342122956, "completition_cost": 222.2222222222222, "overshoot_cost": 48.514697816888784, "power_cost": 19.137670227050783, "noise_cost": 15.765757621743532, "n_waypoints_completed": 7, "tot_waypoints": 9}}
{"target": -1309.8806090884257, "params": {"k_pid_pos": [1.550032615661621, 0.8956376314163208, 0.0], "k_pid_alt": [0.546222448348999, 0.026335060596466064, 0.669726550579071], "k_pid_att": [89.76252746582031, 0.8656995296478271, 0.790374755859375], "k_pid_yaw": [0.5, 1e-06, 0.1], "k_pid_hsp": [8.963822364807129, 0.9643145203590393, 0.022977620363235474], "k_pid_vsp": [397.92926025390625, 283.2241516113281, 2.487433910369873]}, "datetime": {"datetime": "2025-08-20 13:37:32", "elapsed": 6307.359256744385, "delta": 23.573842763900757}, "costs": {"total_cost": 1309.8806090884257, "time_cost": 150, "final_distance_cost": 45.94461351804498, "oscillation_cost": 52.048579887896445, "completition_cost": 1000.0, "overshoot_cost": 27.09026390378952, "power_cost": 18.935462072753907, "noise_cost": 15.861689705940924, "n_waypoints_completed": 0, "tot_waypoints": 9}}
{"target": -236.861018541874, "params": {"k_pid_pos": [0.8277944326400757, 0.09772306680679321, 0.0], "k_pid_alt": [1.8964074850082397, 0.02606859803199768, 0.6730912923812866], "k_pid_att": [95.49856567382812, 4.531271934509277, 0.9576276540756226], "k_pid_yaw": [0.5, 1e-06, 0.1], "k_pid_hsp": [8.271943092346191, 0.9830982685089111, 0.060316264629364014], "k_pid_vsp": [400.0, 396.3493347167969, 177.32591247558594]}, "datetime": {"datetime": "2025-08-20 13:37:51", "elapsed": 6325.7175216674805, "delta": 18.358264923095703}, "costs": {"total_cost": 236.861018541874, "time_cost": 75.04, "final_distance_cost": 1.8445362222519845, "oscillation_cost": 81.50505555352109, "completition_cost": 0.0, "overshoot_cost": 50.68885495905966, "power_cost": 15.127149719238282, "noise_cost": 12.655422087802972, "n_waypoints_completed": 9, "tot_waypoints": 9}}
{"target": -485.4907214737198, "params": {"k_pid_pos": [1.865122675895691, 0.23420485854148865, 0.055731743574142456], "k_pid_alt": [1.5575923919677734, 0.8029178380966187, 0.8143436908721924], "k_pid_att": [97.46250915527344, 5.355929374694824, 0.9177478551864624], "k_pid_yaw": [0.5, 1e-06, 0.1], "k_pid_hsp": [1.694128155708313, 0.8695912957191467, 0.07641685009002686], "k_pid_vsp": [400.0, 392.3887634277344, 13.13780689239502]}, "datetime": {"datetime": "2025-08-20 13:38:16", "elapsed": 6350.802721500397, "delta": 25.08519983291626}, "costs": {"total_cost": 485.4907214737198, "time_cost": 150, "final_distance_cost": 12.923713329630433, "oscillation_cost": 109.38662844200306, "completition_cost": 111.11111111111116, "overshoot_cost": 62.74922623851277, "power_cost": 21.681286718750002, "noise_cost": 17.63875563371238, "n_waypoints_completed": 8, "tot_waypoints": 9}}
{"target": -237.36165187908486, "params": {"k_pid_pos": [1.2450522184371948, 0.2013254165649414, 0.9723883867263794], "k_pid_alt": [0.5429198145866394, 0.03602957725524902, 0.9551689028739929], "k_pid_att": [85.24050903320312, 0.5001958608627319, 0.9511854648590088], "k_pid_yaw": [0.5, 1e-06, 0.1], "k_pid_hsp": [5.832479000091553, 0.7828365564346313, 0.0020058751106262207], "k_pid_vsp": [399.9930725097656, 309.8276062011719, 43.951820373535156]}, "datetime": {"datetime": "2025-08-20 13:38:41", "elapsed": 6376.223684549332, "delta": 25.420963048934937}, "costs": {"total_cost": 237.36165187908486, "time_cost": 95.84, "final_distance_cost": 1.8250461135220262, "oscillation_cost": 56.958712789693045, "completition_cost": 0.0, "overshoot_cost": 51.140383274865684, "power_cost": 17.595652392578124, "noise_cost": 14.001857308425976, "n_waypoints_completed": 9, "tot_waypoints": 9}}
{"target": -615.2018061141167, "params": {"k_pid_pos": [1.8256675004959106, 0.41911551356315613, 0.0], "k_pid_alt": [0.2239728569984436, 0.02642694115638733, 0.6634216904640198], "k_pid_att": [32.57756423950195, 0.2701951265335083, 0.89812833070755], "k_pid_yaw": [0.5, 1e-06, 0.1], "k_pid_hsp": [2.1739089488983154, 0.9768582582473755, 0.047262221574783325], "k_pid_vsp": [390.8194580078125, 391.1795349121094, 97.22637176513672]}, "datetime": {"datetime": "2025-08-20 13:39:09", "elapsed": 6404.058111667633, "delta": 27.83442711830139}, "costs": {"total_cost": 615.2018061141167, "time_cost": 150, "final_distance_cost": 73.41398714652512, "oscillation_cost": 80.17032195385427, "completition_cost": 222.2222222222222, "overshoot_cost": 52.32742578907983, "power_cost": 21.474818896484376, "noise_cost": 15.593030105950906, "n_waypoints_completed": 7, "tot_waypoints": 9}}
{"target": -284.0814790664505, "params": {"k_pid_pos": [1.427904725074768, 0.11719843745231628, 2.9802322387695312e-08], "k_pid_alt": [1.7758612632751465, 0.06754857301712036, 0.9309574365615845], "k_pid_att": [96.70774841308594, 0.1351022720336914, 0.4473356306552887], "k_pid_yaw": [0.5, 1e-06, 0.1], "k_pid_hsp": [0.25118234753608704, 0.9584361910820007, 0.13337820768356323], "k_pid_vsp": [400.0, 399.1349182128906, 11.219300270080566]}, "datetime": {"datetime": "2025-08-20 13:39:32", "elapsed": 6426.526095628738, "delta": 22.467983961105347}, "costs": {"total_cost": 284.0814790664505, "time_cost": 91.328, "final_distance_cost": 1.7003395180633796, "oscillation_cost": 84.4651083615879, "completition_cost": 0.0, "overshoot_cost": 71.98181727823665, "power_cost": 18.929415429687502, "noise_cost": 15.676798478875106, "n_waypoints_completed": 9, "tot_waypoints": 9}}
{"target": -249.21717434349648, "params": {"k_pid_pos": [1.863836646080017, 0.3184258043766022, 0.0], "k_pid_alt": [0.946601152420044, 0.03188684582710266, 0.9755319952964783], "k_pid_att": [92.76116180419922, 2.201723575592041, 0.9566710591316223], "k_pid_yaw": [0.5, 1e-06, 0.1], "k_pid_hsp": [3.74053692817688, 0.9403048753738403, 0.039974749088287354], "k_pid_vsp": [399.9997253417969, 255.79891967773438, 99.30449676513672]}, "datetime": {"datetime": "2025-08-20 13:39:53", "elapsed": 6447.542302846909, "delta": 21.016207218170166}, "costs": {"total_cost": 249.21717434349648, "time_cost": 87.52, "final_distance_cost": 1.7207788179236008, "oscillation_cost": 68.6689597902302, "completition_cost": 0.0, "overshoot_cost": 58.179172543217426, "power_cost": 19.025020654296878, "noise_cost": 14.103242537828386, "n_waypoints_completed": 9, "tot_waypoints": 9}}
{"target": -386.4861973936998, "params": {"k_pid_pos": [1.3299509286880493, 0.8639037013053894, 0.9908542633056641], "k_pid_alt": [1.6049596071243286, 0.03203675150871277, 0.5314709544181824], "k_pid_att": [93.48339080810547, 3.302049160003662, 0.9203282594680786], "k_pid_yaw": [0.5, 1e-06, 0.1], "k_pid_hsp": [6.003946781158447, 0.9408987760543823, 0.5453616380691528], "k_pid_vsp": [399.9937438964844, 347.0108642578125, 220.8505859375]}, "datetime": {"datetime": "2025-08-20 13:40:14", "elapsed": 6469.114761590958, "delta": 21.572458744049072}, "costs": {"total_cost": 386.4861973936998, "time_cost": 86.688, "final_distance_cost": 1.7225917881169641, "oscillation_cost": 213.12321672453112, "completition_cost": 0.0, "overshoot_cost": 53.4826461185679, "power_cost": 17.737761938476563, "noise_cost": 13.731980824007236, "n_waypoints_completed": 9, "tot_waypoints": 9}}
{"target": -311.85187598652635, "params": {"k_pid_pos": [1.9285839796066284, 0.06263303756713867, 0.8477047681808472], "k_pid_alt": [1.5389189720153809, 0.053122103214263916, 0.9664456844329834], "k_pid_att": [97.94683837890625, 0.5950092077255249, 0.798716127872467], "k_pid_yaw": [0.5, 1e-06, 0.1], "k_pid_hsp": [3.625807046890259, 0.8835398554801941, 0.06619065999984741], "k_pid_vsp": [399.7267761230469, 380.3223571777344, 193.11328125]}, "datetime": {"datetime": "2025-08-20 13:40:34", "elapsed": 6489.098348617554, "delta": 19.98358702659607}, "costs": {"total_cost": 311.85187598652635, "time_cost": 76.72800000000001, "final_distance_cost": 1.8432414428636874, "oscillation_cost": 151.52428132228266, "completition_cost": 0.0, "overshoot_cost": 51.866913419361424, "power_cost": 16.817124597167968, "noise_cost": 13.072315204850595, "n_waypoints_completed": 9, "tot_waypoints": 9}}
{"target": -291.44225139203735, "params": {"k_pid_pos": [1.8363298177719116, 0.0818873941898346, 0.9998982548713684], "k_pid_alt": [1.370735764503479, 0.1484021544456482, 0.9681574106216431], "k_pid_att": [42.5777587890625, 1.6592868566513062, 0.9738211631774902], "k_pid_yaw": [0.5, 1e-06, 0.1], "k_pid_hsp": [8.882874488830566, 0.9372167587280273, 0.031333595514297485], "k_pid_vsp": [400.0, 358.88458251953125, 129.73764038085938]}, "datetime": {"datetime": "2025-08-20 13:40:56", "elapsed": 6510.621910572052, "delta": 21.52356195449829}, "costs": {"total_cost": 291.44225139203735, "time_cost": 84.432, "final_distance_cost": 1.8001049270018077, "oscillation_cost": 122.42101005408655, "completition_cost": 0.0, "overshoot_cost": 50.9215717905937, "power_cost": 18.035578613281253, "noise_cost": 13.831986007074027, "n_waypoints_completed": 9, "tot_waypoints": 9}}
{"target": -257.0310583849384, "params": {"k_pid_pos": [1.9883381128311157, 0.463361918926239, 2.9802322387695312e-08], "k_pid_alt": [1.070918321609497, 0.006774276494979858, 0.8510105609893799], "k_pid_att": [87.10603332519531, 0.5245819687843323, 0.9029245376586914], "k_pid_yaw": [0.5, 1e-06, 0.1], "k_pid_hsp": [8.197610855102539, 0.8158285617828369, 0.07469835877418518], "k_pid_vsp": [399.9999084472656, 369.93450927734375, 31.628969192504883]}, "datetime": {"datetime": "2025-08-20 13:41:17", "elapsed": 6532.431471586227, "delta": 21.809561014175415}, "costs": {"total_cost": 257.0310583849384, "time_cost": 83.696, "final_distance_cost": 1.7597912505892548, "oscillation_cost": 86.22100233198965, "completition_cost": 0.0, "overshoot_cost": 55.58987670752958, "power_cost": 16.439329296875, "noise_cost": 13.325058797954856, "n_waypoints_completed": 9, "tot_waypoints": 9}}
{"target": -832.5215397850176, "params": {"k_pid_pos": [1.9499620199203491, 0.278289258480072, 0.00035837292671203613], "k_pid_alt": [0.03149211406707764, 0.07383179664611816, 0.7307373285293579], "k_pid_att": [70.33729553222656, 5.493126392364502, 0.7726889252662659], "k_pid_yaw": [0.5, 1e-06, 0.1], "k_pid_hsp": [8.96621036529541, 0.8960491418838501, 0.030143707990646362], "k_pid_vsp": [400.0, 220.03182983398438, 14.127387046813965]}, "datetime": {"datetime": "2025-08-20 13:41:43", "elapsed": 6558.266506433487, "delta": 25.83503484725952}, "costs": {"total_cost": 832.5215397850176, "time_cost": 150, "final_distance_cost": 55.372739880721475, "oscillation_cost": 95.29098511731593, "completition_cost": 444.4444444444444, "overshoot_cost": 52.878388627097614, "power_cost": 19.572589086914064, "noise_cost": 14.962392628524157, "n_waypoints_completed": 5, "tot_waypoints": 9}}
{"target": -441.4989114509276, "params": {"k_pid_pos": [1.6297883987426758, 0.2153092324733734, 0.00028187036514282227], "k_pid_alt": [1.2003204822540283, 0.060839951038360596, 0.8952021598815918], "k_pid_att": [81.79785919189453, 0.6590296030044556, 0.667989194393158], "k_pid_yaw": [0.5, 1e-06, 0.1], "k_pid_hsp": [4.5875091552734375, 0.9125888347625732, 0.028501838445663452], "k_pid_vsp": [396.2020568847656, 317.0990905761719, 241.63356018066406]}, "datetime": {"datetime": "2025-08-20 13:42:09", "elapsed": 6584.234392404556, "delta": 25.967885971069336}, "costs": {"total_cost": 441.4989114509276, "time_cost": 150, "final_distance_cost": 9.177454823670997, "oscillation_cost": 76.4383422738749, "completition_cost": 111.11111111111116, "overshoot_cost": 58.48600523932742, "power_cost": 20.833194396972658, "noise_cost": 15.452803605970457, "n_waypoints_completed": 8, "tot_waypoints": 9}}
