{"target": -212.29371956162058, "params": {"k_pid_pos": [1.9335973262786865, 0.019624650478363037, 0.0], "k_pid_alt": [1.9610683917999268, 0.06633812189102173, 0.9655377268791199], "k_pid_att": [92.5899658203125, 0.8563693761825562, 0.9813870191574097], "k_pid_yaw": [0.5, 1e-06, 0.1], "k_pid_hsp": [9.065169334411621, 0.9731332063674927, 0.022961318492889404], "k_pid_vsp": [399.99993896484375, 397.8279724121094, 27.248838424682617]}, "datetime": {"datetime": "2025-08-20 18:56:55", "elapsed": 25469.90212869644, "delta": 16.15031623840332}, "costs": {"total_cost": 212.29371956162058, "time_cost": 70.06400000000001, "final_distance_cost": 1.799500566822777, "oscillation_cost": 67.75403087535834, "completition_cost": 0.0, "overshoot_cost": 51.04175980212935, "power_cost": 11.694854699707031, "noise_cost": 9.939573617603052, "n_waypoints_completed": 9, "tot_waypoints": 9}}
{"target": -224.3197640196053, "params": {"k_pid_pos": [1.8280901908874512, 0.1320684552192688, 0.0], "k_pid_alt": [1.9507755041122437, 0.013391077518463135, 0.9968008995056152], "k_pid_att": [82.27022552490234, 0.35305577516555786, 0.9813926815986633], "k_pid_yaw": [0.5, 1e-06, 0.1], "k_pid_hsp": [9.80745792388916, 0.9904197454452515, 0.008882761001586914], "k_pid_vsp": [398.7129211425781, 388.62518310546875, 9.197903633117676]}, "datetime": {"datetime": "2025-08-20 18:57:10", "elapsed": 25485.061029434204, "delta": 15.158900737762451}, "costs": {"total_cost": 224.3197640196053, "time_cost": 70.08, "final_distance_cost": 1.7343369670584547, "oscillation_cost": 77.66116470888923, "completition_cost": 0.0, "overshoot_cost": 50.16293984365028, "power_cost": 13.292351672363282, "noise_cost": 11.388970827644052, "n_waypoints_completed": 9, "tot_waypoints": 9}}
{"target": -213.23320679031838, "params": {"k_pid_pos": [1.9742909669876099, 0.03923240303993225, 0.0], "k_pid_alt": [1.9521892070770264, 0.005964905023574829, 0.9653186202049255], "k_pid_att": [99.28755950927734, 0.1401197463274002, 0.997733473777771], "k_pid_yaw": [0.5, 1e-06, 0.1], "k_pid_hsp": [9.638924598693848, 0.9431919455528259, 0.009432226419448853], "k_pid_vsp": [400.0, 398.6453857421875, 5.3558478355407715]}, "datetime": {"datetime": "2025-08-20 18:57:27", "elapsed": 25502.150220632553, "delta": 17.089191198349}, "costs": {"total_cost": 213.23320679031838, "time_cost": 70.104, "final_distance_cost": 1.7466840136002129, "oscillation_cost": 66.78723448955115, "completition_cost": 0.0, "overshoot_cost": 49.893662213639885, "power_cost": 13.095355920410157, "noise_cost": 11.606270153116988, "n_waypoints_completed": 9, "tot_waypoints": 9}}
{"target": -214.9042000600602, "params": {"k_pid_pos": [1.9295616149902344, 0.025571972131729126, 1.2546777725219727e-05], "k_pid_alt": [1.985173225402832, 0.009493529796600342, 0.9665946960449219], "k_pid_att": [98.70841217041016, 0.039833251386880875, 0.9917032718658447], "k_pid_yaw": [0.5, 1e-06, 0.1], "k_pid_hsp": [9.878787994384766, 0.9940567016601562, 0.02379968762397766], "k_pid_vsp": [400.0, 384.5035400390625, 1.4670500755310059]}, "datetime": {"datetime": "2025-08-20 18:57:43", "elapsed": 25517.546191453934, "delta": 15.395970821380615}, "costs": {"total_cost": 214.9042000600602, "time_cost": 69.496, "final_distance_cost": 1.7889927604929057, "oscillation_cost": 68.69556229758766, "completition_cost": 0.0, "overshoot_cost": 50.205859142841575, "power_cost": 13.163725073242189, "noise_cost": 11.554060785895903, "n_waypoints_completed": 9, "tot_waypoints": 9}}
{"target": -215.79257567655813, "params": {"k_pid_pos": [1.9873179197311401, 0.018510013818740845, 0.0], "k_pid_alt": [1.9726502895355225, 0.04574096202850342, 0.9833300709724426], "k_pid_att": [98.8021240234375, 0.3101077973842621, 0.9406880140304565], "k_pid_yaw": [0.5, 1e-06, 0.1], "k_pid_hsp": [9.811395645141602, 0.9650552272796631, 0.030352085828781128], "k_pid_vsp": [399.9999694824219, 392.1455993652344, 19.32984733581543]}, "datetime": {"datetime": "2025-08-20 18:57:59", "elapsed": 25534.229492664337, "delta": 16.683301210403442}, "costs": {"total_cost": 215.79257567655813, "time_cost": 69.696, "final_distance_cost": 1.7605029596052206, "oscillation_cost": 68.23782438308214, "completition_cost": 0.0, "overshoot_cost": 50.94577662303306, "power_cost": 13.816138037109376, "noise_cost": 11.33633367372834, "n_waypoints_completed": 9, "tot_waypoints": 9}}
{"target": -430.8035133298308, "params": {"k_pid_pos": [1.941716194152832, 0.005192458629608154, 0.0], "k_pid_alt": [1.9417097568511963, 0.1757493019104004, 0.9446924924850464], "k_pid_att": [96.06231689453125, 0.5086230039596558, 0.9559344053268433], "k_pid_yaw": [0.5, 1e-06, 0.1], "k_pid_hsp": [9.731460571289062, 0.9884339570999146, 0.009083211421966553], "k_pid_vsp": [400.0, 394.8572692871094, 10.259843826293945]}, "datetime": {"datetime": "2025-08-20 18:58:23", "elapsed": 25557.58163666725, "delta": 23.35214400291443}, "costs": {"total_cost": 430.8035133298308, "time_cost": 150, "final_distance_cost": 10.649463680031054, "oscillation_cost": 73.86792006546581, "completition_cost": 111.11111111111116, "overshoot_cost": 51.57914294655405, "power_cost": 18.85901744384766, "noise_cost": 14.736858082821051, "n_waypoints_completed": 8, "tot_waypoints": 9}}
{"target": -223.37988777998805, "params": {"k_pid_pos": [1.8618505001068115, 0.00658908486366272, 0.0], "k_pid_alt": [1.7985445261001587, 0.02503877878189087, 0.9951202869415283], "k_pid_att": [99.66612243652344, 0.049498047679662704, 0.9327186346054077], "k_pid_yaw": [0.5, 1e-06, 0.1], "k_pid_hsp": [9.653347969055176, 0.984531819820404, 0.030675292015075684], "k_pid_vsp": [400.0, 365.7646789550781, 0.5578766465187073]}, "datetime": {"datetime": "2025-08-20 18:58:37", "elapsed": 25572.395621538162, "delta": 14.813984870910645}, "costs": {"total_cost": 223.37988777998805, "time_cost": 69.656, "final_distance_cost": 1.794421136473038, "oscillation_cost": 76.92528135161268, "completition_cost": 0.0, "overshoot_cost": 50.50727075879778, "power_cost": 12.959726879882814, "noise_cost": 11.537187653221748, "n_waypoints_completed": 9, "tot_waypoints": 9}}
{"target": -226.69631750906592, "params": {"k_pid_pos": [1.9758343696594238, 0.006768673658370972, 0.0], "k_pid_alt": [1.977980613708496, 0.051686644554138184, 0.8933566212654114], "k_pid_att": [98.96326446533203, 0.6574665307998657, 0.9985567927360535], "k_pid_yaw": [0.5, 1e-06, 0.1], "k_pid_hsp": [9.82127857208252, 0.9544652700424194, 0.021456092596054077], "k_pid_vsp": [400.0, 398.7299499511719, 2.370573043823242]}, "datetime": {"datetime": "2025-08-20 18:58:54", "elapsed": 25588.53721690178, "delta": 16.141595363616943}, "costs": {"total_cost": 226.69631750906592, "time_cost": 69.56, "final_distance_cost": 1.7681577418568155, "oscillation_cost": 79.8286580032966, "completition_cost": 0.0, "overshoot_cost": 50.856280398166504, "power_cost": 13.155865039062501, "noise_cost": 11.527356326683524, "n_waypoints_completed": 9, "tot_waypoints": 9}}
{"target": -213.87812832669917, "params": {"k_pid_pos": [1.9777668714523315, 0.011206597089767456, 0.0], "k_pid_alt": [1.966797113418579, 0.006296604871749878, 0.9921561479568481], "k_pid_att": [95.8150634765625, 1.0153071880340576, 0.9782638549804688], "k_pid_yaw": [0.5, 1e-06, 0.1], "k_pid_hsp": [9.850449562072754, 0.9503042697906494, 0.011035352945327759], "k_pid_vsp": [399.318603515625, 391.8984069824219, 12.279749870300293]}, "datetime": {"datetime": "2025-08-20 18:59:09", "elapsed": 25604.49306535721, "delta": 15.955848455429077}, "costs": {"total_cost": 213.87812832669917, "time_cost": 69.888, "final_distance_cost": 1.733331223251038, "oscillation_cost": 63.19350657454732, "completition_cost": 0.0, "overshoot_cost": 50.145001659346235, "power_cost": 16.30778201904297, "noise_cost": 12.610506850511587, "n_waypoints_completed": 9, "tot_waypoints": 9}}
{"target": -213.0093925384208, "params": {"k_pid_pos": [1.9696489572525024, 0.009215682744979858, 0.0], "k_pid_alt": [1.8460066318511963, 0.057423681020736694, 0.9954137206077576], "k_pid_att": [99.4997329711914, 0.040488000959157944, 0.9590946435928345], "k_pid_yaw": [0.5, 1e-06, 0.1], "k_pid_hsp": [9.171870231628418, 0.9305654168128967, 0.011931657791137695], "k_pid_vsp": [399.9993896484375, 397.90252685546875, 17.284502029418945]}, "datetime": {"datetime": "2025-08-20 18:59:25", "elapsed": 25619.901407957077, "delta": 15.408342599868774}, "costs": {"total_cost": 213.0093925384208, "time_cost": 69.888, "final_distance_cost": 1.7397831033906663, "oscillation_cost": 61.468752266491215, "completition_cost": 0.0, "overshoot_cost": 51.38421250233552, "power_cost": 16.09807265625, "noise_cost": 12.430572009953417, "n_waypoints_completed": 9, "tot_waypoints": 9}}
{"target": -231.408070372652, "params": {"k_pid_pos": [1.9948278665542603, 0.00488889217376709, 0.0], "k_pid_alt": [1.91447913646698, 0.013644546270370483, 0.9846139550209045], "k_pid_att": [96.52515411376953, 0.37097930908203125, 0.9767547845840454], "k_pid_yaw": [0.5, 1e-06, 0.1], "k_pid_hsp": [9.514039039611816, 0.982692539691925, 0.12604686617851257], "k_pid_vsp": [400.0, 387.76141357421875, 9.351981163024902]}, "datetime": {"datetime": "2025-08-20 18:59:42", "elapsed": 25636.91680264473, "delta": 17.015394687652588}, "costs": {"total_cost": 231.408070372652, "time_cost": 69.416, "final_distance_cost": 1.76727807017637, "oscillation_cost": 83.52761818656408, "completition_cost": 0.0, "overshoot_cost": 50.572765662568955, "power_cost": 14.105530139160157, "noise_cost": 12.018878314182453, "n_waypoints_completed": 9, "tot_waypoints": 9}}
{"target": -229.4874879722658, "params": {"k_pid_pos": [1.8513453006744385, 0.06470009684562683, 0.0], "k_pid_alt": [1.9631450176239014, 0.05801340937614441, 0.9558035731315613], "k_pid_att": [98.12825012207031, 0.029631122946739197, 0.9914746880531311], "k_pid_yaw": [0.5, 1e-06, 0.1], "k_pid_hsp": [9.712385177612305, 0.9914771318435669, 0.0037094950675964355], "k_pid_vsp": [0.004172325134277344, 387.0336608886719, 2.6823530197143555]}, "datetime": {"datetime": "2025-08-20 18:59:58", "elapsed": 25652.53609251976, "delta": 15.619289875030518}, "costs": {"total_cost": 229.4874879722658, "time_cost": 72.696, "final_distance_cost": 1.807119817872603, "oscillation_cost": 76.0359214256774, "completition_cost": 0.0, "overshoot_cost": 52.80227426865577, "power_cost": 15.058540295410157, "noise_cost": 11.08763216464989, "n_waypoints_completed": 9, "tot_waypoints": 9}}
{"target": -269.7714511510516, "params": {"k_pid_pos": [1.9344199895858765, 0.01226988434791565, 0.0], "k_pid_alt": [1.9823901653289795, 0.14539802074432373, 0.9259934425354004], "k_pid_att": [94.84774780273438, 0.6035504937171936, 0.990731954574585], "k_pid_yaw": [0.5, 1e-06, 0.1], "k_pid_hsp": [9.704264640808105, 0.9705039262771606, 0.020494908094406128], "k_pid_vsp": [400.0, 397.7445373535156, 2.8679022789001465]}, "datetime": {"datetime": "2025-08-20 19:00:20", "elapsed": 25674.96626162529, "delta": 22.430169105529785}, "costs": {"total_cost": 269.7714511510516, "time_cost": 98.72800000000001, "final_distance_cost": 1.799593509899542, "oscillation_cost": 84.14131926678049, "completition_cost": 0.0, "overshoot_cost": 52.352285092985724, "power_cost": 17.56634725341797, "noise_cost": 15.183906027967925, "n_waypoints_completed": 9, "tot_waypoints": 9}}
{"target": -231.4316819816955, "params": {"k_pid_pos": [1.8745981454849243, 0.007823318243026733, 0.0], "k_pid_alt": [1.9741827249526978, 0.016239017248153687, 0.913334846496582], "k_pid_att": [98.9490966796875, 0.070810966193676, 0.9839074611663818], "k_pid_yaw": [0.5, 1e-06, 0.1], "k_pid_hsp": [9.944141387939453, 0.9791731834411621, 0.01285502314567566], "k_pid_vsp": [400.0, 394.96063232421875, 9.014643669128418]}, "datetime": {"datetime": "2025-08-20 19:00:36", "elapsed": 25691.338261842728, "delta": 16.372000217437744}, "costs": {"total_cost": 231.4316819816955, "time_cost": 69.648, "final_distance_cost": 1.741832910831701, "oscillation_cost": 83.93747596759795, "completition_cost": 0.0, "overshoot_cost": 50.36094302116959, "power_cost": 13.90213787841797, "noise_cost": 11.841292203678318, "n_waypoints_completed": 9, "tot_waypoints": 9}}
{"target": -217.38988288237542, "params": {"k_pid_pos": [1.967223882675171, 0.018406420946121216, 0.0], "k_pid_alt": [1.6321295499801636, 0.020854443311691284, 0.9903238415718079], "k_pid_att": [97.81350708007812, 0.0730079710483551, 0.946590006351471], "k_pid_yaw": [0.5, 1e-06, 0.1], "k_pid_hsp": [9.24738597869873, 0.9501528143882751, 0.005708903074264526], "k_pid_vsp": [400.0, 375.0663757324219, 3.718234062194824]}, "datetime": {"datetime": "2025-08-20 19:00:51", "elapsed": 25706.420318603516, "delta": 15.082056760787964}, "costs": {"total_cost": 217.38988288237542, "time_cost": 70.248, "final_distance_cost": 1.786610611358621, "oscillation_cost": 69.99890522422844, "completition_cost": 0.0, "overshoot_cost": 50.59865628236212, "power_cost": 13.193281567382813, "noise_cost": 11.564429197043374, "n_waypoints_completed": 9, "tot_waypoints": 9}}
{"target": -452.10644558323236, "params": {"k_pid_pos": [1.975682020187378, 0.011202067136764526, 0.0], "k_pid_alt": [1.4726440906524658, 0.17765361070632935, 0.9928624629974365], "k_pid_att": [97.60289001464844, 0.5563893914222717, 0.9907980561256409], "k_pid_yaw": [0.5, 1e-06, 0.1], "k_pid_hsp": [9.795827865600586, 0.9928591251373291, 0.010125070810317993], "k_pid_vsp": [400.0, 369.7757263183594, 107.39369201660156]}, "datetime": {"datetime": "2025-08-20 19:01:14", "elapsed": 25729.13447380066, "delta": 22.714155197143555}, "costs": {"total_cost": 452.10644558323236, "time_cost": 150, "final_distance_cost": 21.138582820779035, "oscillation_cost": 80.23547653280511, "completition_cost": 111.11111111111116, "overshoot_cost": 52.2759791864827, "power_cost": 21.64662564697266, "noise_cost": 15.698670285081691, "n_waypoints_completed": 8, "tot_waypoints": 9}}
{"target": -233.00910670079904, "params": {"k_pid_pos": [1.9609136581420898, 0.04643943905830383, 0.0], "k_pid_alt": [1.9422998428344727, 0.04884743690490723, 0.9894087314605713], "k_pid_att": [90.6734848022461, 0.11737871170043945, 0.9715230464935303], "k_pid_yaw": [0.5, 1e-06, 0.1], "k_pid_hsp": [9.926080703735352, 0.976055920124054, 0.02202439308166504], "k_pid_vsp": [400.0, 399.23974609375, 10.632647514343262]}, "datetime": {"datetime": "2025-08-20 19:01:30", "elapsed": 25745.474318265915, "delta": 16.339844465255737}, "costs": {"total_cost": 233.00910670079904, "time_cost": 69.824, "final_distance_cost": 1.7504766305343813, "oscillation_cost": 81.72267844401554, "completition_cost": 0.0, "overshoot_cost": 51.05786549650809, "power_cost": 16.012314379882813, "noise_cost": 12.64177174985821, "n_waypoints_completed": 9, "tot_waypoints": 9}}
{"target": -236.69277619622432, "params": {"k_pid_pos": [1.962238073348999, 0.043410271406173706, 0.0], "k_pid_alt": [1.9621299505233765, 0.07135507464408875, 0.9884791374206543], "k_pid_att": [98.06256103515625, 0.13905343413352966, 0.9698137044906616], "k_pid_yaw": [0.5, 1e-06, 0.1], "k_pid_hsp": [9.897979736328125, 0.9776935577392578, 0.017712175846099854], "k_pid_vsp": [398.8945617675781, 396.14569091796875, 5.010260105133057]}, "datetime": {"datetime": "2025-08-20 19:01:48", "elapsed": 25763.379514455795, "delta": 17.90519618988037}, "costs": {"total_cost": 236.69277619622432, "time_cost": 81.224, "final_distance_cost": 1.7908322112667443, "oscillation_cost": 72.76047430641476, "completition_cost": 0.0, "overshoot_cost": 52.43201159096767, "power_cost": 15.201030090332033, "noise_cost": 13.284427997243098, "n_waypoints_completed": 9, "tot_waypoints": 9}}
{"target": -232.7514072555406, "params": {"k_pid_pos": [1.9488698244094849, 0.016824156045913696, 0.0], "k_pid_alt": [1.960489273071289, 0.011357426643371582, 0.9744254350662231], "k_pid_att": [98.395751953125, 0.14619161188602448, 0.9902254939079285], "k_pid_yaw": [0.5, 1e-06, 0.1], "k_pid_hsp": [9.946839332580566, 0.9867410063743591, 0.07148244976997375], "k_pid_vsp": [56.143524169921875, 393.3080749511719, 7.945836544036865]}, "datetime": {"datetime": "2025-08-20 19:02:06", "elapsed": 25780.9522857666, "delta": 17.572771310806274}, "costs": {"total_cost": 232.7514072555406, "time_cost": 74.36, "final_distance_cost": 1.7178157075168528, "oscillation_cost": 78.49443472820829, "completition_cost": 0.0, "overshoot_cost": 50.98429735486269, "power_cost": 14.880960693359375, "noise_cost": 12.313898771593383, "n_waypoints_completed": 9, "tot_waypoints": 9}}
{"target": -218.28240694394708, "params": {"k_pid_pos": [1.910308837890625, 0.0023724734783172607, 0.0], "k_pid_alt": [1.9511784315109253, 0.01867610216140747, 0.9564588069915771], "k_pid_att": [98.67562866210938, 0.3418278694152832, 0.9774652719497681], "k_pid_yaw": [0.5, 1e-06, 0.1], "k_pid_hsp": [9.878637313842773, 0.7095152735710144, 0.03661218285560608], "k_pid_vsp": [399.9950866699219, 399.4405212402344, 3.684497833251953]}, "datetime": {"datetime": "2025-08-20 19:02:21", "elapsed": 25795.993114948273, "delta": 15.040829181671143}, "costs": {"total_cost": 218.28240694394708, "time_cost": 69.336, "final_distance_cost": 1.726347618584938, "oscillation_cost": 72.27311116656121, "completition_cost": 0.0, "overshoot_cost": 50.59603799226368, "power_cost": 12.923367541503907, "noise_cost": 11.427542625033304, "n_waypoints_completed": 9, "tot_waypoints": 9}}
{"target": -251.34376788821737, "params": {"k_pid_pos": [1.9533705711364746, 0.0013579130172729492, 0.0], "k_pid_alt": [1.9467381238937378, 0.08008763194084167, 0.9650470018386841], "k_pid_att": [98.86107635498047, 0.12975788116455078, 0.9960253834724426], "k_pid_yaw": [0.5, 1e-06, 0.1], "k_pid_hsp": [9.888212203979492, 0.9622927904129028, 0.008003920316696167], "k_pid_vsp": [19.346952438354492, 397.50732421875, 11.587965965270996]}, "datetime": {"datetime": "2025-08-20 19:02:40", "elapsed": 25815.24915766716, "delta": 19.25604271888733}, "costs": {"total_cost": 251.34376788821737, "time_cost": 85.08800000000001, "final_distance_cost": 1.7223460588169976, "oscillation_cost": 78.29741483287086, "completition_cost": 0.0, "overshoot_cost": 55.053039180444905, "power_cost": 17.368923400878906, "noise_cost": 13.814044415205693, "n_waypoints_completed": 9, "tot_waypoints": 9}}
{"target": -243.68362487180283, "params": {"k_pid_pos": [1.9689682722091675, 0.004439592361450195, 0.0], "k_pid_alt": [1.9763332605361938, 0.008223265409469604, 0.9602034091949463], "k_pid_att": [99.83507537841797, 0.5120907425880432, 0.9857555627822876], "k_pid_yaw": [0.5, 1e-06, 0.1], "k_pid_hsp": [9.78231143951416, 0.9832122325897217, 0.05504375696182251], "k_pid_vsp": [400.0, 388.7748718261719, 9.044468879699707]}, "datetime": {"datetime": "2025-08-20 19:02:56", "elapsed": 25831.11416888237, "delta": 15.865011215209961}, "costs": {"total_cost": 243.68362487180283, "time_cost": 69.624, "final_distance_cost": 1.75654559112973, "oscillation_cost": 96.51546552469246, "completition_cost": 0.0, "overshoot_cost": 50.53491139986268, "power_cost": 13.534151342773438, "noise_cost": 11.718551013344518, "n_waypoints_completed": 9, "tot_waypoints": 9}}
{"target": -215.0279854443734, "params": {"k_pid_pos": [1.9033328294754028, 0.02595415711402893, 0.11134305596351624], "k_pid_alt": [1.9594782590866089, 0.02741941809654236, 0.9667704105377197], "k_pid_att": [92.50322723388672, 0.24136407673358917, 0.9956762790679932], "k_pid_yaw": [0.5, 1e-06, 0.1], "k_pid_hsp": [9.814183235168457, 0.885433554649353, 0.02471679449081421], "k_pid_vsp": [400.0, 396.2625732421875, 20.3967342376709]}, "datetime": {"datetime": "2025-08-20 19:03:11", "elapsed": 25846.101547718048, "delta": 14.9873788356781}, "costs": {"total_cost": 215.0279854443734, "time_cost": 69.096, "final_distance_cost": 1.7737420903348657, "oscillation_cost": 65.99716469549062, "completition_cost": 0.0, "overshoot_cost": 50.52703489189733, "power_cost": 15.510101782226563, "noise_cost": 12.123941984423984, "n_waypoints_completed": 9, "tot_waypoints": 9}}
{"target": -279.8969053826573, "params": {"k_pid_pos": [1.9736053943634033, 0.015813082456588745, 0.0], "k_pid_alt": [1.9554842710494995, 0.12043586373329163, 0.9543348550796509], "k_pid_att": [96.5854263305664, 0.9958494305610657, 0.9238260984420776], "k_pid_yaw": [0.5, 1e-06, 0.1], "k_pid_hsp": [9.895171165466309, 0.9794303178787231, 0.004149347543716431], "k_pid_vsp": [367.3506164550781, 381.5211486816406, 7.9245219230651855]}, "datetime": {"datetime": "2025-08-20 19:03:35", "elapsed": 25870.217858076096, "delta": 24.116310358047485}, "costs": {"total_cost": 279.8969053826573, "time_cost": 98.96000000000001, "final_distance_cost": 1.756067224842529, "oscillation_cost": 93.26572031608274, "completition_cost": 0.0, "overshoot_cost": 51.98015994113299, "power_cost": 18.293646899414064, "noise_cost": 15.64131100118494, "n_waypoints_completed": 9, "tot_waypoints": 9}}
{"target": -219.01181777644632, "params": {"k_pid_pos": [1.7711448669433594, 0.013771772384643555, 0.0], "k_pid_alt": [1.9778209924697876, 0.020014196634292603, 0.952041506767273], "k_pid_att": [98.31207275390625, 0.2376602739095688, 0.9619622230529785], "k_pid_yaw": [0.5, 1e-06, 0.1], "k_pid_hsp": [9.936793327331543, 0.9860457181930542, 0.06060826778411865], "k_pid_vsp": [400.0, 395.4759826660156, 11.734391212463379]}, "datetime": {"datetime": "2025-08-20 19:03:51", "elapsed": 25886.43491244316, "delta": 16.21705436706543}, "costs": {"total_cost": 219.01181777644632, "time_cost": 69.0, "final_distance_cost": 1.7339514037019788, "oscillation_cost": 73.23169542928359, "completition_cost": 0.0, "overshoot_cost": 50.5412358259644, "power_cost": 13.304213928222657, "noise_cost": 11.200721189273716, "n_waypoints_completed": 9, "tot_waypoints": 9}}
