{"target": -226.93897090363077, "params": {"k_pid_pos": [1.9595271348953247, 0.06198251247406006, 0.0], "k_pid_alt": [1.9678211212158203, 0.023667246103286743, 0.9873627424240112], "k_pid_att": [97.92878723144531, 0.07486136257648468, 0.9369948506355286], "k_pid_yaw": [0.5, 1e-06, 0.1], "k_pid_hsp": [9.6865873336792, 0.9975367188453674, 0.03498247265815735], "k_pid_vsp": [400.0, 371.9963684082031, 8.869315147399902]}, "datetime": {"datetime": "2025-08-20 19:17:45", "elapsed": 26719.995245695114, "delta": 15.105103731155396}, "costs": {"total_cost": 226.93897090363077, "time_cost": 69.816, "final_distance_cost": 1.7526664226365423, "oscillation_cost": 79.19654690108761, "completition_cost": 0.0, "overshoot_cost": 51.04300923882298, "power_cost": 13.491179467773438, "noise_cost": 11.639568873310239, "n_waypoints_completed": 9, "tot_waypoints": 9}}
{"target": -215.13667320473735, "params": {"k_pid_pos": [1.9775816202163696, 0.13633227348327637, 0.0], "k_pid_alt": [1.9510051012039185, 0.059301674365997314, 0.9802179932594299], "k_pid_att": [94.53915405273438, 0.017380107194185257, 0.9446698427200317], "k_pid_yaw": [0.5, 1e-06, 0.1], "k_pid_hsp": [9.918923377990723, 0.9629423022270203, 0.00929880142211914], "k_pid_vsp": [400.0, 381.20269775390625, 12.641693115234375]}, "datetime": {"datetime": "2025-08-20 19:18:01", "elapsed": 26736.199519872665, "delta": 16.20427417755127}, "costs": {"total_cost": 215.13667320473735, "time_cost": 70.648, "final_distance_cost": 1.7885531104763892, "oscillation_cost": 63.13985216365031, "completition_cost": 0.0, "overshoot_cost": 51.69660214608188, "power_cost": 15.649491870117188, "noise_cost": 12.21417391441157, "n_waypoints_completed": 9, "tot_waypoints": 9}}
{"target": -266.3601260805943, "params": {"k_pid_pos": [1.9672493934631348, 0.034314095973968506, 0.9735631942749023], "k_pid_alt": [1.9800546169281006, 0.007260769605636597, 0.9962453246116638], "k_pid_att": [94.25601959228516, 0.6856818795204163, 0.9733578562736511], "k_pid_yaw": [0.5, 1e-06, 0.1], "k_pid_hsp": [9.623994827270508, 0.9984135627746582, 0.060294926166534424], "k_pid_vsp": [400.0, 379.14532470703125, 8.246780395507812]}, "datetime": {"datetime": "2025-08-20 19:18:17", "elapsed": 26752.196630239487, "delta": 15.997110366821289}, "costs": {"total_cost": 266.3601260805943, "time_cost": 69.928, "final_distance_cost": 1.8479570637856837, "oscillation_cost": 118.01055957593674, "completition_cost": 0.0, "overshoot_cost": 49.93517494524279, "power_cost": 14.129157104492188, "noise_cost": 12.509277391136841, "n_waypoints_completed": 9, "tot_waypoints": 9}}
{"target": -216.33350529157272, "params": {"k_pid_pos": [1.930735468864441, 0.06694939732551575, 7.724761962890625e-05], "k_pid_alt": [1.8301126956939697, 0.00459975004196167, 0.9590038061141968], "k_pid_att": [90.43746948242188, 0.5702958703041077, 0.9696593284606934], "k_pid_yaw": [0.5, 1e-06, 0.1], "k_pid_hsp": [9.942757606506348, 0.9653023481369019, 0.008703857660293579], "k_pid_vsp": [400.0, 378.5088806152344, 11.136235237121582]}, "datetime": {"datetime": "2025-08-20 19:18:33", "elapsed": 26768.400333881378, "delta": 16.20370364189148}, "costs": {"total_cost": 216.33350529157272, "time_cost": 70.184, "final_distance_cost": 1.7894092744121317, "oscillation_cost": 62.97343196947679, "completition_cost": 0.0, "overshoot_cost": 50.17410636805318, "power_cost": 17.79836472167969, "noise_cost": 13.414192957950945, "n_waypoints_completed": 9, "tot_waypoints": 9}}
{"target": -244.41206881285126, "params": {"k_pid_pos": [1.9684451818466187, 0.003044605255126953, 0.0], "k_pid_alt": [1.9950529336929321, 0.02688106894493103, 0.9812514781951904], "k_pid_att": [98.71382904052734, 0.21119250357151031, 0.9757543802261353], "k_pid_yaw": [0.5, 1e-06, 0.1], "k_pid_hsp": [9.633191108703613, 0.9749195575714111, 0.0595877468585968], "k_pid_vsp": [400.0, 387.1661071777344, 10.654986381530762]}, "datetime": {"datetime": "2025-08-20 19:18:49", "elapsed": 26784.290628910065, "delta": 15.890295028686523}, "costs": {"total_cost": 244.41206881285126, "time_cost": 69.312, "final_distance_cost": 1.7698125183432485, "oscillation_cost": 96.94994769533062, "completition_cost": 0.0, "overshoot_cost": 50.1247938775555, "power_cost": 14.368712512207033, "noise_cost": 11.88680220941486, "n_waypoints_completed": 9, "tot_waypoints": 9}}
{"target": -226.10861201432047, "params": {"k_pid_pos": [1.6882725954055786, 0.0769803524017334, 0.0], "k_pid_alt": [1.862910270690918, 0.02635955810546875, 0.9752524495124817], "k_pid_att": [98.37898254394531, 0.061461176723241806, 0.9627335071563721], "k_pid_yaw": [0.5, 1e-06, 0.1], "k_pid_hsp": [9.618684768676758, 0.989671528339386, 0.0642821192741394], "k_pid_vsp": [400.0, 394.820556640625, 6.531573295593262]}, "datetime": {"datetime": "2025-08-20 19:19:04", "elapsed": 26798.87469816208, "delta": 14.58406925201416}, "costs": {"total_cost": 226.10861201432047, "time_cost": 69.248, "final_distance_cost": 1.745706383229084, "oscillation_cost": 80.4286232143877, "completition_cost": 0.0, "overshoot_cost": 50.04972878672873, "power_cost": 13.113958789062501, "noise_cost": 11.522594840912424, "n_waypoints_completed": 9, "tot_waypoints": 9}}
{"target": -213.2886971012182, "params": {"k_pid_pos": [1.9551812410354614, 0.007909655570983887, 0.0], "k_pid_alt": [1.9887193441390991, 0.009235650300979614, 0.9265279769897461], "k_pid_att": [98.72079467773438, 0.16838011145591736, 0.9834858179092407], "k_pid_yaw": [0.5, 1e-06, 0.1], "k_pid_hsp": [9.770347595214844, 0.9831678867340088, 0.009211450815200806], "k_pid_vsp": [400.0, 397.7591552734375, 3.161407470703125]}, "datetime": {"datetime": "2025-08-20 19:19:21", "elapsed": 26815.931737184525, "delta": 17.05703902244568}, "costs": {"total_cost": 213.2886971012182, "time_cost": 69.736, "final_distance_cost": 1.7840116848449217, "oscillation_cost": 66.14676746159687, "completition_cost": 0.0, "overshoot_cost": 50.95844432320204, "power_cost": 13.116595031738282, "noise_cost": 11.546878599836067, "n_waypoints_completed": 9, "tot_waypoints": 9}}
{"target": -225.67162399072802, "params": {"k_pid_pos": [1.7877302169799805, 0.0260370671749115, 0.0], "k_pid_alt": [1.9631407260894775, 0.007519453763961792, 0.9638190865516663], "k_pid_att": [99.21015167236328, 0.1618710458278656, 0.9944556355476379], "k_pid_yaw": [0.5, 1e-06, 0.1], "k_pid_hsp": [9.609148025512695, 0.9243209958076477, 0.06089639663696289], "k_pid_vsp": [400.0, 382.36676025390625, 5.26095724105835]}, "datetime": {"datetime": "2025-08-20 19:19:36", "elapsed": 26830.916933059692, "delta": 14.985195875167847}, "costs": {"total_cost": 225.67162399072802, "time_cost": 69.016, "final_distance_cost": 1.7972705896228178, "oscillation_cost": 79.90040295847982, "completition_cost": 0.0, "overshoot_cost": 50.30697744221575, "power_cost": 13.137024194335938, "noise_cost": 11.513948806073696, "n_waypoints_completed": 9, "tot_waypoints": 9}}
{"target": -210.78462364434995, "params": {"k_pid_pos": [1.8930314779281616, 0.04886409640312195, 2.9802322387695312e-08], "k_pid_alt": [1.7218849658966064, 0.033716171979904175, 0.9847795963287354], "k_pid_att": [99.10020446777344, 0.41897428035736084, 0.9679869413375854], "k_pid_yaw": [0.5, 1e-06, 0.1], "k_pid_hsp": [9.78343677520752, 0.9967226982116699, 0.01333668828010559], "k_pid_vsp": [400.0, 341.9432067871094, 12.706376075744629]}, "datetime": {"datetime": "2025-08-20 19:19:52", "elapsed": 26846.774924516678, "delta": 15.857991456985474}, "costs": {"total_cost": 210.78462364434995, "time_cost": 69.88, "final_distance_cost": 1.7900507457943147, "oscillation_cost": 61.39259680219517, "completition_cost": 0.0, "overshoot_cost": 50.46131829558913, "power_cost": 15.16341668701172, "noise_cost": 12.097241113759607, "n_waypoints_completed": 9, "tot_waypoints": 9}}
{"target": -213.17268879094934, "params": {"k_pid_pos": [1.9286448955535889, 0.0738888680934906, 0.0], "k_pid_alt": [1.939845323562622, 0.024936795234680176, 0.9896246194839478], "k_pid_att": [98.38200378417969, 0.14932946860790253, 0.9888800382614136], "k_pid_yaw": [0.5, 1e-06, 0.1], "k_pid_hsp": [9.845340728759766, 0.9696941375732422, 0.023399323225021362], "k_pid_vsp": [399.9996337890625, 392.18975830078125, 4.480732440948486]}, "datetime": {"datetime": "2025-08-20 19:20:07", "elapsed": 26861.68311548233, "delta": 14.908190965652466}, "costs": {"total_cost": 213.17268879094934, "time_cost": 69.952, "final_distance_cost": 1.7285785444968718, "oscillation_cost": 66.25504135736908, "completition_cost": 0.0, "overshoot_cost": 50.37488570730503, "power_cost": 13.227610510253907, "noise_cost": 11.634572671524472, "n_waypoints_completed": 9, "tot_waypoints": 9}}
{"target": -213.20711285401867, "params": {"k_pid_pos": [1.9577900171279907, 0.002094358205795288, 0.0], "k_pid_alt": [1.9594902992248535, 0.029907166957855225, 0.9755901098251343], "k_pid_att": [97.90064239501953, 0.10627030581235886, 0.9909266829490662], "k_pid_yaw": [0.5, 1e-06, 0.1], "k_pid_hsp": [9.562942504882812, 0.9486774206161499, 0.00236472487449646], "k_pid_vsp": [399.99993896484375, 394.65887451171875, 9.906865119934082]}, "datetime": {"datetime": "2025-08-20 19:20:23", "elapsed": 26877.65230202675, "delta": 15.969186544418335}, "costs": {"total_cost": 213.20711285401867, "time_cost": 69.672, "final_distance_cost": 1.7428304263912395, "oscillation_cost": 64.9391516600507, "completition_cost": 0.0, "overshoot_cost": 50.72529553232122, "power_cost": 14.364684606933594, "noise_cost": 11.763150628321943, "n_waypoints_completed": 9, "tot_waypoints": 9}}
{"target": -222.71204336592447, "params": {"k_pid_pos": [1.9501632452011108, 0.012413442134857178, 1.6301870346069336e-05], "k_pid_alt": [1.6649839878082275, 0.01611807942390442, 0.9855719804763794], "k_pid_att": [98.77035522460938, 0.04690020531415939, 0.995069146156311], "k_pid_yaw": [0.5, 1e-06, 0.1], "k_pid_hsp": [9.701520919799805, 0.9928346276283264, 0.009630382061004639], "k_pid_vsp": [400.0, 390.5939025878906, 1.5818486213684082]}, "datetime": {"datetime": "2025-08-20 19:20:39", "elapsed": 26893.812140226364, "delta": 16.15983819961548}, "costs": {"total_cost": 222.71204336592447, "time_cost": 70.072, "final_distance_cost": 1.75391811313124, "oscillation_cost": 75.79883785159349, "completition_cost": 0.0, "overshoot_cost": 50.36405674956148, "power_cost": 13.206737329101562, "noise_cost": 11.516493322536684, "n_waypoints_completed": 9, "tot_waypoints": 9}}
{"target": -272.0979813049441, "params": {"k_pid_pos": [1.8310457468032837, 0.00975048542022705, 0.0], "k_pid_alt": [1.9645795822143555, 0.11792454123497009, 0.9785882234573364], "k_pid_att": [94.00421142578125, 2.9589133262634277, 0.9747949838638306], "k_pid_yaw": [0.5, 1e-06, 0.1], "k_pid_hsp": [9.311042785644531, 0.9803410172462463, 0.039144039154052734], "k_pid_vsp": [400.0, 376.5249328613281, 2.5094876289367676]}, "datetime": {"datetime": "2025-08-20 19:21:00", "elapsed": 26915.299498319626, "delta": 21.48735809326172}, "costs": {"total_cost": 272.0979813049441, "time_cost": 98.496, "final_distance_cost": 1.7599906074899145, "oscillation_cost": 87.28387718177254, "completition_cost": 0.0, "overshoot_cost": 51.712944513896566, "power_cost": 17.5996353515625, "noise_cost": 15.245533650222567, "n_waypoints_completed": 9, "tot_waypoints": 9}}
{"target": -221.0453125260387, "params": {"k_pid_pos": [1.982427716255188, 0.021376818418502808, 0.0], "k_pid_alt": [1.974833607673645, 0.006408721208572388, 0.9595569372177124], "k_pid_att": [90.26470184326172, 0.16766753792762756, 0.985398530960083], "k_pid_yaw": [0.5, 1e-06, 0.1], "k_pid_hsp": [9.788277626037598, 0.9937675595283508, 0.017906010150909424], "k_pid_vsp": [400.0, 391.1593017578125, 24.791933059692383]}, "datetime": {"datetime": "2025-08-20 19:21:17", "elapsed": 26931.660131692886, "delta": 16.360633373260498}, "costs": {"total_cost": 221.0453125260387, "time_cost": 69.656, "final_distance_cost": 1.7826903235206006, "oscillation_cost": 74.98256402398448, "completition_cost": 0.0, "overshoot_cost": 50.58112073201256, "power_cost": 13.311023083496094, "noise_cost": 10.731914363024991, "n_waypoints_completed": 9, "tot_waypoints": 9}}
{"target": -230.94062112338486, "params": {"k_pid_pos": [1.9448107481002808, 0.028097689151763916, 0.0], "k_pid_alt": [1.9795817136764526, 0.024208486080169678, 0.9915078282356262], "k_pid_att": [97.86737060546875, 0.42077791690826416, 0.9945263266563416], "k_pid_yaw": [0.5, 1e-06, 0.1], "k_pid_hsp": [9.863574981689453, 0.9860112071037292, 0.06267309188842773], "k_pid_vsp": [399.998779296875, 397.8099365234375, 43.30918884277344]}, "datetime": {"datetime": "2025-08-20 19:21:32", "elapsed": 26947.27320432663, "delta": 15.613072633743286}, "costs": {"total_cost": 230.94062112338486, "time_cost": 69.104, "final_distance_cost": 1.7590544526340466, "oscillation_cost": 85.66083146841451, "completition_cost": 0.0, "overshoot_cost": 49.609024153853206, "power_cost": 13.710069836425783, "noise_cost": 11.097641212057322, "n_waypoints_completed": 9, "tot_waypoints": 9}}
{"target": -233.69619547504243, "params": {"k_pid_pos": [1.9886317253112793, 0.07609277963638306, 0.0], "k_pid_alt": [1.9928297996520996, 0.06781727075576782, 0.9951047897338867], "k_pid_att": [99.67682647705078, 0.1912078708410263, 0.9488391876220703], "k_pid_yaw": [0.5, 1e-06, 0.1], "k_pid_hsp": [9.702159881591797, 0.9625067114830017, 0.011557608842849731], "k_pid_vsp": [400.0, 388.36279296875, 15.583921432495117]}, "datetime": {"datetime": "2025-08-20 19:21:49", "elapsed": 26964.33940076828, "delta": 17.06619644165039}, "costs": {"total_cost": 233.69619547504243, "time_cost": 78.28, "final_distance_cost": 1.7915292702166734, "oscillation_cost": 74.30807436567831, "completition_cost": 0.0, "overshoot_cost": 51.9351922199274, "power_cost": 15.068237915039063, "noise_cost": 12.313161704181026, "n_waypoints_completed": 9, "tot_waypoints": 9}}
{"target": -213.4790255055701, "params": {"k_pid_pos": [1.979326844215393, 0.01588386297225952, 0.0], "k_pid_alt": [1.9159044027328491, 0.026037365198135376, 0.9908354878425598], "k_pid_att": [99.45258331298828, 0.1352149248123169, 0.9884023070335388], "k_pid_yaw": [0.5, 1e-06, 0.1], "k_pid_hsp": [9.959490776062012, 0.9677586555480957, 0.012091308832168579], "k_pid_vsp": [399.9998474121094, 397.54376220703125, 5.743850231170654]}, "datetime": {"datetime": "2025-08-20 19:22:05", "elapsed": 26980.42852163315, "delta": 16.089120864868164}, "costs": {"total_cost": 213.4790255055701, "time_cost": 69.856, "final_distance_cost": 1.73097629993368, "oscillation_cost": 66.02450442609914, "completition_cost": 0.0, "overshoot_cost": 50.808762291014844, "power_cost": 13.32873349609375, "noise_cost": 11.730048992428703, "n_waypoints_completed": 9, "tot_waypoints": 9}}
{"target": -229.44335705548664, "params": {"k_pid_pos": [1.8712363243103027, 0.04782384634017944, 0.0014618635177612305], "k_pid_alt": [1.9896714687347412, 0.002067476511001587, 0.9539737701416016], "k_pid_att": [99.3048324584961, 0.044824495911598206, 0.9669080972671509], "k_pid_yaw": [0.5, 1e-06, 0.1], "k_pid_hsp": [9.601662635803223, 0.9367708563804626, 0.020590782165527344], "k_pid_vsp": [400.0, 396.67059326171875, 10.078097343444824]}, "datetime": {"datetime": "2025-08-20 19:22:20", "elapsed": 26995.290802955627, "delta": 14.862281322479248}, "costs": {"total_cost": 229.44335705548664, "time_cost": 69.672, "final_distance_cost": 1.7710019331158318, "oscillation_cost": 82.35307264101259, "completition_cost": 0.0, "overshoot_cost": 49.82058767095031, "power_cost": 14.09851854248047, "noise_cost": 11.728176267927475, "n_waypoints_completed": 9, "tot_waypoints": 9}}
{"target": -216.4718848310163, "params": {"k_pid_pos": [1.9905626773834229, 0.012600958347320557, 0.0], "k_pid_alt": [1.9804255962371826, 0.008061975240707397, 0.9520377516746521], "k_pid_att": [99.41620635986328, 0.1807938516139984, 0.9496970176696777], "k_pid_yaw": [0.5, 1e-06, 0.1], "k_pid_hsp": [9.833439826965332, 0.9842384457588196, 0.013398736715316772], "k_pid_vsp": [400.0, 395.1178894042969, 38.52717971801758]}, "datetime": {"datetime": "2025-08-20 19:22:36", "elapsed": 27011.072351694107, "delta": 15.781548738479614}, "costs": {"total_cost": 216.4718848310163, "time_cost": 69.544, "final_distance_cost": 1.7871983472294797, "oscillation_cost": 66.73499150867133, "completition_cost": 0.0, "overshoot_cost": 49.97223013442603, "power_cost": 16.26261729736328, "noise_cost": 12.170847543326191, "n_waypoints_completed": 9, "tot_waypoints": 9}}
{"target": -214.65190988752303, "params": {"k_pid_pos": [1.9022504091262817, 0.008792906999588013, 0.0], "k_pid_alt": [1.9264410734176636, 0.010584056377410889, 0.9842430353164673], "k_pid_att": [79.2797622680664, 0.11052395403385162, 0.9517697095870972], "k_pid_yaw": [0.5, 1e-06, 0.1], "k_pid_hsp": [9.631217002868652, 0.9773216843605042, 0.02694404125213623], "k_pid_vsp": [399.9999694824219, 398.1986999511719, 3.809631824493408]}, "datetime": {"datetime": "2025-08-20 19:22:52", "elapsed": 27027.038306236267, "delta": 15.965954542160034}, "costs": {"total_cost": 214.65190988752303, "time_cost": 69.672, "final_distance_cost": 1.7317129209558302, "oscillation_cost": 68.94467437202991, "completition_cost": 0.0, "overshoot_cost": 50.150213902249796, "power_cost": 12.777252392578125, "noise_cost": 11.37605629970938, "n_waypoints_completed": 9, "tot_waypoints": 9}}
{"target": -216.4525572259322, "params": {"k_pid_pos": [1.9964532852172852, 0.02033156156539917, 0.00011393427848815918], "k_pid_alt": [1.9879157543182373, 0.006078511476516724, 0.9974907636642456], "k_pid_att": [99.51652526855469, 0.044670119881629944, 0.9794608354568481], "k_pid_yaw": [0.5, 1e-06, 0.1], "k_pid_hsp": [9.616897583007812, 0.9917582273483276, 0.012328356504440308], "k_pid_vsp": [400.0, 366.5194091796875, 34.12177658081055]}, "datetime": {"datetime": "2025-08-20 19:23:08", "elapsed": 27042.5031747818, "delta": 15.464868545532227}, "costs": {"total_cost": 216.4525572259322, "time_cost": 69.808, "final_distance_cost": 1.7355769921990727, "oscillation_cost": 67.7203406497965, "completition_cost": 0.0, "overshoot_cost": 50.06314569227629, "power_cost": 15.316311877441407, "noise_cost": 11.809182014218877, "n_waypoints_completed": 9, "tot_waypoints": 9}}
{"target": -219.72959404685648, "params": {"k_pid_pos": [1.9900939464569092, 0.006502330303192139, 0.0], "k_pid_alt": [1.9200299978256226, 0.020003050565719604, 0.9812276363372803], "k_pid_att": [95.60243225097656, 0.19097690284252167, 0.9964984059333801], "k_pid_yaw": [0.5, 1e-06, 0.1], "k_pid_hsp": [9.755186080932617, 0.9585530757904053, 0.023140907287597656], "k_pid_vsp": [400.0, 387.3398742675781, 30.8426513671875]}, "datetime": {"datetime": "2025-08-20 19:23:24", "elapsed": 27058.782286643982, "delta": 16.279111862182617}, "costs": {"total_cost": 219.72959404685648, "time_cost": 69.432, "final_distance_cost": 1.7893762133025708, "oscillation_cost": 70.67701229862429, "completition_cost": 0.0, "overshoot_cost": 50.37311557049373, "power_cost": 15.529272180175782, "noise_cost": 11.9288177842601, "n_waypoints_completed": 9, "tot_waypoints": 9}}
{"target": -218.4707028822702, "params": {"k_pid_pos": [1.8458155393600464, 0.03555348515510559, 0.0], "k_pid_alt": [1.9658470153808594, 0.019901305437088013, 0.9962334632873535], "k_pid_att": [99.43006896972656, 0.07212374359369278, 0.9763681292533875], "k_pid_yaw": [0.5, 1e-06, 0.1], "k_pid_hsp": [9.764836311340332, 0.9880982637405396, 0.04440721869468689], "k_pid_vsp": [400.0, 395.43157958984375, 38.02638244628906]}, "datetime": {"datetime": "2025-08-20 19:23:39", "elapsed": 27073.63828587532, "delta": 14.855999231338501}, "costs": {"total_cost": 218.4707028822702, "time_cost": 69.208, "final_distance_cost": 1.7447304742867362, "oscillation_cost": 71.76914910893015, "completition_cost": 0.0, "overshoot_cost": 50.01359740598056, "power_cost": 14.325582763671875, "noise_cost": 11.409643129400862, "n_waypoints_completed": 9, "tot_waypoints": 9}}
{"target": -205.62348273110945, "params": {"k_pid_pos": [1.9252749681472778, 0.032858967781066895, 0.0], "k_pid_alt": [1.9939777851104736, 0.01873856782913208, 0.9887632131576538], "k_pid_att": [99.23707580566406, 0.0803842693567276, 0.9865292906761169], "k_pid_yaw": [0.5, 1e-06, 0.1], "k_pid_hsp": [8.679237365722656, 0.9483680725097656, 0.01290673017501831], "k_pid_vsp": [400.0, 382.3845520019531, 6.45581579208374]}, "datetime": {"datetime": "2025-08-20 19:23:57", "elapsed": 27091.923152446747, "delta": 18.28486657142639}, "costs": {"total_cost": 205.62348273110945, "time_cost": 69.88, "final_distance_cost": 1.7677027836442625, "oscillation_cost": 58.696706303681644, "completition_cost": 0.0, "overshoot_cost": 50.420057124262016, "power_cost": 13.215995825195312, "noise_cost": 11.643020694326188, "n_waypoints_completed": 9, "tot_waypoints": 9}}
{"target": -212.51143024867994, "params": {"k_pid_pos": [1.9781911373138428, 0.005037784576416016, 0.0], "k_pid_alt": [1.9409446716308594, 0.06093496084213257, 0.9957781434059143], "k_pid_att": [99.26251983642578, 0.3107464611530304, 0.9733263850212097], "k_pid_yaw": [0.5, 1e-06, 0.1], "k_pid_hsp": [9.806485176086426, 0.9902085065841675, 0.008263498544692993], "k_pid_vsp": [399.9996337890625, 398.4346923828125, 8.575095176696777]}, "datetime": {"datetime": "2025-08-20 19:24:12", "elapsed": 27107.34437775612, "delta": 15.421225309371948}, "costs": {"total_cost": 212.51143024867994, "time_cost": 70.104, "final_distance_cost": 1.7827615924383404, "oscillation_cost": 64.94620502850667, "completition_cost": 0.0, "overshoot_cost": 50.89180356931549, "power_cost": 13.303237902832032, "noise_cost": 11.48342215558742, "n_waypoints_completed": 9, "tot_waypoints": 9}}
