{"target": -208.72757696018644, "params": {"k_pid_pos": [1.9294002056121826, 0.09499862790107727, 0.0], "k_pid_alt": [1.9000980854034424, 0.00811120867729187, 0.9797121286392212], "k_pid_att": [98.7167739868164, 0.5373551249504089, 0.9766659736633301], "k_pid_yaw": [0.5, 1e-06, 0.1], "k_pid_hsp": [9.864798545837402, 0.9603057503700256, 0.01316794753074646], "k_pid_vsp": [400.0, 395.4214782714844, 12.557686805725098]}, "datetime": {"datetime": "2025-08-20 22:55:20", "elapsed": 39774.56422305107, "delta": 15.317152976989746}, "costs": {"total_cost": 208.72757696018644, "time_cost": 70.21600000000001, "final_distance_cost": 1.7334016325246648, "oscillation_cost": 65.67177213151109, "completition_cost": 0.0, "overshoot_cost": 49.97438654324476, "power_cost": 11.302501306152344, "noise_cost": 9.829515346753599, "n_waypoints_completed": 9, "tot_waypoints": 9}}
{"target": -202.20254209593, "params": {"k_pid_pos": [1.9428114891052246, 0.0049848854541778564, 0.0006433725357055664], "k_pid_alt": [1.9942467212677002, 0.02183172106742859, 0.9688063859939575], "k_pid_att": [88.5082778930664, 1.1005499362945557, 0.9383018016815186], "k_pid_yaw": [0.5, 1e-06, 0.1], "k_pid_hsp": [9.004289627075195, 0.9974372386932373, 0.009098857641220093], "k_pid_vsp": [400.0, 390.64849853515625, 14.906478881835938]}, "datetime": {"datetime": "2025-08-20 22:55:36", "elapsed": 39791.31878566742, "delta": 16.754562616348267}, "costs": {"total_cost": 202.20254209593, "time_cost": 69.568, "final_distance_cost": 1.775810369917565, "oscillation_cost": 59.06672283629696, "completition_cost": 0.0, "overshoot_cost": 50.060786736370154, "power_cost": 11.612438891601563, "noise_cost": 10.118783261743774, "n_waypoints_completed": 9, "tot_waypoints": 9}}
{"target": -222.30702748068737, "params": {"k_pid_pos": [1.977969765663147, 0.01624712347984314, 0.0], "k_pid_alt": [1.985625982284546, 0.013895928859710693, 0.9792485237121582], "k_pid_att": [97.2769775390625, 0.21943217515945435, 0.997560977935791], "k_pid_yaw": [0.5, 1e-06, 0.1], "k_pid_hsp": [9.232908248901367, 0.9469759464263916, 0.0222969651222229], "k_pid_vsp": [400.0, 394.3948059082031, 1.7999897003173828]}, "datetime": {"datetime": "2025-08-20 22:55:51", "elapsed": 39806.44778704643, "delta": 15.129001379013062}, "costs": {"total_cost": 222.30702748068737, "time_cost": 69.848, "final_distance_cost": 1.7932006975173693, "oscillation_cost": 75.29855736252641, "completition_cost": 0.0, "overshoot_cost": 50.490354716102715, "power_cost": 13.227377551269532, "noise_cost": 11.649537153271364, "n_waypoints_completed": 9, "tot_waypoints": 9}}
{"target": -232.47937962925073, "params": {"k_pid_pos": [1.9738744497299194, 0.021781235933303833, 0.00011262297630310059], "k_pid_alt": [1.9335672855377197, 0.020346015691757202, 0.9871010184288025], "k_pid_att": [98.40187072753906, 0.22881503403186798, 0.9762359261512756], "k_pid_yaw": [0.5, 1e-06, 0.1], "k_pid_hsp": [9.800917625427246, 0.9926788806915283, 0.1735590100288391], "k_pid_vsp": [399.3886413574219, 397.15362548828125, 0.8079777359962463]}, "datetime": {"datetime": "2025-08-20 22:56:09", "elapsed": 39823.510930776596, "delta": 17.063143730163574}, "costs": {"total_cost": 232.47937962925073, "time_cost": 70.04, "final_distance_cost": 1.788768882093254, "oscillation_cost": 83.40472937861044, "completition_cost": 0.0, "overshoot_cost": 50.49655500778622, "power_cost": 14.508493530273439, "noise_cost": 12.240832830487403, "n_waypoints_completed": 9, "tot_waypoints": 9}}
{"target": -226.58366974906667, "params": {"k_pid_pos": [1.9259045124053955, 0.015860944986343384, 0.0], "k_pid_alt": [1.9957001209259033, 0.013173222541809082, 0.9787940979003906], "k_pid_att": [90.63762664794922, 0.08458665013313293, 0.985145628452301], "k_pid_yaw": [0.5, 1e-06, 0.1], "k_pid_hsp": [9.888538360595703, 0.9930698871612549, 0.06154334545135498], "k_pid_vsp": [400.0, 392.6925048828125, 14.446760177612305]}, "datetime": {"datetime": "2025-08-20 22:56:25", "elapsed": 39839.87130355835, "delta": 16.36037278175354}, "costs": {"total_cost": 226.58366974906667, "time_cost": 69.256, "final_distance_cost": 1.765532734036944, "oscillation_cost": 79.94033343798031, "completition_cost": 0.0, "overshoot_cost": 50.50213010368579, "power_cost": 13.764985266113282, "noise_cost": 11.354688207250323, "n_waypoints_completed": 9, "tot_waypoints": 9}}
{"target": -227.47697282619748, "params": {"k_pid_pos": [1.994624137878418, 0.1668735146522522, 0.0], "k_pid_alt": [1.9442386627197266, 0.007579535245895386, 0.9100311994552612], "k_pid_att": [98.95789337158203, 0.1529483199119568, 0.9938967227935791], "k_pid_yaw": [0.5, 1e-06, 0.1], "k_pid_hsp": [9.973376274108887, 0.990581750869751, 0.026002049446105957], "k_pid_vsp": [400.0, 387.18292236328125, 3.774357795715332]}, "datetime": {"datetime": "2025-08-20 22:56:40", "elapsed": 39855.29234981537, "delta": 15.421046257019043}, "costs": {"total_cost": 227.47697282619748, "time_cost": 70.528, "final_distance_cost": 1.716321253147652, "oscillation_cost": 79.35231870031323, "completition_cost": 0.0, "overshoot_cost": 50.29744981929856, "power_cost": 13.720984521484375, "noise_cost": 11.861898531953655, "n_waypoints_completed": 9, "tot_waypoints": 9}}
{"target": -248.29389860433477, "params": {"k_pid_pos": [1.9822404384613037, 0.00855100154876709, 1.0], "k_pid_alt": [1.9766652584075928, 0.03757801651954651, 0.994307279586792], "k_pid_att": [95.926025390625, 0.075307197868824, 0.982994794845581], "k_pid_yaw": [0.5, 1e-06, 0.1], "k_pid_hsp": [9.745322227478027, 0.9738246202468872, 0.01171824336051941], "k_pid_vsp": [400.0, 337.5014343261719, 13.168919563293457]}, "datetime": {"datetime": "2025-08-20 22:56:57", "elapsed": 39872.3893134594, "delta": 17.09696364402771}, "costs": {"total_cost": 248.29389860433477, "time_cost": 69.856, "final_distance_cost": 1.8520480846016951, "oscillation_cost": 102.08818914584839, "completition_cost": 0.0, "overshoot_cost": 49.935497501709165, "power_cost": 13.008539367675782, "noise_cost": 11.553624504499755, "n_waypoints_completed": 9, "tot_waypoints": 9}}
{"target": -222.88214887372348, "params": {"k_pid_pos": [1.6510546207427979, 0.022014617919921875, 1.704692840576172e-05], "k_pid_alt": [1.9092931747436523, 0.008854866027832031, 0.9463815689086914], "k_pid_att": [96.83685302734375, 1.5775941610336304, 0.9782596826553345], "k_pid_yaw": [0.5, 1e-06, 0.1], "k_pid_hsp": [9.872389793395996, 0.9848805069923401, 0.020283937454223633], "k_pid_vsp": [399.9903869628906, 393.5528869628906, 1.3794312477111816]}, "datetime": {"datetime": "2025-08-20 22:57:12", "elapsed": 39887.12901520729, "delta": 14.739701747894287}, "costs": {"total_cost": 222.88214887372348, "time_cost": 69.312, "final_distance_cost": 1.7465551374249935, "oscillation_cost": 77.35421662827166, "completition_cost": 0.0, "overshoot_cost": 50.024547553746224, "power_cost": 13.02751151123047, "noise_cost": 11.417318043050129, "n_waypoints_completed": 9, "tot_waypoints": 9}}
{"target": -258.45342782749225, "params": {"k_pid_pos": [1.9409457445144653, 0.0057728588581085205, 0.0], "k_pid_alt": [1.9792910814285278, 0.043394505977630615, 0.890687882900238], "k_pid_att": [99.01982879638672, 0.24849510192871094, 0.9891018271446228], "k_pid_yaw": [0.5, 1e-06, 0.1], "k_pid_hsp": [9.346927642822266, 0.9350467920303345, 0.03160315752029419], "k_pid_vsp": [5.237865447998047, 396.58203125, 12.136210441589355]}, "datetime": {"datetime": "2025-08-20 22:57:32", "elapsed": 39906.98170018196, "delta": 19.85268497467041}, "costs": {"total_cost": 258.45342782749225, "time_cost": 83.072, "final_distance_cost": 1.7629672647500643, "oscillation_cost": 88.30993602778601, "completition_cost": 0.0, "overshoot_cost": 54.19868919095295, "power_cost": 17.98996491699219, "noise_cost": 13.119870427011007, "n_waypoints_completed": 9, "tot_waypoints": 9}}
{"target": -212.35959812062222, "params": {"k_pid_pos": [1.9253050088882446, 0.015871793031692505, 0.0], "k_pid_alt": [1.8751310110092163, 0.01620277762413025, 0.9581482410430908], "k_pid_att": [99.2559814453125, 0.2058090716600418, 0.9769427180290222], "k_pid_yaw": [0.5, 1e-06, 0.1], "k_pid_hsp": [9.77975082397461, 0.9984472990036011, 0.011046886444091797], "k_pid_vsp": [400.0, 359.18017578125, 32.74285888671875]}, "datetime": {"datetime": "2025-08-20 22:57:47", "elapsed": 39922.04739332199, "delta": 15.065693140029907}, "costs": {"total_cost": 212.35959812062222, "time_cost": 69.504, "final_distance_cost": 1.7518083493983359, "oscillation_cost": 68.02564729233232, "completition_cost": 0.0, "overshoot_cost": 49.81000942036387, "power_cost": 12.786741540527345, "noise_cost": 10.48139151800036, "n_waypoints_completed": 9, "tot_waypoints": 9}}
{"target": -240.29779463472147, "params": {"k_pid_pos": [1.972098708152771, 0.02060827612876892, 6.556510925292969e-06], "k_pid_alt": [1.9783918857574463, 0.005302786827087402, 0.9840312004089355], "k_pid_att": [99.74378204345703, 0.3265710175037384, 0.9867329597473145], "k_pid_yaw": [0.5, 1e-06, 0.1], "k_pid_hsp": [9.736016273498535, 0.9770523309707642, 0.08966493606567383], "k_pid_vsp": [400.0, 370.77203369140625, 7.671309471130371]}, "datetime": {"datetime": "2025-08-20 22:58:06", "elapsed": 39940.70797467232, "delta": 18.660581350326538}, "costs": {"total_cost": 240.29779463472147, "time_cost": 69.376, "final_distance_cost": 1.782840201905997, "oscillation_cost": 93.37189827763535, "completition_cost": 0.0, "overshoot_cost": 50.12904431522899, "power_cost": 13.742948974609376, "noise_cost": 11.895062865341737, "n_waypoints_completed": 9, "tot_waypoints": 9}}
{"target": -221.4511053442874, "params": {"k_pid_pos": [1.9284636974334717, 0.03271767497062683, 0.0], "k_pid_alt": [1.9617832899093628, 0.05230933427810669, 0.9956874847412109], "k_pid_att": [99.1397705078125, 1.1580952405929565, 0.9846970438957214], "k_pid_yaw": [0.5, 1e-06, 0.1], "k_pid_hsp": [9.634336471557617, 0.9252879619598389, 0.011467665433883667], "k_pid_vsp": [29.72077178955078, 362.6558837890625, 58.1171760559082]}, "datetime": {"datetime": "2025-08-20 22:58:23", "elapsed": 39957.85553407669, "delta": 17.14755940437317}, "costs": {"total_cost": 221.4511053442874, "time_cost": 75.08800000000001, "final_distance_cost": 1.7997683693463777, "oscillation_cost": 66.77283139130849, "completition_cost": 0.0, "overshoot_cost": 52.36351670795473, "power_cost": 14.261454467773438, "noise_cost": 11.165534407904401, "n_waypoints_completed": 9, "tot_waypoints": 9}}
{"target": -220.86336238630273, "params": {"k_pid_pos": [1.9589717388153076, 0.04064667224884033, 0.0009948909282684326], "k_pid_alt": [1.9495816230773926, 0.006481379270553589, 0.9623132944107056], "k_pid_att": [99.80152130126953, 0.04161153733730316, 0.9280776977539062], "k_pid_yaw": [0.5, 1e-06, 0.1], "k_pid_hsp": [9.921211242675781, 0.7400609850883484, 0.008844166994094849], "k_pid_vsp": [400.0, 397.7622985839844, 1.9392857551574707]}, "datetime": {"datetime": "2025-08-20 22:58:38", "elapsed": 39972.940512657166, "delta": 15.084978580474854}, "costs": {"total_cost": 220.86336238630273, "time_cost": 69.76, "final_distance_cost": 1.7732927781516108, "oscillation_cost": 74.49868213125747, "completition_cost": 0.0, "overshoot_cost": 50.10828908227025, "power_cost": 13.168695629882814, "noise_cost": 11.554402764740583, "n_waypoints_completed": 9, "tot_waypoints": 9}}
{"target": -240.61511799857195, "params": {"k_pid_pos": [1.9879179000854492, 0.004048585891723633, 0.0], "k_pid_alt": [1.9845192432403564, 0.008203208446502686, 0.9977245926856995], "k_pid_att": [99.3676528930664, 0.966404139995575, 0.9966920018196106], "k_pid_yaw": [0.5, 1e-06, 0.1], "k_pid_hsp": [9.455625534057617, 0.9925814270973206, 0.07863909006118774], "k_pid_vsp": [400.0, 396.6329345703125, 4.964793682098389]}, "datetime": {"datetime": "2025-08-20 22:58:55", "elapsed": 39989.799310445786, "delta": 16.858797788619995}, "costs": {"total_cost": 240.61511799857195, "time_cost": 69.44800000000001, "final_distance_cost": 1.7266787860475041, "oscillation_cost": 93.99175433795855, "completition_cost": 0.0, "overshoot_cost": 50.52653450926247, "power_cost": 13.28246463623047, "noise_cost": 11.639685729072973, "n_waypoints_completed": 9, "tot_waypoints": 9}}
{"target": -212.29769727367696, "params": {"k_pid_pos": [1.985957145690918, 0.03454601764678955, 0.0], "k_pid_alt": [1.9571962356567383, 0.027942359447479248, 0.9836609363555908], "k_pid_att": [98.53239440917969, 0.15624472498893738, 0.9749503135681152], "k_pid_yaw": [0.5, 1e-06, 0.1], "k_pid_hsp": [9.973669052124023, 0.9372421503067017, 0.00440448522567749], "k_pid_vsp": [400.0, 388.5919494628906, 3.729010581970215]}, "datetime": {"datetime": "2025-08-20 22:59:10", "elapsed": 40005.44047689438, "delta": 15.64116644859314}, "costs": {"total_cost": 212.29769727367696, "time_cost": 69.968, "final_distance_cost": 1.7485095190490452, "oscillation_cost": 65.6212902086391, "completition_cost": 0.0, "overshoot_cost": 50.308746868122014, "power_cost": 13.097325805664063, "noise_cost": 11.55382487220274, "n_waypoints_completed": 9, "tot_waypoints": 9}}
{"target": -212.12566730727065, "params": {"k_pid_pos": [1.9455000162124634, 0.13101178407669067, 0.4650002717971802], "k_pid_alt": [1.9537696838378906, 0.03572112321853638, 0.9846947193145752], "k_pid_att": [89.9242172241211, 0.12946969270706177, 0.9412040710449219], "k_pid_yaw": [0.5, 1e-06, 0.1], "k_pid_hsp": [9.758367538452148, 0.9811939597129822, 0.004776716232299805], "k_pid_vsp": [400.0, 397.81793212890625, 5.791855812072754]}, "datetime": {"datetime": "2025-08-20 22:59:28", "elapsed": 40022.704439640045, "delta": 17.263962745666504}, "costs": {"total_cost": 212.12566730727065, "time_cost": 69.016, "final_distance_cost": 1.7613000269984098, "oscillation_cost": 67.1565697132927, "completition_cost": 0.0, "overshoot_cost": 50.4385797742427, "power_cost": 12.491336901855469, "noise_cost": 11.261880890881342, "n_waypoints_completed": 9, "tot_waypoints": 9}}
{"target": -206.32129924215423, "params": {"k_pid_pos": [1.9475555419921875, 0.0183122456073761, 0.002907395362854004], "k_pid_alt": [1.9799026250839233, 0.018779128789901733, 0.9830102920532227], "k_pid_att": [96.98506927490234, 0.14482489228248596, 0.9958950281143188], "k_pid_yaw": [0.5, 1e-06, 0.1], "k_pid_hsp": [9.985456466674805, 0.9865983724594116, 0.007563769817352295], "k_pid_vsp": [400.0, 395.681396484375, 7.301009654998779]}, "datetime": {"datetime": "2025-08-20 22:59:43", "elapsed": 40037.77554559708, "delta": 15.07110595703125}, "costs": {"total_cost": 206.32129924215423, "time_cost": 69.72, "final_distance_cost": 1.7391970601841538, "oscillation_cost": 58.617954246476046, "completition_cost": 0.0, "overshoot_cost": 50.576828568594436, "power_cost": 13.820291796875, "noise_cost": 11.847027570024574, "n_waypoints_completed": 9, "tot_waypoints": 9}}
{"target": -208.248547992887, "params": {"k_pid_pos": [1.901877760887146, 0.014614969491958618, 0.0], "k_pid_alt": [1.9703004360198975, 0.009635388851165771, 0.9922125339508057], "k_pid_att": [95.53398132324219, 1.692347764968872, 0.9910950660705566], "k_pid_yaw": [0.5, 1e-06, 0.1], "k_pid_hsp": [9.77404499053955, 0.9485716223716736, 0.008860021829605103], "k_pid_vsp": [400.0, 385.7272644042969, 8.119488716125488]}, "datetime": {"datetime": "2025-08-20 22:59:59", "elapsed": 40054.49237346649, "delta": 16.716827869415283}, "costs": {"total_cost": 208.248547992887, "time_cost": 69.752, "final_distance_cost": 1.733701283705841, "oscillation_cost": 61.64196828534029, "completition_cost": 0.0, "overshoot_cost": 50.4405851553624, "power_cost": 13.165401989746094, "noise_cost": 11.514891278732385, "n_waypoints_completed": 9, "tot_waypoints": 9}}
{"target": -212.43285045090127, "params": {"k_pid_pos": [1.949248194694519, 0.01660105586051941, 0.0], "k_pid_alt": [1.9614176750183105, 0.029712945222854614, 0.9754987955093384], "k_pid_att": [99.53373718261719, 0.03416043519973755, 0.9843922853469849], "k_pid_yaw": [0.5, 1e-06, 0.1], "k_pid_hsp": [9.235639572143555, 0.9633476138114929, 0.029039442539215088], "k_pid_vsp": [400.0, 373.90643310546875, 21.97435188293457]}, "datetime": {"datetime": "2025-08-20 23:00:15", "elapsed": 40069.87556552887, "delta": 15.38319206237793}, "costs": {"total_cost": 212.43285045090127, "time_cost": 69.384, "final_distance_cost": 1.7572074658406929, "oscillation_cost": 64.64415989208827, "completition_cost": 0.0, "overshoot_cost": 50.57666227964964, "power_cost": 14.444915429687502, "noise_cost": 11.625905383635132, "n_waypoints_completed": 9, "tot_waypoints": 9}}
{"target": -229.35687228506367, "params": {"k_pid_pos": [1.9312702417373657, 0.08209717273712158, 2.9772520065307617e-05], "k_pid_alt": [1.8609211444854736, 0.006243467330932617, 0.9898499250411987], "k_pid_att": [96.95425415039062, 0.1573709398508072, 0.9883824586868286], "k_pid_yaw": [0.5, 1e-06, 0.1], "k_pid_hsp": [9.836305618286133, 0.991007924079895, 0.021025866270065308], "k_pid_vsp": [400.0, 397.55120849609375, 8.98490047454834]}, "datetime": {"datetime": "2025-08-20 23:00:32", "elapsed": 40087.10260510445, "delta": 17.227039575576782}, "costs": {"total_cost": 229.35687228506367, "time_cost": 70.176, "final_distance_cost": 1.7555643102885459, "oscillation_cost": 83.1771250938118, "completition_cost": 0.0, "overshoot_cost": 50.13057591639578, "power_cost": 12.825025830078125, "noise_cost": 11.292581134489438, "n_waypoints_completed": 9, "tot_waypoints": 9}}
{"target": -209.8722996524952, "params": {"k_pid_pos": [1.960963249206543, 0.007811039686203003, 5.960464477539063e-08], "k_pid_alt": [1.9500538110733032, 0.0075702667236328125, 0.9932984709739685], "k_pid_att": [98.88458251953125, 0.10230425745248795, 0.9798451066017151], "k_pid_yaw": [0.5, 1e-06, 0.1], "k_pid_hsp": [9.94815731048584, 0.9927246570587158, 0.015955299139022827], "k_pid_vsp": [400.0, 377.3216247558594, 10.564841270446777]}, "datetime": {"datetime": "2025-08-20 23:00:48", "elapsed": 40103.18970036507, "delta": 16.087095260620117}, "costs": {"total_cost": 209.8722996524952, "time_cost": 69.872, "final_distance_cost": 1.756772204309861, "oscillation_cost": 66.443038589285, "completition_cost": 0.0, "overshoot_cost": 49.767333450682344, "power_cost": 11.717022534179687, "noise_cost": 10.316132874038328, "n_waypoints_completed": 9, "tot_waypoints": 9}}
{"target": -224.56031368906753, "params": {"k_pid_pos": [1.8996086120605469, 0.007619917392730713, 0.0], "k_pid_alt": [1.9746516942977905, 0.004901319742202759, 0.9964656829833984], "k_pid_att": [98.4122314453125, 0.010928863659501076, 0.9820127487182617], "k_pid_yaw": [0.5, 1e-06, 0.1], "k_pid_hsp": [9.92502212524414, 0.9437888264656067, 0.02795848250389099], "k_pid_vsp": [396.7874755859375, 398.2906494140625, 9.913660049438477]}, "datetime": {"datetime": "2025-08-20 23:01:03", "elapsed": 40118.40489220619, "delta": 15.215191841125488}, "costs": {"total_cost": 224.56031368906753, "time_cost": 69.744, "final_distance_cost": 1.7913471844056383, "oscillation_cost": 78.12588741085301, "completition_cost": 0.0, "overshoot_cost": 50.24377934126836, "power_cost": 13.237738708496094, "noise_cost": 11.417561044044437, "n_waypoints_completed": 9, "tot_waypoints": 9}}
{"target": -230.89108672911397, "params": {"k_pid_pos": [1.962268590927124, 0.014106035232543945, 7.241964340209961e-05], "k_pid_alt": [1.9868688583374023, 0.009175240993499756, 0.9843220710754395], "k_pid_att": [95.50973510742188, 0.028185725212097168, 0.9818568229675293], "k_pid_yaw": [0.5, 1e-06, 0.1], "k_pid_hsp": [9.577569007873535, 0.9932630062103271, 0.04849201440811157], "k_pid_vsp": [378.8408508300781, 386.10687255859375, 2.499760150909424]}, "datetime": {"datetime": "2025-08-20 23:01:21", "elapsed": 40136.479214429855, "delta": 18.07432222366333}, "costs": {"total_cost": 230.89108672911397, "time_cost": 69.824, "final_distance_cost": 1.7702180490449977, "oscillation_cost": 83.75472303056696, "completition_cost": 0.0, "overshoot_cost": 50.617619558395916, "power_cost": 13.386534033203125, "noise_cost": 11.53799205790294, "n_waypoints_completed": 9, "tot_waypoints": 9}}
{"target": -215.26523989336127, "params": {"k_pid_pos": [1.8953380584716797, 0.041769981384277344, 0.0], "k_pid_alt": [1.9607796669006348, 0.008806318044662476, 0.9711220264434814], "k_pid_att": [98.85064697265625, 0.10424913465976715, 0.9964993000030518], "k_pid_yaw": [0.5, 1e-06, 0.1], "k_pid_hsp": [9.98791790008545, 0.9635612964630127, 0.001032412052154541], "k_pid_vsp": [397.9443664550781, 371.85968017578125, 13.673127174377441]}, "datetime": {"datetime": "2025-08-20 23:01:37", "elapsed": 40151.845299720764, "delta": 15.366085290908813}, "costs": {"total_cost": 215.26523989336127, "time_cost": 69.632, "final_distance_cost": 1.7286360724902827, "oscillation_cost": 61.87836656473313, "completition_cost": 0.0, "overshoot_cost": 50.251987354886545, "power_cost": 18.199393188476563, "noise_cost": 13.574856712774722, "n_waypoints_completed": 9, "tot_waypoints": 9}}
{"target": -227.5661867132792, "params": {"k_pid_pos": [1.9890345335006714, 0.026368647813796997, 0.1400095820426941], "k_pid_alt": [1.9616059064865112, 0.005800783634185791, 0.982193648815155], "k_pid_att": [94.6722183227539, 0.34990808367729187, 0.9416457414627075], "k_pid_yaw": [0.5, 1e-06, 0.1], "k_pid_hsp": [9.712227821350098, 0.9927443265914917, 0.039031386375427246], "k_pid_vsp": [400.0, 345.6403503417969, 40.72096252441406]}, "datetime": {"datetime": "2025-08-20 23:01:54", "elapsed": 40168.60381984711, "delta": 16.758520126342773}, "costs": {"total_cost": 227.5661867132792, "time_cost": 69.056, "final_distance_cost": 1.7511038125383105, "oscillation_cost": 79.86804787596006, "completition_cost": 0.0, "overshoot_cost": 50.33414121445018, "power_cost": 14.856361645507814, "noise_cost": 11.700532164822846, "n_waypoints_completed": 9, "tot_waypoints": 9}}
