{"target": -215.86183939737114, "params": {"k_pid_pos": [1.9545093774795532, 0.010346442461013794, 0.0], "k_pid_alt": [1.9603466987609863, 0.012255072593688965, 0.9696555137634277], "k_pid_att": [97.68964385986328, 0.27493366599082947, 0.9759894609451294], "k_pid_yaw": [0.5, 1e-06, 0.1], "k_pid_hsp": [9.835750579833984, 0.9743577837944031, 0.012850940227508545], "k_pid_vsp": [399.99005126953125, 392.4315490722656, 5.637265205383301]}, "datetime": {"datetime": "2025-08-20 22:48:01", "elapsed": 39335.71753382683, "delta": 17.552178144454956}, "costs": {"total_cost": 215.86183939737114, "time_cost": 69.744, "final_distance_cost": 1.7824489373883565, "oscillation_cost": 68.76314621557704, "completition_cost": 0.0, "overshoot_cost": 50.74326199535859, "power_cost": 13.247480212402344, "noise_cost": 11.58150203664485, "n_waypoints_completed": 9, "tot_waypoints": 9}}
{"target": -221.86585976696404, "params": {"k_pid_pos": [1.9969173669815063, 0.025743305683135986, 0.0], "k_pid_alt": [1.9705581665039062, 0.029790133237838745, 0.9273852109909058], "k_pid_att": [98.5855484008789, 0.25138261914253235, 0.9791630506515503], "k_pid_yaw": [0.5, 1e-06, 0.1], "k_pid_hsp": [9.851105690002441, 0.9759854674339294, 0.014702260494232178], "k_pid_vsp": [318.97589111328125, 386.6783142089844, 9.658682823181152]}, "datetime": {"datetime": "2025-08-20 22:48:18", "elapsed": 39352.85771393776, "delta": 17.140180110931396}, "costs": {"total_cost": 221.86585976696404, "time_cost": 69.808, "final_distance_cost": 1.7233481888720557, "oscillation_cost": 76.4589216825127, "completition_cost": 0.0, "overshoot_cost": 50.6815589349703, "power_cost": 12.290357836914064, "noise_cost": 10.903673123694903, "n_waypoints_completed": 9, "tot_waypoints": 9}}
{"target": -246.30673661827967, "params": {"k_pid_pos": [1.9500869512557983, 0.019005656242370605, 0.0], "k_pid_alt": [1.9530043601989746, 0.049795329570770264, 0.9369943141937256], "k_pid_att": [99.38870239257812, 1.0269999504089355, 0.9891434907913208], "k_pid_yaw": [0.5, 1e-06, 0.1], "k_pid_hsp": [9.789438247680664, 0.97339928150177, 0.0375312864780426], "k_pid_vsp": [376.40118408203125, 369.9202575683594, 9.647429466247559]}, "datetime": {"datetime": "2025-08-20 22:48:33", "elapsed": 39367.799582481384, "delta": 14.941868543624878}, "costs": {"total_cost": 246.30673661827967, "time_cost": 69.696, "final_distance_cost": 1.7755883961320873, "oscillation_cost": 99.15662786151954, "completition_cost": 0.0, "overshoot_cost": 50.29954465525726, "power_cost": 13.632740747070313, "noise_cost": 11.746234958300501, "n_waypoints_completed": 9, "tot_waypoints": 9}}
{"target": -218.17779795202225, "params": {"k_pid_pos": [1.9359685182571411, 0.04041221737861633, 0.0], "k_pid_alt": [1.9789149761199951, 0.009915798902511597, 0.9915746450424194], "k_pid_att": [99.71392059326172, 0.37281334400177, 0.9707545042037964], "k_pid_yaw": [0.5, 1e-06, 0.1], "k_pid_hsp": [9.958312034606934, 0.9441174268722534, 0.017897188663482666], "k_pid_vsp": [398.0276184082031, 394.99493408203125, 3.3351550102233887]}, "datetime": {"datetime": "2025-08-20 22:48:50", "elapsed": 39384.52935099602, "delta": 16.72976851463318}, "costs": {"total_cost": 218.17779795202225, "time_cost": 69.752, "final_distance_cost": 1.767361513436293, "oscillation_cost": 71.78319595708753, "completition_cost": 0.0, "overshoot_cost": 50.26930958867313, "power_cost": 13.077352197265625, "noise_cost": 11.528578695559675, "n_waypoints_completed": 9, "tot_waypoints": 9}}
{"target": -208.40841995399097, "params": {"k_pid_pos": [1.9294180870056152, 0.10906445980072021, 0.0], "k_pid_alt": [1.924368143081665, 0.04755714535713196, 0.9673226475715637], "k_pid_att": [98.7282485961914, 0.19286425411701202, 0.9907681941986084], "k_pid_yaw": [0.5, 1e-06, 0.1], "k_pid_hsp": [9.359498023986816, 0.972321629524231, 0.005849182605743408], "k_pid_vsp": [400.0, 298.7445068359375, 16.8658390045166]}, "datetime": {"datetime": "2025-08-20 22:49:05", "elapsed": 39399.582787036896, "delta": 15.053436040878296}, "costs": {"total_cost": 208.40841995399097, "time_cost": 70.176, "final_distance_cost": 1.7763686984713472, "oscillation_cost": 62.366689723667925, "completition_cost": 0.0, "overshoot_cost": 50.989197990678065, "power_cost": 12.626569714355469, "noise_cost": 10.473593826818156, "n_waypoints_completed": 9, "tot_waypoints": 9}}
{"target": -228.0465004200772, "params": {"k_pid_pos": [1.9954771995544434, 0.009369522333145142, 0.0008628964424133301], "k_pid_alt": [1.9909899234771729, 0.03723594546318054, 0.9565516114234924], "k_pid_att": [96.81130981445312, 0.03136172890663147, 0.9992519021034241], "k_pid_yaw": [0.5, 1e-06, 0.1], "k_pid_hsp": [9.698587417602539, 0.9800420999526978, 0.07537567615509033], "k_pid_vsp": [399.0284423828125, 364.5976257324219, 0.7106910347938538]}, "datetime": {"datetime": "2025-08-20 22:49:23", "elapsed": 39418.34537768364, "delta": 18.762590646743774}, "costs": {"total_cost": 228.0465004200772, "time_cost": 69.656, "final_distance_cost": 1.7845507689262023, "oscillation_cost": 80.91295680721817, "completition_cost": 0.0, "overshoot_cost": 50.29681841532629, "power_cost": 13.573617907714844, "noise_cost": 11.82255652089168, "n_waypoints_completed": 9, "tot_waypoints": 9}}
{"target": -243.088548352947, "params": {"k_pid_pos": [1.982491135597229, 0.25075763463974, 0.0], "k_pid_alt": [1.9921674728393555, 0.06426385045051575, 0.9894656538963318], "k_pid_att": [94.67279815673828, 0.10389121621847153, 0.9596088528633118], "k_pid_yaw": [0.5, 1e-06, 0.1], "k_pid_hsp": [9.823128700256348, 0.9783939719200134, 0.024916410446166992], "k_pid_vsp": [400.0, 374.8404235839844, 0.5206952691078186]}, "datetime": {"datetime": "2025-08-20 22:49:42", "elapsed": 39436.825652360916, "delta": 18.48027467727661}, "costs": {"total_cost": 243.088548352947, "time_cost": 80.08, "final_distance_cost": 1.746563729255999, "oscillation_cost": 79.23201778376205, "completition_cost": 0.0, "overshoot_cost": 53.62451600291557, "power_cost": 15.002896838378907, "noise_cost": 13.402553998634433, "n_waypoints_completed": 9, "tot_waypoints": 9}}
{"target": -210.2693945785098, "params": {"k_pid_pos": [1.9907128810882568, 0.002891719341278076, 8.344650268554688e-07], "k_pid_alt": [1.9870625734329224, 0.01207694411277771, 0.9803343415260315], "k_pid_att": [98.92857360839844, 0.22866810858249664, 0.9808838963508606], "k_pid_yaw": [0.5, 1e-06, 0.1], "k_pid_hsp": [9.65030574798584, 0.9828324317932129, 0.014402955770492554], "k_pid_vsp": [400.0, 397.13031005859375, 2.842629909515381]}, "datetime": {"datetime": "2025-08-20 22:49:57", "elapsed": 39451.72701883316, "delta": 14.901366472244263}, "costs": {"total_cost": 210.2693945785098, "time_cost": 69.616, "final_distance_cost": 1.7563064463743912, "oscillation_cost": 63.80685261578438, "completition_cost": 0.0, "overshoot_cost": 50.203124362261434, "power_cost": 13.242898657226563, "noise_cost": 11.644212496863057, "n_waypoints_completed": 9, "tot_waypoints": 9}}
{"target": -232.27479782529377, "params": {"k_pid_pos": [1.9922760725021362, 0.00913691520690918, 5.960464477539063e-08], "k_pid_alt": [1.9891021251678467, 0.005153298377990723, 0.9843674898147583], "k_pid_att": [98.0577621459961, 0.4631769359111786, 0.9757043123245239], "k_pid_yaw": [0.5, 1e-06, 0.1], "k_pid_hsp": [9.325942993164062, 0.9967911243438721, 0.11989548802375793], "k_pid_vsp": [400.0, 392.41156005859375, 4.040611743927002]}, "datetime": {"datetime": "2025-08-20 22:50:14", "elapsed": 39468.599954128265, "delta": 16.87293529510498}, "costs": {"total_cost": 232.27479782529377, "time_cost": 70.0, "final_distance_cost": 1.7275991969885394, "oscillation_cost": 84.35619869873659, "completition_cost": 0.0, "overshoot_cost": 50.26525354005009, "power_cost": 13.926234729003907, "noise_cost": 11.99951166051466, "n_waypoints_completed": 9, "tot_waypoints": 9}}
{"target": -211.91581022744552, "params": {"k_pid_pos": [1.9716519117355347, 0.02112400531768799, 0.00035119056701660156], "k_pid_alt": [1.910149335861206, 0.008593261241912842, 0.9876498579978943], "k_pid_att": [94.35031127929688, 0.051272161304950714, 0.977765679359436], "k_pid_yaw": [0.5, 1e-06, 0.1], "k_pid_hsp": [9.985357284545898, 0.9222222566604614, 0.03149786591529846], "k_pid_vsp": [399.99871826171875, 382.3416748046875, 20.5084228515625]}, "datetime": {"datetime": "2025-08-20 22:50:29", "elapsed": 39483.75330018997, "delta": 15.153346061706543}, "costs": {"total_cost": 211.91581022744552, "time_cost": 69.60000000000001, "final_distance_cost": 1.783181128415689, "oscillation_cost": 65.16205529765934, "completition_cost": 0.0, "overshoot_cost": 50.49745620793211, "power_cost": 13.63741707763672, "noise_cost": 11.235700515801657, "n_waypoints_completed": 9, "tot_waypoints": 9}}
{"target": -211.28521656479714, "params": {"k_pid_pos": [1.944966197013855, 0.014620006084442139, 2.473592758178711e-06], "k_pid_alt": [1.7103021144866943, 0.01506882905960083, 0.971612811088562], "k_pid_att": [92.80595397949219, 0.5961896777153015, 0.9986308813095093], "k_pid_yaw": [0.5, 1e-06, 0.1], "k_pid_hsp": [9.89200210571289, 0.9864636063575745, 0.012275278568267822], "k_pid_vsp": [400.0, 396.6975402832031, 6.661582946777344]}, "datetime": {"datetime": "2025-08-20 22:50:47", "elapsed": 39501.79767155647, "delta": 18.044371366500854}, "costs": {"total_cost": 211.28521656479714, "time_cost": 70.08800000000001, "final_distance_cost": 1.7383391688488194, "oscillation_cost": 64.57237991851045, "completition_cost": 0.0, "overshoot_cost": 50.02418492816459, "power_cost": 13.207669152832032, "noise_cost": 11.654643396441257, "n_waypoints_completed": 9, "tot_waypoints": 9}}
{"target": -210.86976964587632, "params": {"k_pid_pos": [1.9348201751708984, 0.011819392442703247, 0.0], "k_pid_alt": [1.9907269477844238, 0.009225696325302124, 0.9168994426727295], "k_pid_att": [98.75992584228516, 0.05702931806445122, 0.9884116649627686], "k_pid_yaw": [0.5, 1e-06, 0.1], "k_pid_hsp": [9.87051010131836, 0.9919141530990601, 0.006063967943191528], "k_pid_vsp": [400.0, 390.4841003417969, 7.020879745483398]}, "datetime": {"datetime": "2025-08-20 22:51:02", "elapsed": 39517.37869596481, "delta": 15.581024408340454}, "costs": {"total_cost": 210.86976964587632, "time_cost": 69.8, "final_distance_cost": 1.778320571221037, "oscillation_cost": 64.39027626346318, "completition_cost": 0.0, "overshoot_cost": 50.538492026694925, "power_cost": 12.954610278320313, "noise_cost": 11.40807050617687, "n_waypoints_completed": 9, "tot_waypoints": 9}}
{"target": -329.03635633167045, "params": {"k_pid_pos": [1.9757204055786133, 0.018817931413650513, 0.0], "k_pid_alt": [1.9676295518875122, 0.18667978048324585, 0.9811112284660339], "k_pid_att": [96.85810852050781, 0.051933471113443375, 0.9901635646820068], "k_pid_yaw": [0.5, 1e-06, 0.1], "k_pid_hsp": [9.255131721496582, 0.9453603029251099, 0.13077127933502197], "k_pid_vsp": [400.0, 386.7644958496094, 3.810025215148926]}, "datetime": {"datetime": "2025-08-20 22:51:26", "elapsed": 39541.04908108711, "delta": 23.670385122299194}, "costs": {"total_cost": 329.03635633167045, "time_cost": 99.72800000000001, "final_distance_cost": 1.7639239623512029, "oscillation_cost": 140.2646996144742, "completition_cost": 0.0, "overshoot_cost": 51.99326270906265, "power_cost": 19.230854272460938, "noise_cost": 16.055615773321435, "n_waypoints_completed": 9, "tot_waypoints": 9}}
{"target": -213.64984683849724, "params": {"k_pid_pos": [1.9403895139694214, 0.029339253902435303, 0.0], "k_pid_alt": [1.8515080213546753, 0.0515018105506897, 0.9964821338653564], "k_pid_att": [99.5986099243164, 0.24502763152122498, 0.9730002880096436], "k_pid_yaw": [0.5, 1e-06, 0.1], "k_pid_hsp": [9.952924728393555, 0.9941145777702332, 0.010745644569396973], "k_pid_vsp": [400.0, 388.1270751953125, 6.7651519775390625]}, "datetime": {"datetime": "2025-08-20 22:51:41", "elapsed": 39556.160323381424, "delta": 15.111242294311523}, "costs": {"total_cost": 213.64984683849724, "time_cost": 69.784, "final_distance_cost": 1.7397495645781718, "oscillation_cost": 66.52961112607801, "completition_cost": 0.0, "overshoot_cost": 50.72455574435847, "power_cost": 13.269138427734376, "noise_cost": 11.602791975748227, "n_waypoints_completed": 9, "tot_waypoints": 9}}
{"target": -266.62569740125014, "params": {"k_pid_pos": [1.919173240661621, 0.03300032019615173, 0.0], "k_pid_alt": [1.979114055633545, 0.32613274455070496, 0.9900218844413757], "k_pid_att": [99.16521453857422, 0.2226230651140213, 0.998153805732727], "k_pid_yaw": [0.5, 1e-06, 0.1], "k_pid_hsp": [9.829619407653809, 0.9800859689712524, 0.005220949649810791], "k_pid_vsp": [399.9991760253906, 365.29852294921875, 4.481054306030273]}, "datetime": {"datetime": "2025-08-20 22:52:05", "elapsed": 39579.7316505909, "delta": 23.571327209472656}, "costs": {"total_cost": 266.62569740125014, "time_cost": 99.328, "final_distance_cost": 1.7498153198487862, "oscillation_cost": 79.71041033916154, "completition_cost": 0.0, "overshoot_cost": 52.38325474540424, "power_cost": 18.002782397460937, "noise_cost": 15.451434599374656, "n_waypoints_completed": 9, "tot_waypoints": 9}}
{"target": -240.7096183955615, "params": {"k_pid_pos": [1.8735302686691284, 0.005053132772445679, 0.0], "k_pid_alt": [1.9221088886260986, 0.004976809024810791, 0.9834558963775635], "k_pid_att": [98.70564270019531, 0.6328694224357605, 0.988571286201477], "k_pid_yaw": [0.5, 1e-06, 0.1], "k_pid_hsp": [9.937868118286133, 0.9580353498458862, 0.01664009690284729], "k_pid_vsp": [0.7742643356323242, 397.4220886230469, 3.8854012489318848]}, "datetime": {"datetime": "2025-08-20 22:52:22", "elapsed": 39597.026633024216, "delta": 17.294982433319092}, "costs": {"total_cost": 240.7096183955615, "time_cost": 73.512, "final_distance_cost": 1.7953186879388652, "oscillation_cost": 86.88130511515259, "completition_cost": 0.0, "overshoot_cost": 52.6707001907578, "power_cost": 15.059591259765625, "noise_cost": 10.79070314194665, "n_waypoints_completed": 9, "tot_waypoints": 9}}
{"target": -275.4475256292711, "params": {"k_pid_pos": [1.9410455226898193, 0.027243733406066895, 4.470348358154297e-07], "k_pid_alt": [1.968339204788208, 0.10508018732070923, 0.9886357188224792], "k_pid_att": [99.24392700195312, 0.2446625679731369, 0.988579511642456], "k_pid_yaw": [0.5, 1e-06, 0.1], "k_pid_hsp": [9.622251510620117, 0.9868647456169128, 0.022194385528564453], "k_pid_vsp": [400.0, 392.51910400390625, 7.693315505981445]}, "datetime": {"datetime": "2025-08-20 22:52:44", "elapsed": 39619.319169044495, "delta": 22.29253602027893}, "costs": {"total_cost": 275.4475256292711, "time_cost": 97.944, "final_distance_cost": 1.790479663819405, "oscillation_cost": 89.24649148369494, "completition_cost": 0.0, "overshoot_cost": 51.71438466900242, "power_cost": 18.781908032226564, "noise_cost": 15.970261780527762, "n_waypoints_completed": 9, "tot_waypoints": 9}}
{"target": -231.41305719244085, "params": {"k_pid_pos": [1.9677995443344116, 0.002733886241912842, 0.0], "k_pid_alt": [1.932072401046753, 0.0836908221244812, 0.9612830877304077], "k_pid_att": [99.59068298339844, 0.17953231930732727, 0.9733705520629883], "k_pid_yaw": [0.5, 1e-06, 0.1], "k_pid_hsp": [9.717103958129883, 0.9953507781028748, 0.006460011005401611], "k_pid_vsp": [400.0, 289.56195068359375, 3.711760997772217]}, "datetime": {"datetime": "2025-08-20 22:53:04", "elapsed": 39638.9903986454, "delta": 19.671229600906372}, "costs": {"total_cost": 231.41305719244085, "time_cost": 82.47200000000001, "final_distance_cost": 1.8028303710432005, "oscillation_cost": 66.64330014557855, "completition_cost": 0.0, "overshoot_cost": 51.928872267306616, "power_cost": 15.247471044921875, "noise_cost": 13.318583363590578, "n_waypoints_completed": 9, "tot_waypoints": 9}}
{"target": -300.6999689977002, "params": {"k_pid_pos": [1.9316282272338867, 0.03990808129310608, 0.0010634064674377441], "k_pid_alt": [1.94883394241333, 0.2949413061141968, 0.96269690990448], "k_pid_att": [90.60665130615234, 0.11898116767406464, 0.9962252378463745], "k_pid_yaw": [0.5, 1e-06, 0.1], "k_pid_hsp": [9.861876487731934, 0.9898175597190857, 0.08455324172973633], "k_pid_vsp": [400.0, 392.8397521972656, 3.998220920562744]}, "datetime": {"datetime": "2025-08-20 22:53:26", "elapsed": 39660.58172059059, "delta": 21.59132194519043}, "costs": {"total_cost": 300.6999689977002, "time_cost": 99.64, "final_distance_cost": 1.7728811812946095, "oscillation_cost": 111.9307267743213, "completition_cost": 0.0, "overshoot_cost": 52.61575768188797, "power_cost": 18.89754822998047, "noise_cost": 15.84305513021584, "n_waypoints_completed": 9, "tot_waypoints": 9}}
{"target": -222.97668863535208, "params": {"k_pid_pos": [1.9283463954925537, 0.05366528034210205, 0.00024306774139404297], "k_pid_alt": [1.9789453744888306, 0.023479819297790527, 0.8948018550872803], "k_pid_att": [89.03626251220703, 0.20773158967494965, 0.9338527321815491], "k_pid_yaw": [0.5, 1e-06, 0.1], "k_pid_hsp": [9.65962028503418, 0.9690535068511963, 0.05064910650253296], "k_pid_vsp": [400.0, 379.20196533203125, 1.7187962532043457]}, "datetime": {"datetime": "2025-08-20 22:53:43", "elapsed": 39678.41608953476, "delta": 17.83436894416809}, "costs": {"total_cost": 222.97668863535208, "time_cost": 69.488, "final_distance_cost": 1.7557404632994096, "oscillation_cost": 76.46929022105837, "completition_cost": 0.0, "overshoot_cost": 50.44074639850268, "power_cost": 13.20633328857422, "noise_cost": 11.6165782639174, "n_waypoints_completed": 9, "tot_waypoints": 9}}
{"target": -235.65996475867107, "params": {"k_pid_pos": [1.9770574569702148, 0.031919270753860474, 0.0], "k_pid_alt": [1.9100511074066162, 0.02934291958808899, 0.899917483329773], "k_pid_att": [98.48804473876953, 1.4002214670181274, 0.9678486585617065], "k_pid_yaw": [0.5, 1e-06, 0.1], "k_pid_hsp": [9.97895622253418, 0.9408563375473022, 0.11083897948265076], "k_pid_vsp": [400.0, 386.823974609375, 1.0427961349487305]}, "datetime": {"datetime": "2025-08-20 22:54:00", "elapsed": 39694.693759679794, "delta": 16.27767014503479}, "costs": {"total_cost": 235.65996475867107, "time_cost": 69.272, "final_distance_cost": 1.7876832147922272, "oscillation_cost": 88.94968971356656, "completition_cost": 0.0, "overshoot_cost": 49.88532202720664, "power_cost": 13.84527060546875, "noise_cost": 11.919999197636866, "n_waypoints_completed": 9, "tot_waypoints": 9}}
{"target": -223.73961402109575, "params": {"k_pid_pos": [1.9849011898040771, 0.09379106760025024, 0.0], "k_pid_alt": [1.9626483917236328, 0.0438062846660614, 0.9934613704681396], "k_pid_att": [99.6384506225586, 0.21216881275177002, 0.9895594120025635], "k_pid_yaw": [0.5, 1e-06, 0.1], "k_pid_hsp": [9.063140869140625, 0.9878818988800049, 0.059675902128219604], "k_pid_vsp": [399.54241943359375, 397.6756591796875, 16.33646583557129]}, "datetime": {"datetime": "2025-08-20 22:54:15", "elapsed": 39710.21836733818, "delta": 15.52460765838623}, "costs": {"total_cost": 223.73961402109575, "time_cost": 69.824, "final_distance_cost": 1.7455190086946692, "oscillation_cost": 73.65476484874307, "completition_cost": 0.0, "overshoot_cost": 50.226576547084896, "power_cost": 15.932516540527345, "noise_cost": 12.356237076045781, "n_waypoints_completed": 9, "tot_waypoints": 9}}
{"target": -235.52366950270013, "params": {"k_pid_pos": [1.9620254039764404, 0.021427184343338013, 0.0], "k_pid_alt": [1.989956259727478, 0.036404550075531006, 0.9844317436218262], "k_pid_att": [97.44290161132812, 0.43749356269836426, 0.994046151638031], "k_pid_yaw": [0.5, 1e-06, 0.1], "k_pid_hsp": [9.945181846618652, 0.9714924097061157, 0.02488979697227478], "k_pid_vsp": [400.0, 398.33135986328125, 0.6553898453712463]}, "datetime": {"datetime": "2025-08-20 22:54:33", "elapsed": 39727.50901865959, "delta": 17.290651321411133}, "costs": {"total_cost": 235.52366950270013, "time_cost": 69.768, "final_distance_cost": 1.7920469149333458, "oscillation_cost": 88.727979055175, "completition_cost": 0.0, "overshoot_cost": 50.350945627805295, "power_cost": 13.280592919921876, "noise_cost": 11.604104984864627, "n_waypoints_completed": 9, "tot_waypoints": 9}}
{"target": -214.60922704022403, "params": {"k_pid_pos": [1.9390814304351807, 0.05432409048080444, 6.22868537902832e-06], "k_pid_alt": [1.9819705486297607, 0.0036496520042419434, 0.9439519643783569], "k_pid_att": [91.16424560546875, 0.15174640715122223, 0.9799363613128662], "k_pid_yaw": [0.5, 1e-06, 0.1], "k_pid_hsp": [9.856701850891113, 0.9941012859344482, 0.03399321436882019], "k_pid_vsp": [399.9991760253906, 391.3403015136719, 60.721160888671875]}, "datetime": {"datetime": "2025-08-20 22:54:48", "elapsed": 39742.86849474907, "delta": 15.359476089477539}, "costs": {"total_cost": 214.60922704022403, "time_cost": 69.08, "final_distance_cost": 1.7273209470993425, "oscillation_cost": 69.5530267873107, "completition_cost": 0.0, "overshoot_cost": 49.370499559945124, "power_cost": 13.876731713867189, "noise_cost": 11.001648032001672, "n_waypoints_completed": 9, "tot_waypoints": 9}}
{"target": -235.32184634392812, "params": {"k_pid_pos": [1.9971026182174683, 0.016250014305114746, 0.0], "k_pid_alt": [1.9746456146240234, 0.006465524435043335, 0.9598823189735413], "k_pid_att": [99.31584930419922, 0.07931080460548401, 0.990184485912323], "k_pid_yaw": [0.5, 1e-06, 0.1], "k_pid_hsp": [9.91290283203125, 0.9859803915023804, 0.020793288946151733], "k_pid_vsp": [400.0, 391.8760681152344, 39.4587516784668]}, "datetime": {"datetime": "2025-08-20 22:55:04", "elapsed": 39759.24707007408, "delta": 16.378575325012207}, "costs": {"total_cost": 235.32184634392812, "time_cost": 69.488, "final_distance_cost": 1.7571147122793578, "oscillation_cost": 87.645753264402, "completition_cost": 0.0, "overshoot_cost": 50.72024241474058, "power_cost": 14.386708044433595, "noise_cost": 11.324027908072571, "n_waypoints_completed": 9, "tot_waypoints": 9}}
