{"target": -320.96020259477103, "params": {"k_pid_pos": [1.970980167388916, 0.009794265031814575, 1.0], "k_pid_alt": [1.9918735027313232, 0.11640962958335876, 0.9927365183830261], "k_pid_att": [98.30037689208984, 0.5979810953140259, 0.9901872277259827], "k_pid_yaw": [0.5, 1e-06, 0.1], "k_pid_hsp": [9.590824127197266, 0.9846043586730957, 0.04151350259780884], "k_pid_vsp": [400.0, 383.9667053222656, 10.552764892578125]}, "datetime": {"datetime": "2025-08-20 18:22:10", "elapsed": 23384.778836250305, "delta": 18.505971908569336}, "costs": {"total_cost": 320.96020259477103, "time_cost": 85.136, "final_distance_cost": 1.835923410195811, "oscillation_cost": 153.03162971031165, "completition_cost": 0.0, "overshoot_cost": 50.798612176639935, "power_cost": 16.242669409179687, "noise_cost": 13.915367888443928, "n_waypoints_completed": 9, "tot_waypoints": 9}}
{"target": -218.32989929622715, "params": {"k_pid_pos": [1.961965560913086, 0.0034333765506744385, 0.0], "k_pid_alt": [1.9823222160339355, 0.029933661222457886, 0.9646083116531372], "k_pid_att": [98.74952697753906, 0.028667325153946877, 0.8618390560150146], "k_pid_yaw": [0.5, 1e-06, 0.1], "k_pid_hsp": [9.582863807678223, 0.9884268641471863, 0.004333794116973877], "k_pid_vsp": [400.0, 372.27587890625, 1.802767276763916]}, "datetime": {"datetime": "2025-08-20 18:22:26", "elapsed": 23400.571813344955, "delta": 15.792977094650269}, "costs": {"total_cost": 218.32989929622715, "time_cost": 69.672, "final_distance_cost": 1.752173159755362, "oscillation_cost": 71.48823412277015, "completition_cost": 0.0, "overshoot_cost": 50.84159031998586, "power_cost": 13.016172583007814, "noise_cost": 11.559729110707949, "n_waypoints_completed": 9, "tot_waypoints": 9}}
{"target": -427.0430718802338, "params": {"k_pid_pos": [1.952143669128418, 0.035725146532058716, 0.0], "k_pid_alt": [1.928412914276123, 0.11359691619873047, 0.9757155179977417], "k_pid_att": [98.08882141113281, 0.6000192165374756, 0.9767307639122009], "k_pid_yaw": [0.5, 1e-06, 0.1], "k_pid_hsp": [9.443106651306152, 0.9553941488265991, 0.3100461959838867], "k_pid_vsp": [399.99993896484375, 361.4723205566406, 14.246655464172363]}, "datetime": {"datetime": "2025-08-20 18:22:48", "elapsed": 23422.798624277115, "delta": 22.226810932159424}, "costs": {"total_cost": 427.0430718802338, "time_cost": 99.968, "final_distance_cost": 1.7677932426125351, "oscillation_cost": 231.78652674934565, "completition_cost": 0.0, "overshoot_cost": 52.37305378821366, "power_cost": 23.45513125, "noise_cost": 17.692566850061947, "n_waypoints_completed": 9, "tot_waypoints": 9}}
{"target": -211.88404241150593, "params": {"k_pid_pos": [1.9685438871383667, 0.04856431484222412, 0.0], "k_pid_alt": [1.7623417377471924, 0.015356689691543579, 0.9661802053451538], "k_pid_att": [98.78290557861328, 0.39666688442230225, 0.9645363092422485], "k_pid_yaw": [0.5, 1e-06, 0.1], "k_pid_hsp": [9.705636978149414, 0.9738483428955078, 0.010724395513534546], "k_pid_vsp": [400.0, 389.5184631347656, 5.654395580291748]}, "datetime": {"datetime": "2025-08-20 18:23:03", "elapsed": 23438.38028717041, "delta": 15.581662893295288}, "costs": {"total_cost": 211.88404241150593, "time_cost": 70.152, "final_distance_cost": 1.783160170636633, "oscillation_cost": 65.14551076619989, "completition_cost": 0.0, "overshoot_cost": 50.047852747295885, "power_cost": 13.15531512451172, "noise_cost": 11.600203602861809, "n_waypoints_completed": 9, "tot_waypoints": 9}}
{"target": -218.02788707086765, "params": {"k_pid_pos": [1.8193669319152832, 0.017125308513641357, 2.115964889526367e-06], "k_pid_alt": [1.6864067316055298, 0.012949317693710327, 0.9294407963752747], "k_pid_att": [93.00110626220703, 0.09945189952850342, 0.9869406223297119], "k_pid_yaw": [0.5, 1e-06, 0.1], "k_pid_hsp": [9.69164752960205, 0.9912482500076294, 0.04632383584976196], "k_pid_vsp": [400.0, 399.384033203125, 0.3454814553260803]}, "datetime": {"datetime": "2025-08-20 18:23:19", "elapsed": 23454.34445810318, "delta": 15.964170932769775}, "costs": {"total_cost": 218.02788707086765, "time_cost": 69.584, "final_distance_cost": 1.7434582883121292, "oscillation_cost": 72.3668128655742, "completition_cost": 0.0, "overshoot_cost": 49.58718983166073, "power_cost": 13.225230212402344, "noise_cost": 11.52119587291822, "n_waypoints_completed": 9, "tot_waypoints": 9}}
{"target": -231.28315789555822, "params": {"k_pid_pos": [1.9882756471633911, 0.012345314025878906, 0.0], "k_pid_alt": [1.9812451601028442, 0.008849471807479858, 0.9897417426109314], "k_pid_att": [90.87553405761719, 0.4879412353038788, 0.8475366234779358], "k_pid_yaw": [0.5, 1e-06, 0.1], "k_pid_hsp": [8.7338285446167, 0.9685437679290771, 0.007690638303756714], "k_pid_vsp": [0.0, 379.40240478515625, 27.543642044067383]}, "datetime": {"datetime": "2025-08-20 18:23:35", "elapsed": 23470.4203145504, "delta": 16.07585644721985}, "costs": {"total_cost": 231.28315789555822, "time_cost": 71.56, "final_distance_cost": 1.7572382204680193, "oscillation_cost": 79.7264628108911, "completition_cost": 0.0, "overshoot_cost": 52.63845830863202, "power_cost": 14.470109130859376, "noise_cost": 11.130889424707684, "n_waypoints_completed": 9, "tot_waypoints": 9}}
{"target": -240.38111806956806, "params": {"k_pid_pos": [1.924304485321045, 0.04978099465370178, 7.748603820800781e-07], "k_pid_alt": [1.978959321975708, 0.028382539749145508, 0.9730908870697021], "k_pid_att": [98.41857147216797, 0.1183207556605339, 0.9810959100723267], "k_pid_yaw": [0.5, 1e-06, 0.1], "k_pid_hsp": [9.922616004943848, 0.9470046758651733, 0.08686903119087219], "k_pid_vsp": [311.2770690917969, 382.8804016113281, 24.206199645996094]}, "datetime": {"datetime": "2025-08-20 18:23:50", "elapsed": 23485.449332475662, "delta": 15.029017925262451}, "costs": {"total_cost": 240.38111806956806, "time_cost": 69.0, "final_distance_cost": 1.7642512408300186, "oscillation_cost": 91.3019853858051, "completition_cost": 0.0, "overshoot_cost": 49.76557849691547, "power_cost": 15.960113354492188, "noise_cost": 12.589189591525255, "n_waypoints_completed": 9, "tot_waypoints": 9}}
{"target": -279.9551161123563, "params": {"k_pid_pos": [1.7582424879074097, 0.016846835613250732, 0.9999932646751404], "k_pid_alt": [1.8378782272338867, 0.02487468719482422, 0.9745867252349854], "k_pid_att": [96.36441040039062, 0.7996355891227722, 0.998116135597229], "k_pid_yaw": [0.5, 1e-06, 0.1], "k_pid_hsp": [9.906594276428223, 0.972968339920044, 0.05500945448875427], "k_pid_vsp": [400.0, 389.7431945800781, 11.684418678283691]}, "datetime": {"datetime": "2025-08-20 18:24:07", "elapsed": 23501.663691043854, "delta": 16.21435856819153}, "costs": {"total_cost": 279.9551161123563, "time_cost": 70.47200000000001, "final_distance_cost": 1.8485464718213385, "oscillation_cost": 130.97407107358575, "completition_cost": 0.0, "overshoot_cost": 50.134987062144155, "power_cost": 14.070094934082032, "noise_cost": 12.455416570723, "n_waypoints_completed": 9, "tot_waypoints": 9}}
{"target": -223.52816924523128, "params": {"k_pid_pos": [1.9566590785980225, 0.004693359136581421, 0.0], "k_pid_alt": [1.9875599145889282, 0.002104818820953369, 0.9849886298179626], "k_pid_att": [98.96219635009766, 0.2537474036216736, 0.9445598721504211], "k_pid_yaw": [0.5, 1e-06, 0.1], "k_pid_hsp": [9.217914581298828, 0.9585815668106079, 0.05623817443847656], "k_pid_vsp": [380.489501953125, 269.83367919921875, 60.156761169433594]}, "datetime": {"datetime": "2025-08-20 18:24:21", "elapsed": 23516.406947135925, "delta": 14.743256092071533}, "costs": {"total_cost": 223.52816924523128, "time_cost": 68.992, "final_distance_cost": 1.7499154320676311, "oscillation_cost": 77.04624727807965, "completition_cost": 0.0, "overshoot_cost": 49.86715650396384, "power_cost": 14.358037060546875, "noise_cost": 11.514812970573296, "n_waypoints_completed": 9, "tot_waypoints": 9}}
{"target": -236.96389375432773, "params": {"k_pid_pos": [1.9856593608856201, 0.03436216711997986, 0.004351764917373657], "k_pid_alt": [1.8663547039031982, 0.027042627334594727, 0.9867318868637085], "k_pid_att": [95.00814819335938, 0.4279133975505829, 0.9782063961029053], "k_pid_yaw": [0.5, 1e-06, 0.1], "k_pid_hsp": [9.680936813354492, 0.9525477886199951, 0.039325058460235596], "k_pid_vsp": [400.0, 384.93878173828125, 10.791159629821777]}, "datetime": {"datetime": "2025-08-20 18:24:38", "elapsed": 23533.150047540665, "delta": 16.74310040473938}, "costs": {"total_cost": 236.96389375432773, "time_cost": 69.408, "final_distance_cost": 1.7570705431951203, "oscillation_cost": 91.1925193392913, "completition_cost": 0.0, "overshoot_cost": 49.993544879180156, "power_cost": 13.345123986816407, "noise_cost": 11.267635005844733, "n_waypoints_completed": 9, "tot_waypoints": 9}}
{"target": -212.87470021204146, "params": {"k_pid_pos": [1.9799294471740723, 0.05850708484649658, 0.0], "k_pid_alt": [1.8884570598602295, 0.020989418029785156, 0.979566752910614], "k_pid_att": [96.99523162841797, 0.2459157407283783, 0.9899289608001709], "k_pid_yaw": [0.5, 1e-06, 0.1], "k_pid_hsp": [9.735090255737305, 0.8644107580184937, 0.012660443782806396], "k_pid_vsp": [399.999755859375, 378.8778991699219, 13.632465362548828]}, "datetime": {"datetime": "2025-08-20 18:24:54", "elapsed": 23549.036874055862, "delta": 15.886826515197754}, "costs": {"total_cost": 212.87470021204146, "time_cost": 70.0, "final_distance_cost": 1.7656447367141352, "oscillation_cost": 63.81911414818393, "completition_cost": 0.0, "overshoot_cost": 50.88009088708232, "power_cost": 14.703671325683594, "noise_cost": 11.70617911437751, "n_waypoints_completed": 9, "tot_waypoints": 9}}
{"target": -243.48031669341805, "params": {"k_pid_pos": [1.9727331399917603, 0.03824231028556824, 0.1314101219177246], "k_pid_alt": [1.9324346780776978, 0.023470550775527954, 0.9651951789855957], "k_pid_att": [98.53620910644531, 0.3713694214820862, 0.7413711547851562], "k_pid_yaw": [0.5, 1e-06, 0.1], "k_pid_hsp": [9.573958396911621, 0.9908912181854248, 0.0659906268119812], "k_pid_vsp": [143.08677673339844, 332.88311767578125, 7.478619575500488]}, "datetime": {"datetime": "2025-08-20 18:25:09", "elapsed": 23564.210592985153, "delta": 15.173718929290771}, "costs": {"total_cost": 243.48031669341805, "time_cost": 68.952, "final_distance_cost": 1.7903348944596074, "oscillation_cost": 97.49731456509436, "completition_cost": 0.0, "overshoot_cost": 50.40660642243358, "power_cost": 13.284924780273439, "noise_cost": 11.549136031157063, "n_waypoints_completed": 9, "tot_waypoints": 9}}
{"target": -293.65046226367195, "params": {"k_pid_pos": [1.9097615480422974, 0.02757561206817627, 0.0], "k_pid_alt": [1.8788686990737915, 0.02389189600944519, 0.9959617257118225], "k_pid_att": [99.38731384277344, 0.09114757180213928, 0.9601535797119141], "k_pid_yaw": [0.5, 1e-06, 0.1], "k_pid_hsp": [9.78569221496582, 0.9610065221786499, 0.3183547854423523], "k_pid_vsp": [399.9999694824219, 391.4132995605469, 1.2732515335083008]}, "datetime": {"datetime": "2025-08-20 18:25:25", "elapsed": 23579.7763736248, "delta": 15.565780639648438}, "costs": {"total_cost": 293.65046226367195, "time_cost": 69.504, "final_distance_cost": 1.7626290489923082, "oscillation_cost": 144.62132174581285, "completition_cost": 0.0, "overshoot_cost": 50.82455845704264, "power_cost": 14.65243397216797, "noise_cost": 12.285519039656183, "n_waypoints_completed": 9, "tot_waypoints": 9}}
{"target": -219.96226990408064, "params": {"k_pid_pos": [1.9403518438339233, 0.007239818572998047, 0.0], "k_pid_alt": [1.9624130725860596, 0.02290061116218567, 0.9825587272644043], "k_pid_att": [97.27047729492188, 0.018166881054639816, 0.9550486207008362], "k_pid_yaw": [0.5, 1e-06, 0.1], "k_pid_hsp": [9.778915405273438, 0.9786872863769531, 0.02459457516670227], "k_pid_vsp": [400.0, 380.927001953125, 4.921675682067871]}, "datetime": {"datetime": "2025-08-20 18:25:40", "elapsed": 23594.774112701416, "delta": 14.99773907661438}, "costs": {"total_cost": 219.96226990408064, "time_cost": 69.56, "final_distance_cost": 1.7833189796264421, "oscillation_cost": 74.1715288993956, "completition_cost": 0.0, "overshoot_cost": 50.081552440410526, "power_cost": 12.942111962890626, "noise_cost": 11.423757621757446, "n_waypoints_completed": 9, "tot_waypoints": 9}}
{"target": -231.58267703180647, "params": {"k_pid_pos": [1.8616936206817627, 0.05232122540473938, 0.0], "k_pid_alt": [1.937448263168335, 0.05016636848449707, 0.9403027296066284], "k_pid_att": [97.87406921386719, 0.06460588425397873, 0.9948724508285522], "k_pid_yaw": [0.5, 1e-06, 0.1], "k_pid_hsp": [9.747552871704102, 0.9896748065948486, 0.02592337131500244], "k_pid_vsp": [0.0002503395080566406, 396.1822509765625, 12.032425880432129]}, "datetime": {"datetime": "2025-08-20 18:25:57", "elapsed": 23611.986708164215, "delta": 17.212595462799072}, "costs": {"total_cost": 231.58267703180647, "time_cost": 69.288, "final_distance_cost": 1.7706195652232148, "oscillation_cost": 84.150545062958, "completition_cost": 0.0, "overshoot_cost": 50.83245006135876, "power_cost": 14.821637915039064, "noise_cost": 10.719424427227402, "n_waypoints_completed": 9, "tot_waypoints": 9}}
{"target": -215.8885340585263, "params": {"k_pid_pos": [1.995747685432434, 0.0225239098072052, 0.0], "k_pid_alt": [1.9452385902404785, 0.01473766565322876, 0.989650547504425], "k_pid_att": [97.09165954589844, 0.3931576907634735, 0.9708905220031738], "k_pid_yaw": [0.5, 1e-06, 0.1], "k_pid_hsp": [9.892281532287598, 0.9681844711303711, 0.01930299401283264], "k_pid_vsp": [400.0, 391.3277587890625, 1.7177114486694336]}, "datetime": {"datetime": "2025-08-20 18:26:12", "elapsed": 23627.454971075058, "delta": 15.468262910842896}, "costs": {"total_cost": 215.8885340585263, "time_cost": 70.2, "final_distance_cost": 1.7280925725351906, "oscillation_cost": 68.13229847084493, "completition_cost": 0.0, "overshoot_cost": 50.69348883763949, "power_cost": 13.406656652832032, "noise_cost": 11.727997524674658, "n_waypoints_completed": 9, "tot_waypoints": 9}}
{"target": -223.19446185829415, "params": {"k_pid_pos": [1.8647006750106812, 0.00841096043586731, 0.0], "k_pid_alt": [1.8827425241470337, 0.002834618091583252, 0.9958434104919434], "k_pid_att": [99.48184967041016, 0.10392428934574127, 0.9687795639038086], "k_pid_yaw": [0.5, 1e-06, 0.1], "k_pid_hsp": [9.693601608276367, 0.9466391205787659, 0.03658515214920044], "k_pid_vsp": [400.0, 397.799072265625, 46.234405517578125]}, "datetime": {"datetime": "2025-08-20 18:26:28", "elapsed": 23642.99040865898, "delta": 15.53543758392334}, "costs": {"total_cost": 223.19446185829415, "time_cost": 69.4, "final_distance_cost": 1.7561022435902243, "oscillation_cost": 74.53815940733327, "completition_cost": 0.0, "overshoot_cost": 50.22360573024025, "power_cost": 15.235818859863281, "noise_cost": 12.040775617267109, "n_waypoints_completed": 9, "tot_waypoints": 9}}
{"target": -310.17593085024396, "params": {"k_pid_pos": [1.9599131345748901, 0.011361747980117798, 0.0], "k_pid_alt": [1.993872880935669, 0.011891394853591919, 0.9674797058105469], "k_pid_att": [92.86183166503906, 0.26751235127449036, 0.818771481513977], "k_pid_yaw": [0.5, 1e-06, 0.1], "k_pid_hsp": [9.773655891418457, 0.9879415035247803, 0.17909705638885498], "k_pid_vsp": [400.0, 397.055419921875, 51.872398376464844]}, "datetime": {"datetime": "2025-08-20 18:26:44", "elapsed": 23658.76862359047, "delta": 15.778214931488037}, "costs": {"total_cost": 310.17593085024396, "time_cost": 69.744, "final_distance_cost": 1.7563041924173681, "oscillation_cost": 160.56825550449088, "completition_cost": 0.0, "overshoot_cost": 50.12445899420783, "power_cost": 15.800345666503906, "noise_cost": 12.182566492623968, "n_waypoints_completed": 9, "tot_waypoints": 9}}
{"target": -263.95103881714374, "params": {"k_pid_pos": [1.9799538850784302, 0.013360977172851562, 0.0], "k_pid_alt": [1.9737575054168701, 0.006649225950241089, 0.942278265953064], "k_pid_att": [97.17974853515625, 1.2850035429000854, 0.8862935304641724], "k_pid_yaw": [0.5, 1e-06, 0.1], "k_pid_hsp": [9.89102840423584, 0.9862017631530762, 0.15660825371742249], "k_pid_vsp": [400.0, 389.8055419921875, 6.93184232711792]}, "datetime": {"datetime": "2025-08-20 18:27:00", "elapsed": 23675.083778381348, "delta": 16.315154790878296}, "costs": {"total_cost": 263.95103881714374, "time_cost": 74.664, "final_distance_cost": 1.7560796017574192, "oscillation_cost": 107.54691729662322, "completition_cost": 0.0, "overshoot_cost": 51.39616570362568, "power_cost": 15.597270031738281, "noise_cost": 12.990606183399164, "n_waypoints_completed": 9, "tot_waypoints": 9}}
{"target": -211.16589853784876, "params": {"k_pid_pos": [1.9951975345611572, 0.02616909146308899, 0.0], "k_pid_alt": [1.8569459915161133, 0.018333792686462402, 0.9264353513717651], "k_pid_att": [99.19332885742188, 0.07311227917671204, 0.9727325439453125], "k_pid_yaw": [0.5, 1e-06, 0.1], "k_pid_hsp": [9.682167053222656, 0.9811688661575317, 0.010767489671707153], "k_pid_vsp": [400.0, 396.93597412109375, 69.18428039550781]}, "datetime": {"datetime": "2025-08-20 18:27:17", "elapsed": 23691.966436862946, "delta": 16.8826584815979}, "costs": {"total_cost": 211.16589853784876, "time_cost": 69.592, "final_distance_cost": 1.7702797428595527, "oscillation_cost": 63.03288462667429, "completition_cost": 0.0, "overshoot_cost": 50.54871147461554, "power_cost": 14.727963610839845, "noise_cost": 11.494059082859508, "n_waypoints_completed": 9, "tot_waypoints": 9}}
{"target": -216.50654147882568, "params": {"k_pid_pos": [1.9925445318222046, 0.010787427425384521, 0.0], "k_pid_alt": [1.996217966079712, 0.02287501096725464, 0.9783118963241577], "k_pid_att": [70.31818389892578, 0.7051494717597961, 0.981055498123169], "k_pid_yaw": [0.5, 1e-06, 0.1], "k_pid_hsp": [9.722640037536621, 0.9888581037521362, 0.002548426389694214], "k_pid_vsp": [400.0, 394.52886962890625, 0.6894717812538147]}, "datetime": {"datetime": "2025-08-20 18:27:32", "elapsed": 23706.647365808487, "delta": 14.680928945541382}, "costs": {"total_cost": 216.50654147882568, "time_cost": 69.60000000000001, "final_distance_cost": 1.7530726267467263, "oscillation_cost": 70.33601977371177, "completition_cost": 0.0, "overshoot_cost": 50.36236644797638, "power_cost": 12.947830310058594, "noise_cost": 11.507252320332201, "n_waypoints_completed": 9, "tot_waypoints": 9}}
{"target": -232.94714953732876, "params": {"k_pid_pos": [1.9935566186904907, 0.014775007963180542, 0.0], "k_pid_alt": [1.8793987035751343, 0.030352801084518433, 0.970856785774231], "k_pid_att": [97.58462524414062, 0.14490565657615662, 0.910532534122467], "k_pid_yaw": [0.5, 1e-06, 0.1], "k_pid_hsp": [9.945303916931152, 0.9535214304924011, 0.06334030628204346], "k_pid_vsp": [400.0, 377.7447204589844, 4.13485860824585]}, "datetime": {"datetime": "2025-08-20 18:27:48", "elapsed": 23722.51198887825, "delta": 15.864623069763184}, "costs": {"total_cost": 232.94714953732876, "time_cost": 70.232, "final_distance_cost": 1.7187576694367277, "oscillation_cost": 84.65776598141655, "completition_cost": 0.0, "overshoot_cost": 50.727505831092934, "power_cost": 13.751281677246094, "noise_cost": 11.85983837813646, "n_waypoints_completed": 9, "tot_waypoints": 9}}
{"target": -216.50170625333635, "params": {"k_pid_pos": [1.973270297050476, 0.011695951223373413, 0.0], "k_pid_alt": [1.9811835289001465, 0.040567606687545776, 0.9517874717712402], "k_pid_att": [93.43522644042969, 0.4478450119495392, 0.9785908460617065], "k_pid_yaw": [0.5, 1e-06, 0.1], "k_pid_hsp": [9.587584495544434, 0.9742428064346313, 0.015767991542816162], "k_pid_vsp": [400.0, 344.53887939453125, 12.947822570800781]}, "datetime": {"datetime": "2025-08-20 18:28:04", "elapsed": 23739.465431928635, "delta": 16.95344305038452}, "costs": {"total_cost": 216.50170625333635, "time_cost": 69.696, "final_distance_cost": 1.7742884478342287, "oscillation_cost": 68.12533424749944, "completition_cost": 0.0, "overshoot_cost": 50.14022050683472, "power_cost": 14.838045092773438, "noise_cost": 11.92781795839454, "n_waypoints_completed": 9, "tot_waypoints": 9}}
{"target": -207.53951045560294, "params": {"k_pid_pos": [1.9737344980239868, 0.011237233877182007, 0.0], "k_pid_alt": [1.8668196201324463, 0.032386720180511475, 0.9172576665878296], "k_pid_att": [76.79681396484375, 0.07548094540834427, 0.9243245124816895], "k_pid_yaw": [0.5, 1e-06, 0.1], "k_pid_hsp": [9.688694953918457, 0.9578772783279419, 0.0034999847412109375], "k_pid_vsp": [400.0, 375.337890625, 9.81005573272705]}, "datetime": {"datetime": "2025-08-20 18:28:19", "elapsed": 23754.353753089905, "delta": 14.888321161270142}, "costs": {"total_cost": 207.53951045560294, "time_cost": 69.528, "final_distance_cost": 1.7483896032749773, "oscillation_cost": 59.04852900968603, "completition_cost": 0.0, "overshoot_cost": 50.19024319048411, "power_cost": 15.085414489746094, "noise_cost": 11.93893416241175, "n_waypoints_completed": 9, "tot_waypoints": 9}}
{"target": -211.24521338371616, "params": {"k_pid_pos": [1.9139037132263184, 0.02592766284942627, 0.0], "k_pid_alt": [1.9731526374816895, 0.05517122149467468, 0.9704256057739258], "k_pid_att": [97.85134887695312, 0.39983662962913513, 0.9932655692100525], "k_pid_yaw": [0.5, 1e-06, 0.1], "k_pid_hsp": [9.550755500793457, 0.9391405582427979, 0.01881590485572815], "k_pid_vsp": [400.0, 392.488037109375, 18.738344192504883]}, "datetime": {"datetime": "2025-08-20 18:28:35", "elapsed": 23770.196264982224, "delta": 15.842511892318726}, "costs": {"total_cost": 211.24521338371616, "time_cost": 69.696, "final_distance_cost": 1.7813556050270911, "oscillation_cost": 68.52993121242469, "completition_cost": 0.0, "overshoot_cost": 50.73277819334942, "power_cost": 10.880275622558594, "noise_cost": 9.624872750356396, "n_waypoints_completed": 9, "tot_waypoints": 9}}
