{"target": -230.76254170877698, "params": {"k_pid_pos": [1.9880945682525635, 0.07072359323501587, 0.0], "k_pid_alt": [1.77665376663208, 0.04425397515296936, 0.9983298778533936], "k_pid_att": [97.14173889160156, 0.13925428688526154, 0.9632629156112671], "k_pid_yaw": [0.5, 1e-06, 0.1], "k_pid_hsp": [9.557411193847656, 0.9198547005653381, 0.041918039321899414], "k_pid_vsp": [400.0, 397.6921081542969, 4.526127338409424]}, "datetime": {"datetime": "2025-08-20 21:30:52", "elapsed": 34706.691078186035, "delta": 16.076567888259888}, "costs": {"total_cost": 230.76254170877698, "time_cost": 70.096, "final_distance_cost": 1.7783669610769948, "oscillation_cost": 82.79590501905324, "completition_cost": 0.0, "overshoot_cost": 50.97513667902844, "power_cost": 13.343500073242188, "noise_cost": 11.773632976376147, "n_waypoints_completed": 9, "tot_waypoints": 9}}
{"target": -215.55865995590324, "params": {"k_pid_pos": [1.9633139371871948, 0.0617089569568634, 0.0], "k_pid_alt": [1.3774536848068237, 0.016076475381851196, 0.8477300405502319], "k_pid_att": [97.07540893554688, 0.33000779151916504, 0.994102954864502], "k_pid_yaw": [0.5, 1e-06, 0.1], "k_pid_hsp": [9.908764839172363, 0.9541915655136108, 0.013169795274734497], "k_pid_vsp": [400.0, 333.7104187011719, 4.16624641418457]}, "datetime": {"datetime": "2025-08-20 21:31:09", "elapsed": 34724.26705002785, "delta": 17.575971841812134}, "costs": {"total_cost": 215.55865995590324, "time_cost": 70.544, "final_distance_cost": 1.7412667698842053, "oscillation_cost": 67.91217880445411, "completition_cost": 0.0, "overshoot_cost": 50.61096828003663, "power_cost": 13.197204199218751, "noise_cost": 11.553041902309557, "n_waypoints_completed": 9, "tot_waypoints": 9}}
{"target": -216.2444066114161, "params": {"k_pid_pos": [1.9847025871276855, 0.0104694664478302, 0.0023630261421203613], "k_pid_alt": [1.9577906131744385, 0.026794135570526123, 0.9950180053710938], "k_pid_att": [97.64678192138672, 0.06754644960165024, 0.9542587995529175], "k_pid_yaw": [0.5, 1e-06, 0.1], "k_pid_hsp": [9.988251686096191, 0.966677188873291, 0.037285029888153076], "k_pid_vsp": [400.0, 395.302734375, 5.836583137512207]}, "datetime": {"datetime": "2025-08-20 21:31:25", "elapsed": 34740.270809412, "delta": 16.003759384155273}, "costs": {"total_cost": 216.2444066114161, "time_cost": 69.8, "final_distance_cost": 1.731480991466055, "oscillation_cost": 68.88316009336285, "completition_cost": 0.0, "overshoot_cost": 51.11320649237715, "power_cost": 13.141619726562501, "noise_cost": 11.57493930764756, "n_waypoints_completed": 9, "tot_waypoints": 9}}
{"target": -220.88423034291498, "params": {"k_pid_pos": [1.9766507148742676, 0.006768316030502319, 0.0], "k_pid_alt": [1.8549882173538208, 0.01587045192718506, 0.9939419031143188], "k_pid_att": [99.05673217773438, 0.4417749345302582, 0.9027313590049744], "k_pid_yaw": [0.5, 1e-06, 0.1], "k_pid_hsp": [9.61181640625, 0.9919561147689819, 0.025849610567092896], "k_pid_vsp": [400.0, 383.6104736328125, 5.774761199951172]}, "datetime": {"datetime": "2025-08-20 21:31:41", "elapsed": 34755.59013104439, "delta": 15.319321632385254}, "costs": {"total_cost": 220.88423034291498, "time_cost": 69.792, "final_distance_cost": 1.7623567799989122, "oscillation_cost": 74.24683964482048, "completition_cost": 0.0, "overshoot_cost": 50.50575250997864, "power_cost": 13.08679619140625, "noise_cost": 11.490485216710674, "n_waypoints_completed": 9, "tot_waypoints": 9}}
{"target": -216.44267884241523, "params": {"k_pid_pos": [1.9866422414779663, 0.029527246952056885, 5.5670738220214844e-05], "k_pid_alt": [1.903515338897705, 0.013439327478408813, 0.9824901819229126], "k_pid_att": [99.07350158691406, 0.20315520465373993, 0.990509033203125], "k_pid_yaw": [0.5, 1e-06, 0.1], "k_pid_hsp": [9.407574653625488, 0.9828810691833496, 0.03134217858314514], "k_pid_vsp": [400.0, 394.13153076171875, 3.483665943145752]}, "datetime": {"datetime": "2025-08-20 21:31:57", "elapsed": 34771.94980621338, "delta": 16.35967516899109}, "costs": {"total_cost": 216.44267884241523, "time_cost": 69.776, "final_distance_cost": 1.7911522004273484, "oscillation_cost": 69.53901401231907, "completition_cost": 0.0, "overshoot_cost": 50.65064646068709, "power_cost": 13.177033520507813, "noise_cost": 11.50883264847392, "n_waypoints_completed": 9, "tot_waypoints": 9}}
{"target": -208.98224926806247, "params": {"k_pid_pos": [1.8041542768478394, 0.023494035005569458, 0.0], "k_pid_alt": [1.7975966930389404, 0.019530892372131348, 0.8679040670394897], "k_pid_att": [97.66570281982422, 0.4298243224620819, 0.9835983514785767], "k_pid_yaw": [0.5, 1e-06, 0.1], "k_pid_hsp": [9.46963119506836, 0.9855561852455139, 0.07055604457855225], "k_pid_vsp": [400.0, 396.8962707519531, 9.01807689666748]}, "datetime": {"datetime": "2025-08-20 21:32:13", "elapsed": 34787.97257423401, "delta": 16.022768020629883}, "costs": {"total_cost": 208.98224926806247, "time_cost": 69.168, "final_distance_cost": 1.7703783961909005, "oscillation_cost": 62.30154321067553, "completition_cost": 0.0, "overshoot_cost": 50.52523081913256, "power_cost": 13.529583056640625, "noise_cost": 11.687513785422825, "n_waypoints_completed": 9, "tot_waypoints": 9}}
{"target": -229.96992668131207, "params": {"k_pid_pos": [1.915619969367981, 0.015460312366485596, 0.0], "k_pid_alt": [1.948561668395996, 0.008149057626724243, 0.9940592050552368], "k_pid_att": [96.81648254394531, 0.25597330927848816, 0.9774747490882874], "k_pid_yaw": [0.5, 1e-06, 0.1], "k_pid_hsp": [9.875066757202148, 0.9581459760665894, 0.05758848786354065], "k_pid_vsp": [400.0, 398.8209228515625, 17.92805290222168]}, "datetime": {"datetime": "2025-08-20 21:32:28", "elapsed": 34803.477058172226, "delta": 15.504483938217163}, "costs": {"total_cost": 229.96992668131207, "time_cost": 69.568, "final_distance_cost": 1.7924736513988746, "oscillation_cost": 82.68277358622647, "completition_cost": 0.0, "overshoot_cost": 50.07827248469651, "power_cost": 14.271580895996095, "noise_cost": 11.576826062994126, "n_waypoints_completed": 9, "tot_waypoints": 9}}
{"target": -211.29504602260457, "params": {"k_pid_pos": [1.956770658493042, 0.028716683387756348, 0.0], "k_pid_alt": [1.9809842109680176, 0.0488915741443634, 0.9846339225769043], "k_pid_att": [98.30760955810547, 0.15543143451213837, 0.9889445304870605], "k_pid_yaw": [0.5, 1e-06, 0.1], "k_pid_hsp": [9.804547309875488, 0.9774510860443115, 0.024450182914733887], "k_pid_vsp": [400.0, 366.52056884765625, 6.843818187713623]}, "datetime": {"datetime": "2025-08-20 21:32:44", "elapsed": 34819.114530563354, "delta": 15.63747239112854}, "costs": {"total_cost": 211.29504602260457, "time_cost": 69.792, "final_distance_cost": 1.7524326577031666, "oscillation_cost": 64.4736546690733, "completition_cost": 0.0, "overshoot_cost": 50.591326978920506, "power_cost": 13.146410510253906, "noise_cost": 11.539221206653691, "n_waypoints_completed": 9, "tot_waypoints": 9}}
{"target": -226.28401310440586, "params": {"k_pid_pos": [1.9748804569244385, 0.10379701852798462, 0.0], "k_pid_alt": [1.901301383972168, 0.03280112147331238, 0.9957391023635864], "k_pid_att": [97.4702377319336, 0.09493719786405563, 0.9938524961471558], "k_pid_yaw": [0.5, 1e-06, 0.1], "k_pid_hsp": [9.256896018981934, 0.9981316328048706, 0.02483949065208435], "k_pid_vsp": [399.9919738769531, 391.377197265625, 1.7138252258300781]}, "datetime": {"datetime": "2025-08-20 21:33:01", "elapsed": 34835.69661283493, "delta": 16.582082271575928}, "costs": {"total_cost": 226.28401310440586, "time_cost": 70.0, "final_distance_cost": 1.7474572997658449, "oscillation_cost": 78.7304222638389, "completition_cost": 0.0, "overshoot_cost": 51.12477443701736, "power_cost": 13.109982019042969, "noise_cost": 11.571377084740776, "n_waypoints_completed": 9, "tot_waypoints": 9}}
{"target": -223.33331024061536, "params": {"k_pid_pos": [1.9468120336532593, 0.0052645206451416016, 0.0008637011051177979], "k_pid_alt": [1.9656819105148315, 0.03732776641845703, 0.9598018527030945], "k_pid_att": [97.97257995605469, 0.0687418133020401, 0.9624863862991333], "k_pid_yaw": [0.5, 1e-06, 0.1], "k_pid_hsp": [9.90957260131836, 0.9169296026229858, 0.053959161043167114], "k_pid_vsp": [400.0, 393.139892578125, 8.5735445022583]}, "datetime": {"datetime": "2025-08-20 21:33:16", "elapsed": 34850.90670275688, "delta": 15.210089921951294}, "costs": {"total_cost": 223.33331024061536, "time_cost": 69.552, "final_distance_cost": 1.726967459727276, "oscillation_cost": 76.57425179338134, "completition_cost": 0.0, "overshoot_cost": 50.478630580584095, "power_cost": 13.391830688476563, "noise_cost": 11.609629718446062, "n_waypoints_completed": 9, "tot_waypoints": 9}}
{"target": -219.04535091705378, "params": {"k_pid_pos": [1.9948670864105225, 0.044052720069885254, 0.0], "k_pid_alt": [1.9816571474075317, 0.023068606853485107, 0.9793945550918579], "k_pid_att": [97.63365936279297, 1.1415584087371826, 0.9628903865814209], "k_pid_yaw": [0.5, 1e-06, 0.1], "k_pid_hsp": [9.962647438049316, 0.9870772361755371, 0.008402884006500244], "k_pid_vsp": [400.0, 391.321533203125, 9.869528770446777]}, "datetime": {"datetime": "2025-08-20 21:33:32", "elapsed": 34867.38483119011, "delta": 16.47812843322754}, "costs": {"total_cost": 219.04535091705378, "time_cost": 69.792, "final_distance_cost": 1.7617290200592581, "oscillation_cost": 71.21980820054245, "completition_cost": 0.0, "overshoot_cost": 50.507236684842994, "power_cost": 14.045577612304688, "noise_cost": 11.718999399304364, "n_waypoints_completed": 9, "tot_waypoints": 9}}
{"target": -221.29333974953866, "params": {"k_pid_pos": [1.978554368019104, 0.04461479187011719, 0.0006611049175262451], "k_pid_alt": [1.9795124530792236, 0.0038678646087646484, 0.9706152677536011], "k_pid_att": [95.85014343261719, 0.12568335235118866, 0.9097449779510498], "k_pid_yaw": [0.5, 1e-06, 0.1], "k_pid_hsp": [9.251320838928223, 0.9964734315872192, 0.025336354970932007], "k_pid_vsp": [399.4134521484375, 395.60205078125, 16.786218643188477]}, "datetime": {"datetime": "2025-08-20 21:33:48", "elapsed": 34882.674001693726, "delta": 15.289170503616333}, "costs": {"total_cost": 221.29333974953866, "time_cost": 69.944, "final_distance_cost": 1.7722675735209088, "oscillation_cost": 74.73316476042152, "completition_cost": 0.0, "overshoot_cost": 50.005558382625004, "power_cost": 13.620129211425782, "noise_cost": 11.21821982154545, "n_waypoints_completed": 9, "tot_waypoints": 9}}
{"target": -224.38205838510814, "params": {"k_pid_pos": [1.9695422649383545, 0.03423553705215454, 8.940696716308594e-08], "k_pid_alt": [1.9712975025177002, 0.029155611991882324, 0.9603714942932129], "k_pid_att": [99.51402282714844, 0.4040684998035431, 0.9817217588424683], "k_pid_yaw": [0.5, 1e-06, 0.1], "k_pid_hsp": [9.802661895751953, 0.8557119369506836, 0.03332895040512085], "k_pid_vsp": [400.0, 396.8443298339844, 20.460369110107422]}, "datetime": {"datetime": "2025-08-20 21:34:04", "elapsed": 34899.26413702965, "delta": 16.59013533592224}, "costs": {"total_cost": 224.38205838510814, "time_cost": 69.568, "final_distance_cost": 1.7281606190530236, "oscillation_cost": 75.34461214606146, "completition_cost": 0.0, "overshoot_cost": 50.378754124247365, "power_cost": 15.314780041503907, "noise_cost": 12.047751454242379, "n_waypoints_completed": 9, "tot_waypoints": 9}}
{"target": -243.88264715667336, "params": {"k_pid_pos": [1.9658730030059814, 0.0034674406051635742, 0.0], "k_pid_alt": [1.8796195983886719, 0.018198132514953613, 0.9742910265922546], "k_pid_att": [97.11774444580078, 0.0650511309504509, 0.9595445394515991], "k_pid_yaw": [0.5, 1e-06, 0.1], "k_pid_hsp": [9.864338874816895, 0.9708846807479858, 0.04838690161705017], "k_pid_vsp": [400.0, 373.19622802734375, 10.054339408874512]}, "datetime": {"datetime": "2025-08-20 21:34:19", "elapsed": 34914.07761669159, "delta": 14.813479661941528}, "costs": {"total_cost": 243.88264715667336, "time_cost": 69.504, "final_distance_cost": 1.744567330283155, "oscillation_cost": 97.63373170165426, "completition_cost": 0.0, "overshoot_cost": 50.47395542266488, "power_cost": 13.034887841796875, "noise_cost": 11.491504860274175, "n_waypoints_completed": 9, "tot_waypoints": 9}}
{"target": -209.5649921616296, "params": {"k_pid_pos": [1.9336895942687988, 0.015475064516067505, 7.450580596923828e-07], "k_pid_alt": [1.9825056791305542, 0.011493504047393799, 0.9808213710784912], "k_pid_att": [98.96794891357422, 0.07064586132764816, 0.9865063428878784], "k_pid_yaw": [0.5, 1e-06, 0.1], "k_pid_hsp": [9.927120208740234, 0.9934923648834229, 0.002691596746444702], "k_pid_vsp": [399.9999084472656, 394.16070556640625, 4.568005561828613]}, "datetime": {"datetime": "2025-08-20 21:34:36", "elapsed": 34931.40005970001, "delta": 17.32244300842285}, "costs": {"total_cost": 209.5649921616296, "time_cost": 69.83200000000001, "final_distance_cost": 1.7750373242212287, "oscillation_cost": 63.26122398733317, "completition_cost": 0.0, "overshoot_cost": 50.35927333578662, "power_cost": 12.948222729492189, "noise_cost": 11.389234784796368, "n_waypoints_completed": 9, "tot_waypoints": 9}}
{"target": -212.83313223346278, "params": {"k_pid_pos": [1.959960699081421, 0.00860247015953064, 0.0], "k_pid_alt": [1.953258991241455, 0.008538156747817993, 0.9228823184967041], "k_pid_att": [98.07186126708984, 0.3186568021774292, 0.9468069076538086], "k_pid_yaw": [0.5, 1e-06, 0.1], "k_pid_hsp": [9.781877517700195, 0.9978184700012207, 0.007205307483673096], "k_pid_vsp": [400.0, 380.0509338378906, 11.029983520507812]}, "datetime": {"datetime": "2025-08-20 21:34:52", "elapsed": 34946.672527074814, "delta": 15.272467374801636}, "costs": {"total_cost": 212.83313223346278, "time_cost": 69.8, "final_distance_cost": 1.7670890267529749, "oscillation_cost": 61.900225428744676, "completition_cost": 0.0, "overshoot_cost": 50.09874396338792, "power_cost": 16.460756872558594, "noise_cost": 12.806316942018626, "n_waypoints_completed": 9, "tot_waypoints": 9}}
{"target": -214.77719413152963, "params": {"k_pid_pos": [1.954799771308899, 0.012124687433242798, 0.0], "k_pid_alt": [1.975264549255371, 0.016119569540023804, 0.9627273082733154], "k_pid_att": [99.81216430664062, 0.5656744837760925, 0.9617975950241089], "k_pid_yaw": [0.5, 1e-06, 0.1], "k_pid_hsp": [9.897819519042969, 0.9604302644729614, 0.016579240560531616], "k_pid_vsp": [400.0, 392.5771179199219, 16.536142349243164]}, "datetime": {"datetime": "2025-08-20 21:35:08", "elapsed": 34963.47345280647, "delta": 16.800925731658936}, "costs": {"total_cost": 214.77719413152963, "time_cost": 69.584, "final_distance_cost": 1.727102545672935, "oscillation_cost": 66.05711141542042, "completition_cost": 0.0, "overshoot_cost": 50.38602080408685, "power_cost": 15.090887219238281, "noise_cost": 11.93207214711111, "n_waypoints_completed": 9, "tot_waypoints": 9}}
{"target": -221.73179573820664, "params": {"k_pid_pos": [1.8752914667129517, 0.09132826328277588, 0.0], "k_pid_alt": [1.931739330291748, 0.0054814815521240234, 0.9820008277893066], "k_pid_att": [98.1932373046875, 0.045345135033130646, 0.9772175550460815], "k_pid_yaw": [0.5, 1e-06, 0.1], "k_pid_hsp": [9.552739143371582, 0.9828317165374756, 0.051653891801834106], "k_pid_vsp": [399.99945068359375, 393.2574768066406, 9.90294361114502]}, "datetime": {"datetime": "2025-08-20 21:35:24", "elapsed": 34978.87667155266, "delta": 15.403218746185303}, "costs": {"total_cost": 221.73179573820664, "time_cost": 69.68, "final_distance_cost": 1.788673085220234, "oscillation_cost": 75.40165996290344, "completition_cost": 0.0, "overshoot_cost": 49.640977781018364, "power_cost": 13.626016723632814, "noise_cost": 11.594468185431792, "n_waypoints_completed": 9, "tot_waypoints": 9}}
{"target": -215.67945568299174, "params": {"k_pid_pos": [1.9539413452148438, 0.009639710187911987, 1.1026859283447266e-06], "k_pid_alt": [1.9869349002838135, 0.03433844447135925, 0.9896236062049866], "k_pid_att": [86.52717590332031, 0.15907084941864014, 0.991093635559082], "k_pid_yaw": [0.5, 1e-06, 0.1], "k_pid_hsp": [9.90581226348877, 0.9952567219734192, 0.05296170711517334], "k_pid_vsp": [399.9999084472656, 340.873779296875, 8.034361839294434]}, "datetime": {"datetime": "2025-08-20 21:35:41", "elapsed": 34995.72134017944, "delta": 16.84466862678528}, "costs": {"total_cost": 215.67945568299174, "time_cost": 69.328, "final_distance_cost": 1.7805857986182827, "oscillation_cost": 69.73097569594978, "completition_cost": 0.0, "overshoot_cost": 50.17399392319072, "power_cost": 13.176226220703125, "noise_cost": 11.489674044529853, "n_waypoints_completed": 9, "tot_waypoints": 9}}
{"target": -325.7461011308546, "params": {"k_pid_pos": [1.909576654434204, 0.03140231966972351, 1.5795230865478516e-06], "k_pid_alt": [1.9638981819152832, 0.10892853140830994, 0.9904075860977173], "k_pid_att": [98.14582824707031, 0.09406697750091553, 0.9461811780929565], "k_pid_yaw": [0.5, 1e-06, 0.1], "k_pid_hsp": [9.974310874938965, 0.9891816973686218, 0.12132498621940613], "k_pid_vsp": [400.0, 395.45013427734375, 36.96892166137695]}, "datetime": {"datetime": "2025-08-20 21:35:59", "elapsed": 35013.75334191322, "delta": 18.032001733779907}, "costs": {"total_cost": 325.7461011308546, "time_cost": 81.552, "final_distance_cost": 1.8169301350624387, "oscillation_cost": 158.76219348001675, "completition_cost": 0.0, "overshoot_cost": 52.067967773408945, "power_cost": 17.862535546875, "noise_cost": 13.684474195491454, "n_waypoints_completed": 9, "tot_waypoints": 9}}
{"target": -204.26699283359204, "params": {"k_pid_pos": [1.9566798210144043, 0.012917488813400269, 0.0], "k_pid_alt": [1.9863076210021973, 0.008840680122375488, 0.9786019325256348], "k_pid_att": [90.32989501953125, 0.41100701689720154, 0.990157961845398], "k_pid_yaw": [0.5, 1e-06, 0.1], "k_pid_hsp": [9.91840648651123, 0.9397156834602356, 0.009950101375579834], "k_pid_vsp": [399.51129150390625, 382.4757995605469, 19.955446243286133]}, "datetime": {"datetime": "2025-08-20 21:36:15", "elapsed": 35030.3698592186, "delta": 16.616517305374146}, "costs": {"total_cost": 204.26699283359204, "time_cost": 69.64, "final_distance_cost": 1.7812306069326997, "oscillation_cost": 59.436552376813474, "completition_cost": 0.0, "overshoot_cost": 50.37497340550852, "power_cost": 12.697187915039063, "noise_cost": 10.337048529298297, "n_waypoints_completed": 9, "tot_waypoints": 9}}
{"target": -211.4610222726888, "params": {"k_pid_pos": [1.943577766418457, 0.007396280765533447, 5.364418029785156e-07], "k_pid_alt": [1.9504427909851074, 0.007478445768356323, 0.9253568649291992], "k_pid_att": [98.92959594726562, 0.07484139502048492, 0.9956367015838623], "k_pid_yaw": [0.5, 1e-06, 0.1], "k_pid_hsp": [9.064833641052246, 0.986425518989563, 0.009654492139816284], "k_pid_vsp": [400.0, 395.294921875, 11.399687767028809]}, "datetime": {"datetime": "2025-08-20 21:36:30", "elapsed": 35045.45021152496, "delta": 15.080352306365967}, "costs": {"total_cost": 211.4610222726888, "time_cost": 69.656, "final_distance_cost": 1.7547978987222614, "oscillation_cost": 60.75785599627213, "completition_cost": 0.0, "overshoot_cost": 50.49570890125667, "power_cost": 16.268915551757814, "noise_cost": 12.52774392467989, "n_waypoints_completed": 9, "tot_waypoints": 9}}
{"target": -222.48788805066107, "params": {"k_pid_pos": [1.6580106019973755, 0.09529083967208862, 0.0], "k_pid_alt": [1.9289512634277344, 0.02022424340248108, 0.9720028638839722], "k_pid_att": [98.2758560180664, 0.1501046121120453, 0.8323550820350647], "k_pid_yaw": [0.5, 1e-06, 0.1], "k_pid_hsp": [9.954704284667969, 0.9601483345031738, 0.021914899349212646], "k_pid_vsp": [400.0, 342.6843566894531, 8.597529411315918]}, "datetime": {"datetime": "2025-08-20 21:36:47", "elapsed": 35062.132843494415, "delta": 16.682631969451904}, "costs": {"total_cost": 222.48788805066107, "time_cost": 69.456, "final_distance_cost": 1.7516020420093532, "oscillation_cost": 76.30355451635421, "completition_cost": 0.0, "overshoot_cost": 50.43911373233411, "power_cost": 13.101869873046876, "noise_cost": 11.435747886916534, "n_waypoints_completed": 9, "tot_waypoints": 9}}
{"target": -236.48253058197687, "params": {"k_pid_pos": [1.6898932456970215, 0.017119258642196655, 0.0], "k_pid_alt": [1.980263590812683, 0.005212962627410889, 0.929074764251709], "k_pid_att": [96.89695739746094, 0.047268856316804886, 0.9931424856185913], "k_pid_yaw": [0.5, 1e-06, 0.1], "k_pid_hsp": [9.75796127319336, 0.9737033843994141, 0.06605479121208191], "k_pid_vsp": [399.999755859375, 389.5619812011719, 10.770035743713379]}, "datetime": {"datetime": "2025-08-20 21:37:02", "elapsed": 35077.189250946045, "delta": 15.056407451629639}, "costs": {"total_cost": 236.48253058197687, "time_cost": 68.888, "final_distance_cost": 1.7792898566790403, "oscillation_cost": 90.71728545050388, "completition_cost": 0.0, "overshoot_cost": 49.86811177005164, "power_cost": 13.574339379882813, "noise_cost": 11.655504124859512, "n_waypoints_completed": 9, "tot_waypoints": 9}}
{"target": -213.56665716905013, "params": {"k_pid_pos": [1.9749865531921387, 0.028727591037750244, 0.0], "k_pid_alt": [1.9877557754516602, 0.015711277723312378, 0.945152759552002], "k_pid_att": [98.74835205078125, 0.3957620859146118, 0.9575072526931763], "k_pid_yaw": [0.5, 1e-06, 0.1], "k_pid_hsp": [9.54509449005127, 0.9579973220825195, 0.027393460273742676], "k_pid_vsp": [399.972900390625, 391.833251953125, 15.996051788330078]}, "datetime": {"datetime": "2025-08-20 21:37:19", "elapsed": 35093.63988041878, "delta": 16.450629472732544}, "costs": {"total_cost": 213.56665716905013, "time_cost": 69.552, "final_distance_cost": 1.722447601310201, "oscillation_cost": 66.754715329668, "completition_cost": 0.0, "overshoot_cost": 50.41659959284862, "power_cost": 13.947459033203126, "noise_cost": 11.173435612020178, "n_waypoints_completed": 9, "tot_waypoints": 9}}
