{"target": -228.092567241389, "params": {"k_pid_pos": [1.9492096900939941, 0.07226049900054932, 0.0], "k_pid_alt": [1.8183971643447876, 0.01368856430053711, 0.9888206720352173], "k_pid_att": [99.57063293457031, 0.0280075091868639, 0.9881044626235962], "k_pid_yaw": [0.5, 1e-06, 0.1], "k_pid_hsp": [9.640429496765137, 0.9860405921936035, 0.010262370109558105], "k_pid_vsp": [400.0, 397.8960876464844, 8.952439308166504]}, "datetime": {"datetime": "2025-08-20 23:23:33", "elapsed": 41467.89867758751, "delta": 16.053574562072754}, "costs": {"total_cost": 228.092567241389, "time_cost": 70.08800000000001, "final_distance_cost": 1.7890776818792435, "oscillation_cost": 80.81987961736206, "completition_cost": 0.0, "overshoot_cost": 49.97816504861895, "power_cost": 13.636986682128907, "noise_cost": 11.780458211399793, "n_waypoints_completed": 9, "tot_waypoints": 9}}
{"target": -217.56258983982636, "params": {"k_pid_pos": [1.9947657585144043, 0.004754424095153809, 5.960464477539063e-08], "k_pid_alt": [1.9650930166244507, 0.03175613284111023, 0.9194836616516113], "k_pid_att": [99.34480285644531, 0.032946303486824036, 0.9515013694763184], "k_pid_yaw": [0.5, 1e-06, 0.1], "k_pid_hsp": [9.831117630004883, 0.9530919790267944, 0.024874359369277954], "k_pid_vsp": [400.0, 393.2313232421875, 1.7424235343933105]}, "datetime": {"datetime": "2025-08-20 23:23:50", "elapsed": 41485.139415979385, "delta": 17.24073839187622}, "costs": {"total_cost": 217.56258983982636, "time_cost": 69.70400000000001, "final_distance_cost": 1.791789686531306, "oscillation_cost": 70.58597156758472, "completition_cost": 0.0, "overshoot_cost": 50.78346439876411, "power_cost": 13.120250048828126, "noise_cost": 11.577114138118073, "n_waypoints_completed": 9, "tot_waypoints": 9}}
{"target": -209.98892763184998, "params": {"k_pid_pos": [1.9762083292007446, 0.022514134645462036, 0.0], "k_pid_alt": [1.994373083114624, 0.012925833463668823, 0.9687228798866272], "k_pid_att": [99.1318130493164, 0.1723160594701767, 0.9669298529624939], "k_pid_yaw": [0.5, 1e-06, 0.1], "k_pid_hsp": [9.63963794708252, 0.9914610385894775, 0.004636257886886597], "k_pid_vsp": [400.0, 396.41790771484375, 17.191184997558594]}, "datetime": {"datetime": "2025-08-20 23:24:05", "elapsed": 41500.496376276016, "delta": 15.35696029663086}, "costs": {"total_cost": 209.98892763184998, "time_cost": 69.808, "final_distance_cost": 1.7607993562310293, "oscillation_cost": 62.375470294231896, "completition_cost": 0.0, "overshoot_cost": 50.45121163940841, "power_cost": 14.271751013183595, "noise_cost": 11.321695328795048, "n_waypoints_completed": 9, "tot_waypoints": 9}}
{"target": -206.95317008596737, "params": {"k_pid_pos": [1.9685832262039185, 0.03450104594230652, 0.0], "k_pid_alt": [1.9374514818191528, 0.00559505820274353, 0.9849614500999451], "k_pid_att": [99.80146026611328, 0.2893572449684143, 0.979704737663269], "k_pid_yaw": [0.5, 1e-06, 0.1], "k_pid_hsp": [9.019222259521484, 0.974175751209259, 0.0022262930870056152], "k_pid_vsp": [399.9933166503906, 391.9615478515625, 2.7211318016052246]}, "datetime": {"datetime": "2025-08-20 23:24:24", "elapsed": 41519.20994734764, "delta": 18.713571071624756}, "costs": {"total_cost": 206.95317008596737, "time_cost": 70.184, "final_distance_cost": 1.7624156088732104, "oscillation_cost": 60.202598554213765, "completition_cost": 0.0, "overshoot_cost": 50.48732331211898, "power_cost": 12.891171044921876, "noise_cost": 11.425661565839562, "n_waypoints_completed": 9, "tot_waypoints": 9}}
{"target": -223.08095440566547, "params": {"k_pid_pos": [1.970897912979126, 0.01199987530708313, 0.0], "k_pid_alt": [1.953864336013794, 0.0531734824180603, 0.9954593181610107], "k_pid_att": [93.90349578857422, 0.26501941680908203, 0.9496266841888428], "k_pid_yaw": [0.5, 1e-06, 0.1], "k_pid_hsp": [9.61531925201416, 0.9854310750961304, 0.04549810290336609], "k_pid_vsp": [389.23236083984375, 396.1845397949219, 0.6966481804847717]}, "datetime": {"datetime": "2025-08-20 23:24:40", "elapsed": 41534.64352226257, "delta": 15.433574914932251}, "costs": {"total_cost": 223.08095440566547, "time_cost": 69.808, "final_distance_cost": 1.7722192131091354, "oscillation_cost": 75.44291040264886, "completition_cost": 0.0, "overshoot_cost": 51.26986422312882, "power_cost": 13.216505932617189, "noise_cost": 11.571454634161418, "n_waypoints_completed": 9, "tot_waypoints": 9}}
{"target": -226.56250019932884, "params": {"k_pid_pos": [1.9852185249328613, 0.04753381013870239, 2.980232238769531e-07], "k_pid_alt": [1.9526487588882446, 0.0072997212409973145, 0.950703501701355], "k_pid_att": [99.48848724365234, 0.1905006617307663, 0.9537875056266785], "k_pid_yaw": [0.5, 1e-06, 0.1], "k_pid_hsp": [9.951423645019531, 0.9900901317596436, 0.06515955924987793], "k_pid_vsp": [399.99884033203125, 391.80706787109375, 2.32523775100708]}, "datetime": {"datetime": "2025-08-20 23:24:56", "elapsed": 41550.54374742508, "delta": 15.900225162506104}, "costs": {"total_cost": 226.56250019932884, "time_cost": 69.768, "final_distance_cost": 1.756452508518446, "oscillation_cost": 79.59334557516624, "completition_cost": 0.0, "overshoot_cost": 50.26448688436741, "power_cost": 13.491725158691407, "noise_cost": 11.688490072585312, "n_waypoints_completed": 9, "tot_waypoints": 9}}
{"target": -216.5205837946059, "params": {"k_pid_pos": [1.9786127805709839, 0.023055046796798706, 2.9802322387695312e-08], "k_pid_alt": [1.9847891330718994, 0.06171959638595581, 0.9468429088592529], "k_pid_att": [99.64474487304688, 0.5889310836791992, 0.9842953085899353], "k_pid_yaw": [0.5, 1e-06, 0.1], "k_pid_hsp": [9.984268188476562, 0.9852867126464844, 0.0189552903175354], "k_pid_vsp": [400.0, 391.52728271484375, 24.364450454711914]}, "datetime": {"datetime": "2025-08-20 23:25:13", "elapsed": 41567.908714056015, "delta": 17.36496663093567}, "costs": {"total_cost": 216.5205837946059, "time_cost": 69.888, "final_distance_cost": 1.7554030546107275, "oscillation_cost": 67.8544746126683, "completition_cost": 0.0, "overshoot_cost": 51.163721249336206, "power_cost": 14.453366284179689, "noise_cost": 11.405618593810992, "n_waypoints_completed": 9, "tot_waypoints": 9}}
{"target": -215.38843964215735, "params": {"k_pid_pos": [1.9920724630355835, 0.04873073101043701, 0.0], "k_pid_alt": [1.9706768989562988, 0.011821746826171875, 0.9954280853271484], "k_pid_att": [97.8804702758789, 0.4079010486602783, 0.9590750932693481], "k_pid_yaw": [0.5, 1e-06, 0.1], "k_pid_hsp": [9.95539379119873, 0.997677206993103, 0.0035186409950256348], "k_pid_vsp": [400.0, 392.28802490234375, 21.97730827331543]}, "datetime": {"datetime": "2025-08-20 23:25:28", "elapsed": 41583.113691568375, "delta": 15.20497751235962}, "costs": {"total_cost": 215.38843964215735, "time_cost": 69.872, "final_distance_cost": 1.7839953990964124, "oscillation_cost": 69.16271410188541, "completition_cost": 0.0, "overshoot_cost": 50.406095590811375, "power_cost": 13.256855529785156, "noise_cost": 10.906779020578984, "n_waypoints_completed": 9, "tot_waypoints": 9}}
{"target": -213.7926839331781, "params": {"k_pid_pos": [1.9947705268859863, 0.02685636281967163, 0.0], "k_pid_alt": [1.9496338367462158, 0.014126300811767578, 0.8451172113418579], "k_pid_att": [99.56758117675781, 0.23122811317443848, 0.9894016981124878], "k_pid_yaw": [0.5, 1e-06, 0.1], "k_pid_hsp": [9.761236190795898, 0.8965601325035095, 0.01311764121055603], "k_pid_vsp": [400.0, 378.2044982910156, 5.689323902130127]}, "datetime": {"datetime": "2025-08-20 23:25:45", "elapsed": 41599.53779768944, "delta": 16.424106121063232}, "costs": {"total_cost": 213.7926839331781, "time_cost": 69.968, "final_distance_cost": 1.7652297669738046, "oscillation_cost": 66.83187663999963, "completition_cost": 0.0, "overshoot_cost": 50.62541865226508, "power_cost": 13.058611572265626, "noise_cost": 11.543547301673986, "n_waypoints_completed": 9, "tot_waypoints": 9}}
{"target": -212.89894160504633, "params": {"k_pid_pos": [1.987907886505127, 0.019776910543441772, 0.0], "k_pid_alt": [1.941857933998108, 0.033848583698272705, 0.9865021705627441], "k_pid_att": [94.93175506591797, 0.34042927622795105, 0.9882837533950806], "k_pid_yaw": [0.5, 1e-06, 0.1], "k_pid_hsp": [9.859132766723633, 0.9897509813308716, 0.011456966400146484], "k_pid_vsp": [400.0, 396.725830078125, 4.282952308654785]}, "datetime": {"datetime": "2025-08-20 23:26:02", "elapsed": 41616.76631188393, "delta": 17.228514194488525}, "costs": {"total_cost": 212.89894160504633, "time_cost": 69.83200000000001, "final_distance_cost": 1.7693568648661575, "oscillation_cost": 66.59328677590993, "completition_cost": 0.0, "overshoot_cost": 50.49437048687787, "power_cost": 12.86002362060547, "noise_cost": 11.349903856786895, "n_waypoints_completed": 9, "tot_waypoints": 9}}
{"target": -212.95090806565034, "params": {"k_pid_pos": [1.9609509706497192, 0.03199109435081482, 0.0], "k_pid_alt": [1.996593713760376, 0.019826948642730713, 0.9442934393882751], "k_pid_att": [99.64826965332031, 0.023670420050621033, 0.9627289772033691], "k_pid_yaw": [0.5, 1e-06, 0.1], "k_pid_hsp": [9.78480339050293, 0.6629674434661865, 0.02193334698677063], "k_pid_vsp": [400.0, 370.2157897949219, 2.521015167236328]}, "datetime": {"datetime": "2025-08-20 23:26:17", "elapsed": 41632.17418932915, "delta": 15.407877445220947}, "costs": {"total_cost": 212.95090806565034, "time_cost": 69.68, "final_distance_cost": 1.7809052026301813, "oscillation_cost": 66.48823757504316, "completition_cost": 0.0, "overshoot_cost": 50.487699330827255, "power_cost": 13.004715905761719, "noise_cost": 11.509350051388061, "n_waypoints_completed": 9, "tot_waypoints": 9}}
{"target": -259.23933873956133, "params": {"k_pid_pos": [1.6924467086791992, 0.006589621305465698, 0.0], "k_pid_alt": [1.994400978088379, 0.0687132179737091, 0.9663294553756714], "k_pid_att": [93.96241760253906, 0.2041940987110138, 0.9672813415527344], "k_pid_yaw": [0.5, 1e-06, 0.1], "k_pid_hsp": [9.919929504394531, 0.9772778749465942, 0.006893783807754517], "k_pid_vsp": [1.1158227920532227, 397.5858154296875, 5.145216941833496]}, "datetime": {"datetime": "2025-08-20 23:26:37", "elapsed": 41651.808520793915, "delta": 19.634331464767456}, "costs": {"total_cost": 259.23933873956133, "time_cost": 83.072, "final_distance_cost": 1.7816348796065393, "oscillation_cost": 91.70385488699405, "completition_cost": 0.0, "overshoot_cost": 53.024672538502635, "power_cost": 17.38803179931641, "noise_cost": 12.269144635141663, "n_waypoints_completed": 9, "tot_waypoints": 9}}
{"target": -214.95718059830025, "params": {"k_pid_pos": [1.7655965089797974, 0.06612232327461243, 0.0], "k_pid_alt": [1.990415334701538, 0.0016760826110839844, 0.8581677079200745], "k_pid_att": [97.24589538574219, 0.4760502278804779, 0.9725485444068909], "k_pid_yaw": [0.5, 1e-06, 0.1], "k_pid_hsp": [9.76486587524414, 0.9845786094665527, 0.005989044904708862], "k_pid_vsp": [400.0, 382.955810546875, 5.929673671722412]}, "datetime": {"datetime": "2025-08-20 23:26:53", "elapsed": 41668.23329257965, "delta": 16.424771785736084}, "costs": {"total_cost": 214.95718059830025, "time_cost": 69.632, "final_distance_cost": 1.7631413328130916, "oscillation_cost": 68.5523390082961, "completition_cost": 0.0, "overshoot_cost": 50.0945539586262, "power_cost": 13.279832580566406, "noise_cost": 11.635313717998468, "n_waypoints_completed": 9, "tot_waypoints": 9}}
{"target": -213.13515429628896, "params": {"k_pid_pos": [1.8141248226165771, 0.05418172478675842, 0.0], "k_pid_alt": [1.9720869064331055, 0.017111212015151978, 0.9800008535385132], "k_pid_att": [97.69749450683594, 0.10690270364284515, 0.9698032140731812], "k_pid_yaw": [0.5, 1e-06, 0.1], "k_pid_hsp": [9.612736701965332, 0.9936889410018921, 0.006768286228179932], "k_pid_vsp": [400.0, 373.0419616699219, 13.425637245178223]}, "datetime": {"datetime": "2025-08-20 23:27:11", "elapsed": 41685.56938767433, "delta": 17.336095094680786}, "costs": {"total_cost": 213.13515429628896, "time_cost": 69.456, "final_distance_cost": 1.7927314262068978, "oscillation_cost": 64.22735216440039, "completition_cost": 0.0, "overshoot_cost": 50.3728318978599, "power_cost": 15.31028115234375, "noise_cost": 11.97595765547804, "n_waypoints_completed": 9, "tot_waypoints": 9}}
{"target": -219.6658637641736, "params": {"k_pid_pos": [1.9034422636032104, 0.011636793613433838, 0.0], "k_pid_alt": [1.6768295764923096, 0.013152152299880981, 0.9593865871429443], "k_pid_att": [95.79875183105469, 0.31168609857559204, 0.9591122269630432], "k_pid_yaw": [0.5, 1e-06, 0.1], "k_pid_hsp": [9.814661026000977, 0.9816609621047974, 0.05979359149932861], "k_pid_vsp": [400.0, 395.412353515625, 14.844048500061035]}, "datetime": {"datetime": "2025-08-20 23:27:26", "elapsed": 41700.88492369652, "delta": 15.31553602218628}, "costs": {"total_cost": 219.6658637641736, "time_cost": 69.64, "final_distance_cost": 1.778719079278908, "oscillation_cost": 71.3243624172369, "completition_cost": 0.0, "overshoot_cost": 50.050513411292215, "power_cost": 14.919925207519531, "noise_cost": 11.952343648846036, "n_waypoints_completed": 9, "tot_waypoints": 9}}
{"target": -434.34877272002757, "params": {"k_pid_pos": [1.9617493152618408, 0.007591456174850464, 0.00020813941955566406], "k_pid_alt": [1.9586271047592163, 0.16980203986167908, 0.9836453199386597], "k_pid_att": [91.25669860839844, 0.3056812882423401, 0.984556257724762], "k_pid_yaw": [0.5, 1e-06, 0.1], "k_pid_hsp": [8.845667839050293, 0.9383450746536255, 0.0030724406242370605], "k_pid_vsp": [399.41839599609375, 378.8606262207031, 2.324021816253662]}, "datetime": {"datetime": "2025-08-20 23:27:50", "elapsed": 41724.61703824997, "delta": 23.732114553451538}, "costs": {"total_cost": 434.34877272002757, "time_cost": 150, "final_distance_cost": 17.878064937709635, "oscillation_cost": 70.07396936455973, "completition_cost": 111.11111111111116, "overshoot_cost": 52.58041228177463, "power_cost": 17.726878369140625, "noise_cost": 14.978336655731761, "n_waypoints_completed": 8, "tot_waypoints": 9}}
{"target": -227.46838250775855, "params": {"k_pid_pos": [1.9954209327697754, 0.12304389476776123, 0.0], "k_pid_alt": [1.8413437604904175, 0.00914713740348816, 0.9835453033447266], "k_pid_att": [96.88030242919922, 2.4991438388824463, 0.9885696172714233], "k_pid_yaw": [0.5, 1e-06, 0.1], "k_pid_hsp": [9.83868408203125, 0.9915156364440918, 0.04171285033226013], "k_pid_vsp": [400.0, 392.0047302246094, 16.976442337036133]}, "datetime": {"datetime": "2025-08-20 23:28:05", "elapsed": 41740.11811375618, "delta": 15.501075506210327}, "costs": {"total_cost": 227.46838250775855, "time_cost": 70.34400000000001, "final_distance_cost": 1.7562878769070354, "oscillation_cost": 79.165674852871, "completition_cost": 0.0, "overshoot_cost": 49.822060225978696, "power_cost": 14.470846240234376, "noise_cost": 11.909513311767425, "n_waypoints_completed": 9, "tot_waypoints": 9}}
{"target": -222.66274452459479, "params": {"k_pid_pos": [1.999042272567749, 0.009404182434082031, 2.0265579223632812e-05], "k_pid_alt": [1.982982873916626, 0.024934738874435425, 0.9797683954238892], "k_pid_att": [99.10118865966797, 0.12103839963674545, 0.9805590510368347], "k_pid_yaw": [0.5, 1e-06, 0.1], "k_pid_hsp": [9.571526527404785, 0.9649113416671753, 0.07883521914482117], "k_pid_vsp": [400.0, 385.0521545410156, 35.81721878051758]}, "datetime": {"datetime": "2025-08-20 23:28:23", "elapsed": 41757.86092066765, "delta": 17.742806911468506}, "costs": {"total_cost": 222.66274452459479, "time_cost": 69.32000000000001, "final_distance_cost": 1.7893527577153918, "oscillation_cost": 76.8818166239693, "completition_cost": 0.0, "overshoot_cost": 49.93349342328, "power_cost": 13.668654736328126, "noise_cost": 11.069426983301943, "n_waypoints_completed": 9, "tot_waypoints": 9}}
{"target": -231.90971940194703, "params": {"k_pid_pos": [1.9956165552139282, 0.008529841899871826, 0.0], "k_pid_alt": [1.9708213806152344, 0.028715014457702637, 0.8400272727012634], "k_pid_att": [97.24002838134766, 0.19801852107048035, 0.997978925704956], "k_pid_yaw": [0.5, 1e-06, 0.1], "k_pid_hsp": [9.973483085632324, 0.998564600944519, 0.018991142511367798], "k_pid_vsp": [400.0, 393.2281188964844, 1.5498647689819336]}, "datetime": {"datetime": "2025-08-20 23:28:38", "elapsed": 41773.438356637955, "delta": 15.577435970306396}, "costs": {"total_cost": 231.90971940194703, "time_cost": 69.696, "final_distance_cost": 1.7647631899458998, "oscillation_cost": 84.65849729171, "completition_cost": 0.0, "overshoot_cost": 50.71809392596819, "power_cost": 13.36182744140625, "noise_cost": 11.710537552916692, "n_waypoints_completed": 9, "tot_waypoints": 9}}
{"target": -208.29744201307017, "params": {"k_pid_pos": [1.982231855392456, 0.007924288511276245, 0.0], "k_pid_alt": [1.9443879127502441, 0.022340834140777588, 0.931455671787262], "k_pid_att": [99.49840545654297, 2.1268396377563477, 0.9787377715110779], "k_pid_yaw": [0.5, 1e-06, 0.1], "k_pid_hsp": [9.891826629638672, 0.9977350831031799, 0.0052762627601623535], "k_pid_vsp": [127.18749237060547, 390.29852294921875, 17.615415573120117]}, "datetime": {"datetime": "2025-08-20 23:28:54", "elapsed": 41788.65379238129, "delta": 15.21543574333191}, "costs": {"total_cost": 208.29744201307017, "time_cost": 69.624, "final_distance_cost": 1.7431066860812368, "oscillation_cost": 61.99897740880967, "completition_cost": 0.0, "overshoot_cost": 50.138573836043946, "power_cost": 13.744617028808594, "noise_cost": 11.048167053326729, "n_waypoints_completed": 9, "tot_waypoints": 9}}
{"target": -299.7437786639738, "params": {"k_pid_pos": [1.7456367015838623, 0.00628817081451416, 0.0], "k_pid_alt": [1.9213407039642334, 0.010649055242538452, 0.9386171102523804], "k_pid_att": [98.54255676269531, 0.014662460424005985, 0.969308614730835], "k_pid_yaw": [0.5, 1e-06, 0.1], "k_pid_hsp": [9.515917778015137, 0.9882279634475708, 0.25161147117614746], "k_pid_vsp": [400.0, 392.0106506347656, 3.4191856384277344]}, "datetime": {"datetime": "2025-08-20 23:29:12", "elapsed": 41806.70023417473, "delta": 18.046441793441772}, "costs": {"total_cost": 299.7437786639738, "time_cost": 69.64, "final_distance_cost": 1.7913765388137208, "oscillation_cost": 150.6899574210953, "completition_cost": 0.0, "overshoot_cost": 50.97684302576753, "power_cost": 14.482611462402344, "noise_cost": 12.162990215894885, "n_waypoints_completed": 9, "tot_waypoints": 9}}
{"target": -211.7530823972621, "params": {"k_pid_pos": [1.9829179048538208, 0.047375231981277466, 2.9802322387695312e-08], "k_pid_alt": [1.9769458770751953, 0.003935635089874268, 0.8962204456329346], "k_pid_att": [84.21937561035156, 0.2072574496269226, 0.9667773842811584], "k_pid_yaw": [0.5, 1e-06, 0.1], "k_pid_hsp": [9.863158226013184, 0.9912930727005005, 0.023364484310150146], "k_pid_vsp": [400.0, 394.6416320800781, 21.806791305541992]}, "datetime": {"datetime": "2025-08-20 23:29:27", "elapsed": 41821.869691848755, "delta": 15.16945767402649}, "costs": {"total_cost": 211.7530823972621, "time_cost": 69.696, "final_distance_cost": 1.762013411112505, "oscillation_cost": 67.11398228853695, "completition_cost": 0.0, "overshoot_cost": 50.66103345126046, "power_cost": 12.137003686523437, "noise_cost": 10.383049559828736, "n_waypoints_completed": 9, "tot_waypoints": 9}}
{"target": -207.58109230160989, "params": {"k_pid_pos": [1.843483805656433, 0.05595880746841431, 0.0], "k_pid_alt": [1.9867069721221924, 0.02070137858390808, 0.911064863204956], "k_pid_att": [98.22821807861328, 0.10702221095561981, 0.9947720766067505], "k_pid_yaw": [0.5, 1e-06, 0.1], "k_pid_hsp": [9.944600105285645, 0.9875499606132507, 0.011956721544265747], "k_pid_vsp": [400.0, 389.92315673828125, 3.616238594055176]}, "datetime": {"datetime": "2025-08-20 23:29:44", "elapsed": 41839.48129487038, "delta": 17.611603021621704}, "costs": {"total_cost": 207.58109230160989, "time_cost": 69.47200000000001, "final_distance_cost": 1.7784829585859394, "oscillation_cost": 61.30986520562257, "completition_cost": 0.0, "overshoot_cost": 50.60899259557055, "power_cost": 12.95665096435547, "noise_cost": 11.455100577475342, "n_waypoints_completed": 9, "tot_waypoints": 9}}
{"target": -214.45182968601173, "params": {"k_pid_pos": [1.970458745956421, 0.006919264793395996, 0.0], "k_pid_alt": [1.976489543914795, 0.015589326620101929, 0.9924799203872681], "k_pid_att": [99.34571075439453, 0.0702548623085022, 0.9785069227218628], "k_pid_yaw": [0.5, 1e-06, 0.1], "k_pid_hsp": [9.88148307800293, 0.987426221370697, 0.038196414709091187], "k_pid_vsp": [400.0, 398.04620361328125, 8.026803016662598]}, "datetime": {"datetime": "2025-08-20 23:30:00", "elapsed": 41854.92798066139, "delta": 15.446685791015625}, "costs": {"total_cost": 214.45182968601173, "time_cost": 69.848, "final_distance_cost": 1.7522878704411966, "oscillation_cost": 66.91843399825638, "completition_cost": 0.0, "overshoot_cost": 50.65322859379587, "power_cost": 13.548950646972656, "noise_cost": 11.730928576545624, "n_waypoints_completed": 9, "tot_waypoints": 9}}
{"target": -244.99701013123956, "params": {"k_pid_pos": [1.9392825365066528, 0.24602997303009033, 2.9802322387695312e-08], "k_pid_alt": [1.9549412727355957, 0.03625154495239258, 0.9916768074035645], "k_pid_att": [99.83260345458984, 0.14942394196987152, 0.9815471172332764], "k_pid_yaw": [0.5, 1e-06, 0.1], "k_pid_hsp": [9.372669219970703, 0.9819144010543823, 0.005755007266998291], "k_pid_vsp": [0.5815863609313965, 387.50537109375, 1.102400779724121]}, "datetime": {"datetime": "2025-08-20 23:30:18", "elapsed": 41873.140729904175, "delta": 18.212749242782593}, "costs": {"total_cost": 244.99701013123956, "time_cost": 78.12, "final_distance_cost": 1.7162381725285, "oscillation_cost": 83.70410414329473, "completition_cost": 0.0, "overshoot_cost": 53.17637769949181, "power_cost": 16.54620096435547, "noise_cost": 11.734089151569046, "n_waypoints_completed": 9, "tot_waypoints": 9}}
