{"target": -246.1894355194615, "params": {"k_pid_pos": [1.863223671913147, 0.23162096738815308, 2.8342008590698242e-05], "k_pid_alt": [1.0427933931350708, 0.018571078777313232, 0.9493362903594971], "k_pid_att": [95.5114517211914, 0.06675758957862854, 0.8975791335105896], "k_pid_yaw": [0.5, 1e-06, 0.1], "k_pid_hsp": [5.263834476470947, 0.9483885765075684, 0.0829697847366333], "k_pid_vsp": [399.99993896484375, 267.51251220703125, 16.6282901763916]}, "datetime": {"datetime": "2025-08-20 14:12:06", "elapsed": 8381.086232662201, "delta": 20.876884937286377}, "costs": {"total_cost": 246.1894355194615, "time_cost": 82.816, "final_distance_cost": 1.7905627474777608, "oscillation_cost": 78.72236993175792, "completition_cost": 0.0, "overshoot_cost": 55.19558501702898, "power_cost": 15.1122240234375, "noise_cost": 12.552693799759348, "n_waypoints_completed": 9, "tot_waypoints": 9}}
{"target": -204.90939406369696, "params": {"k_pid_pos": [1.5904043912887573, 0.07899704575538635, 0.0], "k_pid_alt": [1.868065357208252, 0.051708340644836426, 0.9603160619735718], "k_pid_att": [97.33705139160156, 0.5878018736839294, 0.9910017251968384], "k_pid_yaw": [0.5, 1e-06, 0.1], "k_pid_hsp": [9.422054290771484, 0.9832348823547363, 0.016306281089782715], "k_pid_vsp": [400.0, 356.4364318847656, 3.2704124450683594]}, "datetime": {"datetime": "2025-08-20 14:12:23", "elapsed": 8398.05287027359, "delta": 16.96663761138916}, "costs": {"total_cost": 204.90939406369696, "time_cost": 69.52, "final_distance_cost": 1.7497835973856657, "oscillation_cost": 59.25507097019602, "completition_cost": 0.0, "overshoot_cost": 50.34478538490203, "power_cost": 12.672430737304689, "noise_cost": 11.367323373908555, "n_waypoints_completed": 9, "tot_waypoints": 9}}
{"target": -313.9143334788639, "params": {"k_pid_pos": [1.7838646173477173, 0.5034825205802917, 1.3470649719238281e-05], "k_pid_alt": [0.5241636037826538, 0.017937690019607544, 0.9834303855895996], "k_pid_att": [98.51419067382812, 0.32464730739593506, 0.9433618783950806], "k_pid_yaw": [0.5, 1e-06, 0.1], "k_pid_hsp": [8.342917442321777, 0.975428581237793, 0.10297542810440063], "k_pid_vsp": [400.0, 332.422119140625, 57.12964630126953]}, "datetime": {"datetime": "2025-08-20 14:12:50", "elapsed": 8424.630493402481, "delta": 26.57762312889099}, "costs": {"total_cost": 313.9143334788639, "time_cost": 97.184, "final_distance_cost": 1.8068332195744066, "oscillation_cost": 120.0009321636303, "completition_cost": 0.0, "overshoot_cost": 55.38235561808531, "power_cost": 22.27562010498047, "noise_cost": 17.26459237259345, "n_waypoints_completed": 9, "tot_waypoints": 9}}
{"target": -793.9160567131969, "params": {"k_pid_pos": [1.5825713872909546, 0.20432785153388977, 3.656744956970215e-05], "k_pid_alt": [0.3440672755241394, 0.15946447849273682, 0.9703221321105957], "k_pid_att": [94.361328125, 0.6593398451805115, 0.9901988506317139], "k_pid_yaw": [0.5, 1e-06, 0.1], "k_pid_hsp": [9.493048667907715, 0.9756230115890503, 0.21833264827728271], "k_pid_vsp": [400.0, 303.4986877441406, 78.25391387939453]}, "datetime": {"datetime": "2025-08-20 14:13:16", "elapsed": 8451.264892578125, "delta": 26.63439917564392}, "costs": {"total_cost": 793.9160567131969, "time_cost": 150, "final_distance_cost": 72.06402298372151, "oscillation_cost": 261.7623075801485, "completition_cost": 222.2222222222222, "overshoot_cost": 48.672671548434295, "power_cost": 22.565770031738282, "noise_cost": 16.629062346932166, "n_waypoints_completed": 7, "tot_waypoints": 9}}
{"target": -390.6432877556138, "params": {"k_pid_pos": [1.9827749729156494, 0.014140188694000244, 0.9850654006004333], "k_pid_alt": [0.407043993473053, 0.12867164611816406, 0.8188843727111816], "k_pid_att": [97.14838409423828, 1.1129928827285767, 0.9738597273826599], "k_pid_yaw": [0.5, 1e-06, 0.1], "k_pid_hsp": [8.636656761169434, 0.9497781991958618, 0.06787487864494324], "k_pid_vsp": [398.3689270019531, 382.17596435546875, 12.181389808654785]}, "datetime": {"datetime": "2025-08-20 14:13:40", "elapsed": 8475.400158166885, "delta": 24.135265588760376}, "costs": {"total_cost": 390.6432877556138, "time_cost": 93.208, "final_distance_cost": 1.8123949486605466, "oscillation_cost": 209.5690013490682, "completition_cost": 0.0, "overshoot_cost": 51.574084189643884, "power_cost": 18.974667919921878, "noise_cost": 15.505139348319263, "n_waypoints_completed": 9, "tot_waypoints": 9}}
{"target": -922.0153959760239, "params": {"k_pid_pos": [1.2772480249404907, 0.12135526537895203, 0.001205533742904663], "k_pid_alt": [0.16621261835098267, 0.02647051215171814, 0.965279757976532], "k_pid_att": [95.4217758178711, 0.3438818156719208, 0.8115876317024231], "k_pid_yaw": [0.5, 1e-06, 0.1], "k_pid_hsp": [9.542535781860352, 0.8437151908874512, 0.24418029189109802], "k_pid_vsp": [396.7361145019531, 395.2464599609375, 41.09847640991211]}, "datetime": {"datetime": "2025-08-20 14:14:07", "elapsed": 8501.867936849594, "delta": 26.46777868270874}, "costs": {"total_cost": 922.0153959760239, "time_cost": 150, "final_distance_cost": 63.89301798242499, "oscillation_cost": 290.2946825897654, "completition_cost": 333.33333333333337, "overshoot_cost": 45.82078836768522, "power_cost": 22.1768169921875, "noise_cost": 16.49675671062759, "n_waypoints_completed": 6, "tot_waypoints": 9}}
{"target": -379.7917193298788, "params": {"k_pid_pos": [1.6599864959716797, 0.028019994497299194, 0.9983977675437927], "k_pid_alt": [0.7977035045623779, 0.01132628321647644, 0.8981434106826782], "k_pid_att": [78.01321411132812, 2.2583107948303223, 0.9312435388565063], "k_pid_yaw": [0.5, 1e-06, 0.1], "k_pid_hsp": [8.862408638000488, 0.9033830165863037, 0.2635706663131714], "k_pid_vsp": [368.55694580078125, 390.4303894042969, 11.406529426574707]}, "datetime": {"datetime": "2025-08-20 14:14:28", "elapsed": 8523.401192188263, "delta": 21.533255338668823}, "costs": {"total_cost": 379.7917193298788, "time_cost": 81.864, "final_distance_cost": 1.8527674789757018, "oscillation_cost": 213.89864007585788, "completition_cost": 0.0, "overshoot_cost": 50.41447597133431, "power_cost": 17.416522216796874, "noise_cost": 14.345313586914022, "n_waypoints_completed": 9, "tot_waypoints": 9}}
{"target": -1188.8186814083108, "params": {"k_pid_pos": [1.9317649602890015, 0.10626545548439026, 0.0], "k_pid_alt": [0.26922762393951416, 0.028743356466293335, 0.9649627208709717], "k_pid_att": [96.41181945800781, 0.3954131007194519, 0.9952819347381592], "k_pid_yaw": [0.5, 1e-06, 0.1], "k_pid_hsp": [9.859623908996582, 0.9704632759094238, 0.010642170906066895], "k_pid_vsp": [1.6790032386779785, 241.47982788085938, 152.8940887451172]}, "datetime": {"datetime": "2025-08-20 14:14:54", "elapsed": 8549.122190713882, "delta": 25.720998525619507}, "costs": {"total_cost": 1188.8186814083108, "time_cost": 150, "final_distance_cost": 141.13342647099046, "oscillation_cost": 71.10152365409822, "completition_cost": 666.6666666666667, "overshoot_cost": 110.52713420458134, "power_cost": 26.720945947265626, "noise_cost": 22.668984464708316, "n_waypoints_completed": 3, "tot_waypoints": 9}}
{"target": -356.4760035704879, "params": {"k_pid_pos": [1.8361467123031616, 0.12706071138381958, 0.9999896287918091], "k_pid_alt": [0.6240578293800354, 0.06936514377593994, 0.9767177104949951], "k_pid_att": [90.29899597167969, 0.44065287709236145, 0.9188327789306641], "k_pid_yaw": [0.5, 1e-06, 0.1], "k_pid_hsp": [9.310592651367188, 0.9759802222251892, 0.006745636463165283], "k_pid_vsp": [37.978492736816406, 380.611083984375, 52.112030029296875]}, "datetime": {"datetime": "2025-08-20 14:15:20", "elapsed": 8575.171638965607, "delta": 26.049448251724243}, "costs": {"total_cost": 356.4760035704879, "time_cost": 96.168, "final_distance_cost": 1.8078123357908171, "oscillation_cost": 170.26910621128832, "completition_cost": 0.0, "overshoot_cost": 51.623774252586735, "power_cost": 20.520758447265624, "noise_cost": 16.0865523235564, "n_waypoints_completed": 9, "tot_waypoints": 9}}
{"target": -210.72617319122384, "params": {"k_pid_pos": [1.7101669311523438, 0.02666020393371582, 0.029358714818954468], "k_pid_alt": [1.67023503780365, 0.03269633650779724, 0.9314969182014465], "k_pid_att": [97.09642028808594, 1.257127285003662, 0.9406108856201172], "k_pid_yaw": [0.5, 1e-06, 0.1], "k_pid_hsp": [8.622989654541016, 0.9710002541542053, 0.03144913911819458], "k_pid_vsp": [399.28857421875, 390.720703125, 18.429126739501953]}, "datetime": {"datetime": "2025-08-20 14:15:39", "elapsed": 8593.679414987564, "delta": 18.507776021957397}, "costs": {"total_cost": 210.72617319122384, "time_cost": 69.072, "final_distance_cost": 1.7496889077661295, "oscillation_cost": 62.02854605936326, "completition_cost": 0.0, "overshoot_cost": 50.28473537963194, "power_cost": 15.552040209960937, "noise_cost": 12.039162634501551, "n_waypoints_completed": 9, "tot_waypoints": 9}}
{"target": -447.23824924592475, "params": {"k_pid_pos": [1.884962558746338, 0.07725843787193298, 1.4901161193847656e-07], "k_pid_alt": [1.6431498527526855, 0.19567233324050903, 0.7480916380882263], "k_pid_att": [97.11152648925781, 0.5400998592376709, 0.8142947554588318], "k_pid_yaw": [0.5, 1e-06, 0.1], "k_pid_hsp": [4.226587772369385, 0.9914642572402954, 0.04210934042930603], "k_pid_vsp": [399.9776306152344, 395.9703063964844, 16.816904067993164]}, "datetime": {"datetime": "2025-08-20 14:16:03", "elapsed": 8617.722581386566, "delta": 24.043166399002075}, "costs": {"total_cost": 447.23824924592475, "time_cost": 150, "final_distance_cost": 6.204744055079608, "oscillation_cost": 89.89693626648838, "completition_cost": 111.11111111111116, "overshoot_cost": 52.21065320763722, "power_cost": 21.612414331054687, "noise_cost": 16.202390274553693, "n_waypoints_completed": 8, "tot_waypoints": 9}}
{"target": -745.5439301983351, "params": {"k_pid_pos": [1.816834807395935, 0.3509764075279236, 1.8775463104248047e-06], "k_pid_alt": [0.28096210956573486, 0.04657205939292908, 0.9878578186035156], "k_pid_att": [89.97208404541016, 4.3370561599731445, 0.9640158414840698], "k_pid_yaw": [0.5, 1e-06, 0.1], "k_pid_hsp": [9.431696891784668, 0.9367706775665283, 0.03925544023513794], "k_pid_vsp": [0.00010728836059570312, 351.3729248046875, 27.915170669555664]}, "datetime": {"datetime": "2025-08-20 14:16:29", "elapsed": 8644.357619047165, "delta": 26.635037660598755}, "costs": {"total_cost": 745.5439301983351, "time_cost": 150, "final_distance_cost": 71.10798364918053, "oscillation_cost": 107.75376228656607, "completition_cost": 333.33333333333337, "overshoot_cost": 46.66036608688475, "power_cost": 21.262923547363282, "noise_cost": 15.425561295007157, "n_waypoints_completed": 6, "tot_waypoints": 9}}
{"target": -384.0982945981844, "params": {"k_pid_pos": [1.9893778562545776, 0.023296713829040527, 0.0], "k_pid_alt": [0.8003126978874207, 0.26063272356987, 0.8995036482810974], "k_pid_att": [96.75970458984375, 0.6736308336257935, 0.8801270723342896], "k_pid_yaw": [0.5, 1e-06, 0.1], "k_pid_hsp": [9.945441246032715, 0.845531702041626, 0.2461920976638794], "k_pid_vsp": [399.99993896484375, 361.2966613769531, 14.326228141784668]}, "datetime": {"datetime": "2025-08-20 14:16:57", "elapsed": 8672.175454378128, "delta": 27.817835330963135}, "costs": {"total_cost": 384.0982945981844, "time_cost": 93.4, "final_distance_cost": 1.736854291067416, "oscillation_cost": 197.56099392197711, "completition_cost": 0.0, "overshoot_cost": 54.116811907695045, "power_cost": 21.088153735351565, "noise_cost": 16.195480742093267, "n_waypoints_completed": 9, "tot_waypoints": 9}}
{"target": -380.0968976189805, "params": {"k_pid_pos": [1.8151581287384033, 0.2647782862186432, 0.9436574578285217], "k_pid_alt": [0.30680978298187256, 0.15629541873931885, 0.9507887363433838], "k_pid_att": [86.67388153076172, 0.8432230949401855, 0.972873330116272], "k_pid_yaw": [0.5, 1e-06, 0.1], "k_pid_hsp": [9.91396427154541, 0.9929937720298767, 0.035947561264038086], "k_pid_vsp": [399.99908447265625, 390.792724609375, 6.262482166290283]}, "datetime": {"datetime": "2025-08-20 14:17:21", "elapsed": 8696.359944581985, "delta": 24.184490203857422}, "costs": {"total_cost": 380.0968976189805, "time_cost": 95.96000000000001, "final_distance_cost": 1.7310088605788652, "oscillation_cost": 195.42914995630295, "completition_cost": 0.0, "overshoot_cost": 53.6616890514923, "power_cost": 18.029311560058595, "noise_cost": 15.285738190547733, "n_waypoints_completed": 9, "tot_waypoints": 9}}
{"target": -614.2899143347807, "params": {"k_pid_pos": [1.9396276473999023, 0.03303802013397217, 0.0], "k_pid_alt": [1.816603183746338, 0.22716230154037476, 0.910301923751831], "k_pid_att": [95.90303039550781, 2.8123583793640137, 0.9156585335731506], "k_pid_yaw": [0.5, 1e-06, 0.1], "k_pid_hsp": [1.3147820234298706, 0.9548132419586182, 0.044508397579193115], "k_pid_vsp": [144.71798706054688, 391.2719421386719, 27.515413284301758]}, "datetime": {"datetime": "2025-08-20 14:17:46", "elapsed": 8720.567056655884, "delta": 24.207112073898315}, "costs": {"total_cost": 614.2899143347807, "time_cost": 150, "final_distance_cost": 71.15693719191468, "oscillation_cost": 92.69630376548733, "completition_cost": 222.2222222222222, "overshoot_cost": 41.98615613098042, "power_cost": 20.731310095214845, "noise_cost": 15.496984928961329, "n_waypoints_completed": 7, "tot_waypoints": 9}}
{"target": -476.40111713079403, "params": {"k_pid_pos": [1.6548190116882324, 0.14747095108032227, 1.5497207641601562e-06], "k_pid_alt": [0.5260448455810547, 0.08144089579582214, 0.9573934078216553], "k_pid_att": [84.18096160888672, 1.1657596826553345, 0.9053148031234741], "k_pid_yaw": [0.5, 1e-06, 0.1], "k_pid_hsp": [7.661013603210449, 0.9932453036308289, 0.016483694314956665], "k_pid_vsp": [399.99871826171875, 369.2019348144531, 36.08999252319336]}, "datetime": {"datetime": "2025-08-20 14:18:10", "elapsed": 8745.429332733154, "delta": 24.862276077270508}, "costs": {"total_cost": 476.40111713079403, "time_cost": 150, "final_distance_cost": 51.66156522702703, "oscillation_cost": 77.23979009285806, "completition_cost": 111.11111111111116, "overshoot_cost": 49.203624976816464, "power_cost": 21.555304528808595, "noise_cost": 15.629721194172676, "n_waypoints_completed": 8, "tot_waypoints": 9}}
{"target": -740.4058773654558, "params": {"k_pid_pos": [1.921888828277588, 0.24499815702438354, 0.0], "k_pid_alt": [1.9567947387695312, 0.3779105544090271, 0.9689387083053589], "k_pid_att": [95.97984313964844, 1.4931021928787231, 0.9501441717147827], "k_pid_yaw": [0.5, 1e-06, 0.1], "k_pid_hsp": [2.3803348541259766, 0.7032089233398438, 0.4824860692024231], "k_pid_vsp": [399.7536315917969, 394.2560729980469, 21.718563079833984]}, "datetime": {"datetime": "2025-08-20 14:18:36", "elapsed": 8771.168741703033, "delta": 25.73940896987915}, "costs": {"total_cost": 740.4058773654558, "time_cost": 150, "final_distance_cost": 75.18589761535127, "oscillation_cost": 204.57081797, "completition_cost": 222.2222222222222, "overshoot_cost": 49.51453558235279, "power_cost": 22.392039123535156, "noise_cost": 16.520364851994383, "n_waypoints_completed": 7, "tot_waypoints": 9}}
{"target": -243.7053882485623, "params": {"k_pid_pos": [1.9279050827026367, 0.19755804538726807, 2.682209014892578e-07], "k_pid_alt": [1.7603346109390259, 0.044324904680252075, 0.9058185815811157], "k_pid_att": [91.57571411132812, 0.0497644804418087, 0.8217039108276367], "k_pid_yaw": [0.5, 1e-06, 0.1], "k_pid_hsp": [7.97599458694458, 0.48430749773979187, 0.04265114665031433], "k_pid_vsp": [26.239849090576172, 397.91693115234375, 58.567535400390625]}, "datetime": {"datetime": "2025-08-20 14:18:55", "elapsed": 8790.064296722412, "delta": 18.895555019378662}, "costs": {"total_cost": 243.7053882485623, "time_cost": 79.968, "final_distance_cost": 1.7136028988731322, "oscillation_cost": 78.56213547023691, "completition_cost": 0.0, "overshoot_cost": 53.51093185264758, "power_cost": 17.03061083984375, "noise_cost": 12.920107186960903, "n_waypoints_completed": 9, "tot_waypoints": 9}}
{"target": -281.6002365448402, "params": {"k_pid_pos": [1.959235429763794, 0.16317355632781982, 0.00066336989402771], "k_pid_alt": [0.34497618675231934, 0.039467960596084595, 0.9699147939682007], "k_pid_att": [92.13621520996094, 1.0909032821655273, 0.9630738496780396], "k_pid_yaw": [0.5, 1e-06, 0.1], "k_pid_hsp": [8.035667419433594, 0.9949450492858887, 0.008263826370239258], "k_pid_vsp": [399.99981689453125, 369.3443298339844, 10.94563102722168]}, "datetime": {"datetime": "2025-08-20 14:19:24", "elapsed": 8818.949788093567, "delta": 28.885491371154785}, "costs": {"total_cost": 281.6002365448402, "time_cost": 99.904, "final_distance_cost": 1.8190254050745915, "oscillation_cost": 85.80080752284923, "completition_cost": 0.0, "overshoot_cost": 53.55958548787706, "power_cost": 23.024437548828125, "noise_cost": 17.49238058021119, "n_waypoints_completed": 9, "tot_waypoints": 9}}
{"target": -604.2253532975709, "params": {"k_pid_pos": [1.9025709629058838, 0.3152138590812683, 0.030977368354797363], "k_pid_alt": [1.5904788970947266, 0.18653380870819092, 0.6142340302467346], "k_pid_att": [78.9154052734375, 4.306204319000244, 0.9243448972702026], "k_pid_yaw": [0.5, 1e-06, 0.1], "k_pid_hsp": [6.2564473152160645, 0.8347826600074768, 0.021194368600845337], "k_pid_vsp": [400.0, 366.6399230957031, 26.251340866088867]}, "datetime": {"datetime": "2025-08-20 14:19:51", "elapsed": 8846.450023889542, "delta": 27.50023579597473}, "costs": {"total_cost": 604.2253532975709, "time_cost": 150, "final_distance_cost": 71.41882786231375, "oscillation_cost": 78.01955014683014, "completition_cost": 222.2222222222222, "overshoot_cost": 42.49336327980404, "power_cost": 23.27202078857422, "noise_cost": 16.799368997826576, "n_waypoints_completed": 7, "tot_waypoints": 9}}
{"target": -584.2789232872063, "params": {"k_pid_pos": [1.7208216190338135, 0.07128426432609558, 0.0], "k_pid_alt": [0.31913506984710693, 0.16983824968338013, 0.59162437915802], "k_pid_att": [95.39671325683594, 4.729160308837891, 0.9212955832481384], "k_pid_yaw": [0.5, 1e-06, 0.1], "k_pid_hsp": [4.600755214691162, 0.8933744430541992, 0.1848939061164856], "k_pid_vsp": [399.9887390136719, 374.0809326171875, 13.238324165344238]}, "datetime": {"datetime": "2025-08-20 14:20:16", "elapsed": 8870.985526561737, "delta": 24.535502672195435}, "costs": {"total_cost": 584.2789232872063, "time_cost": 150, "final_distance_cost": 45.4179774126721, "oscillation_cost": 182.67276408335246, "completition_cost": 111.11111111111116, "overshoot_cost": 54.695765464060834, "power_cost": 22.939826806640625, "noise_cost": 17.441478409369235, "n_waypoints_completed": 8, "tot_waypoints": 9}}
{"target": -978.7821757420098, "params": {"k_pid_pos": [1.9547096490859985, 0.8129140138626099, 2.980232238769531e-07], "k_pid_alt": [0.9023448824882507, 0.06603050231933594, 0.761084794998169], "k_pid_att": [79.68504333496094, 0.09804673492908478, 0.9401588439941406], "k_pid_yaw": [0.5, 1e-06, 0.1], "k_pid_hsp": [9.283170700073242, 0.8729970455169678, 0.12108960747718811], "k_pid_vsp": [400.0, 397.97271728515625, 157.34246826171875]}, "datetime": {"datetime": "2025-08-20 14:20:41", "elapsed": 8895.603197574615, "delta": 24.617671012878418}, "costs": {"total_cost": 978.7821757420098, "time_cost": 150, "final_distance_cost": 48.757790666567, "oscillation_cost": 128.56569647657645, "completition_cost": 555.5555555555555, "overshoot_cost": 55.80096290077108, "power_cost": 23.523904333496095, "noise_cost": 16.578265809043643, "n_waypoints_completed": 4, "tot_waypoints": 9}}
{"target": -204.01948351890982, "params": {"k_pid_pos": [1.9520386457443237, 0.18644979596138, 5.662441253662109e-06], "k_pid_alt": [1.873487949371338, 0.030568212270736694, 0.39844679832458496], "k_pid_att": [95.33533477783203, 1.7699227333068848, 0.9019262194633484], "k_pid_yaw": [0.5, 1e-06, 0.1], "k_pid_hsp": [8.396136283874512, 0.9301239252090454, 0.01045691967010498], "k_pid_vsp": [399.99993896484375, 391.07391357421875, 56.524349212646484]}, "datetime": {"datetime": "2025-08-20 14:20:57", "elapsed": 8912.320966720581, "delta": 16.717769145965576}, "costs": {"total_cost": 204.01948351890982, "time_cost": 70.34400000000001, "final_distance_cost": 1.7537333633491778, "oscillation_cost": 60.139679049251036, "completition_cost": 0.0, "overshoot_cost": 50.85563696796788, "power_cost": 11.198326025390626, "noise_cost": 9.72810811295107, "n_waypoints_completed": 9, "tot_waypoints": 9}}
{"target": -708.4990904392203, "params": {"k_pid_pos": [1.8879611492156982, 0.06936490535736084, 1.4543533325195312e-05], "k_pid_alt": [0.04190772771835327, 0.3259553015232086, 0.9155685305595398], "k_pid_att": [97.26487731933594, 0.45266756415367126, 0.9399998188018799], "k_pid_yaw": [0.5, 1e-06, 0.1], "k_pid_hsp": [9.782190322875977, 0.9466567039489746, 0.0070574283599853516], "k_pid_vsp": [399.9970397949219, 394.4043273925781, 11.40857982635498]}, "datetime": {"datetime": "2025-08-20 14:21:23", "elapsed": 8938.355353355408, "delta": 26.03438663482666}, "costs": {"total_cost": 708.4990904392203, "time_cost": 150, "final_distance_cost": 53.34244844021427, "oscillation_cost": 79.19313571916642, "completition_cost": 333.33333333333337, "overshoot_cost": 52.0900978353296, "power_cost": 22.479498315429687, "noise_cost": 18.06057679574693, "n_waypoints_completed": 6, "tot_waypoints": 9}}
