{"target": -425.9490216198561, "params": {"k_pid_pos": [1.8860039710998535, 0.01463162899017334, 0.0], "k_pid_alt": [1.9832652807235718, 0.13745898008346558, 0.9079757928848267], "k_pid_att": [98.0261001586914, 0.018908653408288956, 0.9562044143676758], "k_pid_yaw": [0.5, 1e-06, 0.1], "k_pid_hsp": [9.946076393127441, 0.9713183641433716, 0.229734867811203], "k_pid_vsp": [400.0, 373.2703552246094, 12.201763153076172]}, "datetime": {"datetime": "2025-08-20 18:08:17", "elapsed": 22552.246865272522, "delta": 21.951356172561646}, "costs": {"total_cost": 425.9490216198561, "time_cost": 98.84, "final_distance_cost": 1.736510694017278, "oscillation_cost": 234.78974082953155, "completition_cost": 0.0, "overshoot_cost": 52.27003645818474, "power_cost": 21.5665373046875, "noise_cost": 16.746196333435044, "n_waypoints_completed": 9, "tot_waypoints": 9}}
{"target": -247.40490089331797, "params": {"k_pid_pos": [1.8878365755081177, 0.028410017490386963, 0.0], "k_pid_alt": [1.9388409852981567, 0.05523976683616638, 0.9040321111679077], "k_pid_att": [93.437255859375, 0.3499891459941864, 0.8112164735794067], "k_pid_yaw": [0.5, 1e-06, 0.1], "k_pid_hsp": [9.692245483398438, 0.9489827156066895, 0.1208716630935669], "k_pid_vsp": [293.6019287109375, 325.7085266113281, 1.0995278358459473]}, "datetime": {"datetime": "2025-08-20 18:08:33", "elapsed": 22568.065242290497, "delta": 15.818377017974854}, "costs": {"total_cost": 247.40490089331797, "time_cost": 70.08, "final_distance_cost": 1.728888769357743, "oscillation_cost": 98.14445312236184, "completition_cost": 0.0, "overshoot_cost": 51.430252854586996, "power_cost": 14.00161805419922, "noise_cost": 12.019688092812213, "n_waypoints_completed": 9, "tot_waypoints": 9}}
{"target": -252.66811208445435, "params": {"k_pid_pos": [1.9753751754760742, 0.03265225887298584, 0.0], "k_pid_alt": [1.7806062698364258, 0.03532949090003967, 0.9766528606414795], "k_pid_att": [95.13908386230469, 2.444922685623169, 0.984455943107605], "k_pid_yaw": [0.5, 1e-06, 0.1], "k_pid_hsp": [9.920342445373535, 0.9854921102523804, 0.10071587562561035], "k_pid_vsp": [400.0, 380.68994140625, 31.532670974731445]}, "datetime": {"datetime": "2025-08-20 18:08:48", "elapsed": 22583.014848947525, "delta": 14.949606657028198}, "costs": {"total_cost": 252.66811208445435, "time_cost": 69.76, "final_distance_cost": 1.758635066135925, "oscillation_cost": 103.66197834572942, "completition_cost": 0.0, "overshoot_cost": 50.526295599198185, "power_cost": 14.981958825683595, "noise_cost": 11.97924424770722, "n_waypoints_completed": 9, "tot_waypoints": 9}}
{"target": -196.60477687545648, "params": {"k_pid_pos": [1.560187816619873, 0.007622480392456055, 0.0], "k_pid_alt": [1.9883122444152832, 0.0345289409160614, 0.9266877174377441], "k_pid_att": [98.513916015625, 0.4229463040828705, 0.9975132346153259], "k_pid_yaw": [0.5, 1e-06, 0.1], "k_pid_hsp": [9.96301555633545, 0.9976788759231567, 0.008085042238235474], "k_pid_vsp": [400.0, 395.12060546875, 10.43261432647705]}, "datetime": {"datetime": "2025-08-20 18:09:05", "elapsed": 22599.63531255722, "delta": 16.620463609695435}, "costs": {"total_cost": 196.60477687545648, "time_cost": 68.872, "final_distance_cost": 1.7681658784716316, "oscillation_cost": 54.143181142896005, "completition_cost": 0.0, "overshoot_cost": 50.17885364205862, "power_cost": 11.490687658691407, "noise_cost": 10.151888553338834, "n_waypoints_completed": 9, "tot_waypoints": 9}}
{"target": -223.23901799855776, "params": {"k_pid_pos": [1.9205902814865112, 0.05117884278297424, 0.0], "k_pid_alt": [1.9977176189422607, 0.01415666937828064, 0.9810645580291748], "k_pid_att": [85.8243179321289, 0.7446222305297852, 0.9928725957870483], "k_pid_yaw": [0.5, 1e-06, 0.1], "k_pid_hsp": [9.68812084197998, 0.9544858932495117, 0.06802842020988464], "k_pid_vsp": [397.48486328125, 397.7847595214844, 61.17903137207031]}, "datetime": {"datetime": "2025-08-20 18:09:20", "elapsed": 22614.970239639282, "delta": 15.334927082061768}, "costs": {"total_cost": 223.23901799855776, "time_cost": 69.184, "final_distance_cost": 1.7695665031661503, "oscillation_cost": 75.65072088633198, "completition_cost": 0.0, "overshoot_cost": 50.18411492767138, "power_cost": 14.726837219238282, "noise_cost": 11.723778462149964, "n_waypoints_completed": 9, "tot_waypoints": 9}}
{"target": -234.04155781097455, "params": {"k_pid_pos": [1.8276185989379883, 0.2807629406452179, 2.9802322387695312e-08], "k_pid_alt": [1.9730684757232666, 0.017138242721557617, 0.9879639148712158], "k_pid_att": [94.69339752197266, 0.29107144474983215, 0.9967743158340454], "k_pid_yaw": [0.5, 1e-06, 0.1], "k_pid_hsp": [9.532318115234375, 0.9809963703155518, 0.05907997488975525], "k_pid_vsp": [382.1889953613281, 388.0043029785156, 23.28005027770996]}, "datetime": {"datetime": "2025-08-20 18:09:36", "elapsed": 22631.097694396973, "delta": 16.12745475769043}, "costs": {"total_cost": 234.04155781097455, "time_cost": 74.224, "final_distance_cost": 1.76462970053706, "oscillation_cost": 76.93285068041466, "completition_cost": 0.0, "overshoot_cost": 53.80109855355948, "power_cost": 15.052086303710938, "noise_cost": 12.266892572752402, "n_waypoints_completed": 9, "tot_waypoints": 9}}
{"target": -224.94429622181184, "params": {"k_pid_pos": [1.9562774896621704, 0.13212549686431885, 0.0], "k_pid_alt": [1.9244271516799927, 0.011864155530929565, 0.9639235734939575], "k_pid_att": [98.59737396240234, 0.3079209327697754, 0.9522488713264465], "k_pid_yaw": [0.5, 1e-06, 0.1], "k_pid_hsp": [9.572070121765137, 0.9618800282478333, 0.006620615720748901], "k_pid_vsp": [400.0, 393.43670654296875, 1.4683136940002441]}, "datetime": {"datetime": "2025-08-20 18:09:52", "elapsed": 22647.093277692795, "delta": 15.995583295822144}, "costs": {"total_cost": 224.94429622181184, "time_cost": 70.616, "final_distance_cost": 1.7297942952709517, "oscillation_cost": 77.38839238649304, "completition_cost": 0.0, "overshoot_cost": 50.19239501061436, "power_cost": 13.263940563964844, "noise_cost": 11.753773965468628, "n_waypoints_completed": 9, "tot_waypoints": 9}}
{"target": -251.25842216928032, "params": {"k_pid_pos": [1.911690354347229, 0.021341443061828613, 0.0005218386650085449], "k_pid_alt": [1.951552391052246, 0.012276530265808105, 0.9609421491622925], "k_pid_att": [99.9211196899414, 1.6717307567596436, 0.961418867111206], "k_pid_yaw": [0.5, 1e-06, 0.1], "k_pid_hsp": [7.839287281036377, 0.9898033142089844, 0.18897497653961182], "k_pid_vsp": [400.0, 100.20552062988281, 12.460709571838379]}, "datetime": {"datetime": "2025-08-20 18:10:07", "elapsed": 22662.204837560654, "delta": 15.111559867858887}, "costs": {"total_cost": 251.25842216928032, "time_cost": 70.128, "final_distance_cost": 1.745348685684678, "oscillation_cost": 100.42050692864132, "completition_cost": 0.0, "overshoot_cost": 51.370701737709155, "power_cost": 15.198589025878906, "noise_cost": 12.395275791366272, "n_waypoints_completed": 9, "tot_waypoints": 9}}
{"target": -277.7590495485192, "params": {"k_pid_pos": [1.9161566495895386, 0.007191777229309082, 0.607186496257782], "k_pid_alt": [1.9364221096038818, 0.28110605478286743, 0.9943230152130127], "k_pid_att": [89.6108169555664, 0.3654105067253113, 0.9885138273239136], "k_pid_yaw": [0.5, 1e-06, 0.1], "k_pid_hsp": [9.883522987365723, 0.9623209238052368, 0.02831786870956421], "k_pid_vsp": [400.0, 397.3240051269531, 1.9731769561767578]}, "datetime": {"datetime": "2025-08-20 18:10:25", "elapsed": 22680.351776838303, "delta": 18.146939277648926}, "costs": {"total_cost": 277.7590495485192, "time_cost": 81.60000000000001, "final_distance_cost": 1.7913397998861333, "oscillation_cost": 115.81525986922674, "completition_cost": 0.0, "overshoot_cost": 50.61754752653096, "power_cost": 14.966321728515625, "noise_cost": 12.968580624359737, "n_waypoints_completed": 9, "tot_waypoints": 9}}
{"target": -239.15309837656335, "params": {"k_pid_pos": [1.8414909839630127, 0.10389316082000732, 2.9802322387695312e-08], "k_pid_alt": [1.9778273105621338, 0.008062154054641724, 0.9802196621894836], "k_pid_att": [97.53426361083984, 0.058643992990255356, 0.9660812616348267], "k_pid_yaw": [0.5, 1e-06, 0.1], "k_pid_hsp": [9.955476760864258, 0.9933301210403442, 0.11661228537559509], "k_pid_vsp": [400.0, 384.21429443359375, 7.418097019195557]}, "datetime": {"datetime": "2025-08-20 18:10:42", "elapsed": 22696.580945253372, "delta": 16.22916841506958}, "costs": {"total_cost": 239.15309837656335, "time_cost": 72.152, "final_distance_cost": 1.7759671261825876, "oscillation_cost": 88.88063861852395, "completition_cost": 0.0, "overshoot_cost": 49.1957633602209, "power_cost": 14.709210034179689, "noise_cost": 12.43951923745623, "n_waypoints_completed": 9, "tot_waypoints": 9}}
{"target": -218.01464307433866, "params": {"k_pid_pos": [1.9497944116592407, 0.012988388538360596, 0.0], "k_pid_alt": [1.2970478534698486, 0.01795363426208496, 0.9902024269104004], "k_pid_att": [93.71272277832031, 0.03781029209494591, 0.9968695640563965], "k_pid_yaw": [0.5, 1e-06, 0.1], "k_pid_hsp": [9.39500904083252, 0.9980226159095764, 0.023064732551574707], "k_pid_vsp": [400.0, 390.9934387207031, 1.9728074073791504]}, "datetime": {"datetime": "2025-08-20 18:10:57", "elapsed": 22711.652945756912, "delta": 15.072000503540039}, "costs": {"total_cost": 218.01464307433866, "time_cost": 71.032, "final_distance_cost": 1.7780404736150148, "oscillation_cost": 69.78290617818253, "completition_cost": 0.0, "overshoot_cost": 50.63298582627712, "power_cost": 13.244993945312501, "noise_cost": 11.543716650951504, "n_waypoints_completed": 9, "tot_waypoints": 9}}
{"target": -236.51363784177505, "params": {"k_pid_pos": [1.9173275232315063, 0.12767043709754944, 5.543231964111328e-06], "k_pid_alt": [1.9224200248718262, 0.06699180603027344, 0.9920152425765991], "k_pid_att": [99.17034149169922, 0.2794128954410553, 0.9683055877685547], "k_pid_yaw": [0.5, 1e-06, 0.1], "k_pid_hsp": [9.681547164916992, 0.9839121103286743, 0.015584766864776611], "k_pid_vsp": [399.9992980957031, 382.57513427734375, 8.32886791229248]}, "datetime": {"datetime": "2025-08-20 18:11:15", "elapsed": 22730.107383728027, "delta": 18.454437971115112}, "costs": {"total_cost": 236.51363784177505, "time_cost": 78.72800000000001, "final_distance_cost": 1.7389173848111965, "oscillation_cost": 75.21650362555238, "completition_cost": 0.0, "overshoot_cost": 52.555375017166014, "power_cost": 15.212743823242189, "noise_cost": 13.062097991003256, "n_waypoints_completed": 9, "tot_waypoints": 9}}
{"target": -213.31106721330318, "params": {"k_pid_pos": [1.8441284894943237, 0.013838917016983032, 2.9802322387695312e-08], "k_pid_alt": [1.9708964824676514, 0.014698684215545654, 0.9977364540100098], "k_pid_att": [97.86721801757812, 0.28824949264526367, 0.9554413557052612], "k_pid_yaw": [0.5, 1e-06, 0.1], "k_pid_hsp": [9.65127182006836, 0.888092577457428, 0.015233635902404785], "k_pid_vsp": [400.0, 379.8447570800781, 2.6854286193847656]}, "datetime": {"datetime": "2025-08-20 18:11:31", "elapsed": 22745.849737405777, "delta": 15.742353677749634}, "costs": {"total_cost": 213.31106721330318, "time_cost": 69.512, "final_distance_cost": 1.7467443564640943, "oscillation_cost": 66.90533631809306, "completition_cost": 0.0, "overshoot_cost": 50.79892806341462, "power_cost": 12.912489587402344, "noise_cost": 11.435568887929024, "n_waypoints_completed": 9, "tot_waypoints": 9}}
{"target": -215.50253048637921, "params": {"k_pid_pos": [1.977864384651184, 0.02262115478515625, 0.0], "k_pid_alt": [1.9888005256652832, 0.04178449511528015, 0.9631524682044983], "k_pid_att": [98.56517791748047, 0.03560643270611763, 0.9336789846420288], "k_pid_yaw": [0.5, 1e-06, 0.1], "k_pid_hsp": [9.824605941772461, 0.973016619682312, 0.01073428988456726], "k_pid_vsp": [399.77301025390625, 354.2625732421875, 8.659756660461426]}, "datetime": {"datetime": "2025-08-20 18:11:46", "elapsed": 22760.965095043182, "delta": 15.115357637405396}, "costs": {"total_cost": 215.50253048637921, "time_cost": 69.88, "final_distance_cost": 1.747474849202274, "oscillation_cost": 67.11910421647153, "completition_cost": 0.0, "overshoot_cost": 50.62179379128683, "power_cost": 14.125036450195314, "noise_cost": 12.009121179223262, "n_waypoints_completed": 9, "tot_waypoints": 9}}
{"target": -209.91816041516338, "params": {"k_pid_pos": [1.9715349674224854, 0.007777184247970581, 0.0], "k_pid_alt": [1.8894505500793457, 0.058530449867248535, 0.764649510383606], "k_pid_att": [99.37351989746094, 4.069274425506592, 0.9743715524673462], "k_pid_yaw": [0.5, 1e-06, 0.1], "k_pid_hsp": [9.480685234069824, 0.9288367033004761, 0.018241792917251587], "k_pid_vsp": [400.0, 390.18231201171875, 5.745995998382568]}, "datetime": {"datetime": "2025-08-20 18:12:02", "elapsed": 22776.858577013016, "delta": 15.893481969833374}, "costs": {"total_cost": 209.91816041516338, "time_cost": 70.08800000000001, "final_distance_cost": 1.7943110808570104, "oscillation_cost": 62.25146009954346, "completition_cost": 0.0, "overshoot_cost": 51.21610713314379, "power_cost": 12.963482873535156, "noise_cost": 11.604799228083955, "n_waypoints_completed": 9, "tot_waypoints": 9}}
{"target": -218.67018283549044, "params": {"k_pid_pos": [1.9679462909698486, 0.029075175523757935, 8.374452590942383e-06], "k_pid_alt": [1.879711627960205, 0.0037460029125213623, 0.9695111513137817], "k_pid_att": [99.86582946777344, 0.19940133392810822, 0.9479787349700928], "k_pid_yaw": [0.5, 1e-06, 0.1], "k_pid_hsp": [9.885544776916504, 0.9868077039718628, 0.023190468549728394], "k_pid_vsp": [400.0, 393.7624816894531, 4.620362281799316]}, "datetime": {"datetime": "2025-08-20 18:12:17", "elapsed": 22792.01835656166, "delta": 15.15977954864502}, "costs": {"total_cost": 218.67018283549044, "time_cost": 70.0, "final_distance_cost": 1.7586131396028604, "oscillation_cost": 72.32231134677953, "completition_cost": 0.0, "overshoot_cost": 50.14198619497047, "power_cost": 12.996441577148438, "noise_cost": 11.45083057698915, "n_waypoints_completed": 9, "tot_waypoints": 9}}
{"target": -267.51210191370166, "params": {"k_pid_pos": [1.9535249471664429, 0.004825770854949951, 0.0], "k_pid_alt": [1.9486286640167236, 0.07132703065872192, 0.9362309575080872], "k_pid_att": [98.05452728271484, 0.05548467859625816, 0.9838197231292725], "k_pid_yaw": [0.5, 1e-06, 0.1], "k_pid_hsp": [9.86307430267334, 0.9495634436607361, 0.038916826248168945], "k_pid_vsp": [1.1920928955078125e-05, 377.00347900390625, 20.20403289794922]}, "datetime": {"datetime": "2025-08-20 18:12:35", "elapsed": 22810.275854587555, "delta": 18.257498025894165}, "costs": {"total_cost": 267.51210191370166, "time_cost": 81.872, "final_distance_cost": 1.7460828174122176, "oscillation_cost": 99.1309177642252, "completition_cost": 0.0, "overshoot_cost": 55.18812355009159, "power_cost": 16.747424755859377, "noise_cost": 12.827553026113279, "n_waypoints_completed": 9, "tot_waypoints": 9}}
{"target": -239.20098812602907, "params": {"k_pid_pos": [1.740383267402649, 0.09164094924926758, 0.00019186735153198242], "k_pid_alt": [1.8431707620620728, 0.06568577885627747, 0.9953775405883789], "k_pid_att": [92.70327758789062, 0.3505178391933441, 0.8669041991233826], "k_pid_yaw": [0.5, 1e-06, 0.1], "k_pid_hsp": [9.513800621032715, 0.9844701886177063, 0.0380096435546875], "k_pid_vsp": [399.9974670410156, 387.1582336425781, 6.832779407501221]}, "datetime": {"datetime": "2025-08-20 18:12:55", "elapsed": 22829.92927312851, "delta": 19.65341854095459}, "costs": {"total_cost": 239.20098812602907, "time_cost": 80.64, "final_distance_cost": 1.7467344455878362, "oscillation_cost": 76.11908532027178, "completition_cost": 0.0, "overshoot_cost": 52.66999557401301, "power_cost": 14.868129162597658, "noise_cost": 13.157043623558824, "n_waypoints_completed": 9, "tot_waypoints": 9}}
{"target": -205.12891470501242, "params": {"k_pid_pos": [1.4977136850357056, 0.008405238389968872, 0.0], "k_pid_alt": [1.7599937915802002, 0.04226982593536377, 0.995063304901123], "k_pid_att": [98.42980194091797, 0.4619663953781128, 0.854802131652832], "k_pid_yaw": [0.5, 1e-06, 0.1], "k_pid_hsp": [9.735848426818848, 0.9472796320915222, 0.007046401500701904], "k_pid_vsp": [400.0, 384.57373046875, 1.3580808639526367]}, "datetime": {"datetime": "2025-08-20 18:13:10", "elapsed": 22844.839436769485, "delta": 14.910163640975952}, "costs": {"total_cost": 205.12891470501242, "time_cost": 69.032, "final_distance_cost": 1.7608570047204155, "oscillation_cost": 60.540420302917454, "completition_cost": 0.0, "overshoot_cost": 49.91588548924859, "power_cost": 12.574219079589845, "noise_cost": 11.305532828536116, "n_waypoints_completed": 9, "tot_waypoints": 9}}
{"target": -210.66839780609325, "params": {"k_pid_pos": [1.9776592254638672, 0.017278730869293213, 0.0], "k_pid_alt": [1.9200620651245117, 0.005134105682373047, 0.8792251944541931], "k_pid_att": [97.841064453125, 1.5930920839309692, 0.9896713495254517], "k_pid_yaw": [0.5, 1e-06, 0.1], "k_pid_hsp": [9.896008491516113, 0.9969340562820435, 0.008242189884185791], "k_pid_vsp": [399.9979553222656, 309.3897705078125, 7.324398517608643]}, "datetime": {"datetime": "2025-08-20 18:13:26", "elapsed": 22860.844876766205, "delta": 16.00543999671936}, "costs": {"total_cost": 210.66839780609325, "time_cost": 69.88, "final_distance_cost": 1.747144473154526, "oscillation_cost": 64.87914467851792, "completition_cost": 0.0, "overshoot_cost": 49.944600915842095, "power_cost": 12.820214013671876, "noise_cost": 11.397293724906817, "n_waypoints_completed": 9, "tot_waypoints": 9}}
{"target": -267.2464119257801, "params": {"k_pid_pos": [1.9502514600753784, 0.07660239934921265, 0.0], "k_pid_alt": [1.9910120964050293, 0.1004529595375061, 0.9097916483879089], "k_pid_att": [98.50379180908203, 0.3658134341239929, 0.9628636837005615], "k_pid_yaw": [0.5, 1e-06, 0.1], "k_pid_hsp": [9.665589332580566, 0.963524580001831, 0.016920149326324463], "k_pid_vsp": [400.0, 391.6493835449219, 11.918318748474121]}, "datetime": {"datetime": "2025-08-20 18:13:48", "elapsed": 22882.77358531952, "delta": 21.92870855331421}, "costs": {"total_cost": 267.2464119257801, "time_cost": 97.312, "final_distance_cost": 1.77745306216035, "oscillation_cost": 80.92748511061698, "completition_cost": 0.0, "overshoot_cost": 52.025727898499674, "power_cost": 19.586064904785157, "noise_cost": 15.617680949717963, "n_waypoints_completed": 9, "tot_waypoints": 9}}
{"target": -238.49624781329106, "params": {"k_pid_pos": [1.965571403503418, 0.04843148589134216, 0.9647517204284668], "k_pid_alt": [1.991523027420044, 0.01766720414161682, 0.8631349802017212], "k_pid_att": [96.62858581542969, 2.371206045150757, 0.9797890782356262], "k_pid_yaw": [0.5, 1e-06, 0.1], "k_pid_hsp": [9.932683944702148, 0.9908943176269531, 0.020212113857269287], "k_pid_vsp": [400.0, 386.467529296875, 18.514062881469727]}, "datetime": {"datetime": "2025-08-20 18:14:03", "elapsed": 22897.94757771492, "delta": 15.173992395401001}, "costs": {"total_cost": 238.49624781329106, "time_cost": 69.384, "final_distance_cost": 1.8365291447107739, "oscillation_cost": 90.29378684876622, "completition_cost": 0.0, "overshoot_cost": 49.66721285774254, "power_cost": 14.951224426269532, "noise_cost": 12.363494535802007, "n_waypoints_completed": 9, "tot_waypoints": 9}}
{"target": -214.41315785084348, "params": {"k_pid_pos": [1.9230626821517944, 0.010008811950683594, 2.384185791015625e-07], "k_pid_alt": [1.9956929683685303, 0.00819474458694458, 0.9907699823379517], "k_pid_att": [99.50386810302734, 0.11240952461957932, 0.9760943651199341], "k_pid_yaw": [0.5, 1e-06, 0.1], "k_pid_hsp": [9.536168098449707, 0.9610928297042847, 0.039924412965774536], "k_pid_vsp": [400.0, 377.00518798828125, 6.865597724914551]}, "datetime": {"datetime": "2025-08-20 18:14:19", "elapsed": 22914.463482141495, "delta": 16.515904426574707}, "costs": {"total_cost": 214.41315785084348, "time_cost": 69.52, "final_distance_cost": 1.732086925336868, "oscillation_cost": 67.59130543289801, "completition_cost": 0.0, "overshoot_cost": 50.6239145696228, "power_cost": 13.292650720214844, "noise_cost": 11.65320020277092, "n_waypoints_completed": 9, "tot_waypoints": 9}}
{"target": -205.31423634812214, "params": {"k_pid_pos": [1.983777403831482, 0.03271797299385071, 0.45105209946632385], "k_pid_alt": [1.8361282348632812, 0.022986114025115967, 0.9642542004585266], "k_pid_att": [94.8031005859375, 0.022196412086486816, 0.9111462235450745], "k_pid_yaw": [0.5, 1e-06, 0.1], "k_pid_hsp": [9.093818664550781, 0.9418206810951233, 0.013457000255584717], "k_pid_vsp": [399.9999694824219, 388.9283142089844, 6.19787073135376]}, "datetime": {"datetime": "2025-08-20 18:14:35", "elapsed": 22929.90076160431, "delta": 15.437279462814331}, "costs": {"total_cost": 205.31423634812214, "time_cost": 69.08, "final_distance_cost": 1.7671957203210038, "oscillation_cost": 60.312628864616165, "completition_cost": 0.0, "overshoot_cost": 50.307608925011955, "power_cost": 12.566079541015625, "noise_cost": 11.280723297157417, "n_waypoints_completed": 9, "tot_waypoints": 9}}
{"target": -212.81253669103353, "params": {"k_pid_pos": [1.3587671518325806, 0.002199321985244751, 0.0], "k_pid_alt": [1.9200856685638428, 0.06386619806289673, 0.9478983879089355], "k_pid_att": [96.74601745605469, 0.15253974497318268, 0.9757152795791626], "k_pid_yaw": [0.5, 1e-06, 0.1], "k_pid_hsp": [9.871084213256836, 0.9975498914718628, 0.016754955053329468], "k_pid_vsp": [400.0, 377.7397155761719, 4.663182258605957]}, "datetime": {"datetime": "2025-08-20 18:14:53", "elapsed": 22947.677829504013, "delta": 17.77706789970398}, "costs": {"total_cost": 212.81253669103353, "time_cost": 72.57600000000001, "final_distance_cost": 1.8239494467461534, "oscillation_cost": 62.9181316509875, "completition_cost": 0.0, "overshoot_cost": 50.6537441810031, "power_cost": 13.019649157714845, "noise_cost": 11.821062254581932, "n_waypoints_completed": 9, "tot_waypoints": 9}}
