{"target": -255.3316296276244, "params": {"k_pid_pos": [1.9688571691513062, 0.050806641578674316, 0.0], "k_pid_alt": [1.952207326889038, 0.10146394371986389, 0.8932696580886841], "k_pid_att": [97.099365234375, 0.22938694059848785, 0.9802207946777344], "k_pid_yaw": [0.5, 1e-06, 0.1], "k_pid_hsp": [7.9776763916015625, 0.9933165907859802, 0.0042698681354522705], "k_pid_vsp": [400.0, 392.3934020996094, 48.110652923583984]}, "datetime": {"datetime": "2025-08-20 23:16:40", "elapsed": 41054.67743182182, "delta": 23.17586326599121}, "costs": {"total_cost": 255.3316296276244, "time_cost": 98.456, "final_distance_cost": 1.7856343541947055, "oscillation_cost": 73.00927559967283, "completition_cost": 0.0, "overshoot_cost": 51.74255211612032, "power_cost": 16.77522655029297, "noise_cost": 13.562941007343577, "n_waypoints_completed": 9, "tot_waypoints": 9}}
{"target": -216.7277772028222, "params": {"k_pid_pos": [1.9879337549209595, 0.05017837882041931, 2.9802322387695312e-08], "k_pid_alt": [1.9473299980163574, 0.007654547691345215, 0.9650549292564392], "k_pid_att": [95.48356628417969, 0.18517445027828217, 0.9839591979980469], "k_pid_yaw": [0.5, 1e-06, 0.1], "k_pid_hsp": [9.883255958557129, 0.9977990984916687, 0.009906262159347534], "k_pid_vsp": [400.0, 394.2901611328125, 10.193754196166992]}, "datetime": {"datetime": "2025-08-20 23:16:55", "elapsed": 41069.787638902664, "delta": 15.110207080841064}, "costs": {"total_cost": 216.7277772028222, "time_cost": 70.06400000000001, "final_distance_cost": 1.725375280623366, "oscillation_cost": 71.02910338344358, "completition_cost": 0.0, "overshoot_cost": 50.673226771521385, "power_cost": 12.426315844726563, "noise_cost": 10.809755922507287, "n_waypoints_completed": 9, "tot_waypoints": 9}}
{"target": -213.60471440510014, "params": {"k_pid_pos": [1.9792946577072144, 0.02104446291923523, 2.0951032638549805e-05], "k_pid_alt": [1.9869310855865479, 0.06378847360610962, 0.9618704319000244], "k_pid_att": [98.98161315917969, 0.45518821477890015, 0.9895713329315186], "k_pid_yaw": [0.5, 1e-06, 0.1], "k_pid_hsp": [9.864385604858398, 0.9771608114242554, 0.012012660503387451], "k_pid_vsp": [400.0, 353.1264343261719, 3.7043819427490234]}, "datetime": {"datetime": "2025-08-20 23:17:14", "elapsed": 41088.82684779167, "delta": 19.03920888900757}, "costs": {"total_cost": 213.60471440510014, "time_cost": 70.304, "final_distance_cost": 1.7724496121217856, "oscillation_cost": 66.27925638837081, "completition_cost": 0.0, "overshoot_cost": 50.626002639501834, "power_cost": 13.095048669433595, "noise_cost": 11.527957095672088, "n_waypoints_completed": 9, "tot_waypoints": 9}}
{"target": -218.92243079170686, "params": {"k_pid_pos": [1.9738303422927856, 0.031249940395355225, 0.0], "k_pid_alt": [1.9540680646896362, 0.019656121730804443, 0.9698740243911743], "k_pid_att": [98.22148132324219, 0.5054308772087097, 0.881765604019165], "k_pid_yaw": [0.5, 1e-06, 0.1], "k_pid_hsp": [9.891648292541504, 0.9733349084854126, 0.008217066526412964], "k_pid_vsp": [400.0, 394.2608337402344, 5.076147079467773]}, "datetime": {"datetime": "2025-08-20 23:17:32", "elapsed": 41107.27250647545, "delta": 18.445658683776855}, "costs": {"total_cost": 218.92243079170686, "time_cost": 69.84, "final_distance_cost": 1.7500472453578255, "oscillation_cost": 72.19871060524295, "completition_cost": 0.0, "overshoot_cost": 50.458569846838344, "power_cost": 13.09641943359375, "noise_cost": 11.578683660673985, "n_waypoints_completed": 9, "tot_waypoints": 9}}
{"target": -208.93418209619864, "params": {"k_pid_pos": [1.360603928565979, 0.010775357484817505, 2.9802322387695312e-08], "k_pid_alt": [1.9890213012695312, 0.007274150848388672, 0.9697055816650391], "k_pid_att": [98.85457611083984, 0.17014051973819733, 0.9875707626342773], "k_pid_yaw": [0.5, 1e-06, 0.1], "k_pid_hsp": [9.819037437438965, 0.9439011216163635, 0.020572036504745483], "k_pid_vsp": [400.0, 378.4148864746094, 5.495489597320557]}, "datetime": {"datetime": "2025-08-20 23:17:49", "elapsed": 41124.00186872482, "delta": 16.72936224937439}, "costs": {"total_cost": 208.93418209619864, "time_cost": 69.048, "final_distance_cost": 1.8031698345941494, "oscillation_cost": 64.01371798075779, "completition_cost": 0.0, "overshoot_cost": 50.098921320848135, "power_cost": 12.659501672363282, "noise_cost": 11.31087128763526, "n_waypoints_completed": 9, "tot_waypoints": 9}}
{"target": -204.0910217883106, "params": {"k_pid_pos": [1.9596973657608032, 0.02614039182662964, 0.0], "k_pid_alt": [1.9795963764190674, 0.0059244632720947266, 0.9846265316009521], "k_pid_att": [98.72794342041016, 0.06385159492492676, 0.9848182201385498], "k_pid_yaw": [0.5, 1e-06, 0.1], "k_pid_hsp": [9.912166595458984, 0.8148475885391235, 0.0015993714332580566], "k_pid_vsp": [400.0, 390.0671081542969, 5.308712482452393]}, "datetime": {"datetime": "2025-08-20 23:18:07", "elapsed": 41141.98408699036, "delta": 17.982218265533447}, "costs": {"total_cost": 204.0910217883106, "time_cost": 70.016, "final_distance_cost": 1.7872403799100978, "oscillation_cost": 57.09829801372269, "completition_cost": 0.0, "overshoot_cost": 50.51802573301438, "power_cost": 13.128377917480469, "noise_cost": 11.543079744182965, "n_waypoints_completed": 9, "tot_waypoints": 9}}
{"target": -211.94255468911612, "params": {"k_pid_pos": [1.8705105781555176, 0.016498148441314697, 0.0], "k_pid_alt": [1.9879207611083984, 0.03139376640319824, 0.9944188594818115], "k_pid_att": [98.42557525634766, 0.42398104071617126, 0.9925191402435303], "k_pid_yaw": [0.5, 1e-06, 0.1], "k_pid_hsp": [9.826465606689453, 0.9866092205047607, 0.019125759601593018], "k_pid_vsp": [400.0, 375.2574462890625, 2.5920042991638184]}, "datetime": {"datetime": "2025-08-20 23:18:22", "elapsed": 41157.033272981644, "delta": 15.049185991287231}, "costs": {"total_cost": 211.94255468911612, "time_cost": 69.416, "final_distance_cost": 1.7771167873457472, "oscillation_cost": 65.38089252738057, "completition_cost": 0.0, "overshoot_cost": 50.5735987326086, "power_cost": 13.186942016601563, "noise_cost": 11.608004625179635, "n_waypoints_completed": 9, "tot_waypoints": 9}}
{"target": -212.4372216015024, "params": {"k_pid_pos": [1.985274076461792, 0.021383136510849, 0.0], "k_pid_alt": [1.9570388793945312, 0.027499377727508545, 0.9974157810211182], "k_pid_att": [94.05592346191406, 0.13774363696575165, 0.9951156377792358], "k_pid_yaw": [0.5, 1e-06, 0.1], "k_pid_hsp": [9.932058334350586, 0.9942374229431152, 0.025678128004074097], "k_pid_vsp": [400.0, 385.4100341796875, 21.396793365478516]}, "datetime": {"datetime": "2025-08-20 23:18:39", "elapsed": 41173.74823999405, "delta": 16.714967012405396}, "costs": {"total_cost": 212.4372216015024, "time_cost": 69.56, "final_distance_cost": 1.7247242707979826, "oscillation_cost": 65.75892494682957, "completition_cost": 0.0, "overshoot_cost": 50.51826372566146, "power_cost": 13.70509912109375, "noise_cost": 11.170209537119623, "n_waypoints_completed": 9, "tot_waypoints": 9}}
{"target": -311.05966833898304, "params": {"k_pid_pos": [1.9536203145980835, 0.007359296083450317, 0.0], "k_pid_alt": [1.9810750484466553, 0.04058969020843506, 0.964353084564209], "k_pid_att": [99.06001281738281, 0.05187297239899635, 0.8668680191040039], "k_pid_yaw": [0.5, 1e-06, 0.1], "k_pid_hsp": [9.442508697509766, 0.9911669492721558, 0.21725761890411377], "k_pid_vsp": [400.0, 370.6708679199219, 13.567126274108887]}, "datetime": {"datetime": "2025-08-20 23:18:54", "elapsed": 41189.06117987633, "delta": 15.312939882278442}, "costs": {"total_cost": 311.05966833898304, "time_cost": 70.496, "final_distance_cost": 1.7495452803346645, "oscillation_cost": 160.50551137795125, "completition_cost": 0.0, "overshoot_cost": 51.65004670696109, "power_cost": 14.671366662597658, "noise_cost": 11.987198311138409, "n_waypoints_completed": 9, "tot_waypoints": 9}}
{"target": -219.26683847646544, "params": {"k_pid_pos": [1.9849932193756104, 0.045063674449920654, 0.0], "k_pid_alt": [1.8539705276489258, 0.011425822973251343, 0.9910469055175781], "k_pid_att": [95.072265625, 0.05232834815979004, 0.9659044742584229], "k_pid_yaw": [0.5, 1e-06, 0.1], "k_pid_hsp": [8.643722534179688, 0.986559271812439, 0.015750885009765625], "k_pid_vsp": [400.0, 390.8635559082031, 1.7759451866149902]}, "datetime": {"datetime": "2025-08-20 23:19:11", "elapsed": 41206.164700746536, "delta": 17.10352087020874}, "costs": {"total_cost": 219.26683847646544, "time_cost": 70.272, "final_distance_cost": 1.774706105601982, "oscillation_cost": 71.99893203819032, "completition_cost": 0.0, "overshoot_cost": 50.32213537170414, "power_cost": 13.279106921386719, "noise_cost": 11.619958039582261, "n_waypoints_completed": 9, "tot_waypoints": 9}}
{"target": -218.59743329216317, "params": {"k_pid_pos": [1.9638434648513794, 0.0237007737159729, 0.0], "k_pid_alt": [1.959389328956604, 0.007177501916885376, 0.954696774482727], "k_pid_att": [93.56437683105469, 0.11631239950656891, 0.9693763852119446], "k_pid_yaw": [0.5, 1e-06, 0.1], "k_pid_hsp": [9.964374542236328, 0.9821583032608032, 0.01838552951812744], "k_pid_vsp": [399.99896240234375, 387.3375549316406, 1.858151912689209]}, "datetime": {"datetime": "2025-08-20 23:19:26", "elapsed": 41221.204205513, "delta": 15.039504766464233}, "costs": {"total_cost": 218.59743329216317, "time_cost": 69.88, "final_distance_cost": 1.781900538294694, "oscillation_cost": 72.33371653397126, "completition_cost": 0.0, "overshoot_cost": 50.26601872814011, "power_cost": 12.882719482421876, "noise_cost": 11.453078009335245, "n_waypoints_completed": 9, "tot_waypoints": 9}}
{"target": -205.66087959233658, "params": {"k_pid_pos": [1.990152359008789, 0.024677008390426636, 0.0], "k_pid_alt": [1.8790016174316406, 0.03941848874092102, 0.9881556034088135], "k_pid_att": [98.83192443847656, 0.5459893345832825, 0.9896056652069092], "k_pid_yaw": [0.5, 1e-06, 0.1], "k_pid_hsp": [9.299558639526367, 0.9743370413780212, 0.003543555736541748], "k_pid_vsp": [399.96832275390625, 391.26788330078125, 1.1042842864990234]}, "datetime": {"datetime": "2025-08-20 23:19:43", "elapsed": 41237.51423239708, "delta": 16.31002688407898}, "costs": {"total_cost": 205.66087959233658, "time_cost": 69.928, "final_distance_cost": 1.7460223157536148, "oscillation_cost": 59.11079319927681, "completition_cost": 0.0, "overshoot_cost": 50.360972862684484, "power_cost": 12.998796594238282, "noise_cost": 11.516294620383373, "n_waypoints_completed": 9, "tot_waypoints": 9}}
{"target": -212.94007140868626, "params": {"k_pid_pos": [1.9575474262237549, 0.01444554328918457, 0.0], "k_pid_alt": [1.9783356189727783, 0.008656203746795654, 0.9684633016586304], "k_pid_att": [98.01386260986328, 0.09859748184680939, 0.9922400712966919], "k_pid_yaw": [0.5, 1e-06, 0.1], "k_pid_hsp": [9.653675079345703, 0.9648534059524536, 0.028524428606033325], "k_pid_vsp": [16.24953842163086, 382.4548645019531, 46.211097717285156]}, "datetime": {"datetime": "2025-08-20 23:19:58", "elapsed": 41252.88307452202, "delta": 15.368842124938965}, "costs": {"total_cost": 212.94007140868626, "time_cost": 69.376, "final_distance_cost": 1.7694371877383848, "oscillation_cost": 67.29378452768724, "completition_cost": 0.0, "overshoot_cost": 50.27458000737896, "power_cost": 13.275961474609376, "noise_cost": 10.950308211272297, "n_waypoints_completed": 9, "tot_waypoints": 9}}
{"target": -316.3132250353327, "params": {"k_pid_pos": [1.921225666999817, 0.011189907789230347, 0.9941169023513794], "k_pid_alt": [1.789580225944519, 0.048320919275283813, 0.9839783906936646], "k_pid_att": [99.1159896850586, 0.039830271154642105, 0.9537422060966492], "k_pid_yaw": [0.5, 1e-06, 0.1], "k_pid_hsp": [9.908784866333008, 0.8578819632530212, 0.08653789758682251], "k_pid_vsp": [399.991455078125, 383.6771545410156, 32.303810119628906]}, "datetime": {"datetime": "2025-08-20 23:20:16", "elapsed": 41271.013414144516, "delta": 18.13033962249756}, "costs": {"total_cost": 316.3132250353327, "time_cost": 75.488, "final_distance_cost": 1.853592931460055, "oscillation_cost": 159.3566105159126, "completition_cost": 0.0, "overshoot_cost": 50.63095299002747, "power_cost": 15.647588000488282, "noise_cost": 13.33648059744434, "n_waypoints_completed": 9, "tot_waypoints": 9}}
{"target": -211.7924667575245, "params": {"k_pid_pos": [1.9393361806869507, 0.015244007110595703, 0.0], "k_pid_alt": [1.9275732040405273, 0.005583465099334717, 0.9916948080062866], "k_pid_att": [99.05034637451172, 0.896496593952179, 0.9803810715675354], "k_pid_yaw": [0.5, 1e-06, 0.1], "k_pid_hsp": [9.746060371398926, 0.9973824620246887, 0.02839222550392151], "k_pid_vsp": [400.0, 396.5865173339844, 1.0190138816833496]}, "datetime": {"datetime": "2025-08-20 23:20:32", "elapsed": 41286.60975122452, "delta": 15.596337080001831}, "costs": {"total_cost": 211.7924667575245, "time_cost": 69.664, "final_distance_cost": 1.7557076788716104, "oscillation_cost": 66.02490438420685, "completition_cost": 0.0, "overshoot_cost": 49.98554403414378, "power_cost": 12.920007897949219, "noise_cost": 11.442302762353057, "n_waypoints_completed": 9, "tot_waypoints": 9}}
{"target": -215.49881371710728, "params": {"k_pid_pos": [1.9239633083343506, 0.08722680807113647, 0.0], "k_pid_alt": [1.994798183441162, 0.059506237506866455, 0.995880126953125], "k_pid_att": [99.30412292480469, 0.10164950788021088, 0.9842589497566223], "k_pid_yaw": [0.5, 1e-06, 0.1], "k_pid_hsp": [9.876287460327148, 0.9944121241569519, 0.01823064684867859], "k_pid_vsp": [400.0, 387.8486022949219, 29.55940055847168]}, "datetime": {"datetime": "2025-08-20 23:20:48", "elapsed": 41303.048431158066, "delta": 16.438679933547974}, "costs": {"total_cost": 215.49881371710728, "time_cost": 70.056, "final_distance_cost": 1.7778895528133278, "oscillation_cost": 67.56974630428049, "completition_cost": 0.0, "overshoot_cost": 50.80336518146746, "power_cost": 14.068235351562501, "noise_cost": 11.223577326983515, "n_waypoints_completed": 9, "tot_waypoints": 9}}
{"target": -212.52185929024657, "params": {"k_pid_pos": [1.9063832759857178, 0.047799915075302124, 0.0], "k_pid_alt": [1.9905146360397339, 0.01711583137512207, 0.9962500333786011], "k_pid_att": [96.4982681274414, 0.041834160685539246, 0.9806301593780518], "k_pid_yaw": [0.5, 1e-06, 0.1], "k_pid_hsp": [9.886493682861328, 0.997193455696106, 0.015138596296310425], "k_pid_vsp": [400.0, 398.84954833984375, 7.364142894744873]}, "datetime": {"datetime": "2025-08-20 23:21:04", "elapsed": 41318.90856003761, "delta": 15.86012887954712}, "costs": {"total_cost": 212.52185929024657, "time_cost": 69.64, "final_distance_cost": 1.7860396716832267, "oscillation_cost": 66.05967187235493, "completition_cost": 0.0, "overshoot_cost": 50.211276158685436, "power_cost": 13.232529504394531, "noise_cost": 11.592342083128413, "n_waypoints_completed": 9, "tot_waypoints": 9}}
{"target": -229.27717485898611, "params": {"k_pid_pos": [1.965424656867981, 0.0623302161693573, 0.0], "k_pid_alt": [1.9871225357055664, 0.02398282289505005, 0.9573812484741211], "k_pid_att": [98.0826644897461, 0.15657910704612732, 0.9962048530578613], "k_pid_yaw": [0.5, 1e-06, 0.1], "k_pid_hsp": [9.639413833618164, 0.9873837232589722, 0.04724559187889099], "k_pid_vsp": [400.0, 398.6673583984375, 8.693004608154297]}, "datetime": {"datetime": "2025-08-20 23:21:21", "elapsed": 41336.131860256195, "delta": 17.223300218582153}, "costs": {"total_cost": 229.27717485898611, "time_cost": 69.56, "final_distance_cost": 1.7637714933860513, "oscillation_cost": 83.13108801978412, "completition_cost": 0.0, "overshoot_cost": 50.16601198179526, "power_cost": 13.164084472656251, "noise_cost": 11.492218891364436, "n_waypoints_completed": 9, "tot_waypoints": 9}}
{"target": -225.61885170568146, "params": {"k_pid_pos": [1.9858529567718506, 0.01925218105316162, 0.0007047653198242188], "k_pid_alt": [1.9773004055023193, 0.06382209062576294, 0.9657455682754517], "k_pid_att": [96.75924682617188, 0.24035826325416565, 0.8902233242988586], "k_pid_yaw": [0.5, 1e-06, 0.1], "k_pid_hsp": [9.477697372436523, 0.99665367603302, 0.023819386959075928], "k_pid_vsp": [400.0, 397.720703125, 35.7386360168457]}, "datetime": {"datetime": "2025-08-20 23:21:36", "elapsed": 41351.310931921005, "delta": 15.17907166481018}, "costs": {"total_cost": 225.61885170568146, "time_cost": 69.936, "final_distance_cost": 1.759659101192842, "oscillation_cost": 78.19905794640002, "completition_cost": 0.0, "overshoot_cost": 51.14852315902703, "power_cost": 13.461041735839844, "noise_cost": 11.114569763221745, "n_waypoints_completed": 9, "tot_waypoints": 9}}
{"target": -241.6498102914137, "params": {"k_pid_pos": [1.987764835357666, 0.018930941820144653, 0.0], "k_pid_alt": [1.9386701583862305, 0.05696725845336914, 0.9617750644683838], "k_pid_att": [99.14140319824219, 0.8157858848571777, 0.9602741003036499], "k_pid_yaw": [0.5, 1e-06, 0.1], "k_pid_hsp": [9.98080825805664, 0.7042574882507324, 0.08716779947280884], "k_pid_vsp": [400.0, 393.97357177734375, 39.546871185302734]}, "datetime": {"datetime": "2025-08-20 23:21:55", "elapsed": 41370.011343955994, "delta": 18.700412034988403}, "costs": {"total_cost": 241.6498102914137, "time_cost": 69.24, "final_distance_cost": 1.76729330276349, "oscillation_cost": 92.97324834344592, "completition_cost": 0.0, "overshoot_cost": 50.7637815596348, "power_cost": 14.925122229003907, "noise_cost": 11.980364856565595, "n_waypoints_completed": 9, "tot_waypoints": 9}}
{"target": -225.93178537267042, "params": {"k_pid_pos": [1.802093267440796, 0.05735498666763306, 0.0], "k_pid_alt": [1.9856696128845215, 0.002309083938598633, 0.9982302784919739], "k_pid_att": [96.38947296142578, 0.06751873344182968, 0.961270809173584], "k_pid_yaw": [0.5, 1e-06, 0.1], "k_pid_hsp": [9.891785621643066, 0.9943264722824097, 0.01709499955177307], "k_pid_vsp": [400.0, 395.3862609863281, 2.1923909187316895]}, "datetime": {"datetime": "2025-08-20 23:22:10", "elapsed": 41385.00193166733, "delta": 14.990587711334229}, "costs": {"total_cost": 225.93178537267042, "time_cost": 69.984, "final_distance_cost": 1.7509175709700624, "oscillation_cost": 79.3463245250169, "completition_cost": 0.0, "overshoot_cost": 50.25757233944768, "power_cost": 13.1001072265625, "noise_cost": 11.492863710673264, "n_waypoints_completed": 9, "tot_waypoints": 9}}
{"target": -220.62294847440683, "params": {"k_pid_pos": [1.9745985269546509, 0.036507368087768555, 0.0], "k_pid_alt": [1.9509168863296509, 0.006647884845733643, 0.9856531620025635], "k_pid_att": [99.2315444946289, 2.7915914058685303, 0.8931690454483032], "k_pid_yaw": [0.5, 1e-06, 0.1], "k_pid_hsp": [9.940749168395996, 0.9734815359115601, 0.01952311396598816], "k_pid_vsp": [400.0, 392.2201232910156, 32.955074310302734]}, "datetime": {"datetime": "2025-08-20 23:22:27", "elapsed": 41402.21883869171, "delta": 17.216907024383545}, "costs": {"total_cost": 220.62294847440683, "time_cost": 69.688, "final_distance_cost": 1.7741044264036163, "oscillation_cost": 70.86200839396354, "completition_cost": 0.0, "overshoot_cost": 50.26383221111597, "power_cost": 15.878537280273438, "noise_cost": 12.156466162650274, "n_waypoints_completed": 9, "tot_waypoints": 9}}
{"target": -285.67558931648307, "params": {"k_pid_pos": [1.9377074241638184, 0.01900702714920044, 0.027103275060653687], "k_pid_alt": [1.9872750043869019, 0.12108594179153442, 0.9554941058158875], "k_pid_att": [97.76791381835938, 0.17553885281085968, 0.9714550971984863], "k_pid_yaw": [0.5, 1e-06, 0.1], "k_pid_hsp": [9.954609870910645, 0.970723032951355, 0.05754595994949341], "k_pid_vsp": [5.848681926727295, 396.7608947753906, 7.170773506164551]}, "datetime": {"datetime": "2025-08-20 23:22:44", "elapsed": 41419.245757102966, "delta": 17.026918411254883}, "costs": {"total_cost": 285.67558931648307, "time_cost": 74.19200000000001, "final_distance_cost": 1.7206039665495991, "oscillation_cost": 128.75151628145736, "completition_cost": 0.0, "overshoot_cost": 52.95569665056209, "power_cost": 16.203376318359375, "noise_cost": 11.852396099554634, "n_waypoints_completed": 9, "tot_waypoints": 9}}
{"target": -203.68176537895928, "params": {"k_pid_pos": [1.9623620510101318, 0.09529086947441101, 3.933906555175781e-06], "k_pid_alt": [1.9502084255218506, 0.009392082691192627, 0.8915902376174927], "k_pid_att": [94.67611694335938, 0.30281344056129456, 0.9607701301574707], "k_pid_yaw": [0.5, 1e-06, 0.1], "k_pid_hsp": [8.710868835449219, 0.9868161678314209, 0.01909428834915161], "k_pid_vsp": [73.37388610839844, 366.48870849609375, 4.873229026794434]}, "datetime": {"datetime": "2025-08-20 23:23:01", "elapsed": 41435.67515254021, "delta": 16.4293954372406}, "costs": {"total_cost": 203.68176537895928, "time_cost": 70.28, "final_distance_cost": 1.7535422043025994, "oscillation_cost": 56.16268391946101, "completition_cost": 0.0, "overshoot_cost": 50.641021243530176, "power_cost": 13.310106762695312, "noise_cost": 11.534411248970166, "n_waypoints_completed": 9, "tot_waypoints": 9}}
{"target": -214.09577847903157, "params": {"k_pid_pos": [1.9450396299362183, 0.009612053632736206, 0.0], "k_pid_alt": [1.6743619441986084, 0.016538292169570923, 0.9755814075469971], "k_pid_att": [98.8119125366211, 0.15305382013320923, 0.9959044456481934], "k_pid_yaw": [0.5, 1e-06, 0.1], "k_pid_hsp": [9.939922332763672, 0.9686458110809326, 0.004349321126937866], "k_pid_vsp": [400.0, 399.17486572265625, 12.004412651062012]}, "datetime": {"datetime": "2025-08-20 23:23:17", "elapsed": 41451.84510302544, "delta": 16.169950485229492}, "costs": {"total_cost": 214.09577847903157, "time_cost": 69.952, "final_distance_cost": 1.7576370051065513, "oscillation_cost": 66.00428028046402, "completition_cost": 0.0, "overshoot_cost": 50.338157246780895, "power_cost": 14.478834997558595, "noise_cost": 11.564868949121486, "n_waypoints_completed": 9, "tot_waypoints": 9}}
