{"target": -213.63600796993683, "params": {"k_pid_pos": [1.494186520576477, 0.03628969192504883, 0.02208954095840454], "k_pid_alt": [1.6734927892684937, 0.010792940855026245, 0.9936022758483887], "k_pid_att": [96.95552825927734, 0.21803028881549835, 0.704196572303772], "k_pid_yaw": [0.5, 1e-06, 0.1], "k_pid_hsp": [4.468342304229736, 0.9076869487762451, 0.0574345588684082], "k_pid_vsp": [399.9515380859375, 379.83544921875, 17.820444107055664]}, "datetime": {"datetime": "2025-08-20 14:21:39", "elapsed": 8954.373000860214, "delta": 16.01764750480652}, "costs": {"total_cost": 213.63600796993683, "time_cost": 69.21600000000001, "final_distance_cost": 1.797017314578366, "oscillation_cost": 68.82273581882255, "completition_cost": 0.0, "overshoot_cost": 50.10513090221473, "power_cost": 12.94674912109375, "noise_cost": 10.748374813227391, "n_waypoints_completed": 9, "tot_waypoints": 9}}
{"target": -271.1954471698186, "params": {"k_pid_pos": [1.7984166145324707, 0.4504866898059845, 1.4901161193847656e-06], "k_pid_alt": [1.7481167316436768, 0.17376184463500977, 0.889911413192749], "k_pid_att": [98.17716217041016, 0.25095704197883606, 0.8623321056365967], "k_pid_yaw": [0.5, 1e-06, 0.1], "k_pid_hsp": [9.532305717468262, 0.9917019009590149, 0.05004116892814636], "k_pid_vsp": [258.321533203125, 355.8976135253906, 99.66759490966797]}, "datetime": {"datetime": "2025-08-20 14:21:59", "elapsed": 8974.324069023132, "delta": 19.95106816291809}, "costs": {"total_cost": 271.1954471698186, "time_cost": 86.48, "final_distance_cost": 1.7192196075357444, "oscillation_cost": 96.31381766209236, "completition_cost": 0.0, "overshoot_cost": 54.466323681678425, "power_cost": 18.24851561279297, "noise_cost": 13.967570605719077, "n_waypoints_completed": 9, "tot_waypoints": 9}}
{"target": -323.5779993085174, "params": {"k_pid_pos": [1.8326112031936646, 0.39849674701690674, 0.9999876618385315], "k_pid_alt": [1.588117003440857, 0.0207996666431427, 0.9928262233734131], "k_pid_att": [95.08995056152344, 1.0510287284851074, 0.908718466758728], "k_pid_yaw": [0.5, 1e-06, 0.1], "k_pid_hsp": [4.298272132873535, 0.9890955686569214, 0.09105780720710754], "k_pid_vsp": [399.9915466308594, 399.118408203125, 53.91154479980469]}, "datetime": {"datetime": "2025-08-20 14:22:17", "elapsed": 8992.00832748413, "delta": 17.684258460998535}, "costs": {"total_cost": 323.5779993085174, "time_cost": 76.696, "final_distance_cost": 1.7990473160471152, "oscillation_cost": 164.21377583177883, "completition_cost": 0.0, "overshoot_cost": 51.24126457588549, "power_cost": 16.44247401123047, "noise_cost": 13.18543757357552, "n_waypoints_completed": 9, "tot_waypoints": 9}}
{"target": -266.2585681875584, "params": {"k_pid_pos": [1.6203532218933105, 0.04698815941810608, 0.0], "k_pid_alt": [0.42644602060317993, 0.41918396949768066, 0.8774667978286743], "k_pid_att": [85.0721435546875, 2.4370105266571045, 0.9905174970626831], "k_pid_yaw": [0.5, 1e-06, 0.1], "k_pid_hsp": [7.676675796508789, 0.9932742118835449, 0.022811144590377808], "k_pid_vsp": [75.13754272460938, 397.0499572753906, 29.40281867980957]}, "datetime": {"datetime": "2025-08-20 14:22:38", "elapsed": 9013.462366580963, "delta": 21.454039096832275}, "costs": {"total_cost": 266.2585681875584, "time_cost": 94.176, "final_distance_cost": 1.7464891861758076, "oscillation_cost": 82.28297665842939, "completition_cost": 0.0, "overshoot_cost": 54.46124312738648, "power_cost": 18.915179455566406, "noise_cost": 14.676679760000303, "n_waypoints_completed": 9, "tot_waypoints": 9}}
{"target": -710.5574423728845, "params": {"k_pid_pos": [1.9735188484191895, 0.18008631467819214, 0.0], "k_pid_alt": [0.18544089794158936, 0.04122862219810486, 0.9871612787246704], "k_pid_att": [99.10725402832031, 0.12985622882843018, 0.9307563900947571], "k_pid_yaw": [0.5, 1e-06, 0.1], "k_pid_hsp": [7.7736005783081055, 0.9593726396560669, 0.11717095971107483], "k_pid_vsp": [400.0, 392.2735290527344, 285.9620361328125]}, "datetime": {"datetime": "2025-08-20 14:23:04", "elapsed": 9038.976558446884, "delta": 25.51419186592102}, "costs": {"total_cost": 710.5574423728845, "time_cost": 150, "final_distance_cost": 69.17986977697373, "oscillation_cost": 177.609028790302, "completition_cost": 222.2222222222222, "overshoot_cost": 52.03489316235413, "power_cost": 23.087797485351565, "noise_cost": 16.423630935680833, "n_waypoints_completed": 7, "tot_waypoints": 9}}
{"target": -336.4056669657604, "params": {"k_pid_pos": [1.9774272441864014, 0.189592182636261, 0.8198082447052002], "k_pid_alt": [0.6049128770828247, 0.028083503246307373, 0.9886133670806885], "k_pid_att": [97.86328125, 1.4532097578048706, 0.8659456968307495], "k_pid_yaw": [0.5, 1e-06, 0.1], "k_pid_hsp": [9.180889129638672, 0.8584831357002258, 0.032656461000442505], "k_pid_vsp": [400.0, 377.2157287597656, 18.363786697387695]}, "datetime": {"datetime": "2025-08-20 14:23:25", "elapsed": 9060.09493970871, "delta": 21.11838126182556}, "costs": {"total_cost": 336.4056669657604, "time_cost": 88.688, "final_distance_cost": 1.8547836996041551, "oscillation_cost": 162.99486568155493, "completition_cost": 0.0, "overshoot_cost": 51.51790772249913, "power_cost": 17.40304365234375, "noise_cost": 13.947066209758452, "n_waypoints_completed": 9, "tot_waypoints": 9}}
{"target": -329.9411351269937, "params": {"k_pid_pos": [1.852743148803711, 0.007850408554077148, 0.0], "k_pid_alt": [0.7727189660072327, 0.02668839693069458, 0.8763313889503479], "k_pid_att": [98.66806030273438, 1.308517336845398, 0.813705563545227], "k_pid_yaw": [0.5, 1e-06, 0.1], "k_pid_hsp": [9.786901473999023, 0.9517148733139038, 0.7711316347122192], "k_pid_vsp": [399.99468994140625, 365.06842041015625, 5.1312336921691895]}, "datetime": {"datetime": "2025-08-20 14:23:44", "elapsed": 9079.263813972473, "delta": 19.168874263763428}, "costs": {"total_cost": 329.9411351269937, "time_cost": 82.952, "final_distance_cost": 1.811757543205599, "oscillation_cost": 157.70815575753377, "completition_cost": 0.0, "overshoot_cost": 55.94078731533596, "power_cost": 17.393937622070315, "noise_cost": 14.134496888848043, "n_waypoints_completed": 9, "tot_waypoints": 9}}
{"target": -366.0677420171686, "params": {"k_pid_pos": [1.98801851272583, 0.034573495388031006, 0.9999905824661255], "k_pid_alt": [0.862632691860199, 0.08887633681297302, 0.9611877202987671], "k_pid_att": [97.94705200195312, 0.28695550560951233, 0.9775565266609192], "k_pid_yaw": [0.5, 1e-06, 0.1], "k_pid_hsp": [9.86255931854248, 0.985832691192627, 0.09339350461959839], "k_pid_vsp": [4.76837158203125e-05, 347.4500427246094, 2.815509796142578]}, "datetime": {"datetime": "2025-08-20 14:24:08", "elapsed": 9103.247319936752, "delta": 23.983505964279175}, "costs": {"total_cost": 366.0677420171686, "time_cost": 86.944, "final_distance_cost": 1.7755257811842158, "oscillation_cost": 190.31498756648267, "completition_cost": 0.0, "overshoot_cost": 53.92933900701685, "power_cost": 19.308936682128905, "noise_cost": 13.794952980355975, "n_waypoints_completed": 9, "tot_waypoints": 9}}
{"target": -722.9904796240908, "params": {"k_pid_pos": [1.9415830373764038, 0.02325299382209778, 0.00018766522407531738], "k_pid_alt": [0.012452960014343262, 0.08767342567443848, 0.3439105749130249], "k_pid_att": [98.07441711425781, 0.06246282160282135, 0.936536967754364], "k_pid_yaw": [0.5, 1e-06, 0.1], "k_pid_hsp": [7.010017395019531, 0.9795958995819092, 0.018991827964782715], "k_pid_vsp": [3.116881847381592, 393.1344909667969, 32.531368255615234]}, "datetime": {"datetime": "2025-08-20 14:24:31", "elapsed": 9126.465311527252, "delta": 23.217991590499878}, "costs": {"total_cost": 722.9904796240908, "time_cost": 150, "final_distance_cost": 65.0416138561707, "oscillation_cost": 80.3566404367775, "completition_cost": 333.33333333333337, "overshoot_cost": 52.407617495933216, "power_cost": 24.461531994628906, "noise_cost": 17.389742507247117, "n_waypoints_completed": 6, "tot_waypoints": 9}}
{"target": -317.0196410281641, "params": {"k_pid_pos": [1.7522512674331665, 0.02690708637237549, 5.960464477539062e-07], "k_pid_alt": [1.8480675220489502, 0.08961981534957886, 0.9167331457138062], "k_pid_att": [82.05621337890625, 0.4790828824043274, 0.9826162457466125], "k_pid_yaw": [0.5, 1e-06, 0.1], "k_pid_hsp": [4.936731338500977, 0.9812780022621155, 0.11990547180175781], "k_pid_vsp": [0.0, 353.6569519042969, 17.17244529724121]}, "datetime": {"datetime": "2025-08-20 14:24:52", "elapsed": 9146.816291809082, "delta": 20.350980281829834}, "costs": {"total_cost": 317.0196410281641, "time_cost": 87.096, "final_distance_cost": 1.7574288920992545, "oscillation_cost": 139.8565629692642, "completition_cost": 0.0, "overshoot_cost": 54.3996840551314, "power_cost": 19.663744946289064, "noise_cost": 14.246220165380153, "n_waypoints_completed": 9, "tot_waypoints": 9}}
{"target": -204.81582849187777, "params": {"k_pid_pos": [1.9039220809936523, 0.38585489988327026, 1.0], "k_pid_alt": [1.891237497329712, 0.0346737802028656, 0.9017826318740845], "k_pid_att": [75.68177032470703, 0.810080885887146, 0.9142757654190063], "k_pid_yaw": [0.5, 1e-06, 0.1], "k_pid_hsp": [8.129229545593262, 0.17390033602714539, 0.01667994260787964], "k_pid_vsp": [390.6567687988281, 390.001953125, 21.043420791625977]}, "datetime": {"datetime": "2025-08-20 14:25:08", "elapsed": 9163.283568382263, "delta": 16.467276573181152}, "costs": {"total_cost": 204.81582849187777, "time_cost": 70.296, "final_distance_cost": 1.8133991377675251, "oscillation_cost": 58.83714870259052, "completition_cost": 0.0, "overshoot_cost": 50.191575534006226, "power_cost": 12.68200673828125, "noise_cost": 10.995698379232223, "n_waypoints_completed": 9, "tot_waypoints": 9}}
{"target": -485.6499493642238, "params": {"k_pid_pos": [1.7048596143722534, 0.012544035911560059, 0.00020548701286315918], "k_pid_alt": [0.2144681215286255, 0.11404138803482056, 0.989545464515686], "k_pid_att": [98.37388610839844, 1.7473024129867554, 0.9789657592773438], "k_pid_yaw": [0.5, 1e-06, 0.1], "k_pid_hsp": [9.011248588562012, 0.9730453491210938, 0.016043871641159058], "k_pid_vsp": [400.0, 374.1192932128906, 53.585479736328125]}, "datetime": {"datetime": "2025-08-20 14:25:31", "elapsed": 9186.418051242828, "delta": 23.134482860565186}, "costs": {"total_cost": 485.6499493642238, "time_cost": 150, "final_distance_cost": 38.54782618209054, "oscillation_cost": 98.07076009109062, "completition_cost": 111.11111111111116, "overshoot_cost": 53.0944814053661, "power_cost": 19.944499438476562, "noise_cost": 14.88127113608886, "n_waypoints_completed": 8, "tot_waypoints": 9}}
{"target": -913.4946740053742, "params": {"k_pid_pos": [1.9591313600540161, 0.14152783155441284, 0.15145111083984375], "k_pid_alt": [0.10461193323135376, 0.03008139133453369, 0.8070695996284485], "k_pid_att": [96.76246643066406, 0.598077654838562, 0.982279896736145], "k_pid_yaw": [0.5, 1e-06, 0.1], "k_pid_hsp": [8.543739318847656, 0.987205982208252, 0.03727644681930542], "k_pid_vsp": [395.0655517578125, 394.0219421386719, 27.843524932861328]}, "datetime": {"datetime": "2025-08-20 14:25:55", "elapsed": 9209.719493150711, "delta": 23.30144190788269}, "costs": {"total_cost": 913.4946740053742, "time_cost": 150, "final_distance_cost": 44.17021234275803, "oscillation_cost": 79.88444121537273, "completition_cost": 555.5555555555555, "overshoot_cost": 48.95727300164039, "power_cost": 19.67549794921875, "noise_cost": 15.251693940828774, "n_waypoints_completed": 4, "tot_waypoints": 9}}
{"target": -570.314427965282, "params": {"k_pid_pos": [1.9266153573989868, 0.2573701739311218, 8.642673492431641e-07], "k_pid_alt": [0.4039003849029541, 0.012453347444534302, 0.9682469367980957], "k_pid_att": [89.49022674560547, 0.7980262637138367, 0.9529601335525513], "k_pid_yaw": [0.5, 1e-06, 0.1], "k_pid_hsp": [9.889974594116211, 0.9917266368865967, 0.20041710138320923], "k_pid_vsp": [399.9870910644531, 383.8814697265625, 3.792966365814209]}, "datetime": {"datetime": "2025-08-20 14:26:18", "elapsed": 9233.193694114685, "delta": 23.474200963974}, "costs": {"total_cost": 570.314427965282, "time_cost": 150, "final_distance_cost": 30.904032048407874, "oscillation_cost": 187.88988725433413, "completition_cost": 111.11111111111116, "overshoot_cost": 53.927365068956874, "power_cost": 20.30053916015625, "noise_cost": 16.181493322315784, "n_waypoints_completed": 8, "tot_waypoints": 9}}
{"target": -648.0289420551802, "params": {"k_pid_pos": [1.7208800315856934, 0.1581549346446991, 3.6150217056274414e-05], "k_pid_alt": [0.3658139705657959, 0.059813469648361206, 0.6597986221313477], "k_pid_att": [95.22657775878906, 0.43947121500968933, 0.9745349287986755], "k_pid_yaw": [0.5, 1e-06, 0.1], "k_pid_hsp": [9.812034606933594, 0.7514937520027161, 0.08277517557144165], "k_pid_vsp": [397.8408203125, 350.00128173828125, 40.69575119018555]}, "datetime": {"datetime": "2025-08-20 14:26:44", "elapsed": 9259.25554394722, "delta": 26.06184983253479}, "costs": {"total_cost": 648.0289420551802, "time_cost": 150, "final_distance_cost": 73.3526674008221, "oscillation_cost": 121.10159434389513, "completition_cost": 222.2222222222222, "overshoot_cost": 44.50876473303571, "power_cost": 20.880590844726562, "noise_cost": 15.96310251047847, "n_waypoints_completed": 7, "tot_waypoints": 9}}
{"target": -546.0325162605887, "params": {"k_pid_pos": [1.9821265935897827, 0.06678158044815063, 7.748603820800781e-07], "k_pid_alt": [1.434126377105713, 0.45067137479782104, 0.7077379822731018], "k_pid_att": [98.74861145019531, 1.6393245458602905, 0.959972620010376], "k_pid_yaw": [0.5, 1e-06, 0.1], "k_pid_hsp": [2.890634775161743, 0.9865866303443909, 0.6391310691833496], "k_pid_vsp": [399.99664306640625, 382.1083679199219, 59.82370376586914]}, "datetime": {"datetime": "2025-08-20 14:27:09", "elapsed": 9284.106791734695, "delta": 24.851247787475586}, "costs": {"total_cost": 546.0325162605887, "time_cost": 150, "final_distance_cost": 31.07491720583014, "oscillation_cost": 155.72880526097708, "completition_cost": 111.11111111111116, "overshoot_cost": 59.95697136396049, "power_cost": 21.967636096191406, "noise_cost": 16.19307522251851, "n_waypoints_completed": 8, "tot_waypoints": 9}}
{"target": -436.7017988035689, "params": {"k_pid_pos": [1.7804975509643555, 0.07992178201675415, 5.984306335449219e-05], "k_pid_alt": [0.8433225154876709, 0.6602241396903992, 0.9584355354309082], "k_pid_att": [92.16307067871094, 0.4379394054412842, 0.969139575958252], "k_pid_yaw": [0.5, 1e-06, 0.1], "k_pid_hsp": [9.387114524841309, 0.5810753107070923, 0.007037132978439331], "k_pid_vsp": [400.0, 391.328369140625, 23.648550033569336]}, "datetime": {"datetime": "2025-08-20 14:27:33", "elapsed": 9307.834843873978, "delta": 23.728052139282227}, "costs": {"total_cost": 436.7017988035689, "time_cost": 150, "final_distance_cost": 2.9766919383853114, "oscillation_cost": 81.58311913400631, "completition_cost": 111.11111111111116, "overshoot_cost": 56.80179313843778, "power_cost": 18.433573913574218, "noise_cost": 15.795509568054172, "n_waypoints_completed": 8, "tot_waypoints": 9}}
{"target": -817.5384377499354, "params": {"k_pid_pos": [1.6950762271881104, 0.10728958249092102, 0.0], "k_pid_alt": [0.05791449546813965, 0.08685946464538574, 0.9267168045043945], "k_pid_att": [98.7183609008789, 0.2728019058704376, 0.9766799211502075], "k_pid_yaw": [0.5, 1e-06, 0.1], "k_pid_hsp": [2.0080296993255615, 0.9532440900802612, 0.15798497200012207], "k_pid_vsp": [399.99993896484375, 387.80780029296875, 44.562137603759766]}, "datetime": {"datetime": "2025-08-20 14:27:57", "elapsed": 9331.794790029526, "delta": 23.959946155548096}, "costs": {"total_cost": 817.5384377499354, "time_cost": 150, "final_distance_cost": 62.18783444648359, "oscillation_cost": 183.0778302375402, "completition_cost": 333.33333333333337, "overshoot_cost": 51.32723606346331, "power_cost": 21.552399523925782, "noise_cost": 16.05980414518912, "n_waypoints_completed": 6, "tot_waypoints": 9}}
{"target": -1370.7851004019294, "params": {"k_pid_pos": [0.9265061020851135, 0.1063171923160553, 0.9851537942886353], "k_pid_alt": [0.05964082479476929, 0.0249386727809906, 0.937308669090271], "k_pid_att": [97.94129943847656, 0.9087708592414856, 0.7263333797454834], "k_pid_yaw": [0.5, 1e-06, 0.1], "k_pid_hsp": [9.334807395935059, 0.9879615306854248, 0.13426387310028076], "k_pid_vsp": [400.0, 360.24664306640625, 102.75465393066406]}, "datetime": {"datetime": "2025-08-20 14:28:20", "elapsed": 9355.310373067856, "delta": 23.515583038330078}, "costs": {"total_cost": 1370.7851004019294, "time_cost": 150, "final_distance_cost": 59.1299799652883, "oscillation_cost": 402.437158383846, "completition_cost": 666.6666666666667, "overshoot_cost": 55.08905190095201, "power_cost": 21.126806188964846, "noise_cost": 16.335437296211698, "n_waypoints_completed": 3, "tot_waypoints": 9}}
{"target": -309.3579174703865, "params": {"k_pid_pos": [1.9676055908203125, 0.1548977494239807, 0.9999110698699951], "k_pid_alt": [1.0619579553604126, 0.6551468372344971, 0.9914711713790894], "k_pid_att": [98.65617370605469, 0.2583795189857483, 0.9787327647209167], "k_pid_yaw": [0.5, 1e-06, 0.1], "k_pid_hsp": [9.137680053710938, 0.9617655277252197, 0.0313546359539032], "k_pid_vsp": [400.0, 352.5589294433594, 7.268644332885742]}, "datetime": {"datetime": "2025-08-20 14:28:39", "elapsed": 9374.094450950623, "delta": 18.784077882766724}, "costs": {"total_cost": 309.3579174703865, "time_cost": 83.336, "final_distance_cost": 1.7792703683826954, "oscillation_cost": 142.37747769869745, "completition_cost": 0.0, "overshoot_cost": 52.45210105730429, "power_cost": 15.88415439453125, "noise_cost": 13.52891395147083, "n_waypoints_completed": 9, "tot_waypoints": 9}}
{"target": -502.28841839735196, "params": {"k_pid_pos": [1.8863399028778076, 0.14552420377731323, 0.0], "k_pid_alt": [0.22175687551498413, 0.03522047400474548, 0.6483504772186279], "k_pid_att": [98.26881408691406, 0.5916603803634644, 0.9309704899787903], "k_pid_yaw": [0.5, 1e-06, 0.1], "k_pid_hsp": [7.093824863433838, 0.9851790070533752, 0.05958908796310425], "k_pid_vsp": [383.859619140625, 386.6974792480469, 7.876266002655029]}, "datetime": {"datetime": "2025-08-20 14:29:06", "elapsed": 9401.051127195358, "delta": 26.956676244735718}, "costs": {"total_cost": 502.28841839735196, "time_cost": 150, "final_distance_cost": 55.219904196241785, "oscillation_cost": 101.35518236658694, "completition_cost": 111.11111111111116, "overshoot_cost": 50.28656889123346, "power_cost": 18.768125561523437, "noise_cost": 15.547526270655245, "n_waypoints_completed": 8, "tot_waypoints": 9}}
{"target": -337.43378483046143, "params": {"k_pid_pos": [1.7582861185073853, 0.49447232484817505, 0.9982849359512329], "k_pid_alt": [0.8206052780151367, 0.019759416580200195, 0.8855612874031067], "k_pid_att": [94.72968292236328, 0.41326600313186646, 0.9500702619552612], "k_pid_yaw": [0.5, 1e-06, 0.1], "k_pid_hsp": [5.040885925292969, 0.9734041094779968, 0.17179542779922485], "k_pid_vsp": [0.0, 387.1547546386719, 26.24715805053711]}, "datetime": {"datetime": "2025-08-20 14:29:25", "elapsed": 9420.174400091171, "delta": 19.12327289581299}, "costs": {"total_cost": 337.43378483046143, "time_cost": 84.2, "final_distance_cost": 1.8409281315869601, "oscillation_cost": 166.51121195763824, "completition_cost": 0.0, "overshoot_cost": 51.07775375401397, "power_cost": 19.07601710205078, "noise_cost": 14.727873885171421, "n_waypoints_completed": 9, "tot_waypoints": 9}}
{"target": -308.4714144077992, "params": {"k_pid_pos": [1.8818637132644653, 0.019107699394226074, 0.0], "k_pid_alt": [1.9193121194839478, 0.011342346668243408, 0.9868526458740234], "k_pid_att": [99.30803680419922, 0.247233584523201, 0.7526291608810425], "k_pid_yaw": [0.5, 1e-06, 0.1], "k_pid_hsp": [5.37898063659668, 0.6448301076889038, 0.23943573236465454], "k_pid_vsp": [400.0, 376.8359375, 56.56855010986328]}, "datetime": {"datetime": "2025-08-20 14:29:43", "elapsed": 9437.776437282562, "delta": 17.60203719139099}, "costs": {"total_cost": 308.4714144077992, "time_cost": 70.504, "final_distance_cost": 1.7591162890027383, "oscillation_cost": 157.30080259755417, "completition_cost": 0.0, "overshoot_cost": 52.277607523035776, "power_cost": 14.824672338867188, "noise_cost": 11.805215659339378, "n_waypoints_completed": 9, "tot_waypoints": 9}}
{"target": -275.87561277312676, "params": {"k_pid_pos": [1.6477265357971191, 0.036323487758636475, 0.00023630261421203613], "k_pid_alt": [1.6854382753372192, 0.11883234977722168, 0.4813735783100128], "k_pid_att": [93.12030792236328, 0.4055115282535553, 0.8126488327980042], "k_pid_yaw": [0.5, 1e-06, 0.1], "k_pid_hsp": [8.040166854858398, 0.9656745195388794, 0.05197891592979431], "k_pid_vsp": [400.0, 376.3871765136719, 8.798039436340332]}, "datetime": {"datetime": "2025-08-20 14:30:08", "elapsed": 9462.748677968979, "delta": 24.972240686416626}, "costs": {"total_cost": 275.87561277312676, "time_cost": 98.048, "final_distance_cost": 1.756071253400057, "oscillation_cost": 91.86072613368695, "completition_cost": 0.0, "overshoot_cost": 51.313669487431824, "power_cost": 17.80709168701172, "noise_cost": 15.090054211596229, "n_waypoints_completed": 9, "tot_waypoints": 9}}
{"target": -254.3688657137705, "params": {"k_pid_pos": [1.4695608615875244, 0.08339151740074158, 0.0], "k_pid_alt": [1.902662992477417, 0.07228827476501465, 0.974280834197998], "k_pid_att": [87.58358001708984, 0.8657850623130798, 0.843822717666626], "k_pid_yaw": [0.5, 1e-06, 0.1], "k_pid_hsp": [9.423189163208008, 0.9230668544769287, 0.027315229177474976], "k_pid_vsp": [4.38309907913208, 382.6608581542969, 128.998779296875]}, "datetime": {"datetime": "2025-08-20 14:30:27", "elapsed": 9482.000071763992, "delta": 19.251393795013428}, "costs": {"total_cost": 254.3688657137705, "time_cost": 86.048, "final_distance_cost": 1.7731734524389353, "oscillation_cost": 76.00943087132762, "completition_cost": 0.0, "overshoot_cost": 54.52307879054791, "power_cost": 20.636382177734376, "noise_cost": 15.378800421721609, "n_waypoints_completed": 9, "tot_waypoints": 9}}
