{"target": -231.54638316435774, "params": {"k_pid_pos": [1.9327976703643799, 0.021716415882110596, 0.0], "k_pid_alt": [1.9620097875595093, 0.08256199955940247, 0.9926120042800903], "k_pid_att": [99.1524658203125, 0.4256192445755005, 0.9772400856018066], "k_pid_yaw": [0.5, 1e-06, 0.1], "k_pid_hsp": [9.901129722595215, 0.9990784525871277, 0.010551810264587402], "k_pid_vsp": [400.0, 375.4661865234375, 6.949532985687256]}, "datetime": {"datetime": "2025-08-20 23:09:27", "elapsed": 40622.09727668762, "delta": 20.952017784118652}, "costs": {"total_cost": 231.54638316435774, "time_cost": 82.28, "final_distance_cost": 1.7527439286932136, "oscillation_cost": 67.18668929484377, "completition_cost": 0.0, "overshoot_cost": 51.679454820445414, "power_cost": 15.34668115234375, "noise_cost": 13.300813968031564, "n_waypoints_completed": 9, "tot_waypoints": 9}}
{"target": -211.40300758967206, "params": {"k_pid_pos": [1.944395899772644, 0.02435329556465149, 0.0], "k_pid_alt": [1.9722802639007568, 0.02155005931854248, 0.9964283108711243], "k_pid_att": [98.93669128417969, 0.4129024147987366, 0.9937021732330322], "k_pid_yaw": [0.5, 1e-06, 0.1], "k_pid_hsp": [9.836816787719727, 0.9295828342437744, 0.008151888847351074], "k_pid_vsp": [400.0, 388.0834045410156, 1.7341980934143066]}, "datetime": {"datetime": "2025-08-20 23:09:42", "elapsed": 40636.92884397507, "delta": 14.831567287445068}, "costs": {"total_cost": 211.40300758967206, "time_cost": 69.808, "final_distance_cost": 1.7708230958284508, "oscillation_cost": 64.42652260163621, "completition_cost": 0.0, "overshoot_cost": 50.601831091108, "power_cost": 13.23232537841797, "noise_cost": 11.563505422681418, "n_waypoints_completed": 9, "tot_waypoints": 9}}
{"target": -216.46276618615943, "params": {"k_pid_pos": [1.946462869644165, 0.05856209993362427, 0.05210685729980469], "k_pid_alt": [1.7614244222640991, 0.005458533763885498, 0.996012806892395], "k_pid_att": [98.60877990722656, 0.04853574186563492, 0.9902312755584717], "k_pid_yaw": [0.5, 1e-06, 0.1], "k_pid_hsp": [9.724660873413086, 0.986038088798523, 0.017637670040130615], "k_pid_vsp": [400.0, 383.6075439453125, 13.72643756866455]}, "datetime": {"datetime": "2025-08-20 23:09:59", "elapsed": 40654.23181653023, "delta": 17.302972555160522}, "costs": {"total_cost": 216.46276618615943, "time_cost": 70.144, "final_distance_cost": 1.7633841588786414, "oscillation_cost": 70.75380952212886, "completition_cost": 0.0, "overshoot_cost": 50.23748980696891, "power_cost": 12.8981759765625, "noise_cost": 10.665906721620525, "n_waypoints_completed": 9, "tot_waypoints": 9}}
{"target": -238.53192150679953, "params": {"k_pid_pos": [1.9417009353637695, 0.0412670373916626, 0.00027698278427124023], "k_pid_alt": [1.8756818771362305, 0.0024007558822631836, 0.974759042263031], "k_pid_att": [98.74422454833984, 0.18792517483234406, 0.9768204092979431], "k_pid_yaw": [0.5, 1e-06, 0.1], "k_pid_hsp": [9.70621395111084, 0.9504549503326416, 0.10297974944114685], "k_pid_vsp": [400.0, 371.20819091796875, 2.4208197593688965]}, "datetime": {"datetime": "2025-08-20 23:10:15", "elapsed": 40669.768028736115, "delta": 15.53621220588684}, "costs": {"total_cost": 238.53192150679953, "time_cost": 70.416, "final_distance_cost": 1.7344923643638457, "oscillation_cost": 90.16893772876382, "completition_cost": 0.0, "overshoot_cost": 50.043200155015825, "power_cost": 14.099573352050783, "noise_cost": 12.069717906605275, "n_waypoints_completed": 9, "tot_waypoints": 9}}
{"target": -211.8963772716849, "params": {"k_pid_pos": [1.9537280797958374, 0.06107810139656067, 0.0], "k_pid_alt": [1.9967646598815918, 0.008765220642089844, 0.9696187973022461], "k_pid_att": [98.80455780029297, 0.04339280724525452, 0.9622010588645935], "k_pid_yaw": [0.5, 1e-06, 0.1], "k_pid_hsp": [9.95950984954834, 0.9949802160263062, 0.020699769258499146], "k_pid_vsp": [400.0, 396.6214904785156, 11.587346076965332]}, "datetime": {"datetime": "2025-08-20 23:10:30", "elapsed": 40685.120933532715, "delta": 15.352904796600342}, "costs": {"total_cost": 211.8963772716849, "time_cost": 69.848, "final_distance_cost": 1.759151228488508, "oscillation_cost": 62.41756899505003, "completition_cost": 0.0, "overshoot_cost": 50.2169511846404, "power_cost": 15.357911669921876, "noise_cost": 12.296794193584105, "n_waypoints_completed": 9, "tot_waypoints": 9}}
{"target": -218.69291082261685, "params": {"k_pid_pos": [1.9063085317611694, 0.021332651376724243, 0.9999675154685974], "k_pid_alt": [1.9521293640136719, 0.01637369394302368, 0.9746615886688232], "k_pid_att": [98.5399398803711, 0.177484929561615, 0.8783975839614868], "k_pid_yaw": [0.5, 1e-06, 0.1], "k_pid_hsp": [8.818077087402344, 0.9695707559585571, 0.004882991313934326], "k_pid_vsp": [400.0, 331.95184326171875, 7.1499834060668945]}, "datetime": {"datetime": "2025-08-20 23:10:47", "elapsed": 40701.80174994469, "delta": 16.680816411972046}, "costs": {"total_cost": 218.69291082261685, "time_cost": 69.856, "final_distance_cost": 1.846224516079534, "oscillation_cost": 72.3310012394899, "completition_cost": 0.0, "overshoot_cost": 49.75266212403516, "power_cost": 12.896996997070314, "noise_cost": 12.010025945941933, "n_waypoints_completed": 9, "tot_waypoints": 9}}
{"target": -270.14602376494935, "params": {"k_pid_pos": [1.852891206741333, 0.007898181676864624, 0.8765671253204346], "k_pid_alt": [1.889648675918579, 0.09421008825302124, 0.9806174039840698], "k_pid_att": [98.59127807617188, 0.06146594509482384, 0.9442720413208008], "k_pid_yaw": [0.5, 1e-06, 0.1], "k_pid_hsp": [9.650961875915527, 0.9490565061569214, 0.02653568983078003], "k_pid_vsp": [400.0, 394.7873229980469, 7.407642364501953]}, "datetime": {"datetime": "2025-08-20 23:11:06", "elapsed": 40721.25279855728, "delta": 19.451048612594604}, "costs": {"total_cost": 270.14602376494935, "time_cost": 83.592, "final_distance_cost": 1.8160397883767994, "oscillation_cost": 105.0704933189011, "completition_cost": 0.0, "overshoot_cost": 50.79928153484567, "power_cost": 15.323867504882813, "noise_cost": 13.544341617942987, "n_waypoints_completed": 9, "tot_waypoints": 9}}
{"target": -273.20527198503135, "params": {"k_pid_pos": [1.9775694608688354, 0.04888021945953369, 0.0025028586387634277], "k_pid_alt": [1.9683613777160645, 0.11916685104370117, 0.9887729287147522], "k_pid_att": [97.45794677734375, 0.0821998119354248, 0.9783341884613037], "k_pid_yaw": [0.5, 1e-06, 0.1], "k_pid_hsp": [9.163411140441895, 0.9699472188949585, 0.01701083779335022], "k_pid_vsp": [400.0, 387.33349609375, 6.786526203155518]}, "datetime": {"datetime": "2025-08-20 23:11:28", "elapsed": 40742.94474053383, "delta": 21.69194197654724}, "costs": {"total_cost": 273.20527198503135, "time_cost": 99.32000000000001, "final_distance_cost": 1.767596736594003, "oscillation_cost": 86.05413756980191, "completition_cost": 0.0, "overshoot_cost": 52.35599927428113, "power_cost": 18.152577185058593, "noise_cost": 15.554961219295727, "n_waypoints_completed": 9, "tot_waypoints": 9}}
{"target": -233.58591569519876, "params": {"k_pid_pos": [1.9161735773086548, 0.055374979972839355, 0.9998868107795715], "k_pid_alt": [1.9685226678848267, 0.05214899778366089, 0.9718184471130371], "k_pid_att": [98.53439331054688, 0.06100580096244812, 0.9804897904396057], "k_pid_yaw": [0.5, 1e-06, 0.1], "k_pid_hsp": [9.771431922912598, 0.9979372024536133, 0.01571139693260193], "k_pid_vsp": [400.0, 399.0048828125, 14.665759086608887]}, "datetime": {"datetime": "2025-08-20 23:11:46", "elapsed": 40760.6780269146, "delta": 17.733286380767822}, "costs": {"total_cost": 233.58591569519876, "time_cost": 69.904, "final_distance_cost": 1.850298933497258, "oscillation_cost": 85.10921332760581, "completition_cost": 0.0, "overshoot_cost": 50.18200160917144, "power_cost": 14.156057580566406, "noise_cost": 12.38434424435787, "n_waypoints_completed": 9, "tot_waypoints": 9}}
{"target": -222.31031579609214, "params": {"k_pid_pos": [1.8597288131713867, 0.008585304021835327, 0.0], "k_pid_alt": [1.9269766807556152, 0.029683798551559448, 0.9554200172424316], "k_pid_att": [96.9575424194336, 0.6417703628540039, 0.9599480032920837], "k_pid_yaw": [0.5, 1e-06, 0.1], "k_pid_hsp": [9.407773971557617, 0.9976128339767456, 0.02479708194732666], "k_pid_vsp": [399.99908447265625, 396.6595764160156, 0.9165177941322327]}, "datetime": {"datetime": "2025-08-20 23:12:01", "elapsed": 40776.292075634, "delta": 15.614048719406128}, "costs": {"total_cost": 222.31031579609214, "time_cost": 69.4, "final_distance_cost": 1.730861272938323, "oscillation_cost": 76.50279084594068, "completition_cost": 0.0, "overshoot_cost": 50.30978543075463, "power_cost": 12.906282275390625, "noise_cost": 11.460595971067873, "n_waypoints_completed": 9, "tot_waypoints": 9}}
{"target": -215.16697893549983, "params": {"k_pid_pos": [1.9724936485290527, 0.1036851704120636, 0.0], "k_pid_alt": [1.8368244171142578, 0.02531200647354126, 0.9944976568222046], "k_pid_att": [97.76346588134766, 0.14085614681243896, 0.9838905334472656], "k_pid_yaw": [0.5, 1e-06, 0.1], "k_pid_hsp": [8.327006340026855, 0.9815958738327026, 0.028488337993621826], "k_pid_vsp": [400.0, 392.1939697265625, 13.926447868347168]}, "datetime": {"datetime": "2025-08-20 23:12:16", "elapsed": 40791.31354141235, "delta": 15.02146577835083}, "costs": {"total_cost": 215.16697893549983, "time_cost": 70.024, "final_distance_cost": 1.751310784199886, "oscillation_cost": 70.24827984705074, "completition_cost": 0.0, "overshoot_cost": 50.958138927440224, "power_cost": 11.87160535888672, "noise_cost": 10.313644017922282, "n_waypoints_completed": 9, "tot_waypoints": 9}}
{"target": -271.27066285073477, "params": {"k_pid_pos": [1.931757926940918, 0.02468162775039673, 0.0], "k_pid_alt": [1.9500210285186768, 0.09251749515533447, 0.998380720615387], "k_pid_att": [97.23591613769531, 0.12069568037986755, 0.9747114777565002], "k_pid_yaw": [0.5, 1e-06, 0.1], "k_pid_hsp": [9.950230598449707, 0.9977544546127319, 0.055143892765045166], "k_pid_vsp": [400.0, 394.3880920410156, 4.7674784660339355]}, "datetime": {"datetime": "2025-08-20 23:12:39", "elapsed": 40814.45404958725, "delta": 23.14050817489624}, "costs": {"total_cost": 271.27066285073477, "time_cost": 95.744, "final_distance_cost": 1.7922046591842404, "oscillation_cost": 88.9200078242989, "completition_cost": 0.0, "overshoot_cost": 52.062328798953935, "power_cost": 17.59339443359375, "noise_cost": 15.158727134703954, "n_waypoints_completed": 9, "tot_waypoints": 9}}
{"target": -216.0348715588254, "params": {"k_pid_pos": [1.9779709577560425, 0.024541914463043213, 0.0], "k_pid_alt": [1.9373266696929932, 0.02410656213760376, 0.9743121266365051], "k_pid_att": [95.63363647460938, 0.10038470476865768, 0.9947729706764221], "k_pid_yaw": [0.5, 1e-06, 0.1], "k_pid_hsp": [9.770029067993164, 0.9744350910186768, 0.04790151119232178], "k_pid_vsp": [379.376708984375, 395.36700439453125, 4.458619117736816]}, "datetime": {"datetime": "2025-08-20 23:12:55", "elapsed": 40830.15063047409, "delta": 15.69658088684082}, "costs": {"total_cost": 216.0348715588254, "time_cost": 69.47200000000001, "final_distance_cost": 1.7420870993215458, "oscillation_cost": 69.54049195780844, "completition_cost": 0.0, "overshoot_cost": 50.61505994308791, "power_cost": 13.12707138671875, "noise_cost": 11.538161171888738, "n_waypoints_completed": 9, "tot_waypoints": 9}}
{"target": -295.2249339355788, "params": {"k_pid_pos": [1.9766693115234375, 0.012972414493560791, 0.9999959468841553], "k_pid_alt": [1.9179096221923828, 0.05330285429954529, 0.9509955048561096], "k_pid_att": [94.27784729003906, 0.11325649917125702, 0.9907865524291992], "k_pid_yaw": [0.5, 1e-06, 0.1], "k_pid_hsp": [9.959662437438965, 0.9966403245925903, 0.04342371225357056], "k_pid_vsp": [400.0, 393.3138122558594, 4.026914596557617]}, "datetime": {"datetime": "2025-08-20 23:13:13", "elapsed": 40847.81380319595, "delta": 17.663172721862793}, "costs": {"total_cost": 295.2249339355788, "time_cost": 75.336, "final_distance_cost": 1.8390491412052925, "oscillation_cost": 139.93546534995897, "completition_cost": 0.0, "overshoot_cost": 50.45821874068187, "power_cost": 14.577883605957032, "noise_cost": 13.078317097775606, "n_waypoints_completed": 9, "tot_waypoints": 9}}
{"target": -224.67466116968757, "params": {"k_pid_pos": [1.9666595458984375, 0.014154821634292603, 1.6689300537109375e-06], "k_pid_alt": [1.8997368812561035, 0.05002143979072571, 0.9810738563537598], "k_pid_att": [98.74161529541016, 0.08158707618713379, 0.8817696571350098], "k_pid_yaw": [0.5, 1e-06, 0.1], "k_pid_hsp": [9.750140190124512, 0.9830606579780579, 0.038394033908843994], "k_pid_vsp": [400.0, 370.215087890625, 37.72809600830078]}, "datetime": {"datetime": "2025-08-20 23:13:28", "elapsed": 40863.44608426094, "delta": 15.632281064987183}, "costs": {"total_cost": 224.67466116968757, "time_cost": 69.34400000000001, "final_distance_cost": 1.7909971002019078, "oscillation_cost": 74.84338496163562, "completition_cost": 0.0, "overshoot_cost": 50.75012585992474, "power_cost": 15.708002478027344, "noise_cost": 12.238150769897974, "n_waypoints_completed": 9, "tot_waypoints": 9}}
{"target": -220.8327186270992, "params": {"k_pid_pos": [1.9072999954223633, 0.03451099991798401, 0.0], "k_pid_alt": [1.8916473388671875, 0.008450984954833984, 0.9859857559204102], "k_pid_att": [93.68106842041016, 0.18934524059295654, 0.9967333078384399], "k_pid_yaw": [0.5, 1e-06, 0.1], "k_pid_hsp": [9.52138900756836, 0.9951300621032715, 0.019814223051071167], "k_pid_vsp": [400.0, 390.3536682128906, 1.2313971519470215]}, "datetime": {"datetime": "2025-08-20 23:13:47", "elapsed": 40881.62200808525, "delta": 18.175923824310303}, "costs": {"total_cost": 220.8327186270992, "time_cost": 69.984, "final_distance_cost": 1.7812864526449532, "oscillation_cost": 74.33383162138121, "completition_cost": 0.0, "overshoot_cost": 50.18782710444157, "power_cost": 13.041479479980469, "noise_cost": 11.504293968651027, "n_waypoints_completed": 9, "tot_waypoints": 9}}
{"target": -291.8537228208138, "params": {"k_pid_pos": [1.974105954170227, 0.013979136943817139, 0.0], "k_pid_alt": [1.8881224393844604, 0.003813415765762329, 0.9943006038665771], "k_pid_att": [94.87354278564453, 0.13596564531326294, 0.9987713098526001], "k_pid_yaw": [0.5, 1e-06, 0.1], "k_pid_hsp": [9.747967720031738, 0.9940185546875, 0.2378537952899933], "k_pid_vsp": [0.20673274993896484, 394.05950927734375, 11.828339576721191]}, "datetime": {"datetime": "2025-08-20 23:14:02", "elapsed": 40896.82439041138, "delta": 15.202382326126099}, "costs": {"total_cost": 291.8537228208138, "time_cost": 71.496, "final_distance_cost": 1.7828854320214327, "oscillation_cost": 140.3140884403061, "completition_cost": 0.0, "overshoot_cost": 50.44650957303977, "power_cost": 16.123039233398437, "noise_cost": 11.69120014204807, "n_waypoints_completed": 9, "tot_waypoints": 9}}
{"target": -259.13361639543126, "params": {"k_pid_pos": [1.8994354009628296, 0.023692429065704346, 0.0], "k_pid_alt": [1.9770712852478027, 0.09206914901733398, 0.9533365964889526], "k_pid_att": [99.50767517089844, 0.23390910029411316, 0.9866836071014404], "k_pid_yaw": [0.5, 1e-06, 0.1], "k_pid_hsp": [9.895362854003906, 0.9172274470329285, 0.014762252569198608], "k_pid_vsp": [400.0, 388.8642883300781, 8.883358001708984]}, "datetime": {"datetime": "2025-08-20 23:14:23", "elapsed": 40918.47352218628, "delta": 21.649131774902344}, "costs": {"total_cost": 259.13361639543126, "time_cost": 85.08, "final_distance_cost": 1.8096463665396036, "oscillation_cost": 91.14068434487196, "completition_cost": 0.0, "overshoot_cost": 51.5172821777715, "power_cost": 16.005310424804687, "noise_cost": 13.580693081443481, "n_waypoints_completed": 9, "tot_waypoints": 9}}
{"target": -306.92995598784233, "params": {"k_pid_pos": [1.9079302549362183, 0.11379542946815491, 0.6146795749664307], "k_pid_alt": [1.9844386577606201, 0.02415737509727478, 0.9685540795326233], "k_pid_att": [98.84388732910156, 0.18471728265285492, 0.936851978302002], "k_pid_yaw": [0.5, 1e-06, 0.1], "k_pid_hsp": [9.846017837524414, 0.9821026921272278, 0.0818091630935669], "k_pid_vsp": [400.0, 393.7135925292969, 8.009875297546387]}, "datetime": {"datetime": "2025-08-20 23:14:39", "elapsed": 40934.43969607353, "delta": 15.966173887252808}, "costs": {"total_cost": 306.92995598784233, "time_cost": 73.096, "final_distance_cost": 1.8009414227030756, "oscillation_cost": 153.2196284398805, "completition_cost": 0.0, "overshoot_cost": 51.378334127134586, "power_cost": 14.782568188476564, "noise_cost": 12.652483809647645, "n_waypoints_completed": 9, "tot_waypoints": 9}}
{"target": -252.1594329998092, "params": {"k_pid_pos": [1.988319754600525, 0.022126436233520508, 0.9937958121299744], "k_pid_alt": [1.8991550207138062, 0.032874852418899536, 0.9549965858459473], "k_pid_att": [99.56596374511719, 0.42834702134132385, 0.9963650703430176], "k_pid_yaw": [0.5, 1e-06, 0.1], "k_pid_hsp": [9.843438148498535, 0.9914584159851074, 0.03407609462738037], "k_pid_vsp": [400.0, 398.30194091796875, 9.727038383483887]}, "datetime": {"datetime": "2025-08-20 23:14:56", "elapsed": 40951.44242095947, "delta": 17.00272488594055}, "costs": {"total_cost": 252.1594329998092, "time_cost": 69.744, "final_distance_cost": 1.8519668058747691, "oscillation_cost": 104.91193457677487, "completition_cost": 0.0, "overshoot_cost": 50.047860978108694, "power_cost": 13.482223681640626, "noise_cost": 12.121446957410257, "n_waypoints_completed": 9, "tot_waypoints": 9}}
{"target": -208.84758769120464, "params": {"k_pid_pos": [1.9936596155166626, 0.026865869760513306, 1.8775463104248047e-06], "k_pid_alt": [1.9720100164413452, 0.019338279962539673, 0.8567600250244141], "k_pid_att": [94.48059844970703, 0.8822354674339294, 0.9875721335411072], "k_pid_yaw": [0.5, 1e-06, 0.1], "k_pid_hsp": [9.900845527648926, 0.9807369709014893, 0.01404041051864624], "k_pid_vsp": [399.99951171875, 395.1298522949219, 48.040794372558594]}, "datetime": {"datetime": "2025-08-20 23:15:12", "elapsed": 40967.02174329758, "delta": 15.579322338104248}, "costs": {"total_cost": 208.84758769120464, "time_cost": 69.44, "final_distance_cost": 1.759435557664668, "oscillation_cost": 63.14269114936873, "completition_cost": 0.0, "overshoot_cost": 50.8389045582633, "power_cost": 13.025341772460939, "noise_cost": 10.641214653447019, "n_waypoints_completed": 9, "tot_waypoints": 9}}
{"target": -209.36772153034156, "params": {"k_pid_pos": [1.8660677671432495, 0.01580888032913208, 0.0], "k_pid_alt": [1.9763460159301758, 0.029894649982452393, 0.7744973301887512], "k_pid_att": [82.07208251953125, 0.13148431479930878, 0.9861668348312378], "k_pid_yaw": [0.5, 1e-06, 0.1], "k_pid_hsp": [9.972519874572754, 0.9909276962280273, 0.007012993097305298], "k_pid_vsp": [400.0, 393.4904479980469, 5.268479347229004]}, "datetime": {"datetime": "2025-08-20 23:15:28", "elapsed": 40983.332359313965, "delta": 16.31061601638794}, "costs": {"total_cost": 209.36772153034156, "time_cost": 69.416, "final_distance_cost": 1.7298684825661599, "oscillation_cost": 63.84474967503677, "completition_cost": 0.0, "overshoot_cost": 50.07193304354301, "power_cost": 12.878469201660156, "noise_cost": 11.42670112753547, "n_waypoints_completed": 9, "tot_waypoints": 9}}
{"target": -218.9157065401683, "params": {"k_pid_pos": [1.9912824630737305, 0.03869321942329407, 0.0], "k_pid_alt": [1.949540376663208, 0.0010012388229370117, 0.7377673387527466], "k_pid_att": [98.17854309082031, 0.11711407452821732, 0.9869797229766846], "k_pid_yaw": [0.5, 1e-06, 0.1], "k_pid_hsp": [9.93506145477295, 0.9819939136505127, 0.013576716184616089], "k_pid_vsp": [400.0, 386.5078430175781, 10.916604042053223]}, "datetime": {"datetime": "2025-08-20 23:15:44", "elapsed": 40999.10199570656, "delta": 15.769636392593384}, "costs": {"total_cost": 218.9157065401683, "time_cost": 69.944, "final_distance_cost": 1.772119289179955, "oscillation_cost": 67.0900709101169, "completition_cost": 0.0, "overshoot_cost": 50.63567086393731, "power_cost": 16.608844934082033, "noise_cost": 12.86500054285208, "n_waypoints_completed": 9, "tot_waypoints": 9}}
{"target": -207.81580450051425, "params": {"k_pid_pos": [1.9477698802947998, 0.03514379262924194, 0.0], "k_pid_alt": [1.9897551536560059, 0.013160914182662964, 0.9523383378982544], "k_pid_att": [95.625732421875, 0.11911974847316742, 0.9691945314407349], "k_pid_yaw": [0.5, 1e-06, 0.1], "k_pid_hsp": [9.37427043914795, 0.9551539421081543, 0.006434917449951172], "k_pid_vsp": [399.997802734375, 395.0902099609375, 11.611044883728027]}, "datetime": {"datetime": "2025-08-20 23:16:01", "elapsed": 41015.64615273476, "delta": 16.544157028198242}, "costs": {"total_cost": 207.81580450051425, "time_cost": 69.784, "final_distance_cost": 1.7329281985288583, "oscillation_cost": 56.94468563654728, "completition_cost": 0.0, "overshoot_cost": 50.18282992559578, "power_cost": 16.554454187011718, "noise_cost": 12.61690655283058, "n_waypoints_completed": 9, "tot_waypoints": 9}}
{"target": -206.49667547401182, "params": {"k_pid_pos": [1.7791682481765747, 0.041802287101745605, 0.0], "k_pid_alt": [1.9783326387405396, 0.031701624393463135, 0.9528751373291016], "k_pid_att": [98.53510284423828, 0.1596674919128418, 0.9753990173339844], "k_pid_yaw": [0.5, 1e-06, 0.1], "k_pid_hsp": [9.967382431030273, 0.989391028881073, 0.01465258002281189], "k_pid_vsp": [399.92791748046875, 384.32757568359375, 6.463004112243652]}, "datetime": {"datetime": "2025-08-20 23:16:17", "elapsed": 41031.50156855583, "delta": 15.85541582107544}, "costs": {"total_cost": 206.49667547401182, "time_cost": 69.552, "final_distance_cost": 1.7469160385031615, "oscillation_cost": 60.90649262491707, "completition_cost": 0.0, "overshoot_cost": 49.91931157884677, "power_cost": 12.946332885742189, "noise_cost": 11.425622346002644, "n_waypoints_completed": 9, "tot_waypoints": 9}}
