{"target": -1488.3019914761587, "params": {"k_pid_pos": [0.10994759947061539, 0.12312039732933044, 0.9999983310699463], "k_pid_alt": [1.9644603729248047, 0.7001305818557739, 0.5139514803886414], "k_pid_att": [80.42941284179688, 6.186649799346924, 0.7050755023956299], "k_pid_yaw": [0.5, 1e-06, 0.1], "k_pid_hsp": [9.407822608947754, 0.3084813356399536, 0.2875528335571289], "k_pid_vsp": [400.0, 67.20466613769531, 395.2596130371094]}, "datetime": {"datetime": "2025-08-20 12:02:40", "elapsed": 614.8253364562988, "delta": 22.984694004058838}, "costs": {"total_cost": 1488.3019914761587, "time_cost": 150, "final_distance_cost": 86.63478180188811, "oscillation_cost": 387.7925827700648, "completition_cost": 777.7777777777778, "overshoot_cost": 50.510873876826736, "power_cost": 19.782594165039065, "noise_cost": 15.803381084562364, "n_waypoints_completed": 2, "tot_waypoints": 9}}
{"target": -695.9440717795397, "params": {"k_pid_pos": [1.6155887842178345, 0.6734775304794312, 0.7525378465652466], "k_pid_alt": [0.2602348327636719, 0.34169700741767883, 0.4117555320262909], "k_pid_att": [26.662099838256836, 6.0813093185424805, 0.36092931032180786], "k_pid_yaw": [0.5, 1e-06, 0.1], "k_pid_hsp": [9.302796363830566, 0.47359466552734375, 0.46185559034347534], "k_pid_vsp": [1.1920928955078125e-05, 28.413869857788086, 7.059587001800537]}, "datetime": {"datetime": "2025-08-20 12:03:02", "elapsed": 636.7594978809357, "delta": 21.93416142463684}, "costs": {"total_cost": 695.9440717795397, "time_cost": 150, "final_distance_cost": 51.97678811986951, "oscillation_cost": 287.3601618594976, "completition_cost": 111.11111111111116, "overshoot_cost": 56.980624840342884, "power_cost": 19.57532664794922, "noise_cost": 18.94005920076942, "n_waypoints_completed": 8, "tot_waypoints": 9}}
{"target": -1045.002593011245, "params": {"k_pid_pos": [1.9477641582489014, 0.5736569166183472, 0.0006493628025054932], "k_pid_alt": [0.58513343334198, 0.7519768476486206, 0.12560278177261353], "k_pid_att": [26.17081642150879, 6.870006561279297, 0.8357776999473572], "k_pid_yaw": [0.5, 1e-06, 0.1], "k_pid_hsp": [4.850420951843262, 0.5620260834693909, 0.4898848235607147], "k_pid_vsp": [400.0, 296.6021423339844, 391.7801513671875]}, "datetime": {"datetime": "2025-08-20 12:03:24", "elapsed": 658.7779049873352, "delta": 22.018407106399536}, "costs": {"total_cost": 1045.002593011245, "time_cost": 150, "final_distance_cost": 57.02419286429786, "oscillation_cost": 187.94597789522638, "completition_cost": 555.5555555555555, "overshoot_cost": 56.13099343991722, "power_cost": 21.55251765136719, "noise_cost": 16.793355604880922, "n_waypoints_completed": 4, "tot_waypoints": 9}}
{"target": -1471.906950635646, "params": {"k_pid_pos": [1.5563220977783203, 0.8690239191055298, 0.0843130350112915], "k_pid_alt": [1.0080708265304565, 0.8812218308448792, 0.023770242929458618], "k_pid_att": [53.29299545288086, 6.00511360168457, 0.3354756534099579], "k_pid_yaw": [0.5, 1e-06, 0.1], "k_pid_hsp": [9.482870101928711, 0.5672551393508911, 0.45013880729675293], "k_pid_vsp": [9.5367431640625e-05, 84.81438446044922, 87.04425048828125]}, "datetime": {"datetime": "2025-08-20 12:03:46", "elapsed": 680.8979353904724, "delta": 22.120030403137207}, "costs": {"total_cost": 1471.906950635646, "time_cost": 150, "final_distance_cost": 11.567432804510323, "oscillation_cost": 85.55416805157881, "completition_cost": 1000.0, "overshoot_cost": 137.722122859814, "power_cost": 20.966831604003907, "noise_cost": 66.09639531573906, "n_waypoints_completed": 0, "tot_waypoints": 9}}
{"target": -1162.7822854606336, "params": {"k_pid_pos": [0.17786464095115662, 0.5235162973403931, 0.0032161176204681396], "k_pid_alt": [1.9145021438598633, 0.21173712611198425, 0.026083678007125854], "k_pid_att": [98.10506439208984, 9.696261405944824, 0.6013996601104736], "k_pid_yaw": [0.5, 1e-06, 0.1], "k_pid_hsp": [9.763134002685547, 0.441940039396286, 0.6960256099700928], "k_pid_vsp": [279.5981750488281, 381.36474609375, 180.2196807861328]}, "datetime": {"datetime": "2025-08-20 12:04:08", "elapsed": 702.8304359912872, "delta": 21.93250060081482}, "costs": {"total_cost": 1162.7822854606336, "time_cost": 150, "final_distance_cost": 51.09066849970245, "oscillation_cost": 216.18423450086985, "completition_cost": 666.6666666666667, "overshoot_cost": 40.86213643451767, "power_cost": 21.619706872558595, "noise_cost": 16.358872486318123, "n_waypoints_completed": 3, "tot_waypoints": 9}}
{"target": -1151.0236256820328, "params": {"k_pid_pos": [0.5178313255310059, 0.8293020725250244, 0.9909154176712036], "k_pid_alt": [1.796374797821045, 0.10551157593727112, 0.12973946332931519], "k_pid_att": [92.09081268310547, 1.372979998588562, 0.08614957332611084], "k_pid_yaw": [0.5, 1e-06, 0.1], "k_pid_hsp": [9.902721405029297, 0.4118533134460449, 0.6431187391281128], "k_pid_vsp": [400.0, 13.981534004211426, 294.8106689453125]}, "datetime": {"datetime": "2025-08-20 12:04:30", "elapsed": 724.5648975372314, "delta": 21.734461545944214}, "costs": {"total_cost": 1151.0236256820328, "time_cost": 150, "final_distance_cost": 42.15845768256549, "oscillation_cost": 318.16593133269294, "completition_cost": 555.5555555555555, "overshoot_cost": 45.564043702549455, "power_cost": 22.707634057617188, "noise_cost": 16.872003351052214, "n_waypoints_completed": 4, "tot_waypoints": 9}}
{"target": -1139.0379303687564, "params": {"k_pid_pos": [1.8488370180130005, 0.7349631786346436, 0.7681036591529846], "k_pid_alt": [1.3029546737670898, 0.8416739702224731, 0.1236279308795929], "k_pid_att": [92.30337524414062, 2.1142876148223877, 0.08554807305335999], "k_pid_yaw": [0.5, 1e-06, 0.1], "k_pid_hsp": [2.8902652263641357, 0.3150273561477661, 0.695499062538147], "k_pid_vsp": [150.73570251464844, 212.73252868652344, 221.37789916992188]}, "datetime": {"datetime": "2025-08-20 12:04:52", "elapsed": 746.6990437507629, "delta": 22.134146213531494}, "costs": {"total_cost": 1139.0379303687564, "time_cost": 150, "final_distance_cost": 55.49304164621646, "oscillation_cost": 163.62932401662965, "completition_cost": 666.6666666666667, "overshoot_cost": 60.594961568191536, "power_cost": 24.714295556640625, "noise_cost": 17.939640914411402, "n_waypoints_completed": 3, "tot_waypoints": 9}}
{"target": -1028.5241395985386, "params": {"k_pid_pos": [1.1287615299224854, 0.29928848147392273, 0.9991305470466614], "k_pid_alt": [1.7550179958343506, 0.12456274032592773, 0.5838824510574341], "k_pid_att": [11.21944808959961, 2.058044195175171, 0.9699714183807373], "k_pid_yaw": [0.5, 1e-06, 0.1], "k_pid_hsp": [0.9446146488189697, 0.8388352394104004, 0.5647953152656555], "k_pid_vsp": [400.0, 183.02328491210938, 380.16925048828125]}, "datetime": {"datetime": "2025-08-20 12:05:14", "elapsed": 768.6134872436523, "delta": 21.914443492889404}, "costs": {"total_cost": 1028.5241395985386, "time_cost": 150, "final_distance_cost": 47.45126034139809, "oscillation_cost": 183.97356434042257, "completition_cost": 555.5555555555555, "overshoot_cost": 52.388084013331856, "power_cost": 22.892345520019532, "noise_cost": 16.26332982781094, "n_waypoints_completed": 4, "tot_waypoints": 9}}
{"target": -2014.94609097303, "params": {"k_pid_pos": [1.000535488128662, 0.0019178688526153564, 0.9995782375335693], "k_pid_alt": [1.4440908432006836, 0.013412028551101685, 0.6355994343757629], "k_pid_att": [1.3640284538269043, 7.928306579589844, 0.2492818534374237], "k_pid_yaw": [0.5, 1e-06, 0.1], "k_pid_hsp": [7.215456962585449, 0.04721975326538086, 0.6513799428939819], "k_pid_vsp": [0.046324729919433594, 328.3208923339844, 6.590915679931641]}, "datetime": {"datetime": "2025-08-20 12:05:35", "elapsed": 790.4360408782959, "delta": 21.822553634643555}, "costs": {"total_cost": 2014.94609097303, "time_cost": 150, "final_distance_cost": 1.4764832232402207, "oscillation_cost": 617.4703308796823, "completition_cost": 1000.0, "overshoot_cost": 126.69957358589286, "power_cost": 34.891246081542974, "noise_cost": 84.40845720267187, "n_waypoints_completed": 0, "tot_waypoints": 9}}
{"target": -792.5470673816125, "params": {"k_pid_pos": [1.9420571327209473, 0.7554160952568054, 0.9545755386352539], "k_pid_alt": [0.16064190864562988, 0.7394280433654785, 0.2453288435935974], "k_pid_att": [26.055639266967773, 0.13140861690044403, 0.9601914286613464], "k_pid_yaw": [0.5, 1e-06, 0.1], "k_pid_hsp": [6.1235575675964355, 0.5307227969169617, 0.4935149550437927], "k_pid_vsp": [399.9999694824219, 163.4660186767578, 50.096988677978516]}, "datetime": {"datetime": "2025-08-20 12:05:57", "elapsed": 812.4840223789215, "delta": 22.04798150062561}, "costs": {"total_cost": 792.5470673816125, "time_cost": 150, "final_distance_cost": 79.0056318051418, "oscillation_cost": 250.47019936382446, "completition_cost": 222.2222222222222, "overshoot_cost": 53.929269528337045, "power_cost": 20.733569116210937, "noise_cost": 16.186175345876098, "n_waypoints_completed": 7, "tot_waypoints": 9}}
{"target": -581.6520722042045, "params": {"k_pid_pos": [1.226617455482483, 0.710213303565979, 0.9767554998397827], "k_pid_alt": [1.43056321144104, 0.913136899471283, 0.5404292941093445], "k_pid_att": [2.083796262741089, 0.890753448009491, 0.028431594371795654], "k_pid_yaw": [0.5, 1e-06, 0.1], "k_pid_hsp": [5.882709503173828, 0.6220651865005493, 0.04781466722488403], "k_pid_vsp": [400.0, 263.48297119140625, 59.03158187866211]}, "datetime": {"datetime": "2025-08-20 12:06:19", "elapsed": 834.4877743721008, "delta": 22.00375199317932}, "costs": {"total_cost": 581.6520722042045, "time_cost": 150, "final_distance_cost": 24.6790002299742, "oscillation_cost": 206.65128856450121, "completition_cost": 111.11111111111116, "overshoot_cost": 56.3999951554806, "power_cost": 19.096582080078125, "noise_cost": 13.714095063059219, "n_waypoints_completed": 8, "tot_waypoints": 9}}
{"target": -1380.2559076015757, "params": {"k_pid_pos": [1.3910900354385376, 0.8559019565582275, 0.9884985685348511], "k_pid_alt": [0.18307316303253174, 0.25579050183296204, 0.9439863562583923], "k_pid_att": [67.0426254272461, 8.894369125366211, 0.33245497941970825], "k_pid_yaw": [0.5, 1e-06, 0.1], "k_pid_hsp": [8.297622680664062, 0.9144747257232666, 0.11968699097633362], "k_pid_vsp": [0.033926963806152344, 225.3370361328125, 192.58702087402344]}, "datetime": {"datetime": "2025-08-20 12:06:42", "elapsed": 856.8221027851105, "delta": 22.334328413009644}, "costs": {"total_cost": 1380.2559076015757, "time_cost": 150, "final_distance_cost": 66.4327345713107, "oscillation_cost": 354.4014979824189, "completition_cost": 666.6666666666667, "overshoot_cost": 101.04688281695795, "power_cost": 21.995783312988284, "noise_cost": 19.71234225123305, "n_waypoints_completed": 3, "tot_waypoints": 9}}
{"target": -1649.9665511776054, "params": {"k_pid_pos": [1.5799953937530518, 0.23379632830619812, 0.3615826368331909], "k_pid_alt": [0.11251115798950195, 0.8709908127784729, 0.4432249069213867], "k_pid_att": [2.5913925170898438, 7.197423458099365, 0.2148827314376831], "k_pid_yaw": [0.5, 1e-06, 0.1], "k_pid_hsp": [2.8048672676086426, 0.4139632284641266, 0.3788018524646759], "k_pid_vsp": [376.47210693359375, 377.07318115234375, 26.041927337646484]}, "datetime": {"datetime": "2025-08-20 12:07:04", "elapsed": 879.3236672878265, "delta": 22.501564502716064}, "costs": {"total_cost": 1649.9665511776054, "time_cost": 150, "final_distance_cost": 55.14075566982811, "oscillation_cost": 367.67389176939355, "completition_cost": 1000.0, "overshoot_cost": 34.640849785482786, "power_cost": 25.260054821777345, "noise_cost": 17.250999131123734, "n_waypoints_completed": 0, "tot_waypoints": 9}}
{"target": -714.0696388685882, "params": {"k_pid_pos": [1.3724695444107056, 0.8113477826118469, 0.18239930272102356], "k_pid_alt": [1.2874184846878052, 0.7257026433944702, 0.7904444336891174], "k_pid_att": [13.945627212524414, 0.07246498018503189, 0.012558549642562866], "k_pid_yaw": [0.5, 1e-06, 0.1], "k_pid_hsp": [8.586018562316895, 0.32614845037460327, 0.1128702163696289], "k_pid_vsp": [399.999755859375, 12.19893741607666, 120.83560180664062]}, "datetime": {"datetime": "2025-08-20 12:07:26", "elapsed": 901.2082297801971, "delta": 21.884562492370605}, "costs": {"total_cost": 714.0696388685882, "time_cost": 150, "final_distance_cost": 68.11196322920749, "oscillation_cost": 184.11417981874774, "completition_cost": 222.2222222222222, "overshoot_cost": 51.558522810207606, "power_cost": 21.298679040527343, "noise_cost": 16.76407174767585, "n_waypoints_completed": 7, "tot_waypoints": 9}}
{"target": -706.2571397732492, "params": {"k_pid_pos": [0.6482503414154053, 0.4658203721046448, 0.052132755517959595], "k_pid_alt": [0.7477276921272278, 0.9258389472961426, 0.9463293552398682], "k_pid_att": [41.526268005371094, 2.698826313018799, 0.6538766026496887], "k_pid_yaw": [0.5, 1e-06, 0.1], "k_pid_hsp": [6.770443916320801, 0.32439756393432617, 0.18488985300064087], "k_pid_vsp": [399.6870422363281, 273.1778869628906, 87.79943084716797]}, "datetime": {"datetime": "2025-08-20 12:07:48", "elapsed": 923.2758071422577, "delta": 22.067577362060547}, "costs": {"total_cost": 706.2571397732492, "time_cost": 150, "final_distance_cost": 69.80460601969061, "oscillation_cost": 170.6089846336896, "completition_cost": 222.2222222222222, "overshoot_cost": 53.42014889433915, "power_cost": 23.44063642578125, "noise_cost": 16.76054157752635, "n_waypoints_completed": 7, "tot_waypoints": 9}}
{"target": -800.8797665840248, "params": {"k_pid_pos": [0.5433531999588013, 0.505272388458252, 0.0005867183208465576], "k_pid_alt": [1.865167260169983, 0.14897829294204712, 0.060374289751052856], "k_pid_att": [67.17725372314453, 5.544058799743652, 0.34510019421577454], "k_pid_yaw": [0.5, 1e-06, 0.1], "k_pid_hsp": [9.056160926818848, 0.516973078250885, 0.1253466010093689], "k_pid_vsp": [392.7645263671875, 20.2891845703125, 123.58663940429688]}, "datetime": {"datetime": "2025-08-20 12:08:10", "elapsed": 945.2607245445251, "delta": 21.984917402267456}, "costs": {"total_cost": 800.8797665840248, "time_cost": 150, "final_distance_cost": 64.90390993435591, "oscillation_cost": 282.7405836653903, "completition_cost": 222.2222222222222, "overshoot_cost": 44.40126265047004, "power_cost": 20.834602209472656, "noise_cost": 15.777185902113583, "n_waypoints_completed": 7, "tot_waypoints": 9}}
{"target": -1164.0523762130492, "params": {"k_pid_pos": [0.2512998878955841, 0.08511325716972351, 0.6317047476768494], "k_pid_alt": [0.37932705879211426, 0.779076099395752, 0.11475959420204163], "k_pid_att": [64.78555297851562, 5.05051851272583, 0.9481676816940308], "k_pid_yaw": [0.5, 1e-06, 0.1], "k_pid_hsp": [4.766522407531738, 0.13030171394348145, 0.15403902530670166], "k_pid_vsp": [399.9948425292969, 91.22445678710938, 20.89535140991211]}, "datetime": {"datetime": "2025-08-20 12:08:32", "elapsed": 967.1788158416748, "delta": 21.918091297149658}, "costs": {"total_cost": 1164.0523762130492, "time_cost": 150, "final_distance_cost": 50.17204620908465, "oscillation_cost": 311.3981347703274, "completition_cost": 555.5555555555555, "overshoot_cost": 58.62371047325745, "power_cost": 21.226199548339846, "noise_cost": 17.07672965648453, "n_waypoints_completed": 4, "tot_waypoints": 9}}
{"target": -985.9351475926119, "params": {"k_pid_pos": [1.7735542058944702, 0.9534523487091064, 0.01424175500869751], "k_pid_alt": [1.954803466796875, 0.5660575032234192, 0.13872456550598145], "k_pid_att": [55.290401458740234, 5.982194900512695, 0.1392499804496765], "k_pid_yaw": [0.5, 1e-06, 0.1], "k_pid_hsp": [8.500873565673828, 0.16557258367538452, 0.8813983798027039], "k_pid_vsp": [291.165771484375, 16.380788803100586, 254.5543212890625]}, "datetime": {"datetime": "2025-08-20 12:08:54", "elapsed": 989.3133759498596, "delta": 22.134560108184814}, "costs": {"total_cost": 985.9351475926119, "time_cost": 150, "final_distance_cost": 27.401247619011293, "oscillation_cost": 142.67603581520103, "completition_cost": 555.5555555555555, "overshoot_cost": 66.5908760013977, "power_cost": 24.611763623046876, "noise_cost": 19.099668978399606, "n_waypoints_completed": 4, "tot_waypoints": 9}}
{"target": -1396.4543466343107, "params": {"k_pid_pos": [0.067685067653656, 0.6375625133514404, 0.9999993443489075], "k_pid_alt": [0.6374790668487549, 0.4458731710910797, 0.5505545735359192], "k_pid_att": [19.599876403808594, 8.842177391052246, 0.6436080932617188], "k_pid_yaw": [0.5, 1e-06, 0.1], "k_pid_hsp": [5.535401821136475, 0.7755684852600098, 0.9607451558113098], "k_pid_vsp": [399.6746520996094, 95.77537536621094, 138.10610961914062]}, "datetime": {"datetime": "2025-08-20 12:09:16", "elapsed": 1011.3313760757446, "delta": 22.01800012588501}, "costs": {"total_cost": 1396.4543466343107, "time_cost": 150, "final_distance_cost": 65.19451492122593, "oscillation_cost": 333.5782270070065, "completition_cost": 777.7777777777778, "overshoot_cost": 34.34718050790987, "power_cost": 20.702367907714844, "noise_cost": 14.854278512675736, "n_waypoints_completed": 2, "tot_waypoints": 9}}
{"target": -560.5675221506151, "params": {"k_pid_pos": [1.6350312232971191, 0.6961416602134705, 0.0], "k_pid_alt": [1.1064667701721191, 0.46417221426963806, 0.17450901865959167], "k_pid_att": [48.96156692504883, 5.77604341506958, 0.676937997341156], "k_pid_yaw": [0.5, 1e-06, 0.1], "k_pid_hsp": [8.05197525024414, 0.09098094701766968, 0.9812489748001099], "k_pid_vsp": [309.70159912109375, 216.542724609375, 163.62945556640625]}, "datetime": {"datetime": "2025-08-20 12:09:40", "elapsed": 1035.2171919345856, "delta": 23.885815858840942}, "costs": {"total_cost": 560.5675221506151, "time_cost": 150, "final_distance_cost": 48.865783792277234, "oscillation_cost": 143.2321615837915, "completition_cost": 111.11111111111116, "overshoot_cost": 68.14867597934908, "power_cost": 22.936973779296878, "noise_cost": 16.272815904789244, "n_waypoints_completed": 8, "tot_waypoints": 9}}
{"target": -1192.5075393915884, "params": {"k_pid_pos": [0.8857468962669373, 0.7340428233146667, 1.0], "k_pid_alt": [1.0130575895309448, 0.40748798847198486, 0.2657673954963684], "k_pid_att": [34.46465301513672, 5.804103851318359, 0.3440505862236023], "k_pid_yaw": [0.5, 1e-06, 0.1], "k_pid_hsp": [9.736270904541016, 0.48801738023757935, 0.6178194880485535], "k_pid_vsp": [0.08792877197265625, 125.56513214111328, 96.73885345458984]}, "datetime": {"datetime": "2025-08-20 12:10:02", "elapsed": 1057.0361268520355, "delta": 21.81893491744995}, "costs": {"total_cost": 1192.5075393915884, "time_cost": 150, "final_distance_cost": 52.904418937284504, "oscillation_cost": 345.45278783325915, "completition_cost": 555.5555555555555, "overshoot_cost": 50.76373249541605, "power_cost": 20.402070825195313, "noise_cost": 17.428973744877847, "n_waypoints_completed": 4, "tot_waypoints": 9}}
{"target": -1682.9791391451631, "params": {"k_pid_pos": [1.978002667427063, 0.07753875851631165, 1.0], "k_pid_alt": [0.672032356262207, 0.48081180453300476, 0.05474904179573059], "k_pid_att": [14.713200569152832, 9.27430534362793, 0.5684517025947571], "k_pid_yaw": [0.5, 1e-06, 0.1], "k_pid_hsp": [0.9626189470291138, 0.907116174697876, 0.24158713221549988], "k_pid_vsp": [0.7897257804870605, 222.21498107910156, 362.83935546875]}, "datetime": {"datetime": "2025-08-20 12:10:24", "elapsed": 1078.8175911903381, "delta": 21.781464338302612}, "costs": {"total_cost": 1682.9791391451631, "time_cost": 150, "final_distance_cost": 1.3225539444047643, "oscillation_cost": 332.1294386282909, "completition_cost": 1000.0, "overshoot_cost": 131.22181878659774, "power_cost": 20.165152099609376, "noise_cost": 48.14017568626028, "n_waypoints_completed": 0, "tot_waypoints": 9}}
{"target": -1055.4151166143445, "params": {"k_pid_pos": [0.9247119426727295, 0.2854158580303192, 2.980232238769531e-07], "k_pid_alt": [1.135331153869629, 0.7439776659011841, 0.6716319918632507], "k_pid_att": [58.80447769165039, 9.557914733886719, 0.5902610421180725], "k_pid_yaw": [0.5, 1e-06, 0.1], "k_pid_hsp": [9.641013145446777, 0.41226890683174133, 0.488511860370636], "k_pid_vsp": [0.0, 306.0964050292969, 315.1165771484375]}, "datetime": {"datetime": "2025-08-20 12:10:46", "elapsed": 1101.2305226325989, "delta": 22.412931442260742}, "costs": {"total_cost": 1055.4151166143445, "time_cost": 150, "final_distance_cost": 55.89707285448632, "oscillation_cost": 294.0765428287352, "completition_cost": 444.4444444444444, "overshoot_cost": 63.885165707176995, "power_cost": 24.68486815185547, "noise_cost": 22.427022627645968, "n_waypoints_completed": 5, "tot_waypoints": 9}}
{"target": -2896.790806133874, "params": {"k_pid_pos": [0.3918592929840088, 0.010878562927246094, 5.21540641784668e-06], "k_pid_alt": [0.7098773121833801, 0.40333980321884155, 0.6752442717552185], "k_pid_att": [45.53546905517578, 8.059992790222168, 0.1694660782814026], "k_pid_yaw": [0.5, 1e-06, 0.1], "k_pid_hsp": [1.7090564966201782, 0.22000810503959656, 0.17935487627983093], "k_pid_vsp": [0.0016450881958007812, 33.43476104736328, 348.5129699707031]}, "datetime": {"datetime": "2025-08-20 12:11:08", "elapsed": 1122.8183138370514, "delta": 21.587791204452515}, "costs": {"total_cost": 2896.790806133874, "time_cost": 150, "final_distance_cost": 628.3988533539102, "oscillation_cost": 412.3498733132334, "completition_cost": 888.8888888888888, "overshoot_cost": 776.6898577455389, "power_cost": 22.88688776855469, "noise_cost": 17.576445063748, "n_waypoints_completed": 1, "tot_waypoints": 9}}
