{"target": -246.38313621426624, "params": {"k_pid_pos": [1.8675405979156494, 0.13435661792755127, 0.005225181579589844], "k_pid_alt": [1.8746761083602905, 0.04654133319854736, 0.9768511056900024], "k_pid_att": [96.70983123779297, 2.2801811695098877, 0.9656444191932678], "k_pid_yaw": [0.5, 1e-06, 0.1], "k_pid_hsp": [9.1243896484375, 0.9699832201004028, 0.04683580994606018], "k_pid_vsp": [399.6842956542969, 313.0287780761719, 40.0437126159668]}, "datetime": {"datetime": "2025-08-20 15:29:40", "elapsed": 13035.46146941185, "delta": 21.017777919769287}, "costs": {"total_cost": 246.38313621426624, "time_cost": 74.288, "final_distance_cost": 1.780180300814087, "oscillation_cost": 89.64703610985224, "completition_cost": 0.0, "overshoot_cost": 52.129844473210355, "power_cost": 16.070599438476563, "noise_cost": 12.467475891913004, "n_waypoints_completed": 9, "tot_waypoints": 9}}
{"target": -328.90901313139335, "params": {"k_pid_pos": [1.0920722484588623, 0.05662590265274048, 0.0], "k_pid_alt": [1.6275972127914429, 0.05055952072143555, 0.9758687019348145], "k_pid_att": [73.79083251953125, 0.035546232014894485, 0.9293869733810425], "k_pid_yaw": [0.5, 1e-06, 0.1], "k_pid_hsp": [8.806670188903809, 0.9753226041793823, 0.2660130262374878], "k_pid_vsp": [166.6402130126953, 359.5696716308594, 10.287821769714355]}, "datetime": {"datetime": "2025-08-20 15:29:59", "elapsed": 13053.762098312378, "delta": 18.300628900527954}, "costs": {"total_cost": 328.90901313139335, "time_cost": 75.952, "final_distance_cost": 1.7938026950909307, "oscillation_cost": 171.7463738915776, "completition_cost": 0.0, "overshoot_cost": 50.55442492154073, "power_cost": 15.666021191406251, "noise_cost": 13.196390431777866, "n_waypoints_completed": 9, "tot_waypoints": 9}}
{"target": -279.54441515282105, "params": {"k_pid_pos": [1.9130277633666992, 0.11409297585487366, 0.12696141004562378], "k_pid_alt": [1.5700019598007202, 0.29620301723480225, 0.9763610363006592], "k_pid_att": [96.47053527832031, 0.037500347942113876, 0.9436637163162231], "k_pid_yaw": [0.5, 1e-06, 0.1], "k_pid_hsp": [8.679403305053711, 0.9577091932296753, 0.04745471477508545], "k_pid_vsp": [1.9341349601745605, 390.9573974609375, 56.58280944824219]}, "datetime": {"datetime": "2025-08-20 15:30:17", "elapsed": 13072.129695653915, "delta": 18.367597341537476}, "costs": {"total_cost": 279.54441515282105, "time_cost": 77.688, "final_distance_cost": 1.7204821381060986, "oscillation_cost": 120.16861854580142, "completition_cost": 0.0, "overshoot_cost": 51.69440008577611, "power_cost": 16.14411268310547, "noise_cost": 12.128801700031937, "n_waypoints_completed": 9, "tot_waypoints": 9}}
{"target": -294.2429437768973, "params": {"k_pid_pos": [1.861623764038086, 0.20639541745185852, 0.9999904632568359], "k_pid_alt": [1.9193739891052246, 0.030128151178359985, 0.9587641358375549], "k_pid_att": [81.82982635498047, 3.168778657913208, 0.8676772117614746], "k_pid_yaw": [0.5, 1e-06, 0.1], "k_pid_hsp": [9.95577335357666, 0.9658188819885254, 0.04725441336631775], "k_pid_vsp": [324.51788330078125, 395.4725646972656, 1.9584903717041016]}, "datetime": {"datetime": "2025-08-20 15:30:34", "elapsed": 13089.36518740654, "delta": 17.23549175262451}, "costs": {"total_cost": 294.2429437768973, "time_cost": 72.928, "final_distance_cost": 1.8369614764348745, "oscillation_cost": 142.08101379821912, "completition_cost": 0.0, "overshoot_cost": 50.24457127981471, "power_cost": 14.3943142578125, "noise_cost": 12.758082964616117, "n_waypoints_completed": 9, "tot_waypoints": 9}}
{"target": -271.94937424201254, "params": {"k_pid_pos": [1.7127526998519897, 0.03234085440635681, 0.0], "k_pid_alt": [1.3505152463912964, 0.07577717304229736, 0.8670475482940674], "k_pid_att": [91.7174072265625, 0.3389311134815216, 0.9944016933441162], "k_pid_yaw": [0.5, 1e-06, 0.1], "k_pid_hsp": [9.21251106262207, 0.9122166633605957, 0.07447075843811035], "k_pid_vsp": [386.62255859375, 384.9879150390625, 2.749730110168457]}, "datetime": {"datetime": "2025-08-20 15:30:55", "elapsed": 13110.181644916534, "delta": 20.816457509994507}, "costs": {"total_cost": 271.94937424201254, "time_cost": 89.256, "final_distance_cost": 1.7630505665931775, "oscillation_cost": 97.48061407933098, "completition_cost": 0.0, "overshoot_cost": 51.837180831283334, "power_cost": 17.012265185546877, "noise_cost": 14.600263579258192, "n_waypoints_completed": 9, "tot_waypoints": 9}}
{"target": -217.859913832018, "params": {"k_pid_pos": [1.9665107727050781, 0.11057904362678528, 1.4901161193847656e-07], "k_pid_alt": [1.5927938222885132, 0.0338079035282135, 0.9738816022872925], "k_pid_att": [95.82568359375, 1.5505121946334839, 0.956204891204834], "k_pid_yaw": [0.5, 1e-06, 0.1], "k_pid_hsp": [6.089443206787109, 0.9719035625457764, 0.07590344548225403], "k_pid_vsp": [399.9189453125, 391.1990661621094, 19.282569885253906]}, "datetime": {"datetime": "2025-08-20 15:31:11", "elapsed": 13126.282310247421, "delta": 16.10066533088684}, "costs": {"total_cost": 217.859913832018, "time_cost": 70.232, "final_distance_cost": 1.7256691096308299, "oscillation_cost": 68.56668276297748, "completition_cost": 0.0, "overshoot_cost": 51.189292748258985, "power_cost": 14.373423498535157, "noise_cost": 11.77284571261559, "n_waypoints_completed": 9, "tot_waypoints": 9}}
{"target": -251.86477306419283, "params": {"k_pid_pos": [1.888048529624939, 0.1152014434337616, 0.0], "k_pid_alt": [1.9573662281036377, 0.07728612422943115, 0.9959003329277039], "k_pid_att": [98.70338439941406, 4.260543346405029, 0.9559056162834167], "k_pid_yaw": [0.5, 1e-06, 0.1], "k_pid_hsp": [9.883975982666016, 0.8386058807373047, 0.024375826120376587], "k_pid_vsp": [399.96295166015625, 394.9832458496094, 27.225723266601562]}, "datetime": {"datetime": "2025-08-20 15:31:32", "elapsed": 13146.866867303848, "delta": 20.584557056427002}, "costs": {"total_cost": 251.86477306419283, "time_cost": 81.272, "final_distance_cost": 1.7659420814879088, "oscillation_cost": 86.38375104827493, "completition_cost": 0.0, "overshoot_cost": 52.941614394531406, "power_cost": 16.427374145507812, "noise_cost": 13.074091394390795, "n_waypoints_completed": 9, "tot_waypoints": 9}}
{"target": -328.6595284765281, "params": {"k_pid_pos": [1.831645131111145, 0.02559220790863037, 1.0728836059570312e-06], "k_pid_alt": [1.3695385456085205, 0.06986024975776672, 0.9870223999023438], "k_pid_att": [93.88860321044922, 0.6468217968940735, 0.6778284311294556], "k_pid_yaw": [0.5, 1e-06, 0.1], "k_pid_hsp": [7.8171467781066895, 0.8936598896980286, 0.1460249423980713], "k_pid_vsp": [400.0, 365.5391845703125, 17.56047248840332]}, "datetime": {"datetime": "2025-08-20 15:31:54", "elapsed": 13168.501126527786, "delta": 21.63425922393799}, "costs": {"total_cost": 328.6595284765281, "time_cost": 86.896, "final_distance_cost": 1.763549878422808, "oscillation_cost": 154.84049521528718, "completition_cost": 0.0, "overshoot_cost": 51.7179813715972, "power_cost": 18.682095935058594, "noise_cost": 14.75940607616234, "n_waypoints_completed": 9, "tot_waypoints": 9}}
{"target": -259.48543148706, "params": {"k_pid_pos": [1.9024909734725952, 0.48571473360061646, 0.0], "k_pid_alt": [1.565911054611206, 0.05594569444656372, 0.9641458988189697], "k_pid_att": [90.78307342529297, 0.20069831609725952, 0.9783361554145813], "k_pid_yaw": [0.5, 1e-06, 0.1], "k_pid_hsp": [7.224613189697266, 0.9547667503356934, 0.030345231294631958], "k_pid_vsp": [399.99798583984375, 349.88970947265625, 24.34438705444336]}, "datetime": {"datetime": "2025-08-20 15:32:16", "elapsed": 13190.635640382767, "delta": 22.13451385498047}, "costs": {"total_cost": 259.48543148706, "time_cost": 92.72800000000001, "final_distance_cost": 1.7527211473939208, "oscillation_cost": 75.43909113399592, "completition_cost": 0.0, "overshoot_cost": 55.66724174338869, "power_cost": 18.791903527832034, "noise_cost": 15.106473934449385, "n_waypoints_completed": 9, "tot_waypoints": 9}}
{"target": -333.34289323227813, "params": {"k_pid_pos": [1.9334019422531128, 0.08120155334472656, 0.9999998807907104], "k_pid_alt": [1.6191636323928833, 0.01004520058631897, 0.9910869598388672], "k_pid_att": [90.94450378417969, 0.5913280844688416, 0.9851694107055664], "k_pid_yaw": [0.5, 1e-06, 0.1], "k_pid_hsp": [9.79527473449707, 0.9497359991073608, 0.09993457794189453], "k_pid_vsp": [399.9876403808594, 392.7080993652344, 16.2153377532959]}, "datetime": {"datetime": "2025-08-20 15:32:33", "elapsed": 13208.052968263626, "delta": 17.417327880859375}, "costs": {"total_cost": 333.34289323227813, "time_cost": 75.34400000000001, "final_distance_cost": 1.8369512415917642, "oscillation_cost": 178.05085302982874, "completition_cost": 0.0, "overshoot_cost": 49.881184841201986, "power_cost": 15.496136328125, "noise_cost": 12.733767791530697, "n_waypoints_completed": 9, "tot_waypoints": 9}}
{"target": -229.99736242862707, "params": {"k_pid_pos": [1.8458389043807983, 0.03577178716659546, 0.00013512372970581055], "k_pid_alt": [1.703385353088379, 0.061180442571640015, 0.968302845954895], "k_pid_att": [85.39125061035156, 2.2566137313842773, 0.9883687496185303], "k_pid_yaw": [0.5, 1e-06, 0.1], "k_pid_hsp": [7.3380842208862305, 0.9412280321121216, 0.01621749997138977], "k_pid_vsp": [399.9808654785156, 369.8436279296875, 21.40436363220215]}, "datetime": {"datetime": "2025-08-20 15:32:52", "elapsed": 13226.820540189743, "delta": 18.767571926116943}, "costs": {"total_cost": 229.99736242862707, "time_cost": 80.152, "final_distance_cost": 1.7458214682988127, "oscillation_cost": 66.31753911234605, "completition_cost": 0.0, "overshoot_cost": 51.66824541344677, "power_cost": 17.040890356445313, "noise_cost": 13.072866078090138, "n_waypoints_completed": 9, "tot_waypoints": 9}}
{"target": -211.02912032767654, "params": {"k_pid_pos": [1.7601983547210693, 0.06002882122993469, 0.017004013061523438], "k_pid_alt": [1.57969069480896, 0.03632456064224243, 0.9217070937156677], "k_pid_att": [97.05325317382812, 0.1683342158794403, 0.9711630344390869], "k_pid_yaw": [0.5, 1e-06, 0.1], "k_pid_hsp": [9.020182609558105, 0.9904766082763672, 0.02915370464324951], "k_pid_vsp": [400.0, 381.727783203125, 53.49272537231445]}, "datetime": {"datetime": "2025-08-20 15:33:08", "elapsed": 13243.388076543808, "delta": 16.56753635406494}, "costs": {"total_cost": 211.02912032767654, "time_cost": 69.08, "final_distance_cost": 1.7473330925647528, "oscillation_cost": 64.65128669903899, "completition_cost": 0.0, "overshoot_cost": 50.26318785414912, "power_cost": 14.067879943847657, "noise_cost": 11.219432738075996, "n_waypoints_completed": 9, "tot_waypoints": 9}}
{"target": -205.05812865619845, "params": {"k_pid_pos": [1.8281855583190918, 0.011198490858078003, 0.0], "k_pid_alt": [1.8047962188720703, 0.04073110222816467, 0.9810478687286377], "k_pid_att": [93.20484924316406, 0.6378692984580994, 0.9772994518280029], "k_pid_yaw": [0.5, 1e-06, 0.1], "k_pid_hsp": [9.226633071899414, 0.9294049143791199, 0.015713930130004883], "k_pid_vsp": [400.0, 369.3094482421875, 16.578330993652344]}, "datetime": {"datetime": "2025-08-20 15:33:24", "elapsed": 13258.956208229065, "delta": 15.568131685256958}, "costs": {"total_cost": 205.05812865619845, "time_cost": 69.44, "final_distance_cost": 1.7331741814234047, "oscillation_cost": 59.97527258019355, "completition_cost": 0.0, "overshoot_cost": 50.60499038464354, "power_cost": 12.664279431152345, "noise_cost": 10.640412078785593, "n_waypoints_completed": 9, "tot_waypoints": 9}}
{"target": -304.1822937125072, "params": {"k_pid_pos": [1.9738022089004517, 0.003930121660232544, 0.11545544862747192], "k_pid_alt": [1.609613060951233, 0.07732418179512024, 0.9715467095375061], "k_pid_att": [95.34346771240234, 0.6134012341499329, 0.8889273405075073], "k_pid_yaw": [0.5, 1e-06, 0.1], "k_pid_hsp": [9.944735527038574, 0.890180766582489, 0.04076647758483887], "k_pid_vsp": [399.93109130859375, 392.9237365722656, 128.23629760742188]}, "datetime": {"datetime": "2025-08-20 15:33:43", "elapsed": 13278.489753723145, "delta": 19.53354549407959}, "costs": {"total_cost": 304.1822937125072, "time_cost": 84.688, "final_distance_cost": 1.776369673822618, "oscillation_cost": 134.83715480071731, "completition_cost": 0.0, "overshoot_cost": 51.08652760767189, "power_cost": 17.785752014160156, "noise_cost": 14.008489616135238, "n_waypoints_completed": 9, "tot_waypoints": 9}}
{"target": -250.35301287104278, "params": {"k_pid_pos": [1.990931510925293, 0.010287553071975708, 0.0008621513843536377], "k_pid_alt": [1.6368374824523926, 0.4777069687843323, 0.9758296608924866], "k_pid_att": [93.4637680053711, 0.3517608940601349, 0.9407944083213806], "k_pid_yaw": [0.5, 1e-06, 0.1], "k_pid_hsp": [6.594606399536133, 0.9421920776367188, 0.01567012071609497], "k_pid_vsp": [0.08093118667602539, 347.03436279296875, 10.155858039855957]}, "datetime": {"datetime": "2025-08-20 15:34:02", "elapsed": 13297.007444858551, "delta": 18.517691135406494}, "costs": {"total_cost": 250.35301287104278, "time_cost": 82.70400000000001, "final_distance_cost": 1.7234433046277953, "oscillation_cost": 85.11207754205846, "completition_cost": 0.0, "overshoot_cost": 51.82100958365755, "power_cost": 16.997564392089846, "noise_cost": 11.994918048609131, "n_waypoints_completed": 9, "tot_waypoints": 9}}
{"target": -231.36582669814956, "params": {"k_pid_pos": [1.991302728652954, 0.10419663786888123, 0.0018374919891357422], "k_pid_alt": [1.473832607269287, 0.02391490340232849, 0.9338151216506958], "k_pid_att": [96.52597045898438, 0.28615233302116394, 0.963716983795166], "k_pid_yaw": [0.5, 1e-06, 0.1], "k_pid_hsp": [9.398200988769531, 0.9819040298461914, 0.06001400947570801], "k_pid_vsp": [400.0, 383.0328369140625, 67.0135726928711]}, "datetime": {"datetime": "2025-08-20 15:34:17", "elapsed": 13312.257901191711, "delta": 15.2504563331604}, "costs": {"total_cost": 231.36582669814956, "time_cost": 69.688, "final_distance_cost": 1.7346971715040165, "oscillation_cost": 81.86435362284053, "completition_cost": 0.0, "overshoot_cost": 50.251944360312656, "power_cost": 15.58284362792969, "noise_cost": 12.243987915562691, "n_waypoints_completed": 9, "tot_waypoints": 9}}
{"target": -294.2749268979317, "params": {"k_pid_pos": [1.8255101442337036, 0.014990389347076416, 0.9961066246032715], "k_pid_alt": [1.5264050960540771, 0.4849432408809662, 0.8923668265342712], "k_pid_att": [95.72114562988281, 0.9148865342140198, 0.9851531386375427], "k_pid_yaw": [0.5, 1e-06, 0.1], "k_pid_hsp": [9.853124618530273, 0.9957338571548462, 0.0038080215454101562], "k_pid_vsp": [0.015485286712646484, 380.1990966796875, 5.352164268493652]}, "datetime": {"datetime": "2025-08-20 15:34:35", "elapsed": 13329.708734035492, "delta": 17.450832843780518}, "costs": {"total_cost": 294.2749268979317, "time_cost": 80.16, "final_distance_cost": 1.814997333369825, "oscillation_cost": 129.4689810573607, "completition_cost": 0.0, "overshoot_cost": 53.46516555290051, "power_cost": 16.99682257080078, "noise_cost": 12.368960383499935, "n_waypoints_completed": 9, "tot_waypoints": 9}}
{"target": -298.6635586329949, "params": {"k_pid_pos": [1.9820866584777832, 0.013597458600997925, 0.9996087551116943], "k_pid_alt": [1.8467506170272827, 0.018304556608200073, 0.98631751537323], "k_pid_att": [95.81993865966797, 2.5594680309295654, 0.991283655166626], "k_pid_yaw": [0.5, 1e-06, 0.1], "k_pid_hsp": [9.552042961120605, 0.9687108993530273, 0.041906386613845825], "k_pid_vsp": [400.0, 397.01513671875, 39.704776763916016]}, "datetime": {"datetime": "2025-08-20 15:34:50", "elapsed": 13345.493102312088, "delta": 15.78436827659607}, "costs": {"total_cost": 298.6635586329949, "time_cost": 69.36, "final_distance_cost": 1.8496484954725074, "oscillation_cost": 149.69830588908454, "completition_cost": 0.0, "overshoot_cost": 49.9134304467909, "power_cost": 15.251412060546876, "noise_cost": 12.590761741100106, "n_waypoints_completed": 9, "tot_waypoints": 9}}
{"target": -320.68302001539064, "params": {"k_pid_pos": [1.1280388832092285, 0.07319977879524231, 0.9466420412063599], "k_pid_alt": [1.6812669038772583, 0.08495372533798218, 0.9483360052108765], "k_pid_att": [98.4158935546875, 0.524652898311615, 0.9066498279571533], "k_pid_yaw": [0.5, 1e-06, 0.1], "k_pid_hsp": [9.724800109863281, 0.9313616156578064, 0.030938714742660522], "k_pid_vsp": [400.0, 286.6543884277344, 6.159759521484375]}, "datetime": {"datetime": "2025-08-20 15:35:10", "elapsed": 13365.310862779617, "delta": 19.817760467529297}, "costs": {"total_cost": 320.68302001539064, "time_cost": 89.98400000000001, "final_distance_cost": 1.8552989873868058, "oscillation_cost": 145.0899701377426, "completition_cost": 0.0, "overshoot_cost": 51.638904254566405, "power_cost": 16.591892016601562, "noise_cost": 15.522954619093317, "n_waypoints_completed": 9, "tot_waypoints": 9}}
{"target": -201.52375648614134, "params": {"k_pid_pos": [1.2665644884109497, 0.09075117111206055, 6.496906280517578e-06], "k_pid_alt": [1.5319652557373047, 0.030644506216049194, 0.9686353802680969], "k_pid_att": [99.91481018066406, 0.18083825707435608, 0.652834951877594], "k_pid_yaw": [0.5, 1e-06, 0.1], "k_pid_hsp": [9.192268371582031, 0.9699095487594604, 0.010906875133514404], "k_pid_vsp": [400.0, 328.3277893066406, 59.54484939575195]}, "datetime": {"datetime": "2025-08-20 15:35:26", "elapsed": 13380.561685085297, "delta": 15.250822305679321}, "costs": {"total_cost": 201.52375648614134, "time_cost": 68.848, "final_distance_cost": 1.7941092761849784, "oscillation_cost": 58.48240198868054, "completition_cost": 0.0, "overshoot_cost": 50.03754974613787, "power_cost": 12.121890063476563, "noise_cost": 10.239805411661376, "n_waypoints_completed": 9, "tot_waypoints": 9}}
{"target": -220.29382441139074, "params": {"k_pid_pos": [1.6878423690795898, 0.01956099271774292, 0.0019248127937316895], "k_pid_alt": [1.6766672134399414, 0.01106831431388855, 0.9760863184928894], "k_pid_att": [98.77387237548828, 0.21656283736228943, 0.9453938603401184], "k_pid_yaw": [0.5, 1e-06, 0.1], "k_pid_hsp": [8.92220401763916, 0.977695882320404, 0.02550417184829712], "k_pid_vsp": [399.998291015625, 258.6689453125, 12.538947105407715]}, "datetime": {"datetime": "2025-08-20 15:35:41", "elapsed": 13396.429136514664, "delta": 15.867451429367065}, "costs": {"total_cost": 220.29382441139074, "time_cost": 69.70400000000001, "final_distance_cost": 1.7976365041365168, "oscillation_cost": 70.50257409084651, "completition_cost": 0.0, "overshoot_cost": 50.39796776002418, "power_cost": 15.644060681152345, "noise_cost": 12.247585375231191, "n_waypoints_completed": 9, "tot_waypoints": 9}}
{"target": -229.83338125533535, "params": {"k_pid_pos": [1.9695624113082886, 0.024884402751922607, 0.0], "k_pid_alt": [1.2199454307556152, 0.022122442722320557, 0.9375635385513306], "k_pid_att": [90.81287384033203, 1.3199148178100586, 0.8822866678237915], "k_pid_yaw": [0.5, 1e-06, 0.1], "k_pid_hsp": [9.801795959472656, 0.9936090707778931, 0.017760276794433594], "k_pid_vsp": [400.0, 376.4270324707031, 6.843102931976318]}, "datetime": {"datetime": "2025-08-20 15:35:57", "elapsed": 13412.402650594711, "delta": 15.973514080047607}, "costs": {"total_cost": 229.83338125533535, "time_cost": 70.824, "final_distance_cost": 1.7369744360579225, "oscillation_cost": 82.6274809587613, "completition_cost": 0.0, "overshoot_cost": 49.89364641732685, "power_cost": 13.157890209960938, "noise_cost": 11.593389233228379, "n_waypoints_completed": 9, "tot_waypoints": 9}}
{"target": -250.93647409426606, "params": {"k_pid_pos": [1.7241923809051514, 0.5480883121490479, 0.0], "k_pid_alt": [1.9167592525482178, 0.06439557671546936, 0.8646805286407471], "k_pid_att": [99.32806396484375, 1.1219033002853394, 0.9633671641349792], "k_pid_yaw": [0.5, 1e-06, 0.1], "k_pid_hsp": [3.7775683403015137, 0.9110066890716553, 0.03082817792892456], "k_pid_vsp": [400.0, 367.09588623046875, 14.759088516235352]}, "datetime": {"datetime": "2025-08-20 15:36:18", "elapsed": 13433.380687952042, "delta": 20.978037357330322}, "costs": {"total_cost": 250.93647409426606, "time_cost": 93.872, "final_distance_cost": 1.7244251219144453, "oscillation_cost": 63.767268261254806, "completition_cost": 0.0, "overshoot_cost": 59.87983929368335, "power_cost": 17.547717016601563, "noise_cost": 14.145224400811902, "n_waypoints_completed": 9, "tot_waypoints": 9}}
{"target": -318.18026105750374, "params": {"k_pid_pos": [1.9871013164520264, 0.3887309432029724, 0.0], "k_pid_alt": [1.8244565725326538, 0.08074301481246948, 0.9776711463928223], "k_pid_att": [95.33837890625, 0.2945672273635864, 0.9472256898880005], "k_pid_yaw": [0.5, 1e-06, 0.1], "k_pid_hsp": [9.266557693481445, 0.9763879776000977, 0.08801379799842834], "k_pid_vsp": [400.0, 351.10687255859375, 65.2762680053711]}, "datetime": {"datetime": "2025-08-20 15:36:40", "elapsed": 13454.71537899971, "delta": 21.334691047668457}, "costs": {"total_cost": 318.18026105750374, "time_cost": 95.08800000000001, "final_distance_cost": 1.7833550000456333, "oscillation_cost": 127.63524325760923, "completition_cost": 0.0, "overshoot_cost": 54.5081454398841, "power_cost": 22.317063610839845, "noise_cost": 16.848453749124953, "n_waypoints_completed": 9, "tot_waypoints": 9}}
{"target": -210.19527396212845, "params": {"k_pid_pos": [1.4493829011917114, 0.0800013542175293, 0.0], "k_pid_alt": [1.1477676630020142, 0.02786332368850708, 0.9135538935661316], "k_pid_att": [97.6896743774414, 0.7443042397499084, 0.8951534032821655], "k_pid_yaw": [0.5, 1e-06, 0.1], "k_pid_hsp": [9.811991691589355, 0.9536900520324707, 0.015522807836532593], "k_pid_vsp": [375.98809814453125, 309.8221435546875, 3.906942367553711]}, "datetime": {"datetime": "2025-08-20 15:36:56", "elapsed": 13470.923996925354, "delta": 16.20861792564392}, "costs": {"total_cost": 210.19527396212845, "time_cost": 71.616, "final_distance_cost": 1.8021147152112083, "oscillation_cost": 61.84308516066291, "completition_cost": 0.0, "overshoot_cost": 49.92167843154468, "power_cost": 13.308402294921876, "noise_cost": 11.703993359787768, "n_waypoints_completed": 9, "tot_waypoints": 9}}
