{"target": -1192.7060881595662, "params": {"k_pid_pos": [0.7765100002288818, 0.48376575112342834, 1.2069940567016602e-05], "k_pid_alt": [0.19458365440368652, 0.19966739416122437, 0.8744234442710876], "k_pid_att": [4.042381286621094, 8.258655548095703, 0.5238462686538696], "k_pid_yaw": [0.5, 1e-06, 0.1], "k_pid_hsp": [0.9148355722427368, 0.9806572794914246, 0.8346927165985107], "k_pid_vsp": [390.2694091796875, 340.2769470214844, 38.95812225341797]}, "datetime": {"datetime": "2025-08-20 12:37:26", "elapsed": 2701.206679582596, "delta": 21.523483276367188}, "costs": {"total_cost": 1192.7060881595662, "time_cost": 150, "final_distance_cost": 83.08020180724091, "oscillation_cost": 195.55002179976557, "completition_cost": 666.6666666666667, "overshoot_cost": 63.390573391913634, "power_cost": 19.597189221191407, "noise_cost": 14.421435272787996, "n_waypoints_completed": 3, "tot_waypoints": 9}}
{"target": -1562.3724957960249, "params": {"k_pid_pos": [0.2311246395111084, 0.6747612953186035, 0.9998286366462708], "k_pid_alt": [0.5928669571876526, 0.4612409770488739, 0.46795082092285156], "k_pid_att": [61.021297454833984, 8.365885734558105, 0.9721732139587402], "k_pid_yaw": [0.5, 1e-06, 0.1], "k_pid_hsp": [6.21666145324707, 0.18660783767700195, 0.7887715101242065], "k_pid_vsp": [2.697014808654785, 386.1894836425781, 339.93072509765625]}, "datetime": {"datetime": "2025-08-20 12:37:48", "elapsed": 2722.9168829917908, "delta": 21.710203409194946}, "costs": {"total_cost": 1562.3724957960249, "time_cost": 150, "final_distance_cost": 58.77519377128346, "oscillation_cost": 272.04726941885747, "completition_cost": 1000.0, "overshoot_cost": 44.48125885826228, "power_cost": 20.968165563964845, "noise_cost": 16.100608183656746, "n_waypoints_completed": 0, "tot_waypoints": 9}}
{"target": -925.0111893622317, "params": {"k_pid_pos": [0.13827835023403168, 0.09333181381225586, 2.7477741241455078e-05], "k_pid_alt": [0.5301565527915955, 0.868408203125, 0.4645445644855499], "k_pid_att": [5.308180809020996, 6.472440719604492, 0.2532498240470886], "k_pid_yaw": [0.5, 1e-06, 0.1], "k_pid_hsp": [7.038918495178223, 0.8866598010063171, 0.12174981832504272], "k_pid_vsp": [362.300537109375, 87.94486236572266, 71.8179931640625]}, "datetime": {"datetime": "2025-08-20 12:38:09", "elapsed": 2744.404634952545, "delta": 21.487751960754395}, "costs": {"total_cost": 925.0111893622317, "time_cost": 150, "final_distance_cost": 51.56937465905709, "oscillation_cost": 80.47322507130119, "completition_cost": 555.5555555555555, "overshoot_cost": 56.48724431467792, "power_cost": 16.945413513183595, "noise_cost": 13.980376248456368, "n_waypoints_completed": 4, "tot_waypoints": 9}}
{"target": -776.8099120552995, "params": {"k_pid_pos": [1.8599199056625366, 0.0261058509349823, 0.0017211735248565674], "k_pid_alt": [0.2927752733230591, 0.35876619815826416, 0.22277578711509705], "k_pid_att": [87.6949691772461, 2.200681447982788, 0.9539779424667358], "k_pid_yaw": [0.5, 1e-06, 0.1], "k_pid_hsp": [4.697823524475098, 0.3933817446231842, 0.38626235723495483], "k_pid_vsp": [400.0, 126.69033813476562, 358.33795166015625]}, "datetime": {"datetime": "2025-08-20 12:38:31", "elapsed": 2765.946357727051, "delta": 21.541722774505615}, "costs": {"total_cost": 776.8099120552995, "time_cost": 150, "final_distance_cost": 72.97098509887873, "oscillation_cost": 232.5957884792122, "completition_cost": 222.2222222222222, "overshoot_cost": 58.40832485314432, "power_cost": 22.755060546875, "noise_cost": 17.85753085496711, "n_waypoints_completed": 7, "tot_waypoints": 9}}
{"target": -1149.4642489308264, "params": {"k_pid_pos": [1.1359392404556274, 0.9001630544662476, 0.9999986290931702], "k_pid_alt": [0.16093075275421143, 0.60955411195755, 0.40833500027656555], "k_pid_att": [98.66903686523438, 8.384942054748535, 0.05567321181297302], "k_pid_yaw": [0.5, 1e-06, 0.1], "k_pid_hsp": [1.166405200958252, 0.9738490581512451, 0.3190368413925171], "k_pid_vsp": [399.9920959472656, 323.6085510253906, 69.16983032226562]}, "datetime": {"datetime": "2025-08-20 12:38:53", "elapsed": 2787.663389444351, "delta": 21.717031717300415}, "costs": {"total_cost": 1149.4642489308264, "time_cost": 150, "final_distance_cost": 92.3176296580363, "oscillation_cost": 150.47347954618357, "completition_cost": 666.6666666666667, "overshoot_cost": 51.12406736767911, "power_cost": 22.563319543457034, "noise_cost": 16.319086148803773, "n_waypoints_completed": 3, "tot_waypoints": 9}}
{"target": -1473.9227245718869, "params": {"k_pid_pos": [0.07682432979345322, 0.624644935131073, 9.968876838684082e-05], "k_pid_alt": [0.618471622467041, 0.3676054775714874, 0.2527480125427246], "k_pid_att": [96.35520935058594, 7.601589202880859, 0.8863053321838379], "k_pid_yaw": [0.5, 1e-06, 0.1], "k_pid_hsp": [8.266085624694824, 0.9665344953536987, 0.8990155458450317], "k_pid_vsp": [28.69626235961914, 385.8274841308594, 366.0492858886719]}, "datetime": {"datetime": "2025-08-20 12:39:14", "elapsed": 2809.106022119522, "delta": 21.4426326751709}, "costs": {"total_cost": 1473.9227245718869, "time_cost": 150, "final_distance_cost": 12.911565732466439, "oscillation_cost": 123.56045935863553, "completition_cost": 1000.0, "overshoot_cost": 127.69560772874449, "power_cost": 23.92880849609375, "noise_cost": 35.82628325594675, "n_waypoints_completed": 0, "tot_waypoints": 9}}
{"target": -1146.8528220039145, "params": {"k_pid_pos": [0.8524308800697327, 0.8719267845153809, 0.9993120431900024], "k_pid_alt": [0.3312985897064209, 0.6539061665534973, 0.8623707294464111], "k_pid_att": [78.77308654785156, 7.532498359680176, 0.5750370025634766], "k_pid_yaw": [0.5, 1e-06, 0.1], "k_pid_hsp": [2.515956163406372, 0.9934216737747192, 0.708139955997467], "k_pid_vsp": [0.0021696090698242188, 322.7880554199219, 63.803077697753906]}, "datetime": {"datetime": "2025-08-20 12:39:35", "elapsed": 2830.452765226364, "delta": 21.34674310684204}, "costs": {"total_cost": 1146.8528220039145, "time_cost": 150, "final_distance_cost": 47.02046974242139, "oscillation_cost": 191.68444363687033, "completition_cost": 666.6666666666667, "overshoot_cost": 50.89688261237863, "power_cost": 22.604224182128906, "noise_cost": 17.980135163448274, "n_waypoints_completed": 3, "tot_waypoints": 9}}
{"target": -1462.2167327330749, "params": {"k_pid_pos": [0.7189738154411316, 0.8327072262763977, 5.453824996948242e-06], "k_pid_alt": [0.907993733882904, 0.6427209377288818, 0.3378075957298279], "k_pid_att": [82.04142761230469, 5.548832893371582, 0.35915407538414], "k_pid_yaw": [0.5, 1e-06, 0.1], "k_pid_hsp": [4.286468982696533, 0.8200824856758118, 0.34199148416519165], "k_pid_vsp": [0.04222393035888672, 230.3509979248047, 371.2079162597656]}, "datetime": {"datetime": "2025-08-20 12:39:57", "elapsed": 2851.990991592407, "delta": 21.53822636604309}, "costs": {"total_cost": 1462.2167327330749, "time_cost": 150, "final_distance_cost": 11.194455436751092, "oscillation_cost": 75.82839043353951, "completition_cost": 1000.0, "overshoot_cost": 138.34517824558316, "power_cost": 21.189078576660158, "noise_cost": 65.65963004054093, "n_waypoints_completed": 0, "tot_waypoints": 9}}
{"target": -986.5651142142196, "params": {"k_pid_pos": [1.8470194339752197, 0.8897511959075928, 0.0011564195156097412], "k_pid_alt": [0.9641374349594116, 0.10115048289299011, 0.9579724073410034], "k_pid_att": [61.83739471435547, 7.08644437789917, 0.800458550453186], "k_pid_yaw": [0.5, 1e-06, 0.1], "k_pid_hsp": [4.0882344245910645, 0.9713031649589539, 0.8888506889343262], "k_pid_vsp": [399.99993896484375, 377.5142517089844, 40.79160690307617]}, "datetime": {"datetime": "2025-08-20 12:40:18", "elapsed": 2873.2196595668793, "delta": 21.228667974472046}, "costs": {"total_cost": 986.5651142142196, "time_cost": 150, "final_distance_cost": 39.42608128744619, "oscillation_cost": 139.74914767904053, "completition_cost": 555.5555555555555, "overshoot_cost": 60.36182007417732, "power_cost": 24.358095703125002, "noise_cost": 17.114413914875023, "n_waypoints_completed": 4, "tot_waypoints": 9}}
{"target": -1093.0820211721216, "params": {"k_pid_pos": [1.7451156377792358, 0.7501235604286194, 0.001556485891342163], "k_pid_alt": [0.15883523225784302, 0.05890098214149475, 0.5828579068183899], "k_pid_att": [96.80776977539062, 8.08298110961914, 0.32916921377182007], "k_pid_yaw": [0.5, 1e-06, 0.1], "k_pid_hsp": [7.561070442199707, 0.5822293162345886, 0.575049877166748], "k_pid_vsp": [399.999755859375, 374.388916015625, 85.94487762451172]}, "datetime": {"datetime": "2025-08-20 12:40:40", "elapsed": 2894.7182178497314, "delta": 21.498558282852173}, "costs": {"total_cost": 1093.0820211721216, "time_cost": 150, "final_distance_cost": 58.423595792600544, "oscillation_cost": 133.88348760814455, "completition_cost": 666.6666666666667, "overshoot_cost": 42.86390726426287, "power_cost": 24.228381982421876, "noise_cost": 17.015981858024713, "n_waypoints_completed": 3, "tot_waypoints": 9}}
{"target": -657.8684577016197, "params": {"k_pid_pos": [1.309513807296753, 0.8533828258514404, 0.0], "k_pid_alt": [0.37407904863357544, 0.013382703065872192, 0.10780027508735657], "k_pid_att": [95.13518524169922, 4.007670879364014, 0.9458039999008179], "k_pid_yaw": [0.5, 1e-06, 0.1], "k_pid_hsp": [0.3901175856590271, 0.9900891780853271, 0.21940910816192627], "k_pid_vsp": [397.5896911621094, 255.27085876464844, 118.52584838867188]}, "datetime": {"datetime": "2025-08-20 12:41:01", "elapsed": 2916.421117782593, "delta": 21.702899932861328}, "costs": {"total_cost": 657.8684577016197, "time_cost": 150, "final_distance_cost": 78.73887593059014, "oscillation_cost": 86.8878921226183, "completition_cost": 222.2222222222222, "overshoot_cost": 79.85515152847321, "power_cost": 23.47315407714844, "noise_cost": 16.691161820567366, "n_waypoints_completed": 7, "tot_waypoints": 9}}
{"target": -1219.1644294963467, "params": {"k_pid_pos": [1.8791484832763672, 0.5335192680358887, 0.0], "k_pid_alt": [1.4250800609588623, 0.02910754084587097, 0.7695900797843933], "k_pid_att": [71.10147094726562, 0.8174312710762024, 0.7046284079551697], "k_pid_yaw": [0.5, 1e-06, 0.1], "k_pid_hsp": [6.305517673492432, 0.939486563205719, 0.25546836853027344], "k_pid_vsp": [0.00010728836059570312, 265.7457580566406, 323.309326171875]}, "datetime": {"datetime": "2025-08-20 12:41:23", "elapsed": 2938.4535398483276, "delta": 22.032422065734863}, "costs": {"total_cost": 1219.1644294963467, "time_cost": 150, "final_distance_cost": 54.01747566393766, "oscillation_cost": 209.57804329408086, "completition_cost": 666.6666666666667, "overshoot_cost": 89.30749907720013, "power_cost": 19.665344787597657, "noise_cost": 29.92940000686379, "n_waypoints_completed": 3, "tot_waypoints": 9}}
{"target": -782.6155924309711, "params": {"k_pid_pos": [0.5418233275413513, 0.7269191145896912, 1.0], "k_pid_alt": [1.375145435333252, 0.31108251214027405, 0.534622848033905], "k_pid_att": [29.198711395263672, 0.657192051410675, 0.9135565757751465], "k_pid_yaw": [0.5, 1e-06, 0.1], "k_pid_hsp": [7.2776780128479, 0.6364212036132812, 0.2358490526676178], "k_pid_vsp": [399.86163330078125, 322.2298278808594, 55.88209533691406]}, "datetime": {"datetime": "2025-08-20 12:41:45", "elapsed": 2959.9434673786163, "delta": 21.489927530288696}, "costs": {"total_cost": 782.6155924309711, "time_cost": 150, "final_distance_cost": 65.45452405830834, "oscillation_cost": 266.15308388433385, "completition_cost": 222.2222222222222, "overshoot_cost": 45.210691385029676, "power_cost": 19.365770715332033, "noise_cost": 14.209300165745013, "n_waypoints_completed": 7, "tot_waypoints": 9}}
{"target": -794.7579899257597, "params": {"k_pid_pos": [0.4335496425628662, 0.7605816721916199, 3.7729740142822266e-05], "k_pid_alt": [1.7473657131195068, 0.4474852979183197, 0.31695556640625], "k_pid_att": [45.52479934692383, 3.573484182357788, 0.38778576254844666], "k_pid_yaw": [0.5, 1e-06, 0.1], "k_pid_hsp": [9.305912017822266, 0.8570194840431213, 0.3442208170890808], "k_pid_vsp": [400.0, 278.6116943359375, 88.49699401855469]}, "datetime": {"datetime": "2025-08-20 12:42:07", "elapsed": 2982.321129322052, "delta": 22.37766194343567}, "costs": {"total_cost": 794.7579899257597, "time_cost": 150, "final_distance_cost": 72.97206165609212, "oscillation_cost": 154.74355564888646, "completition_cost": 333.33333333333337, "overshoot_cost": 44.75108470429317, "power_cost": 22.56148447265625, "noise_cost": 16.396470110498374, "n_waypoints_completed": 6, "tot_waypoints": 9}}
{"target": -1095.4896136947045, "params": {"k_pid_pos": [1.7307071685791016, 0.5866576433181763, 0.9513620138168335], "k_pid_alt": [0.0957101583480835, 0.10298049449920654, 0.7682681083679199], "k_pid_att": [78.4571304321289, 3.8534624576568604, 0.05415797233581543], "k_pid_yaw": [0.5, 1e-06, 0.1], "k_pid_hsp": [5.7527899742126465, 0.3355299234390259, 0.15478497743606567], "k_pid_vsp": [0.04703998565673828, 396.4820861816406, 221.9962615966797]}, "datetime": {"datetime": "2025-08-20 12:42:29", "elapsed": 3003.6879031658173, "delta": 21.36677384376526}, "costs": {"total_cost": 1095.4896136947045, "time_cost": 150, "final_distance_cost": 57.54525059937604, "oscillation_cost": 336.38500635244463, "completition_cost": 444.4444444444444, "overshoot_cost": 66.93359524373436, "power_cost": 22.155878759765628, "noise_cost": 18.025438294939764, "n_waypoints_completed": 5, "tot_waypoints": 9}}
{"target": -1093.7637442906607, "params": {"k_pid_pos": [0.9302936792373657, 0.35422664880752563, 0.0], "k_pid_alt": [1.235578179359436, 0.06069135665893555, 0.6647143363952637], "k_pid_att": [22.239208221435547, 0.46330568194389343, 0.8856863379478455], "k_pid_yaw": [0.5, 1e-06, 0.1], "k_pid_hsp": [3.2595794200897217, 0.30848532915115356, 0.4899214506149292], "k_pid_vsp": [399.49114990234375, 185.7133026123047, 345.6458435058594]}, "datetime": {"datetime": "2025-08-20 12:42:50", "elapsed": 3025.099224805832, "delta": 21.41132164001465}, "costs": {"total_cost": 1093.7637442906607, "time_cost": 150, "final_distance_cost": 46.15788009077183, "oscillation_cost": 254.72140795764707, "completition_cost": 555.5555555555555, "overshoot_cost": 54.00152716564116, "power_cost": 19.147157690429687, "noise_cost": 14.180215830615504, "n_waypoints_completed": 4, "tot_waypoints": 9}}
{"target": -948.1750549680116, "params": {"k_pid_pos": [1.7301442623138428, 0.6337717771530151, 0.9999991655349731], "k_pid_alt": [0.40111738443374634, 0.15463659167289734, 0.8361743092536926], "k_pid_att": [65.13507080078125, 0.46122878789901733, 0.6690278649330139], "k_pid_yaw": [0.5, 1e-06, 0.1], "k_pid_hsp": [1.5104866027832031, 0.5694897174835205, 0.04727691411972046], "k_pid_vsp": [181.56600952148438, 356.8690490722656, 337.70123291015625]}, "datetime": {"datetime": "2025-08-20 12:43:12", "elapsed": 3047.1153478622437, "delta": 22.016123056411743}, "costs": {"total_cost": 948.1750549680116, "time_cost": 150, "final_distance_cost": 46.93967136567386, "oscillation_cost": 223.91931039292402, "completition_cost": 444.4444444444444, "overshoot_cost": 48.36690558731382, "power_cost": 18.9498154296875, "noise_cost": 15.554907747967924, "n_waypoints_completed": 5, "tot_waypoints": 9}}
{"target": -1366.3607308576886, "params": {"k_pid_pos": [0.13858506083488464, 0.9238325953483582, 2.3245811462402344e-06], "k_pid_alt": [1.2529945373535156, 0.10018318891525269, 0.7413575649261475], "k_pid_att": [21.033889770507812, 4.810413837432861, 0.8482176065444946], "k_pid_yaw": [0.5, 1e-06, 0.1], "k_pid_hsp": [3.3082997798919678, 0.9011027812957764, 0.09453260898590088], "k_pid_vsp": [140.18496704101562, 364.8506774902344, 93.9175033569336]}, "datetime": {"datetime": "2025-08-20 12:43:34", "elapsed": 3068.73482465744, "delta": 21.619476795196533}, "costs": {"total_cost": 1366.3607308576886, "time_cost": 150, "final_distance_cost": 45.45950237405801, "oscillation_cost": 96.59590424178691, "completition_cost": 1000.0, "overshoot_cost": 32.47346301022023, "power_cost": 24.676857775878908, "noise_cost": 17.155003455744435, "n_waypoints_completed": 0, "tot_waypoints": 9}}
{"target": -689.2445049182936, "params": {"k_pid_pos": [1.93434476852417, 0.034585267305374146, 0.0027469992637634277], "k_pid_alt": [0.2125980257987976, 0.056486159563064575, 0.38129347562789917], "k_pid_att": [46.520633697509766, 2.1713650226593018, 0.2611684501171112], "k_pid_yaw": [0.5, 1e-06, 0.1], "k_pid_hsp": [0.5505058765411377, 0.2370871603488922, 0.2359524369239807], "k_pid_vsp": [399.9998474121094, 392.1044006347656, 100.77616882324219]}, "datetime": {"datetime": "2025-08-20 12:43:55", "elapsed": 3090.33088183403, "delta": 21.596057176589966}, "costs": {"total_cost": 689.2445049182936, "time_cost": 150, "final_distance_cost": 71.88449499500983, "oscillation_cost": 152.5993136271309, "completition_cost": 222.2222222222222, "overshoot_cost": 52.59628641144071, "power_cost": 23.294722021484375, "noise_cost": 16.647465641005578, "n_waypoints_completed": 7, "tot_waypoints": 9}}
{"target": -725.4467728933951, "params": {"k_pid_pos": [1.03858482837677, 0.531535267829895, 1.1265277862548828e-05], "k_pid_alt": [0.6118371486663818, 0.32093745470046997, 0.5575230121612549], "k_pid_att": [92.17832946777344, 9.008896827697754, 0.31800198554992676], "k_pid_yaw": [0.5, 1e-06, 0.1], "k_pid_hsp": [2.773747444152832, 0.2781795561313629, 0.17658096551895142], "k_pid_vsp": [400.0, 389.948486328125, 212.6905975341797]}, "datetime": {"datetime": "2025-08-20 12:44:17", "elapsed": 3111.7728536129, "delta": 21.44197177886963}, "costs": {"total_cost": 725.4467728933951, "time_cost": 150, "final_distance_cost": 67.65991890055834, "oscillation_cost": 196.6778487272933, "completition_cost": 222.2222222222222, "overshoot_cost": 49.811672184483434, "power_cost": 22.31673366699219, "noise_cost": 16.758377191845657, "n_waypoints_completed": 7, "tot_waypoints": 9}}
{"target": -1453.099341047424, "params": {"k_pid_pos": [0.7624900341033936, 0.174862802028656, 0.3107171058654785], "k_pid_alt": [0.4079105854034424, 0.8061099648475647, 0.8634016513824463], "k_pid_att": [42.23414611816406, 0.5962346792221069, 0.7416567206382751], "k_pid_yaw": [0.5, 1e-06, 0.1], "k_pid_hsp": [0.22019390761852264, 0.7640670537948608, 0.3609997630119324], "k_pid_vsp": [2.9016613960266113, 285.5729064941406, 175.53958129882812]}, "datetime": {"datetime": "2025-08-20 12:44:38", "elapsed": 3133.4246649742126, "delta": 21.651811361312866}, "costs": {"total_cost": 1453.099341047424, "time_cost": 150, "final_distance_cost": 2.1166459411825667, "oscillation_cost": 90.89232240898977, "completition_cost": 1000.0, "overshoot_cost": 134.25995930442875, "power_cost": 20.43467176513672, "noise_cost": 55.39574162768618, "n_waypoints_completed": 0, "tot_waypoints": 9}}
{"target": -692.4874913984085, "params": {"k_pid_pos": [0.6835792660713196, 0.9351122379302979, 2.2649765014648438e-06], "k_pid_alt": [0.9521726965904236, 0.016270041465759277, 0.4891433119773865], "k_pid_att": [46.32590103149414, 6.374037265777588, 0.4610947370529175], "k_pid_yaw": [0.5, 1e-06, 0.1], "k_pid_hsp": [1.0535813570022583, 0.9456623792648315, 0.5940622687339783], "k_pid_vsp": [398.7909240722656, 390.27490234375, 279.10589599609375]}, "datetime": {"datetime": "2025-08-20 12:45:00", "elapsed": 3155.0860006809235, "delta": 21.661335706710815}, "costs": {"total_cost": 692.4874913984085, "time_cost": 150, "final_distance_cost": 84.81682808274866, "oscillation_cost": 118.36740682045605, "completition_cost": 222.2222222222222, "overshoot_cost": 80.38906379628544, "power_cost": 21.215550842285158, "noise_cost": 15.476419634410947, "n_waypoints_completed": 7, "tot_waypoints": 9}}
{"target": -984.1918300395838, "params": {"k_pid_pos": [0.1852966696023941, 0.8760465383529663, 0.8741628527641296], "k_pid_alt": [0.5285871028900146, 0.03838491439819336, 0.7659557461738586], "k_pid_att": [31.13491439819336, 2.1975467205047607, 0.21629831194877625], "k_pid_yaw": [0.5, 1e-06, 0.1], "k_pid_hsp": [5.134840965270996, 0.9669188261032104, 0.09917819499969482], "k_pid_vsp": [397.98681640625, 336.249267578125, 77.93447875976562]}, "datetime": {"datetime": "2025-08-20 12:45:21", "elapsed": 3176.355449438095, "delta": 21.26944875717163}, "costs": {"total_cost": 984.1918300395838, "time_cost": 150, "final_distance_cost": 53.846259835640545, "oscillation_cost": 255.62123280382488, "completition_cost": 444.4444444444444, "overshoot_cost": 43.141450569399346, "power_cost": 21.227551086425784, "noise_cost": 15.910891299848759, "n_waypoints_completed": 5, "tot_waypoints": 9}}
{"target": -1391.1731239980516, "params": {"k_pid_pos": [0.0772290825843811, 0.0958200991153717, 2.9802322387695312e-08], "k_pid_alt": [1.2161966562271118, 0.9223477840423584, 0.9147143959999084], "k_pid_att": [86.33448791503906, 0.1558033525943756, 0.6914960145950317], "k_pid_yaw": [0.5, 1e-06, 0.1], "k_pid_hsp": [2.952165365219116, 0.654170572757721, 0.5563700199127197], "k_pid_vsp": [0.19044876098632812, 375.8391418457031, 33.57508087158203]}, "datetime": {"datetime": "2025-08-20 12:45:43", "elapsed": 3197.9891300201416, "delta": 21.63368058204651}, "costs": {"total_cost": 1391.1731239980516, "time_cost": 150, "final_distance_cost": 86.82855247914064, "oscillation_cost": 301.16960470326654, "completition_cost": 777.7777777777778, "overshoot_cost": 39.352147004499464, "power_cost": 21.00563690185547, "noise_cost": 15.039405131511456, "n_waypoints_completed": 2, "tot_waypoints": 9}}
