{"target": -223.59811885355376, "params": {"k_pid_pos": [1.8904082775115967, 0.04841151833534241, 0.0], "k_pid_alt": [1.9625957012176514, 0.015553385019302368, 0.9459413290023804], "k_pid_att": [98.29171752929688, 0.5999324917793274, 0.9864538311958313], "k_pid_yaw": [0.5, 1e-06, 0.1], "k_pid_hsp": [9.493935585021973, 0.9822685718536377, 0.08042103052139282], "k_pid_vsp": [400.0, 389.8486633300781, 4.539073467254639]}, "datetime": {"datetime": "2025-08-20 19:24:30", "elapsed": 27125.0832631588, "delta": 17.738885402679443}, "costs": {"total_cost": 223.59811885355376, "time_cost": 69.544, "final_distance_cost": 1.7396280871301817, "oscillation_cost": 76.88502041966095, "completition_cost": 0.0, "overshoot_cost": 50.27874503429714, "power_cost": 13.454585498046876, "noise_cost": 11.696139814418618, "n_waypoints_completed": 9, "tot_waypoints": 9}}
{"target": -276.2145394711458, "params": {"k_pid_pos": [1.983237385749817, 0.10892000794410706, 2.5033950805664062e-06], "k_pid_alt": [1.987633228302002, 0.09974294900894165, 0.9552050232887268], "k_pid_att": [89.39138793945312, 0.08196169137954712, 0.9668233394622803], "k_pid_yaw": [0.5, 1e-06, 0.1], "k_pid_hsp": [9.98702621459961, 0.9882065057754517, 0.014639675617218018], "k_pid_vsp": [399.999755859375, 388.5689697265625, 5.660165309906006]}, "datetime": {"datetime": "2025-08-20 19:24:52", "elapsed": 27147.19232726097, "delta": 22.10906410217285}, "costs": {"total_cost": 276.2145394711458, "time_cost": 97.85600000000001, "final_distance_cost": 1.763639777632351, "oscillation_cost": 91.21290775116987, "completition_cost": 0.0, "overshoot_cost": 52.38827531793644, "power_cost": 17.583098059082033, "noise_cost": 15.41061856532515, "n_waypoints_completed": 9, "tot_waypoints": 9}}
{"target": -223.45087350095542, "params": {"k_pid_pos": [1.819929838180542, 0.0039034783840179443, 0.0], "k_pid_alt": [1.9853897094726562, 0.06635236740112305, 0.9592169523239136], "k_pid_att": [99.37852478027344, 0.27987244725227356, 0.9947035908699036], "k_pid_yaw": [0.5, 1e-06, 0.1], "k_pid_hsp": [9.91103744506836, 0.8685146570205688, 0.012644678354263306], "k_pid_vsp": [399.9808654785156, 347.50738525390625, 4.189992904663086]}, "datetime": {"datetime": "2025-08-20 19:25:10", "elapsed": 27165.413278102875, "delta": 18.220950841903687}, "costs": {"total_cost": 223.45087350095542, "time_cost": 73.552, "final_distance_cost": 1.7957916415518829, "oscillation_cost": 71.42469465293365, "completition_cost": 0.0, "overshoot_cost": 50.82543826338676, "power_cost": 13.730423608398437, "noise_cost": 12.122525334684685, "n_waypoints_completed": 9, "tot_waypoints": 9}}
{"target": -218.7589803394804, "params": {"k_pid_pos": [1.9575095176696777, 0.04481804370880127, 0.0], "k_pid_alt": [1.9798846244812012, 0.040227681398391724, 0.9879858493804932], "k_pid_att": [99.5091323852539, 0.2516278624534607, 0.9421110153198242], "k_pid_yaw": [0.5, 1e-06, 0.1], "k_pid_hsp": [9.7268705368042, 0.9653265476226807, 0.02765733003616333], "k_pid_vsp": [399.99993896484375, 365.70977783203125, 18.274477005004883]}, "datetime": {"datetime": "2025-08-20 19:25:26", "elapsed": 27180.924555540085, "delta": 15.511277437210083}, "costs": {"total_cost": 218.7589803394804, "time_cost": 69.688, "final_distance_cost": 1.757064994343629, "oscillation_cost": 69.58342107860129, "completition_cost": 0.0, "overshoot_cost": 51.207150014980634, "power_cost": 14.758900415039063, "noise_cost": 11.76444383651577, "n_waypoints_completed": 9, "tot_waypoints": 9}}
{"target": -213.17048355081454, "params": {"k_pid_pos": [1.984722375869751, 0.010110646486282349, 0.0], "k_pid_alt": [1.984379529953003, 0.05195048451423645, 0.9263441562652588], "k_pid_att": [98.0215072631836, 0.0395471528172493, 0.9875551462173462], "k_pid_yaw": [0.5, 1e-06, 0.1], "k_pid_hsp": [9.85323429107666, 0.9775820970535278, 0.01582297682762146], "k_pid_vsp": [400.0, 385.4281005859375, 26.542760848999023]}, "datetime": {"datetime": "2025-08-20 19:25:43", "elapsed": 27197.775753498077, "delta": 16.851197957992554}, "costs": {"total_cost": 213.17048355081454, "time_cost": 69.904, "final_distance_cost": 1.733853672871321, "oscillation_cost": 62.47358328248092, "completition_cost": 0.0, "overshoot_cost": 51.0677519497569, "power_cost": 15.77783397216797, "noise_cost": 12.21346067353745, "n_waypoints_completed": 9, "tot_waypoints": 9}}
{"target": -210.18824647784587, "params": {"k_pid_pos": [1.9554694890975952, 0.02748006582260132, 1.1920928955078125e-07], "k_pid_alt": [1.9662692546844482, 0.008759856224060059, 0.9940934181213379], "k_pid_att": [99.88076782226562, 0.1470707654953003, 0.9917294979095459], "k_pid_yaw": [0.5, 1e-06, 0.1], "k_pid_hsp": [9.956445693969727, 0.9918946027755737, 0.013062626123428345], "k_pid_vsp": [400.0, 389.4035339355469, 47.53548049926758]}, "datetime": {"datetime": "2025-08-20 19:25:59", "elapsed": 27213.809440374374, "delta": 16.033686876296997}, "costs": {"total_cost": 210.18824647784587, "time_cost": 69.52, "final_distance_cost": 1.752708600684922, "oscillation_cost": 66.09616800256165, "completition_cost": 0.0, "overshoot_cost": 50.23302044603922, "power_cost": 12.381497277832032, "noise_cost": 10.204852150728009, "n_waypoints_completed": 9, "tot_waypoints": 9}}
{"target": -218.0280891922041, "params": {"k_pid_pos": [1.9652389287948608, 0.03392711281776428, 0.0], "k_pid_alt": [1.9867656230926514, 0.027289271354675293, 0.9625834226608276], "k_pid_att": [92.71930694580078, 0.18704690039157867, 0.9397289752960205], "k_pid_yaw": [0.5, 1e-06, 0.1], "k_pid_hsp": [9.943443298339844, 0.9905571937561035, 0.02448982000350952], "k_pid_vsp": [400.0, 394.9922180175781, 4.3951640129089355]}, "datetime": {"datetime": "2025-08-20 19:26:14", "elapsed": 27229.116572856903, "delta": 15.307132482528687}, "costs": {"total_cost": 218.0280891922041, "time_cost": 69.728, "final_distance_cost": 1.760684764321213, "oscillation_cost": 70.93208580071311, "completition_cost": 0.0, "overshoot_cost": 50.99247885807605, "power_cost": 13.068671435546875, "noise_cost": 11.546168333546866, "n_waypoints_completed": 9, "tot_waypoints": 9}}
{"target": -224.83825221310724, "params": {"k_pid_pos": [1.9429153203964233, 0.01864790916442871, 0.0], "k_pid_alt": [1.9933974742889404, 0.07079160213470459, 0.9766345024108887], "k_pid_att": [97.93267822265625, 0.384832501411438, 0.9830207824707031], "k_pid_yaw": [0.5, 1e-06, 0.1], "k_pid_hsp": [9.516602516174316, 0.9746414422988892, 0.004527300596237183], "k_pid_vsp": [400.0, 398.65435791015625, 2.597011089324951]}, "datetime": {"datetime": "2025-08-20 19:26:33", "elapsed": 27247.565844774246, "delta": 18.44927191734314}, "costs": {"total_cost": 224.83825221310724, "time_cost": 81.0, "final_distance_cost": 1.7458391249895273, "oscillation_cost": 61.33167579762444, "completition_cost": 0.0, "overshoot_cost": 52.493358454376384, "power_cost": 15.085160693359375, "noise_cost": 13.1822181427575, "n_waypoints_completed": 9, "tot_waypoints": 9}}
{"target": -281.29509537549353, "params": {"k_pid_pos": [1.9423109292984009, 0.03019428253173828, 0.0], "k_pid_alt": [1.9418253898620605, 0.12856709957122803, 0.9978204965591431], "k_pid_att": [99.06867980957031, 0.633970320224762, 0.9874453544616699], "k_pid_yaw": [0.5, 1e-06, 0.1], "k_pid_hsp": [9.913013458251953, 0.9515104293823242, 0.022764533758163452], "k_pid_vsp": [400.0, 381.41937255859375, 1.9834766387939453]}, "datetime": {"datetime": "2025-08-20 19:26:56", "elapsed": 27271.30364871025, "delta": 23.73780393600464}, "costs": {"total_cost": 281.29509537549353, "time_cost": 99.47200000000001, "final_distance_cost": 1.7721892698091943, "oscillation_cost": 93.99520899837113, "completition_cost": 0.0, "overshoot_cost": 52.49286083333712, "power_cost": 18.058546972656252, "noise_cost": 15.504289301319853, "n_waypoints_completed": 9, "tot_waypoints": 9}}
{"target": -211.9348990128749, "params": {"k_pid_pos": [1.9855221509933472, 0.005447506904602051, 0.0], "k_pid_alt": [1.9725773334503174, 0.043549686670303345, 0.9889194965362549], "k_pid_att": [99.42022705078125, 0.10239247232675552, 0.885394811630249], "k_pid_yaw": [0.5, 1e-06, 0.1], "k_pid_hsp": [9.623025894165039, 0.9840434789657593, 0.026557445526123047], "k_pid_vsp": [400.0, 394.7840576171875, 19.193567276000977]}, "datetime": {"datetime": "2025-08-20 19:27:11", "elapsed": 27286.480152130127, "delta": 15.176503419876099}, "costs": {"total_cost": 211.9348990128749, "time_cost": 69.624, "final_distance_cost": 1.7808641583737796, "oscillation_cost": 65.05517634907751, "completition_cost": 0.0, "overshoot_cost": 51.36521667469593, "power_cost": 13.067106665039063, "noise_cost": 11.042535165688644, "n_waypoints_completed": 9, "tot_waypoints": 9}}
{"target": -217.91468611313084, "params": {"k_pid_pos": [1.9777815341949463, 0.005261361598968506, 0.0], "k_pid_alt": [1.970292091369629, 0.023968666791915894, 0.986438512802124], "k_pid_att": [97.59097290039062, 0.11449208855628967, 0.9816495180130005], "k_pid_yaw": [0.5, 1e-06, 0.1], "k_pid_hsp": [9.360311508178711, 0.925078809261322, 0.002904057502746582], "k_pid_vsp": [400.0, 391.6188659667969, 13.865066528320312]}, "datetime": {"datetime": "2025-08-20 19:27:29", "elapsed": 27303.724826574326, "delta": 17.24467444419861}, "costs": {"total_cost": 217.91468611313084, "time_cost": 69.632, "final_distance_cost": 1.7786212919471316, "oscillation_cost": 66.41234014891823, "completition_cost": 0.0, "overshoot_cost": 50.43510741194899, "power_cost": 16.817180615234374, "noise_cost": 12.839436645082118, "n_waypoints_completed": 9, "tot_waypoints": 9}}
{"target": -347.6707412401549, "params": {"k_pid_pos": [1.9323627948760986, 0.010690301656723022, 0.9960348606109619], "k_pid_alt": [1.9135547876358032, 0.06054571270942688, 0.9806231260299683], "k_pid_att": [97.91048431396484, 0.11175715923309326, 0.9880437850952148], "k_pid_yaw": [0.5, 1e-06, 0.1], "k_pid_hsp": [9.459668159484863, 0.8278088569641113, 0.1378614902496338], "k_pid_vsp": [400.0, 389.98565673828125, 12.263346672058105]}, "datetime": {"datetime": "2025-08-20 19:27:45", "elapsed": 27319.965388059616, "delta": 16.240561485290527}, "costs": {"total_cost": 347.6707412401549, "time_cost": 75.512, "final_distance_cost": 1.8528458650027058, "oscillation_cost": 190.12060488131763, "completition_cost": 0.0, "overshoot_cost": 51.04869832403162, "power_cost": 15.714567687988282, "noise_cost": 13.422024481814613, "n_waypoints_completed": 9, "tot_waypoints": 9}}
{"target": -207.4533226304025, "params": {"k_pid_pos": [1.9687689542770386, 0.011866271495819092, 0.0], "k_pid_alt": [1.9171380996704102, 0.012681692838668823, 0.9870333671569824], "k_pid_att": [98.91410827636719, 0.05357913672924042, 0.9651188850402832], "k_pid_yaw": [0.5, 1e-06, 0.1], "k_pid_hsp": [9.938952445983887, 0.9941611289978027, 0.017221033573150635], "k_pid_vsp": [400.0, 395.31939697265625, 14.689851760864258]}, "datetime": {"datetime": "2025-08-20 19:28:02", "elapsed": 27337.38559937477, "delta": 17.42021131515503}, "costs": {"total_cost": 207.4533226304025, "time_cost": 69.672, "final_distance_cost": 1.7294251081396794, "oscillation_cost": 62.305516852975735, "completition_cost": 0.0, "overshoot_cost": 50.434533634933885, "power_cost": 12.640334191894532, "noise_cost": 10.671512842458654, "n_waypoints_completed": 9, "tot_waypoints": 9}}
{"target": -236.65977097496483, "params": {"k_pid_pos": [1.9650827646255493, 0.06376844644546509, 0.0], "k_pid_alt": [1.9771654605865479, 0.022517651319503784, 0.9200601577758789], "k_pid_att": [88.34162902832031, 0.18928921222686768, 0.9655605554580688], "k_pid_yaw": [0.5, 1e-06, 0.1], "k_pid_hsp": [9.837262153625488, 0.9675593972206116, 0.011180311441421509], "k_pid_vsp": [0.10776519775390625, 381.9693908691406, 8.40314769744873]}, "datetime": {"datetime": "2025-08-20 19:28:19", "elapsed": 27353.785336494446, "delta": 16.399737119674683}, "costs": {"total_cost": 236.65977097496483, "time_cost": 75.312, "final_distance_cost": 1.7633799676675375, "oscillation_cost": 79.36806182889876, "completition_cost": 0.0, "overshoot_cost": 53.3831203366094, "power_cost": 15.566195971679688, "noise_cost": 11.267012870109454, "n_waypoints_completed": 9, "tot_waypoints": 9}}
{"target": -213.20789414348707, "params": {"k_pid_pos": [1.9336801767349243, 0.03349024057388306, 0.0], "k_pid_alt": [1.9907734394073486, 0.03654897212982178, 0.9805326461791992], "k_pid_att": [89.61746978759766, 0.0168797317892313, 0.9890061020851135], "k_pid_yaw": [0.5, 1e-06, 0.1], "k_pid_hsp": [9.46302318572998, 0.9720455408096313, 0.00873720645904541], "k_pid_vsp": [400.0, 398.2015075683594, 24.29353141784668]}, "datetime": {"datetime": "2025-08-20 19:28:35", "elapsed": 27369.59750175476, "delta": 15.812165260314941}, "costs": {"total_cost": 213.20789414348707, "time_cost": 69.464, "final_distance_cost": 1.7838249692087245, "oscillation_cost": 60.14168184690079, "completition_cost": 0.0, "overshoot_cost": 50.30574800567359, "power_cost": 18.137831494140627, "noise_cost": 13.374807827563368, "n_waypoints_completed": 9, "tot_waypoints": 9}}
{"target": -212.79405440448176, "params": {"k_pid_pos": [1.9599069356918335, 0.04746297001838684, 6.440281867980957e-05], "k_pid_alt": [1.9615027904510498, 0.04815411567687988, 0.9929728507995605], "k_pid_att": [97.53250122070312, 0.6493049263954163, 0.9956375360488892], "k_pid_yaw": [0.5, 1e-06, 0.1], "k_pid_hsp": [9.849093437194824, 0.9869877099990845, 0.004015237092971802], "k_pid_vsp": [399.99993896484375, 395.1324462890625, 15.466381072998047]}, "datetime": {"datetime": "2025-08-20 19:28:51", "elapsed": 27385.867906570435, "delta": 16.270404815673828}, "costs": {"total_cost": 212.79405440448176, "time_cost": 69.784, "final_distance_cost": 1.7888926310184603, "oscillation_cost": 62.94137961352975, "completition_cost": 0.0, "overshoot_cost": 51.15048227408666, "power_cost": 15.259833715820314, "noise_cost": 11.86946617002656, "n_waypoints_completed": 9, "tot_waypoints": 9}}
{"target": -296.1732369763597, "params": {"k_pid_pos": [1.9769349098205566, 0.03353050351142883, 0.0], "k_pid_alt": [1.9349982738494873, 0.1327638030052185, 0.9644975662231445], "k_pid_att": [98.77662658691406, 0.10469407588243484, 0.9773893356323242], "k_pid_yaw": [0.5, 1e-06, 0.1], "k_pid_hsp": [9.961047172546387, 0.9747012853622437, 0.025418370962142944], "k_pid_vsp": [400.0, 395.0946350097656, 33.697174072265625]}, "datetime": {"datetime": "2025-08-20 19:29:12", "elapsed": 27407.150592565536, "delta": 21.28268599510193}, "costs": {"total_cost": 296.1732369763597, "time_cost": 99.176, "final_distance_cost": 1.768080964276177, "oscillation_cost": 107.89241683953658, "completition_cost": 0.0, "overshoot_cost": 51.980624848900625, "power_cost": 20.01085261230469, "noise_cost": 15.345261711341584, "n_waypoints_completed": 9, "tot_waypoints": 9}}
{"target": -216.52639850449975, "params": {"k_pid_pos": [1.9865103960037231, 0.034767329692840576, 4.470348358154297e-07], "k_pid_alt": [1.9715150594711304, 0.033454835414886475, 0.9815245866775513], "k_pid_att": [98.82521057128906, 0.09429257363080978, 0.9902123212814331], "k_pid_yaw": [0.5, 1e-06, 0.1], "k_pid_hsp": [9.855766296386719, 0.9970264434814453, 0.0066322386264801025], "k_pid_vsp": [400.0, 393.3392028808594, 22.79448699951172]}, "datetime": {"datetime": "2025-08-20 19:29:28", "elapsed": 27423.063428401947, "delta": 15.912835836410522}, "costs": {"total_cost": 216.52639850449975, "time_cost": 69.8, "final_distance_cost": 1.7248362497147014, "oscillation_cost": 64.73445125929304, "completition_cost": 0.0, "overshoot_cost": 50.24981359973308, "power_cost": 17.08871424560547, "noise_cost": 12.9285831501535, "n_waypoints_completed": 9, "tot_waypoints": 9}}
{"target": -211.92355524294834, "params": {"k_pid_pos": [1.9922984838485718, 0.004398852586746216, 1.5497207641601562e-06], "k_pid_alt": [1.9477994441986084, 0.0021592378616333008, 0.9366071224212646], "k_pid_att": [98.02275085449219, 0.04944976791739464, 0.9920822381973267], "k_pid_yaw": [0.5, 1e-06, 0.1], "k_pid_hsp": [9.946939468383789, 0.6294208765029907, 0.019720613956451416], "k_pid_vsp": [400.0, 393.8579406738281, 25.564409255981445]}, "datetime": {"datetime": "2025-08-20 19:29:44", "elapsed": 27438.969556331635, "delta": 15.9061279296875}, "costs": {"total_cost": 211.92355524294834, "time_cost": 69.60000000000001, "final_distance_cost": 1.7791810618792243, "oscillation_cost": 65.71733873271333, "completition_cost": 0.0, "overshoot_cost": 50.3266286311456, "power_cost": 13.449190075683594, "noise_cost": 11.051216741526579, "n_waypoints_completed": 9, "tot_waypoints": 9}}
{"target": -218.73749079059684, "params": {"k_pid_pos": [1.9621186256408691, 0.00870126485824585, 0.0], "k_pid_alt": [1.9092247486114502, 0.04804953932762146, 0.9874228835105896], "k_pid_att": [96.31975555419922, 0.06547699868679047, 0.9725111722946167], "k_pid_yaw": [0.5, 1e-06, 0.1], "k_pid_hsp": [9.960610389709473, 0.9699146747589111, 0.02136063575744629], "k_pid_vsp": [400.0, 384.1231384277344, 6.00638484954834]}, "datetime": {"datetime": "2025-08-20 19:29:59", "elapsed": 27454.048894405365, "delta": 15.079338073730469}, "costs": {"total_cost": 218.73749079059684, "time_cost": 69.936, "final_distance_cost": 1.7819398049748063, "oscillation_cost": 71.47950215375015, "completition_cost": 0.0, "overshoot_cost": 50.76471531806227, "power_cost": 13.159133825683595, "noise_cost": 11.616199688125986, "n_waypoints_completed": 9, "tot_waypoints": 9}}
{"target": -213.69510850317258, "params": {"k_pid_pos": [1.957275390625, 0.03185772895812988, 0.0], "k_pid_alt": [1.9359962940216064, 0.0467894971370697, 0.6781616806983948], "k_pid_att": [95.33438873291016, 0.31597402691841125, 0.9649287462234497], "k_pid_yaw": [0.5, 1e-06, 0.1], "k_pid_hsp": [9.846443176269531, 0.974471926689148, 0.04299786686897278], "k_pid_vsp": [400.0, 387.7884826660156, 49.29329299926758]}, "datetime": {"datetime": "2025-08-20 19:30:15", "elapsed": 27470.008167743683, "delta": 15.959273338317871}, "costs": {"total_cost": 213.69510850317258, "time_cost": 69.312, "final_distance_cost": 1.7695279000239368, "oscillation_cost": 67.31867880392399, "completition_cost": 0.0, "overshoot_cost": 49.94134752633024, "power_cost": 14.004593957519532, "noise_cost": 11.3489603153749, "n_waypoints_completed": 9, "tot_waypoints": 9}}
{"target": -472.3316082639351, "params": {"k_pid_pos": [1.9939450025558472, 0.0255279541015625, 0.0], "k_pid_alt": [1.9274330139160156, 0.1885659098625183, 0.9792706966400146], "k_pid_att": [96.8077163696289, 0.06581108272075653, 0.9897148609161377], "k_pid_yaw": [0.5, 1e-06, 0.1], "k_pid_hsp": [9.903911590576172, 0.9939262270927429, 0.03119775652885437], "k_pid_vsp": [400.0, 398.3899230957031, 7.901955604553223]}, "datetime": {"datetime": "2025-08-20 19:30:38", "elapsed": 27492.7327811718, "delta": 22.724613428115845}, "costs": {"total_cost": 472.3316082639351, "time_cost": 150, "final_distance_cost": 11.644209995386563, "oscillation_cost": 113.48083363158038, "completition_cost": 111.11111111111116, "overshoot_cost": 51.95749572788826, "power_cost": 18.682356787109377, "noise_cost": 15.455601010859393, "n_waypoints_completed": 8, "tot_waypoints": 9}}
{"target": -231.6462196035879, "params": {"k_pid_pos": [1.7870734930038452, 0.006583213806152344, 0.0], "k_pid_alt": [1.96036958694458, 0.06000173091888428, 0.9572713971138], "k_pid_att": [99.05917358398438, 0.1018935814499855, 0.9881979823112488], "k_pid_yaw": [0.5, 1e-06, 0.1], "k_pid_hsp": [9.601487159729004, 0.9665390849113464, 0.02781122922897339], "k_pid_vsp": [400.0, 398.2516784667969, 8.587599754333496]}, "datetime": {"datetime": "2025-08-20 19:30:53", "elapsed": 27507.620329856873, "delta": 14.887548685073853}, "costs": {"total_cost": 231.6462196035879, "time_cost": 69.504, "final_distance_cost": 1.799706602308697, "oscillation_cost": 83.11299539447148, "completition_cost": 0.0, "overshoot_cost": 51.10717309003924, "power_cost": 14.113318408203126, "noise_cost": 12.00902610856533, "n_waypoints_completed": 9, "tot_waypoints": 9}}
{"target": -218.8819737876653, "params": {"k_pid_pos": [1.9774919748306274, 0.004155367612838745, 0.0], "k_pid_alt": [1.9649924039840698, 0.040684133768081665, 0.9553313851356506], "k_pid_att": [91.39535522460938, 0.5543443560600281, 0.9737213850021362], "k_pid_yaw": [0.5, 1e-06, 0.1], "k_pid_hsp": [9.913894653320312, 0.9851821660995483, 0.029170513153076172], "k_pid_vsp": [400.0, 323.5911865234375, 13.812447547912598]}, "datetime": {"datetime": "2025-08-20 19:31:10", "elapsed": 27524.6996011734, "delta": 17.07927131652832}, "costs": {"total_cost": 218.8819737876653, "time_cost": 69.60000000000001, "final_distance_cost": 1.7530069525295016, "oscillation_cost": 71.86431649621653, "completition_cost": 0.0, "overshoot_cost": 50.961827211818985, "power_cost": 13.49941024169922, "noise_cost": 11.203412885401026, "n_waypoints_completed": 9, "tot_waypoints": 9}}
{"target": -214.21320713149672, "params": {"k_pid_pos": [1.7708053588867188, 0.0996921956539154, 0.0], "k_pid_alt": [1.8023302555084229, 0.004225492477416992, 0.9168028831481934], "k_pid_att": [93.28559875488281, 0.04309925436973572, 0.9803375601768494], "k_pid_yaw": [0.5, 1e-06, 0.1], "k_pid_hsp": [9.827706336975098, 0.9941301345825195, 0.042832523584365845], "k_pid_vsp": [400.0, 374.93157958984375, 24.403085708618164]}, "datetime": {"datetime": "2025-08-20 19:31:25", "elapsed": 27539.88572049141, "delta": 15.186119318008423}, "costs": {"total_cost": 214.21320713149672, "time_cost": 69.616, "final_distance_cost": 1.7575612542615977, "oscillation_cost": 66.1740004373405, "completition_cost": 0.0, "overshoot_cost": 49.88138060262031, "power_cost": 14.91411600341797, "noise_cost": 11.870148833856337, "n_waypoints_completed": 9, "tot_waypoints": 9}}
