{"target": -205.58245442344287, "params": {"k_pid_pos": [1.8996919393539429, 0.02324044704437256, 0.0], "k_pid_alt": [1.9301512241363525, 0.028904825448989868, 0.8598884344100952], "k_pid_att": [97.50241088867188, 0.15138639509677887, 0.9831174612045288], "k_pid_yaw": [0.5, 1e-06, 0.1], "k_pid_hsp": [9.611966133117676, 0.9687721133232117, 0.005706131458282471], "k_pid_vsp": [400.0, 393.32623291015625, 9.430541038513184]}, "datetime": {"datetime": "2025-08-20 20:34:17", "elapsed": 31312.47862291336, "delta": 16.967109441757202}, "costs": {"total_cost": 205.58245442344287, "time_cost": 69.52, "final_distance_cost": 1.7341490658985743, "oscillation_cost": 58.866814102237086, "completition_cost": 0.0, "overshoot_cost": 50.27514170691951, "power_cost": 13.734014233398439, "noise_cost": 11.45233531498927, "n_waypoints_completed": 9, "tot_waypoints": 9}}
{"target": -221.36729770229243, "params": {"k_pid_pos": [1.9249805212020874, 0.021906375885009766, 0.0], "k_pid_alt": [1.9534891843795776, 0.030421674251556396, 0.9886876344680786], "k_pid_att": [97.96503448486328, 0.06550084054470062, 0.9753869771957397], "k_pid_yaw": [0.5, 1e-06, 0.1], "k_pid_hsp": [9.810484886169434, 0.9820858240127563, 0.02945178747177124], "k_pid_vsp": [400.0, 396.3803405761719, 7.832242012023926]}, "datetime": {"datetime": "2025-08-20 20:34:33", "elapsed": 31328.42581653595, "delta": 15.947193622589111}, "costs": {"total_cost": 221.36729770229243, "time_cost": 69.544, "final_distance_cost": 1.7658764025431815, "oscillation_cost": 74.95537875200434, "completition_cost": 0.0, "overshoot_cost": 50.48682702854738, "power_cost": 13.128550305175782, "noise_cost": 11.486665214021732, "n_waypoints_completed": 9, "tot_waypoints": 9}}
{"target": -227.11198971957862, "params": {"k_pid_pos": [1.9815248250961304, 0.005545586347579956, 0.0], "k_pid_alt": [1.8639957904815674, 0.007799297571182251, 0.9913316965103149], "k_pid_att": [99.53031921386719, 0.5321153402328491, 0.9713723659515381], "k_pid_yaw": [0.5, 1e-06, 0.1], "k_pid_hsp": [9.760997772216797, 0.9720940589904785, 0.01905280351638794], "k_pid_vsp": [400.0, 382.1678161621094, 5.916369915008545]}, "datetime": {"datetime": "2025-08-20 20:34:51", "elapsed": 31345.987878084183, "delta": 17.562061548233032}, "costs": {"total_cost": 227.11198971957862, "time_cost": 70.128, "final_distance_cost": 1.751482414681156, "oscillation_cost": 80.05980579953749, "completition_cost": 0.0, "overshoot_cost": 50.347408368976986, "power_cost": 13.214264794921876, "noise_cost": 11.611028341461102, "n_waypoints_completed": 9, "tot_waypoints": 9}}
{"target": -218.12589458242098, "params": {"k_pid_pos": [1.9557033777236938, 0.013826251029968262, 0.0], "k_pid_alt": [1.894566297531128, 0.0038836300373077393, 0.9968847036361694], "k_pid_att": [95.79269409179688, 0.058999232947826385, 0.9752495884895325], "k_pid_yaw": [0.5, 1e-06, 0.1], "k_pid_hsp": [9.442981719970703, 0.9797590970993042, 0.023531556129455566], "k_pid_vsp": [400.0, 397.611083984375, 16.05963897705078]}, "datetime": {"datetime": "2025-08-20 20:35:06", "elapsed": 31360.714661836624, "delta": 14.726783752441406}, "costs": {"total_cost": 218.12589458242098, "time_cost": 69.792, "final_distance_cost": 1.7623185460049495, "oscillation_cost": 73.94202421370944, "completition_cost": 0.0, "overshoot_cost": 50.00048455570455, "power_cost": 12.358182421875, "noise_cost": 10.270884845127032, "n_waypoints_completed": 9, "tot_waypoints": 9}}
{"target": -215.3979989736493, "params": {"k_pid_pos": [1.9686505794525146, 0.010861784219741821, 5.960464477539062e-07], "k_pid_alt": [1.8588581085205078, 0.05974307656288147, 0.973903238773346], "k_pid_att": [99.89775085449219, 0.05633820965886116, 0.973686695098877], "k_pid_yaw": [0.5, 1e-06, 0.1], "k_pid_hsp": [9.736660957336426, 0.9662996530532837, 0.009857803583145142], "k_pid_vsp": [400.0, 374.6770935058594, 27.26451301574707]}, "datetime": {"datetime": "2025-08-20 20:35:23", "elapsed": 31377.762630462646, "delta": 17.04796862602234}, "costs": {"total_cost": 215.3979989736493, "time_cost": 69.824, "final_distance_cost": 1.7766427785335295, "oscillation_cost": 67.13863170784876, "completition_cost": 0.0, "overshoot_cost": 50.89163082031037, "power_cost": 14.43609822998047, "noise_cost": 11.330995436976185, "n_waypoints_completed": 9, "tot_waypoints": 9}}
{"target": -273.5198965437642, "params": {"k_pid_pos": [1.9051188230514526, 0.04188796877861023, 0.0], "k_pid_alt": [1.963407278060913, 0.04774737358093262, 0.9931148290634155], "k_pid_att": [99.32691192626953, 0.14413675665855408, 0.9852761030197144], "k_pid_yaw": [0.5, 1e-06, 0.1], "k_pid_hsp": [9.124772071838379, 0.9833176136016846, 0.20832526683807373], "k_pid_vsp": [400.0, 390.6206970214844, 21.660043716430664]}, "datetime": {"datetime": "2025-08-20 20:35:38", "elapsed": 31392.94430398941, "delta": 15.181673526763916}, "costs": {"total_cost": 273.5198965437642, "time_cost": 69.776, "final_distance_cost": 1.7243751651971029, "oscillation_cost": 125.3080059599641, "completition_cost": 0.0, "overshoot_cost": 50.85001940098001, "power_cost": 14.19433486328125, "noise_cost": 11.66716115434179, "n_waypoints_completed": 9, "tot_waypoints": 9}}
{"target": -236.15348936654516, "params": {"k_pid_pos": [1.925110101699829, 0.06409341096878052, 2.9802322387695312e-08], "k_pid_alt": [1.9725886583328247, 0.06875696778297424, 0.9836924076080322], "k_pid_att": [99.86886596679688, 0.17403444647789001, 0.9437549114227295], "k_pid_yaw": [0.5, 1e-06, 0.1], "k_pid_hsp": [9.168800354003906, 0.993443489074707, 0.016654402017593384], "k_pid_vsp": [400.0, 386.7251281738281, 25.546003341674805]}, "datetime": {"datetime": "2025-08-20 20:35:56", "elapsed": 31410.92298269272, "delta": 17.978678703308105}, "costs": {"total_cost": 236.15348936654516, "time_cost": 77.88, "final_distance_cost": 1.7963647696422267, "oscillation_cost": 72.62442704789775, "completition_cost": 0.0, "overshoot_cost": 52.14755651081908, "power_cost": 17.927667529296876, "noise_cost": 13.777473508889255, "n_waypoints_completed": 9, "tot_waypoints": 9}}
{"target": -226.27969570842163, "params": {"k_pid_pos": [1.9841679334640503, 0.1713123321533203, 0.0], "k_pid_alt": [1.8467885255813599, 0.013034611940383911, 0.9712811708450317], "k_pid_att": [99.01457977294922, 0.11647392809391022, 0.9532837867736816], "k_pid_yaw": [0.5, 1e-06, 0.1], "k_pid_hsp": [9.943097114562988, 0.9846200942993164, 0.032444655895233154], "k_pid_vsp": [399.97723388671875, 355.8525085449219, 6.70753812789917]}, "datetime": {"datetime": "2025-08-20 20:36:12", "elapsed": 31427.38602256775, "delta": 16.463039875030518}, "costs": {"total_cost": 226.27969570842163, "time_cost": 70.328, "final_distance_cost": 1.7276789162660702, "oscillation_cost": 79.65412610151894, "completition_cost": 0.0, "overshoot_cost": 49.39193585023386, "power_cost": 13.390373181152345, "noise_cost": 11.7875816592504, "n_waypoints_completed": 9, "tot_waypoints": 9}}
{"target": -221.916572886629, "params": {"k_pid_pos": [1.9537333250045776, 0.01916077733039856, 0.051174700260162354], "k_pid_alt": [1.9653956890106201, 0.03456759452819824, 0.9705156087875366], "k_pid_att": [88.57110595703125, 0.07600873708724976, 0.9949039220809937], "k_pid_yaw": [0.5, 1e-06, 0.1], "k_pid_hsp": [9.731368064880371, 0.9901076555252075, 0.019614875316619873], "k_pid_vsp": [400.0, 381.0212097167969, 1.6135821342468262]}, "datetime": {"datetime": "2025-08-20 20:36:27", "elapsed": 31442.317113161087, "delta": 14.931090593338013}, "costs": {"total_cost": 221.916572886629, "time_cost": 69.304, "final_distance_cost": 1.761130386960901, "oscillation_cost": 76.3755080066255, "completition_cost": 0.0, "overshoot_cost": 49.90039978723477, "power_cost": 13.087944091796876, "noise_cost": 11.487590614010966, "n_waypoints_completed": 9, "tot_waypoints": 9}}
{"target": -215.45525083791924, "params": {"k_pid_pos": [1.9549247026443481, 0.14503425359725952, 0.0], "k_pid_alt": [1.898328423500061, 0.011080712080001831, 0.979966402053833], "k_pid_att": [92.86119079589844, 0.11229776591062546, 0.9779943227767944], "k_pid_yaw": [0.5, 1e-06, 0.1], "k_pid_hsp": [9.8143949508667, 0.9708757400512695, 0.027244359254837036], "k_pid_vsp": [400.0, 338.659912109375, 19.4779052734375]}, "datetime": {"datetime": "2025-08-20 20:36:44", "elapsed": 31458.608284235, "delta": 16.291171073913574}, "costs": {"total_cost": 215.45525083791924, "time_cost": 70.128, "final_distance_cost": 1.7477501385734062, "oscillation_cost": 68.86497544508126, "completition_cost": 0.0, "overshoot_cost": 49.68313580496146, "power_cost": 13.794664221191407, "noise_cost": 11.236725228111709, "n_waypoints_completed": 9, "tot_waypoints": 9}}
{"target": -214.44614296402477, "params": {"k_pid_pos": [1.9909700155258179, 0.010526895523071289, 0.0], "k_pid_alt": [1.9254229068756104, 0.00893336534500122, 0.9879510402679443], "k_pid_att": [96.69789123535156, 1.3869760036468506, 0.9835004806518555], "k_pid_yaw": [0.5, 1e-06, 0.1], "k_pid_hsp": [9.210591316223145, 0.8503484725952148, 0.021458357572555542], "k_pid_vsp": [400.0, 398.8838195800781, 21.249879837036133]}, "datetime": {"datetime": "2025-08-20 20:36:59", "elapsed": 31473.516232013702, "delta": 14.907947778701782}, "costs": {"total_cost": 214.44614296402477, "time_cost": 69.608, "final_distance_cost": 1.7655839349839093, "oscillation_cost": 64.39419614039362, "completition_cost": 0.0, "overshoot_cost": 50.2974723677758, "power_cost": 15.961468688964844, "noise_cost": 12.419421831906583, "n_waypoints_completed": 9, "tot_waypoints": 9}}
{"target": -218.64292066333488, "params": {"k_pid_pos": [1.9506585597991943, 0.02400943636894226, 0.0], "k_pid_alt": [1.9596844911575317, 0.02088060975074768, 0.9472832679748535], "k_pid_att": [98.8011245727539, 0.9872422814369202, 0.9791858196258545], "k_pid_yaw": [0.5, 1e-06, 0.1], "k_pid_hsp": [9.255253791809082, 0.9827665090560913, 0.014091551303863525], "k_pid_vsp": [400.0, 397.63922119140625, 1.4623055458068848]}, "datetime": {"datetime": "2025-08-20 20:37:15", "elapsed": 31489.968364953995, "delta": 16.45213294029236}, "costs": {"total_cost": 218.64292066333488, "time_cost": 69.656, "final_distance_cost": 1.7689308721785606, "oscillation_cost": 72.21729203679475, "completition_cost": 0.0, "overshoot_cost": 50.39599850477344, "power_cost": 13.092079919433594, "noise_cost": 11.512619330154532, "n_waypoints_completed": 9, "tot_waypoints": 9}}
{"target": -209.02834822575971, "params": {"k_pid_pos": [1.9406455755233765, 0.03232821822166443, 0.0], "k_pid_alt": [1.9035882949829102, 0.018253564834594727, 0.9841444492340088], "k_pid_att": [98.25345611572266, 0.2833917737007141, 0.9535472393035889], "k_pid_yaw": [0.5, 1e-06, 0.1], "k_pid_hsp": [9.482035636901855, 0.992525577545166, 0.001104801893234253], "k_pid_vsp": [400.0, 397.1801452636719, 3.0246148109436035]}, "datetime": {"datetime": "2025-08-20 20:37:30", "elapsed": 31505.019829273224, "delta": 15.051464319229126}, "costs": {"total_cost": 209.02834822575971, "time_cost": 69.904, "final_distance_cost": 1.7554444004347018, "oscillation_cost": 62.3532951910367, "completition_cost": 0.0, "overshoot_cost": 50.63086546338114, "power_cost": 12.910554260253907, "noise_cost": 11.474188910653284, "n_waypoints_completed": 9, "tot_waypoints": 9}}
{"target": -246.9174951074457, "params": {"k_pid_pos": [1.983615517616272, 0.0528254508972168, 0.0], "k_pid_alt": [1.9461884498596191, 0.06371596455574036, 0.9084327220916748], "k_pid_att": [98.90188598632812, 0.2182883620262146, 0.9990159869194031], "k_pid_yaw": [0.5, 1e-06, 0.1], "k_pid_hsp": [9.908211708068848, 0.9769330024719238, 0.022308677434921265], "k_pid_vsp": [400.0, 390.7727966308594, 13.563454627990723]}, "datetime": {"datetime": "2025-08-20 20:37:49", "elapsed": 31524.095230579376, "delta": 19.075401306152344}, "costs": {"total_cost": 246.9174951074457, "time_cost": 78.048, "final_distance_cost": 1.7591474525512305, "oscillation_cost": 79.83182520649734, "completition_cost": 0.0, "overshoot_cost": 52.20139992615408, "power_cost": 20.083407189941408, "noise_cost": 14.993715332301646, "n_waypoints_completed": 9, "tot_waypoints": 9}}
{"target": -251.97408739657152, "params": {"k_pid_pos": [1.9792839288711548, 0.05799663066864014, 0.0], "k_pid_alt": [1.964369297027588, 0.06607300043106079, 0.9604250192642212], "k_pid_att": [97.8412857055664, 0.24481336772441864, 0.992328405380249], "k_pid_yaw": [0.5, 1e-06, 0.1], "k_pid_hsp": [9.711989402770996, 0.9690135717391968, 0.029296904802322388], "k_pid_vsp": [400.0, 381.5699157714844, 9.337759971618652]}, "datetime": {"datetime": "2025-08-20 20:38:07", "elapsed": 31542.326414108276, "delta": 18.231183528900146}, "costs": {"total_cost": 251.97408739657152, "time_cost": 77.928, "final_distance_cost": 1.762632669580349, "oscillation_cost": 91.7325310914876, "completition_cost": 0.0, "overshoot_cost": 51.80011488685694, "power_cost": 15.683559155273437, "noise_cost": 13.067249593373216, "n_waypoints_completed": 9, "tot_waypoints": 9}}
{"target": -224.53857318441112, "params": {"k_pid_pos": [1.9672222137451172, 0.04780513048171997, 0.0], "k_pid_alt": [1.9832271337509155, 0.01419481635093689, 0.9772028923034668], "k_pid_att": [94.31159210205078, 0.5299525856971741, 0.9758189916610718], "k_pid_yaw": [0.5, 1e-06, 0.1], "k_pid_hsp": [9.83383846282959, 0.9790189266204834, 0.037600934505462646], "k_pid_vsp": [400.0, 389.1571350097656, 2.8439650535583496]}, "datetime": {"datetime": "2025-08-20 20:38:23", "elapsed": 31558.168074846268, "delta": 15.841660737991333}, "costs": {"total_cost": 224.53857318441112, "time_cost": 69.744, "final_distance_cost": 1.76443419084721, "oscillation_cost": 77.56116506905718, "completition_cost": 0.0, "overshoot_cost": 50.79988361342239, "power_cost": 13.141812365722657, "noise_cost": 11.527277945361686, "n_waypoints_completed": 9, "tot_waypoints": 9}}
{"target": -219.41890920842147, "params": {"k_pid_pos": [1.9887629747390747, 0.011273503303527832, 0.0], "k_pid_alt": [1.9769777059555054, 0.012358397245407104, 0.9508285522460938], "k_pid_att": [93.58987426757812, 0.10803637653589249, 0.9421368837356567], "k_pid_yaw": [0.5, 1e-06, 0.1], "k_pid_hsp": [9.674293518066406, 0.9253509640693665, 0.014609426259994507], "k_pid_vsp": [400.0, 385.6282653808594, 5.362666606903076]}, "datetime": {"datetime": "2025-08-20 20:38:39", "elapsed": 31574.167691469193, "delta": 15.999616622924805}, "costs": {"total_cost": 219.41890920842147, "time_cost": 69.84, "final_distance_cost": 1.763279993799736, "oscillation_cost": 72.80056681875348, "completition_cost": 0.0, "overshoot_cost": 50.461917953587246, "power_cost": 12.99852255859375, "noise_cost": 11.554621883687211, "n_waypoints_completed": 9, "tot_waypoints": 9}}
{"target": -223.31937030752295, "params": {"k_pid_pos": [1.9758594036102295, 0.10365644097328186, 0.0], "k_pid_alt": [1.989500641822815, 0.014424443244934082, 0.8198803067207336], "k_pid_att": [99.2782974243164, 0.5554941296577454, 0.9894740581512451], "k_pid_yaw": [0.5, 1e-06, 0.1], "k_pid_hsp": [9.848053932189941, 0.9464707970619202, 0.02346065640449524], "k_pid_vsp": [400.0, 397.34075927734375, 13.177264213562012]}, "datetime": {"datetime": "2025-08-20 20:38:54", "elapsed": 31589.407634973526, "delta": 15.239943504333496}, "costs": {"total_cost": 223.31937030752295, "time_cost": 69.784, "final_distance_cost": 1.7680089909926369, "oscillation_cost": 69.42762654372068, "completition_cost": 0.0, "overshoot_cost": 50.87032215874073, "power_cost": 17.939350134277344, "noise_cost": 13.530062479791557, "n_waypoints_completed": 9, "tot_waypoints": 9}}
{"target": -240.30144980356533, "params": {"k_pid_pos": [1.9843684434890747, 0.005823582410812378, 0.0], "k_pid_alt": [1.8774890899658203, 0.07337534427642822, 0.9718762636184692], "k_pid_att": [97.26348876953125, 1.940771460533142, 0.9956492185592651], "k_pid_yaw": [0.5, 1e-06, 0.1], "k_pid_hsp": [9.877386093139648, 0.9872995018959045, 0.01361769437789917], "k_pid_vsp": [400.0, 379.9328308105469, 58.24275207519531]}, "datetime": {"datetime": "2025-08-20 20:39:13", "elapsed": 31607.892176389694, "delta": 18.484541416168213}, "costs": {"total_cost": 240.30144980356533, "time_cost": 80.56, "final_distance_cost": 1.7831999913700878, "oscillation_cost": 74.78550420034344, "completition_cost": 0.0, "overshoot_cost": 51.86629237491252, "power_cost": 17.769684143066407, "noise_cost": 13.536769093872898, "n_waypoints_completed": 9, "tot_waypoints": 9}}
{"target": -214.11815740898942, "params": {"k_pid_pos": [1.9385366439819336, 0.018669962882995605, 0.0], "k_pid_alt": [1.9825022220611572, 0.008861660957336426, 0.9933696985244751], "k_pid_att": [97.97147369384766, 0.04577517881989479, 0.9634290933609009], "k_pid_yaw": [0.5, 1e-06, 0.1], "k_pid_hsp": [9.11241340637207, 0.9755023121833801, 0.024144679307937622], "k_pid_vsp": [400.0, 397.1522521972656, 0.5214462876319885]}, "datetime": {"datetime": "2025-08-20 20:39:28", "elapsed": 31623.056264162064, "delta": 15.164087772369385}, "costs": {"total_cost": 214.11815740898942, "time_cost": 69.536, "final_distance_cost": 1.7264512250325532, "oscillation_cost": 68.0806710028239, "completition_cost": 0.0, "overshoot_cost": 50.237113338132794, "power_cost": 13.062920715332032, "noise_cost": 11.475001127668145, "n_waypoints_completed": 9, "tot_waypoints": 9}}
{"target": -237.369487860124, "params": {"k_pid_pos": [1.9386584758758545, 0.00992131233215332, 0.0], "k_pid_alt": [1.969775676727295, 0.06469222903251648, 0.9380160570144653], "k_pid_att": [94.75390625, 0.7952060699462891, 0.9876322150230408], "k_pid_yaw": [0.5, 1e-06, 0.1], "k_pid_hsp": [9.704264640808105, 0.988074779510498, 0.0371091365814209], "k_pid_vsp": [400.0, 369.2497863769531, 3.9846549034118652]}, "datetime": {"datetime": "2025-08-20 20:39:46", "elapsed": 31641.28849554062, "delta": 18.232231378555298}, "costs": {"total_cost": 237.369487860124, "time_cost": 77.984, "final_distance_cost": 1.7574801331064196, "oscillation_cost": 77.85947798568529, "completition_cost": 0.0, "overshoot_cost": 52.4631154673916, "power_cost": 14.586406262207031, "noise_cost": 12.719008011733644, "n_waypoints_completed": 9, "tot_waypoints": 9}}
{"target": -264.77930949206615, "params": {"k_pid_pos": [1.8569122552871704, 0.10818824172019958, 0.0], "k_pid_alt": [1.9922175407409668, 0.024600178003311157, 0.9000393152236938], "k_pid_att": [97.96633911132812, 0.12048199772834778, 0.9628887176513672], "k_pid_yaw": [0.5, 1e-06, 0.1], "k_pid_hsp": [9.496209144592285, 0.979522705078125, 0.11200487613677979], "k_pid_vsp": [400.0, 394.1600036621094, 3.1016836166381836]}, "datetime": {"datetime": "2025-08-20 20:40:02", "elapsed": 31657.246527433395, "delta": 15.95803189277649}, "costs": {"total_cost": 264.77930949206615, "time_cost": 69.536, "final_distance_cost": 1.7321851063578515, "oscillation_cost": 117.03047312869603, "completition_cost": 0.0, "overshoot_cost": 50.61783051378987, "power_cost": 13.928201171875001, "noise_cost": 11.934619571347381, "n_waypoints_completed": 9, "tot_waypoints": 9}}
{"target": -220.38247106838298, "params": {"k_pid_pos": [1.919824242591858, 0.006289750337600708, 0.0], "k_pid_alt": [1.939058542251587, 0.011507481336593628, 0.9603886008262634], "k_pid_att": [96.32097625732422, 0.9070745706558228, 0.9904913902282715], "k_pid_yaw": [0.5, 1e-06, 0.1], "k_pid_hsp": [9.844741821289062, 0.9814133644104004, 0.024401605129241943], "k_pid_vsp": [400.0, 387.7269287109375, 2.2788891792297363]}, "datetime": {"datetime": "2025-08-20 20:40:17", "elapsed": 31672.474319696426, "delta": 15.227792263031006}, "costs": {"total_cost": 220.38247106838298, "time_cost": 69.656, "final_distance_cost": 1.7834074808711164, "oscillation_cost": 73.991309389004, "completition_cost": 0.0, "overshoot_cost": 50.30642142837199, "power_cost": 13.079860864257814, "noise_cost": 11.565471905878004, "n_waypoints_completed": 9, "tot_waypoints": 9}}
{"target": -208.9388109395821, "params": {"k_pid_pos": [1.9192512035369873, 0.0069380998611450195, 0.0], "k_pid_alt": [1.8391733169555664, 0.010700315237045288, 0.9742505550384521], "k_pid_att": [94.81610107421875, 0.31340867280960083, 0.997767448425293], "k_pid_yaw": [0.5, 1e-06, 0.1], "k_pid_hsp": [9.950724601745605, 0.9553669095039368, 0.01947343349456787], "k_pid_vsp": [400.0, 397.18194580078125, 5.459702968597412]}, "datetime": {"datetime": "2025-08-20 20:40:34", "elapsed": 31688.73511648178, "delta": 16.260796785354614}, "costs": {"total_cost": 208.9388109395821, "time_cost": 69.896, "final_distance_cost": 1.7681032891097928, "oscillation_cost": 62.795266113603866, "completition_cost": 0.0, "overshoot_cost": 50.239098464616674, "power_cost": 12.819679748535156, "noise_cost": 11.420663323716612, "n_waypoints_completed": 9, "tot_waypoints": 9}}
{"target": -221.24521215094876, "params": {"k_pid_pos": [1.8674917221069336, 0.026711642742156982, 0.0], "k_pid_alt": [1.9730994701385498, 0.03728741407394409, 0.9744112491607666], "k_pid_att": [98.16082763671875, 0.2553328573703766, 0.9971693754196167], "k_pid_yaw": [0.5, 1e-06, 0.1], "k_pid_hsp": [9.972328186035156, 0.9824409484863281, 0.061426013708114624], "k_pid_vsp": [399.9996643066406, 384.1742858886719, 18.063796997070312]}, "datetime": {"datetime": "2025-08-20 20:40:49", "elapsed": 31703.727326631546, "delta": 14.992210149765015}, "costs": {"total_cost": 221.24521215094876, "time_cost": 69.296, "final_distance_cost": 1.7658879119696245, "oscillation_cost": 76.69220343303849, "completition_cost": 0.0, "overshoot_cost": 50.16207267108419, "power_cost": 12.593732446289064, "noise_cost": 10.735315688567376, "n_waypoints_completed": 9, "tot_waypoints": 9}}
