{"target": -233.48104379511972, "params": {"k_pid_pos": [1.8801575899124146, 0.11595767736434937, 5.781650543212891e-06], "k_pid_alt": [1.8229382038116455, 0.059699952602386475, 0.9404526352882385], "k_pid_att": [66.28833770751953, 0.2059774547815323, 0.9807573556900024], "k_pid_yaw": [0.5, 1e-06, 0.1], "k_pid_hsp": [6.285683631896973, 0.9567980170249939, 0.041083335876464844], "k_pid_vsp": [400.0, 277.3215637207031, 25.99995231628418]}, "datetime": {"datetime": "2025-08-20 16:14:28", "elapsed": 15723.116233348846, "delta": 16.917155027389526}, "costs": {"total_cost": 233.48104379511972, "time_cost": 77.656, "final_distance_cost": 1.7755319026976593, "oscillation_cost": 69.6679374678408, "completition_cost": 0.0, "overshoot_cost": 51.852508970196624, "power_cost": 18.656059313964846, "noise_cost": 13.873006140419776, "n_waypoints_completed": 9, "tot_waypoints": 9}}
{"target": -224.69169197023783, "params": {"k_pid_pos": [1.9655306339263916, 0.04323577880859375, 1.519918441772461e-06], "k_pid_alt": [1.9071069955825806, 0.026455849409103394, 0.8108358383178711], "k_pid_att": [98.51374053955078, 0.4374852180480957, 0.9363104104995728], "k_pid_yaw": [0.5, 1e-06, 0.1], "k_pid_hsp": [9.752086639404297, 0.6922042965888977, 0.022529661655426025], "k_pid_vsp": [400.0, 395.27874755859375, 30.144168853759766]}, "datetime": {"datetime": "2025-08-20 16:14:44", "elapsed": 15738.899741888046, "delta": 15.783508539199829}, "costs": {"total_cost": 224.69169197023783, "time_cost": 69.36, "final_distance_cost": 1.7789838578523252, "oscillation_cost": 75.4143139629851, "completition_cost": 0.0, "overshoot_cost": 50.32363156207777, "power_cost": 15.612011633300781, "noise_cost": 12.202750954021862, "n_waypoints_completed": 9, "tot_waypoints": 9}}
{"target": -228.07541551677974, "params": {"k_pid_pos": [1.975316047668457, 0.12381720542907715, 0.0002504885196685791], "k_pid_alt": [1.9496198892593384, 0.024060726165771484, 0.9984046816825867], "k_pid_att": [96.3588638305664, 0.1582980901002884, 0.9933713674545288], "k_pid_yaw": [0.5, 1e-06, 0.1], "k_pid_hsp": [9.977743148803711, 0.9372266530990601, 0.03318020701408386], "k_pid_vsp": [400.0, 388.68695068359375, 2.113402843475342]}, "datetime": {"datetime": "2025-08-20 16:15:00", "elapsed": 15755.067771673203, "delta": 16.16802978515625}, "costs": {"total_cost": 228.07541551677974, "time_cost": 70.16, "final_distance_cost": 1.774704538888917, "oscillation_cost": 80.69227480663677, "completition_cost": 0.0, "overshoot_cost": 50.662284095898286, "power_cost": 13.153975830078126, "noise_cost": 11.632176245277643, "n_waypoints_completed": 9, "tot_waypoints": 9}}
{"target": -210.1406374781235, "params": {"k_pid_pos": [1.8358776569366455, 0.08593162894248962, 0.012096017599105835], "k_pid_alt": [1.9303849935531616, 0.039702028036117554, 0.9941712617874146], "k_pid_att": [94.3956527709961, 0.17146313190460205, 0.9492201805114746], "k_pid_yaw": [0.5, 1e-06, 0.1], "k_pid_hsp": [9.859672546386719, 0.9480664730072021, 0.03154629468917847], "k_pid_vsp": [400.0, 386.81439208984375, 12.434745788574219]}, "datetime": {"datetime": "2025-08-20 16:15:15", "elapsed": 15770.359047174454, "delta": 15.29127550125122}, "costs": {"total_cost": 210.1406374781235, "time_cost": 69.488, "final_distance_cost": 1.755697144505521, "oscillation_cost": 64.09696417510696, "completition_cost": 0.0, "overshoot_cost": 50.18390109933635, "power_cost": 13.379591052246095, "noise_cost": 11.236484006928542, "n_waypoints_completed": 9, "tot_waypoints": 9}}
{"target": -349.99722246015745, "params": {"k_pid_pos": [1.7590256929397583, 0.03270077705383301, 0.999335527420044], "k_pid_alt": [1.9365463256835938, 0.07222181558609009, 0.9627759456634521], "k_pid_att": [94.3847885131836, 0.24109406769275665, 0.9751026630401611], "k_pid_yaw": [0.5, 1e-06, 0.1], "k_pid_hsp": [9.381357192993164, 0.9498748779296875, 0.09399020671844482], "k_pid_vsp": [399.99993896484375, 392.3512268066406, 57.781314849853516]}, "datetime": {"datetime": "2025-08-20 16:15:33", "elapsed": 15787.919617652893, "delta": 17.56057047843933}, "costs": {"total_cost": 349.99722246015745, "time_cost": 78.096, "final_distance_cost": 1.8350490282387044, "oscillation_cost": 187.8529318683133, "completition_cost": 0.0, "overshoot_cost": 50.86823408438147, "power_cost": 17.441842895507815, "noise_cost": 13.903164583716123, "n_waypoints_completed": 9, "tot_waypoints": 9}}
{"target": -251.9248477455924, "params": {"k_pid_pos": [1.8153969049453735, 0.005730122327804565, 0.0], "k_pid_alt": [1.9760370254516602, 0.08670830726623535, 0.9776396751403809], "k_pid_att": [96.59172058105469, 0.10292473435401917, 0.9907920360565186], "k_pid_yaw": [0.5, 1e-06, 0.1], "k_pid_hsp": [7.4574666023254395, 0.9800816774368286, 0.06660541892051697], "k_pid_vsp": [400.0, 307.3758239746094, 7.8840861320495605]}, "datetime": {"datetime": "2025-08-20 16:15:51", "elapsed": 15806.320272445679, "delta": 18.400654792785645}, "costs": {"total_cost": 251.9248477455924, "time_cost": 81.416, "final_distance_cost": 1.7761736128273278, "oscillation_cost": 87.41935702200949, "completition_cost": 0.0, "overshoot_cost": 52.206882840688394, "power_cost": 15.607372326660157, "noise_cost": 13.499061943407, "n_waypoints_completed": 9, "tot_waypoints": 9}}
{"target": -281.32419638105995, "params": {"k_pid_pos": [1.9472179412841797, 0.08586344122886658, 0.0], "k_pid_alt": [1.9102990627288818, 0.058637142181396484, 0.9690455198287964], "k_pid_att": [98.02871704101562, 0.2661858797073364, 0.7930543422698975], "k_pid_yaw": [0.5, 1e-06, 0.1], "k_pid_hsp": [9.92515754699707, 0.933429479598999, 0.07310745120048523], "k_pid_vsp": [400.0, 326.8826904296875, 25.630273818969727]}, "datetime": {"datetime": "2025-08-20 16:16:08", "elapsed": 15823.13798737526, "delta": 16.81771492958069}, "costs": {"total_cost": 281.32419638105995, "time_cost": 77.16, "final_distance_cost": 1.7922729945717328, "oscillation_cost": 118.98753019804788, "completition_cost": 0.0, "overshoot_cost": 51.485087196521725, "power_cost": 18.057941455078126, "noise_cost": 13.841364536840503, "n_waypoints_completed": 9, "tot_waypoints": 9}}
{"target": -251.89767435751287, "params": {"k_pid_pos": [1.7853102684020996, 0.016564667224884033, 0.0], "k_pid_alt": [1.5213725566864014, 0.056769728660583496, 0.927379846572876], "k_pid_att": [97.57841491699219, 0.5305781364440918, 0.9269726276397705], "k_pid_yaw": [0.5, 1e-06, 0.1], "k_pid_hsp": [7.41093111038208, 0.9931896924972534, 0.07187405228614807], "k_pid_vsp": [400.0, 380.50518798828125, 11.972344398498535]}, "datetime": {"datetime": "2025-08-20 16:16:26", "elapsed": 15840.688636302948, "delta": 17.5506489276886}, "costs": {"total_cost": 251.89767435751287, "time_cost": 79.416, "final_distance_cost": 1.7821365081710077, "oscillation_cost": 88.09998256589925, "completition_cost": 0.0, "overshoot_cost": 52.65048208729536, "power_cost": 16.582881457519534, "noise_cost": 13.366191738627732, "n_waypoints_completed": 9, "tot_waypoints": 9}}
{"target": -319.59892709581686, "params": {"k_pid_pos": [1.8251413106918335, 0.10370528697967529, 0.0], "k_pid_alt": [1.8793854713439941, 0.05356070399284363, 0.9897363185882568], "k_pid_att": [99.6591796875, 0.5023857355117798, 0.9848027229309082], "k_pid_yaw": [0.5, 1e-06, 0.1], "k_pid_hsp": [9.67080307006836, 0.9859076738357544, 0.11136722564697266], "k_pid_vsp": [0.002574920654296875, 399.0234375, 20.201244354248047]}, "datetime": {"datetime": "2025-08-20 16:16:44", "elapsed": 15858.706045627594, "delta": 18.017409324645996}, "costs": {"total_cost": 319.59892709581686, "time_cost": 81.072, "final_distance_cost": 1.7771972382560919, "oscillation_cost": 151.79479496535643, "completition_cost": 0.0, "overshoot_cost": 54.33145075174999, "power_cost": 17.745695642089846, "noise_cost": 12.877788498364517, "n_waypoints_completed": 9, "tot_waypoints": 9}}
{"target": -293.57745621127276, "params": {"k_pid_pos": [1.8749089241027832, 0.2241748869419098, 0.0003700554370880127], "k_pid_alt": [1.9575958251953125, 0.04395386576652527, 0.9817757606506348], "k_pid_att": [99.73374938964844, 0.24446646869182587, 0.980187177658081], "k_pid_yaw": [0.5, 1e-06, 0.1], "k_pid_hsp": [8.701786041259766, 0.9589747190475464, 0.10889679193496704], "k_pid_vsp": [0.0, 397.9544982910156, 19.011058807373047]}, "datetime": {"datetime": "2025-08-20 16:17:03", "elapsed": 15877.652791976929, "delta": 18.946746349334717}, "costs": {"total_cost": 293.57745621127276, "time_cost": 79.52, "final_distance_cost": 1.754039273108423, "oscillation_cost": 126.95352138483376, "completition_cost": 0.0, "overshoot_cost": 54.26806851307798, "power_cost": 18.20368719482422, "noise_cost": 12.878139845428404, "n_waypoints_completed": 9, "tot_waypoints": 9}}
{"target": -211.8487003364013, "params": {"k_pid_pos": [1.9626336097717285, 0.028551310300827026, 5.9485435485839844e-05], "k_pid_alt": [1.8125104904174805, 0.05164903402328491, 0.9827845096588135], "k_pid_att": [92.83106994628906, 0.6453147530555725, 0.9668710231781006], "k_pid_yaw": [0.5, 1e-06, 0.1], "k_pid_hsp": [9.398348808288574, 0.9252012968063354, 0.018482357263565063], "k_pid_vsp": [400.0, 390.6360168457031, 40.91476058959961]}, "datetime": {"datetime": "2025-08-20 16:17:18", "elapsed": 15892.841775655746, "delta": 15.188983678817749}, "costs": {"total_cost": 211.8487003364013, "time_cost": 69.728, "final_distance_cost": 1.7292061068455102, "oscillation_cost": 64.44394847251199, "completition_cost": 0.0, "overshoot_cost": 50.428773354744415, "power_cost": 14.15912674560547, "noise_cost": 11.359645656693928, "n_waypoints_completed": 9, "tot_waypoints": 9}}
{"target": -251.276317944244, "params": {"k_pid_pos": [1.986832618713379, 0.0634438693523407, 1.7881393432617188e-07], "k_pid_alt": [1.9715968370437622, 0.01445809006690979, 0.919928252696991], "k_pid_att": [97.63263702392578, 0.37920886278152466, 0.9824931025505066], "k_pid_yaw": [0.5, 1e-06, 0.1], "k_pid_hsp": [9.663487434387207, 0.9694377183914185, 0.11004632711410522], "k_pid_vsp": [400.0, 376.658203125, 35.33171463012695]}, "datetime": {"datetime": "2025-08-20 16:17:33", "elapsed": 15908.20875120163, "delta": 15.366975545883179}, "costs": {"total_cost": 251.276317944244, "time_cost": 69.264, "final_distance_cost": 1.7524686434566734, "oscillation_cost": 101.89265092367896, "completition_cost": 0.0, "overshoot_cost": 49.94526732124353, "power_cost": 15.924270166015626, "noise_cost": 12.497660889849229, "n_waypoints_completed": 9, "tot_waypoints": 9}}
{"target": -268.87005402325434, "params": {"k_pid_pos": [1.9754128456115723, 0.013896673917770386, 2.9802322387695312e-08], "k_pid_alt": [1.238762617111206, 0.012006551027297974, 0.9949280023574829], "k_pid_att": [97.64108276367188, 0.11847930401563644, 0.9576252102851868], "k_pid_yaw": [0.5, 1e-06, 0.1], "k_pid_hsp": [9.959233283996582, 0.9671391844749451, 0.08412197232246399], "k_pid_vsp": [399.4878845214844, 375.6944274902344, 103.24291229248047]}, "datetime": {"datetime": "2025-08-20 16:17:49", "elapsed": 15923.742678403854, "delta": 15.533927202224731}, "costs": {"total_cost": 268.87005402325434, "time_cost": 70.664, "final_distance_cost": 1.7924028564138803, "oscillation_cost": 119.2062735904541, "completition_cost": 0.0, "overshoot_cost": 50.16662293173515, "power_cost": 15.253862060546876, "noise_cost": 11.78689258410437, "n_waypoints_completed": 9, "tot_waypoints": 9}}
{"target": -305.93212546465617, "params": {"k_pid_pos": [1.8329813480377197, 0.021814346313476562, 1.0], "k_pid_alt": [1.820613145828247, 0.030561327934265137, 0.8841221928596497], "k_pid_att": [86.64517974853516, 0.40907227993011475, 0.9884049892425537], "k_pid_yaw": [0.5, 1e-06, 0.1], "k_pid_hsp": [9.690690994262695, 0.9029988050460815, 0.11815381050109863], "k_pid_vsp": [0.005090236663818359, 391.95294189453125, 4.692758083343506]}, "datetime": {"datetime": "2025-08-20 16:18:05", "elapsed": 15940.476852416992, "delta": 16.734174013137817}, "costs": {"total_cost": 305.93212546465617, "time_cost": 74.784, "final_distance_cost": 1.762056055381824, "oscillation_cost": 146.48457822416063, "completition_cost": 0.0, "overshoot_cost": 54.85310346204752, "power_cost": 16.40220390625, "noise_cost": 11.64618381681615, "n_waypoints_completed": 9, "tot_waypoints": 9}}
{"target": -233.67403341590017, "params": {"k_pid_pos": [1.026208758354187, 0.012850433588027954, 0.00761839747428894], "k_pid_alt": [1.916006326675415, 0.036937981843948364, 0.900353193283081], "k_pid_att": [98.79814147949219, 0.7372491955757141, 0.9904850125312805], "k_pid_yaw": [0.5, 1e-06, 0.1], "k_pid_hsp": [9.860272407531738, 0.9145206212997437, 0.03850585222244263], "k_pid_vsp": [2.6932358741760254, 398.7685546875, 13.780558586120605]}, "datetime": {"datetime": "2025-08-20 16:18:21", "elapsed": 15956.411050081253, "delta": 15.934197664260864}, "costs": {"total_cost": 233.67403341590017, "time_cost": 69.84, "final_distance_cost": 1.836038955277405, "oscillation_cost": 86.13285276480983, "completition_cost": 0.0, "overshoot_cost": 50.464517317503486, "power_cost": 14.301188452148438, "noise_cost": 11.099435926161028, "n_waypoints_completed": 9, "tot_waypoints": 9}}
{"target": -260.3958532800352, "params": {"k_pid_pos": [1.9178204536437988, 0.22065526247024536, 1.3023614883422852e-05], "k_pid_alt": [1.7960951328277588, 0.08082786202430725, 0.9724849462509155], "k_pid_att": [69.80037689208984, 0.605354368686676, 0.9967130422592163], "k_pid_yaw": [0.5, 1e-06, 0.1], "k_pid_hsp": [8.605501174926758, 0.7803859114646912, 0.01874348521232605], "k_pid_vsp": [109.52803039550781, 393.10797119140625, 3.7314066886901855]}, "datetime": {"datetime": "2025-08-20 16:18:43", "elapsed": 15978.445511341095, "delta": 22.03446125984192}, "costs": {"total_cost": 260.3958532800352, "time_cost": 98.904, "final_distance_cost": 1.7379148362914585, "oscillation_cost": 73.17776465834872, "completition_cost": 0.0, "overshoot_cost": 53.620704817448186, "power_cost": 17.63641815185547, "noise_cost": 15.319050816091353, "n_waypoints_completed": 9, "tot_waypoints": 9}}
{"target": -218.10300019046664, "params": {"k_pid_pos": [1.8870929479599, 0.008225470781326294, 0.0], "k_pid_alt": [1.964444875717163, 0.06754061579704285, 0.734527587890625], "k_pid_att": [95.91362762451172, 0.44245052337646484, 0.8435364365577698], "k_pid_yaw": [0.5, 1e-06, 0.1], "k_pid_hsp": [9.750969886779785, 0.9488419890403748, 0.013186395168304443], "k_pid_vsp": [400.0, 390.89544677734375, 3.916073799133301]}, "datetime": {"datetime": "2025-08-20 16:19:00", "elapsed": 15994.896049976349, "delta": 16.450538635253906}, "costs": {"total_cost": 218.10300019046664, "time_cost": 73.408, "final_distance_cost": 1.7781747096333134, "oscillation_cost": 66.33423605260492, "completition_cost": 0.0, "overshoot_cost": 50.92233488179067, "power_cost": 13.691970849609376, "noise_cost": 11.968283696828356, "n_waypoints_completed": 9, "tot_waypoints": 9}}
{"target": -215.49877070098776, "params": {"k_pid_pos": [1.7550996541976929, 0.01569005846977234, 0.0], "k_pid_alt": [1.5348517894744873, 0.009288489818572998, 0.9974815845489502], "k_pid_att": [98.7179183959961, 0.4638078510761261, 0.986042857170105], "k_pid_yaw": [0.5, 1e-06, 0.1], "k_pid_hsp": [9.182788848876953, 0.9246588945388794, 0.025087416172027588], "k_pid_vsp": [400.0, 398.0799255371094, 14.52391242980957]}, "datetime": {"datetime": "2025-08-20 16:19:15", "elapsed": 16010.397057056427, "delta": 15.501007080078125}, "costs": {"total_cost": 215.49877070098776, "time_cost": 70.08800000000001, "final_distance_cost": 1.8065945774448817, "oscillation_cost": 66.90383045693059, "completition_cost": 0.0, "overshoot_cost": 50.76219852026305, "power_cost": 14.317716076660156, "noise_cost": 11.62043106968905, "n_waypoints_completed": 9, "tot_waypoints": 9}}
{"target": -292.1265821813398, "params": {"k_pid_pos": [1.8950735330581665, 0.04325231909751892, 0.7735462784767151], "k_pid_alt": [1.9897794723510742, 0.10708445310592651, 0.9187462329864502], "k_pid_att": [87.07093048095703, 1.7267297506332397, 0.9673830270767212], "k_pid_yaw": [0.5, 1e-06, 0.1], "k_pid_hsp": [9.87876033782959, 0.970032811164856, 0.02748972177505493], "k_pid_vsp": [400.0, 345.112060546875, 16.38987159729004]}, "datetime": {"datetime": "2025-08-20 16:19:34", "elapsed": 16028.964726686478, "delta": 18.56766963005066}, "costs": {"total_cost": 292.1265821813398, "time_cost": 85.392, "final_distance_cost": 1.8218440539263292, "oscillation_cost": 124.04884039460886, "completition_cost": 0.0, "overshoot_cost": 50.46920991080475, "power_cost": 16.770558557128908, "noise_cost": 13.624129264870959, "n_waypoints_completed": 9, "tot_waypoints": 9}}
{"target": -259.35362912749633, "params": {"k_pid_pos": [1.957046389579773, 0.15393421053886414, 0.0], "k_pid_alt": [1.9832221269607544, 0.07793891429901123, 0.9909104704856873], "k_pid_att": [97.1070785522461, 4.411217212677002, 0.9310468435287476], "k_pid_yaw": [0.5, 1e-06, 0.1], "k_pid_hsp": [7.309123516082764, 0.9678053259849548, 0.05044171214103699], "k_pid_vsp": [399.99993896484375, 386.2536926269531, 9.38369083404541]}, "datetime": {"datetime": "2025-08-20 16:19:54", "elapsed": 16049.235744953156, "delta": 20.271018266677856}, "costs": {"total_cost": 259.35362912749633, "time_cost": 89.696, "final_distance_cost": 1.7817844815210329, "oscillation_cost": 81.49934605166432, "completition_cost": 0.0, "overshoot_cost": 54.317572089348324, "power_cost": 17.424624023437502, "noise_cost": 14.63430248152515, "n_waypoints_completed": 9, "tot_waypoints": 9}}
{"target": -211.48203861446916, "params": {"k_pid_pos": [1.9458940029144287, 0.1470547318458557, 0.44418755173683167], "k_pid_alt": [1.8914122581481934, 0.011592119932174683, 0.9777459502220154], "k_pid_att": [95.51370239257812, 1.3884797096252441, 0.9683427810668945], "k_pid_yaw": [0.5, 1e-06, 0.1], "k_pid_hsp": [9.954033851623535, 0.8849170207977295, 0.01744648814201355], "k_pid_vsp": [400.0, 353.6263427734375, 7.825470924377441]}, "datetime": {"datetime": "2025-08-20 16:20:10", "elapsed": 16064.533300638199, "delta": 15.297555685043335}, "costs": {"total_cost": 211.48203861446916, "time_cost": 69.44, "final_distance_cost": 1.7719724299388722, "oscillation_cost": 66.0199913273765, "completition_cost": 0.0, "overshoot_cost": 49.55092265158366, "power_cost": 13.079728942871094, "noise_cost": 11.619423262699001, "n_waypoints_completed": 9, "tot_waypoints": 9}}
{"target": -207.18328431969468, "params": {"k_pid_pos": [1.7936065196990967, 0.006977826356887817, 0.0], "k_pid_alt": [1.9282704591751099, 0.019059747457504272, 0.6271519660949707], "k_pid_att": [92.80747985839844, 0.17939703166484833, 0.9909745454788208], "k_pid_yaw": [0.5, 1e-06, 0.1], "k_pid_hsp": [9.876220703125, 0.9678018093109131, 0.024002790451049805], "k_pid_vsp": [316.8388671875, 394.9790344238281, 54.21707534790039]}, "datetime": {"datetime": "2025-08-20 16:20:25", "elapsed": 16079.717307806015, "delta": 15.184007167816162}, "costs": {"total_cost": 207.18328431969468, "time_cost": 68.608, "final_distance_cost": 1.768124446479318, "oscillation_cost": 62.280532348419136, "completition_cost": 0.0, "overshoot_cost": 50.15228356695825, "power_cost": 13.511323046875, "noise_cost": 10.863020910962982, "n_waypoints_completed": 9, "tot_waypoints": 9}}
{"target": -218.65019376962195, "params": {"k_pid_pos": [1.9185044765472412, 0.12192532420158386, 3.0308961868286133e-05], "k_pid_alt": [1.9430289268493652, 0.034015268087387085, 0.9407833814620972], "k_pid_att": [97.48107147216797, 0.6388640999794006, 0.9737623333930969], "k_pid_yaw": [0.5, 1e-06, 0.1], "k_pid_hsp": [9.529007911682129, 0.9730224013328552, 0.03572511672973633], "k_pid_vsp": [393.5724792480469, 380.0704345703125, 1.4723072052001953]}, "datetime": {"datetime": "2025-08-20 16:20:41", "elapsed": 16095.538761615753, "delta": 15.82145380973816}, "costs": {"total_cost": 218.65019376962195, "time_cost": 70.0, "final_distance_cost": 1.7732169906776847, "oscillation_cost": 71.54696510496936, "completition_cost": 0.0, "overshoot_cost": 50.46503001798228, "power_cost": 13.264558764648438, "noise_cost": 11.60042289134418, "n_waypoints_completed": 9, "tot_waypoints": 9}}
{"target": -226.5863901432303, "params": {"k_pid_pos": [1.823830246925354, 0.018017113208770752, 0.0], "k_pid_alt": [1.9767124652862549, 0.07207223773002625, 0.9905771017074585], "k_pid_att": [98.48995208740234, 0.6248845458030701, 0.6687435507774353], "k_pid_yaw": [0.5, 1e-06, 0.1], "k_pid_hsp": [9.885598182678223, 0.9666200876235962, 0.016304314136505127], "k_pid_vsp": [400.0, 187.91587829589844, 3.7755260467529297]}, "datetime": {"datetime": "2025-08-20 16:20:58", "elapsed": 16113.318544149399, "delta": 17.77978253364563}, "costs": {"total_cost": 226.5863901432303, "time_cost": 80.024, "final_distance_cost": 1.7547678358115004, "oscillation_cost": 65.02467087411047, "completition_cost": 0.0, "overshoot_cost": 51.97457153491056, "power_cost": 14.794479113769532, "noise_cost": 13.013900784628227, "n_waypoints_completed": 9, "tot_waypoints": 9}}
{"target": -304.79476238117655, "params": {"k_pid_pos": [1.8402758836746216, 0.029011249542236328, 0.3423342704772949], "k_pid_alt": [1.882413387298584, 0.009053558111190796, 0.9767879247665405], "k_pid_att": [98.97462463378906, 0.35963815450668335, 0.9512757658958435], "k_pid_yaw": [0.5, 1e-06, 0.1], "k_pid_hsp": [9.920249938964844, 0.8791868686676025, 0.23113173246383667], "k_pid_vsp": [400.0, 397.5450134277344, 12.662983894348145]}, "datetime": {"datetime": "2025-08-20 16:21:14", "elapsed": 16129.017947912216, "delta": 15.699403762817383}, "costs": {"total_cost": 304.79476238117655, "time_cost": 68.752, "final_distance_cost": 1.7870433863883617, "oscillation_cost": 156.39754752765853, "completition_cost": 0.0, "overshoot_cost": 50.90903163291701, "power_cost": 14.85852177734375, "noise_cost": 12.090618056868902, "n_waypoints_completed": 9, "tot_waypoints": 9}}
