{"target": -293.8207331654004, "params": {"k_pid_pos": [1.9568673372268677, 0.01722341775894165, 0.0], "k_pid_alt": [1.7810347080230713, 0.02066892385482788, 0.9617550373077393], "k_pid_att": [95.6642837524414, 0.224418044090271, 0.9749603867530823], "k_pid_yaw": [0.5, 1e-06, 0.1], "k_pid_hsp": [9.773262977600098, 0.9886809587478638, 0.21727710962295532], "k_pid_vsp": [0.0, 392.0877380371094, 5.623734951019287]}, "datetime": {"datetime": "2025-08-20 16:35:38", "elapsed": 16992.650384664536, "delta": 16.696137189865112}, "costs": {"total_cost": 293.8207331654004, "time_cost": 74.72, "final_distance_cost": 1.7794939067385918, "oscillation_cost": 134.3480056149835, "completition_cost": 0.0, "overshoot_cost": 52.699823042955295, "power_cost": 16.696927941894533, "noise_cost": 13.576482658828441, "n_waypoints_completed": 9, "tot_waypoints": 9}}
{"target": -1354.214147760604, "params": {"k_pid_pos": [1.9651756286621094, 0.6491267085075378, 0.0], "k_pid_alt": [1.963249683380127, 0.034617215394973755, 0.8698826432228088], "k_pid_att": [98.74807739257812, 1.621633768081665, 0.9857827425003052], "k_pid_yaw": [0.5, 1e-06, 0.1], "k_pid_hsp": [9.346668243408203, 0.9641686677932739, 0.030130505561828613], "k_pid_vsp": [0.0, 389.49822998046875, 28.379907608032227]}, "datetime": {"datetime": "2025-08-20 16:36:00", "elapsed": 17015.489758729935, "delta": 22.83937406539917}, "costs": {"total_cost": 1354.214147760604, "time_cost": 150, "final_distance_cost": 46.1468081225285, "oscillation_cost": 90.28555368016703, "completition_cost": 1000.0, "overshoot_cost": 31.261325731936815, "power_cost": 21.55835955810547, "noise_cost": 14.96210066786619, "n_waypoints_completed": 0, "tot_waypoints": 9}}
{"target": -199.722198320793, "params": {"k_pid_pos": [1.9093148708343506, 0.049251675605773926, 0.0013422369956970215], "k_pid_alt": [1.678210973739624, 0.03969728946685791, 0.9882758259773254], "k_pid_att": [93.03732299804688, 0.1305115669965744, 0.994800865650177], "k_pid_yaw": [0.5, 1e-06, 0.1], "k_pid_hsp": [9.943986892700195, 0.9541393518447876, 0.006893068552017212], "k_pid_vsp": [400.0, 378.8168640136719, 10.127974510192871]}, "datetime": {"datetime": "2025-08-20 16:36:16", "elapsed": 17031.25880074501, "delta": 15.769042015075684}, "costs": {"total_cost": 199.722198320793, "time_cost": 69.76, "final_distance_cost": 1.760885840357252, "oscillation_cost": 55.65269395289634, "completition_cost": 0.0, "overshoot_cost": 50.63517343389077, "power_cost": 11.630874890136718, "noise_cost": 10.28257020351193, "n_waypoints_completed": 9, "tot_waypoints": 9}}
{"target": -319.0442338154561, "params": {"k_pid_pos": [1.7263540029525757, 0.018530577421188354, 0.9998586177825928], "k_pid_alt": [1.923680067062378, 0.17385339736938477, 0.9942346811294556], "k_pid_att": [87.12423706054688, 0.7121254801750183, 0.9776927828788757], "k_pid_yaw": [0.5, 1e-06, 0.1], "k_pid_hsp": [9.545673370361328, 0.9794979095458984, 0.03178519010543823], "k_pid_vsp": [399.8754577636719, 358.0088806152344, 29.5052433013916]}, "datetime": {"datetime": "2025-08-20 16:36:35", "elapsed": 17049.942734479904, "delta": 18.6839337348938}, "costs": {"total_cost": 319.0442338154561, "time_cost": 84.032, "final_distance_cost": 1.8110312798123007, "oscillation_cost": 151.75348509115187, "completition_cost": 0.0, "overshoot_cost": 50.542904560254804, "power_cost": 17.150024694824218, "noise_cost": 13.754788189412919, "n_waypoints_completed": 9, "tot_waypoints": 9}}
{"target": -211.28343737928543, "params": {"k_pid_pos": [1.9654206037521362, 0.018070101737976074, 0.0], "k_pid_alt": [1.8590500354766846, 0.026236027479171753, 0.9651798009872437], "k_pid_att": [98.37545013427734, 0.6686476469039917, 0.9791065454483032], "k_pid_yaw": [0.5, 1e-06, 0.1], "k_pid_hsp": [8.38521957397461, 0.7757648229598999, 0.01838657259941101], "k_pid_vsp": [400.0, 395.3341369628906, 40.19356918334961]}, "datetime": {"datetime": "2025-08-20 16:36:50", "elapsed": 17065.38007211685, "delta": 15.437337636947632}, "costs": {"total_cost": 211.28343737928543, "time_cost": 69.408, "final_distance_cost": 1.7425790781747976, "oscillation_cost": 65.33492233369465, "completition_cost": 0.0, "overshoot_cost": 50.35527264444207, "power_cost": 13.618653942871095, "noise_cost": 10.824009380102817, "n_waypoints_completed": 9, "tot_waypoints": 9}}
{"target": -224.05183443281405, "params": {"k_pid_pos": [1.9773093461990356, 0.05903765559196472, 0.0025149285793304443], "k_pid_alt": [1.962512493133545, 0.011673837900161743, 0.9817220568656921], "k_pid_att": [96.84181213378906, 0.2172396332025528, 0.9921818971633911], "k_pid_yaw": [0.5, 1e-06, 0.1], "k_pid_hsp": [9.888509750366211, 0.8967552781105042, 0.07423830032348633], "k_pid_vsp": [400.0, 395.599609375, 4.341031074523926]}, "datetime": {"datetime": "2025-08-20 16:37:07", "elapsed": 17081.827645778656, "delta": 16.4475736618042}, "costs": {"total_cost": 224.05183443281405, "time_cost": 69.88, "final_distance_cost": 1.777094930823228, "oscillation_cost": 76.81504841970288, "completition_cost": 0.0, "overshoot_cost": 50.35000048397958, "power_cost": 13.469199206542969, "noise_cost": 11.760491391765381, "n_waypoints_completed": 9, "tot_waypoints": 9}}
{"target": -270.22340145393747, "params": {"k_pid_pos": [1.9567161798477173, 0.06897252798080444, 0.9951267838478088], "k_pid_alt": [1.8229632377624512, 0.02571737766265869, 0.8945038318634033], "k_pid_att": [93.7660903930664, 0.8460599780082703, 0.9817792177200317], "k_pid_yaw": [0.5, 1e-06, 0.1], "k_pid_hsp": [9.94078254699707, 0.9762312173843384, 0.017019003629684448], "k_pid_vsp": [400.0, 393.0940246582031, 38.086402893066406]}, "datetime": {"datetime": "2025-08-20 16:37:22", "elapsed": 17096.845235824585, "delta": 15.017590045928955}, "costs": {"total_cost": 270.22340145393747, "time_cost": 69.76, "final_distance_cost": 1.8405028138481938, "oscillation_cost": 121.15978553770731, "completition_cost": 0.0, "overshoot_cost": 50.52307126657267, "power_cost": 14.735088342285158, "noise_cost": 12.204953493524087, "n_waypoints_completed": 9, "tot_waypoints": 9}}
{"target": -216.51638046974216, "params": {"k_pid_pos": [1.9215072393417358, 0.02815037965774536, 4.470348358154297e-07], "k_pid_alt": [1.5537551641464233, 0.005221754312515259, 0.9877426624298096], "k_pid_att": [88.19881439208984, 0.4152100086212158, 0.9689717888832092], "k_pid_yaw": [0.5, 1e-06, 0.1], "k_pid_hsp": [7.068288326263428, 0.9701957702636719, 0.058872103691101074], "k_pid_vsp": [268.87921142578125, 394.7029724121094, 31.301977157592773]}, "datetime": {"datetime": "2025-08-20 16:37:37", "elapsed": 17112.434479236603, "delta": 15.589243412017822}, "costs": {"total_cost": 216.51638046974216, "time_cost": 70.392, "final_distance_cost": 1.7434321475134928, "oscillation_cost": 68.32049691812234, "completition_cost": 0.0, "overshoot_cost": 50.276052583956826, "power_cost": 14.392217858886719, "noise_cost": 11.392180961262813, "n_waypoints_completed": 9, "tot_waypoints": 9}}
{"target": -228.9812086211766, "params": {"k_pid_pos": [1.8819715976715088, 0.029596298933029175, 0.0001385807991027832], "k_pid_alt": [1.9619221687316895, 0.06799304485321045, 0.9754927754402161], "k_pid_att": [97.72852325439453, 0.6101978421211243, 0.9865421056747437], "k_pid_yaw": [0.5, 1e-06, 0.1], "k_pid_hsp": [9.77831745147705, 0.8382342457771301, 0.009052306413650513], "k_pid_vsp": [400.0, 395.61181640625, 4.876662254333496]}, "datetime": {"datetime": "2025-08-20 16:37:55", "elapsed": 17129.680239915848, "delta": 17.245760679244995}, "costs": {"total_cost": 228.9812086211766, "time_cost": 77.952, "final_distance_cost": 1.7707493247858812, "oscillation_cost": 70.1721525117582, "completition_cost": 0.0, "overshoot_cost": 51.87266911413026, "power_cost": 14.490981176757813, "noise_cost": 12.722656493744426, "n_waypoints_completed": 9, "tot_waypoints": 9}}
{"target": -434.4159871135035, "params": {"k_pid_pos": [1.5483133792877197, 0.14721310138702393, 0.001002490520477295], "k_pid_alt": [1.9747037887573242, 0.151974618434906, 0.971679151058197], "k_pid_att": [88.83177947998047, 0.47487184405326843, 0.8894509077072144], "k_pid_yaw": [0.5, 1e-06, 0.1], "k_pid_hsp": [8.365708351135254, 0.9910809993743896, 0.0030344724655151367], "k_pid_vsp": [400.0, 336.3142395019531, 11.822010040283203]}, "datetime": {"datetime": "2025-08-20 16:38:17", "elapsed": 17152.19800066948, "delta": 22.517760753631592}, "costs": {"total_cost": 434.4159871135035, "time_cost": 150, "final_distance_cost": 17.051994229501513, "oscillation_cost": 70.43059259232821, "completition_cost": 111.11111111111116, "overshoot_cost": 52.1749966645657, "power_cost": 19.13504781494141, "noise_cost": 14.512244701055517, "n_waypoints_completed": 8, "tot_waypoints": 9}}
{"target": -285.19729966589836, "params": {"k_pid_pos": [1.9661309719085693, 0.014440149068832397, 0.9560521841049194], "k_pid_alt": [1.9779977798461914, 0.1421855390071869, 0.9670568108558655], "k_pid_att": [91.10652923583984, 0.24650700390338898, 0.8991141319274902], "k_pid_yaw": [0.5, 1e-06, 0.1], "k_pid_hsp": [9.540606498718262, 0.9883511662483215, 0.013994306325912476], "k_pid_vsp": [400.0, 366.899169921875, 12.081374168395996]}, "datetime": {"datetime": "2025-08-20 16:38:36", "elapsed": 17170.81518650055, "delta": 18.617185831069946}, "costs": {"total_cost": 285.19729966589836, "time_cost": 84.98400000000001, "final_distance_cost": 1.8195126635588097, "oscillation_cost": 121.0367506195599, "completition_cost": 0.0, "overshoot_cost": 50.59478765554676, "power_cost": 14.477300231933594, "noise_cost": 12.28494849529925, "n_waypoints_completed": 9, "tot_waypoints": 9}}
{"target": -272.3516754186826, "params": {"k_pid_pos": [1.9528264999389648, 0.11023616790771484, 0.0], "k_pid_alt": [1.9152472019195557, 0.12535080313682556, 0.8683619499206543], "k_pid_att": [96.45315551757812, 0.24679727852344513, 0.9652739763259888], "k_pid_yaw": [0.5, 1e-06, 0.1], "k_pid_hsp": [6.1194562911987305, 0.9886007308959961, 0.021558910608291626], "k_pid_vsp": [400.0, 360.1953125, 44.49200439453125]}, "datetime": {"datetime": "2025-08-20 16:38:58", "elapsed": 17193.116161584854, "delta": 22.30097508430481}, "costs": {"total_cost": 272.3516754186826, "time_cost": 99.128, "final_distance_cost": 1.7573626696357842, "oscillation_cost": 84.25121324895416, "completition_cost": 0.0, "overshoot_cost": 51.957870461449275, "power_cost": 20.054015393066408, "noise_cost": 15.20321364557698, "n_waypoints_completed": 9, "tot_waypoints": 9}}
{"target": -209.05152536944368, "params": {"k_pid_pos": [1.8414970636367798, 0.013420015573501587, 0.38235267996788025], "k_pid_alt": [1.9295380115509033, 0.034665584564208984, 0.6440252065658569], "k_pid_att": [97.68773651123047, 0.09383034706115723, 0.9688169360160828], "k_pid_yaw": [0.5, 1e-06, 0.1], "k_pid_hsp": [9.296618461608887, 0.9553138017654419, 0.02044391632080078], "k_pid_vsp": [400.0, 387.5072021484375, 7.363213062286377]}, "datetime": {"datetime": "2025-08-20 16:39:14", "elapsed": 17208.617163658142, "delta": 15.501002073287964}, "costs": {"total_cost": 209.05152536944368, "time_cost": 68.768, "final_distance_cost": 1.8264971931600864, "oscillation_cost": 63.393223794020685, "completition_cost": 0.0, "overshoot_cost": 50.69273013243106, "power_cost": 12.893322705078125, "noise_cost": 11.477751544753747, "n_waypoints_completed": 9, "tot_waypoints": 9}}
{"target": -207.4129267643435, "params": {"k_pid_pos": [1.794137716293335, 0.22085869312286377, 0.0], "k_pid_alt": [1.744341254234314, 0.008644938468933105, 0.9905831813812256], "k_pid_att": [97.14640045166016, 0.01969900354743004, 0.797269880771637], "k_pid_yaw": [0.5, 1e-06, 0.1], "k_pid_hsp": [9.782028198242188, 0.9762802124023438, 0.0064203739166259766], "k_pid_vsp": [400.0, 342.73577880859375, 3.4375081062316895]}, "datetime": {"datetime": "2025-08-20 16:39:29", "elapsed": 17224.084841012955, "delta": 15.467677354812622}, "costs": {"total_cost": 207.4129267643435, "time_cost": 70.992, "final_distance_cost": 1.7301286001884195, "oscillation_cost": 59.112237602366996, "completition_cost": 0.0, "overshoot_cost": 50.67742995345832, "power_cost": 13.268334533691407, "noise_cost": 11.63279607463831, "n_waypoints_completed": 9, "tot_waypoints": 9}}
{"target": -259.69978028950476, "params": {"k_pid_pos": [1.9673694372177124, 0.0014367103576660156, 0.9968917369842529], "k_pid_alt": [1.975466251373291, 0.06064125895500183, 0.950142502784729], "k_pid_att": [89.54528045654297, 0.1937282234430313, 0.9569982290267944], "k_pid_yaw": [0.5, 1e-06, 0.1], "k_pid_hsp": [9.629600524902344, 0.9523738622665405, 0.008479386568069458], "k_pid_vsp": [0.0802755355834961, 385.57830810546875, 11.190569877624512]}, "datetime": {"datetime": "2025-08-20 16:39:46", "elapsed": 17240.897552013397, "delta": 16.812711000442505}, "costs": {"total_cost": 259.69978028950476, "time_cost": 72.568, "final_distance_cost": 1.8532253945699222, "oscillation_cost": 106.89717663628922, "completition_cost": 0.0, "overshoot_cost": 50.944411503782135, "power_cost": 15.581979528808594, "noise_cost": 11.854987226054858, "n_waypoints_completed": 9, "tot_waypoints": 9}}
{"target": -231.47079937911784, "params": {"k_pid_pos": [1.9478967189788818, 0.005024939775466919, 0.9993249773979187], "k_pid_alt": [1.7188351154327393, 0.03389003872871399, 0.9724345803260803], "k_pid_att": [83.94120788574219, 0.8951367735862732, 0.9895464181900024], "k_pid_yaw": [0.5, 1e-06, 0.1], "k_pid_hsp": [9.40822982788086, 0.30868101119995117, 0.012572824954986572], "k_pid_vsp": [399.99853515625, 388.1274719238281, 15.8817777633667]}, "datetime": {"datetime": "2025-08-20 16:40:02", "elapsed": 17257.225874900818, "delta": 16.328322887420654}, "costs": {"total_cost": 231.47079937911784, "time_cost": 70.08800000000001, "final_distance_cost": 1.849680299810077, "oscillation_cost": 82.02524852659923, "completition_cost": 0.0, "overshoot_cost": 50.45438002792485, "power_cost": 14.492668041992188, "noise_cost": 12.560822482791478, "n_waypoints_completed": 9, "tot_waypoints": 9}}
{"target": -279.7619042258836, "params": {"k_pid_pos": [1.9712190628051758, 0.2999253273010254, 0.999981164932251], "k_pid_alt": [1.8742363452911377, 0.01954999566078186, 0.9945685267448425], "k_pid_att": [96.31390380859375, 0.31032058596611023, 0.961612343788147], "k_pid_yaw": [0.5, 1e-06, 0.1], "k_pid_hsp": [8.556800842285156, 0.9904346466064453, 0.089447021484375], "k_pid_vsp": [399.7142333984375, 389.20770263671875, 6.090212821960449]}, "datetime": {"datetime": "2025-08-20 16:40:19", "elapsed": 17273.703661203384, "delta": 16.47778630256653}, "costs": {"total_cost": 279.7619042258836, "time_cost": 75.984, "final_distance_cost": 1.7905252627818613, "oscillation_cost": 123.09560288844209, "completition_cost": 0.0, "overshoot_cost": 50.44718184989393, "power_cost": 15.230138037109375, "noise_cost": 13.214456187656378, "n_waypoints_completed": 9, "tot_waypoints": 9}}
{"target": -267.7168894847018, "params": {"k_pid_pos": [1.5990276336669922, 0.010045379400253296, 0.987209677696228], "k_pid_alt": [1.9659576416015625, 0.02026200294494629, 0.9860073328018188], "k_pid_att": [98.43069458007812, 0.5721242427825928, 0.9964910745620728], "k_pid_yaw": [0.5, 1e-06, 0.1], "k_pid_hsp": [8.361862182617188, 0.9959035515785217, 0.028533369302749634], "k_pid_vsp": [400.0, 362.6518249511719, 42.94713592529297]}, "datetime": {"datetime": "2025-08-20 16:40:34", "elapsed": 17289.44698858261, "delta": 15.743327379226685}, "costs": {"total_cost": 267.7168894847018, "time_cost": 70.768, "final_distance_cost": 1.8485839030280973, "oscillation_cost": 119.29574269867132, "completition_cost": 0.0, "overshoot_cost": 49.513537006248065, "power_cost": 14.0906693359375, "noise_cost": 12.200356540816841, "n_waypoints_completed": 9, "tot_waypoints": 9}}
{"target": -216.2686595664688, "params": {"k_pid_pos": [1.9598432779312134, 0.20219528675079346, 0.0], "k_pid_alt": [1.939652681350708, 0.03225007653236389, 0.6356232166290283], "k_pid_att": [83.17019653320312, 0.5502349734306335, 0.9138343334197998], "k_pid_yaw": [0.5, 1e-06, 0.1], "k_pid_hsp": [7.705847263336182, 0.9615658521652222, 0.03189149498939514], "k_pid_vsp": [399.99993896484375, 389.5931396484375, 6.624604225158691]}, "datetime": {"datetime": "2025-08-20 16:40:50", "elapsed": 17305.271879196167, "delta": 15.824890613555908}, "costs": {"total_cost": 216.2686595664688, "time_cost": 70.824, "final_distance_cost": 1.7569915094680366, "oscillation_cost": 66.20541555130741, "completition_cost": 0.0, "overshoot_cost": 51.8584221931435, "power_cost": 13.474311755371094, "noise_cost": 12.149518557178766, "n_waypoints_completed": 9, "tot_waypoints": 9}}
{"target": -248.63064132500622, "params": {"k_pid_pos": [1.8357923030853271, 0.1098591685295105, 0.9983508586883545], "k_pid_alt": [1.8509182929992676, 0.1369604468345642, 0.9767196178436279], "k_pid_att": [94.4081802368164, 2.7275054454803467, 0.8840283751487732], "k_pid_yaw": [0.5, 1e-06, 0.1], "k_pid_hsp": [8.23050308227539, 0.9454320073127747, 0.01879596710205078], "k_pid_vsp": [318.8229675292969, 387.4186096191406, 7.072342395782471]}, "datetime": {"datetime": "2025-08-20 16:41:09", "elapsed": 17324.414840221405, "delta": 19.142961025238037}, "costs": {"total_cost": 248.63064132500622, "time_cost": 85.12, "final_distance_cost": 1.7911607270390786, "oscillation_cost": 82.83954032327652, "completition_cost": 0.0, "overshoot_cost": 50.568301334416596, "power_cost": 15.018951794433594, "noise_cost": 13.292687145840414, "n_waypoints_completed": 9, "tot_waypoints": 9}}
{"target": -322.00061367663164, "params": {"k_pid_pos": [1.864405870437622, 0.20807713270187378, 0.0], "k_pid_alt": [1.6634035110473633, 0.09032151103019714, 0.9684590101242065], "k_pid_att": [97.98541259765625, 0.6807419061660767, 0.9164422154426575], "k_pid_yaw": [0.5, 1e-06, 0.1], "k_pid_hsp": [9.956021308898926, 0.9871480464935303, 0.0752125084400177], "k_pid_vsp": [400.0, 370.5082702636719, 8.86740779876709]}, "datetime": {"datetime": "2025-08-20 16:41:31", "elapsed": 17345.634073972702, "delta": 21.219233751296997}, "costs": {"total_cost": 322.00061367663164, "time_cost": 99.568, "final_distance_cost": 1.7675437179983269, "oscillation_cost": 133.55290859789838, "completition_cost": 0.0, "overshoot_cost": 52.21704392761743, "power_cost": 18.90171854248047, "noise_cost": 15.993398890637037, "n_waypoints_completed": 9, "tot_waypoints": 9}}
{"target": -223.0742146560626, "params": {"k_pid_pos": [1.2263869047164917, 0.028604090213775635, 6.407499313354492e-05], "k_pid_alt": [1.9647653102874756, 0.029817253351211548, 0.9757881164550781], "k_pid_att": [96.65018463134766, 1.2804068326950073, 0.9347571134567261], "k_pid_yaw": [0.5, 1e-06, 0.1], "k_pid_hsp": [9.929112434387207, 0.989031195640564, 0.09403485059738159], "k_pid_vsp": [400.0, 374.04669189453125, 12.212908744812012]}, "datetime": {"datetime": "2025-08-20 16:41:46", "elapsed": 17361.191160917282, "delta": 15.557086944580078}, "costs": {"total_cost": 223.0742146560626, "time_cost": 68.824, "final_distance_cost": 1.7960033128353854, "oscillation_cost": 76.30256326222438, "completition_cost": 0.0, "overshoot_cost": 50.10564910894381, "power_cost": 14.1941576171875, "noise_cost": 11.851841354871548, "n_waypoints_completed": 9, "tot_waypoints": 9}}
{"target": -209.22359927998383, "params": {"k_pid_pos": [1.384861707687378, 0.012164294719696045, 1.4901161193847656e-06], "k_pid_alt": [1.8491733074188232, 0.020988166332244873, 0.9069502353668213], "k_pid_att": [91.00116729736328, 0.19517004489898682, 0.9754875898361206], "k_pid_yaw": [0.5, 1e-06, 0.1], "k_pid_hsp": [9.754850387573242, 0.9926739931106567, 0.02051672339439392], "k_pid_vsp": [400.0, 387.7874450683594, 13.962233543395996]}, "datetime": {"datetime": "2025-08-20 16:42:02", "elapsed": 17376.692131996155, "delta": 15.50097107887268}, "costs": {"total_cost": 209.22359927998383, "time_cost": 68.70400000000001, "final_distance_cost": 1.7780228367639004, "oscillation_cost": 61.73852550907639, "completition_cost": 0.0, "overshoot_cost": 49.537341791006156, "power_cost": 15.381779296875001, "noise_cost": 12.083929846262393, "n_waypoints_completed": 9, "tot_waypoints": 9}}
{"target": -262.9551883006661, "params": {"k_pid_pos": [1.960938572883606, 0.01862388849258423, 5.960464477539063e-08], "k_pid_alt": [1.6669186353683472, 0.10632628202438354, 0.9639447927474976], "k_pid_att": [94.68415832519531, 0.16177865862846375, 0.9706622362136841], "k_pid_yaw": [0.5, 1e-06, 0.1], "k_pid_hsp": [9.629353523254395, 0.9338078498840332, 0.004722535610198975], "k_pid_vsp": [400.0, 395.5284729003906, 15.867913246154785]}, "datetime": {"datetime": "2025-08-20 16:42:24", "elapsed": 17399.169019699097, "delta": 22.476887702941895}, "costs": {"total_cost": 262.9551883006661, "time_cost": 99.568, "final_distance_cost": 1.7977776397226368, "oscillation_cost": 75.46509522451983, "completition_cost": 0.0, "overshoot_cost": 51.26766484925464, "power_cost": 19.689824182128906, "noise_cost": 15.166826405040139, "n_waypoints_completed": 9, "tot_waypoints": 9}}
{"target": -229.44509094726715, "params": {"k_pid_pos": [1.7281566858291626, 0.012647628784179688, 0.00018039345741271973], "k_pid_alt": [1.9036688804626465, 0.07137483358383179, 0.8545728921890259], "k_pid_att": [87.30941772460938, 0.8931838274002075, 0.9654850959777832], "k_pid_yaw": [0.5, 1e-06, 0.1], "k_pid_hsp": [8.591989517211914, 0.978971004486084, 0.014056473970413208], "k_pid_vsp": [400.0, 347.2457275390625, 46.88288116455078]}, "datetime": {"datetime": "2025-08-20 16:42:41", "elapsed": 17416.27726340294, "delta": 17.108243703842163}, "costs": {"total_cost": 229.44509094726715, "time_cost": 79.312, "final_distance_cost": 1.7886435337525624, "oscillation_cost": 64.80557974479007, "completition_cost": 0.0, "overshoot_cost": 51.80525727129103, "power_cost": 18.234755993652346, "noise_cost": 13.498854403781147, "n_waypoints_completed": 9, "tot_waypoints": 9}}
