{"target": -228.77183142931116, "params": {"k_pid_pos": [1.9828397035598755, 0.015801817178726196, 0.0], "k_pid_alt": [1.949018120765686, 0.014147311449050903, 0.974149227142334], "k_pid_att": [97.97734069824219, 0.26938751339912415, 0.9235451221466064], "k_pid_yaw": [0.5, 1e-06, 0.1], "k_pid_hsp": [9.963519096374512, 0.9082911610603333, 0.035120993852615356], "k_pid_vsp": [400.0, 348.4322814941406, 73.48928833007812]}, "datetime": {"datetime": "2025-08-20 19:59:06", "elapsed": 29201.143450260162, "delta": 17.585893154144287}, "costs": {"total_cost": 228.77183142931116, "time_cost": 68.64, "final_distance_cost": 1.771730506477029, "oscillation_cost": 83.39658580310758, "completition_cost": 0.0, "overshoot_cost": 49.76297146401007, "power_cost": 13.89128865966797, "noise_cost": 11.309254996048535, "n_waypoints_completed": 9, "tot_waypoints": 9}}
{"target": -212.81367492110763, "params": {"k_pid_pos": [1.970634937286377, 0.009099870920181274, 0.0], "k_pid_alt": [1.9800812005996704, 0.028900593519210815, 0.9813498258590698], "k_pid_att": [97.32282257080078, 0.09902394562959671, 0.9492062330245972], "k_pid_yaw": [0.5, 1e-06, 0.1], "k_pid_hsp": [9.729022979736328, 0.9628298282623291, 0.007768303155899048], "k_pid_vsp": [400.0, 395.0219421386719, 5.314231872558594]}, "datetime": {"datetime": "2025-08-20 19:59:21", "elapsed": 29216.00822353363, "delta": 14.864773273468018}, "costs": {"total_cost": 212.81367492110763, "time_cost": 69.84, "final_distance_cost": 1.737852705577504, "oscillation_cost": 66.16109674794872, "completition_cost": 0.0, "overshoot_cost": 50.44071800040042, "power_cost": 13.044904211425782, "noise_cost": 11.589103255755209, "n_waypoints_completed": 9, "tot_waypoints": 9}}
{"target": -216.32104982180616, "params": {"k_pid_pos": [1.7405589818954468, 0.036539226770401, 0.0], "k_pid_alt": [1.9929511547088623, 0.022678881883621216, 0.9869580864906311], "k_pid_att": [88.0803451538086, 0.6864320039749146, 0.9591346979141235], "k_pid_yaw": [0.5, 1e-06, 0.1], "k_pid_hsp": [9.931632041931152, 0.9965627193450928, 0.012695163488388062], "k_pid_vsp": [400.0, 385.012451171875, 1.2084136009216309]}, "datetime": {"datetime": "2025-08-20 19:59:38", "elapsed": 29232.642786502838, "delta": 16.634562969207764}, "costs": {"total_cost": 216.32104982180616, "time_cost": 69.256, "final_distance_cost": 1.766995307692478, "oscillation_cost": 70.68602259661589, "completition_cost": 0.0, "overshoot_cost": 50.163992185852365, "power_cost": 12.994813732910156, "noise_cost": 11.453225998735276, "n_waypoints_completed": 9, "tot_waypoints": 9}}
{"target": -284.30163937802104, "params": {"k_pid_pos": [1.9919461011886597, 0.1379925012588501, 0.0], "k_pid_alt": [1.9835907220840454, 0.02954334020614624, 0.9622594118118286], "k_pid_att": [97.69566345214844, 0.27362892031669617, 0.9791345596313477], "k_pid_yaw": [0.5, 1e-06, 0.1], "k_pid_hsp": [9.730545043945312, 0.9780920147895813, 0.13988977670669556], "k_pid_vsp": [400.0, 395.1822509765625, 47.64109802246094]}, "datetime": {"datetime": "2025-08-20 19:59:53", "elapsed": 29247.583208799362, "delta": 14.940422296524048}, "costs": {"total_cost": 284.30163937802104, "time_cost": 70.312, "final_distance_cost": 1.7707153416766972, "oscillation_cost": 134.65510693791137, "completition_cost": 0.0, "overshoot_cost": 51.08103821280047, "power_cost": 14.882108007812501, "noise_cost": 11.600670877820018, "n_waypoints_completed": 9, "tot_waypoints": 9}}
{"target": -219.04365639059822, "params": {"k_pid_pos": [1.8484106063842773, 0.027124077081680298, 2.682209014892578e-07], "k_pid_alt": [1.9784923791885376, 0.04115486145019531, 0.9919097423553467], "k_pid_att": [93.30671691894531, 0.7539067268371582, 0.9749205112457275], "k_pid_yaw": [0.5, 1e-06, 0.1], "k_pid_hsp": [9.923245429992676, 0.9330973625183105, 0.01570838689804077], "k_pid_vsp": [399.8682861328125, 395.1358337402344, 3.9460787773132324]}, "datetime": {"datetime": "2025-08-20 20:00:09", "elapsed": 29263.931334257126, "delta": 16.348125457763672}, "costs": {"total_cost": 219.04365639059822, "time_cost": 69.608, "final_distance_cost": 1.777687933601617, "oscillation_cost": 72.64072236486925, "completition_cost": 0.0, "overshoot_cost": 50.62903867708501, "power_cost": 12.902007055664063, "noise_cost": 11.486200359378286, "n_waypoints_completed": 9, "tot_waypoints": 9}}
{"target": -224.5443936939324, "params": {"k_pid_pos": [1.8422458171844482, 0.02173575758934021, 0.0], "k_pid_alt": [1.850583791732788, 0.0009891092777252197, 0.9723443984985352], "k_pid_att": [97.54351043701172, 0.16115491092205048, 0.9959005117416382], "k_pid_yaw": [0.5, 1e-06, 0.1], "k_pid_hsp": [9.774903297424316, 0.942263126373291, 0.016461342573165894], "k_pid_vsp": [400.0, 355.22454833984375, 1.0170230865478516]}, "datetime": {"datetime": "2025-08-20 20:00:25", "elapsed": 29279.564270973206, "delta": 15.632936716079712}, "costs": {"total_cost": 224.5443936939324, "time_cost": 69.888, "final_distance_cost": 1.7930825908310752, "oscillation_cost": 78.5606727364801, "completition_cost": 0.0, "overshoot_cost": 49.756282519495265, "power_cost": 13.045655944824219, "noise_cost": 11.500699902301703, "n_waypoints_completed": 9, "tot_waypoints": 9}}
{"target": -211.247284032739, "params": {"k_pid_pos": [1.9690946340560913, 0.17013788223266602, 0.0], "k_pid_alt": [1.9939513206481934, 0.01432424783706665, 0.9628089666366577], "k_pid_att": [98.84617614746094, 0.3741457760334015, 0.9870094656944275], "k_pid_yaw": [0.5, 1e-06, 0.1], "k_pid_hsp": [9.990020751953125, 0.9867743849754333, 0.0066682398319244385], "k_pid_vsp": [400.0, 381.0230407714844, 6.185341835021973]}, "datetime": {"datetime": "2025-08-20 20:00:41", "elapsed": 29296.336057901382, "delta": 16.77178692817688}, "costs": {"total_cost": 211.247284032739, "time_cost": 71.024, "final_distance_cost": 1.7816418425205491, "oscillation_cost": 62.68952673633173, "completition_cost": 0.0, "overshoot_cost": 51.19267712696786, "power_cost": 13.010812353515625, "noise_cost": 11.54862597340325, "n_waypoints_completed": 9, "tot_waypoints": 9}}
{"target": -210.51045046117423, "params": {"k_pid_pos": [1.7433582544326782, 0.020052075386047363, 0.0], "k_pid_alt": [1.9531481266021729, 0.014599800109863281, 0.946485698223114], "k_pid_att": [94.71924591064453, 0.20475883781909943, 0.9948058128356934], "k_pid_yaw": [0.5, 1e-06, 0.1], "k_pid_hsp": [9.598905563354492, 0.9932357668876648, 0.008849948644638062], "k_pid_vsp": [400.0, 390.4888000488281, 26.007713317871094]}, "datetime": {"datetime": "2025-08-20 20:00:57", "elapsed": 29312.378293275833, "delta": 16.042235374450684}, "costs": {"total_cost": 210.51045046117423, "time_cost": 69.184, "final_distance_cost": 1.7747263494608545, "oscillation_cost": 61.5784691655887, "completition_cost": 0.0, "overshoot_cost": 49.902774948518726, "power_cost": 15.884304028320313, "noise_cost": 12.186175969285646, "n_waypoints_completed": 9, "tot_waypoints": 9}}
{"target": -221.48735174527445, "params": {"k_pid_pos": [1.9712268114089966, 0.038166046142578125, 0.0], "k_pid_alt": [1.98641037940979, 0.01659172773361206, 0.9837987422943115], "k_pid_att": [97.0208969116211, 0.131023570895195, 0.9337650537490845], "k_pid_yaw": [0.5, 1e-06, 0.1], "k_pid_hsp": [9.942171096801758, 0.9732822775840759, 0.04665064811706543], "k_pid_vsp": [400.0, 391.48553466796875, 4.997611999511719]}, "datetime": {"datetime": "2025-08-20 20:01:13", "elapsed": 29327.87314915657, "delta": 15.494855880737305}, "costs": {"total_cost": 221.48735174527445, "time_cost": 69.744, "final_distance_cost": 1.7649088420957217, "oscillation_cost": 74.37200112750364, "completition_cost": 0.0, "overshoot_cost": 50.556813559655154, "power_cost": 13.369993542480469, "noise_cost": 11.67963467353946, "n_waypoints_completed": 9, "tot_waypoints": 9}}
{"target": -217.71973859346667, "params": {"k_pid_pos": [1.976747751235962, 0.02868807315826416, 0.0], "k_pid_alt": [1.9750467538833618, 0.015105277299880981, 0.9867631196975708], "k_pid_att": [94.1425552368164, 0.12693652510643005, 0.9812551736831665], "k_pid_yaw": [0.5, 1e-06, 0.1], "k_pid_hsp": [9.895259857177734, 0.9928596019744873, 0.03931567072868347], "k_pid_vsp": [400.0, 398.34375, 4.151118755340576]}, "datetime": {"datetime": "2025-08-20 20:01:29", "elapsed": 29344.01714372635, "delta": 16.143994569778442}, "costs": {"total_cost": 217.71973859346667, "time_cost": 69.76, "final_distance_cost": 1.7864544969335316, "oscillation_cost": 70.68792200433845, "completition_cost": 0.0, "overshoot_cost": 50.7486175185742, "power_cost": 13.178942663574219, "noise_cost": 11.557801910046276, "n_waypoints_completed": 9, "tot_waypoints": 9}}
{"target": -218.72339974023635, "params": {"k_pid_pos": [1.9924372434616089, 0.01351889967918396, 0.0], "k_pid_alt": [1.9880605936050415, 0.042860448360443115, 0.9906697273254395], "k_pid_att": [99.6622543334961, 0.061375346034765244, 0.9291638135910034], "k_pid_yaw": [0.5, 1e-06, 0.1], "k_pid_hsp": [9.836745262145996, 0.9952914714813232, 0.03181344270706177], "k_pid_vsp": [400.0, 391.0339050292969, 4.619670867919922]}, "datetime": {"datetime": "2025-08-20 20:01:44", "elapsed": 29358.92041325569, "delta": 14.903269529342651}, "costs": {"total_cost": 218.72339974023635, "time_cost": 69.816, "final_distance_cost": 1.7706263673273475, "oscillation_cost": 71.51383806517866, "completition_cost": 0.0, "overshoot_cost": 51.0325629127569, "power_cost": 13.078279296875001, "noise_cost": 11.512093098098436, "n_waypoints_completed": 9, "tot_waypoints": 9}}
{"target": -209.5570698205796, "params": {"k_pid_pos": [1.896314263343811, 0.006726264953613281, 0.0], "k_pid_alt": [1.9697880744934082, 0.026475757360458374, 0.9921515583992004], "k_pid_att": [96.44969940185547, 0.046021346002817154, 0.9746336340904236], "k_pid_yaw": [0.5, 1e-06, 0.1], "k_pid_hsp": [9.80189037322998, 0.9521878957748413, 0.013836562633514404], "k_pid_vsp": [400.0, 363.344482421875, 13.084007263183594]}, "datetime": {"datetime": "2025-08-20 20:02:00", "elapsed": 29375.33482837677, "delta": 16.41441512107849}, "costs": {"total_cost": 209.5570698205796, "time_cost": 69.4, "final_distance_cost": 1.766805625194197, "oscillation_cost": 65.2634110571104, "completition_cost": 0.0, "overshoot_cost": 50.1727373386912, "power_cost": 12.36927772216797, "noise_cost": 10.584838077415826, "n_waypoints_completed": 9, "tot_waypoints": 9}}
{"target": -219.16677502754766, "params": {"k_pid_pos": [1.9631518125534058, 0.003951132297515869, 0.0], "k_pid_alt": [1.9809298515319824, 0.017413437366485596, 0.9624919295310974], "k_pid_att": [99.0835952758789, 0.27556902170181274, 0.9694706201553345], "k_pid_yaw": [0.5, 1e-06, 0.1], "k_pid_hsp": [9.939043045043945, 0.9936015605926514, 0.009415090084075928], "k_pid_vsp": [400.0, 374.5545349121094, 8.437539100646973]}, "datetime": {"datetime": "2025-08-20 20:02:15", "elapsed": 29390.298505544662, "delta": 14.963677167892456}, "costs": {"total_cost": 219.16677502754766, "time_cost": 69.744, "final_distance_cost": 1.7439915448475167, "oscillation_cost": 72.65690005344314, "completition_cost": 0.0, "overshoot_cost": 50.58689488715418, "power_cost": 13.077921447753907, "noise_cost": 11.357067094348901, "n_waypoints_completed": 9, "tot_waypoints": 9}}
{"target": -210.4253231153133, "params": {"k_pid_pos": [1.9916895627975464, 0.009144037961959839, 0.0], "k_pid_alt": [1.9049123525619507, 0.01049184799194336, 0.9754853248596191], "k_pid_att": [82.39144897460938, 0.21878665685653687, 0.9865700602531433], "k_pid_yaw": [0.5, 1e-06, 0.1], "k_pid_hsp": [9.539676666259766, 0.995280385017395, 0.022960692644119263], "k_pid_vsp": [400.0, 395.72869873046875, 19.374013900756836]}, "datetime": {"datetime": "2025-08-20 20:02:31", "elapsed": 29406.213386297226, "delta": 15.914880752563477}, "costs": {"total_cost": 210.4253231153133, "time_cost": 69.528, "final_distance_cost": 1.7491424070945, "oscillation_cost": 65.97173983685373, "completition_cost": 0.0, "overshoot_cost": 50.81783083339843, "power_cost": 12.150604150390626, "noise_cost": 10.20800588757602, "n_waypoints_completed": 9, "tot_waypoints": 9}}
{"target": -214.05451938561245, "params": {"k_pid_pos": [1.9535850286483765, 0.009143203496932983, 0.0], "k_pid_alt": [1.9317548274993896, 0.03362211585044861, 0.9891765117645264], "k_pid_att": [95.52265930175781, 0.4501326084136963, 0.9662972092628479], "k_pid_yaw": [0.5, 1e-06, 0.1], "k_pid_hsp": [9.812503814697266, 0.9815090894699097, 0.013094067573547363], "k_pid_vsp": [400.0, 390.0445861816406, 16.301776885986328]}, "datetime": {"datetime": "2025-08-20 20:02:46", "elapsed": 29421.322459220886, "delta": 15.109072923660278}, "costs": {"total_cost": 214.05451938561245, "time_cost": 69.632, "final_distance_cost": 1.7355034670345924, "oscillation_cost": 64.49187188065095, "completition_cost": 0.0, "overshoot_cost": 50.42602303268951, "power_cost": 15.61877625732422, "noise_cost": 12.15034474791318, "n_waypoints_completed": 9, "tot_waypoints": 9}}
{"target": -207.56336123136654, "params": {"k_pid_pos": [1.915579080581665, 0.0222608745098114, 0.0], "k_pid_alt": [1.9950056076049805, 0.0123443603515625, 0.9475524425506592], "k_pid_att": [93.8315200805664, 0.16790267825126648, 0.9804134368896484], "k_pid_yaw": [0.5, 1e-06, 0.1], "k_pid_hsp": [9.50197982788086, 0.9895381927490234, 0.013537675142288208], "k_pid_vsp": [400.0, 398.7410888671875, 44.73088836669922]}, "datetime": {"datetime": "2025-08-20 20:03:03", "elapsed": 29437.64779996872, "delta": 16.325340747833252}, "costs": {"total_cost": 207.56336123136654, "time_cost": 69.408, "final_distance_cost": 1.7364786325198616, "oscillation_cost": 64.33183543369701, "completition_cost": 0.0, "overshoot_cost": 49.789304548245354, "power_cost": 12.181034106445313, "noise_cost": 10.116708510459, "n_waypoints_completed": 9, "tot_waypoints": 9}}
{"target": -212.16235388329457, "params": {"k_pid_pos": [1.837315320968628, 0.009333133697509766, 0.0], "k_pid_alt": [1.9698630571365356, 0.007414668798446655, 0.9867323637008667], "k_pid_att": [98.86128997802734, 0.12399833649396896, 0.9804161787033081], "k_pid_yaw": [0.5, 1e-06, 0.1], "k_pid_hsp": [9.856213569641113, 0.9816038012504578, 0.022257894277572632], "k_pid_vsp": [400.0, 398.26153564453125, 10.539092063903809]}, "datetime": {"datetime": "2025-08-20 20:03:19", "elapsed": 29453.74551963806, "delta": 16.09771966934204}, "costs": {"total_cost": 212.16235388329457, "time_cost": 69.552, "final_distance_cost": 1.7802005169889221, "oscillation_cost": 62.534681974184714, "completition_cost": 0.0, "overshoot_cost": 50.401345480802824, "power_cost": 15.524187255859376, "noise_cost": 12.369938655458723, "n_waypoints_completed": 9, "tot_waypoints": 9}}
{"target": -219.22843029323587, "params": {"k_pid_pos": [1.9432976245880127, 0.08094018697738647, 0.0], "k_pid_alt": [1.9810467958450317, 0.026403486728668213, 0.9893567562103271], "k_pid_att": [90.63292694091797, 0.1651477813720703, 0.98589026927948], "k_pid_yaw": [0.5, 1e-06, 0.1], "k_pid_hsp": [9.481379508972168, 0.933359682559967, 0.03699269890785217], "k_pid_vsp": [399.65728759765625, 392.9447021484375, 2.7786502838134766]}, "datetime": {"datetime": "2025-08-20 20:03:34", "elapsed": 29468.697937250137, "delta": 14.952417612075806}, "costs": {"total_cost": 219.22843029323587, "time_cost": 69.888, "final_distance_cost": 1.7184565627779664, "oscillation_cost": 72.00779925960143, "completition_cost": 0.0, "overshoot_cost": 50.58462481698172, "power_cost": 13.317685583496095, "noise_cost": 11.711864070378667, "n_waypoints_completed": 9, "tot_waypoints": 9}}
{"target": -238.2184073987981, "params": {"k_pid_pos": [1.9545561075210571, 0.0033693015575408936, 0.0], "k_pid_alt": [1.9517090320587158, 0.04907241463661194, 0.9899190068244934], "k_pid_att": [97.93696594238281, 0.14017905294895172, 0.9509068727493286], "k_pid_yaw": [0.5, 1e-06, 0.1], "k_pid_hsp": [9.845277786254883, 0.9857469797134399, 0.05838003754615784], "k_pid_vsp": [400.0, 399.79638671875, 18.595293045043945]}, "datetime": {"datetime": "2025-08-20 20:03:50", "elapsed": 29484.898226976395, "delta": 16.200289726257324}, "costs": {"total_cost": 238.2184073987981, "time_cost": 69.36, "final_distance_cost": 1.755414333595272, "oscillation_cost": 91.84137472899316, "completition_cost": 0.0, "overshoot_cost": 50.490783658246826, "power_cost": 13.39371142578125, "noise_cost": 11.377123252181605, "n_waypoints_completed": 9, "tot_waypoints": 9}}
{"target": -211.07827333900738, "params": {"k_pid_pos": [1.9460948705673218, 0.007501482963562012, 0.0], "k_pid_alt": [1.9200037717819214, 0.030906736850738525, 0.9836538434028625], "k_pid_att": [97.91729736328125, 0.11778253316879272, 0.9829941391944885], "k_pid_yaw": [0.5, 1e-06, 0.1], "k_pid_hsp": [9.931567192077637, 0.9640907049179077, 0.007571369409561157], "k_pid_vsp": [384.8569030761719, 388.2377624511719, 4.728485107421875]}, "datetime": {"datetime": "2025-08-20 20:04:05", "elapsed": 29500.241938352585, "delta": 15.343711376190186}, "costs": {"total_cost": 211.07827333900738, "time_cost": 69.776, "final_distance_cost": 1.7828438070422934, "oscillation_cost": 65.03939198701877, "completition_cost": 0.0, "overshoot_cost": 50.24870664234157, "power_cost": 12.852579870605469, "noise_cost": 11.378751031999286, "n_waypoints_completed": 9, "tot_waypoints": 9}}
{"target": -453.05290761849454, "params": {"k_pid_pos": [1.9531214237213135, 0.011373639106750488, 0.0], "k_pid_alt": [1.9452742338180542, 0.26153314113616943, 0.9760956764221191], "k_pid_att": [97.34843444824219, 0.8034493327140808, 0.9890002012252808], "k_pid_yaw": [0.5, 1e-06, 0.1], "k_pid_hsp": [9.949109077453613, 0.9948762059211731, 0.042345672845840454], "k_pid_vsp": [400.0, 396.0574951171875, 8.171225547790527]}, "datetime": {"datetime": "2025-08-20 20:04:30", "elapsed": 29525.148630857468, "delta": 24.906692504882812}, "costs": {"total_cost": 453.05290761849454, "time_cost": 150, "final_distance_cost": 6.855247201377789, "oscillation_cost": 99.11303085585158, "completition_cost": 111.11111111111116, "overshoot_cost": 51.934946254961964, "power_cost": 18.558075610351562, "noise_cost": 15.480496584840493, "n_waypoints_completed": 8, "tot_waypoints": 9}}
{"target": -223.94061372951637, "params": {"k_pid_pos": [1.963184118270874, 0.029008328914642334, 0.0], "k_pid_alt": [1.9192173480987549, 0.04326716065406799, 0.9825431108474731], "k_pid_att": [98.01557159423828, 0.3601713180541992, 0.9960283041000366], "k_pid_yaw": [0.5, 1e-06, 0.1], "k_pid_hsp": [9.90677547454834, 0.9870755672454834, 0.049953997135162354], "k_pid_vsp": [400.0, 389.1689758300781, 10.037697792053223]}, "datetime": {"datetime": "2025-08-20 20:04:48", "elapsed": 29543.35745191574, "delta": 18.208821058273315}, "costs": {"total_cost": 223.94061372951637, "time_cost": 69.608, "final_distance_cost": 1.7706162805134735, "oscillation_cost": 75.02267637340474, "completition_cost": 0.0, "overshoot_cost": 50.836944019124985, "power_cost": 14.457357336425781, "noise_cost": 12.245019720047372, "n_waypoints_completed": 9, "tot_waypoints": 9}}
{"target": -214.45411319706233, "params": {"k_pid_pos": [1.9414830207824707, 0.004148721694946289, 0.0], "k_pid_alt": [1.970381736755371, 0.03259289264678955, 0.9868911504745483], "k_pid_att": [98.215087890625, 0.22880877554416656, 0.9919460415840149], "k_pid_yaw": [0.5, 1e-06, 0.1], "k_pid_hsp": [9.911401748657227, 0.9943241477012634, 0.035889506340026855], "k_pid_vsp": [400.0, 397.2600402832031, 4.396475315093994]}, "datetime": {"datetime": "2025-08-20 20:05:03", "elapsed": 29558.439196825027, "delta": 15.081744909286499}, "costs": {"total_cost": 214.45411319706233, "time_cost": 69.504, "final_distance_cost": 1.741449043033639, "oscillation_cost": 68.41212897617906, "completition_cost": 0.0, "overshoot_cost": 50.27233463849817, "power_cost": 13.0340525390625, "noise_cost": 11.49014800028896, "n_waypoints_completed": 9, "tot_waypoints": 9}}
{"target": -279.7013778658296, "params": {"k_pid_pos": [1.947312831878662, 0.029823780059814453, 0.0], "k_pid_alt": [1.973588228225708, 0.10300290584564209, 0.9874271154403687], "k_pid_att": [98.91197967529297, 0.1550535410642624, 0.9758926630020142], "k_pid_yaw": [0.5, 1e-06, 0.1], "k_pid_hsp": [9.939043045043945, 0.9701238870620728, 0.019293993711471558], "k_pid_vsp": [400.0, 393.9018859863281, 0.754977285861969]}, "datetime": {"datetime": "2025-08-20 20:05:26", "elapsed": 29580.697135686874, "delta": 22.257938861846924}, "costs": {"total_cost": 279.7013778658296, "time_cost": 97.664, "final_distance_cost": 1.8001805053970061, "oscillation_cost": 95.61408731924021, "completition_cost": 0.0, "overshoot_cost": 51.75836296523851, "power_cost": 17.591953454589845, "noise_cost": 15.272793621364038, "n_waypoints_completed": 9, "tot_waypoints": 9}}
{"target": -224.693618977472, "params": {"k_pid_pos": [1.9615776538848877, 0.031506359577178955, 0.0], "k_pid_alt": [1.9290086030960083, 0.07430821657180786, 0.9861829280853271], "k_pid_att": [99.63639068603516, 0.04307481646537781, 0.9969003200531006], "k_pid_yaw": [0.5, 1e-06, 0.1], "k_pid_hsp": [9.78934097290039, 0.9584300518035889, 0.006125122308731079], "k_pid_vsp": [400.0, 389.5840759277344, 7.6774725914001465]}, "datetime": {"datetime": "2025-08-20 20:05:45", "elapsed": 29600.086416959763, "delta": 19.389281272888184}, "costs": {"total_cost": 224.693618977472, "time_cost": 81.288, "final_distance_cost": 1.7680976993288966, "oscillation_cost": 61.51123162594559, "completition_cost": 0.0, "overshoot_cost": 51.92359878535069, "power_cost": 15.10789482421875, "noise_cost": 13.094796042628062, "n_waypoints_completed": 9, "tot_waypoints": 9}}
