{"target": -358.96604160585866, "params": {"k_pid_pos": [1.8461819887161255, 0.006931394338607788, 0.9560273885726929], "k_pid_alt": [1.9920355081558228, 0.14683198928833008, 0.9951356649398804], "k_pid_att": [98.82505798339844, 2.732862710952759, 0.8879579901695251], "k_pid_yaw": [0.5, 1e-06, 0.1], "k_pid_hsp": [9.82468318939209, 0.8936816453933716, 0.062354445457458496], "k_pid_vsp": [400.0, 393.0649719238281, 30.185855865478516]}, "datetime": {"datetime": "2025-08-20 17:05:06", "elapsed": 18761.254190444946, "delta": 18.64837074279785}, "costs": {"total_cost": 358.96604160585866, "time_cost": 83.312, "final_distance_cost": 1.813065554065126, "oscillation_cost": 192.15076483674125, "completition_cost": 0.0, "overshoot_cost": 51.58786579504024, "power_cost": 16.744951403808596, "noise_cost": 13.357394016203447, "n_waypoints_completed": 9, "tot_waypoints": 9}}
{"target": -264.64840756196855, "params": {"k_pid_pos": [1.8677427768707275, 0.07483375072479248, 2.9802322387695312e-08], "k_pid_alt": [1.5765329599380493, 0.07263612747192383, 0.990850031375885], "k_pid_att": [76.81969451904297, 0.28244495391845703, 0.9112464785575867], "k_pid_yaw": [0.5, 1e-06, 0.1], "k_pid_hsp": [9.782630920410156, 0.9902673959732056, 0.006589740514755249], "k_pid_vsp": [0.0, 388.0164489746094, 3.9409289360046387]}, "datetime": {"datetime": "2025-08-20 17:05:25", "elapsed": 18780.34282064438, "delta": 19.088630199432373}, "costs": {"total_cost": 264.64840756196855, "time_cost": 88.072, "final_distance_cost": 1.7485089294077192, "oscillation_cost": 89.3982883224818, "completition_cost": 0.0, "overshoot_cost": 53.951486873839656, "power_cost": 18.522782617187502, "noise_cost": 12.955340819051845, "n_waypoints_completed": 9, "tot_waypoints": 9}}
{"target": -210.49937618981716, "params": {"k_pid_pos": [1.9273704290390015, 0.01966482400894165, 0.0001690983772277832], "k_pid_alt": [1.792624831199646, 0.05044072866439819, 0.9523510932922363], "k_pid_att": [98.87652587890625, 2.0269904136657715, 0.9328861236572266], "k_pid_yaw": [0.5, 1e-06, 0.1], "k_pid_hsp": [9.857995986938477, 0.9789438843727112, 0.006973534822463989], "k_pid_vsp": [400.0, 380.5208740234375, 27.470613479614258]}, "datetime": {"datetime": "2025-08-20 17:05:41", "elapsed": 18795.907906770706, "delta": 15.565086126327515}, "costs": {"total_cost": 210.49937618981716, "time_cost": 69.60000000000001, "final_distance_cost": 1.7273591326182391, "oscillation_cost": 61.80763954780209, "completition_cost": 0.0, "overshoot_cost": 51.068065783909326, "power_cost": 14.690712072753907, "noise_cost": 11.605599652733577, "n_waypoints_completed": 9, "tot_waypoints": 9}}
{"target": -203.16878058961407, "params": {"k_pid_pos": [1.872696876525879, 0.046519935131073, 2.0116567611694336e-05], "k_pid_alt": [1.5669912099838257, 0.01318386197090149, 0.9327284693717957], "k_pid_att": [98.80131530761719, 0.07169310748577118, 0.9903602600097656], "k_pid_yaw": [0.5, 1e-06, 0.1], "k_pid_hsp": [8.776235580444336, 0.6455314755439758, 0.004799395799636841], "k_pid_vsp": [400.0, 360.5110778808594, 6.2184224128723145]}, "datetime": {"datetime": "2025-08-20 17:05:57", "elapsed": 18811.817116737366, "delta": 15.909209966659546}, "costs": {"total_cost": 203.16878058961407, "time_cost": 70.136, "final_distance_cost": 1.7937984701499448, "oscillation_cost": 56.968512149207925, "completition_cost": 0.0, "overshoot_cost": 49.91462714715941, "power_cost": 12.903635888671875, "noise_cost": 11.452206934424904, "n_waypoints_completed": 9, "tot_waypoints": 9}}
{"target": -307.6372744220188, "params": {"k_pid_pos": [1.9817394018173218, 0.030535221099853516, 0.0], "k_pid_alt": [1.8934680223464966, 0.06702348589897156, 0.8541863560676575], "k_pid_att": [97.40325164794922, 0.6017927527427673, 0.8629733920097351], "k_pid_yaw": [0.5, 1e-06, 0.1], "k_pid_hsp": [9.744974136352539, 0.6094236969947815, 0.135847270488739], "k_pid_vsp": [7.10529088973999, 397.0198974609375, 10.92177677154541]}, "datetime": {"datetime": "2025-08-20 17:06:14", "elapsed": 18829.32604932785, "delta": 17.50893259048462}, "costs": {"total_cost": 307.6372744220188, "time_cost": 79.936, "final_distance_cost": 1.7637222004872286, "oscillation_cost": 142.71090092894062, "completition_cost": 0.0, "overshoot_cost": 52.31220702356329, "power_cost": 17.931071472167968, "noise_cost": 12.983372796859653, "n_waypoints_completed": 9, "tot_waypoints": 9}}
{"target": -262.27786886485194, "params": {"k_pid_pos": [1.980805516242981, 0.45344388484954834, 0.0], "k_pid_alt": [1.9716932773590088, 0.007911592721939087, 0.8043169975280762], "k_pid_att": [96.75151062011719, 0.1058351993560791, 0.9717864394187927], "k_pid_yaw": [0.5, 1e-06, 0.1], "k_pid_hsp": [9.067620277404785, 0.9330532550811768, 0.07389521598815918], "k_pid_vsp": [400.0, 395.9862365722656, 63.74507141113281]}, "datetime": {"datetime": "2025-08-20 17:06:33", "elapsed": 18847.506168842316, "delta": 18.180119514465332}, "costs": {"total_cost": 262.27786886485194, "time_cost": 81.06400000000001, "final_distance_cost": 1.7474449312886546, "oscillation_cost": 94.42416513193423, "completition_cost": 0.0, "overshoot_cost": 54.880285951975296, "power_cost": 16.64524453125, "noise_cost": 13.516728318403725, "n_waypoints_completed": 9, "tot_waypoints": 9}}
{"target": -437.27443289052655, "params": {"k_pid_pos": [1.7394155263900757, 0.036772698163986206, 0.0], "k_pid_alt": [1.8814752101898193, 0.16721200942993164, 0.9432545304298401], "k_pid_att": [81.61660766601562, 0.34486350417137146, 0.9833416938781738], "k_pid_yaw": [0.5, 1e-06, 0.1], "k_pid_hsp": [9.076838493347168, 0.9962239265441895, 0.030822724103927612], "k_pid_vsp": [400.0, 398.3973388671875, 7.099545955657959]}, "datetime": {"datetime": "2025-08-20 17:06:55", "elapsed": 18869.84517621994, "delta": 22.33900737762451}, "costs": {"total_cost": 437.27443289052655, "time_cost": 150, "final_distance_cost": 6.844248449193867, "oscillation_cost": 84.29966698914635, "completition_cost": 111.11111111111116, "overshoot_cost": 51.794300350731326, "power_cost": 18.007856188964844, "noise_cost": 15.217249801378983, "n_waypoints_completed": 8, "tot_waypoints": 9}}
{"target": -219.27968836877344, "params": {"k_pid_pos": [1.9750561714172363, 0.016074150800704956, 0.0], "k_pid_alt": [1.7815250158309937, 0.041208118200302124, 0.9524627327919006], "k_pid_att": [97.96292877197266, 0.77040696144104, 0.9612829685211182], "k_pid_yaw": [0.5, 1e-06, 0.1], "k_pid_hsp": [9.811906814575195, 0.9799555540084839, 0.00925755500793457], "k_pid_vsp": [0.0027894973754882812, 313.6614685058594, 34.994361877441406]}, "datetime": {"datetime": "2025-08-20 17:07:10", "elapsed": 18885.39585328102, "delta": 15.550677061080933}, "costs": {"total_cost": 219.27968836877344, "time_cost": 70.16, "final_distance_cost": 1.7167207392486996, "oscillation_cost": 70.93438330940492, "completition_cost": 0.0, "overshoot_cost": 50.03364356827654, "power_cost": 14.895650024414063, "noise_cost": 11.539290727429208, "n_waypoints_completed": 9, "tot_waypoints": 9}}
{"target": -265.9754064428588, "params": {"k_pid_pos": [1.9699610471725464, 0.027764469385147095, 2.9802322387695312e-08], "k_pid_alt": [1.7006480693817139, 0.49699148535728455, 0.9816020727157593], "k_pid_att": [99.47129821777344, 1.417391300201416, 0.9009630084037781], "k_pid_yaw": [0.5, 1e-06, 0.1], "k_pid_hsp": [8.514143943786621, 0.9790142178535461, 0.03271082043647766], "k_pid_vsp": [400.0, 396.8995666503906, 1.363481044769287]}, "datetime": {"datetime": "2025-08-20 17:07:32", "elapsed": 18906.59700679779, "delta": 21.20115351676941}, "costs": {"total_cost": 265.9754064428588, "time_cost": 92.888, "final_distance_cost": 1.728712192826198, "oscillation_cost": 86.22221983358804, "completition_cost": 0.0, "overshoot_cost": 53.42926153757107, "power_cost": 17.02980769042969, "noise_cost": 14.677405188443815, "n_waypoints_completed": 9, "tot_waypoints": 9}}
{"target": -238.95601899874995, "params": {"k_pid_pos": [1.9475343227386475, 0.12202572822570801, 0.0], "k_pid_alt": [1.946885108947754, 0.05986282229423523, 0.9470284581184387], "k_pid_att": [97.90061950683594, 0.6212171316146851, 0.9797109365463257], "k_pid_yaw": [0.5, 1e-06, 0.1], "k_pid_hsp": [8.402548789978027, 0.9876632690429688, 0.06845101714134216], "k_pid_vsp": [399.99951171875, 366.9251403808594, 45.24663543701172]}, "datetime": {"datetime": "2025-08-20 17:07:48", "elapsed": 18922.547523736954, "delta": 15.950516939163208}, "costs": {"total_cost": 238.95601899874995, "time_cost": 73.384, "final_distance_cost": 1.7310739062536171, "oscillation_cost": 84.31411410453377, "completition_cost": 0.0, "overshoot_cost": 53.1205335096984, "power_cost": 14.685409423828126, "noise_cost": 11.720888054436042, "n_waypoints_completed": 9, "tot_waypoints": 9}}
{"target": -281.73803999420227, "params": {"k_pid_pos": [1.9738177061080933, 0.03287491202354431, 1.8775463104248047e-06], "k_pid_alt": [1.576676845550537, 0.3267766833305359, 0.9929465055465698], "k_pid_att": [98.03863525390625, 0.352276474237442, 0.7576038241386414], "k_pid_yaw": [0.5, 1e-06, 0.1], "k_pid_hsp": [7.3745503425598145, 0.8373175859451294, 0.0348379909992218], "k_pid_vsp": [399.9869689941406, 363.7251281738281, 11.740160942077637]}, "datetime": {"datetime": "2025-08-20 17:08:10", "elapsed": 18945.38143515587, "delta": 22.833911418914795}, "costs": {"total_cost": 281.73803999420227, "time_cost": 95.456, "final_distance_cost": 1.7732257753561385, "oscillation_cost": 95.06729418979214, "completition_cost": 0.0, "overshoot_cost": 53.47199022947014, "power_cost": 20.150023083496095, "noise_cost": 15.819506716087812, "n_waypoints_completed": 9, "tot_waypoints": 9}}
{"target": -291.39931741063674, "params": {"k_pid_pos": [1.933748483657837, 0.01067042350769043, 0.992954671382904], "k_pid_alt": [1.9523282051086426, 0.048125624656677246, 0.9882429838180542], "k_pid_att": [99.85494995117188, 0.0712466686964035, 0.9595366716384888], "k_pid_yaw": [0.5, 1e-06, 0.1], "k_pid_hsp": [8.4464111328125, 0.985016942024231, 0.04104676842689514], "k_pid_vsp": [400.0, 396.51385498046875, 14.500189781188965]}, "datetime": {"datetime": "2025-08-20 17:08:28", "elapsed": 18962.94952559471, "delta": 17.568090438842773}, "costs": {"total_cost": 291.39931741063674, "time_cost": 75.08, "final_distance_cost": 1.8534810400120352, "oscillation_cost": 135.74558763412247, "completition_cost": 0.0, "overshoot_cost": 49.94690179637982, "power_cost": 15.516760803222658, "noise_cost": 13.256586136899758, "n_waypoints_completed": 9, "tot_waypoints": 9}}
{"target": -308.3617805370161, "params": {"k_pid_pos": [1.925645112991333, 0.05923306941986084, 2.9802322387695312e-08], "k_pid_alt": [1.867666482925415, 0.046035051345825195, 0.995598316192627], "k_pid_att": [99.23890686035156, 0.21565565466880798, 0.9974675178527832], "k_pid_yaw": [0.5, 1e-06, 0.1], "k_pid_hsp": [9.6561279296875, 0.9506334066390991, 0.28056907653808594], "k_pid_vsp": [400.0, 395.3112487792969, 38.14755630493164]}, "datetime": {"datetime": "2025-08-20 17:08:43", "elapsed": 18978.116959810257, "delta": 15.167434215545654}, "costs": {"total_cost": 308.3617805370161, "time_cost": 69.528, "final_distance_cost": 1.701585557175471, "oscillation_cost": 159.51534097088523, "completition_cost": 0.0, "overshoot_cost": 51.49341922289513, "power_cost": 14.457137756347658, "noise_cost": 11.666297029712604, "n_waypoints_completed": 9, "tot_waypoints": 9}}
{"target": -209.46588767315788, "params": {"k_pid_pos": [1.9616167545318604, 0.2943735718727112, 0.0], "k_pid_alt": [1.9581538438796997, 0.026316940784454346, 0.9919004440307617], "k_pid_att": [99.08988952636719, 0.7508329749107361, 0.9310945272445679], "k_pid_yaw": [0.5, 1e-06, 0.1], "k_pid_hsp": [9.544244766235352, 0.9555482864379883, 0.012560933828353882], "k_pid_vsp": [399.6487731933594, 389.27392578125, 7.268811225891113]}, "datetime": {"datetime": "2025-08-20 17:09:00", "elapsed": 18994.583734035492, "delta": 16.466774225234985}, "costs": {"total_cost": 209.46588767315788, "time_cost": 72.808, "final_distance_cost": 1.7177622240273163, "oscillation_cost": 57.42311461702526, "completition_cost": 0.0, "overshoot_cost": 51.923935360904814, "power_cost": 13.459209350585938, "noise_cost": 12.133866120614526, "n_waypoints_completed": 9, "tot_waypoints": 9}}
{"target": -218.1181521233307, "params": {"k_pid_pos": [1.8288832902908325, 0.045709311962127686, 0.0], "k_pid_alt": [1.893303632736206, 0.03637811541557312, 0.8361947536468506], "k_pid_att": [96.5169448852539, 1.2985813617706299, 0.9969778656959534], "k_pid_yaw": [0.5, 1e-06, 0.1], "k_pid_hsp": [8.843062400817871, 0.9919606447219849, 0.04592064023017883], "k_pid_vsp": [399.9999694824219, 399.0166320800781, 12.408698081970215]}, "datetime": {"datetime": "2025-08-20 17:09:15", "elapsed": 19010.418588876724, "delta": 15.8348548412323}, "costs": {"total_cost": 218.1181521233307, "time_cost": 69.296, "final_distance_cost": 1.7431732820255053, "oscillation_cost": 72.51866867451444, "completition_cost": 0.0, "overshoot_cost": 50.4394143971798, "power_cost": 13.003847033691407, "noise_cost": 11.117048735919528, "n_waypoints_completed": 9, "tot_waypoints": 9}}
{"target": -207.0968597166592, "params": {"k_pid_pos": [1.9515916109085083, 0.01682758331298828, 0.00022488832473754883], "k_pid_alt": [1.8740651607513428, 0.05237555503845215, 0.9805596470832825], "k_pid_att": [99.41079711914062, 0.11417589336633682, 0.9693931341171265], "k_pid_yaw": [0.5, 1e-06, 0.1], "k_pid_hsp": [9.038379669189453, 0.8897787928581238, 0.01860988140106201], "k_pid_vsp": [399.99993896484375, 388.6370544433594, 57.87489318847656]}, "datetime": {"datetime": "2025-08-20 17:09:31", "elapsed": 19025.969440460205, "delta": 15.550851583480835}, "costs": {"total_cost": 207.0968597166592, "time_cost": 69.512, "final_distance_cost": 1.7505343814665753, "oscillation_cost": 61.11308136082855, "completition_cost": 0.0, "overshoot_cost": 50.47913965995875, "power_cost": 13.401970739746094, "noise_cost": 10.840133574659207, "n_waypoints_completed": 9, "tot_waypoints": 9}}
{"target": -203.74614256966876, "params": {"k_pid_pos": [1.9758460521697998, 0.04926136136054993, 0.27336177229881287], "k_pid_alt": [1.7582175731658936, 0.01326492428779602, 0.9906207323074341], "k_pid_att": [97.9358901977539, 0.2595060467720032, 0.9119653701782227], "k_pid_yaw": [0.5, 1e-06, 0.1], "k_pid_hsp": [9.736234664916992, 0.9827888011932373, 0.009314239025115967], "k_pid_vsp": [399.99993896484375, 393.9224853515625, 6.964505672454834]}, "datetime": {"datetime": "2025-08-20 17:09:48", "elapsed": 19042.553107976913, "delta": 16.583667516708374}, "costs": {"total_cost": 203.74614256966876, "time_cost": 69.48, "final_distance_cost": 1.7521557742523444, "oscillation_cost": 58.38721836066211, "completition_cost": 0.0, "overshoot_cost": 49.92551876945064, "power_cost": 12.826327307128906, "noise_cost": 11.37492235817477, "n_waypoints_completed": 9, "tot_waypoints": 9}}
{"target": -268.41265012665605, "params": {"k_pid_pos": [1.7784663438796997, 0.009948372840881348, 0.0], "k_pid_alt": [1.927106261253357, 0.016127854585647583, 0.9865665435791016], "k_pid_att": [89.42570495605469, 0.8056171536445618, 0.8484008312225342], "k_pid_yaw": [0.5, 1e-06, 0.1], "k_pid_hsp": [9.639557838439941, 0.9857962727546692, 0.06092798709869385], "k_pid_vsp": [399.99798583984375, 377.0167236328125, 146.1010284423828]}, "datetime": {"datetime": "2025-08-20 17:10:02", "elapsed": 19057.437383890152, "delta": 14.884275913238525}, "costs": {"total_cost": 268.41265012665605, "time_cost": 68.544, "final_distance_cost": 1.763495848369366, "oscillation_cost": 123.66153380086706, "completition_cost": 0.0, "overshoot_cost": 50.15312078031661, "power_cost": 13.478495153808595, "noise_cost": 10.812004543294469, "n_waypoints_completed": 9, "tot_waypoints": 9}}
{"target": -248.71921699473083, "params": {"k_pid_pos": [1.8538830280303955, 0.2893754243850708, 1.0], "k_pid_alt": [1.9649947881698608, 0.031631648540496826, 0.9617395401000977], "k_pid_att": [94.33067321777344, 0.2742944061756134, 0.9908713102340698], "k_pid_yaw": [0.5, 1e-06, 0.1], "k_pid_hsp": [9.518404006958008, 0.9688829779624939, 0.01687943935394287], "k_pid_vsp": [400.0, 398.4725036621094, 9.0855131149292]}, "datetime": {"datetime": "2025-08-20 17:10:18", "elapsed": 19073.29039645195, "delta": 15.853012561798096}, "costs": {"total_cost": 248.71921699473083, "time_cost": 70.04, "final_distance_cost": 1.8141193956166004, "oscillation_cost": 102.63204239964335, "completition_cost": 0.0, "overshoot_cost": 49.9129321081137, "power_cost": 12.726940063476563, "noise_cost": 11.5931830278806, "n_waypoints_completed": 9, "tot_waypoints": 9}}
{"target": -288.34429835294844, "params": {"k_pid_pos": [1.9239840507507324, 0.02789968252182007, 0.0], "k_pid_alt": [1.9002809524536133, 0.33678698539733887, 0.9842586517333984], "k_pid_att": [98.25569152832031, 0.05564918741583824, 0.9631053805351257], "k_pid_yaw": [0.5, 1e-06, 0.1], "k_pid_hsp": [9.652298927307129, 0.9687453508377075, 0.023183107376098633], "k_pid_vsp": [399.9975891113281, 360.017333984375, 14.273000717163086]}, "datetime": {"datetime": "2025-08-20 17:10:40", "elapsed": 19095.422589302063, "delta": 22.132192850112915}, "costs": {"total_cost": 288.34429835294844, "time_cost": 96.52, "final_distance_cost": 1.7517126098023663, "oscillation_cost": 96.08995949029996, "completition_cost": 0.0, "overshoot_cost": 53.317424845919085, "power_cost": 23.428146008300782, "noise_cost": 17.237055398626225, "n_waypoints_completed": 9, "tot_waypoints": 9}}
{"target": -392.3583397721795, "params": {"k_pid_pos": [1.7698912620544434, 0.1540347933769226, 0.9976339340209961], "k_pid_alt": [1.942764163017273, 0.1225496232509613, 0.9949213266372681], "k_pid_att": [99.17906188964844, 0.3077036738395691, 0.9284981489181519], "k_pid_yaw": [0.5, 1e-06, 0.1], "k_pid_hsp": [9.784578323364258, 0.9874110817909241, 0.08451247215270996], "k_pid_vsp": [399.9999084472656, 395.80657958984375, 5.132187366485596]}, "datetime": {"datetime": "2025-08-20 17:11:00", "elapsed": 19115.090344190598, "delta": 19.667754888534546}, "costs": {"total_cost": 392.3583397721795, "time_cost": 87.368, "final_distance_cost": 1.7759402340310817, "oscillation_cost": 220.66097168919214, "completition_cost": 0.0, "overshoot_cost": 50.932289475838374, "power_cost": 17.176578332519533, "noise_cost": 14.444560040598326, "n_waypoints_completed": 9, "tot_waypoints": 9}}
{"target": -319.53551154484563, "params": {"k_pid_pos": [1.9674180746078491, 0.005472838878631592, 0.999722957611084], "k_pid_alt": [1.9061503410339355, 0.0028862953186035156, 0.8997901082038879], "k_pid_att": [97.33309936523438, 0.3809203803539276, 0.9071559906005859], "k_pid_yaw": [0.5, 1e-06, 0.1], "k_pid_hsp": [8.597061157226562, 0.7691388130187988, 0.07910627126693726], "k_pid_vsp": [400.0, 394.328125, 92.65950775146484]}, "datetime": {"datetime": "2025-08-20 17:11:16", "elapsed": 19130.5575363636, "delta": 15.46719217300415}, "costs": {"total_cost": 319.53551154484563, "time_cost": 70.024, "final_distance_cost": 1.8509677977597943, "oscillation_cost": 171.09978910313288, "completition_cost": 0.0, "overshoot_cost": 50.08628135446273, "power_cost": 14.477396252441407, "noise_cost": 11.997077037048857, "n_waypoints_completed": 9, "tot_waypoints": 9}}
{"target": -211.39502858140926, "params": {"k_pid_pos": [1.821546196937561, 0.02137899398803711, 2.086162567138672e-05], "k_pid_alt": [1.9516464471817017, 0.009614259004592896, 0.980297327041626], "k_pid_att": [81.89248657226562, 0.19169124960899353, 0.9718321561813354], "k_pid_yaw": [0.5, 1e-06, 0.1], "k_pid_hsp": [9.8518648147583, 0.9937616586685181, 0.008463799953460693], "k_pid_vsp": [400.0, 392.0483703613281, 6.8661699295043945]}, "datetime": {"datetime": "2025-08-20 17:11:32", "elapsed": 19146.791892051697, "delta": 16.234355688095093}, "costs": {"total_cost": 211.39502858140926, "time_cost": 69.616, "final_distance_cost": 1.7397472931908526, "oscillation_cost": 65.49961106204772, "completition_cost": 0.0, "overshoot_cost": 49.98875363443613, "power_cost": 13.032055505371094, "noise_cost": 11.518861086363433, "n_waypoints_completed": 9, "tot_waypoints": 9}}
{"target": -372.32953255038376, "params": {"k_pid_pos": [1.9920755624771118, 0.01647818088531494, 2.7358531951904297e-05], "k_pid_alt": [1.9911965131759644, 0.0965973436832428, 0.9106593728065491], "k_pid_att": [96.8770980834961, 0.18799163401126862, 0.9750295877456665], "k_pid_yaw": [0.5, 1e-06, 0.1], "k_pid_hsp": [9.60726261138916, 0.9811543226242065, 0.12041676044464111], "k_pid_vsp": [399.6343994140625, 396.6681823730469, 32.83444595336914]}, "datetime": {"datetime": "2025-08-20 17:11:55", "elapsed": 19169.88734984398, "delta": 23.095457792282104}, "costs": {"total_cost": 372.32953255038376, "time_cost": 96.416, "final_distance_cost": 1.7894290641548438, "oscillation_cost": 189.70673398143268, "completition_cost": 0.0, "overshoot_cost": 51.42364337451807, "power_cost": 18.303628088378908, "noise_cost": 14.690098041899269, "n_waypoints_completed": 9, "tot_waypoints": 9}}
{"target": -209.92504484977087, "params": {"k_pid_pos": [1.7583640813827515, 0.0039476752281188965, 2.9802322387695312e-08], "k_pid_alt": [1.966163158416748, 0.03085264563560486, 0.9658029079437256], "k_pid_att": [99.67945861816406, 1.7281280755996704, 0.9783174991607666], "k_pid_yaw": [0.5, 1e-06, 0.1], "k_pid_hsp": [9.15159797668457, 0.9544327259063721, 0.01274961233139038], "k_pid_vsp": [400.0, 377.2887268066406, 3.2656798362731934]}, "datetime": {"datetime": "2025-08-20 17:12:11", "elapsed": 19186.137103557587, "delta": 16.249753713607788}, "costs": {"total_cost": 209.92504484977087, "time_cost": 69.256, "final_distance_cost": 1.7735982567704909, "oscillation_cost": 64.52678538106754, "completition_cost": 0.0, "overshoot_cost": 50.25306959859564, "power_cost": 12.753053344726563, "noise_cost": 11.362538268610617, "n_waypoints_completed": 9, "tot_waypoints": 9}}
