{"target": -266.8393172931233, "params": {"k_pid_pos": [1.9191111326217651, 0.008519381284713745, 0.0], "k_pid_alt": [1.8793165683746338, 0.04323476552963257, 0.8905124664306641], "k_pid_att": [96.56170654296875, 0.0909779965877533, 0.9380189180374146], "k_pid_yaw": [0.5, 1e-06, 0.1], "k_pid_hsp": [9.82546329498291, 0.9739780426025391, 0.20403766632080078], "k_pid_vsp": [400.0, 366.2950439453125, 5.974031448364258]}, "datetime": {"datetime": "2025-08-20 17:40:36", "elapsed": 20891.030582904816, "delta": 16.271357774734497}, "costs": {"total_cost": 266.8393172931233, "time_cost": 70.288, "final_distance_cost": 1.7585014333310949, "oscillation_cost": 116.90771368137166, "completition_cost": 0.0, "overshoot_cost": 50.99127759162348, "power_cost": 14.630702612304688, "noise_cost": 12.263121974492371, "n_waypoints_completed": 9, "tot_waypoints": 9}}
{"target": -221.6983559883169, "params": {"k_pid_pos": [1.9779244661331177, 0.007076650857925415, 0.0], "k_pid_alt": [1.9817276000976562, 0.0027341246604919434, 0.90761399269104], "k_pid_att": [86.49443054199219, 0.3612719178199768, 0.9895440340042114], "k_pid_yaw": [0.5, 1e-06, 0.1], "k_pid_hsp": [8.704723358154297, 0.9764950275421143, 0.03087201714515686], "k_pid_vsp": [400.0, 397.5127258300781, 0.6893764138221741]}, "datetime": {"datetime": "2025-08-20 17:40:52", "elapsed": 20906.544998168945, "delta": 15.514415264129639}, "costs": {"total_cost": 221.6983559883169, "time_cost": 69.952, "final_distance_cost": 1.7467875619370468, "oscillation_cost": 75.0524412495466, "completition_cost": 0.0, "overshoot_cost": 49.95691139424289, "power_cost": 13.338841369628907, "noise_cost": 11.651374412961435, "n_waypoints_completed": 9, "tot_waypoints": 9}}
{"target": -241.47044055259025, "params": {"k_pid_pos": [1.9332025051116943, 0.011903047561645508, 0.3600274920463562], "k_pid_alt": [1.9281392097473145, 0.014564603567123413, 0.9837109446525574], "k_pid_att": [95.66856384277344, 0.6246204972267151, 0.9878891706466675], "k_pid_yaw": [0.5, 1e-06, 0.1], "k_pid_hsp": [9.772472381591797, 0.9557856917381287, 0.0705670714378357], "k_pid_vsp": [399.8744812011719, 276.5040283203125, 10.1292142868042]}, "datetime": {"datetime": "2025-08-20 17:41:08", "elapsed": 20922.67290496826, "delta": 16.127906799316406}, "costs": {"total_cost": 241.47044055259025, "time_cost": 68.83200000000001, "final_distance_cost": 1.811129815062981, "oscillation_cost": 95.65548774985453, "completition_cost": 0.0, "overshoot_cost": 50.29548498729628, "power_cost": 13.302014892578125, "noise_cost": 11.574323107798348, "n_waypoints_completed": 9, "tot_waypoints": 9}}
{"target": -310.71846637734546, "params": {"k_pid_pos": [1.6065305471420288, 0.05869075655937195, 0.021960914134979248], "k_pid_alt": [1.6787612438201904, 0.060595691204071045, 0.9580389261245728], "k_pid_att": [94.80146026611328, 0.387374609708786, 0.9403904676437378], "k_pid_yaw": [0.5, 1e-06, 0.1], "k_pid_hsp": [9.218157768249512, 0.9921373128890991, 0.07252418994903564], "k_pid_vsp": [0.0, 390.7811584472656, 58.20150375366211]}, "datetime": {"datetime": "2025-08-20 17:41:25", "elapsed": 20940.449239730835, "delta": 17.776334762573242}, "costs": {"total_cost": 310.71846637734546, "time_cost": 80.592, "final_distance_cost": 1.8067563747737836, "oscillation_cost": 143.0133098041331, "completition_cost": 0.0, "overshoot_cost": 55.0732298863669, "power_cost": 17.208196801757815, "noise_cost": 13.024973510313902, "n_waypoints_completed": 9, "tot_waypoints": 9}}
{"target": -218.24534145941482, "params": {"k_pid_pos": [1.9492385387420654, 0.1436711549758911, 0.0], "k_pid_alt": [1.9220402240753174, 0.0197465717792511, 0.8559964895248413], "k_pid_att": [65.82107543945312, 2.975637674331665, 0.9968277215957642], "k_pid_yaw": [0.5, 1e-06, 0.1], "k_pid_hsp": [9.930449485778809, 0.9230077266693115, 0.05134531855583191], "k_pid_vsp": [400.0, 324.91448974609375, 13.666034698486328]}, "datetime": {"datetime": "2025-08-20 17:41:41", "elapsed": 20955.686979293823, "delta": 15.237739562988281}, "costs": {"total_cost": 218.24534145941482, "time_cost": 69.624, "final_distance_cost": 1.7737536990570164, "oscillation_cost": 74.81805876458805, "completition_cost": 0.0, "overshoot_cost": 49.68332190098147, "power_cost": 11.934681713867189, "noise_cost": 10.411525380921116, "n_waypoints_completed": 9, "tot_waypoints": 9}}
{"target": -260.0298564587937, "params": {"k_pid_pos": [1.9116209745407104, 0.008882731199264526, 0.0], "k_pid_alt": [1.475978970527649, 0.06253224611282349, 0.9808307886123657], "k_pid_att": [97.5377197265625, 0.4005792737007141, 0.9730716943740845], "k_pid_yaw": [0.5, 1e-06, 0.1], "k_pid_hsp": [8.898218154907227, 0.9981182813644409, 0.03943437337875366], "k_pid_vsp": [399.9997253417969, 387.56488037109375, 6.05906343460083]}, "datetime": {"datetime": "2025-08-20 17:42:00", "elapsed": 20974.860810756683, "delta": 19.173831462860107}, "costs": {"total_cost": 260.0298564587937, "time_cost": 86.816, "final_distance_cost": 1.7966632637607813, "oscillation_cost": 89.17407185106933, "completition_cost": 0.0, "overshoot_cost": 51.72376682271266, "power_cost": 16.39950416259766, "noise_cost": 14.11985035865331, "n_waypoints_completed": 9, "tot_waypoints": 9}}
{"target": -210.6653627510581, "params": {"k_pid_pos": [1.8230772018432617, 0.052435457706451416, 0.0048652589321136475], "k_pid_alt": [1.9345494508743286, 0.05455729365348816, 0.9706733226776123], "k_pid_att": [96.62361907958984, 0.32074710726737976, 0.9628350138664246], "k_pid_yaw": [0.5, 1e-06, 0.1], "k_pid_hsp": [9.479667663574219, 0.9785158038139343, 0.005459040403366089], "k_pid_vsp": [352.02435302734375, 382.0318298339844, 21.74823570251465]}, "datetime": {"datetime": "2025-08-20 17:42:16", "elapsed": 20990.603089571, "delta": 15.742278814315796}, "costs": {"total_cost": 210.6653627510581, "time_cost": 69.552, "final_distance_cost": 1.7655834823405336, "oscillation_cost": 59.09078936200814, "completition_cost": 0.0, "overshoot_cost": 50.93994905783924, "power_cost": 16.692483471679687, "noise_cost": 12.624557377190506, "n_waypoints_completed": 9, "tot_waypoints": 9}}
{"target": -236.99557704310666, "params": {"k_pid_pos": [1.9859751462936401, 0.09766608476638794, 0.0], "k_pid_alt": [1.750067949295044, 0.018352806568145752, 0.9764384031295776], "k_pid_att": [90.32139587402344, 0.08272611349821091, 0.9155483245849609], "k_pid_yaw": [0.5, 1e-06, 0.1], "k_pid_hsp": [9.750696182250977, 0.9491018652915955, 0.05015137791633606], "k_pid_vsp": [400.0, 394.5291442871094, 8.75660228729248]}, "datetime": {"datetime": "2025-08-20 17:42:31", "elapsed": 21006.093330860138, "delta": 15.490241289138794}, "costs": {"total_cost": 236.99557704310666, "time_cost": 70.168, "final_distance_cost": 1.73058671854327, "oscillation_cost": 89.0384769031282, "completition_cost": 0.0, "overshoot_cost": 50.89529677383344, "power_cost": 13.453101525878907, "noise_cost": 11.710115121722856, "n_waypoints_completed": 9, "tot_waypoints": 9}}
{"target": -229.23754036712808, "params": {"k_pid_pos": [1.9899215698242188, 0.510348916053772, 0.0], "k_pid_alt": [1.9317080974578857, 0.045328617095947266, 0.9738669395446777], "k_pid_att": [96.02857971191406, 0.09284628182649612, 0.9977526664733887], "k_pid_yaw": [0.5, 1e-06, 0.1], "k_pid_hsp": [9.637516021728516, 0.9893181920051575, 0.01209971308708191], "k_pid_vsp": [400.0, 393.8403015136719, 6.309665203094482]}, "datetime": {"datetime": "2025-08-20 17:42:50", "elapsed": 21025.4726831913, "delta": 19.3793523311615}, "costs": {"total_cost": 229.23754036712808, "time_cost": 86.176, "final_distance_cost": 1.7390948087796958, "oscillation_cost": 58.141171156517196, "completition_cost": 0.0, "overshoot_cost": 52.83516256970633, "power_cost": 16.264252905273437, "noise_cost": 14.081858926851382, "n_waypoints_completed": 9, "tot_waypoints": 9}}
{"target": -207.34046039481274, "params": {"k_pid_pos": [1.8883591890335083, 0.047723740339279175, 0.30810850858688354], "k_pid_alt": [1.992429256439209, 0.012416601181030273, 0.6500179767608643], "k_pid_att": [98.34403991699219, 0.7004112005233765, 0.9909682273864746], "k_pid_yaw": [0.5, 1e-06, 0.1], "k_pid_hsp": [9.717548370361328, 0.8694229125976562, 0.025960177183151245], "k_pid_vsp": [400.0, 364.9198303222656, 29.495695114135742]}, "datetime": {"datetime": "2025-08-20 17:43:06", "elapsed": 21040.55222082138, "delta": 15.079537630081177}, "costs": {"total_cost": 207.34046039481274, "time_cost": 68.504, "final_distance_cost": 1.81049644345325, "oscillation_cost": 64.04155445057165, "completition_cost": 0.0, "overshoot_cost": 50.27491497114055, "power_cost": 12.252063684082032, "noise_cost": 10.457430845565217, "n_waypoints_completed": 9, "tot_waypoints": 9}}
{"target": -375.2457676549932, "params": {"k_pid_pos": [1.9387431144714355, 0.043071210384368896, 1.0], "k_pid_alt": [1.9457635879516602, 0.13570433855056763, 0.9753279089927673], "k_pid_att": [99.2391586303711, 0.55500328540802, 0.9963722229003906], "k_pid_yaw": [0.5, 1e-06, 0.1], "k_pid_hsp": [9.599170684814453, 0.9774646162986755, 0.07054153084754944], "k_pid_vsp": [399.9999084472656, 390.9635925292969, 13.220382690429688]}, "datetime": {"datetime": "2025-08-20 17:43:26", "elapsed": 21061.202356815338, "delta": 20.65013599395752}, "costs": {"total_cost": 375.2457676549932, "time_cost": 87.112, "final_distance_cost": 1.7954881321265976, "oscillation_cost": 204.08841989316787, "completition_cost": 0.0, "overshoot_cost": 51.56241088797796, "power_cost": 16.805437622070315, "noise_cost": 13.88201111965049, "n_waypoints_completed": 9, "tot_waypoints": 9}}
{"target": -211.9852006122327, "params": {"k_pid_pos": [1.978563666343689, 0.044833242893218994, 0.0], "k_pid_alt": [1.763853669166565, 0.03176462650299072, 0.9843612909317017], "k_pid_att": [87.30237579345703, 0.2339085042476654, 0.9626669883728027], "k_pid_yaw": [0.5, 1e-06, 0.1], "k_pid_hsp": [9.308497428894043, 0.9779185056686401, 0.006511896848678589], "k_pid_vsp": [400.0, 393.39385986328125, 17.566946029663086]}, "datetime": {"datetime": "2025-08-20 17:43:42", "elapsed": 21076.848859786987, "delta": 15.64650297164917}, "costs": {"total_cost": 211.9852006122327, "time_cost": 69.808, "final_distance_cost": 1.7691622747168931, "oscillation_cost": 60.39740754684064, "completition_cost": 0.0, "overshoot_cost": 50.397880718881005, "power_cost": 16.990533825683595, "noise_cost": 12.622216246110543, "n_waypoints_completed": 9, "tot_waypoints": 9}}
{"target": -223.17901849996977, "params": {"k_pid_pos": [1.9289954900741577, 0.04198712110519409, 1.0], "k_pid_alt": [1.9956634044647217, 0.006599307060241699, 0.8711117506027222], "k_pid_att": [91.9509506225586, 0.8638067841529846, 0.9900705814361572], "k_pid_yaw": [0.5, 1e-06, 0.1], "k_pid_hsp": [9.8060884475708, 0.9434747099876404, 0.00969785451889038], "k_pid_vsp": [400.0, 354.7945861816406, 16.878808975219727]}, "datetime": {"datetime": "2025-08-20 17:43:57", "elapsed": 21091.498141288757, "delta": 14.64928150177002}, "costs": {"total_cost": 223.17901849996977, "time_cost": 69.816, "final_distance_cost": 1.8441219878257997, "oscillation_cost": 77.07713283648681, "completition_cost": 0.0, "overshoot_cost": 49.789144095817065, "power_cost": 13.271937316894531, "noise_cost": 11.380682262945548, "n_waypoints_completed": 9, "tot_waypoints": 9}}
{"target": -214.6532104483894, "params": {"k_pid_pos": [1.9385478496551514, 0.0254669189453125, 0.0], "k_pid_alt": [1.8686126470565796, 0.04894763231277466, 0.8743922710418701], "k_pid_att": [94.44927215576172, 0.39868059754371643, 0.9781101942062378], "k_pid_yaw": [0.5, 1e-06, 0.1], "k_pid_hsp": [9.187105178833008, 0.9945544004440308, 0.04663696885108948], "k_pid_vsp": [399.9949035644531, 395.0013427734375, 38.19417953491211]}, "datetime": {"datetime": "2025-08-20 17:44:12", "elapsed": 21107.42084670067, "delta": 15.92270541191101}, "costs": {"total_cost": 214.6532104483894, "time_cost": 69.328, "final_distance_cost": 1.7446861962848097, "oscillation_cost": 64.90398515514349, "completition_cost": 0.0, "overshoot_cost": 50.66849145778171, "power_cost": 15.877591455078125, "noise_cost": 12.130456184101227, "n_waypoints_completed": 9, "tot_waypoints": 9}}
{"target": -216.71614335782886, "params": {"k_pid_pos": [1.9804325103759766, 0.055586278438568115, 0.0], "k_pid_alt": [1.97086763381958, 0.01254051923751831, 0.9858328104019165], "k_pid_att": [98.77993774414062, 0.6810736060142517, 0.9820624589920044], "k_pid_yaw": [0.5, 1e-06, 0.1], "k_pid_hsp": [8.95482063293457, 0.9924812316894531, 0.042796164751052856], "k_pid_vsp": [400.0, 388.49749755859375, 15.620232582092285]}, "datetime": {"datetime": "2025-08-20 17:44:30", "elapsed": 21125.494576454163, "delta": 18.073729753494263}, "costs": {"total_cost": 216.71614335782886, "time_cost": 69.816, "final_distance_cost": 1.7890717076845768, "oscillation_cost": 68.62202762163223, "completition_cost": 0.0, "overshoot_cost": 50.27110609982685, "power_cost": 14.518680029296876, "noise_cost": 11.699257899388341, "n_waypoints_completed": 9, "tot_waypoints": 9}}
{"target": -210.5023660872674, "params": {"k_pid_pos": [1.964614987373352, 0.0044220685958862305, 0.00010454654693603516], "k_pid_alt": [1.8940258026123047, 0.013195842504501343, 0.9814010858535767], "k_pid_att": [97.21861267089844, 0.3901017904281616, 0.9774221181869507], "k_pid_yaw": [0.5, 1e-06, 0.1], "k_pid_hsp": [7.7301716804504395, 0.9907859563827515, 0.022864460945129395], "k_pid_vsp": [145.2252655029297, 349.67626953125, 34.1359977722168]}, "datetime": {"datetime": "2025-08-20 17:44:48", "elapsed": 21142.539837360382, "delta": 17.045260906219482}, "costs": {"total_cost": 210.5023660872674, "time_cost": 69.19200000000001, "final_distance_cost": 1.7437344595352968, "oscillation_cost": 60.3136900778961, "completition_cost": 0.0, "overshoot_cost": 50.14644115053589, "power_cost": 16.582186254882814, "noise_cost": 12.524314144417342, "n_waypoints_completed": 9, "tot_waypoints": 9}}
{"target": -220.94215019768495, "params": {"k_pid_pos": [1.9445260763168335, 0.033866316080093384, 0.013550013303756714], "k_pid_alt": [1.9837557077407837, 0.020551025867462158, 0.8664683103561401], "k_pid_att": [98.45699310302734, 0.6361285448074341, 0.9838904738426208], "k_pid_yaw": [0.5, 1e-06, 0.1], "k_pid_hsp": [8.567956924438477, 0.7559869289398193, 0.08670395612716675], "k_pid_vsp": [400.0, 394.7631530761719, 1.4305243492126465]}, "datetime": {"datetime": "2025-08-20 17:45:05", "elapsed": 21160.423033475876, "delta": 17.883196115493774}, "costs": {"total_cost": 220.94215019768495, "time_cost": 69.328, "final_distance_cost": 1.7753698188678544, "oscillation_cost": 75.00322776901884, "completition_cost": 0.0, "overshoot_cost": 50.08069330697665, "power_cost": 13.173856420898439, "noise_cost": 11.581002881923167, "n_waypoints_completed": 9, "tot_waypoints": 9}}
{"target": -212.74230777505156, "params": {"k_pid_pos": [1.806711196899414, 0.08879974484443665, 0.25010061264038086], "k_pid_alt": [1.9835257530212402, 0.017516732215881348, 0.9695875644683838], "k_pid_att": [98.5543212890625, 0.971977710723877, 0.9468330144882202], "k_pid_yaw": [0.5, 1e-06, 0.1], "k_pid_hsp": [9.807129859924316, 0.9088337421417236, 0.009644120931625366], "k_pid_vsp": [400.0, 357.54510498046875, 1.2040743827819824]}, "datetime": {"datetime": "2025-08-20 17:45:21", "elapsed": 21175.521783590317, "delta": 15.098750114440918}, "costs": {"total_cost": 212.74230777505156, "time_cost": 69.176, "final_distance_cost": 1.7494641671168114, "oscillation_cost": 67.24278265777279, "completition_cost": 0.0, "overshoot_cost": 50.249995720673155, "power_cost": 12.848060119628906, "noise_cost": 11.47600510985991, "n_waypoints_completed": 9, "tot_waypoints": 9}}
{"target": -263.51251563289935, "params": {"k_pid_pos": [1.960850715637207, 0.08131822943687439, 3.8743019104003906e-07], "k_pid_alt": [1.9422231912612915, 0.0635976493358612, 0.9848568439483643], "k_pid_att": [93.09688568115234, 0.02747107297182083, 0.965712308883667], "k_pid_yaw": [0.5, 1e-06, 0.1], "k_pid_hsp": [9.791126251220703, 0.802314817905426, 0.17143329977989197], "k_pid_vsp": [400.0, 392.5234375, 2.178884506225586]}, "datetime": {"datetime": "2025-08-20 17:45:38", "elapsed": 21192.861350774765, "delta": 17.339567184448242}, "costs": {"total_cost": 263.51251563289935, "time_cost": 77.896, "final_distance_cost": 1.7604771849561753, "oscillation_cost": 101.9843819723342, "completition_cost": 0.0, "overshoot_cost": 52.34083182355744, "power_cost": 16.083445031738282, "noise_cost": 13.44737962031324, "n_waypoints_completed": 9, "tot_waypoints": 9}}
{"target": -224.7364619406367, "params": {"k_pid_pos": [1.9794355630874634, 0.09905469417572021, 0.9961506128311157], "k_pid_alt": [1.918151617050171, 0.021449178457260132, 0.9938178658485413], "k_pid_att": [72.2476806640625, 0.055422987788915634, 0.9953018426895142], "k_pid_yaw": [0.5, 1e-06, 0.1], "k_pid_hsp": [9.939626693725586, 0.9871535301208496, 0.009785652160644531], "k_pid_vsp": [399.98077392578125, 397.17718505859375, 3.956974506378174]}, "datetime": {"datetime": "2025-08-20 17:45:54", "elapsed": 21208.87087893486, "delta": 16.009528160095215}, "costs": {"total_cost": 224.7364619406367, "time_cost": 69.48, "final_distance_cost": 1.8355161977198928, "oscillation_cost": 79.54147510702848, "completition_cost": 0.0, "overshoot_cost": 49.63443192257672, "power_cost": 12.579274450683595, "noise_cost": 11.665764262628045, "n_waypoints_completed": 9, "tot_waypoints": 9}}
{"target": -299.77252985392, "params": {"k_pid_pos": [1.91497802734375, 0.11129766702651978, 0.9996205568313599], "k_pid_alt": [1.9542737007141113, 0.011138826608657837, 0.894291341304779], "k_pid_att": [99.63915252685547, 0.6284312605857849, 0.9425054788589478], "k_pid_yaw": [0.5, 1e-06, 0.1], "k_pid_hsp": [7.968262672424316, 0.9771300554275513, 0.06913506984710693], "k_pid_vsp": [400.0, 383.4346923828125, 9.337068557739258]}, "datetime": {"datetime": "2025-08-20 17:46:10", "elapsed": 21225.200924873352, "delta": 16.33004593849182}, "costs": {"total_cost": 299.77252985392, "time_cost": 75.288, "final_distance_cost": 1.8241341724805444, "oscillation_cost": 144.3350504401008, "completition_cost": 0.0, "overshoot_cost": 50.26713741409357, "power_cost": 14.969476147460938, "noise_cost": 13.088731679784145, "n_waypoints_completed": 9, "tot_waypoints": 9}}
{"target": -227.56017010480113, "params": {"k_pid_pos": [1.8696640729904175, 0.05147969722747803, 0.0], "k_pid_alt": [1.9832968711853027, 0.009577065706253052, 0.8897098302841187], "k_pid_att": [97.39952087402344, 0.5208141207695007, 0.9462423920631409], "k_pid_yaw": [0.5, 1e-06, 0.1], "k_pid_hsp": [7.312357425689697, 0.9466162919998169, 0.10620805621147156], "k_pid_vsp": [400.0, 339.9465637207031, 86.84821319580078]}, "datetime": {"datetime": "2025-08-20 17:46:26", "elapsed": 21241.42978787422, "delta": 16.22886300086975}, "costs": {"total_cost": 227.56017010480113, "time_cost": 69.4, "final_distance_cost": 1.776020711064784, "oscillation_cost": 81.13411277534263, "completition_cost": 0.0, "overshoot_cost": 49.748453119624244, "power_cost": 14.095887866210939, "noise_cost": 11.405695632558528, "n_waypoints_completed": 9, "tot_waypoints": 9}}
{"target": -257.3033190797036, "params": {"k_pid_pos": [1.94631826877594, 0.012886494398117065, 0.0003637969493865967], "k_pid_alt": [1.9082003831863403, 0.07691967487335205, 0.9856751561164856], "k_pid_att": [98.15345764160156, 0.5220732092857361, 0.6983353495597839], "k_pid_yaw": [0.5, 1e-06, 0.1], "k_pid_hsp": [9.968811988830566, 0.8098991513252258, 0.0297490656375885], "k_pid_vsp": [400.0, 396.6179504394531, 14.44665241241455]}, "datetime": {"datetime": "2025-08-20 17:46:45", "elapsed": 21259.652521133423, "delta": 18.22273325920105}, "costs": {"total_cost": 257.3033190797036, "time_cost": 80.752, "final_distance_cost": 1.770398414295361, "oscillation_cost": 88.94370320478016, "completition_cost": 0.0, "overshoot_cost": 52.53270529315106, "power_cost": 18.82745369873047, "noise_cost": 14.477058468746574, "n_waypoints_completed": 9, "tot_waypoints": 9}}
{"target": -214.08416553841573, "params": {"k_pid_pos": [1.9820669889450073, 0.0560707151889801, 0.0], "k_pid_alt": [1.8708430528640747, 0.049884408712387085, 0.9672936201095581], "k_pid_att": [98.31331634521484, 0.7404133081436157, 0.9933387041091919], "k_pid_yaw": [0.5, 1e-06, 0.1], "k_pid_hsp": [9.930614471435547, 0.9759970903396606, 0.012742757797241211], "k_pid_vsp": [399.7686767578125, 380.46417236328125, 5.448854923248291]}, "datetime": {"datetime": "2025-08-20 17:47:00", "elapsed": 21275.160380125046, "delta": 15.507858991622925}, "costs": {"total_cost": 214.08416553841573, "time_cost": 70.08800000000001, "final_distance_cost": 1.777312494944568, "oscillation_cost": 66.60856021398436, "completition_cost": 0.0, "overshoot_cost": 50.76641417409565, "power_cost": 13.184638061523438, "noise_cost": 11.659240593867722, "n_waypoints_completed": 9, "tot_waypoints": 9}}
{"target": -223.0256035962345, "params": {"k_pid_pos": [1.9073184728622437, 0.022454053163528442, 0.0], "k_pid_alt": [1.7410590648651123, 0.03322470188140869, 0.9797561168670654], "k_pid_att": [99.5649185180664, 0.13554751873016357, 0.936890184879303], "k_pid_yaw": [0.5, 1e-06, 0.1], "k_pid_hsp": [9.888917922973633, 0.9778673648834229, 0.04710811376571655], "k_pid_vsp": [400.0, 397.2915344238281, 33.36450958251953]}, "datetime": {"datetime": "2025-08-20 17:47:16", "elapsed": 21291.156188249588, "delta": 15.995808124542236}, "costs": {"total_cost": 223.0256035962345, "time_cost": 69.44, "final_distance_cost": 1.764171159320271, "oscillation_cost": 74.8796285243362, "completition_cost": 0.0, "overshoot_cost": 50.58531811497392, "power_cost": 14.721711376953126, "noise_cost": 11.634774420650988, "n_waypoints_completed": 9, "tot_waypoints": 9}}
