{"target": -256.9006264468953, "params": {"k_pid_pos": [1.9815988540649414, 0.05339139699935913, 0.0], "k_pid_alt": [1.979675531387329, 0.11621758341789246, 0.9614988565444946], "k_pid_att": [96.81040954589844, 0.08226299285888672, 0.9841449856758118], "k_pid_yaw": [0.5, 1e-06, 0.1], "k_pid_hsp": [9.858404159545898, 0.9661393165588379, 0.05088549852371216], "k_pid_vsp": [12.63028335571289, 390.9639587402344, 3.5572896003723145]}, "datetime": {"datetime": "2025-08-20 18:49:48", "elapsed": 25042.730589151382, "delta": 16.811796188354492}, "costs": {"total_cost": 256.9006264468953, "time_cost": 76.264, "final_distance_cost": 1.8094233509917081, "oscillation_cost": 99.13816766887598, "completition_cost": 0.0, "overshoot_cost": 51.84419333686846, "power_cost": 15.767596252441408, "noise_cost": 12.077245837717717, "n_waypoints_completed": 9, "tot_waypoints": 9}}
{"target": -205.27283956061075, "params": {"k_pid_pos": [1.947806715965271, 0.03017401695251465, 2.9802322387695312e-08], "k_pid_alt": [1.9262025356292725, 0.010905563831329346, 0.9438514113426208], "k_pid_att": [98.93215942382812, 0.2699456810951233, 0.9754343032836914], "k_pid_yaw": [0.5, 1e-06, 0.1], "k_pid_hsp": [9.867668151855469, 0.9712373614311218, 0.004637628793716431], "k_pid_vsp": [400.0, 396.07293701171875, 11.83716106414795]}, "datetime": {"datetime": "2025-08-20 18:50:04", "elapsed": 25058.84371638298, "delta": 16.1131272315979}, "costs": {"total_cost": 205.27283956061075, "time_cost": 69.672, "final_distance_cost": 1.7949515119640853, "oscillation_cost": 57.89654032798996, "completition_cost": 0.0, "overshoot_cost": 50.68954857949331, "power_cost": 13.955198071289063, "noise_cost": 11.264601069874331, "n_waypoints_completed": 9, "tot_waypoints": 9}}
{"target": -233.25924288884013, "params": {"k_pid_pos": [1.947495460510254, 0.03224378824234009, 0.0], "k_pid_alt": [1.9530160427093506, 0.08486169576644897, 0.9858500957489014], "k_pid_att": [98.89952850341797, 0.33058714866638184, 0.902902364730835], "k_pid_yaw": [0.5, 1e-06, 0.1], "k_pid_hsp": [9.982049942016602, 0.9636815786361694, 0.0027885735034942627], "k_pid_vsp": [400.0, 397.6812744140625, 15.09001350402832]}, "datetime": {"datetime": "2025-08-20 18:50:22", "elapsed": 25076.717460870743, "delta": 17.87374448776245}, "costs": {"total_cost": 233.25924288884013, "time_cost": 82.24, "final_distance_cost": 1.7690458982098807, "oscillation_cost": 67.72374488738404, "completition_cost": 0.0, "overshoot_cost": 52.6495412161649, "power_cost": 16.131914392089843, "noise_cost": 12.74499649499147, "n_waypoints_completed": 9, "tot_waypoints": 9}}
{"target": -209.39880389887887, "params": {"k_pid_pos": [1.7743600606918335, 0.007265061140060425, 0.0], "k_pid_alt": [1.9715428352355957, 0.003301084041595459, 0.9970791935920715], "k_pid_att": [98.92788696289062, 0.30509331822395325, 0.9736072421073914], "k_pid_yaw": [0.5, 1e-06, 0.1], "k_pid_hsp": [9.971817016601562, 0.9950286149978638, 0.0166318416595459], "k_pid_vsp": [393.57666015625, 399.64215087890625, 56.468082427978516]}, "datetime": {"datetime": "2025-08-20 18:50:39", "elapsed": 25094.269948244095, "delta": 17.55248737335205}, "costs": {"total_cost": 209.39880389887887, "time_cost": 68.96000000000001, "final_distance_cost": 1.7675705968700484, "oscillation_cost": 64.72300073635974, "completition_cost": 0.0, "overshoot_cost": 50.246615774694995, "power_cost": 13.113501098632813, "noise_cost": 10.588115692321294, "n_waypoints_completed": 9, "tot_waypoints": 9}}
{"target": -236.71434079222388, "params": {"k_pid_pos": [1.9339635372161865, 0.012554794549942017, 0.0], "k_pid_alt": [1.9718624353408813, 0.019012808799743652, 0.9886139631271362], "k_pid_att": [98.91155242919922, 0.02580573596060276, 0.9211826324462891], "k_pid_yaw": [0.5, 1e-06, 0.1], "k_pid_hsp": [9.786344528198242, 0.9783898591995239, 0.07450798153877258], "k_pid_vsp": [399.9983825683594, 393.203125, 10.134721755981445]}, "datetime": {"datetime": "2025-08-20 18:50:55", "elapsed": 25109.791805267334, "delta": 15.521857023239136}, "costs": {"total_cost": 236.71434079222388, "time_cost": 69.24, "final_distance_cost": 1.723816097195668, "oscillation_cost": 89.20613501512781, "completition_cost": 0.0, "overshoot_cost": 50.45179478481363, "power_cost": 14.146397497558594, "noise_cost": 11.946197397528204, "n_waypoints_completed": 9, "tot_waypoints": 9}}
{"target": -216.80347621109868, "params": {"k_pid_pos": [1.9850720167160034, 0.01016932725906372, 0.00037974119186401367], "k_pid_alt": [1.8475104570388794, 0.021934926509857178, 0.9915205240249634], "k_pid_att": [96.41297149658203, 0.30604279041290283, 0.994631290435791], "k_pid_yaw": [0.5, 1e-06, 0.1], "k_pid_hsp": [9.888078689575195, 0.9266654253005981, 0.008452445268630981], "k_pid_vsp": [400.0, 383.4663391113281, 7.87718391418457]}, "datetime": {"datetime": "2025-08-20 18:51:10", "elapsed": 25125.294275283813, "delta": 15.502470016479492}, "costs": {"total_cost": 216.80347621109868, "time_cost": 69.912, "final_distance_cost": 1.7613521598851443, "oscillation_cost": 69.83967861954416, "completition_cost": 0.0, "overshoot_cost": 50.48456096509035, "power_cost": 13.213724157714845, "noise_cost": 11.592160308864203, "n_waypoints_completed": 9, "tot_waypoints": 9}}
{"target": -232.81652797120262, "params": {"k_pid_pos": [1.858247995376587, 0.006297886371612549, 0.0], "k_pid_alt": [1.1627193689346313, 0.013331234455108643, 0.9114966988563538], "k_pid_att": [98.76829528808594, 1.0110293626785278, 0.9821308255195618], "k_pid_yaw": [0.5, 1e-06, 0.1], "k_pid_hsp": [9.9732084274292, 0.9555904865264893, 0.04762265086174011], "k_pid_vsp": [400.0, 395.7452392578125, 3.405405044555664]}, "datetime": {"datetime": "2025-08-20 18:51:27", "elapsed": 25142.34815120697, "delta": 17.05387592315674}, "costs": {"total_cost": 232.81652797120262, "time_cost": 73.888, "final_distance_cost": 1.7826622902920004, "oscillation_cost": 80.97888674538306, "completition_cost": 0.0, "overshoot_cost": 50.16682204562038, "power_cost": 13.932048718261719, "noise_cost": 12.068108171645445, "n_waypoints_completed": 9, "tot_waypoints": 9}}
{"target": -234.8584168851099, "params": {"k_pid_pos": [1.9752445220947266, 0.0024892687797546387, 0.0], "k_pid_alt": [1.8405842781066895, 0.06446605920791626, 0.9363284111022949], "k_pid_att": [97.5357666015625, 0.05479535833001137, 0.9871465563774109], "k_pid_yaw": [0.5, 1e-06, 0.1], "k_pid_hsp": [9.976442337036133, 0.9938949346542358, 0.015754610300064087], "k_pid_vsp": [399.91644287109375, 396.0109558105469, 15.044201850891113]}, "datetime": {"datetime": "2025-08-20 18:51:44", "elapsed": 25158.85341858864, "delta": 16.50526738166809}, "costs": {"total_cost": 234.8584168851099, "time_cost": 77.904, "final_distance_cost": 1.7700638870209648, "oscillation_cost": 71.76193246527745, "completition_cost": 0.0, "overshoot_cost": 51.78801556219157, "power_cost": 17.86606287841797, "noise_cost": 13.768342092201959, "n_waypoints_completed": 9, "tot_waypoints": 9}}
{"target": -210.31333300655967, "params": {"k_pid_pos": [1.9825655221939087, 0.019580602645874023, 0.0], "k_pid_alt": [1.9555974006652832, 0.008305877447128296, 0.978702187538147], "k_pid_att": [97.84569549560547, 0.037178486585617065, 0.9542922973632812], "k_pid_yaw": [0.5, 1e-06, 0.1], "k_pid_hsp": [9.950472831726074, 0.9939569234848022, 0.004161566495895386], "k_pid_vsp": [400.0, 390.84161376953125, 3.225649356842041]}, "datetime": {"datetime": "2025-08-20 18:52:00", "elapsed": 25174.81370306015, "delta": 15.96028447151184}, "costs": {"total_cost": 210.31333300655967, "time_cost": 69.928, "final_distance_cost": 1.7512032011181236, "oscillation_cost": 63.747959774290486, "completition_cost": 0.0, "overshoot_cost": 50.11201413767291, "power_cost": 13.193597595214845, "noise_cost": 11.580558298263323, "n_waypoints_completed": 9, "tot_waypoints": 9}}
{"target": -232.21588006177493, "params": {"k_pid_pos": [1.9821221828460693, 0.017901629209518433, 0.0], "k_pid_alt": [1.866028070449829, 0.029041677713394165, 0.9887523651123047], "k_pid_att": [98.60759735107422, 0.017232289537787437, 0.8144862651824951], "k_pid_yaw": [0.5, 1e-06, 0.1], "k_pid_hsp": [9.622961044311523, 0.976984977722168, 0.07569491863250732], "k_pid_vsp": [399.9999084472656, 388.96929931640625, 3.360391616821289]}, "datetime": {"datetime": "2025-08-20 18:52:16", "elapsed": 25190.969697713852, "delta": 16.155994653701782}, "costs": {"total_cost": 232.21588006177493, "time_cost": 69.928, "final_distance_cost": 1.7561916392710275, "oscillation_cost": 84.13352237941311, "completition_cost": 0.0, "overshoot_cost": 50.81888260845886, "power_cost": 13.72350594482422, "noise_cost": 11.855777489807735, "n_waypoints_completed": 9, "tot_waypoints": 9}}
{"target": -235.21859990744042, "params": {"k_pid_pos": [1.9553353786468506, 0.012771815061569214, 0.0], "k_pid_alt": [1.9351890087127686, 0.0505484938621521, 0.9776063561439514], "k_pid_att": [82.99642944335938, 0.10555863380432129, 0.9919536709785461], "k_pid_yaw": [0.5, 1e-06, 0.1], "k_pid_hsp": [9.894177436828613, 0.9822724461555481, 0.08267802000045776], "k_pid_vsp": [400.0, 370.6086730957031, 9.946501731872559]}, "datetime": {"datetime": "2025-08-20 18:52:31", "elapsed": 25205.819308519363, "delta": 14.849610805511475}, "costs": {"total_cost": 235.21859990744042, "time_cost": 69.224, "final_distance_cost": 1.7907254477778765, "oscillation_cost": 87.70931944458884, "completition_cost": 0.0, "overshoot_cost": 50.56181381624247, "power_cost": 14.031013012695313, "noise_cost": 11.9017281861359, "n_waypoints_completed": 9, "tot_waypoints": 9}}
{"target": -218.30910733254757, "params": {"k_pid_pos": [1.9953410625457764, 0.06106415390968323, 0.0], "k_pid_alt": [1.9481481313705444, 0.01700073480606079, 0.9913535118103027], "k_pid_att": [98.2646255493164, 0.2166614681482315, 0.8765521049499512], "k_pid_yaw": [0.5, 1e-06, 0.1], "k_pid_hsp": [9.783267974853516, 0.9365474581718445, 0.03820544481277466], "k_pid_vsp": [400.0, 367.4669189453125, 5.634463787078857]}, "datetime": {"datetime": "2025-08-20 18:52:47", "elapsed": 25221.95122051239, "delta": 16.131911993026733}, "costs": {"total_cost": 218.30910733254757, "time_cost": 70.272, "final_distance_cost": 1.7242928453902877, "oscillation_cost": 70.42863060134825, "completition_cost": 0.0, "overshoot_cost": 51.12420824951498, "power_cost": 13.193823547363282, "noise_cost": 11.566152088930735, "n_waypoints_completed": 9, "tot_waypoints": 9}}
{"target": -207.54748190138005, "params": {"k_pid_pos": [1.9128597974777222, 0.013068407773971558, 0.0], "k_pid_alt": [1.8528268337249756, 0.010554701089859009, 0.9300908446311951], "k_pid_att": [95.06389617919922, 0.16436399519443512, 0.9726191759109497], "k_pid_yaw": [0.5, 1e-06, 0.1], "k_pid_hsp": [9.302408218383789, 0.9932039976119995, 0.01805785298347473], "k_pid_vsp": [400.0, 374.3905944824219, 28.28223991394043]}, "datetime": {"datetime": "2025-08-20 18:53:02", "elapsed": 25237.24951815605, "delta": 15.298297643661499}, "costs": {"total_cost": 207.54748190138005, "time_cost": 69.528, "final_distance_cost": 1.7409829737505595, "oscillation_cost": 60.16904044143487, "completition_cost": 0.0, "overshoot_cost": 50.4206752162651, "power_cost": 14.444758520507813, "noise_cost": 11.2440247494217, "n_waypoints_completed": 9, "tot_waypoints": 9}}
{"target": -295.1453884237364, "params": {"k_pid_pos": [1.8019260168075562, 0.04671630263328552, 0.0], "k_pid_alt": [1.9624030590057373, 0.008307397365570068, 0.9923232793807983], "k_pid_att": [96.70734405517578, 0.08050854504108429, 0.968271017074585], "k_pid_yaw": [0.5, 1e-06, 0.1], "k_pid_hsp": [9.571803092956543, 0.9607428312301636, 0.21997404098510742], "k_pid_vsp": [399.20880126953125, 397.127197265625, 3.756977081298828]}, "datetime": {"datetime": "2025-08-20 18:53:21", "elapsed": 25255.7058429718, "delta": 18.456324815750122}, "costs": {"total_cost": 295.1453884237364, "time_cost": 75.456, "final_distance_cost": 1.7785892502575078, "oscillation_cost": 137.74141640842495, "completition_cost": 0.0, "overshoot_cost": 51.165170391038465, "power_cost": 15.879804870605469, "noise_cost": 13.124407503409932, "n_waypoints_completed": 9, "tot_waypoints": 9}}
{"target": -220.2152933398899, "params": {"k_pid_pos": [1.9411622285842896, 0.013726145029067993, 3.2782554626464844e-07], "k_pid_alt": [1.9411569833755493, 0.012002646923065186, 0.9921386241912842], "k_pid_att": [99.22883605957031, 0.15316468477249146, 0.9412556290626526], "k_pid_yaw": [0.5, 1e-06, 0.1], "k_pid_hsp": [9.848388671875, 0.9245368242263794, 0.03739982843399048], "k_pid_vsp": [400.0, 396.3469543457031, 9.967781066894531]}, "datetime": {"datetime": "2025-08-20 18:53:36", "elapsed": 25270.652112960815, "delta": 14.946269989013672}, "costs": {"total_cost": 220.2152933398899, "time_cost": 69.512, "final_distance_cost": 1.779992610591259, "oscillation_cost": 73.46646690733469, "completition_cost": 0.0, "overshoot_cost": 50.12415227737674, "power_cost": 13.676961828613281, "noise_cost": 11.655719715973918, "n_waypoints_completed": 9, "tot_waypoints": 9}}
{"target": -219.6477158039418, "params": {"k_pid_pos": [1.964185118675232, 0.06669706106185913, 0.4635419547557831], "k_pid_alt": [1.864759922027588, 0.0029754042625427246, 0.9860035181045532], "k_pid_att": [99.59810638427734, 0.16120021045207977, 0.9588488340377808], "k_pid_yaw": [0.5, 1e-06, 0.1], "k_pid_hsp": [9.957812309265137, 0.9321523904800415, 0.01681959629058838], "k_pid_vsp": [400.0, 394.0790100097656, 100.22663879394531]}, "datetime": {"datetime": "2025-08-20 18:53:53", "elapsed": 25287.509026050568, "delta": 16.856913089752197}, "costs": {"total_cost": 219.6477158039418, "time_cost": 68.952, "final_distance_cost": 1.7932821262251197, "oscillation_cost": 74.04794309435604, "completition_cost": 0.0, "overshoot_cost": 49.88429211014217, "power_cost": 13.813963525390626, "noise_cost": 11.156234947827842, "n_waypoints_completed": 9, "tot_waypoints": 9}}
{"target": -213.282642653252, "params": {"k_pid_pos": [1.944539189338684, 0.016131937503814697, 0.0], "k_pid_alt": [1.9043307304382324, 0.011773496866226196, 0.9909313917160034], "k_pid_att": [98.51603698730469, 0.37038537859916687, 0.9864135980606079], "k_pid_yaw": [0.5, 1e-06, 0.1], "k_pid_hsp": [9.876665115356445, 0.9297608137130737, 0.002409011125564575], "k_pid_vsp": [400.0, 395.84478759765625, 34.00910949707031]}, "datetime": {"datetime": "2025-08-20 18:54:08", "elapsed": 25302.83356833458, "delta": 15.32454228401184}, "costs": {"total_cost": 213.282642653252, "time_cost": 69.544, "final_distance_cost": 1.7264611138184174, "oscillation_cost": 64.64900833067306, "completition_cost": 0.0, "overshoot_cost": 50.01186284903907, "power_cost": 15.558332739257814, "noise_cost": 11.792977620463626, "n_waypoints_completed": 9, "tot_waypoints": 9}}
{"target": -226.81412520275455, "params": {"k_pid_pos": [1.9322748184204102, 0.03289887309074402, 0.0], "k_pid_alt": [1.9803388118743896, 0.07232668995857239, 0.9772607684135437], "k_pid_att": [96.45191192626953, 1.3668118715286255, 0.9627310037612915], "k_pid_yaw": [0.5, 1e-06, 0.1], "k_pid_hsp": [9.597063064575195, 0.9750097990036011, 0.008611887693405151], "k_pid_vsp": [400.0, 392.1595458984375, 8.139015197753906]}, "datetime": {"datetime": "2025-08-20 18:54:27", "elapsed": 25322.4597260952, "delta": 19.626157760620117}, "costs": {"total_cost": 226.81412520275455, "time_cost": 80.912, "final_distance_cost": 1.7811103204878755, "oscillation_cost": 63.80911653075382, "completition_cost": 0.0, "overshoot_cost": 52.03584055445363, "power_cost": 15.098692639160157, "noise_cost": 13.17736515789908, "n_waypoints_completed": 9, "tot_waypoints": 9}}
{"target": -266.81959196908133, "params": {"k_pid_pos": [1.984028935432434, 0.0037558674812316895, 0.0], "k_pid_alt": [1.9780566692352295, 0.0723021924495697, 0.9098086357116699], "k_pid_att": [99.35932159423828, 0.1045122891664505, 0.9864185452461243], "k_pid_yaw": [0.5, 1e-06, 0.1], "k_pid_hsp": [9.79845142364502, 0.9510079026222229, 0.09098371863365173], "k_pid_vsp": [400.0, 395.6534729003906, 4.375911712646484]}, "datetime": {"datetime": "2025-08-20 18:54:45", "elapsed": 25340.127459287643, "delta": 17.667733192443848}, "costs": {"total_cost": 266.81959196908133, "time_cost": 77.512, "final_distance_cost": 1.7647149742024022, "oscillation_cost": 107.1965181823637, "completition_cost": 0.0, "overshoot_cost": 52.090370328375506, "power_cost": 15.282183520507813, "noise_cost": 12.97380496363191, "n_waypoints_completed": 9, "tot_waypoints": 9}}
{"target": -202.12744592994082, "params": {"k_pid_pos": [1.9356895685195923, 0.03609171509742737, 1.0579824447631836e-05], "k_pid_alt": [1.9770114421844482, 0.021294742822647095, 0.968235969543457], "k_pid_att": [99.46864318847656, 0.048940155655145645, 0.9512396454811096], "k_pid_yaw": [0.5, 1e-06, 0.1], "k_pid_hsp": [9.957084655761719, 0.9964703917503357, 0.024782001972198486], "k_pid_vsp": [80.87828063964844, 384.5920104980469, 3.704334259033203]}, "datetime": {"datetime": "2025-08-20 18:55:00", "elapsed": 25355.309545993805, "delta": 15.182086706161499}, "costs": {"total_cost": 202.12744592994082, "time_cost": 69.76, "final_distance_cost": 1.7173871924704553, "oscillation_cost": 55.672398719158316, "completition_cost": 0.0, "overshoot_cost": 50.40168267583471, "power_cost": 13.122651611328125, "noise_cost": 11.453325731149194, "n_waypoints_completed": 9, "tot_waypoints": 9}}
{"target": -282.25808398854997, "params": {"k_pid_pos": [1.9881755113601685, 0.0034801363945007324, 0.0], "k_pid_alt": [1.9288947582244873, 0.13226351141929626, 0.9902642965316772], "k_pid_att": [96.64220428466797, 0.4184733033180237, 0.9995049238204956], "k_pid_yaw": [0.5, 1e-06, 0.1], "k_pid_hsp": [9.67402458190918, 0.9916051626205444, 0.023338615894317627], "k_pid_vsp": [399.99969482421875, 395.93505859375, 33.759544372558594]}, "datetime": {"datetime": "2025-08-20 18:55:23", "elapsed": 25377.626488924026, "delta": 22.316942930221558}, "costs": {"total_cost": 282.25808398854997, "time_cost": 99.144, "final_distance_cost": 1.7322337145261633, "oscillation_cost": 96.53909171862746, "completition_cost": 0.0, "overshoot_cost": 52.10252970731125, "power_cost": 18.17206129150391, "noise_cost": 14.568167556581194, "n_waypoints_completed": 9, "tot_waypoints": 9}}
{"target": -267.7906629867331, "params": {"k_pid_pos": [1.8853956460952759, 0.040423840284347534, 0.0], "k_pid_alt": [1.6841983795166016, 0.1186932623386383, 0.9905633330345154], "k_pid_att": [97.54293823242188, 0.06278081238269806, 0.9597753882408142], "k_pid_yaw": [0.5, 1e-06, 0.1], "k_pid_hsp": [9.716217041015625, 0.9748080372810364, 0.004708081483840942], "k_pid_vsp": [399.4638671875, 397.8055114746094, 8.681727409362793]}, "datetime": {"datetime": "2025-08-20 18:55:45", "elapsed": 25400.175689697266, "delta": 22.549200773239136}, "costs": {"total_cost": 267.7906629867331, "time_cost": 99.992, "final_distance_cost": 1.7920475500248432, "oscillation_cost": 77.4875502068502, "completition_cost": 0.0, "overshoot_cost": 52.311078498778805, "power_cost": 19.960866760253907, "noise_cost": 16.2471199708253, "n_waypoints_completed": 9, "tot_waypoints": 9}}
{"target": -212.7687798057263, "params": {"k_pid_pos": [1.9916541576385498, 0.005373507738113403, 0.0], "k_pid_alt": [1.9159798622131348, 0.03303718566894531, 0.9616506099700928], "k_pid_att": [82.06798553466797, 0.20242951810359955, 0.9861421585083008], "k_pid_yaw": [0.5, 1e-06, 0.1], "k_pid_hsp": [9.381233215332031, 0.9777368307113647, 0.02330714464187622], "k_pid_vsp": [400.0, 390.2214660644531, 18.884206771850586]}, "datetime": {"datetime": "2025-08-20 18:56:01", "elapsed": 25416.133356809616, "delta": 15.957667112350464}, "costs": {"total_cost": 212.7687798057263, "time_cost": 69.512, "final_distance_cost": 1.7336918415867306, "oscillation_cost": 62.79854600178638, "completition_cost": 0.0, "overshoot_cost": 50.548166774185376, "power_cost": 15.903358142089845, "noise_cost": 12.273017046077964, "n_waypoints_completed": 9, "tot_waypoints": 9}}
{"target": -442.1296576643472, "params": {"k_pid_pos": [1.9825890064239502, 0.004052281379699707, 9.503960609436035e-05], "k_pid_alt": [1.8311388492584229, 0.2589638829231262, 0.994723379611969], "k_pid_att": [97.70816040039062, 0.5463094115257263, 0.9653838276863098], "k_pid_yaw": [0.5, 1e-06, 0.1], "k_pid_hsp": [9.6529541015625, 0.9388433694839478, 0.0040138959884643555], "k_pid_vsp": [399.9997253417969, 395.7713928222656, 2.5893101692199707]}, "datetime": {"datetime": "2025-08-20 18:56:23", "elapsed": 25437.83570075035, "delta": 21.702343940734863}, "costs": {"total_cost": 442.1296576643472, "time_cost": 150, "final_distance_cost": 5.951343136872314, "oscillation_cost": 89.33334921178766, "completition_cost": 111.11111111111116, "overshoot_cost": 52.26458816277268, "power_cost": 18.096924731445313, "noise_cost": 15.372341310358077, "n_waypoints_completed": 8, "tot_waypoints": 9}}
{"target": -210.42357541555884, "params": {"k_pid_pos": [1.9781874418258667, 0.019273817539215088, 0.0], "k_pid_alt": [1.9451189041137695, 0.012034058570861816, 0.9399628639221191], "k_pid_att": [97.66991424560547, 0.1900545209646225, 0.9875655174255371], "k_pid_yaw": [0.5, 1e-06, 0.1], "k_pid_hsp": [9.898411750793457, 0.9815782308578491, 0.014177441596984863], "k_pid_vsp": [400.0, 393.682373046875, 5.1113972663879395]}, "datetime": {"datetime": "2025-08-20 18:56:39", "elapsed": 25453.75181245804, "delta": 15.916111707687378}, "costs": {"total_cost": 210.42357541555884, "time_cost": 69.768, "final_distance_cost": 1.7376702999075826, "oscillation_cost": 63.39472283159277, "completition_cost": 0.0, "overshoot_cost": 50.84221037403485, "power_cost": 13.127039270019532, "noise_cost": 11.553932640004097, "n_waypoints_completed": 9, "tot_waypoints": 9}}
