{"target": -229.38403427860283, "params": {"k_pid_pos": [1.986619234085083, 0.09234052896499634, 0.0], "k_pid_alt": [1.6280784606933594, 0.005979418754577637, 0.9870846271514893], "k_pid_att": [97.6942138671875, 0.22776570916175842, 0.9897823333740234], "k_pid_yaw": [0.5, 1e-06, 0.1], "k_pid_hsp": [9.170838356018066, 0.9887233972549438, 0.03061923384666443], "k_pid_vsp": [400.0, 388.1107177734375, 46.66183090209961]}, "datetime": {"datetime": "2025-08-20 15:37:11", "elapsed": 13486.350130319595, "delta": 15.426133394241333}, "costs": {"total_cost": 229.38403427860283, "time_cost": 70.624, "final_distance_cost": 1.7426937601060473, "oscillation_cost": 80.06367744849312, "completition_cost": 0.0, "overshoot_cost": 50.03459196471773, "power_cost": 15.071833410644532, "noise_cost": 11.84723769464138, "n_waypoints_completed": 9, "tot_waypoints": 9}}
{"target": -223.33057806534143, "params": {"k_pid_pos": [1.8062840700149536, 0.0025367438793182373, 0.0], "k_pid_alt": [1.5139145851135254, 0.05002874135971069, 0.9693921208381653], "k_pid_att": [98.65154266357422, 0.9518702626228333, 0.9488036632537842], "k_pid_yaw": [0.5, 1e-06, 0.1], "k_pid_hsp": [7.556185722351074, 0.7536470890045166, 0.01992914080619812], "k_pid_vsp": [400.0, 383.8288269042969, 29.690303802490234]}, "datetime": {"datetime": "2025-08-20 15:37:28", "elapsed": 13503.00081562996, "delta": 16.65068531036377}, "costs": {"total_cost": 223.33057806534143, "time_cost": 75.592, "final_distance_cost": 1.7737354322004004, "oscillation_cost": 65.33873421045836, "completition_cost": 0.0, "overshoot_cost": 51.65887955513902, "power_cost": 16.26941071777344, "noise_cost": 12.697818149770201, "n_waypoints_completed": 9, "tot_waypoints": 9}}
{"target": -249.6578239308056, "params": {"k_pid_pos": [1.488192081451416, 0.046060264110565186, 1.0], "k_pid_alt": [1.8567121028900146, 0.08144223690032959, 0.9715833067893982], "k_pid_att": [89.3721923828125, 0.6134861707687378, 0.9983179569244385], "k_pid_yaw": [0.5, 1e-06, 0.1], "k_pid_hsp": [7.462857246398926, 0.8602116107940674, 0.021345674991607666], "k_pid_vsp": [399.65399169921875, 392.5047302246094, 1.6954550743103027]}, "datetime": {"datetime": "2025-08-20 15:37:46", "elapsed": 13520.985259532928, "delta": 17.98444390296936}, "costs": {"total_cost": 249.6578239308056, "time_cost": 81.92, "final_distance_cost": 1.8179601804638799, "oscillation_cost": 88.2323802785342, "completition_cost": 0.0, "overshoot_cost": 50.1561284084889, "power_cost": 14.477742712402344, "noise_cost": 13.05361235091629, "n_waypoints_completed": 9, "tot_waypoints": 9}}
{"target": -446.9138859439873, "params": {"k_pid_pos": [1.905007004737854, 0.0884091854095459, 8.940696716308594e-08], "k_pid_alt": [1.775865077972412, 0.2207406759262085, 0.993675172328949], "k_pid_att": [91.7943344116211, 0.8365408778190613, 0.9916898608207703], "k_pid_yaw": [0.5, 1e-06, 0.1], "k_pid_hsp": [9.684097290039062, 0.9937318563461304, 0.022117316722869873], "k_pid_vsp": [400.0, 396.506103515625, 22.66206932067871]}, "datetime": {"datetime": "2025-08-20 15:38:08", "elapsed": 13543.085911750793, "delta": 22.10065221786499}, "costs": {"total_cost": 446.9138859439873, "time_cost": 150, "final_distance_cost": 11.984054316262704, "oscillation_cost": 87.2936517357977, "completition_cost": 111.11111111111116, "overshoot_cost": 52.18377743315077, "power_cost": 19.43229891357422, "noise_cost": 14.908992434090688, "n_waypoints_completed": 8, "tot_waypoints": 9}}
{"target": -210.2910201766942, "params": {"k_pid_pos": [1.8891633749008179, 0.06598600745201111, 0.0], "k_pid_alt": [1.8080652952194214, 0.013471812009811401, 0.9489836096763611], "k_pid_att": [94.49581909179688, 0.5371560454368591, 0.9797442555427551], "k_pid_yaw": [0.5, 1e-06, 0.1], "k_pid_hsp": [8.062912940979004, 0.9747617840766907, 0.022680193185806274], "k_pid_vsp": [400.0, 394.9126281738281, 15.630937576293945]}, "datetime": {"datetime": "2025-08-20 15:38:23", "elapsed": 13558.40374302864, "delta": 15.31783127784729}, "costs": {"total_cost": 210.2910201766942, "time_cost": 69.744, "final_distance_cost": 1.7794491162901511, "oscillation_cost": 62.02810917348199, "completition_cost": 0.0, "overshoot_cost": 50.27436337922268, "power_cost": 14.807160424804689, "noise_cost": 11.657938082894677, "n_waypoints_completed": 9, "tot_waypoints": 9}}
{"target": -286.1146622206172, "params": {"k_pid_pos": [1.8421649932861328, 0.02164885401725769, 0.0], "k_pid_alt": [1.3652777671813965, 0.014057636260986328, 0.9849071502685547], "k_pid_att": [88.99191284179688, 3.357191801071167, 0.961966872215271], "k_pid_yaw": [0.5, 1e-06, 0.1], "k_pid_hsp": [9.426795959472656, 0.8191332221031189, 0.19195491075515747], "k_pid_vsp": [400.0, 180.30093383789062, 14.415228843688965]}, "datetime": {"datetime": "2025-08-20 15:38:40", "elapsed": 13575.437682151794, "delta": 17.033939123153687}, "costs": {"total_cost": 286.1146622206172, "time_cost": 75.288, "final_distance_cost": 1.77944424259942, "oscillation_cost": 130.38765610977424, "completition_cost": 0.0, "overshoot_cost": 50.809306129946535, "power_cost": 15.38847176513672, "noise_cost": 12.461783973160289, "n_waypoints_completed": 9, "tot_waypoints": 9}}
{"target": -310.7583921067065, "params": {"k_pid_pos": [1.8666276931762695, 0.04319632053375244, 0.0], "k_pid_alt": [1.7844327688217163, 0.011572837829589844, 0.933198094367981], "k_pid_att": [95.71842193603516, 0.23747609555721283, 0.9140104055404663], "k_pid_yaw": [0.5, 1e-06, 0.1], "k_pid_hsp": [9.7244234085083, 0.988011360168457, 0.1761835813522339], "k_pid_vsp": [0.0011086463928222656, 347.9143981933594, 14.326525688171387]}, "datetime": {"datetime": "2025-08-20 15:38:58", "elapsed": 13592.605207681656, "delta": 17.16752552986145}, "costs": {"total_cost": 310.7583921067065, "time_cost": 78.392, "final_distance_cost": 1.7731415266614987, "oscillation_cost": 144.60547130097876, "completition_cost": 0.0, "overshoot_cost": 54.354883286470695, "power_cost": 17.66878504638672, "noise_cost": 13.964110946208788, "n_waypoints_completed": 9, "tot_waypoints": 9}}
{"target": -284.59456070525033, "params": {"k_pid_pos": [1.9370079040527344, 0.01190406084060669, 0.28942835330963135], "k_pid_alt": [1.7120037078857422, 0.025641292333602905, 0.94318687915802], "k_pid_att": [98.98710632324219, 0.9313441514968872, 0.9848178625106812], "k_pid_yaw": [0.5, 1e-06, 0.1], "k_pid_hsp": [9.764598846435547, 0.9749938249588013, 0.083161860704422], "k_pid_vsp": [399.9989013671875, 381.1896667480469, 139.7752227783203]}, "datetime": {"datetime": "2025-08-20 15:39:13", "elapsed": 13608.356195688248, "delta": 15.750988006591797}, "costs": {"total_cost": 284.59456070525033, "time_cost": 68.896, "final_distance_cost": 1.7847772863078728, "oscillation_cost": 136.31794925745504, "completition_cost": 0.0, "overshoot_cost": 50.810947010427235, "power_cost": 15.0787216796875, "noise_cost": 11.706165471372687, "n_waypoints_completed": 9, "tot_waypoints": 9}}
{"target": -261.14892057544887, "params": {"k_pid_pos": [1.9908597469329834, 0.3081795275211334, 0.0], "k_pid_alt": [1.9230575561523438, 0.0925443172454834, 0.9889191389083862], "k_pid_att": [95.17134857177734, 2.3201534748077393, 0.9663987159729004], "k_pid_yaw": [0.5, 1e-06, 0.1], "k_pid_hsp": [8.771988868713379, 0.9086586833000183, 0.009442239999771118], "k_pid_vsp": [400.0, 390.8188171386719, 14.369833946228027]}, "datetime": {"datetime": "2025-08-20 15:39:35", "elapsed": 13630.240548610687, "delta": 21.884352922439575}, "costs": {"total_cost": 261.14892057544887, "time_cost": 98.84, "final_distance_cost": 1.7348376473372171, "oscillation_cost": 77.21225970041992, "completition_cost": 0.0, "overshoot_cost": 52.971581814850005, "power_cost": 16.76226968994141, "noise_cost": 13.627971722900327, "n_waypoints_completed": 9, "tot_waypoints": 9}}
{"target": -321.8345376034993, "params": {"k_pid_pos": [1.7212812900543213, 0.009370595216751099, 0.0], "k_pid_alt": [1.841981053352356, 0.0759497582912445, 0.9804449677467346], "k_pid_att": [94.36677551269531, 0.3737476170063019, 0.9772759675979614], "k_pid_yaw": [0.5, 1e-06, 0.1], "k_pid_hsp": [4.373717784881592, 0.960536003112793, 0.39535391330718994], "k_pid_vsp": [400.0, 388.5672912597656, 12.188446998596191]}, "datetime": {"datetime": "2025-08-20 15:39:54", "elapsed": 13648.708103179932, "delta": 18.467554569244385}, "costs": {"total_cost": 321.8345376034993, "time_cost": 83.056, "final_distance_cost": 1.7513422073744358, "oscillation_cost": 151.5239632689973, "completition_cost": 0.0, "overshoot_cost": 53.46103566039014, "power_cost": 17.83148856201172, "noise_cost": 14.21070790472575, "n_waypoints_completed": 9, "tot_waypoints": 9}}
{"target": -283.62454827333, "params": {"k_pid_pos": [1.9624755382537842, 0.4208531677722931, 0.6577531099319458], "k_pid_alt": [1.9485864639282227, 0.07693555951118469, 0.9828743934631348], "k_pid_att": [93.58287811279297, 1.563056468963623, 0.9783056974411011], "k_pid_yaw": [0.5, 1e-06, 0.1], "k_pid_hsp": [9.520927429199219, 0.98883056640625, 0.0386677086353302], "k_pid_vsp": [400.0, 357.6118469238281, 2.312112808227539]}, "datetime": {"datetime": "2025-08-20 15:40:12", "elapsed": 13666.79234790802, "delta": 18.08424472808838}, "costs": {"total_cost": 283.62454827333, "time_cost": 82.128, "final_distance_cost": 1.7758106920660315, "oscillation_cost": 119.04062303401717, "completition_cost": 0.0, "overshoot_cost": 51.94658281025035, "power_cost": 15.177785559082032, "noise_cost": 13.55574617791441, "n_waypoints_completed": 9, "tot_waypoints": 9}}
{"target": -338.7438745519111, "params": {"k_pid_pos": [1.856971263885498, 0.00325581431388855, 0.5554568767547607], "k_pid_alt": [1.2282569408416748, 0.0539221465587616, 0.9773128032684326], "k_pid_att": [98.71754455566406, 0.5560645461082458, 0.9661271572113037], "k_pid_yaw": [0.5, 1e-06, 0.1], "k_pid_hsp": [6.730348587036133, 0.9981673955917358, 0.12457606196403503], "k_pid_vsp": [354.5513916015625, 392.886962890625, 9.237838745117188]}, "datetime": {"datetime": "2025-08-20 15:40:30", "elapsed": 13685.459963560104, "delta": 18.66761565208435}, "costs": {"total_cost": 338.7438745519111, "time_cost": 85.792, "final_distance_cost": 1.7930710868884383, "oscillation_cost": 167.65848643010222, "completition_cost": 0.0, "overshoot_cost": 50.748785070574726, "power_cost": 17.915881005859376, "noise_cost": 14.835650958486365, "n_waypoints_completed": 9, "tot_waypoints": 9}}
{"target": -490.8623379038227, "params": {"k_pid_pos": [1.9851553440093994, 0.06154763698577881, 0.0], "k_pid_alt": [0.6909772157669067, 0.14008861780166626, 0.9034141302108765], "k_pid_att": [93.5930404663086, 0.9690383076667786, 0.9484902620315552], "k_pid_yaw": [0.5, 1e-06, 0.1], "k_pid_hsp": [9.663996696472168, 0.8509061932563782, 0.028359830379486084], "k_pid_vsp": [400.0, 343.0477294921875, 26.193477630615234]}, "datetime": {"datetime": "2025-08-20 15:40:53", "elapsed": 13707.677884101868, "delta": 22.217920541763306}, "costs": {"total_cost": 490.8623379038227, "time_cost": 150, "final_distance_cost": 29.56896263978868, "oscillation_cost": 111.1075887849537, "completition_cost": 111.11111111111116, "overshoot_cost": 52.05890872148306, "power_cost": 21.29521794433594, "noise_cost": 15.720548702150152, "n_waypoints_completed": 8, "tot_waypoints": 9}}
{"target": -702.023349056009, "params": {"k_pid_pos": [1.9325335025787354, 0.3230651021003723, 7.748603820800781e-07], "k_pid_alt": [1.7345951795578003, 0.1829834282398224, 0.854749321937561], "k_pid_att": [99.05598449707031, 0.3511815369129181, 0.9706213474273682], "k_pid_yaw": [0.5, 1e-06, 0.1], "k_pid_hsp": [7.857501983642578, 0.5430359244346619, 0.006297975778579712], "k_pid_vsp": [343.2509765625, 399.04443359375, 8.801020622253418]}, "datetime": {"datetime": "2025-08-20 15:41:15", "elapsed": 13730.27871131897, "delta": 22.60082721710205}, "costs": {"total_cost": 702.023349056009, "time_cost": 150, "final_distance_cost": 73.1371911951085, "oscillation_cost": 67.0458025453942, "completition_cost": 333.33333333333337, "overshoot_cost": 43.046816353782894, "power_cost": 19.629273510742188, "noise_cost": 15.830932117647837, "n_waypoints_completed": 6, "tot_waypoints": 9}}
{"target": -217.11780657593894, "params": {"k_pid_pos": [1.9270176887512207, 0.14829492568969727, 0.0], "k_pid_alt": [1.5212619304656982, 0.012323468923568726, 0.967172384262085], "k_pid_att": [91.96553039550781, 0.4376997947692871, 0.9626549482345581], "k_pid_yaw": [0.5, 1e-06, 0.1], "k_pid_hsp": [9.783125877380371, 0.9188944101333618, 0.03706589341163635], "k_pid_vsp": [322.3454284667969, 395.8976135253906, 8.924103736877441]}, "datetime": {"datetime": "2025-08-20 15:41:31", "elapsed": 13746.32948422432, "delta": 16.05077290534973}, "costs": {"total_cost": 217.11780657593894, "time_cost": 70.616, "final_distance_cost": 1.722718706813185, "oscillation_cost": 68.78848937062918, "completition_cost": 0.0, "overshoot_cost": 50.10655041424223, "power_cost": 13.991530883789062, "noise_cost": 11.892517200465266, "n_waypoints_completed": 9, "tot_waypoints": 9}}
{"target": -215.01275994014458, "params": {"k_pid_pos": [1.9857864379882812, 0.09655854105949402, 0.0], "k_pid_alt": [1.939131736755371, 0.011317551136016846, 0.22744953632354736], "k_pid_att": [99.56421661376953, 0.2912258207798004, 0.9866966009140015], "k_pid_yaw": [0.5, 1e-06, 0.1], "k_pid_hsp": [9.588704109191895, 0.9723116159439087, 0.012833446264266968], "k_pid_vsp": [1.0697722434997559, 368.18896484375, 86.6812973022461]}, "datetime": {"datetime": "2025-08-20 15:41:47", "elapsed": 13762.013763427734, "delta": 15.684279203414917}, "costs": {"total_cost": 215.01275994014458, "time_cost": 70.83200000000001, "final_distance_cost": 1.76347894490918, "oscillation_cost": 62.40616618129332, "completition_cost": 0.0, "overshoot_cost": 52.001815919754094, "power_cost": 15.531253063964844, "noise_cost": 12.478045830223126, "n_waypoints_completed": 9, "tot_waypoints": 9}}
{"target": -230.41834840805436, "params": {"k_pid_pos": [1.9714131355285645, 0.0245245099067688, 0.0], "k_pid_alt": [1.7904225587844849, 0.0142689049243927, 0.9526010155677795], "k_pid_att": [99.60472106933594, 1.0238338708877563, 0.9782435894012451], "k_pid_yaw": [0.5, 1e-06, 0.1], "k_pid_hsp": [9.446632385253906, 0.9631038904190063, 0.12339037656784058], "k_pid_vsp": [396.7469177246094, 361.8753662109375, 12.416184425354004]}, "datetime": {"datetime": "2025-08-20 15:42:02", "elapsed": 13777.43106675148, "delta": 15.417303323745728}, "costs": {"total_cost": 230.41834840805436, "time_cost": 69.736, "final_distance_cost": 1.791274683015904, "oscillation_cost": 81.87942327360632, "completition_cost": 0.0, "overshoot_cost": 50.30750024004046, "power_cost": 14.644174389648438, "noise_cost": 12.059975821743212, "n_waypoints_completed": 9, "tot_waypoints": 9}}
{"target": -238.9771259711844, "params": {"k_pid_pos": [1.891628384590149, 0.06879878044128418, 0.0], "k_pid_alt": [1.9172210693359375, 0.03995925188064575, 0.7851214408874512], "k_pid_att": [99.53335571289062, 0.49095243215560913, 0.9370474815368652], "k_pid_yaw": [0.5, 1e-06, 0.1], "k_pid_hsp": [9.512259483337402, 0.9840055704116821, 0.11065161228179932], "k_pid_vsp": [400.0, 389.5641784667969, 9.504438400268555]}, "datetime": {"datetime": "2025-08-20 15:42:18", "elapsed": 13792.798685312271, "delta": 15.367618560791016}, "costs": {"total_cost": 238.9771259711844, "time_cost": 69.568, "final_distance_cost": 1.7268111700499529, "oscillation_cost": 91.31778115688832, "completition_cost": 0.0, "overshoot_cost": 50.398681650532964, "power_cost": 14.008629956054689, "noise_cost": 11.957222037658441, "n_waypoints_completed": 9, "tot_waypoints": 9}}
{"target": -223.34795855376473, "params": {"k_pid_pos": [1.9662230014801025, 0.1241254210472107, 0.0], "k_pid_alt": [1.987370252609253, 0.04250878095626831, 0.898849368095398], "k_pid_att": [94.98587036132812, 0.33247777819633484, 0.7712397575378418], "k_pid_yaw": [0.5, 1e-06, 0.1], "k_pid_hsp": [9.841158866882324, 0.752435564994812, 0.04408016800880432], "k_pid_vsp": [34.962127685546875, 387.1622009277344, 38.617156982421875]}, "datetime": {"datetime": "2025-08-20 15:42:33", "elapsed": 13808.382838964462, "delta": 15.584153652191162}, "costs": {"total_cost": 223.34795855376473, "time_cost": 69.624, "final_distance_cost": 1.7173834660892924, "oscillation_cost": 75.55048764216497, "completition_cost": 0.0, "overshoot_cost": 51.05413131527987, "power_cost": 14.138692297363281, "noise_cost": 11.263263832867338, "n_waypoints_completed": 9, "tot_waypoints": 9}}
{"target": -216.00569087708928, "params": {"k_pid_pos": [1.9214582443237305, 0.2268727719783783, 0.0], "k_pid_alt": [1.9090793132781982, 0.051241785287857056, 0.9552396535873413], "k_pid_att": [71.24284362792969, 1.0797837972640991, 0.8831769227981567], "k_pid_yaw": [0.5, 1e-06, 0.1], "k_pid_hsp": [9.458139419555664, 0.9560607075691223, 0.012332260608673096], "k_pid_vsp": [400.0, 302.5443115234375, 62.39010238647461]}, "datetime": {"datetime": "2025-08-20 15:42:49", "elapsed": 13823.783282518387, "delta": 15.40044355392456}, "costs": {"total_cost": 216.00569087708928, "time_cost": 70.592, "final_distance_cost": 1.7334398446382069, "oscillation_cost": 64.84420141621678, "completition_cost": 0.0, "overshoot_cost": 50.688434697017335, "power_cost": 16.024558203125, "noise_cost": 12.123056716091986, "n_waypoints_completed": 9, "tot_waypoints": 9}}
{"target": -261.79062357893196, "params": {"k_pid_pos": [1.8669304847717285, 0.04511624574661255, 1.7881393432617188e-06], "k_pid_alt": [1.8156073093414307, 0.30410343408584595, 0.9827775955200195], "k_pid_att": [95.55484771728516, 1.1288949251174927, 0.9374747276306152], "k_pid_yaw": [0.5, 1e-06, 0.1], "k_pid_hsp": [8.825075149536133, 0.9951072931289673, 0.002000480890274048], "k_pid_vsp": [399.9764404296875, 388.7294921875, 56.66633987426758]}, "datetime": {"datetime": "2025-08-20 15:43:11", "elapsed": 13846.134580135345, "delta": 22.351297616958618}, "costs": {"total_cost": 261.79062357893196, "time_cost": 99.328, "final_distance_cost": 1.7276393444180602, "oscillation_cost": 74.65504082400311, "completition_cost": 0.0, "overshoot_cost": 52.077155582136804, "power_cost": 19.50386784667969, "noise_cost": 14.498919981694259, "n_waypoints_completed": 9, "tot_waypoints": 9}}
{"target": -206.8686653111943, "params": {"k_pid_pos": [1.8779661655426025, 0.22915536165237427, 5.960464477539063e-08], "k_pid_alt": [1.8645331859588623, 0.031767427921295166, 0.9169743657112122], "k_pid_att": [93.8882827758789, 0.9517471790313721, 0.7812862992286682], "k_pid_yaw": [0.5, 1e-06, 0.1], "k_pid_hsp": [8.387864112854004, 0.9172173738479614, 0.011257082223892212], "k_pid_vsp": [400.0, 386.0734558105469, 15.144372940063477]}, "datetime": {"datetime": "2025-08-20 15:43:27", "elapsed": 13861.868781089783, "delta": 15.734200954437256}, "costs": {"total_cost": 206.8686653111943, "time_cost": 70.584, "final_distance_cost": 1.7363582826683328, "oscillation_cost": 63.54487922654074, "completition_cost": 0.0, "overshoot_cost": 50.55929075461352, "power_cost": 10.716818041992187, "noise_cost": 9.72731900537951, "n_waypoints_completed": 9, "tot_waypoints": 9}}
{"target": -210.6489779749577, "params": {"k_pid_pos": [1.7418848276138306, 0.026396632194519043, 7.450580596923828e-07], "k_pid_alt": [1.447258472442627, 0.01929965615272522, 0.9900116920471191], "k_pid_att": [97.9766845703125, 0.5554062128067017, 0.9893357753753662], "k_pid_yaw": [0.5, 1e-06, 0.1], "k_pid_hsp": [9.801645278930664, 0.661164402961731, 0.02151164412498474], "k_pid_vsp": [399.99981689453125, 380.3305969238281, 29.08316993713379]}, "datetime": {"datetime": "2025-08-20 15:43:42", "elapsed": 13877.102760076523, "delta": 15.233978986740112}, "costs": {"total_cost": 210.6489779749577, "time_cost": 69.70400000000001, "final_distance_cost": 1.7525044494872475, "oscillation_cost": 63.750548322256066, "completition_cost": 0.0, "overshoot_cost": 49.849274143450224, "power_cost": 14.296483154296876, "noise_cost": 11.296167905467257, "n_waypoints_completed": 9, "tot_waypoints": 9}}
{"target": -217.19007978484797, "params": {"k_pid_pos": [1.9401638507843018, 0.014807939529418945, 0.0], "k_pid_alt": [1.905670166015625, 0.06676056981086731, 0.8985390663146973], "k_pid_att": [98.64118957519531, 2.473294258117676, 0.9697549343109131], "k_pid_yaw": [0.5, 1e-06, 0.1], "k_pid_hsp": [9.635551452636719, 0.9590166807174683, 0.03554987907409668], "k_pid_vsp": [400.0, 387.314453125, 106.87516784667969]}, "datetime": {"datetime": "2025-08-20 15:43:58", "elapsed": 13892.820246219635, "delta": 15.717486143112183}, "costs": {"total_cost": 217.19007978484797, "time_cost": 69.592, "final_distance_cost": 1.8000647514940018, "oscillation_cost": 67.2542525066792, "completition_cost": 0.0, "overshoot_cost": 51.75204222485598, "power_cost": 15.056173327636719, "noise_cost": 11.73554697418207, "n_waypoints_completed": 9, "tot_waypoints": 9}}
{"target": -522.1822409667958, "params": {"k_pid_pos": [1.9421041011810303, 0.2705341577529907, 1.4901161193847656e-07], "k_pid_alt": [1.939354658126831, 0.13094490766525269, 0.9960430860519409], "k_pid_att": [99.48963928222656, 0.1532573699951172, 0.9892802238464355], "k_pid_yaw": [0.5, 1e-06, 0.1], "k_pid_hsp": [6.37342643737793, 0.9768060445785522, 0.09937503933906555], "k_pid_vsp": [349.72381591796875, 391.12957763671875, 9.192217826843262]}, "datetime": {"datetime": "2025-08-20 15:44:20", "elapsed": 13915.154547929764, "delta": 22.334301710128784}, "costs": {"total_cost": 522.1822409667958, "time_cost": 150, "final_distance_cost": 62.852209687603676, "oscillation_cost": 115.22978500904165, "completition_cost": 111.11111111111116, "overshoot_cost": 47.3786782997549, "power_cost": 19.746544775390625, "noise_cost": 15.86391208389377, "n_waypoints_completed": 8, "tot_waypoints": 9}}
