{"target": -270.70133058009407, "params": {"k_pid_pos": [1.9713120460510254, 0.42768770456314087, 0.0], "k_pid_alt": [1.8333814144134521, 0.07626783847808838, 0.9716108441352844], "k_pid_att": [98.45787048339844, 0.2877151370048523, 0.9649701714515686], "k_pid_yaw": [0.5, 1e-06, 0.1], "k_pid_hsp": [9.955126762390137, 0.9936190843582153, 0.03135174512863159], "k_pid_vsp": [400.0, 393.3337097167969, 18.949951171875]}, "datetime": {"datetime": "2025-08-20 19:52:04", "elapsed": 28779.26719403267, "delta": 19.524455070495605}, "costs": {"total_cost": 270.70133058009407, "time_cost": 86.928, "final_distance_cost": 1.7470279796670942, "oscillation_cost": 88.89185394139716, "completition_cost": 0.0, "overshoot_cost": 56.499647230407504, "power_cost": 20.84901003417969, "noise_cost": 15.785791394442665, "n_waypoints_completed": 9, "tot_waypoints": 9}}
{"target": -220.40135378774, "params": {"k_pid_pos": [1.8382383584976196, 0.09322762489318848, 0.0], "k_pid_alt": [1.9839166402816772, 0.009156376123428345, 0.9835226535797119], "k_pid_att": [98.17784881591797, 0.2616616189479828, 0.9778828620910645], "k_pid_yaw": [0.5, 1e-06, 0.1], "k_pid_hsp": [9.851519584655762, 0.9825005531311035, 0.04023599624633789], "k_pid_vsp": [400.0, 391.2533874511719, 2.4516115188598633]}, "datetime": {"datetime": "2025-08-20 19:52:20", "elapsed": 28794.554013490677, "delta": 15.286819458007812}, "costs": {"total_cost": 220.40135378774, "time_cost": 69.816, "final_distance_cost": 1.7287229339264516, "oscillation_cost": 73.8029057053161, "completition_cost": 0.0, "overshoot_cost": 50.49075941750205, "power_cost": 13.073192785644531, "noise_cost": 11.4897729453509, "n_waypoints_completed": 9, "tot_waypoints": 9}}
{"target": -225.27219693071785, "params": {"k_pid_pos": [1.9768424034118652, 0.002023667097091675, 0.0], "k_pid_alt": [1.9697515964508057, 0.009969890117645264, 0.9583253860473633], "k_pid_att": [96.78286743164062, 0.046335458755493164, 0.9638904333114624], "k_pid_yaw": [0.5, 1e-06, 0.1], "k_pid_hsp": [9.967734336853027, 0.982123076915741, 0.021211087703704834], "k_pid_vsp": [400.0, 394.88153076171875, 9.388484001159668]}, "datetime": {"datetime": "2025-08-20 19:52:36", "elapsed": 28811.37998008728, "delta": 16.825966596603394}, "costs": {"total_cost": 225.27219693071785, "time_cost": 69.83200000000001, "final_distance_cost": 1.7776619029057352, "oscillation_cost": 78.03194447648286, "completition_cost": 0.0, "overshoot_cost": 50.26925685807902, "power_cost": 13.770596801757813, "noise_cost": 11.590736891492424, "n_waypoints_completed": 9, "tot_waypoints": 9}}
{"target": -233.93801659430576, "params": {"k_pid_pos": [1.9377479553222656, 0.01737228035926819, 0.0], "k_pid_alt": [1.971358060836792, 0.02510187029838562, 0.9921419620513916], "k_pid_att": [95.08879089355469, 0.47535672783851624, 0.9663568735122681], "k_pid_yaw": [0.5, 1e-06, 0.1], "k_pid_hsp": [9.805078506469727, 0.9647946357727051, 0.03487849235534668], "k_pid_vsp": [400.0, 396.9305114746094, 16.156103134155273]}, "datetime": {"datetime": "2025-08-20 19:52:52", "elapsed": 28826.835286855698, "delta": 15.455306768417358}, "costs": {"total_cost": 233.93801659430576, "time_cost": 69.52, "final_distance_cost": 1.785053329386768, "oscillation_cost": 83.16296958448244, "completition_cost": 0.0, "overshoot_cost": 50.40339191406135, "power_cost": 16.3887443359375, "noise_cost": 12.677857430437673, "n_waypoints_completed": 9, "tot_waypoints": 9}}
{"target": -212.94437427593974, "params": {"k_pid_pos": [1.945692539215088, 0.029094427824020386, 0.0], "k_pid_alt": [1.9941638708114624, 0.005723834037780762, 0.9818077683448792], "k_pid_att": [98.77942657470703, 0.1996847540140152, 0.9896968603134155], "k_pid_yaw": [0.5, 1e-06, 0.1], "k_pid_hsp": [9.545073509216309, 0.9508650898933411, 0.013504713773727417], "k_pid_vsp": [400.0, 359.2042236328125, 3.4005889892578125]}, "datetime": {"datetime": "2025-08-20 19:53:09", "elapsed": 28843.564487457275, "delta": 16.72920060157776}, "costs": {"total_cost": 212.94437427593974, "time_cost": 69.976, "final_distance_cost": 1.745526101631046, "oscillation_cost": 66.46551583199145, "completition_cost": 0.0, "overshoot_cost": 50.16182859764333, "power_cost": 13.072079919433595, "noise_cost": 11.523423825240325, "n_waypoints_completed": 9, "tot_waypoints": 9}}
{"target": -232.46706993918824, "params": {"k_pid_pos": [1.9835649728775024, 0.15457430481910706, 0.3135182857513428], "k_pid_alt": [1.7298601865768433, 0.015870004892349243, 0.9952623844146729], "k_pid_att": [98.62843322753906, 0.1965966671705246, 0.9957455396652222], "k_pid_yaw": [0.5, 1e-06, 0.1], "k_pid_hsp": [9.35132122039795, 0.971259593963623, 0.06338673830032349], "k_pid_vsp": [399.99993896484375, 398.6048583984375, 8.959914207458496]}, "datetime": {"datetime": "2025-08-20 19:53:23", "elapsed": 28858.449657917023, "delta": 14.885170459747314}, "costs": {"total_cost": 232.46706993918824, "time_cost": 69.608, "final_distance_cost": 1.789872753514071, "oscillation_cost": 85.3996512235984, "completition_cost": 0.0, "overshoot_cost": 50.37582302953482, "power_cost": 13.503921936035157, "noise_cost": 11.789800996505777, "n_waypoints_completed": 9, "tot_waypoints": 9}}
{"target": -212.097210679101, "params": {"k_pid_pos": [1.9890966415405273, 0.019152522087097168, 0.0], "k_pid_alt": [1.863157033920288, 0.04798626899719238, 0.9982227087020874], "k_pid_att": [99.04346466064453, 0.20880119502544403, 0.9942792654037476], "k_pid_yaw": [0.5, 1e-06, 0.1], "k_pid_hsp": [9.700068473815918, 0.9941035509109497, 0.0078105628490448], "k_pid_vsp": [283.9150085449219, 359.7653503417969, 0.5368004441261292]}, "datetime": {"datetime": "2025-08-20 19:53:39", "elapsed": 28874.457019090652, "delta": 16.00736117362976}, "costs": {"total_cost": 212.097210679101, "time_cost": 69.952, "final_distance_cost": 1.7463855563773105, "oscillation_cost": 65.42273487175636, "completition_cost": 0.0, "overshoot_cost": 50.522807436731945, "power_cost": 12.938785900878907, "noise_cost": 11.514496913356478, "n_waypoints_completed": 9, "tot_waypoints": 9}}
{"target": -219.97024334335651, "params": {"k_pid_pos": [1.9503780603408813, 0.011965960264205933, 0.0], "k_pid_alt": [1.986100435256958, 0.03798052668571472, 0.9668734073638916], "k_pid_att": [99.71998596191406, 0.905351996421814, 0.9730678796768188], "k_pid_yaw": [0.5, 1e-06, 0.1], "k_pid_hsp": [9.940316200256348, 0.9779706001281738, 0.011386901140213013], "k_pid_vsp": [400.0, 397.07342529296875, 40.190269470214844]}, "datetime": {"datetime": "2025-08-20 19:53:55", "elapsed": 28889.57728600502, "delta": 15.120266914367676}, "costs": {"total_cost": 219.97024334335651, "time_cost": 69.424, "final_distance_cost": 1.7389887075400345, "oscillation_cost": 70.9858797190269, "completition_cost": 0.0, "overshoot_cost": 51.089323057146515, "power_cost": 15.038622009277345, "noise_cost": 11.693429850365732, "n_waypoints_completed": 9, "tot_waypoints": 9}}
{"target": -241.94909692627635, "params": {"k_pid_pos": [1.9936290979385376, 0.06548762321472168, 0.0], "k_pid_alt": [1.9887458086013794, 0.07524237036705017, 0.9604319930076599], "k_pid_att": [99.33623504638672, 0.16138200461864471, 0.9210850596427917], "k_pid_yaw": [0.5, 1e-06, 0.1], "k_pid_hsp": [9.913320541381836, 0.944404125213623, 0.008492350578308105], "k_pid_vsp": [400.0, 395.7293395996094, 2.205921173095703]}, "datetime": {"datetime": "2025-08-20 19:54:13", "elapsed": 28908.463138580322, "delta": 18.885852575302124}, "costs": {"total_cost": 241.94909692627635, "time_cost": 81.776, "final_distance_cost": 1.7673573739428787, "oscillation_cost": 77.19364662475732, "completition_cost": 0.0, "overshoot_cost": 52.91999329384278, "power_cost": 15.09994578857422, "noise_cost": 13.192153845159211, "n_waypoints_completed": 9, "tot_waypoints": 9}}
{"target": -443.9805999563711, "params": {"k_pid_pos": [1.9678751230239868, 0.03894561529159546, 0.0], "k_pid_alt": [1.9617289304733276, 0.16691190004348755, 0.9566280841827393], "k_pid_att": [99.1178970336914, 0.9197288155555725, 0.9958915710449219], "k_pid_yaw": [0.5, 1e-06, 0.1], "k_pid_hsp": [9.953680038452148, 0.9744008779525757, 0.01826077699661255], "k_pid_vsp": [400.0, 392.630859375, 7.5598249435424805]}, "datetime": {"datetime": "2025-08-20 19:54:37", "elapsed": 28931.548456192017, "delta": 23.085317611694336}, "costs": {"total_cost": 443.9805999563711, "time_cost": 150, "final_distance_cost": 20.257377195671083, "oscillation_cost": 77.39625475100674, "completition_cost": 111.11111111111116, "overshoot_cost": 51.68815290946237, "power_cost": 18.30250936279297, "noise_cost": 15.225194626326797, "n_waypoints_completed": 8, "tot_waypoints": 9}}
{"target": -213.34559375547377, "params": {"k_pid_pos": [1.9198908805847168, 0.01868763566017151, 0.0], "k_pid_alt": [1.9867311716079712, 0.05100390315055847, 0.9962564706802368], "k_pid_att": [98.7331771850586, 0.03157332167029381, 0.9875327944755554], "k_pid_yaw": [0.5, 1e-06, 0.1], "k_pid_hsp": [8.448782920837402, 0.9176166653633118, 0.04043227434158325], "k_pid_vsp": [400.0, 393.4333190917969, 5.0610551834106445]}, "datetime": {"datetime": "2025-08-20 19:54:52", "elapsed": 28946.794753074646, "delta": 15.246296882629395}, "costs": {"total_cost": 213.34559375547377, "time_cost": 69.70400000000001, "final_distance_cost": 1.7685936358688708, "oscillation_cost": 66.83264106763684, "completition_cost": 0.0, "overshoot_cost": 50.60022936860828, "power_cost": 12.942569104003907, "noise_cost": 11.497560579355865, "n_waypoints_completed": 9, "tot_waypoints": 9}}
{"target": -218.78695125844465, "params": {"k_pid_pos": [1.9886729717254639, 0.052696794271469116, 0.0], "k_pid_alt": [1.9179147481918335, 0.029995590448379517, 0.9911925196647644], "k_pid_att": [88.0895767211914, 0.24634459614753723, 0.9943603277206421], "k_pid_yaw": [0.5, 1e-06, 0.1], "k_pid_hsp": [9.80469036102295, 0.9428659677505493, 0.026648789644241333], "k_pid_vsp": [399.9615783691406, 396.255126953125, 4.936171531677246]}, "datetime": {"datetime": "2025-08-20 19:55:08", "elapsed": 28962.96191096306, "delta": 16.167157888412476}, "costs": {"total_cost": 218.78695125844465, "time_cost": 69.888, "final_distance_cost": 1.774708311339726, "oscillation_cost": 71.02759636631029, "completition_cost": 0.0, "overshoot_cost": 51.05801608071419, "power_cost": 13.290277111816406, "noise_cost": 11.748353388264006, "n_waypoints_completed": 9, "tot_waypoints": 9}}
{"target": -272.93137855393644, "params": {"k_pid_pos": [1.9715862274169922, 0.012400299310684204, 1.0132789611816406e-06], "k_pid_alt": [1.9000201225280762, 0.012025594711303711, 0.9923352003097534], "k_pid_att": [94.5628433227539, 0.1788644641637802, 0.9664210081100464], "k_pid_yaw": [0.5, 1e-06, 0.1], "k_pid_hsp": [9.84043025970459, 0.9782986044883728, 0.05204471945762634], "k_pid_vsp": [0.0015974044799804688, 384.2294616699219, 2.580679416656494]}, "datetime": {"datetime": "2025-08-20 19:55:25", "elapsed": 28980.15400481224, "delta": 17.19209384918213}, "costs": {"total_cost": 272.93137855393644, "time_cost": 75.856, "final_distance_cost": 1.7856436983582549, "oscillation_cost": 112.9626851952358, "completition_cost": 0.0, "overshoot_cost": 53.599441122983244, "power_cost": 16.579170056152346, "noise_cost": 12.148438481206746, "n_waypoints_completed": 9, "tot_waypoints": 9}}
{"target": -222.93553466012193, "params": {"k_pid_pos": [1.965399146080017, 0.0075844526290893555, 0.0], "k_pid_alt": [1.971071481704712, 0.002068549394607544, 0.9888909459114075], "k_pid_att": [99.20863342285156, 0.10635315626859665, 0.9860150218009949], "k_pid_yaw": [0.5, 1e-06, 0.1], "k_pid_hsp": [9.858105659484863, 0.9820048809051514, 0.018156349658966064], "k_pid_vsp": [400.0, 395.4888916015625, 11.072612762451172]}, "datetime": {"datetime": "2025-08-20 19:55:40", "elapsed": 28995.31101989746, "delta": 15.157015085220337}, "costs": {"total_cost": 222.93553466012193, "time_cost": 69.792, "final_distance_cost": 1.7949396998684293, "oscillation_cost": 77.19686864706983, "completition_cost": 0.0, "overshoot_cost": 50.33615568037085, "power_cost": 12.81208905029297, "noise_cost": 11.003481582519868, "n_waypoints_completed": 9, "tot_waypoints": 9}}
{"target": -246.3165660736395, "params": {"k_pid_pos": [1.9730688333511353, 0.008360743522644043, 0.0], "k_pid_alt": [1.9357632398605347, 0.07141837477684021, 0.9933837652206421], "k_pid_att": [84.16681671142578, 0.3062889575958252, 0.996335506439209], "k_pid_yaw": [0.5, 1e-06, 0.1], "k_pid_hsp": [9.798599243164062, 0.9580205678939819, 0.03584927320480347], "k_pid_vsp": [400.0, 359.0520935058594, 2.280498504638672]}, "datetime": {"datetime": "2025-08-20 19:55:59", "elapsed": 29014.321153640747, "delta": 19.010133743286133}, "costs": {"total_cost": 246.3165660736395, "time_cost": 80.872, "final_distance_cost": 1.7680178775423994, "oscillation_cost": 82.9159653724815, "completition_cost": 0.0, "overshoot_cost": 52.52526244184039, "power_cost": 15.09846512451172, "noise_cost": 13.136855257263477, "n_waypoints_completed": 9, "tot_waypoints": 9}}
{"target": -284.07829374697184, "params": {"k_pid_pos": [1.9812746047973633, 0.0743761658668518, 0.0], "k_pid_alt": [1.8372822999954224, 0.11822330951690674, 0.9695512056350708], "k_pid_att": [98.13298034667969, 0.19128774106502533, 0.9790918827056885], "k_pid_yaw": [0.5, 1e-06, 0.1], "k_pid_hsp": [9.942455291748047, 0.9860587120056152, 0.03776144981384277], "k_pid_vsp": [400.0, 391.1138000488281, 3.8718948364257812]}, "datetime": {"datetime": "2025-08-20 19:56:23", "elapsed": 29037.826828479767, "delta": 23.505674839019775}, "costs": {"total_cost": 284.07829374697184, "time_cost": 99.864, "final_distance_cost": 1.7857201426307907, "oscillation_cost": 96.0955011180774, "completition_cost": 0.0, "overshoot_cost": 52.23052402580056, "power_cost": 18.37015936279297, "noise_cost": 15.732389097670154, "n_waypoints_completed": 9, "tot_waypoints": 9}}
{"target": -208.2808304889661, "params": {"k_pid_pos": [1.928884744644165, 0.03316819667816162, 0.0], "k_pid_alt": [1.7955418825149536, 0.0473749041557312, 0.9923277497291565], "k_pid_att": [97.97779083251953, 0.28251469135284424, 0.9507588148117065], "k_pid_yaw": [0.5, 1e-06, 0.1], "k_pid_hsp": [9.965250968933105, 0.9690137505531311, 0.014091789722442627], "k_pid_vsp": [400.0, 376.1995849609375, 62.534523010253906]}, "datetime": {"datetime": "2025-08-20 19:56:41", "elapsed": 29055.81138944626, "delta": 17.9845609664917}, "costs": {"total_cost": 208.2808304889661, "time_cost": 69.632, "final_distance_cost": 1.7350524971844288, "oscillation_cost": 62.993980348160385, "completition_cost": 0.0, "overshoot_cost": 50.04298496972146, "power_cost": 13.14121796875, "noise_cost": 10.735594705149811, "n_waypoints_completed": 9, "tot_waypoints": 9}}
{"target": -237.77961348885523, "params": {"k_pid_pos": [1.9669294357299805, 0.0452483594417572, 0.9651081562042236], "k_pid_alt": [1.945460319519043, 0.035047292709350586, 0.9654874801635742], "k_pid_att": [99.79934692382812, 0.23376455903053284, 0.9709805846214294], "k_pid_yaw": [0.5, 1e-06, 0.1], "k_pid_hsp": [9.815848350524902, 0.9517678022384644, 0.012756407260894775], "k_pid_vsp": [400.0, 388.5918273925781, 2.8496036529541016]}, "datetime": {"datetime": "2025-08-20 19:56:56", "elapsed": 29070.870080709457, "delta": 15.058691263198853}, "costs": {"total_cost": 237.77961348885523, "time_cost": 69.512, "final_distance_cost": 1.8414232857570774, "oscillation_cost": 91.65283164516059, "completition_cost": 0.0, "overshoot_cost": 50.03405285803546, "power_cost": 12.913532299804688, "noise_cost": 11.825773400097404, "n_waypoints_completed": 9, "tot_waypoints": 9}}
{"target": -214.5497171990231, "params": {"k_pid_pos": [1.9719293117523193, 0.030458718538284302, 0.0], "k_pid_alt": [1.9877063035964966, 0.028208374977111816, 0.9898362755775452], "k_pid_att": [98.07149505615234, 0.022654768079519272, 0.9938603639602661], "k_pid_yaw": [0.5, 1e-06, 0.1], "k_pid_hsp": [9.659151077270508, 0.976931095123291, 0.012914210557937622], "k_pid_vsp": [400.0, 388.8877868652344, 0.8845935463905334]}, "datetime": {"datetime": "2025-08-20 19:57:13", "elapsed": 29088.296917438507, "delta": 17.426836729049683}, "costs": {"total_cost": 214.5497171990231, "time_cost": 69.672, "final_distance_cost": 1.7291088059191562, "oscillation_cost": 68.04419113434429, "completition_cost": 0.0, "overshoot_cost": 50.54841364968932, "power_cost": 13.034967907714844, "noise_cost": 11.521035701355464, "n_waypoints_completed": 9, "tot_waypoints": 9}}
{"target": -210.46893640932754, "params": {"k_pid_pos": [1.9923008680343628, 0.14920231699943542, 0.0], "k_pid_alt": [1.9649803638458252, 0.016851365566253662, 0.9721058011054993], "k_pid_att": [98.36405181884766, 0.276353120803833, 0.9804561734199524], "k_pid_yaw": [0.5, 1e-06, 0.1], "k_pid_hsp": [9.933172225952148, 0.996573805809021, 0.009062618017196655], "k_pid_vsp": [399.9998474121094, 394.46099853515625, 27.32057762145996]}, "datetime": {"datetime": "2025-08-20 19:57:29", "elapsed": 29103.67950630188, "delta": 15.382588863372803}, "costs": {"total_cost": 210.46893640932754, "time_cost": 70.208, "final_distance_cost": 1.7089997388194074, "oscillation_cost": 63.25527820915634, "completition_cost": 0.0, "overshoot_cost": 50.31907089861542, "power_cost": 13.814649035644532, "noise_cost": 11.162938527091866, "n_waypoints_completed": 9, "tot_waypoints": 9}}
{"target": -223.58985385629765, "params": {"k_pid_pos": [1.9520667791366577, 0.04704570770263672, 0.0], "k_pid_alt": [1.961104154586792, 0.040796518325805664, 0.997225284576416], "k_pid_att": [99.79385375976562, 0.4124974012374878, 0.9847981929779053], "k_pid_yaw": [0.5, 1e-06, 0.1], "k_pid_hsp": [9.757745742797852, 0.9753609895706177, 0.07543393969535828], "k_pid_vsp": [400.0, 377.9080810546875, 4.294825553894043]}, "datetime": {"datetime": "2025-08-20 19:57:46", "elapsed": 29120.895205259323, "delta": 17.215698957443237}, "costs": {"total_cost": 223.58985385629765, "time_cost": 69.272, "final_distance_cost": 1.7537884096527299, "oscillation_cost": 77.11360959758319, "completition_cost": 0.0, "overshoot_cost": 50.304559032453646, "power_cost": 13.475974670410157, "noise_cost": 11.669922146197933, "n_waypoints_completed": 9, "tot_waypoints": 9}}
{"target": -219.1133526375247, "params": {"k_pid_pos": [1.9655938148498535, 0.026866436004638672, 0.0], "k_pid_alt": [1.977612018585205, 0.04379171133041382, 0.9774307608604431], "k_pid_att": [98.7193832397461, 0.4261437654495239, 0.9872704148292542], "k_pid_yaw": [0.5, 1e-06, 0.1], "k_pid_hsp": [9.922224044799805, 0.9931403398513794, 0.009776860475540161], "k_pid_vsp": [400.0, 398.0047302246094, 3.0450472831726074]}, "datetime": {"datetime": "2025-08-20 19:58:03", "elapsed": 29137.497898340225, "delta": 16.6026930809021}, "costs": {"total_cost": 219.1133526375247, "time_cost": 69.984, "final_distance_cost": 1.7428566410184203, "oscillation_cost": 72.23456676324676, "completition_cost": 0.0, "overshoot_cost": 50.57083149177024, "power_cost": 13.040119592285157, "noise_cost": 11.540978149204134, "n_waypoints_completed": 9, "tot_waypoints": 9}}
{"target": -214.1546729716415, "params": {"k_pid_pos": [1.9264119863510132, 0.06954145431518555, 1.1324882507324219e-06], "k_pid_alt": [1.980125069618225, 0.01509210467338562, 0.985152006149292], "k_pid_att": [98.6029052734375, 0.11547078937292099, 0.9931098818778992], "k_pid_yaw": [0.5, 1e-06, 0.1], "k_pid_hsp": [9.82715892791748, 0.9914953708648682, 0.022204667329788208], "k_pid_vsp": [400.0, 396.2648010253906, 6.6777119636535645]}, "datetime": {"datetime": "2025-08-20 19:58:18", "elapsed": 29152.532310962677, "delta": 15.034412622451782}, "costs": {"total_cost": 214.1546729716415, "time_cost": 69.88, "final_distance_cost": 1.7196721475841412, "oscillation_cost": 67.45719776696055, "completition_cost": 0.0, "overshoot_cost": 50.186156982963276, "power_cost": 13.251741992187501, "noise_cost": 11.659904081946058, "n_waypoints_completed": 9, "tot_waypoints": 9}}
{"target": -215.1527644646657, "params": {"k_pid_pos": [1.924795150756836, 0.0792081356048584, 0.0], "k_pid_alt": [1.993279218673706, 0.010430872440338135, 0.9708980321884155], "k_pid_att": [97.42645263671875, 0.13907280564308167, 0.9833048582077026], "k_pid_yaw": [0.5, 1e-06, 0.1], "k_pid_hsp": [9.916672706604004, 0.9652055501937866, 0.007896780967712402], "k_pid_vsp": [400.0, 368.8215637207031, 19.33555793762207]}, "datetime": {"datetime": "2025-08-20 19:58:34", "elapsed": 29168.76766729355, "delta": 16.235356330871582}, "costs": {"total_cost": 215.1527644646657, "time_cost": 69.816, "final_distance_cost": 1.7761469174755826, "oscillation_cost": 65.38157791056477, "completition_cost": 0.0, "overshoot_cost": 50.32853538682846, "power_cost": 15.681296154785157, "noise_cost": 12.169208095011713, "n_waypoints_completed": 9, "tot_waypoints": 9}}
{"target": -197.43901941311879, "params": {"k_pid_pos": [1.4638060331344604, 0.003423750400543213, 0.0], "k_pid_alt": [1.7925162315368652, 0.021038562059402466, 0.9703106880187988], "k_pid_att": [98.99056243896484, 0.19670455157756805, 0.9694509506225586], "k_pid_yaw": [0.5, 1e-06, 0.1], "k_pid_hsp": [9.831560134887695, 0.9751161336898804, 0.006639063358306885], "k_pid_vsp": [400.0, 388.56549072265625, 6.911874771118164]}, "datetime": {"datetime": "2025-08-20 19:58:49", "elapsed": 29183.557557106018, "delta": 14.789889812469482}, "costs": {"total_cost": 197.43901941311879, "time_cost": 69.016, "final_distance_cost": 1.788792877204827, "oscillation_cost": 52.35893064562549, "completition_cost": 0.0, "overshoot_cost": 50.186764692134915, "power_cost": 12.75500908203125, "noise_cost": 11.33352211612229, "n_waypoints_completed": 9, "tot_waypoints": 9}}
