{"target": -207.7114063189899, "params": {"k_pid_pos": [1.981135606765747, 0.002811133861541748, 5.960464477539063e-08], "k_pid_alt": [1.8912560939788818, 0.008416354656219482, 0.9848282337188721], "k_pid_att": [98.89315032958984, 0.09790398925542831, 0.9902013540267944], "k_pid_yaw": [0.5, 1e-06, 0.1], "k_pid_hsp": [9.49925708770752, 0.9682585000991821, 0.009108006954193115], "k_pid_vsp": [400.0, 380.1833801269531, 4.274011611938477]}, "datetime": {"datetime": "2025-08-20 20:41:06", "elapsed": 31720.599155426025, "delta": 16.87182879447937}, "costs": {"total_cost": 207.7114063189899, "time_cost": 69.984, "final_distance_cost": 1.7715879088489648, "oscillation_cost": 61.24683589593874, "completition_cost": 0.0, "overshoot_cost": 50.26845503463808, "power_cost": 12.963213439941407, "noise_cost": 11.477314039622703, "n_waypoints_completed": 9, "tot_waypoints": 9}}
{"target": -226.9594893627349, "params": {"k_pid_pos": [1.9833346605300903, 0.19351476430892944, 0.0], "k_pid_alt": [1.9308998584747314, 0.06707128882408142, 0.9934097528457642], "k_pid_att": [96.65567016601562, 0.4103650748729706, 0.9905651807785034], "k_pid_yaw": [0.5, 1e-06, 0.1], "k_pid_hsp": [9.70429801940918, 0.9315383434295654, 0.006737858057022095], "k_pid_vsp": [400.0, 389.42303466796875, 4.434848785400391]}, "datetime": {"datetime": "2025-08-20 20:41:23", "elapsed": 31737.78666615486, "delta": 17.18751072883606}, "costs": {"total_cost": 226.9594893627349, "time_cost": 78.52, "final_distance_cost": 1.7827226602953636, "oscillation_cost": 67.39505558885658, "completition_cost": 0.0, "overshoot_cost": 52.01366460905227, "power_cost": 14.46708377685547, "noise_cost": 12.78096272767519, "n_waypoints_completed": 9, "tot_waypoints": 9}}
{"target": -271.10309004635116, "params": {"k_pid_pos": [1.9723379611968994, 0.00891566276550293, 0.0], "k_pid_alt": [1.9134852886199951, 0.0117720365524292, 0.9925378561019897], "k_pid_att": [94.55216979980469, 0.40313541889190674, 0.9088284969329834], "k_pid_yaw": [0.5, 1e-06, 0.1], "k_pid_hsp": [9.855484962463379, 0.9870115518569946, 0.09946590662002563], "k_pid_vsp": [400.0, 394.1818542480469, 27.792133331298828]}, "datetime": {"datetime": "2025-08-20 20:41:39", "elapsed": 31753.812173843384, "delta": 16.02550768852234}, "costs": {"total_cost": 271.10309004635116, "time_cost": 69.256, "final_distance_cost": 1.7500776454902707, "oscillation_cost": 124.48597779101752, "completition_cost": 0.0, "overshoot_cost": 50.2585945849358, "power_cost": 13.961936022949219, "noise_cost": 11.390504001958405, "n_waypoints_completed": 9, "tot_waypoints": 9}}
{"target": -248.89692555735763, "params": {"k_pid_pos": [1.1538325548171997, 0.018783539533615112, 0.0], "k_pid_alt": [1.9171110391616821, 0.022654235363006592, 0.9802994728088379], "k_pid_att": [94.97109985351562, 0.44654354453086853, 0.9985020756721497], "k_pid_yaw": [0.5, 1e-06, 0.1], "k_pid_hsp": [9.617561340332031, 0.9776893854141235, 0.11414492130279541], "k_pid_vsp": [400.0, 393.6007080078125, 0.9451876282691956]}, "datetime": {"datetime": "2025-08-20 20:41:55", "elapsed": 31770.077815771103, "delta": 16.265641927719116}, "costs": {"total_cost": 248.89692555735763, "time_cost": 76.04, "final_distance_cost": 1.8234865469433141, "oscillation_cost": 91.97650530337593, "completition_cost": 0.0, "overshoot_cost": 51.27886653089526, "power_cost": 14.9125080078125, "noise_cost": 12.865559168330595, "n_waypoints_completed": 9, "tot_waypoints": 9}}
{"target": -277.87509733757213, "params": {"k_pid_pos": [1.9126158952713013, 0.03441774845123291, 0.0], "k_pid_alt": [1.9526909589767456, 0.135471373796463, 0.9878807663917542], "k_pid_att": [97.19210815429688, 0.17564107477664948, 0.9925072193145752], "k_pid_yaw": [0.5, 1e-06, 0.1], "k_pid_hsp": [9.951388359069824, 0.9930435419082642, 0.05085211992263794], "k_pid_vsp": [400.0, 392.9002380371094, 2.663386821746826]}, "datetime": {"datetime": "2025-08-20 20:42:18", "elapsed": 31792.885596752167, "delta": 22.807780981063843}, "costs": {"total_cost": 277.87509733757213, "time_cost": 99.008, "final_distance_cost": 1.7708586481522022, "oscillation_cost": 92.64611914374062, "completition_cost": 0.0, "overshoot_cost": 51.153023151111775, "power_cost": 17.900637817382812, "noise_cost": 15.396458577184713, "n_waypoints_completed": 9, "tot_waypoints": 9}}
{"target": -209.76549484948038, "params": {"k_pid_pos": [1.9042158126831055, 0.00811651349067688, 0.0], "k_pid_alt": [1.9846692085266113, 0.007805675268173218, 0.9797008037567139], "k_pid_att": [97.05111694335938, 0.8911113739013672, 0.9944701790809631], "k_pid_yaw": [0.5, 1e-06, 0.1], "k_pid_hsp": [9.945694923400879, 0.9754607677459717, 0.01613202691078186], "k_pid_vsp": [400.0, 395.2176513671875, 12.224007606506348]}, "datetime": {"datetime": "2025-08-20 20:42:35", "elapsed": 31810.15192437172, "delta": 17.266327619552612}, "costs": {"total_cost": 209.76549484948038, "time_cost": 69.712, "final_distance_cost": 1.7787988556630294, "oscillation_cost": 62.45012907438464, "completition_cost": 0.0, "overshoot_cost": 50.349954174103544, "power_cost": 14.072400830078125, "noise_cost": 11.40221191525102, "n_waypoints_completed": 9, "tot_waypoints": 9}}
{"target": -237.6087881653669, "params": {"k_pid_pos": [1.8617759943008423, 0.022692739963531494, 0.0], "k_pid_alt": [1.9795165061950684, 0.06390577554702759, 0.9454314708709717], "k_pid_att": [95.7142562866211, 0.6496041417121887, 0.9597525000572205], "k_pid_yaw": [0.5, 1e-06, 0.1], "k_pid_hsp": [9.520386695861816, 0.9857133030891418, 0.03813546895980835], "k_pid_vsp": [400.0, 382.967041015625, 4.074157238006592]}, "datetime": {"datetime": "2025-08-20 20:42:52", "elapsed": 31827.146794319153, "delta": 16.99486994743347}, "costs": {"total_cost": 237.6087881653669, "time_cost": 77.312, "final_distance_cost": 1.7646342705792857, "oscillation_cost": 79.5897860114158, "completition_cost": 0.0, "overshoot_cost": 51.686103600733205, "power_cost": 14.497219689941407, "noise_cost": 12.759044592697197, "n_waypoints_completed": 9, "tot_waypoints": 9}}
{"target": -221.71353819041437, "params": {"k_pid_pos": [1.579074740409851, 0.020022183656692505, 0.0], "k_pid_alt": [1.9597634077072144, 0.0472683310508728, 0.988020122051239], "k_pid_att": [94.24943542480469, 0.0487002469599247, 0.9899830222129822], "k_pid_yaw": [0.5, 1e-06, 0.1], "k_pid_hsp": [9.63477897644043, 0.9775187969207764, 0.049635112285614014], "k_pid_vsp": [396.80084228515625, 397.1800231933594, 67.18397521972656]}, "datetime": {"datetime": "2025-08-20 20:43:08", "elapsed": 31843.48768901825, "delta": 16.34089469909668}, "costs": {"total_cost": 221.71353819041437, "time_cost": 68.616, "final_distance_cost": 1.7661801500836327, "oscillation_cost": 73.18181893164996, "completition_cost": 0.0, "overshoot_cost": 50.7263159713546, "power_cost": 15.495497570800781, "noise_cost": 11.9277255665254, "n_waypoints_completed": 9, "tot_waypoints": 9}}
{"target": -234.27705299642597, "params": {"k_pid_pos": [1.9389760494232178, 0.003303617238998413, 0.0], "k_pid_alt": [1.9590649604797363, 0.008973926305770874, 0.9287481307983398], "k_pid_att": [99.38867950439453, 0.18886154890060425, 0.9935500621795654], "k_pid_yaw": [0.5, 1e-06, 0.1], "k_pid_hsp": [9.75040340423584, 0.9737263917922974, 0.07844540476799011], "k_pid_vsp": [400.0, 391.59478759765625, 13.6570463180542]}, "datetime": {"datetime": "2025-08-20 20:43:24", "elapsed": 31858.82937192917, "delta": 15.34168291091919}, "costs": {"total_cost": 234.27705299642597, "time_cost": 69.376, "final_distance_cost": 1.7209393866570577, "oscillation_cost": 88.57649005945294, "completition_cost": 0.0, "overshoot_cost": 50.35068898133609, "power_cost": 13.116831506347657, "noise_cost": 11.13610306263222, "n_waypoints_completed": 9, "tot_waypoints": 9}}
{"target": -209.24990056758958, "params": {"k_pid_pos": [1.8664716482162476, 0.021019399166107178, 0.0], "k_pid_alt": [1.9637911319732666, 0.030776143074035645, 0.980610728263855], "k_pid_att": [99.76802825927734, 0.16081009805202484, 0.9356911778450012], "k_pid_yaw": [0.5, 1e-06, 0.1], "k_pid_hsp": [9.868656158447266, 0.9499436616897583, 0.006330162286758423], "k_pid_vsp": [400.0, 383.99261474609375, 6.017673969268799]}, "datetime": {"datetime": "2025-08-20 20:43:40", "elapsed": 31875.097767829895, "delta": 16.26839590072632}, "costs": {"total_cost": 209.24990056758958, "time_cost": 69.592, "final_distance_cost": 1.723805204990735, "oscillation_cost": 63.517395706829134, "completition_cost": 0.0, "overshoot_cost": 50.2628867070441, "power_cost": 12.832095910644531, "noise_cost": 11.321717038081067, "n_waypoints_completed": 9, "tot_waypoints": 9}}
{"target": -211.79195079892833, "params": {"k_pid_pos": [1.9534227848052979, 0.07450169324874878, 0.0], "k_pid_alt": [1.849030613899231, 0.004563957452774048, 0.9706177711486816], "k_pid_att": [98.08413696289062, 0.15158607065677643, 0.9780523180961609], "k_pid_yaw": [0.5, 1e-06, 0.1], "k_pid_hsp": [9.940370559692383, 0.9609940052032471, 0.027459532022476196], "k_pid_vsp": [400.0, 347.650634765625, 8.127809524536133]}, "datetime": {"datetime": "2025-08-20 20:43:55", "elapsed": 31890.276784658432, "delta": 15.179016828536987}, "costs": {"total_cost": 211.79195079892833, "time_cost": 70.272, "final_distance_cost": 1.7892263695534132, "oscillation_cost": 64.46696416599319, "completition_cost": 0.0, "overshoot_cost": 50.34563647410339, "power_cost": 13.349029907226564, "noise_cost": 11.569093882051718, "n_waypoints_completed": 9, "tot_waypoints": 9}}
{"target": -214.31120805244967, "params": {"k_pid_pos": [1.9526221752166748, 0.00885707139968872, 0.0], "k_pid_alt": [1.9451985359191895, 0.0029688477516174316, 0.9983136057853699], "k_pid_att": [91.48697662353516, 0.13138507306575775, 0.9918371438980103], "k_pid_yaw": [0.5, 1e-06, 0.1], "k_pid_hsp": [9.840935707092285, 0.9736711978912354, 0.019606202840805054], "k_pid_vsp": [400.0, 398.1082763671875, 19.88576889038086]}, "datetime": {"datetime": "2025-08-20 20:44:13", "elapsed": 31907.977979660034, "delta": 17.701195001602173}, "costs": {"total_cost": 214.31120805244967, "time_cost": 69.696, "final_distance_cost": 1.7735141341307972, "oscillation_cost": 63.24965749397568, "completition_cost": 0.0, "overshoot_cost": 49.85996753358979, "power_cost": 16.941587304687502, "noise_cost": 12.79048158606594, "n_waypoints_completed": 9, "tot_waypoints": 9}}
{"target": -215.13407382896298, "params": {"k_pid_pos": [1.9542858600616455, 0.003988474607467651, 0.0], "k_pid_alt": [1.992274522781372, 0.030482858419418335, 0.981689453125], "k_pid_att": [94.39822387695312, 0.7936820387840271, 0.9765602946281433], "k_pid_yaw": [0.5, 1e-06, 0.1], "k_pid_hsp": [9.279688835144043, 0.9975422620773315, 0.02558615803718567], "k_pid_vsp": [400.0, 393.570556640625, 1.83160400390625]}, "datetime": {"datetime": "2025-08-20 20:44:30", "elapsed": 31924.498604297638, "delta": 16.52062463760376}, "costs": {"total_cost": 215.13407382896298, "time_cost": 69.57600000000001, "final_distance_cost": 1.7908955555737944, "oscillation_cost": 69.17839673517524, "completition_cost": 0.0, "overshoot_cost": 50.11273933908601, "power_cost": 12.998962268066407, "noise_cost": 11.477079931061537, "n_waypoints_completed": 9, "tot_waypoints": 9}}
{"target": -216.76744415171476, "params": {"k_pid_pos": [1.9573613405227661, 0.021544039249420166, 6.943941116333008e-06], "k_pid_alt": [1.9831583499908447, 0.007942378520965576, 0.8612344264984131], "k_pid_att": [97.81964874267578, 0.48853161931037903, 0.9766122102737427], "k_pid_yaw": [0.5, 1e-06, 0.1], "k_pid_hsp": [9.885542869567871, 0.9857392907142639, 0.01796087622642517], "k_pid_vsp": [400.0, 390.4444274902344, 4.716480731964111]}, "datetime": {"datetime": "2025-08-20 20:44:47", "elapsed": 31942.17133450508, "delta": 17.672730207443237}, "costs": {"total_cost": 216.76744415171476, "time_cost": 69.728, "final_distance_cost": 1.7327107690729135, "oscillation_cost": 70.19884185379246, "completition_cost": 0.0, "overshoot_cost": 50.38469347126105, "power_cost": 13.148101013183595, "noise_cost": 11.57509704440475, "n_waypoints_completed": 9, "tot_waypoints": 9}}
{"target": -239.29339600793443, "params": {"k_pid_pos": [1.9827073812484741, 0.019279271364212036, 0.0], "k_pid_alt": [1.9871103763580322, 0.018260300159454346, 0.9714789390563965], "k_pid_att": [98.49482727050781, 0.13972248136997223, 0.9964584708213806], "k_pid_yaw": [0.5, 1e-06, 0.1], "k_pid_hsp": [9.902939796447754, 0.9479342699050903, 0.08108499646186829], "k_pid_vsp": [396.3044128417969, 395.4455261230469, 20.414758682250977]}, "datetime": {"datetime": "2025-08-20 20:45:02", "elapsed": 31956.78680372238, "delta": 14.615469217300415}, "costs": {"total_cost": 239.29339600793443, "time_cost": 69.336, "final_distance_cost": 1.7665514271135976, "oscillation_cost": 91.89208825164569, "completition_cost": 0.0, "overshoot_cost": 50.56264634222999, "power_cost": 14.134981530761719, "noise_cost": 11.601128456183448, "n_waypoints_completed": 9, "tot_waypoints": 9}}
{"target": -216.77481942797064, "params": {"k_pid_pos": [1.9642789363861084, 0.10952699184417725, 0.0], "k_pid_alt": [1.8597557544708252, 0.035293132066726685, 0.9863640666007996], "k_pid_att": [99.09483337402344, 0.14811891317367554, 0.9563824534416199], "k_pid_yaw": [0.5, 1e-06, 0.1], "k_pid_hsp": [9.917526245117188, 0.9706430435180664, 0.006628215312957764], "k_pid_vsp": [400.0, 397.34075927734375, 13.412405014038086]}, "datetime": {"datetime": "2025-08-20 20:45:18", "elapsed": 31973.044236898422, "delta": 16.25743317604065}, "costs": {"total_cost": 216.77481942797064, "time_cost": 70.152, "final_distance_cost": 1.7658666492771862, "oscillation_cost": 64.3373229953855, "completition_cost": 0.0, "overshoot_cost": 51.050437977714914, "power_cost": 16.719372021484375, "noise_cost": 12.749819784108665, "n_waypoints_completed": 9, "tot_waypoints": 9}}
{"target": -210.54063423482432, "params": {"k_pid_pos": [1.9366120100021362, 0.05947193503379822, 0.0], "k_pid_alt": [1.9800306558609009, 0.032842397689819336, 0.9752874374389648], "k_pid_att": [99.84847259521484, 0.4153461754322052, 0.8608620762825012], "k_pid_yaw": [0.5, 1e-06, 0.1], "k_pid_hsp": [9.862985610961914, 0.9223648309707642, 0.01700839400291443], "k_pid_vsp": [400.0, 397.59368896484375, 6.1146626472473145]}, "datetime": {"datetime": "2025-08-20 20:45:34", "elapsed": 31988.623607873917, "delta": 15.579370975494385}, "costs": {"total_cost": 210.54063423482432, "time_cost": 69.72, "final_distance_cost": 1.7207549113271061, "oscillation_cost": 64.28435841935222, "completition_cost": 0.0, "overshoot_cost": 50.138693981285996, "power_cost": 13.1040603515625, "noise_cost": 11.572766571296475, "n_waypoints_completed": 9, "tot_waypoints": 9}}
{"target": -216.8890833144098, "params": {"k_pid_pos": [1.9661505222320557, 0.04416206479072571, 0.0], "k_pid_alt": [1.7446582317352295, 0.012979626655578613, 0.9496653079986572], "k_pid_att": [99.6811294555664, 0.5406705737113953, 0.9837590456008911], "k_pid_yaw": [0.5, 1e-06, 0.1], "k_pid_hsp": [9.35130786895752, 0.9683918952941895, 0.02917620539665222], "k_pid_vsp": [400.0, 391.10137939453125, 2.593136787414551]}, "datetime": {"datetime": "2025-08-20 20:45:50", "elapsed": 32005.165647029877, "delta": 16.542039155960083}, "costs": {"total_cost": 216.8890833144098, "time_cost": 70.08800000000001, "final_distance_cost": 1.746041108753861, "oscillation_cost": 70.77077590591813, "completition_cost": 0.0, "overshoot_cost": 49.69819721486634, "power_cost": 13.012026208496094, "noise_cost": 11.574042876375369, "n_waypoints_completed": 9, "tot_waypoints": 9}}
{"target": -227.5523877593645, "params": {"k_pid_pos": [1.9266465902328491, 0.026681482791900635, 0.0], "k_pid_alt": [1.9520986080169678, 0.006716936826705933, 0.9286972880363464], "k_pid_att": [99.74918365478516, 0.35832032561302185, 0.9953852891921997], "k_pid_yaw": [0.5, 1e-06, 0.1], "k_pid_hsp": [9.676297187805176, 0.9959046840667725, 0.009786725044250488], "k_pid_vsp": [400.0, 381.1741943359375, 8.720959663391113]}, "datetime": {"datetime": "2025-08-20 20:46:06", "elapsed": 32021.22519493103, "delta": 16.059547901153564}, "costs": {"total_cost": 227.5523877593645, "time_cost": 69.768, "final_distance_cost": 1.7744420467796962, "oscillation_cost": 78.36457933064949, "completition_cost": 0.0, "overshoot_cost": 50.751681068823636, "power_cost": 14.68440975341797, "noise_cost": 12.209275559693685, "n_waypoints_completed": 9, "tot_waypoints": 9}}
{"target": -228.25212950205037, "params": {"k_pid_pos": [1.9937046766281128, 0.03983026742935181, 0.0], "k_pid_alt": [1.9858357906341553, 0.019914865493774414, 0.9815897941589355], "k_pid_att": [98.94002532958984, 0.0653562992811203, 0.9974396228790283], "k_pid_yaw": [0.5, 1e-06, 0.1], "k_pid_hsp": [9.78128719329834, 0.9976921677589417, 0.05259236693382263], "k_pid_vsp": [400.0, 387.8211364746094, 6.490303039550781]}, "datetime": {"datetime": "2025-08-20 20:46:22", "elapsed": 32037.292526483536, "delta": 16.067331552505493}, "costs": {"total_cost": 228.25212950205037, "time_cost": 69.944, "final_distance_cost": 1.7317989451959996, "oscillation_cost": 81.01422612013083, "completition_cost": 0.0, "overshoot_cost": 50.671957946663696, "power_cost": 13.239370007324219, "noise_cost": 11.6507764827356, "n_waypoints_completed": 9, "tot_waypoints": 9}}
{"target": -239.22600305490815, "params": {"k_pid_pos": [1.9934591054916382, 0.06608739495277405, 5.8591365814208984e-05], "k_pid_alt": [1.878962755203247, 0.0062340497970581055, 0.980979859828949], "k_pid_att": [97.78455352783203, 0.39297083020210266, 0.9674532413482666], "k_pid_yaw": [0.5, 1e-06, 0.1], "k_pid_hsp": [9.954446792602539, 0.9794682264328003, 0.0269584059715271], "k_pid_vsp": [400.0, 390.04754638671875, 8.88940143585205]}, "datetime": {"datetime": "2025-08-20 20:46:38", "elapsed": 32053.490741968155, "delta": 16.19821548461914}, "costs": {"total_cost": 239.22600305490815, "time_cost": 70.224, "final_distance_cost": 1.7601121184015933, "oscillation_cost": 91.1603536984275, "completition_cost": 0.0, "overshoot_cost": 50.18165170047086, "power_cost": 13.932146459960938, "noise_cost": 11.967739077647249, "n_waypoints_completed": 9, "tot_waypoints": 9}}
{"target": -208.70854113754532, "params": {"k_pid_pos": [1.9857747554779053, 0.011905550956726074, 1.4901161193847656e-07], "k_pid_alt": [1.99021315574646, 0.00672873854637146, 0.9954116344451904], "k_pid_att": [97.39799499511719, 0.10216031223535538, 0.9472092390060425], "k_pid_yaw": [0.5, 1e-06, 0.1], "k_pid_hsp": [9.741750717163086, 0.9909230470657349, 0.005305439233779907], "k_pid_vsp": [400.0, 391.52728271484375, 1.5496501922607422]}, "datetime": {"datetime": "2025-08-20 20:46:54", "elapsed": 32068.85986971855, "delta": 15.369127750396729}, "costs": {"total_cost": 208.70854113754532, "time_cost": 69.936, "final_distance_cost": 1.7685856466172594, "oscillation_cost": 62.55924992690153, "completition_cost": 0.0, "overshoot_cost": 50.03811689884902, "power_cost": 12.946738195800782, "noise_cost": 11.45985046937674, "n_waypoints_completed": 9, "tot_waypoints": 9}}
{"target": -220.89740820181245, "params": {"k_pid_pos": [1.983486533164978, 0.002654463052749634, 0.0], "k_pid_alt": [1.9134535789489746, 0.019121497869491577, 0.8882142305374146], "k_pid_att": [98.25823974609375, 0.2279457151889801, 0.9230988621711731], "k_pid_yaw": [0.5, 1e-06, 0.1], "k_pid_hsp": [9.907691955566406, 0.9908084869384766, 0.03229522705078125], "k_pid_vsp": [400.0, 389.6673278808594, 5.211544990539551]}, "datetime": {"datetime": "2025-08-20 20:47:11", "elapsed": 32086.017518758774, "delta": 17.157649040222168}, "costs": {"total_cost": 220.89740820181245, "time_cost": 69.712, "final_distance_cost": 1.7790896806557341, "oscillation_cost": 73.96094234053385, "completition_cost": 0.0, "overshoot_cost": 50.91377698825705, "power_cost": 13.016213525390626, "noise_cost": 11.515385666975222, "n_waypoints_completed": 9, "tot_waypoints": 9}}
{"target": -235.07930677564426, "params": {"k_pid_pos": [1.9395164251327515, 0.026461780071258545, 0.0], "k_pid_alt": [1.9898383617401123, 0.012268304824829102, 0.9268836975097656], "k_pid_att": [99.65323638916016, 0.1780642718076706, 0.9807467460632324], "k_pid_yaw": [0.5, 1e-06, 0.1], "k_pid_hsp": [9.674439430236816, 0.9486197829246521, 0.05819264054298401], "k_pid_vsp": [399.9964294433594, 397.5411376953125, 9.129668235778809]}, "datetime": {"datetime": "2025-08-20 20:47:27", "elapsed": 32101.656747341156, "delta": 15.639228582382202}, "costs": {"total_cost": 235.07930677564426, "time_cost": 69.544, "final_distance_cost": 1.7237408308728805, "oscillation_cost": 88.63273628708588, "completition_cost": 0.0, "overshoot_cost": 50.04511969051955, "power_cost": 13.494173303222658, "noise_cost": 11.639536663943302, "n_waypoints_completed": 9, "tot_waypoints": 9}}
{"target": -262.82456581982933, "params": {"k_pid_pos": [1.928452491760254, 0.004917412996292114, 0.0], "k_pid_alt": [1.9428819417953491, 0.09432637691497803, 0.597776472568512], "k_pid_att": [97.93103790283203, 0.1599246859550476, 0.9717472195625305], "k_pid_yaw": [0.5, 1e-06, 0.1], "k_pid_hsp": [9.607004165649414, 0.9566493034362793, 0.007897824048995972], "k_pid_vsp": [400.0, 396.2469482421875, 53.45819091796875]}, "datetime": {"datetime": "2025-08-20 20:47:49", "elapsed": 32124.138534784317, "delta": 22.48178744316101}, "costs": {"total_cost": 262.82456581982933, "time_cost": 95.952, "final_distance_cost": 1.7661794294784061, "oscillation_cost": 85.19415486045173, "completition_cost": 0.0, "overshoot_cost": 51.41530283018947, "power_cost": 15.714769763183595, "noise_cost": 12.782158936526137, "n_waypoints_completed": 9, "tot_waypoints": 9}}
