{"target": -227.7390956747706, "params": {"k_pid_pos": [1.8409453630447388, 0.0041297078132629395, 0.0], "k_pid_alt": [1.9257330894470215, 0.04714268445968628, 0.9747211933135986], "k_pid_att": [69.8461685180664, 0.25719013810157776, 0.9554904103279114], "k_pid_yaw": [0.5, 1e-06, 0.1], "k_pid_hsp": [9.92987060546875, 0.9865813851356506, 0.060961365699768066], "k_pid_vsp": [400.0, 351.318115234375, 1.7162809371948242]}, "datetime": {"datetime": "2025-08-20 16:21:29", "elapsed": 16144.45351600647, "delta": 15.43556809425354}, "costs": {"total_cost": 227.7390956747706, "time_cost": 69.12, "final_distance_cost": 1.7858740634938506, "oscillation_cost": 81.56324745184403, "completition_cost": 0.0, "overshoot_cost": 50.46778849050411, "power_cost": 13.204156323242188, "noise_cost": 11.598029345686388, "n_waypoints_completed": 9, "tot_waypoints": 9}}
{"target": -297.09868979069665, "params": {"k_pid_pos": [1.9793586730957031, 0.13881099224090576, 0.0], "k_pid_alt": [1.8948352336883545, 0.0313510000705719, 0.9749569296836853], "k_pid_att": [97.1162109375, 1.9248464107513428, 0.9476318359375], "k_pid_yaw": [0.5, 1e-06, 0.1], "k_pid_hsp": [9.54383373260498, 0.9609386920928955, 0.23547133803367615], "k_pid_vsp": [398.46563720703125, 348.50811767578125, 4.645777702331543]}, "datetime": {"datetime": "2025-08-20 16:21:45", "elapsed": 16159.827273845673, "delta": 15.37375783920288}, "costs": {"total_cost": 297.09868979069665, "time_cost": 70.168, "final_distance_cost": 1.7199992825448853, "oscillation_cost": 147.48495062436686, "completition_cost": 0.0, "overshoot_cost": 51.07720646035976, "power_cost": 14.446276501464844, "noise_cost": 12.202256921960293, "n_waypoints_completed": 9, "tot_waypoints": 9}}
{"target": -206.76154699819986, "params": {"k_pid_pos": [1.5723599195480347, 0.17712897062301636, 0.0], "k_pid_alt": [1.607120156288147, 0.041224509477615356, 0.9810850620269775], "k_pid_att": [86.72620391845703, 0.11649896204471588, 0.9249802827835083], "k_pid_yaw": [0.5, 1e-06, 0.1], "k_pid_hsp": [9.530915260314941, 0.9876326322555542, 0.019099116325378418], "k_pid_vsp": [399.97943115234375, 393.867431640625, 31.32591438293457]}, "datetime": {"datetime": "2025-08-20 16:22:01", "elapsed": 16175.888486862183, "delta": 16.06121301651001}, "costs": {"total_cost": 206.76154699819986, "time_cost": 69.776, "final_distance_cost": 1.7417486407548812, "oscillation_cost": 58.25588880567917, "completition_cost": 0.0, "overshoot_cost": 50.01170961187942, "power_cost": 15.197022778320314, "noise_cost": 11.779177161566107, "n_waypoints_completed": 9, "tot_waypoints": 9}}
{"target": -252.34178031156588, "params": {"k_pid_pos": [1.8760325908660889, 0.014453500509262085, 1.0], "k_pid_alt": [1.7390789985656738, 0.018161088228225708, 0.9348357319831848], "k_pid_att": [97.93811798095703, 0.38635149598121643, 0.9872161149978638], "k_pid_yaw": [0.5, 1e-06, 0.1], "k_pid_hsp": [9.835445404052734, 0.9683437347412109, 0.018229395151138306], "k_pid_vsp": [392.9498596191406, 396.4557189941406, 9.864045143127441]}, "datetime": {"datetime": "2025-08-20 16:22:17", "elapsed": 16191.53102016449, "delta": 15.642533302307129}, "costs": {"total_cost": 252.34178031156588, "time_cost": 70.232, "final_distance_cost": 1.8488783874635917, "oscillation_cost": 104.44685857636523, "completition_cost": 0.0, "overshoot_cost": 50.06122736168624, "power_cost": 13.608457287597657, "noise_cost": 12.144358698453166, "n_waypoints_completed": 9, "tot_waypoints": 9}}
{"target": -248.24229671739135, "params": {"k_pid_pos": [1.6429649591445923, 0.12467753887176514, 0.4151449501514435], "k_pid_alt": [1.7184662818908691, 0.022648364305496216, 0.9741635322570801], "k_pid_att": [97.97235870361328, 0.177545428276062, 0.9552826881408691], "k_pid_yaw": [0.5, 1e-06, 0.1], "k_pid_hsp": [9.272530555725098, 0.9872274398803711, 0.06639838218688965], "k_pid_vsp": [399.9825134277344, 375.8441467285156, 32.96006774902344]}, "datetime": {"datetime": "2025-08-20 16:22:32", "elapsed": 16207.440028429031, "delta": 15.909008264541626}, "costs": {"total_cost": 248.24229671739135, "time_cost": 72.568, "final_distance_cost": 1.8168564198177968, "oscillation_cost": 97.45404768015165, "completition_cost": 0.0, "overshoot_cost": 51.17873378789184, "power_cost": 13.576900012207032, "noise_cost": 11.647758817323021, "n_waypoints_completed": 9, "tot_waypoints": 9}}
{"target": -225.25257759827255, "params": {"k_pid_pos": [1.8514819145202637, 0.13421553373336792, 0.00023633241653442383], "k_pid_alt": [1.3663146495819092, 0.051953524351119995, 0.9877086877822876], "k_pid_att": [95.24150085449219, 0.30326345562934875, 0.9841092824935913], "k_pid_yaw": [0.5, 1e-06, 0.1], "k_pid_hsp": [9.701390266418457, 0.8662254810333252, 0.008306533098220825], "k_pid_vsp": [400.0, 362.82342529296875, 31.535985946655273]}, "datetime": {"datetime": "2025-08-20 16:22:50", "elapsed": 16224.690964698792, "delta": 17.250936269760132}, "costs": {"total_cost": 225.25257759827255, "time_cost": 77.176, "final_distance_cost": 1.746078683810742, "oscillation_cost": 65.50722886310533, "completition_cost": 0.0, "overshoot_cost": 51.411430121291424, "power_cost": 16.59589039306641, "noise_cost": 12.815949536998671, "n_waypoints_completed": 9, "tot_waypoints": 9}}
{"target": -211.1451831916548, "params": {"k_pid_pos": [1.9654674530029297, 0.026844114065170288, 0.0], "k_pid_alt": [1.8937602043151855, 0.019033432006835938, 0.98914635181427], "k_pid_att": [87.82676696777344, 0.30632591247558594, 0.9726420640945435], "k_pid_yaw": [0.5, 1e-06, 0.1], "k_pid_hsp": [9.41600513458252, 0.9919948577880859, 0.012187391519546509], "k_pid_vsp": [400.0, 364.98553466796875, 4.482067584991455]}, "datetime": {"datetime": "2025-08-20 16:23:06", "elapsed": 16240.53642129898, "delta": 15.845456600189209}, "costs": {"total_cost": 211.1451831916548, "time_cost": 69.96000000000001, "final_distance_cost": 1.7294391976505392, "oscillation_cost": 64.46680643653494, "completition_cost": 0.0, "overshoot_cost": 50.62322010263931, "power_cost": 12.898746423339844, "noise_cost": 11.466971031490154, "n_waypoints_completed": 9, "tot_waypoints": 9}}
{"target": -250.88386336669902, "params": {"k_pid_pos": [1.957641363143921, 0.07842731475830078, 0.007583320140838623], "k_pid_alt": [1.9854859113693237, 0.0197257399559021, 0.9596318006515503], "k_pid_att": [87.5763168334961, 0.20614643394947052, 0.9935443997383118], "k_pid_yaw": [0.5, 1e-06, 0.1], "k_pid_hsp": [9.47116470336914, 0.8746647834777832, 0.06506335735321045], "k_pid_vsp": [399.6136169433594, 395.74566650390625, 69.60093688964844]}, "datetime": {"datetime": "2025-08-20 16:23:21", "elapsed": 16256.03114104271, "delta": 15.494719743728638}, "costs": {"total_cost": 250.88386336669902, "time_cost": 69.08800000000001, "final_distance_cost": 1.7190717528480348, "oscillation_cost": 100.91155030326257, "completition_cost": 0.0, "overshoot_cost": 50.49768002171275, "power_cost": 16.22634617919922, "noise_cost": 12.4412151096764, "n_waypoints_completed": 9, "tot_waypoints": 9}}
{"target": -278.8556023070708, "params": {"k_pid_pos": [1.7830270528793335, 0.059361010789871216, 0.0], "k_pid_alt": [1.8717591762542725, 0.41026240587234497, 0.9615029692649841], "k_pid_att": [99.16478729248047, 0.008770004846155643, 0.904111385345459], "k_pid_yaw": [0.5, 1e-06, 0.1], "k_pid_hsp": [9.817315101623535, 0.9773383140563965, 0.05899229645729065], "k_pid_vsp": [399.9998474121094, 290.35760498046875, 8.968342781066895]}, "datetime": {"datetime": "2025-08-20 16:23:42", "elapsed": 16276.79329609871, "delta": 20.762155055999756}, "costs": {"total_cost": 278.8556023070708, "time_cost": 94.424, "final_distance_cost": 1.7606190562138864, "oscillation_cost": 96.2761511028366, "completition_cost": 0.0, "overshoot_cost": 53.35568978919191, "power_cost": 17.96543563232422, "noise_cost": 15.073706726504215, "n_waypoints_completed": 9, "tot_waypoints": 9}}
{"target": -236.04393291244364, "params": {"k_pid_pos": [1.5268357992172241, 0.00606691837310791, 0.0], "k_pid_alt": [1.5759596824645996, 0.010632514953613281, 0.9388181567192078], "k_pid_att": [98.40606689453125, 2.0639960765838623, 0.9751248955726624], "k_pid_yaw": [0.5, 1e-06, 0.1], "k_pid_hsp": [9.26441764831543, 0.9845454692840576, 0.11293670535087585], "k_pid_vsp": [399.9992980957031, 377.6878967285156, 8.32567310333252]}, "datetime": {"datetime": "2025-08-20 16:23:58", "elapsed": 16292.53891134262, "delta": 15.745615243911743}, "costs": {"total_cost": 236.04393291244364, "time_cost": 69.152, "final_distance_cost": 1.7659087558534834, "oscillation_cost": 89.85552866282731, "completition_cost": 0.0, "overshoot_cost": 50.00208588587583, "power_cost": 13.550167919921876, "noise_cost": 11.71824168796512, "n_waypoints_completed": 9, "tot_waypoints": 9}}
{"target": -244.83104951830364, "params": {"k_pid_pos": [1.8968433141708374, 0.032610952854156494, 2.9802322387695312e-08], "k_pid_alt": [1.8355478048324585, 0.07758456468582153, 0.9365615844726562], "k_pid_att": [63.250022888183594, 0.996054470539093, 0.9501752853393555], "k_pid_yaw": [0.5, 1e-06, 0.1], "k_pid_hsp": [9.797120094299316, 0.9739142656326294, 0.025248348712921143], "k_pid_vsp": [399.9672546386719, 372.2436828613281, 2.0210514068603516]}, "datetime": {"datetime": "2025-08-20 16:24:15", "elapsed": 16310.078466415405, "delta": 17.539555072784424}, "costs": {"total_cost": 244.83104951830364, "time_cost": 81.376, "final_distance_cost": 1.795376589555304, "oscillation_cost": 81.27239489378007, "completition_cost": 0.0, "overshoot_cost": 52.24676181729575, "power_cost": 14.94905350341797, "noise_cost": 13.191462714254559, "n_waypoints_completed": 9, "tot_waypoints": 9}}
{"target": -289.52644199939743, "params": {"k_pid_pos": [1.9121437072753906, 0.2527139484882355, 0.9999884963035583], "k_pid_alt": [1.8921246528625488, 0.11716526746749878, 0.9854905605316162], "k_pid_att": [93.94132232666016, 0.9486519694328308, 0.9774197936058044], "k_pid_yaw": [0.5, 1e-06, 0.1], "k_pid_hsp": [9.93166732788086, 0.9912282228469849, 0.011582553386688232], "k_pid_vsp": [400.0, 371.8944091796875, 7.22936487197876]}, "datetime": {"datetime": "2025-08-20 16:24:35", "elapsed": 16330.045693397522, "delta": 19.9672269821167}, "costs": {"total_cost": 289.52644199939743, "time_cost": 87.376, "final_distance_cost": 1.7752380024213292, "oscillation_cost": 118.92355871142335, "completition_cost": 0.0, "overshoot_cost": 51.22470053655267, "power_cost": 16.220144787597658, "noise_cost": 14.00679996140239, "n_waypoints_completed": 9, "tot_waypoints": 9}}
{"target": -254.92378023154544, "params": {"k_pid_pos": [1.9180829524993896, 0.10399717092514038, 0.0955619215965271], "k_pid_alt": [1.939683437347412, 0.06773728132247925, 0.9449072480201721], "k_pid_att": [96.83135986328125, 0.07673054188489914, 0.9557538032531738], "k_pid_yaw": [0.5, 1e-06, 0.1], "k_pid_hsp": [9.794988632202148, 0.8035111427307129, 0.038747429847717285], "k_pid_vsp": [398.1635437011719, 385.4478759765625, 12.693989753723145]}, "datetime": {"datetime": "2025-08-20 16:24:53", "elapsed": 16347.88025546074, "delta": 17.834562063217163}, "costs": {"total_cost": 254.92378023154544, "time_cost": 77.696, "final_distance_cost": 1.788798356265812, "oscillation_cost": 95.68350319385853, "completition_cost": 0.0, "overshoot_cost": 52.042609254924564, "power_cost": 15.194993554687501, "noise_cost": 12.517875871809013, "n_waypoints_completed": 9, "tot_waypoints": 9}}
{"target": -312.6358328791732, "params": {"k_pid_pos": [1.7985516786575317, 0.04798096418380737, 0.0], "k_pid_alt": [1.848897933959961, 0.10915729403495789, 0.8556840419769287], "k_pid_att": [92.27391815185547, 0.09979641437530518, 0.9908918142318726], "k_pid_yaw": [0.5, 1e-06, 0.1], "k_pid_hsp": [9.36238956451416, 0.9582616090774536, 0.09526628255844116], "k_pid_vsp": [400.0, 371.5794677734375, 6.077981948852539]}, "datetime": {"datetime": "2025-08-20 16:25:17", "elapsed": 16372.08899307251, "delta": 24.20873761177063}, "costs": {"total_cost": 312.6358328791732, "time_cost": 98.272, "final_distance_cost": 1.7912623809367512, "oscillation_cost": 125.966450409783, "completition_cost": 0.0, "overshoot_cost": 51.73271940596884, "power_cost": 18.951637048339844, "noise_cost": 15.921763634144776, "n_waypoints_completed": 9, "tot_waypoints": 9}}
{"target": -212.4150747704425, "params": {"k_pid_pos": [1.9340400695800781, 0.06605896353721619, 0.0], "k_pid_alt": [1.9534826278686523, 0.008881151676177979, 0.9889817833900452], "k_pid_att": [80.88780975341797, 0.5286174416542053, 0.9780014753341675], "k_pid_yaw": [0.5, 1e-06, 0.1], "k_pid_hsp": [8.335036277770996, 0.9172815084457397, 0.0375022292137146], "k_pid_vsp": [227.48611450195312, 387.3213806152344, 22.817136764526367]}, "datetime": {"datetime": "2025-08-20 16:25:32", "elapsed": 16387.11265063286, "delta": 15.02365756034851}, "costs": {"total_cost": 212.4150747704425, "time_cost": 69.60000000000001, "final_distance_cost": 1.7575606575549432, "oscillation_cost": 62.6545328365706, "completition_cost": 0.0, "overshoot_cost": 50.843728548476705, "power_cost": 15.426255615234377, "noise_cost": 12.132997112605867, "n_waypoints_completed": 9, "tot_waypoints": 9}}
{"target": -238.80064487250243, "params": {"k_pid_pos": [1.9189733266830444, 0.05550038814544678, 7.361173629760742e-06], "k_pid_alt": [1.9952847957611084, 0.01568657159805298, 0.9863280057907104], "k_pid_att": [72.65745544433594, 0.6179656982421875, 0.9703795909881592], "k_pid_yaw": [0.5, 1e-06, 0.1], "k_pid_hsp": [9.753206253051758, 0.8225451707839966, 0.09123790264129639], "k_pid_vsp": [400.0, 329.1562194824219, 28.783037185668945]}, "datetime": {"datetime": "2025-08-20 16:25:47", "elapsed": 16402.24900484085, "delta": 15.136354207992554}, "costs": {"total_cost": 238.80064487250243, "time_cost": 69.128, "final_distance_cost": 1.7343739527251616, "oscillation_cost": 91.73392276092508, "completition_cost": 0.0, "overshoot_cost": 49.66491099563472, "power_cost": 14.830388745117189, "noise_cost": 11.709048418100286, "n_waypoints_completed": 9, "tot_waypoints": 9}}
{"target": -213.49986827442794, "params": {"k_pid_pos": [1.9576199054718018, 0.05400395393371582, 1.8775463104248047e-05], "k_pid_alt": [1.9841806888580322, 0.02887377142906189, 0.9837071895599365], "k_pid_att": [94.38068389892578, 0.6045872569084167, 0.9577430486679077], "k_pid_yaw": [0.5, 1e-06, 0.1], "k_pid_hsp": [9.87376880645752, 0.9935028553009033, 0.023268312215805054], "k_pid_vsp": [400.0, 391.6083679199219, 12.291516304016113]}, "datetime": {"datetime": "2025-08-20 16:26:03", "elapsed": 16418.096249341965, "delta": 15.847244501113892}, "costs": {"total_cost": 213.49986827442794, "time_cost": 69.712, "final_distance_cost": 1.714623767667734, "oscillation_cost": 67.7236888048208, "completition_cost": 0.0, "overshoot_cost": 50.931041332528395, "power_cost": 12.60997998046875, "noise_cost": 10.808534388942268, "n_waypoints_completed": 9, "tot_waypoints": 9}}
{"target": -222.54400142180066, "params": {"k_pid_pos": [1.9665846824645996, 0.3071554899215698, 0.0], "k_pid_alt": [1.961341142654419, 0.015645384788513184, 0.9881702065467834], "k_pid_att": [90.67430877685547, 0.07677345722913742, 0.9736349582672119], "k_pid_yaw": [0.5, 1e-06, 0.1], "k_pid_hsp": [9.614028930664062, 0.967720627784729, 0.03449028730392456], "k_pid_vsp": [400.0, 347.7431335449219, 24.0924129486084]}, "datetime": {"datetime": "2025-08-20 16:26:19", "elapsed": 16433.596086025238, "delta": 15.499836683273315}, "costs": {"total_cost": 222.54400142180066, "time_cost": 71.168, "final_distance_cost": 1.7342978666963962, "oscillation_cost": 72.18885847153777, "completition_cost": 0.0, "overshoot_cost": 51.11889715640795, "power_cost": 14.493722302246095, "noise_cost": 11.840225624912478, "n_waypoints_completed": 9, "tot_waypoints": 9}}
{"target": -216.39312575623327, "params": {"k_pid_pos": [0.9757431149482727, 0.007538855075836182, 0.0], "k_pid_alt": [1.9764597415924072, 0.06194522976875305, 0.9782532453536987], "k_pid_att": [99.19229888916016, 1.5890825986862183, 0.9885197281837463], "k_pid_yaw": [0.5, 1e-06, 0.1], "k_pid_hsp": [9.969090461730957, 0.90842604637146, 0.02834436297416687], "k_pid_vsp": [400.0, 396.5654296875, 9.982884407043457]}, "datetime": {"datetime": "2025-08-20 16:26:36", "elapsed": 16450.630989074707, "delta": 17.034903049468994}, "costs": {"total_cost": 216.39312575623327, "time_cost": 75.792, "final_distance_cost": 1.8305000039467574, "oscillation_cost": 59.59539984968074, "completition_cost": 0.0, "overshoot_cost": 50.86896085773486, "power_cost": 15.276141137695314, "noise_cost": 13.030123907175613, "n_waypoints_completed": 9, "tot_waypoints": 9}}
{"target": -362.20150326973067, "params": {"k_pid_pos": [1.9326860904693604, 0.012130260467529297, 0.9999936819076538], "k_pid_alt": [1.9297053813934326, 0.11924028396606445, 0.9877334237098694], "k_pid_att": [95.7759780883789, 0.21637925505638123, 0.9770871996879578], "k_pid_yaw": [0.5, 1e-06, 0.1], "k_pid_hsp": [9.655730247497559, 0.987557053565979, 0.030438721179962158], "k_pid_vsp": [399.9975891113281, 391.3794860839844, 43.997047424316406]}, "datetime": {"datetime": "2025-08-20 16:26:55", "elapsed": 16470.172714710236, "delta": 19.541725635528564}, "costs": {"total_cost": 362.20150326973067, "time_cost": 85.368, "final_distance_cost": 1.821450839333914, "oscillation_cost": 193.07743414839103, "completition_cost": 0.0, "overshoot_cost": 50.72149832982122, "power_cost": 17.286644067382813, "noise_cost": 13.926475884801684, "n_waypoints_completed": 9, "tot_waypoints": 9}}
{"target": -256.3988145269506, "params": {"k_pid_pos": [1.8951116800308228, 0.039683133363723755, 0.0], "k_pid_alt": [1.9003105163574219, 0.08430716395378113, 0.9725849032402039], "k_pid_att": [99.34053039550781, 0.13464124500751495, 0.799688994884491], "k_pid_yaw": [0.5, 1e-06, 0.1], "k_pid_hsp": [9.192052841186523, 0.9712335467338562, 0.04612833261489868], "k_pid_vsp": [399.99566650390625, 394.95440673828125, 27.578046798706055]}, "datetime": {"datetime": "2025-08-20 16:27:13", "elapsed": 16488.448209047318, "delta": 18.27549433708191}, "costs": {"total_cost": 256.3988145269506, "time_cost": 81.92, "final_distance_cost": 1.773444297726962, "oscillation_cost": 93.03693223077902, "completition_cost": 0.0, "overshoot_cost": 52.309310911295604, "power_cost": 14.892314392089844, "noise_cost": 12.466812695059211, "n_waypoints_completed": 9, "tot_waypoints": 9}}
{"target": -258.1615857246113, "params": {"k_pid_pos": [1.941773533821106, 0.01848083734512329, 1.4901161193847656e-07], "k_pid_alt": [1.6642177104949951, 0.013080239295959473, 0.8756531476974487], "k_pid_att": [98.87216186523438, 0.5448225736618042, 0.9763309359550476], "k_pid_yaw": [0.5, 1e-06, 0.1], "k_pid_hsp": [9.682817459106445, 0.9545987844467163, 0.15040141344070435], "k_pid_vsp": [400.0, 394.0657958984375, 16.787769317626953]}, "datetime": {"datetime": "2025-08-20 16:27:28", "elapsed": 16503.34840989113, "delta": 14.900200843811035}, "costs": {"total_cost": 258.1615857246113, "time_cost": 69.36, "final_distance_cost": 1.7838424259497137, "oscillation_cost": 110.50040990726662, "completition_cost": 0.0, "overshoot_cost": 49.66919726617496, "power_cost": 14.88077020263672, "noise_cost": 11.967365922583298, "n_waypoints_completed": 9, "tot_waypoints": 9}}
{"target": -320.27557399782324, "params": {"k_pid_pos": [1.9897563457489014, 0.04494607448577881, 1.0], "k_pid_alt": [1.9479103088378906, 0.037824779748916626, 0.9883149862289429], "k_pid_att": [97.76353454589844, 0.23117029666900635, 0.9050543308258057], "k_pid_yaw": [0.5, 1e-06, 0.1], "k_pid_hsp": [9.61293888092041, 0.9930895566940308, 0.06039044260978699], "k_pid_vsp": [400.0, 358.8056945800781, 48.96263885498047]}, "datetime": {"datetime": "2025-08-20 16:27:44", "elapsed": 16519.018393993378, "delta": 15.669984102249146}, "costs": {"total_cost": 320.27557399782324, "time_cost": 69.488, "final_distance_cost": 1.8408475497750987, "oscillation_cost": 171.45883487291172, "completition_cost": 0.0, "overshoot_cost": 49.90887406538218, "power_cost": 15.056579138183594, "noise_cost": 12.522438371570626, "n_waypoints_completed": 9, "tot_waypoints": 9}}
{"target": -312.1314309711183, "params": {"k_pid_pos": [1.9380513429641724, 0.02956417202949524, 0.8687543869018555], "k_pid_alt": [1.8068757057189941, 0.19241219758987427, 0.9899511337280273], "k_pid_att": [93.80325317382812, 0.09753056615591049, 0.990969181060791], "k_pid_yaw": [0.5, 1e-06, 0.1], "k_pid_hsp": [9.234455108642578, 0.9825801849365234, 0.07207444310188293], "k_pid_vsp": [399.85467529296875, 386.5315856933594, 1.887906551361084]}, "datetime": {"datetime": "2025-08-20 16:28:03", "elapsed": 16537.726735830307, "delta": 18.70834183692932}, "costs": {"total_cost": 312.1314309711183, "time_cost": 82.144, "final_distance_cost": 1.7701078806849475, "oscillation_cost": 148.09042576648176, "completition_cost": 0.0, "overshoot_cost": 50.24456605804097, "power_cost": 16.30863358154297, "noise_cost": 13.57369768436761, "n_waypoints_completed": 9, "tot_waypoints": 9}}
{"target": -247.39987455670087, "params": {"k_pid_pos": [1.9362589120864868, 0.03846338391304016, 0.0], "k_pid_alt": [1.6322578191757202, 0.053082436323165894, 0.9082097411155701], "k_pid_att": [90.58454895019531, 0.610654354095459, 0.9375745058059692], "k_pid_yaw": [0.5, 1e-06, 0.1], "k_pid_hsp": [9.493291854858398, 0.7853035926818848, 0.12208476662635803], "k_pid_vsp": [400.0, 233.27481079101562, 76.68643188476562]}, "datetime": {"datetime": "2025-08-20 16:28:18", "elapsed": 16552.503769397736, "delta": 14.777033567428589}, "costs": {"total_cost": 247.39987455670087, "time_cost": 69.224, "final_distance_cost": 1.7629491755758826, "oscillation_cost": 97.88817737810017, "completition_cost": 0.0, "overshoot_cost": 51.40029940167915, "power_cost": 15.287623095703125, "noise_cost": 11.836825505642542, "n_waypoints_completed": 9, "tot_waypoints": 9}}
