{"target": -483.5622935086187, "params": {"k_pid_pos": [1.046286940574646, 0.8734544515609741, 0.9999377727508545], "k_pid_alt": [1.387679934501648, 0.11128950119018555, 0.5535128116607666], "k_pid_att": [93.08073425292969, 1.986040711402893, 0.7333496809005737], "k_pid_yaw": [0.5, 1e-06, 0.1], "k_pid_hsp": [6.189912796020508, 0.9128392338752747, 0.026076942682266235], "k_pid_vsp": [400.0, 394.3555603027344, 2.938199996948242]}, "datetime": {"datetime": "2025-08-20 13:22:59", "elapsed": 5433.7740161418915, "delta": 23.901619911193848}, "costs": {"total_cost": 483.5622935086187, "time_cost": 150, "final_distance_cost": 43.003436913175946, "oscillation_cost": 96.61516251546556, "completition_cost": 111.11111111111116, "overshoot_cost": 49.710207249383046, "power_cost": 18.03636552734375, "noise_cost": 15.086010192139184, "n_waypoints_completed": 8, "tot_waypoints": 9}}
{"target": -1388.8087463743561, "params": {"k_pid_pos": [1.3484991788864136, 0.8055752515792847, 0.00034621357917785645], "k_pid_alt": [0.15969836711883545, 0.1784600019454956, 0.8398838043212891], "k_pid_att": [92.02854919433594, 0.667593240737915, 0.9610904455184937], "k_pid_yaw": [0.5, 1e-06, 0.1], "k_pid_hsp": [3.236154556274414, 0.9657632112503052, 0.006690293550491333], "k_pid_vsp": [0.0, 242.0023193359375, 96.24593353271484]}, "datetime": {"datetime": "2025-08-20 13:23:23", "elapsed": 5457.680375576019, "delta": 23.906359434127808}, "costs": {"total_cost": 1388.8087463743561, "time_cost": 150, "final_distance_cost": 10.686974877699999, "oscillation_cost": 57.66198769995585, "completition_cost": 1000.0, "overshoot_cost": 101.14168790999189, "power_cost": 22.173479699707034, "noise_cost": 47.14461618700137, "n_waypoints_completed": 0, "tot_waypoints": 9}}
{"target": -217.50523162282943, "params": {"k_pid_pos": [1.118334174156189, 0.6362824440002441, 0.5924593806266785], "k_pid_alt": [0.8732348680496216, 0.023056626319885254, 0.37112194299697876], "k_pid_att": [97.51813507080078, 1.0039713382720947, 0.7070573568344116], "k_pid_yaw": [0.5, 1e-06, 0.1], "k_pid_hsp": [1.3518366813659668, 0.8249664306640625, 0.024954646825790405], "k_pid_vsp": [400.0, 298.1162414550781, 34.3800048828125]}, "datetime": {"datetime": "2025-08-20 13:23:42", "elapsed": 5476.975893735886, "delta": 19.295518159866333}, "costs": {"total_cost": 217.50523162282943, "time_cost": 77.656, "final_distance_cost": 1.7968716165504004, "oscillation_cost": 60.72626296386309, "completition_cost": 0.0, "overshoot_cost": 50.08234793573813, "power_cost": 15.066833728027344, "noise_cost": 12.17691537865041, "n_waypoints_completed": 9, "tot_waypoints": 9}}
{"target": -698.1875505313589, "params": {"k_pid_pos": [1.612378478050232, 0.36635857820510864, 0.9998223781585693], "k_pid_alt": [0.16302025318145752, 0.17973458766937256, 0.4736899733543396], "k_pid_att": [87.43887329101562, 1.5653932094573975, 0.9944309592247009], "k_pid_yaw": [0.5, 1e-06, 0.1], "k_pid_hsp": [7.975154399871826, 0.891920804977417, 0.4175071716308594], "k_pid_vsp": [61.92770004272461, 391.4402770996094, 47.782230377197266]}, "datetime": {"datetime": "2025-08-20 13:24:08", "elapsed": 5503.429299592972, "delta": 26.45340585708618}, "costs": {"total_cost": 698.1875505313589, "time_cost": 150, "final_distance_cost": 43.01619355909475, "oscillation_cost": 302.7821936204426, "completition_cost": 111.11111111111116, "overshoot_cost": 54.083538956038794, "power_cost": 21.275554309082032, "noise_cost": 15.918958975589454, "n_waypoints_completed": 8, "tot_waypoints": 9}}
{"target": -512.2011802846425, "params": {"k_pid_pos": [0.852143406867981, 0.15736043453216553, 1.0728836059570312e-06], "k_pid_alt": [0.5051946640014648, 0.5806583166122437, 0.6812242269515991], "k_pid_att": [92.09904479980469, 5.467419624328613, 0.9910668134689331], "k_pid_yaw": [0.5, 1e-06, 0.1], "k_pid_hsp": [4.358957290649414, 0.9359896183013916, 0.09158483147621155], "k_pid_vsp": [400.0, 388.68170166015625, 24.026098251342773]}, "datetime": {"datetime": "2025-08-20 13:24:37", "elapsed": 5531.529068231583, "delta": 28.09976863861084}, "costs": {"total_cost": 512.2011802846425, "time_cost": 150, "final_distance_cost": 38.70239742233103, "oscillation_cost": 119.3078114941888, "completition_cost": 111.11111111111116, "overshoot_cost": 55.90547942292733, "power_cost": 21.136253771972658, "noise_cost": 16.03812706211159, "n_waypoints_completed": 8, "tot_waypoints": 9}}
{"target": -1223.188228783293, "params": {"k_pid_pos": [0.9707334637641907, 0.5789313912391663, 0.00793367624282837], "k_pid_alt": [0.05927085876464844, 0.03914159536361694, 0.6847040057182312], "k_pid_att": [88.68329620361328, 1.7414031028747559, 0.901809811592102], "k_pid_yaw": [0.5, 1e-06, 0.1], "k_pid_hsp": [0.7804323434829712, 0.9706665277481079, 0.3818119168281555], "k_pid_vsp": [0.52490234375, 390.0395812988281, 27.341951370239258]}, "datetime": {"datetime": "2025-08-20 13:25:02", "elapsed": 5556.697117090225, "delta": 25.168048858642578}, "costs": {"total_cost": 1223.188228783293, "time_cost": 150, "final_distance_cost": 97.73800258325647, "oscillation_cost": 97.51461163677574, "completition_cost": 777.7777777777778, "overshoot_cost": 62.22063196070294, "power_cost": 22.226203564453126, "noise_cost": 15.711001260326778, "n_waypoints_completed": 2, "tot_waypoints": 9}}
{"target": -348.7185325497792, "params": {"k_pid_pos": [1.2610371112823486, 0.046259015798568726, 1.0], "k_pid_alt": [1.517202377319336, 0.7212952971458435, 0.9387760162353516], "k_pid_att": [88.82073211669922, 0.2689884603023529, 0.9477089643478394], "k_pid_yaw": [0.5, 1e-06, 0.1], "k_pid_hsp": [4.704402923583984, 0.46174582839012146, 0.1335015594959259], "k_pid_vsp": [0.46917200088500977, 304.2356262207031, 32.5134162902832]}, "datetime": {"datetime": "2025-08-20 13:25:22", "elapsed": 5576.798004865646, "delta": 20.100887775421143}, "costs": {"total_cost": 348.7185325497792, "time_cost": 81.072, "final_distance_cost": 1.7587366516636993, "oscillation_cost": 182.17836879761677, "completition_cost": 0.0, "overshoot_cost": 54.18802871967332, "power_cost": 17.006120849609374, "noise_cost": 12.515277531216059, "n_waypoints_completed": 9, "tot_waypoints": 9}}
{"target": -907.4261358017571, "params": {"k_pid_pos": [1.95872163772583, 0.628100574016571, 0.0], "k_pid_alt": [0.40935051441192627, 0.09875735640525818, 0.9182066917419434], "k_pid_att": [93.1989974975586, 3.6566684246063232, 0.9691576957702637], "k_pid_yaw": [0.5, 1e-06, 0.1], "k_pid_hsp": [4.129666328430176, 0.3529483675956726, 0.05809870362281799], "k_pid_vsp": [0.0, 316.18701171875, 79.10749816894531]}, "datetime": {"datetime": "2025-08-20 13:25:47", "elapsed": 5602.036933422089, "delta": 25.23892855644226}, "costs": {"total_cost": 907.4261358017571, "time_cost": 150, "final_distance_cost": 40.53677178374855, "oscillation_cost": 74.0784014447597, "completition_cost": 555.5555555555555, "overshoot_cost": 46.561350300039464, "power_cost": 23.794705346679688, "noise_cost": 16.899351370974053, "n_waypoints_completed": 4, "tot_waypoints": 9}}
{"target": -777.8693076594358, "params": {"k_pid_pos": [1.895636796951294, 0.9518945217132568, 1.0], "k_pid_alt": [0.33201777935028076, 0.496307373046875, 0.4312880039215088], "k_pid_att": [84.44817352294922, 2.064692258834839, 0.9017915725708008], "k_pid_yaw": [0.5, 1e-06, 0.1], "k_pid_hsp": [2.545828104019165, 0.9806938171386719, 0.39768511056900024], "k_pid_vsp": [400.0, 396.9139709472656, 181.14747619628906]}, "datetime": {"datetime": "2025-08-20 13:26:13", "elapsed": 5627.500500917435, "delta": 25.46356749534607}, "costs": {"total_cost": 777.8693076594358, "time_cost": 150, "final_distance_cost": 51.74849951493084, "oscillation_cost": 147.49728335173523, "completition_cost": 333.33333333333337, "overshoot_cost": 54.81793490441724, "power_cost": 23.626381311035157, "noise_cost": 16.84587524398387, "n_waypoints_completed": 6, "tot_waypoints": 9}}
{"target": -1032.0176225955709, "params": {"k_pid_pos": [1.9701579809188843, 0.36414438486099243, 0.0], "k_pid_alt": [0.4379803538322449, 0.07558324933052063, 0.9801490306854248], "k_pid_att": [78.89898681640625, 4.686914920806885, 0.977974534034729], "k_pid_yaw": [0.5, 1e-06, 0.1], "k_pid_hsp": [5.051379680633545, 0.954018235206604, 0.2026180624961853], "k_pid_vsp": [399.9994812011719, 345.74603271484375, 61.58354187011719]}, "datetime": {"datetime": "2025-08-20 13:26:37", "elapsed": 5652.115488767624, "delta": 24.61498785018921}, "costs": {"total_cost": 1032.0176225955709, "time_cost": 150, "final_distance_cost": 46.1521156151095, "oscillation_cost": 202.8473607871973, "completition_cost": 555.5555555555555, "overshoot_cost": 43.667192635065796, "power_cost": 19.28324337158203, "noise_cost": 14.512154631060735, "n_waypoints_completed": 4, "tot_waypoints": 9}}
{"target": -1028.2324501944724, "params": {"k_pid_pos": [1.950302243232727, 0.38390982151031494, 0.0], "k_pid_alt": [0.14151734113693237, 0.12603795528411865, 0.786402702331543], "k_pid_att": [76.21662139892578, 6.459803104400635, 0.8076738715171814], "k_pid_yaw": [0.5, 1e-06, 0.1], "k_pid_hsp": [0.9563331007957458, 0.8580063581466675, 0.07078826427459717], "k_pid_vsp": [200.29611206054688, 399.09088134765625, 33.58311462402344]}, "datetime": {"datetime": "2025-08-20 13:27:03", "elapsed": 5677.887043237686, "delta": 25.771554470062256}, "costs": {"total_cost": 1028.2324501944724, "time_cost": 150, "final_distance_cost": 47.49328675102105, "oscillation_cost": 73.4092678742947, "completition_cost": 666.6666666666667, "overshoot_cost": 50.902740813261765, "power_cost": 22.67958995361328, "noise_cost": 17.080898135614998, "n_waypoints_completed": 3, "tot_waypoints": 9}}
{"target": -603.6090369461876, "params": {"k_pid_pos": [1.1295156478881836, 0.6467002630233765, 0.9929444193840027], "k_pid_alt": [1.655609369277954, 0.5276525020599365, 0.9468272924423218], "k_pid_att": [98.4272689819336, 5.96673583984375, 0.9792220592498779], "k_pid_yaw": [0.5, 1e-06, 0.1], "k_pid_hsp": [2.9872825145721436, 0.727286159992218, 0.05999448895454407], "k_pid_vsp": [96.29889678955078, 347.42926025390625, 65.40899658203125]}, "datetime": {"datetime": "2025-08-20 13:27:28", "elapsed": 5702.937971115112, "delta": 25.050927877426147}, "costs": {"total_cost": 603.6090369461876, "time_cost": 150, "final_distance_cost": 24.826942610789107, "oscillation_cost": 227.63862455330073, "completition_cost": 111.11111111111116, "overshoot_cost": 53.63834385181796, "power_cost": 20.54043132324219, "noise_cost": 15.853583495926506, "n_waypoints_completed": 8, "tot_waypoints": 9}}
{"target": -654.9983976738032, "params": {"k_pid_pos": [1.8905456066131592, 0.3242586553096771, 0.0], "k_pid_alt": [0.3442554473876953, 0.3678836226463318, 0.7234010696411133], "k_pid_att": [94.01274108886719, 0.37933194637298584, 0.8276455402374268], "k_pid_yaw": [0.5, 1e-06, 0.1], "k_pid_hsp": [2.918161153793335, 0.9896821975708008, 0.13338512182235718], "k_pid_vsp": [398.57366943359375, 356.26129150390625, 14.582038879394531]}, "datetime": {"datetime": "2025-08-20 13:27:53", "elapsed": 5727.572753429413, "delta": 24.634782314300537}, "costs": {"total_cost": 654.9983976738032, "time_cost": 150, "final_distance_cost": 71.64017904433892, "oscillation_cost": 121.98634582826259, "completition_cost": 222.2222222222222, "overshoot_cost": 50.160976157530484, "power_cost": 21.087679528808597, "noise_cost": 17.90099489264042, "n_waypoints_completed": 7, "tot_waypoints": 9}}
{"target": -244.09690808757512, "params": {"k_pid_pos": [1.581272840499878, 0.09502235054969788, 0.0042115747928619385], "k_pid_alt": [0.7993694543838501, 0.06278437376022339, 0.9774319529533386], "k_pid_att": [88.5384521484375, 1.9280072450637817, 0.9823539853096008], "k_pid_yaw": [0.5, 1e-06, 0.1], "k_pid_hsp": [5.336627960205078, 0.8654899597167969, 0.003350973129272461], "k_pid_vsp": [399.9996643066406, 301.4183654785156, 10.239435195922852]}, "datetime": {"datetime": "2025-08-20 13:28:17", "elapsed": 5752.1078560352325, "delta": 24.535102605819702}, "costs": {"total_cost": 244.09690808757512, "time_cost": 93.752, "final_distance_cost": 1.7553562963748535, "oscillation_cost": 65.19154806061582, "completition_cost": 0.0, "overshoot_cost": 51.31860766497805, "power_cost": 18.002652478027343, "noise_cost": 14.076743587579005, "n_waypoints_completed": 9, "tot_waypoints": 9}}
{"target": -938.1319112807668, "params": {"k_pid_pos": [1.8680161237716675, 0.9085794687271118, 0.9997198581695557], "k_pid_alt": [0.0067369937896728516, 0.37818777561187744, 0.6872403025627136], "k_pid_att": [92.26356506347656, 1.7710703611373901, 0.9452168345451355], "k_pid_yaw": [0.5, 1e-06, 0.1], "k_pid_hsp": [8.459547996520996, 0.617918848991394, 0.10187193751335144], "k_pid_vsp": [400.0, 358.9306335449219, 4.185772895812988]}, "datetime": {"datetime": "2025-08-20 13:28:43", "elapsed": 5777.525462388992, "delta": 25.417606353759766}, "costs": {"total_cost": 938.1319112807668, "time_cost": 150, "final_distance_cost": 48.069746769003636, "oscillation_cost": 204.7953489770924, "completition_cost": 444.4444444444444, "overshoot_cost": 53.61245020279654, "power_cost": 19.957262744140625, "noise_cost": 17.252658143289214, "n_waypoints_completed": 5, "tot_waypoints": 9}}
{"target": -1064.0949738847282, "params": {"k_pid_pos": [1.9427340030670166, 0.6215066313743591, 1.6093254089355469e-06], "k_pid_alt": [0.09870445728302002, 0.09843134880065918, 0.9020691514015198], "k_pid_att": [70.86092376708984, 0.9239645600318909, 0.9413588047027588], "k_pid_yaw": [0.5, 1e-06, 0.1], "k_pid_hsp": [0.28691795468330383, 0.7104312777519226, 0.07061010599136353], "k_pid_vsp": [91.6878433227539, 250.55584716796875, 142.92047119140625]}, "datetime": {"datetime": "2025-08-20 13:29:07", "elapsed": 5802.11220574379, "delta": 24.586743354797363}, "costs": {"total_cost": 1064.0949738847282, "time_cost": 150, "final_distance_cost": 71.36427116844466, "oscillation_cost": 67.9534283859463, "completition_cost": 666.6666666666667, "overshoot_cost": 65.79770834735851, "power_cost": 24.950245361328125, "noise_cost": 17.362653954983845, "n_waypoints_completed": 3, "tot_waypoints": 9}}
{"target": -701.9328676561935, "params": {"k_pid_pos": [1.2983025312423706, 0.448514461517334, 0.9962061047554016], "k_pid_alt": [0.5389666557312012, 0.4542786478996277, 0.8226521611213684], "k_pid_att": [91.84127044677734, 0.4603385925292969, 0.949070930480957], "k_pid_yaw": [0.5, 1e-06, 0.1], "k_pid_hsp": [0.7947298884391785, 0.8255855441093445, 0.22937050461769104], "k_pid_vsp": [399.9896545410156, 193.9286346435547, 33.14830017089844]}, "datetime": {"datetime": "2025-08-20 13:29:32", "elapsed": 5827.394531488419, "delta": 25.282325744628906}, "costs": {"total_cost": 701.9328676561935, "time_cost": 150, "final_distance_cost": 64.20061899525606, "oscillation_cost": 174.34326778485814, "completition_cost": 222.2222222222222, "overshoot_cost": 48.151436077346105, "power_cost": 24.06227341308594, "noise_cost": 18.953049163425025, "n_waypoints_completed": 7, "tot_waypoints": 9}}
{"target": -398.39152474142946, "params": {"k_pid_pos": [1.6735633611679077, 0.7495323419570923, 0.9995085000991821], "k_pid_alt": [1.6984994411468506, 0.02797400951385498, 0.9592971801757812], "k_pid_att": [99.36326599121094, 6.62253475189209, 0.8779964447021484], "k_pid_yaw": [0.5, 1e-06, 0.1], "k_pid_hsp": [8.900189399719238, 0.7814348340034485, 0.24985668063163757], "k_pid_vsp": [400.0, 373.3367004394531, 322.24700927734375]}, "datetime": {"datetime": "2025-08-20 13:29:54", "elapsed": 5848.845823764801, "delta": 21.451292276382446}, "costs": {"total_cost": 398.39152474142946, "time_cost": 85.568, "final_distance_cost": 1.7659877111159485, "oscillation_cost": 222.50307054173754, "completition_cost": 0.0, "overshoot_cost": 54.94125065764141, "power_cost": 19.22681804199219, "noise_cost": 14.386397788942338, "n_waypoints_completed": 9, "tot_waypoints": 9}}
{"target": -651.2475386666739, "params": {"k_pid_pos": [1.9645463228225708, 0.5553594827651978, 0.0], "k_pid_alt": [0.5328100323677063, 0.1494787633419037, 0.8716918230056763], "k_pid_att": [75.13307189941406, 0.8313469886779785, 0.9599425792694092], "k_pid_yaw": [0.5, 1e-06, 0.1], "k_pid_hsp": [3.634479284286499, 0.9825199842453003, 0.1570894420146942], "k_pid_vsp": [2.4199485778808594, 344.82305908203125, 93.64398956298828]}, "datetime": {"datetime": "2025-08-20 13:30:19", "elapsed": 5873.770070552826, "delta": 24.924246788024902}, "costs": {"total_cost": 651.2475386666739, "time_cost": 150, "final_distance_cost": 66.16506112461241, "oscillation_cost": 108.44220832717403, "completition_cost": 222.2222222222222, "overshoot_cost": 64.62613753421122, "power_cost": 23.06168865966797, "noise_cost": 16.730220798786053, "n_waypoints_completed": 7, "tot_waypoints": 9}}
{"target": -636.5319451958358, "params": {"k_pid_pos": [1.8487330675125122, 0.052641451358795166, 0.4696543514728546], "k_pid_alt": [0.2178853154182434, 0.47804078459739685, 0.9946191906929016], "k_pid_att": [94.05107116699219, 0.7379054427146912, 0.9078671932220459], "k_pid_yaw": [0.5, 1e-06, 0.1], "k_pid_hsp": [7.724714279174805, 0.9038867950439453, 0.16854500770568848], "k_pid_vsp": [400.0, 300.67730712890625, 360.3268737792969]}, "datetime": {"datetime": "2025-08-20 13:30:44", "elapsed": 5899.448467969894, "delta": 25.67839741706848}, "costs": {"total_cost": 636.5319451958358, "time_cost": 150, "final_distance_cost": 5.356299379140559, "oscillation_cost": 265.32163087088765, "completition_cost": 111.11111111111116, "overshoot_cost": 66.85941160186756, "power_cost": 21.525827197265627, "noise_cost": 16.35766503556318, "n_waypoints_completed": 8, "tot_waypoints": 9}}
{"target": -1301.7694786095722, "params": {"k_pid_pos": [0.9242711663246155, 0.009530514478683472, 1.0], "k_pid_alt": [0.11054348945617676, 0.017314046621322632, 0.9202340841293335], "k_pid_att": [75.72270965576172, 4.506386756896973, 0.6902050375938416], "k_pid_yaw": [0.5, 1e-06, 0.1], "k_pid_hsp": [4.689377307891846, 0.9760669469833374, 0.11315539479255676], "k_pid_vsp": [399.9910888671875, 197.43373107910156, 235.0474853515625]}, "datetime": {"datetime": "2025-08-20 13:31:09", "elapsed": 5924.21718788147, "delta": 24.768719911575317}, "costs": {"total_cost": 1301.7694786095722, "time_cost": 150, "final_distance_cost": 56.55234440035621, "oscillation_cost": 343.49426261395575, "completition_cost": 666.6666666666667, "overshoot_cost": 47.74326886293741, "power_cost": 21.100016931152346, "noise_cost": 16.212919134503704, "n_waypoints_completed": 3, "tot_waypoints": 9}}
{"target": -820.8277786535766, "params": {"k_pid_pos": [1.0350514650344849, 0.581609308719635, 2.9802322387695312e-08], "k_pid_alt": [0.85881108045578, 0.060736894607543945, 0.8722649812698364], "k_pid_att": [87.08305358886719, 1.8987083435058594, 0.9632648825645447], "k_pid_yaw": [0.5, 1e-06, 0.1], "k_pid_hsp": [4.346187114715576, 0.9228661060333252, 0.43989747762680054], "k_pid_vsp": [400.0, 347.9529724121094, 17.17378044128418]}, "datetime": {"datetime": "2025-08-20 13:31:34", "elapsed": 5949.471869468689, "delta": 25.25468158721924}, "costs": {"total_cost": 820.8277786535766, "time_cost": 150, "final_distance_cost": 66.92133371997417, "oscillation_cost": 187.75565294652628, "completition_cost": 333.33333333333337, "overshoot_cost": 44.3208961099538, "power_cost": 22.01798521728516, "noise_cost": 16.478577326503768, "n_waypoints_completed": 6, "tot_waypoints": 9}}
{"target": -774.5543971716628, "params": {"k_pid_pos": [1.837963342666626, 0.9158318042755127, 0.9633407592773438], "k_pid_alt": [0.8607313632965088, 0.10278859734535217, 0.870162308216095], "k_pid_att": [96.25557708740234, 0.14402469992637634, 0.7641557455062866], "k_pid_yaw": [0.5, 1e-06, 0.1], "k_pid_hsp": [9.160934448242188, 0.8566133975982666, 0.09662079811096191], "k_pid_vsp": [213.1205596923828, 394.6265563964844, 23.558868408203125]}, "datetime": {"datetime": "2025-08-20 13:31:59", "elapsed": 5974.43233704567, "delta": 24.96046757698059}, "costs": {"total_cost": 774.5543971716628, "time_cost": 150, "final_distance_cost": 67.54807379570597, "oscillation_cost": 253.91707609363357, "completition_cost": 222.2222222222222, "overshoot_cost": 44.25816210459576, "power_cost": 20.852867333984378, "noise_cost": 15.755995621520933, "n_waypoints_completed": 7, "tot_waypoints": 9}}
{"target": -1104.4665439177822, "params": {"k_pid_pos": [1.966941475868225, 0.29562604427337646, 0.013534605503082275], "k_pid_alt": [0.38199448585510254, 0.07672172784805298, 0.9787970781326294], "k_pid_att": [87.92464447021484, 0.37034931778907776, 0.4942153990268707], "k_pid_yaw": [0.5, 1e-06, 0.1], "k_pid_hsp": [7.408376216888428, 0.6940241456031799, 0.20719754695892334], "k_pid_vsp": [400.0, 364.4955139160156, 65.85928344726562]}, "datetime": {"datetime": "2025-08-20 13:32:24", "elapsed": 5998.703322649002, "delta": 24.27098560333252}, "costs": {"total_cost": 1104.4665439177822, "time_cost": 150, "final_distance_cost": 45.671475949182344, "oscillation_cost": 272.2694767007162, "completition_cost": 555.5555555555555, "overshoot_cost": 42.61786102529509, "power_cost": 22.169750061035156, "noise_cost": 16.18242462599805, "n_waypoints_completed": 4, "tot_waypoints": 9}}
