{"target": -208.13137045541578, "params": {"k_pid_pos": [1.913468837738037, 0.07046538591384888, 0.0], "k_pid_alt": [1.936693549156189, 0.01860460638999939, 0.9789506196975708], "k_pid_att": [97.33460235595703, 0.28125110268592834, 0.9800420999526978], "k_pid_yaw": [0.5, 1e-06, 0.1], "k_pid_hsp": [9.564270973205566, 0.9932035803794861, 0.02476021647453308], "k_pid_vsp": [400.0, 386.43377685546875, 30.469430923461914]}, "datetime": {"datetime": "2025-08-20 19:38:33", "elapsed": 27968.189221143723, "delta": 16.29923439025879}, "costs": {"total_cost": 208.13137045541578, "time_cost": 69.496, "final_distance_cost": 1.7720853869167452, "oscillation_cost": 62.77590786239237, "completition_cost": 0.0, "overshoot_cost": 50.731248279023816, "power_cost": 12.718391979980469, "noise_cost": 10.63773694710239, "n_waypoints_completed": 9, "tot_waypoints": 9}}
{"target": -227.24567763113893, "params": {"k_pid_pos": [1.989300012588501, 0.0235445499420166, 0.0], "k_pid_alt": [1.9391777515411377, 0.009423673152923584, 0.9951716661453247], "k_pid_att": [99.0753402709961, 0.19414128363132477, 0.9840357303619385], "k_pid_yaw": [0.5, 1e-06, 0.1], "k_pid_hsp": [9.848593711853027, 0.995617687702179, 0.07394760847091675], "k_pid_vsp": [400.0, 397.72125244140625, 3.33384370803833]}, "datetime": {"datetime": "2025-08-20 19:38:48", "elapsed": 27983.377724170685, "delta": 15.18850302696228}, "costs": {"total_cost": 227.24567763113893, "time_cost": 69.792, "final_distance_cost": 1.730783286274125, "oscillation_cost": 80.91060818750955, "completition_cost": 0.0, "overshoot_cost": 50.30338469889758, "power_cost": 13.057454467773438, "noise_cost": 11.451446990684234, "n_waypoints_completed": 9, "tot_waypoints": 9}}
{"target": -228.8275872068406, "params": {"k_pid_pos": [1.9771270751953125, 0.020482301712036133, 0.0], "k_pid_alt": [1.919264554977417, 0.016436010599136353, 0.8700989484786987], "k_pid_att": [98.9466323852539, 0.21402131021022797, 0.9811155796051025], "k_pid_yaw": [0.5, 1e-06, 0.1], "k_pid_hsp": [9.965065002441406, 0.8465202450752258, 0.0060374438762664795], "k_pid_vsp": [0.19252300262451172, 397.80340576171875, 5.66158390045166]}, "datetime": {"datetime": "2025-08-20 19:39:05", "elapsed": 27999.888256072998, "delta": 16.510531902313232}, "costs": {"total_cost": 228.8275872068406, "time_cost": 70.984, "final_distance_cost": 1.7336419967910253, "oscillation_cost": 78.14357615080712, "completition_cost": 0.0, "overshoot_cost": 51.98248408136265, "power_cost": 14.765168176269531, "noise_cost": 11.218716801610265, "n_waypoints_completed": 9, "tot_waypoints": 9}}
{"target": -259.6332840988022, "params": {"k_pid_pos": [1.8209031820297241, 0.003180891275405884, 0.9553998112678528], "k_pid_alt": [1.9904887676239014, 0.01387101411819458, 0.9896655082702637], "k_pid_att": [98.50762176513672, 0.0414494164288044, 0.9857871532440186], "k_pid_yaw": [0.5, 1e-06, 0.1], "k_pid_hsp": [9.817300796508789, 0.9897139072418213, 0.02669525146484375], "k_pid_vsp": [400.0, 392.69696044921875, 14.613677024841309]}, "datetime": {"datetime": "2025-08-20 19:39:20", "elapsed": 28015.36514687538, "delta": 15.476890802383423}, "costs": {"total_cost": 259.6332840988022, "time_cost": 70.184, "final_distance_cost": 1.8444195164997246, "oscillation_cost": 112.57000716957747, "completition_cost": 0.0, "overshoot_cost": 49.60406588208558, "power_cost": 13.447476281738282, "noise_cost": 11.983315248901153, "n_waypoints_completed": 9, "tot_waypoints": 9}}
{"target": -222.978080967588, "params": {"k_pid_pos": [1.9879649877548218, 0.1156856119632721, 0.00046446919441223145], "k_pid_alt": [1.9750274419784546, 0.006518721580505371, 0.9422012567520142], "k_pid_att": [95.09098815917969, 0.27041178941726685, 0.9709379076957703], "k_pid_yaw": [0.5, 1e-06, 0.1], "k_pid_hsp": [9.783818244934082, 0.9635909795761108, 0.03426399827003479], "k_pid_vsp": [400.0, 383.03125, 18.910959243774414]}, "datetime": {"datetime": "2025-08-20 19:39:36", "elapsed": 28030.80321598053, "delta": 15.438069105148315}, "costs": {"total_cost": 222.978080967588, "time_cost": 70.048, "final_distance_cost": 1.7857479177696527, "oscillation_cost": 74.01040203849071, "completition_cost": 0.0, "overshoot_cost": 50.213014041366996, "power_cost": 14.939977502441407, "noise_cost": 11.980939467519253, "n_waypoints_completed": 9, "tot_waypoints": 9}}
{"target": -226.75163592921984, "params": {"k_pid_pos": [1.9773328304290771, 0.012340724468231201, 0.0], "k_pid_alt": [1.979581594467163, 0.020081371068954468, 0.9966431856155396], "k_pid_att": [99.19346618652344, 0.1249832957983017, 0.9497514963150024], "k_pid_yaw": [0.5, 1e-06, 0.1], "k_pid_hsp": [9.528639793395996, 0.9876527786254883, 0.0317482054233551], "k_pid_vsp": [399.9991760253906, 317.7266845703125, 0.6093989014625549]}, "datetime": {"datetime": "2025-08-20 19:39:52", "elapsed": 28046.888175964355, "delta": 16.084959983825684}, "costs": {"total_cost": 226.75163592921984, "time_cost": 69.696, "final_distance_cost": 1.7516643635397557, "oscillation_cost": 79.77504469534608, "completition_cost": 0.0, "overshoot_cost": 51.08713731564919, "power_cost": 12.980909790039064, "noise_cost": 11.460879764645767, "n_waypoints_completed": 9, "tot_waypoints": 9}}
{"target": -202.2938220014995, "params": {"k_pid_pos": [1.9469857215881348, 0.029488325119018555, 0.0], "k_pid_alt": [1.9606719017028809, 0.0074513256549835205, 0.9967494010925293], "k_pid_att": [95.961669921875, 0.5037294626235962, 0.991387128829956], "k_pid_yaw": [0.5, 1e-06, 0.1], "k_pid_hsp": [9.42218017578125, 0.9885072708129883, 0.009013235569000244], "k_pid_vsp": [400.0, 388.94171142578125, 19.07320213317871]}, "datetime": {"datetime": "2025-08-20 19:40:07", "elapsed": 28061.724567890167, "delta": 14.836391925811768}, "costs": {"total_cost": 202.2938220014995, "time_cost": 69.744, "final_distance_cost": 1.7382686209377385, "oscillation_cost": 58.33421426001551, "completition_cost": 0.0, "overshoot_cost": 50.68822264209497, "power_cost": 11.721223767089844, "noise_cost": 10.067892711361415, "n_waypoints_completed": 9, "tot_waypoints": 9}}
{"target": -230.32714859923092, "params": {"k_pid_pos": [1.9827145338058472, 0.03547513484954834, 0.0], "k_pid_alt": [1.9631595611572266, 0.03049367666244507, 0.9887421727180481], "k_pid_att": [80.95793914794922, 0.1111345961689949, 0.8978022336959839], "k_pid_yaw": [0.5, 1e-06, 0.1], "k_pid_hsp": [9.956867218017578, 0.9888346791267395, 0.09496328234672546], "k_pid_vsp": [400.0, 399.10394287109375, 11.348057746887207]}, "datetime": {"datetime": "2025-08-20 19:40:23", "elapsed": 28077.674511671066, "delta": 15.949943780899048}, "costs": {"total_cost": 230.32714859923092, "time_cost": 69.536, "final_distance_cost": 1.7209681013329399, "oscillation_cost": 84.42571603351603, "completition_cost": 0.0, "overshoot_cost": 50.030358609932264, "power_cost": 13.216070678710938, "noise_cost": 11.398035175738771, "n_waypoints_completed": 9, "tot_waypoints": 9}}
{"target": -215.08147283726873, "params": {"k_pid_pos": [1.9280587434768677, 0.04687309265136719, 0.0], "k_pid_alt": [1.9733314514160156, 0.01711338758468628, 0.9891831874847412], "k_pid_att": [98.01510620117188, 0.5922632813453674, 0.9876419901847839], "k_pid_yaw": [0.5, 1e-06, 0.1], "k_pid_hsp": [9.9795560836792, 0.9776104688644409, 0.017371267080307007], "k_pid_vsp": [399.9999084472656, 392.4831848144531, 3.129948139190674]}, "datetime": {"datetime": "2025-08-20 19:40:38", "elapsed": 28092.76044869423, "delta": 15.085937023162842}, "costs": {"total_cost": 215.08147283726873, "time_cost": 69.992, "final_distance_cost": 1.7421934957522178, "oscillation_cost": 67.60416084628712, "completition_cost": 0.0, "overshoot_cost": 51.014637100979876, "power_cost": 13.139025463867188, "noise_cost": 11.589455930382329, "n_waypoints_completed": 9, "tot_waypoints": 9}}
{"target": -214.16441834336572, "params": {"k_pid_pos": [1.8186619281768799, 0.030585914850234985, 0.0], "k_pid_alt": [1.98042631149292, 0.023193448781967163, 0.996111273765564], "k_pid_att": [99.030029296875, 0.07210258394479752, 0.9939477443695068], "k_pid_yaw": [0.5, 1e-06, 0.1], "k_pid_hsp": [9.769240379333496, 0.9922171831130981, 0.02287951111793518], "k_pid_vsp": [400.0, 391.00128173828125, 6.773866176605225]}, "datetime": {"datetime": "2025-08-20 19:40:54", "elapsed": 28109.121920347214, "delta": 16.36147165298462}, "costs": {"total_cost": 214.16441834336572, "time_cost": 69.568, "final_distance_cost": 1.7633985047249925, "oscillation_cost": 68.1734200431216, "completition_cost": 0.0, "overshoot_cost": 50.26674646802308, "power_cost": 12.970456787109375, "noise_cost": 11.422396540386668, "n_waypoints_completed": 9, "tot_waypoints": 9}}
{"target": -213.38654030996653, "params": {"k_pid_pos": [1.6277248859405518, 0.026898354291915894, 1.7881393432617188e-07], "k_pid_alt": [1.9894225597381592, 0.007305324077606201, 0.9208094477653503], "k_pid_att": [97.50077819824219, 0.1726161688566208, 0.985278844833374], "k_pid_yaw": [0.5, 1e-06, 0.1], "k_pid_hsp": [9.844268798828125, 0.968582808971405, 0.030634582042694092], "k_pid_vsp": [400.0, 397.1429748535156, 19.142080307006836]}, "datetime": {"datetime": "2025-08-20 19:41:10", "elapsed": 28124.634192705154, "delta": 15.512272357940674}, "costs": {"total_cost": 213.38654030996653, "time_cost": 68.944, "final_distance_cost": 1.7622139704912971, "oscillation_cost": 64.33839464131337, "completition_cost": 0.0, "overshoot_cost": 50.422497869054524, "power_cost": 15.762252893066407, "noise_cost": 12.157180936040923, "n_waypoints_completed": 9, "tot_waypoints": 9}}
{"target": -211.7957435991987, "params": {"k_pid_pos": [1.9906995296478271, 0.02993243932723999, 0.0], "k_pid_alt": [1.981520414352417, 0.06593036651611328, 0.9573365449905396], "k_pid_att": [98.17833709716797, 0.22019360959529877, 0.989263117313385], "k_pid_yaw": [0.5, 1e-06, 0.1], "k_pid_hsp": [9.963292121887207, 0.9532256722450256, 0.014824926853179932], "k_pid_vsp": [399.4977111816406, 349.2529296875, 23.212614059448242]}, "datetime": {"datetime": "2025-08-20 19:41:26", "elapsed": 28140.888068675995, "delta": 16.253875970840454}, "costs": {"total_cost": 211.7957435991987, "time_cost": 70.0, "final_distance_cost": 1.7720714760271057, "oscillation_cost": 64.79908568242108, "completition_cost": 0.0, "overshoot_cost": 51.119715687667785, "power_cost": 13.128176831054688, "noise_cost": 10.976693922028023, "n_waypoints_completed": 9, "tot_waypoints": 9}}
{"target": -457.31025135472123, "params": {"k_pid_pos": [1.9698184728622437, 0.01183435320854187, 0.0], "k_pid_alt": [1.9553158283233643, 0.255309522151947, 0.9676809310913086], "k_pid_att": [99.7704849243164, 0.10065381973981857, 0.9857357740402222], "k_pid_yaw": [0.5, 1e-06, 0.1], "k_pid_hsp": [9.608647346496582, 0.9738224148750305, 0.021970897912979126], "k_pid_vsp": [400.0, 395.20892333984375, 16.089393615722656]}, "datetime": {"datetime": "2025-08-20 19:41:50", "elapsed": 28164.658237695694, "delta": 23.770169019699097}, "costs": {"total_cost": 457.31025135472123, "time_cost": 150, "final_distance_cost": 13.499664551997867, "oscillation_cost": 93.2495072071769, "completition_cost": 111.11111111111116, "overshoot_cost": 51.99836635160898, "power_cost": 21.463180834960937, "noise_cost": 15.988421297865376, "n_waypoints_completed": 8, "tot_waypoints": 9}}
{"target": -229.55824768290515, "params": {"k_pid_pos": [1.967374563217163, 0.007304936647415161, 0.0005836784839630127], "k_pid_alt": [1.6970750093460083, 0.012309461832046509, 0.9864948987960815], "k_pid_att": [99.17802429199219, 0.10893848538398743, 0.9975290894508362], "k_pid_yaw": [0.5, 1e-06, 0.1], "k_pid_hsp": [9.790011405944824, 0.9868894815444946, 0.020913898944854736], "k_pid_vsp": [400.0, 394.8770446777344, 18.83585548400879]}, "datetime": {"datetime": "2025-08-20 19:42:05", "elapsed": 28180.02768421173, "delta": 15.369446516036987}, "costs": {"total_cost": 229.55824768290515, "time_cost": 69.864, "final_distance_cost": 1.744967677104818, "oscillation_cost": 82.50808101312802, "completition_cost": 0.0, "overshoot_cost": 50.05830069320215, "power_cost": 13.914522570800782, "noise_cost": 11.46837572866938, "n_waypoints_completed": 9, "tot_waypoints": 9}}
{"target": -214.66064164818877, "params": {"k_pid_pos": [1.8912662267684937, 0.014845460653305054, 0.0], "k_pid_alt": [1.9239518642425537, 0.005029737949371338, 0.9952087998390198], "k_pid_att": [96.42086029052734, 0.10079389065504074, 0.9670397639274597], "k_pid_yaw": [0.5, 1e-06, 0.1], "k_pid_hsp": [9.526251792907715, 0.9893991947174072, 0.013910353183746338], "k_pid_vsp": [400.0, 382.0999450683594, 20.446731567382812]}, "datetime": {"datetime": "2025-08-20 19:42:21", "elapsed": 28196.231528043747, "delta": 16.20384383201599}, "costs": {"total_cost": 214.66064164818877, "time_cost": 69.70400000000001, "final_distance_cost": 1.7771299296881045, "oscillation_cost": 67.47987336338014, "completition_cost": 0.0, "overshoot_cost": 50.235983859587066, "power_cost": 14.166864282226562, "noise_cost": 11.296790213306899, "n_waypoints_completed": 9, "tot_waypoints": 9}}
{"target": -244.12950879501076, "params": {"k_pid_pos": [1.9679081439971924, 0.004908263683319092, 0.0], "k_pid_alt": [1.9181801080703735, 0.023375988006591797, 0.9887464046478271], "k_pid_att": [98.37318420410156, 0.8361892700195312, 0.975279688835144], "k_pid_yaw": [0.5, 1e-06, 0.1], "k_pid_hsp": [9.798221588134766, 0.988221287727356, 0.1626962423324585], "k_pid_vsp": [400.0, 374.0965881347656, 1.848555564880371]}, "datetime": {"datetime": "2025-08-20 19:42:36", "elapsed": 28210.822426080704, "delta": 14.590898036956787}, "costs": {"total_cost": 244.12950879501076, "time_cost": 69.568, "final_distance_cost": 1.7525703574867462, "oscillation_cost": 96.09415325803232, "completition_cost": 0.0, "overshoot_cost": 50.37069237787659, "power_cost": 14.276733691406251, "noise_cost": 12.06735911020885, "n_waypoints_completed": 9, "tot_waypoints": 9}}
{"target": -208.47540486435938, "params": {"k_pid_pos": [1.9707129001617432, 0.04395967721939087, 0.0], "k_pid_alt": [1.9635264873504639, 0.030175119638442993, 0.8870353102684021], "k_pid_att": [95.25963592529297, 0.14368556439876556, 0.9628922939300537], "k_pid_yaw": [0.5, 1e-06, 0.1], "k_pid_hsp": [9.7850923538208, 0.99757319688797, 0.027881532907485962], "k_pid_vsp": [399.9994812011719, 396.5469665527344, 20.324827194213867]}, "datetime": {"datetime": "2025-08-20 19:42:54", "elapsed": 28228.82712817192, "delta": 18.00470209121704}, "costs": {"total_cost": 208.47540486435938, "time_cost": 69.648, "final_distance_cost": 1.745387599091617, "oscillation_cost": 60.29546004067146, "completition_cost": 0.0, "overshoot_cost": 50.479255177730856, "power_cost": 14.56186474609375, "noise_cost": 11.74543730077166, "n_waypoints_completed": 9, "tot_waypoints": 9}}
{"target": -212.1516330871106, "params": {"k_pid_pos": [1.9700279235839844, 0.009261548519134521, 0.0], "k_pid_alt": [1.9516890048980713, 0.00944983959197998, 0.9264093637466431], "k_pid_att": [94.51028442382812, 0.08973495662212372, 0.9757533073425293], "k_pid_yaw": [0.5, 1e-06, 0.1], "k_pid_hsp": [9.399713516235352, 0.9936397671699524, 0.010280460119247437], "k_pid_vsp": [399.9941101074219, 396.812744140625, 13.377917289733887]}, "datetime": {"datetime": "2025-08-20 19:43:09", "elapsed": 28243.904237270355, "delta": 15.077109098434448}, "costs": {"total_cost": 212.1516330871106, "time_cost": 69.792, "final_distance_cost": 1.743428765674727, "oscillation_cost": 63.63826057089939, "completition_cost": 0.0, "overshoot_cost": 50.348686973925744, "power_cost": 14.895423754882813, "noise_cost": 11.733833021727959, "n_waypoints_completed": 9, "tot_waypoints": 9}}
{"target": -229.1854989437295, "params": {"k_pid_pos": [1.992555856704712, 0.13791784644126892, 0.0], "k_pid_alt": [1.9029037952423096, 0.06509330868721008, 0.9895593523979187], "k_pid_att": [95.63883209228516, 0.1474224328994751, 0.9967543482780457], "k_pid_yaw": [0.5, 1e-06, 0.1], "k_pid_hsp": [9.542679786682129, 0.9670562744140625, 0.0024920105934143066], "k_pid_vsp": [400.0, 392.0067443847656, 16.378618240356445]}, "datetime": {"datetime": "2025-08-20 19:43:27", "elapsed": 28261.95984864235, "delta": 18.05561137199402}, "costs": {"total_cost": 229.1854989437295, "time_cost": 77.808, "final_distance_cost": 1.7793769037336988, "oscillation_cost": 65.59996777700653, "completition_cost": 0.0, "overshoot_cost": 52.4313452503589, "power_cost": 17.985302758789064, "noise_cost": 13.581506253841304, "n_waypoints_completed": 9, "tot_waypoints": 9}}
{"target": -214.1685741868202, "params": {"k_pid_pos": [1.937961459159851, 0.001263052225112915, 0.0], "k_pid_alt": [1.2812155485153198, 0.02728670835494995, 0.9149885177612305], "k_pid_att": [96.7738265991211, 0.698813259601593, 0.9776629209518433], "k_pid_yaw": [0.5, 1e-06, 0.1], "k_pid_hsp": [8.02674388885498, 0.7696412801742554, 0.026834428310394287], "k_pid_vsp": [400.0, 394.1727294921875, 7.45596981048584]}, "datetime": {"datetime": "2025-08-20 19:43:44", "elapsed": 28278.66875553131, "delta": 16.708906888961792}, "costs": {"total_cost": 214.1685741868202, "time_cost": 72.32000000000001, "final_distance_cost": 1.7916194680151072, "oscillation_cost": 63.920605245697956, "completition_cost": 0.0, "overshoot_cost": 50.50563415077424, "power_cost": 13.693063122558595, "noise_cost": 11.937652199774293, "n_waypoints_completed": 9, "tot_waypoints": 9}}
{"target": -207.55864601233884, "params": {"k_pid_pos": [1.926367998123169, 0.015024036169052124, 0.0], "k_pid_alt": [1.9458575248718262, 0.013261109590530396, 0.9777328372001648], "k_pid_att": [98.91134643554688, 0.010137619450688362, 0.9621398448944092], "k_pid_yaw": [0.5, 1e-06, 0.1], "k_pid_hsp": [9.875911712646484, 0.990452766418457, 0.00745055079460144], "k_pid_vsp": [400.0, 391.10565185546875, 10.103870391845703]}, "datetime": {"datetime": "2025-08-20 19:43:59", "elapsed": 28293.85010933876, "delta": 15.18135380744934}, "costs": {"total_cost": 207.55864601233884, "time_cost": 69.76, "final_distance_cost": 1.788895065258183, "oscillation_cost": 56.460331208760046, "completition_cost": 0.0, "overshoot_cost": 50.81866398641646, "power_cost": 16.196955029296877, "noise_cost": 12.533800722607294, "n_waypoints_completed": 9, "tot_waypoints": 9}}
{"target": -214.88756481722388, "params": {"k_pid_pos": [1.8897874355316162, 0.025327593088150024, 1.1920928955078125e-07], "k_pid_alt": [1.980434536933899, 0.0022073090076446533, 0.9970148801803589], "k_pid_att": [98.82782745361328, 0.12039467692375183, 0.9921020865440369], "k_pid_yaw": [0.5, 1e-06, 0.1], "k_pid_hsp": [9.857660293579102, 0.9100964069366455, 0.013868778944015503], "k_pid_vsp": [400.0, 397.0232849121094, 3.2348642349243164]}, "datetime": {"datetime": "2025-08-20 19:44:17", "elapsed": 28312.12938785553, "delta": 18.27927851676941}, "costs": {"total_cost": 214.88756481722388, "time_cost": 69.712, "final_distance_cost": 1.7807876266908154, "oscillation_cost": 69.16445708348469, "completition_cost": 0.0, "overshoot_cost": 50.04657866434518, "power_cost": 12.81340926513672, "noise_cost": 11.370332177566437, "n_waypoints_completed": 9, "tot_waypoints": 9}}
{"target": -206.79822631443204, "params": {"k_pid_pos": [1.9846076965332031, 0.04182618856430054, 0.0], "k_pid_alt": [1.942936658859253, 0.022161245346069336, 0.9920387864112854], "k_pid_att": [95.61767578125, 0.678614616394043, 0.9789072275161743], "k_pid_yaw": [0.5, 1e-06, 0.1], "k_pid_hsp": [9.572030067443848, 0.9618912935256958, 0.015936970710754395], "k_pid_vsp": [393.0207824707031, 393.85211181640625, 25.912513732910156]}, "datetime": {"datetime": "2025-08-20 19:44:33", "elapsed": 28327.933193445206, "delta": 15.803805589675903}, "costs": {"total_cost": 206.79822631443204, "time_cost": 69.752, "final_distance_cost": 1.7286539779937977, "oscillation_cost": 62.04453097601041, "completition_cost": 0.0, "overshoot_cost": 50.31003312630408, "power_cost": 12.456794396972656, "noise_cost": 10.506213837151101, "n_waypoints_completed": 9, "tot_waypoints": 9}}
{"target": -223.35842703017755, "params": {"k_pid_pos": [1.9719868898391724, 0.04313245415687561, 0.0], "k_pid_alt": [1.9855384826660156, 0.014879077672958374, 0.8117823600769043], "k_pid_att": [98.534912109375, 0.2197379320859909, 0.9949780702590942], "k_pid_yaw": [0.5, 1e-06, 0.1], "k_pid_hsp": [9.726812362670898, 0.9811364412307739, 0.021479427814483643], "k_pid_vsp": [399.9999084472656, 398.8761291503906, 5.020452499389648]}, "datetime": {"datetime": "2025-08-20 19:44:49", "elapsed": 28344.44162940979, "delta": 16.50843596458435}, "costs": {"total_cost": 223.35842703017755, "time_cost": 69.712, "final_distance_cost": 1.7255169751936874, "oscillation_cost": 76.41412311188353, "completition_cost": 0.0, "overshoot_cost": 50.933880466307876, "power_cost": 13.018278479003907, "noise_cost": 11.554627997788565, "n_waypoints_completed": 9, "tot_waypoints": 9}}
{"target": -222.92900466276632, "params": {"k_pid_pos": [1.9882673025131226, 0.00544583797454834, 0.0], "k_pid_alt": [1.908837080001831, 0.012078702449798584, 0.9878632426261902], "k_pid_att": [93.13737487792969, 0.5223754048347473, 0.9576655626296997], "k_pid_yaw": [0.5, 1e-06, 0.1], "k_pid_hsp": [9.748669624328613, 0.9813826084136963, 0.015885084867477417], "k_pid_vsp": [399.9998474121094, 395.186279296875, 4.085994720458984]}, "datetime": {"datetime": "2025-08-20 19:45:04", "elapsed": 28359.368619680405, "delta": 14.926990270614624}, "costs": {"total_cost": 222.92900466276632, "time_cost": 69.816, "final_distance_cost": 1.7944683951292921, "oscillation_cost": 76.49722346681308, "completition_cost": 0.0, "overshoot_cost": 50.233478481023724, "power_cost": 13.110493298339845, "noise_cost": 11.477341021460374, "n_waypoints_completed": 9, "tot_waypoints": 9}}
