{"target": -213.2223621078017, "params": {"k_pid_pos": [1.8036837577819824, 0.11397740244865417, 0.00012865662574768066], "k_pid_alt": [1.8346971273422241, 0.017318367958068848, 0.9283398389816284], "k_pid_att": [97.5986328125, 0.24674274027347565, 0.9379106760025024], "k_pid_yaw": [0.5, 1e-06, 0.1], "k_pid_hsp": [8.87238883972168, 0.9461601972579956, 0.0026200711727142334], "k_pid_vsp": [399.856201171875, 390.59967041015625, 2.838958263397217]}, "datetime": {"datetime": "2025-08-20 16:57:49", "elapsed": 18324.301605701447, "delta": 15.703802108764648}, "costs": {"total_cost": 213.2223621078017, "time_cost": 69.984, "final_distance_cost": 1.7574118338917772, "oscillation_cost": 66.43135112674686, "completition_cost": 0.0, "overshoot_cost": 50.94688616924583, "power_cost": 12.73382666015625, "noise_cost": 11.368886317760996, "n_waypoints_completed": 9, "tot_waypoints": 9}}
{"target": -225.79982558322976, "params": {"k_pid_pos": [1.9818196296691895, 0.005045294761657715, 0.0], "k_pid_alt": [1.8521023988723755, 0.016417324542999268, 0.8511665463447571], "k_pid_att": [96.7361068725586, 0.06606350094079971, 0.9936258792877197], "k_pid_yaw": [0.5, 1e-06, 0.1], "k_pid_hsp": [9.762998580932617, 0.9959070086479187, 0.022765249013900757], "k_pid_vsp": [6.478214263916016, 382.603759765625, 17.849851608276367]}, "datetime": {"datetime": "2025-08-20 16:58:05", "elapsed": 18339.936244010925, "delta": 15.63463830947876}, "costs": {"total_cost": 225.79982558322976, "time_cost": 70.888, "final_distance_cost": 1.7242460721309598, "oscillation_cost": 77.79095973966557, "completition_cost": 0.0, "overshoot_cost": 51.08448723774936, "power_cost": 13.812372326660157, "noise_cost": 10.499760207023712, "n_waypoints_completed": 9, "tot_waypoints": 9}}
{"target": -468.7408055056926, "params": {"k_pid_pos": [1.9682029485702515, 0.09561604261398315, 0.0], "k_pid_alt": [1.8902366161346436, 0.1917462944984436, 0.9751029014587402], "k_pid_att": [98.07152557373047, 0.023787841200828552, 0.8851376175880432], "k_pid_yaw": [0.5, 1e-06, 0.1], "k_pid_hsp": [8.724809646606445, 0.9876453876495361, 0.09043875336647034], "k_pid_vsp": [399.99981689453125, 385.414794921875, 7.633198261260986]}, "datetime": {"datetime": "2025-08-20 16:58:30", "elapsed": 18365.17382287979, "delta": 25.237578868865967}, "costs": {"total_cost": 468.7408055056926, "time_cost": 150, "final_distance_cost": 4.655404692761589, "oscillation_cost": 115.6097102926486, "completition_cost": 111.11111111111116, "overshoot_cost": 52.36494084909434, "power_cost": 19.047640869140626, "noise_cost": 15.951997690936325, "n_waypoints_completed": 8, "tot_waypoints": 9}}
{"target": -288.69493048981434, "params": {"k_pid_pos": [1.827880620956421, 0.02640029788017273, 0.0], "k_pid_alt": [1.8148086071014404, 0.04136165976524353, 0.969642162322998], "k_pid_att": [82.89177703857422, 0.49362537264823914, 0.7692818641662598], "k_pid_yaw": [0.5, 1e-06, 0.1], "k_pid_hsp": [9.891261100769043, 0.9526538848876953, 0.4712856113910675], "k_pid_vsp": [399.9999694824219, 288.2257995605469, 6.820810794830322]}, "datetime": {"datetime": "2025-08-20 16:58:48", "elapsed": 18382.765188694, "delta": 17.591365814208984}, "costs": {"total_cost": 288.69493048981434, "time_cost": 70.016, "final_distance_cost": 1.7149638216307286, "oscillation_cost": 139.04936024484988, "completition_cost": 0.0, "overshoot_cost": 51.41874495182885, "power_cost": 14.393723803710937, "noise_cost": 12.102137667793933, "n_waypoints_completed": 9, "tot_waypoints": 9}}
{"target": -212.68946391838543, "params": {"k_pid_pos": [1.9753469228744507, 0.05741491913795471, 3.5762786865234375e-07], "k_pid_alt": [1.7713112831115723, 0.020904242992401123, 0.9839394092559814], "k_pid_att": [94.16908264160156, 0.3140607476234436, 0.8880071043968201], "k_pid_yaw": [0.5, 1e-06, 0.1], "k_pid_hsp": [9.68438720703125, 0.9785674810409546, 0.014759063720703125], "k_pid_vsp": [399.7600402832031, 354.78570556640625, 27.713109970092773]}, "datetime": {"datetime": "2025-08-20 16:59:04", "elapsed": 18399.455584287643, "delta": 16.69039559364319}, "costs": {"total_cost": 212.68946391838543, "time_cost": 69.848, "final_distance_cost": 1.7185747240790559, "oscillation_cost": 64.27765371744829, "completition_cost": 0.0, "overshoot_cost": 50.582190398645096, "power_cost": 14.598007165527344, "noise_cost": 11.665037912685607, "n_waypoints_completed": 9, "tot_waypoints": 9}}
{"target": -208.41814311145774, "params": {"k_pid_pos": [1.840080738067627, 0.03286182880401611, 3.001093864440918e-05], "k_pid_alt": [1.9283101558685303, 0.03718411922454834, 0.9940842986106873], "k_pid_att": [96.4603271484375, 0.6048218011856079, 0.9940614700317383], "k_pid_yaw": [0.5, 1e-06, 0.1], "k_pid_hsp": [9.442173957824707, 0.9772357940673828, 0.017466604709625244], "k_pid_vsp": [399.31524658203125, 368.54461669921875, 2.7658114433288574]}, "datetime": {"datetime": "2025-08-20 16:59:21", "elapsed": 18415.90879392624, "delta": 16.45320963859558}, "costs": {"total_cost": 208.41814311145774, "time_cost": 69.376, "final_distance_cost": 1.7835210828665409, "oscillation_cost": 62.669616968126405, "completition_cost": 0.0, "overshoot_cost": 50.43554874470712, "power_cost": 12.742488562011719, "noise_cost": 11.41096775374594, "n_waypoints_completed": 9, "tot_waypoints": 9}}
{"target": -238.72765827945537, "params": {"k_pid_pos": [1.9765684604644775, 0.2911550998687744, 0.8452808260917664], "k_pid_alt": [1.228744626045227, 0.010401308536529541, 0.9630729556083679], "k_pid_att": [99.36859893798828, 1.637073278427124, 0.9928253293037415], "k_pid_yaw": [0.5, 1e-06, 0.1], "k_pid_hsp": [9.782468795776367, 0.8982125520706177, 0.01690465211868286], "k_pid_vsp": [400.0, 388.8995666503906, 9.961976051330566]}, "datetime": {"datetime": "2025-08-20 16:59:39", "elapsed": 18433.60708642006, "delta": 17.69829249382019}, "costs": {"total_cost": 238.72765827945537, "time_cost": 72.04, "final_distance_cost": 1.82065757515681, "oscillation_cost": 88.21316173936744, "completition_cost": 0.0, "overshoot_cost": 50.08846652361198, "power_cost": 14.292267492675782, "noise_cost": 12.273104948643349, "n_waypoints_completed": 9, "tot_waypoints": 9}}
{"target": -316.7920067006105, "params": {"k_pid_pos": [1.8362168073654175, 0.02051752805709839, 0.0], "k_pid_alt": [1.460394263267517, 0.008243292570114136, 0.6280326247215271], "k_pid_att": [98.01368713378906, 0.1113893985748291, 0.9423636794090271], "k_pid_yaw": [0.5, 1e-06, 0.1], "k_pid_hsp": [9.937606811523438, 0.9771213531494141, 0.21642524003982544], "k_pid_vsp": [6.556367874145508, 323.8345031738281, 7.9901227951049805]}, "datetime": {"datetime": "2025-08-20 16:59:56", "elapsed": 18450.670085191727, "delta": 17.06299877166748}, "costs": {"total_cost": 316.7920067006105, "time_cost": 75.64, "final_distance_cost": 1.7819877393270045, "oscillation_cost": 156.58542240862116, "completition_cost": 0.0, "overshoot_cost": 53.64279919670873, "power_cost": 16.832919018554687, "noise_cost": 12.308878337398943, "n_waypoints_completed": 9, "tot_waypoints": 9}}
{"target": -225.98751512244613, "params": {"k_pid_pos": [1.930669903755188, 0.10261276364326477, 2.9802322387695312e-08], "k_pid_alt": [1.985481858253479, 0.04487639665603638, 0.8871166706085205], "k_pid_att": [96.65969848632812, 0.11333577334880829, 0.8993365168571472], "k_pid_yaw": [0.5, 1e-06, 0.1], "k_pid_hsp": [6.591390609741211, 0.9795487523078918, 0.03767886757850647], "k_pid_vsp": [400.0, 382.272705078125, 10.042882919311523]}, "datetime": {"datetime": "2025-08-20 17:00:12", "elapsed": 18466.775294542313, "delta": 16.105209350585938}, "costs": {"total_cost": 225.98751512244613, "time_cost": 69.96000000000001, "final_distance_cost": 1.7800172960828187, "oscillation_cost": 75.58136357004548, "completition_cost": 0.0, "overshoot_cost": 51.24350087917695, "power_cost": 15.11892587890625, "noise_cost": 12.303707498234585, "n_waypoints_completed": 9, "tot_waypoints": 9}}
{"target": -258.160394891992, "params": {"k_pid_pos": [1.8292648792266846, 0.025653302669525146, 0.25395604968070984], "k_pid_alt": [1.7865712642669678, 0.07015997171401978, 0.9394553899765015], "k_pid_att": [26.78596305847168, 0.49999377131462097, 0.9719340801239014], "k_pid_yaw": [0.5, 1e-06, 0.1], "k_pid_hsp": [9.566027641296387, 0.9920923709869385, 0.040464311838150024], "k_pid_vsp": [399.9995422363281, 392.01861572265625, 86.55198669433594]}, "datetime": {"datetime": "2025-08-20 17:00:30", "elapsed": 18485.159868717194, "delta": 18.38457417488098}, "costs": {"total_cost": 258.160394891992, "time_cost": 80.112, "final_distance_cost": 1.828907981474401, "oscillation_cost": 95.24578557490541, "completition_cost": 0.0, "overshoot_cost": 51.088538763884436, "power_cost": 16.942726013183595, "noise_cost": 12.942436558544136, "n_waypoints_completed": 9, "tot_waypoints": 9}}
{"target": -219.3286489312083, "params": {"k_pid_pos": [1.9643980264663696, 0.05012068152427673, 0.0], "k_pid_alt": [1.8784873485565186, 0.008131146430969238, 0.9338144063949585], "k_pid_att": [97.45938110351562, 0.304103285074234, 0.997260570526123], "k_pid_yaw": [0.5, 1e-06, 0.1], "k_pid_hsp": [8.590070724487305, 0.9091052412986755, 0.06163051724433899], "k_pid_vsp": [400.0, 326.3415222167969, 2.416802406311035]}, "datetime": {"datetime": "2025-08-20 17:00:45", "elapsed": 18500.398211479187, "delta": 15.238342761993408}, "costs": {"total_cost": 219.3286489312083, "time_cost": 69.544, "final_distance_cost": 1.7281006238645897, "oscillation_cost": 72.93242768424413, "completition_cost": 0.0, "overshoot_cost": 50.221429970969155, "power_cost": 13.317503637695314, "noise_cost": 11.585187014435112, "n_waypoints_completed": 9, "tot_waypoints": 9}}
{"target": -247.2888272221396, "params": {"k_pid_pos": [1.9689642190933228, 0.010619044303894043, 2.8908252716064453e-06], "k_pid_alt": [1.9645817279815674, 0.09040975570678711, 0.9586490988731384], "k_pid_att": [98.42094421386719, 0.12659797072410583, 0.9037878513336182], "k_pid_yaw": [0.5, 1e-06, 0.1], "k_pid_hsp": [9.517343521118164, 0.9788066744804382, 0.01640462875366211], "k_pid_vsp": [400.0, 393.93707275390625, 5.928469657897949]}, "datetime": {"datetime": "2025-08-20 17:01:04", "elapsed": 18519.346491336823, "delta": 18.948279857635498}, "costs": {"total_cost": 247.2888272221396, "time_cost": 85.112, "final_distance_cost": 1.7799007362164392, "oscillation_cost": 79.25915467555635, "completition_cost": 0.0, "overshoot_cost": 51.618178623536615, "power_cost": 15.78574403076172, "noise_cost": 13.733849156068482, "n_waypoints_completed": 9, "tot_waypoints": 9}}
{"target": -439.375200224593, "params": {"k_pid_pos": [1.9233605861663818, 0.17985010147094727, 0.0], "k_pid_alt": [1.934553623199463, 0.12374204397201538, 0.981329083442688], "k_pid_att": [95.15690612792969, 0.17329566180706024, 0.9577333927154541], "k_pid_yaw": [0.5, 1e-06, 0.1], "k_pid_hsp": [5.430222988128662, 0.940752387046814, 0.040045469999313354], "k_pid_vsp": [400.0, 394.2756042480469, 27.09248161315918]}, "datetime": {"datetime": "2025-08-20 17:01:28", "elapsed": 18542.75008749962, "delta": 23.40359616279602}, "costs": {"total_cost": 439.375200224593, "time_cost": 150, "final_distance_cost": 3.1512410660333736, "oscillation_cost": 84.80701402358669, "completition_cost": 111.11111111111116, "overshoot_cost": 52.15833145757161, "power_cost": 21.872467712402344, "noise_cost": 16.275034853887846, "n_waypoints_completed": 8, "tot_waypoints": 9}}
{"target": -215.1256303430815, "params": {"k_pid_pos": [1.8480372428894043, 0.0393197238445282, 4.6193599700927734e-06], "k_pid_alt": [1.9744151830673218, 0.014607459306716919, 0.972707986831665], "k_pid_att": [98.05572509765625, 0.3463887870311737, 0.9669190645217896], "k_pid_yaw": [0.5, 1e-06, 0.1], "k_pid_hsp": [9.671707153320312, 0.8307144045829773, 0.03826498985290527], "k_pid_vsp": [326.69281005859375, 391.9717712402344, 76.41332244873047]}, "datetime": {"datetime": "2025-08-20 17:01:43", "elapsed": 18557.979937791824, "delta": 15.22985029220581}, "costs": {"total_cost": 215.1256303430815, "time_cost": 68.488, "final_distance_cost": 1.7573981238377332, "oscillation_cost": 71.6732126271729, "completition_cost": 0.0, "overshoot_cost": 49.97132224282969, "power_cost": 12.844327795410157, "noise_cost": 10.39136955383099, "n_waypoints_completed": 9, "tot_waypoints": 9}}
{"target": -319.9254683068999, "params": {"k_pid_pos": [1.9523100852966309, 0.03627294301986694, 0.01446157693862915], "k_pid_alt": [1.968578577041626, 0.03378221392631531, 0.9979566335678101], "k_pid_att": [98.20558166503906, 0.5324139595031738, 0.9739980101585388], "k_pid_yaw": [0.5, 1e-06, 0.1], "k_pid_hsp": [9.8441162109375, 0.989352822303772, 0.28556540608406067], "k_pid_vsp": [400.0, 319.177490234375, 40.96586608886719]}, "datetime": {"datetime": "2025-08-20 17:01:59", "elapsed": 18573.897168397903, "delta": 15.917230606079102}, "costs": {"total_cost": 319.9254683068999, "time_cost": 69.52, "final_distance_cost": 1.7436429512128573, "oscillation_cost": 170.41697503768685, "completition_cost": 0.0, "overshoot_cost": 50.71712844708985, "power_cost": 15.391102282714845, "noise_cost": 12.136619588195494, "n_waypoints_completed": 9, "tot_waypoints": 9}}
{"target": -220.95175442652692, "params": {"k_pid_pos": [1.913553237915039, 0.03628554940223694, 0.0012338757514953613], "k_pid_alt": [1.9941128492355347, 0.0060090720653533936, 0.9885075688362122], "k_pid_att": [98.13707733154297, 0.23931071162223816, 0.9751542806625366], "k_pid_yaw": [0.5, 1e-06, 0.1], "k_pid_hsp": [9.96556568145752, 0.9221687912940979, 0.045276135206222534], "k_pid_vsp": [400.0, 385.8083190917969, 3.573680877685547]}, "datetime": {"datetime": "2025-08-20 17:02:15", "elapsed": 18589.764756917953, "delta": 15.867588520050049}, "costs": {"total_cost": 220.95175442652692, "time_cost": 69.912, "final_distance_cost": 1.7488521318877233, "oscillation_cost": 74.39285098066163, "completition_cost": 0.0, "overshoot_cost": 50.29153797605571, "power_cost": 13.065955432128908, "noise_cost": 11.540557905792932, "n_waypoints_completed": 9, "tot_waypoints": 9}}
{"target": -218.00361081298655, "params": {"k_pid_pos": [1.9407812356948853, 0.038182199001312256, 0.006860852241516113], "k_pid_alt": [1.964779019355774, 0.03439861536026001, 0.9904012084007263], "k_pid_att": [97.27574920654297, 0.17427554726600647, 0.9972876310348511], "k_pid_yaw": [0.5, 1e-06, 0.1], "k_pid_hsp": [9.11668872833252, 0.829993724822998, 0.004974991083145142], "k_pid_vsp": [16.34748077392578, 395.30218505859375, 14.094305992126465]}, "datetime": {"datetime": "2025-08-20 17:02:30", "elapsed": 18605.413300037384, "delta": 15.648543119430542}, "costs": {"total_cost": 218.00361081298655, "time_cost": 71.368, "final_distance_cost": 1.7833143486382181, "oscillation_cost": 71.82076048956104, "completition_cost": 0.0, "overshoot_cost": 49.79194933502299, "power_cost": 13.078286560058594, "noise_cost": 10.161300079705704, "n_waypoints_completed": 9, "tot_waypoints": 9}}
{"target": -206.39946508717085, "params": {"k_pid_pos": [1.7897722721099854, 0.03042629361152649, 0.0], "k_pid_alt": [1.8868011236190796, 0.045430272817611694, 0.9827685356140137], "k_pid_att": [96.94051361083984, 0.7315489649772644, 0.9952504634857178], "k_pid_yaw": [0.5, 1e-06, 0.1], "k_pid_hsp": [9.779396057128906, 0.8094366788864136, 0.0011178553104400635], "k_pid_vsp": [400.0, 398.0259094238281, 39.17024230957031]}, "datetime": {"datetime": "2025-08-20 17:02:46", "elapsed": 18620.87445807457, "delta": 15.461158037185669}, "costs": {"total_cost": 206.39946508717085, "time_cost": 69.256, "final_distance_cost": 1.7359502332303542, "oscillation_cost": 60.646935791797695, "completition_cost": 0.0, "overshoot_cost": 50.72538291627658, "power_cost": 13.21400780029297, "noise_cost": 10.821188345573272, "n_waypoints_completed": 9, "tot_waypoints": 9}}
{"target": -263.8712446697387, "params": {"k_pid_pos": [1.9417057037353516, 0.04971304535865784, 0.0], "k_pid_alt": [1.9474396705627441, 0.14338266849517822, 0.9349833726882935], "k_pid_att": [82.27335357666016, 0.2140493243932724, 0.9687434434890747], "k_pid_yaw": [0.5, 1e-06, 0.1], "k_pid_hsp": [9.814104080200195, 0.9430097341537476, 0.01346704363822937], "k_pid_vsp": [0.06515979766845703, 381.7375183105469, 12.450839042663574]}, "datetime": {"datetime": "2025-08-20 17:03:05", "elapsed": 18640.204154729843, "delta": 19.329696655273438}, "costs": {"total_cost": 263.8712446697387, "time_cost": 85.08, "final_distance_cost": 1.7270161166048774, "oscillation_cost": 91.2482937122676, "completition_cost": 0.0, "overshoot_cost": 55.72506422828304, "power_cost": 17.467670935058596, "noise_cost": 12.62319967752463, "n_waypoints_completed": 9, "tot_waypoints": 9}}
{"target": -227.79548527425533, "params": {"k_pid_pos": [1.9464248418807983, 0.04204860329627991, 0.0], "k_pid_alt": [1.9252674579620361, 0.01007390022277832, 0.9333845376968384], "k_pid_att": [99.04463195800781, 0.08485576510429382, 0.8163051605224609], "k_pid_yaw": [0.5, 1e-06, 0.1], "k_pid_hsp": [8.148430824279785, 0.9907834529876709, 0.07322695851325989], "k_pid_vsp": [400.0, 393.0218200683594, 31.12666893005371]}, "datetime": {"datetime": "2025-08-20 17:03:21", "elapsed": 18656.18694615364, "delta": 15.982791423797607}, "costs": {"total_cost": 227.79548527425533, "time_cost": 69.376, "final_distance_cost": 1.7656609474884062, "oscillation_cost": 82.79000744049745, "completition_cost": 0.0, "overshoot_cost": 50.4245535519313, "power_cost": 12.615884423828126, "noise_cost": 10.82337891051006, "n_waypoints_completed": 9, "tot_waypoints": 9}}
{"target": -233.5297943302616, "params": {"k_pid_pos": [1.7482870817184448, 0.016293227672576904, 1.4394521713256836e-05], "k_pid_alt": [1.9806476831436157, 0.03449428081512451, 0.8195059895515442], "k_pid_att": [96.52901458740234, 0.303374320268631, 0.9284326434135437], "k_pid_yaw": [0.5, 1e-06, 0.1], "k_pid_hsp": [9.443000793457031, 0.913329005241394, 0.0641886293888092], "k_pid_vsp": [399.99993896484375, 394.9883117675781, 1.5400896072387695]}, "datetime": {"datetime": "2025-08-20 17:03:37", "elapsed": 18671.66810464859, "delta": 15.48115849494934}, "costs": {"total_cost": 233.5297943302616, "time_cost": 68.952, "final_distance_cost": 1.7800731911545664, "oscillation_cost": 88.10835346798314, "completition_cost": 0.0, "overshoot_cost": 50.0223089573652, "power_cost": 13.12839539794922, "noise_cost": 11.538663315809481, "n_waypoints_completed": 9, "tot_waypoints": 9}}
{"target": -282.22556612463285, "params": {"k_pid_pos": [1.9570233821868896, 0.004494130611419678, 0.9999508857727051], "k_pid_alt": [1.8490351438522339, 0.027774453163146973, 0.9200937747955322], "k_pid_att": [97.06781005859375, 0.11894987523555756, 0.9819201231002808], "k_pid_yaw": [0.5, 1e-06, 0.1], "k_pid_hsp": [9.656574249267578, 0.9802457094192505, 0.015082597732543945], "k_pid_vsp": [0.009393692016601562, 371.8909912109375, 24.698522567749023]}, "datetime": {"datetime": "2025-08-20 17:03:53", "elapsed": 18687.854431152344, "delta": 16.186326503753662}, "costs": {"total_cost": 282.22556612463285, "time_cost": 71.432, "final_distance_cost": 1.8239680846031183, "oscillation_cost": 129.49568840399937, "completition_cost": 0.0, "overshoot_cost": 52.214205405470715, "power_cost": 15.186978271484376, "noise_cost": 12.0727259590753, "n_waypoints_completed": 9, "tot_waypoints": 9}}
{"target": -213.567541844168, "params": {"k_pid_pos": [1.9582648277282715, 0.018879354000091553, 0.0], "k_pid_alt": [1.8224027156829834, 0.012392789125442505, 0.8698554635047913], "k_pid_att": [98.30237579345703, 2.9843156337738037, 0.9948868751525879], "k_pid_yaw": [0.5, 1e-06, 0.1], "k_pid_hsp": [8.944963455200195, 0.9557534456253052, 0.018888413906097412], "k_pid_vsp": [399.9584045410156, 379.116455078125, 37.82835006713867]}, "datetime": {"datetime": "2025-08-20 17:04:08", "elapsed": 18703.28669500351, "delta": 15.432263851165771}, "costs": {"total_cost": 213.567541844168, "time_cost": 69.392, "final_distance_cost": 1.7784136487269082, "oscillation_cost": 64.4650167039717, "completition_cost": 0.0, "overshoot_cost": 50.377446347837974, "power_cost": 15.527711743164064, "noise_cost": 12.026953400467345, "n_waypoints_completed": 9, "tot_waypoints": 9}}
{"target": -289.6555416746235, "params": {"k_pid_pos": [1.9417965412139893, 0.02442234754562378, 1.1920928955078125e-07], "k_pid_alt": [1.9241464138031006, 0.1294441521167755, 0.9926755428314209], "k_pid_att": [95.51652526855469, 0.5453763008117676, 0.9775711297988892], "k_pid_yaw": [0.5, 1e-06, 0.1], "k_pid_hsp": [9.899624824523926, 0.9847953915596008, 0.029086947441101074], "k_pid_vsp": [400.0, 379.0312194824219, 10.33992862701416]}, "datetime": {"datetime": "2025-08-20 17:04:32", "elapsed": 18726.504545211792, "delta": 23.21785020828247}, "costs": {"total_cost": 289.6555416746235, "time_cost": 99.19200000000001, "final_distance_cost": 1.7700332306249351, "oscillation_cost": 105.77064433694943, "completition_cost": 0.0, "overshoot_cost": 51.639159453766915, "power_cost": 16.859791467285156, "noise_cost": 14.423913185997117, "n_waypoints_completed": 9, "tot_waypoints": 9}}
{"target": -217.88291490348524, "params": {"k_pid_pos": [1.940761923789978, 0.03467521071434021, 0.0], "k_pid_alt": [1.8594119548797607, 0.025138020515441895, 0.9885574579238892], "k_pid_att": [95.25846099853516, 0.38452523946762085, 0.9449061751365662], "k_pid_yaw": [0.5, 1e-06, 0.1], "k_pid_hsp": [9.935608863830566, 0.959399402141571, 0.026636242866516113], "k_pid_vsp": [400.0, 397.7456970214844, 1.4436373710632324]}, "datetime": {"datetime": "2025-08-20 17:04:48", "elapsed": 18742.60581970215, "delta": 16.101274490356445}, "costs": {"total_cost": 217.88291490348524, "time_cost": 69.76, "final_distance_cost": 1.7294617759483084, "oscillation_cost": 71.3331656735849, "completition_cost": 0.0, "overshoot_cost": 50.19833762271104, "power_cost": 13.27067412109375, "noise_cost": 11.591275710147212, "n_waypoints_completed": 9, "tot_waypoints": 9}}
