{"target": -212.70100619469474, "params": {"k_pid_pos": [1.9418694972991943, 0.009694069623947144, 0.0], "k_pid_alt": [1.9589481353759766, 0.052434682846069336, 0.9893901348114014], "k_pid_att": [99.01278686523438, 0.04121844843029976, 0.9459562301635742], "k_pid_yaw": [0.5, 1e-06, 0.1], "k_pid_hsp": [8.903295516967773, 0.9923946857452393, 0.036677420139312744], "k_pid_vsp": [400.0, 397.23370361328125, 5.9851179122924805]}, "datetime": {"datetime": "2025-08-20 20:27:15", "elapsed": 30890.25071644783, "delta": 15.405858755111694}, "costs": {"total_cost": 212.70100619469474, "time_cost": 69.60000000000001, "final_distance_cost": 1.76638381546139, "oscillation_cost": 65.82444430608594, "completition_cost": 0.0, "overshoot_cost": 50.73096881813253, "power_cost": 13.138517968750001, "noise_cost": 11.640691286264886, "n_waypoints_completed": 9, "tot_waypoints": 9}}
{"target": -213.43073737809567, "params": {"k_pid_pos": [1.8667380809783936, 0.03229352831840515, 5.960464477539063e-08], "k_pid_alt": [1.9897011518478394, 0.03412911295890808, 0.984642505645752], "k_pid_att": [98.04386138916016, 0.11316798627376556, 0.8830609321594238], "k_pid_yaw": [0.5, 1e-06, 0.1], "k_pid_hsp": [9.668333053588867, 0.9921269416809082, 0.04596337676048279], "k_pid_vsp": [400.0, 392.2296447753906, 6.24979829788208]}, "datetime": {"datetime": "2025-08-20 20:27:32", "elapsed": 30906.87084698677, "delta": 16.62013053894043}, "costs": {"total_cost": 213.43073737809567, "time_cost": 69.768, "final_distance_cost": 1.7826342705520568, "oscillation_cost": 66.7738821945975, "completition_cost": 0.0, "overshoot_cost": 50.430920185696436, "power_cost": 13.114162072753906, "noise_cost": 11.561138654495785, "n_waypoints_completed": 9, "tot_waypoints": 9}}
{"target": -223.25181596678516, "params": {"k_pid_pos": [1.9116414785385132, 0.06111821532249451, 0.0], "k_pid_alt": [1.994956135749817, 0.015225797891616821, 0.9848015308380127], "k_pid_att": [91.14366912841797, 0.06615111976861954, 0.9934242963790894], "k_pid_yaw": [0.5, 1e-06, 0.1], "k_pid_hsp": [9.595354080200195, 0.962005615234375, 0.05715709924697876], "k_pid_vsp": [400.0, 393.06011962890625, 2.6309738159179688]}, "datetime": {"datetime": "2025-08-20 20:27:47", "elapsed": 30922.365120887756, "delta": 15.494273900985718}, "costs": {"total_cost": 223.25181596678516, "time_cost": 69.816, "final_distance_cost": 1.770401345062481, "oscillation_cost": 76.24944692796052, "completition_cost": 0.0, "overshoot_cost": 50.52354334456146, "power_cost": 13.299123315429688, "noise_cost": 11.59330103377101, "n_waypoints_completed": 9, "tot_waypoints": 9}}
{"target": -239.20820309614328, "params": {"k_pid_pos": [1.970365285873413, 0.03049778938293457, 0.0], "k_pid_alt": [1.9122238159179688, 0.08082398772239685, 0.9948505163192749], "k_pid_att": [99.31441497802734, 0.1597670316696167, 0.9992954730987549], "k_pid_yaw": [0.5, 1e-06, 0.1], "k_pid_hsp": [9.604851722717285, 0.9922070503234863, 0.005777537822723389], "k_pid_vsp": [400.0, 392.0417175292969, 1.1537203788757324]}, "datetime": {"datetime": "2025-08-20 20:28:07", "elapsed": 30941.567318201065, "delta": 19.202197313308716}, "costs": {"total_cost": 239.20820309614328, "time_cost": 83.016, "final_distance_cost": 1.7516657330219851, "oscillation_cost": 73.7488388915916, "completition_cost": 0.0, "overshoot_cost": 52.157922474300484, "power_cost": 15.263146240234375, "noise_cost": 13.270629756994865, "n_waypoints_completed": 9, "tot_waypoints": 9}}
{"target": -225.57671079797515, "params": {"k_pid_pos": [1.994258165359497, 0.013930588960647583, 0.0], "k_pid_alt": [1.9823778867721558, 0.03268396854400635, 0.9574110507965088], "k_pid_att": [88.79142761230469, 0.18826492130756378, 0.9947628974914551], "k_pid_yaw": [0.5, 1e-06, 0.1], "k_pid_hsp": [9.500704765319824, 0.9821181893348694, 0.03413093090057373], "k_pid_vsp": [400.0, 397.2511291503906, 8.088041305541992]}, "datetime": {"datetime": "2025-08-20 20:28:24", "elapsed": 30958.688498020172, "delta": 17.121179819107056}, "costs": {"total_cost": 225.57671079797515, "time_cost": 69.48, "final_distance_cost": 1.7372666863483628, "oscillation_cost": 79.63631799125838, "completition_cost": 0.0, "overshoot_cost": 49.76358635757891, "power_cost": 13.320814038085938, "noise_cost": 11.638725724703571, "n_waypoints_completed": 9, "tot_waypoints": 9}}
{"target": -261.1502607995753, "params": {"k_pid_pos": [1.9856864213943481, 0.016865462064743042, 0.0], "k_pid_alt": [1.916582465171814, 0.08718103170394897, 0.9962924718856812], "k_pid_att": [99.43907165527344, 0.9329158663749695, 0.8892097473144531], "k_pid_yaw": [0.5, 1e-06, 0.1], "k_pid_hsp": [9.941970825195312, 0.9795640707015991, 0.028134018182754517], "k_pid_vsp": [400.0, 374.1678771972656, 1.6609678268432617]}, "datetime": {"datetime": "2025-08-20 20:28:42", "elapsed": 30977.173097133636, "delta": 18.484599113464355}, "costs": {"total_cost": 261.1502607995753, "time_cost": 85.68, "final_distance_cost": 1.7714609339092782, "oscillation_cost": 91.32531799733628, "completition_cost": 0.0, "overshoot_cost": 51.856833284635016, "power_cost": 16.37748465576172, "noise_cost": 14.139163927932954, "n_waypoints_completed": 9, "tot_waypoints": 9}}
{"target": -209.94354426948578, "params": {"k_pid_pos": [1.9488394260406494, 0.012827157974243164, 0.0], "k_pid_alt": [1.8472621440887451, 0.025711894035339355, 0.990221381187439], "k_pid_att": [99.4902572631836, 0.3418159484863281, 0.9878876209259033], "k_pid_yaw": [0.5, 1e-06, 0.1], "k_pid_hsp": [9.901020050048828, 0.9951485395431519, 0.01745888590812683], "k_pid_vsp": [400.0, 396.7275085449219, 49.701236724853516]}, "datetime": {"datetime": "2025-08-20 20:28:59", "elapsed": 30994.37952566147, "delta": 17.20642852783203}, "costs": {"total_cost": 209.94354426948578, "time_cost": 69.424, "final_distance_cost": 1.744801202802195, "oscillation_cost": 62.151332405857296, "completition_cost": 0.0, "overshoot_cost": 50.609838039471015, "power_cost": 14.542325952148438, "noise_cost": 11.471246669206826, "n_waypoints_completed": 9, "tot_waypoints": 9}}
{"target": -264.5004611344811, "params": {"k_pid_pos": [1.884151577949524, 0.03029349446296692, 0.0], "k_pid_alt": [1.9463763236999512, 0.1407090425491333, 0.9657911062240601], "k_pid_att": [97.84917449951172, 0.6322826147079468, 0.9581616520881653], "k_pid_yaw": [0.5, 1e-06, 0.1], "k_pid_hsp": [9.823071479797363, 0.9808281064033508, 0.010546445846557617], "k_pid_vsp": [400.0, 395.66876220703125, 6.255448818206787]}, "datetime": {"datetime": "2025-08-20 20:29:22", "elapsed": 31017.438561201096, "delta": 23.059035539627075}, "costs": {"total_cost": 264.5004611344811, "time_cost": 99.12, "final_distance_cost": 1.765436031875608, "oscillation_cost": 78.76741463724906, "completition_cost": 0.0, "overshoot_cost": 51.968105077891764, "power_cost": 17.67967725830078, "noise_cost": 15.199828129163832, "n_waypoints_completed": 9, "tot_waypoints": 9}}
{"target": -207.08414598208418, "params": {"k_pid_pos": [1.888351321220398, 0.00826224684715271, 0.0], "k_pid_alt": [1.954750895500183, 0.009663194417953491, 0.9847744703292847], "k_pid_att": [99.42084503173828, 0.3136393427848816, 0.9586548805236816], "k_pid_yaw": [0.5, 1e-06, 0.1], "k_pid_hsp": [9.443780899047852, 0.9616121053695679, 0.0049054622650146484], "k_pid_vsp": [400.0, 395.1485595703125, 15.524126052856445]}, "datetime": {"datetime": "2025-08-20 20:29:38", "elapsed": 31032.599591255188, "delta": 15.161030054092407}, "costs": {"total_cost": 207.08414598208418, "time_cost": 69.504, "final_distance_cost": 1.7386781259727766, "oscillation_cost": 59.362735447728106, "completition_cost": 0.0, "overshoot_cost": 50.54558635140349, "power_cost": 14.534395910644532, "noise_cost": 11.398750146335257, "n_waypoints_completed": 9, "tot_waypoints": 9}}
{"target": -210.48252017746447, "params": {"k_pid_pos": [1.974732518196106, 0.1046435534954071, 0.0], "k_pid_alt": [1.9786555767059326, 0.036188870668411255, 0.9805493950843811], "k_pid_att": [99.32742309570312, 0.32561737298965454, 0.9921650886535645], "k_pid_yaw": [0.5, 1e-06, 0.1], "k_pid_hsp": [9.72601318359375, 0.9823622703552246, 0.01662883162498474], "k_pid_vsp": [400.0, 397.68072509765625, 3.072286605834961]}, "datetime": {"datetime": "2025-08-20 20:29:55", "elapsed": 31049.68908047676, "delta": 17.089489221572876}, "costs": {"total_cost": 210.48252017746447, "time_cost": 70.384, "final_distance_cost": 1.753472898005769, "oscillation_cost": 62.343830134791844, "completition_cost": 0.0, "overshoot_cost": 50.71484661514422, "power_cost": 13.400534448242189, "noise_cost": 11.885836081280472, "n_waypoints_completed": 9, "tot_waypoints": 9}}
{"target": -222.41298064339028, "params": {"k_pid_pos": [1.9445043802261353, 0.013886570930480957, 0.0], "k_pid_alt": [1.9822639226913452, 0.027374267578125, 0.969695508480072], "k_pid_att": [89.93148803710938, 0.36379823088645935, 0.9960670471191406], "k_pid_yaw": [0.5, 1e-06, 0.1], "k_pid_hsp": [9.911150932312012, 0.6245787739753723, 0.019332587718963623], "k_pid_vsp": [400.0, 392.8616638183594, 0.7973442673683167]}, "datetime": {"datetime": "2025-08-20 20:30:10", "elapsed": 31064.923854351044, "delta": 15.234773874282837}, "costs": {"total_cost": 222.41298064339028, "time_cost": 69.44, "final_distance_cost": 1.7839900053052484, "oscillation_cost": 76.3431599289289, "completition_cost": 0.0, "overshoot_cost": 50.43916932308295, "power_cost": 12.950903430175781, "noise_cost": 11.455757955897433, "n_waypoints_completed": 9, "tot_waypoints": 9}}
{"target": -241.10732321601938, "params": {"k_pid_pos": [1.9449900388717651, 0.07467198371887207, 0.0], "k_pid_alt": [1.9572161436080933, 0.03564944863319397, 0.9708616733551025], "k_pid_att": [98.08428192138672, 0.327233225107193, 0.997008204460144], "k_pid_yaw": [0.5, 1e-06, 0.1], "k_pid_hsp": [9.929039001464844, 0.985898494720459, 0.06743904948234558], "k_pid_vsp": [400.0, 392.8623962402344, 15.88502025604248]}, "datetime": {"datetime": "2025-08-20 20:30:27", "elapsed": 31082.243536233902, "delta": 17.319681882858276}, "costs": {"total_cost": 241.10732321601938, "time_cost": 69.70400000000001, "final_distance_cost": 1.7146675714818431, "oscillation_cost": 93.62935736098561, "completition_cost": 0.0, "overshoot_cost": 50.67491660185315, "power_cost": 13.888978491210938, "noise_cost": 11.495403190487847, "n_waypoints_completed": 9, "tot_waypoints": 9}}
{"target": -254.77706472150567, "params": {"k_pid_pos": [1.9271111488342285, 0.011133372783660889, 0.0], "k_pid_alt": [1.9677622318267822, 0.043099045753479004, 0.9924299716949463], "k_pid_att": [98.48087310791016, 1.3540089130401611, 0.9645989537239075], "k_pid_yaw": [0.5, 1e-06, 0.1], "k_pid_hsp": [9.87395191192627, 0.9785547256469727, 0.07592552900314331], "k_pid_vsp": [400.0, 398.0118713378906, 10.648049354553223]}, "datetime": {"datetime": "2025-08-20 20:30:42", "elapsed": 31097.36515522003, "delta": 15.12161898612976}, "costs": {"total_cost": 254.77706472150567, "time_cost": 69.288, "final_distance_cost": 1.72443558493788, "oscillation_cost": 108.50335032381923, "completition_cost": 0.0, "overshoot_cost": 50.45368961338494, "power_cost": 13.37035955810547, "noise_cost": 11.437229641258174, "n_waypoints_completed": 9, "tot_waypoints": 9}}
{"target": -223.48335932133503, "params": {"k_pid_pos": [1.7667126655578613, 0.01660558581352234, 0.0], "k_pid_alt": [1.7724541425704956, 0.025585830211639404, 0.9939030408859253], "k_pid_att": [98.32401275634766, 1.2170850038528442, 0.9721958041191101], "k_pid_yaw": [0.5, 1e-06, 0.1], "k_pid_hsp": [9.101932525634766, 0.9939263463020325, 0.0028757452964782715], "k_pid_vsp": [400.0, 393.9985656738281, 9.493102073669434]}, "datetime": {"datetime": "2025-08-20 20:31:00", "elapsed": 31114.631903886795, "delta": 17.266748666763306}, "costs": {"total_cost": 223.48335932133503, "time_cost": 69.416, "final_distance_cost": 1.794732861791198, "oscillation_cost": 75.41472567323734, "completition_cost": 0.0, "overshoot_cost": 50.56827889913202, "power_cost": 14.425072692871094, "noise_cost": 11.864549194303372, "n_waypoints_completed": 9, "tot_waypoints": 9}}
{"target": -206.97991026549698, "params": {"k_pid_pos": [1.7278848886489868, 0.04381003975868225, 0.0], "k_pid_alt": [1.9134035110473633, 0.010828107595443726, 0.9930217266082764], "k_pid_att": [98.88838195800781, 0.02538791112601757, 0.9719735980033875], "k_pid_yaw": [0.5, 1e-06, 0.1], "k_pid_hsp": [9.985020637512207, 0.9864755868911743, 0.011832505464553833], "k_pid_vsp": [400.0, 392.7646484375, 11.660231590270996]}, "datetime": {"datetime": "2025-08-20 20:31:15", "elapsed": 31129.616041898727, "delta": 14.984138011932373}, "costs": {"total_cost": 206.97991026549698, "time_cost": 69.488, "final_distance_cost": 1.781334623622588, "oscillation_cost": 59.68137621338566, "completition_cost": 0.0, "overshoot_cost": 50.09162504516176, "power_cost": 14.396843896484375, "noise_cost": 11.540730486842628, "n_waypoints_completed": 9, "tot_waypoints": 9}}
{"target": -209.45821446229243, "params": {"k_pid_pos": [1.9400207996368408, 0.006175041198730469, 0.0], "k_pid_alt": [1.9527909755706787, 0.04321432113647461, 0.9669649600982666], "k_pid_att": [99.5682144165039, 0.10126565396785736, 0.9858638048171997], "k_pid_yaw": [0.5, 1e-06, 0.1], "k_pid_hsp": [9.67607593536377, 0.9917284250259399, 0.008257299661636353], "k_pid_vsp": [399.9865417480469, 391.11480712890625, 12.560583114624023]}, "datetime": {"datetime": "2025-08-20 20:31:32", "elapsed": 31146.88766026497, "delta": 17.271618366241455}, "costs": {"total_cost": 209.45821446229243, "time_cost": 69.624, "final_distance_cost": 1.7739699584660642, "oscillation_cost": 63.02857825550197, "completition_cost": 0.0, "overshoot_cost": 50.843757650533625, "power_cost": 13.295878833007814, "noise_cost": 10.892029764782952, "n_waypoints_completed": 9, "tot_waypoints": 9}}
{"target": -210.65408145537754, "params": {"k_pid_pos": [1.9401860237121582, 0.029361605644226074, 0.0], "k_pid_alt": [1.869399070739746, 0.033029258251190186, 0.951775848865509], "k_pid_att": [98.4858169555664, 0.23696887493133545, 0.9691433310508728], "k_pid_yaw": [0.5, 1e-06, 0.1], "k_pid_hsp": [9.560528755187988, 0.9616012573242188, 0.01818189024925232], "k_pid_vsp": [400.0, 385.8137512207031, 17.74101448059082]}, "datetime": {"datetime": "2025-08-20 20:31:47", "elapsed": 31161.778569936752, "delta": 14.890909671783447}, "costs": {"total_cost": 210.65408145537754, "time_cost": 69.688, "final_distance_cost": 1.7328078141236842, "oscillation_cost": 60.1554119087802, "completition_cost": 0.0, "overshoot_cost": 50.1830201939199, "power_cost": 16.316586657714844, "noise_cost": 12.57825488083889, "n_waypoints_completed": 9, "tot_waypoints": 9}}
{"target": -223.53502298829454, "params": {"k_pid_pos": [1.8907221555709839, 0.0015514791011810303, 0.0], "k_pid_alt": [1.9864327907562256, 0.03122258186340332, 0.9280536770820618], "k_pid_att": [97.70287322998047, 0.34070107340812683, 0.9111666679382324], "k_pid_yaw": [0.5, 1e-06, 0.1], "k_pid_hsp": [9.783143043518066, 0.9093530178070068, 0.01812043786048889], "k_pid_vsp": [399.9985656738281, 386.1498718261719, 10.524500846862793]}, "datetime": {"datetime": "2025-08-20 20:32:04", "elapsed": 31179.171016454697, "delta": 17.392446517944336}, "costs": {"total_cost": 223.53502298829454, "time_cost": 69.568, "final_distance_cost": 1.7915242045888968, "oscillation_cost": 74.33145515892537, "completition_cost": 0.0, "overshoot_cost": 50.4615610004899, "power_cost": 15.244200769042969, "noise_cost": 12.138281855247424, "n_waypoints_completed": 9, "tot_waypoints": 9}}
{"target": -223.84361068962943, "params": {"k_pid_pos": [1.950439691543579, 0.02976551651954651, 0.0], "k_pid_alt": [1.8723969459533691, 0.008446991443634033, 0.8220949172973633], "k_pid_att": [91.84379577636719, 0.40239423513412476, 0.900105357170105], "k_pid_yaw": [0.5, 1e-06, 0.1], "k_pid_hsp": [9.783034324645996, 0.8803273439407349, 0.07161444425582886], "k_pid_vsp": [400.0, 378.4521179199219, 7.949472427368164]}, "datetime": {"datetime": "2025-08-20 20:32:19", "elapsed": 31194.305589437485, "delta": 15.134572982788086}, "costs": {"total_cost": 223.84361068962943, "time_cost": 69.288, "final_distance_cost": 1.7738845601496604, "oscillation_cost": 76.9914383442488, "completition_cost": 0.0, "overshoot_cost": 50.638550936115365, "power_cost": 13.419364086914063, "noise_cost": 11.732372762201555, "n_waypoints_completed": 9, "tot_waypoints": 9}}
{"target": -237.70238971390066, "params": {"k_pid_pos": [1.9188389778137207, 0.009803354740142822, 0.0], "k_pid_alt": [1.9747223854064941, 0.06377509236335754, 0.9859400391578674], "k_pid_att": [94.03792572021484, 0.8402006030082703, 0.9967714548110962], "k_pid_yaw": [0.5, 1e-06, 0.1], "k_pid_hsp": [9.93447208404541, 0.9791045188903809, 0.041667431592941284], "k_pid_vsp": [400.0, 392.37994384765625, 5.747128486633301]}, "datetime": {"datetime": "2025-08-20 20:32:37", "elapsed": 31212.10297560692, "delta": 17.797386169433594}, "costs": {"total_cost": 237.70238971390066, "time_cost": 77.52, "final_distance_cost": 1.7623166208768186, "oscillation_cost": 79.34583174306394, "completition_cost": 0.0, "overshoot_cost": 52.012200811471764, "power_cost": 14.362132495117189, "noise_cost": 12.69990804337097, "n_waypoints_completed": 9, "tot_waypoints": 9}}
{"target": -209.34517283167207, "params": {"k_pid_pos": [1.8505384922027588, 0.00649416446685791, 0.0], "k_pid_alt": [1.967303991317749, 0.015303105115890503, 0.9916272163391113], "k_pid_att": [98.85704040527344, 0.09051874279975891, 0.920229434967041], "k_pid_yaw": [0.5, 1e-06, 0.1], "k_pid_hsp": [9.891439437866211, 0.981482982635498, 0.038869231939315796], "k_pid_vsp": [400.0, 393.62945556640625, 7.563889980316162]}, "datetime": {"datetime": "2025-08-20 20:32:52", "elapsed": 31226.94997239113, "delta": 14.846996784210205}, "costs": {"total_cost": 209.34517283167207, "time_cost": 69.376, "final_distance_cost": 1.7446459060925776, "oscillation_cost": 63.236305035675336, "completition_cost": 0.0, "overshoot_cost": 50.338923830737286, "power_cost": 13.087950793457033, "noise_cost": 11.561347265709854, "n_waypoints_completed": 9, "tot_waypoints": 9}}
{"target": -240.06709153791164, "params": {"k_pid_pos": [1.9909946918487549, 0.010861605405807495, 5.960464477539063e-08], "k_pid_alt": [1.9706090688705444, 0.0778799057006836, 0.961640477180481], "k_pid_att": [95.34270477294922, 0.38865965604782104, 0.9871729612350464], "k_pid_yaw": [0.5, 1e-06, 0.1], "k_pid_hsp": [9.906440734863281, 0.9665590524673462, 0.006408333778381348], "k_pid_vsp": [400.0, 388.3384094238281, 5.092013835906982]}, "datetime": {"datetime": "2025-08-20 20:33:13", "elapsed": 31248.170634508133, "delta": 21.220662117004395}, "costs": {"total_cost": 240.06709153791164, "time_cost": 81.04, "final_distance_cost": 1.7973051009426937, "oscillation_cost": 76.73303433442666, "completition_cost": 0.0, "overshoot_cost": 52.24820043005108, "power_cost": 15.109680578613283, "noise_cost": 13.138871093877928, "n_waypoints_completed": 9, "tot_waypoints": 9}}
{"target": -212.63120966479573, "params": {"k_pid_pos": [1.977939248085022, 0.024165719747543335, 2.6404857635498047e-05], "k_pid_alt": [1.947690486907959, 0.01205494999885559, 0.976110577583313], "k_pid_att": [97.69762420654297, 0.6425642967224121, 0.9628471732139587], "k_pid_yaw": [0.5, 1e-06, 0.1], "k_pid_hsp": [9.248146057128906, 0.9326385259628296, 0.048710256814956665], "k_pid_vsp": [400.0, 388.9458312988281, 11.94003963470459]}, "datetime": {"datetime": "2025-08-20 20:33:28", "elapsed": 31263.261256933212, "delta": 15.090622425079346}, "costs": {"total_cost": 212.63120966479573, "time_cost": 69.72, "final_distance_cost": 1.7368726347397596, "oscillation_cost": 66.06032806378039, "completition_cost": 0.0, "overshoot_cost": 50.778754215071274, "power_cost": 13.193732287597657, "noise_cost": 11.141522463606648, "n_waypoints_completed": 9, "tot_waypoints": 9}}
{"target": -215.0956066255307, "params": {"k_pid_pos": [1.9737058877944946, 0.012800365686416626, 0.0], "k_pid_alt": [1.968529462814331, 0.033737242221832275, 0.9854573011398315], "k_pid_att": [95.09194946289062, 0.2292015701532364, 0.9967966079711914], "k_pid_yaw": [0.5, 1e-06, 0.1], "k_pid_hsp": [9.816715240478516, 0.9323925971984863, 0.011997640132904053], "k_pid_vsp": [400.0, 395.37127685546875, 13.162375450134277]}, "datetime": {"datetime": "2025-08-20 20:33:45", "elapsed": 31279.622949123383, "delta": 16.361692190170288}, "costs": {"total_cost": 215.0956066255307, "time_cost": 69.752, "final_distance_cost": 1.7439274485318517, "oscillation_cost": 62.873080258617605, "completition_cost": 0.0, "overshoot_cost": 50.299543831710345, "power_cost": 17.21340623779297, "noise_cost": 13.21364884887795, "n_waypoints_completed": 9, "tot_waypoints": 9}}
{"target": -220.22852843006848, "params": {"k_pid_pos": [1.935355544090271, 0.028124362230300903, 0.0], "k_pid_alt": [1.8418810367584229, 0.03498661518096924, 0.9689768552780151], "k_pid_att": [93.29442596435547, 0.0757250189781189, 0.9660559296607971], "k_pid_yaw": [0.5, 1e-06, 0.1], "k_pid_hsp": [9.814838409423828, 0.910934567451477, 0.017657846212387085], "k_pid_vsp": [400.0, 385.65411376953125, 8.87975788116455]}, "datetime": {"datetime": "2025-08-20 20:34:01", "elapsed": 31295.511513471603, "delta": 15.888564348220825}, "costs": {"total_cost": 220.22852843006848, "time_cost": 69.83200000000001, "final_distance_cost": 1.7344302880956879, "oscillation_cost": 74.88077923918681, "completition_cost": 0.0, "overshoot_cost": 50.14673589941047, "power_cost": 12.607588256835939, "noise_cost": 11.02699474653956, "n_waypoints_completed": 9, "tot_waypoints": 9}}
