{"target": -238.87754347861284, "params": {"k_pid_pos": [0.7917465567588806, 0.1693795621395111, 0.0], "k_pid_alt": [1.0784828662872314, 0.053070068359375, 0.8704496026039124], "k_pid_att": [98.9932632446289, 0.6150504946708679, 0.6551849842071533], "k_pid_yaw": [0.5, 1e-06, 0.1], "k_pid_hsp": [6.932922840118408, 0.9809938669204712, 0.008082985877990723], "k_pid_vsp": [399.6256408691406, 389.2162780761719, 8.897496223449707]}, "datetime": {"datetime": "2025-08-20 13:42:34", "elapsed": 6609.224875688553, "delta": 24.990483283996582}, "costs": {"total_cost": 238.87754347861284, "time_cost": 93.664, "final_distance_cost": 1.828642262622476, "oscillation_cost": 59.72802199251768, "completition_cost": 0.0, "overshoot_cost": 50.704454277439154, "power_cost": 17.833800256347658, "noise_cost": 15.118624689685877, "n_waypoints_completed": 9, "tot_waypoints": 9}}
{"target": -1074.0860601823597, "params": {"k_pid_pos": [0.7556624412536621, 0.2265656590461731, 0.9680774211883545], "k_pid_alt": [0.04718142747879028, 0.21713215112686157, 0.9079164266586304], "k_pid_att": [78.73748779296875, 0.08196616172790527, 0.926972508430481], "k_pid_yaw": [0.5, 1e-06, 0.1], "k_pid_hsp": [9.614608764648438, 0.9413476586341858, 0.1129249632358551], "k_pid_vsp": [399.9997253417969, 387.577880859375, 274.7251892089844]}, "datetime": {"datetime": "2025-08-20 13:43:02", "elapsed": 6637.487164974213, "delta": 28.26228928565979}, "costs": {"total_cost": 1074.0860601823597, "time_cost": 150, "final_distance_cost": 55.85867437873593, "oscillation_cost": 332.1701850880898, "completition_cost": 444.4444444444444, "overshoot_cost": 51.752960049480976, "power_cost": 21.88054393310547, "noise_cost": 17.979252288503165, "n_waypoints_completed": 5, "tot_waypoints": 9}}
{"target": -959.9975807523111, "params": {"k_pid_pos": [1.9698139429092407, 0.7881196141242981, 0.9986362457275391], "k_pid_alt": [0.43968522548675537, 0.8516958951950073, 0.8744243383407593], "k_pid_att": [69.384765625, 2.244561195373535, 0.9614149332046509], "k_pid_yaw": [0.5, 1e-06, 0.1], "k_pid_hsp": [4.736467361450195, 0.9696362018585205, 0.3994337022304535], "k_pid_vsp": [399.98388671875, 382.1280517578125, 82.84330749511719]}, "datetime": {"datetime": "2025-08-20 13:43:30", "elapsed": 6664.672773838043, "delta": 27.185608863830566}, "costs": {"total_cost": 959.9975807523111, "time_cost": 150, "final_distance_cost": 60.00459662354679, "oscillation_cost": 217.28199559468197, "completition_cost": 444.4444444444444, "overshoot_cost": 49.2563332331799, "power_cost": 21.726137365722657, "noise_cost": 17.284073490735246, "n_waypoints_completed": 5, "tot_waypoints": 9}}
{"target": -704.6132102940268, "params": {"k_pid_pos": [1.955061912536621, 0.6205618381500244, 0.0], "k_pid_alt": [0.7267028093338013, 0.19231903553009033, 0.9023451805114746], "k_pid_att": [94.51116180419922, 0.445871502161026, 0.9864592552185059], "k_pid_yaw": [0.5, 1e-06, 0.1], "k_pid_hsp": [6.272148132324219, 0.882901668548584, 0.033898890018463135], "k_pid_vsp": [294.5766906738281, 380.8594970703125, 228.2115936279297]}, "datetime": {"datetime": "2025-08-20 13:43:55", "elapsed": 6689.829592227936, "delta": 25.156818389892578}, "costs": {"total_cost": 704.6132102940268, "time_cost": 150, "final_distance_cost": 62.22253521288185, "oscillation_cost": 73.29156358135074, "completition_cost": 333.33333333333337, "overshoot_cost": 50.788178727161466, "power_cost": 20.102528552246095, "noise_cost": 14.875070887053253, "n_waypoints_completed": 6, "tot_waypoints": 9}}
{"target": -447.20774450904497, "params": {"k_pid_pos": [1.7079873085021973, 0.03420749306678772, 0.00013905763626098633], "k_pid_alt": [0.5050718188285828, 0.10460001230239868, 0.935726523399353], "k_pid_att": [87.06243896484375, 0.34015002846717834, 0.979935884475708], "k_pid_yaw": [0.5, 1e-06, 0.1], "k_pid_hsp": [1.2002334594726562, 0.9829095602035522, 0.004702329635620117], "k_pid_vsp": [400.0, 379.2593078613281, 287.41546630859375]}, "datetime": {"datetime": "2025-08-20 13:44:21", "elapsed": 6715.590230703354, "delta": 25.76063847541809}, "costs": {"total_cost": 447.20774450904497, "time_cost": 150, "final_distance_cost": 8.083846262722897, "oscillation_cost": 78.78428539842002, "completition_cost": 111.11111111111116, "overshoot_cost": 57.92316207434666, "power_cost": 24.44300545654297, "noise_cost": 16.86233420590134, "n_waypoints_completed": 8, "tot_waypoints": 9}}
{"target": -798.1943024577848, "params": {"k_pid_pos": [1.9156787395477295, 0.186492919921875, 0.9999821186065674], "k_pid_alt": [0.17317384481430054, 0.03737837076187134, 0.9850767850875854], "k_pid_att": [81.14575958251953, 0.19294382631778717, 0.9842696189880371], "k_pid_yaw": [0.5, 1e-06, 0.1], "k_pid_hsp": [6.67875862121582, 0.9755527973175049, 0.0655493438243866], "k_pid_vsp": [399.9808349609375, 373.6239929199219, 39.34099578857422]}, "datetime": {"datetime": "2025-08-20 13:44:46", "elapsed": 6740.526330947876, "delta": 24.936100244522095}, "costs": {"total_cost": 798.1943024577848, "time_cost": 150, "final_distance_cost": 72.29922161952499, "oscillation_cost": 270.31266786409464, "completition_cost": 222.2222222222222, "overshoot_cost": 46.69693681209937, "power_cost": 20.887581591796877, "noise_cost": 15.775672348046813, "n_waypoints_completed": 7, "tot_waypoints": 9}}
{"target": -333.95098053031194, "params": {"k_pid_pos": [1.8517345190048218, 0.18206971883773804, 3.5762786865234375e-07], "k_pid_alt": [0.512161135673523, 0.012781500816345215, 0.9824687242507935], "k_pid_att": [49.54217529296875, 1.1113951206207275, 0.9798861145973206], "k_pid_yaw": [0.5, 1e-06, 0.1], "k_pid_hsp": [3.7312936782836914, 0.973488450050354, 0.24865800142288208], "k_pid_vsp": [399.6778869628906, 392.1701965332031, 114.65593719482422]}, "datetime": {"datetime": "2025-08-20 13:45:08", "elapsed": 6762.593220949173, "delta": 22.066890001296997}, "costs": {"total_cost": 333.95098053031194, "time_cost": 93.2, "final_distance_cost": 1.7980434885131438, "oscillation_cost": 149.85676531973482, "completition_cost": 0.0, "overshoot_cost": 51.70346850745213, "power_cost": 21.37221688232422, "noise_cost": 16.020486332287593, "n_waypoints_completed": 9, "tot_waypoints": 9}}
{"target": -513.8340468343645, "params": {"k_pid_pos": [1.7811975479125977, 0.13072842359542847, 0.0], "k_pid_alt": [0.5267319679260254, 0.0431152880191803, 0.7973769903182983], "k_pid_att": [92.68889617919922, 1.089684009552002, 0.6925307512283325], "k_pid_yaw": [0.5, 1e-06, 0.1], "k_pid_hsp": [8.610676765441895, 0.8385791778564453, 0.03553581237792969], "k_pid_vsp": [396.1297607421875, 308.7914123535156, 202.6258544921875]}, "datetime": {"datetime": "2025-08-20 13:45:32", "elapsed": 6786.6948454380035, "delta": 24.101624488830566}, "costs": {"total_cost": 513.8340468343645, "time_cost": 150, "final_distance_cost": 48.3926014754062, "oscillation_cost": 116.68698185543099, "completition_cost": 111.11111111111116, "overshoot_cost": 50.96674390910882, "power_cost": 21.09014440917969, "noise_cost": 15.586464074127695, "n_waypoints_completed": 8, "tot_waypoints": 9}}
{"target": -514.6929774637309, "params": {"k_pid_pos": [1.6261950731277466, 0.6778073906898499, 2.9802322387695312e-08], "k_pid_alt": [0.5941296219825745, 0.04469999670982361, 0.8201068639755249], "k_pid_att": [99.12088012695312, 4.598966121673584, 0.9930254220962524], "k_pid_yaw": [0.5, 1e-06, 0.1], "k_pid_hsp": [9.308133125305176, 0.9808473587036133, 0.11901658773422241], "k_pid_vsp": [400.0, 382.2668151855469, 12.676299095153809]}, "datetime": {"datetime": "2025-08-20 13:45:58", "elapsed": 6812.578580617905, "delta": 25.883735179901123}, "costs": {"total_cost": 514.6929774637309, "time_cost": 150, "final_distance_cost": 55.708770313583564, "oscillation_cost": 100.22780569826811, "completition_cost": 111.11111111111116, "overshoot_cost": 55.15355225772401, "power_cost": 24.58022918701172, "noise_cost": 17.91150889603239, "n_waypoints_completed": 8, "tot_waypoints": 9}}
{"target": -645.4647755786376, "params": {"k_pid_pos": [1.5279874801635742, 0.027910292148590088, 4.532933235168457e-05], "k_pid_alt": [0.3245241641998291, 0.04781404137611389, 0.9462467432022095], "k_pid_att": [88.97062683105469, 1.3323321342468262, 0.9581300020217896], "k_pid_yaw": [0.5, 1e-06, 0.1], "k_pid_hsp": [8.968802452087402, 0.9466987252235413, 0.08670780062675476], "k_pid_vsp": [369.2416076660156, 377.8252258300781, 86.03060150146484]}, "datetime": {"datetime": "2025-08-20 13:46:24", "elapsed": 6839.253956317902, "delta": 26.67537569999695}, "costs": {"total_cost": 645.4647755786376, "time_cost": 150, "final_distance_cost": 71.46237387485164, "oscillation_cost": 124.13137693645771, "completition_cost": 222.2222222222222, "overshoot_cost": 43.813067762873814, "power_cost": 18.98913016357422, "noise_cost": 14.846604618657906, "n_waypoints_completed": 7, "tot_waypoints": 9}}
{"target": -253.75089706333304, "params": {"k_pid_pos": [1.875093698501587, 0.00948980450630188, 1.7881393432617188e-06], "k_pid_alt": [1.3338894844055176, 0.30835258960723877, 0.9347857236862183], "k_pid_att": [98.60985565185547, 3.2860448360443115, 0.8989837169647217], "k_pid_yaw": [0.5, 1e-06, 0.1], "k_pid_hsp": [4.739723205566406, 0.9522784948348999, 0.004361450672149658], "k_pid_vsp": [399.9755859375, 377.7611389160156, 49.42707824707031]}, "datetime": {"datetime": "2025-08-20 13:46:49", "elapsed": 6863.8005747795105, "delta": 24.546618461608887}, "costs": {"total_cost": 253.75089706333304, "time_cost": 94.544, "final_distance_cost": 1.7339891664100628, "oscillation_cost": 70.89183990126756, "completition_cost": 0.0, "overshoot_cost": 52.41447650530611, "power_cost": 19.74448397216797, "noise_cost": 14.422107518181331, "n_waypoints_completed": 9, "tot_waypoints": 9}}
{"target": -345.87930496018373, "params": {"k_pid_pos": [1.838822364807129, 0.05452847480773926, 0.013207972049713135], "k_pid_alt": [1.6551048755645752, 0.06399083137512207, 0.9674150943756104], "k_pid_att": [77.19032287597656, 0.7841760516166687, 0.9470769166946411], "k_pid_yaw": [0.5, 1e-06, 0.1], "k_pid_hsp": [8.91515827178955, 0.9339267611503601, 0.3715711236000061], "k_pid_vsp": [400.0, 368.71246337890625, 57.797874450683594]}, "datetime": {"datetime": "2025-08-20 13:47:11", "elapsed": 6885.849739074707, "delta": 22.049164295196533}, "costs": {"total_cost": 345.87930496018373, "time_cost": 82.19200000000001, "final_distance_cost": 1.7735394443477595, "oscillation_cost": 172.93077318508796, "completition_cost": 0.0, "overshoot_cost": 55.18883860098436, "power_cost": 19.170657763671876, "noise_cost": 14.62349596609173, "n_waypoints_completed": 9, "tot_waypoints": 9}}
{"target": -305.6151250157005, "params": {"k_pid_pos": [1.8755319118499756, 0.026484698057174683, 0.00014984607696533203], "k_pid_alt": [1.762054443359375, 0.10557615756988525, 0.7034383416175842], "k_pid_att": [86.5794448852539, 0.15582481026649475, 0.9525781869888306], "k_pid_yaw": [0.5, 1e-06, 0.1], "k_pid_hsp": [8.868900299072266, 0.9496674537658691, 0.07630926370620728], "k_pid_vsp": [400.0, 270.0271911621094, 51.34735107421875]}, "datetime": {"datetime": "2025-08-20 13:47:35", "elapsed": 6909.786992788315, "delta": 23.937253713607788}, "costs": {"total_cost": 305.6151250157005, "time_cost": 97.912, "final_distance_cost": 1.7660199865648314, "oscillation_cost": 119.6043020796642, "completition_cost": 0.0, "overshoot_cost": 51.2397319665965, "power_cost": 19.691762426757812, "noise_cost": 15.401308556117193, "n_waypoints_completed": 9, "tot_waypoints": 9}}
{"target": -721.6501742068, "params": {"k_pid_pos": [0.2751083970069885, 0.43478333950042725, 8.830428123474121e-05], "k_pid_alt": [0.3114035725593567, 0.07511588931083679, 0.9241024851799011], "k_pid_att": [99.01933288574219, 0.14760780334472656, 0.9843988418579102], "k_pid_yaw": [0.5, 1e-06, 0.1], "k_pid_hsp": [9.87018871307373, 0.649506688117981, 0.06918638944625854], "k_pid_vsp": [400.0, 307.4223937988281, 55.85295104980469]}, "datetime": {"datetime": "2025-08-20 13:47:59", "elapsed": 6934.418858766556, "delta": 24.631865978240967}, "costs": {"total_cost": 721.6501742068, "time_cost": 150, "final_distance_cost": 65.8825590153292, "oscillation_cost": 93.72047556069391, "completition_cost": 333.33333333333337, "overshoot_cost": 42.406818060801726, "power_cost": 20.37061805419922, "noise_cost": 15.936370182442587, "n_waypoints_completed": 6, "tot_waypoints": 9}}
{"target": -668.5132069394589, "params": {"k_pid_pos": [1.6689727306365967, 0.6930493712425232, 0.5201237201690674], "k_pid_alt": [0.23712074756622314, 0.18419381976127625, 0.9386184811592102], "k_pid_att": [93.23889923095703, 5.697383403778076, 0.7523590922355652], "k_pid_yaw": [0.5, 1e-06, 0.1], "k_pid_hsp": [9.162066459655762, 0.9257922172546387, 0.057574689388275146], "k_pid_vsp": [92.64669799804688, 325.0281677246094, 8.621729850769043]}, "datetime": {"datetime": "2025-08-20 13:48:24", "elapsed": 6958.507168054581, "delta": 24.088309288024902}, "costs": {"total_cost": 668.5132069394589, "time_cost": 150, "final_distance_cost": 68.39338225574336, "oscillation_cost": 143.49545657696964, "completition_cost": 222.2222222222222, "overshoot_cost": 49.02341510290074, "power_cost": 19.08679930419922, "noise_cost": 16.2919314774238, "n_waypoints_completed": 7, "tot_waypoints": 9}}
{"target": -774.5284810627923, "params": {"k_pid_pos": [1.5154963731765747, 0.14564573764801025, 0.0], "k_pid_alt": [0.10712945461273193, 0.039761871099472046, 0.906402587890625], "k_pid_att": [91.86163330078125, 0.20768123865127563, 0.8180258870124817], "k_pid_yaw": [0.5, 1e-06, 0.1], "k_pid_hsp": [7.4904937744140625, 0.9655179977416992, 0.15364736318588257], "k_pid_vsp": [400.0, 307.47967529296875, 8.946669578552246]}, "datetime": {"datetime": "2025-08-20 13:48:48", "elapsed": 6983.0249280929565, "delta": 24.517760038375854}, "costs": {"total_cost": 774.5284810627923, "time_cost": 150, "final_distance_cost": 65.14475283600015, "oscillation_cost": 139.57878455821057, "completition_cost": 333.33333333333337, "overshoot_cost": 51.18352446536375, "power_cost": 19.41493572998047, "noise_cost": 15.873150139903991, "n_waypoints_completed": 6, "tot_waypoints": 9}}
{"target": -471.03139272690305, "params": {"k_pid_pos": [0.8787441253662109, 0.28540584444999695, 0.00016316771507263184], "k_pid_alt": [1.6771178245544434, 0.09995144605636597, 0.985273003578186], "k_pid_att": [83.91632080078125, 0.4541993737220764, 0.9352924823760986], "k_pid_yaw": [0.5, 1e-06, 0.1], "k_pid_hsp": [8.079835891723633, 0.9033949375152588, 0.06276658177375793], "k_pid_vsp": [400.0, 348.1930847167969, 27.48675537109375]}, "datetime": {"datetime": "2025-08-20 13:49:13", "elapsed": 7008.407625436783, "delta": 25.382697343826294}, "costs": {"total_cost": 471.03139272690305, "time_cost": 150, "final_distance_cost": 31.960055354494692, "oscillation_cost": 90.86941834902278, "completition_cost": 111.11111111111116, "overshoot_cost": 50.52297322176543, "power_cost": 20.856302551269533, "noise_cost": 15.711532139239491, "n_waypoints_completed": 8, "tot_waypoints": 9}}
{"target": -482.86901722443304, "params": {"k_pid_pos": [0.7960236072540283, 0.03777614235877991, 1.0], "k_pid_alt": [0.6051056385040283, 0.01501426100730896, 0.7984614968299866], "k_pid_att": [96.12203216552734, 2.000610113143921, 0.8516532182693481], "k_pid_yaw": [0.5, 1e-06, 0.1], "k_pid_hsp": [5.266687393188477, 0.949034571647644, 0.12203583121299744], "k_pid_vsp": [399.761962890625, 374.4692687988281, 39.163326263427734]}, "datetime": {"datetime": "2025-08-20 13:49:35", "elapsed": 7030.241005420685, "delta": 21.833379983901978}, "costs": {"total_cost": 482.86901722443304, "time_cost": 94.824, "final_distance_cost": 1.853388142411957, "oscillation_cost": 297.36222756054116, "completition_cost": 0.0, "overshoot_cost": 52.18180203669947, "power_cost": 19.698631579589843, "noise_cost": 16.948967905190575, "n_waypoints_completed": 9, "tot_waypoints": 9}}
{"target": -520.9503526004761, "params": {"k_pid_pos": [1.8245080709457397, 0.7210195064544678, 0.0], "k_pid_alt": [1.7792725563049316, 0.021215885877609253, 0.9684371948242188], "k_pid_att": [97.53939819335938, 0.13061706721782684, 0.9719597101211548], "k_pid_yaw": [0.5, 1e-06, 0.1], "k_pid_hsp": [9.956377983093262, 0.9486726522445679, 0.14044144749641418], "k_pid_vsp": [0.07855892181396484, 317.94281005859375, 138.4867401123047]}, "datetime": {"datetime": "2025-08-20 13:49:58", "elapsed": 7052.992196321487, "delta": 22.751190900802612}, "costs": {"total_cost": 520.9503526004761, "time_cost": 150, "final_distance_cost": 25.301885311898438, "oscillation_cost": 126.82454496824533, "completition_cost": 111.11111111111116, "overshoot_cost": 68.40480070887135, "power_cost": 22.26801427001953, "noise_cost": 17.039996230330292, "n_waypoints_completed": 8, "tot_waypoints": 9}}
{"target": -908.4738993515911, "params": {"k_pid_pos": [0.8789140582084656, 0.28619861602783203, 0.9999783635139465], "k_pid_alt": [0.6474469900131226, 0.08394202589988708, 0.9851990938186646], "k_pid_att": [98.92369842529297, 3.3350918292999268, 0.8694911003112793], "k_pid_yaw": [0.5, 1e-06, 0.1], "k_pid_hsp": [2.067422866821289, 0.9281500577926636, 0.05447313189506531], "k_pid_vsp": [400.0, 230.2122802734375, 15.229607582092285]}, "datetime": {"datetime": "2025-08-20 13:50:21", "elapsed": 7075.793258428574, "delta": 22.80106210708618}, "costs": {"total_cost": 908.4738993515911, "time_cost": 150, "final_distance_cost": 67.3136718363236, "oscillation_cost": 280.93150433663465, "completition_cost": 333.33333333333337, "overshoot_cost": 40.0865293851599, "power_cost": 20.694614770507812, "noise_cost": 16.11424568963176, "n_waypoints_completed": 6, "tot_waypoints": 9}}
{"target": -362.92560897052175, "params": {"k_pid_pos": [1.9359484910964966, 0.30815279483795166, 0.0], "k_pid_alt": [0.29807567596435547, 0.0999593734741211, 0.7978687882423401], "k_pid_att": [94.83257293701172, 0.5282976627349854, 0.9892552495002747], "k_pid_yaw": [0.5, 1e-06, 0.1], "k_pid_hsp": [9.991094589233398, 0.6562962532043457, 0.16829586029052734], "k_pid_vsp": [400.0, 365.52923583984375, 1.5371689796447754]}, "datetime": {"datetime": "2025-08-20 13:50:44", "elapsed": 7098.727806568146, "delta": 22.934548139572144}, "costs": {"total_cost": 362.92560897052175, "time_cost": 99.872, "final_distance_cost": 1.730415897381653, "oscillation_cost": 169.1790198994854, "completition_cost": 0.0, "overshoot_cost": 55.96209713827444, "power_cost": 19.72070184326172, "noise_cost": 16.46137419211849, "n_waypoints_completed": 9, "tot_waypoints": 9}}
{"target": -349.73502110168056, "params": {"k_pid_pos": [1.8931125402450562, 0.16544145345687866, 0.9865301847457886], "k_pid_alt": [1.079300045967102, 0.19600868225097656, 0.6411924362182617], "k_pid_att": [81.32527160644531, 2.5297176837921143, 0.9308587908744812], "k_pid_yaw": [0.5, 1e-06, 0.1], "k_pid_hsp": [8.80274772644043, 0.9848808646202087, 0.08800309896469116], "k_pid_vsp": [399.03143310546875, 380.629150390625, 258.70318603515625]}, "datetime": {"datetime": "2025-08-20 13:51:02", "elapsed": 7117.478569030762, "delta": 18.750762462615967}, "costs": {"total_cost": 349.73502110168056, "time_cost": 80.32000000000001, "final_distance_cost": 1.776513151114766, "oscillation_cost": 183.68240630695811, "completition_cost": 0.0, "overshoot_cost": 53.30728417469621, "power_cost": 17.329926647949218, "noise_cost": 13.318890820962299, "n_waypoints_completed": 9, "tot_waypoints": 9}}
{"target": -275.41926924975314, "params": {"k_pid_pos": [1.8655452728271484, 0.09723708033561707, 0.25750696659088135], "k_pid_alt": [0.4997062683105469, 0.20688867568969727, 0.9652553200721741], "k_pid_att": [77.91647338867188, 2.549180269241333, 0.908174991607666], "k_pid_yaw": [0.5, 1e-06, 0.1], "k_pid_hsp": [2.723824977874756, 0.980987548828125, 0.026209712028503418], "k_pid_vsp": [0.4012465476989746, 361.5998840332031, 28.938819885253906]}, "datetime": {"datetime": "2025-08-20 13:51:24", "elapsed": 7139.43368601799, "delta": 21.955116987228394}, "costs": {"total_cost": 275.41926924975314, "time_cost": 93.232, "final_distance_cost": 1.7123083805106325, "oscillation_cost": 93.05142984155296, "completition_cost": 0.0, "overshoot_cost": 54.792414979322785, "power_cost": 18.947101269531252, "noise_cost": 13.684014778835493, "n_waypoints_completed": 9, "tot_waypoints": 9}}
{"target": -964.3183752025567, "params": {"k_pid_pos": [1.90225088596344, 0.3021700382232666, 0.0], "k_pid_alt": [0.8129526376724243, 0.12744691967964172, 0.9342044591903687], "k_pid_att": [86.59732055664062, 4.234175205230713, 0.9272926449775696], "k_pid_yaw": [0.5, 1e-06, 0.1], "k_pid_hsp": [1.0505739450454712, 0.878055214881897, 0.4681479036808014], "k_pid_vsp": [0.0, 335.2991943359375, 24.314130783081055]}, "datetime": {"datetime": "2025-08-20 13:51:47", "elapsed": 7162.387943983078, "delta": 22.95425796508789}, "costs": {"total_cost": 964.3183752025567, "time_cost": 150, "final_distance_cost": 51.875125936241325, "oscillation_cost": 121.87883916699298, "completition_cost": 555.5555555555555, "overshoot_cost": 45.70712784505959, "power_cost": 23.167087255859375, "noise_cost": 16.134639442847813, "n_waypoints_completed": 4, "tot_waypoints": 9}}
