{"target": -609.0722222765852, "params": {"k_pid_pos": [1.614496111869812, 0.018796026706695557, 1.0], "k_pid_alt": [0.3630807399749756, 0.025356978178024292, 0.9601414799690247], "k_pid_att": [89.65919494628906, 0.09087249636650085, 0.9723415374755859], "k_pid_yaw": [0.5, 1e-06, 0.1], "k_pid_hsp": [7.5136566162109375, 0.9314550757408142, 0.1135416328907013], "k_pid_vsp": [0.0, 387.5267333984375, 4.776443004608154]}, "datetime": {"datetime": "2025-08-20 14:57:08", "elapsed": 11082.913959026337, "delta": 24.367892503738403}, "costs": {"total_cost": 609.0722222765852, "time_cost": 150, "final_distance_cost": 5.484083337448745, "oscillation_cost": 251.32562463412185, "completition_cost": 111.11111111111116, "overshoot_cost": 53.87523427331769, "power_cost": 21.97530856933594, "noise_cost": 15.300860351249714, "n_waypoints_completed": 8, "tot_waypoints": 9}}
{"target": -243.21469467928284, "params": {"k_pid_pos": [1.9020264148712158, 0.18783915042877197, 8.940696716308594e-08], "k_pid_alt": [0.7625387907028198, 0.014405041933059692, 0.5058074593544006], "k_pid_att": [97.69300079345703, 2.2943289279937744, 0.9720990657806396], "k_pid_yaw": [0.5, 1e-06, 0.1], "k_pid_hsp": [9.536797523498535, 0.9553457498550415, 0.07575243711471558], "k_pid_vsp": [399.99591064453125, 395.7806701660156, 9.226263999938965]}, "datetime": {"datetime": "2025-08-20 14:57:26", "elapsed": 11100.520058393478, "delta": 17.606099367141724}, "costs": {"total_cost": 243.21469467928284, "time_cost": 75.688, "final_distance_cost": 1.7652262991506664, "oscillation_cost": 87.82438922160611, "completition_cost": 0.0, "overshoot_cost": 50.5717027015483, "power_cost": 14.812140270996094, "noise_cost": 12.553236185981648, "n_waypoints_completed": 9, "tot_waypoints": 9}}
{"target": -212.49902420462945, "params": {"k_pid_pos": [1.6955280303955078, 0.183577299118042, 0.7005698084831238], "k_pid_alt": [1.876342535018921, 0.02470874786376953, 0.970083475112915], "k_pid_att": [95.66036224365234, 1.5585986375808716, 0.9180619716644287], "k_pid_yaw": [0.5, 1e-06, 0.1], "k_pid_hsp": [8.376567840576172, 0.9703289270401001, 0.020069003105163574], "k_pid_vsp": [399.9994812011719, 392.480224609375, 38.89092254638672]}, "datetime": {"datetime": "2025-08-20 14:57:42", "elapsed": 11117.098920583725, "delta": 16.578862190246582}, "costs": {"total_cost": 212.49902420462945, "time_cost": 69.504, "final_distance_cost": 1.8387435731344135, "oscillation_cost": 67.66025013878772, "completition_cost": 0.0, "overshoot_cost": 49.805024789565834, "power_cost": 12.620107397460938, "noise_cost": 11.070898305680547, "n_waypoints_completed": 9, "tot_waypoints": 9}}
{"target": -384.29788056737374, "params": {"k_pid_pos": [1.7238551378250122, 0.015994518995285034, 1.0], "k_pid_alt": [1.5380868911743164, 0.10162815451622009, 0.9811655282974243], "k_pid_att": [95.93376922607422, 5.634649753570557, 0.934857964515686], "k_pid_yaw": [0.5, 1e-06, 0.1], "k_pid_hsp": [6.999739646911621, 0.9637448191642761, 0.0887613296508789], "k_pid_vsp": [399.6414794921875, 285.3137512207031, 17.943872451782227]}, "datetime": {"datetime": "2025-08-20 14:58:03", "elapsed": 11137.600104808807, "delta": 20.501184225082397}, "costs": {"total_cost": 384.29788056737374, "time_cost": 87.688, "final_distance_cost": 1.823105270740419, "oscillation_cost": 211.07133035138753, "completition_cost": 0.0, "overshoot_cost": 50.693326134500225, "power_cost": 18.306800317382812, "noise_cost": 14.715318493362735, "n_waypoints_completed": 9, "tot_waypoints": 9}}
{"target": -280.2146036247575, "params": {"k_pid_pos": [1.7787078619003296, 0.04519170522689819, 8.940696716308594e-08], "k_pid_alt": [1.90848708152771, 0.30451154708862305, 0.9801628589630127], "k_pid_att": [71.53845977783203, 0.13908174633979797, 0.9279634952545166], "k_pid_yaw": [0.5, 1e-06, 0.1], "k_pid_hsp": [9.298128128051758, 0.9138836860656738, 0.05096989870071411], "k_pid_vsp": [0.003707408905029297, 368.67974853515625, 9.42750072479248]}, "datetime": {"datetime": "2025-08-20 14:58:24", "elapsed": 11158.868146181107, "delta": 21.268041372299194}, "costs": {"total_cost": 280.2146036247575, "time_cost": 90.64, "final_distance_cost": 1.7185571365961592, "oscillation_cost": 96.86396113441853, "completition_cost": 0.0, "overshoot_cost": 58.84674973554942, "power_cost": 18.873239013671874, "noise_cost": 13.272096604521561, "n_waypoints_completed": 9, "tot_waypoints": 9}}
{"target": -333.81938496586844, "params": {"k_pid_pos": [1.7940897941589355, 0.027439355850219727, 0.6108438968658447], "k_pid_alt": [1.71804940700531, 0.018705248832702637, 0.9809479713439941], "k_pid_att": [96.47570037841797, 0.9503509402275085, 0.980638861656189], "k_pid_yaw": [0.5, 1e-06, 0.1], "k_pid_hsp": [9.245259284973145, 0.939149022102356, 0.2509896159172058], "k_pid_vsp": [399.91339111328125, 379.15277099609375, 46.03642272949219]}, "datetime": {"datetime": "2025-08-20 14:58:43", "elapsed": 11177.7353951931, "delta": 18.867249011993408}, "costs": {"total_cost": 333.81938496586844, "time_cost": 74.72800000000001, "final_distance_cost": 1.7934843224642516, "oscillation_cost": 176.03368715115346, "completition_cost": 0.0, "overshoot_cost": 50.66797594967983, "power_cost": 17.132825573730468, "noise_cost": 13.463411968840413, "n_waypoints_completed": 9, "tot_waypoints": 9}}
{"target": -373.29216839585405, "params": {"k_pid_pos": [1.69438898563385, 0.21841967105865479, 0.0], "k_pid_alt": [0.6425662040710449, 0.15619111061096191, 0.7050363421440125], "k_pid_att": [94.37374114990234, 0.6387848258018494, 0.7587928771972656], "k_pid_yaw": [0.5, 1e-06, 0.1], "k_pid_hsp": [9.663350105285645, 0.8297051787376404, 0.13318628072738647], "k_pid_vsp": [399.99407958984375, 395.7655944824219, 14.150882720947266]}, "datetime": {"datetime": "2025-08-20 14:59:07", "elapsed": 11202.329107522964, "delta": 24.593712329864502}, "costs": {"total_cost": 373.29216839585405, "time_cost": 99.016, "final_distance_cost": 1.7093936007835335, "oscillation_cost": 176.1731902740518, "completition_cost": 0.0, "overshoot_cost": 55.62540163387331, "power_cost": 23.307462524414063, "noise_cost": 17.460720362731376, "n_waypoints_completed": 9, "tot_waypoints": 9}}
{"target": -218.5684252489333, "params": {"k_pid_pos": [1.9242846965789795, 0.12405002117156982, 0.43837377429008484], "k_pid_alt": [1.6695977449417114, 0.013775467872619629, 0.7398148775100708], "k_pid_att": [52.91551208496094, 0.06641248613595963, 0.9566545486450195], "k_pid_yaw": [0.5, 1e-06, 0.1], "k_pid_hsp": [5.544686794281006, 0.9777200818061829, 0.05002450942993164], "k_pid_vsp": [0.0, 392.5427551269531, 90.6828384399414]}, "datetime": {"datetime": "2025-08-20 14:59:25", "elapsed": 11220.425641775131, "delta": 18.096534252166748}, "costs": {"total_cost": 218.5684252489333, "time_cost": 69.272, "final_distance_cost": 1.8089417011972504, "oscillation_cost": 70.21045376638087, "completition_cost": 0.0, "overshoot_cost": 51.57852752334051, "power_cost": 14.277625439453125, "noise_cost": 11.42087681856155, "n_waypoints_completed": 9, "tot_waypoints": 9}}
{"target": -202.9634810609165, "params": {"k_pid_pos": [1.6667903661727905, 0.06383833289146423, 0.008888989686965942], "k_pid_alt": [1.8564317226409912, 0.028994739055633545, 0.8740980625152588], "k_pid_att": [94.8395004272461, 0.36839696764945984, 0.9813141226768494], "k_pid_yaw": [0.5, 1e-06, 0.1], "k_pid_hsp": [8.197403907775879, 0.9333779811859131, 0.013256758451461792], "k_pid_vsp": [400.0, 397.01519775390625, 24.42643928527832]}, "datetime": {"datetime": "2025-08-20 14:59:44", "elapsed": 11238.858830690384, "delta": 18.433188915252686}, "costs": {"total_cost": 202.9634810609165, "time_cost": 69.048, "final_distance_cost": 1.7617490795715125, "oscillation_cost": 58.13384324034175, "completition_cost": 0.0, "overshoot_cost": 49.54767288018827, "power_cost": 13.54259686279297, "noise_cost": 10.929618998022033, "n_waypoints_completed": 9, "tot_waypoints": 9}}
{"target": -312.68694592621137, "params": {"k_pid_pos": [1.8595805168151855, 0.016141831874847412, 0.0], "k_pid_alt": [1.099815011024475, 0.022658854722976685, 0.9709857702255249], "k_pid_att": [91.16588592529297, 2.0557031631469727, 0.9661555290222168], "k_pid_yaw": [0.5, 1e-06, 0.1], "k_pid_hsp": [7.527320861816406, 0.9950132369995117, 0.09889256954193115], "k_pid_vsp": [1.4124870300292969, 388.7032470703125, 20.114805221557617]}, "datetime": {"datetime": "2025-08-20 15:00:04", "elapsed": 11259.317145824432, "delta": 20.458315134048462}, "costs": {"total_cost": 312.68694592621137, "time_cost": 79.024, "final_distance_cost": 1.7785796047855458, "oscillation_cost": 146.7591469014668, "completition_cost": 0.0, "overshoot_cost": 54.956321815459404, "power_cost": 17.412205029296874, "noise_cost": 12.756692575202742, "n_waypoints_completed": 9, "tot_waypoints": 9}}
{"target": -248.05493927533013, "params": {"k_pid_pos": [1.9381253719329834, 0.09052631258964539, 0.08193480968475342], "k_pid_alt": [1.3692103624343872, 0.07187163829803467, 0.8953206539154053], "k_pid_att": [97.5040512084961, 0.7964985966682434, 0.9553115367889404], "k_pid_yaw": [0.5, 1e-06, 0.1], "k_pid_hsp": [9.597987174987793, 0.7995426058769226, 0.01798751950263977], "k_pid_vsp": [400.0, 339.6423034667969, 127.68452453613281]}, "datetime": {"datetime": "2025-08-20 15:00:27", "elapsed": 11281.652592897415, "delta": 22.335447072982788}, "costs": {"total_cost": 248.05493927533013, "time_cost": 83.84, "final_distance_cost": 1.7968671834783474, "oscillation_cost": 81.7543978852063, "completition_cost": 0.0, "overshoot_cost": 52.48882153059965, "power_cost": 15.667725561523438, "noise_cost": 12.507127114522369, "n_waypoints_completed": 9, "tot_waypoints": 9}}
{"target": -387.05445908262556, "params": {"k_pid_pos": [1.3337128162384033, 0.13886624574661255, 0.0], "k_pid_alt": [1.1307507753372192, 0.08652397990226746, 0.9698097705841064], "k_pid_att": [71.8016357421875, 1.65116548538208, 0.8645689487457275], "k_pid_yaw": [0.5, 1e-06, 0.1], "k_pid_hsp": [9.529887199401855, 0.8929163813591003, 0.24348831176757812], "k_pid_vsp": [47.56710433959961, 347.7721252441406, 12.36511516571045]}, "datetime": {"datetime": "2025-08-20 15:00:50", "elapsed": 11304.513504266739, "delta": 22.86091136932373}, "costs": {"total_cost": 387.05445908262556, "time_cost": 90.21600000000001, "final_distance_cost": 1.788555859270821, "oscillation_cost": 210.16710799594463, "completition_cost": 0.0, "overshoot_cost": 51.2404943167337, "power_cost": 18.75581270751953, "noise_cost": 14.886488203156869, "n_waypoints_completed": 9, "tot_waypoints": 9}}
{"target": -376.6138268814725, "params": {"k_pid_pos": [1.6401324272155762, 0.04524335265159607, 2.384185791015625e-07], "k_pid_alt": [1.6382761001586914, 0.1997753381729126, 0.9092421531677246], "k_pid_att": [96.38975524902344, 1.8068089485168457, 0.9327186346054077], "k_pid_yaw": [0.5, 1e-06, 0.1], "k_pid_hsp": [7.347442626953125, 0.9441413283348083, 0.2589000463485718], "k_pid_vsp": [0.18600225448608398, 393.8377990722656, 1.063633918762207]}, "datetime": {"datetime": "2025-08-20 15:01:13", "elapsed": 11327.901168823242, "delta": 23.387664556503296}, "costs": {"total_cost": 376.6138268814725, "time_cost": 99.88, "final_distance_cost": 1.7241927238708208, "oscillation_cost": 181.01213543518628, "completition_cost": 0.0, "overshoot_cost": 55.82912022571998, "power_cost": 22.46562420654297, "noise_cost": 15.702754290152479, "n_waypoints_completed": 9, "tot_waypoints": 9}}
{"target": -422.6270731343957, "params": {"k_pid_pos": [1.872979760169983, 0.08433899283409119, 0.9739519953727722], "k_pid_alt": [0.7252852320671082, 0.06909701228141785, 0.73028564453125], "k_pid_att": [97.56321716308594, 0.42530572414398193, 0.9046305418014526], "k_pid_yaw": [0.5, 1e-06, 0.1], "k_pid_hsp": [9.928529739379883, 0.963022768497467, 0.24110248684883118], "k_pid_vsp": [399.9953308105469, 395.516357421875, 3.9108762741088867]}, "datetime": {"datetime": "2025-08-20 15:01:34", "elapsed": 11349.260486602783, "delta": 21.359317779541016}, "costs": {"total_cost": 422.6270731343957, "time_cost": 91.336, "final_distance_cost": 1.8173784010227008, "oscillation_cost": 244.8626569064908, "completition_cost": 0.0, "overshoot_cost": 50.74189820155497, "power_cost": 18.46083776855469, "noise_cost": 15.408301856772491, "n_waypoints_completed": 9, "tot_waypoints": 9}}
{"target": -215.17434142859844, "params": {"k_pid_pos": [1.9779616594314575, 0.045848339796066284, 8.64267349243164e-06], "k_pid_alt": [1.5136387348175049, 0.05072885751724243, 0.9861238598823547], "k_pid_att": [98.69537353515625, 1.4575936794281006, 0.9843889474868774], "k_pid_yaw": [0.5, 1e-06, 0.1], "k_pid_hsp": [9.754179000854492, 0.9342055916786194, 0.006254076957702637], "k_pid_vsp": [400.0, 378.7020568847656, 10.073412895202637]}, "datetime": {"datetime": "2025-08-20 15:01:51", "elapsed": 11365.53627538681, "delta": 16.2757887840271}, "costs": {"total_cost": 215.17434142859844, "time_cost": 70.304, "final_distance_cost": 1.7249452931041982, "oscillation_cost": 67.26846583231871, "completition_cost": 0.0, "overshoot_cost": 50.30435275851488, "power_cost": 14.076091943359376, "noise_cost": 11.496485601301274, "n_waypoints_completed": 9, "tot_waypoints": 9}}
{"target": -236.23885186931432, "params": {"k_pid_pos": [1.9441578388214111, 0.027078449726104736, 0.19758108258247375], "k_pid_alt": [1.7797163724899292, 0.03841999173164368, 0.9935520887374878], "k_pid_att": [98.17532348632812, 0.3740593492984772, 0.9758994579315186], "k_pid_yaw": [0.5, 1e-06, 0.1], "k_pid_hsp": [9.729369163513184, 0.9868587255477905, 0.011385172605514526], "k_pid_vsp": [0.009274482727050781, 353.9857482910156, 34.0164909362793]}, "datetime": {"datetime": "2025-08-20 15:02:08", "elapsed": 11382.562161445618, "delta": 17.025886058807373}, "costs": {"total_cost": 236.23885186931432, "time_cost": 72.456, "final_distance_cost": 1.7456871915947496, "oscillation_cost": 84.3696395552746, "completition_cost": 0.0, "overshoot_cost": 51.00034266713819, "power_cost": 15.32154041748047, "noise_cost": 11.345642037826268, "n_waypoints_completed": 9, "tot_waypoints": 9}}
{"target": -459.4240578956352, "params": {"k_pid_pos": [1.8895878791809082, 0.021591156721115112, 2.9802322387695312e-08], "k_pid_alt": [1.778113603591919, 0.1501905918121338, 0.9580045342445374], "k_pid_att": [95.53404998779297, 0.6065288782119751, 0.8878251314163208], "k_pid_yaw": [0.5, 1e-06, 0.1], "k_pid_hsp": [7.496685028076172, 0.9669329524040222, 0.03212270140647888], "k_pid_vsp": [381.0340576171875, 385.5052185058594, 53.800045013427734]}, "datetime": {"datetime": "2025-08-20 15:02:32", "elapsed": 11406.580033540726, "delta": 24.017872095108032}, "costs": {"total_cost": 459.4240578956352, "time_cost": 150, "final_distance_cost": 18.428725413630627, "oscillation_cost": 92.25581378999208, "completition_cost": 111.11111111111116, "overshoot_cost": 51.754656688506465, "power_cost": 20.60524567871094, "noise_cost": 15.268505213683929, "n_waypoints_completed": 8, "tot_waypoints": 9}}
{"target": -352.9386898916109, "params": {"k_pid_pos": [1.490189790725708, 0.04173186421394348, 0.7902843356132507], "k_pid_alt": [1.281067967414856, 0.12877511978149414, 0.951793909072876], "k_pid_att": [92.94573211669922, 0.09762027114629745, 0.9758120775222778], "k_pid_yaw": [0.5, 1e-06, 0.1], "k_pid_hsp": [9.939658164978027, 0.9789568185806274, 0.05779588222503662], "k_pid_vsp": [399.9998474121094, 391.30487060546875, 14.983357429504395]}, "datetime": {"datetime": "2025-08-20 15:02:52", "elapsed": 11426.919885396957, "delta": 20.33985185623169}, "costs": {"total_cost": 352.9386898916109, "time_cost": 85.47200000000001, "final_distance_cost": 1.8121363793137384, "oscillation_cost": 185.05012344705946, "completition_cost": 0.0, "overshoot_cost": 50.66891637851134, "power_cost": 16.322791674804687, "noise_cost": 13.612722011921697, "n_waypoints_completed": 9, "tot_waypoints": 9}}
{"target": -354.46749201421034, "params": {"k_pid_pos": [1.9642301797866821, 0.07373666763305664, 0.999915361404419], "k_pid_alt": [1.9348499774932861, 0.2627018094062805, 0.8688689470291138], "k_pid_att": [94.56025695800781, 0.06451528519392014, 0.9648364186286926], "k_pid_yaw": [0.5, 1e-06, 0.1], "k_pid_hsp": [9.913748741149902, 0.9683204293251038, 0.09745550155639648], "k_pid_vsp": [52.711570739746094, 320.963623046875, 16.464378356933594]}, "datetime": {"datetime": "2025-08-20 15:03:11", "elapsed": 11446.156090021133, "delta": 19.236204624176025}, "costs": {"total_cost": 354.46749201421034, "time_cost": 78.648, "final_distance_cost": 1.7824626106067574, "oscillation_cost": 192.98449875589904, "completition_cost": 0.0, "overshoot_cost": 51.54153047178614, "power_cost": 16.544509814453125, "noise_cost": 12.966490361465281, "n_waypoints_completed": 9, "tot_waypoints": 9}}
{"target": -341.36012836776445, "params": {"k_pid_pos": [1.4356569051742554, 0.04607400298118591, 0.9999227523803711], "k_pid_alt": [1.7539489269256592, 0.054347842931747437, 0.9956569671630859], "k_pid_att": [94.15740966796875, 0.7867250442504883, 0.9880975484848022], "k_pid_yaw": [0.5, 1e-06, 0.1], "k_pid_hsp": [5.640232086181641, 0.9694645404815674, 0.1237039864063263], "k_pid_vsp": [400.0, 390.728271484375, 38.542236328125]}, "datetime": {"datetime": "2025-08-20 15:03:29", "elapsed": 11464.38532280922, "delta": 18.229232788085938}, "costs": {"total_cost": 341.36012836776445, "time_cost": 75.568, "final_distance_cost": 1.8479801610483417, "oscillation_cost": 183.0720562375715, "completition_cost": 0.0, "overshoot_cost": 50.637632780325184, "power_cost": 16.43085352783203, "noise_cost": 13.803605660987397, "n_waypoints_completed": 9, "tot_waypoints": 9}}
{"target": -468.2370308570783, "params": {"k_pid_pos": [1.7283607721328735, 0.14814752340316772, 0.04213801026344299], "k_pid_alt": [1.3600410223007202, 0.13320392370224, 0.857093095779419], "k_pid_att": [98.73362731933594, 2.3128859996795654, 0.9107297658920288], "k_pid_yaw": [0.5, 1e-06, 0.1], "k_pid_hsp": [9.007270812988281, 0.9481923580169678, 0.02673792839050293], "k_pid_vsp": [16.214466094970703, 395.1317443847656, 19.48948097229004]}, "datetime": {"datetime": "2025-08-20 15:03:54", "elapsed": 11488.666733503342, "delta": 24.281410694122314}, "costs": {"total_cost": 468.2370308570783, "time_cost": 150, "final_distance_cost": 34.02595017943645, "oscillation_cost": 86.76188804268813, "completition_cost": 111.11111111111116, "overshoot_cost": 51.007093907502394, "power_cost": 20.383769970703128, "noise_cost": 14.947217645637044, "n_waypoints_completed": 8, "tot_waypoints": 9}}
{"target": -342.81620504262605, "params": {"k_pid_pos": [1.9856276512145996, 0.08630502223968506, 0.999911904335022], "k_pid_alt": [1.945953607559204, 0.08593383431434631, 0.9927943348884583], "k_pid_att": [88.46346282958984, 0.185501366853714, 0.9793468713760376], "k_pid_yaw": [0.5, 1e-06, 0.1], "k_pid_hsp": [9.048654556274414, 0.9584416747093201, 0.06553882360458374], "k_pid_vsp": [311.4893798828125, 333.2335510253906, 5.746365547180176]}, "datetime": {"datetime": "2025-08-20 15:04:13", "elapsed": 11507.565641403198, "delta": 18.898907899856567}, "costs": {"total_cost": 342.81620504262605, "time_cost": 81.368, "final_distance_cost": 1.833305557342017, "oscillation_cost": 179.28415138584714, "completition_cost": 0.0, "overshoot_cost": 50.75560922870935, "power_cost": 15.834198303222657, "noise_cost": 13.740940567504854, "n_waypoints_completed": 9, "tot_waypoints": 9}}
{"target": -405.8001687907742, "params": {"k_pid_pos": [1.148118495941162, 0.1318952739238739, 0.5591974258422852], "k_pid_alt": [1.5000886917114258, 0.10906091332435608, 0.9673762917518616], "k_pid_att": [99.66252899169922, 2.0885238647460938, 0.9712094068527222], "k_pid_yaw": [0.5, 1e-06, 0.1], "k_pid_hsp": [9.789201736450195, 0.9553535580635071, 0.12151861190795898], "k_pid_vsp": [399.56317138671875, 372.5892028808594, 30.817367553710938]}, "datetime": {"datetime": "2025-08-20 15:04:32", "elapsed": 11527.05248618126, "delta": 19.486844778060913}, "costs": {"total_cost": 405.8001687907742, "time_cost": 86.936, "final_distance_cost": 1.8145019495869856, "oscillation_cost": 233.1603729626866, "completition_cost": 0.0, "overshoot_cost": 51.1260690781527, "power_cost": 18.257476403808596, "noise_cost": 14.505748396539342, "n_waypoints_completed": 9, "tot_waypoints": 9}}
{"target": -266.1962868229698, "params": {"k_pid_pos": [1.9315768480300903, 0.00592350959777832, 1.3113021850585938e-06], "k_pid_alt": [1.6661518812179565, 0.10878494381904602, 0.9686524868011475], "k_pid_att": [98.08885192871094, 0.8588447570800781, 0.9519757032394409], "k_pid_yaw": [0.5, 1e-06, 0.1], "k_pid_hsp": [9.841341018676758, 0.895022451877594, 0.00783693790435791], "k_pid_vsp": [396.1000061035156, 295.5859069824219, 12.673617362976074]}, "datetime": {"datetime": "2025-08-20 15:04:56", "elapsed": 11550.864144563675, "delta": 23.81165838241577}, "costs": {"total_cost": 266.1962868229698, "time_cost": 99.816, "final_distance_cost": 1.7551516285222346, "oscillation_cost": 75.47600565552217, "completition_cost": 0.0, "overshoot_cost": 51.59416125543544, "power_cost": 21.112002099609377, "noise_cost": 16.442966183880586, "n_waypoints_completed": 9, "tot_waypoints": 9}}
