{"target": -306.5795535443883, "params": {"k_pid_pos": [1.904395341873169, 0.09498453140258789, 5.960464477539063e-08], "k_pid_alt": [1.8926756381988525, 0.02425330877304077, 0.9814944863319397], "k_pid_att": [95.09973907470703, 0.2952428460121155, 0.8948435187339783], "k_pid_yaw": [0.5, 1e-06, 0.1], "k_pid_hsp": [9.345155715942383, 0.9503961801528931, 0.07538589835166931], "k_pid_vsp": [1.1428356170654297, 281.23907470703125, 6.370151996612549]}, "datetime": {"datetime": "2025-08-20 14:30:47", "elapsed": 9501.740551233292, "delta": 19.740479469299316}, "costs": {"total_cost": 306.5795535443883, "time_cost": 83.848, "final_distance_cost": 1.793329333105855, "oscillation_cost": 133.21035734892143, "completition_cost": 0.0, "overshoot_cost": 54.31632599221167, "power_cost": 18.457495751953125, "noise_cost": 14.954045118196243, "n_waypoints_completed": 9, "tot_waypoints": 9}}
{"target": -207.73836293496882, "params": {"k_pid_pos": [1.7547446489334106, 0.02627396583557129, 0.39393770694732666], "k_pid_alt": [1.172071933746338, 0.017163455486297607, 0.7923065423965454], "k_pid_att": [75.97515106201172, 0.30119550228118896, 0.9544873237609863], "k_pid_yaw": [0.5, 1e-06, 0.1], "k_pid_hsp": [5.211036682128906, 0.9872669577598572, 0.026369154453277588], "k_pid_vsp": [400.0, 345.9163818359375, 41.56497573852539]}, "datetime": {"datetime": "2025-08-20 14:31:05", "elapsed": 9520.451881170273, "delta": 18.7113299369812}, "costs": {"total_cost": 207.73836293496882, "time_cost": 69.728, "final_distance_cost": 1.81351691307752, "oscillation_cost": 59.130836372630824, "completition_cost": 0.0, "overshoot_cost": 50.029748380934954, "power_cost": 15.242082885742189, "noise_cost": 11.794178382583333, "n_waypoints_completed": 9, "tot_waypoints": 9}}
{"target": -449.0724145157439, "params": {"k_pid_pos": [1.9703049659729004, 0.06357675790786743, 0.0], "k_pid_alt": [0.8948599100112915, 0.15874463319778442, 0.9481126070022583], "k_pid_att": [94.36282348632812, 0.401688814163208, 0.9549325704574585], "k_pid_yaw": [0.5, 1e-06, 0.1], "k_pid_hsp": [5.82028865814209, 0.8956019878387451, 0.012702018022537231], "k_pid_vsp": [400.0, 395.795166015625, 30.72210693359375]}, "datetime": {"datetime": "2025-08-20 14:31:33", "elapsed": 9547.935837984085, "delta": 27.483956813812256}, "costs": {"total_cost": 449.0724145157439, "time_cost": 150, "final_distance_cost": 17.934924934887682, "oscillation_cost": 78.04104132458305, "completition_cost": 111.11111111111116, "overshoot_cost": 51.62003557852238, "power_cost": 23.618115539550782, "noise_cost": 16.747186027088848, "n_waypoints_completed": 8, "tot_waypoints": 9}}
{"target": -315.49862149194917, "params": {"k_pid_pos": [1.8666718006134033, 0.17622143030166626, 0.0], "k_pid_alt": [1.13645601272583, 0.07291281223297119, 0.9605106115341187], "k_pid_att": [94.06858825683594, 0.4633149206638336, 0.9210084080696106], "k_pid_yaw": [0.5, 1e-06, 0.1], "k_pid_hsp": [9.086230278015137, 0.9834094643592834, 0.06503206491470337], "k_pid_vsp": [0.05906820297241211, 61.02898025512695, 3.663731575012207]}, "datetime": {"datetime": "2025-08-20 14:32:00", "elapsed": 9575.421315670013, "delta": 27.485477685928345}, "costs": {"total_cost": 315.49862149194917, "time_cost": 91.92, "final_distance_cost": 1.730277783190385, "oscillation_cost": 129.2633249685929, "completition_cost": 0.0, "overshoot_cost": 57.72931441644654, "power_cost": 19.14446424560547, "noise_cost": 15.711240078113875, "n_waypoints_completed": 9, "tot_waypoints": 9}}
{"target": -383.58619882614386, "params": {"k_pid_pos": [1.983325719833374, 0.07598018646240234, 0.9971809983253479], "k_pid_alt": [1.629137396812439, 0.10911345481872559, 0.9571191668510437], "k_pid_att": [96.52495574951172, 1.022756814956665, 0.9704784750938416], "k_pid_yaw": [0.5, 1e-06, 0.1], "k_pid_hsp": [8.055458068847656, 0.976421058177948, 0.06330698728561401], "k_pid_vsp": [400.0, 348.89141845703125, 151.74684143066406]}, "datetime": {"datetime": "2025-08-20 14:32:23", "elapsed": 9597.51640033722, "delta": 22.09508466720581}, "costs": {"total_cost": 383.58619882614386, "time_cost": 84.12, "final_distance_cost": 1.785370316741442, "oscillation_cost": 215.43763402485587, "completition_cost": 0.0, "overshoot_cost": 51.239024687172105, "power_cost": 17.339219274902344, "noise_cost": 13.664950522472088, "n_waypoints_completed": 9, "tot_waypoints": 9}}
{"target": -448.8310104303357, "params": {"k_pid_pos": [1.9726907014846802, 0.2206171751022339, 0.0], "k_pid_alt": [1.3181374073028564, 0.11603051424026489, 0.9891956448554993], "k_pid_att": [71.4328384399414, 0.8381800055503845, 0.9754156470298767], "k_pid_yaw": [0.5, 1e-06, 0.1], "k_pid_hsp": [6.832176685333252, 0.9002800583839417, 0.01744633913040161], "k_pid_vsp": [9.5367431640625e-05, 366.47821044921875, 37.091278076171875]}, "datetime": {"datetime": "2025-08-20 14:32:47", "elapsed": 9622.30690073967, "delta": 24.79050040245056}, "costs": {"total_cost": 448.8310104303357, "time_cost": 150, "final_distance_cost": 4.985710260213935, "oscillation_cost": 90.45206402188836, "completition_cost": 111.11111111111116, "overshoot_cost": 56.93923152266556, "power_cost": 20.36311063232422, "noise_cost": 14.979782882132486, "n_waypoints_completed": 8, "tot_waypoints": 9}}
{"target": -351.55355908975326, "params": {"k_pid_pos": [1.924675464630127, 0.4345106780529022, 0.9380255937576294], "k_pid_alt": [0.8135117888450623, 0.025434404611587524, 0.989621102809906], "k_pid_att": [93.4862060546875, 0.8064972162246704, 0.9478852152824402], "k_pid_yaw": [0.5, 1e-06, 0.1], "k_pid_hsp": [9.170036315917969, 0.8634511828422546, 0.1305840015411377], "k_pid_vsp": [0.0016689300537109375, 381.70233154296875, 29.99677848815918]}, "datetime": {"datetime": "2025-08-20 14:33:08", "elapsed": 9643.315605640411, "delta": 21.008704900741577}, "costs": {"total_cost": 351.55355908975326, "time_cost": 86.136, "final_distance_cost": 1.7857526277929845, "oscillation_cost": 178.0446039660161, "completition_cost": 0.0, "overshoot_cost": 52.558679324273456, "power_cost": 19.254894079589846, "noise_cost": 13.773629092080844, "n_waypoints_completed": 9, "tot_waypoints": 9}}
{"target": -249.52326005808362, "params": {"k_pid_pos": [1.830999493598938, 0.025627076625823975, 0.5343218445777893], "k_pid_alt": [0.45733463764190674, 0.16075462102890015, 0.943537175655365], "k_pid_att": [99.41258239746094, 2.920919418334961, 0.9722121953964233], "k_pid_yaw": [0.5, 1e-06, 0.1], "k_pid_hsp": [1.562831163406372, 0.9248319864273071, 0.016675174236297607], "k_pid_vsp": [3.522968292236328, 368.7721252441406, 51.755950927734375]}, "datetime": {"datetime": "2025-08-20 14:33:31", "elapsed": 9665.75949883461, "delta": 22.44389319419861}, "costs": {"total_cost": 249.52326005808362, "time_cost": 90.104, "final_distance_cost": 1.7547815314079076, "oscillation_cost": 75.77505005869494, "completition_cost": 0.0, "overshoot_cost": 51.33516706061969, "power_cost": 17.504789392089844, "noise_cost": 13.049472015271244, "n_waypoints_completed": 9, "tot_waypoints": 9}}
{"target": -246.22054783445955, "params": {"k_pid_pos": [1.3683202266693115, 0.0415460467338562, 0.0], "k_pid_alt": [1.5222294330596924, 0.14217156171798706, 0.7904285788536072], "k_pid_att": [96.79925537109375, 1.5388405323028564, 0.9802709817886353], "k_pid_yaw": [0.5, 1e-06, 0.1], "k_pid_hsp": [9.346226692199707, 0.9702757596969604, 0.022458165884017944], "k_pid_vsp": [400.0, 378.3297119140625, 50.33452606201172]}, "datetime": {"datetime": "2025-08-20 14:33:50", "elapsed": 9685.093356847763, "delta": 19.333858013153076}, "costs": {"total_cost": 246.22054783445955, "time_cost": 86.19200000000001, "final_distance_cost": 1.7846117385161133, "oscillation_cost": 76.3252722391736, "completition_cost": 0.0, "overshoot_cost": 51.07325709135426, "power_cost": 17.507608789062502, "noise_cost": 13.337797976353079, "n_waypoints_completed": 9, "tot_waypoints": 9}}
{"target": -333.66292557075235, "params": {"k_pid_pos": [1.9323619604110718, 0.10813239216804504, 0.9995909929275513], "k_pid_alt": [1.634228229522705, 0.09072735905647278, 0.9921116828918457], "k_pid_att": [91.47745513916016, 0.6842778921127319, 0.8920214176177979], "k_pid_yaw": [0.5, 1e-06, 0.1], "k_pid_hsp": [4.475817680358887, 0.9078258275985718, 0.045896828174591064], "k_pid_vsp": [0.06585121154785156, 389.7342224121094, 2.4181971549987793]}, "datetime": {"datetime": "2025-08-20 14:34:09", "elapsed": 9704.177511453629, "delta": 19.08415460586548}, "costs": {"total_cost": 333.66292557075235, "time_cost": 83.512, "final_distance_cost": 1.7110983924763778, "oscillation_cost": 164.3252513198941, "completition_cost": 0.0, "overshoot_cost": 53.189989379483436, "power_cost": 18.215371716308596, "noise_cost": 12.709214762589834, "n_waypoints_completed": 9, "tot_waypoints": 9}}
{"target": -292.80476423218187, "params": {"k_pid_pos": [1.3652361631393433, 0.044220536947250366, 0.0], "k_pid_alt": [1.4753907918930054, 0.2163155972957611, 0.9910930395126343], "k_pid_att": [87.5361328125, 4.2392191886901855, 0.9882534742355347], "k_pid_yaw": [0.5, 1e-06, 0.1], "k_pid_hsp": [5.971615314483643, 0.976100504398346, 0.1540887951850891], "k_pid_vsp": [327.2030334472656, 381.8973083496094, 50.839378356933594]}, "datetime": {"datetime": "2025-08-20 14:34:29", "elapsed": 9723.845554828644, "delta": 19.66804337501526}, "costs": {"total_cost": 292.80476423218187, "time_cost": 83.168, "final_distance_cost": 1.7352600277980899, "oscillation_cost": 125.18508103405597, "completition_cost": 0.0, "overshoot_cost": 51.14802298366166, "power_cost": 17.736167749023437, "noise_cost": 13.832232437642661, "n_waypoints_completed": 9, "tot_waypoints": 9}}
{"target": -262.40117914401, "params": {"k_pid_pos": [1.8186932802200317, 0.05128571391105652, 1.6391277313232422e-06], "k_pid_alt": [1.7420775890350342, 0.05825597047805786, 0.9750086069107056], "k_pid_att": [99.47013854980469, 0.6861569285392761, 0.831771194934845], "k_pid_yaw": [0.5, 1e-06, 0.1], "k_pid_hsp": [9.86487865447998, 0.9474542140960693, 0.06342491507530212], "k_pid_vsp": [399.3621826171875, 361.7728271484375, 20.764102935791016]}, "datetime": {"datetime": "2025-08-20 14:34:46", "elapsed": 9740.545531988144, "delta": 16.699977159500122}, "costs": {"total_cost": 262.40117914401, "time_cost": 74.608, "final_distance_cost": 1.7381410238000976, "oscillation_cost": 106.26838323605664, "completition_cost": 0.0, "overshoot_cost": 53.01537716393587, "power_cost": 14.67305927734375, "noise_cost": 12.098218442873613, "n_waypoints_completed": 9, "tot_waypoints": 9}}
{"target": -432.7885342441026, "params": {"k_pid_pos": [1.9686394929885864, 0.09126812219619751, 0.9998043775558472], "k_pid_alt": [0.3138566017150879, 0.20580941438674927, 0.8514639139175415], "k_pid_att": [98.83450317382812, 0.7150189876556396, 0.8525283932685852], "k_pid_yaw": [0.5, 1e-06, 0.1], "k_pid_hsp": [9.221477508544922, 0.6555491089820862, 0.15483319759368896], "k_pid_vsp": [400.0, 347.9710693359375, 26.441171646118164]}, "datetime": {"datetime": "2025-08-20 14:35:05", "elapsed": 9759.79703783989, "delta": 19.251505851745605}, "costs": {"total_cost": 432.7885342441026, "time_cost": 87.936, "final_distance_cost": 1.7658292706599457, "oscillation_cost": 256.9119214583051, "completition_cost": 0.0, "overshoot_cost": 52.73223988040671, "power_cost": 18.909988500976564, "noise_cost": 14.532555133754276, "n_waypoints_completed": 9, "tot_waypoints": 9}}
{"target": -378.70651379835607, "params": {"k_pid_pos": [1.7651203870773315, 0.06978803873062134, 0.5890777707099915], "k_pid_alt": [1.804356575012207, 0.20833992958068848, 0.9160112738609314], "k_pid_att": [85.51409912109375, 6.737142086029053, 0.9510277509689331], "k_pid_yaw": [0.5, 1e-06, 0.1], "k_pid_hsp": [8.864429473876953, 0.9423410892486572, 0.278537780046463], "k_pid_vsp": [400.0, 301.6051330566406, 32.13865661621094]}, "datetime": {"datetime": "2025-08-20 14:35:23", "elapsed": 9778.447419166565, "delta": 18.650381326675415}, "costs": {"total_cost": 378.70651379835607, "time_cost": 84.168, "final_distance_cost": 1.7669253145833659, "oscillation_cost": 208.98342802519718, "completition_cost": 0.0, "overshoot_cost": 51.74134238180726, "power_cost": 18.105664978027345, "noise_cost": 13.941153098740907, "n_waypoints_completed": 9, "tot_waypoints": 9}}
{"target": -293.52518681664606, "params": {"k_pid_pos": [1.8259941339492798, 0.020924925804138184, 0.9970651268959045], "k_pid_alt": [1.6822032928466797, 0.02843993902206421, 0.9868240356445312], "k_pid_att": [84.0449447631836, 0.48669761419296265, 0.951840877532959], "k_pid_yaw": [0.5, 1e-06, 0.1], "k_pid_hsp": [7.95939826965332, 0.9674896001815796, 0.019310027360916138], "k_pid_vsp": [48.84844970703125, 240.1266632080078, 88.09869384765625]}, "datetime": {"datetime": "2025-08-20 14:35:43", "elapsed": 9798.307233095169, "delta": 19.859813928604126}, "costs": {"total_cost": 293.52518681664606, "time_cost": 77.536, "final_distance_cost": 1.8435650074991496, "oscillation_cost": 130.75306353438236, "completition_cost": 0.0, "overshoot_cost": 51.471259739356775, "power_cost": 17.525187756347655, "noise_cost": 14.396110779060182, "n_waypoints_completed": 9, "tot_waypoints": 9}}
{"target": -242.94146179484176, "params": {"k_pid_pos": [1.878214716911316, 0.04467517137527466, 0.0], "k_pid_alt": [0.39060014486312866, 0.06265288591384888, 0.7123731374740601], "k_pid_att": [97.85145568847656, 0.4616287350654602, 0.9148801565170288], "k_pid_yaw": [0.5, 1e-06, 0.1], "k_pid_hsp": [6.954990863800049, 0.9606530666351318, 0.034422069787979126], "k_pid_vsp": [400.0, 340.9407043457031, 8.249712944030762]}, "datetime": {"datetime": "2025-08-20 14:36:04", "elapsed": 9819.100245714188, "delta": 20.793012619018555}, "costs": {"total_cost": 242.94146179484176, "time_cost": 83.68, "final_distance_cost": 1.7415335612766611, "oscillation_cost": 74.24877060493293, "completition_cost": 0.0, "overshoot_cost": 52.46676493076923, "power_cost": 16.860440747070314, "noise_cost": 13.943951950792599, "n_waypoints_completed": 9, "tot_waypoints": 9}}
{"target": -253.58386822953486, "params": {"k_pid_pos": [1.9431040287017822, 0.046387165784835815, 0.0003746449947357178], "k_pid_alt": [0.5251848101615906, 0.0149117112159729, 0.825958251953125], "k_pid_att": [87.8000259399414, 0.30257919430732727, 0.9882356524467468], "k_pid_yaw": [0.5, 1e-06, 0.1], "k_pid_hsp": [5.697104454040527, 0.8206177949905396, 0.01102602481842041], "k_pid_vsp": [399.99981689453125, 367.68988037109375, 215.26065063476562]}, "datetime": {"datetime": "2025-08-20 14:36:25", "elapsed": 9840.372575044632, "delta": 21.272329330444336}, "costs": {"total_cost": 253.58386822953486, "time_cost": 88.416, "final_distance_cost": 1.8303661228937547, "oscillation_cost": 69.77110940191373, "completition_cost": 0.0, "overshoot_cost": 53.78338062520834, "power_cost": 23.146592138671878, "noise_cost": 16.63641994084715, "n_waypoints_completed": 9, "tot_waypoints": 9}}
{"target": -385.5445071217488, "params": {"k_pid_pos": [1.825527548789978, 0.4464946985244751, 0.9998927116394043], "k_pid_alt": [1.547192931175232, 0.09869575500488281, 0.8353841304779053], "k_pid_att": [94.06880187988281, 0.7532305121421814, 0.9568847417831421], "k_pid_yaw": [0.5, 1e-06, 0.1], "k_pid_hsp": [9.361241340637207, 0.942267894744873, 0.1522996425628662], "k_pid_vsp": [359.938720703125, 385.1895446777344, 7.028485298156738]}, "datetime": {"datetime": "2025-08-20 14:36:49", "elapsed": 9864.185971975327, "delta": 23.81339693069458}, "costs": {"total_cost": 385.5445071217488, "time_cost": 88.768, "final_distance_cost": 1.7684370971451704, "oscillation_cost": 209.6236958101909, "completition_cost": 0.0, "overshoot_cost": 52.528053661268125, "power_cost": 17.962505249023437, "noise_cost": 14.893815304121167, "n_waypoints_completed": 9, "tot_waypoints": 9}}
{"target": -266.24318517894017, "params": {"k_pid_pos": [1.9576221704483032, 0.10109907388687134, 0.7515010833740234], "k_pid_alt": [0.6969436407089233, 0.22830283641815186, 0.9260561466217041], "k_pid_att": [92.26117706298828, 0.8114666938781738, 0.9765025973320007], "k_pid_yaw": [0.5, 1e-06, 0.1], "k_pid_hsp": [7.6163458824157715, 0.8851289749145508, 0.02656617760658264], "k_pid_vsp": [399.95916748046875, 356.125, 18.32610511779785]}, "datetime": {"datetime": "2025-08-20 14:37:10", "elapsed": 9885.387107372284, "delta": 21.201135396957397}, "costs": {"total_cost": 266.24318517894017, "time_cost": 83.624, "final_distance_cost": 1.7716658599932569, "oscillation_cost": 101.04076460192579, "completition_cost": 0.0, "overshoot_cost": 50.55479148625938, "power_cost": 16.20985244140625, "noise_cost": 13.042110789355528, "n_waypoints_completed": 9, "tot_waypoints": 9}}
{"target": -219.05429779742087, "params": {"k_pid_pos": [1.5531400442123413, 0.13271433115005493, 1.1920928955078125e-07], "k_pid_alt": [0.8528902530670166, 0.014318197965621948, 0.9229580760002136], "k_pid_att": [99.71366882324219, 0.264198362827301, 0.6149424314498901], "k_pid_yaw": [0.5, 1e-06, 0.1], "k_pid_hsp": [5.044236183166504, 0.8314906358718872, 0.016966551542282104], "k_pid_vsp": [400.0, 366.25054931640625, 1.279378890991211]}, "datetime": {"datetime": "2025-08-20 14:37:28", "elapsed": 9903.454424619675, "delta": 18.067317247390747}, "costs": {"total_cost": 219.05429779742087, "time_cost": 77.712, "final_distance_cost": 1.8308998120351494, "oscillation_cost": 61.199142758780795, "completition_cost": 0.0, "overshoot_cost": 50.96186471338031, "power_cost": 14.222518359375, "noise_cost": 13.127872153849646, "n_waypoints_completed": 9, "tot_waypoints": 9}}
{"target": -258.84890280676177, "params": {"k_pid_pos": [1.9703131914138794, 0.05016377568244934, 0.008826345205307007], "k_pid_alt": [1.191800594329834, 0.0545714795589447, 0.9516170024871826], "k_pid_att": [99.2795639038086, 1.1438733339309692, 0.9456325769424438], "k_pid_yaw": [0.5, 1e-06, 0.1], "k_pid_hsp": [8.714731216430664, 0.9872390031814575, 0.01680275797843933], "k_pid_vsp": [380.5423278808594, 249.2066650390625, 11.229635238647461]}, "datetime": {"datetime": "2025-08-20 14:37:49", "elapsed": 9924.298158407211, "delta": 20.84373378753662}, "costs": {"total_cost": 258.84890280676177, "time_cost": 89.56, "final_distance_cost": 1.749353657896706, "oscillation_cost": 82.36335304801104, "completition_cost": 0.0, "overshoot_cost": 51.9885374470433, "power_cost": 18.363422912597656, "noise_cost": 14.824235741213073, "n_waypoints_completed": 9, "tot_waypoints": 9}}
{"target": -330.2690227696086, "params": {"k_pid_pos": [1.7869044542312622, 0.10467171669006348, 0.43716496229171753], "k_pid_alt": [1.9286744594573975, 0.05196869373321533, 0.9886044263839722], "k_pid_att": [96.85798645019531, 3.3312909603118896, 0.9476585388183594], "k_pid_yaw": [0.5, 1e-06, 0.1], "k_pid_hsp": [8.01302719116211, 0.9867438077926636, 0.335936963558197], "k_pid_vsp": [391.4248352050781, 389.8534851074219, 11.107278823852539]}, "datetime": {"datetime": "2025-08-20 14:38:07", "elapsed": 9942.231365442276, "delta": 17.933207035064697}, "costs": {"total_cost": 330.2690227696086, "time_cost": 76.08, "final_distance_cost": 1.7553702527166881, "oscillation_cost": 170.9483832674234, "completition_cost": 0.0, "overshoot_cost": 50.95430788542779, "power_cost": 16.779159875488283, "noise_cost": 13.75180148855249, "n_waypoints_completed": 9, "tot_waypoints": 9}}
{"target": -530.4717527490162, "params": {"k_pid_pos": [1.9017269611358643, 0.06757497787475586, 0.07060140371322632], "k_pid_alt": [0.6654632091522217, 0.31345170736312866, 0.9554922580718994], "k_pid_att": [98.72769927978516, 0.16186270117759705, 0.9591965675354004], "k_pid_yaw": [0.5, 1e-06, 0.1], "k_pid_hsp": [9.838828086853027, 0.8302114009857178, 0.043117374181747437], "k_pid_vsp": [399.98992919921875, 397.2372131347656, 13.672924995422363]}, "datetime": {"datetime": "2025-08-20 14:38:31", "elapsed": 9966.257781267166, "delta": 24.026415824890137}, "costs": {"total_cost": 530.4717527490162, "time_cost": 150, "final_distance_cost": 31.59615896427683, "oscillation_cost": 146.99949661022373, "completition_cost": 111.11111111111116, "overshoot_cost": 52.98071366506921, "power_cost": 21.257302941894533, "noise_cost": 16.52696945644073, "n_waypoints_completed": 8, "tot_waypoints": 9}}
{"target": -232.2866778715853, "params": {"k_pid_pos": [1.9244240522384644, 0.1697523295879364, 1.481175422668457e-05], "k_pid_alt": [1.2291964292526245, 0.0411456823348999, 0.9561006426811218], "k_pid_att": [90.36906433105469, 0.26876822113990784, 0.9094769954681396], "k_pid_yaw": [0.5, 1e-06, 0.1], "k_pid_hsp": [8.896296501159668, 0.9395878314971924, 0.020280420780181885], "k_pid_vsp": [400.0, 371.45904541015625, 16.186906814575195]}, "datetime": {"datetime": "2025-08-20 14:38:49", "elapsed": 9984.17516040802, "delta": 17.917379140853882}, "costs": {"total_cost": 232.2866778715853, "time_cost": 78.056, "final_distance_cost": 1.768243018810918, "oscillation_cost": 70.25675198248851, "completition_cost": 0.0, "overshoot_cost": 51.889716833687444, "power_cost": 17.14407458496094, "noise_cost": 13.171891451637533, "n_waypoints_completed": 9, "tot_waypoints": 9}}
{"target": -268.3898456139603, "params": {"k_pid_pos": [1.731924295425415, 0.002175062894821167, 0.0], "k_pid_alt": [0.7137891054153442, 0.048280924558639526, 0.7749918103218079], "k_pid_att": [99.04145812988281, 1.0919877290725708, 0.9433509111404419], "k_pid_yaw": [0.5, 1e-06, 0.1], "k_pid_hsp": [4.861330509185791, 0.9725357294082642, 0.05016845464706421], "k_pid_vsp": [399.9989929199219, 395.0028991699219, 24.40329933166504]}, "datetime": {"datetime": "2025-08-20 14:39:13", "elapsed": 10008.293130874634, "delta": 24.11797046661377}, "costs": {"total_cost": 268.3898456139603, "time_cost": 96.136, "final_distance_cost": 1.7859134780301054, "oscillation_cost": 84.51035233469831, "completition_cost": 0.0, "overshoot_cost": 51.58631172897493, "power_cost": 19.325190661621093, "noise_cost": 15.04607741063586, "n_waypoints_completed": 9, "tot_waypoints": 9}}
