{"target": -249.10458399935325, "params": {"k_pid_pos": [1.9740239381790161, 0.007262080907821655, 0.9980452060699463], "k_pid_alt": [1.9785616397857666, 0.006626546382904053, 0.9854017496109009], "k_pid_att": [97.13257598876953, 0.2814999222755432, 0.9398260712623596], "k_pid_yaw": [0.5, 1e-06, 0.1], "k_pid_hsp": [9.886889457702637, 0.9885749816894531, 0.010011404752731323], "k_pid_vsp": [400.0, 389.60430908203125, 7.183576583862305]}, "datetime": {"datetime": "2025-08-20 23:02:10", "elapsed": 40184.613178253174, "delta": 16.009358406066895}, "costs": {"total_cost": 249.10458399935325, "time_cost": 69.928, "final_distance_cost": 1.8480224826058542, "oscillation_cost": 101.93588584767905, "completition_cost": 0.0, "overshoot_cost": 49.97444782277441, "power_cost": 13.29733642578125, "noise_cost": 12.120891420512686, "n_waypoints_completed": 9, "tot_waypoints": 9}}
{"target": -214.45342805100876, "params": {"k_pid_pos": [1.8782747983932495, 0.02371552586555481, 0.0], "k_pid_alt": [1.9017877578735352, 0.02770984172821045, 0.9907883405685425], "k_pid_att": [98.85579681396484, 0.8691753149032593, 0.9599072933197021], "k_pid_yaw": [0.5, 1e-06, 0.1], "k_pid_hsp": [9.576071739196777, 0.9524965286254883, 0.028878092765808105], "k_pid_vsp": [400.0, 397.49957275390625, 6.140137672424316]}, "datetime": {"datetime": "2025-08-20 23:02:25", "elapsed": 40199.59916305542, "delta": 14.985984802246094}, "costs": {"total_cost": 214.45342805100876, "time_cost": 69.568, "final_distance_cost": 1.7304702337527547, "oscillation_cost": 68.73308862200852, "completition_cost": 0.0, "overshoot_cost": 50.04628340434634, "power_cost": 12.957379797363282, "noise_cost": 11.418205993537857, "n_waypoints_completed": 9, "tot_waypoints": 9}}
{"target": -216.3656292601043, "params": {"k_pid_pos": [1.923130750656128, 0.02201506495475769, 0.007507890462875366], "k_pid_alt": [1.9709465503692627, 0.02993527054786682, 0.992779016494751], "k_pid_att": [98.31196594238281, 0.02833145670592785, 0.906952977180481], "k_pid_yaw": [0.5, 1e-06, 0.1], "k_pid_hsp": [9.360848426818848, 0.9395102262496948, 0.026293277740478516], "k_pid_vsp": [400.0, 394.73455810546875, 10.359502792358398]}, "datetime": {"datetime": "2025-08-20 23:02:42", "elapsed": 40216.639874219894, "delta": 17.040711164474487}, "costs": {"total_cost": 216.3656292601043, "time_cost": 69.568, "final_distance_cost": 1.7473913827938508, "oscillation_cost": 70.40021621145861, "completition_cost": 0.0, "overshoot_cost": 50.0548607288054, "power_cost": 13.306860485839845, "noise_cost": 11.288300451206599, "n_waypoints_completed": 9, "tot_waypoints": 9}}
{"target": -282.7039850630933, "params": {"k_pid_pos": [1.9886630773544312, 0.013787329196929932, 0.0], "k_pid_alt": [1.9611111879348755, 0.12095430493354797, 0.9383147954940796], "k_pid_att": [98.9294662475586, 0.7347843050956726, 0.9892463684082031], "k_pid_yaw": [0.5, 1e-06, 0.1], "k_pid_hsp": [9.685333251953125, 0.9969900846481323, 0.039553046226501465], "k_pid_vsp": [400.0, 364.18060302734375, 7.482589244842529]}, "datetime": {"datetime": "2025-08-20 23:03:05", "elapsed": 40239.58026790619, "delta": 22.940393686294556}, "costs": {"total_cost": 282.7039850630933, "time_cost": 99.168, "final_distance_cost": 1.795847270303641, "oscillation_cost": 95.84487557543412, "completition_cost": 0.0, "overshoot_cost": 52.03106249063853, "power_cost": 18.26381759033203, "noise_cost": 15.60038213638494, "n_waypoints_completed": 9, "tot_waypoints": 9}}
{"target": -223.9538767954196, "params": {"k_pid_pos": [1.981194019317627, 0.026781409978866577, 2.9802322387695312e-08], "k_pid_alt": [1.9255576133728027, 0.030844390392303467, 0.9946916103363037], "k_pid_att": [90.71112823486328, 0.47674521803855896, 0.9774957895278931], "k_pid_yaw": [0.5, 1e-06, 0.1], "k_pid_hsp": [9.83891487121582, 0.9729688167572021, 0.03839319944381714], "k_pid_vsp": [400.0, 390.7072448730469, 7.8871259689331055]}, "datetime": {"datetime": "2025-08-20 23:03:20", "elapsed": 40255.43419408798, "delta": 15.853926181793213}, "costs": {"total_cost": 223.9538767954196, "time_cost": 69.776, "final_distance_cost": 1.7805363465918578, "oscillation_cost": 77.00923123843819, "completition_cost": 0.0, "overshoot_cost": 50.6774216496169, "power_cost": 13.162387451171876, "noise_cost": 11.548300109600811, "n_waypoints_completed": 9, "tot_waypoints": 9}}
{"target": -209.6891735737287, "params": {"k_pid_pos": [1.7342711687088013, 0.03170064091682434, 3.8743019104003906e-07], "k_pid_alt": [1.8989648818969727, 0.010133832693099976, 0.9702950716018677], "k_pid_att": [94.33479309082031, 0.07073228806257248, 0.9426970481872559], "k_pid_yaw": [0.5, 1e-06, 0.1], "k_pid_hsp": [9.695034980773926, 0.988251805305481, 0.0385955274105072], "k_pid_vsp": [400.0, 374.7439880371094, 7.413841247558594]}, "datetime": {"datetime": "2025-08-20 23:03:36", "elapsed": 40271.49133300781, "delta": 16.057138919830322}, "costs": {"total_cost": 209.6891735737287, "time_cost": 69.36, "final_distance_cost": 1.7941024684438003, "oscillation_cost": 64.8239457896616, "completition_cost": 0.0, "overshoot_cost": 49.587927238012696, "power_cost": 12.712392236328126, "noise_cost": 11.410805841282487, "n_waypoints_completed": 9, "tot_waypoints": 9}}
{"target": -208.11705957144406, "params": {"k_pid_pos": [1.9639369249343872, 0.022865086793899536, 1.1920928955078125e-07], "k_pid_alt": [1.9590108394622803, 0.017246663570404053, 0.9928994178771973], "k_pid_att": [99.74305725097656, 0.05485555902123451, 0.9972853064537048], "k_pid_yaw": [0.5, 1e-06, 0.1], "k_pid_hsp": [9.869810104370117, 0.9766150712966919, 0.026771247386932373], "k_pid_vsp": [400.0, 378.2657470703125, 23.65285301208496]}, "datetime": {"datetime": "2025-08-20 23:03:52", "elapsed": 40287.24256563187, "delta": 15.751232624053955}, "costs": {"total_cost": 208.11705957144406, "time_cost": 69.528, "final_distance_cost": 1.7274342170229275, "oscillation_cost": 60.54930688517631, "completition_cost": 0.0, "overshoot_cost": 50.361543937725536, "power_cost": 14.373235961914062, "noise_cost": 11.5775385696052, "n_waypoints_completed": 9, "tot_waypoints": 9}}
{"target": -211.75290671570426, "params": {"k_pid_pos": [1.9747751951217651, 0.10737466812133789, 0.005396544933319092], "k_pid_alt": [1.9826157093048096, 0.029607504606246948, 0.976402759552002], "k_pid_att": [90.12899780273438, 0.2984701097011566, 0.9590067863464355], "k_pid_yaw": [0.5, 1e-06, 0.1], "k_pid_hsp": [9.79863452911377, 0.9644157886505127, 0.00824892520904541], "k_pid_vsp": [400.0, 398.00604248046875, 15.377975463867188]}, "datetime": {"datetime": "2025-08-20 23:04:09", "elapsed": 40303.711191892624, "delta": 16.468626260757446}, "costs": {"total_cost": 211.75290671570426, "time_cost": 70.16, "final_distance_cost": 1.7277161898878153, "oscillation_cost": 61.02787631825858, "completition_cost": 0.0, "overshoot_cost": 50.743140091250346, "power_cost": 15.889681677246095, "noise_cost": 12.204492439061392, "n_waypoints_completed": 9, "tot_waypoints": 9}}
{"target": -220.98660631702845, "params": {"k_pid_pos": [1.9959263801574707, 0.015717267990112305, 4.5865774154663086e-05], "k_pid_alt": [1.8317705392837524, 0.01141771674156189, 0.9768794775009155], "k_pid_att": [99.38896942138672, 0.44615909457206726, 0.9501819610595703], "k_pid_yaw": [0.5, 1e-06, 0.1], "k_pid_hsp": [9.608492851257324, 0.9882495403289795, 0.010573804378509521], "k_pid_vsp": [400.0, 393.2430725097656, 9.632564544677734]}, "datetime": {"datetime": "2025-08-20 23:04:26", "elapsed": 40320.981788635254, "delta": 17.270596742630005}, "costs": {"total_cost": 220.98660631702845, "time_cost": 69.904, "final_distance_cost": 1.7274341780214995, "oscillation_cost": 75.65372009190854, "completition_cost": 0.0, "overshoot_cost": 50.20106815174752, "power_cost": 12.498598181152344, "noise_cost": 11.001785714198551, "n_waypoints_completed": 9, "tot_waypoints": 9}}
{"target": -232.49730181271556, "params": {"k_pid_pos": [1.9891011714935303, 0.020031899213790894, 0.601746678352356], "k_pid_alt": [1.976870059967041, 0.020405203104019165, 0.9924339056015015], "k_pid_att": [95.20914459228516, 0.15006020665168762, 0.9933398365974426], "k_pid_yaw": [0.5, 1e-06, 0.1], "k_pid_hsp": [9.604155540466309, 0.9769892692565918, 0.02820691466331482], "k_pid_vsp": [302.4862060546875, 387.34027099609375, 18.60835838317871]}, "datetime": {"datetime": "2025-08-20 23:04:41", "elapsed": 40336.0820710659, "delta": 15.100282430648804}, "costs": {"total_cost": 232.49730181271556, "time_cost": 68.808, "final_distance_cost": 1.8126627397923827, "oscillation_cost": 88.49150348675629, "completition_cost": 0.0, "overshoot_cost": 49.780685975168836, "power_cost": 12.77381630859375, "noise_cost": 10.830633302404301, "n_waypoints_completed": 9, "tot_waypoints": 9}}
{"target": -224.4893983357032, "params": {"k_pid_pos": [1.9734256267547607, 0.1010633111000061, 0.0], "k_pid_alt": [1.9587616920471191, 0.01225125789642334, 0.9692362546920776], "k_pid_att": [96.79106140136719, 0.45788857340812683, 0.9055929183959961], "k_pid_yaw": [0.5, 1e-06, 0.1], "k_pid_hsp": [7.841137409210205, 0.9913821220397949, 0.022693127393722534], "k_pid_vsp": [399.9999694824219, 383.6676940917969, 9.463109016418457]}, "datetime": {"datetime": "2025-08-20 23:04:58", "elapsed": 40353.155510902405, "delta": 17.073439836502075}, "costs": {"total_cost": 224.4893983357032, "time_cost": 69.96000000000001, "final_distance_cost": 1.7543096788129984, "oscillation_cost": 75.09142287420848, "completition_cost": 0.0, "overshoot_cost": 50.75565068203075, "power_cost": 14.645505688476563, "noise_cost": 12.282509412174432, "n_waypoints_completed": 9, "tot_waypoints": 9}}
{"target": -314.297840700699, "params": {"k_pid_pos": [1.970380187034607, 0.04056510329246521, 0.0025285184383392334], "k_pid_alt": [1.9305380582809448, 0.2956172525882721, 0.9400337934494019], "k_pid_att": [97.50045776367188, 0.019536880776286125, 0.9936262369155884], "k_pid_yaw": [0.5, 1e-06, 0.1], "k_pid_hsp": [9.735930442810059, 0.9727816581726074, 0.05718567967414856], "k_pid_vsp": [400.0, 395.49090576171875, 32.00748062133789]}, "datetime": {"datetime": "2025-08-20 23:05:20", "elapsed": 40374.646276474, "delta": 21.49076557159424}, "costs": {"total_cost": 314.297840700699, "time_cost": 99.936, "final_distance_cost": 1.7862553325849926, "oscillation_cost": 127.09700085715417, "completition_cost": 0.0, "overshoot_cost": 51.97617751528449, "power_cost": 18.694798107910156, "noise_cost": 14.807608887765126, "n_waypoints_completed": 9, "tot_waypoints": 9}}
{"target": -213.15716036395136, "params": {"k_pid_pos": [1.939496397972107, 0.04131972789764404, 0.005632996559143066], "k_pid_alt": [1.9819889068603516, 0.0077165961265563965, 0.9307562112808228], "k_pid_att": [99.3453140258789, 0.35056373476982117, 0.9675089716911316], "k_pid_yaw": [0.5, 1e-06, 0.1], "k_pid_hsp": [9.898781776428223, 0.9193216562271118, 0.014630943536758423], "k_pid_vsp": [400.0, 391.6803283691406, 36.87956237792969]}, "datetime": {"datetime": "2025-08-20 23:05:37", "elapsed": 40391.753885746, "delta": 17.107609272003174}, "costs": {"total_cost": 213.15716036395136, "time_cost": 69.52, "final_distance_cost": 1.770555221908665, "oscillation_cost": 65.72867877078865, "completition_cost": 0.0, "overshoot_cost": 50.331995441297884, "power_cost": 14.4785974609375, "noise_cost": 11.32733346901867, "n_waypoints_completed": 9, "tot_waypoints": 9}}
{"target": -215.71669315153758, "params": {"k_pid_pos": [1.8751399517059326, 0.0011501610279083252, 0.04139387607574463], "k_pid_alt": [1.9951095581054688, 0.007620573043823242, 0.967483401298523], "k_pid_att": [99.28362274169922, 0.05654503405094147, 0.9656983613967896], "k_pid_yaw": [0.5, 1e-06, 0.1], "k_pid_hsp": [9.179359436035156, 0.9929829835891724, 0.01835128664970398], "k_pid_vsp": [187.20033264160156, 391.5893859863281, 10.679365158081055]}, "datetime": {"datetime": "2025-08-20 23:05:52", "elapsed": 40406.691350221634, "delta": 14.937464475631714}, "costs": {"total_cost": 215.71669315153758, "time_cost": 69.44, "final_distance_cost": 1.7800862677856235, "oscillation_cost": 67.97211331293558, "completition_cost": 0.0, "overshoot_cost": 50.346334455678566, "power_cost": 14.301307775878907, "noise_cost": 11.87685133925891, "n_waypoints_completed": 9, "tot_waypoints": 9}}
{"target": -240.99816433746324, "params": {"k_pid_pos": [1.731345295906067, 0.008010268211364746, 0.7440106272697449], "k_pid_alt": [1.9638392925262451, 0.009881526231765747, 0.9619497060775757], "k_pid_att": [99.05204010009766, 0.03768571838736534, 0.9446406960487366], "k_pid_yaw": [0.5, 1e-06, 0.1], "k_pid_hsp": [9.749642372131348, 0.9953436851501465, 0.025435566902160645], "k_pid_vsp": [400.0, 369.8927917480469, 3.046322822570801]}, "datetime": {"datetime": "2025-08-20 23:06:10", "elapsed": 40424.87742352486, "delta": 18.186073303222656}, "costs": {"total_cost": 240.99816433746324, "time_cost": 69.72, "final_distance_cost": 1.8399802174059976, "oscillation_cost": 95.00610786883236, "completition_cost": 0.0, "overshoot_cost": 49.79296455007027, "power_cost": 12.850524572753907, "noise_cost": 11.788587128400708, "n_waypoints_completed": 9, "tot_waypoints": 9}}
{"target": -236.96735015030785, "params": {"k_pid_pos": [1.987183690071106, 0.178774893283844, 0.0], "k_pid_alt": [1.9799015522003174, 0.0417819619178772, 0.9386730790138245], "k_pid_att": [89.46832275390625, 0.7597595453262329, 0.9531766176223755], "k_pid_yaw": [0.5, 1e-06, 0.1], "k_pid_hsp": [9.829785346984863, 0.8881345391273499, 0.05355888605117798], "k_pid_vsp": [400.0, 390.62322998046875, 55.4005126953125]}, "datetime": {"datetime": "2025-08-20 23:06:26", "elapsed": 40441.15664577484, "delta": 16.27922224998474}, "costs": {"total_cost": 236.96735015030785, "time_cost": 69.976, "final_distance_cost": 1.7473472687659286, "oscillation_cost": 87.90020239264206, "completition_cost": 0.0, "overshoot_cost": 50.823239525174785, "power_cost": 14.79000447998047, "noise_cost": 11.730556483744596, "n_waypoints_completed": 9, "tot_waypoints": 9}}
{"target": -210.84344690617883, "params": {"k_pid_pos": [1.8646929264068604, 0.0028090476989746094, 0.0], "k_pid_alt": [1.9093165397644043, 0.010814517736434937, 0.8128065466880798], "k_pid_att": [99.2655029296875, 0.12222392857074738, 0.9913904666900635], "k_pid_yaw": [0.5, 1e-06, 0.1], "k_pid_hsp": [9.967098236083984, 0.9879400730133057, 0.0016481280326843262], "k_pid_vsp": [400.0, 386.9022216796875, 3.16597318649292]}, "datetime": {"datetime": "2025-08-20 23:06:43", "elapsed": 40457.529819488525, "delta": 16.373173713684082}, "costs": {"total_cost": 210.84344690617883, "time_cost": 69.464, "final_distance_cost": 1.750571265468989, "oscillation_cost": 64.51201907987861, "completition_cost": 0.0, "overshoot_cost": 50.68735320752335, "power_cost": 12.947069042968751, "noise_cost": 11.482434310339112, "n_waypoints_completed": 9, "tot_waypoints": 9}}
{"target": -205.5548135915908, "params": {"k_pid_pos": [1.8472989797592163, 0.12275668978691101, 0.0], "k_pid_alt": [1.983809471130371, 0.02712187170982361, 0.9737881422042847], "k_pid_att": [97.77876281738281, 0.2673591673374176, 0.9892594814300537], "k_pid_yaw": [0.5, 1e-06, 0.1], "k_pid_hsp": [9.398174285888672, 0.9591786861419678, 0.005313098430633545], "k_pid_vsp": [400.0, 390.65643310546875, 16.834224700927734]}, "datetime": {"datetime": "2025-08-20 23:06:59", "elapsed": 40474.365216970444, "delta": 16.835397481918335}, "costs": {"total_cost": 205.5548135915908, "time_cost": 69.8, "final_distance_cost": 1.768453539495779, "oscillation_cost": 57.34281518164072, "completition_cost": 0.0, "overshoot_cost": 50.097509010738605, "power_cost": 14.812920532226563, "noise_cost": 11.733115327489148, "n_waypoints_completed": 9, "tot_waypoints": 9}}
{"target": -282.4089890117775, "params": {"k_pid_pos": [1.9756313562393188, 0.1029939353466034, 1.1920928955078125e-07], "k_pid_alt": [1.9905011653900146, 0.1065567135810852, 0.9679512977600098], "k_pid_att": [99.18878173828125, 0.11800545454025269, 0.975110650062561], "k_pid_yaw": [0.5, 1e-06, 0.1], "k_pid_hsp": [9.9932861328125, 0.996794581413269, 0.00992274284362793], "k_pid_vsp": [400.0, 393.23736572265625, 10.058260917663574]}, "datetime": {"datetime": "2025-08-20 23:07:21", "elapsed": 40495.6821436882, "delta": 21.31692671775818}, "costs": {"total_cost": 282.4089890117775, "time_cost": 98.336, "final_distance_cost": 1.7936871266366403, "oscillation_cost": 91.95453292397401, "completition_cost": 0.0, "overshoot_cost": 51.93679454002917, "power_cost": 21.683942590332034, "noise_cost": 16.704031830805665, "n_waypoints_completed": 9, "tot_waypoints": 9}}
{"target": -208.70283341280808, "params": {"k_pid_pos": [1.9110525846481323, 0.014195621013641357, 0.0], "k_pid_alt": [1.9623991250991821, 0.013932943344116211, 0.9864301681518555], "k_pid_att": [96.45458221435547, 0.3749808371067047, 0.9617382287979126], "k_pid_yaw": [0.5, 1e-06, 0.1], "k_pid_hsp": [9.96550464630127, 0.9964578747749329, 0.0034620463848114014], "k_pid_vsp": [399.9725341796875, 393.9077453613281, 9.935320854187012]}, "datetime": {"datetime": "2025-08-20 23:07:38", "elapsed": 40512.98890590668, "delta": 17.306762218475342}, "costs": {"total_cost": 208.70283341280808, "time_cost": 69.72, "final_distance_cost": 1.7595877416413144, "oscillation_cost": 63.51900076782989, "completition_cost": 0.0, "overshoot_cost": 50.7441494915967, "power_cost": 12.312190490722656, "noise_cost": 10.647904921017536, "n_waypoints_completed": 9, "tot_waypoints": 9}}
{"target": -218.79316219759744, "params": {"k_pid_pos": [1.5768871307373047, 0.05091330409049988, 0.0], "k_pid_alt": [1.9947125911712646, 0.009031236171722412, 0.8794138431549072], "k_pid_att": [95.5879898071289, 0.09031639248132706, 0.8619430065155029], "k_pid_yaw": [0.5, 1e-06, 0.1], "k_pid_hsp": [9.6632661819458, 0.9988939762115479, 0.07521924376487732], "k_pid_vsp": [400.0, 393.9020690917969, 3.446126937866211]}, "datetime": {"datetime": "2025-08-20 23:07:53", "elapsed": 40527.82478928566, "delta": 14.835883378982544}, "costs": {"total_cost": 218.79316219759744, "time_cost": 68.792, "final_distance_cost": 1.7965717602635864, "oscillation_cost": 73.5656774141894, "completition_cost": 0.0, "overshoot_cost": 50.28985868299721, "power_cost": 12.926774645996094, "noise_cost": 11.422279694151147, "n_waypoints_completed": 9, "tot_waypoints": 9}}
{"target": -276.3733086022716, "params": {"k_pid_pos": [1.8582159280776978, 0.1142348051071167, 0.1451747715473175], "k_pid_alt": [1.9797019958496094, 0.12771615386009216, 0.9888923168182373], "k_pid_att": [81.70069122314453, 0.5541786551475525, 0.89306640625], "k_pid_yaw": [0.5, 1e-06, 0.1], "k_pid_hsp": [9.951101303100586, 0.8498710989952087, 0.03829273581504822], "k_pid_vsp": [400.0, 372.0044250488281, 7.4974188804626465]}, "datetime": {"datetime": "2025-08-20 23:08:16", "elapsed": 40551.24432349205, "delta": 23.41953420639038}, "costs": {"total_cost": 276.3733086022716, "time_cost": 98.952, "final_distance_cost": 1.7957181465929521, "oscillation_cost": 90.93002743935227, "completition_cost": 0.0, "overshoot_cost": 51.88328263208687, "power_cost": 17.602987744140627, "noise_cost": 15.209292640098928, "n_waypoints_completed": 9, "tot_waypoints": 9}}
{"target": -265.6387402044862, "params": {"k_pid_pos": [1.6563202142715454, 0.00576898455619812, 0.0], "k_pid_alt": [1.9520076513290405, 0.0627312958240509, 0.9126991033554077], "k_pid_att": [96.34463500976562, 0.033496446907520294, 0.900784969329834], "k_pid_yaw": [0.5, 1e-06, 0.1], "k_pid_hsp": [9.852044105529785, 0.9871904253959656, 0.10431891679763794], "k_pid_vsp": [400.0, 387.35650634765625, 4.222405910491943]}, "datetime": {"datetime": "2025-08-20 23:08:34", "elapsed": 40569.45232629776, "delta": 18.20800280570984}, "costs": {"total_cost": 265.6387402044862, "time_cost": 76.68, "final_distance_cost": 1.7663453777205533, "oscillation_cost": 106.99274976931216, "completition_cost": 0.0, "overshoot_cost": 51.73482501330052, "power_cost": 15.395183630371095, "noise_cost": 13.069636413781879, "n_waypoints_completed": 9, "tot_waypoints": 9}}
{"target": -218.50872102383084, "params": {"k_pid_pos": [1.9833179712295532, 0.1241869330406189, 0.0], "k_pid_alt": [1.8879575729370117, 0.03561815619468689, 0.9945164322853088], "k_pid_att": [99.24365234375, 0.34615394473075867, 0.9720025658607483], "k_pid_yaw": [0.5, 1e-06, 0.1], "k_pid_hsp": [9.674406051635742, 0.9756917357444763, 0.03837516903877258], "k_pid_vsp": [400.0, 377.12506103515625, 17.445518493652344]}, "datetime": {"datetime": "2025-08-20 23:08:51", "elapsed": 40586.01471948624, "delta": 16.562393188476562}, "costs": {"total_cost": 218.50872102383084, "time_cost": 70.072, "final_distance_cost": 1.7523213407806928, "oscillation_cost": 71.25914600600481, "completition_cost": 0.0, "overshoot_cost": 50.522458907133846, "power_cost": 13.745214453125001, "noise_cost": 11.1575803167865, "n_waypoints_completed": 9, "tot_waypoints": 9}}
{"target": -214.26927531746855, "params": {"k_pid_pos": [1.9864916801452637, 0.003419637680053711, 0.5720771551132202], "k_pid_alt": [1.9429054260253906, 0.011737793684005737, 0.9947441816329956], "k_pid_att": [97.38141632080078, 0.19595681130886078, 0.9774767756462097], "k_pid_yaw": [0.5, 1e-06, 0.1], "k_pid_hsp": [9.852836608886719, 0.969944953918457, 0.00598570704460144], "k_pid_vsp": [400.0, 396.0687255859375, 4.260219097137451]}, "datetime": {"datetime": "2025-08-20 23:09:06", "elapsed": 40601.1452589035, "delta": 15.130539417266846}, "costs": {"total_cost": 214.26927531746855, "time_cost": 69.176, "final_distance_cost": 1.81766732996565, "oscillation_cost": 69.07030698551146, "completition_cost": 0.0, "overshoot_cost": 50.13236744464268, "power_cost": 12.649432800292969, "noise_cost": 11.42350075705579, "n_waypoints_completed": 9, "tot_waypoints": 9}}
