{"target": -218.12571361877485, "params": {"k_pid_pos": [1.955971598625183, 0.029461652040481567, 0.0], "k_pid_alt": [1.9036962985992432, 0.028584063053131104, 0.9800082445144653], "k_pid_att": [98.48817443847656, 0.07441015541553497, 0.9790962934494019], "k_pid_yaw": [0.5, 1e-06, 0.1], "k_pid_hsp": [9.926725387573242, 0.9860221147537231, 0.023967593908309937], "k_pid_vsp": [400.0, 395.1770324707031, 4.585374355316162]}, "datetime": {"datetime": "2025-08-20 21:23:58", "elapsed": 34293.34943532944, "delta": 15.340149402618408}, "costs": {"total_cost": 218.12571361877485, "time_cost": 69.632, "final_distance_cost": 1.753334833961558, "oscillation_cost": 71.62861632853611, "completition_cost": 0.0, "overshoot_cost": 50.39319838115203, "power_cost": 13.114260473632813, "noise_cost": 11.60430360149231, "n_waypoints_completed": 9, "tot_waypoints": 9}}
{"target": -207.22920207289843, "params": {"k_pid_pos": [1.9389365911483765, 0.002872169017791748, 0.0], "k_pid_alt": [1.9663691520690918, 0.02732563018798828, 0.9585364460945129], "k_pid_att": [99.29383087158203, 0.6772723197937012, 0.9837530255317688], "k_pid_yaw": [0.5, 1e-06, 0.1], "k_pid_hsp": [9.686347961425781, 0.9927072525024414, 0.0062379539012908936], "k_pid_vsp": [400.0, 397.18255615234375, 7.151890754699707]}, "datetime": {"datetime": "2025-08-20 21:24:14", "elapsed": 34309.38080883026, "delta": 16.031373500823975}, "costs": {"total_cost": 207.22920207289843, "time_cost": 69.672, "final_distance_cost": 1.7459405318349124, "oscillation_cost": 60.060496743565594, "completition_cost": 0.0, "overshoot_cost": 50.720050241915786, "power_cost": 13.339796984863282, "noise_cost": 11.69091757071889, "n_waypoints_completed": 9, "tot_waypoints": 9}}
{"target": -218.88968542186592, "params": {"k_pid_pos": [1.9592632055282593, 0.012352615594863892, 1.6391277313232422e-06], "k_pid_alt": [1.9804139137268066, 0.04788714647293091, 0.9724431037902832], "k_pid_att": [96.60968780517578, 0.08547355979681015, 0.9813429117202759], "k_pid_yaw": [0.5, 1e-06, 0.1], "k_pid_hsp": [9.202640533447266, 0.9852633476257324, 0.022924423217773438], "k_pid_vsp": [400.0, 368.7583312988281, 6.457353591918945]}, "datetime": {"datetime": "2025-08-20 21:24:31", "elapsed": 34325.67758631706, "delta": 16.296777486801147}, "costs": {"total_cost": 218.88968542186592, "time_cost": 69.76, "final_distance_cost": 1.7697326255543266, "oscillation_cost": 72.1391185073156, "completition_cost": 0.0, "overshoot_cost": 50.654663552235924, "power_cost": 13.082021374511719, "noise_cost": 11.484149362248347, "n_waypoints_completed": 9, "tot_waypoints": 9}}
{"target": -211.55467097569633, "params": {"k_pid_pos": [1.988016128540039, 0.0050671398639678955, 0.0], "k_pid_alt": [1.9962427616119385, 0.06398588418960571, 0.9966723918914795], "k_pid_att": [96.26287078857422, 0.5891143679618835, 0.9460318088531494], "k_pid_yaw": [0.5, 1e-06, 0.1], "k_pid_hsp": [9.37437915802002, 0.987952709197998, 0.005139797925949097], "k_pid_vsp": [399.9999084472656, 343.56866455078125, 14.69483470916748]}, "datetime": {"datetime": "2025-08-20 21:24:47", "elapsed": 34342.29160451889, "delta": 16.614018201828003}, "costs": {"total_cost": 211.55467097569633, "time_cost": 70.072, "final_distance_cost": 1.7959034253769741, "oscillation_cost": 59.51617812922176, "completition_cost": 0.0, "overshoot_cost": 50.904620685606574, "power_cost": 16.736018176269532, "noise_cost": 12.529950559221485, "n_waypoints_completed": 9, "tot_waypoints": 9}}
{"target": -260.86909642816084, "params": {"k_pid_pos": [1.9590686559677124, 0.01571214199066162, 0.0], "k_pid_alt": [1.9869093894958496, 0.05803400278091431, 0.8942500352859497], "k_pid_att": [95.74796295166016, 0.19542276859283447, 0.9921814203262329], "k_pid_yaw": [0.5, 1e-06, 0.1], "k_pid_hsp": [9.919775009155273, 0.9867368936538696, 0.1227496862411499], "k_pid_vsp": [400.0, 390.8437805175781, 5.368352890014648]}, "datetime": {"datetime": "2025-08-20 21:25:03", "elapsed": 34357.564665555954, "delta": 15.273061037063599}, "costs": {"total_cost": 260.86909642816084, "time_cost": 69.664, "final_distance_cost": 1.7710725499876085, "oscillation_cost": 112.68194048985494, "completition_cost": 0.0, "overshoot_cost": 50.7856119711353, "power_cost": 13.963280322265625, "noise_cost": 12.003191094917366, "n_waypoints_completed": 9, "tot_waypoints": 9}}
{"target": -210.33814867069435, "params": {"k_pid_pos": [1.987085223197937, 0.016918957233428955, 0.0], "k_pid_alt": [1.9726393222808838, 0.036464542150497437, 0.9862483739852905], "k_pid_att": [98.4786376953125, 0.15810884535312653, 0.9618849754333496], "k_pid_yaw": [0.5, 1e-06, 0.1], "k_pid_hsp": [7.99389123916626, 0.9954323172569275, 0.01846688985824585], "k_pid_vsp": [400.0, 397.993408203125, 3.2588133811950684]}, "datetime": {"datetime": "2025-08-20 21:25:19", "elapsed": 34374.161460876465, "delta": 16.596795320510864}, "costs": {"total_cost": 210.33814867069435, "time_cost": 69.904, "final_distance_cost": 1.748869952906541, "oscillation_cost": 63.37478310027958, "completition_cost": 0.0, "overshoot_cost": 50.69461097619415, "power_cost": 13.0492908203125, "noise_cost": 11.566593821001547, "n_waypoints_completed": 9, "tot_waypoints": 9}}
{"target": -216.36970477973523, "params": {"k_pid_pos": [1.9205724000930786, 0.014892935752868652, 0.0], "k_pid_alt": [1.9768950939178467, 0.00863078236579895, 0.9457454085350037], "k_pid_att": [95.90390014648438, 0.16592323780059814, 0.9819513559341431], "k_pid_yaw": [0.5, 1e-06, 0.1], "k_pid_hsp": [9.468469619750977, 0.9743908643722534, 0.002419412136077881], "k_pid_vsp": [399.99993896484375, 398.11468505859375, 22.958208084106445]}, "datetime": {"datetime": "2025-08-20 21:25:35", "elapsed": 34390.10080575943, "delta": 15.939344882965088}, "costs": {"total_cost": 216.36970477973523, "time_cost": 69.488, "final_distance_cost": 1.7829448106547163, "oscillation_cost": 67.18349586555537, "completition_cost": 0.0, "overshoot_cost": 50.3895176696193, "power_cost": 15.5700966796875, "noise_cost": 11.955649754218351, "n_waypoints_completed": 9, "tot_waypoints": 9}}
{"target": -218.83152443162786, "params": {"k_pid_pos": [1.8153825998306274, 0.10058474540710449, 2.086162567138672e-07], "k_pid_alt": [1.9497401714324951, 0.02779260277748108, 0.9814972877502441], "k_pid_att": [99.08197021484375, 0.08725304156541824, 0.9706874489784241], "k_pid_yaw": [0.5, 1e-06, 0.1], "k_pid_hsp": [9.967626571655273, 0.9814210534095764, 0.0580938458442688], "k_pid_vsp": [400.0, 393.5459289550781, 21.23862648010254]}, "datetime": {"datetime": "2025-08-20 21:25:51", "elapsed": 34406.38567018509, "delta": 16.28486442565918}, "costs": {"total_cost": 218.83152443162786, "time_cost": 69.4, "final_distance_cost": 1.7602955527204749, "oscillation_cost": 72.72194132118116, "completition_cost": 0.0, "overshoot_cost": 49.99309179496636, "power_cost": 13.757411926269532, "noise_cost": 11.198783836490325, "n_waypoints_completed": 9, "tot_waypoints": 9}}
{"target": -248.24576821736213, "params": {"k_pid_pos": [1.9620044231414795, 0.0036701560020446777, 0.0], "k_pid_alt": [1.9313466548919678, 0.09446883201599121, 0.9808462262153625], "k_pid_att": [93.03852081298828, 0.28131815791130066, 0.9563615918159485], "k_pid_yaw": [0.5, 1e-06, 0.1], "k_pid_hsp": [9.61315631866455, 0.9894526600837708, 0.0030787885189056396], "k_pid_vsp": [400.0, 396.8817138671875, 10.9964017868042]}, "datetime": {"datetime": "2025-08-20 21:26:10", "elapsed": 34425.11964893341, "delta": 18.733978748321533}, "costs": {"total_cost": 248.24576821736213, "time_cost": 85.688, "final_distance_cost": 1.78722869583738, "oscillation_cost": 78.4329521562109, "completition_cost": 0.0, "overshoot_cost": 52.08921167197065, "power_cost": 16.674762182617187, "noise_cost": 13.573613510725988, "n_waypoints_completed": 9, "tot_waypoints": 9}}
{"target": -216.67152907764398, "params": {"k_pid_pos": [1.9289047718048096, 0.00905829668045044, 0.0], "k_pid_alt": [1.9297337532043457, 0.005421817302703857, 0.9517152309417725], "k_pid_att": [92.28096771240234, 0.032825008034706116, 0.9923602938652039], "k_pid_yaw": [0.5, 1e-06, 0.1], "k_pid_hsp": [9.51504135131836, 0.9655319452285767, 0.011264324188232422], "k_pid_vsp": [400.0, 393.1001281738281, 4.439164161682129]}, "datetime": {"datetime": "2025-08-20 21:26:27", "elapsed": 34441.70466828346, "delta": 16.58501935005188}, "costs": {"total_cost": 216.67152907764398, "time_cost": 69.84, "final_distance_cost": 1.7402224806844429, "oscillation_cost": 70.77340589433342, "completition_cost": 0.0, "overshoot_cost": 49.67219733505516, "power_cost": 13.062537829589845, "noise_cost": 11.583165537981117, "n_waypoints_completed": 9, "tot_waypoints": 9}}
{"target": -222.43910280030477, "params": {"k_pid_pos": [1.9546459913253784, 0.007798284292221069, 0.0], "k_pid_alt": [1.9851771593093872, 0.0024318695068359375, 0.9890456199645996], "k_pid_att": [96.17902374267578, 0.5305796265602112, 0.9920063018798828], "k_pid_yaw": [0.5, 1e-06, 0.1], "k_pid_hsp": [9.900643348693848, 0.9449435472488403, 0.013681560754776001], "k_pid_vsp": [399.93377685546875, 364.3077087402344, 8.109749794006348]}, "datetime": {"datetime": "2025-08-20 21:26:42", "elapsed": 34456.77634167671, "delta": 15.071673393249512}, "costs": {"total_cost": 222.43910280030477, "time_cost": 69.83200000000001, "final_distance_cost": 1.7576691426328457, "oscillation_cost": 76.48330442203627, "completition_cost": 0.0, "overshoot_cost": 50.11558354201974, "power_cost": 12.918178808593751, "noise_cost": 11.332366885022141, "n_waypoints_completed": 9, "tot_waypoints": 9}}
{"target": -305.05106863915074, "params": {"k_pid_pos": [1.9827035665512085, 0.020303845405578613, 1.3440847396850586e-05], "k_pid_alt": [1.9907665252685547, 0.02320900559425354, 0.9774017333984375], "k_pid_att": [98.43579864501953, 0.8562623858451843, 0.9279272556304932], "k_pid_yaw": [0.5, 1e-06, 0.1], "k_pid_hsp": [9.97843074798584, 0.9910610914230347, 0.48431190848350525], "k_pid_vsp": [400.0, 393.5782470703125, 1.6959319114685059]}, "datetime": {"datetime": "2025-08-20 21:26:59", "elapsed": 34474.23016166687, "delta": 17.45381999015808}, "costs": {"total_cost": 305.05106863915074, "time_cost": 75.04, "final_distance_cost": 1.7667619785669466, "oscillation_cost": 148.17197522637395, "completition_cost": 0.0, "overshoot_cost": 51.23442871505774, "power_cost": 15.792843188476564, "noise_cost": 13.045059530675514, "n_waypoints_completed": 9, "tot_waypoints": 9}}
{"target": -314.1045504295992, "params": {"k_pid_pos": [1.9805151224136353, 0.005087137222290039, 0.0], "k_pid_alt": [1.9743125438690186, 0.02708488702774048, 0.9680390357971191], "k_pid_att": [98.01445007324219, 0.22115829586982727, 0.9046750068664551], "k_pid_yaw": [0.5, 1e-06, 0.1], "k_pid_hsp": [9.864419937133789, 0.9826972484588623, 0.3336597979068756], "k_pid_vsp": [400.0, 393.0971984863281, 1.0196218490600586]}, "datetime": {"datetime": "2025-08-20 21:27:14", "elapsed": 34489.42668199539, "delta": 15.196520328521729}, "costs": {"total_cost": 314.1045504295992, "time_cost": 70.24, "final_distance_cost": 1.7814679473749453, "oscillation_cost": 164.34218883600195, "completition_cost": 0.0, "overshoot_cost": 51.033574491559456, "power_cost": 14.493465087890625, "noise_cost": 12.213854066772221, "n_waypoints_completed": 9, "tot_waypoints": 9}}
{"target": -224.03196646953282, "params": {"k_pid_pos": [1.9884427785873413, 0.004270583391189575, 0.0], "k_pid_alt": [1.9777714014053345, 0.017113447189331055, 0.9933586120605469], "k_pid_att": [99.47396850585938, 0.255489319562912, 0.9751989841461182], "k_pid_yaw": [0.5, 1e-06, 0.1], "k_pid_hsp": [9.606156349182129, 0.82917720079422, 0.013320237398147583], "k_pid_vsp": [400.0, 388.517578125, 6.435335636138916]}, "datetime": {"datetime": "2025-08-20 21:27:31", "elapsed": 34506.344722270966, "delta": 16.91804027557373}, "costs": {"total_cost": 224.03196646953282, "time_cost": 69.688, "final_distance_cost": 1.7391761823803216, "oscillation_cost": 77.37694567592827, "completition_cost": 0.0, "overshoot_cost": 50.49378164757311, "power_cost": 13.169231469726563, "noise_cost": 11.564831493924569, "n_waypoints_completed": 9, "tot_waypoints": 9}}
{"target": -222.73494392375224, "params": {"k_pid_pos": [1.9936214685440063, 0.04829731583595276, 0.0], "k_pid_alt": [1.9202767610549927, 0.0184478759765625, 0.9180930256843567], "k_pid_att": [99.35226440429688, 0.058694951236248016, 0.9280978441238403], "k_pid_yaw": [0.5, 1e-06, 0.1], "k_pid_hsp": [9.595802307128906, 0.9887938499450684, 0.013439148664474487], "k_pid_vsp": [400.0, 391.8069763183594, 1.3129363059997559]}, "datetime": {"datetime": "2025-08-20 21:27:47", "elapsed": 34521.60684800148, "delta": 15.262125730514526}, "costs": {"total_cost": 222.73494392375224, "time_cost": 69.84, "final_distance_cost": 1.7318165521867472, "oscillation_cost": 75.56369427083317, "completition_cost": 0.0, "overshoot_cost": 50.53864894743967, "power_cost": 13.33322109375, "noise_cost": 11.727563059542666, "n_waypoints_completed": 9, "tot_waypoints": 9}}
{"target": -218.12760557363995, "params": {"k_pid_pos": [1.951500415802002, 0.022107839584350586, 0.0], "k_pid_alt": [1.956820011138916, 0.0031859874725341797, 0.8314349055290222], "k_pid_att": [97.77934265136719, 0.11351190507411957, 0.9495617747306824], "k_pid_yaw": [0.5, 1e-06, 0.1], "k_pid_hsp": [9.926285743713379, 0.9606012105941772, 0.030827313661575317], "k_pid_vsp": [400.0, 386.3618469238281, 2.5637755393981934]}, "datetime": {"datetime": "2025-08-20 21:28:03", "elapsed": 34538.218563079834, "delta": 16.611715078353882}, "costs": {"total_cost": 218.12760557363995, "time_cost": 69.912, "final_distance_cost": 1.7716809804702602, "oscillation_cost": 71.94947596195351, "completition_cost": 0.0, "overshoot_cost": 49.88232853528445, "power_cost": 13.065450927734375, "noise_cost": 11.546669168197324, "n_waypoints_completed": 9, "tot_waypoints": 9}}
{"target": -455.4176580665156, "params": {"k_pid_pos": [1.9976469278335571, 0.06022259593009949, 0.17820245027542114], "k_pid_alt": [1.9687917232513428, 0.16474178433418274, 0.9967210292816162], "k_pid_att": [95.412109375, 0.17732131481170654, 0.9409615993499756], "k_pid_yaw": [0.5, 1e-06, 0.1], "k_pid_hsp": [9.630437850952148, 0.9589926600456238, 0.01610112190246582], "k_pid_vsp": [400.0, 398.531494140625, 8.134974479675293]}, "datetime": {"datetime": "2025-08-20 21:28:26", "elapsed": 34561.28909397125, "delta": 23.070530891418457}, "costs": {"total_cost": 455.4176580665156, "time_cost": 150, "final_distance_cost": 14.336688693440347, "oscillation_cost": 93.2513432225668, "completition_cost": 111.11111111111116, "overshoot_cost": 51.695952143827625, "power_cost": 19.35092882080078, "noise_cost": 15.671634074768928, "n_waypoints_completed": 8, "tot_waypoints": 9}}
{"target": -210.04038911764675, "params": {"k_pid_pos": [1.99492347240448, 0.1605544090270996, 0.0], "k_pid_alt": [1.9494545459747314, 0.01280185580253601, 0.9586397409439087], "k_pid_att": [99.50982666015625, 0.07107382267713547, 0.9750778675079346], "k_pid_yaw": [0.5, 1e-06, 0.1], "k_pid_hsp": [9.691301345825195, 0.9827840328216553, 0.008384883403778076], "k_pid_vsp": [400.0, 280.3603515625, 5.978489875793457]}, "datetime": {"datetime": "2025-08-20 21:28:42", "elapsed": 34576.63407826424, "delta": 15.344984292984009}, "costs": {"total_cost": 210.04038911764675, "time_cost": 71.096, "final_distance_cost": 1.7831894702086648, "oscillation_cost": 61.29138070851461, "completition_cost": 0.0, "overshoot_cost": 50.88722611522082, "power_cost": 13.268791174316407, "noise_cost": 11.713801649386255, "n_waypoints_completed": 9, "tot_waypoints": 9}}
{"target": -208.54532513753844, "params": {"k_pid_pos": [1.998479962348938, 0.07149326801300049, 0.0], "k_pid_alt": [1.9813625812530518, 0.01712203025817871, 0.9926665425300598], "k_pid_att": [99.732421875, 0.17989590764045715, 0.9936068058013916], "k_pid_yaw": [0.5, 1e-06, 0.1], "k_pid_hsp": [9.7399320602417, 0.9924408197402954, 0.008999079465866089], "k_pid_vsp": [400.0, 373.8645935058594, 8.82175064086914]}, "datetime": {"datetime": "2025-08-20 21:28:58", "elapsed": 34593.133695840836, "delta": 16.49961757659912}, "costs": {"total_cost": 208.54532513753844, "time_cost": 70.072, "final_distance_cost": 1.7753596778673493, "oscillation_cost": 63.40405713430764, "completition_cost": 0.0, "overshoot_cost": 50.27604207917578, "power_cost": 12.238411230468751, "noise_cost": 10.779455015718911, "n_waypoints_completed": 9, "tot_waypoints": 9}}
{"target": -205.87971854446053, "params": {"k_pid_pos": [1.9767829179763794, 0.03115469217300415, 0.0], "k_pid_alt": [1.9933968782424927, 0.02731749415397644, 0.9967190027236938], "k_pid_att": [96.04418182373047, 0.03229751065373421, 0.9892265200614929], "k_pid_yaw": [0.5, 1e-06, 0.1], "k_pid_hsp": [9.400120735168457, 0.9837251901626587, 0.016704261302947998], "k_pid_vsp": [400.0, 359.55706787109375, 6.66781759262085]}, "datetime": {"datetime": "2025-08-20 21:29:14", "elapsed": 34608.852476119995, "delta": 15.718780279159546}, "costs": {"total_cost": 205.87971854446053, "time_cost": 69.848, "final_distance_cost": 1.7822579369959584, "oscillation_cost": 59.04025659587293, "completition_cost": 0.0, "overshoot_cost": 50.37662114696199, "power_cost": 13.17815283203125, "noise_cost": 11.65443003259842, "n_waypoints_completed": 9, "tot_waypoints": 9}}
{"target": -214.5558148850673, "params": {"k_pid_pos": [1.883172869682312, 0.00828436017036438, 0.0], "k_pid_alt": [1.9962430000305176, 0.010073989629745483, 0.988274097442627], "k_pid_att": [99.04656219482422, 0.44670000672340393, 0.9777693748474121], "k_pid_yaw": [0.5, 1e-06, 0.1], "k_pid_hsp": [9.393573760986328, 0.9927403926849365, 0.05818036198616028], "k_pid_vsp": [399.9823913574219, 397.0580139160156, 4.7590742111206055]}, "datetime": {"datetime": "2025-08-20 21:29:32", "elapsed": 34626.969334840775, "delta": 18.11685872077942}, "costs": {"total_cost": 214.5558148850673, "time_cost": 69.4, "final_distance_cost": 1.7375005013610985, "oscillation_cost": 68.024629606508, "completition_cost": 0.0, "overshoot_cost": 50.392117296725466, "power_cost": 13.333277441406251, "noise_cost": 11.668290039066484, "n_waypoints_completed": 9, "tot_waypoints": 9}}
{"target": -200.83557930955917, "params": {"k_pid_pos": [1.924126386642456, 0.005778759717941284, 2.9802322387695312e-08], "k_pid_alt": [1.9630903005599976, 0.007606238126754761, 0.9904280304908752], "k_pid_att": [95.76722717285156, 0.1629442274570465, 0.9978398084640503], "k_pid_yaw": [0.5, 1e-06, 0.1], "k_pid_hsp": [9.796350479125977, 0.9896597862243652, 0.004423379898071289], "k_pid_vsp": [399.9998474121094, 397.19757080078125, 54.53947830200195]}, "datetime": {"datetime": "2025-08-20 21:29:47", "elapsed": 34641.92303562164, "delta": 14.95370078086853}, "costs": {"total_cost": 200.83557930955917, "time_cost": 69.28, "final_distance_cost": 1.7486033763914919, "oscillation_cost": 57.96779927511772, "completition_cost": 0.0, "overshoot_cost": 50.04049111343998, "power_cost": 11.932023083496095, "noise_cost": 9.866662461113883, "n_waypoints_completed": 9, "tot_waypoints": 9}}
{"target": -223.55654206933846, "params": {"k_pid_pos": [1.9660940170288086, 0.26994508504867554, 0.0], "k_pid_alt": [1.9541796445846558, 0.03202924132347107, 0.9082568287849426], "k_pid_att": [93.67747497558594, 0.9283531904220581, 0.9713929891586304], "k_pid_yaw": [0.5, 1e-06, 0.1], "k_pid_hsp": [9.653403282165527, 0.9899420738220215, 0.020538926124572754], "k_pid_vsp": [399.93084716796875, 391.8194580078125, 8.850373268127441]}, "datetime": {"datetime": "2025-08-20 21:30:04", "elapsed": 34658.90268611908, "delta": 16.979650497436523}, "costs": {"total_cost": 223.55654206933846, "time_cost": 71.544, "final_distance_cost": 1.7552311577909285, "oscillation_cost": 73.00846246743447, "completition_cost": 0.0, "overshoot_cost": 51.72243842329952, "power_cost": 13.522717443847657, "noise_cost": 12.003692576965866, "n_waypoints_completed": 9, "tot_waypoints": 9}}
{"target": -220.37750672208784, "params": {"k_pid_pos": [1.9574506282806396, 0.007392078638076782, 2.0265579223632812e-06], "k_pid_alt": [1.9687832593917847, 0.008350759744644165, 0.981164813041687], "k_pid_att": [99.16253662109375, 0.5933477282524109, 0.9933428764343262], "k_pid_yaw": [0.5, 1e-06, 0.1], "k_pid_hsp": [9.72609806060791, 0.9688320159912109, 0.01131141185760498], "k_pid_vsp": [400.0, 376.2682189941406, 3.1032214164733887]}, "datetime": {"datetime": "2025-08-20 21:30:19", "elapsed": 34673.917194366455, "delta": 15.014508247375488}, "costs": {"total_cost": 220.37750672208784, "time_cost": 69.928, "final_distance_cost": 1.751034237717808, "oscillation_cost": 73.5535229048599, "completition_cost": 0.0, "overshoot_cost": 50.390320983288916, "power_cost": 13.197083886718751, "noise_cost": 11.557544709502446, "n_waypoints_completed": 9, "tot_waypoints": 9}}
{"target": -208.69178762816213, "params": {"k_pid_pos": [1.9847017526626587, 0.013501286506652832, 0.0], "k_pid_alt": [1.9929916858673096, 0.06385841965675354, 0.9525783061981201], "k_pid_att": [96.99728393554688, 0.18678823113441467, 0.9343730211257935], "k_pid_yaw": [0.5, 1e-06, 0.1], "k_pid_hsp": [8.383091926574707, 0.9856791496276855, 0.005432993173599243], "k_pid_vsp": [400.0, 394.3406677246094, 14.603472709655762]}, "datetime": {"datetime": "2025-08-20 21:30:36", "elapsed": 34690.614510297775, "delta": 16.69731593132019}, "costs": {"total_cost": 208.69178762816213, "time_cost": 70.048, "final_distance_cost": 1.7833690530613073, "oscillation_cost": 61.722042527309874, "completition_cost": 0.0, "overshoot_cost": 50.62641484895084, "power_cost": 13.459137182617187, "noise_cost": 11.05282401622292, "n_waypoints_completed": 9, "tot_waypoints": 9}}
