{"target": -435.15459619096237, "params": {"k_pid_pos": [1.9219123125076294, 0.11381083726882935, 0.8965634703636169], "k_pid_alt": [0.7257226705551147, 0.053833454847335815, 0.8985982537269592], "k_pid_att": [97.91822814941406, 1.061052918434143, 0.9720531105995178], "k_pid_yaw": [0.5, 1e-06, 0.1], "k_pid_hsp": [3.5536041259765625, 0.9767398834228516, 0.16485199332237244], "k_pid_vsp": [399.7740173339844, 366.7400817871094, 13.536179542541504]}, "datetime": {"datetime": "2025-08-20 15:05:20", "elapsed": 11575.171578407288, "delta": 24.30743384361267}, "costs": {"total_cost": 435.15459619096237, "time_cost": 96.2, "final_distance_cost": 1.7947063692876795, "oscillation_cost": 249.32231157120862, "completition_cost": 0.0, "overshoot_cost": 50.866952163619146, "power_cost": 20.779104272460938, "noise_cost": 16.19152181438603, "n_waypoints_completed": 9, "tot_waypoints": 9}}
{"target": -266.38850421622465, "params": {"k_pid_pos": [1.890897274017334, 0.03989836573600769, 8.344650268554688e-06], "k_pid_alt": [1.1163493394851685, 0.03818848729133606, 0.9485114216804504], "k_pid_att": [99.04441833496094, 0.6027410626411438, 0.99392169713974], "k_pid_yaw": [0.5, 1e-06, 0.1], "k_pid_hsp": [7.088737964630127, 0.9777083396911621, 0.016573011875152588], "k_pid_vsp": [1.1920928955078125e-05, 389.2038269042969, 31.374658584594727]}, "datetime": {"datetime": "2025-08-20 15:05:40", "elapsed": 11594.589502096176, "delta": 19.41792368888855}, "costs": {"total_cost": 266.38850421622465, "time_cost": 86.56, "final_distance_cost": 1.753510275018225, "oscillation_cost": 93.55875727267384, "completition_cost": 0.0, "overshoot_cost": 52.609704108562156, "power_cost": 18.311254321289063, "noise_cost": 13.595278238681336, "n_waypoints_completed": 9, "tot_waypoints": 9}}
{"target": -310.951947204819, "params": {"k_pid_pos": [1.4003562927246094, 0.09550899267196655, 0.0], "k_pid_alt": [1.7796039581298828, 0.28235548734664917, 0.8480228781700134], "k_pid_att": [97.94099426269531, 1.2038743495941162, 0.8580611348152161], "k_pid_yaw": [0.5, 1e-06, 0.1], "k_pid_hsp": [9.64168643951416, 0.9887168407440186, 0.0501304566860199], "k_pid_vsp": [0.0, 396.5634765625, 44.71223449707031]}, "datetime": {"datetime": "2025-08-20 15:06:00", "elapsed": 11615.358077287674, "delta": 20.768575191497803}, "costs": {"total_cost": 310.951947204819, "time_cost": 87.32000000000001, "final_distance_cost": 1.743435353801231, "oscillation_cost": 133.25056852152719, "completition_cost": 0.0, "overshoot_cost": 55.46822840016288, "power_cost": 18.92943914794922, "noise_cost": 14.240275781378516, "n_waypoints_completed": 9, "tot_waypoints": 9}}
{"target": -215.5164016570367, "params": {"k_pid_pos": [1.4030351638793945, 0.006172865629196167, 0.0], "k_pid_alt": [1.1954545974731445, 0.053884267807006836, 0.5932124853134155], "k_pid_att": [97.35969543457031, 0.015744870528578758, 0.9708338975906372], "k_pid_yaw": [0.5, 1e-06, 0.1], "k_pid_hsp": [8.098882675170898, 0.9707071781158447, 0.03567814826965332], "k_pid_vsp": [1.1920928955078125e-05, 382.7552795410156, 98.28410339355469]}, "datetime": {"datetime": "2025-08-20 15:06:19", "elapsed": 11634.019119024277, "delta": 18.661041736602783}, "costs": {"total_cost": 215.5164016570367, "time_cost": 74.152, "final_distance_cost": 1.7888500052260219, "oscillation_cost": 59.778079056460136, "completition_cost": 0.0, "overshoot_cost": 52.74332169293548, "power_cost": 15.23349774169922, "noise_cost": 11.82065316071583, "n_waypoints_completed": 9, "tot_waypoints": 9}}
{"target": -269.41053124854335, "params": {"k_pid_pos": [1.7973264455795288, 0.10944405198097229, 0.008866578340530396], "k_pid_alt": [1.4900689125061035, 0.08912229537963867, 0.9706902503967285], "k_pid_att": [95.35457611083984, 0.2393914759159088, 0.971315860748291], "k_pid_yaw": [0.5, 1e-06, 0.1], "k_pid_hsp": [5.09872579574585, 0.830337643623352, 0.037174344062805176], "k_pid_vsp": [0.0026941299438476562, 377.7125244140625, 42.19078826904297]}, "datetime": {"datetime": "2025-08-20 15:06:40", "elapsed": 11654.743406534195, "delta": 20.724287509918213}, "costs": {"total_cost": 269.41053124854335, "time_cost": 88.952, "final_distance_cost": 1.7362650161876838, "oscillation_cost": 93.38558279860014, "completition_cost": 0.0, "overshoot_cost": 52.79239825405593, "power_cost": 18.447576037597656, "noise_cost": 14.096709142101934, "n_waypoints_completed": 9, "tot_waypoints": 9}}
{"target": -242.68667807727306, "params": {"k_pid_pos": [1.8261827230453491, 0.1342208981513977, 0.0], "k_pid_alt": [1.020256519317627, 0.01111072301864624, 0.7619543075561523], "k_pid_att": [88.14839172363281, 0.6613482236862183, 0.9504698514938354], "k_pid_yaw": [0.5, 1e-06, 0.1], "k_pid_hsp": [5.019151210784912, 0.9212459921836853, 0.04188448190689087], "k_pid_vsp": [103.05049133300781, 246.13116455078125, 109.34288787841797]}, "datetime": {"datetime": "2025-08-20 15:07:00", "elapsed": 11674.744032621384, "delta": 20.00062608718872}, "costs": {"total_cost": 242.68667807727306, "time_cost": 84.104, "final_distance_cost": 1.8153703348597297, "oscillation_cost": 69.40970141352112, "completition_cost": 0.0, "overshoot_cost": 53.55717618270423, "power_cost": 19.05285788574219, "noise_cost": 14.747572260445793, "n_waypoints_completed": 9, "tot_waypoints": 9}}
{"target": -330.28973578201936, "params": {"k_pid_pos": [1.5055047273635864, 0.24315252900123596, 0.0], "k_pid_alt": [1.7202253341674805, 0.02217233180999756, 0.9712122678756714], "k_pid_att": [95.28984069824219, 0.3667036294937134, 0.9704095721244812], "k_pid_yaw": [0.5, 1e-06, 0.1], "k_pid_hsp": [9.616678237915039, 0.804388165473938, 0.09569579362869263], "k_pid_vsp": [0.018680095672607422, 385.3752136230469, 24.95429801940918]}, "datetime": {"datetime": "2025-08-20 15:07:18", "elapsed": 11693.027786970139, "delta": 18.283754348754883}, "costs": {"total_cost": 330.28973578201936, "time_cost": 80.992, "final_distance_cost": 1.7753285035723587, "oscillation_cost": 163.02622458936574, "completition_cost": 0.0, "overshoot_cost": 53.218585178403444, "power_cost": 17.9009326171875, "noise_cost": 13.376664893490311, "n_waypoints_completed": 9, "tot_waypoints": 9}}
{"target": -478.20862451828316, "params": {"k_pid_pos": [1.959591031074524, 0.0815989077091217, 0.0], "k_pid_alt": [1.447131872177124, 0.09869986772537231, 0.8390118479728699], "k_pid_att": [91.11517333984375, 0.05906717851758003, 0.9799283146858215], "k_pid_yaw": [0.5, 1e-06, 0.1], "k_pid_hsp": [4.649561405181885, 0.9019736051559448, 0.09182986617088318], "k_pid_vsp": [399.9999084472656, 395.6178894042969, 32.30122375488281]}, "datetime": {"datetime": "2025-08-20 15:07:41", "elapsed": 11715.779028654099, "delta": 22.75124168395996}, "costs": {"total_cost": 478.20862451828316, "time_cost": 150, "final_distance_cost": 14.231702270153354, "oscillation_cost": 113.21680279913738, "completition_cost": 111.11111111111116, "overshoot_cost": 51.91231749831574, "power_cost": 21.663214184570315, "noise_cost": 16.073476654995204, "n_waypoints_completed": 8, "tot_waypoints": 9}}
{"target": -266.5452639471196, "params": {"k_pid_pos": [1.114198088645935, 0.0440860390663147, 0.002020210027694702], "k_pid_alt": [1.37449312210083, 0.16722822189331055, 0.9889490604400635], "k_pid_att": [78.34374237060547, 0.2623509466648102, 0.9031823873519897], "k_pid_yaw": [0.5, 1e-06, 0.1], "k_pid_hsp": [9.50974178314209, 0.9701666235923767, 0.10843726992607117], "k_pid_vsp": [395.9128723144531, 392.3055114746094, 36.044193267822266]}, "datetime": {"datetime": "2025-08-20 15:08:01", "elapsed": 11736.34673166275, "delta": 20.567703008651733}, "costs": {"total_cost": 266.5452639471196, "time_cost": 84.56, "final_distance_cost": 1.7735901691370295, "oscillation_cost": 97.81404598186168, "completition_cost": 0.0, "overshoot_cost": 50.43287882434909, "power_cost": 17.93323991699219, "noise_cost": 14.031509054779615, "n_waypoints_completed": 9, "tot_waypoints": 9}}
{"target": -223.60552928844024, "params": {"k_pid_pos": [1.5976697206497192, 0.033730894327163696, 0.0], "k_pid_alt": [1.8574628829956055, 0.0498526394367218, 0.9588404297828674], "k_pid_att": [95.88457489013672, 0.6050438284873962, 0.970170259475708], "k_pid_yaw": [0.5, 1e-06, 0.1], "k_pid_hsp": [9.837502479553223, 0.9924889802932739, 0.004492670297622681], "k_pid_vsp": [0.008416175842285156, 383.3177185058594, 20.374479293823242]}, "datetime": {"datetime": "2025-08-20 15:08:19", "elapsed": 11754.231882095337, "delta": 17.88515043258667}, "costs": {"total_cost": 223.60552928844024, "time_cost": 69.368, "final_distance_cost": 1.8009912278626814, "oscillation_cost": 76.14035211701278, "completition_cost": 0.0, "overshoot_cost": 50.75403515535115, "power_cost": 14.592272729492189, "noise_cost": 10.949878058721445, "n_waypoints_completed": 9, "tot_waypoints": 9}}
{"target": -203.60700249697013, "params": {"k_pid_pos": [1.428301215171814, 0.1218487024307251, 0.0], "k_pid_alt": [1.3138946294784546, 0.01481744647026062, 0.9763791561126709], "k_pid_att": [84.07717895507812, 1.2990862131118774, 0.9653098583221436], "k_pid_yaw": [0.5, 1e-06, 0.1], "k_pid_hsp": [8.282782554626465, 0.9385584592819214, 0.02831900119781494], "k_pid_vsp": [400.0, 395.05926513671875, 3.8710126876831055]}, "datetime": {"datetime": "2025-08-20 15:08:37", "elapsed": 11771.67505311966, "delta": 17.44317102432251}, "costs": {"total_cost": 203.60700249697013, "time_cost": 70.632, "final_distance_cost": 1.7606807694341833, "oscillation_cost": 56.55182173044376, "completition_cost": 0.0, "overshoot_cost": 50.18716596914601, "power_cost": 12.977330737304689, "noise_cost": 11.49800329064147, "n_waypoints_completed": 9, "tot_waypoints": 9}}
{"target": -475.9262347757805, "params": {"k_pid_pos": [1.8367568254470825, 0.1674642562866211, 2.086162567138672e-07], "k_pid_alt": [1.3570817708969116, 0.07701659202575684, 0.8170955181121826], "k_pid_att": [84.26395416259766, 0.21304082870483398, 0.9432762861251831], "k_pid_yaw": [0.5, 1e-06, 0.1], "k_pid_hsp": [7.3690314292907715, 0.9806342720985413, 0.1146349310874939], "k_pid_vsp": [399.9992370605469, 350.8863525390625, 23.63834571838379]}, "datetime": {"datetime": "2025-08-20 15:09:01", "elapsed": 11796.066315889359, "delta": 24.391262769699097}, "costs": {"total_cost": 475.9262347757805, "time_cost": 150, "final_distance_cost": 8.721308284859608, "oscillation_cost": 118.33646390586934, "completition_cost": 111.11111111111116, "overshoot_cost": 51.83378136542588, "power_cost": 20.286693334960937, "noise_cost": 15.636876773553594, "n_waypoints_completed": 8, "tot_waypoints": 9}}
{"target": -637.374932263268, "params": {"k_pid_pos": [1.931256651878357, 0.5762056708335876, 0.0], "k_pid_alt": [1.7612627744674683, 0.09060677886009216, 0.912269115447998], "k_pid_att": [94.55735778808594, 0.4710893929004669, 0.9264659285545349], "k_pid_yaw": [0.5, 1e-06, 0.1], "k_pid_hsp": [8.07955265045166, 0.9720045328140259, 0.07385489344596863], "k_pid_vsp": [400.0, 389.9306640625, 22.438241958618164]}, "datetime": {"datetime": "2025-08-20 15:09:26", "elapsed": 11820.634265899658, "delta": 24.567950010299683}, "costs": {"total_cost": 637.374932263268, "time_cost": 150, "final_distance_cost": 66.28511355776232, "oscillation_cost": 110.81482511011207, "completition_cost": 222.2222222222222, "overshoot_cost": 49.62173284365125, "power_cost": 22.140756713867187, "noise_cost": 16.290281815652982, "n_waypoints_completed": 7, "tot_waypoints": 9}}
{"target": -323.7308518249059, "params": {"k_pid_pos": [1.8909494876861572, 0.12407690286636353, 0.3515316843986511], "k_pid_alt": [1.4452877044677734, 0.006985396146774292, 0.844670832157135], "k_pid_att": [99.61856842041016, 0.5885040163993835, 0.9904886484146118], "k_pid_yaw": [0.5, 1e-06, 0.1], "k_pid_hsp": [9.775459289550781, 0.9828817844390869, 0.25481194257736206], "k_pid_vsp": [399.9977722167969, 349.0793762207031, 2.840949058532715]}, "datetime": {"datetime": "2025-08-20 15:09:45", "elapsed": 11839.91588640213, "delta": 19.281620502471924}, "costs": {"total_cost": 323.7308518249059, "time_cost": 74.032, "final_distance_cost": 1.7792682090082512, "oscillation_cost": 166.89807904659563, "completition_cost": 0.0, "overshoot_cost": 52.08143066992723, "power_cost": 15.873801049804689, "noise_cost": 13.066272849570142, "n_waypoints_completed": 9, "tot_waypoints": 9}}
{"target": -213.04096426327874, "params": {"k_pid_pos": [1.9710832834243774, 0.03563123941421509, 0.616875171661377], "k_pid_alt": [1.913719892501831, 0.06468099355697632, 0.973076581954956], "k_pid_att": [93.87345123291016, 0.31268537044525146, 0.943003237247467], "k_pid_yaw": [0.5, 1e-06, 0.1], "k_pid_hsp": [8.787890434265137, 0.9236385822296143, 0.00566372275352478], "k_pid_vsp": [400.0, 369.1021423339844, 10.914708137512207]}, "datetime": {"datetime": "2025-08-20 15:10:03", "elapsed": 11857.602474689484, "delta": 17.686588287353516}, "costs": {"total_cost": 213.04096426327874, "time_cost": 72.936, "final_distance_cost": 1.8385312744323228, "oscillation_cost": 59.55639284496534, "completition_cost": 0.0, "overshoot_cost": 50.58924644195066, "power_cost": 15.4714646484375, "noise_cost": 12.649329053492927, "n_waypoints_completed": 9, "tot_waypoints": 9}}
{"target": -283.73623001369526, "params": {"k_pid_pos": [1.953334093093872, 0.026509135961532593, 0.0], "k_pid_alt": [1.7021464109420776, 0.04958578944206238, 0.9792008996009827], "k_pid_att": [88.42858123779297, 0.1870182901620865, 0.805104672908783], "k_pid_yaw": [0.5, 1e-06, 0.1], "k_pid_hsp": [6.095428943634033, 0.9690500497817993, 0.10709404945373535], "k_pid_vsp": [334.0501403808594, 340.434326171875, 129.2205047607422]}, "datetime": {"datetime": "2025-08-20 15:10:21", "elapsed": 11876.070100069046, "delta": 18.467625379562378}, "costs": {"total_cost": 283.73623001369526, "time_cost": 77.28, "final_distance_cost": 1.774067851414713, "oscillation_cost": 122.35206861371704, "completition_cost": 0.0, "overshoot_cost": 52.85042007299544, "power_cost": 16.806777685546876, "noise_cost": 12.672895790021265, "n_waypoints_completed": 9, "tot_waypoints": 9}}
{"target": -586.663732790985, "params": {"k_pid_pos": [1.7685967683792114, 0.08753418922424316, 4.4286251068115234e-05], "k_pid_alt": [1.8217964172363281, 0.18238401412963867, 0.9709373712539673], "k_pid_att": [98.0098876953125, 0.020520346239209175, 0.7089456915855408], "k_pid_yaw": [0.5, 1e-06, 0.1], "k_pid_hsp": [9.613411903381348, 0.833625316619873, 0.08193695545196533], "k_pid_vsp": [4.76837158203125e-05, 386.9287109375, 20.62379264831543]}, "datetime": {"datetime": "2025-08-20 15:10:44", "elapsed": 11899.448546886444, "delta": 23.37844681739807}, "costs": {"total_cost": 586.663732790985, "time_cost": 150, "final_distance_cost": 57.53865592380056, "oscillation_cost": 171.51690902580162, "completition_cost": 111.11111111111116, "overshoot_cost": 61.05808711649004, "power_cost": 20.722051770019533, "noise_cost": 14.716917843762056, "n_waypoints_completed": 8, "tot_waypoints": 9}}
{"target": -302.15368757205897, "params": {"k_pid_pos": [1.7906420230865479, 0.043603599071502686, 0.0], "k_pid_alt": [1.7311155796051025, 0.07171952724456787, 0.9247531890869141], "k_pid_att": [92.11921691894531, 0.3775491714477539, 0.9739254117012024], "k_pid_yaw": [0.5, 1e-06, 0.1], "k_pid_hsp": [8.33313274383545, 0.9897205829620361, 0.0784938633441925], "k_pid_vsp": [17.867958068847656, 297.30743408203125, 8.114815711975098]}, "datetime": {"datetime": "2025-08-20 15:11:05", "elapsed": 11919.505701303482, "delta": 20.057154417037964}, "costs": {"total_cost": 302.15368757205897, "time_cost": 84.68, "final_distance_cost": 1.7513335774863235, "oscillation_cost": 128.25425295024596, "completition_cost": 0.0, "overshoot_cost": 56.02823984500853, "power_cost": 17.76835946044922, "noise_cost": 13.671501738868947, "n_waypoints_completed": 9, "tot_waypoints": 9}}
{"target": -265.4885087093645, "params": {"k_pid_pos": [1.9510620832443237, 0.05350661277770996, 4.76837158203125e-07], "k_pid_alt": [1.8705332279205322, 0.5498484969139099, 0.7918210625648499], "k_pid_att": [96.85768127441406, 1.46441650390625, 0.9647030830383301], "k_pid_yaw": [0.5, 1e-06, 0.1], "k_pid_hsp": [8.120369911193848, 0.9615007042884827, 0.04674661159515381], "k_pid_vsp": [400.0, 398.29241943359375, 1.9140729904174805]}, "datetime": {"datetime": "2025-08-20 15:11:26", "elapsed": 11940.882357120514, "delta": 21.37665581703186}, "costs": {"total_cost": 265.4885087093645, "time_cost": 92.83200000000001, "final_distance_cost": 1.750748850690236, "oscillation_cost": 85.72053720719697, "completition_cost": 0.0, "overshoot_cost": 53.69857756734326, "power_cost": 16.90186657714844, "noise_cost": 14.584778506985657, "n_waypoints_completed": 9, "tot_waypoints": 9}}
{"target": -326.41917144210356, "params": {"k_pid_pos": [1.9813718795776367, 0.021010518074035645, 0.5786053538322449], "k_pid_alt": [1.9565484523773193, 0.7805184125900269, 0.7734991312026978], "k_pid_att": [92.69042205810547, 0.0812145546078682, 0.6165751218795776], "k_pid_yaw": [0.5, 1e-06, 0.1], "k_pid_hsp": [9.69284439086914, 0.9903035163879395, 0.012980639934539795], "k_pid_vsp": [400.0, 389.79913330078125, 160.67115783691406]}, "datetime": {"datetime": "2025-08-20 15:11:44", "elapsed": 11959.057610034943, "delta": 18.17525291442871}, "costs": {"total_cost": 326.41917144210356, "time_cost": 81.232, "final_distance_cost": 1.7506171111069166, "oscillation_cost": 163.21486789628682, "completition_cost": 0.0, "overshoot_cost": 52.19497241590517, "power_cost": 15.556645214843751, "noise_cost": 12.470068803960931, "n_waypoints_completed": 9, "tot_waypoints": 9}}
{"target": -224.97613258297935, "params": {"k_pid_pos": [1.884332537651062, 0.07464224100112915, 0.0074433982372283936], "k_pid_alt": [1.5807433128356934, 0.010936528444290161, 0.9468069076538086], "k_pid_att": [89.5232925415039, 0.43968698382377625, 0.9736098051071167], "k_pid_yaw": [0.5, 1e-06, 0.1], "k_pid_hsp": [9.026651382446289, 0.9983774423599243, 0.07716980576515198], "k_pid_vsp": [400.0, 394.3958740234375, 78.46813201904297]}, "datetime": {"datetime": "2025-08-20 15:12:00", "elapsed": 11975.041878461838, "delta": 15.984268426895142}, "costs": {"total_cost": 224.97613258297935, "time_cost": 69.608, "final_distance_cost": 1.7919042541083472, "oscillation_cost": 79.65494098893085, "completition_cost": 0.0, "overshoot_cost": 50.305098333355865, "power_cost": 12.910912390136719, "noise_cost": 10.705276616447543, "n_waypoints_completed": 9, "tot_waypoints": 9}}
{"target": -267.8482289145335, "params": {"k_pid_pos": [1.8743284940719604, 0.3916820287704468, 0.0], "k_pid_alt": [1.738831877708435, 0.025036871433258057, 0.9331333041191101], "k_pid_att": [94.51615142822266, 0.8484929800033569, 0.9544067978858948], "k_pid_yaw": [0.5, 1e-06, 0.1], "k_pid_hsp": [6.985076904296875, 0.8444421887397766, 0.12238746881484985], "k_pid_vsp": [399.1482238769531, 241.87669372558594, 87.85018920898438]}, "datetime": {"datetime": "2025-08-20 15:12:19", "elapsed": 11994.275139331818, "delta": 19.23326086997986}, "costs": {"total_cost": 267.8482289145335, "time_cost": 79.248, "final_distance_cost": 1.704442997150153, "oscillation_cost": 101.16713921552771, "completition_cost": 0.0, "overshoot_cost": 53.699734168849545, "power_cost": 18.41237770996094, "noise_cost": 13.61653482304512, "n_waypoints_completed": 9, "tot_waypoints": 9}}
{"target": -469.17987400882674, "params": {"k_pid_pos": [1.9455355405807495, 0.17956241965293884, 0.0005987584590911865], "k_pid_alt": [1.9926280975341797, 0.15949702262878418, 0.9427249431610107], "k_pid_att": [98.2737045288086, 0.6292415857315063, 0.8857934474945068], "k_pid_yaw": [0.5, 1e-06, 0.1], "k_pid_hsp": [9.19416332244873, 0.9130215644836426, 0.022189199924468994], "k_pid_vsp": [400.0, 351.8973693847656, 86.46541595458984]}, "datetime": {"datetime": "2025-08-20 15:12:42", "elapsed": 12016.593711137772, "delta": 22.31857180595398}, "costs": {"total_cost": 469.17987400882674, "time_cost": 150, "final_distance_cost": 32.63420586261351, "oscillation_cost": 87.21110060580307, "completition_cost": 111.11111111111116, "overshoot_cost": 52.16379374820841, "power_cost": 20.742592150878906, "noise_cost": 15.317070530211682, "n_waypoints_completed": 8, "tot_waypoints": 9}}
{"target": -301.53111287577167, "params": {"k_pid_pos": [1.6236145496368408, 0.3956173062324524, 0.8927841186523438], "k_pid_alt": [1.548276424407959, 0.12168759107589722, 0.9959766864776611], "k_pid_att": [95.22198486328125, 0.6130418181419373, 0.7478289008140564], "k_pid_yaw": [0.5, 1e-06, 0.1], "k_pid_hsp": [8.595654487609863, 0.9937130212783813, 0.007571518421173096], "k_pid_vsp": [0.6611466407775879, 396.8138122558594, 7.778073310852051]}, "datetime": {"datetime": "2025-08-20 15:13:00", "elapsed": 12034.871892929077, "delta": 18.278181791305542}, "costs": {"total_cost": 301.53111287577167, "time_cost": 81.584, "final_distance_cost": 1.733808477853147, "oscillation_cost": 135.76814402325422, "completition_cost": 0.0, "overshoot_cost": 53.095185022610174, "power_cost": 16.871351916503908, "noise_cost": 12.478623435550224, "n_waypoints_completed": 9, "tot_waypoints": 9}}
{"target": -445.68100207181664, "params": {"k_pid_pos": [1.9419986009597778, 0.07593756914138794, 3.516674041748047e-06], "k_pid_alt": [1.8026487827301025, 0.2438260018825531, 0.8935089707374573], "k_pid_att": [96.13326263427734, 3.1300110816955566, 0.9450318813323975], "k_pid_yaw": [0.5, 1e-06, 0.1], "k_pid_hsp": [4.0256547927856445, 0.9715350866317749, 0.014966756105422974], "k_pid_vsp": [400.0, 352.1785888671875, 9.547484397888184]}, "datetime": {"datetime": "2025-08-20 15:13:22", "elapsed": 12057.44605255127, "delta": 22.574159622192383}, "costs": {"total_cost": 445.68100207181664, "time_cost": 150, "final_distance_cost": 23.29570175026727, "oscillation_cost": 81.26029368858022, "completition_cost": 111.11111111111116, "overshoot_cost": 52.05612877349979, "power_cost": 15.156979003906251, "noise_cost": 12.800787744451977, "n_waypoints_completed": 8, "tot_waypoints": 9}}
