{"target": -211.17997197408113, "params": {"k_pid_pos": [1.93982994556427, 0.02686101198196411, 5.036592483520508e-06], "k_pid_alt": [1.9763931035995483, 0.022554844617843628, 0.9872210025787354], "k_pid_att": [98.35362243652344, 0.11593718826770782, 0.9816585779190063], "k_pid_yaw": [0.5, 1e-06, 0.1], "k_pid_hsp": [9.920551300048828, 0.9938196539878845, 0.005644381046295166], "k_pid_vsp": [400.0, 399.5081481933594, 5.649722576141357]}, "datetime": {"datetime": "2025-08-20 19:11:05", "elapsed": 26319.952672481537, "delta": 15.089391231536865}, "costs": {"total_cost": 211.17997197408113, "time_cost": 69.656, "final_distance_cost": 1.7211226743784058, "oscillation_cost": 64.46860782518709, "completition_cost": 0.0, "overshoot_cost": 50.663750170703295, "power_cost": 13.123457202148439, "noise_cost": 11.5470341016639, "n_waypoints_completed": 9, "tot_waypoints": 9}}
{"target": -211.08318457791918, "params": {"k_pid_pos": [1.9632854461669922, 0.05555027723312378, 0.00011301040649414062], "k_pid_alt": [1.9558131694793701, 0.015917092561721802, 0.9940779209136963], "k_pid_att": [97.19989776611328, 0.1418473720550537, 0.9644966125488281], "k_pid_yaw": [0.5, 1e-06, 0.1], "k_pid_hsp": [9.943865776062012, 0.9458426237106323, 0.0027088820934295654], "k_pid_vsp": [277.0268859863281, 380.45269775390625, 4.560447692871094]}, "datetime": {"datetime": "2025-08-20 19:11:21", "elapsed": 26336.206622362137, "delta": 16.253949880599976}, "costs": {"total_cost": 211.08318457791918, "time_cost": 70.128, "final_distance_cost": 1.7377388178851523, "oscillation_cost": 63.97011722756848, "completition_cost": 0.0, "overshoot_cost": 50.65029739948526, "power_cost": 13.052341406250001, "noise_cost": 11.544689726730306, "n_waypoints_completed": 9, "tot_waypoints": 9}}
{"target": -210.2799726637191, "params": {"k_pid_pos": [1.9470980167388916, 0.0017210543155670166, 0.0], "k_pid_alt": [1.9840292930603027, 0.0010091662406921387, 0.9914573431015015], "k_pid_att": [97.05813598632812, 0.7090022563934326, 0.9582661986351013], "k_pid_yaw": [0.5, 1e-06, 0.1], "k_pid_hsp": [9.177319526672363, 0.989556074142456, 0.029051631689071655], "k_pid_vsp": [399.99993896484375, 389.667236328125, 14.610172271728516]}, "datetime": {"datetime": "2025-08-20 19:11:37", "elapsed": 26351.81265950203, "delta": 15.606037139892578}, "costs": {"total_cost": 210.2799726637191, "time_cost": 69.84, "final_distance_cost": 1.7361889487816289, "oscillation_cost": 63.035533811815306, "completition_cost": 0.0, "overshoot_cost": 49.9669442146773, "power_cost": 14.240261462402344, "noise_cost": 11.461044226042508, "n_waypoints_completed": 9, "tot_waypoints": 9}}
{"target": -247.90273249058646, "params": {"k_pid_pos": [1.893019437789917, 0.006562471389770508, 6.16908073425293e-06], "k_pid_alt": [1.9880001544952393, 0.044440269470214844, 0.9970415830612183], "k_pid_att": [98.69139099121094, 0.07367315143346786, 0.9584057331085205], "k_pid_yaw": [0.5, 1e-06, 0.1], "k_pid_hsp": [9.933070182800293, 0.9418814182281494, 0.06802216172218323], "k_pid_vsp": [400.0, 392.6830749511719, 0.9474883675575256]}, "datetime": {"datetime": "2025-08-20 19:11:52", "elapsed": 26367.139612436295, "delta": 15.326952934265137}, "costs": {"total_cost": 247.90273249058646, "time_cost": 69.352, "final_distance_cost": 1.7868720305633634, "oscillation_cost": 101.85462774700444, "completition_cost": 0.0, "overshoot_cost": 50.26078303826684, "power_cost": 13.177701123046875, "noise_cost": 11.470748551704933, "n_waypoints_completed": 9, "tot_waypoints": 9}}
{"target": -218.22628584974854, "params": {"k_pid_pos": [1.929672360420227, 0.0022089481353759766, 8.940696716308594e-08], "k_pid_alt": [1.9916905164718628, 0.010724663734436035, 0.9907218813896179], "k_pid_att": [92.54016876220703, 0.6303174495697021, 0.9847666025161743], "k_pid_yaw": [0.5, 1e-06, 0.1], "k_pid_hsp": [9.920404434204102, 0.9880570769309998, 0.041195422410964966], "k_pid_vsp": [399.99542236328125, 384.34661865234375, 13.621569633483887]}, "datetime": {"datetime": "2025-08-20 19:12:09", "elapsed": 26384.081743001938, "delta": 16.94213056564331}, "costs": {"total_cost": 218.22628584974854, "time_cost": 69.376, "final_distance_cost": 1.7397497557930415, "oscillation_cost": 69.39287005152141, "completition_cost": 0.0, "overshoot_cost": 50.71816396192824, "power_cost": 15.02779033203125, "noise_cost": 11.971711748474569, "n_waypoints_completed": 9, "tot_waypoints": 9}}
{"target": -214.10373650911237, "params": {"k_pid_pos": [1.9735914468765259, 0.07174235582351685, 0.0], "k_pid_alt": [1.9579815864562988, 0.020795583724975586, 0.9960775375366211], "k_pid_att": [99.06383514404297, 0.19859102368354797, 0.9658716917037964], "k_pid_yaw": [0.5, 1e-06, 0.1], "k_pid_hsp": [9.540390014648438, 0.959987998008728, 0.015988916158676147], "k_pid_vsp": [400.0, 386.7667236328125, 4.316664695739746]}, "datetime": {"datetime": "2025-08-20 19:12:24", "elapsed": 26399.252610445023, "delta": 15.170867443084717}, "costs": {"total_cost": 214.10373650911237, "time_cost": 70.21600000000001, "final_distance_cost": 1.7865761693411877, "oscillation_cost": 66.52013742812085, "completition_cost": 0.0, "overshoot_cost": 50.88136998726652, "power_cost": 13.112224353027344, "noise_cost": 11.587428571356503, "n_waypoints_completed": 9, "tot_waypoints": 9}}
{"target": -214.7447464657364, "params": {"k_pid_pos": [1.8516488075256348, 0.0017175376415252686, 0.0], "k_pid_alt": [1.9817978143692017, 0.055317580699920654, 0.9835161566734314], "k_pid_att": [96.63504028320312, 0.19030813872814178, 0.9934526085853577], "k_pid_yaw": [0.5, 1e-06, 0.1], "k_pid_hsp": [9.98932933807373, 0.9863572716712952, 0.02070331573486328], "k_pid_vsp": [400.0, 395.302001953125, 9.098732948303223]}, "datetime": {"datetime": "2025-08-20 19:12:41", "elapsed": 26415.850469589233, "delta": 16.597859144210815}, "costs": {"total_cost": 214.7447464657364, "time_cost": 69.512, "final_distance_cost": 1.7687673582312344, "oscillation_cost": 66.14717977733997, "completition_cost": 0.0, "overshoot_cost": 50.859583928863415, "power_cost": 14.443727221679689, "noise_cost": 12.013488179622069, "n_waypoints_completed": 9, "tot_waypoints": 9}}
{"target": -211.93370610598538, "params": {"k_pid_pos": [1.9930294752120972, 0.01715707778930664, 0.0], "k_pid_alt": [1.965855360031128, 0.018970131874084473, 0.986243486404419], "k_pid_att": [99.04911804199219, 0.051791612058877945, 0.829627275466919], "k_pid_yaw": [0.5, 1e-06, 0.1], "k_pid_hsp": [9.765636444091797, 0.9661725759506226, 0.004781216382980347], "k_pid_vsp": [400.0, 390.72607421875, 0.7773290276527405]}, "datetime": {"datetime": "2025-08-20 19:12:56", "elapsed": 26431.116637706757, "delta": 15.266168117523193}, "costs": {"total_cost": 211.93370610598538, "time_cost": 69.896, "final_distance_cost": 1.7817123890472182, "oscillation_cost": 64.81500710255673, "completition_cost": 0.0, "overshoot_cost": 50.763361956982685, "power_cost": 13.12582811279297, "noise_cost": 11.551796544605759, "n_waypoints_completed": 9, "tot_waypoints": 9}}
{"target": -204.82928474887478, "params": {"k_pid_pos": [1.8561766147613525, 0.0029002130031585693, 0.0], "k_pid_alt": [1.989234447479248, 0.010106056928634644, 0.9561123847961426], "k_pid_att": [97.08006286621094, 0.542797863483429, 0.9971647262573242], "k_pid_yaw": [0.5, 1e-06, 0.1], "k_pid_hsp": [9.854305267333984, 0.9824402332305908, 0.009797006845474243], "k_pid_vsp": [400.0, 382.3540344238281, 5.665279388427734]}, "datetime": {"datetime": "2025-08-20 19:13:13", "elapsed": 26448.236384868622, "delta": 17.119747161865234}, "costs": {"total_cost": 204.82928474887478, "time_cost": 69.632, "final_distance_cost": 1.7749049844057192, "oscillation_cost": 58.249852180743076, "completition_cost": 0.0, "overshoot_cost": 50.60779549501823, "power_cost": 13.019087158203126, "noise_cost": 11.545644930504647, "n_waypoints_completed": 9, "tot_waypoints": 9}}
{"target": -229.21364554657416, "params": {"k_pid_pos": [1.792544960975647, 0.0011601150035858154, 2.9802322387695312e-08], "k_pid_alt": [1.9939789772033691, 0.0736071765422821, 0.9804012775421143], "k_pid_att": [93.31134033203125, 0.252968966960907, 0.9932840466499329], "k_pid_yaw": [0.5, 1e-06, 0.1], "k_pid_hsp": [9.231356620788574, 0.9696186184883118, 0.005033046007156372], "k_pid_vsp": [400.0, 394.1268310546875, 3.0855188369750977]}, "datetime": {"datetime": "2025-08-20 19:13:30", "elapsed": 26465.39538502693, "delta": 17.159000158309937}, "costs": {"total_cost": 229.21364554657416, "time_cost": 79.944, "final_distance_cost": 1.7968962785225586, "oscillation_cost": 68.03162072838988, "completition_cost": 0.0, "overshoot_cost": 51.73430234470339, "power_cost": 14.72766767578125, "noise_cost": 12.979158519177064, "n_waypoints_completed": 9, "tot_waypoints": 9}}
{"target": -211.52408537421752, "params": {"k_pid_pos": [1.960584282875061, 0.03127595782279968, 0.0], "k_pid_alt": [1.9671627283096313, 0.022927194833755493, 0.9712128043174744], "k_pid_att": [70.90470123291016, 0.0616966113448143, 0.9938516020774841], "k_pid_yaw": [0.5, 1e-06, 0.1], "k_pid_hsp": [9.843611717224121, 0.980232834815979, 0.008085519075393677], "k_pid_vsp": [400.0, 392.10247802734375, 5.555916786193848]}, "datetime": {"datetime": "2025-08-20 19:13:46", "elapsed": 26481.12237715721, "delta": 15.726992130279541}, "costs": {"total_cost": 211.52408537421752, "time_cost": 69.664, "final_distance_cost": 1.7916433911613523, "oscillation_cost": 65.57851028373058, "completition_cost": 0.0, "overshoot_cost": 50.29223871401368, "power_cost": 12.800807592773438, "noise_cost": 11.39688539253848, "n_waypoints_completed": 9, "tot_waypoints": 9}}
{"target": -247.3123906950752, "params": {"k_pid_pos": [1.9804654121398926, 0.004101932048797607, 0.0], "k_pid_alt": [1.9424324035644531, 0.01213046908378601, 0.9777436852455139], "k_pid_att": [99.25428771972656, 0.758540689945221, 0.9804101586341858], "k_pid_yaw": [0.5, 1e-06, 0.1], "k_pid_hsp": [9.051758766174316, 0.9120943546295166, 0.02529957890510559], "k_pid_vsp": [400.0, 380.6135559082031, 16.383852005004883]}, "datetime": {"datetime": "2025-08-20 19:14:02", "elapsed": 26497.096710681915, "delta": 15.97433352470398}, "costs": {"total_cost": 247.3123906950752, "time_cost": 69.568, "final_distance_cost": 1.7614084064320392, "oscillation_cost": 97.03465161591457, "completition_cost": 0.0, "overshoot_cost": 50.04993973954937, "power_cost": 16.23976223144531, "noise_cost": 12.65862870173393, "n_waypoints_completed": 9, "tot_waypoints": 9}}
{"target": -233.64629186401478, "params": {"k_pid_pos": [1.9881923198699951, 0.05689281225204468, 5.3495168685913086e-05], "k_pid_alt": [1.9913239479064941, 0.016962409019470215, 0.985710620880127], "k_pid_att": [99.72388458251953, 0.8878337740898132, 0.9891884326934814], "k_pid_yaw": [0.5, 1e-06, 0.1], "k_pid_hsp": [9.937182426452637, 0.973923921585083, 0.06734627485275269], "k_pid_vsp": [400.0, 397.2659912109375, 8.23775577545166]}, "datetime": {"datetime": "2025-08-20 19:14:18", "elapsed": 26512.82054901123, "delta": 15.723838329315186}, "costs": {"total_cost": 233.64629186401478, "time_cost": 69.544, "final_distance_cost": 1.7615953242935676, "oscillation_cost": 86.64200014080558, "completition_cost": 0.0, "overshoot_cost": 50.2897946932542, "power_cost": 13.645675732421875, "noise_cost": 11.76322597323956, "n_waypoints_completed": 9, "tot_waypoints": 9}}
{"target": -216.03377332137518, "params": {"k_pid_pos": [1.9882657527923584, 0.0243147611618042, 0.0], "k_pid_alt": [1.9180636405944824, 0.025452345609664917, 0.995340883731842], "k_pid_att": [96.89631652832031, 0.24767138063907623, 0.9772146940231323], "k_pid_yaw": [0.5, 1e-06, 0.1], "k_pid_hsp": [9.811327934265137, 0.9289618730545044, 0.020214617252349854], "k_pid_vsp": [400.0, 398.0948181152344, 16.11856460571289]}, "datetime": {"datetime": "2025-08-20 19:14:35", "elapsed": 26529.75907278061, "delta": 16.938523769378662}, "costs": {"total_cost": 216.03377332137518, "time_cost": 69.83200000000001, "final_distance_cost": 1.736525159302727, "oscillation_cost": 68.07994529338316, "completition_cost": 0.0, "overshoot_cost": 50.23933059737633, "power_cost": 14.527047631835938, "noise_cost": 11.618924639477038, "n_waypoints_completed": 9, "tot_waypoints": 9}}
{"target": -215.06404459675704, "params": {"k_pid_pos": [1.9474354982376099, 0.02946808934211731, 0.0], "k_pid_alt": [1.9823479652404785, 0.015175670385360718, 0.9974877834320068], "k_pid_att": [96.82218933105469, 0.36029052734375, 0.9521024227142334], "k_pid_yaw": [0.5, 1e-06, 0.1], "k_pid_hsp": [9.805152893066406, 0.9961638450622559, 0.022214889526367188], "k_pid_vsp": [400.0, 379.51025390625, 5.440474510192871]}, "datetime": {"datetime": "2025-08-20 19:14:50", "elapsed": 26544.743909597397, "delta": 14.98483681678772}, "costs": {"total_cost": 215.06404459675704, "time_cost": 69.88, "final_distance_cost": 1.7557920271998386, "oscillation_cost": 68.26178740736887, "completition_cost": 0.0, "overshoot_cost": 50.37853732963494, "power_cost": 13.158978100585939, "noise_cost": 11.628949731967447, "n_waypoints_completed": 9, "tot_waypoints": 9}}
{"target": -218.3601890996951, "params": {"k_pid_pos": [1.93798828125, 0.01834779977798462, 0.0], "k_pid_alt": [1.9801586866378784, 0.009016454219818115, 0.9766006469726562], "k_pid_att": [91.42222595214844, 0.060899410396814346, 0.9852288961410522], "k_pid_yaw": [0.5, 1e-06, 0.1], "k_pid_hsp": [9.95341682434082, 0.9847022294998169, 0.030415624380111694], "k_pid_vsp": [400.0, 393.1203308105469, 4.093481063842773]}, "datetime": {"datetime": "2025-08-20 19:15:06", "elapsed": 26560.57356786728, "delta": 15.829658269882202}, "costs": {"total_cost": 218.3601890996951, "time_cost": 69.496, "final_distance_cost": 1.7487702086103802, "oscillation_cost": 72.8708852774094, "completition_cost": 0.0, "overshoot_cost": 49.84064982343371, "power_cost": 12.95189295654297, "noise_cost": 11.451990833698689, "n_waypoints_completed": 9, "tot_waypoints": 9}}
{"target": -210.46623067345473, "params": {"k_pid_pos": [1.9836372137069702, 0.020758092403411865, 0.00018996000289916992], "k_pid_alt": [1.9821118116378784, 0.006364911794662476, 0.9697362184524536], "k_pid_att": [92.05200958251953, 0.20055019855499268, 0.9910072684288025], "k_pid_yaw": [0.5, 1e-06, 0.1], "k_pid_hsp": [9.34285831451416, 0.9628280401229858, 0.008345276117324829], "k_pid_vsp": [400.0, 388.8502197265625, 30.560649871826172]}, "datetime": {"datetime": "2025-08-20 19:15:21", "elapsed": 26575.560552597046, "delta": 14.986984729766846}, "costs": {"total_cost": 210.46623067345473, "time_cost": 69.752, "final_distance_cost": 1.7937002421478707, "oscillation_cost": 59.28798022766544, "completition_cost": 0.0, "overshoot_cost": 50.40609271308266, "power_cost": 16.60584365234375, "noise_cost": 12.620613838214986, "n_waypoints_completed": 9, "tot_waypoints": 9}}
{"target": -214.8832445369839, "params": {"k_pid_pos": [1.965491771697998, 0.0022318661212921143, 0.0], "k_pid_alt": [1.9723052978515625, 0.022737979888916016, 0.9229326248168945], "k_pid_att": [99.76338195800781, 0.08033032715320587, 0.9863101243972778], "k_pid_yaw": [0.5, 1e-06, 0.1], "k_pid_hsp": [9.481707572937012, 0.994076132774353, 0.025117874145507812], "k_pid_vsp": [400.0, 397.05902099609375, 18.9110050201416]}, "datetime": {"datetime": "2025-08-20 19:15:38", "elapsed": 26592.76146030426, "delta": 17.200907707214355}, "costs": {"total_cost": 214.8832445369839, "time_cost": 69.528, "final_distance_cost": 1.7732398881116334, "oscillation_cost": 69.18963152172584, "completition_cost": 0.0, "overshoot_cost": 50.737777954772646, "power_cost": 12.818116845703125, "noise_cost": 10.836478326670646, "n_waypoints_completed": 9, "tot_waypoints": 9}}
{"target": -219.73222489028385, "params": {"k_pid_pos": [1.9869664907455444, 0.019783616065979004, 0.0], "k_pid_alt": [1.7773213386535645, 0.049045175313949585, 0.9380717277526855], "k_pid_att": [99.75540924072266, 0.5108724236488342, 0.9193558692932129], "k_pid_yaw": [0.5, 1e-06, 0.1], "k_pid_hsp": [9.727131843566895, 0.9963304996490479, 0.040736883878707886], "k_pid_vsp": [400.0, 389.660888671875, 2.065528392791748]}, "datetime": {"datetime": "2025-08-20 19:15:53", "elapsed": 26607.696638822556, "delta": 14.935178518295288}, "costs": {"total_cost": 219.73222489028385, "time_cost": 69.808, "final_distance_cost": 1.773093850597059, "oscillation_cost": 72.63600125803706, "completition_cost": 0.0, "overshoot_cost": 50.8741202033423, "power_cost": 13.102907153320313, "noise_cost": 11.538102424987125, "n_waypoints_completed": 9, "tot_waypoints": 9}}
{"target": -219.36445428990774, "params": {"k_pid_pos": [1.988058090209961, 0.026060819625854492, 0.0], "k_pid_alt": [1.8574931621551514, 0.015926510095596313, 0.9857080578804016], "k_pid_att": [96.81751251220703, 0.32348114252090454, 0.9938399791717529], "k_pid_yaw": [0.5, 1e-06, 0.1], "k_pid_hsp": [9.808744430541992, 0.9942728877067566, 0.008444726467132568], "k_pid_vsp": [400.0, 383.19635009765625, 9.375323295593262]}, "datetime": {"datetime": "2025-08-20 19:16:09", "elapsed": 26624.10232925415, "delta": 16.40569043159485}, "costs": {"total_cost": 219.36445428990774, "time_cost": 69.928, "final_distance_cost": 1.7361718224150124, "oscillation_cost": 69.64116539567057, "completition_cost": 0.0, "overshoot_cost": 50.621611686322204, "power_cost": 15.059438134765626, "noise_cost": 12.378067250734306, "n_waypoints_completed": 9, "tot_waypoints": 9}}
{"target": -207.3275598795245, "params": {"k_pid_pos": [1.8877428770065308, 0.03419175744056702, 0.0015371441841125488], "k_pid_alt": [1.9951400756835938, 0.022063851356506348, 0.9660091400146484], "k_pid_att": [99.49299621582031, 0.25635597109794617, 0.997664213180542], "k_pid_yaw": [0.5, 1e-06, 0.1], "k_pid_hsp": [9.397049903869629, 0.9945724010467529, 0.004472017288208008], "k_pid_vsp": [400.0, 377.8466491699219, 19.31597137451172]}, "datetime": {"datetime": "2025-08-20 19:16:26", "elapsed": 26640.58366703987, "delta": 16.481337785720825}, "costs": {"total_cost": 207.3275598795245, "time_cost": 69.488, "final_distance_cost": 1.7839787360560215, "oscillation_cost": 64.25242549335246, "completition_cost": 0.0, "overshoot_cost": 50.25248599720717, "power_cost": 11.609788317871095, "noise_cost": 9.940881335037727, "n_waypoints_completed": 9, "tot_waypoints": 9}}
{"target": -247.99667995078227, "params": {"k_pid_pos": [1.9696840047836304, 0.03152763843536377, 0.0], "k_pid_alt": [1.98858642578125, 0.0031805038452148438, 0.9968881607055664], "k_pid_att": [97.27083587646484, 0.252346396446228, 0.8317241072654724], "k_pid_yaw": [0.5, 1e-06, 0.1], "k_pid_hsp": [9.707085609436035, 0.9842907786369324, 0.04396778345108032], "k_pid_vsp": [400.0, 373.29205322265625, 17.6893367767334]}, "datetime": {"datetime": "2025-08-20 19:16:41", "elapsed": 26656.02202105522, "delta": 15.438354015350342}, "costs": {"total_cost": 247.99667995078227, "time_cost": 69.752, "final_distance_cost": 1.790755773205312, "oscillation_cost": 99.60213661265885, "completition_cost": 0.0, "overshoot_cost": 50.37562609110769, "power_cost": 14.738208837890626, "noise_cost": 11.737952635919793, "n_waypoints_completed": 9, "tot_waypoints": 9}}
{"target": -209.648518708182, "params": {"k_pid_pos": [1.965914011001587, 0.01285824179649353, 0.0], "k_pid_alt": [1.946959376335144, 0.006241708993911743, 0.9871519804000854], "k_pid_att": [99.48954010009766, 0.16600251197814941, 0.9924986362457275], "k_pid_yaw": [0.5, 1e-06, 0.1], "k_pid_hsp": [9.890095710754395, 0.9870434999465942, 0.012838482856750488], "k_pid_vsp": [400.0, 393.2672119140625, 11.420465469360352]}, "datetime": {"datetime": "2025-08-20 19:16:57", "elapsed": 26672.093680381775, "delta": 16.071659326553345}, "costs": {"total_cost": 209.648518708182, "time_cost": 70.048, "final_distance_cost": 1.7792483927997158, "oscillation_cost": 60.50289118838503, "completition_cost": 0.0, "overshoot_cost": 50.47561345704805, "power_cost": 14.975813684082032, "noise_cost": 11.866951985867189, "n_waypoints_completed": 9, "tot_waypoints": 9}}
{"target": -214.23431459078, "params": {"k_pid_pos": [1.9486069679260254, 0.014750361442565918, 0.0], "k_pid_alt": [1.7957212924957275, 0.050801992416381836, 0.9705303907394409], "k_pid_att": [99.51001739501953, 0.3270752727985382, 0.9303164482116699], "k_pid_yaw": [0.5, 1e-06, 0.1], "k_pid_hsp": [9.337963104248047, 0.9685561656951904, 0.009117186069488525], "k_pid_vsp": [399.99853515625, 394.0251770019531, 34.37004089355469]}, "datetime": {"datetime": "2025-08-20 19:17:12", "elapsed": 26687.17274737358, "delta": 15.07906699180603}, "costs": {"total_cost": 214.23431459078, "time_cost": 69.672, "final_distance_cost": 1.7623345274946751, "oscillation_cost": 65.14929776038367, "completition_cost": 0.0, "overshoot_cost": 50.66129125041899, "power_cost": 15.234777661132814, "noise_cost": 11.754613391349821, "n_waypoints_completed": 9, "tot_waypoints": 9}}
{"target": -221.31664370442692, "params": {"k_pid_pos": [1.9952621459960938, 0.03302207589149475, 0.0], "k_pid_alt": [1.9315078258514404, 0.02647799253463745, 0.9553085565567017], "k_pid_att": [96.16107940673828, 0.10169092565774918, 0.912277340888977], "k_pid_yaw": [0.5, 1e-06, 0.1], "k_pid_hsp": [9.914389610290527, 0.9906978607177734, 0.018690496683120728], "k_pid_vsp": [400.0, 394.7721862792969, 3.1246910095214844]}, "datetime": {"datetime": "2025-08-20 19:17:30", "elapsed": 26704.89014196396, "delta": 17.717394590377808}, "costs": {"total_cost": 221.31664370442692, "time_cost": 69.672, "final_distance_cost": 1.7258425375130755, "oscillation_cost": 74.42132381358773, "completition_cost": 0.0, "overshoot_cost": 50.67811270178665, "power_cost": 13.206405676269531, "noise_cost": 11.612958975269919, "n_waypoints_completed": 9, "tot_waypoints": 9}}
