{"target": -211.55866946350054, "params": {"k_pid_pos": [1.9645905494689941, 0.04160434007644653, 0.0], "k_pid_alt": [1.899979591369629, 0.03877907991409302, 0.9892204999923706], "k_pid_att": [94.29315948486328, 0.3995162546634674, 0.9972648620605469], "k_pid_yaw": [0.5, 1e-06, 0.1], "k_pid_hsp": [9.637475967407227, 0.9929728507995605, 0.009783744812011719], "k_pid_vsp": [400.0, 398.09954833984375, 25.75285530090332]}, "datetime": {"datetime": "2025-08-20 19:45:23", "elapsed": 28377.92710542679, "delta": 18.558485746383667}, "costs": {"total_cost": 211.55866946350054, "time_cost": 69.72, "final_distance_cost": 1.730130726444519, "oscillation_cost": 61.3228063993218, "completition_cost": 0.0, "overshoot_cost": 50.17523981773864, "power_cost": 16.283974707031252, "noise_cost": 12.32651781296431, "n_waypoints_completed": 9, "tot_waypoints": 9}}
{"target": -216.1258381871678, "params": {"k_pid_pos": [1.988113522529602, 0.029339879751205444, 0.0], "k_pid_alt": [1.9933793544769287, 0.06283384561538696, 0.9715253114700317], "k_pid_att": [89.84074401855469, 0.4196564555168152, 0.9843271970748901], "k_pid_yaw": [0.5, 1e-06, 0.1], "k_pid_hsp": [9.889153480529785, 0.9830031991004944, 0.004700571298599243], "k_pid_vsp": [400.0, 370.6922912597656, 1.7841825485229492]}, "datetime": {"datetime": "2025-08-20 19:45:38", "elapsed": 28392.862955331802, "delta": 14.935849905014038}, "costs": {"total_cost": 216.1258381871678, "time_cost": 70.32000000000001, "final_distance_cost": 1.7534527082267002, "oscillation_cost": 67.76218875505243, "completition_cost": 0.0, "overshoot_cost": 51.306655310538275, "power_cost": 13.222308996582031, "noise_cost": 11.761232416768337, "n_waypoints_completed": 9, "tot_waypoints": 9}}
{"target": -213.83967493273636, "params": {"k_pid_pos": [1.9812545776367188, 0.042917996644973755, 0.0], "k_pid_alt": [1.8920154571533203, 0.030003011226654053, 0.9843059182167053], "k_pid_att": [99.54119873046875, 0.07606536149978638, 0.9583702087402344], "k_pid_yaw": [0.5, 1e-06, 0.1], "k_pid_hsp": [9.490837097167969, 0.9427332878112793, 0.026703208684921265], "k_pid_vsp": [400.0, 389.25982666015625, 12.471080780029297]}, "datetime": {"datetime": "2025-08-20 19:45:54", "elapsed": 28409.145396709442, "delta": 16.28244137763977}, "costs": {"total_cost": 213.83967493273636, "time_cost": 69.8, "final_distance_cost": 1.7844563789838332, "oscillation_cost": 63.81891762324291, "completition_cost": 0.0, "overshoot_cost": 50.76164603628547, "power_cost": 15.435236694335938, "noise_cost": 12.239418199888199, "n_waypoints_completed": 9, "tot_waypoints": 9}}
{"target": -217.26340077442026, "params": {"k_pid_pos": [1.8633296489715576, 0.036354243755340576, 0.0], "k_pid_alt": [1.944761037826538, 0.022863149642944336, 0.9820030331611633], "k_pid_att": [97.31555938720703, 0.855766773223877, 0.9921374320983887], "k_pid_yaw": [0.5, 1e-06, 0.1], "k_pid_hsp": [9.0604829788208, 0.9829588532447815, 0.02040746808052063], "k_pid_vsp": [400.0, 394.67791748046875, 3.205502986907959]}, "datetime": {"datetime": "2025-08-20 19:46:09", "elapsed": 28424.067088842392, "delta": 14.921692132949829}, "costs": {"total_cost": 217.26340077442026, "time_cost": 69.688, "final_distance_cost": 1.7652376006138761, "oscillation_cost": 70.81527933538119, "completition_cost": 0.0, "overshoot_cost": 50.45794090729106, "power_cost": 13.02785135498047, "noise_cost": 11.509091576153644, "n_waypoints_completed": 9, "tot_waypoints": 9}}
{"target": -211.07636610630388, "params": {"k_pid_pos": [1.9718774557113647, 0.03713831305503845, 0.0], "k_pid_alt": [1.9785374402999878, 0.05939456820487976, 0.9900707602500916], "k_pid_att": [99.19064331054688, 0.9987103939056396, 0.9515399932861328], "k_pid_yaw": [0.5, 1e-06, 0.1], "k_pid_hsp": [9.728338241577148, 0.9892138838768005, 0.004112869501113892], "k_pid_vsp": [400.0, 389.99267578125, 3.6762008666992188]}, "datetime": {"datetime": "2025-08-20 19:46:26", "elapsed": 28441.479815244675, "delta": 17.412726402282715}, "costs": {"total_cost": 211.07636610630388, "time_cost": 70.08, "final_distance_cost": 1.7617375169841303, "oscillation_cost": 62.744009388274605, "completition_cost": 0.0, "overshoot_cost": 51.705311316840834, "power_cost": 13.109528173828126, "noise_cost": 11.675779710376192, "n_waypoints_completed": 9, "tot_waypoints": 9}}
{"target": -218.57335518296892, "params": {"k_pid_pos": [1.9557894468307495, 0.02388748526573181, 0.0], "k_pid_alt": [1.9766125679016113, 0.025222569704055786, 0.9623064994812012], "k_pid_att": [96.39852142333984, 1.0152809619903564, 0.9901238083839417], "k_pid_yaw": [0.5, 1e-06, 0.1], "k_pid_hsp": [9.711121559143066, 0.994255781173706, 0.015881240367889404], "k_pid_vsp": [400.0, 394.7752380371094, 1.6571769714355469]}, "datetime": {"datetime": "2025-08-20 19:46:41", "elapsed": 28456.217416524887, "delta": 14.737601280212402}, "costs": {"total_cost": 218.57335518296892, "time_cost": 69.816, "final_distance_cost": 1.7224667660260782, "oscillation_cost": 72.2075494212815, "completition_cost": 0.0, "overshoot_cost": 50.387455493290254, "power_cost": 12.978272033691407, "noise_cost": 11.461611468679672, "n_waypoints_completed": 9, "tot_waypoints": 9}}
{"target": -217.8391525830686, "params": {"k_pid_pos": [1.977072834968567, 0.021754056215286255, 0.0], "k_pid_alt": [1.9422056674957275, 0.024214237928390503, 0.8926265835762024], "k_pid_att": [99.20345306396484, 1.2787344455718994, 0.9901929497718811], "k_pid_yaw": [0.5, 1e-06, 0.1], "k_pid_hsp": [9.758132934570312, 0.9779884815216064, 0.02542683482170105], "k_pid_vsp": [400.0, 395.1727294921875, 22.77095603942871]}, "datetime": {"datetime": "2025-08-20 19:46:57", "elapsed": 28472.404674053192, "delta": 16.187257528305054}, "costs": {"total_cost": 217.8391525830686, "time_cost": 69.544, "final_distance_cost": 1.7845136980431764, "oscillation_cost": 70.10894100380669, "completition_cost": 0.0, "overshoot_cost": 50.27406199416824, "power_cost": 14.532781176757814, "noise_cost": 11.594854710292683, "n_waypoints_completed": 9, "tot_waypoints": 9}}
{"target": -254.5868610470745, "params": {"k_pid_pos": [1.9591325521469116, 0.026125073432922363, 0.0], "k_pid_alt": [1.9564659595489502, 0.004300057888031006, 0.9942455887794495], "k_pid_att": [97.92591857910156, 0.17863260209560394, 0.9799576997756958], "k_pid_yaw": [0.5, 1e-06, 0.1], "k_pid_hsp": [9.619470596313477, 0.9329754114151001, 0.10971862077713013], "k_pid_vsp": [400.0, 382.2893981933594, 19.260526657104492]}, "datetime": {"datetime": "2025-08-20 19:47:14", "elapsed": 28488.521580457687, "delta": 16.11690640449524}, "costs": {"total_cost": 254.5868610470745, "time_cost": 72.024, "final_distance_cost": 1.7484671987222078, "oscillation_cost": 104.7353285165476, "completition_cost": 0.0, "overshoot_cost": 49.959029992960005, "power_cost": 14.324865856933595, "noise_cost": 11.795169481911069, "n_waypoints_completed": 9, "tot_waypoints": 9}}
{"target": -217.63820375588963, "params": {"k_pid_pos": [1.9833412170410156, 0.01357218623161316, 0.0], "k_pid_alt": [1.96559476852417, 0.017880171537399292, 0.9886890649795532], "k_pid_att": [99.16492462158203, 0.1968890279531479, 0.9573266506195068], "k_pid_yaw": [0.5, 1e-06, 0.1], "k_pid_hsp": [9.854743957519531, 0.9835571050643921, 0.010701775550842285], "k_pid_vsp": [400.0, 386.5777893066406, 2.41981840133667]}, "datetime": {"datetime": "2025-08-20 19:47:29", "elapsed": 28504.05077981949, "delta": 15.529199361801147}, "costs": {"total_cost": 217.63820375588963, "time_cost": 69.968, "final_distance_cost": 1.756863783065815, "oscillation_cost": 69.90860025791397, "completition_cost": 0.0, "overshoot_cost": 50.90795361993251, "power_cost": 13.374286840820313, "noise_cost": 11.722499254157016, "n_waypoints_completed": 9, "tot_waypoints": 9}}
{"target": -220.58669022841485, "params": {"k_pid_pos": [1.9378060102462769, 0.01709294319152832, 0.0], "k_pid_alt": [1.9547693729400635, 0.02143821120262146, 0.9941667914390564], "k_pid_att": [95.77511596679688, 0.13316425681114197, 0.9873933792114258], "k_pid_yaw": [0.5, 1e-06, 0.1], "k_pid_hsp": [9.626884460449219, 0.9797325730323792, 0.022592604160308838], "k_pid_vsp": [400.0, 387.2225341796875, 2.4042258262634277]}, "datetime": {"datetime": "2025-08-20 19:47:46", "elapsed": 28520.58558034897, "delta": 16.53480052947998}, "costs": {"total_cost": 220.58669022841485, "time_cost": 69.688, "final_distance_cost": 1.7460794242523157, "oscillation_cost": 74.12720999722126, "completition_cost": 0.0, "overshoot_cost": 50.503219122772826, "power_cost": 13.019003674316407, "noise_cost": 11.503178009852036, "n_waypoints_completed": 9, "tot_waypoints": 9}}
{"target": -206.65208135292679, "params": {"k_pid_pos": [1.9298511743545532, 0.040435969829559326, 0.0], "k_pid_alt": [1.7236742973327637, 0.05154106020927429, 0.9905217885971069], "k_pid_att": [98.11236572265625, 0.5071752071380615, 0.9952690601348877], "k_pid_yaw": [0.5, 1e-06, 0.1], "k_pid_hsp": [9.757113456726074, 0.9488251209259033, 0.005001366138458252], "k_pid_vsp": [400.0, 393.123046875, 11.558199882507324]}, "datetime": {"datetime": "2025-08-20 19:48:02", "elapsed": 28536.983058691025, "delta": 16.397478342056274}, "costs": {"total_cost": 206.65208135292679, "time_cost": 69.83200000000001, "final_distance_cost": 1.7601841373086982, "oscillation_cost": 61.36668660825351, "completition_cost": 0.0, "overshoot_cost": 51.061897442049414, "power_cost": 12.315756909179688, "noise_cost": 10.31555625613546, "n_waypoints_completed": 9, "tot_waypoints": 9}}
{"target": -214.79474670325953, "params": {"k_pid_pos": [1.9786937236785889, 0.012347429990768433, 0.0], "k_pid_alt": [1.9621634483337402, 0.032927632331848145, 0.9924079179763794], "k_pid_att": [98.91531372070312, 0.37518617510795593, 0.9291574954986572], "k_pid_yaw": [0.5, 1e-06, 0.1], "k_pid_hsp": [9.482145309448242, 0.9206556677818298, 0.017387092113494873], "k_pid_vsp": [400.0, 391.6820373535156, 4.744721412658691]}, "datetime": {"datetime": "2025-08-20 19:48:19", "elapsed": 28553.58694958687, "delta": 16.603890895843506}, "costs": {"total_cost": 214.79474670325953, "time_cost": 69.816, "final_distance_cost": 1.7338602997407915, "oscillation_cost": 68.03294694099431, "completition_cost": 0.0, "overshoot_cost": 50.44915285061588, "power_cost": 13.164471508789063, "noise_cost": 11.59831510311946, "n_waypoints_completed": 9, "tot_waypoints": 9}}
{"target": -217.20774973086475, "params": {"k_pid_pos": [1.9683340787887573, 0.023517519235610962, 0.0], "k_pid_alt": [1.9809865951538086, 0.04547840356826782, 0.9932886362075806], "k_pid_att": [96.37596130371094, 0.5757409930229187, 0.8864145874977112], "k_pid_yaw": [0.5, 1e-06, 0.1], "k_pid_hsp": [8.85365104675293, 0.9850633144378662, 0.05934438109397888], "k_pid_vsp": [400.0, 397.6235046386719, 2.7817258834838867]}, "datetime": {"datetime": "2025-08-20 19:48:34", "elapsed": 28569.128447771072, "delta": 15.541498184204102}, "costs": {"total_cost": 217.20774973086475, "time_cost": 69.632, "final_distance_cost": 1.7478905066161365, "oscillation_cost": 70.11985308740334, "completition_cost": 0.0, "overshoot_cost": 50.82338870895347, "power_cost": 13.247173681640625, "noise_cost": 11.637443746251176, "n_waypoints_completed": 9, "tot_waypoints": 9}}
{"target": -230.2179914767469, "params": {"k_pid_pos": [1.9379198551177979, 0.007345318794250488, 0.0], "k_pid_alt": [1.911108374595642, 0.03469720482826233, 0.9810655117034912], "k_pid_att": [99.33319091796875, 0.29092660546302795, 0.9411239624023438], "k_pid_yaw": [0.5, 1e-06, 0.1], "k_pid_hsp": [9.790077209472656, 0.9591012001037598, 0.015497356653213501], "k_pid_vsp": [400.0, 381.17254638671875, 9.545517921447754]}, "datetime": {"datetime": "2025-08-20 19:48:50", "elapsed": 28585.490260601044, "delta": 16.361812829971313}, "costs": {"total_cost": 230.2179914767469, "time_cost": 69.736, "final_distance_cost": 1.7538658971130616, "oscillation_cost": 84.20015956107046, "completition_cost": 0.0, "overshoot_cost": 49.98991500123907, "power_cost": 13.183307226562501, "noise_cost": 11.354743790761798, "n_waypoints_completed": 9, "tot_waypoints": 9}}
{"target": -217.63866856387313, "params": {"k_pid_pos": [1.9525814056396484, 0.011480540037155151, 0.0], "k_pid_alt": [1.9384760856628418, 0.016463875770568848, 0.9951285719871521], "k_pid_att": [98.28521728515625, 0.33836010098457336, 0.9809069633483887], "k_pid_yaw": [0.5, 1e-06, 0.1], "k_pid_hsp": [9.439953804016113, 0.976961612701416, 0.034003376960754395], "k_pid_vsp": [400.0, 395.76806640625, 3.389252185821533]}, "datetime": {"datetime": "2025-08-20 19:49:06", "elapsed": 28600.823984384537, "delta": 15.333723783493042}, "costs": {"total_cost": 217.63866856387313, "time_cost": 69.848, "final_distance_cost": 1.7579799068683337, "oscillation_cost": 70.40449539498968, "completition_cost": 0.0, "overshoot_cost": 50.79743146604193, "power_cost": 13.168696057128907, "noise_cost": 11.662065738844282, "n_waypoints_completed": 9, "tot_waypoints": 9}}
{"target": -218.4135879182535, "params": {"k_pid_pos": [1.9729126691818237, 0.03358820080757141, 0.0], "k_pid_alt": [1.9746429920196533, 0.003901839256286621, 0.9732716083526611], "k_pid_att": [99.4092788696289, 0.048736605793237686, 0.9846330881118774], "k_pid_yaw": [0.5, 1e-06, 0.1], "k_pid_hsp": [9.886137962341309, 0.9942869544029236, 0.039589494466781616], "k_pid_vsp": [400.0, 341.1741943359375, 4.901946544647217]}, "datetime": {"datetime": "2025-08-20 19:49:22", "elapsed": 28616.96483039856, "delta": 16.140846014022827}, "costs": {"total_cost": 218.4135879182535, "time_cost": 69.824, "final_distance_cost": 1.7582529228266732, "oscillation_cost": 71.81299819179011, "completition_cost": 0.0, "overshoot_cost": 50.15742334430448, "power_cost": 13.283124768066408, "noise_cost": 11.577788691265843, "n_waypoints_completed": 9, "tot_waypoints": 9}}
{"target": -205.91482277086536, "params": {"k_pid_pos": [1.9142900705337524, 0.05447492003440857, 0.0], "k_pid_alt": [1.8377928733825684, 0.03960046172142029, 0.901847243309021], "k_pid_att": [99.03295135498047, 0.2868365943431854, 0.9975396990776062], "k_pid_yaw": [0.5, 1e-06, 0.1], "k_pid_hsp": [9.73484992980957, 0.9878677129745483, 0.005522191524505615], "k_pid_vsp": [400.0, 397.5682067871094, 2.5138864517211914]}, "datetime": {"datetime": "2025-08-20 19:49:37", "elapsed": 28632.058566331863, "delta": 15.093735933303833}, "costs": {"total_cost": 205.91482277086536, "time_cost": 69.984, "final_distance_cost": 1.7687210118150798, "oscillation_cost": 59.1862974023227, "completition_cost": 0.0, "overshoot_cost": 50.48480894438584, "power_cost": 12.971778002929689, "noise_cost": 11.519217409412077, "n_waypoints_completed": 9, "tot_waypoints": 9}}
{"target": -234.59028140447788, "params": {"k_pid_pos": [1.963011622428894, 0.020916640758514404, 0.0], "k_pid_alt": [1.9869972467422485, 0.021899789571762085, 0.983101487159729], "k_pid_att": [94.2219009399414, 0.16203346848487854, 0.9914634227752686], "k_pid_yaw": [0.5, 1e-06, 0.1], "k_pid_hsp": [9.885575294494629, 0.9744967222213745, 0.11086660623550415], "k_pid_vsp": [400.0, 393.782958984375, 2.5496253967285156]}, "datetime": {"datetime": "2025-08-20 19:49:53", "elapsed": 28648.164734601974, "delta": 16.106168270111084}, "costs": {"total_cost": 234.59028140447788, "time_cost": 69.376, "final_distance_cost": 1.753616849817821, "oscillation_cost": 87.69040669922946, "completition_cost": 0.0, "overshoot_cost": 50.132490071620026, "power_cost": 13.712821496582032, "noise_cost": 11.924946287228561, "n_waypoints_completed": 9, "tot_waypoints": 9}}
{"target": -221.89769165578815, "params": {"k_pid_pos": [1.9235285520553589, 0.026394963264465332, 0.0], "k_pid_alt": [1.9464232921600342, 0.012461662292480469, 0.9944849014282227], "k_pid_att": [98.81253051757812, 0.05620231106877327, 0.9247560501098633], "k_pid_yaw": [0.5, 1e-06, 0.1], "k_pid_hsp": [9.915764808654785, 0.9690551161766052, 0.02625817060470581], "k_pid_vsp": [400.0, 397.4166259765625, 14.79549503326416]}, "datetime": {"datetime": "2025-08-20 19:50:09", "elapsed": 28663.903770446777, "delta": 15.739035844802856}, "costs": {"total_cost": 221.89769165578815, "time_cost": 69.688, "final_distance_cost": 1.778768631151965, "oscillation_cost": 72.32010737958852, "completition_cost": 0.0, "overshoot_cost": 50.39312989627175, "power_cost": 15.621337255859375, "noise_cost": 12.096348492916533, "n_waypoints_completed": 9, "tot_waypoints": 9}}
{"target": -220.8849545714883, "params": {"k_pid_pos": [1.9769253730773926, 0.024305909872055054, 0.0], "k_pid_alt": [1.9332983493804932, 0.011777281761169434, 0.9937913417816162], "k_pid_att": [97.32466125488281, 0.7264629602432251, 0.9798817038536072], "k_pid_yaw": [0.5, 1e-06, 0.1], "k_pid_hsp": [9.841330528259277, 0.9964087009429932, 0.0453125536441803], "k_pid_vsp": [400.0, 358.5155029296875, 5.488277435302734]}, "datetime": {"datetime": "2025-08-20 19:50:24", "elapsed": 28679.344084262848, "delta": 15.440313816070557}, "costs": {"total_cost": 220.8849545714883, "time_cost": 69.76, "final_distance_cost": 1.7761728322330708, "oscillation_cost": 74.2848100724265, "completition_cost": 0.0, "overshoot_cost": 50.22986650978949, "power_cost": 13.237541406250001, "noise_cost": 11.596563750789276, "n_waypoints_completed": 9, "tot_waypoints": 9}}
{"target": -211.89848060879234, "params": {"k_pid_pos": [1.8578790426254272, 0.021111249923706055, 0.0], "k_pid_alt": [1.961479663848877, 0.017284244298934937, 0.9406029582023621], "k_pid_att": [99.86754608154297, 0.06324542313814163, 0.9978811144828796], "k_pid_yaw": [0.5, 1e-06, 0.1], "k_pid_hsp": [9.860971450805664, 0.9218763709068298, 0.024526357650756836], "k_pid_vsp": [400.0, 384.5313415527344, 5.248917102813721]}, "datetime": {"datetime": "2025-08-20 19:50:41", "elapsed": 28695.716866254807, "delta": 16.372781991958618}, "costs": {"total_cost": 211.89848060879234, "time_cost": 69.424, "final_distance_cost": 1.7686770530507696, "oscillation_cost": 66.32567429789377, "completition_cost": 0.0, "overshoot_cost": 50.01398963714079, "power_cost": 12.91114520263672, "noise_cost": 11.454994418070266, "n_waypoints_completed": 9, "tot_waypoints": 9}}
{"target": -211.92532200432038, "params": {"k_pid_pos": [1.9903188943862915, 0.013619959354400635, 0.0], "k_pid_alt": [1.9620771408081055, 0.010153532028198242, 0.9762431383132935], "k_pid_att": [99.04268646240234, 0.1176871657371521, 0.9972585439682007], "k_pid_yaw": [0.5, 1e-06, 0.1], "k_pid_hsp": [9.287185668945312, 0.9946153163909912, 0.0163135826587677], "k_pid_vsp": [400.0, 398.7096862792969, 4.736865520477295]}, "datetime": {"datetime": "2025-08-20 19:50:56", "elapsed": 28711.14746284485, "delta": 15.430596590042114}, "costs": {"total_cost": 211.92532200432038, "time_cost": 70.056, "final_distance_cost": 1.7456453414113728, "oscillation_cost": 65.01695667096357, "completition_cost": 0.0, "overshoot_cost": 50.59020602232058, "power_cost": 13.0456474609375, "noise_cost": 11.470866508687374, "n_waypoints_completed": 9, "tot_waypoints": 9}}
{"target": -237.43540208155068, "params": {"k_pid_pos": [1.9952861070632935, 0.009195387363433838, 0.0], "k_pid_alt": [1.9917681217193604, 0.014489084482192993, 0.9935858249664307], "k_pid_att": [98.21786499023438, 0.21838581562042236, 0.9426798820495605], "k_pid_yaw": [0.5, 1e-06, 0.1], "k_pid_hsp": [9.966089248657227, 0.960463285446167, 0.04064410924911499], "k_pid_vsp": [400.0, 398.9649353027344, 8.105910301208496]}, "datetime": {"datetime": "2025-08-20 19:51:14", "elapsed": 28729.088688850403, "delta": 17.9412260055542}, "costs": {"total_cost": 237.43540208155068, "time_cost": 69.512, "final_distance_cost": 1.7647943043320375, "oscillation_cost": 90.05465679071787, "completition_cost": 0.0, "overshoot_cost": 50.80764517041422, "power_cost": 13.531475097656251, "noise_cost": 11.764830718430279, "n_waypoints_completed": 9, "tot_waypoints": 9}}
{"target": -210.2967017749659, "params": {"k_pid_pos": [1.9102935791015625, 0.027214497327804565, 0.0], "k_pid_alt": [1.8776123523712158, 0.006196081638336182, 0.9931965470314026], "k_pid_att": [97.16413879394531, 0.29496389627456665, 0.9976450800895691], "k_pid_yaw": [0.5, 1e-06, 0.1], "k_pid_hsp": [9.813042640686035, 0.9662882685661316, 0.008579105138778687], "k_pid_vsp": [399.715087890625, 384.710205078125, 5.2838215827941895]}, "datetime": {"datetime": "2025-08-20 19:51:29", "elapsed": 28743.721384763718, "delta": 14.63269591331482}, "costs": {"total_cost": 210.2967017749659, "time_cost": 70.136, "final_distance_cost": 1.7543879126632418, "oscillation_cost": 63.588678949886486, "completition_cost": 0.0, "overshoot_cost": 50.107558084015764, "power_cost": 13.120682019042968, "noise_cost": 11.589394809357417, "n_waypoints_completed": 9, "tot_waypoints": 9}}
{"target": -217.89865782246915, "params": {"k_pid_pos": [1.9476189613342285, 0.022722721099853516, 0.0], "k_pid_alt": [1.9458141326904297, 0.017109930515289307, 0.9843069314956665], "k_pid_att": [96.81808471679688, 0.17075473070144653, 0.952964723110199], "k_pid_yaw": [0.5, 1e-06, 0.1], "k_pid_hsp": [9.758017539978027, 0.9484202265739441, 0.018003523349761963], "k_pid_vsp": [400.0, 370.5935974121094, 3.84121036529541]}, "datetime": {"datetime": "2025-08-20 19:51:45", "elapsed": 28759.742738962173, "delta": 16.02135419845581}, "costs": {"total_cost": 217.89865782246915, "time_cost": 69.76, "final_distance_cost": 1.722113937762812, "oscillation_cost": 71.39868439844548, "completition_cost": 0.0, "overshoot_cost": 50.638469605084886, "power_cost": 12.937991162109375, "noise_cost": 11.44139871906661, "n_waypoints_completed": 9, "tot_waypoints": 9}}
