{"target": -269.1254428587348, "params": {"k_pid_pos": [1.8868489265441895, 0.049726277589797974, 0.0], "k_pid_alt": [1.8022844791412354, 0.09684878587722778, 0.9704607725143433], "k_pid_att": [89.15448760986328, 0.042459405958652496, 0.927034318447113], "k_pid_yaw": [0.5, 1e-06, 0.1], "k_pid_hsp": [9.709481239318848, 0.9710720777511597, 0.004081010818481445], "k_pid_vsp": [400.0, 395.41693115234375, 10.475374221801758]}, "datetime": {"datetime": "2025-08-20 20:55:19", "elapsed": 32573.888817548752, "delta": 23.543129920959473}, "costs": {"total_cost": 269.1254428587348, "time_cost": 97.896, "final_distance_cost": 1.7824101223098898, "oscillation_cost": 78.77185166505696, "completition_cost": 0.0, "overshoot_cost": 51.9026943225932, "power_cost": 22.13351776123047, "noise_cost": 16.63896898754427, "n_waypoints_completed": 9, "tot_waypoints": 9}}
{"target": -226.16999945140628, "params": {"k_pid_pos": [1.8738664388656616, 0.006243199110031128, 0.0], "k_pid_alt": [1.9728612899780273, 0.03908652067184448, 0.9826506972312927], "k_pid_att": [96.6098403930664, 0.8752471804618835, 0.9840033054351807], "k_pid_yaw": [0.5, 1e-06, 0.1], "k_pid_hsp": [9.871017456054688, 0.9428879022598267, 0.05648878216743469], "k_pid_vsp": [399.9993896484375, 361.08392333984375, 39.375518798828125]}, "datetime": {"datetime": "2025-08-20 20:55:35", "elapsed": 32589.527070999146, "delta": 15.638253450393677}, "costs": {"total_cost": 226.16999945140628, "time_cost": 68.992, "final_distance_cost": 1.7903186063439114, "oscillation_cost": 77.92466540421395, "completition_cost": 0.0, "overshoot_cost": 50.06659837524685, "power_cost": 15.362723974609375, "noise_cost": 12.033693090992177, "n_waypoints_completed": 9, "tot_waypoints": 9}}
{"target": -213.31359021870546, "params": {"k_pid_pos": [1.9908249378204346, 0.004794955253601074, 0.0], "k_pid_alt": [1.9885954856872559, 0.04197356104850769, 0.9890766739845276], "k_pid_att": [96.27886962890625, 0.13080452382564545, 0.9952605962753296], "k_pid_yaw": [0.5, 1e-06, 0.1], "k_pid_hsp": [9.902480125427246, 0.988998532295227, 0.005532890558242798], "k_pid_vsp": [400.0, 381.0323181152344, 1.312185287475586]}, "datetime": {"datetime": "2025-08-20 20:55:51", "elapsed": 32605.973694086075, "delta": 16.44662308692932}, "costs": {"total_cost": 213.31359021870546, "time_cost": 69.928, "final_distance_cost": 1.7611117932311195, "oscillation_cost": 66.2498389650582, "completition_cost": 0.0, "overshoot_cost": 50.60557069424265, "power_cost": 13.160590136718751, "noise_cost": 11.608478629454735, "n_waypoints_completed": 9, "tot_waypoints": 9}}
{"target": -227.02924596183078, "params": {"k_pid_pos": [1.9811782836914062, 0.008225798606872559, 3.7550926208496094e-06], "k_pid_alt": [1.9884380102157593, 0.033642321825027466, 0.9406760334968567], "k_pid_att": [96.61469268798828, 0.30677682161331177, 0.9853156805038452], "k_pid_yaw": [0.5, 1e-06, 0.1], "k_pid_hsp": [9.63866138458252, 0.9453213810920715, 0.036380648612976074], "k_pid_vsp": [399.9999084472656, 380.4176025390625, 10.290504455566406]}, "datetime": {"datetime": "2025-08-20 20:56:07", "elapsed": 32621.711044549942, "delta": 15.737350463867188}, "costs": {"total_cost": 227.02924596183078, "time_cost": 69.4, "final_distance_cost": 1.7399665455229723, "oscillation_cost": 78.63248649206048, "completition_cost": 0.0, "overshoot_cost": 50.44343209692812, "power_cost": 14.668170300292969, "noise_cost": 12.14519052702624, "n_waypoints_completed": 9, "tot_waypoints": 9}}
{"target": -206.06555238907504, "params": {"k_pid_pos": [1.9533519744873047, 0.01714262366294861, 0.0], "k_pid_alt": [1.9816603660583496, 0.00954475998878479, 0.9867215156555176], "k_pid_att": [97.62500762939453, 0.2406407743692398, 0.9491879343986511], "k_pid_yaw": [0.5, 1e-06, 0.1], "k_pid_hsp": [9.480549812316895, 0.9849961996078491, 0.028198152780532837], "k_pid_vsp": [400.0, 397.3515319824219, 20.564760208129883]}, "datetime": {"datetime": "2025-08-20 20:56:23", "elapsed": 32638.13354086876, "delta": 16.42249631881714}, "costs": {"total_cost": 206.06555238907504, "time_cost": 69.552, "final_distance_cost": 1.7332182473333173, "oscillation_cost": 61.87239886368395, "completition_cost": 0.0, "overshoot_cost": 49.956677032499954, "power_cost": 12.363473754882813, "noise_cost": 10.587784490675004, "n_waypoints_completed": 9, "tot_waypoints": 9}}
{"target": -236.06241670901596, "params": {"k_pid_pos": [1.98610520362854, 0.0020887553691864014, 0.0], "k_pid_alt": [1.890066385269165, 0.001561582088470459, 0.9336954355239868], "k_pid_att": [98.5529556274414, 0.6943601965904236, 0.9553699493408203], "k_pid_yaw": [0.5, 1e-06, 0.1], "k_pid_hsp": [9.865961074829102, 0.9837382435798645, 0.0878807008266449], "k_pid_vsp": [400.0, 356.8977966308594, 5.956471920013428]}, "datetime": {"datetime": "2025-08-20 20:56:39", "elapsed": 32653.652189970016, "delta": 15.518649101257324}, "costs": {"total_cost": 236.06241670901596, "time_cost": 69.544, "final_distance_cost": 1.7451292795097804, "oscillation_cost": 89.56596144094944, "completition_cost": 0.0, "overshoot_cost": 50.085956815805865, "power_cost": 13.447133312988282, "noise_cost": 11.674235859762613, "n_waypoints_completed": 9, "tot_waypoints": 9}}
{"target": -210.83994320943452, "params": {"k_pid_pos": [1.9576914310455322, 0.020112574100494385, 0.0], "k_pid_alt": [1.986259937286377, 0.007354408502578735, 0.974324107170105], "k_pid_att": [99.67774200439453, 0.24260562658309937, 0.927960991859436], "k_pid_yaw": [0.5, 1e-06, 0.1], "k_pid_hsp": [9.857964515686035, 0.9894660711288452, 0.007912784814834595], "k_pid_vsp": [400.0, 363.18609619140625, 9.17866325378418]}, "datetime": {"datetime": "2025-08-20 20:56:56", "elapsed": 32671.024589776993, "delta": 17.37239980697632}, "costs": {"total_cost": 210.83994320943452, "time_cost": 70.024, "final_distance_cost": 1.7594741313190632, "oscillation_cost": 61.49825837034854, "completition_cost": 0.0, "overshoot_cost": 50.612316797141624, "power_cost": 14.791799780273438, "noise_cost": 12.154094130351854, "n_waypoints_completed": 9, "tot_waypoints": 9}}
{"target": -208.9607334327859, "params": {"k_pid_pos": [1.9333566427230835, 0.005248934030532837, 3.8743019104003906e-07], "k_pid_alt": [1.9314966201782227, 0.0077152252197265625, 0.9953271150588989], "k_pid_att": [99.00476837158203, 0.10744212567806244, 0.7802587747573853], "k_pid_yaw": [0.5, 1e-06, 0.1], "k_pid_hsp": [9.192749977111816, 0.974013090133667, 0.019327521324157715], "k_pid_vsp": [400.0, 391.03997802734375, 5.9103498458862305]}, "datetime": {"datetime": "2025-08-20 20:57:18", "elapsed": 32692.936910152435, "delta": 21.912320375442505}, "costs": {"total_cost": 208.9607334327859, "time_cost": 69.84, "final_distance_cost": 1.7388212421422977, "oscillation_cost": 63.11533991519314, "completition_cost": 0.0, "overshoot_cost": 49.81364362665493, "power_cost": 12.9403466796875, "noise_cost": 11.51258196910804, "n_waypoints_completed": 9, "tot_waypoints": 9}}
{"target": -269.0956869998661, "params": {"k_pid_pos": [1.9868113994598389, 0.0880122184753418, 0.0], "k_pid_alt": [1.8641536235809326, 0.10559213161468506, 0.9864429235458374], "k_pid_att": [94.59906005859375, 0.37332624197006226, 0.9931876063346863], "k_pid_yaw": [0.5, 1e-06, 0.1], "k_pid_hsp": [9.81602954864502, 0.9774899482727051, 0.01338997483253479], "k_pid_vsp": [400.0, 397.78155517578125, 4.776955604553223]}, "datetime": {"datetime": "2025-08-20 20:57:43", "elapsed": 32718.07840847969, "delta": 25.14149832725525}, "costs": {"total_cost": 269.0956869998661, "time_cost": 99.336, "final_distance_cost": 1.7718814971469548, "oscillation_cost": 82.47504939174699, "completition_cost": 0.0, "overshoot_cost": 52.27094816560251, "power_cost": 17.825144006347657, "noise_cost": 15.416663939022015, "n_waypoints_completed": 9, "tot_waypoints": 9}}
{"target": -212.26827906273417, "params": {"k_pid_pos": [1.7696962356567383, 0.12213462591171265, 0.0], "k_pid_alt": [1.9924561977386475, 0.0057964026927948, 0.8628116846084595], "k_pid_att": [98.65596008300781, 0.10176960378885269, 0.9954957962036133], "k_pid_yaw": [0.5, 1e-06, 0.1], "k_pid_hsp": [9.209726333618164, 0.9780675172805786, 0.03111124038696289], "k_pid_vsp": [400.0, 395.9230041503906, 3.6106834411621094]}, "datetime": {"datetime": "2025-08-20 20:58:00", "elapsed": 32734.963894844055, "delta": 16.885486364364624}, "costs": {"total_cost": 212.26827906273417, "time_cost": 69.688, "final_distance_cost": 1.7442446287832507, "oscillation_cost": 66.59586457983303, "completition_cost": 0.0, "overshoot_cost": 49.71137916585472, "power_cost": 13.01839287109375, "noise_cost": 11.510397817169412, "n_waypoints_completed": 9, "tot_waypoints": 9}}
{"target": -220.06256507446548, "params": {"k_pid_pos": [1.8383607864379883, 0.015655577182769775, 0.0], "k_pid_alt": [1.7336176633834839, 0.028871208429336548, 0.988926112651825], "k_pid_att": [96.814453125, 0.256879597902298, 0.9968248605728149], "k_pid_yaw": [0.5, 1e-06, 0.1], "k_pid_hsp": [9.912038803100586, 0.906356930732727, 0.034891277551651], "k_pid_vsp": [400.0, 397.3140563964844, 2.57548189163208]}, "datetime": {"datetime": "2025-08-20 20:58:16", "elapsed": 32750.586192131042, "delta": 15.622297286987305}, "costs": {"total_cost": 220.06256507446548, "time_cost": 69.44, "final_distance_cost": 1.7547275922116943, "oscillation_cost": 73.94172104882341, "completition_cost": 0.0, "overshoot_cost": 50.70494134055837, "power_cost": 12.839630383300781, "noise_cost": 11.381544709571244, "n_waypoints_completed": 9, "tot_waypoints": 9}}
{"target": -229.1524932761152, "params": {"k_pid_pos": [1.9599978923797607, 0.013034552335739136, 0.0], "k_pid_alt": [1.9783726930618286, 0.022498130798339844, 0.8474814295768738], "k_pid_att": [98.81499481201172, 0.04358115419745445, 0.9838649034500122], "k_pid_yaw": [0.5, 1e-06, 0.1], "k_pid_hsp": [9.504070281982422, 0.9855033159255981, 0.05817979574203491], "k_pid_vsp": [400.0, 395.34130859375, 23.76060676574707]}, "datetime": {"datetime": "2025-08-20 20:58:32", "elapsed": 32766.93338394165, "delta": 16.34719181060791}, "costs": {"total_cost": 229.1524932761152, "time_cost": 69.19200000000001, "final_distance_cost": 1.7291304565441636, "oscillation_cost": 81.45057327055916, "completition_cost": 0.0, "overshoot_cost": 50.27766948522388, "power_cost": 14.735093322753906, "noise_cost": 11.768026741034063, "n_waypoints_completed": 9, "tot_waypoints": 9}}
{"target": -214.77517623456578, "params": {"k_pid_pos": [1.9869390726089478, 0.018031179904937744, 2.9802322387695312e-08], "k_pid_alt": [1.9578646421432495, 0.009224116802215576, 0.9096291065216064], "k_pid_att": [99.49092102050781, 0.7222453951835632, 0.9899539947509766], "k_pid_yaw": [0.5, 1e-06, 0.1], "k_pid_hsp": [9.565314292907715, 0.9949867725372314, 0.011670976877212524], "k_pid_vsp": [400.0, 376.7818603515625, 6.884850025177002]}, "datetime": {"datetime": "2025-08-20 20:58:47", "elapsed": 32782.03241562843, "delta": 15.099031686782837}, "costs": {"total_cost": 214.77517623456578, "time_cost": 69.944, "final_distance_cost": 1.7518355545102011, "oscillation_cost": 67.17812191151062, "completition_cost": 0.0, "overshoot_cost": 50.87288800502656, "power_cost": 13.341456079101564, "noise_cost": 11.686874684416804, "n_waypoints_completed": 9, "tot_waypoints": 9}}
{"target": -212.83449611606505, "params": {"k_pid_pos": [1.9293067455291748, 0.012079596519470215, 0.0], "k_pid_alt": [1.908511757850647, 0.00804746150970459, 0.8538932800292969], "k_pid_att": [98.78260803222656, 0.39620882272720337, 0.9491822123527527], "k_pid_yaw": [0.5, 1e-06, 0.1], "k_pid_hsp": [9.652969360351562, 0.9897600412368774, 0.014026492834091187], "k_pid_vsp": [400.0, 382.21624755859375, 17.21961784362793]}, "datetime": {"datetime": "2025-08-20 20:59:04", "elapsed": 32799.44513082504, "delta": 17.412715196609497}, "costs": {"total_cost": 212.83449611606505, "time_cost": 69.584, "final_distance_cost": 1.7839098574465901, "oscillation_cost": 63.400512861648814, "completition_cost": 0.0, "overshoot_cost": 50.21083030305316, "power_cost": 15.799943981933595, "noise_cost": 12.0552991119829, "n_waypoints_completed": 9, "tot_waypoints": 9}}
{"target": -201.5092397657897, "params": {"k_pid_pos": [1.9622652530670166, 0.009172230958938599, 0.0], "k_pid_alt": [1.950584888458252, 0.005005687475204468, 0.9949522018432617], "k_pid_att": [96.2769775390625, 0.7342413067817688, 0.9762482643127441], "k_pid_yaw": [0.5, 1e-06, 0.1], "k_pid_hsp": [5.786164283752441, 0.9384765028953552, 0.010540157556533813], "k_pid_vsp": [400.0, 386.4800109863281, 19.181289672851562]}, "datetime": {"datetime": "2025-08-20 20:59:19", "elapsed": 32814.24824976921, "delta": 14.80311894416809}, "costs": {"total_cost": 201.5092397657897, "time_cost": 69.784, "final_distance_cost": 1.7519176817278754, "oscillation_cost": 57.163014862170826, "completition_cost": 0.0, "overshoot_cost": 50.86410401082978, "power_cost": 12.013389562988282, "noise_cost": 9.932813648072912, "n_waypoints_completed": 9, "tot_waypoints": 9}}
{"target": -209.6708989431097, "params": {"k_pid_pos": [1.9636722803115845, 0.006622403860092163, 0.0], "k_pid_alt": [1.9849674701690674, 0.018442779779434204, 0.9639350175857544], "k_pid_att": [88.28919219970703, 0.09155764430761337, 0.9977841377258301], "k_pid_yaw": [0.5, 1e-06, 0.1], "k_pid_hsp": [9.755044937133789, 0.9925706386566162, 0.005711078643798828], "k_pid_vsp": [400.0, 389.8627624511719, 5.879283905029297]}, "datetime": {"datetime": "2025-08-20 20:59:36", "elapsed": 32831.35333585739, "delta": 17.105086088180542}, "costs": {"total_cost": 209.6708989431097, "time_cost": 69.848, "final_distance_cost": 1.76796147760979, "oscillation_cost": 62.79262028693411, "completition_cost": 0.0, "overshoot_cost": 50.562699198472465, "power_cost": 13.103638146972656, "noise_cost": 11.59597983312069, "n_waypoints_completed": 9, "tot_waypoints": 9}}
{"target": -218.87615703660916, "params": {"k_pid_pos": [1.9914305210113525, 0.02231419086456299, 0.0], "k_pid_alt": [1.952319860458374, 0.011342793703079224, 0.9231948852539062], "k_pid_att": [99.93248748779297, 0.44122567772865295, 0.979831337928772], "k_pid_yaw": [0.5, 1e-06, 0.1], "k_pid_hsp": [9.770244598388672, 0.9745925664901733, 0.0535503625869751], "k_pid_vsp": [400.0, 379.1419982910156, 2.129424571990967]}, "datetime": {"datetime": "2025-08-20 20:59:52", "elapsed": 32846.54419898987, "delta": 15.190863132476807}, "costs": {"total_cost": 218.87615703660916, "time_cost": 69.776, "final_distance_cost": 1.736926246997298, "oscillation_cost": 71.39274733654061, "completition_cost": 0.0, "overshoot_cost": 50.98157745045594, "power_cost": 13.346921118164063, "noise_cost": 11.64198488445124, "n_waypoints_completed": 9, "tot_waypoints": 9}}
{"target": -217.12370544929573, "params": {"k_pid_pos": [1.9976166486740112, 0.050790935754776, 0.0], "k_pid_alt": [1.9855525493621826, 0.03807753324508667, 0.9923758506774902], "k_pid_att": [99.58053588867188, 0.19598780572414398, 0.9818686246871948], "k_pid_yaw": [0.5, 1e-06, 0.1], "k_pid_hsp": [9.900813102722168, 0.9862350821495056, 0.010588794946670532], "k_pid_vsp": [400.0, 395.5903625488281, 18.009973526000977]}, "datetime": {"datetime": "2025-08-20 21:00:09", "elapsed": 32864.00607228279, "delta": 17.461873292922974}, "costs": {"total_cost": 217.12370544929573, "time_cost": 69.936, "final_distance_cost": 1.7817386847507886, "oscillation_cost": 67.63636230971358, "completition_cost": 0.0, "overshoot_cost": 50.50082831108299, "power_cost": 15.238098474121095, "noise_cost": 12.030677669627254, "n_waypoints_completed": 9, "tot_waypoints": 9}}
{"target": -233.13166475036758, "params": {"k_pid_pos": [1.977556586265564, 0.0515209436416626, 0.0], "k_pid_alt": [1.984579086303711, 0.03917166590690613, 0.9856065511703491], "k_pid_att": [98.75210571289062, 0.04099910706281662, 0.9845578670501709], "k_pid_yaw": [0.5, 1e-06, 0.1], "k_pid_hsp": [9.942232131958008, 0.9802601933479309, 0.11904212832450867], "k_pid_vsp": [400.0, 393.8905029296875, 15.345419883728027]}, "datetime": {"datetime": "2025-08-20 21:00:26", "elapsed": 32881.01484322548, "delta": 17.00877094268799}, "costs": {"total_cost": 233.13166475036758, "time_cost": 69.496, "final_distance_cost": 1.7845438814945984, "oscillation_cost": 86.89217813083842, "completition_cost": 0.0, "overshoot_cost": 50.13846152152516, "power_cost": 13.559438073730469, "noise_cost": 11.261043142778968, "n_waypoints_completed": 9, "tot_waypoints": 9}}
{"target": -215.14858750347437, "params": {"k_pid_pos": [1.978386640548706, 0.007060587406158447, 0.0], "k_pid_alt": [1.9756042957305908, 0.003655076026916504, 0.9354960918426514], "k_pid_att": [93.60324096679688, 0.5702469944953918, 0.9840530753135681], "k_pid_yaw": [0.5, 1e-06, 0.1], "k_pid_hsp": [9.857739448547363, 0.9807111620903015, 0.028517186641693115], "k_pid_vsp": [400.0, 391.6723327636719, 18.348386764526367]}, "datetime": {"datetime": "2025-08-20 21:00:45", "elapsed": 32899.607183218, "delta": 18.592339992523193}, "costs": {"total_cost": 215.14858750347437, "time_cost": 69.60000000000001, "final_distance_cost": 1.7496242308699117, "oscillation_cost": 67.53938540382107, "completition_cost": 0.0, "overshoot_cost": 50.05993631652803, "power_cost": 14.458554760742189, "noise_cost": 11.741086791513208, "n_waypoints_completed": 9, "tot_waypoints": 9}}
{"target": -212.83482550111842, "params": {"k_pid_pos": [1.908569574356079, 0.017511337995529175, 0.0], "k_pid_alt": [1.98511803150177, 0.024096697568893433, 0.9588408470153809], "k_pid_att": [98.67803955078125, 0.11774826049804688, 0.9854327440261841], "k_pid_yaw": [0.5, 1e-06, 0.1], "k_pid_hsp": [9.78702163696289, 0.9942363500595093, 0.010203689336776733], "k_pid_vsp": [400.0, 397.6038818359375, 8.92851448059082]}, "datetime": {"datetime": "2025-08-20 21:01:01", "elapsed": 32915.87543845177, "delta": 16.26825523376465}, "costs": {"total_cost": 212.83482550111842, "time_cost": 69.584, "final_distance_cost": 1.72615766407236, "oscillation_cost": 68.40495084525436, "completition_cost": 0.0, "overshoot_cost": 50.09581749116644, "power_cost": 12.274433947753908, "noise_cost": 10.749465552871332, "n_waypoints_completed": 9, "tot_waypoints": 9}}
{"target": -263.9317439609153, "params": {"k_pid_pos": [1.9239168167114258, 0.09536021947860718, 0.0], "k_pid_alt": [1.9850597381591797, 0.1085929274559021, 0.9961296319961548], "k_pid_att": [98.13849639892578, 0.0179698895663023, 0.9927005767822266], "k_pid_yaw": [0.5, 1e-06, 0.1], "k_pid_hsp": [9.496959686279297, 0.682470977306366, 0.004273265600204468], "k_pid_vsp": [400.0, 398.7908020019531, 26.938440322875977]}, "datetime": {"datetime": "2025-08-20 21:01:24", "elapsed": 32938.50104427338, "delta": 22.625605821609497}, "costs": {"total_cost": 263.9317439609153, "time_cost": 99.0, "final_distance_cost": 1.7848264523560458, "oscillation_cost": 77.48595422533462, "completition_cost": 0.0, "overshoot_cost": 52.78134375458356, "power_cost": 18.381700524902346, "noise_cost": 14.497919003738724, "n_waypoints_completed": 9, "tot_waypoints": 9}}
{"target": -251.1605388114688, "params": {"k_pid_pos": [1.8588147163391113, 0.049798160791397095, 1.4096498489379883e-05], "k_pid_alt": [1.8557822704315186, 0.04981184005737305, 0.9858524799346924], "k_pid_att": [98.3923110961914, 0.1240120455622673, 0.9933573007583618], "k_pid_yaw": [0.5, 1e-06, 0.1], "k_pid_hsp": [9.941624641418457, 0.9842641353607178, 0.11885136365890503], "k_pid_vsp": [400.0, 397.846435546875, 22.030200958251953]}, "datetime": {"datetime": "2025-08-20 21:01:40", "elapsed": 32954.65806746483, "delta": 16.157023191452026}, "costs": {"total_cost": 251.1605388114688, "time_cost": 69.12, "final_distance_cost": 1.7868962866731883, "oscillation_cost": 104.10805620937084, "completition_cost": 0.0, "overshoot_cost": 50.58799868547397, "power_cost": 13.988240783691406, "noise_cost": 11.569346846259398, "n_waypoints_completed": 9, "tot_waypoints": 9}}
{"target": -213.8043562924538, "params": {"k_pid_pos": [1.9602099657058716, 0.015701085329055786, 0.0], "k_pid_alt": [1.928849220275879, 0.019808053970336914, 0.9707794189453125], "k_pid_att": [96.52716827392578, 0.2711207866668701, 0.9074176549911499], "k_pid_yaw": [0.5, 1e-06, 0.1], "k_pid_hsp": [9.663091659545898, 0.9884735345840454, 0.01754435896873474], "k_pid_vsp": [400.0, 394.3160095214844, 24.762453079223633]}, "datetime": {"datetime": "2025-08-20 21:01:55", "elapsed": 32969.65617632866, "delta": 14.998108863830566}, "costs": {"total_cost": 213.8043562924538, "time_cost": 69.544, "final_distance_cost": 1.7590368791089117, "oscillation_cost": 69.02052557412439, "completition_cost": 0.0, "overshoot_cost": 50.16505864232762, "power_cost": 12.802442419433595, "noise_cost": 10.513292777459307, "n_waypoints_completed": 9, "tot_waypoints": 9}}
{"target": -212.797339805029, "params": {"k_pid_pos": [1.9244388341903687, 0.031090855598449707, 0.0], "k_pid_alt": [1.9813597202301025, 0.06258580088615417, 0.9370086193084717], "k_pid_att": [99.14379119873047, 0.7396271228790283, 0.9945772886276245], "k_pid_yaw": [0.5, 1e-06, 0.1], "k_pid_hsp": [9.379904747009277, 0.9940799474716187, 0.014555752277374268], "k_pid_vsp": [394.1886901855469, 396.11212158203125, 20.672311782836914]}, "datetime": {"datetime": "2025-08-20 21:02:13", "elapsed": 32987.525743722916, "delta": 17.869567394256592}, "costs": {"total_cost": 212.797339805029, "time_cost": 70.008, "final_distance_cost": 1.7655134770107699, "oscillation_cost": 63.66630076894189, "completition_cost": 0.0, "overshoot_cost": 51.29958512910389, "power_cost": 14.509044580078125, "noise_cost": 11.548895849894349, "n_waypoints_completed": 9, "tot_waypoints": 9}}
