{"target": -290.09336169429514, "params": {"k_pid_pos": [1.7939531803131104, 0.03136557340621948, 2.6226043701171875e-05], "k_pid_alt": [1.936131238937378, 0.1133154034614563, 0.9737567901611328], "k_pid_att": [98.8673095703125, 0.10864582657814026, 0.9825445413589478], "k_pid_yaw": [0.5, 1e-06, 0.1], "k_pid_hsp": [9.89287281036377, 0.9797179102897644, 0.02869310975074768], "k_pid_vsp": [400.0, 387.5654602050781, 36.959659576416016]}, "datetime": {"datetime": "2025-08-20 20:20:06", "elapsed": 30460.53349018097, "delta": 22.69275665283203}, "costs": {"total_cost": 290.09336169429514, "time_cost": 98.48, "final_distance_cost": 1.7936301007344018, "oscillation_cost": 103.45959762182336, "completition_cost": 0.0, "overshoot_cost": 51.34444700065764, "power_cost": 19.699161132812502, "noise_cost": 15.316525838267243, "n_waypoints_completed": 9, "tot_waypoints": 9}}
{"target": -215.7545391583269, "params": {"k_pid_pos": [1.9120789766311646, 0.034088850021362305, 0.0], "k_pid_alt": [1.9241971969604492, 0.011934846639633179, 0.973181962966919], "k_pid_att": [97.94481658935547, 0.1290619969367981, 0.9949600696563721], "k_pid_yaw": [0.5, 1e-06, 0.1], "k_pid_hsp": [9.758234977722168, 0.9945818185806274, 0.005925416946411133], "k_pid_vsp": [400.0, 367.7454528808594, 11.23874282836914]}, "datetime": {"datetime": "2025-08-20 20:20:21", "elapsed": 30475.51578259468, "delta": 14.982292413711548}, "costs": {"total_cost": 215.7545391583269, "time_cost": 69.664, "final_distance_cost": 1.789542297272658, "oscillation_cost": 67.52753019115093, "completition_cost": 0.0, "overshoot_cost": 50.65934653844929, "power_cost": 14.349245715332032, "noise_cost": 11.764874416121991, "n_waypoints_completed": 9, "tot_waypoints": 9}}
{"target": -232.3855641653821, "params": {"k_pid_pos": [1.9501904249191284, 0.02166128158569336, 0.0], "k_pid_alt": [1.9644439220428467, 0.06893646717071533, 0.9504908919334412], "k_pid_att": [97.75982666015625, 0.1589149832725525, 0.9898141026496887], "k_pid_yaw": [0.5, 1e-06, 0.1], "k_pid_hsp": [9.193869590759277, 0.985245943069458, 0.019699811935424805], "k_pid_vsp": [399.9999084472656, 392.0888977050781, 17.48265266418457]}, "datetime": {"datetime": "2025-08-20 20:20:39", "elapsed": 30493.877322673798, "delta": 18.36154007911682}, "costs": {"total_cost": 232.3855641653821, "time_cost": 77.8, "final_distance_cost": 1.7701057639543727, "oscillation_cost": 75.85613957310959, "completition_cost": 0.0, "overshoot_cost": 51.55070263079207, "power_cost": 13.801609924316407, "noise_cost": 11.60700627320966, "n_waypoints_completed": 9, "tot_waypoints": 9}}
{"target": -221.8007872069786, "params": {"k_pid_pos": [1.9634374380111694, 0.042610734701156616, 0.0], "k_pid_alt": [1.7660704851150513, 0.027489393949508667, 0.986082911491394], "k_pid_att": [96.58351135253906, 0.007779981475323439, 0.9927200675010681], "k_pid_yaw": [0.5, 1e-06, 0.1], "k_pid_hsp": [9.725493431091309, 0.9717719554901123, 0.021744340658187866], "k_pid_vsp": [400.0, 384.34356689453125, 7.987881660461426]}, "datetime": {"datetime": "2025-08-20 20:20:54", "elapsed": 30509.119754314423, "delta": 15.242431640625}, "costs": {"total_cost": 221.8007872069786, "time_cost": 69.928, "final_distance_cost": 1.7339697984142386, "oscillation_cost": 74.74870632540578, "completition_cost": 0.0, "overshoot_cost": 50.55103924556868, "power_cost": 13.214125952148438, "noise_cost": 11.624945885441502, "n_waypoints_completed": 9, "tot_waypoints": 9}}
{"target": -209.55587538976351, "params": {"k_pid_pos": [1.8729963302612305, 0.01266363263130188, 0.0], "k_pid_alt": [1.8543453216552734, 0.008993744850158691, 0.9762494564056396], "k_pid_att": [97.88166046142578, 0.7331576943397522, 0.9200954437255859], "k_pid_yaw": [0.5, 1e-06, 0.1], "k_pid_hsp": [9.74973201751709, 0.9858121275901794, 0.04172623157501221], "k_pid_vsp": [400.0, 396.5592956542969, 6.509769916534424]}, "datetime": {"datetime": "2025-08-20 20:21:11", "elapsed": 30525.978804588318, "delta": 16.859050273895264}, "costs": {"total_cost": 209.55587538976351, "time_cost": 69.512, "final_distance_cost": 1.7802433890403957, "oscillation_cost": 63.942404484629336, "completition_cost": 0.0, "overshoot_cost": 49.67907494089616, "power_cost": 13.082650390625, "noise_cost": 11.559502184572635, "n_waypoints_completed": 9, "tot_waypoints": 9}}
{"target": -207.93604961272325, "params": {"k_pid_pos": [1.9760048389434814, 0.004106700420379639, 0.0], "k_pid_alt": [1.9836523532867432, 0.007430285215377808, 0.9746569395065308], "k_pid_att": [97.71060943603516, 0.03219618648290634, 0.9922305941581726], "k_pid_yaw": [0.5, 1e-06, 0.1], "k_pid_hsp": [9.969614028930664, 0.9573242664337158, 0.007988721132278442], "k_pid_vsp": [400.0, 397.3980407714844, 16.353918075561523]}, "datetime": {"datetime": "2025-08-20 20:21:26", "elapsed": 30540.87721800804, "delta": 14.89841341972351}, "costs": {"total_cost": 207.93604961272325, "time_cost": 69.728, "final_distance_cost": 1.7892865243299059, "oscillation_cost": 63.01789448130842, "completition_cost": 0.0, "overshoot_cost": 50.386807508835126, "power_cost": 12.535489624023437, "noise_cost": 10.47857147422637, "n_waypoints_completed": 9, "tot_waypoints": 9}}
{"target": -219.77046555415302, "params": {"k_pid_pos": [1.9928683042526245, 0.010502785444259644, 0.0], "k_pid_alt": [1.9572148323059082, 0.026366353034973145, 0.9550223350524902], "k_pid_att": [93.87667083740234, 0.1703464537858963, 0.9905047416687012], "k_pid_yaw": [0.5, 1e-06, 0.1], "k_pid_hsp": [9.943506240844727, 0.9815115332603455, 0.04009932279586792], "k_pid_vsp": [400.0, 396.8545227050781, 16.967620849609375]}, "datetime": {"datetime": "2025-08-20 20:21:44", "elapsed": 30558.72775864601, "delta": 17.85054063796997}, "costs": {"total_cost": 219.77046555415302, "time_cost": 69.424, "final_distance_cost": 1.7272201087968946, "oscillation_cost": 76.14286425133011, "completition_cost": 0.0, "overshoot_cost": 50.718576410273045, "power_cost": 11.58883291015625, "noise_cost": 10.168971873596712, "n_waypoints_completed": 9, "tot_waypoints": 9}}
{"target": -226.565374367907, "params": {"k_pid_pos": [1.9831641912460327, 0.025904923677444458, 0.0], "k_pid_alt": [1.9671990871429443, 0.00906139612197876, 0.9891146421432495], "k_pid_att": [98.9349365234375, 0.09876973181962967, 0.9919086694717407], "k_pid_yaw": [0.5, 1e-06, 0.1], "k_pid_hsp": [9.869277954101562, 0.9719501733779907, 0.05382087826728821], "k_pid_vsp": [400.0, 390.50994873046875, 40.40241241455078]}, "datetime": {"datetime": "2025-08-20 20:22:07", "elapsed": 30581.721895694733, "delta": 22.994137048721313}, "costs": {"total_cost": 226.565374367907, "time_cost": 69.456, "final_distance_cost": 1.7697087782517995, "oscillation_cost": 78.4916498898839, "completition_cost": 0.0, "overshoot_cost": 50.4498065363102, "power_cost": 14.787134008789064, "noise_cost": 11.611075154672035, "n_waypoints_completed": 9, "tot_waypoints": 9}}
{"target": -281.2899715347267, "params": {"k_pid_pos": [1.985802412033081, 0.014246702194213867, 0.0], "k_pid_alt": [1.9686260223388672, 0.028811097145080566, 0.9836622476577759], "k_pid_att": [99.71088409423828, 0.0757068395614624, 0.9842699766159058], "k_pid_yaw": [0.5, 1e-06, 0.1], "k_pid_hsp": [9.387064933776855, 0.9602523446083069, 0.18313556909561157], "k_pid_vsp": [400.0, 389.0093688964844, 26.91189193725586]}, "datetime": {"datetime": "2025-08-20 20:22:31", "elapsed": 30606.052844285965, "delta": 24.3309485912323}, "costs": {"total_cost": 281.2899715347267, "time_cost": 68.768, "final_distance_cost": 1.7240417838808033, "oscillation_cost": 137.55485355869328, "completition_cost": 0.0, "overshoot_cost": 50.653786670778366, "power_cost": 12.103701391601563, "noise_cost": 10.4855881297727, "n_waypoints_completed": 9, "tot_waypoints": 9}}
{"target": -285.1729389262398, "params": {"k_pid_pos": [1.8333330154418945, 0.04647985100746155, 0.0], "k_pid_alt": [1.941711664199829, 0.12085297703742981, 0.9407572150230408], "k_pid_att": [95.22881317138672, 0.11813002079725266, 0.9902913570404053], "k_pid_yaw": [0.5, 1e-06, 0.1], "k_pid_hsp": [9.89470100402832, 0.9908658266067505, 0.020232170820236206], "k_pid_vsp": [400.0, 366.1934814453125, 13.002169609069824]}, "datetime": {"datetime": "2025-08-20 20:22:54", "elapsed": 30629.344294071198, "delta": 23.291449785232544}, "costs": {"total_cost": 285.1729389262398, "time_cost": 98.944, "final_distance_cost": 1.7751488214687303, "oscillation_cost": 99.38398618645762, "completition_cost": 0.0, "overshoot_cost": 52.024288857040446, "power_cost": 18.34837996826172, "noise_cost": 14.697135093011223, "n_waypoints_completed": 9, "tot_waypoints": 9}}
{"target": -220.26100461255035, "params": {"k_pid_pos": [1.9516077041625977, 0.03623741865158081, 0.0], "k_pid_alt": [1.980212926864624, 0.062027037143707275, 0.9838519096374512], "k_pid_att": [97.54022216796875, 0.18361222743988037, 0.9959120750427246], "k_pid_yaw": [0.5, 1e-06, 0.1], "k_pid_hsp": [9.377821922302246, 0.9815253019332886, 0.02812078595161438], "k_pid_vsp": [400.0, 392.48089599609375, 2.531350612640381]}, "datetime": {"datetime": "2025-08-20 20:23:10", "elapsed": 30644.60745048523, "delta": 15.263156414031982}, "costs": {"total_cost": 220.26100461255035, "time_cost": 69.912, "final_distance_cost": 1.7853113401852674, "oscillation_cost": 73.06839115458166, "completition_cost": 0.0, "overshoot_cost": 50.7492498288851, "power_cost": 13.147708715820313, "noise_cost": 11.59834357307802, "n_waypoints_completed": 9, "tot_waypoints": 9}}
{"target": -206.11969916538212, "params": {"k_pid_pos": [1.9453762769699097, 0.008820801973342896, 0.0], "k_pid_alt": [1.552628993988037, 0.027724921703338623, 0.9774643182754517], "k_pid_att": [98.46485900878906, 0.8318905830383301, 0.9948135018348694], "k_pid_yaw": [0.5, 1e-06, 0.1], "k_pid_hsp": [9.599061012268066, 0.9693922996520996, 0.003231227397918701], "k_pid_vsp": [400.0, 393.2882385253906, 5.664409160614014]}, "datetime": {"datetime": "2025-08-20 20:23:26", "elapsed": 30661.385370254517, "delta": 16.77791976928711}, "costs": {"total_cost": 206.11969916538212, "time_cost": 70.008, "final_distance_cost": 1.7794904070511377, "oscillation_cost": 60.26676610023783, "completition_cost": 0.0, "overshoot_cost": 49.87545701109997, "power_cost": 12.834746691894532, "noise_cost": 11.355238955098624, "n_waypoints_completed": 9, "tot_waypoints": 9}}
{"target": -213.43758793182113, "params": {"k_pid_pos": [1.9739316701889038, 0.0021739602088928223, 0.0027732551097869873], "k_pid_alt": [1.9637806415557861, 0.011195361614227295, 0.9855935573577881], "k_pid_att": [96.70954132080078, 0.4589236080646515, 0.992475152015686], "k_pid_yaw": [0.5, 1e-06, 0.1], "k_pid_hsp": [8.871487617492676, 0.98614901304245, 0.013147443532943726], "k_pid_vsp": [399.99481201171875, 383.9927673339844, 5.962396621704102]}, "datetime": {"datetime": "2025-08-20 20:23:42", "elapsed": 30676.82972097397, "delta": 15.444350719451904}, "costs": {"total_cost": 213.43758793182113, "time_cost": 69.856, "final_distance_cost": 1.7536262156553517, "oscillation_cost": 66.69334030782194, "completition_cost": 0.0, "overshoot_cost": 50.469036761993586, "power_cost": 13.074602307128908, "noise_cost": 11.590982339221366, "n_waypoints_completed": 9, "tot_waypoints": 9}}
{"target": -219.45052636797908, "params": {"k_pid_pos": [1.950802206993103, 0.04994562268257141, 0.0], "k_pid_alt": [1.89316725730896, 0.006222248077392578, 0.8989399671554565], "k_pid_att": [98.90105438232422, 0.48745694756507874, 0.9789914488792419], "k_pid_yaw": [0.5, 1e-06, 0.1], "k_pid_hsp": [9.82657527923584, 0.9957500696182251, 0.04535982012748718], "k_pid_vsp": [400.0, 379.2044372558594, 26.748611450195312]}, "datetime": {"datetime": "2025-08-20 20:23:58", "elapsed": 30693.47937107086, "delta": 16.64965009689331}, "costs": {"total_cost": 219.45052636797908, "time_cost": 69.60000000000001, "final_distance_cost": 1.727395465027908, "oscillation_cost": 73.98732322779762, "completition_cost": 0.0, "overshoot_cost": 50.21372211106921, "power_cost": 13.034103479003907, "noise_cost": 10.887982085080441, "n_waypoints_completed": 9, "tot_waypoints": 9}}
{"target": -213.68848004634108, "params": {"k_pid_pos": [1.7778078317642212, 0.037173569202423096, 0.0], "k_pid_alt": [1.8996647596359253, 0.00727805495262146, 0.9748812913894653], "k_pid_att": [99.35567474365234, 0.3243275284767151, 0.980925440788269], "k_pid_yaw": [0.5, 1e-06, 0.1], "k_pid_hsp": [9.881326675415039, 0.9722322821617126, 0.006349354982376099], "k_pid_vsp": [400.0, 391.0824279785156, 12.536979675292969]}, "datetime": {"datetime": "2025-08-20 20:24:15", "elapsed": 30710.153524637222, "delta": 16.674153566360474}, "costs": {"total_cost": 213.68848004634108, "time_cost": 69.568, "final_distance_cost": 1.795617718092283, "oscillation_cost": 67.65363877563672, "completition_cost": 0.0, "overshoot_cost": 50.09219376919239, "power_cost": 13.462198498535157, "noise_cost": 11.116831284884537, "n_waypoints_completed": 9, "tot_waypoints": 9}}
{"target": -212.63762254027822, "params": {"k_pid_pos": [1.9674835205078125, 0.008162707090377808, 0.0], "k_pid_alt": [1.9304466247558594, 0.005549341440200806, 0.9865410327911377], "k_pid_att": [96.94384002685547, 1.9910119771957397, 0.9710687398910522], "k_pid_yaw": [0.5, 1e-06, 0.1], "k_pid_hsp": [9.793642044067383, 0.9898512363433838, 0.009885847568511963], "k_pid_vsp": [400.0, 384.8910827636719, 8.137584686279297]}, "datetime": {"datetime": "2025-08-20 20:24:31", "elapsed": 30726.09394645691, "delta": 15.94042181968689}, "costs": {"total_cost": 212.63762254027822, "time_cost": 69.952, "final_distance_cost": 1.7909480102339885, "oscillation_cost": 65.82583726874495, "completition_cost": 0.0, "overshoot_cost": 50.1263121926686, "power_cost": 13.334823669433595, "noise_cost": 11.607701399197078, "n_waypoints_completed": 9, "tot_waypoints": 9}}
{"target": -215.28411178331683, "params": {"k_pid_pos": [1.9842424392700195, 0.005378246307373047, 0.0], "k_pid_alt": [1.874765396118164, 0.015462696552276611, 0.7558649778366089], "k_pid_att": [89.27051544189453, 0.06461363285779953, 0.9806399345397949], "k_pid_yaw": [0.5, 1e-06, 0.1], "k_pid_hsp": [9.97902774810791, 0.9854569435119629, 0.036957770586013794], "k_pid_vsp": [400.0, 381.8929748535156, 8.231080055236816]}, "datetime": {"datetime": "2025-08-20 20:24:49", "elapsed": 30743.703617572784, "delta": 17.609671115875244}, "costs": {"total_cost": 215.28411178331683, "time_cost": 69.376, "final_distance_cost": 1.7310369330572093, "oscillation_cost": 68.779805406265, "completition_cost": 0.0, "overshoot_cost": 50.50092019431548, "power_cost": 13.28490244140625, "noise_cost": 11.61144680827288, "n_waypoints_completed": 9, "tot_waypoints": 9}}
{"target": -227.08583019315273, "params": {"k_pid_pos": [1.9561316967010498, 0.04292583465576172, 0.0], "k_pid_alt": [1.5400983095169067, 0.009714782238006592, 0.9965813159942627], "k_pid_att": [95.97332763671875, 0.2883412837982178, 0.9136561155319214], "k_pid_yaw": [0.5, 1e-06, 0.1], "k_pid_hsp": [9.959664344787598, 0.985542893409729, 0.03257715702056885], "k_pid_vsp": [400.0, 392.81024169921875, 11.450207710266113]}, "datetime": {"datetime": "2025-08-20 20:25:05", "elapsed": 30760.00115919113, "delta": 16.297541618347168}, "costs": {"total_cost": 227.08583019315273, "time_cost": 70.488, "final_distance_cost": 1.7938847374587605, "oscillation_cost": 81.64368679597193, "completition_cost": 0.0, "overshoot_cost": 50.48475810150215, "power_cost": 12.110687866210938, "noise_cost": 10.564812692008955, "n_waypoints_completed": 9, "tot_waypoints": 9}}
{"target": -214.41017344998647, "params": {"k_pid_pos": [1.8679548501968384, 0.05209618806838989, 0.0], "k_pid_alt": [1.9846371412277222, 0.019945889711380005, 0.9454181790351868], "k_pid_att": [92.3951416015625, 0.14403751492500305, 0.9819011092185974], "k_pid_yaw": [0.5, 1e-06, 0.1], "k_pid_hsp": [9.47602653503418, 0.9631491899490356, 0.021067768335342407], "k_pid_vsp": [400.0, 388.32598876953125, 7.535494327545166]}, "datetime": {"datetime": "2025-08-20 20:25:22", "elapsed": 30776.580295324326, "delta": 16.57913613319397}, "costs": {"total_cost": 214.41017344998647, "time_cost": 69.672, "final_distance_cost": 1.7415380560903877, "oscillation_cost": 67.51512419078243, "completition_cost": 0.0, "overshoot_cost": 50.73945380238843, "power_cost": 13.149078747558594, "noise_cost": 11.592978653166615, "n_waypoints_completed": 9, "tot_waypoints": 9}}
{"target": -241.80365168223605, "params": {"k_pid_pos": [1.9894073009490967, 0.046020060777664185, 5.960464477539063e-08], "k_pid_alt": [1.9726638793945312, 0.014084845781326294, 0.9669610261917114], "k_pid_att": [99.16645050048828, 0.15666642785072327, 0.9984103441238403], "k_pid_yaw": [0.5, 1e-06, 0.1], "k_pid_hsp": [9.836222648620605, 0.9715317487716675, 0.1641269326210022], "k_pid_vsp": [400.0, 396.85980224609375, 3.348160743713379]}, "datetime": {"datetime": "2025-08-20 20:25:37", "elapsed": 30791.78075027466, "delta": 15.200454950332642}, "costs": {"total_cost": 241.80365168223605, "time_cost": 70.32000000000001, "final_distance_cost": 1.7300138188436698, "oscillation_cost": 93.34603387065421, "completition_cost": 0.0, "overshoot_cost": 50.153636048953494, "power_cost": 14.143635729980469, "noise_cost": 12.110332213804186, "n_waypoints_completed": 9, "tot_waypoints": 9}}
{"target": -217.10072311309904, "params": {"k_pid_pos": [1.949834942817688, 0.01999765634536743, 0.0], "k_pid_alt": [1.9977967739105225, 0.05379611253738403, 0.9797440767288208], "k_pid_att": [99.16535949707031, 0.05079711973667145, 0.9621638059616089], "k_pid_yaw": [0.5, 1e-06, 0.1], "k_pid_hsp": [9.798164367675781, 0.9549374580383301, 0.01853996515274048], "k_pid_vsp": [399.9776916503906, 381.53741455078125, 31.02891731262207]}, "datetime": {"datetime": "2025-08-20 20:25:53", "elapsed": 30808.389919757843, "delta": 16.609169483184814}, "costs": {"total_cost": 217.10072311309904, "time_cost": 69.584, "final_distance_cost": 1.75581280418695, "oscillation_cost": 69.30531978104949, "completition_cost": 0.0, "overshoot_cost": 50.384821657926864, "power_cost": 14.595536743164063, "noise_cost": 11.475232126771651, "n_waypoints_completed": 9, "tot_waypoints": 9}}
{"target": -231.69733401147818, "params": {"k_pid_pos": [1.983078122138977, 0.017879903316497803, 0.0], "k_pid_alt": [1.9514422416687012, 0.017938315868377686, 0.9903443455696106], "k_pid_att": [97.12805938720703, 0.35338419675827026, 0.9764488935470581], "k_pid_yaw": [0.5, 1e-06, 0.1], "k_pid_hsp": [9.893898010253906, 0.9657766222953796, 0.045022785663604736], "k_pid_vsp": [400.0, 393.31353759765625, 2.3103246688842773]}, "datetime": {"datetime": "2025-08-20 20:26:09", "elapsed": 30823.529440402985, "delta": 15.139520645141602}, "costs": {"total_cost": 231.69733401147818, "time_cost": 69.736, "final_distance_cost": 1.7842703285636883, "oscillation_cost": 84.27344370134719, "completition_cost": 0.0, "overshoot_cost": 50.79569381692528, "power_cost": 13.401967370605469, "noise_cost": 11.70595879403656, "n_waypoints_completed": 9, "tot_waypoints": 9}}
{"target": -234.07766909722335, "params": {"k_pid_pos": [1.9615477323532104, 0.08059141039848328, 0.0], "k_pid_alt": [1.9598485231399536, 0.004794776439666748, 0.9425926208496094], "k_pid_att": [98.24340057373047, 0.11988595873117447, 0.9931159615516663], "k_pid_yaw": [0.5, 1e-06, 0.1], "k_pid_hsp": [9.924221992492676, 0.9613597989082336, 0.026574701070785522], "k_pid_vsp": [400.0, 392.514892578125, 2.8462419509887695]}, "datetime": {"datetime": "2025-08-20 20:26:26", "elapsed": 30841.194763422012, "delta": 17.66532301902771}, "costs": {"total_cost": 234.07766909722335, "time_cost": 69.808, "final_distance_cost": 1.7221187954840547, "oscillation_cost": 88.04953254832843, "completition_cost": 0.0, "overshoot_cost": 49.74784003467939, "power_cost": 13.20812010498047, "noise_cost": 11.542057613750982, "n_waypoints_completed": 9, "tot_waypoints": 9}}
{"target": -230.50184767481537, "params": {"k_pid_pos": [1.7845251560211182, 0.01974901556968689, 0.0], "k_pid_alt": [1.84696364402771, 0.07881233096122742, 0.9447400569915771], "k_pid_att": [97.40408325195312, 0.09563218057155609, 0.977807879447937], "k_pid_yaw": [0.5, 1e-06, 0.1], "k_pid_hsp": [9.610678672790527, 0.9030896425247192, 0.0012968182563781738], "k_pid_vsp": [400.0, 331.9667053222656, 18.948057174682617]}, "datetime": {"datetime": "2025-08-20 20:26:43", "elapsed": 30858.454339504242, "delta": 17.259576082229614}, "costs": {"total_cost": 230.50184767481537, "time_cost": 81.512, "final_distance_cost": 1.7589741959302616, "oscillation_cost": 66.2606415672606, "completition_cost": 0.0, "overshoot_cost": 51.859662063020544, "power_cost": 16.307749658203125, "noise_cost": 12.802820190400801, "n_waypoints_completed": 9, "tot_waypoints": 9}}
{"target": -245.775547896633, "params": {"k_pid_pos": [1.9225921630859375, 0.005529582500457764, 0.0], "k_pid_alt": [1.907570242881775, 0.006021380424499512, 0.9794608354568481], "k_pid_att": [98.03907012939453, 0.24733074009418488, 0.9692693948745728], "k_pid_yaw": [0.5, 1e-06, 0.1], "k_pid_hsp": [9.938194274902344, 0.9814045429229736, 0.056609928607940674], "k_pid_vsp": [400.0, 395.2306213378906, 10.608710289001465]}, "datetime": {"datetime": "2025-08-20 20:27:00", "elapsed": 30874.84485769272, "delta": 16.390518188476562}, "costs": {"total_cost": 245.775547896633, "time_cost": 69.608, "final_distance_cost": 1.7357018042188723, "oscillation_cost": 98.52311267840497, "completition_cost": 0.0, "overshoot_cost": 49.67203827828322, "power_cost": 14.307754687500001, "noise_cost": 11.928940448225909, "n_waypoints_completed": 9, "tot_waypoints": 9}}
