{"target": -209.63656461711054, "params": {"k_pid_pos": [1.9072328805923462, 0.258209228515625, 0.0], "k_pid_alt": [1.696403980255127, 0.024925589561462402, 0.9350929260253906], "k_pid_att": [98.35197448730469, 0.12301666289567947, 0.9468001127243042], "k_pid_yaw": [0.5, 1e-06, 0.1], "k_pid_hsp": [9.913151741027832, 0.9227003455162048, 0.011372119188308716], "k_pid_vsp": [400.0, 396.8080139160156, 12.44062328338623]}, "datetime": {"datetime": "2025-08-20 16:50:33", "elapsed": 17887.795756816864, "delta": 15.946272611618042}, "costs": {"total_cost": 209.63656461711054, "time_cost": 70.96000000000001, "final_distance_cost": 1.730093815568186, "oscillation_cost": 63.03976692536948, "completition_cost": 0.0, "overshoot_cost": 51.02897532079395, "power_cost": 12.146080786132814, "noise_cost": 10.731647769246095, "n_waypoints_completed": 9, "tot_waypoints": 9}}
{"target": -223.308854666697, "params": {"k_pid_pos": [1.9580740928649902, 0.15342938899993896, 5.960464477539063e-08], "k_pid_alt": [1.7551817893981934, 0.04191061854362488, 0.9621462821960449], "k_pid_att": [96.44005584716797, 0.2893545627593994, 0.9602057337760925], "k_pid_yaw": [0.5, 1e-06, 0.1], "k_pid_hsp": [8.595190048217773, 0.9775301218032837, 0.061610400676727295], "k_pid_vsp": [399.9977111816406, 389.5749206542969, 2.534724235534668]}, "datetime": {"datetime": "2025-08-20 16:50:48", "elapsed": 17903.375534296036, "delta": 15.579777479171753}, "costs": {"total_cost": 223.308854666697, "time_cost": 70.184, "final_distance_cost": 1.770506390385751, "oscillation_cost": 75.78530523635808, "completition_cost": 0.0, "overshoot_cost": 50.573212447901994, "power_cost": 13.312087866210938, "noise_cost": 11.683742725840238, "n_waypoints_completed": 9, "tot_waypoints": 9}}
{"target": -280.71492604269366, "params": {"k_pid_pos": [1.9941668510437012, 0.05910313129425049, 0.2788110077381134], "k_pid_alt": [1.9126877784729004, 0.13142380118370056, 0.9922299385070801], "k_pid_att": [97.9620590209961, 0.6920031905174255, 0.8792849183082581], "k_pid_yaw": [0.5, 1e-06, 0.1], "k_pid_hsp": [9.827750205993652, 0.9866284728050232, 0.015817999839782715], "k_pid_vsp": [1.8427848815917969, 384.7677307128906, 48.83435821533203]}, "datetime": {"datetime": "2025-08-20 16:51:09", "elapsed": 17924.068726301193, "delta": 20.69319200515747}, "costs": {"total_cost": 280.71492604269366, "time_cost": 83.048, "final_distance_cost": 1.7376300781594007, "oscillation_cost": 112.95264189936043, "completition_cost": 0.0, "overshoot_cost": 52.97308260975218, "power_cost": 17.042659960937502, "noise_cost": 12.960911494484154, "n_waypoints_completed": 9, "tot_waypoints": 9}}
{"target": -256.85037311791814, "params": {"k_pid_pos": [1.7610543966293335, 0.03841474652290344, 0.0], "k_pid_alt": [1.8052349090576172, 0.08756181597709656, 0.9624221920967102], "k_pid_att": [95.70716094970703, 0.21721549332141876, 0.9898065328598022], "k_pid_yaw": [0.5, 1e-06, 0.1], "k_pid_hsp": [9.343823432922363, 0.9985072612762451, 0.03343510627746582], "k_pid_vsp": [400.0, 374.4551086425781, 29.694738388061523]}, "datetime": {"datetime": "2025-08-20 16:51:29", "elapsed": 17943.83607339859, "delta": 19.76734709739685}, "costs": {"total_cost": 256.85037311791814, "time_cost": 84.888, "final_distance_cost": 1.7808941130845783, "oscillation_cost": 83.95224155366884, "completition_cost": 0.0, "overshoot_cost": 51.3325508458245, "power_cost": 19.915776403808593, "noise_cost": 14.980910201531605, "n_waypoints_completed": 9, "tot_waypoints": 9}}
{"target": -217.7457769287272, "params": {"k_pid_pos": [1.7895431518554688, 0.06570255756378174, 0.0003567636013031006], "k_pid_alt": [1.6170244216918945, 0.024111449718475342, 0.9570178985595703], "k_pid_att": [96.36994171142578, 0.3365532159805298, 0.9730516672134399], "k_pid_yaw": [0.5, 1e-06, 0.1], "k_pid_hsp": [7.487418174743652, 0.9905042052268982, 0.07225477695465088], "k_pid_vsp": [399.9999694824219, 386.7395324707031, 14.672173500061035]}, "datetime": {"datetime": "2025-08-20 16:51:44", "elapsed": 17958.770033359528, "delta": 14.9339599609375}, "costs": {"total_cost": 217.7457769287272, "time_cost": 69.592, "final_distance_cost": 1.794125467525185, "oscillation_cost": 68.79178717556962, "completition_cost": 0.0, "overshoot_cost": 50.492408699798546, "power_cost": 15.04539530029297, "noise_cost": 12.030060285540847, "n_waypoints_completed": 9, "tot_waypoints": 9}}
{"target": -226.43406741330435, "params": {"k_pid_pos": [1.9866951704025269, 0.027784228324890137, 0.0], "k_pid_alt": [1.9651594161987305, 0.019699573516845703, 0.9811270236968994], "k_pid_att": [97.95108032226562, 0.49531814455986023, 0.7041311264038086], "k_pid_yaw": [0.5, 1e-06, 0.1], "k_pid_hsp": [9.61647891998291, 0.9962719678878784, 0.032846599817276], "k_pid_vsp": [399.99761962890625, 392.5992736816406, 34.16438293457031]}, "datetime": {"datetime": "2025-08-20 16:52:00", "elapsed": 17974.620965242386, "delta": 15.850931882858276}, "costs": {"total_cost": 226.43406741330435, "time_cost": 69.456, "final_distance_cost": 1.71517296597761, "oscillation_cost": 79.36872485945841, "completition_cost": 0.0, "overshoot_cost": 50.13528436978862, "power_cost": 14.263567883300782, "noise_cost": 11.495317334778916, "n_waypoints_completed": 9, "tot_waypoints": 9}}
{"target": -199.00925392212446, "params": {"k_pid_pos": [1.5054441690444946, 0.01969769597053528, 6.407499313354492e-06], "k_pid_alt": [1.802177906036377, 0.05155843496322632, 0.9287697672843933], "k_pid_att": [92.17894744873047, 0.0835718959569931, 0.964719295501709], "k_pid_yaw": [0.5, 1e-06, 0.1], "k_pid_hsp": [7.640392780303955, 0.942488431930542, 0.019389361143112183], "k_pid_vsp": [400.0, 386.31854248046875, 2.4580845832824707]}, "datetime": {"datetime": "2025-08-20 16:52:15", "elapsed": 17989.955323696136, "delta": 15.33435845375061}, "costs": {"total_cost": 199.00925392212446, "time_cost": 68.976, "final_distance_cost": 1.7602505020642705, "oscillation_cost": 54.694447544896406, "completition_cost": 0.0, "overshoot_cost": 49.837349796872104, "power_cost": 12.469602673339844, "noise_cost": 11.271603404951824, "n_waypoints_completed": 9, "tot_waypoints": 9}}
{"target": -247.43380346966578, "params": {"k_pid_pos": [1.9843007326126099, 0.001700371503829956, 0.9999805092811584], "k_pid_alt": [1.7969510555267334, 0.03622397780418396, 0.9333669543266296], "k_pid_att": [98.63655853271484, 0.0628127008676529, 0.9821327924728394], "k_pid_yaw": [0.5, 1e-06, 0.1], "k_pid_hsp": [9.421048164367676, 0.8947681188583374, 0.014362961053848267], "k_pid_vsp": [399.98992919921875, 376.8978576660156, 13.126946449279785]}, "datetime": {"datetime": "2025-08-20 16:52:30", "elapsed": 18005.121728420258, "delta": 15.166404724121094}, "costs": {"total_cost": 247.43380346966578, "time_cost": 69.888, "final_distance_cost": 1.8513879939797078, "oscillation_cost": 100.05361369139065, "completition_cost": 0.0, "overshoot_cost": 50.00205019398188, "power_cost": 13.67190789794922, "noise_cost": 11.9668436923643, "n_waypoints_completed": 9, "tot_waypoints": 9}}
{"target": -236.7512732460298, "params": {"k_pid_pos": [1.9911017417907715, 0.010794341564178467, 1.4603137969970703e-06], "k_pid_alt": [1.9604239463806152, 0.007312506437301636, 0.9653021097183228], "k_pid_att": [94.41458892822266, 0.10792580991983414, 0.9027042984962463], "k_pid_yaw": [0.5, 1e-06, 0.1], "k_pid_hsp": [9.402664184570312, 0.9790494441986084, 0.07258504629135132], "k_pid_vsp": [400.0, 281.0936584472656, 15.15259838104248]}, "datetime": {"datetime": "2025-08-20 16:52:45", "elapsed": 18020.45561361313, "delta": 15.333885192871094}, "costs": {"total_cost": 236.7512732460298, "time_cost": 69.456, "final_distance_cost": 1.77789844919983, "oscillation_cost": 90.07256173242817, "completition_cost": 0.0, "overshoot_cost": 50.7920123384136, "power_cost": 13.433234094238282, "noise_cost": 11.219566631749924, "n_waypoints_completed": 9, "tot_waypoints": 9}}
{"target": -285.9076720828601, "params": {"k_pid_pos": [1.9107468128204346, 0.0439334511756897, 0.022657454013824463], "k_pid_alt": [1.8658716678619385, 0.01677119731903076, 0.8026232123374939], "k_pid_att": [94.15723419189453, 0.612960159778595, 0.9790090322494507], "k_pid_yaw": [0.5, 1e-06, 0.1], "k_pid_hsp": [9.806270599365234, 0.9823804497718811, 0.12271493673324585], "k_pid_vsp": [399.9963073730469, 281.60400390625, 43.5145149230957]}, "datetime": {"datetime": "2025-08-20 16:53:01", "elapsed": 18035.840742349625, "delta": 15.385128736495972}, "costs": {"total_cost": 285.9076720828601, "time_cost": 69.32000000000001, "final_distance_cost": 1.7594479223619366, "oscillation_cost": 135.46926976495848, "completition_cost": 0.0, "overshoot_cost": 50.82954500386833, "power_cost": 16.08229259033203, "noise_cost": 12.447116801339304, "n_waypoints_completed": 9, "tot_waypoints": 9}}
{"target": -282.39214922766774, "params": {"k_pid_pos": [1.921420693397522, 0.009675681591033936, 1.0], "k_pid_alt": [1.6572630405426025, 0.06291443109512329, 0.9987397193908691], "k_pid_att": [98.85519409179688, 0.11483481526374817, 0.9425085186958313], "k_pid_yaw": [0.5, 1e-06, 0.1], "k_pid_hsp": [9.549457550048828, 0.9733918905258179, 0.016381502151489258], "k_pid_vsp": [400.0, 387.5151062011719, 13.15207576751709]}, "datetime": {"datetime": "2025-08-20 16:53:19", "elapsed": 18053.658118724823, "delta": 17.817376375198364}, "costs": {"total_cost": 282.39214922766774, "time_cost": 78.864, "final_distance_cost": 1.8511492174360085, "oscillation_cost": 121.92474562254304, "completition_cost": 0.0, "overshoot_cost": 50.88442354708861, "power_cost": 15.348514001464844, "noise_cost": 13.519316839135284, "n_waypoints_completed": 9, "tot_waypoints": 9}}
{"target": -239.4529932287111, "params": {"k_pid_pos": [1.9259072542190552, 0.030818462371826172, 0.0], "k_pid_alt": [1.851613998413086, 0.01626741886138916, 0.8640598058700562], "k_pid_att": [97.10176849365234, 0.039206814020872116, 0.8538967370986938], "k_pid_yaw": [0.5, 1e-06, 0.1], "k_pid_hsp": [9.776803016662598, 0.9925904273986816, 0.10174906253814697], "k_pid_vsp": [399.9999084472656, 385.87689208984375, 11.96085262298584]}, "datetime": {"datetime": "2025-08-20 16:53:34", "elapsed": 18069.292143583298, "delta": 15.634024858474731}, "costs": {"total_cost": 239.4529932287111, "time_cost": 69.288, "final_distance_cost": 1.7449972131060567, "oscillation_cost": 91.66296329998936, "completition_cost": 0.0, "overshoot_cost": 50.42884733256933, "power_cost": 14.398224316406251, "noise_cost": 11.929961066640123, "n_waypoints_completed": 9, "tot_waypoints": 9}}
{"target": -223.27699824410038, "params": {"k_pid_pos": [1.8733932971954346, 0.30113333463668823, 4.2825937271118164e-05], "k_pid_alt": [1.8621485233306885, 0.04768645763397217, 0.9875295162200928], "k_pid_att": [94.0963363647461, 0.31215548515319824, 0.9630303382873535], "k_pid_yaw": [0.5, 1e-06, 0.1], "k_pid_hsp": [9.345475196838379, 0.9452730417251587, 0.01599353551864624], "k_pid_vsp": [13.738083839416504, 396.9475402832031, 56.97940444946289]}, "datetime": {"datetime": "2025-08-20 16:53:51", "elapsed": 18085.52613735199, "delta": 16.233993768692017}, "costs": {"total_cost": 223.27699824410038, "time_cost": 75.552, "final_distance_cost": 1.73811144144263, "oscillation_cost": 65.81213237050943, "completition_cost": 0.0, "overshoot_cost": 52.57542615039081, "power_cost": 15.406916528320313, "noise_cost": 12.192411753437197, "n_waypoints_completed": 9, "tot_waypoints": 9}}
{"target": -262.47304790128356, "params": {"k_pid_pos": [1.9359381198883057, 0.05888301134109497, 2.9802322387695312e-08], "k_pid_alt": [1.8865400552749634, 0.022147446870803833, 0.9847179651260376], "k_pid_att": [96.28121948242188, 0.11174643039703369, 0.9087841510772705], "k_pid_yaw": [0.5, 1e-06, 0.1], "k_pid_hsp": [9.1970853805542, 0.8537477850914001, 0.1139819324016571], "k_pid_vsp": [400.0, 305.1316223144531, 21.122636795043945]}, "datetime": {"datetime": "2025-08-20 16:54:08", "elapsed": 18102.61052298546, "delta": 17.084385633468628}, "costs": {"total_cost": 262.47304790128356, "time_cost": 74.136, "final_distance_cost": 1.7843131489108845, "oscillation_cost": 106.81299195746399, "completition_cost": 0.0, "overshoot_cost": 50.51555304386202, "power_cost": 16.370526806640626, "noise_cost": 12.853662944406063, "n_waypoints_completed": 9, "tot_waypoints": 9}}
{"target": -250.69681080154137, "params": {"k_pid_pos": [1.9560760259628296, 0.004897803068161011, 0.0], "k_pid_alt": [1.8520451784133911, 0.0710878074169159, 0.926071286201477], "k_pid_att": [98.03350830078125, 0.20288370549678802, 0.9881575703620911], "k_pid_yaw": [0.5, 1e-06, 0.1], "k_pid_hsp": [8.666716575622559, 0.9479929804801941, 0.10868927836418152], "k_pid_vsp": [399.99993896484375, 395.8092346191406, 6.8837890625]}, "datetime": {"datetime": "2025-08-20 16:54:26", "elapsed": 18121.012700796127, "delta": 18.402177810668945}, "costs": {"total_cost": 250.69681080154137, "time_cost": 80.408, "final_distance_cost": 1.7972015709982685, "oscillation_cost": 86.02956452816477, "completition_cost": 0.0, "overshoot_cost": 52.829973621640654, "power_cost": 15.947424011230469, "noise_cost": 13.684647069507198, "n_waypoints_completed": 9, "tot_waypoints": 9}}
{"target": -505.40523116605596, "params": {"k_pid_pos": [1.931312918663025, 0.06933227181434631, 2.086162567138672e-07], "k_pid_alt": [1.9685866832733154, 0.09528961777687073, 0.9772274494171143], "k_pid_att": [79.30258178710938, 1.0492945909500122, 0.960111677646637], "k_pid_yaw": [0.5, 1e-06, 0.1], "k_pid_hsp": [9.814811706542969, 0.9869896173477173, 0.020057380199432373], "k_pid_vsp": [1.642298698425293, 376.0018005371094, 11.969197273254395]}, "datetime": {"datetime": "2025-08-20 16:54:49", "elapsed": 18143.74581503868, "delta": 22.73311424255371}, "costs": {"total_cost": 505.40523116605596, "time_cost": 150, "final_distance_cost": 38.70891369668589, "oscillation_cost": 110.10112582239744, "completition_cost": 111.11111111111116, "overshoot_cost": 59.75824037480821, "power_cost": 21.05344979248047, "noise_cost": 14.6723903685728, "n_waypoints_completed": 8, "tot_waypoints": 9}}
{"target": -268.4060077292431, "params": {"k_pid_pos": [1.828554391860962, 0.0057777464389801025, 5.155801773071289e-06], "k_pid_alt": [1.723506212234497, 0.43482905626296997, 0.8878967761993408], "k_pid_att": [92.2104721069336, 1.2277183532714844, 0.9127854704856873], "k_pid_yaw": [0.5, 1e-06, 0.1], "k_pid_hsp": [8.780071258544922, 0.9723902344703674, 0.029455095529556274], "k_pid_vsp": [399.9999694824219, 398.20904541015625, 6.742752552032471]}, "datetime": {"datetime": "2025-08-20 16:55:10", "elapsed": 18165.28542304039, "delta": 21.539608001708984}, "costs": {"total_cost": 268.4060077292431, "time_cost": 93.368, "final_distance_cost": 1.7387544881252281, "oscillation_cost": 88.89662502519683, "completition_cost": 0.0, "overshoot_cost": 52.558079395939394, "power_cost": 17.163741271972658, "noise_cost": 14.680807548008985, "n_waypoints_completed": 9, "tot_waypoints": 9}}
{"target": -213.9809087497263, "params": {"k_pid_pos": [1.7718379497528076, 0.006297677755355835, 8.991360664367676e-05], "k_pid_alt": [1.983999252319336, 0.04944223165512085, 0.8518202900886536], "k_pid_att": [95.28588104248047, 2.62445068359375, 0.9665793776512146], "k_pid_yaw": [0.5, 1e-06, 0.1], "k_pid_hsp": [8.938071250915527, 0.9726629257202148, 0.036553531885147095], "k_pid_vsp": [400.0, 384.2386169433594, 20.686437606811523]}, "datetime": {"datetime": "2025-08-20 16:55:29", "elapsed": 18183.66185450554, "delta": 18.376431465148926}, "costs": {"total_cost": 213.9809087497263, "time_cost": 69.12, "final_distance_cost": 1.7610543542375765, "oscillation_cost": 69.92112326137152, "completition_cost": 0.0, "overshoot_cost": 50.31249845493685, "power_cost": 12.347179455566407, "noise_cost": 10.519053223613941, "n_waypoints_completed": 9, "tot_waypoints": 9}}
{"target": -220.68481488473685, "params": {"k_pid_pos": [1.9607465267181396, 0.30174148082733154, 0.0], "k_pid_alt": [1.9638781547546387, 0.00984373688697815, 0.804277241230011], "k_pid_att": [89.73270416259766, 0.3800957500934601, 0.9612264633178711], "k_pid_yaw": [0.5, 1e-06, 0.1], "k_pid_hsp": [9.817737579345703, 0.9763147830963135, 0.02946886420249939], "k_pid_vsp": [399.99993896484375, 385.37591552734375, 3.8068900108337402]}, "datetime": {"datetime": "2025-08-20 16:55:45", "elapsed": 18200.446033239365, "delta": 16.784178733825684}, "costs": {"total_cost": 220.68481488473685, "time_cost": 71.664, "final_distance_cost": 1.7694251040581805, "oscillation_cost": 69.80221825527175, "completition_cost": 0.0, "overshoot_cost": 51.54326521073692, "power_cost": 13.701432934570313, "noise_cost": 12.204473380099705, "n_waypoints_completed": 9, "tot_waypoints": 9}}
{"target": -259.7844994586318, "params": {"k_pid_pos": [1.9791417121887207, 0.3096872568130493, 0.0], "k_pid_alt": [1.9009654521942139, 0.07436665892601013, 0.8644092679023743], "k_pid_att": [88.24331665039062, 0.6767442226409912, 0.9445748925209045], "k_pid_yaw": [0.5, 1e-06, 0.1], "k_pid_hsp": [9.793407440185547, 0.9519895911216736, 0.014369010925292969], "k_pid_vsp": [400.0, 388.46600341796875, 45.109580993652344]}, "datetime": {"datetime": "2025-08-20 16:56:06", "elapsed": 18221.414263486862, "delta": 20.96823024749756}, "costs": {"total_cost": 259.7844994586318, "time_cost": 91.264, "final_distance_cost": 1.7094648818006528, "oscillation_cost": 77.1691349632271, "completition_cost": 0.0, "overshoot_cost": 54.04015655893815, "power_cost": 20.195169287109376, "noise_cost": 15.406573767556546, "n_waypoints_completed": 9, "tot_waypoints": 9}}
{"target": -211.88247772014378, "params": {"k_pid_pos": [1.688425898551941, 0.011911749839782715, 0.0], "k_pid_alt": [1.9466180801391602, 0.00878491997718811, 0.9810978770256042], "k_pid_att": [96.57877349853516, 0.12483905255794525, 0.9809337854385376], "k_pid_yaw": [0.5, 1e-06, 0.1], "k_pid_hsp": [9.980587005615234, 0.9905393123626709, 0.06418955326080322], "k_pid_vsp": [399.5460510253906, 350.2756042480469, 9.346713066101074]}, "datetime": {"datetime": "2025-08-20 16:56:24", "elapsed": 18239.214252471924, "delta": 17.799988985061646}, "costs": {"total_cost": 211.88247772014378, "time_cost": 69.056, "final_distance_cost": 1.7921506811737364, "oscillation_cost": 66.09015125890704, "completition_cost": 0.0, "overshoot_cost": 50.45947841426079, "power_cost": 13.112902172851562, "noise_cost": 11.371795192950657, "n_waypoints_completed": 9, "tot_waypoints": 9}}
{"target": -227.14904267938078, "params": {"k_pid_pos": [1.9749876260757446, 0.02248847484588623, 6.362795829772949e-05], "k_pid_alt": [1.9552035331726074, 0.004192918539047241, 0.9853579998016357], "k_pid_att": [94.74335479736328, 0.48651760816574097, 0.925046980381012], "k_pid_yaw": [0.5, 1e-06, 0.1], "k_pid_hsp": [9.718940734863281, 0.965419590473175, 0.06692516803741455], "k_pid_vsp": [400.0, 389.6920166015625, 5.96145486831665]}, "datetime": {"datetime": "2025-08-20 16:56:40", "elapsed": 18255.065309524536, "delta": 15.851057052612305}, "costs": {"total_cost": 227.14904267938078, "time_cost": 69.56, "final_distance_cost": 1.7894108360139749, "oscillation_cost": 80.90429756400326, "completition_cost": 0.0, "overshoot_cost": 50.255236789565586, "power_cost": 13.149808764648439, "noise_cost": 11.490288725149565, "n_waypoints_completed": 9, "tot_waypoints": 9}}
{"target": -220.8689344801455, "params": {"k_pid_pos": [1.6271129846572876, 0.015162736177444458, 0.0002504289150238037], "k_pid_alt": [1.9904241561889648, 0.027557730674743652, 0.9056159853935242], "k_pid_att": [97.48168182373047, 0.6611032485961914, 0.9896062016487122], "k_pid_yaw": [0.5, 1e-06, 0.1], "k_pid_hsp": [9.149923324584961, 0.9423201680183411, 0.07855969667434692], "k_pid_vsp": [399.9997253417969, 390.7033996582031, 21.20427131652832]}, "datetime": {"datetime": "2025-08-20 16:56:56", "elapsed": 18270.915785312653, "delta": 15.850475788116455}, "costs": {"total_cost": 220.8689344801455, "time_cost": 68.456, "final_distance_cost": 1.79937851683651, "oscillation_cost": 75.13975123327984, "completition_cost": 0.0, "overshoot_cost": 50.34874404331484, "power_cost": 13.725995288085938, "noise_cost": 11.399065398628387, "n_waypoints_completed": 9, "tot_waypoints": 9}}
{"target": -258.2429841109133, "params": {"k_pid_pos": [1.492394208908081, 0.08185985684394836, 2.0503997802734375e-05], "k_pid_alt": [1.9041671752929688, 0.1226610541343689, 0.93013596534729], "k_pid_att": [95.76948547363281, 0.6747925281524658, 0.9885318279266357], "k_pid_yaw": [0.5, 1e-06, 0.1], "k_pid_hsp": [9.695547103881836, 0.8617154359817505, 0.009998857975006104], "k_pid_vsp": [399.9425354003906, 283.7621154785156, 7.458330154418945]}, "datetime": {"datetime": "2025-08-20 16:57:18", "elapsed": 18292.93384361267, "delta": 22.01805830001831}, "costs": {"total_cost": 258.2429841109133, "time_cost": 99.072, "final_distance_cost": 1.802118232436612, "oscillation_cost": 72.88211646911574, "completition_cost": 0.0, "overshoot_cost": 51.185608497992405, "power_cost": 17.84020866699219, "noise_cost": 15.460932244376323, "n_waypoints_completed": 9, "tot_waypoints": 9}}
{"target": -207.41561825259984, "params": {"k_pid_pos": [1.9220584630966187, 0.12710732221603394, 0.003626316785812378], "k_pid_alt": [1.734785795211792, 0.04297053813934326, 0.9493468403816223], "k_pid_att": [99.46470642089844, 0.360840380191803, 0.9795737266540527], "k_pid_yaw": [0.5, 1e-06, 0.1], "k_pid_hsp": [8.842296600341797, 0.9344629049301147, 0.005617380142211914], "k_pid_vsp": [399.99993896484375, 395.3914794921875, 5.8073649406433105]}, "datetime": {"datetime": "2025-08-20 16:57:34", "elapsed": 18308.597803592682, "delta": 15.663959980010986}, "costs": {"total_cost": 207.41561825259984, "time_cost": 70.256, "final_distance_cost": 1.7526172520183916, "oscillation_cost": 60.16354153523825, "completition_cost": 0.0, "overshoot_cost": 50.52226808471709, "power_cost": 13.150156018066406, "noise_cost": 11.571035362559693, "n_waypoints_completed": 9, "tot_waypoints": 9}}
