{"target": -1488.4691313055002, "params": {"k_pid_pos": [0.661526083946228, 0.6414898633956909, 0.9993401765823364], "k_pid_alt": [0.721185564994812, 0.2738877534866333, 0.8357746005058289], "k_pid_att": [24.933216094970703, 0.70554518699646, 0.36182594299316406], "k_pid_yaw": [0.5, 1e-06, 0.1], "k_pid_hsp": [6.958120346069336, 0.8137946724891663, 0.9086024761199951], "k_pid_vsp": [200.15518188476562, 146.3568878173828, 345.7193603515625]}, "datetime": {"datetime": "2025-08-20 12:28:46", "elapsed": 2181.3402597904205, "delta": 22.432246446609497}, "costs": {"total_cost": 1488.4691313055002, "time_cost": 150, "final_distance_cost": 85.36399357907169, "oscillation_cost": 382.0651119982085, "completition_cost": 777.7777777777778, "overshoot_cost": 55.543199112189406, "power_cost": 20.11059287109375, "noise_cost": 17.608455967159188, "n_waypoints_completed": 2, "tot_waypoints": 9}}
{"target": -1339.2906088490356, "params": {"k_pid_pos": [0.42389774322509766, 0.8661069869995117, 0.0001272261142730713], "k_pid_alt": [1.8882070779800415, 0.9241816997528076, 0.08699893951416016], "k_pid_att": [57.69657897949219, 5.663190841674805, 0.40482133626937866], "k_pid_yaw": [0.5, 1e-06, 0.1], "k_pid_hsp": [7.467902183532715, 0.9913234114646912, 0.031229913234710693], "k_pid_vsp": [400.0, 47.802589416503906, 187.42636108398438]}, "datetime": {"datetime": "2025-08-20 12:29:08", "elapsed": 2202.75897359848, "delta": 21.418713808059692}, "costs": {"total_cost": 1339.2906088490356, "time_cost": 150, "final_distance_cost": 45.79760108610289, "oscillation_cost": 80.1546902105922, "completition_cost": 1000.0, "overshoot_cost": 27.01195521463767, "power_cost": 20.95753494873047, "noise_cost": 15.368827388972385, "n_waypoints_completed": 0, "tot_waypoints": 9}}
{"target": -835.741571210036, "params": {"k_pid_pos": [1.3347219228744507, 0.8359827995300293, 0.9999638199806213], "k_pid_alt": [0.8402303457260132, 0.5107728838920593, 0.6505343914031982], "k_pid_att": [94.32044982910156, 2.5637123584747314, 0.18545600771903992], "k_pid_yaw": [0.5, 1e-06, 0.1], "k_pid_hsp": [2.668525218963623, 0.7346535921096802, 0.909084141254425], "k_pid_vsp": [397.9190368652344, 358.5924987792969, 73.5533218383789]}, "datetime": {"datetime": "2025-08-20 12:29:29", "elapsed": 2224.0842640399933, "delta": 21.32529044151306}, "costs": {"total_cost": 835.741571210036, "time_cost": 150, "final_distance_cost": 65.39596707631476, "oscillation_cost": 189.0326132112169, "completition_cost": 333.33333333333337, "overshoot_cost": 58.90816295739315, "power_cost": 21.796315356445312, "noise_cost": 17.275179275332405, "n_waypoints_completed": 6, "tot_waypoints": 9}}
{"target": -1458.8108323819133, "params": {"k_pid_pos": [1.9534811973571777, 0.7531500458717346, 0.002539217472076416], "k_pid_alt": [0.8884121179580688, 0.20233005285263062, 0.256674587726593], "k_pid_att": [68.21418762207031, 0.9203152656555176, 0.8579140901565552], "k_pid_yaw": [0.5, 1e-06, 0.1], "k_pid_hsp": [2.941331386566162, 0.5479195713996887, 0.8573886156082153], "k_pid_vsp": [0.45599937438964844, 173.8797607421875, 165.96133422851562]}, "datetime": {"datetime": "2025-08-20 12:29:51", "elapsed": 2245.7384445667267, "delta": 21.6541805267334}, "costs": {"total_cost": 1458.8108323819133, "time_cost": 150, "final_distance_cost": 14.833160841984235, "oscillation_cost": 73.97962669608663, "completition_cost": 1000.0, "overshoot_cost": 138.30901453556012, "power_cost": 19.76614968261719, "noise_cost": 61.9228806256651, "n_waypoints_completed": 0, "tot_waypoints": 9}}
{"target": -1023.2155457147088, "params": {"k_pid_pos": [1.5722686052322388, 0.8416448831558228, 0.9999926090240479], "k_pid_alt": [1.0077130794525146, 0.8698326945304871, 0.06471335887908936], "k_pid_att": [83.57400512695312, 0.997920036315918, 0.20076602697372437], "k_pid_yaw": [0.5, 1e-06, 0.1], "k_pid_hsp": [4.077706813812256, 0.638777494430542, 0.9230175018310547], "k_pid_vsp": [400.0, 239.562744140625, 114.64479064941406]}, "datetime": {"datetime": "2025-08-20 12:30:12", "elapsed": 2267.110099554062, "delta": 21.371654987335205}, "costs": {"total_cost": 1023.2155457147088, "time_cost": 150, "final_distance_cost": 51.20800015885372, "oscillation_cost": 175.13656771468388, "completition_cost": 555.5555555555555, "overshoot_cost": 50.80899189116187, "power_cost": 22.70744510498047, "noise_cost": 17.798985289473286, "n_waypoints_completed": 4, "tot_waypoints": 9}}
{"target": -739.47455736797, "params": {"k_pid_pos": [1.3013572692871094, 0.3687357008457184, 0.0011729598045349121], "k_pid_alt": [1.6607942581176758, 0.20824241638183594, 0.2823909819126129], "k_pid_att": [51.24143981933594, 4.932475566864014, 0.7079994678497314], "k_pid_yaw": [0.5, 1e-06, 0.1], "k_pid_hsp": [1.5652352571487427, 0.284679114818573, 0.19895634055137634], "k_pid_vsp": [392.8076171875, 297.24365234375, 238.3115234375]}, "datetime": {"datetime": "2025-08-20 12:30:34", "elapsed": 2288.560380220413, "delta": 21.45028066635132}, "costs": {"total_cost": 739.47455736797, "time_cost": 150, "final_distance_cost": 72.66678721225865, "oscillation_cost": 209.77631322493195, "completition_cost": 222.2222222222222, "overshoot_cost": 46.28852595501973, "power_cost": 22.32664479980469, "noise_cost": 16.194063953732677, "n_waypoints_completed": 7, "tot_waypoints": 9}}
{"target": -609.9827949402597, "params": {"k_pid_pos": [1.522815227508545, 0.789292573928833, 0.0], "k_pid_alt": [0.8888217806816101, 0.018001586198806763, 0.3206321597099304], "k_pid_att": [81.140380859375, 5.8070220947265625, 0.8054282069206238], "k_pid_yaw": [0.5, 1e-06, 0.1], "k_pid_hsp": [8.597107887268066, 0.9138111472129822, 0.021095842123031616], "k_pid_vsp": [39.4862060546875, 68.31753540039062, 28.821910858154297]}, "datetime": {"datetime": "2025-08-20 12:30:55", "elapsed": 2310.0444757938385, "delta": 21.484095573425293}, "costs": {"total_cost": 609.9827949402597, "time_cost": 150, "final_distance_cost": 68.07357123549009, "oscillation_cost": 66.58383902998321, "completition_cost": 222.2222222222222, "overshoot_cost": 58.60170215937266, "power_cost": 26.18961094970703, "noise_cost": 18.311849343484564, "n_waypoints_completed": 7, "tot_waypoints": 9}}
{"target": -1062.0682183194776, "params": {"k_pid_pos": [1.6488569974899292, 0.8585103750228882, 1.0], "k_pid_alt": [0.181060791015625, 0.012229472398757935, 0.39139723777770996], "k_pid_att": [83.5777359008789, 9.658791542053223, 0.3383992314338684], "k_pid_yaw": [0.5, 1e-06, 0.1], "k_pid_hsp": [8.089200019836426, 0.782180666923523, 0.09335985779762268], "k_pid_vsp": [399.94293212890625, 254.76141357421875, 238.37208557128906]}, "datetime": {"datetime": "2025-08-20 12:31:17", "elapsed": 2331.8158309459686, "delta": 21.771355152130127}, "costs": {"total_cost": 1062.0682183194776, "time_cost": 150, "final_distance_cost": 53.227282174260274, "oscillation_cost": 333.1082954137069, "completition_cost": 444.4444444444444, "overshoot_cost": 42.38092716012241, "power_cost": 22.379991992187502, "noise_cost": 16.527277134756037, "n_waypoints_completed": 5, "tot_waypoints": 9}}
{"target": -838.0682482067341, "params": {"k_pid_pos": [1.3702824115753174, 0.2638211250305176, 0.0], "k_pid_alt": [0.05803316831588745, 0.12345278263092041, 0.8061224222183228], "k_pid_att": [12.207025527954102, 7.719180583953857, 0.00624510645866394], "k_pid_yaw": [0.5, 1e-06, 0.1], "k_pid_hsp": [3.351482391357422, 0.24609404802322388, 0.5707757472991943], "k_pid_vsp": [394.25811767578125, 98.83253479003906, 68.17446899414062]}, "datetime": {"datetime": "2025-08-20 12:31:38", "elapsed": 2353.1439414024353, "delta": 21.328110456466675}, "costs": {"total_cost": 838.0682482067341, "time_cost": 150, "final_distance_cost": 77.55517075345271, "oscillation_cost": 299.840642419847, "completition_cost": 222.2222222222222, "overshoot_cost": 51.92706737107837, "power_cost": 21.22975710449219, "noise_cost": 15.293388335641625, "n_waypoints_completed": 7, "tot_waypoints": 9}}
{"target": -1389.6601260203965, "params": {"k_pid_pos": [1.3817527294158936, 0.9925518035888672, 0.0002792179584503174], "k_pid_alt": [0.043403804302215576, 0.2854892611503601, 0.36550289392471313], "k_pid_att": [78.76577758789062, 5.044538974761963, 0.047901690006256104], "k_pid_yaw": [0.5, 1e-06, 0.1], "k_pid_hsp": [1.9239717721939087, 0.7799053192138672, 0.38373053073883057], "k_pid_vsp": [400.0, 390.33270263671875, 45.44664764404297]}, "datetime": {"datetime": "2025-08-20 12:32:00", "elapsed": 2374.9024353027344, "delta": 21.758493900299072}, "costs": {"total_cost": 1389.6601260203965, "time_cost": 150, "final_distance_cost": 42.77619638400794, "oscillation_cost": 115.05043972955548, "completition_cost": 1000.0, "overshoot_cost": 43.69146052514266, "power_cost": 22.034003759765625, "noise_cost": 16.108025621924682, "n_waypoints_completed": 0, "tot_waypoints": 9}}
{"target": -1109.6914063590668, "params": {"k_pid_pos": [0.07195624709129333, 0.9818980097770691, 7.838010787963867e-06], "k_pid_alt": [1.109494686126709, 0.014025330543518066, 0.16965004801750183], "k_pid_att": [29.126649856567383, 5.085290431976318, 0.8381593227386475], "k_pid_yaw": [0.5, 1e-06, 0.1], "k_pid_hsp": [1.837156057357788, 0.9877612590789795, 0.5342341065406799], "k_pid_vsp": [281.2113037109375, 219.91073608398438, 266.9899597167969]}, "datetime": {"datetime": "2025-08-20 12:32:22", "elapsed": 2396.509808778763, "delta": 21.607373476028442}, "costs": {"total_cost": 1109.6914063590668, "time_cost": 150, "final_distance_cost": 53.99745778163256, "oscillation_cost": 131.45442092569238, "completition_cost": 666.6666666666667, "overshoot_cost": 72.08177861751462, "power_cost": 20.441982421875, "noise_cost": 15.049099945685326, "n_waypoints_completed": 3, "tot_waypoints": 9}}
{"target": -1093.291679332482, "params": {"k_pid_pos": [1.2864763736724854, 0.908444881439209, 1.0], "k_pid_alt": [0.915590226650238, 0.6007248759269714, 0.7561709880828857], "k_pid_att": [37.5809326171875, 4.657472133636475, 0.7894496321678162], "k_pid_yaw": [0.5, 1e-06, 0.1], "k_pid_hsp": [5.415301322937012, 0.960491955280304, 0.7249265909194946], "k_pid_vsp": [399.9992370605469, 330.9119567871094, 338.07281494140625]}, "datetime": {"datetime": "2025-08-20 12:32:43", "elapsed": 2417.945939540863, "delta": 21.43613076210022}, "costs": {"total_cost": 1093.291679332482, "time_cost": 150, "final_distance_cost": 49.51179414067493, "oscillation_cost": 248.58683611835397, "completition_cost": 555.5555555555555, "overshoot_cost": 51.25261308530706, "power_cost": 21.634052893066407, "noise_cost": 16.750827539524067, "n_waypoints_completed": 4, "tot_waypoints": 9}}
{"target": -1046.9690596008788, "params": {"k_pid_pos": [0.4119647145271301, 0.03284859657287598, 0.9090352654457092], "k_pid_alt": [0.24626481533050537, 0.9345649480819702, 0.03895947337150574], "k_pid_att": [10.038291931152344, 9.327566146850586, 0.03667628765106201], "k_pid_yaw": [0.5, 1e-06, 0.1], "k_pid_hsp": [8.362504959106445, 0.8725258111953735, 0.8688802719116211], "k_pid_vsp": [399.758056640625, 387.7358093261719, 160.16342163085938]}, "datetime": {"datetime": "2025-08-20 12:33:05", "elapsed": 2439.7160556316376, "delta": 21.770116090774536}, "costs": {"total_cost": 1046.9690596008788, "time_cost": 150, "final_distance_cost": 44.473849167661186, "oscillation_cost": 319.91696711612286, "completition_cost": 444.4444444444444, "overshoot_cost": 56.36202319233795, "power_cost": 17.745753186035156, "noise_cost": 14.026022494277443, "n_waypoints_completed": 5, "tot_waypoints": 9}}
{"target": -895.6325873811079, "params": {"k_pid_pos": [1.1474295854568481, 0.9338916540145874, 1.0], "k_pid_alt": [1.7777472734451294, 0.6228939890861511, 0.6841223835945129], "k_pid_att": [84.69171142578125, 7.333436489105225, 0.00580558180809021], "k_pid_yaw": [0.5, 1e-06, 0.1], "k_pid_hsp": [4.008502960205078, 0.772339940071106, 0.4833120107650757], "k_pid_vsp": [0.09195804595947266, 370.9630432128906, 132.7452850341797]}, "datetime": {"datetime": "2025-08-20 12:33:26", "elapsed": 2461.2992935180664, "delta": 21.583237886428833}, "costs": {"total_cost": 895.6325873811079, "time_cost": 150, "final_distance_cost": 70.45113142843826, "oscillation_cost": 253.24363069165804, "completition_cost": 333.33333333333337, "overshoot_cost": 46.91377816432244, "power_cost": 23.362459887695312, "noise_cost": 18.328253875660447, "n_waypoints_completed": 6, "tot_waypoints": 9}}
{"target": -1156.2236425880158, "params": {"k_pid_pos": [0.43719398975372314, 0.16114294528961182, 0.07744613289833069], "k_pid_alt": [1.7340854406356812, 0.35914933681488037, 0.9795341491699219], "k_pid_att": [3.262648105621338, 9.73103141784668, 0.37624719738960266], "k_pid_yaw": [0.5, 1e-06, 0.1], "k_pid_hsp": [8.5518217086792, 0.1550104022026062, 0.7573100924491882], "k_pid_vsp": [399.1151123046875, 153.59222412109375, 240.41500854492188]}, "datetime": {"datetime": "2025-08-20 12:33:48", "elapsed": 2482.816836833954, "delta": 21.51754331588745}, "costs": {"total_cost": 1156.2236425880158, "time_cost": 150, "final_distance_cost": 47.3206078694829, "oscillation_cost": 311.64788303392504, "completition_cost": 555.5555555555555, "overshoot_cost": 53.80335689974112, "power_cost": 22.18883602294922, "noise_cost": 15.707403206361743, "n_waypoints_completed": 4, "tot_waypoints": 9}}
{"target": -1287.3579213463888, "params": {"k_pid_pos": [0.13636329770088196, 0.11199989914894104, 0.010294735431671143], "k_pid_alt": [1.7180061340332031, 0.9044583439826965, 0.5534877777099609], "k_pid_att": [76.760498046875, 8.019490242004395, 0.4260041117668152], "k_pid_yaw": [0.5, 1e-06, 0.1], "k_pid_hsp": [9.014484405517578, 0.5639238953590393, 0.118703693151474], "k_pid_vsp": [114.55315399169922, 362.9557800292969, 231.90719604492188]}, "datetime": {"datetime": "2025-08-20 12:34:09", "elapsed": 2504.1853070259094, "delta": 21.368470191955566}, "costs": {"total_cost": 1287.3579213463888, "time_cost": 150, "final_distance_cost": 51.47413789752086, "oscillation_cost": 321.0920555601309, "completition_cost": 666.6666666666667, "overshoot_cost": 60.03523902565913, "power_cost": 21.226374047851564, "noise_cost": 16.863448148559648, "n_waypoints_completed": 3, "tot_waypoints": 9}}
{"target": -900.8096980383164, "params": {"k_pid_pos": [1.4850448369979858, 0.9797781109809875, 0.0], "k_pid_alt": [1.1278859376907349, 0.04795059561729431, 0.020315021276474], "k_pid_att": [9.344053268432617, 9.857987403869629, 0.6189428567886353], "k_pid_yaw": [0.5, 1e-06, 0.1], "k_pid_hsp": [0.7025572657585144, 0.33102309703826904, 0.8041733503341675], "k_pid_vsp": [400.0, 214.60337829589844, 251.2328643798828]}, "datetime": {"datetime": "2025-08-20 12:34:31", "elapsed": 2526.307471036911, "delta": 22.122164011001587}, "costs": {"total_cost": 900.8096980383164, "time_cost": 150, "final_distance_cost": 38.95293135611708, "oscillation_cost": 151.87760237774373, "completition_cost": 444.4444444444444, "overshoot_cost": 73.72027886680893, "power_cost": 24.62657684326172, "noise_cost": 17.187864149940456, "n_waypoints_completed": 5, "tot_waypoints": 9}}
{"target": -875.0544982499198, "params": {"k_pid_pos": [1.929834008216858, 0.015217632055282593, 0.00010532140731811523], "k_pid_alt": [0.8875675201416016, 0.5856001377105713, 0.13110589981079102], "k_pid_att": [20.062732696533203, 6.838781356811523, 0.8363917469978333], "k_pid_yaw": [0.5, 1e-06, 0.1], "k_pid_hsp": [8.693551063537598, 0.928687572479248, 0.28464752435684204], "k_pid_vsp": [399.9996337890625, 299.9936218261719, 355.2403259277344]}, "datetime": {"datetime": "2025-08-20 12:34:53", "elapsed": 2548.4943437576294, "delta": 22.186872720718384}, "costs": {"total_cost": 875.0544982499198, "time_cost": 150, "final_distance_cost": 68.37668010257633, "oscillation_cost": 230.56825528148752, "completition_cost": 333.33333333333337, "overshoot_cost": 52.173338172623474, "power_cost": 22.94796044921875, "noise_cost": 17.654930910680342, "n_waypoints_completed": 6, "tot_waypoints": 9}}
{"target": -823.6404255939464, "params": {"k_pid_pos": [1.604386806488037, 0.1966267228126526, 5.042552947998047e-05], "k_pid_alt": [0.6285474300384521, 0.40364792943000793, 0.4165975749492645], "k_pid_att": [88.14567565917969, 1.1246075630187988, 0.28212252259254456], "k_pid_yaw": [0.5, 1e-06, 0.1], "k_pid_hsp": [4.294098854064941, 0.7416183352470398, 0.8354337215423584], "k_pid_vsp": [400.0, 148.1783905029297, 45.96681594848633]}, "datetime": {"datetime": "2025-08-20 12:35:15", "elapsed": 2570.123545408249, "delta": 21.629201650619507}, "costs": {"total_cost": 823.6404255939464, "time_cost": 150, "final_distance_cost": 66.48022270308239, "oscillation_cost": 182.0657802992628, "completition_cost": 333.33333333333337, "overshoot_cost": 51.71390259704425, "power_cost": 22.323759326171874, "noise_cost": 17.723427335051756, "n_waypoints_completed": 6, "tot_waypoints": 9}}
{"target": -1339.6512000660014, "params": {"k_pid_pos": [0.5849843621253967, 0.41375574469566345, 4.0143728256225586e-05], "k_pid_alt": [0.45198243856430054, 0.864783525466919, 0.7945768237113953], "k_pid_att": [87.54014587402344, 6.686357498168945, 0.7738803625106812], "k_pid_yaw": [0.5, 1e-06, 0.1], "k_pid_hsp": [2.345444440841675, 0.24406659603118896, 0.9235591292381287], "k_pid_vsp": [368.1726989746094, 135.71218872070312, 345.0667724609375]}, "datetime": {"datetime": "2025-08-20 12:35:37", "elapsed": 2591.601582288742, "delta": 21.478036880493164}, "costs": {"total_cost": 1339.6512000660014, "time_cost": 150, "final_distance_cost": 76.20463499832631, "oscillation_cost": 145.33135462707327, "completition_cost": 888.8888888888888, "overshoot_cost": 42.037909483687066, "power_cost": 21.391630615234376, "noise_cost": 15.796781452791592, "n_waypoints_completed": 1, "tot_waypoints": 9}}
{"target": -809.1237775518352, "params": {"k_pid_pos": [0.6995890736579895, 0.9836834669113159, 0.928519606590271], "k_pid_alt": [1.2591043710708618, 0.28829172253608704, 0.9590973854064941], "k_pid_att": [45.99155807495117, 0.40300190448760986, 0.9129639863967896], "k_pid_yaw": [0.5, 1e-06, 0.1], "k_pid_hsp": [1.6307294368743896, 0.2361409068107605, 0.6653560400009155], "k_pid_vsp": [400.0, 351.10968017578125, 80.67213439941406]}, "datetime": {"datetime": "2025-08-20 12:35:59", "elapsed": 2613.80935382843, "delta": 22.20777153968811}, "costs": {"total_cost": 809.1237775518352, "time_cost": 150, "final_distance_cost": 72.2139324148542, "oscillation_cost": 158.1327438229531, "completition_cost": 333.33333333333337, "overshoot_cost": 58.69316323043942, "power_cost": 21.309874475097658, "noise_cost": 15.440730275157541, "n_waypoints_completed": 6, "tot_waypoints": 9}}
{"target": -636.0760812475999, "params": {"k_pid_pos": [0.638175904750824, 0.8467921018600464, 0.9996836185455322], "k_pid_alt": [1.3776767253875732, 0.02451556921005249, 0.5788722038269043], "k_pid_att": [72.89827728271484, 0.4960521459579468, 0.4237268269062042], "k_pid_yaw": [0.5, 1e-06, 0.1], "k_pid_hsp": [4.286100387573242, 0.1726222038269043, 0.12045401334762573], "k_pid_vsp": [399.9998779296875, 380.79266357421875, 336.7077941894531]}, "datetime": {"datetime": "2025-08-20 12:36:20", "elapsed": 2635.245956659317, "delta": 21.43660283088684}, "costs": {"total_cost": 636.0760812475999, "time_cost": 150, "final_distance_cost": 26.641073353421344, "oscillation_cost": 256.2619455736373, "completition_cost": 111.11111111111116, "overshoot_cost": 54.662341121430636, "power_cost": 21.168595263671875, "noise_cost": 16.231014824327545, "n_waypoints_completed": 8, "tot_waypoints": 9}}
{"target": -1215.5733993213123, "params": {"k_pid_pos": [1.9591816663742065, 0.39112138748168945, 0.0016214549541473389], "k_pid_alt": [1.3424046039581299, 0.38294482231140137, 0.7060829401016235], "k_pid_att": [25.156253814697266, 5.654727935791016, 0.9347923994064331], "k_pid_yaw": [0.5, 1e-06, 0.1], "k_pid_hsp": [6.263684272766113, 0.9864517450332642, 0.01166313886642456], "k_pid_vsp": [0.0005125999450683594, 81.89614868164062, 57.49757385253906]}, "datetime": {"datetime": "2025-08-20 12:36:42", "elapsed": 2656.932810306549, "delta": 21.686853647232056}, "costs": {"total_cost": 1215.5733993213123, "time_cost": 150, "final_distance_cost": 89.37913877693741, "oscillation_cost": 59.84198422246154, "completition_cost": 777.7777777777778, "overshoot_cost": 87.74234033901398, "power_cost": 21.245964770507815, "noise_cost": 29.586193434614, "n_waypoints_completed": 2, "tot_waypoints": 9}}
{"target": -964.7144636670405, "params": {"k_pid_pos": [0.3802059590816498, 0.07584556937217712, 0.9999678134918213], "k_pid_alt": [0.46360868215560913, 0.5376010537147522, 0.6812229752540588], "k_pid_att": [22.568326950073242, 4.03153657913208, 0.7734470963478088], "k_pid_yaw": [0.5, 1e-06, 0.1], "k_pid_hsp": [9.960205078125, 0.013277024030685425, 0.08780521154403687], "k_pid_vsp": [399.1299133300781, 304.38232421875, 190.0528106689453]}, "datetime": {"datetime": "2025-08-20 12:37:05", "elapsed": 2679.6831963062286, "delta": 22.750385999679565}, "costs": {"total_cost": 964.7144636670405, "time_cost": 150, "final_distance_cost": 60.22826050734613, "oscillation_cost": 326.92283896346055, "completition_cost": 333.33333333333337, "overshoot_cost": 56.32314354371152, "power_cost": 21.148096948242188, "noise_cost": 16.7587903709468, "n_waypoints_completed": 6, "tot_waypoints": 9}}
