{"target": -925.240373202132, "params": {"k_pid_pos": [0.3549177646636963, 0.13479489088058472, 0.9991164207458496], "k_pid_alt": [0.281846284866333, 0.05248647928237915, 0.2383970022201538], "k_pid_att": [4.088082790374756, 9.403852462768555, 0.35057398676872253], "k_pid_yaw": [0.5, 1e-06, 0.1], "k_pid_hsp": [1.4570542573928833, 0.9402971267700195, 0.0870201587677002], "k_pid_vsp": [400.0, 307.745849609375, 66.65449523925781]}, "datetime": {"datetime": "2025-08-20 12:54:40", "elapsed": 3734.5629436969757, "delta": 21.598419904708862}, "costs": {"total_cost": 925.240373202132, "time_cost": 150, "final_distance_cost": 46.93291553941597, "oscillation_cost": 93.14506937625549, "completition_cost": 555.5555555555555, "overshoot_cost": 43.84059333167169, "power_cost": 20.708976306152344, "noise_cost": 15.057263093080966, "n_waypoints_completed": 4, "tot_waypoints": 9}}
{"target": -1056.1422591521539, "params": {"k_pid_pos": [0.6103408336639404, 0.8419523239135742, 0.00013571977615356445], "k_pid_alt": [0.08569216728210449, 0.04081451892852783, 0.7863448858261108], "k_pid_att": [24.459049224853516, 6.74876070022583, 0.6634458899497986], "k_pid_yaw": [0.5, 1e-06, 0.1], "k_pid_hsp": [2.132457733154297, 0.9550425410270691, 0.13614052534103394], "k_pid_vsp": [0.025331974029541016, 378.9436950683594, 95.94633483886719]}, "datetime": {"datetime": "2025-08-20 12:55:01", "elapsed": 3756.268122434616, "delta": 21.70517873764038}, "costs": {"total_cost": 1056.1422591521539, "time_cost": 150, "final_distance_cost": 66.87471750537163, "oscillation_cost": 82.01156412996892, "completition_cost": 666.6666666666667, "overshoot_cost": 52.931672605121946, "power_cost": 21.884125903320314, "noise_cost": 15.773512341704219, "n_waypoints_completed": 3, "tot_waypoints": 9}}
{"target": -623.8880660204882, "params": {"k_pid_pos": [1.4127568006515503, 0.5165534019470215, 0.0001271069049835205], "k_pid_alt": [1.4879159927368164, 0.16656816005706787, 0.6876131296157837], "k_pid_att": [93.8064193725586, 3.3054299354553223, 0.9431320428848267], "k_pid_yaw": [0.5, 1e-06, 0.1], "k_pid_hsp": [5.621666431427002, 0.7082352042198181, 0.8485584259033203], "k_pid_vsp": [400.0, 379.63909912109375, 358.78704833984375]}, "datetime": {"datetime": "2025-08-20 12:55:23", "elapsed": 3778.2913551330566, "delta": 22.02323269844055}, "costs": {"total_cost": 623.8880660204882, "time_cost": 150, "final_distance_cost": 66.47373620397785, "oscillation_cost": 202.66344405971677, "completition_cost": 111.11111111111116, "overshoot_cost": 55.483243317526465, "power_cost": 22.139876733398438, "noise_cost": 16.016654594757526, "n_waypoints_completed": 8, "tot_waypoints": 9}}
{"target": -1037.1683131198574, "params": {"k_pid_pos": [1.8425242900848389, 0.6126900315284729, 0.0], "k_pid_alt": [0.8881217241287231, 0.38616499304771423, 0.7789426445960999], "k_pid_att": [79.4377212524414, 7.164267063140869, 0.4820479154586792], "k_pid_yaw": [0.5, 1e-06, 0.1], "k_pid_hsp": [6.1329193115234375, 0.810539186000824, 0.014949530363082886], "k_pid_vsp": [400.0, 385.97747802734375, 389.1867980957031]}, "datetime": {"datetime": "2025-08-20 12:55:46", "elapsed": 3800.6870288848877, "delta": 22.395673751831055}, "costs": {"total_cost": 1037.1683131198574, "time_cost": 150, "final_distance_cost": 57.77777635885502, "oscillation_cost": 68.42522616495997, "completition_cost": 666.6666666666667, "overshoot_cost": 55.59473626577192, "power_cost": 22.532974816894534, "noise_cost": 16.170932846709256, "n_waypoints_completed": 3, "tot_waypoints": 9}}
{"target": -1548.4724319660472, "params": {"k_pid_pos": [0.491890549659729, 0.7437405586242676, 0.9530636072158813], "k_pid_alt": [0.13485217094421387, 0.823689341545105, 0.8856621980667114], "k_pid_att": [59.67658233642578, 0.6478797793388367, 0.8323882818222046], "k_pid_yaw": [0.5, 1e-06, 0.1], "k_pid_hsp": [0.6259851455688477, 0.49107232689857483, 0.7301079630851746], "k_pid_vsp": [395.6346435546875, 389.9105224609375, 280.1761169433594]}, "datetime": {"datetime": "2025-08-20 12:56:08", "elapsed": 3822.4982645511627, "delta": 21.811235666275024}, "costs": {"total_cost": 1548.4724319660472, "time_cost": 150, "final_distance_cost": 61.61748760676031, "oscillation_cost": 356.1230892461408, "completition_cost": 888.8888888888888, "overshoot_cost": 55.3051615182037, "power_cost": 20.765256640625, "noise_cost": 15.772548065428833, "n_waypoints_completed": 1, "tot_waypoints": 9}}
{"target": -993.0820201305435, "params": {"k_pid_pos": [0.3681916296482086, 0.5951898097991943, 0.0010634958744049072], "k_pid_alt": [0.641315221786499, 0.035566866397857666, 0.7555832266807556], "k_pid_att": [85.81519317626953, 7.954827785491943, 0.18514448404312134], "k_pid_yaw": [0.5, 1e-06, 0.1], "k_pid_hsp": [7.589052677154541, 0.975975751876831, 0.17154458165168762], "k_pid_vsp": [399.9997863769531, 388.42181396484375, 140.43138122558594]}, "datetime": {"datetime": "2025-08-20 12:56:29", "elapsed": 3844.091256380081, "delta": 21.592991828918457}, "costs": {"total_cost": 993.0820201305435, "time_cost": 150, "final_distance_cost": 50.40410483075792, "oscillation_cost": 272.71786380791264, "completition_cost": 444.4444444444444, "overshoot_cost": 39.27934249505528, "power_cost": 20.51002713623047, "noise_cost": 15.72623741614274, "n_waypoints_completed": 5, "tot_waypoints": 9}}
{"target": -1010.0607315111808, "params": {"k_pid_pos": [1.9544737339019775, 0.9287951588630676, 0.9999909996986389], "k_pid_alt": [0.30292195081710815, 0.10552927851676941, 0.9307054281234741], "k_pid_att": [95.16413116455078, 0.4836229383945465, 0.988457977771759], "k_pid_yaw": [0.5, 1e-06, 0.1], "k_pid_hsp": [0.64252108335495, 0.9904969334602356, 0.5237097144126892], "k_pid_vsp": [142.3049774169922, 384.6807556152344, 211.10203552246094]}, "datetime": {"datetime": "2025-08-20 12:56:51", "elapsed": 3865.743113040924, "delta": 21.651856660842896}, "costs": {"total_cost": 1010.0607315111808, "time_cost": 150, "final_distance_cost": 66.98329065144205, "oscillation_cost": 128.97255718511687, "completition_cost": 555.5555555555555, "overshoot_cost": 69.59503260341039, "power_cost": 22.651072131347657, "noise_cost": 16.303223384308357, "n_waypoints_completed": 4, "tot_waypoints": 9}}
{"target": -780.199383730713, "params": {"k_pid_pos": [1.8336796760559082, 0.7095179557800293, 0.9999996423721313], "k_pid_alt": [0.9980365633964539, 0.6229316592216492, 0.9748039245605469], "k_pid_att": [94.87561798095703, 3.4064204692840576, 0.9385144710540771], "k_pid_yaw": [0.5, 1e-06, 0.1], "k_pid_hsp": [5.0056681632995605, 0.5819535255432129, 0.7881942987442017], "k_pid_vsp": [399.9998474121094, 69.11561584472656, 121.51541900634766]}, "datetime": {"datetime": "2025-08-20 12:57:13", "elapsed": 3888.1514942646027, "delta": 22.40838122367859}, "costs": {"total_cost": 780.199383730713, "time_cost": 150, "final_distance_cost": 69.765545663006, "oscillation_cost": 244.2842556035405, "completition_cost": 222.2222222222222, "overshoot_cost": 53.798716045208856, "power_cost": 23.378297534179687, "noise_cost": 16.750346662555756, "n_waypoints_completed": 7, "tot_waypoints": 9}}
{"target": -383.3221360904661, "params": {"k_pid_pos": [1.6138416528701782, 0.1506785750389099, 0.9999994039535522], "k_pid_alt": [1.4488335847854614, 0.024291634559631348, 0.9611561298370361], "k_pid_att": [30.225223541259766, 1.136114478111267, 0.602448582649231], "k_pid_yaw": [0.5, 1e-06, 0.1], "k_pid_hsp": [4.0656938552856445, 0.24033111333847046, 0.5211129784584045], "k_pid_vsp": [399.540283203125, 279.4040832519531, 169.72537231445312]}, "datetime": {"datetime": "2025-08-20 12:57:31", "elapsed": 3905.706757545471, "delta": 17.55526328086853}, "costs": {"total_cost": 383.3221360904661, "time_cost": 81.16, "final_distance_cost": 1.7970755231245872, "oscillation_cost": 216.12462977735916, "completition_cost": 0.0, "overshoot_cost": 54.1886721244176, "power_cost": 16.91181453857422, "noise_cost": 13.139944126990503, "n_waypoints_completed": 9, "tot_waypoints": 9}}
{"target": -1036.930412124528, "params": {"k_pid_pos": [1.054112434387207, 0.8495991826057434, 0.9969843626022339], "k_pid_alt": [0.32502782344818115, 0.27787458896636963, 0.14531540870666504], "k_pid_att": [98.11023712158203, 1.8717148303985596, 0.14348828792572021], "k_pid_yaw": [0.5, 1e-06, 0.1], "k_pid_hsp": [2.103144645690918, 0.8644313216209412, 0.657303512096405], "k_pid_vsp": [71.1100082397461, 350.41748046875, 20.998193740844727]}, "datetime": {"datetime": "2025-08-20 12:57:53", "elapsed": 3927.5021800994873, "delta": 21.795422554016113}, "costs": {"total_cost": 1036.930412124528, "time_cost": 150, "final_distance_cost": 46.852522676278156, "oscillation_cost": 194.21825459444182, "completition_cost": 555.5555555555555, "overshoot_cost": 50.82809913634722, "power_cost": 21.584782006835937, "noise_cost": 17.891198155069382, "n_waypoints_completed": 4, "tot_waypoints": 9}}
{"target": -560.7494114787677, "params": {"k_pid_pos": [1.6815519332885742, 0.602489173412323, 0.0], "k_pid_alt": [0.7561829090118408, 0.357390820980072, 0.590247392654419], "k_pid_att": [67.22415924072266, 1.1375043392181396, 0.4210534691810608], "k_pid_yaw": [0.5, 1e-06, 0.1], "k_pid_hsp": [1.1814560890197754, 0.32849839329719543, 0.10253015160560608], "k_pid_vsp": [399.9805908203125, 366.5834045410156, 40.30234909057617]}, "datetime": {"datetime": "2025-08-20 12:58:14", "elapsed": 3949.14009642601, "delta": 21.637916326522827}, "costs": {"total_cost": 560.7494114787677, "time_cost": 150, "final_distance_cost": 65.48338794675998, "oscillation_cost": 133.94929850066904, "completition_cost": 111.11111111111116, "overshoot_cost": 59.22974789933363, "power_cost": 23.46306766357422, "noise_cost": 17.512798357319767, "n_waypoints_completed": 8, "tot_waypoints": 9}}
{"target": -1266.6439471875567, "params": {"k_pid_pos": [0.21757759153842926, 0.30036842823028564, 0.26163262128829956], "k_pid_alt": [0.6034778356552124, 0.4723495841026306, 0.738660454750061], "k_pid_att": [82.69931030273438, 2.280017852783203, 0.7323771119117737], "k_pid_yaw": [0.5, 1e-06, 0.1], "k_pid_hsp": [0.4399447739124298, 0.9787725210189819, 0.6807908415794373], "k_pid_vsp": [400.0, 341.14642333984375, 71.31993865966797]}, "datetime": {"datetime": "2025-08-20 12:58:36", "elapsed": 3970.920484304428, "delta": 21.78038787841797}, "costs": {"total_cost": 1266.6439471875567, "time_cost": 150, "final_distance_cost": 49.67756221826734, "oscillation_cost": 304.0364769824833, "completition_cost": 666.6666666666667, "overshoot_cost": 57.103123409449175, "power_cost": 21.545911450195312, "noise_cost": 17.614206460494813, "n_waypoints_completed": 3, "tot_waypoints": 9}}
{"target": -1210.482796060539, "params": {"k_pid_pos": [1.4223593473434448, 0.029018163681030273, 0.0], "k_pid_alt": [0.4191722869873047, 0.06167289614677429, 0.948713481426239], "k_pid_att": [32.35769271850586, 0.812258243560791, 0.9405370950698853], "k_pid_yaw": [0.5, 1e-06, 0.1], "k_pid_hsp": [1.7115980386734009, 0.8091176748275757, 0.038027435541152954], "k_pid_vsp": [1.0664701461791992, 216.44692993164062, 186.83460998535156]}, "datetime": {"datetime": "2025-08-20 12:58:59", "elapsed": 3993.816821575165, "delta": 22.896337270736694}, "costs": {"total_cost": 1210.482796060539, "time_cost": 150, "final_distance_cost": 71.3275103307382, "oscillation_cost": 61.91795062477715, "completition_cost": 777.7777777777778, "overshoot_cost": 90.64135248028931, "power_cost": 28.745281079101563, "noise_cost": 30.072923767855176, "n_waypoints_completed": 2, "tot_waypoints": 9}}
{"target": -1463.1992908421405, "params": {"k_pid_pos": [0.41310280561447144, 0.7569969892501831, 2.9802322387695312e-08], "k_pid_alt": [1.0321921110153198, 0.26934170722961426, 0.23103153705596924], "k_pid_att": [18.585609436035156, 2.192983388900757, 0.8954453468322754], "k_pid_yaw": [0.5, 1e-06, 0.1], "k_pid_hsp": [4.9100565910339355, 0.9044913053512573, 0.2649646997451782], "k_pid_vsp": [66.14916229248047, 388.4100646972656, 278.6675720214844]}, "datetime": {"datetime": "2025-08-20 12:59:21", "elapsed": 4015.6175050735474, "delta": 21.80068349838257}, "costs": {"total_cost": 1463.1992908421405, "time_cost": 150, "final_distance_cost": 11.148761699856644, "oscillation_cost": 71.51631051020695, "completition_cost": 1000.0, "overshoot_cost": 137.40928856993023, "power_cost": 22.05912224121094, "noise_cost": 71.0658078209361, "n_waypoints_completed": 0, "tot_waypoints": 9}}
{"target": -536.4472193025465, "params": {"k_pid_pos": [1.2215501070022583, 0.6291952133178711, 0.01894664764404297], "k_pid_alt": [0.6428154706954956, 0.022946149110794067, 0.5791535973548889], "k_pid_att": [97.7254409790039, 6.7752556800842285, 0.10985630750656128], "k_pid_yaw": [0.5, 1e-06, 0.1], "k_pid_hsp": [3.4694032669067383, 0.7815693020820618, 0.5060623288154602], "k_pid_vsp": [392.4076232910156, 243.467041015625, 121.66381072998047]}, "datetime": {"datetime": "2025-08-20 12:59:42", "elapsed": 4036.978305578232, "delta": 21.36080050468445}, "costs": {"total_cost": 536.4472193025465, "time_cost": 150, "final_distance_cost": 6.052743676513384, "oscillation_cost": 156.53656471021353, "completition_cost": 111.11111111111116, "overshoot_cost": 71.47389029265089, "power_cost": 23.383577441406253, "noise_cost": 17.889332070651353, "n_waypoints_completed": 8, "tot_waypoints": 9}}
{"target": -965.9981486054858, "params": {"k_pid_pos": [1.861121654510498, 0.39029306173324585, 0.09091681241989136], "k_pid_alt": [0.1129922866821289, 0.6220347881317139, 0.3539251685142517], "k_pid_att": [89.66883850097656, 0.5830734968185425, 0.4031063914299011], "k_pid_yaw": [0.5, 1e-06, 0.1], "k_pid_hsp": [5.832562446594238, 0.24476590752601624, 0.19275668263435364], "k_pid_vsp": [399.9907531738281, 384.6262512207031, 31.03554344177246]}, "datetime": {"datetime": "2025-08-20 13:00:04", "elapsed": 4058.8419930934906, "delta": 21.86368751525879}, "costs": {"total_cost": 965.9981486054858, "time_cost": 150, "final_distance_cost": 49.25110958757934, "oscillation_cost": 230.9464645444688, "completition_cost": 444.4444444444444, "overshoot_cost": 53.59752366937436, "power_cost": 20.869639855957033, "noise_cost": 16.888966503661834, "n_waypoints_completed": 5, "tot_waypoints": 9}}
{"target": -905.4744586192725, "params": {"k_pid_pos": [0.7792260050773621, 0.1831321120262146, 0.0], "k_pid_alt": [0.13959050178527832, 0.03218540549278259, 0.6387925148010254], "k_pid_att": [84.22754669189453, 0.9604446291923523, 0.964969277381897], "k_pid_yaw": [0.5, 1e-06, 0.1], "k_pid_hsp": [4.4718403816223145, 0.9026880860328674, 0.48676827549934387], "k_pid_vsp": [400.0, 259.8699645996094, 211.09716796875]}, "datetime": {"datetime": "2025-08-20 13:00:25", "elapsed": 4080.266122817993, "delta": 21.424129724502563}, "costs": {"total_cost": 905.4744586192725, "time_cost": 150, "final_distance_cost": 70.58932684054574, "oscillation_cost": 264.44420677863667, "completition_cost": 333.33333333333337, "overshoot_cost": 48.473421973634984, "power_cost": 22.25478837890625, "noise_cost": 16.37938131421542, "n_waypoints_completed": 6, "tot_waypoints": 9}}
{"target": -369.8920075827215, "params": {"k_pid_pos": [1.5807164907455444, 0.20107769966125488, 4.157423973083496e-05], "k_pid_alt": [1.7995809316635132, 0.3175642490386963, 0.8727445006370544], "k_pid_att": [79.50191497802734, 1.4150172472000122, 0.3962104618549347], "k_pid_yaw": [0.5, 1e-06, 0.1], "k_pid_hsp": [2.277738332748413, 0.9948626756668091, 0.11081761121749878], "k_pid_vsp": [0.1930713653564453, 380.98748779296875, 78.1677017211914]}, "datetime": {"datetime": "2025-08-20 13:00:46", "elapsed": 4101.153816699982, "delta": 20.887693881988525}, "costs": {"total_cost": 369.8920075827215, "time_cost": 97.528, "final_distance_cost": 1.7478756056684512, "oscillation_cost": 177.4129263054057, "completition_cost": 0.0, "overshoot_cost": 55.56907717317453, "power_cost": 21.58038640136719, "noise_cost": 16.053742097105545, "n_waypoints_completed": 9, "tot_waypoints": 9}}
{"target": -1057.6148244255012, "params": {"k_pid_pos": [1.6108551025390625, 0.9170233011245728, 9.834766387939453e-07], "k_pid_alt": [0.3042182922363281, 0.4363209903240204, 0.4715884327888489], "k_pid_att": [87.50995635986328, 4.832054138183594, 0.9085127711296082], "k_pid_yaw": [0.5, 1e-06, 0.1], "k_pid_hsp": [8.146564483642578, 0.7427691221237183, 0.09932553768157959], "k_pid_vsp": [400.0, 332.88641357421875, 222.220947265625]}, "datetime": {"datetime": "2025-08-20 13:01:08", "elapsed": 4122.945755720139, "delta": 21.79193902015686}, "costs": {"total_cost": 1057.6148244255012, "time_cost": 150, "final_distance_cost": 49.154475189937315, "oscillation_cost": 95.41752085866656, "completition_cost": 666.6666666666667, "overshoot_cost": 55.19246521008529, "power_cost": 23.083768505859375, "noise_cost": 18.099927994285913, "n_waypoints_completed": 3, "tot_waypoints": 9}}
{"target": -883.3162615175618, "params": {"k_pid_pos": [1.0326213836669922, 0.3053398132324219, 0.9971054792404175], "k_pid_alt": [1.6059706211090088, 0.24613022804260254, 0.3587784469127655], "k_pid_att": [77.2267074584961, 2.7283146381378174, 0.6626874804496765], "k_pid_yaw": [0.5, 1e-06, 0.1], "k_pid_hsp": [9.297697067260742, 0.928831160068512, 0.18766844272613525], "k_pid_vsp": [399.8605041503906, 385.7386779785156, 133.7533416748047]}, "datetime": {"datetime": "2025-08-20 13:01:30", "elapsed": 4144.549898386002, "delta": 21.604142665863037}, "costs": {"total_cost": 883.3162615175618, "time_cost": 150, "final_distance_cost": 72.000354092302, "oscillation_cost": 360.57990499189077, "completition_cost": 222.2222222222222, "overshoot_cost": 39.97962374985637, "power_cost": 22.16646033935547, "noise_cost": 16.36769612193491, "n_waypoints_completed": 7, "tot_waypoints": 9}}
{"target": -1047.520668353689, "params": {"k_pid_pos": [1.3960646390914917, 0.4966999888420105, 4.494190216064453e-05], "k_pid_alt": [0.33263659477233887, 0.424182265996933, 0.9880682229995728], "k_pid_att": [7.018857955932617, 1.9702808856964111, 0.870128870010376], "k_pid_yaw": [0.5, 1e-06, 0.1], "k_pid_hsp": [2.721904993057251, 0.9944276809692383, 0.2549716532230377], "k_pid_vsp": [400.0, 258.2044677734375, 156.52664184570312]}, "datetime": {"datetime": "2025-08-20 13:01:51", "elapsed": 4166.229698419571, "delta": 21.679800033569336}, "costs": {"total_cost": 1047.520668353689, "time_cost": 150, "final_distance_cost": 52.95999326011366, "oscillation_cost": 91.05321955732221, "completition_cost": 666.6666666666667, "overshoot_cost": 44.89316201897235, "power_cost": 23.684256103515626, "noise_cost": 18.263370747098246, "n_waypoints_completed": 3, "tot_waypoints": 9}}
{"target": -299.7210973009616, "params": {"k_pid_pos": [1.2730993032455444, 0.2291383445262909, 9.122490882873535e-05], "k_pid_alt": [1.3946058750152588, 0.3508315682411194, 0.4662094712257385], "k_pid_att": [80.89814758300781, 2.3915939331054688, 0.34494924545288086], "k_pid_yaw": [0.5, 1e-06, 0.1], "k_pid_hsp": [8.998477935791016, 0.9242774248123169, 0.030752032995224], "k_pid_vsp": [359.81878662109375, 310.32366943359375, 372.8437805175781]}, "datetime": {"datetime": "2025-08-20 13:02:12", "elapsed": 4186.812253713608, "delta": 20.582555294036865}, "costs": {"total_cost": 299.7210973009616, "time_cost": 94.048, "final_distance_cost": 1.7923620829766072, "oscillation_cost": 109.97365111827413, "completition_cost": 0.0, "overshoot_cost": 63.65115007920554, "power_cost": 16.60599426269531, "noise_cost": 13.649939757809989, "n_waypoints_completed": 9, "tot_waypoints": 9}}
{"target": -613.1032649499558, "params": {"k_pid_pos": [1.7514370679855347, 0.2919296622276306, 0.9999996423721313], "k_pid_alt": [0.8405258655548096, 0.3208501935005188, 0.9115879535675049], "k_pid_att": [68.57774353027344, 0.29485899209976196, 0.982100248336792], "k_pid_yaw": [0.5, 1e-06, 0.1], "k_pid_hsp": [4.265275955200195, 0.8596823811531067, 0.2930811941623688], "k_pid_vsp": [400.0, 307.36370849609375, 225.06179809570312]}, "datetime": {"datetime": "2025-08-20 13:02:34", "elapsed": 4208.84099817276, "delta": 22.02874445915222}, "costs": {"total_cost": 613.1032649499558, "time_cost": 150, "final_distance_cost": 14.808598470296385, "oscillation_cost": 245.15305405235875, "completition_cost": 111.11111111111116, "overshoot_cost": 55.515100202169414, "power_cost": 20.876100952148438, "noise_cost": 15.639300161871649, "n_waypoints_completed": 8, "tot_waypoints": 9}}
{"target": -330.74947638940506, "params": {"k_pid_pos": [1.9708940982818604, 0.5818809270858765, 9.453296661376953e-05], "k_pid_alt": [0.560532808303833, 0.006428182125091553, 0.37836754322052], "k_pid_att": [47.15962600708008, 2.7872114181518555, 0.13627886772155762], "k_pid_yaw": [0.5, 1e-06, 0.1], "k_pid_hsp": [2.9986319541931152, 0.9150424003601074, 0.3089941740036011], "k_pid_vsp": [400.0, 366.048583984375, 34.5789909362793]}, "datetime": {"datetime": "2025-08-20 13:02:55", "elapsed": 4229.532867908478, "delta": 20.691869735717773}, "costs": {"total_cost": 330.74947638940506, "time_cost": 95.888, "final_distance_cost": 1.7264126957362924, "oscillation_cost": 139.210623730413, "completition_cost": 0.0, "overshoot_cost": 54.24219098413619, "power_cost": 22.47856871337891, "noise_cost": 17.203680265740694, "n_waypoints_completed": 9, "tot_waypoints": 9}}
