{"target": -841.982510984686, "params": {"k_pid_pos": [0.8869138360023499, 0.8020098209381104, 0.12355536222457886], "k_pid_alt": [1.0433378219604492, 0.025851428508758545, 0.8224596977233887], "k_pid_att": [93.54766845703125, 3.0061657428741455, 0.4451919496059418], "k_pid_yaw": [0.5, 1e-06, 0.1], "k_pid_hsp": [5.90179443359375, 0.42907196283340454, 0.5080074071884155], "k_pid_vsp": [367.7133483886719, 204.82388305664062, 364.4371643066406]}, "datetime": {"datetime": "2025-08-20 12:46:05", "elapsed": 3219.769516468048, "delta": 21.780386447906494}, "costs": {"total_cost": 841.982510984686, "time_cost": 150, "final_distance_cost": 75.12064264592884, "oscillation_cost": 180.64936122171528, "completition_cost": 333.33333333333337, "overshoot_cost": 62.79340573059948, "power_cost": 23.392712048339845, "noise_cost": 16.69305600476911, "n_waypoints_completed": 6, "tot_waypoints": 9}}
{"target": -346.7443592020321, "params": {"k_pid_pos": [1.0631951093673706, 0.2899933159351349, 0.03770139813423157], "k_pid_alt": [0.7965970039367676, 0.1944069266319275, 0.8378028869628906], "k_pid_att": [45.594810485839844, 1.8254048824310303, 0.7489445209503174], "k_pid_yaw": [0.5, 1e-06, 0.1], "k_pid_hsp": [5.598747730255127, 0.44493958353996277, 0.23167362809181213], "k_pid_vsp": [400.0, 137.50021362304688, 96.8816146850586]}, "datetime": {"datetime": "2025-08-20 12:46:23", "elapsed": 3238.4399728775024, "delta": 18.670456409454346}, "costs": {"total_cost": 346.7443592020321, "time_cost": 86.4, "final_distance_cost": 1.7669056002654016, "oscillation_cost": 175.09326637854522, "completition_cost": 0.0, "overshoot_cost": 52.48940548740691, "power_cost": 17.501763891601563, "noise_cost": 13.49301784421307, "n_waypoints_completed": 9, "tot_waypoints": 9}}
{"target": -1333.759000773558, "params": {"k_pid_pos": [0.19178885221481323, 0.7156975269317627, 0.993475079536438], "k_pid_alt": [0.9814536571502686, 0.008727490901947021, 0.9127529263496399], "k_pid_att": [63.67166519165039, 5.703922748565674, 0.3981435298919678], "k_pid_yaw": [0.5, 1e-06, 0.1], "k_pid_hsp": [0.7408478260040283, 0.4194070100784302, 0.5356054306030273], "k_pid_vsp": [259.57708740234375, 345.7869567871094, 350.121826171875]}, "datetime": {"datetime": "2025-08-20 12:46:45", "elapsed": 3259.7868773937225, "delta": 21.346904516220093}, "costs": {"total_cost": 1333.759000773558, "time_cost": 150, "final_distance_cost": 47.0937088786659, "oscillation_cost": 366.10325526282656, "completition_cost": 666.6666666666667, "overshoot_cost": 66.11710453815562, "power_cost": 21.315342834472656, "noise_cost": 16.462922592770706, "n_waypoints_completed": 3, "tot_waypoints": 9}}
{"target": -908.6834904294252, "params": {"k_pid_pos": [0.6511459350585938, 0.8139761686325073, 0.995755136013031], "k_pid_alt": [0.856370210647583, 0.05330970883369446, 0.6331679224967957], "k_pid_att": [83.5176010131836, 0.9882189035415649, 0.7366427779197693], "k_pid_yaw": [0.5, 1e-06, 0.1], "k_pid_hsp": [7.493528366088867, 0.23806893825531006, 0.8815502524375916], "k_pid_vsp": [63.67359161376953, 219.08746337890625, 8.544469833374023]}, "datetime": {"datetime": "2025-08-20 12:47:07", "elapsed": 3282.298103570938, "delta": 22.511226177215576}, "costs": {"total_cost": 908.6834904294252, "time_cost": 150, "final_distance_cost": 71.59177843409884, "oscillation_cost": 275.75688690943736, "completition_cost": 333.33333333333337, "overshoot_cost": 40.773690490316376, "power_cost": 20.750881884765626, "noise_cost": 16.476919377473532, "n_waypoints_completed": 6, "tot_waypoints": 9}}
{"target": -1582.1536918428428, "params": {"k_pid_pos": [1.7058223485946655, 0.892014741897583, 1.0], "k_pid_alt": [1.513487696647644, 0.22354751825332642, 0.14470598101615906], "k_pid_att": [25.189668655395508, 9.08045482635498, 0.6238556504249573], "k_pid_yaw": [0.5, 1e-06, 0.1], "k_pid_hsp": [1.9163079261779785, 0.9404290318489075, 0.5982374548912048], "k_pid_vsp": [0.0017642974853515625, 364.331787109375, 375.83782958984375]}, "datetime": {"datetime": "2025-08-20 12:47:29", "elapsed": 3303.645120859146, "delta": 21.347017288208008}, "costs": {"total_cost": 1582.1536918428428, "time_cost": 150, "final_distance_cost": 9.830927833991527, "oscillation_cost": 200.70469043501333, "completition_cost": 1000.0, "overshoot_cost": 135.33042029652313, "power_cost": 22.5314775390625, "noise_cost": 63.7561757382522, "n_waypoints_completed": 0, "tot_waypoints": 9}}
{"target": -1130.816640537457, "params": {"k_pid_pos": [0.24494041502475739, 0.9949136972427368, 5.662441253662109e-07], "k_pid_alt": [0.9831456542015076, 0.7218957543373108, 0.48197540640830994], "k_pid_att": [7.459080219268799, 8.050825119018555, 0.9864978790283203], "k_pid_yaw": [0.5, 1e-06, 0.1], "k_pid_hsp": [0.5956928730010986, 0.4096575975418091, 0.633118212223053], "k_pid_vsp": [136.27001953125, 378.94964599609375, 265.1983642578125]}, "datetime": {"datetime": "2025-08-20 12:47:50", "elapsed": 3325.0553719997406, "delta": 21.410251140594482}, "costs": {"total_cost": 1130.816640537457, "time_cost": 150, "final_distance_cost": 86.0840024172886, "oscillation_cost": 124.92150359540672, "completition_cost": 666.6666666666667, "overshoot_cost": 62.34777268993122, "power_cost": 23.689275012207034, "noise_cost": 17.10742015595676, "n_waypoints_completed": 3, "tot_waypoints": 9}}
{"target": -1462.042339427271, "params": {"k_pid_pos": [0.5599919557571411, 0.9099576473236084, 2.175569534301758e-06], "k_pid_alt": [0.19013279676437378, 0.8607146739959717, 0.20149415731430054], "k_pid_att": [95.2706069946289, 3.368591785430908, 0.6880362629890442], "k_pid_yaw": [0.5, 1e-06, 0.1], "k_pid_hsp": [1.2214536666870117, 0.948930025100708, 0.26135149598121643], "k_pid_vsp": [0.02925395965576172, 145.04800415039062, 307.0601806640625]}, "datetime": {"datetime": "2025-08-20 12:48:13", "elapsed": 3348.228031873703, "delta": 23.172659873962402}, "costs": {"total_cost": 1462.042339427271, "time_cost": 150, "final_distance_cost": 17.026770619970595, "oscillation_cost": 65.54654543224075, "completition_cost": 1000.0, "overshoot_cost": 140.38439448675538, "power_cost": 21.946384411621096, "noise_cost": 67.13824447668318, "n_waypoints_completed": 0, "tot_waypoints": 9}}
{"target": -1110.5703104905683, "params": {"k_pid_pos": [0.07536271959543228, 0.7350243330001831, 0.00025150179862976074], "k_pid_alt": [0.17046916484832764, 0.07796645164489746, 0.4138581156730652], "k_pid_att": [21.520238876342773, 6.369721412658691, 0.9824848175048828], "k_pid_yaw": [0.5, 1e-06, 0.1], "k_pid_hsp": [3.2525906562805176, 0.7446606755256653, 0.8660405278205872], "k_pid_vsp": [204.9645233154297, 351.56719970703125, 48.64752197265625]}, "datetime": {"datetime": "2025-08-20 12:48:39", "elapsed": 3373.7716677188873, "delta": 25.543635845184326}, "costs": {"total_cost": 1110.5703104905683, "time_cost": 150, "final_distance_cost": 54.755139480901114, "oscillation_cost": 137.06763276437675, "completition_cost": 666.6666666666667, "overshoot_cost": 65.92237414670623, "power_cost": 20.810808825683594, "noise_cost": 15.347688606233932, "n_waypoints_completed": 3, "tot_waypoints": 9}}
{"target": -1128.1840722301047, "params": {"k_pid_pos": [0.2034408003091812, 0.9972723722457886, 0.0], "k_pid_alt": [0.7148500680923462, 0.06139343976974487, 0.686752200126648], "k_pid_att": [24.8905029296875, 7.87394905090332, 0.9492298364639282], "k_pid_yaw": [0.5, 1e-06, 0.1], "k_pid_hsp": [1.9330044984817505, 0.48385366797447205, 0.660214364528656], "k_pid_vsp": [398.4485168457031, 115.78534698486328, 121.33860778808594]}, "datetime": {"datetime": "2025-08-20 12:49:02", "elapsed": 3397.0156099796295, "delta": 23.243942260742188}, "costs": {"total_cost": 1128.1840722301047, "time_cost": 150, "final_distance_cost": 50.614561780702424, "oscillation_cost": 142.13645388631548, "completition_cost": 666.6666666666667, "overshoot_cost": 83.26714018879036, "power_cost": 20.668688830566406, "noise_cost": 14.83056087706307, "n_waypoints_completed": 3, "tot_waypoints": 9}}
{"target": -1705.282758242282, "params": {"k_pid_pos": [0.7061381340026855, 0.28991931676864624, 0.9999905824661255], "k_pid_alt": [0.347633421421051, 0.5282010436058044, 0.07681787014007568], "k_pid_att": [9.592753410339355, 4.100048542022705, 0.7910394668579102], "k_pid_yaw": [0.5, 1e-06, 0.1], "k_pid_hsp": [0.5625970959663391, 0.7012066841125488, 0.8668151497840881], "k_pid_vsp": [2.6227235794067383, 127.01685333251953, 308.5050964355469]}, "datetime": {"datetime": "2025-08-20 12:49:23", "elapsed": 3418.466505050659, "delta": 21.450895071029663}, "costs": {"total_cost": 1705.282758242282, "time_cost": 150, "final_distance_cost": 152.88398816270256, "oscillation_cost": 241.3986094498665, "completition_cost": 1000.0, "overshoot_cost": 115.97685597105375, "power_cost": 24.761455920410157, "noise_cost": 20.26184873824897, "n_waypoints_completed": 0, "tot_waypoints": 9}}
{"target": -547.6177780616305, "params": {"k_pid_pos": [0.7233893275260925, 0.6510193943977356, 0.01391550898551941], "k_pid_alt": [0.47296565771102905, 0.026111125946044922, 0.13938087224960327], "k_pid_att": [98.3183822631836, 9.358488082885742, 0.995155930519104], "k_pid_yaw": [0.5, 1e-06, 0.1], "k_pid_hsp": [5.714522361755371, 0.8792714476585388, 0.07879817485809326], "k_pid_vsp": [0.05030632019042969, 353.3016357421875, 31.794179916381836]}, "datetime": {"datetime": "2025-08-20 12:49:45", "elapsed": 3439.955497980118, "delta": 21.488992929458618}, "costs": {"total_cost": 547.6177780616305, "time_cost": 150, "final_distance_cost": 56.8601374009833, "oscillation_cost": 138.5904788190003, "completition_cost": 111.11111111111116, "overshoot_cost": 53.73043188166064, "power_cost": 22.008569580078127, "noise_cost": 15.317049268796932, "n_waypoints_completed": 8, "tot_waypoints": 9}}
{"target": -352.441286598826, "params": {"k_pid_pos": [0.9951253533363342, 0.7280892133712769, 0.08806207776069641], "k_pid_alt": [0.6530271768569946, 0.017256230115890503, 0.2852790355682373], "k_pid_att": [47.094078063964844, 2.39377760887146, 0.8553197383880615], "k_pid_yaw": [0.5, 1e-06, 0.1], "k_pid_hsp": [3.0153422355651855, 0.16694390773773193, 0.5431923866271973], "k_pid_vsp": [399.96441650390625, 271.4764709472656, 100.8055419921875]}, "datetime": {"datetime": "2025-08-20 12:50:06", "elapsed": 3460.742642402649, "delta": 20.787144422531128}, "costs": {"total_cost": 352.441286598826, "time_cost": 95.232, "final_distance_cost": 1.7241617002693284, "oscillation_cost": 142.001610418261, "completition_cost": 0.0, "overshoot_cost": 73.87708151809984, "power_cost": 22.00879385986328, "noise_cost": 17.597639102332625, "n_waypoints_completed": 9, "tot_waypoints": 9}}
{"target": -292.25903167622323, "params": {"k_pid_pos": [1.8886889219284058, 0.1639673113822937, 0.9999998807907104], "k_pid_alt": [0.6641693115234375, 0.058296144008636475, 0.0697074830532074], "k_pid_att": [89.75176239013672, 2.7139456272125244, 0.7694347500801086], "k_pid_yaw": [0.5, 1e-06, 0.1], "k_pid_hsp": [0.5975704193115234, 0.8115321397781372, 0.11630818247795105], "k_pid_vsp": [399.999755859375, 359.99041748046875, 270.322021484375]}, "datetime": {"datetime": "2025-08-20 12:50:23", "elapsed": 3477.60435461998, "delta": 16.861712217330933}, "costs": {"total_cost": 292.25903167622323, "time_cost": 79.616, "final_distance_cost": 1.7363860918135632, "oscillation_cost": 126.47939750247536, "completition_cost": 0.0, "overshoot_cost": 54.43958564634373, "power_cost": 17.253441674804687, "noise_cost": 12.7342207607859, "n_waypoints_completed": 9, "tot_waypoints": 9}}
{"target": -738.6762788521303, "params": {"k_pid_pos": [1.1130629777908325, 0.7230892777442932, 0.011171162128448486], "k_pid_alt": [0.8827835321426392, 0.18027275800704956, 0.6626114845275879], "k_pid_att": [69.22672271728516, 3.426414728164673, 0.9111875891685486], "k_pid_yaw": [0.5, 1e-06, 0.1], "k_pid_hsp": [1.4103386402130127, 0.9912154674530029, 0.24680039286613464], "k_pid_vsp": [399.1337890625, 249.97630310058594, 98.00847625732422]}, "datetime": {"datetime": "2025-08-20 12:50:44", "elapsed": 3499.249287843704, "delta": 21.644933223724365}, "costs": {"total_cost": 738.6762788521303, "time_cost": 150, "final_distance_cost": 65.68508824937858, "oscillation_cost": 96.29624722940788, "completition_cost": 333.33333333333337, "overshoot_cost": 56.017336191302306, "power_cost": 21.618792529296876, "noise_cost": 15.72548131941118, "n_waypoints_completed": 6, "tot_waypoints": 9}}
{"target": -1040.918600583637, "params": {"k_pid_pos": [1.7867718935012817, 0.755141019821167, 0.00014209747314453125], "k_pid_alt": [0.2101646065711975, 0.3475966453552246, 0.9332164525985718], "k_pid_att": [86.52677917480469, 0.6575309038162231, 0.5810565948486328], "k_pid_yaw": [0.5, 1e-06, 0.1], "k_pid_hsp": [1.1489763259887695, 0.7859892249107361, 0.056462645530700684], "k_pid_vsp": [256.4128112792969, 261.1960754394531, 14.776957511901855]}, "datetime": {"datetime": "2025-08-20 12:51:06", "elapsed": 3521.146120071411, "delta": 21.89683222770691}, "costs": {"total_cost": 1040.918600583637, "time_cost": 150, "final_distance_cost": 50.33532985720206, "oscillation_cost": 69.14363010057244, "completition_cost": 666.6666666666667, "overshoot_cost": 65.164002900772, "power_cost": 22.683996520996097, "noise_cost": 16.924974537427648, "n_waypoints_completed": 3, "tot_waypoints": 9}}
{"target": -634.066933155981, "params": {"k_pid_pos": [1.8166054487228394, 0.6881732940673828, 0.10019353032112122], "k_pid_alt": [0.40048444271087646, 0.09026867151260376, 0.4836171269416809], "k_pid_att": [73.76602172851562, 0.6153413653373718, 0.9041879177093506], "k_pid_yaw": [0.5, 1e-06, 0.1], "k_pid_hsp": [3.7952523231506348, 0.6487601399421692, 0.10072967410087585], "k_pid_vsp": [399.99725341796875, 356.2693176269531, 343.5426330566406]}, "datetime": {"datetime": "2025-08-20 12:51:28", "elapsed": 3542.7390928268433, "delta": 21.59297275543213}, "costs": {"total_cost": 634.066933155981, "time_cost": 150, "final_distance_cost": 72.36119217361231, "oscillation_cost": 95.07867784578461, "completition_cost": 222.2222222222222, "overshoot_cost": 57.11366308881, "power_cost": 21.59253828125, "noise_cost": 15.698639544301992, "n_waypoints_completed": 7, "tot_waypoints": 9}}
{"target": -1340.863984718807, "params": {"k_pid_pos": [1.479762077331543, 0.5181434750556946, 0.0], "k_pid_alt": [0.08096009492874146, 0.3049018383026123, 0.8601795434951782], "k_pid_att": [99.37179565429688, 0.42507803440093994, 0.8703124523162842], "k_pid_yaw": [0.5, 1e-06, 0.1], "k_pid_hsp": [2.96144962310791, 0.7101734280586243, 0.13717767596244812], "k_pid_vsp": [0.010216236114501953, 367.54449462890625, 371.4330749511719]}, "datetime": {"datetime": "2025-08-20 12:51:49", "elapsed": 3564.1233394145966, "delta": 21.384246587753296}, "costs": {"total_cost": 1340.863984718807, "time_cost": 150, "final_distance_cost": 74.91199244136385, "oscillation_cost": 206.52784432975827, "completition_cost": 777.7777777777778, "overshoot_cost": 84.83195082250666, "power_cost": 21.401220874023437, "noise_cost": 25.4131984733769, "n_waypoints_completed": 2, "tot_waypoints": 9}}
{"target": -948.6585111226424, "params": {"k_pid_pos": [1.2496730089187622, 0.57618248462677, 0.2453169822692871], "k_pid_alt": [0.29633140563964844, 0.7056127786636353, 0.8886681795120239], "k_pid_att": [66.22469329833984, 8.24945068359375, 0.12202197313308716], "k_pid_yaw": [0.5, 1e-06, 0.1], "k_pid_hsp": [0.15748001635074615, 0.7850261330604553, 0.05889001488685608], "k_pid_vsp": [400.0, 110.07266235351562, 364.77166748046875]}, "datetime": {"datetime": "2025-08-20 12:52:11", "elapsed": 3585.821389198303, "delta": 21.698049783706665}, "costs": {"total_cost": 948.6585111226424, "time_cost": 150, "final_distance_cost": 49.04839023852342, "oscillation_cost": 87.81807031650153, "completition_cost": 555.5555555555555, "overshoot_cost": 65.0992819989566, "power_cost": 23.35351727294922, "noise_cost": 17.783695740156045, "n_waypoints_completed": 4, "tot_waypoints": 9}}
{"target": -733.7699040034836, "params": {"k_pid_pos": [1.0726087093353271, 0.32414186000823975, 0.0005552172660827637], "k_pid_alt": [0.6290939450263977, 0.3293265998363495, 0.8408579230308533], "k_pid_att": [59.98303985595703, 9.526830673217773, 0.757085919380188], "k_pid_yaw": [0.5, 1e-06, 0.1], "k_pid_hsp": [6.469034671783447, 0.8659627437591553, 0.12336763739585876], "k_pid_vsp": [204.58279418945312, 234.85699462890625, 372.23138427734375]}, "datetime": {"datetime": "2025-08-20 12:52:33", "elapsed": 3607.8589828014374, "delta": 22.037593603134155}, "costs": {"total_cost": 733.7699040034836, "time_cost": 150, "final_distance_cost": 74.90903067742335, "oscillation_cost": 184.83396281889526, "completition_cost": 222.2222222222222, "overshoot_cost": 64.76915043342275, "power_cost": 20.27929149169922, "noise_cost": 16.756246359820775, "n_waypoints_completed": 7, "tot_waypoints": 9}}
{"target": -1205.1960420809291, "params": {"k_pid_pos": [0.3993666470050812, 0.3840460777282715, 9.238719940185547e-07], "k_pid_alt": [0.19840824604034424, 0.5697475671768188, 0.6753616333007812], "k_pid_att": [87.90787506103516, 4.1876044273376465, 0.7889246940612793], "k_pid_yaw": [0.5, 1e-06, 0.1], "k_pid_hsp": [2.710587978363037, 0.46858710050582886, 0.25901585817337036], "k_pid_vsp": [2.411532402038574, 314.1245422363281, 62.543357849121094]}, "datetime": {"datetime": "2025-08-20 12:52:54", "elapsed": 3629.2565104961395, "delta": 21.39752769470215}, "costs": {"total_cost": 1205.1960420809291, "time_cost": 150, "final_distance_cost": 49.71531022566247, "oscillation_cost": 251.53550460503, "completition_cost": 666.6666666666667, "overshoot_cost": 47.82105492216478, "power_cost": 22.21238760986328, "noise_cost": 17.2451180515418, "n_waypoints_completed": 3, "tot_waypoints": 9}}
{"target": -971.6289158774426, "params": {"k_pid_pos": [0.7497031092643738, 0.21792083978652954, 0.9996040463447571], "k_pid_alt": [0.9527790546417236, 0.30972516536712646, 0.0877113938331604], "k_pid_att": [89.48694610595703, 0.33355364203453064, 0.9913128614425659], "k_pid_yaw": [0.5, 1e-06, 0.1], "k_pid_hsp": [6.5302276611328125, 0.9187320470809937, 0.6384484767913818], "k_pid_vsp": [0.0, 379.5627136230469, 193.08856201171875]}, "datetime": {"datetime": "2025-08-20 12:53:16", "elapsed": 3650.8224136829376, "delta": 21.565903186798096}, "costs": {"total_cost": 971.6289158774426, "time_cost": 150, "final_distance_cost": 62.50830722288527, "oscillation_cost": 322.86932649876314, "completition_cost": 333.33333333333337, "overshoot_cost": 64.45378180758918, "power_cost": 21.748741015625, "noise_cost": 16.715425999246694, "n_waypoints_completed": 6, "tot_waypoints": 9}}
{"target": -748.5841382286956, "params": {"k_pid_pos": [1.4599260091781616, 0.7088165283203125, 0.0008295178413391113], "k_pid_alt": [0.21261966228485107, 0.046507686376571655, 0.331636905670166], "k_pid_att": [25.688194274902344, 7.239743709564209, 0.24604639410972595], "k_pid_yaw": [0.5, 1e-06, 0.1], "k_pid_hsp": [6.678117275238037, 0.822026789188385, 0.7641813158988953], "k_pid_vsp": [396.1376647949219, 381.497314453125, 186.4709930419922]}, "datetime": {"datetime": "2025-08-20 12:53:37", "elapsed": 3672.2521653175354, "delta": 21.42975163459778}, "costs": {"total_cost": 748.5841382286956, "time_cost": 150, "final_distance_cost": 52.750512622280596, "oscillation_cost": 123.46049792985818, "completition_cost": 333.33333333333337, "overshoot_cost": 48.58892211184847, "power_cost": 23.78619873046875, "noise_cost": 16.664673500906297, "n_waypoints_completed": 6, "tot_waypoints": 9}}
{"target": -1312.4980826503772, "params": {"k_pid_pos": [1.7119096517562866, 0.7269412279129028, 0.9589999914169312], "k_pid_alt": [0.07319748401641846, 0.013510733842849731, 0.8497980237007141], "k_pid_att": [62.78835678100586, 5.022368907928467, 0.8796107172966003], "k_pid_yaw": [0.5, 1e-06, 0.1], "k_pid_hsp": [9.71844482421875, 0.8307148218154907, 0.9282999038696289], "k_pid_vsp": [399.7480773925781, 338.8567810058594, 41.719173431396484]}, "datetime": {"datetime": "2025-08-20 12:53:59", "elapsed": 3694.2021594047546, "delta": 21.94999408721924}, "costs": {"total_cost": 1312.4980826503772, "time_cost": 150, "final_distance_cost": 86.76106752143043, "oscillation_cost": 333.7321240094919, "completition_cost": 666.6666666666667, "overshoot_cost": 37.99616385234323, "power_cost": 21.322627453613283, "noise_cost": 16.0194331468317, "n_waypoints_completed": 3, "tot_waypoints": 9}}
{"target": -406.33006771663923, "params": {"k_pid_pos": [0.8865023255348206, 0.143654465675354, 0.0], "k_pid_alt": [0.7617419958114624, 0.17031580209732056, 0.9533951282501221], "k_pid_att": [65.8127212524414, 1.8247790336608887, 0.1690322458744049], "k_pid_yaw": [0.5, 1e-06, 0.1], "k_pid_hsp": [3.1822657585144043, 0.9756772518157959, 0.05534210801124573], "k_pid_vsp": [400.0, 391.434326171875, 65.90080261230469]}, "datetime": {"datetime": "2025-08-20 12:54:18", "elapsed": 3712.964523792267, "delta": 18.762364387512207}, "costs": {"total_cost": 406.33006771663923, "time_cost": 88.104, "final_distance_cost": 1.7615681375081667, "oscillation_cost": 232.62060977823174, "completition_cost": 0.0, "overshoot_cost": 50.518240627292066, "power_cost": 18.771136181640625, "noise_cost": 14.55451299196663, "n_waypoints_completed": 9, "tot_waypoints": 9}}
