{"target": -213.47878167045332, "params": {"k_pid_pos": [1.9425296783447266, 0.024808526039123535, 0.0], "k_pid_alt": [1.9124850034713745, 0.03514528274536133, 0.9714130759239197], "k_pid_att": [98.02067565917969, 0.04059618338942528, 0.9836598038673401], "k_pid_yaw": [0.5, 1e-06, 0.1], "k_pid_hsp": [9.927857398986816, 0.9880598783493042, 0.012620210647583008], "k_pid_vsp": [399.9663391113281, 394.41717529296875, 21.226932525634766]}, "datetime": {"datetime": "2025-08-20 19:31:42", "elapsed": 27557.130883693695, "delta": 17.245163202285767}, "costs": {"total_cost": 213.47878167045332, "time_cost": 69.64, "final_distance_cost": 1.7397407619952496, "oscillation_cost": 65.04303492357721, "completition_cost": 0.0, "overshoot_cost": 50.27958080285131, "power_cost": 14.993236572265626, "noise_cost": 11.783188609763938, "n_waypoints_completed": 9, "tot_waypoints": 9}}
{"target": -267.5258665572287, "params": {"k_pid_pos": [1.9348100423812866, 0.007996201515197754, 0.0], "k_pid_alt": [1.9679077863693237, 0.11993971467018127, 0.9930956959724426], "k_pid_att": [99.22627258300781, 0.26738688349723816, 0.9526985287666321], "k_pid_yaw": [0.5, 1e-06, 0.1], "k_pid_hsp": [9.501319885253906, 0.9956946969032288, 0.005829572677612305], "k_pid_vsp": [400.0, 376.62664794921875, 21.452035903930664]}, "datetime": {"datetime": "2025-08-20 19:32:04", "elapsed": 27578.6807141304, "delta": 21.549830436706543}, "costs": {"total_cost": 267.5258665572287, "time_cost": 98.968, "final_distance_cost": 1.7735462107284006, "oscillation_cost": 81.43896849423444, "completition_cost": 0.0, "overshoot_cost": 51.69275296642306, "power_cost": 18.936490380859375, "noise_cost": 14.716108504983458, "n_waypoints_completed": 9, "tot_waypoints": 9}}
{"target": -222.3220130063705, "params": {"k_pid_pos": [1.9109994173049927, 0.023066550493240356, 0.0], "k_pid_alt": [1.9782555103302002, 0.03253364562988281, 0.9881287813186646], "k_pid_att": [96.92452239990234, 0.5301024913787842, 0.9568150043487549], "k_pid_yaw": [0.5, 1e-06, 0.1], "k_pid_hsp": [9.407941818237305, 0.9915950298309326, 0.05697840452194214], "k_pid_vsp": [330.49542236328125, 393.6375732421875, 21.39204978942871]}, "datetime": {"datetime": "2025-08-20 19:32:20", "elapsed": 27594.698219776154, "delta": 16.017505645751953}, "costs": {"total_cost": 222.3220130063705, "time_cost": 69.296, "final_distance_cost": 1.7817283899839118, "oscillation_cost": 76.39226330775342, "completition_cost": 0.0, "overshoot_cost": 50.29175581426626, "power_cost": 13.417186486816407, "noise_cost": 11.143079007550499, "n_waypoints_completed": 9, "tot_waypoints": 9}}
{"target": -218.09472614597178, "params": {"k_pid_pos": [1.963990569114685, 0.007101565599441528, 0.0], "k_pid_alt": [1.9399394989013672, 0.007925868034362793, 0.9613611102104187], "k_pid_att": [98.119140625, 0.16250136494636536, 0.9268306493759155], "k_pid_yaw": [0.5, 1e-06, 0.1], "k_pid_hsp": [9.916704177856445, 0.9623052477836609, 0.01731589436531067], "k_pid_vsp": [400.0, 382.84600830078125, 3.9690980911254883]}, "datetime": {"datetime": "2025-08-20 19:32:36", "elapsed": 27610.63406944275, "delta": 15.935849666595459}, "costs": {"total_cost": 218.09472614597178, "time_cost": 69.52, "final_distance_cost": 1.772871880445437, "oscillation_cost": 72.6868883805826, "completition_cost": 0.0, "overshoot_cost": 49.844968539644356, "power_cost": 12.881120703125001, "noise_cost": 11.388876642174383, "n_waypoints_completed": 9, "tot_waypoints": 9}}
{"target": -210.60635388092237, "params": {"k_pid_pos": [1.9838653802871704, 0.025594383478164673, 0.0], "k_pid_alt": [1.9549586772918701, 0.004083037376403809, 0.9770640134811401], "k_pid_att": [99.600341796875, 0.19135746359825134, 0.9936510324478149], "k_pid_yaw": [0.5, 1e-06, 0.1], "k_pid_hsp": [9.751307487487793, 0.9858132600784302, 0.007114529609680176], "k_pid_vsp": [400.0, 390.46148681640625, 28.945470809936523]}, "datetime": {"datetime": "2025-08-20 19:32:52", "elapsed": 27627.109369516373, "delta": 16.475300073623657}, "costs": {"total_cost": 210.60635388092237, "time_cost": 69.736, "final_distance_cost": 1.7659979891593602, "oscillation_cost": 63.10462692607061, "completition_cost": 0.0, "overshoot_cost": 50.56600005486078, "power_cost": 14.101101623535158, "noise_cost": 11.332627287296456, "n_waypoints_completed": 9, "tot_waypoints": 9}}
{"target": -214.19714126149378, "params": {"k_pid_pos": [1.9972929954528809, 0.1511554718017578, 1.7881393432617188e-06], "k_pid_alt": [1.9418134689331055, 0.007186412811279297, 0.9666756391525269], "k_pid_att": [98.38394165039062, 0.1523686796426773, 0.948012113571167], "k_pid_yaw": [0.5, 1e-06, 0.1], "k_pid_hsp": [7.582004547119141, 0.9811752438545227, 0.0037848055362701416], "k_pid_vsp": [15.63122272491455, 396.308837890625, 7.3570380210876465]}, "datetime": {"datetime": "2025-08-20 19:33:09", "elapsed": 27643.75475549698, "delta": 16.64538598060608}, "costs": {"total_cost": 214.19714126149378, "time_cost": 69.352, "final_distance_cost": 1.7396890155209954, "oscillation_cost": 69.22580685112783, "completition_cost": 0.0, "overshoot_cost": 49.09655438913384, "power_cost": 13.758597265625001, "noise_cost": 11.024493740086106, "n_waypoints_completed": 9, "tot_waypoints": 9}}
{"target": -244.6591096611703, "params": {"k_pid_pos": [1.9238839149475098, 0.02324739098548889, 0.0], "k_pid_alt": [1.5652868747711182, 0.004615187644958496, 0.9800945520401001], "k_pid_att": [98.4991226196289, 0.3816472589969635, 0.9665493369102478], "k_pid_yaw": [0.5, 1e-06, 0.1], "k_pid_hsp": [9.553351402282715, 0.98314368724823, 0.056350886821746826], "k_pid_vsp": [400.0, 392.0901794433594, 10.53829288482666]}, "datetime": {"datetime": "2025-08-20 19:33:26", "elapsed": 27660.82335639, "delta": 17.06860089302063}, "costs": {"total_cost": 244.6591096611703, "time_cost": 70.544, "final_distance_cost": 1.7835090283017956, "oscillation_cost": 96.79044562664947, "completition_cost": 0.0, "overshoot_cost": 50.439129047788086, "power_cost": 13.588497119140627, "noise_cost": 11.513528839290297, "n_waypoints_completed": 9, "tot_waypoints": 9}}
{"target": -201.03648256216638, "params": {"k_pid_pos": [1.9401355981826782, 0.015828877687454224, 0.0], "k_pid_alt": [1.9448704719543457, 0.0214863121509552, 0.9911664724349976], "k_pid_att": [99.5448226928711, 0.15133066475391388, 0.9980335235595703], "k_pid_yaw": [0.5, 1e-06, 0.1], "k_pid_hsp": [9.618547439575195, 0.9092687964439392, 0.006655246019363403], "k_pid_vsp": [400.0, 396.57568359375, 13.13843822479248]}, "datetime": {"datetime": "2025-08-20 19:33:41", "elapsed": 27676.377345323563, "delta": 15.553988933563232}, "costs": {"total_cost": 201.03648256216638, "time_cost": 69.60000000000001, "final_distance_cost": 1.742869317807162, "oscillation_cost": 54.83012100448477, "completition_cost": 0.0, "overshoot_cost": 50.38075245579548, "power_cost": 13.349760864257814, "noise_cost": 11.132978919821152, "n_waypoints_completed": 9, "tot_waypoints": 9}}
{"target": -213.37899831522412, "params": {"k_pid_pos": [1.9911718368530273, 0.012431859970092773, 0.0], "k_pid_alt": [1.9764777421951294, 0.03880715370178223, 0.7832238674163818], "k_pid_att": [96.69852447509766, 0.6218671202659607, 0.9755972623825073], "k_pid_yaw": [0.5, 1e-06, 0.1], "k_pid_hsp": [9.853131294250488, 0.9933640956878662, 0.013724416494369507], "k_pid_vsp": [400.0, 393.16705322265625, 5.662966728210449]}, "datetime": {"datetime": "2025-08-20 19:33:57", "elapsed": 27692.16442465782, "delta": 15.787079334259033}, "costs": {"total_cost": 213.37899831522412, "time_cost": 69.744, "final_distance_cost": 1.764510252278808, "oscillation_cost": 66.3851081858262, "completition_cost": 0.0, "overshoot_cost": 50.758882016356004, "power_cost": 13.187637060546876, "noise_cost": 11.538860800216206, "n_waypoints_completed": 9, "tot_waypoints": 9}}
{"target": -237.8087120450995, "params": {"k_pid_pos": [1.9710519313812256, 0.026524633169174194, 0.0], "k_pid_alt": [1.9736194610595703, 0.014184564352035522, 0.9614273309707642], "k_pid_att": [98.53719329833984, 0.3573666512966156, 0.9841855764389038], "k_pid_yaw": [0.5, 1e-06, 0.1], "k_pid_hsp": [9.824264526367188, 0.9091783761978149, 0.0664922297000885], "k_pid_vsp": [400.0, 377.7575378417969, 12.98083209991455]}, "datetime": {"datetime": "2025-08-20 19:34:13", "elapsed": 27708.09338927269, "delta": 15.928964614868164}, "costs": {"total_cost": 237.8087120450995, "time_cost": 69.552, "final_distance_cost": 1.7903534570662456, "oscillation_cost": 89.50255065343507, "completition_cost": 0.0, "overshoot_cost": 50.38344212429348, "power_cost": 14.76837255859375, "noise_cost": 11.81199325171096, "n_waypoints_completed": 9, "tot_waypoints": 9}}
{"target": -214.5034419951928, "params": {"k_pid_pos": [1.9714477062225342, 0.014483243227005005, 0.0], "k_pid_alt": [1.9447689056396484, 0.06240379810333252, 0.9919353127479553], "k_pid_att": [97.67373657226562, 0.16782787442207336, 0.9941866397857666], "k_pid_yaw": [0.5, 1e-06, 0.1], "k_pid_hsp": [9.932097434997559, 0.9367327094078064, 0.009761005640029907], "k_pid_vsp": [400.0, 392.00433349609375, 4.07011604309082]}, "datetime": {"datetime": "2025-08-20 19:34:29", "elapsed": 27723.58350276947, "delta": 15.490113496780396}, "costs": {"total_cost": 214.5034419951928, "time_cost": 70.136, "final_distance_cost": 1.7434632751384467, "oscillation_cost": 66.89664549196148, "completition_cost": 0.0, "overshoot_cost": 50.81688934676971, "power_cost": 13.233844396972657, "noise_cost": 11.676599484350541, "n_waypoints_completed": 9, "tot_waypoints": 9}}
{"target": -221.2822381231394, "params": {"k_pid_pos": [1.885833740234375, 0.05788049101829529, 0.0], "k_pid_alt": [1.962480068206787, 0.006132006645202637, 0.9973514676094055], "k_pid_att": [99.4696044921875, 0.11085028201341629, 0.9966115951538086], "k_pid_yaw": [0.5, 1e-06, 0.1], "k_pid_hsp": [9.882094383239746, 0.9666988849639893, 0.05309873819351196], "k_pid_vsp": [400.0, 354.061279296875, 5.976606369018555]}, "datetime": {"datetime": "2025-08-20 19:34:45", "elapsed": 27740.37639117241, "delta": 16.792888402938843}, "costs": {"total_cost": 221.2822381231394, "time_cost": 69.728, "final_distance_cost": 1.7687150838284686, "oscillation_cost": 74.792188102329, "completition_cost": 0.0, "overshoot_cost": 50.199685656330914, "power_cost": 13.197897741699219, "noise_cost": 11.595751538951767, "n_waypoints_completed": 9, "tot_waypoints": 9}}
{"target": -217.84253639298555, "params": {"k_pid_pos": [1.9732239246368408, 0.04336145520210266, 0.0], "k_pid_alt": [1.9061498641967773, 0.006585806608200073, 0.9870859384536743], "k_pid_att": [99.62185668945312, 0.04365953430533409, 0.9726138710975647], "k_pid_yaw": [0.5, 1e-06, 0.1], "k_pid_hsp": [8.534636497497559, 0.9583990573883057, 0.020931899547576904], "k_pid_vsp": [400.0, 393.8612976074219, 46.4716796875]}, "datetime": {"datetime": "2025-08-20 19:35:00", "elapsed": 27755.40617442131, "delta": 15.029783248901367}, "costs": {"total_cost": 217.84253639298555, "time_cost": 69.808, "final_distance_cost": 1.768282276782054, "oscillation_cost": 70.53568293442069, "completition_cost": 0.0, "overshoot_cost": 50.384432076008956, "power_cost": 14.012934509277345, "noise_cost": 11.333204596496497, "n_waypoints_completed": 9, "tot_waypoints": 9}}
{"target": -203.37978407881397, "params": {"k_pid_pos": [1.9869253635406494, 0.005478471517562866, 0.0], "k_pid_alt": [1.9571630954742432, 0.0010837018489837646, 0.9849642515182495], "k_pid_att": [99.33126831054688, 0.41050633788108826, 0.9867655038833618], "k_pid_yaw": [0.5, 1e-06, 0.1], "k_pid_hsp": [9.333919525146484, 0.9835342168807983, 0.030190348625183105], "k_pid_vsp": [79.89366149902344, 396.1076354980469, 8.598662376403809]}, "datetime": {"datetime": "2025-08-20 19:35:16", "elapsed": 27771.486975193024, "delta": 16.080800771713257}, "costs": {"total_cost": 203.37978407881397, "time_cost": 69.824, "final_distance_cost": 1.7837787252427297, "oscillation_cost": 57.23202742415439, "completition_cost": 0.0, "overshoot_cost": 50.10178864132661, "power_cost": 13.086898083496095, "noise_cost": 11.35129120459415, "n_waypoints_completed": 9, "tot_waypoints": 9}}
{"target": -440.7478958828016, "params": {"k_pid_pos": [1.984598159790039, 0.01186591386795044, 0.0], "k_pid_alt": [1.963252305984497, 0.18060216307640076, 0.9922968149185181], "k_pid_att": [98.56253814697266, 0.1317295879125595, 0.9876701831817627], "k_pid_yaw": [0.5, 1e-06, 0.1], "k_pid_hsp": [9.952790260314941, 0.9712737798690796, 0.005895018577575684], "k_pid_vsp": [400.0, 382.665771484375, 24.76581573486328]}, "datetime": {"datetime": "2025-08-20 19:35:40", "elapsed": 27795.459626674652, "delta": 23.972651481628418}, "costs": {"total_cost": 440.7478958828016, "time_cost": 150, "final_distance_cost": 13.016622811258623, "oscillation_cost": 77.39165868590447, "completition_cost": 111.11111111111116, "overshoot_cost": 52.72050090148348, "power_cost": 20.971046435546874, "noise_cost": 15.536955937496941, "n_waypoints_completed": 8, "tot_waypoints": 9}}
{"target": -217.850717902166, "params": {"k_pid_pos": [1.9417169094085693, 0.03184002637863159, 0.0], "k_pid_alt": [1.9656672477722168, 0.012889862060546875, 0.9929059147834778], "k_pid_att": [99.23690795898438, 0.02958880364894867, 0.8985974788665771], "k_pid_yaw": [0.5, 1e-06, 0.1], "k_pid_hsp": [9.577391624450684, 0.9839696884155273, 0.00659826397895813], "k_pid_vsp": [399.9933776855469, 398.335205078125, 1.9953618049621582]}, "datetime": {"datetime": "2025-08-20 19:35:56", "elapsed": 27810.541702508926, "delta": 15.082075834274292}, "costs": {"total_cost": 217.850717902166, "time_cost": 69.808, "final_distance_cost": 1.7836505244766356, "oscillation_cost": 71.20941677763975, "completition_cost": 0.0, "overshoot_cost": 50.53194034903425, "power_cost": 13.079661950683594, "noise_cost": 11.438048300331758, "n_waypoints_completed": 9, "tot_waypoints": 9}}
{"target": -214.73234988562535, "params": {"k_pid_pos": [1.9809613227844238, 0.014444828033447266, 0.0], "k_pid_alt": [1.992802381515503, 0.022687315940856934, 0.9953145980834961], "k_pid_att": [96.57395935058594, 0.08786666393280029, 0.9569214582443237], "k_pid_yaw": [0.5, 1e-06, 0.1], "k_pid_hsp": [9.682666778564453, 0.9919509887695312, 0.001861572265625], "k_pid_vsp": [399.998779296875, 381.38818359375, 27.68004035949707]}, "datetime": {"datetime": "2025-08-20 19:36:13", "elapsed": 27827.72976088524, "delta": 17.188058376312256}, "costs": {"total_cost": 214.73234988562535, "time_cost": 69.57600000000001, "final_distance_cost": 1.760869551924299, "oscillation_cost": 64.59223807630589, "completition_cost": 0.0, "overshoot_cost": 50.03793022440172, "power_cost": 16.44909969482422, "noise_cost": 12.3162123381692, "n_waypoints_completed": 9, "tot_waypoints": 9}}
{"target": -207.53798131533657, "params": {"k_pid_pos": [1.9818499088287354, 0.041962772607803345, 2.9802322387695312e-08], "k_pid_alt": [1.9351537227630615, 0.03213810920715332, 0.98085618019104], "k_pid_att": [99.39342498779297, 0.4096745550632477, 0.9402362704277039], "k_pid_yaw": [0.5, 1e-06, 0.1], "k_pid_hsp": [9.832768440246582, 0.9839842319488525, 0.01729920506477356], "k_pid_vsp": [394.4383239746094, 392.78167724609375, 24.68761444091797]}, "datetime": {"datetime": "2025-08-20 19:36:28", "elapsed": 27842.519040822983, "delta": 14.78927993774414}, "costs": {"total_cost": 207.53798131533657, "time_cost": 69.712, "final_distance_cost": 1.7268942572048795, "oscillation_cost": 59.36921062246844, "completition_cost": 0.0, "overshoot_cost": 50.60311256965686, "power_cost": 14.616306774902345, "noise_cost": 11.510457091104033, "n_waypoints_completed": 9, "tot_waypoints": 9}}
{"target": -216.66753497038647, "params": {"k_pid_pos": [1.952976942062378, 0.008455216884613037, 0.0], "k_pid_alt": [1.9961042404174805, 0.031020045280456543, 0.9838622808456421], "k_pid_att": [99.01541137695312, 0.10251167416572571, 0.9696738123893738], "k_pid_yaw": [0.5, 1e-06, 0.1], "k_pid_hsp": [9.858596801757812, 0.9946579933166504, 0.011983364820480347], "k_pid_vsp": [400.0, 392.72088623046875, 3.605593204498291]}, "datetime": {"datetime": "2025-08-20 19:36:44", "elapsed": 27858.82141304016, "delta": 16.302372217178345}, "costs": {"total_cost": 216.66753497038647, "time_cost": 69.616, "final_distance_cost": 1.7462150539323236, "oscillation_cost": 70.23331808287041, "completition_cost": 0.0, "overshoot_cost": 50.42250922548653, "power_cost": 13.066969604492188, "noise_cost": 11.582523003605049, "n_waypoints_completed": 9, "tot_waypoints": 9}}
{"target": -224.51557108994612, "params": {"k_pid_pos": [1.991389513015747, 0.02305641770362854, 0.0], "k_pid_alt": [1.9541096687316895, 0.004899501800537109, 0.9820120334625244], "k_pid_att": [98.8654556274414, 0.2504468262195587, 0.9914466142654419], "k_pid_yaw": [0.5, 1e-06, 0.1], "k_pid_hsp": [9.65662670135498, 0.9961814880371094, 0.0541568398475647], "k_pid_vsp": [400.0, 399.0353088378906, 18.113115310668945]}, "datetime": {"datetime": "2025-08-20 19:36:59", "elapsed": 27873.87109899521, "delta": 15.049685955047607}, "costs": {"total_cost": 224.51557108994612, "time_cost": 69.568, "final_distance_cost": 1.7651610989780802, "oscillation_cost": 76.62818320271839, "completition_cost": 0.0, "overshoot_cost": 50.035634687736305, "power_cost": 14.729136877441407, "noise_cost": 11.789455223071931, "n_waypoints_completed": 9, "tot_waypoints": 9}}
{"target": -218.10292013318758, "params": {"k_pid_pos": [1.9723830223083496, 0.015678226947784424, 0.0], "k_pid_alt": [1.9146374464035034, 0.024272054433822632, 0.9097393155097961], "k_pid_att": [99.14312744140625, 0.49756669998168945, 0.9891332387924194], "k_pid_yaw": [0.5, 1e-06, 0.1], "k_pid_hsp": [9.944352149963379, 0.9673649072647095, 0.017037659883499146], "k_pid_vsp": [400.0, 392.9648742675781, 3.8365373611450195]}, "datetime": {"datetime": "2025-08-20 19:37:15", "elapsed": 27889.922374248505, "delta": 16.0512752532959}, "costs": {"total_cost": 218.10292013318758, "time_cost": 69.912, "final_distance_cost": 1.767615362889638, "oscillation_cost": 71.22210818549259, "completition_cost": 0.0, "overshoot_cost": 50.56035355924222, "power_cost": 13.076299145507813, "noise_cost": 11.564543880055318, "n_waypoints_completed": 9, "tot_waypoints": 9}}
{"target": -221.818546383483, "params": {"k_pid_pos": [1.9102712869644165, 0.01835036277770996, 0.0], "k_pid_alt": [1.990378737449646, 0.0122528076171875, 0.9885070323944092], "k_pid_att": [99.1366195678711, 0.12944406270980835, 0.9905672669410706], "k_pid_yaw": [0.5, 1e-06, 0.1], "k_pid_hsp": [8.753528594970703, 0.9761403799057007, 0.014998823404312134], "k_pid_vsp": [400.0, 374.629150390625, 1.037539005279541]}, "datetime": {"datetime": "2025-08-20 19:37:30", "elapsed": 27905.33588027954, "delta": 15.413506031036377}, "costs": {"total_cost": 221.818546383483, "time_cost": 69.496, "final_distance_cost": 1.7551338185875138, "oscillation_cost": 75.48362026637665, "completition_cost": 0.0, "overshoot_cost": 50.53935271143917, "power_cost": 13.051845324707031, "noise_cost": 11.492594262372663, "n_waypoints_completed": 9, "tot_waypoints": 9}}
{"target": -241.24594184687408, "params": {"k_pid_pos": [1.8660356998443604, 0.015966027975082397, 0.0], "k_pid_alt": [1.9764556884765625, 0.0039691925048828125, 0.903335690498352], "k_pid_att": [97.7691879272461, 0.2144424170255661, 0.9421504735946655], "k_pid_yaw": [0.5, 1e-06, 0.1], "k_pid_hsp": [9.841429710388184, 0.9778670072555542, 0.08567723631858826], "k_pid_vsp": [400.0, 386.3697509765625, 2.5593886375427246]}, "datetime": {"datetime": "2025-08-20 19:37:46", "elapsed": 27920.82661986351, "delta": 15.490739583969116}, "costs": {"total_cost": 241.24594184687408, "time_cost": 69.328, "final_distance_cost": 1.7565533711601242, "oscillation_cost": 94.3186639723131, "completition_cost": 0.0, "overshoot_cost": 50.722590071772174, "power_cost": 13.434723510742188, "noise_cost": 11.685410920886499, "n_waypoints_completed": 9, "tot_waypoints": 9}}
{"target": -212.33592616798293, "params": {"k_pid_pos": [1.986642599105835, 0.05415838956832886, 0.0], "k_pid_alt": [1.9532725811004639, 0.005770891904830933, 0.9935929775238037], "k_pid_att": [98.98667907714844, 0.15708783268928528, 0.9876837134361267], "k_pid_yaw": [0.5, 1e-06, 0.1], "k_pid_hsp": [9.96576976776123, 0.9953867197036743, 0.026226967573165894], "k_pid_vsp": [400.0, 279.1268615722656, 59.22069549560547]}, "datetime": {"datetime": "2025-08-20 19:38:02", "elapsed": 27937.07651591301, "delta": 16.24989604949951}, "costs": {"total_cost": 212.33592616798293, "time_cost": 69.4, "final_distance_cost": 1.7825567573033219, "oscillation_cost": 65.27343806926875, "completition_cost": 0.0, "overshoot_cost": 49.884447339017655, "power_cost": 14.496039550781251, "noise_cost": 11.499444451611962, "n_waypoints_completed": 9, "tot_waypoints": 9}}
{"target": -212.3471131183773, "params": {"k_pid_pos": [1.9600481986999512, 0.06261131167411804, 0.0], "k_pid_alt": [1.897409200668335, 0.04535159468650818, 0.981695294380188], "k_pid_att": [99.32125091552734, 0.29953402280807495, 0.9908847212791443], "k_pid_yaw": [0.5, 1e-06, 0.1], "k_pid_hsp": [9.9060697555542, 0.9892606735229492, 0.003350585699081421], "k_pid_vsp": [399.99932861328125, 391.93994140625, 50.503658294677734]}, "datetime": {"datetime": "2025-08-20 19:38:17", "elapsed": 27951.889986753464, "delta": 14.813470840454102}, "costs": {"total_cost": 212.3471131183773, "time_cost": 69.72, "final_distance_cost": 1.7915929106379025, "oscillation_cost": 62.94986344717108, "completition_cost": 0.0, "overshoot_cost": 50.339319583439035, "power_cost": 15.536055480957032, "noise_cost": 12.010281696172287, "n_waypoints_completed": 9, "tot_waypoints": 9}}
