{"target": -274.8425209581611, "params": {"k_pid_pos": [1.9540895223617554, 0.017793238162994385, 0.0], "k_pid_alt": [1.9723256826400757, 0.09825408458709717, 0.9975411891937256], "k_pid_att": [95.72091674804688, 0.4225195348262787, 0.9972688555717468], "k_pid_yaw": [0.5, 1e-06, 0.1], "k_pid_hsp": [9.68909740447998, 0.9915167689323425, 0.022806942462921143], "k_pid_vsp": [400.0, 395.62078857421875, 26.00383949279785]}, "datetime": {"datetime": "2025-08-20 18:28:57", "elapsed": 23791.923839092255, "delta": 21.727574110031128}, "costs": {"total_cost": 274.8425209581611, "time_cost": 96.432, "final_distance_cost": 1.7926755047294467, "oscillation_cost": 87.59823695219274, "completition_cost": 0.0, "overshoot_cost": 51.205246160294756, "power_cost": 21.6602064453125, "noise_cost": 16.15415589563166, "n_waypoints_completed": 9, "tot_waypoints": 9}}
{"target": -217.00255584493888, "params": {"k_pid_pos": [1.9807977676391602, 0.009803473949432373, 0.0], "k_pid_alt": [1.928729772567749, 0.02892535924911499, 0.9963524341583252], "k_pid_att": [98.14454650878906, 1.3864747285842896, 0.9921048283576965], "k_pid_yaw": [0.5, 1e-06, 0.1], "k_pid_hsp": [9.433990478515625, 0.9761855602264404, 0.049921512603759766], "k_pid_vsp": [399.9747619628906, 383.71099853515625, 15.786076545715332]}, "datetime": {"datetime": "2025-08-20 18:29:12", "elapsed": 23806.966107606888, "delta": 15.042268514633179}, "costs": {"total_cost": 217.00255584493888, "time_cost": 69.47200000000001, "final_distance_cost": 1.7626693416436394, "oscillation_cost": 67.98689226556642, "completition_cost": 0.0, "overshoot_cost": 50.634810151036156, "power_cost": 15.099774328613282, "noise_cost": 12.046409758079355, "n_waypoints_completed": 9, "tot_waypoints": 9}}
{"target": -210.3504759306937, "params": {"k_pid_pos": [1.9629573822021484, 0.02393209934234619, 0.0], "k_pid_alt": [1.979856014251709, 0.043401122093200684, 0.918968141078949], "k_pid_att": [95.73123168945312, 0.19098256528377533, 0.985660195350647], "k_pid_yaw": [0.5, 1e-06, 0.1], "k_pid_hsp": [8.991544723510742, 0.980405330657959, 0.009950965642929077], "k_pid_vsp": [399.99932861328125, 388.62298583984375, 10.464693069458008]}, "datetime": {"datetime": "2025-08-20 18:29:28", "elapsed": 23822.828639507294, "delta": 15.862531900405884}, "costs": {"total_cost": 210.3504759306937, "time_cost": 69.856, "final_distance_cost": 1.723193540732468, "oscillation_cost": 57.45671439959807, "completition_cost": 0.0, "overshoot_cost": 50.58309017441533, "power_cost": 17.356106591796877, "noise_cost": 13.375371224150957, "n_waypoints_completed": 9, "tot_waypoints": 9}}
{"target": -205.91483108501745, "params": {"k_pid_pos": [1.8529460430145264, 0.06508463621139526, 0.0], "k_pid_alt": [1.684548258781433, 0.0286484956741333, 0.9740850329399109], "k_pid_att": [97.54208374023438, 0.413141131401062, 0.9914657473564148], "k_pid_yaw": [0.5, 1e-06, 0.1], "k_pid_hsp": [9.064826011657715, 0.9717972278594971, 0.017593592405319214], "k_pid_vsp": [400.0, 387.3808288574219, 14.7317533493042]}, "datetime": {"datetime": "2025-08-20 18:29:43", "elapsed": 23837.650163650513, "delta": 14.821524143218994}, "costs": {"total_cost": 205.91483108501745, "time_cost": 69.76, "final_distance_cost": 1.7546859714192968, "oscillation_cost": 60.26674436303245, "completition_cost": 0.0, "overshoot_cost": 50.120963931381105, "power_cost": 13.136049279785157, "noise_cost": 10.876387539399419, "n_waypoints_completed": 9, "tot_waypoints": 9}}
{"target": -223.75269003500355, "params": {"k_pid_pos": [1.9331207275390625, 0.08315008878707886, 0.0], "k_pid_alt": [1.9977736473083496, 0.04091668128967285, 0.929800271987915], "k_pid_att": [94.04444885253906, 0.25780999660491943, 0.994590163230896], "k_pid_yaw": [0.5, 1e-06, 0.1], "k_pid_hsp": [9.636798858642578, 0.9715480804443359, 0.0639013946056366], "k_pid_vsp": [399.9999084472656, 391.1373291015625, 1.5641937255859375]}, "datetime": {"datetime": "2025-08-20 18:29:59", "elapsed": 23853.53618979454, "delta": 15.88602614402771}, "costs": {"total_cost": 223.75269003500355, "time_cost": 69.76, "final_distance_cost": 1.7389225772910006, "oscillation_cost": 76.91200933130938, "completition_cost": 0.0, "overshoot_cost": 50.41683547267678, "power_cost": 13.269608166503907, "noise_cost": 11.65531448722249, "n_waypoints_completed": 9, "tot_waypoints": 9}}
{"target": -214.00932058030193, "params": {"k_pid_pos": [1.9131197929382324, 0.04458916187286377, 0.1696932315826416], "k_pid_alt": [1.9757177829742432, 0.021109163761138916, 0.9848384857177734], "k_pid_att": [99.50333404541016, 0.22520363330841064, 0.7516530752182007], "k_pid_yaw": [0.5, 1e-06, 0.1], "k_pid_hsp": [9.382906913757324, 0.9321054220199585, 0.010080933570861816], "k_pid_vsp": [400.0, 391.2652893066406, 17.351713180541992]}, "datetime": {"datetime": "2025-08-20 18:30:14", "elapsed": 23869.437622070312, "delta": 15.901432275772095}, "costs": {"total_cost": 214.00932058030193, "time_cost": 69.128, "final_distance_cost": 1.7879964004440736, "oscillation_cost": 66.655484773989, "completition_cost": 0.0, "overshoot_cost": 50.24694784200917, "power_cost": 14.49499736328125, "noise_cost": 11.695894200578442, "n_waypoints_completed": 9, "tot_waypoints": 9}}
{"target": -220.19524765642348, "params": {"k_pid_pos": [1.9926613569259644, 0.03569310903549194, 0.0], "k_pid_alt": [1.8884730339050293, 0.026315808296203613, 0.9390066862106323], "k_pid_att": [93.52548217773438, 0.3043244183063507, 0.8371754884719849], "k_pid_yaw": [0.5, 1e-06, 0.1], "k_pid_hsp": [9.405640602111816, 0.9428367018699646, 0.03777676820755005], "k_pid_vsp": [400.0, 393.7358703613281, 2.2753963470458984]}, "datetime": {"datetime": "2025-08-20 18:30:29", "elapsed": 23884.13627243042, "delta": 14.698650360107422}, "costs": {"total_cost": 220.19524765642348, "time_cost": 69.512, "final_distance_cost": 1.768063290417635, "oscillation_cost": 73.8158347019255, "completition_cost": 0.0, "overshoot_cost": 50.58925321021028, "power_cost": 13.0338828125, "noise_cost": 11.476213641370085, "n_waypoints_completed": 9, "tot_waypoints": 9}}
{"target": -206.3549036570116, "params": {"k_pid_pos": [1.9186657667160034, 0.005738586187362671, 3.400444984436035e-05], "k_pid_alt": [1.9836561679840088, 0.04596364498138428, 0.9907231330871582], "k_pid_att": [98.3279800415039, 0.7603463530540466, 0.9269376993179321], "k_pid_yaw": [0.5, 1e-06, 0.1], "k_pid_hsp": [9.401934623718262, 0.8997491598129272, 0.01756387948989868], "k_pid_vsp": [400.0, 381.7486572265625, 3.662992477416992]}, "datetime": {"datetime": "2025-08-20 18:30:45", "elapsed": 23899.972902536392, "delta": 15.83663010597229}, "costs": {"total_cost": 206.3549036570116, "time_cost": 69.712, "final_distance_cost": 1.751540977518665, "oscillation_cost": 59.55464226142314, "completition_cost": 0.0, "overshoot_cost": 50.70347977046853, "power_cost": 13.075714721679688, "noise_cost": 11.55752592592156, "n_waypoints_completed": 9, "tot_waypoints": 9}}
{"target": -260.02397556898813, "params": {"k_pid_pos": [1.9490091800689697, 0.03507283329963684, 4.151463508605957e-05], "k_pid_alt": [1.9422876834869385, 0.07924705743789673, 0.9853811264038086], "k_pid_att": [99.27881622314453, 0.7621803879737854, 0.983959436416626], "k_pid_yaw": [0.5, 1e-06, 0.1], "k_pid_hsp": [9.484084129333496, 0.9433006048202515, 0.05199146270751953], "k_pid_vsp": [400.0, 367.5181579589844, 40.642356872558594]}, "datetime": {"datetime": "2025-08-20 18:31:03", "elapsed": 23917.650486707687, "delta": 17.677584171295166}, "costs": {"total_cost": 260.02397556898813, "time_cost": 80.70400000000001, "final_distance_cost": 1.7545515706970973, "oscillation_cost": 95.20164582715032, "completition_cost": 0.0, "overshoot_cost": 52.39931764496483, "power_cost": 16.732557495117188, "noise_cost": 13.23190303105871, "n_waypoints_completed": 9, "tot_waypoints": 9}}
{"target": -221.4374240176498, "params": {"k_pid_pos": [1.883333683013916, 0.018009155988693237, 0.0], "k_pid_alt": [1.9315203428268433, 0.04940295219421387, 0.954144299030304], "k_pid_att": [74.5614013671875, 0.12495587766170502, 0.966286838054657], "k_pid_yaw": [0.5, 1e-06, 0.1], "k_pid_hsp": [8.1763916015625, 0.9869436025619507, 0.0987720787525177], "k_pid_vsp": [400.0, 396.0547790527344, 32.127891540527344]}, "datetime": {"datetime": "2025-08-20 18:31:18", "elapsed": 23933.227395772934, "delta": 15.576909065246582}, "costs": {"total_cost": 221.4374240176498, "time_cost": 69.152, "final_distance_cost": 1.7767658763900491, "oscillation_cost": 74.44009318805033, "completition_cost": 0.0, "overshoot_cost": 50.11632430704977, "power_cost": 14.292842553710939, "noise_cost": 11.659398092448738, "n_waypoints_completed": 9, "tot_waypoints": 9}}
{"target": -223.72301887450465, "params": {"k_pid_pos": [1.9917973279953003, 0.03285640478134155, 0.0004024207592010498], "k_pid_alt": [1.8854221105575562, 0.005449831485748291, 0.9534122347831726], "k_pid_att": [99.4496841430664, 0.07313701510429382, 0.9567573070526123], "k_pid_yaw": [0.5, 1e-06, 0.1], "k_pid_hsp": [9.97153377532959, 0.9866287112236023, 0.02207648754119873], "k_pid_vsp": [400.0, 390.7515869140625, 18.99281883239746]}, "datetime": {"datetime": "2025-08-20 18:31:34", "elapsed": 23949.309248209, "delta": 16.081852436065674}, "costs": {"total_cost": 223.72301887450465, "time_cost": 69.92, "final_distance_cost": 1.7880228498897155, "oscillation_cost": 78.56830507743942, "completition_cost": 0.0, "overshoot_cost": 49.823164444432535, "power_cost": 12.923367944335938, "noise_cost": 10.700158558407026, "n_waypoints_completed": 9, "tot_waypoints": 9}}
{"target": -221.28777032416164, "params": {"k_pid_pos": [1.961383581161499, 0.003700464963912964, 0.0], "k_pid_alt": [1.8992856740951538, 0.05209916830062866, 0.8814204931259155], "k_pid_att": [96.12728118896484, 1.7295585870742798, 0.9848792552947998], "k_pid_yaw": [0.5, 1e-06, 0.1], "k_pid_hsp": [9.829644203186035, 0.9676718711853027, 0.01676526665687561], "k_pid_vsp": [399.73760986328125, 366.64910888671875, 33.83977508544922]}, "datetime": {"datetime": "2025-08-20 18:31:49", "elapsed": 23964.10357284546, "delta": 14.79432463645935}, "costs": {"total_cost": 221.28777032416164, "time_cost": 69.696, "final_distance_cost": 1.7753423079027155, "oscillation_cost": 71.7996621121515, "completition_cost": 0.0, "overshoot_cost": 50.73540057199459, "power_cost": 15.372910168457032, "noise_cost": 11.908455163655788, "n_waypoints_completed": 9, "tot_waypoints": 9}}
{"target": -207.60289231246267, "params": {"k_pid_pos": [1.922558069229126, 0.006627827882766724, 0.0], "k_pid_alt": [1.8676414489746094, 0.05133280158042908, 0.9493945837020874], "k_pid_att": [97.51318359375, 0.12295646220445633, 0.8675717115402222], "k_pid_yaw": [0.5, 1e-06, 0.1], "k_pid_hsp": [9.398709297180176, 0.9939010739326477, 0.008891016244888306], "k_pid_vsp": [400.0, 393.7892150878906, 10.254134178161621]}, "datetime": {"datetime": "2025-08-20 18:32:06", "elapsed": 23980.961270332336, "delta": 16.85769748687744}, "costs": {"total_cost": 207.60289231246267, "time_cost": 69.808, "final_distance_cost": 1.7346992817474716, "oscillation_cost": 63.7829542491469, "completition_cost": 0.0, "overshoot_cost": 51.02228154354808, "power_cost": 11.21000838623047, "noise_cost": 10.044948851789732, "n_waypoints_completed": 9, "tot_waypoints": 9}}
{"target": -304.01678125690626, "params": {"k_pid_pos": [1.987860083580017, 0.0149555504322052, 0.0], "k_pid_alt": [1.950969934463501, 0.09994208812713623, 0.9878182411193848], "k_pid_att": [81.58042907714844, 0.2301662564277649, 0.9859012961387634], "k_pid_yaw": [0.5, 1e-06, 0.1], "k_pid_hsp": [9.69741439819336, 0.990899920463562, 0.032502710819244385], "k_pid_vsp": [400.0, 383.934814453125, 7.774604320526123]}, "datetime": {"datetime": "2025-08-20 18:32:28", "elapsed": 24002.972321510315, "delta": 22.011051177978516}, "costs": {"total_cost": 304.01678125690626, "time_cost": 97.12, "final_distance_cost": 1.7617215925381968, "oscillation_cost": 119.66150703008653, "completition_cost": 0.0, "overshoot_cost": 51.902873125996216, "power_cost": 18.124241479492188, "noise_cost": 15.446438028793132, "n_waypoints_completed": 9, "tot_waypoints": 9}}
{"target": -237.19596176573734, "params": {"k_pid_pos": [1.8927422761917114, 0.007326066493988037, 0.0], "k_pid_alt": [1.9653102159500122, 0.014240860939025879, 0.9936310052871704], "k_pid_att": [99.75918579101562, 0.45372167229652405, 0.9843116998672485], "k_pid_yaw": [0.5, 1e-06, 0.1], "k_pid_hsp": [9.80541706085205, 0.9748345613479614, 0.06605035066604614], "k_pid_vsp": [400.0, 381.36328125, 9.971369743347168]}, "datetime": {"datetime": "2025-08-20 18:32:44", "elapsed": 24019.069264650345, "delta": 16.096943140029907}, "costs": {"total_cost": 237.19596176573734, "time_cost": 69.056, "final_distance_cost": 1.7733043907289907, "oscillation_cost": 90.94627195834356, "completition_cost": 0.0, "overshoot_cost": 50.27207673677998, "power_cost": 13.471276684570313, "noise_cost": 11.677031995314499, "n_waypoints_completed": 9, "tot_waypoints": 9}}
{"target": -221.66297064253212, "params": {"k_pid_pos": [1.962618350982666, 0.017529994249343872, 0.05037844181060791], "k_pid_alt": [1.8657584190368652, 0.0450783371925354, 0.9567710757255554], "k_pid_att": [86.2669677734375, 0.27368882298469543, 0.9701917171478271], "k_pid_yaw": [0.5, 1e-06, 0.1], "k_pid_hsp": [9.68409538269043, 0.9903007745742798, 0.012007147073745728], "k_pid_vsp": [9.697782516479492, 395.70684814453125, 3.088308334350586]}, "datetime": {"datetime": "2025-08-20 18:33:01", "elapsed": 24035.870622873306, "delta": 16.801358222961426}, "costs": {"total_cost": 221.66297064253212, "time_cost": 70.06400000000001, "final_distance_cost": 1.799850955969104, "oscillation_cost": 74.27356298209469, "completition_cost": 0.0, "overshoot_cost": 50.61758586019988, "power_cost": 14.21995732421875, "noise_cost": 10.68801352004971, "n_waypoints_completed": 9, "tot_waypoints": 9}}
{"target": -220.9911084807466, "params": {"k_pid_pos": [1.9845306873321533, 0.14796513319015503, 2.8818845748901367e-05], "k_pid_alt": [1.9841036796569824, 0.00866001844406128, 0.9870952367782593], "k_pid_att": [87.87820434570312, 1.0913219451904297, 0.9841632843017578], "k_pid_yaw": [0.5, 1e-06, 0.1], "k_pid_hsp": [9.679581642150879, 0.9627140164375305, 0.025085628032684326], "k_pid_vsp": [399.99786376953125, 356.0717468261719, 24.8569278717041]}, "datetime": {"datetime": "2025-08-20 18:33:17", "elapsed": 24051.91347169876, "delta": 16.042848825454712}, "costs": {"total_cost": 220.9911084807466, "time_cost": 70.072, "final_distance_cost": 1.7300501492277902, "oscillation_cost": 72.44576527584341, "completition_cost": 0.0, "overshoot_cost": 50.65931419663128, "power_cost": 14.469460290527344, "noise_cost": 11.614518568516765, "n_waypoints_completed": 9, "tot_waypoints": 9}}
{"target": -219.8468194887621, "params": {"k_pid_pos": [1.976940393447876, 0.026807457208633423, 0.0], "k_pid_alt": [1.9953041076660156, 0.020251542329788208, 0.980853259563446], "k_pid_att": [97.29185485839844, 0.5820980668067932, 0.9400330781936646], "k_pid_yaw": [0.5, 1e-06, 0.1], "k_pid_hsp": [9.919830322265625, 0.9947581887245178, 0.019984930753707886], "k_pid_vsp": [400.0, 391.4066162109375, 16.72221565246582]}, "datetime": {"datetime": "2025-08-20 18:33:33", "elapsed": 24068.48147368431, "delta": 16.568001985549927}, "costs": {"total_cost": 219.8468194887621, "time_cost": 69.64, "final_distance_cost": 1.7215621828433332, "oscillation_cost": 72.69574293847025, "completition_cost": 0.0, "overshoot_cost": 50.05116627406189, "power_cost": 14.212476220703126, "noise_cost": 11.525871872683506, "n_waypoints_completed": 9, "tot_waypoints": 9}}
{"target": -283.0665549535183, "params": {"k_pid_pos": [1.9801208972930908, 0.1458606719970703, 0.0], "k_pid_alt": [1.079330563545227, 0.06333595514297485, 0.9962499141693115], "k_pid_att": [92.412353515625, 0.09799398481845856, 0.9952766299247742], "k_pid_yaw": [0.5, 1e-06, 0.1], "k_pid_hsp": [9.961869239807129, 0.991568386554718, 0.02345740795135498], "k_pid_vsp": [258.39605712890625, 392.6461486816406, 34.012413024902344]}, "datetime": {"datetime": "2025-08-20 18:33:54", "elapsed": 24088.77789568901, "delta": 20.296422004699707}, "costs": {"total_cost": 283.0665549535183, "time_cost": 94.032, "final_distance_cost": 1.7606205763290157, "oscillation_cost": 95.89315205324046, "completition_cost": 0.0, "overshoot_cost": 52.76398502916709, "power_cost": 22.31479528808594, "noise_cost": 16.302002006695787, "n_waypoints_completed": 9, "tot_waypoints": 9}}
{"target": -223.36660028460577, "params": {"k_pid_pos": [1.9625815153121948, 0.0163612961769104, 0.0], "k_pid_alt": [1.9234869480133057, 0.05333447456359863, 0.9716107249259949], "k_pid_att": [92.76004791259766, 0.2228233367204666, 0.8405857086181641], "k_pid_yaw": [0.5, 1e-06, 0.1], "k_pid_hsp": [9.657669067382812, 0.9847597479820251, 0.031467556953430176], "k_pid_vsp": [400.0, 394.5874328613281, 3.193915843963623]}, "datetime": {"datetime": "2025-08-20 18:34:10", "elapsed": 24104.74502968788, "delta": 15.96713399887085}, "costs": {"total_cost": 223.36660028460577, "time_cost": 69.872, "final_distance_cost": 1.7536190340473274, "oscillation_cost": 75.9889183891473, "completition_cost": 0.0, "overshoot_cost": 50.89775978454003, "power_cost": 13.19019783935547, "noise_cost": 11.66410523751563, "n_waypoints_completed": 9, "tot_waypoints": 9}}
{"target": -214.33338745606935, "params": {"k_pid_pos": [1.9861979484558105, 0.05239596962928772, 0.0], "k_pid_alt": [1.9611725807189941, 0.04920172691345215, 0.9021836519241333], "k_pid_att": [97.35581970214844, 0.028865210711956024, 0.9581203460693359], "k_pid_yaw": [0.5, 1e-06, 0.1], "k_pid_hsp": [9.67675495147705, 0.9832645654678345, 0.006838202476501465], "k_pid_vsp": [47.779632568359375, 388.8204650878906, 21.31058120727539]}, "datetime": {"datetime": "2025-08-20 18:34:26", "elapsed": 24121.1782412529, "delta": 16.4332115650177}, "costs": {"total_cost": 214.33338745606935, "time_cost": 69.816, "final_distance_cost": 1.7320090655278022, "oscillation_cost": 62.081227827481044, "completition_cost": 0.0, "overshoot_cost": 50.73675761996287, "power_cost": 17.08328436279297, "noise_cost": 12.884108580304668, "n_waypoints_completed": 9, "tot_waypoints": 9}}
{"target": -250.39923514356354, "params": {"k_pid_pos": [1.953107237815857, 0.033071696758270264, 0.9038475751876831], "k_pid_alt": [1.975339651107788, 0.022019296884536743, 0.9823130369186401], "k_pid_att": [92.13603973388672, 0.2477765828371048, 0.9895676374435425], "k_pid_yaw": [0.5, 1e-06, 0.1], "k_pid_hsp": [9.744787216186523, 0.9590736627578735, 0.04694098234176636], "k_pid_vsp": [400.0, 392.0111999511719, 10.607315063476562]}, "datetime": {"datetime": "2025-08-20 18:34:41", "elapsed": 24136.169056653976, "delta": 14.99081540107727}, "costs": {"total_cost": 250.39923514356354, "time_cost": 69.4, "final_distance_cost": 1.8373191606028891, "oscillation_cost": 103.54589262950141, "completition_cost": 0.0, "overshoot_cost": 49.418803942217956, "power_cost": 13.958283972167969, "noise_cost": 12.238935439073314, "n_waypoints_completed": 9, "tot_waypoints": 9}}
{"target": -221.489244471161, "params": {"k_pid_pos": [1.9172191619873047, 0.01179438829421997, 0.0], "k_pid_alt": [1.958770751953125, 0.026079624891281128, 0.9536291360855103], "k_pid_att": [96.00493621826172, 0.6108644604682922, 0.9120670557022095], "k_pid_yaw": [0.5, 1e-06, 0.1], "k_pid_hsp": [8.969533920288086, 0.9908799529075623, 0.0534309446811676], "k_pid_vsp": [399.999755859375, 396.89727783203125, 45.68536376953125]}, "datetime": {"datetime": "2025-08-20 18:34:58", "elapsed": 24152.813931703568, "delta": 16.644875049591064}, "costs": {"total_cost": 221.489244471161, "time_cost": 68.912, "final_distance_cost": 1.758263095773985, "oscillation_cost": 77.03846229846866, "completition_cost": 0.0, "overshoot_cost": 50.05695385536267, "power_cost": 12.8637171875, "noise_cost": 10.85984803405563, "n_waypoints_completed": 9, "tot_waypoints": 9}}
{"target": -215.35977464888634, "params": {"k_pid_pos": [1.9432203769683838, 0.06672278046607971, 0.0], "k_pid_alt": [1.88454008102417, 0.018345654010772705, 0.9382776021957397], "k_pid_att": [98.47015380859375, 0.14906750619411469, 0.988747775554657], "k_pid_yaw": [0.5, 1e-06, 0.1], "k_pid_hsp": [8.191208839416504, 0.9601132273674011, 0.028630882501602173], "k_pid_vsp": [400.0, 386.44293212890625, 5.5368194580078125]}, "datetime": {"datetime": "2025-08-20 18:35:13", "elapsed": 24167.922909259796, "delta": 15.108977556228638}, "costs": {"total_cost": 215.35977464888634, "time_cost": 69.808, "final_distance_cost": 1.7619485295463715, "oscillation_cost": 69.00957142362098, "completition_cost": 0.0, "overshoot_cost": 50.34236635041049, "power_cost": 13.009784094238283, "noise_cost": 11.42810425107022, "n_waypoints_completed": 9, "tot_waypoints": 9}}
{"target": -311.2384935183343, "params": {"k_pid_pos": [1.8671739101409912, 0.014591455459594727, 2.086162567138672e-07], "k_pid_alt": [1.8116377592086792, 0.053100377321243286, 0.9866423010826111], "k_pid_att": [95.44387817382812, 0.8011325001716614, 0.9900017976760864], "k_pid_yaw": [0.5, 1e-06, 0.1], "k_pid_hsp": [9.568615913391113, 0.9911469221115112, 0.060807883739471436], "k_pid_vsp": [0.7382988929748535, 396.0853576660156, 3.707946300506592]}, "datetime": {"datetime": "2025-08-20 18:35:32", "elapsed": 24186.841558218002, "delta": 18.918648958206177}, "costs": {"total_cost": 311.2384935183343, "time_cost": 85.48, "final_distance_cost": 1.7935987240070927, "oscillation_cost": 136.36489209886705, "completition_cost": 0.0, "overshoot_cost": 55.47820645081928, "power_cost": 18.714146044921876, "noise_cost": 13.407650199719015, "n_waypoints_completed": 9, "tot_waypoints": 9}}
