{"target": -730.6662680785907, "params": {"k_pid_pos": [0.4708844721317291, 0.06056708097457886, 0.8008180856704712], "k_pid_alt": [0.5941616296768188, 0.27204611897468567, 0.2831871509552002], "k_pid_att": [97.43864440917969, 6.1715593338012695, 0.7188014388084412], "k_pid_yaw": [0.5, 1e-06, 0.1], "k_pid_hsp": [4.7722978591918945, 0.6573587656021118, 0.38492488861083984], "k_pid_vsp": [51.36000061035156, 379.76397705078125, 120.50919342041016]}, "datetime": {"datetime": "2025-08-20 13:13:14", "elapsed": 4849.359423398972, "delta": 23.91755723953247}, "costs": {"total_cost": 730.6662680785907, "time_cost": 150, "final_distance_cost": 36.17160594393132, "oscillation_cost": 339.5157982122348, "completition_cost": 111.11111111111116, "overshoot_cost": 57.25803003395757, "power_cost": 20.163750329589845, "noise_cost": 16.44597244776608, "n_waypoints_completed": 8, "tot_waypoints": 9}}
{"target": -1069.8687451429348, "params": {"k_pid_pos": [1.778188705444336, 0.5604724884033203, 8.940696716308594e-07], "k_pid_alt": [0.09742265939712524, 0.02511650323867798, 0.9206079244613647], "k_pid_att": [87.00233459472656, 1.5819300413131714, 0.7129690647125244], "k_pid_yaw": [0.5, 1e-06, 0.1], "k_pid_hsp": [0.17845259606838226, 0.9826664924621582, 0.44635871052742004], "k_pid_vsp": [400.0, 117.93730163574219, 42.95481491088867]}, "datetime": {"datetime": "2025-08-20 13:13:38", "elapsed": 4872.910697698593, "delta": 23.551274299621582}, "costs": {"total_cost": 1069.8687451429348, "time_cost": 150, "final_distance_cost": 66.14848521651797, "oscillation_cost": 78.43903265296684, "completition_cost": 666.6666666666667, "overshoot_cost": 69.65918540155351, "power_cost": 22.651911840820315, "noise_cost": 16.30346336440952, "n_waypoints_completed": 3, "tot_waypoints": 9}}
{"target": -690.1583152885206, "params": {"k_pid_pos": [0.4732955992221832, 0.5195931792259216, 3.8743019104003906e-07], "k_pid_alt": [0.4018235206604004, 0.039851486682891846, 0.317537784576416], "k_pid_att": [31.823326110839844, 3.372511863708496, 0.6984794735908508], "k_pid_yaw": [0.5, 1e-06, 0.1], "k_pid_hsp": [7.924099445343018, 0.858168363571167, 0.03233814239501953], "k_pid_vsp": [399.9945068359375, 285.7819519042969, 54.132450103759766]}, "datetime": {"datetime": "2025-08-20 13:14:04", "elapsed": 4899.279096126556, "delta": 26.368398427963257}, "costs": {"total_cost": 690.1583152885206, "time_cost": 150, "final_distance_cost": 73.19671356049821, "oscillation_cost": 59.30698457082829, "completition_cost": 333.33333333333337, "overshoot_cost": 40.04884698895703, "power_cost": 19.506394738769533, "noise_cost": 14.766042096134171, "n_waypoints_completed": 6, "tot_waypoints": 9}}
{"target": -878.514038139183, "params": {"k_pid_pos": [0.8813690543174744, 0.9750076532363892, 8.940696716308594e-08], "k_pid_alt": [1.206279993057251, 0.05758562684059143, 0.5892154574394226], "k_pid_att": [94.27520751953125, 2.390127420425415, 0.7410526871681213], "k_pid_yaw": [0.5, 1e-06, 0.1], "k_pid_hsp": [3.37648868560791, 0.949029803276062, 0.6518130302429199], "k_pid_vsp": [400.0, 381.59906005859375, 27.921369552612305]}, "datetime": {"datetime": "2025-08-20 13:14:30", "elapsed": 4925.297019481659, "delta": 26.01792335510254}, "costs": {"total_cost": 878.514038139183, "time_cost": 150, "final_distance_cost": 38.44385309912698, "oscillation_cost": 142.28300613668557, "completition_cost": 444.4444444444444, "overshoot_cost": 65.84251652296021, "power_cost": 21.46490369873047, "noise_cost": 16.035314237235404, "n_waypoints_completed": 5, "tot_waypoints": 9}}
{"target": -311.71383525710985, "params": {"k_pid_pos": [1.3689634799957275, 0.30897602438926697, 0.0], "k_pid_alt": [1.650633454322815, 0.04593980312347412, 0.8833135366439819], "k_pid_att": [92.20236206054688, 0.4928278625011444, 0.8482121229171753], "k_pid_yaw": [0.5, 1e-06, 0.1], "k_pid_hsp": [3.382744550704956, 0.846203088760376, 0.22455644607543945], "k_pid_vsp": [399.98455810546875, 229.53292846679688, 32.29343795776367]}, "datetime": {"datetime": "2025-08-20 13:14:48", "elapsed": 4943.148046731949, "delta": 17.851027250289917}, "costs": {"total_cost": 311.71383525710985, "time_cost": 79.072, "final_distance_cost": 1.756392269774528, "oscillation_cost": 144.2385331750393, "completition_cost": 0.0, "overshoot_cost": 54.77808513307133, "power_cost": 18.08963037109375, "noise_cost": 13.779194308130942, "n_waypoints_completed": 9, "tot_waypoints": 9}}
{"target": -558.8619007438361, "params": {"k_pid_pos": [1.9093505144119263, 0.27872413396835327, 0.07072609663009644], "k_pid_alt": [0.5265145301818848, 0.3560880124568939, 0.9142469167709351], "k_pid_att": [59.58321762084961, 2.1824824810028076, 0.5732672810554504], "k_pid_yaw": [0.5, 1e-06, 0.1], "k_pid_hsp": [5.541086196899414, 0.9969590902328491, 0.1690947711467743], "k_pid_vsp": [399.9826354980469, 339.2992858886719, 223.7831573486328]}, "datetime": {"datetime": "2025-08-20 13:15:11", "elapsed": 4965.9829070568085, "delta": 22.83486032485962}, "costs": {"total_cost": 558.8619007438361, "time_cost": 150, "final_distance_cost": 15.270478222029986, "oscillation_cost": 180.4589949417577, "completition_cost": 111.11111111111116, "overshoot_cost": 60.617980792711286, "power_cost": 24.36349020996094, "noise_cost": 17.0398454662651, "n_waypoints_completed": 8, "tot_waypoints": 9}}
{"target": -426.01296168509117, "params": {"k_pid_pos": [0.47108569741249084, 0.004807561635971069, 1.4901161193847656e-07], "k_pid_alt": [0.842805802822113, 0.09388816356658936, 0.8321894407272339], "k_pid_att": [75.33399200439453, 1.5182321071624756, 0.8400075435638428], "k_pid_yaw": [0.5, 1e-06, 0.1], "k_pid_hsp": [7.554388523101807, 0.9679057598114014, 0.12894493341445923], "k_pid_vsp": [400.0, 227.6410369873047, 182.27149963378906]}, "datetime": {"datetime": "2025-08-20 13:15:34", "elapsed": 4988.931145429611, "delta": 22.948238372802734}, "costs": {"total_cost": 426.01296168509117, "time_cost": 95.152, "final_distance_cost": 1.8177014872399873, "oscillation_cost": 241.3813742793628, "completition_cost": 0.0, "overshoot_cost": 53.42254049472619, "power_cost": 18.973877075195315, "noise_cost": 15.265468348566877, "n_waypoints_completed": 9, "tot_waypoints": 9}}
{"target": -461.93189595914396, "params": {"k_pid_pos": [1.005622386932373, 0.31730371713638306, 0.0036903023719787598], "k_pid_alt": [0.33636248111724854, 0.44183439016342163, 0.9566329717636108], "k_pid_att": [97.22160339355469, 2.938277244567871, 0.9951727390289307], "k_pid_yaw": [0.5, 1e-06, 0.1], "k_pid_hsp": [6.532786846160889, 0.970737099647522, 0.33247894048690796], "k_pid_vsp": [239.24913024902344, 365.8007507324219, 103.85899353027344]}, "datetime": {"datetime": "2025-08-20 13:16:00", "elapsed": 5014.935091972351, "delta": 26.003946542739868}, "costs": {"total_cost": 461.93189595914396, "time_cost": 98.256, "final_distance_cost": 1.7167744154284166, "oscillation_cost": 264.26815180357147, "completition_cost": 0.0, "overshoot_cost": 58.02294582467414, "power_cost": 22.722722595214844, "noise_cost": 16.94530132025508, "n_waypoints_completed": 9, "tot_waypoints": 9}}
{"target": -396.847075469878, "params": {"k_pid_pos": [1.4400659799575806, 0.9496899843215942, 0.9999762773513794], "k_pid_alt": [1.5049176216125488, 0.32647573947906494, 0.7425172328948975], "k_pid_att": [97.23600006103516, 0.065843865275383, 0.6385021805763245], "k_pid_yaw": [0.5, 1e-06, 0.1], "k_pid_hsp": [7.781805038452148, 0.8976050615310669, 0.040599703788757324], "k_pid_vsp": [0.00022649765014648438, 295.576416015625, 16.063024520874023]}, "datetime": {"datetime": "2025-08-20 13:16:27", "elapsed": 5041.657124042511, "delta": 26.722032070159912}, "costs": {"total_cost": 396.847075469878, "time_cost": 97.136, "final_distance_cost": 1.770329213085299, "oscillation_cost": 205.46925999243814, "completition_cost": 0.0, "overshoot_cost": 55.53922317800538, "power_cost": 20.964012829589844, "noise_cost": 15.96825025675932, "n_waypoints_completed": 9, "tot_waypoints": 9}}
{"target": -404.90142890698814, "params": {"k_pid_pos": [1.964678406715393, 0.3159935474395752, 0.7660185098648071], "k_pid_alt": [0.7152501940727234, 0.016361892223358154, 0.4839652180671692], "k_pid_att": [88.71097564697266, 0.9861533045768738, 0.7146970629692078], "k_pid_yaw": [0.5, 1e-06, 0.1], "k_pid_hsp": [0.8382342457771301, 0.9054235219955444, 0.5605675578117371], "k_pid_vsp": [400.0, 332.94085693359375, 131.05770874023438]}, "datetime": {"datetime": "2025-08-20 13:16:53", "elapsed": 5068.150841474533, "delta": 26.493717432022095}, "costs": {"total_cost": 404.90142890698814, "time_cost": 97.432, "final_distance_cost": 1.7950228296269783, "oscillation_cost": 194.97613018294362, "completition_cost": 0.0, "overshoot_cost": 70.6084435630455, "power_cost": 22.469383422851564, "noise_cost": 17.620448908520398, "n_waypoints_completed": 9, "tot_waypoints": 9}}
{"target": -522.5227511807891, "params": {"k_pid_pos": [1.9054211378097534, 0.4687882959842682, 0.0], "k_pid_alt": [0.9607331156730652, 0.1247667670249939, 0.8445191979408264], "k_pid_att": [81.3389892578125, 8.412378311157227, 0.9907897710800171], "k_pid_yaw": [0.5, 1e-06, 0.1], "k_pid_hsp": [3.120811700820923, 0.9692208766937256, 0.08722341060638428], "k_pid_vsp": [0.16075372695922852, 200.4618682861328, 1.1831531524658203]}, "datetime": {"datetime": "2025-08-20 13:17:18", "elapsed": 5093.222620725632, "delta": 25.071779251098633}, "costs": {"total_cost": 522.5227511807891, "time_cost": 150, "final_distance_cost": 44.591840337026056, "oscillation_cost": 125.60619988476476, "completition_cost": 111.11111111111116, "overshoot_cost": 53.93390288718848, "power_cost": 22.07317565917969, "noise_cost": 15.206521301518961, "n_waypoints_completed": 8, "tot_waypoints": 9}}
{"target": -1117.152601260698, "params": {"k_pid_pos": [1.9483387470245361, 0.4638845920562744, 0.9572432041168213], "k_pid_alt": [0.052366554737091064, 0.3398362994194031, 0.8137226104736328], "k_pid_att": [99.06304931640625, 9.385865211486816, 0.9547300338745117], "k_pid_yaw": [0.5, 1e-06, 0.1], "k_pid_hsp": [0.8884250521659851, 0.9091283082962036, 0.19106531143188477], "k_pid_vsp": [392.2999572753906, 398.8051452636719, 247.26095581054688]}, "datetime": {"datetime": "2025-08-20 13:17:44", "elapsed": 5119.3239550590515, "delta": 26.1013343334198}, "costs": {"total_cost": 1117.152601260698, "time_cost": 150, "final_distance_cost": 53.16334847873257, "oscillation_cost": 156.7577835239407, "completition_cost": 666.6666666666667, "overshoot_cost": 48.890612908443835, "power_cost": 23.184043261718752, "noise_cost": 18.49014642119545, "n_waypoints_completed": 3, "tot_waypoints": 9}}
{"target": -918.538139404208, "params": {"k_pid_pos": [1.7553426027297974, 0.683183491230011, 0.000894010066986084], "k_pid_alt": [0.6525037288665771, 0.08096319437026978, 0.9493808746337891], "k_pid_att": [95.62993621826172, 1.9391454458236694, 0.8793052434921265], "k_pid_yaw": [0.5, 1e-06, 0.1], "k_pid_hsp": [1.7830090522766113, 0.8828948736190796, 0.13836514949798584], "k_pid_vsp": [374.9295349121094, 349.1986389160156, 19.86773109436035]}, "datetime": {"datetime": "2025-08-20 13:18:09", "elapsed": 5144.099103927612, "delta": 24.77514886856079}, "costs": {"total_cost": 918.538139404208, "time_cost": 150, "final_distance_cost": 39.18260512267968, "oscillation_cost": 79.50940582221664, "completition_cost": 555.5555555555555, "overshoot_cost": 55.464162378163905, "power_cost": 22.37981072998047, "noise_cost": 16.4465997956118, "n_waypoints_completed": 4, "tot_waypoints": 9}}
{"target": -592.977579407458, "params": {"k_pid_pos": [1.1551973819732666, 0.6752467751502991, 1.7762184143066406e-05], "k_pid_alt": [0.7279400825500488, 0.30313554406166077, 0.39039555191993713], "k_pid_att": [81.11502838134766, 0.40877634286880493, 0.9450536966323853], "k_pid_yaw": [0.5, 1e-06, 0.1], "k_pid_hsp": [7.037084579467773, 0.8703526258468628, 0.028367936611175537], "k_pid_vsp": [400.0, 371.8470153808594, 202.55068969726562]}, "datetime": {"datetime": "2025-08-20 13:18:34", "elapsed": 5168.6110146045685, "delta": 24.511910676956177}, "costs": {"total_cost": 592.977579407458, "time_cost": 150, "final_distance_cost": 62.24347920272854, "oscillation_cost": 65.87847954908334, "completition_cost": 222.2222222222222, "overshoot_cost": 54.81277720126958, "power_cost": 21.71076737060547, "noise_cost": 16.109853861548896, "n_waypoints_completed": 7, "tot_waypoints": 9}}
{"target": -993.1190665778824, "params": {"k_pid_pos": [1.7552193403244019, 0.8961966037750244, 2.4139881134033203e-05], "k_pid_alt": [0.28587281703948975, 0.48577868938446045, 0.965623140335083], "k_pid_att": [86.52928161621094, 6.801131725311279, 0.37108713388442993], "k_pid_yaw": [0.5, 1e-06, 0.1], "k_pid_hsp": [9.850868225097656, 0.8998993635177612, 0.2355060875415802], "k_pid_vsp": [253.18043518066406, 266.31671142578125, 37.12586212158203]}, "datetime": {"datetime": "2025-08-20 13:18:58", "elapsed": 5193.077637910843, "delta": 24.466623306274414}, "costs": {"total_cost": 993.1190665778824, "time_cost": 150, "final_distance_cost": 49.63756264369248, "oscillation_cost": 149.449927559325, "completition_cost": 555.5555555555555, "overshoot_cost": 48.07961358966888, "power_cost": 22.54179688720703, "noise_cost": 17.854610342433524, "n_waypoints_completed": 4, "tot_waypoints": 9}}
{"target": -735.6731609669889, "params": {"k_pid_pos": [1.9816313982009888, 0.7610843181610107, 1.0], "k_pid_alt": [0.3431784510612488, 0.6579567193984985, 0.7985179424285889], "k_pid_att": [57.37895202636719, 3.6709790229797363, 0.8932394981384277], "k_pid_yaw": [0.5, 1e-06, 0.1], "k_pid_hsp": [4.369085311889648, 0.9850488901138306, 0.07135230302810669], "k_pid_vsp": [400.0, 368.6003723144531, 167.33741760253906]}, "datetime": {"datetime": "2025-08-20 13:19:23", "elapsed": 5217.562460184097, "delta": 24.484822273254395}, "costs": {"total_cost": 735.6731609669889, "time_cost": 150, "final_distance_cost": 76.79201917289312, "oscillation_cost": 193.27451321415745, "completition_cost": 222.2222222222222, "overshoot_cost": 53.934924461332834, "power_cost": 22.098468029785156, "noise_cost": 17.351013866598187, "n_waypoints_completed": 7, "tot_waypoints": 9}}
{"target": -338.8041748703473, "params": {"k_pid_pos": [1.9600692987442017, 0.21852648258209229, 0.0060353875160217285], "k_pid_alt": [0.7607413530349731, 0.045819610357284546, 0.5547814965248108], "k_pid_att": [80.78246307373047, 6.308016300201416, 0.9815288782119751], "k_pid_yaw": [0.5, 1e-06, 0.1], "k_pid_hsp": [7.819688320159912, 0.6567826867103577, 0.38664767146110535], "k_pid_vsp": [0.0, 333.3128356933594, 43.600772857666016]}, "datetime": {"datetime": "2025-08-20 13:19:44", "elapsed": 5239.163694620132, "delta": 21.601234436035156}, "costs": {"total_cost": 338.8041748703473, "time_cost": 88.64, "final_distance_cost": 1.7595440239239601, "oscillation_cost": 157.50753986930738, "completition_cost": 0.0, "overshoot_cost": 57.35775968164073, "power_cost": 19.052032775878907, "noise_cost": 14.48729851959632, "n_waypoints_completed": 9, "tot_waypoints": 9}}
{"target": -696.4225063199841, "params": {"k_pid_pos": [1.594752550125122, 0.5477468967437744, 0.0], "k_pid_alt": [0.10479581356048584, 0.32622992992401123, 0.9126557111740112], "k_pid_att": [95.60224151611328, 2.39566969871521, 0.9470056891441345], "k_pid_yaw": [0.5, 1e-06, 0.1], "k_pid_hsp": [4.6835432052612305, 0.6620643734931946, 0.14874586462974548], "k_pid_vsp": [393.9768371582031, 341.9053649902344, 173.81138610839844]}, "datetime": {"datetime": "2025-08-20 13:20:09", "elapsed": 5263.714259386063, "delta": 24.550564765930176}, "costs": {"total_cost": 696.4225063199841, "time_cost": 150, "final_distance_cost": 74.63779984039711, "oscillation_cost": 152.09412071819568, "completition_cost": 222.2222222222222, "overshoot_cost": 58.45536895989464, "power_cost": 22.636771240234378, "noise_cost": 16.3762233390402, "n_waypoints_completed": 7, "tot_waypoints": 9}}
{"target": -500.2424700590544, "params": {"k_pid_pos": [1.9945180416107178, 0.3333253264427185, 1.1920928955078125e-07], "k_pid_alt": [0.7502356171607971, 0.2516649067401886, 0.9220207929611206], "k_pid_att": [68.24730682373047, 5.236531734466553, 0.9475141167640686], "k_pid_yaw": [0.5, 1e-06, 0.1], "k_pid_hsp": [7.986970901489258, 0.9038262963294983, 0.019835740327835083], "k_pid_vsp": [399.9992370605469, 379.30291748046875, 216.58143615722656]}, "datetime": {"datetime": "2025-08-20 13:20:33", "elapsed": 5287.49952173233, "delta": 23.7852623462677}, "costs": {"total_cost": 500.2424700590544, "time_cost": 150, "final_distance_cost": 51.89156136071587, "oscillation_cost": 100.47145745773116, "completition_cost": 111.11111111111116, "overshoot_cost": 55.06581971026987, "power_cost": 18.107068359375003, "noise_cost": 13.595452059851397, "n_waypoints_completed": 8, "tot_waypoints": 9}}
{"target": -1190.1600551476326, "params": {"k_pid_pos": [0.6707224249839783, 0.8043408393859863, 2.849102020263672e-05], "k_pid_alt": [0.031337082386016846, 0.737223744392395, 0.6916381120681763], "k_pid_att": [94.52106475830078, 3.856461763381958, 0.7625601291656494], "k_pid_yaw": [0.5, 1e-06, 0.1], "k_pid_hsp": [2.259382486343384, 0.8659523129463196, 0.17063817381858826], "k_pid_vsp": [399.4690856933594, 285.0256652832031, 12.170374870300293]}, "datetime": {"datetime": "2025-08-20 13:20:59", "elapsed": 5313.636310815811, "delta": 26.136789083480835}, "costs": {"total_cost": 1190.1600551476326, "time_cost": 150, "final_distance_cost": 86.50338180587894, "oscillation_cost": 83.01982799108434, "completition_cost": 777.7777777777778, "overshoot_cost": 54.620174826310425, "power_cost": 21.738046582031252, "noise_cost": 16.5008461645497, "n_waypoints_completed": 2, "tot_waypoints": 9}}
{"target": -821.8107143265333, "params": {"k_pid_pos": [0.40618425607681274, 0.03298032283782959, 0.9999996423721313], "k_pid_alt": [1.5610852241516113, 0.13481003046035767, 0.7771528363227844], "k_pid_att": [54.43356704711914, 1.6850366592407227, 0.9845424294471741], "k_pid_yaw": [0.5, 1e-06, 0.1], "k_pid_hsp": [8.351744651794434, 0.8519279956817627, 0.04726135730743408], "k_pid_vsp": [400.0, 364.33868408203125, 7.94657564163208]}, "datetime": {"datetime": "2025-08-20 13:21:24", "elapsed": 5339.352151632309, "delta": 25.715840816497803}, "costs": {"total_cost": 821.8107143265333, "time_cost": 150, "final_distance_cost": 55.254523512919405, "oscillation_cost": 203.40680120154846, "completition_cost": 333.33333333333337, "overshoot_cost": 45.63835494516244, "power_cost": 18.75558514404297, "noise_cost": 15.422116189526733, "n_waypoints_completed": 6, "tot_waypoints": 9}}
{"target": -853.4502595655858, "params": {"k_pid_pos": [1.8825129270553589, 0.8369914889335632, 0.7622367143630981], "k_pid_alt": [0.9010827541351318, 0.05983471870422363, 0.6515734195709229], "k_pid_att": [84.19193267822266, 2.0410635471343994, 0.9592147469520569], "k_pid_yaw": [0.5, 1e-06, 0.1], "k_pid_hsp": [3.0345349311828613, 0.9576960802078247, 0.2753574848175049], "k_pid_vsp": [399.15118408203125, 390.41131591796875, 73.77855682373047]}, "datetime": {"datetime": "2025-08-20 13:21:49", "elapsed": 5364.430060386658, "delta": 25.077908754348755}, "costs": {"total_cost": 853.4502595655858, "time_cost": 150, "final_distance_cost": 73.56898198758871, "oscillation_cost": 213.89661244845752, "completition_cost": 333.33333333333337, "overshoot_cost": 42.913984706410695, "power_cost": 23.079997045898438, "noise_cost": 16.657350043897143, "n_waypoints_completed": 6, "tot_waypoints": 9}}
{"target": -237.83227912026865, "params": {"k_pid_pos": [1.246039867401123, 0.1182565689086914, 0.009159564971923828], "k_pid_alt": [0.6122721433639526, 0.16433760523796082, 0.05224716663360596], "k_pid_att": [93.850341796875, 1.0706202983856201, 0.8864390254020691], "k_pid_yaw": [0.5, 1e-06, 0.1], "k_pid_hsp": [9.597432136535645, 0.6491077542304993, 0.006863236427307129], "k_pid_vsp": [400.0, 372.6585693359375, 136.48143005371094]}, "datetime": {"datetime": "2025-08-20 13:22:11", "elapsed": 5385.683598279953, "delta": 21.253537893295288}, "costs": {"total_cost": 237.83227912026865, "time_cost": 85.272, "final_distance_cost": 1.7222693543962933, "oscillation_cost": 66.10698645562461, "completition_cost": 0.0, "overshoot_cost": 51.12806394429783, "power_cost": 19.20934949951172, "noise_cost": 14.393609866438211, "n_waypoints_completed": 9, "tot_waypoints": 9}}
{"target": -436.9702549905033, "params": {"k_pid_pos": [1.9440537691116333, 0.23761987686157227, 0.14353209733963013], "k_pid_alt": [1.5946173667907715, 0.29206597805023193, 0.9221553802490234], "k_pid_att": [90.8095474243164, 0.8222615718841553, 0.9172464609146118], "k_pid_yaw": [0.5, 1e-06, 0.1], "k_pid_hsp": [4.314233779907227, 0.3599777817726135, 0.03675210475921631], "k_pid_vsp": [398.5833740234375, 368.58245849609375, 113.19515991210938]}, "datetime": {"datetime": "2025-08-20 13:22:35", "elapsed": 5409.872396230698, "delta": 24.18879795074463}, "costs": {"total_cost": 436.9702549905033, "time_cost": 150, "final_distance_cost": 4.929041389689606, "oscillation_cost": 81.75730022389773, "completition_cost": 111.11111111111116, "overshoot_cost": 53.82618062561683, "power_cost": 20.059142346191408, "noise_cost": 15.287479293996563, "n_waypoints_completed": 8, "tot_waypoints": 9}}
