{"target": -223.1252943372924, "params": {"k_pid_pos": [1.9650535583496094, 0.035122305154800415, 0.0], "k_pid_alt": [1.9573180675506592, 0.05875840783119202, 0.9417024850845337], "k_pid_att": [98.12386322021484, 0.5520665645599365, 0.9753967523574829], "k_pid_yaw": [0.5, 1e-06, 0.1], "k_pid_hsp": [9.606532096862793, 0.996044397354126, 0.057817310094833374], "k_pid_vsp": [400.0, 385.84051513671875, 30.685544967651367]}, "datetime": {"datetime": "2025-08-20 20:48:05", "elapsed": 32139.52445411682, "delta": 15.385919332504272}, "costs": {"total_cost": 223.1252943372924, "time_cost": 69.648, "final_distance_cost": 1.7634833690051948, "oscillation_cost": 76.95557288970103, "completition_cost": 0.0, "overshoot_cost": 50.853226183350436, "power_cost": 12.938483666992187, "noise_cost": 10.96652822824354, "n_waypoints_completed": 9, "tot_waypoints": 9}}
{"target": -324.2009625483383, "params": {"k_pid_pos": [1.9250658750534058, 0.0939033031463623, 0.9980610013008118], "k_pid_alt": [1.7082749605178833, 0.006161391735076904, 0.968041181564331], "k_pid_att": [99.08531951904297, 0.19493401050567627, 0.9424659013748169], "k_pid_yaw": [0.5, 1e-06, 0.1], "k_pid_hsp": [9.779729843139648, 0.9570602774620056, 0.08919841051101685], "k_pid_vsp": [400.0, 385.4856872558594, 66.67707061767578]}, "datetime": {"datetime": "2025-08-20 20:48:22", "elapsed": 32156.642406225204, "delta": 17.11795210838318}, "costs": {"total_cost": 324.2009625483383, "time_cost": 72.848, "final_distance_cost": 1.8263171210092846, "oscillation_cost": 171.72489791810054, "completition_cost": 0.0, "overshoot_cost": 50.314475851294155, "power_cost": 15.191136877441407, "noise_cost": 12.296134780492862, "n_waypoints_completed": 9, "tot_waypoints": 9}}
{"target": -270.0743000289817, "params": {"k_pid_pos": [1.9843732118606567, 0.01142054796218872, 0.0], "k_pid_alt": [1.9871914386749268, 0.049157291650772095, 0.9939800500869751], "k_pid_att": [91.06803894042969, 0.29531437158584595, 0.979920506477356], "k_pid_yaw": [0.5, 1e-06, 0.1], "k_pid_hsp": [9.78689956665039, 0.9471859931945801, 0.09844473004341125], "k_pid_vsp": [400.0, 393.7358703613281, 29.42152214050293]}, "datetime": {"datetime": "2025-08-20 20:48:36", "elapsed": 32171.30075097084, "delta": 14.658344745635986}, "costs": {"total_cost": 270.0743000289817, "time_cost": 69.408, "final_distance_cost": 1.7588802112196096, "oscillation_cost": 121.24583944859741, "completition_cost": 0.0, "overshoot_cost": 50.58292848208729, "power_cost": 15.103791650390626, "noise_cost": 11.974860236686848, "n_waypoints_completed": 9, "tot_waypoints": 9}}
{"target": -223.00296443793576, "params": {"k_pid_pos": [1.9130430221557617, 0.03839188814163208, 0.0], "k_pid_alt": [1.980411410331726, 0.026279479265213013, 0.9938464164733887], "k_pid_att": [98.84427642822266, 0.21120025217533112, 0.9846179485321045], "k_pid_yaw": [0.5, 1e-06, 0.1], "k_pid_hsp": [9.838417053222656, 0.9939722418785095, 0.011939287185668945], "k_pid_vsp": [400.0, 398.1176452636719, 9.928203582763672]}, "datetime": {"datetime": "2025-08-20 20:48:53", "elapsed": 32187.815498113632, "delta": 16.514747142791748}, "costs": {"total_cost": 223.00296443793576, "time_cost": 69.60000000000001, "final_distance_cost": 1.7853904206329754, "oscillation_cost": 75.31428221025583, "completition_cost": 0.0, "overshoot_cost": 50.26443135012816, "power_cost": 14.210562023925782, "noise_cost": 11.828298432992984, "n_waypoints_completed": 9, "tot_waypoints": 9}}
{"target": -204.68622867198286, "params": {"k_pid_pos": [1.9590133428573608, 0.03382769227027893, 0.0], "k_pid_alt": [1.9647129774093628, 0.010565757751464844, 0.985327959060669], "k_pid_att": [99.0289306640625, 0.07768659293651581, 0.990077793598175], "k_pid_yaw": [0.5, 1e-06, 0.1], "k_pid_hsp": [9.912025451660156, 0.9950582981109619, 0.008247047662734985], "k_pid_vsp": [400.0, 381.191650390625, 14.09610652923584]}, "datetime": {"datetime": "2025-08-20 20:49:09", "elapsed": 32203.72096347809, "delta": 15.905465364456177}, "costs": {"total_cost": 204.68622867198286, "time_cost": 69.824, "final_distance_cost": 1.7825534804445258, "oscillation_cost": 61.47242574792079, "completition_cost": 0.0, "overshoot_cost": 50.082483276115845, "power_cost": 11.462543566894531, "noise_cost": 10.062222600607166, "n_waypoints_completed": 9, "tot_waypoints": 9}}
{"target": -203.6309108518983, "params": {"k_pid_pos": [1.8955495357513428, 0.0430334210395813, 0.0], "k_pid_alt": [1.9709727764129639, 0.006426036357879639, 0.9628351926803589], "k_pid_att": [99.2691879272461, 0.3316156268119812, 0.97642982006073], "k_pid_yaw": [0.5, 1e-06, 0.1], "k_pid_hsp": [8.789440155029297, 0.9499423503875732, 0.003931879997253418], "k_pid_vsp": [400.0, 375.8371887207031, 27.764644622802734]}, "datetime": {"datetime": "2025-08-20 20:49:26", "elapsed": 32220.852385997772, "delta": 17.131422519683838}, "costs": {"total_cost": 203.6309108518983, "time_cost": 69.632, "final_distance_cost": 1.7875182448844875, "oscillation_cost": 56.34984003078588, "completition_cost": 0.0, "overshoot_cost": 50.305553477493795, "power_cost": 14.247998901367188, "noise_cost": 11.308000197366951, "n_waypoints_completed": 9, "tot_waypoints": 9}}
{"target": -224.34820604219664, "params": {"k_pid_pos": [1.937309741973877, 0.04542061686515808, 0.0], "k_pid_alt": [1.9265975952148438, 0.04297944903373718, 0.978796124458313], "k_pid_att": [92.07872772216797, 0.22690562903881073, 0.9902065992355347], "k_pid_yaw": [0.5, 1e-06, 0.1], "k_pid_hsp": [9.902315139770508, 0.8777624368667603, 0.06445086002349854], "k_pid_vsp": [400.0, 396.4664306640625, 13.031006813049316]}, "datetime": {"datetime": "2025-08-20 20:49:44", "elapsed": 32239.045847654343, "delta": 18.193461656570435}, "costs": {"total_cost": 224.34820604219664, "time_cost": 69.52, "final_distance_cost": 1.7788104044832616, "oscillation_cost": 76.38419428781066, "completition_cost": 0.0, "overshoot_cost": 50.27221727749111, "power_cost": 14.567924328613282, "noise_cost": 11.82505974379832, "n_waypoints_completed": 9, "tot_waypoints": 9}}
{"target": -211.7764166418999, "params": {"k_pid_pos": [1.9943244457244873, 0.008012712001800537, 0.0], "k_pid_alt": [1.9561874866485596, 0.013625949621200562, 0.9828670024871826], "k_pid_att": [98.01923370361328, 0.01765279658138752, 0.994271993637085], "k_pid_yaw": [0.5, 1e-06, 0.1], "k_pid_hsp": [9.877148628234863, 0.7729815244674683, 0.0029917359352111816], "k_pid_vsp": [400.0, 392.9388427734375, 36.815216064453125]}, "datetime": {"datetime": "2025-08-20 20:50:03", "elapsed": 32257.79793524742, "delta": 18.752087593078613}, "costs": {"total_cost": 211.7764166418999, "time_cost": 69.47200000000001, "final_distance_cost": 1.7283003018135992, "oscillation_cost": 64.49554582465706, "completition_cost": 0.0, "overshoot_cost": 50.25508849354439, "power_cost": 14.527934814453126, "noise_cost": 11.297547207431725, "n_waypoints_completed": 9, "tot_waypoints": 9}}
{"target": -214.10763776253202, "params": {"k_pid_pos": [1.8754754066467285, 0.03089234232902527, 0.0], "k_pid_alt": [1.9834702014923096, 0.049424171447753906, 0.9536640644073486], "k_pid_att": [99.64488220214844, 0.39207735657691956, 0.9953750371932983], "k_pid_yaw": [0.5, 1e-06, 0.1], "k_pid_hsp": [9.06942367553711, 0.991021990776062, 0.03992342948913574], "k_pid_vsp": [400.0, 397.734130859375, 45.97517395019531]}, "datetime": {"datetime": "2025-08-20 20:50:19", "elapsed": 32274.34318971634, "delta": 16.545254468917847}, "costs": {"total_cost": 214.10763776253202, "time_cost": 69.16, "final_distance_cost": 1.7322832660181995, "oscillation_cost": 69.25115470210186, "completition_cost": 0.0, "overshoot_cost": 50.20730902955331, "power_cost": 12.905445397949219, "noise_cost": 10.851445366909452, "n_waypoints_completed": 9, "tot_waypoints": 9}}
{"target": -258.7427350539126, "params": {"k_pid_pos": [1.951117992401123, 0.08188918232917786, 3.8743019104003906e-07], "k_pid_alt": [1.977888584136963, 0.06983357667922974, 0.9349921941757202], "k_pid_att": [99.70268249511719, 0.3266967833042145, 0.8867479562759399], "k_pid_yaw": [0.5, 1e-06, 0.1], "k_pid_hsp": [9.845747947692871, 0.984174370765686, 0.10051986575126648], "k_pid_vsp": [400.0, 392.54522705078125, 29.150033950805664]}, "datetime": {"datetime": "2025-08-20 20:50:36", "elapsed": 32291.25910305977, "delta": 16.915913343429565}, "costs": {"total_cost": 258.7427350539126, "time_cost": 77.496, "final_distance_cost": 1.7475368805241887, "oscillation_cost": 95.29719511905864, "completition_cost": 0.0, "overshoot_cost": 52.481727389974495, "power_cost": 17.973973669433594, "noise_cost": 13.746301994921703, "n_waypoints_completed": 9, "tot_waypoints": 9}}
{"target": -218.61817202414565, "params": {"k_pid_pos": [1.9464231729507446, 0.03460600972175598, 0.0], "k_pid_alt": [1.9973618984222412, 0.017136603593826294, 0.9913467168807983], "k_pid_att": [95.50505065917969, 0.1333359032869339, 0.9700123071670532], "k_pid_yaw": [0.5, 1e-06, 0.1], "k_pid_hsp": [9.987096786499023, 0.9896479845046997, 0.04557996988296509], "k_pid_vsp": [400.0, 393.3629150390625, 3.6131749153137207]}, "datetime": {"datetime": "2025-08-20 20:50:53", "elapsed": 32307.765278577805, "delta": 16.50617551803589}, "costs": {"total_cost": 218.61817202414565, "time_cost": 69.624, "final_distance_cost": 1.764880613446013, "oscillation_cost": 71.84449518344071, "completition_cost": 0.0, "overshoot_cost": 50.53686202805955, "power_cost": 13.220657690429688, "noise_cost": 11.627276508769713, "n_waypoints_completed": 9, "tot_waypoints": 9}}
{"target": -243.33949959877427, "params": {"k_pid_pos": [1.8741655349731445, 0.011012434959411621, 3.2782554626464844e-07], "k_pid_alt": [1.6244087219238281, 0.08298861980438232, 0.9708052277565002], "k_pid_att": [95.33199310302734, 0.2107684165239334, 0.9728745222091675], "k_pid_yaw": [0.5, 1e-06, 0.1], "k_pid_hsp": [9.300323486328125, 0.9958271384239197, 0.012337207794189453], "k_pid_vsp": [400.0, 382.1761474609375, 31.70612144470215]}, "datetime": {"datetime": "2025-08-20 20:51:12", "elapsed": 32326.619282245636, "delta": 18.85400366783142}, "costs": {"total_cost": 243.33949959877427, "time_cost": 86.288, "final_distance_cost": 1.8080517277702588, "oscillation_cost": 75.13191284388911, "completition_cost": 0.0, "overshoot_cost": 52.10010690665221, "power_cost": 15.421439709472658, "noise_cost": 12.589988410990065, "n_waypoints_completed": 9, "tot_waypoints": 9}}
{"target": -228.73184485518541, "params": {"k_pid_pos": [1.982888102531433, 0.0931074321269989, 0.0], "k_pid_alt": [1.8776665925979614, 0.013891071081161499, 0.9843145608901978], "k_pid_att": [93.80819702148438, 0.00926352571696043, 0.9922021627426147], "k_pid_yaw": [0.5, 1e-06, 0.1], "k_pid_hsp": [9.83705997467041, 0.9856135249137878, 0.050204843282699585], "k_pid_vsp": [400.0, 398.152587890625, 6.623829364776611]}, "datetime": {"datetime": "2025-08-20 20:51:28", "elapsed": 32343.473952054977, "delta": 16.85466980934143}, "costs": {"total_cost": 228.73184485518541, "time_cost": 69.784, "final_distance_cost": 1.7556239856110996, "oscillation_cost": 82.36039351395839, "completition_cost": 0.0, "overshoot_cost": 49.792188563275204, "power_cost": 13.388300573730469, "noise_cost": 11.65133821861025, "n_waypoints_completed": 9, "tot_waypoints": 9}}
{"target": -219.7330032131606, "params": {"k_pid_pos": [1.979107141494751, 0.007056325674057007, 0.0], "k_pid_alt": [1.9588871002197266, 0.02719283103942871, 0.9920216798782349], "k_pid_att": [95.05562591552734, 0.13828542828559875, 0.9987492561340332], "k_pid_yaw": [0.5, 1e-06, 0.1], "k_pid_hsp": [9.724698066711426, 0.9841578602790833, 0.020704954862594604], "k_pid_vsp": [399.9960021972656, 397.17083740234375, 10.148871421813965]}, "datetime": {"datetime": "2025-08-20 20:51:43", "elapsed": 32358.35352373123, "delta": 14.879571676254272}, "costs": {"total_cost": 219.7330032131606, "time_cost": 69.712, "final_distance_cost": 1.78230403029566, "oscillation_cost": 74.06600130303543, "completition_cost": 0.0, "overshoot_cost": 50.54270513903648, "power_cost": 12.680413720703125, "noise_cost": 10.949579020089912, "n_waypoints_completed": 9, "tot_waypoints": 9}}
{"target": -204.85247412196813, "params": {"k_pid_pos": [1.949140191078186, 0.04860636591911316, 0.0], "k_pid_alt": [1.857088565826416, 0.013655990362167358, 0.9563732147216797], "k_pid_att": [98.95106506347656, 0.04294845834374428, 0.9890940189361572], "k_pid_yaw": [0.5, 1e-06, 0.1], "k_pid_hsp": [9.477084159851074, 0.9907767176628113, 0.004911333322525024], "k_pid_vsp": [400.0, 383.5351867675781, 6.734133720397949]}, "datetime": {"datetime": "2025-08-20 20:52:00", "elapsed": 32374.656792640686, "delta": 16.303268909454346}, "costs": {"total_cost": 204.85247412196813, "time_cost": 70.048, "final_distance_cost": 1.7762803107950507, "oscillation_cost": 57.96499540599544, "completition_cost": 0.0, "overshoot_cost": 50.28948131810637, "power_cost": 13.216553466796876, "noise_cost": 11.55716362027439, "n_waypoints_completed": 9, "tot_waypoints": 9}}
{"target": -209.69345253539373, "params": {"k_pid_pos": [1.9083867073059082, 0.02560827136039734, 0.0], "k_pid_alt": [1.9779982566833496, 0.0038355588912963867, 0.9891051054000854], "k_pid_att": [99.01903533935547, 0.1297382116317749, 0.9864533543586731], "k_pid_yaw": [0.5, 1e-06, 0.1], "k_pid_hsp": [9.884313583374023, 0.9827864170074463, 0.0014132857322692871], "k_pid_vsp": [400.0, 397.4087219238281, 3.3914098739624023]}, "datetime": {"datetime": "2025-08-20 20:52:16", "elapsed": 32390.59027647972, "delta": 15.933483839035034}, "costs": {"total_cost": 209.69345253539373, "time_cost": 69.848, "final_distance_cost": 1.7771371459070102, "oscillation_cost": 63.50320130221524, "completition_cost": 0.0, "overshoot_cost": 50.07638835301885, "power_cost": 12.990075207519531, "noise_cost": 11.498650526733114, "n_waypoints_completed": 9, "tot_waypoints": 9}}
{"target": -226.5154390082939, "params": {"k_pid_pos": [1.8793615102767944, 0.002915024757385254, 0.0], "k_pid_alt": [1.9786367416381836, 0.02659633755683899, 0.9843188524246216], "k_pid_att": [96.6082992553711, 0.06842322647571564, 0.9846467971801758], "k_pid_yaw": [0.5, 1e-06, 0.1], "k_pid_hsp": [9.749999046325684, 0.9580802917480469, 0.010792851448059082], "k_pid_vsp": [169.44729614257812, 396.15765380859375, 1.8436918258666992]}, "datetime": {"datetime": "2025-08-20 20:52:31", "elapsed": 32405.687174797058, "delta": 15.096898317337036}, "costs": {"total_cost": 226.5154390082939, "time_cost": 69.528, "final_distance_cost": 1.7499979848551763, "oscillation_cost": 80.35270772605404, "completition_cost": 0.0, "overshoot_cost": 50.24460989045171, "power_cost": 13.149788867187501, "noise_cost": 11.490334539745469, "n_waypoints_completed": 9, "tot_waypoints": 9}}
{"target": -237.80064857634878, "params": {"k_pid_pos": [1.989548921585083, 0.007470816373825073, 0.0], "k_pid_alt": [1.9769800901412964, 0.08764404058456421, 0.8418487310409546], "k_pid_att": [98.85748291015625, 0.10672449320554733, 0.965889036655426], "k_pid_yaw": [0.5, 1e-06, 0.1], "k_pid_hsp": [9.152383804321289, 0.9893717169761658, 0.001606673002243042], "k_pid_vsp": [399.9998474121094, 396.56671142578125, 5.522514343261719]}, "datetime": {"datetime": "2025-08-20 20:52:51", "elapsed": 32425.716873168945, "delta": 20.029698371887207}, "costs": {"total_cost": 237.80064857634878, "time_cost": 82.992, "final_distance_cost": 1.7811013510216716, "oscillation_cost": 72.42988409182179, "completition_cost": 0.0, "overshoot_cost": 52.0418133218692, "power_cost": 15.278745825195314, "noise_cost": 13.277103986440803, "n_waypoints_completed": 9, "tot_waypoints": 9}}
{"target": -442.8145216332149, "params": {"k_pid_pos": [1.9406813383102417, 0.03435298800468445, 0.0], "k_pid_alt": [1.7575478553771973, 0.2044469714164734, 0.9963265657424927], "k_pid_att": [97.67790222167969, 0.3718873858451843, 0.9800498485565186], "k_pid_yaw": [0.5, 1e-06, 0.1], "k_pid_hsp": [9.988690376281738, 0.9976061582565308, 0.013991951942443848], "k_pid_vsp": [400.0, 384.8758239746094, 7.503260135650635]}, "datetime": {"datetime": "2025-08-20 20:53:13", "elapsed": 32448.451845407486, "delta": 22.73497223854065}, "costs": {"total_cost": 442.8145216332149, "time_cost": 150, "final_distance_cost": 20.95554197693349, "oscillation_cost": 75.35423461592434, "completition_cost": 111.11111111111116, "overshoot_cost": 51.88049885038094, "power_cost": 18.30974351806641, "noise_cost": 15.203391560798622, "n_waypoints_completed": 8, "tot_waypoints": 9}}
{"target": -212.87387896722313, "params": {"k_pid_pos": [1.9797852039337158, 0.001431286334991455, 0.0], "k_pid_alt": [1.9897174835205078, 0.013029098510742188, 0.9902126789093018], "k_pid_att": [98.66062927246094, 0.9009088277816772, 0.9942715167999268], "k_pid_yaw": [0.5, 1e-06, 0.1], "k_pid_hsp": [9.765992164611816, 0.9891606569290161, 0.007747262716293335], "k_pid_vsp": [400.0, 369.5480651855469, 15.0336275100708]}, "datetime": {"datetime": "2025-08-20 20:53:30", "elapsed": 32464.82637476921, "delta": 16.374529361724854}, "costs": {"total_cost": 212.87387896722313, "time_cost": 69.648, "final_distance_cost": 1.7596257734505072, "oscillation_cost": 64.69806242530875, "completition_cost": 0.0, "overshoot_cost": 50.495625716745536, "power_cost": 14.56503387451172, "noise_cost": 11.707531177206631, "n_waypoints_completed": 9, "tot_waypoints": 9}}
{"target": -210.6050882122759, "params": {"k_pid_pos": [1.955173373222351, 0.02119988203048706, 0.0], "k_pid_alt": [1.9235363006591797, 0.023136287927627563, 0.9814026951789856], "k_pid_att": [93.91600799560547, 0.295764684677124, 0.990715503692627], "k_pid_yaw": [0.5, 1e-06, 0.1], "k_pid_hsp": [9.60091495513916, 0.9875814914703369, 0.015666663646697998], "k_pid_vsp": [400.0, 393.40313720703125, 6.21618127822876]}, "datetime": {"datetime": "2025-08-20 20:53:45", "elapsed": 32479.58890557289, "delta": 14.76253080368042}, "costs": {"total_cost": 210.6050882122759, "time_cost": 69.696, "final_distance_cost": 1.7322068706075173, "oscillation_cost": 63.92552808485884, "completition_cost": 0.0, "overshoot_cost": 50.63323753979908, "power_cost": 13.054417321777345, "noise_cost": 11.563698395233112, "n_waypoints_completed": 9, "tot_waypoints": 9}}
{"target": -210.56650735379597, "params": {"k_pid_pos": [1.9893138408660889, 0.0051285624504089355, 0.0], "k_pid_alt": [1.9748890399932861, 0.01734253764152527, 0.9882434606552124], "k_pid_att": [99.27783203125, 0.27705466747283936, 0.9875851273536682], "k_pid_yaw": [0.5, 1e-06, 0.1], "k_pid_hsp": [9.958602905273438, 0.941094160079956, 0.018154531717300415], "k_pid_vsp": [400.0, 396.02349853515625, 23.23974609375]}, "datetime": {"datetime": "2025-08-20 20:54:01", "elapsed": 32495.896381616592, "delta": 16.307476043701172}, "costs": {"total_cost": 210.56650735379597, "time_cost": 69.57600000000001, "final_distance_cost": 1.7896644730590552, "oscillation_cost": 63.25949404696799, "completition_cost": 0.0, "overshoot_cost": 50.20321644205569, "power_cost": 14.335606896972656, "noise_cost": 11.402525494740564, "n_waypoints_completed": 9, "tot_waypoints": 9}}
{"target": -215.64543237105175, "params": {"k_pid_pos": [1.9597212076187134, 0.01781255006790161, 0.0], "k_pid_alt": [1.9888863563537598, 0.023854702711105347, 0.9872912168502808], "k_pid_att": [99.07524871826172, 0.610569417476654, 0.9886279106140137], "k_pid_yaw": [0.5, 1e-06, 0.1], "k_pid_hsp": [9.806282043457031, 0.8636797070503235, 0.02200150489807129], "k_pid_vsp": [400.0, 396.36553955078125, 4.130137920379639]}, "datetime": {"datetime": "2025-08-20 20:54:16", "elapsed": 32511.18035507202, "delta": 15.283973455429077}, "costs": {"total_cost": 215.64543237105175, "time_cost": 69.608, "final_distance_cost": 1.7506435161368552, "oscillation_cost": 69.28180215114106, "completition_cost": 0.0, "overshoot_cost": 50.37321239829994, "power_cost": 13.052650122070313, "noise_cost": 11.579124183403552, "n_waypoints_completed": 9, "tot_waypoints": 9}}
{"target": -241.58419778678078, "params": {"k_pid_pos": [1.9625120162963867, 0.008223652839660645, 0.0], "k_pid_alt": [1.9287627935409546, 0.03951972723007202, 0.9855489730834961], "k_pid_att": [99.13627624511719, 0.2188626527786255, 0.9508533477783203], "k_pid_yaw": [0.5, 1e-06, 0.1], "k_pid_hsp": [9.882184028625488, 0.9928785562515259, 0.09000667929649353], "k_pid_vsp": [400.0, 398.3622741699219, 3.3666977882385254]}, "datetime": {"datetime": "2025-08-20 20:54:33", "elapsed": 32527.61719727516, "delta": 16.43684220314026}, "costs": {"total_cost": 241.58419778678078, "time_cost": 69.24, "final_distance_cost": 1.7700191422264726, "oscillation_cost": 94.42295051012117, "completition_cost": 0.0, "overshoot_cost": 50.414051412028584, "power_cost": 13.784466137695313, "noise_cost": 11.95271058470923, "n_waypoints_completed": 9, "tot_waypoints": 9}}
{"target": -440.4547156539116, "params": {"k_pid_pos": [1.7988767623901367, 0.04376894235610962, 0.005337953567504883], "k_pid_alt": [1.8631486892700195, 0.23989471793174744, 0.9518073797225952], "k_pid_att": [99.06856536865234, 0.14469346404075623, 0.9907190799713135], "k_pid_yaw": [0.5, 1e-06, 0.1], "k_pid_hsp": [9.877638816833496, 0.9484617114067078, 0.009306639432907104], "k_pid_vsp": [400.0, 379.16729736328125, 47.02255630493164]}, "datetime": {"datetime": "2025-08-20 20:54:55", "elapsed": 32550.345687627792, "delta": 22.728490352630615}, "costs": {"total_cost": 440.4547156539116, "time_cost": 150, "final_distance_cost": 7.9548928610715155, "oscillation_cost": 85.14681575862484, "completition_cost": 111.11111111111116, "overshoot_cost": 52.15254634257764, "power_cost": 19.41464129638672, "noise_cost": 14.674708284139719, "n_waypoints_completed": 8, "tot_waypoints": 9}}
