{"target": -213.7895463336957, "params": {"k_pid_pos": [1.9919675588607788, 0.002094447612762451, 0.0], "k_pid_alt": [1.995732307434082, 0.01953941583633423, 0.941834032535553], "k_pid_att": [98.8521728515625, 0.04224453493952751, 0.9922503232955933], "k_pid_yaw": [0.5, 1e-06, 0.1], "k_pid_hsp": [9.774866104125977, 0.9173741340637207, 0.012502342462539673], "k_pid_vsp": [400.0, 389.8797607421875, 3.5206923484802246]}, "datetime": {"datetime": "2025-08-20 21:51:50", "elapsed": 35965.464403152466, "delta": 14.838785409927368}, "costs": {"total_cost": 213.7895463336957, "time_cost": 69.70400000000001, "final_distance_cost": 1.778281446949888, "oscillation_cost": 66.45516442349815, "completition_cost": 0.0, "overshoot_cost": 50.908776667282275, "power_cost": 13.300440197753908, "noise_cost": 11.642883598211487, "n_waypoints_completed": 9, "tot_waypoints": 9}}
{"target": -259.6012532520931, "params": {"k_pid_pos": [1.9813556671142578, 0.012426257133483887, 0.9999105334281921], "k_pid_alt": [1.9315171241760254, 0.019523441791534424, 0.973724365234375], "k_pid_att": [94.82860565185547, 0.4072182774543762, 0.9994440078735352], "k_pid_yaw": [0.5, 1e-06, 0.1], "k_pid_hsp": [9.879470825195312, 0.8940206170082092, 0.013742208480834961], "k_pid_vsp": [74.41861724853516, 396.01556396484375, 2.951909065246582]}, "datetime": {"datetime": "2025-08-20 21:52:08", "elapsed": 35983.201328754425, "delta": 17.73692560195923}, "costs": {"total_cost": 259.6012532520931, "time_cost": 69.728, "final_distance_cost": 1.847904820038946, "oscillation_cost": 112.72858026875564, "completition_cost": 0.0, "overshoot_cost": 50.17560690091733, "power_cost": 13.302309741210939, "noise_cost": 11.818851521170247, "n_waypoints_completed": 9, "tot_waypoints": 9}}
{"target": -227.94760879111715, "params": {"k_pid_pos": [1.9928699731826782, 0.003580152988433838, 0.0], "k_pid_alt": [1.9671496152877808, 0.02715352177619934, 0.9131349325180054], "k_pid_att": [95.00940704345703, 0.243025541305542, 0.9858115315437317], "k_pid_yaw": [0.5, 1e-06, 0.1], "k_pid_hsp": [9.615495681762695, 0.9683074951171875, 0.050239622592926025], "k_pid_vsp": [400.0, 390.5486145019531, 1.8826017379760742]}, "datetime": {"datetime": "2025-08-20 21:52:23", "elapsed": 35998.35798192024, "delta": 15.15665316581726}, "costs": {"total_cost": 227.94760879111715, "time_cost": 69.64, "final_distance_cost": 1.743913618290476, "oscillation_cost": 81.33404089569208, "completition_cost": 0.0, "overshoot_cost": 50.4880075810071, "power_cost": 13.139141113281251, "noise_cost": 11.602505582846211, "n_waypoints_completed": 9, "tot_waypoints": 9}}
{"target": -214.04997593176435, "params": {"k_pid_pos": [1.946444034576416, 0.005107671022415161, 0.0], "k_pid_alt": [1.931313157081604, 0.007898539304733276, 0.9921748638153076], "k_pid_att": [98.38314056396484, 0.09344977885484695, 0.899665117263794], "k_pid_yaw": [0.5, 1e-06, 0.1], "k_pid_hsp": [9.915950775146484, 0.983544111251831, 0.007040202617645264], "k_pid_vsp": [400.0, 380.6522521972656, 7.9791436195373535]}, "datetime": {"datetime": "2025-08-20 21:52:41", "elapsed": 36015.5235452652, "delta": 17.165563344955444}, "costs": {"total_cost": 214.04997593176435, "time_cost": 69.928, "final_distance_cost": 1.7336710705598417, "oscillation_cost": 67.58932917164101, "completition_cost": 0.0, "overshoot_cost": 50.094985758611294, "power_cost": 13.1715134765625, "noise_cost": 11.532476454389698, "n_waypoints_completed": 9, "tot_waypoints": 9}}
{"target": -234.9405351997352, "params": {"k_pid_pos": [1.9596632719039917, 0.03028777241706848, 0.050639837980270386], "k_pid_alt": [1.9821656942367554, 0.01958608627319336, 0.9838502407073975], "k_pid_att": [98.57413482666016, 0.26110371947288513, 0.9845893383026123], "k_pid_yaw": [0.5, 1e-06, 0.1], "k_pid_hsp": [9.836172103881836, 0.9243577718734741, 0.11625757813453674], "k_pid_vsp": [400.0, 398.5848388671875, 3.7995705604553223]}, "datetime": {"datetime": "2025-08-20 21:52:56", "elapsed": 36031.27074885368, "delta": 15.747203588485718}, "costs": {"total_cost": 234.9405351997352, "time_cost": 69.36, "final_distance_cost": 1.754979133805451, "oscillation_cost": 87.68560476180583, "completition_cost": 0.0, "overshoot_cost": 50.333919568964546, "power_cost": 13.845270166015625, "noise_cost": 11.960761569143724, "n_waypoints_completed": 9, "tot_waypoints": 9}}
{"target": -253.13909556458918, "params": {"k_pid_pos": [1.9845976829528809, 0.19777202606201172, 0.4078234136104584], "k_pid_alt": [1.9875283241271973, 0.006919562816619873, 0.9903881549835205], "k_pid_att": [98.98500061035156, 0.12665429711341858, 0.9667964577674866], "k_pid_yaw": [0.5, 1e-06, 0.1], "k_pid_hsp": [9.91219711303711, 0.9944093227386475, 0.06264239549636841], "k_pid_vsp": [400.0, 385.2304992675781, 6.1679253578186035]}, "datetime": {"datetime": "2025-08-20 21:53:13", "elapsed": 36048.228546857834, "delta": 16.95779800415039}, "costs": {"total_cost": 253.13909556458918, "time_cost": 73.072, "final_distance_cost": 1.7917372163123755, "oscillation_cost": 100.47633008913, "completition_cost": 0.0, "overshoot_cost": 51.3208889791797, "power_cost": 14.165543798828125, "noise_cost": 12.312595481139002, "n_waypoints_completed": 9, "tot_waypoints": 9}}
{"target": -219.84103700496252, "params": {"k_pid_pos": [1.9533703327178955, 0.015413761138916016, 0.0], "k_pid_alt": [1.9900622367858887, 0.06520068645477295, 0.944141149520874], "k_pid_att": [98.5674057006836, 0.11078501492738724, 0.9401917457580566], "k_pid_yaw": [0.5, 1e-06, 0.1], "k_pid_hsp": [8.865860939025879, 0.9015470743179321, 0.03406625986099243], "k_pid_vsp": [400.0, 388.6883239746094, 30.180574417114258]}, "datetime": {"datetime": "2025-08-20 21:53:29", "elapsed": 36063.57548928261, "delta": 15.34694242477417}, "costs": {"total_cost": 219.84103700496252, "time_cost": 69.736, "final_distance_cost": 1.7867087111212139, "oscillation_cost": 72.18298426057825, "completition_cost": 0.0, "overshoot_cost": 51.17132348022015, "power_cost": 13.825098437500001, "noise_cost": 11.138922115542872, "n_waypoints_completed": 9, "tot_waypoints": 9}}
{"target": -260.8911983159372, "params": {"k_pid_pos": [1.9322736263275146, 0.009015262126922607, 0.0], "k_pid_alt": [1.9575297832489014, 0.07297936081886292, 0.995513916015625], "k_pid_att": [98.16228485107422, 0.47953706979751587, 0.9883110523223877], "k_pid_yaw": [0.5, 1e-06, 0.1], "k_pid_hsp": [9.763212203979492, 0.97935950756073, 0.08938014507293701], "k_pid_vsp": [400.0, 397.4713134765625, 7.199204921722412]}, "datetime": {"datetime": "2025-08-20 21:53:47", "elapsed": 36082.36706161499, "delta": 18.791572332382202}, "costs": {"total_cost": 260.8911983159372, "time_cost": 80.328, "final_distance_cost": 1.7866563843480112, "oscillation_cost": 95.9897266351983, "completition_cost": 0.0, "overshoot_cost": 53.47932709597135, "power_cost": 15.839454785156251, "noise_cost": 13.468033415263273, "n_waypoints_completed": 9, "tot_waypoints": 9}}
{"target": -226.3514024922411, "params": {"k_pid_pos": [1.9798519611358643, 0.008419930934906006, 0.0], "k_pid_alt": [1.929696798324585, 0.014951169490814209, 0.9478975534439087], "k_pid_att": [94.6832046508789, 0.7780091166496277, 0.9775123596191406], "k_pid_yaw": [0.5, 1e-06, 0.1], "k_pid_hsp": [9.709519386291504, 0.9788748025894165, 0.01728770136833191], "k_pid_vsp": [8.910965919494629, 393.83319091796875, 4.045833110809326]}, "datetime": {"datetime": "2025-08-20 21:54:03", "elapsed": 36097.65784049034, "delta": 15.290778875350952}, "costs": {"total_cost": 226.3514024922411, "time_cost": 69.992, "final_distance_cost": 1.7698259665560785, "oscillation_cost": 77.80327446643399, "completition_cost": 0.0, "overshoot_cost": 51.921380976286386, "power_cost": 14.233115783691407, "noise_cost": 10.631805299273243, "n_waypoints_completed": 9, "tot_waypoints": 9}}
{"target": -243.62509282202382, "params": {"k_pid_pos": [1.9565823078155518, 0.002903074026107788, 0.0], "k_pid_alt": [1.9647343158721924, 0.02713683247566223, 0.9467045068740845], "k_pid_att": [97.12683868408203, 0.05756516009569168, 0.9884728193283081], "k_pid_yaw": [0.5, 1e-06, 0.1], "k_pid_hsp": [9.768411636352539, 0.9769655466079712, 0.09648877382278442], "k_pid_vsp": [400.0, 388.5904235839844, 14.163792610168457]}, "datetime": {"datetime": "2025-08-20 21:54:19", "elapsed": 36113.930010557175, "delta": 16.272170066833496}, "costs": {"total_cost": 243.62509282202382, "time_cost": 69.184, "final_distance_cost": 1.746396698158046, "oscillation_cost": 95.56150063848456, "completition_cost": 0.0, "overshoot_cost": 50.27096439543354, "power_cost": 14.766419689941406, "noise_cost": 12.095811400006264, "n_waypoints_completed": 9, "tot_waypoints": 9}}
{"target": -208.40171763827678, "params": {"k_pid_pos": [1.9639445543289185, 0.005985379219055176, 0.0], "k_pid_alt": [1.9513163566589355, 0.015068650245666504, 0.9165898561477661], "k_pid_att": [99.80484771728516, 0.5553120374679565, 0.9953538179397583], "k_pid_yaw": [0.5, 1e-06, 0.1], "k_pid_hsp": [9.77894401550293, 0.9944561719894409, 0.003493368625640869], "k_pid_vsp": [400.0, 381.45147705078125, 7.240248680114746]}, "datetime": {"datetime": "2025-08-20 21:54:34", "elapsed": 36129.40130639076, "delta": 15.471295833587646}, "costs": {"total_cost": 208.40171763827678, "time_cost": 69.64, "final_distance_cost": 1.7281655243707617, "oscillation_cost": 61.489051105998, "completition_cost": 0.0, "overshoot_cost": 50.57785356967406, "power_cost": 13.309743859863282, "noise_cost": 11.656903578370654, "n_waypoints_completed": 9, "tot_waypoints": 9}}
{"target": -219.4683738088919, "params": {"k_pid_pos": [1.9942984580993652, 0.07522433996200562, 0.0], "k_pid_alt": [1.9587035179138184, 0.023518621921539307, 0.9977370500564575], "k_pid_att": [96.0597152709961, 0.78863924741745, 0.9751709699630737], "k_pid_yaw": [0.5, 1e-06, 0.1], "k_pid_hsp": [9.955856323242188, 0.9762439727783203, 0.0249498188495636], "k_pid_vsp": [400.0, 380.5074462890625, 52.4525032043457]}, "datetime": {"datetime": "2025-08-20 21:54:51", "elapsed": 36146.04291510582, "delta": 16.641608715057373}, "costs": {"total_cost": 219.4683738088919, "time_cost": 69.496, "final_distance_cost": 1.7182551502473205, "oscillation_cost": 71.68079117932626, "completition_cost": 0.0, "overshoot_cost": 50.25834853503115, "power_cost": 14.714550488281251, "noise_cost": 11.600428456005918, "n_waypoints_completed": 9, "tot_waypoints": 9}}
{"target": -214.28207591221596, "params": {"k_pid_pos": [1.9894152879714966, 0.031243711709976196, 7.033348083496094e-06], "k_pid_alt": [1.9807217121124268, 0.008170634508132935, 0.9950499534606934], "k_pid_att": [97.18374633789062, 0.26688799262046814, 0.98562091588974], "k_pid_yaw": [0.5, 1e-06, 0.1], "k_pid_hsp": [9.925094604492188, 0.9967163801193237, 0.010575294494628906], "k_pid_vsp": [400.0, 393.3912353515625, 4.889596462249756]}, "datetime": {"datetime": "2025-08-20 21:55:06", "elapsed": 36161.02334976196, "delta": 14.980434656143188}, "costs": {"total_cost": 214.28207591221596, "time_cost": 69.936, "final_distance_cost": 1.7930786002991659, "oscillation_cost": 67.51655723394933, "completition_cost": 0.0, "overshoot_cost": 50.471347668400774, "power_cost": 13.045301440429688, "noise_cost": 11.519790969136993, "n_waypoints_completed": 9, "tot_waypoints": 9}}
{"target": -228.37890885138557, "params": {"k_pid_pos": [1.96763277053833, 0.0292397141456604, 0.0], "k_pid_alt": [1.5527276992797852, 0.009553849697113037, 0.9427382946014404], "k_pid_att": [85.94738006591797, 0.10901358723640442, 0.993207573890686], "k_pid_yaw": [0.5, 1e-06, 0.1], "k_pid_hsp": [9.943878173828125, 0.994773268699646, 0.06407025456428528], "k_pid_vsp": [400.0, 394.63397216796875, 6.161547660827637]}, "datetime": {"datetime": "2025-08-20 21:55:23", "elapsed": 36177.97204327583, "delta": 16.94869351387024}, "costs": {"total_cost": 228.37890885138557, "time_cost": 70.368, "final_distance_cost": 1.7887734941057944, "oscillation_cost": 80.46549399212671, "completition_cost": 0.0, "overshoot_cost": 50.394759928544154, "power_cost": 13.596160583496095, "noise_cost": 11.765720853112851, "n_waypoints_completed": 9, "tot_waypoints": 9}}
{"target": -235.027687897382, "params": {"k_pid_pos": [1.9909038543701172, 0.0017281174659729004, 0.0], "k_pid_alt": [1.979935884475708, 0.017732203006744385, 0.984377384185791], "k_pid_att": [97.76698303222656, 0.6000111699104309, 0.9847676157951355], "k_pid_yaw": [0.5, 1e-06, 0.1], "k_pid_hsp": [9.468311309814453, 0.9931778907775879, 0.018847167491912842], "k_pid_vsp": [400.0, 395.22967529296875, 0.7614980340003967]}, "datetime": {"datetime": "2025-08-20 21:55:38", "elapsed": 36192.73214650154, "delta": 14.760103225708008}, "costs": {"total_cost": 235.027687897382, "time_cost": 69.512, "final_distance_cost": 1.7398296938653655, "oscillation_cost": 88.0935652514517, "completition_cost": 0.0, "overshoot_cost": 50.710981523029496, "power_cost": 13.339214135742187, "noise_cost": 11.632097293293263, "n_waypoints_completed": 9, "tot_waypoints": 9}}
{"target": -219.68742824479344, "params": {"k_pid_pos": [1.9720823764801025, 0.07240766286849976, 0.0], "k_pid_alt": [1.9990391731262207, 0.027682334184646606, 0.9962803721427917], "k_pid_att": [99.72457122802734, 0.3167468011379242, 0.9888092875480652], "k_pid_yaw": [0.5, 1e-06, 0.1], "k_pid_hsp": [9.544668197631836, 0.9588271975517273, 0.0051170289516448975], "k_pid_vsp": [400.0, 390.797119140625, 0.7844577431678772]}, "datetime": {"datetime": "2025-08-20 21:55:56", "elapsed": 36210.79223442078, "delta": 18.06008791923523}, "costs": {"total_cost": 219.68742824479344, "time_cost": 69.872, "final_distance_cost": 1.7459378608521248, "oscillation_cost": 72.66447109541747, "completition_cost": 0.0, "overshoot_cost": 50.61823966124225, "power_cost": 13.194838977050782, "noise_cost": 11.5919406502308, "n_waypoints_completed": 9, "tot_waypoints": 9}}
{"target": -209.37758986766124, "params": {"k_pid_pos": [1.8514587879180908, 0.019770115613937378, 7.349252700805664e-05], "k_pid_alt": [1.970097541809082, 0.023351013660430908, 0.9867826700210571], "k_pid_att": [96.26151275634766, 0.475667268037796, 0.9780487418174744], "k_pid_yaw": [0.5, 1e-06, 0.1], "k_pid_hsp": [9.896888732910156, 0.9237114191055298, 0.004929095506668091], "k_pid_vsp": [400.0, 385.4949035644531, 2.7794132232666016]}, "datetime": {"datetime": "2025-08-20 21:56:11", "elapsed": 36225.8937830925, "delta": 15.101548671722412}, "costs": {"total_cost": 209.37758986766124, "time_cost": 69.488, "final_distance_cost": 1.7623014747818944, "oscillation_cost": 63.106397366847055, "completition_cost": 0.0, "overshoot_cost": 50.795757068913424, "power_cost": 12.833166735839844, "noise_cost": 11.391967221279035, "n_waypoints_completed": 9, "tot_waypoints": 9}}
{"target": -215.44209628871812, "params": {"k_pid_pos": [1.9661011695861816, 0.010131508111953735, 0.0], "k_pid_alt": [1.9979052543640137, 0.009618967771530151, 0.9963260889053345], "k_pid_att": [98.91563415527344, 0.09636352211236954, 0.9942910671234131], "k_pid_yaw": [0.5, 1e-06, 0.1], "k_pid_hsp": [9.932271003723145, 0.9919613599777222, 0.009814828634262085], "k_pid_vsp": [400.0, 398.6184997558594, 36.2171630859375]}, "datetime": {"datetime": "2025-08-20 21:56:28", "elapsed": 36243.23415470123, "delta": 17.34037160873413}, "costs": {"total_cost": 215.44209628871812, "time_cost": 69.464, "final_distance_cost": 1.7368714174011002, "oscillation_cost": 70.07490169936399, "completition_cost": 0.0, "overshoot_cost": 50.0133815314827, "power_cost": 13.23711728515625, "noise_cost": 10.915824355314067, "n_waypoints_completed": 9, "tot_waypoints": 9}}
{"target": -232.18464693731042, "params": {"k_pid_pos": [1.926196813583374, 0.03707188367843628, 0.0], "k_pid_alt": [1.8934924602508545, 0.01061093807220459, 0.9276067018508911], "k_pid_att": [99.50960540771484, 1.3260278701782227, 0.9735264778137207], "k_pid_yaw": [0.5, 1e-06, 0.1], "k_pid_hsp": [9.722979545593262, 0.9832471609115601, 0.08082455396652222], "k_pid_vsp": [400.0, 397.35107421875, 73.47992706298828]}, "datetime": {"datetime": "2025-08-20 21:56:43", "elapsed": 36257.98439621925, "delta": 14.75024151802063}, "costs": {"total_cost": 232.18464693731042, "time_cost": 69.0, "final_distance_cost": 1.7447153058305116, "oscillation_cost": 84.40170120612783, "completition_cost": 0.0, "overshoot_cost": 50.03514722432684, "power_cost": 15.096928833007814, "noise_cost": 11.90615436801743, "n_waypoints_completed": 9, "tot_waypoints": 9}}
{"target": -212.65386264585155, "params": {"k_pid_pos": [1.922280192375183, 0.019480496644973755, 0.0], "k_pid_alt": [1.8370234966278076, 0.00473448634147644, 0.9913196563720703], "k_pid_att": [98.6622543334961, 0.10377796739339828, 0.9263600707054138], "k_pid_yaw": [0.5, 1e-06, 0.1], "k_pid_hsp": [9.6604642868042, 0.9328920841217041, 0.009390681982040405], "k_pid_vsp": [400.0, 396.25518798828125, 8.52096176147461]}, "datetime": {"datetime": "2025-08-20 21:57:00", "elapsed": 36274.95157670975, "delta": 16.967180490493774}, "costs": {"total_cost": 212.65386264585155, "time_cost": 70.048, "final_distance_cost": 1.7981171562620428, "oscillation_cost": 64.13433997532067, "completition_cost": 0.0, "overshoot_cost": 50.31565672881058, "power_cost": 14.405723144531251, "noise_cost": 11.95202564092702, "n_waypoints_completed": 9, "tot_waypoints": 9}}
{"target": -218.91174901545685, "params": {"k_pid_pos": [1.9886536598205566, 0.03137889504432678, 0.0], "k_pid_alt": [1.9718663692474365, 0.0011510848999023438, 0.9910257458686829], "k_pid_att": [99.51781463623047, 0.04804251715540886, 0.9678202271461487], "k_pid_yaw": [0.5, 1e-06, 0.1], "k_pid_hsp": [9.902088165283203, 0.9687947034835815, 0.018454670906066895], "k_pid_vsp": [399.99188232421875, 395.7956237792969, 20.071866989135742]}, "datetime": {"datetime": "2025-08-20 21:57:15", "elapsed": 36289.798523426056, "delta": 14.846946716308594}, "costs": {"total_cost": 218.91174901545685, "time_cost": 69.888, "final_distance_cost": 1.7476760132434292, "oscillation_cost": 73.73825287348042, "completition_cost": 0.0, "overshoot_cost": 49.87360273415096, "power_cost": 12.865489306640626, "noise_cost": 10.798728087941415, "n_waypoints_completed": 9, "tot_waypoints": 9}}
{"target": -215.48848941736463, "params": {"k_pid_pos": [1.9790385961532593, 0.006433606147766113, 0.0], "k_pid_alt": [1.8457432985305786, 0.004182010889053345, 0.9971646070480347], "k_pid_att": [98.22772979736328, 0.4669722318649292, 0.9940102100372314], "k_pid_yaw": [0.5, 1e-06, 0.1], "k_pid_hsp": [9.939318656921387, 0.9390904903411865, 0.016195297241210938], "k_pid_vsp": [400.0, 390.9446105957031, 6.292308330535889]}, "datetime": {"datetime": "2025-08-20 21:57:32", "elapsed": 36307.404133319855, "delta": 17.605609893798828}, "costs": {"total_cost": 215.48848941736463, "time_cost": 70.16, "final_distance_cost": 1.7918407501159725, "oscillation_cost": 68.26127877169279, "completition_cost": 0.0, "overshoot_cost": 50.48881777404857, "power_cost": 13.181451049804688, "noise_cost": 11.60510107170264, "n_waypoints_completed": 9, "tot_waypoints": 9}}
{"target": -215.26780513646665, "params": {"k_pid_pos": [1.9882349967956543, 0.004159599542617798, 0.0], "k_pid_alt": [1.9856635332107544, 0.017781943082809448, 0.9022870063781738], "k_pid_att": [98.8931655883789, 0.7005658745765686, 0.9915413856506348], "k_pid_yaw": [0.5, 1e-06, 0.1], "k_pid_hsp": [9.729060173034668, 0.9425958395004272, 0.04096120595932007], "k_pid_vsp": [399.9967956542969, 393.05487060546875, 15.238333702087402]}, "datetime": {"datetime": "2025-08-20 21:57:48", "elapsed": 36323.0046415329, "delta": 15.600508213043213}, "costs": {"total_cost": 215.26780513646665, "time_cost": 69.4, "final_distance_cost": 1.7325189161391088, "oscillation_cost": 67.12871286397063, "completition_cost": 0.0, "overshoot_cost": 50.26174592384849, "power_cost": 14.83486844482422, "noise_cost": 11.909958987684167, "n_waypoints_completed": 9, "tot_waypoints": 9}}
{"target": -259.64007427007977, "params": {"k_pid_pos": [1.9748471975326538, 0.02882280945777893, 0.0], "k_pid_alt": [1.9605717658996582, 0.10305121541023254, 0.9653583765029907], "k_pid_att": [98.56446075439453, 0.0533711202442646, 0.9876599907875061], "k_pid_yaw": [0.5, 1e-06, 0.1], "k_pid_hsp": [9.489421844482422, 0.9802823662757874, 0.008734196424484253], "k_pid_vsp": [400.0, 399.2467041015625, 1.200819969177246]}, "datetime": {"datetime": "2025-08-20 21:58:11", "elapsed": 36346.41942071915, "delta": 23.41477918624878}, "costs": {"total_cost": 259.64007427007977, "time_cost": 97.84, "final_distance_cost": 1.7876622684117933, "oscillation_cost": 75.71099795750965, "completition_cost": 0.0, "overshoot_cost": 51.63694262293067, "power_cost": 17.46429884033203, "noise_cost": 15.200172580895616, "n_waypoints_completed": 9, "tot_waypoints": 9}}
{"target": -216.96716057697626, "params": {"k_pid_pos": [1.9530718326568604, 0.03367838263511658, 0.0], "k_pid_alt": [1.985111951828003, 0.0036770105361938477, 0.9957366585731506], "k_pid_att": [99.63314819335938, 0.11387757211923599, 0.9892047643661499], "k_pid_yaw": [0.5, 1e-06, 0.1], "k_pid_hsp": [9.930145263671875, 0.993902325630188, 0.013500839471817017], "k_pid_vsp": [397.6498107910156, 397.9598388671875, 5.164981842041016]}, "datetime": {"datetime": "2025-08-20 21:58:26", "elapsed": 36361.453157663345, "delta": 15.033736944198608}, "costs": {"total_cost": 216.96716057697626, "time_cost": 70.112, "final_distance_cost": 1.7328077882110329, "oscillation_cost": 70.37672518644555, "completition_cost": 0.0, "overshoot_cost": 50.04605448013518, "power_cost": 13.095519873046875, "noise_cost": 11.604053249137607, "n_waypoints_completed": 9, "tot_waypoints": 9}}
