{"target": -248.71931082428753, "params": {"k_pid_pos": [1.9798619747161865, 0.022752851247787476, 0.0], "k_pid_alt": [1.963531494140625, 0.03123873472213745, 0.9392104744911194], "k_pid_att": [98.84025573730469, 1.7025620937347412, 0.9883646965026855], "k_pid_yaw": [0.5, 1e-06, 0.1], "k_pid_hsp": [9.78427505493164, 0.9811349511146545, 0.030893534421920776], "k_pid_vsp": [400.0, 383.4344482421875, 49.73251724243164]}, "datetime": {"datetime": "2025-08-20 21:02:29", "elapsed": 33004.076583862305, "delta": 16.550840139389038}, "costs": {"total_cost": 248.71931082428753, "time_cost": 69.48, "final_distance_cost": 1.7224829845828507, "oscillation_cost": 99.34793729958773, "completition_cost": 0.0, "overshoot_cost": 50.81811162563686, "power_cost": 15.34577840576172, "noise_cost": 12.005000508718394, "n_waypoints_completed": 9, "tot_waypoints": 9}}
{"target": -213.502635523518, "params": {"k_pid_pos": [1.8049378395080566, 0.040509968996047974, 2.9802322387695312e-08], "k_pid_alt": [1.8641257286071777, 0.050329238176345825, 0.9248417615890503], "k_pid_att": [99.16505432128906, 0.7808921933174133, 0.9600440263748169], "k_pid_yaw": [0.5, 1e-06, 0.1], "k_pid_hsp": [9.071036338806152, 0.964484691619873, 0.012828528881072998], "k_pid_vsp": [400.0, 391.8630065917969, 12.025786399841309]}, "datetime": {"datetime": "2025-08-20 21:02:45", "elapsed": 33019.78968715668, "delta": 15.713103294372559}, "costs": {"total_cost": 213.502635523518, "time_cost": 69.48, "final_distance_cost": 1.734451345287615, "oscillation_cost": 63.61727212793902, "completition_cost": 0.0, "overshoot_cost": 50.49905314292092, "power_cost": 15.769378857421875, "noise_cost": 12.402480049948531, "n_waypoints_completed": 9, "tot_waypoints": 9}}
{"target": -208.68258765365528, "params": {"k_pid_pos": [1.9663766622543335, 0.09249570965766907, 1.7881393432617188e-07], "k_pid_alt": [1.983015775680542, 0.051947444677352905, 0.9316661953926086], "k_pid_att": [99.00914764404297, 0.2159128487110138, 0.9956008791923523], "k_pid_yaw": [0.5, 1e-06, 0.1], "k_pid_hsp": [9.769516944885254, 0.9948135614395142, 0.009492248296737671], "k_pid_vsp": [400.0, 391.8040771484375, 8.177460670471191]}, "datetime": {"datetime": "2025-08-20 21:03:02", "elapsed": 33037.15979027748, "delta": 17.370103120803833}, "costs": {"total_cost": 208.68258765365528, "time_cost": 70.304, "final_distance_cost": 1.7509735064264023, "oscillation_cost": 60.30170326000143, "completition_cost": 0.0, "overshoot_cost": 51.3352106352123, "power_cost": 13.343548046875, "noise_cost": 11.647152205140188, "n_waypoints_completed": 9, "tot_waypoints": 9}}
{"target": -219.75822720154014, "params": {"k_pid_pos": [1.971606731414795, 0.017760872840881348, 0.0], "k_pid_alt": [1.9907581806182861, 0.024409890174865723, 0.9904057383537292], "k_pid_att": [99.44355773925781, 0.43029308319091797, 0.9933668375015259], "k_pid_yaw": [0.5, 1e-06, 0.1], "k_pid_hsp": [9.662518501281738, 0.943968653678894, 0.04744720458984375], "k_pid_vsp": [400.0, 324.0543212890625, 7.4437031745910645]}, "datetime": {"datetime": "2025-08-20 21:03:17", "elapsed": 33052.13571882248, "delta": 14.975928544998169}, "costs": {"total_cost": 219.75822720154014, "time_cost": 69.728, "final_distance_cost": 1.7316429338948427, "oscillation_cost": 72.55695967332714, "completition_cost": 0.0, "overshoot_cost": 50.83573997424232, "power_cost": 13.268948852539063, "noise_cost": 11.636935767536762, "n_waypoints_completed": 9, "tot_waypoints": 9}}
{"target": -238.9964925278815, "params": {"k_pid_pos": [1.8273510932922363, 0.039860308170318604, 0.0], "k_pid_alt": [1.9698505401611328, 0.025175392627716064, 0.9951229095458984], "k_pid_att": [99.71852111816406, 0.14322958886623383, 0.9714328050613403], "k_pid_yaw": [0.5, 1e-06, 0.1], "k_pid_hsp": [9.140227317810059, 0.9633778929710388, 0.04451274871826172], "k_pid_vsp": [400.0, 396.339599609375, 9.474934577941895]}, "datetime": {"datetime": "2025-08-20 21:03:35", "elapsed": 33069.49916291237, "delta": 17.363444089889526}, "costs": {"total_cost": 238.9964925278815, "time_cost": 69.44800000000001, "final_distance_cost": 1.723483851375826, "oscillation_cost": 91.87442858758207, "completition_cost": 0.0, "overshoot_cost": 50.62487797491034, "power_cost": 13.65710350341797, "noise_cost": 11.668598610595263, "n_waypoints_completed": 9, "tot_waypoints": 9}}
{"target": -267.10562444930883, "params": {"k_pid_pos": [1.9907913208007812, 0.01620352268218994, 0.0], "k_pid_alt": [1.9293241500854492, 0.08485537767410278, 0.992300271987915], "k_pid_att": [99.37735748291016, 0.05915837362408638, 0.9340361952781677], "k_pid_yaw": [0.5, 1e-06, 0.1], "k_pid_hsp": [9.97937297821045, 0.8974342346191406, 0.045303404331207275], "k_pid_vsp": [400.0, 390.8116455078125, 11.272753715515137]}, "datetime": {"datetime": "2025-08-20 21:03:54", "elapsed": 33089.22346448898, "delta": 19.72430157661438}, "costs": {"total_cost": 267.10562444930883, "time_cost": 81.976, "final_distance_cost": 1.8030025732073915, "oscillation_cost": 102.25770479744277, "completition_cost": 0.0, "overshoot_cost": 52.821028976988636, "power_cost": 15.289098681640626, "noise_cost": 12.958789420029385, "n_waypoints_completed": 9, "tot_waypoints": 9}}
{"target": -209.43038545122607, "params": {"k_pid_pos": [1.9466767311096191, 0.016270935535430908, 2.682209014892578e-07], "k_pid_alt": [1.8388453722000122, 0.036233991384506226, 0.993290901184082], "k_pid_att": [99.09088897705078, 0.3356412649154663, 0.9182169437408447], "k_pid_yaw": [0.5, 1e-06, 0.1], "k_pid_hsp": [9.85894775390625, 0.7333463430404663, 0.005375593900680542], "k_pid_vsp": [400.0, 397.54266357421875, 14.646590232849121]}, "datetime": {"datetime": "2025-08-20 21:04:09", "elapsed": 33104.447207689285, "delta": 15.223743200302124}, "costs": {"total_cost": 209.43038545122607, "time_cost": 69.696, "final_distance_cost": 1.7301658832033953, "oscillation_cost": 61.68709096023159, "completition_cost": 0.0, "overshoot_cost": 50.63553488136909, "power_cost": 14.283334448242188, "noise_cost": 11.398259278179802, "n_waypoints_completed": 9, "tot_waypoints": 9}}
{"target": -212.35206475511887, "params": {"k_pid_pos": [1.9509282112121582, 0.049453020095825195, 0.0], "k_pid_alt": [1.7123875617980957, 0.016665279865264893, 0.9470746517181396], "k_pid_att": [85.85668182373047, 0.4644649922847748, 0.9988193511962891], "k_pid_yaw": [0.5, 1e-06, 0.1], "k_pid_hsp": [9.926782608032227, 0.993431806564331, 0.00288468599319458], "k_pid_vsp": [400.0, 368.32684326171875, 2.532471179962158]}, "datetime": {"datetime": "2025-08-20 21:04:28", "elapsed": 33123.09467601776, "delta": 18.647468328475952}, "costs": {"total_cost": 212.35206475511887, "time_cost": 70.184, "final_distance_cost": 1.7914546232138642, "oscillation_cost": 65.65304042605968, "completition_cost": 0.0, "overshoot_cost": 50.12794279335768, "power_cost": 13.068570764160157, "noise_cost": 11.527056148327508, "n_waypoints_completed": 9, "tot_waypoints": 9}}
{"target": -213.46359221923504, "params": {"k_pid_pos": [1.6353296041488647, 0.0008666515350341797, 0.0], "k_pid_alt": [1.9938204288482666, 0.02059119939804077, 0.9017013907432556], "k_pid_att": [95.84806823730469, 0.16410471498966217, 0.9841362237930298], "k_pid_yaw": [0.5, 1e-06, 0.1], "k_pid_hsp": [9.305895805358887, 0.9935075044631958, 0.04156237840652466], "k_pid_vsp": [400.0, 370.93182373046875, 14.844216346740723]}, "datetime": {"datetime": "2025-08-20 21:04:44", "elapsed": 33138.82870030403, "delta": 15.734024286270142}, "costs": {"total_cost": 213.46359221923504, "time_cost": 68.792, "final_distance_cost": 1.78494371568735, "oscillation_cost": 64.35037684823915, "completition_cost": 0.0, "overshoot_cost": 50.39625706095163, "power_cost": 15.726899743652345, "noise_cost": 12.413114850704542, "n_waypoints_completed": 9, "tot_waypoints": 9}}
{"target": -215.24280541497455, "params": {"k_pid_pos": [1.9845359325408936, 0.01873806118965149, 0.0], "k_pid_alt": [1.9866774082183838, 0.009515464305877686, 0.9726067185401917], "k_pid_att": [99.50906372070312, 0.07014161348342896, 0.617684006690979], "k_pid_yaw": [0.5, 1e-06, 0.1], "k_pid_hsp": [9.701367378234863, 0.9910932779312134, 0.0009132325649261475], "k_pid_vsp": [400.0, 386.20697021484375, 11.202765464782715]}, "datetime": {"datetime": "2025-08-20 21:05:01", "elapsed": 33155.970301389694, "delta": 17.141601085662842}, "costs": {"total_cost": 215.24280541497455, "time_cost": 69.8, "final_distance_cost": 1.7558505059195753, "oscillation_cost": 67.80096093650161, "completition_cost": 0.0, "overshoot_cost": 50.436214453271596, "power_cost": 14.040427734375001, "noise_cost": 11.409351784906793, "n_waypoints_completed": 9, "tot_waypoints": 9}}
{"target": -224.16821227139366, "params": {"k_pid_pos": [1.9712231159210205, 0.012937933206558228, 0.0], "k_pid_alt": [1.9820311069488525, 0.03910917043685913, 0.9728257656097412], "k_pid_att": [98.08615112304688, 0.02227538824081421, 0.9894355535507202], "k_pid_yaw": [0.5, 1e-06, 0.1], "k_pid_hsp": [9.98598575592041, 0.9886987209320068, 0.03865927457809448], "k_pid_vsp": [400.0, 394.6637268066406, 1.5139827728271484]}, "datetime": {"datetime": "2025-08-20 21:05:16", "elapsed": 33170.93004322052, "delta": 14.959741830825806}, "costs": {"total_cost": 224.16821227139366, "time_cost": 69.496, "final_distance_cost": 1.7374605676379313, "oscillation_cost": 77.25122765203645, "completition_cost": 0.0, "overshoot_cost": 50.72933770582545, "power_cost": 13.299153637695314, "noise_cost": 11.655032708198513, "n_waypoints_completed": 9, "tot_waypoints": 9}}
{"target": -228.19724332130718, "params": {"k_pid_pos": [1.9503090381622314, 0.02151206135749817, 0.0], "k_pid_alt": [1.9842007160186768, 0.006867766380310059, 0.9987121820449829], "k_pid_att": [91.35568237304688, 0.18186791241168976, 0.9949533343315125], "k_pid_yaw": [0.5, 1e-06, 0.1], "k_pid_hsp": [9.915549278259277, 0.9860866069793701, 0.039832741022109985], "k_pid_vsp": [400.0, 393.5511474609375, 2.4786720275878906]}, "datetime": {"datetime": "2025-08-20 21:05:33", "elapsed": 33188.37819695473, "delta": 17.448153734207153}, "costs": {"total_cost": 228.19724332130718, "time_cost": 69.552, "final_distance_cost": 1.752158485240195, "oscillation_cost": 82.00648988189936, "completition_cost": 0.0, "overshoot_cost": 50.11739640263536, "power_cost": 13.241940100097658, "noise_cost": 11.52725845143462, "n_waypoints_completed": 9, "tot_waypoints": 9}}
{"target": -254.1339886001748, "params": {"k_pid_pos": [1.956538200378418, 0.08611387014389038, 0.0], "k_pid_alt": [1.97348153591156, 0.06056392192840576, 0.9947121143341064], "k_pid_att": [97.63567352294922, 0.24855530261993408, 0.8470380306243896], "k_pid_yaw": [0.5, 1e-06, 0.1], "k_pid_hsp": [9.903755187988281, 0.9392634034156799, 0.036170512437820435], "k_pid_vsp": [400.0, 389.70166015625, 11.471773147583008]}, "datetime": {"datetime": "2025-08-20 21:05:50", "elapsed": 33204.49798345566, "delta": 16.119786500930786}, "costs": {"total_cost": 254.1339886001748, "time_cost": 74.536, "final_distance_cost": 1.7413250120397776, "oscillation_cost": 94.90285508897226, "completition_cost": 0.0, "overshoot_cost": 52.43631457890305, "power_cost": 17.078394921875002, "noise_cost": 13.439098998384694, "n_waypoints_completed": 9, "tot_waypoints": 9}}
{"target": -288.67354655506665, "params": {"k_pid_pos": [1.9637432098388672, 0.36750540137290955, 0.0], "k_pid_alt": [1.9636647701263428, 0.005203425884246826, 0.9824433326721191], "k_pid_att": [97.10379791259766, 0.0647304579615593, 0.982128381729126], "k_pid_yaw": [0.5, 1e-06, 0.1], "k_pid_hsp": [9.7776517868042, 0.9460294246673584, 0.13857007026672363], "k_pid_vsp": [400.0, 398.02618408203125, 18.324018478393555]}, "datetime": {"datetime": "2025-08-20 21:06:09", "elapsed": 33224.35883617401, "delta": 19.86085271835327}, "costs": {"total_cost": 288.67354655506665, "time_cost": 80.928, "final_distance_cost": 1.6982388752252122, "oscillation_cost": 117.30168995368408, "completition_cost": 0.0, "overshoot_cost": 54.58963330937607, "power_cost": 19.192383862304688, "noise_cost": 14.9636005544766, "n_waypoints_completed": 9, "tot_waypoints": 9}}
{"target": -210.31149470574243, "params": {"k_pid_pos": [1.9441500902175903, 0.019719213247299194, 0.0], "k_pid_alt": [1.9644460678100586, 0.015725910663604736, 0.9850732088088989], "k_pid_att": [97.10586547851562, 0.0420973114669323, 0.9783965349197388], "k_pid_yaw": [0.5, 1e-06, 0.1], "k_pid_hsp": [9.486026763916016, 0.9496764540672302, 0.03654247522354126], "k_pid_vsp": [400.0, 377.6329040527344, 9.63792896270752]}, "datetime": {"datetime": "2025-08-20 21:06:24", "elapsed": 33239.29690718651, "delta": 14.938071012496948}, "costs": {"total_cost": 210.31149470574243, "time_cost": 69.456, "final_distance_cost": 1.7861512446605605, "oscillation_cost": 64.71008076769533, "completition_cost": 0.0, "overshoot_cost": 50.52317524326241, "power_cost": 12.702265979003906, "noise_cost": 11.133821471120232, "n_waypoints_completed": 9, "tot_waypoints": 9}}
{"target": -240.41802882849265, "params": {"k_pid_pos": [1.973274827003479, 0.018504172563552856, 5.960464477539063e-08], "k_pid_alt": [1.9947595596313477, 0.03610539436340332, 0.9956355094909668], "k_pid_att": [99.5240478515625, 0.22328616678714752, 0.994232714176178], "k_pid_yaw": [0.5, 1e-06, 0.1], "k_pid_hsp": [9.835489273071289, 0.9971338510513306, 0.04677152633666992], "k_pid_vsp": [399.99993896484375, 390.05322265625, 8.295144081115723]}, "datetime": {"datetime": "2025-08-20 21:06:42", "elapsed": 33257.450050115585, "delta": 18.15314292907715}, "costs": {"total_cost": 240.41802882849265, "time_cost": 69.584, "final_distance_cost": 1.7411540465452853, "oscillation_cost": 94.06565304766691, "completition_cost": 0.0, "overshoot_cost": 50.266608829441196, "power_cost": 13.240651477050783, "noise_cost": 11.519961427788434, "n_waypoints_completed": 9, "tot_waypoints": 9}}
{"target": -207.49784778333347, "params": {"k_pid_pos": [1.8314533233642578, 0.030794888734817505, 0.0], "k_pid_alt": [1.813410758972168, 0.05752068758010864, 0.9548364877700806], "k_pid_att": [95.13977813720703, 0.5531468987464905, 0.9874415993690491], "k_pid_yaw": [0.5, 1e-06, 0.1], "k_pid_hsp": [9.820786476135254, 0.9855881929397583, 0.014920204877853394], "k_pid_vsp": [400.0, 384.4734802246094, 5.759407043457031]}, "datetime": {"datetime": "2025-08-20 21:06:58", "elapsed": 33273.18146467209, "delta": 15.731414556503296}, "costs": {"total_cost": 207.49784778333347, "time_cost": 69.752, "final_distance_cost": 1.781683766314702, "oscillation_cost": 60.24290004235552, "completition_cost": 0.0, "overshoot_cost": 51.15442379109172, "power_cost": 13.070172570800782, "noise_cost": 11.49666761277075, "n_waypoints_completed": 9, "tot_waypoints": 9}}
{"target": -207.2475472848838, "params": {"k_pid_pos": [1.9961328506469727, 0.005803525447845459, 0.0], "k_pid_alt": [1.9369328022003174, 0.03835111856460571, 0.9901186227798462], "k_pid_att": [99.09192657470703, 0.042754147201776505, 0.9950767159461975], "k_pid_yaw": [0.5, 1e-06, 0.1], "k_pid_hsp": [9.952988624572754, 0.9353653192520142, 0.0041165947914123535], "k_pid_vsp": [400.0, 397.0411376953125, 27.143861770629883]}, "datetime": {"datetime": "2025-08-20 21:07:15", "elapsed": 33290.180715322495, "delta": 16.999250650405884}, "costs": {"total_cost": 207.2475472848838, "time_cost": 69.504, "final_distance_cost": 1.7631495234789776, "oscillation_cost": 61.53574319967115, "completition_cost": 0.0, "overshoot_cost": 50.63399884607535, "power_cost": 13.109213684082032, "noise_cost": 10.7014420315763, "n_waypoints_completed": 9, "tot_waypoints": 9}}
{"target": -233.9326240915479, "params": {"k_pid_pos": [1.598419189453125, 0.02985936403274536, 0.0], "k_pid_alt": [1.972301721572876, 0.06564009189605713, 0.9889496564865112], "k_pid_att": [89.52560424804688, 0.06220056489109993, 0.9970288276672363], "k_pid_yaw": [0.5, 1e-06, 0.1], "k_pid_hsp": [9.973470687866211, 0.9903475046157837, 0.05496460199356079], "k_pid_vsp": [400.0, 382.54168701171875, 3.800107002258301]}, "datetime": {"datetime": "2025-08-20 21:07:32", "elapsed": 33307.07236933708, "delta": 16.891654014587402}, "costs": {"total_cost": 233.9326240915479, "time_cost": 76.68, "final_distance_cost": 1.7896197629241835, "oscillation_cost": 77.44561570467478, "completition_cost": 0.0, "overshoot_cost": 51.380591820516436, "power_cost": 14.126458044433594, "noise_cost": 12.510338758998904, "n_waypoints_completed": 9, "tot_waypoints": 9}}
{"target": -210.56065639106708, "params": {"k_pid_pos": [1.9812920093536377, 0.007897436618804932, 0.0], "k_pid_alt": [1.943293571472168, 0.036401569843292236, 0.9886659383773804], "k_pid_att": [98.70787048339844, 0.7976969480514526, 0.9892848134040833], "k_pid_yaw": [0.5, 1e-06, 0.1], "k_pid_hsp": [9.76026725769043, 0.9966285228729248, 0.02108532190322876], "k_pid_vsp": [399.999755859375, 399.4770202636719, 6.607128143310547]}, "datetime": {"datetime": "2025-08-20 21:07:49", "elapsed": 33323.78910756111, "delta": 16.71673822402954}, "costs": {"total_cost": 210.56065639106708, "time_cost": 69.624, "final_distance_cost": 1.7808378678048191, "oscillation_cost": 63.67321629726845, "completition_cost": 0.0, "overshoot_cost": 50.80135835569483, "power_cost": 13.076264611816407, "noise_cost": 11.604979258482588, "n_waypoints_completed": 9, "tot_waypoints": 9}}
{"target": -219.7972564396893, "params": {"k_pid_pos": [1.9851548671722412, 0.03673309087753296, 2.9802322387695312e-08], "k_pid_alt": [1.9934868812561035, 0.013998836278915405, 0.9919548034667969], "k_pid_att": [96.91108703613281, 0.3505914509296417, 0.9866821765899658], "k_pid_yaw": [0.5, 1e-06, 0.1], "k_pid_hsp": [9.83270263671875, 0.9883843064308167, 0.02216362953186035], "k_pid_vsp": [400.0, 395.30450439453125, 0.5646358132362366]}, "datetime": {"datetime": "2025-08-20 21:08:04", "elapsed": 33338.954399347305, "delta": 15.165291786193848}, "costs": {"total_cost": 219.7972564396893, "time_cost": 69.816, "final_distance_cost": 1.7518028714653846, "oscillation_cost": 73.55829645559486, "completition_cost": 0.0, "overshoot_cost": 49.9481082424264, "power_cost": 13.202274182128907, "noise_cost": 11.520774688073747, "n_waypoints_completed": 9, "tot_waypoints": 9}}
{"target": -225.84979899233514, "params": {"k_pid_pos": [1.9267874956130981, 0.018067359924316406, 0.0], "k_pid_alt": [1.9539105892181396, 0.02501341700553894, 0.983101487159729], "k_pid_att": [99.5653076171875, 0.09544084966182709, 0.9746588468551636], "k_pid_yaw": [0.5, 1e-06, 0.1], "k_pid_hsp": [9.123464584350586, 0.9930624961853027, 0.08342605829238892], "k_pid_vsp": [399.99993896484375, 399.4335632324219, 5.964268207550049]}, "datetime": {"datetime": "2025-08-20 21:08:20", "elapsed": 33355.142984867096, "delta": 16.18858551979065}, "costs": {"total_cost": 225.84979899233514, "time_cost": 69.368, "final_distance_cost": 1.7894001319927542, "oscillation_cost": 78.6608848300349, "completition_cost": 0.0, "overshoot_cost": 50.54385633310743, "power_cost": 13.643476928710939, "noise_cost": 11.844180768489139, "n_waypoints_completed": 9, "tot_waypoints": 9}}
{"target": -245.6486416752835, "params": {"k_pid_pos": [1.967387318611145, 0.019267618656158447, 0.0], "k_pid_alt": [1.9765725135803223, 0.08294668793678284, 0.9663201570510864], "k_pid_att": [86.27354431152344, 0.11184835433959961, 0.9840882420539856], "k_pid_yaw": [0.5, 1e-06, 0.1], "k_pid_hsp": [9.717700004577637, 0.938376784324646, 0.0400412380695343], "k_pid_vsp": [400.0, 394.1911315917969, 7.725120544433594]}, "datetime": {"datetime": "2025-08-20 21:08:38", "elapsed": 33373.07848453522, "delta": 17.935499668121338}, "costs": {"total_cost": 245.6486416752835, "time_cost": 81.968, "final_distance_cost": 1.780581386500468, "oscillation_cost": 80.62242345974296, "completition_cost": 0.0, "overshoot_cost": 52.10819418768837, "power_cost": 15.67874793701172, "noise_cost": 13.490694704339973, "n_waypoints_completed": 9, "tot_waypoints": 9}}
{"target": -239.5870534653303, "params": {"k_pid_pos": [1.9058150053024292, 0.01272311806678772, 0.0], "k_pid_alt": [1.970594882965088, 0.009226411581039429, 0.9906513690948486], "k_pid_att": [97.93061828613281, 0.23947671055793762, 0.9630546569824219], "k_pid_yaw": [0.5, 1e-06, 0.1], "k_pid_hsp": [9.633956909179688, 0.942926824092865, 0.10503771901130676], "k_pid_vsp": [359.34686279296875, 383.8305969238281, 24.796499252319336]}, "datetime": {"datetime": "2025-08-20 21:08:55", "elapsed": 33390.31992793083, "delta": 17.241443395614624}, "costs": {"total_cost": 239.5870534653303, "time_cost": 68.944, "final_distance_cost": 1.7498290983434737, "oscillation_cost": 94.40409106368377, "completition_cost": 0.0, "overshoot_cost": 50.044539752508, "power_cost": 13.22608084716797, "noise_cost": 11.218512703627106, "n_waypoints_completed": 9, "tot_waypoints": 9}}
{"target": -208.29382605312685, "params": {"k_pid_pos": [1.9938212633132935, 0.047256797552108765, 0.0], "k_pid_alt": [1.9875836372375488, 0.038130998611450195, 0.9842216968536377], "k_pid_att": [98.65046691894531, 0.17535646259784698, 0.9805788993835449], "k_pid_yaw": [0.5, 1e-06, 0.1], "k_pid_hsp": [9.9302978515625, 0.9156842231750488, 0.007433146238327026], "k_pid_vsp": [400.0, 394.57501220703125, 18.124916076660156]}, "datetime": {"datetime": "2025-08-20 21:09:10", "elapsed": 33405.45512533188, "delta": 15.135197401046753}, "costs": {"total_cost": 208.29382605312685, "time_cost": 69.744, "final_distance_cost": 1.7753814432450383, "oscillation_cost": 64.02578879441293, "completition_cost": 0.0, "overshoot_cost": 50.313082529124394, "power_cost": 12.179910400390625, "noise_cost": 10.255662885953894, "n_waypoints_completed": 9, "tot_waypoints": 9}}
