{"target": -377.62458075765176, "params": {"k_pid_pos": [1.8282454013824463, 0.03111228346824646, 0.10167425870895386], "k_pid_alt": [1.7146306037902832, 0.12210077047348022, 0.9529042840003967], "k_pid_att": [98.4632339477539, 0.11728662252426147, 0.9686919450759888], "k_pid_yaw": [0.5, 1e-06, 0.1], "k_pid_hsp": [9.368931770324707, 0.9353525638580322, 0.20051217079162598], "k_pid_vsp": [176.93357849121094, 246.17677307128906, 16.044641494750977]}, "datetime": {"datetime": "2025-08-20 15:59:53", "elapsed": 14847.52370095253, "delta": 19.97310495376587}, "costs": {"total_cost": 377.62458075765176, "time_cost": 90.368, "final_distance_cost": 1.7739867149253152, "oscillation_cost": 198.49260384093446, "completition_cost": 0.0, "overshoot_cost": 52.94933589236877, "power_cost": 19.100514672851563, "noise_cost": 14.940139636571674, "n_waypoints_completed": 9, "tot_waypoints": 9}}
{"target": -305.27121271000755, "params": {"k_pid_pos": [1.8819005489349365, 0.2179139256477356, 0.0], "k_pid_alt": [1.8832712173461914, 0.04927739500999451, 0.9011143445968628], "k_pid_att": [98.35175323486328, 0.10396690666675568, 0.9913475513458252], "k_pid_yaw": [0.5, 1e-06, 0.1], "k_pid_hsp": [8.681020736694336, 0.6455974578857422, 0.11139386892318726], "k_pid_vsp": [0.0, 357.454833984375, 59.12992858886719]}, "datetime": {"datetime": "2025-08-20 16:00:08", "elapsed": 14863.402195453644, "delta": 15.878494501113892}, "costs": {"total_cost": 305.27121271000755, "time_cost": 71.16, "final_distance_cost": 1.708869918065572, "oscillation_cost": 150.38738937975046, "completition_cost": 0.0, "overshoot_cost": 53.36400376207013, "power_cost": 16.235265820312502, "noise_cost": 12.415683829808897, "n_waypoints_completed": 9, "tot_waypoints": 9}}
{"target": -214.3017395842014, "params": {"k_pid_pos": [1.8862073421478271, 0.003419250249862671, 0.0], "k_pid_alt": [1.8432459831237793, 0.04697933793067932, 0.9197674989700317], "k_pid_att": [92.21958923339844, 0.6378079056739807, 0.9909228086471558], "k_pid_yaw": [0.5, 1e-06, 0.1], "k_pid_hsp": [9.932038307189941, 0.9481914043426514, 0.018754899501800537], "k_pid_vsp": [399.9801940917969, 328.9361877441406, 27.820566177368164]}, "datetime": {"datetime": "2025-08-20 16:00:24", "elapsed": 14879.376159906387, "delta": 15.97396445274353}, "costs": {"total_cost": 214.3017395842014, "time_cost": 69.264, "final_distance_cost": 1.76714394905195, "oscillation_cost": 67.32615408630409, "completition_cost": 0.0, "overshoot_cost": 50.54689970319545, "power_cost": 14.019998461914064, "noise_cost": 11.377543383735862, "n_waypoints_completed": 9, "tot_waypoints": 9}}
{"target": -433.2952764131796, "params": {"k_pid_pos": [1.9611115455627441, 0.16685399413108826, 0.002333223819732666], "k_pid_alt": [1.6799520254135132, 0.09993022680282593, 0.9280760288238525], "k_pid_att": [98.91867065429688, 0.9894655346870422, 0.964932918548584], "k_pid_yaw": [0.5, 1e-06, 0.1], "k_pid_hsp": [9.720993041992188, 0.9564553499221802, 0.006964534521102905], "k_pid_vsp": [400.0, 389.7289123535156, 7.628596782684326]}, "datetime": {"datetime": "2025-08-20 16:00:46", "elapsed": 14901.488821983337, "delta": 22.112662076950073}, "costs": {"total_cost": 433.2952764131796, "time_cost": 150, "final_distance_cost": 6.035233680897667, "oscillation_cost": 80.84912052739794, "completition_cost": 111.11111111111116, "overshoot_cost": 52.49072153211503, "power_cost": 17.67229354248047, "noise_cost": 15.136796019177332, "n_waypoints_completed": 8, "tot_waypoints": 9}}
{"target": -205.8240564211491, "params": {"k_pid_pos": [1.9491147994995117, 0.025274425745010376, 0.0], "k_pid_alt": [1.856614112854004, 0.010508149862289429, 0.9959006309509277], "k_pid_att": [94.2509765625, 0.7572317719459534, 0.9099997878074646], "k_pid_yaw": [0.5, 1e-06, 0.1], "k_pid_hsp": [8.066914558410645, 0.9980666637420654, 0.008330881595611572], "k_pid_vsp": [400.0, 397.0532531738281, 23.450162887573242]}, "datetime": {"datetime": "2025-08-20 16:01:02", "elapsed": 14916.821543693542, "delta": 15.332721710205078}, "costs": {"total_cost": 205.8240564211491, "time_cost": 69.83200000000001, "final_distance_cost": 1.744341399480517, "oscillation_cost": 59.035987698327595, "completition_cost": 0.0, "overshoot_cost": 50.445565162627716, "power_cost": 13.686782763671875, "noise_cost": 11.079379397041382, "n_waypoints_completed": 9, "tot_waypoints": 9}}
{"target": -324.2983920463358, "params": {"k_pid_pos": [1.8209846019744873, 0.17246979475021362, 1.0], "k_pid_alt": [1.7322534322738647, 0.2748745083808899, 0.960178017616272], "k_pid_att": [94.74527740478516, 1.416143774986267, 0.9067732691764832], "k_pid_yaw": [0.5, 1e-06, 0.1], "k_pid_hsp": [9.959321022033691, 0.8525291681289673, 0.06635090708732605], "k_pid_vsp": [400.0, 396.8975524902344, 2.681184768676758]}, "datetime": {"datetime": "2025-08-20 16:01:20", "elapsed": 14935.32237792015, "delta": 18.500834226608276}, "costs": {"total_cost": 324.2983920463358, "time_cost": 79.848, "final_distance_cost": 1.7604194896496543, "oscillation_cost": 163.82829749290028, "completition_cost": 0.0, "overshoot_cost": 50.34607444425039, "power_cost": 15.404616467285157, "noise_cost": 13.110984152250305, "n_waypoints_completed": 9, "tot_waypoints": 9}}
{"target": -223.20834672749527, "params": {"k_pid_pos": [1.9846891164779663, 0.18617218732833862, 1.7404556274414062e-05], "k_pid_alt": [1.970121145248413, 0.022623896598815918, 0.9920641779899597], "k_pid_att": [92.76224517822266, 0.09915954619646072, 0.975988507270813], "k_pid_yaw": [0.5, 1e-06, 0.1], "k_pid_hsp": [7.065415382385254, 0.9745466709136963, 0.07268303632736206], "k_pid_vsp": [400.0, 393.5, 2.625549793243408]}, "datetime": {"datetime": "2025-08-20 16:01:36", "elapsed": 14951.356786251068, "delta": 16.03440833091736}, "costs": {"total_cost": 223.20834672749527, "time_cost": 70.592, "final_distance_cost": 1.7404832613306915, "oscillation_cost": 74.0508573975745, "completition_cost": 0.0, "overshoot_cost": 51.23605201510618, "power_cost": 13.563636450195313, "noise_cost": 12.025317603288627, "n_waypoints_completed": 9, "tot_waypoints": 9}}
{"target": -230.30381250972354, "params": {"k_pid_pos": [1.7999701499938965, 0.050158560276031494, 0.8747900128364563], "k_pid_alt": [1.8983170986175537, 0.06749936938285828, 0.9691135287284851], "k_pid_att": [99.37861633300781, 2.0359535217285156, 0.9602540135383606], "k_pid_yaw": [0.5, 1e-06, 0.1], "k_pid_hsp": [8.151761054992676, 0.9948446750640869, 0.009169667959213257], "k_pid_vsp": [351.82354736328125, 395.6601867675781, 3.7866482734680176]}, "datetime": {"datetime": "2025-08-20 16:01:53", "elapsed": 14968.34092760086, "delta": 16.98414134979248}, "costs": {"total_cost": 230.30381250972354, "time_cost": 76.936, "final_distance_cost": 1.843395868024293, "oscillation_cost": 74.97854172778872, "completition_cost": 0.0, "overshoot_cost": 50.27926477476451, "power_cost": 13.717070812988283, "noise_cost": 12.549539326157745, "n_waypoints_completed": 9, "tot_waypoints": 9}}
{"target": -456.0919289018697, "params": {"k_pid_pos": [1.966007947921753, 0.0766630470752716, 0.0], "k_pid_alt": [1.548764705657959, 0.14560848474502563, 0.9734129905700684], "k_pid_att": [99.30899810791016, 1.0800883769989014, 0.9930589199066162], "k_pid_yaw": [0.5, 1e-06, 0.1], "k_pid_hsp": [8.199360847473145, 0.8972154855728149, 0.04961073398590088], "k_pid_vsp": [400.0, 379.9635009765625, 3.7204275131225586]}, "datetime": {"datetime": "2025-08-20 16:02:15", "elapsed": 14990.37501168251, "delta": 22.03408408164978}, "costs": {"total_cost": 456.0919289018697, "time_cost": 150, "final_distance_cost": 25.372564608742735, "oscillation_cost": 84.3509625445308, "completition_cost": 111.11111111111116, "overshoot_cost": 51.38491544723823, "power_cost": 18.505844653320313, "noise_cost": 15.366530536926534, "n_waypoints_completed": 8, "tot_waypoints": 9}}
{"target": -252.33766437300062, "params": {"k_pid_pos": [1.9738370180130005, 0.029697567224502563, 0.0], "k_pid_alt": [1.9603725671768188, 0.08892616629600525, 0.9708579182624817], "k_pid_att": [97.64288330078125, 2.901742458343506, 0.975284218788147], "k_pid_yaw": [0.5, 1e-06, 0.1], "k_pid_hsp": [9.084382057189941, 0.8371961116790771, 0.03447866439819336], "k_pid_vsp": [400.0, 330.73052978515625, 23.310304641723633]}, "datetime": {"datetime": "2025-08-20 16:02:34", "elapsed": 15008.726016521454, "delta": 18.35100483894348}, "costs": {"total_cost": 252.33766437300062, "time_cost": 82.352, "final_distance_cost": 1.7842092291112412, "oscillation_cost": 86.01317913727411, "completition_cost": 0.0, "overshoot_cost": 52.144583926386304, "power_cost": 16.740658032226563, "noise_cost": 13.303034048002417, "n_waypoints_completed": 9, "tot_waypoints": 9}}
{"target": -365.88865081284524, "params": {"k_pid_pos": [1.5319607257843018, 0.16146540641784668, 2.9802322387695312e-08], "k_pid_alt": [1.6005899906158447, 0.07653531432151794, 0.8712818026542664], "k_pid_att": [97.36727905273438, 0.19758757948875427, 0.7306315898895264], "k_pid_yaw": [0.5, 1e-06, 0.1], "k_pid_hsp": [9.428436279296875, 0.9549268484115601, 0.06926131248474121], "k_pid_vsp": [399.9994201660156, 394.35919189453125, 49.293399810791016]}, "datetime": {"datetime": "2025-08-20 16:02:56", "elapsed": 15030.817863941193, "delta": 22.09184741973877}, "costs": {"total_cost": 365.88865081284524, "time_cost": 98.12, "final_distance_cost": 1.7841780497227957, "oscillation_cost": 178.79084687490104, "completition_cost": 0.0, "overshoot_cost": 51.714724415609524, "power_cost": 19.83854412841797, "noise_cost": 15.64035734419388, "n_waypoints_completed": 9, "tot_waypoints": 9}}
{"target": -295.9292855638426, "params": {"k_pid_pos": [1.8412777185440063, 0.05089268088340759, 0.9999997615814209], "k_pid_alt": [1.8908019065856934, 0.013570249080657959, 0.7791575193405151], "k_pid_att": [95.07168579101562, 0.14905945956707, 0.9305908679962158], "k_pid_yaw": [0.5, 1e-06, 0.1], "k_pid_hsp": [9.754576683044434, 0.8519662618637085, 0.04343134164810181], "k_pid_vsp": [54.05683517456055, 373.5525207519531, 29.37343406677246]}, "datetime": {"datetime": "2025-08-20 16:03:11", "elapsed": 15046.294658660889, "delta": 15.476794719696045}, "costs": {"total_cost": 295.9292855638426, "time_cost": 70.048, "final_distance_cost": 1.8487228307209482, "oscillation_cost": 147.86356722047896, "completition_cost": 0.0, "overshoot_cost": 50.4689832116412, "power_cost": 13.867800024414063, "noise_cost": 11.832212276587427, "n_waypoints_completed": 9, "tot_waypoints": 9}}
{"target": -214.0651662881379, "params": {"k_pid_pos": [1.7737215757369995, 0.08354207873344421, 0.0], "k_pid_alt": [1.8884265422821045, 0.027148306369781494, 0.9965109825134277], "k_pid_att": [92.36149597167969, 0.23140186071395874, 0.9937049150466919], "k_pid_yaw": [0.5, 1e-06, 0.1], "k_pid_hsp": [9.680091857910156, 0.9743844270706177, 0.021976768970489502], "k_pid_vsp": [400.0, 380.3892517089844, 40.86673355102539]}, "datetime": {"datetime": "2025-08-20 16:03:27", "elapsed": 15061.637371778488, "delta": 15.342713117599487}, "costs": {"total_cost": 214.0651662881379, "time_cost": 69.296, "final_distance_cost": 1.7503955201545405, "oscillation_cost": 68.8054568294552, "completition_cost": 0.0, "overshoot_cost": 49.91021756124259, "power_cost": 13.398299560546876, "noise_cost": 10.90479681673866, "n_waypoints_completed": 9, "tot_waypoints": 9}}
{"target": -206.61734847756077, "params": {"k_pid_pos": [1.616042971611023, 0.013736188411712646, 0.0], "k_pid_alt": [1.7633297443389893, 0.053379833698272705, 0.9523848295211792], "k_pid_att": [89.6013412475586, 2.73004150390625, 0.993215024471283], "k_pid_yaw": [0.5, 1e-06, 0.1], "k_pid_hsp": [9.064393997192383, 0.9709501266479492, 0.019447118043899536], "k_pid_vsp": [400.0, 367.78759765625, 14.690770149230957]}, "datetime": {"datetime": "2025-08-20 16:03:42", "elapsed": 15076.71809387207, "delta": 15.080722093582153}, "costs": {"total_cost": 206.61734847756077, "time_cost": 69.144, "final_distance_cost": 1.8056828885115546, "oscillation_cost": 57.892715157187986, "completition_cost": 0.0, "overshoot_cost": 51.23690837105671, "power_cost": 14.752285620117188, "noise_cost": 11.785756440687337, "n_waypoints_completed": 9, "tot_waypoints": 9}}
{"target": -220.9114929677016, "params": {"k_pid_pos": [1.4612562656402588, 0.03728240728378296, 0.0], "k_pid_alt": [1.6454501152038574, 0.015033841133117676, 0.9778629541397095], "k_pid_att": [93.44761657714844, 0.39182135462760925, 0.816960334777832], "k_pid_yaw": [0.5, 1e-06, 0.1], "k_pid_hsp": [9.891736030578613, 0.9750639200210571, 0.04683753848075867], "k_pid_vsp": [129.56741333007812, 380.08685302734375, 17.64425277709961]}, "datetime": {"datetime": "2025-08-20 16:03:57", "elapsed": 15092.246955871582, "delta": 15.528861999511719}, "costs": {"total_cost": 220.9114929677016, "time_cost": 69.152, "final_distance_cost": 1.7743818575326693, "oscillation_cost": 72.67663316207872, "completition_cost": 0.0, "overshoot_cost": 49.778395292417656, "power_cost": 15.252473413085939, "noise_cost": 12.27760924258662, "n_waypoints_completed": 9, "tot_waypoints": 9}}
{"target": -248.65634989910052, "params": {"k_pid_pos": [1.994131088256836, 0.007578432559967041, 0.0], "k_pid_alt": [1.9538886547088623, 0.01738467812538147, 0.966469407081604], "k_pid_att": [92.79448699951172, 1.0853371620178223, 0.9763491153717041], "k_pid_yaw": [0.5, 1e-06, 0.1], "k_pid_hsp": [8.059526443481445, 0.7522516846656799, 0.14156609773635864], "k_pid_vsp": [399.8869934082031, 365.5091857910156, 15.604937553405762]}, "datetime": {"datetime": "2025-08-20 16:04:12", "elapsed": 15107.318473815918, "delta": 15.071517944335938}, "costs": {"total_cost": 248.65634989910052, "time_cost": 69.504, "final_distance_cost": 1.7785929760070713, "oscillation_cost": 100.04757761616494, "completition_cost": 0.0, "overshoot_cost": 50.57511435106065, "power_cost": 14.747600097656251, "noise_cost": 12.003464858211615, "n_waypoints_completed": 9, "tot_waypoints": 9}}
{"target": -207.3416856941517, "params": {"k_pid_pos": [1.9486980438232422, 0.0585402250289917, 0.0], "k_pid_alt": [1.975630521774292, 0.0106220543384552, 0.8700947761535645], "k_pid_att": [96.54006958007812, 0.40573474764823914, 0.9840043783187866], "k_pid_yaw": [0.5, 1e-06, 0.1], "k_pid_hsp": [9.975812911987305, 0.9588829278945923, 0.009385526180267334], "k_pid_vsp": [400.0, 388.31201171875, 49.419151306152344]}, "datetime": {"datetime": "2025-08-20 16:04:27", "elapsed": 15122.398212909698, "delta": 15.079739093780518}, "costs": {"total_cost": 207.3416856941517, "time_cost": 69.52, "final_distance_cost": 1.7793313088105158, "oscillation_cost": 61.7596161503924, "completition_cost": 0.0, "overshoot_cost": 50.057874615749114, "power_cost": 13.398221984863282, "noise_cost": 10.82664163433641, "n_waypoints_completed": 9, "tot_waypoints": 9}}
{"target": -218.19754798399086, "params": {"k_pid_pos": [1.9740208387374878, 0.020059287548065186, 8.970499038696289e-06], "k_pid_alt": [1.9421863555908203, 0.00669291615486145, 0.9817508459091187], "k_pid_att": [98.47252655029297, 0.9989786148071289, 0.8836144208908081], "k_pid_yaw": [0.5, 1e-06, 0.1], "k_pid_hsp": [9.56203556060791, 0.9559578895568848, 0.02174261212348938], "k_pid_vsp": [334.0524597167969, 388.736328125, 45.50340270996094]}, "datetime": {"datetime": "2025-08-20 16:04:43", "elapsed": 15138.021297693253, "delta": 15.623084783554077}, "costs": {"total_cost": 218.19754798399086, "time_cost": 69.392, "final_distance_cost": 1.7711309914660467, "oscillation_cost": 69.33357963244383, "completition_cost": 0.0, "overshoot_cost": 50.37840871929793, "power_cost": 15.4124048828125, "noise_cost": 11.910023757970546, "n_waypoints_completed": 9, "tot_waypoints": 9}}
{"target": -236.1663677484281, "params": {"k_pid_pos": [1.784504771232605, 0.014660656452178955, 1.5795230865478516e-06], "k_pid_alt": [1.8914313316345215, 0.04118475317955017, 0.9769991636276245], "k_pid_att": [99.19386291503906, 0.5690668225288391, 0.98655104637146], "k_pid_yaw": [0.5, 1e-06, 0.1], "k_pid_hsp": [9.64419937133789, 0.9882171154022217, 0.0906006395816803], "k_pid_vsp": [361.1420593261719, 373.6802978515625, 43.0109748840332]}, "datetime": {"datetime": "2025-08-20 16:04:58", "elapsed": 15152.59977555275, "delta": 14.57847785949707}, "costs": {"total_cost": 236.1663677484281, "time_cost": 68.656, "final_distance_cost": 1.7321282113127865, "oscillation_cost": 87.78224610633467, "completition_cost": 0.0, "overshoot_cost": 50.07073691176316, "power_cost": 15.571434301757813, "noise_cost": 12.35382221725965, "n_waypoints_completed": 9, "tot_waypoints": 9}}
{"target": -244.15004729433653, "params": {"k_pid_pos": [1.4187510013580322, 0.016941606998443604, 5.310773849487305e-05], "k_pid_alt": [1.8969831466674805, 0.15875452756881714, 0.9435332417488098], "k_pid_att": [97.7678451538086, 0.3932989537715912, 0.9890854358673096], "k_pid_yaw": [0.5, 1e-06, 0.1], "k_pid_hsp": [9.369294166564941, 0.621100902557373, 0.024221748113632202], "k_pid_vsp": [400.0, 376.107421875, 23.83576774597168]}, "datetime": {"datetime": "2025-08-20 16:05:16", "elapsed": 15171.434146642685, "delta": 18.834371089935303}, "costs": {"total_cost": 244.15004729433653, "time_cost": 86.248, "final_distance_cost": 1.7951983893580559, "oscillation_cost": 72.7483279432323, "completition_cost": 0.0, "overshoot_cost": 51.17280803627653, "power_cost": 18.170010754394532, "noise_cost": 14.015702171075114, "n_waypoints_completed": 9, "tot_waypoints": 9}}
{"target": -211.90578001315063, "params": {"k_pid_pos": [1.9334869384765625, 0.03789937496185303, 0.0], "k_pid_alt": [1.9522984027862549, 0.01959359645843506, 0.6909111738204956], "k_pid_att": [94.11453247070312, 1.1290477514266968, 0.9678845405578613], "k_pid_yaw": [0.5, 1e-06, 0.1], "k_pid_hsp": [6.701477527618408, 0.9538570642471313, 0.055105119943618774], "k_pid_vsp": [399.9999084472656, 390.6143798828125, 44.808841705322266]}, "datetime": {"datetime": "2025-08-20 16:05:32", "elapsed": 15186.934614181519, "delta": 15.500467538833618}, "costs": {"total_cost": 211.90578001315063, "time_cost": 68.944, "final_distance_cost": 1.736833158739871, "oscillation_cost": 66.66512177018537, "completition_cost": 0.0, "overshoot_cost": 50.37441297162478, "power_cost": 13.288095605468751, "noise_cost": 10.897316507131878, "n_waypoints_completed": 9, "tot_waypoints": 9}}
{"target": -208.8270655064972, "params": {"k_pid_pos": [1.9423550367355347, 0.005215674638748169, 0.006155937910079956], "k_pid_alt": [1.9893248081207275, 0.01877439022064209, 0.7305701971054077], "k_pid_att": [98.6246109008789, 0.4393979012966156, 0.9565109014511108], "k_pid_yaw": [0.5, 1e-06, 0.1], "k_pid_hsp": [9.860071182250977, 0.9260994791984558, 0.01530560851097107], "k_pid_vsp": [399.88885498046875, 393.32586669921875, 30.908132553100586]}, "datetime": {"datetime": "2025-08-20 16:05:47", "elapsed": 15202.489320516586, "delta": 15.554706335067749}, "costs": {"total_cost": 208.8270655064972, "time_cost": 69.208, "final_distance_cost": 1.7456898212317191, "oscillation_cost": 62.39710144683407, "completition_cost": 0.0, "overshoot_cost": 50.48961406221373, "power_cost": 13.871668884277344, "noise_cost": 11.114991291940369, "n_waypoints_completed": 9, "tot_waypoints": 9}}
{"target": -332.26289107829837, "params": {"k_pid_pos": [1.9287673234939575, 0.04683747887611389, 0.0], "k_pid_alt": [1.8862872123718262, 0.12843310832977295, 0.9020956754684448], "k_pid_att": [98.34710693359375, 0.06239606812596321, 0.8114258646965027], "k_pid_yaw": [0.5, 1e-06, 0.1], "k_pid_hsp": [9.584410667419434, 0.9860769510269165, 0.08904540538787842], "k_pid_vsp": [398.3365478515625, 388.0019226074219, 15.976822853088379]}, "datetime": {"datetime": "2025-08-20 16:06:09", "elapsed": 15224.436722040176, "delta": 21.947401523590088}, "costs": {"total_cost": 332.26289107829837, "time_cost": 99.128, "final_distance_cost": 1.7358040983420082, "oscillation_cost": 141.16588385671184, "completition_cost": 0.0, "overshoot_cost": 52.22270378024102, "power_cost": 21.42523698730469, "noise_cost": 16.58526235569886, "n_waypoints_completed": 9, "tot_waypoints": 9}}
{"target": -225.84978129314868, "params": {"k_pid_pos": [1.945057988166809, 0.023057609796524048, 0.0], "k_pid_alt": [1.9679055213928223, 0.07056975364685059, 0.985146164894104], "k_pid_att": [97.20304870605469, 0.25517401099205017, 0.9542753100395203], "k_pid_yaw": [0.5, 1e-06, 0.1], "k_pid_hsp": [8.822598457336426, 0.988158643245697, 0.005631625652313232], "k_pid_vsp": [399.8765869140625, 398.2266845703125, 5.901742935180664]}, "datetime": {"datetime": "2025-08-20 16:06:28", "elapsed": 15243.187793970108, "delta": 18.75107192993164}, "costs": {"total_cost": 225.84978129314868, "time_cost": 80.816, "final_distance_cost": 1.7572005181905481, "oscillation_cost": 63.421802509828616, "completition_cost": 0.0, "overshoot_cost": 51.80043338895101, "power_cost": 14.982199194335939, "noise_cost": 13.072145681842569, "n_waypoints_completed": 9, "tot_waypoints": 9}}
{"target": -593.1692558952345, "params": {"k_pid_pos": [1.744883418083191, 0.3639718294143677, 0.0], "k_pid_alt": [1.724990963935852, 0.14892429113388062, 0.9771363735198975], "k_pid_att": [92.02559661865234, 0.5790815353393555, 0.9531118869781494], "k_pid_yaw": [0.5, 1e-06, 0.1], "k_pid_hsp": [9.923849105834961, 0.9146592617034912, 0.036172300577163696], "k_pid_vsp": [400.0, 201.2553253173828, 4.997611999511719]}, "datetime": {"datetime": "2025-08-20 16:06:50", "elapsed": 15265.38901090622, "delta": 22.20121693611145}, "costs": {"total_cost": 593.1692558952345, "time_cost": 150, "final_distance_cost": 62.55832887959399, "oscillation_cost": 78.10633723791237, "completition_cost": 222.2222222222222, "overshoot_cost": 46.134852918978744, "power_cost": 18.675577502441406, "noise_cost": 15.471937134085842, "n_waypoints_completed": 7, "tot_waypoints": 9}}
