{"target": -253.7964927346153, "params": {"k_pid_pos": [1.9353045225143433, 0.004506915807723999, 0.0], "k_pid_alt": [1.9893403053283691, 0.09483647346496582, 0.9955270290374756], "k_pid_att": [97.24136352539062, 0.1540203094482422, 0.897686779499054], "k_pid_yaw": [0.5, 1e-06, 0.1], "k_pid_hsp": [8.84643268585205, 0.9836549162864685, 0.03310877084732056], "k_pid_vsp": [400.0, 382.86895751953125, 16.753854751586914]}, "datetime": {"datetime": "2025-08-20 21:45:01", "elapsed": 35555.67122006416, "delta": 21.09553575515747}, "costs": {"total_cost": 253.7964927346153, "time_cost": 85.032, "final_distance_cost": 1.7861849216420853, "oscillation_cost": 87.92221005619939, "completition_cost": 0.0, "overshoot_cost": 51.57766082856222, "power_cost": 14.841236267089844, "noise_cost": 12.63720066112176, "n_waypoints_completed": 9, "tot_waypoints": 9}}
{"target": -217.08277707310424, "params": {"k_pid_pos": [1.9179213047027588, 0.016541659832000732, 1.4901161193847656e-07], "k_pid_alt": [1.994578242301941, 0.010444104671478271, 0.9896725416183472], "k_pid_att": [99.02001953125, 0.5744604468345642, 0.9531510472297668], "k_pid_yaw": [0.5, 1e-06, 0.1], "k_pid_hsp": [9.044915199279785, 0.9699644446372986, 0.048686057329177856], "k_pid_vsp": [399.8949890136719, 392.5833435058594, 6.581760406494141]}, "datetime": {"datetime": "2025-08-20 21:45:19", "elapsed": 35573.63686084747, "delta": 17.965640783309937}, "costs": {"total_cost": 217.08277707310424, "time_cost": 69.632, "final_distance_cost": 1.7801226397584353, "oscillation_cost": 70.13764776933277, "completition_cost": 0.0, "overshoot_cost": 50.64389012031161, "power_cost": 13.25188026123047, "noise_cost": 11.637236282470978, "n_waypoints_completed": 9, "tot_waypoints": 9}}
{"target": -214.1941964091493, "params": {"k_pid_pos": [1.921073317527771, 0.01490059494972229, 0.0], "k_pid_alt": [1.9815301895141602, 0.00420224666595459, 0.9930541515350342], "k_pid_att": [94.77076721191406, 0.12178494036197662, 0.9932360649108887], "k_pid_yaw": [0.5, 1e-06, 0.1], "k_pid_hsp": [9.830743789672852, 0.9854006767272949, 0.05690726637840271], "k_pid_vsp": [400.0, 393.3650207519531, 6.939686298370361]}, "datetime": {"datetime": "2025-08-20 21:45:36", "elapsed": 35590.714089632034, "delta": 17.077228784561157}, "costs": {"total_cost": 214.1941964091493, "time_cost": 69.57600000000001, "final_distance_cost": 1.7837488468934357, "oscillation_cost": 67.8483037074695, "completition_cost": 0.0, "overshoot_cost": 50.34227460304578, "power_cost": 13.126374658203126, "noise_cost": 11.517494593537444, "n_waypoints_completed": 9, "tot_waypoints": 9}}
{"target": -207.29191084381335, "params": {"k_pid_pos": [1.9328476190567017, 0.022776395082473755, 0.0], "k_pid_alt": [1.9801020622253418, 0.02665126323699951, 0.9787212014198303], "k_pid_att": [97.24563598632812, 1.1227047443389893, 0.9926639795303345], "k_pid_yaw": [0.5, 1e-06, 0.1], "k_pid_hsp": [9.47769546508789, 0.9592908620834351, 0.01089826226234436], "k_pid_vsp": [400.0, 377.7024841308594, 48.34373092651367]}, "datetime": {"datetime": "2025-08-20 21:45:52", "elapsed": 35606.7628698349, "delta": 16.0487802028656}, "costs": {"total_cost": 207.29191084381335, "time_cost": 69.36, "final_distance_cost": 1.7488715338819767, "oscillation_cost": 62.58354118147116, "completition_cost": 0.0, "overshoot_cost": 50.55396147818093, "power_cost": 12.547068908691406, "noise_cost": 10.49846774158785, "n_waypoints_completed": 9, "tot_waypoints": 9}}
{"target": -212.72656153148225, "params": {"k_pid_pos": [1.9114571809768677, 0.009321123361587524, 0.0], "k_pid_alt": [1.7202119827270508, 0.004133790731430054, 0.9877344369888306], "k_pid_att": [98.92637634277344, 0.06741026043891907, 0.9884345531463623], "k_pid_yaw": [0.5, 1e-06, 0.1], "k_pid_hsp": [9.924874305725098, 0.989754319190979, 0.050365835428237915], "k_pid_vsp": [400.0, 390.6495056152344, 7.163299083709717]}, "datetime": {"datetime": "2025-08-20 21:46:08", "elapsed": 35622.97342610359, "delta": 16.210556268692017}, "costs": {"total_cost": 212.72656153148225, "time_cost": 69.92, "final_distance_cost": 1.7829565610265932, "oscillation_cost": 65.83065136657666, "completition_cost": 0.0, "overshoot_cost": 50.212689146713004, "power_cost": 13.308374145507813, "noise_cost": 11.67189031165818, "n_waypoints_completed": 9, "tot_waypoints": 9}}
{"target": -208.8658941726811, "params": {"k_pid_pos": [1.967031717300415, 0.012249290943145752, 5.960464477539063e-08], "k_pid_alt": [1.9764471054077148, 0.0062628090381622314, 0.9920411705970764], "k_pid_att": [99.12737274169922, 0.03825702145695686, 0.9788743257522583], "k_pid_yaw": [0.5, 1e-06, 0.1], "k_pid_hsp": [9.160585403442383, 0.9875844717025757, 0.004324406385421753], "k_pid_vsp": [400.0, 389.92706298828125, 15.292049407958984]}, "datetime": {"datetime": "2025-08-20 21:46:24", "elapsed": 35638.708528995514, "delta": 15.735102891921997}, "costs": {"total_cost": 208.8658941726811, "time_cost": 69.808, "final_distance_cost": 1.7624382589076137, "oscillation_cost": 60.12101785470919, "completition_cost": 0.0, "overshoot_cost": 50.29611067905787, "power_cost": 15.069849719238283, "noise_cost": 11.808477660768151, "n_waypoints_completed": 9, "tot_waypoints": 9}}
{"target": -211.991661694345, "params": {"k_pid_pos": [1.8595248460769653, 0.12659305334091187, 1.96993350982666e-05], "k_pid_alt": [1.9453885555267334, 0.045502275228500366, 0.9923030734062195], "k_pid_att": [79.28251647949219, 0.30424126982688904, 0.9791698455810547], "k_pid_yaw": [0.5, 1e-06, 0.1], "k_pid_hsp": [8.91982650756836, 0.9833498001098633, 0.04474291205406189], "k_pid_vsp": [400.0, 375.77838134765625, 60.99152374267578]}, "datetime": {"datetime": "2025-08-20 21:46:40", "elapsed": 35654.872467279434, "delta": 16.163938283920288}, "costs": {"total_cost": 211.991661694345, "time_cost": 69.232, "final_distance_cost": 1.7874268792118955, "oscillation_cost": 64.43361548520603, "completition_cost": 0.0, "overshoot_cost": 49.917716393047954, "power_cost": 14.929302673339844, "noise_cost": 11.691600263539303, "n_waypoints_completed": 9, "tot_waypoints": 9}}
{"target": -214.0452699830347, "params": {"k_pid_pos": [1.9602723121643066, 0.024733901023864746, 0.002337545156478882], "k_pid_alt": [1.9547117948532104, 0.03772673010826111, 0.9370887875556946], "k_pid_att": [99.4778060913086, 0.8426827788352966, 0.8912491202354431], "k_pid_yaw": [0.5, 1e-06, 0.1], "k_pid_hsp": [9.353360176086426, 0.9947441816329956, 0.013373762369155884], "k_pid_vsp": [400.0, 363.7423095703125, 5.649364948272705]}, "datetime": {"datetime": "2025-08-20 21:46:56", "elapsed": 35671.26594400406, "delta": 16.393476724624634}, "costs": {"total_cost": 214.0452699830347, "time_cost": 69.984, "final_distance_cost": 1.738050094748852, "oscillation_cost": 67.08919344259998, "completition_cost": 0.0, "overshoot_cost": 50.505609363079195, "power_cost": 13.09540174560547, "noise_cost": 11.633015337001188, "n_waypoints_completed": 9, "tot_waypoints": 9}}
{"target": -220.81552071258977, "params": {"k_pid_pos": [1.9753098487854004, 0.05693963170051575, 0.025912553071975708], "k_pid_alt": [1.9657636880874634, 0.026814430952072144, 0.9575029611587524], "k_pid_att": [99.3982925415039, 0.12283427268266678, 0.9915411472320557], "k_pid_yaw": [0.5, 1e-06, 0.1], "k_pid_hsp": [9.930964469909668, 0.9968810677528381, 0.028155356645584106], "k_pid_vsp": [400.0, 396.8084716796875, 7.136071681976318]}, "datetime": {"datetime": "2025-08-20 21:47:12", "elapsed": 35687.13208913803, "delta": 15.866145133972168}, "costs": {"total_cost": 220.81552071258977, "time_cost": 69.648, "final_distance_cost": 1.7555174954716548, "oscillation_cost": 74.44069833817582, "completition_cost": 0.0, "overshoot_cost": 50.61284415752398, "power_cost": 12.907752124023439, "noise_cost": 11.450708597394899, "n_waypoints_completed": 9, "tot_waypoints": 9}}
{"target": -225.4053571201198, "params": {"k_pid_pos": [1.9551173448562622, 0.015848428010940552, 3.501772880554199e-05], "k_pid_alt": [1.9828476905822754, 0.022718101739883423, 0.9929608106613159], "k_pid_att": [97.93851470947266, 0.13422103226184845, 0.971300482749939], "k_pid_yaw": [0.5, 1e-06, 0.1], "k_pid_hsp": [9.940253257751465, 0.9668665528297424, 0.007616251707077026], "k_pid_vsp": [400.0, 399.28607177734375, 73.08360290527344]}, "datetime": {"datetime": "2025-08-20 21:47:30", "elapsed": 35704.66500210762, "delta": 17.532912969589233}, "costs": {"total_cost": 225.4053571201198, "time_cost": 69.096, "final_distance_cost": 1.7912306228608217, "oscillation_cost": 77.47089248968383, "completition_cost": 0.0, "overshoot_cost": 50.65042551993551, "power_cost": 14.817251892089844, "noise_cost": 11.57955659554978, "n_waypoints_completed": 9, "tot_waypoints": 9}}
{"target": -217.67615262602936, "params": {"k_pid_pos": [1.992392659187317, 0.03466138243675232, 0.0], "k_pid_alt": [1.9769060611724854, 0.005682855844497681, 0.9658044576644897], "k_pid_att": [89.12294006347656, 0.15966928005218506, 0.9906560778617859], "k_pid_yaw": [0.5, 1e-06, 0.1], "k_pid_hsp": [9.905719757080078, 0.958181619644165, 0.03269127011299133], "k_pid_vsp": [400.0, 393.6862487792969, 13.190258979797363]}, "datetime": {"datetime": "2025-08-20 21:47:45", "elapsed": 35719.745911836624, "delta": 15.080909729003906}, "costs": {"total_cost": 217.67615262602936, "time_cost": 69.792, "final_distance_cost": 1.7345031300981488, "oscillation_cost": 67.93292544880782, "completition_cost": 0.0, "overshoot_cost": 50.50813286498078, "power_cost": 15.511000048828127, "noise_cost": 12.197591133314504, "n_waypoints_completed": 9, "tot_waypoints": 9}}
{"target": -225.88823609565583, "params": {"k_pid_pos": [1.9189879894256592, 0.031780362129211426, 0.0], "k_pid_alt": [1.988867998123169, 0.002931565046310425, 0.9594190120697021], "k_pid_att": [99.39022064208984, 0.14742034673690796, 0.9320471882820129], "k_pid_yaw": [0.5, 1e-06, 0.1], "k_pid_hsp": [9.658576965332031, 0.9645669460296631, 0.08041802048683167], "k_pid_vsp": [400.0, 384.1488342285156, 4.638899326324463]}, "datetime": {"datetime": "2025-08-20 21:48:03", "elapsed": 35738.338651418686, "delta": 18.592739582061768}, "costs": {"total_cost": 225.88823609565583, "time_cost": 69.64, "final_distance_cost": 1.7347886766412415, "oscillation_cost": 79.12033372703362, "completition_cost": 0.0, "overshoot_cost": 49.90486886384797, "power_cost": 13.655714392089845, "noise_cost": 11.832530436043141, "n_waypoints_completed": 9, "tot_waypoints": 9}}
{"target": -217.61465029067966, "params": {"k_pid_pos": [1.979218602180481, 0.008195936679840088, 0.0], "k_pid_alt": [1.9347929954528809, 0.01706165075302124, 0.9798708558082581], "k_pid_att": [99.42034149169922, 0.07568210363388062, 0.9902113676071167], "k_pid_yaw": [0.5, 1e-06, 0.1], "k_pid_hsp": [9.782255172729492, 0.9845619201660156, 0.026102453470230103], "k_pid_vsp": [400.0, 386.2209167480469, 84.7214584350586]}, "datetime": {"datetime": "2025-08-20 21:48:18", "elapsed": 35753.10336589813, "delta": 14.764714479446411}, "costs": {"total_cost": 217.61465029067966, "time_cost": 68.888, "final_distance_cost": 1.7328644560508522, "oscillation_cost": 72.55412883787773, "completition_cost": 0.0, "overshoot_cost": 49.98938145501913, "power_cost": 13.519598364257813, "noise_cost": 10.930677177474134, "n_waypoints_completed": 9, "tot_waypoints": 9}}
{"target": -217.52532684683067, "params": {"k_pid_pos": [1.995012640953064, 0.0509800910949707, 3.612041473388672e-05], "k_pid_alt": [1.925816297531128, 0.003310978412628174, 0.9955192804336548], "k_pid_att": [93.39732360839844, 0.24276894330978394, 0.9873099327087402], "k_pid_yaw": [0.5, 1e-06, 0.1], "k_pid_hsp": [9.518972396850586, 0.9753666520118713, 0.024557054042816162], "k_pid_vsp": [400.0, 381.4073486328125, 0.5441198945045471]}, "datetime": {"datetime": "2025-08-20 21:48:35", "elapsed": 35769.77697300911, "delta": 16.673607110977173}, "costs": {"total_cost": 217.52532684683067, "time_cost": 69.904, "final_distance_cost": 1.7336383268397975, "oscillation_cost": 71.80787520105352, "completition_cost": 0.0, "overshoot_cost": 49.45434205987254, "power_cost": 13.077761474609376, "noise_cost": 11.547709784455442, "n_waypoints_completed": 9, "tot_waypoints": 9}}
{"target": -220.87523930629055, "params": {"k_pid_pos": [1.9017733335494995, 0.07106167078018188, 0.0], "k_pid_alt": [1.8967808485031128, 0.010228157043457031, 0.9958110451698303], "k_pid_att": [99.80366516113281, 0.23557324707508087, 0.9869281649589539], "k_pid_yaw": [0.5, 1e-06, 0.1], "k_pid_hsp": [9.860640525817871, 0.9783720374107361, 0.007758498191833496], "k_pid_vsp": [400.0, 386.3167419433594, 3.223503589630127]}, "datetime": {"datetime": "2025-08-20 21:48:50", "elapsed": 35784.89710330963, "delta": 15.12013030052185}, "costs": {"total_cost": 220.87523930629055, "time_cost": 70.248, "final_distance_cost": 1.791333058829963, "oscillation_cost": 73.58967519065143, "completition_cost": 0.0, "overshoot_cost": 50.4001377596407, "power_cost": 13.233251098632813, "noise_cost": 11.612842198535645, "n_waypoints_completed": 9, "tot_waypoints": 9}}
{"target": -238.14878858604473, "params": {"k_pid_pos": [1.9752079248428345, 0.005771726369857788, 2.5033950805664062e-06], "k_pid_alt": [1.9937794208526611, 0.08373594284057617, 0.9881504774093628], "k_pid_att": [98.6444320678711, 0.23708868026733398, 0.944747805595398], "k_pid_yaw": [0.5, 1e-06, 0.1], "k_pid_hsp": [9.368450164794922, 0.9621380567550659, 0.021824806928634644], "k_pid_vsp": [400.0, 386.8891296386719, 1.613868236541748]}, "datetime": {"datetime": "2025-08-20 21:49:09", "elapsed": 35804.359043598175, "delta": 19.4619402885437}, "costs": {"total_cost": 238.14878858604473, "time_cost": 82.304, "final_distance_cost": 1.8018540704165613, "oscillation_cost": 72.97370041059304, "completition_cost": 0.0, "overshoot_cost": 52.491667651742596, "power_cost": 15.322722436523438, "noise_cost": 13.254844016769075, "n_waypoints_completed": 9, "tot_waypoints": 9}}
{"target": -253.85464300885403, "params": {"k_pid_pos": [1.9607548713684082, 0.01831391453742981, 0.9998148679733276], "k_pid_alt": [1.9577728509902954, 0.004102975130081177, 0.9929746389389038], "k_pid_att": [97.61607360839844, 0.17975464463233948, 0.9781912565231323], "k_pid_yaw": [0.5, 1e-06, 0.1], "k_pid_hsp": [9.957995414733887, 0.9779007434844971, 0.015309423208236694], "k_pid_vsp": [400.0, 394.72900390625, 1.4175782203674316]}, "datetime": {"datetime": "2025-08-20 21:49:24", "elapsed": 35819.26057267189, "delta": 14.90152907371521}, "costs": {"total_cost": 253.85464300885403, "time_cost": 70.072, "final_distance_cost": 1.8415462611819202, "oscillation_cost": 107.33051153465978, "completition_cost": 0.0, "overshoot_cost": 49.49071647865791, "power_cost": 13.159540490722657, "noise_cost": 11.960328243631773, "n_waypoints_completed": 9, "tot_waypoints": 9}}
{"target": -222.26386764109998, "params": {"k_pid_pos": [1.99113130569458, 0.0183335542678833, 0.0], "k_pid_alt": [1.9894307851791382, 0.005023151636123657, 0.9608670473098755], "k_pid_att": [99.65514373779297, 0.17392536997795105, 0.9801748991012573], "k_pid_yaw": [0.5, 1e-06, 0.1], "k_pid_hsp": [9.96063232421875, 0.9845564961433411, 0.012840718030929565], "k_pid_vsp": [399.9999694824219, 388.8027648925781, 9.719038963317871]}, "datetime": {"datetime": "2025-08-20 21:49:41", "elapsed": 35835.79584479332, "delta": 16.535272121429443}, "costs": {"total_cost": 222.26386764109998, "time_cost": 69.816, "final_distance_cost": 1.7944786736547322, "oscillation_cost": 78.01474820932759, "completition_cost": 0.0, "overshoot_cost": 50.714483674367024, "power_cost": 11.51297705078125, "noise_cost": 10.411180032969378, "n_waypoints_completed": 9, "tot_waypoints": 9}}
{"target": -210.52090435451103, "params": {"k_pid_pos": [1.586204171180725, 0.0050029754638671875, 0.0], "k_pid_alt": [1.878326177597046, 0.003943085670471191, 0.997256875038147], "k_pid_att": [97.05498504638672, 0.6480514407157898, 0.9807729721069336], "k_pid_yaw": [0.5, 1e-06, 0.1], "k_pid_hsp": [9.627476692199707, 0.9730256199836731, 0.05219396948814392], "k_pid_vsp": [400.0, 388.441650390625, 1.4480361938476562]}, "datetime": {"datetime": "2025-08-20 21:49:56", "elapsed": 35851.48863577843, "delta": 15.692790985107422}, "costs": {"total_cost": 210.52090435451103, "time_cost": 69.264, "final_distance_cost": 1.7746297145530072, "oscillation_cost": 65.19675316965882, "completition_cost": 0.0, "overshoot_cost": 50.37056078056783, "power_cost": 12.647583264160156, "noise_cost": 11.267377425571235, "n_waypoints_completed": 9, "tot_waypoints": 9}}
{"target": -278.02570785493543, "params": {"k_pid_pos": [1.94173002243042, 0.007587999105453491, 0.9999934434890747], "k_pid_alt": [1.9913157224655151, 0.03093770146369934, 0.9893912076950073], "k_pid_att": [99.5094985961914, 0.028384802863001823, 0.9723347425460815], "k_pid_yaw": [0.5, 1e-06, 0.1], "k_pid_hsp": [9.690343856811523, 0.9724180698394775, 0.038799792528152466], "k_pid_vsp": [400.0, 383.9649963378906, 15.689362525939941]}, "datetime": {"datetime": "2025-08-20 21:50:13", "elapsed": 35867.79074835777, "delta": 16.302112579345703}, "costs": {"total_cost": 278.02570785493543, "time_cost": 70.168, "final_distance_cost": 1.846166726784047, "oscillation_cost": 128.19236412871058, "completition_cost": 0.0, "overshoot_cost": 50.42756409461301, "power_cost": 14.779634362792969, "noise_cost": 12.611978542034814, "n_waypoints_completed": 9, "tot_waypoints": 9}}
{"target": -211.38610400653516, "params": {"k_pid_pos": [1.9371572732925415, 0.014352291822433472, 0.0], "k_pid_alt": [1.9985483884811401, 0.035534441471099854, 0.9725818634033203], "k_pid_att": [98.8026351928711, 0.30047309398651123, 0.963290810585022], "k_pid_yaw": [0.5, 1e-06, 0.1], "k_pid_hsp": [9.822708129882812, 0.9682043790817261, 0.01903170347213745], "k_pid_vsp": [400.0, 397.6458435058594, 4.564298152923584]}, "datetime": {"datetime": "2025-08-20 21:50:29", "elapsed": 35884.39365744591, "delta": 16.602909088134766}, "costs": {"total_cost": 211.38610400653516, "time_cost": 69.672, "final_distance_cost": 1.747802532987615, "oscillation_cost": 64.54669483476472, "completition_cost": 0.0, "overshoot_cost": 50.77488850121597, "power_cost": 13.069520117187501, "noise_cost": 11.575198020379364, "n_waypoints_completed": 9, "tot_waypoints": 9}}
{"target": -222.46472082115005, "params": {"k_pid_pos": [1.9864277839660645, 0.016801774501800537, 0.00089302659034729], "k_pid_alt": [1.9115159511566162, 0.022758305072784424, 0.9935407638549805], "k_pid_att": [99.54704284667969, 0.45191535353660583, 0.9893902540206909], "k_pid_yaw": [0.5, 1e-06, 0.1], "k_pid_hsp": [9.916561126708984, 0.9204773902893066, 0.026853233575820923], "k_pid_vsp": [400.0, 381.3189392089844, 3.156198024749756]}, "datetime": {"datetime": "2025-08-20 21:50:45", "elapsed": 35899.76050591469, "delta": 15.366848468780518}, "costs": {"total_cost": 222.46472082115005, "time_cost": 69.648, "final_distance_cost": 1.786497889653199, "oscillation_cost": 76.21913226362112, "completition_cost": 0.0, "overshoot_cost": 50.35119367195755, "power_cost": 12.984240844726562, "noise_cost": 11.475656151191611, "n_waypoints_completed": 9, "tot_waypoints": 9}}
{"target": -212.2462488165845, "params": {"k_pid_pos": [1.933932900428772, 0.008971631526947021, 5.960464477539063e-08], "k_pid_alt": [1.993380069732666, 0.00718340277671814, 0.981921374797821], "k_pid_att": [98.82147979736328, 0.2906634509563446, 0.9741079807281494], "k_pid_yaw": [0.5, 1e-06, 0.1], "k_pid_hsp": [9.87682819366455, 0.9786081910133362, 0.004213511943817139], "k_pid_vsp": [400.0, 385.1071472167969, 2.8722891807556152]}, "datetime": {"datetime": "2025-08-20 21:51:01", "elapsed": 35916.35251927376, "delta": 16.592013359069824}, "costs": {"total_cost": 212.2462488165845, "time_cost": 69.816, "final_distance_cost": 1.7318040898282494, "oscillation_cost": 66.24114931391676, "completition_cost": 0.0, "overshoot_cost": 50.1899295064401, "power_cost": 12.884492687988281, "noise_cost": 11.382873218411115, "n_waypoints_completed": 9, "tot_waypoints": 9}}
{"target": -217.93797801452425, "params": {"k_pid_pos": [1.9822756052017212, 0.02272135019302368, 0.0], "k_pid_alt": [1.9927154779434204, 0.02159959077835083, 0.9934297800064087], "k_pid_att": [98.07353210449219, 0.1121588870882988, 0.9464187026023865], "k_pid_yaw": [0.5, 1e-06, 0.1], "k_pid_hsp": [9.886650085449219, 0.9579188227653503, 0.00885307788848877], "k_pid_vsp": [400.0, 395.6051330566406, 9.3026762008667]}, "datetime": {"datetime": "2025-08-20 21:51:17", "elapsed": 35931.80912947655, "delta": 15.456610202789307}, "costs": {"total_cost": 217.93797801452425, "time_cost": 69.896, "final_distance_cost": 1.7348815098983061, "oscillation_cost": 72.55869484806308, "completition_cost": 0.0, "overshoot_cost": 50.545826607884486, "power_cost": 12.284761560058595, "noise_cost": 10.917813488619766, "n_waypoints_completed": 9, "tot_waypoints": 9}}
{"target": -229.82701357869348, "params": {"k_pid_pos": [1.9775882959365845, 0.01039537787437439, 0.007608979940414429], "k_pid_alt": [1.9345014095306396, 0.06965288519859314, 0.965641438961029], "k_pid_att": [96.67449188232422, 0.44956666231155396, 0.9814027547836304], "k_pid_yaw": [0.5, 1e-06, 0.1], "k_pid_hsp": [9.986151695251465, 0.9899464845657349, 0.012814551591873169], "k_pid_vsp": [399.98382568359375, 393.550537109375, 14.050972938537598]}, "datetime": {"datetime": "2025-08-20 21:51:36", "elapsed": 35950.62561774254, "delta": 18.81648826599121}, "costs": {"total_cost": 229.82701357869348, "time_cost": 80.36, "final_distance_cost": 1.7550243503193965, "oscillation_cost": 68.90120916271333, "completition_cost": 0.0, "overshoot_cost": 51.69917593423642, "power_cost": 14.864807580566406, "noise_cost": 12.246796550857933, "n_waypoints_completed": 9, "tot_waypoints": 9}}
