{"target": -359.41509341168864, "params": {"k_pid_pos": [1.919734001159668, 0.0326685905456543, 1.0], "k_pid_alt": [1.8550119400024414, 0.11750248074531555, 0.9925288558006287], "k_pid_att": [96.14649963378906, 1.4761525392532349, 0.992790162563324], "k_pid_yaw": [0.5, 1e-06, 0.1], "k_pid_hsp": [9.596454620361328, 0.9882011413574219, 0.03508216142654419], "k_pid_vsp": [400.0, 392.27081298828125, 15.520096778869629]}, "datetime": {"datetime": "2025-08-20 21:09:30", "elapsed": 33425.38818883896, "delta": 19.933063507080078}, "costs": {"total_cost": 359.41509341168864, "time_cost": 85.8, "final_distance_cost": 1.7984738883171136, "oscillation_cost": 189.98743399622128, "completition_cost": 0.0, "overshoot_cost": 50.59154091161652, "power_cost": 17.262561169433596, "noise_cost": 13.975083446100161, "n_waypoints_completed": 9, "tot_waypoints": 9}}
{"target": -290.38818070690166, "params": {"k_pid_pos": [1.979508399963379, 0.014837443828582764, 0.0], "k_pid_alt": [1.9576730728149414, 0.013616055250167847, 0.9945900440216064], "k_pid_att": [93.8858642578125, 0.53711998462677, 0.9711909890174866], "k_pid_yaw": [0.5, 1e-06, 0.1], "k_pid_hsp": [9.391536712646484, 0.9934654831886292, 0.2987436056137085], "k_pid_vsp": [382.2427673339844, 397.47418212890625, 2.9684553146362305]}, "datetime": {"datetime": "2025-08-20 21:09:47", "elapsed": 33441.99297451973, "delta": 16.604785680770874}, "costs": {"total_cost": 290.38818070690166, "time_cost": 70.12, "final_distance_cost": 1.7667097635882476, "oscillation_cost": 141.6334995505922, "completition_cost": 0.0, "overshoot_cost": 50.25261702740615, "power_cost": 14.463542639160156, "noise_cost": 12.151811726154888, "n_waypoints_completed": 9, "tot_waypoints": 9}}
{"target": -211.5140021199254, "params": {"k_pid_pos": [1.980823278427124, 0.07978236675262451, 0.0], "k_pid_alt": [1.897303581237793, 0.022867798805236816, 0.9844157099723816], "k_pid_att": [97.92090606689453, 0.2434069961309433, 0.9743980765342712], "k_pid_yaw": [0.5, 1e-06, 0.1], "k_pid_hsp": [9.954208374023438, 0.9935673475265503, 0.008685380220413208], "k_pid_vsp": [400.0, 392.4449768066406, 7.88241720199585]}, "datetime": {"datetime": "2025-08-20 21:10:02", "elapsed": 33457.23805451393, "delta": 15.24507999420166}, "costs": {"total_cost": 211.5140021199254, "time_cost": 70.288, "final_distance_cost": 1.7393656921132161, "oscillation_cost": 63.403958550238556, "completition_cost": 0.0, "overshoot_cost": 50.7410746942269, "power_cost": 13.596199560546875, "noise_cost": 11.745403622799884, "n_waypoints_completed": 9, "tot_waypoints": 9}}
{"target": -335.65078634278876, "params": {"k_pid_pos": [1.9853929281234741, 0.040476083755493164, 0.0], "k_pid_alt": [1.9456334114074707, 0.11403226852416992, 0.9764943718910217], "k_pid_att": [99.11053466796875, 0.327707976102829, 0.9533388614654541], "k_pid_yaw": [0.5, 1e-06, 0.1], "k_pid_hsp": [9.899984359741211, 0.9718909859657288, 0.0661877989768982], "k_pid_vsp": [400.0, 385.349365234375, 26.98596954345703]}, "datetime": {"datetime": "2025-08-20 21:10:26", "elapsed": 33481.086374759674, "delta": 23.848320245742798}, "costs": {"total_cost": 335.65078634278876, "time_cost": 98.648, "final_distance_cost": 1.7494477769107029, "oscillation_cost": 149.73273003187785, "completition_cost": 0.0, "overshoot_cost": 51.43046007545565, "power_cost": 18.96840671386719, "noise_cost": 15.121741744677372, "n_waypoints_completed": 9, "tot_waypoints": 9}}
{"target": -235.03445712772717, "params": {"k_pid_pos": [1.9771313667297363, 0.04417240619659424, 0.9805388450622559], "k_pid_alt": [1.9551246166229248, 0.01758715510368347, 0.8494266271591187], "k_pid_att": [97.11536407470703, 0.1419200897216797, 0.9676114320755005], "k_pid_yaw": [0.5, 1e-06, 0.1], "k_pid_hsp": [9.855303764343262, 0.9923806190490723, 0.010417819023132324], "k_pid_vsp": [400.0, 395.80419921875, 4.885054588317871]}, "datetime": {"datetime": "2025-08-20 21:10:41", "elapsed": 33495.9473528862, "delta": 14.860978126525879}, "costs": {"total_cost": 235.03445712772717, "time_cost": 69.584, "final_distance_cost": 1.8363405472833614, "oscillation_cost": 89.0748241468509, "completition_cost": 0.0, "overshoot_cost": 49.50832368850991, "power_cost": 13.080523559570313, "noise_cost": 11.950445185512715, "n_waypoints_completed": 9, "tot_waypoints": 9}}
{"target": -357.3252882754243, "params": {"k_pid_pos": [1.7875727415084839, 0.2008492350578308, 0.15628260374069214], "k_pid_alt": [1.9711368083953857, 0.10900989174842834, 0.900057852268219], "k_pid_att": [98.90464782714844, 0.20266495645046234, 0.9812939167022705], "k_pid_yaw": [0.5, 1e-06, 0.1], "k_pid_hsp": [9.75337028503418, 0.915995717048645, 0.08639353513717651], "k_pid_vsp": [400.0, 390.19757080078125, 31.46280288696289]}, "datetime": {"datetime": "2025-08-20 21:11:04", "elapsed": 33518.74108529091, "delta": 22.793732404708862}, "costs": {"total_cost": 357.3252882754243, "time_cost": 95.408, "final_distance_cost": 1.772809596325659, "oscillation_cost": 170.49243919306954, "completition_cost": 0.0, "overshoot_cost": 52.96036223746049, "power_cost": 20.75631903076172, "noise_cost": 15.935358217806964, "n_waypoints_completed": 9, "tot_waypoints": 9}}
{"target": -233.09634998465827, "params": {"k_pid_pos": [1.9592677354812622, 0.011938631534576416, 1.7881393432617188e-07], "k_pid_alt": [1.9291186332702637, 0.03620821237564087, 0.9713050723075867], "k_pid_att": [98.57566833496094, 0.391933411359787, 0.951156735420227], "k_pid_yaw": [0.5, 1e-06, 0.1], "k_pid_hsp": [9.372440338134766, 0.9347354769706726, 0.002409219741821289], "k_pid_vsp": [1.0102391242980957, 387.654296875, 6.411636829376221]}, "datetime": {"datetime": "2025-08-20 21:11:21", "elapsed": 33535.53344511986, "delta": 16.792359828948975}, "costs": {"total_cost": 233.09634998465827, "time_cost": 75.4, "final_distance_cost": 1.7733032380626323, "oscillation_cost": 76.74950503187843, "completition_cost": 0.0, "overshoot_cost": 52.5283407202303, "power_cost": 15.33350721435547, "noise_cost": 11.31169378013145, "n_waypoints_completed": 9, "tot_waypoints": 9}}
{"target": -222.00527655347761, "params": {"k_pid_pos": [1.957474946975708, 0.09192955493927002, 0.0], "k_pid_alt": [1.993259072303772, 0.010899275541305542, 0.9474703073501587], "k_pid_att": [99.56355285644531, 0.4225636422634125, 0.9606686234474182], "k_pid_yaw": [0.5, 1e-06, 0.1], "k_pid_hsp": [9.286731719970703, 0.9866839647293091, 0.03180193901062012], "k_pid_vsp": [400.0, 391.0755920410156, 5.171037673950195]}, "datetime": {"datetime": "2025-08-20 21:11:37", "elapsed": 33552.1617474556, "delta": 16.628302335739136}, "costs": {"total_cost": 222.00527655347761, "time_cost": 69.888, "final_distance_cost": 1.7903039752441907, "oscillation_cost": 74.93797214395823, "completition_cost": 0.0, "overshoot_cost": 50.50715573932098, "power_cost": 13.235626708984375, "noise_cost": 11.646217985969816, "n_waypoints_completed": 9, "tot_waypoints": 9}}
{"target": -219.23630048652228, "params": {"k_pid_pos": [1.901133418083191, 0.007328689098358154, 0.0], "k_pid_alt": [1.9459831714630127, 0.016433894634246826, 0.9740580320358276], "k_pid_att": [99.1083755493164, 0.21654316782951355, 0.8164478540420532], "k_pid_yaw": [0.5, 1e-06, 0.1], "k_pid_hsp": [9.697357177734375, 0.9912501573562622, 0.03790020942687988], "k_pid_vsp": [400.0, 380.76361083984375, 7.423747539520264]}, "datetime": {"datetime": "2025-08-20 21:11:53", "elapsed": 33567.91744494438, "delta": 15.75569748878479}, "costs": {"total_cost": 219.23630048652228, "time_cost": 69.504, "final_distance_cost": 1.784477625296579, "oscillation_cost": 72.39020965661823, "completition_cost": 0.0, "overshoot_cost": 50.942722776414016, "power_cost": 13.056021801757813, "noise_cost": 11.55886862643564, "n_waypoints_completed": 9, "tot_waypoints": 9}}
{"target": -226.6771571064339, "params": {"k_pid_pos": [1.9876198768615723, 0.031914353370666504, 0.0], "k_pid_alt": [1.9475483894348145, 0.013417214155197144, 0.9564852714538574], "k_pid_att": [97.02442932128906, 0.8010150790214539, 0.9529645442962646], "k_pid_yaw": [0.5, 1e-06, 0.1], "k_pid_hsp": [9.97916316986084, 0.9924984574317932, 0.06830108165740967], "k_pid_vsp": [400.0, 364.2860412597656, 16.769851684570312]}, "datetime": {"datetime": "2025-08-20 21:12:08", "elapsed": 33583.06877660751, "delta": 15.151331663131714}, "costs": {"total_cost": 226.6771571064339, "time_cost": 69.424, "final_distance_cost": 1.7415526506728474, "oscillation_cost": 78.82187292769815, "completition_cost": 0.0, "overshoot_cost": 50.37649169703162, "power_cost": 14.534524609375001, "noise_cost": 11.778715221656263, "n_waypoints_completed": 9, "tot_waypoints": 9}}
{"target": -204.6285730743661, "params": {"k_pid_pos": [1.900103211402893, 0.005352050065994263, 2.9802322387695312e-08], "k_pid_alt": [1.887561559677124, 0.05129671096801758, 0.9638574123382568], "k_pid_att": [96.17123413085938, 0.5811333656311035, 0.9990792274475098], "k_pid_yaw": [0.5, 1e-06, 0.1], "k_pid_hsp": [9.40373420715332, 0.9920264482498169, 0.009517282247543335], "k_pid_vsp": [400.0, 381.20123291015625, 65.74370574951172]}, "datetime": {"datetime": "2025-08-20 21:12:25", "elapsed": 33599.57441782951, "delta": 16.505641222000122}, "costs": {"total_cost": 204.6285730743661, "time_cost": 69.504, "final_distance_cost": 1.8013032884506524, "oscillation_cost": 57.926795441528725, "completition_cost": 0.0, "overshoot_cost": 50.140927306245786, "power_cost": 14.140445776367189, "noise_cost": 11.115101261773745, "n_waypoints_completed": 9, "tot_waypoints": 9}}
{"target": -254.12262480223507, "params": {"k_pid_pos": [1.9862184524536133, 0.021180331707000732, 0.00012692809104919434], "k_pid_alt": [1.9777706861495972, 0.0103226900100708, 0.986391007900238], "k_pid_att": [87.64226531982422, 0.1713811755180359, 0.9797606468200684], "k_pid_yaw": [0.5, 1e-06, 0.1], "k_pid_hsp": [9.943748474121094, 0.9925352334976196, 0.11743992567062378], "k_pid_vsp": [399.76214599609375, 365.5347900390625, 19.168140411376953]}, "datetime": {"datetime": "2025-08-20 21:12:42", "elapsed": 33616.58651280403, "delta": 17.012094974517822}, "costs": {"total_cost": 254.12262480223507, "time_cost": 69.47200000000001, "final_distance_cost": 1.7826788404527294, "oscillation_cost": 102.9115652294919, "completition_cost": 0.0, "overshoot_cost": 50.489806704795065, "power_cost": 16.59168271484375, "noise_cost": 12.874891312651627, "n_waypoints_completed": 9, "tot_waypoints": 9}}
{"target": -215.0312882658344, "params": {"k_pid_pos": [1.9797511100769043, 0.02139955759048462, 1.1622905731201172e-06], "k_pid_alt": [1.9823105335235596, 0.009722679853439331, 0.9640524387359619], "k_pid_att": [96.09490203857422, 0.030430711805820465, 0.8993933200836182], "k_pid_yaw": [0.5, 1e-06, 0.1], "k_pid_hsp": [9.917817115783691, 0.9631068110466003, 0.016266047954559326], "k_pid_vsp": [400.0, 398.3193054199219, 4.1925201416015625]}, "datetime": {"datetime": "2025-08-20 21:12:57", "elapsed": 33632.25235581398, "delta": 15.66584300994873}, "costs": {"total_cost": 215.0312882658344, "time_cost": 69.968, "final_distance_cost": 1.7704560556040843, "oscillation_cost": 67.78069520661647, "completition_cost": 0.0, "overshoot_cost": 50.85222199372558, "power_cost": 13.076091015625, "noise_cost": 11.583823994263268, "n_waypoints_completed": 9, "tot_waypoints": 9}}
{"target": -244.14192856451965, "params": {"k_pid_pos": [1.9880789518356323, 0.011227339506149292, 0.0], "k_pid_alt": [1.9276736974716187, 0.012400031089782715, 0.9255632162094116], "k_pid_att": [98.08132934570312, 0.29275766015052795, 0.9952684044837952], "k_pid_yaw": [0.5, 1e-06, 0.1], "k_pid_hsp": [9.800134658813477, 0.9686177372932434, 0.09322324395179749], "k_pid_vsp": [400.0, 398.0, 0.6716976761817932]}, "datetime": {"datetime": "2025-08-20 21:13:14", "elapsed": 33649.23175287247, "delta": 16.97939705848694}, "costs": {"total_cost": 244.14192856451965, "time_cost": 69.752, "final_distance_cost": 1.77015978101743, "oscillation_cost": 96.16825424399876, "completition_cost": 0.0, "overshoot_cost": 50.463790566961556, "power_cost": 14.012145263671876, "noise_cost": 11.97557870887001, "n_waypoints_completed": 9, "tot_waypoints": 9}}
{"target": -222.37366477844074, "params": {"k_pid_pos": [1.971617579460144, 0.013717830181121826, 0.0], "k_pid_alt": [1.986634612083435, 0.012020289897918701, 0.9941766262054443], "k_pid_att": [99.69564056396484, 0.2513897716999054, 0.969585120677948], "k_pid_yaw": [0.5, 1e-06, 0.1], "k_pid_hsp": [9.957056045532227, 0.9629091024398804, 0.03921443223953247], "k_pid_vsp": [400.0, 382.0, 18.440773010253906]}, "datetime": {"datetime": "2025-08-20 21:13:29", "elapsed": 33664.307394742966, "delta": 15.075641870498657}, "costs": {"total_cost": 222.37366477844074, "time_cost": 69.584, "final_distance_cost": 1.7901931117303964, "oscillation_cost": 75.57323614115062, "completition_cost": 0.0, "overshoot_cost": 50.51699837651417, "power_cost": 13.736834008789064, "noise_cost": 11.172403140256515, "n_waypoints_completed": 9, "tot_waypoints": 9}}
{"target": -250.6645081577121, "params": {"k_pid_pos": [1.984771966934204, 0.03609490394592285, 0.0], "k_pid_alt": [1.9834082126617432, 0.04461309313774109, 0.9760746955871582], "k_pid_att": [95.7139892578125, 0.5300780534744263, 0.9721950888633728], "k_pid_yaw": [0.5, 1e-06, 0.1], "k_pid_hsp": [9.889203071594238, 0.9742976427078247, 0.08998510241508484], "k_pid_vsp": [400.0, 397.9388732910156, 54.533695220947266]}, "datetime": {"datetime": "2025-08-20 21:13:46", "elapsed": 33680.49839043617, "delta": 16.190995693206787}, "costs": {"total_cost": 250.6645081577121, "time_cost": 69.376, "final_distance_cost": 1.7667241058932768, "oscillation_cost": 100.99416027556039, "completition_cost": 0.0, "overshoot_cost": 50.371677541761805, "power_cost": 15.8624513671875, "noise_cost": 12.293494867309107, "n_waypoints_completed": 9, "tot_waypoints": 9}}
{"target": -264.0888122298317, "params": {"k_pid_pos": [1.9443628787994385, 0.05131947994232178, 2.682209014892578e-07], "k_pid_alt": [1.9667415618896484, 0.11468607187271118, 0.9914209842681885], "k_pid_att": [99.38352966308594, 0.16887512803077698, 0.9475498199462891], "k_pid_yaw": [0.5, 1e-06, 0.1], "k_pid_hsp": [8.265817642211914, 0.9714998006820679, 0.008217275142669678], "k_pid_vsp": [400.0, 392.9846496582031, 23.265304565429688]}, "datetime": {"datetime": "2025-08-20 21:14:08", "elapsed": 33703.254440546036, "delta": 22.75605010986328}, "costs": {"total_cost": 264.0888122298317, "time_cost": 99.032, "final_distance_cost": 1.7479749755390868, "oscillation_cost": 76.00785216315705, "completition_cost": 0.0, "overshoot_cost": 51.81725712022514, "power_cost": 19.92477691650391, "noise_cost": 15.558951054406537, "n_waypoints_completed": 9, "tot_waypoints": 9}}
{"target": -215.92947333988448, "params": {"k_pid_pos": [1.9061757326126099, 0.03583914041519165, 0.0], "k_pid_alt": [1.9325700998306274, 0.012658745050430298, 0.9589858055114746], "k_pid_att": [98.56002044677734, 0.45920881628990173, 0.9957109093666077], "k_pid_yaw": [0.5, 1e-06, 0.1], "k_pid_hsp": [9.933894157409668, 0.9892081618309021, 0.020085066556930542], "k_pid_vsp": [400.0, 391.54034423828125, 6.297410488128662]}, "datetime": {"datetime": "2025-08-20 21:14:25", "elapsed": 33719.57170367241, "delta": 16.31726312637329}, "costs": {"total_cost": 215.92947333988448, "time_cost": 69.728, "final_distance_cost": 1.764000077014199, "oscillation_cost": 69.22849158694241, "completition_cost": 0.0, "overshoot_cost": 50.64352692870021, "power_cost": 13.045335217285157, "noise_cost": 11.52011952994252, "n_waypoints_completed": 9, "tot_waypoints": 9}}
{"target": -212.39859612089222, "params": {"k_pid_pos": [1.9702192544937134, 0.037446796894073486, 0.0], "k_pid_alt": [1.8201794624328613, 0.01760038733482361, 0.9880926012992859], "k_pid_att": [96.60613250732422, 0.08869218081235886, 0.9185547232627869], "k_pid_yaw": [0.5, 1e-06, 0.1], "k_pid_hsp": [9.518566131591797, 0.9928246736526489, 0.006462395191192627], "k_pid_vsp": [393.24530029296875, 386.8664245605469, 18.712785720825195]}, "datetime": {"datetime": "2025-08-20 21:14:44", "elapsed": 33739.005346775055, "delta": 19.433643102645874}, "costs": {"total_cost": 212.39859612089222, "time_cost": 69.928, "final_distance_cost": 1.7691572211267528, "oscillation_cost": 64.15940911588078, "completition_cost": 0.0, "overshoot_cost": 50.715649314240466, "power_cost": 14.336808850097658, "noise_cost": 11.489571619546586, "n_waypoints_completed": 9, "tot_waypoints": 9}}
{"target": -216.16088008599903, "params": {"k_pid_pos": [1.9430917501449585, 0.004054725170135498, 0.0], "k_pid_alt": [1.976689100265503, 0.02366429567337036, 0.991400957107544], "k_pid_att": [99.73949432373047, 0.20910786092281342, 0.9635790586471558], "k_pid_yaw": [0.5, 1e-06, 0.1], "k_pid_hsp": [9.67445182800293, 0.9874216318130493, 0.015982121229171753], "k_pid_vsp": [399.9997253417969, 396.62652587890625, 2.564502716064453]}, "datetime": {"datetime": "2025-08-20 21:14:59", "elapsed": 33753.89154434204, "delta": 14.886197566986084}, "costs": {"total_cost": 216.16088008599903, "time_cost": 69.64, "final_distance_cost": 1.7893015770823368, "oscillation_cost": 69.77516155319348, "completition_cost": 0.0, "overshoot_cost": 50.27206576260268, "power_cost": 13.110749658203126, "noise_cost": 11.573601534917408, "n_waypoints_completed": 9, "tot_waypoints": 9}}
{"target": -236.4384065825627, "params": {"k_pid_pos": [1.979070782661438, 0.04382658004760742, 0.7768270373344421], "k_pid_alt": [1.958443284034729, 0.009763240814208984, 0.9082080125808716], "k_pid_att": [99.03368377685547, 0.037128716707229614, 0.9678089618682861], "k_pid_yaw": [0.5, 1e-06, 0.1], "k_pid_hsp": [9.529389381408691, 0.9893892407417297, 0.03001725673675537], "k_pid_vsp": [400.0, 251.25375366210938, 9.1625337600708]}, "datetime": {"datetime": "2025-08-20 21:15:17", "elapsed": 33771.640412569046, "delta": 17.748868227005005}, "costs": {"total_cost": 236.4384065825627, "time_cost": 69.312, "final_distance_cost": 1.8319528461679515, "oscillation_cost": 89.21270737589714, "completition_cost": 0.0, "overshoot_cost": 50.327695715102635, "power_cost": 13.751005578613283, "noise_cost": 12.003045066781675, "n_waypoints_completed": 9, "tot_waypoints": 9}}
{"target": -216.4472968861837, "params": {"k_pid_pos": [1.7861651182174683, 0.005173087120056152, 0.0], "k_pid_alt": [1.9759435653686523, 0.043378233909606934, 0.9797801971435547], "k_pid_att": [87.5095443725586, 0.08012618124485016, 0.9911354184150696], "k_pid_yaw": [0.5, 1e-06, 0.1], "k_pid_hsp": [9.848302841186523, 0.9804446697235107, 0.0016824007034301758], "k_pid_vsp": [399.9999694824219, 390.8285217285156, 2.3373374938964844]}, "datetime": {"datetime": "2025-08-20 21:15:31", "elapsed": 33786.40567278862, "delta": 14.765260219573975}, "costs": {"total_cost": 216.4472968861837, "time_cost": 69.304, "final_distance_cost": 1.791565198743558, "oscillation_cost": 70.33153406779107, "completition_cost": 0.0, "overshoot_cost": 50.50860149017079, "power_cost": 13.079999572753907, "noise_cost": 11.431596556724346, "n_waypoints_completed": 9, "tot_waypoints": 9}}
{"target": -237.85420906586506, "params": {"k_pid_pos": [1.9273921251296997, 0.07669773697853088, 0.007106781005859375], "k_pid_alt": [1.9879541397094727, 0.002429485321044922, 0.9933682084083557], "k_pid_att": [89.80397033691406, 0.055522527545690536, 0.9903069734573364], "k_pid_yaw": [0.5, 1e-06, 0.1], "k_pid_hsp": [9.626327514648438, 0.9703965783119202, 0.09514352679252625], "k_pid_vsp": [400.0, 366.2279357910156, 11.320984840393066]}, "datetime": {"datetime": "2025-08-20 21:15:49", "elapsed": 33804.256454229355, "delta": 17.850781440734863}, "costs": {"total_cost": 237.85420906586506, "time_cost": 69.744, "final_distance_cost": 1.7289239382656754, "oscillation_cost": 90.75567495155175, "completition_cost": 0.0, "overshoot_cost": 50.03566038274973, "power_cost": 13.88783104248047, "noise_cost": 11.702118750817439, "n_waypoints_completed": 9, "tot_waypoints": 9}}
{"target": -281.5861470238098, "params": {"k_pid_pos": [1.9178181886672974, 0.014201819896697998, 0.0], "k_pid_alt": [1.9437302350997925, 0.10660094022750854, 0.9569896459579468], "k_pid_att": [96.43724822998047, 1.5788705348968506, 0.8101037740707397], "k_pid_yaw": [0.5, 1e-06, 0.1], "k_pid_hsp": [9.881440162658691, 0.9587407112121582, 0.037684887647628784], "k_pid_vsp": [400.0, 399.1285705566406, 2.100778579711914]}, "datetime": {"datetime": "2025-08-20 21:16:11", "elapsed": 33826.369832992554, "delta": 22.113378763198853}, "costs": {"total_cost": 281.5861470238098, "time_cost": 98.096, "final_distance_cost": 1.7839763568296878, "oscillation_cost": 96.42059949938825, "completition_cost": 0.0, "overshoot_cost": 52.04089477157334, "power_cost": 17.80928475341797, "noise_cost": 15.435391642600537, "n_waypoints_completed": 9, "tot_waypoints": 9}}
{"target": -238.0876716735269, "params": {"k_pid_pos": [1.8391088247299194, 0.03790131211280823, 0.0], "k_pid_alt": [1.978104829788208, 0.01885482668876648, 0.932616114616394], "k_pid_att": [99.28094482421875, 0.04753349721431732, 0.9832895398139954], "k_pid_yaw": [0.5, 1e-06, 0.1], "k_pid_hsp": [9.920966148376465, 0.9421577453613281, 0.04110407829284668], "k_pid_vsp": [400.0, 392.55810546875, 9.988965034484863]}, "datetime": {"datetime": "2025-08-20 21:16:28", "elapsed": 33842.92562699318, "delta": 16.55579400062561}, "costs": {"total_cost": 238.0876716735269, "time_cost": 69.34400000000001, "final_distance_cost": 1.7691372773570115, "oscillation_cost": 91.33437791616427, "completition_cost": 0.0, "overshoot_cost": 50.131205138466704, "power_cost": 13.861364892578125, "noise_cost": 11.647586448960762, "n_waypoints_completed": 9, "tot_waypoints": 9}}
