{"target": -917.5057041331993, "params": {"k_pid_pos": [1.7825652360916138, 0.22596165537834167, 1.6480684280395508e-05], "k_pid_alt": [0.2683204412460327, 0.650892972946167, 0.30173158645629883], "k_pid_att": [16.638225555419922, 2.7225606441497803, 0.9394697546958923], "k_pid_yaw": [0.5, 1e-06, 0.1], "k_pid_hsp": [6.4974141120910645, 0.286224901676178, 0.8253191709518433], "k_pid_vsp": [348.6037902832031, 70.5250473022461, 243.1304168701172]}, "datetime": {"datetime": "2025-08-20 12:11:30", "elapsed": 1144.5148181915283, "delta": 21.69650435447693}, "costs": {"total_cost": 917.5057041331993, "time_cost": 150, "final_distance_cost": 48.79639670308214, "oscillation_cost": 184.7999446329145, "completition_cost": 444.4444444444444, "overshoot_cost": 55.82097334072163, "power_cost": 18.36904714355469, "noise_cost": 15.274897868482082, "n_waypoints_completed": 5, "tot_waypoints": 9}}
{"target": -825.4636664254631, "params": {"k_pid_pos": [1.943717122077942, 0.4961945712566376, 1.0], "k_pid_alt": [0.42603766918182373, 0.0124339759349823, 0.9896236658096313], "k_pid_att": [65.82893371582031, 4.220772743225098, 0.7199729084968567], "k_pid_yaw": [0.5, 1e-06, 0.1], "k_pid_hsp": [4.4419026374816895, 0.9041893482208252, 0.2736431956291199], "k_pid_vsp": [287.09771728515625, 26.331510543823242, 327.1477355957031]}, "datetime": {"datetime": "2025-08-20 12:11:51", "elapsed": 1166.088671207428, "delta": 21.573853015899658}, "costs": {"total_cost": 825.4636664254631, "time_cost": 150, "final_distance_cost": 69.03469563732308, "oscillation_cost": 286.25050986524144, "completition_cost": 222.2222222222222, "overshoot_cost": 58.600754886201166, "power_cost": 22.186554516601564, "noise_cost": 17.1689292978738, "n_waypoints_completed": 7, "tot_waypoints": 9}}
{"target": -952.9153630531525, "params": {"k_pid_pos": [1.466041088104248, 0.5211278796195984, 0.5367242097854614], "k_pid_alt": [1.8473539352416992, 0.34745389223098755, 0.6866246461868286], "k_pid_att": [25.25888442993164, 7.226242542266846, 0.19435131549835205], "k_pid_yaw": [0.5, 1e-06, 0.1], "k_pid_hsp": [6.188520431518555, 0.4585111439228058, 0.9900221824645996], "k_pid_vsp": [399.9717712402344, 42.36222457885742, 168.90390014648438]}, "datetime": {"datetime": "2025-08-20 12:12:13", "elapsed": 1187.7753565311432, "delta": 21.68668532371521}, "costs": {"total_cost": 952.9153630531525, "time_cost": 150, "final_distance_cost": 66.87407208509904, "oscillation_cost": 318.45508687333125, "completition_cost": 333.33333333333337, "overshoot_cost": 47.18470507172898, "power_cost": 21.54132752685547, "noise_cost": 15.52683816280436, "n_waypoints_completed": 6, "tot_waypoints": 9}}
{"target": -956.8116808262307, "params": {"k_pid_pos": [0.2921814024448395, 0.31415170431137085, 0.9997689723968506], "k_pid_alt": [1.9714280366897583, 0.345417857170105, 0.6273102164268494], "k_pid_att": [3.9804399013519287, 3.2475616931915283, 0.9434155225753784], "k_pid_yaw": [0.5, 1e-06, 0.1], "k_pid_hsp": [6.02426815032959, 0.7413860559463501, 0.5821431875228882], "k_pid_vsp": [398.67095947265625, 288.12957763671875, 361.18182373046875]}, "datetime": {"datetime": "2025-08-20 12:12:34", "elapsed": 1209.4377262592316, "delta": 21.66236972808838}, "costs": {"total_cost": 956.8116808262307, "time_cost": 150, "final_distance_cost": 49.66956584711979, "oscillation_cost": 111.65431448806028, "completition_cost": 555.5555555555555, "overshoot_cost": 54.93933465309874, "power_cost": 20.371343688964846, "noise_cost": 14.621566593431485, "n_waypoints_completed": 4, "tot_waypoints": 9}}
{"target": -862.3187255655494, "params": {"k_pid_pos": [1.8816189765930176, 0.4770224392414093, 5.9992074966430664e-05], "k_pid_alt": [1.6907163858413696, 0.17704904079437256, 0.36383378505706787], "k_pid_att": [20.951688766479492, 4.289984703063965, 0.6206457018852234], "k_pid_yaw": [0.5, 1e-06, 0.1], "k_pid_hsp": [9.787056922912598, 0.20822161436080933, 0.47609859704971313], "k_pid_vsp": [399.8755798339844, 174.19229125976562, 278.67889404296875]}, "datetime": {"datetime": "2025-08-20 12:12:56", "elapsed": 1231.3415088653564, "delta": 21.903782606124878}, "costs": {"total_cost": 862.3187255655494, "time_cost": 150, "final_distance_cost": 67.82923835424076, "oscillation_cost": 219.42914805714832, "completition_cost": 333.33333333333337, "overshoot_cost": 56.54584569714176, "power_cost": 20.30211853027344, "noise_cost": 14.879041593411623, "n_waypoints_completed": 6, "tot_waypoints": 9}}
{"target": -1346.5423965942466, "params": {"k_pid_pos": [0.42217352986335754, 0.8743448853492737, 0.0002028942108154297], "k_pid_alt": [1.934116005897522, 0.041417330503463745, 0.07302737236022949], "k_pid_att": [57.23223876953125, 8.795953750610352, 0.9524819850921631], "k_pid_yaw": [0.5, 1e-06, 0.1], "k_pid_hsp": [5.094846248626709, 0.561519980430603, 0.07377052307128906], "k_pid_vsp": [400.0, 377.96356201171875, 356.3544616699219]}, "datetime": {"datetime": "2025-08-20 12:13:18", "elapsed": 1253.0061073303223, "delta": 21.66459846496582}, "costs": {"total_cost": 1346.5423965942466, "time_cost": 150, "final_distance_cost": 46.14643260633086, "oscillation_cost": 80.36509117206343, "completition_cost": 1000.0, "overshoot_cost": 29.108768393994776, "power_cost": 23.89173253173828, "noise_cost": 17.030371890119238, "n_waypoints_completed": 0, "tot_waypoints": 9}}
{"target": -1133.5248033934467, "params": {"k_pid_pos": [0.1199207454919815, 0.502095103263855, 4.76837158203125e-07], "k_pid_alt": [0.5302578210830688, 0.837631106376648, 0.8075973987579346], "k_pid_att": [13.184362411499023, 4.958589553833008, 0.20386576652526855], "k_pid_yaw": [0.5, 1e-06, 0.1], "k_pid_hsp": [4.889893054962158, 0.6625784039497375, 0.8449586629867554], "k_pid_vsp": [389.60894775390625, 259.6860046386719, 13.491595268249512]}, "datetime": {"datetime": "2025-08-20 12:13:40", "elapsed": 1274.9359781742096, "delta": 21.92987084388733}, "costs": {"total_cost": 1133.5248033934467, "time_cost": 150, "final_distance_cost": 57.330078122746826, "oscillation_cost": 175.9725632853552, "completition_cost": 666.6666666666667, "overshoot_cost": 53.24687322332318, "power_cost": 16.43528856201172, "noise_cost": 13.873333533342972, "n_waypoints_completed": 3, "tot_waypoints": 9}}
{"target": -1401.6917211691964, "params": {"k_pid_pos": [1.8810625076293945, 0.48125165700912476, 0.9999822378158569], "k_pid_alt": [1.8105900287628174, 0.763841986656189, 0.6118094325065613], "k_pid_att": [9.451845169067383, 4.897409915924072, 0.6253946423530579], "k_pid_yaw": [0.5, 1e-06, 0.1], "k_pid_hsp": [8.844778060913086, 0.0854412317276001, 0.1801670789718628], "k_pid_vsp": [0.0, 318.7925109863281, 341.423828125]}, "datetime": {"datetime": "2025-08-20 12:14:02", "elapsed": 1296.769696712494, "delta": 21.8337185382843}, "costs": {"total_cost": 1401.6917211691964, "time_cost": 150, "final_distance_cost": 79.99712852627394, "oscillation_cost": 249.8244952777887, "completition_cost": 777.7777777777778, "overshoot_cost": 105.75737384883142, "power_cost": 18.757777575683594, "noise_cost": 19.57716816284093, "n_waypoints_completed": 2, "tot_waypoints": 9}}
{"target": -685.8936508103064, "params": {"k_pid_pos": [1.8794435262680054, 0.4047049283981323, 0.0], "k_pid_alt": [1.8971246480941772, 0.33855271339416504, 0.1575477421283722], "k_pid_att": [13.457378387451172, 1.0942938327789307, 0.8546985983848572], "k_pid_yaw": [0.5, 1e-06, 0.1], "k_pid_hsp": [2.305582046508789, 0.03349938988685608, 0.5572614669799805], "k_pid_vsp": [1.7110228538513184, 296.9445495605469, 132.89955139160156]}, "datetime": {"datetime": "2025-08-20 12:14:24", "elapsed": 1318.5472502708435, "delta": 21.77755355834961}, "costs": {"total_cost": 685.8936508103064, "time_cost": 150, "final_distance_cost": 70.88688071383699, "oscillation_cost": 147.4479884858488, "completition_cost": 222.2222222222222, "overshoot_cost": 59.2211968537963, "power_cost": 20.413087841796877, "noise_cost": 15.702274692805316, "n_waypoints_completed": 7, "tot_waypoints": 9}}
{"target": -1049.7713796153403, "params": {"k_pid_pos": [1.9382565021514893, 0.7276570200920105, 1.0], "k_pid_alt": [1.0273393392562866, 0.7501559257507324, 0.5023219585418701], "k_pid_att": [84.35832214355469, 2.1919779777526855, 0.18307870626449585], "k_pid_yaw": [0.5, 1e-06, 0.1], "k_pid_hsp": [7.133650302886963, 0.525406539440155, 0.2628643810749054], "k_pid_vsp": [1.3088107109069824, 295.5740966796875, 368.8597106933594]}, "datetime": {"datetime": "2025-08-20 12:14:46", "elapsed": 1340.671835899353, "delta": 22.12458562850952}, "costs": {"total_cost": 1049.7713796153403, "time_cost": 150, "final_distance_cost": 54.406211379485136, "oscillation_cost": 293.9043582339429, "completition_cost": 444.4444444444444, "overshoot_cost": 69.10742588983652, "power_cost": 19.628528002929688, "noise_cost": 18.28041166470168, "n_waypoints_completed": 5, "tot_waypoints": 9}}
{"target": -813.029491382589, "params": {"k_pid_pos": [0.192342609167099, 0.5032100677490234, 0.0], "k_pid_alt": [0.8840651512145996, 0.49219608306884766, 0.9649860858917236], "k_pid_att": [61.55732727050781, 4.894237041473389, 0.6784001588821411], "k_pid_yaw": [0.5, 1e-06, 0.1], "k_pid_hsp": [6.460342884063721, 0.781060516834259, 0.6793497800827026], "k_pid_vsp": [400.0, 235.8402557373047, 66.5080337524414]}, "datetime": {"datetime": "2025-08-20 12:15:07", "elapsed": 1362.3553285598755, "delta": 21.68349266052246}, "costs": {"total_cost": 813.029491382589, "time_cost": 150, "final_distance_cost": 67.06024873738357, "oscillation_cost": 182.4955309405462, "completition_cost": 333.33333333333337, "overshoot_cost": 42.9303655554837, "power_cost": 21.268643493652345, "noise_cost": 15.941369322189752, "n_waypoints_completed": 6, "tot_waypoints": 9}}
{"target": -1458.3675118338579, "params": {"k_pid_pos": [1.6406892538070679, 0.9700115919113159, 2.4437904357910156e-06], "k_pid_alt": [1.881986379623413, 0.1423775553703308, 0.11978775262832642], "k_pid_att": [7.528406143188477, 4.02319860458374, 0.3328927755355835], "k_pid_yaw": [0.5, 1e-06, 0.1], "k_pid_hsp": [7.636501789093018, 0.24499133229255676, 0.35837656259536743], "k_pid_vsp": [1.1854171752929688, 101.7546157836914, 314.60589599609375]}, "datetime": {"datetime": "2025-08-20 12:15:29", "elapsed": 1384.1993072032928, "delta": 21.84397864341736}, "costs": {"total_cost": 1458.3675118338579, "time_cost": 150, "final_distance_cost": 12.37810704230108, "oscillation_cost": 63.621681569136754, "completition_cost": 1000.0, "overshoot_cost": 137.9192382770402, "power_cost": 22.701992529296877, "noise_cost": 71.74649241608279, "n_waypoints_completed": 0, "tot_waypoints": 9}}
{"target": -876.1969383663813, "params": {"k_pid_pos": [1.6314284801483154, 0.28601741790771484, 0.051342397928237915], "k_pid_alt": [1.426006555557251, 0.6715025901794434, 0.7538744807243347], "k_pid_att": [43.17029571533203, 4.59431266784668, 0.549442708492279], "k_pid_yaw": [0.5, 1e-06, 0.1], "k_pid_hsp": [7.678487777709961, 0.08138304948806763, 0.881293773651123], "k_pid_vsp": [262.3257141113281, 249.584716796875, 306.1849060058594]}, "datetime": {"datetime": "2025-08-20 12:15:51", "elapsed": 1405.8844995498657, "delta": 21.685192346572876}, "costs": {"total_cost": 876.1969383663813, "time_cost": 150, "final_distance_cost": 51.80724779576369, "oscillation_cost": 248.06361530537927, "completition_cost": 333.33333333333337, "overshoot_cost": 52.077037343538294, "power_cost": 23.07726444091797, "noise_cost": 17.8384401474488, "n_waypoints_completed": 6, "tot_waypoints": 9}}
{"target": -1365.5381785516613, "params": {"k_pid_pos": [1.8572940826416016, 0.78729647397995, 0.99422687292099], "k_pid_alt": [1.8143280744552612, 0.842146635055542, 0.2474059760570526], "k_pid_att": [13.41574478149414, 3.23470401763916, 0.9301702976226807], "k_pid_yaw": [0.5, 1e-06, 0.1], "k_pid_hsp": [5.72907018661499, 0.4612663984298706, 0.461303174495697], "k_pid_vsp": [141.3104705810547, 330.7853088378906, 394.87744140625]}, "datetime": {"datetime": "2025-08-20 12:16:13", "elapsed": 1427.7892754077911, "delta": 21.904775857925415}, "costs": {"total_cost": 1365.5381785516613, "time_cost": 150, "final_distance_cost": 75.79154242382981, "oscillation_cost": 257.6229196175128, "completition_cost": 777.7777777777778, "overshoot_cost": 66.30311649694458, "power_cost": 20.27106794433594, "noise_cost": 17.771754291260343, "n_waypoints_completed": 2, "tot_waypoints": 9}}
{"target": -958.5982663713296, "params": {"k_pid_pos": [1.3079924583435059, 0.4191523790359497, 1.0], "k_pid_alt": [1.9570989608764648, 0.46302446722984314, 0.39518022537231445], "k_pid_att": [53.98077392578125, 3.345043897628784, 0.35566067695617676], "k_pid_yaw": [0.5, 1e-06, 0.1], "k_pid_hsp": [4.242641925811768, 0.26077622175216675, 0.6083842515945435], "k_pid_vsp": [1.1920928955078125e-05, 292.31854248046875, 151.99256896972656]}, "datetime": {"datetime": "2025-08-20 12:16:35", "elapsed": 1449.5910475254059, "delta": 21.801772117614746}, "costs": {"total_cost": 958.5982663713296, "time_cost": 150, "final_distance_cost": 61.53592125805293, "oscillation_cost": 319.9255520151565, "completition_cost": 333.33333333333337, "overshoot_cost": 53.49295738382079, "power_cost": 22.532890649414064, "noise_cost": 17.777611731551882, "n_waypoints_completed": 6, "tot_waypoints": 9}}
{"target": -553.3223580401263, "params": {"k_pid_pos": [1.420174241065979, 0.8979129195213318, 0.0], "k_pid_alt": [1.6516777276992798, 0.04907670617103577, 0.057897329330444336], "k_pid_att": [55.11067581176758, 5.162831783294678, 0.8806178569793701], "k_pid_yaw": [0.5, 1e-06, 0.1], "k_pid_hsp": [6.157149314880371, 0.5579410791397095, 0.2703685164451599], "k_pid_vsp": [398.195068359375, 383.10748291015625, 206.1168975830078]}, "datetime": {"datetime": "2025-08-20 12:16:57", "elapsed": 1472.3432505130768, "delta": 22.7522029876709}, "costs": {"total_cost": 553.3223580401263, "time_cost": 150, "final_distance_cost": 52.57148888725909, "oscillation_cost": 127.19270755209689, "completition_cost": 111.11111111111116, "overshoot_cost": 74.1178436889422, "power_cost": 22.411992333984376, "noise_cost": 15.917214466732673, "n_waypoints_completed": 8, "tot_waypoints": 9}}
{"target": -1128.9416646751774, "params": {"k_pid_pos": [0.8142260909080505, 0.762425422668457, 0.9998229742050171], "k_pid_alt": [0.12323057651519775, 0.6803112030029297, 0.6774579286575317], "k_pid_att": [94.06063842773438, 9.839574813842773, 0.8662880063056946], "k_pid_yaw": [0.5, 1e-06, 0.1], "k_pid_hsp": [4.071492671966553, 0.15110093355178833, 0.24653390049934387], "k_pid_vsp": [399.9642028808594, 90.76459503173828, 385.0213928222656]}, "datetime": {"datetime": "2025-08-20 12:17:19", "elapsed": 1494.1287043094635, "delta": 21.78545379638672}, "costs": {"total_cost": 1128.9416646751774, "time_cost": 150, "final_distance_cost": 41.94930427014485, "oscillation_cost": 284.1051025246033, "completition_cost": 555.5555555555555, "overshoot_cost": 59.253484700018596, "power_cost": 21.49082507324219, "noise_cost": 16.587392551612993, "n_waypoints_completed": 4, "tot_waypoints": 9}}
{"target": -780.0691347912141, "params": {"k_pid_pos": [1.227715253829956, 0.8239343166351318, 0.8193365335464478], "k_pid_alt": [0.41482317447662354, 0.0799480676651001, 0.3094315528869629], "k_pid_att": [88.60795593261719, 9.792640686035156, 0.824232816696167], "k_pid_yaw": [0.5, 1e-06, 0.1], "k_pid_hsp": [3.43330717086792, 0.09919273853302002, 0.08915579319000244], "k_pid_vsp": [399.9998474121094, 75.39298248291016, 335.11181640625]}, "datetime": {"datetime": "2025-08-20 12:17:41", "elapsed": 1515.8081283569336, "delta": 21.679424047470093}, "costs": {"total_cost": 780.0691347912141, "time_cost": 150, "final_distance_cost": 76.31478752697794, "oscillation_cost": 243.04926429504224, "completition_cost": 222.2222222222222, "overshoot_cost": 51.92517141467033, "power_cost": 20.77099931640625, "noise_cost": 15.786690015895152, "n_waypoints_completed": 7, "tot_waypoints": 9}}
{"target": -1186.2990665764648, "params": {"k_pid_pos": [0.7779055237770081, 0.532726526260376, 1.0], "k_pid_alt": [1.3274919986724854, 0.6634981632232666, 0.25395745038986206], "k_pid_att": [23.159852981567383, 3.637186050415039, 0.6332312226295471], "k_pid_yaw": [0.5, 1e-06, 0.1], "k_pid_hsp": [0.23416122794151306, 0.1703917384147644, 0.5998409390449524], "k_pid_vsp": [400.0, 333.3069763183594, 203.23074340820312]}, "datetime": {"datetime": "2025-08-20 12:18:03", "elapsed": 1537.7287044525146, "delta": 21.920576095581055}, "costs": {"total_cost": 1186.2990665764648, "time_cost": 150, "final_distance_cost": 55.66849734175473, "oscillation_cost": 326.7621294639725, "completition_cost": 555.5555555555555, "overshoot_cost": 65.70626094387387, "power_cost": 18.269630810546875, "noise_cost": 14.336992460761117, "n_waypoints_completed": 4, "tot_waypoints": 9}}
{"target": -1094.3590921979592, "params": {"k_pid_pos": [0.28730931878089905, 0.14583107829093933, 2.9802322387695312e-08], "k_pid_alt": [1.8249647617340088, 0.716902494430542, 0.9396052956581116], "k_pid_att": [50.55488204956055, 6.057864189147949, 0.7068618535995483], "k_pid_yaw": [0.5, 1e-06, 0.1], "k_pid_hsp": [1.9837614297866821, 0.2710511088371277, 0.9652527570724487], "k_pid_vsp": [400.0, 382.58795166015625, 336.7393798828125]}, "datetime": {"datetime": "2025-08-20 12:18:24", "elapsed": 1559.3000493049622, "delta": 21.57134485244751}, "costs": {"total_cost": 1094.3590921979592, "time_cost": 150, "final_distance_cost": 47.520753040420466, "oscillation_cost": 255.8400748023623, "completition_cost": 555.5555555555555, "overshoot_cost": 50.047857410315586, "power_cost": 19.635020263671876, "noise_cost": 15.759831125633635, "n_waypoints_completed": 4, "tot_waypoints": 9}}
{"target": -1425.1425121243278, "params": {"k_pid_pos": [0.5038098692893982, 0.6851021647453308, 1.1920928955078125e-07], "k_pid_alt": [1.70037043094635, 0.7362198233604431, 0.06248068809509277], "k_pid_att": [35.530860900878906, 3.42520809173584, 0.40525805950164795], "k_pid_yaw": [0.5, 1e-06, 0.1], "k_pid_hsp": [7.7540507316589355, 0.5251643061637878, 0.3736148178577423], "k_pid_vsp": [8.344650268554688e-05, 80.39266967773438, 367.3345031738281]}, "datetime": {"datetime": "2025-08-20 12:18:46", "elapsed": 1580.9087419509888, "delta": 21.60869264602661}, "costs": {"total_cost": 1425.1425121243278, "time_cost": 150, "final_distance_cost": 180.74083449934216, "oscillation_cost": 232.42148031503183, "completition_cost": 666.6666666666667, "overshoot_cost": 142.14338428411273, "power_cost": 27.919176232910157, "noise_cost": 25.250970126264384, "n_waypoints_completed": 3, "tot_waypoints": 9}}
{"target": -1279.848977051077, "params": {"k_pid_pos": [0.6731868386268616, 0.7148305177688599, 1.1056661605834961e-05], "k_pid_alt": [0.6063956022262573, 0.2355552613735199, 0.3964996635913849], "k_pid_att": [54.893157958984375, 9.938918113708496, 0.21555310487747192], "k_pid_yaw": [0.5, 1e-06, 0.1], "k_pid_hsp": [8.284350395202637, 0.618591845035553, 0.7899141311645508], "k_pid_vsp": [39.000083923339844, 211.89833068847656, 294.6099853515625]}, "datetime": {"datetime": "2025-08-20 12:19:08", "elapsed": 1603.0356712341309, "delta": 22.12692928314209}, "costs": {"total_cost": 1279.848977051077, "time_cost": 150, "final_distance_cost": 69.7967796448637, "oscillation_cost": 139.77782521517426, "completition_cost": 777.7777777777778, "overshoot_cost": 85.23872750591258, "power_cost": 23.765133923339846, "noise_cost": 33.49273298400883, "n_waypoints_completed": 2, "tot_waypoints": 9}}
{"target": -1494.8342970570527, "params": {"k_pid_pos": [0.7373402714729309, 0.42435699701309204, 0.1763896942138672], "k_pid_alt": [1.8528138399124146, 0.19074511528015137, 0.3605358600616455], "k_pid_att": [10.002270698547363, 2.7721610069274902, 0.48218315839767456], "k_pid_yaw": [0.5, 1e-06, 0.1], "k_pid_hsp": [0.10876145958900452, 0.2951192259788513, 0.38521718978881836], "k_pid_vsp": [0.00016689300537109375, 159.8125, 94.59232330322266]}, "datetime": {"datetime": "2025-08-20 12:19:30", "elapsed": 1624.5598735809326, "delta": 21.524202346801758}, "costs": {"total_cost": 1494.8342970570527, "time_cost": 150, "final_distance_cost": 54.555058959154486, "oscillation_cost": 213.5442059020511, "completition_cost": 1000.0, "overshoot_cost": 43.843617660549405, "power_cost": 17.626092016601564, "noise_cost": 15.265322518696271, "n_waypoints_completed": 0, "tot_waypoints": 9}}
{"target": -1174.8727279331683, "params": {"k_pid_pos": [0.15885642170906067, 0.4981372654438019, 1.0], "k_pid_alt": [1.0230982303619385, 0.40427738428115845, 0.5656082630157471], "k_pid_att": [15.071260452270508, 4.055182933807373, 0.8285603523254395], "k_pid_yaw": [0.5, 1e-06, 0.1], "k_pid_hsp": [5.07362699508667, 0.7835983633995056, 0.16249096393585205], "k_pid_vsp": [0.3723740577697754, 351.33233642578125, 52.533626556396484]}, "datetime": {"datetime": "2025-08-20 12:19:51", "elapsed": 1646.1681051254272, "delta": 21.60823154449463}, "costs": {"total_cost": 1174.8727279331683, "time_cost": 150, "final_distance_cost": 55.919181546510366, "oscillation_cost": 223.1341908589469, "completition_cost": 666.6666666666667, "overshoot_cost": 44.385251470128516, "power_cost": 20.157835119628906, "noise_cost": 14.609602271286704, "n_waypoints_completed": 3, "tot_waypoints": 9}}
