{"target": -208.44536849470458, "params": {"k_pid_pos": [1.8920782804489136, 0.03159373998641968, 0.0], "k_pid_alt": [1.959589958190918, 0.014022082090377808, 0.975688099861145], "k_pid_att": [96.13276672363281, 0.4664909243583679, 0.9923329949378967], "k_pid_yaw": [0.5, 1e-06, 0.1], "k_pid_hsp": [8.05411148071289, 0.9986752271652222, 0.029641151428222656], "k_pid_vsp": [400.0, 389.7882080078125, 8.063484191894531]}, "datetime": {"datetime": "2025-08-20 21:37:34", "elapsed": 35109.23670005798, "delta": 15.596819639205933}, "costs": {"total_cost": 208.44536849470458, "time_cost": 69.592, "final_distance_cost": 1.7696927039451211, "oscillation_cost": 60.635126324999575, "completition_cost": 0.0, "overshoot_cost": 50.81662284230661, "power_cost": 13.811902478027344, "noise_cost": 11.820024145425952, "n_waypoints_completed": 9, "tot_waypoints": 9}}
{"target": -218.41238641148453, "params": {"k_pid_pos": [1.9447962045669556, 0.04753035306930542, 0.0], "k_pid_alt": [1.8247640132904053, 0.037918299436569214, 0.8902323842048645], "k_pid_att": [96.47483825683594, 0.04593730345368385, 0.9604066610336304], "k_pid_yaw": [0.5, 1e-06, 0.1], "k_pid_hsp": [9.855803489685059, 0.9718930721282959, 0.03997164964675903], "k_pid_vsp": [400.0, 396.1808776855469, 3.5874972343444824]}, "datetime": {"datetime": "2025-08-20 21:37:50", "elapsed": 35125.15629649162, "delta": 15.919596433639526}, "costs": {"total_cost": 218.41238641148453, "time_cost": 69.544, "final_distance_cost": 1.769982573198963, "oscillation_cost": 72.11148986974432, "completition_cost": 0.0, "overshoot_cost": 50.27989679508447, "power_cost": 13.179046691894532, "noise_cost": 11.527970481562237, "n_waypoints_completed": 9, "tot_waypoints": 9}}
{"target": -430.70078894621196, "params": {"k_pid_pos": [1.9911503791809082, 0.043203890323638916, 0.11379736661911011], "k_pid_alt": [1.9869029521942139, 0.16896378993988037, 0.9812338948249817], "k_pid_att": [97.58612823486328, 0.10477633029222488, 0.9463152885437012], "k_pid_yaw": [0.5, 1e-06, 0.1], "k_pid_hsp": [9.486072540283203, 0.9630700945854187, 0.00506255030632019], "k_pid_vsp": [400.0, 393.0508728027344, 7.630802154541016]}, "datetime": {"datetime": "2025-08-20 21:38:16", "elapsed": 35151.193559885025, "delta": 26.0372633934021}, "costs": {"total_cost": 430.70078894621196, "time_cost": 150, "final_distance_cost": 12.52923559337062, "oscillation_cost": 71.71943438532574, "completition_cost": 111.11111111111116, "overshoot_cost": 52.35999499780348, "power_cost": 17.931580139160157, "noise_cost": 15.049432719440778, "n_waypoints_completed": 8, "tot_waypoints": 9}}
{"target": -216.67280725323403, "params": {"k_pid_pos": [1.9757022857666016, 0.0049762725830078125, 0.0], "k_pid_alt": [1.9678014516830444, 0.004160761833190918, 0.9892727732658386], "k_pid_att": [99.72309112548828, 0.11843013018369675, 0.9968883395195007], "k_pid_yaw": [0.5, 1e-06, 0.1], "k_pid_hsp": [9.921555519104004, 0.9943836331367493, 0.02218732237815857], "k_pid_vsp": [400.0, 397.56964111328125, 27.021780014038086]}, "datetime": {"datetime": "2025-08-20 21:38:33", "elapsed": 35167.91122221947, "delta": 16.71766233444214}, "costs": {"total_cost": 216.67280725323403, "time_cost": 69.52, "final_distance_cost": 1.7913393067730332, "oscillation_cost": 67.76854501733699, "completition_cost": 0.0, "overshoot_cost": 50.38381959983924, "power_cost": 15.241910913085938, "noise_cost": 11.967192416198838, "n_waypoints_completed": 9, "tot_waypoints": 9}}
{"target": -307.33127611222363, "params": {"k_pid_pos": [1.8749747276306152, 0.03239041566848755, 0.0], "k_pid_alt": [1.9904251098632812, 0.009638667106628418, 0.9826626777648926], "k_pid_att": [97.9701919555664, 0.3483431935310364, 0.9655884504318237], "k_pid_yaw": [0.5, 1e-06, 0.1], "k_pid_hsp": [9.665338516235352, 0.9954038262367249, 0.22915631532669067], "k_pid_vsp": [400.0, 376.9194030761719, 7.820476055145264]}, "datetime": {"datetime": "2025-08-20 21:38:50", "elapsed": 35184.66078567505, "delta": 16.749563455581665}, "costs": {"total_cost": 307.33127611222363, "time_cost": 73.224, "final_distance_cost": 1.7383158671979193, "oscillation_cost": 154.1047335880265, "completition_cost": 0.0, "overshoot_cost": 49.389219250896915, "power_cost": 15.775025207519532, "noise_cost": 13.09998219858273, "n_waypoints_completed": 9, "tot_waypoints": 9}}
{"target": -441.83305464860643, "params": {"k_pid_pos": [1.8800371885299683, 0.0067536234855651855, 0.0], "k_pid_alt": [1.911069631576538, 0.21760469675064087, 0.9855639338493347], "k_pid_att": [97.57333374023438, 1.6709340810775757, 0.9645400047302246], "k_pid_yaw": [0.5, 1e-06, 0.1], "k_pid_hsp": [9.786697387695312, 0.996015191078186, 0.0035140812397003174], "k_pid_vsp": [400.0, 394.9399108886719, 3.962160110473633]}, "datetime": {"datetime": "2025-08-20 21:39:13", "elapsed": 35208.206224918365, "delta": 23.54543924331665}, "costs": {"total_cost": 441.83305464860643, "time_cost": 150, "final_distance_cost": 18.361897638352904, "oscillation_cost": 77.28469207254592, "completition_cost": 111.11111111111116, "overshoot_cost": 52.07096053098095, "power_cost": 17.94340528564453, "noise_cost": 15.060988009971037, "n_waypoints_completed": 8, "tot_waypoints": 9}}
{"target": -210.76207026401417, "params": {"k_pid_pos": [1.9895060062408447, 0.003357917070388794, 0.0], "k_pid_alt": [1.7960057258605957, 0.026723384857177734, 0.9901852607727051], "k_pid_att": [98.7657699584961, 0.1463424116373062, 0.9905179738998413], "k_pid_yaw": [0.5, 1e-06, 0.1], "k_pid_hsp": [8.892012596130371, 0.9815603494644165, 0.00873306393623352], "k_pid_vsp": [400.0, 393.71832275390625, 23.915233612060547]}, "datetime": {"datetime": "2025-08-20 21:39:30", "elapsed": 35225.070922374725, "delta": 16.864697456359863}, "costs": {"total_cost": 210.76207026401417, "time_cost": 69.76, "final_distance_cost": 1.7261433608678056, "oscillation_cost": 60.26662182174885, "completition_cost": 0.0, "overshoot_cost": 50.363268696198986, "power_cost": 16.279210473632812, "noise_cost": 12.366825911565703, "n_waypoints_completed": 9, "tot_waypoints": 9}}
{"target": -210.8911420034949, "params": {"k_pid_pos": [1.9561777114868164, 0.010631829500198364, 0.0], "k_pid_alt": [1.9904887676239014, 0.030897140502929688, 0.9691632986068726], "k_pid_att": [99.18374633789062, 0.24814999103546143, 0.9074110388755798], "k_pid_yaw": [0.5, 1e-06, 0.1], "k_pid_hsp": [9.817157745361328, 0.9862440228462219, 0.004738718271255493], "k_pid_vsp": [400.0, 356.9196472167969, 15.99643325805664]}, "datetime": {"datetime": "2025-08-20 21:39:45", "elapsed": 35240.26368546486, "delta": 15.192763090133667}, "costs": {"total_cost": 210.8911420034949, "time_cost": 69.512, "final_distance_cost": 1.7463389530935127, "oscillation_cost": 66.11980907716976, "completition_cost": 0.0, "overshoot_cost": 50.23761817483527, "power_cost": 12.73223475341797, "noise_cost": 10.5431410449784, "n_waypoints_completed": 9, "tot_waypoints": 9}}
{"target": -220.10198455889392, "params": {"k_pid_pos": [1.9766724109649658, 0.009124904870986938, 3.844499588012695e-06], "k_pid_alt": [1.991302251815796, 0.002492278814315796, 0.9442226886749268], "k_pid_att": [99.84855651855469, 0.20020897686481476, 0.8886044025421143], "k_pid_yaw": [0.5, 1e-06, 0.1], "k_pid_hsp": [9.813544273376465, 0.9924716949462891, 0.07581770420074463], "k_pid_vsp": [400.0, 390.6937255859375, 7.908464431762695]}, "datetime": {"datetime": "2025-08-20 21:40:02", "elapsed": 35257.447810173035, "delta": 17.18412470817566}, "costs": {"total_cost": 220.10198455889392, "time_cost": 69.57600000000001, "final_distance_cost": 1.7903112290377323, "oscillation_cost": 72.8704691691274, "completition_cost": 0.0, "overshoot_cost": 50.290822663288395, "power_cost": 13.711891967773438, "noise_cost": 11.86248952966696, "n_waypoints_completed": 9, "tot_waypoints": 9}}
{"target": -212.33652633062445, "params": {"k_pid_pos": [1.9267417192459106, 0.006094813346862793, 0.06691336631774902], "k_pid_alt": [1.9873816967010498, 0.02375820279121399, 0.9312946796417236], "k_pid_att": [96.21979522705078, 0.13772545754909515, 0.9401574730873108], "k_pid_yaw": [0.5, 1e-06, 0.1], "k_pid_hsp": [9.57931900024414, 0.9713305830955505, 0.010614871978759766], "k_pid_vsp": [400.0, 398.26654052734375, 8.212603569030762]}, "datetime": {"datetime": "2025-08-20 21:40:20", "elapsed": 35274.991221666336, "delta": 17.54341149330139}, "costs": {"total_cost": 212.33652633062445, "time_cost": 69.36, "final_distance_cost": 1.7342194831771207, "oscillation_cost": 65.82050487590506, "completition_cost": 0.0, "overshoot_cost": 49.9793613262046, "power_cost": 13.658084350585938, "noise_cost": 11.784356294751747, "n_waypoints_completed": 9, "tot_waypoints": 9}}
{"target": -217.49470437645044, "params": {"k_pid_pos": [1.8736201524734497, 0.03135836124420166, 0.0], "k_pid_alt": [1.9774925708770752, 0.0073115527629852295, 0.9254756569862366], "k_pid_att": [99.21257781982422, 0.310761958360672, 0.9821200370788574], "k_pid_yaw": [0.5, 1e-06, 0.1], "k_pid_hsp": [9.912425994873047, 0.8342774510383606, 0.05524131655693054], "k_pid_vsp": [400.0, 392.7863464355469, 3.8884291648864746]}, "datetime": {"datetime": "2025-08-20 21:40:39", "elapsed": 35294.139657735825, "delta": 19.148436069488525}, "costs": {"total_cost": 217.49470437645044, "time_cost": 69.616, "final_distance_cost": 1.7947169281210475, "oscillation_cost": 71.09602162873777, "completition_cost": 0.0, "overshoot_cost": 50.168794280311566, "power_cost": 13.19990712890625, "noise_cost": 11.619264410373802, "n_waypoints_completed": 9, "tot_waypoints": 9}}
{"target": -233.43974279020836, "params": {"k_pid_pos": [1.9269187450408936, 0.012974709272384644, 0.0], "k_pid_alt": [1.9552741050720215, 0.0035622715950012207, 0.9874461889266968], "k_pid_att": [97.42281341552734, 1.10722017288208, 0.9424734115600586], "k_pid_yaw": [0.5, 1e-06, 0.1], "k_pid_hsp": [9.68309211730957, 0.9744857549667358, 0.048409342765808105], "k_pid_vsp": [399.9606628417969, 333.6905822753906, 20.269418716430664]}, "datetime": {"datetime": "2025-08-20 21:40:56", "elapsed": 35310.609151124954, "delta": 16.46949338912964}, "costs": {"total_cost": 233.43974279020836, "time_cost": 69.464, "final_distance_cost": 1.791102847547928, "oscillation_cost": 86.05627938590591, "completition_cost": 0.0, "overshoot_cost": 49.85929281639872, "power_cost": 14.591550366210939, "noise_cost": 11.67751737414483, "n_waypoints_completed": 9, "tot_waypoints": 9}}
{"target": -209.48920115227844, "params": {"k_pid_pos": [1.8662011623382568, 0.05050814151763916, 0.0], "k_pid_alt": [1.9922212362289429, 0.06028816103935242, 0.9524472951889038], "k_pid_att": [98.5105972290039, 0.10737954080104828, 0.9641522169113159], "k_pid_yaw": [0.5, 1e-06, 0.1], "k_pid_hsp": [9.58900260925293, 0.9867485761642456, 0.024616599082946777], "k_pid_vsp": [400.0, 389.6570129394531, 5.146397113800049]}, "datetime": {"datetime": "2025-08-20 21:41:13", "elapsed": 35328.04407119751, "delta": 17.434920072555542}, "costs": {"total_cost": 209.48920115227844, "time_cost": 69.912, "final_distance_cost": 1.7688153297257272, "oscillation_cost": 62.72673360660928, "completition_cost": 0.0, "overshoot_cost": 50.68052660943493, "power_cost": 12.877167236328125, "noise_cost": 11.523958370180367, "n_waypoints_completed": 9, "tot_waypoints": 9}}
{"target": -244.7313962262934, "params": {"k_pid_pos": [1.7104341983795166, 0.014643579721450806, 0.0], "k_pid_alt": [1.923475742340088, 0.07140412926673889, 0.9849878549575806], "k_pid_att": [94.39619445800781, 0.07684379070997238, 0.9909738302230835], "k_pid_yaw": [0.5, 1e-06, 0.1], "k_pid_hsp": [9.877145767211914, 0.9533860087394714, 0.023299217224121094], "k_pid_vsp": [400.0, 369.9227294921875, 1.2959489822387695]}, "datetime": {"datetime": "2025-08-20 21:41:32", "elapsed": 35346.557336091995, "delta": 18.513264894485474}, "costs": {"total_cost": 244.7313962262934, "time_cost": 79.608, "final_distance_cost": 1.7983290204223885, "oscillation_cost": 83.79188701468281, "completition_cost": 0.0, "overshoot_cost": 51.96957370024492, "power_cost": 14.680188635253907, "noise_cost": 12.883417855689405, "n_waypoints_completed": 9, "tot_waypoints": 9}}
{"target": -212.66388121145474, "params": {"k_pid_pos": [1.883561134338379, 0.020316213369369507, 0.0], "k_pid_alt": [1.9018398523330688, 0.01554328203201294, 0.9863966703414917], "k_pid_att": [97.52506256103516, 1.4428857564926147, 0.9049845933914185], "k_pid_yaw": [0.5, 1e-06, 0.1], "k_pid_hsp": [9.75110912322998, 0.9664207696914673, 0.012574970722198486], "k_pid_vsp": [400.0, 216.47305297851562, 17.061498641967773]}, "datetime": {"datetime": "2025-08-20 21:41:48", "elapsed": 35363.090542554855, "delta": 16.533206462860107}, "costs": {"total_cost": 212.66388121145474, "time_cost": 69.592, "final_distance_cost": 1.7827375102361718, "oscillation_cost": 68.12377916336133, "completition_cost": 0.0, "overshoot_cost": 50.336247705005405, "power_cost": 12.405833508300782, "noise_cost": 10.423283324551036, "n_waypoints_completed": 9, "tot_waypoints": 9}}
{"target": -223.39752724869533, "params": {"k_pid_pos": [1.942684531211853, 0.16119420528411865, 0.0], "k_pid_alt": [1.8816518783569336, 0.004555344581604004, 0.9557009935379028], "k_pid_att": [98.4434585571289, 0.502143144607544, 0.9837982654571533], "k_pid_yaw": [0.5, 1e-06, 0.1], "k_pid_hsp": [9.803271293640137, 0.9968165755271912, 0.02908945083618164], "k_pid_vsp": [400.0, 384.8695373535156, 0.15812020003795624]}, "datetime": {"datetime": "2025-08-20 21:42:04", "elapsed": 35379.30177307129, "delta": 16.211230516433716}, "costs": {"total_cost": 223.39752724869533, "time_cost": 70.24, "final_distance_cost": 1.7825625899231, "oscillation_cost": 76.14196823833488, "completition_cost": 0.0, "overshoot_cost": 50.067712379145036, "power_cost": 13.468554919433595, "noise_cost": 11.696729121858732, "n_waypoints_completed": 9, "tot_waypoints": 9}}
{"target": -260.2335339290926, "params": {"k_pid_pos": [1.9938762187957764, 0.03603023290634155, 0.0], "k_pid_alt": [1.9616386890411377, 0.07796353101730347, 0.9553122520446777], "k_pid_att": [99.11168670654297, 0.0841744914650917, 0.962574303150177], "k_pid_yaw": [0.5, 1e-06, 0.1], "k_pid_hsp": [9.776668548583984, 0.9512369632720947, 0.03806796669960022], "k_pid_vsp": [400.0, 374.2761535644531, 10.945011138916016]}, "datetime": {"datetime": "2025-08-20 21:42:24", "elapsed": 35398.67545700073, "delta": 19.37368392944336}, "costs": {"total_cost": 260.2335339290926, "time_cost": 81.304, "final_distance_cost": 1.7726234423014053, "oscillation_cost": 93.63659257149439, "completition_cost": 0.0, "overshoot_cost": 53.57512510911155, "power_cost": 16.507227587890625, "noise_cost": 13.437965218294599, "n_waypoints_completed": 9, "tot_waypoints": 9}}
{"target": -224.3550444406532, "params": {"k_pid_pos": [1.9548381567001343, 0.013961106538772583, 8.344650268554688e-07], "k_pid_alt": [1.990302324295044, 0.07943862676620483, 0.8527644872665405], "k_pid_att": [99.38224792480469, 0.1674342006444931, 0.9670748710632324], "k_pid_yaw": [0.5, 1e-06, 0.1], "k_pid_hsp": [9.77650260925293, 0.9599745869636536, 0.0046787261962890625], "k_pid_vsp": [400.0, 397.0434875488281, 10.136676788330078]}, "datetime": {"datetime": "2025-08-20 21:42:41", "elapsed": 35416.0209043026, "delta": 17.345447301864624}, "costs": {"total_cost": 224.3550444406532, "time_cost": 80.928, "final_distance_cost": 1.753020660051016, "oscillation_cost": 63.08474718361588, "completition_cost": 0.0, "overshoot_cost": 52.25450250665159, "power_cost": 14.251785571289064, "noise_cost": 12.082988519045623, "n_waypoints_completed": 9, "tot_waypoints": 9}}
{"target": -214.51443276842792, "params": {"k_pid_pos": [1.9832316637039185, 0.11837613582611084, 2.9802322387695312e-08], "k_pid_alt": [1.8363780975341797, 0.050049006938934326, 0.9762837290763855], "k_pid_att": [92.17527770996094, 0.18438886106014252, 0.9581063985824585], "k_pid_yaw": [0.5, 1e-06, 0.1], "k_pid_hsp": [9.822440147399902, 0.9875835180282593, 0.012785762548446655], "k_pid_vsp": [399.9983215332031, 387.8770751953125, 1.911712646484375]}, "datetime": {"datetime": "2025-08-20 21:42:58", "elapsed": 35433.017979860306, "delta": 16.99707555770874}, "costs": {"total_cost": 214.51443276842792, "time_cost": 70.296, "final_distance_cost": 1.74243017864269, "oscillation_cost": 67.08204250387195, "completition_cost": 0.0, "overshoot_cost": 50.6744229226244, "power_cost": 13.163836938476564, "noise_cost": 11.555700224812314, "n_waypoints_completed": 9, "tot_waypoints": 9}}
{"target": -207.70212709924547, "params": {"k_pid_pos": [1.990378975868225, 0.025496363639831543, 0.0], "k_pid_alt": [1.9583470821380615, 0.0447503924369812, 0.9993304014205933], "k_pid_att": [99.44487762451172, 0.4618719220161438, 0.9949909448623657], "k_pid_yaw": [0.5, 1e-06, 0.1], "k_pid_hsp": [9.365772247314453, 0.9775991439819336, 0.00784832239151001], "k_pid_vsp": [397.3294372558594, 397.7378845214844, 12.2807035446167]}, "datetime": {"datetime": "2025-08-20 21:43:13", "elapsed": 35448.267484903336, "delta": 15.249505043029785}, "costs": {"total_cost": 207.70212709924547, "time_cost": 69.824, "final_distance_cost": 1.78925689000547, "oscillation_cost": 60.36790364238176, "completition_cost": 0.0, "overshoot_cost": 50.596918416457655, "power_cost": 13.844687719726563, "noise_cost": 11.279360430674023, "n_waypoints_completed": 9, "tot_waypoints": 9}}
{"target": -221.11893660045152, "params": {"k_pid_pos": [1.928198218345642, 0.011468887329101562, 0.0], "k_pid_alt": [1.858057975769043, 0.019101202487945557, 0.9877318143844604], "k_pid_att": [97.45977783203125, 0.6224419474601746, 0.9785498976707458], "k_pid_yaw": [0.5, 1e-06, 0.1], "k_pid_hsp": [9.840597152709961, 0.9733480215072632, 0.059695929288864136], "k_pid_vsp": [400.0, 395.86474609375, 1.114297866821289]}, "datetime": {"datetime": "2025-08-20 21:43:30", "elapsed": 35464.89010477066, "delta": 16.62261986732483}, "costs": {"total_cost": 221.11893660045152, "time_cost": 69.432, "final_distance_cost": 1.7561305612985136, "oscillation_cost": 75.03285421249561, "completition_cost": 0.0, "overshoot_cost": 50.216013307253554, "power_cost": 13.147158813476564, "noise_cost": 11.534779705927297, "n_waypoints_completed": 9, "tot_waypoints": 9}}
{"target": -242.9260469309391, "params": {"k_pid_pos": [1.9112950563430786, 0.05228349566459656, 1.0], "k_pid_alt": [1.987248420715332, 0.004570990800857544, 0.9945690631866455], "k_pid_att": [75.20464324951172, 0.49932679533958435, 0.9356676340103149], "k_pid_yaw": [0.5, 1e-06, 0.1], "k_pid_hsp": [8.834771156311035, 0.9955819845199585, 0.01825481653213501], "k_pid_vsp": [400.0, 394.23809814453125, 2.1221885681152344]}, "datetime": {"datetime": "2025-08-20 21:43:45", "elapsed": 35480.02619123459, "delta": 15.136086463928223}, "costs": {"total_cost": 242.9260469309391, "time_cost": 69.904, "final_distance_cost": 1.8500302042605654, "oscillation_cost": 96.46936300936609, "completition_cost": 0.0, "overshoot_cost": 49.600712546585704, "power_cost": 13.086746203613282, "noise_cost": 12.015194967113462, "n_waypoints_completed": 9, "tot_waypoints": 9}}
{"target": -218.12478013757962, "params": {"k_pid_pos": [1.966418743133545, 0.020974397659301758, 0.0], "k_pid_alt": [1.95534086227417, 0.006591230630874634, 0.9938411116600037], "k_pid_att": [97.2322006225586, 0.30041706562042236, 0.9747891426086426], "k_pid_yaw": [0.5, 1e-06, 0.1], "k_pid_hsp": [9.739400863647461, 0.9848355054855347, 0.009275585412979126], "k_pid_vsp": [400.0, 392.3041076660156, 6.673325061798096]}, "datetime": {"datetime": "2025-08-20 21:44:03", "elapsed": 35498.15107536316, "delta": 18.124884128570557}, "costs": {"total_cost": 218.12478013757962, "time_cost": 70.0, "final_distance_cost": 1.7416281217571317, "oscillation_cost": 70.99320610713309, "completition_cost": 0.0, "overshoot_cost": 50.18244278847036, "power_cost": 13.507185864257814, "noise_cost": 11.700317255961203, "n_waypoints_completed": 9, "tot_waypoints": 9}}
{"target": -221.35008815024807, "params": {"k_pid_pos": [1.8540005683898926, 0.007678508758544922, 0.0], "k_pid_alt": [1.8955538272857666, 0.039988160133361816, 0.9886955618858337], "k_pid_att": [90.27716064453125, 0.09191348403692245, 0.955208420753479], "k_pid_yaw": [0.5, 1e-06, 0.1], "k_pid_hsp": [9.682798385620117, 0.9727783203125, 0.007004261016845703], "k_pid_vsp": [400.0, 387.1412658691406, 9.330464363098145]}, "datetime": {"datetime": "2025-08-20 21:44:19", "elapsed": 35514.07629394531, "delta": 15.92521858215332}, "costs": {"total_cost": 221.35008815024807, "time_cost": 69.464, "final_distance_cost": 1.7772334432955137, "oscillation_cost": 76.30851860766776, "completition_cost": 0.0, "overshoot_cost": 50.01540786113226, "power_cost": 12.75348544921875, "noise_cost": 11.031442788933813, "n_waypoints_completed": 9, "tot_waypoints": 9}}
{"target": -221.39686120766476, "params": {"k_pid_pos": [1.9598767757415771, 0.06829023361206055, 0.0], "k_pid_alt": [1.956089973449707, 0.006336331367492676, 0.9441285729408264], "k_pid_att": [90.88487243652344, 0.694187343120575, 0.9948346614837646], "k_pid_yaw": [0.5, 1e-06, 0.1], "k_pid_hsp": [9.945327758789062, 0.9299207925796509, 0.018668174743652344], "k_pid_vsp": [400.0, 391.7596435546875, 8.375407218933105]}, "datetime": {"datetime": "2025-08-20 21:44:40", "elapsed": 35534.575684309006, "delta": 20.499390363693237}, "costs": {"total_cost": 221.39686120766476, "time_cost": 69.912, "final_distance_cost": 1.7711899948838492, "oscillation_cost": 74.40351289500042, "completition_cost": 0.0, "overshoot_cost": 50.50997969750753, "power_cost": 13.267375952148438, "noise_cost": 11.532802668124496, "n_waypoints_completed": 9, "tot_waypoints": 9}}
