{"target": -231.42194079269663, "params": {"k_pid_pos": [1.9194612503051758, 0.01498788595199585, 3.5762786865234375e-07], "k_pid_alt": [1.9561238288879395, 0.009224802255630493, 0.9970039129257202], "k_pid_att": [98.79657745361328, 0.18916404247283936, 0.9351691007614136], "k_pid_yaw": [0.5, 1e-06, 0.1], "k_pid_hsp": [9.826142311096191, 0.9898982048034668, 0.03035905957221985], "k_pid_vsp": [400.0, 396.5096130371094, 8.955801963806152]}, "datetime": {"datetime": "2025-08-20 20:13:01", "elapsed": 30036.31370806694, "delta": 15.589816570281982}, "costs": {"total_cost": 231.42194079269663, "time_cost": 69.736, "final_distance_cost": 1.7392924854040108, "oscillation_cost": 84.64082943752177, "completition_cost": 0.0, "overshoot_cost": 50.46200962504784, "power_cost": 13.354836938476563, "noise_cost": 11.48897230624643, "n_waypoints_completed": 9, "tot_waypoints": 9}}
{"target": -219.98976504149618, "params": {"k_pid_pos": [1.8752760887145996, 0.11643964052200317, 0.0], "k_pid_alt": [1.9005722999572754, 0.0070762038230896, 0.9817056655883789], "k_pid_att": [99.53520202636719, 0.8420185446739197, 0.9792860746383667], "k_pid_yaw": [0.5, 1e-06, 0.1], "k_pid_hsp": [9.637907981872559, 0.9898930788040161, 0.01301807165145874], "k_pid_vsp": [399.98211669921875, 384.50726318359375, 3.334868907928467]}, "datetime": {"datetime": "2025-08-20 20:13:18", "elapsed": 30052.79290819168, "delta": 16.4792001247406}, "costs": {"total_cost": 219.98976504149618, "time_cost": 70.312, "final_distance_cost": 1.7290221614113357, "oscillation_cost": 72.84240593927495, "completition_cost": 0.0, "overshoot_cost": 50.36834716411789, "power_cost": 13.198544555664062, "noise_cost": 11.53944522102797, "n_waypoints_completed": 9, "tot_waypoints": 9}}
{"target": -215.95187742629713, "params": {"k_pid_pos": [1.979746699333191, 0.007178217172622681, 0.0], "k_pid_alt": [1.9343667030334473, 0.01364782452583313, 0.9544240236282349], "k_pid_att": [98.34342956542969, 0.025967560708522797, 0.9975665807723999], "k_pid_yaw": [0.5, 1e-06, 0.1], "k_pid_hsp": [9.889347076416016, 0.9897867441177368, 0.007324695587158203], "k_pid_vsp": [400.0, 390.09002685546875, 60.873077392578125]}, "datetime": {"datetime": "2025-08-20 20:13:33", "elapsed": 30067.60525870323, "delta": 14.812350511550903}, "costs": {"total_cost": 215.95187742629713, "time_cost": 69.408, "final_distance_cost": 1.7882412222876034, "oscillation_cost": 70.8578065299902, "completition_cost": 0.0, "overshoot_cost": 50.106109197005985, "power_cost": 13.190279638671875, "noise_cost": 10.601440838341428, "n_waypoints_completed": 9, "tot_waypoints": 9}}
{"target": -206.52663736757816, "params": {"k_pid_pos": [1.722301959991455, 0.040623247623443604, 0.0], "k_pid_alt": [1.9868433475494385, 0.009850531816482544, 0.96269690990448], "k_pid_att": [99.8019790649414, 0.014123341999948025, 0.9908513426780701], "k_pid_yaw": [0.5, 1e-06, 0.1], "k_pid_hsp": [9.903292655944824, 0.9865555763244629, 0.0032902956008911133], "k_pid_vsp": [400.0, 395.18829345703125, 11.717236518859863]}, "datetime": {"datetime": "2025-08-20 20:13:50", "elapsed": 30085.183198690414, "delta": 17.577939987182617}, "costs": {"total_cost": 206.52663736757816, "time_cost": 69.272, "final_distance_cost": 1.742635143069121, "oscillation_cost": 59.31335107581851, "completition_cost": 0.0, "overshoot_cost": 50.16628765634076, "power_cost": 14.415135095214845, "noise_cost": 11.617228397134914, "n_waypoints_completed": 9, "tot_waypoints": 9}}
{"target": -213.8943149286643, "params": {"k_pid_pos": [1.9771168231964111, 0.015596985816955566, 0.0], "k_pid_alt": [1.920130968093872, 0.018328070640563965, 0.9948660135269165], "k_pid_att": [99.08979034423828, 0.15135301649570465, 0.9864145517349243], "k_pid_yaw": [0.5, 1e-06, 0.1], "k_pid_hsp": [9.884151458740234, 0.9871199131011963, 0.0032637417316436768], "k_pid_vsp": [399.9949035644531, 397.31072998046875, 2.7735719680786133]}, "datetime": {"datetime": "2025-08-20 20:14:06", "elapsed": 30100.611810684204, "delta": 15.428611993789673}, "costs": {"total_cost": 213.8943149286643, "time_cost": 69.872, "final_distance_cost": 1.756524317507345, "oscillation_cost": 66.49427309597377, "completition_cost": 0.0, "overshoot_cost": 50.881695178652556, "power_cost": 13.249417602539063, "noise_cost": 11.640404733991547, "n_waypoints_completed": 9, "tot_waypoints": 9}}
{"target": -275.03077702421695, "params": {"k_pid_pos": [1.9873367547988892, 0.008496284484863281, 0.0], "k_pid_alt": [1.9826139211654663, 0.017648041248321533, 0.9724365472793579], "k_pid_att": [96.49866485595703, 0.07488340884447098, 0.9838883876800537], "k_pid_yaw": [0.5, 1e-06, 0.1], "k_pid_hsp": [9.834366798400879, 0.9797075986862183, 0.13000798225402832], "k_pid_vsp": [400.0, 397.42120361328125, 33.123802185058594]}, "datetime": {"datetime": "2025-08-20 20:14:23", "elapsed": 30118.27259206772, "delta": 17.660781383514404}, "costs": {"total_cost": 275.03077702421695, "time_cost": 72.744, "final_distance_cost": 1.7802022882893704, "oscillation_cost": 122.82615894220535, "completition_cost": 0.0, "overshoot_cost": 49.63295091773794, "power_cost": 15.53549793701172, "noise_cost": 12.511966938972558, "n_waypoints_completed": 9, "tot_waypoints": 9}}
{"target": -214.0752176455953, "params": {"k_pid_pos": [1.9311951398849487, 0.008767515420913696, 0.0], "k_pid_alt": [1.8375986814498901, 0.021117299795150757, 0.8569542169570923], "k_pid_att": [98.68502807617188, 0.20015831291675568, 0.9758093357086182], "k_pid_yaw": [0.5, 1e-06, 0.1], "k_pid_hsp": [8.242300033569336, 0.9903488159179688, 0.02015700936317444], "k_pid_vsp": [400.0, 390.2276611328125, 6.32994270324707]}, "datetime": {"datetime": "2025-08-20 20:14:38", "elapsed": 30133.3820912838, "delta": 15.109499216079712}, "costs": {"total_cost": 214.0752176455953, "time_cost": 69.712, "final_distance_cost": 1.7363321520933115, "oscillation_cost": 67.35736167155777, "completition_cost": 0.0, "overshoot_cost": 50.57451290248656, "power_cost": 13.138803637695313, "noise_cost": 11.55620728176235, "n_waypoints_completed": 9, "tot_waypoints": 9}}
{"target": -210.87955115396966, "params": {"k_pid_pos": [1.986411213874817, 0.0205802321434021, 0.0], "k_pid_alt": [1.9524469375610352, 0.050086528062820435, 0.9161781072616577], "k_pid_att": [99.11041259765625, 0.16820338368415833, 0.9827504754066467], "k_pid_yaw": [0.5, 1e-06, 0.1], "k_pid_hsp": [9.909196853637695, 0.986351728439331, 0.008455634117126465], "k_pid_vsp": [400.0, 395.025634765625, 3.750217914581299]}, "datetime": {"datetime": "2025-08-20 20:14:55", "elapsed": 30150.1712975502, "delta": 16.7892062664032}, "costs": {"total_cost": 210.87955115396966, "time_cost": 70.152, "final_distance_cost": 1.750501526147224, "oscillation_cost": 63.062187915359004, "completition_cost": 0.0, "overshoot_cost": 50.959422312994846, "power_cost": 13.25648104248047, "noise_cost": 11.698958356988172, "n_waypoints_completed": 9, "tot_waypoints": 9}}
{"target": -300.37024356862185, "params": {"k_pid_pos": [1.9910355806350708, 0.007135123014450073, 2.8699636459350586e-05], "k_pid_alt": [1.9415223598480225, 0.013392537832260132, 0.9805442690849304], "k_pid_att": [99.0781478881836, 0.1049816682934761, 0.9889371395111084], "k_pid_yaw": [0.5, 1e-06, 0.1], "k_pid_hsp": [9.796220779418945, 0.9817156791687012, 0.23338890075683594], "k_pid_vsp": [400.0, 388.6111755371094, 7.764864921569824]}, "datetime": {"datetime": "2025-08-20 20:15:13", "elapsed": 30167.98761343956, "delta": 17.81631588935852}, "costs": {"total_cost": 300.37024356862185, "time_cost": 76.0, "final_distance_cost": 1.76446234516531, "oscillation_cost": 140.97453717925342, "completition_cost": 0.0, "overshoot_cost": 52.69148287454658, "power_cost": 15.842594921875001, "noise_cost": 13.097166247781571, "n_waypoints_completed": 9, "tot_waypoints": 9}}
{"target": -229.1070669523175, "params": {"k_pid_pos": [1.9668807983398438, 0.03760749101638794, 0.0], "k_pid_alt": [1.9504400491714478, 0.07242387533187866, 0.9746297001838684], "k_pid_att": [96.36793518066406, 0.4460187256336212, 0.9868831634521484], "k_pid_yaw": [0.5, 1e-06, 0.1], "k_pid_hsp": [9.917559623718262, 0.9768711924552917, 0.006424427032470703], "k_pid_vsp": [399.99755859375, 394.97796630859375, 8.709312438964844]}, "datetime": {"datetime": "2025-08-20 20:15:31", "elapsed": 30185.75454878807, "delta": 17.766935348510742}, "costs": {"total_cost": 229.1070669523175, "time_cost": 81.21600000000001, "final_distance_cost": 1.772544697871066, "oscillation_cost": 64.79098474944564, "completition_cost": 0.0, "overshoot_cost": 52.494239986698524, "power_cost": 15.604333093261719, "noise_cost": 13.228964425040536, "n_waypoints_completed": 9, "tot_waypoints": 9}}
{"target": -213.83639425453703, "params": {"k_pid_pos": [1.9574905633926392, 0.0376284122467041, 0.0], "k_pid_alt": [1.7799712419509888, 0.014931261539459229, 0.9875163435935974], "k_pid_att": [75.50373077392578, 1.4360973834991455, 0.9898854494094849], "k_pid_yaw": [0.5, 1e-06, 0.1], "k_pid_hsp": [9.775983810424805, 0.9871600866317749, 0.01603066921234131], "k_pid_vsp": [400.0, 395.4363708496094, 54.5344123840332]}, "datetime": {"datetime": "2025-08-20 20:15:47", "elapsed": 30201.9263484478, "delta": 16.171799659729004}, "costs": {"total_cost": 213.83639425453703, "time_cost": 69.4, "final_distance_cost": 1.7361264201779796, "oscillation_cost": 63.68023214085279, "completition_cost": 0.0, "overshoot_cost": 50.080281283927235, "power_cost": 16.51155908203125, "noise_cost": 12.42819532754776, "n_waypoints_completed": 9, "tot_waypoints": 9}}
{"target": -206.91393394240143, "params": {"k_pid_pos": [1.9434099197387695, 0.01405489444732666, 0.0], "k_pid_alt": [1.8383512496948242, 0.050577521324157715, 0.9831817150115967], "k_pid_att": [95.3485107421875, 0.4469825327396393, 0.9859559535980225], "k_pid_yaw": [0.5, 1e-06, 0.1], "k_pid_hsp": [9.91075325012207, 0.9879368543624878, 0.016585081815719604], "k_pid_vsp": [400.0, 396.0350341796875, 9.242094993591309]}, "datetime": {"datetime": "2025-08-20 20:16:02", "elapsed": 30217.23417544365, "delta": 15.30782699584961}, "costs": {"total_cost": 206.91393394240143, "time_cost": 69.648, "final_distance_cost": 1.7729494139823285, "oscillation_cost": 62.279275449801574, "completition_cost": 0.0, "overshoot_cost": 50.516657924315986, "power_cost": 12.016198986816407, "noise_cost": 10.680852167485154, "n_waypoints_completed": 9, "tot_waypoints": 9}}
{"target": -209.6189366397113, "params": {"k_pid_pos": [1.8893871307373047, 0.01821601390838623, 0.0], "k_pid_alt": [1.8719655275344849, 0.04067924618721008, 0.9841519594192505], "k_pid_att": [98.61266326904297, 0.11019672453403473, 0.9331101179122925], "k_pid_yaw": [0.5, 1e-06, 0.1], "k_pid_hsp": [9.901679039001465, 0.9869515299797058, 0.002234548330307007], "k_pid_vsp": [400.0, 396.92840576171875, 1.4856586456298828]}, "datetime": {"datetime": "2025-08-20 20:16:19", "elapsed": 30233.895570755005, "delta": 16.66139531135559}, "costs": {"total_cost": 209.6189366397113, "time_cost": 69.70400000000001, "final_distance_cost": 1.7462801545124509, "oscillation_cost": 63.08200793929584, "completition_cost": 0.0, "overshoot_cost": 50.51958646732961, "power_cost": 13.03558153076172, "noise_cost": 11.53148054781167, "n_waypoints_completed": 9, "tot_waypoints": 9}}
{"target": -235.53899482218395, "params": {"k_pid_pos": [1.92348313331604, 0.018467485904693604, 0.0], "k_pid_alt": [1.8849661350250244, 0.08018869161605835, 0.9419228434562683], "k_pid_att": [96.45765686035156, 0.9930799007415771, 0.8804271221160889], "k_pid_yaw": [0.5, 1e-06, 0.1], "k_pid_hsp": [9.881843566894531, 0.9925024509429932, 0.0027843117713928223], "k_pid_vsp": [400.0, 396.560546875, 3.8911352157592773]}, "datetime": {"datetime": "2025-08-20 20:16:38", "elapsed": 30253.195620059967, "delta": 19.300049304962158}, "costs": {"total_cost": 235.53899482218395, "time_cost": 82.392, "final_distance_cost": 1.7545948920921104, "oscillation_cost": 71.4385048554917, "completition_cost": 0.0, "overshoot_cost": 51.72737702742493, "power_cost": 14.979018383789063, "noise_cost": 13.247499663386181, "n_waypoints_completed": 9, "tot_waypoints": 9}}
{"target": -250.22006983719112, "params": {"k_pid_pos": [1.9812783002853394, 0.04782599210739136, 0.0], "k_pid_alt": [1.928989291191101, 0.0768134593963623, 0.988237202167511], "k_pid_att": [99.4437484741211, 0.21813666820526123, 0.9622011184692383], "k_pid_yaw": [0.5, 1e-06, 0.1], "k_pid_hsp": [9.719225883483887, 0.9279127717018127, 0.045202404260635376], "k_pid_vsp": [400.0, 390.7030029296875, 6.230116844177246]}, "datetime": {"datetime": "2025-08-20 20:16:56", "elapsed": 30270.884454250336, "delta": 17.688834190368652}, "costs": {"total_cost": 250.22006983719112, "time_cost": 81.544, "final_distance_cost": 1.7402646599675649, "oscillation_cost": 85.36681926229018, "completition_cost": 0.0, "overshoot_cost": 53.0096909757562, "power_cost": 15.279907482910158, "noise_cost": 13.279387456267049, "n_waypoints_completed": 9, "tot_waypoints": 9}}
{"target": -224.94664113871684, "params": {"k_pid_pos": [1.970307469367981, 0.019744902849197388, 0.0], "k_pid_alt": [1.9878376722335815, 0.01077336072921753, 0.9957445859909058], "k_pid_att": [99.53289031982422, 0.1609927862882614, 0.9783620834350586], "k_pid_yaw": [0.5, 1e-06, 0.1], "k_pid_hsp": [9.77596378326416, 0.902536153793335, 0.06392073631286621], "k_pid_vsp": [400.0, 379.9949035644531, 3.668273448944092]}, "datetime": {"datetime": "2025-08-20 20:17:12", "elapsed": 30287.303361177444, "delta": 16.418906927108765}, "costs": {"total_cost": 224.94664113871684, "time_cost": 69.736, "final_distance_cost": 1.766280341810795, "oscillation_cost": 77.49629377564223, "completition_cost": 0.0, "overshoot_cost": 50.72438870755974, "power_cost": 13.507201391601564, "noise_cost": 11.716476922102519, "n_waypoints_completed": 9, "tot_waypoints": 9}}
{"target": -235.47362118061443, "params": {"k_pid_pos": [1.9848251342773438, 0.018563508987426758, 0.9466527700424194], "k_pid_alt": [1.949087142944336, 0.017162621021270752, 0.9682216644287109], "k_pid_att": [99.272216796875, 0.7023659348487854, 0.995106041431427], "k_pid_yaw": [0.5, 1e-06, 0.1], "k_pid_hsp": [9.516645431518555, 0.9731709957122803, 0.008070290088653564], "k_pid_vsp": [400.0, 392.72332763671875, 6.610108375549316]}, "datetime": {"datetime": "2025-08-20 20:17:27", "elapsed": 30302.184854269028, "delta": 14.881493091583252}, "costs": {"total_cost": 235.47362118061443, "time_cost": 69.568, "final_distance_cost": 1.845889777457978, "oscillation_cost": 89.26607698509197, "completition_cost": 0.0, "overshoot_cost": 49.94442502295779, "power_cost": 12.977694177246095, "noise_cost": 11.871535217860611, "n_waypoints_completed": 9, "tot_waypoints": 9}}
{"target": -216.2329084554429, "params": {"k_pid_pos": [1.9936243295669556, 0.0964905321598053, 0.0], "k_pid_alt": [1.985541582107544, 0.006020784378051758, 0.977728545665741], "k_pid_att": [97.26786804199219, 0.09223265945911407, 0.9564110636711121], "k_pid_yaw": [0.5, 1e-06, 0.1], "k_pid_hsp": [9.498577117919922, 0.9748541116714478, 0.02584129571914673], "k_pid_vsp": [400.0, 386.251220703125, 3.3665904998779297]}, "datetime": {"datetime": "2025-08-20 20:17:46", "elapsed": 30321.21231031418, "delta": 19.027456045150757}, "costs": {"total_cost": 216.2329084554429, "time_cost": 70.136, "final_distance_cost": 1.7886625662639961, "oscillation_cost": 70.05335488204008, "completition_cost": 0.0, "overshoot_cost": 49.527744289041514, "power_cost": 13.128053625488281, "noise_cost": 11.599093092609014, "n_waypoints_completed": 9, "tot_waypoints": 9}}
{"target": -263.42586204351795, "params": {"k_pid_pos": [1.9229588508605957, 0.004295438528060913, 0.0], "k_pid_alt": [1.924180507659912, 0.14726442098617554, 0.9960188269615173], "k_pid_att": [97.97271728515625, 0.2944435477256775, 0.9891653060913086], "k_pid_yaw": [0.5, 1e-06, 0.1], "k_pid_hsp": [9.850528717041016, 0.9697339534759521, 0.007693886756896973], "k_pid_vsp": [400.0, 397.3539733886719, 1.616300106048584]}, "datetime": {"datetime": "2025-08-20 20:18:08", "elapsed": 30342.675473213196, "delta": 21.463162899017334}, "costs": {"total_cost": 263.42586204351795, "time_cost": 98.768, "final_distance_cost": 1.8002153613999978, "oscillation_cost": 78.48571503865693, "completition_cost": 0.0, "overshoot_cost": 51.83231297760038, "power_cost": 17.448416943359376, "noise_cost": 15.091201722501289, "n_waypoints_completed": 9, "tot_waypoints": 9}}
{"target": -229.50344187084409, "params": {"k_pid_pos": [1.9764480590820312, 0.010263204574584961, 0.0], "k_pid_alt": [1.9805407524108887, 0.05639412999153137, 0.9321066737174988], "k_pid_att": [98.11372375488281, 0.12563835084438324, 0.989056408405304], "k_pid_yaw": [0.5, 1e-06, 0.1], "k_pid_hsp": [9.727663040161133, 0.9900645613670349, 0.08171087503433228], "k_pid_vsp": [400.0, 395.538818359375, 4.796756267547607]}, "datetime": {"datetime": "2025-08-20 20:18:24", "elapsed": 30359.09763932228, "delta": 16.422166109085083}, "costs": {"total_cost": 229.50344187084409, "time_cost": 69.608, "final_distance_cost": 1.750401553108615, "oscillation_cost": 81.82122240256764, "completition_cost": 0.0, "overshoot_cost": 51.00111397830314, "power_cost": 13.491309057617189, "noise_cost": 11.831394879247497, "n_waypoints_completed": 9, "tot_waypoints": 9}}
{"target": -214.37525129737696, "params": {"k_pid_pos": [1.900349497795105, 0.011812746524810791, 0.0], "k_pid_alt": [1.9506597518920898, 0.01757889986038208, 0.9391474723815918], "k_pid_att": [97.11005401611328, 0.13716189563274384, 0.9808669090270996], "k_pid_yaw": [0.5, 1e-06, 0.1], "k_pid_hsp": [9.55188274383545, 0.9762842655181885, 0.04191198945045471], "k_pid_vsp": [400.0, 369.9795837402344, 8.364689826965332]}, "datetime": {"datetime": "2025-08-20 20:18:40", "elapsed": 30374.946573972702, "delta": 15.848934650421143}, "costs": {"total_cost": 214.37525129737696, "time_cost": 69.608, "final_distance_cost": 1.783391284818291, "oscillation_cost": 67.38958233847242, "completition_cost": 0.0, "overshoot_cost": 50.87552383881425, "power_cost": 13.140449633789062, "noise_cost": 11.57830420148293, "n_waypoints_completed": 9, "tot_waypoints": 9}}
{"target": -219.25820436033098, "params": {"k_pid_pos": [1.9764535427093506, 0.008567482233047485, 0.0], "k_pid_alt": [1.9062750339508057, 0.005257010459899902, 0.9730830788612366], "k_pid_att": [98.50247192382812, 0.28094443678855896, 0.9113694429397583], "k_pid_yaw": [0.5, 1e-06, 0.1], "k_pid_hsp": [9.922411918640137, 0.9403928518295288, 0.05472174286842346], "k_pid_vsp": [400.0, 393.8936767578125, 4.408718109130859]}, "datetime": {"datetime": "2025-08-20 20:18:55", "elapsed": 30390.312333106995, "delta": 15.365759134292603}, "costs": {"total_cost": 219.25820436033098, "time_cost": 69.8, "final_distance_cost": 1.7570058616360245, "oscillation_cost": 73.16532413857357, "completition_cost": 0.0, "overshoot_cost": 49.986898159126305, "power_cost": 13.075377648925782, "noise_cost": 11.473598552069314, "n_waypoints_completed": 9, "tot_waypoints": 9}}
{"target": -211.10635132928246, "params": {"k_pid_pos": [1.984635591506958, 0.021144330501556396, 0.0], "k_pid_alt": [1.8937866687774658, 0.027040094137191772, 0.9891135096549988], "k_pid_att": [93.39290618896484, 1.098855972290039, 0.9309262037277222], "k_pid_yaw": [0.5, 1e-06, 0.1], "k_pid_hsp": [9.762033462524414, 0.9693921208381653, 0.022019386291503906], "k_pid_vsp": [399.9996643066406, 398.3121032714844, 50.05366897583008]}, "datetime": {"datetime": "2025-08-20 20:19:12", "elapsed": 30406.664630651474, "delta": 16.35229754447937}, "costs": {"total_cost": 211.10635132928246, "time_cost": 69.28, "final_distance_cost": 1.7721757844366444, "oscillation_cost": 67.0988514813987, "completition_cost": 0.0, "overshoot_cost": 50.34426926120061, "power_cost": 12.363939758300782, "noise_cost": 10.247115043945714, "n_waypoints_completed": 9, "tot_waypoints": 9}}
{"target": -219.16596043547204, "params": {"k_pid_pos": [1.9294053316116333, 0.0409470796585083, 0.0], "k_pid_alt": [1.8709360361099243, 0.008197009563446045, 0.9950226545333862], "k_pid_att": [99.2671127319336, 0.17245374619960785, 0.9811400175094604], "k_pid_yaw": [0.5, 1e-06, 0.1], "k_pid_hsp": [9.830668449401855, 0.9673253893852234, 0.013386934995651245], "k_pid_vsp": [400.0, 390.8940734863281, 2.6762852668762207]}, "datetime": {"datetime": "2025-08-20 20:19:27", "elapsed": 30421.60799908638, "delta": 14.943368434906006}, "costs": {"total_cost": 219.16596043547204, "time_cost": 69.96000000000001, "final_distance_cost": 1.7959638256478943, "oscillation_cost": 72.67598677706606, "completition_cost": 0.0, "overshoot_cost": 50.195732753475895, "power_cost": 13.031176574707033, "noise_cost": 11.507100504575169, "n_waypoints_completed": 9, "tot_waypoints": 9}}
{"target": -211.34829601909252, "params": {"k_pid_pos": [1.9580849409103394, 0.0945921540260315, 0.0], "k_pid_alt": [1.9419841766357422, 0.00968843698501587, 0.9797568321228027], "k_pid_att": [99.55049896240234, 0.02234959416091442, 0.9953031539916992], "k_pid_yaw": [0.5, 1e-06, 0.1], "k_pid_hsp": [9.826000213623047, 0.9811734557151794, 0.008383452892303467], "k_pid_vsp": [400.0, 397.9181213378906, 26.897968292236328]}, "datetime": {"datetime": "2025-08-20 20:19:43", "elapsed": 30437.840733528137, "delta": 16.232734441757202}, "costs": {"total_cost": 211.34829601909252, "time_cost": 70.032, "final_distance_cost": 1.7242681984818629, "oscillation_cost": 61.30211329871745, "completition_cost": 0.0, "overshoot_cost": 50.870870669263425, "power_cost": 15.452481994628908, "noise_cost": 11.966561858000878, "n_waypoints_completed": 9, "tot_waypoints": 9}}
