{"target": -272.9107467325771, "params": {"k_pid_pos": [1.9457273483276367, 0.005474001169204712, 0.0], "k_pid_alt": [1.9065377712249756, 0.08582568168640137, 0.9954416751861572], "k_pid_att": [91.23933410644531, 0.14209741353988647, 0.8820195198059082], "k_pid_yaw": [0.5, 1e-06, 0.1], "k_pid_hsp": [9.895272254943848, 0.9850262403488159, 0.04150483012199402], "k_pid_vsp": [400.0, 332.3197937011719, 21.944215774536133]}, "datetime": {"datetime": "2025-08-20 21:16:47", "elapsed": 33861.74993062019, "delta": 18.82430362701416}, "costs": {"total_cost": 272.9107467325771, "time_cost": 82.32000000000001, "final_distance_cost": 1.7968249328848889, "oscillation_cost": 107.30118254616784, "completition_cost": 0.0, "overshoot_cost": 52.339678238883515, "power_cost": 16.060137048339843, "noise_cost": 13.092923966301013, "n_waypoints_completed": 9, "tot_waypoints": 9}}
{"target": -214.56569041330349, "params": {"k_pid_pos": [1.969180941581726, 0.11100614070892334, 9.128451347351074e-05], "k_pid_alt": [1.982445240020752, 0.006874293088912964, 0.9924070835113525], "k_pid_att": [99.62431335449219, 0.3465902507305145, 0.9875894784927368], "k_pid_yaw": [0.5, 1e-06, 0.1], "k_pid_hsp": [9.643775939941406, 0.9884639978408813, 0.008823573589324951], "k_pid_vsp": [400.0, 398.82110595703125, 15.959383010864258]}, "datetime": {"datetime": "2025-08-20 21:17:02", "elapsed": 33877.34445261955, "delta": 15.59452199935913}, "costs": {"total_cost": 214.56569041330349, "time_cost": 70.352, "final_distance_cost": 1.7254670060241004, "oscillation_cost": 66.17697875476051, "completition_cost": 0.0, "overshoot_cost": 50.730187807179064, "power_cost": 14.159370971679689, "noise_cost": 11.421685873660117, "n_waypoints_completed": 9, "tot_waypoints": 9}}
{"target": -220.3614445844047, "params": {"k_pid_pos": [1.8523741960525513, 0.027242660522460938, 5.960464477539063e-08], "k_pid_alt": [1.98996901512146, 0.01195421814918518, 0.9835152626037598], "k_pid_att": [90.31962585449219, 0.413102388381958, 0.9146178960800171], "k_pid_yaw": [0.5, 1e-06, 0.1], "k_pid_hsp": [9.338253021240234, 0.9698874950408936, 0.05394977331161499], "k_pid_vsp": [400.0, 395.535888671875, 15.88143253326416]}, "datetime": {"datetime": "2025-08-20 21:17:19", "elapsed": 33894.32268190384, "delta": 16.9782292842865}, "costs": {"total_cost": 220.3614445844047, "time_cost": 69.256, "final_distance_cost": 1.7772139347571112, "oscillation_cost": 71.61528795222507, "completition_cost": 0.0, "overshoot_cost": 50.589046297115736, "power_cost": 15.133170996093751, "noise_cost": 11.990725404213004, "n_waypoints_completed": 9, "tot_waypoints": 9}}
{"target": -218.90737241886737, "params": {"k_pid_pos": [1.966813325881958, 0.014361083507537842, 0.0], "k_pid_alt": [1.9882574081420898, 0.045018911361694336, 0.9914144277572632], "k_pid_att": [99.44903564453125, 0.054224055260419846, 0.966218888759613], "k_pid_yaw": [0.5, 1e-06, 0.1], "k_pid_hsp": [9.935086250305176, 0.9949346780776978, 0.012660384178161621], "k_pid_vsp": [400.0, 384.2155456542969, 4.73377799987793]}, "datetime": {"datetime": "2025-08-20 21:17:35", "elapsed": 33909.97747135162, "delta": 15.654789447784424}, "costs": {"total_cost": 218.90737241886737, "time_cost": 69.84, "final_distance_cost": 1.7464190676603932, "oscillation_cost": 72.20290367365664, "completition_cost": 0.0, "overshoot_cost": 50.42420480282554, "power_cost": 13.070182470703125, "noise_cost": 11.623662404021657, "n_waypoints_completed": 9, "tot_waypoints": 9}}
{"target": -213.5360748873312, "params": {"k_pid_pos": [1.9167600870132446, 0.017553389072418213, 0.0], "k_pid_alt": [1.9762847423553467, 0.0052506327629089355, 0.9810665845870972], "k_pid_att": [98.32475280761719, 0.052068471908569336, 0.8926421999931335], "k_pid_yaw": [0.5, 1e-06, 0.1], "k_pid_hsp": [9.709216117858887, 0.9886758923530579, 0.01231616735458374], "k_pid_vsp": [400.0, 389.7189025878906, 6.460000038146973]}, "datetime": {"datetime": "2025-08-20 21:17:52", "elapsed": 33926.5606212616, "delta": 16.583149909973145}, "costs": {"total_cost": 213.5360748873312, "time_cost": 70.0, "final_distance_cost": 1.745529432573372, "oscillation_cost": 66.66201705223304, "completition_cost": 0.0, "overshoot_cost": 50.35757172629408, "power_cost": 13.168561853027345, "noise_cost": 11.60239482320338, "n_waypoints_completed": 9, "tot_waypoints": 9}}
{"target": -328.43720087789, "params": {"k_pid_pos": [1.8710616827011108, 0.00647464394569397, 0.9993812441825867], "k_pid_alt": [1.942230463027954, 0.0755683183670044, 0.9829972982406616], "k_pid_att": [97.48448181152344, 0.13258370757102966, 0.992201566696167], "k_pid_yaw": [0.5, 1e-06, 0.1], "k_pid_hsp": [9.931234359741211, 0.9965031147003174, 0.06008708477020264], "k_pid_vsp": [400.0, 396.42724609375, 4.359675407409668]}, "datetime": {"datetime": "2025-08-20 21:18:09", "elapsed": 33943.67061519623, "delta": 17.109993934631348}, "costs": {"total_cost": 328.43720087789, "time_cost": 78.04, "final_distance_cost": 1.836395097820955, "oscillation_cost": 169.58059853743757, "completition_cost": 0.0, "overshoot_cost": 50.17224127446654, "power_cost": 15.438569641113283, "noise_cost": 13.369396327051636, "n_waypoints_completed": 9, "tot_waypoints": 9}}
{"target": -263.54449512008154, "params": {"k_pid_pos": [1.9803688526153564, 0.006310939788818359, 0.0], "k_pid_alt": [1.9293622970581055, 0.09291225671768188, 0.9745028018951416], "k_pid_att": [93.81680297851562, 0.3380507528781891, 0.9367449283599854], "k_pid_yaw": [0.5, 1e-06, 0.1], "k_pid_hsp": [9.734034538269043, 0.9858816266059875, 0.021827399730682373], "k_pid_vsp": [400.0, 397.7067565917969, 7.214559078216553]}, "datetime": {"datetime": "2025-08-20 21:18:33", "elapsed": 33967.6366314888, "delta": 23.96601629257202}, "costs": {"total_cost": 263.54449512008154, "time_cost": 96.128, "final_distance_cost": 1.8036779620202616, "oscillation_cost": 81.08495736647903, "completition_cost": 0.0, "overshoot_cost": 51.82707382673028, "power_cost": 17.567306555175783, "noise_cost": 15.133479409676188, "n_waypoints_completed": 9, "tot_waypoints": 9}}
{"target": -237.39056320775012, "params": {"k_pid_pos": [1.7262972593307495, 0.002352684736251831, 0.0], "k_pid_alt": [1.7947678565979004, 0.11488735675811768, 0.9166526794433594], "k_pid_att": [96.4476089477539, 0.19635586440563202, 0.9894326329231262], "k_pid_yaw": [0.5, 1e-06, 0.1], "k_pid_hsp": [9.488778114318848, 0.9861658811569214, 0.007699698209762573], "k_pid_vsp": [400.0, 390.7095947265625, 10.512913703918457]}, "datetime": {"datetime": "2025-08-20 21:18:51", "elapsed": 33986.22885918617, "delta": 18.592227697372437}, "costs": {"total_cost": 237.39056320775012, "time_cost": 85.83200000000001, "final_distance_cost": 1.8149453698554152, "oscillation_cost": 72.2238864559667, "completition_cost": 0.0, "overshoot_cost": 51.74030794362213, "power_cost": 13.851777795410158, "noise_cost": 11.92764564289574, "n_waypoints_completed": 9, "tot_waypoints": 9}}
{"target": -220.2875817399864, "params": {"k_pid_pos": [1.943656086921692, 0.013007909059524536, 0.0], "k_pid_alt": [1.886117935180664, 0.02229917049407959, 0.9895884990692139], "k_pid_att": [96.18006896972656, 0.28814995288848877, 0.9885789155960083], "k_pid_yaw": [0.5, 1e-06, 0.1], "k_pid_hsp": [9.755156517028809, 0.9972935914993286, 0.02339676022529602], "k_pid_vsp": [400.0, 391.8597106933594, 3.877068519592285]}, "datetime": {"datetime": "2025-08-20 21:19:08", "elapsed": 34002.65911126137, "delta": 16.430252075195312}, "costs": {"total_cost": 220.2875817399864, "time_cost": 69.656, "final_distance_cost": 1.780792549367143, "oscillation_cost": 73.64201879044789, "completition_cost": 0.0, "overshoot_cost": 50.474392518793145, "power_cost": 13.143939965820314, "noise_cost": 11.590437915557896, "n_waypoints_completed": 9, "tot_waypoints": 9}}
{"target": -210.14568349582484, "params": {"k_pid_pos": [1.9461615085601807, 0.028900891542434692, 0.0], "k_pid_alt": [1.9557156562805176, 0.051609039306640625, 0.9923904538154602], "k_pid_att": [97.89161682128906, 0.14603455364704132, 0.9703401923179626], "k_pid_yaw": [0.5, 1e-06, 0.1], "k_pid_hsp": [9.281853675842285, 0.9807170629501343, 0.031880468130111694], "k_pid_vsp": [400.0, 366.6972351074219, 0.6434450745582581]}, "datetime": {"datetime": "2025-08-20 21:19:24", "elapsed": 34018.74582362175, "delta": 16.08671236038208}, "costs": {"total_cost": 210.14568349582484, "time_cost": 69.848, "final_distance_cost": 1.7912088579262762, "oscillation_cost": 63.429301126446894, "completition_cost": 0.0, "overshoot_cost": 50.61721490495197, "power_cost": 12.920226525878906, "noise_cost": 11.539732080620785, "n_waypoints_completed": 9, "tot_waypoints": 9}}
{"target": -225.76041408942265, "params": {"k_pid_pos": [1.9424223899841309, 0.007651567459106445, 0.0], "k_pid_alt": [1.9509904384613037, 0.05742049217224121, 0.9551109671592712], "k_pid_att": [95.77354431152344, 0.2447632998228073, 0.9841121435165405], "k_pid_yaw": [0.5, 1e-06, 0.1], "k_pid_hsp": [9.91660213470459, 0.9433526396751404, 0.03982153534889221], "k_pid_vsp": [400.0, 395.3947448730469, 26.314664840698242]}, "datetime": {"datetime": "2025-08-20 21:19:39", "elapsed": 34034.370649814606, "delta": 15.624826192855835}, "costs": {"total_cost": 225.76041408942265, "time_cost": 69.616, "final_distance_cost": 1.7651567227376794, "oscillation_cost": 77.590619328101, "completition_cost": 0.0, "overshoot_cost": 50.566658355993525, "power_cost": 14.561882666015626, "noise_cost": 11.66009701657482, "n_waypoints_completed": 9, "tot_waypoints": 9}}
{"target": -256.26835965802024, "params": {"k_pid_pos": [1.9460440874099731, 0.022450029850006104, 0.0], "k_pid_alt": [1.887138843536377, 0.04953187704086304, 0.98194819688797], "k_pid_att": [99.75030517578125, 0.4331606328487396, 0.9917088747024536], "k_pid_yaw": [0.5, 1e-06, 0.1], "k_pid_hsp": [9.682158470153809, 0.6069289445877075, 0.17321693897247314], "k_pid_vsp": [400.0, 398.2200622558594, 9.55875015258789]}, "datetime": {"datetime": "2025-08-20 21:19:56", "elapsed": 34051.06245613098, "delta": 16.691806316375732}, "costs": {"total_cost": 256.26835965802024, "time_cost": 70.128, "final_distance_cost": 1.7409461815760738, "oscillation_cost": 106.41914825058235, "completition_cost": 0.0, "overshoot_cost": 51.35628640240792, "power_cost": 14.431029602050781, "noise_cost": 12.192949221403145, "n_waypoints_completed": 9, "tot_waypoints": 9}}
{"target": -470.40515753362877, "params": {"k_pid_pos": [1.9394911527633667, 0.010557174682617188, 0.0], "k_pid_alt": [1.9804425239562988, 0.20183464884757996, 0.9873071908950806], "k_pid_att": [99.09745788574219, 0.6656808257102966, 0.98923659324646], "k_pid_yaw": [0.5, 1e-06, 0.1], "k_pid_hsp": [9.734481811523438, 0.9809666275978088, 0.04974129796028137], "k_pid_vsp": [400.0, 391.9198303222656, 17.282320022583008]}, "datetime": {"datetime": "2025-08-20 21:20:20", "elapsed": 34074.75665616989, "delta": 23.694200038909912}, "costs": {"total_cost": 470.40515753362877, "time_cost": 150, "final_distance_cost": 2.694230061496507, "oscillation_cost": 117.74835369253675, "completition_cost": 111.11111111111116, "overshoot_cost": 52.24377890669035, "power_cost": 20.65192130126953, "noise_cost": 15.955762460524506, "n_waypoints_completed": 8, "tot_waypoints": 9}}
{"target": -210.6912948770464, "params": {"k_pid_pos": [1.9203342199325562, 0.059388548135757446, 0.0], "k_pid_alt": [1.9914289712905884, 0.041896432638168335, 0.9858306050300598], "k_pid_att": [98.03178405761719, 0.8310114145278931, 0.9935609102249146], "k_pid_yaw": [0.5, 1e-06, 0.1], "k_pid_hsp": [9.896124839782715, 0.8172438144683838, 0.02289751172065735], "k_pid_vsp": [400.0, 399.51611328125, 5.594516754150391]}, "datetime": {"datetime": "2025-08-20 21:20:36", "elapsed": 34091.17581152916, "delta": 16.41915535926819}, "costs": {"total_cost": 210.6912948770464, "time_cost": 70.008, "final_distance_cost": 1.776550797687555, "oscillation_cost": 63.811356405400396, "completition_cost": 0.0, "overshoot_cost": 50.3202326222475, "power_cost": 13.203451232910156, "noise_cost": 11.571703818800778, "n_waypoints_completed": 9, "tot_waypoints": 9}}
{"target": -211.0126137347051, "params": {"k_pid_pos": [1.949311375617981, 0.022004902362823486, 0.0], "k_pid_alt": [1.9745312929153442, 0.02816256880760193, 0.9206655025482178], "k_pid_att": [97.89137268066406, 0.2961306571960449, 0.9760428667068481], "k_pid_yaw": [0.5, 1e-06, 0.1], "k_pid_hsp": [9.696928024291992, 0.9960501194000244, 0.008331388235092163], "k_pid_vsp": [400.0, 364.58343505859375, 4.448784351348877]}, "datetime": {"datetime": "2025-08-20 21:20:52", "elapsed": 34106.56766295433, "delta": 15.391851425170898}, "costs": {"total_cost": 211.0126137347051, "time_cost": 69.76, "final_distance_cost": 1.77992755090899, "oscillation_cost": 64.82316726039062, "completition_cost": 0.0, "overshoot_cost": 50.20656550044158, "power_cost": 12.958733569335939, "noise_cost": 11.484219853627954, "n_waypoints_completed": 9, "tot_waypoints": 9}}
{"target": -361.55400603437096, "params": {"k_pid_pos": [1.9561700820922852, 0.003133416175842285, 0.0], "k_pid_alt": [1.8464728593826294, 0.09059292078018188, 0.9843300580978394], "k_pid_att": [98.80909729003906, 0.18043920397758484, 0.98456871509552], "k_pid_yaw": [0.5, 1e-06, 0.1], "k_pid_hsp": [9.572274208068848, 0.9711958169937134, 0.21386155486106873], "k_pid_vsp": [400.0, 395.2083740234375, 31.948640823364258]}, "datetime": {"datetime": "2025-08-20 21:21:13", "elapsed": 34128.00681805611, "delta": 21.439155101776123}, "costs": {"total_cost": 361.55400603437096, "time_cost": 85.96000000000001, "final_distance_cost": 1.7771202796642704, "oscillation_cost": 186.07446139744076, "completition_cost": 0.0, "overshoot_cost": 52.07342158886788, "power_cost": 20.326365954589846, "noise_cost": 15.342636813808193, "n_waypoints_completed": 9, "tot_waypoints": 9}}
{"target": -239.54858322323278, "params": {"k_pid_pos": [1.9888030290603638, 0.017514467239379883, 0.0], "k_pid_alt": [1.946481704711914, 0.04171374440193176, 0.948519229888916], "k_pid_att": [99.29772186279297, 0.287742555141449, 0.9892086982727051], "k_pid_yaw": [0.5, 1e-06, 0.1], "k_pid_hsp": [9.860797882080078, 0.9945086240768433, 0.08946892619132996], "k_pid_vsp": [400.0, 398.47607421875, 14.553285598754883]}, "datetime": {"datetime": "2025-08-20 21:21:28", "elapsed": 34142.74743890762, "delta": 14.740620851516724}, "costs": {"total_cost": 239.54858322323278, "time_cost": 69.456, "final_distance_cost": 1.732385588152448, "oscillation_cost": 92.98620787778734, "completition_cost": 0.0, "overshoot_cost": 50.13041959214395, "power_cost": 13.796415209960939, "noise_cost": 11.447154955188134, "n_waypoints_completed": 9, "tot_waypoints": 9}}
{"target": -216.15230637576508, "params": {"k_pid_pos": [1.9796934127807617, 0.050266921520233154, 0.0], "k_pid_alt": [1.9907524585723877, 0.00869777798652649, 0.9938426613807678], "k_pid_att": [95.66788482666016, 0.14385274052619934, 0.9960440397262573], "k_pid_yaw": [0.5, 1e-06, 0.1], "k_pid_hsp": [9.915724754333496, 0.9907217025756836, 0.009123116731643677], "k_pid_vsp": [400.0, 397.49896240234375, 3.7420878410339355]}, "datetime": {"datetime": "2025-08-20 21:21:44", "elapsed": 34159.38013458252, "delta": 16.63269567489624}, "costs": {"total_cost": 216.15230637576508, "time_cost": 70.112, "final_distance_cost": 1.777796252172605, "oscillation_cost": 69.49726256645864, "completition_cost": 0.0, "overshoot_cost": 50.22142477323846, "power_cost": 12.99794814453125, "noise_cost": 11.545874639364113, "n_waypoints_completed": 9, "tot_waypoints": 9}}
{"target": -215.303365246718, "params": {"k_pid_pos": [1.9376084804534912, 0.006912291049957275, 0.0], "k_pid_alt": [1.9717074632644653, 0.005149722099304199, 0.9492252469062805], "k_pid_att": [95.43804931640625, 0.09536783397197723, 0.9945598840713501], "k_pid_yaw": [0.5, 1e-06, 0.1], "k_pid_hsp": [9.903409004211426, 0.9889775514602661, 0.012767016887664795], "k_pid_vsp": [400.0, 397.2311096191406, 14.285660743713379]}, "datetime": {"datetime": "2025-08-20 21:21:59", "elapsed": 34174.46640872955, "delta": 15.086274147033691}, "costs": {"total_cost": 215.303365246718, "time_cost": 69.792, "final_distance_cost": 1.7817280319206497, "oscillation_cost": 67.96525369007668, "completition_cost": 0.0, "overshoot_cost": 51.0748059179923, "power_cost": 13.648402868652344, "noise_cost": 11.041174738075997, "n_waypoints_completed": 9, "tot_waypoints": 9}}
{"target": -458.18077757018983, "params": {"k_pid_pos": [1.967499017715454, 0.019105613231658936, 0.005330383777618408], "k_pid_alt": [1.907465934753418, 0.26626449823379517, 0.9665483236312866], "k_pid_att": [96.05719757080078, 0.05195761099457741, 0.9852092266082764], "k_pid_yaw": [0.5, 1e-06, 0.1], "k_pid_hsp": [9.813490867614746, 0.8662293553352356, 0.03073859214782715], "k_pid_vsp": [400.0, 393.6480407714844, 74.86737060546875]}, "datetime": {"datetime": "2025-08-20 21:22:24", "elapsed": 34198.78286576271, "delta": 24.31645703315735}, "costs": {"total_cost": 458.18077757018983, "time_cost": 150, "final_distance_cost": 4.884145498628351, "oscillation_cost": 104.77656328759028, "completition_cost": 111.11111111111116, "overshoot_cost": 51.54732659391184, "power_cost": 20.51987917480469, "noise_cost": 15.341751904143496, "n_waypoints_completed": 8, "tot_waypoints": 9}}
{"target": -231.88037838970334, "params": {"k_pid_pos": [1.5719603300094604, 0.0327734649181366, 0.0019684433937072754], "k_pid_alt": [1.87868070602417, 0.04575607180595398, 0.9968149662017822], "k_pid_att": [95.43559265136719, 0.11722434312105179, 0.9789150953292847], "k_pid_yaw": [0.5, 1e-06, 0.1], "k_pid_hsp": [9.70198917388916, 0.9541295170783997, 0.046942561864852905], "k_pid_vsp": [400.0, 390.8647155761719, 12.183011054992676]}, "datetime": {"datetime": "2025-08-20 21:22:39", "elapsed": 34213.661727666855, "delta": 14.878861904144287}, "costs": {"total_cost": 231.88037838970334, "time_cost": 68.92, "final_distance_cost": 1.753293176018025, "oscillation_cost": 84.867018022276, "completition_cost": 0.0, "overshoot_cost": 50.87716812163085, "power_cost": 13.912511621093751, "noise_cost": 11.5503874486847, "n_waypoints_completed": 9, "tot_waypoints": 9}}
{"target": -210.88701837282224, "params": {"k_pid_pos": [1.9786776304244995, 0.008198201656341553, 0.011515498161315918], "k_pid_alt": [1.961591362953186, 0.007678508758544922, 0.9963123202323914], "k_pid_att": [98.7967758178711, 0.18403570353984833, 0.9948712587356567], "k_pid_yaw": [0.5, 1e-06, 0.1], "k_pid_hsp": [9.848542213439941, 0.979263424873352, 0.013600379228591919], "k_pid_vsp": [400.0, 396.09674072265625, 18.264724731445312]}, "datetime": {"datetime": "2025-08-20 21:22:55", "elapsed": 34230.22798085213, "delta": 16.566253185272217}, "costs": {"total_cost": 210.88701837282224, "time_cost": 69.784, "final_distance_cost": 1.781860609165233, "oscillation_cost": 61.636041478652444, "completition_cost": 0.0, "overshoot_cost": 50.88045766933617, "power_cost": 15.031965246582033, "noise_cost": 11.77269336908632, "n_waypoints_completed": 9, "tot_waypoints": 9}}
{"target": -226.9759789398408, "params": {"k_pid_pos": [1.9669883251190186, 0.008707582950592041, 0.0], "k_pid_alt": [1.8331634998321533, 0.05640137195587158, 0.9883228540420532], "k_pid_att": [97.49234771728516, 0.15846170485019684, 0.9935053586959839], "k_pid_yaw": [0.5, 1e-06, 0.1], "k_pid_hsp": [9.698816299438477, 0.9932847023010254, 0.052586764097213745], "k_pid_vsp": [400.0, 399.00787353515625, 3.3709535598754883]}, "datetime": {"datetime": "2025-08-20 21:23:11", "elapsed": 34246.19214987755, "delta": 15.964169025421143}, "costs": {"total_cost": 226.9759789398408, "time_cost": 69.632, "final_distance_cost": 1.750891288629704, "oscillation_cost": 80.11784941142851, "completition_cost": 0.0, "overshoot_cost": 50.57332836903188, "power_cost": 13.2476025390625, "noise_cost": 11.654307331688189, "n_waypoints_completed": 9, "tot_waypoints": 9}}
{"target": -209.93051094891652, "params": {"k_pid_pos": [1.8648664951324463, 0.0184878408908844, 0.0], "k_pid_alt": [1.9333877563476562, 0.00714603066444397, 0.8880566358566284], "k_pid_att": [97.66890716552734, 0.13668029010295868, 0.9097360372543335], "k_pid_yaw": [0.5, 1e-06, 0.1], "k_pid_hsp": [9.262833595275879, 0.9623076319694519, 0.0027729272842407227], "k_pid_vsp": [400.0, 376.1943359375, 2.45571231842041]}, "datetime": {"datetime": "2025-08-20 21:23:27", "elapsed": 34262.34943008423, "delta": 16.157280206680298}, "costs": {"total_cost": 209.93051094891652, "time_cost": 69.60000000000001, "final_distance_cost": 1.7832072280673448, "oscillation_cost": 63.80138354871946, "completition_cost": 0.0, "overshoot_cost": 50.32859483173005, "power_cost": 12.92526033935547, "noise_cost": 11.492065001044187, "n_waypoints_completed": 9, "tot_waypoints": 9}}
{"target": -208.35763063416616, "params": {"k_pid_pos": [1.9629855155944824, 0.08990487456321716, 0.0], "k_pid_alt": [1.9814693927764893, 0.03430145978927612, 0.9765278697013855], "k_pid_att": [91.21942138671875, 0.2534446120262146, 0.976980447769165], "k_pid_yaw": [0.5, 1e-06, 0.1], "k_pid_hsp": [9.953577041625977, 0.9377360939979553, 0.005498647689819336], "k_pid_vsp": [400.0, 390.318115234375, 28.995420455932617]}, "datetime": {"datetime": "2025-08-20 21:23:43", "elapsed": 34278.00928592682, "delta": 15.659855842590332}, "costs": {"total_cost": 208.35763063416616, "time_cost": 69.752, "final_distance_cost": 1.7475892907909099, "oscillation_cost": 63.84119489071474, "completition_cost": 0.0, "overshoot_cost": 50.44661029102772, "power_cost": 12.32973055419922, "noise_cost": 10.240505607433564, "n_waypoints_completed": 9, "tot_waypoints": 9}}
