{"target": -230.5410904009204, "params": {"k_pid_pos": [1.9737719297409058, 0.11831945180892944, 0.0], "k_pid_alt": [1.9073823690414429, 0.027070671319961548, 0.9933772087097168], "k_pid_att": [98.70390319824219, 0.8476278781890869, 0.961789608001709], "k_pid_yaw": [0.5, 1e-06, 0.1], "k_pid_hsp": [9.415719032287598, 0.9906095266342163, 0.059961289167404175], "k_pid_vsp": [399.9760437011719, 362.2454528808594, 2.243305206298828]}, "datetime": {"datetime": "2025-08-20 15:21:26", "elapsed": 12540.686783790588, "delta": 16.030823945999146}, "costs": {"total_cost": 230.5410904009204, "time_cost": 69.96000000000001, "final_distance_cost": 1.7788445887289923, "oscillation_cost": 83.712318102496, "completition_cost": 0.0, "overshoot_cost": 50.40519231970574, "power_cost": 13.141302355957032, "noise_cost": 11.543433034032644, "n_waypoints_completed": 9, "tot_waypoints": 9}}
{"target": -268.0580483898126, "params": {"k_pid_pos": [1.96522057056427, 0.20449352264404297, 0.10072588920593262], "k_pid_alt": [1.9746952056884766, 0.09614670276641846, 0.9965339303016663], "k_pid_att": [98.23181915283203, 0.7004693150520325, 0.8460726737976074], "k_pid_yaw": [0.5, 1e-06, 0.1], "k_pid_hsp": [7.34810733795166, 0.7760285139083862, 0.03165632486343384], "k_pid_vsp": [400.0, 384.53802490234375, 2.536405086517334]}, "datetime": {"datetime": "2025-08-20 15:21:49", "elapsed": 12564.171192646027, "delta": 23.484408855438232}, "costs": {"total_cost": 268.0580483898126, "time_cost": 97.392, "final_distance_cost": 1.7743804478277405, "oscillation_cost": 83.8734156426086, "completition_cost": 0.0, "overshoot_cost": 52.07488569740856, "power_cost": 17.6259, "noise_cost": 15.317466601967709, "n_waypoints_completed": 9, "tot_waypoints": 9}}
{"target": -231.59881776977412, "params": {"k_pid_pos": [1.92415452003479, 0.07532784342765808, 0.3332561254501343], "k_pid_alt": [1.8211452960968018, 0.0760892927646637, 0.563755214214325], "k_pid_att": [97.16313171386719, 0.18741615116596222, 0.9165531992912292], "k_pid_yaw": [0.5, 1e-06, 0.1], "k_pid_hsp": [9.245014190673828, 0.9894963502883911, 0.006395101547241211], "k_pid_vsp": [399.99993896484375, 374.1686706542969, 14.183915138244629]}, "datetime": {"datetime": "2025-08-20 15:22:08", "elapsed": 12582.572061300278, "delta": 18.4008686542511}, "costs": {"total_cost": 231.59881776977412, "time_cost": 80.376, "final_distance_cost": 1.7984742341594213, "oscillation_cost": 70.7966039190712, "completition_cost": 0.0, "overshoot_cost": 51.62935522179547, "power_cost": 14.714038488769532, "noise_cost": 12.284345905978492, "n_waypoints_completed": 9, "tot_waypoints": 9}}
{"target": -322.07853784712046, "params": {"k_pid_pos": [1.9747813940048218, 0.078494131565094, 0.011096835136413574], "k_pid_alt": [1.2061554193496704, 0.02195855975151062, 0.9485330581665039], "k_pid_att": [93.88233184814453, 2.095886707305908, 0.9307332634925842], "k_pid_yaw": [0.5, 1e-06, 0.1], "k_pid_hsp": [9.167889595031738, 0.9102414846420288, 0.1616021990776062], "k_pid_vsp": [192.2118377685547, 384.66168212890625, 63.32998275756836]}, "datetime": {"datetime": "2025-08-20 15:22:26", "elapsed": 12601.106410503387, "delta": 18.53434920310974}, "costs": {"total_cost": 322.07853784712046, "time_cost": 73.872, "final_distance_cost": 1.7507206824762571, "oscillation_cost": 170.78462952481036, "completition_cost": 0.0, "overshoot_cost": 49.6773309282201, "power_cost": 14.448194750976564, "noise_cost": 11.54566196063726, "n_waypoints_completed": 9, "tot_waypoints": 9}}
{"target": -466.48213613804705, "params": {"k_pid_pos": [1.919113039970398, 0.033823877573013306, 0.0], "k_pid_alt": [1.3811171054840088, 0.13074368238449097, 0.8918247222900391], "k_pid_att": [99.09305572509766, 0.7933706045150757, 0.9082223176956177], "k_pid_yaw": [0.5, 1e-06, 0.1], "k_pid_hsp": [9.208526611328125, 0.8975378274917603, 0.02373597025871277], "k_pid_vsp": [400.0, 393.91046142578125, 16.653968811035156]}, "datetime": {"datetime": "2025-08-20 15:22:51", "elapsed": 12625.590826511383, "delta": 24.484416007995605}, "costs": {"total_cost": 466.48213613804705, "time_cost": 150, "final_distance_cost": 36.08126615777433, "oscillation_cost": 86.91046775208336, "completition_cost": 111.11111111111116, "overshoot_cost": 50.89504873411863, "power_cost": 17.54941022949219, "noise_cost": 13.934832153467354, "n_waypoints_completed": 8, "tot_waypoints": 9}}
{"target": -286.5885944467989, "params": {"k_pid_pos": [1.525131106376648, 0.021237432956695557, 0.0], "k_pid_alt": [1.0629706382751465, 0.0737905502319336, 0.5883262157440186], "k_pid_att": [85.70891571044922, 1.2181206941604614, 0.9595540761947632], "k_pid_yaw": [0.5, 1e-06, 0.1], "k_pid_hsp": [9.92983627319336, 0.9848588109016418, 0.08566290140151978], "k_pid_vsp": [63.91181945800781, 210.11398315429688, 36.60126876831055]}, "datetime": {"datetime": "2025-08-20 15:23:11", "elapsed": 12646.05877327919, "delta": 20.467946767807007}, "costs": {"total_cost": 286.5885944467989, "time_cost": 87.288, "final_distance_cost": 1.7735522644138217, "oscillation_cost": 112.39020816959525, "completition_cost": 0.0, "overshoot_cost": 51.81263420235443, "power_cost": 18.722496643066407, "noise_cost": 14.601703167368969, "n_waypoints_completed": 9, "tot_waypoints": 9}}
{"target": -224.8480631674388, "params": {"k_pid_pos": [1.653788685798645, 0.008113592863082886, 0.0], "k_pid_alt": [1.7533568143844604, 0.05847695469856262, 0.9725478887557983], "k_pid_att": [97.44918060302734, 0.3324449956417084, 0.9498260617256165], "k_pid_yaw": [0.5, 1e-06, 0.1], "k_pid_hsp": [9.266202926635742, 0.9973235130310059, 0.04227787256240845], "k_pid_vsp": [400.0, 388.51080322265625, 49.57606887817383]}, "datetime": {"datetime": "2025-08-20 15:23:28", "elapsed": 12663.392778396606, "delta": 17.334005117416382}, "costs": {"total_cost": 224.8480631674388, "time_cost": 72.768, "final_distance_cost": 1.7749115202242822, "oscillation_cost": 73.15270044030346, "completition_cost": 0.0, "overshoot_cost": 51.28827318234597, "power_cost": 14.24649666748047, "noise_cost": 11.617681357084628, "n_waypoints_completed": 9, "tot_waypoints": 9}}
{"target": -200.00073731145588, "params": {"k_pid_pos": [1.8288331031799316, 0.02245202660560608, 0.8514052629470825], "k_pid_alt": [1.6187245845794678, 0.0388931930065155, 0.9894307851791382], "k_pid_att": [97.60523986816406, 0.5047716498374939, 0.9970598220825195], "k_pid_yaw": [0.5, 1e-06, 0.1], "k_pid_hsp": [7.31127405166626, 0.9684269428253174, 0.006622314453125], "k_pid_vsp": [397.6380310058594, 366.8931579589844, 22.455419540405273]}, "datetime": {"datetime": "2025-08-20 15:23:44", "elapsed": 12679.293538331985, "delta": 15.900759935379028}, "costs": {"total_cost": 200.00073731145588, "time_cost": 69.752, "final_distance_cost": 1.8498153076391872, "oscillation_cost": 53.826973844150665, "completition_cost": 0.0, "overshoot_cost": 49.73582961821584, "power_cost": 13.539123083496094, "noise_cost": 11.29699545795409, "n_waypoints_completed": 9, "tot_waypoints": 9}}
{"target": -278.94320372427825, "params": {"k_pid_pos": [1.9848004579544067, 0.0892060399055481, 0.00022214651107788086], "k_pid_alt": [1.933052659034729, 0.020298868417739868, 0.5477211475372314], "k_pid_att": [95.49354553222656, 0.1602584570646286, 0.9218149781227112], "k_pid_yaw": [0.5, 1e-06, 0.1], "k_pid_hsp": [9.782687187194824, 0.7169054746627808, 0.22093772888183594], "k_pid_vsp": [371.71026611328125, 398.95416259765625, 10.068059921264648]}, "datetime": {"datetime": "2025-08-20 15:24:00", "elapsed": 12695.277939796448, "delta": 15.98440146446228}, "costs": {"total_cost": 278.94320372427825, "time_cost": 69.16, "final_distance_cost": 1.7585213012205705, "oscillation_cost": 130.5104094253963, "completition_cost": 0.0, "overshoot_cost": 50.271311698964226, "power_cost": 14.896921704101564, "noise_cost": 12.346039594595625, "n_waypoints_completed": 9, "tot_waypoints": 9}}
{"target": -347.7753470391847, "params": {"k_pid_pos": [1.881014108657837, 0.03562474250793457, 0.0], "k_pid_alt": [1.9247653484344482, 0.07097160816192627, 0.9628010392189026], "k_pid_att": [98.31875610351562, 1.0687401294708252, 0.8698002696037292], "k_pid_yaw": [0.5, 1e-06, 0.1], "k_pid_hsp": [6.342216968536377, 0.844917356967926, 0.18300706148147583], "k_pid_vsp": [34.92772674560547, 392.80047607421875, 34.487937927246094]}, "datetime": {"datetime": "2025-08-20 15:24:19", "elapsed": 12714.351389408112, "delta": 19.07344961166382}, "costs": {"total_cost": 347.7753470391847, "time_cost": 84.8, "final_distance_cost": 1.7762855903965598, "oscillation_cost": 173.08782447293, "completition_cost": 0.0, "overshoot_cost": 53.037012855437496, "power_cost": 19.978266357421877, "noise_cost": 15.095957762998705, "n_waypoints_completed": 9, "tot_waypoints": 9}}
{"target": -448.2626517621304, "params": {"k_pid_pos": [1.7077670097351074, 0.09314119815826416, 0.9968066811561584], "k_pid_alt": [1.2402007579803467, 0.08616936206817627, 0.9825273752212524], "k_pid_att": [97.85005187988281, 1.9271248579025269, 0.6900737881660461], "k_pid_yaw": [0.5, 1e-06, 0.1], "k_pid_hsp": [7.268723011016846, 0.9064255952835083, 0.13357198238372803], "k_pid_vsp": [400.0, 332.5816650390625, 191.67898559570312]}, "datetime": {"datetime": "2025-08-20 15:24:40", "elapsed": 12735.312967777252, "delta": 20.961578369140625}, "costs": {"total_cost": 448.2626517621304, "time_cost": 87.808, "final_distance_cost": 1.7898150308601284, "oscillation_cost": 273.72500116274375, "completition_cost": 0.0, "overshoot_cost": 51.29255050716583, "power_cost": 18.955385876464845, "noise_cost": 14.691899184895794, "n_waypoints_completed": 9, "tot_waypoints": 9}}
{"target": -345.1929633876475, "params": {"k_pid_pos": [0.548704206943512, 0.01908925175666809, 0.0], "k_pid_alt": [1.959481954574585, 0.04719051718711853, 0.9786332845687866], "k_pid_att": [95.3626937866211, 0.1797334849834442, 0.9889154434204102], "k_pid_yaw": [0.5, 1e-06, 0.1], "k_pid_hsp": [9.848798751831055, 0.9542257785797119, 0.08912721276283264], "k_pid_vsp": [0.0, 370.1601867675781, 21.562732696533203]}, "datetime": {"datetime": "2025-08-20 15:25:01", "elapsed": 12756.284635782242, "delta": 20.971668004989624}, "costs": {"total_cost": 345.1929633876475, "time_cost": 80.696, "final_distance_cost": 1.8378212683869175, "oscillation_cost": 178.95558770551932, "completition_cost": 0.0, "overshoot_cost": 53.31532409115496, "power_cost": 16.919455639648437, "noise_cost": 13.468774682937891, "n_waypoints_completed": 9, "tot_waypoints": 9}}
{"target": -264.5502716264039, "params": {"k_pid_pos": [1.5901252031326294, 0.12251457571983337, 0.9992105960845947], "k_pid_alt": [1.8768202066421509, 0.13877737522125244, 0.8520413637161255], "k_pid_att": [99.30127716064453, 0.36884191632270813, 0.9104006290435791], "k_pid_yaw": [0.5, 1e-06, 0.1], "k_pid_hsp": [6.6158623695373535, 0.94477379322052, 0.029050886631011963], "k_pid_vsp": [400.0, 352.8326110839844, 18.357315063476562]}, "datetime": {"datetime": "2025-08-20 15:25:22", "elapsed": 12777.481803894043, "delta": 21.197168111801147}, "costs": {"total_cost": 264.5502716264039, "time_cost": 86.12, "final_distance_cost": 1.797299338763162, "oscillation_cost": 95.44777677826073, "completition_cost": 0.0, "overshoot_cost": 50.79282058777586, "power_cost": 16.76744567871094, "noise_cost": 13.624929242893193, "n_waypoints_completed": 9, "tot_waypoints": 9}}
{"target": -229.34010715358443, "params": {"k_pid_pos": [1.8623477220535278, 0.19642195105552673, 4.76837158203125e-07], "k_pid_alt": [1.8706388473510742, 0.009401768445968628, 0.7193018198013306], "k_pid_att": [73.68399810791016, 0.23622024059295654, 0.9860497713088989], "k_pid_yaw": [0.5, 1e-06, 0.1], "k_pid_hsp": [8.661726951599121, 0.976004958152771, 0.10257294774055481], "k_pid_vsp": [400.0, 395.3023986816406, 17.103816986083984]}, "datetime": {"datetime": "2025-08-20 15:25:38", "elapsed": 12793.149193048477, "delta": 15.667389154434204}, "costs": {"total_cost": 229.34010715358443, "time_cost": 69.888, "final_distance_cost": 1.7208284743368463, "oscillation_cost": 83.98243440860338, "completition_cost": 0.0, "overshoot_cost": 50.091480278153014, "power_cost": 12.723571850585937, "noise_cost": 10.93379214190527, "n_waypoints_completed": 9, "tot_waypoints": 9}}
{"target": -236.0434161504698, "params": {"k_pid_pos": [1.9723525047302246, 0.016954690217971802, 0.10849925875663757], "k_pid_alt": [1.471276044845581, 0.052883028984069824, 0.8668679594993591], "k_pid_att": [97.84921264648438, 0.4547423720359802, 0.8427922129631042], "k_pid_yaw": [0.5, 1e-06, 0.1], "k_pid_hsp": [8.934915542602539, 0.9871191382408142, 0.01754361391067505], "k_pid_vsp": [400.0, 397.2012023925781, 53.59529113769531]}, "datetime": {"datetime": "2025-08-20 15:25:55", "elapsed": 12810.350101470947, "delta": 17.200908422470093}, "costs": {"total_cost": 236.0434161504698, "time_cost": 73.368, "final_distance_cost": 1.7890909581254815, "oscillation_cost": 79.98641284894639, "completition_cost": 0.0, "overshoot_cost": 51.48936071206137, "power_cost": 16.656430297851564, "noise_cost": 12.754121333485024, "n_waypoints_completed": 9, "tot_waypoints": 9}}
{"target": -215.7628434648, "params": {"k_pid_pos": [1.9709680080413818, 0.04513359069824219, 3.820657730102539e-05], "k_pid_alt": [1.9540331363677979, 0.0018373727798461914, 0.9213427901268005], "k_pid_att": [97.39750671386719, 1.1942596435546875, 0.976411759853363], "k_pid_yaw": [0.5, 1e-06, 0.1], "k_pid_hsp": [9.448628425598145, 0.9781656861305237, 0.046804606914520264], "k_pid_vsp": [400.0, 384.3409118652344, 10.12160873413086]}, "datetime": {"datetime": "2025-08-20 15:26:12", "elapsed": 12826.734409332275, "delta": 16.384307861328125}, "costs": {"total_cost": 215.7628434648, "time_cost": 69.608, "final_distance_cost": 1.7815084192536637, "oscillation_cost": 70.44739769500352, "completition_cost": 0.0, "overshoot_cost": 49.75227386794406, "power_cost": 12.922024523925781, "noise_cost": 11.251638958672933, "n_waypoints_completed": 9, "tot_waypoints": 9}}
{"target": -304.3614519832592, "params": {"k_pid_pos": [1.9094218015670776, 0.04728558659553528, 0.24594002962112427], "k_pid_alt": [1.6236605644226074, 0.17386546730995178, 0.7142517566680908], "k_pid_att": [99.38575744628906, 0.08799481391906738, 0.7740190029144287], "k_pid_yaw": [0.5, 1e-06, 0.1], "k_pid_hsp": [9.000862121582031, 0.9710174798965454, 0.10770127177238464], "k_pid_vsp": [393.13916015625, 388.7427673339844, 11.128140449523926]}, "datetime": {"datetime": "2025-08-20 15:26:32", "elapsed": 12847.085005760193, "delta": 20.35059642791748}, "costs": {"total_cost": 304.3614519832592, "time_cost": 83.808, "final_distance_cost": 1.7839151939280518, "oscillation_cost": 135.5753907682578, "completition_cost": 0.0, "overshoot_cost": 51.42697079519904, "power_cost": 17.56197939453125, "noise_cost": 14.205195831343103, "n_waypoints_completed": 9, "tot_waypoints": 9}}
{"target": -292.77529968294516, "params": {"k_pid_pos": [1.777015209197998, 0.038686603307724, 2.1457672119140625e-06], "k_pid_alt": [1.90261709690094, 0.12566816806793213, 0.9773346781730652], "k_pid_att": [89.30229187011719, 0.3459700644016266, 0.9353690147399902], "k_pid_yaw": [0.5, 1e-06, 0.1], "k_pid_hsp": [9.664752960205078, 0.9786808490753174, 0.02575799822807312], "k_pid_vsp": [0.0023484230041503906, 362.32257080078125, 10.352171897888184]}, "datetime": {"datetime": "2025-08-20 15:26:56", "elapsed": 12871.436290502548, "delta": 24.351284742355347}, "costs": {"total_cost": 292.77529968294516, "time_cost": 94.904, "final_distance_cost": 1.7140398512607573, "oscillation_cost": 106.46318034288436, "completition_cost": 0.0, "overshoot_cost": 56.02046035108408, "power_cost": 19.748989453125002, "noise_cost": 13.924629684591034, "n_waypoints_completed": 9, "tot_waypoints": 9}}
{"target": -270.26394415855657, "params": {"k_pid_pos": [1.9657611846923828, 0.041617393493652344, 0.05599212646484375], "k_pid_alt": [1.758986473083496, 0.09693890810012817, 0.9902904033660889], "k_pid_att": [97.74114227294922, 0.8416483998298645, 0.9863473176956177], "k_pid_yaw": [0.5, 1e-06, 0.1], "k_pid_hsp": [6.803689002990723, 0.678851842880249, 0.040347158908843994], "k_pid_vsp": [69.42994689941406, 356.7205505371094, 4.745090961456299]}, "datetime": {"datetime": "2025-08-20 15:27:20", "elapsed": 12894.938130140305, "delta": 23.501839637756348}, "costs": {"total_cost": 270.26394415855657, "time_cost": 98.34400000000001, "final_distance_cost": 1.7975200721443125, "oscillation_cost": 84.95948742692458, "completition_cost": 0.0, "overshoot_cost": 51.57790951639874, "power_cost": 18.1154845703125, "noise_cost": 15.469542572776428, "n_waypoints_completed": 9, "tot_waypoints": 9}}
{"target": -517.2498586479318, "params": {"k_pid_pos": [1.9184287786483765, 0.061426371335983276, 5.689263343811035e-05], "k_pid_alt": [0.9611038565635681, 0.037766098976135254, 0.9745716452598572], "k_pid_att": [94.72071838378906, 2.6008527278900146, 0.8999730944633484], "k_pid_yaw": [0.5, 1e-06, 0.1], "k_pid_hsp": [9.524469375610352, 0.9820523858070374, 0.11038774251937866], "k_pid_vsp": [0.0, 369.1756286621094, 6.0901055335998535]}, "datetime": {"datetime": "2025-08-20 15:27:45", "elapsed": 12919.772221326828, "delta": 24.834091186523438}, "costs": {"total_cost": 517.2498586479318, "time_cost": 150, "final_distance_cost": 8.766670535224437, "oscillation_cost": 154.1999927744681, "completition_cost": 111.11111111111116, "overshoot_cost": 59.070085529883656, "power_cost": 19.337587805175783, "noise_cost": 14.76441089206863, "n_waypoints_completed": 8, "tot_waypoints": 9}}
{"target": -437.314519533454, "params": {"k_pid_pos": [1.884611964225769, 0.03938838839530945, 3.898143768310547e-05], "k_pid_alt": [1.7465455532073975, 0.15794581174850464, 0.9333829283714294], "k_pid_att": [58.16915512084961, 0.23817972838878632, 0.9403385519981384], "k_pid_yaw": [0.5, 1e-06, 0.1], "k_pid_hsp": [8.25399398803711, 0.9023393392562866, 0.010152816772460938], "k_pid_vsp": [369.29339599609375, 394.18634033203125, 21.182205200195312]}, "datetime": {"datetime": "2025-08-20 15:28:09", "elapsed": 12943.696497678757, "delta": 23.92427635192871}, "costs": {"total_cost": 437.314519533454, "time_cost": 150, "final_distance_cost": 13.580771232864821, "oscillation_cost": 74.5276861157735, "completition_cost": 111.11111111111116, "overshoot_cost": 51.754325615278574, "power_cost": 20.940215136718752, "noise_cost": 15.400410321707225, "n_waypoints_completed": 8, "tot_waypoints": 9}}
{"target": -351.43186973054384, "params": {"k_pid_pos": [1.9497324228286743, 0.0581243634223938, 1.0], "k_pid_alt": [1.881351113319397, 0.00887995958328247, 0.987833559513092], "k_pid_att": [98.54533386230469, 0.41980844736099243, 0.9035778045654297], "k_pid_yaw": [0.5, 1e-06, 0.1], "k_pid_hsp": [9.796236991882324, 0.8628440499305725, 0.22240006923675537], "k_pid_vsp": [399.9999084472656, 388.4896240234375, 13.942278861999512]}, "datetime": {"datetime": "2025-08-20 15:28:27", "elapsed": 12962.041207075119, "delta": 18.344709396362305}, "costs": {"total_cost": 351.43186973054384, "time_cost": 74.648, "final_distance_cost": 1.8322476884388859, "oscillation_cost": 194.67079306460528, "completition_cost": 0.0, "overshoot_cost": 50.14202465837314, "power_cost": 16.57444528808594, "noise_cost": 13.564359031040553, "n_waypoints_completed": 9, "tot_waypoints": 9}}
{"target": -278.53070869127134, "params": {"k_pid_pos": [1.8842853307724, 0.05594819784164429, 0.9257878065109253], "k_pid_alt": [1.7629773616790771, 0.0375804603099823, 0.9276637434959412], "k_pid_att": [99.23908233642578, 0.6372058987617493, 0.9718444347381592], "k_pid_yaw": [0.5, 1e-06, 0.1], "k_pid_hsp": [9.957090377807617, 0.9583497643470764, 0.0031446516513824463], "k_pid_vsp": [0.0, 339.7012939453125, 2.8831849098205566]}, "datetime": {"datetime": "2025-08-20 15:28:46", "elapsed": 12981.2920627594, "delta": 19.250855684280396}, "costs": {"total_cost": 278.53070869127134, "time_cost": 77.864, "final_distance_cost": 1.6959720653655115, "oscillation_cost": 117.28825417240105, "completition_cost": 0.0, "overshoot_cost": 52.836480500427946, "power_cost": 16.62125378417969, "noise_cost": 12.224748168897111, "n_waypoints_completed": 9, "tot_waypoints": 9}}
{"target": -225.64044174438206, "params": {"k_pid_pos": [1.7699811458587646, 0.1556645929813385, 1.4603137969970703e-06], "k_pid_alt": [1.8875653743743896, 0.022821635007858276, 0.8277156949043274], "k_pid_att": [84.13028717041016, 0.8350037336349487, 0.7294443249702454], "k_pid_yaw": [0.5, 1e-06, 0.1], "k_pid_hsp": [9.955368995666504, 0.8205569386482239, 0.038221657276153564], "k_pid_vsp": [399.9385070800781, 398.1756286621094, 62.260101318359375]}, "datetime": {"datetime": "2025-08-20 15:29:02", "elapsed": 12997.275868177414, "delta": 15.983805418014526}, "costs": {"total_cost": 225.64044174438206, "time_cost": 69.032, "final_distance_cost": 1.714155888100157, "oscillation_cost": 80.13271653831454, "completition_cost": 0.0, "overshoot_cost": 49.52214294500722, "power_cost": 13.949630432128908, "noise_cost": 11.289795940831233, "n_waypoints_completed": 9, "tot_waypoints": 9}}
{"target": -214.78728472082344, "params": {"k_pid_pos": [1.7964580059051514, 0.12211629748344421, 0.0], "k_pid_alt": [1.8915040493011475, 0.029202133417129517, 0.9338080286979675], "k_pid_att": [91.22639465332031, 0.472212016582489, 0.983380913734436], "k_pid_yaw": [0.5, 1e-06, 0.1], "k_pid_hsp": [8.822794914245605, 0.704567015171051, 0.0220431387424469], "k_pid_vsp": [400.0, 351.89910888671875, 2.951134204864502]}, "datetime": {"datetime": "2025-08-20 15:29:19", "elapsed": 13014.44369149208, "delta": 17.167823314666748}, "costs": {"total_cost": 214.78728472082344, "time_cost": 69.688, "final_distance_cost": 1.767654720903554, "oscillation_cost": 68.58324838442212, "completition_cost": 0.0, "overshoot_cost": 50.60623151131612, "power_cost": 12.768177355957032, "noise_cost": 11.37397274822461, "n_waypoints_completed": 9, "tot_waypoints": 9}}
