{"target": -224.3108518765787, "params": {"k_pid_pos": [1.8341093063354492, 0.009292423725128174, 0.0], "k_pid_alt": [1.3604412078857422, 0.006969332695007324, 0.941520631313324], "k_pid_att": [98.58748626708984, 1.4989224672317505, 0.9937304258346558], "k_pid_yaw": [0.5, 1e-06, 0.1], "k_pid_hsp": [9.823491096496582, 0.9799187779426575, 0.05185294151306152], "k_pid_vsp": [400.0, 255.9567413330078, 16.783048629760742]}, "datetime": {"datetime": "2025-08-20 18:01:10", "elapsed": 22125.021797657013, "delta": 16.12335443496704}, "costs": {"total_cost": 224.3108518765787, "time_cost": 70.696, "final_distance_cost": 1.8075806055854067, "oscillation_cost": 76.59220287956515, "completition_cost": 0.0, "overshoot_cost": 50.07924912800152, "power_cost": 13.923672607421876, "noise_cost": 11.212146656004773, "n_waypoints_completed": 9, "tot_waypoints": 9}}
{"target": -241.7674655518604, "params": {"k_pid_pos": [1.9377689361572266, 0.058155447244644165, 0.0], "k_pid_alt": [1.9408228397369385, 0.07026571035385132, 0.8469966650009155], "k_pid_att": [89.15984344482422, 0.039619870483875275, 0.9106330871582031], "k_pid_yaw": [0.5, 1e-06, 0.1], "k_pid_hsp": [9.87747573852539, 0.9785430431365967, 0.02808511257171631], "k_pid_vsp": [399.9987487792969, 398.1332092285156, 11.39736270904541]}, "datetime": {"datetime": "2025-08-20 18:01:27", "elapsed": 22142.385109186172, "delta": 17.363311529159546}, "costs": {"total_cost": 241.7674655518604, "time_cost": 81.112, "final_distance_cost": 1.771529071805492, "oscillation_cost": 74.94474492029124, "completition_cost": 0.0, "overshoot_cost": 52.55879044158388, "power_cost": 17.434741882324218, "noise_cost": 13.945659235855564, "n_waypoints_completed": 9, "tot_waypoints": 9}}
{"target": -219.54012135708467, "params": {"k_pid_pos": [1.9457082748413086, 0.007337659597396851, 1.4603137969970703e-06], "k_pid_alt": [1.9505951404571533, 0.033733367919921875, 0.9235149621963501], "k_pid_att": [95.88813781738281, 0.0623561330139637, 0.9550793170928955], "k_pid_yaw": [0.5, 1e-06, 0.1], "k_pid_hsp": [9.837388038635254, 0.9731090068817139, 0.03575602173805237], "k_pid_vsp": [399.9985656738281, 391.5963134765625, 33.70517349243164]}, "datetime": {"datetime": "2025-08-20 18:01:44", "elapsed": 22158.6722843647, "delta": 16.287175178527832}, "costs": {"total_cost": 219.54012135708467, "time_cost": 69.208, "final_distance_cost": 1.7827649280755593, "oscillation_cost": 73.93078172055166, "completition_cost": 0.0, "overshoot_cost": 50.13888894303697, "power_cost": 13.446433422851563, "noise_cost": 11.033252342568936, "n_waypoints_completed": 9, "tot_waypoints": 9}}
{"target": -223.5371188492451, "params": {"k_pid_pos": [1.991093397140503, 0.07466930150985718, 3.153085708618164e-05], "k_pid_alt": [1.9244887828826904, 0.04038393497467041, 0.9668399095535278], "k_pid_att": [98.93658447265625, 0.14022554457187653, 0.9793576002120972], "k_pid_yaw": [0.5, 1e-06, 0.1], "k_pid_hsp": [8.322566986083984, 0.932366669178009, 0.09708228707313538], "k_pid_vsp": [400.0, 355.0840759277344, 4.802859783172607]}, "datetime": {"datetime": "2025-08-20 18:02:00", "elapsed": 22174.72778224945, "delta": 16.055497884750366}, "costs": {"total_cost": 223.5371188492451, "time_cost": 69.72, "final_distance_cost": 1.7141337174223914, "oscillation_cost": 76.54729635503497, "completition_cost": 0.0, "overshoot_cost": 50.411499885500724, "power_cost": 13.406004565429688, "noise_cost": 11.738184325857329, "n_waypoints_completed": 9, "tot_waypoints": 9}}
{"target": -259.3739002372887, "params": {"k_pid_pos": [1.9309873580932617, 0.013226181268692017, 0.0], "k_pid_alt": [1.9817557334899902, 0.08691215515136719, 0.9653583765029907], "k_pid_att": [97.6327133178711, 1.0234347581863403, 0.984509289264679], "k_pid_yaw": [0.5, 1e-06, 0.1], "k_pid_hsp": [9.79893684387207, 0.9865236282348633, 0.049786150455474854], "k_pid_vsp": [400.0, 382.85693359375, 23.97132110595703]}, "datetime": {"datetime": "2025-08-20 18:02:17", "elapsed": 22192.29888677597, "delta": 17.571104526519775}, "costs": {"total_cost": 259.3739002372887, "time_cost": 81.70400000000001, "final_distance_cost": 1.799249301773839, "oscillation_cost": 92.55281913167293, "completition_cost": 0.0, "overshoot_cost": 52.37050852107881, "power_cost": 17.39140212402344, "noise_cost": 13.55592115873964, "n_waypoints_completed": 9, "tot_waypoints": 9}}
{"target": -226.09208905657079, "params": {"k_pid_pos": [1.967971682548523, 0.10674715042114258, 5.3822994232177734e-05], "k_pid_alt": [1.962228775024414, 0.019706904888153076, 0.9933921098709106], "k_pid_att": [99.59225463867188, 0.1628226339817047, 0.9745694994926453], "k_pid_yaw": [0.5, 1e-06, 0.1], "k_pid_hsp": [9.617446899414062, 0.9659528732299805, 0.03249555826187134], "k_pid_vsp": [400.0, 398.9629211425781, 26.60835075378418]}, "datetime": {"datetime": "2025-08-20 18:02:34", "elapsed": 22208.682575941086, "delta": 16.383689165115356}, "costs": {"total_cost": 226.09208905657079, "time_cost": 69.872, "final_distance_cost": 1.7549657447931517, "oscillation_cost": 73.8807742487326, "completition_cost": 0.0, "overshoot_cost": 50.50593631796187, "power_cost": 17.19187839355469, "noise_cost": 12.886534351528427, "n_waypoints_completed": 9, "tot_waypoints": 9}}
{"target": -228.82576562259084, "params": {"k_pid_pos": [1.9782990217208862, 0.031577348709106445, 8.109211921691895e-05], "k_pid_alt": [1.7478680610656738, 0.029703855514526367, 0.9794772863388062], "k_pid_att": [98.64546203613281, 0.12987887859344482, 0.9904922246932983], "k_pid_yaw": [0.5, 1e-06, 0.1], "k_pid_hsp": [9.7568998336792, 0.9822890758514404, 0.05942237377166748], "k_pid_vsp": [400.0, 395.6024169921875, 25.005104064941406]}, "datetime": {"datetime": "2025-08-20 18:02:50", "elapsed": 22224.924198150635, "delta": 16.24162220954895}, "costs": {"total_cost": 228.82576562259084, "time_cost": 69.56, "final_distance_cost": 1.7357080964941662, "oscillation_cost": 78.57789024592957, "completition_cost": 0.0, "overshoot_cost": 50.46352293448945, "power_cost": 16.076923767089845, "noise_cost": 12.411720578587783, "n_waypoints_completed": 9, "tot_waypoints": 9}}
{"target": -535.9295607542856, "params": {"k_pid_pos": [1.9808480739593506, 0.037264347076416016, 1.4901161193847656e-07], "k_pid_alt": [1.7769441604614258, 0.24953815340995789, 0.9875390529632568], "k_pid_att": [94.04718017578125, 0.31757259368896484, 0.9842723608016968], "k_pid_yaw": [0.5, 1e-06, 0.1], "k_pid_hsp": [8.262495994567871, 0.9706704616546631, 0.14491227269172668], "k_pid_vsp": [400.0, 393.03045654296875, 11.148823738098145]}, "datetime": {"datetime": "2025-08-20 18:03:12", "elapsed": 22247.23561358452, "delta": 22.311415433883667}, "costs": {"total_cost": 535.9295607542856, "time_cost": 150, "final_distance_cost": 14.311844028302291, "oscillation_cost": 171.2062049491049, "completition_cost": 111.11111111111116, "overshoot_cost": 52.014174251184386, "power_cost": 20.929496215820315, "noise_cost": 16.356730198762637, "n_waypoints_completed": 8, "tot_waypoints": 9}}
{"target": -216.26022407703704, "params": {"k_pid_pos": [1.98138427734375, 0.004013031721115112, 0.0], "k_pid_alt": [1.9621596336364746, 0.0186007022857666, 0.9972724914550781], "k_pid_att": [98.99080657958984, 1.7635388374328613, 0.9922767281532288], "k_pid_yaw": [0.5, 1e-06, 0.1], "k_pid_hsp": [8.725603103637695, 0.9787615537643433, 0.03857085108757019], "k_pid_vsp": [400.0, 362.4017333984375, 21.278324127197266]}, "datetime": {"datetime": "2025-08-20 18:03:28", "elapsed": 22262.68677020073, "delta": 15.451156616210938}, "costs": {"total_cost": 216.26022407703704, "time_cost": 69.456, "final_distance_cost": 1.7725673635572667, "oscillation_cost": 68.77900261421348, "completition_cost": 0.0, "overshoot_cost": 50.62996107346945, "power_cost": 14.080597924804689, "noise_cost": 11.542095100992148, "n_waypoints_completed": 9, "tot_waypoints": 9}}
{"target": -242.16722493234013, "params": {"k_pid_pos": [1.9833521842956543, 0.12181925773620605, 2.9802322387695312e-08], "k_pid_alt": [1.9827980995178223, 0.07013243436813354, 0.9167360067367554], "k_pid_att": [96.11613464355469, 0.058934859931468964, 0.9668998718261719], "k_pid_yaw": [0.5, 1e-06, 0.1], "k_pid_hsp": [9.838096618652344, 0.9874926209449768, 0.01502770185470581], "k_pid_vsp": [62.18118667602539, 372.18328857421875, 14.926410675048828]}, "datetime": {"datetime": "2025-08-20 18:03:46", "elapsed": 22281.08167409897, "delta": 18.394903898239136}, "costs": {"total_cost": 242.16722493234013, "time_cost": 82.48, "final_distance_cost": 1.7747721626054345, "oscillation_cost": 68.5356076037199, "completition_cost": 0.0, "overshoot_cost": 53.94934449194666, "power_cost": 20.13095045166016, "noise_cost": 15.296550222408, "n_waypoints_completed": 9, "tot_waypoints": 9}}
{"target": -225.98158192860555, "params": {"k_pid_pos": [1.9806783199310303, 0.036054521799087524, 1.1920928955078125e-07], "k_pid_alt": [1.9325449466705322, 0.004613339900970459, 0.9880924224853516], "k_pid_att": [84.30748748779297, 0.09471606463193893, 0.9612220525741577], "k_pid_yaw": [0.5, 1e-06, 0.1], "k_pid_hsp": [9.686230659484863, 0.9926801919937134, 0.015749633312225342], "k_pid_vsp": [399.99993896484375, 396.47393798828125, 23.083248138427734]}, "datetime": {"datetime": "2025-08-20 18:04:01", "elapsed": 22296.357746601105, "delta": 15.27607250213623}, "costs": {"total_cost": 225.98158192860555, "time_cost": 69.84, "final_distance_cost": 1.7805645565063795, "oscillation_cost": 75.76433729128213, "completition_cost": 0.0, "overshoot_cost": 50.195228873541765, "power_cost": 15.997990466308595, "noise_cost": 12.403460740966674, "n_waypoints_completed": 9, "tot_waypoints": 9}}
{"target": -209.91674660708958, "params": {"k_pid_pos": [1.919473648071289, 0.007938504219055176, 0.0], "k_pid_alt": [1.8832216262817383, 0.01755884289741516, 0.8325833082199097], "k_pid_att": [94.21891784667969, 0.3875871002674103, 0.9816293716430664], "k_pid_yaw": [0.5, 1e-06, 0.1], "k_pid_hsp": [9.336160659790039, 0.9834238886833191, 0.026587069034576416], "k_pid_vsp": [400.0, 355.29376220703125, 4.143930435180664]}, "datetime": {"datetime": "2025-08-20 18:04:17", "elapsed": 22311.99331998825, "delta": 15.635573387145996}, "costs": {"total_cost": 209.91674660708958, "time_cost": 69.536, "final_distance_cost": 1.7752281263548466, "oscillation_cost": 63.26533808950922, "completition_cost": 0.0, "overshoot_cost": 50.818486829468604, "power_cost": 13.051353637695312, "noise_cost": 11.470339924061598, "n_waypoints_completed": 9, "tot_waypoints": 9}}
{"target": -221.89881365715422, "params": {"k_pid_pos": [1.9582895040512085, 0.09540078043937683, 6.794929504394531e-06], "k_pid_alt": [1.4823662042617798, 0.01216036081314087, 0.9630256295204163], "k_pid_att": [94.77677154541016, 0.2221122682094574, 0.9760810136795044], "k_pid_yaw": [0.5, 1e-06, 0.1], "k_pid_hsp": [9.859262466430664, 0.9763119220733643, 0.023865580558776855], "k_pid_vsp": [400.0, 393.9618225097656, 11.698687553405762]}, "datetime": {"datetime": "2025-08-20 18:04:32", "elapsed": 22327.423009634018, "delta": 15.429689645767212}, "costs": {"total_cost": 221.89881365715422, "time_cost": 70.656, "final_distance_cost": 1.7871688298779917, "oscillation_cost": 69.6982708829943, "completition_cost": 0.0, "overshoot_cost": 50.416233667748514, "power_cost": 16.538729235839845, "noise_cost": 12.802411040693595, "n_waypoints_completed": 9, "tot_waypoints": 9}}
{"target": -241.49377541056475, "params": {"k_pid_pos": [1.8963080644607544, 0.06291359663009644, 0.0], "k_pid_alt": [1.935105800628662, 0.00396651029586792, 0.9104964733123779], "k_pid_att": [87.50918579101562, 0.18274646997451782, 0.9695888757705688], "k_pid_yaw": [0.5, 1e-06, 0.1], "k_pid_hsp": [9.304372787475586, 0.9730949401855469, 0.10168302059173584], "k_pid_vsp": [400.0, 375.0350341796875, 17.284109115600586]}, "datetime": {"datetime": "2025-08-20 18:04:48", "elapsed": 22343.201220989227, "delta": 15.77821135520935}, "costs": {"total_cost": 241.49377541056475, "time_cost": 69.696, "final_distance_cost": 1.7233144653700265, "oscillation_cost": 93.61477624679843, "completition_cost": 0.0, "overshoot_cost": 50.49169556400888, "power_cost": 14.285306506347657, "noise_cost": 11.682682628039766, "n_waypoints_completed": 9, "tot_waypoints": 9}}
{"target": -235.43333207160404, "params": {"k_pid_pos": [1.8008838891983032, 0.061838120222091675, 0.00020676851272583008], "k_pid_alt": [1.6282093524932861, 0.0053179264068603516, 0.8989171981811523], "k_pid_att": [96.9824447631836, 0.633926510810852, 0.9857082366943359], "k_pid_yaw": [0.5, 1e-06, 0.1], "k_pid_hsp": [9.318495750427246, 0.9949595928192139, 0.05336099863052368], "k_pid_vsp": [400.0, 381.5254821777344, 10.025120735168457]}, "datetime": {"datetime": "2025-08-20 18:05:04", "elapsed": 22359.014988660812, "delta": 15.813767671585083}, "costs": {"total_cost": 235.43333207160404, "time_cost": 69.776, "final_distance_cost": 1.7444012399894147, "oscillation_cost": 88.5172929673537, "completition_cost": 0.0, "overshoot_cost": 49.67871928903083, "power_cost": 13.92649881591797, "noise_cost": 11.790419759312117, "n_waypoints_completed": 9, "tot_waypoints": 9}}
{"target": -222.38998539946977, "params": {"k_pid_pos": [1.9533147811889648, 0.10457608103752136, 0.0], "k_pid_alt": [1.6894452571868896, 0.03355926275253296, 0.9887423515319824], "k_pid_att": [95.50234985351562, 0.1436888426542282, 0.9972890615463257], "k_pid_yaw": [0.5, 1e-06, 0.1], "k_pid_hsp": [9.866868019104004, 0.9516473412513733, 0.0515560507774353], "k_pid_vsp": [400.0, 361.6395568847656, 3.4251341819763184]}, "datetime": {"datetime": "2025-08-20 18:05:19", "elapsed": 22373.99468946457, "delta": 14.979700803756714}, "costs": {"total_cost": 222.38998539946977, "time_cost": 70.136, "final_distance_cost": 1.763829022003144, "oscillation_cost": 75.81933345943608, "completition_cost": 0.0, "overshoot_cost": 50.141292447652596, "power_cost": 13.005055615234376, "noise_cost": 11.524474855143552, "n_waypoints_completed": 9, "tot_waypoints": 9}}
{"target": -266.9450298532487, "params": {"k_pid_pos": [1.9203945398330688, 0.040192604064941406, 0.0], "k_pid_alt": [1.9815876483917236, 0.3548247516155243, 0.9910027384757996], "k_pid_att": [97.77115631103516, 0.10263088345527649, 0.9532666206359863], "k_pid_yaw": [0.5, 1e-06, 0.1], "k_pid_hsp": [9.128999710083008, 0.9805904626846313, 0.0018842816352844238], "k_pid_vsp": [399.9999694824219, 398.2291564941406, 42.11237335205078]}, "datetime": {"datetime": "2025-08-20 18:05:41", "elapsed": 22396.024607419968, "delta": 22.02991795539856}, "costs": {"total_cost": 266.9450298532487, "time_cost": 98.664, "final_distance_cost": 1.7593820016815633, "oscillation_cost": 78.72995561542912, "completition_cost": 0.0, "overshoot_cost": 52.50241090048547, "power_cost": 20.17154987792969, "noise_cost": 15.117731457722819, "n_waypoints_completed": 9, "tot_waypoints": 9}}
{"target": -263.2739807935975, "params": {"k_pid_pos": [1.9692180156707764, 0.056443214416503906, 7.748603820800781e-07], "k_pid_alt": [1.8622909784317017, 0.08478400111198425, 0.9823225736618042], "k_pid_att": [99.35354614257812, 0.391570121049881, 0.9713879823684692], "k_pid_yaw": [0.5, 1e-06, 0.1], "k_pid_hsp": [9.611735343933105, 0.9840292930603027, 0.028188079595565796], "k_pid_vsp": [399.99993896484375, 389.23602294921875, 10.610795974731445]}, "datetime": {"datetime": "2025-08-20 18:06:00", "elapsed": 22415.249029636383, "delta": 19.224422216415405}, "costs": {"total_cost": 263.2739807935975, "time_cost": 85.568, "final_distance_cost": 1.780182380006549, "oscillation_cost": 94.71571601478524, "completition_cost": 0.0, "overshoot_cost": 52.08987082797496, "power_cost": 15.711793286132814, "noise_cost": 13.408418284697932, "n_waypoints_completed": 9, "tot_waypoints": 9}}
{"target": -314.91792657129673, "params": {"k_pid_pos": [1.9614183902740479, 0.010835230350494385, 0.0], "k_pid_alt": [1.978238821029663, 0.03964191675186157, 0.9696813821792603], "k_pid_att": [99.38307189941406, 0.28437909483909607, 0.997124433517456], "k_pid_yaw": [0.5, 1e-06, 0.1], "k_pid_hsp": [7.061749458312988, 0.9298171997070312, 0.2972373962402344], "k_pid_vsp": [400.0, 391.6820068359375, 47.08631134033203]}, "datetime": {"datetime": "2025-08-20 18:06:15", "elapsed": 22430.47318792343, "delta": 15.22415828704834}, "costs": {"total_cost": 314.91792657129673, "time_cost": 69.52, "final_distance_cost": 1.7768687529805305, "oscillation_cost": 165.75137454373487, "completition_cost": 0.0, "overshoot_cost": 50.906851937527556, "power_cost": 15.100543554687501, "noise_cost": 11.862287782366288, "n_waypoints_completed": 9, "tot_waypoints": 9}}
{"target": -214.93741205026032, "params": {"k_pid_pos": [1.8810527324676514, 0.027884572744369507, 0.0], "k_pid_alt": [1.9786436557769775, 0.028644531965255737, 0.9113529920578003], "k_pid_att": [99.17001342773438, 0.5773521065711975, 0.953403651714325], "k_pid_yaw": [0.5, 1e-06, 0.1], "k_pid_hsp": [9.562033653259277, 0.9701894521713257, 0.04289945960044861], "k_pid_vsp": [400.0, 385.1795654296875, 7.752371788024902]}, "datetime": {"datetime": "2025-08-20 18:06:32", "elapsed": 22446.58402824402, "delta": 16.110840320587158}, "costs": {"total_cost": 214.93741205026032, "time_cost": 69.496, "final_distance_cost": 1.742046686879505, "oscillation_cost": 68.83529247057206, "completition_cost": 0.0, "overshoot_cost": 50.22507535067868, "power_cost": 13.08955145263672, "noise_cost": 11.549446089493367, "n_waypoints_completed": 9, "tot_waypoints": 9}}
{"target": -211.35101609419712, "params": {"k_pid_pos": [1.9900033473968506, 0.003933906555175781, 0.0], "k_pid_alt": [1.9941506385803223, 0.0076771080493927, 0.9147289991378784], "k_pid_att": [97.15836334228516, 0.3452223241329193, 0.9810763597488403], "k_pid_yaw": [0.5, 1e-06, 0.1], "k_pid_hsp": [9.7496976852417, 0.9836059808731079, 0.01788949966430664], "k_pid_vsp": [400.0, 280.8768615722656, 10.936738014221191]}, "datetime": {"datetime": "2025-08-20 18:06:47", "elapsed": 22462.306237220764, "delta": 15.722208976745605}, "costs": {"total_cost": 211.35101609419712, "time_cost": 69.47200000000001, "final_distance_cost": 1.7758042980681845, "oscillation_cost": 67.95158933744942, "completition_cost": 0.0, "overshoot_cost": 50.44751452039918, "power_cost": 11.482912280273439, "noise_cost": 10.221195658006916, "n_waypoints_completed": 9, "tot_waypoints": 9}}
{"target": -482.1008465820451, "params": {"k_pid_pos": [1.9349595308303833, 0.00472259521484375, 1.4901161193847656e-07], "k_pid_alt": [1.413879156112671, 0.14786916971206665, 0.9824272394180298], "k_pid_att": [95.86490631103516, 0.15159620344638824, 0.788576602935791], "k_pid_yaw": [0.5, 1e-06, 0.1], "k_pid_hsp": [9.6407470703125, 0.9917439222335815, 0.026383250951766968], "k_pid_vsp": [400.0, 391.1954040527344, 29.13785171508789]}, "datetime": {"datetime": "2025-08-20 18:07:09", "elapsed": 22484.378355026245, "delta": 22.072117805480957}, "costs": {"total_cost": 482.1008465820451, "time_cost": 150, "final_distance_cost": 22.228404635972073, "oscillation_cost": 110.29452265771873, "completition_cost": 111.11111111111116, "overshoot_cost": 51.44522966629511, "power_cost": 21.2710775390625, "noise_cost": 15.750500971885517, "n_waypoints_completed": 8, "tot_waypoints": 9}}
{"target": -197.7436430501035, "params": {"k_pid_pos": [1.3746006488800049, 0.012403488159179688, 1.4603137969970703e-06], "k_pid_alt": [1.8029024600982666, 0.026911675930023193, 0.9710403084754944], "k_pid_att": [98.12081909179688, 0.41089048981666565, 0.9864096641540527], "k_pid_yaw": [0.5, 1e-06, 0.1], "k_pid_hsp": [8.263754844665527, 0.9846458435058594, 0.028077691793441772], "k_pid_vsp": [400.0, 384.5896911621094, 4.80864143371582]}, "datetime": {"datetime": "2025-08-20 18:07:24", "elapsed": 22499.42151451111, "delta": 15.043159484863281}, "costs": {"total_cost": 197.7436430501035, "time_cost": 68.928, "final_distance_cost": 1.7794238593934157, "oscillation_cost": 53.482507201376514, "completition_cost": 0.0, "overshoot_cost": 49.80727618429786, "power_cost": 12.461756909179687, "noise_cost": 11.284678895856024, "n_waypoints_completed": 9, "tot_waypoints": 9}}
{"target": -221.8716091305161, "params": {"k_pid_pos": [1.9289326667785645, 0.008056610822677612, 0.8363972306251526], "k_pid_alt": [1.7992733716964722, 0.027071595191955566, 0.9892500638961792], "k_pid_att": [98.15898895263672, 0.19106422364711761, 0.9905562400817871], "k_pid_yaw": [0.5, 1e-06, 0.1], "k_pid_hsp": [9.409867286682129, 0.9977551698684692, 0.020630478858947754], "k_pid_vsp": [400.0, 395.75396728515625, 2.939547061920166]}, "datetime": {"datetime": "2025-08-20 18:07:40", "elapsed": 22515.129440546036, "delta": 15.707926034927368}, "costs": {"total_cost": 221.8716091305161, "time_cost": 69.52, "final_distance_cost": 1.8445700044372337, "oscillation_cost": 76.42521578846734, "completition_cost": 0.0, "overshoot_cost": 49.638609529572086, "power_cost": 12.732779260253906, "noise_cost": 11.710434547785555, "n_waypoints_completed": 9, "tot_waypoints": 9}}
{"target": -220.61582042554954, "params": {"k_pid_pos": [1.9228934049606323, 0.11646366119384766, 0.0], "k_pid_alt": [1.9901001453399658, 0.008554220199584961, 0.8944627046585083], "k_pid_att": [97.86639404296875, 0.4003968834877014, 0.9989535808563232], "k_pid_yaw": [0.5, 1e-06, 0.1], "k_pid_hsp": [9.756440162658691, 0.9759441614151001, 0.016201764345169067], "k_pid_vsp": [399.5933532714844, 392.0212707519531, 4.624844551086426]}, "datetime": {"datetime": "2025-08-20 18:07:55", "elapsed": 22530.29550909996, "delta": 15.16606855392456}, "costs": {"total_cost": 220.61582042554954, "time_cost": 69.992, "final_distance_cost": 1.7672374061849587, "oscillation_cost": 73.52744398082703, "completition_cost": 0.0, "overshoot_cost": 50.516705434173495, "power_cost": 13.198664099121094, "noise_cost": 11.613769505242962, "n_waypoints_completed": 9, "tot_waypoints": 9}}
