{"target": -206.3577408734471, "params": {"k_pid_pos": [1.9434797763824463, 0.04351717233657837, 2.9802322387695312e-08], "k_pid_alt": [1.9511125087738037, 0.015888988971710205, 0.9878918528556824], "k_pid_att": [99.12382507324219, 0.07110213488340378, 0.9953851699829102], "k_pid_yaw": [0.5, 1e-06, 0.1], "k_pid_hsp": [9.771814346313477, 0.8768049478530884, 0.015494704246520996], "k_pid_vsp": [400.0, 382.84515380859375, 7.693410873413086]}, "datetime": {"datetime": "2025-08-20 19:04:08", "elapsed": 25903.32923436165, "delta": 16.89432191848755}, "costs": {"total_cost": 206.3577408734471, "time_cost": 69.76, "final_distance_cost": 1.720715425946149, "oscillation_cost": 59.378297835198474, "completition_cost": 0.0, "overshoot_cost": 50.83170182084908, "power_cost": 13.164253686523438, "noise_cost": 11.50277210492996, "n_waypoints_completed": 9, "tot_waypoints": 9}}
{"target": -239.84613788817094, "params": {"k_pid_pos": [1.905087947845459, 0.011712759733200073, 0.0], "k_pid_alt": [1.9741122722625732, 0.05036187171936035, 0.983809232711792], "k_pid_att": [98.54612731933594, 0.5734999179840088, 0.9682544469833374], "k_pid_yaw": [0.5, 1e-06, 0.1], "k_pid_hsp": [9.917058944702148, 0.9123865365982056, 0.014655858278274536], "k_pid_vsp": [400.0, 391.4890441894531, 30.582643508911133]}, "datetime": {"datetime": "2025-08-20 19:04:28", "elapsed": 25922.65038228035, "delta": 19.321147918701172}, "costs": {"total_cost": 239.84613788817094, "time_cost": 69.60000000000001, "final_distance_cost": 1.7524028449003748, "oscillation_cost": 92.85814189024833, "completition_cost": 0.0, "overshoot_cost": 51.235911425369736, "power_cost": 13.384210192871095, "noise_cost": 11.015471534781415, "n_waypoints_completed": 9, "tot_waypoints": 9}}
{"target": -349.3922866786669, "params": {"k_pid_pos": [1.913219928741455, 0.007484018802642822, 0.9794503450393677], "k_pid_alt": [1.9934821128845215, 0.042673856019973755, 0.8675738573074341], "k_pid_att": [99.07086944580078, 0.5008097887039185, 0.975561261177063], "k_pid_yaw": [0.5, 1e-06, 0.1], "k_pid_hsp": [7.868033409118652, 0.948396623134613, 0.1479375958442688], "k_pid_vsp": [399.9969482421875, 398.43377685546875, 36.675132751464844]}, "datetime": {"datetime": "2025-08-20 19:04:46", "elapsed": 25940.99911046028, "delta": 18.34872817993164}, "costs": {"total_cost": 349.3922866786669, "time_cost": 76.392, "final_distance_cost": 1.8512315630333136, "oscillation_cost": 190.33980414442723, "completition_cost": 0.0, "overshoot_cost": 50.373265908248484, "power_cost": 16.719558752441408, "noise_cost": 13.716426310516457, "n_waypoints_completed": 9, "tot_waypoints": 9}}
{"target": -253.48247324821023, "params": {"k_pid_pos": [1.926589846611023, 0.0076660215854644775, 0.9998947978019714], "k_pid_alt": [1.984128713607788, 0.03780907392501831, 0.9510657787322998], "k_pid_att": [91.29085540771484, 0.3055877089500427, 0.935005784034729], "k_pid_yaw": [0.5, 1e-06, 0.1], "k_pid_hsp": [8.816265106201172, 0.9747183322906494, 0.03406462073326111], "k_pid_vsp": [400.0, 393.3622741699219, 2.597440242767334]}, "datetime": {"datetime": "2025-08-20 19:05:03", "elapsed": 25958.090856075287, "delta": 17.091745615005493}, "costs": {"total_cost": 253.48247324821023, "time_cost": 70.032, "final_distance_cost": 1.8549527069755742, "oscillation_cost": 106.59783753477352, "completition_cost": 0.0, "overshoot_cost": 49.852319533420015, "power_cost": 13.015949743652344, "noise_cost": 12.129413729388771, "n_waypoints_completed": 9, "tot_waypoints": 9}}
{"target": -205.58946115545328, "params": {"k_pid_pos": [1.90780508518219, 0.061330556869506836, 0.0], "k_pid_alt": [1.7131880521774292, 0.020481348037719727, 0.9648922085762024], "k_pid_att": [96.12451934814453, 0.1224784404039383, 0.9940170049667358], "k_pid_yaw": [0.5, 1e-06, 0.1], "k_pid_hsp": [9.928110122680664, 0.9566609859466553, 0.01331263780593872], "k_pid_vsp": [400.0, 383.6654052734375, 14.794255256652832]}, "datetime": {"datetime": "2025-08-20 19:05:19", "elapsed": 25973.983556509018, "delta": 15.892700433731079}, "costs": {"total_cost": 205.58946115545328, "time_cost": 70.024, "final_distance_cost": 1.7318402495950598, "oscillation_cost": 57.0612872055297, "completition_cost": 0.0, "overshoot_cost": 50.701037995969614, "power_cost": 14.44898768310547, "noise_cost": 11.62230802125344, "n_waypoints_completed": 9, "tot_waypoints": 9}}
{"target": -266.0863270063001, "params": {"k_pid_pos": [1.97268545627594, 0.011884480714797974, 0.0], "k_pid_alt": [1.8800067901611328, 0.05438140034675598, 0.8199445605278015], "k_pid_att": [97.02239227294922, 0.14546532928943634, 0.9793839454650879], "k_pid_yaw": [0.5, 1e-06, 0.1], "k_pid_hsp": [9.878925323486328, 0.9586626291275024, 0.08864212036132812], "k_pid_vsp": [400.0, 392.3700866699219, 58.44048309326172]}, "datetime": {"datetime": "2025-08-20 19:05:37", "elapsed": 25991.592175006866, "delta": 17.60861849784851}, "costs": {"total_cost": 266.0863270063001, "time_cost": 69.656, "final_distance_cost": 1.7976558603421675, "oscillation_cost": 117.04504321962757, "completition_cost": 0.0, "overshoot_cost": 50.5915937203731, "power_cost": 15.10184276123047, "noise_cost": 11.894191444726774, "n_waypoints_completed": 9, "tot_waypoints": 9}}
{"target": -214.13700669927925, "params": {"k_pid_pos": [1.9903759956359863, 0.022692859172821045, 0.0], "k_pid_alt": [1.878887414932251, 0.01987329125404358, 0.9849889278411865], "k_pid_att": [99.26956939697266, 0.13717083632946014, 0.9379986524581909], "k_pid_yaw": [0.5, 1e-06, 0.1], "k_pid_hsp": [9.755611419677734, 0.9475356340408325, 0.024813860654830933], "k_pid_vsp": [400.0, 390.87115478515625, 6.717933177947998]}, "datetime": {"datetime": "2025-08-20 19:05:52", "elapsed": 26006.600826978683, "delta": 15.008651971817017}, "costs": {"total_cost": 214.13700669927925, "time_cost": 69.936, "final_distance_cost": 1.7887475600847669, "oscillation_cost": 67.24897489556164, "completition_cost": 0.0, "overshoot_cost": 50.52699848011898, "power_cost": 13.063297192382812, "noise_cost": 11.572988571131056, "n_waypoints_completed": 9, "tot_waypoints": 9}}
{"target": -209.54362329667168, "params": {"k_pid_pos": [1.9478602409362793, 0.030915915966033936, 0.0], "k_pid_alt": [1.9696805477142334, 0.04221484065055847, 0.9963753819465637], "k_pid_att": [94.4186782836914, 0.08114004880189896, 0.9243887662887573], "k_pid_yaw": [0.5, 1e-06, 0.1], "k_pid_hsp": [9.922911643981934, 0.9905608296394348, 0.03150910139083862], "k_pid_vsp": [400.0, 387.554931640625, 22.787931442260742]}, "datetime": {"datetime": "2025-08-20 19:06:08", "elapsed": 26022.782648801804, "delta": 16.181821823120117}, "costs": {"total_cost": 209.54362329667168, "time_cost": 69.632, "final_distance_cost": 1.72147481318311, "oscillation_cost": 65.40856158680242, "completition_cost": 0.0, "overshoot_cost": 51.18037683432115, "power_cost": 11.362127551269532, "noise_cost": 10.239082511095454, "n_waypoints_completed": 9, "tot_waypoints": 9}}
{"target": -206.31421913667648, "params": {"k_pid_pos": [1.9109649658203125, 0.03333410620689392, 2.9802322387695312e-08], "k_pid_alt": [1.8015804290771484, 0.012712329626083374, 0.9624931812286377], "k_pid_att": [97.39097595214844, 0.04356208071112633, 0.9934258460998535], "k_pid_yaw": [0.5, 1e-06, 0.1], "k_pid_hsp": [9.86125659942627, 0.9524707794189453, 0.009643614292144775], "k_pid_vsp": [400.0, 389.1430969238281, 22.283174514770508]}, "datetime": {"datetime": "2025-08-20 19:06:24", "elapsed": 26038.807614564896, "delta": 16.02496576309204}, "costs": {"total_cost": 206.31421913667648, "time_cost": 69.72, "final_distance_cost": 1.7675031728370254, "oscillation_cost": 61.92376619870046, "completition_cost": 0.0, "overshoot_cost": 50.5518470158886, "power_cost": 12.158311633300782, "noise_cost": 10.192791115949627, "n_waypoints_completed": 9, "tot_waypoints": 9}}
{"target": -222.29688808298266, "params": {"k_pid_pos": [1.8848296403884888, 0.02238672971725464, 0.00010022521018981934], "k_pid_alt": [1.9581464529037476, 0.004684090614318848, 0.9908291101455688], "k_pid_att": [98.24508666992188, 0.23939833045005798, 0.9610501527786255], "k_pid_yaw": [0.5, 1e-06, 0.1], "k_pid_hsp": [9.131579399108887, 0.9741788506507874, 0.08489441871643066], "k_pid_vsp": [400.0, 388.9960632324219, 9.485221862792969]}, "datetime": {"datetime": "2025-08-20 19:06:39", "elapsed": 26053.717868566513, "delta": 14.910254001617432}, "costs": {"total_cost": 222.29688808298266, "time_cost": 69.504, "final_distance_cost": 1.7750656399878786, "oscillation_cost": 75.49487708026187, "completition_cost": 0.0, "overshoot_cost": 50.29734765867264, "power_cost": 13.523656604003907, "noise_cost": 11.701941100056354, "n_waypoints_completed": 9, "tot_waypoints": 9}}
{"target": -233.74409839392254, "params": {"k_pid_pos": [1.9558647871017456, 0.08361876010894775, 0.0], "k_pid_alt": [1.950495719909668, 0.005265563726425171, 0.9864165782928467], "k_pid_att": [98.41117858886719, 0.4105343520641327, 0.975114107131958], "k_pid_yaw": [0.5, 1e-06, 0.1], "k_pid_hsp": [8.96269416809082, 0.9836630821228027, 0.05893602967262268], "k_pid_vsp": [400.0, 368.2825622558594, 8.121896743774414]}, "datetime": {"datetime": "2025-08-20 19:06:56", "elapsed": 26071.158776521683, "delta": 17.440907955169678}, "costs": {"total_cost": 233.74409839392254, "time_cost": 70.032, "final_distance_cost": 1.7251078426000843, "oscillation_cost": 86.98233911700606, "completition_cost": 0.0, "overshoot_cost": 49.94686888789891, "power_cost": 13.426180468750001, "noise_cost": 11.63160207766747, "n_waypoints_completed": 9, "tot_waypoints": 9}}
{"target": -211.2370822880367, "params": {"k_pid_pos": [1.9561831951141357, 0.04994210600852966, 0.0], "k_pid_alt": [1.989226222038269, 0.006696552038192749, 0.9724278450012207], "k_pid_att": [99.50792694091797, 0.351777583360672, 0.9188724756240845], "k_pid_yaw": [0.5, 1e-06, 0.1], "k_pid_hsp": [9.624091148376465, 0.9955240488052368, 0.010644853115081787], "k_pid_vsp": [251.0164794921875, 385.18060302734375, 14.920354843139648]}, "datetime": {"datetime": "2025-08-20 19:07:11", "elapsed": 26086.29146337509, "delta": 15.132686853408813}, "costs": {"total_cost": 211.2370822880367, "time_cost": 69.92, "final_distance_cost": 1.7356228572563175, "oscillation_cost": 64.68365945734999, "completition_cost": 0.0, "overshoot_cost": 50.64666131795928, "power_cost": 13.247179296875, "noise_cost": 11.003959358596125, "n_waypoints_completed": 9, "tot_waypoints": 9}}
{"target": -213.56353433315886, "params": {"k_pid_pos": [1.941287636756897, 0.01026827096939087, 0.0], "k_pid_alt": [1.9136435985565186, 0.015595883131027222, 0.9128212928771973], "k_pid_att": [99.68737030029297, 0.03985023871064186, 0.9823412895202637], "k_pid_yaw": [0.5, 1e-06, 0.1], "k_pid_hsp": [9.783143043518066, 0.989104151725769, 0.003308236598968506], "k_pid_vsp": [400.0, 390.14886474609375, 2.1847972869873047]}, "datetime": {"datetime": "2025-08-20 19:07:27", "elapsed": 26102.22079396248, "delta": 15.929330587387085}, "costs": {"total_cost": 213.56353433315886, "time_cost": 69.712, "final_distance_cost": 1.7525021370237233, "oscillation_cost": 66.74572239458136, "completition_cost": 0.0, "overshoot_cost": 50.94212686795439, "power_cost": 12.976064990234375, "noise_cost": 11.435117943365011, "n_waypoints_completed": 9, "tot_waypoints": 9}}
{"target": -214.67938065994875, "params": {"k_pid_pos": [1.9188387393951416, 0.005264341831207275, 0.0], "k_pid_alt": [1.9704666137695312, 0.04906731843948364, 0.9842061996459961], "k_pid_att": [68.24296569824219, 0.07439704239368439, 0.9349463582038879], "k_pid_yaw": [0.5, 1e-06, 0.1], "k_pid_hsp": [9.92116641998291, 0.9789686799049377, 0.021907329559326172], "k_pid_vsp": [400.0, 395.5213928222656, 17.808391571044922]}, "datetime": {"datetime": "2025-08-20 19:07:42", "elapsed": 26117.412088155746, "delta": 15.191294193267822}, "costs": {"total_cost": 214.67938065994875, "time_cost": 69.52, "final_distance_cost": 1.7594630398663031, "oscillation_cost": 66.22809355751455, "completition_cost": 0.0, "overshoot_cost": 50.76111620255475, "power_cost": 14.727069897460938, "noise_cost": 11.683637962552188, "n_waypoints_completed": 9, "tot_waypoints": 9}}
{"target": -272.12460565005784, "params": {"k_pid_pos": [1.9671226739883423, 0.014868736267089844, 0.0], "k_pid_alt": [1.8832528591156006, 0.09011238813400269, 0.9935951232910156], "k_pid_att": [97.44830322265625, 1.3089268207550049, 0.9819623231887817], "k_pid_yaw": [0.5, 1e-06, 0.1], "k_pid_hsp": [9.864798545837402, 0.994439959526062, 0.04483911395072937], "k_pid_vsp": [400.0, 397.3476257324219, 13.709868431091309]}, "datetime": {"datetime": "2025-08-20 19:08:02", "elapsed": 26136.961414575577, "delta": 19.549326419830322}, "costs": {"total_cost": 272.12460565005784, "time_cost": 85.44800000000001, "final_distance_cost": 1.788695864631865, "oscillation_cost": 104.3656344971127, "completition_cost": 0.0, "overshoot_cost": 51.217391450604104, "power_cost": 15.901598510742188, "noise_cost": 13.403285326966973, "n_waypoints_completed": 9, "tot_waypoints": 9}}
{"target": -208.66434000742785, "params": {"k_pid_pos": [1.9497545957565308, 0.032940059900283813, 0.0], "k_pid_alt": [1.9407551288604736, 0.016576826572418213, 0.9906214475631714], "k_pid_att": [96.49266815185547, 0.6136605143547058, 0.9884257316589355], "k_pid_yaw": [0.5, 1e-06, 0.1], "k_pid_hsp": [9.759950637817383, 0.9680653810501099, 0.001427382230758667], "k_pid_vsp": [400.0, 398.91510009765625, 2.1862874031066895]}, "datetime": {"datetime": "2025-08-20 19:08:19", "elapsed": 26153.872194767, "delta": 16.91078019142151}, "costs": {"total_cost": 208.66434000742785, "time_cost": 69.856, "final_distance_cost": 1.7341194240077078, "oscillation_cost": 61.94152227645709, "completition_cost": 0.0, "overshoot_cost": 50.67396220142678, "power_cost": 12.949340698242189, "noise_cost": 11.509395407294097, "n_waypoints_completed": 9, "tot_waypoints": 9}}
{"target": -208.09030220517678, "params": {"k_pid_pos": [1.904380202293396, 0.010973542928695679, 0.0], "k_pid_alt": [1.927103042602539, 0.04281806945800781, 0.9689191579818726], "k_pid_att": [95.75021362304688, 0.13600945472717285, 0.9845027923583984], "k_pid_yaw": [0.5, 1e-06, 0.1], "k_pid_hsp": [9.898737907409668, 0.9905108213424683, 0.002978295087814331], "k_pid_vsp": [400.0, 385.006103515625, 13.34731674194336]}, "datetime": {"datetime": "2025-08-20 19:08:34", "elapsed": 26169.169491291046, "delta": 15.297296524047852}, "costs": {"total_cost": 208.09030220517678, "time_cost": 69.584, "final_distance_cost": 1.7811406858690997, "oscillation_cost": 57.082253241409134, "completition_cost": 0.0, "overshoot_cost": 50.61234614660596, "power_cost": 16.520020239257814, "noise_cost": 12.510541892034778, "n_waypoints_completed": 9, "tot_waypoints": 9}}
{"target": -209.74300410090635, "params": {"k_pid_pos": [1.9687614440917969, 0.0016443133354187012, 0.0], "k_pid_alt": [1.9700125455856323, 0.02977275848388672, 0.9868373274803162], "k_pid_att": [98.34004974365234, 0.17459145188331604, 0.9679450392723083], "k_pid_yaw": [0.5, 1e-06, 0.1], "k_pid_hsp": [9.590121269226074, 0.9935213327407837, 0.02635025978088379], "k_pid_vsp": [400.0, 351.97149658203125, 20.94905662536621]}, "datetime": {"datetime": "2025-08-20 19:08:50", "elapsed": 26185.069300174713, "delta": 15.899808883666992}, "costs": {"total_cost": 209.74300410090635, "time_cost": 69.488, "final_distance_cost": 1.7917117870978543, "oscillation_cost": 64.57361055797415, "completition_cost": 0.0, "overshoot_cost": 49.92375632861393, "power_cost": 13.127168432617188, "noise_cost": 10.83875699460322, "n_waypoints_completed": 9, "tot_waypoints": 9}}
{"target": -217.86452449053047, "params": {"k_pid_pos": [1.926344394683838, 0.04137611389160156, 9.804964065551758e-05], "k_pid_alt": [1.937813639640808, 0.011300206184387207, 0.8194689154624939], "k_pid_att": [99.349365234375, 0.21285724639892578, 0.9830042719841003], "k_pid_yaw": [0.5, 1e-06, 0.1], "k_pid_hsp": [9.750965118408203, 0.9887611865997314, 0.01627802848815918], "k_pid_vsp": [400.0, 375.0171813964844, 1.8011221885681152]}, "datetime": {"datetime": "2025-08-20 19:09:05", "elapsed": 26200.130110025406, "delta": 15.060809850692749}, "costs": {"total_cost": 217.86452449053047, "time_cost": 69.64, "final_distance_cost": 1.788521259956035, "oscillation_cost": 71.719865745245, "completition_cost": 0.0, "overshoot_cost": 50.22317813899058, "power_cost": 12.964617651367188, "noise_cost": 11.52834169497165, "n_waypoints_completed": 9, "tot_waypoints": 9}}
{"target": -335.34764315060886, "params": {"k_pid_pos": [1.3354333639144897, 0.029942840337753296, 0.9984260201454163], "k_pid_alt": [1.9217963218688965, 0.012151449918746948, 0.9463183879852295], "k_pid_att": [87.44276428222656, 0.8949069976806641, 0.8753145337104797], "k_pid_yaw": [0.5, 1e-06, 0.1], "k_pid_hsp": [9.726548194885254, 0.9737575054168701, 0.04394721984863281], "k_pid_vsp": [400.0, 368.75738525390625, 38.56266784667969]}, "datetime": {"datetime": "2025-08-20 19:09:23", "elapsed": 26217.88757133484, "delta": 17.757461309432983}, "costs": {"total_cost": 335.34764315060886, "time_cost": 74.928, "final_distance_cost": 1.8536024382241876, "oscillation_cost": 180.49643915120885, "completition_cost": 0.0, "overshoot_cost": 50.15651439891774, "power_cost": 14.943033178710937, "noise_cost": 12.970053983547105, "n_waypoints_completed": 9, "tot_waypoints": 9}}
{"target": -259.482885277268, "params": {"k_pid_pos": [1.9559555053710938, 0.054295748472213745, 0.0], "k_pid_alt": [1.977165937423706, 0.023051977157592773, 0.9920276999473572], "k_pid_att": [97.9422836303711, 0.07356824725866318, 0.9627060890197754], "k_pid_yaw": [0.5, 1e-06, 0.1], "k_pid_hsp": [9.74807071685791, 0.9480001926422119, 0.10733756422996521], "k_pid_vsp": [400.0, 397.2481689453125, 6.037558078765869]}, "datetime": {"datetime": "2025-08-20 19:09:39", "elapsed": 26234.097967386246, "delta": 16.21039605140686}, "costs": {"total_cost": 259.482885277268, "time_cost": 69.808, "final_distance_cost": 1.773515842775566, "oscillation_cost": 110.69234993449359, "completition_cost": 0.0, "overshoot_cost": 50.94942074996431, "power_cost": 14.203010424804688, "noise_cost": 12.056588325229846, "n_waypoints_completed": 9, "tot_waypoints": 9}}
{"target": -221.05917456865726, "params": {"k_pid_pos": [1.7290983200073242, 0.022417277097702026, 0.0], "k_pid_alt": [1.992936611175537, 0.029711425304412842, 0.9844921827316284], "k_pid_att": [98.06153869628906, 0.06800629943609238, 0.9835798144340515], "k_pid_yaw": [0.5, 1e-06, 0.1], "k_pid_hsp": [9.911759376525879, 0.9906803965568542, 0.014688044786453247], "k_pid_vsp": [400.0, 396.4201354980469, 8.830595970153809]}, "datetime": {"datetime": "2025-08-20 19:09:55", "elapsed": 26249.995948553085, "delta": 15.8979811668396}, "costs": {"total_cost": 221.05917456865726, "time_cost": 69.24, "final_distance_cost": 1.7949257252621997, "oscillation_cost": 76.91562757070346, "completition_cost": 0.0, "overshoot_cost": 49.882094194554575, "power_cost": 12.30968328857422, "noise_cost": 10.916843789562758, "n_waypoints_completed": 9, "tot_waypoints": 9}}
{"target": -222.7393214810208, "params": {"k_pid_pos": [1.9594672918319702, 0.02276340126991272, 0.0], "k_pid_alt": [1.9492251873016357, 0.050147175788879395, 0.9861297607421875], "k_pid_att": [98.87820434570312, 0.03074244037270546, 0.971210777759552], "k_pid_yaw": [0.5, 1e-06, 0.1], "k_pid_hsp": [9.858922004699707, 0.9866074323654175, 0.01610773801803589], "k_pid_vsp": [400.0, 384.8658447265625, 0.8245955109596252]}, "datetime": {"datetime": "2025-08-20 19:10:11", "elapsed": 26266.229261875153, "delta": 16.23331332206726}, "costs": {"total_cost": 222.7393214810208, "time_cost": 69.816, "final_distance_cost": 1.7315778627445262, "oscillation_cost": 76.05885435513378, "completition_cost": 0.0, "overshoot_cost": 50.734361168928736, "power_cost": 12.968770239257813, "noise_cost": 11.429757854955952, "n_waypoints_completed": 9, "tot_waypoints": 9}}
{"target": -253.16911670529274, "params": {"k_pid_pos": [1.9909024238586426, 0.08935272693634033, 0.0], "k_pid_alt": [1.9583806991577148, 0.08730274438858032, 0.9855684041976929], "k_pid_att": [99.24129486083984, 0.12523303925991058, 0.9883643388748169], "k_pid_yaw": [0.5, 1e-06, 0.1], "k_pid_hsp": [9.533936500549316, 0.9857041835784912, 0.01087239384651184], "k_pid_vsp": [400.0, 393.1206359863281, 37.157142639160156]}, "datetime": {"datetime": "2025-08-20 19:10:34", "elapsed": 26289.048809051514, "delta": 22.819547176361084}, "costs": {"total_cost": 253.16911670529274, "time_cost": 95.4, "final_distance_cost": 1.7641737921807858, "oscillation_cost": 75.56382469973826, "completition_cost": 0.0, "overshoot_cost": 52.14052107178387, "power_cost": 15.472883569335938, "noise_cost": 12.82771357225389, "n_waypoints_completed": 9, "tot_waypoints": 9}}
{"target": -228.59228169089513, "params": {"k_pid_pos": [1.9757075309753418, 0.031075358390808105, 0.0], "k_pid_alt": [1.8477683067321777, 0.026676207780838013, 0.9606999754905701], "k_pid_att": [94.49442291259766, 0.0659252256155014, 0.9837245941162109], "k_pid_yaw": [0.5, 1e-06, 0.1], "k_pid_hsp": [9.174915313720703, 0.9818587899208069, 0.05255633592605591], "k_pid_vsp": [400.0, 393.7341613769531, 116.08847045898438]}, "datetime": {"datetime": "2025-08-20 19:10:50", "elapsed": 26304.86328125, "delta": 15.814472198486328}, "costs": {"total_cost": 228.59228169089513, "time_cost": 69.008, "final_distance_cost": 1.7215802411920806, "oscillation_cost": 83.0110160061928, "completition_cost": 0.0, "overshoot_cost": 50.556031522375534, "power_cost": 13.46384617919922, "noise_cost": 10.831807741935547, "n_waypoints_completed": 9, "tot_waypoints": 9}}
