{"target": -280.3473073904032, "params": {"k_pid_pos": [1.9607336521148682, 0.010583668947219849, 0.0], "k_pid_alt": [1.9788627624511719, 0.03810375928878784, 0.9687676429748535], "k_pid_att": [96.06548309326172, 1.771496295928955, 0.5773521661758423], "k_pid_yaw": [0.5, 1e-06, 0.1], "k_pid_hsp": [9.830647468566895, 0.9903920888900757, 0.0597270131111145], "k_pid_vsp": [400.0, 390.26800537109375, 42.015625]}, "datetime": {"datetime": "2025-08-20 17:19:37", "elapsed": 19632.405210256577, "delta": 15.394289493560791}, "costs": {"total_cost": 280.3473073904032, "time_cost": 68.928, "final_distance_cost": 1.7513131598015144, "oscillation_cost": 133.12022852627857, "completition_cost": 0.0, "overshoot_cost": 50.06155379921476, "power_cost": 14.659582421875001, "noise_cost": 11.826629483233376, "n_waypoints_completed": 9, "tot_waypoints": 9}}
{"target": -230.94295561312995, "params": {"k_pid_pos": [1.6684077978134155, 0.013903409242630005, 0.0], "k_pid_alt": [1.9320542812347412, 0.024008572101593018, 0.8569350242614746], "k_pid_att": [99.25584411621094, 0.058066725730895996, 0.8925787210464478], "k_pid_yaw": [0.5, 1e-06, 0.1], "k_pid_hsp": [9.429791450500488, 0.9988515377044678, 0.079592764377594], "k_pid_vsp": [397.6299743652344, 389.8829040527344, 18.694116592407227]}, "datetime": {"datetime": "2025-08-20 17:19:52", "elapsed": 19647.346694231033, "delta": 14.941483974456787}, "costs": {"total_cost": 230.94295561312995, "time_cost": 68.48, "final_distance_cost": 1.7976033189436633, "oscillation_cost": 84.4104190243684, "completition_cost": 0.0, "overshoot_cost": 50.250219770285156, "power_cost": 14.324736669921876, "noise_cost": 11.679976829610869, "n_waypoints_completed": 9, "tot_waypoints": 9}}
{"target": -213.96006086965744, "params": {"k_pid_pos": [1.965790033340454, 0.10446992516517639, 2.9802322387695312e-08], "k_pid_alt": [1.9856724739074707, 0.02296912670135498, 0.9446625709533691], "k_pid_att": [97.89037322998047, 0.13525277376174927, 0.9705302715301514], "k_pid_yaw": [0.5, 1e-06, 0.1], "k_pid_hsp": [9.96590518951416, 0.9844222068786621, 0.016321688890457153], "k_pid_vsp": [399.9989318847656, 390.4881896972656, 32.52735137939453]}, "datetime": {"datetime": "2025-08-20 17:20:09", "elapsed": 19663.897544145584, "delta": 16.55084991455078}, "costs": {"total_cost": 213.96006086965744, "time_cost": 69.8, "final_distance_cost": 1.7672725411823822, "oscillation_cost": 70.23739212059073, "completition_cost": 0.0, "overshoot_cost": 49.94346772762012, "power_cost": 12.077876184082031, "noise_cost": 10.13405229618217, "n_waypoints_completed": 9, "tot_waypoints": 9}}
{"target": -214.55071524755525, "params": {"k_pid_pos": [1.9103083610534668, 0.08583495020866394, 0.0], "k_pid_alt": [1.8211760520935059, 0.02375081181526184, 0.9501524567604065], "k_pid_att": [96.18666076660156, 0.1761307269334793, 0.9808101654052734], "k_pid_yaw": [0.5, 1e-06, 0.1], "k_pid_hsp": [9.402643203735352, 0.9747195243835449, 0.01092308759689331], "k_pid_vsp": [400.0, 391.9709777832031, 1.5887627601623535]}, "datetime": {"datetime": "2025-08-20 17:20:24", "elapsed": 19679.031259059906, "delta": 15.1337149143219}, "costs": {"total_cost": 214.55071524755525, "time_cost": 69.952, "final_distance_cost": 1.7141429358385767, "oscillation_cost": 67.73717629577202, "completition_cost": 0.0, "overshoot_cost": 50.48524024849904, "power_cost": 13.099299621582032, "noise_cost": 11.562856145863597, "n_waypoints_completed": 9, "tot_waypoints": 9}}
{"target": -245.41858062011386, "params": {"k_pid_pos": [1.9529916048049927, 0.011435240507125854, 1.0], "k_pid_alt": [1.9192981719970703, 0.050303101539611816, 0.8373075127601624], "k_pid_att": [97.16382598876953, 0.14713126420974731, 0.8941023349761963], "k_pid_yaw": [0.5, 1e-06, 0.1], "k_pid_hsp": [9.43505573272705, 0.9894916415214539, 0.017129480838775635], "k_pid_vsp": [399.9894714355469, 387.4089660644531, 6.800282955169678]}, "datetime": {"datetime": "2025-08-20 17:20:40", "elapsed": 19695.387445688248, "delta": 16.356186628341675}, "costs": {"total_cost": 245.41858062011386, "time_cost": 70.056, "final_distance_cost": 1.8446899954794527, "oscillation_cost": 97.65001111233101, "completition_cost": 0.0, "overshoot_cost": 50.361493343614306, "power_cost": 13.315876367187501, "noise_cost": 12.19050980150154, "n_waypoints_completed": 9, "tot_waypoints": 9}}
{"target": -218.47731644991532, "params": {"k_pid_pos": [1.9446630477905273, 0.08541461825370789, 0.0], "k_pid_alt": [1.9815350770950317, 0.009226202964782715, 0.9600828289985657], "k_pid_att": [82.86428833007812, 0.1353856921195984, 0.9617466926574707], "k_pid_yaw": [0.5, 1e-06, 0.1], "k_pid_hsp": [9.818154335021973, 0.9914110898971558, 0.012338787317276001], "k_pid_vsp": [399.87359619140625, 394.30078125, 3.1812081336975098]}, "datetime": {"datetime": "2025-08-20 17:20:56", "elapsed": 19711.436999320984, "delta": 16.049553632736206}, "costs": {"total_cost": 218.47731644991532, "time_cost": 69.904, "final_distance_cost": 1.7453302991160013, "oscillation_cost": 72.03223143717369, "completition_cost": 0.0, "overshoot_cost": 50.1780044690546, "power_cost": 13.055556652832031, "noise_cost": 11.562193591738993, "n_waypoints_completed": 9, "tot_waypoints": 9}}
{"target": -213.13352769132433, "params": {"k_pid_pos": [1.8859946727752686, 0.07913139462471008, 5.125999450683594e-06], "k_pid_alt": [1.856211543083191, 0.017680853605270386, 0.97484290599823], "k_pid_att": [97.04159545898438, 0.34689003229141235, 0.9904266595840454], "k_pid_yaw": [0.5, 1e-06, 0.1], "k_pid_hsp": [9.82753849029541, 0.9583885073661804, 0.02786502242088318], "k_pid_vsp": [400.0, 391.2085876464844, 18.295730590820312]}, "datetime": {"datetime": "2025-08-20 17:21:12", "elapsed": 19726.72958254814, "delta": 15.292583227157593}, "costs": {"total_cost": 213.13352769132433, "time_cost": 69.624, "final_distance_cost": 1.769531139694175, "oscillation_cost": 67.44665642406133, "completition_cost": 0.0, "overshoot_cost": 50.524241596869665, "power_cost": 12.953756591796875, "noise_cost": 10.815341938902304, "n_waypoints_completed": 9, "tot_waypoints": 9}}
{"target": -226.14706834899863, "params": {"k_pid_pos": [1.971327543258667, 0.033018290996551514, 0.0056358277797698975], "k_pid_alt": [1.879826307296753, 0.009480297565460205, 0.8685848116874695], "k_pid_att": [92.75022888183594, 0.06863303482532501, 0.9982994794845581], "k_pid_yaw": [0.5, 1e-06, 0.1], "k_pid_hsp": [9.571267127990723, 0.9349786043167114, 0.02409994602203369], "k_pid_vsp": [302.2286071777344, 373.993408203125, 26.3746280670166]}, "datetime": {"datetime": "2025-08-20 17:21:28", "elapsed": 19742.850843667984, "delta": 16.12126111984253}, "costs": {"total_cost": 226.14706834899863, "time_cost": 69.47200000000001, "final_distance_cost": 1.7870677991651067, "oscillation_cost": 78.55891084970762, "completition_cost": 0.0, "overshoot_cost": 50.68882255492554, "power_cost": 14.266363146972656, "noise_cost": 11.373903998227714, "n_waypoints_completed": 9, "tot_waypoints": 9}}
{"target": -214.01993503317334, "params": {"k_pid_pos": [1.7626593112945557, 0.08785361051559448, 0.39327260851860046], "k_pid_alt": [1.5447330474853516, 0.048118531703948975, 0.9711601734161377], "k_pid_att": [85.4237289428711, 0.22948409616947174, 0.9882379174232483], "k_pid_yaw": [0.5, 1e-06, 0.1], "k_pid_hsp": [9.914012908935547, 0.9812902212142944, 0.0039003193378448486], "k_pid_vsp": [400.0, 394.8778991699219, 36.321022033691406]}, "datetime": {"datetime": "2025-08-20 17:21:43", "elapsed": 19757.866725444794, "delta": 15.015881776809692}, "costs": {"total_cost": 214.01993503317334, "time_cost": 70.176, "final_distance_cost": 1.8008719399654538, "oscillation_cost": 65.45632711717953, "completition_cost": 0.0, "overshoot_cost": 49.95605377140112, "power_cost": 14.772475866699219, "noise_cost": 11.858206337928033, "n_waypoints_completed": 9, "tot_waypoints": 9}}
{"target": -211.36768548932608, "params": {"k_pid_pos": [1.9569694995880127, 0.17436134815216064, 0.0], "k_pid_alt": [1.8774296045303345, 0.052648961544036865, 0.9943669438362122], "k_pid_att": [97.22087097167969, 0.12307269126176834, 0.9938827753067017], "k_pid_yaw": [0.5, 1e-06, 0.1], "k_pid_hsp": [9.08194637298584, 0.9393435716629028, 0.005589306354522705], "k_pid_vsp": [400.0, 396.0680847167969, 11.563111305236816]}, "datetime": {"datetime": "2025-08-20 17:21:59", "elapsed": 19774.162434101105, "delta": 16.295708656311035}, "costs": {"total_cost": 211.36768548932608, "time_cost": 70.72, "final_distance_cost": 1.7385284811025508, "oscillation_cost": 60.10785775459221, "completition_cost": 0.0, "overshoot_cost": 51.13236325474379, "power_cost": 15.529513305664063, "noise_cost": 12.139422693223487, "n_waypoints_completed": 9, "tot_waypoints": 9}}
{"target": -258.9062750087702, "params": {"k_pid_pos": [1.8422343730926514, 0.0052832067012786865, 0.0], "k_pid_alt": [1.9122796058654785, 0.018132716417312622, 0.914901614189148], "k_pid_att": [91.87828063964844, 0.5319332480430603, 0.9603666663169861], "k_pid_yaw": [0.5, 1e-06, 0.1], "k_pid_hsp": [8.990221977233887, 0.8854816555976868, 0.10580575466156006], "k_pid_vsp": [398.1893615722656, 388.5464172363281, 31.373323440551758]}, "datetime": {"datetime": "2025-08-20 17:22:14", "elapsed": 19789.45571565628, "delta": 15.293281555175781}, "costs": {"total_cost": 258.9062750087702, "time_cost": 69.032, "final_distance_cost": 1.7423442975678753, "oscillation_cost": 110.2339185394181, "completition_cost": 0.0, "overshoot_cost": 50.897199997164556, "power_cost": 15.031180053710939, "noise_cost": 11.969632120908711, "n_waypoints_completed": 9, "tot_waypoints": 9}}
{"target": -270.7089221717008, "params": {"k_pid_pos": [1.9833797216415405, 0.029399871826171875, 1.1920928955078125e-07], "k_pid_alt": [1.7783129215240479, 0.014741837978363037, 0.9103930592536926], "k_pid_att": [98.74136352539062, 1.709933876991272, 0.9893620014190674], "k_pid_yaw": [0.5, 1e-06, 0.1], "k_pid_hsp": [9.656285285949707, 0.9974023103713989, 0.19035041332244873], "k_pid_vsp": [400.0, 357.1580810546875, 5.361069202423096]}, "datetime": {"datetime": "2025-08-20 17:22:31", "elapsed": 19805.60211610794, "delta": 16.146400451660156}, "costs": {"total_cost": 270.7089221717008, "time_cost": 74.016, "final_distance_cost": 1.7214907930435792, "oscillation_cost": 116.22129910755578, "completition_cost": 0.0, "overshoot_cost": 50.38829836323581, "power_cost": 15.507360778808595, "noise_cost": 12.854473129057078, "n_waypoints_completed": 9, "tot_waypoints": 9}}
{"target": -221.6074474836249, "params": {"k_pid_pos": [1.763008713722229, 0.012094587087631226, 0.0], "k_pid_alt": [1.9786953926086426, 0.03400135040283203, 0.9947018623352051], "k_pid_att": [92.97871398925781, 0.6110900640487671, 0.963680624961853], "k_pid_yaw": [0.5, 1e-06, 0.1], "k_pid_hsp": [9.826394081115723, 0.9791359901428223, 0.005125194787979126], "k_pid_vsp": [400.0, 366.14459228515625, 11.752379417419434]}, "datetime": {"datetime": "2025-08-20 17:22:47", "elapsed": 19821.516649007797, "delta": 15.914532899856567}, "costs": {"total_cost": 221.6074474836249, "time_cost": 69.224, "final_distance_cost": 1.7981660124373353, "oscillation_cost": 70.62798672208919, "completition_cost": 0.0, "overshoot_cost": 49.880755605551485, "power_cost": 17.050284228515626, "noise_cost": 13.02625491503125, "n_waypoints_completed": 9, "tot_waypoints": 9}}
{"target": -246.12755566819783, "params": {"k_pid_pos": [1.9700945615768433, 0.022423386573791504, 0.0], "k_pid_alt": [1.919948697090149, 0.10304397344589233, 0.9465883374214172], "k_pid_att": [96.21102905273438, 0.16138200461864471, 0.9504855871200562], "k_pid_yaw": [0.5, 1e-06, 0.1], "k_pid_hsp": [9.306869506835938, 0.9679911136627197, 0.03705710172653198], "k_pid_vsp": [0.16883611679077148, 398.095947265625, 15.755105972290039]}, "datetime": {"datetime": "2025-08-20 17:23:03", "elapsed": 19837.583577394485, "delta": 16.066928386688232}, "costs": {"total_cost": 246.12755566819783, "time_cost": 74.392, "final_distance_cost": 1.7500606383711603, "oscillation_cost": 91.40982915208654, "completition_cost": 0.0, "overshoot_cost": 52.32180815458862, "power_cost": 14.936569702148438, "noise_cost": 11.31728802100306, "n_waypoints_completed": 9, "tot_waypoints": 9}}
{"target": -216.66504064242537, "params": {"k_pid_pos": [1.9799273014068604, 0.09664139151573181, 0.0], "k_pid_alt": [1.9087913036346436, 0.005786299705505371, 0.9691997766494751], "k_pid_att": [96.19954681396484, 2.4355456829071045, 0.9736179709434509], "k_pid_yaw": [0.5, 1e-06, 0.1], "k_pid_hsp": [9.863884925842285, 0.9586520195007324, 0.025183796882629395], "k_pid_vsp": [400.0, 372.52374267578125, 57.38441848754883]}, "datetime": {"datetime": "2025-08-20 17:23:19", "elapsed": 19854.226251602173, "delta": 16.642674207687378}, "costs": {"total_cost": 216.66504064242537, "time_cost": 69.688, "final_distance_cost": 1.740546898747272, "oscillation_cost": 68.21259575622325, "completition_cost": 0.0, "overshoot_cost": 50.348755819741584, "power_cost": 14.92170242919922, "noise_cost": 11.753439738514045, "n_waypoints_completed": 9, "tot_waypoints": 9}}
{"target": -263.4320806650862, "params": {"k_pid_pos": [1.9792084693908691, 0.09915024042129517, 0.0], "k_pid_alt": [1.6690673828125, 0.06399410963058472, 0.9270291924476624], "k_pid_att": [98.22991180419922, 0.09786345809698105, 0.9885402917861938], "k_pid_yaw": [0.5, 1e-06, 0.1], "k_pid_hsp": [9.582350730895996, 0.9668295979499817, 0.07811826467514038], "k_pid_vsp": [400.0, 385.83782958984375, 12.73391342163086]}, "datetime": {"datetime": "2025-08-20 17:23:37", "elapsed": 19872.312468767166, "delta": 18.086217164993286}, "costs": {"total_cost": 263.4320806650862, "time_cost": 81.376, "final_distance_cost": 1.7400046596119665, "oscillation_cost": 97.10828705853169, "completition_cost": 0.0, "overshoot_cost": 53.58727668268726, "power_cost": 16.241667321777346, "noise_cost": 13.378844942477894, "n_waypoints_completed": 9, "tot_waypoints": 9}}
{"target": -202.38905005707932, "params": {"k_pid_pos": [1.981830358505249, 0.0857991874217987, 2.9802322387695312e-08], "k_pid_alt": [1.9837703704833984, 0.031245261430740356, 0.9832309484481812], "k_pid_att": [80.96833801269531, 1.9150010347366333, 0.9323354959487915], "k_pid_yaw": [0.5, 1e-06, 0.1], "k_pid_hsp": [7.716055870056152, 0.994712233543396, 0.014034628868103027], "k_pid_vsp": [400.0, 395.40582275390625, 14.832235336303711]}, "datetime": {"datetime": "2025-08-20 17:23:53", "elapsed": 19887.682482242584, "delta": 15.37001347541809}, "costs": {"total_cost": 202.38905005707932, "time_cost": 69.96000000000001, "final_distance_cost": 1.7854217220742468, "oscillation_cost": 56.51487046925282, "completition_cost": 0.0, "overshoot_cost": 50.811608887571474, "power_cost": 12.774119970703126, "noise_cost": 10.54302900747764, "n_waypoints_completed": 9, "tot_waypoints": 9}}
{"target": -207.3577338923483, "params": {"k_pid_pos": [1.8257429599761963, 0.03986877202987671, 0.0], "k_pid_alt": [1.9920313358306885, 0.022215068340301514, 0.9245861768722534], "k_pid_att": [95.13240051269531, 0.09853072464466095, 0.9668370485305786], "k_pid_yaw": [0.5, 1e-06, 0.1], "k_pid_hsp": [9.700480461120605, 0.9280257225036621, 0.009814709424972534], "k_pid_vsp": [400.0, 341.1576843261719, 14.2485990524292]}, "datetime": {"datetime": "2025-08-20 17:24:08", "elapsed": 19902.85711455345, "delta": 15.17463231086731}, "costs": {"total_cost": 207.3577338923483, "time_cost": 69.4, "final_distance_cost": 1.7681580746908752, "oscillation_cost": 61.23263599061975, "completition_cost": 0.0, "overshoot_cost": 50.05914670277233, "power_cost": 13.63724481201172, "noise_cost": 11.260548312253631, "n_waypoints_completed": 9, "tot_waypoints": 9}}
{"target": -212.88640775132973, "params": {"k_pid_pos": [1.951576590538025, 0.0032323896884918213, 1.4901161193847656e-06], "k_pid_alt": [1.8371422290802002, 0.04939848184585571, 0.9760650396347046], "k_pid_att": [99.25218963623047, 0.1923460066318512, 0.9925761222839355], "k_pid_yaw": [0.5, 1e-06, 0.1], "k_pid_hsp": [8.461021423339844, 0.9502568244934082, 0.016297608613967896], "k_pid_vsp": [399.998046875, 393.3232421875, 3.431178092956543]}, "datetime": {"datetime": "2025-08-20 17:24:24", "elapsed": 19918.75541973114, "delta": 15.898305177688599}, "costs": {"total_cost": 212.88640775132973, "time_cost": 69.792, "final_distance_cost": 1.7256953310445282, "oscillation_cost": 65.98304613615309, "completition_cost": 0.0, "overshoot_cost": 50.969428681984446, "power_cost": 12.97863748779297, "noise_cost": 11.437600114354652, "n_waypoints_completed": 9, "tot_waypoints": 9}}
{"target": -479.7660198591504, "params": {"k_pid_pos": [1.9485292434692383, 0.055370837450027466, 0.0], "k_pid_alt": [1.9551751613616943, 0.2130252718925476, 0.9577113389968872], "k_pid_att": [93.42892456054688, 0.8558236956596375, 0.9902369976043701], "k_pid_yaw": [0.5, 1e-06, 0.1], "k_pid_hsp": [9.973363876342773, 0.9221124053001404, 0.027669847011566162], "k_pid_vsp": [399.982177734375, 378.2925109863281, 11.616267204284668]}, "datetime": {"datetime": "2025-08-20 17:24:47", "elapsed": 19941.511886119843, "delta": 22.756466388702393}, "costs": {"total_cost": 479.7660198591504, "time_cost": 150, "final_distance_cost": 3.555473946832672, "oscillation_cost": 123.25972199569624, "completition_cost": 111.11111111111116, "overshoot_cost": 52.83630496099294, "power_cost": 22.1504884765625, "noise_cost": 16.85291936795486, "n_waypoints_completed": 8, "tot_waypoints": 9}}
{"target": -216.8092623557694, "params": {"k_pid_pos": [1.9298462867736816, 0.01680004596710205, 0.0], "k_pid_alt": [1.9292080402374268, 0.004311054944992065, 0.9966063499450684], "k_pid_att": [96.46978759765625, 0.245490163564682, 0.9874067306518555], "k_pid_yaw": [0.5, 1e-06, 0.1], "k_pid_hsp": [9.018367767333984, 0.958570122718811, 0.04152372479438782], "k_pid_vsp": [400.0, 392.7269287109375, 19.519712448120117]}, "datetime": {"datetime": "2025-08-20 17:25:02", "elapsed": 19956.532369852066, "delta": 15.02048373222351}, "costs": {"total_cost": 216.8092623557694, "time_cost": 69.528, "final_distance_cost": 1.7772333817769406, "oscillation_cost": 69.39724154810533, "completition_cost": 0.0, "overshoot_cost": 49.9228919404076, "power_cost": 14.459560791015626, "noise_cost": 11.7243346944639, "n_waypoints_completed": 9, "tot_waypoints": 9}}
{"target": -354.8268502223003, "params": {"k_pid_pos": [1.9394097328186035, 0.03059178590774536, 0.7505456209182739], "k_pid_alt": [1.9011919498443604, 0.1279507279396057, 0.8544003963470459], "k_pid_att": [98.0942611694336, 0.07748065888881683, 0.9014150500297546], "k_pid_yaw": [0.5, 1e-06, 0.1], "k_pid_hsp": [8.819348335266113, 0.9940639734268188, 0.06564772129058838], "k_pid_vsp": [399.9976806640625, 397.87646484375, 70.57550048828125]}, "datetime": {"datetime": "2025-08-20 17:25:20", "elapsed": 19975.415600061417, "delta": 18.883230209350586}, "costs": {"total_cost": 354.8268502223003, "time_cost": 85.16, "final_distance_cost": 1.7823237241821253, "oscillation_cost": 185.59486427098074, "completition_cost": 0.0, "overshoot_cost": 51.34038947016567, "power_cost": 17.440178002929688, "noise_cost": 13.509094754042032, "n_waypoints_completed": 9, "tot_waypoints": 9}}
{"target": -213.47046686701088, "params": {"k_pid_pos": [1.9885331392288208, 0.01653200387954712, 1.1920928955078125e-07], "k_pid_alt": [1.9769774675369263, 0.058392345905303955, 0.9491087794303894], "k_pid_att": [93.28404998779297, 0.17736780643463135, 0.9739420413970947], "k_pid_yaw": [0.5, 1e-06, 0.1], "k_pid_hsp": [9.853379249572754, 0.9950851798057556, 0.015348047018051147], "k_pid_vsp": [400.0, 392.3543395996094, 17.270984649658203]}, "datetime": {"datetime": "2025-08-20 17:25:37", "elapsed": 19992.03884291649, "delta": 16.62324285507202}, "costs": {"total_cost": 213.47046686701088, "time_cost": 69.968, "final_distance_cost": 1.7728589320909853, "oscillation_cost": 60.472495169130205, "completition_cost": 0.0, "overshoot_cost": 51.29761925239433, "power_cost": 17.025191711425784, "noise_cost": 12.934301801969571, "n_waypoints_completed": 9, "tot_waypoints": 9}}
{"target": -243.2987131527321, "params": {"k_pid_pos": [1.9380695819854736, 0.03932875394821167, 0.0], "k_pid_alt": [1.8742576837539673, 0.04396560788154602, 0.9782307147979736], "k_pid_att": [98.21806335449219, 0.37487176060676575, 0.8268661499023438], "k_pid_yaw": [0.5, 1e-06, 0.1], "k_pid_hsp": [9.91959285736084, 0.9600543975830078, 0.012741029262542725], "k_pid_vsp": [0.15894174575805664, 369.1607360839844, 11.356926918029785]}, "datetime": {"datetime": "2025-08-20 17:25:54", "elapsed": 20008.93092393875, "delta": 16.892081022262573}, "costs": {"total_cost": 243.2987131527321, "time_cost": 75.152, "final_distance_cost": 1.7730832905257474, "oscillation_cost": 85.31220507742964, "completition_cost": 0.0, "overshoot_cost": 53.28026542003323, "power_cost": 15.918199853515626, "noise_cost": 11.862959511227855, "n_waypoints_completed": 9, "tot_waypoints": 9}}
{"target": -216.5332877708703, "params": {"k_pid_pos": [1.9319292306900024, 0.0040992796421051025, 0.0], "k_pid_alt": [1.979001760482788, 0.020966172218322754, 0.9667794108390808], "k_pid_att": [97.96110534667969, 0.7701122164726257, 0.9742279648780823], "k_pid_yaw": [0.5, 1e-06, 0.1], "k_pid_hsp": [8.119339942932129, 0.898626446723938, 0.03990459442138672], "k_pid_vsp": [399.9842224121094, 396.1458740234375, 40.31652069091797]}, "datetime": {"datetime": "2025-08-20 17:26:09", "elapsed": 20024.450300455093, "delta": 15.519376516342163}, "costs": {"total_cost": 216.5332877708703, "time_cost": 69.048, "final_distance_cost": 1.7610412310044965, "oscillation_cost": 69.495673465188, "completition_cost": 0.0, "overshoot_cost": 49.789880752382395, "power_cost": 14.781103918457031, "noise_cost": 11.65758840383835, "n_waypoints_completed": 9, "tot_waypoints": 9}}
