{"target": -210.99300228254174, "params": {"k_pid_pos": [1.9774104356765747, 0.010426968336105347, 0.0], "k_pid_alt": [1.9246371984481812, 0.0034941434860229492, 0.9827529191970825], "k_pid_att": [97.98429870605469, 0.27470776438713074, 0.9717696905136108], "k_pid_yaw": [0.5, 1e-06, 0.1], "k_pid_hsp": [9.905119895935059, 0.9750940203666687, 0.026813358068466187], "k_pid_vsp": [400.0, 395.45550537109375, 11.626971244812012]}, "datetime": {"datetime": "2025-08-20 22:12:51", "elapsed": 37226.14560675621, "delta": 15.121548175811768}, "costs": {"total_cost": 210.99300228254174, "time_cost": 69.816, "final_distance_cost": 1.7588023667354475, "oscillation_cost": 62.50646196149852, "completition_cost": 0.0, "overshoot_cost": 50.28050774312077, "power_cost": 14.675009960937501, "noise_cost": 11.95622025024949, "n_waypoints_completed": 9, "tot_waypoints": 9}}
{"target": -249.89298894438355, "params": {"k_pid_pos": [1.9700504541397095, 0.015087723731994629, 0.0], "k_pid_alt": [1.9106812477111816, 0.09034058451652527, 0.9885161519050598], "k_pid_att": [90.48314666748047, 1.0879848003387451, 0.9941526651382446], "k_pid_yaw": [0.5, 1e-06, 0.1], "k_pid_hsp": [9.894763946533203, 0.973883330821991, 0.009165287017822266], "k_pid_vsp": [400.0, 393.5701599121094, 15.653336524963379]}, "datetime": {"datetime": "2025-08-20 22:13:14", "elapsed": 37249.48416900635, "delta": 23.33856225013733}, "costs": {"total_cost": 249.89298894438355, "time_cost": 95.72, "final_distance_cost": 1.7913524500903022, "oscillation_cost": 73.03233850154089, "completition_cost": 0.0, "overshoot_cost": 51.85597508031981, "power_cost": 14.876442700195312, "noise_cost": 12.616880212237218, "n_waypoints_completed": 9, "tot_waypoints": 9}}
{"target": -210.91680104577563, "params": {"k_pid_pos": [1.9780820608139038, 0.007897824048995972, 0.0], "k_pid_alt": [1.9412519931793213, 0.004387319087982178, 0.9946839809417725], "k_pid_att": [90.51554870605469, 0.34499791264533997, 0.9893688559532166], "k_pid_yaw": [0.5, 1e-06, 0.1], "k_pid_hsp": [9.985865592956543, 0.9911496043205261, 0.009197920560836792], "k_pid_vsp": [400.0, 389.05743408203125, 45.81597900390625]}, "datetime": {"datetime": "2025-08-20 22:13:30", "elapsed": 37264.565272808075, "delta": 15.081103801727295}, "costs": {"total_cost": 210.91680104577563, "time_cost": 69.57600000000001, "final_distance_cost": 1.754745831665084, "oscillation_cost": 65.37576573230847, "completition_cost": 0.0, "overshoot_cost": 49.78228874485858, "power_cost": 13.590991955566407, "noise_cost": 10.837008781377087, "n_waypoints_completed": 9, "tot_waypoints": 9}}
{"target": -206.2581422696799, "params": {"k_pid_pos": [1.9888497591018677, 0.008176982402801514, 3.5822391510009766e-05], "k_pid_alt": [1.9597132205963135, 0.044482797384262085, 0.9968268871307373], "k_pid_att": [99.89405822753906, 0.09006426483392715, 0.9834450483322144], "k_pid_yaw": [0.5, 1e-06, 0.1], "k_pid_hsp": [9.969233512878418, 0.9194702506065369, 0.005453616380691528], "k_pid_vsp": [400.0, 392.88818359375, 25.897218704223633]}, "datetime": {"datetime": "2025-08-20 22:13:46", "elapsed": 37281.349398851395, "delta": 16.784126043319702}, "costs": {"total_cost": 206.2581422696799, "time_cost": 69.528, "final_distance_cost": 1.7699558451981976, "oscillation_cost": 59.89616144804249, "completition_cost": 0.0, "overshoot_cost": 50.60821660187754, "power_cost": 13.50047166748047, "noise_cost": 10.955336707081193, "n_waypoints_completed": 9, "tot_waypoints": 9}}
{"target": -210.77040314845775, "params": {"k_pid_pos": [1.993721842765808, 0.007763206958770752, 0.4826710522174835], "k_pid_alt": [1.9627041816711426, 0.03291916847229004, 0.9943538308143616], "k_pid_att": [97.27467346191406, 0.22363246977329254, 0.9557123780250549], "k_pid_yaw": [0.5, 1e-06, 0.1], "k_pid_hsp": [8.978211402893066, 0.9823771119117737, 0.008130133152008057], "k_pid_vsp": [400.0, 396.0537414550781, 3.0203232765197754]}, "datetime": {"datetime": "2025-08-20 22:14:01", "elapsed": 37296.13609933853, "delta": 14.78670048713684}, "costs": {"total_cost": 210.77040314845775, "time_cost": 68.928, "final_distance_cost": 1.8083685087008041, "oscillation_cost": 65.69641693156157, "completition_cost": 0.0, "overshoot_cost": 50.28977747412231, "power_cost": 12.627264453125001, "noise_cost": 11.420575780948077, "n_waypoints_completed": 9, "tot_waypoints": 9}}
{"target": -222.1928494679708, "params": {"k_pid_pos": [1.8850204944610596, 0.010566771030426025, 0.0], "k_pid_alt": [1.944441795349121, 0.007953733205795288, 0.9720256328582764], "k_pid_att": [88.68577575683594, 0.2115030437707901, 0.9699429869651794], "k_pid_yaw": [0.5, 1e-06, 0.1], "k_pid_hsp": [9.617250442504883, 0.9924064874649048, 0.07441085577011108], "k_pid_vsp": [400.0, 390.5155029296875, 5.008901119232178]}, "datetime": {"datetime": "2025-08-20 22:14:18", "elapsed": 37312.99818611145, "delta": 16.8620867729187}, "costs": {"total_cost": 222.1928494679708, "time_cost": 69.32000000000001, "final_distance_cost": 1.777807245476087, "oscillation_cost": 75.52823904584463, "completition_cost": 0.0, "overshoot_cost": 50.60575015897327, "power_cost": 13.360623706054689, "noise_cost": 11.600429311622106, "n_waypoints_completed": 9, "tot_waypoints": 9}}
{"target": -233.89063194289335, "params": {"k_pid_pos": [1.910949945449829, 0.042318880558013916, 0.0], "k_pid_alt": [1.977095603942871, 0.043653011322021484, 0.9961488246917725], "k_pid_att": [98.37254333496094, 0.029922885820269585, 0.9934466481208801], "k_pid_yaw": [0.5, 1e-06, 0.1], "k_pid_hsp": [9.93045711517334, 0.9698840379714966, 0.03787636756896973], "k_pid_vsp": [400.0, 395.875, 10.796202659606934]}, "datetime": {"datetime": "2025-08-20 22:14:34", "elapsed": 37329.43457531929, "delta": 16.436389207839966}, "costs": {"total_cost": 233.89063194289335, "time_cost": 69.592, "final_distance_cost": 1.7589026470024058, "oscillation_cost": 87.9542118527106, "completition_cost": 0.0, "overshoot_cost": 50.68524030991998, "power_cost": 12.839728955078126, "noise_cost": 11.06054817818225, "n_waypoints_completed": 9, "tot_waypoints": 9}}
{"target": -216.49608872137983, "params": {"k_pid_pos": [1.965667963027954, 0.028178036212921143, 1.1920928955078125e-06], "k_pid_alt": [1.8459068536758423, 0.03995141386985779, 0.9847519397735596], "k_pid_att": [97.52099609375, 0.07957872003316879, 0.6854629516601562], "k_pid_yaw": [0.5, 1e-06, 0.1], "k_pid_hsp": [9.42447566986084, 0.9903501868247986, 0.010998934507369995], "k_pid_vsp": [400.0, 399.0616455078125, 4.918969631195068]}, "datetime": {"datetime": "2025-08-20 22:14:53", "elapsed": 37347.816170454025, "delta": 18.381595134735107}, "costs": {"total_cost": 216.49608872137983, "time_cost": 70.04, "final_distance_cost": 1.765413387620674, "oscillation_cost": 69.57691622925407, "completition_cost": 0.0, "overshoot_cost": 50.53970078367525, "power_cost": 13.042062194824219, "noise_cost": 11.531996126005625, "n_waypoints_completed": 9, "tot_waypoints": 9}}
{"target": -246.09383137605633, "params": {"k_pid_pos": [1.9697099924087524, 0.009640634059906006, 0.0], "k_pid_alt": [1.9739596843719482, 0.07129848003387451, 0.9687260985374451], "k_pid_att": [98.57926177978516, 0.02685953490436077, 0.9935554265975952], "k_pid_yaw": [0.5, 1e-06, 0.1], "k_pid_hsp": [9.965727806091309, 0.9929687976837158, 0.034083932638168335], "k_pid_vsp": [400.0, 392.3595275878906, 10.854316711425781]}, "datetime": {"datetime": "2025-08-20 22:15:10", "elapsed": 37365.43437099457, "delta": 17.618200540542603}, "costs": {"total_cost": 246.09383137605633, "time_cost": 80.552, "final_distance_cost": 1.7709671695287938, "oscillation_cost": 80.74874516352293, "completition_cost": 0.0, "overshoot_cost": 52.690544935573485, "power_cost": 16.723086364746095, "noise_cost": 13.608487742685014, "n_waypoints_completed": 9, "tot_waypoints": 9}}
{"target": -237.78304295496818, "params": {"k_pid_pos": [1.9651905298233032, 0.024221092462539673, 0.7679853439331055], "k_pid_alt": [1.9901912212371826, 0.011486977338790894, 0.9865228533744812], "k_pid_att": [99.72709655761719, 0.13022786378860474, 0.9557920694351196], "k_pid_yaw": [0.5, 1e-06, 0.1], "k_pid_hsp": [9.924586296081543, 0.9873180985450745, 0.013562381267547607], "k_pid_vsp": [400.0, 390.87890625, 1.6780743598937988]}, "datetime": {"datetime": "2025-08-20 22:15:27", "elapsed": 37382.120971918106, "delta": 16.686600923538208}, "costs": {"total_cost": 237.78304295496818, "time_cost": 69.376, "final_distance_cost": 1.84060291874515, "oscillation_cost": 91.86401824923591, "completition_cost": 0.0, "overshoot_cost": 50.22478372842477, "power_cost": 12.82664833984375, "noise_cost": 11.650989718718597, "n_waypoints_completed": 9, "tot_waypoints": 9}}
{"target": -231.96638244135596, "params": {"k_pid_pos": [1.9329874515533447, 0.0035082101821899414, 0.0], "k_pid_alt": [1.97655189037323, 0.011318117380142212, 0.9972026348114014], "k_pid_att": [99.2386474609375, 0.8135635256767273, 0.9661499261856079], "k_pid_yaw": [0.5, 1e-06, 0.1], "k_pid_hsp": [9.888697624206543, 0.995224118232727, 0.04250103235244751], "k_pid_vsp": [400.0, 389.4624328613281, 16.02710723876953]}, "datetime": {"datetime": "2025-08-20 22:15:43", "elapsed": 37397.662492752075, "delta": 15.541520833969116}, "costs": {"total_cost": 231.96638244135596, "time_cost": 69.44, "final_distance_cost": 1.7308439092051857, "oscillation_cost": 81.60702777021326, "completition_cost": 0.0, "overshoot_cost": 50.48453003210214, "power_cost": 16.221035290527343, "noise_cost": 12.482945439308008, "n_waypoints_completed": 9, "tot_waypoints": 9}}
{"target": -214.82942584269668, "params": {"k_pid_pos": [1.9493438005447388, 0.034457653760910034, 0.0], "k_pid_alt": [1.9215314388275146, 0.009452611207962036, 0.9617576599121094], "k_pid_att": [99.79126739501953, 0.24974201619625092, 0.987259566783905], "k_pid_yaw": [0.5, 1e-06, 0.1], "k_pid_hsp": [9.903667449951172, 0.9576277136802673, 0.028805047273635864], "k_pid_vsp": [400.0, 363.1771545410156, 49.100982666015625]}, "datetime": {"datetime": "2025-08-20 22:15:59", "elapsed": 37413.98662209511, "delta": 16.324129343032837}, "costs": {"total_cost": 214.82942584269668, "time_cost": 69.28, "final_distance_cost": 1.760598541212163, "oscillation_cost": 68.44067876382306, "completition_cost": 0.0, "overshoot_cost": 50.23111165643964, "power_cost": 13.887685791015626, "noise_cost": 11.229351090206181, "n_waypoints_completed": 9, "tot_waypoints": 9}}
{"target": -219.03027799797417, "params": {"k_pid_pos": [1.8092014789581299, 0.041667282581329346, 0.0], "k_pid_alt": [1.965099573135376, 0.013602793216705322, 0.9959425926208496], "k_pid_att": [97.72941589355469, 0.30464062094688416, 0.9973230957984924], "k_pid_yaw": [0.5, 1e-06, 0.1], "k_pid_hsp": [9.853014945983887, 0.9624947309494019, 0.016947299242019653], "k_pid_vsp": [400.0, 394.7477722167969, 10.118199348449707]}, "datetime": {"datetime": "2025-08-20 22:16:15", "elapsed": 37430.26311588287, "delta": 16.276493787765503}, "costs": {"total_cost": 219.03027799797417, "time_cost": 69.624, "final_distance_cost": 1.759300724611643, "oscillation_cost": 69.9611155660153, "completition_cost": 0.0, "overshoot_cost": 50.431617580737075, "power_cost": 15.005046020507812, "noise_cost": 12.249198106102313, "n_waypoints_completed": 9, "tot_waypoints": 9}}
{"target": -207.63842006122363, "params": {"k_pid_pos": [1.9370951652526855, 0.007992476224899292, 0.0], "k_pid_alt": [1.825758457183838, 0.05032390356063843, 0.9774202108383179], "k_pid_att": [98.03693389892578, 0.11169695854187012, 0.9484788179397583], "k_pid_yaw": [0.5, 1e-06, 0.1], "k_pid_hsp": [9.039738655090332, 0.9916132688522339, 0.007468909025192261], "k_pid_vsp": [400.0, 388.4905090332031, 5.08552885055542]}, "datetime": {"datetime": "2025-08-20 22:16:31", "elapsed": 37446.13961338997, "delta": 15.876497507095337}, "costs": {"total_cost": 207.63842006122363, "time_cost": 69.936, "final_distance_cost": 1.7539826005747232, "oscillation_cost": 60.77143221171271, "completition_cost": 0.0, "overshoot_cost": 50.83834021145287, "power_cost": 12.864829406738282, "noise_cost": 11.473835630745004, "n_waypoints_completed": 9, "tot_waypoints": 9}}
{"target": -208.88274855308438, "params": {"k_pid_pos": [1.980733036994934, 0.005441993474960327, 0.0], "k_pid_alt": [1.8115849494934082, 0.01090899109840393, 0.9452778697013855], "k_pid_att": [98.81912994384766, 0.09611616283655167, 0.9880954027175903], "k_pid_yaw": [0.5, 1e-06, 0.1], "k_pid_hsp": [9.559794425964355, 0.8578194975852966, 0.024987518787384033], "k_pid_vsp": [291.0289001464844, 392.3623352050781, 26.15130043029785]}, "datetime": {"datetime": "2025-08-20 22:16:47", "elapsed": 37462.20818400383, "delta": 16.068570613861084}, "costs": {"total_cost": 208.88274855308438, "time_cost": 69.528, "final_distance_cost": 1.7501237534357172, "oscillation_cost": 63.35999580137197, "completition_cost": 0.0, "overshoot_cost": 50.02675059339496, "power_cost": 13.346365551757813, "noise_cost": 10.8715128531239, "n_waypoints_completed": 9, "tot_waypoints": 9}}
{"target": -213.05342053129928, "params": {"k_pid_pos": [1.9792898893356323, 0.004774957895278931, 0.0], "k_pid_alt": [1.937502145767212, 0.06478753685951233, 0.9012484550476074], "k_pid_att": [82.70622253417969, 0.034530576318502426, 0.9406769275665283], "k_pid_yaw": [0.5, 1e-06, 0.1], "k_pid_hsp": [9.808176040649414, 0.9537884593009949, 0.027521848678588867], "k_pid_vsp": [399.9992980957031, 386.5573425292969, 39.05136489868164]}, "datetime": {"datetime": "2025-08-20 22:17:05", "elapsed": 37480.28601741791, "delta": 18.07783341407776}, "costs": {"total_cost": 213.05342053129928, "time_cost": 69.84, "final_distance_cost": 1.7740805971615146, "oscillation_cost": 65.11041201616926, "completition_cost": 0.0, "overshoot_cost": 50.7421514554661, "power_cost": 14.175269982910157, "noise_cost": 11.411506479592257, "n_waypoints_completed": 9, "tot_waypoints": 9}}
{"target": -221.83615451058836, "params": {"k_pid_pos": [1.9511747360229492, 0.13681697845458984, 0.0], "k_pid_alt": [1.966017723083496, 0.025930315256118774, 0.9982664585113525], "k_pid_att": [87.78783416748047, 0.21088911592960358, 0.9253795146942139], "k_pid_yaw": [0.5, 1e-06, 0.1], "k_pid_hsp": [9.862343788146973, 0.9877123832702637, 0.03030836582183838], "k_pid_vsp": [400.0, 398.82421875, 0.740934431552887]}, "datetime": {"datetime": "2025-08-20 22:17:21", "elapsed": 37495.55605840683, "delta": 15.27004098892212}, "costs": {"total_cost": 221.83615451058836, "time_cost": 70.104, "final_distance_cost": 1.7224226893309469, "oscillation_cost": 73.7484892495748, "completition_cost": 0.0, "overshoot_cost": 50.99329930434067, "power_cost": 13.439546362304688, "noise_cost": 11.828396905037243, "n_waypoints_completed": 9, "tot_waypoints": 9}}
{"target": -224.64959724300715, "params": {"k_pid_pos": [1.9183845520019531, 0.11785516142845154, 0.0], "k_pid_alt": [1.9771199226379395, 0.02222380042076111, 0.9861079454421997], "k_pid_att": [96.91552734375, 0.22056792676448822, 0.9948992729187012], "k_pid_yaw": [0.5, 1e-06, 0.1], "k_pid_hsp": [9.785508155822754, 0.9931366443634033, 0.08162006735801697], "k_pid_vsp": [400.0, 389.75347900390625, 1.7860779762268066]}, "datetime": {"datetime": "2025-08-20 22:17:37", "elapsed": 37512.45538377762, "delta": 16.899325370788574}, "costs": {"total_cost": 224.64959724300715, "time_cost": 69.744, "final_distance_cost": 1.7754241169175304, "oscillation_cost": 77.0902400852641, "completition_cost": 0.0, "overshoot_cost": 50.52421839152414, "power_cost": 13.684353527832032, "noise_cost": 11.831361121469355, "n_waypoints_completed": 9, "tot_waypoints": 9}}
{"target": -228.07870909861708, "params": {"k_pid_pos": [1.8323187828063965, 0.14526325464248657, 0.0002358853816986084], "k_pid_alt": [1.974900722503662, 0.045033782720565796, 0.9926008582115173], "k_pid_att": [98.99390411376953, 0.40920549631118774, 0.9675301313400269], "k_pid_yaw": [0.5, 1e-06, 0.1], "k_pid_hsp": [9.01188850402832, 0.9259268641471863, 0.04298338294029236], "k_pid_vsp": [400.0, 379.3690490722656, 14.929856300354004]}, "datetime": {"datetime": "2025-08-20 22:17:54", "elapsed": 37528.831852674484, "delta": 16.376468896865845}, "costs": {"total_cost": 228.07870909861708, "time_cost": 74.552, "final_distance_cost": 1.7568731841071747, "oscillation_cost": 72.81458559412128, "completition_cost": 0.0, "overshoot_cost": 52.113525254742015, "power_cost": 14.843263208007814, "noise_cost": 11.998461857638768, "n_waypoints_completed": 9, "tot_waypoints": 9}}
{"target": -203.66200880620485, "params": {"k_pid_pos": [1.5643107891082764, 0.009588152170181274, 0.0], "k_pid_alt": [1.944640874862671, 0.011766910552978516, 0.9247342348098755], "k_pid_att": [97.8934555053711, 0.4142923951148987, 0.9709742069244385], "k_pid_yaw": [0.5, 1e-06, 0.1], "k_pid_hsp": [9.779757499694824, 0.9905513525009155, 0.0031291842460632324], "k_pid_vsp": [399.4454040527344, 397.2284851074219, 2.962554454803467]}, "datetime": {"datetime": "2025-08-20 22:18:10", "elapsed": 37545.411407232285, "delta": 16.579554557800293}, "costs": {"total_cost": 203.66200880620485, "time_cost": 69.0, "final_distance_cost": 1.7823707366588433, "oscillation_cost": 58.880559504005625, "completition_cost": 0.0, "overshoot_cost": 50.10023338098279, "power_cost": 12.614060852050782, "noise_cost": 11.284784332506794, "n_waypoints_completed": 9, "tot_waypoints": 9}}
{"target": -233.49003266424177, "params": {"k_pid_pos": [1.9489150047302246, 0.02090364694595337, 2.4437904357910156e-06], "k_pid_alt": [1.997511625289917, 0.009154319763183594, 0.9709032773971558], "k_pid_att": [98.01182556152344, 0.07473142445087433, 0.9931409358978271], "k_pid_yaw": [0.5, 1e-06, 0.1], "k_pid_hsp": [9.429180145263672, 0.9929488897323608, 0.07453835010528564], "k_pid_vsp": [400.0, 395.07830810546875, 11.979461669921875]}, "datetime": {"datetime": "2025-08-20 22:18:26", "elapsed": 37561.041477918625, "delta": 15.630070686340332}, "costs": {"total_cost": 233.49003266424177, "time_cost": 69.416, "final_distance_cost": 1.7512820437548762, "oscillation_cost": 86.76980186173083, "completition_cost": 0.0, "overshoot_cost": 50.32154433980784, "power_cost": 13.701640686035157, "noise_cost": 11.529763732913084, "n_waypoints_completed": 9, "tot_waypoints": 9}}
{"target": -206.31296516860743, "params": {"k_pid_pos": [1.9783579111099243, 0.029409438371658325, 5.960464477539063e-08], "k_pid_alt": [1.9797396659851074, 0.04117545485496521, 0.9967436790466309], "k_pid_att": [97.96524047851562, 0.05223029851913452, 0.9421715140342712], "k_pid_yaw": [0.5, 1e-06, 0.1], "k_pid_hsp": [9.906929016113281, 0.9839835166931152, 0.0059545934200286865], "k_pid_vsp": [359.13372802734375, 383.7362365722656, 1.7706642150878906]}, "datetime": {"datetime": "2025-08-20 22:18:42", "elapsed": 37577.04230952263, "delta": 16.000831604003906}, "costs": {"total_cost": 206.31296516860743, "time_cost": 70.032, "final_distance_cost": 1.7908466351988774, "oscillation_cost": 59.4918550323428, "completition_cost": 0.0, "overshoot_cost": 50.67636301016863, "power_cost": 12.904075170898437, "noise_cost": 11.417825319998691, "n_waypoints_completed": 9, "tot_waypoints": 9}}
{"target": -200.889433376167, "params": {"k_pid_pos": [1.9259048700332642, 0.045338720083236694, 8.642673492431641e-07], "k_pid_alt": [1.9947370290756226, 0.009133994579315186, 0.9874191284179688], "k_pid_att": [99.80581665039062, 0.24951790273189545, 0.9435753226280212], "k_pid_yaw": [0.5, 1e-06, 0.1], "k_pid_hsp": [9.079795837402344, 0.955758273601532, 0.008344531059265137], "k_pid_vsp": [400.0, 389.96612548828125, 16.054489135742188]}, "datetime": {"datetime": "2025-08-20 22:18:58", "elapsed": 37593.02630805969, "delta": 15.983998537063599}, "costs": {"total_cost": 200.889433376167, "time_cost": 69.792, "final_distance_cost": 1.7846411452494877, "oscillation_cost": 58.824593341604995, "completition_cost": 0.0, "overshoot_cost": 50.56479544030386, "power_cost": 10.52958193359375, "noise_cost": 9.393821515414881, "n_waypoints_completed": 9, "tot_waypoints": 9}}
{"target": -234.67981111736995, "params": {"k_pid_pos": [1.9954113960266113, 0.06896966695785522, 0.0], "k_pid_alt": [1.9708892107009888, 0.013579100370407104, 0.9816144704818726], "k_pid_att": [99.49164581298828, 0.15409749746322632, 0.9660121202468872], "k_pid_yaw": [0.5, 1e-06, 0.1], "k_pid_hsp": [8.753087997436523, 0.9461718201637268, 0.06096091866493225], "k_pid_vsp": [400.0, 391.81298828125, 9.86242389678955]}, "datetime": {"datetime": "2025-08-20 22:19:14", "elapsed": 37609.17607879639, "delta": 16.149770736694336}, "costs": {"total_cost": 234.67981111736995, "time_cost": 69.736, "final_distance_cost": 1.7856095299040002, "oscillation_cost": 87.36920042828163, "completition_cost": 0.0, "overshoot_cost": 50.51997075183824, "power_cost": 13.576705078125, "noise_cost": 11.692325329221097, "n_waypoints_completed": 9, "tot_waypoints": 9}}
{"target": -214.31808642621988, "params": {"k_pid_pos": [1.9802591800689697, 0.002679675817489624, 0.0024584829807281494], "k_pid_alt": [1.9649335145950317, 0.058960527181625366, 0.9836025238037109], "k_pid_att": [98.86094665527344, 0.35875481367111206, 0.9669074416160583], "k_pid_yaw": [0.5, 1e-06, 0.1], "k_pid_hsp": [9.891108512878418, 0.9963734745979309, 0.030372977256774902], "k_pid_vsp": [399.9757995605469, 383.2608337402344, 26.780797958374023]}, "datetime": {"datetime": "2025-08-20 22:19:31", "elapsed": 37625.6050658226, "delta": 16.4289870262146}, "costs": {"total_cost": 214.31808642621988, "time_cost": 69.70400000000001, "final_distance_cost": 1.7551206031899, "oscillation_cost": 68.60910461884421, "completition_cost": 0.0, "overshoot_cost": 50.88648102011994, "power_cost": 12.650640954589845, "noise_cost": 10.71273922947598, "n_waypoints_completed": 9, "tot_waypoints": 9}}
