{"target": -209.04423273912175, "params": {"k_pid_pos": [1.8404922485351562, 0.012226849794387817, 0.0], "k_pid_alt": [1.8145101070404053, 0.017395496368408203, 0.9660744071006775], "k_pid_att": [97.77842712402344, 0.6378666162490845, 0.989102840423584], "k_pid_yaw": [0.5, 1e-06, 0.1], "k_pid_hsp": [9.87686538696289, 0.924325704574585, 0.028152942657470703], "k_pid_vsp": [398.4441223144531, 376.4603271484375, 6.341529846191406]}, "datetime": {"datetime": "2025-08-20 22:33:49", "elapsed": 38483.74991607666, "delta": 15.444212913513184}, "costs": {"total_cost": 209.04423273912175, "time_cost": 69.712, "final_distance_cost": 1.7352321126641266, "oscillation_cost": 62.91407837462148, "completition_cost": 0.0, "overshoot_cost": 50.264952580454775, "power_cost": 12.933198791503907, "noise_cost": 11.484770879877445, "n_waypoints_completed": 9, "tot_waypoints": 9}}
{"target": -212.5585159240775, "params": {"k_pid_pos": [1.985274314880371, 0.022030174732208252, 0.0005587935447692871], "k_pid_alt": [1.9598639011383057, 0.039562344551086426, 0.9875027537345886], "k_pid_att": [99.64175415039062, 0.5446098446846008, 0.991936445236206], "k_pid_yaw": [0.5, 1e-06, 0.1], "k_pid_hsp": [9.60089111328125, 0.9973710775375366, 0.0033453702926635742], "k_pid_vsp": [400.0, 395.1839599609375, 9.70610523223877]}, "datetime": {"datetime": "2025-08-20 22:34:05", "elapsed": 38500.40238261223, "delta": 16.652466535568237}, "costs": {"total_cost": 212.5585159240775, "time_cost": 69.608, "final_distance_cost": 1.7905354710469987, "oscillation_cost": 65.16022155557496, "completition_cost": 0.0, "overshoot_cost": 50.785502277115846, "power_cost": 13.723526733398439, "noise_cost": 11.490729886941258, "n_waypoints_completed": 9, "tot_waypoints": 9}}
{"target": -213.99000946855162, "params": {"k_pid_pos": [1.971055507659912, 0.010611265897750854, 0.0], "k_pid_alt": [1.9590693712234497, 0.0041273534297943115, 0.9955915212631226], "k_pid_att": [96.77230072021484, 0.16763803362846375, 0.9566339254379272], "k_pid_yaw": [0.5, 1e-06, 0.1], "k_pid_hsp": [9.875502586364746, 0.9885733127593994, 0.052229076623916626], "k_pid_vsp": [400.0, 391.9618835449219, 4.438305854797363]}, "datetime": {"datetime": "2025-08-20 22:34:21", "elapsed": 38515.67935490608, "delta": 15.27697229385376}, "costs": {"total_cost": 213.99000946855162, "time_cost": 69.64, "final_distance_cost": 1.7426805791061908, "oscillation_cost": 68.06297527255735, "completition_cost": 0.0, "overshoot_cost": 49.8512963277123, "power_cost": 13.103283813476564, "noise_cost": 11.589773475699179, "n_waypoints_completed": 9, "tot_waypoints": 9}}
{"target": -218.78963666068714, "params": {"k_pid_pos": [1.9844043254852295, 0.019865602254867554, 1.1920928955078125e-07], "k_pid_alt": [1.936722993850708, 0.0004029273986816406, 0.9976447820663452], "k_pid_att": [96.87832641601562, 0.6202419996261597, 0.9694494009017944], "k_pid_yaw": [0.5, 1e-06, 0.1], "k_pid_hsp": [9.903654098510742, 0.9820691347122192, 0.014021426439285278], "k_pid_vsp": [400.0, 390.01593017578125, 3.3752331733703613]}, "datetime": {"datetime": "2025-08-20 22:34:38", "elapsed": 38532.98062467575, "delta": 17.30126976966858}, "costs": {"total_cost": 218.78963666068714, "time_cost": 70.136, "final_distance_cost": 1.7924174043412533, "oscillation_cost": 71.83756912108633, "completition_cost": 0.0, "overshoot_cost": 50.264171557946014, "power_cost": 13.16916707763672, "noise_cost": 11.590311499676806, "n_waypoints_completed": 9, "tot_waypoints": 9}}
{"target": -212.46265966524794, "params": {"k_pid_pos": [1.9721527099609375, 0.009686142206192017, 0.0], "k_pid_alt": [1.9884276390075684, 0.025678545236587524, 0.9856100082397461], "k_pid_att": [92.22756958007812, 0.03648111969232559, 0.9983553886413574], "k_pid_yaw": [0.5, 1e-06, 0.1], "k_pid_hsp": [8.988207817077637, 0.9500480890274048, 0.05423468351364136], "k_pid_vsp": [400.0, 397.7237548828125, 14.178467750549316]}, "datetime": {"datetime": "2025-08-20 22:34:53", "elapsed": 38548.18868517876, "delta": 15.208060503005981}, "costs": {"total_cost": 212.46265966524794, "time_cost": 69.384, "final_distance_cost": 1.7692173865173213, "oscillation_cost": 67.36906324126694, "completition_cost": 0.0, "overshoot_cost": 50.33545554471392, "power_cost": 12.771125000000001, "noise_cost": 10.833798492749763, "n_waypoints_completed": 9, "tot_waypoints": 9}}
{"target": -463.44460160477354, "params": {"k_pid_pos": [1.9029520750045776, 0.007865190505981445, 0.0], "k_pid_alt": [1.8700438737869263, 0.08438897132873535, 0.9673948884010315], "k_pid_att": [96.22891998291016, 0.11478713154792786, 0.996225118637085], "k_pid_yaw": [0.5, 1e-06, 0.1], "k_pid_hsp": [9.719090461730957, 0.9486863613128662, 0.014697462320327759], "k_pid_vsp": [9.5367431640625e-05, 375.9570007324219, 72.40314483642578]}, "datetime": {"datetime": "2025-08-20 22:35:19", "elapsed": 38573.61178803444, "delta": 25.423102855682373}, "costs": {"total_cost": 463.44460160477354, "time_cost": 150, "final_distance_cost": 18.582539260799102, "oscillation_cost": 95.7989658780213, "completition_cost": 111.11111111111116, "overshoot_cost": 55.80888471878374, "power_cost": 17.598368127441407, "noise_cost": 14.544732508616818, "n_waypoints_completed": 8, "tot_waypoints": 9}}
{"target": -223.32842864720368, "params": {"k_pid_pos": [1.973962664604187, 0.04410785436630249, 1.4901161193847656e-07], "k_pid_alt": [1.9923547506332397, 0.011844277381896973, 0.9641945958137512], "k_pid_att": [98.8995361328125, 1.04460608959198, 0.9894511103630066], "k_pid_yaw": [0.5, 1e-06, 0.1], "k_pid_hsp": [9.891925811767578, 0.9888920783996582, 0.014754414558410645], "k_pid_vsp": [400.0, 397.6387023925781, 22.649539947509766]}, "datetime": {"datetime": "2025-08-20 22:35:34", "elapsed": 38588.67578840256, "delta": 15.064000368118286}, "costs": {"total_cost": 223.32842864720368, "time_cost": 69.68, "final_distance_cost": 1.7289454160653424, "oscillation_cost": 72.32308587938806, "completition_cost": 0.0, "overshoot_cost": 50.11120920844677, "power_cost": 16.69335192871094, "noise_cost": 12.791836214592573, "n_waypoints_completed": 9, "tot_waypoints": 9}}
{"target": -214.60168829443847, "params": {"k_pid_pos": [1.9812414646148682, 0.013124942779541016, 0.0], "k_pid_alt": [1.919937252998352, 0.003550022840499878, 0.976297914981842], "k_pid_att": [95.45189666748047, 0.23827926814556122, 0.9744080305099487], "k_pid_yaw": [0.5, 1e-06, 0.1], "k_pid_hsp": [9.839103698730469, 0.9988071918487549, 0.010305464267730713], "k_pid_vsp": [400.0, 354.35882568359375, 4.001534938812256]}, "datetime": {"datetime": "2025-08-20 22:35:52", "elapsed": 38606.75139379501, "delta": 18.075605392456055}, "costs": {"total_cost": 214.60168829443847, "time_cost": 70.016, "final_distance_cost": 1.7758855975045584, "oscillation_cost": 67.54921483859158, "completition_cost": 0.0, "overshoot_cost": 50.48474344195825, "power_cost": 13.209451428222657, "noise_cost": 11.566392988161436, "n_waypoints_completed": 9, "tot_waypoints": 9}}
{"target": -210.10825789047522, "params": {"k_pid_pos": [1.9679821729660034, 0.012731671333312988, 0.0005828738212585449], "k_pid_alt": [1.9788763523101807, 0.012452363967895508, 0.9913554191589355], "k_pid_att": [99.49026489257812, 0.18962746858596802, 0.9882797002792358], "k_pid_yaw": [0.5, 1e-06, 0.1], "k_pid_hsp": [9.885730743408203, 0.9849532842636108, 0.004320383071899414], "k_pid_vsp": [399.9991760253906, 396.16290283203125, 14.52989673614502]}, "datetime": {"datetime": "2025-08-20 22:36:08", "elapsed": 38623.149312734604, "delta": 16.397918939590454}, "costs": {"total_cost": 210.10825789047522, "time_cost": 69.688, "final_distance_cost": 1.7707591359716885, "oscillation_cost": 60.65525847582812, "completition_cost": 0.0, "overshoot_cost": 50.599822193269176, "power_cost": 15.328728588867188, "noise_cost": 12.065689496539044, "n_waypoints_completed": 9, "tot_waypoints": 9}}
{"target": -225.2091495058507, "params": {"k_pid_pos": [1.887617588043213, 0.010556280612945557, 0.0], "k_pid_alt": [1.946789264678955, 0.005211204290390015, 0.9819565415382385], "k_pid_att": [97.73890686035156, 0.15566328167915344, 0.9860405325889587], "k_pid_yaw": [0.5, 1e-06, 0.1], "k_pid_hsp": [9.499939918518066, 0.9802296161651611, 0.033241063356399536], "k_pid_vsp": [400.0, 396.1948547363281, 8.745444297790527]}, "datetime": {"datetime": "2025-08-20 22:36:25", "elapsed": 38640.22982573509, "delta": 17.08051300048828}, "costs": {"total_cost": 225.2091495058507, "time_cost": 69.608, "final_distance_cost": 1.740247550364373, "oscillation_cost": 80.03873232170476, "completition_cost": 0.0, "overshoot_cost": 49.750384662138494, "power_cost": 12.777819689941406, "noise_cost": 11.29396528170168, "n_waypoints_completed": 9, "tot_waypoints": 9}}
{"target": -210.94155800565147, "params": {"k_pid_pos": [1.84490168094635, 0.028990119695663452, 0.0], "k_pid_alt": [1.9979908466339111, 0.006294339895248413, 0.9646121263504028], "k_pid_att": [97.2848892211914, 0.3320566713809967, 0.9946757555007935], "k_pid_yaw": [0.5, 1e-06, 0.1], "k_pid_hsp": [8.907546997070312, 0.9926588535308838, 0.018934309482574463], "k_pid_vsp": [400.0, 393.53521728515625, 9.921051025390625]}, "datetime": {"datetime": "2025-08-20 22:36:41", "elapsed": 38655.50490283966, "delta": 15.275077104568481}, "costs": {"total_cost": 210.94155800565147, "time_cost": 69.496, "final_distance_cost": 1.7580150667511718, "oscillation_cost": 62.90809231094579, "completition_cost": 0.0, "overshoot_cost": 50.137537211996005, "power_cost": 14.733641870117188, "noise_cost": 11.908271545841322, "n_waypoints_completed": 9, "tot_waypoints": 9}}
{"target": -230.6185363566687, "params": {"k_pid_pos": [1.928300380706787, 0.009662538766860962, 0.0], "k_pid_alt": [1.823480248451233, 0.021428227424621582, 0.9929698705673218], "k_pid_att": [96.33894348144531, 0.6739500164985657, 0.977843165397644], "k_pid_yaw": [0.5, 1e-06, 0.1], "k_pid_hsp": [9.802525520324707, 0.8462772965431213, 0.05249917507171631], "k_pid_vsp": [400.0, 393.9537658691406, 29.294265747070312]}, "datetime": {"datetime": "2025-08-20 22:36:57", "elapsed": 38672.47301840782, "delta": 16.96811556816101}, "costs": {"total_cost": 230.6185363566687, "time_cost": 69.168, "final_distance_cost": 1.7660590636627165, "oscillation_cost": 83.43347575681035, "completition_cost": 0.0, "overshoot_cost": 50.192531657145665, "power_cost": 14.458939086914063, "noise_cost": 11.599530792135877, "n_waypoints_completed": 9, "tot_waypoints": 9}}
{"target": -231.15850910340507, "params": {"k_pid_pos": [1.9921709299087524, 0.03326192498207092, 0.0], "k_pid_alt": [1.8627774715423584, 0.016266822814941406, 0.9906860589981079], "k_pid_att": [95.16584014892578, 0.07786331325769424, 0.9833652377128601], "k_pid_yaw": [0.5, 1e-06, 0.1], "k_pid_hsp": [9.623764991760254, 0.9046230316162109, 0.021659284830093384], "k_pid_vsp": [387.9812316894531, 375.9046936035156, 1.4337310791015625]}, "datetime": {"datetime": "2025-08-20 22:37:16", "elapsed": 38691.186514377594, "delta": 18.71349596977234}, "costs": {"total_cost": 231.15850910340507, "time_cost": 69.712, "final_distance_cost": 1.754700365653779, "oscillation_cost": 84.21330795501603, "completition_cost": 0.0, "overshoot_cost": 50.48472282713881, "power_cost": 13.332658203125, "noise_cost": 11.661119752471471, "n_waypoints_completed": 9, "tot_waypoints": 9}}
{"target": -210.45572463165, "params": {"k_pid_pos": [1.9655152559280396, 0.03345006704330444, 0.0], "k_pid_alt": [1.9648189544677734, 0.05774402618408203, 0.9808985590934753], "k_pid_att": [95.26460266113281, 0.7995762825012207, 0.9946655035018921], "k_pid_yaw": [0.5, 1e-06, 0.1], "k_pid_hsp": [9.663786888122559, 0.9903037548065186, 0.003543257713317871], "k_pid_vsp": [400.0, 394.669189453125, 6.7430267333984375]}, "datetime": {"datetime": "2025-08-20 22:37:31", "elapsed": 38706.30648589134, "delta": 15.119971513748169}, "costs": {"total_cost": 210.45572463165, "time_cost": 69.92, "final_distance_cost": 1.7390938719015008, "oscillation_cost": 62.51933501804371, "completition_cost": 0.0, "overshoot_cost": 51.191770297587865, "power_cost": 13.41557489013672, "noise_cost": 11.669950553980172, "n_waypoints_completed": 9, "tot_waypoints": 9}}
{"target": -232.68604617113945, "params": {"k_pid_pos": [1.9195187091827393, 0.015657484531402588, 0.0], "k_pid_alt": [1.9859209060668945, 0.00900489091873169, 0.9571199417114258], "k_pid_att": [98.23184204101562, 0.19690541923046112, 0.9330632090568542], "k_pid_yaw": [0.5, 1e-06, 0.1], "k_pid_hsp": [9.964579582214355, 0.994531512260437, 0.018460214138031006], "k_pid_vsp": [400.0, 374.8105163574219, 8.994139671325684]}, "datetime": {"datetime": "2025-08-20 22:37:50", "elapsed": 38724.582835674286, "delta": 18.276349782943726}, "costs": {"total_cost": 232.68604617113945, "time_cost": 69.688, "final_distance_cost": 1.7709997798681223, "oscillation_cost": 84.67448859497807, "completition_cost": 0.0, "overshoot_cost": 50.33294433424522, "power_cost": 14.207076989746094, "noise_cost": 12.012536472301958, "n_waypoints_completed": 9, "tot_waypoints": 9}}
{"target": -223.9865839296351, "params": {"k_pid_pos": [1.964939832687378, 0.020905286073684692, 1.3142824172973633e-05], "k_pid_alt": [1.9784678220748901, 0.03338053822517395, 0.9809611439704895], "k_pid_att": [97.53929138183594, 0.1563892662525177, 0.9721382856369019], "k_pid_yaw": [0.5, 1e-06, 0.1], "k_pid_hsp": [9.440637588500977, 0.9619988203048706, 0.039136022329330444], "k_pid_vsp": [400.0, 395.4501037597656, 29.21980857849121]}, "datetime": {"datetime": "2025-08-20 22:38:05", "elapsed": 38739.85594511032, "delta": 15.273109436035156}, "costs": {"total_cost": 223.9865839296351, "time_cost": 69.36, "final_distance_cost": 1.7247801300349872, "oscillation_cost": 77.86982482155464, "completition_cost": 0.0, "overshoot_cost": 50.39476912367255, "power_cost": 13.468076708984375, "noise_cost": 11.169133145388537, "n_waypoints_completed": 9, "tot_waypoints": 9}}
{"target": -243.52248495469416, "params": {"k_pid_pos": [1.9863150119781494, 0.08198928833007812, 0.0], "k_pid_alt": [1.9860037565231323, 0.003986567258834839, 0.9973131418228149], "k_pid_att": [98.3595962524414, 0.287820041179657, 0.9968907833099365], "k_pid_yaw": [0.5, 1e-06, 0.1], "k_pid_hsp": [9.735424041748047, 0.9388320446014404, 0.13093256950378418], "k_pid_vsp": [400.0, 390.62091064453125, 5.404151439666748]}, "datetime": {"datetime": "2025-08-20 22:38:22", "elapsed": 38757.35541033745, "delta": 17.499465227127075}, "costs": {"total_cost": 243.52248495469416, "time_cost": 70.728, "final_distance_cost": 1.77272793422144, "oscillation_cost": 94.19569702497046, "completition_cost": 0.0, "overshoot_cost": 50.13634244417902, "power_cost": 14.465903540039063, "noise_cost": 12.223814011284219, "n_waypoints_completed": 9, "tot_waypoints": 9}}
{"target": -217.53088841695705, "params": {"k_pid_pos": [1.9400907754898071, 0.019215553998947144, 0.0], "k_pid_alt": [1.9737931489944458, 0.02275952696800232, 0.9852151870727539], "k_pid_att": [90.1539306640625, 0.3775286078453064, 0.9943559169769287], "k_pid_yaw": [0.5, 1e-06, 0.1], "k_pid_hsp": [9.328967094421387, 0.9923715591430664, 0.022239595651626587], "k_pid_vsp": [400.0, 387.7693786621094, 0.8771668076515198]}, "datetime": {"datetime": "2025-08-20 22:38:38", "elapsed": 38772.68290805817, "delta": 15.327497720718384}, "costs": {"total_cost": 217.53088841695705, "time_cost": 69.584, "final_distance_cost": 1.7782089384214206, "oscillation_cost": 71.53007327967909, "completition_cost": 0.0, "overshoot_cost": 50.132409334511514, "power_cost": 13.03677430419922, "noise_cost": 11.469422560145826, "n_waypoints_completed": 9, "tot_waypoints": 9}}
{"target": -214.16996766843477, "params": {"k_pid_pos": [1.983789324760437, 0.005069702863693237, 0.0], "k_pid_alt": [1.9740633964538574, 0.010128766298294067, 0.936331033706665], "k_pid_att": [88.31285095214844, 0.38941842317581177, 0.9832466244697571], "k_pid_yaw": [0.5, 1e-06, 0.1], "k_pid_hsp": [9.871092796325684, 0.9485346078872681, 0.014018595218658447], "k_pid_vsp": [400.0, 388.43017578125, 8.26311206817627]}, "datetime": {"datetime": "2025-08-20 22:38:53", "elapsed": 38788.13309288025, "delta": 15.45018482208252}, "costs": {"total_cost": 214.16996766843477, "time_cost": 69.76, "final_distance_cost": 1.7414458205051035, "oscillation_cost": 67.04843943724542, "completition_cost": 0.0, "overshoot_cost": 50.73697856447708, "power_cost": 13.323151342773437, "noise_cost": 11.559952503433706, "n_waypoints_completed": 9, "tot_waypoints": 9}}
{"target": -262.62632531704816, "params": {"k_pid_pos": [1.9582226276397705, 0.002250880002975464, 9.238719940185547e-07], "k_pid_alt": [1.9836952686309814, 0.02059522271156311, 0.9253280162811279], "k_pid_att": [97.295654296875, 0.05569210276007652, 0.920604944229126], "k_pid_yaw": [0.5, 1e-06, 0.1], "k_pid_hsp": [8.962565422058105, 0.9938596487045288, 0.04089277982711792], "k_pid_vsp": [0.017821788787841797, 398.48126220703125, 11.758912086486816]}, "datetime": {"datetime": "2025-08-20 22:39:14", "elapsed": 38809.07220649719, "delta": 20.93911361694336}, "costs": {"total_cost": 262.62632531704816, "time_cost": 79.32000000000001, "final_distance_cost": 1.6966000809684079, "oscillation_cost": 97.18993415951651, "completition_cost": 0.0, "overshoot_cost": 54.87007340848953, "power_cost": 17.162827783203127, "noise_cost": 12.38688988487058, "n_waypoints_completed": 9, "tot_waypoints": 9}}
{"target": -207.81969749254654, "params": {"k_pid_pos": [1.9512916803359985, 0.014719098806381226, 0.0], "k_pid_alt": [1.967340350151062, 0.03839185833930969, 0.9932876229286194], "k_pid_att": [98.44039154052734, 0.20450255274772644, 0.9907206296920776], "k_pid_yaw": [0.5, 1e-06, 0.1], "k_pid_hsp": [9.890774726867676, 0.9724565744400024, 0.008191406726837158], "k_pid_vsp": [400.0, 392.01751708984375, 6.715274810791016]}, "datetime": {"datetime": "2025-08-20 22:39:32", "elapsed": 38826.87490320206, "delta": 17.802696704864502}, "costs": {"total_cost": 207.81969749254654, "time_cost": 69.68, "final_distance_cost": 1.7209914751988182, "oscillation_cost": 61.18416606106793, "completition_cost": 0.0, "overshoot_cost": 50.41316616596629, "power_cost": 13.203723693847657, "noise_cost": 11.617650096465852, "n_waypoints_completed": 9, "tot_waypoints": 9}}
{"target": -202.4387305234962, "params": {"k_pid_pos": [1.9789291620254517, 0.009366452693939209, 0.02684396505355835], "k_pid_alt": [1.9639049768447876, 0.03377309441566467, 0.8905869722366333], "k_pid_att": [87.6766357421875, 0.05592366307973862, 0.9821223020553589], "k_pid_yaw": [0.5, 1e-06, 0.1], "k_pid_hsp": [9.98956298828125, 0.8877560496330261, 0.004771500825881958], "k_pid_vsp": [400.0, 397.9232177734375, 44.7342643737793]}, "datetime": {"datetime": "2025-08-20 22:39:49", "elapsed": 38843.595116853714, "delta": 16.720213651657104}, "costs": {"total_cost": 202.4387305234962, "time_cost": 69.296, "final_distance_cost": 1.7848169184573135, "oscillation_cost": 59.46317957319878, "completition_cost": 0.0, "overshoot_cost": 50.30148486286299, "power_cost": 11.920485656738283, "noise_cost": 9.67276351223881, "n_waypoints_completed": 9, "tot_waypoints": 9}}
{"target": -215.91158866916163, "params": {"k_pid_pos": [1.914543628692627, 0.016790032386779785, 0.0], "k_pid_alt": [1.9675050973892212, 0.01848408579826355, 0.9730769395828247], "k_pid_att": [99.94523620605469, 0.0625695139169693, 0.9872877597808838], "k_pid_yaw": [0.5, 1e-06, 0.1], "k_pid_hsp": [9.662925720214844, 0.9887004494667053, 0.023889154195785522], "k_pid_vsp": [399.9867248535156, 397.7488098144531, 14.914704322814941]}, "datetime": {"datetime": "2025-08-20 22:40:04", "elapsed": 38859.07991313934, "delta": 15.484796285629272}, "costs": {"total_cost": 215.91158866916163, "time_cost": 69.352, "final_distance_cost": 1.744177016288084, "oscillation_cost": 69.42573417940895, "completition_cost": 0.0, "overshoot_cost": 50.38482886304846, "power_cost": 13.822254077148438, "noise_cost": 11.182594533267691, "n_waypoints_completed": 9, "tot_waypoints": 9}}
{"target": -249.21797698199146, "params": {"k_pid_pos": [1.9928113222122192, 0.013282239437103271, 0.99982750415802], "k_pid_alt": [1.890779733657837, 0.010649144649505615, 0.9529438018798828], "k_pid_att": [98.69852447509766, 0.3643418252468109, 0.9709552526473999], "k_pid_yaw": [0.5, 1e-06, 0.1], "k_pid_hsp": [8.989500045776367, 0.9863987565040588, 0.01923772692680359], "k_pid_vsp": [400.0, 398.6518249511719, 10.69334888458252]}, "datetime": {"datetime": "2025-08-20 22:40:20", "elapsed": 38875.32590484619, "delta": 16.245991706848145}, "costs": {"total_cost": 249.21797698199146, "time_cost": 69.83200000000001, "final_distance_cost": 1.8398059833659894, "oscillation_cost": 101.68282344634385, "completition_cost": 0.0, "overshoot_cost": 49.931201720933785, "power_cost": 13.848148339843751, "noise_cost": 12.083997491504038, "n_waypoints_completed": 9, "tot_waypoints": 9}}
{"target": -213.37354473728337, "params": {"k_pid_pos": [1.9780548810958862, 0.0060422420501708984, 0.0], "k_pid_alt": [1.976407766342163, 0.007373392581939697, 0.9912277460098267], "k_pid_att": [98.61544799804688, 0.06593416631221771, 0.93666011095047], "k_pid_yaw": [0.5, 1e-06, 0.1], "k_pid_hsp": [9.942855834960938, 0.9854313135147095, 0.0034601688385009766], "k_pid_vsp": [400.0, 395.50054931640625, 4.072333335876465]}, "datetime": {"datetime": "2025-08-20 22:40:36", "elapsed": 38891.32525706291, "delta": 15.999352216720581}, "costs": {"total_cost": 213.37354473728337, "time_cost": 69.968, "final_distance_cost": 1.7641176983088043, "oscillation_cost": 66.71017344990526, "completition_cost": 0.0, "overshoot_cost": 50.16552536921461, "power_cost": 13.17791171875, "noise_cost": 11.587816501104687, "n_waypoints_completed": 9, "tot_waypoints": 9}}
