{"target": -271.10869187802143, "params": {"k_pid_pos": [1.9784390926361084, 0.025465726852416992, 0.0], "k_pid_alt": [1.9075411558151245, 0.010902643203735352, 0.7997640371322632], "k_pid_att": [95.83564758300781, 0.13236525654792786, 0.9756007790565491], "k_pid_yaw": [0.5, 1e-06, 0.1], "k_pid_hsp": [9.530754089355469, 0.9874737858772278, 0.1373884379863739], "k_pid_vsp": [400.0, 390.102783203125, 30.589380264282227]}, "datetime": {"datetime": "2025-08-20 17:12:27", "elapsed": 19202.477853536606, "delta": 16.340749979019165}, "costs": {"total_cost": 271.10869187802143, "time_cost": 69.376, "final_distance_cost": 1.749140026310962, "oscillation_cost": 121.10298666053114, "completition_cost": 0.0, "overshoot_cost": 50.34066074262484, "power_cost": 16.07177998046875, "noise_cost": 12.468124468085682, "n_waypoints_completed": 9, "tot_waypoints": 9}}
{"target": -215.10096322556285, "params": {"k_pid_pos": [1.8076896667480469, 0.09593537449836731, 0.0], "k_pid_alt": [1.5700719356536865, 0.004668682813644409, 0.5090811848640442], "k_pid_att": [88.19562530517578, 0.7660969495773315, 0.9507479667663574], "k_pid_yaw": [0.5, 1e-06, 0.1], "k_pid_hsp": [9.896360397338867, 0.9769324064254761, 0.031282126903533936], "k_pid_vsp": [400.0, 397.4532775878906, 20.49612045288086]}, "datetime": {"datetime": "2025-08-20 17:12:43", "elapsed": 19218.195303678513, "delta": 15.717450141906738}, "costs": {"total_cost": 215.10096322556285, "time_cost": 69.552, "final_distance_cost": 1.7246055296377196, "oscillation_cost": 65.92530367763882, "completition_cost": 0.0, "overshoot_cost": 50.616559598535126, "power_cost": 15.203749865722656, "noise_cost": 12.078744554028516, "n_waypoints_completed": 9, "tot_waypoints": 9}}
{"target": -334.3467862006231, "params": {"k_pid_pos": [1.985761284828186, 0.04487287998199463, 0.9817613363265991], "k_pid_alt": [1.863041639328003, 0.13968688249588013, 0.9737591743469238], "k_pid_att": [98.6102066040039, 0.6397116780281067, 0.9352031350135803], "k_pid_yaw": [0.5, 1e-06, 0.1], "k_pid_hsp": [9.491273880004883, 0.9420952796936035, 0.02440720796585083], "k_pid_vsp": [400.0, 395.51580810546875, 14.455843925476074]}, "datetime": {"datetime": "2025-08-20 17:13:02", "elapsed": 19237.129168987274, "delta": 18.933865308761597}, "costs": {"total_cost": 334.3467862006231, "time_cost": 85.912, "final_distance_cost": 1.8014415511215625, "oscillation_cost": 163.8035936832955, "completition_cost": 0.0, "overshoot_cost": 51.01271388313928, "power_cost": 17.66135476074219, "noise_cost": 14.155682322324594, "n_waypoints_completed": 9, "tot_waypoints": 9}}
{"target": -317.8736800718689, "params": {"k_pid_pos": [1.9313560724258423, 0.02129080891609192, 0.7193678617477417], "k_pid_alt": [1.9259388446807861, 0.04488760232925415, 0.9913583993911743], "k_pid_att": [98.8000259399414, 1.077239990234375, 0.9650915861129761], "k_pid_yaw": [0.5, 1e-06, 0.1], "k_pid_hsp": [9.951491355895996, 0.9842350482940674, 0.13438045978546143], "k_pid_vsp": [399.999755859375, 399.5284729003906, 7.3349127769470215]}, "datetime": {"datetime": "2025-08-20 17:13:19", "elapsed": 19254.046555280685, "delta": 16.917386293411255}, "costs": {"total_cost": 317.8736800718689, "time_cost": 75.168, "final_distance_cost": 1.818930574814862, "oscillation_cost": 161.14891384541377, "completition_cost": 0.0, "overshoot_cost": 51.21200328807383, "power_cost": 15.35188924560547, "noise_cost": 13.173943117960913, "n_waypoints_completed": 9, "tot_waypoints": 9}}
{"target": -308.3598837810653, "params": {"k_pid_pos": [1.9879341125488281, 0.09784457087516785, 0.0], "k_pid_alt": [1.7144185304641724, 0.05154663324356079, 0.9805781841278076], "k_pid_att": [95.69229125976562, 0.0538548082113266, 0.9815554618835449], "k_pid_yaw": [0.5, 1e-06, 0.1], "k_pid_hsp": [9.086463928222656, 0.861118495464325, 0.17957758903503418], "k_pid_vsp": [399.998779296875, 367.3038024902344, 26.83987808227539]}, "datetime": {"datetime": "2025-08-20 17:13:37", "elapsed": 19271.597586393356, "delta": 17.5510311126709}, "costs": {"total_cost": 308.3598837810653, "time_cost": 75.904, "final_distance_cost": 1.749575523564287, "oscillation_cost": 143.4281090229197, "completition_cost": 0.0, "overshoot_cost": 55.849003281984324, "power_cost": 17.716384704589846, "noise_cost": 13.71281124800713, "n_waypoints_completed": 9, "tot_waypoints": 9}}
{"target": -237.19453820004026, "params": {"k_pid_pos": [1.9777480363845825, 0.03996843099594116, 0.37599506974220276], "k_pid_alt": [1.8865182399749756, 0.00993618369102478, 0.9907126426696777], "k_pid_att": [95.76266479492188, 0.11854367703199387, 0.8371927738189697], "k_pid_yaw": [0.5, 1e-06, 0.1], "k_pid_hsp": [9.619258880615234, 0.9139293432235718, 0.026297539472579956], "k_pid_vsp": [399.9992980957031, 389.35089111328125, 38.48296356201172]}, "datetime": {"datetime": "2025-08-20 17:13:52", "elapsed": 19286.781555891037, "delta": 15.183969497680664}, "costs": {"total_cost": 237.19453820004026, "time_cost": 68.792, "final_distance_cost": 1.797623555497053, "oscillation_cost": 89.06736912181248, "completition_cost": 0.0, "overshoot_cost": 49.97565572883064, "power_cost": 15.430166223144532, "noise_cost": 12.131723570755566, "n_waypoints_completed": 9, "tot_waypoints": 9}}
{"target": -226.48207552495444, "params": {"k_pid_pos": [1.6685224771499634, 0.037557780742645264, 0.0], "k_pid_alt": [1.9769905805587769, 0.016527831554412842, 0.7851107120513916], "k_pid_att": [95.09793853759766, 0.26468533277511597, 0.9769060611724854], "k_pid_yaw": [0.5, 1e-06, 0.1], "k_pid_hsp": [8.158894538879395, 0.9503984451293945, 0.034811317920684814], "k_pid_vsp": [0.26706457138061523, 373.3212585449219, 21.740270614624023]}, "datetime": {"datetime": "2025-08-20 17:14:09", "elapsed": 19304.386632680893, "delta": 17.605076789855957}, "costs": {"total_cost": 226.48207552495444, "time_cost": 69.08800000000001, "final_distance_cost": 1.8168922447162372, "oscillation_cost": 78.5577636704475, "completition_cost": 0.0, "overshoot_cost": 51.610867016654666, "power_cost": 14.442971447753907, "noise_cost": 10.965581145382133, "n_waypoints_completed": 9, "tot_waypoints": 9}}
{"target": -218.32436850190285, "params": {"k_pid_pos": [1.3555638790130615, 0.04176640510559082, 0.0005485117435455322], "k_pid_alt": [1.7975331544876099, 0.022263765335083008, 0.9639840126037598], "k_pid_att": [95.7095947265625, 1.3918229341506958, 0.8292926549911499], "k_pid_yaw": [0.5, 1e-06, 0.1], "k_pid_hsp": [9.872712135314941, 0.8202624320983887, 0.067807137966156], "k_pid_vsp": [400.0, 353.127197265625, 7.85579776763916]}, "datetime": {"datetime": "2025-08-20 17:14:30", "elapsed": 19324.603626728058, "delta": 20.216994047164917}, "costs": {"total_cost": 218.32436850190285, "time_cost": 68.872, "final_distance_cost": 1.8055775236874654, "oscillation_cost": 72.67329858438795, "completition_cost": 0.0, "overshoot_cost": 50.476442771432524, "power_cost": 13.03446806640625, "noise_cost": 11.46258155598868, "n_waypoints_completed": 9, "tot_waypoints": 9}}
{"target": -397.53025618537646, "params": {"k_pid_pos": [1.70956552028656, 0.11280786991119385, 0.0], "k_pid_alt": [1.657383918762207, 0.09828189015388489, 0.872552752494812], "k_pid_att": [98.90614318847656, 0.37079453468322754, 0.8922129273414612], "k_pid_yaw": [0.5, 1e-06, 0.1], "k_pid_hsp": [8.45118522644043, 0.973410964012146, 0.11037826538085938], "k_pid_vsp": [400.0, 396.43560791015625, 56.97478103637695]}, "datetime": {"datetime": "2025-08-20 17:14:52", "elapsed": 19347.451990365982, "delta": 22.848363637924194}, "costs": {"total_cost": 397.53025618537646, "time_cost": 99.44, "final_distance_cost": 1.7829639777168431, "oscillation_cost": 207.60708216689298, "completition_cost": 0.0, "overshoot_cost": 51.41852819255268, "power_cost": 21.029703723144532, "noise_cost": 16.25197812506944, "n_waypoints_completed": 9, "tot_waypoints": 9}}
{"target": -231.0967669815763, "params": {"k_pid_pos": [1.9618158340454102, 0.05611294507980347, 0.0], "k_pid_alt": [1.9522944688796997, 0.013623178005218506, 0.9010984301567078], "k_pid_att": [86.30919647216797, 0.35809561610221863, 0.8839288949966431], "k_pid_yaw": [0.5, 1e-06, 0.1], "k_pid_hsp": [9.69025707244873, 0.9274265766143799, 0.056361496448516846], "k_pid_vsp": [400.0, 375.5911865234375, 15.454221725463867]}, "datetime": {"datetime": "2025-08-20 17:15:09", "elapsed": 19363.836317777634, "delta": 16.38432741165161}, "costs": {"total_cost": 231.0967669815763, "time_cost": 69.44, "final_distance_cost": 1.77541905315996, "oscillation_cost": 83.40293767321178, "completition_cost": 0.0, "overshoot_cost": 50.2371076266024, "power_cost": 14.494517126464844, "noise_cost": 11.746785502137291, "n_waypoints_completed": 9, "tot_waypoints": 9}}
{"target": -212.95060460470887, "params": {"k_pid_pos": [1.9721965789794922, 0.001424252986907959, 0.0], "k_pid_alt": [1.9496281147003174, 0.04103294014930725, 0.8919316530227661], "k_pid_att": [97.61493682861328, 0.7774533033370972, 0.9816930294036865], "k_pid_yaw": [0.5, 1e-06, 0.1], "k_pid_hsp": [9.282855033874512, 0.9257302284240723, 0.023647993803024292], "k_pid_vsp": [400.0, 390.44146728515625, 135.90333557128906]}, "datetime": {"datetime": "2025-08-20 17:15:26", "elapsed": 19381.41201734543, "delta": 17.5756995677948}, "costs": {"total_cost": 212.95060460470887, "time_cost": 68.34400000000001, "final_distance_cost": 1.7769538699531129, "oscillation_cost": 66.98705096291391, "completition_cost": 0.0, "overshoot_cost": 51.103308535207745, "power_cost": 13.88384403076172, "noise_cost": 10.855447205872373, "n_waypoints_completed": 9, "tot_waypoints": 9}}
{"target": -219.25551684797847, "params": {"k_pid_pos": [1.9891360998153687, 0.034572720527648926, 0.0], "k_pid_alt": [1.889052391052246, 0.06118848919868469, 0.9678827524185181], "k_pid_att": [89.90950775146484, 0.04611492156982422, 0.930544912815094], "k_pid_yaw": [0.5, 1e-06, 0.1], "k_pid_hsp": [9.62860107421875, 0.9825155138969421, 0.03844350576400757], "k_pid_vsp": [275.81005859375, 379.0774841308594, 18.812599182128906]}, "datetime": {"datetime": "2025-08-20 17:15:41", "elapsed": 19396.475165367126, "delta": 15.063148021697998}, "costs": {"total_cost": 219.25551684797847, "time_cost": 69.8, "final_distance_cost": 1.7803224269800555, "oscillation_cost": 71.55621544253412, "completition_cost": 0.0, "overshoot_cost": 50.83767173976904, "power_cost": 13.917224035644532, "noise_cost": 11.364083203050726, "n_waypoints_completed": 9, "tot_waypoints": 9}}
{"target": -323.4241227336803, "params": {"k_pid_pos": [1.9590102434158325, 0.08496326208114624, 0.9999997615814209], "k_pid_alt": [1.9328675270080566, 0.2640670835971832, 0.9869987964630127], "k_pid_att": [99.46879577636719, 3.338440418243408, 0.7907649874687195], "k_pid_yaw": [0.5, 1e-06, 0.1], "k_pid_hsp": [8.850767135620117, 0.9913275241851807, 0.014525264501571655], "k_pid_vsp": [399.99932861328125, 379.5869445800781, 42.40119552612305]}, "datetime": {"datetime": "2025-08-20 17:16:00", "elapsed": 19415.477313756943, "delta": 19.002148389816284}, "costs": {"total_cost": 323.4241227336803, "time_cost": 80.88, "final_distance_cost": 1.7765597830493722, "oscillation_cost": 160.68447931226711, "completition_cost": 0.0, "overshoot_cost": 50.593513204281685, "power_cost": 16.542215014648438, "noise_cost": 12.947355419433663, "n_waypoints_completed": 9, "tot_waypoints": 9}}
{"target": -231.2278308757722, "params": {"k_pid_pos": [1.6118084192276, 0.12263301014900208, 0.0], "k_pid_alt": [1.9798424243927002, 0.0024736523628234863, 0.9815520644187927], "k_pid_att": [99.01232147216797, 0.03268672525882721, 0.9936732053756714], "k_pid_yaw": [0.5, 1e-06, 0.1], "k_pid_hsp": [8.891496658325195, 0.9718749523162842, 0.1081615686416626], "k_pid_vsp": [399.93701171875, 333.17584228515625, 5.091227054595947]}, "datetime": {"datetime": "2025-08-20 17:16:16", "elapsed": 19431.135180711746, "delta": 15.657866954803467}, "costs": {"total_cost": 231.2278308757722, "time_cost": 69.24, "final_distance_cost": 1.7464944082343634, "oscillation_cost": 84.81982873930353, "completition_cost": 0.0, "overshoot_cost": 49.66099563285412, "power_cost": 13.856819982910157, "noise_cost": 11.903692112470015, "n_waypoints_completed": 9, "tot_waypoints": 9}}
{"target": -205.64832873465483, "params": {"k_pid_pos": [1.9523601531982422, 0.05518996715545654, 0.0], "k_pid_alt": [1.8486230373382568, 0.03353160619735718, 0.991588830947876], "k_pid_att": [86.88982391357422, 0.6782844066619873, 0.9928412437438965], "k_pid_yaw": [0.5, 1e-06, 0.1], "k_pid_hsp": [9.406620025634766, 0.9695831537246704, 0.00423082709312439], "k_pid_vsp": [399.9022521972656, 395.54290771484375, 47.87669372558594]}, "datetime": {"datetime": "2025-08-20 17:16:32", "elapsed": 19446.78728413582, "delta": 15.652103424072266}, "costs": {"total_cost": 205.64832873465483, "time_cost": 69.592, "final_distance_cost": 1.719023421857731, "oscillation_cost": 60.60497141300383, "completition_cost": 0.0, "overshoot_cost": 50.20720992162199, "power_cost": 13.002924194335938, "noise_cost": 10.522199783835344, "n_waypoints_completed": 9, "tot_waypoints": 9}}
{"target": -475.6442500194209, "params": {"k_pid_pos": [1.900117039680481, 0.18181639909744263, 0.0], "k_pid_alt": [1.491575837135315, 0.093253493309021, 0.9737625122070312], "k_pid_att": [99.685791015625, 0.04670053347945213, 0.9904797077178955], "k_pid_yaw": [0.5, 1e-06, 0.1], "k_pid_hsp": [9.863842010498047, 0.9778134822845459, 0.05470624566078186], "k_pid_vsp": [399.9993591308594, 395.4785461425781, 9.622884750366211]}, "datetime": {"datetime": "2025-08-20 17:16:54", "elapsed": 19469.42354130745, "delta": 22.63625717163086}, "costs": {"total_cost": 475.6442500194209, "time_cost": 150, "final_distance_cost": 14.297839363135289, "oscillation_cost": 111.82363682204539, "completition_cost": 111.11111111111116, "overshoot_cost": 52.87424406836414, "power_cost": 19.67650926513672, "noise_cost": 15.860909389628267, "n_waypoints_completed": 8, "tot_waypoints": 9}}
{"target": -226.93368318176178, "params": {"k_pid_pos": [1.9338617324829102, 0.0405314564704895, 0.8120893836021423], "k_pid_alt": [1.9441419839859009, 0.06684917211532593, 0.9675329327583313], "k_pid_att": [88.20320892333984, 0.05981401726603508, 0.9804021120071411], "k_pid_yaw": [0.5, 1e-06, 0.1], "k_pid_hsp": [9.684317588806152, 0.9676084518432617, 0.006411552429199219], "k_pid_vsp": [399.9975891113281, 399.1692199707031, 25.119401931762695]}, "datetime": {"datetime": "2025-08-20 17:17:11", "elapsed": 19486.07728743553, "delta": 16.653746128082275}, "costs": {"total_cost": 226.93368318176178, "time_cost": 73.84, "final_distance_cost": 1.8453284230445866, "oscillation_cost": 71.04701140987139, "completition_cost": 0.0, "overshoot_cost": 50.560515348925684, "power_cost": 16.48941942138672, "noise_cost": 13.151408578533392, "n_waypoints_completed": 9, "tot_waypoints": 9}}
{"target": -234.07209750460794, "params": {"k_pid_pos": [1.5833364725112915, 0.0807618796825409, 0.0], "k_pid_alt": [1.9096007347106934, 0.01565280556678772, 0.9635295867919922], "k_pid_att": [93.27108764648438, 0.2486080527305603, 0.8906831741333008], "k_pid_yaw": [0.5, 1e-06, 0.1], "k_pid_hsp": [9.075632095336914, 0.990242600440979, 0.08878841996192932], "k_pid_vsp": [399.99993896484375, 398.10699462890625, 10.19954776763916]}, "datetime": {"datetime": "2025-08-20 17:17:26", "elapsed": 19501.022554636, "delta": 14.94526720046997}, "costs": {"total_cost": 234.07209750460794, "time_cost": 68.96000000000001, "final_distance_cost": 1.7920815699866375, "oscillation_cost": 86.34471696872431, "completition_cost": 0.0, "overshoot_cost": 49.768121484076865, "power_cost": 14.958542028808594, "noise_cost": 12.248635453011492, "n_waypoints_completed": 9, "tot_waypoints": 9}}
{"target": -260.10091249168596, "params": {"k_pid_pos": [1.9349764585494995, 0.25081634521484375, 0.0], "k_pid_alt": [1.9856305122375488, 0.03248348832130432, 0.8734170198440552], "k_pid_att": [97.80329895019531, 0.5835762619972229, 0.9803863167762756], "k_pid_yaw": [0.5, 1e-06, 0.1], "k_pid_hsp": [9.456819534301758, 0.9956272840499878, 0.13526389002799988], "k_pid_vsp": [400.0, 384.0797424316406, 21.32102394104004]}, "datetime": {"datetime": "2025-08-20 17:17:42", "elapsed": 19516.794950962067, "delta": 15.772396326065063}, "costs": {"total_cost": 260.10091249168596, "time_cost": 70.992, "final_distance_cost": 1.7144642770406953, "oscillation_cost": 108.88719374606502, "completition_cost": 0.0, "overshoot_cost": 51.2239952889376, "power_cost": 15.127667211914064, "noise_cost": 12.155591967728567, "n_waypoints_completed": 9, "tot_waypoints": 9}}
{"target": -293.35907427239107, "params": {"k_pid_pos": [1.9665356874465942, 0.014270544052124023, 0.0], "k_pid_alt": [1.9717289209365845, 0.02511081099510193, 0.9973911046981812], "k_pid_att": [98.82931518554688, 0.5978145003318787, 0.9759140014648438], "k_pid_yaw": [0.5, 1e-06, 0.1], "k_pid_hsp": [9.43496036529541, 0.9185161590576172, 0.3952254056930542], "k_pid_vsp": [400.0, 383.4861755371094, 15.05135440826416]}, "datetime": {"datetime": "2025-08-20 17:17:58", "elapsed": 19532.639114379883, "delta": 15.844163417816162}, "costs": {"total_cost": 293.35907427239107, "time_cost": 70.376, "final_distance_cost": 1.7466930457452505, "oscillation_cost": 142.27571871752482, "completition_cost": 0.0, "overshoot_cost": 52.3911930778131, "power_cost": 14.589174938964845, "noise_cost": 11.980294492343036, "n_waypoints_completed": 9, "tot_waypoints": 9}}
{"target": -213.66937805121736, "params": {"k_pid_pos": [1.9504847526550293, 0.0010835528373718262, 5.7220458984375e-05], "k_pid_alt": [1.93936026096344, 0.05525675415992737, 0.961178183555603], "k_pid_att": [86.0422134399414, 1.0727734565734863, 0.941674530506134], "k_pid_yaw": [0.5, 1e-06, 0.1], "k_pid_hsp": [9.792158126831055, 0.9447550177574158, 0.0028527677059173584], "k_pid_vsp": [400.0, 389.7100830078125, 3.135789394378662]}, "datetime": {"datetime": "2025-08-20 17:18:13", "elapsed": 19547.71919488907, "delta": 15.080080509185791}, "costs": {"total_cost": 213.66937805121736, "time_cost": 69.696, "final_distance_cost": 1.7462492448664153, "oscillation_cost": 66.36900931392134, "completition_cost": 0.0, "overshoot_cost": 50.96904197315595, "power_cost": 13.25306024169922, "noise_cost": 11.636017277574428, "n_waypoints_completed": 9, "tot_waypoints": 9}}
{"target": -223.10366098101807, "params": {"k_pid_pos": [1.9704092741012573, 0.0726894736289978, 0.0], "k_pid_alt": [1.9691927433013916, 0.025832027196884155, 0.8447209596633911], "k_pid_att": [98.86216735839844, 0.14618505537509918, 0.9922468662261963], "k_pid_yaw": [0.5, 1e-06, 0.1], "k_pid_hsp": [9.635852813720703, 0.8944946527481079, 0.04133480787277222], "k_pid_vsp": [400.0, 373.2656555175781, 4.487670421600342]}, "datetime": {"datetime": "2025-08-20 17:18:28", "elapsed": 19563.381266593933, "delta": 15.662071704864502}, "costs": {"total_cost": 223.10366098101807, "time_cost": 69.784, "final_distance_cost": 1.747964899803713, "oscillation_cost": 76.44936705758379, "completition_cost": 0.0, "overshoot_cost": 50.38736579140311, "power_cost": 13.168484521484375, "noise_cost": 11.566478710743082, "n_waypoints_completed": 9, "tot_waypoints": 9}}
{"target": -314.9014474092777, "params": {"k_pid_pos": [1.9907848834991455, 0.012317270040512085, 0.0], "k_pid_alt": [1.6807609796524048, 0.11279448866844177, 0.925260066986084], "k_pid_att": [98.1634292602539, 0.39296725392341614, 0.941559910774231], "k_pid_yaw": [0.5, 1e-06, 0.1], "k_pid_hsp": [9.866802215576172, 0.9945051670074463, 0.02768149971961975], "k_pid_vsp": [399.80859375, 398.16259765625, 10.442008018493652]}, "datetime": {"datetime": "2025-08-20 17:18:51", "elapsed": 19585.613667964935, "delta": 22.232401371002197}, "costs": {"total_cost": 314.9014474092777, "time_cost": 99.368, "final_distance_cost": 1.7920014607482724, "oscillation_cost": 129.19766942165435, "completition_cost": 0.0, "overshoot_cost": 51.41966739293136, "power_cost": 18.123306408691406, "noise_cost": 15.000802725252331, "n_waypoints_completed": 9, "tot_waypoints": 9}}
{"target": -308.58516162650716, "params": {"k_pid_pos": [1.9604519605636597, 0.02361491322517395, 0.0], "k_pid_alt": [1.9194153547286987, 0.024007707834243774, 0.9037705659866333], "k_pid_att": [97.10057830810547, 0.1595304012298584, 0.9139439463615417], "k_pid_yaw": [0.5, 1e-06, 0.1], "k_pid_hsp": [9.032793998718262, 0.9190444350242615, 0.17469775676727295], "k_pid_vsp": [369.2211608886719, 363.5069274902344, 63.333702087402344]}, "datetime": {"datetime": "2025-08-20 17:19:07", "elapsed": 19601.531375408173, "delta": 15.917707443237305}, "costs": {"total_cost": 308.58516162650716, "time_cost": 74.008, "final_distance_cost": 1.7635746228527036, "oscillation_cost": 152.1832477038057, "completition_cost": 0.0, "overshoot_cost": 50.970882565343004, "power_cost": 16.75372663574219, "noise_cost": 12.905730098763584, "n_waypoints_completed": 9, "tot_waypoints": 9}}
{"target": -269.7169440169325, "params": {"k_pid_pos": [1.9403308629989624, 0.01563572883605957, 0.4927959740161896], "k_pid_alt": [1.9860258102416992, 0.013681530952453613, 0.9408390522003174], "k_pid_att": [87.84979248046875, 0.051647964864969254, 0.8059042692184448], "k_pid_yaw": [0.5, 1e-06, 0.1], "k_pid_hsp": [9.968120574951172, 0.7512680292129517, 0.03456255793571472], "k_pid_vsp": [59.45405960083008, 375.6248474121094, 31.02640151977539]}, "datetime": {"datetime": "2025-08-20 17:19:22", "elapsed": 19617.010920763016, "delta": 15.47954535484314}, "costs": {"total_cost": 269.7169440169325, "time_cost": 68.968, "final_distance_cost": 1.7585191953874957, "oscillation_cost": 121.66159392410528, "completition_cost": 0.0, "overshoot_cost": 49.96234702430864, "power_cost": 15.366941259765627, "noise_cost": 11.999542613365461, "n_waypoints_completed": 9, "tot_waypoints": 9}}
