{"target": -615.5806632722426, "params": {"k_pid_pos": [1.6570619344711304, 0.24373984336853027, 2.4139881134033203e-06], "k_pid_alt": [0.038826167583465576, 0.13897055387496948, 0.9891270399093628], "k_pid_att": [97.17269134521484, 0.4842088222503662, 0.9556763768196106], "k_pid_yaw": [0.5, 1e-06, 0.1], "k_pid_hsp": [7.19415807723999, 0.9334276914596558, 0.01588296890258789], "k_pid_vsp": [400.0, 397.15960693359375, 23.302461624145508]}, "datetime": {"datetime": "2025-08-20 14:39:39", "elapsed": 10033.74452161789, "delta": 25.451390743255615}, "costs": {"total_cost": 615.5806632722426, "time_cost": 150, "final_distance_cost": 78.81748614955102, "oscillation_cost": 76.40922751232027, "completition_cost": 222.2222222222222, "overshoot_cost": 51.896454608470805, "power_cost": 20.71720798339844, "noise_cost": 15.518064796279878, "n_waypoints_completed": 7, "tot_waypoints": 9}}
{"target": -245.27259545358157, "params": {"k_pid_pos": [1.7177362442016602, 0.37673303484916687, 0.0], "k_pid_alt": [0.7128455638885498, 0.04624521732330322, 0.9183239936828613], "k_pid_att": [98.92626953125, 0.34480181336402893, 0.8994927406311035], "k_pid_yaw": [0.5, 1e-06, 0.1], "k_pid_hsp": [9.621875762939453, 0.9808310270309448, 0.0022580325603485107], "k_pid_vsp": [154.77613830566406, 374.82928466796875, 12.478185653686523]}, "datetime": {"datetime": "2025-08-20 14:40:01", "elapsed": 10055.83924293518, "delta": 22.09472131729126}, "costs": {"total_cost": 245.27259545358157, "time_cost": 92.776, "final_distance_cost": 1.747305776903162, "oscillation_cost": 62.07662344453417, "completition_cost": 0.0, "overshoot_cost": 54.20252457583849, "power_cost": 19.384427563476564, "noise_cost": 15.085714092829214, "n_waypoints_completed": 9, "tot_waypoints": 9}}
{"target": -220.24198578111594, "params": {"k_pid_pos": [1.9017175436019897, 0.01176026463508606, 0.0], "k_pid_alt": [1.4832888841629028, 0.02567046880722046, 0.9565775394439697], "k_pid_att": [93.4230728149414, 2.7523510456085205, 0.9545061588287354], "k_pid_yaw": [0.5, 1e-06, 0.1], "k_pid_hsp": [9.802596092224121, 0.9912995100021362, 0.06418481469154358], "k_pid_vsp": [400.0, 391.7961730957031, 15.607572555541992]}, "datetime": {"datetime": "2025-08-20 14:40:19", "elapsed": 10073.879917621613, "delta": 18.040674686431885}, "costs": {"total_cost": 220.24198578111594, "time_cost": 69.648, "final_distance_cost": 1.7776557792392167, "oscillation_cost": 70.91112404772801, "completition_cost": 0.0, "overshoot_cost": 50.162369701755246, "power_cost": 15.399865747070313, "noise_cost": 12.342970505323175, "n_waypoints_completed": 9, "tot_waypoints": 9}}
{"target": -403.68170718563584, "params": {"k_pid_pos": [1.784037470817566, 0.020539164543151855, 0.15010544657707214], "k_pid_alt": [0.5521060824394226, 0.20087748765945435, 0.9133284091949463], "k_pid_att": [97.28387451171875, 0.09140952676534653, 0.9180732369422913], "k_pid_yaw": [0.5, 1e-06, 0.1], "k_pid_hsp": [8.845976829528809, 0.8544652462005615, 0.1404438614845276], "k_pid_vsp": [400.0, 385.0133972167969, 160.07626342773438]}, "datetime": {"datetime": "2025-08-20 14:40:41", "elapsed": 10095.964472293854, "delta": 22.08455467224121}, "costs": {"total_cost": 403.68170718563584, "time_cost": 93.352, "final_distance_cost": 1.776657093718353, "oscillation_cost": 218.91782627108793, "completition_cost": 0.0, "overshoot_cost": 54.00208155486147, "power_cost": 20.40451580810547, "noise_cost": 15.228626457862562, "n_waypoints_completed": 9, "tot_waypoints": 9}}
{"target": -360.60377917908966, "params": {"k_pid_pos": [0.6415709257125854, 0.11468520760536194, 0.0], "k_pid_alt": [1.246803879737854, 0.03463748097419739, 0.9782611727714539], "k_pid_att": [95.40083312988281, 1.523301124572754, 0.9546196460723877], "k_pid_yaw": [0.5, 1e-06, 0.1], "k_pid_hsp": [7.596827983856201, 0.3359335958957672, 0.1371661126613617], "k_pid_vsp": [400.0, 396.48602294921875, 25.798978805541992]}, "datetime": {"datetime": "2025-08-20 14:41:08", "elapsed": 10123.070825576782, "delta": 27.106353282928467}, "costs": {"total_cost": 360.60377917908966, "time_cost": 89.2, "final_distance_cost": 1.8463330974337304, "oscillation_cost": 184.6181541992112, "completition_cost": 0.0, "overshoot_cost": 50.50855920131544, "power_cost": 18.47967332763672, "noise_cost": 15.951059353492541, "n_waypoints_completed": 9, "tot_waypoints": 9}}
{"target": -280.7266691629809, "params": {"k_pid_pos": [1.893922209739685, 0.11218321323394775, 0.0011208951473236084], "k_pid_alt": [0.5426044464111328, 0.011875748634338379, 0.9863603115081787], "k_pid_att": [91.15296936035156, 0.08912937343120575, 0.9869228601455688], "k_pid_yaw": [0.5, 1e-06, 0.1], "k_pid_hsp": [9.010009765625, 0.95163893699646, 0.10710787773132324], "k_pid_vsp": [400.0, 367.12322998046875, 10.875702857971191]}, "datetime": {"datetime": "2025-08-20 14:41:33", "elapsed": 10148.362607955933, "delta": 25.29178237915039}, "costs": {"total_cost": 280.7266691629809, "time_cost": 90.08, "final_distance_cost": 1.8246718330025926, "oscillation_cost": 104.75722830856182, "completition_cost": 0.0, "overshoot_cost": 50.71010749330706, "power_cost": 18.203315100097658, "noise_cost": 15.151346428011768, "n_waypoints_completed": 9, "tot_waypoints": 9}}
{"target": -337.1242865826181, "params": {"k_pid_pos": [1.9352800846099854, 0.2361447811126709, 0.9998859167098999], "k_pid_alt": [0.6689740419387817, 0.18960139155387878, 0.8353877663612366], "k_pid_att": [92.2664566040039, 0.1662018746137619, 0.7877074480056763], "k_pid_yaw": [0.5, 1e-06, 0.1], "k_pid_hsp": [9.125754356384277, 0.8786816596984863, 0.015215009450912476], "k_pid_vsp": [384.05853271484375, 317.95452880859375, 22.82283592224121]}, "datetime": {"datetime": "2025-08-20 14:41:57", "elapsed": 10172.408198356628, "delta": 24.0455904006958}, "costs": {"total_cost": 337.1242865826181, "time_cost": 85.536, "final_distance_cost": 1.7566495960058126, "oscillation_cost": 166.65096878903628, "completition_cost": 0.0, "overshoot_cost": 51.01326090597221, "power_cost": 18.01890379638672, "noise_cost": 14.148503495217021, "n_waypoints_completed": 9, "tot_waypoints": 9}}
{"target": -240.46487042179055, "params": {"k_pid_pos": [1.7758628129959106, 0.41241455078125, 1.0], "k_pid_alt": [0.792098879814148, 0.14723455905914307, 0.9449453353881836], "k_pid_att": [95.44300079345703, 1.4024407863616943, 0.8364866375923157], "k_pid_yaw": [0.5, 1e-06, 0.1], "k_pid_hsp": [1.3671015501022339, 0.9908989667892456, 0.003272920846939087], "k_pid_vsp": [399.99993896484375, 396.36383056640625, 19.85548973083496]}, "datetime": {"datetime": "2025-08-20 14:42:23", "elapsed": 10197.744831562042, "delta": 25.33663320541382}, "costs": {"total_cost": 240.46487042179055, "time_cost": 87.912, "final_distance_cost": 1.7377393339659126, "oscillation_cost": 63.130516221620475, "completition_cost": 0.0, "overshoot_cost": 50.934299544310655, "power_cost": 21.300547607421876, "noise_cost": 15.449767714471614, "n_waypoints_completed": 9, "tot_waypoints": 9}}
{"target": -640.1907511755107, "params": {"k_pid_pos": [1.711114764213562, 0.8160542249679565, 1.0], "k_pid_alt": [0.4537731409072876, 0.003995925188064575, 0.9047518968582153], "k_pid_att": [99.19322967529297, 0.7412429451942444, 0.9503750801086426], "k_pid_yaw": [0.5, 1e-06, 0.1], "k_pid_hsp": [5.80361270904541, 0.9932732582092285, 0.22195664048194885], "k_pid_vsp": [400.0, 394.3450927734375, 45.59174728393555]}, "datetime": {"datetime": "2025-08-20 14:42:48", "elapsed": 10223.273578166962, "delta": 25.528746604919434}, "costs": {"total_cost": 640.1907511755107, "time_cost": 150, "final_distance_cost": 16.014076458041348, "oscillation_cost": 273.3671586661422, "completition_cost": 111.11111111111116, "overshoot_cost": 52.93812993008176, "power_cost": 20.961353271484377, "noise_cost": 15.798921738649872, "n_waypoints_completed": 8, "tot_waypoints": 9}}
{"target": -487.13427449382834, "params": {"k_pid_pos": [1.89388906955719, 0.09858661890029907, 0.0], "k_pid_alt": [1.1263341903686523, 0.11847609281539917, 0.9937204718589783], "k_pid_att": [97.37686920166016, 0.47313857078552246, 0.9415063858032227], "k_pid_yaw": [0.5, 1e-06, 0.1], "k_pid_hsp": [8.209157943725586, 0.968964159488678, 0.037052035331726074], "k_pid_vsp": [399.99993896484375, 167.2686767578125, 5.261136054992676]}, "datetime": {"datetime": "2025-08-20 14:43:11", "elapsed": 10245.708998203278, "delta": 22.435420036315918}, "costs": {"total_cost": 487.13427449382834, "time_cost": 150, "final_distance_cost": 61.941319636114144, "oscillation_cost": 83.53907894393201, "completition_cost": 111.11111111111116, "overshoot_cost": 46.6329781155278, "power_cost": 18.486698596191406, "noise_cost": 15.423088090951858, "n_waypoints_completed": 8, "tot_waypoints": 9}}
{"target": -640.1709868725482, "params": {"k_pid_pos": [1.7436707019805908, 0.4476432800292969, 1.0], "k_pid_alt": [1.4550716876983643, 0.08268845081329346, 0.9610417485237122], "k_pid_att": [97.4148941040039, 0.1367693990468979, 0.9483356475830078], "k_pid_yaw": [0.5, 1e-06, 0.1], "k_pid_hsp": [8.92457389831543, 0.9639331102371216, 0.05991050601005554], "k_pid_vsp": [400.0, 339.5646667480469, 43.27714538574219]}, "datetime": {"datetime": "2025-08-20 14:43:33", "elapsed": 10267.724174976349, "delta": 22.01517677307129}, "costs": {"total_cost": 640.1709868725482, "time_cost": 150, "final_distance_cost": 38.235983997408916, "oscillation_cost": 254.03251454244182, "completition_cost": 111.11111111111116, "overshoot_cost": 50.30029096703163, "power_cost": 20.691353930664064, "noise_cost": 15.79973232389062, "n_waypoints_completed": 8, "tot_waypoints": 9}}
{"target": -237.2830273104575, "params": {"k_pid_pos": [1.9308522939682007, 0.011931300163269043, 0.006614118814468384], "k_pid_alt": [1.2240064144134521, 0.028809309005737305, 0.9853445887565613], "k_pid_att": [98.70372772216797, 0.141035258769989, 0.994324803352356], "k_pid_yaw": [0.5, 1e-06, 0.1], "k_pid_hsp": [8.853650093078613, 0.958916187286377, 0.09043261408805847], "k_pid_vsp": [399.9999694824219, 382.4942626953125, 27.09288787841797]}, "datetime": {"datetime": "2025-08-20 14:43:49", "elapsed": 10283.966938018799, "delta": 16.24276304244995}, "costs": {"total_cost": 237.2830273104575, "time_cost": 73.19200000000001, "final_distance_cost": 1.750766051809369, "oscillation_cost": 83.11175712096916, "completition_cost": 0.0, "overshoot_cost": 50.45971669927406, "power_cost": 16.18513319091797, "noise_cost": 12.58365424748691, "n_waypoints_completed": 9, "tot_waypoints": 9}}
{"target": -399.0638623122852, "params": {"k_pid_pos": [1.1825568675994873, 0.11033695936203003, 5.066394805908203e-07], "k_pid_alt": [0.7473630905151367, 0.0055200159549713135, 0.9884525537490845], "k_pid_att": [98.7319107055664, 0.08405736833810806, 0.7146197557449341], "k_pid_yaw": [0.5, 1e-06, 0.1], "k_pid_hsp": [7.934830665588379, 0.9434276223182678, 0.4095955491065979], "k_pid_vsp": [400.0, 376.7449035644531, 11.762405395507812]}, "datetime": {"datetime": "2025-08-20 14:44:09", "elapsed": 10303.96269106865, "delta": 19.995753049850464}, "costs": {"total_cost": 399.0638623122852, "time_cost": 90.336, "final_distance_cost": 1.8515779440029303, "oscillation_cost": 220.3167189856483, "completition_cost": 0.0, "overshoot_cost": 50.705760158751986, "power_cost": 19.768016040039065, "noise_cost": 16.085789183842916, "n_waypoints_completed": 9, "tot_waypoints": 9}}
{"target": -310.3725274729477, "params": {"k_pid_pos": [1.9926332235336304, 0.01576516032218933, 0.0026105642318725586], "k_pid_alt": [1.864185094833374, 0.007222294807434082, 0.9936362504959106], "k_pid_att": [93.08202362060547, 0.7933765649795532, 0.9300145506858826], "k_pid_yaw": [0.5, 1e-06, 0.1], "k_pid_hsp": [9.786940574645996, 0.9384960532188416, 0.08996137976646423], "k_pid_vsp": [0.0, 370.6893615722656, 107.30416870117188]}, "datetime": {"datetime": "2025-08-20 14:44:28", "elapsed": 10322.529558181763, "delta": 18.566867113113403}, "costs": {"total_cost": 310.3725274729477, "time_cost": 85.912, "final_distance_cost": 1.7685071049465537, "oscillation_cost": 131.90918867913635, "completition_cost": 0.0, "overshoot_cost": 57.88334496693714, "power_cost": 18.70335887451172, "noise_cost": 14.196127847415926, "n_waypoints_completed": 9, "tot_waypoints": 9}}
{"target": -460.5587271645653, "params": {"k_pid_pos": [1.9326426982879639, 0.011073946952819824, 5.960464477539063e-08], "k_pid_alt": [1.1674325466156006, 0.09591361880302429, 0.9694615602493286], "k_pid_att": [94.3015365600586, 0.23027503490447998, 0.9390801191329956], "k_pid_yaw": [0.5, 1e-06, 0.1], "k_pid_hsp": [8.221034049987793, 0.8293470740318298, 0.008119940757751465], "k_pid_vsp": [399.8917541503906, 393.6253967285156, 74.42762756347656]}, "datetime": {"datetime": "2025-08-20 14:44:50", "elapsed": 10344.876025915146, "delta": 22.34646773338318}, "costs": {"total_cost": 460.5587271645653, "time_cost": 150, "final_distance_cost": 37.14610452018987, "oscillation_cost": 75.99996122955578, "completition_cost": 111.11111111111116, "overshoot_cost": 49.797462117137314, "power_cost": 21.185783544921875, "noise_cost": 15.318304641649283, "n_waypoints_completed": 8, "tot_waypoints": 9}}
{"target": -369.93786263885966, "params": {"k_pid_pos": [1.5423943996429443, 0.049950867891311646, 0.29764315485954285], "k_pid_alt": [0.7526772618293762, 0.18088850378990173, 0.9836246967315674], "k_pid_att": [84.85185241699219, 0.02240651659667492, 0.963078498840332], "k_pid_yaw": [0.5, 1e-06, 0.1], "k_pid_hsp": [5.8946428298950195, 0.9868183135986328, 0.2681880593299866], "k_pid_vsp": [0.0, 387.37030029296875, 38.77006912231445]}, "datetime": {"datetime": "2025-08-20 14:45:10", "elapsed": 10365.178554058075, "delta": 20.302528142929077}, "costs": {"total_cost": 369.93786263885966, "time_cost": 92.376, "final_distance_cost": 1.7502032538600885, "oscillation_cost": 186.70662691910064, "completition_cost": 0.0, "overshoot_cost": 54.37763300182521, "power_cost": 20.031940563964845, "noise_cost": 14.695458900108939, "n_waypoints_completed": 9, "tot_waypoints": 9}}
{"target": -474.16618588974376, "params": {"k_pid_pos": [1.9647530317306519, 0.11765438318252563, 2.9802322387695312e-08], "k_pid_alt": [1.2338491678237915, 0.15356937050819397, 0.9751819372177124], "k_pid_att": [97.40128326416016, 0.6454229354858398, 0.763727068901062], "k_pid_yaw": [0.5, 1e-06, 0.1], "k_pid_hsp": [3.953599452972412, 0.9845831990242004, 0.007229745388031006], "k_pid_vsp": [400.0, 338.8998107910156, 5.769027233123779]}, "datetime": {"datetime": "2025-08-20 14:45:32", "elapsed": 10386.915394306183, "delta": 21.73684024810791}, "costs": {"total_cost": 474.16618588974376, "time_cost": 150, "final_distance_cost": 60.11631663993204, "oscillation_cost": 71.77024122457274, "completition_cost": 111.11111111111116, "overshoot_cost": 48.61164896512898, "power_cost": 17.51655565185547, "noise_cost": 15.040312297143455, "n_waypoints_completed": 8, "tot_waypoints": 9}}
{"target": -481.3511198391802, "params": {"k_pid_pos": [1.9528391361236572, 0.09973546862602234, 0.0], "k_pid_alt": [0.847956657409668, 0.15717801451683044, 0.9965060949325562], "k_pid_att": [96.01179504394531, 0.15502075850963593, 0.9101952314376831], "k_pid_yaw": [0.5, 1e-06, 0.1], "k_pid_hsp": [7.930417537689209, 0.5832846164703369, 0.09003227949142456], "k_pid_vsp": [399.9944152832031, 392.3136291503906, 5.087400436401367]}, "datetime": {"datetime": "2025-08-20 14:45:54", "elapsed": 10409.018479585648, "delta": 22.10308527946472}, "costs": {"total_cost": 481.3511198391802, "time_cost": 150, "final_distance_cost": 24.879405078670757, "oscillation_cost": 108.00771041387624, "completition_cost": 111.11111111111116, "overshoot_cost": 52.78386062016933, "power_cost": 18.946078552246096, "noise_cost": 15.622954063106723, "n_waypoints_completed": 8, "tot_waypoints": 9}}
{"target": -353.1529675595028, "params": {"k_pid_pos": [1.4610577821731567, 0.044554442167282104, 0.2739063501358032], "k_pid_alt": [1.0079933404922485, 0.018464595079421997, 0.6528000831604004], "k_pid_att": [97.2361831665039, 0.26869162917137146, 0.41572412848472595], "k_pid_yaw": [0.5, 1e-06, 0.1], "k_pid_hsp": [4.636491298675537, 0.934221625328064, 0.4486404061317444], "k_pid_vsp": [399.9120788574219, 366.708740234375, 38.860477447509766]}, "datetime": {"datetime": "2025-08-20 14:46:11", "elapsed": 10426.180144548416, "delta": 17.161664962768555}, "costs": {"total_cost": 353.1529675595028, "time_cost": 77.072, "final_distance_cost": 1.7526029855086729, "oscillation_cost": 190.3773332461677, "completition_cost": 0.0, "overshoot_cost": 51.28196856785504, "power_cost": 18.61413829345703, "noise_cost": 14.054924466514414, "n_waypoints_completed": 9, "tot_waypoints": 9}}
{"target": -350.75598658239664, "params": {"k_pid_pos": [1.8776088953018188, 0.01876521110534668, 0.9919383525848389], "k_pid_alt": [0.9776093363761902, 0.0062983036041259766, 0.8252648115158081], "k_pid_att": [89.48436737060547, 0.07689683884382248, 0.9249906539916992], "k_pid_yaw": [0.5, 1e-06, 0.1], "k_pid_hsp": [9.560410499572754, 0.9544702172279358, 0.08572983741760254], "k_pid_vsp": [399.99993896484375, 387.23974609375, 62.21358871459961]}, "datetime": {"datetime": "2025-08-20 14:46:28", "elapsed": 10443.194251775742, "delta": 17.01410722732544}, "costs": {"total_cost": 350.75598658239664, "time_cost": 76.48, "final_distance_cost": 1.8540012863478847, "oscillation_cost": 193.8746103869298, "completition_cost": 0.0, "overshoot_cost": 49.201223746253234, "power_cost": 16.400297888183594, "noise_cost": 12.945853274682127, "n_waypoints_completed": 9, "tot_waypoints": 9}}
{"target": -210.54007054530416, "params": {"k_pid_pos": [1.927856206893921, 0.18678611516952515, 0.0], "k_pid_alt": [1.5276122093200684, 0.006832510232925415, 0.8901559114456177], "k_pid_att": [98.3580551147461, 0.5284591913223267, 0.9852356910705566], "k_pid_yaw": [0.5, 1e-06, 0.1], "k_pid_hsp": [5.706183433532715, 0.927315354347229, 0.02633759379386902], "k_pid_vsp": [399.99981689453125, 381.2643737792969, 42.10877227783203]}, "datetime": {"datetime": "2025-08-20 14:46:45", "elapsed": 10460.18476843834, "delta": 16.990516662597656}, "costs": {"total_cost": 210.54007054530416, "time_cost": 70.896, "final_distance_cost": 1.777027551848064, "oscillation_cost": 60.605643677472514, "completition_cost": 0.0, "overshoot_cost": 49.810519450525035, "power_cost": 15.517903845214844, "noise_cost": 11.932976020243714, "n_waypoints_completed": 9, "tot_waypoints": 9}}
{"target": -374.34098869988736, "params": {"k_pid_pos": [1.8683494329452515, 0.28916144371032715, 0.020013630390167236], "k_pid_alt": [1.7418553829193115, 0.1452631950378418, 0.9931612014770508], "k_pid_att": [98.44593811035156, 2.0438642501831055, 0.9860430955886841], "k_pid_yaw": [0.5, 1e-06, 0.1], "k_pid_hsp": [8.832125663757324, 0.9978622794151306, 0.12926465272903442], "k_pid_vsp": [239.35816955566406, 393.4765930175781, 55.35805130004883]}, "datetime": {"datetime": "2025-08-20 14:47:09", "elapsed": 10483.527869224548, "delta": 23.343100786209106}, "costs": {"total_cost": 374.34098869988736, "time_cost": 98.808, "final_distance_cost": 1.7170926285919108, "oscillation_cost": 182.59827275190813, "completition_cost": 0.0, "overshoot_cost": 52.50774912698947, "power_cost": 22.055222741699218, "noise_cost": 16.654651450698616, "n_waypoints_completed": 9, "tot_waypoints": 9}}
{"target": -258.73295133592734, "params": {"k_pid_pos": [1.733243703842163, 0.1052304208278656, 0.0], "k_pid_alt": [1.8328981399536133, 0.5265623927116394, 0.9410099387168884], "k_pid_att": [94.22925567626953, 2.424065351486206, 0.9578756093978882], "k_pid_yaw": [0.5, 1e-06, 0.1], "k_pid_hsp": [6.174805164337158, 0.9451963305473328, 0.042926669120788574], "k_pid_vsp": [400.0, 375.4190368652344, 32.35788345336914]}, "datetime": {"datetime": "2025-08-20 14:47:29", "elapsed": 10504.445667266846, "delta": 20.917798042297363}, "costs": {"total_cost": 258.73295133592734, "time_cost": 92.28, "final_distance_cost": 1.7878173864729534, "oscillation_cost": 79.5943732018656, "completition_cost": 0.0, "overshoot_cost": 52.97494344836838, "power_cost": 17.96498848876953, "noise_cost": 14.130828810450886, "n_waypoints_completed": 9, "tot_waypoints": 9}}
{"target": -276.86594132824223, "params": {"k_pid_pos": [1.9800617694854736, 0.09193024039268494, 0.6930172443389893], "k_pid_alt": [1.7447504997253418, 0.07680028676986694, 0.849919319152832], "k_pid_att": [97.81656646728516, 1.3459898233413696, 0.9203323721885681], "k_pid_yaw": [0.5, 1e-06, 0.1], "k_pid_hsp": [7.735302448272705, 0.980812668800354, 0.0627422034740448], "k_pid_vsp": [358.6693115234375, 380.0839538574219, 8.460975646972656]}, "datetime": {"datetime": "2025-08-20 14:47:49", "elapsed": 10523.509996652603, "delta": 19.064329385757446}, "costs": {"total_cost": 276.86594132824223, "time_cost": 82.848, "final_distance_cost": 1.8102339619973502, "oscillation_cost": 111.0390730904639, "completition_cost": 0.0, "overshoot_cost": 50.94656551852263, "power_cost": 16.254482702636718, "noise_cost": 13.9675860546216, "n_waypoints_completed": 9, "tot_waypoints": 9}}
{"target": -262.79308420938946, "params": {"k_pid_pos": [1.5027865171432495, 0.004902929067611694, 0.00019943714141845703], "k_pid_alt": [0.6506515145301819, 0.0022204220294952393, 0.9863983392715454], "k_pid_att": [55.761070251464844, 2.7463996410369873, 0.9408684968948364], "k_pid_yaw": [0.5, 1e-06, 0.1], "k_pid_hsp": [9.374581336975098, 0.9491888880729675, 0.023000776767730713], "k_pid_vsp": [0.06647109985351562, 393.77349853515625, 28.676820755004883]}, "datetime": {"datetime": "2025-08-20 14:48:09", "elapsed": 10544.226079702377, "delta": 20.71608304977417}, "costs": {"total_cost": 262.79308420938946, "time_cost": 89.536, "final_distance_cost": 1.8393977577508598, "oscillation_cost": 87.39824277192771, "completition_cost": 0.0, "overshoot_cost": 51.67047793618149, "power_cost": 18.418116796875, "noise_cost": 13.930848946654377, "n_waypoints_completed": 9, "tot_waypoints": 9}}
