{"target": -274.9503795638282, "params": {"k_pid_pos": [1.7755297422409058, 0.1274673342704773, 0.0], "k_pid_alt": [1.6729401350021362, 0.007830947637557983, 0.990784764289856], "k_pid_att": [98.86323547363281, 0.13946737349033356, 0.8909127116203308], "k_pid_yaw": [0.5, 1e-06, 0.1], "k_pid_hsp": [9.669689178466797, 0.9895564913749695, 0.12886184453964233], "k_pid_vsp": [399.99993896484375, 389.2655944824219, 49.48717498779297]}, "datetime": {"datetime": "2025-08-20 15:52:10", "elapsed": 14384.692842245102, "delta": 15.363432884216309}, "costs": {"total_cost": 274.9503795638282, "time_cost": 69.424, "final_distance_cost": 1.7591944124083687, "oscillation_cost": 126.52638408066053, "completition_cost": 0.0, "overshoot_cost": 49.247257501021394, "power_cost": 15.754814587402345, "noise_cost": 12.23872898233561, "n_waypoints_completed": 9, "tot_waypoints": 9}}
{"target": -212.8632167313255, "params": {"k_pid_pos": [1.741935133934021, 0.034552037715911865, 0.0], "k_pid_alt": [1.8346593379974365, 0.014791518449783325, 0.9832671284675598], "k_pid_att": [72.81584930419922, 1.0020318031311035, 0.9957447648048401], "k_pid_yaw": [0.5, 1e-06, 0.1], "k_pid_hsp": [7.797989368438721, 0.9778555631637573, 0.04732820391654968], "k_pid_vsp": [43.17924880981445, 397.0379638671875, 25.830533981323242]}, "datetime": {"datetime": "2025-08-20 15:52:25", "elapsed": 14400.40210056305, "delta": 15.709258317947388}, "costs": {"total_cost": 212.8632167313255, "time_cost": 68.888, "final_distance_cost": 1.7538619055689297, "oscillation_cost": 64.33584524983925, "completition_cost": 0.0, "overshoot_cost": 49.89317044004082, "power_cost": 15.979226000976563, "noise_cost": 12.013113134899944, "n_waypoints_completed": 9, "tot_waypoints": 9}}
{"target": -275.7536836025405, "params": {"k_pid_pos": [1.8094563484191895, 0.10457316040992737, 0.0], "k_pid_alt": [1.6660609245300293, 0.09905171394348145, 0.9699982404708862], "k_pid_att": [99.01239776611328, 0.23171178996562958, 0.9785404205322266], "k_pid_yaw": [0.5, 1e-06, 0.1], "k_pid_hsp": [9.805896759033203, 0.9848911762237549, 0.011865228414535522], "k_pid_vsp": [400.0, 387.77557373046875, 15.220857620239258]}, "datetime": {"datetime": "2025-08-20 15:52:48", "elapsed": 14423.052954673767, "delta": 22.650854110717773}, "costs": {"total_cost": 275.7536836025405, "time_cost": 99.68, "final_distance_cost": 1.75464918749545, "oscillation_cost": 84.67674518158744, "completition_cost": 0.0, "overshoot_cost": 51.868990694207206, "power_cost": 21.273235327148438, "noise_cost": 16.500063212101953, "n_waypoints_completed": 9, "tot_waypoints": 9}}
{"target": -317.2935559687828, "params": {"k_pid_pos": [1.9627960920333862, 0.06978064775466919, 1.0], "k_pid_alt": [1.9729292392730713, 0.015741974115371704, 0.9396070241928101], "k_pid_att": [98.14094543457031, 0.5391148924827576, 0.9691900610923767], "k_pid_yaw": [0.5, 1e-06, 0.1], "k_pid_hsp": [9.859221458435059, 0.9324545860290527, 0.07167583703994751], "k_pid_vsp": [400.0, 227.5376739501953, 23.066308975219727]}, "datetime": {"datetime": "2025-08-20 15:53:06", "elapsed": 14440.694597959518, "delta": 17.641643285751343}, "costs": {"total_cost": 317.2935559687828, "time_cost": 69.536, "final_distance_cost": 1.8377220430800083, "oscillation_cost": 166.65345912092482, "completition_cost": 0.0, "overshoot_cost": 50.534051159311566, "power_cost": 15.917695678710938, "noise_cost": 12.814627966755507, "n_waypoints_completed": 9, "tot_waypoints": 9}}
{"target": -224.64194099682572, "params": {"k_pid_pos": [1.6062047481536865, 0.01484447717666626, 0.0], "k_pid_alt": [1.4724899530410767, 0.02340671420097351, 0.9890800714492798], "k_pid_att": [97.68373107910156, 0.19429178535938263, 0.9782905578613281], "k_pid_yaw": [0.5, 1e-06, 0.1], "k_pid_hsp": [9.090105056762695, 0.9699937105178833, 0.08402884006500244], "k_pid_vsp": [399.9844970703125, 364.2489318847656, 17.56534767150879]}, "datetime": {"datetime": "2025-08-20 15:53:21", "elapsed": 14455.832472324371, "delta": 15.137874364852905}, "costs": {"total_cost": 224.64194099682572, "time_cost": 69.08, "final_distance_cost": 1.7974840895695776, "oscillation_cost": 77.54493402501771, "completition_cost": 0.0, "overshoot_cost": 50.478007165834406, "power_cost": 14.120337060546875, "noise_cost": 11.621178655857149, "n_waypoints_completed": 9, "tot_waypoints": 9}}
{"target": -298.8041795830411, "params": {"k_pid_pos": [1.959592342376709, 0.04875671863555908, 0.7754135131835938], "k_pid_alt": [1.7525651454925537, 0.12232398986816406, 0.9807461500167847], "k_pid_att": [94.46943664550781, 0.14100724458694458, 0.9357362985610962], "k_pid_yaw": [0.5, 1e-06, 0.1], "k_pid_hsp": [8.584746360778809, 0.9857406616210938, 0.0361400842666626], "k_pid_vsp": [399.84716796875, 369.4594421386719, 9.410978317260742]}, "datetime": {"datetime": "2025-08-20 15:53:40", "elapsed": 14474.98513507843, "delta": 19.152662754058838}, "costs": {"total_cost": 298.8041795830411, "time_cost": 87.056, "final_distance_cost": 1.8023352580500114, "oscillation_cost": 127.403736470334, "completition_cost": 0.0, "overshoot_cost": 51.28181619734976, "power_cost": 16.930702844238283, "noise_cost": 14.329588813069027, "n_waypoints_completed": 9, "tot_waypoints": 9}}
{"target": -213.95273311857179, "params": {"k_pid_pos": [1.9126030206680298, 0.07666906714439392, 2.9802322387695312e-08], "k_pid_alt": [1.9063847064971924, 0.0359225869178772, 0.9634466767311096], "k_pid_att": [94.3785400390625, 0.39652562141418457, 0.9589691758155823], "k_pid_yaw": [0.5, 1e-06, 0.1], "k_pid_hsp": [9.801033020019531, 0.917172908782959, 0.002873629331588745], "k_pid_vsp": [400.0, 397.438232421875, 5.36556339263916]}, "datetime": {"datetime": "2025-08-20 15:53:56", "elapsed": 14490.522901058197, "delta": 15.537765979766846}, "costs": {"total_cost": 213.95273311857179, "time_cost": 69.824, "final_distance_cost": 1.7566971849188397, "oscillation_cost": 67.30272838457518, "completition_cost": 0.0, "overshoot_cost": 50.66765488003612, "power_cost": 12.973553466796876, "noise_cost": 11.428099202244763, "n_waypoints_completed": 9, "tot_waypoints": 9}}
{"target": -305.7334153289155, "params": {"k_pid_pos": [1.979480504989624, 0.11396494507789612, 1.2218952178955078e-06], "k_pid_alt": [1.8300955295562744, 0.10799255967140198, 0.9792220592498779], "k_pid_att": [99.64755249023438, 0.24475108087062836, 0.980643630027771], "k_pid_yaw": [0.5, 1e-06, 0.1], "k_pid_hsp": [9.38825511932373, 0.9646313190460205, 0.060108065605163574], "k_pid_vsp": [400.0, 397.4577331542969, 19.3886661529541]}, "datetime": {"datetime": "2025-08-20 15:54:18", "elapsed": 14512.519451856613, "delta": 21.996550798416138}, "costs": {"total_cost": 305.7334153289155, "time_cost": 99.44800000000001, "final_distance_cost": 1.7566486373673318, "oscillation_cost": 117.34556685074391, "completition_cost": 0.0, "overshoot_cost": 52.001607456938856, "power_cost": 19.575470556640624, "noise_cost": 15.606121827224811, "n_waypoints_completed": 9, "tot_waypoints": 9}}
{"target": -303.4220635593359, "params": {"k_pid_pos": [1.730021595954895, 0.12027382850646973, 0.02232179045677185], "k_pid_alt": [1.5443360805511475, 0.048647016286849976, 0.9447398781776428], "k_pid_att": [99.5074691772461, 1.7949095964431763, 0.984174370765686], "k_pid_yaw": [0.5, 1e-06, 0.1], "k_pid_hsp": [8.103703498840332, 0.9512767195701599, 0.05741053819656372], "k_pid_vsp": [0.008440017700195312, 393.4734802246094, 9.694422721862793]}, "datetime": {"datetime": "2025-08-20 15:54:35", "elapsed": 14530.069548130035, "delta": 17.55009627342224}, "costs": {"total_cost": 303.4220635593359, "time_cost": 80.28, "final_distance_cost": 1.7333306687492278, "oscillation_cost": 137.21332725854307, "completition_cost": 0.0, "overshoot_cost": 54.12697122795673, "power_cost": 17.60316472167969, "noise_cost": 12.465269682407229, "n_waypoints_completed": 9, "tot_waypoints": 9}}
{"target": -336.65760521624344, "params": {"k_pid_pos": [1.8791810274124146, 0.01850995421409607, 0.0], "k_pid_alt": [1.9529668092727661, 0.12056350708007812, 0.9637837409973145], "k_pid_att": [98.97259521484375, 0.1451139748096466, 0.9428144097328186], "k_pid_yaw": [0.5, 1e-06, 0.1], "k_pid_hsp": [9.88086986541748, 0.9799184799194336, 0.0842936635017395], "k_pid_vsp": [399.99993896484375, 393.8489074707031, 22.384693145751953]}, "datetime": {"datetime": "2025-08-20 15:54:57", "elapsed": 14551.853577375412, "delta": 21.784029245376587}, "costs": {"total_cost": 336.65760521624344, "time_cost": 98.296, "final_distance_cost": 1.8027124851519614, "oscillation_cost": 146.218148603896, "completition_cost": 0.0, "overshoot_cost": 51.54389984479131, "power_cost": 22.003587268066408, "noise_cost": 16.793257014337787, "n_waypoints_completed": 9, "tot_waypoints": 9}}
{"target": -238.22512824814484, "params": {"k_pid_pos": [1.8513044118881226, 0.02209457755088806, 1.7881393432617188e-07], "k_pid_alt": [1.9351675510406494, 0.029483795166015625, 0.9660070538520813], "k_pid_att": [74.72846984863281, 1.1911194324493408, 0.9776760339736938], "k_pid_yaw": [0.5, 1e-06, 0.1], "k_pid_hsp": [9.651951789855957, 0.9195225834846497, 0.1481630504131317], "k_pid_vsp": [400.0, 392.1675720214844, 3.8984665870666504]}, "datetime": {"datetime": "2025-08-20 15:55:12", "elapsed": 14567.387805461884, "delta": 15.534228086471558}, "costs": {"total_cost": 238.22512824814484, "time_cost": 69.208, "final_distance_cost": 1.7776600152489868, "oscillation_cost": 91.42984046942419, "completition_cost": 0.0, "overshoot_cost": 50.42765765185101, "power_cost": 13.620369689941407, "noise_cost": 11.761600421679239, "n_waypoints_completed": 9, "tot_waypoints": 9}}
{"target": -398.79108826364353, "params": {"k_pid_pos": [1.898540735244751, 0.1643097698688507, 1.2516975402832031e-06], "k_pid_alt": [1.8576116561889648, 0.09623950719833374, 0.8710609674453735], "k_pid_att": [85.06443786621094, 0.774621844291687, 0.9416003227233887], "k_pid_yaw": [0.5, 1e-06, 0.1], "k_pid_hsp": [9.9034423828125, 0.872523307800293, 0.4181247353553772], "k_pid_vsp": [400.0, 388.631591796875, 17.217924118041992]}, "datetime": {"datetime": "2025-08-20 15:55:34", "elapsed": 14589.238914728165, "delta": 21.851109266281128}, "costs": {"total_cost": 398.79108826364353, "time_cost": 98.408, "final_distance_cost": 1.7477261651125107, "oscillation_cost": 205.5994537331417, "completition_cost": 0.0, "overshoot_cost": 53.32014768779108, "power_cost": 22.561889306640627, "noise_cost": 17.153871370957653, "n_waypoints_completed": 9, "tot_waypoints": 9}}
{"target": -221.6483174563728, "params": {"k_pid_pos": [1.9039748907089233, 0.39632999897003174, 0.0], "k_pid_alt": [1.4673396348953247, 0.021545082330703735, 0.9908734560012817], "k_pid_att": [98.69558715820312, 0.4341926872730255, 0.9913523197174072], "k_pid_yaw": [0.5, 1e-06, 0.1], "k_pid_hsp": [9.012137413024902, 0.9938033819198608, 0.005888849496841431], "k_pid_vsp": [400.0, 373.71893310546875, 4.813660144805908]}, "datetime": {"datetime": "2025-08-20 15:55:52", "elapsed": 14607.106514453888, "delta": 17.867599725723267}, "costs": {"total_cost": 221.6483174563728, "time_cost": 79.752, "final_distance_cost": 1.7341452754743627, "oscillation_cost": 59.76327049363025, "completition_cost": 0.0, "overshoot_cost": 52.43751186216809, "power_cost": 14.90984598388672, "noise_cost": 13.051543841213386, "n_waypoints_completed": 9, "tot_waypoints": 9}}
{"target": -243.6863305913163, "params": {"k_pid_pos": [1.9276419878005981, 0.020746886730194092, 0.9994591474533081], "k_pid_alt": [1.9476438760757446, 0.09056144952774048, 0.846605122089386], "k_pid_att": [91.39130401611328, 0.07778732478618622, 0.9845282435417175], "k_pid_yaw": [0.5, 1e-06, 0.1], "k_pid_hsp": [7.987103462219238, 0.8996697068214417, 0.00366896390914917], "k_pid_vsp": [41.21016311645508, 397.99713134765625, 113.49022674560547]}, "datetime": {"datetime": "2025-08-20 15:56:09", "elapsed": 14624.140746355057, "delta": 17.034231901168823}, "costs": {"total_cost": 243.6863305913163, "time_cost": 77.288, "final_distance_cost": 1.837442167351539, "oscillation_cost": 82.14977142731406, "completition_cost": 0.0, "overshoot_cost": 51.94946507164972, "power_cost": 17.117394201660158, "noise_cost": 13.344257723340819, "n_waypoints_completed": 9, "tot_waypoints": 9}}
{"target": -259.9866212493346, "params": {"k_pid_pos": [1.9853218793869019, 0.011005997657775879, 2.4139881134033203e-05], "k_pid_alt": [1.905531644821167, 0.07434529066085815, 0.8141981363296509], "k_pid_att": [99.61935424804688, 0.016883904114365578, 0.9762234687805176], "k_pid_yaw": [0.5, 1e-06, 0.1], "k_pid_hsp": [8.442242622375488, 0.9368003010749817, 0.05627134442329407], "k_pid_vsp": [400.0, 379.5137939453125, 11.582399368286133]}, "datetime": {"datetime": "2025-08-20 15:56:27", "elapsed": 14641.758077383041, "delta": 17.61733102798462}, "costs": {"total_cost": 259.9866212493346, "time_cost": 80.488, "final_distance_cost": 1.7543402535394061, "oscillation_cost": 93.53790225776402, "completition_cost": 0.0, "overshoot_cost": 52.93465769531995, "power_cost": 17.29922305908203, "noise_cost": 13.97249798362921, "n_waypoints_completed": 9, "tot_waypoints": 9}}
{"target": -340.307813511174, "params": {"k_pid_pos": [1.9246745109558105, 0.01818162202835083, 0.13206464052200317], "k_pid_alt": [1.9684538841247559, 0.10841125249862671, 0.9775643348693848], "k_pid_att": [89.51953887939453, 0.5584686398506165, 0.9882038831710815], "k_pid_yaw": [0.5, 1e-06, 0.1], "k_pid_hsp": [9.040127754211426, 0.8461445569992065, 0.10770091414451599], "k_pid_vsp": [400.0, 397.71966552734375, 76.69673156738281]}, "datetime": {"datetime": "2025-08-20 15:56:45", "elapsed": 14660.136236906052, "delta": 18.378159523010254}, "costs": {"total_cost": 340.307813511174, "time_cost": 83.632, "final_distance_cost": 1.7752473851494304, "oscillation_cost": 170.71294276424698, "completition_cost": 0.0, "overshoot_cost": 51.19690212263231, "power_cost": 18.75123319091797, "noise_cost": 14.23948804822731, "n_waypoints_completed": 9, "tot_waypoints": 9}}
{"target": -212.17306901442709, "params": {"k_pid_pos": [1.7197694778442383, 0.10244739055633545, 0.9966100454330444], "k_pid_alt": [1.5131850242614746, 0.016895204782485962, 0.9530197978019714], "k_pid_att": [97.50926971435547, 1.1919445991516113, 0.886480450630188], "k_pid_yaw": [0.5, 1e-06, 0.1], "k_pid_hsp": [5.889239311218262, 0.9865046739578247, 0.03333038091659546], "k_pid_vsp": [301.72552490234375, 392.7005615234375, 8.157325744628906]}, "datetime": {"datetime": "2025-08-20 15:57:02", "elapsed": 14676.60979294777, "delta": 16.47355604171753}, "costs": {"total_cost": 212.17306901442709, "time_cost": 71.19200000000001, "final_distance_cost": 1.8456070392325301, "oscillation_cost": 63.3466044091955, "completition_cost": 0.0, "overshoot_cost": 49.966947120981644, "power_cost": 13.566070849609376, "noise_cost": 12.255839595408005, "n_waypoints_completed": 9, "tot_waypoints": 9}}
{"target": -239.85029201623172, "params": {"k_pid_pos": [1.8722399473190308, 0.024196743965148926, 0.0], "k_pid_alt": [1.9424445629119873, 0.010443270206451416, 0.9938437938690186], "k_pid_att": [99.2023696899414, 0.04661291465163231, 0.9361619353294373], "k_pid_yaw": [0.5, 1e-06, 0.1], "k_pid_hsp": [9.826045989990234, 0.9912092685699463, 0.046594709157943726], "k_pid_vsp": [400.0, 395.9884033203125, 12.770486831665039]}, "datetime": {"datetime": "2025-08-20 15:57:17", "elapsed": 14691.644022464752, "delta": 15.034229516983032}, "costs": {"total_cost": 239.85029201623172, "time_cost": 69.528, "final_distance_cost": 1.7880615859389009, "oscillation_cost": 92.08112598277735, "completition_cost": 0.0, "overshoot_cost": 50.60730548945314, "power_cost": 14.223619799804688, "noise_cost": 11.622179158257621, "n_waypoints_completed": 9, "tot_waypoints": 9}}
{"target": -214.63556941556396, "params": {"k_pid_pos": [1.9335558414459229, 0.05673375725746155, 0.4075251817703247], "k_pid_alt": [1.7224197387695312, 0.026695579290390015, 0.975323498249054], "k_pid_att": [99.19617462158203, 0.8969460129737854, 0.982225775718689], "k_pid_yaw": [0.5, 1e-06, 0.1], "k_pid_hsp": [9.272730827331543, 0.9774082899093628, 0.013462364673614502], "k_pid_vsp": [399.99798583984375, 372.73577880859375, 1.1861214637756348]}, "datetime": {"datetime": "2025-08-20 15:57:32", "elapsed": 14707.1114590168, "delta": 15.46743655204773}, "costs": {"total_cost": 214.63556941556396, "time_cost": 69.2, "final_distance_cost": 1.7949434380014488, "oscillation_cost": 69.14237853565875, "completition_cost": 0.0, "overshoot_cost": 50.25419250631342, "power_cost": 12.804098510742188, "noise_cost": 11.439956424848134, "n_waypoints_completed": 9, "tot_waypoints": 9}}
{"target": -253.60670085200448, "params": {"k_pid_pos": [1.7987539768218994, 0.039883941411972046, 0.00040671229362487793], "k_pid_alt": [1.9241867065429688, 0.15836426615715027, 0.9921454191207886], "k_pid_att": [86.31241607666016, 0.9354091286659241, 0.9847888946533203], "k_pid_yaw": [0.5, 1e-06, 0.1], "k_pid_hsp": [8.62810230255127, 0.8862513899803162, 0.008384406566619873], "k_pid_vsp": [400.0, 394.30511474609375, 7.668031215667725]}, "datetime": {"datetime": "2025-08-20 15:57:54", "elapsed": 14728.980382680893, "delta": 21.868923664093018}, "costs": {"total_cost": 253.60670085200448, "time_cost": 98.21600000000001, "final_distance_cost": 1.7945315620101023, "oscillation_cost": 68.61264191182721, "completition_cost": 0.0, "overshoot_cost": 51.622485108675974, "power_cost": 18.093784228515627, "noise_cost": 15.26725804097559, "n_waypoints_completed": 9, "tot_waypoints": 9}}
{"target": -219.76306454329043, "params": {"k_pid_pos": [1.9573636054992676, 0.0052901506423950195, 8.493661880493164e-06], "k_pid_alt": [1.8535765409469604, 0.037790119647979736, 0.996546745300293], "k_pid_att": [99.18107604980469, 0.407264769077301, 0.892688512802124], "k_pid_yaw": [0.5, 1e-06, 0.1], "k_pid_hsp": [8.35183334350586, 0.9619604349136353, 0.020242959260940552], "k_pid_vsp": [6.707179546356201, 385.9542236328125, 6.3902268409729]}, "datetime": {"datetime": "2025-08-20 15:58:10", "elapsed": 14745.171681404114, "delta": 16.191298723220825}, "costs": {"total_cost": 219.76306454329043, "time_cost": 68.288, "final_distance_cost": 1.7160632855040405, "oscillation_cost": 75.84717230847893, "completition_cost": 0.0, "overshoot_cost": 49.422113258032915, "power_cost": 13.891777172851564, "noise_cost": 10.597938518423017, "n_waypoints_completed": 9, "tot_waypoints": 9}}
{"target": -376.876234985478, "params": {"k_pid_pos": [1.2712507247924805, 0.012606322765350342, 3.221631050109863e-05], "k_pid_alt": [1.8362371921539307, 0.19939646124839783, 0.9276511669158936], "k_pid_att": [99.26300048828125, 0.4034322202205658, 0.9746072292327881], "k_pid_yaw": [0.5, 1e-06, 0.1], "k_pid_hsp": [9.77355670928955, 0.9287214279174805, 0.23339977860450745], "k_pid_vsp": [1.1173009872436523, 236.7462615966797, 5.0689826011657715]}, "datetime": {"datetime": "2025-08-20 15:58:35", "elapsed": 14770.231191158295, "delta": 25.059509754180908}, "costs": {"total_cost": 376.876234985478, "time_cost": 92.536, "final_distance_cost": 1.7747340874013897, "oscillation_cost": 191.94365223987347, "completition_cost": 0.0, "overshoot_cost": 55.7276366360151, "power_cost": 20.44907265625, "noise_cost": 14.445139365938035, "n_waypoints_completed": 9, "tot_waypoints": 9}}
{"target": -226.53279545164625, "params": {"k_pid_pos": [1.670222520828247, 0.004381448030471802, 0.0], "k_pid_alt": [1.9425430297851562, 0.07183462381362915, 0.7273454666137695], "k_pid_att": [90.325439453125, 0.2826923131942749, 0.9735877513885498], "k_pid_yaw": [0.5, 1e-06, 0.1], "k_pid_hsp": [9.26887035369873, 0.8810307383537292, 0.013579368591308594], "k_pid_vsp": [400.0, 381.14825439453125, 30.963876724243164]}, "datetime": {"datetime": "2025-08-20 15:58:54", "elapsed": 14788.86552453041, "delta": 18.63433337211609}, "costs": {"total_cost": 226.53279545164625, "time_cost": 78.912, "final_distance_cost": 1.817399627566431, "oscillation_cost": 63.732877329668874, "completition_cost": 0.0, "overshoot_cost": 51.70441271653359, "power_cost": 17.064352941894533, "noise_cost": 13.301752835982818, "n_waypoints_completed": 9, "tot_waypoints": 9}}
{"target": -223.28677365149497, "params": {"k_pid_pos": [1.889229416847229, 0.03899148106575012, 0.039138197898864746], "k_pid_alt": [1.9931751489639282, 0.017343252897262573, 0.9780346155166626], "k_pid_att": [98.57976531982422, 0.23842738568782806, 0.9842275381088257], "k_pid_yaw": [0.5, 1e-06, 0.1], "k_pid_hsp": [9.664584159851074, 0.9275021553039551, 0.04829636216163635], "k_pid_vsp": [399.9969482421875, 355.55523681640625, 26.64989471435547]}, "datetime": {"datetime": "2025-08-20 15:59:10", "elapsed": 14805.265251159668, "delta": 16.399726629257202}, "costs": {"total_cost": 223.28677365149497, "time_cost": 69.184, "final_distance_cost": 1.7447630390019178, "oscillation_cost": 74.40936931443613, "completition_cost": 0.0, "overshoot_cost": 50.03048277862246, "power_cost": 15.673351684570314, "noise_cost": 12.244806834864137, "n_waypoints_completed": 9, "tot_waypoints": 9}}
{"target": -476.6563655680773, "params": {"k_pid_pos": [1.941766381263733, 0.04138168692588806, 0.04200941324234009], "k_pid_alt": [1.7818357944488525, 0.17152822017669678, 0.9808032512664795], "k_pid_att": [97.48226165771484, 0.09207947552204132, 0.881561279296875], "k_pid_yaw": [0.5, 1e-06, 0.1], "k_pid_hsp": [9.868773460388184, 0.9565225839614868, 0.030395537614822388], "k_pid_vsp": [19.633197784423828, 321.1186218261719, 29.35025978088379]}, "datetime": {"datetime": "2025-08-20 15:59:33", "elapsed": 14827.550595998764, "delta": 22.28534483909607}, "costs": {"total_cost": 476.6563655680773, "time_cost": 150, "final_distance_cost": 15.97705409819502, "oscillation_cost": 112.3219854252862, "completition_cost": 111.11111111111116, "overshoot_cost": 51.721437523053794, "power_cost": 20.28462197265625, "noise_cost": 15.240155437774934, "n_waypoints_completed": 8, "tot_waypoints": 9}}
