{"target": -213.2491799745418, "params": {"k_pid_pos": [1.9739947319030762, 0.06039208173751831, 0.0], "k_pid_alt": [1.9735654592514038, 0.010251909494400024, 0.8134689331054688], "k_pid_att": [98.11994171142578, 0.29838457703590393, 0.9923615455627441], "k_pid_yaw": [0.5, 1e-06, 0.1], "k_pid_hsp": [9.866018295288086, 0.9952619075775146, 0.007901698350906372], "k_pid_vsp": [400.0, 397.5207214355469, 15.156233787536621]}, "datetime": {"datetime": "2025-08-20 22:19:47", "elapsed": 37641.99411392212, "delta": 16.389048099517822}, "costs": {"total_cost": 213.2491799745418, "time_cost": 69.864, "final_distance_cost": 1.7853042708914753, "oscillation_cost": 61.74711053193688, "completition_cost": 0.0, "overshoot_cost": 50.54722485623052, "power_cost": 16.67365955810547, "noise_cost": 12.631880757377433, "n_waypoints_completed": 9, "tot_waypoints": 9}}
{"target": -207.8910327173437, "params": {"k_pid_pos": [1.9700063467025757, 0.008846104145050049, 0.0], "k_pid_alt": [1.9874151945114136, 0.005390167236328125, 0.988373875617981], "k_pid_att": [97.92288208007812, 0.11345289647579193, 0.9170740246772766], "k_pid_yaw": [0.5, 1e-06, 0.1], "k_pid_hsp": [9.8540620803833, 0.9825227856636047, 0.012758851051330566], "k_pid_vsp": [400.0, 397.92401123046875, 11.317111015319824]}, "datetime": {"datetime": "2025-08-20 22:20:03", "elapsed": 37657.57943415642, "delta": 15.585320234298706}, "costs": {"total_cost": 207.8910327173437, "time_cost": 69.88, "final_distance_cost": 1.7874796825047445, "oscillation_cost": 61.744052094388735, "completition_cost": 0.0, "overshoot_cost": 49.856104635789634, "power_cost": 13.419264270019532, "noise_cost": 11.204132034641063, "n_waypoints_completed": 9, "tot_waypoints": 9}}
{"target": -231.10603477644133, "params": {"k_pid_pos": [1.9587435722351074, 0.019777029752731323, 0.0], "k_pid_alt": [1.9576857089996338, 0.07894182205200195, 0.9752415418624878], "k_pid_att": [97.37449645996094, 0.23498673737049103, 0.9578601717948914], "k_pid_yaw": [0.5, 1e-06, 0.1], "k_pid_hsp": [9.578977584838867, 0.9832661151885986, 0.009699046611785889], "k_pid_vsp": [400.0, 393.4568786621094, 5.223370552062988]}, "datetime": {"datetime": "2025-08-20 22:20:21", "elapsed": 37676.09108877182, "delta": 18.51165461540222}, "costs": {"total_cost": 231.10603477644133, "time_cost": 81.208, "final_distance_cost": 1.775626100020599, "oscillation_cost": 67.48023392351087, "completition_cost": 0.0, "overshoot_cost": 52.48542077133811, "power_cost": 14.989641088867188, "noise_cost": 13.167112892704543, "n_waypoints_completed": 9, "tot_waypoints": 9}}
{"target": -209.06435787912733, "params": {"k_pid_pos": [1.9845777750015259, 0.0739605724811554, 8.046627044677734e-06], "k_pid_alt": [1.9898627996444702, 0.0030286312103271484, 0.9626626372337341], "k_pid_att": [94.11084747314453, 0.04259083420038223, 0.9608094692230225], "k_pid_yaw": [0.5, 1e-06, 0.1], "k_pid_hsp": [9.917031288146973, 0.9152312874794006, 0.010831981897354126], "k_pid_vsp": [400.0, 390.5466613769531, 8.628178596496582]}, "datetime": {"datetime": "2025-08-20 22:20:38", "elapsed": 37692.79532241821, "delta": 16.704233646392822}, "costs": {"total_cost": 209.06435787912733, "time_cost": 70.2, "final_distance_cost": 1.7683170268869985, "oscillation_cost": 61.547601115782086, "completition_cost": 0.0, "overshoot_cost": 50.05481247447503, "power_cost": 13.740642004394532, "noise_cost": 11.752985257588685, "n_waypoints_completed": 9, "tot_waypoints": 9}}
{"target": -210.2582817012012, "params": {"k_pid_pos": [1.9571237564086914, 0.0083102285861969, 0.0], "k_pid_alt": [1.962606430053711, 0.036819279193878174, 0.9811916351318359], "k_pid_att": [98.40994262695312, 2.341641664505005, 0.9975416660308838], "k_pid_yaw": [0.5, 1e-06, 0.1], "k_pid_hsp": [9.786273002624512, 0.9712687730789185, 0.0037872791290283203], "k_pid_vsp": [400.0, 385.09429931640625, 2.8316268920898438]}, "datetime": {"datetime": "2025-08-20 22:20:53", "elapsed": 37708.056790828705, "delta": 15.261468410491943}, "costs": {"total_cost": 210.2582817012012, "time_cost": 69.8, "final_distance_cost": 1.7867330688314005, "oscillation_cost": 63.75902231128846, "completition_cost": 0.0, "overshoot_cost": 50.58603595703842, "power_cost": 12.935101440429689, "noise_cost": 11.391388923613263, "n_waypoints_completed": 9, "tot_waypoints": 9}}
{"target": -265.4704906962386, "params": {"k_pid_pos": [1.953555703163147, 0.03305932879447937, 0.9991369247436523], "k_pid_alt": [1.955898642539978, 0.0045556724071502686, 0.9886571168899536], "k_pid_att": [99.41326904296875, 0.033465154469013214, 0.9468003511428833], "k_pid_yaw": [0.5, 1e-06, 0.1], "k_pid_hsp": [8.220829010009766, 0.9842199087142944, 0.02739843726158142], "k_pid_vsp": [400.0, 385.7833251953125, 17.082836151123047]}, "datetime": {"datetime": "2025-08-20 22:21:10", "elapsed": 37724.79930257797, "delta": 16.742511749267578}, "costs": {"total_cost": 265.4704906962386, "time_cost": 69.8, "final_distance_cost": 1.8463671333387872, "oscillation_cost": 118.40671834229585, "completition_cost": 0.0, "overshoot_cost": 49.970487753367465, "power_cost": 13.7787859375, "noise_cost": 11.668131529736451, "n_waypoints_completed": 9, "tot_waypoints": 9}}
{"target": -221.66460927978312, "params": {"k_pid_pos": [1.9807161092758179, 0.012990176677703857, 0.0], "k_pid_alt": [1.8849982023239136, 0.005646169185638428, 0.9890768527984619], "k_pid_att": [99.13016510009766, 0.137415811419487, 0.8780546188354492], "k_pid_yaw": [0.5, 1e-06, 0.1], "k_pid_hsp": [9.872608184814453, 0.9300880432128906, 0.039205402135849], "k_pid_vsp": [400.0, 374.4886169433594, 22.334745407104492]}, "datetime": {"datetime": "2025-08-20 22:21:25", "elapsed": 37739.83104801178, "delta": 15.031745433807373}, "costs": {"total_cost": 221.66460927978312, "time_cost": 69.528, "final_distance_cost": 1.7933143638137496, "oscillation_cost": 74.18305873416686, "completition_cost": 0.0, "overshoot_cost": 49.9806174930974, "power_cost": 14.588205212402345, "noise_cost": 11.591413476302739, "n_waypoints_completed": 9, "tot_waypoints": 9}}
{"target": -206.83120649395912, "params": {"k_pid_pos": [1.9369025230407715, 0.015245646238327026, 0.0], "k_pid_alt": [1.9837875366210938, 0.006192117929458618, 0.8713669180870056], "k_pid_att": [98.1733169555664, 0.40848010778427124, 0.9896739721298218], "k_pid_yaw": [0.5, 1e-06, 0.1], "k_pid_hsp": [9.890979766845703, 0.9765337705612183, 0.007026344537734985], "k_pid_vsp": [400.0, 386.2716369628906, 11.065043449401855]}, "datetime": {"datetime": "2025-08-20 22:21:42", "elapsed": 37756.756536483765, "delta": 16.925488471984863}, "costs": {"total_cost": 206.83120649395912, "time_cost": 69.696, "final_distance_cost": 1.7668786220446744, "oscillation_cost": 58.62482944750695, "completition_cost": 0.0, "overshoot_cost": 50.490001827777064, "power_cost": 14.485859472656252, "noise_cost": 11.767637123974191, "n_waypoints_completed": 9, "tot_waypoints": 9}}
{"target": -220.44147657135724, "params": {"k_pid_pos": [1.987045168876648, 0.031888484954833984, 0.0], "k_pid_alt": [1.9923019409179688, 0.020031988620758057, 0.9880055785179138], "k_pid_att": [91.27758026123047, 0.32258203625679016, 0.9904090166091919], "k_pid_yaw": [0.5, 1e-06, 0.1], "k_pid_hsp": [9.667511940002441, 0.988792896270752, 0.0272560715675354], "k_pid_vsp": [400.0, 396.12628173828125, 15.79445743560791]}, "datetime": {"datetime": "2025-08-20 22:21:57", "elapsed": 37771.77216219902, "delta": 15.015625715255737}, "costs": {"total_cost": 220.44147657135724, "time_cost": 69.656, "final_distance_cost": 1.751891874431727, "oscillation_cost": 72.28021385743669, "completition_cost": 0.0, "overshoot_cost": 50.52214481553411, "power_cost": 14.627518469238282, "noise_cost": 11.603707554716433, "n_waypoints_completed": 9, "tot_waypoints": 9}}
{"target": -299.32026791878246, "params": {"k_pid_pos": [1.9753749370574951, 0.010280728340148926, 0.0], "k_pid_alt": [1.9581892490386963, 0.11818951368331909, 0.9942768812179565], "k_pid_att": [98.48458862304688, 0.12307984381914139, 0.9896970391273499], "k_pid_yaw": [0.5, 1e-06, 0.1], "k_pid_hsp": [9.892959594726562, 0.9780071377754211, 0.0787300169467926], "k_pid_vsp": [400.0, 395.97491455078125, 0.5426059365272522]}, "datetime": {"datetime": "2025-08-20 22:22:22", "elapsed": 37796.82374405861, "delta": 25.051581859588623}, "costs": {"total_cost": 299.32026791878246, "time_cost": 99.072, "final_distance_cost": 1.736838889262279, "oscillation_cost": 110.88185776911803, "completition_cost": 0.0, "overshoot_cost": 52.5188289578137, "power_cost": 18.98117724609375, "noise_cost": 16.12956505649472, "n_waypoints_completed": 9, "tot_waypoints": 9}}
{"target": -220.6989176273871, "params": {"k_pid_pos": [1.9599472284317017, 0.062409549951553345, 0.0], "k_pid_alt": [1.6842875480651855, 0.003602653741836548, 0.9714336395263672], "k_pid_att": [97.18208312988281, 0.13981963694095612, 0.9857382774353027], "k_pid_yaw": [0.5, 1e-06, 0.1], "k_pid_hsp": [9.896443367004395, 0.9532581567764282, 0.043064385652542114], "k_pid_vsp": [399.9996337890625, 398.3155822753906, 2.18558406829834]}, "datetime": {"datetime": "2025-08-20 22:22:37", "elapsed": 37811.56681609154, "delta": 14.743072032928467}, "costs": {"total_cost": 220.6989176273871, "time_cost": 70.248, "final_distance_cost": 1.7812506041779728, "oscillation_cost": 73.52205915896866, "completition_cost": 0.0, "overshoot_cost": 50.40975994823393, "power_cost": 13.201418615722657, "noise_cost": 11.53642930028388, "n_waypoints_completed": 9, "tot_waypoints": 9}}
{"target": -238.5231772442367, "params": {"k_pid_pos": [1.9900469779968262, 0.02152949571609497, 0.9292570352554321], "k_pid_alt": [1.8180968761444092, 0.011992782354354858, 0.9664261341094971], "k_pid_att": [96.81629180908203, 0.04325363039970398, 0.9605879783630371], "k_pid_yaw": [0.5, 1e-06, 0.1], "k_pid_hsp": [9.22360610961914, 0.9683282971382141, 0.011991828680038452], "k_pid_vsp": [400.0, 390.1409606933594, 2.775038242340088]}, "datetime": {"datetime": "2025-08-20 22:22:54", "elapsed": 37828.67811584473, "delta": 17.111299753189087}, "costs": {"total_cost": 238.5231772442367, "time_cost": 69.608, "final_distance_cost": 1.8482240595413382, "oscillation_cost": 92.37554017631423, "completition_cost": 0.0, "overshoot_cost": 49.75970048406276, "power_cost": 13.055610778808594, "noise_cost": 11.87610174550978, "n_waypoints_completed": 9, "tot_waypoints": 9}}
{"target": -213.35069077536707, "params": {"k_pid_pos": [1.6013439893722534, 0.031681597232818604, 0.0], "k_pid_alt": [1.9299193620681763, 0.007960855960845947, 0.9960184693336487], "k_pid_att": [85.99513244628906, 0.14618326723575592, 0.957123875617981], "k_pid_yaw": [0.5, 1e-06, 0.1], "k_pid_hsp": [9.678287506103516, 0.9700886011123657, 0.021274328231811523], "k_pid_vsp": [400.0, 391.9766845703125, 9.399212837219238]}, "datetime": {"datetime": "2025-08-20 22:23:09", "elapsed": 37843.70460009575, "delta": 15.026484251022339}, "costs": {"total_cost": 213.35069077536707, "time_cost": 69.144, "final_distance_cost": 1.803636691142818, "oscillation_cost": 65.50089827269574, "completition_cost": 0.0, "overshoot_cost": 49.58820069527656, "power_cost": 15.05784072265625, "noise_cost": 12.256114393595727, "n_waypoints_completed": 9, "tot_waypoints": 9}}
{"target": -222.63134299294884, "params": {"k_pid_pos": [1.9372793436050415, 0.037820279598236084, 0.0], "k_pid_alt": [1.9430444240570068, 0.011171281337738037, 0.8828305006027222], "k_pid_att": [99.66864776611328, 0.02463153563439846, 0.9907605648040771], "k_pid_yaw": [0.5, 1e-06, 0.1], "k_pid_hsp": [9.808530807495117, 0.9537220597267151, 0.04635775089263916], "k_pid_vsp": [400.0, 367.41839599609375, 2.976442337036133]}, "datetime": {"datetime": "2025-08-20 22:23:26", "elapsed": 37861.441720724106, "delta": 17.737120628356934}, "costs": {"total_cost": 222.63134299294884, "time_cost": 69.488, "final_distance_cost": 1.7245050829702893, "oscillation_cost": 76.14930809842926, "completition_cost": 0.0, "overshoot_cost": 50.63353347980039, "power_cost": 13.119022583007814, "noise_cost": 11.516973748741071, "n_waypoints_completed": 9, "tot_waypoints": 9}}
{"target": -206.66740123379196, "params": {"k_pid_pos": [1.8812127113342285, 0.03007236123085022, 0.0], "k_pid_alt": [1.9732513427734375, 0.013252794742584229, 0.9941907525062561], "k_pid_att": [99.19266510009766, 0.061039477586746216, 0.9884934425354004], "k_pid_yaw": [0.5, 1e-06, 0.1], "k_pid_hsp": [9.861298561096191, 0.9542893171310425, 0.007140010595321655], "k_pid_vsp": [400.0, 396.1114501953125, 3.6912689208984375]}, "datetime": {"datetime": "2025-08-20 22:23:41", "elapsed": 37876.225559949875, "delta": 14.783839225769043}, "costs": {"total_cost": 206.66740123379196, "time_cost": 69.728, "final_distance_cost": 1.7400797257489138, "oscillation_cost": 60.13761876384366, "completition_cost": 0.0, "overshoot_cost": 50.636363537471965, "power_cost": 12.961213293457032, "noise_cost": 11.464125913270419, "n_waypoints_completed": 9, "tot_waypoints": 9}}
{"target": -231.1746561607779, "params": {"k_pid_pos": [1.9670436382293701, 0.032220304012298584, 0.0], "k_pid_alt": [1.9060146808624268, 0.017864972352981567, 0.9934883117675781], "k_pid_att": [99.51615905761719, 0.06281806528568268, 0.9640073776245117], "k_pid_yaw": [0.5, 1e-06, 0.1], "k_pid_hsp": [9.786681175231934, 0.9690331220626831, 0.07551112771034241], "k_pid_vsp": [400.0, 397.6705017089844, 3.398407459259033]}, "datetime": {"datetime": "2025-08-20 22:23:58", "elapsed": 37892.97722220421, "delta": 16.751662254333496}, "costs": {"total_cost": 231.1746561607779, "time_cost": 70.056, "final_distance_cost": 1.762397700853059, "oscillation_cost": 83.01655323228529, "completition_cost": 0.0, "overshoot_cost": 50.90990334290093, "power_cost": 13.688205676269533, "noise_cost": 11.741596208469046, "n_waypoints_completed": 9, "tot_waypoints": 9}}
{"target": -223.0580368168445, "params": {"k_pid_pos": [1.9900232553482056, 0.015195012092590332, 0.0], "k_pid_alt": [1.9652587175369263, 0.04528522491455078, 0.9712755680084229], "k_pid_att": [98.83299255371094, 0.7015693187713623, 0.9874688386917114], "k_pid_yaw": [0.5, 1e-06, 0.1], "k_pid_hsp": [9.891518592834473, 0.9745616912841797, 0.02127644419670105], "k_pid_vsp": [400.0, 393.39971923828125, 9.804464340209961]}, "datetime": {"datetime": "2025-08-20 22:24:13", "elapsed": 37907.9393093586, "delta": 14.962087154388428}, "costs": {"total_cost": 223.0580368168445, "time_cost": 69.496, "final_distance_cost": 1.7576157523371316, "oscillation_cost": 76.01018714621168, "completition_cost": 0.0, "overshoot_cost": 50.373617766685, "power_cost": 13.745113793945313, "noise_cost": 11.67550235766536, "n_waypoints_completed": 9, "tot_waypoints": 9}}
{"target": -217.03219086560958, "params": {"k_pid_pos": [1.977068305015564, 0.039095401763916016, 2.384185791015625e-06], "k_pid_alt": [1.9434549808502197, 0.02112799882888794, 0.9914945363998413], "k_pid_att": [93.8360366821289, 0.0829693004488945, 0.8327390551567078], "k_pid_yaw": [0.5, 1e-06, 0.1], "k_pid_hsp": [9.91308879852295, 0.9764803051948547, 0.028936415910720825], "k_pid_vsp": [400.0, 392.4554443359375, 4.817594051361084]}, "datetime": {"datetime": "2025-08-20 22:24:30", "elapsed": 37925.22801208496, "delta": 17.288702726364136}, "costs": {"total_cost": 217.03219086560958, "time_cost": 69.70400000000001, "final_distance_cost": 1.7370825856192382, "oscillation_cost": 70.6661793472896, "completition_cost": 0.0, "overshoot_cost": 50.42623638006387, "power_cost": 12.975926708984376, "noise_cost": 11.522765843652492, "n_waypoints_completed": 9, "tot_waypoints": 9}}
{"target": -214.53139143047494, "params": {"k_pid_pos": [1.9889276027679443, 0.007186084985733032, 0.0], "k_pid_alt": [1.8048689365386963, 0.001125931739807129, 0.9683019518852234], "k_pid_att": [97.79313659667969, 0.14218741655349731, 0.9709854125976562], "k_pid_yaw": [0.5, 1e-06, 0.1], "k_pid_hsp": [9.569393157958984, 0.9763767719268799, 0.010628819465637207], "k_pid_vsp": [400.0, 393.69482421875, 16.53080177307129]}, "datetime": {"datetime": "2025-08-20 22:24:46", "elapsed": 37940.85970425606, "delta": 15.631692171096802}, "costs": {"total_cost": 214.53139143047494, "time_cost": 70.2, "final_distance_cost": 1.7442086961999963, "oscillation_cost": 63.48853850026813, "completition_cost": 0.0, "overshoot_cost": 50.14902593057575, "power_cost": 16.371166735839843, "noise_cost": 12.57845156759122, "n_waypoints_completed": 9, "tot_waypoints": 9}}
{"target": -209.68363436534827, "params": {"k_pid_pos": [1.986079216003418, 0.016837239265441895, 0.0], "k_pid_alt": [1.9675567150115967, 0.025236934423446655, 0.9799705743789673], "k_pid_att": [99.32693481445312, 0.03771313652396202, 0.9864819645881653], "k_pid_yaw": [0.5, 1e-06, 0.1], "k_pid_hsp": [9.941984176635742, 0.9854357838630676, 0.010141164064407349], "k_pid_vsp": [400.0, 391.8368225097656, 3.7228355407714844]}, "datetime": {"datetime": "2025-08-20 22:25:03", "elapsed": 37957.540487766266, "delta": 16.68078351020813}, "costs": {"total_cost": 209.68363436534827, "time_cost": 69.896, "final_distance_cost": 1.789499290303759, "oscillation_cost": 62.43987988279249, "completition_cost": 0.0, "overshoot_cost": 50.80459787717805, "power_cost": 13.168159582519532, "noise_cost": 11.585497732554426, "n_waypoints_completed": 9, "tot_waypoints": 9}}
{"target": -210.9321625697804, "params": {"k_pid_pos": [1.9960790872573853, 0.0975559651851654, 0.04337570071220398], "k_pid_alt": [1.947155475616455, 0.011347055435180664, 0.9913508892059326], "k_pid_att": [97.7483901977539, 0.22167626023292542, 0.9879810810089111], "k_pid_yaw": [0.5, 1e-06, 0.1], "k_pid_hsp": [9.32751750946045, 0.9847075939178467, 0.004687845706939697], "k_pid_vsp": [399.533447265625, 345.4811706542969, 34.82585144042969]}, "datetime": {"datetime": "2025-08-20 22:25:17", "elapsed": 37972.4257581234, "delta": 14.885270357131958}, "costs": {"total_cost": 210.9321625697804, "time_cost": 69.896, "final_distance_cost": 1.727943049652908, "oscillation_cost": 61.30190966953286, "completition_cost": 0.0, "overshoot_cost": 49.958555055195056, "power_cost": 15.862114196777345, "noise_cost": 12.1856405986222, "n_waypoints_completed": 9, "tot_waypoints": 9}}
{"target": -252.6809163968743, "params": {"k_pid_pos": [1.845777153968811, 0.05631035566329956, 0.7738418579101562], "k_pid_alt": [1.945117712020874, 0.012910395860671997, 0.9852973222732544], "k_pid_att": [98.08157348632812, 0.6148448586463928, 0.9193024635314941], "k_pid_yaw": [0.5, 1e-06, 0.1], "k_pid_hsp": [9.111026763916016, 0.9908957481384277, 0.019761502742767334], "k_pid_vsp": [400.0, 379.2372741699219, 77.13410949707031]}, "datetime": {"datetime": "2025-08-20 22:25:34", "elapsed": 37989.11107683182, "delta": 16.6853187084198}, "costs": {"total_cost": 252.6809163968743, "time_cost": 69.432, "final_distance_cost": 1.8337209251533328, "oscillation_cost": 105.57491092911242, "completition_cost": 0.0, "overshoot_cost": 50.39894661859824, "power_cost": 13.900846862792969, "noise_cost": 11.540491061217319, "n_waypoints_completed": 9, "tot_waypoints": 9}}
{"target": -217.11714267073862, "params": {"k_pid_pos": [1.9702097177505493, 0.001886904239654541, 0.0], "k_pid_alt": [1.795769214630127, 0.05562445521354675, 0.9944113492965698], "k_pid_att": [90.07786560058594, 0.06245715916156769, 0.9762750267982483], "k_pid_yaw": [0.5, 1e-06, 0.1], "k_pid_hsp": [9.766227722167969, 0.9694943428039551, 0.03062477707862854], "k_pid_vsp": [400.0, 384.1083068847656, 23.686065673828125]}, "datetime": {"datetime": "2025-08-20 22:25:49", "elapsed": 38003.891335725784, "delta": 14.780258893966675}, "costs": {"total_cost": 217.11714267073862, "time_cost": 69.664, "final_distance_cost": 1.7747465564528506, "oscillation_cost": 67.6619769551534, "completition_cost": 0.0, "overshoot_cost": 50.58261245401012, "power_cost": 15.435161047363282, "noise_cost": 11.998645657758944, "n_waypoints_completed": 9, "tot_waypoints": 9}}
{"target": -217.92089219713023, "params": {"k_pid_pos": [1.9904632568359375, 0.01714840531349182, 0.0], "k_pid_alt": [1.9893794059753418, 0.01584532856941223, 0.9607886075973511], "k_pid_att": [94.54890441894531, 0.03590713441371918, 0.995961606502533], "k_pid_yaw": [0.5, 1e-06, 0.1], "k_pid_hsp": [9.908995628356934, 0.8964061737060547, 0.03642341494560242], "k_pid_vsp": [399.9710388183594, 397.0390930175781, 7.97559118270874]}, "datetime": {"datetime": "2025-08-20 22:26:08", "elapsed": 38022.74259233475, "delta": 18.851256608963013}, "costs": {"total_cost": 217.92089219713023, "time_cost": 69.496, "final_distance_cost": 1.789542705359632, "oscillation_cost": 70.55713777721454, "completition_cost": 0.0, "overshoot_cost": 50.79904936901385, "power_cost": 13.516994152832032, "noise_cost": 11.762168192710169, "n_waypoints_completed": 9, "tot_waypoints": 9}}
{"target": -216.55008980428377, "params": {"k_pid_pos": [1.909407138824463, 0.0062708258628845215, 0.013200730085372925], "k_pid_alt": [1.9445898532867432, 0.01163935661315918, 0.9778974056243896], "k_pid_att": [98.23667907714844, 0.845099151134491, 0.8584098815917969], "k_pid_yaw": [0.5, 1e-06, 0.1], "k_pid_hsp": [9.764436721801758, 0.9668070077896118, 0.007894128561019897], "k_pid_vsp": [400.0, 378.95965576171875, 30.625844955444336]}, "datetime": {"datetime": "2025-08-20 22:26:23", "elapsed": 38037.91877770424, "delta": 15.176185369491577}, "costs": {"total_cost": 216.55008980428377, "time_cost": 69.384, "final_distance_cost": 1.7789790208893712, "oscillation_cost": 65.14983350466271, "completition_cost": 0.0, "overshoot_cost": 50.40253591554888, "power_cost": 16.97844011230469, "noise_cost": 12.856301250878115, "n_waypoints_completed": 9, "tot_waypoints": 9}}
