{"target": -216.4263108431881, "params": {"k_pid_pos": [1.9883910417556763, 0.007011383771896362, 3.6656856536865234e-06], "k_pid_alt": [1.9191298484802246, 0.015747487545013428, 0.9956841468811035], "k_pid_att": [96.84488677978516, 0.23158811032772064, 0.9731333255767822], "k_pid_yaw": [0.5, 1e-06, 0.1], "k_pid_hsp": [9.848136901855469, 0.9510650038719177, 0.01454073190689087], "k_pid_vsp": [400.0, 393.021240234375, 4.564977645874023]}, "datetime": {"datetime": "2025-08-20 21:58:43", "elapsed": 36378.207479953766, "delta": 16.754322290420532}, "costs": {"total_cost": 216.4263108431881, "time_cost": 69.72, "final_distance_cost": 1.7583723388121544, "oscillation_cost": 69.76699262595997, "completition_cost": 0.0, "overshoot_cost": 50.869701910116454, "power_cost": 12.880051525878907, "noise_cost": 11.431192442420611, "n_waypoints_completed": 9, "tot_waypoints": 9}}
{"target": -209.34992061858532, "params": {"k_pid_pos": [1.9872630834579468, 0.013141810894012451, 0.00036728382110595703], "k_pid_alt": [1.9696691036224365, 0.042923152446746826, 0.9781150221824646], "k_pid_att": [95.13968658447266, 0.1575727015733719, 0.9750900268554688], "k_pid_yaw": [0.5, 1e-06, 0.1], "k_pid_hsp": [9.179797172546387, 0.9508482813835144, 0.00917479395866394], "k_pid_vsp": [400.0, 397.8177490234375, 9.210015296936035]}, "datetime": {"datetime": "2025-08-20 21:58:58", "elapsed": 36392.83948016167, "delta": 14.632000207901001}, "costs": {"total_cost": 209.34992061858532, "time_cost": 69.856, "final_distance_cost": 1.7591002944988985, "oscillation_cost": 60.92709629478049, "completition_cost": 0.0, "overshoot_cost": 50.695427124698426, "power_cost": 14.231743896484376, "noise_cost": 11.880553008123131, "n_waypoints_completed": 9, "tot_waypoints": 9}}
{"target": -212.2134988180036, "params": {"k_pid_pos": [1.9874204397201538, 0.08142060041427612, 0.0], "k_pid_alt": [1.9539530277252197, 0.011255413293838501, 0.9813854694366455], "k_pid_att": [99.78296661376953, 0.03543328121304512, 0.993529736995697], "k_pid_yaw": [0.5, 1e-06, 0.1], "k_pid_hsp": [9.890865325927734, 0.9904863238334656, 0.006222397089004517], "k_pid_vsp": [400.0, 396.81195068359375, 7.315827369689941]}, "datetime": {"datetime": "2025-08-20 21:59:16", "elapsed": 36411.19627285004, "delta": 18.35679268836975}, "costs": {"total_cost": 212.2134988180036, "time_cost": 70.376, "final_distance_cost": 1.733213114236387, "oscillation_cost": 64.61449523853815, "completition_cost": 0.0, "overshoot_cost": 50.58944000203929, "power_cost": 13.276936083984376, "noise_cost": 11.62341437920538, "n_waypoints_completed": 9, "tot_waypoints": 9}}
{"target": -206.91927292493884, "params": {"k_pid_pos": [1.9639167785644531, 0.02905195951461792, 3.88026237487793e-05], "k_pid_alt": [1.8422024250030518, 0.014304667711257935, 0.9788239002227783], "k_pid_att": [96.80675506591797, 0.19172343611717224, 0.9502829313278198], "k_pid_yaw": [0.5, 1e-06, 0.1], "k_pid_hsp": [9.494976043701172, 0.9923191070556641, 0.01881977915763855], "k_pid_vsp": [400.0, 397.4681091308594, 31.832578659057617]}, "datetime": {"datetime": "2025-08-20 21:59:31", "elapsed": 36426.29124355316, "delta": 15.094970703125}, "costs": {"total_cost": 206.91927292493884, "time_cost": 69.504, "final_distance_cost": 1.7447073126448565, "oscillation_cost": 59.28874562837905, "completition_cost": 0.0, "overshoot_cost": 50.86399637321788, "power_cost": 14.204653686523438, "noise_cost": 11.313169924173609, "n_waypoints_completed": 9, "tot_waypoints": 9}}
{"target": -232.14731128377454, "params": {"k_pid_pos": [1.919083833694458, 0.01833859086036682, 0.0], "k_pid_alt": [1.8837440013885498, 0.0022704899311065674, 0.9911062717437744], "k_pid_att": [98.96483612060547, 0.08493593335151672, 0.9954127073287964], "k_pid_yaw": [0.5, 1e-06, 0.1], "k_pid_hsp": [9.917932510375977, 0.8984116315841675, 0.03567415475845337], "k_pid_vsp": [400.0, 395.94769287109375, 100.83439636230469]}, "datetime": {"datetime": "2025-08-20 21:59:48", "elapsed": 36442.90278506279, "delta": 16.611541509628296}, "costs": {"total_cost": 232.14731128377454, "time_cost": 69.16, "final_distance_cost": 1.795138273933483, "oscillation_cost": 86.0441811648511, "completition_cost": 0.0, "overshoot_cost": 49.475539014142306, "power_cost": 14.277731555175782, "noise_cost": 11.394721275671852, "n_waypoints_completed": 9, "tot_waypoints": 9}}
{"target": -213.27468631834657, "params": {"k_pid_pos": [1.856073260307312, 0.018009454011917114, 0.0], "k_pid_alt": [1.961503028869629, 0.05111303925514221, 0.9882574677467346], "k_pid_att": [97.18464660644531, 0.36677396297454834, 0.8692670464515686], "k_pid_yaw": [0.5, 1e-06, 0.1], "k_pid_hsp": [9.724835395812988, 0.9768044948577881, 0.012640506029129028], "k_pid_vsp": [399.9965515136719, 396.4291687011719, 7.372594833374023]}, "datetime": {"datetime": "2025-08-20 22:00:03", "elapsed": 36458.06423640251, "delta": 15.16145133972168}, "costs": {"total_cost": 213.27468631834657, "time_cost": 69.656, "final_distance_cost": 1.730994857779433, "oscillation_cost": 66.96134875616644, "completition_cost": 0.0, "overshoot_cost": 50.391926696842695, "power_cost": 13.016954663085938, "noise_cost": 11.517461344472084, "n_waypoints_completed": 9, "tot_waypoints": 9}}
{"target": -225.9756510096179, "params": {"k_pid_pos": [1.7333762645721436, 0.0067014992237091064, 0.0], "k_pid_alt": [1.9632307291030884, 0.007888346910476685, 0.9933300018310547], "k_pid_att": [99.00951385498047, 0.2260333150625229, 0.9966996908187866], "k_pid_yaw": [0.5, 1e-06, 0.1], "k_pid_hsp": [9.956252098083496, 0.9873468279838562, 0.023283183574676514], "k_pid_vsp": [400.0, 395.5605773925781, 3.133476734161377]}, "datetime": {"datetime": "2025-08-20 22:00:20", "elapsed": 36474.71006608009, "delta": 16.645829677581787}, "costs": {"total_cost": 225.9756510096179, "time_cost": 69.488, "final_distance_cost": 1.7575098181346394, "oscillation_cost": 80.38401120483354, "completition_cost": 0.0, "overshoot_cost": 49.97358922346913, "power_cost": 12.964145581054687, "noise_cost": 11.408395182125936, "n_waypoints_completed": 9, "tot_waypoints": 9}}
{"target": -252.19801547393052, "params": {"k_pid_pos": [1.9939429759979248, 0.008694171905517578, 0.9999999403953552], "k_pid_alt": [1.9515631198883057, 0.009257376194000244, 0.9845660924911499], "k_pid_att": [93.6441650390625, 0.2096112072467804, 0.980748176574707], "k_pid_yaw": [0.5, 1e-06, 0.1], "k_pid_hsp": [9.839625358581543, 0.9941701889038086, 0.009447813034057617], "k_pid_vsp": [400.0, 394.8782043457031, 1.1006245613098145]}, "datetime": {"datetime": "2025-08-20 22:00:35", "elapsed": 36489.72782945633, "delta": 15.017763376235962}, "costs": {"total_cost": 252.19801547393052, "time_cost": 69.792, "final_distance_cost": 1.8490110418538108, "oscillation_cost": 105.5150813123637, "completition_cost": 0.0, "overshoot_cost": 50.0198480773793, "power_cost": 13.10612391357422, "noise_cost": 11.915951128759504, "n_waypoints_completed": 9, "tot_waypoints": 9}}
{"target": -222.97333903501973, "params": {"k_pid_pos": [1.8553366661071777, 0.004410415887832642, 2.9802322387695312e-08], "k_pid_alt": [1.7506468296051025, 0.04668533802032471, 0.9918504953384399], "k_pid_att": [99.16155242919922, 0.6425991654396057, 0.9775106906890869], "k_pid_yaw": [0.5, 1e-06, 0.1], "k_pid_hsp": [9.275825500488281, 0.9727194309234619, 0.05003088712692261], "k_pid_vsp": [399.9385681152344, 399.5682373046875, 0.44785839319229126]}, "datetime": {"datetime": "2025-08-20 22:00:52", "elapsed": 36507.13905978203, "delta": 17.411230325698853}, "costs": {"total_cost": 222.97333903501973, "time_cost": 69.496, "final_distance_cost": 1.7761903229633584, "oscillation_cost": 76.23359173513596, "completition_cost": 0.0, "overshoot_cost": 50.8167214757448, "power_cost": 13.124997668457032, "noise_cost": 11.525837832718558, "n_waypoints_completed": 9, "tot_waypoints": 9}}
{"target": -210.8561896375173, "params": {"k_pid_pos": [1.9707989692687988, 0.020894408226013184, 0.0], "k_pid_alt": [1.9735995531082153, 0.03584873676300049, 0.9890050888061523], "k_pid_att": [98.55081176757812, 0.3016592264175415, 0.9781399369239807], "k_pid_yaw": [0.5, 1e-06, 0.1], "k_pid_hsp": [9.874120712280273, 0.9947447776794434, 0.01863187551498413], "k_pid_vsp": [400.0, 385.5357971191406, 11.976934432983398]}, "datetime": {"datetime": "2025-08-20 22:01:07", "elapsed": 36522.456265211105, "delta": 15.317205429077148}, "costs": {"total_cost": 210.8561896375173, "time_cost": 69.712, "final_distance_cost": 1.7269490197476427, "oscillation_cost": 63.86393113380981, "completition_cost": 0.0, "overshoot_cost": 50.33059050555432, "power_cost": 13.898813696289062, "noise_cost": 11.323905282116481, "n_waypoints_completed": 9, "tot_waypoints": 9}}
{"target": -269.719425091962, "params": {"k_pid_pos": [1.9683570861816406, 0.005644500255584717, 0.0], "k_pid_alt": [1.9853399991989136, 0.4764059782028198, 0.9775553941726685], "k_pid_att": [98.37447357177734, 0.01954522356390953, 0.8633937835693359], "k_pid_yaw": [0.5, 1e-06, 0.1], "k_pid_hsp": [9.244973182678223, 0.9964264035224915, 0.013438671827316284], "k_pid_vsp": [399.9998474121094, 394.5395812988281, 2.524960994720459]}, "datetime": {"datetime": "2025-08-20 22:01:29", "elapsed": 36544.303658246994, "delta": 21.847393035888672}, "costs": {"total_cost": 269.719425091962, "time_cost": 93.968, "final_distance_cost": 1.7384585287266623, "oscillation_cost": 89.37202778133171, "completition_cost": 0.0, "overshoot_cost": 52.826228130734144, "power_cost": 17.086442749023437, "noise_cost": 14.728267902146072, "n_waypoints_completed": 9, "tot_waypoints": 9}}
{"target": -208.84244052566402, "params": {"k_pid_pos": [1.9839526414871216, 0.0479283332824707, 0.0], "k_pid_alt": [1.9537084102630615, 0.00998777151107788, 0.9187537431716919], "k_pid_att": [98.07283020019531, 0.08482685685157776, 0.9934568405151367], "k_pid_yaw": [0.5, 1e-06, 0.1], "k_pid_hsp": [9.089751243591309, 0.996934175491333, 0.012194812297821045], "k_pid_vsp": [400.0, 395.2352294921875, 11.84390926361084]}, "datetime": {"datetime": "2025-08-20 22:01:46", "elapsed": 36560.76559638977, "delta": 16.46193814277649}, "costs": {"total_cost": 208.84244052566402, "time_cost": 69.816, "final_distance_cost": 1.755761347431664, "oscillation_cost": 61.9298138543315, "completition_cost": 0.0, "overshoot_cost": 50.44355267230522, "power_cost": 13.718538586425781, "noise_cost": 11.178774065169849, "n_waypoints_completed": 9, "tot_waypoints": 9}}
{"target": -211.90978184886742, "params": {"k_pid_pos": [1.9698301553726196, 0.04995232820510864, 0.04398864507675171], "k_pid_alt": [1.9623452425003052, 0.027378231287002563, 0.991100549697876], "k_pid_att": [97.3390121459961, 0.07120434939861298, 0.991104245185852], "k_pid_yaw": [0.5, 1e-06, 0.1], "k_pid_hsp": [9.520296096801758, 0.9535062909126282, 0.006639927625656128], "k_pid_vsp": [399.1336975097656, 388.26336669921875, 3.180790901184082]}, "datetime": {"datetime": "2025-08-20 22:02:01", "elapsed": 36576.28000211716, "delta": 15.514405727386475}, "costs": {"total_cost": 211.90978184886742, "time_cost": 69.70400000000001, "final_distance_cost": 1.7646244373638622, "oscillation_cost": 65.24731616870653, "completition_cost": 0.0, "overshoot_cost": 50.6173068835248, "power_cost": 13.052428454589844, "noise_cost": 11.524105904682374, "n_waypoints_completed": 9, "tot_waypoints": 9}}
{"target": -204.70141042508533, "params": {"k_pid_pos": [1.7759077548980713, 0.004534512758255005, 3.221631050109863e-05], "k_pid_alt": [1.9940141439437866, 0.045736074447631836, 0.9968993067741394], "k_pid_att": [98.81383514404297, 0.16330988705158234, 0.9460940361022949], "k_pid_yaw": [0.5, 1e-06, 0.1], "k_pid_hsp": [9.84859848022461, 0.9706805944442749, 0.011278301477432251], "k_pid_vsp": [400.0, 393.10626220703125, 8.099736213684082]}, "datetime": {"datetime": "2025-08-20 22:02:19", "elapsed": 36594.426463127136, "delta": 18.146461009979248}, "costs": {"total_cost": 204.70141042508533, "time_cost": 69.432, "final_distance_cost": 1.7908788881719253, "oscillation_cost": 58.38248868159068, "completition_cost": 0.0, "overshoot_cost": 50.46017666489669, "power_cost": 13.085350305175782, "noise_cost": 11.550515885250242, "n_waypoints_completed": 9, "tot_waypoints": 9}}
{"target": -211.5408133892859, "params": {"k_pid_pos": [1.6570134162902832, 0.0074529945850372314, 0.0], "k_pid_alt": [1.9373451471328735, 0.009907931089401245, 0.9867058396339417], "k_pid_att": [98.79231262207031, 0.10208848863840103, 0.9866073131561279], "k_pid_yaw": [0.5, 1e-06, 0.1], "k_pid_hsp": [9.004618644714355, 0.9616106748580933, 0.044684022665023804], "k_pid_vsp": [400.0, 393.4549255371094, 8.059216499328613]}, "datetime": {"datetime": "2025-08-20 22:02:35", "elapsed": 36610.358823776245, "delta": 15.932360649108887}, "costs": {"total_cost": 211.5408133892859, "time_cost": 69.168, "final_distance_cost": 1.7772207303600405, "oscillation_cost": 66.09303586892926, "completition_cost": 0.0, "overshoot_cost": 49.965800993284475, "power_cost": 13.057776184082032, "noise_cost": 11.478979612630095, "n_waypoints_completed": 9, "tot_waypoints": 9}}
{"target": -254.23371779871968, "params": {"k_pid_pos": [1.9620232582092285, 0.06310689449310303, 0.9985515475273132], "k_pid_alt": [1.9603735208511353, 0.007501751184463501, 0.9786574840545654], "k_pid_att": [97.58866882324219, 0.326017290353775, 0.9504029750823975], "k_pid_yaw": [0.5, 1e-06, 0.1], "k_pid_hsp": [9.92876148223877, 0.980633556842804, 0.03057861328125], "k_pid_vsp": [400.0, 393.670166015625, 4.192782402038574]}, "datetime": {"datetime": "2025-08-20 22:02:51", "elapsed": 36626.445130348206, "delta": 16.08630657196045}, "costs": {"total_cost": 254.23371779871968, "time_cost": 69.864, "final_distance_cost": 1.8486862270433315, "oscillation_cost": 107.79476023605582, "completition_cost": 0.0, "overshoot_cost": 49.50606325876535, "power_cost": 13.173134411621094, "noise_cost": 12.047073665234088, "n_waypoints_completed": 9, "tot_waypoints": 9}}
{"target": -227.73717641408967, "params": {"k_pid_pos": [1.9810309410095215, 0.03076663613319397, 0.0], "k_pid_alt": [1.9715449810028076, 0.024985074996948242, 0.7759971618652344], "k_pid_att": [89.77725219726562, 0.6497164964675903, 0.9845417737960815], "k_pid_yaw": [0.5, 1e-06, 0.1], "k_pid_hsp": [9.639389038085938, 0.8134661912918091, 0.06424269080162048], "k_pid_vsp": [400.0, 394.45513916015625, 11.349308967590332]}, "datetime": {"datetime": "2025-08-20 22:03:09", "elapsed": 36644.11517882347, "delta": 17.670048475265503}, "costs": {"total_cost": 227.73717641408967, "time_cost": 69.096, "final_distance_cost": 1.7329933895736633, "oscillation_cost": 80.56247667680098, "completition_cost": 0.0, "overshoot_cost": 50.046318698833524, "power_cost": 14.495314721679689, "noise_cost": 11.804072927201815, "n_waypoints_completed": 9, "tot_waypoints": 9}}
{"target": -222.00757483859383, "params": {"k_pid_pos": [1.992231011390686, 0.008248835802078247, 0.0], "k_pid_alt": [1.894639253616333, 0.0060028135776519775, 0.9818850755691528], "k_pid_att": [98.35575866699219, 0.5524814128875732, 0.9748369455337524], "k_pid_yaw": [0.5, 1e-06, 0.1], "k_pid_hsp": [9.078604698181152, 0.9892001152038574, 0.01338273286819458], "k_pid_vsp": [400.0, 394.17742919921875, 9.36523723602295]}, "datetime": {"datetime": "2025-08-20 22:03:24", "elapsed": 36659.232565164566, "delta": 15.11738634109497}, "costs": {"total_cost": 222.00757483859383, "time_cost": 69.896, "final_distance_cost": 1.7968020295097802, "oscillation_cost": 74.13166330734589, "completition_cost": 0.0, "overshoot_cost": 49.99919402095644, "power_cost": 14.305047998046875, "noise_cost": 11.878867482734824, "n_waypoints_completed": 9, "tot_waypoints": 9}}
{"target": -211.18205928959992, "params": {"k_pid_pos": [1.9257346391677856, 0.01951506733894348, 0.0], "k_pid_alt": [1.9367408752441406, 0.057396918535232544, 0.9822516441345215], "k_pid_att": [94.3725357055664, 0.10192517191171646, 0.9519002437591553], "k_pid_yaw": [0.5, 1e-06, 0.1], "k_pid_hsp": [9.283842086791992, 0.9642746448516846, 0.007433682680130005], "k_pid_vsp": [399.99993896484375, 394.158203125, 5.708743095397949]}, "datetime": {"datetime": "2025-08-20 22:03:41", "elapsed": 36675.79630303383, "delta": 16.563737869262695}, "costs": {"total_cost": 211.18205928959992, "time_cost": 69.776, "final_distance_cost": 1.767019605032647, "oscillation_cost": 64.0911158098239, "completition_cost": 0.0, "overshoot_cost": 51.122667137970474, "power_cost": 12.972210778808595, "noise_cost": 11.453045957964333, "n_waypoints_completed": 9, "tot_waypoints": 9}}
{"target": -213.65528559859644, "params": {"k_pid_pos": [1.922919511795044, 0.07061770558357239, 0.0], "k_pid_alt": [1.9628264904022217, 0.004809439182281494, 0.9483398795127869], "k_pid_att": [97.60084533691406, 0.26735976338386536, 0.9905681610107422], "k_pid_yaw": [0.5, 1e-06, 0.1], "k_pid_hsp": [9.639927864074707, 0.97713303565979, 0.01976969838142395], "k_pid_vsp": [400.0, 384.4747009277344, 10.370279312133789]}, "datetime": {"datetime": "2025-08-20 22:03:56", "elapsed": 36690.791645526886, "delta": 14.995342493057251}, "costs": {"total_cost": 213.65528559859644, "time_cost": 69.928, "final_distance_cost": 1.7472976436358385, "oscillation_cost": 65.91162319158931, "completition_cost": 0.0, "overshoot_cost": 49.701296679076904, "power_cost": 14.492497619628907, "noise_cost": 11.874570464665453, "n_waypoints_completed": 9, "tot_waypoints": 9}}
{"target": -242.49085688576065, "params": {"k_pid_pos": [1.9384464025497437, 0.06153076887130737, 0.0019963979721069336], "k_pid_alt": [1.9112499952316284, 0.08031469583511353, 0.9676631093025208], "k_pid_att": [98.80769348144531, 0.925516664981842, 0.9830794930458069], "k_pid_yaw": [0.5, 1e-06, 0.1], "k_pid_hsp": [9.324880599975586, 0.9937548637390137, 0.031808286905288696], "k_pid_vsp": [399.6162414550781, 392.74481201171875, 7.393229961395264]}, "datetime": {"datetime": "2025-08-20 22:04:15", "elapsed": 36710.384846925735, "delta": 19.593201398849487}, "costs": {"total_cost": 242.49085688576065, "time_cost": 82.032, "final_distance_cost": 1.7868515186161138, "oscillation_cost": 77.76125051415417, "completition_cost": 0.0, "overshoot_cost": 52.26303006575479, "power_cost": 15.328608081054687, "noise_cost": 13.319116706180889, "n_waypoints_completed": 9, "tot_waypoints": 9}}
{"target": -224.8418752564341, "params": {"k_pid_pos": [1.9845882654190063, 0.012556523084640503, 8.940696716308594e-08], "k_pid_alt": [1.9852697849273682, 0.031030088663101196, 0.9939488172531128], "k_pid_att": [97.35945129394531, 0.7445480227470398, 0.9814101457595825], "k_pid_yaw": [0.5, 1e-06, 0.1], "k_pid_hsp": [9.827967643737793, 0.9827761650085449, 0.053225308656692505], "k_pid_vsp": [400.0, 393.6725158691406, 6.037379264831543]}, "datetime": {"datetime": "2025-08-20 22:04:32", "elapsed": 36727.00970506668, "delta": 16.624858140945435}, "costs": {"total_cost": 224.8418752564341, "time_cost": 69.384, "final_distance_cost": 1.7880760031883964, "oscillation_cost": 78.5536491254304, "completition_cost": 0.0, "overshoot_cost": 50.40377096373666, "power_cost": 13.129646435546876, "noise_cost": 11.582732728531761, "n_waypoints_completed": 9, "tot_waypoints": 9}}
{"target": -209.8267906074268, "params": {"k_pid_pos": [1.9423489570617676, 0.018692225217819214, 0.0], "k_pid_alt": [1.951507329940796, 0.014923512935638428, 0.9801210165023804], "k_pid_att": [91.22489929199219, 0.7048711180686951, 0.9599374532699585], "k_pid_yaw": [0.5, 1e-06, 0.1], "k_pid_hsp": [9.863358497619629, 0.9949182271957397, 0.009140968322753906], "k_pid_vsp": [400.0, 392.0491638183594, 2.859748363494873]}, "datetime": {"datetime": "2025-08-20 22:04:50", "elapsed": 36745.08995056152, "delta": 18.08024549484253}, "costs": {"total_cost": 209.8267906074268, "time_cost": 69.904, "final_distance_cost": 1.7498866816746401, "oscillation_cost": 63.00478617825928, "completition_cost": 0.0, "overshoot_cost": 50.663782777996865, "power_cost": 13.006605822753906, "noise_cost": 11.497729146742145, "n_waypoints_completed": 9, "tot_waypoints": 9}}
{"target": -211.90496685982714, "params": {"k_pid_pos": [1.9432040452957153, 0.005482316017150879, 0.09736692905426025], "k_pid_alt": [1.990578532218933, 0.03155362606048584, 0.9501677751541138], "k_pid_att": [98.13383483886719, 0.08297019451856613, 0.9591886401176453], "k_pid_yaw": [0.5, 1e-06, 0.1], "k_pid_hsp": [9.688804626464844, 0.864614725112915, 0.0035149753093719482], "k_pid_vsp": [400.0, 395.97161865234375, 8.902789115905762]}, "datetime": {"datetime": "2025-08-20 22:05:05", "elapsed": 36760.18656897545, "delta": 15.096618413925171}, "costs": {"total_cost": 211.90496685982714, "time_cost": 69.08, "final_distance_cost": 1.7933451299052023, "oscillation_cost": 65.09145694845715, "completition_cost": 0.0, "overshoot_cost": 50.27458852922706, "power_cost": 14.014156860351564, "noise_cost": 11.651419391886156, "n_waypoints_completed": 9, "tot_waypoints": 9}}
{"target": -210.82082934740134, "params": {"k_pid_pos": [1.9903602600097656, 0.001841425895690918, 0.0], "k_pid_alt": [1.9947330951690674, 0.006845444440841675, 0.9559733867645264], "k_pid_att": [99.26456451416016, 0.07941421121358871, 0.9871639609336853], "k_pid_yaw": [0.5, 1e-06, 0.1], "k_pid_hsp": [9.962541580200195, 0.9862448573112488, 0.0036253035068511963], "k_pid_vsp": [400.0, 396.98944091796875, 6.130195617675781]}, "datetime": {"datetime": "2025-08-20 22:05:24", "elapsed": 36778.72540426254, "delta": 18.538835287094116}, "costs": {"total_cost": 210.82082934740134, "time_cost": 69.816, "final_distance_cost": 1.7412891604316703, "oscillation_cost": 64.621565036979, "completition_cost": 0.0, "overshoot_cost": 50.1874055643157, "power_cost": 13.023879907226563, "noise_cost": 11.430689678448395, "n_waypoints_completed": 9, "tot_waypoints": 9}}
