{"target": -235.82098729482914, "params": {"k_pid_pos": [1.78944993019104, 0.0013058483600616455, 0.0007651746273040771], "k_pid_alt": [1.8927297592163086, 0.07717689871788025, 0.9591522812843323], "k_pid_att": [90.32501983642578, 0.485018253326416, 0.9820012450218201], "k_pid_yaw": [0.5, 1e-06, 0.1], "k_pid_hsp": [8.519693374633789, 0.9402211904525757, 0.010797977447509766], "k_pid_vsp": [400.0, 397.1861267089844, 1.483107566833496]}, "datetime": {"datetime": "2025-08-20 17:33:42", "elapsed": 20476.70877289772, "delta": 17.7176411151886}, "costs": {"total_cost": 235.82098729482914, "time_cost": 81.256, "final_distance_cost": 1.766543971702331, "oscillation_cost": 72.98427939970757, "completition_cost": 0.0, "overshoot_cost": 51.85418842426709, "power_cost": 14.881511291503907, "noise_cost": 13.078464207648253, "n_waypoints_completed": 9, "tot_waypoints": 9}}
{"target": -248.8342271084776, "params": {"k_pid_pos": [1.9753386974334717, 0.006030410528182983, 0.0], "k_pid_alt": [1.9584102630615234, 0.021832197904586792, 0.96822190284729], "k_pid_att": [92.92958068847656, 0.14505913853645325, 0.9785195589065552], "k_pid_yaw": [0.5, 1e-06, 0.1], "k_pid_hsp": [9.53061294555664, 0.9810057282447815, 0.07466337084770203], "k_pid_vsp": [400.0, 397.56451416015625, 5.789602756500244]}, "datetime": {"datetime": "2025-08-20 17:33:57", "elapsed": 20492.16510105133, "delta": 15.45632815361023}, "costs": {"total_cost": 248.8342271084776, "time_cost": 69.392, "final_distance_cost": 1.762436727332323, "oscillation_cost": 101.77455966153927, "completition_cost": 0.0, "overshoot_cost": 50.310671595965054, "power_cost": 13.697112353515626, "noise_cost": 11.8974467701253, "n_waypoints_completed": 9, "tot_waypoints": 9}}
{"target": -218.5247999463559, "params": {"k_pid_pos": [1.7257925271987915, 0.027272015810012817, 0.0], "k_pid_alt": [1.9582009315490723, 0.0650550127029419, 0.9144552946090698], "k_pid_att": [93.9712905883789, 0.2504846751689911, 0.934977650642395], "k_pid_yaw": [0.5, 1e-06, 0.1], "k_pid_hsp": [9.901479721069336, 0.9757468104362488, 0.013620883226394653], "k_pid_vsp": [400.0, 373.0287780761719, 16.071285247802734]}, "datetime": {"datetime": "2025-08-20 17:34:13", "elapsed": 20508.336216926575, "delta": 16.17111587524414}, "costs": {"total_cost": 218.5247999463559, "time_cost": 73.08, "final_distance_cost": 1.780514043908935, "oscillation_cost": 67.96938854745217, "completition_cost": 0.0, "overshoot_cost": 50.507213536979506, "power_cost": 13.865010437011719, "noise_cost": 11.32267338100356, "n_waypoints_completed": 9, "tot_waypoints": 9}}
{"target": -223.93777256079514, "params": {"k_pid_pos": [1.989728569984436, 0.09522867202758789, 0.1396830976009369], "k_pid_alt": [1.8969080448150635, 0.05276927351951599, 0.9586344361305237], "k_pid_att": [92.79178619384766, 1.091475486755371, 0.9783990383148193], "k_pid_yaw": [0.5, 1e-06, 0.1], "k_pid_hsp": [9.89003849029541, 0.9514782428741455, 0.019839197397232056], "k_pid_vsp": [400.0, 394.5493469238281, 18.342233657836914]}, "datetime": {"datetime": "2025-08-20 17:34:29", "elapsed": 20524.128665685654, "delta": 15.79244875907898}, "costs": {"total_cost": 223.93777256079514, "time_cost": 69.552, "final_distance_cost": 1.7453161501215657, "oscillation_cost": 74.30542019789102, "completition_cost": 0.0, "overshoot_cost": 50.67447355367941, "power_cost": 15.491730053710938, "noise_cost": 12.168832605392202, "n_waypoints_completed": 9, "tot_waypoints": 9}}
{"target": -223.34436232605327, "params": {"k_pid_pos": [1.958051323890686, 0.2872294783592224, 0.0], "k_pid_alt": [1.9276134967803955, 0.03065323829650879, 0.9070029854774475], "k_pid_att": [99.00741577148438, 0.1825283169746399, 0.9739540815353394], "k_pid_yaw": [0.5, 1e-06, 0.1], "k_pid_hsp": [9.835285186767578, 0.9500374794006348, 0.03169253468513489], "k_pid_vsp": [400.0, 369.1541748046875, 6.245113372802734]}, "datetime": {"datetime": "2025-08-20 17:34:46", "elapsed": 20541.03863978386, "delta": 16.909974098205566}, "costs": {"total_cost": 223.34436232605327, "time_cost": 71.592, "final_distance_cost": 1.750068261524893, "oscillation_cost": 71.9250549376943, "completition_cost": 0.0, "overshoot_cost": 51.992140675268786, "power_cost": 13.81436805419922, "noise_cost": 12.270730397366098, "n_waypoints_completed": 9, "tot_waypoints": 9}}
{"target": -254.4972863659065, "params": {"k_pid_pos": [1.9486984014511108, 0.019892752170562744, 0.0035783350467681885], "k_pid_alt": [1.9564807415008545, 0.12643671035766602, 0.9935661554336548], "k_pid_att": [99.5509033203125, 0.5326163172721863, 0.9111456274986267], "k_pid_yaw": [0.5, 1e-06, 0.1], "k_pid_hsp": [9.50152587890625, 0.9813565015792847, 0.008056282997131348], "k_pid_vsp": [399.9123229980469, 370.9079284667969, 16.636993408203125]}, "datetime": {"datetime": "2025-08-20 17:35:08", "elapsed": 20563.000705957413, "delta": 21.962066173553467}, "costs": {"total_cost": 254.4972863659065, "time_cost": 99.06400000000001, "final_distance_cost": 1.7984684211597761, "oscillation_cost": 71.94193625417897, "completition_cost": 0.0, "overshoot_cost": 52.42210839476327, "power_cost": 15.951978186035157, "noise_cost": 13.31879510976929, "n_waypoints_completed": 9, "tot_waypoints": 9}}
{"target": -255.12810776852606, "params": {"k_pid_pos": [1.937988519668579, 0.021038681268692017, 7.450580596923828e-07], "k_pid_alt": [1.9547104835510254, 0.009198278188705444, 0.9811021685600281], "k_pid_att": [97.5391616821289, 0.16642270982265472, 0.9761951565742493], "k_pid_yaw": [0.5, 1e-06, 0.1], "k_pid_hsp": [9.968301773071289, 0.9817843437194824, 0.04197734594345093], "k_pid_vsp": [6.235146522521973, 364.12054443359375, 3.1597743034362793]}, "datetime": {"datetime": "2025-08-20 17:35:25", "elapsed": 20579.724816560745, "delta": 16.72411060333252}, "costs": {"total_cost": 255.12810776852606, "time_cost": 76.376, "final_distance_cost": 1.7779105064889322, "oscillation_cost": 96.71550303773063, "completition_cost": 0.0, "overshoot_cost": 52.12940927714973, "power_cost": 16.26493084716797, "noise_cost": 11.8643540999888, "n_waypoints_completed": 9, "tot_waypoints": 9}}
{"target": -311.78083715444217, "params": {"k_pid_pos": [1.9532986879348755, 0.008449047803878784, 0.9999997615814209], "k_pid_alt": [1.9764435291290283, 0.051730185747146606, 0.9891281127929688], "k_pid_att": [97.67986297607422, 1.0278323888778687, 0.8886655569076538], "k_pid_yaw": [0.5, 1e-06, 0.1], "k_pid_hsp": [9.877761840820312, 0.9275630712509155, 0.08862292766571045], "k_pid_vsp": [400.0, 365.36798095703125, 11.809266090393066]}, "datetime": {"datetime": "2025-08-20 17:35:41", "elapsed": 20595.94976425171, "delta": 16.224947690963745}, "costs": {"total_cost": 311.78083715444217, "time_cost": 73.888, "final_distance_cost": 1.8577518396550803, "oscillation_cost": 156.7171711690386, "completition_cost": 0.0, "overshoot_cost": 50.38825991302245, "power_cost": 15.591568664550781, "noise_cost": 13.33808556817527, "n_waypoints_completed": 9, "tot_waypoints": 9}}
{"target": -209.8976152341882, "params": {"k_pid_pos": [1.7794556617736816, 0.09943526983261108, 0.0], "k_pid_alt": [1.9194847345352173, 0.04570898413658142, 0.8650366067886353], "k_pid_att": [99.22276306152344, 0.211944118142128, 0.9957644939422607], "k_pid_yaw": [0.5, 1e-06, 0.1], "k_pid_hsp": [9.543662071228027, 0.9590696096420288, 0.03111758828163147], "k_pid_vsp": [399.9998779296875, 383.6231384277344, 49.72927474975586]}, "datetime": {"datetime": "2025-08-20 17:35:57", "elapsed": 20612.19265818596, "delta": 16.242893934249878}, "costs": {"total_cost": 209.8976152341882, "time_cost": 69.304, "final_distance_cost": 1.7559112816043756, "oscillation_cost": 66.8392998840339, "completition_cost": 0.0, "overshoot_cost": 50.649329596238566, "power_cost": 11.563856188964845, "noise_cost": 9.785218283346508, "n_waypoints_completed": 9, "tot_waypoints": 9}}
{"target": -221.14928558504755, "params": {"k_pid_pos": [1.88621985912323, 0.0228879451751709, 0.0], "k_pid_alt": [1.9604308605194092, 0.0338863730430603, 0.9240443110466003], "k_pid_att": [98.93830108642578, 0.47636792063713074, 0.9612706303596497], "k_pid_yaw": [0.5, 1e-06, 0.1], "k_pid_hsp": [9.767566680908203, 0.9841897487640381, 0.02704569697380066], "k_pid_vsp": [7.920932769775391, 374.7705078125, 43.98365020751953]}, "datetime": {"datetime": "2025-08-20 17:36:12", "elapsed": 20627.17437505722, "delta": 14.981716871261597}, "costs": {"total_cost": 221.14928558504755, "time_cost": 68.736, "final_distance_cost": 1.7623728109842112, "oscillation_cost": 75.61635148728209, "completition_cost": 0.0, "overshoot_cost": 49.88527157790996, "power_cost": 14.020019506835938, "noise_cost": 11.1292702020353, "n_waypoints_completed": 9, "tot_waypoints": 9}}
{"target": -217.53706930515241, "params": {"k_pid_pos": [1.975136637687683, 0.01697516441345215, 0.0], "k_pid_alt": [1.9728357791900635, 0.04150897264480591, 0.9543321132659912], "k_pid_att": [94.7280044555664, 0.1462223082780838, 0.9750272631645203], "k_pid_yaw": [0.5, 1e-06, 0.1], "k_pid_hsp": [9.311128616333008, 0.9820570349693298, 0.09187999367713928], "k_pid_vsp": [399.9978942871094, 391.0723571777344, 13.11862564086914]}, "datetime": {"datetime": "2025-08-20 17:36:28", "elapsed": 20642.787424325943, "delta": 15.613049268722534}, "costs": {"total_cost": 217.53706930515241, "time_cost": 69.4, "final_distance_cost": 1.7766153770221917, "oscillation_cost": 71.22223833394075, "completition_cost": 0.0, "overshoot_cost": 49.96446203468563, "power_cost": 13.671060705566408, "noise_cost": 11.502692853937408, "n_waypoints_completed": 9, "tot_waypoints": 9}}
{"target": -216.9302016597306, "params": {"k_pid_pos": [1.3903114795684814, 0.03689432144165039, 0.0], "k_pid_alt": [1.742989182472229, 0.021480649709701538, 0.9741597771644592], "k_pid_att": [97.0582504272461, 0.2726752460002899, 0.9905539751052856], "k_pid_yaw": [0.5, 1e-06, 0.1], "k_pid_hsp": [9.900294303894043, 0.9696937799453735, 0.04338681697845459], "k_pid_vsp": [399.8157043457031, 397.0215148925781, 45.7225341796875]}, "datetime": {"datetime": "2025-08-20 17:36:43", "elapsed": 20658.111859083176, "delta": 15.324434757232666}, "costs": {"total_cost": 216.9302016597306, "time_cost": 68.56, "final_distance_cost": 1.8020499380581014, "oscillation_cost": 71.19664854626544, "completition_cost": 0.0, "overshoot_cost": 49.3949115741254, "power_cost": 14.446989111328126, "noise_cost": 11.529602489953568, "n_waypoints_completed": 9, "tot_waypoints": 9}}
{"target": -223.72724915422512, "params": {"k_pid_pos": [1.9487419128417969, 0.02128395438194275, 0.0], "k_pid_alt": [1.8523147106170654, 0.020837366580963135, 0.9914370775222778], "k_pid_att": [98.43128967285156, 0.9072161316871643, 0.9921647310256958], "k_pid_yaw": [0.5, 1e-06, 0.1], "k_pid_hsp": [9.869174003601074, 0.9516652226448059, 0.05508553981781006], "k_pid_vsp": [400.0, 384.3111877441406, 1.1986980438232422]}, "datetime": {"datetime": "2025-08-20 17:36:59", "elapsed": 20673.6214056015, "delta": 15.509546518325806}, "costs": {"total_cost": 223.72724915422512, "time_cost": 69.536, "final_distance_cost": 1.7221960845813264, "oscillation_cost": 76.77550892031378, "completition_cost": 0.0, "overshoot_cost": 51.02583773762068, "power_cost": 13.141272766113282, "noise_cost": 11.526433645596024, "n_waypoints_completed": 9, "tot_waypoints": 9}}
{"target": -217.56362100832015, "params": {"k_pid_pos": [1.8119337558746338, 0.014431804418563843, 0.0], "k_pid_alt": [1.9441449642181396, 0.01661139726638794, 0.9824638366699219], "k_pid_att": [97.65802764892578, 0.18215669691562653, 0.9815036654472351], "k_pid_yaw": [0.5, 1e-06, 0.1], "k_pid_hsp": [9.863170623779297, 0.9898824691772461, 0.007512271404266357], "k_pid_vsp": [0.007498264312744141, 387.8205261230469, 39.57120132446289]}, "datetime": {"datetime": "2025-08-20 17:37:14", "elapsed": 20688.986569404602, "delta": 15.365163803100586}, "costs": {"total_cost": 217.56362100832015, "time_cost": 69.83200000000001, "final_distance_cost": 1.7750819427691458, "oscillation_cost": 68.11373058875482, "completition_cost": 0.0, "overshoot_cost": 51.62195329576051, "power_cost": 14.67625712890625, "noise_cost": 11.544598052129432, "n_waypoints_completed": 9, "tot_waypoints": 9}}
{"target": -221.25394994701742, "params": {"k_pid_pos": [1.8713608980178833, 0.022510409355163574, 0.0], "k_pid_alt": [1.9370909929275513, 0.02061709761619568, 0.9899787902832031], "k_pid_att": [99.69444274902344, 0.19037698209285736, 0.9950273036956787], "k_pid_yaw": [0.5, 1e-06, 0.1], "k_pid_hsp": [9.779650688171387, 0.9591844081878662, 0.07716250419616699], "k_pid_vsp": [400.0, 394.26568603515625, 9.481621742248535]}, "datetime": {"datetime": "2025-08-20 17:37:29", "elapsed": 20703.77872610092, "delta": 14.79215669631958}, "costs": {"total_cost": 221.25394994701742, "time_cost": 69.328, "final_distance_cost": 1.7842935947633887, "oscillation_cost": 74.36485073170294, "completition_cost": 0.0, "overshoot_cost": 50.627386403878, "power_cost": 13.50533641357422, "noise_cost": 11.644082803098874, "n_waypoints_completed": 9, "tot_waypoints": 9}}
{"target": -206.63937034562855, "params": {"k_pid_pos": [1.535382628440857, 0.11647409200668335, 2.086162567138672e-07], "k_pid_alt": [1.9271924495697021, 0.03201794624328613, 0.9654726982116699], "k_pid_att": [96.4461669921875, 0.9436261057853699, 0.9711282849311829], "k_pid_yaw": [0.5, 1e-06, 0.1], "k_pid_hsp": [8.16559886932373, 0.9779477119445801, 0.04874563217163086], "k_pid_vsp": [400.0, 395.5556945800781, 6.016160011291504]}, "datetime": {"datetime": "2025-08-20 17:37:46", "elapsed": 20720.628442525864, "delta": 16.849716424942017}, "costs": {"total_cost": 206.63937034562855, "time_cost": 73.70400000000001, "final_distance_cost": 1.7639197088748073, "oscillation_cost": 53.67092659869038, "completition_cost": 0.0, "overshoot_cost": 52.15869053451702, "power_cost": 13.376084020996094, "noise_cost": 11.965749482550239, "n_waypoints_completed": 9, "tot_waypoints": 9}}
{"target": -232.17451819320374, "params": {"k_pid_pos": [1.9692612886428833, 0.09660625457763672, 0.0], "k_pid_alt": [1.9817135334014893, 0.02066701650619507, 0.9830982685089111], "k_pid_att": [87.77410125732422, 1.0305180549621582, 0.9844225645065308], "k_pid_yaw": [0.5, 1e-06, 0.1], "k_pid_hsp": [9.908044815063477, 0.9964779615402222, 0.09226596355438232], "k_pid_vsp": [400.0, 379.5965881347656, 15.011454582214355]}, "datetime": {"datetime": "2025-08-20 17:38:02", "elapsed": 20736.870324373245, "delta": 16.241881847381592}, "costs": {"total_cost": 232.17451819320374, "time_cost": 69.792, "final_distance_cost": 1.7190287458751428, "oscillation_cost": 84.26191607108382, "completition_cost": 0.0, "overshoot_cost": 50.52687694859641, "power_cost": 14.214474523925782, "noise_cost": 11.660221903722599, "n_waypoints_completed": 9, "tot_waypoints": 9}}
{"target": -229.39129703229946, "params": {"k_pid_pos": [1.9631249904632568, 0.02291327714920044, 1.3113021850585938e-06], "k_pid_alt": [1.89892578125, 0.00740891695022583, 0.9366813898086548], "k_pid_att": [89.52198791503906, 0.4470367729663849, 0.9229661226272583], "k_pid_yaw": [0.5, 1e-06, 0.1], "k_pid_hsp": [9.374239921569824, 0.9860848188400269, 0.05851736664772034], "k_pid_vsp": [400.0, 387.19720458984375, 1.1317501068115234]}, "datetime": {"datetime": "2025-08-20 17:38:17", "elapsed": 20751.848110198975, "delta": 14.97778582572937}, "costs": {"total_cost": 229.39129703229946, "time_cost": 69.47200000000001, "final_distance_cost": 1.7582263837008179, "oscillation_cost": 83.93757521748921, "completition_cost": 0.0, "overshoot_cost": 49.427804576445986, "power_cost": 13.234795739746094, "noise_cost": 11.560895114917354, "n_waypoints_completed": 9, "tot_waypoints": 9}}
{"target": -210.83966096327796, "params": {"k_pid_pos": [1.9420106410980225, 0.036819279193878174, 0.19576489925384521], "k_pid_alt": [1.9526135921478271, 0.011913776397705078, 0.9591867923736572], "k_pid_att": [92.77027130126953, 1.5618759393692017, 0.961634635925293], "k_pid_yaw": [0.5, 1e-06, 0.1], "k_pid_hsp": [9.682502746582031, 0.9411858916282654, 0.021348685026168823], "k_pid_vsp": [400.0, 397.25567626953125, 4.717315196990967]}, "datetime": {"datetime": "2025-08-20 17:38:33", "elapsed": 20768.163884162903, "delta": 16.315773963928223}, "costs": {"total_cost": 210.83966096327796, "time_cost": 69.312, "final_distance_cost": 1.7891229161590936, "oscillation_cost": 65.54480359988175, "completition_cost": 0.0, "overshoot_cost": 50.22028831738475, "power_cost": 12.662088317871094, "noise_cost": 11.311357811981292, "n_waypoints_completed": 9, "tot_waypoints": 9}}
{"target": -213.2049110003705, "params": {"k_pid_pos": [1.9751957654953003, 0.14907047152519226, 0.0], "k_pid_alt": [1.9822590351104736, 0.01922893524169922, 0.989189624786377], "k_pid_att": [99.53299713134766, 0.5825990438461304, 0.981867790222168], "k_pid_yaw": [0.5, 1e-06, 0.1], "k_pid_hsp": [9.935647010803223, 0.9802091121673584, 0.02258521318435669], "k_pid_vsp": [394.48834228515625, 387.150146484375, 42.35174560546875]}, "datetime": {"datetime": "2025-08-20 17:38:48", "elapsed": 20783.489276647568, "delta": 15.325392484664917}, "costs": {"total_cost": 213.2049110003705, "time_cost": 69.824, "final_distance_cost": 1.717628515406399, "oscillation_cost": 68.216419084167, "completition_cost": 0.0, "overshoot_cost": 49.89759381952732, "power_cost": 12.908141162109375, "noise_cost": 10.641128419160397, "n_waypoints_completed": 9, "tot_waypoints": 9}}
{"target": -236.3004174123976, "params": {"k_pid_pos": [1.939698576927185, 0.015304982662200928, 0.6319687962532043], "k_pid_alt": [1.6801830530166626, 0.005101323127746582, 0.9661687612533569], "k_pid_att": [91.52029418945312, 0.8660717606544495, 0.8638412952423096], "k_pid_yaw": [0.5, 1e-06, 0.1], "k_pid_hsp": [9.451164245605469, 0.902669370174408, 0.004096776247024536], "k_pid_vsp": [0.0, 393.24139404296875, 9.322226524353027]}, "datetime": {"datetime": "2025-08-20 17:39:05", "elapsed": 20799.77386713028, "delta": 16.284590482711792}, "costs": {"total_cost": 236.3004174123976, "time_cost": 71.656, "final_distance_cost": 1.7581942482161033, "oscillation_cost": 84.92970423975571, "completition_cost": 0.0, "overshoot_cost": 51.68599397735604, "power_cost": 15.06010604248047, "noise_cost": 11.210418904589254, "n_waypoints_completed": 9, "tot_waypoints": 9}}
{"target": -483.13520595099345, "params": {"k_pid_pos": [1.9361737966537476, 0.02375006675720215, 3.2186508178710938e-06], "k_pid_alt": [1.9747707843780518, 0.16845214366912842, 0.948667049407959], "k_pid_att": [98.02850341796875, 0.8349316120147705, 0.983767569065094], "k_pid_yaw": [0.5, 1e-06, 0.1], "k_pid_hsp": [9.953130722045898, 0.9480136036872864, 0.03406462073326111], "k_pid_vsp": [368.58740234375, 391.39056396484375, 114.81787872314453]}, "datetime": {"datetime": "2025-08-20 17:39:27", "elapsed": 20821.76859021187, "delta": 21.994723081588745}, "costs": {"total_cost": 483.13520595099345, "time_cost": 150, "final_distance_cost": 27.87884897866073, "oscillation_cost": 102.97557317217553, "completition_cost": 111.11111111111116, "overshoot_cost": 52.16104369284251, "power_cost": 22.642514074707034, "noise_cost": 16.366114921496465, "n_waypoints_completed": 8, "tot_waypoints": 9}}
{"target": -228.03490557270493, "params": {"k_pid_pos": [1.7106932401657104, 0.021216243505477905, 0.0], "k_pid_alt": [1.9917951822280884, 0.049145013093948364, 0.9700177907943726], "k_pid_att": [89.94194793701172, 0.4694902002811432, 0.9805012345314026], "k_pid_yaw": [0.5, 1e-06, 0.1], "k_pid_hsp": [9.226142883300781, 0.8310248851776123, 0.04051607847213745], "k_pid_vsp": [400.0, 396.5060119628906, 2.1685729026794434]}, "datetime": {"datetime": "2025-08-20 17:39:42", "elapsed": 20837.341067314148, "delta": 15.572477102279663}, "costs": {"total_cost": 228.03490557270493, "time_cost": 68.992, "final_distance_cost": 1.8011754377138487, "oscillation_cost": 82.17728470456338, "completition_cost": 0.0, "overshoot_cost": 50.634186074527044, "power_cost": 13.007866577148437, "noise_cost": 11.422392778752211, "n_waypoints_completed": 9, "tot_waypoints": 9}}
{"target": -413.33052825069456, "params": {"k_pid_pos": [1.8852331638336182, 0.03174811601638794, 5.960464477539063e-08], "k_pid_alt": [1.9451358318328857, 0.1205986738204956, 0.9649995565414429], "k_pid_att": [98.63629150390625, 1.160448670387268, 0.9698374271392822], "k_pid_yaw": [0.5, 1e-06, 0.1], "k_pid_hsp": [9.346362113952637, 0.9776185750961304, 0.2455815076828003], "k_pid_vsp": [400.0, 383.71337890625, 3.017033100128174]}, "datetime": {"datetime": "2025-08-20 17:40:04", "elapsed": 20859.268042325974, "delta": 21.92697501182556}, "costs": {"total_cost": 413.33052825069456, "time_cost": 99.624, "final_distance_cost": 1.7804111275728989, "oscillation_cost": 222.74886746959487, "completition_cost": 0.0, "overshoot_cost": 51.787039140096375, "power_cost": 20.65730869140625, "noise_cost": 16.732901822024196, "n_waypoints_completed": 9, "tot_waypoints": 9}}
{"target": -217.91381933582684, "params": {"k_pid_pos": [1.957165241241455, 0.03240561485290527, 0.0], "k_pid_alt": [1.984285593032837, 0.011167645454406738, 0.8685011267662048], "k_pid_att": [98.54106903076172, 0.3138938546180725, 0.9717925190925598], "k_pid_yaw": [0.5, 1e-06, 0.1], "k_pid_hsp": [9.689993858337402, 0.9934960603713989, 0.01050981879234314], "k_pid_vsp": [400.0, 392.8486022949219, 11.609114646911621]}, "datetime": {"datetime": "2025-08-20 17:40:20", "elapsed": 20874.75922513008, "delta": 15.491182804107666}, "costs": {"total_cost": 217.91381933582684, "time_cost": 69.696, "final_distance_cost": 1.7295547064247874, "oscillation_cost": 66.27230696524794, "completition_cost": 0.0, "overshoot_cost": 50.4957476155835, "power_cost": 16.713362854003908, "noise_cost": 13.006847194566685, "n_waypoints_completed": 9, "tot_waypoints": 9}}
