{"target": -1459.2591871097964, "params": {"k_pid_pos": [1.826532244682312, 0.22072571516036987, 3.6954879760742188e-06], "k_pid_alt": [0.625504732131958, 0.39161166548728943, 0.35963743925094604], "k_pid_att": [24.99106216430664, 1.0540235042572021, 0.5952100157737732], "k_pid_yaw": [0.5, 1e-06, 0.1], "k_pid_hsp": [0.19832578301429749, 0.9149988889694214, 0.46298933029174805], "k_pid_vsp": [0.0, 54.29697036743164, 82.45964050292969]}, "datetime": {"datetime": "2025-08-20 13:03:16", "elapsed": 4251.187258243561, "delta": 21.654390335083008}, "costs": {"total_cost": 1459.2591871097964, "time_cost": 150, "final_distance_cost": 4.6959000753258175, "oscillation_cost": 73.24566325110358, "completition_cost": 1000.0, "overshoot_cost": 137.19121976439186, "power_cost": 22.597018005371094, "noise_cost": 71.52938601360391, "n_waypoints_completed": 0, "tot_waypoints": 9}}
{"target": -804.2838400166527, "params": {"k_pid_pos": [1.9692527055740356, 0.1170884370803833, 0.0], "k_pid_alt": [0.17153221368789673, 0.6829603314399719, 0.7676854729652405], "k_pid_att": [55.491722106933594, 1.166213870048523, 0.9311106204986572], "k_pid_yaw": [0.5, 1e-06, 0.1], "k_pid_hsp": [5.816366672515869, 0.7635762691497803, 0.16101163625717163], "k_pid_vsp": [399.98992919921875, 181.50772094726562, 48.9288444519043]}, "datetime": {"datetime": "2025-08-20 13:03:38", "elapsed": 4272.556153535843, "delta": 21.368895292282104}, "costs": {"total_cost": 804.2838400166527, "time_cost": 150, "final_distance_cost": 66.47602712347442, "oscillation_cost": 161.8333999941799, "completition_cost": 333.33333333333337, "overshoot_cost": 54.309347964441024, "power_cost": 21.595997875976565, "noise_cost": 16.735733725247442, "n_waypoints_completed": 6, "tot_waypoints": 9}}
{"target": -781.1783935522955, "params": {"k_pid_pos": [1.946311593055725, 0.9092544913291931, 0.0], "k_pid_alt": [0.1878190040588379, 0.005005180835723877, 0.5344756841659546], "k_pid_att": [68.93110656738281, 0.2206212729215622, 0.40490078926086426], "k_pid_yaw": [0.5, 1e-06, 0.1], "k_pid_hsp": [9.683839797973633, 0.9890428781509399, 0.6213400959968567], "k_pid_vsp": [36.7670783996582, 281.3917541503906, 24.85834503173828]}, "datetime": {"datetime": "2025-08-20 13:03:59", "elapsed": 4293.972493171692, "delta": 21.416339635849}, "costs": {"total_cost": 781.1783935522955, "time_cost": 150, "final_distance_cost": 69.22515567713222, "oscillation_cost": 130.81142855120996, "completition_cost": 333.33333333333337, "overshoot_cost": 57.06178632769606, "power_cost": 23.698487500000002, "noise_cost": 17.04820216292385, "n_waypoints_completed": 6, "tot_waypoints": 9}}
{"target": -251.87353477266132, "params": {"k_pid_pos": [1.5517077445983887, 0.5311141610145569, 0.0], "k_pid_alt": [0.9930245280265808, 0.010917186737060547, 0.844160258769989], "k_pid_att": [84.83643341064453, 0.514968752861023, 0.8681288361549377], "k_pid_yaw": [0.5, 1e-06, 0.1], "k_pid_hsp": [5.966253757476807, 0.8863610029220581, 0.0624813437461853], "k_pid_vsp": [400.0, 281.19525146484375, 35.7905158996582]}, "datetime": {"datetime": "2025-08-20 13:04:18", "elapsed": 4313.208330869675, "delta": 19.235837697982788}, "costs": {"total_cost": 251.87353477266132, "time_cost": 87.08800000000001, "final_distance_cost": 1.7431862400001084, "oscillation_cost": 75.2145258383854, "completition_cost": 0.0, "overshoot_cost": 55.529905730815706, "power_cost": 18.02100272216797, "noise_cost": 14.276914241292133, "n_waypoints_completed": 9, "tot_waypoints": 9}}
{"target": -1163.307899803278, "params": {"k_pid_pos": [1.9293465614318848, 0.4282916486263275, 7.581710815429688e-05], "k_pid_alt": [0.0687105655670166, 0.0319405198097229, 0.9339438676834106], "k_pid_att": [95.73954010009766, 0.4750491678714752, 0.596076488494873], "k_pid_yaw": [0.5, 1e-06, 0.1], "k_pid_hsp": [4.5432233810424805, 0.6250843405723572, 0.12678104639053345], "k_pid_vsp": [400.0, 347.7564697265625, 29.41181755065918]}, "datetime": {"datetime": "2025-08-20 13:04:40", "elapsed": 4335.005835056305, "delta": 21.79750418663025}, "costs": {"total_cost": 1163.307899803278, "time_cost": 150, "final_distance_cost": 54.073235339896755, "oscillation_cost": 200.3703699270797, "completition_cost": 666.6666666666667, "overshoot_cost": 54.12251863188075, "power_cost": 21.66248837890625, "noise_cost": 16.412620858847657, "n_waypoints_completed": 3, "tot_waypoints": 9}}
{"target": -315.6352904472916, "params": {"k_pid_pos": [1.9097340106964111, 0.7868542671203613, 0.8947259187698364], "k_pid_alt": [1.5324230194091797, 0.35080257058143616, 0.9128923416137695], "k_pid_att": [93.71393585205078, 1.358770728111267, 0.9686075448989868], "k_pid_yaw": [0.5, 1e-06, 0.1], "k_pid_hsp": [3.2515292167663574, 0.7669152021408081, 0.116556316614151], "k_pid_vsp": [400.0, 341.432861328125, 46.94681167602539]}, "datetime": {"datetime": "2025-08-20 13:04:58", "elapsed": 4352.884909629822, "delta": 17.879074573516846}, "costs": {"total_cost": 315.6352904472916, "time_cost": 83.696, "final_distance_cost": 1.7846082877890295, "oscillation_cost": 143.02498820513657, "completition_cost": 0.0, "overshoot_cost": 52.8299198417449, "power_cost": 19.604054736328127, "noise_cost": 14.695719376292976, "n_waypoints_completed": 9, "tot_waypoints": 9}}
{"target": -1038.5300973207104, "params": {"k_pid_pos": [0.11302149295806885, 0.5230025053024292, 2.9802322387695312e-08], "k_pid_alt": [0.8830716609954834, 0.0987924337387085, 0.6467454433441162], "k_pid_att": [73.42280578613281, 0.2548247277736664, 0.9422656297683716], "k_pid_yaw": [0.5, 1e-06, 0.1], "k_pid_hsp": [2.0467312335968018, 0.3143237233161926, 0.09611257910728455], "k_pid_vsp": [399.9945983886719, 337.26031494140625, 87.19092559814453]}, "datetime": {"datetime": "2025-08-20 13:05:19", "elapsed": 4374.352244615555, "delta": 21.467334985733032}, "costs": {"total_cost": 1038.5300973207104, "time_cost": 150, "final_distance_cost": 54.51690182038922, "oscillation_cost": 93.5461373360174, "completition_cost": 666.6666666666667, "overshoot_cost": 38.09627018922006, "power_cost": 20.044667224121095, "noise_cost": 15.659454084295934, "n_waypoints_completed": 3, "tot_waypoints": 9}}
{"target": -839.7931507861173, "params": {"k_pid_pos": [1.2921251058578491, 0.7556955218315125, 1.0], "k_pid_alt": [0.24535834789276123, 0.07591933012008667, 0.9271461963653564], "k_pid_att": [75.13542938232422, 1.1387184858322144, 0.547694742679596], "k_pid_yaw": [0.5, 1e-06, 0.1], "k_pid_hsp": [8.170428276062012, 0.8390510082244873, 0.5933486223220825], "k_pid_vsp": [0.3342151641845703, 270.9382019042969, 12.194634437561035]}, "datetime": {"datetime": "2025-08-20 13:05:46", "elapsed": 4400.6318345069885, "delta": 26.279589891433716}, "costs": {"total_cost": 839.7931507861173, "time_cost": 150, "final_distance_cost": 68.36084226348662, "oscillation_cost": 204.80955937053017, "completition_cost": 333.33333333333337, "overshoot_cost": 45.19431909005447, "power_cost": 22.42415682373047, "noise_cost": 15.670939904982218, "n_waypoints_completed": 6, "tot_waypoints": 9}}
{"target": -654.7692265550024, "params": {"k_pid_pos": [1.9166436195373535, 0.004262655973434448, 3.5762786865234375e-06], "k_pid_alt": [0.41693955659866333, 0.45734089612960815, 0.7343085408210754], "k_pid_att": [95.33462524414062, 5.454281806945801, 0.990917444229126], "k_pid_yaw": [0.5, 1e-06, 0.1], "k_pid_hsp": [1.3319894075393677, 0.9839533567428589, 0.12680107355117798], "k_pid_vsp": [399.4289245605469, 319.4389953613281, 35.75445556640625]}, "datetime": {"datetime": "2025-08-20 13:06:15", "elapsed": 4429.813669919968, "delta": 29.181835412979126}, "costs": {"total_cost": 654.7692265550024, "time_cost": 150, "final_distance_cost": 73.2521752009552, "oscillation_cost": 115.42449417831025, "completition_cost": 222.2222222222222, "overshoot_cost": 54.537712489499064, "power_cost": 21.932987744140625, "noise_cost": 17.399634719875078, "n_waypoints_completed": 7, "tot_waypoints": 9}}
{"target": -1159.2219259546673, "params": {"k_pid_pos": [1.7033720016479492, 0.6650642156600952, 0.0], "k_pid_alt": [0.10814046859741211, 0.11680477857589722, 0.8286362290382385], "k_pid_att": [45.46974563598633, 0.4627573490142822, 0.7398149371147156], "k_pid_yaw": [0.5, 1e-06, 0.1], "k_pid_hsp": [5.459144115447998, 0.9832925796508789, 0.0384581983089447], "k_pid_vsp": [399.9983215332031, 282.2298583984375, 7.9527268409729]}, "datetime": {"datetime": "2025-08-20 13:06:39", "elapsed": 4453.972119569778, "delta": 24.15844964981079}, "costs": {"total_cost": 1159.2219259546673, "time_cost": 150, "final_distance_cost": 89.75049429635938, "oscillation_cost": 64.42565414119656, "completition_cost": 777.7777777777778, "overshoot_cost": 41.80583604047504, "power_cost": 19.44607067871094, "noise_cost": 16.016093020147697, "n_waypoints_completed": 2, "tot_waypoints": 9}}
{"target": -470.7823072713011, "params": {"k_pid_pos": [1.400560736656189, 0.27008745074272156, 0.9999988079071045], "k_pid_alt": [0.361191987991333, 0.1335904598236084, 0.8953996896743774], "k_pid_att": [93.90848541259766, 8.059408187866211, 0.91663658618927], "k_pid_yaw": [0.5, 1e-06, 0.1], "k_pid_hsp": [7.715517520904541, 0.8829384446144104, 0.37042495608329773], "k_pid_vsp": [399.7684326171875, 376.61175537109375, 42.65496826171875]}, "datetime": {"datetime": "2025-08-20 13:07:04", "elapsed": 4478.507717370987, "delta": 24.535597801208496}, "costs": {"total_cost": 470.7823072713011, "time_cost": 97.224, "final_distance_cost": 1.779907674999946, "oscillation_cost": 280.7926316721707, "completition_cost": 0.0, "overshoot_cost": 52.8901137932444, "power_cost": 21.553679455566407, "noise_cost": 16.541974675319608, "n_waypoints_completed": 9, "tot_waypoints": 9}}
{"target": -274.1401576639063, "params": {"k_pid_pos": [1.2149348258972168, 0.8317447900772095, 0.9669008255004883], "k_pid_alt": [1.7026472091674805, 0.02173706889152527, 0.5320534706115723], "k_pid_att": [97.4421157836914, 5.176486968994141, 0.7844836115837097], "k_pid_yaw": [0.5, 1e-06, 0.1], "k_pid_hsp": [9.343391418457031, 0.8882861137390137, 0.02935844659805298], "k_pid_vsp": [400.0, 230.78184509277344, 64.90254211425781]}, "datetime": {"datetime": "2025-08-20 13:07:23", "elapsed": 4497.6640474796295, "delta": 19.156330108642578}, "costs": {"total_cost": 274.1401576639063, "time_cost": 73.736, "final_distance_cost": 1.776219040014311, "oscillation_cost": 120.50187900113434, "completition_cost": 0.0, "overshoot_cost": 49.70690970254909, "power_cost": 15.656732983398438, "noise_cost": 12.762416936810117, "n_waypoints_completed": 9, "tot_waypoints": 9}}
{"target": -888.9898514654534, "params": {"k_pid_pos": [0.08208221197128296, 0.5531214475631714, 0.0], "k_pid_alt": [0.8100693821907043, 0.0034003853797912598, 0.7155444622039795], "k_pid_att": [98.59841918945312, 2.4383645057678223, 0.3563109338283539], "k_pid_yaw": [0.5, 1e-06, 0.1], "k_pid_hsp": [0.48147061467170715, 0.6875107288360596, 0.08495762944221497], "k_pid_vsp": [0.0, 327.96734619140625, 59.49938201904297]}, "datetime": {"datetime": "2025-08-20 13:07:47", "elapsed": 4521.668918848038, "delta": 24.004871368408203}, "costs": {"total_cost": 888.9898514654534, "time_cost": 150, "final_distance_cost": 58.74009403704375, "oscillation_cost": 143.26666134494562, "completition_cost": 444.4444444444444, "overshoot_cost": 52.80199106420294, "power_cost": 22.97799344482422, "noise_cost": 16.758667129992464, "n_waypoints_completed": 5, "tot_waypoints": 9}}
{"target": -1151.659365718395, "params": {"k_pid_pos": [1.8299193382263184, 0.77452552318573, 0.0], "k_pid_alt": [0.07098746299743652, 0.08777499198913574, 0.20795348286628723], "k_pid_att": [89.31381225585938, 3.1243157386779785, 0.756057858467102], "k_pid_yaw": [0.5, 1e-06, 0.1], "k_pid_hsp": [1.9173073768615723, 0.8967840671539307, 0.027539432048797607], "k_pid_vsp": [400.0, 262.5292663574219, 19.19886016845703]}, "datetime": {"datetime": "2025-08-20 13:08:12", "elapsed": 4546.610244750977, "delta": 24.941325902938843}, "costs": {"total_cost": 1151.659365718395, "time_cost": 150, "final_distance_cost": 85.00285922110375, "oscillation_cost": 66.77360141892497, "completition_cost": 777.7777777777778, "overshoot_cost": 37.74881110522086, "power_cost": 19.22369444580078, "noise_cost": 15.132621749566857, "n_waypoints_completed": 2, "tot_waypoints": 9}}
{"target": -464.6114788430701, "params": {"k_pid_pos": [1.964611530303955, 0.07230234146118164, 0.9999985694885254], "k_pid_alt": [0.393207311630249, 0.022339165210723877, 0.9815338850021362], "k_pid_att": [96.46327209472656, 5.042511463165283, 0.9387187957763672], "k_pid_yaw": [0.5, 1e-06, 0.1], "k_pid_hsp": [3.315978527069092, 0.9719544649124146, 0.02165079116821289], "k_pid_vsp": [399.9537048339844, 328.46575927734375, 3.479398250579834]}, "datetime": {"datetime": "2025-08-20 13:08:36", "elapsed": 4571.275881052017, "delta": 24.66563630104065}, "costs": {"total_cost": 464.6114788430701, "time_cost": 150, "final_distance_cost": 55.549122127904134, "oscillation_cost": 68.69610303238679, "completition_cost": 111.11111111111116, "overshoot_cost": 47.243329908420996, "power_cost": 17.21647341308594, "noise_cost": 14.79533925016102, "n_waypoints_completed": 8, "tot_waypoints": 9}}
{"target": -627.0447540557255, "params": {"k_pid_pos": [1.2836778163909912, 0.288902223110199, 0.0], "k_pid_alt": [0.06304395198822021, 0.3812772035598755, 0.9211559295654297], "k_pid_att": [90.79678344726562, 1.1224957704544067, 0.41324472427368164], "k_pid_yaw": [0.5, 1e-06, 0.1], "k_pid_hsp": [5.851215362548828, 0.9385595321655273, 0.24463146924972534], "k_pid_vsp": [0.0007271766662597656, 345.3486328125, 51.02408981323242]}, "datetime": {"datetime": "2025-08-20 13:09:01", "elapsed": 4596.45823431015, "delta": 25.182353258132935}, "costs": {"total_cost": 627.0447540557255, "time_cost": 150, "final_distance_cost": 40.57809915470676, "oscillation_cost": 224.82919964999977, "completition_cost": 111.11111111111116, "overshoot_cost": 62.368098972177776, "power_cost": 22.36952078857422, "noise_cost": 15.788724379155756, "n_waypoints_completed": 8, "tot_waypoints": 9}}
{"target": -969.9872289076185, "params": {"k_pid_pos": [1.5163060426712036, 0.8144583106040955, 0.0], "k_pid_alt": [0.5451228618621826, 0.2809644937515259, 0.8888441920280457], "k_pid_att": [74.99473571777344, 1.6224924325942993, 0.9292172789573669], "k_pid_yaw": [0.5, 1e-06, 0.1], "k_pid_hsp": [4.027039051055908, 0.8557365536689758, 0.3191991448402405], "k_pid_vsp": [366.0220947265625, 254.95228576660156, 119.189453125]}, "datetime": {"datetime": "2025-08-20 13:09:28", "elapsed": 4623.431187391281, "delta": 26.97295308113098}, "costs": {"total_cost": 969.9872289076185, "time_cost": 150, "final_distance_cost": 52.20060111699555, "oscillation_cost": 116.46384662883459, "completition_cost": 555.5555555555555, "overshoot_cost": 57.264572853335025, "power_cost": 22.15361862792969, "noise_cost": 16.34903412496795, "n_waypoints_completed": 4, "tot_waypoints": 9}}
{"target": -739.5805640299335, "params": {"k_pid_pos": [1.9747048616409302, 0.4870329797267914, 0.0], "k_pid_alt": [0.06544190645217896, 0.08909463882446289, 0.9795005321502686], "k_pid_att": [83.85088348388672, 0.1695706993341446, 0.8329036235809326], "k_pid_yaw": [0.5, 1e-06, 0.1], "k_pid_hsp": [2.0756094455718994, 0.9976553916931152, 0.09455496072769165], "k_pid_vsp": [0.000476837158203125, 275.1101379394531, 33.39067840576172]}, "datetime": {"datetime": "2025-08-20 13:09:54", "elapsed": 4649.361090898514, "delta": 25.929903507232666}, "costs": {"total_cost": 739.5805640299335, "time_cost": 150, "final_distance_cost": 62.91451581143558, "oscillation_cost": 100.36818209773077, "completition_cost": 333.33333333333337, "overshoot_cost": 52.55697546870361, "power_cost": 23.45420780029297, "noise_cost": 16.953349518437264, "n_waypoints_completed": 6, "tot_waypoints": 9}}
{"target": -732.5416684638965, "params": {"k_pid_pos": [1.7689117193222046, 0.8762215971946716, 0.003386557102203369], "k_pid_alt": [0.7460421323776245, 0.04364776611328125, 0.8416763544082642], "k_pid_att": [90.43470764160156, 4.794920444488525, 0.9179977774620056], "k_pid_yaw": [0.5, 1e-06, 0.1], "k_pid_hsp": [5.787847518920898, 0.8953076601028442, 0.08905023336410522], "k_pid_vsp": [399.98455810546875, 337.47607421875, 101.70184326171875]}, "datetime": {"datetime": "2025-08-20 13:10:19", "elapsed": 4674.350011587143, "delta": 24.98892068862915}, "costs": {"total_cost": 732.5416684638965, "time_cost": 150, "final_distance_cost": 67.76064800620053, "oscillation_cost": 89.1923566093285, "completition_cost": 333.33333333333337, "overshoot_cost": 53.72846681056492, "power_cost": 22.38566180419922, "noise_cost": 16.14120190026995, "n_waypoints_completed": 6, "tot_waypoints": 9}}
{"target": -292.0177972438162, "params": {"k_pid_pos": [1.9570965766906738, 0.029567420482635498, 0.9814341068267822], "k_pid_alt": [0.7070707082748413, 0.1375662088394165, 0.8661748766899109], "k_pid_att": [78.01204681396484, 2.378599166870117, 0.8675923347473145], "k_pid_yaw": [0.5, 1e-06, 0.1], "k_pid_hsp": [9.052872657775879, 0.9779889583587646, 0.019857257604599], "k_pid_vsp": [399.999755859375, 352.0433044433594, 10.970772743225098]}, "datetime": {"datetime": "2025-08-20 13:10:42", "elapsed": 4697.185340642929, "delta": 22.835329055786133}, "costs": {"total_cost": 292.0177972438162, "time_cost": 82.784, "final_distance_cost": 1.8138299178083352, "oscillation_cost": 127.83130771249377, "completition_cost": 0.0, "overshoot_cost": 50.58620184018738, "power_cost": 15.809493078613283, "noise_cost": 13.192964694713396, "n_waypoints_completed": 9, "tot_waypoints": 9}}
{"target": -828.4593420496545, "params": {"k_pid_pos": [1.8910293579101562, 0.2094578742980957, 0.22689643502235413], "k_pid_alt": [1.5776395797729492, 0.22068142890930176, 0.8985994458198547], "k_pid_att": [77.39752197265625, 4.39883279800415, 0.8121587038040161], "k_pid_yaw": [0.5, 1e-06, 0.1], "k_pid_hsp": [1.9088094234466553, 0.7161604762077332, 0.2957576513290405], "k_pid_vsp": [203.14161682128906, 382.16552734375, 14.918495178222656]}, "datetime": {"datetime": "2025-08-20 13:11:09", "elapsed": 4723.563967227936, "delta": 26.378626585006714}, "costs": {"total_cost": 828.4593420496545, "time_cost": 150, "final_distance_cost": 72.77785540118238, "oscillation_cost": 192.8981503707462, "completition_cost": 333.33333333333337, "overshoot_cost": 41.24675223264072, "power_cost": 21.749112536621094, "noise_cost": 16.45413817513089, "n_waypoints_completed": 6, "tot_waypoints": 9}}
{"target": -578.8922988526493, "params": {"k_pid_pos": [1.8329784870147705, 0.08256104588508606, 0.0016698241233825684], "k_pid_alt": [0.4550354480743408, 0.02062004804611206, 0.9340592622756958], "k_pid_att": [92.4893798828125, 2.0738396644592285, 0.7072076797485352], "k_pid_yaw": [0.5, 1e-06, 0.1], "k_pid_hsp": [3.682431697845459, 0.7087780237197876, 0.831058144569397], "k_pid_vsp": [1.1920928955078125e-05, 295.5644226074219, 74.40619659423828]}, "datetime": {"datetime": "2025-08-20 13:11:33", "elapsed": 4748.307688474655, "delta": 24.74372124671936}, "costs": {"total_cost": 578.8922988526493, "time_cost": 150, "final_distance_cost": 5.721394982273441, "oscillation_cost": 213.96945824134704, "completition_cost": 111.11111111111116, "overshoot_cost": 59.35191807161826, "power_cost": 21.97016893310547, "noise_cost": 16.76824751319391, "n_waypoints_completed": 8, "tot_waypoints": 9}}
{"target": -1123.526855852821, "params": {"k_pid_pos": [1.5602531433105469, 0.3363712728023529, 0.0], "k_pid_alt": [0.005791366100311279, 0.11323422193527222, 0.9504821300506592], "k_pid_att": [72.1280288696289, 0.6911705136299133, 0.9104801416397095], "k_pid_yaw": [0.5, 1e-06, 0.1], "k_pid_hsp": [2.2594234943389893, 0.9447096586227417, 0.2737433612346649], "k_pid_vsp": [0.43175220489501953, 333.50726318359375, 26.582338333129883]}, "datetime": {"datetime": "2025-08-20 13:12:02", "elapsed": 4776.746831893921, "delta": 28.439143419265747}, "costs": {"total_cost": 1123.526855852821, "time_cost": 150, "final_distance_cost": 49.05568745001813, "oscillation_cost": 168.06801061286768, "completition_cost": 666.6666666666667, "overshoot_cost": 52.41864752027185, "power_cost": 21.52872058105469, "noise_cost": 15.789123021941922, "n_waypoints_completed": 3, "tot_waypoints": 9}}
{"target": -742.326664651843, "params": {"k_pid_pos": [1.7119883298873901, 0.13298702239990234, 8.642673492431641e-07], "k_pid_alt": [0.11274981498718262, 0.4477810263633728, 0.8836617469787598], "k_pid_att": [96.62118530273438, 2.165943145751953, 0.7448065280914307], "k_pid_yaw": [0.5, 1e-06, 0.1], "k_pid_hsp": [1.692515254020691, 0.98884117603302, 0.05807533860206604], "k_pid_vsp": [400.0, 127.85966491699219, 42.31462478637695]}, "datetime": {"datetime": "2025-08-20 13:12:30", "elapsed": 4805.024205684662, "delta": 28.277373790740967}, "costs": {"total_cost": 742.326664651843, "time_cost": 150, "final_distance_cost": 66.57582539621728, "oscillation_cost": 101.04140309425783, "completition_cost": 333.33333333333337, "overshoot_cost": 53.27122192932504, "power_cost": 21.157075341796876, "noise_cost": 16.947805556912613, "n_waypoints_completed": 6, "tot_waypoints": 9}}
{"target": -301.48090265045386, "params": {"k_pid_pos": [1.2798645496368408, 0.5732380151748657, 0.0], "k_pid_alt": [1.2634376287460327, 0.0019014179706573486, 0.6622419953346252], "k_pid_att": [67.61640930175781, 0.29870912432670593, 0.9541804790496826], "k_pid_yaw": [0.5, 1e-06, 0.1], "k_pid_hsp": [6.700101852416992, 0.5093010067939758, 0.15056023001670837], "k_pid_vsp": [400.0, 354.0555419921875, 53.415809631347656]}, "datetime": {"datetime": "2025-08-20 13:12:50", "elapsed": 4825.441866159439, "delta": 20.41766047477722}, "costs": {"total_cost": 301.48090265045386, "time_cost": 82.656, "final_distance_cost": 1.706643537235981, "oscillation_cost": 132.2032518689451, "completition_cost": 0.0, "overshoot_cost": 54.480328420781724, "power_cost": 16.920549353027344, "noise_cost": 13.514129470463674, "n_waypoints_completed": 9, "tot_waypoints": 9}}
