{"target": -218.22991110338833, "params": {"k_pid_pos": [0.699999988079071, 0.009999999776482582, 0.09000000357627869], "k_pid_alt": [0.699999988079071, 0.0, 0.10000000149011612], "k_pid_att": [20.0, 1.0, 0.009999999776482582], "k_pid_yaw": [0.5, 1e-06, 0.1], "k_pid_hsp": [1.0, 0.009999999776482582, 0.009999999776482582], "k_pid_vsp": [150.0, 10.0, 1.0]}, "datetime": {"datetime": "2025-08-20 11:52:46", "elapsed": 20.89963984489441, "delta": 20.89963984489441}, "costs": {"total_cost": 218.22991110338833, "time_cost": 80.504, "final_distance_cost": 1.8454398042506677, "oscillation_cost": 57.71307676324439, "completition_cost": 0.0, "overshoot_cost": 51.57672658856848, "power_cost": 13.564873120117188, "noise_cost": 13.025794827207589, "n_waypoints_completed": 9, "tot_waypoints": 9}}
{"target": -1368.2892766624054, "params": {"k_pid_pos": [1.1816900968551636, 0.34318432211875916, 0.000720292329788208], "k_pid_alt": [1.9446593523025513, 0.9953064918518066, 0.9994271397590637], "k_pid_att": [69.06472778320312, 9.930770874023438, 0.9833002686500549], "k_pid_yaw": [0.5, 1e-06, 0.1], "k_pid_hsp": [0.0001905981480376795, 0.9235853552818298, 1.0], "k_pid_vsp": [399.6222839355469, 396.66656494140625, 0.5629668831825256]}, "datetime": {"datetime": "2025-08-20 11:53:15", "elapsed": 49.531413555145264, "delta": 28.631773710250854}, "costs": {"total_cost": 1368.2892766624054, "time_cost": 150, "final_distance_cost": 115.06094761210753, "oscillation_cost": 266.4803340950648, "completition_cost": 666.6666666666667, "overshoot_cost": 132.63834658334974, "power_cost": 20.289846325683595, "noise_cost": 17.153135379533257, "n_waypoints_completed": 3, "tot_waypoints": 9}}
{"target": -793.4613523911352, "params": {"k_pid_pos": [1.2110387086868286, 0.2672511339187622, 5.960464477539062e-07], "k_pid_alt": [1.1850545406341553, 0.9379491806030273, 0.9976885318756104], "k_pid_att": [49.66147232055664, 9.998435974121094, 0.9141323566436768], "k_pid_yaw": [0.5, 1e-06, 0.1], "k_pid_hsp": [0.0014160573482513428, 0.7599050998687744, 0.9977293014526367], "k_pid_vsp": [398.16778564453125, 136.6061553955078, 0.000537441810593009]}, "datetime": {"datetime": "2025-08-20 11:53:41", "elapsed": 75.79411625862122, "delta": 26.262702703475952}, "costs": {"total_cost": 793.4613523911352, "time_cost": 150, "final_distance_cost": 65.48854035102484, "oscillation_cost": 136.83266603001445, "completition_cost": 333.33333333333337, "overshoot_cost": 71.78658536012891, "power_cost": 20.04053468017578, "noise_cost": 15.979692636457763, "n_waypoints_completed": 6, "tot_waypoints": 9}}
{"target": -1158.1038411329528, "params": {"k_pid_pos": [0.5250070095062256, 0.4647832214832306, 0.025808870792388916], "k_pid_alt": [1.3369982242584229, 0.2591632604598999, 0.9731543064117432], "k_pid_att": [34.77830123901367, 9.588629722595215, 0.6843273043632507], "k_pid_yaw": [0.5, 1e-06, 0.1], "k_pid_hsp": [0.013792837969958782, 0.7609484195709229, 0.9999752044677734], "k_pid_vsp": [383.53057861328125, 116.16492462158203, 0.000442074378952384]}, "datetime": {"datetime": "2025-08-20 11:54:07", "elapsed": 102.36446285247803, "delta": 26.57034659385681}, "costs": {"total_cost": 1158.1038411329528, "time_cost": 150, "final_distance_cost": 41.7006410420825, "oscillation_cost": 163.96406160340294, "completition_cost": 666.6666666666667, "overshoot_cost": 100.8227813891866, "power_cost": 19.177129235839846, "noise_cost": 15.7725611957741, "n_waypoints_completed": 3, "tot_waypoints": 9}}
{"target": -748.3513284662984, "params": {"k_pid_pos": [1.182770848274231, 0.6813911199569702, 0.0], "k_pid_alt": [1.851330280303955, 0.9882787466049194, 0.10322681069374084], "k_pid_att": [25.24842071533203, 1.7983547449111938, 0.1615625023841858], "k_pid_yaw": [0.5, 1e-06, 0.1], "k_pid_hsp": [0.0021679624915122986, 0.8016007542610168, 0.05497854948043823], "k_pid_vsp": [399.9095458984375, 141.0526580810547, 9.999999974752427e-07]}, "datetime": {"datetime": "2025-08-20 11:54:30", "elapsed": 125.25731158256531, "delta": 22.89284873008728}, "costs": {"total_cost": 748.3513284662984, "time_cost": 150, "final_distance_cost": 79.89134963324578, "oscillation_cost": 81.88821570874238, "completition_cost": 333.33333333333337, "overshoot_cost": 62.57096107309457, "power_cost": 22.259793212890624, "noise_cost": 18.407675504991662, "n_waypoints_completed": 6, "tot_waypoints": 9}}
{"target": -1687.452893185732, "params": {"k_pid_pos": [0.1628362089395523, 0.6817706227302551, 1.0], "k_pid_alt": [0.007284283638000488, 0.7910215258598328, 0.19279062747955322], "k_pid_att": [30.057228088378906, 0.19738730788230896, 0.4124966263771057], "k_pid_yaw": [0.5, 1e-06, 0.1], "k_pid_hsp": [4.528122901916504, 0.02701205015182495, 0.6131736040115356], "k_pid_vsp": [0.0, 2.2099623680114746, 0.1526961773633957]}, "datetime": {"datetime": "2025-08-20 11:54:54", "elapsed": 148.72300028800964, "delta": 23.465688705444336}, "costs": {"total_cost": 1687.452893185732, "time_cost": 150, "final_distance_cost": 7.8620149669165516, "oscillation_cost": 312.8845274943466, "completition_cost": 1000.0, "overshoot_cost": 138.01680786558902, "power_cost": 14.714357055664063, "noise_cost": 63.97518580321542, "n_waypoints_completed": 0, "tot_waypoints": 9}}
{"target": -1309.947250512784, "params": {"k_pid_pos": [0.08958879858255386, 0.639040470123291, 1.0], "k_pid_alt": [0.12893468141555786, 0.01094818115234375, 0.006983399391174316], "k_pid_att": [51.55427932739258, 5.589081764221191, 0.0024500489234924316], "k_pid_yaw": [0.5, 1e-06, 0.1], "k_pid_hsp": [8.994762420654297, 0.033656030893325806, 0.5727441310882568], "k_pid_vsp": [0.0, 281.1109619140625, 35.54671859741211]}, "datetime": {"datetime": "2025-08-20 11:55:17", "elapsed": 171.6662609577179, "delta": 22.943260669708252}, "costs": {"total_cost": 1309.947250512784, "time_cost": 150, "final_distance_cost": 76.77807557113496, "oscillation_cost": 230.58752130672272, "completition_cost": 777.7777777777778, "overshoot_cost": 37.44054147387082, "power_cost": 21.833853759765628, "noise_cost": 15.52948062351212, "n_waypoints_completed": 2, "tot_waypoints": 9}}
{"target": -1529.2956677637799, "params": {"k_pid_pos": [1.7467693090438843, 0.6722222566604614, 0.00015333294868469238], "k_pid_alt": [0.05017995834350586, 0.6646356582641602, 0.005167841911315918], "k_pid_att": [57.375091552734375, 4.671548843383789, 0.0013069212436676025], "k_pid_yaw": [0.5, 1e-06, 0.1], "k_pid_hsp": [0.3911442756652832, 0.5650152564048767, 0.5267084836959839], "k_pid_vsp": [0.0, 1.1867890357971191, 291.65716552734375]}, "datetime": {"datetime": "2025-08-20 11:55:40", "elapsed": 194.71783113479614, "delta": 23.051570177078247}, "costs": {"total_cost": 1529.2956677637799, "time_cost": 150, "final_distance_cost": 7.79878616549688, "oscillation_cost": 168.46986406074564, "completition_cost": 1000.0, "overshoot_cost": 142.22509501787147, "power_cost": 19.870229138183596, "noise_cost": 40.93169338148226, "n_waypoints_completed": 0, "tot_waypoints": 9}}
{"target": -3589.4134686213274, "params": {"k_pid_pos": [1.2244133949279785, 0.6389104723930359, 0.9999872446060181], "k_pid_alt": [0.0073754191398620605, 0.20249217748641968, 0.0021773576736450195], "k_pid_att": [80.71446990966797, 5.282749652862549, 0.12055179476737976], "k_pid_yaw": [0.5, 1e-06, 0.1], "k_pid_hsp": [2.4516308307647705, 0.06372404098510742, 0.2994929552078247], "k_pid_vsp": [0.0, 11.163796424865723, 181.6725616455078]}, "datetime": {"datetime": "2025-08-20 11:56:03", "elapsed": 217.56864380836487, "delta": 22.850812673568726}, "costs": {"total_cost": 3589.4134686213274, "time_cost": 150, "final_distance_cost": 829.641292216726, "oscillation_cost": 407.46953854116384, "completition_cost": 1000.0, "overshoot_cost": 1162.3216720532835, "power_cost": 22.498104943847657, "noise_cost": 17.482860866306396, "n_waypoints_completed": 0, "tot_waypoints": 9}}
{"target": -1206.1517453305657, "params": {"k_pid_pos": [1.919485330581665, 0.8508104681968689, 0.210361510515213], "k_pid_alt": [1.9311904907226562e-05, 0.03698199987411499, 0.013575553894042969], "k_pid_att": [58.09092712402344, 1.7351189851760864, 0.9793264865875244], "k_pid_yaw": [0.5, 1e-06, 0.1], "k_pid_hsp": [8.329537391662598, 0.14438378810882568, 0.25356554985046387], "k_pid_vsp": [399.99462890625, 1.1481056213378906, 172.67779541015625]}, "datetime": {"datetime": "2025-08-20 11:56:25", "elapsed": 240.27029490470886, "delta": 22.701651096343994}, "costs": {"total_cost": 1206.1517453305657, "time_cost": 150, "final_distance_cost": 63.363295608457044, "oscillation_cost": 216.1953621253481, "completition_cost": 666.6666666666667, "overshoot_cost": 69.2605000489558, "power_cost": 21.95439139404297, "noise_cost": 18.711529487095294, "n_waypoints_completed": 3, "tot_waypoints": 9}}
{"target": -895.6939730333305, "params": {"k_pid_pos": [0.4140467047691345, 0.093781977891922, 0.9999989867210388], "k_pid_alt": [0.8062596917152405, 0.5423249006271362, 0.00014603137969970703], "k_pid_att": [74.79597473144531, 0.4393445551395416, 0.03418111801147461], "k_pid_yaw": [0.5, 1e-06, 0.1], "k_pid_hsp": [9.41408634185791, 0.5502851605415344, 0.1682482361793518], "k_pid_vsp": [390.91925048828125, 213.0828094482422, 82.92086029052734]}, "datetime": {"datetime": "2025-08-20 11:56:48", "elapsed": 263.0548050403595, "delta": 22.784510135650635}, "costs": {"total_cost": 895.6939730333305, "time_cost": 150, "final_distance_cost": 71.18607276760657, "oscillation_cost": 363.41732270393857, "completition_cost": 222.2222222222222, "overshoot_cost": 50.857476500813064, "power_cost": 20.98216953125, "noise_cost": 17.02870930750021, "n_waypoints_completed": 7, "tot_waypoints": 9}}
{"target": -935.0354900537744, "params": {"k_pid_pos": [0.39045000076293945, 0.005872845649719238, 0.8035027980804443], "k_pid_alt": [1.8253110647201538, 0.7872345447540283, 0.7608948945999146], "k_pid_att": [13.322818756103516, 5.89917516708374, 0.3265385031700134], "k_pid_yaw": [0.5, 1e-06, 0.1], "k_pid_hsp": [8.69149112701416, 0.3310539126396179, 0.19560998678207397], "k_pid_vsp": [399.8608703613281, 174.912841796875, 102.73170471191406]}, "datetime": {"datetime": "2025-08-20 11:57:13", "elapsed": 287.9497539997101, "delta": 24.894948959350586}, "costs": {"total_cost": 935.0354900537744, "time_cost": 150, "final_distance_cost": 70.49332066663065, "oscillation_cost": 295.5937596671304, "completition_cost": 333.33333333333337, "overshoot_cost": 48.37971912814541, "power_cost": 21.648659777832034, "noise_cost": 15.586697480702421, "n_waypoints_completed": 6, "tot_waypoints": 9}}
{"target": -1526.2512282863377, "params": {"k_pid_pos": [0.10877225548028946, 0.24747291207313538, 0.9440897703170776], "k_pid_alt": [1.0825104713439941, 0.8313648104667664, 0.9269189238548279], "k_pid_att": [95.9742431640625, 1.2024368047714233, 0.031146705150604248], "k_pid_yaw": [0.5, 1e-06, 0.1], "k_pid_hsp": [8.91207504272461, 0.786941647529602, 0.49529656767845154], "k_pid_vsp": [400.0, 23.128820419311523, 68.7469482421875]}, "datetime": {"datetime": "2025-08-20 11:57:36", "elapsed": 311.29116320610046, "delta": 23.34140920639038}, "costs": {"total_cost": 1526.2512282863377, "time_cost": 150, "final_distance_cost": 88.82581505253209, "oscillation_cost": 429.971012868775, "completition_cost": 777.7777777777778, "overshoot_cost": 42.505772572482044, "power_cost": 20.945987121582032, "noise_cost": 16.224862893188565, "n_waypoints_completed": 2, "tot_waypoints": 9}}
{"target": -1907.3514405057467, "params": {"k_pid_pos": [1.1502563953399658, 0.7624991536140442, 0.9996004104614258], "k_pid_alt": [1.8650171756744385, 0.3167422413825989, 0.7866714000701904], "k_pid_att": [0.18630921840667725, 0.828991174697876, 0.07753917574882507], "k_pid_yaw": [0.5, 1e-06, 0.1], "k_pid_hsp": [7.734167575836182, 0.674484133720398, 0.6310573220252991], "k_pid_vsp": [0.0033020973205566406, 247.6735382080078, 136.41404724121094]}, "datetime": {"datetime": "2025-08-20 11:58:00", "elapsed": 334.6425702571869, "delta": 23.351407051086426}, "costs": {"total_cost": 1907.3514405057467, "time_cost": 150, "final_distance_cost": 65.51735460555585, "oscillation_cost": 357.8296981064761, "completition_cost": 1000.0, "overshoot_cost": 202.7996471986597, "power_cost": 33.87697137451172, "noise_cost": 97.32776922054364, "n_waypoints_completed": 0, "tot_waypoints": 9}}
{"target": -516.0150570462737, "params": {"k_pid_pos": [1.2387810945510864, 0.011187613010406494, 0.8709381818771362], "k_pid_alt": [0.3270866870880127, 0.34038686752319336, 0.43464767932891846], "k_pid_att": [92.88192749023438, 0.473217248916626, 0.24410676956176758], "k_pid_yaw": [0.5, 1e-06, 0.1], "k_pid_hsp": [9.362232208251953, 0.9988970756530762, 0.7628159523010254], "k_pid_vsp": [388.7424011230469, 287.544189453125, 266.8933410644531]}, "datetime": {"datetime": "2025-08-20 11:58:22", "elapsed": 357.0437362194061, "delta": 22.40116596221924}, "costs": {"total_cost": 516.0150570462737, "time_cost": 97.144, "final_distance_cost": 1.7720385027948864, "oscillation_cost": 318.60701895304345, "completition_cost": 0.0, "overshoot_cost": 60.74438742923675, "power_cost": 21.433781713867187, "noise_cost": 16.313830447331462, "n_waypoints_completed": 9, "tot_waypoints": 9}}
{"target": -780.4280069613479, "params": {"k_pid_pos": [0.8870545625686646, 0.26545271277427673, 0.000448077917098999], "k_pid_alt": [1.9358410835266113, 0.6552536487579346, 0.4217963218688965], "k_pid_att": [73.12528991699219, 2.207237720489502, 0.2764894962310791], "k_pid_yaw": [0.5, 1e-06, 0.1], "k_pid_hsp": [8.912221908569336, 0.407045841217041, 0.9071890711784363], "k_pid_vsp": [1.1920928955078125e-05, 293.93157958984375, 87.50294494628906]}, "datetime": {"datetime": "2025-08-20 11:58:45", "elapsed": 379.7119426727295, "delta": 22.668206453323364}, "costs": {"total_cost": 780.4280069613479, "time_cost": 150, "final_distance_cost": 71.96262605297103, "oscillation_cost": 248.9863256471811, "completition_cost": 222.2222222222222, "overshoot_cost": 50.72212625902748, "power_cost": 20.54867108154297, "noise_cost": 15.986035698403109, "n_waypoints_completed": 7, "tot_waypoints": 9}}
{"target": -468.9800655895812, "params": {"k_pid_pos": [0.820421576499939, 0.21046429872512817, 0.00021323561668395996], "k_pid_alt": [1.8783531188964844, 0.7437666058540344, 0.16296765208244324], "k_pid_att": [53.85693359375, 3.8940072059631348, 0.9216161966323853], "k_pid_yaw": [0.5, 1e-06, 0.1], "k_pid_hsp": [8.078300476074219, 0.18203729391098022, 0.9039283990859985], "k_pid_vsp": [0.0004887580871582031, 305.45343017578125, 118.83521270751953]}, "datetime": {"datetime": "2025-08-20 11:59:06", "elapsed": 401.36298871040344, "delta": 21.65104603767395}, "costs": {"total_cost": 468.9800655895812, "time_cost": 96.0, "final_distance_cost": 1.781091527328972, "oscillation_cost": 277.1472030763166, "completition_cost": 0.0, "overshoot_cost": 59.81973292646664, "power_cost": 19.481876538085938, "noise_cost": 14.750161521383061, "n_waypoints_completed": 9, "tot_waypoints": 9}}
{"target": -2328.003485555904, "params": {"k_pid_pos": [0.5860707759857178, 0.06730028986930847, 1.0], "k_pid_alt": [1.872567892074585, 0.8203601837158203, 0.8627635836601257], "k_pid_att": [71.52117919921875, 5.805503845214844, 0.6783989667892456], "k_pid_yaw": [0.5, 1e-06, 0.1], "k_pid_hsp": [7.452558517456055, 0.18460404872894287, 0.9981836080551147], "k_pid_vsp": [0.0016331672668457031, 40.53506851196289, 158.10714721679688]}, "datetime": {"datetime": "2025-08-20 11:59:29", "elapsed": 423.5978169441223, "delta": 22.234828233718872}, "costs": {"total_cost": 2328.003485555904, "time_cost": 150, "final_distance_cost": 366.7096691126447, "oscillation_cost": 404.8588079996663, "completition_cost": 888.8888888888888, "overshoot_cost": 477.8377639459467, "power_cost": 22.150486303710938, "noise_cost": 17.557869305046538, "n_waypoints_completed": 1, "tot_waypoints": 9}}
{"target": -841.0566432461482, "params": {"k_pid_pos": [1.0941884517669678, 0.2268640398979187, 0.8975058794021606], "k_pid_alt": [1.3759080171585083, 0.9832807779312134, 0.7634874582290649], "k_pid_att": [26.182348251342773, 0.04506589099764824, 0.6383334398269653], "k_pid_yaw": [0.5, 1e-06, 0.1], "k_pid_hsp": [5.927436828613281, 0.5088796615600586, 0.1903899908065796], "k_pid_vsp": [400.0, 330.1455383300781, 366.2569274902344]}, "datetime": {"datetime": "2025-08-20 11:59:50", "elapsed": 445.38125920295715, "delta": 21.78344225883484}, "costs": {"total_cost": 841.0566432461482, "time_cost": 150, "final_distance_cost": 74.31040920855386, "oscillation_cost": 307.32435947837575, "completition_cost": 222.2222222222222, "overshoot_cost": 52.848541256551705, "power_cost": 19.605563427734374, "noise_cost": 14.74554765271018, "n_waypoints_completed": 7, "tot_waypoints": 9}}
{"target": -2135.2158322062405, "params": {"k_pid_pos": [0.9473931193351746, 0.5284234881401062, 0.0], "k_pid_alt": [1.6177153587341309, 0.9477856159210205, 0.5506613254547119], "k_pid_att": [31.303966522216797, 5.201465129852295, 0.5908708572387695], "k_pid_yaw": [0.5, 1e-06, 0.1], "k_pid_hsp": [7.1790947914123535, 0.32986342906951904, 0.6699007153511047], "k_pid_vsp": [1.1920928955078125e-05, 132.41432189941406, 322.6943359375]}, "datetime": {"datetime": "2025-08-20 12:00:14", "elapsed": 468.700181722641, "delta": 23.318922519683838}, "costs": {"total_cost": 2135.2158322062405, "time_cost": 150, "final_distance_cost": 273.2683787495655, "oscillation_cost": 392.0960363681448, "completition_cost": 1000.0, "overshoot_cost": 288.8068887472563, "power_cost": 16.170878723144533, "noise_cost": 14.873649618129619, "n_waypoints_completed": 0, "tot_waypoints": 9}}
{"target": -1576.317425225425, "params": {"k_pid_pos": [1.7538608312606812, 0.8884705305099487, 0.6807743906974792], "k_pid_alt": [1.6298844814300537, 0.6857778429985046, 0.7682523727416992], "k_pid_att": [35.7502326965332, 4.4971184730529785, 0.8444114923477173], "k_pid_yaw": [0.5, 1e-06, 0.1], "k_pid_hsp": [6.594902992248535, 0.9909051656723022, 0.5701545476913452], "k_pid_vsp": [0.0, 342.8487548828125, 329.2545166015625]}, "datetime": {"datetime": "2025-08-20 12:00:38", "elapsed": 493.48520135879517, "delta": 24.785019636154175}, "costs": {"total_cost": 1576.317425225425, "time_cost": 150, "final_distance_cost": 65.21537072235036, "oscillation_cost": 338.2902325017653, "completition_cost": 888.8888888888888, "overshoot_cost": 84.11347793148354, "power_cost": 23.86121571044922, "noise_cost": 25.948239470487763, "n_waypoints_completed": 1, "tot_waypoints": 9}}
{"target": -1964.16519129574, "params": {"k_pid_pos": [0.9258954524993896, 0.46903181076049805, 0.0], "k_pid_alt": [1.9353680610656738, 0.8995229005813599, 0.46360668540000916], "k_pid_att": [9.599796295166016, 3.0887279510498047, 0.9046299457550049], "k_pid_yaw": [0.5, 1e-06, 0.1], "k_pid_hsp": [3.526108503341675, 0.13707441091537476, 0.1897810697555542], "k_pid_vsp": [55.8140983581543, 336.3415832519531, 390.30328369140625]}, "datetime": {"datetime": "2025-08-20 12:01:04", "elapsed": 518.5429005622864, "delta": 25.05769920349121}, "costs": {"total_cost": 1964.16519129574, "time_cost": 150, "final_distance_cost": 384.0978618967535, "oscillation_cost": 67.41368097778486, "completition_cost": 888.8888888888888, "overshoot_cost": 439.008759692725, "power_cost": 17.92503497314453, "noise_cost": 16.830964866443296, "n_waypoints_completed": 1, "tot_waypoints": 9}}
{"target": -766.4339971359921, "params": {"k_pid_pos": [1.6812424659729004, 0.08796632289886475, 0.9968411922454834], "k_pid_alt": [1.2890613079071045, 0.9936091899871826, 0.9325501918792725], "k_pid_att": [52.31033706665039, 2.065558433532715, 0.917614221572876], "k_pid_yaw": [0.5, 1e-06, 0.1], "k_pid_hsp": [2.139612913131714, 0.8038516044616699, 0.6040957570075989], "k_pid_vsp": [395.38067626953125, 175.44839477539062, 73.27535247802734]}, "datetime": {"datetime": "2025-08-20 12:01:28", "elapsed": 543.0212881565094, "delta": 24.478387594223022}, "costs": {"total_cost": 766.4339971359921, "time_cost": 150, "final_distance_cost": 74.23128032842529, "oscillation_cost": 234.53583359739497, "completition_cost": 222.2222222222222, "overshoot_cost": 48.47568409752168, "power_cost": 20.53631013183594, "noise_cost": 16.432666758591953, "n_waypoints_completed": 7, "tot_waypoints": 9}}
{"target": -617.6673613590564, "params": {"k_pid_pos": [0.5714872479438782, 0.4149481952190399, 1.1563301086425781e-05], "k_pid_alt": [1.1311410665512085, 0.9761067628860474, 0.7510708570480347], "k_pid_att": [53.334259033203125, 8.460304260253906, 0.545667827129364], "k_pid_yaw": [0.5, 1e-06, 0.1], "k_pid_hsp": [0.5662475824356079, 0.9455134868621826, 0.03650575876235962], "k_pid_vsp": [184.75112915039062, 345.1624755859375, 99.61363220214844]}, "datetime": {"datetime": "2025-08-20 12:01:53", "elapsed": 567.5562908649445, "delta": 24.53500270843506}, "costs": {"total_cost": 617.6673613590564, "time_cost": 150, "final_distance_cost": 63.19815089867479, "oscillation_cost": 91.41097834059502, "completition_cost": 222.2222222222222, "overshoot_cost": 50.854791645143294, "power_cost": 23.29306795654297, "noise_cost": 16.688150295878078, "n_waypoints_completed": 7, "tot_waypoints": 9}}
{"target": -1177.7236372837588, "params": {"k_pid_pos": [0.04031813144683838, 0.235376238822937, 1.4901161193847656e-07], "k_pid_alt": [0.4385221004486084, 0.2076452672481537, 0.5106313228607178], "k_pid_att": [71.44956970214844, 7.938446044921875, 0.5622450113296509], "k_pid_yaw": [0.5, 1e-06, 0.1], "k_pid_hsp": [1.7277075052261353, 0.006833851337432861, 0.16755110025405884], "k_pid_vsp": [400.0, 234.11598205566406, 132.62985229492188]}, "datetime": {"datetime": "2025-08-20 12:02:17", "elapsed": 591.84064245224, "delta": 24.284351587295532}, "costs": {"total_cost": 1177.7236372837588, "time_cost": 150, "final_distance_cost": 49.12739377322184, "oscillation_cost": 320.8241858405052, "completition_cost": 555.5555555555555, "overshoot_cost": 65.4976505966346, "power_cost": 20.515047460937502, "noise_cost": 16.203804056903877, "n_waypoints_completed": 4, "tot_waypoints": 9}}
