{"target": -519.1471537876643, "params": {"k_pid_pos": [1.842221736907959, 0.06486266851425171, 0.0005284249782562256], "k_pid_alt": [1.8666813373565674, 0.08562365174293518, 0.9824005365371704], "k_pid_att": [93.36264038085938, 0.07991071790456772, 0.9767191410064697], "k_pid_yaw": [0.5, 1e-06, 0.1], "k_pid_hsp": [2.101957321166992, 0.9833595752716064, 0.3360968828201294], "k_pid_vsp": [0.0003933906555175781, 392.8115234375, 73.7102279663086]}, "datetime": {"datetime": "2025-08-20 13:52:11", "elapsed": 7186.23237156868, "delta": 23.844427585601807}, "costs": {"total_cost": 519.1471537876643, "time_cost": 150, "final_distance_cost": 10.877261996961398, "oscillation_cost": 146.25560802703728, "completition_cost": 111.11111111111116, "overshoot_cost": 61.455854645528596, "power_cost": 21.903240686035158, "noise_cost": 17.544077320990706, "n_waypoints_completed": 8, "tot_waypoints": 9}}
{"target": -268.1600338333995, "params": {"k_pid_pos": [1.1678264141082764, 0.40540018677711487, 0.0], "k_pid_alt": [1.6599695682525635, 0.013491332530975342, 0.9780592918395996], "k_pid_att": [50.84746551513672, 0.2830067276954651, 0.9868614673614502], "k_pid_yaw": [0.5, 1e-06, 0.1], "k_pid_hsp": [9.230300903320312, 0.988189697265625, 0.09395673871040344], "k_pid_vsp": [399.9765930175781, 382.5201416015625, 62.87059783935547]}, "datetime": {"datetime": "2025-08-20 13:52:33", "elapsed": 7207.949870824814, "delta": 21.717499256134033}, "costs": {"total_cost": 268.1600338333995, "time_cost": 81.328, "final_distance_cost": 1.7556769285906004, "oscillation_cost": 104.48288403770331, "completition_cost": 0.0, "overshoot_cost": 51.800783095348855, "power_cost": 16.06898713378906, "noise_cost": 12.72370263796765, "n_waypoints_completed": 9, "tot_waypoints": 9}}
{"target": -971.2593183034261, "params": {"k_pid_pos": [1.9671502113342285, 0.06630289554595947, 0.9999990463256836], "k_pid_alt": [0.12879514694213867, 0.028645098209381104, 0.6655205488204956], "k_pid_att": [97.70018768310547, 6.369626522064209, 0.8903692960739136], "k_pid_yaw": [0.5, 1e-06, 0.1], "k_pid_hsp": [6.163452625274658, 0.8677756190299988, 0.12595736980438232], "k_pid_vsp": [400.0, 332.1535339355469, 109.05206298828125]}, "datetime": {"datetime": "2025-08-20 13:53:02", "elapsed": 7237.06213927269, "delta": 29.112268447875977}, "costs": {"total_cost": 971.2593183034261, "time_cost": 150, "final_distance_cost": 68.53673451701957, "oscillation_cost": 335.07760312252054, "completition_cost": 333.33333333333337, "overshoot_cost": 47.63345962701149, "power_cost": 21.003690197753908, "noise_cost": 15.674497505787238, "n_waypoints_completed": 6, "tot_waypoints": 9}}
{"target": -573.225564019351, "params": {"k_pid_pos": [1.8076006174087524, 0.2078687846660614, 2.086162567138672e-07], "k_pid_alt": [0.31382977962493896, 0.0723116397857666, 0.6866708993911743], "k_pid_att": [87.45004272460938, 2.073535203933716, 0.9603441953659058], "k_pid_yaw": [0.5, 1e-06, 0.1], "k_pid_hsp": [1.4873902797698975, 0.8900675773620605, 0.35215142369270325], "k_pid_vsp": [400.0, 360.17779541015625, 32.35539245605469]}, "datetime": {"datetime": "2025-08-20 13:53:29", "elapsed": 7263.943442583084, "delta": 26.881303310394287}, "costs": {"total_cost": 573.225564019351, "time_cost": 150, "final_distance_cost": 67.96618894969443, "oscillation_cost": 158.6161798269755, "completition_cost": 111.11111111111116, "overshoot_cost": 48.08152027066732, "power_cost": 21.452358215332033, "noise_cost": 15.998205645570573, "n_waypoints_completed": 8, "tot_waypoints": 9}}
{"target": -307.97056486428147, "params": {"k_pid_pos": [1.360498309135437, 0.5224555730819702, 0.0], "k_pid_alt": [0.8590583205223083, 0.022697746753692627, 0.8535802960395813], "k_pid_att": [96.98030853271484, 0.31044813990592957, 0.9555809497833252], "k_pid_yaw": [0.5, 1e-06, 0.1], "k_pid_hsp": [7.462132453918457, 0.8259028196334839, 0.0634273886680603], "k_pid_vsp": [0.1061558723449707, 385.4747314453125, 56.163848876953125]}, "datetime": {"datetime": "2025-08-20 13:53:57", "elapsed": 7291.655341863632, "delta": 27.711899280548096}, "costs": {"total_cost": 307.97056486428147, "time_cost": 98.528, "final_distance_cost": 1.7456669470385375, "oscillation_cost": 116.52806793689653, "completition_cost": 0.0, "overshoot_cost": 53.82150796974031, "power_cost": 21.489009509277345, "noise_cost": 15.858312501328719, "n_waypoints_completed": 9, "tot_waypoints": 9}}
{"target": -339.8211499833918, "params": {"k_pid_pos": [1.7396280765533447, 0.10060727596282959, 0.00032761693000793457], "k_pid_alt": [0.8559370040893555, 0.14296260476112366, 0.6738547086715698], "k_pid_att": [98.80167388916016, 0.08710194379091263, 0.9533048272132874], "k_pid_yaw": [0.5, 1e-06, 0.1], "k_pid_hsp": [8.0911865234375, 0.8520373106002808, 0.05819439888000488], "k_pid_vsp": [0.0, 388.5003967285156, 14.46595287322998]}, "datetime": {"datetime": "2025-08-20 13:54:26", "elapsed": 7320.867834568024, "delta": 29.21249270439148}, "costs": {"total_cost": 339.8211499833918, "time_cost": 94.76, "final_distance_cost": 1.7290014069482773, "oscillation_cost": 150.2676770618876, "completition_cost": 0.0, "overshoot_cost": 57.19854107686125, "power_cost": 20.629003869628907, "noise_cost": 15.236926568065789, "n_waypoints_completed": 9, "tot_waypoints": 9}}
{"target": -808.7373951482898, "params": {"k_pid_pos": [1.9359227418899536, 0.06310653686523438, 3.775954246520996e-05], "k_pid_alt": [0.47310495376586914, 0.0725589394569397, 0.7695321440696716], "k_pid_att": [72.97321319580078, 5.138263702392578, 0.9610668420791626], "k_pid_yaw": [0.5, 1e-06, 0.1], "k_pid_hsp": [0.7682704329490662, 0.9041633605957031, 0.08377081155776978], "k_pid_vsp": [400.0, 356.8190002441406, 9.332121849060059]}, "datetime": {"datetime": "2025-08-20 13:54:52", "elapsed": 7347.109313964844, "delta": 26.24147939682007}, "costs": {"total_cost": 808.7373951482898, "time_cost": 150, "final_distance_cost": 43.789233785940105, "oscillation_cost": 88.5443198493245, "completition_cost": 444.4444444444444, "overshoot_cost": 44.30458905606417, "power_cost": 21.05504443359375, "noise_cost": 16.599763578922907, "n_waypoints_completed": 5, "tot_waypoints": 9}}
{"target": -332.8696997559626, "params": {"k_pid_pos": [1.1649638414382935, 0.018147140741348267, 1.4603137969970703e-06], "k_pid_alt": [1.6320059299468994, 0.07068616151809692, 0.9812500476837158], "k_pid_att": [95.78428649902344, 4.369961738586426, 0.9802477955818176], "k_pid_yaw": [0.5, 1e-06, 0.1], "k_pid_hsp": [8.54583740234375, 0.5197268128395081, 0.1499447226524353], "k_pid_vsp": [400.0, 349.69268798828125, 30.635204315185547]}, "datetime": {"datetime": "2025-08-20 13:55:14", "elapsed": 7368.723944187164, "delta": 21.614630222320557}, "costs": {"total_cost": 332.8696997559626, "time_cost": 82.976, "final_distance_cost": 1.8254193945786845, "oscillation_cost": 165.94835374667835, "completition_cost": 0.0, "overshoot_cost": 50.816860488236756, "power_cost": 17.249457861328125, "noise_cost": 14.053608265140678, "n_waypoints_completed": 9, "tot_waypoints": 9}}
{"target": -370.504093609363, "params": {"k_pid_pos": [1.8347827196121216, 0.5130561590194702, 0.3432157635688782], "k_pid_alt": [1.0764859914779663, 0.04663288593292236, 0.9377229809761047], "k_pid_att": [74.62252044677734, 0.34744584560394287, 0.772030234336853], "k_pid_yaw": [0.5, 1e-06, 0.1], "k_pid_hsp": [9.856584548950195, 0.872434139251709, 0.10432705283164978], "k_pid_vsp": [383.1358337402344, 321.01025390625, 40.66712951660156]}, "datetime": {"datetime": "2025-08-20 13:55:38", "elapsed": 7393.036649942398, "delta": 24.312705755233765}, "costs": {"total_cost": 370.504093609363, "time_cost": 91.92, "final_distance_cost": 1.7532650402901306, "oscillation_cost": 190.30244896197954, "completition_cost": 0.0, "overshoot_cost": 51.83148245722152, "power_cost": 19.56645535888672, "noise_cost": 15.13044179098507, "n_waypoints_completed": 9, "tot_waypoints": 9}}
{"target": -807.8085345176282, "params": {"k_pid_pos": [1.5438706874847412, 0.5831001400947571, 0.0], "k_pid_alt": [0.5387317538261414, 0.075052410364151, 0.5817579030990601], "k_pid_att": [95.51919555664062, 3.8342339992523193, 0.9500049352645874], "k_pid_yaw": [0.5, 1e-06, 0.1], "k_pid_hsp": [9.098328590393066, 0.9308871626853943, 0.1912413239479065], "k_pid_vsp": [399.9999694824219, 345.6087646484375, 7.96108341217041]}, "datetime": {"datetime": "2025-08-20 13:56:05", "elapsed": 7420.282180070877, "delta": 27.245530128479004}, "costs": {"total_cost": 807.8085345176282, "time_cost": 150, "final_distance_cost": 77.19135375066033, "oscillation_cost": 166.9099827176917, "completition_cost": 333.33333333333337, "overshoot_cost": 43.11295099404028, "power_cost": 20.759073168945314, "noise_cost": 16.501840552957315, "n_waypoints_completed": 6, "tot_waypoints": 9}}
{"target": -607.5293283585662, "params": {"k_pid_pos": [1.9910717010498047, 0.29682493209838867, 0.0016157031059265137], "k_pid_alt": [0.2283792495727539, 0.031574755907058716, 0.8801008462905884], "k_pid_att": [79.80889892578125, 0.6154388189315796, 0.6545354723930359], "k_pid_yaw": [0.5, 1e-06, 0.1], "k_pid_hsp": [4.965677738189697, 0.8356856107711792, 0.010013312101364136], "k_pid_vsp": [400.0, 245.4549102783203, 64.69297790527344]}, "datetime": {"datetime": "2025-08-20 13:56:33", "elapsed": 7447.836170434952, "delta": 27.553990364074707}, "costs": {"total_cost": 607.5293283585662, "time_cost": 150, "final_distance_cost": 75.59699806462208, "oscillation_cost": 76.06422652229425, "completition_cost": 222.2222222222222, "overshoot_cost": 46.2014175939815, "power_cost": 21.68955313720703, "noise_cost": 15.754910818239138, "n_waypoints_completed": 7, "tot_waypoints": 9}}
{"target": -283.17977960644, "params": {"k_pid_pos": [1.8506876230239868, 0.1622847318649292, 0.0], "k_pid_alt": [0.33557868003845215, 0.11304226517677307, 0.725395143032074], "k_pid_att": [87.06977844238281, 0.09304387122392654, 0.9902629852294922], "k_pid_yaw": [0.5, 1e-06, 0.1], "k_pid_hsp": [9.701593399047852, 0.7891862988471985, 0.07985961437225342], "k_pid_vsp": [400.0, 300.358154296875, 7.848382949829102]}, "datetime": {"datetime": "2025-08-20 13:56:57", "elapsed": 7471.914366006851, "delta": 24.078195571899414}, "costs": {"total_cost": 283.17977960644, "time_cost": 96.19200000000001, "final_distance_cost": 1.7383618960311469, "oscillation_cost": 96.05735132344384, "completition_cost": 0.0, "overshoot_cost": 55.18461645925634, "power_cost": 18.373595715332034, "noise_cost": 15.633854212376583, "n_waypoints_completed": 9, "tot_waypoints": 9}}
{"target": -804.1974947620062, "params": {"k_pid_pos": [1.4256017208099365, 0.9724792242050171, 2.9802322387695312e-08], "k_pid_alt": [0.8010629415512085, 0.29294639825820923, 0.9769330024719238], "k_pid_att": [97.56980895996094, 0.07035619020462036, 0.9568217396736145], "k_pid_yaw": [0.5, 1e-06, 0.1], "k_pid_hsp": [3.7543044090270996, 0.9320036768913269, 0.0989411473274231], "k_pid_vsp": [400.0, 388.8646240234375, 5.777359962463379]}, "datetime": {"datetime": "2025-08-20 13:57:22", "elapsed": 7496.781737565994, "delta": 24.867371559143066}, "costs": {"total_cost": 804.1974947620062, "time_cost": 150, "final_distance_cost": 38.97435920165996, "oscillation_cost": 76.07900125322988, "completition_cost": 444.4444444444444, "overshoot_cost": 58.12440938051059, "power_cost": 20.123207385253906, "noise_cost": 16.4520730969076, "n_waypoints_completed": 5, "tot_waypoints": 9}}
{"target": -436.27296780871137, "params": {"k_pid_pos": [1.8296877145767212, 0.21318265795707703, 0.977055549621582], "k_pid_alt": [0.36958885192871094, 0.16745221614837646, 0.906693696975708], "k_pid_att": [94.2183837890625, 0.12309832125902176, 0.9735942482948303], "k_pid_yaw": [0.5, 1e-06, 0.1], "k_pid_hsp": [8.086981773376465, 0.8443378210067749, 0.1362329125404358], "k_pid_vsp": [400.0, 369.6046447753906, 22.674753189086914]}, "datetime": {"datetime": "2025-08-20 13:57:44", "elapsed": 7518.718320846558, "delta": 21.936583280563354}, "costs": {"total_cost": 436.27296780871137, "time_cost": 90.752, "final_distance_cost": 1.743537045728436, "oscillation_cost": 255.71164591321454, "completition_cost": 0.0, "overshoot_cost": 52.34189665940236, "power_cost": 20.20092724609375, "noise_cost": 15.522960944272327, "n_waypoints_completed": 9, "tot_waypoints": 9}}
{"target": -239.6240682526578, "params": {"k_pid_pos": [1.654232144355774, 0.448331356048584, 0.0], "k_pid_alt": [0.8050627112388611, 0.028591930866241455, 0.9536455273628235], "k_pid_att": [93.93211364746094, 0.2534112334251404, 0.9530684947967529], "k_pid_yaw": [0.5, 1e-06, 0.1], "k_pid_hsp": [6.193628311157227, 0.5584511160850525, 0.008594691753387451], "k_pid_vsp": [400.0, 366.7071838378906, 19.728412628173828]}, "datetime": {"datetime": "2025-08-20 13:58:06", "elapsed": 7540.800353765488, "delta": 22.082032918930054}, "costs": {"total_cost": 239.6240682526578, "time_cost": 90.76, "final_distance_cost": 1.790873594079658, "oscillation_cost": 59.400170893617165, "completition_cost": 0.0, "overshoot_cost": 55.21054407768992, "power_cost": 18.520880004882812, "noise_cost": 13.941599682388203, "n_waypoints_completed": 9, "tot_waypoints": 9}}
{"target": -426.5047115515124, "params": {"k_pid_pos": [1.7431097030639648, 0.302193820476532, 0.9999956488609314], "k_pid_alt": [1.4562668800354004, 0.09272432327270508, 0.8256247639656067], "k_pid_att": [94.16169738769531, 0.2425794005393982, 0.9635297060012817], "k_pid_yaw": [0.5, 1e-06, 0.1], "k_pid_hsp": [5.841708660125732, 0.6957117915153503, 0.8548474311828613], "k_pid_vsp": [400.0, 379.0077819824219, 156.7508544921875]}, "datetime": {"datetime": "2025-08-20 13:58:28", "elapsed": 7562.773242950439, "delta": 21.972889184951782}, "costs": {"total_cost": 426.5047115515124, "time_cost": 94.648, "final_distance_cost": 1.7500252500466005, "oscillation_cost": 239.4190713504971, "completition_cost": 0.0, "overshoot_cost": 52.70253617915468, "power_cost": 21.77171462402344, "noise_cost": 16.213364147790635, "n_waypoints_completed": 9, "tot_waypoints": 9}}
{"target": -351.06279641181635, "params": {"k_pid_pos": [1.8613414764404297, 0.43535611033439636, 1.0], "k_pid_alt": [0.45728766918182373, 0.04259812831878662, 0.9944000244140625], "k_pid_att": [98.16462707519531, 1.0608866214752197, 0.651270866394043], "k_pid_yaw": [0.5, 1e-06, 0.1], "k_pid_hsp": [4.91197395324707, 0.9330947399139404, 0.028081834316253662], "k_pid_vsp": [399.9249267578125, 304.6598205566406, 84.09205627441406]}, "datetime": {"datetime": "2025-08-20 13:58:51", "elapsed": 7586.1527094841, "delta": 23.37946653366089}, "costs": {"total_cost": 351.06279641181635, "time_cost": 93.248, "final_distance_cost": 1.8337719404504644, "oscillation_cost": 171.3570893958965, "completition_cost": 0.0, "overshoot_cost": 52.05780043068707, "power_cost": 18.262150219726564, "noise_cost": 14.303984425055747, "n_waypoints_completed": 9, "tot_waypoints": 9}}
{"target": -260.51711767220576, "params": {"k_pid_pos": [1.9197616577148438, 0.20558664202690125, 1.0], "k_pid_alt": [1.3469784259796143, 0.201019287109375, 0.953723669052124], "k_pid_att": [93.80781555175781, 1.8168271780014038, 0.8216416835784912], "k_pid_yaw": [0.5, 1e-06, 0.1], "k_pid_hsp": [6.416348934173584, 0.9676574468612671, 0.03884163498878479], "k_pid_vsp": [394.21759033203125, 379.1735534667969, 12.946356773376465]}, "datetime": {"datetime": "2025-08-20 13:59:12", "elapsed": 7606.5204083919525, "delta": 20.367698907852173}, "costs": {"total_cost": 260.51711767220576, "time_cost": 82.24, "final_distance_cost": 1.7455081650422828, "oscillation_cost": 97.39715261548722, "completition_cost": 0.0, "overshoot_cost": 50.76564149388485, "power_cost": 15.515562463378908, "noise_cost": 12.853252934412541, "n_waypoints_completed": 9, "tot_waypoints": 9}}
{"target": -1111.854841413511, "params": {"k_pid_pos": [1.8075437545776367, 0.10618841648101807, 0.9998945593833923], "k_pid_alt": [0.0610584020614624, 0.006412982940673828, 0.5843015313148499], "k_pid_att": [82.68570709228516, 2.069136381149292, 0.9392648935317993], "k_pid_yaw": [0.5, 1e-06, 0.1], "k_pid_hsp": [8.579038619995117, 0.9274191856384277, 0.0336766242980957], "k_pid_vsp": [399.4803771972656, 395.6702575683594, 16.029848098754883]}, "datetime": {"datetime": "2025-08-20 13:59:37", "elapsed": 7631.797003746033, "delta": 25.2765953540802}, "costs": {"total_cost": 1111.854841413511, "time_cost": 150, "final_distance_cost": 64.53921322260305, "oscillation_cost": 143.87368150778718, "completition_cost": 666.6666666666667, "overshoot_cost": 51.52197757820323, "power_cost": 19.6251646484375, "noise_cost": 15.628137789813284, "n_waypoints_completed": 3, "tot_waypoints": 9}}
{"target": -247.67389130231965, "params": {"k_pid_pos": [1.9598814249038696, 0.0747871994972229, 0.00020706653594970703], "k_pid_alt": [0.7554797530174255, 0.24444350600242615, 0.5673171877861023], "k_pid_att": [94.6945571899414, 0.4288029968738556, 0.9972381591796875], "k_pid_yaw": [0.5, 1e-06, 0.1], "k_pid_hsp": [6.8933868408203125, 0.9734295606613159, 0.05021864175796509], "k_pid_vsp": [399.99957275390625, 382.2173156738281, 42.72495651245117]}, "datetime": {"datetime": "2025-08-20 13:59:58", "elapsed": 7652.6097729206085, "delta": 20.812769174575806}, "costs": {"total_cost": 247.67389130231965, "time_cost": 83.456, "final_distance_cost": 1.7291047284586991, "oscillation_cost": 75.1427993185648, "completition_cost": 0.0, "overshoot_cost": 53.36154787963349, "power_cost": 19.42102498779297, "noise_cost": 14.56341438786969, "n_waypoints_completed": 9, "tot_waypoints": 9}}
{"target": -201.34643671763712, "params": {"k_pid_pos": [1.9667325019836426, 0.08655035495758057, 0.0], "k_pid_alt": [1.8027451038360596, 0.058800071477890015, 0.7987791299819946], "k_pid_att": [93.81517028808594, 0.307350218296051, 0.9941247701644897], "k_pid_yaw": [0.5, 1e-06, 0.1], "k_pid_hsp": [3.1625070571899414, 0.9621749520301819, 0.005456477403640747], "k_pid_vsp": [399.24200439453125, 367.69677734375, 16.62254524230957]}, "datetime": {"datetime": "2025-08-20 14:00:15", "elapsed": 7670.045499324799, "delta": 17.435726404190063}, "costs": {"total_cost": 201.34643671763712, "time_cost": 71.152, "final_distance_cost": 1.764807040795053, "oscillation_cost": 53.09704404049123, "completition_cost": 0.0, "overshoot_cost": 51.56927361397409, "power_cost": 12.989853710937501, "noise_cost": 10.77345831143925, "n_waypoints_completed": 9, "tot_waypoints": 9}}
{"target": -328.37476813412445, "params": {"k_pid_pos": [0.3775255084037781, 0.3461337685585022, 1.1026859283447266e-05], "k_pid_alt": [1.8678085803985596, 0.02959984540939331, 0.5077807903289795], "k_pid_att": [90.32139587402344, 0.3174980878829956, 0.6392180919647217], "k_pid_yaw": [0.5, 1e-06, 0.1], "k_pid_hsp": [9.03408145904541, 0.820589542388916, 0.10377144813537598], "k_pid_vsp": [400.0, 385.4137878417969, 74.35154724121094]}, "datetime": {"datetime": "2025-08-20 14:00:38", "elapsed": 7692.628033161163, "delta": 22.582533836364746}, "costs": {"total_cost": 328.37476813412445, "time_cost": 83.83200000000001, "final_distance_cost": 1.7927006342940552, "oscillation_cost": 160.68201726621066, "completition_cost": 0.0, "overshoot_cost": 51.51907672740296, "power_cost": 16.49106610107422, "noise_cost": 14.057907405142492, "n_waypoints_completed": 9, "tot_waypoints": 9}}
{"target": -937.6585596342268, "params": {"k_pid_pos": [0.5346061587333679, 0.6055204272270203, 0.6665834784507751], "k_pid_alt": [0.5071933269500732, 0.05549502372741699, 0.9216903448104858], "k_pid_att": [94.3497085571289, 0.34388598799705505, 0.9772156476974487], "k_pid_yaw": [0.5, 1e-06, 0.1], "k_pid_hsp": [9.644853591918945, 0.9586860537528992, 0.17768794298171997], "k_pid_vsp": [399.7160949707031, 307.0084228515625, 72.6343765258789]}, "datetime": {"datetime": "2025-08-20 14:01:05", "elapsed": 7720.265313625336, "delta": 27.637280464172363}, "costs": {"total_cost": 937.6585596342268, "time_cost": 150, "final_distance_cost": 73.0631880644347, "oscillation_cost": 301.91919359415965, "completition_cost": 333.33333333333337, "overshoot_cost": 40.52220932892855, "power_cost": 22.042989453125003, "noise_cost": 16.777645860245567, "n_waypoints_completed": 6, "tot_waypoints": 9}}
{"target": -381.0575381025654, "params": {"k_pid_pos": [1.6111279726028442, 0.08295971155166626, 0.9999593496322632], "k_pid_alt": [1.5923482179641724, 0.06239008903503418, 0.9114491939544678], "k_pid_att": [85.41978454589844, 1.6028635501861572, 0.9589602947235107], "k_pid_yaw": [0.5, 1e-06, 0.1], "k_pid_hsp": [9.900596618652344, 0.9926148653030396, 0.1937084197998047], "k_pid_vsp": [400.0, 283.6466979980469, 61.123870849609375]}, "datetime": {"datetime": "2025-08-20 14:01:28", "elapsed": 7742.7858209609985, "delta": 22.520507335662842}, "costs": {"total_cost": 381.0575381025654, "time_cost": 80.512, "final_distance_cost": 1.8497578629897544, "oscillation_cost": 216.95463731274515, "completition_cost": 0.0, "overshoot_cost": 50.49417446762994, "power_cost": 17.15471442871094, "noise_cost": 14.092254030489627, "n_waypoints_completed": 9, "tot_waypoints": 9}}
{"target": -691.7991769688432, "params": {"k_pid_pos": [1.848679780960083, 0.0009091496467590332, 1.6808509826660156e-05], "k_pid_alt": [0.42637062072753906, 0.11585026979446411, 0.9748451709747314], "k_pid_att": [97.36885070800781, 0.6836714148521423, 0.9603444337844849], "k_pid_yaw": [0.5, 1e-06, 0.1], "k_pid_hsp": [1.6904112100601196, 0.9513183236122131, 0.16920602321624756], "k_pid_vsp": [333.9195251464844, 301.0880126953125, 22.461273193359375]}, "datetime": {"datetime": "2025-08-20 14:01:54", "elapsed": 7769.112620592117, "delta": 26.326799631118774}, "costs": {"total_cost": 691.7991769688432, "time_cost": 150, "final_distance_cost": 65.42162334346848, "oscillation_cost": 168.3476632078028, "completition_cost": 222.2222222222222, "overshoot_cost": 46.447511489279336, "power_cost": 22.637051110839845, "noise_cost": 16.7231055952306, "n_waypoints_completed": 7, "tot_waypoints": 9}}
