{"target": -706.4086864167136, "params": {"k_pid_pos": [1.816275715827942, 0.2516425848007202, 0.002707242965698242], "k_pid_alt": [0.3301602602005005, 0.11834949254989624, 0.7657414674758911], "k_pid_att": [98.17119598388672, 8.940390586853027, 0.9366872906684875], "k_pid_yaw": [0.5, 1e-06, 0.1], "k_pid_hsp": [2.4929909706115723, 0.05099943280220032, 0.7741081714630127], "k_pid_vsp": [5.738234519958496, 240.49810791015625, 14.395118713378906]}, "datetime": {"datetime": "2025-08-20 12:20:13", "elapsed": 1668.0789210796356, "delta": 21.910815954208374}, "costs": {"total_cost": 706.4086864167136, "time_cost": 150, "final_distance_cost": 71.79732745763148, "oscillation_cost": 166.64950672496167, "completition_cost": 222.2222222222222, "overshoot_cost": 57.52794209198112, "power_cost": 22.363522412109376, "noise_cost": 15.848165507807806, "n_waypoints_completed": 7, "tot_waypoints": 9}}
{"target": -1458.1757600270485, "params": {"k_pid_pos": [1.6857424974441528, 0.9559603929519653, 0.019576728343963623], "k_pid_alt": [1.307240605354309, 0.5686460137367249, 0.9541585445404053], "k_pid_att": [25.652158737182617, 1.8087399005889893, 0.8039358258247375], "k_pid_yaw": [0.5, 1e-06, 0.1], "k_pid_hsp": [7.476508617401123, 0.7280690670013428, 0.6337353587150574], "k_pid_vsp": [0.02162456512451172, 229.14453125, 368.9452209472656]}, "datetime": {"datetime": "2025-08-20 12:20:35", "elapsed": 1689.6770513057709, "delta": 21.598130226135254}, "costs": {"total_cost": 1458.1757600270485, "time_cost": 150, "final_distance_cost": 11.061591896827762, "oscillation_cost": 67.23268861560624, "completition_cost": 1000.0, "overshoot_cost": 138.17074941175517, "power_cost": 21.92014110107422, "noise_cost": 69.79058900178507, "n_waypoints_completed": 0, "tot_waypoints": 9}}
{"target": -716.1542967343506, "params": {"k_pid_pos": [1.40273916721344, 0.5704140067100525, 1.0], "k_pid_alt": [1.9546287059783936, 0.731953501701355, 0.8925641775131226], "k_pid_att": [94.04796600341797, 8.892983436584473, 0.6916840076446533], "k_pid_yaw": [0.5, 1e-06, 0.1], "k_pid_hsp": [2.5731940269470215, 0.6869757771492004, 0.2711358964443207], "k_pid_vsp": [399.9983215332031, 70.05517578125, 349.11016845703125]}, "datetime": {"datetime": "2025-08-20 12:20:57", "elapsed": 1711.5485982894897, "delta": 21.871546983718872}, "costs": {"total_cost": 716.1542967343506, "time_cost": 150, "final_distance_cost": 65.96880310026323, "oscillation_cost": 293.2587462775323, "completition_cost": 111.11111111111116, "overshoot_cost": 56.329447650968476, "power_cost": 22.786521911621094, "noise_cost": 16.699666682854257, "n_waypoints_completed": 8, "tot_waypoints": 9}}
{"target": -1128.4449730691547, "params": {"k_pid_pos": [0.8817431926727295, 0.5306763052940369, 0.014224350452423096], "k_pid_alt": [0.11898535490036011, 0.4663163125514984, 0.9232968688011169], "k_pid_att": [52.83315658569336, 1.8007838726043701, 0.7515568733215332], "k_pid_yaw": [0.5, 1e-06, 0.1], "k_pid_hsp": [1.5205104351043701, 0.15868490934371948, 0.597467303276062], "k_pid_vsp": [274.1543884277344, 151.8582763671875, 74.6917724609375]}, "datetime": {"datetime": "2025-08-20 12:21:18", "elapsed": 1733.112298965454, "delta": 21.563700675964355}, "costs": {"total_cost": 1128.4449730691547, "time_cost": 150, "final_distance_cost": 57.666629494954044, "oscillation_cost": 148.12055888436132, "completition_cost": 666.6666666666667, "overshoot_cost": 65.10248886031056, "power_cost": 23.86683620605469, "noise_cost": 17.021792956807598, "n_waypoints_completed": 3, "tot_waypoints": 9}}
{"target": -1572.8813283272061, "params": {"k_pid_pos": [0.9699696898460388, 0.41613250970840454, 0.9999997615814209], "k_pid_alt": [1.3060824871063232, 0.3264545202255249, 0.9168583154678345], "k_pid_att": [7.687375068664551, 0.4975425601005554, 0.18362578749656677], "k_pid_yaw": [0.5, 1e-06, 0.1], "k_pid_hsp": [1.790886640548706, 0.33218932151794434, 0.8424468040466309], "k_pid_vsp": [0.22908449172973633, 52.91423797607422, 190.411865234375]}, "datetime": {"datetime": "2025-08-20 12:21:40", "elapsed": 1754.5923173427582, "delta": 21.480018377304077}, "costs": {"total_cost": 1572.8813283272061, "time_cost": 150, "final_distance_cost": 29.901350313463826, "oscillation_cost": 281.2486345774246, "completition_cost": 1000.0, "overshoot_cost": 101.65655359960911, "power_cost": 2.7994123901367187, "noise_cost": 7.275377446571833, "n_waypoints_completed": 0, "tot_waypoints": 9}}
{"target": -679.7248320312065, "params": {"k_pid_pos": [1.6810863018035889, 0.38299065828323364, 1.0], "k_pid_alt": [1.6456129550933838, 0.907530665397644, 0.17760664224624634], "k_pid_att": [78.98351287841797, 7.213773250579834, 0.5395739078521729], "k_pid_yaw": [0.5, 1e-06, 0.1], "k_pid_hsp": [6.7591633796691895, 0.2804890275001526, 0.4193492531776428], "k_pid_vsp": [392.9769592285156, 276.0715026855469, 67.31867980957031]}, "datetime": {"datetime": "2025-08-20 12:22:02", "elapsed": 1776.5775728225708, "delta": 21.985255479812622}, "costs": {"total_cost": 679.7248320312065, "time_cost": 150, "final_distance_cost": 14.16785914782986, "oscillation_cost": 306.0831344281943, "completition_cost": 111.11111111111116, "overshoot_cost": 58.79542646486119, "power_cost": 21.754706018066408, "noise_cost": 17.812594861143555, "n_waypoints_completed": 8, "tot_waypoints": 9}}
{"target": -996.873404962737, "params": {"k_pid_pos": [1.5560054779052734, 0.6146594285964966, 0.997178316116333], "k_pid_alt": [1.3913872241973877, 0.9884410500526428, 0.6706842184066772], "k_pid_att": [14.432883262634277, 3.1354713439941406, 0.1267451047897339], "k_pid_yaw": [0.5, 1e-06, 0.1], "k_pid_hsp": [9.405531883239746, 0.22545713186264038, 0.9036599397659302], "k_pid_vsp": [399.9999084472656, 193.5608673095703, 324.1949462890625]}, "datetime": {"datetime": "2025-08-20 12:22:23", "elapsed": 1797.9394028186798, "delta": 21.36182999610901}, "costs": {"total_cost": 996.873404962737, "time_cost": 150, "final_distance_cost": 65.51690763777134, "oscillation_cost": 359.7693939486614, "completition_cost": 333.33333333333337, "overshoot_cost": 50.97416490002309, "power_cost": 21.191161560058596, "noise_cost": 16.088443582889226, "n_waypoints_completed": 6, "tot_waypoints": 9}}
{"target": -1180.2911809180562, "params": {"k_pid_pos": [1.5869709253311157, 0.22357964515686035, 0.0], "k_pid_alt": [0.48370665311813354, 0.19321411848068237, 0.9376578330993652], "k_pid_att": [88.04717254638672, 3.4890031814575195, 0.681143581867218], "k_pid_yaw": [0.5, 1e-06, 0.1], "k_pid_hsp": [8.194929122924805, 0.15954911708831787, 0.4381113350391388], "k_pid_vsp": [0.0, 224.95608520507812, 320.4274597167969]}, "datetime": {"datetime": "2025-08-20 12:22:44", "elapsed": 1819.4564745426178, "delta": 21.51707172393799}, "costs": {"total_cost": 1180.2911809180562, "time_cost": 150, "final_distance_cost": 43.676356367611085, "oscillation_cost": 284.410809963854, "completition_cost": 555.5555555555555, "overshoot_cost": 103.22362836986548, "power_cost": 19.159635974121095, "noise_cost": 24.26519468704893, "n_waypoints_completed": 4, "tot_waypoints": 9}}
{"target": -977.3160015577449, "params": {"k_pid_pos": [1.642368197441101, 0.8442808985710144, 0.9999972581863403], "k_pid_alt": [1.3489511013031006, 0.6513259410858154, 0.2674674391746521], "k_pid_att": [70.10315704345703, 9.000792503356934, 0.4530850648880005], "k_pid_yaw": [0.5, 1e-06, 0.1], "k_pid_hsp": [4.176855564117432, 0.8505486249923706, 0.8684960603713989], "k_pid_vsp": [399.886474609375, 87.27287292480469, 349.5283203125]}, "datetime": {"datetime": "2025-08-20 12:23:06", "elapsed": 1841.278000831604, "delta": 21.821526288986206}, "costs": {"total_cost": 977.3160015577449, "time_cost": 150, "final_distance_cost": 52.77383248698249, "oscillation_cost": 229.13985480188063, "completition_cost": 444.4444444444444, "overshoot_cost": 58.74045804017864, "power_cost": 23.561344140625, "noise_cost": 18.656067643633676, "n_waypoints_completed": 5, "tot_waypoints": 9}}
{"target": -1087.2097518582614, "params": {"k_pid_pos": [0.115155890583992, 0.9837315082550049, 1.0], "k_pid_alt": [1.1306257247924805, 0.04213938117027283, 0.03303426504135132], "k_pid_att": [66.91266632080078, 1.7949984073638916, 0.7996196150779724], "k_pid_yaw": [0.5, 1e-06, 0.1], "k_pid_hsp": [3.80143141746521, 0.5742048025131226, 0.9891979098320007], "k_pid_vsp": [400.0, 284.2098083496094, 262.25457763671875]}, "datetime": {"datetime": "2025-08-20 12:23:28", "elapsed": 1862.571916103363, "delta": 21.293915271759033}, "costs": {"total_cost": 1087.2097518582614, "time_cost": 150, "final_distance_cost": 38.44765051132051, "oscillation_cost": 240.40164780094884, "completition_cost": 555.5555555555555, "overshoot_cost": 64.65163328487404, "power_cost": 22.02532344970703, "noise_cost": 16.127941255855426, "n_waypoints_completed": 4, "tot_waypoints": 9}}
{"target": -753.9310960694428, "params": {"k_pid_pos": [1.6544040441513062, 0.9159673452377319, 0.6681175231933594], "k_pid_alt": [1.0787920951843262, 0.8459005951881409, 0.8559705018997192], "k_pid_att": [66.63298797607422, 0.22367091476917267, 0.5638024806976318], "k_pid_yaw": [0.5, 1e-06, 0.1], "k_pid_hsp": [6.038602828979492, 0.35995250940322876, 0.24981418251991272], "k_pid_vsp": [399.998046875, 274.1250915527344, 209.44882202148438]}, "datetime": {"datetime": "2025-08-20 12:23:49", "elapsed": 1884.3495678901672, "delta": 21.7776517868042}, "costs": {"total_cost": 753.9310960694428, "time_cost": 150, "final_distance_cost": 74.48079019169329, "oscillation_cost": 211.15463834411892, "completition_cost": 222.2222222222222, "overshoot_cost": 57.53647935058405, "power_cost": 21.595106018066407, "noise_cost": 16.941859942757898, "n_waypoints_completed": 7, "tot_waypoints": 9}}
{"target": -468.74169323756047, "params": {"k_pid_pos": [1.2758352756500244, 0.44915443658828735, 1.0], "k_pid_alt": [1.3459264039993286, 0.5316194295883179, 0.6205086708068848], "k_pid_att": [53.20477294921875, 7.931247234344482, 0.10075885057449341], "k_pid_yaw": [0.5, 1e-06, 0.1], "k_pid_hsp": [8.215864181518555, 0.9462695121765137, 0.3996032178401947], "k_pid_vsp": [396.3373718261719, 172.55764770507812, 58.848453521728516]}, "datetime": {"datetime": "2025-08-20 12:24:10", "elapsed": 1905.0466613769531, "delta": 20.69709348678589}, "costs": {"total_cost": 468.74169323756047, "time_cost": 93.248, "final_distance_cost": 1.7449414414630668, "oscillation_cost": 283.87972880129325, "completition_cost": 0.0, "overshoot_cost": 54.88476673573083, "power_cost": 19.987102307128907, "noise_cost": 14.997153951944426, "n_waypoints_completed": 9, "tot_waypoints": 9}}
{"target": -1225.948374636582, "params": {"k_pid_pos": [0.2941974699497223, 0.7536991834640503, 0.9999991655349731], "k_pid_alt": [0.5096807479858398, 0.11708474159240723, 0.828816831111908], "k_pid_att": [70.23554229736328, 9.781548500061035, 0.13945230841636658], "k_pid_yaw": [0.5, 1e-06, 0.1], "k_pid_hsp": [0.9775044918060303, 0.8396809697151184, 0.34428659081459045], "k_pid_vsp": [0.0011801719665527344, 295.541015625, 130.07998657226562]}, "datetime": {"datetime": "2025-08-20 12:24:31", "elapsed": 1926.3759682178497, "delta": 21.329306840896606}, "costs": {"total_cost": 1225.948374636582, "time_cost": 150, "final_distance_cost": 55.06574561802838, "oscillation_cost": 267.29841186216987, "completition_cost": 666.6666666666667, "overshoot_cost": 49.55713645880201, "power_cost": 21.086697766113282, "noise_cost": 16.27371626480166, "n_waypoints_completed": 3, "tot_waypoints": 9}}
{"target": -1223.509317472828, "params": {"k_pid_pos": [1.6685171127319336, 0.6037816405296326, 1.0], "k_pid_alt": [0.9469721913337708, 0.1872602105140686, 0.835127592086792], "k_pid_att": [63.656734466552734, 4.94177770614624, 0.07714188098907471], "k_pid_yaw": [0.5, 1e-06, 0.1], "k_pid_hsp": [6.326153755187988, 0.865994930267334, 0.1609586775302887], "k_pid_vsp": [0.0027894973754882812, 141.90640258789062, 131.5568389892578]}, "datetime": {"datetime": "2025-08-20 12:24:53", "elapsed": 1948.315058708191, "delta": 21.939090490341187}, "costs": {"total_cost": 1223.509317472828, "time_cost": 150, "final_distance_cost": 37.64128087533043, "oscillation_cost": 339.45317840315886, "completition_cost": 555.5555555555555, "overshoot_cost": 95.96252940299219, "power_cost": 23.48043717041016, "noise_cost": 21.41633606538087, "n_waypoints_completed": 4, "tot_waypoints": 9}}
{"target": -1294.0585517981983, "params": {"k_pid_pos": [0.2981855571269989, 0.37295493483543396, 0.9999074339866638], "k_pid_alt": [0.9534217715263367, 0.2181011438369751, 0.2353145182132721], "k_pid_att": [31.695186614990234, 3.9106075763702393, 0.8428247570991516], "k_pid_yaw": [0.5, 1e-06, 0.1], "k_pid_hsp": [2.1554136276245117, 0.9144582748413086, 0.8986786603927612], "k_pid_vsp": [155.81927490234375, 382.20611572265625, 370.9208068847656]}, "datetime": {"datetime": "2025-08-20 12:25:15", "elapsed": 1969.5073697566986, "delta": 21.19231104850769}, "costs": {"total_cost": 1294.0585517981983, "time_cost": 150, "final_distance_cost": 81.90073018783117, "oscillation_cost": 308.7950449531595, "completition_cost": 666.6666666666667, "overshoot_cost": 53.12580579899828, "power_cost": 18.710677307128908, "noise_cost": 14.859626884413622, "n_waypoints_completed": 3, "tot_waypoints": 9}}
{"target": -1983.586213702378, "params": {"k_pid_pos": [0.8334153890609741, 0.5121943950653076, 1.0], "k_pid_alt": [1.0390236377716064, 0.490575909614563, 0.6632367372512817], "k_pid_att": [84.9189224243164, 9.231078147888184, 0.24834156036376953], "k_pid_yaw": [0.5, 1e-06, 0.1], "k_pid_hsp": [4.778510093688965, 0.9232593774795532, 0.9286056160926819], "k_pid_vsp": [0.014805793762207031, 232.15281677246094, 271.3162841796875]}, "datetime": {"datetime": "2025-08-20 12:25:36", "elapsed": 1990.9003958702087, "delta": 21.393026113510132}, "costs": {"total_cost": 1983.586213702378, "time_cost": 150, "final_distance_cost": 154.95718923660115, "oscillation_cost": 382.86225068791197, "completition_cost": 1000.0, "overshoot_cost": 261.48192183159176, "power_cost": 18.783970703125, "noise_cost": 15.500881243148006, "n_waypoints_completed": 0, "tot_waypoints": 9}}
{"target": -1496.1004178796013, "params": {"k_pid_pos": [1.6390730142593384, 0.17295247316360474, 0.13627099990844727], "k_pid_alt": [0.5062915682792664, 0.2899864912033081, 0.1086222231388092], "k_pid_att": [57.921451568603516, 9.597146034240723, 0.08832770586013794], "k_pid_yaw": [0.5, 1e-06, 0.1], "k_pid_hsp": [1.6326555013656616, 0.15664386749267578, 0.049471765756607056], "k_pid_vsp": [0.1685500144958496, 221.7075653076172, 330.6768493652344]}, "datetime": {"datetime": "2025-08-20 12:25:57", "elapsed": 2012.4753880500793, "delta": 21.574992179870605}, "costs": {"total_cost": 1496.1004178796013, "time_cost": 150, "final_distance_cost": 127.47080268965676, "oscillation_cost": 312.10431477257697, "completition_cost": 777.7777777777778, "overshoot_cost": 84.4462935970582, "power_cost": 23.94347430419922, "noise_cost": 20.35775473833228, "n_waypoints_completed": 2, "tot_waypoints": 9}}
{"target": -804.726197149294, "params": {"k_pid_pos": [0.8722710609436035, 0.4150136411190033, 0.0], "k_pid_alt": [1.4553221464157104, 0.19288647174835205, 0.12824419140815735], "k_pid_att": [49.95774459838867, 6.216805934906006, 0.7229692935943604], "k_pid_yaw": [0.5, 1e-06, 0.1], "k_pid_hsp": [9.329001426696777, 0.22419342398643494, 0.9754096269607544], "k_pid_vsp": [400.0, 341.5026550292969, 152.75950622558594]}, "datetime": {"datetime": "2025-08-20 12:26:19", "elapsed": 2033.9892647266388, "delta": 21.51387667655945}, "costs": {"total_cost": 804.726197149294, "time_cost": 150, "final_distance_cost": 70.98898661325971, "oscillation_cost": 276.5286806375192, "completition_cost": 222.2222222222222, "overshoot_cost": 45.47730185344264, "power_cost": 23.0524740234375, "noise_cost": 16.456531799412634, "n_waypoints_completed": 7, "tot_waypoints": 9}}
{"target": -1171.5205796084451, "params": {"k_pid_pos": [1.1026113033294678, 0.7448434233665466, 0.9999709129333496], "k_pid_alt": [0.4754354953765869, 0.01982608437538147, 0.621039867401123], "k_pid_att": [82.66624450683594, 2.909334659576416, 0.11524197459220886], "k_pid_yaw": [0.5, 1e-06, 0.1], "k_pid_hsp": [3.75492000579834, 0.8909054398536682, 0.1829380989074707], "k_pid_vsp": [396.67486572265625, 243.91851806640625, 390.19366455078125]}, "datetime": {"datetime": "2025-08-20 12:26:40", "elapsed": 2055.288051843643, "delta": 21.298787117004395}, "costs": {"total_cost": 1171.5205796084451, "time_cost": 150, "final_distance_cost": 46.41838475367125, "oscillation_cost": 338.1322214886224, "completition_cost": 555.5555555555555, "overshoot_cost": 41.29350272452597, "power_cost": 22.910556164550783, "noise_cost": 17.210358921518907, "n_waypoints_completed": 4, "tot_waypoints": 9}}
{"target": -1090.806191732768, "params": {"k_pid_pos": [1.7816399335861206, 0.8032224178314209, 0.010151326656341553], "k_pid_alt": [0.757035493850708, 0.21025699377059937, 0.9508857131004333], "k_pid_att": [18.359455108642578, 3.4479172229766846, 0.9302729368209839], "k_pid_yaw": [0.5, 1e-06, 0.1], "k_pid_hsp": [3.2868876457214355, 0.6526902318000793, 0.5706549882888794], "k_pid_vsp": [283.6129455566406, 154.33718872070312, 363.0390319824219]}, "datetime": {"datetime": "2025-08-20 12:27:03", "elapsed": 2077.601748943329, "delta": 22.31369709968567}, "costs": {"total_cost": 1090.806191732768, "time_cost": 150, "final_distance_cost": 86.22521942146871, "oscillation_cost": 86.22140102088397, "completition_cost": 666.6666666666667, "overshoot_cost": 61.65588235119614, "power_cost": 22.650057946777345, "noise_cost": 17.386964325774812, "n_waypoints_completed": 3, "tot_waypoints": 9}}
{"target": -1116.0816941939836, "params": {"k_pid_pos": [1.8258413076400757, 0.30834856629371643, 0.0], "k_pid_alt": [0.8945414423942566, 0.10591751337051392, 0.29573705792427063], "k_pid_att": [26.131454467773438, 4.844890117645264, 0.8692286610603333], "k_pid_yaw": [0.5, 1e-06, 0.1], "k_pid_hsp": [4.326108455657959, 0.46272462606430054, 0.5030586123466492], "k_pid_vsp": [400.0, 213.77325439453125, 321.80145263671875]}, "datetime": {"datetime": "2025-08-20 12:27:24", "elapsed": 2098.687975883484, "delta": 21.08622694015503}, "costs": {"total_cost": 1116.0816941939836, "time_cost": 150, "final_distance_cost": 45.361416135691165, "oscillation_cost": 276.1969544656845, "completition_cost": 555.5555555555555, "overshoot_cost": 52.45009312296474, "power_cost": 21.280532446289065, "noise_cost": 15.237142467798558, "n_waypoints_completed": 4, "tot_waypoints": 9}}
{"target": -346.62217447794336, "params": {"k_pid_pos": [0.8035241961479187, 0.2580846846103668, 5.662441253662109e-07], "k_pid_alt": [1.8609496355056763, 0.015804022550582886, 0.931269109249115], "k_pid_att": [28.7869873046875, 6.97804069519043, 0.792536735534668], "k_pid_yaw": [0.5, 1e-06, 0.1], "k_pid_hsp": [5.872149467468262, 0.6496004462242126, 0.9863793849945068], "k_pid_vsp": [400.0, 270.6478576660156, 153.51324462890625]}, "datetime": {"datetime": "2025-08-20 12:27:41", "elapsed": 2115.8233981132507, "delta": 17.135422229766846}, "costs": {"total_cost": 346.62217447794336, "time_cost": 80.168, "final_distance_cost": 1.7126815669132214, "oscillation_cost": 186.0539754870235, "completition_cost": 0.0, "overshoot_cost": 52.90784551377309, "power_cost": 14.306246533203126, "noise_cost": 11.473425377030386, "n_waypoints_completed": 9, "tot_waypoints": 9}}
{"target": -1052.0443633808175, "params": {"k_pid_pos": [0.5329369902610779, 0.7669496536254883, 0.009936004877090454], "k_pid_alt": [0.006196022033691406, 0.22292867302894592, 0.5959057807922363], "k_pid_att": [73.53079223632812, 8.890356063842773, 0.6496559977531433], "k_pid_yaw": [0.5, 1e-06, 0.1], "k_pid_hsp": [5.272045612335205, 0.6795161962509155, 0.2532185912132263], "k_pid_vsp": [0.0028014183044433594, 341.94537353515625, 125.61387634277344]}, "datetime": {"datetime": "2025-08-20 12:28:03", "elapsed": 2137.5941762924194, "delta": 21.7707781791687}, "costs": {"total_cost": 1052.0443633808175, "time_cost": 150, "final_distance_cost": 40.23183928812316, "oscillation_cost": 210.05518543187958, "completition_cost": 555.5555555555555, "overshoot_cost": 54.95879403795781, "power_cost": 22.05454649658203, "noise_cost": 19.188442570719435, "n_waypoints_completed": 4, "tot_waypoints": 9}}
{"target": -1065.7511669871003, "params": {"k_pid_pos": [1.8948091268539429, 0.47613054513931274, 5.224347114562988e-05], "k_pid_alt": [0.46383923292160034, 0.07312634587287903, 0.6918922662734985], "k_pid_att": [66.89347839355469, 0.8022530674934387, 0.09528166055679321], "k_pid_yaw": [0.5, 1e-06, 0.1], "k_pid_hsp": [7.056485176086426, 0.7900963425636292, 0.8376173973083496], "k_pid_vsp": [173.6995391845703, 379.5403137207031, 374.8865661621094]}, "datetime": {"datetime": "2025-08-20 12:28:24", "elapsed": 2158.908013343811, "delta": 21.3138370513916}, "costs": {"total_cost": 1065.7511669871003, "time_cost": 150, "final_distance_cost": 47.73674176125041, "oscillation_cost": 200.7820452428961, "completition_cost": 555.5555555555555, "overshoot_cost": 66.89245322322955, "power_cost": 24.95997183837891, "noise_cost": 19.82439936578989, "n_waypoints_completed": 4, "tot_waypoints": 9}}
