{"target": -275.2702744409029, "params": {"k_pid_pos": [1.9792884588241577, 0.15685594081878662, 0.0], "k_pid_alt": [1.6953293085098267, 0.012150704860687256, 0.9614835977554321], "k_pid_att": [99.29379272460938, 0.255317360162735, 0.977130115032196], "k_pid_yaw": [0.5, 1e-06, 0.1], "k_pid_hsp": [8.94426441192627, 0.979923665523529, 0.09281310439109802], "k_pid_vsp": [21.091949462890625, 393.266357421875, 27.827550888061523]}, "datetime": {"datetime": "2025-08-20 16:07:08", "elapsed": 15282.539372682571, "delta": 17.15036177635193}, "costs": {"total_cost": 275.2702744409029, "time_cost": 75.76, "final_distance_cost": 1.7376691133955413, "oscillation_cost": 117.92698184856118, "completition_cost": 0.0, "overshoot_cost": 50.61676565341674, "power_cost": 16.59309552001953, "noise_cost": 12.635762305509916, "n_waypoints_completed": 9, "tot_waypoints": 9}}
{"target": -312.3178457544495, "params": {"k_pid_pos": [1.962043285369873, 0.06299617886543274, 0.9904965162277222], "k_pid_alt": [1.9201632738113403, 0.0034360885620117188, 0.9938902854919434], "k_pid_att": [90.11949157714844, 0.16893324255943298, 0.9970890283584595], "k_pid_yaw": [0.5, 1e-06, 0.1], "k_pid_hsp": [6.7328009605407715, 0.8808630108833313, 0.07623112201690674], "k_pid_vsp": [309.3743896484375, 386.7833557128906, 48.59782409667969]}, "datetime": {"datetime": "2025-08-20 16:07:24", "elapsed": 15299.040328741074, "delta": 16.500956058502197}, "costs": {"total_cost": 312.3178457544495, "time_cost": 74.16, "final_distance_cost": 1.8299937469867484, "oscillation_cost": 160.3773963784942, "completition_cost": 0.0, "overshoot_cost": 49.62806973731264, "power_cost": 14.206879541015626, "noise_cost": 12.115506350640272, "n_waypoints_completed": 9, "tot_waypoints": 9}}
{"target": -640.0389417400619, "params": {"k_pid_pos": [1.4900352954864502, 0.03487110137939453, 0.1422889232635498], "k_pid_alt": [1.7378978729248047, 0.22446560859680176, 0.958482563495636], "k_pid_att": [90.39925384521484, 0.36297568678855896, 0.9919377565383911], "k_pid_yaw": [0.5, 1e-06, 0.1], "k_pid_hsp": [9.467453956604004, 0.8009483814239502, 0.0626981258392334], "k_pid_vsp": [0.00022649765014648438, 383.786376953125, 18.002058029174805]}, "datetime": {"datetime": "2025-08-20 16:07:46", "elapsed": 15321.324907779694, "delta": 22.284579038619995}, "costs": {"total_cost": 640.0389417400619, "time_cost": 150, "final_distance_cost": 108.5406174915909, "oscillation_cost": 151.3594977744214, "completition_cost": 111.11111111111116, "overshoot_cost": 88.08527375869198, "power_cost": 17.904619445800783, "noise_cost": 13.037822158445662, "n_waypoints_completed": 8, "tot_waypoints": 9}}
{"target": -211.29245529439748, "params": {"k_pid_pos": [1.9307781457901, 0.053476423025131226, 1.043081283569336e-06], "k_pid_alt": [1.8101261854171753, 0.016664832830429077, 0.8978015184402466], "k_pid_att": [58.345394134521484, 0.46522465348243713, 0.9248745441436768], "k_pid_yaw": [0.5, 1e-06, 0.1], "k_pid_hsp": [8.561417579650879, 0.9034750461578369, 0.01142573356628418], "k_pid_vsp": [248.9530792236328, 361.98486328125, 20.494760513305664]}, "datetime": {"datetime": "2025-08-20 16:08:02", "elapsed": 15336.858011245728, "delta": 15.533103466033936}, "costs": {"total_cost": 211.29245529439748, "time_cost": 69.688, "final_distance_cost": 1.78211980554641, "oscillation_cost": 58.76301601496322, "completition_cost": 0.0, "overshoot_cost": 50.1872829386273, "power_cost": 17.73512098388672, "noise_cost": 13.136915551373814, "n_waypoints_completed": 9, "tot_waypoints": 9}}
{"target": -317.9152513683778, "params": {"k_pid_pos": [1.890334129333496, 0.1887626051902771, 1.519918441772461e-06], "k_pid_alt": [1.887501835823059, 0.10111972689628601, 0.8797581195831299], "k_pid_att": [98.50885009765625, 0.6257961988449097, 0.8976778984069824], "k_pid_yaw": [0.5, 1e-06, 0.1], "k_pid_hsp": [9.910337448120117, 0.8856086730957031, 0.06968790292739868], "k_pid_vsp": [399.9996643066406, 365.2801208496094, 46.201942443847656]}, "datetime": {"datetime": "2025-08-20 16:08:24", "elapsed": 15358.561835050583, "delta": 21.703823804855347}, "costs": {"total_cost": 317.9152513683778, "time_cost": 98.98400000000001, "final_distance_cost": 1.7562269148029344, "oscillation_cost": 128.36813986517458, "completition_cost": 0.0, "overshoot_cost": 52.06079502532846, "power_cost": 20.82582498779297, "noise_cost": 15.920264575278848, "n_waypoints_completed": 9, "tot_waypoints": 9}}
{"target": -246.08581121276706, "params": {"k_pid_pos": [1.850326418876648, 0.13247376680374146, 0.0], "k_pid_alt": [1.5774924755096436, 0.061446964740753174, 0.9871460199356079], "k_pid_att": [99.24837493896484, 0.2118806391954422, 0.9952082633972168], "k_pid_yaw": [0.5, 1e-06, 0.1], "k_pid_hsp": [8.360645294189453, 0.7356619834899902, 0.040975213050842285], "k_pid_vsp": [259.0139465332031, 355.2357177734375, 16.19820785522461]}, "datetime": {"datetime": "2025-08-20 16:08:41", "elapsed": 15376.477505207062, "delta": 17.915670156478882}, "costs": {"total_cost": 246.08581121276706, "time_cost": 81.28, "final_distance_cost": 1.7839229118294275, "oscillation_cost": 80.3307190006274, "completition_cost": 0.0, "overshoot_cost": 52.45082794356573, "power_cost": 16.854333422851564, "noise_cost": 13.38600793389297, "n_waypoints_completed": 9, "tot_waypoints": 9}}
{"target": -716.0633881103995, "params": {"k_pid_pos": [1.9267295598983765, 0.26823657751083374, 0.0], "k_pid_alt": [1.8239939212799072, 0.1959685981273651, 0.8945881128311157], "k_pid_att": [95.06917572021484, 1.0317152738571167, 0.9706957936286926], "k_pid_yaw": [0.5, 1e-06, 0.1], "k_pid_hsp": [9.124436378479004, 0.9924644231796265, 0.02028331160545349], "k_pid_vsp": [400.0, 392.5665588378906, 14.452935218811035]}, "datetime": {"datetime": "2025-08-20 16:09:04", "elapsed": 15398.520020484924, "delta": 22.04251527786255}, "costs": {"total_cost": 716.0633881103995, "time_cost": 150, "final_distance_cost": 72.92564804675814, "oscillation_cost": 78.99478702208724, "completition_cost": 333.33333333333337, "overshoot_cost": 42.305073878568074, "power_cost": 22.215144775390627, "noise_cost": 16.289401054261923, "n_waypoints_completed": 6, "tot_waypoints": 9}}
{"target": -219.24567398772783, "params": {"k_pid_pos": [1.9673560857772827, 0.09545120596885681, 0.0], "k_pid_alt": [1.9658896923065186, 0.03348875045776367, 0.9773248434066772], "k_pid_att": [94.63343048095703, 0.05678911507129669, 0.952721357345581], "k_pid_yaw": [0.5, 1e-06, 0.1], "k_pid_hsp": [9.877067565917969, 0.9357503056526184, 0.01850348711013794], "k_pid_vsp": [399.99951171875, 313.9359130859375, 6.438673496246338]}, "datetime": {"datetime": "2025-08-20 16:09:19", "elapsed": 15413.646009683609, "delta": 15.125989198684692}, "costs": {"total_cost": 219.24567398772783, "time_cost": 70.256, "final_distance_cost": 1.72814084424277, "oscillation_cost": 71.40599968570805, "completition_cost": 0.0, "overshoot_cost": 50.898104409013406, "power_cost": 13.274719702148438, "noise_cost": 11.682709346615152, "n_waypoints_completed": 9, "tot_waypoints": 9}}
{"target": -207.28022742923125, "params": {"k_pid_pos": [1.9807533025741577, 0.014393538236618042, 0.2541230320930481], "k_pid_alt": [1.646874189376831, 0.046409547328948975, 0.9696629047393799], "k_pid_att": [94.6703109741211, 1.062072515487671, 0.9826801419258118], "k_pid_yaw": [0.5, 1e-06, 0.1], "k_pid_hsp": [8.096567153930664, 0.997238039970398, 0.0221269428730011], "k_pid_vsp": [400.0, 350.6911315917969, 6.558872222900391]}, "datetime": {"datetime": "2025-08-20 16:09:34", "elapsed": 15428.982001543045, "delta": 15.335991859436035}, "costs": {"total_cost": 207.28022742923125, "time_cost": 69.152, "final_distance_cost": 1.7459337935269168, "oscillation_cost": 61.94226402917421, "completition_cost": 0.0, "overshoot_cost": 50.45726310182291, "power_cost": 12.625814770507812, "noise_cost": 11.356951734199384, "n_waypoints_completed": 9, "tot_waypoints": 9}}
{"target": -259.5585315710199, "params": {"k_pid_pos": [1.9760620594024658, 0.012182027101516724, 0.6963964700698853], "k_pid_alt": [1.970597505569458, 0.021766841411590576, 0.9903340339660645], "k_pid_att": [98.5498046875, 0.3254859447479248, 0.9902992844581604], "k_pid_yaw": [0.5, 1e-06, 0.1], "k_pid_hsp": [9.246548652648926, 0.8756818771362305, 0.043747663497924805], "k_pid_vsp": [399.9915466308594, 374.4976501464844, 14.799798011779785]}, "datetime": {"datetime": "2025-08-20 16:09:49", "elapsed": 15444.164190292358, "delta": 15.182188749313354}, "costs": {"total_cost": 259.5585315710199, "time_cost": 68.83200000000001, "final_distance_cost": 1.828719681102105, "oscillation_cost": 112.89159482911013, "completition_cost": 0.0, "overshoot_cost": 50.62960666621116, "power_cost": 13.729996252441406, "noise_cost": 11.646614142155144, "n_waypoints_completed": 9, "tot_waypoints": 9}}
{"target": -213.29600650487765, "params": {"k_pid_pos": [1.899158239364624, 0.04987284541130066, 0.9998241066932678], "k_pid_alt": [1.8343464136123657, 0.027399569749832153, 0.9825167655944824], "k_pid_att": [97.87496185302734, 1.2376230955123901, 0.9696961641311646], "k_pid_yaw": [0.5, 1e-06, 0.1], "k_pid_hsp": [8.454259872436523, 0.8783919811248779, 0.019777029752731323], "k_pid_vsp": [400.0, 381.5931701660156, 2.9958019256591797]}, "datetime": {"datetime": "2025-08-20 16:10:08", "elapsed": 15462.919426202774, "delta": 18.75523591041565}, "costs": {"total_cost": 213.29600650487765, "time_cost": 69.848, "final_distance_cost": 1.841221349489305, "oscillation_cost": 66.40215732777337, "completition_cost": 0.0, "overshoot_cost": 50.35877981356316, "power_cost": 12.87545966796875, "noise_cost": 11.970388346083055, "n_waypoints_completed": 9, "tot_waypoints": 9}}
{"target": -216.6411834009543, "params": {"k_pid_pos": [1.9704227447509766, 0.05460062623023987, 0.0], "k_pid_alt": [1.5326581001281738, 0.00223734974861145, 0.9234649538993835], "k_pid_att": [81.325439453125, 0.49215495586395264, 0.9900778532028198], "k_pid_yaw": [0.5, 1e-06, 0.1], "k_pid_hsp": [9.689803123474121, 0.964669942855835, 0.0285683274269104], "k_pid_vsp": [399.99993896484375, 389.9309997558594, 15.092063903808594]}, "datetime": {"datetime": "2025-08-20 16:10:25", "elapsed": 15480.10448384285, "delta": 17.185057640075684}, "costs": {"total_cost": 216.6411834009543, "time_cost": 70.872, "final_distance_cost": 1.7506193320616137, "oscillation_cost": 63.931022513716925, "completition_cost": 0.0, "overshoot_cost": 49.418114007260804, "power_cost": 17.356472973632812, "noise_cost": 13.31295457428214, "n_waypoints_completed": 9, "tot_waypoints": 9}}
{"target": -235.7189213812005, "params": {"k_pid_pos": [1.9581272602081299, 0.014859795570373535, 0.0004258155822753906], "k_pid_alt": [1.9400134086608887, 0.051900774240493774, 0.8746302127838135], "k_pid_att": [99.38800048828125, 0.18606314063072205, 0.9750187397003174], "k_pid_yaw": [0.5, 1e-06, 0.1], "k_pid_hsp": [9.404154777526855, 0.9950939416885376, 0.07378154993057251], "k_pid_vsp": [399.69598388671875, 392.6920471191406, 19.1170711517334]}, "datetime": {"datetime": "2025-08-20 16:10:40", "elapsed": 15495.490178823471, "delta": 15.385694980621338}, "costs": {"total_cost": 235.7189213812005, "time_cost": 69.416, "final_distance_cost": 1.7404519699163763, "oscillation_cost": 87.25060022971635, "completition_cost": 0.0, "overshoot_cost": 50.756758574487776, "power_cost": 14.638499450683595, "noise_cost": 11.91661115639639, "n_waypoints_completed": 9, "tot_waypoints": 9}}
{"target": -302.5604281447987, "params": {"k_pid_pos": [1.5480430126190186, 0.32577306032180786, 0.00015288591384887695], "k_pid_alt": [1.9483287334442139, 0.023405790328979492, 0.8409019708633423], "k_pid_att": [96.19581604003906, 0.20333459973335266, 0.9941228628158569], "k_pid_yaw": [0.5, 1e-06, 0.1], "k_pid_hsp": [9.789731979370117, 0.944258451461792, 0.1780371069908142], "k_pid_vsp": [399.9999084472656, 393.9252014160156, 41.688072204589844]}, "datetime": {"datetime": "2025-08-20 16:10:58", "elapsed": 15512.706184864044, "delta": 17.21600604057312}, "costs": {"total_cost": 302.5604281447987, "time_cost": 79.24, "final_distance_cost": 1.6885439894240912, "oscillation_cost": 138.84608378890752, "completition_cost": 0.0, "overshoot_cost": 53.43065916944994, "power_cost": 16.26482917480469, "noise_cost": 13.090312022212498, "n_waypoints_completed": 9, "tot_waypoints": 9}}
{"target": -241.67426911344336, "params": {"k_pid_pos": [1.6958086490631104, 0.025418490171432495, 0.0], "k_pid_alt": [1.8607128858566284, 0.09075981378555298, 0.929088294506073], "k_pid_att": [97.51976776123047, 0.063663549721241, 0.9761205315589905], "k_pid_yaw": [0.5, 1e-06, 0.1], "k_pid_hsp": [9.838851928710938, 0.9175273180007935, 0.02041524648666382], "k_pid_vsp": [400.0, 388.2230224609375, 16.488767623901367]}, "datetime": {"datetime": "2025-08-20 16:11:16", "elapsed": 15531.24001455307, "delta": 18.53382968902588}, "costs": {"total_cost": 241.67426911344336, "time_cost": 84.408, "final_distance_cost": 1.7811676872123472, "oscillation_cost": 76.52526933909279, "completition_cost": 0.0, "overshoot_cost": 51.45975714884555, "power_cost": 15.006019311523438, "noise_cost": 12.494055626769264, "n_waypoints_completed": 9, "tot_waypoints": 9}}
{"target": -218.0981705944763, "params": {"k_pid_pos": [1.962738037109375, 0.0500454306602478, 0.0], "k_pid_alt": [1.9499534368515015, 0.05598640441894531, 0.9882550239562988], "k_pid_att": [92.42280578613281, 0.4723762273788452, 0.9489229917526245], "k_pid_yaw": [0.5, 1e-06, 0.1], "k_pid_hsp": [8.864529609680176, 0.9314323663711548, 0.028973370790481567], "k_pid_vsp": [400.0, 368.8309631347656, 22.743799209594727]}, "datetime": {"datetime": "2025-08-20 16:11:32", "elapsed": 15546.807844877243, "delta": 15.567830324172974}, "costs": {"total_cost": 218.0981705944763, "time_cost": 70.008, "final_distance_cost": 1.7436873042494114, "oscillation_cost": 72.05671298899557, "completition_cost": 0.0, "overshoot_cost": 51.18789268003714, "power_cost": 12.518431445312501, "noise_cost": 10.583446175881695, "n_waypoints_completed": 9, "tot_waypoints": 9}}
{"target": -284.85864130273814, "params": {"k_pid_pos": [1.9603537321090698, 0.20859912037849426, 0.0], "k_pid_alt": [1.638527274131775, 0.09471234679222107, 0.9607622623443604], "k_pid_att": [98.4571304321289, 1.3941099643707275, 0.9672107696533203], "k_pid_yaw": [0.5, 1e-06, 0.1], "k_pid_hsp": [9.870887756347656, 0.9796679019927979, 0.030560016632080078], "k_pid_vsp": [0.0, 393.25299072265625, 6.505573749542236]}, "datetime": {"datetime": "2025-08-20 16:11:51", "elapsed": 15565.625365972519, "delta": 18.81752109527588}, "costs": {"total_cost": 284.85864130273814, "time_cost": 85.44, "final_distance_cost": 1.7281105552500675, "oscillation_cost": 113.77681609013923, "completition_cost": 0.0, "overshoot_cost": 51.96435539857375, "power_cost": 18.410825231933593, "noise_cost": 13.538534026841495, "n_waypoints_completed": 9, "tot_waypoints": 9}}
{"target": -236.27842848852637, "params": {"k_pid_pos": [1.9504574537277222, 0.055364370346069336, 0.0023688077926635742], "k_pid_alt": [1.8721505403518677, 0.07549509406089783, 0.9527577757835388], "k_pid_att": [99.79084777832031, 0.16339214146137238, 0.9757437109947205], "k_pid_yaw": [0.5, 1e-06, 0.1], "k_pid_hsp": [9.7252197265625, 0.9016448259353638, 0.0175015926361084], "k_pid_vsp": [400.0, 373.17352294921875, 50.7827033996582]}, "datetime": {"datetime": "2025-08-20 16:12:08", "elapsed": 15583.342868804932, "delta": 17.71750283241272}, "costs": {"total_cost": 236.27842848852637, "time_cost": 81.136, "final_distance_cost": 1.7926458284021303, "oscillation_cost": 73.82571222385499, "completition_cost": 0.0, "overshoot_cost": 51.86583432787047, "power_cost": 15.202642602539063, "noise_cost": 12.455593505859683, "n_waypoints_completed": 9, "tot_waypoints": 9}}
{"target": -220.19376185543194, "params": {"k_pid_pos": [1.8141621351242065, 0.06584414839744568, 0.7174652814865112], "k_pid_alt": [1.6333469152450562, 0.036968767642974854, 0.9715173244476318], "k_pid_att": [99.0536117553711, 0.05219006538391113, 0.9690532088279724], "k_pid_yaw": [0.5, 1e-06, 0.1], "k_pid_hsp": [8.732481956481934, 0.9922284483909607, 0.02322712540626526], "k_pid_vsp": [398.9607238769531, 363.04119873046875, 56.324886322021484]}, "datetime": {"datetime": "2025-08-20 16:12:24", "elapsed": 15598.976909637451, "delta": 15.634040832519531}, "costs": {"total_cost": 220.19376185543194, "time_cost": 69.496, "final_distance_cost": 1.8440267810849666, "oscillation_cost": 72.48738954198097, "completition_cost": 0.0, "overshoot_cost": 50.3224815021944, "power_cost": 14.141637915039063, "noise_cost": 11.902226115132562, "n_waypoints_completed": 9, "tot_waypoints": 9}}
{"target": -218.59131406213388, "params": {"k_pid_pos": [1.884519100189209, 0.07902318239212036, 0.004383355379104614], "k_pid_alt": [1.49753737449646, 0.04340547323226929, 0.8389863967895508], "k_pid_att": [95.14193725585938, 0.21791674196720123, 0.9782907962799072], "k_pid_yaw": [0.5, 1e-06, 0.1], "k_pid_hsp": [8.645416259765625, 0.939896821975708, 0.0029771924018859863], "k_pid_vsp": [0.4398822784423828, 370.41534423828125, 23.213329315185547]}, "datetime": {"datetime": "2025-08-20 16:12:40", "elapsed": 15614.544636011124, "delta": 15.567726373672485}, "costs": {"total_cost": 218.59131406213388, "time_cost": 70.568, "final_distance_cost": 1.7887669201665746, "oscillation_cost": 69.90241161776653, "completition_cost": 0.0, "overshoot_cost": 51.02600031046156, "power_cost": 14.524913879394532, "noise_cost": 10.781221334344666, "n_waypoints_completed": 9, "tot_waypoints": 9}}
{"target": -643.2759377851751, "params": {"k_pid_pos": [1.9244744777679443, 0.1379835605621338, 0.0], "k_pid_alt": [1.9446806907653809, 0.18230825662612915, 0.8772712349891663], "k_pid_att": [98.85635375976562, 0.22768673300743103, 0.9830577969551086], "k_pid_yaw": [0.5, 1e-06, 0.1], "k_pid_hsp": [9.975579261779785, 0.9600818753242493, 0.08696800470352173], "k_pid_vsp": [213.302490234375, 355.0007629394531, 13.075996398925781]}, "datetime": {"datetime": "2025-08-20 16:13:02", "elapsed": 15637.345500946045, "delta": 22.800864934921265}, "costs": {"total_cost": 643.2759377851751, "time_cost": 150, "final_distance_cost": 70.91816199225784, "oscillation_cost": 118.79413885578046, "completition_cost": 222.2222222222222, "overshoot_cost": 42.7529773588784, "power_cost": 21.99831901855469, "noise_cost": 16.590118337481474, "n_waypoints_completed": 7, "tot_waypoints": 9}}
{"target": -263.7308451516027, "params": {"k_pid_pos": [1.883733868598938, 0.0184459388256073, 2.4139881134033203e-06], "k_pid_alt": [1.9573824405670166, 0.1772109568119049, 0.8432995080947876], "k_pid_att": [90.59351348876953, 0.2137840837240219, 0.99095618724823], "k_pid_yaw": [0.5, 1e-06, 0.1], "k_pid_hsp": [9.875548362731934, 0.9681375026702881, 0.006353974342346191], "k_pid_vsp": [0.0, 381.28125, 71.79279327392578]}, "datetime": {"datetime": "2025-08-20 16:13:23", "elapsed": 15657.946684360504, "delta": 20.60118341445923}, "costs": {"total_cost": 263.7308451516027, "time_cost": 94.76, "final_distance_cost": 1.8182177744532062, "oscillation_cost": 81.82356096452595, "completition_cost": 0.0, "overshoot_cost": 53.15369178325837, "power_cost": 18.283045373535156, "noise_cost": 13.89232925583003, "n_waypoints_completed": 9, "tot_waypoints": 9}}
{"target": -220.19219618705787, "params": {"k_pid_pos": [1.9398988485336304, 0.15975111722946167, 2.473592758178711e-06], "k_pid_alt": [1.473578929901123, 0.021302610635757446, 0.957484245300293], "k_pid_att": [83.90441131591797, 0.8960757851600647, 0.9629619121551514], "k_pid_yaw": [0.5, 1e-06, 0.1], "k_pid_hsp": [9.757946968078613, 0.9963501691818237, 0.025841236114501953], "k_pid_vsp": [399.88580322265625, 355.17169189453125, 10.950804710388184]}, "datetime": {"datetime": "2025-08-20 16:13:38", "elapsed": 15673.266024589539, "delta": 15.319340229034424}, "costs": {"total_cost": 220.19219618705787, "time_cost": 70.712, "final_distance_cost": 1.7837202396073766, "oscillation_cost": 69.43468804280003, "completition_cost": 0.0, "overshoot_cost": 50.627950314765876, "power_cost": 15.292983020019532, "noise_cost": 12.340854569865042, "n_waypoints_completed": 9, "tot_waypoints": 9}}
{"target": -251.86103758583664, "params": {"k_pid_pos": [1.9615851640701294, 0.04629737138748169, 0.0], "k_pid_alt": [1.7820301055908203, 0.06075689196586609, 0.9632439017295837], "k_pid_att": [99.4792709350586, 0.0488954521715641, 0.9783022999763489], "k_pid_yaw": [0.5, 1e-06, 0.1], "k_pid_hsp": [9.681565284729004, 0.9564093351364136, 0.04239657521247864], "k_pid_vsp": [398.9948425292969, 251.2259979248047, 35.70513916015625]}, "datetime": {"datetime": "2025-08-20 16:13:56", "elapsed": 15690.76487994194, "delta": 17.498855352401733}, "costs": {"total_cost": 251.86103758583664, "time_cost": 77.664, "final_distance_cost": 1.7793386561182836, "oscillation_cost": 89.0959281865589, "completition_cost": 0.0, "overshoot_cost": 51.63877702897898, "power_cost": 18.011503369140627, "noise_cost": 13.671490345039837, "n_waypoints_completed": 9, "tot_waypoints": 9}}
{"target": -213.3401050348478, "params": {"k_pid_pos": [1.986757755279541, 0.02072805166244507, 0.0], "k_pid_alt": [1.8276023864746094, 0.041387856006622314, 0.9689974784851074], "k_pid_att": [99.67333984375, 0.30752992630004883, 0.9916703701019287], "k_pid_yaw": [0.5, 1e-06, 0.1], "k_pid_hsp": [8.561324119567871, 0.6828317642211914, 0.04376477003097534], "k_pid_vsp": [400.0, 393.3697204589844, 33.28525924682617]}, "datetime": {"datetime": "2025-08-20 16:14:11", "elapsed": 15706.199078321457, "delta": 15.434198379516602}, "costs": {"total_cost": 213.3401050348478, "time_cost": 69.272, "final_distance_cost": 1.750402524411432, "oscillation_cost": 68.11042914477923, "completition_cost": 0.0, "overshoot_cost": 50.55925341221148, "power_cost": 12.929676220703126, "noise_cost": 10.718343732742497, "n_waypoints_completed": 9, "tot_waypoints": 9}}
