{"target": -281.73472931646637, "params": {"k_pid_pos": [1.7324999570846558, 0.00920337438583374, 3.5762786865234375e-07], "k_pid_alt": [1.119682788848877, 0.09543856978416443, 0.9410474300384521], "k_pid_att": [96.115478515625, 2.7497026920318604, 0.979008138179779], "k_pid_yaw": [0.5, 1e-06, 0.1], "k_pid_hsp": [9.751813888549805, 0.9360076785087585, 0.026350677013397217], "k_pid_vsp": [0.0002503395080566406, 384.5350341796875, 16.660966873168945]}, "datetime": {"datetime": "2025-08-20 14:48:30", "elapsed": 10565.403487920761, "delta": 21.17740821838379}, "costs": {"total_cost": 281.73472931646637, "time_cost": 89.936, "final_distance_cost": 1.7592977474523632, "oscillation_cost": 103.53776361827857, "completition_cost": 0.0, "overshoot_cost": 54.32687441471749, "power_cost": 18.756959033203128, "noise_cost": 13.417834502814788, "n_waypoints_completed": 9, "tot_waypoints": 9}}
{"target": -297.1369322236309, "params": {"k_pid_pos": [1.7030550241470337, 0.005762010812759399, 0.9996922016143799], "k_pid_alt": [1.7343555688858032, 0.11895373463630676, 0.8360236287117004], "k_pid_att": [96.41182708740234, 1.6403357982635498, 0.8866569995880127], "k_pid_yaw": [0.5, 1e-06, 0.1], "k_pid_hsp": [9.828574180603027, 0.894043505191803, 0.011204302310943604], "k_pid_vsp": [400.0, 344.7716064453125, 31.367399215698242]}, "datetime": {"datetime": "2025-08-20 14:48:50", "elapsed": 10584.693813800812, "delta": 19.29032588005066}, "costs": {"total_cost": 297.1369322236309, "time_cost": 85.528, "final_distance_cost": 1.823857130826363, "oscillation_cost": 130.27857585703728, "completition_cost": 0.0, "overshoot_cost": 50.71226256590267, "power_cost": 15.753352087402344, "noise_cost": 13.040884582462224, "n_waypoints_completed": 9, "tot_waypoints": 9}}
{"target": -744.7799060515533, "params": {"k_pid_pos": [1.9804468154907227, 0.015548795461654663, 3.4868717193603516e-06], "k_pid_alt": [0.794808566570282, 0.0867760181427002, 0.982668399810791], "k_pid_att": [98.18596649169922, 0.9131675958633423, 0.9418476819992065], "k_pid_yaw": [0.5, 1e-06, 0.1], "k_pid_hsp": [9.091530799865723, 0.9594887495040894, 0.047787636518478394], "k_pid_vsp": [369.62060546875, 316.9299621582031, 80.55833435058594]}, "datetime": {"datetime": "2025-08-20 14:49:13", "elapsed": 10607.614904642105, "delta": 22.921090841293335}, "costs": {"total_cost": 744.7799060515533, "time_cost": 150, "final_distance_cost": 71.26451227713892, "oscillation_cost": 110.53726976953926, "completition_cost": 333.33333333333337, "overshoot_cost": 41.19545955104798, "power_cost": 22.14400009765625, "noise_cost": 16.305331022837695, "n_waypoints_completed": 6, "tot_waypoints": 9}}
{"target": -346.39392454872376, "params": {"k_pid_pos": [1.9278868436813354, 0.016350269317626953, 0.0], "k_pid_alt": [0.6457239389419556, 0.10466450452804565, 0.9827576279640198], "k_pid_att": [94.61518859863281, 0.6365886926651001, 0.9824473857879639], "k_pid_yaw": [0.5, 1e-06, 0.1], "k_pid_hsp": [9.354419708251953, 0.949123203754425, 0.31173765659332275], "k_pid_vsp": [0.0, 393.5140075683594, 20.321990966796875]}, "datetime": {"datetime": "2025-08-20 14:49:34", "elapsed": 10628.612178087234, "delta": 20.997273445129395}, "costs": {"total_cost": 346.39392454872376, "time_cost": 93.04, "final_distance_cost": 1.799583107590997, "oscillation_cost": 160.44065643478848, "completition_cost": 0.0, "overshoot_cost": 55.384889729111535, "power_cost": 20.767947839355468, "noise_cost": 14.960847437877256, "n_waypoints_completed": 9, "tot_waypoints": 9}}
{"target": -313.5021644456471, "params": {"k_pid_pos": [1.9771440029144287, 0.1330929398536682, 2.9802322387695312e-08], "k_pid_alt": [1.6692538261413574, 0.01498347520828247, 0.8724901676177979], "k_pid_att": [95.12041473388672, 0.22992129623889923, 0.8841335773468018], "k_pid_yaw": [0.5, 1e-06, 0.1], "k_pid_hsp": [8.9100341796875, 0.9231921434402466, 0.1796315312385559], "k_pid_vsp": [14.593994140625, 397.85418701171875, 28.562488555908203]}, "datetime": {"datetime": "2025-08-20 14:49:50", "elapsed": 10644.997798204422, "delta": 16.3856201171875}, "costs": {"total_cost": 313.5021644456471, "time_cost": 72.24, "final_distance_cost": 1.7660169753326458, "oscillation_cost": 159.65486308837157, "completition_cost": 0.0, "overshoot_cost": 51.51096856556413, "power_cost": 16.116195849609376, "noise_cost": 12.21411996676943, "n_waypoints_completed": 9, "tot_waypoints": 9}}
{"target": -484.745903959877, "params": {"k_pid_pos": [1.9358769655227661, 0.2519187331199646, 0.0006359517574310303], "k_pid_alt": [1.985854983329773, 0.10761570930480957, 0.9894258975982666], "k_pid_att": [93.20745849609375, 0.17606814205646515, 0.9532239437103271], "k_pid_yaw": [0.5, 1e-06, 0.1], "k_pid_hsp": [8.328624725341797, 0.8988966345787048, 0.09556931257247925], "k_pid_vsp": [399.5354309082031, 390.5006103515625, 30.640913009643555]}, "datetime": {"datetime": "2025-08-20 14:50:13", "elapsed": 10667.85175204277, "delta": 22.85395383834839}, "costs": {"total_cost": 484.745903959877, "time_cost": 150, "final_distance_cost": 1.889188718344143, "oscillation_cost": 134.7307449001906, "completition_cost": 111.11111111111116, "overshoot_cost": 52.17665649568751, "power_cost": 19.425213500976565, "noise_cost": 15.412989233567101, "n_waypoints_completed": 8, "tot_waypoints": 9}}
{"target": -274.28577920795414, "params": {"k_pid_pos": [1.848362922668457, 0.27621936798095703, 0.9999570846557617], "k_pid_alt": [0.8753282427787781, 0.05182301998138428, 0.9903972148895264], "k_pid_att": [97.35433197021484, 0.5052371621131897, 0.9279982447624207], "k_pid_yaw": [0.5, 1e-06, 0.1], "k_pid_hsp": [5.730057239532471, 0.9635926485061646, 0.033840954303741455], "k_pid_vsp": [400.0, 394.8332824707031, 10.455121040344238]}, "datetime": {"datetime": "2025-08-20 14:50:35", "elapsed": 10690.065348863602, "delta": 22.2135968208313}, "costs": {"total_cost": 274.28577920795414, "time_cost": 96.696, "final_distance_cost": 1.8137210038340716, "oscillation_cost": 92.49715242694258, "completition_cost": 0.0, "overshoot_cost": 50.97563121468858, "power_cost": 17.373900512695315, "noise_cost": 14.929374049793587, "n_waypoints_completed": 9, "tot_waypoints": 9}}
{"target": -371.908642669893, "params": {"k_pid_pos": [1.7843691110610962, 0.31947600841522217, 0.999999463558197], "k_pid_alt": [0.5008086562156677, 0.2157474160194397, 0.7761408090591431], "k_pid_att": [92.60408782958984, 0.449040949344635, 0.9654895067214966], "k_pid_yaw": [0.5, 1e-06, 0.1], "k_pid_hsp": [7.5306315422058105, 0.9957211017608643, 0.03400689363479614], "k_pid_vsp": [0.00030994415283203125, 381.0416564941406, 67.88448333740234]}, "datetime": {"datetime": "2025-08-20 14:50:55", "elapsed": 10710.092499732971, "delta": 20.027150869369507}, "costs": {"total_cost": 371.908642669893, "time_cost": 88.08800000000001, "final_distance_cost": 1.7726397133161895, "oscillation_cost": 194.96938459444698, "completition_cost": 0.0, "overshoot_cost": 52.29745125349326, "power_cost": 19.84527030029297, "noise_cost": 14.935896808343639, "n_waypoints_completed": 9, "tot_waypoints": 9}}
{"target": -263.89032379676763, "params": {"k_pid_pos": [1.9158564805984497, 0.1451483964920044, 0.6911945343017578], "k_pid_alt": [1.686598300933838, 0.036866962909698486, 0.8323536515235901], "k_pid_att": [83.95352172851562, 0.41216930747032166, 0.9254821538925171], "k_pid_yaw": [0.5, 1e-06, 0.1], "k_pid_hsp": [8.448347091674805, 0.8508685827255249, 0.0350475013256073], "k_pid_vsp": [400.0, 350.7440185546875, 86.45494079589844]}, "datetime": {"datetime": "2025-08-20 14:51:12", "elapsed": 10726.8047478199, "delta": 16.71224808692932}, "costs": {"total_cost": 263.89032379676763, "time_cost": 72.44, "final_distance_cost": 1.814251532071345, "oscillation_cost": 110.36505578862057, "completition_cost": 0.0, "overshoot_cost": 50.63974351556564, "power_cost": 16.032897082519533, "noise_cost": 12.598375877990545, "n_waypoints_completed": 9, "tot_waypoints": 9}}
{"target": -220.82027598618987, "params": {"k_pid_pos": [1.8911322355270386, 0.18965494632720947, 0.272243469953537], "k_pid_alt": [0.8797008991241455, 0.011024534702301025, 0.913498044013977], "k_pid_att": [92.99793243408203, 1.165850043296814, 0.9374368786811829], "k_pid_yaw": [0.5, 1e-06, 0.1], "k_pid_hsp": [8.686619758605957, 0.8856592178344727, 0.01929306983947754], "k_pid_vsp": [400.0, 368.5935974121094, 144.57623291015625]}, "datetime": {"datetime": "2025-08-20 14:51:29", "elapsed": 10743.901592969894, "delta": 17.096845149993896}, "costs": {"total_cost": 220.82027598618987, "time_cost": 75.848, "final_distance_cost": 1.8029180341158617, "oscillation_cost": 67.43937391342376, "completition_cost": 0.0, "overshoot_cost": 49.72205746605151, "power_cost": 14.510630920410158, "noise_cost": 11.49729565218855, "n_waypoints_completed": 9, "tot_waypoints": 9}}
{"target": -231.3292717910812, "params": {"k_pid_pos": [1.895456075668335, 0.03642988204956055, 0.0], "k_pid_alt": [1.8792636394500732, 0.04155036807060242, 0.9435288906097412], "k_pid_att": [96.46847534179688, 2.066258192062378, 0.8689655065536499], "k_pid_yaw": [0.5, 1e-06, 0.1], "k_pid_hsp": [9.377745628356934, 0.9686717391014099, 0.03250682353973389], "k_pid_vsp": [400.0, 382.2455139160156, 48.45478439331055]}, "datetime": {"datetime": "2025-08-20 14:51:47", "elapsed": 10761.773102998734, "delta": 17.87151002883911}, "costs": {"total_cost": 231.3292717910812, "time_cost": 69.224, "final_distance_cost": 1.7459465334737834, "oscillation_cost": 82.13939962047617, "completition_cost": 0.0, "overshoot_cost": 50.37395387892972, "power_cost": 15.658249499511719, "noise_cost": 12.187722258689798, "n_waypoints_completed": 9, "tot_waypoints": 9}}
{"target": -272.1842819109775, "params": {"k_pid_pos": [1.9898573160171509, 0.14588141441345215, 4.351139068603516e-06], "k_pid_alt": [1.3928836584091187, 0.020224004983901978, 0.9292282462120056], "k_pid_att": [92.74533081054688, 1.6479308605194092, 0.9509485363960266], "k_pid_yaw": [0.5, 1e-06, 0.1], "k_pid_hsp": [7.539953708648682, 0.9592694044113159, 0.18255987763404846], "k_pid_vsp": [399.75628662109375, 279.5817565917969, 37.75365447998047]}, "datetime": {"datetime": "2025-08-20 14:52:05", "elapsed": 10780.31502866745, "delta": 18.54192566871643}, "costs": {"total_cost": 272.1842819109775, "time_cost": 70.712, "final_distance_cost": 1.7547896050792537, "oscillation_cost": 120.94032862043314, "completition_cost": 0.0, "overshoot_cost": 51.04836537298397, "power_cost": 15.54128768310547, "noise_cost": 12.187510629375696, "n_waypoints_completed": 9, "tot_waypoints": 9}}
{"target": -376.51440531349823, "params": {"k_pid_pos": [1.9329431056976318, 0.03697434067726135, 0.0], "k_pid_alt": [0.9646515250205994, 0.11276909708976746, 0.8099088668823242], "k_pid_att": [98.42557525634766, 0.16537636518478394, 0.8859044313430786], "k_pid_yaw": [0.5, 1e-06, 0.1], "k_pid_hsp": [9.247564315795898, 0.9951190948486328, 0.1352846622467041], "k_pid_vsp": [1.7316460609436035, 388.5491027832031, 6.417823791503906]}, "datetime": {"datetime": "2025-08-20 14:52:29", "elapsed": 10804.132997512817, "delta": 23.81796884536743}, "costs": {"total_cost": 376.51440531349823, "time_cost": 97.744, "final_distance_cost": 1.7379461985008233, "oscillation_cost": 184.34697576966582, "completition_cost": 0.0, "overshoot_cost": 55.202504333119975, "power_cost": 21.944595373535158, "noise_cost": 15.538383638676477, "n_waypoints_completed": 9, "tot_waypoints": 9}}
{"target": -462.3274094739851, "params": {"k_pid_pos": [1.9536103010177612, 0.1356883943080902, 5.319714546203613e-05], "k_pid_alt": [0.6907473206520081, 0.1537097692489624, 0.9842977523803711], "k_pid_att": [83.8324203491211, 0.06883449852466583, 0.9610844850540161], "k_pid_yaw": [0.5, 1e-06, 0.1], "k_pid_hsp": [9.373488426208496, 0.9374421238899231, 0.005085170269012451], "k_pid_vsp": [221.36289978027344, 395.01715087890625, 28.95612907409668]}, "datetime": {"datetime": "2025-08-20 14:52:53", "elapsed": 10828.275533676147, "delta": 24.142536163330078}, "costs": {"total_cost": 462.3274094739851, "time_cost": 150, "final_distance_cost": 36.44210769585216, "oscillation_cost": 77.62433769161692, "completition_cost": 111.11111111111116, "overshoot_cost": 51.7325491633639, "power_cost": 20.332499133300782, "noise_cost": 15.084804678740248, "n_waypoints_completed": 8, "tot_waypoints": 9}}
{"target": -280.46560929552044, "params": {"k_pid_pos": [1.5927095413208008, 0.5768368244171143, 0.0], "k_pid_alt": [1.8801264762878418, 0.05670002102851868, 0.9276250600814819], "k_pid_att": [87.9185562133789, 0.6807776689529419, 0.8991119265556335], "k_pid_yaw": [0.5, 1e-06, 0.1], "k_pid_hsp": [9.952818870544434, 0.9450935125350952, 0.059143781661987305], "k_pid_vsp": [399.9992980957031, 391.4168701171875, 19.036163330078125]}, "datetime": {"datetime": "2025-08-20 14:53:19", "elapsed": 10853.736186265945, "delta": 25.460652589797974}, "costs": {"total_cost": 280.46560929552044, "time_cost": 90.912, "final_distance_cost": 1.7532438638690973, "oscillation_cost": 101.53377248982659, "completition_cost": 0.0, "overshoot_cost": 55.357141803684456, "power_cost": 17.05099948730469, "noise_cost": 13.858451650835624, "n_waypoints_completed": 9, "tot_waypoints": 9}}
{"target": -242.31449408116885, "params": {"k_pid_pos": [1.8638471364974976, 0.2593337893486023, 0.00018259882926940918], "k_pid_alt": [1.5920536518096924, 0.010440707206726074, 0.9264614582061768], "k_pid_att": [98.88687133789062, 0.865612804889679, 0.790974497795105], "k_pid_yaw": [0.5, 1e-06, 0.1], "k_pid_hsp": [9.825939178466797, 0.9317157864570618, 0.054028093814849854], "k_pid_vsp": [395.1874694824219, 311.162353515625, 17.61260223388672]}, "datetime": {"datetime": "2025-08-20 14:53:38", "elapsed": 10872.772429943085, "delta": 19.036243677139282}, "costs": {"total_cost": 242.31449408116885, "time_cost": 70.83200000000001, "final_distance_cost": 1.7238885261024302, "oscillation_cost": 93.47661667955093, "completition_cost": 0.0, "overshoot_cost": 49.61741206862089, "power_cost": 14.752544921875002, "noise_cost": 11.912031885019594, "n_waypoints_completed": 9, "tot_waypoints": 9}}
{"target": -210.15159992757913, "params": {"k_pid_pos": [1.950447916984558, 0.06388065218925476, 0.0], "k_pid_alt": [1.3642090559005737, 0.011404603719711304, 0.9585980772972107], "k_pid_att": [60.960960388183594, 0.6036279797554016, 0.993790864944458], "k_pid_yaw": [0.5, 1e-06, 0.1], "k_pid_hsp": [3.747352123260498, 0.9714983701705933, 0.022547543048858643], "k_pid_vsp": [398.2161560058594, 332.9949035644531, 23.22812271118164]}, "datetime": {"datetime": "2025-08-20 14:53:57", "elapsed": 10891.588057994843, "delta": 18.815628051757812}, "costs": {"total_cost": 210.15159992757913, "time_cost": 71.944, "final_distance_cost": 1.7827454576806023, "oscillation_cost": 56.130081859356196, "completition_cost": 0.0, "overshoot_cost": 51.13208392186204, "power_cost": 16.403342395019532, "noise_cost": 12.759346293660759, "n_waypoints_completed": 9, "tot_waypoints": 9}}
{"target": -536.9420935574939, "params": {"k_pid_pos": [1.7328495979309082, 0.0482194721698761, 0.0012398362159729004], "k_pid_alt": [0.33901822566986084, 0.013103604316711426, 0.942903995513916], "k_pid_att": [84.18348693847656, 4.0554890632629395, 0.9316167235374451], "k_pid_yaw": [0.5, 1e-06, 0.1], "k_pid_hsp": [9.913232803344727, 0.9844753742218018, 0.11481010913848877], "k_pid_vsp": [400.0, 320.37225341796875, 27.737821578979492]}, "datetime": {"datetime": "2025-08-20 14:54:24", "elapsed": 10918.701632976532, "delta": 27.113574981689453}, "costs": {"total_cost": 536.9420935574939, "time_cost": 150, "final_distance_cost": 19.732526663782323, "oscillation_cost": 169.11334027537754, "completition_cost": 111.11111111111116, "overshoot_cost": 51.847413457076556, "power_cost": 19.739436267089843, "noise_cost": 15.39826578305639, "n_waypoints_completed": 8, "tot_waypoints": 9}}
{"target": -254.40826216651968, "params": {"k_pid_pos": [1.9351896047592163, 0.48820891976356506, 0.0005298852920532227], "k_pid_alt": [1.2371010780334473, 0.03131026029586792, 0.9765079021453857], "k_pid_att": [87.75459289550781, 1.518733024597168, 0.7482402324676514], "k_pid_yaw": [0.5, 1e-06, 0.1], "k_pid_hsp": [6.970653057098389, 0.9886497259140015, 0.04304659366607666], "k_pid_vsp": [4.070138931274414, 329.0029296875, 71.58692932128906]}, "datetime": {"datetime": "2025-08-20 14:54:47", "elapsed": 10941.83653664589, "delta": 23.1349036693573}, "costs": {"total_cost": 254.40826216651968, "time_cost": 87.792, "final_distance_cost": 1.7413423945933129, "oscillation_cost": 78.29299702196155, "completition_cost": 0.0, "overshoot_cost": 55.65230697552494, "power_cost": 17.19941739501953, "noise_cost": 13.730198379420317, "n_waypoints_completed": 9, "tot_waypoints": 9}}
{"target": -280.1245355025158, "params": {"k_pid_pos": [1.944484829902649, 0.07613590359687805, 0.008883625268936157], "k_pid_alt": [1.420621395111084, 0.33716732263565063, 0.9446731805801392], "k_pid_att": [98.0601577758789, 0.1424723118543625, 0.8844109773635864], "k_pid_yaw": [0.5, 1e-06, 0.1], "k_pid_hsp": [9.430353164672852, 0.9953370094299316, 0.05186536908149719], "k_pid_vsp": [400.0, 367.0460205078125, 1.3509163856506348]}, "datetime": {"datetime": "2025-08-20 14:55:11", "elapsed": 10966.278977155685, "delta": 24.442440509796143}, "costs": {"total_cost": 280.1245355025158, "time_cost": 95.152, "final_distance_cost": 1.7349878993999321, "oscillation_cost": 97.175203647853, "completition_cost": 0.0, "overshoot_cost": 53.49450702960149, "power_cost": 17.524429174804688, "noise_cost": 15.043407750856737, "n_waypoints_completed": 9, "tot_waypoints": 9}}
{"target": -208.93254872562852, "params": {"k_pid_pos": [1.9909276962280273, 0.17000046372413635, 0.0], "k_pid_alt": [1.9177566766738892, 0.05306243896484375, 0.8912078142166138], "k_pid_att": [96.70188903808594, 0.23665475845336914, 0.9434540867805481], "k_pid_yaw": [0.5, 1e-06, 0.1], "k_pid_hsp": [7.968829154968262, 0.950978696346283, 0.018918633460998535], "k_pid_vsp": [382.9026184082031, 390.8665771484375, 71.08760070800781]}, "datetime": {"datetime": "2025-08-20 14:55:27", "elapsed": 10981.97568488121, "delta": 15.696707725524902}, "costs": {"total_cost": 208.93254872562852, "time_cost": 70.416, "final_distance_cost": 1.740928841757696, "oscillation_cost": 59.862989435637395, "completition_cost": 0.0, "overshoot_cost": 50.643765943002094, "power_cost": 14.800857788085938, "noise_cost": 11.46800671714542, "n_waypoints_completed": 9, "tot_waypoints": 9}}
{"target": -225.06057388090133, "params": {"k_pid_pos": [1.9476267099380493, 0.17115870118141174, 0.000102996826171875], "k_pid_alt": [1.7181687355041504, 0.021888256072998047, 0.7514726519584656], "k_pid_att": [95.40401458740234, 0.26102086901664734, 0.8784690499305725], "k_pid_yaw": [0.5, 1e-06, 0.1], "k_pid_hsp": [8.352422714233398, 0.9024497270584106, 0.05728274583816528], "k_pid_vsp": [400.0, 370.0335388183594, 17.7015438079834]}, "datetime": {"datetime": "2025-08-20 14:55:43", "elapsed": 10997.614710092545, "delta": 15.639025211334229}, "costs": {"total_cost": 225.06057388090133, "time_cost": 69.976, "final_distance_cost": 1.7758785351871167, "oscillation_cost": 76.30818131069766, "completition_cost": 0.0, "overshoot_cost": 50.273334009211226, "power_cost": 14.768747692871095, "noise_cost": 11.958432332934235, "n_waypoints_completed": 9, "tot_waypoints": 9}}
{"target": -270.10516408593946, "params": {"k_pid_pos": [1.8595799207687378, 0.21420741081237793, 3.5762786865234375e-07], "k_pid_alt": [1.988306999206543, 0.038116008043289185, 0.951357364654541], "k_pid_att": [84.19501495361328, 0.6802200675010681, 0.9230722188949585], "k_pid_yaw": [0.5, 1e-06, 0.1], "k_pid_hsp": [7.961729526519775, 0.9729474782943726, 0.0557611882686615], "k_pid_vsp": [23.311019897460938, 365.0892028808594, 113.78720092773438]}, "datetime": {"datetime": "2025-08-20 14:56:02", "elapsed": 11016.976892471313, "delta": 19.36218237876892}, "costs": {"total_cost": 270.10516408593946, "time_cost": 87.104, "final_distance_cost": 1.7719326783741403, "oscillation_cost": 93.55447993672443, "completition_cost": 0.0, "overshoot_cost": 56.01779266786009, "power_cost": 17.67917596435547, "noise_cost": 13.977782838625327, "n_waypoints_completed": 9, "tot_waypoints": 9}}
{"target": -250.47599679151074, "params": {"k_pid_pos": [1.5461316108703613, 0.09680178761482239, 0.17545375227928162], "k_pid_alt": [1.3694043159484863, 0.09566652774810791, 0.9588667154312134], "k_pid_att": [91.6219711303711, 0.38975071907043457, 0.9500149488449097], "k_pid_yaw": [0.5, 1e-06, 0.1], "k_pid_hsp": [7.908931255340576, 0.8813784122467041, 0.018338710069656372], "k_pid_vsp": [1.361405849456787, 378.5104675292969, 100.05671691894531]}, "datetime": {"datetime": "2025-08-20 14:56:22", "elapsed": 11036.561650514603, "delta": 19.584758043289185}, "costs": {"total_cost": 250.47599679151074, "time_cost": 88.12, "final_distance_cost": 1.7443350072972572, "oscillation_cost": 73.66127069590847, "completition_cost": 0.0, "overshoot_cost": 53.013812814550796, "power_cost": 19.426608276367187, "noise_cost": 14.50996999738706, "n_waypoints_completed": 9, "tot_waypoints": 9}}
{"target": -488.78423293137547, "params": {"k_pid_pos": [1.9701722860336304, 0.1892995834350586, 1.1026859283447266e-06], "k_pid_alt": [1.17290461063385, 0.1370450258255005, 0.9774008989334106], "k_pid_att": [96.6128921508789, 2.105686902999878, 0.9744092226028442], "k_pid_yaw": [0.5, 1e-06, 0.1], "k_pid_hsp": [9.384180068969727, 0.9814177751541138, 0.03376489877700806], "k_pid_vsp": [399.9974365234375, 392.0008239746094, 14.661766052246094]}, "datetime": {"datetime": "2025-08-20 14:56:44", "elapsed": 11058.546066522598, "delta": 21.984416007995605}, "costs": {"total_cost": 488.78423293137547, "time_cost": 150, "final_distance_cost": 45.7685748879236, "oscillation_cost": 94.44939645520854, "completition_cost": 111.11111111111116, "overshoot_cost": 49.889201532971875, "power_cost": 21.5453501953125, "noise_cost": 16.02059874884782, "n_waypoints_completed": 8, "tot_waypoints": 9}}
