{"target": -232.7367944214653, "params": {"k_pid_pos": [1.7976782321929932, 0.02471783757209778, 0.0], "k_pid_alt": [1.9031667709350586, 0.06294670701026917, 0.9870799779891968], "k_pid_att": [91.788330078125, 0.11253976076841354, 0.9855985641479492], "k_pid_yaw": [0.5, 1e-06, 0.1], "k_pid_hsp": [9.002490997314453, 0.9968106150627136, 0.035331517457962036], "k_pid_vsp": [399.99847412109375, 334.6358642578125, 28.96636962890625]}, "datetime": {"datetime": "2025-08-20 15:44:38", "elapsed": 13932.522075414658, "delta": 17.3675274848938}, "costs": {"total_cost": 232.7367944214653, "time_cost": 76.96000000000001, "final_distance_cost": 1.7573538023800828, "oscillation_cost": 75.13258520271503, "completition_cost": 0.0, "overshoot_cost": 51.71047345496045, "power_cost": 15.093550500488282, "noise_cost": 12.08283146092148, "n_waypoints_completed": 9, "tot_waypoints": 9}}
{"target": -205.0513164335735, "params": {"k_pid_pos": [1.9251233339309692, 0.009871810674667358, 0.0], "k_pid_alt": [1.977327823638916, 0.009363800287246704, 0.9440971612930298], "k_pid_att": [57.36378860473633, 1.5633878707885742, 0.9446135759353638], "k_pid_yaw": [0.5, 1e-06, 0.1], "k_pid_hsp": [9.259557723999023, 0.9912559986114502, 0.018331438302993774], "k_pid_vsp": [399.6000671386719, 316.8419189453125, 4.795170783996582]}, "datetime": {"datetime": "2025-08-20 15:44:53", "elapsed": 13948.122966051102, "delta": 15.600890636444092}, "costs": {"total_cost": 205.0513164335735, "time_cost": 69.624, "final_distance_cost": 1.7935213379664705, "oscillation_cost": 59.20478552629069, "completition_cost": 0.0, "overshoot_cost": 50.18632207869155, "power_cost": 12.813807141113282, "noise_cost": 11.428880349511545, "n_waypoints_completed": 9, "tot_waypoints": 9}}
{"target": -217.38176793839415, "params": {"k_pid_pos": [1.9928498268127441, 0.04301881790161133, 0.0], "k_pid_alt": [1.7729209661483765, 0.03778064250946045, 0.9388300180435181], "k_pid_att": [94.67192077636719, 0.3216891586780548, 0.9830182790756226], "k_pid_yaw": [0.5, 1e-06, 0.1], "k_pid_hsp": [6.874822616577148, 0.9693326354026794, 0.0677189826965332], "k_pid_vsp": [400.0, 301.4165344238281, 66.31615447998047]}, "datetime": {"datetime": "2025-08-20 15:45:09", "elapsed": 13964.023584842682, "delta": 15.9006187915802}, "costs": {"total_cost": 217.38176793839415, "time_cost": 69.224, "final_distance_cost": 1.7867739224148103, "oscillation_cost": 67.52499229766548, "completition_cost": 0.0, "overshoot_cost": 49.859942251859515, "power_cost": 16.589172143554688, "noise_cost": 12.396887322899644, "n_waypoints_completed": 9, "tot_waypoints": 9}}
{"target": -325.8404945762847, "params": {"k_pid_pos": [1.7861697673797607, 0.17372319102287292, 0.0], "k_pid_alt": [1.8502352237701416, 0.03872755169868469, 0.9199066758155823], "k_pid_att": [98.48905944824219, 0.9687328338623047, 0.6430042386054993], "k_pid_yaw": [0.5, 1e-06, 0.1], "k_pid_hsp": [9.764789581298828, 0.9105957746505737, 0.212449848651886], "k_pid_vsp": [399.9862976074219, 350.6821594238281, 4.449106216430664]}, "datetime": {"datetime": "2025-08-20 15:45:26", "elapsed": 13980.674624443054, "delta": 16.651039600372314}, "costs": {"total_cost": 325.8404945762847, "time_cost": 74.864, "final_distance_cost": 1.780550488182237, "oscillation_cost": 165.1302850286307, "completition_cost": 0.0, "overshoot_cost": 55.50180850037444, "power_cost": 15.566158508300783, "noise_cost": 12.997692050796495, "n_waypoints_completed": 9, "tot_waypoints": 9}}
{"target": -287.27546781290823, "params": {"k_pid_pos": [1.852900743484497, 0.08663743734359741, 4.470348358154297e-07], "k_pid_alt": [1.9022139310836792, 0.28347963094711304, 0.8495989441871643], "k_pid_att": [96.55325317382812, 1.464239478111267, 0.9535390734672546], "k_pid_yaw": [0.5, 1e-06, 0.1], "k_pid_hsp": [9.864983558654785, 0.9939115047454834, 0.023099631071090698], "k_pid_vsp": [399.1146545410156, 353.1654052734375, 29.36860466003418]}, "datetime": {"datetime": "2025-08-20 15:45:48", "elapsed": 14003.413296461105, "delta": 22.738672018051147}, "costs": {"total_cost": 287.27546781290823, "time_cost": 99.688, "final_distance_cost": 1.713654487668939, "oscillation_cost": 98.56396150481513, "completition_cost": 0.0, "overshoot_cost": 52.57466840270057, "power_cost": 19.55360399169922, "noise_cost": 15.181579426024348, "n_waypoints_completed": 9, "tot_waypoints": 9}}
{"target": -229.3095733699512, "params": {"k_pid_pos": [1.9177541732788086, 0.041523277759552, 2.9802322387695312e-08], "k_pid_alt": [1.5532475709915161, 0.040688276290893555, 0.9753041863441467], "k_pid_att": [87.7095718383789, 0.5123556852340698, 0.9943305850028992], "k_pid_yaw": [0.5, 1e-06, 0.1], "k_pid_hsp": [9.805451393127441, 0.9969769716262817, 0.046389758586883545], "k_pid_vsp": [400.0, 375.86065673828125, 110.75028991699219]}, "datetime": {"datetime": "2025-08-20 15:46:04", "elapsed": 14018.776430130005, "delta": 15.363133668899536}, "costs": {"total_cost": 229.3095733699512, "time_cost": 69.136, "final_distance_cost": 1.7403494942806002, "oscillation_cost": 81.55147118401017, "completition_cost": 0.0, "overshoot_cost": 50.15874869111037, "power_cost": 15.058958081054689, "noise_cost": 11.664045919495411, "n_waypoints_completed": 9, "tot_waypoints": 9}}
{"target": -208.84790335573672, "params": {"k_pid_pos": [1.9038535356521606, 0.02606821060180664, 0.0], "k_pid_alt": [1.7383259534835815, 0.0407639741897583, 0.962393045425415], "k_pid_att": [96.13994598388672, 0.9606145024299622, 0.9553217887878418], "k_pid_yaw": [0.5, 1e-06, 0.1], "k_pid_hsp": [9.858656883239746, 0.9511070251464844, 0.004646867513656616], "k_pid_vsp": [399.9651794433594, 390.0778503417969, 7.983304023742676]}, "datetime": {"datetime": "2025-08-20 15:46:19", "elapsed": 14034.327233076096, "delta": 15.550802946090698}, "costs": {"total_cost": 208.84790335573672, "time_cost": 69.744, "final_distance_cost": 1.7481039634084516, "oscillation_cost": 61.7039434975588, "completition_cost": 0.0, "overshoot_cost": 50.66549345772253, "power_cost": 13.383944555664064, "noise_cost": 11.602417881382866, "n_waypoints_completed": 9, "tot_waypoints": 9}}
{"target": -350.73473765501535, "params": {"k_pid_pos": [1.8801047801971436, 0.051095426082611084, 0.9778293967247009], "k_pid_alt": [1.094462513923645, 0.029467642307281494, 0.9487625956535339], "k_pid_att": [99.83509826660156, 0.6547196507453918, 0.9319578409194946], "k_pid_yaw": [0.5, 1e-06, 0.1], "k_pid_hsp": [9.72376537322998, 0.9816362857818604, 0.030070245265960693], "k_pid_vsp": [0.0013113021850585938, 393.9998779296875, 119.65911102294922]}, "datetime": {"datetime": "2025-08-20 15:46:37", "elapsed": 14051.711342811584, "delta": 17.38410973548889}, "costs": {"total_cost": 350.73473765501535, "time_cost": 78.60000000000001, "final_distance_cost": 1.8485539615481086, "oscillation_cost": 186.15576479308365, "completition_cost": 0.0, "overshoot_cost": 54.1358247787939, "power_cost": 16.48751572265625, "noise_cost": 13.507078398933377, "n_waypoints_completed": 9, "tot_waypoints": 9}}
{"target": -256.2903131619894, "params": {"k_pid_pos": [1.8593956232070923, 0.3929558992385864, 8.940696716308594e-08], "k_pid_alt": [1.1577178239822388, 0.03545171022415161, 0.9252217411994934], "k_pid_att": [95.32941436767578, 0.10542243719100952, 0.9801766872406006], "k_pid_yaw": [0.5, 1e-06, 0.1], "k_pid_hsp": [8.758237838745117, 0.9912234544754028, 0.041050493717193604], "k_pid_vsp": [398.1711730957031, 352.49365234375, 43.25883483886719]}, "datetime": {"datetime": "2025-08-20 15:46:56", "elapsed": 14071.37906718254, "delta": 19.66772437095642}, "costs": {"total_cost": 256.2903131619894, "time_cost": 84.736, "final_distance_cost": 1.7266766229118136, "oscillation_cost": 84.11965760133471, "completition_cost": 0.0, "overshoot_cost": 53.760641922110125, "power_cost": 17.995131286621096, "noise_cost": 13.952205729011611, "n_waypoints_completed": 9, "tot_waypoints": 9}}
{"target": -304.4481371900426, "params": {"k_pid_pos": [1.9840222597122192, 0.1299753487110138, 0.9810603857040405], "k_pid_alt": [1.9591008424758911, 0.039950817823410034, 0.517683207988739], "k_pid_att": [98.98197937011719, 0.3522496521472931, 0.8949559926986694], "k_pid_yaw": [0.5, 1e-06, 0.1], "k_pid_hsp": [9.379137992858887, 0.9304050207138062, 0.043342381715774536], "k_pid_vsp": [2.384185791015625e-05, 356.49267578125, 42.39830780029297]}, "datetime": {"datetime": "2025-08-20 15:47:13", "elapsed": 14087.513100147247, "delta": 16.13403296470642}, "costs": {"total_cost": 304.4481371900426, "time_cost": 74.224, "final_distance_cost": 1.8159682308161593, "oscillation_cost": 147.16808713942834, "completition_cost": 0.0, "overshoot_cost": 51.722089077240355, "power_cost": 16.698638549804688, "noise_cost": 12.819354192753051, "n_waypoints_completed": 9, "tot_waypoints": 9}}
{"target": -363.91704051137265, "params": {"k_pid_pos": [1.9687368869781494, 0.04866290092468262, 0.65034019947052], "k_pid_alt": [1.9767574071884155, 0.06352141499519348, 0.8729857206344604], "k_pid_att": [90.46942901611328, 3.131082534790039, 0.9043354988098145], "k_pid_yaw": [0.5, 1e-06, 0.1], "k_pid_hsp": [9.486845016479492, 0.9726855754852295, 0.45626047253608704], "k_pid_vsp": [399.9991455078125, 397.7575378417969, 62.780452728271484]}, "datetime": {"datetime": "2025-08-20 15:47:30", "elapsed": 14104.613821268082, "delta": 17.10072112083435}, "costs": {"total_cost": 363.91704051137265, "time_cost": 77.24, "final_distance_cost": 1.813705134655197, "oscillation_cost": 203.66137530280162, "completition_cost": 0.0, "overshoot_cost": 51.66613111856066, "power_cost": 16.590301220703125, "noise_cost": 12.945527734652101, "n_waypoints_completed": 9, "tot_waypoints": 9}}
{"target": -281.0573966471536, "params": {"k_pid_pos": [1.9709514379501343, 0.12718254327774048, 0.002339005470275879], "k_pid_alt": [1.9783751964569092, 0.32524359226226807, 0.9311978220939636], "k_pid_att": [92.76154327392578, 0.5202600955963135, 0.9649925231933594], "k_pid_yaw": [0.5, 1e-06, 0.1], "k_pid_hsp": [7.159724712371826, 0.9554077386856079, 0.04091116786003113], "k_pid_vsp": [400.0, 393.7503662109375, 25.72368621826172]}, "datetime": {"datetime": "2025-08-20 15:47:52", "elapsed": 14127.081664800644, "delta": 22.467843532562256}, "costs": {"total_cost": 281.0573966471536, "time_cost": 99.64, "final_distance_cost": 1.7174222613994166, "oscillation_cost": 94.3081182092042, "completition_cost": 0.0, "overshoot_cost": 52.82861351564214, "power_cost": 18.05449930419922, "noise_cost": 14.508743356708614, "n_waypoints_completed": 9, "tot_waypoints": 9}}
{"target": -510.66134727306064, "params": {"k_pid_pos": [1.9709248542785645, 0.01745074987411499, 0.0], "k_pid_alt": [1.108839988708496, 0.09977710247039795, 0.9658766984939575], "k_pid_att": [93.29147338867188, 0.716500461101532, 0.9903997778892517], "k_pid_yaw": [0.5, 1e-06, 0.1], "k_pid_hsp": [7.558948516845703, 0.7512381076812744, 0.05011826753616333], "k_pid_vsp": [400.0, 372.10467529296875, 41.14097213745117]}, "datetime": {"datetime": "2025-08-20 15:48:14", "elapsed": 14149.266167879105, "delta": 22.184503078460693}, "costs": {"total_cost": 510.66134727306064, "time_cost": 150, "final_distance_cost": 64.05266374123913, "oscillation_cost": 103.31225872158467, "completition_cost": 111.11111111111116, "overshoot_cost": 45.02566599246107, "power_cost": 21.400739807128907, "noise_cost": 15.758907899535684, "n_waypoints_completed": 8, "tot_waypoints": 9}}
{"target": -344.9135814583346, "params": {"k_pid_pos": [1.9413912296295166, 0.06667333841323853, 1.0], "k_pid_alt": [1.9450318813323975, 0.11447352170944214, 0.9540964365005493], "k_pid_att": [96.014892578125, 0.4232759177684784, 0.9750367999076843], "k_pid_yaw": [0.5, 1e-06, 0.1], "k_pid_hsp": [9.685351371765137, 0.9832776784896851, 0.01988479495048523], "k_pid_vsp": [400.0, 390.7201843261719, 21.690584182739258]}, "datetime": {"datetime": "2025-08-20 15:48:37", "elapsed": 14171.974915027618, "delta": 22.708747148513794}, "costs": {"total_cost": 344.9135814583346, "time_cost": 85.28, "final_distance_cost": 1.7988092751218872, "oscillation_cost": 173.02588430046995, "completition_cost": 0.0, "overshoot_cost": 51.52092191826871, "power_cost": 18.652738696289063, "noise_cost": 14.635227268184975, "n_waypoints_completed": 9, "tot_waypoints": 9}}
{"target": -547.3997477062996, "params": {"k_pid_pos": [1.958884358406067, 0.2035708725452423, 7.152557373046875e-07], "k_pid_alt": [1.492901086807251, 0.08030253648757935, 0.9698892831802368], "k_pid_att": [96.6081771850586, 2.2218897342681885, 0.970996081829071], "k_pid_yaw": [0.5, 1e-06, 0.1], "k_pid_hsp": [9.706305503845215, 0.9855749607086182, 0.08427754044532776], "k_pid_vsp": [0.0, 395.5882568359375, 4.146421909332275]}, "datetime": {"datetime": "2025-08-20 15:49:01", "elapsed": 14196.319603681564, "delta": 24.344688653945923}, "costs": {"total_cost": 547.3997477062996, "time_cost": 150, "final_distance_cost": 23.37550353227206, "oscillation_cost": 167.77677815356373, "completition_cost": 111.11111111111116, "overshoot_cost": 58.339489219041724, "power_cost": 21.44575791015625, "noise_cost": 15.351107780154896, "n_waypoints_completed": 8, "tot_waypoints": 9}}
{"target": -224.83408822632882, "params": {"k_pid_pos": [1.7584121227264404, 0.20164775848388672, 0.0], "k_pid_alt": [1.9703007936477661, 0.006035298109054565, 0.9902461171150208], "k_pid_att": [99.34442901611328, 1.8265177011489868, 0.9616051316261292], "k_pid_yaw": [0.5, 1e-06, 0.1], "k_pid_hsp": [7.874694347381592, 0.9731366634368896, 0.06668013334274292], "k_pid_vsp": [72.22959899902344, 362.4972229003906, 23.922456741333008]}, "datetime": {"datetime": "2025-08-20 15:49:17", "elapsed": 14211.770406246185, "delta": 15.450802564620972}, "costs": {"total_cost": 224.83408822632882, "time_cost": 69.952, "final_distance_cost": 1.7242946461104343, "oscillation_cost": 75.64940379822109, "completition_cost": 0.0, "overshoot_cost": 49.62617464997677, "power_cost": 15.61428895263672, "noise_cost": 12.267926179383819, "n_waypoints_completed": 9, "tot_waypoints": 9}}
{"target": -208.22854742077487, "params": {"k_pid_pos": [1.9849790334701538, 0.10746702551841736, 0.0], "k_pid_alt": [1.9790645837783813, 0.0040216147899627686, 0.9540941715240479], "k_pid_att": [97.24049377441406, 0.12627044320106506, 0.9821141958236694], "k_pid_yaw": [0.5, 1e-06, 0.1], "k_pid_hsp": [5.206197261810303, 0.9919963479042053, 0.06688061356544495], "k_pid_vsp": [329.95709228515625, 388.8505554199219, 9.756589889526367]}, "datetime": {"datetime": "2025-08-20 15:49:32", "elapsed": 14227.254334926605, "delta": 15.483928680419922}, "costs": {"total_cost": 208.22854742077487, "time_cost": 70.456, "final_distance_cost": 1.7608690182649782, "oscillation_cost": 59.502100529642334, "completition_cost": 0.0, "overshoot_cost": 50.941406358165935, "power_cost": 13.667356738281251, "noise_cost": 11.900814776420379, "n_waypoints_completed": 9, "tot_waypoints": 9}}
{"target": -231.23886229081074, "params": {"k_pid_pos": [1.7796242237091064, 0.13639700412750244, 0.0038732588291168213], "k_pid_alt": [1.9029334783554077, 0.07267218828201294, 0.9878216981887817], "k_pid_att": [86.77814483642578, 0.15542219579219818, 0.9945353865623474], "k_pid_yaw": [0.5, 1e-06, 0.1], "k_pid_hsp": [9.224369049072266, 0.9257172346115112, 0.011259645223617554], "k_pid_vsp": [0.00010728836059570312, 390.7559509277344, 54.56633758544922]}, "datetime": {"datetime": "2025-08-20 15:49:49", "elapsed": 14244.45507144928, "delta": 17.20073652267456}, "costs": {"total_cost": 231.23886229081074, "time_cost": 75.688, "final_distance_cost": 1.7804946177049619, "oscillation_cost": 75.28861677097291, "completition_cost": 0.0, "overshoot_cost": 50.918421378516435, "power_cost": 15.511902746582033, "noise_cost": 12.05142677703443, "n_waypoints_completed": 9, "tot_waypoints": 9}}
{"target": -218.49754236912082, "params": {"k_pid_pos": [1.7257049083709717, 0.023860633373260498, 0.28469541668891907], "k_pid_alt": [1.992192268371582, 0.05129528045654297, 0.819103479385376], "k_pid_att": [98.46111297607422, 0.40798598527908325, 0.8970215320587158], "k_pid_yaw": [0.5, 1e-06, 0.1], "k_pid_hsp": [9.66811466217041, 0.9781337976455688, 0.02769121527671814], "k_pid_vsp": [400.0, 385.1127624511719, 26.45840835571289]}, "datetime": {"datetime": "2025-08-20 15:50:05", "elapsed": 14259.556149959564, "delta": 15.101078510284424}, "costs": {"total_cost": 218.49754236912082, "time_cost": 68.872, "final_distance_cost": 1.8247263866008898, "oscillation_cost": 71.88736660799445, "completition_cost": 0.0, "overshoot_cost": 50.57508811733965, "power_cost": 13.947195373535157, "noise_cost": 11.391165883650714, "n_waypoints_completed": 9, "tot_waypoints": 9}}
{"target": -222.00085590157926, "params": {"k_pid_pos": [1.955701470375061, 0.08757084608078003, 0.0], "k_pid_alt": [1.7835458517074585, 0.03888729214668274, 0.9375186562538147], "k_pid_att": [96.01902770996094, 0.11801141500473022, 0.9482846260070801], "k_pid_yaw": [0.5, 1e-06, 0.1], "k_pid_hsp": [9.220205307006836, 0.9834407567977905, 0.048513203859329224], "k_pid_vsp": [400.0, 377.12310791015625, 13.466656684875488]}, "datetime": {"datetime": "2025-08-20 15:50:20", "elapsed": 14275.04002904892, "delta": 15.483879089355469}, "costs": {"total_cost": 222.00085590157926, "time_cost": 69.784, "final_distance_cost": 1.7789647963953035, "oscillation_cost": 71.96103674080747, "completition_cost": 0.0, "overshoot_cost": 50.26051962244258, "power_cost": 15.782493981933595, "noise_cost": 12.43384076000031, "n_waypoints_completed": 9, "tot_waypoints": 9}}
{"target": -322.9880802268773, "params": {"k_pid_pos": [1.790248990058899, 0.08926522731781006, 0.0], "k_pid_alt": [1.0619875192642212, 0.04962131381034851, 0.9755270481109619], "k_pid_att": [93.20870208740234, 0.42677736282348633, 0.9903354644775391], "k_pid_yaw": [0.5, 1e-06, 0.1], "k_pid_hsp": [8.914748191833496, 0.9836457967758179, 0.13772302865982056], "k_pid_vsp": [400.0, 371.4869079589844, 36.199642181396484]}, "datetime": {"datetime": "2025-08-20 15:50:40", "elapsed": 14295.324513435364, "delta": 20.284484386444092}, "costs": {"total_cost": 322.9880802268773, "time_cost": 90.52, "final_distance_cost": 1.7303230873669577, "oscillation_cost": 146.9544249961681, "completition_cost": 0.0, "overshoot_cost": 52.23934093112959, "power_cost": 17.68256915283203, "noise_cost": 13.861422059380645, "n_waypoints_completed": 9, "tot_waypoints": 9}}
{"target": -209.1354398662064, "params": {"k_pid_pos": [1.821835994720459, 0.04896789789199829, 0.030662477016448975], "k_pid_alt": [1.8524527549743652, 0.05236625671386719, 0.9700291156768799], "k_pid_att": [97.8109130859375, 0.6256465911865234, 0.9790583848953247], "k_pid_yaw": [0.5, 1e-06, 0.1], "k_pid_hsp": [9.890798568725586, 0.9937029480934143, 0.027296125888824463], "k_pid_vsp": [400.0, 374.81781005859375, 10.630572319030762]}, "datetime": {"datetime": "2025-08-20 15:50:56", "elapsed": 14310.824966669083, "delta": 15.500453233718872}, "costs": {"total_cost": 209.1354398662064, "time_cost": 69.664, "final_distance_cost": 1.7834293564925423, "oscillation_cost": 59.47574995810301, "completition_cost": 0.0, "overshoot_cost": 51.025177858243126, "power_cost": 14.908028784179688, "noise_cost": 12.279053909188038, "n_waypoints_completed": 9, "tot_waypoints": 9}}
{"target": -215.70126277129452, "params": {"k_pid_pos": [1.8721778392791748, 0.31523439288139343, 4.559755325317383e-06], "k_pid_alt": [1.8268629312515259, 0.028102964162826538, 0.881240725517273], "k_pid_att": [91.88362121582031, 1.236836314201355, 0.8274164199829102], "k_pid_yaw": [0.5, 1e-06, 0.1], "k_pid_hsp": [5.352774143218994, 0.9746586680412292, 0.011953145265579224], "k_pid_vsp": [400.0, 391.8464050292969, 23.653425216674805]}, "datetime": {"datetime": "2025-08-20 15:51:14", "elapsed": 14329.16265463829, "delta": 18.337687969207764}, "costs": {"total_cost": 215.70126277129452, "time_cost": 72.06400000000001, "final_distance_cost": 1.7221349256739165, "oscillation_cost": 56.06003245686961, "completition_cost": 0.0, "overshoot_cost": 51.69506359416575, "power_cost": 19.76511593017578, "noise_cost": 14.394915864409498, "n_waypoints_completed": 9, "tot_waypoints": 9}}
{"target": -227.92551997765136, "params": {"k_pid_pos": [1.9620447158813477, 0.06227022409439087, 7.212162017822266e-06], "k_pid_alt": [1.4437376260757446, 0.013479739427566528, 0.7249327301979065], "k_pid_att": [97.16839599609375, 0.2522924542427063, 0.9628318548202515], "k_pid_yaw": [0.5, 1e-06, 0.1], "k_pid_hsp": [9.741510391235352, 0.9713590145111084, 0.019506186246871948], "k_pid_vsp": [400.0, 396.2188415527344, 166.4486541748047]}, "datetime": {"datetime": "2025-08-20 15:51:32", "elapsed": 14346.710473775864, "delta": 17.547819137573242}, "costs": {"total_cost": 227.92551997765136, "time_cost": 69.96000000000001, "final_distance_cost": 1.783104380440838, "oscillation_cost": 80.91749380863575, "completition_cost": 0.0, "overshoot_cost": 50.230486565056644, "power_cost": 14.067881188964844, "noise_cost": 10.966554034553262, "n_waypoints_completed": 9, "tot_waypoints": 9}}
{"target": -284.0145592797213, "params": {"k_pid_pos": [1.839208960533142, 0.14382019639015198, 0.0], "k_pid_alt": [1.7021677494049072, 0.1298498511314392, 0.9883838891983032], "k_pid_att": [97.0322494506836, 0.19258829951286316, 0.859624445438385], "k_pid_yaw": [0.5, 1e-06, 0.1], "k_pid_hsp": [9.98708724975586, 0.9239661693572998, 0.05281946063041687], "k_pid_vsp": [343.90814208984375, 390.5788269042969, 9.076798439025879]}, "datetime": {"datetime": "2025-08-20 15:51:54", "elapsed": 14369.329409360886, "delta": 22.618935585021973}, "costs": {"total_cost": 284.0145592797213, "time_cost": 99.952, "final_distance_cost": 1.76574012513744, "oscillation_cost": 96.33690633361965, "completition_cost": 0.0, "overshoot_cost": 51.44356895634683, "power_cost": 18.658722265625002, "noise_cost": 15.85762159899241, "n_waypoints_completed": 9, "tot_waypoints": 9}}
