{"target": -218.03843790148179, "params": {"k_pid_pos": [1.9950332641601562, 0.029638350009918213, 0.0], "k_pid_alt": [1.9776344299316406, 0.021511435508728027, 0.9637296199798584], "k_pid_att": [97.109619140625, 0.6284530162811279, 0.9818187952041626], "k_pid_yaw": [0.5, 1e-06, 0.1], "k_pid_hsp": [9.797317504882812, 0.9901154041290283, 0.05866023898124695], "k_pid_vsp": [400.0, 389.20318603515625, 7.511092185974121]}, "datetime": {"datetime": "2025-08-20 17:47:31", "elapsed": 21305.786398887634, "delta": 14.630210638046265}, "costs": {"total_cost": 218.03843790148179, "time_cost": 69.504, "final_distance_cost": 1.73608462377057, "oscillation_cost": 71.30235417416702, "completition_cost": 0.0, "overshoot_cost": 50.70850278581997, "power_cost": 13.229513952636719, "noise_cost": 11.55798236508751, "n_waypoints_completed": 9, "tot_waypoints": 9}}
{"target": -216.39626151382367, "params": {"k_pid_pos": [1.42937433719635, 0.12002426385879517, 0.0], "k_pid_alt": [1.8039827346801758, 0.04082369804382324, 0.9852842092514038], "k_pid_att": [97.64146423339844, 3.1946401596069336, 0.9722501039505005], "k_pid_yaw": [0.5, 1e-06, 0.1], "k_pid_hsp": [9.806239128112793, 0.9785254001617432, 0.027821749448776245], "k_pid_vsp": [400.0, 397.0352478027344, 4.265702724456787]}, "datetime": {"datetime": "2025-08-20 17:47:49", "elapsed": 21323.77518415451, "delta": 17.98878526687622}, "costs": {"total_cost": 216.39626151382367, "time_cost": 73.2, "final_distance_cost": 1.751134685909674, "oscillation_cost": 65.01927449631853, "completition_cost": 0.0, "overshoot_cost": 50.99565540648217, "power_cost": 13.416895727539064, "noise_cost": 12.013301197574238, "n_waypoints_completed": 9, "tot_waypoints": 9}}
{"target": -265.0022118968977, "params": {"k_pid_pos": [1.9805121421813965, 0.05358210206031799, 0.012663155794143677], "k_pid_alt": [1.8999398946762085, 0.0906585156917572, 0.9881035089492798], "k_pid_att": [93.66857147216797, 1.1394742727279663, 0.95540452003479], "k_pid_yaw": [0.5, 1e-06, 0.1], "k_pid_hsp": [9.636713027954102, 0.9039445519447327, 0.034077197313308716], "k_pid_vsp": [399.9089660644531, 393.163818359375, 9.384596824645996]}, "datetime": {"datetime": "2025-08-20 17:48:08", "elapsed": 21342.822076559067, "delta": 19.046892404556274}, "costs": {"total_cost": 265.0022118968977, "time_cost": 85.632, "final_distance_cost": 1.7892659641406137, "oscillation_cost": 96.16462758539204, "completition_cost": 0.0, "overshoot_cost": 51.613279352141106, "power_cost": 16.13286065673828, "noise_cost": 13.67017833848566, "n_waypoints_completed": 9, "tot_waypoints": 9}}
{"target": -267.9457550728341, "params": {"k_pid_pos": [1.7889418601989746, 0.011729300022125244, 0.0], "k_pid_alt": [1.6954550743103027, 0.010216176509857178, 0.9378429651260376], "k_pid_att": [97.9697494506836, 0.8782067894935608, 0.9825804829597473], "k_pid_yaw": [0.5, 1e-06, 0.1], "k_pid_hsp": [9.484457969665527, 0.9212366342544556, 0.12269508838653564], "k_pid_vsp": [399.97015380859375, 339.69683837890625, 26.448251724243164]}, "datetime": {"datetime": "2025-08-20 17:48:23", "elapsed": 21357.8964240551, "delta": 15.074347496032715}, "costs": {"total_cost": 267.9457550728341, "time_cost": 69.416, "final_distance_cost": 1.7772796422688382, "oscillation_cost": 120.3311952879428, "completition_cost": 0.0, "overshoot_cost": 50.23501793176538, "power_cost": 14.353892529296875, "noise_cost": 11.83236968156024, "n_waypoints_completed": 9, "tot_waypoints": 9}}
{"target": -222.81302228217447, "params": {"k_pid_pos": [1.9460664987564087, 0.021885812282562256, 0.0], "k_pid_alt": [1.8936219215393066, 0.006189554929733276, 0.9901507496833801], "k_pid_att": [98.92031860351562, 0.6653008460998535, 0.9344552159309387], "k_pid_yaw": [0.5, 1e-06, 0.1], "k_pid_hsp": [9.468599319458008, 0.9652130007743835, 0.04059675335884094], "k_pid_vsp": [400.0, 369.69122314453125, 22.309507369995117]}, "datetime": {"datetime": "2025-08-20 17:48:38", "elapsed": 21373.349092245102, "delta": 15.452668190002441}, "costs": {"total_cost": 222.81302228217447, "time_cost": 69.68, "final_distance_cost": 1.7573861999096554, "oscillation_cost": 75.09934544371187, "completition_cost": 0.0, "overshoot_cost": 49.49386307219477, "power_cost": 14.990915930175783, "noise_cost": 11.791511636182419, "n_waypoints_completed": 9, "tot_waypoints": 9}}
{"target": -223.87809952159915, "params": {"k_pid_pos": [1.9828999042510986, 0.11990803480148315, 0.0], "k_pid_alt": [1.7651344537734985, 0.0034964382648468018, 0.9357729554176331], "k_pid_att": [88.78731536865234, 0.11371663957834244, 0.9808034300804138], "k_pid_yaw": [0.5, 1e-06, 0.1], "k_pid_hsp": [8.318866729736328, 0.9930022358894348, 0.03280806541442871], "k_pid_vsp": [400.0, 396.6946716308594, 1.4146575927734375]}, "datetime": {"datetime": "2025-08-20 17:48:54", "elapsed": 21389.194040060043, "delta": 15.844947814941406}, "costs": {"total_cost": 223.87809952159915, "time_cost": 70.296, "final_distance_cost": 1.783248893805746, "oscillation_cost": 76.63484993077272, "completition_cost": 0.0, "overshoot_cost": 50.17378895231064, "power_cost": 13.393067846679688, "noise_cost": 11.597143898030355, "n_waypoints_completed": 9, "tot_waypoints": 9}}
{"target": -313.9323804015951, "params": {"k_pid_pos": [1.9326777458190918, 0.010088413953781128, 0.9999862313270569], "k_pid_alt": [1.963699460029602, 0.20704424381256104, 0.9982808828353882], "k_pid_att": [97.96435546875, 0.2534973621368408, 0.990852415561676], "k_pid_yaw": [0.5, 1e-06, 0.1], "k_pid_hsp": [9.970357894897461, 0.9769911170005798, 0.055758893489837646], "k_pid_vsp": [400.0, 397.9659423828125, 2.7325758934020996]}, "datetime": {"datetime": "2025-08-20 17:49:14", "elapsed": 21409.26192498207, "delta": 20.067884922027588}, "costs": {"total_cost": 313.9323804015951, "time_cost": 82.92, "final_distance_cost": 1.8100363582119658, "oscillation_cost": 148.93454124974582, "completition_cost": 0.0, "overshoot_cost": 50.70507871728798, "power_cost": 16.025093591308593, "noise_cost": 13.53763048504078, "n_waypoints_completed": 9, "tot_waypoints": 9}}
{"target": -218.22659645479666, "params": {"k_pid_pos": [1.878447413444519, 0.03140440583229065, 0.0], "k_pid_alt": [1.9609355926513672, 0.028242379426956177, 0.9896355867385864], "k_pid_att": [97.66246032714844, 0.47602102160453796, 0.9958853721618652], "k_pid_yaw": [0.5, 1e-06, 0.1], "k_pid_hsp": [9.717087745666504, 0.9957773685455322, 0.020343005657196045], "k_pid_vsp": [400.0, 382.4715270996094, 22.14307975769043]}, "datetime": {"datetime": "2025-08-20 17:49:34", "elapsed": 21428.808569669724, "delta": 19.546644687652588}, "costs": {"total_cost": 218.22659645479666, "time_cost": 69.376, "final_distance_cost": 1.7284146866921224, "oscillation_cost": 71.08441530012433, "completition_cost": 0.0, "overshoot_cost": 50.25936043335325, "power_cost": 14.284629882812501, "noise_cost": 11.493776151814423, "n_waypoints_completed": 9, "tot_waypoints": 9}}
{"target": -260.35190584513975, "params": {"k_pid_pos": [1.9522989988327026, 0.007960647344589233, 0.0], "k_pid_alt": [1.9143754243850708, 0.03528270125389099, 0.9833667278289795], "k_pid_att": [94.94507598876953, 0.06206436827778816, 0.9978911280632019], "k_pid_yaw": [0.5, 1e-06, 0.1], "k_pid_hsp": [9.948464393615723, 0.9496548175811768, 0.16716212034225464], "k_pid_vsp": [400.0, 390.35186767578125, 12.81091022491455]}, "datetime": {"datetime": "2025-08-20 17:49:50", "elapsed": 21444.975214719772, "delta": 16.166645050048828}, "costs": {"total_cost": 260.35190584513975, "time_cost": 70.256, "final_distance_cost": 1.7626154697702783, "oscillation_cost": 111.32863151879705, "completition_cost": 0.0, "overshoot_cost": 50.39815488489856, "power_cost": 14.630472363281251, "noise_cost": 11.976031608392562, "n_waypoints_completed": 9, "tot_waypoints": 9}}
{"target": -221.22257020054116, "params": {"k_pid_pos": [1.772402048110962, 0.0038116872310638428, 0.0], "k_pid_alt": [1.8208028078079224, 0.02101758122444153, 0.9888792037963867], "k_pid_att": [99.04888916015625, 0.9930563569068909, 0.9634530544281006], "k_pid_yaw": [0.5, 1e-06, 0.1], "k_pid_hsp": [8.938700675964355, 0.9916278123855591, 0.030020833015441895], "k_pid_vsp": [399.9999694824219, 387.9396057128906, 1.0745415687561035]}, "datetime": {"datetime": "2025-08-20 17:50:07", "elapsed": 21461.822426080704, "delta": 16.847211360931396}, "costs": {"total_cost": 221.22257020054116, "time_cost": 69.312, "final_distance_cost": 1.7428119263500337, "oscillation_cost": 76.08511980427014, "completition_cost": 0.0, "overshoot_cost": 49.83324361145317, "power_cost": 12.87252401123047, "noise_cost": 11.376870847237356, "n_waypoints_completed": 9, "tot_waypoints": 9}}
{"target": -215.5743025137497, "params": {"k_pid_pos": [1.945980429649353, 0.0176527202129364, 0.0], "k_pid_alt": [1.9562907218933105, 0.043843239545822144, 0.9471666216850281], "k_pid_att": [86.47770690917969, 0.11375299841165543, 0.9081218242645264], "k_pid_yaw": [0.5, 1e-06, 0.1], "k_pid_hsp": [9.810074806213379, 0.9741219878196716, 0.02712935209274292], "k_pid_vsp": [146.0673370361328, 387.3208923339844, 2.8894433975219727]}, "datetime": {"datetime": "2025-08-20 17:50:22", "elapsed": 21477.256549596786, "delta": 15.434123516082764}, "costs": {"total_cost": 215.5743025137497, "time_cost": 69.768, "final_distance_cost": 1.7936537817609615, "oscillation_cost": 68.89134821836606, "completition_cost": 0.0, "overshoot_cost": 50.511250289879094, "power_cost": 13.090340185546875, "noise_cost": 11.519710038196747, "n_waypoints_completed": 9, "tot_waypoints": 9}}
{"target": -224.04282926689925, "params": {"k_pid_pos": [1.9251166582107544, 0.012631535530090332, 8.344650268554688e-06], "k_pid_alt": [1.8676074743270874, 0.011704564094543457, 0.9762132167816162], "k_pid_att": [98.88424682617188, 0.2264183610677719, 0.9749146103858948], "k_pid_yaw": [0.5, 1e-06, 0.1], "k_pid_hsp": [9.892701148986816, 0.9980275630950928, 0.07356530427932739], "k_pid_vsp": [338.6358642578125, 385.3981628417969, 53.46980285644531]}, "datetime": {"datetime": "2025-08-20 17:50:37", "elapsed": 21492.473185300827, "delta": 15.216635704040527}, "costs": {"total_cost": 224.04282926689925, "time_cost": 69.128, "final_distance_cost": 1.7474436106029996, "oscillation_cost": 79.02873498730821, "completition_cost": 0.0, "overshoot_cost": 49.714057789421304, "power_cost": 13.511520239257813, "noise_cost": 10.91307264030893, "n_waypoints_completed": 9, "tot_waypoints": 9}}
{"target": -224.09743986829235, "params": {"k_pid_pos": [1.9868468046188354, 0.059702515602111816, 0.0], "k_pid_alt": [1.88885498046875, 0.05048823356628418, 0.9668650031089783], "k_pid_att": [99.8410415649414, 0.5067603588104248, 0.9407446384429932], "k_pid_yaw": [0.5, 1e-06, 0.1], "k_pid_hsp": [9.826903343200684, 0.9830905199050903, 0.013873130083084106], "k_pid_vsp": [292.59405517578125, 363.38873291015625, 8.521594047546387]}, "datetime": {"datetime": "2025-08-20 17:50:54", "elapsed": 21509.439776182175, "delta": 16.966590881347656}, "costs": {"total_cost": 224.09743986829235, "time_cost": 70.232, "final_distance_cost": 1.7763227886775201, "oscillation_cost": 75.48129800652826, "completition_cost": 0.0, "overshoot_cost": 51.22605481543701, "power_cost": 13.606998852539062, "noise_cost": 11.77476540511052, "n_waypoints_completed": 9, "tot_waypoints": 9}}
{"target": -245.0837281019128, "params": {"k_pid_pos": [1.8764227628707886, 0.046648770570755005, 0.0], "k_pid_alt": [1.947260856628418, 0.03366228938102722, 0.9363330602645874], "k_pid_att": [98.89488220214844, 0.2238488346338272, 0.9906249642372131], "k_pid_yaw": [0.5, 1e-06, 0.1], "k_pid_hsp": [9.896116256713867, 0.9564913511276245, 0.07906308770179749], "k_pid_vsp": [399.9299621582031, 367.3582763671875, 18.48367691040039]}, "datetime": {"datetime": "2025-08-20 17:51:09", "elapsed": 21524.34899663925, "delta": 14.909220457077026}, "costs": {"total_cost": 245.0837281019128, "time_cost": 69.288, "final_distance_cost": 1.7349382647851814, "oscillation_cost": 99.05792741909795, "completition_cost": 0.0, "overshoot_cost": 50.145490012431054, "power_cost": 13.584829248046876, "noise_cost": 11.272543157551764, "n_waypoints_completed": 9, "tot_waypoints": 9}}
{"target": -216.57910979897065, "params": {"k_pid_pos": [1.7625068426132202, 0.06336429715156555, 0.0], "k_pid_alt": [1.9525420665740967, 0.026618987321853638, 0.9936861991882324], "k_pid_att": [99.26731872558594, 0.0651467964053154, 0.9829973578453064], "k_pid_yaw": [0.5, 1e-06, 0.1], "k_pid_hsp": [9.401510238647461, 0.9957016706466675, 0.05875808000564575], "k_pid_vsp": [399.9942321777344, 392.4943542480469, 35.86454391479492]}, "datetime": {"datetime": "2025-08-20 17:51:25", "elapsed": 21540.08633327484, "delta": 15.7373366355896}, "costs": {"total_cost": 216.57910979897065, "time_cost": 68.912, "final_distance_cost": 1.770533589046519, "oscillation_cost": 71.48816451925224, "completition_cost": 0.0, "overshoot_cost": 49.70107579218025, "power_cost": 13.651539965820314, "noise_cost": 11.05579593267132, "n_waypoints_completed": 9, "tot_waypoints": 9}}
{"target": -259.40965581728216, "params": {"k_pid_pos": [1.8775943517684937, 0.2996044456958771, 2.9802322387695312e-08], "k_pid_alt": [1.961601734161377, 0.007609903812408447, 0.957137942314148], "k_pid_att": [98.90397644042969, 1.1835136413574219, 0.9641485214233398], "k_pid_yaw": [0.5, 1e-06, 0.1], "k_pid_hsp": [9.442434310913086, 0.9312719702720642, 0.07760933041572571], "k_pid_vsp": [400.0, 365.41351318359375, 17.336191177368164]}, "datetime": {"datetime": "2025-08-20 17:51:42", "elapsed": 21557.469968795776, "delta": 17.38363552093506}, "costs": {"total_cost": 259.40965581728216, "time_cost": 74.72, "final_distance_cost": 1.7431992473844184, "oscillation_cost": 99.43886785620603, "completition_cost": 0.0, "overshoot_cost": 53.53998613255054, "power_cost": 16.81117336425781, "noise_cost": 13.156429216883355, "n_waypoints_completed": 9, "tot_waypoints": 9}}
{"target": -363.21366814146364, "params": {"k_pid_pos": [1.961380124092102, 0.007508665323257446, 0.9598649740219116], "k_pid_alt": [1.988173484802246, 0.07995009422302246, 0.9508761763572693], "k_pid_att": [90.11954498291016, 0.8280607461929321, 0.9544222354888916], "k_pid_yaw": [0.5, 1e-06, 0.1], "k_pid_hsp": [8.964770317077637, 0.9138655066490173, 0.24449411034584045], "k_pid_vsp": [399.9020080566406, 397.78509521484375, 10.878861427307129]}, "datetime": {"datetime": "2025-08-20 17:52:00", "elapsed": 21575.143642425537, "delta": 17.673673629760742}, "costs": {"total_cost": 363.21366814146364, "time_cost": 81.12, "final_distance_cost": 1.829062887342703, "oscillation_cost": 198.6223834971292, "completition_cost": 0.0, "overshoot_cost": 50.801087598360866, "power_cost": 16.80955388183594, "noise_cost": 14.03158027679497, "n_waypoints_completed": 9, "tot_waypoints": 9}}
{"target": -230.09362056256086, "params": {"k_pid_pos": [1.68868088722229, 0.03175479173660278, 0.0], "k_pid_alt": [1.9698302745819092, 0.0367201566696167, 0.9162741303443909], "k_pid_att": [97.97500610351562, 0.3832675814628601, 0.9056271910667419], "k_pid_yaw": [0.5, 1e-06, 0.1], "k_pid_hsp": [9.874710083007812, 0.9788743257522583, 0.09146258234977722], "k_pid_vsp": [400.0, 399.1599426269531, 7.261396408081055]}, "datetime": {"datetime": "2025-08-20 17:52:15", "elapsed": 21590.33731365204, "delta": 15.193671226501465}, "costs": {"total_cost": 230.09362056256086, "time_cost": 68.872, "final_distance_cost": 1.7721512524466416, "oscillation_cost": 83.63050531429484, "completition_cost": 0.0, "overshoot_cost": 50.620658622281184, "power_cost": 13.504611767578126, "noise_cost": 11.693693605960055, "n_waypoints_completed": 9, "tot_waypoints": 9}}
{"target": -212.3629826757126, "params": {"k_pid_pos": [1.9756090641021729, 0.0017558038234710693, 0.0], "k_pid_alt": [1.8496681451797485, 0.040974050760269165, 0.9914528131484985], "k_pid_att": [99.03604888916016, 0.02989397756755352, 0.9634972810745239], "k_pid_yaw": [0.5, 1e-06, 0.1], "k_pid_hsp": [9.280950546264648, 0.9860521554946899, 0.06049245595932007], "k_pid_vsp": [399.99993896484375, 398.8685607910156, 19.910850524902344]}, "datetime": {"datetime": "2025-08-20 17:52:30", "elapsed": 21605.461588144302, "delta": 15.124274492263794}, "costs": {"total_cost": 212.3629826757126, "time_cost": 69.384, "final_distance_cost": 1.7320093421115774, "oscillation_cost": 64.6333620586176, "completition_cost": 0.0, "overshoot_cost": 50.36734191521911, "power_cost": 14.423730847167969, "noise_cost": 11.822538512596324, "n_waypoints_completed": 9, "tot_waypoints": 9}}
{"target": -207.3221306364361, "params": {"k_pid_pos": [1.9345284700393677, 0.005427151918411255, 0.0], "k_pid_alt": [1.890824317932129, 0.011523723602294922, 0.80752032995224], "k_pid_att": [93.43476104736328, 0.11277877539396286, 0.9894024133682251], "k_pid_yaw": [0.5, 1e-06, 0.1], "k_pid_hsp": [9.77725601196289, 0.9892851710319519, 0.004037231206893921], "k_pid_vsp": [110.05721282958984, 395.68695068359375, 20.73263168334961]}, "datetime": {"datetime": "2025-08-20 17:52:46", "elapsed": 21621.233115196228, "delta": 15.77152705192566}, "costs": {"total_cost": 207.3221306364361, "time_cost": 69.512, "final_distance_cost": 1.7767724436261063, "oscillation_cost": 61.80061762092536, "completition_cost": 0.0, "overshoot_cost": 50.201006399423605, "power_cost": 13.159492907714844, "noise_cost": 10.872241264746176, "n_waypoints_completed": 9, "tot_waypoints": 9}}
{"target": -225.35333662319437, "params": {"k_pid_pos": [1.8857991695404053, 0.0043122172355651855, 0.0], "k_pid_alt": [1.8670718669891357, 0.012374669313430786, 0.9302951693534851], "k_pid_att": [99.52703857421875, 0.7337978482246399, 0.9828058481216431], "k_pid_yaw": [0.5, 1e-06, 0.1], "k_pid_hsp": [9.95801830291748, 0.9870792627334595, 0.036296963691711426], "k_pid_vsp": [400.0, 390.9207458496094, 1.3458023071289062]}, "datetime": {"datetime": "2025-08-20 17:53:02", "elapsed": 21637.030988693237, "delta": 15.797873497009277}, "costs": {"total_cost": 225.35333662319437, "time_cost": 69.44, "final_distance_cost": 1.771722332266588, "oscillation_cost": 78.9911265529863, "completition_cost": 0.0, "overshoot_cost": 50.54499398364613, "power_cost": 13.082913586425782, "noise_cost": 11.522580167869592, "n_waypoints_completed": 9, "tot_waypoints": 9}}
{"target": -231.65799662997406, "params": {"k_pid_pos": [1.9350333213806152, 0.0067740678787231445, 0.000429689884185791], "k_pid_alt": [1.9611120223999023, 0.008020609617233276, 0.9940141439437866], "k_pid_att": [93.80661010742188, 0.15211744606494904, 0.36270344257354736], "k_pid_yaw": [0.5, 1e-06, 0.1], "k_pid_hsp": [9.796627044677734, 0.9777551293373108, 0.0441359281539917], "k_pid_vsp": [400.0, 399.0118408203125, 2.096642017364502]}, "datetime": {"datetime": "2025-08-20 17:53:17", "elapsed": 21651.95864367485, "delta": 14.92765498161316}, "costs": {"total_cost": 231.65799662997406, "time_cost": 69.84, "final_distance_cost": 1.792405528830497, "oscillation_cost": 84.38460548641171, "completition_cost": 0.0, "overshoot_cost": 49.86661648593838, "power_cost": 13.784552099609376, "noise_cost": 11.989817029184085, "n_waypoints_completed": 9, "tot_waypoints": 9}}
{"target": -245.8698050785707, "params": {"k_pid_pos": [1.8954997062683105, 0.020991981029510498, 0.9952031970024109], "k_pid_alt": [1.926292896270752, 0.021393120288848877, 0.8249444961547852], "k_pid_att": [94.08242797851562, 0.5135078430175781, 0.9297307729721069], "k_pid_yaw": [0.5, 1e-06, 0.1], "k_pid_hsp": [9.73611831665039, 0.8545825481414795, 0.010873019695281982], "k_pid_vsp": [400.0, 394.3772888183594, 10.797072410583496]}, "datetime": {"datetime": "2025-08-20 17:53:33", "elapsed": 21667.839399814606, "delta": 15.880756139755249}, "costs": {"total_cost": 245.8698050785707, "time_cost": 69.744, "final_distance_cost": 1.8523872329041045, "oscillation_cost": 101.6217399075362, "completition_cost": 0.0, "overshoot_cost": 49.50644814044909, "power_cost": 11.976557580566407, "noise_cost": 11.168672217114894, "n_waypoints_completed": 9, "tot_waypoints": 9}}
{"target": -314.18554070690953, "params": {"k_pid_pos": [1.9977680444717407, 0.006910145282745361, 0.0], "k_pid_alt": [1.3673769235610962, 0.06229519844055176, 0.9485016465187073], "k_pid_att": [93.97764587402344, 0.4806191921234131, 0.8237103223800659], "k_pid_yaw": [0.5, 1e-06, 0.1], "k_pid_hsp": [9.502543449401855, 0.9139906167984009, 0.08996006846427917], "k_pid_vsp": [31.35262680053711, 393.2226257324219, 45.95401382446289]}, "datetime": {"datetime": "2025-08-20 17:53:51", "elapsed": 21686.164435625076, "delta": 18.32503581047058}, "costs": {"total_cost": 314.18554070690953, "time_cost": 81.47200000000001, "final_distance_cost": 1.7770525675267916, "oscillation_cost": 145.76672488018204, "completition_cost": 0.0, "overshoot_cost": 52.32277880163028, "power_cost": 18.555805102539065, "noise_cost": 14.291179355031325, "n_waypoints_completed": 9, "tot_waypoints": 9}}
{"target": -212.19505859686623, "params": {"k_pid_pos": [1.8930922746658325, 0.09646964073181152, 0.0], "k_pid_alt": [1.9302945137023926, 0.016334176063537598, 0.9976550340652466], "k_pid_att": [98.81939697265625, 0.6871564984321594, 0.9910107851028442], "k_pid_yaw": [0.5, 1e-06, 0.1], "k_pid_hsp": [9.681303977966309, 0.9761513471603394, 0.004753977060317993], "k_pid_vsp": [399.99993896484375, 394.6817932128906, 2.4254093170166016]}, "datetime": {"datetime": "2025-08-20 17:54:06", "elapsed": 21701.053012132645, "delta": 14.88857650756836}, "costs": {"total_cost": 212.19505859686623, "time_cost": 70.06400000000001, "final_distance_cost": 1.7736047821511518, "oscillation_cost": 65.31883509872473, "completition_cost": 0.0, "overshoot_cost": 50.23855603905603, "power_cost": 13.238789477539063, "noise_cost": 11.561273199395268, "n_waypoints_completed": 9, "tot_waypoints": 9}}
