{"target": -208.0815778404333, "params": {"k_pid_pos": [1.6509342193603516, 0.024883776903152466, 0.0], "k_pid_alt": [1.9404010772705078, 0.05613994598388672, 0.898605465888977], "k_pid_att": [89.8191909790039, 0.28473344445228577, 0.9696993827819824], "k_pid_yaw": [0.5, 1e-06, 0.1], "k_pid_hsp": [8.076926231384277, 0.8872963190078735, 0.019433140754699707], "k_pid_vsp": [399.9999694824219, 351.13104248046875, 3.9848694801330566]}, "datetime": {"datetime": "2025-08-20 17:26:24", "elapsed": 20039.47617983818, "delta": 15.025879383087158}, "costs": {"total_cost": 208.0815778404333, "time_cost": 69.336, "final_distance_cost": 1.805236196987982, "oscillation_cost": 61.36737017168033, "completition_cost": 0.0, "overshoot_cost": 51.298857162648865, "power_cost": 12.900193835449219, "noise_cost": 11.37392047366695, "n_waypoints_completed": 9, "tot_waypoints": 9}}
{"target": -223.18666582896512, "params": {"k_pid_pos": [1.9734467267990112, 0.048998087644577026, 0.0], "k_pid_alt": [1.7216625213623047, 0.01648828387260437, 0.9062716960906982], "k_pid_att": [97.53108978271484, 0.13285014033317566, 0.9855839014053345], "k_pid_yaw": [0.5, 1e-06, 0.1], "k_pid_hsp": [9.622000694274902, 0.9691768884658813, 0.009109020233154297], "k_pid_vsp": [400.0, 370.9825134277344, 3.0711660385131836]}, "datetime": {"datetime": "2025-08-20 17:26:41", "elapsed": 20056.372182130814, "delta": 16.896002292633057}, "costs": {"total_cost": 223.18666582896512, "time_cost": 70.19200000000001, "final_distance_cost": 1.7672111237067871, "oscillation_cost": 75.54837441425127, "completition_cost": 0.0, "overshoot_cost": 50.84119402958049, "power_cost": 13.224612805175783, "noise_cost": 11.61327345625079, "n_waypoints_completed": 9, "tot_waypoints": 9}}
{"target": -307.72525228070594, "params": {"k_pid_pos": [1.8993875980377197, 0.016208380460739136, 0.9660803079605103], "k_pid_alt": [1.8753294944763184, 0.05390751361846924, 0.9393301606178284], "k_pid_att": [96.20916748046875, 0.10965611785650253, 0.9860228896141052], "k_pid_yaw": [0.5, 1e-06, 0.1], "k_pid_hsp": [9.655730247497559, 0.9872232675552368, 0.010020941495895386], "k_pid_vsp": [2.7710318565368652, 362.59906005859375, 14.870036125183105]}, "datetime": {"datetime": "2025-08-20 17:26:59", "elapsed": 20073.62561440468, "delta": 17.253432273864746}, "costs": {"total_cost": 307.72525228070594, "time_cost": 77.272, "final_distance_cost": 1.8413780477985562, "oscillation_cost": 148.19034174230381, "completition_cost": 0.0, "overshoot_cost": 51.14485304229657, "power_cost": 16.49033836669922, "noise_cost": 12.786341081607773, "n_waypoints_completed": 9, "tot_waypoints": 9}}
{"target": -232.78144410480328, "params": {"k_pid_pos": [1.9595226049423218, 0.019128620624542236, 0.0], "k_pid_alt": [1.9696249961853027, 0.08697584271430969, 0.9708584547042847], "k_pid_att": [96.05558776855469, 0.1707732081413269, 0.8663373589515686], "k_pid_yaw": [0.5, 1e-06, 0.1], "k_pid_hsp": [9.702631950378418, 0.8639170527458191, 0.011996924877166748], "k_pid_vsp": [399.9999084472656, 376.0998229980469, 17.05333137512207]}, "datetime": {"datetime": "2025-08-20 17:27:16", "elapsed": 20091.22757291794, "delta": 17.601958513259888}, "costs": {"total_cost": 232.78144410480328, "time_cost": 82.008, "final_distance_cost": 1.7773690886547135, "oscillation_cost": 71.52408148422553, "completition_cost": 0.0, "overshoot_cost": 51.553370885223, "power_cost": 14.1894794921875, "noise_cost": 11.72914315451256, "n_waypoints_completed": 9, "tot_waypoints": 9}}
{"target": -211.66237623759508, "params": {"k_pid_pos": [1.868279218673706, 0.0717281699180603, 5.8591365814208984e-05], "k_pid_alt": [1.7290312051773071, 0.022370874881744385, 0.9759817123413086], "k_pid_att": [94.67413330078125, 0.10750888288021088, 0.951903223991394], "k_pid_yaw": [0.5, 1e-06, 0.1], "k_pid_hsp": [9.949623107910156, 0.9942479133605957, 0.021115541458129883], "k_pid_vsp": [400.0, 386.88690185546875, 8.208430290222168]}, "datetime": {"datetime": "2025-08-20 17:27:32", "elapsed": 20106.938418388367, "delta": 15.710845470428467}, "costs": {"total_cost": 211.66237623759508, "time_cost": 69.936, "final_distance_cost": 1.7319887062957258, "oscillation_cost": 66.82110014546369, "completition_cost": 0.0, "overshoot_cost": 50.28937221083184, "power_cost": 12.027629821777344, "noise_cost": 10.856285353226484, "n_waypoints_completed": 9, "tot_waypoints": 9}}
{"target": -230.26315794328676, "params": {"k_pid_pos": [1.9693493843078613, 0.23457899689674377, 0.0], "k_pid_alt": [1.6195502281188965, 0.01655671000480652, 0.9886979460716248], "k_pid_att": [93.66661071777344, 1.0853919982910156, 0.990916907787323], "k_pid_yaw": [0.5, 1e-06, 0.1], "k_pid_hsp": [9.784140586853027, 0.9256260395050049, 0.024661749601364136], "k_pid_vsp": [400.0, 385.6363220214844, 9.958983421325684]}, "datetime": {"datetime": "2025-08-20 17:27:48", "elapsed": 20122.65537214279, "delta": 15.716953754425049}, "costs": {"total_cost": 230.26315794328676, "time_cost": 71.104, "final_distance_cost": 1.7424915633624003, "oscillation_cost": 81.0090186487698, "completition_cost": 0.0, "overshoot_cost": 50.44731496964927, "power_cost": 14.079173828125, "noise_cost": 11.881158933380279, "n_waypoints_completed": 9, "tot_waypoints": 9}}
{"target": -211.22124158116645, "params": {"k_pid_pos": [1.943009376525879, 0.09399431943893433, 0.0], "k_pid_alt": [1.8603236675262451, 0.0027551352977752686, 0.9792227745056152], "k_pid_att": [96.22682189941406, 0.8381418585777283, 0.8930203914642334], "k_pid_yaw": [0.5, 1e-06, 0.1], "k_pid_hsp": [9.483980178833008, 0.8032515048980713, 0.005489528179168701], "k_pid_vsp": [399.999755859375, 393.832763671875, 5.181826114654541]}, "datetime": {"datetime": "2025-08-20 17:28:04", "elapsed": 20138.50210261345, "delta": 15.846730470657349}, "costs": {"total_cost": 211.22124158116645, "time_cost": 70.408, "final_distance_cost": 1.736095033792567, "oscillation_cost": 64.63443917249043, "completition_cost": 0.0, "overshoot_cost": 49.91275107477918, "power_cost": 12.999485778808594, "noise_cost": 11.530470521295683, "n_waypoints_completed": 9, "tot_waypoints": 9}}
{"target": -218.88755171257998, "params": {"k_pid_pos": [1.7737629413604736, 0.032368004322052, 0.0], "k_pid_alt": [1.9853460788726807, 0.024060100317001343, 0.9859763383865356], "k_pid_att": [98.25818634033203, 0.8240333199501038, 0.7859168648719788], "k_pid_yaw": [0.5, 1e-06, 0.1], "k_pid_hsp": [9.436875343322754, 0.6232305765151978, 0.0037684738636016846], "k_pid_vsp": [7.152557373046875e-05, 380.838623046875, 5.178178310394287]}, "datetime": {"datetime": "2025-08-20 17:28:19", "elapsed": 20154.21781206131, "delta": 15.715709447860718}, "costs": {"total_cost": 218.88755171257998, "time_cost": 69.904, "final_distance_cost": 1.764833735170229, "oscillation_cost": 71.30980951767644, "completition_cost": 0.0, "overshoot_cost": 51.20629359919609, "power_cost": 14.333656237792969, "noise_cost": 10.368958622744216, "n_waypoints_completed": 9, "tot_waypoints": 9}}
{"target": -217.97818861485445, "params": {"k_pid_pos": [1.9580905437469482, 0.013926774263381958, 6.258487701416016e-07], "k_pid_alt": [1.918036699295044, 0.050323307514190674, 0.8477391004562378], "k_pid_att": [96.95242309570312, 0.09848274290561676, 0.9685165882110596], "k_pid_yaw": [0.5, 1e-06, 0.1], "k_pid_hsp": [9.539588928222656, 0.992743194103241, 0.015767663717269897], "k_pid_vsp": [399.98284912109375, 396.8177185058594, 3.0553946495056152]}, "datetime": {"datetime": "2025-08-20 17:28:34", "elapsed": 20169.410984277725, "delta": 15.193172216415405}, "costs": {"total_cost": 217.97818861485445, "time_cost": 69.928, "final_distance_cost": 1.7715718831023621, "oscillation_cost": 70.50240147061375, "completition_cost": 0.0, "overshoot_cost": 51.03608418764071, "power_cost": 13.149035839843751, "noise_cost": 11.591095233653862, "n_waypoints_completed": 9, "tot_waypoints": 9}}
{"target": -765.1737851234175, "params": {"k_pid_pos": [1.9080296754837036, 0.09258478879928589, 2.086162567138672e-07], "k_pid_alt": [1.9129785299301147, 0.20691192150115967, 0.9385378956794739], "k_pid_att": [94.58991241455078, 0.09391200542449951, 0.9887088537216187], "k_pid_yaw": [0.5, 1e-06, 0.1], "k_pid_hsp": [9.457467079162598, 0.8741143941879272, 0.05388873815536499], "k_pid_vsp": [0.20532608032226562, 361.2022399902344, 3.0687460899353027]}, "datetime": {"datetime": "2025-08-20 17:28:57", "elapsed": 20191.505366563797, "delta": 22.094382286071777}, "costs": {"total_cost": 765.1737851234175, "time_cost": 150, "final_distance_cost": 65.61987471631319, "oscillation_cost": 129.17873344119505, "completition_cost": 333.33333333333337, "overshoot_cost": 49.373156800537394, "power_cost": 22.352637438964845, "noise_cost": 15.316049393073628, "n_waypoints_completed": 6, "tot_waypoints": 9}}
{"target": -268.18162897608835, "params": {"k_pid_pos": [1.9123820066452026, 0.012261718511581421, 0.0], "k_pid_alt": [1.7094879150390625, 0.10447800159454346, 0.9082590937614441], "k_pid_att": [99.38585662841797, 0.6743308901786804, 0.9198907613754272], "k_pid_yaw": [0.5, 1e-06, 0.1], "k_pid_hsp": [9.823391914367676, 0.9207152724266052, 0.00867152214050293], "k_pid_vsp": [399.9998779296875, 392.58441162109375, 4.827333450317383]}, "datetime": {"datetime": "2025-08-20 17:29:19", "elapsed": 20213.972447156906, "delta": 22.46708059310913}, "costs": {"total_cost": 268.18162897608835, "time_cost": 99.47200000000001, "final_distance_cost": 1.7937684560697587, "oscillation_cost": 82.05587500769884, "completition_cost": 0.0, "overshoot_cost": 51.39852515189266, "power_cost": 17.925203198242187, "noise_cost": 15.5362571621849, "n_waypoints_completed": 9, "tot_waypoints": 9}}
{"target": -299.92100811754, "params": {"k_pid_pos": [1.8957418203353882, 0.03334096074104309, 0.00033995509147644043], "k_pid_alt": [1.932468295097351, 0.03310677409172058, 0.9982421398162842], "k_pid_att": [98.61711120605469, 1.4106125831604004, 0.9983409643173218], "k_pid_yaw": [0.5, 1e-06, 0.1], "k_pid_hsp": [9.733796119689941, 0.8966010808944702, 0.17439144849777222], "k_pid_vsp": [400.0, 376.047119140625, 68.95991516113281]}, "datetime": {"datetime": "2025-08-20 17:29:35", "elapsed": 20229.843604564667, "delta": 15.87115740776062}, "costs": {"total_cost": 299.92100811754, "time_cost": 69.28, "final_distance_cost": 1.7850068320697836, "oscillation_cost": 152.335299290271, "completition_cost": 0.0, "overshoot_cost": 50.36236829708448, "power_cost": 14.44050447998047, "noise_cost": 11.717829218134264, "n_waypoints_completed": 9, "tot_waypoints": 9}}
{"target": -386.3627645765127, "params": {"k_pid_pos": [1.9815967082977295, 0.2220454216003418, 0.9617542028427124], "k_pid_alt": [1.9395322799682617, 0.11427539587020874, 0.9904528856277466], "k_pid_att": [92.93769073486328, 0.21905875205993652, 0.9881583452224731], "k_pid_yaw": [0.5, 1e-06, 0.1], "k_pid_hsp": [9.129776954650879, 0.9917845726013184, 0.04530000686645508], "k_pid_vsp": [399.9999084472656, 389.9994201660156, 49.29376983642578]}, "datetime": {"datetime": "2025-08-20 17:29:54", "elapsed": 20248.930250406265, "delta": 19.08664584159851}, "costs": {"total_cost": 386.3627645765127, "time_cost": 87.744, "final_distance_cost": 1.7697240978506172, "oscillation_cost": 212.10584177738923, "completition_cost": 0.0, "overshoot_cost": 51.788697396038636, "power_cost": 18.429406567382813, "noise_cost": 14.525094737851335, "n_waypoints_completed": 9, "tot_waypoints": 9}}
{"target": -220.1456695919334, "params": {"k_pid_pos": [1.9921629428863525, 0.11940750479698181, 1.850724220275879e-05], "k_pid_alt": [1.943718433380127, 0.019429028034210205, 0.9450005292892456], "k_pid_att": [96.65265655517578, 0.06835587322711945, 0.9749116897583008], "k_pid_yaw": [0.5, 1e-06, 0.1], "k_pid_hsp": [9.935726165771484, 0.8041220903396606, 0.041087567806243896], "k_pid_vsp": [400.0, 390.27587890625, 20.77530860900879]}, "datetime": {"datetime": "2025-08-20 17:30:10", "elapsed": 20264.640121936798, "delta": 15.709871530532837}, "costs": {"total_cost": 220.1456695919334, "time_cost": 70.024, "final_distance_cost": 1.720947567923535, "oscillation_cost": 76.90365592589092, "completition_cost": 0.0, "overshoot_cost": 50.738460494585716, "power_cost": 10.915433837890626, "noise_cost": 9.84317176564261, "n_waypoints_completed": 9, "tot_waypoints": 9}}
{"target": -463.4031558138581, "params": {"k_pid_pos": [1.9902052879333496, 0.008883357048034668, 0.0], "k_pid_alt": [1.9731166362762451, 0.20181965827941895, 0.9756264686584473], "k_pid_att": [85.7713394165039, 1.1653892993927002, 0.8568460941314697], "k_pid_yaw": [0.5, 1e-06, 0.1], "k_pid_hsp": [9.905224800109863, 0.8947665691375732, 0.044604599475860596], "k_pid_vsp": [400.0, 388.28668212890625, 27.937664031982422]}, "datetime": {"datetime": "2025-08-20 17:30:32", "elapsed": 20286.716226816177, "delta": 22.076104879379272}, "costs": {"total_cost": 463.4031558138581, "time_cost": 150, "final_distance_cost": 3.5508111928618673, "oscillation_cost": 106.78326278729463, "completition_cost": 111.11111111111116, "overshoot_cost": 52.47471047017991, "power_cost": 22.685620715332032, "noise_cost": 16.797639537078513, "n_waypoints_completed": 8, "tot_waypoints": 9}}
{"target": -227.85978417351396, "params": {"k_pid_pos": [1.8703327178955078, 0.022422462701797485, 0.0], "k_pid_alt": [1.9250085353851318, 0.03702902793884277, 0.8501127362251282], "k_pid_att": [99.71756744384766, 1.0923882722854614, 0.9915341138839722], "k_pid_yaw": [0.5, 1e-06, 0.1], "k_pid_hsp": [9.380695343017578, 0.7824154496192932, 0.1406722068786621], "k_pid_vsp": [400.0, 397.3077697753906, 6.329775810241699]}, "datetime": {"datetime": "2025-08-20 17:30:47", "elapsed": 20302.3983566761, "delta": 15.682129859924316}, "costs": {"total_cost": 227.85978417351396, "time_cost": 69.84, "final_distance_cost": 1.7201937853320968, "oscillation_cost": 80.14181642856657, "completition_cost": 0.0, "overshoot_cost": 50.09826101169857, "power_cost": 13.99765379638672, "noise_cost": 12.06185915152998, "n_waypoints_completed": 9, "tot_waypoints": 9}}
{"target": -246.53217356678044, "params": {"k_pid_pos": [1.9773808717727661, 0.03059154748916626, 0.0], "k_pid_alt": [1.9094159603118896, 0.0845729410648346, 0.9880058169364929], "k_pid_att": [91.3611068725586, 0.2348138839006424, 0.9281365275382996], "k_pid_yaw": [0.5, 1e-06, 0.1], "k_pid_hsp": [9.813769340515137, 0.9742372035980225, 0.023140400648117065], "k_pid_vsp": [399.99981689453125, 392.22454833984375, 3.9372096061706543]}, "datetime": {"datetime": "2025-08-20 17:31:06", "elapsed": 20320.623567581177, "delta": 18.225210905075073}, "costs": {"total_cost": 246.53217356678044, "time_cost": 82.736, "final_distance_cost": 1.8016118603841558, "oscillation_cost": 81.29709494615804, "completition_cost": 0.0, "overshoot_cost": 51.88220875811276, "power_cost": 15.44339931640625, "noise_cost": 13.371858685719209, "n_waypoints_completed": 9, "tot_waypoints": 9}}
{"target": -204.99088755477078, "params": {"k_pid_pos": [1.8585050106048584, 0.031468331813812256, 9.208917617797852e-06], "k_pid_alt": [1.9662506580352783, 0.017825037240982056, 0.9923274517059326], "k_pid_att": [90.92852783203125, 0.1793779581785202, 0.9781639575958252], "k_pid_yaw": [0.5, 1e-06, 0.1], "k_pid_hsp": [8.426986694335938, 0.9893859028816223, 0.034282177686691284], "k_pid_vsp": [400.0, 387.84906005859375, 38.02669143676758]}, "datetime": {"datetime": "2025-08-20 17:31:22", "elapsed": 20336.595157146454, "delta": 15.9715895652771}, "costs": {"total_cost": 204.99088755477078, "time_cost": 69.024, "final_distance_cost": 1.746768450910396, "oscillation_cost": 60.85250920770162, "completition_cost": 0.0, "overshoot_cost": 49.735495153510165, "power_cost": 12.86478612060547, "noise_cost": 10.767328622043147, "n_waypoints_completed": 9, "tot_waypoints": 9}}
{"target": -241.3098097233079, "params": {"k_pid_pos": [1.951833724975586, 0.018970787525177002, 2.9802322387695312e-08], "k_pid_alt": [1.8164286613464355, 0.057617366313934326, 0.9551892280578613], "k_pid_att": [97.9294204711914, 0.2680604159832001, 0.661180317401886], "k_pid_yaw": [0.5, 1e-06, 0.1], "k_pid_hsp": [9.822591781616211, 0.9879046082496643, 0.06301885843276978], "k_pid_vsp": [400.0, 384.2273864746094, 31.93581199645996]}, "datetime": {"datetime": "2025-08-20 17:31:37", "elapsed": 20352.357006788254, "delta": 15.761849641799927}, "costs": {"total_cost": 241.3098097233079, "time_cost": 69.328, "final_distance_cost": 1.7900538208628096, "oscillation_cost": 93.43364897811671, "completition_cost": 0.0, "overshoot_cost": 50.28791931772169, "power_cost": 14.768525659179689, "noise_cost": 11.701661947426997, "n_waypoints_completed": 9, "tot_waypoints": 9}}
{"target": -220.5311333053094, "params": {"k_pid_pos": [1.9758031368255615, 0.15977346897125244, 5.4955482482910156e-05], "k_pid_alt": [1.9822263717651367, 0.047442495822906494, 0.9925834536552429], "k_pid_att": [93.73139190673828, 0.28659072518348694, 0.9015218019485474], "k_pid_yaw": [0.5, 1e-06, 0.1], "k_pid_hsp": [9.86874771118164, 0.9711583852767944, 0.018373221158981323], "k_pid_vsp": [400.0, 393.9578552246094, 2.0266900062561035]}, "datetime": {"datetime": "2025-08-20 17:31:53", "elapsed": 20367.596052885056, "delta": 15.239046096801758}, "costs": {"total_cost": 220.5311333053094, "time_cost": 70.47200000000001, "final_distance_cost": 1.7510102377111298, "oscillation_cost": 72.51513847581374, "completition_cost": 0.0, "overshoot_cost": 50.87981189767037, "power_cost": 13.205872192382813, "noise_cost": 11.707300501731341, "n_waypoints_completed": 9, "tot_waypoints": 9}}
{"target": -208.0917930934077, "params": {"k_pid_pos": [1.539925456047058, 0.0446191132068634, 0.0], "k_pid_alt": [1.8555090427398682, 0.04067957401275635, 0.9387804269790649], "k_pid_att": [98.16706848144531, 0.1446070373058319, 0.9168558120727539], "k_pid_yaw": [0.5, 1e-06, 0.1], "k_pid_hsp": [9.335468292236328, 0.9206103086471558, 0.06323036551475525], "k_pid_vsp": [399.9403076171875, 368.21868896484375, 7.685185432434082]}, "datetime": {"datetime": "2025-08-20 17:32:08", "elapsed": 20383.156146764755, "delta": 15.560093879699707}, "costs": {"total_cost": 208.0917930934077, "time_cost": 68.88, "final_distance_cost": 1.7739995228908567, "oscillation_cost": 62.39690302758447, "completition_cost": 0.0, "overshoot_cost": 50.297905999361575, "power_cost": 13.116622741699219, "noise_cost": 11.626361801871573, "n_waypoints_completed": 9, "tot_waypoints": 9}}
{"target": -275.48709340355083, "params": {"k_pid_pos": [1.892181634902954, 0.017380625009536743, 0.0018278658390045166], "k_pid_alt": [1.941965103149414, 0.195907324552536, 0.9705640077590942], "k_pid_att": [97.7052001953125, 0.6823168992996216, 0.8940419554710388], "k_pid_yaw": [0.5, 1e-06, 0.1], "k_pid_hsp": [9.797764778137207, 0.8106033802032471, 0.013280928134918213], "k_pid_vsp": [400.0, 384.22802734375, 37.466835021972656]}, "datetime": {"datetime": "2025-08-20 17:32:31", "elapsed": 20405.81594967842, "delta": 22.65980291366577}, "costs": {"total_cost": 275.48709340355083, "time_cost": 99.928, "final_distance_cost": 1.7407123435174212, "oscillation_cost": 88.98437097860874, "completition_cost": 0.0, "overshoot_cost": 52.422741768974014, "power_cost": 18.204543017578125, "noise_cost": 14.20672529487249, "n_waypoints_completed": 9, "tot_waypoints": 9}}
{"target": -220.49601451482906, "params": {"k_pid_pos": [1.9594186544418335, 0.002912968397140503, 0.006118267774581909], "k_pid_alt": [1.7427181005477905, 0.035388797521591187, 0.9491479396820068], "k_pid_att": [99.10556030273438, 0.14053846895694733, 0.9913830161094666], "k_pid_yaw": [0.5, 1e-06, 0.1], "k_pid_hsp": [9.974305152893066, 0.9622834920883179, 0.009251147508621216], "k_pid_vsp": [400.0, 390.9939880371094, 105.83648681640625]}, "datetime": {"datetime": "2025-08-20 17:32:46", "elapsed": 20420.827557325363, "delta": 15.011607646942139}, "costs": {"total_cost": 220.49601451482906, "time_cost": 69.36, "final_distance_cost": 1.7398460630282038, "oscillation_cost": 71.72122295340189, "completition_cost": 0.0, "overshoot_cost": 50.602022615278955, "power_cost": 15.352162841796876, "noise_cost": 11.72076004132313, "n_waypoints_completed": 9, "tot_waypoints": 9}}
{"target": -216.02626070136597, "params": {"k_pid_pos": [1.9881335496902466, 0.03813272714614868, 0.0002988278865814209], "k_pid_alt": [1.7130866050720215, 0.028069734573364258, 0.9639270305633545], "k_pid_att": [95.93793487548828, 0.03266884386539459, 0.9395787715911865], "k_pid_yaw": [0.5, 1e-06, 0.1], "k_pid_hsp": [9.717329978942871, 0.9666389226913452, 0.008007943630218506], "k_pid_vsp": [400.0, 372.5552673339844, 2.4890670776367188]}, "datetime": {"datetime": "2025-08-20 17:33:02", "elapsed": 20436.739193677902, "delta": 15.911636352539062}, "costs": {"total_cost": 216.02626070136597, "time_cost": 70.048, "final_distance_cost": 1.7515238883766662, "oscillation_cost": 68.97754377703778, "completition_cost": 0.0, "overshoot_cost": 50.58078187504612, "power_cost": 13.130920666503906, "noise_cost": 11.537490494401515, "n_waypoints_completed": 9, "tot_waypoints": 9}}
{"target": -445.346988324479, "params": {"k_pid_pos": [1.980816125869751, 0.04854995012283325, 0.0], "k_pid_alt": [1.9516785144805908, 0.19453346729278564, 0.9079864025115967], "k_pid_att": [95.98592376708984, 0.6592340469360352, 0.9771623015403748], "k_pid_yaw": [0.5, 1e-06, 0.1], "k_pid_hsp": [9.48147201538086, 0.9855981469154358, 0.042792320251464844], "k_pid_vsp": [400.0, 367.2637023925781, 4.846383094787598]}, "datetime": {"datetime": "2025-08-20 17:33:24", "elapsed": 20458.99113178253, "delta": 22.251938104629517}, "costs": {"total_cost": 445.346988324479, "time_cost": 150, "final_distance_cost": 12.017579034535238, "oscillation_cost": 85.92517290329984, "completition_cost": 111.11111111111116, "overshoot_cost": 52.71850319774157, "power_cost": 18.278905200195315, "noise_cost": 15.295716877595986, "n_waypoints_completed": 8, "tot_waypoints": 9}}
