{"target": -215.34245616602328, "params": {"k_pid_pos": [1.9537065029144287, 0.019559472799301147, 2.9802322387695312e-08], "k_pid_alt": [1.9434850215911865, 0.017990708351135254, 0.9148449897766113], "k_pid_att": [95.08058166503906, 0.10553479194641113, 0.9727466106414795], "k_pid_yaw": [0.5, 1e-06, 0.1], "k_pid_hsp": [9.80888557434082, 0.9758896231651306, 0.016246497631072998], "k_pid_vsp": [400.0, 394.3765563964844, 25.582565307617188]}, "datetime": {"datetime": "2025-08-20 22:05:40", "elapsed": 36794.76848077774, "delta": 16.043076515197754}, "costs": {"total_cost": 215.34245616602328, "time_cost": 69.544, "final_distance_cost": 1.767897404068474, "oscillation_cost": 68.07939769352103, "completition_cost": 0.0, "overshoot_cost": 50.089568287418864, "power_cost": 14.388732714843751, "noise_cost": 11.47286006617116, "n_waypoints_completed": 9, "tot_waypoints": 9}}
{"target": -209.54111500596093, "params": {"k_pid_pos": [1.9821819067001343, 0.01853954792022705, 0.0], "k_pid_alt": [1.9783895015716553, 0.00267067551612854, 0.9806486368179321], "k_pid_att": [97.69401550292969, 0.1378336250782013, 0.9878088235855103], "k_pid_yaw": [0.5, 1e-06, 0.1], "k_pid_hsp": [9.736124038696289, 0.9899047017097473, 0.011108487844467163], "k_pid_vsp": [400.0, 396.242431640625, 15.065325736999512]}, "datetime": {"datetime": "2025-08-20 22:05:57", "elapsed": 36812.0523686409, "delta": 17.28388786315918}, "costs": {"total_cost": 209.54111500596093, "time_cost": 69.84, "final_distance_cost": 1.7968308414354472, "oscillation_cost": 63.020238987303145, "completition_cost": 0.0, "overshoot_cost": 49.64400712038162, "power_cost": 14.052021093750001, "noise_cost": 11.188016963090723, "n_waypoints_completed": 9, "tot_waypoints": 9}}
{"target": -223.90625023299327, "params": {"k_pid_pos": [1.9735773801803589, 0.0076601505279541016, 0.0], "k_pid_alt": [1.9811313152313232, 0.021170973777770996, 0.9442789554595947], "k_pid_att": [99.57833099365234, 0.2658446431159973, 0.9710357785224915], "k_pid_yaw": [0.5, 1e-06, 0.1], "k_pid_hsp": [9.95809268951416, 0.9851092100143433, 0.04675948619842529], "k_pid_vsp": [400.0, 393.0628662109375, 21.38018798828125]}, "datetime": {"datetime": "2025-08-20 22:06:13", "elapsed": 36828.40351676941, "delta": 16.35114812850952}, "costs": {"total_cost": 223.90625023299327, "time_cost": 69.52, "final_distance_cost": 1.7408446794504036, "oscillation_cost": 73.91181020136027, "completition_cost": 0.0, "overshoot_cost": 50.72273678995761, "power_cost": 15.654972851562501, "noise_cost": 12.355885710662506, "n_waypoints_completed": 9, "tot_waypoints": 9}}
{"target": -210.68028948320415, "params": {"k_pid_pos": [1.9654631614685059, 0.009022176265716553, 0.0], "k_pid_alt": [1.9794385433197021, 0.003900378942489624, 0.9906345009803772], "k_pid_att": [98.63288116455078, 0.15143705904483795, 0.9509845972061157], "k_pid_yaw": [0.5, 1e-06, 0.1], "k_pid_hsp": [9.063441276550293, 0.8685300350189209, 0.038869708776474], "k_pid_vsp": [399.99896240234375, 351.32647705078125, 4.365814685821533]}, "datetime": {"datetime": "2025-08-20 22:06:29", "elapsed": 36844.25017166138, "delta": 15.846654891967773}, "costs": {"total_cost": 210.68028948320415, "time_cost": 69.92, "final_distance_cost": 1.788782483615705, "oscillation_cost": 64.23723855799679, "completition_cost": 0.0, "overshoot_cost": 49.788632007550596, "power_cost": 13.285801245117188, "noise_cost": 11.659835188923864, "n_waypoints_completed": 9, "tot_waypoints": 9}}
{"target": -243.63500854664767, "params": {"k_pid_pos": [1.9888516664505005, 0.049382150173187256, 0.0], "k_pid_alt": [1.9868521690368652, 0.07358810305595398, 0.9920652508735657], "k_pid_att": [98.92726135253906, 0.11010731756687164, 0.994093656539917], "k_pid_yaw": [0.5, 1e-06, 0.1], "k_pid_hsp": [9.884957313537598, 0.9479485750198364, 0.008318006992340088], "k_pid_vsp": [382.56683349609375, 382.30419921875, 9.178353309631348]}, "datetime": {"datetime": "2025-08-20 22:06:47", "elapsed": 36861.972769737244, "delta": 17.7225980758667}, "costs": {"total_cost": 243.63500854664767, "time_cost": 81.384, "final_distance_cost": 1.753874890301577, "oscillation_cost": 81.44285238504213, "completition_cost": 0.0, "overshoot_cost": 52.36395852558664, "power_cost": 14.223487145996094, "noise_cost": 12.466835599721236, "n_waypoints_completed": 9, "tot_waypoints": 9}}
{"target": -206.51608320243025, "params": {"k_pid_pos": [1.9849343299865723, 0.014244824647903442, 5.960464477539063e-08], "k_pid_alt": [1.9536828994750977, 0.02054479718208313, 0.9329422116279602], "k_pid_att": [96.26920318603516, 0.025940142571926117, 0.9728037118911743], "k_pid_yaw": [0.5, 1e-06, 0.1], "k_pid_hsp": [8.100595474243164, 0.9950252175331116, 0.011546194553375244], "k_pid_vsp": [400.0, 397.29144287109375, 5.866135120391846]}, "datetime": {"datetime": "2025-08-20 22:07:04", "elapsed": 36878.68754649162, "delta": 16.714776754379272}, "costs": {"total_cost": 206.51608320243025, "time_cost": 69.824, "final_distance_cost": 1.7646241245791194, "oscillation_cost": 60.12055424551957, "completition_cost": 0.0, "overshoot_cost": 50.50257060162435, "power_cost": 12.900306469726564, "noise_cost": 11.404027760980664, "n_waypoints_completed": 9, "tot_waypoints": 9}}
{"target": -261.803235600936, "params": {"k_pid_pos": [1.9742985963821411, 0.010012388229370117, 0.027889162302017212], "k_pid_alt": [1.9649767875671387, 0.08314988017082214, 0.8675239086151123], "k_pid_att": [96.78466033935547, 0.06088361516594887, 0.8639508485794067], "k_pid_yaw": [0.5, 1e-06, 0.1], "k_pid_hsp": [9.886104583740234, 0.9563860893249512, 0.06722119450569153], "k_pid_vsp": [400.0, 386.8245544433594, 1.7567763328552246]}, "datetime": {"datetime": "2025-08-20 22:07:21", "elapsed": 36896.22902798653, "delta": 17.541481494903564}, "costs": {"total_cost": 261.803235600936, "time_cost": 80.376, "final_distance_cost": 1.766151292049248, "oscillation_cost": 98.50880168934385, "completition_cost": 0.0, "overshoot_cost": 52.78214839035858, "power_cost": 15.205183825683594, "noise_cost": 13.164950403500699, "n_waypoints_completed": 9, "tot_waypoints": 9}}
{"target": -447.72285213516034, "params": {"k_pid_pos": [1.9526926279067993, 0.033614128828048706, 0.0], "k_pid_alt": [1.94000244140625, 0.1734197437763214, 0.9851886034011841], "k_pid_att": [90.94519805908203, 0.2551516592502594, 0.9910351634025574], "k_pid_yaw": [0.5, 1e-06, 0.1], "k_pid_hsp": [9.889222145080566, 0.9850565791130066, 0.048584043979644775], "k_pid_vsp": [400.0, 391.5032043457031, 5.734134674072266]}, "datetime": {"datetime": "2025-08-20 22:07:45", "elapsed": 36919.550874233246, "delta": 23.32184624671936}, "costs": {"total_cost": 447.72285213516034, "time_cost": 150, "final_distance_cost": 13.888830693416267, "oscillation_cost": 86.72519168500021, "completition_cost": 111.11111111111116, "overshoot_cost": 52.312276167287855, "power_cost": 18.35561953125, "noise_cost": 15.329822947094922, "n_waypoints_completed": 8, "tot_waypoints": 9}}
{"target": -275.80315940469325, "params": {"k_pid_pos": [1.9502695798873901, 0.007135838270187378, 0.0], "k_pid_alt": [1.9397668838500977, 0.011184006929397583, 0.9993298649787903], "k_pid_att": [96.44802856445312, 0.19217345118522644, 0.8446431159973145], "k_pid_yaw": [0.5, 1e-06, 0.1], "k_pid_hsp": [9.9443359375, 0.9758032560348511, 0.09111902117729187], "k_pid_vsp": [400.0, 377.42333984375, 77.00774383544922]}, "datetime": {"datetime": "2025-08-20 22:08:02", "elapsed": 36937.39755511284, "delta": 17.846680879592896}, "costs": {"total_cost": 275.80315940469325, "time_cost": 74.328, "final_distance_cost": 1.7878088062595885, "oscillation_cost": 120.36158450319842, "completition_cost": 0.0, "overshoot_cost": 50.47836041904003, "power_cost": 16.266758508300782, "noise_cost": 12.5806471678944, "n_waypoints_completed": 9, "tot_waypoints": 9}}
{"target": -220.90108166021338, "params": {"k_pid_pos": [1.9396998882293701, 0.016726166009902954, 0.0], "k_pid_alt": [1.9821380376815796, 0.03381037712097168, 0.9771595001220703], "k_pid_att": [99.6180648803711, 0.23358961939811707, 0.9670445919036865], "k_pid_yaw": [0.5, 1e-06, 0.1], "k_pid_hsp": [9.690698623657227, 0.9626305103302002, 0.0050376951694488525], "k_pid_vsp": [400.0, 373.0184631347656, 46.51116180419922]}, "datetime": {"datetime": "2025-08-20 22:08:19", "elapsed": 36953.554475307465, "delta": 16.156920194625854}, "costs": {"total_cost": 220.90108166021338, "time_cost": 69.48, "final_distance_cost": 1.7380709144988005, "oscillation_cost": 75.64052535065184, "completition_cost": 0.0, "overshoot_cost": 50.03856092728171, "power_cost": 13.347959204101564, "noise_cost": 10.655965263679464, "n_waypoints_completed": 9, "tot_waypoints": 9}}
{"target": -260.3151186790765, "params": {"k_pid_pos": [1.8492647409439087, 0.013877570629119873, 0.39309191703796387], "k_pid_alt": [1.9607243537902832, 0.0033612847328186035, 0.9948071241378784], "k_pid_att": [97.85758209228516, 0.05114639922976494, 0.9509521722793579], "k_pid_yaw": [0.5, 1e-06, 0.1], "k_pid_hsp": [9.899076461791992, 0.9840142726898193, 0.06814920902252197], "k_pid_vsp": [400.0, 393.52655029296875, 16.172840118408203]}, "datetime": {"datetime": "2025-08-20 22:08:35", "elapsed": 36969.95489168167, "delta": 16.400416374206543}, "costs": {"total_cost": 260.3151186790765, "time_cost": 69.08, "final_distance_cost": 1.8053725502160802, "oscillation_cost": 113.1119846170847, "completition_cost": 0.0, "overshoot_cost": 49.837059760845634, "power_cost": 14.499292517089845, "noise_cost": 11.981409233840223, "n_waypoints_completed": 9, "tot_waypoints": 9}}
{"target": -305.0236837467893, "params": {"k_pid_pos": [1.8531250953674316, 0.020527929067611694, 5.620718002319336e-05], "k_pid_alt": [1.985730528831482, 0.04387614130973816, 0.9782792329788208], "k_pid_att": [98.65155029296875, 1.1319483518600464, 0.9884142875671387], "k_pid_yaw": [0.5, 1e-06, 0.1], "k_pid_hsp": [9.854819297790527, 0.9473016262054443, 0.29030999541282654], "k_pid_vsp": [400.0, 395.63580322265625, 16.501953125]}, "datetime": {"datetime": "2025-08-20 22:08:51", "elapsed": 36985.54415178299, "delta": 15.58926010131836}, "costs": {"total_cost": 305.0236837467893, "time_cost": 69.736, "final_distance_cost": 1.7247457234965162, "oscillation_cost": 156.0318246569323, "completition_cost": 0.0, "overshoot_cost": 51.315144085041084, "power_cost": 14.443300854492188, "noise_cost": 11.772668426827243, "n_waypoints_completed": 9, "tot_waypoints": 9}}
{"target": -210.18119284858665, "params": {"k_pid_pos": [1.9290180206298828, 0.006275266408920288, 0.0], "k_pid_alt": [1.967077374458313, 0.024854540824890137, 0.93653404712677], "k_pid_att": [96.71306610107422, 0.47954481840133667, 0.9671326875686646], "k_pid_yaw": [0.5, 1e-06, 0.1], "k_pid_hsp": [9.492239952087402, 0.982164740562439, 0.009564757347106934], "k_pid_vsp": [400.0, 397.3719177246094, 2.159954071044922]}, "datetime": {"datetime": "2025-08-20 22:09:07", "elapsed": 37002.44732117653, "delta": 16.90316939353943}, "costs": {"total_cost": 210.18119284858665, "time_cost": 69.632, "final_distance_cost": 1.7470504634518942, "oscillation_cost": 64.21057915777511, "completition_cost": 0.0, "overshoot_cost": 50.38737233450417, "power_cost": 12.789523242187501, "noise_cost": 11.414667650667974, "n_waypoints_completed": 9, "tot_waypoints": 9}}
{"target": -243.10929109880388, "params": {"k_pid_pos": [1.9753798246383667, 0.026176422834396362, 0.0], "k_pid_alt": [1.9649063348770142, 0.00242769718170166, 0.9911719560623169], "k_pid_att": [96.55420684814453, 0.43124765157699585, 0.9112284779548645], "k_pid_yaw": [0.5, 1e-06, 0.1], "k_pid_hsp": [9.837691307067871, 0.9857672452926636, 0.03301846981048584], "k_pid_vsp": [399.99993896484375, 373.0553894042969, 10.155893325805664]}, "datetime": {"datetime": "2025-08-20 22:09:23", "elapsed": 37017.89464235306, "delta": 15.44732117652893}, "costs": {"total_cost": 243.10929109880388, "time_cost": 69.888, "final_distance_cost": 1.7762869516687942, "oscillation_cost": 94.90297889725566, "completition_cost": 0.0, "overshoot_cost": 50.288661975398455, "power_cost": 14.324064318847658, "noise_cost": 11.929298955633291, "n_waypoints_completed": 9, "tot_waypoints": 9}}
{"target": -315.66712105394316, "params": {"k_pid_pos": [1.7743861675262451, 0.0284745991230011, 0.0], "k_pid_alt": [1.9694244861602783, 0.12784916162490845, 0.9158269166946411], "k_pid_att": [95.26493835449219, 0.3214373290538788, 0.9200406670570374], "k_pid_yaw": [0.5, 1e-06, 0.1], "k_pid_hsp": [9.960286140441895, 0.9658195972442627, 0.10895416140556335], "k_pid_vsp": [400.0, 389.2048034667969, 5.688048362731934]}, "datetime": {"datetime": "2025-08-20 22:09:46", "elapsed": 37040.58763051033, "delta": 22.69298815727234}, "costs": {"total_cost": 315.66712105394316, "time_cost": 98.32000000000001, "final_distance_cost": 1.773252657879958, "oscillation_cost": 129.70685289175645, "completition_cost": 0.0, "overshoot_cost": 51.45805507820107, "power_cost": 18.652004443359377, "noise_cost": 15.756955982746325, "n_waypoints_completed": 9, "tot_waypoints": 9}}
{"target": -241.93837394977047, "params": {"k_pid_pos": [1.9317749738693237, 0.11636146903038025, 2.4437904357910156e-06], "k_pid_alt": [1.9906961917877197, 0.03645095229148865, 0.996169924736023], "k_pid_att": [99.26933288574219, 0.07066046446561813, 0.9833314418792725], "k_pid_yaw": [0.5, 1e-06, 0.1], "k_pid_hsp": [9.925114631652832, 0.9849073886871338, 0.1801745891571045], "k_pid_vsp": [400.0, 394.1160583496094, 3.009892463684082]}, "datetime": {"datetime": "2025-08-20 22:10:01", "elapsed": 37055.7663128376, "delta": 15.178682327270508}, "costs": {"total_cost": 241.93837394977047, "time_cost": 69.84, "final_distance_cost": 1.7371776178512706, "oscillation_cost": 92.85030112614544, "completition_cost": 0.0, "overshoot_cost": 50.1298918737877, "power_cost": 14.886510705566407, "noise_cost": 12.494492626419664, "n_waypoints_completed": 9, "tot_waypoints": 9}}
{"target": -217.16807109521096, "params": {"k_pid_pos": [1.9869102239608765, 0.028154820203781128, 3.5762786865234375e-06], "k_pid_alt": [1.985744833946228, 0.012441873550415039, 0.9823735952377319], "k_pid_att": [99.50048065185547, 0.1891428828239441, 0.8671904802322388], "k_pid_yaw": [0.5, 1e-06, 0.1], "k_pid_hsp": [9.970273971557617, 0.9919066429138184, 0.010462254285812378], "k_pid_vsp": [400.0, 397.67779541015625, 0.7636914849281311]}, "datetime": {"datetime": "2025-08-20 22:10:17", "elapsed": 37072.45267367363, "delta": 16.686360836029053}, "costs": {"total_cost": 217.16807109521096, "time_cost": 69.592, "final_distance_cost": 1.7312425084384382, "oscillation_cost": 70.7553617115682, "completition_cost": 0.0, "overshoot_cost": 50.360711644773964, "power_cost": 13.22122254638672, "noise_cost": 11.50753268404364, "n_waypoints_completed": 9, "tot_waypoints": 9}}
{"target": -207.90076961873544, "params": {"k_pid_pos": [1.713976263999939, 0.028035521507263184, 0.0], "k_pid_alt": [1.9603817462921143, 0.03438481688499451, 0.9812665581703186], "k_pid_att": [98.48580932617188, 1.953597903251648, 0.9789706468582153], "k_pid_yaw": [0.5, 1e-06, 0.1], "k_pid_hsp": [9.877967834472656, 0.9742132425308228, 0.010731428861618042], "k_pid_vsp": [400.0, 389.8760986328125, 4.111100196838379]}, "datetime": {"datetime": "2025-08-20 22:10:32", "elapsed": 37087.253104925156, "delta": 14.800431251525879}, "costs": {"total_cost": 207.90076961873544, "time_cost": 69.232, "final_distance_cost": 1.7369321255194516, "oscillation_cost": 62.143971220438296, "completition_cost": 0.0, "overshoot_cost": 50.30391390894198, "power_cost": 12.984457934570313, "noise_cost": 11.499494429265408, "n_waypoints_completed": 9, "tot_waypoints": 9}}
{"target": -223.06118756997617, "params": {"k_pid_pos": [1.9930318593978882, 0.02494862675666809, 0.0], "k_pid_alt": [1.785838007926941, 0.018525004386901855, 0.9597656726837158], "k_pid_att": [98.63927459716797, 0.10896798968315125, 0.9781176447868347], "k_pid_yaw": [0.5, 1e-06, 0.1], "k_pid_hsp": [9.841939926147461, 0.9959733486175537, 0.040538281202316284], "k_pid_vsp": [400.0, 393.7477111816406, 3.5841355323791504]}, "datetime": {"datetime": "2025-08-20 22:10:49", "elapsed": 37103.92799091339, "delta": 16.674885988235474}, "costs": {"total_cost": 223.06118756997617, "time_cost": 69.888, "final_distance_cost": 1.7283388723272985, "oscillation_cost": 76.084923923808, "completition_cost": 0.0, "overshoot_cost": 50.369394665498675, "power_cost": 13.339699462890625, "noise_cost": 11.650830645451553, "n_waypoints_completed": 9, "tot_waypoints": 9}}
{"target": -210.66872698522235, "params": {"k_pid_pos": [1.820068359375, 0.014277815818786621, 0.0], "k_pid_alt": [1.9501197338104248, 0.006343543529510498, 0.894970178604126], "k_pid_att": [99.35340118408203, 0.5266690254211426, 0.9619244337081909], "k_pid_yaw": [0.5, 1e-06, 0.1], "k_pid_hsp": [8.456219673156738, 0.9733136892318726, 0.02227678894996643], "k_pid_vsp": [399.014892578125, 398.5481872558594, 17.144336700439453]}, "datetime": {"datetime": "2025-08-20 22:11:04", "elapsed": 37118.98424935341, "delta": 15.0562584400177}, "costs": {"total_cost": 210.66872698522235, "time_cost": 69.36, "final_distance_cost": 1.7797689938478398, "oscillation_cost": 61.4458221166788, "completition_cost": 0.0, "overshoot_cost": 50.34945035219408, "power_cost": 15.499050708007813, "noise_cost": 12.2346348144938, "n_waypoints_completed": 9, "tot_waypoints": 9}}
{"target": -231.94428668495325, "params": {"k_pid_pos": [1.9247711896896362, 0.004954308271408081, 0.0], "k_pid_alt": [1.9866548776626587, 0.06822335720062256, 0.9844532012939453], "k_pid_att": [97.17048645019531, 0.036267440766096115, 0.9980553984642029], "k_pid_yaw": [0.5, 1e-06, 0.1], "k_pid_hsp": [9.304490089416504, 0.9968318939208984, 0.008277952671051025], "k_pid_vsp": [1.1920928955078125e-05, 395.97161865234375, 7.08220100402832]}, "datetime": {"datetime": "2025-08-20 22:11:23", "elapsed": 37138.09543991089, "delta": 19.11119055747986}, "costs": {"total_cost": 231.94428668495325, "time_cost": 72.808, "final_distance_cost": 1.715191700375002, "oscillation_cost": 78.55169290445178, "completition_cost": 0.0, "overshoot_cost": 52.39189700399118, "power_cost": 15.118969934082031, "noise_cost": 11.358535142053245, "n_waypoints_completed": 9, "tot_waypoints": 9}}
{"target": -215.82065785883287, "params": {"k_pid_pos": [1.940355896949768, 0.007655113935470581, 0.35182633996009827], "k_pid_alt": [1.9634162187576294, 0.016728311777114868, 0.9874142408370972], "k_pid_att": [97.14668273925781, 0.020338255912065506, 0.9947329163551331], "k_pid_yaw": [0.5, 1e-06, 0.1], "k_pid_hsp": [9.306070327758789, 0.996634304523468, 0.0418677031993866], "k_pid_vsp": [399.994140625, 395.7337646484375, 0.9197483658790588]}, "datetime": {"datetime": "2025-08-20 22:11:38", "elapsed": 37152.91948080063, "delta": 14.82404088973999}, "costs": {"total_cost": 215.82065785883287, "time_cost": 68.688, "final_distance_cost": 1.8006796568675676, "oscillation_cost": 71.61409698060429, "completition_cost": 0.0, "overshoot_cost": 49.844800224032554, "power_cost": 12.542100329589845, "noise_cost": 11.330980667738604, "n_waypoints_completed": 9, "tot_waypoints": 9}}
{"target": -227.54463711443375, "params": {"k_pid_pos": [1.9356926679611206, 0.008907616138458252, 9.66787338256836e-05], "k_pid_alt": [1.926622986793518, 0.01093551516532898, 0.956652045249939], "k_pid_att": [97.8869857788086, 0.008328935131430626, 0.9772855639457703], "k_pid_yaw": [0.5, 1e-06, 0.1], "k_pid_hsp": [9.4133939743042, 0.9711394309997559, 0.07499614357948303], "k_pid_vsp": [399.9998474121094, 374.2237854003906, 3.3782730102539062]}, "datetime": {"datetime": "2025-08-20 22:11:55", "elapsed": 37169.62689423561, "delta": 16.7074134349823}, "costs": {"total_cost": 227.54463711443375, "time_cost": 69.56, "final_distance_cost": 1.76331315726297, "oscillation_cost": 80.86264671724385, "completition_cost": 0.0, "overshoot_cost": 50.59763956374145, "power_cost": 13.225188989257813, "noise_cost": 11.535848686927691, "n_waypoints_completed": 9, "tot_waypoints": 9}}
{"target": -433.2649859508128, "params": {"k_pid_pos": [1.9884365797042847, 0.0037138164043426514, 0.0], "k_pid_alt": [1.9892146587371826, 0.17243486642837524, 0.9891039133071899], "k_pid_att": [98.98783874511719, 0.15109911561012268, 0.9964065551757812], "k_pid_yaw": [0.5, 1e-06, 0.1], "k_pid_hsp": [9.923564910888672, 0.9348278641700745, 0.004287809133529663], "k_pid_vsp": [400.0, 376.2010498046875, 6.507874488830566]}, "datetime": {"datetime": "2025-08-20 22:12:18", "elapsed": 37192.65513277054, "delta": 23.028238534927368}, "costs": {"total_cost": 433.2649859508128, "time_cost": 150, "final_distance_cost": 19.22985393139862, "oscillation_cost": 67.53711602282544, "completition_cost": 111.11111111111116, "overshoot_cost": 52.17257092524606, "power_cost": 18.094924938964844, "noise_cost": 15.11940902126668, "n_waypoints_completed": 8, "tot_waypoints": 9}}
{"target": -209.81436046134738, "params": {"k_pid_pos": [1.9058510065078735, 0.035614997148513794, 0.0], "k_pid_alt": [1.9932641983032227, 0.0258542001247406, 0.9338323473930359], "k_pid_att": [95.2000961303711, 0.058020830154418945, 0.9785095453262329], "k_pid_yaw": [0.5, 1e-06, 0.1], "k_pid_hsp": [9.818343162536621, 0.9852548837661743, 0.003777235746383667], "k_pid_vsp": [399.99920654296875, 299.035888671875, 20.441652297973633]}, "datetime": {"datetime": "2025-08-20 22:12:36", "elapsed": 37211.0240585804, "delta": 18.36892580986023}, "costs": {"total_cost": 209.81436046134738, "time_cost": 69.52, "final_distance_cost": 1.7654035389897547, "oscillation_cost": 63.093731356108194, "completition_cost": 0.0, "overshoot_cost": 50.0459178835939, "power_cost": 14.143915185546875, "noise_cost": 11.245392497108648, "n_waypoints_completed": 9, "tot_waypoints": 9}}
