{"target": -249.7521297065653, "params": {"k_pid_pos": [1.9748250246047974, 0.006959468126296997, 0.015031814575195312], "k_pid_alt": [1.8112075328826904, 0.03824424743652344, 0.9475916624069214], "k_pid_att": [91.40463256835938, 0.1324576437473297, 0.9567475318908691], "k_pid_yaw": [0.5, 1e-06, 0.1], "k_pid_hsp": [9.776716232299805, 0.9699814319610596, 0.056119322776794434], "k_pid_vsp": [400.0, 384.3081359863281, 10.47117805480957]}, "datetime": {"datetime": "2025-08-20 22:40:53", "elapsed": 38907.80203294754, "delta": 16.476775884628296}, "costs": {"total_cost": 249.7521297065653, "time_cost": 69.288, "final_distance_cost": 1.7563213299672937, "oscillation_cost": 102.58754169720248, "completition_cost": 0.0, "overshoot_cost": 49.97376816588711, "power_cost": 14.21632861328125, "noise_cost": 11.930169900227185, "n_waypoints_completed": 9, "tot_waypoints": 9}}
{"target": -208.08054338672832, "params": {"k_pid_pos": [1.9230666160583496, 0.0129108726978302, 1.7881393432617188e-07], "k_pid_alt": [1.9805214405059814, 0.015975624322891235, 0.9842737913131714], "k_pid_att": [99.3093490600586, 0.2762559652328491, 0.9017959833145142], "k_pid_yaw": [0.5, 1e-06, 0.1], "k_pid_hsp": [9.577788352966309, 0.9748002290725708, 0.005530565977096558], "k_pid_vsp": [400.0, 390.5819091796875, 5.628562927246094]}, "datetime": {"datetime": "2025-08-20 22:41:09", "elapsed": 38923.699689388275, "delta": 15.897656440734863}, "costs": {"total_cost": 208.08054338672832, "time_cost": 69.68, "final_distance_cost": 1.7522721577597296, "oscillation_cost": 61.50874966458663, "completition_cost": 0.0, "overshoot_cost": 50.60040839123423, "power_cost": 13.001243249511719, "noise_cost": 11.537869923635972, "n_waypoints_completed": 9, "tot_waypoints": 9}}
{"target": -214.07798940643133, "params": {"k_pid_pos": [1.9472622871398926, 0.011377036571502686, 1.3887882232666016e-05], "k_pid_alt": [1.9929368495941162, 0.027446329593658447, 0.9960273504257202], "k_pid_att": [98.22666931152344, 0.08770632743835449, 0.9747649431228638], "k_pid_yaw": [0.5, 1e-06, 0.1], "k_pid_hsp": [9.885201454162598, 0.999019980430603, 0.009622693061828613], "k_pid_vsp": [400.0, 389.24822998046875, 3.5391101837158203]}, "datetime": {"datetime": "2025-08-20 22:41:25", "elapsed": 38939.7719502449, "delta": 16.072260856628418}, "costs": {"total_cost": 214.07798940643133, "time_cost": 69.696, "final_distance_cost": 1.7563602558677043, "oscillation_cost": 67.37690201342132, "completition_cost": 0.0, "overshoot_cost": 50.77410942229231, "power_cost": 12.997212280273438, "noise_cost": 11.477405434576548, "n_waypoints_completed": 9, "tot_waypoints": 9}}
{"target": -218.03892571309873, "params": {"k_pid_pos": [1.961879014968872, 0.03037610650062561, 0.0], "k_pid_alt": [1.9027067422866821, 0.026724964380264282, 0.9890657663345337], "k_pid_att": [93.11750793457031, 0.14178121089935303, 0.9720175266265869], "k_pid_yaw": [0.5, 1e-06, 0.1], "k_pid_hsp": [9.828459739685059, 0.983087420463562, 0.03536182641983032], "k_pid_vsp": [399.9863586425781, 394.4055480957031, 1.5541324615478516]}, "datetime": {"datetime": "2025-08-20 22:41:41", "elapsed": 38956.023715257645, "delta": 16.25176501274109}, "costs": {"total_cost": 218.03892571309873, "time_cost": 69.664, "final_distance_cost": 1.7246136439293016, "oscillation_cost": 71.37462527036526, "completition_cost": 0.0, "overshoot_cost": 50.652044954950725, "power_cost": 13.092652990722657, "noise_cost": 11.530988853130784, "n_waypoints_completed": 9, "tot_waypoints": 9}}
{"target": -276.74191512382646, "params": {"k_pid_pos": [1.9450181722640991, 0.025987982749938965, 0.0], "k_pid_alt": [1.9903953075408936, 0.0092601478099823, 0.9833695292472839], "k_pid_att": [98.89693450927734, 0.03823288157582283, 0.9861934185028076], "k_pid_yaw": [0.5, 1e-06, 0.1], "k_pid_hsp": [9.711650848388672, 0.965220034122467, 0.17013877630233765], "k_pid_vsp": [400.0, 396.609130859375, 20.950176239013672]}, "datetime": {"datetime": "2025-08-20 22:41:58", "elapsed": 38972.51249241829, "delta": 16.48877716064453}, "costs": {"total_cost": 276.74191512382646, "time_cost": 69.48, "final_distance_cost": 1.7363931501939966, "oscillation_cost": 130.2190072459052, "completition_cost": 0.0, "overshoot_cost": 50.15437144319552, "power_cost": 13.76606112060547, "noise_cost": 11.3860821639263, "n_waypoints_completed": 9, "tot_waypoints": 9}}
{"target": -221.53532380470048, "params": {"k_pid_pos": [1.9738644361495972, 0.015793263912200928, 2.980232238769531e-07], "k_pid_alt": [1.8618422746658325, 0.008900463581085205, 0.9775007963180542], "k_pid_att": [95.67797088623047, 0.16570836305618286, 0.9958510398864746], "k_pid_yaw": [0.5, 1e-06, 0.1], "k_pid_hsp": [9.995431900024414, 0.9867563247680664, 0.01421085000038147], "k_pid_vsp": [400.0, 396.4541320800781, 1.8945345878601074]}, "datetime": {"datetime": "2025-08-20 22:42:13", "elapsed": 38988.05621218681, "delta": 15.54371976852417}, "costs": {"total_cost": 221.53532380470048, "time_cost": 69.928, "final_distance_cost": 1.7677963431305854, "oscillation_cost": 75.42806425308744, "completition_cost": 0.0, "overshoot_cost": 49.90656692309448, "power_cost": 13.007203015136719, "noise_cost": 11.497693270251226, "n_waypoints_completed": 9, "tot_waypoints": 9}}
{"target": -239.8798649525344, "params": {"k_pid_pos": [1.9909071922302246, 0.019809067249298096, 0.9981367588043213], "k_pid_alt": [1.979903221130371, 0.05723214149475098, 0.9961565732955933], "k_pid_att": [99.49889373779297, 0.06559233367443085, 0.9086717367172241], "k_pid_yaw": [0.5, 1e-06, 0.1], "k_pid_hsp": [9.437067985534668, 0.9973207712173462, 0.0020691752433776855], "k_pid_vsp": [400.0, 387.0802307128906, 22.124841690063477]}, "datetime": {"datetime": "2025-08-20 22:42:30", "elapsed": 39004.51561331749, "delta": 16.45940113067627}, "costs": {"total_cost": 239.8798649525344, "time_cost": 69.968, "final_distance_cost": 1.852642643864194, "oscillation_cost": 92.92668275350928, "completition_cost": 0.0, "overshoot_cost": 50.06935684316421, "power_cost": 13.438114001464845, "noise_cost": 11.625068710531881, "n_waypoints_completed": 9, "tot_waypoints": 9}}
{"target": -223.20383026321713, "params": {"k_pid_pos": [1.980738639831543, 0.032351136207580566, 0.0], "k_pid_alt": [1.9768949747085571, 0.02032110095024109, 0.9371963739395142], "k_pid_att": [91.24595642089844, 0.08160078525543213, 0.9737938642501831], "k_pid_yaw": [0.5, 1e-06, 0.1], "k_pid_hsp": [9.910788536071777, 0.8503448963165283, 0.024135708808898926], "k_pid_vsp": [400.0, 394.04803466796875, 31.38312339782715]}, "datetime": {"datetime": "2025-08-20 22:42:46", "elapsed": 39020.70761299133, "delta": 16.191999673843384}, "costs": {"total_cost": 223.20383026321713, "time_cost": 69.34400000000001, "final_distance_cost": 1.7357754360088313, "oscillation_cost": 75.28141400892748, "completition_cost": 0.0, "overshoot_cost": 50.39986513675862, "power_cost": 14.779681176757814, "noise_cost": 11.663094504764397, "n_waypoints_completed": 9, "tot_waypoints": 9}}
{"target": -218.7591935454044, "params": {"k_pid_pos": [1.9890118837356567, 0.008151918649673462, 0.0], "k_pid_alt": [1.843145489692688, 0.0558525025844574, 0.9987648129463196], "k_pid_att": [98.16801452636719, 0.017374742776155472, 0.9815651178359985], "k_pid_yaw": [0.5, 1e-06, 0.1], "k_pid_hsp": [9.923103332519531, 0.9951498508453369, 0.011187195777893066], "k_pid_vsp": [400.0, 386.71612548828125, 21.49802589416504]}, "datetime": {"datetime": "2025-08-20 22:43:02", "elapsed": 39037.437490940094, "delta": 16.729877948760986}, "costs": {"total_cost": 218.7591935454044, "time_cost": 69.88, "final_distance_cost": 1.7913055312396409, "oscillation_cost": 71.82325294290581, "completition_cost": 0.0, "overshoot_cost": 50.9709015366212, "power_cost": 13.354430859375, "noise_cost": 10.939302675262764, "n_waypoints_completed": 9, "tot_waypoints": 9}}
{"target": -262.84152393425427, "params": {"k_pid_pos": [1.9194813966751099, 0.011549293994903564, 0.0], "k_pid_alt": [1.933800458908081, 0.11171424388885498, 0.97316575050354], "k_pid_att": [99.49991607666016, 0.23583342134952545, 0.9913686513900757], "k_pid_yaw": [0.5, 1e-06, 0.1], "k_pid_hsp": [9.499208450317383, 0.9915214776992798, 0.004229485988616943], "k_pid_vsp": [399.9953308105469, 396.5292053222656, 0.6677160859107971]}, "datetime": {"datetime": "2025-08-20 22:43:25", "elapsed": 39060.347806215286, "delta": 22.91031527519226}, "costs": {"total_cost": 262.84152393425427, "time_cost": 98.47200000000001, "final_distance_cost": 1.8035832576972246, "oscillation_cost": 77.83206062595974, "completition_cost": 0.0, "overshoot_cost": 51.50060418840553, "power_cost": 17.797967773437502, "noise_cost": 15.435308088754246, "n_waypoints_completed": 9, "tot_waypoints": 9}}
{"target": -209.7761328593112, "params": {"k_pid_pos": [1.9413753747940063, 0.01956060528755188, 0.0], "k_pid_alt": [1.9957518577575684, 0.0036132335662841797, 0.9904299974441528], "k_pid_att": [99.44078063964844, 0.25151166319847107, 0.9506025314331055], "k_pid_yaw": [0.5, 1e-06, 0.1], "k_pid_hsp": [9.94127368927002, 0.9697943925857544, 0.00821012258529663], "k_pid_vsp": [400.0, 384.65362548828125, 6.2796244621276855]}, "datetime": {"datetime": "2025-08-20 22:43:40", "elapsed": 39075.15578842163, "delta": 14.807982206344604}, "costs": {"total_cost": 209.7761328593112, "time_cost": 69.904, "final_distance_cost": 1.7400556119455886, "oscillation_cost": 63.25330238641136, "completition_cost": 0.0, "overshoot_cost": 50.15679785629484, "power_cost": 13.165697680664064, "noise_cost": 11.556279323995353, "n_waypoints_completed": 9, "tot_waypoints": 9}}
{"target": -206.11591636142708, "params": {"k_pid_pos": [1.9706650972366333, 0.009892940521240234, 0.016904503107070923], "k_pid_alt": [1.9901316165924072, 0.0552523136138916, 0.8777848482131958], "k_pid_att": [95.91358947753906, 0.39020878076553345, 0.9949921369552612], "k_pid_yaw": [0.5, 1e-06, 0.1], "k_pid_hsp": [9.988377571105957, 0.9781357049942017, 0.011330008506774902], "k_pid_vsp": [400.0, 376.864990234375, 7.960666179656982]}, "datetime": {"datetime": "2025-08-20 22:43:57", "elapsed": 39092.28431344032, "delta": 17.128525018692017}, "costs": {"total_cost": 206.11591636142708, "time_cost": 69.728, "final_distance_cost": 1.7574884361561802, "oscillation_cost": 58.56189594672042, "completition_cost": 0.0, "overshoot_cost": 51.18314208900157, "power_cost": 13.288010498046877, "noise_cost": 11.597379391502058, "n_waypoints_completed": 9, "tot_waypoints": 9}}
{"target": -240.7598256587167, "params": {"k_pid_pos": [1.9787887334823608, 0.001816481351852417, 0.0], "k_pid_alt": [1.7863209247589111, 0.022590428590774536, 0.9827173352241516], "k_pid_att": [99.55816650390625, 0.056556060910224915, 0.9916249513626099], "k_pid_yaw": [0.5, 1e-06, 0.1], "k_pid_hsp": [9.812356948852539, 0.9882781505584717, 0.035003453493118286], "k_pid_vsp": [400.0, 390.0560302734375, 8.223402976989746]}, "datetime": {"datetime": "2025-08-20 22:44:13", "elapsed": 39107.90942764282, "delta": 15.62511420249939}, "costs": {"total_cost": 240.7598256587167, "time_cost": 69.952, "final_distance_cost": 1.7526373340896546, "oscillation_cost": 93.24425903324826, "completition_cost": 0.0, "overshoot_cost": 50.644906131828, "power_cost": 13.427850842285157, "noise_cost": 11.738172317265636, "n_waypoints_completed": 9, "tot_waypoints": 9}}
{"target": -221.1777508198794, "params": {"k_pid_pos": [1.9497040510177612, 0.02602362632751465, 0.0], "k_pid_alt": [1.995661973953247, 0.03414952754974365, 0.963402509689331], "k_pid_att": [99.00784301757812, 1.1329137086868286, 0.9866284132003784], "k_pid_yaw": [0.5, 1e-06, 0.1], "k_pid_hsp": [9.721282958984375, 0.9290516972541809, 0.03823411464691162], "k_pid_vsp": [400.0, 395.3321838378906, 5.742372035980225]}, "datetime": {"datetime": "2025-08-20 22:44:29", "elapsed": 39123.66118645668, "delta": 15.751758813858032}, "costs": {"total_cost": 221.1777508198794, "time_cost": 69.568, "final_distance_cost": 1.7541850834632475, "oscillation_cost": 75.01365520003957, "completition_cost": 0.0, "overshoot_cost": 50.460873960798985, "power_cost": 12.972307836914062, "noise_cost": 11.408728738663527, "n_waypoints_completed": 9, "tot_waypoints": 9}}
{"target": -217.5603439158656, "params": {"k_pid_pos": [1.9648972749710083, 0.09745994210243225, 2.9802322387695312e-08], "k_pid_alt": [1.907024621963501, 0.005775481462478638, 0.9684635400772095], "k_pid_att": [95.46687316894531, 0.19219878315925598, 0.9475017786026001], "k_pid_yaw": [0.5, 1e-06, 0.1], "k_pid_hsp": [9.871358871459961, 0.9780370593070984, 0.0076348185539245605], "k_pid_vsp": [400.0, 389.6397705078125, 12.92007064819336]}, "datetime": {"datetime": "2025-08-20 22:44:46", "elapsed": 39140.74922609329, "delta": 17.08803963661194}, "costs": {"total_cost": 217.5603439158656, "time_cost": 70.34400000000001, "final_distance_cost": 1.724872369894411, "oscillation_cost": 64.62891590851251, "completition_cost": 0.0, "overshoot_cost": 50.46971013292372, "power_cost": 17.20733388671875, "noise_cost": 13.18551161781618, "n_waypoints_completed": 9, "tot_waypoints": 9}}
{"target": -214.00958391182814, "params": {"k_pid_pos": [1.8846133947372437, 0.004510432481765747, 0.0], "k_pid_alt": [1.8218026161193848, 0.0029762089252471924, 0.9871943593025208], "k_pid_att": [97.65631103515625, 0.10922100394964218, 0.9892227649688721], "k_pid_yaw": [0.5, 1e-06, 0.1], "k_pid_hsp": [9.757133483886719, 0.9590054750442505, 0.019000887870788574], "k_pid_vsp": [400.0, 399.25189208984375, 6.098867416381836]}, "datetime": {"datetime": "2025-08-20 22:45:01", "elapsed": 39155.58668708801, "delta": 14.837460994720459}, "costs": {"total_cost": 214.00958391182814, "time_cost": 69.912, "final_distance_cost": 1.7619503787898818, "oscillation_cost": 67.39838429576467, "completition_cost": 0.0, "overshoot_cost": 50.37157163427631, "power_cost": 13.056346557617188, "noise_cost": 11.509331045380101, "n_waypoints_completed": 9, "tot_waypoints": 9}}
{"target": -251.0341708629664, "params": {"k_pid_pos": [1.7449150085449219, 0.01510632038116455, 0.0], "k_pid_alt": [1.8883607387542725, 0.06227833032608032, 0.9917339086532593], "k_pid_att": [90.37922668457031, 0.4707809388637543, 0.9783552885055542], "k_pid_yaw": [0.5, 1e-06, 0.1], "k_pid_hsp": [9.837373733520508, 0.9711388945579529, 0.07266569137573242], "k_pid_vsp": [400.0, 399.0523681640625, 14.890921592712402]}, "datetime": {"datetime": "2025-08-20 22:45:19", "elapsed": 39174.196779966354, "delta": 18.610092878341675}, "costs": {"total_cost": 251.0341708629664, "time_cost": 76.60000000000001, "final_distance_cost": 1.7766416909285825, "oscillation_cost": 92.05358056363266, "completition_cost": 0.0, "overshoot_cost": 51.44690352382022, "power_cost": 16.173525646972656, "noise_cost": 12.983519437612234, "n_waypoints_completed": 9, "tot_waypoints": 9}}
{"target": -214.34938868392015, "params": {"k_pid_pos": [1.812838077545166, 0.04227498173713684, 7.569789886474609e-06], "k_pid_alt": [1.956052541732788, 0.007214903831481934, 0.9952971935272217], "k_pid_att": [98.19120025634766, 0.13730017840862274, 0.9961885213851929], "k_pid_yaw": [0.5, 1e-06, 0.1], "k_pid_hsp": [9.796001434326172, 0.9859228134155273, 0.007358282804489136], "k_pid_vsp": [400.0, 395.6816101074219, 21.735992431640625]}, "datetime": {"datetime": "2025-08-20 22:45:35", "elapsed": 39189.741839170456, "delta": 15.545059204101562}, "costs": {"total_cost": 214.34938868392015, "time_cost": 69.56, "final_distance_cost": 1.7663900946815523, "oscillation_cost": 66.51651929847353, "completition_cost": 0.0, "overshoot_cost": 50.5311344526378, "power_cost": 14.596098132324219, "noise_cost": 11.379246705803064, "n_waypoints_completed": 9, "tot_waypoints": 9}}
{"target": -222.89813012381342, "params": {"k_pid_pos": [1.8061851263046265, 0.0027854442596435547, 1.1920928955078125e-07], "k_pid_alt": [1.9854774475097656, 0.02007126808166504, 0.9721047282218933], "k_pid_att": [95.97887420654297, 0.3197997212409973, 0.9920607805252075], "k_pid_yaw": [0.5, 1e-06, 0.1], "k_pid_hsp": [9.792728424072266, 0.9932219982147217, 0.02713596820831299], "k_pid_vsp": [399.99993896484375, 372.7657775878906, 2.546645164489746]}, "datetime": {"datetime": "2025-08-20 22:45:53", "elapsed": 39207.837941884995, "delta": 18.096102714538574}, "costs": {"total_cost": 222.89813012381342, "time_cost": 69.312, "final_distance_cost": 1.775441750991422, "oscillation_cost": 77.3380432863144, "completition_cost": 0.0, "overshoot_cost": 50.01760280031846, "power_cost": 13.005755554199219, "noise_cost": 11.449286731989929, "n_waypoints_completed": 9, "tot_waypoints": 9}}
{"target": -243.42495278969358, "params": {"k_pid_pos": [1.9678971767425537, 0.04225429892539978, 0.0], "k_pid_alt": [1.9722368717193604, 0.08730319142341614, 0.9612177610397339], "k_pid_att": [98.85843658447266, 0.13357491791248322, 0.9756905436515808], "k_pid_yaw": [0.5, 1e-06, 0.1], "k_pid_hsp": [9.457319259643555, 0.9721097350120544, 0.020265579223632812], "k_pid_vsp": [400.0, 390.2864990234375, 14.637542724609375]}, "datetime": {"datetime": "2025-08-20 22:46:14", "elapsed": 39228.739579916, "delta": 20.90163803100586}, "costs": {"total_cost": 243.42495278969358, "time_cost": 82.176, "final_distance_cost": 1.7757586436149158, "oscillation_cost": 79.7006625424053, "completition_cost": 0.0, "overshoot_cost": 52.25375158238274, "power_cost": 15.043665002441408, "noise_cost": 12.475115018849243, "n_waypoints_completed": 9, "tot_waypoints": 9}}
{"target": -273.59633266429245, "params": {"k_pid_pos": [1.9206969738006592, 0.011951357126235962, 0.0], "k_pid_alt": [1.9874887466430664, 0.11941561102867126, 0.984036922454834], "k_pid_att": [99.28667449951172, 0.33018958568573, 0.9658050537109375], "k_pid_yaw": [0.5, 1e-06, 0.1], "k_pid_hsp": [9.795241355895996, 0.943753719329834, 0.01993781328201294], "k_pid_vsp": [399.90692138671875, 397.268310546875, 4.321588039398193]}, "datetime": {"datetime": "2025-08-20 22:46:36", "elapsed": 39250.59307265282, "delta": 21.853492736816406}, "costs": {"total_cost": 273.59633266429245, "time_cost": 98.864, "final_distance_cost": 1.7672079427708653, "oscillation_cost": 87.63416750961757, "completition_cost": 0.0, "overshoot_cost": 52.17565294042067, "power_cost": 17.721939770507813, "noise_cost": 15.433364500975516, "n_waypoints_completed": 9, "tot_waypoints": 9}}
{"target": -226.12940735527116, "params": {"k_pid_pos": [1.8167123794555664, 0.028183013200759888, 0.0], "k_pid_alt": [1.9797673225402832, 0.005346238613128662, 0.9591500163078308], "k_pid_att": [97.96195220947266, 0.35315173864364624, 0.986465573310852], "k_pid_yaw": [0.5, 1e-06, 0.1], "k_pid_hsp": [9.740246772766113, 0.940078616142273, 0.019715934991836548], "k_pid_vsp": [400.0, 391.8353576660156, 9.940315246582031]}, "datetime": {"datetime": "2025-08-20 22:46:52", "elapsed": 39267.33027434349, "delta": 16.737201690673828}, "costs": {"total_cost": 226.12940735527116, "time_cost": 69.368, "final_distance_cost": 1.7561399144610057, "oscillation_cost": 78.38706738141022, "completition_cost": 0.0, "overshoot_cost": 49.944033232826605, "power_cost": 14.637746350097657, "noise_cost": 12.036420476475707, "n_waypoints_completed": 9, "tot_waypoints": 9}}
{"target": -210.69925347897848, "params": {"k_pid_pos": [1.9011443853378296, 0.012832611799240112, 0.0], "k_pid_alt": [1.9850945472717285, 0.01877954602241516, 0.9508794546127319], "k_pid_att": [98.0918197631836, 0.12441378086805344, 0.9755906462669373], "k_pid_yaw": [0.5, 1e-06, 0.1], "k_pid_hsp": [9.578985214233398, 0.9896581172943115, 0.02543458342552185], "k_pid_vsp": [400.0, 396.8473815917969, 8.702792167663574]}, "datetime": {"datetime": "2025-08-20 22:47:07", "elapsed": 39282.24598169327, "delta": 14.915707349777222}, "costs": {"total_cost": 210.69925347897848, "time_cost": 69.656, "final_distance_cost": 1.775915884581142, "oscillation_cost": 64.75273278820542, "completition_cost": 0.0, "overshoot_cost": 50.45579518997237, "power_cost": 12.834574133300782, "noise_cost": 11.224235482918747, "n_waypoints_completed": 9, "tot_waypoints": 9}}
{"target": -222.0806949289136, "params": {"k_pid_pos": [1.9642373323440552, 0.02083083987236023, 2.9802322387695312e-08], "k_pid_alt": [1.8928751945495605, 0.007680803537368774, 0.9925689697265625], "k_pid_att": [98.94532775878906, 0.1441003978252411, 0.957844614982605], "k_pid_yaw": [0.5, 1e-06, 0.1], "k_pid_hsp": [9.76439380645752, 0.9949764609336853, 0.005128026008605957], "k_pid_vsp": [400.0, 358.14703369140625, 2.212894916534424]}, "datetime": {"datetime": "2025-08-20 22:47:25", "elapsed": 39300.300718545914, "delta": 18.054736852645874}, "costs": {"total_cost": 222.0806949289136, "time_cost": 70.06400000000001, "final_distance_cost": 1.7631679734583492, "oscillation_cost": 75.66103312856175, "completition_cost": 0.0, "overshoot_cost": 50.06148800142257, "power_cost": 13.084558703613283, "noise_cost": 11.446447121857634, "n_waypoints_completed": 9, "tot_waypoints": 9}}
{"target": -258.7462751589121, "params": {"k_pid_pos": [1.9872840642929077, 0.08499699831008911, 0.0], "k_pid_alt": [1.8285294771194458, 0.0692770779132843, 0.9675312638282776], "k_pid_att": [99.3295669555664, 1.0977497100830078, 0.9912819266319275], "k_pid_yaw": [0.5, 1e-06, 0.1], "k_pid_hsp": [9.639521598815918, 0.9296201467514038, 0.018746674060821533], "k_pid_vsp": [400.0, 396.3291015625, 16.904117584228516]}, "datetime": {"datetime": "2025-08-20 22:47:43", "elapsed": 39318.16535568237, "delta": 17.86463713645935}, "costs": {"total_cost": 258.7462751589121, "time_cost": 81.52, "final_distance_cost": 1.7515032255333183, "oscillation_cost": 91.96721993135246, "completition_cost": 0.0, "overshoot_cost": 52.272695456166716, "power_cost": 17.49503048095703, "noise_cost": 13.73982606490255, "n_waypoints_completed": 9, "tot_waypoints": 9}}
