{"target": -720.729739071552, "params": {"k_pid_pos": [1.8997989892959595, 0.515764057636261, 2.9802322387695312e-08], "k_pid_alt": [0.6879863739013672, 0.1222008764743805, 0.8046936988830566], "k_pid_att": [89.22706604003906, 4.244794845581055, 0.9474629163742065], "k_pid_yaw": [0.5, 1e-06, 0.1], "k_pid_hsp": [7.315333366394043, 0.9842801094055176, 0.05230313539505005], "k_pid_vsp": [399.9998474121094, 362.8426513671875, 51.056514739990234]}, "datetime": {"datetime": "2025-08-20 14:02:20", "elapsed": 7794.713824272156, "delta": 25.601203680038452}, "costs": {"total_cost": 720.729739071552, "time_cost": 150, "final_distance_cost": 67.01185696171237, "oscillation_cost": 87.6496410240711, "completition_cost": 333.33333333333337, "overshoot_cost": 44.747076200978185, "power_cost": 21.852298266601565, "noise_cost": 16.135533284855303, "n_waypoints_completed": 6, "tot_waypoints": 9}}
{"target": -457.93758672515276, "params": {"k_pid_pos": [1.1687966585159302, 0.08547437191009521, 0.9999089241027832], "k_pid_alt": [0.3519442081451416, 0.16690212488174438, 0.9311749339103699], "k_pid_att": [97.1114273071289, 1.6481889486312866, 0.8101987838745117], "k_pid_yaw": [0.5, 1e-06, 0.1], "k_pid_hsp": [9.42819595336914, 0.7119575142860413, 0.34989500045776367], "k_pid_vsp": [400.0, 364.76312255859375, 3.551567554473877]}, "datetime": {"datetime": "2025-08-20 14:02:43", "elapsed": 7818.398455142975, "delta": 23.684630870819092}, "costs": {"total_cost": 457.93758672515276, "time_cost": 91.872, "final_distance_cost": 1.8055103274437516, "oscillation_cost": 278.2288485081485, "completition_cost": 0.0, "overshoot_cost": 53.07744419796291, "power_cost": 18.030018481445314, "noise_cost": 14.923765210152265, "n_waypoints_completed": 9, "tot_waypoints": 9}}
{"target": -440.4299409618074, "params": {"k_pid_pos": [1.4815013408660889, 0.22955775260925293, 0.9992437362670898], "k_pid_alt": [0.5898112058639526, 0.008556842803955078, 0.9568856358528137], "k_pid_att": [75.16349792480469, 0.13431431353092194, 0.8474090099334717], "k_pid_yaw": [0.5, 1e-06, 0.1], "k_pid_hsp": [6.3234429359436035, 0.8484369516372681, 0.12088078260421753], "k_pid_vsp": [175.57757568359375, 370.6305847167969, 111.95687866210938]}, "datetime": {"datetime": "2025-08-20 14:03:08", "elapsed": 7843.299161911011, "delta": 24.90070676803589}, "costs": {"total_cost": 440.4299409618074, "time_cost": 94.152, "final_distance_cost": 1.8594766089194168, "oscillation_cost": 256.44143737622255, "completition_cost": 0.0, "overshoot_cost": 51.340468909376845, "power_cost": 20.829902014160158, "noise_cost": 15.806656053128416, "n_waypoints_completed": 9, "tot_waypoints": 9}}
{"target": -476.73431275183674, "params": {"k_pid_pos": [1.311942219734192, 0.36288270354270935, 0.9996563792228699], "k_pid_alt": [0.7113624811172485, 0.26565855741500854, 0.9248141646385193], "k_pid_att": [96.41691589355469, 0.7388546466827393, 0.953025221824646], "k_pid_yaw": [0.5, 1e-06, 0.1], "k_pid_hsp": [6.6229729652404785, 0.9703567028045654, 0.18690097332000732], "k_pid_vsp": [399.9952392578125, 330.2680358886719, 103.48117065429688]}, "datetime": {"datetime": "2025-08-20 14:03:32", "elapsed": 7867.142687559128, "delta": 23.843525648117065}, "costs": {"total_cost": 476.73431275183674, "time_cost": 99.52, "final_distance_cost": 1.7435853526215264, "oscillation_cost": 284.3030855977105, "completition_cost": 0.0, "overshoot_cost": 54.064680004726206, "power_cost": 20.84092391357422, "noise_cost": 16.262037883204318, "n_waypoints_completed": 9, "tot_waypoints": 9}}
{"target": -361.49814773891325, "params": {"k_pid_pos": [1.357892394065857, 0.18172651529312134, 1.3381242752075195e-05], "k_pid_alt": [1.1133841276168823, 0.08528172969818115, 0.9095668792724609], "k_pid_att": [34.358585357666016, 0.19913162291049957, 0.8405706286430359], "k_pid_yaw": [0.5, 1e-06, 0.1], "k_pid_hsp": [4.020975589752197, 0.6093394756317139, 0.18964609503746033], "k_pid_vsp": [0.0003933906555175781, 303.4682312011719, 47.02348709106445]}, "datetime": {"datetime": "2025-08-20 14:03:53", "elapsed": 7888.352116823196, "delta": 21.209429264068604}, "costs": {"total_cost": 361.49814773891325, "time_cost": 85.392, "final_distance_cost": 1.733338834757337, "oscillation_cost": 187.79655335747069, "completition_cost": 0.0, "overshoot_cost": 56.12071865553424, "power_cost": 17.191031689453126, "noise_cost": 13.26450520169788, "n_waypoints_completed": 9, "tot_waypoints": 9}}
{"target": -280.92708872119283, "params": {"k_pid_pos": [1.9106199741363525, 0.006638139486312866, 0.0], "k_pid_alt": [0.9473080635070801, 0.042024046182632446, 0.8261893391609192], "k_pid_att": [98.8262939453125, 0.6528674364089966, 0.984171450138092], "k_pid_yaw": [0.5, 1e-06, 0.1], "k_pid_hsp": [6.96431303024292, 0.9951779246330261, 0.03170609474182129], "k_pid_vsp": [2.384185791015625e-05, 344.0358581542969, 34.39533615112305]}, "datetime": {"datetime": "2025-08-20 14:04:17", "elapsed": 7911.717237949371, "delta": 23.365121126174927}, "costs": {"total_cost": 280.92708872119283, "time_cost": 94.06400000000001, "final_distance_cost": 1.7651289742741771, "oscillation_cost": 97.75084465540216, "completition_cost": 0.0, "overshoot_cost": 54.12173992806813, "power_cost": 19.176693249511718, "noise_cost": 14.04868191393662, "n_waypoints_completed": 9, "tot_waypoints": 9}}
{"target": -790.2762180600744, "params": {"k_pid_pos": [1.9459967613220215, 0.08634528517723083, 0.0], "k_pid_alt": [0.052948176860809326, 0.4046294391155243, 0.9208076000213623], "k_pid_att": [94.58084869384766, 1.041637897491455, 0.7411743402481079], "k_pid_yaw": [0.5, 1e-06, 0.1], "k_pid_hsp": [9.188939094543457, 0.8862584829330444, 0.09604287147521973], "k_pid_vsp": [400.0, 398.7698669433594, 71.82266998291016]}, "datetime": {"datetime": "2025-08-20 14:04:43", "elapsed": 7937.526899814606, "delta": 25.809661865234375}, "costs": {"total_cost": 790.2762180600744, "time_cost": 150, "final_distance_cost": 52.42894046826593, "oscillation_cost": 164.83420992081176, "completition_cost": 333.33333333333337, "overshoot_cost": 53.39481403841341, "power_cost": 19.780226879882814, "noise_cost": 16.50469341936717, "n_waypoints_completed": 6, "tot_waypoints": 9}}
{"target": -552.4062717016075, "params": {"k_pid_pos": [1.909440517425537, 0.5463621020317078, 1.0], "k_pid_alt": [0.3651636838912964, 0.010902494192123413, 0.9812126159667969], "k_pid_att": [92.74604797363281, 0.43542948365211487, 0.9494189023971558], "k_pid_yaw": [0.5, 1e-06, 0.1], "k_pid_hsp": [5.431954860687256, 0.9027083516120911, 0.03111174702644348], "k_pid_vsp": [312.3820495605469, 393.741943359375, 47.356178283691406]}, "datetime": {"datetime": "2025-08-20 14:05:10", "elapsed": 7964.878713130951, "delta": 27.351813316345215}, "costs": {"total_cost": 552.4062717016075, "time_cost": 150, "final_distance_cost": 60.112554878819196, "oscillation_cost": 146.56314689623346, "completition_cost": 111.11111111111116, "overshoot_cost": 48.572057965545085, "power_cost": 20.42639821777344, "noise_cost": 15.62100263212521, "n_waypoints_completed": 8, "tot_waypoints": 9}}
{"target": -891.3929100917428, "params": {"k_pid_pos": [1.9073446989059448, 0.0715918242931366, 1.5497207641601562e-06], "k_pid_alt": [0.1335732340812683, 0.019649893045425415, 0.8029941916465759], "k_pid_att": [98.12714385986328, 0.4272681772708893, 0.9727491140365601], "k_pid_yaw": [0.5, 1e-06, 0.1], "k_pid_hsp": [3.5685603618621826, 0.9201915264129639, 0.03488016128540039], "k_pid_vsp": [400.0, 364.0105895996094, 112.03604888916016]}, "datetime": {"datetime": "2025-08-20 14:05:38", "elapsed": 7992.76523900032, "delta": 27.886525869369507}, "costs": {"total_cost": 891.3929100917428, "time_cost": 150, "final_distance_cost": 41.525097367220106, "oscillation_cost": 64.04023731820392, "completition_cost": 555.5555555555555, "overshoot_cost": 47.113491056969195, "power_cost": 19.093163525390626, "noise_cost": 14.065365268403347, "n_waypoints_completed": 4, "tot_waypoints": 9}}
{"target": -495.1831351961385, "params": {"k_pid_pos": [1.7279268503189087, 0.46513545513153076, 2.4259090423583984e-05], "k_pid_alt": [0.7062724828720093, 0.32856249809265137, 0.9113028645515442], "k_pid_att": [86.271484375, 0.34437891840934753, 0.8919638395309448], "k_pid_yaw": [0.5, 1e-06, 0.1], "k_pid_hsp": [8.884709358215332, 0.9279874563217163, 0.03517061471939087], "k_pid_vsp": [399.3035583496094, 272.5649719238281, 100.6444320678711]}, "datetime": {"datetime": "2025-08-20 14:06:02", "elapsed": 8017.091432571411, "delta": 24.3261935710907}, "costs": {"total_cost": 495.1831351961385, "time_cost": 150, "final_distance_cost": 52.967973989697846, "oscillation_cost": 90.2606650748933, "completition_cost": 111.11111111111116, "overshoot_cost": 52.13047933243593, "power_cost": 22.262121630859376, "noise_cost": 16.45078405714093, "n_waypoints_completed": 8, "tot_waypoints": 9}}
{"target": -436.4030475021627, "params": {"k_pid_pos": [1.3334975242614746, 0.16931676864624023, 2.682209014892578e-07], "k_pid_alt": [0.5506640672683716, 0.4501191973686218, 0.7934268712997437], "k_pid_att": [96.95809173583984, 0.7093846201896667, 0.9641004204750061], "k_pid_yaw": [0.5, 1e-06, 0.1], "k_pid_hsp": [8.046018600463867, 0.9920696020126343, 0.22233933210372925], "k_pid_vsp": [400.0, 383.2972106933594, 19.29888916015625]}, "datetime": {"datetime": "2025-08-20 14:06:23", "elapsed": 8038.318865776062, "delta": 21.22743320465088}, "costs": {"total_cost": 436.4030475021627, "time_cost": 93.48, "final_distance_cost": 1.7549888039900103, "oscillation_cost": 250.64907617835092, "completition_cost": 0.0, "overshoot_cost": 54.6857086639915, "power_cost": 20.379410083007812, "noise_cost": 15.45386377282244, "n_waypoints_completed": 9, "tot_waypoints": 9}}
{"target": -599.2952693099214, "params": {"k_pid_pos": [1.9378870725631714, 0.129891037940979, 0.0], "k_pid_alt": [1.86031174659729, 0.12342265248298645, 0.9689963459968567], "k_pid_att": [99.54540252685547, 0.5534255504608154, 0.9083824753761292], "k_pid_yaw": [0.5, 1e-06, 0.1], "k_pid_hsp": [7.187277793884277, 0.968672513961792, 0.212449312210083], "k_pid_vsp": [400.0, 398.3703308105469, 19.02594757080078]}, "datetime": {"datetime": "2025-08-20 14:06:48", "elapsed": 8062.960710287094, "delta": 24.641844511032104}, "costs": {"total_cost": 599.2952693099214, "time_cost": 150, "final_distance_cost": 15.829120136191468, "oscillation_cost": 233.58571995064068, "completition_cost": 111.11111111111116, "overshoot_cost": 52.566140893373834, "power_cost": 20.608752465820313, "noise_cost": 15.594424752784027, "n_waypoints_completed": 8, "tot_waypoints": 9}}
{"target": -665.6527216137066, "params": {"k_pid_pos": [1.7593605518341064, 0.03222718834877014, 2.0563602447509766e-06], "k_pid_alt": [0.48593276739120483, 0.33768486976623535, 0.9729203581809998], "k_pid_att": [97.99498748779297, 0.07010972499847412, 0.6950058341026306], "k_pid_yaw": [0.5, 1e-06, 0.1], "k_pid_hsp": [5.285813331604004, 0.9095277190208435, 0.08806249499320984], "k_pid_vsp": [400.0, 368.4556579589844, 50.323509216308594]}, "datetime": {"datetime": "2025-08-20 14:07:14", "elapsed": 8089.415455579758, "delta": 26.454745292663574}, "costs": {"total_cost": 665.6527216137066, "time_cost": 150, "final_distance_cost": 68.58324670243057, "oscillation_cost": 137.12124882423606, "completition_cost": 222.2222222222222, "overshoot_cost": 48.42149246221942, "power_cost": 22.011999853515626, "noise_cost": 17.29251154908285, "n_waypoints_completed": 7, "tot_waypoints": 9}}
{"target": -252.06025848857004, "params": {"k_pid_pos": [1.944856882095337, 0.301480233669281, 0.0], "k_pid_alt": [1.5185003280639648, 0.6020873785018921, 0.945832371711731], "k_pid_att": [84.68411254882812, 0.011107377707958221, 0.9264447689056396], "k_pid_yaw": [0.5, 1e-06, 0.1], "k_pid_hsp": [8.664186477661133, 0.8952497839927673, 0.00787419080734253], "k_pid_vsp": [399.9326171875, 258.9815979003906, 8.015800476074219]}, "datetime": {"datetime": "2025-08-20 14:07:39", "elapsed": 8113.563439369202, "delta": 24.14798378944397}, "costs": {"total_cost": 252.06025848857004, "time_cost": 90.336, "final_distance_cost": 1.7165804228398438, "oscillation_cost": 73.26864076189096, "completition_cost": 0.0, "overshoot_cost": 54.40967513694639, "power_cost": 17.371036779785157, "noise_cost": 14.958325387107697, "n_waypoints_completed": 9, "tot_waypoints": 9}}
{"target": -612.0194767268437, "params": {"k_pid_pos": [1.846484661102295, 0.09561991691589355, 0.0], "k_pid_alt": [0.06691420078277588, 0.08746391534805298, 0.8447705507278442], "k_pid_att": [92.20136260986328, 0.3021673560142517, 0.9014788269996643], "k_pid_yaw": [0.5, 1e-06, 0.1], "k_pid_hsp": [4.026949405670166, 0.9527748227119446, 0.02693513035774231], "k_pid_vsp": [400.0, 393.0173034667969, 30.49781608581543]}, "datetime": {"datetime": "2025-08-20 14:08:02", "elapsed": 8137.047798871994, "delta": 23.48435950279236}, "costs": {"total_cost": 612.0194767268437, "time_cost": 150, "final_distance_cost": 70.92166424402646, "oscillation_cost": 84.5056063547673, "completition_cost": 222.2222222222222, "overshoot_cost": 53.038321591323005, "power_cost": 17.64031864013672, "noise_cost": 13.691343674367985, "n_waypoints_completed": 7, "tot_waypoints": 9}}
{"target": -580.6503932684535, "params": {"k_pid_pos": [1.2557132244110107, 0.561248779296875, 0.999910831451416], "k_pid_alt": [1.054617166519165, 0.10370340943336487, 0.9405968189239502], "k_pid_att": [80.10326385498047, 0.7747076749801636, 0.7365811467170715], "k_pid_yaw": [0.5, 1e-06, 0.1], "k_pid_hsp": [8.954604148864746, 0.8897256851196289, 0.06326276063919067], "k_pid_vsp": [0.0009775161743164062, 385.66351318359375, 29.039026260375977]}, "datetime": {"datetime": "2025-08-20 14:08:29", "elapsed": 8163.575271368027, "delta": 26.527472496032715}, "costs": {"total_cost": 580.6503932684535, "time_cost": 150, "final_distance_cost": 4.218001271739863, "oscillation_cost": 221.587494202139, "completition_cost": 111.11111111111116, "overshoot_cost": 56.18145518003204, "power_cost": 21.32270261230469, "noise_cost": 16.229628891126705, "n_waypoints_completed": 8, "tot_waypoints": 9}}
{"target": -553.7935927750635, "params": {"k_pid_pos": [1.8171873092651367, 0.05673801898956299, 0.001317143440246582], "k_pid_alt": [0.7208287715911865, 0.048664361238479614, 0.9040558338165283], "k_pid_att": [97.29130554199219, 0.551629364490509, 0.9431073069572449], "k_pid_yaw": [0.5, 1e-06, 0.1], "k_pid_hsp": [9.43359375, 0.8127240538597107, 0.13246512413024902], "k_pid_vsp": [0.04787445068359375, 381.7386474609375, 33.216548919677734]}, "datetime": {"datetime": "2025-08-20 14:08:58", "elapsed": 8192.501286745071, "delta": 28.926015377044678}, "costs": {"total_cost": 553.7935927750635, "time_cost": 150, "final_distance_cost": 14.933899971578265, "oscillation_cost": 184.96135193401392, "completition_cost": 111.11111111111116, "overshoot_cost": 55.429316485160044, "power_cost": 21.88264324951172, "noise_cost": 15.475270023688337, "n_waypoints_completed": 8, "tot_waypoints": 9}}
{"target": -508.7841525487604, "params": {"k_pid_pos": [1.9718897342681885, 0.16842728853225708, 0.0], "k_pid_alt": [0.9433556199073792, 0.06615123152732849, 0.8878642320632935], "k_pid_att": [91.87007141113281, 4.119266033172607, 0.7403002977371216], "k_pid_yaw": [0.5, 1e-06, 0.1], "k_pid_hsp": [1.6516512632369995, 0.9391669034957886, 0.24569758772850037], "k_pid_vsp": [399.9952697753906, 306.08526611328125, 83.927490234375]}, "datetime": {"datetime": "2025-08-20 14:09:23", "elapsed": 8217.535429000854, "delta": 25.03414225578308}, "costs": {"total_cost": 508.7841525487604, "time_cost": 150, "final_distance_cost": 13.314039371474555, "oscillation_cost": 141.6735416989215, "completition_cost": 111.11111111111116, "overshoot_cost": 54.22664858429489, "power_cost": 22.313257788085938, "noise_cost": 16.14555399487237, "n_waypoints_completed": 8, "tot_waypoints": 9}}
{"target": -636.3248251392353, "params": {"k_pid_pos": [1.8133506774902344, 0.13991478085517883, 0.9975098967552185], "k_pid_alt": [0.29250234365463257, 0.0851169228553772, 0.7867641448974609], "k_pid_att": [69.46427154541016, 1.1631025075912476, 0.9792329668998718], "k_pid_yaw": [0.5, 1e-06, 0.1], "k_pid_hsp": [2.2399275302886963, 0.9656963348388672, 0.08583647012710571], "k_pid_vsp": [90.481689453125, 313.91680908203125, 50.4699821472168]}, "datetime": {"datetime": "2025-08-20 14:09:47", "elapsed": 8241.984318971634, "delta": 24.44888997077942}, "costs": {"total_cost": 636.3248251392353, "time_cost": 150, "final_distance_cost": 53.01213215563693, "oscillation_cost": 236.9072531157338, "completition_cost": 111.11111111111116, "overshoot_cost": 48.28801440379811, "power_cost": 21.10446719970703, "noise_cost": 15.901847153248177, "n_waypoints_completed": 8, "tot_waypoints": 9}}
{"target": -262.8309011474218, "params": {"k_pid_pos": [1.795273780822754, 0.44266247749328613, 0.9588168859481812], "k_pid_alt": [0.6684540510177612, 0.08171361684799194, 0.9921615123748779], "k_pid_att": [90.4466781616211, 0.3582225739955902, 0.8508330583572388], "k_pid_yaw": [0.5, 1e-06, 0.1], "k_pid_hsp": [0.8992360234260559, 0.981791615486145, 0.016333341598510742], "k_pid_vsp": [399.99676513671875, 386.9906005859375, 138.8229522705078]}, "datetime": {"datetime": "2025-08-20 14:10:11", "elapsed": 8266.1047976017, "delta": 24.120478630065918}, "costs": {"total_cost": 262.8309011474218, "time_cost": 93.328, "final_distance_cost": 1.8288279461126629, "oscillation_cost": 83.16114063640639, "completition_cost": 0.0, "overshoot_cost": 50.00480977293439, "power_cost": 19.722786474609375, "noise_cost": 14.785336317359008, "n_waypoints_completed": 9, "tot_waypoints": 9}}
{"target": -519.853157140629, "params": {"k_pid_pos": [1.976422667503357, 0.1397097110748291, 2.384185791015625e-07], "k_pid_alt": [1.0381816625595093, 0.11011642217636108, 0.7979868650436401], "k_pid_att": [98.79684448242188, 0.1003301665186882, 0.9435069561004639], "k_pid_yaw": [0.5, 1e-06, 0.1], "k_pid_hsp": [5.446323394775391, 0.9923085570335388, 0.032310813665390015], "k_pid_vsp": [0.17434358596801758, 321.68475341796875, 0.9018073678016663]}, "datetime": {"datetime": "2025-08-20 14:10:37", "elapsed": 8291.972770929337, "delta": 25.86797332763672}, "costs": {"total_cost": 519.853157140629, "time_cost": 150, "final_distance_cost": 63.87222685524204, "oscillation_cost": 109.51304494779033, "completition_cost": 111.11111111111116, "overshoot_cost": 49.170169014309096, "power_cost": 21.61203701171875, "noise_cost": 14.574568200457655, "n_waypoints_completed": 8, "tot_waypoints": 9}}
{"target": -905.5858543049337, "params": {"k_pid_pos": [1.9926773309707642, 0.6474359631538391, 0.0], "k_pid_alt": [0.630685031414032, 0.04745209217071533, 0.9737780094146729], "k_pid_att": [98.868408203125, 1.6005462408065796, 0.9366838932037354], "k_pid_yaw": [0.5, 1e-06, 0.1], "k_pid_hsp": [5.329489231109619, 0.6031715869903564, 0.05246254801750183], "k_pid_vsp": [399.9998474121094, 350.5650939941406, 5.9173712730407715]}, "datetime": {"datetime": "2025-08-20 14:11:06", "elapsed": 8321.02416729927, "delta": 29.051396369934082}, "costs": {"total_cost": 905.5858543049337, "time_cost": 150, "final_distance_cost": 50.354148364132364, "oscillation_cost": 71.00488725289458, "completition_cost": 555.5555555555555, "overshoot_cost": 43.22754019739635, "power_cost": 19.483193505859376, "noise_cost": 15.960529429095425, "n_waypoints_completed": 4, "tot_waypoints": 9}}
{"target": -333.78078185008405, "params": {"k_pid_pos": [1.9636751413345337, 0.04880067706108093, 0.0], "k_pid_alt": [0.7280673384666443, 0.03706848621368408, 0.9087015390396118], "k_pid_att": [96.92405700683594, 0.602263331413269, 0.9070471525192261], "k_pid_yaw": [0.5, 1e-06, 0.1], "k_pid_hsp": [6.44581413269043, 0.887357771396637, 0.08138543367385864], "k_pid_vsp": [3.073418140411377, 365.19366455078125, 51.20216751098633]}, "datetime": {"datetime": "2025-08-20 14:11:28", "elapsed": 8343.397772550583, "delta": 22.373605251312256}, "costs": {"total_cost": 333.78078185008405, "time_cost": 90.792, "final_distance_cost": 1.7977301147740863, "oscillation_cost": 150.92957802814288, "completition_cost": 0.0, "overshoot_cost": 54.11786972674356, "power_cost": 19.894724914550782, "noise_cost": 16.248879065872686, "n_waypoints_completed": 9, "tot_waypoints": 9}}
{"target": -205.60231019366267, "params": {"k_pid_pos": [1.8013068437576294, 0.19881227612495422, 2.136826515197754e-05], "k_pid_alt": [1.7577126026153564, 0.003223717212677002, 0.6453232765197754], "k_pid_att": [97.73381805419922, 1.6344027519226074, 0.9945576190948486], "k_pid_yaw": [0.5, 1e-06, 0.1], "k_pid_hsp": [6.750289440155029, 0.984392523765564, 0.05780377984046936], "k_pid_vsp": [217.10166931152344, 369.2322692871094, 3.7765274047851562]}, "datetime": {"datetime": "2025-08-20 14:11:45", "elapsed": 8360.209347724915, "delta": 16.811575174331665}, "costs": {"total_cost": 205.60231019366267, "time_cost": 70.08800000000001, "final_distance_cost": 1.7845848090719363, "oscillation_cost": 58.243030437009295, "completition_cost": 0.0, "overshoot_cost": 50.589992158439436, "power_cost": 13.225483032226563, "noise_cost": 11.671219756915429, "n_waypoints_completed": 9, "tot_waypoints": 9}}
