{"target": -212.38935610298006, "params": {"k_pid_pos": [1.8954176902770996, 0.09970918297767639, 0.0], "k_pid_alt": [1.9589717388153076, 0.027669936418533325, 0.6448606252670288], "k_pid_att": [99.81925201416016, 0.7060813307762146, 0.9387954473495483], "k_pid_yaw": [0.5, 1e-06, 0.1], "k_pid_hsp": [8.444148063659668, 0.9268499612808228, 0.043410807847976685], "k_pid_vsp": [399.9393615722656, 372.59332275390625, 1.4236698150634766]}, "datetime": {"datetime": "2025-08-20 16:28:33", "elapsed": 16568.09273815155, "delta": 15.588968753814697}, "costs": {"total_cost": 212.38935610298006, "time_cost": 69.904, "final_distance_cost": 1.7574005772625956, "oscillation_cost": 65.4788080417535, "completition_cost": 0.0, "overshoot_cost": 50.094995810498766, "power_cost": 13.406122229003907, "noise_cost": 11.74802944446127, "n_waypoints_completed": 9, "tot_waypoints": 9}}
{"target": -210.2773979430741, "params": {"k_pid_pos": [1.7831817865371704, 0.1458553671836853, 3.993511199951172e-05], "k_pid_alt": [1.77284574508667, 0.03809821605682373, 0.951556921005249], "k_pid_att": [99.19855499267578, 1.0222114324569702, 0.9958814978599548], "k_pid_yaw": [0.5, 1e-06, 0.1], "k_pid_hsp": [9.85738754272461, 0.950305700302124, 0.007370054721832275], "k_pid_vsp": [400.0, 320.4433898925781, 10.162222862243652]}, "datetime": {"datetime": "2025-08-20 16:28:49", "elapsed": 16583.809045791626, "delta": 15.716307640075684}, "costs": {"total_cost": 210.2773979430741, "time_cost": 70.048, "final_distance_cost": 1.7459784379209264, "oscillation_cost": 61.81450911575887, "completition_cost": 0.0, "overshoot_cost": 50.379444608982105, "power_cost": 14.477415783691407, "noise_cost": 11.812049996720779, "n_waypoints_completed": 9, "tot_waypoints": 9}}
{"target": -285.1398698674023, "params": {"k_pid_pos": [1.7807810306549072, 0.0021257400512695312, 0.021607130765914917], "k_pid_alt": [1.9863247871398926, 0.02762344479560852, 0.9575587511062622], "k_pid_att": [99.78015899658203, 0.23452122509479523, 0.9898655414581299], "k_pid_yaw": [0.5, 1e-06, 0.1], "k_pid_hsp": [8.368218421936035, 0.9870466589927673, 0.12871181964874268], "k_pid_vsp": [399.9996643066406, 309.85504150390625, 40.076995849609375]}, "datetime": {"datetime": "2025-08-20 16:29:04", "elapsed": 16598.967932224274, "delta": 15.158886432647705}, "costs": {"total_cost": 285.1398698674023, "time_cost": 69.368, "final_distance_cost": 1.7846220343999426, "oscillation_cost": 136.7754149233515, "completition_cost": 0.0, "overshoot_cost": 50.939221439826646, "power_cost": 14.48330682373047, "noise_cost": 11.789304646093717, "n_waypoints_completed": 9, "tot_waypoints": 9}}
{"target": -246.16049595885295, "params": {"k_pid_pos": [1.6098716259002686, 0.09238573908805847, 0.0], "k_pid_alt": [1.9759557247161865, 0.046112775802612305, 0.8896910548210144], "k_pid_att": [98.2782974243164, 0.5705292224884033, 0.9787005186080933], "k_pid_yaw": [0.5, 1e-06, 0.1], "k_pid_hsp": [9.141154289245605, 0.9242423176765442, 0.054290324449539185], "k_pid_vsp": [4.960191249847412, 320.2053527832031, 59.8642692565918]}, "datetime": {"datetime": "2025-08-20 16:29:20", "elapsed": 16614.95343232155, "delta": 15.98550009727478}, "costs": {"total_cost": 246.16049595885295, "time_cost": 71.96000000000001, "final_distance_cost": 1.7281133873049022, "oscillation_cost": 93.24336352612391, "completition_cost": 0.0, "overshoot_cost": 51.22775295974865, "power_cost": 15.771500500488282, "noise_cost": 12.229765585187206, "n_waypoints_completed": 9, "tot_waypoints": 9}}
{"target": -212.78138564624004, "params": {"k_pid_pos": [1.9898854494094849, 0.026988327503204346, 0.0], "k_pid_alt": [1.968165397644043, 0.024307966232299805, 0.9460623264312744], "k_pid_att": [99.12164306640625, 0.20384541153907776, 0.9842386245727539], "k_pid_yaw": [0.5, 1e-06, 0.1], "k_pid_hsp": [9.808137893676758, 0.9232425689697266, 0.03997790813446045], "k_pid_vsp": [399.6336975097656, 278.08953857421875, 18.934846878051758]}, "datetime": {"datetime": "2025-08-20 16:29:35", "elapsed": 16630.153377056122, "delta": 15.199944734573364}, "costs": {"total_cost": 212.78138564624004, "time_cost": 69.392, "final_distance_cost": 1.758616189254648, "oscillation_cost": 68.59852115579594, "completition_cost": 0.0, "overshoot_cost": 50.43912942392151, "power_cost": 12.163445288085939, "noise_cost": 10.429673589181983, "n_waypoints_completed": 9, "tot_waypoints": 9}}
{"target": -233.64986159213294, "params": {"k_pid_pos": [1.9430298805236816, 0.0373302698135376, 1.7911195755004883e-05], "k_pid_alt": [1.9472944736480713, 0.05492725968360901, 0.9864625334739685], "k_pid_att": [88.1519775390625, 0.20485837757587433, 0.9553747773170471], "k_pid_yaw": [0.5, 1e-06, 0.1], "k_pid_hsp": [9.43729019165039, 0.7536182403564453, 0.012793362140655518], "k_pid_vsp": [5.142700672149658, 373.7155456542969, 16.98943519592285]}, "datetime": {"datetime": "2025-08-20 16:29:51", "elapsed": 16645.722544193268, "delta": 15.569167137145996}, "costs": {"total_cost": 233.64986159213294, "time_cost": 71.544, "final_distance_cost": 1.7801867187939149, "oscillation_cost": 81.93347025691361, "completition_cost": 0.0, "overshoot_cost": 51.50212870139386, "power_cost": 15.335473864746094, "noise_cost": 11.554602050285476, "n_waypoints_completed": 9, "tot_waypoints": 9}}
{"target": -248.57067859507174, "params": {"k_pid_pos": [1.7044737339019775, 0.0418182909488678, 0.0], "k_pid_alt": [1.8347910642623901, 0.07007786631584167, 0.984076976776123], "k_pid_att": [93.96295166015625, 0.11100644618272781, 0.868719220161438], "k_pid_yaw": [0.5, 1e-06, 0.1], "k_pid_hsp": [9.637123107910156, 0.9525566101074219, 0.07817655801773071], "k_pid_vsp": [400.0, 353.0113830566406, 2.233518123626709]}, "datetime": {"datetime": "2025-08-20 16:30:08", "elapsed": 16663.219655752182, "delta": 17.497111558914185}, "costs": {"total_cost": 248.57067859507174, "time_cost": 79.584, "final_distance_cost": 1.7575303528779722, "oscillation_cost": 85.84728683132114, "completition_cost": 0.0, "overshoot_cost": 52.723765534151596, "power_cost": 15.386305346679688, "noise_cost": 13.271790530041331, "n_waypoints_completed": 9, "tot_waypoints": 9}}
{"target": -232.91905976883245, "params": {"k_pid_pos": [1.5375213623046875, 0.00618356466293335, 0.0], "k_pid_alt": [1.665075659751892, 0.31446385383605957, 0.9924023151397705], "k_pid_att": [98.0148696899414, 0.2495560497045517, 0.9616321325302124], "k_pid_yaw": [0.5, 1e-06, 0.1], "k_pid_hsp": [9.819833755493164, 0.9646332263946533, 0.02325540781021118], "k_pid_vsp": [32.78643035888672, 394.6658630371094, 4.656876087188721]}, "datetime": {"datetime": "2025-08-20 16:30:27", "elapsed": 16681.49942088127, "delta": 18.279765129089355}, "costs": {"total_cost": 232.91905976883245, "time_cost": 80.04, "final_distance_cost": 1.797587715819195, "oscillation_cost": 72.72414264933607, "completition_cost": 0.0, "overshoot_cost": 50.95890086480455, "power_cost": 14.985856091308595, "noise_cost": 12.412572447564067, "n_waypoints_completed": 9, "tot_waypoints": 9}}
{"target": -248.87372924582388, "params": {"k_pid_pos": [1.9384477138519287, 0.018063604831695557, 0.0], "k_pid_alt": [1.7873656749725342, 0.023795723915100098, 0.9472370147705078], "k_pid_att": [87.83082580566406, 0.2485487461090088, 0.8476556539535522], "k_pid_yaw": [0.5, 1e-06, 0.1], "k_pid_hsp": [9.971598625183105, 0.46779412031173706, 0.09663346409797668], "k_pid_vsp": [399.99285888671875, 396.2716369628906, 0.8016238808631897]}, "datetime": {"datetime": "2025-08-20 16:30:42", "elapsed": 16697.159293413162, "delta": 15.65987253189087}, "costs": {"total_cost": 248.87372924582388, "time_cost": 69.144, "final_distance_cost": 1.738692054326805, "oscillation_cost": 102.15871592878452, "completition_cost": 0.0, "overshoot_cost": 50.281671357828394, "power_cost": 13.668055322265626, "noise_cost": 11.88259458261854, "n_waypoints_completed": 9, "tot_waypoints": 9}}
{"target": -276.77487232225656, "params": {"k_pid_pos": [1.9769362211227417, 0.10689380764961243, 0.0], "k_pid_alt": [1.9194077253341675, 0.019589126110076904, 0.8121138215065002], "k_pid_att": [80.69416046142578, 0.40639007091522217, 0.8893587589263916], "k_pid_yaw": [0.5, 1e-06, 0.1], "k_pid_hsp": [9.215768814086914, 0.9134889245033264, 0.07513648271560669], "k_pid_vsp": [46.468936920166016, 373.6573181152344, 72.7768325805664]}, "datetime": {"datetime": "2025-08-20 16:30:58", "elapsed": 16713.43148136139, "delta": 16.27218794822693}, "costs": {"total_cost": 276.77487232225656, "time_cost": 69.992, "final_distance_cost": 1.7198438128509572, "oscillation_cost": 126.67531439712403, "completition_cost": 0.0, "overshoot_cost": 50.349487577043014, "power_cost": 15.643973596191406, "noise_cost": 12.394252939047119, "n_waypoints_completed": 9, "tot_waypoints": 9}}
{"target": -275.18009630788015, "params": {"k_pid_pos": [1.9625999927520752, 0.036199361085891724, 0.04160630702972412], "k_pid_alt": [1.6552432775497437, 0.33611178398132324, 0.9856268167495728], "k_pid_att": [93.9830322265625, 1.1597862243652344, 0.9902150630950928], "k_pid_yaw": [0.5, 1e-06, 0.1], "k_pid_hsp": [9.760936737060547, 0.8091627955436707, 0.01964867115020752], "k_pid_vsp": [399.9999694824219, 230.6519012451172, 2.7213821411132812]}, "datetime": {"datetime": "2025-08-20 16:31:20", "elapsed": 16735.31981229782, "delta": 21.888330936431885}, "costs": {"total_cost": 275.18009630788015, "time_cost": 95.776, "final_distance_cost": 1.7295504346293855, "oscillation_cost": 92.48344792092006, "completition_cost": 0.0, "overshoot_cost": 52.85930437055763, "power_cost": 17.385749072265625, "noise_cost": 14.946044509507484, "n_waypoints_completed": 9, "tot_waypoints": 9}}
{"target": -231.1218471902337, "params": {"k_pid_pos": [1.858608365058899, 0.02751380205154419, 0.0], "k_pid_alt": [1.961078405380249, 0.0832170844078064, 0.9084471464157104], "k_pid_att": [95.91039276123047, 0.40089309215545654, 0.9705655574798584], "k_pid_yaw": [0.5, 1e-06, 0.1], "k_pid_hsp": [9.805828094482422, 0.9885697364807129, 0.0035578012466430664], "k_pid_vsp": [399.99993896484375, 396.7434387207031, 5.685533046722412]}, "datetime": {"datetime": "2025-08-20 16:31:39", "elapsed": 16753.58805680275, "delta": 18.26824450492859}, "costs": {"total_cost": 231.1218471902337, "time_cost": 82.08800000000001, "final_distance_cost": 1.8064798681466465, "oscillation_cost": 66.5243249308944, "completition_cost": 0.0, "overshoot_cost": 52.17455184797687, "power_cost": 15.175891577148438, "noise_cost": 13.35259896606734, "n_waypoints_completed": 9, "tot_waypoints": 9}}
{"target": -235.77971140480682, "params": {"k_pid_pos": [1.960158348083496, 0.0982503890991211, 8.07642936706543e-06], "k_pid_alt": [1.5300593376159668, 0.046132177114486694, 0.9894720315933228], "k_pid_att": [97.60525512695312, 0.08977309614419937, 0.9643422365188599], "k_pid_yaw": [0.5, 1e-06, 0.1], "k_pid_hsp": [9.418636322021484, 0.991615891456604, 0.046549081802368164], "k_pid_vsp": [400.0, 388.3140563964844, 14.186812400817871]}, "datetime": {"datetime": "2025-08-20 16:31:56", "elapsed": 16770.602246284485, "delta": 17.01418948173523}, "costs": {"total_cost": 235.77971140480682, "time_cost": 75.272, "final_distance_cost": 1.7528011458031423, "oscillation_cost": 80.13033070163996, "completition_cost": 0.0, "overshoot_cost": 52.24805573574602, "power_cost": 14.493868005371095, "noise_cost": 11.882655816246592, "n_waypoints_completed": 9, "tot_waypoints": 9}}
{"target": -202.60508801125746, "params": {"k_pid_pos": [1.992864727973938, 0.005169302225112915, 0.0], "k_pid_alt": [1.6921398639678955, 0.03382059931755066, 0.4162241816520691], "k_pid_att": [97.1635971069336, 0.4282284080982208, 0.9841277599334717], "k_pid_yaw": [0.5, 1e-06, 0.1], "k_pid_hsp": [7.82390022277832, 0.9828338623046875, 0.010241419076919556], "k_pid_vsp": [399.9926452636719, 383.47210693359375, 12.538171768188477]}, "datetime": {"datetime": "2025-08-20 16:32:11", "elapsed": 16786.29197883606, "delta": 15.689732551574707}, "costs": {"total_cost": 202.60508801125746, "time_cost": 69.736, "final_distance_cost": 1.745454278388343, "oscillation_cost": 56.27912045376088, "completition_cost": 0.0, "overshoot_cost": 50.910889497612054, "power_cost": 13.078429528808595, "noise_cost": 10.85519425268761, "n_waypoints_completed": 9, "tot_waypoints": 9}}
{"target": -237.9225463875799, "params": {"k_pid_pos": [1.8276948928833008, 0.006001651287078857, 0.0], "k_pid_alt": [1.9924371242523193, 0.06315335631370544, 0.9886722564697266], "k_pid_att": [98.40902709960938, 0.28035643696784973, 0.9788343906402588], "k_pid_yaw": [0.5, 1e-06, 0.1], "k_pid_hsp": [9.924528121948242, 0.9787176847457886, 0.07081088423728943], "k_pid_vsp": [400.0, 394.9065856933594, 53.12578582763672]}, "datetime": {"datetime": "2025-08-20 16:32:26", "elapsed": 16801.171689510345, "delta": 14.879710674285889}, "costs": {"total_cost": 237.9225463875799, "time_cost": 69.224, "final_distance_cost": 1.793596230533962, "oscillation_cost": 92.76491533638186, "completition_cost": 0.0, "overshoot_cost": 50.56016576766017, "power_cost": 12.825394750976564, "noise_cost": 10.754474302027317, "n_waypoints_completed": 9, "tot_waypoints": 9}}
{"target": -297.72644541532037, "params": {"k_pid_pos": [1.8026573657989502, 0.007954716682434082, 0.0], "k_pid_alt": [1.9660990238189697, 0.08666479587554932, 0.9198125600814819], "k_pid_att": [90.8949966430664, 0.44479238986968994, 0.964576244354248], "k_pid_yaw": [0.5, 1e-06, 0.1], "k_pid_hsp": [9.46141242980957, 0.8924611210823059, 0.09470236301422119], "k_pid_vsp": [399.971435546875, 388.38189697265625, 37.6190071105957]}, "datetime": {"datetime": "2025-08-20 16:32:44", "elapsed": 16819.356256484985, "delta": 18.184566974639893}, "costs": {"total_cost": 297.72644541532037, "time_cost": 82.16, "final_distance_cost": 1.7877824534922777, "oscillation_cost": 129.52053574227622, "completition_cost": 0.0, "overshoot_cost": 52.045452690724844, "power_cost": 18.1633732421875, "noise_cost": 14.0493012866395, "n_waypoints_completed": 9, "tot_waypoints": 9}}
{"target": -250.95767187461237, "params": {"k_pid_pos": [1.952120304107666, 0.014047682285308838, 0.0], "k_pid_alt": [1.862426996231079, 0.06480225920677185, 0.9917887449264526], "k_pid_att": [96.69657135009766, 0.7242772579193115, 0.9769535064697266], "k_pid_yaw": [0.5, 1e-06, 0.1], "k_pid_hsp": [9.597804069519043, 0.9355098605155945, 0.06492182612419128], "k_pid_vsp": [399.9986267089844, 387.5273132324219, 123.482421875]}, "datetime": {"datetime": "2025-08-20 16:33:01", "elapsed": 16836.18298983574, "delta": 16.826733350753784}, "costs": {"total_cost": 250.95767187461237, "time_cost": 75.912, "final_distance_cost": 1.8085398483595923, "oscillation_cost": 94.77006220437539, "completition_cost": 0.0, "overshoot_cost": 50.79298449083184, "power_cost": 15.415460925292969, "noise_cost": 12.25862440575262, "n_waypoints_completed": 9, "tot_waypoints": 9}}
{"target": -250.2701212825073, "params": {"k_pid_pos": [1.9704797267913818, 0.11420637369155884, 0.2888430655002594], "k_pid_alt": [1.9184826612472534, 0.03417837619781494, 0.9594709873199463], "k_pid_att": [95.55789947509766, 0.22754845023155212, 0.988256573677063], "k_pid_yaw": [0.5, 1e-06, 0.1], "k_pid_hsp": [9.476936340332031, 0.8763880729675293, 0.0715494155883789], "k_pid_vsp": [400.0, 388.15008544921875, 1.9835243225097656]}, "datetime": {"datetime": "2025-08-20 16:33:18", "elapsed": 16852.557811498642, "delta": 16.374821662902832}, "costs": {"total_cost": 250.2701212825073, "time_cost": 73.312, "final_distance_cost": 1.7328538769879132, "oscillation_cost": 96.14287661474995, "completition_cost": 0.0, "overshoot_cost": 52.930691483905356, "power_cost": 13.907285156250001, "noise_cost": 12.24441415061409, "n_waypoints_completed": 9, "tot_waypoints": 9}}
{"target": -327.30602191923015, "params": {"k_pid_pos": [1.9128906726837158, 0.046187251806259155, 5.796551704406738e-05], "k_pid_alt": [1.8502540588378906, 0.05629301071166992, 0.973145604133606], "k_pid_att": [94.11699676513672, 0.2417321354150772, 0.9363164901733398], "k_pid_yaw": [0.5, 1e-06, 0.1], "k_pid_hsp": [9.954617500305176, 0.6502999663352966, 0.25724858045578003], "k_pid_vsp": [355.7049865722656, 395.6949157714844, 16.554893493652344]}, "datetime": {"datetime": "2025-08-20 16:33:34", "elapsed": 16869.49174785614, "delta": 16.93393635749817}, "costs": {"total_cost": 327.30602191923015, "time_cost": 77.408, "final_distance_cost": 1.7512069485812143, "oscillation_cost": 164.03531561026887, "completition_cost": 0.0, "overshoot_cost": 52.04554309539239, "power_cost": 18.180372131347657, "noise_cost": 13.885584133640014, "n_waypoints_completed": 9, "tot_waypoints": 9}}
{"target": -246.8146438712204, "params": {"k_pid_pos": [1.9192918539047241, 0.051805734634399414, 7.152557373046875e-07], "k_pid_alt": [1.9247511625289917, 0.08920252323150635, 0.9836336374282837], "k_pid_att": [98.52116394042969, 6.603297233581543, 0.9711661338806152], "k_pid_yaw": [0.5, 1e-06, 0.1], "k_pid_hsp": [8.908486366271973, 0.9423917531967163, 0.018693149089813232], "k_pid_vsp": [27.93085479736328, 382.9205627441406, 33.60637283325195]}, "datetime": {"datetime": "2025-08-20 16:33:54", "elapsed": 16888.56756544113, "delta": 19.075817584991455}, "costs": {"total_cost": 246.8146438712204, "time_cost": 86.47200000000001, "final_distance_cost": 1.8066170907315027, "oscillation_cost": 75.92418393826802, "completition_cost": 0.0, "overshoot_cost": 52.00489466824577, "power_cost": 17.30977442626953, "noise_cost": 13.297173747705564, "n_waypoints_completed": 9, "tot_waypoints": 9}}
{"target": -282.0203482957518, "params": {"k_pid_pos": [1.9355242252349854, 0.008727073669433594, 0.0023585855960845947], "k_pid_alt": [1.9507120847702026, 0.008597135543823242, 0.9930540323257446], "k_pid_att": [68.08626556396484, 0.027338454499840736, 0.9902088642120361], "k_pid_yaw": [0.5, 1e-06, 0.1], "k_pid_hsp": [9.739471435546875, 0.9782050848007202, 0.23258516192436218], "k_pid_vsp": [387.8282165527344, 395.55157470703125, 8.589292526245117]}, "datetime": {"datetime": "2025-08-20 16:34:09", "elapsed": 16904.451914072037, "delta": 15.884348630905151}, "costs": {"total_cost": 282.0203482957518, "time_cost": 69.176, "final_distance_cost": 1.7435640049120833, "oscillation_cost": 135.09925338877372, "completition_cost": 0.0, "overshoot_cost": 49.629267180059706, "power_cost": 14.321254016113281, "noise_cost": 12.051009705892948, "n_waypoints_completed": 9, "tot_waypoints": 9}}
{"target": -219.60466107313647, "params": {"k_pid_pos": [1.971515417098999, 0.03626331686973572, 0.0], "k_pid_alt": [1.9641765356063843, 0.01562562584877014, 0.9826856851577759], "k_pid_att": [94.50071716308594, 0.310151606798172, 0.9159091711044312], "k_pid_yaw": [0.5, 1e-06, 0.1], "k_pid_hsp": [9.47668743133545, 0.9810872077941895, 0.008558273315429688], "k_pid_vsp": [397.69708251953125, 338.3331604003906, 59.99327850341797]}, "datetime": {"datetime": "2025-08-20 16:34:24", "elapsed": 16919.338525533676, "delta": 14.886611461639404}, "costs": {"total_cost": 219.60466107313647, "time_cost": 69.392, "final_distance_cost": 1.750718368743779, "oscillation_cost": 68.44318232514465, "completition_cost": 0.0, "overshoot_cost": 50.44577099140896, "power_cost": 16.858783728027344, "noise_cost": 12.71420565981173, "n_waypoints_completed": 9, "tot_waypoints": 9}}
{"target": -201.2586931341936, "params": {"k_pid_pos": [1.861655592918396, 0.09178981184959412, 0.0], "k_pid_alt": [1.8638912439346313, 0.022535502910614014, 0.9652444124221802], "k_pid_att": [97.02659606933594, 2.121730327606201, 0.9600036144256592], "k_pid_yaw": [0.5, 1e-06, 0.1], "k_pid_hsp": [9.390941619873047, 0.9820938110351562, 0.0017144381999969482], "k_pid_vsp": [399.9999084472656, 392.8838806152344, 41.67219543457031]}, "datetime": {"datetime": "2025-08-20 16:34:48", "elapsed": 16942.761025190353, "delta": 23.422499656677246}, "costs": {"total_cost": 201.2586931341936, "time_cost": 69.544, "final_distance_cost": 1.7580172206188929, "oscillation_cost": 58.85043140165477, "completition_cost": 0.0, "overshoot_cost": 49.69023736571847, "power_cost": 11.860208129882814, "noise_cost": 9.555799016318671, "n_waypoints_completed": 9, "tot_waypoints": 9}}
{"target": -224.80507197937067, "params": {"k_pid_pos": [1.9892934560775757, 0.008673936128616333, 0.0007541775703430176], "k_pid_alt": [1.9117136001586914, 0.016882330179214478, 0.9768995046615601], "k_pid_att": [85.44302368164062, 1.9425923824310303, 0.9885082244873047], "k_pid_yaw": [0.5, 1e-06, 0.1], "k_pid_hsp": [9.765892028808594, 0.9393907785415649, 0.06868505477905273], "k_pid_vsp": [400.0, 396.5746765136719, 3.317798137664795]}, "datetime": {"datetime": "2025-08-20 16:35:06", "elapsed": 16960.788516283035, "delta": 18.027491092681885}, "costs": {"total_cost": 224.80507197937067, "time_cost": 69.52, "final_distance_cost": 1.7665476688624617, "oscillation_cost": 77.77643336754379, "completition_cost": 0.0, "overshoot_cost": 50.97748304004728, "power_cost": 13.21879530029297, "noise_cost": 11.54581260262414, "n_waypoints_completed": 9, "tot_waypoints": 9}}
{"target": -217.95185549371763, "params": {"k_pid_pos": [1.4019197225570679, 0.14057844877243042, 0.0], "k_pid_alt": [1.9568281173706055, 0.021015971899032593, 0.9954781532287598], "k_pid_att": [99.4442367553711, 2.1011812686920166, 0.9458321332931519], "k_pid_yaw": [0.5, 1e-06, 0.1], "k_pid_hsp": [9.757755279541016, 0.958505392074585, 0.010429352521896362], "k_pid_vsp": [9.317266464233398, 383.9518737792969, 9.119189262390137]}, "datetime": {"datetime": "2025-08-20 16:35:21", "elapsed": 16975.95424747467, "delta": 15.165731191635132}, "costs": {"total_cost": 217.95185549371763, "time_cost": 68.912, "final_distance_cost": 1.789810552282411, "oscillation_cost": 72.2555996356938, "completition_cost": 0.0, "overshoot_cost": 50.32251754805886, "power_cost": 13.961044848632813, "noise_cost": 10.71088290904972, "n_waypoints_completed": 9, "tot_waypoints": 9}}
