{"target": -204.37842737158826, "params": {"k_pid_pos": [1.8677424192428589, 0.007088512182235718, 1.1920928955078125e-07], "k_pid_alt": [1.824425458908081, 0.032193392515182495, 0.9801197648048401], "k_pid_att": [98.30850219726562, 0.5182666182518005, 0.955987811088562], "k_pid_yaw": [0.5, 1e-06, 0.1], "k_pid_hsp": [8.55814266204834, 0.9748626947402954, 0.012009501457214355], "k_pid_vsp": [399.5362854003906, 388.6673583984375, 45.589054107666016]}, "datetime": {"datetime": "2025-08-20 18:35:48", "elapsed": 24203.317477464676, "delta": 16.475919246673584}, "costs": {"total_cost": 204.37842737158826, "time_cost": 69.272, "final_distance_cost": 1.7915064472154694, "oscillation_cost": 60.94500926362396, "completition_cost": 0.0, "overshoot_cost": 50.14607264573344, "power_cost": 12.09623162841797, "noise_cost": 10.1276073865974, "n_waypoints_completed": 9, "tot_waypoints": 9}}
{"target": -275.83408254750276, "params": {"k_pid_pos": [1.972694993019104, 0.006333649158477783, 0.0], "k_pid_alt": [1.9935007095336914, 0.14027172327041626, 0.830774188041687], "k_pid_att": [99.64012145996094, 1.7055023908615112, 0.9263864755630493], "k_pid_yaw": [0.5, 1e-06, 0.1], "k_pid_hsp": [9.813678741455078, 0.9931282997131348, 0.012607008218765259], "k_pid_vsp": [400.0, 398.6995544433594, 9.217167854309082]}, "datetime": {"datetime": "2025-08-20 18:36:10", "elapsed": 24224.84814763069, "delta": 21.530670166015625}, "costs": {"total_cost": 275.83408254750276, "time_cost": 98.536, "final_distance_cost": 1.7761802338597779, "oscillation_cost": 89.09289452787975, "completition_cost": 0.0, "overshoot_cost": 51.78387304985921, "power_cost": 19.027724047851564, "noise_cost": 15.617410688052459, "n_waypoints_completed": 9, "tot_waypoints": 9}}
{"target": -207.58651647762244, "params": {"k_pid_pos": [1.9180669784545898, 0.023354709148406982, 0.0], "k_pid_alt": [1.8256534337997437, 0.011720746755599976, 0.9552434086799622], "k_pid_att": [89.90807342529297, 0.12300921231508255, 0.9051612615585327], "k_pid_yaw": [0.5, 1e-06, 0.1], "k_pid_hsp": [9.928247451782227, 0.9806505441665649, 0.007174640893936157], "k_pid_vsp": [399.99993896484375, 388.04205322265625, 48.80689239501953]}, "datetime": {"datetime": "2025-08-20 18:36:25", "elapsed": 24240.488324165344, "delta": 15.64017653465271}, "costs": {"total_cost": 207.58651647762244, "time_cost": 69.34400000000001, "final_distance_cost": 1.7897816888214022, "oscillation_cost": 61.97633336922075, "completition_cost": 0.0, "overshoot_cost": 49.9980909269103, "power_cost": 13.648082995605469, "noise_cost": 10.830227497064488, "n_waypoints_completed": 9, "tot_waypoints": 9}}
{"target": -274.32901538230493, "params": {"k_pid_pos": [1.993303656578064, 0.01234409213066101, 0.0], "k_pid_alt": [1.901753544807434, 0.08774012327194214, 0.9935166835784912], "k_pid_att": [97.7421646118164, 0.6046662330627441, 0.994993269443512], "k_pid_yaw": [0.5, 1e-06, 0.1], "k_pid_hsp": [9.522943496704102, 0.9600478410720825, 0.020344316959381104], "k_pid_vsp": [400.0, 394.84600830078125, 33.535552978515625]}, "datetime": {"datetime": "2025-08-20 18:36:47", "elapsed": 24261.606560707092, "delta": 21.118236541748047}, "costs": {"total_cost": 274.32901538230493, "time_cost": 95.408, "final_distance_cost": 1.7749637456598153, "oscillation_cost": 88.60158805957525, "completition_cost": 0.0, "overshoot_cost": 51.94776960313146, "power_cost": 20.80743570556641, "noise_cost": 15.78925826837193, "n_waypoints_completed": 9, "tot_waypoints": 9}}
{"target": -229.8018889148387, "params": {"k_pid_pos": [1.9251707792282104, 0.10855519771575928, 0.0], "k_pid_alt": [1.9691505432128906, 0.008657395839691162, 0.9969817399978638], "k_pid_att": [99.73808288574219, 1.9310717582702637, 0.9702868461608887], "k_pid_yaw": [0.5, 1e-06, 0.1], "k_pid_hsp": [9.849150657653809, 0.9659298062324524, 0.04364326596260071], "k_pid_vsp": [400.0, 390.80926513671875, 23.708845138549805]}, "datetime": {"datetime": "2025-08-20 18:37:03", "elapsed": 24277.663621902466, "delta": 16.057061195373535}, "costs": {"total_cost": 229.8018889148387, "time_cost": 69.736, "final_distance_cost": 1.7744205691706805, "oscillation_cost": 84.64623940338687, "completition_cost": 0.0, "overshoot_cost": 50.263432263742615, "power_cost": 12.656269006347657, "noise_cost": 10.725527672190843, "n_waypoints_completed": 9, "tot_waypoints": 9}}
{"target": -275.60495905675657, "params": {"k_pid_pos": [1.9345468282699585, 0.007390499114990234, 0.6706002354621887], "k_pid_alt": [1.963271141052246, 0.05939987301826477, 0.9643357992172241], "k_pid_att": [98.63043975830078, 0.27378836274147034, 0.978508472442627], "k_pid_yaw": [0.5, 1e-06, 0.1], "k_pid_hsp": [9.698731422424316, 0.9844298362731934, 0.05764305591583252], "k_pid_vsp": [399.9999084472656, 383.1278076171875, 5.060482978820801]}, "datetime": {"datetime": "2025-08-20 18:37:19", "elapsed": 24293.823459148407, "delta": 16.159837245941162}, "costs": {"total_cost": 275.60495905675657, "time_cost": 75.57600000000001, "final_distance_cost": 1.8482348958199326, "oscillation_cost": 119.4160890350455, "completition_cost": 0.0, "overshoot_cost": 50.905104637267506, "power_cost": 14.805734960937501, "noise_cost": 13.053795527686152, "n_waypoints_completed": 9, "tot_waypoints": 9}}
{"target": -243.00242303199684, "params": {"k_pid_pos": [1.9679532051086426, 0.04027238488197327, 0.0], "k_pid_alt": [1.95635986328125, 0.08481165766716003, 0.9775528907775879], "k_pid_att": [99.5274429321289, 0.2307572364807129, 0.9928756952285767], "k_pid_yaw": [0.5, 1e-06, 0.1], "k_pid_hsp": [9.76723575592041, 0.9919896125793457, 0.04150271415710449], "k_pid_vsp": [400.0, 396.30023193359375, 7.554520130157471]}, "datetime": {"datetime": "2025-08-20 18:37:38", "elapsed": 24312.844982147217, "delta": 19.021522998809814}, "costs": {"total_cost": 243.00242303199684, "time_cost": 82.424, "final_distance_cost": 1.7842508854219854, "oscillation_cost": 76.72655922003017, "completition_cost": 0.0, "overshoot_cost": 52.805860270542226, "power_cost": 15.73648758544922, "noise_cost": 13.525265070553207, "n_waypoints_completed": 9, "tot_waypoints": 9}}
{"target": -262.16535085680886, "params": {"k_pid_pos": [1.986330509185791, 0.004389554262161255, 0.0], "k_pid_alt": [1.9118695259094238, 0.3609063923358917, 0.9768460392951965], "k_pid_att": [86.47676086425781, 0.4026558995246887, 0.8982459902763367], "k_pid_yaw": [0.5, 1e-06, 0.1], "k_pid_hsp": [9.769224166870117, 0.9911946058273315, 0.0022153854370117188], "k_pid_vsp": [400.0, 396.5814514160156, 3.0587921142578125]}, "datetime": {"datetime": "2025-08-20 18:38:00", "elapsed": 24335.38521003723, "delta": 22.54022789001465}, "costs": {"total_cost": 262.16535085680886, "time_cost": 95.96000000000001, "final_distance_cost": 1.744920155972067, "oscillation_cost": 79.76140486089153, "completition_cost": 0.0, "overshoot_cost": 52.46918619434443, "power_cost": 17.36211265869141, "noise_cost": 14.867726986909412, "n_waypoints_completed": 9, "tot_waypoints": 9}}
{"target": -260.0279739113535, "params": {"k_pid_pos": [1.9485454559326172, 0.005508989095687866, 0.9999992251396179], "k_pid_alt": [1.9268075227737427, 0.3246912658214569, 0.9672799110412598], "k_pid_att": [91.8461685180664, 0.09488951414823532, 0.96748948097229], "k_pid_yaw": [0.5, 1e-06, 0.1], "k_pid_hsp": [9.91042423248291, 0.9979891180992126, 0.0019444823265075684], "k_pid_vsp": [119.99664306640625, 384.6398010253906, 18.46600914001465]}, "datetime": {"datetime": "2025-08-20 18:38:18", "elapsed": 24352.983624219894, "delta": 17.598414182662964}, "costs": {"total_cost": 260.0279739113535, "time_cost": 78.464, "final_distance_cost": 1.7972879748070316, "oscillation_cost": 103.02322402460514, "completition_cost": 0.0, "overshoot_cost": 50.445945740498594, "power_cost": 14.537145361328125, "noise_cost": 11.760370810114589, "n_waypoints_completed": 9, "tot_waypoints": 9}}
{"target": -245.65783599143546, "params": {"k_pid_pos": [1.9827618598937988, 0.0240212082862854, 0.8700979351997375], "k_pid_alt": [1.8425557613372803, 0.025764286518096924, 0.9055373668670654], "k_pid_att": [98.64572143554688, 0.04123871400952339, 0.9971261024475098], "k_pid_yaw": [0.5, 1e-06, 0.1], "k_pid_hsp": [9.216586112976074, 0.957697868347168, 0.03546339273452759], "k_pid_vsp": [380.6877136230469, 378.4609069824219, 1.9297728538513184]}, "datetime": {"datetime": "2025-08-20 18:38:34", "elapsed": 24368.888790369034, "delta": 15.905166149139404}, "costs": {"total_cost": 245.65783599143546, "time_cost": 69.304, "final_distance_cost": 1.8465504783977615, "oscillation_cost": 99.68263960435138, "completition_cost": 0.0, "overshoot_cost": 49.52514112319093, "power_cost": 13.321096166992188, "noise_cost": 11.978408618503213, "n_waypoints_completed": 9, "tot_waypoints": 9}}
{"target": -222.77078969634593, "params": {"k_pid_pos": [1.9659688472747803, 0.11308819055557251, 1.4901161193847656e-07], "k_pid_alt": [1.8268928527832031, 0.02568519115447998, 0.9599903225898743], "k_pid_att": [99.35124969482422, 0.6990278363227844, 0.9313464164733887], "k_pid_yaw": [0.5, 1e-06, 0.1], "k_pid_hsp": [9.579195022583008, 0.9784724712371826, 0.019635528326034546], "k_pid_vsp": [381.1560974121094, 396.0360412597656, 4.622174263000488]}, "datetime": {"datetime": "2025-08-20 18:38:49", "elapsed": 24384.034423828125, "delta": 15.145633459091187}, "costs": {"total_cost": 222.77078969634593, "time_cost": 70.248, "final_distance_cost": 1.726911358589449, "oscillation_cost": 75.37629436015695, "completition_cost": 0.0, "overshoot_cost": 50.73425197850775, "power_cost": 13.113245898437501, "noise_cost": 11.572086100654285, "n_waypoints_completed": 9, "tot_waypoints": 9}}
{"target": -220.61773710109418, "params": {"k_pid_pos": [1.9710749387741089, 0.0071735680103302, 0.0], "k_pid_alt": [1.9497005939483643, 0.009390324354171753, 0.9851162433624268], "k_pid_att": [98.0472412109375, 0.474343478679657, 0.9864256381988525], "k_pid_yaw": [0.5, 1e-06, 0.1], "k_pid_hsp": [9.762103080749512, 0.9787664413452148, 0.016408920288085938], "k_pid_vsp": [399.99993896484375, 357.2364196777344, 5.3439507484436035]}, "datetime": {"datetime": "2025-08-20 18:39:06", "elapsed": 24401.12923502922, "delta": 17.09481120109558}, "costs": {"total_cost": 220.61773710109418, "time_cost": 69.896, "final_distance_cost": 1.7934248770991361, "oscillation_cost": 73.80743622946322, "completition_cost": 0.0, "overshoot_cost": 50.42034338430283, "power_cost": 13.119066760253906, "noise_cost": 11.581465849975082, "n_waypoints_completed": 9, "tot_waypoints": 9}}
{"target": -216.18645277903903, "params": {"k_pid_pos": [1.9322744607925415, 0.10900861024856567, 0.0], "k_pid_alt": [1.9689422845840454, 0.01809746026992798, 0.9731068015098572], "k_pid_att": [98.99755859375, 0.7150985598564148, 0.9868234992027283], "k_pid_yaw": [0.5, 1e-06, 0.1], "k_pid_hsp": [9.895163536071777, 0.9854581356048584, 0.011005610227584839], "k_pid_vsp": [400.0, 367.8358459472656, 29.651430130004883]}, "datetime": {"datetime": "2025-08-20 18:39:21", "elapsed": 24416.38320326805, "delta": 15.253968238830566}, "costs": {"total_cost": 216.18645277903903, "time_cost": 69.912, "final_distance_cost": 1.7714987489614127, "oscillation_cost": 65.7411264227176, "completition_cost": 0.0, "overshoot_cost": 50.45493155089751, "power_cost": 15.905479626464844, "noise_cost": 12.401416429997663, "n_waypoints_completed": 9, "tot_waypoints": 9}}
{"target": -261.75424483197116, "params": {"k_pid_pos": [1.9453634023666382, 0.0018826723098754883, 6.586313247680664e-06], "k_pid_alt": [1.952500820159912, 0.10028192400932312, 0.9948988556861877], "k_pid_att": [94.43083190917969, 0.19546836614608765, 0.9922783374786377], "k_pid_yaw": [0.5, 1e-06, 0.1], "k_pid_hsp": [9.679323196411133, 0.9865039587020874, 0.011222273111343384], "k_pid_vsp": [400.0, 394.7641906738281, 2.5382766723632812]}, "datetime": {"datetime": "2025-08-20 18:39:43", "elapsed": 24438.015372991562, "delta": 21.632169723510742}, "costs": {"total_cost": 261.75424483197116, "time_cost": 97.032, "final_distance_cost": 1.8155400348703368, "oscillation_cost": 78.30320004955182, "completition_cost": 0.0, "overshoot_cost": 51.90854802850721, "power_cost": 17.452219970703126, "noise_cost": 15.242736748338666, "n_waypoints_completed": 9, "tot_waypoints": 9}}
{"target": -215.05672020460167, "params": {"k_pid_pos": [1.9839144945144653, 0.007330417633056641, 0.0], "k_pid_alt": [1.9512465000152588, 0.018429070711135864, 0.9930445551872253], "k_pid_att": [97.08050537109375, 0.4079242944717407, 0.8289286494255066], "k_pid_yaw": [0.5, 1e-06, 0.1], "k_pid_hsp": [9.380992889404297, 0.9602548480033875, 0.023721694946289062], "k_pid_vsp": [400.0, 394.9954833984375, 25.538469314575195]}, "datetime": {"datetime": "2025-08-20 18:40:00", "elapsed": 24454.79036951065, "delta": 16.774996519088745}, "costs": {"total_cost": 215.05672020460167, "time_cost": 69.4, "final_distance_cost": 1.7274704008414792, "oscillation_cost": 69.48762853710767, "completition_cost": 0.0, "overshoot_cost": 50.40044359363702, "power_cost": 13.10625877685547, "noise_cost": 10.93491889616005, "n_waypoints_completed": 9, "tot_waypoints": 9}}
{"target": -278.7655479063992, "params": {"k_pid_pos": [1.9908396005630493, 0.043209075927734375, 8.940696716308594e-08], "k_pid_alt": [1.6882243156433105, 0.10865378379821777, 0.9003053903579712], "k_pid_att": [96.83013153076172, 0.17308436334133148, 0.9266061782836914], "k_pid_yaw": [0.5, 1e-06, 0.1], "k_pid_hsp": [9.98392391204834, 0.9855160117149353, 0.02193993330001831], "k_pid_vsp": [33.053375244140625, 366.8108825683594, 8.221114158630371]}, "datetime": {"datetime": "2025-08-20 18:40:23", "elapsed": 24477.857628822327, "delta": 23.067259311676025}, "costs": {"total_cost": 278.7655479063992, "time_cost": 99.992, "final_distance_cost": 1.7323378606154096, "oscillation_cost": 89.7924989010075, "completition_cost": 0.0, "overshoot_cost": 53.29499010640114, "power_cost": 18.53145487060547, "noise_cost": 15.422266167769711, "n_waypoints_completed": 9, "tot_waypoints": 9}}
{"target": -203.0184442883711, "params": {"k_pid_pos": [1.873442530632019, 0.019036442041397095, 0.0], "k_pid_alt": [1.9121434688568115, 0.02708953619003296, 0.972204327583313], "k_pid_att": [95.22945404052734, 0.5516195297241211, 0.9942764043807983], "k_pid_yaw": [0.5, 1e-06, 0.1], "k_pid_hsp": [7.077415466308594, 0.9833582639694214, 0.0035127103328704834], "k_pid_vsp": [400.0, 388.2434387207031, 4.308963775634766]}, "datetime": {"datetime": "2025-08-20 18:40:39", "elapsed": 24494.004683494568, "delta": 16.14705467224121}, "costs": {"total_cost": 203.0184442883711, "time_cost": 69.624, "final_distance_cost": 1.747932481622467, "oscillation_cost": 56.7195483695092, "completition_cost": 0.0, "overshoot_cost": 50.565375536692954, "power_cost": 12.888396813964844, "noise_cost": 11.473191086581602, "n_waypoints_completed": 9, "tot_waypoints": 9}}
{"target": -218.85315261325889, "params": {"k_pid_pos": [1.9518020153045654, 0.029305875301361084, 0.0], "k_pid_alt": [1.9212199449539185, 0.0062396228313446045, 0.9723730683326721], "k_pid_att": [98.60356140136719, 1.90610933303833, 0.9364114999771118], "k_pid_yaw": [0.5, 1e-06, 0.1], "k_pid_hsp": [9.315461158752441, 0.9147930145263672, 0.009776681661605835], "k_pid_vsp": [392.7600402832031, 397.6518249511719, 1.346815586090088]}, "datetime": {"datetime": "2025-08-20 18:40:55", "elapsed": 24509.977548599243, "delta": 15.972865104675293}, "costs": {"total_cost": 218.85315261325889, "time_cost": 69.88, "final_distance_cost": 1.790376926418457, "oscillation_cost": 72.52721623612607, "completition_cost": 0.0, "overshoot_cost": 49.76634579657427, "power_cost": 13.254503173828125, "noise_cost": 11.634710480311954, "n_waypoints_completed": 9, "tot_waypoints": 9}}
{"target": -239.3270952518624, "params": {"k_pid_pos": [1.8163923025131226, 0.09737241268157959, 1.1026859283447266e-06], "k_pid_alt": [1.7305781841278076, 0.03770744800567627, 0.973983883857727], "k_pid_att": [98.76985168457031, 4.084456920623779, 0.9803333878517151], "k_pid_yaw": [0.5, 1e-06, 0.1], "k_pid_hsp": [9.468026161193848, 0.9340697526931763, 0.10437408089637756], "k_pid_vsp": [399.99945068359375, 396.6360168457031, 2.4770150184631348]}, "datetime": {"datetime": "2025-08-20 18:41:11", "elapsed": 24525.54476070404, "delta": 15.567212104797363}, "costs": {"total_cost": 239.3270952518624, "time_cost": 69.8, "final_distance_cost": 1.732223628540523, "oscillation_cost": 91.96780715154944, "completition_cost": 0.0, "overshoot_cost": 50.289204022769574, "power_cost": 13.6876984375, "noise_cost": 11.850162011502885, "n_waypoints_completed": 9, "tot_waypoints": 9}}
{"target": -237.63403939389678, "params": {"k_pid_pos": [1.62434720993042, 0.0032185018062591553, 0.0], "k_pid_alt": [1.9749890565872192, 0.011900544166564941, 0.983324408531189], "k_pid_att": [99.65290069580078, 0.3707689046859741, 0.9285122156143188], "k_pid_yaw": [0.5, 1e-06, 0.1], "k_pid_hsp": [9.703398704528809, 0.9692151546478271, 0.07906177639961243], "k_pid_vsp": [400.0, 389.9539489746094, 4.847670555114746]}, "datetime": {"datetime": "2025-08-20 18:41:26", "elapsed": 24541.157658338547, "delta": 15.612897634506226}, "costs": {"total_cost": 237.63403939389678, "time_cost": 68.76, "final_distance_cost": 1.8006975574567103, "oscillation_cost": 92.23336253922876, "completition_cost": 0.0, "overshoot_cost": 50.2692919438482, "power_cost": 13.07455155029297, "noise_cost": 11.496135803070128, "n_waypoints_completed": 9, "tot_waypoints": 9}}
{"target": -206.86117034860385, "params": {"k_pid_pos": [1.934627890586853, 0.06264960765838623, 0.0], "k_pid_alt": [1.9466211795806885, 0.02468922734260559, 0.9703083038330078], "k_pid_att": [97.96041107177734, 0.07757095992565155, 0.8992370367050171], "k_pid_yaw": [0.5, 1e-06, 0.1], "k_pid_hsp": [9.904443740844727, 0.9852647185325623, 0.005336195230484009], "k_pid_vsp": [395.2263488769531, 382.2197570800781, 7.029343605041504]}, "datetime": {"datetime": "2025-08-20 18:41:42", "elapsed": 24556.51448059082, "delta": 15.35682225227356}, "costs": {"total_cost": 206.86117034860385, "time_cost": 69.664, "final_distance_cost": 1.7847040994500873, "oscillation_cost": 60.45477451498234, "completition_cost": 0.0, "overshoot_cost": 50.630355780710154, "power_cost": 12.893931591796875, "noise_cost": 11.433404361664405, "n_waypoints_completed": 9, "tot_waypoints": 9}}
{"target": -221.04482233489784, "params": {"k_pid_pos": [1.9785622358322144, 0.05692857503890991, 0.0], "k_pid_alt": [1.8519692420959473, 0.01982581615447998, 0.986635148525238], "k_pid_att": [97.29008483886719, 0.0932706668972969, 0.9976149201393127], "k_pid_yaw": [0.5, 1e-06, 0.1], "k_pid_hsp": [9.907796859741211, 0.9607369899749756, 0.02595844864845276], "k_pid_vsp": [399.9998779296875, 394.13275146484375, 3.2682785987854004]}, "datetime": {"datetime": "2025-08-20 18:41:58", "elapsed": 24573.199186086655, "delta": 16.68470549583435}, "costs": {"total_cost": 221.04482233489784, "time_cost": 70.072, "final_distance_cost": 1.7821906349797125, "oscillation_cost": 74.37192046259999, "completition_cost": 0.0, "overshoot_cost": 50.12778707714885, "power_cost": 13.184890393066407, "noise_cost": 11.50603376710287, "n_waypoints_completed": 9, "tot_waypoints": 9}}
{"target": -241.80435891077985, "params": {"k_pid_pos": [1.9233753681182861, 0.0096568763256073, 0.0], "k_pid_alt": [1.9959704875946045, 0.06166556477546692, 0.94680255651474], "k_pid_att": [97.97833251953125, 0.7183785438537598, 0.9869993925094604], "k_pid_yaw": [0.5, 1e-06, 0.1], "k_pid_hsp": [7.087008953094482, 0.947264552116394, 0.001786261796951294], "k_pid_vsp": [0.00514984130859375, 396.7192077636719, 7.59027099609375]}, "datetime": {"datetime": "2025-08-20 18:42:17", "elapsed": 24591.577315807343, "delta": 18.378129720687866}, "costs": {"total_cost": 241.80435891077985, "time_cost": 79.664, "final_distance_cost": 1.8014360942639047, "oscillation_cost": 78.07717380650925, "completition_cost": 0.0, "overshoot_cost": 53.57328667564645, "power_cost": 16.72073739013672, "noise_cost": 11.96772494422353, "n_waypoints_completed": 9, "tot_waypoints": 9}}
{"target": -203.1018914701439, "params": {"k_pid_pos": [1.9754936695098877, 0.030597060918807983, 2.9802322387695312e-08], "k_pid_alt": [1.9374487400054932, 0.05216163396835327, 0.9933336973190308], "k_pid_att": [99.25276184082031, 0.22342027723789215, 0.9917445182800293], "k_pid_yaw": [0.5, 1e-06, 0.1], "k_pid_hsp": [8.3992919921875, 0.9968401193618774, 0.004088014364242554], "k_pid_vsp": [399.9997253417969, 395.2788391113281, 7.495249271392822]}, "datetime": {"datetime": "2025-08-20 18:42:31", "elapsed": 24606.254146575928, "delta": 14.676830768585205}, "costs": {"total_cost": 203.1018914701439, "time_cost": 69.872, "final_distance_cost": 1.73221138931627, "oscillation_cost": 56.02359969684885, "completition_cost": 0.0, "overshoot_cost": 50.69909070934242, "power_cost": 13.150850463867188, "noise_cost": 11.624139210769151, "n_waypoints_completed": 9, "tot_waypoints": 9}}
{"target": -215.18210837789292, "params": {"k_pid_pos": [1.9337095022201538, 0.031932324171066284, 0.0], "k_pid_alt": [1.8972504138946533, 0.01576179265975952, 0.9773292541503906], "k_pid_att": [95.89884948730469, 0.40764057636260986, 0.9792223572731018], "k_pid_yaw": [0.5, 1e-06, 0.1], "k_pid_hsp": [9.590703010559082, 0.8698345422744751, 0.007768094539642334], "k_pid_vsp": [400.0, 393.3666076660156, 1.1402616500854492]}, "datetime": {"datetime": "2025-08-20 18:42:47", "elapsed": 24621.882395267487, "delta": 15.628248691558838}, "costs": {"total_cost": 215.18210837789292, "time_cost": 69.816, "final_distance_cost": 1.7700740426393682, "oscillation_cost": 68.97364755822512, "completition_cost": 0.0, "overshoot_cost": 50.31001894230256, "power_cost": 12.930679638671876, "noise_cost": 11.381688196054002, "n_waypoints_completed": 9, "tot_waypoints": 9}}
