{"target": -237.96031487680506, "params": {"k_pid_pos": [1.9238665103912354, 0.36240023374557495, 0.0], "k_pid_alt": [1.9788413047790527, 0.0631456971168518, 0.839236855506897], "k_pid_att": [95.72811126708984, 0.10746000707149506, 0.8797815442085266], "k_pid_yaw": [0.5, 1e-06, 0.1], "k_pid_hsp": [9.72749137878418, 0.655829668045044, 0.03486195206642151], "k_pid_vsp": [399.9834899902344, 360.2293395996094, 7.245827674865723]}, "datetime": {"datetime": "2025-08-20 16:43:00", "elapsed": 17434.862684965134, "delta": 18.585421562194824}, "costs": {"total_cost": 237.96031487680506, "time_cost": 81.272, "final_distance_cost": 1.7275159209662672, "oscillation_cost": 70.46937190876653, "completition_cost": 0.0, "overshoot_cost": 55.14145977242522, "power_cost": 15.623994274902344, "noise_cost": 13.725972999744704, "n_waypoints_completed": 9, "tot_waypoints": 9}}
{"target": -211.06254819603328, "params": {"k_pid_pos": [1.9928652048110962, 0.04201593995094299, 0.003422766923904419], "k_pid_alt": [1.9126529693603516, 0.00871133804321289, 0.9265097379684448], "k_pid_att": [94.85529327392578, 0.2944822907447815, 0.9477348327636719], "k_pid_yaw": [0.5, 1e-06, 0.1], "k_pid_hsp": [6.779374122619629, 0.9122892618179321, 0.049044013023376465], "k_pid_vsp": [400.0, 376.1971130371094, 27.438535690307617]}, "datetime": {"datetime": "2025-08-20 16:43:15", "elapsed": 17450.462270498276, "delta": 15.59958553314209}, "costs": {"total_cost": 211.06254819603328, "time_cost": 69.60000000000001, "final_distance_cost": 1.7308067059125327, "oscillation_cost": 64.2972338890742, "completition_cost": 0.0, "overshoot_cost": 50.13999646825122, "power_cost": 14.006230151367188, "noise_cost": 11.288280981428123, "n_waypoints_completed": 9, "tot_waypoints": 9}}
{"target": -260.7535400383863, "params": {"k_pid_pos": [1.7586232423782349, 0.029272139072418213, 0.0], "k_pid_alt": [1.9668958187103271, 0.08252134919166565, 0.9315932989120483], "k_pid_att": [97.45416259765625, 0.7821730971336365, 0.9687519073486328], "k_pid_yaw": [0.5, 1e-06, 0.1], "k_pid_hsp": [9.041807174682617, 0.9882409572601318, 0.15999209880828857], "k_pid_vsp": [400.0, 394.0270080566406, 7.240999698638916]}, "datetime": {"datetime": "2025-08-20 16:43:33", "elapsed": 17468.279553174973, "delta": 17.817282676696777}, "costs": {"total_cost": 260.7535400383863, "time_cost": 78.912, "final_distance_cost": 1.760818927520647, "oscillation_cost": 98.22260489627037, "completition_cost": 0.0, "overshoot_cost": 52.436313101250825, "power_cost": 15.989997412109377, "noise_cost": 13.431805701235056, "n_waypoints_completed": 9, "tot_waypoints": 9}}
{"target": -295.8724829042881, "params": {"k_pid_pos": [1.8252694606781006, 0.08166876435279846, 0.0], "k_pid_alt": [1.8618040084838867, 0.11356136202812195, 0.9786618947982788], "k_pid_att": [95.56505584716797, 1.7776739597320557, 0.848393976688385], "k_pid_yaw": [0.5, 1e-06, 0.1], "k_pid_hsp": [9.741329193115234, 0.9465808868408203, 0.029271364212036133], "k_pid_vsp": [400.0, 387.78692626953125, 175.85101318359375]}, "datetime": {"datetime": "2025-08-20 16:43:55", "elapsed": 17490.064227342606, "delta": 21.784674167633057}, "costs": {"total_cost": 295.8724829042881, "time_cost": 99.496, "final_distance_cost": 1.7916910469122798, "oscillation_cost": 107.52781504022084, "completition_cost": 0.0, "overshoot_cost": 52.212234613915875, "power_cost": 19.733241650390624, "noise_cost": 15.111500552848563, "n_waypoints_completed": 9, "tot_waypoints": 9}}
{"target": -232.38854981632088, "params": {"k_pid_pos": [1.851337194442749, 0.07222825288772583, 0.0], "k_pid_alt": [1.6283704042434692, 0.06378287076950073, 0.9872031807899475], "k_pid_att": [91.18048858642578, 0.567310631275177, 0.8471555113792419], "k_pid_yaw": [0.5, 1e-06, 0.1], "k_pid_hsp": [9.653258323669434, 0.9276320934295654, 0.014393419027328491], "k_pid_vsp": [400.0, 381.49200439453125, 9.965349197387695]}, "datetime": {"datetime": "2025-08-20 16:44:15", "elapsed": 17509.765251636505, "delta": 19.701024293899536}, "costs": {"total_cost": 232.38854981632088, "time_cost": 80.824, "final_distance_cost": 1.7703723478031081, "oscillation_cost": 70.42632287499342, "completition_cost": 0.0, "overshoot_cost": 51.680135049402686, "power_cost": 15.015512597656251, "noise_cost": 12.67220694646542, "n_waypoints_completed": 9, "tot_waypoints": 9}}
{"target": -616.3375252115098, "params": {"k_pid_pos": [1.3325843811035156, 0.22040730714797974, 1.0], "k_pid_alt": [0.3560660481452942, 0.021318793296813965, 0.9832640886306763], "k_pid_att": [96.79315185546875, 1.2386622428894043, 0.9950128793716431], "k_pid_yaw": [0.5, 1e-06, 0.1], "k_pid_hsp": [9.49077320098877, 0.9850637912750244, 0.004605084657669067], "k_pid_vsp": [400.0, 380.4453430175781, 4.291940689086914]}, "datetime": {"datetime": "2025-08-20 16:44:41", "elapsed": 17535.999935388565, "delta": 26.234683752059937}, "costs": {"total_cost": 616.3375252115098, "time_cost": 150, "final_distance_cost": 68.46485920676106, "oscillation_cost": 99.8367220358868, "completition_cost": 222.2222222222222, "overshoot_cost": 43.16589024069769, "power_cost": 17.633403076171877, "noise_cost": 15.014428429770222, "n_waypoints_completed": 7, "tot_waypoints": 9}}
{"target": -226.81366838496552, "params": {"k_pid_pos": [1.8839977979660034, 0.168026864528656, 0.0], "k_pid_alt": [1.9192981719970703, 0.024144470691680908, 0.9280304312705994], "k_pid_att": [99.01128387451172, 1.4312480688095093, 0.9809684753417969], "k_pid_yaw": [0.5, 1e-06, 0.1], "k_pid_hsp": [9.924273490905762, 0.8856543302536011, 0.008559972047805786], "k_pid_vsp": [399.2521667480469, 389.05535888671875, 103.31700134277344]}, "datetime": {"datetime": "2025-08-20 16:44:58", "elapsed": 17552.887207746506, "delta": 16.887272357940674}, "costs": {"total_cost": 226.81366838496552, "time_cost": 70.112, "final_distance_cost": 1.7163733665111165, "oscillation_cost": 77.87121194092917, "completition_cost": 0.0, "overshoot_cost": 50.850129546363945, "power_cost": 14.7501845703125, "noise_cost": 11.513768960848768, "n_waypoints_completed": 9, "tot_waypoints": 9}}
{"target": -263.9276235482785, "params": {"k_pid_pos": [1.8448317050933838, 0.056800514459609985, 0.06489571928977966], "k_pid_alt": [1.9744937419891357, 0.20441165566444397, 0.8614504337310791], "k_pid_att": [98.6004867553711, 0.052247583866119385, 0.9700202345848083], "k_pid_yaw": [0.5, 1e-06, 0.1], "k_pid_hsp": [9.6926851272583, 0.9787794351577759, 0.0031399130821228027], "k_pid_vsp": [400.0, 397.0827941894531, 17.655385971069336]}, "datetime": {"datetime": "2025-08-20 16:45:20", "elapsed": 17574.86090517044, "delta": 21.973697423934937}, "costs": {"total_cost": 263.9276235482785, "time_cost": 99.496, "final_distance_cost": 1.7294809982967816, "oscillation_cost": 79.27529599203369, "completition_cost": 0.0, "overshoot_cost": 52.138082942351055, "power_cost": 17.52333135986328, "noise_cost": 13.765432255733767, "n_waypoints_completed": 9, "tot_waypoints": 9}}
{"target": -277.14101551415024, "params": {"k_pid_pos": [1.9368253946304321, 0.02586829662322998, 0.032925575971603394], "k_pid_alt": [1.9595563411712646, 0.05275195837020874, 0.9252585172653198], "k_pid_att": [84.85386657714844, 0.9491282105445862, 0.9835788011550903], "k_pid_yaw": [0.5, 1e-06, 0.1], "k_pid_hsp": [9.373955726623535, 0.970107913017273, 0.06621885299682617], "k_pid_vsp": [0.00133514404296875, 395.9579772949219, 65.15983581542969]}, "datetime": {"datetime": "2025-08-20 16:45:36", "elapsed": 17590.952365398407, "delta": 16.09146022796631}, "costs": {"total_cost": 277.14101551415024, "time_cost": 75.08800000000001, "final_distance_cost": 1.7887353717423193, "oscillation_cost": 117.9085141896094, "completition_cost": 0.0, "overshoot_cost": 52.91711633737928, "power_cost": 16.84724921875, "noise_cost": 12.591400396669203, "n_waypoints_completed": 9, "tot_waypoints": 9}}
{"target": -280.5008762171912, "params": {"k_pid_pos": [1.8850581645965576, 0.012559056282043457, 0.9999992847442627], "k_pid_alt": [1.7886064052581787, 0.10553538799285889, 0.7999473810195923], "k_pid_att": [99.1794204711914, 0.07177744805812836, 0.9226607084274292], "k_pid_yaw": [0.5, 1e-06, 0.1], "k_pid_hsp": [6.223689556121826, 0.9571741819381714, 0.013655751943588257], "k_pid_vsp": [0.06200075149536133, 386.8929748535156, 24.118066787719727]}, "datetime": {"datetime": "2025-08-20 16:45:54", "elapsed": 17608.819717884064, "delta": 17.86735248565674}, "costs": {"total_cost": 280.5008762171912, "time_cost": 80.776, "final_distance_cost": 1.8528962165846778, "oscillation_cost": 113.87045980835065, "completition_cost": 0.0, "overshoot_cost": 53.82479805761226, "power_cost": 17.23274189453125, "noise_cost": 12.943980240112326, "n_waypoints_completed": 9, "tot_waypoints": 9}}
{"target": -239.69106775644292, "params": {"k_pid_pos": [1.9580777883529663, 0.14030510187149048, 0.0], "k_pid_alt": [1.5197370052337646, 0.0587010383605957, 0.9090911149978638], "k_pid_att": [93.20077514648438, 2.021846294403076, 0.9858033061027527], "k_pid_yaw": [0.5, 1e-06, 0.1], "k_pid_hsp": [9.71323299407959, 0.8979014158248901, 0.016704261302947998], "k_pid_vsp": [400.0, 262.0011291503906, 9.641290664672852]}, "datetime": {"datetime": "2025-08-20 16:46:13", "elapsed": 17627.570915460587, "delta": 18.751197576522827}, "costs": {"total_cost": 239.69106775644292, "time_cost": 82.168, "final_distance_cost": 1.7284455746677725, "oscillation_cost": 73.35717043956089, "completition_cost": 0.0, "overshoot_cost": 52.4590748651075, "power_cost": 16.254920764160158, "noise_cost": 13.723456112946598, "n_waypoints_completed": 9, "tot_waypoints": 9}}
{"target": -282.68283155406874, "params": {"k_pid_pos": [1.8123786449432373, 0.062264055013656616, 0.0], "k_pid_alt": [1.948091745376587, 0.007808387279510498, 0.9836453199386597], "k_pid_att": [92.55644226074219, 0.9521012306213379, 0.9785440564155579], "k_pid_yaw": [0.5, 1e-06, 0.1], "k_pid_hsp": [9.081172943115234, 0.946551501750946, 0.4472234547138214], "k_pid_vsp": [0.32036304473876953, 378.71173095703125, 23.59419059753418]}, "datetime": {"datetime": "2025-08-20 16:46:29", "elapsed": 17643.638329982758, "delta": 16.06741452217102}, "costs": {"total_cost": 282.68283155406874, "time_cost": 71.232, "final_distance_cost": 1.7650495219384805, "oscillation_cost": 128.93263236305967, "completition_cost": 0.0, "overshoot_cost": 52.14365555434557, "power_cost": 16.201995861816407, "noise_cost": 12.40749825290865, "n_waypoints_completed": 9, "tot_waypoints": 9}}
{"target": -265.7998701065902, "params": {"k_pid_pos": [1.9143030643463135, 0.03441077470779419, 0.0], "k_pid_alt": [1.9718378782272339, 0.10562902688980103, 0.9663848876953125], "k_pid_att": [97.97581481933594, 0.13525396585464478, 0.9850537776947021], "k_pid_yaw": [0.5, 1e-06, 0.1], "k_pid_hsp": [9.569764137268066, 0.9943933486938477, 0.025684773921966553], "k_pid_vsp": [399.995849609375, 386.02191162109375, 6.090093612670898]}, "datetime": {"datetime": "2025-08-20 16:46:50", "elapsed": 17665.129068613052, "delta": 21.4907386302948}, "costs": {"total_cost": 265.7998701065902, "time_cost": 97.656, "final_distance_cost": 1.7787438001534186, "oscillation_cost": 81.41284397269872, "completition_cost": 0.0, "overshoot_cost": 51.82990653803272, "power_cost": 17.800873376464846, "noise_cost": 15.321502419240515, "n_waypoints_completed": 9, "tot_waypoints": 9}}
{"target": -268.9522515529871, "params": {"k_pid_pos": [1.9868500232696533, 0.0744277834892273, 1.4901161193847656e-07], "k_pid_alt": [1.7822761535644531, 0.02507302165031433, 0.8919280767440796], "k_pid_att": [92.65867614746094, 0.7541937232017517, 0.9767758250236511], "k_pid_yaw": [0.5, 1e-06, 0.1], "k_pid_hsp": [9.880826950073242, 0.9799903035163879, 0.020200610160827637], "k_pid_vsp": [0.30455589294433594, 323.8800964355469, 148.577880859375]}, "datetime": {"datetime": "2025-08-20 16:47:10", "elapsed": 17685.307194948196, "delta": 20.178126335144043}, "costs": {"total_cost": 268.9522515529871, "time_cost": 87.608, "final_distance_cost": 1.72654064772589, "oscillation_cost": 85.72469529409192, "completition_cost": 0.0, "overshoot_cost": 65.47406857924237, "power_cost": 14.976878808593751, "noise_cost": 13.442068223333175, "n_waypoints_completed": 9, "tot_waypoints": 9}}
{"target": -215.0466094765484, "params": {"k_pid_pos": [1.9342212677001953, 0.018745452165603638, 0.00035324692726135254], "k_pid_alt": [1.68784761428833, 0.02595779299736023, 0.9961388111114502], "k_pid_att": [94.06121826171875, 1.1487364768981934, 0.9905393123626709], "k_pid_yaw": [0.5, 1e-06, 0.1], "k_pid_hsp": [8.912883758544922, 0.9908555150032043, 0.0325966477394104], "k_pid_vsp": [400.0, 368.390380859375, 16.931737899780273]}, "datetime": {"datetime": "2025-08-20 16:47:26", "elapsed": 17700.657588243484, "delta": 15.350393295288086}, "costs": {"total_cost": 215.0466094765484, "time_cost": 69.544, "final_distance_cost": 1.7880040104343693, "oscillation_cost": 66.85485427558244, "completition_cost": 0.0, "overshoot_cost": 49.98440872989916, "power_cost": 14.930495397949219, "noise_cost": 11.944847062683264, "n_waypoints_completed": 9, "tot_waypoints": 9}}
{"target": -225.04172252694272, "params": {"k_pid_pos": [1.9616012573242188, 0.3688216507434845, 1.4901161193847656e-07], "k_pid_alt": [1.8799829483032227, 0.03931319713592529, 0.9874202013015747], "k_pid_att": [97.44684600830078, 0.78819340467453, 0.9662346243858337], "k_pid_yaw": [0.5, 1e-06, 0.1], "k_pid_hsp": [7.722904682159424, 0.8919245600700378, 0.010437041521072388], "k_pid_vsp": [399.9909362792969, 395.20758056640625, 16.53045654296875]}, "datetime": {"datetime": "2025-08-20 16:47:44", "elapsed": 17719.008590459824, "delta": 18.35100221633911}, "costs": {"total_cost": 225.04172252694272, "time_cost": 82.432, "final_distance_cost": 1.7514901101069527, "oscillation_cost": 58.725528822827506, "completition_cost": 0.0, "overshoot_cost": 52.5127811653143, "power_cost": 16.466977380371095, "noise_cost": 13.152945048322866, "n_waypoints_completed": 9, "tot_waypoints": 9}}
{"target": -260.03729539039927, "params": {"k_pid_pos": [1.904240369796753, 0.03123795986175537, 0.0], "k_pid_alt": [1.9483308792114258, 0.07849520444869995, 0.984571099281311], "k_pid_att": [95.5469970703125, 0.03959513455629349, 0.9764711856842041], "k_pid_yaw": [0.5, 1e-06, 0.1], "k_pid_hsp": [9.79623794555664, 0.9706436395645142, 0.056732177734375], "k_pid_vsp": [213.1176300048828, 364.78033447265625, 4.913414478302002]}, "datetime": {"datetime": "2025-08-20 16:48:02", "elapsed": 17736.809597492218, "delta": 17.80100703239441}, "costs": {"total_cost": 260.03729539039927, "time_cost": 80.92, "final_distance_cost": 1.7639856300557866, "oscillation_cost": 95.39057163967621, "completition_cost": 0.0, "overshoot_cost": 52.92130447396311, "power_cost": 15.571431774902344, "noise_cost": 13.470001871801774, "n_waypoints_completed": 9, "tot_waypoints": 9}}
{"target": -295.5884253104466, "params": {"k_pid_pos": [1.958400845527649, 0.012748181819915771, 0.6933920383453369], "k_pid_alt": [1.9452303647994995, 0.01676088571548462, 0.9481015205383301], "k_pid_att": [98.07533264160156, 0.0874178484082222, 0.9353090524673462], "k_pid_yaw": [0.5, 1e-06, 0.1], "k_pid_hsp": [9.524751663208008, 0.9910452365875244, 0.07395657896995544], "k_pid_vsp": [400.0, 343.87261962890625, 23.797239303588867]}, "datetime": {"datetime": "2025-08-20 16:48:17", "elapsed": 17752.29352402687, "delta": 15.48392653465271}, "costs": {"total_cost": 295.5884253104466, "time_cost": 68.856, "final_distance_cost": 1.824850799086926, "oscillation_cost": 146.24761591532956, "completition_cost": 0.0, "overshoot_cost": 50.18495446464202, "power_cost": 15.853234606933594, "noise_cost": 12.621769524454535, "n_waypoints_completed": 9, "tot_waypoints": 9}}
{"target": -343.9253255749509, "params": {"k_pid_pos": [1.8781036138534546, 0.0475257933139801, 7.024407386779785e-05], "k_pid_alt": [1.9666996002197266, 0.10556137561798096, 0.9113149642944336], "k_pid_att": [95.10415649414062, 0.4064398407936096, 0.7100329399108887], "k_pid_yaw": [0.5, 1e-06, 0.1], "k_pid_hsp": [9.567468643188477, 0.9702013731002808, 0.056393206119537354], "k_pid_vsp": [0.07677078247070312, 351.6236267089844, 26.63974952697754]}, "datetime": {"datetime": "2025-08-20 16:48:37", "elapsed": 17771.794525384903, "delta": 19.501001358032227}, "costs": {"total_cost": 343.9253255749509, "time_cost": 87.76, "final_distance_cost": 1.739513168574316, "oscillation_cost": 166.19932406138085, "completition_cost": 0.0, "overshoot_cost": 54.42470913907244, "power_cost": 19.478483825683593, "noise_cost": 14.32329538023963, "n_waypoints_completed": 9, "tot_waypoints": 9}}
{"target": -364.6438751967526, "params": {"k_pid_pos": [1.76775324344635, 0.08861804008483887, 9.319186210632324e-05], "k_pid_alt": [1.9576923847198486, 0.11789810657501221, 0.9745209217071533], "k_pid_att": [98.31006622314453, 0.11933372914791107, 0.9928332567214966], "k_pid_yaw": [0.5, 1e-06, 0.1], "k_pid_hsp": [9.944184303283691, 0.9941946268081665, 0.16691452264785767], "k_pid_vsp": [400.0, 382.2591247558594, 5.475724697113037]}, "datetime": {"datetime": "2025-08-20 16:48:58", "elapsed": 17793.3453040123, "delta": 21.55077862739563}, "costs": {"total_cost": 364.6438751967526, "time_cost": 97.208, "final_distance_cost": 1.7510878741785354, "oscillation_cost": 178.04243619636378, "completition_cost": 0.0, "overshoot_cost": 52.29620903901281, "power_cost": 19.30279178466797, "noise_cost": 16.043350302529532, "n_waypoints_completed": 9, "tot_waypoints": 9}}
{"target": -291.13905444028313, "params": {"k_pid_pos": [1.9427926540374756, 0.011473625898361206, 2.980232238769531e-07], "k_pid_alt": [1.9638208150863647, 0.05365777015686035, 0.9926031231880188], "k_pid_att": [85.39994812011719, 1.5525143146514893, 0.9638680219650269], "k_pid_yaw": [0.5, 1e-06, 0.1], "k_pid_hsp": [9.830172538757324, 0.9817460775375366, 0.2672884166240692], "k_pid_vsp": [400.0, 370.7887878417969, 20.23076057434082]}, "datetime": {"datetime": "2025-08-20 16:49:14", "elapsed": 17808.64617562294, "delta": 15.30087161064148}, "costs": {"total_cost": 291.13905444028313, "time_cost": 69.992, "final_distance_cost": 1.7746434838160192, "oscillation_cost": 141.65220829519043, "completition_cost": 0.0, "overshoot_cost": 50.748425847109665, "power_cost": 14.994524780273439, "noise_cost": 11.977252033893613, "n_waypoints_completed": 9, "tot_waypoints": 9}}
{"target": -222.18302797392454, "params": {"k_pid_pos": [1.9331504106521606, 0.11365717649459839, 2.384185791015625e-07], "k_pid_alt": [1.9538381099700928, 0.022515445947647095, 0.941098690032959], "k_pid_att": [98.9806137084961, 0.9368548393249512, 0.9756152629852295], "k_pid_yaw": [0.5, 1e-06, 0.1], "k_pid_hsp": [9.446842193603516, 0.8556649684906006, 0.032470643520355225], "k_pid_vsp": [9.057510375976562, 378.2045593261719, 19.807435989379883]}, "datetime": {"datetime": "2025-08-20 16:49:30", "elapsed": 17824.51358771324, "delta": 15.867412090301514}, "costs": {"total_cost": 222.18302797392454, "time_cost": 70.47200000000001, "final_distance_cost": 1.726137378337706, "oscillation_cost": 72.63560541739841, "completition_cost": 0.0, "overshoot_cost": 51.547200595772686, "power_cost": 14.57044735107422, "noise_cost": 11.231637231341493, "n_waypoints_completed": 9, "tot_waypoints": 9}}
{"target": -206.43944841265395, "params": {"k_pid_pos": [1.8656607866287231, 0.018282651901245117, 2.345442771911621e-05], "k_pid_alt": [1.9798096418380737, 0.0619681179523468, 0.9967395067214966], "k_pid_att": [98.6586685180664, 0.10331901162862778, 0.9910550117492676], "k_pid_yaw": [0.5, 1e-06, 0.1], "k_pid_hsp": [9.03563117980957, 0.9878954887390137, 0.009179145097732544], "k_pid_vsp": [399.994140625, 373.7793884277344, 104.51223754882812]}, "datetime": {"datetime": "2025-08-20 16:49:46", "elapsed": 17840.49772787094, "delta": 15.984140157699585}, "costs": {"total_cost": 206.43944841265395, "time_cost": 70.016, "final_distance_cost": 1.794497858638551, "oscillation_cost": 58.92675556570687, "completition_cost": 0.0, "overshoot_cost": 51.44638489353385, "power_cost": 13.521376391601564, "noise_cost": 10.734433703173089, "n_waypoints_completed": 9, "tot_waypoints": 9}}
{"target": -222.500942954991, "params": {"k_pid_pos": [1.6506963968276978, 0.136456698179245, 0.0], "k_pid_alt": [1.4202700853347778, 0.007830590009689331, 0.9073782563209534], "k_pid_att": [95.17662811279297, 0.15715040266513824, 0.950176477432251], "k_pid_yaw": [0.5, 1e-06, 0.1], "k_pid_hsp": [9.8748140335083, 0.9073006510734558, 0.048598796129226685], "k_pid_vsp": [398.8068542480469, 388.9245910644531, 4.9369940757751465]}, "datetime": {"datetime": "2025-08-20 16:50:01", "elapsed": 17856.2486205101, "delta": 15.750892639160156}, "costs": {"total_cost": 222.500942954991, "time_cost": 70.616, "final_distance_cost": 1.784987317334136, "oscillation_cost": 75.39713897942133, "completition_cost": 0.0, "overshoot_cost": 49.63862435455591, "power_cost": 13.39073660888672, "noise_cost": 11.673455694792887, "n_waypoints_completed": 9, "tot_waypoints": 9}}
{"target": -207.9728036190546, "params": {"k_pid_pos": [1.8962897062301636, 0.012849658727645874, 0.001522153615951538], "k_pid_alt": [1.923305869102478, 0.03962257504463196, 0.9208205938339233], "k_pid_att": [94.01219177246094, 0.6212347149848938, 0.9162476658821106], "k_pid_yaw": [0.5, 1e-06, 0.1], "k_pid_hsp": [8.577665328979492, 0.9847145676612854, 0.009158670902252197], "k_pid_vsp": [400.0, 394.18829345703125, 1.532233715057373]}, "datetime": {"datetime": "2025-08-20 16:50:17", "elapsed": 17871.849484205246, "delta": 15.600863695144653}, "costs": {"total_cost": 207.9728036190546, "time_cost": 69.72, "final_distance_cost": 1.7804122250279182, "oscillation_cost": 62.12820651623607, "completition_cost": 0.0, "overshoot_cost": 50.324344573957845, "power_cost": 12.676000354003907, "noise_cost": 11.343839949828839, "n_waypoints_completed": 9, "tot_waypoints": 9}}
