{"target": -182.15509153974298, "params": {"k_pid_pos": [0.5274558377377219, 0.0, 0.0], "k_pid_alt": [1.6342781954793832, 0.0, 0.13563386649199968], "k_pid_att": [26.285793881281748, 2.1267421397050343, 0.24130938937122903], "k_pid_yaw": [0.5, 1e-06, 0.1], "k_pid_hsp": [0.09016700907977515, 0.0, 0.0], "k_pid_vsp": [127.80997331222052, 127.20201192624955, 1.0775261943318968]}, "datetime": {"datetime": "2025-08-12 05:23:43", "elapsed": 46702.789772987366, "delta": 18.854586362838745}, "costs": {"total_cost": 182.15509153974298, "time_cost": 72.947, "final_distance_cost": 1.8179747320514636, "oscillation_cost": 19.024698170998, "completition_cost": 0.0, "overshoot_cost": 52.17558809879411, "power_cost": 14.283390600585939, "noise_cost": 21.906439937313447, "n_waypoints_completed": 9, "tot_waypoints": 9}}
{"target": -182.1917088034083, "params": {"k_pid_pos": [0.524714754926666, 0.0, 0.0], "k_pid_alt": [1.634808740488367, 0.0, 0.13252718875258904], "k_pid_att": [21.50178642024391, 2.154653540464279, 0.27041351154770304], "k_pid_yaw": [0.5, 1e-06, 0.1], "k_pid_hsp": [0.09032323406955657, 0.0, 0.0], "k_pid_vsp": [124.22997281153631, 125.92109973710133, 1.1866845915101945]}, "datetime": {"datetime": "2025-08-12 05:24:01", "elapsed": 46721.01711058617, "delta": 18.22733759880066}, "costs": {"total_cost": 182.1917088034083, "time_cost": 72.97500000000001, "final_distance_cost": 1.8311777714172177, "oscillation_cost": 19.181202457929725, "completition_cost": 0.0, "overshoot_cost": 51.880950253337346, "power_cost": 14.250418115234377, "noise_cost": 22.0729602054896, "n_waypoints_completed": 9, "tot_waypoints": 9}}
{"target": -182.30004478067463, "params": {"k_pid_pos": [0.5264712689034574, 0.0, 0.0], "k_pid_alt": [1.631317598622615, 0.0, 0.12797122383174708], "k_pid_att": [25.59744399804214, 2.123741228726878, 0.2851586029226376], "k_pid_yaw": [0.5, 1e-06, 0.1], "k_pid_hsp": [0.09067337359921442, 0.0, 0.0], "k_pid_vsp": [127.64171116596275, 129.94333133276, 0.6373346087161996]}, "datetime": {"datetime": "2025-08-12 05:24:22", "elapsed": 46742.19035053253, "delta": 21.173239946365356}, "costs": {"total_cost": 182.30004478067463, "time_cost": 72.933, "final_distance_cost": 1.8276838502948671, "oscillation_cost": 19.20902442142387, "completition_cost": 0.0, "overshoot_cost": 52.121698874422044, "power_cost": 14.286087182617187, "noise_cost": 21.922550451916653, "n_waypoints_completed": 9, "tot_waypoints": 9}}
{"target": -182.31851543100774, "params": {"k_pid_pos": [0.5268600116785735, 0.0, 0.0], "k_pid_alt": [1.6359959541837679, 0.0, 0.13253415740328223], "k_pid_att": [26.27295957610614, 2.1623681019851015, 0.253812387614308], "k_pid_yaw": [0.5, 1e-06, 0.1], "k_pid_hsp": [0.0940844654783242, 0.0, 0.0], "k_pid_vsp": [131.08580347187853, 134.15915615862528, 1e-06]}, "datetime": {"datetime": "2025-08-12 05:24:41", "elapsed": 46760.38356375694, "delta": 18.19321322441101}, "costs": {"total_cost": 182.31851543100774, "time_cost": 72.821, "final_distance_cost": 1.8341888412450333, "oscillation_cost": 19.64070525362989, "completition_cost": 0.0, "overshoot_cost": 51.82884725742915, "power_cost": 14.20593836669922, "noise_cost": 21.98783571200442, "n_waypoints_completed": 9, "tot_waypoints": 9}}
{"target": -182.66989482602054, "params": {"k_pid_pos": [0.5267580542588446, 0.0, 0.0], "k_pid_alt": [1.6149516020747525, 0.0, 0.10433413042121145], "k_pid_att": [25.63568610083293, 2.0632813883582872, 0.2490521302083458], "k_pid_yaw": [0.5, 1e-06, 0.1], "k_pid_hsp": [0.09038995739929456, 0.0, 0.0], "k_pid_vsp": [128.50492098599412, 187.09600759134193, 2.8439205969684362]}, "datetime": {"datetime": "2025-08-12 05:25:00", "elapsed": 46779.62880206108, "delta": 19.245238304138184}, "costs": {"total_cost": 182.66989482602054, "time_cost": 72.919, "final_distance_cost": 1.8285099966601028, "oscillation_cost": 19.53302048763667, "completition_cost": 0.0, "overshoot_cost": 52.220987375326104, "power_cost": 14.263305078125, "noise_cost": 21.905071888272644, "n_waypoints_completed": 9, "tot_waypoints": 9}}
{"target": -182.07071308420888, "params": {"k_pid_pos": [0.5802776101881876, 0.0, 0.0007065185113307484], "k_pid_alt": [1.6605638232193114, 0.0, 0.17163865754816846], "k_pid_att": [25.211111388561118, 2.330529649447256, 0.19353805570662388], "k_pid_yaw": [0.5, 1e-06, 0.1], "k_pid_hsp": [0.09144430342719442, 0.0, 0.0], "k_pid_vsp": [125.60878652449331, 123.15278855917312, 1.2222938025989882]}, "datetime": {"datetime": "2025-08-12 05:25:17", "elapsed": 46797.00284957886, "delta": 17.37404751777649}, "costs": {"total_cost": 182.07071308420888, "time_cost": 72.261, "final_distance_cost": 1.8061664666456145, "oscillation_cost": 20.536637869432933, "completition_cost": 0.0, "overshoot_cost": 51.7454498181685, "power_cost": 14.120518823242188, "noise_cost": 21.600940106719644, "n_waypoints_completed": 9, "tot_waypoints": 9}}
{"target": -182.6660347184515, "params": {"k_pid_pos": [0.5289511170146606, 0.0, 0.0], "k_pid_alt": [1.6237931982967624, 0.0, 0.12071291958958233], "k_pid_att": [21.109298945807343, 2.0942988098011117, 0.253716294072475], "k_pid_yaw": [0.5, 1e-06, 0.1], "k_pid_hsp": [0.09088012800995654, 0.0, 0.0], "k_pid_vsp": [128.49012126825514, 129.09002255415098, 1.0242542059203572]}, "datetime": {"datetime": "2025-08-12 05:25:37", "elapsed": 46817.24427175522, "delta": 20.241422176361084}, "costs": {"total_cost": 182.6660347184515, "time_cost": 72.891, "final_distance_cost": 1.8266646540385665, "oscillation_cost": 19.502645867593085, "completition_cost": 0.0, "overshoot_cost": 52.299353261044224, "power_cost": 14.221722180175782, "noise_cost": 21.92464875559984, "n_waypoints_completed": 9, "tot_waypoints": 9}}
{"target": -182.375035354387, "params": {"k_pid_pos": [0.5160865462317135, 0.0, 0.0], "k_pid_alt": [1.6277218000049165, 0.0, 0.12314926103911794], "k_pid_att": [25.598161591625672, 2.1261038422647505, 0.21876883553653056], "k_pid_yaw": [0.5, 1e-06, 0.1], "k_pid_hsp": [0.09116275509356976, 0.0, 0.0], "k_pid_vsp": [128.57626310628262, 125.49328911068788, 1.0812490891816005]}, "datetime": {"datetime": "2025-08-12 05:25:55", "elapsed": 46834.675008773804, "delta": 17.430737018585205}, "costs": {"total_cost": 182.375035354387, "time_cost": 73.08, "final_distance_cost": 1.8220865333567111, "oscillation_cost": 19.172554151329937, "completition_cost": 0.0, "overshoot_cost": 52.119846683912556, "power_cost": 14.195201489257814, "noise_cost": 21.98534649652999, "n_waypoints_completed": 9, "tot_waypoints": 9}}
{"target": -182.49856537163322, "params": {"k_pid_pos": [0.5243280882945285, 0.0, 0.0], "k_pid_alt": [1.563336733610792, 0.0, 0.13230580464942635], "k_pid_att": [25.38869222423145, 2.1081172186742916, 0.2240329443664092], "k_pid_yaw": [0.5, 1e-06, 0.1], "k_pid_hsp": [0.09180135874150419, 0.0, 0.0], "k_pid_vsp": [142.18155514913667, 104.31373028231565, 1.044062705317994]}, "datetime": {"datetime": "2025-08-12 05:26:16", "elapsed": 46855.603988170624, "delta": 20.92897939682007}, "costs": {"total_cost": 182.49856537163322, "time_cost": 73.01, "final_distance_cost": 1.8214170878603595, "oscillation_cost": 19.226723958838605, "completition_cost": 0.0, "overshoot_cost": 52.15661518332733, "power_cost": 14.225741967773438, "noise_cost": 22.058067173833486, "n_waypoints_completed": 9, "tot_waypoints": 9}}
{"target": -182.192085750742, "params": {"k_pid_pos": [0.5267189194835645, 0.0, 0.0], "k_pid_alt": [1.6153938396472876, 0.0, 0.13121923688989778], "k_pid_att": [25.700138439700773, 2.135819659714639, 0.28998309420443014], "k_pid_yaw": [0.5, 1e-06, 0.1], "k_pid_hsp": [0.0911080603652263, 0.0, 0.0], "k_pid_vsp": [128.84617465220995, 124.82424653546089, 1.2397496114417057]}, "datetime": {"datetime": "2025-08-12 05:26:38", "elapsed": 46877.46707057953, "delta": 21.86308240890503}, "costs": {"total_cost": 182.192085750742, "time_cost": 72.926, "final_distance_cost": 1.8230401686594475, "oscillation_cost": 19.331739066023914, "completition_cost": 0.0, "overshoot_cost": 52.01464437410508, "power_cost": 14.17822596435547, "noise_cost": 21.91843617759807, "n_waypoints_completed": 9, "tot_waypoints": 9}}
{"target": -182.22821628607593, "params": {"k_pid_pos": [0.5257384609797975, 0.0, 0.0], "k_pid_alt": [1.603427006600683, 0.0, 0.16620967565203032], "k_pid_att": [25.78814032207279, 2.0550994135899416, 0.2596490464498585], "k_pid_yaw": [0.5, 1e-06, 0.1], "k_pid_hsp": [0.09019744900578752, 0.0, 0.0], "k_pid_vsp": [128.98334408477294, 125.85010979536213, 1.159016906311861]}, "datetime": {"datetime": "2025-08-12 05:26:58", "elapsed": 46898.00034713745, "delta": 20.533276557922363}, "costs": {"total_cost": 182.22821628607593, "time_cost": 73.045, "final_distance_cost": 1.8254959156190238, "oscillation_cost": 19.287373455043266, "completition_cost": 0.0, "overshoot_cost": 51.87308211208595, "power_cost": 14.195560717773438, "noise_cost": 22.001704085554227, "n_waypoints_completed": 9, "tot_waypoints": 9}}
{"target": -181.8550659000114, "params": {"k_pid_pos": [0.5259160258452134, 0.0, 0.0], "k_pid_alt": [1.6287155297911973, 0.0, 0.1284226322756039], "k_pid_att": [25.49164714454565, 2.0955880727762124, 0.292658275393337], "k_pid_yaw": [0.5, 1e-06, 0.1], "k_pid_hsp": [0.09112941530488737, 0.0, 0.0], "k_pid_vsp": [128.29490616129337, 105.67346671582571, 1.3203758000637877]}, "datetime": {"datetime": "2025-08-12 05:27:17", "elapsed": 46916.39526748657, "delta": 18.394920349121094}, "costs": {"total_cost": 181.8550659000114, "time_cost": 72.94, "final_distance_cost": 1.8213205552530765, "oscillation_cost": 19.125328605657703, "completition_cost": 0.0, "overshoot_cost": 51.847283382608566, "power_cost": 14.189046655273438, "noise_cost": 21.932086701218594, "n_waypoints_completed": 9, "tot_waypoints": 9}}
{"target": -182.58978762328488, "params": {"k_pid_pos": [0.5244567797204784, 0.0, 0.0], "k_pid_alt": [1.6236064214709942, 0.0, 0.12299284870388397], "k_pid_att": [25.52906292935231, 2.1477984887693813, 0.21799718957966352], "k_pid_yaw": [0.5, 1e-06, 0.1], "k_pid_hsp": [0.08759986070851729, 0.0, 0.0], "k_pid_vsp": [125.47049597107677, 124.49208381351264, 0.17459135680470061]}, "datetime": {"datetime": "2025-08-12 05:27:36", "elapsed": 46935.928131341934, "delta": 19.53286385536194}, "costs": {"total_cost": 182.58978762328488, "time_cost": 73.08, "final_distance_cost": 1.825614152701107, "oscillation_cost": 19.18161021352699, "completition_cost": 0.0, "overshoot_cost": 52.33925459608283, "power_cost": 14.197850720214845, "noise_cost": 21.965457940759077, "n_waypoints_completed": 9, "tot_waypoints": 9}}
{"target": -182.09056337155366, "params": {"k_pid_pos": [0.5257525381719454, 0.0, 0.0], "k_pid_alt": [1.6260329271257066, 0.0, 0.12498459261777817], "k_pid_att": [25.81238677080795, 2.1290718161623965, 0.22995150477568402], "k_pid_yaw": [0.5, 1e-06, 0.1], "k_pid_hsp": [0.0909443800531513, 0.0, 0.0], "k_pid_vsp": [126.64111571999923, 125.47360352372957, 1.1016663462633398]}, "datetime": {"datetime": "2025-08-12 05:27:54", "elapsed": 46954.23097157478, "delta": 18.30284023284912}, "costs": {"total_cost": 182.09056337155366, "time_cost": 72.926, "final_distance_cost": 1.831998077293179, "oscillation_cost": 19.210232737153916, "completition_cost": 0.0, "overshoot_cost": 52.01777284622893, "power_cost": 14.188710327148438, "noise_cost": 21.915849383729174, "n_waypoints_completed": 9, "tot_waypoints": 9}}
{"target": -181.90388292939144, "params": {"k_pid_pos": [0.526242992392756, 0.0, 0.0], "k_pid_alt": [1.6142960675080034, 0.0, 0.13048949621805744], "k_pid_att": [25.314487432061313, 2.1456154410241224, 0.19801701492440898], "k_pid_yaw": [0.5, 1e-06, 0.1], "k_pid_hsp": [0.09083255393529802, 0.0, 0.0], "k_pid_vsp": [115.90586235005078, 126.3763976962767, 1.0744286595325891]}, "datetime": {"datetime": "2025-08-12 05:28:14", "elapsed": 46974.15498161316, "delta": 19.924010038375854}, "costs": {"total_cost": 181.90388292939144, "time_cost": 72.933, "final_distance_cost": 1.834542741020728, "oscillation_cost": 19.328856695438137, "completition_cost": 0.0, "overshoot_cost": 51.663755020465544, "power_cost": 14.212346923828125, "noise_cost": 21.93138154863891, "n_waypoints_completed": 9, "tot_waypoints": 9}}
{"target": -182.25235955852065, "params": {"k_pid_pos": [0.5261253407052989, 0.0, 0.0], "k_pid_alt": [1.6056599436771497, 0.0, 0.12193043528555253], "k_pid_att": [25.09054056068932, 2.1192509514185716, 0.20769493377022674], "k_pid_yaw": [0.5, 1e-06, 0.1], "k_pid_hsp": [0.09114176383890818, 0.0, 0.0], "k_pid_vsp": [128.05291394527958, 126.77117071713647, 0.45847372048089485]}, "datetime": {"datetime": "2025-08-12 05:28:32", "elapsed": 46992.22007679939, "delta": 18.06509518623352}, "costs": {"total_cost": 182.25235955852065, "time_cost": 72.926, "final_distance_cost": 1.8372984502869802, "oscillation_cost": 19.377629509540192, "completition_cost": 0.0, "overshoot_cost": 52.00622549323513, "power_cost": 14.190389392089845, "noise_cost": 21.914816713368513, "n_waypoints_completed": 9, "tot_waypoints": 9}}
{"target": -182.5497398135634, "params": {"k_pid_pos": [0.5879815359989532, 0.0, 0.0], "k_pid_alt": [1.652703895589719, 0.0, 0.13019982127760796], "k_pid_att": [23.296753572966523, 1.8943111300908606, 0.26300867036046727], "k_pid_yaw": [0.5, 1e-06, 0.1], "k_pid_hsp": [0.09184358117863056, 0.0, 0.0], "k_pid_vsp": [130.65816870890504, 113.91536573528249, 1.061091575732048]}, "datetime": {"datetime": "2025-08-12 05:28:52", "elapsed": 47011.588822603226, "delta": 19.368745803833008}, "costs": {"total_cost": 182.5497398135634, "time_cost": 72.135, "final_distance_cost": 1.819282930355927, "oscillation_cost": 20.800359000221242, "completition_cost": 0.0, "overshoot_cost": 51.96732025267469, "power_cost": 14.11888172607422, "noise_cost": 21.708895904237334, "n_waypoints_completed": 9, "tot_waypoints": 9}}
{"target": -182.49771748916442, "params": {"k_pid_pos": [0.5502708245285364, 0.0, 0.0], "k_pid_alt": [1.6339875712811816, 0.0, 0.12815203135667816], "k_pid_att": [24.421650357329735, 2.1109313080993246, 0.23784093971092124], "k_pid_yaw": [0.5, 1e-06, 0.1], "k_pid_hsp": [0.09737078694693907, 0.0, 0.0], "k_pid_vsp": [109.99974399258414, 125.65600637504602, 0.6627727341815336]}, "datetime": {"datetime": "2025-08-12 05:29:10", "elapsed": 47029.43619322777, "delta": 17.847370624542236}, "costs": {"total_cost": 182.49771748916442, "time_cost": 72.373, "final_distance_cost": 1.8387355467521975, "oscillation_cost": 20.409508455275994, "completition_cost": 0.0, "overshoot_cost": 51.95896128203729, "power_cost": 14.178784106445313, "noise_cost": 21.738728098653603, "n_waypoints_completed": 9, "tot_waypoints": 9}}
{"target": -182.2306784544669, "params": {"k_pid_pos": [0.5196800285505875, 0.0, 0.0], "k_pid_alt": [1.6152201550510312, 0.0, 0.12656920094384017], "k_pid_att": [23.045217222970134, 2.121982200479389, 0.23370423071864072], "k_pid_yaw": [0.5, 1e-06, 0.1], "k_pid_hsp": [0.09097208177041231, 0.0, 0.0], "k_pid_vsp": [128.8680614345963, 113.78867098427142, 1.4112838423803653]}, "datetime": {"datetime": "2025-08-12 05:29:29", "elapsed": 47049.04950213432, "delta": 19.613308906555176}, "costs": {"total_cost": 182.2306784544669, "time_cost": 73.031, "final_distance_cost": 1.8272692763836138, "oscillation_cost": 19.17595554399799, "completition_cost": 0.0, "overshoot_cost": 51.98274559115369, "power_cost": 14.172376513671876, "noise_cost": 22.04133152925974, "n_waypoints_completed": 9, "tot_waypoints": 9}}
{"target": -182.4203870591463, "params": {"k_pid_pos": [0.5804366303686357, 0.0, 0.0], "k_pid_alt": [1.6089202226199824, 0.0, 0.06946398421903587], "k_pid_att": [24.249428336586067, 0.0001, 0.2607554819947968], "k_pid_yaw": [0.5, 1e-06, 0.1], "k_pid_hsp": [0.08927523936421689, 0.0, 0.0], "k_pid_vsp": [128.63208917587093, 123.92985682324897, 1.049790674105325]}, "datetime": {"datetime": "2025-08-12 05:29:47", "elapsed": 47066.6361849308, "delta": 17.58668279647827}, "costs": {"total_cost": 182.4203870591463, "time_cost": 72.282, "final_distance_cost": 1.8247938210394983, "oscillation_cost": 20.19412427687052, "completition_cost": 0.0, "overshoot_cost": 52.14082485583646, "power_cost": 14.178493835449219, "noise_cost": 21.800150269950603, "n_waypoints_completed": 9, "tot_waypoints": 9}}
{"target": -181.81268083865828, "params": {"k_pid_pos": [0.5255419464779278, 0.0, 0.0], "k_pid_alt": [1.6252958060432345, 0.0, 0.12651116201779297], "k_pid_att": [25.334595935379213, 2.1340973296224264, 0.2726791358067861], "k_pid_yaw": [0.5, 1e-06, 0.1], "k_pid_hsp": [0.09088352553310695, 0.0, 0.0], "k_pid_vsp": [128.17902860912167, 122.65817946650714, 0.8557255993523837]}, "datetime": {"datetime": "2025-08-12 05:30:07", "elapsed": 47087.03531742096, "delta": 20.39913249015808}, "costs": {"total_cost": 181.81268083865828, "time_cost": 72.947, "final_distance_cost": 1.835487947862791, "oscillation_cost": 19.10676632710609, "completition_cost": 0.0, "overshoot_cost": 51.80381331178974, "power_cost": 14.206309033203127, "noise_cost": 21.913304218696545, "n_waypoints_completed": 9, "tot_waypoints": 9}}
{"target": -181.83956001898895, "params": {"k_pid_pos": [0.526305898462666, 0.0, 0.0], "k_pid_alt": [1.6073720928497846, 0.0, 0.1281306708670265], "k_pid_att": [25.52303037728658, 2.1492895698550494, 0.24838802883436562], "k_pid_yaw": [0.5, 1e-06, 0.1], "k_pid_hsp": [0.09058997521619835, 0.0, 0.0], "k_pid_vsp": [129.10478831063494, 123.00112175729404, 1.0103466149151594]}, "datetime": {"datetime": "2025-08-12 05:30:26", "elapsed": 47105.89794635773, "delta": 18.862628936767578}, "costs": {"total_cost": 181.83956001898895, "time_cost": 72.95400000000001, "final_distance_cost": 1.8327237850123261, "oscillation_cost": 19.17124129621754, "completition_cost": 0.0, "overshoot_cost": 51.780852024832306, "power_cost": 14.197964294433595, "noise_cost": 21.902778618493173, "n_waypoints_completed": 9, "tot_waypoints": 9}}
{"target": -181.74394802877725, "params": {"k_pid_pos": [0.5264413546027287, 0.0, 0.0], "k_pid_alt": [1.6343158925673, 0.0, 0.12222922955127934], "k_pid_att": [25.285058356651774, 2.130620699839628, 0.27945923079551555], "k_pid_yaw": [0.5, 1e-06, 0.1], "k_pid_hsp": [0.0905819855049583, 0.0, 0.0], "k_pid_vsp": [128.47658507982993, 126.75525890914483, 1.0052562298585073]}, "datetime": {"datetime": "2025-08-12 05:30:46", "elapsed": 47125.62066864967, "delta": 19.72272229194641}, "costs": {"total_cost": 181.74394802877725, "time_cost": 72.947, "final_distance_cost": 1.8209079697344226, "oscillation_cost": 19.113070413346477, "completition_cost": 0.0, "overshoot_cost": 51.73393389622737, "power_cost": 14.213522656250001, "noise_cost": 21.915513093218983, "n_waypoints_completed": 9, "tot_waypoints": 9}}
{"target": -182.466480115587, "params": {"k_pid_pos": [0.5169596298177458, 0.0, 0.0], "k_pid_alt": [1.6075540938744557, 0.0, 0.12853732146411123], "k_pid_att": [27.810738359669077, 1.9999407421304576, 0.24391552881165002], "k_pid_yaw": [0.5, 1e-06, 0.1], "k_pid_hsp": [0.09018034077400246, 0.0, 0.0], "k_pid_vsp": [126.4205082546248, 122.87450067298079, 1.3957030074871395]}, "datetime": {"datetime": "2025-08-12 05:31:05", "elapsed": 47144.649448633194, "delta": 19.028779983520508}, "costs": {"total_cost": 182.466480115587, "time_cost": 73.108, "final_distance_cost": 1.8234431097265877, "oscillation_cost": 19.15595677068562, "completition_cost": 0.0, "overshoot_cost": 52.23346406479933, "power_cost": 14.189942565917969, "noise_cost": 21.955673604457505, "n_waypoints_completed": 9, "tot_waypoints": 9}}
{"target": -182.2665716737314, "params": {"k_pid_pos": [0.5115725969653371, 0.0, 0.0], "k_pid_alt": [1.6244540143574857, 0.0, 0.13934209394985433], "k_pid_att": [25.32784371565229, 2.2066749546184377, 0.25001875508287735], "k_pid_yaw": [0.5, 1e-06, 0.1], "k_pid_hsp": [0.08834339895086198, 0.0, 0.0], "k_pid_vsp": [128.40880703114806, 126.3669704692571, 1.175268147623595]}, "datetime": {"datetime": "2025-08-12 05:31:25", "elapsed": 47165.0254406929, "delta": 20.37599205970764}, "costs": {"total_cost": 182.2665716737314, "time_cost": 73.29, "final_distance_cost": 1.8134261330568953, "oscillation_cost": 18.876483399309556, "completition_cost": 0.0, "overshoot_cost": 52.02923820852864, "power_cost": 14.238066674804688, "noise_cost": 22.019357258031587, "n_waypoints_completed": 9, "tot_waypoints": 9}}
{"target": -182.58542694526477, "params": {"k_pid_pos": [0.5755511153613779, 0.0, 0.0], "k_pid_alt": [1.6311333871463267, 0.0, 0.11920982094059486], "k_pid_att": [25.8235942774234, 2.1405730526359203, 0.23730873054013893], "k_pid_yaw": [0.5, 1e-06, 0.1], "k_pid_hsp": [0.08840235960530667, 0.0, 0.0], "k_pid_vsp": [128.20956069081345, 116.47265123321141, 1.058345341879795]}, "datetime": {"datetime": "2025-08-12 05:31:43", "elapsed": 47183.15663218498, "delta": 18.13119149208069}, "costs": {"total_cost": 182.58542694526477, "time_cost": 72.422, "final_distance_cost": 1.812470689802787, "oscillation_cost": 20.326028590480853, "completition_cost": 0.0, "overshoot_cost": 52.235232333510666, "power_cost": 14.110409582519532, "noise_cost": 21.679285748950907, "n_waypoints_completed": 9, "tot_waypoints": 9}}
{"target": -182.97288253920763, "params": {"k_pid_pos": [0.48948776189921217, 0.0, 0.0], "k_pid_alt": [1.6078365212968373, 0.0, 0.1268695631843023], "k_pid_att": [23.147709138622947, 2.162217086826892, 0.2665356645540091], "k_pid_yaw": [0.5, 1e-06, 0.1], "k_pid_hsp": [0.09263640198709056, 0.0, 0.0], "k_pid_vsp": [129.7799391467393, 103.7827561494756, 0.9418826329708652]}, "datetime": {"datetime": "2025-08-12 05:32:03", "elapsed": 47203.221047878265, "delta": 20.06441569328308}, "costs": {"total_cost": 182.97288253920763, "time_cost": 73.549, "final_distance_cost": 1.8197210444066958, "oscillation_cost": 18.725710634635362, "completition_cost": 0.0, "overshoot_cost": 52.29056819561225, "power_cost": 14.313338232421875, "noise_cost": 22.274544432131453, "n_waypoints_completed": 9, "tot_waypoints": 9}}
