{"target": -182.57744786677736, "params": {"k_pid_pos": [0.5496995839625509, 0.0, 0.0], "k_pid_alt": [1.6702430994088422, 0.0, 0.12214905029632576], "k_pid_att": [24.222491414244384, 2.071912718829004, 0.22191886185504012], "k_pid_yaw": [0.5, 1e-06, 0.1], "k_pid_hsp": [0.10485112004342191, 0.0, 0.0], "k_pid_vsp": [140.70087394414983, 120.92942665685268, 0.803368931887077]}, "datetime": {"datetime": "2025-08-12 01:59:46", "elapsed": 34465.567017793655, "delta": 18.637816429138184}, "costs": {"total_cost": 182.57744786677736, "time_cost": 72.261, "final_distance_cost": 1.8200520186268427, "oscillation_cost": 20.9341452688867, "completition_cost": 0.0, "overshoot_cost": 51.710165093985154, "power_cost": 14.17441961669922, "noise_cost": 21.677665868579442, "n_waypoints_completed": 9, "tot_waypoints": 9}}
{"target": -182.52400291878487, "params": {"k_pid_pos": [0.5739059358328206, 0.0, 0.0], "k_pid_alt": [1.6073186587542343, 0.0, 0.14241910045443323], "k_pid_att": [25.064586674870576, 1.9981204958421626, 0.22754450792158745], "k_pid_yaw": [0.5, 1e-06, 0.1], "k_pid_hsp": [0.08652999502941797, 0.0, 0.0], "k_pid_vsp": [127.42922868895553, 117.88905092465555, 3.200463180724866]}, "datetime": {"datetime": "2025-08-12 02:00:04", "elapsed": 34483.46690750122, "delta": 17.899889707565308}, "costs": {"total_cost": 182.52400291878487, "time_cost": 72.604, "final_distance_cost": 1.8243347471370501, "oscillation_cost": 19.993310139426104, "completition_cost": 0.0, "overshoot_cost": 52.13416565319052, "power_cost": 14.195452502441407, "noise_cost": 21.772739876589778, "n_waypoints_completed": 9, "tot_waypoints": 9}}
{"target": -201.66804046116573, "params": {"k_pid_pos": [0.2842145611702225, 0.0, 0.0], "k_pid_alt": [1.6105843384050178, 0.0, 0.24617454224580596], "k_pid_att": [24.476869378174108, 2.021650602290449, 0.24301241351076794], "k_pid_yaw": [0.5, 1e-06, 0.1], "k_pid_hsp": [0.09140901417343052, 0.0, 0.0], "k_pid_vsp": [129.31202379624634, 105.28006484643855, 2.667951503610448]}, "datetime": {"datetime": "2025-08-12 02:00:26", "elapsed": 34505.83588767052, "delta": 22.368980169296265}, "costs": {"total_cost": 201.66804046116573, "time_cost": 86.877, "final_distance_cost": 1.8540218380932654, "oscillation_cost": 14.13907581235187, "completition_cost": 0.0, "overshoot_cost": 54.48045279670096, "power_cost": 16.37511920166016, "noise_cost": 27.94237081235947, "n_waypoints_completed": 9, "tot_waypoints": 9}}
{"target": -182.88215033199197, "params": {"k_pid_pos": [0.5257445801063259, 0.0, 0.0], "k_pid_alt": [1.6513118993806224, 0.0, 0.14686240410495147], "k_pid_att": [25.165028811268968, 2.1346395908966165, 0.2111532196254393], "k_pid_yaw": [0.5, 1e-06, 0.1], "k_pid_hsp": [0.08095758072273147, 0.0, 0.0], "k_pid_vsp": [151.95998057060982, 127.06287758624936, 0.5318452590098446]}, "datetime": {"datetime": "2025-08-12 02:00:45", "elapsed": 34524.38690686226, "delta": 18.551019191741943}, "costs": {"total_cost": 182.88215033199197, "time_cost": 73.528, "final_distance_cost": 1.823027977427964, "oscillation_cost": 18.59388648838386, "completition_cost": 0.0, "overshoot_cost": 52.473128269783814, "power_cost": 14.268915771484375, "noise_cost": 22.19519182491196, "n_waypoints_completed": 9, "tot_waypoints": 9}}
{"target": -182.12879351000907, "params": {"k_pid_pos": [0.525842127736272, 0.0, 0.0], "k_pid_alt": [1.6698544101285338, 0.0, 0.13222084788354202], "k_pid_att": [25.719978928614125, 2.1624376538272134, 0.20219063011154037], "k_pid_yaw": [0.5, 1e-06, 0.1], "k_pid_hsp": [0.08601535162014098, 0.0, 0.0], "k_pid_vsp": [129.10296148837497, 128.56825850979558, 0.718030751445691]}, "datetime": {"datetime": "2025-08-12 02:01:03", "elapsed": 34543.28207683563, "delta": 18.895169973373413}, "costs": {"total_cost": 182.12879351000907, "time_cost": 73.129, "final_distance_cost": 1.8254579780627989, "oscillation_cost": 18.73027387458467, "completition_cost": 0.0, "overshoot_cost": 52.189386391605495, "power_cost": 14.269059106445313, "noise_cost": 21.985616159310776, "n_waypoints_completed": 9, "tot_waypoints": 9}}
{"target": -182.19871258232638, "params": {"k_pid_pos": [0.5277179770441783, 0.0, 0.0], "k_pid_alt": [1.6038153931493684, 0.0, 0.20116990955793912], "k_pid_att": [25.700663560182562, 2.1110105038386466, 0.20640376591006343], "k_pid_yaw": [0.5, 1e-06, 0.1], "k_pid_hsp": [0.0912339918734763, 0.0, 0.0], "k_pid_vsp": [129.30732589358595, 132.39726399592325, 1.0838108348088795]}, "datetime": {"datetime": "2025-08-12 02:01:23", "elapsed": 34563.19703698158, "delta": 19.914960145950317}, "costs": {"total_cost": 182.19871258232638, "time_cost": 73.01, "final_distance_cost": 1.8152171016065, "oscillation_cost": 19.242263353636353, "completition_cost": 0.0, "overshoot_cost": 51.891954095575024, "power_cost": 14.237357592773439, "noise_cost": 22.00192043873507, "n_waypoints_completed": 9, "tot_waypoints": 9}}
{"target": -182.33190300162084, "params": {"k_pid_pos": [0.5225994264469446, 0.0, 0.0], "k_pid_alt": [1.6092880703564048, 0.0, 0.1407854820503386], "k_pid_att": [25.42782336279025, 2.0439920587878926, 0.22042517219877078], "k_pid_yaw": [0.5, 1e-06, 0.1], "k_pid_hsp": [0.09137746950909538, 0.0, 0.0], "k_pid_vsp": [123.80721864814369, 121.77589034738482, 1.3511954627247798]}, "datetime": {"datetime": "2025-08-12 02:01:42", "elapsed": 34581.394582271576, "delta": 18.197545289993286}, "costs": {"total_cost": 182.33190300162084, "time_cost": 72.996, "final_distance_cost": 1.8181702189652673, "oscillation_cost": 19.242896011841186, "completition_cost": 0.0, "overshoot_cost": 51.967018999795684, "power_cost": 14.242249169921875, "noise_cost": 22.065568601096867, "n_waypoints_completed": 9, "tot_waypoints": 9}}
{"target": -182.56105831345604, "params": {"k_pid_pos": [0.5821099311815646, 0.0, 0.0], "k_pid_alt": [1.7083624417142704, 0.0, 0.14805288544616682], "k_pid_att": [25.368543108730073, 2.1767253722242845, 0.11443149414633241], "k_pid_yaw": [0.5, 1e-06, 0.1], "k_pid_hsp": [0.09704552855326219, 0.0, 0.0], "k_pid_vsp": [132.50176152251777, 122.10192959010242, 1.3232357429154233]}, "datetime": {"datetime": "2025-08-12 02:02:00", "elapsed": 34599.94645667076, "delta": 18.55187439918518}, "costs": {"total_cost": 182.56105831345604, "time_cost": 71.974, "final_distance_cost": 1.8189465575558945, "oscillation_cost": 21.230657903846172, "completition_cost": 0.0, "overshoot_cost": 51.75922678366321, "power_cost": 14.102954846191407, "noise_cost": 21.675272222199375, "n_waypoints_completed": 9, "tot_waypoints": 9}}
{"target": -182.72851925616263, "params": {"k_pid_pos": [0.5601237505619576, 0.0, 0.0], "k_pid_alt": [1.6052744664249197, 0.0, 0.14747042581586312], "k_pid_att": [21.94510413768482, 2.154295535685633, 0.1743624277246702], "k_pid_yaw": [0.5, 1e-06, 0.1], "k_pid_hsp": [0.09832242151905085, 0.0, 0.0], "k_pid_vsp": [128.760445173161, 118.35299683807524, 1.3213085537789817]}, "datetime": {"datetime": "2025-08-12 02:02:18", "elapsed": 34618.28155350685, "delta": 18.335096836090088}, "costs": {"total_cost": 182.72851925616263, "time_cost": 72.282, "final_distance_cost": 1.8161989068210291, "oscillation_cost": 20.543512083298374, "completition_cost": 0.0, "overshoot_cost": 52.04133707284129, "power_cost": 14.213147570800782, "noise_cost": 21.832323622401173, "n_waypoints_completed": 9, "tot_waypoints": 9}}
{"target": -184.25113504770565, "params": {"k_pid_pos": [0.6117006137272093, 0.0, 0.0], "k_pid_alt": [1.6589943049637397, 0.0, 0.1452729646831963], "k_pid_att": [23.090661151801484, 2.1797667294816696, 0.21206146101559795], "k_pid_yaw": [0.5, 1e-06, 0.1], "k_pid_hsp": [0.08263546751418292, 0.0, 0.0], "k_pid_vsp": [129.68879158541307, 34.91553559030011, 2.3803550228642463]}, "datetime": {"datetime": "2025-08-12 02:02:37", "elapsed": 34637.27775096893, "delta": 18.99619746208191}, "costs": {"total_cost": 184.25113504770565, "time_cost": 72.87, "final_distance_cost": 1.8222972356529228, "oscillation_cost": 20.47063403190114, "completition_cost": 0.0, "overshoot_cost": 52.85603353705054, "power_cost": 14.206932287597658, "noise_cost": 22.02523795550336, "n_waypoints_completed": 9, "tot_waypoints": 9}}
{"target": -182.51332611081986, "params": {"k_pid_pos": [0.5617190157403601, 1.3538510318967497e-05, 0.0003002310325628631], "k_pid_alt": [1.600034350863142, 0.0, 0.13485777613525424], "k_pid_att": [26.18869115056061, 2.0389406960750858, 0.17397115390538548], "k_pid_yaw": [0.5, 1e-06, 0.1], "k_pid_hsp": [0.09425954685184683, 0.0, 0.0], "k_pid_vsp": [127.69508830813102, 109.31064112383842, 1.1823570794488356]}, "datetime": {"datetime": "2025-08-12 02:02:55", "elapsed": 34654.97283554077, "delta": 17.69508457183838}, "costs": {"total_cost": 182.51332611081986, "time_cost": 72.387, "final_distance_cost": 1.8157203774364088, "oscillation_cost": 20.38011469169295, "completition_cost": 0.0, "overshoot_cost": 51.987542451941785, "power_cost": 14.19983885498047, "noise_cost": 21.743109734768236, "n_waypoints_completed": 9, "tot_waypoints": 9}}
{"target": -182.66732908734357, "params": {"k_pid_pos": [0.5140491218238807, 0.0, 0.0], "k_pid_alt": [1.6129363399257879, 0.0, 0.14589349486411], "k_pid_att": [30.32991018581182, 2.1231092925416712, 0.2688441988160206], "k_pid_yaw": [0.5, 1e-06, 0.1], "k_pid_hsp": [0.09130552746997583, 0.0, 0.0], "k_pid_vsp": [129.3188902654844, 140.19951754573958, 1.5567447002295804]}, "datetime": {"datetime": "2025-08-12 02:03:14", "elapsed": 34673.780833005905, "delta": 18.807997465133667}, "costs": {"total_cost": 182.66732908734357, "time_cost": 73.136, "final_distance_cost": 1.8388088501266981, "oscillation_cost": 19.248740639806584, "completition_cost": 0.0, "overshoot_cost": 52.29263716658716, "power_cost": 14.215813061523438, "noise_cost": 21.93532936929969, "n_waypoints_completed": 9, "tot_waypoints": 9}}
{"target": -182.28708664231561, "params": {"k_pid_pos": [0.5277571971115305, 0.0, 0.0], "k_pid_alt": [1.6127537687469586, 0.0, 0.20523781419052328], "k_pid_att": [26.183507326327764, 3.1194394390339872, 0.2275400717653924], "k_pid_yaw": [0.5, 1e-06, 0.1], "k_pid_hsp": [0.09988981201930594, 0.0, 0.0], "k_pid_vsp": [152.08386754174606, 152.8833263838445, 1.1633410970543134]}, "datetime": {"datetime": "2025-08-12 02:03:33", "elapsed": 34692.415288209915, "delta": 18.63445520401001}, "costs": {"total_cost": 182.28708664231561, "time_cost": 72.793, "final_distance_cost": 1.8262011853046634, "oscillation_cost": 20.0323109333522, "completition_cost": 0.0, "overshoot_cost": 51.57256732750845, "power_cost": 14.225953955078126, "noise_cost": 21.837053241072162, "n_waypoints_completed": 9, "tot_waypoints": 9}}
{"target": -182.3344075707532, "params": {"k_pid_pos": [0.5266006868494431, 0.0, 0.0], "k_pid_alt": [1.6131755231613842, 0.0, 0.14819577020722843], "k_pid_att": [26.314831180540523, 2.125441687914656, 0.22264846874280061], "k_pid_yaw": [0.5, 1e-06, 0.1], "k_pid_hsp": [0.09154138033115042, 0.0, 0.0], "k_pid_vsp": [127.66568930369996, 121.15980128710733, 1.0987138133268088]}, "datetime": {"datetime": "2025-08-12 02:03:51", "elapsed": 34710.97006845474, "delta": 18.55478024482727}, "costs": {"total_cost": 182.3344075707532, "time_cost": 72.933, "final_distance_cost": 1.8173057759260447, "oscillation_cost": 19.507380265417368, "completition_cost": 0.0, "overshoot_cost": 52.001642438771434, "power_cost": 14.171088598632814, "noise_cost": 21.903990492005523, "n_waypoints_completed": 9, "tot_waypoints": 9}}
{"target": -181.9144878602679, "params": {"k_pid_pos": [0.5243814021215372, 0.0, 0.0], "k_pid_alt": [1.6129208612945767, 0.0, 0.14409676815133085], "k_pid_att": [23.043525141282394, 2.9061668770682294, 0.22737490598052407], "k_pid_yaw": [0.5, 1e-06, 0.1], "k_pid_hsp": [0.09135133490439577, 0.0, 0.0], "k_pid_vsp": [122.40375228353753, 114.97534544731285, 1.3057506284321418]}, "datetime": {"datetime": "2025-08-12 02:04:11", "elapsed": 34730.74390220642, "delta": 19.773833751678467}, "costs": {"total_cost": 181.9144878602679, "time_cost": 72.961, "final_distance_cost": 1.8126708734408052, "oscillation_cost": 19.250508342297866, "completition_cost": 0.0, "overshoot_cost": 51.80159999343904, "power_cost": 14.189277770996094, "noise_cost": 21.899430880094105, "n_waypoints_completed": 9, "tot_waypoints": 9}}
{"target": -182.85054048224225, "params": {"k_pid_pos": [0.5306420835456622, 0.0, 0.0], "k_pid_alt": [1.611935691084344, 0.0, 0.15081613369450322], "k_pid_att": [27.27759891116881, 2.0391983169653924, 0.22000810275880847], "k_pid_yaw": [0.5, 1e-06, 0.1], "k_pid_hsp": [0.0905984003532736, 0.0, 0.0], "k_pid_vsp": [128.07858558779427, 125.73733004690057, 1.3779300956394969]}, "datetime": {"datetime": "2025-08-12 02:04:29", "elapsed": 34748.50793719292, "delta": 17.76403498649597}, "costs": {"total_cost": 182.85054048224225, "time_cost": 72.919, "final_distance_cost": 1.816399968991228, "oscillation_cost": 19.548656382886268, "completition_cost": 0.0, "overshoot_cost": 52.39318296798273, "power_cost": 14.259715100097656, "noise_cost": 21.91358606228437, "n_waypoints_completed": 9, "tot_waypoints": 9}}
{"target": -182.20013634290834, "params": {"k_pid_pos": [0.5239214919031501, 0.0, 0.0], "k_pid_alt": [1.616465814968299, 0.0, 0.10305043956334246], "k_pid_att": [22.72291280167169, 2.125915387635264, 0.21917574985808172], "k_pid_yaw": [0.5, 1e-06, 0.1], "k_pid_hsp": [0.09122644863716486, 0.0, 0.0], "k_pid_vsp": [129.5284305804444, 132.21036488029492, 1.64994926054858]}, "datetime": {"datetime": "2025-08-12 02:04:47", "elapsed": 34767.1463868618, "delta": 18.638449668884277}, "costs": {"total_cost": 182.20013634290834, "time_cost": 72.919, "final_distance_cost": 1.8360932485544967, "oscillation_cost": 19.160185007250167, "completition_cost": 0.0, "overshoot_cost": 52.18182871265159, "power_cost": 14.19029658203125, "noise_cost": 21.912732792420844, "n_waypoints_completed": 9, "tot_waypoints": 9}}
{"target": -183.42454710648653, "params": {"k_pid_pos": [0.573005631830923, 0.0, 0.0], "k_pid_alt": [1.6118113103505793, 0.0, 0.0], "k_pid_att": [26.48114245088689, 2.281297530103802, 0.2417900384746245], "k_pid_yaw": [0.5, 1e-06, 0.1], "k_pid_hsp": [0.0964898106841084, 0.0, 0.0], "k_pid_vsp": [127.301887637555, 35.068964996277074, 2.6978057855064237]}, "datetime": {"datetime": "2025-08-12 02:05:05", "elapsed": 34785.039433956146, "delta": 17.893047094345093}, "costs": {"total_cost": 183.42454710648653, "time_cost": 72.464, "final_distance_cost": 1.8268521014185548, "oscillation_cost": 20.832638688540523, "completition_cost": 0.0, "overshoot_cost": 52.02401306854094, "power_cost": 14.24087821044922, "noise_cost": 22.0361650375373, "n_waypoints_completed": 9, "tot_waypoints": 9}}
{"target": -182.35923459297803, "params": {"k_pid_pos": [0.5665370050366852, 0.004591609090173749, 0.00036008770934019263], "k_pid_alt": [1.59999376771268, 0.0, 0.15551213110774229], "k_pid_att": [25.13372170257714, 2.159743293545545, 0.2201702979027212], "k_pid_yaw": [0.5, 1e-06, 0.1], "k_pid_hsp": [0.09615403928656058, 0.0, 0.0], "k_pid_vsp": [125.99586197344556, 121.89176498856774, 1.597751623404755]}, "datetime": {"datetime": "2025-08-12 02:05:24", "elapsed": 34803.82251739502, "delta": 18.78308343887329}, "costs": {"total_cost": 182.35923459297803, "time_cost": 72.303, "final_distance_cost": 1.8107937097043554, "oscillation_cost": 20.801219352484015, "completition_cost": 0.0, "overshoot_cost": 51.47053827592663, "power_cost": 14.180647534179688, "noise_cost": 21.79303572068335, "n_waypoints_completed": 9, "tot_waypoints": 9}}
{"target": -182.96275015793114, "params": {"k_pid_pos": [0.5344713745124194, 0.0, 0.0], "k_pid_alt": [1.6177897238865635, 0.0, 0.16103976824387356], "k_pid_att": [26.64973163806212, 2.083336794279184, 0.06916574409962656], "k_pid_yaw": [0.5, 1e-06, 0.1], "k_pid_hsp": [0.0937780755725152, 0.0, 0.0], "k_pid_vsp": [128.89294100684666, 116.09684435292318, 1.0941494817843112]}, "datetime": {"datetime": "2025-08-12 02:05:42", "elapsed": 34821.81857419014, "delta": 17.99605679512024}, "costs": {"total_cost": 182.96275015793114, "time_cost": 72.751, "final_distance_cost": 1.812793322873766, "oscillation_cost": 20.2484458019301, "completition_cost": 0.0, "overshoot_cost": 51.958882219713004, "power_cost": 14.269977124023438, "noise_cost": 21.921651689390853, "n_waypoints_completed": 9, "tot_waypoints": 9}}
{"target": -182.0055284461854, "params": {"k_pid_pos": [0.5240421779081937, 0.0, 0.0], "k_pid_alt": [1.6103029841578589, 0.0, 0.15443642262185814], "k_pid_att": [26.23029998355438, 2.0982139625752287, 0.23996548071149518], "k_pid_yaw": [0.5, 1e-06, 0.1], "k_pid_hsp": [0.09264283207842207, 0.0, 0.0], "k_pid_vsp": [127.17785549720706, 121.46317056594773, 1.0294937825498147]}, "datetime": {"datetime": "2025-08-12 02:06:01", "elapsed": 34841.117320775986, "delta": 19.298746585845947}, "costs": {"total_cost": 182.0055284461854, "time_cost": 72.95400000000001, "final_distance_cost": 1.8141268300738589, "oscillation_cost": 19.334683219580437, "completition_cost": 0.0, "overshoot_cost": 51.79014122355801, "power_cost": 14.201932604980469, "noise_cost": 21.910644567992613, "n_waypoints_completed": 9, "tot_waypoints": 9}}
{"target": -182.67903961869115, "params": {"k_pid_pos": [0.5302363948989867, 0.0, 0.0], "k_pid_alt": [1.6215692579634498, 0.0, 0.1504924172794651], "k_pid_att": [25.43820122522087, 2.188795084241277, 0.21946392853934804], "k_pid_yaw": [0.5, 1e-06, 0.1], "k_pid_hsp": [0.0916353647015492, 0.0, 0.0], "k_pid_vsp": [132.98724011285708, 67.09098604964953, 1.0283073497476154]}, "datetime": {"datetime": "2025-08-12 02:06:20", "elapsed": 34860.038719177246, "delta": 18.921398401260376}, "costs": {"total_cost": 182.67903961869115, "time_cost": 72.97500000000001, "final_distance_cost": 1.8162948470300948, "oscillation_cost": 19.446445824325927, "completition_cost": 0.0, "overshoot_cost": 52.0358451306892, "power_cost": 14.267197167968751, "noise_cost": 22.13825664867717, "n_waypoints_completed": 9, "tot_waypoints": 9}}
{"target": -182.5363713079384, "params": {"k_pid_pos": [0.523152245248762, 0.0, 0.0], "k_pid_alt": [1.6106322642765452, 0.0, 0.1728569256219172], "k_pid_att": [25.375603012057425, 2.146634320085919, 0.2260238844753422], "k_pid_yaw": [0.5, 1e-06, 0.1], "k_pid_hsp": [0.09189605198559661, 0.0, 0.0], "k_pid_vsp": [129.0963741222493, 108.79926488131159, 1.153382460085116]}, "datetime": {"datetime": "2025-08-12 02:06:39", "elapsed": 34878.48457098007, "delta": 18.445851802825928}, "costs": {"total_cost": 182.5363713079384, "time_cost": 73.017, "final_distance_cost": 1.8274145645032276, "oscillation_cost": 19.277885397535034, "completition_cost": 0.0, "overshoot_cost": 52.148623706733886, "power_cost": 14.21703846435547, "noise_cost": 22.04840917481077, "n_waypoints_completed": 9, "tot_waypoints": 9}}
{"target": -181.99981500536606, "params": {"k_pid_pos": [0.5253528451627857, 0.0, 0.0], "k_pid_alt": [1.6111044770400311, 0.0, 0.14769006452009395], "k_pid_att": [26.048591956842255, 2.131262484247321, 0.21579912239368995], "k_pid_yaw": [0.5, 1e-06, 0.1], "k_pid_hsp": [0.09162031027578099, 0.0, 0.0], "k_pid_vsp": [125.88006694059888, 124.89607450656129, 1.4458916894248042]}, "datetime": {"datetime": "2025-08-12 02:06:57", "elapsed": 34897.173719882965, "delta": 18.689148902893066}, "costs": {"total_cost": 181.99981500536606, "time_cost": 72.947, "final_distance_cost": 1.8383125668961653, "oscillation_cost": 19.37347630193864, "completition_cost": 0.0, "overshoot_cost": 51.73677745901236, "power_cost": 14.196711779785156, "noise_cost": 21.907536897733724, "n_waypoints_completed": 9, "tot_waypoints": 9}}
{"target": -182.22246340108518, "params": {"k_pid_pos": [0.5288096990733475, 0.0, 0.0], "k_pid_alt": [1.6375842465820132, 0.0, 0.12793623167520943], "k_pid_att": [26.112326557498562, 1.9231855767521253, 0.28482241313680906], "k_pid_yaw": [0.5, 1e-06, 0.1], "k_pid_hsp": [0.08575402265595083, 0.0, 0.0], "k_pid_vsp": [126.28751089118293, 120.69894387240736, 1.8700738367160532]}, "datetime": {"datetime": "2025-08-12 02:07:16", "elapsed": 34915.41609406471, "delta": 18.242374181747437}, "costs": {"total_cost": 182.22246340108518, "time_cost": 73.143, "final_distance_cost": 1.8095990842083112, "oscillation_cost": 18.82159971769343, "completition_cost": 0.0, "overshoot_cost": 52.24613944460094, "power_cost": 14.248843823242188, "noise_cost": 21.953281331340282, "n_waypoints_completed": 9, "tot_waypoints": 9}}
{"target": -183.9005411005027, "params": {"k_pid_pos": [0.563216858580898, 0.0, 0.0], "k_pid_alt": [1.601269247605178, 0.0, 0.14854923054636832], "k_pid_att": [26.657334790500798, 2.1205517802420206, 0.31814452151751565], "k_pid_yaw": [0.5, 1e-06, 0.1], "k_pid_hsp": [0.07392989679354692, 0.0, 0.0], "k_pid_vsp": [135.84461336008923, 107.07232122897058, 0.10169902645329984]}, "datetime": {"datetime": "2025-08-12 02:07:35", "elapsed": 34934.3980345726, "delta": 18.981940507888794}, "costs": {"total_cost": 183.9005411005027, "time_cost": 73.96900000000001, "final_distance_cost": 1.8005871335782477, "oscillation_cost": 18.56260470645007, "completition_cost": 0.0, "overshoot_cost": 53.08367012020084, "power_cost": 14.287186535644532, "noise_cost": 22.197492604628994, "n_waypoints_completed": 9, "tot_waypoints": 9}}
{"target": -181.98207678540692, "params": {"k_pid_pos": [0.5258382967350903, 0.0, 0.0], "k_pid_alt": [1.6049759940208035, 0.0, 0.14794348405849922], "k_pid_att": [27.144084937026378, 2.138600524135223, 0.1962499236320716], "k_pid_yaw": [0.5, 1e-06, 0.1], "k_pid_hsp": [0.0918331724910388, 0.0, 0.0], "k_pid_vsp": [129.40844211969556, 120.50468383483731, 0.9598068317676985]}, "datetime": {"datetime": "2025-08-12 02:07:53", "elapsed": 34952.89418053627, "delta": 18.496145963668823}, "costs": {"total_cost": 181.98207678540692, "time_cost": 72.947, "final_distance_cost": 1.8386738301607648, "oscillation_cost": 19.35700389789346, "completition_cost": 0.0, "overshoot_cost": 51.74543948057369, "power_cost": 14.183803967285156, "noise_cost": 21.91015560949386, "n_waypoints_completed": 9, "tot_waypoints": 9}}
