{"target": -190.5451563283647, "params": {"k_pid_pos": [0.5586849312050769, 0.0020288716001872686, 0.039808907261581164], "k_pid_alt": [1.6984587306221344, 0.0, 0.2917813721406501], "k_pid_att": [40.481833982906295, 2.418876887983981, 0.19995122139680746], "k_pid_yaw": [0.5, 1e-06, 0.1], "k_pid_hsp": [0.2014968103060294, 0.0, 0.0], "k_pid_vsp": [137.50469030394228, 65.96236244715844, 0.5950187106110905]}, "datetime": {"datetime": "2025-08-11 21:35:26", "elapsed": 18605.83651828766, "delta": 18.727466583251953}, "costs": {"total_cost": 190.5451563283647, "time_cost": 75.194, "final_distance_cost": 1.8466356487521047, "oscillation_cost": 24.473111990366075, "completition_cost": 0.0, "overshoot_cost": 51.0474900763314, "power_cost": 14.818630822753907, "noise_cost": 23.165287790161212, "n_waypoints_completed": 9, "tot_waypoints": 9}}
{"target": -183.31899394938262, "params": {"k_pid_pos": [0.697802277151667, 0.0, 0.0], "k_pid_alt": [1.314083827186535, 0.0, 0.15315774873747826], "k_pid_att": [36.30960716019642, 2.336779134166434, 0.16682157053888705], "k_pid_yaw": [0.5, 1e-06, 0.1], "k_pid_hsp": [0.10039502011422727, 0.0, 0.0], "k_pid_vsp": [109.76495337694826, 52.15487656592318, 0.8979901222729575]}, "datetime": {"datetime": "2025-08-11 21:35:44", "elapsed": 18623.608656167984, "delta": 17.772137880325317}, "costs": {"total_cost": 183.31899394938262, "time_cost": 71.526, "final_distance_cost": 1.8184293537982583, "oscillation_cost": 22.81590573273216, "completition_cost": 0.0, "overshoot_cost": 51.70214865100937, "power_cost": 14.143409802246094, "noise_cost": 21.313100409596753, "n_waypoints_completed": 9, "tot_waypoints": 9}}
{"target": -189.27679549118452, "params": {"k_pid_pos": [0.5168944760717714, 0.0, 0.0], "k_pid_alt": [1.587654865502874, 0.0, 0.043272529997129466], "k_pid_att": [24.29457603829116, 2.740677055211985, 0.19653132026435935], "k_pid_yaw": [0.5, 1e-06, 0.1], "k_pid_hsp": [0.17395053741390867, 0.0, 0.0], "k_pid_vsp": [144.56807073153283, 54.95704861746252, 1e-06]}, "datetime": {"datetime": "2025-08-11 21:36:03", "elapsed": 18643.24781537056, "delta": 19.639159202575684}, "costs": {"total_cost": 189.27679549118452, "time_cost": 74.697, "final_distance_cost": 1.8440440729828254, "oscillation_cost": 23.62850152451354, "completition_cost": 0.0, "overshoot_cost": 51.52322200251957, "power_cost": 14.628417614746095, "noise_cost": 22.955610276422487, "n_waypoints_completed": 9, "tot_waypoints": 9}}
{"target": -183.10922239528236, "params": {"k_pid_pos": [0.5386941369168957, 0.0, 0.0], "k_pid_alt": [1.662011209175813, 0.0, 0.10843293879748836], "k_pid_att": [24.257233454358648, 2.396383931565928, 0.15454751415536952], "k_pid_yaw": [0.5, 1e-06, 0.1], "k_pid_hsp": [0.08314407364865962, 0.0, 0.0], "k_pid_vsp": [152.211115028046, 51.969766610282065, 2.1040219490680223]}, "datetime": {"datetime": "2025-08-11 21:36:22", "elapsed": 18662.06599164009, "delta": 18.81817626953125}, "costs": {"total_cost": 183.10922239528236, "time_cost": 73.346, "final_distance_cost": 1.8329092175576869, "oscillation_cost": 18.878191495627664, "completition_cost": 0.0, "overshoot_cost": 52.52887207627792, "power_cost": 14.238388647460939, "noise_cost": 22.284860958358163, "n_waypoints_completed": 9, "tot_waypoints": 9}}
{"target": -225.0206509639411, "params": {"k_pid_pos": [0.9684544717493871, 0.010385196637970748, 0.0], "k_pid_alt": [1.6970134966703017, 0.0, 0.10535313028246161], "k_pid_att": [26.175425654541293, 2.94589854640635, 0.10726285184342266], "k_pid_yaw": [0.5, 1e-06, 0.1], "k_pid_hsp": [0.0317565333858795, 0.0, 0.0], "k_pid_vsp": [39.52749207947407, 55.91474538578961, 2.5508991479104943]}, "datetime": {"datetime": "2025-08-11 21:36:47", "elapsed": 18686.71744942665, "delta": 24.65145778656006}, "costs": {"total_cost": 225.0206509639411, "time_cost": 96.887, "final_distance_cost": 1.7572748788156871, "oscillation_cost": 16.509279380542562, "completition_cost": 0.0, "overshoot_cost": 62.337883287531604, "power_cost": 18.127168420410158, "noise_cost": 29.40204499664109, "n_waypoints_completed": 9, "tot_waypoints": 9}}
{"target": -185.13913391609412, "params": {"k_pid_pos": [0.9106617957029779, 0.0, 0.0], "k_pid_alt": [1.6791689399032532, 0.0, 0.15140627730402112], "k_pid_att": [26.113388508834223, 1.8672547605660268, 0.198788772664432], "k_pid_yaw": [0.5, 1e-06, 0.1], "k_pid_hsp": [0.08414695197520891, 0.0, 0.0], "k_pid_vsp": [142.55970362027026, 55.54449784563277, 4.777718697279152]}, "datetime": {"datetime": "2025-08-11 21:37:05", "elapsed": 18704.56478047371, "delta": 17.847331047058105}, "costs": {"total_cost": 185.13913391609412, "time_cost": 71.197, "final_distance_cost": 1.7662196111792483, "oscillation_cost": 24.60065172762044, "completition_cost": 0.0, "overshoot_cost": 52.25113284587036, "power_cost": 14.108291040039063, "noise_cost": 21.215838691385027, "n_waypoints_completed": 9, "tot_waypoints": 9}}
{"target": -184.77140870450094, "params": {"k_pid_pos": [0.49099928117832325, 0.0, 0.0], "k_pid_alt": [1.6021262916912742, 0.0, 0.0], "k_pid_att": [25.964998330278426, 2.2041076416716643, 0.21997916065229856], "k_pid_yaw": [0.5, 1e-06, 0.1], "k_pid_hsp": [0.06874626653058029, 0.0, 0.0], "k_pid_vsp": [140.86083211875174, 55.28508613300545, 0.556313612387336]}, "datetime": {"datetime": "2025-08-11 21:37:24", "elapsed": 18723.971893548965, "delta": 19.407113075256348}, "costs": {"total_cost": 184.77140870450094, "time_cost": 75.572, "final_distance_cost": 1.8267768285527533, "oscillation_cost": 16.572542237492545, "completition_cost": 0.0, "overshoot_cost": 53.51666236099098, "power_cost": 14.441071984863282, "noise_cost": 22.842355292601376, "n_waypoints_completed": 9, "tot_waypoints": 9}}
{"target": -216.77997320217156, "params": {"k_pid_pos": [0.5943223791814405, 0.0, 0.0], "k_pid_alt": [1.7105152745779586, 0.0, 0.03744325816501326], "k_pid_att": [22.16734708505558, 2.193477737602679, 0.17275544679899268], "k_pid_yaw": [0.5, 1e-06, 0.1], "k_pid_hsp": [0.042227198204374844, 0.0, 0.0], "k_pid_vsp": [140.48640984880998, 50.47770100792375, 6.270208044673635]}, "datetime": {"datetime": "2025-08-11 21:37:49", "elapsed": 18748.4983189106, "delta": 24.5264253616333}, "costs": {"total_cost": 216.77997320217156, "time_cost": 95.032, "final_distance_cost": 1.7808958611893784, "oscillation_cost": 14.70853320531806, "completition_cost": 0.0, "overshoot_cost": 58.693900207449246, "power_cost": 17.6750041015625, "noise_cost": 28.88963982665237, "n_waypoints_completed": 9, "tot_waypoints": 9}}
{"target": -761.4669250905281, "params": {"k_pid_pos": [0.6985701926906572, 0.009494710070015979, 0.0018425697646225914], "k_pid_alt": [1.9728872738220473, 0.0, 0.21292428316460485], "k_pid_att": [27.4393424135321, 2.1285258891971934, 0.2951160913273504], "k_pid_yaw": [0.5, 1e-06, 0.1], "k_pid_hsp": [0.022012916798603125, 0.005135425380719637, 0.0], "k_pid_vsp": [148.6223717132636, 45.90413806205139, 3.6587614356126728]}, "datetime": {"datetime": "2025-08-11 21:38:19", "elapsed": 18779.320663690567, "delta": 30.82234477996826}, "costs": {"total_cost": 761.4669250905281, "time_cost": 150, "final_distance_cost": 50.89435048526661, "oscillation_cost": 10.009208532348598, "completition_cost": 444.4444444444444, "overshoot_cost": 51.54354708659795, "power_cost": 21.685372094726564, "noise_cost": 32.89000244714394, "n_waypoints_completed": 5, "tot_waypoints": 9}}
{"target": -187.05271616661375, "params": {"k_pid_pos": [0.6708120239966396, 0.0, 0.0], "k_pid_alt": [1.750697794894429, 0.0, 0.1904463586184135], "k_pid_att": [19.045961906687566, 2.251480054148133, 0.2063965319289714], "k_pid_yaw": [0.5, 1e-06, 0.1], "k_pid_hsp": [0.2336718971267593, 0.0, 0.0], "k_pid_vsp": [142.24531910863257, 35.23341706304676, 3.6954776929631947]}, "datetime": {"datetime": "2025-08-11 21:38:37", "elapsed": 18797.297649621964, "delta": 17.976985931396484}, "costs": {"total_cost": 187.05271616661375, "time_cost": 71.974, "final_distance_cost": 1.8401812184911472, "oscillation_cost": 25.582689984969626, "completition_cost": 0.0, "overshoot_cost": 51.132467213795344, "power_cost": 14.425797802734376, "noise_cost": 22.097579946623245, "n_waypoints_completed": 9, "tot_waypoints": 9}}
{"target": -182.6450882554768, "params": {"k_pid_pos": [0.5314489937342313, 0.0, 0.0], "k_pid_alt": [1.6517008192493858, 0.0, 0.10666658838504567], "k_pid_att": [25.340048553516933, 2.2462755952506304, 0.19185851521632832], "k_pid_yaw": [0.5, 1e-06, 0.1], "k_pid_hsp": [0.09368371387261304, 0.0, 0.0], "k_pid_vsp": [137.85499075221927, 53.77665219870799, 2.533250108682884]}, "datetime": {"datetime": "2025-08-11 21:38:56", "elapsed": 18815.88988018036, "delta": 18.592230558395386}, "costs": {"total_cost": 182.6450882554768, "time_cost": 72.912, "final_distance_cost": 1.8338590186448365, "oscillation_cost": 19.64909986577293, "completition_cost": 0.0, "overshoot_cost": 52.042663096015815, "power_cost": 14.177191540527344, "noise_cost": 22.030274734515903, "n_waypoints_completed": 9, "tot_waypoints": 9}}
{"target": -184.27191874125413, "params": {"k_pid_pos": [0.7544627237891534, 0.0, 0.07606123421389945], "k_pid_alt": [1.6497939518251987, 0.0, 0.09240445474188674], "k_pid_att": [24.079324536634164, 2.3080330047142037, 0.18676472188005963], "k_pid_yaw": [0.5, 1e-06, 0.1], "k_pid_hsp": [0.07979342902293839, 0.0, 0.0], "k_pid_vsp": [158.80440255465686, 54.549760169485126, 0.6437223625290476]}, "datetime": {"datetime": "2025-08-11 21:39:15", "elapsed": 18834.552673101425, "delta": 18.662792921066284}, "costs": {"total_cost": 184.27191874125413, "time_cost": 72.065, "final_distance_cost": 1.812864964736359, "oscillation_cost": 22.0293502274066, "completition_cost": 0.0, "overshoot_cost": 52.58252766304775, "power_cost": 14.1480302734375, "noise_cost": 21.634145612625886, "n_waypoints_completed": 9, "tot_waypoints": 9}}
{"target": -182.92336853865663, "params": {"k_pid_pos": [0.5293566888194221, 0.0, 0.0], "k_pid_alt": [1.6182024201917486, 0.0, 0.01798262063983986], "k_pid_att": [30.070811535171718, 2.2293115400587924, 0.17831756439047075], "k_pid_yaw": [0.5, 1e-06, 0.1], "k_pid_hsp": [0.0901886465712075, 0.0, 0.0], "k_pid_vsp": [147.55150394198355, 54.63472409668947, 3.6210548381858914]}, "datetime": {"datetime": "2025-08-11 21:39:33", "elapsed": 18852.56262278557, "delta": 18.009949684143066}, "costs": {"total_cost": 182.92336853865663, "time_cost": 73.024, "final_distance_cost": 1.8206067522277576, "oscillation_cost": 19.178077077156146, "completition_cost": 0.0, "overshoot_cost": 52.5883929159295, "power_cost": 14.183107409667969, "noise_cost": 22.129184383675256, "n_waypoints_completed": 9, "tot_waypoints": 9}}
{"target": -185.27344404665143, "params": {"k_pid_pos": [0.8176340902641468, 0.0, 0.0], "k_pid_alt": [1.6528573960323196, 0.0, 0.1624609716649129], "k_pid_att": [22.992793995117104, 1.9987546290605842, 0.2002208085817762], "k_pid_yaw": [0.5, 1e-06, 0.1], "k_pid_hsp": [0.25689371502641195, 0.0, 0.0], "k_pid_vsp": [147.47697489614995, 53.02373107204539, 4.0313200931514555]}, "datetime": {"datetime": "2025-08-11 21:39:50", "elapsed": 18870.261614084244, "delta": 17.698991298675537}, "costs": {"total_cost": 185.27344404665143, "time_cost": 70.322, "final_distance_cost": 1.8345565509070123, "oscillation_cost": 26.715855101674357, "completition_cost": 0.0, "overshoot_cost": 50.769325341267425, "power_cost": 14.357977734375, "noise_cost": 21.273729318427623, "n_waypoints_completed": 9, "tot_waypoints": 9}}
{"target": -183.01476478226343, "params": {"k_pid_pos": [0.537976714187515, 0.0, 0.0], "k_pid_alt": [1.6451938043347514, 0.0, 0.09207771138728385], "k_pid_att": [25.960921253111888, 2.212977671905828, 0.19525522346856883], "k_pid_yaw": [0.5, 1e-06, 0.1], "k_pid_hsp": [0.10102539210904747, 0.0, 0.0], "k_pid_vsp": [142.29396937178404, 51.036334762410426, 3.1716930769273683]}, "datetime": {"datetime": "2025-08-11 21:40:08", "elapsed": 18888.30168890953, "delta": 18.040074825286865}, "costs": {"total_cost": 183.01476478226343, "time_cost": 72.702, "final_distance_cost": 1.8275762814556646, "oscillation_cost": 20.541959219447104, "completition_cost": 0.0, "overshoot_cost": 51.6665589641477, "power_cost": 14.245570239257813, "noise_cost": 22.031100077955166, "n_waypoints_completed": 9, "tot_waypoints": 9}}
{"target": -215.90280299211352, "params": {"k_pid_pos": [0.31848622717633135, 0.0, 0.0], "k_pid_alt": [1.6455184058309351, 0.0, 0.30444530634142974], "k_pid_att": [33.35072883062424, 2.316261537050113, 0.3483503294962527], "k_pid_yaw": [0.5, 1e-06, 0.1], "k_pid_hsp": [0.21053893720069963, 0.0, 0.0], "k_pid_vsp": [186.525692905138, 56.631004567687086, 2.646363560321633]}, "datetime": {"datetime": "2025-08-11 21:40:32", "elapsed": 18911.61096405983, "delta": 23.309275150299072}, "costs": {"total_cost": 215.90280299211352, "time_cost": 92.568, "final_distance_cost": 1.8608839121875822, "oscillation_cost": 19.715876250883753, "completition_cost": 0.0, "overshoot_cost": 53.955327599171376, "power_cost": 17.567261193847656, "noise_cost": 30.235454036023164, "n_waypoints_completed": 9, "tot_waypoints": 9}}
{"target": -183.27519363808582, "params": {"k_pid_pos": [0.7311211283370822, 0.0, 0.0], "k_pid_alt": [1.8684443164018272, 0.0, 0.1311484242332402], "k_pid_att": [34.503965749859425, 2.2599463503182307, 0.18825012387482076], "k_pid_yaw": [0.5, 1e-06, 0.1], "k_pid_hsp": [0.10464474337934852, 0.0, 0.0], "k_pid_vsp": [138.1024571790717, 53.40264922059622, 3.0285412994145897]}, "datetime": {"datetime": "2025-08-11 21:40:50", "elapsed": 18929.51306247711, "delta": 17.902098417282104}, "costs": {"total_cost": 183.27519363808582, "time_cost": 70.94500000000001, "final_distance_cost": 1.8003761050180571, "oscillation_cost": 23.757553336542856, "completition_cost": 0.0, "overshoot_cost": 51.38939082736384, "power_cost": 14.089905078125001, "noise_cost": 21.292968291036026, "n_waypoints_completed": 9, "tot_waypoints": 9}}
{"target": -187.46427801759302, "params": {"k_pid_pos": [0.5593769812639228, 0.0, 0.0], "k_pid_alt": [1.7676370783124662, 0.0, 0.21920592237852426], "k_pid_att": [15.71426435921816, 1.9668746856311843, 0.18848300466039286], "k_pid_yaw": [0.5, 1e-06, 0.1], "k_pid_hsp": [0.16561899343975078, 0.0, 0.0], "k_pid_vsp": [145.37184009397038, 48.68003706059208, 1.6696592318502321]}, "datetime": {"datetime": "2025-08-11 21:41:09", "elapsed": 18948.86870288849, "delta": 19.355640411376953}, "costs": {"total_cost": 187.46427801759302, "time_cost": 73.29, "final_distance_cost": 1.848570405910903, "oscillation_cost": 24.094919367774445, "completition_cost": 0.0, "overshoot_cost": 51.35989471875144, "power_cost": 14.47672303466797, "noise_cost": 22.394170490488246, "n_waypoints_completed": 9, "tot_waypoints": 9}}
{"target": -182.50736459135365, "params": {"k_pid_pos": [0.5201609013811197, 0.0, 0.0], "k_pid_alt": [1.5233333996095422, 0.0, 0.10450709811766787], "k_pid_att": [18.293265436363466, 2.423828744242772, 0.27573883491236983], "k_pid_yaw": [0.5, 1e-06, 0.1], "k_pid_hsp": [0.08814912736490707, 0.0, 0.0], "k_pid_vsp": [138.28766566490566, 58.57191360125919, 1.7207460779546777]}, "datetime": {"datetime": "2025-08-11 21:41:27", "elapsed": 18967.148270845413, "delta": 18.27956795692444}, "costs": {"total_cost": 182.50736459135365, "time_cost": 73.339, "final_distance_cost": 1.8119313781906408, "oscillation_cost": 18.90732674091342, "completition_cost": 0.0, "overshoot_cost": 52.0215962869195, "power_cost": 14.198511254882813, "noise_cost": 22.22899893044728, "n_waypoints_completed": 9, "tot_waypoints": 9}}
{"target": -183.00016861382045, "params": {"k_pid_pos": [0.5733604393413034, 0.0, 0.0], "k_pid_alt": [1.6842531058870596, 0.0, 0.1123715181631466], "k_pid_att": [24.283698318170842, 2.5822770045714236, 0.19739690303969615], "k_pid_yaw": [0.5, 1e-06, 0.1], "k_pid_hsp": [0.08563802370472261, 0.0, 0.0], "k_pid_vsp": [142.30164058946426, 57.446881096677096, 2.181973274500133]}, "datetime": {"datetime": "2025-08-11 21:41:45", "elapsed": 18985.361092329025, "delta": 18.21282148361206}, "costs": {"total_cost": 183.00016861382045, "time_cost": 72.744, "final_distance_cost": 1.8221753154614324, "oscillation_cost": 19.79931614492075, "completition_cost": 0.0, "overshoot_cost": 52.539338940493955, "power_cost": 14.173643029785158, "noise_cost": 21.921695183159173, "n_waypoints_completed": 9, "tot_waypoints": 9}}
{"target": -183.0381047314969, "params": {"k_pid_pos": [0.6381865691637774, 0.0, 0.0], "k_pid_alt": [1.5037253092708784, 0.0, 0.06874157250452373], "k_pid_att": [24.760630466240176, 2.2367308941261412, 0.20060947594977319], "k_pid_yaw": [0.5, 1e-06, 0.1], "k_pid_hsp": [0.09116598107095492, 0.0, 0.0], "k_pid_vsp": [143.51235966929497, 55.26086442372241, 3.1907360227028256]}, "datetime": {"datetime": "2025-08-11 21:42:04", "elapsed": 19003.405886888504, "delta": 18.04479455947876}, "costs": {"total_cost": 183.0381047314969, "time_cost": 71.981, "final_distance_cost": 1.7980371622122944, "oscillation_cost": 21.656667333859808, "completition_cost": 0.0, "overshoot_cost": 51.799719335651325, "power_cost": 14.119542602539063, "noise_cost": 21.683138297234397, "n_waypoints_completed": 9, "tot_waypoints": 9}}
{"target": -1225.4762728096107, "params": {"k_pid_pos": [0.5706047847447597, 0.0, 0.0], "k_pid_alt": [1.720633171212755, 0.0, 0.3997947187966915], "k_pid_att": [36.565190757904034, 2.083281520374055, 0.0], "k_pid_yaw": [0.5, 1e-06, 0.1], "k_pid_hsp": [0.0009217613403642994, 0.0, 0.0], "k_pid_vsp": [147.1011854495587, 44.73334407928667, 0.2917810536877818]}, "datetime": {"datetime": "2025-08-11 21:42:34", "elapsed": 19033.466861963272, "delta": 30.060975074768066}, "costs": {"total_cost": 1225.4762728096107, "time_cost": 150, "final_distance_cost": 61.02407575267712, "oscillation_cost": 7.75562049668357, "completition_cost": 888.8888888888888, "overshoot_cost": 63.67828849032014, "power_cost": 21.018168481445315, "noise_cost": 33.111230699595765, "n_waypoints_completed": 1, "tot_waypoints": 9}}
{"target": -183.6654765734982, "params": {"k_pid_pos": [0.7625604147888374, 0.0, 0.060952597204729494], "k_pid_alt": [1.7017550247434163, 0.0, 0.16182762919258462], "k_pid_att": [26.254146439722103, 3.537877969087145, 0.21266247947670175], "k_pid_yaw": [0.5, 1e-06, 0.1], "k_pid_hsp": [0.13924085187505134, 0.0, 0.0], "k_pid_vsp": [151.16569281006377, 52.165968544887356, 3.0712595176601125]}, "datetime": {"datetime": "2025-08-11 21:42:52", "elapsed": 19052.013753175735, "delta": 18.54689121246338}, "costs": {"total_cost": 183.6654765734982, "time_cost": 70.686, "final_distance_cost": 1.8329680522731904, "oscillation_cost": 24.61860985587831, "completition_cost": 0.0, "overshoot_cost": 51.09551669644107, "power_cost": 14.213753344726562, "noise_cost": 21.21862862417909, "n_waypoints_completed": 9, "tot_waypoints": 9}}
{"target": -194.19291116543508, "params": {"k_pid_pos": [0.3408236830246799, 0.0, 0.0], "k_pid_alt": [1.40105107442037, 0.0, 0.1797248323652409], "k_pid_att": [26.740460788033815, 2.2863707481226556, 0.18769466685312153], "k_pid_yaw": [0.5, 1e-06, 0.1], "k_pid_hsp": [0.10771896661382017, 0.0, 0.0], "k_pid_vsp": [106.21573529323612, 56.22333771210233, 1.2369719784808586]}, "datetime": {"datetime": "2025-08-11 21:43:13", "elapsed": 19072.769110679626, "delta": 20.75535750389099}, "costs": {"total_cost": 194.19291116543508, "time_cost": 81.62, "final_distance_cost": 1.8527573109021904, "oscillation_cost": 16.184656041696606, "completition_cost": 0.0, "overshoot_cost": 53.246170868040174, "power_cost": 15.543523217773439, "noise_cost": 25.74580372702267, "n_waypoints_completed": 9, "tot_waypoints": 9}}
{"target": -183.7605822171944, "params": {"k_pid_pos": [0.5258786093254015, 0.0, 0.0], "k_pid_alt": [1.4734018914744509, 0.0, 0.0], "k_pid_att": [24.98014513670072, 2.316156652893149, 0.1046082497508941], "k_pid_yaw": [0.5, 1e-06, 0.1], "k_pid_hsp": [0.08091385658437399, 0.0, 0.0], "k_pid_vsp": [144.55634910330352, 27.884093358635514, 2.755896049080279]}, "datetime": {"datetime": "2025-08-11 21:43:31", "elapsed": 19091.27849817276, "delta": 18.509387493133545}, "costs": {"total_cost": 183.7605822171944, "time_cost": 73.955, "final_distance_cost": 1.8339242807495288, "oscillation_cost": 18.554904271564858, "completition_cost": 0.0, "overshoot_cost": 52.731266922084224, "power_cost": 14.228589819335939, "noise_cost": 22.456896923459844, "n_waypoints_completed": 9, "tot_waypoints": 9}}
{"target": -183.29281567086758, "params": {"k_pid_pos": [0.6116994756133511, 0.0, 0.0], "k_pid_alt": [1.6978505172115526, 0.0, 0.3246614513329636], "k_pid_att": [22.840207224846154, 2.2485968896635278, 0.21659737411298924], "k_pid_yaw": [0.5, 1e-06, 0.1], "k_pid_hsp": [0.1070702281686216, 0.0, 0.0], "k_pid_vsp": [139.97557892947322, 55.260358334939525, 2.7922440879416315]}, "datetime": {"datetime": "2025-08-11 21:43:50", "elapsed": 19109.66872882843, "delta": 18.390230655670166}, "costs": {"total_cost": 183.29281567086758, "time_cost": 71.855, "final_distance_cost": 1.8364366274271813, "oscillation_cost": 22.299272128220625, "completition_cost": 0.0, "overshoot_cost": 51.60266436746094, "power_cost": 14.13196531982422, "noise_cost": 21.56747722793464, "n_waypoints_completed": 9, "tot_waypoints": 9}}
