{"target": -182.30468015683053, "params": {"k_pid_pos": [0.5246413748802872, 0.0, 0.0], "k_pid_alt": [1.6153584308388382, 0.0, 0.13034935474045045], "k_pid_att": [25.227634163434487, 2.7356224603504393, 0.23125084775366977], "k_pid_yaw": [0.5, 1e-06, 0.1], "k_pid_hsp": [0.09192905698859773, 0.0, 0.0], "k_pid_vsp": [128.0458538533764, 130.6711536043845, 1.1614128120398455]}, "datetime": {"datetime": "2025-08-12 03:58:07", "elapsed": 41566.7744474411, "delta": 19.362175941467285}, "costs": {"total_cost": 182.30468015683053, "time_cost": 72.933, "final_distance_cost": 1.820519411267656, "oscillation_cost": 19.42507323255766, "completition_cost": 0.0, "overshoot_cost": 52.015337678339904, "power_cost": 14.198954272460938, "noise_cost": 21.91179556220439, "n_waypoints_completed": 9, "tot_waypoints": 9}}
{"target": -182.4492758853042, "params": {"k_pid_pos": [0.5225553611257687, 0.0, 0.0], "k_pid_alt": [1.6151738559290318, 0.0, 0.12985304106855614], "k_pid_att": [24.265742882766723, 2.064166751619959, 0.2160101854058957], "k_pid_yaw": [0.5, 1e-06, 0.1], "k_pid_hsp": [0.09086922354937849, 0.0, 0.0], "k_pid_vsp": [127.6740333579477, 110.02672044355492, 1.1807147141412466]}, "datetime": {"datetime": "2025-08-12 03:58:26", "elapsed": 41585.844496011734, "delta": 19.070048570632935}, "costs": {"total_cost": 182.4492758853042, "time_cost": 73.003, "final_distance_cost": 1.8244112059783963, "oscillation_cost": 19.201255853351242, "completition_cost": 0.0, "overshoot_cost": 52.10325758427438, "power_cost": 14.244423742675782, "noise_cost": 22.07292749902438, "n_waypoints_completed": 9, "tot_waypoints": 9}}
{"target": -182.39811700172578, "params": {"k_pid_pos": [0.5286852685080556, 0.0, 0.0], "k_pid_alt": [1.6113918688977835, 0.0, 0.16736369009142615], "k_pid_att": [29.240538345510107, 2.202564202711417, 0.23215957546992907], "k_pid_yaw": [0.5, 1e-06, 0.1], "k_pid_hsp": [0.09294077878250277, 0.0, 0.0], "k_pid_vsp": [134.17324264329835, 129.35097015872736, 1e-06]}, "datetime": {"datetime": "2025-08-12 03:58:46", "elapsed": 41605.61636209488, "delta": 19.77186608314514}, "costs": {"total_cost": 182.39811700172578, "time_cost": 72.891, "final_distance_cost": 1.8133937067393335, "oscillation_cost": 19.603198595788175, "completition_cost": 0.0, "overshoot_cost": 51.964836405571134, "power_cost": 14.210743090820314, "noise_cost": 21.914945202806855, "n_waypoints_completed": 9, "tot_waypoints": 9}}
{"target": -181.89525845764982, "params": {"k_pid_pos": [0.5275769127418496, 0.0, 0.0], "k_pid_alt": [1.612774169078275, 0.0, 0.11730862014974024], "k_pid_att": [26.25207931503218, 2.0936189980799824, 0.24306203522947467], "k_pid_yaw": [0.5, 1e-06, 0.1], "k_pid_hsp": [0.09012800079349913, 0.0, 0.0], "k_pid_vsp": [128.47325324704371, 115.87645889205282, 2.3992627532811728]}, "datetime": {"datetime": "2025-08-12 03:59:04", "elapsed": 41623.74840068817, "delta": 18.132038593292236}, "costs": {"total_cost": 181.89525845764982, "time_cost": 72.95400000000001, "final_distance_cost": 1.8331291906357856, "oscillation_cost": 19.168027685414437, "completition_cost": 0.0, "overshoot_cost": 51.833578923967714, "power_cost": 14.199976037597658, "noise_cost": 21.906546620034213, "n_waypoints_completed": 9, "tot_waypoints": 9}}
{"target": -182.19187820981287, "params": {"k_pid_pos": [0.5192806190854227, 0.0, 0.000162097390499511], "k_pid_alt": [1.6242178622728602, 0.0, 0.15463943685271994], "k_pid_att": [25.650576024510805, 2.263861763358134, 0.23720013721110103], "k_pid_yaw": [0.5, 1e-06, 0.1], "k_pid_hsp": [0.0951014600197926, 0.0005866835429456169, 0.0], "k_pid_vsp": [126.07825287546278, 127.40010670765007, 1.0735331915386872]}, "datetime": {"datetime": "2025-08-12 03:59:24", "elapsed": 41644.29853272438, "delta": 20.550132036209106}, "costs": {"total_cost": 182.19187820981287, "time_cost": 72.863, "final_distance_cost": 1.8180220229618675, "oscillation_cost": 19.67819500898331, "completition_cost": 0.0, "overshoot_cost": 51.7059117551978, "power_cost": 14.183528576660157, "noise_cost": 21.943220846009712, "n_waypoints_completed": 9, "tot_waypoints": 9}}
{"target": -182.45443048300274, "params": {"k_pid_pos": [0.5315415715018557, 0.0, 0.0], "k_pid_alt": [1.60980790075468, 0.0, 0.1559876098619024], "k_pid_att": [29.198384062115228, 2.0658192155062016, 0.2248249914225362], "k_pid_yaw": [0.5, 1e-06, 0.1], "k_pid_hsp": [0.08775783851621587, 0.0, 0.0], "k_pid_vsp": [128.1210926702965, 109.89674738155487, 1.094562916398856]}, "datetime": {"datetime": "2025-08-12 03:59:43", "elapsed": 41662.506113767624, "delta": 18.207581043243408}, "costs": {"total_cost": 182.45443048300274, "time_cost": 73.045, "final_distance_cost": 1.8217236055278396, "oscillation_cost": 19.192999250289308, "completition_cost": 0.0, "overshoot_cost": 52.179881265073746, "power_cost": 14.212376293945313, "noise_cost": 22.002450068166546, "n_waypoints_completed": 9, "tot_waypoints": 9}}
{"target": -182.3288808000228, "params": {"k_pid_pos": [0.5215423236881706, 0.0, 0.0], "k_pid_alt": [1.6146586147119109, 0.0, 0.13362865945740612], "k_pid_att": [25.56870866004946, 2.1341657198652046, 0.24903179618869148], "k_pid_yaw": [0.5, 1e-06, 0.1], "k_pid_hsp": [0.09147054089421504, 0.0, 0.0], "k_pid_vsp": [128.2950658419384, 124.17052657334948, 1.1215838029888792]}, "datetime": {"datetime": "2025-08-12 04:00:03", "elapsed": 41682.475044965744, "delta": 19.968931198120117}, "costs": {"total_cost": 182.3288808000228, "time_cost": 72.996, "final_distance_cost": 1.8299106652073687, "oscillation_cost": 19.193682901768533, "completition_cost": 0.0, "overshoot_cost": 51.982873083925426, "power_cost": 14.255700988769531, "noise_cost": 22.070713160351975, "n_waypoints_completed": 9, "tot_waypoints": 9}}
{"target": -182.77527046395434, "params": {"k_pid_pos": [0.5263240184865602, 0.0, 0.0], "k_pid_alt": [1.5744060273171991, 0.0, 0.13396456135735343], "k_pid_att": [25.044279124466918, 2.103194846750492, 0.2270863130835315], "k_pid_yaw": [0.5, 1e-06, 0.1], "k_pid_hsp": [0.09218233775067863, 0.0, 0.0], "k_pid_vsp": [129.12110629719834, 164.6148044144125, 1.1999376726758393]}, "datetime": {"datetime": "2025-08-12 04:00:21", "elapsed": 41700.58166074753, "delta": 18.106615781784058}, "costs": {"total_cost": 182.77527046395434, "time_cost": 72.94, "final_distance_cost": 1.8156120059123326, "oscillation_cost": 19.67187844409165, "completition_cost": 0.0, "overshoot_cost": 52.15699137249239, "power_cost": 14.289970422363282, "noise_cost": 21.9008182190947, "n_waypoints_completed": 9, "tot_waypoints": 9}}
{"target": -181.9803684565927, "params": {"k_pid_pos": [0.5253815313687036, 0.0, 0.0], "k_pid_alt": [1.6187215284337126, 0.0, 0.14777510299731325], "k_pid_att": [25.97581565596852, 2.1343358451682843, 0.23303792889587138], "k_pid_yaw": [0.5, 1e-06, 0.1], "k_pid_hsp": [0.09112148160107043, 0.0, 0.0], "k_pid_vsp": [130.31110955177817, 123.06224077417248, 1.1638472331295908]}, "datetime": {"datetime": "2025-08-12 04:00:40", "elapsed": 41720.26350951195, "delta": 19.681848764419556}, "costs": {"total_cost": 181.9803684565927, "time_cost": 72.968, "final_distance_cost": 1.8317156840317739, "oscillation_cost": 19.23193261133696, "completition_cost": 0.0, "overshoot_cost": 51.850138036817356, "power_cost": 14.192809765625, "noise_cost": 21.90577235878164, "n_waypoints_completed": 9, "tot_waypoints": 9}}
{"target": -182.28337143075845, "params": {"k_pid_pos": [0.526285804326918, 0.0, 0.0], "k_pid_alt": [1.608252339266277, 0.0, 0.13256262646786715], "k_pid_att": [25.619630536180683, 2.106384866594581, 0.23278972762300693], "k_pid_yaw": [0.5, 1e-06, 0.1], "k_pid_hsp": [0.09222444219532105, 0.0, 0.0], "k_pid_vsp": [128.25446381664648, 124.6264991303524, 1.2802866595374902]}, "datetime": {"datetime": "2025-08-12 04:00:59", "elapsed": 41738.553604602814, "delta": 18.29009509086609}, "costs": {"total_cost": 182.28337143075845, "time_cost": 72.912, "final_distance_cost": 1.8162145988657827, "oscillation_cost": 19.58023692109736, "completition_cost": 0.0, "overshoot_cost": 51.911383719054115, "power_cost": 14.147535156250001, "noise_cost": 21.916001035491202, "n_waypoints_completed": 9, "tot_waypoints": 9}}
{"target": -181.89589770762632, "params": {"k_pid_pos": [0.5228290309596526, 0.0, 0.0], "k_pid_alt": [1.6281233574257918, 0.0, 0.1437523653301877], "k_pid_att": [25.77691571781729, 2.0878800602583945, 0.2501325129553294], "k_pid_yaw": [0.5, 1e-06, 0.1], "k_pid_hsp": [0.09241456365722864, 0.0, 0.0], "k_pid_vsp": [126.98982732116701, 111.0133930789109, 1.8348258346505713]}, "datetime": {"datetime": "2025-08-12 04:01:18", "elapsed": 41757.994122982025, "delta": 19.440518379211426}, "costs": {"total_cost": 181.89589770762632, "time_cost": 72.947, "final_distance_cost": 1.8271987894532271, "oscillation_cost": 19.168941125775863, "completition_cost": 0.0, "overshoot_cost": 51.84344587682735, "power_cost": 14.185933532714845, "noise_cost": 21.923378382855063, "n_waypoints_completed": 9, "tot_waypoints": 9}}
{"target": -182.91080732399348, "params": {"k_pid_pos": [0.5413186101757954, 0.0, 0.0], "k_pid_alt": [1.6083657942203833, 0.0, 0.1682454253293944], "k_pid_att": [25.709380198726254, 2.135783518906238, 0.2779840478379464], "k_pid_yaw": [0.5, 1e-06, 0.1], "k_pid_hsp": [0.08591598973298312, 0.0, 0.0], "k_pid_vsp": [125.80676968978604, 132.21350067245078, 0.623642648310621]}, "datetime": {"datetime": "2025-08-12 04:01:36", "elapsed": 41776.18910884857, "delta": 18.19498586654663}, "costs": {"total_cost": 182.91080732399348, "time_cost": 73.038, "final_distance_cost": 1.8051565829529037, "oscillation_cost": 19.222908020451406, "completition_cost": 0.0, "overshoot_cost": 52.63040853075326, "power_cost": 14.27086571044922, "noise_cost": 21.943468479386713, "n_waypoints_completed": 9, "tot_waypoints": 9}}
{"target": -182.6454005768823, "params": {"k_pid_pos": [0.5268147156607929, 0.0, 0.0], "k_pid_alt": [1.6145257321281872, 0.0, 0.11708315150871965], "k_pid_att": [26.033480969966565, 2.132830677892938, 0.23598615450033317], "k_pid_yaw": [0.5, 1e-06, 0.1], "k_pid_hsp": [0.09083051463209553, 0.0, 0.0], "k_pid_vsp": [131.5725292290363, 123.93884579632632, 1.120985858034579]}, "datetime": {"datetime": "2025-08-12 04:01:56", "elapsed": 41795.703578710556, "delta": 19.514469861984253}, "costs": {"total_cost": 182.6454005768823, "time_cost": 72.919, "final_distance_cost": 1.8111164020886825, "oscillation_cost": 19.3345230909915, "completition_cost": 0.0, "overshoot_cost": 52.44739644376819, "power_cost": 14.22154910888672, "noise_cost": 21.911815531147216, "n_waypoints_completed": 9, "tot_waypoints": 9}}
{"target": -182.72662632699078, "params": {"k_pid_pos": [0.5265764507751367, 0.0, 0.0], "k_pid_alt": [1.618212567570118, 0.0, 0.13666328037341532], "k_pid_att": [25.67195599296614, 2.0996110106588635, 0.22140212790725486], "k_pid_yaw": [0.5, 1e-06, 0.1], "k_pid_hsp": [0.08706017266577891, 0.0, 0.0], "k_pid_vsp": [118.1263929968568, 123.03144303362525, 0.8973184132628955]}, "datetime": {"datetime": "2025-08-12 04:02:14", "elapsed": 41813.6683037281, "delta": 17.964725017547607}, "costs": {"total_cost": 182.72662632699078, "time_cost": 73.108, "final_distance_cost": 1.8157977344174678, "oscillation_cost": 19.15773669516058, "completition_cost": 0.0, "overshoot_cost": 52.44478431002104, "power_cost": 14.245472875976564, "noise_cost": 21.95483471141511, "n_waypoints_completed": 9, "tot_waypoints": 9}}
{"target": -182.17405877521918, "params": {"k_pid_pos": [0.5252363614931334, 0.0, 0.0], "k_pid_alt": [1.5929624204713064, 0.0, 0.12926215007612796], "k_pid_att": [25.636529295575492, 2.205224495060271, 0.23357567868080398], "k_pid_yaw": [0.5, 1e-06, 0.1], "k_pid_hsp": [0.09032894160939922, 0.0, 0.0], "k_pid_vsp": [114.63667862706397, 124.21263397050028, 0.521859181052807]}, "datetime": {"datetime": "2025-08-12 04:02:34", "elapsed": 41833.41241836548, "delta": 19.744114637374878}, "costs": {"total_cost": 182.17405877521918, "time_cost": 72.982, "final_distance_cost": 1.8319290725408255, "oscillation_cost": 19.19055957658064, "completition_cost": 0.0, "overshoot_cost": 51.86069669280479, "power_cost": 14.248408630371095, "noise_cost": 22.060464802921818, "n_waypoints_completed": 9, "tot_waypoints": 9}}
{"target": -182.88580667293013, "params": {"k_pid_pos": [0.542440309395311, 0.0, 0.0], "k_pid_alt": [1.6230694798154524, 0.0, 0.14613705901405122], "k_pid_att": [24.072628679683785, 2.1389847911723554, 0.21656306052297808], "k_pid_yaw": [0.5, 1e-06, 0.1], "k_pid_hsp": [0.09186924741377178, 0.0, 0.0], "k_pid_vsp": [137.87608248832888, 120.40384302943674, 1.0853927438331683]}, "datetime": {"datetime": "2025-08-12 04:02:52", "elapsed": 41851.955240249634, "delta": 18.542821884155273}, "costs": {"total_cost": 182.88580667293013, "time_cost": 72.688, "final_distance_cost": 1.8173139252944488, "oscillation_cost": 19.989595639170332, "completition_cost": 0.0, "overshoot_cost": 52.35953576110345, "power_cost": 14.145103222656251, "noise_cost": 21.886258124705655, "n_waypoints_completed": 9, "tot_waypoints": 9}}
{"target": -182.13818367773914, "params": {"k_pid_pos": [0.5608951076995692, 0.0, 0.0], "k_pid_alt": [1.6454298803023149, 0.0, 0.14484482155153422], "k_pid_att": [24.794892554898084, 2.1082935685634503, 0.22727190756569648], "k_pid_yaw": [0.5, 1e-06, 0.1], "k_pid_hsp": [0.09097316903479502, 0.0, 0.0], "k_pid_vsp": [158.72778800013361, 125.16731387776888, 0.8543125623183158]}, "datetime": {"datetime": "2025-08-12 04:03:12", "elapsed": 41871.76376247406, "delta": 19.80852222442627}, "costs": {"total_cost": 182.13818367773914, "time_cost": 72.499, "final_distance_cost": 1.823642410424514, "oscillation_cost": 19.877303741896977, "completition_cost": 0.0, "overshoot_cost": 51.910052749801864, "power_cost": 14.195152978515626, "noise_cost": 21.83303179710014, "n_waypoints_completed": 9, "tot_waypoints": 9}}
{"target": -182.29816955626688, "params": {"k_pid_pos": [0.5140791913410573, 0.0, 0.0], "k_pid_alt": [1.6149703769190442, 0.0, 0.13106662220709192], "k_pid_att": [24.407095216006148, 2.0870776678827805, 0.2704783517686583], "k_pid_yaw": [0.5, 1e-06, 0.1], "k_pid_hsp": [0.09150236739509951, 0.0, 0.0], "k_pid_vsp": [127.79091670732045, 119.84585558857205, 0.8203105975605132]}, "datetime": {"datetime": "2025-08-12 04:03:32", "elapsed": 41892.14091515541, "delta": 20.377152681350708}, "costs": {"total_cost": 182.29816955626688, "time_cost": 73.115, "final_distance_cost": 1.8346343271753318, "oscillation_cost": 19.190312611334633, "completition_cost": 0.0, "overshoot_cost": 51.95864260706757, "power_cost": 14.21728895263672, "noise_cost": 21.982291058052628, "n_waypoints_completed": 9, "tot_waypoints": 9}}
{"target": -182.6703005136431, "params": {"k_pid_pos": [0.4769172676970496, 0.0, 0.0], "k_pid_alt": [1.611488183445317, 0.0, 0.05885741338723513], "k_pid_att": [25.763937415243653, 2.4787554478225116, 0.2372275534665566], "k_pid_yaw": [0.5, 1e-06, 0.1], "k_pid_hsp": [0.09107006322118433, 0.0, 0.0], "k_pid_vsp": [129.16999998069417, 108.53383694976995, 2.731139730354465]}, "datetime": {"datetime": "2025-08-12 04:03:51", "elapsed": 41910.76790332794, "delta": 18.626988172531128}, "costs": {"total_cost": 182.6703005136431, "time_cost": 73.766, "final_distance_cost": 1.8315775801114034, "oscillation_cost": 18.250275380594342, "completition_cost": 0.0, "overshoot_cost": 52.23787909253582, "power_cost": 14.245529553222656, "noise_cost": 22.339038907178864, "n_waypoints_completed": 9, "tot_waypoints": 9}}
{"target": -182.4322653988225, "params": {"k_pid_pos": [0.525786672412202, 0.0, 0.0], "k_pid_alt": [1.593572789677919, 0.0, 0.1441690693379793], "k_pid_att": [25.759297425544055, 2.1335341269877475, 0.22894982307119288], "k_pid_yaw": [0.5, 1e-06, 0.1], "k_pid_hsp": [0.09240371314012752, 0.0, 0.0], "k_pid_vsp": [130.1039912752131, 123.29505670903906, 1.0494247997138055]}, "datetime": {"datetime": "2025-08-12 04:04:11", "elapsed": 41930.62535858154, "delta": 19.857455253601074}, "costs": {"total_cost": 182.4322653988225, "time_cost": 72.94, "final_distance_cost": 1.8142685285545905, "oscillation_cost": 19.53171629943042, "completition_cost": 0.0, "overshoot_cost": 52.040548130938205, "power_cost": 14.19821474609375, "noise_cost": 21.90751769380551, "n_waypoints_completed": 9, "tot_waypoints": 9}}
{"target": -182.44440955414186, "params": {"k_pid_pos": [0.5251100625015779, 0.0, 0.0], "k_pid_alt": [1.662824602568403, 0.0, 0.1327514543824984], "k_pid_att": [25.771791953306025, 2.1757432229364193, 0.22579814219269503], "k_pid_yaw": [0.5, 1e-06, 0.1], "k_pid_hsp": [0.08926162590074493, 0.0, 0.0], "k_pid_vsp": [127.98824827490462, 129.54533482723875, 1.006452395248408]}, "datetime": {"datetime": "2025-08-12 04:04:29", "elapsed": 41949.06145405769, "delta": 18.436095476150513}, "costs": {"total_cost": 182.44440955414186, "time_cost": 72.989, "final_distance_cost": 1.8289747397959808, "oscillation_cost": 19.084166684502975, "completition_cost": 0.0, "overshoot_cost": 52.190476071747874, "power_cost": 14.287548608398438, "noise_cost": 22.064243449696598, "n_waypoints_completed": 9, "tot_waypoints": 9}}
{"target": -181.83859076382183, "params": {"k_pid_pos": [0.5265310866374091, 0.0, 0.0], "k_pid_alt": [1.6145019242981322, 0.0, 0.1437790778073782], "k_pid_att": [25.54416852801639, 2.1333269742997634, 0.22520008004888808], "k_pid_yaw": [0.5, 1e-06, 0.1], "k_pid_hsp": [0.09060847093304056, 0.0, 0.0], "k_pid_vsp": [128.88437880006913, 127.2325054308092, 1.0980528020630425]}, "datetime": {"datetime": "2025-08-12 04:04:50", "elapsed": 41969.805946826935, "delta": 20.744492769241333}, "costs": {"total_cost": 181.83859076382183, "time_cost": 72.968, "final_distance_cost": 1.811743815663729, "oscillation_cost": 19.173565223959148, "completition_cost": 0.0, "overshoot_cost": 51.80539023762795, "power_cost": 14.194098046875, "noise_cost": 21.885793439695984, "n_waypoints_completed": 9, "tot_waypoints": 9}}
{"target": -182.14406684624825, "params": {"k_pid_pos": [0.5223278986281576, 0.0, 0.0], "k_pid_alt": [1.6111870440816916, 0.0, 0.13748183825090893], "k_pid_att": [25.88722653389035, 1.96533157186026, 0.2264826475336119], "k_pid_yaw": [0.5, 1e-06, 0.1], "k_pid_hsp": [0.08970843253056858, 0.0, 0.0], "k_pid_vsp": [127.17840030247801, 124.97861172708521, 1.1826372748062068]}, "datetime": {"datetime": "2025-08-12 04:05:08", "elapsed": 41987.97932934761, "delta": 18.17338252067566}, "costs": {"total_cost": 182.14406684624825, "time_cost": 73.066, "final_distance_cost": 1.8273848638710022, "oscillation_cost": 19.058216250774606, "completition_cost": 0.0, "overshoot_cost": 52.0360616307839, "power_cost": 14.193199719238281, "noise_cost": 21.963204381580447, "n_waypoints_completed": 9, "tot_waypoints": 9}}
{"target": -182.6684107342244, "params": {"k_pid_pos": [0.532969914384518, 0.0, 0.0], "k_pid_alt": [1.6289830000646124, 0.0, 0.13249481648141362], "k_pid_att": [25.821352472016667, 2.203996163273353, 0.23753117010038308], "k_pid_yaw": [0.5, 1e-06, 0.1], "k_pid_hsp": [0.09621336377935455, 0.0, 0.0], "k_pid_vsp": [129.24208909638824, 126.96334851673811, 1.101759153472253]}, "datetime": {"datetime": "2025-08-12 04:05:27", "elapsed": 42006.906564474106, "delta": 18.92723512649536}, "costs": {"total_cost": 182.6684107342244, "time_cost": 72.674, "final_distance_cost": 1.8256788783574238, "oscillation_cost": 20.003864189369878, "completition_cost": 0.0, "overshoot_cost": 52.01592050112134, "power_cost": 14.244859436035156, "noise_cost": 21.904087729340606, "n_waypoints_completed": 9, "tot_waypoints": 9}}
{"target": -182.26198636974792, "params": {"k_pid_pos": [0.5204785494340602, 0.0, 0.0], "k_pid_alt": [1.6160060174873336, 0.0, 0.11860185062614177], "k_pid_att": [26.195265977266946, 2.195652345896493, 0.21708362104987133], "k_pid_yaw": [0.5, 1e-06, 0.1], "k_pid_hsp": [0.09088925077501504, 0.0, 0.0], "k_pid_vsp": [128.25297179943112, 115.48687521459591, 1.1287456203317843]}, "datetime": {"datetime": "2025-08-12 04:05:45", "elapsed": 42024.85870409012, "delta": 17.952139616012573}, "costs": {"total_cost": 182.26198636974792, "time_cost": 73.017, "final_distance_cost": 1.824053769914658, "oscillation_cost": 19.177094900179195, "completition_cost": 0.0, "overshoot_cost": 51.997116599847296, "power_cost": 14.185429821777344, "noise_cost": 22.06129127802942, "n_waypoints_completed": 9, "tot_waypoints": 9}}
{"target": -183.03750872263754, "params": {"k_pid_pos": [0.48212571566628337, 0.0, 0.0], "k_pid_alt": [1.6159684030297718, 0.0, 0.13472368070966703], "k_pid_att": [25.0912582692923, 2.1656611675843833, 0.235018260157632], "k_pid_yaw": [0.5, 1e-06, 0.1], "k_pid_hsp": [0.08499926863847099, 0.0, 0.0], "k_pid_vsp": [128.99066724298402, 97.80682278397845, 1.13867335390539]}, "datetime": {"datetime": "2025-08-12 04:06:06", "elapsed": 42046.13831424713, "delta": 21.27961015701294}, "costs": {"total_cost": 183.03750872263754, "time_cost": 73.955, "final_distance_cost": 1.8243018033324272, "oscillation_cost": 17.920639936358818, "completition_cost": 0.0, "overshoot_cost": 52.70506504469214, "power_cost": 14.296796936035157, "noise_cost": 22.33570500221903, "n_waypoints_completed": 9, "tot_waypoints": 9}}
{"target": -182.12083264674203, "params": {"k_pid_pos": [0.5677235652266683, 4.7992106085031124e-05, 0.0], "k_pid_alt": [1.6106701924495288, 0.0, 0.02626991604957224], "k_pid_att": [25.764779609114463, 2.1966030815620172, 0.24710618716692978], "k_pid_yaw": [0.5, 1e-06, 0.1], "k_pid_hsp": [0.08873793718962923, 0.0, 0.0], "k_pid_vsp": [126.7757915837557, 100.73214486150505, 1.1001429982798114]}, "datetime": {"datetime": "2025-08-12 04:06:24", "elapsed": 42064.3102016449, "delta": 18.171887397766113}, "costs": {"total_cost": 182.12083264674203, "time_cost": 72.45, "final_distance_cost": 1.83393100784442, "oscillation_cost": 19.810437047863395, "completition_cost": 0.0, "overshoot_cost": 51.89873274498119, "power_cost": 14.213149206542969, "noise_cost": 21.91458263951009, "n_waypoints_completed": 9, "tot_waypoints": 9}}
