{"target": -182.56950085528888, "params": {"k_pid_pos": [0.5273983597034099, 0.0, 0.0], "k_pid_alt": [1.653283460679851, 0.0, 0.14333294094102128], "k_pid_att": [25.73072526255264, 2.1339064714524656, 0.2375029577034437], "k_pid_yaw": [0.5, 1e-06, 0.1], "k_pid_hsp": [0.08763728474913669, 0.0, 0.0], "k_pid_vsp": [123.48460139756989, 118.4442085478349, 1.4166401117937193]}, "datetime": {"datetime": "2025-08-12 03:06:54", "elapsed": 38493.86429262161, "delta": 17.430809020996094}, "costs": {"total_cost": 182.56950085528888, "time_cost": 73.066, "final_distance_cost": 1.817609624061679, "oscillation_cost": 19.21692587940104, "completition_cost": 0.0, "overshoot_cost": 52.29087441940905, "power_cost": 14.212231213378907, "noise_cost": 21.965859719038217, "n_waypoints_completed": 9, "tot_waypoints": 9}}
{"target": -182.60697684889692, "params": {"k_pid_pos": [0.5268126726434236, 0.0, 0.0], "k_pid_alt": [1.6511537214039098, 0.0, 0.13212000334459753], "k_pid_att": [25.58266482927745, 2.1117943315445107, 0.20317065177991464], "k_pid_yaw": [0.5, 1e-06, 0.1], "k_pid_hsp": [0.09876809387818047, 0.0, 0.0], "k_pid_vsp": [131.06967947147612, 128.33470091416285, 1.2041002257699887]}, "datetime": {"datetime": "2025-08-12 03:07:13", "elapsed": 38512.89981794357, "delta": 19.03552532196045}, "costs": {"total_cost": 182.60697684889692, "time_cost": 72.709, "final_distance_cost": 1.8302174215167837, "oscillation_cost": 20.011886383299807, "completition_cost": 0.0, "overshoot_cost": 51.962784244939805, "power_cost": 14.192633666992188, "noise_cost": 21.90045513214834, "n_waypoints_completed": 9, "tot_waypoints": 9}}
{"target": -182.21320499314268, "params": {"k_pid_pos": [0.5255161931294585, 0.0, 0.0], "k_pid_alt": [1.6141927430763914, 0.0, 0.11190031190230712], "k_pid_att": [26.024953807673988, 2.136518689230688, 0.2329866641877079], "k_pid_yaw": [0.5, 1e-06, 0.1], "k_pid_hsp": [0.09144348615074681, 0.0, 0.0], "k_pid_vsp": [129.48920387641434, 114.91793474672197, 1.1337151282011615]}, "datetime": {"datetime": "2025-08-12 03:07:31", "elapsed": 38531.32001543045, "delta": 18.42019748687744}, "costs": {"total_cost": 182.21320499314268, "time_cost": 72.912, "final_distance_cost": 1.8236924312284741, "oscillation_cost": 19.39221577659574, "completition_cost": 0.0, "overshoot_cost": 52.02538340628617, "power_cost": 14.127377001953125, "noise_cost": 21.93253637707914, "n_waypoints_completed": 9, "tot_waypoints": 9}}
{"target": -182.04023979271972, "params": {"k_pid_pos": [0.5214253562592468, 0.0, 0.0], "k_pid_alt": [1.6106161736142133, 0.0, 0.13711412035788845], "k_pid_att": [25.81998401639299, 2.095405928518147, 0.22898755677878602], "k_pid_yaw": [0.5, 1e-06, 0.1], "k_pid_hsp": [0.09297856229428603, 0.0, 0.0], "k_pid_vsp": [134.11834037143294, 122.88321921093433, 1.1660492359924377]}, "datetime": {"datetime": "2025-08-12 03:07:51", "elapsed": 38550.89364480972, "delta": 19.57362937927246}, "costs": {"total_cost": 182.04023979271972, "time_cost": 72.968, "final_distance_cost": 1.815755730462887, "oscillation_cost": 19.27011406859464, "completition_cost": 0.0, "overshoot_cost": 51.86394040158961, "power_cost": 14.206677868652344, "noise_cost": 21.915751723420247, "n_waypoints_completed": 9, "tot_waypoints": 9}}
{"target": -182.40166238669778, "params": {"k_pid_pos": [0.5926530115283288, 0.0, 0.0], "k_pid_alt": [1.6705758616029527, 0.0, 0.1383661137887837], "k_pid_att": [26.043924210115, 2.0900762449784103, 0.19479633341544825], "k_pid_yaw": [0.5, 1e-06, 0.1], "k_pid_hsp": [0.10468695178346667, 0.0, 0.0], "k_pid_vsp": [125.43861779221693, 123.28845698724865, 1.126890938887325]}, "datetime": {"datetime": "2025-08-12 03:08:10", "elapsed": 38569.53009533882, "delta": 18.63645052909851}, "costs": {"total_cost": 182.40166238669778, "time_cost": 71.72200000000001, "final_distance_cost": 1.8236241365614814, "oscillation_cost": 21.75795913856705, "completition_cost": 0.0, "overshoot_cost": 51.508472126358946, "power_cost": 14.108768798828125, "noise_cost": 21.480838186382183, "n_waypoints_completed": 9, "tot_waypoints": 9}}
{"target": -182.4104619992657, "params": {"k_pid_pos": [0.5820238371303907, 0.0, 0.0], "k_pid_alt": [1.6198095922319775, 0.0, 0.15398968451621978], "k_pid_att": [26.294495320923073, 2.340207171652575, 0.24009283700711925], "k_pid_yaw": [0.5, 1e-06, 0.1], "k_pid_hsp": [0.0862240975125601, 0.0, 0.0], "k_pid_vsp": [126.79515387716873, 123.5651582342147, 1.0594101296751524]}, "datetime": {"datetime": "2025-08-12 03:08:28", "elapsed": 38587.58824300766, "delta": 18.0581476688385}, "costs": {"total_cost": 182.4104619992657, "time_cost": 72.541, "final_distance_cost": 1.807179170161011, "oscillation_cost": 19.95291691830908, "completition_cost": 0.0, "overshoot_cost": 52.18693697933282, "power_cost": 14.158066772460938, "noise_cost": 21.764362159001873, "n_waypoints_completed": 9, "tot_waypoints": 9}}
{"target": -183.43450216181355, "params": {"k_pid_pos": [0.538946434193305, 0.0, 0.0], "k_pid_alt": [1.631764583480218, 0.0, 0.12527532376104958], "k_pid_att": [24.376489324894436, 2.140850792683133, 0.21786948935679987], "k_pid_yaw": [0.5, 1e-06, 0.1], "k_pid_hsp": [0.0785009430252432, 0.0, 0.0], "k_pid_vsp": [128.8089001248445, 93.63047740810569, 1.107683480177625]}, "datetime": {"datetime": "2025-08-12 03:08:48", "elapsed": 38607.74551868439, "delta": 20.157275676727295}, "costs": {"total_cost": 183.43450216181355, "time_cost": 73.59100000000001, "final_distance_cost": 1.8277120128196984, "oscillation_cost": 18.55894685696639, "completition_cost": 0.0, "overshoot_cost": 52.90323060174301, "power_cost": 14.337585095214845, "noise_cost": 22.216027595069598, "n_waypoints_completed": 9, "tot_waypoints": 9}}
{"target": -182.39351139445475, "params": {"k_pid_pos": [0.5623724254948432, 4.935975163761508e-06, 0.00015676878875306476], "k_pid_alt": [1.6191001851421236, 0.0, 0.15213104872458513], "k_pid_att": [25.828825115364353, 2.3258075907329743, 0.19856661445613155], "k_pid_yaw": [0.5, 1e-06, 0.1], "k_pid_hsp": [0.09516768969034597, 0.0, 0.0], "k_pid_vsp": [128.19718606405087, 117.24331282332682, 1.156768336388059]}, "datetime": {"datetime": "2025-08-12 03:09:06", "elapsed": 38625.883743047714, "delta": 18.138224363327026}, "costs": {"total_cost": 182.39351139445475, "time_cost": 72.33800000000001, "final_distance_cost": 1.8334993587245532, "oscillation_cost": 20.36203151034756, "completition_cost": 0.0, "overshoot_cost": 51.88276334655578, "power_cost": 14.20710662841797, "noise_cost": 21.770110550408894, "n_waypoints_completed": 9, "tot_waypoints": 9}}
{"target": -182.89039377317752, "params": {"k_pid_pos": [0.5282801961842436, 0.0, 0.0], "k_pid_alt": [1.6133843602815308, 0.0, 0.145162881335059], "k_pid_att": [37.84503254993283, 2.124118915347581, 0.24194347737660532], "k_pid_yaw": [0.5, 1e-06, 0.1], "k_pid_hsp": [0.09123169065853165, 0.0, 0.0], "k_pid_vsp": [129.3595811090527, 137.0658211983155, 1.3560727715772853]}, "datetime": {"datetime": "2025-08-12 03:09:25", "elapsed": 38645.1174864769, "delta": 19.23374342918396}, "costs": {"total_cost": 182.89039377317752, "time_cost": 72.933, "final_distance_cost": 1.820904161620221, "oscillation_cost": 19.542948809038098, "completition_cost": 0.0, "overshoot_cost": 52.40756325907517, "power_cost": 14.283638073730469, "noise_cost": 21.902339469713585, "n_waypoints_completed": 9, "tot_waypoints": 9}}
{"target": -182.18117918853272, "params": {"k_pid_pos": [0.5275426761075984, 0.0, 0.0], "k_pid_alt": [1.6151330038749725, 0.0, 0.12616104889736054], "k_pid_att": [25.74143447721091, 3.2441108533986904, 0.22463953187724067], "k_pid_yaw": [0.5, 1e-06, 0.1], "k_pid_hsp": [0.08593037484635906, 0.0, 0.0], "k_pid_vsp": [123.22990513173035, 130.90955856611657, 1.2077492295437064]}, "datetime": {"datetime": "2025-08-12 03:09:45", "elapsed": 38664.57214188576, "delta": 19.454655408859253}, "costs": {"total_cost": 182.18117918853272, "time_cost": 73.143, "final_distance_cost": 1.8329657062253373, "oscillation_cost": 18.82157618671581, "completition_cost": 0.0, "overshoot_cost": 52.18133672421919, "power_cost": 14.25825078125, "noise_cost": 21.944049790122374, "n_waypoints_completed": 9, "tot_waypoints": 9}}
{"target": -182.17403435295256, "params": {"k_pid_pos": [0.5245777735500543, 0.0, 0.0], "k_pid_alt": [1.6144049289078402, 0.0, 0.1423375995642391], "k_pid_att": [23.143745278125675, 2.130049431559675, 0.21930869231255692], "k_pid_yaw": [0.5, 1e-06, 0.1], "k_pid_hsp": [0.09129998644587091, 0.0, 0.0], "k_pid_vsp": [128.79833283781255, 126.08902807644158, 1.0962127919659466]}, "datetime": {"datetime": "2025-08-12 03:10:03", "elapsed": 38683.064049720764, "delta": 18.491907835006714}, "costs": {"total_cost": 182.17403435295256, "time_cost": 72.97500000000001, "final_distance_cost": 1.8118521272160393, "oscillation_cost": 19.22135961725292, "completition_cost": 0.0, "overshoot_cost": 51.83570758462218, "power_cost": 14.244022583007814, "noise_cost": 22.08609244085361, "n_waypoints_completed": 9, "tot_waypoints": 9}}
{"target": -182.41969622821932, "params": {"k_pid_pos": [0.5268913595490405, 0.0, 0.0], "k_pid_alt": [1.6143840597816868, 0.0, 0.12671684167657113], "k_pid_att": [25.49993325714026, 2.2700738212274505, 0.2367126012876586], "k_pid_yaw": [0.5, 1e-06, 0.1], "k_pid_hsp": [0.0913024874205739, 0.0, 0.0], "k_pid_vsp": [128.40731966267847, 126.8677271505275, 1.0925178282638843]}, "datetime": {"datetime": "2025-08-12 03:10:22", "elapsed": 38702.07429075241, "delta": 19.01024103164673}, "costs": {"total_cost": 182.41969622821932, "time_cost": 72.919, "final_distance_cost": 1.817956046097436, "oscillation_cost": 19.439159471852797, "completition_cost": 0.0, "overshoot_cost": 52.16548704661467, "power_cost": 14.174340466308594, "noise_cost": 21.903753197345843, "n_waypoints_completed": 9, "tot_waypoints": 9}}
{"target": -182.43604600521476, "params": {"k_pid_pos": [0.5217093036563291, 0.0, 0.0], "k_pid_alt": [1.6163998282786038, 0.0, 0.13394111603264122], "k_pid_att": [19.105532081819995, 2.0786420446413962, 0.21840772470354705], "k_pid_yaw": [0.5, 1e-06, 0.1], "k_pid_hsp": [0.09140288082753861, 0.0, 0.0], "k_pid_vsp": [127.80880548917645, 119.68854410478963, 1.3409732397368261]}, "datetime": {"datetime": "2025-08-12 03:10:41", "elapsed": 38720.63680458069, "delta": 18.562513828277588}, "costs": {"total_cost": 182.43604600521476, "time_cost": 73.003, "final_distance_cost": 1.8232024418982677, "oscillation_cost": 19.21100879738437, "completition_cost": 0.0, "overshoot_cost": 52.074380659138455, "power_cost": 14.244870275878906, "noise_cost": 22.079583830914768, "n_waypoints_completed": 9, "tot_waypoints": 9}}
{"target": -182.30083380445822, "params": {"k_pid_pos": [0.5277882166413809, 0.0, 0.0], "k_pid_alt": [1.618095603149726, 0.0, 0.177478488192014], "k_pid_att": [26.677950312061775, 2.1674598108154894, 0.22975302103913756], "k_pid_yaw": [0.5, 1e-06, 0.1], "k_pid_hsp": [0.09515455876002317, 0.0, 0.0], "k_pid_vsp": [127.9768495940909, 117.86504086788626, 3.8091592543026875]}, "datetime": {"datetime": "2025-08-12 03:11:01", "elapsed": 38740.546907901764, "delta": 19.91010332107544}, "costs": {"total_cost": 182.30083380445822, "time_cost": 72.849, "final_distance_cost": 1.8286005965578502, "oscillation_cost": 19.76071093537731, "completition_cost": 0.0, "overshoot_cost": 51.69614478627621, "power_cost": 14.172874548339845, "noise_cost": 21.99350293790697, "n_waypoints_completed": 9, "tot_waypoints": 9}}
{"target": -182.2232560048106, "params": {"k_pid_pos": [0.5223252475720226, 0.0, 0.0], "k_pid_alt": [1.6112110476194494, 0.0, 0.06949395992768384], "k_pid_att": [26.363461204940513, 2.045976706463623, 0.22260860002618738], "k_pid_yaw": [0.5, 1e-06, 0.1], "k_pid_hsp": [0.08990952274462115, 0.0, 0.0], "k_pid_vsp": [127.43199139610246, 138.6640516716887, 3.579431231569525]}, "datetime": {"datetime": "2025-08-12 03:11:20", "elapsed": 38760.130801677704, "delta": 19.58389377593994}, "costs": {"total_cost": 182.2232560048106, "time_cost": 72.989, "final_distance_cost": 1.8199578059911183, "oscillation_cost": 19.130279613698907, "completition_cost": 0.0, "overshoot_cost": 51.941054474205174, "power_cost": 14.256556689453125, "noise_cost": 22.086407421462244, "n_waypoints_completed": 9, "tot_waypoints": 9}}
{"target": -182.32222883925243, "params": {"k_pid_pos": [0.5575947123974513, 0.005027232505462274, 0.0], "k_pid_alt": [1.6054659837919338, 0.0, 0.16967776231199155], "k_pid_att": [25.212129710121086, 2.1451145761462587, 0.15656952197129131], "k_pid_yaw": [0.5, 1e-06, 0.1], "k_pid_hsp": [0.09352979335613648, 0.00025948837953643336, 0.0], "k_pid_vsp": [125.472250714787, 128.95149138337072, 1.4825595532043858]}, "datetime": {"datetime": "2025-08-12 03:11:38", "elapsed": 38778.14362740517, "delta": 18.01282572746277}, "costs": {"total_cost": 182.32222883925243, "time_cost": 72.478, "final_distance_cost": 1.8167872708617345, "oscillation_cost": 20.384425424156152, "completition_cost": 0.0, "overshoot_cost": 51.57572398320149, "power_cost": 14.212041040039063, "noise_cost": 21.855251120993998, "n_waypoints_completed": 9, "tot_waypoints": 9}}
{"target": -182.32638811563623, "params": {"k_pid_pos": [0.526978338410786, 0.0, 0.0], "k_pid_alt": [1.6135685322589521, 0.0, 0.1409207888331315], "k_pid_att": [28.34947394220143, 2.0392945141545784, 0.18642120084086966], "k_pid_yaw": [0.5, 1e-06, 0.1], "k_pid_hsp": [0.08977664925239105, 0.0, 0.0], "k_pid_vsp": [127.67367155921035, 112.40768583759171, 1.0916059263638989]}, "datetime": {"datetime": "2025-08-12 03:11:57", "elapsed": 38796.69764471054, "delta": 18.554017305374146}, "costs": {"total_cost": 182.32638811563623, "time_cost": 72.989, "final_distance_cost": 1.8300764350003802, "oscillation_cost": 19.206425314117133, "completition_cost": 0.0, "overshoot_cost": 51.99326505547849, "power_cost": 14.227514916992188, "noise_cost": 22.080106394048048, "n_waypoints_completed": 9, "tot_waypoints": 9}}
{"target": -181.927954024221, "params": {"k_pid_pos": [0.5231864712403543, 0.0, 0.0], "k_pid_alt": [1.6154465997816043, 0.0, 0.1292465725481149], "k_pid_att": [25.776337465837297, 2.131014523789474, 0.2356162901879269], "k_pid_yaw": [0.5, 1e-06, 0.1], "k_pid_hsp": [0.09165546819038234, 0.0, 0.0], "k_pid_vsp": [128.50105566035555, 123.44248371106319, 1.0012591196042246]}, "datetime": {"datetime": "2025-08-12 03:12:15", "elapsed": 38814.76114654541, "delta": 18.063501834869385}, "costs": {"total_cost": 181.927954024221, "time_cost": 72.961, "final_distance_cost": 1.8233412985128457, "oscillation_cost": 19.200061376656166, "completition_cost": 0.0, "overshoot_cost": 51.83131341151716, "power_cost": 14.203567016601562, "noise_cost": 21.90867092093328, "n_waypoints_completed": 9, "tot_waypoints": 9}}
{"target": -182.3344595809591, "params": {"k_pid_pos": [0.5206806972390565, 0.0, 0.0], "k_pid_alt": [1.5513047901165056, 0.0, 0.13675435051513815], "k_pid_att": [24.30751526887437, 2.1106244890940338, 0.2274790168081373], "k_pid_yaw": [0.5, 1e-06, 0.1], "k_pid_hsp": [0.0921203014429933, 0.0, 0.0], "k_pid_vsp": [136.75951939643383, 142.1028201790368, 1.4264859695427565]}, "datetime": {"datetime": "2025-08-12 03:12:35", "elapsed": 38834.74731755257, "delta": 19.986171007156372}, "costs": {"total_cost": 182.3344595809591, "time_cost": 73.052, "final_distance_cost": 1.8269345296220598, "oscillation_cost": 19.207572950766114, "completition_cost": 0.0, "overshoot_cost": 52.010908080340634, "power_cost": 14.245497119140627, "noise_cost": 21.991546901089663, "n_waypoints_completed": 9, "tot_waypoints": 9}}
{"target": -182.6686153281164, "params": {"k_pid_pos": [0.5277066945071432, 0.0, 0.0], "k_pid_alt": [1.609734631009859, 0.0, 0.10304264095538102], "k_pid_att": [26.145643246530717, 2.134968791345235, 0.23189926240594655], "k_pid_yaw": [0.5, 1e-06, 0.1], "k_pid_hsp": [0.0907464390767866, 0.0, 0.0], "k_pid_vsp": [128.24646087724105, 127.71540729929502, 1.0843134890601678]}, "datetime": {"datetime": "2025-08-12 03:12:54", "elapsed": 38853.47607731819, "delta": 18.728759765625}, "costs": {"total_cost": 182.6686153281164, "time_cost": 72.898, "final_distance_cost": 1.8218796932325976, "oscillation_cost": 19.450476799084093, "completition_cost": 0.0, "overshoot_cost": 52.35176359453053, "power_cost": 14.224175988769533, "noise_cost": 21.922319252499637, "n_waypoints_completed": 9, "tot_waypoints": 9}}
{"target": -181.93705208350406, "params": {"k_pid_pos": [0.5254342112006319, 0.0, 0.0], "k_pid_alt": [1.611799107396649, 0.0, 0.1583365903644704], "k_pid_att": [26.157983837606402, 2.1219719868893923, 0.2220285420334301], "k_pid_yaw": [0.5, 1e-06, 0.1], "k_pid_hsp": [0.0919104871285107, 0.0, 0.0], "k_pid_vsp": [128.46305603579492, 122.47083472172987, 1.1736690465801047]}, "datetime": {"datetime": "2025-08-12 03:13:14", "elapsed": 38873.50620865822, "delta": 20.030131340026855}, "costs": {"total_cost": 181.93705208350406, "time_cost": 72.961, "final_distance_cost": 1.8221150792449883, "oscillation_cost": 19.274454975541186, "completition_cost": 0.0, "overshoot_cost": 51.77668011990042, "power_cost": 14.195193566894531, "noise_cost": 21.907608341922924, "n_waypoints_completed": 9, "tot_waypoints": 9}}
{"target": -182.2331043362546, "params": {"k_pid_pos": [0.5235233417395968, 0.0, 0.0], "k_pid_alt": [1.5193371521090564, 0.0, 0.1447305482752645], "k_pid_att": [25.758171339092197, 2.1674406108632946, 0.19444407386727358], "k_pid_yaw": [0.5, 1e-06, 0.1], "k_pid_hsp": [0.09264058359689935, 0.0, 0.0], "k_pid_vsp": [129.15884071150947, 114.73602281407952, 1.1702865509329599]}, "datetime": {"datetime": "2025-08-12 03:13:34", "elapsed": 38893.4404835701, "delta": 19.934274911880493}, "costs": {"total_cost": 182.2331043362546, "time_cost": 73.031, "final_distance_cost": 1.8232848734580387, "oscillation_cost": 19.237409087511974, "completition_cost": 0.0, "overshoot_cost": 51.86452848819603, "power_cost": 14.24853203125, "noise_cost": 22.028349855838584, "n_waypoints_completed": 9, "tot_waypoints": 9}}
{"target": -182.56102807476643, "params": {"k_pid_pos": [0.5413136466056295, 0.0, 0.0], "k_pid_alt": [1.6126200069897, 0.0, 0.15118021395712222], "k_pid_att": [25.504668285198942, 2.1596921860225056, 0.2920811567505821], "k_pid_yaw": [0.5, 1e-06, 0.1], "k_pid_hsp": [0.09371068159327071, 0.0, 0.0], "k_pid_vsp": [132.04567167382694, 139.7684897300598, 1.5574379004665415]}, "datetime": {"datetime": "2025-08-12 03:13:53", "elapsed": 38913.20320272446, "delta": 19.76271915435791}, "costs": {"total_cost": 182.56102807476643, "time_cost": 72.653, "final_distance_cost": 1.8335306494456431, "oscillation_cost": 20.151888646640074, "completition_cost": 0.0, "overshoot_cost": 51.79383468224301, "power_cost": 14.22099305419922, "noise_cost": 21.907781042238476, "n_waypoints_completed": 9, "tot_waypoints": 9}}
{"target": -182.32048288593435, "params": {"k_pid_pos": [0.5259844649736484, 0.0, 0.0], "k_pid_alt": [1.6129020335827229, 0.0, 0.11591803515407473], "k_pid_att": [25.075192459401077, 2.131235061682482, 0.2050799626639234], "k_pid_yaw": [0.5, 1e-06, 0.1], "k_pid_hsp": [0.09081405795745386, 0.0, 0.0], "k_pid_vsp": [136.46567744728608, 134.53687329321212, 1.2834567409944146]}, "datetime": {"datetime": "2025-08-12 03:14:12", "elapsed": 38931.75136756897, "delta": 18.54816484451294}, "costs": {"total_cost": 182.32048288593435, "time_cost": 72.933, "final_distance_cost": 1.8278373280870877, "oscillation_cost": 19.24071187872705, "completition_cost": 0.0, "overshoot_cost": 52.106328546865626, "power_cost": 14.285013818359376, "noise_cost": 21.92759131389522, "n_waypoints_completed": 9, "tot_waypoints": 9}}
{"target": -182.68829010864746, "params": {"k_pid_pos": [0.5255744977358358, 0.0, 0.0], "k_pid_alt": [1.605482955852773, 0.0, 0.1520593757310098], "k_pid_att": [25.962710243750024, 2.1049007633941756, 0.17949532262872656], "k_pid_yaw": [0.5, 1e-06, 0.1], "k_pid_hsp": [0.08585948674471491, 0.0, 0.0], "k_pid_vsp": [102.00874309962575, 123.45562830498888, 1.5193395626890676]}, "datetime": {"datetime": "2025-08-12 03:14:30", "elapsed": 38950.28230762482, "delta": 18.530940055847168}, "costs": {"total_cost": 182.68829010864746, "time_cost": 73.199, "final_distance_cost": 1.832408980707838, "oscillation_cost": 18.8082100711812, "completition_cost": 0.0, "overshoot_cost": 52.466423546340856, "power_cost": 14.307461181640626, "noise_cost": 22.074786328776955, "n_waypoints_completed": 9, "tot_waypoints": 9}}
{"target": -182.42223289189187, "params": {"k_pid_pos": [0.5254172295214384, 0.0, 0.0], "k_pid_alt": [1.6831854849513115, 0.0, 0.1300311534396819], "k_pid_att": [25.71346176864216, 2.141817190609268, 0.22154413728049716], "k_pid_yaw": [0.5, 1e-06, 0.1], "k_pid_hsp": [0.09131279984626052, 0.0, 0.0], "k_pid_vsp": [121.32630081798158, 122.94057762550547, 0.3521461034214797]}, "datetime": {"datetime": "2025-08-12 03:14:50", "elapsed": 38969.494216918945, "delta": 19.211909294128418}, "costs": {"total_cost": 182.42223289189187, "time_cost": 72.891, "final_distance_cost": 1.8364321098049445, "oscillation_cost": 19.423401844425477, "completition_cost": 0.0, "overshoot_cost": 52.14149382872654, "power_cost": 14.193755358886719, "noise_cost": 21.93614975004821, "n_waypoints_completed": 9, "tot_waypoints": 9}}
{"target": -182.45313841622257, "params": {"k_pid_pos": [0.4834049466451287, 0.0, 0.0], "k_pid_alt": [1.6136391715966525, 0.0, 0.14913458603268953], "k_pid_att": [21.129147580293086, 2.2207486484690535, 0.22889250531488195], "k_pid_yaw": [0.5, 1e-06, 0.1], "k_pid_hsp": [0.09334997894421325, 0.0, 0.0], "k_pid_vsp": [133.88088813374932, 110.38166535914975, 1.017169101523257]}, "datetime": {"datetime": "2025-08-12 03:15:09", "elapsed": 38988.52236199379, "delta": 19.02814507484436}, "costs": {"total_cost": 182.45313841622257, "time_cost": 73.661, "final_distance_cost": 1.8224688832835292, "oscillation_cost": 18.56927623857314, "completition_cost": 0.0, "overshoot_cost": 51.866201397447355, "power_cost": 14.304572094726563, "noise_cost": 22.229619802191984, "n_waypoints_completed": 9, "tot_waypoints": 9}}
