{"target": -182.63888252964702, "params": {"k_pid_pos": [0.5107788850468339, 0.0, 0.0], "k_pid_alt": [1.6506576914134456, 0.0, 0.1210502805608267], "k_pid_att": [23.54231034081901, 2.2099659896165105, 0.18060849972064488], "k_pid_yaw": [0.5, 1e-06, 0.1], "k_pid_hsp": [0.08963775591987086, 0.0, 0.0], "k_pid_vsp": [129.58822438189338, 63.448029709219036, 0.2837562733950454]}, "datetime": {"datetime": "2025-08-12 01:17:40", "elapsed": 31940.26570224762, "delta": 20.12893271446228}, "costs": {"total_cost": 182.63888252964702, "time_cost": 73.29, "final_distance_cost": 1.8140982287459166, "oscillation_cost": 19.05834259046726, "completition_cost": 0.0, "overshoot_cost": 52.17038838878332, "power_cost": 14.185049938964845, "noise_cost": 22.121003382685682, "n_waypoints_completed": 9, "tot_waypoints": 9}}
{"target": -182.60762258551628, "params": {"k_pid_pos": [0.5372580425537775, 0.0, 0.0], "k_pid_alt": [1.6122304645885248, 0.0, 0.125823279252538], "k_pid_att": [24.64070485625941, 2.3353952461157124, 0.27145426033429826], "k_pid_yaw": [0.5, 1e-06, 0.1], "k_pid_hsp": [0.0932270709803694, 0.0, 0.0], "k_pid_vsp": [125.60586921409082, 258.57297872554074, 1.035893393752275]}, "datetime": {"datetime": "2025-08-12 01:17:59", "elapsed": 31958.51193523407, "delta": 18.246232986450195}, "costs": {"total_cost": 182.60762258551628, "time_cost": 72.702, "final_distance_cost": 1.8279142217055713, "oscillation_cost": 19.9995432213534, "completition_cost": 0.0, "overshoot_cost": 52.06007686604445, "power_cost": 14.24711796875, "noise_cost": 21.77097030766288, "n_waypoints_completed": 9, "tot_waypoints": 9}}
{"target": -182.47689341041792, "params": {"k_pid_pos": [0.5835213952196742, 0.004007229561616142, 0.0003382207216525528], "k_pid_alt": [1.602372367737827, 0.0, 0.1434738965060926], "k_pid_att": [25.185813303798817, 2.23137123503265, 0.1569951804792415], "k_pid_yaw": [0.5, 1e-06, 0.1], "k_pid_hsp": [0.09999549503351424, 0.00024954745019638785, 0.0], "k_pid_vsp": [127.51373562221171, 124.93871770643437, 1.451772650678092]}, "datetime": {"datetime": "2025-08-12 01:18:17", "elapsed": 31976.966188192368, "delta": 18.45425295829773}, "costs": {"total_cost": 182.47689341041792, "time_cost": 71.93900000000001, "final_distance_cost": 1.8091571535043334, "oscillation_cost": 21.15004045451174, "completition_cost": 0.0, "overshoot_cost": 51.688450267975675, "power_cost": 14.200943005371094, "noise_cost": 21.68930252905507, "n_waypoints_completed": 9, "tot_waypoints": 9}}
{"target": -182.54403503494575, "params": {"k_pid_pos": [0.5423621634163779, 0.0, 0.0], "k_pid_alt": [1.6070314894135993, 0.0, 0.1338087414871516], "k_pid_att": [28.091100257155556, 2.1302172530310592, 0.3698235791849787], "k_pid_yaw": [0.5, 1e-06, 0.1], "k_pid_hsp": [0.09277433543153912, 0.0, 0.0], "k_pid_vsp": [127.23941711832839, 116.39452330590572, 1.1084436047669168]}, "datetime": {"datetime": "2025-08-12 01:18:36", "elapsed": 31995.9781498909, "delta": 19.011961698532104}, "costs": {"total_cost": 182.54403503494575, "time_cost": 72.66, "final_distance_cost": 1.8349741393278638, "oscillation_cost": 20.0309562989124, "completition_cost": 0.0, "overshoot_cost": 51.922395413456805, "power_cost": 14.193349072265626, "noise_cost": 21.902360110983057, "n_waypoints_completed": 9, "tot_waypoints": 9}}
{"target": -182.25550718026935, "params": {"k_pid_pos": [0.5234211648212821, 0.0, 0.0], "k_pid_alt": [1.603634185324197, 0.0, 0.13716147213616287], "k_pid_att": [23.91845686742218, 2.0871290738849844, 0.24254574219979855], "k_pid_yaw": [0.5, 1e-06, 0.1], "k_pid_hsp": [0.09242692066177424, 0.0, 0.0], "k_pid_vsp": [128.00652567957368, 135.39409819613198, 1.22584075756221]}, "datetime": {"datetime": "2025-08-12 01:18:54", "elapsed": 32014.28759932518, "delta": 18.309449434280396}, "costs": {"total_cost": 182.25550718026935, "time_cost": 72.947, "final_distance_cost": 1.8132529019613055, "oscillation_cost": 19.34222956465034, "completition_cost": 0.0, "overshoot_cost": 52.034135102818034, "power_cost": 14.213132043457032, "noise_cost": 21.905757567382626, "n_waypoints_completed": 9, "tot_waypoints": 9}}
{"target": -182.29551811123545, "params": {"k_pid_pos": [0.5350098667121598, 0.0, 0.0], "k_pid_alt": [1.6034518338944683, 0.0, 0.12446694488781454], "k_pid_att": [24.629841870363382, 2.1087674450643927, 0.21987597433909184], "k_pid_yaw": [0.5, 1e-06, 0.1], "k_pid_hsp": [0.09148575322379655, 0.0, 0.0], "k_pid_vsp": [130.5976008719981, 108.90999259891011, 1.0745474605388263]}, "datetime": {"datetime": "2025-08-12 01:19:14", "elapsed": 32034.0545194149, "delta": 19.76692008972168}, "costs": {"total_cost": 182.29551811123545, "time_cost": 72.793, "final_distance_cost": 1.8308112280280664, "oscillation_cost": 19.52410073434475, "completition_cost": 0.0, "overshoot_cost": 52.10591993473732, "power_cost": 14.198771533203125, "noise_cost": 21.842914680922174, "n_waypoints_completed": 9, "tot_waypoints": 9}}
{"target": -182.00860838069434, "params": {"k_pid_pos": [0.5232667385499199, 0.0, 0.0], "k_pid_alt": [1.615761544152483, 0.0, 0.1456298130727263], "k_pid_att": [25.0273965696747, 2.1716926183454985, 0.20233559554934033], "k_pid_yaw": [0.5, 1e-06, 0.1], "k_pid_hsp": [0.09241943791599291, 0.0, 0.0], "k_pid_vsp": [131.91749406643217, 120.86896636578055, 1.2683905685880839]}, "datetime": {"datetime": "2025-08-12 01:19:33", "elapsed": 32052.45500946045, "delta": 18.400490045547485}, "costs": {"total_cost": 182.00860838069434, "time_cost": 72.947, "final_distance_cost": 1.8324053682557642, "oscillation_cost": 19.34056396427926, "completition_cost": 0.0, "overshoot_cost": 51.761330862224106, "power_cost": 14.198157702636719, "noise_cost": 21.92915048329852, "n_waypoints_completed": 9, "tot_waypoints": 9}}
{"target": -182.30910913624822, "params": {"k_pid_pos": [0.5261155928709631, 0.0, 0.0], "k_pid_alt": [1.6061078758854208, 0.0, 0.15236956695377948], "k_pid_att": [24.483211080441134, 2.3764922486958038, 0.22951427150462803], "k_pid_yaw": [0.5, 1e-06, 0.1], "k_pid_hsp": [0.09452607706185183, 0.0, 0.0], "k_pid_vsp": [125.18073260422963, 121.77191262121268, 1.6319010204883067]}, "datetime": {"datetime": "2025-08-12 01:19:52", "elapsed": 32072.00603699684, "delta": 19.551027536392212}, "costs": {"total_cost": 182.30910913624822, "time_cost": 72.856, "final_distance_cost": 1.8349260468624904, "oscillation_cost": 19.792484094221404, "completition_cost": 0.0, "overshoot_cost": 51.711658710096145, "power_cost": 14.168161865234376, "noise_cost": 21.945878419833797, "n_waypoints_completed": 9, "tot_waypoints": 9}}
{"target": -182.68014045663244, "params": {"k_pid_pos": [0.5165247194373463, 0.0, 0.0], "k_pid_alt": [1.5795195494926837, 0.0, 0.14104303132975193], "k_pid_att": [24.212565557719962, 1.937001580259347, 0.20049482553911913], "k_pid_yaw": [0.5, 1e-06, 0.1], "k_pid_hsp": [0.08282162760121352, 0.0, 0.0], "k_pid_vsp": [128.35563243809878, 129.33133454874093, 1.5748676931017598]}, "datetime": {"datetime": "2025-08-12 01:20:11", "elapsed": 32090.676339149475, "delta": 18.670302152633667}, "costs": {"total_cost": 182.68014045663244, "time_cost": 73.556, "final_distance_cost": 1.8139699100439761, "oscillation_cost": 18.552289264078983, "completition_cost": 0.0, "overshoot_cost": 52.300461596229106, "power_cost": 14.264199267578126, "noise_cost": 22.193220418702253, "n_waypoints_completed": 9, "tot_waypoints": 9}}
{"target": -182.52988480682075, "params": {"k_pid_pos": [0.6594071153570079, 0.0, 0.0], "k_pid_alt": [1.5804220601519232, 0.0, 0.14159864691486845], "k_pid_att": [24.22509184641758, 2.21956094594184, 0.3121997709939894], "k_pid_yaw": [0.5, 1e-06, 0.1], "k_pid_hsp": [0.095459728539013, 0.0, 0.0], "k_pid_vsp": [134.38330820138282, 72.4272545268253, 5.683033325474652]}, "datetime": {"datetime": "2025-08-12 01:20:29", "elapsed": 32108.946025133133, "delta": 18.269685983657837}, "costs": {"total_cost": 182.52988480682075, "time_cost": 71.568, "final_distance_cost": 1.800532350756984, "oscillation_cost": 22.02484687470468, "completition_cost": 0.0, "overshoot_cost": 51.68797695654599, "power_cost": 14.055250952148437, "noise_cost": 21.393277672664645, "n_waypoints_completed": 9, "tot_waypoints": 9}}
{"target": -181.89896295139897, "params": {"k_pid_pos": [0.5259027243951904, 0.0, 0.0], "k_pid_alt": [1.6054131594635026, 0.0, 0.15159874102805218], "k_pid_att": [26.37419637692465, 2.139180344132926, 0.20680627027807919], "k_pid_yaw": [0.5, 1e-06, 0.1], "k_pid_hsp": [0.09140908212684022, 0.0, 0.0], "k_pid_vsp": [136.3759045281236, 128.21653060634011, 1e-06]}, "datetime": {"datetime": "2025-08-12 01:20:47", "elapsed": 32127.269899845123, "delta": 18.323874711990356}, "costs": {"total_cost": 181.89896295139897, "time_cost": 72.968, "final_distance_cost": 1.834769440183194, "oscillation_cost": 19.196446318662183, "completition_cost": 0.0, "overshoot_cost": 51.81656404986311, "power_cost": 14.204103747558595, "noise_cost": 21.87907939513186, "n_waypoints_completed": 9, "tot_waypoints": 9}}
{"target": -182.80026865744316, "params": {"k_pid_pos": [0.5251185375076203, 0.0, 0.0], "k_pid_alt": [1.6168576279327556, 0.0, 0.16299148225789817], "k_pid_att": [25.840270123470788, 1.8768207002735606, 0.23053031511677144], "k_pid_yaw": [0.5, 1e-06, 0.1], "k_pid_hsp": [0.1042819037044013, 0.0, 0.0], "k_pid_vsp": [129.15009578068208, 115.30176781328501, 1.1548185726876832]}, "datetime": {"datetime": "2025-08-12 01:21:07", "elapsed": 32146.99193572998, "delta": 19.722035884857178}, "costs": {"total_cost": 182.80026865744316, "time_cost": 72.751, "final_distance_cost": 1.8282332410774842, "oscillation_cost": 20.495157472628396, "completition_cost": 0.0, "overshoot_cost": 51.602373245476855, "power_cost": 14.223206884765625, "noise_cost": 21.90029781349479, "n_waypoints_completed": 9, "tot_waypoints": 9}}
{"target": -181.95330363446033, "params": {"k_pid_pos": [0.5281326673061585, 0.0, 0.0], "k_pid_alt": [1.5061419269476843, 0.0, 0.14300383108567274], "k_pid_att": [25.114157538398274, 2.1101608605780573, 0.21382333329959846], "k_pid_yaw": [0.5, 1e-06, 0.1], "k_pid_hsp": [0.0907791522990472, 0.0, 0.0], "k_pid_vsp": [126.04957171475559, 118.26407711126802, 1.5791665435407802]}, "datetime": {"datetime": "2025-08-12 01:21:26", "elapsed": 32165.750316619873, "delta": 18.758380889892578}, "costs": {"total_cost": 181.95330363446033, "time_cost": 73.038, "final_distance_cost": 1.810599251644317, "oscillation_cost": 19.224446343857753, "completition_cost": 0.0, "overshoot_cost": 51.677339931530526, "power_cost": 14.209583081054689, "noise_cost": 21.99333502637306, "n_waypoints_completed": 9, "tot_waypoints": 9}}
{"target": -182.2755388458412, "params": {"k_pid_pos": [0.5277107222758108, 0.0, 0.0], "k_pid_alt": [1.6303799281414766, 0.0, 0.13484939110210986], "k_pid_att": [24.814213284349556, 2.3210576056884435, 0.22375145055961812], "k_pid_yaw": [0.5, 1e-06, 0.1], "k_pid_hsp": [0.09281506456055547, 0.0, 0.0], "k_pid_vsp": [130.45800401491928, 126.24468763069521, 0.747096170725798]}, "datetime": {"datetime": "2025-08-12 01:21:44", "elapsed": 32183.71536231041, "delta": 17.9650456905365}, "costs": {"total_cost": 182.2755388458412, "time_cost": 72.849, "final_distance_cost": 1.8388110697307731, "oscillation_cost": 19.58622057730874, "completition_cost": 0.0, "overshoot_cost": 51.86509748234549, "power_cost": 14.193000256347657, "noise_cost": 21.943409460108548, "n_waypoints_completed": 9, "tot_waypoints": 9}}
{"target": -182.14388964908454, "params": {"k_pid_pos": [0.5850555693448203, 0.0, 0.0], "k_pid_alt": [1.6288938178576222, 0.0, 0.11160009587938102], "k_pid_att": [22.510575763901883, 2.052112962298101, 0.22530748136485318], "k_pid_yaw": [0.5, 1e-06, 0.1], "k_pid_hsp": [0.08972093185009662, 0.0, 0.0], "k_pid_vsp": [128.76089147249496, 122.05564813174614, 0.6769426899107998]}, "datetime": {"datetime": "2025-08-12 01:22:03", "elapsed": 32202.676778316498, "delta": 18.961416006088257}, "costs": {"total_cost": 182.14388964908454, "time_cost": 72.247, "final_distance_cost": 1.8228971155734304, "oscillation_cost": 20.393943051169455, "completition_cost": 0.0, "overshoot_cost": 51.89641481323944, "power_cost": 14.15279764404297, "noise_cost": 21.630837025059225, "n_waypoints_completed": 9, "tot_waypoints": 9}}
{"target": -182.57361144227974, "params": {"k_pid_pos": [0.5188176328337007, 0.0, 0.0], "k_pid_alt": [1.5807740166926583, 0.0, 0.13065178715386488], "k_pid_att": [24.68961762789713, 2.184688804597545, 0.33634249198512856], "k_pid_yaw": [0.5, 1e-06, 0.1], "k_pid_hsp": [0.08412787426392832, 0.0, 0.0], "k_pid_vsp": [128.50130503348058, 121.273027759643, 4.33014878546877]}, "datetime": {"datetime": "2025-08-12 01:22:21", "elapsed": 32221.10352087021, "delta": 18.426742553710938}, "costs": {"total_cost": 182.57361144227974, "time_cost": 73.437, "final_distance_cost": 1.8101856079088545, "oscillation_cost": 18.43612429251047, "completition_cost": 0.0, "overshoot_cost": 52.53391363138084, "power_cost": 14.295103540039063, "noise_cost": 22.061284370440507, "n_waypoints_completed": 9, "tot_waypoints": 9}}
{"target": -182.98614626370363, "params": {"k_pid_pos": [0.4604111450471629, 0.0, 0.0], "k_pid_alt": [1.6061970393450746, 0.0, 0.05756710789668308], "k_pid_att": [23.882381245944227, 1.9348959178492753, 0.22910266298673618], "k_pid_yaw": [0.5, 1e-06, 0.1], "k_pid_hsp": [0.08837844052530959, 0.0, 0.0], "k_pid_vsp": [128.95886531091975, 114.93484224932702, 2.8421185469019425]}, "datetime": {"datetime": "2025-08-12 01:22:40", "elapsed": 32240.197738409042, "delta": 19.094217538833618}, "costs": {"total_cost": 182.98614626370363, "time_cost": 74.20700000000001, "final_distance_cost": 1.826418979237615, "oscillation_cost": 17.51868634990158, "completition_cost": 0.0, "overshoot_cost": 52.420648604859714, "power_cost": 14.38801600341797, "noise_cost": 22.62537632628675, "n_waypoints_completed": 9, "tot_waypoints": 9}}
{"target": -182.40948415998858, "params": {"k_pid_pos": [0.5310377051069562, 0.0, 0.0], "k_pid_alt": [1.5996468957097092, 0.0, 0.14773721027641123], "k_pid_att": [24.036021943189162, 2.0945674103333447, 0.20931560644588815], "k_pid_yaw": [0.5, 1e-06, 0.1], "k_pid_hsp": [0.10132507565319761, 0.0, 0.0], "k_pid_vsp": [70.98584283460187, 116.76817027262355, 1.697748580430047]}, "datetime": {"datetime": "2025-08-12 01:22:59", "elapsed": 32259.35996723175, "delta": 19.16222882270813}, "costs": {"total_cost": 182.40948415998858, "time_cost": 72.604, "final_distance_cost": 1.832632331302978, "oscillation_cost": 20.374902202901946, "completition_cost": 0.0, "overshoot_cost": 51.595220737533026, "power_cost": 14.23178270263672, "noise_cost": 21.77094618561392, "n_waypoints_completed": 9, "tot_waypoints": 9}}
{"target": -182.636815049441, "params": {"k_pid_pos": [0.5388282882787998, 0.0, 0.0], "k_pid_alt": [1.706569327552338, 0.0, 0.14469559621276643], "k_pid_att": [25.622296403832955, 2.136649075152673, 0.21711142378357023], "k_pid_yaw": [0.5, 1e-06, 0.1], "k_pid_hsp": [0.09956740538647577, 0.0, 0.0], "k_pid_vsp": [121.60405296183384, 126.44882461031112, 1.9285797274698175]}, "datetime": {"datetime": "2025-08-12 01:23:18", "elapsed": 32277.587097406387, "delta": 18.22713017463684}, "costs": {"total_cost": 182.636815049441, "time_cost": 72.478, "final_distance_cost": 1.8351777255262083, "oscillation_cost": 20.420284861887552, "completition_cost": 0.0, "overshoot_cost": 51.79843981271346, "power_cost": 14.230723962402344, "noise_cost": 21.874188686911427, "n_waypoints_completed": 9, "tot_waypoints": 9}}
{"target": -182.7557811576658, "params": {"k_pid_pos": [0.5168962851491905, 0.0, 0.0], "k_pid_alt": [1.5486598225160297, 0.0, 0.12090833467381998], "k_pid_att": [26.085852039528636, 2.0613075816471307, 0.10349486608822606], "k_pid_yaw": [0.5, 1e-06, 0.1], "k_pid_hsp": [0.09011743784234023, 0.0, 0.0], "k_pid_vsp": [133.20653695739892, 109.35855725006155, 1.2136696637555933]}, "datetime": {"datetime": "2025-08-12 01:23:37", "elapsed": 32296.64532518387, "delta": 19.05822777748108}, "costs": {"total_cost": 182.7557811576658, "time_cost": 73.157, "final_distance_cost": 1.8252679646801415, "oscillation_cost": 19.1640903203664, "completition_cost": 0.0, "overshoot_cost": 52.1549458275081, "power_cost": 14.279376538085938, "noise_cost": 22.17510050702522, "n_waypoints_completed": 9, "tot_waypoints": 9}}
{"target": -182.80654075779597, "params": {"k_pid_pos": [0.5287591009147432, 0.0, 0.0], "k_pid_alt": [1.6101553600146954, 0.0, 0.14496888810108458], "k_pid_att": [24.90495830176808, 2.1605474262614073, 0.2200570020412342], "k_pid_yaw": [0.5, 1e-06, 0.1], "k_pid_hsp": [0.0907197039095343, 0.0, 0.0], "k_pid_vsp": [120.39319523598579, 122.78261308411975, 1.25449546919955]}, "datetime": {"datetime": "2025-08-12 01:23:55", "elapsed": 32314.99779200554, "delta": 18.352466821670532}, "costs": {"total_cost": 182.80654075779597, "time_cost": 72.919, "final_distance_cost": 1.8325764827189468, "oscillation_cost": 19.443006363865983, "completition_cost": 0.0, "overshoot_cost": 52.447544999148484, "power_cost": 14.265469177246095, "noise_cost": 21.898943734816466, "n_waypoints_completed": 9, "tot_waypoints": 9}}
{"target": -182.28294321373133, "params": {"k_pid_pos": [0.5731157738154654, 0.0, 0.0], "k_pid_alt": [1.6891260794245608, 0.0, 0.1297145790675794], "k_pid_att": [25.826731171540537, 2.194580475087729, 0.1628917974256442], "k_pid_yaw": [0.5, 1e-06, 0.1], "k_pid_hsp": [0.10520607599908016, 0.0, 0.0], "k_pid_vsp": [124.90192066447867, 123.59768295546131, 1.2949859940999437]}, "datetime": {"datetime": "2025-08-12 01:24:14", "elapsed": 32334.07540154457, "delta": 19.077609539031982}, "costs": {"total_cost": 182.28294321373133, "time_cost": 71.925, "final_distance_cost": 1.8215549498126462, "oscillation_cost": 21.36120290040831, "completition_cost": 0.0, "overshoot_cost": 51.23342584356499, "power_cost": 14.189551293945312, "noise_cost": 21.752208226000082, "n_waypoints_completed": 9, "tot_waypoints": 9}}
{"target": -183.02029469530322, "params": {"k_pid_pos": [0.6295371948137488, 0.0, 0.0], "k_pid_alt": [1.602835128183937, 0.0, 0.14847854934750646], "k_pid_att": [25.785486071451096, 2.0919840379645023, 0.1695270219839153], "k_pid_yaw": [0.5, 1e-06, 0.1], "k_pid_hsp": [0.10311639784397228, 0.0, 0.0], "k_pid_vsp": [128.51628649356326, 116.49945736867367, 1.3644571383444106]}, "datetime": {"datetime": "2025-08-12 01:24:32", "elapsed": 32351.7700984478, "delta": 17.69469690322876}, "costs": {"total_cost": 183.02029469530322, "time_cost": 71.435, "final_distance_cost": 1.8326732733788678, "oscillation_cost": 22.273921788542957, "completition_cost": 0.0, "overshoot_cost": 51.81362235860166, "power_cost": 14.180665222167969, "noise_cost": 21.484412052611773, "n_waypoints_completed": 9, "tot_waypoints": 9}}
{"target": -187.1804553137353, "params": {"k_pid_pos": [0.38764515323007365, 0.0, 0.0014868828690497399], "k_pid_alt": [1.6267334939118216, 0.0, 0.1454203915046751], "k_pid_att": [28.75375527538836, 2.24345261067704, 0.20701823589016602], "k_pid_yaw": [0.5, 1e-06, 0.1], "k_pid_hsp": [0.09948173541541132, 0.0, 0.0], "k_pid_vsp": [129.3088360519821, 58.09692266060005, 1.312845318553151]}, "datetime": {"datetime": "2025-08-12 01:24:53", "elapsed": 32372.454496622086, "delta": 20.68439817428589}, "costs": {"total_cost": 187.1804553137353, "time_cost": 77.196, "final_distance_cost": 1.8518099826903929, "oscillation_cost": 16.98171061129631, "completition_cost": 0.0, "overshoot_cost": 52.34478070201156, "power_cost": 14.83825614013672, "noise_cost": 23.967897877600347, "n_waypoints_completed": 9, "tot_waypoints": 9}}
{"target": -183.48785111300927, "params": {"k_pid_pos": [0.46158271521225047, 8.108938248752052e-06, 0.0006588629160284025], "k_pid_alt": [1.6105270995631988, 0.0, 0.15189108922117217], "k_pid_att": [22.346228270628295, 2.2444974625847762, 0.28655189857939256], "k_pid_yaw": [0.5, 1e-06, 0.1], "k_pid_hsp": [0.08693637277902812, 0.0, 0.0], "k_pid_vsp": [123.06913048212765, 69.64087398407725, 1.1076114486232393]}, "datetime": {"datetime": "2025-08-12 01:25:11", "elapsed": 32391.0229036808, "delta": 18.56840705871582}, "costs": {"total_cost": 183.48785111300927, "time_cost": 74.375, "final_distance_cost": 1.8229143108980006, "oscillation_cost": 17.754939098382724, "completition_cost": 0.0, "overshoot_cost": 52.541591861884044, "power_cost": 14.365884301757813, "noise_cost": 22.627521540086722, "n_waypoints_completed": 9, "tot_waypoints": 9}}
{"target": -182.71713561703987, "params": {"k_pid_pos": [0.5314130400731737, 0.0, 0.0], "k_pid_alt": [1.6112744943737942, 0.0, 0.13977310814459362], "k_pid_att": [23.969762642669433, 2.1330866480720467, 0.2313566723292515], "k_pid_yaw": [0.5, 1e-06, 0.1], "k_pid_hsp": [0.09102387540900168, 0.0, 0.0], "k_pid_vsp": [127.21481594175985, 135.06638339478008, 2.0441486455914584]}, "datetime": {"datetime": "2025-08-12 01:25:31", "elapsed": 32410.644905805588, "delta": 19.622002124786377}, "costs": {"total_cost": 182.71713561703987, "time_cost": 72.877, "final_distance_cost": 1.8171396019860462, "oscillation_cost": 19.673402479705132, "completition_cost": 0.0, "overshoot_cost": 52.17451843612078, "power_cost": 14.24638984375, "noise_cost": 21.92868525547794, "n_waypoints_completed": 9, "tot_waypoints": 9}}
{"target": -182.36487325618856, "params": {"k_pid_pos": [0.5268744479477688, 0.0, 0.0], "k_pid_alt": [1.6143607997355778, 0.0, 0.18674272174268522], "k_pid_att": [25.82530079835966, 2.355834307398574, 0.22272931865093304], "k_pid_yaw": [0.5, 1e-06, 0.1], "k_pid_hsp": [0.09469507621991134, 0.0, 0.0], "k_pid_vsp": [106.67518289722044, 162.7378814720868, 1.0716835731485679]}, "datetime": {"datetime": "2025-08-12 01:25:49", "elapsed": 32429.183725833893, "delta": 18.538820028305054}, "costs": {"total_cost": 182.36487325618856, "time_cost": 72.877, "final_distance_cost": 1.8197908336471575, "oscillation_cost": 19.744308315303368, "completition_cost": 0.0, "overshoot_cost": 51.73776347088168, "power_cost": 14.269839001464845, "noise_cost": 21.9161716348915, "n_waypoints_completed": 9, "tot_waypoints": 9}}
