{"target": -189.0393455876134, "params": {"k_pid_pos": [0.3722244744985982, 0.0, 0.0], "k_pid_alt": [1.683503366993293, 0.0, 0.1880565201123763], "k_pid_att": [26.30008069491676, 2.2623235729273072, 0.20001125818722268], "k_pid_yaw": [0.5, 1e-06, 0.1], "k_pid_hsp": [0.10076906342943226, 0.0, 0.0], "k_pid_vsp": [154.2142230275507, 56.145960137191835, 2.001193493260435]}, "datetime": {"datetime": "2025-08-11 21:52:51", "elapsed": 19650.69871902466, "delta": 20.218288898468018}, "costs": {"total_cost": 189.0393455876134, "time_cost": 78.22500000000001, "final_distance_cost": 1.8444564469594584, "oscillation_cost": 16.81625193400246, "completition_cost": 0.0, "overshoot_cost": 52.71313492257195, "power_cost": 14.960918774414063, "noise_cost": 24.479583509665478, "n_waypoints_completed": 9, "tot_waypoints": 9}}
{"target": -186.9675119197825, "params": {"k_pid_pos": [0.5245302246749088, 0.0, 0.0], "k_pid_alt": [1.333775020152781, 0.0, 0.03790348083681799], "k_pid_att": [23.97662954689018, 2.186137147936594, 0.14152836539944855], "k_pid_yaw": [0.5, 1e-06, 0.1], "k_pid_hsp": [0.14222467830718402, 0.0, 0.0], "k_pid_vsp": [163.5989688095931, 41.85132453492368, 4.378683799364952]}, "datetime": {"datetime": "2025-08-11 21:53:10", "elapsed": 19670.181988477707, "delta": 19.483269453048706}, "costs": {"total_cost": 186.9675119197825, "time_cost": 73.836, "final_distance_cost": 1.8454939836720692, "oscillation_cost": 22.5594089785581, "completition_cost": 0.0, "overshoot_cost": 51.69534019378809, "power_cost": 14.466692297363283, "noise_cost": 22.564576466400965, "n_waypoints_completed": 9, "tot_waypoints": 9}}
{"target": -182.85559936059553, "params": {"k_pid_pos": [0.642388948418775, 0.0, 0.0], "k_pid_alt": [1.618857782849767, 0.0, 0.23026844430306928], "k_pid_att": [37.27517694457369, 2.1345354666394796, 0.17482125790760544], "k_pid_yaw": [0.5, 1e-06, 0.1], "k_pid_hsp": [0.08722749945112282, 0.0, 0.0], "k_pid_vsp": [140.63472520669598, 54.99189743310002, 2.9278720636877438]}, "datetime": {"datetime": "2025-08-11 21:53:29", "elapsed": 19688.631521224976, "delta": 18.449532747268677}, "costs": {"total_cost": 182.85559936059553, "time_cost": 72.233, "final_distance_cost": 1.819376035933997, "oscillation_cost": 21.161734455504348, "completition_cost": 0.0, "overshoot_cost": 51.866126522175655, "power_cost": 14.100848242187501, "noise_cost": 21.67451410479401, "n_waypoints_completed": 9, "tot_waypoints": 9}}
{"target": -186.51332137748278, "params": {"k_pid_pos": [0.5326912536910438, 0.005855386708868, 0.024243583086783812], "k_pid_alt": [1.7863547177509806, 0.0, 0.18108309114440604], "k_pid_att": [36.25837249037043, 3.128062516076292, 0.19741464330086567], "k_pid_yaw": [0.5, 1e-06, 0.1], "k_pid_hsp": [0.06881767901313135, 0.0, 0.0], "k_pid_vsp": [166.13940915395335, 29.603752420352833, 1.4756752467500496]}, "datetime": {"datetime": "2025-08-11 21:53:48", "elapsed": 19707.98082089424, "delta": 19.349299669265747}, "costs": {"total_cost": 186.51332137748278, "time_cost": 75.677, "final_distance_cost": 1.822509811050554, "oscillation_cost": 17.59530261801955, "completition_cost": 0.0, "overshoot_cost": 53.90836767884148, "power_cost": 14.487665698242187, "noise_cost": 23.022475571328997, "n_waypoints_completed": 9, "tot_waypoints": 9}}
{"target": -187.7878120698898, "params": {"k_pid_pos": [0.4016886380065616, 0.0, 0.0], "k_pid_alt": [1.7288701875790486, 0.0, 0.330146529124976], "k_pid_att": [30.244671999954296, 2.178342291383348, 0.29584542649001944], "k_pid_yaw": [0.5, 1e-06, 0.1], "k_pid_hsp": [0.10834362614674645, 0.0, 0.0], "k_pid_vsp": [151.24932024753704, 54.60075334496092, 2.0813085961833955]}, "datetime": {"datetime": "2025-08-11 21:54:08", "elapsed": 19727.452041864395, "delta": 19.47122097015381}, "costs": {"total_cost": 187.7878120698898, "time_cost": 77.077, "final_distance_cost": 1.8447990355285275, "oscillation_cost": 17.795006844634138, "completition_cost": 0.0, "overshoot_cost": 52.484944599513405, "power_cost": 14.755231494140626, "noise_cost": 23.830830096073125, "n_waypoints_completed": 9, "tot_waypoints": 9}}
{"target": -185.04093914129913, "params": {"k_pid_pos": [0.5175987436472785, 0.0, 0.0], "k_pid_alt": [1.6610239103941684, 0.0, 0.25482699402250586], "k_pid_att": [19.458364351392277, 1.8423933701397224, 0.2143386822790744], "k_pid_yaw": [0.5, 1e-06, 0.1], "k_pid_hsp": [0.12846679422104712, 0.0, 0.0], "k_pid_vsp": [144.61652626083693, 78.07065492530991, 2.8246127583276843]}, "datetime": {"datetime": "2025-08-11 21:54:27", "elapsed": 19746.523981571198, "delta": 19.071939706802368}, "costs": {"total_cost": 185.04093914129913, "time_cost": 73.346, "final_distance_cost": 1.8484193129950568, "oscillation_cost": 21.512682049824814, "completition_cost": 0.0, "overshoot_cost": 51.50058626891272, "power_cost": 14.449204321289063, "noise_cost": 22.38404718827747, "n_waypoints_completed": 9, "tot_waypoints": 9}}
{"target": -1224.192777501491, "params": {"k_pid_pos": [0.6574068842372174, 0.0, 0.0], "k_pid_alt": [1.7214802962024893, 0.0, 0.1217988862190497], "k_pid_att": [21.441411777329655, 2.679174464408276, 0.21149527057748416], "k_pid_yaw": [0.5, 1e-06, 0.1], "k_pid_hsp": [0.0001, 0.0, 0.0], "k_pid_vsp": [151.65586375106525, 54.10258744156573, 3.3424332183606063]}, "datetime": {"datetime": "2025-08-11 21:54:57", "elapsed": 19776.908556222916, "delta": 30.38457465171814}, "costs": {"total_cost": 1224.192777501491, "time_cost": 150, "final_distance_cost": 46.00981754747918, "oscillation_cost": 0.004361817837841879, "completition_cost": 888.8888888888888, "overshoot_cost": 85.14831198999335, "power_cost": 21.030479626464846, "noise_cost": 33.110917630827025, "n_waypoints_completed": 1, "tot_waypoints": 9}}
{"target": -183.52157201534698, "params": {"k_pid_pos": [0.7163386557378745, 0.002295734294692137, 0.010375345083852211], "k_pid_alt": [1.5843441795806337, 0.0, 0.16668534834040782], "k_pid_att": [31.72933181469235, 2.2737759853332444, 0.19529865758420703], "k_pid_yaw": [0.5, 1e-06, 0.1], "k_pid_hsp": [0.1403683092506962, 0.0, 0.0], "k_pid_vsp": [147.76394514624616, 69.87288513376768, 3.087332603013184]}, "datetime": {"datetime": "2025-08-11 21:55:16", "elapsed": 19795.975873231888, "delta": 19.067317008972168}, "costs": {"total_cost": 183.52157201534698, "time_cost": 70.63, "final_distance_cost": 1.8336373909462613, "oscillation_cost": 24.627117916172732, "completition_cost": 0.0, "overshoot_cost": 50.99305665128309, "power_cost": 14.204744006347656, "noise_cost": 21.233016050597236, "n_waypoints_completed": 9, "tot_waypoints": 9}}
{"target": -183.48156050011255, "params": {"k_pid_pos": [0.5172152482418597, 0.0, 0.0], "k_pid_alt": [1.750248543205968, 0.0, 0.08188561697942555], "k_pid_att": [18.513483062075768, 2.1647934765407997, 0.18201220916302074], "k_pid_yaw": [0.5, 1e-06, 0.1], "k_pid_hsp": [0.09760424486387922, 0.0, 0.0], "k_pid_vsp": [161.9486393337802, 55.071185522737586, 3.932520903608149]}, "datetime": {"datetime": "2025-08-11 21:55:35", "elapsed": 19815.33703804016, "delta": 19.361164808273315}, "costs": {"total_cost": 183.48156050011255, "time_cost": 73.038, "final_distance_cost": 1.828489344095284, "oscillation_cost": 19.72254496192554, "completition_cost": 0.0, "overshoot_cost": 52.41819230616888, "power_cost": 14.234248059082033, "noise_cost": 22.240085828840833, "n_waypoints_completed": 9, "tot_waypoints": 9}}
{"target": -203.99757882944738, "params": {"k_pid_pos": [0.5234785080089045, 0.0, 0.0], "k_pid_alt": [1.6566552221508515, 0.0, 0.13450244689161955], "k_pid_att": [24.598089935147687, 2.621705224137554, 0.1867071857045882], "k_pid_yaw": [0.5, 1e-06, 0.1], "k_pid_hsp": [0.04535093524141803, 0.0, 0.0], "k_pid_vsp": [168.49805043416868, 58.02696465925542, 1.6948376311696307]}, "datetime": {"datetime": "2025-08-11 21:55:58", "elapsed": 19837.639595270157, "delta": 22.302557229995728}, "costs": {"total_cost": 203.99757882944738, "time_cost": 87.367, "final_distance_cost": 1.7815169667877366, "oscillation_cost": 14.26899058764981, "completition_cost": 0.0, "overshoot_cost": 57.60618777010039, "power_cost": 16.282878186035155, "noise_cost": 26.691005318874293, "n_waypoints_completed": 9, "tot_waypoints": 9}}
{"target": -183.27647083983996, "params": {"k_pid_pos": [0.5349571819243196, 0.0, 0.0], "k_pid_alt": [1.6608958638747502, 0.0, 0.09158485317074261], "k_pid_att": [24.794709966189327, 2.3056549302985774, 0.14874560777337265], "k_pid_yaw": [0.5, 1e-06, 0.1], "k_pid_hsp": [0.07937124677484944, 0.0, 0.0], "k_pid_vsp": [144.2025300713439, 50.65636200892579, 2.5950842858131873]}, "datetime": {"datetime": "2025-08-11 21:56:17", "elapsed": 19856.580125570297, "delta": 18.94053030014038}, "costs": {"total_cost": 183.27647083983996, "time_cost": 73.675, "final_distance_cost": 1.8087350308320052, "oscillation_cost": 18.50347632903028, "completition_cost": 0.0, "overshoot_cost": 52.650755929116734, "power_cost": 14.214250231933594, "noise_cost": 22.424253318927363, "n_waypoints_completed": 9, "tot_waypoints": 9}}
{"target": -189.7913726776764, "params": {"k_pid_pos": [0.5873991470166577, 0.0017096213349363718, 0.0], "k_pid_alt": [1.5913061277845642, 0.0, 0.20056893921260707], "k_pid_att": [18.107088744529126, 2.6522757954329417, 0.15870928216552946], "k_pid_yaw": [0.5, 1e-06, 0.1], "k_pid_hsp": [0.21441878957647925, 0.0, 0.0], "k_pid_vsp": [202.3890542633065, 53.24902083068795, 0.6490038729356864]}, "datetime": {"datetime": "2025-08-11 21:56:36", "elapsed": 19875.834794282913, "delta": 19.254668712615967}, "costs": {"total_cost": 189.7913726776764, "time_cost": 73.864, "final_distance_cost": 1.84731541996006, "oscillation_cost": 25.37090887585014, "completition_cost": 0.0, "overshoot_cost": 51.285546700973896, "power_cost": 14.669330310058594, "noise_cost": 22.75427137083371, "n_waypoints_completed": 9, "tot_waypoints": 9}}
{"target": -209.71478835278197, "params": {"k_pid_pos": [0.2712458844025345, 0.0, 0.0], "k_pid_alt": [1.623809877053893, 0.0, 0.1093626107030509], "k_pid_att": [25.351939029647024, 2.004324312349029, 0.21385429071005213], "k_pid_yaw": [0.5, 1e-06, 0.1], "k_pid_hsp": [0.10191847471363384, 0.0, 0.0], "k_pid_vsp": [142.33608778028045, 53.52269588041761, 2.7645900011866753]}, "datetime": {"datetime": "2025-08-11 21:56:59", "elapsed": 19899.06011199951, "delta": 23.22531771659851}, "costs": {"total_cost": 209.71478835278197, "time_cost": 91.42, "final_distance_cost": 1.8598528216742007, "oscillation_cost": 14.469446330665424, "completition_cost": 0.0, "overshoot_cost": 54.868317778174735, "power_cost": 17.11072342529297, "noise_cost": 29.986447996974633, "n_waypoints_completed": 9, "tot_waypoints": 9}}
{"target": -182.56255356661504, "params": {"k_pid_pos": [0.5528573179469032, 0.0, 0.0], "k_pid_alt": [1.5882125768449495, 0.0, 0.1391080276721211], "k_pid_att": [26.24776962153986, 2.3206897978856325, 0.2016339850490906], "k_pid_yaw": [0.5, 1e-06, 0.1], "k_pid_hsp": [0.09964734651962723, 0.0, 0.0], "k_pid_vsp": [144.5369850299242, 53.923306628382264, 2.721623762794823]}, "datetime": {"datetime": "2025-08-11 21:57:18", "elapsed": 19918.356169700623, "delta": 19.29605770111084}, "costs": {"total_cost": 182.56255356661504, "time_cost": 72.569, "final_distance_cost": 1.820416795882404, "oscillation_cost": 20.349604962186614, "completition_cost": 0.0, "overshoot_cost": 51.73560779774924, "power_cost": 14.169472387695313, "noise_cost": 21.91845162310144, "n_waypoints_completed": 9, "tot_waypoints": 9}}
{"target": -184.49713110570536, "params": {"k_pid_pos": [0.6436163749352621, 0.0, 0.0], "k_pid_alt": [1.6423608799853875, 0.0, 0.39602292566457586], "k_pid_att": [33.111197766180275, 2.277268499058137, 0.18551584115419079], "k_pid_yaw": [0.5, 1e-06, 0.1], "k_pid_hsp": [0.13828956234074086, 0.0, 0.0], "k_pid_vsp": [148.23381112062293, 55.90709255676541, 0.09089786337400504]}, "datetime": {"datetime": "2025-08-11 21:57:37", "elapsed": 19936.400810480118, "delta": 18.04464077949524}, "costs": {"total_cost": 184.49713110570536, "time_cost": 71.68, "final_distance_cost": 1.8233607249044832, "oscillation_cost": 24.21263759690547, "completition_cost": 0.0, "overshoot_cost": 50.957433547877436, "power_cost": 14.275202136230469, "noise_cost": 21.548497099787514, "n_waypoints_completed": 9, "tot_waypoints": 9}}
{"target": -189.37177010882854, "params": {"k_pid_pos": [0.745094401900178, 0.006562235762667461, 0.0016305226120925205], "k_pid_alt": [1.4485401813877636, 0.0, 0.30309166006734656], "k_pid_att": [20.263512235068504, 2.256958785473742, 0.26589412981793015], "k_pid_yaw": [0.5, 1e-06, 0.1], "k_pid_hsp": [0.684323669661625, 0.001441870902616395, 0.0], "k_pid_vsp": [135.57523719809492, 56.923277316702396, 2.5826882933118553]}, "datetime": {"datetime": "2025-08-11 21:57:55", "elapsed": 19954.59692955017, "delta": 18.1961190700531}, "costs": {"total_cost": 189.37177010882854, "time_cost": 72.156, "final_distance_cost": 1.846169937464856, "oscillation_cost": 27.75055344706046, "completition_cost": 0.0, "overshoot_cost": 50.57391981846944, "power_cost": 14.816028649902345, "noise_cost": 22.229098255931422, "n_waypoints_completed": 9, "tot_waypoints": 9}}
{"target": -189.48041128013168, "params": {"k_pid_pos": [0.61898767883878, 0.0, 0.0], "k_pid_alt": [1.615500209450487, 0.0, 0.11031042670770672], "k_pid_att": [21.388580654676876, 2.208742163861974, 0.18195040258011727], "k_pid_yaw": [0.5, 1e-06, 0.1], "k_pid_hsp": [0.06338309728985904, 0.0, 0.0], "k_pid_vsp": [146.57877103130807, 61.353513767427394, 4.0969658457270475]}, "datetime": {"datetime": "2025-08-11 21:58:15", "elapsed": 19974.55951833725, "delta": 19.962588787078857}, "costs": {"total_cost": 189.48041128013168, "time_cost": 77.063, "final_distance_cost": 1.7782026228195982, "oscillation_cost": 18.59832812523817, "completition_cost": 0.0, "overshoot_cost": 53.77242383275899, "power_cost": 14.871447009277345, "noise_cost": 23.397009690037567, "n_waypoints_completed": 9, "tot_waypoints": 9}}
{"target": -182.3495672885901, "params": {"k_pid_pos": [0.5324599128451875, 0.0, 0.0], "k_pid_alt": [1.6443419342545, 0.0, 0.11187365985832379], "k_pid_att": [24.168283198916615, 2.235185797922417, 0.20452403401349464], "k_pid_yaw": [0.5, 1e-06, 0.1], "k_pid_hsp": [0.0914886062338087, 0.0, 0.0], "k_pid_vsp": [146.2588296966811, 56.26915875481318, 2.5185159326212916]}, "datetime": {"datetime": "2025-08-11 21:58:33", "elapsed": 19993.032366752625, "delta": 18.472848415374756}, "costs": {"total_cost": 182.3495672885901, "time_cost": 72.968, "final_distance_cost": 1.817151493147938, "oscillation_cost": 19.34984029924618, "completition_cost": 0.0, "overshoot_cost": 52.08385978130782, "power_cost": 14.143135961914064, "noise_cost": 21.9875797529741, "n_waypoints_completed": 9, "tot_waypoints": 9}}
{"target": -182.70217513853845, "params": {"k_pid_pos": [0.5984082672775802, 0.0, 0.0], "k_pid_alt": [1.6456642530884096, 0.0, 0.12963460364365076], "k_pid_att": [30.234888669885432, 2.179695372150433, 0.16870208962372085], "k_pid_yaw": [0.5, 1e-06, 0.1], "k_pid_hsp": [0.10533468884556599, 0.0, 0.0], "k_pid_vsp": [150.25997192582102, 53.054413324724, 2.690027770264647]}, "datetime": {"datetime": "2025-08-11 21:58:52", "elapsed": 20012.128309965134, "delta": 19.095943212509155}, "costs": {"total_cost": 182.70217513853845, "time_cost": 71.904, "final_distance_cost": 1.8328192836985915, "oscillation_cost": 21.648224124700473, "completition_cost": 0.0, "overshoot_cost": 51.556309991375066, "power_cost": 14.1237779296875, "noise_cost": 21.637043809076836, "n_waypoints_completed": 9, "tot_waypoints": 9}}
{"target": -184.0161664022431, "params": {"k_pid_pos": [0.4763905767433953, 0.0, 0.0], "k_pid_alt": [1.6440220160856138, 0.0, 0.028817322526426242], "k_pid_att": [25.15053368715496, 2.150973907902062, 0.21844712540714634], "k_pid_yaw": [0.5, 1e-06, 0.1], "k_pid_hsp": [0.09947822909491333, 0.0, 0.0], "k_pid_vsp": [122.56780431408845, 54.86859195119544, 1.8283719890679926]}, "datetime": {"datetime": "2025-08-11 21:59:11", "elapsed": 20031.187965393066, "delta": 19.05965542793274}, "costs": {"total_cost": 184.0161664022431, "time_cost": 73.794, "final_distance_cost": 1.8441031692025411, "oscillation_cost": 18.931321318184782, "completition_cost": 0.0, "overshoot_cost": 52.66898552055167, "power_cost": 14.348997875976563, "noise_cost": 22.42875851832755, "n_waypoints_completed": 9, "tot_waypoints": 9}}
{"target": -194.293333640248, "params": {"k_pid_pos": [0.5111348314218056, 0.0, 0.0], "k_pid_alt": [1.7202370003899985, 0.0, 0.08470937992501501], "k_pid_att": [26.147746354166372, 2.441919099826695, 0.19539265205971426], "k_pid_yaw": [0.5, 1e-06, 0.1], "k_pid_hsp": [0.05253683337996404, 0.0, 0.0], "k_pid_vsp": [140.1697033092613, 54.99688793041957, 0.6608804977993985]}, "datetime": {"datetime": "2025-08-11 21:59:32", "elapsed": 20051.493292808533, "delta": 20.30532741546631}, "costs": {"total_cost": 194.293333640248, "time_cost": 81.06, "final_distance_cost": 1.8100119358695907, "oscillation_cost": 15.228144944360679, "completition_cost": 0.0, "overshoot_cost": 56.108232081267424, "power_cost": 15.356110302734375, "noise_cost": 24.73083437601591, "n_waypoints_completed": 9, "tot_waypoints": 9}}
{"target": -183.3658948089056, "params": {"k_pid_pos": [0.5102845670185585, 0.0, 0.0], "k_pid_alt": [1.5935728809976046, 0.0, 0.07640389561786173], "k_pid_att": [23.6042622352986, 2.2821825402895515, 0.19498719598480962], "k_pid_yaw": [0.5, 1e-06, 0.1], "k_pid_hsp": [0.07574936607964718, 0.0, 0.0], "k_pid_vsp": [142.9226227682955, 60.29622505401941, 2.207736407386945]}, "datetime": {"datetime": "2025-08-11 21:59:51", "elapsed": 20070.390109062195, "delta": 18.89681625366211}, "costs": {"total_cost": 183.3658948089056, "time_cost": 74.319, "final_distance_cost": 1.820379266560721, "oscillation_cost": 17.70147790961251, "completition_cost": 0.0, "overshoot_cost": 52.7515857690289, "power_cost": 14.305918566894531, "noise_cost": 22.46753329680897, "n_waypoints_completed": 9, "tot_waypoints": 9}}
{"target": -233.62153408591152, "params": {"k_pid_pos": [0.8846792158472072, 0.0, 0.0], "k_pid_alt": [1.7245814386688196, 0.0, 0.0], "k_pid_att": [20.28621328625454, 5.10922084557181, 0.06401850142232611], "k_pid_yaw": [0.5, 1e-06, 0.1], "k_pid_hsp": [0.029243691959224813, 0.0, 0.0], "k_pid_vsp": [178.6709706879771, 68.81663131400117, 1.2110096939261945]}, "datetime": {"datetime": "2025-08-11 22:00:17", "elapsed": 20097.085517406464, "delta": 26.6954083442688}, "costs": {"total_cost": 233.62153408591152, "time_cost": 102.382, "final_distance_cost": 1.746256215717228, "oscillation_cost": 15.010997410771216, "completition_cost": 0.0, "overshoot_cost": 64.22442935168523, "power_cost": 19.0290939453125, "noise_cost": 31.22875716242536, "n_waypoints_completed": 9, "tot_waypoints": 9}}
{"target": -182.71266366060806, "params": {"k_pid_pos": [0.5970250642387511, 0.0, 0.0], "k_pid_alt": [1.676977385251873, 0.0, 0.13436999263364433], "k_pid_att": [26.684805149194847, 2.2212966846648556, 0.2062189533545387], "k_pid_yaw": [0.5, 1e-06, 0.1], "k_pid_hsp": [0.08890665452362902, 0.0, 0.0], "k_pid_vsp": [146.68841758112436, 53.344084716556424, 3.230650574628324]}, "datetime": {"datetime": "2025-08-11 22:00:36", "elapsed": 20116.32043361664, "delta": 19.23491621017456}, "costs": {"total_cost": 182.71266366060806, "time_cost": 72.394, "final_distance_cost": 1.8281577856418785, "oscillation_cost": 20.551491264923982, "completition_cost": 0.0, "overshoot_cost": 52.07951772103018, "power_cost": 14.067046301269531, "noise_cost": 21.792450587742486, "n_waypoints_completed": 9, "tot_waypoints": 9}}
{"target": -185.00528665826, "params": {"k_pid_pos": [0.5686812634931531, 0.0, 0.0], "k_pid_alt": [1.1477077090704704, 0.0, 0.2808116428453214], "k_pid_att": [35.70875433875658, 2.2748361574278104, 0.18878457246420044], "k_pid_yaw": [0.5, 1e-06, 0.1], "k_pid_hsp": [0.0725784705300061, 0.0, 0.0], "k_pid_vsp": [147.31001313050356, 71.79375508832166, 1e-06]}, "datetime": {"datetime": "2025-08-11 22:00:56", "elapsed": 20135.632903814316, "delta": 19.312470197677612}, "costs": {"total_cost": 185.00528665826, "time_cost": 75.32000000000001, "final_distance_cost": 1.8040302552642042, "oscillation_cost": 18.396336057854136, "completition_cost": 0.0, "overshoot_cost": 52.60937301304932, "power_cost": 14.440875720214844, "noise_cost": 22.434671611877473, "n_waypoints_completed": 9, "tot_waypoints": 9}}
{"target": -183.22016257744167, "params": {"k_pid_pos": [0.5573452552933617, 0.0, 0.0], "k_pid_alt": [1.5314137940830987, 0.0, 0.10009351589288486], "k_pid_att": [28.406930533223097, 2.4067944048318077, 0.18186994418445718], "k_pid_yaw": [0.5, 1e-06, 0.1], "k_pid_hsp": [0.08853902281945122, 0.0, 0.0], "k_pid_vsp": [127.76440864867176, 56.74136991682636, 1.4543473506689333]}, "datetime": {"datetime": "2025-08-11 22:01:15", "elapsed": 20155.046798229218, "delta": 19.413894414901733}, "costs": {"total_cost": 183.22016257744167, "time_cost": 72.807, "final_distance_cost": 1.8266517225588788, "oscillation_cost": 19.709090192409626, "completition_cost": 0.0, "overshoot_cost": 52.62749718721901, "power_cost": 14.224192504882813, "noise_cost": 22.025730970371356, "n_waypoints_completed": 9, "tot_waypoints": 9}}
{"target": -182.84209910553662, "params": {"k_pid_pos": [0.5338164879457148, 0.0, 0.0], "k_pid_alt": [1.6396215579843456, 0.0, 0.10931203482036894], "k_pid_att": [24.488283346436052, 2.0544157887675905, 0.1949252488936159], "k_pid_yaw": [0.5, 1e-06, 0.1], "k_pid_hsp": [0.08615360127089744, 0.0, 0.0], "k_pid_vsp": [143.05725345907192, 52.95212809944524, 2.5016747002721793]}, "datetime": {"datetime": "2025-08-11 22:01:34", "elapsed": 20174.0157725811, "delta": 18.968974351882935}, "costs": {"total_cost": 182.84209910553662, "time_cost": 73.206, "final_distance_cost": 1.8241588552278163, "oscillation_cost": 18.885149347218267, "completition_cost": 0.0, "overshoot_cost": 52.56288789643004, "power_cost": 14.183049389648438, "noise_cost": 22.180853617012048, "n_waypoints_completed": 9, "tot_waypoints": 9}}
