{"target": -182.23465325593224, "params": {"k_pid_pos": [0.5259423234167517, 0.0, 0.0], "k_pid_alt": [1.5776930242786475, 0.0, 0.13632540233790463], "k_pid_att": [24.898342059475368, 1.9981026121621817, 0.3914541105622064], "k_pid_yaw": [0.5, 1e-06, 0.1], "k_pid_hsp": [0.08472419731548139, 0.0, 0.0], "k_pid_vsp": [128.12992909026144, 111.20640107070574, 3.176323496731386]}, "datetime": {"datetime": "2025-08-11 23:19:00", "elapsed": 24819.753785848618, "delta": 19.055383920669556}, "costs": {"total_cost": 182.23465325593224, "time_cost": 73.311, "final_distance_cost": 1.8341636601058813, "oscillation_cost": 18.810137406974516, "completition_cost": 0.0, "overshoot_cost": 52.1086355206959, "power_cost": 14.192368591308595, "noise_cost": 21.978348076847336, "n_waypoints_completed": 9, "tot_waypoints": 9}}
{"target": -188.14589109710195, "params": {"k_pid_pos": [0.359749036880825, 0.0, 0.0], "k_pid_alt": [1.616198078603149, 0.0, 0.130288244499002], "k_pid_att": [28.151297716241885, 2.055623802328125, 0.23602593746163392], "k_pid_yaw": [0.5, 1e-06, 0.1], "k_pid_hsp": [0.09090407604824313, 0.0, 0.0], "k_pid_vsp": [124.06816995988163, 127.41037070161973, 0.749030301875885]}, "datetime": {"datetime": "2025-08-11 23:19:19", "elapsed": 24839.273260593414, "delta": 19.519474744796753}, "costs": {"total_cost": 188.14589109710195, "time_cost": 78.295, "final_distance_cost": 1.8411618377550405, "oscillation_cost": 15.749189673966308, "completition_cost": 0.0, "overshoot_cost": 52.950034667744596, "power_cost": 15.010604272460938, "noise_cost": 24.299900645175068, "n_waypoints_completed": 9, "tot_waypoints": 9}}
{"target": -183.0916927486855, "params": {"k_pid_pos": [0.5521714294159168, 0.0, 0.0], "k_pid_alt": [1.4831181713671135, 0.0, 0.17211455039711412], "k_pid_att": [26.064736506711714, 2.224971810715253, 0.19531821531859542], "k_pid_yaw": [0.5, 1e-06, 0.1], "k_pid_hsp": [0.11543474677458558, 0.0, 0.0], "k_pid_vsp": [109.96476398901535, 100.50421379961985, 1.821143557226725]}, "datetime": {"datetime": "2025-08-11 23:19:39", "elapsed": 24858.505744695663, "delta": 19.232484102249146}, "costs": {"total_cost": 183.0916927486855, "time_cost": 72.422, "final_distance_cost": 1.8336259393628305, "oscillation_cost": 21.406206307692994, "completition_cost": 0.0, "overshoot_cost": 51.38621302421581, "power_cost": 14.278359509277344, "noise_cost": 21.765287968136516, "n_waypoints_completed": 9, "tot_waypoints": 9}}
{"target": -183.22059556617148, "params": {"k_pid_pos": [0.5482112985772893, 0.0, 0.0], "k_pid_alt": [1.579638462186487, 0.0, 0.12453636653885894], "k_pid_att": [25.383814611414167, 2.294723618778183, 0.2720759665224933], "k_pid_yaw": [0.5, 1e-06, 0.1], "k_pid_hsp": [0.113664867566881, 0.0, 0.0], "k_pid_vsp": [152.31093103173345, 89.8509584060366, 1.3960576946788084]}, "datetime": {"datetime": "2025-08-11 23:19:57", "elapsed": 24876.988346099854, "delta": 18.482601404190063}, "costs": {"total_cost": 183.22059556617148, "time_cost": 72.394, "final_distance_cost": 1.8232919485950887, "oscillation_cost": 21.15745540311079, "completition_cost": 0.0, "overshoot_cost": 51.703638334675674, "power_cost": 14.271000537109376, "noise_cost": 21.87120934268053, "n_waypoints_completed": 9, "tot_waypoints": 9}}
{"target": -182.92222521375422, "params": {"k_pid_pos": [0.4760092308477756, 0.0, 0.0], "k_pid_alt": [1.3137939194710013, 0.0, 0.04020120693080739], "k_pid_att": [34.832258531467645, 1.8691116604171814, 0.21000656978718843], "k_pid_yaw": [0.5, 1e-06, 0.1], "k_pid_hsp": [0.08936516001096048, 0.0, 0.0], "k_pid_vsp": [126.01081776675643, 99.73709622398921, 1.5760169607905086]}, "datetime": {"datetime": "2025-08-11 23:20:15", "elapsed": 24895.243901014328, "delta": 18.255554914474487}, "costs": {"total_cost": 182.92222521375422, "time_cost": 74.081, "final_distance_cost": 1.8353230491855403, "oscillation_cost": 18.134604862787402, "completition_cost": 0.0, "overshoot_cost": 52.09828810040812, "power_cost": 14.347280529785158, "noise_cost": 22.42572867158798, "n_waypoints_completed": 9, "tot_waypoints": 9}}
{"target": -182.3590883120549, "params": {"k_pid_pos": [0.5394524334340298, 0.0, 0.0], "k_pid_alt": [1.5946997651377086, 0.0, 0.13291484523791125], "k_pid_att": [26.74466244429926, 2.308519123994178, 0.27415577644775885], "k_pid_yaw": [0.5, 1e-06, 0.1], "k_pid_hsp": [0.10121591363126074, 0.0, 0.0], "k_pid_vsp": [123.58271648675402, 106.64199860154773, 1.4233851572216032]}, "datetime": {"datetime": "2025-08-11 23:20:34", "elapsed": 24913.95884013176, "delta": 18.71493911743164}, "costs": {"total_cost": 182.3590883120549, "time_cost": 72.527, "final_distance_cost": 1.828214392579574, "oscillation_cost": 20.179846281452683, "completition_cost": 0.0, "overshoot_cost": 51.8277465001093, "power_cost": 14.157700842285157, "noise_cost": 21.8385802956282, "n_waypoints_completed": 9, "tot_waypoints": 9}}
{"target": -182.96527676220146, "params": {"k_pid_pos": [0.49623737912925503, 0.0, 0.0], "k_pid_alt": [1.5513785778070344, 0.0, 0.2185448691223688], "k_pid_att": [29.386175392787322, 2.260618127199914, 0.4449215288170654], "k_pid_yaw": [0.5, 1e-06, 0.1], "k_pid_hsp": [0.09972071945543083, 0.0, 0.0], "k_pid_vsp": [159.70018480015253, 79.57046614148408, 1.430698290493806]}, "datetime": {"datetime": "2025-08-11 23:20:52", "elapsed": 24932.148748874664, "delta": 18.189908742904663}, "costs": {"total_cost": 182.96527676220146, "time_cost": 73.577, "final_distance_cost": 1.823846845087805, "oscillation_cost": 19.198898227747527, "completition_cost": 0.0, "overshoot_cost": 51.837381801129496, "power_cost": 14.267482556152345, "noise_cost": 22.260667332084303, "n_waypoints_completed": 9, "tot_waypoints": 9}}
{"target": -182.34530168295558, "params": {"k_pid_pos": [0.514093284449316, 0.0, 0.0], "k_pid_alt": [1.5794040851531248, 0.0, 0.1807477922571637], "k_pid_att": [23.846403736614803, 2.3503705500889858, 0.2947193755747669], "k_pid_yaw": [0.5, 1e-06, 0.1], "k_pid_hsp": [0.08531850777252477, 0.0, 0.0], "k_pid_vsp": [120.2331261123678, 137.0719196475942, 0.9962973910076947]}, "datetime": {"datetime": "2025-08-11 23:21:12", "elapsed": 24951.409484624863, "delta": 19.260735750198364}, "costs": {"total_cost": 182.34530168295558, "time_cost": 73.486, "final_distance_cost": 1.8355892902309316, "oscillation_cost": 18.524422841908205, "completition_cost": 0.0, "overshoot_cost": 52.31610745916052, "power_cost": 14.192916259765626, "noise_cost": 21.99026583189029, "n_waypoints_completed": 9, "tot_waypoints": 9}}
{"target": -184.3372482065039, "params": {"k_pid_pos": [0.5953398568930919, 0.0, 0.0008259610743973135], "k_pid_alt": [1.6026155016467256, 0.0, 0.11609765131730886], "k_pid_att": [27.111735351732523, 2.2836897535407257, 0.29628996748332515], "k_pid_yaw": [0.5, 1e-06, 0.1], "k_pid_hsp": [0.07350671778801203, 0.0, 0.0], "k_pid_vsp": [120.24807320507216, 102.97326747189737, 5.135176731005544]}, "datetime": {"datetime": "2025-08-11 23:21:30", "elapsed": 24970.206666469574, "delta": 18.797181844711304}, "costs": {"total_cost": 184.3372482065039, "time_cost": 73.752, "final_distance_cost": 1.8026690790713837, "oscillation_cost": 19.16356509958596, "completition_cost": 0.0, "overshoot_cost": 52.99981661925549, "power_cost": 14.376671520996094, "noise_cost": 22.242525887594994, "n_waypoints_completed": 9, "tot_waypoints": 9}}
{"target": -185.43596790265624, "params": {"k_pid_pos": [0.9928486835818161, 0.0023514790744186323, 0.0], "k_pid_alt": [1.666597974055177, 0.0, 0.1920112514063202], "k_pid_att": [32.59779677787586, 2.2440511997071, 0.27813116336966953], "k_pid_yaw": [0.5, 1e-06, 0.1], "k_pid_hsp": [0.08978912685086446, 0.0, 0.0], "k_pid_vsp": [119.95352729618534, 159.63725866109723, 0.9199260335748773]}, "datetime": {"datetime": "2025-08-11 23:21:48", "elapsed": 24987.42982673645, "delta": 17.22316026687622}, "costs": {"total_cost": 185.43596790265624, "time_cost": 70.525, "final_distance_cost": 1.7826684783298943, "oscillation_cost": 26.588507945640924, "completition_cost": 0.0, "overshoot_cost": 51.26978850658287, "power_cost": 14.27004617919922, "noise_cost": 20.999956792903326, "n_waypoints_completed": 9, "tot_waypoints": 9}}
{"target": -182.66534555964552, "params": {"k_pid_pos": [0.6542461355482385, 0.0, 0.0], "k_pid_alt": [1.5815574724055208, 0.0, 0.18784152795462367], "k_pid_att": [29.516668711584487, 2.1209309718659695, 0.22926473213991597], "k_pid_yaw": [0.5, 1e-06, 0.1], "k_pid_hsp": [0.09439153248898204, 0.0, 0.0], "k_pid_vsp": [99.61839341188349, 107.62648557338024, 1.1432426683660697]}, "datetime": {"datetime": "2025-08-11 23:22:06", "elapsed": 25005.441820383072, "delta": 18.011993646621704}, "costs": {"total_cost": 182.66534555964552, "time_cost": 71.575, "final_distance_cost": 1.8116688169963724, "oscillation_cost": 22.365405566743213, "completition_cost": 0.0, "overshoot_cost": 51.26415914617551, "power_cost": 14.162479724121095, "noise_cost": 21.486632305609344, "n_waypoints_completed": 9, "tot_waypoints": 9}}
{"target": -183.3395058159883, "params": {"k_pid_pos": [0.539292956274913, 0.0, 0.0], "k_pid_alt": [1.5702678578316274, 0.0, 0.09972897035383023], "k_pid_att": [26.44691546816286, 2.494015451022119, 0.29252210549746316], "k_pid_yaw": [0.5, 1e-06, 0.1], "k_pid_hsp": [0.07658981870873696, 0.0, 0.0], "k_pid_vsp": [111.76895050896148, 118.04535582841542, 0.2114926072668456]}, "datetime": {"datetime": "2025-08-11 23:22:24", "elapsed": 25023.794122457504, "delta": 18.352302074432373}, "costs": {"total_cost": 183.3395058159883, "time_cost": 73.808, "final_distance_cost": 1.8247954110818716, "oscillation_cost": 18.31330493935473, "completition_cost": 0.0, "overshoot_cost": 52.907959651139265, "power_cost": 14.341871716308594, "noise_cost": 22.143574098103834, "n_waypoints_completed": 9, "tot_waypoints": 9}}
{"target": -182.54233711022124, "params": {"k_pid_pos": [0.5251768583859286, 0.0, 0.0], "k_pid_alt": [1.5803536773525606, 0.0, 0.11950809345326126], "k_pid_att": [25.038297334212622, 2.056446404499729, 0.27434622615053594], "k_pid_yaw": [0.5, 1e-06, 0.1], "k_pid_hsp": [0.09923566180220844, 0.0, 0.0], "k_pid_vsp": [114.67349468428216, 147.06490195354812, 1.6025008742598754]}, "datetime": {"datetime": "2025-08-11 23:22:43", "elapsed": 25042.65589284897, "delta": 18.861770391464233}, "costs": {"total_cost": 182.54233711022124, "time_cost": 72.758, "final_distance_cost": 1.8243657630753407, "oscillation_cost": 19.903585366893708, "completition_cost": 0.0, "overshoot_cost": 52.01152382671554, "power_cost": 14.199747436523438, "noise_cost": 21.84511471701323, "n_waypoints_completed": 9, "tot_waypoints": 9}}
{"target": -182.7562163844678, "params": {"k_pid_pos": [0.5111441643601282, 0.0, 0.0], "k_pid_alt": [1.5994048533073257, 0.0, 0.17440348819606952], "k_pid_att": [31.285487746825197, 2.411604222695014, 0.28550811690848055], "k_pid_yaw": [0.5, 1e-06, 0.1], "k_pid_hsp": [0.09550757730966397, 0.0, 0.0], "k_pid_vsp": [129.95975139149195, 65.30073809955138, 1.1752475493632342]}, "datetime": {"datetime": "2025-08-11 23:23:01", "elapsed": 25061.22064805031, "delta": 18.56475520133972}, "costs": {"total_cost": 182.7562163844678, "time_cost": 73.21300000000001, "final_distance_cost": 1.8407847363052063, "oscillation_cost": 19.21418947526985, "completition_cost": 0.0, "overshoot_cost": 52.022774170214454, "power_cost": 14.30240164794922, "noise_cost": 22.16306635472906, "n_waypoints_completed": 9, "tot_waypoints": 9}}
{"target": -182.56168425719346, "params": {"k_pid_pos": [0.5567313983014889, 0.0, 0.0], "k_pid_alt": [1.6421047089781047, 0.0, 0.1285875463536802], "k_pid_att": [26.559960002384127, 1.98762892780113, 0.24004988960954837], "k_pid_yaw": [0.5, 1e-06, 0.1], "k_pid_hsp": [0.09813219881299971, 0.0, 0.0], "k_pid_vsp": [129.67498955750895, 125.57061811555752, 1.5877042492025415]}, "datetime": {"datetime": "2025-08-11 23:23:19", "elapsed": 25078.983993768692, "delta": 17.76334571838379}, "costs": {"total_cost": 182.56168425719346, "time_cost": 72.275, "final_distance_cost": 1.8277842278493435, "oscillation_cost": 20.427169442853728, "completition_cost": 0.0, "overshoot_cost": 52.032775856573544, "power_cost": 14.185981774902345, "noise_cost": 21.81297295501451, "n_waypoints_completed": 9, "tot_waypoints": 9}}
{"target": -182.51800889361056, "params": {"k_pid_pos": [0.5299760636771568, 0.0, 0.0], "k_pid_alt": [1.6204524656144688, 0.0, 0.10423403065833359], "k_pid_att": [22.9602078419419, 2.3379691895855705, 0.2703315395286987], "k_pid_yaw": [0.5, 1e-06, 0.1], "k_pid_hsp": [0.10507289740897574, 0.0, 0.0], "k_pid_vsp": [135.96498973757122, 113.30865521868104, 2.4120236071895667]}, "datetime": {"datetime": "2025-08-11 23:23:37", "elapsed": 25096.954622030258, "delta": 17.970628261566162}, "costs": {"total_cost": 182.51800889361056, "time_cost": 72.59700000000001, "final_distance_cost": 1.8336059236335729, "oscillation_cost": 20.441553266844373, "completition_cost": 0.0, "overshoot_cost": 51.49215871166023, "power_cost": 14.27363494873047, "noise_cost": 21.8800560427419, "n_waypoints_completed": 9, "tot_waypoints": 9}}
{"target": -183.9573772710742, "params": {"k_pid_pos": [0.6109535277055715, 0.0, 0.0], "k_pid_alt": [1.5602846977590348, 0.0, 0.1413744951249527], "k_pid_att": [26.216067833726523, 2.200566806080876, 0.301944833194809], "k_pid_yaw": [0.5, 1e-06, 0.1], "k_pid_hsp": [0.1401555146890713, 0.0, 0.0], "k_pid_vsp": [123.21267557339166, 71.17241064566859, 1.5805953723433201]}, "datetime": {"datetime": "2025-08-11 23:23:56", "elapsed": 25115.89866399765, "delta": 18.944041967391968}, "costs": {"total_cost": 183.9573772710742, "time_cost": 71.708, "final_distance_cost": 1.8335444058758128, "oscillation_cost": 23.545377102618943, "completition_cost": 0.0, "overshoot_cost": 51.05210416637986, "power_cost": 14.1999884765625, "noise_cost": 21.618363119637053, "n_waypoints_completed": 9, "tot_waypoints": 9}}
{"target": -191.01249391346525, "params": {"k_pid_pos": [0.47312998311079674, 0.005920281669736762, 8.531823069325169e-06], "k_pid_alt": [1.5775403655332705, 0.0, 0.14013475762150315], "k_pid_att": [24.02583509437917, 2.2724413028725605, 0.3822386457464584], "k_pid_yaw": [0.5, 1e-06, 0.1], "k_pid_hsp": [0.1801817639786386, 0.0035269723088910327, 0.0], "k_pid_vsp": [128.47008701275453, 127.27727745605094, 2.1001576583568795]}, "datetime": {"datetime": "2025-08-11 23:24:15", "elapsed": 25134.650646686554, "delta": 18.75198268890381}, "costs": {"total_cost": 191.01249391346525, "time_cost": 75.999, "final_distance_cost": 1.8482089611923953, "oscillation_cost": 23.398611287160293, "completition_cost": 0.0, "overshoot_cost": 51.28518149231591, "power_cost": 14.974225170898439, "noise_cost": 23.507267001898224, "n_waypoints_completed": 9, "tot_waypoints": 9}}
{"target": -182.36287402149225, "params": {"k_pid_pos": [0.5090030820844831, 0.0, 0.0], "k_pid_alt": [1.586718258300028, 0.0, 0.11610301897839956], "k_pid_att": [24.763276296395613, 2.1747318744698507, 0.25162416080494787], "k_pid_yaw": [0.5, 1e-06, 0.1], "k_pid_hsp": [0.08821282746593635, 0.0, 0.0], "k_pid_vsp": [118.77895546234058, 140.07965150535458, 0.839937971845469]}, "datetime": {"datetime": "2025-08-11 23:24:33", "elapsed": 25153.04587340355, "delta": 18.39522671699524}, "costs": {"total_cost": 182.36287402149225, "time_cost": 73.311, "final_distance_cost": 1.8379470072051243, "oscillation_cost": 18.91567608388906, "completition_cost": 0.0, "overshoot_cost": 52.0794491707039, "power_cost": 14.24097158203125, "noise_cost": 21.977830177662895, "n_waypoints_completed": 9, "tot_waypoints": 9}}
{"target": -182.7770714711569, "params": {"k_pid_pos": [0.5328437798262938, 0.0, 0.0], "k_pid_alt": [1.624436769113253, 0.0, 0.13898815121645433], "k_pid_att": [25.112179622255457, 2.2021099848278527, 0.23734464373484582], "k_pid_yaw": [0.5, 1e-06, 0.1], "k_pid_hsp": [0.09545794350259568, 0.0, 0.0], "k_pid_vsp": [121.08610735620884, 131.4992617294425, 1.076638237698057]}, "datetime": {"datetime": "2025-08-11 23:24:51", "elapsed": 25171.278493642807, "delta": 18.232620239257812}, "costs": {"total_cost": 182.7770714711569, "time_cost": 72.69500000000001, "final_distance_cost": 1.836562466504129, "oscillation_cost": 20.00476534205649, "completition_cost": 0.0, "overshoot_cost": 52.08291380438487, "power_cost": 14.263838781738283, "noise_cost": 21.89399107647311, "n_waypoints_completed": 9, "tot_waypoints": 9}}
{"target": -183.1380999602051, "params": {"k_pid_pos": [0.4958717787034678, 0.0, 0.0], "k_pid_alt": [1.5605657781632214, 0.0, 0.11762923905601853], "k_pid_att": [24.35060443067274, 2.1595288130375483, 0.3425771330936628], "k_pid_yaw": [0.5, 1e-06, 0.1], "k_pid_hsp": [0.08942710777432289, 0.0, 0.0], "k_pid_vsp": [107.11445027880066, 87.55505103860548, 0.5319289579440946]}, "datetime": {"datetime": "2025-08-11 23:25:10", "elapsed": 25189.929718732834, "delta": 18.651225090026855}, "costs": {"total_cost": 183.1380999602051, "time_cost": 73.528, "final_distance_cost": 1.835575008015811, "oscillation_cost": 18.62724983627403, "completition_cost": 0.0, "overshoot_cost": 52.62055297350893, "power_cost": 14.28073857421875, "noise_cost": 22.245983568187558, "n_waypoints_completed": 9, "tot_waypoints": 9}}
{"target": -182.37074332257183, "params": {"k_pid_pos": [0.5310353273467251, 0.0, 0.0], "k_pid_alt": [1.6153289159382345, 0.0, 0.11408145075615372], "k_pid_att": [27.54101642571091, 2.174196165581241, 0.3177965905928899], "k_pid_yaw": [0.5, 1e-06, 0.1], "k_pid_hsp": [0.09192648976304184, 0.0, 0.0], "k_pid_vsp": [111.2136366087283, 91.45225779596097, 1.8407881056266373]}, "datetime": {"datetime": "2025-08-11 23:25:28", "elapsed": 25207.986132144928, "delta": 18.056413412094116}, "costs": {"total_cost": 182.37074332257183, "time_cost": 72.83500000000001, "final_distance_cost": 1.8200517376675454, "oscillation_cost": 19.514533337401833, "completition_cost": 0.0, "overshoot_cost": 52.02289728229918, "power_cost": 14.171918688964844, "noise_cost": 22.006342276238417, "n_waypoints_completed": 9, "tot_waypoints": 9}}
{"target": -183.3735478799822, "params": {"k_pid_pos": [0.5657964132767059, 0.0, 0.0], "k_pid_alt": [1.6483200811041414, 0.0, 0.11896225587591772], "k_pid_att": [24.795334055811395, 2.1298680980883735, 0.28803905652569245], "k_pid_yaw": [0.5, 1e-06, 0.1], "k_pid_hsp": [0.12283981672796884, 0.0, 0.0], "k_pid_vsp": [118.9969960199282, 122.40429398000988, 1.7306455711269506]}, "datetime": {"datetime": "2025-08-11 23:25:46", "elapsed": 25225.81889271736, "delta": 17.83276057243347}, "costs": {"total_cost": 183.3735478799822, "time_cost": 72.044, "final_distance_cost": 1.8349900780794612, "oscillation_cost": 22.50499168734315, "completition_cost": 0.0, "overshoot_cost": 51.059929281778835, "power_cost": 14.228037268066407, "noise_cost": 21.701599564714364, "n_waypoints_completed": 9, "tot_waypoints": 9}}
{"target": -185.07404460025015, "params": {"k_pid_pos": [0.532193412483742, 0.0, 0.0], "k_pid_alt": [1.5888672894899447, 0.0, 0.1040025904318381], "k_pid_att": [22.89762585247958, 2.3126186421545323, 0.2846905811905884], "k_pid_yaw": [0.5, 1e-06, 0.1], "k_pid_hsp": [0.06732608372424514, 0.0, 0.0], "k_pid_vsp": [121.62909095548318, 119.51131952309149, 1e-06]}, "datetime": {"datetime": "2025-08-11 23:26:05", "elapsed": 25245.32387113571, "delta": 19.50497841835022}, "costs": {"total_cost": 185.07404460025015, "time_cost": 75.411, "final_distance_cost": 1.7914670299254496, "oscillation_cost": 17.287213588907072, "completition_cost": 0.0, "overshoot_cost": 53.46560750625111, "power_cost": 14.452054382324219, "noise_cost": 22.666702092842325, "n_waypoints_completed": 9, "tot_waypoints": 9}}
{"target": -183.30327293054535, "params": {"k_pid_pos": [0.5326259595650744, 0.0, 0.0], "k_pid_alt": [1.6329800446244551, 0.0, 0.1023142173223591], "k_pid_att": [18.883060416092473, 2.4578905274906004, 0.25308256339608026], "k_pid_yaw": [0.5, 1e-06, 0.1], "k_pid_hsp": [0.11331346118031176, 0.0, 0.0], "k_pid_vsp": [115.84259454953946, 103.02057318512672, 1.3183958093593429]}, "datetime": {"datetime": "2025-08-11 23:26:24", "elapsed": 25263.493830919266, "delta": 18.169959783554077}, "costs": {"total_cost": 183.30327293054535, "time_cost": 72.541, "final_distance_cost": 1.843530190504746, "oscillation_cost": 21.21916332895278, "completition_cost": 0.0, "overshoot_cost": 51.492444165499656, "power_cost": 14.268004028320313, "noise_cost": 21.939131217267853, "n_waypoints_completed": 9, "tot_waypoints": 9}}
{"target": -185.47402933671492, "params": {"k_pid_pos": [0.4245203347198284, 0.0, 0.0], "k_pid_alt": [1.5936276367771545, 0.0, 0.12682319442927306], "k_pid_att": [25.358532228618046, 2.2150884224946057, 0.2716083827615979], "k_pid_yaw": [0.5, 1e-06, 0.1], "k_pid_hsp": [0.09861047530533372, 0.0, 0.0], "k_pid_vsp": [119.25052490275743, 54.93480337078199, 1.839233092138651]}, "datetime": {"datetime": "2025-08-11 23:26:42", "elapsed": 25281.896622419357, "delta": 18.402791500091553}, "costs": {"total_cost": 185.47402933671492, "time_cost": 75.432, "final_distance_cost": 1.838296301324945, "oscillation_cost": 17.901362612638216, "completition_cost": 0.0, "overshoot_cost": 52.548986776982446, "power_cost": 14.555077551269532, "noise_cost": 23.198306094499763, "n_waypoints_completed": 9, "tot_waypoints": 9}}
