{"target": -182.39698106614475, "params": {"k_pid_pos": [0.5249043608526168, 0.0, 0.0], "k_pid_alt": [1.6580476359647185, 0.0, 0.15371576942884624], "k_pid_att": [25.83249966719115, 2.144643996044509, 0.20042607177652466], "k_pid_yaw": [0.5, 1e-06, 0.1], "k_pid_hsp": [0.09708355763999572, 0.0, 0.0], "k_pid_vsp": [128.35441443879552, 123.87872723780167, 1.156061557449747]}, "datetime": {"datetime": "2025-08-12 03:24:07", "elapsed": 39526.80624508858, "delta": 18.531890869140625}, "costs": {"total_cost": 182.39698106614475, "time_cost": 72.786, "final_distance_cost": 1.8340168008841713, "oscillation_cost": 19.77463928423314, "completition_cost": 0.0, "overshoot_cost": 51.8862891548928, "power_cost": 14.233454113769533, "noise_cost": 21.882581712365084, "n_waypoints_completed": 9, "tot_waypoints": 9}}
{"target": -182.46316481214524, "params": {"k_pid_pos": [0.5265526912911797, 0.0, 0.0], "k_pid_alt": [1.5706112835077555, 0.0, 0.12764827053367087], "k_pid_att": [25.321015683379, 2.198566807334931, 0.19052409698855147], "k_pid_yaw": [0.5, 1e-06, 0.1], "k_pid_hsp": [0.09237319492937174, 0.0, 0.0], "k_pid_vsp": [130.05687403597332, 123.56987689830778, 1e-06]}, "datetime": {"datetime": "2025-08-12 03:24:26", "elapsed": 39545.64877986908, "delta": 18.84253478050232}, "costs": {"total_cost": 182.46316481214524, "time_cost": 72.919, "final_distance_cost": 1.8225796484671308, "oscillation_cost": 19.679243356661406, "completition_cost": 0.0, "overshoot_cost": 51.95425131745465, "power_cost": 14.160492016601562, "noise_cost": 21.927598472960526, "n_waypoints_completed": 9, "tot_waypoints": 9}}
{"target": -182.11916741966863, "params": {"k_pid_pos": [0.5151801867053931, 0.0, 0.0], "k_pid_alt": [1.617133492410317, 0.0, 0.13364518996578845], "k_pid_att": [21.545568433644146, 2.342852006989703, 0.21650710158189815], "k_pid_yaw": [0.5, 1e-06, 0.1], "k_pid_hsp": [0.09306017061330857, 0.0, 0.0], "k_pid_vsp": [134.87800496928193, 126.41538280220956, 1.1180492128268649]}, "datetime": {"datetime": "2025-08-12 03:24:45", "elapsed": 39564.600809812546, "delta": 18.952029943466187}, "costs": {"total_cost": 182.11916741966863, "time_cost": 73.045, "final_distance_cost": 1.8273727304252914, "oscillation_cost": 19.314037167946, "completition_cost": 0.0, "overshoot_cost": 51.63158824303794, "power_cost": 14.222026904296875, "noise_cost": 22.079142373962494, "n_waypoints_completed": 9, "tot_waypoints": 9}}
{"target": -182.79603469463544, "params": {"k_pid_pos": [0.5066269851663722, 0.0, 0.0], "k_pid_alt": [1.625325168896626, 0.0, 0.1361618807653875], "k_pid_att": [23.2220117440181, 2.107658039245604, 0.22294958743197388], "k_pid_yaw": [0.5, 1e-06, 0.1], "k_pid_hsp": [0.09716623948776829, 0.0, 0.0], "k_pid_vsp": [134.8785042655555, 125.77513268822712, 0.9171479912670014]}, "datetime": {"datetime": "2025-08-12 03:25:03", "elapsed": 39582.66077876091, "delta": 18.059968948364258}, "costs": {"total_cost": 182.79603469463544, "time_cost": 73.108, "final_distance_cost": 1.8318821297562535, "oscillation_cost": 19.653334849003226, "completition_cost": 0.0, "overshoot_cost": 51.9485911884553, "power_cost": 14.243831262207031, "noise_cost": 22.010395265213628, "n_waypoints_completed": 9, "tot_waypoints": 9}}
{"target": -182.86844812220107, "params": {"k_pid_pos": [0.5435899133242083, 0.0, 0.0], "k_pid_alt": [1.5602690551043539, 0.0, 0.13480099535974446], "k_pid_att": [26.27916554838314, 1.9233420253199525, 0.22123144041552015], "k_pid_yaw": [0.5, 1e-06, 0.1], "k_pid_hsp": [0.08350659574463527, 0.0, 0.0], "k_pid_vsp": [128.86412898125394, 119.50557189407186, 1.9048401823244139]}, "datetime": {"datetime": "2025-08-12 03:25:23", "elapsed": 39602.98923635483, "delta": 20.328457593917847}, "costs": {"total_cost": 182.86844812220107, "time_cost": 73.164, "final_distance_cost": 1.8202563553156557, "oscillation_cost": 19.048474263644906, "completition_cost": 0.0, "overshoot_cost": 52.52126836752664, "power_cost": 14.243911206054689, "noise_cost": 22.07053792965921, "n_waypoints_completed": 9, "tot_waypoints": 9}}
{"target": -182.25746438781897, "params": {"k_pid_pos": [0.5118258808358189, 0.0, 0.0], "k_pid_alt": [1.6159467224155737, 0.0, 0.028991644199183566], "k_pid_att": [25.783245423621736, 1.2258229835992238, 0.23790632127440492], "k_pid_yaw": [0.5, 1e-06, 0.1], "k_pid_hsp": [0.09187336164174016, 0.0, 0.0], "k_pid_vsp": [130.1173567518991, 104.85695177858489, 2.1726095354433634]}, "datetime": {"datetime": "2025-08-12 03:25:41", "elapsed": 39621.21259570122, "delta": 18.22335934638977}, "costs": {"total_cost": 182.25746438781897, "time_cost": 73.059, "final_distance_cost": 1.820039334498707, "oscillation_cost": 19.14517689832057, "completition_cost": 0.0, "overshoot_cost": 51.94954329568082, "power_cost": 14.201238110351563, "noise_cost": 22.082466748967317, "n_waypoints_completed": 9, "tot_waypoints": 9}}
{"target": -182.59736501191634, "params": {"k_pid_pos": [0.525830892201521, 0.0, 0.0], "k_pid_alt": [1.5613156193812965, 0.0, 0.13981242947169178], "k_pid_att": [25.778746107148898, 2.133466985370719, 0.23043529373087532], "k_pid_yaw": [0.5, 1e-06, 0.1], "k_pid_hsp": [0.09425301457251406, 0.0, 0.0], "k_pid_vsp": [129.3054893539253, 126.32253905722885, 0.8998781891800411]}, "datetime": {"datetime": "2025-08-12 03:26:01", "elapsed": 39640.396545410156, "delta": 19.1839497089386}, "costs": {"total_cost": 182.59736501191634, "time_cost": 72.905, "final_distance_cost": 1.8353325739737123, "oscillation_cost": 19.80621685798751, "completition_cost": 0.0, "overshoot_cost": 51.928822898573046, "power_cost": 14.196077307128906, "noise_cost": 21.925915374253144, "n_waypoints_completed": 9, "tot_waypoints": 9}}
{"target": -182.5512814926509, "params": {"k_pid_pos": [0.5256427155504394, 0.0, 0.0], "k_pid_alt": [1.648598373936349, 0.0, 0.13120554812175067], "k_pid_att": [25.78005559637921, 2.1850333633476904, 0.2316048788573086], "k_pid_yaw": [0.5, 1e-06, 0.1], "k_pid_hsp": [0.08754971829479335, 0.0, 0.0], "k_pid_vsp": [127.3919686848457, 129.2182320710769, 0.5642766833320011]}, "datetime": {"datetime": "2025-08-12 03:26:20", "elapsed": 39659.818120718, "delta": 19.42157530784607}, "costs": {"total_cost": 182.5512814926509, "time_cost": 73.07300000000001, "final_distance_cost": 1.833290721873271, "oscillation_cost": 19.16477968752469, "completition_cost": 0.0, "overshoot_cost": 52.3241473647746, "power_cost": 14.206722021484376, "noise_cost": 21.949341696993947, "n_waypoints_completed": 9, "tot_waypoints": 9}}
{"target": -182.19836009423537, "params": {"k_pid_pos": [0.5272176728359543, 0.0, 0.0], "k_pid_alt": [1.614695000969039, 0.0, 0.1423378062478914], "k_pid_att": [25.307974544193737, 2.1326600521362806, 0.22362116634077278], "k_pid_yaw": [0.5, 1e-06, 0.1], "k_pid_hsp": [0.09014746233217993, 0.0, 0.0], "k_pid_vsp": [128.19244080812962, 131.56661330361814, 1.088193945396362]}, "datetime": {"datetime": "2025-08-12 03:26:40", "elapsed": 39679.93754410744, "delta": 20.119423389434814}, "costs": {"total_cost": 182.19836009423537, "time_cost": 72.968, "final_distance_cost": 1.8350769571811165, "oscillation_cost": 19.201490412904295, "completition_cost": 0.0, "overshoot_cost": 52.05469087186391, "power_cost": 14.247415380859376, "noise_cost": 21.89168647142667, "n_waypoints_completed": 9, "tot_waypoints": 9}}
{"target": -182.44065079180874, "params": {"k_pid_pos": [0.5284302410259332, 0.0, 0.0], "k_pid_alt": [1.6134234074836724, 0.0, 0.13780992128278577], "k_pid_att": [25.674155624551855, 2.000860390680274, 0.22492831812281258], "k_pid_yaw": [0.5, 1e-06, 0.1], "k_pid_hsp": [0.08955570398336014, 0.0, 0.0], "k_pid_vsp": [124.81174966616044, 121.05799917625752, 1.2998925478205634]}, "datetime": {"datetime": "2025-08-12 03:26:59", "elapsed": 39698.67197847366, "delta": 18.734434366226196}, "costs": {"total_cost": 182.44065079180874, "time_cost": 72.982, "final_distance_cost": 1.8133968015987743, "oscillation_cost": 19.155777734156178, "completition_cost": 0.0, "overshoot_cost": 52.151673407519546, "power_cost": 14.27436474609375, "noise_cost": 22.0634381024405, "n_waypoints_completed": 9, "tot_waypoints": 9}}
{"target": -182.40211741249152, "params": {"k_pid_pos": [0.5532017949936605, 0.0, 0.0], "k_pid_alt": [1.6231846750364192, 0.0, 0.13286838532011927], "k_pid_att": [26.046050115375383, 2.204575086697097, 0.24444351330620298], "k_pid_yaw": [0.5, 1e-06, 0.1], "k_pid_hsp": [0.09172701549193699, 0.0, 0.0], "k_pid_vsp": [130.5718693320602, 126.31256796351593, 1.2194399842767525]}, "datetime": {"datetime": "2025-08-12 03:27:18", "elapsed": 39717.5683426857, "delta": 18.896364212036133}, "costs": {"total_cost": 182.40211741249152, "time_cost": 72.555, "final_distance_cost": 1.815394744105689, "oscillation_cost": 19.814479372367064, "completition_cost": 0.0, "overshoot_cost": 52.20536467468452, "power_cost": 14.228902587890627, "noise_cost": 21.78297603344363, "n_waypoints_completed": 9, "tot_waypoints": 9}}
{"target": -182.72852089830903, "params": {"k_pid_pos": [0.5080550378488332, 0.0, 0.0], "k_pid_alt": [1.6120025131451672, 0.0, 0.13839655379078092], "k_pid_att": [25.24086485131543, 2.2436845299994608, 0.23488947093488055], "k_pid_yaw": [0.5, 1e-06, 0.1], "k_pid_hsp": [0.09589678105289978, 0.0, 0.0], "k_pid_vsp": [129.12226334357223, 120.32956038118904, 1.0401942247492435]}, "datetime": {"datetime": "2025-08-12 03:27:36", "elapsed": 39735.37578988075, "delta": 17.8074471950531}, "costs": {"total_cost": 182.72852089830903, "time_cost": 73.122, "final_distance_cost": 1.8260159349775447, "oscillation_cost": 19.553238290009986, "completition_cost": 0.0, "overshoot_cost": 52.01042405651845, "power_cost": 14.240176782226563, "noise_cost": 21.976665834576476, "n_waypoints_completed": 9, "tot_waypoints": 9}}
{"target": -182.52623587701726, "params": {"k_pid_pos": [0.5600255454031685, 0.0, 5.315101227211429e-05], "k_pid_alt": [1.5816298259470554, 0.0, 0.13834712472346733], "k_pid_att": [21.775570515187134, 2.104737305762505, 0.21418614456101528], "k_pid_yaw": [0.5, 1e-06, 0.1], "k_pid_hsp": [0.10127233852187215, 0.0, 0.0], "k_pid_vsp": [128.4628280618276, 159.94409557540294, 1.0525565421421377]}, "datetime": {"datetime": "2025-08-12 03:27:56", "elapsed": 39756.18434906006, "delta": 20.80855917930603}, "costs": {"total_cost": 182.52623587701726, "time_cost": 72.21900000000001, "final_distance_cost": 1.8139959301545887, "oscillation_cost": 21.066644614250983, "completition_cost": 0.0, "overshoot_cost": 51.55827877863085, "power_cost": 14.224371667480469, "noise_cost": 21.643944886500364, "n_waypoints_completed": 9, "tot_waypoints": 9}}
{"target": -182.2992188288017, "params": {"k_pid_pos": [0.5428208962274729, 9.15888800118302e-05, 0.0005468113468873753], "k_pid_alt": [1.6100732623486256, 0.0, 0.05351780569742613], "k_pid_att": [26.489673369919885, 2.1925395394880676, 0.27422690807832645], "k_pid_yaw": [0.5, 1e-06, 0.1], "k_pid_hsp": [0.0893902713915504, 0.0, 0.0], "k_pid_vsp": [127.1576096561719, 97.90397149196296, 1.1110053650522118]}, "datetime": {"datetime": "2025-08-12 03:28:15", "elapsed": 39774.65292906761, "delta": 18.4685800075531}, "costs": {"total_cost": 182.2992188288017, "time_cost": 72.723, "final_distance_cost": 1.8328610316158578, "oscillation_cost": 19.537655099146594, "completition_cost": 0.0, "overshoot_cost": 52.0279703318091, "power_cost": 14.244336914062501, "noise_cost": 21.93339545216766, "n_waypoints_completed": 9, "tot_waypoints": 9}}
{"target": -182.28432563075262, "params": {"k_pid_pos": [0.5128569840774385, 0.0, 0.0], "k_pid_alt": [1.6066834079839603, 0.0, 0.13789573817489784], "k_pid_att": [14.968860643187698, 2.1374481476084495, 0.27670511989768826], "k_pid_yaw": [0.5, 1e-06, 0.1], "k_pid_hsp": [0.09079742725177702, 0.0, 0.0], "k_pid_vsp": [127.53989081783541, 136.1774442546091, 1.1673002343274481]}, "datetime": {"datetime": "2025-08-12 03:28:34", "elapsed": 39793.583966732025, "delta": 18.931037664413452}, "costs": {"total_cost": 182.28432563075262, "time_cost": 73.171, "final_distance_cost": 1.8323755488689095, "oscillation_cost": 19.07105130977839, "completition_cost": 0.0, "overshoot_cost": 51.77888897413633, "power_cost": 14.295171936035157, "noise_cost": 22.13583786193383, "n_waypoints_completed": 9, "tot_waypoints": 9}}
{"target": -182.4276355414646, "params": {"k_pid_pos": [0.5237154564054466, 0.0, 0.0], "k_pid_alt": [1.6135682745766022, 0.0, 0.12931565247329918], "k_pid_att": [26.471281708564796, 0.8203195924102186, 0.224416738757587], "k_pid_yaw": [0.5, 1e-06, 0.1], "k_pid_hsp": [0.09075504027692137, 0.0, 0.0], "k_pid_vsp": [140.25862041477166, 122.47200019006712, 1.1318830060745206]}, "datetime": {"datetime": "2025-08-12 03:28:53", "elapsed": 39812.84547781944, "delta": 19.261511087417603}, "costs": {"total_cost": 182.4276355414646, "time_cost": 72.996, "final_distance_cost": 1.8342514674409052, "oscillation_cost": 19.18843295274517, "completition_cost": 0.0, "overshoot_cost": 52.089214830741774, "power_cost": 14.238290441894533, "noise_cost": 22.081445848642222, "n_waypoints_completed": 9, "tot_waypoints": 9}}
{"target": -182.2224045648038, "params": {"k_pid_pos": [0.5274077310857117, 0.0, 0.0], "k_pid_alt": [1.6138481262922468, 0.0, 0.138846574108968], "k_pid_att": [27.181574719711907, 2.1355150271694026, 0.22651883808505768], "k_pid_yaw": [0.5, 1e-06, 0.1], "k_pid_hsp": [0.09145934802570371, 0.0, 0.0], "k_pid_vsp": [128.49928728068863, 120.51789669181056, 1.1040225243496589]}, "datetime": {"datetime": "2025-08-12 03:29:13", "elapsed": 39832.66709661484, "delta": 19.821618795394897}, "costs": {"total_cost": 182.2224045648038, "time_cost": 72.919, "final_distance_cost": 1.8274506567196578, "oscillation_cost": 19.447855809055714, "completition_cost": 0.0, "overshoot_cost": 51.986467554388014, "power_cost": 14.139798181152344, "noise_cost": 21.90183236348811, "n_waypoints_completed": 9, "tot_waypoints": 9}}
{"target": -182.3027598747083, "params": {"k_pid_pos": [0.5256300024903788, 0.0, 0.0], "k_pid_alt": [1.611226888253724, 0.0, 0.1409650570153444], "k_pid_att": [23.81120253829045, 2.2489976983348727, 0.22122936391695808], "k_pid_yaw": [0.5, 1e-06, 0.1], "k_pid_hsp": [0.0923617193706185, 0.0, 0.0], "k_pid_vsp": [124.2986807913265, 129.57110321161684, 1.162441061497449]}, "datetime": {"datetime": "2025-08-12 03:29:32", "elapsed": 39852.15512728691, "delta": 19.488030672073364}, "costs": {"total_cost": 182.3027598747083, "time_cost": 72.912, "final_distance_cost": 1.822828880760578, "oscillation_cost": 19.591388773547244, "completition_cost": 0.0, "overshoot_cost": 51.89090702986143, "power_cost": 14.169199230957032, "noise_cost": 21.916435959582007, "n_waypoints_completed": 9, "tot_waypoints": 9}}
{"target": -182.68081910063498, "params": {"k_pid_pos": [0.5388114377321735, 0.0, 0.0], "k_pid_alt": [1.6133828554063985, 0.0, 0.13721142852586504], "k_pid_att": [23.770971561477868, 2.0031303570284344, 0.21666234236901685], "k_pid_yaw": [0.5, 1e-06, 0.1], "k_pid_hsp": [0.09027365729956625, 0.0, 0.0], "k_pid_vsp": [129.183522090901, 120.91670930798624, 1.5241692969240264]}, "datetime": {"datetime": "2025-08-12 03:29:51", "elapsed": 39870.5922460556, "delta": 18.437118768692017}, "costs": {"total_cost": 182.68081910063498, "time_cost": 72.807, "final_distance_cost": 1.8201938765689316, "oscillation_cost": 19.68371993288654, "completition_cost": 0.0, "overshoot_cost": 52.08807630438075, "power_cost": 14.275028173828126, "noise_cost": 22.006800812970592, "n_waypoints_completed": 9, "tot_waypoints": 9}}
{"target": -182.57805230570204, "params": {"k_pid_pos": [0.5295748729538402, 0.0, 0.0], "k_pid_alt": [1.6065633393254637, 0.0, 0.04592853782591857], "k_pid_att": [28.368223959969622, 2.141065598533595, 0.21685619559160163], "k_pid_yaw": [0.5, 1e-06, 0.1], "k_pid_hsp": [0.08937875265757939, 0.0, 0.0], "k_pid_vsp": [134.62117108954035, 118.91417338314403, 2.304165289763603]}, "datetime": {"datetime": "2025-08-12 03:30:11", "elapsed": 39890.592895030975, "delta": 20.000648975372314}, "costs": {"total_cost": 182.57805230570204, "time_cost": 72.884, "final_distance_cost": 1.8228513292442947, "oscillation_cost": 19.225771381279, "completition_cost": 0.0, "overshoot_cost": 52.44067394834576, "power_cost": 14.244706384277345, "noise_cost": 21.960049262555643, "n_waypoints_completed": 9, "tot_waypoints": 9}}
{"target": -182.28501128391937, "params": {"k_pid_pos": [0.533809501951032, 0.0, 0.0], "k_pid_alt": [1.6167996296227023, 0.0, 0.04207784595968474], "k_pid_att": [25.390434927601227, 2.1060493935220825, 0.21126839302974185], "k_pid_yaw": [0.5, 1e-06, 0.1], "k_pid_hsp": [0.09012724794287451, 0.0, 0.0], "k_pid_vsp": [127.97110608643254, 101.66497014357108, 0.6939197480628492]}, "datetime": {"datetime": "2025-08-12 03:30:29", "elapsed": 39909.273525476456, "delta": 18.680630445480347}, "costs": {"total_cost": 182.28501128391937, "time_cost": 72.786, "final_distance_cost": 1.8214914773862598, "oscillation_cost": 19.418460836701094, "completition_cost": 0.0, "overshoot_cost": 52.20585211046793, "power_cost": 14.173963549804688, "noise_cost": 21.879243309559403, "n_waypoints_completed": 9, "tot_waypoints": 9}}
{"target": -182.10580065660736, "params": {"k_pid_pos": [0.6345144193789236, 0.0006566574432195396, 1.6931009177743937e-05], "k_pid_alt": [1.5991512146667168, 0.0, 0.12470164030178303], "k_pid_att": [25.551427399124808, 2.2613839119652956, 0.18913737627042615], "k_pid_yaw": [0.5, 1e-06, 0.1], "k_pid_hsp": [0.10065510640005121, 0.000660353257308672, 0.0], "k_pid_vsp": [127.82818151770823, 132.8473945322864, 0.9409423120916414]}, "datetime": {"datetime": "2025-08-12 03:30:48", "elapsed": 39927.956630945206, "delta": 18.68310546875}, "costs": {"total_cost": 182.10580065660736, "time_cost": 71.358, "final_distance_cost": 1.8336525869984914, "oscillation_cost": 22.09963054975405, "completition_cost": 0.0, "overshoot_cost": 51.33665555518392, "power_cost": 14.16243563232422, "noise_cost": 21.315426332346675, "n_waypoints_completed": 9, "tot_waypoints": 9}}
{"target": -182.37615140550903, "params": {"k_pid_pos": [0.5267704497527508, 0.0, 0.0], "k_pid_alt": [1.6125662206915403, 0.0, 0.14527512173905283], "k_pid_att": [26.568348395579072, 2.150144075554244, 0.26811276432050885], "k_pid_yaw": [0.5, 1e-06, 0.1], "k_pid_hsp": [0.0933471258575334, 0.0, 0.0], "k_pid_vsp": [128.7577271306202, 130.64196767597093, 1.1075654342103296]}, "datetime": {"datetime": "2025-08-12 03:31:07", "elapsed": 39947.349212408066, "delta": 19.392581462860107}, "costs": {"total_cost": 182.37615140550903, "time_cost": 72.884, "final_distance_cost": 1.8251730703410471, "oscillation_cost": 19.763615758373273, "completition_cost": 0.0, "overshoot_cost": 51.79341268691368, "power_cost": 14.181736755371094, "noise_cost": 21.928213134509907, "n_waypoints_completed": 9, "tot_waypoints": 9}}
{"target": -181.91429397985826, "params": {"k_pid_pos": [0.5284886611637459, 0.0, 0.0], "k_pid_alt": [1.6143955959696743, 0.0, 0.15816857915379026], "k_pid_att": [26.144729129518176, 2.119826237660009, 0.2227804402788019], "k_pid_yaw": [0.5, 1e-06, 0.1], "k_pid_hsp": [0.09117776739860642, 0.0, 0.0], "k_pid_vsp": [128.50895184995102, 124.55976944541204, 1.0543536120140893]}, "datetime": {"datetime": "2025-08-12 03:31:27", "elapsed": 39966.86308646202, "delta": 19.513874053955078}, "costs": {"total_cost": 181.91429397985826, "time_cost": 72.94, "final_distance_cost": 1.8213439299396659, "oscillation_cost": 19.390679447917435, "completition_cost": 0.0, "overshoot_cost": 51.680950251253705, "power_cost": 14.187858447265626, "noise_cost": 21.89346190348181, "n_waypoints_completed": 9, "tot_waypoints": 9}}
{"target": -182.59527676451194, "params": {"k_pid_pos": [0.5304000613689903, 0.0, 0.0], "k_pid_alt": [1.6249983642522068, 0.0, 0.131680806673212], "k_pid_att": [25.779959294671134, 2.11834655625173, 0.227523064351599], "k_pid_yaw": [0.5, 1e-06, 0.1], "k_pid_hsp": [0.09129858722096679, 0.0, 0.0], "k_pid_vsp": [134.7657227479834, 175.79898311151018, 1.253647091342842]}, "datetime": {"datetime": "2025-08-12 03:31:46", "elapsed": 39985.44907426834, "delta": 18.58598780632019}, "costs": {"total_cost": 182.59527676451194, "time_cost": 72.877, "final_distance_cost": 1.8205607516763977, "oscillation_cost": 19.577832867737015, "completition_cost": 0.0, "overshoot_cost": 52.07845347847027, "power_cost": 14.322232067871095, "noise_cost": 21.919197598757176, "n_waypoints_completed": 9, "tot_waypoints": 9}}
{"target": -182.2699155297645, "params": {"k_pid_pos": [0.5239705716101146, 0.0, 0.0], "k_pid_alt": [1.620626510543162, 0.0, 0.15107498467450864], "k_pid_att": [25.273184126081023, 2.1360163748599357, 0.23435861573085348], "k_pid_yaw": [0.5, 1e-06, 0.1], "k_pid_hsp": [0.0910280209781386, 0.0, 0.0], "k_pid_vsp": [129.2606829711967, 121.98081309458391, 1.1147051965995063]}, "datetime": {"datetime": "2025-08-12 03:32:06", "elapsed": 40005.70377326012, "delta": 20.254698991775513}, "costs": {"total_cost": 182.2699155297645, "time_cost": 72.989, "final_distance_cost": 1.8309426570170217, "oscillation_cost": 19.234725783903315, "completition_cost": 0.0, "overshoot_cost": 51.913625938636095, "power_cost": 14.231864965820312, "noise_cost": 22.069756184387753, "n_waypoints_completed": 9, "tot_waypoints": 9}}
{"target": -182.43918232440282, "params": {"k_pid_pos": [0.5262869183373882, 0.0, 0.0], "k_pid_alt": [1.6127018135950475, 0.0, 0.0998661269482381], "k_pid_att": [25.411586873158953, 2.1097298455474536, 0.23450105706369068], "k_pid_yaw": [0.5, 1e-06, 0.1], "k_pid_hsp": [0.09144492700946504, 0.0, 0.0], "k_pid_vsp": [128.44924717377384, 130.06839707021635, 1.3256663574636136]}, "datetime": {"datetime": "2025-08-12 03:32:24", "elapsed": 40024.12710523605, "delta": 18.42333197593689}, "costs": {"total_cost": 182.43918232440282, "time_cost": 72.898, "final_distance_cost": 1.8153438523907173, "oscillation_cost": 19.54948640488263, "completition_cost": 0.0, "overshoot_cost": 52.06578092145739, "power_cost": 14.172473266601564, "noise_cost": 21.938097879070508, "n_waypoints_completed": 9, "tot_waypoints": 9}}
