{"target": -182.32089089081512, "params": {"k_pid_pos": [0.5630556638711824, 0.0, 0.0], "k_pid_alt": [1.6389033124775072, 0.0, 0.12073946306965908], "k_pid_att": [25.88621851785146, 2.1662154733589, 0.20777354114618019], "k_pid_yaw": [0.5, 1e-06, 0.1], "k_pid_hsp": [0.09869960474991084, 0.0, 0.0], "k_pid_vsp": [126.31016506364011, 126.7161726271224, 1.0967233881533858]}, "datetime": {"datetime": "2025-08-12 02:58:48", "elapsed": 38007.4946539402, "delta": 18.503116607666016}, "costs": {"total_cost": 182.32089089081512, "time_cost": 72.184, "final_distance_cost": 1.8200149990019976, "oscillation_cost": 20.73361843575708, "completition_cost": 0.0, "overshoot_cost": 51.710527219046725, "power_cost": 14.195533605957031, "noise_cost": 21.677196631052272, "n_waypoints_completed": 9, "tot_waypoints": 9}}
{"target": -182.49972923511072, "params": {"k_pid_pos": [0.5387647261073141, 0.0, 0.0], "k_pid_alt": [1.623300459863869, 0.0, 0.13056173767325663], "k_pid_att": [23.842637912403553, 2.168594697420252, 0.2650423987057857], "k_pid_yaw": [0.5, 1e-06, 0.1], "k_pid_hsp": [0.08988637688993502, 0.0, 0.0], "k_pid_vsp": [128.92555489009493, 126.89681979566124, 1.1117413456633642]}, "datetime": {"datetime": "2025-08-12 02:59:07", "elapsed": 38026.523265600204, "delta": 19.028611660003662}, "costs": {"total_cost": 182.49972923511072, "time_cost": 72.81400000000001, "final_distance_cost": 1.8119869346366029, "oscillation_cost": 19.55501174389132, "completition_cost": 0.0, "overshoot_cost": 52.04512665934277, "power_cost": 14.269455285644533, "noise_cost": 22.004148611595475, "n_waypoints_completed": 9, "tot_waypoints": 9}}
{"target": -184.27712539872817, "params": {"k_pid_pos": [0.5384529115105869, 0.0, 9.317372464938046e-05], "k_pid_alt": [1.6519534068854937, 0.0, 0.1212127752901715], "k_pid_att": [25.712629072670033, 2.127913438516095, 0.2506723098793045], "k_pid_yaw": [0.5, 1e-06, 0.1], "k_pid_hsp": [0.0714855543073335, 0.0, 0.0], "k_pid_vsp": [131.5861445251101, 110.46579751825635, 1.0075461878306529]}, "datetime": {"datetime": "2025-08-12 02:59:26", "elapsed": 38045.576248168945, "delta": 19.052982568740845}, "costs": {"total_cost": 184.27712539872817, "time_cost": 74.501, "final_distance_cost": 1.8268619037133154, "oscillation_cost": 17.858629623593526, "completition_cost": 0.0, "overshoot_cost": 53.29894775563402, "power_cost": 14.37920311279297, "noise_cost": 22.41248300299431, "n_waypoints_completed": 9, "tot_waypoints": 9}}
{"target": -182.50124511044484, "params": {"k_pid_pos": [0.5291940145724483, 5.6444799765605355e-05, 0.0005254229561578045], "k_pid_alt": [1.6220464388052058, 0.0, 0.06692299693709497], "k_pid_att": [25.640927275143966, 2.2982645070929006, 0.24995312680399923], "k_pid_yaw": [0.5, 1e-06, 0.1], "k_pid_hsp": [0.0909943408568557, 0.0, 0.0], "k_pid_vsp": [128.26406922251144, 125.92705218068942, 1.13994527722784]}, "datetime": {"datetime": "2025-08-12 02:59:45", "elapsed": 38064.46882343292, "delta": 18.89257526397705}, "costs": {"total_cost": 182.50124511044484, "time_cost": 72.83500000000001, "final_distance_cost": 1.8202543154693709, "oscillation_cost": 19.53099504805496, "completition_cost": 0.0, "overshoot_cost": 52.12271920696544, "power_cost": 14.213291943359376, "noise_cost": 21.978984596595705, "n_waypoints_completed": 9, "tot_waypoints": 9}}
{"target": -182.47042344438051, "params": {"k_pid_pos": [0.5361344433490461, 0.0, 0.0], "k_pid_alt": [1.6172233166463297, 0.0, 0.14014645175532234], "k_pid_att": [37.15422349079111, 2.125776264930799, 0.21800311936139347], "k_pid_yaw": [0.5, 1e-06, 0.1], "k_pid_hsp": [0.0909904816066812, 0.0, 0.0], "k_pid_vsp": [127.35127062096312, 142.45371043502286, 1.1468141050809246]}, "datetime": {"datetime": "2025-08-12 03:00:02", "elapsed": 38082.275544166565, "delta": 17.806720733642578}, "costs": {"total_cost": 182.47042344438051, "time_cost": 72.81400000000001, "final_distance_cost": 1.8125434700825487, "oscillation_cost": 19.45702523267723, "completition_cost": 0.0, "overshoot_cost": 52.11419922701947, "power_cost": 14.305451135253907, "noise_cost": 21.96720437934736, "n_waypoints_completed": 9, "tot_waypoints": 9}}
{"target": -182.58199324380953, "params": {"k_pid_pos": [0.5248250287293418, 0.0, 0.0], "k_pid_alt": [1.6149918837048998, 0.0, 0.10123699863324039], "k_pid_att": [25.99613367333257, 2.4489557911067563, 0.21914491707864772], "k_pid_yaw": [0.5, 1e-06, 0.1], "k_pid_hsp": [0.08850709959732583, 0.0, 0.0], "k_pid_vsp": [128.83893535138583, 83.55920996173711, 1.1126352939807578]}, "datetime": {"datetime": "2025-08-12 03:00:22", "elapsed": 38101.40888047218, "delta": 19.133336305618286}, "costs": {"total_cost": 182.58199324380953, "time_cost": 73.07300000000001, "final_distance_cost": 1.8205385907112441, "oscillation_cost": 19.199863108085395, "completition_cost": 0.0, "overshoot_cost": 52.35336613155454, "power_cost": 14.135183178710939, "noise_cost": 22.00004223474742, "n_waypoints_completed": 9, "tot_waypoints": 9}}
{"target": -181.84854149875787, "params": {"k_pid_pos": [0.5265285016197307, 0.0, 0.0], "k_pid_alt": [1.6139610235768338, 0.0, 0.139490373893702], "k_pid_att": [24.44548409969935, 2.134366325465729, 0.22829839550573597], "k_pid_yaw": [0.5, 1e-06, 0.1], "k_pid_hsp": [0.09093511645836405, 0.0, 0.0], "k_pid_vsp": [128.55649261439424, 124.22782250100765, 1.099790297664008]}, "datetime": {"datetime": "2025-08-12 03:00:40", "elapsed": 38119.99168944359, "delta": 18.58280897140503}, "costs": {"total_cost": 181.84854149875787, "time_cost": 72.95400000000001, "final_distance_cost": 1.8323161177659453, "oscillation_cost": 19.208318055944748, "completition_cost": 0.0, "overshoot_cost": 51.7621381612608, "power_cost": 14.197287890625, "noise_cost": 21.894481273161386, "n_waypoints_completed": 9, "tot_waypoints": 9}}
{"target": -181.8522160340577, "params": {"k_pid_pos": [0.5267163978140676, 0.0, 0.0], "k_pid_alt": [1.6119840939295804, 0.0, 0.12543364855457292], "k_pid_att": [19.269249038451427, 1.2415822361187656, 0.2398472485232355], "k_pid_yaw": [0.5, 1e-06, 0.1], "k_pid_hsp": [0.09074898392627273, 0.0, 0.0], "k_pid_vsp": [124.81566658717357, 127.64917647016762, 1.1272281453841695]}, "datetime": {"datetime": "2025-08-12 03:00:59", "elapsed": 38138.624720573425, "delta": 18.633031129837036}, "costs": {"total_cost": 181.8522160340577, "time_cost": 72.947, "final_distance_cost": 1.8325491211187264, "oscillation_cost": 19.17116871037838, "completition_cost": 0.0, "overshoot_cost": 51.772646841086114, "power_cost": 14.205791015625001, "noise_cost": 21.92306034584949, "n_waypoints_completed": 9, "tot_waypoints": 9}}
{"target": -182.30282473863736, "params": {"k_pid_pos": [0.539279107609396, 0.0, 0.0], "k_pid_alt": [1.6147830648750063, 0.0, 0.13179135855730206], "k_pid_att": [25.820814674637855, 2.1140357218051595, 0.2189052532747161], "k_pid_yaw": [0.5, 1e-06, 0.1], "k_pid_hsp": [0.0908143847433904, 0.0, 0.0], "k_pid_vsp": [127.9617292331511, 119.05003111959363, 0.9949030076104486]}, "datetime": {"datetime": "2025-08-12 03:01:19", "elapsed": 38158.540393829346, "delta": 19.91567325592041}, "costs": {"total_cost": 182.30282473863736, "time_cost": 72.765, "final_distance_cost": 1.8371622012130169, "oscillation_cost": 19.534940144459508, "completition_cost": 0.0, "overshoot_cost": 52.03591323528381, "power_cost": 14.255220458984375, "noise_cost": 21.874588698696627, "n_waypoints_completed": 9, "tot_waypoints": 9}}
{"target": -182.36437311507265, "params": {"k_pid_pos": [0.5284493356367608, 0.0, 0.0], "k_pid_alt": [1.612602382097424, 0.0, 0.14937042443869997], "k_pid_att": [26.285435713803274, 2.1622795887475554, 0.2162192360526685], "k_pid_yaw": [0.5, 1e-06, 0.1], "k_pid_hsp": [0.09372614568445026, 0.0, 0.0], "k_pid_vsp": [133.98124599022285, 104.89138241318723, 1.883774685992632]}, "datetime": {"datetime": "2025-08-12 03:01:37", "elapsed": 38176.88357758522, "delta": 18.343183755874634}, "costs": {"total_cost": 182.36437311507265, "time_cost": 72.856, "final_distance_cost": 1.8161297369263112, "oscillation_cost": 19.554795661414037, "completition_cost": 0.0, "overshoot_cost": 51.97095623546715, "power_cost": 14.196898376464844, "noise_cost": 21.9695931048003, "n_waypoints_completed": 9, "tot_waypoints": 9}}
{"target": -182.3074516142337, "params": {"k_pid_pos": [0.5143039852728524, 0.0, 0.0], "k_pid_alt": [1.6151515371023448, 0.0, 0.0], "k_pid_att": [26.370245963297208, 2.093959621178879, 0.20286873419701723], "k_pid_yaw": [0.5, 1e-06, 0.1], "k_pid_hsp": [0.08960018438768473, 0.0, 0.0], "k_pid_vsp": [127.34349554632908, 193.39103935818056, 1.977692938910543]}, "datetime": {"datetime": "2025-08-12 03:01:56", "elapsed": 38196.04781079292, "delta": 19.164233207702637}, "costs": {"total_cost": 182.3074516142337, "time_cost": 73.052, "final_distance_cost": 1.8304600968010665, "oscillation_cost": 19.13253150801056, "completition_cost": 0.0, "overshoot_cost": 52.06499161989654, "power_cost": 14.232473010253907, "noise_cost": 21.99499537927164, "n_waypoints_completed": 9, "tot_waypoints": 9}}
{"target": -182.64962314836782, "params": {"k_pid_pos": [0.6204459408787426, 0.0006314787957216006, 0.0006097476178920197], "k_pid_alt": [1.5771092791956745, 0.0, 0.20769201210587912], "k_pid_att": [25.187321550368846, 2.1294138238201357, 0.21966107692531023], "k_pid_yaw": [0.5, 1e-06, 0.1], "k_pid_hsp": [0.09711740729825617, 0.0005188812749288105, 0.0], "k_pid_vsp": [127.26648734357929, 126.0374171346929, 1.5548711498617307]}, "datetime": {"datetime": "2025-08-12 03:02:14", "elapsed": 38214.24811410904, "delta": 18.200303316116333}, "costs": {"total_cost": 182.64962314836782, "time_cost": 71.715, "final_distance_cost": 1.8023241082955412, "oscillation_cost": 21.72876423427366, "completition_cost": 0.0, "overshoot_cost": 51.842568135984784, "power_cost": 14.144374951171876, "noise_cost": 21.416591718641968, "n_waypoints_completed": 9, "tot_waypoints": 9}}
{"target": -182.3695534178243, "params": {"k_pid_pos": [0.5244201234389221, 0.0, 0.0], "k_pid_alt": [1.6132419571032706, 0.0, 0.14324281812191614], "k_pid_att": [26.231561665776102, 2.052320304354133, 0.2491050137940878], "k_pid_yaw": [0.5, 1e-06, 0.1], "k_pid_hsp": [0.08798749396841384, 0.0, 0.0], "k_pid_vsp": [128.47505099313773, 115.99056265042675, 1.0991489870246376]}, "datetime": {"datetime": "2025-08-12 03:02:33", "elapsed": 38232.57283782959, "delta": 18.324723720550537}, "costs": {"total_cost": 182.3695534178243, "time_cost": 73.108, "final_distance_cost": 1.8218282379726225, "oscillation_cost": 19.15801003520128, "completition_cost": 0.0, "overshoot_cost": 52.189668222419904, "power_cost": 14.148634436035158, "noise_cost": 21.94341248619534, "n_waypoints_completed": 9, "tot_waypoints": 9}}
{"target": -182.00036607111358, "params": {"k_pid_pos": [0.5240920724692751, 0.0, 0.0], "k_pid_alt": [1.6156254463709498, 0.0, 0.15769375095616575], "k_pid_att": [25.7604949925786, 2.1483029465831724, 0.22547744100067232], "k_pid_yaw": [0.5, 1e-06, 0.1], "k_pid_hsp": [0.092142957341102, 0.0, 0.0], "k_pid_vsp": [128.42220330211558, 121.18422566140917, 1.114649440986469]}, "datetime": {"datetime": "2025-08-12 03:02:52", "elapsed": 38251.57756400108, "delta": 19.00472617149353}, "costs": {"total_cost": 182.00036607111358, "time_cost": 72.961, "final_distance_cost": 1.829462401472438, "oscillation_cost": 19.270706076693497, "completition_cost": 0.0, "overshoot_cost": 51.82988388468657, "power_cost": 14.205028747558595, "noise_cost": 21.90428496070245, "n_waypoints_completed": 9, "tot_waypoints": 9}}
{"target": -182.72342971805318, "params": {"k_pid_pos": [0.5183494306925709, 0.0, 0.0], "k_pid_alt": [1.5469722452302574, 0.0, 0.13127704163103593], "k_pid_att": [25.389838883671487, 2.126055817600824, 0.22703335665352636], "k_pid_yaw": [0.5, 1e-06, 0.1], "k_pid_hsp": [0.09102227827829666, 0.0, 0.0], "k_pid_vsp": [127.60613524536475, 129.2053168367032, 1.3724070086102544]}, "datetime": {"datetime": "2025-08-12 03:03:11", "elapsed": 38271.06511974335, "delta": 19.487555742263794}, "costs": {"total_cost": 182.72342971805318, "time_cost": 73.122, "final_distance_cost": 1.8297197862388757, "oscillation_cost": 19.330145431319643, "completition_cost": 0.0, "overshoot_cost": 52.281385469023284, "power_cost": 14.21856279296875, "noise_cost": 21.941616238502633, "n_waypoints_completed": 9, "tot_waypoints": 9}}
{"target": -182.61658143934332, "params": {"k_pid_pos": [0.5272025329758575, 0.0, 0.0], "k_pid_alt": [1.6203520929160282, 0.0, 0.08815954298894252], "k_pid_att": [26.071615562613303, 2.1347964389045653, 0.23905716344691536], "k_pid_yaw": [0.5, 1e-06, 0.1], "k_pid_hsp": [0.09100622935310625, 0.0, 0.0], "k_pid_vsp": [130.20342301756872, 129.6123127266669, 1.0439321537572988]}, "datetime": {"datetime": "2025-08-12 03:03:30", "elapsed": 38289.51431250572, "delta": 18.449192762374878}, "costs": {"total_cost": 182.61658143934332, "time_cost": 72.877, "final_distance_cost": 1.8108979835508805, "oscillation_cost": 19.5107975621474, "completition_cost": 0.0, "overshoot_cost": 52.26489290181493, "power_cost": 14.220535034179688, "noise_cost": 21.93245795765045, "n_waypoints_completed": 9, "tot_waypoints": 9}}
{"target": -182.11298554705843, "params": {"k_pid_pos": [0.5252271469694145, 0.0, 0.0], "k_pid_alt": [1.6100808967259785, 0.0, 0.15804613137356915], "k_pid_att": [25.86244684041102, 2.1241066587148962, 0.22426928368533025], "k_pid_yaw": [0.5, 1e-06, 0.1], "k_pid_hsp": [0.0916255844600653, 0.0, 0.0], "k_pid_vsp": [128.33461702613192, 122.66555878768237, 1.3857960896100183]}, "datetime": {"datetime": "2025-08-12 03:03:48", "elapsed": 38308.0390124321, "delta": 18.524699926376343}, "costs": {"total_cost": 182.11298554705843, "time_cost": 72.97500000000001, "final_distance_cost": 1.821805352127009, "oscillation_cost": 19.194848107573893, "completition_cost": 0.0, "overshoot_cost": 51.83119599208064, "power_cost": 14.222963427734376, "noise_cost": 22.067172667542494, "n_waypoints_completed": 9, "tot_waypoints": 9}}
{"target": -182.72095522454987, "params": {"k_pid_pos": [0.5242028062094514, 0.0, 0.0], "k_pid_alt": [1.5595146690490156, 0.0, 0.1470168388845977], "k_pid_att": [25.67544255588656, 2.1405783539282126, 0.19432160053930173], "k_pid_yaw": [0.5, 1e-06, 0.1], "k_pid_hsp": [0.09546360164361706, 0.0, 0.0], "k_pid_vsp": [128.83045470767544, 119.36093336102071, 1.1654032937660155]}, "datetime": {"datetime": "2025-08-12 03:04:07", "elapsed": 38327.1414399147, "delta": 19.10242748260498}, "costs": {"total_cost": 182.72095522454987, "time_cost": 72.905, "final_distance_cost": 1.839773659769557, "oscillation_cost": 19.894025155384163, "completition_cost": 0.0, "overshoot_cost": 51.97605122113379, "power_cost": 14.187862426757814, "noise_cost": 21.918242761504544, "n_waypoints_completed": 9, "tot_waypoints": 9}}
{"target": -182.4224533902098, "params": {"k_pid_pos": [0.540861148246301, 0.0, 0.0], "k_pid_alt": [1.6031039385845653, 0.0, 0.14376948752583826], "k_pid_att": [25.32811008572582, 2.167790669438842, 0.1814038620173261], "k_pid_yaw": [0.5, 1e-06, 0.1], "k_pid_hsp": [0.0976247488635088, 0.0, 0.0], "k_pid_vsp": [145.43421388718994, 133.0785918390784, 0.004528340644619765]}, "datetime": {"datetime": "2025-08-12 03:04:25", "elapsed": 38344.91705918312, "delta": 17.77561926841736}, "costs": {"total_cost": 182.4224533902098, "time_cost": 72.562, "final_distance_cost": 1.816907363514675, "oscillation_cost": 20.256721151347175, "completition_cost": 0.0, "overshoot_cost": 51.697673879013756, "power_cost": 14.253887500000001, "noise_cost": 21.835263496334182, "n_waypoints_completed": 9, "tot_waypoints": 9}}
{"target": -181.8515226382765, "params": {"k_pid_pos": [0.5260779091850615, 0.0, 0.0], "k_pid_alt": [1.6117603492707906, 0.0, 0.13032620532124223], "k_pid_att": [25.4771770337625, 2.134985292224649, 0.20298387267329254], "k_pid_yaw": [0.5, 1e-06, 0.1], "k_pid_hsp": [0.09091095918166754, 0.0, 0.0], "k_pid_vsp": [136.95447592795432, 132.42328840241981, 0.7506151857925325]}, "datetime": {"datetime": "2025-08-12 03:04:44", "elapsed": 38363.74805879593, "delta": 18.830999612808228}, "costs": {"total_cost": 181.8515226382765, "time_cost": 72.961, "final_distance_cost": 1.814812614245576, "oscillation_cost": 19.208506831457626, "completition_cost": 0.0, "overshoot_cost": 51.7478500550423, "power_cost": 14.198224487304689, "noise_cost": 21.921128650226315, "n_waypoints_completed": 9, "tot_waypoints": 9}}
{"target": -183.39302306865596, "params": {"k_pid_pos": [0.5260490109411048, 0.0, 0.0], "k_pid_alt": [1.6407433754429819, 0.0, 0.1401914436390631], "k_pid_att": [26.026900874938676, 2.1175090330709754, 0.17874020151139686], "k_pid_yaw": [0.5, 1e-06, 0.1], "k_pid_hsp": [0.07674715022701244, 0.0, 0.0], "k_pid_vsp": [115.82481454059881, 125.21334608816942, 1.3413694459672407]}, "datetime": {"datetime": "2025-08-12 03:05:03", "elapsed": 38382.573897600174, "delta": 18.825838804244995}, "costs": {"total_cost": 183.39302306865596, "time_cost": 73.927, "final_distance_cost": 1.808392264156639, "oscillation_cost": 18.191755360303347, "completition_cost": 0.0, "overshoot_cost": 52.85300656508511, "power_cost": 14.335773400878907, "noise_cost": 22.27709547823195, "n_waypoints_completed": 9, "tot_waypoints": 9}}
{"target": -181.91950169180666, "params": {"k_pid_pos": [0.5250972948861039, 0.0, 0.0], "k_pid_alt": [1.7829713136935463, 0.0, 0.1428756204285922], "k_pid_att": [25.93868906920554, 2.130514081687145, 0.1976001888569621], "k_pid_yaw": [0.5, 1e-06, 0.1], "k_pid_hsp": [0.08929224900330099, 0.0, 0.0], "k_pid_vsp": [121.32870333157244, 123.8576067939042, 2.3191303862208184]}, "datetime": {"datetime": "2025-08-12 03:05:23", "elapsed": 38402.66160559654, "delta": 20.087707996368408}, "costs": {"total_cost": 181.91950169180666, "time_cost": 72.933, "final_distance_cost": 1.8181901839203216, "oscillation_cost": 19.00807759655543, "completition_cost": 0.0, "overshoot_cost": 51.95493663658871, "power_cost": 14.239685034179688, "noise_cost": 21.96561224056249, "n_waypoints_completed": 9, "tot_waypoints": 9}}
{"target": -182.48186827636573, "params": {"k_pid_pos": [0.5015199048541681, 0.0, 0.0], "k_pid_alt": [1.6220013681028131, 0.0, 0.11438788629621753], "k_pid_att": [25.086844689479168, 2.157146554352214, 0.23578342012453016], "k_pid_yaw": [0.5, 1e-06, 0.1], "k_pid_hsp": [0.09211354762072542, 0.0, 0.0], "k_pid_vsp": [130.97063842229474, 110.43924853251066, 1.0280355104081857]}, "datetime": {"datetime": "2025-08-12 03:05:41", "elapsed": 38420.68170428276, "delta": 18.02009868621826}, "costs": {"total_cost": 182.48186827636573, "time_cost": 73.304, "final_distance_cost": 1.8228483395695674, "oscillation_cost": 19.00672336864337, "completition_cost": 0.0, "overshoot_cost": 52.06942655573139, "power_cost": 14.214618469238282, "noise_cost": 22.064251543183136, "n_waypoints_completed": 9, "tot_waypoints": 9}}
{"target": -182.8746829919738, "params": {"k_pid_pos": [0.6160845714747577, 0.0, 0.0], "k_pid_alt": [1.6598256944314649, 0.0, 0.1140710000911402], "k_pid_att": [24.578265195901903, 2.1300720644893243, 0.21087173697639003], "k_pid_yaw": [0.5, 1e-06, 0.1], "k_pid_hsp": [0.08593724663623588, 0.0, 0.0], "k_pid_vsp": [143.57506989999322, 125.25271515342108, 0.9002084722070163]}, "datetime": {"datetime": "2025-08-12 03:06:00", "elapsed": 38439.73373174667, "delta": 19.052027463912964}, "costs": {"total_cost": 182.8746829919738, "time_cost": 72.19800000000001, "final_distance_cost": 1.7983554879323154, "oscillation_cost": 21.0060783169459, "completition_cost": 0.0, "overshoot_cost": 52.10240374401593, "power_cost": 14.129612060546876, "noise_cost": 21.64023338253278, "n_waypoints_completed": 9, "tot_waypoints": 9}}
{"target": -182.2373319475819, "params": {"k_pid_pos": [0.5033852660366285, 0.0, 0.0], "k_pid_alt": [1.6288363699729402, 0.0, 0.13385022268714122], "k_pid_att": [24.298298663343157, 2.2447575371049973, 0.25793469826697846], "k_pid_yaw": [0.5, 1e-06, 0.1], "k_pid_hsp": [0.08915398721873533, 0.0, 0.0], "k_pid_vsp": [127.61419894425954, 111.87832646627781, 1.9192355286479366]}, "datetime": {"datetime": "2025-08-12 03:06:18", "elapsed": 38457.930758714676, "delta": 18.19702696800232}, "costs": {"total_cost": 182.2373319475819, "time_cost": 73.374, "final_distance_cost": 1.8170043415457267, "oscillation_cost": 18.554631773310955, "completition_cost": 0.0, "overshoot_cost": 52.03615891443697, "power_cost": 14.281953137207031, "noise_cost": 22.17358378108121, "n_waypoints_completed": 9, "tot_waypoints": 9}}
{"target": -182.4081728451808, "params": {"k_pid_pos": [0.5646100549937848, 0.0, 0.0], "k_pid_alt": [1.6069001573803152, 0.0, 0.13777153609675055], "k_pid_att": [25.04806322255708, 2.4764200611605474, 0.23033948630122236], "k_pid_yaw": [0.5, 1e-06, 0.1], "k_pid_hsp": [0.09049332235724616, 0.0, 0.0], "k_pid_vsp": [127.44069170756146, 128.94313557111232, 1.5394879522663247]}, "datetime": {"datetime": "2025-08-12 03:06:37", "elapsed": 38476.43348360062, "delta": 18.50272488594055}, "costs": {"total_cost": 182.4081728451808, "time_cost": 72.485, "final_distance_cost": 1.8292968970411156, "oscillation_cost": 20.26562174530978, "completition_cost": 0.0, "overshoot_cost": 51.77163642274858, "power_cost": 14.223349780273438, "noise_cost": 21.833267999807912, "n_waypoints_completed": 9, "tot_waypoints": 9}}
