{"target": -3731.5981323255796, "params": {"k_pid_pos": [1.270010662816492, 0.2742784690075125, 0.0], "k_pid_alt": [1.3779529125576748, 0.0, 0.20526527574387063], "k_pid_att": [0.0, 2.848318734711211, 0.2028126447377139], "k_pid_yaw": [0.5, 1e-06, 0.1], "k_pid_hsp": [0.3355193306956062, 0.0, 0.0], "k_pid_vsp": [144.45803013329905, 43.417743341884005, 1e-06]}, "datetime": {"datetime": "2025-08-11 17:46:34", "elapsed": 4873.391065359116, "delta": 29.815666913986206}, "costs": {"total_cost": 3731.5981323255796, "time_cost": 150, "final_distance_cost": 105.81501894749424, "oscillation_cost": 1684.1340671468188, "completition_cost": 1000.0, "overshoot_cost": 578.7951381929823, "power_cost": 54.64809970703125, "noise_cost": 158.2058083312525, "n_waypoints_completed": 0, "tot_waypoints": 9}}
{"target": -193.5686621054527, "params": {"k_pid_pos": [0.880506215698781, 0.22228688128332677, 0.0], "k_pid_alt": [1.459587698368028, 0.0, 0.1962888522619804], "k_pid_att": [24.398322112367975, 3.3310179169893797, 0.2015276847838261], "k_pid_yaw": [0.5, 1e-06, 0.1], "k_pid_hsp": [0.24379685598873346, 0.0, 0.0], "k_pid_vsp": [147.79614078811593, 35.93466258833055, 1e-06]}, "datetime": {"datetime": "2025-08-11 17:46:52", "elapsed": 4892.035899400711, "delta": 18.64483404159546}, "costs": {"total_cost": 193.5686621054527, "time_cost": 74.291, "final_distance_cost": 1.7707157320071425, "oscillation_cost": 28.699499384272297, "completition_cost": 0.0, "overshoot_cost": 51.309741622898365, "power_cost": 15.291843847656251, "noise_cost": 22.205861518618626, "n_waypoints_completed": 9, "tot_waypoints": 9}}
{"target": -294.9648061911949, "params": {"k_pid_pos": [0.7437212816003516, 0.13989277234535566, 0.0], "k_pid_alt": [1.389769051925403, 0.022825389026530824, 1.0], "k_pid_att": [20.000392402579195, 1.5929149368685678, 0.4555605878431813], "k_pid_yaw": [0.5, 1e-06, 0.1], "k_pid_hsp": [0.7588369047421966, 0.0, 0.13095835197698674], "k_pid_vsp": [221.20599792001593, 38.37193285296108, 72.8299288497882]}, "datetime": {"datetime": "2025-08-11 17:47:15", "elapsed": 4915.266958236694, "delta": 23.231058835983276}, "costs": {"total_cost": 294.9648061911949, "time_cost": 91.252, "final_distance_cost": 1.841095822349585, "oscillation_cost": 103.32250833059594, "completition_cost": 0.0, "overshoot_cost": 53.48713991927079, "power_cost": 23.01612247314453, "noise_cost": 22.045939645834057, "n_waypoints_completed": 9, "tot_waypoints": 9}}
{"target": -1245.4664406328216, "params": {"k_pid_pos": [0.9575650441195238, 0.09809526029993862, 0.0], "k_pid_alt": [1.9668568890683369, 0.0, 0.28035752504484723], "k_pid_att": [20.04247172468073, 3.1826900754455067, 0.1882774760467488], "k_pid_yaw": [0.5, 1e-06, 0.1], "k_pid_hsp": [0.0001, 0.0, 0.0], "k_pid_vsp": [204.3263254312408, 31.74153592515399, 1e-06]}, "datetime": {"datetime": "2025-08-11 17:47:46", "elapsed": 4945.6853103637695, "delta": 30.418352127075195}, "costs": {"total_cost": 1245.4664406328216, "time_cost": 150, "final_distance_cost": 48.229424899637934, "oscillation_cost": 0.007528663169417677, "completition_cost": 888.8888888888888, "overshoot_cost": 104.21363944368501, "power_cost": 21.01898580322266, "noise_cost": 33.10797293421779, "n_waypoints_completed": 1, "tot_waypoints": 9}}
{"target": -190.14705458760216, "params": {"k_pid_pos": [1.1334709334661413, 0.07941328227034984, 0.03002714808471621], "k_pid_alt": [1.5047180159833347, 0.046281731545677586, 0.3165808154740207], "k_pid_att": [3.691463363597951, 1.5388963032382805, 0.28651589173877856], "k_pid_yaw": [0.5, 1e-06, 0.1], "k_pid_hsp": [0.1373700493818507, 0.0, 0.0], "k_pid_vsp": [218.38346065127337, 35.28349667508758, 7.422059069000921]}, "datetime": {"datetime": "2025-08-11 17:48:04", "elapsed": 4963.629007101059, "delta": 17.94369673728943}, "costs": {"total_cost": 190.14705458760216, "time_cost": 70.686, "final_distance_cost": 1.7948395507344765, "oscillation_cost": 30.083763432892717, "completition_cost": 0.0, "overshoot_cost": 52.15743959641775, "power_cost": 14.472370593261719, "noise_cost": 20.952641414295478, "n_waypoints_completed": 9, "tot_waypoints": 9}}
{"target": -190.91144078548479, "params": {"k_pid_pos": [0.8202208450381463, 0.1316795313771073, 0.0], "k_pid_alt": [1.4030997249906954, 0.0, 0.032379375673358524], "k_pid_att": [13.345324486601243, 3.409047903976067, 0.12929419946078805], "k_pid_yaw": [0.5, 1e-06, 0.1], "k_pid_hsp": [0.11833050831720689, 0.0, 0.0], "k_pid_vsp": [166.39778627057308, 51.45918208344962, 1e-06]}, "datetime": {"datetime": "2025-08-11 17:48:22", "elapsed": 4981.876443147659, "delta": 18.247436046600342}, "costs": {"total_cost": 190.91144078548479, "time_cost": 74.179, "final_distance_cost": 1.793892669618932, "oscillation_cost": 26.252101414880855, "completition_cost": 0.0, "overshoot_cost": 51.606336792106084, "power_cost": 14.937843627929688, "noise_cost": 22.142266280949222, "n_waypoints_completed": 9, "tot_waypoints": 9}}
{"target": -192.51837643162798, "params": {"k_pid_pos": [0.7288905886576484, 0.12496172522336081, 0.0], "k_pid_alt": [1.3337482853592795, 0.0, 0.4010482708170958], "k_pid_att": [4.274236776133103, 3.1316921424001887, 0.22696356314237404], "k_pid_yaw": [0.5, 1e-06, 0.1], "k_pid_hsp": [0.2719516423819453, 0.0, 0.0], "k_pid_vsp": [255.91343028480622, 1e-06, 1e-06]}, "datetime": {"datetime": "2025-08-11 17:48:40", "elapsed": 5000.317056894302, "delta": 18.440613746643066}, "costs": {"total_cost": 192.51837643162798, "time_cost": 73.479, "final_distance_cost": 1.809997981272485, "oscillation_cost": 28.86028691858013, "completition_cost": 0.0, "overshoot_cost": 51.58237673194777, "power_cost": 14.917971228027344, "noise_cost": 21.868743571800266, "n_waypoints_completed": 9, "tot_waypoints": 9}}
{"target": -204.32991945539487, "params": {"k_pid_pos": [1.0213577143289871, 0.027400929135984242, 0.0], "k_pid_alt": [1.3636279151875978, 0.0, 0.19457858448607002], "k_pid_att": [3.6926681153640635, 2.4537759121848293, 0.21123088086530636], "k_pid_yaw": [0.5, 1e-06, 0.1], "k_pid_hsp": [3.698348985068575, 0.8893736596961392, 0.0], "k_pid_vsp": [150.57024409520835, 123.22047507906034, 0.7070529677334534]}, "datetime": {"datetime": "2025-08-11 17:48:58", "elapsed": 5017.517426252365, "delta": 17.200369358062744}, "costs": {"total_cost": 204.32991945539487, "time_cost": 68.873, "final_distance_cost": 1.8478117683993416, "oscillation_cost": 48.41974626690907, "completition_cost": 0.0, "overshoot_cost": 49.04887500403709, "power_cost": 15.421758300781251, "noise_cost": 20.718728115268096, "n_waypoints_completed": 9, "tot_waypoints": 9}}
{"target": -335.2708975786808, "params": {"k_pid_pos": [0.8847396438679359, 0.0559573473089169, 0.0], "k_pid_alt": [1.0393020887458222, 0.327167231974861, 0.3587586806391747], "k_pid_att": [13.723990889128167, 2.877415445342652, 0.24855872679429106], "k_pid_yaw": [0.5, 1e-06, 0.1], "k_pid_hsp": [0.8543225573688839, 0.018041921114310244, 0.25252583520106986], "k_pid_vsp": [134.50401248345057, 67.27197531342537, 14.048589535392098]}, "datetime": {"datetime": "2025-08-11 17:49:17", "elapsed": 5036.569401025772, "delta": 19.051974773406982}, "costs": {"total_cost": 335.2708975786808, "time_cost": 76.377, "final_distance_cost": 1.7887519267521936, "oscillation_cost": 164.53813190991428, "completition_cost": 0.0, "overshoot_cost": 52.720041191895156, "power_cost": 20.007620434570313, "noise_cost": 19.83935211554885, "n_waypoints_completed": 9, "tot_waypoints": 9}}
{"target": -192.6748373250677, "params": {"k_pid_pos": [1.2436162440955394, 0.0, 0.0], "k_pid_alt": [2.0, 0.0, 0.32064564904571247], "k_pid_att": [11.68486679244569, 3.889698797242941, 0.3516168006421635], "k_pid_yaw": [0.5, 1e-06, 0.1], "k_pid_hsp": [1.3402446110474409, 0.0, 0.0], "k_pid_vsp": [274.12828063410507, 1e-06, 1e-06]}, "datetime": {"datetime": "2025-08-11 17:49:34", "elapsed": 5053.950343132019, "delta": 17.38094210624695}, "costs": {"total_cost": 192.6748373250677, "time_cost": 70.35000000000001, "final_distance_cost": 1.8353456077349182, "oscillation_cost": 33.02807391760685, "completition_cost": 0.0, "overshoot_cost": 51.29551092031437, "power_cost": 14.991941577148438, "noise_cost": 21.17396530226313, "n_waypoints_completed": 9, "tot_waypoints": 9}}
{"target": -280.48722745551777, "params": {"k_pid_pos": [0.6730669496227777, 0.7468114406342254, 0.5014304056729622], "k_pid_alt": [1.398077003193548, 0.0, 0.6037416693917712], "k_pid_att": [14.029628534157162, 3.2984212956173846, 0.4517576260148758], "k_pid_yaw": [0.5, 1e-06, 0.1], "k_pid_hsp": [0.14575960945906785, 0.0647732732125253, 0.0903150676283756], "k_pid_vsp": [175.93183190295315, 29.44905560877408, 10.467014831116003]}, "datetime": {"datetime": "2025-08-11 17:49:57", "elapsed": 5077.149529457092, "delta": 23.199186325073242}, "costs": {"total_cost": 280.48722745551777, "time_cost": 93.422, "final_distance_cost": 1.7795093708945857, "oscillation_cost": 80.68771914958337, "completition_cost": 0.0, "overshoot_cost": 55.75092425810947, "power_cost": 23.54073092041016, "noise_cost": 25.30634375652017, "n_waypoints_completed": 9, "tot_waypoints": 9}}
{"target": -4213.409426166015, "params": {"k_pid_pos": [1.4389270340299494, 0.4455008978640835, 0.0], "k_pid_alt": [1.3275177272500511, 0.0, 0.36543416634743886], "k_pid_att": [0.0, 2.336092661061482, 0.2055996993150256], "k_pid_yaw": [0.5, 1e-06, 0.1], "k_pid_hsp": [1.7858968385571594, 0.0, 0.0], "k_pid_vsp": [152.4928093867664, 29.9708555004921, 1e-06]}, "datetime": {"datetime": "2025-08-11 17:50:27", "elapsed": 5106.876551866531, "delta": 29.727022409439087}, "costs": {"total_cost": 4213.409426166015, "time_cost": 150, "final_distance_cost": 315.5976370187416, "oscillation_cost": 1769.4832965226508, "completition_cost": 1000.0, "overshoot_cost": 757.3966207741049, "power_cost": 57.41736899414063, "noise_cost": 163.51450285637694, "n_waypoints_completed": 0, "tot_waypoints": 9}}
{"target": -191.7581818801474, "params": {"k_pid_pos": [1.177978860433404, 0.10005034602989481, 0.4486459537009919], "k_pid_alt": [1.1411863015633896, 0.0, 0.14875210965858887], "k_pid_att": [20.10038860087513, 3.2407558323167382, 0.34506579701812745], "k_pid_yaw": [0.5, 1e-06, 0.1], "k_pid_hsp": [0.9160389981630735, 0.0, 0.0], "k_pid_vsp": [222.88568058140788, 50.915070464109235, 1e-06]}, "datetime": {"datetime": "2025-08-11 17:50:45", "elapsed": 5124.717845439911, "delta": 17.841293573379517}, "costs": {"total_cost": 191.7581818801474, "time_cost": 71.764, "final_distance_cost": 1.8438751295302502, "oscillation_cost": 30.653257845690938, "completition_cost": 0.0, "overshoot_cost": 50.7612394749582, "power_cost": 14.8845587890625, "noise_cost": 21.85125064090552, "n_waypoints_completed": 9, "tot_waypoints": 9}}
{"target": -1237.2636820196985, "params": {"k_pid_pos": [0.6321048255687741, 0.14792947630585782, 0.0], "k_pid_alt": [1.44410055171569, 0.0, 0.21679523219692756], "k_pid_att": [10.657129060478276, 3.2956643284770673, 0.19838185363503325], "k_pid_yaw": [0.5, 1e-06, 0.1], "k_pid_hsp": [0.0001, 0.0, 0.0], "k_pid_vsp": [154.28642682577228, 31.52155248760103, 1e-06]}, "datetime": {"datetime": "2025-08-11 17:51:16", "elapsed": 5156.213965415955, "delta": 31.4961199760437}, "costs": {"total_cost": 1237.2636820196985, "time_cost": 150, "final_distance_cost": 47.15553664163531, "oscillation_cost": 0.0041588876777084284, "completition_cost": 888.8888888888888, "overshoot_cost": 97.09236241615865, "power_cost": 21.01161109619141, "noise_cost": 33.11112408914657, "n_waypoints_completed": 1, "tot_waypoints": 9}}
{"target": -189.78449830349228, "params": {"k_pid_pos": [1.1057006929878679, 0.15147433995133894, 0.0], "k_pid_alt": [1.6744557901179915, 0.0, 0.41951748244517534], "k_pid_att": [7.903440767491752, 2.9682355136151592, 0.19982436419638544], "k_pid_yaw": [0.5, 1e-06, 0.1], "k_pid_hsp": [0.20148976133833535, 0.0, 0.0], "k_pid_vsp": [145.6136401554498, 38.84663027905337, 1e-06]}, "datetime": {"datetime": "2025-08-11 17:51:33", "elapsed": 5173.34049654007, "delta": 17.12653112411499}, "costs": {"total_cost": 189.78449830349228, "time_cost": 70.238, "final_distance_cost": 1.7862274203767274, "oscillation_cost": 31.224089609771145, "completition_cost": 0.0, "overshoot_cost": 50.87411621474831, "power_cost": 14.677381872558595, "noise_cost": 20.984683186037522, "n_waypoints_completed": 9, "tot_waypoints": 9}}
{"target": -424.39531022060976, "params": {"k_pid_pos": [1.247849679015663, 0.6164553737111031, 0.0755646601080958], "k_pid_alt": [1.5453725664741766, 0.05776734473675693, 0.453717006227085], "k_pid_att": [29.20080007092301, 0.9193915683509468, 0.5625177532324146], "k_pid_yaw": [0.5, 1e-06, 0.1], "k_pid_hsp": [1.5904036314369123, 0.08963052100583045, 0.3941119539006257], "k_pid_vsp": [285.35801982584536, 1e-06, 1e-06]}, "datetime": {"datetime": "2025-08-11 17:51:56", "elapsed": 5196.048255681992, "delta": 22.707759141921997}, "costs": {"total_cost": 424.39531022060976, "time_cost": 91.525, "final_distance_cost": 1.7635204193403329, "oscillation_cost": 219.2922504688966, "completition_cost": 0.0, "overshoot_cost": 61.573387344658045, "power_cost": 24.35090563964844, "noise_cost": 25.89024634806636, "n_waypoints_completed": 9, "tot_waypoints": 9}}
{"target": -192.03039967245576, "params": {"k_pid_pos": [1.2555540920671096, 0.04131160830304818, 0.0], "k_pid_alt": [1.5132890732082815, 0.0, 0.2762870124068905], "k_pid_att": [11.427604161049686, 2.703876276649861, 0.1586734516720083], "k_pid_yaw": [0.5, 1e-06, 0.1], "k_pid_hsp": [1.2317096243723717, 0.0, 0.0], "k_pid_vsp": [153.10876542173256, 36.760725771565674, 13.525321153214101]}, "datetime": {"datetime": "2025-08-11 17:52:13", "elapsed": 5213.191716194153, "delta": 17.143460512161255}, "costs": {"total_cost": 192.03039967245576, "time_cost": 69.45400000000001, "final_distance_cost": 1.8233510590192472, "oscillation_cost": 33.77359766691341, "completition_cost": 0.0, "overshoot_cost": 50.62588350177955, "power_cost": 18.312586364746096, "noise_cost": 18.040981079997422, "n_waypoints_completed": 9, "tot_waypoints": 9}}
{"target": -1232.3825923356785, "params": {"k_pid_pos": [0.7582928305877472, 0.0, 0.0], "k_pid_alt": [1.5782091554690587, 0.3118201690212378, 0.05709593628562867], "k_pid_att": [10.00800180997178, 3.4327756595010834, 0.15872974693776815], "k_pid_yaw": [0.5, 1e-06, 0.1], "k_pid_hsp": [0.0001, 0.0, 0.0], "k_pid_vsp": [132.52709810262158, 1e-06, 1e-06]}, "datetime": {"datetime": "2025-08-11 17:52:44", "elapsed": 5243.536591768265, "delta": 30.34487557411194}, "costs": {"total_cost": 1232.3825923356785, "time_cost": 150, "final_distance_cost": 46.502803864555894, "oscillation_cost": 0.004336229086396162, "completition_cost": 888.8888888888888, "overshoot_cost": 92.8462263790545, "power_cost": 21.025105883789063, "noise_cost": 33.115231090303794, "n_waypoints_completed": 1, "tot_waypoints": 9}}
{"target": -1244.0102241009072, "params": {"k_pid_pos": [1.0519193184399946, 0.0, 0.0], "k_pid_alt": [1.0410345422715699, 0.0, 0.0], "k_pid_att": [23.690143259036866, 3.702332492746, 0.2267534368059285], "k_pid_yaw": [0.5, 1e-06, 0.1], "k_pid_hsp": [0.0001, 0.0, 0.0], "k_pid_vsp": [154.077324978134, 40.64448892434938, 1e-06]}, "datetime": {"datetime": "2025-08-11 17:53:14", "elapsed": 5274.182255029678, "delta": 30.645663261413574}, "costs": {"total_cost": 1244.0102241009072, "time_cost": 150, "final_distance_cost": 47.89707501130176, "oscillation_cost": 0.004818757840228641, "completition_cost": 888.8888888888888, "overshoot_cost": 103.10963635794705, "power_cost": 21.003040136718752, "noise_cost": 33.10676494821057, "n_waypoints_completed": 1, "tot_waypoints": 9}}
{"target": -1239.1030944928593, "params": {"k_pid_pos": [0.6158893514281378, 0.18371026086642445, 0.04220075367183933], "k_pid_alt": [1.487775226526298, 0.0, 1.0], "k_pid_att": [44.69185171803889, 2.8252567993197824, 0.24176853829571604], "k_pid_yaw": [0.5, 1e-06, 0.1], "k_pid_hsp": [0.0001, 0.0, 0.0], "k_pid_vsp": [384.3412801674133, 35.609298777989466, 1e-06]}, "datetime": {"datetime": "2025-08-11 17:53:44", "elapsed": 5304.3247237205505, "delta": 30.142468690872192}, "costs": {"total_cost": 1239.1030944928593, "time_cost": 150, "final_distance_cost": 47.37491497451344, "oscillation_cost": 0.007027610912043013, "completition_cost": 888.8888888888888, "overshoot_cost": 98.72886297492039, "power_cost": 20.99143641357422, "noise_cost": 33.111963630050354, "n_waypoints_completed": 1, "tot_waypoints": 9}}
{"target": -596.381265930219, "params": {"k_pid_pos": [1.0599671961305663, 0.09477739118658157, 0.12672191048608458], "k_pid_alt": [1.1585692705563233, 0.014734707618296101, 0.002311085158616444], "k_pid_att": [10.525415900317013, 5.191612051481797, 0.22508141494702594], "k_pid_yaw": [0.5, 1e-06, 0.1], "k_pid_hsp": [0.7940132665418833, 0.0099199226727405, 0.5478956500676528], "k_pid_vsp": [341.1082645760397, 1e-06, 119.68553691754005]}, "datetime": {"datetime": "2025-08-11 17:54:12", "elapsed": 5332.005956172943, "delta": 27.681232452392578}, "costs": {"total_cost": 596.381265930219, "time_cost": 109.291, "final_distance_cost": 1.791260690711563, "oscillation_cost": 365.5189805298518, "completition_cost": 0.0, "overshoot_cost": 65.48842087684827, "power_cost": 28.386819653320313, "noise_cost": 25.90478417948704, "n_waypoints_completed": 9, "tot_waypoints": 9}}
{"target": -258.90326741697004, "params": {"k_pid_pos": [0.23633098136200248, 0.0, 0.0], "k_pid_alt": [1.1035595240510172, 0.0, 0.519234264626512], "k_pid_att": [17.314050347264875, 4.803464085970316, 0.1797688104727899], "k_pid_yaw": [0.5, 1e-06, 0.1], "k_pid_hsp": [0.1479098841493397, 0.025186787049505777, 0.0], "k_pid_vsp": [148.23064660677701, 49.97969183891941, 1e-06]}, "datetime": {"datetime": "2025-08-11 17:54:42", "elapsed": 5361.621378660202, "delta": 29.61542248725891}, "costs": {"total_cost": 258.90326741697004, "time_cost": 119.056, "final_distance_cost": 1.8619390299560634, "oscillation_cost": 17.645239597831694, "completition_cost": 0.0, "overshoot_cost": 57.33929362952942, "power_cost": 21.961605883789062, "noise_cost": 41.0391892758638, "n_waypoints_completed": 9, "tot_waypoints": 9}}
{"target": -190.94914202040346, "params": {"k_pid_pos": [1.155841204836779, 0.17193867490969236, 0.0], "k_pid_alt": [1.5116980265923015, 0.0, 0.05683225771785261], "k_pid_att": [22.635379072343394, 3.591337288757366, 0.18632305651857395], "k_pid_yaw": [0.5, 1e-06, 0.1], "k_pid_hsp": [0.48558915575928596, 0.0, 0.0], "k_pid_vsp": [164.55433225277082, 18.643966274338204, 1e-06]}, "datetime": {"datetime": "2025-08-11 17:54:59", "elapsed": 5379.263331651688, "delta": 17.641952991485596}, "costs": {"total_cost": 190.94914202040346, "time_cost": 70.427, "final_distance_cost": 1.780235570253918, "oscillation_cost": 31.260658934359228, "completition_cost": 0.0, "overshoot_cost": 51.29053915433301, "power_cost": 14.928947534179688, "noise_cost": 21.261760827277616, "n_waypoints_completed": 9, "tot_waypoints": 9}}
{"target": -1246.5826849974394, "params": {"k_pid_pos": [0.7988292476844989, 0.29120633646340566, 0.0], "k_pid_alt": [1.7841629270004118, 0.05682598400397234, 0.20826094077278537], "k_pid_att": [19.808321045589548, 4.589808894011192, 0.19369141992960315], "k_pid_yaw": [0.5, 1e-06, 0.1], "k_pid_hsp": [0.0001, 0.0, 0.0], "k_pid_vsp": [163.52633347571745, 111.35741908432715, 1e-06]}, "datetime": {"datetime": "2025-08-11 17:55:29", "elapsed": 5409.141086816788, "delta": 29.877755165100098}, "costs": {"total_cost": 1246.5826849974394, "time_cost": 150, "final_distance_cost": 48.83868784748452, "oscillation_cost": 0.004532377631778338, "completition_cost": 888.8888888888888, "overshoot_cost": 104.77038854542194, "power_cost": 21.000777880859378, "noise_cost": 33.079409457152984, "n_waypoints_completed": 1, "tot_waypoints": 9}}
{"target": -222.71739209871967, "params": {"k_pid_pos": [1.1061481676157732, 0.25419197898904056, 0.1748654537076869], "k_pid_alt": [1.3822651412879197, 0.0, 0.40205042401621893], "k_pid_att": [42.20780873732099, 3.2789567995543925, 0.6495137683686987], "k_pid_yaw": [0.5, 1e-06, 0.1], "k_pid_hsp": [0.4352832670319215, 0.2978652466772673, 0.0], "k_pid_vsp": [188.84102383475184, 71.89152461912411, 25.49094816665376]}, "datetime": {"datetime": "2025-08-11 17:55:50", "elapsed": 5429.577156305313, "delta": 20.43606948852539}, "costs": {"total_cost": 222.71739209871967, "time_cost": 80.262, "final_distance_cost": 1.7995054909779022, "oscillation_cost": 47.37353936346104, "completition_cost": 0.0, "overshoot_cost": 51.433439541110864, "power_cost": 21.20059919433594, "noise_cost": 20.648308508833903, "n_waypoints_completed": 9, "tot_waypoints": 9}}
{"target": -1704.2881196184, "params": {"k_pid_pos": [0.0001, 0.05204089489601961, 0.0], "k_pid_alt": [1.1590629844601608, 0.0, 0.45426318415559547], "k_pid_att": [11.791978906504472, 4.538832504219791, 0.15378250887293915], "k_pid_yaw": [0.5, 1e-06, 0.1], "k_pid_hsp": [0.0001, 0.14114798785043242, 0.24818778573210692], "k_pid_vsp": [155.1700858254977, 73.1528837855488, 1e-06]}, "datetime": {"datetime": "2025-08-11 17:56:22", "elapsed": 5461.571640014648, "delta": 31.994483709335327}, "costs": {"total_cost": 1704.2881196184, "time_cost": 150, "final_distance_cost": 60.198253594644285, "oscillation_cost": 439.3865833179849, "completition_cost": 888.8888888888888, "overshoot_cost": 107.44828641673334, "power_cost": 25.936365771484375, "noise_cost": 32.42974162866445, "n_waypoints_completed": 1, "tot_waypoints": 9}}
