{"target": -184.41183630746173, "params": {"k_pid_pos": [0.7352486862526953, 0.0, 0.0], "k_pid_alt": [1.6772812210504597, 0.0, 0.18252687685968386], "k_pid_att": [27.24727193965955, 2.103745444972706, 0.20297971502979878], "k_pid_yaw": [0.5, 1e-06, 0.1], "k_pid_hsp": [0.22127532674788625, 0.0, 0.0], "k_pid_vsp": [143.14741711791416, 53.74888440413565, 3.029312064629946]}, "datetime": {"datetime": "2025-08-11 22:19:18", "elapsed": 21237.977372407913, "delta": 18.1578209400177}, "costs": {"total_cost": 184.41183630746173, "time_cost": 70.763, "final_distance_cost": 1.8474069430164872, "oscillation_cost": 25.485427594114203, "completition_cost": 0.0, "overshoot_cost": 50.474786348027074, "power_cost": 14.317848913574219, "noise_cost": 21.52336650872977, "n_waypoints_completed": 9, "tot_waypoints": 9}}
{"target": -184.68094852801917, "params": {"k_pid_pos": [0.540660477955122, 0.0, 0.0], "k_pid_alt": [1.56612939211334, 0.0, 0.15777079384781667], "k_pid_att": [26.08483851622615, 2.3013523501252546, 0.19056071592802595], "k_pid_yaw": [0.5, 1e-06, 0.1], "k_pid_hsp": [0.12541410512224807, 0.0, 0.0], "k_pid_vsp": [141.40896608079845, 53.862284021574695, 2.6828525928231266]}, "datetime": {"datetime": "2025-08-11 22:19:36", "elapsed": 21255.596361637115, "delta": 17.61898922920227}, "costs": {"total_cost": 184.68094852801917, "time_cost": 72.83500000000001, "final_distance_cost": 1.8397747157723503, "oscillation_cost": 22.15213180277621, "completition_cost": 0.0, "overshoot_cost": 51.330946132864874, "power_cost": 14.324683044433595, "noise_cost": 22.198412832172146, "n_waypoints_completed": 9, "tot_waypoints": 9}}
{"target": -194.99776917230463, "params": {"k_pid_pos": [0.4036204708918984, 0.0, 0.0], "k_pid_alt": [1.6482664969257166, 0.0, 0.20623767269679655], "k_pid_att": [26.685886327509703, 0.0001, 0.43559249764449637], "k_pid_yaw": [0.5, 1e-06, 0.1], "k_pid_hsp": [0.15377825056148184, 0.0, 0.0], "k_pid_vsp": [111.04677929948687, 49.64462825491891, 2.9390067575771885]}, "datetime": {"datetime": "2025-08-11 22:19:56", "elapsed": 21275.47439098358, "delta": 19.878029346466064}, "costs": {"total_cost": 194.99776917230463, "time_cost": 79.8, "final_distance_cost": 1.8544525500450721, "oscillation_cost": 20.763674267988993, "completition_cost": 0.0, "overshoot_cost": 52.036678019801066, "power_cost": 15.346369738769532, "noise_cost": 25.196594595699956, "n_waypoints_completed": 9, "tot_waypoints": 9}}
{"target": -183.47623321603174, "params": {"k_pid_pos": [0.6514094611732113, 0.0, 0.0], "k_pid_alt": [1.7355253199881497, 0.0, 0.13838161685287648], "k_pid_att": [25.37415582744967, 2.397383159788166, 0.19954790155128085], "k_pid_yaw": [0.5, 1e-06, 0.1], "k_pid_hsp": [0.09644423011639348, 0.0, 0.0], "k_pid_vsp": [144.41330238398365, 53.902229947499215, 2.646935701624125]}, "datetime": {"datetime": "2025-08-11 22:20:14", "elapsed": 21293.674189567566, "delta": 18.199798583984375}, "costs": {"total_cost": 183.47623321603174, "time_cost": 71.631, "final_distance_cost": 1.8234617153366064, "oscillation_cost": 22.09827346895833, "completition_cost": 0.0, "overshoot_cost": 52.23059168937407, "power_cost": 14.131607775878907, "noise_cost": 21.561298566483813, "n_waypoints_completed": 9, "tot_waypoints": 9}}
{"target": -187.86755611552098, "params": {"k_pid_pos": [0.5682540327184242, 0.0, 0.0], "k_pid_alt": [0.8421777129011182, 0.0, 0.08669302673309714], "k_pid_att": [18.56097234458181, 2.0008640421625348, 0.21065589151405278], "k_pid_yaw": [0.5, 1e-06, 0.1], "k_pid_hsp": [0.1472548629710578, 0.0, 0.0], "k_pid_vsp": [147.47689638870582, 62.098242950438205, 1.3817141746168922]}, "datetime": {"datetime": "2025-08-11 22:20:32", "elapsed": 21311.952022075653, "delta": 18.277832508087158}, "costs": {"total_cost": 187.86755611552098, "time_cost": 74.683, "final_distance_cost": 1.8400805464318561, "oscillation_cost": 23.280582890090717, "completition_cost": 0.0, "overshoot_cost": 51.093307151263225, "power_cost": 14.676177514648439, "noise_cost": 22.29440801308676, "n_waypoints_completed": 9, "tot_waypoints": 9}}
{"target": -182.91563249809585, "params": {"k_pid_pos": [0.512933964364547, 0.0, 0.0], "k_pid_alt": [1.503540926599671, 0.0, 0.10331376424980081], "k_pid_att": [20.647842676807066, 2.4083660238395117, 0.25605537930057165], "k_pid_yaw": [0.5, 1e-06, 0.1], "k_pid_hsp": [0.09447032981289641, 0.0, 0.0], "k_pid_vsp": [147.99928508319138, 57.56137536893257, 2.9590150665363106]}, "datetime": {"datetime": "2025-08-11 22:20:50", "elapsed": 21330.08165884018, "delta": 18.129636764526367}, "costs": {"total_cost": 182.91563249809585, "time_cost": 73.276, "final_distance_cost": 1.8319753126838842, "oscillation_cost": 19.28872334329353, "completition_cost": 0.0, "overshoot_cost": 52.22813608443321, "power_cost": 14.18410213623047, "noise_cost": 22.106695621454747, "n_waypoints_completed": 9, "tot_waypoints": 9}}
{"target": -182.94074622657385, "params": {"k_pid_pos": [0.49153507482861475, 0.0, 0.0], "k_pid_alt": [1.6638532336284981, 0.0, 0.15513016806869798], "k_pid_att": [28.18338067856172, 2.4326579868389593, 0.19912177286701313], "k_pid_yaw": [0.5, 1e-06, 0.1], "k_pid_hsp": [0.10017387951103013, 0.0, 0.0], "k_pid_vsp": [141.73937039058873, 60.418852461575305, 2.8445158077533765]}, "datetime": {"datetime": "2025-08-11 22:21:09", "elapsed": 21349.19873380661, "delta": 19.117074966430664}, "costs": {"total_cost": 182.94074622657385, "time_cost": 73.521, "final_distance_cost": 1.8431783529391934, "oscillation_cost": 19.076920588161684, "completition_cost": 0.0, "overshoot_cost": 51.86101091597089, "power_cost": 14.2479177734375, "noise_cost": 22.390718596064577, "n_waypoints_completed": 9, "tot_waypoints": 9}}
{"target": -182.74543557133194, "params": {"k_pid_pos": [0.5394294955578358, 0.0, 0.0], "k_pid_alt": [1.6309906364155182, 0.0, 0.2045330259402363], "k_pid_att": [22.149495900738174, 2.3676415240005473, 0.20419932987366693], "k_pid_yaw": [0.5, 1e-06, 0.1], "k_pid_hsp": [0.09436579642411327, 0.0, 0.0], "k_pid_vsp": [142.10739211664634, 54.21703245298871, 2.4595734005710534]}, "datetime": {"datetime": "2025-08-11 22:21:28", "elapsed": 21367.48383164406, "delta": 18.28509783744812}, "costs": {"total_cost": 182.74543557133194, "time_cost": 72.891, "final_distance_cost": 1.8132841497845342, "oscillation_cost": 20.043521534543768, "completition_cost": 0.0, "overshoot_cost": 51.79235099937002, "power_cost": 14.1719548828125, "noise_cost": 22.033324004821097, "n_waypoints_completed": 9, "tot_waypoints": 9}}
{"target": -183.60135683495622, "params": {"k_pid_pos": [0.5883217093189705, 0.0, 0.0], "k_pid_alt": [1.6283972409340026, 0.0, 0.07521022349586426], "k_pid_att": [25.186243599626657, 2.3541092183753505, 0.12388089722610135], "k_pid_yaw": [0.5, 1e-06, 0.1], "k_pid_hsp": [0.11034778603884186, 0.0, 0.0], "k_pid_vsp": [142.7610469526713, 51.680168316680174, 1.6650185391165362]}, "datetime": {"datetime": "2025-08-11 22:21:45", "elapsed": 21385.03760766983, "delta": 17.553776025772095}, "costs": {"total_cost": 183.60135683495622, "time_cost": 71.925, "final_distance_cost": 1.8199469773063268, "oscillation_cost": 22.007610882606116, "completition_cost": 0.0, "overshoot_cost": 51.773493968840114, "power_cost": 14.186231481933595, "noise_cost": 21.889073524270085, "n_waypoints_completed": 9, "tot_waypoints": 9}}
{"target": -184.52102452343647, "params": {"k_pid_pos": [0.6084982372904201, 0.0, 0.001654411061842595], "k_pid_alt": [1.762144409670948, 0.0, 0.2509180922169773], "k_pid_att": [30.37017615135545, 2.4086920069152127, 0.22263759708451614], "k_pid_yaw": [0.5, 1e-06, 0.1], "k_pid_hsp": [0.135947882632534, 0.0, 0.0], "k_pid_vsp": [159.86177632778654, 55.176470329045856, 3.5177948633154483]}, "datetime": {"datetime": "2025-08-11 22:22:03", "elapsed": 21402.41595506668, "delta": 17.378347396850586}, "costs": {"total_cost": 184.52102452343647, "time_cost": 71.855, "final_distance_cost": 1.8440822320058674, "oscillation_cost": 23.540132764960568, "completition_cost": 0.0, "overshoot_cost": 51.35651228374425, "power_cost": 14.18933387451172, "noise_cost": 21.735963368214037, "n_waypoints_completed": 9, "tot_waypoints": 9}}
{"target": -188.26280615577195, "params": {"k_pid_pos": [0.40422596361552443, 0.0, 0.0], "k_pid_alt": [1.7156174038526306, 0.0, 0.04131121780401635], "k_pid_att": [28.987576798771165, 2.4905833932524573, 0.19751647093017144], "k_pid_yaw": [0.5, 1e-06, 0.1], "k_pid_hsp": [0.11269149504680313, 0.0, 0.0], "k_pid_vsp": [135.15555970984474, 54.38044573362418, 1.8502342203056845]}, "datetime": {"datetime": "2025-08-11 22:22:22", "elapsed": 21421.8738758564, "delta": 19.457920789718628}, "costs": {"total_cost": 188.26280615577195, "time_cost": 76.881, "final_distance_cost": 1.8529622184942567, "oscillation_cost": 18.25243455913365, "completition_cost": 0.0, "overshoot_cost": 52.59843852265343, "power_cost": 14.774822778320313, "noise_cost": 23.903148077170314, "n_waypoints_completed": 9, "tot_waypoints": 9}}
{"target": -186.86051468882897, "params": {"k_pid_pos": [0.5387796830443349, 0.0, 0.0], "k_pid_alt": [1.6558624526347008, 0.0, 0.15183471143797617], "k_pid_att": [27.71796150677122, 2.5034838971403635, 0.24077230068204292], "k_pid_yaw": [0.5, 1e-06, 0.1], "k_pid_hsp": [0.06343803379019011, 0.0, 0.0], "k_pid_vsp": [98.02481819427413, 66.93323814599258, 2.0428217804796]}, "datetime": {"datetime": "2025-08-11 22:22:42", "elapsed": 21441.54818725586, "delta": 19.67431139945984}, "costs": {"total_cost": 186.86051468882897, "time_cost": 76.349, "final_distance_cost": 1.8047831786464064, "oscillation_cost": 17.066442088912098, "completition_cost": 0.0, "overshoot_cost": 53.87225607754116, "power_cost": 14.631551586914064, "noise_cost": 23.136481756815243, "n_waypoints_completed": 9, "tot_waypoints": 9}}
{"target": -183.2999397757985, "params": {"k_pid_pos": [0.6029528417829346, 0.0, 0.0], "k_pid_alt": [1.8991997148974065, 0.0, 0.3348172882430215], "k_pid_att": [22.546551563123362, 2.533527795875134, 0.2018847302862872], "k_pid_yaw": [0.5, 1e-06, 0.1], "k_pid_hsp": [0.1136579601080065, 0.0, 0.0], "k_pid_vsp": [138.36889434062363, 55.973638594745715, 2.9034556460345833]}, "datetime": {"datetime": "2025-08-11 22:23:00", "elapsed": 21459.408441066742, "delta": 17.86025381088257}, "costs": {"total_cost": 183.2999397757985, "time_cost": 71.743, "final_distance_cost": 1.835203131263471, "oscillation_cost": 22.7175803229293, "completition_cost": 0.0, "overshoot_cost": 51.38623306811294, "power_cost": 14.064525219726564, "noise_cost": 21.553398033766236, "n_waypoints_completed": 9, "tot_waypoints": 9}}
{"target": -184.10470302497836, "params": {"k_pid_pos": [0.47899720323143835, 0.0, 0.0], "k_pid_alt": [1.5572568675037028, 0.0, 0.0899339273462503], "k_pid_att": [19.497791645124536, 1.7440150542531232, 0.19557539591653156], "k_pid_yaw": [0.5, 1e-06, 0.1], "k_pid_hsp": [0.10506260333475509, 0.0, 0.0], "k_pid_vsp": [143.63277820663436, 41.4494648526139, 1.8918246475528133]}, "datetime": {"datetime": "2025-08-11 22:23:19", "elapsed": 21478.88058614731, "delta": 19.472145080566406}, "costs": {"total_cost": 184.10470302497836, "time_cost": 73.997, "final_distance_cost": 1.8338173912918252, "oscillation_cost": 19.22405749098088, "completition_cost": 0.0, "overshoot_cost": 52.16931492536166, "power_cost": 14.315126440429689, "noise_cost": 22.5653867769143, "n_waypoints_completed": 9, "tot_waypoints": 9}}
{"target": -184.55942014415652, "params": {"k_pid_pos": [0.652736438020426, 0.0, 0.0], "k_pid_alt": [1.6124104933127772, 0.0, 0.11371094588767836], "k_pid_att": [27.9813312401233, 2.3404038462137744, 0.06248326363367546], "k_pid_yaw": [0.5, 1e-06, 0.1], "k_pid_hsp": [0.10102881707479858, 0.0, 0.0], "k_pid_vsp": [166.95059588968016, 57.40164185725741, 0.6534701488658887]}, "datetime": {"datetime": "2025-08-11 22:23:38", "elapsed": 21497.6454808712, "delta": 18.764894723892212}, "costs": {"total_cost": 184.55942014415652, "time_cost": 71.526, "final_distance_cost": 1.811751299781307, "oscillation_cost": 23.768582231506205, "completition_cost": 0.0, "overshoot_cost": 51.85309056877592, "power_cost": 14.102279479980469, "noise_cost": 21.497716564112633, "n_waypoints_completed": 9, "tot_waypoints": 9}}
{"target": -185.46682739542382, "params": {"k_pid_pos": [0.6048609435050417, 0.0, 0.0], "k_pid_alt": [1.6729948471495992, 0.0, 0.23886551746118356], "k_pid_att": [21.456834384585257, 2.7637058268618837, 0.19142065760413746], "k_pid_yaw": [0.5, 1e-06, 0.1], "k_pid_hsp": [0.15290498717871065, 0.0, 0.0], "k_pid_vsp": [141.22561760342114, 68.85837864713916, 2.361314764316184]}, "datetime": {"datetime": "2025-08-11 22:23:56", "elapsed": 21515.78272628784, "delta": 18.137245416641235}, "costs": {"total_cost": 185.46682739542382, "time_cost": 72.03, "final_distance_cost": 1.8381851428841027, "oscillation_cost": 24.427499771410815, "completition_cost": 0.0, "overshoot_cost": 50.97372814063113, "power_cost": 14.347391809082032, "noise_cost": 21.850022531415746, "n_waypoints_completed": 9, "tot_waypoints": 9}}
{"target": -185.67066451190442, "params": {"k_pid_pos": [0.9127900773315258, 0.0, 0.22266679152083332], "k_pid_alt": [1.7281075641500292, 0.0, 0.23094426436004867], "k_pid_att": [38.13188924895482, 2.7875548280670595, 0.1866645245512391], "k_pid_yaw": [0.5, 1e-06, 0.1], "k_pid_hsp": [0.22102188200521006, 0.0, 0.0], "k_pid_vsp": [153.4017240255415, 57.02894468639898, 1.809223379487737]}, "datetime": {"datetime": "2025-08-11 22:24:14", "elapsed": 21533.70629954338, "delta": 17.92357325553894}, "costs": {"total_cost": 185.67066451190442, "time_cost": 70.952, "final_distance_cost": 1.843114593424345, "oscillation_cost": 25.99658915727526, "completition_cost": 0.0, "overshoot_cost": 50.85683442627947, "power_cost": 14.369051989746094, "noise_cost": 21.653074345179245, "n_waypoints_completed": 9, "tot_waypoints": 9}}
{"target": -184.45877420569832, "params": {"k_pid_pos": [0.739493333229307, 0.0, 0.034995852259032505], "k_pid_alt": [1.675585427244046, 0.0, 0.22197268021581637], "k_pid_att": [47.00786727364283, 2.6574402319659063, 0.20018922944680437], "k_pid_yaw": [0.5, 1e-06, 0.1], "k_pid_hsp": [0.19386762418042328, 0.0, 0.0], "k_pid_vsp": [136.72995671463113, 95.77103061071082, 1e-06]}, "datetime": {"datetime": "2025-08-11 22:24:33", "elapsed": 21552.479930877686, "delta": 18.77363133430481}, "costs": {"total_cost": 184.45877420569832, "time_cost": 70.721, "final_distance_cost": 1.8398264287400512, "oscillation_cost": 25.47434263296408, "completition_cost": 0.0, "overshoot_cost": 50.69174171121013, "power_cost": 14.271484912109376, "noise_cost": 21.46037852067469, "n_waypoints_completed": 9, "tot_waypoints": 9}}
{"target": -183.28992823677459, "params": {"k_pid_pos": [0.6242167012527537, 0.0, 0.0], "k_pid_alt": [1.4761664835624448, 0.0, 0.1789656648966022], "k_pid_att": [45.11939733804763, 2.5640334299332825, 0.203307856598339], "k_pid_yaw": [0.5, 1e-06, 0.1], "k_pid_hsp": [0.11046343658329943, 0.0, 0.0], "k_pid_vsp": [102.72438937173165, 51.89657756226694, 1.1565293364327418]}, "datetime": {"datetime": "2025-08-11 22:24:51", "elapsed": 21570.991547584534, "delta": 18.511616706848145}, "costs": {"total_cost": 183.28992823677459, "time_cost": 71.68, "final_distance_cost": 1.8145440268776296, "oscillation_cost": 22.481683608782177, "completition_cost": 0.0, "overshoot_cost": 51.70423135328048, "power_cost": 14.113079223632813, "noise_cost": 21.496390024201485, "n_waypoints_completed": 9, "tot_waypoints": 9}}
{"target": -186.36334388537009, "params": {"k_pid_pos": [0.5563368990786548, 0.0, 0.0], "k_pid_alt": [1.6549340345188224, 0.0, 0.11007418809082878], "k_pid_att": [28.0804235637902, 2.6602054595644855, 0.19218210771994385], "k_pid_yaw": [0.5, 1e-06, 0.1], "k_pid_hsp": [0.15163724242104012, 0.0, 0.0], "k_pid_vsp": [163.48364229355036, 52.84245029334472, 1e-06]}, "datetime": {"datetime": "2025-08-11 22:25:09", "elapsed": 21589.043526649475, "delta": 18.051979064941406}, "costs": {"total_cost": 186.36334388537009, "time_cost": 73.01, "final_distance_cost": 1.849487810094141, "oscillation_cost": 23.519195570258187, "completition_cost": 0.0, "overshoot_cost": 51.15524750036774, "power_cost": 14.447194787597656, "noise_cost": 22.382218217052344, "n_waypoints_completed": 9, "tot_waypoints": 9}}
{"target": -182.75951250673083, "params": {"k_pid_pos": [0.5334446840055976, 0.0, 0.0], "k_pid_alt": [1.662737919080269, 0.0, 0.13307454791213044], "k_pid_att": [26.61798891119499, 2.368229030085618, 0.22892049598555705], "k_pid_yaw": [0.5, 1e-06, 0.1], "k_pid_hsp": [0.1025338910543144, 0.0, 0.0], "k_pid_vsp": [142.80969025059386, 53.909512983712645, 2.4437766193509844]}, "datetime": {"datetime": "2025-08-11 22:25:28", "elapsed": 21607.81805205345, "delta": 18.77452540397644}, "costs": {"total_cost": 182.75951250673083, "time_cost": 72.751, "final_distance_cost": 1.8204002727567479, "oscillation_cost": 20.37319697618101, "completition_cost": 0.0, "overshoot_cost": 51.58236107637107, "power_cost": 14.214861389160157, "noise_cost": 22.017692792261844, "n_waypoints_completed": 9, "tot_waypoints": 9}}
{"target": -194.87464363332498, "params": {"k_pid_pos": [0.6130082614872336, 0.00028130346560084445, 0.0], "k_pid_alt": [1.6763030844263156, 0.0, 0.13001009796925814], "k_pid_att": [28.79935475364104, 3.861731943512933, 0.22940789472556355], "k_pid_yaw": [0.5, 1e-06, 0.1], "k_pid_hsp": [0.053892597968344585, 0.0, 0.0], "k_pid_vsp": [51.1736874833341, 55.46847405567231, 3.7020198006961036]}, "datetime": {"datetime": "2025-08-11 22:25:49", "elapsed": 21628.514248609543, "delta": 20.69619655609131}, "costs": {"total_cost": 194.87464363332498, "time_cost": 80.78, "final_distance_cost": 1.8005926126653626, "oscillation_cost": 17.23262776966859, "completition_cost": 0.0, "overshoot_cost": 55.17057709127255, "power_cost": 15.355409326171875, "noise_cost": 24.535436833546612, "n_waypoints_completed": 9, "tot_waypoints": 9}}
{"target": -183.780873538331, "params": {"k_pid_pos": [0.7747929350400511, 0.0, 0.0], "k_pid_alt": [1.654724606824253, 0.0, 0.08835633345022657], "k_pid_att": [26.439413690861244, 2.5060013698833563, 0.1999048253419377], "k_pid_yaw": [0.5, 1e-06, 0.1], "k_pid_hsp": [0.0922521172025004, 0.0, 0.0], "k_pid_vsp": [142.11695548806665, 54.31498234345267, 2.7099936562603544]}, "datetime": {"datetime": "2025-08-11 22:26:07", "elapsed": 21646.442742347717, "delta": 17.92849373817444}, "costs": {"total_cost": 183.780873538331, "time_cost": 71.141, "final_distance_cost": 1.7939135164561857, "oscillation_cost": 23.74225756211415, "completition_cost": 0.0, "overshoot_cost": 51.61514501892465, "power_cost": 14.139060607910157, "noise_cost": 21.349496832925855, "n_waypoints_completed": 9, "tot_waypoints": 9}}
{"target": -182.43607340294295, "params": {"k_pid_pos": [0.5253996752073746, 0.0, 0.0], "k_pid_alt": [1.6104980770627242, 0.0, 0.09190659596918878], "k_pid_att": [26.570132850820936, 2.324145597047183, 0.20965760887496404], "k_pid_yaw": [0.5, 1e-06, 0.1], "k_pid_hsp": [0.09018757520762005, 0.0, 0.0], "k_pid_vsp": [141.58680100355454, 54.442822409156605, 2.145705556324508]}, "datetime": {"datetime": "2025-08-11 22:26:26", "elapsed": 21665.47782611847, "delta": 19.035083770751953}, "costs": {"total_cost": 182.43607340294295, "time_cost": 73.122, "final_distance_cost": 1.8136934867490238, "oscillation_cost": 19.254661943619446, "completition_cost": 0.0, "overshoot_cost": 51.97144208975806, "power_cost": 14.213010400390626, "noise_cost": 22.0612654824258, "n_waypoints_completed": 9, "tot_waypoints": 9}}
{"target": -449.11575886989937, "params": {"k_pid_pos": [0.568584679556217, 0.0, 0.0], "k_pid_alt": [1.68341508196921, 0.0, 0.243660515990596], "k_pid_att": [21.755567163139634, 2.2496091978787334, 0.19993680104920747], "k_pid_yaw": [0.5, 1e-06, 0.1], "k_pid_hsp": [0.023079205469707695, 0.0, 0.0], "k_pid_vsp": [150.47908588829225, 52.871816683020896, 1.0180588867579656]}, "datetime": {"datetime": "2025-08-11 22:26:56", "elapsed": 21696.068310022354, "delta": 30.590483903884888}, "costs": {"total_cost": 449.11575886989937, "time_cost": 150, "final_distance_cost": 66.70368161793098, "oscillation_cost": 8.696556319674851, "completition_cost": 111.11111111111116, "overshoot_cost": 58.40175580498966, "power_cost": 21.491181445312503, "noise_cost": 32.71147257088024, "n_waypoints_completed": 8, "tot_waypoints": 9}}
{"target": -665.4436533994195, "params": {"k_pid_pos": [0.6340935773587544, 0.0, 0.0030703935560492967], "k_pid_alt": [1.9249701283539054, 0.0, 0.11666091900670443], "k_pid_att": [21.86272257551371, 2.0782056097852175, 0.3142822627391262], "k_pid_yaw": [0.5, 1e-06, 0.1], "k_pid_hsp": [0.01723811915787261, 0.0, 0.0], "k_pid_vsp": [158.2906599392455, 50.6300711897742, 3.5151582946610636]}, "datetime": {"datetime": "2025-08-11 22:27:27", "elapsed": 21726.557909488678, "delta": 30.489599466323853}, "costs": {"total_cost": 665.4436533994195, "time_cost": 150, "final_distance_cost": 61.85669357417978, "oscillation_cost": 6.154372925871135, "completition_cost": 333.33333333333337, "overshoot_cost": 59.50276209464926, "power_cost": 21.731563671875, "noise_cost": 32.86492779951096, "n_waypoints_completed": 6, "tot_waypoints": 9}}
{"target": -183.5964985034792, "params": {"k_pid_pos": [0.6541573682270574, 0.0, 0.0], "k_pid_alt": [1.743704812907472, 0.0, 0.16510330183822103], "k_pid_att": [23.174637374212775, 2.245018215407754, 0.19365674023509452], "k_pid_yaw": [0.5, 1e-06, 0.1], "k_pid_hsp": [0.13453019619713544, 0.0, 0.0], "k_pid_vsp": [140.75585739725753, 65.41415581203272, 4.270608675714456]}, "datetime": {"datetime": "2025-08-11 22:27:45", "elapsed": 21745.25154018402, "delta": 18.693630695343018}, "costs": {"total_cost": 183.5964985034792, "time_cost": 71.113, "final_distance_cost": 1.8418751199629855, "oscillation_cost": 23.901947597008036, "completition_cost": 0.0, "overshoot_cost": 51.16666387016534, "power_cost": 14.123472717285157, "noise_cost": 21.449539199057696, "n_waypoints_completed": 9, "tot_waypoints": 9}}
