{"target": -186.0251162456565, "params": {"k_pid_pos": [0.5941279084450402, 0.0, 0.0], "k_pid_alt": [1.5807125437722722, 0.0, 0.39754232067685014], "k_pid_att": [26.594221617773655, 2.2326997383108496, 0.18510651531346767], "k_pid_yaw": [0.5, 1e-06, 0.1], "k_pid_hsp": [0.14978868522259509, 0.0, 0.0], "k_pid_vsp": [145.29135113608433, 54.241203530221874, 0.09002087534755909]}, "datetime": {"datetime": "2025-08-11 22:36:23", "elapsed": 22262.606990337372, "delta": 17.99977207183838}, "costs": {"total_cost": 186.0251162456565, "time_cost": 72.66, "final_distance_cost": 1.831555585134575, "oscillation_cost": 23.97235345890988, "completition_cost": 0.0, "overshoot_cost": 51.092873440601295, "power_cost": 14.44396083984375, "noise_cost": 22.02437292116702, "n_waypoints_completed": 9, "tot_waypoints": 9}}
{"target": -197.98716577797603, "params": {"k_pid_pos": [0.5738462341389384, 0.0, 0.0007159011215762375], "k_pid_alt": [1.7794943704005834, 0.0, 0.23231067464914407], "k_pid_att": [24.52036688139033, 2.3524941601135057, 0.31482463679733363], "k_pid_yaw": [0.5, 1e-06, 0.1], "k_pid_hsp": [0.595823222501345, 0.0, 0.0], "k_pid_vsp": [133.86700319424423, 55.14708921471191, 2.667596287928617]}, "datetime": {"datetime": "2025-08-11 22:36:43", "elapsed": 22283.09611582756, "delta": 20.4891254901886}, "costs": {"total_cost": 197.98716577797603, "time_cost": 77.896, "final_distance_cost": 1.8566487021311417, "oscillation_cost": 27.197518137280138, "completition_cost": 0.0, "overshoot_cost": 51.06229769490155, "power_cost": 15.519756982421876, "noise_cost": 24.45494426124132, "n_waypoints_completed": 9, "tot_waypoints": 9}}
{"target": -196.63227449582203, "params": {"k_pid_pos": [0.568327915587488, 0.0, 0.0], "k_pid_alt": [1.6952250380511475, 0.0, 0.16006750094428884], "k_pid_att": [22.776451088810404, 2.1331211835027926, 0.1819791084703714], "k_pid_yaw": [0.5, 1e-06, 0.1], "k_pid_hsp": [0.05140805029882112, 0.0, 0.0], "k_pid_vsp": [145.30592838526056, 54.601063283954716, 4.258950310372083]}, "datetime": {"datetime": "2025-08-11 22:37:04", "elapsed": 22304.01173210144, "delta": 20.915616273880005}, "costs": {"total_cost": 196.63227449582203, "time_cost": 82.362, "final_distance_cost": 1.7856097224640108, "oscillation_cost": 16.011438259703674, "completition_cost": 0.0, "overshoot_cost": 55.89865714857503, "power_cost": 15.515025085449219, "noise_cost": 25.059544279630067, "n_waypoints_completed": 9, "tot_waypoints": 9}}
{"target": -182.83223875896496, "params": {"k_pid_pos": [0.5330519818082629, 0.0, 0.0], "k_pid_alt": [1.6382294000605087, 0.0, 0.14159392621352346], "k_pid_att": [24.939901676970265, 2.260698291303308, 0.19738414848205244], "k_pid_yaw": [0.5, 1e-06, 0.1], "k_pid_hsp": [0.09459414253032447, 0.0, 0.0], "k_pid_vsp": [142.770296456528, 55.38773084473222, 2.3503026516260515]}, "datetime": {"datetime": "2025-08-11 22:37:23", "elapsed": 22322.479651212692, "delta": 18.46791911125183}, "costs": {"total_cost": 182.83223875896496, "time_cost": 72.898, "final_distance_cost": 1.818372413503429, "oscillation_cost": 20.016613020546494, "completition_cost": 0.0, "overshoot_cost": 51.88921529261852, "power_cost": 14.1827783203125, "noise_cost": 22.027259711984016, "n_waypoints_completed": 9, "tot_waypoints": 9}}
{"target": -183.5566007420272, "params": {"k_pid_pos": [0.6610315999840208, 0.0, 0.0], "k_pid_alt": [1.6362787479152756, 0.0, 0.11262797445981164], "k_pid_att": [28.052889453482777, 2.485288566209588, 0.19332533691581136], "k_pid_yaw": [0.5, 1e-06, 0.1], "k_pid_hsp": [0.1030180922861332, 0.0, 0.0], "k_pid_vsp": [151.3798168604087, 52.493131937950764, 1.859893530189531]}, "datetime": {"datetime": "2025-08-11 22:37:41", "elapsed": 22340.873824596405, "delta": 18.39417338371277}, "costs": {"total_cost": 183.5566007420272, "time_cost": 71.428, "final_distance_cost": 1.8164021133475288, "oscillation_cost": 22.552427686494763, "completition_cost": 0.0, "overshoot_cost": 52.09248504490889, "power_cost": 14.146520617675781, "noise_cost": 21.520765279600262, "n_waypoints_completed": 9, "tot_waypoints": 9}}
{"target": -182.57871295612028, "params": {"k_pid_pos": [0.5417372485677916, 0.0, 0.0], "k_pid_alt": [1.6773441248865952, 0.0, 0.032604409513872945], "k_pid_att": [25.77632275264159, 2.0989130684790127, 0.2094633857021126], "k_pid_yaw": [0.5, 1e-06, 0.1], "k_pid_hsp": [0.08690336702887361, 0.0, 0.0], "k_pid_vsp": [118.61990583002728, 52.70971138928332, 1.56568830898645]}, "datetime": {"datetime": "2025-08-11 22:38:00", "elapsed": 22359.715220689774, "delta": 18.84139609336853}, "costs": {"total_cost": 182.57871295612028, "time_cost": 72.961, "final_distance_cost": 1.8079246173985049, "oscillation_cost": 19.144211972377224, "completition_cost": 0.0, "overshoot_cost": 52.54580230536875, "power_cost": 14.119107104492189, "noise_cost": 22.000666956483617, "n_waypoints_completed": 9, "tot_waypoints": 9}}
{"target": -201.42049583840227, "params": {"k_pid_pos": [0.6981810894521778, 0.0, 0.0], "k_pid_alt": [1.7105582709837315, 0.0, 0.013258233397152513], "k_pid_att": [23.604414217011435, 2.4801051857424246, 0.19392676787416385], "k_pid_yaw": [0.5, 1e-06, 0.1], "k_pid_hsp": [0.045798109083969, 0.0, 0.0], "k_pid_vsp": [139.6273260371917, 54.738359936667756, 1.9741273321051775]}, "datetime": {"datetime": "2025-08-11 22:38:22", "elapsed": 22381.572640895844, "delta": 21.857420206069946}, "costs": {"total_cost": 201.42049583840227, "time_cost": 84.042, "final_distance_cost": 1.8067794324745288, "oscillation_cost": 16.969777143861354, "completition_cost": 0.0, "overshoot_cost": 57.041115647960176, "power_cost": 15.889154223632813, "noise_cost": 25.67166939047343, "n_waypoints_completed": 9, "tot_waypoints": 9}}
{"target": -188.95350910665854, "params": {"k_pid_pos": [0.5081983457040862, 0.0, 0.0], "k_pid_alt": [1.5983474549650316, 0.0, 0.09896836384063593], "k_pid_att": [24.957604204091663, 2.3744074274268385, 0.18867159451588258], "k_pid_yaw": [0.5, 1e-06, 0.1], "k_pid_hsp": [0.05833071856655567, 0.0, 0.0], "k_pid_vsp": [141.69024638342202, 53.85113403817698, 2.9706991848254023]}, "datetime": {"datetime": "2025-08-11 22:38:41", "elapsed": 22400.903395175934, "delta": 19.330754280090332}, "costs": {"total_cost": 188.95350910665854, "time_cost": 78.19, "final_distance_cost": 1.8003328991835086, "oscillation_cost": 15.976257431180846, "completition_cost": 0.0, "overshoot_cost": 54.39518838581259, "power_cost": 14.870944372558595, "noise_cost": 23.72078601792302, "n_waypoints_completed": 9, "tot_waypoints": 9}}
{"target": -190.51262981173542, "params": {"k_pid_pos": [0.7290894595036124, 0.0, 0.0], "k_pid_alt": [1.688205056530269, 0.0, 0.133395154029246], "k_pid_att": [26.87006648591431, 1.1675827759392288, 0.10420490018967749], "k_pid_yaw": [0.5, 1e-06, 0.1], "k_pid_hsp": [0.06447944410778983, 0.0, 0.0], "k_pid_vsp": [140.26408563097038, 70.44814740851986, 1.7912706105562786]}, "datetime": {"datetime": "2025-08-11 22:39:01", "elapsed": 22420.631246566772, "delta": 19.727851390838623}, "costs": {"total_cost": 190.51262981173542, "time_cost": 76.272, "final_distance_cost": 1.7904418157123434, "oscillation_cost": 21.162254981392632, "completition_cost": 0.0, "overshoot_cost": 53.59872891251822, "power_cost": 14.752019104003907, "noise_cost": 22.937184998108332, "n_waypoints_completed": 9, "tot_waypoints": 9}}
{"target": -182.3699046435031, "params": {"k_pid_pos": [0.5538153661648442, 0.0, 0.0], "k_pid_alt": [1.6277180632158863, 0.0, 0.13452561781529018], "k_pid_att": [27.1645496496719, 2.2352313963972787, 0.20246112545646242], "k_pid_yaw": [0.5, 1e-06, 0.1], "k_pid_hsp": [0.09689859279125472, 0.0, 0.0], "k_pid_vsp": [144.835015346581, 53.63473157876356, 2.9974021235019683]}, "datetime": {"datetime": "2025-08-11 22:39:21", "elapsed": 22440.894594430923, "delta": 20.263347864151}, "costs": {"total_cost": 182.3699046435031, "time_cost": 72.583, "final_distance_cost": 1.8316786686450512, "oscillation_cost": 20.09979133464311, "completition_cost": 0.0, "overshoot_cost": 51.80748395999838, "power_cost": 14.162817980957032, "noise_cost": 21.885132699259522, "n_waypoints_completed": 9, "tot_waypoints": 9}}
{"target": -189.16688188726465, "params": {"k_pid_pos": [0.5093256117493605, 0.0, 0.0], "k_pid_alt": [2.0, 0.0, 0.19445260716148885], "k_pid_att": [31.379414092951105, 2.3985838209847485, 0.204624470149502], "k_pid_yaw": [0.5, 1e-06, 0.1], "k_pid_hsp": [0.05826018511941876, 0.0, 0.0], "k_pid_vsp": [133.9113819667059, 47.303512078902116, 2.4114305530282945]}, "datetime": {"datetime": "2025-08-11 22:39:42", "elapsed": 22461.849779367447, "delta": 20.955184936523438}, "costs": {"total_cost": 189.16688188726465, "time_cost": 78.08500000000001, "final_distance_cost": 1.7929071064484225, "oscillation_cost": 15.97960216240696, "completition_cost": 0.0, "overshoot_cost": 54.72925113696894, "power_cost": 14.790408752441406, "noise_cost": 23.789712728998882, "n_waypoints_completed": 9, "tot_waypoints": 9}}
{"target": -182.3251847755268, "params": {"k_pid_pos": [0.5437711828258066, 0.0, 0.0], "k_pid_alt": [1.6592241557146166, 0.0, 0.14407567324516307], "k_pid_att": [23.87877972707254, 2.364124348743745, 0.2285885914073515], "k_pid_yaw": [0.5, 1e-06, 0.1], "k_pid_hsp": [0.09177797392668433, 0.0, 0.0], "k_pid_vsp": [132.84604950332704, 57.7849328346141, 1.3503878589946527]}, "datetime": {"datetime": "2025-08-11 22:40:01", "elapsed": 22480.456790447235, "delta": 18.607011079788208}, "costs": {"total_cost": 182.3251847755268, "time_cost": 72.793, "final_distance_cost": 1.823612918361236, "oscillation_cost": 19.593923107279902, "completition_cost": 0.0, "overshoot_cost": 52.033933646853555, "power_cost": 14.17766572265625, "noise_cost": 21.90304938037586, "n_waypoints_completed": 9, "tot_waypoints": 9}}
{"target": -183.0267455726895, "params": {"k_pid_pos": [0.5703372467283591, 0.0, 0.0], "k_pid_alt": [1.6588101535908883, 0.0, 0.11894529968327447], "k_pid_att": [25.372732470925524, 2.254424946696753, 0.1960594415524919], "k_pid_yaw": [0.5, 1e-06, 0.1], "k_pid_hsp": [0.09673585128553434, 0.0, 0.0], "k_pid_vsp": [141.96393893337742, 53.57181445691438, 2.008132947409613]}, "datetime": {"datetime": "2025-08-11 22:40:19", "elapsed": 22499.31594991684, "delta": 18.859159469604492}, "costs": {"total_cost": 183.0267455726895, "time_cost": 72.345, "final_distance_cost": 1.8215978735909097, "oscillation_cost": 20.657235062372845, "completition_cost": 0.0, "overshoot_cost": 52.19297544155824, "power_cost": 14.153064807128906, "noise_cost": 21.856872388038596, "n_waypoints_completed": 9, "tot_waypoints": 9}}
{"target": -183.2915720913681, "params": {"k_pid_pos": [0.5699932155099903, 0.0, 0.0], "k_pid_alt": [1.716930968195965, 0.0, 0.15613103005757642], "k_pid_att": [27.84054735240455, 2.3621326211198395, 0.20560705813723873], "k_pid_yaw": [0.5, 1e-06, 0.1], "k_pid_hsp": [0.10419086244025123, 0.0, 0.0], "k_pid_vsp": [140.59124337914926, 54.3039602862783, 2.366455883088955]}, "datetime": {"datetime": "2025-08-11 22:40:38", "elapsed": 22517.446402788162, "delta": 18.130452871322632}, "costs": {"total_cost": 183.2915720913681, "time_cost": 72.205, "final_distance_cost": 1.8268135355966792, "oscillation_cost": 21.219582779146847, "completition_cost": 0.0, "overshoot_cost": 52.11060510476317, "power_cost": 14.144527539062501, "noise_cost": 21.785043132798908, "n_waypoints_completed": 9, "tot_waypoints": 9}}
{"target": -183.27496056509716, "params": {"k_pid_pos": [0.8008254387997406, 0.0, 0.0], "k_pid_alt": [1.672105792559875, 0.0, 0.12373412578750312], "k_pid_att": [28.883337772899765, 2.259348427082185, 0.43120813229598537], "k_pid_yaw": [0.5, 1e-06, 0.1], "k_pid_hsp": [0.13029299632035243, 0.0, 0.0], "k_pid_vsp": [142.64811346134138, 50.792222479404664, 5.700379122131045]}, "datetime": {"datetime": "2025-08-11 22:40:55", "elapsed": 22535.028098106384, "delta": 17.581695318222046}, "costs": {"total_cost": 183.27496056509716, "time_cost": 70.294, "final_distance_cost": 1.8026812668513084, "oscillation_cost": 24.933571334278184, "completition_cost": 0.0, "overshoot_cost": 51.213410711406645, "power_cost": 14.026404370117188, "noise_cost": 21.004892882443844, "n_waypoints_completed": 9, "tot_waypoints": 9}}
{"target": -183.99863373997783, "params": {"k_pid_pos": [0.8163729707093856, 0.0, 0.07369393432091884], "k_pid_alt": [1.6348758559827168, 0.0, 0.20245056216024251], "k_pid_att": [22.63576023230534, 3.1875124128186085, 0.20609765284867798], "k_pid_yaw": [0.5, 1e-06, 0.1], "k_pid_hsp": [0.08624249232915579, 0.0, 0.0], "k_pid_vsp": [129.38990920922004, 40.61375990568493, 2.560703302268029]}, "datetime": {"datetime": "2025-08-11 22:41:14", "elapsed": 22554.30696439743, "delta": 19.278866291046143}, "costs": {"total_cost": 183.99863373997783, "time_cost": 71.547, "final_distance_cost": 1.822825890867238, "oscillation_cost": 23.09158964040888, "completition_cost": 0.0, "overshoot_cost": 51.93920396336056, "power_cost": 14.162174645996094, "noise_cost": 21.43583959934507, "n_waypoints_completed": 9, "tot_waypoints": 9}}
{"target": -182.84547891562073, "params": {"k_pid_pos": [0.6361808523381893, 0.0, 0.0], "k_pid_alt": [1.5098532139148997, 0.0, 0.185618626399158], "k_pid_att": [24.522111353365965, 2.293517134045508, 0.19854400388916627], "k_pid_yaw": [0.5, 1e-06, 0.1], "k_pid_hsp": [0.10747112965766815, 0.0, 0.0], "k_pid_vsp": [105.61671881109055, 54.552297615053334, 2.1772573154924126]}, "datetime": {"datetime": "2025-08-11 22:41:32", "elapsed": 22572.2184946537, "delta": 17.911530256271362}, "costs": {"total_cost": 182.84547891562073, "time_cost": 71.554, "final_distance_cost": 1.8127034585309802, "oscillation_cost": 22.79522672447674, "completition_cost": 0.0, "overshoot_cost": 51.17660252029658, "power_cost": 14.093829919433594, "noise_cost": 21.413116292882858, "n_waypoints_completed": 9, "tot_waypoints": 9}}
{"target": -184.20261842089786, "params": {"k_pid_pos": [0.5323378992178569, 0.0, 0.0], "k_pid_alt": [1.585972160846026, 0.0, 0.10348145547753776], "k_pid_att": [26.483206986342797, 2.237484114898118, 0.21828488240509547], "k_pid_yaw": [0.5, 1e-06, 0.1], "k_pid_hsp": [0.12066208143885605, 0.0, 0.0], "k_pid_vsp": [170.67659684926645, 50.876110416846764, 2.5288063047372393]}, "datetime": {"datetime": "2025-08-11 22:41:51", "elapsed": 22590.884219408035, "delta": 18.665724754333496}, "costs": {"total_cost": 184.20261842089786, "time_cost": 72.95400000000001, "final_distance_cost": 1.834499084432154, "oscillation_cost": 21.266873811046462, "completition_cost": 0.0, "overshoot_cost": 51.75587499115364, "power_cost": 14.26121717529297, "noise_cost": 22.130153358972624, "n_waypoints_completed": 9, "tot_waypoints": 9}}
{"target": -183.27398651827124, "params": {"k_pid_pos": [0.5031862081428413, 0.0, 0.0], "k_pid_alt": [1.5277154483050857, 0.0, 0.10001545299202237], "k_pid_att": [32.843608810380616, 2.018113526996647, 0.18756932702324297], "k_pid_yaw": [0.5, 1e-06, 0.1], "k_pid_hsp": [0.09049833235476613, 0.0, 0.0], "k_pid_vsp": [142.25916366298776, 54.47445913086145, 2.0398890409662553]}, "datetime": {"datetime": "2025-08-11 22:42:10", "elapsed": 22610.02780199051, "delta": 19.143582582473755}, "costs": {"total_cost": 183.27398651827124, "time_cost": 73.528, "final_distance_cost": 1.817099008336085, "oscillation_cost": 18.704264839583903, "completition_cost": 0.0, "overshoot_cost": 52.69580341225395, "power_cost": 14.212445227050782, "noise_cost": 22.3163740310465, "n_waypoints_completed": 9, "tot_waypoints": 9}}
{"target": -183.36290789765877, "params": {"k_pid_pos": [0.5547523166777024, 0.0, 0.0], "k_pid_alt": [1.615888216381709, 0.0, 0.13085200712544115], "k_pid_att": [28.510426236298123, 2.37776335008753, 0.2088444626825871], "k_pid_yaw": [0.5, 1e-06, 0.1], "k_pid_hsp": [0.11235514699088614, 0.0, 0.0], "k_pid_vsp": [140.94078894008732, 67.52066213406832, 1.6501363272325023]}, "datetime": {"datetime": "2025-08-11 22:42:28", "elapsed": 22628.175843954086, "delta": 18.14804196357727}, "costs": {"total_cost": 183.36290789765877, "time_cost": 72.31700000000001, "final_distance_cost": 1.8227778408095303, "oscillation_cost": 21.52794315025647, "completition_cost": 0.0, "overshoot_cost": 51.63504721440657, "power_cost": 14.172834521484376, "noise_cost": 21.88730517070185, "n_waypoints_completed": 9, "tot_waypoints": 9}}
{"target": -189.0976811994256, "params": {"k_pid_pos": [0.41411776991343685, 0.0, 0.0], "k_pid_alt": [1.615458486785281, 0.0, 0.3458249253788709], "k_pid_att": [27.35264295752732, 2.2033473117372733, 0.27760820636445765], "k_pid_yaw": [0.5, 1e-06, 0.1], "k_pid_hsp": [0.11964605199896156, 0.0, 0.0], "k_pid_vsp": [130.91970302831714, 53.228722460443166, 1.8481206765532878]}, "datetime": {"datetime": "2025-08-11 22:42:48", "elapsed": 22647.87255859375, "delta": 19.696714639663696}, "costs": {"total_cost": 189.0976811994256, "time_cost": 77.161, "final_distance_cost": 1.8455336281206287, "oscillation_cost": 19.125850554129887, "completition_cost": 0.0, "overshoot_cost": 52.37868417636072, "power_cost": 14.802688891601564, "noise_cost": 23.783923949212795, "n_waypoints_completed": 9, "tot_waypoints": 9}}
{"target": -185.04755247500762, "params": {"k_pid_pos": [0.5455229310784925, 0.0, 0.0], "k_pid_alt": [1.6524092895640798, 0.0, 0.13736167384747783], "k_pid_att": [28.25193330763915, 1.640544581233644, 0.20852724583412893], "k_pid_yaw": [0.5, 1e-06, 0.1], "k_pid_hsp": [0.06839463295323436, 0.0, 0.0], "k_pid_vsp": [144.69868188362295, 50.99716550942633, 2.711448792248345]}, "datetime": {"datetime": "2025-08-11 22:43:10", "elapsed": 22670.253538131714, "delta": 22.380979537963867}, "costs": {"total_cost": 185.04755247500762, "time_cost": 75.145, "final_distance_cost": 1.821151346301357, "oscillation_cost": 17.608428669437426, "completition_cost": 0.0, "overshoot_cost": 53.23213793012542, "power_cost": 14.429931420898438, "noise_cost": 22.81090310824499, "n_waypoints_completed": 9, "tot_waypoints": 9}}
{"target": -234.75025966890058, "params": {"k_pid_pos": [0.43743006647958915, 0.0, 0.0], "k_pid_alt": [1.6582814028244022, 0.0, 0.15690506586325512], "k_pid_att": [40.38601583641531, 2.0364612282300185, 0.21597405278340578], "k_pid_yaw": [0.5, 1e-06, 0.1], "k_pid_hsp": [0.03330718593686122, 0.0, 0.0], "k_pid_vsp": [144.44356032321616, 51.63009828378517, 3.1278879259418475]}, "datetime": {"datetime": "2025-08-11 22:43:40", "elapsed": 22700.015222787857, "delta": 29.76168465614319}, "costs": {"total_cost": 234.75025966890058, "time_cost": 107.303, "final_distance_cost": 1.7786147769966854, "oscillation_cost": 10.571442489956556, "completition_cost": 0.0, "overshoot_cost": 63.142807225865454, "power_cost": 19.543409790039064, "noise_cost": 32.41098538604286, "n_waypoints_completed": 9, "tot_waypoints": 9}}
{"target": -185.68980273365702, "params": {"k_pid_pos": [0.43563241717822343, 0.0, 0.007597525473490248], "k_pid_alt": [1.6666052847707027, 0.0, 0.22554052925753781], "k_pid_att": [30.017127589323675, 2.380190698087113, 0.19803993805634265], "k_pid_yaw": [0.5, 1e-06, 0.1], "k_pid_hsp": [0.06970130168125291, 0.0, 0.0], "k_pid_vsp": [133.16356911368467, 60.45391202492028, 3.1027064799239032]}, "datetime": {"datetime": "2025-08-11 22:44:00", "elapsed": 22719.43168282509, "delta": 19.416460037231445}, "costs": {"total_cost": 185.68980273365702, "time_cost": 76.622, "final_distance_cost": 1.8335620974684372, "oscillation_cost": 15.656218337249857, "completition_cost": 0.0, "overshoot_cost": 53.77276131904342, "power_cost": 14.623864050292969, "noise_cost": 23.181396929602332, "n_waypoints_completed": 9, "tot_waypoints": 9}}
{"target": -183.0487151583816, "params": {"k_pid_pos": [0.5330954083620036, 0.0, 0.0], "k_pid_alt": [1.8332151563975194, 0.0, 0.12778311273327922], "k_pid_att": [7.627199503069518, 2.2448943890630653, 0.20299569943719606], "k_pid_yaw": [0.5, 1e-06, 0.1], "k_pid_hsp": [0.08650446770536495, 0.0, 0.0], "k_pid_vsp": [153.44199363629852, 55.91576794356247, 2.1510260471673224]}, "datetime": {"datetime": "2025-08-11 22:44:19", "elapsed": 22738.587779521942, "delta": 19.156096696853638}, "costs": {"total_cost": 183.0487151583816, "time_cost": 73.08, "final_distance_cost": 1.8182820118947653, "oscillation_cost": 19.364514963357756, "completition_cost": 0.0, "overshoot_cost": 52.508988027441276, "power_cost": 14.176661450195313, "noise_cost": 22.1002687054925, "n_waypoints_completed": 9, "tot_waypoints": 9}}
{"target": -186.58893350039722, "params": {"k_pid_pos": [0.5197457149834835, 0.0, 0.0], "k_pid_alt": [1.568838765245269, 0.0, 0.14858520370769446], "k_pid_att": [28.024854433480197, 2.386003668380481, 0.19896907559432672], "k_pid_yaw": [0.5, 1e-06, 0.1], "k_pid_hsp": [0.06493519759233152, 0.0, 0.0], "k_pid_vsp": [146.88093959933093, 54.55301060593208, 0.019132169906064256]}, "datetime": {"datetime": "2025-08-11 22:44:38", "elapsed": 22757.79290819168, "delta": 19.20512866973877}, "costs": {"total_cost": 186.58893350039722, "time_cost": 76.209, "final_distance_cost": 1.7946457256948252, "oscillation_cost": 16.85480357105068, "completition_cost": 0.0, "overshoot_cost": 54.1162415426651, "power_cost": 14.541024633789064, "noise_cost": 23.073218027197512, "n_waypoints_completed": 9, "tot_waypoints": 9}}
{"target": -183.17088133975514, "params": {"k_pid_pos": [0.534006170647766, 0.0, 0.0], "k_pid_alt": [1.6630568873119933, 0.0, 0.14677796104275076], "k_pid_att": [26.487504243063352, 2.356176062824793, 0.1921070838855738], "k_pid_yaw": [0.5, 1e-06, 0.1], "k_pid_hsp": [0.08293335243997745, 0.0, 0.0], "k_pid_vsp": [141.06205355457234, 53.37673849181606, 2.2258568381421764]}, "datetime": {"datetime": "2025-08-11 22:44:56", "elapsed": 22776.255642414093, "delta": 18.46273422241211}, "costs": {"total_cost": 183.17088133975514, "time_cost": 73.416, "final_distance_cost": 1.8325508927585645, "oscillation_cost": 18.717540411451626, "completition_cost": 0.0, "overshoot_cost": 52.750564084089696, "power_cost": 14.241355773925783, "noise_cost": 22.212870177529492, "n_waypoints_completed": 9, "tot_waypoints": 9}}
