{"target": -226.24255002747316, "params": {"k_pid_pos": [0.48165341626765307, 0.0, 0.0], "k_pid_alt": [1.4762173373607697, 0.0, 0.17070454216431324], "k_pid_att": [28.93135700696142, 2.4670973584414044, 0.3100313908747837], "k_pid_yaw": [0.5, 1e-06, 0.1], "k_pid_hsp": [0.03659849218805984, 0.0, 0.0], "k_pid_vsp": [131.41749512815434, 125.17265729809071, 1.5514101027171012]}, "datetime": {"datetime": "2025-08-11 23:27:08", "elapsed": 25307.40094256401, "delta": 25.50432014465332}, "costs": {"total_cost": 226.24255002747316, "time_cost": 101.759, "final_distance_cost": 1.7743941207044276, "oscillation_cost": 12.005286391949367, "completition_cost": 0.0, "overshoot_cost": 61.355255342013756, "power_cost": 18.75946834716797, "noise_cost": 30.589145825637637, "n_waypoints_completed": 9, "tot_waypoints": 9}}
{"target": -182.46551001974225, "params": {"k_pid_pos": [0.5263276433404941, 0.0, 0.0], "k_pid_alt": [1.5524013978847961, 0.0, 0.1357704312650889], "k_pid_att": [25.676185018661208, 1.9748398433395336, 0.2804001770283217], "k_pid_yaw": [0.5, 1e-06, 0.1], "k_pid_hsp": [0.09389564503137937, 0.0, 0.0], "k_pid_vsp": [128.06255141965906, 130.9297749864138, 3.3463503257332534]}, "datetime": {"datetime": "2025-08-11 23:27:26", "elapsed": 25325.4386947155, "delta": 18.037752151489258}, "costs": {"total_cost": 182.46551001974225, "time_cost": 72.912, "final_distance_cost": 1.830036389895241, "oscillation_cost": 19.725504217147783, "completition_cost": 0.0, "overshoot_cost": 51.903291087329634, "power_cost": 14.185625439453126, "noise_cost": 21.90905288591644, "n_waypoints_completed": 9, "tot_waypoints": 9}}
{"target": -182.6013226814912, "params": {"k_pid_pos": [0.562826607416499, 0.0, 0.0], "k_pid_alt": [1.653096004451027, 0.0, 0.10920980843710595], "k_pid_att": [25.45042498340154, 2.4137337646742907, 0.24011614409768112], "k_pid_yaw": [0.5, 1e-06, 0.1], "k_pid_hsp": [0.09321911375003473, 0.0, 0.0], "k_pid_vsp": [131.78221398235831, 92.4679030937524, 2.14790543383225]}, "datetime": {"datetime": "2025-08-11 23:27:44", "elapsed": 25343.37542939186, "delta": 17.936734676361084}, "costs": {"total_cost": 182.6013226814912, "time_cost": 72.359, "final_distance_cost": 1.829931741608222, "oscillation_cost": 20.38007781710049, "completition_cost": 0.0, "overshoot_cost": 52.046693653508804, "power_cost": 14.19220574951172, "noise_cost": 21.793413719761997, "n_waypoints_completed": 9, "tot_waypoints": 9}}
{"target": -182.72074017624325, "params": {"k_pid_pos": [0.5388489159459815, 0.0, 0.0], "k_pid_alt": [1.6358290675962601, 0.0, 0.13686557406912297], "k_pid_att": [25.164193816110867, 2.3650742114060312, 0.251482537786403], "k_pid_yaw": [0.5, 1e-06, 0.1], "k_pid_hsp": [0.09076459015079871, 0.0, 0.0], "k_pid_vsp": [122.34003643709977, 79.09333495487925, 2.160195958566359]}, "datetime": {"datetime": "2025-08-11 23:28:02", "elapsed": 25361.880877256393, "delta": 18.50544786453247}, "costs": {"total_cost": 182.72074017624325, "time_cost": 72.807, "final_distance_cost": 1.8250325296905274, "oscillation_cost": 19.564923789058927, "completition_cost": 0.0, "overshoot_cost": 52.244403284945086, "power_cost": 14.223476257324219, "noise_cost": 22.055904315224492, "n_waypoints_completed": 9, "tot_waypoints": 9}}
{"target": -183.11502532309825, "params": {"k_pid_pos": [0.5706015986701534, 0.0, 0.0], "k_pid_alt": [1.5703432937233683, 0.0, 0.13260314577205687], "k_pid_att": [24.123014367929592, 2.130982112082818, 0.3977179603926908], "k_pid_yaw": [0.5, 1e-06, 0.1], "k_pid_hsp": [0.10912685802024424, 0.0, 0.0], "k_pid_vsp": [117.37298523866676, 94.5202159388042, 1.1491077658230142]}, "datetime": {"datetime": "2025-08-11 23:28:20", "elapsed": 25380.136729478836, "delta": 18.255852222442627}, "costs": {"total_cost": 183.11502532309825, "time_cost": 72.023, "final_distance_cost": 1.8379124203827513, "oscillation_cost": 21.68950715060781, "completition_cost": 0.0, "overshoot_cost": 51.74855700067572, "power_cost": 14.176860876464845, "noise_cost": 21.63918787496713, "n_waypoints_completed": 9, "tot_waypoints": 9}}
{"target": -183.75562314191345, "params": {"k_pid_pos": [0.7940315773580426, 0.0, 0.0], "k_pid_alt": [1.6739611946713768, 0.0, 0.18350368416257234], "k_pid_att": [23.017420301772344, 2.5021598762765027, 0.23906900690441302], "k_pid_yaw": [0.5, 1e-06, 0.1], "k_pid_hsp": [0.08617807455931106, 0.0, 0.0], "k_pid_vsp": [127.91582819035294, 76.71128799657919, 0.4128980412354929]}, "datetime": {"datetime": "2025-08-11 23:28:38", "elapsed": 25398.359290361404, "delta": 18.22256088256836}, "costs": {"total_cost": 183.75562314191345, "time_cost": 71.358, "final_distance_cost": 1.8138073487027502, "oscillation_cost": 23.779740251547604, "completition_cost": 0.0, "overshoot_cost": 51.3682357368098, "power_cost": 14.130320703125001, "noise_cost": 21.305519101728283, "n_waypoints_completed": 9, "tot_waypoints": 9}}
{"target": -182.87775327677159, "params": {"k_pid_pos": [0.5612770324064904, 0.0, 0.0], "k_pid_alt": [1.5090248227253469, 0.0, 0.14551939975768433], "k_pid_att": [23.41935421128364, 2.0909933826480653, 0.26774148229304146], "k_pid_yaw": [0.5, 1e-06, 0.1], "k_pid_hsp": [0.1010404255345859, 0.0, 0.0], "k_pid_vsp": [89.54829091167812, 111.08890816291952, 1.1201916519571913]}, "datetime": {"datetime": "2025-08-11 23:28:57", "elapsed": 25416.64742231369, "delta": 18.288131952285767}, "costs": {"total_cost": 182.87775327677159, "time_cost": 72.261, "final_distance_cost": 1.8329304724109776, "oscillation_cost": 21.05035255942588, "completition_cost": 0.0, "overshoot_cost": 51.921258188161175, "power_cost": 14.210321899414064, "noise_cost": 21.601890157359524, "n_waypoints_completed": 9, "tot_waypoints": 9}}
{"target": -182.7308908250477, "params": {"k_pid_pos": [0.5467333899552803, 0.0, 0.0], "k_pid_alt": [1.4619070770814762, 0.0, 0.11990833257693038], "k_pid_att": [23.575350389528616, 2.1221149700583375, 0.3191573882329382], "k_pid_yaw": [0.5, 1e-06, 0.1], "k_pid_hsp": [0.10777303339988555, 0.0, 0.0], "k_pid_vsp": [125.27145432177436, 60.41027282726679, 2.187017023494301]}, "datetime": {"datetime": "2025-08-11 23:29:16", "elapsed": 25436.037272930145, "delta": 19.389850616455078}, "costs": {"total_cost": 182.7308908250477, "time_cost": 72.57600000000001, "final_distance_cost": 1.825115706396419, "oscillation_cost": 20.6427262707733, "completition_cost": 0.0, "overshoot_cost": 51.56028652145729, "power_cost": 14.23757489013672, "noise_cost": 21.889187436283972, "n_waypoints_completed": 9, "tot_waypoints": 9}}
{"target": -182.42514618932313, "params": {"k_pid_pos": [0.5052149365967066, 0.0, 0.0], "k_pid_alt": [1.5679180576997391, 0.0, 0.177536148235894], "k_pid_att": [24.648734255870824, 2.109396744750528, 0.1988441400430853], "k_pid_yaw": [0.5, 1e-06, 0.1], "k_pid_hsp": [0.09427052229786474, 0.0, 0.0], "k_pid_vsp": [123.35011285329676, 93.57954965701097, 1.0051133896625144]}, "datetime": {"datetime": "2025-08-11 23:29:35", "elapsed": 25454.823020219803, "delta": 18.785747289657593}, "costs": {"total_cost": 182.42514618932313, "time_cost": 73.297, "final_distance_cost": 1.8336558788078474, "oscillation_cost": 19.13354980615527, "completition_cost": 0.0, "overshoot_cost": 51.851701342925935, "power_cost": 14.22672646484375, "noise_cost": 22.08251269659032, "n_waypoints_completed": 9, "tot_waypoints": 9}}
{"target": -182.86243575514789, "params": {"k_pid_pos": [0.5311428072516696, 0.0, 0.0], "k_pid_alt": [1.5874393079250149, 0.0, 0.1373668074082871], "k_pid_att": [26.004250097502275, 2.2175654056081737, 0.23061671987397425], "k_pid_yaw": [0.5, 1e-06, 0.1], "k_pid_hsp": [0.09847126623790049, 0.0, 0.0], "k_pid_vsp": [115.05252549097003, 101.06194409004708, 1.2228546456932705]}, "datetime": {"datetime": "2025-08-11 23:29:54", "elapsed": 25473.73319387436, "delta": 18.910173654556274}, "costs": {"total_cost": 182.86243575514789, "time_cost": 72.702, "final_distance_cost": 1.8368211459655193, "oscillation_cost": 20.203207894902086, "completition_cost": 0.0, "overshoot_cost": 52.01503319190805, "power_cost": 14.194766088867189, "noise_cost": 21.910607433505028, "n_waypoints_completed": 9, "tot_waypoints": 9}}
{"target": -183.25596545431765, "params": {"k_pid_pos": [0.4735395808743728, 0.0, 0.0], "k_pid_alt": [1.5552401542447853, 0.0, 0.28118390615116506], "k_pid_att": [24.507311594338336, 2.2620911919009714, 0.6845270315274372], "k_pid_yaw": [0.5, 1e-06, 0.1], "k_pid_hsp": [0.09115444417031789, 0.0, 0.0], "k_pid_vsp": [119.07769096274475, 96.11434053535527, 1.4735596141958787]}, "datetime": {"datetime": "2025-08-11 23:30:13", "elapsed": 25492.443820238113, "delta": 18.710626363754272}, "costs": {"total_cost": 183.25596545431765, "time_cost": 74.235, "final_distance_cost": 1.8342647476852791, "oscillation_cost": 18.176737540109293, "completition_cost": 0.0, "overshoot_cost": 52.24852980029293, "power_cost": 14.340673364257814, "noise_cost": 22.420760001972322, "n_waypoints_completed": 9, "tot_waypoints": 9}}
{"target": -182.58543213985155, "params": {"k_pid_pos": [0.5106568030312182, 0.0, 0.0], "k_pid_alt": [1.621142445540507, 0.0, 0.12494413629702683], "k_pid_att": [25.267790974014368, 2.3296356895420174, 0.3131824184847036], "k_pid_yaw": [0.5, 1e-06, 0.1], "k_pid_hsp": [0.08271214540331279, 0.0, 0.0], "k_pid_vsp": [123.84441978332165, 137.01842639200254, 1.8924300604197568]}, "datetime": {"datetime": "2025-08-11 23:30:31", "elapsed": 25511.14577460289, "delta": 18.70195436477661}, "costs": {"total_cost": 182.58543213985155, "time_cost": 73.612, "final_distance_cost": 1.8183700786315957, "oscillation_cost": 18.17531971373673, "completition_cost": 0.0, "overshoot_cost": 52.56633034896771, "power_cost": 14.287469213867189, "noise_cost": 22.125942784648334, "n_waypoints_completed": 9, "tot_waypoints": 9}}
{"target": -198.62737359867415, "params": {"k_pid_pos": [0.43320976307383247, 0.0, 0.0], "k_pid_alt": [1.6080191800818535, 0.0, 0.08591475334284207], "k_pid_att": [18.80664756042273, 2.1706871297028436, 0.18448389997879142], "k_pid_yaw": [0.5, 1e-06, 0.1], "k_pid_hsp": [0.046223823896539895, 0.0, 0.0], "k_pid_vsp": [133.05075363781387, 82.58311730594527, 3.4255747765403313]}, "datetime": {"datetime": "2025-08-11 23:30:52", "elapsed": 25532.342086553574, "delta": 21.196311950683594}, "costs": {"total_cost": 198.62737359867415, "time_cost": 84.91, "final_distance_cost": 1.7877326501955795, "oscillation_cost": 13.0887869771397, "completition_cost": 0.0, "overshoot_cost": 57.20532076310876, "power_cost": 15.800890698242188, "noise_cost": 25.834642509987894, "n_waypoints_completed": 9, "tot_waypoints": 9}}
{"target": -182.90784353632048, "params": {"k_pid_pos": [0.5459311988623125, 0.0035680694005961887, 0.024243790748671893], "k_pid_alt": [1.6165237640297279, 0.0, 0.2162546785891084], "k_pid_att": [38.472195190003575, 2.53053743206202, 0.3127404858492607], "k_pid_yaw": [0.5, 1e-06, 0.1], "k_pid_hsp": [0.10207686083135366, 0.0, 0.0], "k_pid_vsp": [117.83814632934043, 66.70190240712733, 1.4579307531901455]}, "datetime": {"datetime": "2025-08-11 23:31:12", "elapsed": 25552.137174367905, "delta": 19.795087814331055}, "costs": {"total_cost": 182.90784353632048, "time_cost": 72.786, "final_distance_cost": 1.818764597075153, "oscillation_cost": 20.700063100738515, "completition_cost": 0.0, "overshoot_cost": 51.43524852735739, "power_cost": 14.223480590820314, "noise_cost": 21.944286720329092, "n_waypoints_completed": 9, "tot_waypoints": 9}}
{"target": -182.3370433846301, "params": {"k_pid_pos": [0.5541829206225503, 0.0, 0.0], "k_pid_alt": [1.5955095022116061, 0.0, 0.1621915874685757], "k_pid_att": [32.82885615205351, 2.109027084515403, 0.2866174683737995], "k_pid_yaw": [0.5, 1e-06, 0.1], "k_pid_hsp": [0.09399058988245852, 0.0, 0.0], "k_pid_vsp": [133.79086009547188, 86.44647945938517, 0.6907233546050454]}, "datetime": {"datetime": "2025-08-11 23:31:31", "elapsed": 25570.58863401413, "delta": 18.451459646224976}, "costs": {"total_cost": 182.3370433846301, "time_cost": 72.555, "final_distance_cost": 1.817495326426364, "oscillation_cost": 19.97869911508921, "completition_cost": 0.0, "overshoot_cost": 51.98038488906802, "power_cost": 14.196361157226564, "noise_cost": 21.809102896819912, "n_waypoints_completed": 9, "tot_waypoints": 9}}
{"target": -185.51971454443247, "params": {"k_pid_pos": [0.5306611858087434, 0.0, 0.0], "k_pid_alt": [1.5822255636527125, 0.0, 0.164134060264641], "k_pid_att": [20.490845565952686, 3.2808469430043576, 0.28457497688593764], "k_pid_yaw": [0.5, 1e-06, 0.1], "k_pid_hsp": [0.06654010775769041, 0.0, 0.0], "k_pid_vsp": [162.0430211465163, 93.21741910767848, 1.0002440835257622]}, "datetime": {"datetime": "2025-08-11 23:31:50", "elapsed": 25590.290364980698, "delta": 19.701730966567993}, "costs": {"total_cost": 185.51971454443247, "time_cost": 75.684, "final_distance_cost": 1.812653689771529, "oscillation_cost": 17.435045500974194, "completition_cost": 0.0, "overshoot_cost": 53.265101678614286, "power_cost": 14.457954296875, "noise_cost": 22.86495937819747, "n_waypoints_completed": 9, "tot_waypoints": 9}}
{"target": -182.27123872247068, "params": {"k_pid_pos": [0.5242981693794346, 0.0, 0.0], "k_pid_alt": [1.5849965109029702, 0.0, 0.14048153569799662], "k_pid_att": [25.143950967767054, 2.0546664566640724, 0.2651787213030757], "k_pid_yaw": [0.5, 1e-06, 0.1], "k_pid_hsp": [0.09592524107801732, 0.0, 0.0], "k_pid_vsp": [119.4191900868272, 130.70995488834183, 1.173422765553434]}, "datetime": {"datetime": "2025-08-11 23:32:09", "elapsed": 25609.071508407593, "delta": 18.78114342689514}, "costs": {"total_cost": 182.27123872247068, "time_cost": 72.849, "final_distance_cost": 1.8324374870617526, "oscillation_cost": 19.799811511801888, "completition_cost": 0.0, "overshoot_cost": 51.63768844058137, "power_cost": 14.188676440429688, "noise_cost": 21.96362484259599, "n_waypoints_completed": 9, "tot_waypoints": 9}}
{"target": -183.05693415027386, "params": {"k_pid_pos": [0.5293204412185157, 0.0, 0.0], "k_pid_alt": [1.698169818810546, 0.0, 0.1461895003989495], "k_pid_att": [20.071265825063474, 3.1247454405047694, 0.3011107118885525], "k_pid_yaw": [0.5, 1e-06, 0.1], "k_pid_hsp": [0.10667298844800092, 0.0, 0.0], "k_pid_vsp": [116.50362878282662, 74.78333338824112, 0.3592140725893038]}, "datetime": {"datetime": "2025-08-11 23:32:28", "elapsed": 25628.35381746292, "delta": 19.28230905532837}, "costs": {"total_cost": 183.05693415027386, "time_cost": 72.625, "final_distance_cost": 1.8338692059769486, "oscillation_cost": 20.85953806024659, "completition_cost": 0.0, "overshoot_cost": 51.44061477870864, "power_cost": 14.221321789550782, "noise_cost": 22.076590315790884, "n_waypoints_completed": 9, "tot_waypoints": 9}}
{"target": -182.82129169167018, "params": {"k_pid_pos": [0.5532125757455142, 0.0, 0.0], "k_pid_alt": [1.5819955043773903, 0.0, 0.12371007331175489], "k_pid_att": [26.691166630641245, 2.118955778485494, 0.28108643613669715], "k_pid_yaw": [0.5, 1e-06, 0.1], "k_pid_hsp": [0.09409794606496413, 0.0, 0.0], "k_pid_vsp": [129.3344835547969, 114.94844618834907, 1.606690671597081]}, "datetime": {"datetime": "2025-08-11 23:32:47", "elapsed": 25647.199848413467, "delta": 18.846030950546265}, "costs": {"total_cost": 182.82129169167018, "time_cost": 72.485, "final_distance_cost": 1.8184713988796475, "oscillation_cost": 20.11376093577557, "completition_cost": 0.0, "overshoot_cost": 52.33929705059103, "power_cost": 14.222394335937501, "noise_cost": 21.842367970486396, "n_waypoints_completed": 9, "tot_waypoints": 9}}
{"target": -182.69686940379688, "params": {"k_pid_pos": [0.5358029665486753, 0.0, 0.0], "k_pid_alt": [1.6154312478574042, 0.0, 0.16279037326569634], "k_pid_att": [24.57131615257876, 2.3261838838524236, 0.22449779569861888], "k_pid_yaw": [0.5, 1e-06, 0.1], "k_pid_hsp": [0.08469588605833758, 0.0, 0.0], "k_pid_vsp": [124.0287557051173, 92.52865829834901, 2.0383315006704903]}, "datetime": {"datetime": "2025-08-11 23:33:05", "elapsed": 25665.334358930588, "delta": 18.13451051712036}, "costs": {"total_cost": 182.69686940379688, "time_cost": 73.171, "final_distance_cost": 1.8122608420835837, "oscillation_cost": 18.87729866784352, "completition_cost": 0.0, "overshoot_cost": 52.46340339745767, "power_cost": 14.259996887207032, "noise_cost": 22.112909609205072, "n_waypoints_completed": 9, "tot_waypoints": 9}}
{"target": -202.80647311278165, "params": {"k_pid_pos": [0.615501488606979, 0.0, 0.0], "k_pid_alt": [1.589493254378953, 0.0, 0.10625878366301082], "k_pid_att": [26.148841078256872, 2.067136413778745, 0.23925033586863323], "k_pid_yaw": [0.5, 1e-06, 0.1], "k_pid_hsp": [0.04546862033413168, 0.0, 0.0], "k_pid_vsp": [128.75084498508386, 47.72972472912436, 1.8210782264323484]}, "datetime": {"datetime": "2025-08-11 23:33:28", "elapsed": 25687.69656729698, "delta": 22.362208366394043}, "costs": {"total_cost": 202.80647311278165, "time_cost": 85.918, "final_distance_cost": 1.7864915975872186, "oscillation_cost": 15.635062312689165, "completition_cost": 0.0, "overshoot_cost": 57.30202095327176, "power_cost": 16.09242088623047, "noise_cost": 26.072477363003028, "n_waypoints_completed": 9, "tot_waypoints": 9}}
{"target": -182.18239606011687, "params": {"k_pid_pos": [0.6778491136146363, 0.005184167332036515, 0.0008307755718485228], "k_pid_alt": [1.5807389003293548, 0.0, 0.2321936296144479], "k_pid_att": [23.87756502632313, 1.9748905860917545, 0.2674687616465632], "k_pid_yaw": [0.5, 1e-06, 0.1], "k_pid_hsp": [0.09548905166593338, 0.003060969469498604, 0.0], "k_pid_vsp": [124.77809221208967, 143.2250346227666, 1.8166425378623945]}, "datetime": {"datetime": "2025-08-11 23:33:46", "elapsed": 25706.014984607697, "delta": 18.31841731071472}, "costs": {"total_cost": 182.18239606011687, "time_cost": 71.176, "final_distance_cost": 1.8158272249991045, "oscillation_cost": 23.08917302138731, "completition_cost": 0.0, "overshoot_cost": 50.84270451462426, "power_cost": 14.188209863281251, "noise_cost": 21.070481435824924, "n_waypoints_completed": 9, "tot_waypoints": 9}}
{"target": -182.42887368250402, "params": {"k_pid_pos": [0.5631574896309743, 0.0, 0.0], "k_pid_alt": [1.6233082736804718, 0.0, 0.1496606565766123], "k_pid_att": [20.80092336915706, 2.17025803047464, 0.3229416723866685], "k_pid_yaw": [0.5, 1e-06, 0.1], "k_pid_hsp": [0.09749099354598964, 0.0, 0.0], "k_pid_vsp": [121.72976011767801, 127.3126067947333, 0.6801767185822226]}, "datetime": {"datetime": "2025-08-11 23:34:05", "elapsed": 25725.1028444767, "delta": 19.087859869003296}, "costs": {"total_cost": 182.42887368250402, "time_cost": 72.254, "final_distance_cost": 1.8347215713064176, "oscillation_cost": 20.65706726191544, "completition_cost": 0.0, "overshoot_cost": 51.88055793467519, "power_cost": 14.175024572753907, "noise_cost": 21.627502341853063, "n_waypoints_completed": 9, "tot_waypoints": 9}}
{"target": -182.60096116209598, "params": {"k_pid_pos": [0.5297827770116048, 0.0, 0.0], "k_pid_alt": [1.5909631547670047, 0.0, 0.1325294280299906], "k_pid_att": [23.462642134287698, 2.192006615768037, 0.1989728597196993], "k_pid_yaw": [0.5, 1e-06, 0.1], "k_pid_hsp": [0.08919907306157379, 0.0, 0.0], "k_pid_vsp": [130.23610044926102, 68.97245364797138, 1.0164510974137992]}, "datetime": {"datetime": "2025-08-11 23:34:23", "elapsed": 25743.30532026291, "delta": 18.202475786209106}, "costs": {"total_cost": 182.60096116209598, "time_cost": 73.052, "final_distance_cost": 1.819806087528383, "oscillation_cost": 19.409972173760707, "completition_cost": 0.0, "overshoot_cost": 52.05895419702323, "power_cost": 14.187747875976564, "noise_cost": 22.072480827807127, "n_waypoints_completed": 9, "tot_waypoints": 9}}
{"target": -182.1501088623506, "params": {"k_pid_pos": [0.5046638984587533, 0.0, 0.0], "k_pid_alt": [1.551380486453072, 0.0, 0.13249117358847565], "k_pid_att": [25.186692898149076, 2.2017912130761137, 0.26854212674751016], "k_pid_yaw": [0.5, 1e-06, 0.1], "k_pid_hsp": [0.0914173923609867, 0.0, 0.0], "k_pid_vsp": [110.65589248452342, 142.84737539708672, 1.1174068387564189]}, "datetime": {"datetime": "2025-08-11 23:34:42", "elapsed": 25761.937170505524, "delta": 18.631850242614746}, "costs": {"total_cost": 182.1501088623506, "time_cost": 73.318, "final_distance_cost": 1.823360308757206, "oscillation_cost": 18.91827673292747, "completition_cost": 0.0, "overshoot_cost": 51.87742194251034, "power_cost": 14.241220556640625, "noise_cost": 21.971829321514978, "n_waypoints_completed": 9, "tot_waypoints": 9}}
{"target": -182.37928864008146, "params": {"k_pid_pos": [0.5306138828861419, 0.0, 0.0], "k_pid_alt": [1.6367567969752763, 0.0, 0.11275590107554832], "k_pid_att": [25.359039975363835, 2.188448931637568, 0.2886422221959467], "k_pid_yaw": [0.5, 1e-06, 0.1], "k_pid_hsp": [0.09238510334566047, 0.0, 0.0], "k_pid_vsp": [112.45232301823307, 131.74364171554538, 1.1054044866656345]}, "datetime": {"datetime": "2025-08-11 23:35:00", "elapsed": 25780.22378230095, "delta": 18.286611795425415}, "costs": {"total_cost": 182.37928864008146, "time_cost": 72.779, "final_distance_cost": 1.8275332563610427, "oscillation_cost": 19.53031318646388, "completition_cost": 0.0, "overshoot_cost": 52.091510583365114, "power_cost": 14.29401533203125, "noise_cost": 21.856916281860176, "n_waypoints_completed": 9, "tot_waypoints": 9}}
{"target": -182.52291692207058, "params": {"k_pid_pos": [0.5211912838243518, 0.0, 0.0], "k_pid_alt": [1.57678178082571, 0.0, 0.15772346106098248], "k_pid_att": [25.307490105097102, 2.134904131207619, 0.22329643726135318], "k_pid_yaw": [0.5, 1e-06, 0.1], "k_pid_hsp": [0.09693739488724264, 0.0, 0.0], "k_pid_vsp": [124.13276185202413, 109.190182827024, 1.2506364385322066]}, "datetime": {"datetime": "2025-08-11 23:35:20", "elapsed": 25799.708084583282, "delta": 19.484302282333374}, "costs": {"total_cost": 182.52291692207058, "time_cost": 72.933, "final_distance_cost": 1.8257044952289376, "oscillation_cost": 19.80298974184761, "completition_cost": 0.0, "overshoot_cost": 51.796483163151954, "power_cost": 14.219119580078125, "noise_cost": 21.945619941763958, "n_waypoints_completed": 9, "tot_waypoints": 9}}
