{"target": -185.62818591140527, "params": {"k_pid_pos": [0.9525457319432449, 0.006492980396166766, 0.02809148234354409], "k_pid_alt": [1.7426977998194748, 0.0, 0.17871439120480342], "k_pid_att": [10.00639043432647, 3.455168366015084, 0.17631693703933563], "k_pid_yaw": [0.5, 1e-06, 0.1], "k_pid_hsp": [0.1646728277302565, 0.0, 0.0], "k_pid_vsp": [171.2172021569091, 51.87192788653008, 1.5434530048632022]}, "datetime": {"datetime": "2025-08-11 21:44:07", "elapsed": 19127.35544848442, "delta": 17.6867196559906}, "costs": {"total_cost": 185.62818591140527, "time_cost": 69.685, "final_distance_cost": 1.8319873332951524, "oscillation_cost": 27.989553877559754, "completition_cost": 0.0, "overshoot_cost": 50.85895180432357, "power_cost": 14.311607067871094, "noise_cost": 20.95108582835572, "n_waypoints_completed": 9, "tot_waypoints": 9}}
{"target": -184.14976775716852, "params": {"k_pid_pos": [0.6947445761516848, 0.0, 0.0], "k_pid_alt": [1.5854431869489216, 0.0, 0.3241510395657258], "k_pid_att": [29.6508704802323, 2.2145942379526673, 0.12067863006804225], "k_pid_yaw": [0.5, 1e-06, 0.1], "k_pid_hsp": [0.08808691715272061, 0.0, 0.0], "k_pid_vsp": [136.04521540877653, 59.30482503282697, 1.4563048043347049]}, "datetime": {"datetime": "2025-08-11 21:44:26", "elapsed": 19145.996183633804, "delta": 18.640735149383545}, "costs": {"total_cost": 184.14976775716852, "time_cost": 71.988, "final_distance_cost": 1.820034337845078, "oscillation_cost": 22.228433073812962, "completition_cost": 0.0, "overshoot_cost": 52.35142497333759, "power_cost": 14.174605993652344, "noise_cost": 21.587269378520542, "n_waypoints_completed": 9, "tot_waypoints": 9}}
{"target": -182.74751888855187, "params": {"k_pid_pos": [0.5941723510699067, 0.0, 0.0], "k_pid_alt": [1.6605227232992499, 0.0, 0.24396457913678601], "k_pid_att": [25.440223035682706, 2.0160914487381896, 0.20214570824860564], "k_pid_yaw": [0.5, 1e-06, 0.1], "k_pid_hsp": [0.10615611693524563, 0.0, 0.0], "k_pid_vsp": [146.45599566386343, 67.77540808181904, 2.968521723544269]}, "datetime": {"datetime": "2025-08-11 21:44:45", "elapsed": 19164.52898621559, "delta": 18.53280258178711}, "costs": {"total_cost": 182.74751888855187, "time_cost": 71.93900000000001, "final_distance_cost": 1.8223486977495202, "oscillation_cost": 21.624547546135897, "completition_cost": 0.0, "overshoot_cost": 51.43361514569048, "power_cost": 14.184531042480469, "noise_cost": 21.743476456495493, "n_waypoints_completed": 9, "tot_waypoints": 9}}
{"target": -184.38148709651006, "params": {"k_pid_pos": [0.8769616892842528, 0.0, 0.18962420182372028], "k_pid_alt": [1.7500521533650397, 0.0, 0.24580523260564488], "k_pid_att": [39.44140617906013, 2.6670301943918604, 0.1831324933352919], "k_pid_yaw": [0.5, 1e-06, 0.1], "k_pid_hsp": [0.16698565116989336, 0.0, 0.0], "k_pid_vsp": [157.76134134583972, 56.405789219610185, 3.7909430831459385]}, "datetime": {"datetime": "2025-08-11 21:45:02", "elapsed": 19182.046862602234, "delta": 17.517876386642456}, "costs": {"total_cost": 184.38148709651006, "time_cost": 70.763, "final_distance_cost": 1.8385107738366637, "oscillation_cost": 25.227246705270602, "completition_cost": 0.0, "overshoot_cost": 50.810409377856395, "power_cost": 14.258912927246094, "noise_cost": 21.48340731230029, "n_waypoints_completed": 9, "tot_waypoints": 9}}
{"target": -194.8917149661375, "params": {"k_pid_pos": [0.5312873412173414, 0.0, 0.03207933839431927], "k_pid_alt": [1.7176908115262812, 0.0, 0.3146046543032953], "k_pid_att": [36.00162812758121, 2.311528374611785, 0.1974147396973023], "k_pid_yaw": [0.5, 1e-06, 0.1], "k_pid_hsp": [0.2533268584641163, 0.0, 0.0], "k_pid_vsp": [145.33574908674024, 65.7153514683361, 3.052321910351295]}, "datetime": {"datetime": "2025-08-11 21:45:22", "elapsed": 19201.67010641098, "delta": 19.623243808746338}, "costs": {"total_cost": 194.8917149661375, "time_cost": 77.497, "final_distance_cost": 1.854017481606797, "oscillation_cost": 24.64600763519644, "completition_cost": 0.0, "overshoot_cost": 51.532670567708294, "power_cost": 15.255507275390626, "noise_cost": 24.106512006235363, "n_waypoints_completed": 9, "tot_waypoints": 9}}
{"target": -183.26903805533811, "params": {"k_pid_pos": [0.7830786455116063, 0.0, 0.0], "k_pid_alt": [1.5070403690366037, 0.0, 0.11920883701768177], "k_pid_att": [27.777997462219645, 2.212285291551198, 0.15697260535822632], "k_pid_yaw": [0.5, 1e-06, 0.1], "k_pid_hsp": [0.11003088787745575, 0.0, 0.0], "k_pid_vsp": [134.16327170011172, 52.53872696734865, 2.7782566867570417]}, "datetime": {"datetime": "2025-08-11 21:45:40", "elapsed": 19220.3406393528, "delta": 18.670532941818237}, "costs": {"total_cost": 183.26903805533811, "time_cost": 70.623, "final_distance_cost": 1.8275627561406607, "oscillation_cost": 24.10878095551281, "completition_cost": 0.0, "overshoot_cost": 51.54264951477092, "power_cost": 14.07819599609375, "noise_cost": 21.088848832819966, "n_waypoints_completed": 9, "tot_waypoints": 9}}
{"target": -184.6353120156023, "params": {"k_pid_pos": [0.5648912221357711, 0.0, 0.0], "k_pid_alt": [1.6384008431480777, 0.0, 0.08277591710460774], "k_pid_att": [26.60014147311433, 2.5827782790246245, 0.19331377878877293], "k_pid_yaw": [0.5, 1e-06, 0.1], "k_pid_hsp": [0.13649052924773422, 0.0, 0.0], "k_pid_vsp": [154.30031088120634, 53.95743952764119, 1e-06]}, "datetime": {"datetime": "2025-08-11 21:45:59", "elapsed": 19238.44645547867, "delta": 18.10581612586975}, "costs": {"total_cost": 184.6353120156023, "time_cost": 72.464, "final_distance_cost": 1.8385595182446448, "oscillation_cost": 22.636384144856862, "completition_cost": 0.0, "overshoot_cost": 51.19239874964326, "power_cost": 14.360390795898438, "noise_cost": 22.143578806959077, "n_waypoints_completed": 9, "tot_waypoints": 9}}
{"target": -184.502670359927, "params": {"k_pid_pos": [0.5354047610081341, 0.0, 0.0], "k_pid_alt": [1.6410197086662741, 0.0, 0.06347310550409832], "k_pid_att": [21.803934793360025, 2.3162737406188585, 0.12963143887556966], "k_pid_yaw": [0.5, 1e-06, 0.1], "k_pid_hsp": [0.07290809861695996, 0.0, 0.0], "k_pid_vsp": [155.5632233643999, 49.840214530951165, 1.92623012836318]}, "datetime": {"datetime": "2025-08-11 21:46:18", "elapsed": 19258.10631585121, "delta": 19.659860372543335}, "costs": {"total_cost": 184.502670359927, "time_cost": 74.438, "final_distance_cost": 1.8081777137873905, "oscillation_cost": 17.902470593391616, "completition_cost": 0.0, "overshoot_cost": 53.41306736665649, "power_cost": 14.355565954589844, "noise_cost": 22.585388731501666, "n_waypoints_completed": 9, "tot_waypoints": 9}}
{"target": -259.510472852999, "params": {"k_pid_pos": [0.8538033069663308, 0.0, 0.0], "k_pid_alt": [1.6443407057805253, 0.0, 0.11495240509176866], "k_pid_att": [29.784798200804662, 2.301828803687774, 0.11753271903382956], "k_pid_yaw": [0.5, 1e-06, 0.1], "k_pid_hsp": [0.02608008816310499, 0.0, 0.0], "k_pid_vsp": [145.14444127178388, 54.0424231441221, 2.8656810629138865]}, "datetime": {"datetime": "2025-08-11 21:46:49", "elapsed": 19288.639127254486, "delta": 30.532811403274536}, "costs": {"total_cost": 259.510472852999, "time_cost": 119.44800000000001, "final_distance_cost": 1.7859450024843784, "oscillation_cost": 13.307174229651189, "completition_cost": 0.0, "overshoot_cost": 67.11622444481688, "power_cost": 21.900872302246096, "noise_cost": 35.95225687380047, "n_waypoints_completed": 9, "tot_waypoints": 9}}
{"target": -183.157291421551, "params": {"k_pid_pos": [0.5443708716158049, 0.0, 0.0], "k_pid_alt": [1.6415082501949645, 0.0, 0.16326103478888992], "k_pid_att": [26.04095813335571, 1.8107642500568275, 0.2131305172437685], "k_pid_yaw": [0.5, 1e-06, 0.1], "k_pid_hsp": [0.101753600849141, 0.0, 0.0], "k_pid_vsp": [142.20319056451604, 53.23908375873005, 4.292046761498449]}, "datetime": {"datetime": "2025-08-11 21:47:07", "elapsed": 19307.356945991516, "delta": 18.71781873703003}, "costs": {"total_cost": 183.157291421551, "time_cost": 72.632, "final_distance_cost": 1.8257328122263812, "oscillation_cost": 20.351210655612263, "completition_cost": 0.0, "overshoot_cost": 52.120807170452835, "power_cost": 14.18286201171875, "noise_cost": 22.044678771540795, "n_waypoints_completed": 9, "tot_waypoints": 9}}
{"target": -183.0357477631517, "params": {"k_pid_pos": [0.5151803057257462, 0.0, 0.0], "k_pid_alt": [1.6198693078012498, 0.0, 0.0], "k_pid_att": [24.94723789708397, 2.256241799776144, 0.20491933281132835], "k_pid_yaw": [0.5, 1e-06, 0.1], "k_pid_hsp": [0.08745647675609347, 0.0, 0.0], "k_pid_vsp": [142.1419723293097, 54.34772196600516, 1.9445811412644916]}, "datetime": {"datetime": "2025-08-11 21:47:26", "elapsed": 19325.636375427246, "delta": 18.27942943572998}, "costs": {"total_cost": 183.0357477631517, "time_cost": 73.325, "final_distance_cost": 1.8118915120081998, "oscillation_cost": 18.61653615037809, "completition_cost": 0.0, "overshoot_cost": 52.684239070163734, "power_cost": 14.27242547607422, "noise_cost": 22.325655554527458, "n_waypoints_completed": 9, "tot_waypoints": 9}}
{"target": -195.97693163134204, "params": {"k_pid_pos": [0.6417676689402764, 0.0, 0.0], "k_pid_alt": [1.8090555115258318, 0.0, 0.3046579432206155], "k_pid_att": [28.171237107838476, 2.214404905622453, 0.20964942756428054], "k_pid_yaw": [0.5, 1e-06, 0.1], "k_pid_hsp": [0.05239549089371723, 0.0, 0.0], "k_pid_vsp": [141.0299454883855, 54.52097098717607, 1e-06]}, "datetime": {"datetime": "2025-08-11 21:47:47", "elapsed": 19346.66285252571, "delta": 21.026477098464966}, "costs": {"total_cost": 195.97693163134204, "time_cost": 81.172, "final_distance_cost": 1.800103004876619, "oscillation_cost": 17.27773402859471, "completition_cost": 0.0, "overshoot_cost": 55.75497958680804, "power_cost": 15.39721883544922, "noise_cost": 24.574896175613446, "n_waypoints_completed": 9, "tot_waypoints": 9}}
{"target": -187.10524224458507, "params": {"k_pid_pos": [0.7902798686387857, 0.0007217276567722947, 0.002303257886592615], "k_pid_alt": [1.6766666125139267, 0.0, 0.0], "k_pid_att": [21.169235608722843, 1.9893893818334807, 0.2752226259126106], "k_pid_yaw": [0.5, 1e-06, 0.1], "k_pid_hsp": [0.5765340872172259, 3.647243733784656e-05, 0.0], "k_pid_vsp": [156.47361125624437, 53.1289769213563, 2.3612837165678133]}, "datetime": {"datetime": "2025-08-11 21:48:05", "elapsed": 19365.165600299835, "delta": 18.502747774124146}, "costs": {"total_cost": 187.10524224458507, "time_cost": 70.854, "final_distance_cost": 1.8498033636441522, "oscillation_cost": 27.134022227522575, "completition_cost": 0.0, "overshoot_cost": 50.871003017295266, "power_cost": 14.618911267089844, "noise_cost": 21.777502369033225, "n_waypoints_completed": 9, "tot_waypoints": 9}}
{"target": -184.11777996360522, "params": {"k_pid_pos": [0.6474496665911039, 0.0, 0.0], "k_pid_alt": [1.6571738770692317, 0.0, 0.1441751653034577], "k_pid_att": [20.359236401486495, 2.180888420357892, 0.20724914943411704], "k_pid_yaw": [0.5, 1e-06, 0.1], "k_pid_hsp": [0.14640142628927816, 0.0, 0.0], "k_pid_vsp": [142.29185727599943, 74.74802616775544, 5.300348322747515]}, "datetime": {"datetime": "2025-08-11 21:48:23", "elapsed": 19383.023170232773, "delta": 17.857569932937622}, "costs": {"total_cost": 184.11777996360522, "time_cost": 71.211, "final_distance_cost": 1.8404945737892786, "oscillation_cost": 24.302520517160502, "completition_cost": 0.0, "overshoot_cost": 51.16554327007982, "power_cost": 14.165202978515625, "noise_cost": 21.433018624059997, "n_waypoints_completed": 9, "tot_waypoints": 9}}
{"target": -182.95983478116057, "params": {"k_pid_pos": [0.5304808182429531, 0.0, 0.0], "k_pid_alt": [1.6659477502007574, 0.0, 0.16627033509161082], "k_pid_att": [24.336435712831133, 2.227220405925833, 0.18642544909607944], "k_pid_yaw": [0.5, 1e-06, 0.1], "k_pid_hsp": [0.09189473125580816, 0.0, 0.0], "k_pid_vsp": [144.784940360055, 55.49436054521972, 2.585271347672084]}, "datetime": {"datetime": "2025-08-11 21:48:41", "elapsed": 19401.190586090088, "delta": 18.167415857315063}, "costs": {"total_cost": 182.95983478116057, "time_cost": 73.031, "final_distance_cost": 1.8248025494218567, "oscillation_cost": 19.438937642175592, "completition_cost": 0.0, "overshoot_cost": 52.38287092679153, "power_cost": 14.172833300781251, "noise_cost": 22.10939036199032, "n_waypoints_completed": 9, "tot_waypoints": 9}}
{"target": -188.67884549319044, "params": {"k_pid_pos": [0.6064568707886923, 0.0, 0.11590562634759892], "k_pid_alt": [1.6476169525624769, 0.0, 0.07742181942539879], "k_pid_att": [28.581214325389745, 2.3845252005361095, 0.13463667335594068], "k_pid_yaw": [0.5, 1e-06, 0.1], "k_pid_hsp": [0.15433760900832316, 0.0, 0.0], "k_pid_vsp": [150.7754856434045, 51.334380358841535, 1.18844073660711]}, "datetime": {"datetime": "2025-08-11 21:49:00", "elapsed": 19419.755204916, "delta": 18.564618825912476}, "costs": {"total_cost": 188.67884549319044, "time_cost": 73.955, "final_distance_cost": 1.8475607827750247, "oscillation_cost": 23.856306544524422, "completition_cost": 0.0, "overshoot_cost": 51.653476955996496, "power_cost": 14.601284973144532, "noise_cost": 22.76521623674996, "n_waypoints_completed": 9, "tot_waypoints": 9}}
{"target": -183.10683585801155, "params": {"k_pid_pos": [0.489986253622278, 0.0, 0.0], "k_pid_alt": [1.60616342547876, 0.0, 0.1050631685949921], "k_pid_att": [25.835701520133703, 2.1676256266625753, 0.2214960360897768], "k_pid_yaw": [0.5, 1e-06, 0.1], "k_pid_hsp": [0.09472804436001721, 0.0, 0.0], "k_pid_vsp": [116.65108627424202, 50.82552193138012, 1.955825267896993]}, "datetime": {"datetime": "2025-08-11 21:49:18", "elapsed": 19438.295787096024, "delta": 18.540582180023193}, "costs": {"total_cost": 183.10683585801155, "time_cost": 73.605, "final_distance_cost": 1.8305378030789663, "oscillation_cost": 18.700778507232094, "completition_cost": 0.0, "overshoot_cost": 52.434214603373775, "power_cost": 14.241625524902345, "noise_cost": 22.29467941942441, "n_waypoints_completed": 9, "tot_waypoints": 9}}
{"target": -184.0295987678153, "params": {"k_pid_pos": [0.6588017027283672, 0.0, 0.0], "k_pid_alt": [1.6950944440033233, 0.0, 0.1367560208467865], "k_pid_att": [24.034934126425746, 2.2801051443165243, 0.1973218924444349], "k_pid_yaw": [0.5, 1e-06, 0.1], "k_pid_hsp": [0.1411927454208984, 0.0, 0.0], "k_pid_vsp": [141.8086257576256, 53.437316509777446, 2.0119784229571875]}, "datetime": {"datetime": "2025-08-11 21:49:37", "elapsed": 19456.61754512787, "delta": 18.321758031845093}, "costs": {"total_cost": 184.0295987678153, "time_cost": 71.162, "final_distance_cost": 1.8434220531890635, "oscillation_cost": 24.189317801366997, "completition_cost": 0.0, "overshoot_cost": 51.17750378525971, "power_cost": 14.207286584472657, "noise_cost": 21.450068543526857, "n_waypoints_completed": 9, "tot_waypoints": 9}}
{"target": -183.66137487207652, "params": {"k_pid_pos": [0.5134753071371198, 0.0, 0.0], "k_pid_alt": [1.7310096024725417, 0.0, 0.0797302267298829], "k_pid_att": [24.414875255600663, 2.2172375179223307, 0.19987692752978303], "k_pid_yaw": [0.5, 1e-06, 0.1], "k_pid_hsp": [0.11146158827251963, 0.0, 0.0], "k_pid_vsp": [142.03610445007556, 57.2577745968895, 2.1824020222832754]}, "datetime": {"datetime": "2025-08-11 21:49:55", "elapsed": 19474.789345026016, "delta": 18.171799898147583}, "costs": {"total_cost": 183.66137487207652, "time_cost": 73.052, "final_distance_cost": 1.8457314959126516, "oscillation_cost": 20.306431383141383, "completition_cost": 0.0, "overshoot_cost": 51.93648130860223, "power_cost": 14.29718426513672, "noise_cost": 22.223546419283547, "n_waypoints_completed": 9, "tot_waypoints": 9}}
{"target": -184.17588828726156, "params": {"k_pid_pos": [0.6539247345765329, 0.0, 0.0], "k_pid_alt": [1.711321784389518, 0.0, 0.0], "k_pid_att": [26.14405526231405, 3.9806552977506335, 0.18076568254321976], "k_pid_yaw": [0.5, 1e-06, 0.1], "k_pid_hsp": [0.14269109545261535, 0.0, 0.0], "k_pid_vsp": [185.76529467784184, 66.15037647003398, 1.2595423181190406]}, "datetime": {"datetime": "2025-08-11 21:50:13", "elapsed": 19493.330609321594, "delta": 18.541264295578003}, "costs": {"total_cost": 184.17588828726156, "time_cost": 71.232, "final_distance_cost": 1.8248127719625014, "oscillation_cost": 24.140492107770523, "completition_cost": 0.0, "overshoot_cost": 51.09765379748481, "power_cost": 14.252937329101563, "noise_cost": 21.62799228094215, "n_waypoints_completed": 9, "tot_waypoints": 9}}
{"target": -183.34229170922984, "params": {"k_pid_pos": [0.6861542981534359, 0.0, 0.0], "k_pid_alt": [1.588084233094758, 0.0, 0.13452795400211318], "k_pid_att": [28.836390241437783, 2.265538991794101, 0.2057078212713736], "k_pid_yaw": [0.5, 1e-06, 0.1], "k_pid_hsp": [0.09287981207018173, 0.0, 0.0], "k_pid_vsp": [140.93184762228643, 52.92303854769357, 3.279493678151022]}, "datetime": {"datetime": "2025-08-11 21:50:32", "elapsed": 19511.511948108673, "delta": 18.181338787078857}, "costs": {"total_cost": 183.34229170922984, "time_cost": 71.61, "final_distance_cost": 1.8128738795133774, "oscillation_cost": 22.221464311504096, "completition_cost": 0.0, "overshoot_cost": 51.994254379880026, "power_cost": 14.132631079101563, "noise_cost": 21.571068059230786, "n_waypoints_completed": 9, "tot_waypoints": 9}}
{"target": -186.33562309302266, "params": {"k_pid_pos": [0.5061010823484668, 0.0, 0.0], "k_pid_alt": [1.7917470364282877, 0.0, 0.2799343827134539], "k_pid_att": [31.42922926095668, 2.1468707410078562, 0.2017250459256217], "k_pid_yaw": [0.5, 1e-06, 0.1], "k_pid_hsp": [0.13431856877789622, 0.0, 0.0], "k_pid_vsp": [146.66003789119458, 48.81665553373715, 0.983041533498149]}, "datetime": {"datetime": "2025-08-11 21:50:50", "elapsed": 19529.640379190445, "delta": 18.12843108177185}, "costs": {"total_cost": 186.33562309302266, "time_cost": 73.913, "final_distance_cost": 1.838570223202426, "oscillation_cost": 21.696103326176384, "completition_cost": 0.0, "overshoot_cost": 51.75032252726585, "power_cost": 14.457093395996095, "noise_cost": 22.680533620381947, "n_waypoints_completed": 9, "tot_waypoints": 9}}
{"target": -182.8579035443533, "params": {"k_pid_pos": [0.5645322938171313, 0.0, 0.0], "k_pid_alt": [1.7389382588037525, 0.0, 0.13669616574740834], "k_pid_att": [30.971545886342945, 2.417638151113535, 0.17629094198322545], "k_pid_yaw": [0.5, 1e-06, 0.1], "k_pid_hsp": [0.08813776269160513, 0.0, 0.0], "k_pid_vsp": [128.4476377013155, 53.408892164601745, 3.0888264325267825]}, "datetime": {"datetime": "2025-08-11 21:51:10", "elapsed": 19549.76935315132, "delta": 20.128973960876465}, "costs": {"total_cost": 182.8579035443533, "time_cost": 72.702, "final_distance_cost": 1.8314012938570086, "oscillation_cost": 19.759332483322197, "completition_cost": 0.0, "overshoot_cost": 52.4497932211865, "power_cost": 14.160561804199219, "noise_cost": 21.954814741788372, "n_waypoints_completed": 9, "tot_waypoints": 9}}
{"target": -183.78535491341205, "params": {"k_pid_pos": [0.6627200628535386, 0.0, 0.0], "k_pid_alt": [1.6292400722388871, 0.0, 0.11028098349511585], "k_pid_att": [22.266213433685692, 1.8513940363801014, 0.19241031714266402], "k_pid_yaw": [0.5, 1e-06, 0.1], "k_pid_hsp": [0.08131431945009275, 0.0, 0.0], "k_pid_vsp": [140.24297097809423, 62.11845637491224, 2.0552163717197667]}, "datetime": {"datetime": "2025-08-11 21:51:28", "elapsed": 19567.6497900486, "delta": 17.880436897277832}, "costs": {"total_cost": 183.78535491341205, "time_cost": 72.408, "final_distance_cost": 1.821612224391879, "oscillation_cost": 21.31512614805302, "completition_cost": 0.0, "overshoot_cost": 52.38591554592507, "power_cost": 14.119759997558594, "noise_cost": 21.73494099748347, "n_waypoints_completed": 9, "tot_waypoints": 9}}
{"target": -183.3076140106506, "params": {"k_pid_pos": [0.6215749111660659, 0.0, 0.0], "k_pid_alt": [1.7381335069184496, 0.0, 0.006902400095991801], "k_pid_att": [14.494900737332127, 2.2184992849758607, 0.20600362533806774], "k_pid_yaw": [0.5, 1e-06, 0.1], "k_pid_hsp": [0.09661345811198552, 0.0, 0.0], "k_pid_vsp": [140.40530468585794, 54.76110748353034, 2.842859031271087]}, "datetime": {"datetime": "2025-08-11 21:51:46", "elapsed": 19586.146211385727, "delta": 18.496421337127686}, "costs": {"total_cost": 183.3076140106506, "time_cost": 71.799, "final_distance_cost": 1.817489166681553, "oscillation_cost": 21.76053597229274, "completition_cost": 0.0, "overshoot_cost": 52.10877511705204, "power_cost": 14.126590258789063, "noise_cost": 21.695223495835187, "n_waypoints_completed": 9, "tot_waypoints": 9}}
{"target": -232.75982277614938, "params": {"k_pid_pos": [0.6384628361188935, 0.0, 0.0], "k_pid_alt": [1.6840451426257883, 0.0, 0.3933326508668486], "k_pid_att": [22.45008150826385, 2.2762591958852525, 0.0], "k_pid_yaw": [0.5, 1e-06, 0.1], "k_pid_hsp": [0.03553402894247058, 0.0, 0.0], "k_pid_vsp": [145.68968687270504, 59.36921103523966, 0.33226662622717557]}, "datetime": {"datetime": "2025-08-11 21:52:13", "elapsed": 19612.605521202087, "delta": 26.459309816360474}, "costs": {"total_cost": 232.75982277614938, "time_cost": 100.73, "final_distance_cost": 1.7677440145631398, "oscillation_cost": 19.80302114329307, "completition_cost": 0.0, "overshoot_cost": 61.59566098057492, "power_cost": 18.52918044433594, "noise_cost": 30.334216193382307, "n_waypoints_completed": 9, "tot_waypoints": 9}}
{"target": -184.49281609765066, "params": {"k_pid_pos": [0.7140586449700252, 0.0, 0.07548393175674127], "k_pid_alt": [1.7760564326949553, 0.0, 0.20069063815217758], "k_pid_att": [26.533689029125863, 1.53443461003641, 0.2346069016121905], "k_pid_yaw": [0.5, 1e-06, 0.1], "k_pid_hsp": [0.13092006568735332, 0.0, 0.0], "k_pid_vsp": [120.3625052492319, 37.49125722270149, 2.800754383428413]}, "datetime": {"datetime": "2025-08-11 21:52:31", "elapsed": 19630.48043012619, "delta": 17.874908924102783}, "costs": {"total_cost": 184.49281609765066, "time_cost": 71.316, "final_distance_cost": 1.8427245947219686, "oscillation_cost": 23.972727192872703, "completition_cost": 0.0, "overshoot_cost": 51.618266070181505, "power_cost": 14.180473486328125, "noise_cost": 21.562624753546373, "n_waypoints_completed": 9, "tot_waypoints": 9}}
