{"target": -188.43868580004278, "params": {"k_pid_pos": [0.7215187589316454, 0.0, 0.20712555789974263], "k_pid_alt": [1.5303513666283257, 0.0, 0.1015095971038143], "k_pid_att": [19.16320866628738, 2.368660621544799, 0.13428095644928797], "k_pid_yaw": [0.5, 1e-06, 0.1], "k_pid_hsp": [0.18305724662282088, 0.0, 0.0], "k_pid_vsp": [125.8788011642499, 73.84379987629899, 1e-06]}, "datetime": {"datetime": "2025-08-11 19:24:27", "elapsed": 10746.54126405716, "delta": 18.638911247253418}, "costs": {"total_cost": 188.43868580004278, "time_cost": 73.493, "final_distance_cost": 1.8475436615623673, "oscillation_cost": 25.23529305987854, "completition_cost": 0.0, "overshoot_cost": 50.697092033636174, "power_cost": 14.644616943359376, "noise_cost": 22.521140101606317, "n_waypoints_completed": 9, "tot_waypoints": 9}}
{"target": -185.37852319488468, "params": {"k_pid_pos": [1.034586286009445, 0.0, 0.07498234361269482], "k_pid_alt": [1.5143141119964956, 0.0, 0.17088102944516861], "k_pid_att": [14.366830467556317, 3.0787028588982785, 0.16222526581799748], "k_pid_yaw": [0.5, 1e-06, 0.1], "k_pid_hsp": [0.1284893874865929, 0.0, 0.0], "k_pid_vsp": [204.237532131072, 69.6119513365525, 1e-06]}, "datetime": {"datetime": "2025-08-11 19:24:44", "elapsed": 10764.126561164856, "delta": 17.585297107696533}, "costs": {"total_cost": 185.37852319488468, "time_cost": 69.867, "final_distance_cost": 1.7955575835019977, "oscillation_cost": 27.612430157681988, "completition_cost": 0.0, "overshoot_cost": 50.89726786450483, "power_cost": 14.28841044921875, "noise_cost": 20.917857139977098, "n_waypoints_completed": 9, "tot_waypoints": 9}}
{"target": -197.14974844644166, "params": {"k_pid_pos": [0.7590895841062165, 0.004661684290422128, 0.0], "k_pid_alt": [1.6112879541304406, 0.0, 0.0], "k_pid_att": [24.5998433553814, 2.8916620529863724, 0.18353006492356008], "k_pid_yaw": [0.5, 1e-06, 0.1], "k_pid_hsp": [0.05167331339270506, 0.0, 0.0], "k_pid_vsp": [121.58235560611641, 31.94563884608977, 1e-06]}, "datetime": {"datetime": "2025-08-11 19:25:04", "elapsed": 10784.24359536171, "delta": 20.117034196853638}, "costs": {"total_cost": 197.14974844644166, "time_cost": 80.416, "final_distance_cost": 1.7906971757167844, "oscillation_cost": 19.098778559658907, "completition_cost": 0.0, "overshoot_cost": 55.93755346368106, "power_cost": 15.39839129638672, "noise_cost": 24.508327950998197, "n_waypoints_completed": 9, "tot_waypoints": 9}}
{"target": -1201.671631443644, "params": {"k_pid_pos": [0.43856842167526766, 0.025377724505622506, 0.3836578985102254], "k_pid_alt": [1.7062009073708044, 0.0, 0.21688107242279178], "k_pid_att": [30.310871090133524, 3.53963426200686, 0.17218069396772312], "k_pid_yaw": [0.5, 1e-06, 0.1], "k_pid_hsp": [0.0001, 0.0, 0.0], "k_pid_vsp": [152.63022067138218, 60.59910905030779, 1e-06]}, "datetime": {"datetime": "2025-08-11 19:25:34", "elapsed": 10813.975360870361, "delta": 29.731765508651733}, "costs": {"total_cost": 1201.671631443644, "time_cost": 150, "final_distance_cost": 45.317840571763774, "oscillation_cost": 0.004263663727916401, "completition_cost": 888.8888888888888, "overshoot_cost": 63.353967274747646, "power_cost": 21.009522363281253, "noise_cost": 33.09714868123426, "n_waypoints_completed": 1, "tot_waypoints": 9}}
{"target": -186.03824557255416, "params": {"k_pid_pos": [0.8989537603797598, 0.02719813198839849, 0.20202766512411582], "k_pid_alt": [1.731058939850148, 0.0, 0.20443713638867356], "k_pid_att": [37.211754447436924, 2.701752681806548, 0.19751012064361395], "k_pid_yaw": [0.5, 1e-06, 0.1], "k_pid_hsp": [0.365151925476769, 0.0, 0.0], "k_pid_vsp": [144.90924737884782, 104.52719607855468, 1e-06]}, "datetime": {"datetime": "2025-08-11 19:25:52", "elapsed": 10831.975641012192, "delta": 18.000280141830444}, "costs": {"total_cost": 186.03824557255416, "time_cost": 70.84700000000001, "final_distance_cost": 1.8470960115009571, "oscillation_cost": 26.51530756657099, "completition_cost": 0.0, "overshoot_cost": 50.79720722037264, "power_cost": 14.496728186035156, "noise_cost": 21.53490658807441, "n_waypoints_completed": 9, "tot_waypoints": 9}}
{"target": -299.80561774152056, "params": {"k_pid_pos": [0.8686162076875545, 0.0, 0.020177247191172393], "k_pid_alt": [1.079623416522169, 0.0, 0.061010706528436154], "k_pid_att": [1.4816480598001363, 3.1131019736621193, 0.15898139568429465], "k_pid_yaw": [0.5, 1e-06, 0.1], "k_pid_hsp": [0.11080006901678764, 0.06980631360007014, 0.09267177235827664], "k_pid_vsp": [137.32317950015667, 52.08041894719348, 1e-06]}, "datetime": {"datetime": "2025-08-11 19:26:14", "elapsed": 10853.781305789948, "delta": 21.805664777755737}, "costs": {"total_cost": 299.80561774152056, "time_cost": 86.401, "final_distance_cost": 1.8528428139908262, "oscillation_cost": 92.00627756808078, "completition_cost": 0.0, "overshoot_cost": 75.09774139701491, "power_cost": 18.865848986816406, "noise_cost": 25.581906975617635, "n_waypoints_completed": 9, "tot_waypoints": 9}}
{"target": -185.42314950466354, "params": {"k_pid_pos": [0.9452067782381067, 0.04431432078770332, 0.08291058435540857], "k_pid_alt": [1.5957810212343648, 0.0027711659464333908, 0.12293041116069328], "k_pid_att": [17.02403523136129, 0.0001, 0.18013722302901838], "k_pid_yaw": [0.5, 1e-06, 0.1], "k_pid_hsp": [0.22020578366605115, 0.0, 0.0], "k_pid_vsp": [128.94870553827792, 55.025350641125286, 1e-06]}, "datetime": {"datetime": "2025-08-11 19:26:32", "elapsed": 10871.37990641594, "delta": 17.59860062599182}, "costs": {"total_cost": 185.42314950466354, "time_cost": 69.804, "final_distance_cost": 1.824793341056705, "oscillation_cost": 27.401516408229117, "completition_cost": 0.0, "overshoot_cost": 51.036278202691605, "power_cost": 14.385035205078125, "noise_cost": 20.97152634760797, "n_waypoints_completed": 9, "tot_waypoints": 9}}
{"target": -185.29258473061554, "params": {"k_pid_pos": [0.8748533150382933, 0.0, 0.27077506681604274], "k_pid_alt": [1.6374900677025443, 0.0, 0.03324513014560543], "k_pid_att": [13.100829256536446, 2.9047259740043097, 0.21946440308280588], "k_pid_yaw": [0.5, 1e-06, 0.1], "k_pid_hsp": [0.1555357254517631, 0.0, 0.0], "k_pid_vsp": [183.67472922452885, 53.85025908397539, 1e-06]}, "datetime": {"datetime": "2025-08-11 19:26:49", "elapsed": 10889.057385206223, "delta": 17.677478790283203}, "costs": {"total_cost": 185.29258473061554, "time_cost": 71.337, "final_distance_cost": 1.83786301932617, "oscillation_cost": 25.061784014604406, "completition_cost": 0.0, "overshoot_cost": 51.03413603204805, "power_cost": 14.337539611816407, "noise_cost": 21.684262052820504, "n_waypoints_completed": 9, "tot_waypoints": 9}}
{"target": -997.7915234545834, "params": {"k_pid_pos": [0.9424559461226398, 0.0, 0.22340301442521865], "k_pid_alt": [1.994511850906484, 0.0, 0.2670301798273117], "k_pid_att": [19.96081504684603, 2.257656319570786, 0.1267871602322381], "k_pid_yaw": [0.5, 1e-06, 0.1], "k_pid_hsp": [0.007444718495226055, 0.0, 0.0], "k_pid_vsp": [206.49991791334327, 51.10644239448824, 1e-06]}, "datetime": {"datetime": "2025-08-11 19:27:19", "elapsed": 10919.208045721054, "delta": 30.150660514831543}, "costs": {"total_cost": 997.7915234545834, "time_cost": 150, "final_distance_cost": 51.73658242880995, "oscillation_cost": 2.638538230845902, "completition_cost": 666.6666666666667, "overshoot_cost": 72.67016396905119, "power_cost": 21.235108142089846, "noise_cost": 32.84446401711977, "n_waypoints_completed": 3, "tot_waypoints": 9}}
{"target": -191.63906143350718, "params": {"k_pid_pos": [0.830136655849706, 0.16017709296359806, 0.10101313419900904], "k_pid_alt": [1.6670283982978944, 0.0, 0.32981517399250454], "k_pid_att": [10.739288782540164, 1.3448681012255093, 0.16027274254474683], "k_pid_yaw": [0.5, 1e-06, 0.1], "k_pid_hsp": [0.3049995843223638, 0.0, 0.0], "k_pid_vsp": [103.5101162215434, 1e-06, 1e-06]}, "datetime": {"datetime": "2025-08-11 19:27:38", "elapsed": 10937.626754045486, "delta": 18.418708324432373}, "costs": {"total_cost": 191.63906143350718, "time_cost": 73.19200000000001, "final_distance_cost": 1.8180311337856732, "oscillation_cost": 27.16732599175983, "completition_cost": 0.0, "overshoot_cost": 52.09851130911934, "power_cost": 14.869308056640625, "noise_cost": 22.493884942201714, "n_waypoints_completed": 9, "tot_waypoints": 9}}
{"target": -186.3833493018525, "params": {"k_pid_pos": [0.8732798913223117, 0.014146549887816683, 0.0], "k_pid_alt": [1.6167929823417253, 0.0, 0.05653547508310794], "k_pid_att": [22.697921373437115, 2.5311989799058345, 0.11741908304822377], "k_pid_yaw": [0.5, 1e-06, 0.1], "k_pid_hsp": [0.28633410567593004, 0.0, 0.0], "k_pid_vsp": [168.38352098492757, 53.68929413086109, 1e-06]}, "datetime": {"datetime": "2025-08-11 19:27:55", "elapsed": 10955.136099338531, "delta": 17.509345293045044}, "costs": {"total_cost": 186.3833493018525, "time_cost": 70.084, "final_distance_cost": 1.8301060896831747, "oscillation_cost": 28.025885280563333, "completition_cost": 0.0, "overshoot_cost": 50.696935360447796, "power_cost": 14.501083459472657, "noise_cost": 21.24533911168554, "n_waypoints_completed": 9, "tot_waypoints": 9}}
{"target": -188.6011583558509, "params": {"k_pid_pos": [1.0425604721345672, 0.0577551055209577, 0.0], "k_pid_alt": [1.5196479737836612, 0.0004046940142959524, 0.1397785854890654], "k_pid_att": [14.526222455270759, 2.6089639564971314, 0.11709723043553685], "k_pid_yaw": [0.5, 1e-06, 0.1], "k_pid_hsp": [0.49705896336094463, 0.002172617091515329, 0.0], "k_pid_vsp": [164.83452045574893, 46.95264361953185, 1.5121066152591884]}, "datetime": {"datetime": "2025-08-11 19:28:13", "elapsed": 10973.292316913605, "delta": 18.156217575073242}, "costs": {"total_cost": 188.6011583558509, "time_cost": 69.45400000000001, "final_distance_cost": 1.8350080717204422, "oscillation_cost": 31.047975265957337, "completition_cost": 0.0, "overshoot_cost": 50.711611395754325, "power_cost": 14.669544274902345, "noise_cost": 20.883019347516466, "n_waypoints_completed": 9, "tot_waypoints": 9}}
{"target": -189.32722065344058, "params": {"k_pid_pos": [0.904305427385038, 0.15468155883518803, 0.11763985328508852], "k_pid_alt": [1.5710133522678364, 0.0, 0.1769279218417291], "k_pid_att": [21.25291062119131, 1.9260607481241485, 0.39366183274497996], "k_pid_yaw": [0.5, 1e-06, 0.1], "k_pid_hsp": [0.5862444823443012, 0.0022939674139399457, 0.0], "k_pid_vsp": [186.07485997628444, 47.50537765591497, 1e-06]}, "datetime": {"datetime": "2025-08-11 19:28:31", "elapsed": 10990.831969499588, "delta": 17.539652585983276}, "costs": {"total_cost": 189.32722065344058, "time_cost": 71.428, "final_distance_cost": 1.8256243190871346, "oscillation_cost": 28.3375199097987, "completition_cost": 0.0, "overshoot_cost": 51.001045158320714, "power_cost": 14.861767700195314, "noise_cost": 21.87326356603869, "n_waypoints_completed": 9, "tot_waypoints": 9}}
{"target": -187.5330363356643, "params": {"k_pid_pos": [0.9610476968387855, 0.0, 0.055896236080218153], "k_pid_alt": [1.703439641476761, 0.0, 0.09931838252150514], "k_pid_att": [22.674444696510264, 2.4401316389354624, 0.12311003697517686], "k_pid_yaw": [0.5, 1e-06, 0.1], "k_pid_hsp": [0.32592760764289797, 0.0, 0.0], "k_pid_vsp": [154.984133239689, 33.592273720444695, 1e-06]}, "datetime": {"datetime": "2025-08-11 19:28:49", "elapsed": 11008.735137701035, "delta": 17.903168201446533}, "costs": {"total_cost": 187.5330363356643, "time_cost": 70.336, "final_distance_cost": 1.8379719748436067, "oscillation_cost": 28.642687379347496, "completition_cost": 0.0, "overshoot_cost": 50.81349101249966, "power_cost": 14.539464599609376, "noise_cost": 21.363421369364158, "n_waypoints_completed": 9, "tot_waypoints": 9}}
{"target": -184.9326516333333, "params": {"k_pid_pos": [0.9893566177007961, 0.0, 0.24559783307789587], "k_pid_alt": [1.6061943967362706, 0.0, 0.1533791573848122], "k_pid_att": [15.945482771499032, 1.599693109649836, 0.1847046658981935], "k_pid_yaw": [0.5, 1e-06, 0.1], "k_pid_hsp": [0.1700093481993052, 0.0, 0.0], "k_pid_vsp": [154.86066833071925, 61.06702548442452, 3.2766541335375545]}, "datetime": {"datetime": "2025-08-11 19:29:07", "elapsed": 11026.582475185394, "delta": 17.84733748435974}, "costs": {"total_cost": 184.9326516333333, "time_cost": 70.273, "final_distance_cost": 1.8349435898516915, "oscillation_cost": 26.309893526299792, "completition_cost": 0.0, "overshoot_cost": 50.95876501798065, "power_cost": 14.296403747558594, "noise_cost": 21.259645751642584, "n_waypoints_completed": 9, "tot_waypoints": 9}}
{"target": -184.0860232133076, "params": {"k_pid_pos": [0.8987197612297695, 0.0, 0.20915864993249345], "k_pid_alt": [1.8249521724247542, 0.0, 0.0], "k_pid_att": [21.23916379551073, 2.6391903273092088, 0.08353809758841482], "k_pid_yaw": [0.5, 1e-06, 0.1], "k_pid_hsp": [0.10371685599646346, 0.0, 0.0], "k_pid_vsp": [163.32658341906023, 65.02826529910132, 0.15225972393088136]}, "datetime": {"datetime": "2025-08-11 19:29:24", "elapsed": 11044.057701349258, "delta": 17.475226163864136}, "costs": {"total_cost": 184.0860232133076, "time_cost": 70.854, "final_distance_cost": 1.8098223817482915, "oscillation_cost": 24.402901456534515, "completition_cost": 0.0, "overshoot_cost": 51.55871489248468, "power_cost": 14.175901977539063, "noise_cost": 21.28468250500105, "n_waypoints_completed": 9, "tot_waypoints": 9}}
{"target": -185.10222443463957, "params": {"k_pid_pos": [0.9262432538060732, 0.0, 0.022927466906637065], "k_pid_alt": [1.616986557952626, 0.0, 0.0], "k_pid_att": [19.35121871614504, 2.571359795309793, 0.12205878602568282], "k_pid_yaw": [0.5, 1e-06, 0.1], "k_pid_hsp": [0.20273377118794966, 0.011718782101262554, 0.0], "k_pid_vsp": [143.4615192354914, 74.01100047005379, 0.2265260536919878]}, "datetime": {"datetime": "2025-08-11 19:29:42", "elapsed": 11061.767820119858, "delta": 17.710118770599365}, "costs": {"total_cost": 185.10222443463957, "time_cost": 69.384, "final_distance_cost": 1.8314971029658074, "oscillation_cost": 28.455217968436763, "completition_cost": 0.0, "overshoot_cost": 50.287553318591094, "power_cost": 14.39170233154297, "noise_cost": 20.75225371310291, "n_waypoints_completed": 9, "tot_waypoints": 9}}
{"target": -185.62113071518843, "params": {"k_pid_pos": [0.8488387168767237, 0.0, 0.2460206732650338], "k_pid_alt": [1.5160982004905423, 0.0, 0.09966991592103035], "k_pid_att": [22.123982968834415, 2.910431195583178, 0.11028321027521415], "k_pid_yaw": [0.5, 1e-06, 0.1], "k_pid_hsp": [0.16702893640015254, 0.0, 0.0], "k_pid_vsp": [162.33147522899546, 83.41795948942251, 0.24907500084872203]}, "datetime": {"datetime": "2025-08-11 19:30:00", "elapsed": 11079.65059518814, "delta": 17.88277506828308}, "costs": {"total_cost": 185.62113071518843, "time_cost": 71.379, "final_distance_cost": 1.8466458165568285, "oscillation_cost": 25.688858665295964, "completition_cost": 0.0, "overshoot_cost": 50.70300827774313, "power_cost": 14.339927807617189, "noise_cost": 21.663690147975302, "n_waypoints_completed": 9, "tot_waypoints": 9}}
{"target": -190.2293895410222, "params": {"k_pid_pos": [0.7847176450048607, 0.0, 0.12201617702371484], "k_pid_alt": [1.6720618013499615, 0.0, 0.1579458579146694], "k_pid_att": [26.677715159775484, 2.3928250283754284, 0.13190905030971478], "k_pid_yaw": [0.5, 1e-06, 0.1], "k_pid_hsp": [0.37264154458449267, 0.0, 0.0], "k_pid_vsp": [194.29091896603018, 46.509381873326625, 1e-06]}, "datetime": {"datetime": "2025-08-11 19:30:18", "elapsed": 11097.838030815125, "delta": 18.187435626983643}, "costs": {"total_cost": 190.2293895410222, "time_cost": 72.674, "final_distance_cost": 1.8493683638470222, "oscillation_cost": 27.36054157997056, "completition_cost": 0.0, "overshoot_cost": 50.96473014482449, "power_cost": 14.834990563964844, "noise_cost": 22.54575888841527, "n_waypoints_completed": 9, "tot_waypoints": 9}}
{"target": -187.39482717990728, "params": {"k_pid_pos": [0.989531971804885, 0.0, 0.44189979914621463], "k_pid_alt": [1.7138986359422783, 0.0, 0.10910692226810023], "k_pid_att": [20.885783962185116, 1.3198626786020051, 0.11059272769197445], "k_pid_yaw": [0.5, 1e-06, 0.1], "k_pid_hsp": [0.2066485761131025, 0.0, 0.0], "k_pid_vsp": [202.9978672575265, 72.73926270681758, 0.9389584578692646]}, "datetime": {"datetime": "2025-08-11 19:30:36", "elapsed": 11115.538448095322, "delta": 17.700417280197144}, "costs": {"total_cost": 187.39482717990728, "time_cost": 72.044, "final_distance_cost": 1.8443404432986965, "oscillation_cost": 25.852567290533017, "completition_cost": 0.0, "overshoot_cost": 50.92382814136073, "power_cost": 14.566358996582032, "noise_cost": 22.16373230813282, "n_waypoints_completed": 9, "tot_waypoints": 9}}
{"target": -183.60966557506214, "params": {"k_pid_pos": [0.7924586955835761, 0.0, 0.0], "k_pid_alt": [1.5096741510987322, 0.0, 0.1399502606068237], "k_pid_att": [26.69108808953116, 2.443159591466759, 0.19765609581199722], "k_pid_yaw": [0.5, 1e-06, 0.1], "k_pid_hsp": [0.1170622189413777, 0.0, 0.0], "k_pid_vsp": [148.22259056554915, 53.820536872066015, 1e-06]}, "datetime": {"datetime": "2025-08-11 19:30:53", "elapsed": 11133.004646062851, "delta": 17.466197967529297}, "costs": {"total_cost": 183.60966557506214, "time_cost": 70.49, "final_distance_cost": 1.8202705661523364, "oscillation_cost": 24.683546609686218, "completition_cost": 0.0, "overshoot_cost": 51.52389899279153, "power_cost": 14.104141894531251, "noise_cost": 20.987807511900822, "n_waypoints_completed": 9, "tot_waypoints": 9}}
{"target": -1239.555313681045, "params": {"k_pid_pos": [0.9145144353754096, 0.0, 0.2702180762444469], "k_pid_alt": [1.5636099719074954, 0.0, 0.14950762254029798], "k_pid_att": [3.8963688762411763, 1.757534473871081, 0.12044769446696585], "k_pid_yaw": [0.5, 1e-06, 0.1], "k_pid_hsp": [0.0001, 0.0, 0.0], "k_pid_vsp": [136.51267871893813, 36.030583790628704, 0.22967341335705077]}, "datetime": {"datetime": "2025-08-11 19:31:24", "elapsed": 11164.26722073555, "delta": 31.262574672698975}, "costs": {"total_cost": 1239.555313681045, "time_cost": 150, "final_distance_cost": 47.26090939404022, "oscillation_cost": 0.0066435019312200555, "completition_cost": 888.8888888888888, "overshoot_cost": 99.2697705700056, "power_cost": 21.019026025390627, "noise_cost": 33.11007530078845, "n_waypoints_completed": 1, "tot_waypoints": 9}}
{"target": -187.37120260079027, "params": {"k_pid_pos": [0.8014531286807252, 0.038874259392390864, 0.13950795858331583], "k_pid_alt": [1.6468743631416176, 0.0, 0.09561683185406913], "k_pid_att": [19.86816502108441, 2.6407150410626223, 0.13983716068721586], "k_pid_yaw": [0.5, 1e-06, 0.1], "k_pid_hsp": [0.4021002658548134, 0.0, 0.0], "k_pid_vsp": [183.51376351215495, 51.00493710039879, 1e-06]}, "datetime": {"datetime": "2025-08-11 19:31:42", "elapsed": 11182.023330688477, "delta": 17.756109952926636}, "costs": {"total_cost": 187.37120260079027, "time_cost": 71.589, "final_distance_cost": 1.8394173910780491, "oscillation_cost": 26.280850177961483, "completition_cost": 0.0, "overshoot_cost": 50.95510279289447, "power_cost": 14.578887536621094, "noise_cost": 22.12794470223516, "n_waypoints_completed": 9, "tot_waypoints": 9}}
{"target": -188.41020342665894, "params": {"k_pid_pos": [1.4105743278714402, 0.0008210328729545697, 0.1590705435782143], "k_pid_alt": [1.7346290442262147, 0.0, 0.1725899412577453], "k_pid_att": [17.87571544507513, 2.2182448928428413, 0.07565433487872289], "k_pid_yaw": [0.5, 1e-06, 0.1], "k_pid_hsp": [0.18009593972471782, 0.0, 0.0], "k_pid_vsp": [216.58621976302743, 63.46128273891836, 1.1877997890526333]}, "datetime": {"datetime": "2025-08-11 19:31:59", "elapsed": 11198.975840806961, "delta": 16.952510118484497}, "costs": {"total_cost": 188.41020342665894, "time_cost": 69.349, "final_distance_cost": 1.8174557776019242, "oscillation_cost": 30.7462384693236, "completition_cost": 0.0, "overshoot_cost": 51.09430763288145, "power_cost": 14.570056970214845, "noise_cost": 20.833144576637135, "n_waypoints_completed": 9, "tot_waypoints": 9}}
{"target": -183.85295262762256, "params": {"k_pid_pos": [0.9491787974556164, 0.0, 0.13197674659053726], "k_pid_alt": [1.5281154690092844, 0.0, 0.1929862454442147], "k_pid_att": [17.759313936030658, 2.0131899429629794, 0.1623453855587766], "k_pid_yaw": [0.5, 1e-06, 0.1], "k_pid_hsp": [0.1472720563147116, 0.0, 0.0], "k_pid_vsp": [145.667165704844, 52.26063756182946, 1e-06]}, "datetime": {"datetime": "2025-08-11 19:32:17", "elapsed": 11216.433295965195, "delta": 17.457455158233643}, "costs": {"total_cost": 183.85295262762256, "time_cost": 70.049, "final_distance_cost": 1.816455740564351, "oscillation_cost": 26.272961483618662, "completition_cost": 0.0, "overshoot_cost": 50.361787629186274, "power_cost": 14.241045776367189, "noise_cost": 21.11170199788605, "n_waypoints_completed": 9, "tot_waypoints": 9}}
{"target": -1232.7886533866813, "params": {"k_pid_pos": [0.7793599695121407, 0.0, 0.22737234717412022], "k_pid_alt": [1.6899765674708829, 0.0, 0.0], "k_pid_att": [27.09095231492806, 2.361688513639264, 0.12959116446134555], "k_pid_yaw": [0.5, 1e-06, 0.1], "k_pid_hsp": [0.0001, 0.0, 0.0], "k_pid_vsp": [160.76821597211148, 60.80807965108002, 1e-06]}, "datetime": {"datetime": "2025-08-11 19:32:46", "elapsed": 11246.13484621048, "delta": 29.701550245285034}, "costs": {"total_cost": 1232.7886533866813, "time_cost": 150, "final_distance_cost": 46.586944129706175, "oscillation_cost": 0.008137761523077186, "completition_cost": 888.8888888888888, "overshoot_cost": 93.1840789227449, "power_cost": 21.021904821777344, "noise_cost": 33.09869886204107, "n_waypoints_completed": 1, "tot_waypoints": 9}}
