{"target": -181.8864058324769, "params": {"k_pid_pos": [0.5245372186910124, 0.0, 0.0], "k_pid_alt": [1.6121505078313452, 0.0, 0.14513292620357443], "k_pid_att": [29.183683707063214, 3.5235255494806053, 0.22907290851118345], "k_pid_yaw": [0.5, 1e-06, 0.1], "k_pid_hsp": [0.0912389325818099, 0.0, 0.0], "k_pid_vsp": [124.9465298010284, 130.44521766682658, 1.1282886363574582]}, "datetime": {"datetime": "2025-08-12 02:41:51", "elapsed": 36990.495161533356, "delta": 18.649013996124268}, "costs": {"total_cost": 181.8864058324769, "time_cost": 72.961, "final_distance_cost": 1.8243871391217321, "oscillation_cost": 19.23783530642109, "completition_cost": 0.0, "overshoot_cost": 51.75878448806272, "power_cost": 14.212690783691407, "noise_cost": 21.891708115179952, "n_waypoints_completed": 9, "tot_waypoints": 9}}
{"target": -182.75500879674604, "params": {"k_pid_pos": [0.5156677575403996, 0.0, 0.0], "k_pid_alt": [1.61370384880656, 0.0, 0.14983688491189293], "k_pid_att": [28.187310542332877, 2.0934271561775453, 0.21023461974548646], "k_pid_yaw": [0.5, 1e-06, 0.1], "k_pid_hsp": [0.0908675247221927, 0.0, 0.0], "k_pid_vsp": [127.91281113442943, 114.41179939696488, 1.3835958264992076]}, "datetime": {"datetime": "2025-08-12 02:42:10", "elapsed": 37009.71174144745, "delta": 19.216579914093018}, "costs": {"total_cost": 182.75500879674604, "time_cost": 73.129, "final_distance_cost": 1.8256364364661999, "oscillation_cost": 19.22515702623963, "completition_cost": 0.0, "overshoot_cost": 52.388317433151315, "power_cost": 14.226332287597657, "noise_cost": 21.96056561329125, "n_waypoints_completed": 9, "tot_waypoints": 9}}
{"target": -182.54814623304523, "params": {"k_pid_pos": [0.5299239058401635, 0.0, 0.0], "k_pid_alt": [1.6115651985102033, 0.0, 0.10885083866661974], "k_pid_att": [25.05537552170431, 2.176053420433512, 0.22415110121478737], "k_pid_yaw": [0.5, 1e-06, 0.1], "k_pid_hsp": [0.09171495616925272, 0.0, 0.0], "k_pid_vsp": [127.71261355491886, 138.62759875478054, 0.8181873847497987]}, "datetime": {"datetime": "2025-08-12 02:42:28", "elapsed": 37027.817249298096, "delta": 18.105507850646973}, "costs": {"total_cost": 182.54814623304523, "time_cost": 72.828, "final_distance_cost": 1.8191027065241365, "oscillation_cost": 19.5243028791909, "completition_cost": 0.0, "overshoot_cost": 52.120637095545646, "power_cost": 14.293494189453126, "noise_cost": 21.96260936233141, "n_waypoints_completed": 9, "tot_waypoints": 9}}
{"target": -182.2357324086084, "params": {"k_pid_pos": [0.5403817296972445, 0.0, 0.0], "k_pid_alt": [1.612175677729372, 0.0, 0.10554214135352877], "k_pid_att": [25.781703927177404, 2.1214722820074745, 0.21404526407872512], "k_pid_yaw": [0.5, 1e-06, 0.1], "k_pid_hsp": [0.09075658058887172, 0.0, 0.0], "k_pid_vsp": [128.05966655737882, 126.43011142912118, 1.7153199418989218]}, "datetime": {"datetime": "2025-08-12 02:42:48", "elapsed": 37047.38166332245, "delta": 19.564414024353027}, "costs": {"total_cost": 182.2357324086084, "time_cost": 72.73, "final_distance_cost": 1.8308507598658044, "oscillation_cost": 19.64738681200524, "completition_cost": 0.0, "overshoot_cost": 51.865315989849215, "power_cost": 14.260899865722656, "noise_cost": 21.901278981165493, "n_waypoints_completed": 9, "tot_waypoints": 9}}
{"target": -182.39474478771226, "params": {"k_pid_pos": [0.5940433556526447, 0.003902506527836605, 0.000578090412243467], "k_pid_alt": [1.5914239640180454, 0.0, 0.15581936105192656], "k_pid_att": [25.67942109736248, 2.1998746204270696, 0.18484680722656527], "k_pid_yaw": [0.5, 1e-06, 0.1], "k_pid_hsp": [0.09441367639278853, 0.00032448910046495695, 0.0], "k_pid_vsp": [126.8560745004635, 126.24656711359748, 1.3332531402178678]}, "datetime": {"datetime": "2025-08-12 02:43:06", "elapsed": 37065.83847165108, "delta": 18.45680832862854}, "costs": {"total_cost": 182.39474478771226, "time_cost": 72.016, "final_distance_cost": 1.8252771124702616, "oscillation_cost": 21.207007621987266, "completition_cost": 0.0, "overshoot_cost": 51.548050129764796, "power_cost": 14.200105175781252, "noise_cost": 21.598304747708678, "n_waypoints_completed": 9, "tot_waypoints": 9}}
{"target": -182.3240771303768, "params": {"k_pid_pos": [0.5321761643377622, 0.0, 0.0], "k_pid_alt": [1.6153047448016713, 0.0, 0.13916232188848285], "k_pid_att": [27.747191949637262, 2.065004269639865, 0.16627038292047686], "k_pid_yaw": [0.5, 1e-06, 0.1], "k_pid_hsp": [0.09345388964225838, 0.0, 0.0], "k_pid_vsp": [128.7724586297546, 121.44828875054257, 1.1017644665972341]}, "datetime": {"datetime": "2025-08-12 02:43:25", "elapsed": 37085.27465057373, "delta": 19.4361789226532}, "costs": {"total_cost": 182.3240771303768, "time_cost": 72.779, "final_distance_cost": 1.8133477091766244, "oscillation_cost": 19.466636314958173, "completition_cost": 0.0, "overshoot_cost": 52.11174579965384, "power_cost": 14.282232189941407, "noise_cost": 21.87111511664677, "n_waypoints_completed": 9, "tot_waypoints": 9}}
{"target": -182.48450195579733, "params": {"k_pid_pos": [0.5267807812743718, 0.0, 0.0], "k_pid_alt": [1.6147026140500895, 0.0, 0.13192540401167496], "k_pid_att": [25.890352357533676, 2.089533360570062, 0.20164137555174566], "k_pid_yaw": [0.5, 1e-06, 0.1], "k_pid_hsp": [0.09151439159514825, 0.0, 0.0], "k_pid_vsp": [128.56061049205456, 124.9539369872842, 1.0212233173143326]}, "datetime": {"datetime": "2025-08-12 02:43:43", "elapsed": 37103.29319906235, "delta": 18.018548488616943}, "costs": {"total_cost": 182.48450195579733, "time_cost": 72.912, "final_distance_cost": 1.8346578052944924, "oscillation_cost": 19.52326197441094, "completition_cost": 0.0, "overshoot_cost": 52.137684162400475, "power_cost": 14.173268395996095, "noise_cost": 21.9036296176953, "n_waypoints_completed": 9, "tot_waypoints": 9}}
{"target": -182.70324668352544, "params": {"k_pid_pos": [0.5284486403818031, 0.0, 0.0], "k_pid_alt": [1.6323969620501149, 0.0, 0.12726762327755684], "k_pid_att": [25.257883662648485, 2.1567922868811107, 0.2238443761744258], "k_pid_yaw": [0.5, 1e-06, 0.1], "k_pid_hsp": [0.09048388052008637, 0.0, 0.0], "k_pid_vsp": [136.33037654747469, 152.99344337436796, 1.0048623811704323]}, "datetime": {"datetime": "2025-08-12 02:44:03", "elapsed": 37122.686932086945, "delta": 19.393733024597168}, "costs": {"total_cost": 182.70324668352544, "time_cost": 72.912, "final_distance_cost": 1.8278601029889199, "oscillation_cost": 19.475959246771783, "completition_cost": 0.0, "overshoot_cost": 52.307984285503736, "power_cost": 14.250548217773439, "noise_cost": 21.92889483048758, "n_waypoints_completed": 9, "tot_waypoints": 9}}
{"target": -182.26319241459046, "params": {"k_pid_pos": [0.5248473771548142, 0.0, 0.0], "k_pid_alt": [1.6116101363101352, 0.0, 0.19900388003443104], "k_pid_att": [25.192674097466654, 2.1366637662264574, 0.22928531258559673], "k_pid_yaw": [0.5, 1e-06, 0.1], "k_pid_hsp": [0.09125594702414686, 0.0, 0.0], "k_pid_vsp": [127.812545050574, 118.36540992601138, 1.3683518302454172]}, "datetime": {"datetime": "2025-08-12 02:44:22", "elapsed": 37142.14592051506, "delta": 19.458988428115845}, "costs": {"total_cost": 182.26319241459046, "time_cost": 73.052, "final_distance_cost": 1.820504962267492, "oscillation_cost": 19.251753028414218, "completition_cost": 0.0, "overshoot_cost": 51.9543877042566, "power_cost": 14.199470507812501, "noise_cost": 21.98507621183968, "n_waypoints_completed": 9, "tot_waypoints": 9}}
{"target": -182.7389426952085, "params": {"k_pid_pos": [0.5279897980140178, 0.0, 0.0], "k_pid_alt": [1.615160286865385, 0.0, 0.12212653261748899], "k_pid_att": [25.53054937547407, 2.0982405012033984, 0.23678557706597086], "k_pid_yaw": [0.5, 1e-06, 0.1], "k_pid_hsp": [0.09092894791647567, 0.0, 0.0], "k_pid_vsp": [128.38617389563964, 129.01603855031004, 1.4379024103563676]}, "datetime": {"datetime": "2025-08-12 02:44:44", "elapsed": 37163.460745334625, "delta": 21.31482481956482}, "costs": {"total_cost": 182.7389426952085, "time_cost": 72.905, "final_distance_cost": 1.8362570179110997, "oscillation_cost": 19.4890385851975, "completition_cost": 0.0, "overshoot_cost": 52.3741653396298, "power_cost": 14.222938244628907, "noise_cost": 21.91154350784119, "n_waypoints_completed": 9, "tot_waypoints": 9}}
{"target": -182.28458067671374, "params": {"k_pid_pos": [0.5243205804696561, 0.0, 0.0], "k_pid_alt": [1.623288820749745, 0.0, 0.12069176650950955], "k_pid_att": [25.9207619364318, 1.8782369877230916, 0.24033869921746576], "k_pid_yaw": [0.5, 1e-06, 0.1], "k_pid_hsp": [0.08726083919987679, 0.0, 0.0], "k_pid_vsp": [127.08558518999374, 120.57457308619558, 2.1739982899450787]}, "datetime": {"datetime": "2025-08-12 02:45:07", "elapsed": 37187.012513399124, "delta": 23.5517680644989}, "costs": {"total_cost": 182.28458067671374, "time_cost": 73.108, "final_distance_cost": 1.8306179923082984, "oscillation_cost": 18.98118950588239, "completition_cost": 0.0, "overshoot_cost": 52.23857716838136, "power_cost": 14.173216320800782, "noise_cost": 21.952979689340918, "n_waypoints_completed": 9, "tot_waypoints": 9}}
{"target": -182.65328405361998, "params": {"k_pid_pos": [0.5699208620895891, 0.0, 0.0], "k_pid_alt": [1.6041342836163937, 0.0, 0.14194296353603225], "k_pid_att": [26.250771247658093, 2.1298499546742167, 0.3228732318151094], "k_pid_yaw": [0.5, 1e-06, 0.1], "k_pid_hsp": [0.08156807238778932, 0.0, 0.0], "k_pid_vsp": [128.3534991192119, 121.70369304311092, 0.2476377918262784]}, "datetime": {"datetime": "2025-08-12 02:45:27", "elapsed": 37207.366154909134, "delta": 20.353641510009766}, "costs": {"total_cost": 182.65328405361998, "time_cost": 73.017, "final_distance_cost": 1.8276062105786124, "oscillation_cost": 19.400654384820882, "completition_cost": 0.0, "overshoot_cost": 52.16714147935911, "power_cost": 14.262182446289064, "noise_cost": 21.978699532572314, "n_waypoints_completed": 9, "tot_waypoints": 9}}
{"target": -182.0137239306572, "params": {"k_pid_pos": [0.5266438085109016, 0.0, 0.0], "k_pid_alt": [1.6094939898723417, 0.0, 0.14662451583775674], "k_pid_att": [26.68673360885128, 2.136664969691714, 0.22412013927059155], "k_pid_yaw": [0.5, 1e-06, 0.1], "k_pid_hsp": [0.09165217815101087, 0.0, 0.0], "k_pid_vsp": [128.4998691431831, 120.16084625183572, 0.6697158993837815]}, "datetime": {"datetime": "2025-08-12 02:45:48", "elapsed": 37227.65655493736, "delta": 20.29040002822876}, "costs": {"total_cost": 182.0137239306572, "time_cost": 72.94, "final_distance_cost": 1.8210016884649651, "oscillation_cost": 19.451138653328584, "completition_cost": 0.0, "overshoot_cost": 51.700027483432386, "power_cost": 14.19051541748047, "noise_cost": 21.91104068795079, "n_waypoints_completed": 9, "tot_waypoints": 9}}
{"target": -182.74515133982135, "params": {"k_pid_pos": [0.5252744793584136, 0.0, 0.0], "k_pid_alt": [1.6863143458470597, 0.0, 0.1276699485999387], "k_pid_att": [25.84821493562086, 2.1499626904895193, 0.22920907056242484], "k_pid_yaw": [0.5, 1e-06, 0.1], "k_pid_hsp": [0.10023458300549379, 0.0, 0.0], "k_pid_vsp": [144.549376366274, 123.46038462256224, 0.9524250128926053]}, "datetime": {"datetime": "2025-08-12 02:46:06", "elapsed": 37246.116785526276, "delta": 18.460230588912964}, "costs": {"total_cost": 182.74515133982135, "time_cost": 72.702, "final_distance_cost": 1.8291558383402566, "oscillation_cost": 20.127063838152853, "completition_cost": 0.0, "overshoot_cost": 51.99032155908432, "power_cost": 14.176807482910156, "noise_cost": 21.91980262133376, "n_waypoints_completed": 9, "tot_waypoints": 9}}
{"target": -182.2047030445232, "params": {"k_pid_pos": [0.5268062662925779, 0.0, 0.0], "k_pid_alt": [1.5215821377643353, 0.0, 0.12012414418583442], "k_pid_att": [25.449941124056284, 2.198606849923718, 0.2322460881593177], "k_pid_yaw": [0.5, 1e-06, 0.1], "k_pid_hsp": [0.09249719696556304, 0.0, 0.0], "k_pid_vsp": [133.7303660534473, 124.67030940827473, 2.743517442787363]}, "datetime": {"datetime": "2025-08-12 02:46:25", "elapsed": 37265.24665904045, "delta": 19.129873514175415}, "costs": {"total_cost": 182.2047030445232, "time_cost": 72.94, "final_distance_cost": 1.8366214521255597, "oscillation_cost": 19.643335996506007, "completition_cost": 0.0, "overshoot_cost": 51.667921035768366, "power_cost": 14.204393115234376, "noise_cost": 21.912431444888885, "n_waypoints_completed": 9, "tot_waypoints": 9}}
{"target": -182.64486337790117, "params": {"k_pid_pos": [0.6453153083879694, 0.0, 0.0], "k_pid_alt": [1.617533673280942, 0.0, 0.1314362661340344], "k_pid_att": [25.636495663429134, 2.2714606392044754, 0.21805316478240697], "k_pid_yaw": [0.5, 1e-06, 0.1], "k_pid_hsp": [0.09236624789261831, 0.0, 0.0], "k_pid_vsp": [131.69549906441037, 125.84432943502276, 1.2700707787023078]}, "datetime": {"datetime": "2025-08-12 02:46:44", "elapsed": 37283.532741069794, "delta": 18.28608202934265}, "costs": {"total_cost": 182.64486337790117, "time_cost": 71.645, "final_distance_cost": 1.8150521955932784, "oscillation_cost": 21.689842313239005, "completition_cost": 0.0, "overshoot_cost": 51.82307851303608, "power_cost": 14.181613708496094, "noise_cost": 21.490276647536707, "n_waypoints_completed": 9, "tot_waypoints": 9}}
{"target": -182.62825788238644, "params": {"k_pid_pos": [0.5268785117089043, 0.0, 0.0], "k_pid_alt": [1.6170775459572306, 0.0, 0.13143542892864232], "k_pid_att": [25.49077348780148, 2.130016048131252, 0.23262435916343221], "k_pid_yaw": [0.5, 1e-06, 0.1], "k_pid_hsp": [0.0990053202150261, 0.0, 0.0], "k_pid_vsp": [135.5211583132905, 123.11567084272062, 0.8380234325533572]}, "datetime": {"datetime": "2025-08-12 02:47:02", "elapsed": 37302.198296546936, "delta": 18.665555477142334}, "costs": {"total_cost": 182.62825788238644, "time_cost": 72.744, "final_distance_cost": 1.825634522454725, "oscillation_cost": 19.938023511918, "completition_cost": 0.0, "overshoot_cost": 52.06523130112109, "power_cost": 14.172823645019532, "noise_cost": 21.882544901873096, "n_waypoints_completed": 9, "tot_waypoints": 9}}
{"target": -182.3107155722216, "params": {"k_pid_pos": [0.5311289509786945, 0.0, 0.0], "k_pid_alt": [1.5792654788813745, 0.0, 0.13012569177345895], "k_pid_att": [24.480266385065462, 1.9697792543967982, 0.26234191865884343], "k_pid_yaw": [0.5, 1e-06, 0.1], "k_pid_hsp": [0.08619802596359999, 0.0, 0.0], "k_pid_vsp": [128.76855675201526, 119.21297154375122, 1.7167864620995723]}, "datetime": {"datetime": "2025-08-12 02:47:21", "elapsed": 37320.58925771713, "delta": 18.390961170196533}, "costs": {"total_cost": 182.3107155722216, "time_cost": 73.122, "final_distance_cost": 1.8307198795100519, "oscillation_cost": 19.075593419902813, "completition_cost": 0.0, "overshoot_cost": 52.124881095374256, "power_cost": 14.224318811035157, "noise_cost": 21.933202366399314, "n_waypoints_completed": 9, "tot_waypoints": 9}}
{"target": -182.7827904778067, "params": {"k_pid_pos": [0.6457687892794834, 0.0, 0.0], "k_pid_alt": [1.6187936438129125, 0.0, 0.15827225258358438], "k_pid_att": [24.550169721511477, 1.7725800621276624, 0.2325049878317867], "k_pid_yaw": [0.5, 1e-06, 0.1], "k_pid_hsp": [0.09244846588972695, 0.0, 0.0], "k_pid_vsp": [131.31778614640396, 119.75914568929944, 1.0794223131985015]}, "datetime": {"datetime": "2025-08-12 02:47:40", "elapsed": 37340.21936416626, "delta": 19.630106449127197}, "costs": {"total_cost": 182.7827904778067, "time_cost": 71.68, "final_distance_cost": 1.8128567329885616, "oscillation_cost": 21.649391697827532, "completition_cost": 0.0, "overshoot_cost": 51.99673899770619, "power_cost": 14.182237048339845, "noise_cost": 21.461566000944565, "n_waypoints_completed": 9, "tot_waypoints": 9}}
{"target": -182.30430304307802, "params": {"k_pid_pos": [0.5251824574702817, 0.0, 0.0], "k_pid_alt": [1.5604231733447025, 0.0, 0.13279368610805625], "k_pid_att": [25.69519261896161, 2.134138729916898, 0.23062935455165356], "k_pid_yaw": [0.5, 1e-06, 0.1], "k_pid_hsp": [0.09552068094582154, 0.0, 0.0], "k_pid_vsp": [133.03960127893757, 126.61567075071295, 1.2330528674777177]}, "datetime": {"datetime": "2025-08-12 02:48:00", "elapsed": 37359.67953276634, "delta": 19.460168600082397}, "costs": {"total_cost": 182.30430304307802, "time_cost": 72.87, "final_distance_cost": 1.8230785996305523, "oscillation_cost": 19.76284931706515, "completition_cost": 0.0, "overshoot_cost": 51.71687999408407, "power_cost": 14.177123583984375, "noise_cost": 21.954371548313862, "n_waypoints_completed": 9, "tot_waypoints": 9}}
{"target": -183.30744420836263, "params": {"k_pid_pos": [0.5262278038700419, 0.0, 0.0], "k_pid_alt": [1.6003644648942454, 0.0, 0.12775729666929886], "k_pid_att": [25.901214224590795, 2.208198212055833, 0.22798661333504355], "k_pid_yaw": [0.5, 1e-06, 0.1], "k_pid_hsp": [0.07565849601275529, 0.0, 0.0], "k_pid_vsp": [126.20855817400901, 127.42965227344345, 0.47172765040211717]}, "datetime": {"datetime": "2025-08-12 02:48:18", "elapsed": 37378.22675728798, "delta": 18.547224521636963}, "costs": {"total_cost": 183.30744420836263, "time_cost": 74.095, "final_distance_cost": 1.7995158238469453, "oscillation_cost": 17.985059565759876, "completition_cost": 0.0, "overshoot_cost": 52.75324004884285, "power_cost": 14.367619775390626, "noise_cost": 22.3070089945223, "n_waypoints_completed": 9, "tot_waypoints": 9}}
{"target": -182.51234277501777, "params": {"k_pid_pos": [0.5273101277659613, 0.0, 0.0], "k_pid_alt": [1.6148669772062807, 0.0, 0.16023329631817895], "k_pid_att": [25.458902669181317, 2.1301684374704917, 0.2222282499729404], "k_pid_yaw": [0.5, 1e-06, 0.1], "k_pid_hsp": [0.08951349698734226, 0.0, 0.0], "k_pid_vsp": [127.1924189803883, 139.68278453925825, 1.0395038778770092]}, "datetime": {"datetime": "2025-08-12 02:48:38", "elapsed": 37397.378383398056, "delta": 19.151626110076904}, "costs": {"total_cost": 182.51234277501777, "time_cost": 73.017, "final_distance_cost": 1.8275991401767648, "oscillation_cost": 19.177219880667103, "completition_cost": 0.0, "overshoot_cost": 52.20012845215215, "power_cost": 14.279537646484375, "noise_cost": 22.010857655537404, "n_waypoints_completed": 9, "tot_waypoints": 9}}
{"target": -182.08202177608229, "params": {"k_pid_pos": [0.5273122690370079, 0.0, 0.0], "k_pid_alt": [1.6129821349494868, 0.0, 0.12812894728730934], "k_pid_att": [24.710078182014215, 2.122578231789621, 0.22232139885102364], "k_pid_yaw": [0.5, 1e-06, 0.1], "k_pid_hsp": [0.09036624185067328, 0.0, 0.0], "k_pid_vsp": [124.41404067250919, 122.66711389490702, 1.1383199002147952]}, "datetime": {"datetime": "2025-08-12 02:48:55", "elapsed": 37415.35321187973, "delta": 17.974828481674194}, "costs": {"total_cost": 182.08202177608229, "time_cost": 72.94, "final_distance_cost": 1.8366178801069233, "oscillation_cost": 19.16296998107067, "completition_cost": 0.0, "overshoot_cost": 51.996444815117975, "power_cost": 14.243196350097657, "noise_cost": 21.902792749689052, "n_waypoints_completed": 9, "tot_waypoints": 9}}
{"target": -182.60121812517087, "params": {"k_pid_pos": [0.5253062490406001, 0.0, 0.0], "k_pid_alt": [1.5860654311312428, 0.0, 0.1608456770864663], "k_pid_att": [25.785102016760366, 2.1598533667213493, 0.25330790534696435], "k_pid_yaw": [0.5, 1e-06, 0.1], "k_pid_hsp": [0.09402080204818078, 0.0, 0.0], "k_pid_vsp": [131.14297528937036, 124.89480872429924, 1.0697821776395082]}, "datetime": {"datetime": "2025-08-12 02:49:14", "elapsed": 37434.34704709053, "delta": 18.99383521080017}, "costs": {"total_cost": 182.60121812517087, "time_cost": 72.926, "final_distance_cost": 1.8184274683552475, "oscillation_cost": 19.752447469087002, "completition_cost": 0.0, "overshoot_cost": 52.00397457373261, "power_cost": 14.19067509765625, "noise_cost": 21.90969351633977, "n_waypoints_completed": 9, "tot_waypoints": 9}}
{"target": -182.3582988120435, "params": {"k_pid_pos": [0.5121296507788465, 0.0, 0.0], "k_pid_alt": [1.6211885892695774, 0.0, 0.13832182745440877], "k_pid_att": [24.548442320075615, 2.203844635364062, 0.24654845757478958], "k_pid_yaw": [0.5, 1e-06, 0.1], "k_pid_hsp": [0.09587631989228503, 0.0, 0.0], "k_pid_vsp": [128.78305399983836, 125.59780989341768, 1.1129111094866269]}, "datetime": {"datetime": "2025-08-12 02:49:33", "elapsed": 37452.59929537773, "delta": 18.252248287200928}, "costs": {"total_cost": 182.3582988120435, "time_cost": 73.045, "final_distance_cost": 1.8316923119750148, "oscillation_cost": 19.391993683256313, "completition_cost": 0.0, "overshoot_cost": 51.77785607207532, "power_cost": 14.256794543457032, "noise_cost": 22.05496220127981, "n_waypoints_completed": 9, "tot_waypoints": 9}}
{"target": -182.28194739951837, "params": {"k_pid_pos": [0.5681051929327933, 0.0, 6.209240317573686e-05], "k_pid_alt": [1.6171414919243472, 0.0, 0.13492383629693627], "k_pid_att": [22.391216302126114, 2.1151047942637127, 0.23784776142839636], "k_pid_yaw": [0.5, 1e-06, 0.1], "k_pid_hsp": [0.09221236216816113, 0.0, 0.0], "k_pid_vsp": [129.47310162523064, 144.15633674171906, 1.0835901466291926]}, "datetime": {"datetime": "2025-08-12 02:49:52", "elapsed": 37471.85820007324, "delta": 19.258904695510864}, "costs": {"total_cost": 182.28194739951837, "time_cost": 72.359, "final_distance_cost": 1.8304204748916342, "oscillation_cost": 20.38510122954563, "completition_cost": 0.0, "overshoot_cost": 51.77632461836737, "power_cost": 14.207673217773438, "noise_cost": 21.72342785894032, "n_waypoints_completed": 9, "tot_waypoints": 9}}
