{"target": -183.64353925437413, "params": {"k_pid_pos": [0.5964126863778021, 0.0, 0.0], "k_pid_alt": [1.7151950109265481, 0.0, 0.28579374441594924], "k_pid_att": [31.814232254425175, 2.379793704029065, 0.20133569542666693], "k_pid_yaw": [0.5, 1e-06, 0.1], "k_pid_hsp": [0.1160363869808184, 0.0, 0.0], "k_pid_vsp": [141.45954789364976, 64.39412757441575, 3.403825333698958]}, "datetime": {"datetime": "2025-08-11 20:59:51", "elapsed": 16470.48374271393, "delta": 18.527597665786743}, "costs": {"total_cost": 183.64353925437413, "time_cost": 71.876, "final_distance_cost": 1.8171015334541838, "oscillation_cost": 22.69597904493062, "completition_cost": 0.0, "overshoot_cost": 51.47707062323524, "power_cost": 14.160598425292969, "noise_cost": 21.616789627461106, "n_waypoints_completed": 9, "tot_waypoints": 9}}
{"target": -1285.7379407550768, "params": {"k_pid_pos": [0.0001, 0.0, 0.0], "k_pid_alt": [1.636867793099215, 0.0, 0.35110202003904034], "k_pid_att": [32.17196859152061, 1.8277176873855088, 0.2091074816355164], "k_pid_yaw": [0.5, 1e-06, 0.1], "k_pid_hsp": [0.0001, 0.0, 0.0], "k_pid_vsp": [150.16238373154079, 46.5805523328816, 3.9532883030887813]}, "datetime": {"datetime": "2025-08-11 21:00:21", "elapsed": 16501.370407104492, "delta": 30.886664390563965}, "costs": {"total_cost": 1285.7379407550768, "time_cost": 150, "final_distance_cost": 46.02570434102323, "oscillation_cost": 0.00010138697347883408, "completition_cost": 1000.0, "overshoot_cost": 35.5831882957131, "power_cost": 21.01867858886719, "noise_cost": 33.11026814249969, "n_waypoints_completed": 0, "tot_waypoints": 9}}
{"target": -182.7711408977311, "params": {"k_pid_pos": [0.5755064589985647, 0.0, 0.0], "k_pid_alt": [1.800956597374072, 0.0, 0.15478854969289793], "k_pid_att": [32.243573083140326, 2.2525738506239654, 0.19761520627951176], "k_pid_yaw": [0.5, 1e-06, 0.1], "k_pid_hsp": [0.09715760807588926, 0.0, 0.0], "k_pid_vsp": [141.03506558143712, 53.10700451305019, 3.6471902972043693]}, "datetime": {"datetime": "2025-08-11 21:00:40", "elapsed": 16519.53483891487, "delta": 18.16443181037903}, "costs": {"total_cost": 182.7711408977311, "time_cost": 72.254, "final_distance_cost": 1.8293357763319646, "oscillation_cost": 20.802138777320398, "completition_cost": 0.0, "overshoot_cost": 51.99191520492196, "power_cost": 14.125292883300782, "noise_cost": 21.768458255856018, "n_waypoints_completed": 9, "tot_waypoints": 9}}
{"target": -1216.9304182709739, "params": {"k_pid_pos": [0.5808026401942555, 0.0, 0.0], "k_pid_alt": [1.8472892946494477, 0.0, 0.2964324723743362], "k_pid_att": [35.17104838612434, 2.3601477183398574, 0.1798045912146365], "k_pid_yaw": [0.5, 1e-06, 0.1], "k_pid_hsp": [0.0001, 0.0, 0.0], "k_pid_vsp": [144.30049336971277, 24.750449271757518, 3.205037368506743]}, "datetime": {"datetime": "2025-08-11 21:01:11", "elapsed": 16551.012044668198, "delta": 31.477205753326416}, "costs": {"total_cost": 1216.9304182709739, "time_cost": 150, "final_distance_cost": 45.66950071100658, "oscillation_cost": 0.0061432479925706334, "completition_cost": 888.8888888888888, "overshoot_cost": 78.25030668297086, "power_cost": 21.007527734375, "noise_cost": 33.108051005740194, "n_waypoints_completed": 1, "tot_waypoints": 9}}
{"target": -184.69786186034207, "params": {"k_pid_pos": [0.6632964201666979, 0.0, 0.0], "k_pid_alt": [1.8049037615946584, 0.0, 0.28508025986197594], "k_pid_att": [36.65709756325645, 2.131355166027654, 0.1269396096812591], "k_pid_yaw": [0.5, 1e-06, 0.1], "k_pid_hsp": [0.15717127025499716, 0.0, 0.0], "k_pid_vsp": [112.30543688141253, 52.194436526234256, 2.5929520746440056]}, "datetime": {"datetime": "2025-08-11 21:01:29", "elapsed": 16568.44239807129, "delta": 17.43035340309143}, "costs": {"total_cost": 184.69786186034207, "time_cost": 71.197, "final_distance_cost": 1.8301597447815363, "oscillation_cost": 24.69258449234565, "completition_cost": 0.0, "overshoot_cost": 51.261510566199135, "power_cost": 14.232972216796876, "noise_cost": 21.483634840218897, "n_waypoints_completed": 9, "tot_waypoints": 9}}
{"target": -184.60658876387913, "params": {"k_pid_pos": [0.9391906099802991, 0.0, 0.028315104889147874], "k_pid_alt": [1.8671306442301707, 0.0, 0.2561283758488796], "k_pid_att": [30.218787869103956, 2.0303061377691716, 0.17093177958014982], "k_pid_yaw": [0.5, 1e-06, 0.1], "k_pid_hsp": [0.1152084191617612, 0.0, 0.0], "k_pid_vsp": [133.89733126779646, 51.94832361494201, 1.9387250724799476]}, "datetime": {"datetime": "2025-08-11 21:01:46", "elapsed": 16586.00327515602, "delta": 17.560877084732056}, "costs": {"total_cost": 184.60658876387913, "time_cost": 70.084, "final_distance_cost": 1.799141214591503, "oscillation_cost": 26.19586332012939, "completition_cost": 0.0, "overshoot_cost": 51.443259475344476, "power_cost": 14.169609216308594, "noise_cost": 20.914715537505156, "n_waypoints_completed": 9, "tot_waypoints": 9}}
{"target": -183.60875036106407, "params": {"k_pid_pos": [0.8469062722857792, 0.0, 0.09947979236000981], "k_pid_alt": [1.868517629724327, 0.0, 0.40445022393457225], "k_pid_att": [8.741828891541406, 1.5119643041065571, 0.18464632490177563], "k_pid_yaw": [0.5, 1e-06, 0.1], "k_pid_hsp": [0.10218572179334008, 0.0, 0.0], "k_pid_vsp": [134.15275467976585, 52.246631738941616, 4.424799950672321]}, "datetime": {"datetime": "2025-08-11 21:02:04", "elapsed": 16603.741003274918, "delta": 17.737728118896484}, "costs": {"total_cost": 183.60875036106407, "time_cost": 70.749, "final_distance_cost": 1.814310173157111, "oscillation_cost": 24.417395755263477, "completition_cost": 0.0, "overshoot_cost": 51.268172365131576, "power_cost": 14.117572680664063, "noise_cost": 21.242299386847872, "n_waypoints_completed": 9, "tot_waypoints": 9}}
{"target": -212.3748126854208, "params": {"k_pid_pos": [0.6424646822525245, 0.0, 0.0], "k_pid_alt": [1.805026453053209, 0.0, 0.39942760114719766], "k_pid_att": [33.604086908069384, 2.140483096125468, 0.29415342465607053], "k_pid_yaw": [0.5, 1e-06, 0.1], "k_pid_hsp": [0.0444934483979731, 0.0, 0.0], "k_pid_vsp": [152.19724398230292, 54.990639977417665, 4.3487227255298455]}, "datetime": {"datetime": "2025-08-11 21:02:27", "elapsed": 16626.818416833878, "delta": 23.07741355895996}, "costs": {"total_cost": 212.3748126854208, "time_cost": 91.861, "final_distance_cost": 1.7822155335461238, "oscillation_cost": 15.800155002438014, "completition_cost": 0.0, "overshoot_cost": 58.01628146591988, "power_cost": 17.234536657714845, "noise_cost": 27.680624025801933, "n_waypoints_completed": 9, "tot_waypoints": 9}}
{"target": -183.4020152484382, "params": {"k_pid_pos": [0.7571289155606264, 0.0, 0.05738915858173606], "k_pid_alt": [1.7961318566970852, 0.0, 0.24151241879483712], "k_pid_att": [27.97367561808933, 3.2046889272396952, 0.20897112307620813], "k_pid_yaw": [0.5, 1e-06, 0.1], "k_pid_hsp": [0.11755964366626781, 0.0, 0.0], "k_pid_vsp": [135.40134603917602, 40.04184305064271, 4.181546757987793]}, "datetime": {"datetime": "2025-08-11 21:02:45", "elapsed": 16645.005464315414, "delta": 18.187047481536865}, "costs": {"total_cost": 183.4020152484382, "time_cost": 70.917, "final_distance_cost": 1.8150202476519401, "oscillation_cost": 23.950520650068558, "completition_cost": 0.0, "overshoot_cost": 51.2434019873146, "power_cost": 14.085082983398438, "noise_cost": 21.390989380004626, "n_waypoints_completed": 9, "tot_waypoints": 9}}
{"target": -225.51345624967382, "params": {"k_pid_pos": [0.2013026059904015, 0.0, 0.0], "k_pid_alt": [1.7999208993232194, 0.0, 0.3623820940879944], "k_pid_att": [19.482837023891, 1.9741863929732555, 0.2614197356508793], "k_pid_yaw": [0.5, 1e-06, 0.1], "k_pid_hsp": [0.03536856442404641, 0.0, 0.0], "k_pid_vsp": [175.54179294831192, 52.09973851433965, 3.8556314786520733]}, "datetime": {"datetime": "2025-08-11 21:03:11", "elapsed": 16670.89467740059, "delta": 25.88921308517456}, "costs": {"total_cost": 225.51345624967382, "time_cost": 100.142, "final_distance_cost": 1.8391255747298212, "oscillation_cost": 7.653932822940502, "completition_cost": 0.0, "overshoot_cost": 65.39638321437116, "power_cost": 18.152516589355468, "noise_cost": 32.32949804827689, "n_waypoints_completed": 9, "tot_waypoints": 9}}
{"target": -192.4084718863592, "params": {"k_pid_pos": [0.6256801688387463, 0.0, 0.0], "k_pid_alt": [1.6677709104921388, 0.0, 0.529382591045154], "k_pid_att": [28.211317279459774, 2.0483922594021724, 0.23765350640705588], "k_pid_yaw": [0.5, 1e-06, 0.1], "k_pid_hsp": [0.33353003122967556, 0.0, 0.0], "k_pid_vsp": [134.5586188967731, 51.551658666554644, 2.5366495305628893]}, "datetime": {"datetime": "2025-08-11 21:03:30", "elapsed": 16689.837364435196, "delta": 18.942687034606934}, "costs": {"total_cost": 192.4084718863592, "time_cost": 75.019, "final_distance_cost": 1.8498452972118182, "oscillation_cost": 26.347481874410434, "completition_cost": 0.0, "overshoot_cost": 51.20118839596337, "power_cost": 14.965661840820314, "noise_cost": 23.02529447795329, "n_waypoints_completed": 9, "tot_waypoints": 9}}
{"target": -183.84117433139528, "params": {"k_pid_pos": [0.6582263760966746, 0.0, 0.0], "k_pid_alt": [1.8484901588915381, 0.0, 0.5023508610118373], "k_pid_att": [35.54178868362729, 1.999278819995608, 0.2065489989196524], "k_pid_yaw": [0.5, 1e-06, 0.1], "k_pid_hsp": [0.12202578857667198, 0.0, 0.0], "k_pid_vsp": [135.70207467558035, 54.377189655243804, 3.26577190886037]}, "datetime": {"datetime": "2025-08-11 21:03:48", "elapsed": 16707.893399953842, "delta": 18.05603551864624}, "costs": {"total_cost": 183.84117433139528, "time_cost": 71.421, "final_distance_cost": 1.812476483203399, "oscillation_cost": 23.59103166544686, "completition_cost": 0.0, "overshoot_cost": 51.323272808464665, "power_cost": 14.16931279296875, "noise_cost": 21.52408058131157, "n_waypoints_completed": 9, "tot_waypoints": 9}}
{"target": -188.07753042510683, "params": {"k_pid_pos": [1.276456324803935, 0.0, 0.0], "k_pid_alt": [1.7564802334021496, 0.0, 0.2240558343825212], "k_pid_att": [26.300975404845857, 3.6613166263124315, 0.17923452669228393], "k_pid_yaw": [0.5, 1e-06, 0.1], "k_pid_hsp": [0.1297441697429825, 0.0, 0.0], "k_pid_vsp": [165.71809573440555, 45.86586314235464, 2.114312316684374]}, "datetime": {"datetime": "2025-08-11 21:04:05", "elapsed": 16725.243077754974, "delta": 17.349677801132202}, "costs": {"total_cost": 188.07753042510683, "time_cost": 69.755, "final_distance_cost": 1.8113904881196308, "oscillation_cost": 30.24629695708017, "completition_cost": 0.0, "overshoot_cost": 51.00321154431961, "power_cost": 14.431205688476563, "noise_cost": 20.830425747110866, "n_waypoints_completed": 9, "tot_waypoints": 9}}
{"target": -183.30254827022134, "params": {"k_pid_pos": [0.6307519450540444, 0.0, 0.0], "k_pid_alt": [1.8862368888808756, 0.0, 0.49637706939189574], "k_pid_att": [30.993674365301572, 2.107442815564925, 0.15354231622234513], "k_pid_yaw": [0.5, 1e-06, 0.1], "k_pid_hsp": [0.1050004130440981, 0.0, 0.0], "k_pid_vsp": [147.48307622541168, 55.12184451115346, 2.425107105784856]}, "datetime": {"datetime": "2025-08-11 21:04:24", "elapsed": 16743.38543534279, "delta": 18.14235758781433}, "costs": {"total_cost": 183.30254827022134, "time_cost": 71.792, "final_distance_cost": 1.816223617745485, "oscillation_cost": 22.164291311099664, "completition_cost": 0.0, "overshoot_cost": 51.74297700996183, "power_cost": 14.1691578125, "noise_cost": 21.617898518914373, "n_waypoints_completed": 9, "tot_waypoints": 9}}
{"target": -182.84152381824853, "params": {"k_pid_pos": [0.603901803429717, 0.0, 0.0], "k_pid_alt": [1.6471460772053117, 0.0, 0.2804747647729866], "k_pid_att": [30.03961966974058, 2.0503349688015153, 0.20220697397296114], "k_pid_yaw": [0.5, 1e-06, 0.1], "k_pid_hsp": [0.10378310851075703, 0.0, 0.0], "k_pid_vsp": [149.21969625233154, 67.61053702833988, 2.9378584231220133]}, "datetime": {"datetime": "2025-08-11 21:04:42", "elapsed": 16761.643150806427, "delta": 18.257715463638306}, "costs": {"total_cost": 182.84152381824853, "time_cost": 71.93900000000001, "final_distance_cost": 1.822004573997351, "oscillation_cost": 21.541470756556567, "completition_cost": 0.0, "overshoot_cost": 51.73132577792346, "power_cost": 14.119464526367189, "noise_cost": 21.688258183403974, "n_waypoints_completed": 9, "tot_waypoints": 9}}
{"target": -185.85355007866434, "params": {"k_pid_pos": [0.9143239475867724, 0.0, 0.23718893253421253], "k_pid_alt": [1.7754870191381076, 0.0, 0.28607155386475847], "k_pid_att": [33.1098274446334, 2.485472531375904, 0.16173727638837546], "k_pid_yaw": [0.5, 1e-06, 0.1], "k_pid_hsp": [0.20202173156894604, 0.0, 0.0], "k_pid_vsp": [155.81491860311672, 49.8682855042271, 4.460341773649109]}, "datetime": {"datetime": "2025-08-11 21:05:00", "elapsed": 16779.683791160583, "delta": 18.040640354156494}, "costs": {"total_cost": 185.85355007866434, "time_cost": 71.029, "final_distance_cost": 1.8442393341310193, "oscillation_cost": 25.782978619961035, "completition_cost": 0.0, "overshoot_cost": 51.23349330337513, "power_cost": 14.38917908935547, "noise_cost": 21.57465973184169, "n_waypoints_completed": 9, "tot_waypoints": 9}}
{"target": -183.66266845357566, "params": {"k_pid_pos": [0.634223973824978, 0.0010864470276128139, 0.021760623122475096], "k_pid_alt": [1.7248493547672457, 0.0, 0.2795562482377529], "k_pid_att": [28.171440818648968, 2.183725239967165, 0.18935899646259996], "k_pid_yaw": [0.5, 1e-06, 0.1], "k_pid_hsp": [0.1143865707192232, 0.0, 0.0], "k_pid_vsp": [139.92781142186084, 61.23347965338115, 2.6161820138544973]}, "datetime": {"datetime": "2025-08-11 21:05:18", "elapsed": 16797.572122573853, "delta": 17.888331413269043}, "costs": {"total_cost": 183.66266845357566, "time_cost": 71.603, "final_distance_cost": 1.8364912541187326, "oscillation_cost": 23.164357366484687, "completition_cost": 0.0, "overshoot_cost": 51.22351469979389, "power_cost": 14.208217358398437, "noise_cost": 21.627087774779945, "n_waypoints_completed": 9, "tot_waypoints": 9}}
{"target": -183.31079545034672, "params": {"k_pid_pos": [0.7128872238284539, 0.0, 0.0], "k_pid_alt": [1.7177254955453478, 0.0, 0.3175972042689392], "k_pid_att": [33.64449918498519, 2.1171009997144896, 0.2515424920132353], "k_pid_yaw": [0.5, 1e-06, 0.1], "k_pid_hsp": [0.11135295924820661, 0.0, 0.0], "k_pid_vsp": [106.30742658988275, 48.68368788799076, 3.887162936001334]}, "datetime": {"datetime": "2025-08-11 21:05:36", "elapsed": 16815.847483873367, "delta": 18.27536129951477}, "costs": {"total_cost": 183.31079545034672, "time_cost": 70.973, "final_distance_cost": 1.8157203728496456, "oscillation_cost": 23.532257470597067, "completition_cost": 0.0, "overshoot_cost": 51.59297543254111, "power_cost": 14.139041784667969, "noise_cost": 21.257800389690942, "n_waypoints_completed": 9, "tot_waypoints": 9}}
{"target": -677.2693471149681, "params": {"k_pid_pos": [0.5861234004548661, 0.0, 0.0], "k_pid_alt": [1.6675220532059452, 0.0, 0.2633974050164287], "k_pid_att": [33.01033919956941, 2.575513272165697, 0.19442964928797718], "k_pid_yaw": [0.5, 1e-06, 0.1], "k_pid_hsp": [0.017810036157745193, 0.0, 0.0], "k_pid_vsp": [169.84051711543052, 54.38745088075131, 4.150603958334929]}, "datetime": {"datetime": "2025-08-11 21:06:06", "elapsed": 16846.191493034363, "delta": 30.344009160995483}, "costs": {"total_cost": 677.2693471149681, "time_cost": 150, "final_distance_cost": 74.03039327642246, "oscillation_cost": 6.040143389033354, "completition_cost": 333.33333333333337, "overshoot_cost": 59.508735523363924, "power_cost": 21.51796561279297, "noise_cost": 32.8387759800221, "n_waypoints_completed": 6, "tot_waypoints": 9}}
{"target": -183.29913405473914, "params": {"k_pid_pos": [0.5443334609317343, 0.0, 0.0], "k_pid_alt": [1.7173189766681716, 0.0, 0.29569954422188266], "k_pid_att": [28.61269195135742, 2.0932926977843835, 0.14627360966156072], "k_pid_yaw": [0.5, 1e-06, 0.1], "k_pid_hsp": [0.10361765193663254, 0.0, 0.0], "k_pid_vsp": [150.49452654365197, 51.649184887658734, 1.9898051169159612]}, "datetime": {"datetime": "2025-08-11 21:06:25", "elapsed": 16864.64659523964, "delta": 18.45510220527649}, "costs": {"total_cost": 183.29913405473914, "time_cost": 72.737, "final_distance_cost": 1.8227655677713102, "oscillation_cost": 20.7025715139891, "completition_cost": 0.0, "overshoot_cost": 51.855239980838405, "power_cost": 14.205477539062501, "noise_cost": 21.97607945307783, "n_waypoints_completed": 9, "tot_waypoints": 9}}
{"target": -196.87009568965462, "params": {"k_pid_pos": [0.8241278214776139, 0.015081401910940824, 0.5264128437062893], "k_pid_alt": [1.6954744933119532, 0.0, 0.3471895461047137], "k_pid_att": [22.592061110118976, 2.2872328208085357, 0.2544927126293196], "k_pid_yaw": [0.5, 1e-06, 0.1], "k_pid_hsp": [0.2652448806424026, 0.0005462205580302233, 0.0], "k_pid_vsp": [217.38029122273346, 49.30213059547896, 0.28520887639608006]}, "datetime": {"datetime": "2025-08-11 21:06:44", "elapsed": 16884.21326303482, "delta": 19.566667795181274}, "costs": {"total_cost": 196.87009568965462, "time_cost": 77.931, "final_distance_cost": 1.8488936395622027, "oscillation_cost": 25.736221705619386, "completition_cost": 0.0, "overshoot_cost": 51.57180304197456, "power_cost": 15.445071240234375, "noise_cost": 24.337106062264095, "n_waypoints_completed": 9, "tot_waypoints": 9}}
{"target": -183.81772149733058, "params": {"k_pid_pos": [0.8062031995015797, 0.0, 0.0], "k_pid_alt": [1.732757522687775, 0.0, 0.24906932807080828], "k_pid_att": [28.69997627724043, 1.8349189529080971, 0.14233495923961997], "k_pid_yaw": [0.5, 1e-06, 0.1], "k_pid_hsp": [0.13739890486926376, 0.0, 0.0], "k_pid_vsp": [132.65339795568886, 44.842121566972615, 0.10721865139187847]}, "datetime": {"datetime": "2025-08-11 21:07:02", "elapsed": 16901.493751764297, "delta": 17.28048872947693}, "costs": {"total_cost": 183.81772149733058, "time_cost": 70.252, "final_distance_cost": 1.8141729121945545, "oscillation_cost": 25.332156251139534, "completition_cost": 0.0, "overshoot_cost": 51.15949310641626, "power_cost": 14.163092224121094, "noise_cost": 21.096807003459123, "n_waypoints_completed": 9, "tot_waypoints": 9}}
{"target": -184.5503187133302, "params": {"k_pid_pos": [0.61914770378882, 0.0, 0.0], "k_pid_alt": [1.70905072707422, 0.0, 0.37799859385223766], "k_pid_att": [33.488511010178335, 2.2765319573902203, 0.15878637867582662], "k_pid_yaw": [0.5, 1e-06, 0.1], "k_pid_hsp": [0.12859311219270794, 0.0, 0.0], "k_pid_vsp": [150.63821084058733, 52.283298697430155, 3.6709348707232397]}, "datetime": {"datetime": "2025-08-11 21:07:20", "elapsed": 16919.539947271347, "delta": 18.04619550704956}, "costs": {"total_cost": 184.5503187133302, "time_cost": 71.84100000000001, "final_distance_cost": 1.8305058388021633, "oscillation_cost": 23.493816544159625, "completition_cost": 0.0, "overshoot_cost": 51.47725038786623, "power_cost": 14.254208947753908, "noise_cost": 21.653536994748258, "n_waypoints_completed": 9, "tot_waypoints": 9}}
{"target": -1216.0485709020859, "params": {"k_pid_pos": [0.5094382491135006, 0.0, 0.0], "k_pid_alt": [1.8193713611570377, 0.0, 0.32033704320739753], "k_pid_att": [34.77143799162265, 2.245544994486343, 0.18940154807316067], "k_pid_yaw": [0.5, 1e-06, 0.1], "k_pid_hsp": [0.0015514677423418277, 0.0, 0.0], "k_pid_vsp": [122.14947554860413, 54.46622673507622, 1.4467913989012064]}, "datetime": {"datetime": "2025-08-11 21:07:50", "elapsed": 16949.855709552765, "delta": 30.315762281417847}, "costs": {"total_cost": 1216.0485709020859, "time_cost": 150, "final_distance_cost": 65.62306019310296, "oscillation_cost": 0.18148635637406163, "completition_cost": 888.8888888888888, "overshoot_cost": 57.23858625722819, "power_cost": 21.015517126464843, "noise_cost": 33.10103208002683, "n_waypoints_completed": 1, "tot_waypoints": 9}}
{"target": -186.80919713523443, "params": {"k_pid_pos": [0.7854809322781748, 0.0, 0.0008109842405713999], "k_pid_alt": [1.700720067725749, 0.0, 0.05426878793379972], "k_pid_att": [16.936019776198023, 2.1432314847124188, 0.2275493724852612], "k_pid_yaw": [0.5, 1e-06, 0.1], "k_pid_hsp": [0.5155266766744603, 0.002393201194362031, 0.0], "k_pid_vsp": [158.0629593302998, 60.45241185753254, 1.8729717932513315]}, "datetime": {"datetime": "2025-08-11 21:08:08", "elapsed": 16967.799246549606, "delta": 17.94353699684143}, "costs": {"total_cost": 186.80919713523443, "time_cost": 70.714, "final_distance_cost": 1.853303077980961, "oscillation_cost": 27.22860852781134, "completition_cost": 0.0, "overshoot_cost": 50.588673095630476, "power_cost": 14.598367553710938, "noise_cost": 21.826244880100727, "n_waypoints_completed": 9, "tot_waypoints": 9}}
{"target": -1218.6749132735597, "params": {"k_pid_pos": [0.5988668558060877, 0.0, 0.0], "k_pid_alt": [1.612604494422901, 0.0, 0.12658807761713073], "k_pid_att": [21.40601207140867, 2.1537904508263233, 0.18660135122913019], "k_pid_yaw": [0.5, 1e-06, 0.1], "k_pid_hsp": [0.0001, 0.0, 0.0], "k_pid_vsp": [140.3475932233725, 76.56246275736557, 5.757660040342531]}, "datetime": {"datetime": "2025-08-11 21:08:38", "elapsed": 16998.267328500748, "delta": 30.468081951141357}, "costs": {"total_cost": 1218.6749132735597, "time_cost": 150, "final_distance_cost": 45.74544472900827, "oscillation_cost": 0.005966096770665371, "completition_cost": 888.8888888888888, "overshoot_cost": 79.92509547052946, "power_cost": 21.014486193847656, "noise_cost": 33.09503189451503, "n_waypoints_completed": 1, "tot_waypoints": 9}}
