{"target": -1290.1153439077016, "params": {"k_pid_pos": [0.9952498344678593, 0.03293556881180207, 0.0], "k_pid_alt": [1.6587429022809697, 0.0, 0.4987847896442415], "k_pid_att": [0.6853550520758249, 3.003911443631809, 0.17552023587677615], "k_pid_yaw": [0.5, 1e-06, 0.1], "k_pid_hsp": [0.0001, 0.0, 0.04783373477345437], "k_pid_vsp": [154.8525319346391, 38.60122856491957, 1e-06]}, "datetime": {"datetime": "2025-08-11 18:16:45", "elapsed": 6685.334926843643, "delta": 29.883060932159424}, "costs": {"total_cost": 1290.1153439077016, "time_cost": 150, "final_distance_cost": 45.47327320893672, "oscillation_cost": 12.907944657902553, "completition_cost": 1000.0, "overshoot_cost": 27.62293396932107, "power_cost": 21.004620227050783, "noise_cost": 33.10657184449053, "n_waypoints_completed": 0, "tot_waypoints": 9}}
{"target": -5009.9574169309735, "params": {"k_pid_pos": [0.862163086565044, 0.34914039539763286, 0.024248217572380576], "k_pid_alt": [1.550277809884381, 0.0, 0.8524035638722328], "k_pid_att": [0.0, 1.5917278745449672, 0.05811733475789761], "k_pid_yaw": [0.5, 1e-06, 0.1], "k_pid_hsp": [0.4211486598877199, 0.0, 0.0], "k_pid_vsp": [69.43933309684866, 21.681475926110597, 1e-06]}, "datetime": {"datetime": "2025-08-11 18:17:16", "elapsed": 6715.388522386551, "delta": 30.053595542907715}, "costs": {"total_cost": 5009.9574169309735, "time_cost": 150, "final_distance_cost": 486.09890324456416, "oscillation_cost": 2264.8346724751377, "completition_cost": 1000.0, "overshoot_cost": 879.7653884319116, "power_cost": 60.434350085449225, "noise_cost": 168.82410269391062, "n_waypoints_completed": 0, "tot_waypoints": 9}}
{"target": -1631.3762194892622, "params": {"k_pid_pos": [1.0807217768156574, 0.14137756778199295, 0.001744452657842309], "k_pid_alt": [1.245983816796764, 0.0005088059642648123, 0.01798670115212203], "k_pid_att": [8.028543257301408, 2.92397222444577, 0.3128054818453326], "k_pid_yaw": [0.5, 1e-06, 0.1], "k_pid_hsp": [0.0001, 0.0, 0.29399460770978425], "k_pid_vsp": [280.44195047636146, 1e-06, 1e-06]}, "datetime": {"datetime": "2025-08-11 18:17:46", "elapsed": 6745.565772771835, "delta": 30.177250385284424}, "costs": {"total_cost": 1631.3762194892622, "time_cost": 150, "final_distance_cost": 46.651064351832936, "oscillation_cost": 339.9231038187203, "completition_cost": 1000.0, "overshoot_cost": 38.40453156558484, "power_cost": 23.810740930175783, "noise_cost": 32.58677882294838, "n_waypoints_completed": 0, "tot_waypoints": 9}}
{"target": -192.63611568345533, "params": {"k_pid_pos": [1.647021524928772, 0.0835614985568246, 0.0], "k_pid_alt": [1.716948775963323, 0.0, 0.255191205564922], "k_pid_att": [3.670200708341376, 1.1690894313940392, 0.20165851706977994], "k_pid_yaw": [0.5, 1e-06, 0.1], "k_pid_hsp": [0.18889983658589185, 0.0, 0.0], "k_pid_vsp": [194.21733465922736, 31.712554351272072, 1e-06]}, "datetime": {"datetime": "2025-08-11 18:18:03", "elapsed": 6762.7132313251495, "delta": 17.14745855331421}, "costs": {"total_cost": 192.63611568345533, "time_cost": 69.95100000000001, "final_distance_cost": 1.7580960796743696, "oscillation_cost": 33.644363427154275, "completition_cost": 0.0, "overshoot_cost": 51.269733219813986, "power_cost": 15.09762742919922, "noise_cost": 20.915295527613484, "n_waypoints_completed": 9, "tot_waypoints": 9}}
{"target": -1245.3362017953777, "params": {"k_pid_pos": [0.8674785198855429, 0.15452740601242645, 0.0], "k_pid_alt": [1.4240830987456974, 0.0, 0.31283582936494925], "k_pid_att": [13.563936194131795, 3.557515971773, 0.1810586773990392], "k_pid_yaw": [0.5, 1e-06, 0.1], "k_pid_hsp": [0.0001, 0.0, 0.0], "k_pid_vsp": [178.76893826283037, 27.192819893593203, 1e-06]}, "datetime": {"datetime": "2025-08-11 18:18:33", "elapsed": 6792.612043619156, "delta": 29.898812294006348}, "costs": {"total_cost": 1245.3362017953777, "time_cost": 150, "final_distance_cost": 48.29397335921271, "oscillation_cost": 0.005214826418403428, "completition_cost": 888.8888888888888, "overshoot_cost": 104.01867803724112, "power_cost": 21.01360185546875, "noise_cost": 33.11584482814792, "n_waypoints_completed": 1, "tot_waypoints": 9}}
{"target": -5462.065908636966, "params": {"k_pid_pos": [2.0, 0.0, 0.0], "k_pid_alt": [1.4295151243710698, 0.019271513243475875, 0.3906238440895716], "k_pid_att": [0.0, 3.8578839381006516, 0.1911172260566634], "k_pid_yaw": [0.5, 1e-06, 0.1], "k_pid_hsp": [0.0001, 0.20931677455607692, 0.0], "k_pid_vsp": [167.55037166072592, 72.1357151817307, 50.16556526993011]}, "datetime": {"datetime": "2025-08-11 18:19:02", "elapsed": 6822.355510234833, "delta": 29.74346661567688}, "costs": {"total_cost": 5462.065908636966, "time_cost": 150, "final_distance_cost": 893.2562552842061, "oscillation_cost": 1671.4996925311086, "completition_cost": 1000.0, "overshoot_cost": 1548.4072383434384, "power_cost": 58.57207200927735, "noise_cost": 140.33065046893572, "n_waypoints_completed": 0, "tot_waypoints": 9}}
{"target": -210.2770503934631, "params": {"k_pid_pos": [1.1622743006581981, 0.03311555311507938, 0.0191108515361047], "k_pid_alt": [1.226828769596537, 0.017374002742998863, 0.036308562273259515], "k_pid_att": [5.39255404749332, 3.095705708277432, 0.0], "k_pid_yaw": [0.5, 1e-06, 0.1], "k_pid_hsp": [0.19546856481478203, 0.13469915707358246, 0.0], "k_pid_vsp": [247.51133173223656, 32.139998458713144, 1e-06]}, "datetime": {"datetime": "2025-08-11 18:19:20", "elapsed": 6840.181638002396, "delta": 17.826127767562866}, "costs": {"total_cost": 210.2770503934631, "time_cost": 70.462, "final_distance_cost": 1.8138404510462582, "oscillation_cost": 49.99731139142423, "completition_cost": 0.0, "overshoot_cost": 50.821302906501636, "power_cost": 16.026329650878907, "noise_cost": 21.15626599361203, "n_waypoints_completed": 9, "tot_waypoints": 9}}
{"target": -1276.3051527773328, "params": {"k_pid_pos": [1.3199629908913402, 0.0793491761086959, 0.0], "k_pid_alt": [1.4694695108104168, 0.0, 0.331602579244141], "k_pid_att": [2.8451964340059135, 2.6805557285811403, 0.22704020191789737], "k_pid_yaw": [0.5, 1e-06, 0.1], "k_pid_hsp": [0.0001, 0.0, 0.07025594830093378], "k_pid_vsp": [183.1087646442906, 52.09328871199715, 1e-06]}, "datetime": {"datetime": "2025-08-11 18:19:50", "elapsed": 6869.853773832321, "delta": 29.672135829925537}, "costs": {"total_cost": 1276.3051527773328, "time_cost": 150, "final_distance_cost": 45.37220832535744, "oscillation_cost": 3.7074422889371523, "completition_cost": 1000.0, "overshoot_cost": 23.113540823384092, "power_cost": 21.011117016601563, "noise_cost": 33.10084432305265, "n_waypoints_completed": 0, "tot_waypoints": 9}}
{"target": -1246.91451942968, "params": {"k_pid_pos": [1.1035568480949547, 0.12110583333959593, 0.0], "k_pid_alt": [1.6817709374279985, 0.0534470505710464, 0.32293379944532513], "k_pid_att": [6.743896376021054, 0.9976346103672025, 0.13507396448989123], "k_pid_yaw": [0.5, 1e-06, 0.1], "k_pid_hsp": [0.0001, 0.0, 0.0], "k_pid_vsp": [129.68746946808625, 35.915783871717444, 1e-06]}, "datetime": {"datetime": "2025-08-11 18:20:19", "elapsed": 6899.257351160049, "delta": 29.40357732772827}, "costs": {"total_cost": 1246.91451942968, "time_cost": 150, "final_distance_cost": 48.679624264083174, "oscillation_cost": 0.004946854215129115, "completition_cost": 888.8888888888888, "overshoot_cost": 105.22126932226536, "power_cost": 21.011430895996096, "noise_cost": 33.1083592042317, "n_waypoints_completed": 1, "tot_waypoints": 9}}
{"target": -1248.732764938412, "params": {"k_pid_pos": [1.1214281521125022, 0.09780513522010648, 0.0], "k_pid_alt": [1.4225769088067528, 0.0, 0.47876586460931403], "k_pid_att": [9.078490633480634, 2.655652445553712, 0.0], "k_pid_yaw": [0.5, 1e-06, 0.1], "k_pid_hsp": [0.0001, 0.0, 0.0], "k_pid_vsp": [147.3046987329265, 29.68661392088815, 1e-06]}, "datetime": {"datetime": "2025-08-11 18:20:48", "elapsed": 6927.997457742691, "delta": 28.7401065826416}, "costs": {"total_cost": 1248.732764938412, "time_cost": 150, "final_distance_cost": 48.60440102125831, "oscillation_cost": 1.775636383508313, "completition_cost": 888.8888888888888, "overshoot_cost": 105.34460102549264, "power_cost": 21.005090356445315, "noise_cost": 33.114147262818555, "n_waypoints_completed": 1, "tot_waypoints": 9}}
{"target": -187.86541332825544, "params": {"k_pid_pos": [1.057049000955727, 0.0714044386911668, 0.0], "k_pid_alt": [2.0, 0.0, 0.3854337095364338], "k_pid_att": [23.83448582465742, 3.2519154311629768, 0.17473588736514684], "k_pid_yaw": [0.5, 1e-06, 0.1], "k_pid_hsp": [0.3072959420772612, 0.0, 0.0], "k_pid_vsp": [206.99532978695981, 40.30551136997603, 1e-06]}, "datetime": {"datetime": "2025-08-11 18:21:07", "elapsed": 6946.619232416153, "delta": 18.621774673461914}, "costs": {"total_cost": 187.86541332825544, "time_cost": 69.783, "final_distance_cost": 1.8136420450311475, "oscillation_cost": 30.03590355597285, "completition_cost": 0.0, "overshoot_cost": 50.73806999249674, "power_cost": 14.546616564941408, "noise_cost": 20.94818116981328, "n_waypoints_completed": 9, "tot_waypoints": 9}}
{"target": -1247.8279479091657, "params": {"k_pid_pos": [1.3592446160823717, 0.07267906197398982, 0.0], "k_pid_alt": [1.6669781308857607, 0.0, 0.40350668408132684], "k_pid_att": [12.830805320211553, 1.1199268492629402, 0.33039656716105653], "k_pid_yaw": [0.5, 1e-06, 0.1], "k_pid_hsp": [0.0001, 0.0, 0.0], "k_pid_vsp": [209.6703895504607, 1e-06, 1e-06]}, "datetime": {"datetime": "2025-08-11 18:21:41", "elapsed": 6980.887248277664, "delta": 34.26801586151123}, "costs": {"total_cost": 1247.8279479091657, "time_cost": 150, "final_distance_cost": 48.79023865979216, "oscillation_cost": 0.004577363940513319, "completition_cost": 888.8888888888888, "overshoot_cost": 105.9996047667887, "power_cost": 21.019895288085937, "noise_cost": 33.12474294166932, "n_waypoints_completed": 1, "tot_waypoints": 9}}
{"target": -193.27227830781732, "params": {"k_pid_pos": [0.7327291830608517, 0.14638106243805846, 0.0], "k_pid_alt": [1.4815536157893099, 0.0, 0.18347509859142697], "k_pid_att": [13.373444533019509, 2.6414719342742483, 0.19559057933347865], "k_pid_yaw": [0.5, 1e-06, 0.1], "k_pid_hsp": [0.23030027030113953, 0.0, 0.0], "k_pid_vsp": [269.20081074575955, 47.127032892886135, 1e-06]}, "datetime": {"datetime": "2025-08-11 18:22:01", "elapsed": 7000.8429119586945, "delta": 19.955663681030273}, "costs": {"total_cost": 193.27227830781732, "time_cost": 75.873, "final_distance_cost": 1.8035131769027504, "oscillation_cost": 26.23219257037587, "completition_cost": 0.0, "overshoot_cost": 51.310658598097255, "power_cost": 15.298819592285158, "noise_cost": 22.75409437015629, "n_waypoints_completed": 9, "tot_waypoints": 9}}
{"target": -187.5086425502779, "params": {"k_pid_pos": [1.121239455061794, 0.0, 0.25338156199937545], "k_pid_alt": [1.3560702311507589, 0.003944475266287895, 0.3461825985076823], "k_pid_att": [3.153742552865724, 2.75485233273642, 0.16361198681968425], "k_pid_yaw": [0.5, 1e-06, 0.1], "k_pid_hsp": [0.11070337878672111, 0.007112220088697686, 0.0], "k_pid_vsp": [200.8566489542389, 61.9119446668997, 3.6874999206987145]}, "datetime": {"datetime": "2025-08-11 18:22:18", "elapsed": 7018.172468185425, "delta": 17.329556226730347}, "costs": {"total_cost": 187.5086425502779, "time_cost": 70.14, "final_distance_cost": 1.7995704832510582, "oscillation_cost": 29.792786349841737, "completition_cost": 0.0, "overshoot_cost": 50.72668235199788, "power_cost": 14.31845076904297, "noise_cost": 20.73115259614426, "n_waypoints_completed": 9, "tot_waypoints": 9}}
{"target": -1244.9097372176327, "params": {"k_pid_pos": [0.9660337753176093, 0.07874789777249691, 0.12118405522616107], "k_pid_alt": [1.3854015220918097, 0.0, 0.4976390022218302], "k_pid_att": [14.233035790381608, 2.437259577155205, 0.15158535767798784], "k_pid_yaw": [0.5, 1e-06, 0.1], "k_pid_hsp": [0.0001, 0.0, 0.0], "k_pid_vsp": [177.44667047849305, 46.18186245548907, 1e-06]}, "datetime": {"datetime": "2025-08-11 18:22:48", "elapsed": 7048.254241943359, "delta": 30.08177375793457}, "costs": {"total_cost": 1244.9097372176327, "time_cost": 150, "final_distance_cost": 48.12298710213358, "oscillation_cost": 0.007793717250919603, "completition_cost": 888.8888888888888, "overshoot_cost": 103.79079524642317, "power_cost": 20.994318469238284, "noise_cost": 33.104953793697774, "n_waypoints_completed": 1, "tot_waypoints": 9}}
{"target": -189.4966511451539, "params": {"k_pid_pos": [1.166677840653584, 0.0, 0.05504799693615824], "k_pid_alt": [1.3934017523843836, 0.0, 0.323456469809423], "k_pid_att": [14.885072674697641, 2.5972399304012326, 0.17598276204378063], "k_pid_yaw": [0.5, 1e-06, 0.1], "k_pid_hsp": [0.39588445939288025, 0.0, 0.0], "k_pid_vsp": [176.99946573262264, 28.78799569044004, 1e-06]}, "datetime": {"datetime": "2025-08-11 18:23:06", "elapsed": 7065.674904823303, "delta": 17.420662879943848}, "costs": {"total_cost": 189.4966511451539, "time_cost": 70.126, "final_distance_cost": 1.8309055990602947, "oscillation_cost": 30.98784400231139, "completition_cost": 0.0, "overshoot_cost": 50.874739217149234, "power_cost": 14.71863328857422, "noise_cost": 20.958529038058735, "n_waypoints_completed": 9, "tot_waypoints": 9}}
{"target": -188.59666320907456, "params": {"k_pid_pos": [1.0836257466917143, 0.09905432429684637, 0.0], "k_pid_alt": [1.428148577128045, 0.0, 0.3703769287570031], "k_pid_att": [22.01654120273016, 3.7352153302041855, 0.09857453290434366], "k_pid_yaw": [0.5, 1e-06, 0.1], "k_pid_hsp": [0.2036466711451094, 0.0, 0.0], "k_pid_vsp": [226.42373227748718, 65.86883181349575, 1e-06]}, "datetime": {"datetime": "2025-08-11 18:23:23", "elapsed": 7083.100250005722, "delta": 17.425345182418823}, "costs": {"total_cost": 188.59666320907456, "time_cost": 70.336, "final_distance_cost": 1.7763461167136507, "oscillation_cost": 30.245795064247357, "completition_cost": 0.0, "overshoot_cost": 50.728552289068794, "power_cost": 14.587822045898438, "noise_cost": 20.92214769314633, "n_waypoints_completed": 9, "tot_waypoints": 9}}
{"target": -188.7036000830189, "params": {"k_pid_pos": [1.3049415543081802, 0.060499802125033114, 0.17611195288543863], "k_pid_alt": [1.391440083334881, 0.0, 0.2901091197517639], "k_pid_att": [15.981108473853142, 3.1380412186774533, 0.2492527193282406], "k_pid_yaw": [0.5, 1e-06, 0.1], "k_pid_hsp": [0.16935347069728, 0.0, 0.0], "k_pid_vsp": [222.55342891952685, 45.932345683686826, 1e-06]}, "datetime": {"datetime": "2025-08-11 18:23:40", "elapsed": 7100.367696762085, "delta": 17.267446756362915}, "costs": {"total_cost": 188.7036000830189, "time_cost": 70.217, "final_distance_cost": 1.7845296734390925, "oscillation_cost": 29.98857982373906, "completition_cost": 0.0, "overshoot_cost": 51.1142306888296, "power_cost": 14.616699291992187, "noise_cost": 20.98256060501896, "n_waypoints_completed": 9, "tot_waypoints": 9}}
{"target": -190.4444672033335, "params": {"k_pid_pos": [1.461283667764561, 0.09674126031877409, 0.1283131177166881], "k_pid_alt": [1.3599180573889085, 0.0, 0.4217048450474147], "k_pid_att": [7.608517829215401, 4.345872877509687, 0.2269553185262927], "k_pid_yaw": [0.5, 1e-06, 0.1], "k_pid_hsp": [0.21434812539226364, 0.0, 0.0], "k_pid_vsp": [143.11247685761492, 61.50605360382778, 1e-06]}, "datetime": {"datetime": "2025-08-11 18:23:58", "elapsed": 7117.71701169014, "delta": 17.34931492805481}, "costs": {"total_cost": 190.4444672033335, "time_cost": 70.042, "final_distance_cost": 1.788091073379611, "oscillation_cost": 32.21206084629721, "completition_cost": 0.0, "overshoot_cost": 50.8352309774634, "power_cost": 14.81217244873047, "noise_cost": 20.754911857462783, "n_waypoints_completed": 9, "tot_waypoints": 9}}
{"target": -1283.5546737781203, "params": {"k_pid_pos": [0.9896001753833695, 0.004278382087562302, 0.042037141568759234], "k_pid_alt": [1.5163452196854796, 0.0, 0.18009342824599678], "k_pid_att": [16.892853094046494, 0.5495143347576494, 0.20109669010734005], "k_pid_yaw": [0.5, 1e-06, 0.1], "k_pid_hsp": [0.0001, 0.37682664990477205, 0.0], "k_pid_vsp": [180.57979132896523, 71.32884144062551, 1e-06]}, "datetime": {"datetime": "2025-08-11 18:24:28", "elapsed": 7147.784547328949, "delta": 30.067535638809204}, "costs": {"total_cost": 1283.5546737781203, "time_cost": 150, "final_distance_cost": 91.60716881182746, "oscillation_cost": 106.41662195749154, "completition_cost": 777.7777777777778, "overshoot_cost": 89.00960505196133, "power_cost": 33.166870153808595, "noise_cost": 35.576630025253486, "n_waypoints_completed": 2, "tot_waypoints": 9}}
{"target": -3000.5210515103536, "params": {"k_pid_pos": [0.9254480061766635, 0.061455429295885725, 0.16621085649264855], "k_pid_alt": [1.2042586516683529, 0.0, 0.6959004177538686], "k_pid_att": [0.2369919675326262, 3.0628320743732713, 0.22448230893480722], "k_pid_yaw": [0.5, 1e-06, 0.1], "k_pid_hsp": [0.25284542228406365, 0.0, 0.0], "k_pid_vsp": [214.9775871987642, 52.65393037230979, 1.6277656623775598]}, "datetime": {"datetime": "2025-08-11 18:24:58", "elapsed": 7177.783004045486, "delta": 29.998456716537476}, "costs": {"total_cost": 3000.5210515103536, "time_cost": 150, "final_distance_cost": 204.8556846099173, "oscillation_cost": 868.080133848917, "completition_cost": 1000.0, "overshoot_cost": 569.121041787406, "power_cost": 54.19304338378907, "noise_cost": 154.27114788032426, "n_waypoints_completed": 0, "tot_waypoints": 9}}
{"target": -189.64417013333818, "params": {"k_pid_pos": [1.179078800198725, 0.031739906773587276, 0.13012616560957777], "k_pid_alt": [1.6150183937370248, 0.0, 0.12091102952759364], "k_pid_att": [9.850465382935429, 3.5338171778196106, 0.30739212333275057], "k_pid_yaw": [0.5, 1e-06, 0.1], "k_pid_hsp": [0.856464145784205, 0.0, 0.0], "k_pid_vsp": [261.7612043730979, 66.94630728782559, 1.0393589579921187]}, "datetime": {"datetime": "2025-08-11 18:25:15", "elapsed": 7194.911639213562, "delta": 17.12863516807556}, "costs": {"total_cost": 189.64417013333818, "time_cost": 69.468, "final_distance_cost": 1.8399173992313658, "oscillation_cost": 32.218620233659195, "completition_cost": 0.0, "overshoot_cost": 50.420808378487834, "power_cost": 14.783203881835938, "noise_cost": 20.91362024012386, "n_waypoints_completed": 9, "tot_waypoints": 9}}
{"target": -910.4793521516716, "params": {"k_pid_pos": [0.30594592714483465, 0.7185601343686164, 0.0], "k_pid_alt": [1.5314996659877813, 0.0, 0.3340487045348267], "k_pid_att": [13.58836153944318, 2.8979406542851094, 0.2512640041313498], "k_pid_yaw": [0.5, 1e-06, 0.1], "k_pid_hsp": [0.3016061085286994, 0.0, 0.0], "k_pid_vsp": [197.35190513925627, 52.90886844436464, 1e-06]}, "datetime": {"datetime": "2025-08-11 18:25:44", "elapsed": 7224.3389546871185, "delta": 29.42731547355652}, "costs": {"total_cost": 910.4793521516716, "time_cost": 150, "final_distance_cost": 41.70627738682456, "oscillation_cost": 55.24518550435361, "completition_cost": 555.5555555555555, "overshoot_cost": 47.24418005217947, "power_cost": 26.455003247070312, "noise_cost": 34.2731504056882, "n_waypoints_completed": 4, "tot_waypoints": 9}}
{"target": -1283.3301265032956, "params": {"k_pid_pos": [1.3188037057965583, 0.0, 0.2042837633007943], "k_pid_alt": [1.6852952829083407, 0.0, 0.4719434800853582], "k_pid_att": [74.39914257227376, 3.158840156621782, 0.02840572811592383], "k_pid_yaw": [0.5, 1e-06, 0.1], "k_pid_hsp": [0.0001, 0.003177390702202315, 0.0], "k_pid_vsp": [206.37217772963908, 63.63035469946976, 1e-06]}, "datetime": {"datetime": "2025-08-11 18:26:14", "elapsed": 7254.184498548508, "delta": 29.84554386138916}, "costs": {"total_cost": 1283.3301265032956, "time_cost": 150, "final_distance_cost": 61.03358594678972, "oscillation_cost": 21.649700190645195, "completition_cost": 888.8888888888888, "overshoot_cost": 107.6459218685408, "power_cost": 21.015498278808593, "noise_cost": 33.096531329622486, "n_waypoints_completed": 1, "tot_waypoints": 9}}
{"target": -1227.0455102035248, "params": {"k_pid_pos": [0.6920599449190239, 0.0, 0.039530078459423884], "k_pid_alt": [1.5848146644797483, 0.0, 0.462543957789902], "k_pid_att": [26.751513668787954, 2.9125403635249993, 0.16419765913037818], "k_pid_yaw": [0.5, 1e-06, 0.1], "k_pid_hsp": [0.0001, 0.0, 0.0], "k_pid_vsp": [191.3122569830359, 60.48068962843628, 1e-06]}, "datetime": {"datetime": "2025-08-11 18:26:45", "elapsed": 7284.456905841827, "delta": 30.272407293319702}, "costs": {"total_cost": 1227.0455102035248, "time_cost": 150, "final_distance_cost": 46.172594899659444, "oscillation_cost": 0.004298210615586124, "completition_cost": 888.8888888888888, "overshoot_cost": 87.87283022645899, "power_cost": 21.002774938964844, "noise_cost": 33.104123038937175, "n_waypoints_completed": 1, "tot_waypoints": 9}}
{"target": -192.25107415200233, "params": {"k_pid_pos": [1.5903244355775201, 0.15715434439765819, 0.14358772411247117], "k_pid_alt": [1.6779993345410882, 0.0, 0.0], "k_pid_att": [7.930707227115799, 3.061244156523566, 0.23164775676960414], "k_pid_yaw": [0.5, 1e-06, 0.1], "k_pid_hsp": [0.32987687092183715, 0.0, 0.0], "k_pid_vsp": [157.6539561273533, 1e-06, 4.073111411979179]}, "datetime": {"datetime": "2025-08-11 18:27:02", "elapsed": 7301.9443254470825, "delta": 17.487419605255127}, "costs": {"total_cost": 192.25107415200233, "time_cost": 70.679, "final_distance_cost": 1.7689250966252985, "oscillation_cost": 31.881315184711546, "completition_cost": 0.0, "overshoot_cost": 51.64460118810262, "power_cost": 15.027472412109375, "noise_cost": 21.249760270453482, "n_waypoints_completed": 9, "tot_waypoints": 9}}
