{"target": -182.00830028085824, "params": {"k_pid_pos": [0.5218152963343368, 0.0, 0.0], "k_pid_alt": [1.625896901802282, 0.0, 0.14400783124653024], "k_pid_att": [23.47382621170834, 2.095140400168636, 0.26221776146500986], "k_pid_yaw": [0.5, 1e-06, 0.1], "k_pid_hsp": [0.09237546207655777, 0.0, 0.0], "k_pid_vsp": [128.60720869126814, 135.59356400483406, 1.067932827004823]}, "datetime": {"datetime": "2025-08-12 05:06:29", "elapsed": 45668.58518099785, "delta": 17.808252096176147}, "costs": {"total_cost": 182.00830028085824, "time_cost": 72.968, "final_distance_cost": 1.8256041112522399, "oscillation_cost": 19.27611725612813, "completition_cost": 0.0, "overshoot_cost": 51.81741442481884, "power_cost": 14.218966186523438, "noise_cost": 21.902198302135602, "n_waypoints_completed": 9, "tot_waypoints": 9}}
{"target": -182.58749660416908, "params": {"k_pid_pos": [0.5287087618950608, 0.0, 0.0], "k_pid_alt": [1.627216365325889, 0.0, 0.12481338923478387], "k_pid_att": [25.495490646922423, 2.1268149304967845, 0.2754903635541628], "k_pid_yaw": [0.5, 1e-06, 0.1], "k_pid_hsp": [0.09279627206666632, 0.0, 0.0], "k_pid_vsp": [128.33974369031645, 125.63582750772665, 1.0220683889964768]}, "datetime": {"datetime": "2025-08-12 05:06:48", "elapsed": 45687.86060285568, "delta": 19.275421857833862}, "costs": {"total_cost": 182.58749660416908, "time_cost": 72.821, "final_distance_cost": 1.816090263046493, "oscillation_cost": 19.54270092848682, "completition_cost": 0.0, "overshoot_cost": 52.17393641130431, "power_cost": 14.238246716308595, "noise_cost": 21.995522285022844, "n_waypoints_completed": 9, "tot_waypoints": 9}}
{"target": -182.3639029619397, "params": {"k_pid_pos": [0.5242183657781352, 0.0, 0.0], "k_pid_alt": [1.6205726194485859, 0.0, 0.12546254899596276], "k_pid_att": [24.138827812561573, 2.1437531763732625, 0.24077507836545733], "k_pid_yaw": [0.5, 1e-06, 0.1], "k_pid_hsp": [0.09038402832580175, 0.0, 0.0], "k_pid_vsp": [127.44481158196874, 174.57233984696882, 1.3423074796092629]}, "datetime": {"datetime": "2025-08-12 05:07:08", "elapsed": 45707.48272895813, "delta": 19.62212610244751}, "costs": {"total_cost": 182.3639029619397, "time_cost": 72.982, "final_distance_cost": 1.815507553255405, "oscillation_cost": 19.239664722344887, "completition_cost": 0.0, "overshoot_cost": 51.97165335843438, "power_cost": 14.304819104003906, "noise_cost": 22.050258223901093, "n_waypoints_completed": 9, "tot_waypoints": 9}}
{"target": -181.91065738414858, "params": {"k_pid_pos": [0.5254157701413067, 0.0, 0.0], "k_pid_alt": [1.6298833910107067, 0.0, 0.1019452539738146], "k_pid_att": [25.55207799978905, 2.129188717553783, 0.2294839773989485], "k_pid_yaw": [0.5, 1e-06, 0.1], "k_pid_hsp": [0.09058161921502984, 0.0, 0.0], "k_pid_vsp": [128.1355548221105, 127.85789555289321, 1.0835254967747707]}, "datetime": {"datetime": "2025-08-12 05:07:27", "elapsed": 45726.53194141388, "delta": 19.04921245574951}, "costs": {"total_cost": 181.91065738414858, "time_cost": 72.933, "final_distance_cost": 1.8169833947170584, "oscillation_cost": 19.11789937760154, "completition_cost": 0.0, "overshoot_cost": 51.87257856316285, "power_cost": 14.245197668457031, "noise_cost": 21.924998380210113, "n_waypoints_completed": 9, "tot_waypoints": 9}}
{"target": -182.30486487484563, "params": {"k_pid_pos": [0.5257444924708001, 0.0, 0.0], "k_pid_alt": [1.6288943396632531, 0.0, 0.20569203881054274], "k_pid_att": [25.550611097179896, 2.161048035786287, 0.25385880439944675], "k_pid_yaw": [0.5, 1e-06, 0.1], "k_pid_hsp": [0.09176688203123665, 0.0, 0.0], "k_pid_vsp": [127.87635423806086, 126.09217638090732, 0.963255916315254]}, "datetime": {"datetime": "2025-08-12 05:07:45", "elapsed": 45745.17695188522, "delta": 18.645010471343994}, "costs": {"total_cost": 182.30486487484563, "time_cost": 73.01, "final_distance_cost": 1.813628644974899, "oscillation_cost": 19.245264085903084, "completition_cost": 0.0, "overshoot_cost": 51.98205523883823, "power_cost": 14.236273547363282, "noise_cost": 22.017643357766122, "n_waypoints_completed": 9, "tot_waypoints": 9}}
{"target": -182.6028843952334, "params": {"k_pid_pos": [0.5267154143532491, 0.0, 0.0], "k_pid_alt": [1.6284422905951257, 0.0, 0.10964683874960086], "k_pid_att": [25.536212173382722, 2.1597566441476626, 0.23523896262662083], "k_pid_yaw": [0.5, 1e-06, 0.1], "k_pid_hsp": [0.09007759924860312, 0.0, 0.0], "k_pid_vsp": [128.6359804710237, 143.39953923869922, 0.684738769811333]}, "datetime": {"datetime": "2025-08-12 05:08:05", "elapsed": 45764.89413666725, "delta": 19.7171847820282}, "costs": {"total_cost": 182.6028843952334, "time_cost": 72.919, "final_distance_cost": 1.8368023110772285, "oscillation_cost": 19.21851124658998, "completition_cost": 0.0, "overshoot_cost": 52.39551493919814, "power_cost": 14.299943481445313, "noise_cost": 21.93311241692272, "n_waypoints_completed": 9, "tot_waypoints": 9}}
{"target": -182.05259843176043, "params": {"k_pid_pos": [0.5708777822185633, 0.0, 0.0], "k_pid_alt": [1.6292122995734235, 0.0, 0.12781797116379592], "k_pid_att": [25.498814354368996, 2.1388278420691234, 0.2781587844267088], "k_pid_yaw": [0.5, 1e-06, 0.1], "k_pid_hsp": [0.09654680302509813, 0.0, 0.0], "k_pid_vsp": [139.2758800005513, 129.87014796566945, 0.7310488320306499]}, "datetime": {"datetime": "2025-08-12 05:08:24", "elapsed": 45783.575382471085, "delta": 18.681245803833008}, "costs": {"total_cost": 182.05259843176043, "time_cost": 72.156, "final_distance_cost": 1.8325379587131143, "oscillation_cost": 20.678804595170398, "completition_cost": 0.0, "overshoot_cost": 51.558555065378876, "power_cost": 14.137855505371094, "noise_cost": 21.688845307126947, "n_waypoints_completed": 9, "tot_waypoints": 9}}
{"target": -181.8191653994393, "params": {"k_pid_pos": [0.5253901599185441, 0.0, 0.0], "k_pid_alt": [1.618539778559006, 0.0, 0.12741727599672112], "k_pid_att": [25.996781244666398, 2.129618977246225, 0.25404402568384876], "k_pid_yaw": [0.5, 1e-06, 0.1], "k_pid_hsp": [0.0907444590944714, 0.0, 0.0], "k_pid_vsp": [128.93289074184685, 125.70421683333299, 1.0691116219466026]}, "datetime": {"datetime": "2025-08-12 05:08:43", "elapsed": 45802.88242292404, "delta": 19.307040452957153}, "costs": {"total_cost": 181.8191653994393, "time_cost": 72.961, "final_distance_cost": 1.8167837288265658, "oscillation_cost": 19.142764219816947, "completition_cost": 0.0, "overshoot_cost": 51.78926013822596, "power_cost": 14.200630859375, "noise_cost": 21.908726453194845, "n_waypoints_completed": 9, "tot_waypoints": 9}}
{"target": -181.80577405228138, "params": {"k_pid_pos": [0.5248217760382055, 0.0, 0.0], "k_pid_alt": [1.6201033602531696, 0.0, 0.11543080550570095], "k_pid_att": [26.110787880381114, 2.1101535943302463, 0.26844303256579216], "k_pid_yaw": [0.5, 1e-06, 0.1], "k_pid_hsp": [0.09077319656485448, 0.0, 0.0], "k_pid_vsp": [123.59250864073913, 119.56877473347384, 1.332179751481989]}, "datetime": {"datetime": "2025-08-12 05:09:01", "elapsed": 45821.205714702606, "delta": 18.323291778564453}, "costs": {"total_cost": 181.80577405228138, "time_cost": 72.95400000000001, "final_distance_cost": 1.8164913147906794, "oscillation_cost": 19.122919093115552, "completition_cost": 0.0, "overshoot_cost": 51.79796759659214, "power_cost": 14.19842430419922, "noise_cost": 21.91597174358378, "n_waypoints_completed": 9, "tot_waypoints": 9}}
{"target": -181.83479910659418, "params": {"k_pid_pos": [0.5267806836532308, 0.0, 0.0], "k_pid_alt": [1.6322279199291434, 0.0, 0.1296348656914821], "k_pid_att": [26.18604936565845, 2.1316849417589556, 0.27775491154916226], "k_pid_yaw": [0.5, 1e-06, 0.1], "k_pid_hsp": [0.09018558302975484, 0.0, 0.0], "k_pid_vsp": [130.00267196153445, 123.29570099914044, 0.8386585081878479]}, "datetime": {"datetime": "2025-08-12 05:09:21", "elapsed": 45841.28204512596, "delta": 20.076330423355103}, "costs": {"total_cost": 181.83479910659418, "time_cost": 72.961, "final_distance_cost": 1.8148317774636378, "oscillation_cost": 19.1213191161319, "completition_cost": 0.0, "overshoot_cost": 51.82191277166835, "power_cost": 14.20924041748047, "noise_cost": 21.906495023849843, "n_waypoints_completed": 9, "tot_waypoints": 9}}
{"target": -182.1843176437371, "params": {"k_pid_pos": [0.5698524454792656, 0.0, 0.0], "k_pid_alt": [1.620375582117771, 0.0, 0.10712444760276421], "k_pid_att": [26.134470766619405, 2.5170267913320434, 0.275649294283974], "k_pid_yaw": [0.5, 1e-06, 0.1], "k_pid_hsp": [0.09173364357796086, 0.0, 0.0], "k_pid_vsp": [129.00153977064133, 128.51195352918765, 1.151261821460078]}, "datetime": {"datetime": "2025-08-12 05:09:39", "elapsed": 45859.34996843338, "delta": 18.067923307418823}, "costs": {"total_cost": 182.1843176437371, "time_cost": 72.324, "final_distance_cost": 1.8343527160238549, "oscillation_cost": 20.290369524037146, "completition_cost": 0.0, "overshoot_cost": 51.743386007959096, "power_cost": 14.21266561279297, "noise_cost": 21.77954378292403, "n_waypoints_completed": 9, "tot_waypoints": 9}}
{"target": -182.62039413661012, "params": {"k_pid_pos": [0.5522388435752897, 0.0, 0.0], "k_pid_alt": [1.6702790191899652, 0.0, 0.1404520173195758], "k_pid_att": [25.940681050109134, 2.1092767051758865, 0.23559821941029016], "k_pid_yaw": [0.5, 1e-06, 0.1], "k_pid_hsp": [0.09583816723822541, 0.0, 0.0], "k_pid_vsp": [147.30103237951852, 126.9190338098155, 0.9407922557700146]}, "datetime": {"datetime": "2025-08-12 05:09:59", "elapsed": 45878.99932670593, "delta": 19.64935827255249}, "costs": {"total_cost": 182.62039413661012, "time_cost": 72.401, "final_distance_cost": 1.8239370796691095, "oscillation_cost": 20.37899841347323, "completition_cost": 0.0, "overshoot_cost": 52.064915990422946, "power_cost": 14.190040148925782, "noise_cost": 21.761502504119047, "n_waypoints_completed": 9, "tot_waypoints": 9}}
{"target": -182.52423754626227, "params": {"k_pid_pos": [0.5319639588308532, 0.0, 0.0], "k_pid_alt": [1.635609379896146, 0.0, 0.12896295943037286], "k_pid_att": [26.608017718469448, 2.1377251001570516, 0.2120388248031028], "k_pid_yaw": [0.5, 1e-06, 0.1], "k_pid_hsp": [0.09135887315724465, 0.0, 0.0], "k_pid_vsp": [127.74307318993785, 121.35558120411733, 2.711894127759461]}, "datetime": {"datetime": "2025-08-12 05:10:17", "elapsed": 45897.32201194763, "delta": 18.32268524169922}, "costs": {"total_cost": 182.52423754626227, "time_cost": 72.83500000000001, "final_distance_cost": 1.8169114639650052, "oscillation_cost": 19.545352184626992, "completition_cost": 0.0, "overshoot_cost": 52.108036294846805, "power_cost": 14.23423143310547, "noise_cost": 21.984706169718017, "n_waypoints_completed": 9, "tot_waypoints": 9}}
{"target": -182.50850928802979, "params": {"k_pid_pos": [0.5310598955979968, 0.0, 0.0], "k_pid_alt": [1.627075044845543, 0.0, 0.04349536430954319], "k_pid_att": [24.814185412085177, 1.9536190417403032, 0.24735377982683135], "k_pid_yaw": [0.5, 1e-06, 0.1], "k_pid_hsp": [0.08981329353567219, 0.0, 0.0], "k_pid_vsp": [128.92180303567073, 124.53607095191336, 1.2683115867413484]}, "datetime": {"datetime": "2025-08-12 05:10:37", "elapsed": 45916.86535525322, "delta": 19.54334330558777}, "costs": {"total_cost": 182.50850928802979, "time_cost": 72.83500000000001, "final_distance_cost": 1.817136524305611, "oscillation_cost": 19.48607939961629, "completition_cost": 0.0, "overshoot_cost": 52.19083212496073, "power_cost": 14.206469567871094, "noise_cost": 21.972991671276056, "n_waypoints_completed": 9, "tot_waypoints": 9}}
{"target": -182.24523011904253, "params": {"k_pid_pos": [0.5269326650467586, 0.0, 0.0], "k_pid_alt": [1.6412423477817248, 0.0, 0.12461708110238856], "k_pid_att": [25.527576415750463, 2.128916090471881, 0.2469807979336879], "k_pid_yaw": [0.5, 1e-06, 0.1], "k_pid_hsp": [0.09048564736883155, 0.0, 0.0], "k_pid_vsp": [128.37990573770168, 127.15742280935302, 1.1618248189195028]}, "datetime": {"datetime": "2025-08-12 05:10:56", "elapsed": 45935.864975214005, "delta": 18.999619960784912}, "costs": {"total_cost": 182.24523011904253, "time_cost": 72.926, "final_distance_cost": 1.833722134589224, "oscillation_cost": 19.154702874542878, "completition_cost": 0.0, "overshoot_cost": 52.12787556918469, "power_cost": 14.288738293457032, "noise_cost": 21.914191247268697, "n_waypoints_completed": 9, "tot_waypoints": 9}}
{"target": -182.19253503103414, "params": {"k_pid_pos": [0.5257623107308852, 0.0, 0.0], "k_pid_alt": [1.5966261700159268, 0.0, 0.12642026591727976], "k_pid_att": [25.666589662536037, 2.1225331669646903, 0.23730736432882252], "k_pid_yaw": [0.5, 1e-06, 0.1], "k_pid_hsp": [0.09136257255232746, 0.0, 0.0], "k_pid_vsp": [127.9885020034264, 129.0316466885588, 0.9957130674639145]}, "datetime": {"datetime": "2025-08-12 05:11:16", "elapsed": 45955.734130859375, "delta": 19.869155645370483}, "costs": {"total_cost": 182.19253503103414, "time_cost": 72.933, "final_distance_cost": 1.82403672421245, "oscillation_cost": 19.34285995226318, "completition_cost": 0.0, "overshoot_cost": 51.999745892146294, "power_cost": 14.190645593261719, "noise_cost": 21.90224686915049, "n_waypoints_completed": 9, "tot_waypoints": 9}}
{"target": -181.77218239208392, "params": {"k_pid_pos": [0.526339904810186, 0.0, 0.0], "k_pid_alt": [1.6166357758380845, 0.0, 0.12594313589411066], "k_pid_att": [25.482915157779626, 2.1307412114585165, 0.24598835049221976], "k_pid_yaw": [0.5, 1e-06, 0.1], "k_pid_hsp": [0.09090888110563136, 0.0, 0.0], "k_pid_vsp": [128.59876603975573, 125.38526701461505, 1.059372166047947]}, "datetime": {"datetime": "2025-08-12 05:11:34", "elapsed": 45974.302708387375, "delta": 18.568577527999878}, "costs": {"total_cost": 181.77218239208392, "time_cost": 72.933, "final_distance_cost": 1.8325535664490684, "oscillation_cost": 19.216426723291868, "completition_cost": 0.0, "overshoot_cost": 51.67835645637688, "power_cost": 14.19286287841797, "noise_cost": 21.91898276754814, "n_waypoints_completed": 9, "tot_waypoints": 9}}
{"target": -182.35361582112265, "params": {"k_pid_pos": [0.531690179513769, 0.0, 0.0], "k_pid_alt": [1.6276478942058703, 0.0, 0.12623842607216182], "k_pid_att": [22.665035586675206, 2.1287017977545926, 0.27544732675978834], "k_pid_yaw": [0.5, 1e-06, 0.1], "k_pid_hsp": [0.08900818069023621, 0.0, 0.0], "k_pid_vsp": [129.67725888577544, 125.87461578787482, 1.0445913246281897]}, "datetime": {"datetime": "2025-08-12 05:11:54", "elapsed": 45994.22213792801, "delta": 19.919429540634155}, "costs": {"total_cost": 182.35361582112265, "time_cost": 72.94, "final_distance_cost": 1.833320320796961, "oscillation_cost": 19.25986972549265, "completition_cost": 0.0, "overshoot_cost": 52.14053915836311, "power_cost": 14.269558703613281, "noise_cost": 21.91032791285665, "n_waypoints_completed": 9, "tot_waypoints": 9}}
{"target": -182.55952669808394, "params": {"k_pid_pos": [0.5536601921312683, 0.0, 0.0], "k_pid_alt": [1.6270946405855253, 0.0, 0.11622003993917569], "k_pid_att": [25.54899061993561, 2.2579275511271364, 0.21784981477899998], "k_pid_yaw": [0.5, 1e-06, 0.1], "k_pid_hsp": [0.09799264344507376, 0.0, 0.0], "k_pid_vsp": [128.0801425203317, 124.72190494297817, 1.100654613941957]}, "datetime": {"datetime": "2025-08-12 05:12:13", "elapsed": 46012.67047858238, "delta": 18.44834065437317}, "costs": {"total_cost": 182.55952669808394, "time_cost": 72.324, "final_distance_cost": 1.836646322209102, "oscillation_cost": 20.442433978645987, "completition_cost": 0.0, "overshoot_cost": 51.89598421997964, "power_cost": 14.24041865234375, "noise_cost": 21.82004352490547, "n_waypoints_completed": 9, "tot_waypoints": 9}}
{"target": -182.70515543596022, "params": {"k_pid_pos": [0.5352065028539983, 0.0, 0.0], "k_pid_alt": [1.6237784612696113, 0.0, 0.12237442429836874], "k_pid_att": [25.348573268803648, 2.268148510155439, 0.27170260701946247], "k_pid_yaw": [0.5, 1e-06, 0.1], "k_pid_hsp": [0.0949189681931044, 0.0, 0.0], "k_pid_vsp": [128.07430128051845, 137.194451886521, 0.9675047046819942]}, "datetime": {"datetime": "2025-08-12 05:12:32", "elapsed": 46032.265041828156, "delta": 19.594563245773315}, "costs": {"total_cost": 182.70515543596022, "time_cost": 72.674, "final_distance_cost": 1.815135989377583, "oscillation_cost": 20.135270836036774, "completition_cost": 0.0, "overshoot_cost": 51.92947003050997, "power_cost": 14.2440228515625, "noise_cost": 21.907255728473388, "n_waypoints_completed": 9, "tot_waypoints": 9}}
{"target": -183.47791754837831, "params": {"k_pid_pos": [0.5523908283498705, 0.0, 0.0], "k_pid_alt": [1.6297662709229541, 0.0, 0.11264926233629435], "k_pid_att": [30.34704082836926, 2.0639775898718957, 0.2667144879782107], "k_pid_yaw": [0.5, 1e-06, 0.1], "k_pid_hsp": [0.07854789326255221, 0.0, 0.0], "k_pid_vsp": [128.2719867015929, 105.81234661965323, 1.1072745115805644]}, "datetime": {"datetime": "2025-08-12 05:12:51", "elapsed": 46050.80876946449, "delta": 18.54372763633728}, "costs": {"total_cost": 183.47791754837831, "time_cost": 73.423, "final_distance_cost": 1.7967024266572502, "oscillation_cost": 18.71084600224053, "completition_cost": 0.0, "overshoot_cost": 53.063714660171165, "power_cost": 14.367626367187501, "noise_cost": 22.116028092121866, "n_waypoints_completed": 9, "tot_waypoints": 9}}
{"target": -182.35435167034234, "params": {"k_pid_pos": [0.5076173926364825, 2.662288543851041e-05, 0.0], "k_pid_alt": [1.6309642665140753, 0.0, 0.10554707125434688], "k_pid_att": [25.656276985714303, 2.142932438247392, 0.27823690966199394], "k_pid_yaw": [0.5, 1e-06, 0.1], "k_pid_hsp": [0.09424111013870712, 0.0, 0.0], "k_pid_vsp": [127.83338517187194, 152.85525169149184, 1.1179014248286399]}, "datetime": {"datetime": "2025-08-12 05:13:13", "elapsed": 46072.547085523605, "delta": 21.73831605911255}, "costs": {"total_cost": 182.35435167034234, "time_cost": 73.115, "final_distance_cost": 1.8245255759960493, "oscillation_cost": 19.342984143833377, "completition_cost": 0.0, "overshoot_cost": 51.850454663034164, "power_cost": 14.241965930175782, "noise_cost": 21.979421357302986, "n_waypoints_completed": 9, "tot_waypoints": 9}}
{"target": -181.93548489721456, "params": {"k_pid_pos": [0.5251432436017213, 0.0, 0.0], "k_pid_alt": [1.6327829187034115, 0.0, 0.12591466238794613], "k_pid_att": [21.706446962038086, 2.1379699995428205, 0.23365777029865872], "k_pid_yaw": [0.5, 1e-06, 0.1], "k_pid_hsp": [0.09058864714745535, 0.0, 0.0], "k_pid_vsp": [128.71042137154097, 127.62126142930428, 1.0961355122609548]}, "datetime": {"datetime": "2025-08-12 05:13:31", "elapsed": 46090.78372144699, "delta": 18.23663592338562}, "costs": {"total_cost": 181.93548489721456, "time_cost": 72.95400000000001, "final_distance_cost": 1.8209797912714847, "oscillation_cost": 19.22773373599623, "completition_cost": 0.0, "overshoot_cost": 51.784567241916214, "power_cost": 14.220814379882814, "noise_cost": 21.927389748147796, "n_waypoints_completed": 9, "tot_waypoints": 9}}
{"target": -182.09057738896144, "params": {"k_pid_pos": [0.5255800220326358, 0.0, 0.0], "k_pid_alt": [1.6180720426292827, 0.0, 0.10952904645714776], "k_pid_att": [25.743136864454325, 2.211257613379043, 0.2805444458471454], "k_pid_yaw": [0.5, 1e-06, 0.1], "k_pid_hsp": [0.09167001554162663, 0.0, 0.0], "k_pid_vsp": [133.4851103290201, 87.41431804428083, 1.0875590714204895]}, "datetime": {"datetime": "2025-08-12 05:13:51", "elapsed": 46110.61727523804, "delta": 19.833553791046143}, "costs": {"total_cost": 182.09057738896144, "time_cost": 72.94, "final_distance_cost": 1.8243159875352457, "oscillation_cost": 19.164299796898188, "completition_cost": 0.0, "overshoot_cost": 51.995320291161, "power_cost": 14.206385583496095, "noise_cost": 21.960255729870898, "n_waypoints_completed": 9, "tot_waypoints": 9}}
{"target": -182.41248443131525, "params": {"k_pid_pos": [0.5258281541565851, 0.0, 0.0], "k_pid_alt": [1.6136772318213672, 0.0, 0.1207989647369668], "k_pid_att": [25.62860913779116, 2.129353947151206, 0.21844302328663145], "k_pid_yaw": [0.5, 1e-06, 0.1], "k_pid_hsp": [0.0911805478794605, 0.0, 0.0], "k_pid_vsp": [127.25106609794994, 127.6991446315694, 1.0802192583554484]}, "datetime": {"datetime": "2025-08-12 05:14:09", "elapsed": 46129.3251516819, "delta": 18.707876443862915}, "costs": {"total_cost": 182.41248443131525, "time_cost": 72.912, "final_distance_cost": 1.8310446933093638, "oscillation_cost": 19.441387151681383, "completition_cost": 0.0, "overshoot_cost": 52.145525070713774, "power_cost": 14.184269482421875, "noise_cost": 21.89825803318881, "n_waypoints_completed": 9, "tot_waypoints": 9}}
{"target": -182.62894145909587, "params": {"k_pid_pos": [0.5268515536567797, 0.0, 0.0], "k_pid_alt": [1.6293621043018305, 0.0, 0.12221965902505491], "k_pid_att": [18.54591770069377, 2.121974691389039, 0.2553565721483315], "k_pid_yaw": [0.5, 1e-06, 0.1], "k_pid_hsp": [0.09109204284332818, 0.0, 0.0], "k_pid_vsp": [131.39283325211113, 129.30322536226467, 1.0430340500574933]}, "datetime": {"datetime": "2025-08-12 05:14:29", "elapsed": 46148.67832994461, "delta": 19.35317826271057}, "costs": {"total_cost": 182.62894145909587, "time_cost": 72.905, "final_distance_cost": 1.8367478965680315, "oscillation_cost": 19.304943849054276, "completition_cost": 0.0, "overshoot_cost": 52.43787680511104, "power_cost": 14.236840625000001, "noise_cost": 21.90753228336251, "n_waypoints_completed": 9, "tot_waypoints": 9}}
{"target": -181.85616777724036, "params": {"k_pid_pos": [0.5270448305756245, 0.0, 0.0], "k_pid_alt": [1.624501828913784, 0.0, 0.146719180585586], "k_pid_att": [24.475934818239505, 2.1113318454261094, 0.23054577853854363], "k_pid_yaw": [0.5, 1e-06, 0.1], "k_pid_hsp": [0.09068254221825896, 0.0, 0.0], "k_pid_vsp": [131.6604669384698, 127.59050271293859, 0.9088828854736583]}, "datetime": {"datetime": "2025-08-12 05:14:48", "elapsed": 46167.711804151535, "delta": 19.03347420692444}, "costs": {"total_cost": 181.85616777724036, "time_cost": 72.95400000000001, "final_distance_cost": 1.8243978144679822, "oscillation_cost": 19.21591793504106, "completition_cost": 0.0, "overshoot_cost": 51.767336882091314, "power_cost": 14.193785607910156, "noise_cost": 21.900729537729834, "n_waypoints_completed": 9, "tot_waypoints": 9}}
