{"target": -182.04575881474184, "params": {"k_pid_pos": [0.5269530019591636, 0.0, 0.0], "k_pid_alt": [1.647203610759342, 0.0, 0.09587695052977936], "k_pid_att": [30.232452827865085, 2.204527704653215, 0.2343631706807686], "k_pid_yaw": [0.5, 1e-06, 0.1], "k_pid_hsp": [0.09384172508550208, 0.0, 0.0], "k_pid_vsp": [130.85334281920726, 128.32993267162803, 0.40026307596308897]}, "datetime": {"datetime": "2025-08-12 05:15:06", "elapsed": 46186.195769786835, "delta": 18.483965635299683}, "costs": {"total_cost": 182.04575881474184, "time_cost": 72.786, "final_distance_cost": 1.820475133023291, "oscillation_cost": 19.422332172126975, "completition_cost": 0.0, "overshoot_cost": 51.93059550019309, "power_cost": 14.229156298828126, "noise_cost": 21.857199710570363, "n_waypoints_completed": 9, "tot_waypoints": 9}}
{"target": -182.42253331121725, "params": {"k_pid_pos": [0.5211569382632312, 0.0, 0.0], "k_pid_alt": [1.6196853590421418, 0.0, 0.1939953315244764], "k_pid_att": [26.191842273341145, 2.027715491631729, 0.2407050311209499], "k_pid_yaw": [0.5, 1e-06, 0.1], "k_pid_hsp": [0.08920345247358513, 0.0, 0.0], "k_pid_vsp": [127.87994824278677, 183.59484784885603, 2.2669066729056824]}, "datetime": {"datetime": "2025-08-12 05:15:26", "elapsed": 46205.56634402275, "delta": 19.370574235916138}, "costs": {"total_cost": 182.42253331121725, "time_cost": 73.171, "final_distance_cost": 1.8217638243275536, "oscillation_cost": 19.245717045426467, "completition_cost": 0.0, "overshoot_cost": 51.84766094077469, "power_cost": 14.284907177734375, "noise_cost": 22.051484322954153, "n_waypoints_completed": 9, "tot_waypoints": 9}}
{"target": -182.54767884280668, "params": {"k_pid_pos": [0.5746833570421468, 0.007313572729950547, 0.0006469765190692247], "k_pid_alt": [1.6591377924664559, 0.0, 0.15676341974266442], "k_pid_att": [25.414906349367012, 2.2058751846585896, 0.09797398993693071], "k_pid_yaw": [0.5, 1e-06, 0.1], "k_pid_hsp": [0.09024283160877383, 0.00040774726647650197, 0.0], "k_pid_vsp": [129.33458150831004, 128.08786307232228, 1.342608956761089]}, "datetime": {"datetime": "2025-08-12 05:15:44", "elapsed": 46224.08667469025, "delta": 18.520330667495728}, "costs": {"total_cost": 182.54767884280668, "time_cost": 72.394, "final_distance_cost": 1.8239263407817194, "oscillation_cost": 20.4061883012985, "completition_cost": 0.0, "overshoot_cost": 52.007906384562574, "power_cost": 14.15826328125, "noise_cost": 21.757394534913864, "n_waypoints_completed": 9, "tot_waypoints": 9}}
{"target": -182.20711983391178, "params": {"k_pid_pos": [0.5193205239941786, 0.0, 0.0], "k_pid_alt": [1.63478025772548, 0.0, 0.11945038262244148], "k_pid_att": [21.20693153049159, 2.089258821920889, 0.3059227225856077], "k_pid_yaw": [0.5, 1e-06, 0.1], "k_pid_hsp": [0.0913582898829717, 0.0, 0.0], "k_pid_vsp": [128.561412854535, 128.4233370520342, 1.0351945853632982]}, "datetime": {"datetime": "2025-08-12 05:16:03", "elapsed": 46243.17150640488, "delta": 19.084831714630127}, "costs": {"total_cost": 182.20711983391178, "time_cost": 73.017, "final_distance_cost": 1.8297840766140883, "oscillation_cost": 19.16731394123726, "completition_cost": 0.0, "overshoot_cost": 51.975982223356844, "power_cost": 14.188487121582032, "noise_cost": 22.028552471121543, "n_waypoints_completed": 9, "tot_waypoints": 9}}
{"target": -182.50400461954962, "params": {"k_pid_pos": [0.5315830632649264, 0.0, 0.0], "k_pid_alt": [1.6308647019560554, 0.0, 0.12250863728265443], "k_pid_att": [25.458714722577433, 2.129006286682619, 0.24357816851840514], "k_pid_yaw": [0.5, 1e-06, 0.1], "k_pid_hsp": [0.09212877310096154, 0.0, 0.0], "k_pid_vsp": [128.44144687521677, 125.08939563995716, 1.0614622749838414]}, "datetime": {"datetime": "2025-08-12 05:16:22", "elapsed": 46261.7359995842, "delta": 18.56449317932129}, "costs": {"total_cost": 182.50400461954962, "time_cost": 72.8, "final_distance_cost": 1.828664192554373, "oscillation_cost": 19.52914958776399, "completition_cost": 0.0, "overshoot_cost": 52.08047644569526, "power_cost": 14.245146057128906, "noise_cost": 22.020568336407106, "n_waypoints_completed": 9, "tot_waypoints": 9}}
{"target": -182.16954057461513, "params": {"k_pid_pos": [0.5249122351623369, 0.0, 0.0], "k_pid_alt": [1.610731149868553, 0.0, 0.12565584630167317], "k_pid_att": [23.408905829085214, 2.107197189317935, 0.25384540941880374], "k_pid_yaw": [0.5, 1e-06, 0.1], "k_pid_hsp": [0.09160388320071101, 0.0, 0.0], "k_pid_vsp": [126.55205232601605, 160.7042213691583, 1.2845891970624395]}, "datetime": {"datetime": "2025-08-12 05:16:42", "elapsed": 46281.70924258232, "delta": 19.97324299812317}, "costs": {"total_cost": 182.16954057461513, "time_cost": 72.94, "final_distance_cost": 1.8354565395202065, "oscillation_cost": 19.362695390589565, "completition_cost": 0.0, "overshoot_cost": 51.856717957592025, "power_cost": 14.267347021484376, "noise_cost": 21.907323665428986, "n_waypoints_completed": 9, "tot_waypoints": 9}}
{"target": -182.0913599610767, "params": {"k_pid_pos": [0.5248684594888008, 0.0, 0.0], "k_pid_alt": [1.623012574922749, 0.0, 0.10665679079256009], "k_pid_att": [25.746848660612354, 2.1328646083968077, 0.2667644597992044], "k_pid_yaw": [0.5, 1e-06, 0.1], "k_pid_hsp": [0.0908238156966569, 0.0, 0.0], "k_pid_vsp": [128.28551653761912, 128.10808765016407, 1.108263104750099]}, "datetime": {"datetime": "2025-08-12 05:17:00", "elapsed": 46299.58640933037, "delta": 17.877166748046875}, "costs": {"total_cost": 182.0913599610767, "time_cost": 72.926, "final_distance_cost": 1.8280779942135255, "oscillation_cost": 19.162487335162194, "completition_cost": 0.0, "overshoot_cost": 52.03821523619916, "power_cost": 14.199706616210937, "noise_cost": 21.936872779290905, "n_waypoints_completed": 9, "tot_waypoints": 9}}
{"target": -182.4073944255987, "params": {"k_pid_pos": [0.5255977474015183, 0.0, 0.0], "k_pid_alt": [1.6272571843117523, 0.0, 0.2209193531055863], "k_pid_att": [25.582631785274124, 2.1117050072091175, 0.26979655246903056], "k_pid_yaw": [0.5, 1e-06, 0.1], "k_pid_hsp": [0.09163846285458649, 0.0, 0.0], "k_pid_vsp": [127.82275215408609, 126.7465442638641, 1.2833873362012012]}, "datetime": {"datetime": "2025-08-12 05:17:20", "elapsed": 46320.07140612602, "delta": 20.484996795654297}, "costs": {"total_cost": 182.4073944255987, "time_cost": 73.045, "final_distance_cost": 1.8284963714146965, "oscillation_cost": 19.269213919447427, "completition_cost": 0.0, "overshoot_cost": 51.99438800013214, "power_cost": 14.261268432617188, "noise_cost": 22.009027701987254, "n_waypoints_completed": 9, "tot_waypoints": 9}}
{"target": -182.29087040593728, "params": {"k_pid_pos": [0.5263133286845952, 0.0, 0.0], "k_pid_alt": [1.628665230158705, 0.0, 0.11876997926421819], "k_pid_att": [25.53641561002083, 2.117050950972665, 0.2801454687157414], "k_pid_yaw": [0.5, 1e-06, 0.1], "k_pid_hsp": [0.09074462403079939, 0.0, 0.0], "k_pid_vsp": [128.56614191822732, 138.8237167026171, 0.9699404455062913]}, "datetime": {"datetime": "2025-08-12 05:17:39", "elapsed": 46338.47908735275, "delta": 18.407681226730347}, "costs": {"total_cost": 182.29087040593728, "time_cost": 72.933, "final_distance_cost": 1.827703526174012, "oscillation_cost": 19.219283018371364, "completition_cost": 0.0, "overshoot_cost": 52.10039331523355, "power_cost": 14.296186499023438, "noise_cost": 21.914304047134927, "n_waypoints_completed": 9, "tot_waypoints": 9}}
{"target": -182.64658447055385, "params": {"k_pid_pos": [0.563739929550978, 0.0, 0.0], "k_pid_alt": [1.6268927966218978, 0.0, 0.12025575516203867], "k_pid_att": [25.37175621879011, 2.1295649121499935, 0.2299086024859516], "k_pid_yaw": [0.5, 1e-06, 0.1], "k_pid_hsp": [0.09045742109682564, 0.0, 0.0], "k_pid_vsp": [129.35354815962697, 127.64208210891988, 0.8094051683427179]}, "datetime": {"datetime": "2025-08-12 05:17:58", "elapsed": 46358.22165083885, "delta": 19.742563486099243}, "costs": {"total_cost": 182.64658447055385, "time_cost": 72.45, "final_distance_cost": 1.8177735802746966, "oscillation_cost": 20.31529964318891, "completition_cost": 0.0, "overshoot_cost": 52.01436355669015, "power_cost": 14.20080732421875, "noise_cost": 21.848340366181336, "n_waypoints_completed": 9, "tot_waypoints": 9}}
{"target": -181.77899627388453, "params": {"k_pid_pos": [0.5253016215317375, 0.0, 0.0], "k_pid_alt": [1.6261055263819855, 0.0, 0.12412262545578365], "k_pid_att": [26.436906903567433, 2.1268120303536615, 0.25423790432731974], "k_pid_yaw": [0.5, 1e-06, 0.1], "k_pid_hsp": [0.09054747924944759, 0.0, 0.0], "k_pid_vsp": [127.3206473215051, 125.68428105595676, 1.0644342530583624]}, "datetime": {"datetime": "2025-08-12 05:18:17", "elapsed": 46377.26437282562, "delta": 19.04272198677063}, "costs": {"total_cost": 181.77899627388453, "time_cost": 72.95400000000001, "final_distance_cost": 1.8111970575953573, "oscillation_cost": 19.1360498714382, "completition_cost": 0.0, "overshoot_cost": 51.77029664488233, "power_cost": 14.193841381835938, "noise_cost": 21.913611318132684, "n_waypoints_completed": 9, "tot_waypoints": 9}}
{"target": -181.8639834619486, "params": {"k_pid_pos": [0.5247418799125739, 0.0, 0.0], "k_pid_alt": [1.6331730085829481, 0.0, 0.11269642082041965], "k_pid_att": [25.40196924968793, 2.1582342677818587, 0.22580080680775963], "k_pid_yaw": [0.5, 1e-06, 0.1], "k_pid_hsp": [0.09074381361826411, 0.0, 0.0], "k_pid_vsp": [117.37971155361944, 122.01151215668577, 1.3847890127465359]}, "datetime": {"datetime": "2025-08-12 05:18:37", "elapsed": 46396.99538445473, "delta": 19.731011629104614}, "costs": {"total_cost": 181.8639834619486, "time_cost": 72.94, "final_distance_cost": 1.8267251594822556, "oscillation_cost": 19.199753367178605, "completition_cost": 0.0, "overshoot_cost": 51.75818910954779, "power_cost": 14.215969201660156, "noise_cost": 21.923346624079805, "n_waypoints_completed": 9, "tot_waypoints": 9}}
{"target": -182.30688807066835, "params": {"k_pid_pos": [0.5266612521418691, 0.0, 0.0], "k_pid_alt": [1.6428899820639944, 0.0, 0.12222155990117807], "k_pid_att": [25.763495811862786, 2.1227418638147104, 0.27953933656193136], "k_pid_yaw": [0.5, 1e-06, 0.1], "k_pid_hsp": [0.0908238901408734, 0.0, 0.0], "k_pid_vsp": [126.77998021482782, 125.08163802330104, 1.3322695212257614]}, "datetime": {"datetime": "2025-08-12 05:18:56", "elapsed": 46415.393016815186, "delta": 18.397632360458374}, "costs": {"total_cost": 182.30688807066835, "time_cost": 72.919, "final_distance_cost": 1.8377605083871111, "oscillation_cost": 19.190142609323996, "completition_cost": 0.0, "overshoot_cost": 52.21742797312912, "power_cost": 14.226396398925782, "noise_cost": 21.91616058090236, "n_waypoints_completed": 9, "tot_waypoints": 9}}
{"target": -182.34259937118986, "params": {"k_pid_pos": [0.5009701385678557, 0.0, 0.0], "k_pid_alt": [1.6468720429930188, 0.0, 0.10122802187787568], "k_pid_att": [25.986808210138708, 2.462480387945829, 0.2706098785355718], "k_pid_yaw": [0.5, 1e-06, 0.1], "k_pid_hsp": [0.09126345543003624, 0.0, 0.0], "k_pid_vsp": [130.01585533631666, 117.36275754528903, 1.1553555754392277]}, "datetime": {"datetime": "2025-08-12 05:19:16", "elapsed": 46436.00457930565, "delta": 20.611562490463257}, "costs": {"total_cost": 182.34259937118986, "time_cost": 73.297, "final_distance_cost": 1.8241837744273797, "oscillation_cost": 18.885246462745027, "completition_cost": 0.0, "overshoot_cost": 52.06231883318593, "power_cost": 14.206381628417969, "noise_cost": 22.067468672413547, "n_waypoints_completed": 9, "tot_waypoints": 9}}
{"target": -182.4931417931365, "params": {"k_pid_pos": [0.5817028770991, 0.0, 0.0], "k_pid_alt": [1.6738521560401558, 0.0, 0.11815805874708597], "k_pid_att": [25.396674498333045, 2.1039905398389913, 0.23495077009406043], "k_pid_yaw": [0.5, 1e-06, 0.1], "k_pid_hsp": [0.0940372889976496, 0.0, 0.0], "k_pid_vsp": [159.36316988145302, 126.8802008732385, 0.7215142403899726]}, "datetime": {"datetime": "2025-08-12 05:19:34", "elapsed": 46454.017718076706, "delta": 18.01313877105713}, "costs": {"total_cost": 182.4931417931365, "time_cost": 72.10000000000001, "final_distance_cost": 1.8160695756458913, "oscillation_cost": 20.688263002031103, "completition_cost": 0.0, "overshoot_cost": 51.95391201368533, "power_cost": 14.173605895996094, "noise_cost": 21.76129130577804, "n_waypoints_completed": 9, "tot_waypoints": 9}}
{"target": -182.46399890674027, "params": {"k_pid_pos": [0.5208092946153469, 0.0, 0.0], "k_pid_alt": [1.6161748827153442, 0.0, 0.11978762933863825], "k_pid_att": [26.237918268462337, 2.129846093277734, 0.2088384598961102], "k_pid_yaw": [0.5, 1e-06, 0.1], "k_pid_hsp": [0.09148658602399416, 0.0, 0.0], "k_pid_vsp": [129.17115402821696, 117.67015297349823, 2.3713949751733754]}, "datetime": {"datetime": "2025-08-12 05:19:56", "elapsed": 46475.377519607544, "delta": 21.359801530838013}, "costs": {"total_cost": 182.46399890674027, "time_cost": 72.996, "final_distance_cost": 1.8226597640457949, "oscillation_cost": 19.25371941696354, "completition_cost": 0.0, "overshoot_cost": 52.06027589468979, "power_cost": 14.243724243164063, "noise_cost": 22.08761958787709, "n_waypoints_completed": 9, "tot_waypoints": 9}}
{"target": -182.53356402733468, "params": {"k_pid_pos": [0.5141869382225042, 0.0, 0.0], "k_pid_alt": [1.606181265450282, 0.0, 0.11905352542388016], "k_pid_att": [26.387355607406693, 2.951757654756186, 0.2525460266553824], "k_pid_yaw": [0.5, 1e-06, 0.1], "k_pid_hsp": [0.08858843396322123, 0.0, 0.0], "k_pid_vsp": [129.11488518424866, 124.48052237772896, 1.9220430940102375]}, "datetime": {"datetime": "2025-08-12 05:20:14", "elapsed": 46493.62760472298, "delta": 18.25008511543274}, "costs": {"total_cost": 182.53356402733468, "time_cost": 73.206, "final_distance_cost": 1.8250302148910162, "oscillation_cost": 18.781748071855194, "completition_cost": 0.0, "overshoot_cost": 52.31608835687946, "power_cost": 14.299698767089845, "noise_cost": 22.104998616619195, "n_waypoints_completed": 9, "tot_waypoints": 9}}
{"target": -181.8201810597756, "params": {"k_pid_pos": [0.5259502091392478, 0.0, 0.0], "k_pid_alt": [1.6358660776374516, 0.0, 0.1318173728398739], "k_pid_att": [25.520734667204565, 2.1329313192143857, 0.2526181091341175], "k_pid_yaw": [0.5, 1e-06, 0.1], "k_pid_hsp": [0.09073253574369224, 0.0, 0.0], "k_pid_vsp": [127.44059264872858, 120.07815123709246, 0.819946075166905]}, "datetime": {"datetime": "2025-08-12 05:20:33", "elapsed": 46513.22630929947, "delta": 19.59870457649231}, "costs": {"total_cost": 181.8201810597756, "time_cost": 72.94, "final_distance_cost": 1.8257684198472706, "oscillation_cost": 19.174009681003916, "completition_cost": 0.0, "overshoot_cost": 51.76108442978596, "power_cost": 14.19811785888672, "noise_cost": 21.92120067025171, "n_waypoints_completed": 9, "tot_waypoints": 9}}
{"target": -182.2349224440013, "params": {"k_pid_pos": [0.5250351186837272, 0.0, 0.0], "k_pid_alt": [1.570124294931449, 0.0, 0.12726259580474963], "k_pid_att": [25.70997969767324, 2.1292582262166864, 0.24310986414474742], "k_pid_yaw": [0.5, 1e-06, 0.1], "k_pid_hsp": [0.09026471973507912, 0.0, 0.0], "k_pid_vsp": [128.73810932417925, 130.41260145191754, 0.8623834800349539]}, "datetime": {"datetime": "2025-08-12 05:20:51", "elapsed": 46531.22919726372, "delta": 18.002887964248657}, "costs": {"total_cost": 182.2349224440013, "time_cost": 73.01, "final_distance_cost": 1.8164559790975685, "oscillation_cost": 19.18898336128809, "completition_cost": 0.0, "overshoot_cost": 51.96234373593939, "power_cost": 14.23508114013672, "noise_cost": 22.022058227539528, "n_waypoints_completed": 9, "tot_waypoints": 9}}
{"target": -181.70570882040238, "params": {"k_pid_pos": [0.5263995811587405, 0.0, 0.0], "k_pid_alt": [1.627035844502329, 0.0, 0.12375848510420988], "k_pid_att": [25.366528804175008, 2.130670322270935, 0.2656771036118055], "k_pid_yaw": [0.5, 1e-06, 0.1], "k_pid_hsp": [0.09071658957582368, 0.0, 0.0], "k_pid_vsp": [128.5268948868582, 126.19114459963257, 1.0275392624071]}, "datetime": {"datetime": "2025-08-12 05:21:12", "elapsed": 46551.465673685074, "delta": 20.2364764213562}, "costs": {"total_cost": 181.70570882040238, "time_cost": 72.94, "final_distance_cost": 1.8244679548637392, "oscillation_cost": 19.121522149218936, "completition_cost": 0.0, "overshoot_cost": 51.70263892855752, "power_cost": 14.203954345703126, "noise_cost": 21.913125442059055, "n_waypoints_completed": 9, "tot_waypoints": 9}}
{"target": -182.24981056865477, "params": {"k_pid_pos": [0.5226886977311581, 0.0, 0.0], "k_pid_alt": [1.6332191839923258, 0.0, 0.13269081004563935], "k_pid_att": [22.89833541290119, 2.0859288461246295, 0.26766582164767305], "k_pid_yaw": [0.5, 1e-06, 0.1], "k_pid_hsp": [0.08910102127012785, 0.0, 0.0], "k_pid_vsp": [131.260606622704, 122.85083188856765, 1.3144174522128635]}, "datetime": {"datetime": "2025-08-12 05:21:30", "elapsed": 46570.05221962929, "delta": 18.586545944213867}, "costs": {"total_cost": 182.24981056865477, "time_cost": 73.066, "final_distance_cost": 1.813106007039468, "oscillation_cost": 19.177620570512094, "completition_cost": 0.0, "overshoot_cost": 52.05258255198818, "power_cost": 14.166051684570313, "noise_cost": 21.974449754544725, "n_waypoints_completed": 9, "tot_waypoints": 9}}
{"target": -182.5651765177814, "params": {"k_pid_pos": [0.5726490927516273, 0.0, 0.0], "k_pid_alt": [1.6329141431887129, 0.0, 0.131932226114136], "k_pid_att": [25.36510157237025, 2.2361695674938415, 0.22010643386618062], "k_pid_yaw": [0.5, 1e-06, 0.1], "k_pid_hsp": [0.08834133388638987, 0.0, 0.0], "k_pid_vsp": [128.33010483409524, 125.0064674079068, 1.0629965807473816]}, "datetime": {"datetime": "2025-08-12 05:21:50", "elapsed": 46589.4412817955, "delta": 19.38906216621399}, "costs": {"total_cost": 182.5651765177814, "time_cost": 72.471, "final_distance_cost": 1.8030857354427685, "oscillation_cost": 20.298983433551875, "completition_cost": 0.0, "overshoot_cost": 52.016231219576774, "power_cost": 14.155284680175782, "noise_cost": 21.820591449034197, "n_waypoints_completed": 9, "tot_waypoints": 9}}
{"target": -182.36785901708453, "params": {"k_pid_pos": [0.5466301064389365, 0.0, 0.0], "k_pid_alt": [1.6352158736509872, 0.0, 0.09401088076329911], "k_pid_att": [25.800951078664735, 2.2532508819460584, 0.278690747126279], "k_pid_yaw": [0.5, 1e-06, 0.1], "k_pid_hsp": [0.09094696290980728, 0.0, 0.0], "k_pid_vsp": [128.15538622284765, 113.66261080532011, 1.0534628176942007]}, "datetime": {"datetime": "2025-08-12 05:22:07", "elapsed": 46607.07625937462, "delta": 17.63497757911682}, "costs": {"total_cost": 182.36785901708453, "time_cost": 72.611, "final_distance_cost": 1.8216281666081522, "oscillation_cost": 19.96211042186499, "completition_cost": 0.0, "overshoot_cost": 52.11992351194332, "power_cost": 14.104318603515626, "noise_cost": 21.74887831315244, "n_waypoints_completed": 9, "tot_waypoints": 9}}
{"target": -182.19478047284107, "params": {"k_pid_pos": [0.5075722925396355, 0.0, 0.0], "k_pid_alt": [1.627274152653465, 0.0, 0.11200016676922644], "k_pid_att": [25.074231591248942, 2.213486449214327, 0.2700225952934131], "k_pid_yaw": [0.5, 1e-06, 0.1], "k_pid_hsp": [0.08641497824447973, 0.0, 0.0], "k_pid_vsp": [128.58397998158244, 98.44493802732335, 1.0407338042909224]}, "datetime": {"datetime": "2025-08-12 05:22:28", "elapsed": 46627.526372909546, "delta": 20.450113534927368}, "costs": {"total_cost": 182.19478047284107, "time_cost": 73.409, "final_distance_cost": 1.8301285953420396, "oscillation_cost": 18.491225119183877, "completition_cost": 0.0, "overshoot_cost": 52.02073996298993, "power_cost": 14.258114025878907, "noise_cost": 22.18557276944632, "n_waypoints_completed": 9, "tot_waypoints": 9}}
{"target": -182.26838178278834, "params": {"k_pid_pos": [0.5117416314217916, 1.4960102730115377e-05, 0.0], "k_pid_alt": [1.6437617113937317, 0.0, 0.11519425985504674], "k_pid_att": [25.672725165127723, 2.129555101089411, 0.25730590605388864], "k_pid_yaw": [0.5, 1e-06, 0.1], "k_pid_hsp": [0.08902921134900099, 0.0, 0.0], "k_pid_vsp": [129.82210302155977, 98.44226182851767, 1.129227633187811]}, "datetime": {"datetime": "2025-08-12 05:22:46", "elapsed": 46645.39214015007, "delta": 17.865767240524292}, "costs": {"total_cost": 182.26838178278834, "time_cost": 73.206, "final_distance_cost": 1.818886442684778, "oscillation_cost": 18.833765484167785, "completition_cost": 0.0, "overshoot_cost": 52.007485174608775, "power_cost": 14.243422363281251, "noise_cost": 22.158822318045758, "n_waypoints_completed": 9, "tot_waypoints": 9}}
{"target": -181.95656976433992, "params": {"k_pid_pos": [0.5238992798316833, 0.0, 0.0], "k_pid_alt": [1.6463410259089675, 0.0, 0.11388156621245996], "k_pid_att": [22.290693463497053, 2.1525203082691364, 0.23490739067468636], "k_pid_yaw": [0.5, 1e-06, 0.1], "k_pid_hsp": [0.09074443345405218, 0.0, 0.0], "k_pid_vsp": [128.87044060639073, 121.46315062963062, 1.0554467602485365]}, "datetime": {"datetime": "2025-08-12 05:23:05", "elapsed": 46665.30949926376, "delta": 19.917359113693237}, "costs": {"total_cost": 181.95656976433992, "time_cost": 72.95400000000001, "final_distance_cost": 1.8255162760658974, "oscillation_cost": 19.19089352745535, "completition_cost": 0.0, "overshoot_cost": 51.84440245626635, "power_cost": 14.211310412597657, "noise_cost": 21.930447091954637, "n_waypoints_completed": 9, "tot_waypoints": 9}}
{"target": -182.65866127959734, "params": {"k_pid_pos": [0.5262583042698488, 0.0, 0.0], "k_pid_alt": [1.624982631300557, 0.0, 0.1293615757270673], "k_pid_att": [26.083282337221963, 2.1209135339946656, 0.23860950690885246], "k_pid_yaw": [0.5, 1e-06, 0.1], "k_pid_hsp": [0.08742356742420392, 0.0, 0.0], "k_pid_vsp": [135.36686455822118, 118.3601322679065, 1.096128684980872]}, "datetime": {"datetime": "2025-08-12 05:23:24", "elapsed": 46683.93518662453, "delta": 18.62568736076355}, "costs": {"total_cost": 182.65866127959734, "time_cost": 73.09400000000001, "final_distance_cost": 1.8348788449419347, "oscillation_cost": 19.172724336250894, "completition_cost": 0.0, "overshoot_cost": 52.442777828385395, "power_cost": 14.172162670898437, "noise_cost": 21.942117599120653, "n_waypoints_completed": 9, "tot_waypoints": 9}}
