{"target": -187.21584214485236, "params": {"k_pid_pos": [0.9939355828755757, 0.03646153145512548, 0.060975587555463076], "k_pid_alt": [1.3149050045708532, 0.0, 0.28604735147426746], "k_pid_att": [11.878810006406729, 2.9956976098834054, 0.17985504462108648], "k_pid_yaw": [0.5, 1e-06, 0.1], "k_pid_hsp": [0.19904028057307055, 0.0, 0.0], "k_pid_vsp": [207.85101850973666, 41.01785894164263, 0.24715463928167422]}, "datetime": {"datetime": "2025-08-11 18:27:20", "elapsed": 7319.968138456345, "delta": 18.023813009262085}, "costs": {"total_cost": 187.21584214485236, "time_cost": 70.413, "final_distance_cost": 1.8115813266446887, "oscillation_cost": 28.442381472669503, "completition_cost": 0.0, "overshoot_cost": 50.98225203207805, "power_cost": 14.47272479248047, "noise_cost": 21.093902520979665, "n_waypoints_completed": 9, "tot_waypoints": 9}}
{"target": -4483.227661900724, "params": {"k_pid_pos": [1.1794700420260926, 0.0, 0.2469630747728558], "k_pid_alt": [1.5099675719704517, 1.0, 0.576365928404469], "k_pid_att": [0.0, 1.9977925863461068, 0.3174247108485284], "k_pid_yaw": [0.5, 1e-06, 0.1], "k_pid_hsp": [5.952538326539587, 0.0, 0.4724929634375062], "k_pid_vsp": [198.842283808992, 400.0, 1e-06]}, "datetime": {"datetime": "2025-08-11 18:27:50", "elapsed": 7350.24857878685, "delta": 30.28044033050537}, "costs": {"total_cost": 4483.227661900724, "time_cost": 150, "final_distance_cost": 487.0298070744458, "oscillation_cost": 1637.435284671459, "completition_cost": 1000.0, "overshoot_cost": 983.7015674471726, "power_cost": 59.11076416015625, "noise_cost": 165.9502385474905, "n_waypoints_completed": 0, "tot_waypoints": 9}}
{"target": -1246.4530854978218, "params": {"k_pid_pos": [1.1208837203424935, 0.06931322103425161, 0.06181659942211487], "k_pid_alt": [1.4279885414938105, 0.0, 0.332492738621352], "k_pid_att": [16.788132039237226, 3.0646944043833004, 0.16916944324291427], "k_pid_yaw": [0.5, 1e-06, 0.1], "k_pid_hsp": [0.0001, 0.0, 0.0], "k_pid_vsp": [170.97708483968532, 52.62327498024337, 1e-06]}, "datetime": {"datetime": "2025-08-11 18:28:21", "elapsed": 7380.818455696106, "delta": 30.56987690925598}, "costs": {"total_cost": 1246.4530854978218, "time_cost": 150, "final_distance_cost": 48.467393917622275, "oscillation_cost": 0.0053620558917207356, "completition_cost": 888.8888888888888, "overshoot_cost": 104.98386218570995, "power_cost": 21.002720483398438, "noise_cost": 33.10485796631057, "n_waypoints_completed": 1, "tot_waypoints": 9}}
{"target": -189.43940072535239, "params": {"k_pid_pos": [1.2157199563199612, 0.09235645966783207, 0.01232051585345556], "k_pid_alt": [1.3625027147563193, 0.0, 0.5367275727061223], "k_pid_att": [14.343830940950355, 2.6544234191189093, 0.2167499619643674], "k_pid_yaw": [0.5, 1e-06, 0.1], "k_pid_hsp": [0.28086545731450935, 0.004488995666450928, 0.0], "k_pid_vsp": [219.9901115224706, 77.37593590889648, 1e-06]}, "datetime": {"datetime": "2025-08-11 18:28:39", "elapsed": 7398.375547885895, "delta": 17.55709218978882}, "costs": {"total_cost": 189.43940072535239, "time_cost": 70.483, "final_distance_cost": 1.7770171520238234, "oscillation_cost": 31.334162586662888, "completition_cost": 0.0, "overshoot_cost": 50.12743139095608, "power_cost": 14.845400720214844, "noise_cost": 20.872388875494746, "n_waypoints_completed": 9, "tot_waypoints": 9}}
{"target": -497.30417628573787, "params": {"k_pid_pos": [1.1030514001687193, 0.10703773748669712, 0.07651396149022194], "k_pid_alt": [1.3263019690288946, 0.0, 0.20343679134246], "k_pid_att": [29.068834890856362, 3.05431478691768, 0.1722218466733134], "k_pid_yaw": [0.5, 1e-06, 0.1], "k_pid_hsp": [0.786472144094272, 0.0, 0.09194890317850501], "k_pid_vsp": [180.6761800058554, 57.20462175520816, 0.666425142505484]}, "datetime": {"datetime": "2025-08-11 18:28:58", "elapsed": 7417.929595947266, "delta": 19.55404806137085}, "costs": {"total_cost": 497.30417628573787, "time_cost": 78.232, "final_distance_cost": 1.753974742528495, "oscillation_cost": 321.4038522478926, "completition_cost": 0.0, "overshoot_cost": 52.263194693882596, "power_cost": 21.473002575683594, "noise_cost": 22.178152025750588, "n_waypoints_completed": 9, "tot_waypoints": 9}}
{"target": -189.21405272270096, "params": {"k_pid_pos": [0.9000925958928497, 0.15783351090459924, 0.045009190279526205], "k_pid_alt": [1.4147720479906283, 0.0, 0.4967273005613966], "k_pid_att": [17.18248752371883, 2.9477049309917254, 0.17211737603587918], "k_pid_yaw": [0.5, 1e-06, 0.1], "k_pid_hsp": [0.3966994497396366, 0.0, 0.0], "k_pid_vsp": [88.59002584875444, 41.77260645088066, 1e-06]}, "datetime": {"datetime": "2025-08-11 18:29:16", "elapsed": 7435.8879137039185, "delta": 17.958317756652832}, "costs": {"total_cost": 189.21405272270096, "time_cost": 71.659, "final_distance_cost": 1.818093230166201, "oscillation_cost": 28.666352739503335, "completition_cost": 0.0, "overshoot_cost": 50.77473047204676, "power_cost": 14.801250439453126, "noise_cost": 21.49462584153153, "n_waypoints_completed": 9, "tot_waypoints": 9}}
{"target": -1791.0947508926058, "params": {"k_pid_pos": [0.7937030324312813, 0.0, 0.1501753754344808], "k_pid_alt": [1.1555491247335397, 0.002617279129574494, 0.05068741876940149], "k_pid_att": [16.05293298187769, 3.4913320640373096, 0.12603472540222055], "k_pid_yaw": [0.5, 1e-06, 0.1], "k_pid_hsp": [0.0001, 0.0, 0.25611536134186835], "k_pid_vsp": [272.08467430225346, 1e-06, 131.8649919730928]}, "datetime": {"datetime": "2025-08-11 18:29:46", "elapsed": 7466.036465406418, "delta": 30.14855170249939}, "costs": {"total_cost": 1791.0947508926058, "time_cost": 150, "final_distance_cost": 49.82119208121462, "oscillation_cost": 488.67075864974544, "completition_cost": 1000.0, "overshoot_cost": 42.35758748553159, "power_cost": 31.38722945556641, "noise_cost": 28.857983220547467, "n_waypoints_completed": 0, "tot_waypoints": 9}}
{"target": -186.8335783652275, "params": {"k_pid_pos": [0.8724924015096784, 0.09884847265463627, 0.0], "k_pid_alt": [1.3023344935087526, 0.0, 0.23886496939735166], "k_pid_att": [10.614423583815958, 3.383046937494778, 0.17522844506544955], "k_pid_yaw": [0.5, 1e-06, 0.1], "k_pid_hsp": [0.1895783818910272, 0.0, 0.0], "k_pid_vsp": [205.92635466079454, 69.0844015792471, 1e-06]}, "datetime": {"datetime": "2025-08-11 18:30:04", "elapsed": 7483.673346042633, "delta": 17.63688063621521}, "costs": {"total_cost": 186.8335783652275, "time_cost": 70.749, "final_distance_cost": 1.79148770207601, "oscillation_cost": 27.654686134660334, "completition_cost": 0.0, "overshoot_cost": 50.952183773247945, "power_cost": 14.528767297363283, "noise_cost": 21.157453457879935, "n_waypoints_completed": 9, "tot_waypoints": 9}}
{"target": -1234.0620572778555, "params": {"k_pid_pos": [0.7415368164450316, 0.03416991460751119, 0.039706154953183706], "k_pid_alt": [1.3209898705159415, 0.0, 0.3041471495027664], "k_pid_att": [19.966919834308904, 3.2159767382507876, 0.19121223324087216], "k_pid_yaw": [0.5, 1e-06, 0.1], "k_pid_hsp": [0.0001, 0.0, 0.0], "k_pid_vsp": [188.31305063334077, 26.797146921859827, 1e-06]}, "datetime": {"datetime": "2025-08-11 18:30:34", "elapsed": 7513.757519245148, "delta": 30.08417320251465}, "costs": {"total_cost": 1234.0620572778555, "time_cost": 150, "final_distance_cost": 46.716083166334634, "oscillation_cost": 0.005306259515380344, "completition_cost": 888.8888888888888, "overshoot_cost": 94.33475827624352, "power_cost": 21.00286433105469, "noise_cost": 33.114156355818245, "n_waypoints_completed": 1, "tot_waypoints": 9}}
{"target": -219.84897792052232, "params": {"k_pid_pos": [2.0, 0.0, 0.08443454262430553], "k_pid_alt": [1.4584704851631787, 0.0, 0.23959971488266676], "k_pid_att": [29.437606887015516, 5.136733649906301, 0.1908917715209783], "k_pid_yaw": [0.5, 1e-06, 0.1], "k_pid_hsp": [4.722591798694523, 0.0, 0.0], "k_pid_vsp": [185.57575317838592, 113.2939102706626, 25.949143452321884]}, "datetime": {"datetime": "2025-08-11 18:30:51", "elapsed": 7530.694912433624, "delta": 16.937393188476562}, "costs": {"total_cost": 219.84897792052232, "time_cost": 68.915, "final_distance_cost": 1.7829119510641736, "oscillation_cost": 62.03578783411573, "completition_cost": 0.0, "overshoot_cost": 50.84900979951894, "power_cost": 18.702458056640626, "noise_cost": 17.56381027918283, "n_waypoints_completed": 9, "tot_waypoints": 9}}
{"target": -1260.7746473034847, "params": {"k_pid_pos": [1.0001135416249125, 0.10781162394487664, 0.12471973319052905], "k_pid_alt": [1.477907469183438, 0.017442367965738507, 0.09791255840232299], "k_pid_att": [28.064468030361756, 2.9463669353864637, 0.0], "k_pid_yaw": [0.5, 1e-06, 0.1], "k_pid_hsp": [0.0001, 0.0, 0.0], "k_pid_vsp": [187.20012894385766, 27.851194047392312, 1e-06]}, "datetime": {"datetime": "2025-08-11 18:31:22", "elapsed": 7562.141069889069, "delta": 31.446157455444336}, "costs": {"total_cost": 1260.7746473034847, "time_cost": 150, "final_distance_cost": 48.48880159446116, "oscillation_cost": 14.789838810229167, "completition_cost": 888.8888888888888, "overshoot_cost": 104.4599814117803, "power_cost": 21.029259436035158, "noise_cost": 33.11787716209028, "n_waypoints_completed": 1, "tot_waypoints": 9}}
{"target": -376.2220837189195, "params": {"k_pid_pos": [1.4823475325008166, 0.08831616271473283, 0.08101369135018954], "k_pid_alt": [1.2187633805673292, 0.0011162004309047302, 0.2322120397316664], "k_pid_att": [9.98786468606599, 4.450570137601863, 0.1514456088733272], "k_pid_yaw": [0.5, 1e-06, 0.1], "k_pid_hsp": [0.0001, 0.03601125424390474, 0.06590294079251202], "k_pid_vsp": [213.65148373458402, 60.66685669680625, 1e-06]}, "datetime": {"datetime": "2025-08-11 18:31:49", "elapsed": 7588.792407274246, "delta": 26.651337385177612}, "costs": {"total_cost": 376.2220837189195, "time_cost": 108.563, "final_distance_cost": 1.7755205418525297, "oscillation_cost": 125.10105970647673, "completition_cost": 0.0, "overshoot_cost": 84.58738867997042, "power_cost": 21.48235651855469, "noise_cost": 34.71275827206519, "n_waypoints_completed": 9, "tot_waypoints": 9}}
{"target": -202.15272981376847, "params": {"k_pid_pos": [0.5824916430363744, 0.12669385176668682, 0.18492612722921786], "k_pid_alt": [1.497296401509837, 0.03015400362462862, 0.33392266346623867], "k_pid_att": [13.803776975479892, 2.7480825209284614, 0.20191837989531636], "k_pid_yaw": [0.5, 1e-06, 0.1], "k_pid_hsp": [0.30988293437922043, 0.0, 0.0], "k_pid_vsp": [229.35813319021057, 58.31079831370774, 1e-06]}, "datetime": {"datetime": "2025-08-11 18:32:10", "elapsed": 7609.550017118454, "delta": 20.757609844207764}, "costs": {"total_cost": 202.15272981376847, "time_cost": 81.44500000000001, "final_distance_cost": 1.824051397188465, "oscillation_cost": 26.25453195439207, "completition_cost": 0.0, "overshoot_cost": 52.44893635276126, "power_cost": 15.762502697753908, "noise_cost": 24.41770741167274, "n_waypoints_completed": 9, "tot_waypoints": 9}}
{"target": -186.5952424727018, "params": {"k_pid_pos": [1.0815824940922791, 0.0, 0.14896041119949843], "k_pid_alt": [1.5424678524102768, 0.0005068384428485997, 0.16659774765656243], "k_pid_att": [17.815265204222676, 2.613205854234032, 0.25870652588340076], "k_pid_yaw": [0.5, 1e-06, 0.1], "k_pid_hsp": [0.21263392549878185, 0.0, 0.0], "k_pid_vsp": [210.82285332547295, 46.121906968227115, 1e-06]}, "datetime": {"datetime": "2025-08-11 18:32:27", "elapsed": 7627.221236228943, "delta": 17.67121911048889}, "costs": {"total_cost": 186.5952424727018, "time_cost": 69.965, "final_distance_cost": 1.8337662751879202, "oscillation_cost": 28.411697846649677, "completition_cost": 0.0, "overshoot_cost": 50.884017609665236, "power_cost": 14.463118798828125, "noise_cost": 21.03764194237083, "n_waypoints_completed": 9, "tot_waypoints": 9}}
{"target": -190.42282106082402, "params": {"k_pid_pos": [1.031890058763913, 0.0, 0.0], "k_pid_alt": [1.8491837518753171, 0.0, 0.436576159859946], "k_pid_att": [17.239422996571392, 2.9041448961629057, 0.2329509325763121], "k_pid_yaw": [0.5, 1e-06, 0.1], "k_pid_hsp": [0.08073379865299093, 0.0, 0.0], "k_pid_vsp": [186.2282704210958, 59.47685190151677, 1e-06]}, "datetime": {"datetime": "2025-08-11 18:32:46", "elapsed": 7645.726449012756, "delta": 18.505212783813477}, "costs": {"total_cost": 190.42282106082402, "time_cost": 73.5, "final_distance_cost": 1.7952568158817097, "oscillation_cost": 26.319079735302473, "completition_cost": 0.0, "overshoot_cost": 52.1813316413298, "power_cost": 14.736352941894532, "noise_cost": 21.89079992641552, "n_waypoints_completed": 9, "tot_waypoints": 9}}
{"target": -1248.6204862178663, "params": {"k_pid_pos": [1.6657301185660547, 0.2348034945134516, 0.039814927721455784], "k_pid_alt": [1.4878205216827736, 0.0, 0.3805703289548359], "k_pid_att": [16.40010881179239, 2.331829716488347, 0.10611679531025336], "k_pid_yaw": [0.5, 1e-06, 0.1], "k_pid_hsp": [0.0001, 0.0, 0.0], "k_pid_vsp": [240.9129212591744, 1e-06, 1e-06]}, "datetime": {"datetime": "2025-08-11 18:33:16", "elapsed": 7676.3454620838165, "delta": 30.61901307106018}, "costs": {"total_cost": 1248.6204862178663, "time_cost": 150, "final_distance_cost": 49.34053521396268, "oscillation_cost": 0.010277881320089206, "completition_cost": 888.8888888888888, "overshoot_cost": 106.24641489620723, "power_cost": 21.013980102539062, "noise_cost": 33.12038923494862, "n_waypoints_completed": 1, "tot_waypoints": 9}}
{"target": -198.17530534626508, "params": {"k_pid_pos": [0.6751727911204881, 0.08542304635567852, 0.1732906129448975], "k_pid_alt": [1.4992774600312468, 0.0, 0.17473246074360752], "k_pid_att": [18.678607719237718, 2.4969432834753795, 0.17457213650032252], "k_pid_yaw": [0.5, 1e-06, 0.1], "k_pid_hsp": [0.060483495075527915, 0.0, 0.0], "k_pid_vsp": [234.18456426402986, 53.91918642364887, 1e-06]}, "datetime": {"datetime": "2025-08-11 18:33:37", "elapsed": 7697.053927898407, "delta": 20.708465814590454}, "costs": {"total_cost": 198.17530534626508, "time_cost": 82.089, "final_distance_cost": 1.7883889138149416, "oscillation_cost": 19.308662451593552, "completition_cost": 0.0, "overshoot_cost": 54.43431256526151, "power_cost": 15.706677563476564, "noise_cost": 24.848263852118485, "n_waypoints_completed": 9, "tot_waypoints": 9}}
{"target": -188.00528010139897, "params": {"k_pid_pos": [1.0811488414795691, 0.11645444821021558, 0.13010098302089357], "k_pid_alt": [1.445479553186582, 0.0012179042656426794, 0.3162463063643653], "k_pid_att": [27.57576030619252, 3.0598927746608333, 0.17053160924551883], "k_pid_yaw": [0.5, 1e-06, 0.1], "k_pid_hsp": [0.2812829466576856, 0.006742054625419984, 0.0], "k_pid_vsp": [200.75873010830998, 57.46296776040099, 3.5059872724673005]}, "datetime": {"datetime": "2025-08-11 18:33:54", "elapsed": 7714.1929132938385, "delta": 17.13898539543152}, "costs": {"total_cost": 188.00528010139897, "time_cost": 70.203, "final_distance_cost": 1.8088098760602365, "oscillation_cost": 29.411142315041417, "completition_cost": 0.0, "overshoot_cost": 50.88920561241694, "power_cost": 14.61611326904297, "noise_cost": 21.07700902883738, "n_waypoints_completed": 9, "tot_waypoints": 9}}
{"target": -189.91571952698985, "params": {"k_pid_pos": [0.9975564903772115, 0.11576839668703762, 0.13601822016941853], "k_pid_alt": [1.3891706231107084, 0.014797478616270787, 0.5644191433321436], "k_pid_att": [22.794103726333795, 1.9700150550186464, 0.32788506492662484], "k_pid_yaw": [0.5, 1e-06, 0.1], "k_pid_hsp": [0.7553569213799021, 0.0, 0.0], "k_pid_vsp": [223.52391605059233, 49.69112406653022, 1e-06]}, "datetime": {"datetime": "2025-08-11 18:34:12", "elapsed": 7731.940891265869, "delta": 17.74797797203064}, "costs": {"total_cost": 189.91571952698985, "time_cost": 71.183, "final_distance_cost": 1.840586086892421, "oscillation_cost": 29.392182936691334, "completition_cost": 0.0, "overshoot_cost": 51.231816929455235, "power_cost": 14.74178035888672, "noise_cost": 21.52635321506415, "n_waypoints_completed": 9, "tot_waypoints": 9}}
{"target": -187.2478855174023, "params": {"k_pid_pos": [1.0889606862190087, 0.0, 0.221269067964057], "k_pid_alt": [1.5268099583143924, 0.0, 0.3537204564088508], "k_pid_att": [20.23591335273124, 3.0587953124841407, 0.17364782015667982], "k_pid_yaw": [0.5, 1e-06, 0.1], "k_pid_hsp": [0.25533160733682003, 0.0, 0.0], "k_pid_vsp": [200.76123805400738, 42.81185582265266, 1e-06]}, "datetime": {"datetime": "2025-08-11 18:34:29", "elapsed": 7749.301512718201, "delta": 17.360621452331543}, "costs": {"total_cost": 187.2478855174023, "time_cost": 70.413, "final_distance_cost": 1.8339143130592162, "oscillation_cost": 28.225931844740234, "completition_cost": 0.0, "overshoot_cost": 50.84623574926605, "power_cost": 14.567668969726563, "noise_cost": 21.36113464061026, "n_waypoints_completed": 9, "tot_waypoints": 9}}
{"target": -187.80998922990437, "params": {"k_pid_pos": [1.153613313987313, 0.09410326632673738, 0.09844259784515336], "k_pid_alt": [1.41126358002253, 0.0, 0.33004884380397803], "k_pid_att": [16.59213289164093, 2.6870465357291144, 0.2158775187903471], "k_pid_yaw": [0.5, 1e-06, 0.1], "k_pid_hsp": [0.2387686283321167, 0.0, 0.0], "k_pid_vsp": [214.83143032988445, 71.21595659362151, 1.5818678795627776]}, "datetime": {"datetime": "2025-08-11 18:34:47", "elapsed": 7766.735475063324, "delta": 17.43396234512329}, "costs": {"total_cost": 187.80998922990437, "time_cost": 70.105, "final_distance_cost": 1.8046704601611796, "oscillation_cost": 30.01510732124926, "completition_cost": 0.0, "overshoot_cost": 50.33677184628368, "power_cost": 14.604234387207033, "noise_cost": 20.944205215003187, "n_waypoints_completed": 9, "tot_waypoints": 9}}
{"target": -202.63994825135487, "params": {"k_pid_pos": [1.4541956001728669, 0.07368532346219012, 0.2889754928188654], "k_pid_alt": [1.3698942158227285, 0.0, 0.17470121346815337], "k_pid_att": [17.37383167769542, 3.1692055853268757, 0.2150642531732812], "k_pid_yaw": [0.5, 1e-06, 0.1], "k_pid_hsp": [0.03895236867220506, 0.004215233437295021, 0.0], "k_pid_vsp": [272.99624978109165, 48.10175201575423, 1e-06]}, "datetime": {"datetime": "2025-08-11 18:35:08", "elapsed": 7787.5758554935455, "delta": 20.840380430221558}, "costs": {"total_cost": 202.63994825135487, "time_cost": 82.467, "final_distance_cost": 1.747511890546174, "oscillation_cost": 22.045941942129062, "completition_cost": 0.0, "overshoot_cost": 55.92420889656987, "power_cost": 15.910879223632813, "noise_cost": 24.544406298476964, "n_waypoints_completed": 9, "tot_waypoints": 9}}
{"target": -188.5084327854536, "params": {"k_pid_pos": [1.6806930118412757, 0.09001308851852784, 0.21987778896303686], "k_pid_alt": [1.3540718100037095, 0.0, 0.12075205982246573], "k_pid_att": [19.06118814650085, 3.5434053977755955, 0.18669674291735996], "k_pid_yaw": [0.5, 1e-06, 0.1], "k_pid_hsp": [0.24734652622073594, 0.008487048245369286, 0.0], "k_pid_vsp": [201.17299048056987, 89.95122727826447, 1e-06]}, "datetime": {"datetime": "2025-08-11 18:35:25", "elapsed": 7804.799844503403, "delta": 17.223989009857178}, "costs": {"total_cost": 188.5084327854536, "time_cost": 69.07600000000001, "final_distance_cost": 1.7830628745170793, "oscillation_cost": 32.351387340245935, "completition_cost": 0.0, "overshoot_cost": 50.06561763279636, "power_cost": 14.743708532714844, "noise_cost": 20.488656405179405, "n_waypoints_completed": 9, "tot_waypoints": 9}}
{"target": -191.66823524612738, "params": {"k_pid_pos": [1.040850576372462, 0.07804312752582969, 0.1851007864736671], "k_pid_alt": [1.304141648016522, 0.0, 0.17992877437594906], "k_pid_att": [15.324675408125323, 1.6806958708503987, 0.19934617274033006], "k_pid_yaw": [0.5, 1e-06, 0.1], "k_pid_hsp": [1.8462522643937354, 0.3357839486284322, 0.0], "k_pid_vsp": [187.07714296583856, 116.93074658762566, 1e-06]}, "datetime": {"datetime": "2025-08-11 18:35:42", "elapsed": 7822.259737968445, "delta": 17.459893465042114}, "costs": {"total_cost": 191.66823524612738, "time_cost": 69.797, "final_distance_cost": 1.8461641715757078, "oscillation_cost": 34.65949877704599, "completition_cost": 0.0, "overshoot_cost": 49.55230916123612, "power_cost": 14.797433178710937, "noise_cost": 21.015829957558616, "n_waypoints_completed": 9, "tot_waypoints": 9}}
{"target": -1243.9135746218794, "params": {"k_pid_pos": [0.9570434415889237, 0.055847336206722394, 0.19471717883469697], "k_pid_alt": [1.5613670797379997, 0.0, 0.3348989188001643], "k_pid_att": [6.951460274949389, 2.9119603347311016, 0.20805862327181385], "k_pid_yaw": [0.5, 1e-06, 0.1], "k_pid_hsp": [0.0001, 0.0, 0.0], "k_pid_vsp": [197.73981850947482, 59.96274147314949, 2.240301238742479]}, "datetime": {"datetime": "2025-08-11 18:36:13", "elapsed": 7852.587367534637, "delta": 30.327629566192627}, "costs": {"total_cost": 1243.9135746218794, "time_cost": 150, "final_distance_cost": 47.9306049218635, "oscillation_cost": 0.005948927829066897, "completition_cost": 888.8888888888888, "overshoot_cost": 102.98221745163568, "power_cost": 21.0018013671875, "noise_cost": 33.10411306447484, "n_waypoints_completed": 1, "tot_waypoints": 9}}
{"target": -188.9596290479297, "params": {"k_pid_pos": [1.4377481707572706, 0.004878141680119734, 0.24359494964003078], "k_pid_alt": [1.0789786049869579, 0.0, 0.13871758516219038], "k_pid_att": [23.016641449645544, 2.288438466137467, 0.14623427949404638], "k_pid_yaw": [0.5, 1e-06, 0.1], "k_pid_hsp": [0.5136246209304743, 0.0, 0.0], "k_pid_vsp": [177.7934062191663, 99.36616244527289, 3.787275613227046]}, "datetime": {"datetime": "2025-08-11 18:36:30", "elapsed": 7870.039980173111, "delta": 17.45261263847351}, "costs": {"total_cost": 188.9596290479297, "time_cost": 69.853, "final_distance_cost": 1.8279005759905682, "oscillation_cost": 31.268946486292382, "completition_cost": 0.0, "overshoot_cost": 50.394333796551486, "power_cost": 14.73012255859375, "noise_cost": 20.8853256305015, "n_waypoints_completed": 9, "tot_waypoints": 9}}
