{"target": -186.78769569618083, "params": {"k_pid_pos": [1.0507031927731623, 0.014481328570021795, 0.3722640167761342], "k_pid_alt": [1.9601480227768735, 0.0, 0.3225844286951174], "k_pid_att": [22.5225631896032, 3.3367570349162516, 0.20256525122674582], "k_pid_yaw": [0.5, 1e-06, 0.1], "k_pid_hsp": [0.34697778861634254, 0.00041934388028679336, 0.0], "k_pid_vsp": [210.84464362577162, 46.53207478694299, 1e-06]}, "datetime": {"datetime": "2025-08-11 19:05:04", "elapsed": 9584.195540428162, "delta": 17.603923082351685}, "costs": {"total_cost": 186.78769569618083, "time_cost": 71.169, "final_distance_cost": 1.843857199263756, "oscillation_cost": 26.964234380886193, "completition_cost": 0.0, "overshoot_cost": 50.372946404540436, "power_cost": 14.565147705078125, "noise_cost": 21.87251000641233, "n_waypoints_completed": 9, "tot_waypoints": 9}}
{"target": -1168.9055850878894, "params": {"k_pid_pos": [0.35024590371132447, 0.0, 0.2759624925418487], "k_pid_alt": [1.8645707810885561, 0.0, 0.36735533140958077], "k_pid_att": [20.14096427180291, 2.385501750294269, 0.28072887083618625], "k_pid_yaw": [0.5, 1e-06, 0.1], "k_pid_hsp": [0.0001, 0.0, 0.0], "k_pid_vsp": [179.29747471290395, 62.66904529274311, 1e-06]}, "datetime": {"datetime": "2025-08-11 19:05:35", "elapsed": 9614.425941705704, "delta": 30.230401277542114}, "costs": {"total_cost": 1168.9055850878894, "time_cost": 150, "final_distance_cost": 45.18930392519263, "oscillation_cost": 0.002497712192119591, "completition_cost": 888.8888888888888, "overshoot_cost": 30.715090956523113, "power_cost": 21.01075489501953, "noise_cost": 33.0990487100734, "n_waypoints_completed": 1, "tot_waypoints": 9}}
{"target": -1255.406872396047, "params": {"k_pid_pos": [1.0999298852964323, 0.015291280403013044, 0.35868645286432427], "k_pid_alt": [1.500472318902027, 0.0, 0.33598844038901987], "k_pid_att": [16.590836333191543, 3.1123965856661635, 0.17813632502591872], "k_pid_yaw": [0.5, 1e-06, 0.1], "k_pid_hsp": [0.0001, 0.006449101752865735, 0.0], "k_pid_vsp": [194.13863042804937, 58.35779025945604, 1e-06]}, "datetime": {"datetime": "2025-08-11 19:06:05", "elapsed": 9644.694500207901, "delta": 30.268558502197266}, "costs": {"total_cost": 1255.406872396047, "time_cost": 150, "final_distance_cost": 59.718503632497374, "oscillation_cost": 1.245196324525383, "completition_cost": 888.8888888888888, "overshoot_cost": 101.40620639114748, "power_cost": 21.041912500000002, "noise_cost": 33.106164658987915, "n_waypoints_completed": 1, "tot_waypoints": 9}}
{"target": -1254.0685936155464, "params": {"k_pid_pos": [1.0347304321729878, 0.0, 0.3936635356678234], "k_pid_alt": [1.4377537090123695, 0.0016208155827596555, 0.27208756900057457], "k_pid_att": [14.886869949777019, 2.764242608203886, 0.18658916833364975], "k_pid_yaw": [0.5, 1e-06, 0.1], "k_pid_hsp": [0.0001, 0.0009817742312542592, 0.0], "k_pid_vsp": [204.53889678302286, 69.6053420774515, 1e-06]}, "datetime": {"datetime": "2025-08-11 19:06:36", "elapsed": 9675.57428574562, "delta": 30.879785537719727}, "costs": {"total_cost": 1254.0685936155464, "time_cost": 150, "final_distance_cost": 56.72769123565276, "oscillation_cost": 0.0640073272427021, "completition_cost": 888.8888888888888, "overshoot_cost": 104.29103474962358, "power_cost": 21.00004609375, "noise_cost": 33.09692532038878, "n_waypoints_completed": 1, "tot_waypoints": 9}}
{"target": -1255.1516128741296, "params": {"k_pid_pos": [1.0183234782198596, 0.0, 0.4020898592648215], "k_pid_alt": [1.6402720979707424, 0.0, 0.11737506945543001], "k_pid_att": [17.313167059185226, 3.4083660054357257, 0.06354144395841649], "k_pid_yaw": [0.5, 1e-06, 0.1], "k_pid_hsp": [0.0001, 0.0025083011756539654, 0.0], "k_pid_vsp": [175.63495104560724, 79.22242712416431, 1e-06]}, "datetime": {"datetime": "2025-08-11 19:07:06", "elapsed": 9705.861059904099, "delta": 30.286774158477783}, "costs": {"total_cost": 1255.1516128741296, "time_cost": 150, "final_distance_cost": 54.9364914427288, "oscillation_cost": 0.6763815402747655, "completition_cost": 888.8888888888888, "overshoot_cost": 106.54424442434875, "power_cost": 21.014356115722656, "noise_cost": 33.091250462165924, "n_waypoints_completed": 1, "tot_waypoints": 9}}
{"target": -1242.3382788200813, "params": {"k_pid_pos": [0.9880540506553745, 0.0, 0.38679867442357646], "k_pid_alt": [1.578445186470412, 0.0, 0.2641714928805394], "k_pid_att": [18.390672786925954, 3.190835593114671, 0.18328595126418737], "k_pid_yaw": [0.5, 1e-06, 0.1], "k_pid_hsp": [0.0001, 0.0, 0.0], "k_pid_vsp": [205.5575430726997, 63.080710084479136, 1e-06]}, "datetime": {"datetime": "2025-08-11 19:07:37", "elapsed": 9736.413217067719, "delta": 30.552157163619995}, "costs": {"total_cost": 1242.3382788200813, "time_cost": 150, "final_distance_cost": 47.609329454244886, "oscillation_cost": 0.005547925693025531, "completition_cost": 888.8888888888888, "overshoot_cost": 101.71073397129527, "power_cost": 21.01583894042969, "noise_cost": 33.10793963952974, "n_waypoints_completed": 1, "tot_waypoints": 9}}
{"target": -189.56799411079686, "params": {"k_pid_pos": [0.8912829516443075, 0.0, 0.3779030295828158], "k_pid_alt": [1.5176294575429374, 0.0, 0.29489953095711885], "k_pid_att": [22.972034263549418, 3.1371598726058973, 0.1588417458991306], "k_pid_yaw": [0.5, 1e-06, 0.1], "k_pid_hsp": [0.05219702559337905, 0.0, 0.0], "k_pid_vsp": [194.30779330828636, 66.5741252250204, 1e-06]}, "datetime": {"datetime": "2025-08-11 19:07:56", "elapsed": 9755.765689134598, "delta": 19.352472066879272}, "costs": {"total_cost": 189.56799411079686, "time_cost": 75.95700000000001, "final_distance_cost": 1.7792494443039233, "oscillation_cost": 19.510699573156185, "completition_cost": 0.0, "overshoot_cost": 54.524261402716874, "power_cost": 14.584509826660158, "noise_cost": 23.212273863959684, "n_waypoints_completed": 9, "tot_waypoints": 9}}
{"target": -188.53378622102326, "params": {"k_pid_pos": [0.743667582666867, 0.020039505415284035, 0.2704929204702281], "k_pid_alt": [1.5697668172073733, 0.0, 0.40114506004407663], "k_pid_att": [19.9960908978619, 3.3065333939724857, 0.1775017382284793], "k_pid_yaw": [0.5, 1e-06, 0.1], "k_pid_hsp": [0.16016362086258829, 0.0, 0.0], "k_pid_vsp": [137.6539128617268, 68.29389075898428, 0.10832367787317745]}, "datetime": {"datetime": "2025-08-11 19:08:15", "elapsed": 9774.46655678749, "delta": 18.700867652893066}, "costs": {"total_cost": 188.53378622102326, "time_cost": 73.668, "final_distance_cost": 1.8453024418708195, "oscillation_cost": 25.034636389846778, "completition_cost": 0.0, "overshoot_cost": 51.08957833347201, "power_cost": 14.54020086669922, "noise_cost": 22.35606818913443, "n_waypoints_completed": 9, "tot_waypoints": 9}}
{"target": -1245.1605475266147, "params": {"k_pid_pos": [1.1354474536555714, 0.0, 0.3626150315138188], "k_pid_alt": [1.6237573584194807, 0.0, 0.29269448636189044], "k_pid_att": [24.05274524996872, 2.8076231336946327, 0.15679946100957953], "k_pid_yaw": [0.5, 1e-06, 0.1], "k_pid_hsp": [0.0001, 0.0, 0.0], "k_pid_vsp": [232.1321852945533, 45.12585069458489, 1e-06]}, "datetime": {"datetime": "2025-08-11 19:08:45", "elapsed": 9804.61216545105, "delta": 30.14560866355896}, "costs": {"total_cost": 1245.1605475266147, "time_cost": 150, "final_distance_cost": 48.110510875700086, "oscillation_cost": 0.007020444583799297, "completition_cost": 888.8888888888888, "overshoot_cost": 104.03464248548448, "power_cost": 21.012774719238283, "noise_cost": 33.106710112719455, "n_waypoints_completed": 1, "tot_waypoints": 9}}
{"target": -186.6504140249656, "params": {"k_pid_pos": [1.0039545048043232, 0.0, 0.29885309975164087], "k_pid_alt": [1.4751856859116703, 0.0, 0.22634269388537792], "k_pid_att": [19.98551924718374, 3.9834404395863117, 0.17710846542494108], "k_pid_yaw": [0.5, 1e-06, 0.1], "k_pid_hsp": [0.23430751722380028, 0.0, 0.0], "k_pid_vsp": [201.0247570859387, 62.82286435065277, 1e-06]}, "datetime": {"datetime": "2025-08-11 19:09:02", "elapsed": 9822.03406405449, "delta": 17.42189860343933}, "costs": {"total_cost": 186.6504140249656, "time_cost": 70.875, "final_distance_cost": 1.8447028002029477, "oscillation_cost": 27.07510034043342, "completition_cost": 0.0, "overshoot_cost": 50.657076164997356, "power_cost": 14.489859509277345, "noise_cost": 21.708675210054537, "n_waypoints_completed": 9, "tot_waypoints": 9}}
{"target": -187.87132088516128, "params": {"k_pid_pos": [1.062569376629991, 0.0, 0.4017599991356482], "k_pid_alt": [1.5496056107842913, 0.0, 0.2763605098763921], "k_pid_att": [25.686231364510803, 3.424269503734978, 0.17157909701878105], "k_pid_yaw": [0.5, 1e-06, 0.1], "k_pid_hsp": [0.5046403195750915, 0.0, 0.0], "k_pid_vsp": [207.39645891480515, 78.4705116844961, 1e-06]}, "datetime": {"datetime": "2025-08-11 19:09:20", "elapsed": 9840.136674880981, "delta": 18.10261082649231}, "costs": {"total_cost": 187.87132088516128, "time_cost": 71.694, "final_distance_cost": 1.8530860626171919, "oscillation_cost": 27.292161843195537, "completition_cost": 0.0, "overshoot_cost": 50.18032488903957, "power_cost": 14.765272375488282, "noise_cost": 22.08647571482069, "n_waypoints_completed": 9, "tot_waypoints": 9}}
{"target": -187.1714932442402, "params": {"k_pid_pos": [1.2608214691225017, 0.0, 0.5303634868018281], "k_pid_alt": [1.7747046689773316, 0.0, 0.2024311244289339], "k_pid_att": [14.49312982710229, 2.105544340947305, 0.13883717410991406], "k_pid_yaw": [0.5, 1e-06, 0.1], "k_pid_hsp": [0.33136167332511435, 0.0, 0.0], "k_pid_vsp": [255.77092687419204, 105.36294030412657, 0.7152799282460435]}, "datetime": {"datetime": "2025-08-11 19:09:38", "elapsed": 9857.860584974289, "delta": 17.723910093307495}, "costs": {"total_cost": 187.1714932442402, "time_cost": 70.658, "final_distance_cost": 1.8477398074535798, "oscillation_cost": 27.81613486362966, "completition_cost": 0.0, "overshoot_cost": 50.5727284414437, "power_cost": 14.628665954589845, "noise_cost": 21.648224177123424, "n_waypoints_completed": 9, "tot_waypoints": 9}}
{"target": -186.45147075377668, "params": {"k_pid_pos": [1.6453562266516442, 0.0, 0.7101066959955171], "k_pid_alt": [1.6086836718500384, 0.0, 0.23394477021350474], "k_pid_att": [28.628791866132534, 3.196783094946193, 0.20057611015462062], "k_pid_yaw": [0.5, 1e-06, 0.1], "k_pid_hsp": [0.08423739671008168, 0.0, 0.0], "k_pid_vsp": [225.9539428339611, 67.49199380560174, 0.14429162375305804]}, "datetime": {"datetime": "2025-08-11 19:09:55", "elapsed": 9875.108480453491, "delta": 17.24789547920227}, "costs": {"total_cost": 186.45147075377668, "time_cost": 70.665, "final_distance_cost": 1.8140786739130352, "oscillation_cost": 26.406126122864364, "completition_cost": 0.0, "overshoot_cost": 52.06220843288091, "power_cost": 14.267270385742188, "noise_cost": 21.236787138376183, "n_waypoints_completed": 9, "tot_waypoints": 9}}
{"target": -196.75329935748468, "params": {"k_pid_pos": [1.0751986989179934, 0.0035707179665311894, 0.27538696375905714], "k_pid_alt": [1.4766405329302794, 0.0, 0.3800028309437347], "k_pid_att": [30.41473363615927, 1.4039405174900588, 0.08219351449378787], "k_pid_yaw": [0.5, 1e-06, 0.1], "k_pid_hsp": [1.2879590083451917, 0.0, 0.0], "k_pid_vsp": [210.2649880143118, 60.83598172001449, 1e-06]}, "datetime": {"datetime": "2025-08-11 19:10:13", "elapsed": 9893.061494350433, "delta": 17.95301389694214}, "costs": {"total_cost": 196.75329935748468, "time_cost": 71.379, "final_distance_cost": 1.8519061928208742, "oscillation_cost": 36.1801999768337, "completition_cost": 0.0, "overshoot_cost": 50.62114093324357, "power_cost": 14.845923522949219, "noise_cost": 21.87512873163733, "n_waypoints_completed": 9, "tot_waypoints": 9}}
{"target": -189.8437493388347, "params": {"k_pid_pos": [1.1350114540097167, 0.017606335772099684, 0.2940725237723556], "k_pid_alt": [1.607453953431704, 0.0, 0.37641145780684016], "k_pid_att": [9.345563675061442, 3.0181550384916016, 0.1751193329855485], "k_pid_yaw": [0.5, 1e-06, 0.1], "k_pid_hsp": [0.48605491103950615, 0.0, 0.0], "k_pid_vsp": [170.77432335441028, 45.84762920529619, 1e-06]}, "datetime": {"datetime": "2025-08-11 19:10:30", "elapsed": 9910.244677782059, "delta": 17.183183431625366}, "costs": {"total_cost": 189.8437493388347, "time_cost": 70.371, "final_distance_cost": 1.8407837587742584, "oscillation_cost": 30.510619118798296, "completition_cost": 0.0, "overshoot_cost": 50.87019632749183, "power_cost": 14.695209338378907, "noise_cost": 21.55594079539138, "n_waypoints_completed": 9, "tot_waypoints": 9}}
{"target": -207.8322077586195, "params": {"k_pid_pos": [0.6701361183802873, 0.0, 0.32568544482916384], "k_pid_alt": [1.508271424208665, 0.0, 0.29569843681081953], "k_pid_att": [20.535492541170306, 3.258876612633954, 0.2008933765756447], "k_pid_yaw": [0.5, 1e-06, 0.1], "k_pid_hsp": [0.03555685713866966, 0.0, 0.0], "k_pid_vsp": [193.8152486422211, 41.78012754678613, 1.1843776798279537]}, "datetime": {"datetime": "2025-08-11 19:10:53", "elapsed": 9932.533765792847, "delta": 22.289088010787964}, "costs": {"total_cost": 207.8322077586195, "time_cost": 88.977, "final_distance_cost": 1.799721409256271, "oscillation_cost": 12.851647186760548, "completition_cost": 0.0, "overshoot_cost": 60.26882316617408, "power_cost": 16.525197460937502, "noise_cost": 27.4098185354911, "n_waypoints_completed": 9, "tot_waypoints": 9}}
{"target": -1241.9246086246928, "params": {"k_pid_pos": [0.9797410672886522, 0.0, 0.37792483351124284], "k_pid_alt": [1.6835496042487665, 0.0, 0.3069123193429288], "k_pid_att": [22.84143311820041, 3.0573516827081315, 0.18514188306016247], "k_pid_yaw": [0.5, 1e-06, 0.1], "k_pid_hsp": [0.0001, 0.0, 0.0], "k_pid_vsp": [196.08764843740138, 69.88692251287176, 1e-06]}, "datetime": {"datetime": "2025-08-11 19:11:24", "elapsed": 9963.433902263641, "delta": 30.900136470794678}, "costs": {"total_cost": 1241.9246086246928, "time_cost": 150, "final_distance_cost": 47.57111887130006, "oscillation_cost": 0.005373655752891858, "completition_cost": 888.8888888888888, "overshoot_cost": 101.34525010378218, "power_cost": 21.014262646484376, "noise_cost": 33.09971445848474, "n_waypoints_completed": 1, "tot_waypoints": 9}}
{"target": -279.24116414635824, "params": {"k_pid_pos": [1.2441032743559546, 0.1667475125499937, 0.31055037824255377], "k_pid_alt": [1.6591125062024277, 0.0, 0.6357313331546864], "k_pid_att": [9.705143393962175, 2.1548754230698455, 0.9569902963464466], "k_pid_yaw": [0.5, 1e-06, 0.1], "k_pid_hsp": [2.102687335664032, 0.07080172347857183, 0.3133522787198582], "k_pid_vsp": [262.2791200794832, 400.0, 33.57508143503773]}, "datetime": {"datetime": "2025-08-11 19:11:44", "elapsed": 9983.646627426147, "delta": 20.212725162506104}, "costs": {"total_cost": 279.24116414635824, "time_cost": 80.101, "final_distance_cost": 1.8240836593418488, "oscillation_cost": 102.70218059700025, "completition_cost": 0.0, "overshoot_cost": 52.59679843940992, "power_cost": 21.797833374023437, "noise_cost": 20.219268076582782, "n_waypoints_completed": 9, "tot_waypoints": 9}}
{"target": -186.49419534786693, "params": {"k_pid_pos": [1.1172955018174093, 0.040517266897404716, 0.37945260311768647], "k_pid_alt": [1.591132672827421, 0.0, 0.348540274868864], "k_pid_att": [14.980088852215214, 3.1711464868116126, 0.16677090209033094], "k_pid_yaw": [0.5, 1e-06, 0.1], "k_pid_hsp": [0.314313045884168, 0.0, 0.0], "k_pid_vsp": [194.41289188410968, 64.23657045459495, 1e-06]}, "datetime": {"datetime": "2025-08-11 19:12:01", "elapsed": 10001.180651903152, "delta": 17.534024477005005}, "costs": {"total_cost": 186.49419534786693, "time_cost": 70.511, "final_distance_cost": 1.8368162004932607, "oscillation_cost": 27.7977765400814, "completition_cost": 0.0, "overshoot_cost": 50.427156373616945, "power_cost": 14.51158270263672, "noise_cost": 21.409863531038607, "n_waypoints_completed": 9, "tot_waypoints": 9}}
{"target": -186.81412760358427, "params": {"k_pid_pos": [1.2382396929288195, 0.0, 0.21508380771679214], "k_pid_alt": [1.5517237305317426, 0.0, 0.32930777241703657], "k_pid_att": [19.93609608047561, 2.903401013635666, 0.17773755481251902], "k_pid_yaw": [0.5, 1e-06, 0.1], "k_pid_hsp": [0.13839768356859827, 0.0, 0.0], "k_pid_vsp": [197.04067155314914, 54.98213552543173, 1e-06]}, "datetime": {"datetime": "2025-08-11 19:12:19", "elapsed": 10018.640060424805, "delta": 17.45940852165222}, "costs": {"total_cost": 186.81412760358427, "time_cost": 70.028, "final_distance_cost": 1.8216494656486764, "oscillation_cost": 28.241290367319877, "completition_cost": 0.0, "overshoot_cost": 51.254185622407284, "power_cost": 14.441121411132814, "noise_cost": 21.027880737075595, "n_waypoints_completed": 9, "tot_waypoints": 9}}
{"target": -1251.3002211439855, "params": {"k_pid_pos": [0.9893290283340038, 0.02538398902483055, 0.38265176645861343], "k_pid_alt": [1.5342933432129022, 0.0, 0.0], "k_pid_att": [20.78028292977912, 2.9552311568443126, 0.16685584223855304], "k_pid_yaw": [0.5, 1e-06, 0.1], "k_pid_hsp": [0.0001, 0.012236880569792375, 0.0], "k_pid_vsp": [211.90087678952688, 71.01666855057567, 0.514879930257619]}, "datetime": {"datetime": "2025-08-11 19:12:50", "elapsed": 10049.46201992035, "delta": 30.821959495544434}, "costs": {"total_cost": 1251.3002211439855, "time_cost": 150, "final_distance_cost": 62.84970415805326, "oscillation_cost": 3.992663195104669, "completition_cost": 888.8888888888888, "overshoot_cost": 91.29123502424044, "power_cost": 21.14745673828125, "noise_cost": 33.130273139416964, "n_waypoints_completed": 1, "tot_waypoints": 9}}
{"target": -184.11024340233286, "params": {"k_pid_pos": [0.8620184832833835, 0.0, 0.2043056744166245], "k_pid_alt": [1.6570931487765705, 0.0, 0.16156035469285862], "k_pid_att": [20.807702632810482, 2.3969743728579873, 0.12081846076965763], "k_pid_yaw": [0.5, 1e-06, 0.1], "k_pid_hsp": [0.11457261578592665, 0.0, 0.0], "k_pid_vsp": [150.68018770642223, 55.68355322512697, 0.1935463104323986]}, "datetime": {"datetime": "2025-08-11 19:13:07", "elapsed": 10067.113141298294, "delta": 17.651121377944946}, "costs": {"total_cost": 184.11024340233286, "time_cost": 70.819, "final_distance_cost": 1.8373895447829804, "oscillation_cost": 24.66684179984413, "completition_cost": 0.0, "overshoot_cost": 51.326571595352014, "power_cost": 14.14251220703125, "noise_cost": 21.317928255322485, "n_waypoints_completed": 9, "tot_waypoints": 9}}
{"target": -1241.2653857250164, "params": {"k_pid_pos": [0.9673801302943982, 0.0, 0.39978721719778004], "k_pid_alt": [1.6791789096782956, 0.0, 0.34718492213348157], "k_pid_att": [26.876292554409936, 1.9714364752678843, 0.26971725640336686], "k_pid_yaw": [0.5, 1e-06, 0.1], "k_pid_hsp": [0.0001, 0.0, 0.0], "k_pid_vsp": [151.31144043316786, 113.69111975031433, 1e-06]}, "datetime": {"datetime": "2025-08-11 19:13:37", "elapsed": 10097.277532815933, "delta": 30.16439151763916}, "costs": {"total_cost": 1241.2653857250164, "time_cost": 150, "final_distance_cost": 47.508028688565325, "oscillation_cost": 0.005057431453945088, "completition_cost": 888.8888888888888, "overshoot_cost": 100.78981914437469, "power_cost": 20.99225389404297, "noise_cost": 33.08133767769062, "n_waypoints_completed": 1, "tot_waypoints": 9}}
{"target": -186.2199957927367, "params": {"k_pid_pos": [1.19294935694552, 0.008101353268309772, 0.21054621139754004], "k_pid_alt": [1.5222046420596294, 0.0, 0.27005702830468675], "k_pid_att": [6.260177133246922, 2.6747519697846296, 0.1776986007707408], "k_pid_yaw": [0.5, 1e-06, 0.1], "k_pid_hsp": [0.10259968096616445, 0.0, 0.0], "k_pid_vsp": [206.00758417789956, 73.26485287925803, 1e-06]}, "datetime": {"datetime": "2025-08-11 19:13:55", "elapsed": 10115.034716367722, "delta": 17.75718355178833}, "costs": {"total_cost": 186.2199957927367, "time_cost": 70.217, "final_distance_cost": 1.820730034461063, "oscillation_cost": 27.82869394240404, "completition_cost": 0.0, "overshoot_cost": 51.12982747460446, "power_cost": 14.291802502441406, "noise_cost": 20.93194183882573, "n_waypoints_completed": 9, "tot_waypoints": 9}}
{"target": -1236.4660690873716, "params": {"k_pid_pos": [0.8326821670401612, 0.00890238544496141, 0.21923948431901633], "k_pid_alt": [1.4587728991075757, 0.0, 0.3231434799928898], "k_pid_att": [27.042407075382556, 3.661865333359054, 0.19198058166675191], "k_pid_yaw": [0.5, 1e-06, 0.1], "k_pid_hsp": [0.0001, 0.0, 0.0], "k_pid_vsp": [173.36857891033438, 28.479823675493293, 1e-06]}, "datetime": {"datetime": "2025-08-11 19:14:25", "elapsed": 10144.901154518127, "delta": 29.866438150405884}, "costs": {"total_cost": 1236.4660690873716, "time_cost": 150, "final_distance_cost": 46.934871686597155, "oscillation_cost": 0.00470891138327973, "completition_cost": 888.8888888888888, "overshoot_cost": 96.50928667060438, "power_cost": 21.013600451660157, "noise_cost": 33.11471247823808, "n_waypoints_completed": 1, "tot_waypoints": 9}}
{"target": -1247.7930786854815, "params": {"k_pid_pos": [1.7147703532198553, 0.019482404979854775, 0.40241553695110777], "k_pid_alt": [1.6080611614207645, 0.0, 0.2835013288127421], "k_pid_att": [16.086647100974847, 3.9682970236844937, 0.1851725870491007], "k_pid_yaw": [0.5, 1e-06, 0.1], "k_pid_hsp": [0.0001, 0.0, 0.0], "k_pid_vsp": [184.676886068752, 103.00375332654279, 1e-06]}, "datetime": {"datetime": "2025-08-11 19:14:55", "elapsed": 10175.21503996849, "delta": 30.31388545036316}, "costs": {"total_cost": 1247.7930786854815, "time_cost": 150, "final_distance_cost": 49.00551512793436, "oscillation_cost": 0.0054161588584105795, "completition_cost": 888.8888888888888, "overshoot_cost": 105.8115072382948, "power_cost": 20.99505263671875, "noise_cost": 33.08669863478638, "n_waypoints_completed": 1, "tot_waypoints": 9}}
