{"target": -185.20610472827633, "params": {"k_pid_pos": [0.9296318149663968, 0.012437888582891521, 0.0], "k_pid_alt": [1.5614270568494468, 0.0, 0.4794586769602207], "k_pid_att": [13.045487342975829, 2.070861550615475, 0.13758544508646683], "k_pid_yaw": [0.5, 1e-06, 0.1], "k_pid_hsp": [0.1231933656334695, 0.0, 0.0], "k_pid_vsp": [125.35713779058682, 43.74816288722014, 2.6187821117073167]}, "datetime": {"datetime": "2025-08-11 20:08:01", "elapsed": 13360.704689025879, "delta": 17.918233394622803}, "costs": {"total_cost": 185.20610472827633, "time_cost": 70.518, "final_distance_cost": 1.8131377577489338, "oscillation_cost": 26.79124993939165, "completition_cost": 0.0, "overshoot_cost": 50.97705236430982, "power_cost": 14.2338068359375, "noise_cost": 20.87285783088846, "n_waypoints_completed": 9, "tot_waypoints": 9}}
{"target": -190.6854251204701, "params": {"k_pid_pos": [0.6706907369730502, 0.10282838004030279, 0.11451138623457395], "k_pid_alt": [1.690169774579806, 0.0, 0.24905314809990906], "k_pid_att": [18.790934611080544, 1.5520660025601718, 0.3154634358104207], "k_pid_yaw": [0.5, 1e-06, 0.1], "k_pid_hsp": [0.21772931218784009, 0.0, 0.0], "k_pid_vsp": [189.24596717443342, 56.27373980914596, 1e-06]}, "datetime": {"datetime": "2025-08-11 20:08:20", "elapsed": 13379.84902215004, "delta": 19.144333124160767}, "costs": {"total_cost": 190.6854251204701, "time_cost": 73.836, "final_distance_cost": 1.8384037145837853, "oscillation_cost": 25.80360239933424, "completition_cost": 0.0, "overshoot_cost": 52.008060842231735, "power_cost": 14.733041369628907, "noise_cost": 22.46631679469142, "n_waypoints_completed": 9, "tot_waypoints": 9}}
{"target": -185.92233120932926, "params": {"k_pid_pos": [0.7377549883154386, 0.0, 0.0], "k_pid_alt": [1.7937126175639688, 0.0, 0.21991038582589542], "k_pid_att": [20.413855694730927, 2.149148015843509, 0.21914116343400486], "k_pid_yaw": [0.5, 1e-06, 0.1], "k_pid_hsp": [0.24997154588406767, 0.0, 0.0], "k_pid_vsp": [145.43752653039576, 32.762079162632105, 1e-06]}, "datetime": {"datetime": "2025-08-11 20:08:38", "elapsed": 13398.069295167923, "delta": 18.2202730178833}, "costs": {"total_cost": 185.92233120932926, "time_cost": 71.08500000000001, "final_distance_cost": 1.8510098261809442, "oscillation_cost": 25.805983965933343, "completition_cost": 0.0, "overshoot_cost": 51.00383001912732, "power_cost": 14.443612731933595, "noise_cost": 21.732894666154042, "n_waypoints_completed": 9, "tot_waypoints": 9}}
{"target": -193.77489578034985, "params": {"k_pid_pos": [0.3363858747076577, 0.0, 0.04079110987733794], "k_pid_alt": [1.5896554910018228, 0.0, 0.37540942272268973], "k_pid_att": [30.379881767039727, 2.242290494764357, 0.17811260830486983], "k_pid_yaw": [0.5, 1e-06, 0.1], "k_pid_hsp": [0.08603989493177952, 0.0, 0.0], "k_pid_vsp": [162.62234646212227, 51.7445096079811, 1e-06]}, "datetime": {"datetime": "2025-08-11 20:08:59", "elapsed": 13418.856735229492, "delta": 20.787440061569214}, "costs": {"total_cost": 193.77489578034985, "time_cost": 81.886, "final_distance_cost": 1.8473375214732912, "oscillation_cost": 14.587136776154917, "completition_cost": 0.0, "overshoot_cost": 54.24658263262761, "power_cost": 15.543612133789063, "noise_cost": 25.66422671630496, "n_waypoints_completed": 9, "tot_waypoints": 9}}
{"target": -183.8790531216551, "params": {"k_pid_pos": [0.7799524275258332, 0.0, 0.0602898055851443], "k_pid_alt": [1.5347475701265463, 0.0, 0.2368569734261978], "k_pid_att": [24.1983391834392, 2.2826954228323175, 0.19851714917647656], "k_pid_yaw": [0.5, 1e-06, 0.1], "k_pid_hsp": [0.11787011165958758, 0.0, 0.0], "k_pid_vsp": [156.72449271392497, 56.06073725847656, 0.13635475924670595]}, "datetime": {"datetime": "2025-08-11 20:09:17", "elapsed": 13437.04057264328, "delta": 18.183837413787842}, "costs": {"total_cost": 183.8790531216551, "time_cost": 70.84700000000001, "final_distance_cost": 1.8182553757603932, "oscillation_cost": 24.28743602856066, "completition_cost": 0.0, "overshoot_cost": 51.58435615149804, "power_cost": 14.188908740234377, "noise_cost": 21.1530968256016, "n_waypoints_completed": 9, "tot_waypoints": 9}}
{"target": -184.26140141358638, "params": {"k_pid_pos": [0.6078778506374376, 0.0, 0.0], "k_pid_alt": [1.6098912662948957, 0.0, 0.37922623672393735], "k_pid_att": [18.75927095060623, 2.233139909311647, 0.18700038043737563], "k_pid_yaw": [0.5, 1e-06, 0.1], "k_pid_hsp": [0.12464592810843851, 0.0, 0.0], "k_pid_vsp": [193.3549018687056, 58.369872010649445, 0.2934909205559838]}, "datetime": {"datetime": "2025-08-11 20:09:35", "elapsed": 13454.45013332367, "delta": 17.409560680389404}, "costs": {"total_cost": 184.26140141358638, "time_cost": 72.121, "final_distance_cost": 1.826325536898585, "oscillation_cost": 23.203960616044633, "completition_cost": 0.0, "overshoot_cost": 51.03195222781712, "power_cost": 14.271668090820313, "noise_cost": 21.806494942005717, "n_waypoints_completed": 9, "tot_waypoints": 9}}
{"target": -773.4866437184496, "params": {"k_pid_pos": [0.8441135807991533, 0.0, 0.0], "k_pid_alt": [1.4947019742111696, 0.0, 0.331516264378056], "k_pid_att": [23.49062097351675, 2.0460068344557074, 0.2187985271481594], "k_pid_yaw": [0.5, 1e-06, 0.1], "k_pid_hsp": [0.014568504603349963, 0.0, 0.0], "k_pid_vsp": [163.36534945378656, 55.036066337066764, 0.22354864942177607]}, "datetime": {"datetime": "2025-08-11 20:10:05", "elapsed": 13484.447747468948, "delta": 29.99761414527893}, "costs": {"total_cost": 773.4866437184496, "time_cost": 150, "final_distance_cost": 53.90195609928836, "oscillation_cost": 6.030391501113459, "completition_cost": 444.4444444444444, "overshoot_cost": 64.82576255743464, "power_cost": 21.390895043945314, "noise_cost": 32.893194072223594, "n_waypoints_completed": 5, "tot_waypoints": 9}}
{"target": -216.4370334897439, "params": {"k_pid_pos": [0.6436484639306412, 0.0, 0.0], "k_pid_alt": [1.4328113301205794, 0.0, 0.32406614823148433], "k_pid_att": [25.615996637967605, 1.1601601934009222, 0.2600502158628397], "k_pid_yaw": [0.5, 1e-06, 0.1], "k_pid_hsp": [0.041255570385146934, 0.0, 0.0], "k_pid_vsp": [146.51709779060073, 99.7725124517838, 0.23363250334959562]}, "datetime": {"datetime": "2025-08-11 20:10:28", "elapsed": 13507.788802862167, "delta": 23.341055393218994}, "costs": {"total_cost": 216.4370334897439, "time_cost": 94.787, "final_distance_cost": 1.8015479775352368, "oscillation_cost": 15.165191018533534, "completition_cost": 0.0, "overshoot_cost": 58.64264445443956, "power_cost": 17.62342098388672, "noise_cost": 28.41722905534885, "n_waypoints_completed": 9, "tot_waypoints": 9}}
{"target": -412.0668340087314, "params": {"k_pid_pos": [0.17763982582806764, 0.0, 0.0], "k_pid_alt": [1.5189586068327752, 0.0, 0.2983959343183807], "k_pid_att": [21.116861956926726, 2.658653169002217, 0.15909288302605276], "k_pid_yaw": [0.5, 1e-06, 0.1], "k_pid_hsp": [0.08768529408042054, 0.0, 0.0], "k_pid_vsp": [171.21097306097826, 61.936485990783794, 1e-06]}, "datetime": {"datetime": "2025-08-11 20:10:58", "elapsed": 13538.142425060272, "delta": 30.35362219810486}, "costs": {"total_cost": 412.0668340087314, "time_cost": 150, "final_distance_cost": 23.016147714286312, "oscillation_cost": 11.48759019596596, "completition_cost": 111.11111111111116, "overshoot_cost": 61.50668479806518, "power_cost": 21.801220776367188, "noise_cost": 33.14407941293556, "n_waypoints_completed": 8, "tot_waypoints": 9}}
{"target": -183.89345469819554, "params": {"k_pid_pos": [0.7099883356755509, 0.0, 0.0], "k_pid_alt": [1.3810045872653485, 0.0, 0.37023413152522916], "k_pid_att": [24.84895858072326, 2.2094630135397093, 0.21086553526615118], "k_pid_yaw": [0.5, 1e-06, 0.1], "k_pid_hsp": [0.10529500506419642, 0.0, 0.0], "k_pid_vsp": [162.63023985198927, 52.43580558979795, 1e-06]}, "datetime": {"datetime": "2025-08-11 20:11:17", "elapsed": 13556.401443958282, "delta": 18.259018898010254}, "costs": {"total_cost": 183.89345469819554, "time_cost": 71.834, "final_distance_cost": 1.8137817673828351, "oscillation_cost": 23.035421030686905, "completition_cost": 0.0, "overshoot_cost": 51.69459815281496, "power_cost": 14.170430114746095, "noise_cost": 21.34522363256474, "n_waypoints_completed": 9, "tot_waypoints": 9}}
{"target": -1243.9098667109424, "params": {"k_pid_pos": [1.0442270454666778, 0.0, 0.0], "k_pid_alt": [1.507632533410024, 0.0, 0.2538791834110307], "k_pid_att": [8.784402459397533, 1.8497350041257636, 0.2182218596670754], "k_pid_yaw": [0.5, 1e-06, 0.1], "k_pid_hsp": [0.0001, 0.0, 0.0], "k_pid_vsp": [153.40785637122687, 28.022673228969754, 0.1748166267857171]}, "datetime": {"datetime": "2025-08-11 20:11:47", "elapsed": 13586.512087345123, "delta": 30.11064338684082}, "costs": {"total_cost": 1243.9098667109424, "time_cost": 150, "final_distance_cost": 47.87077533557892, "oscillation_cost": 0.0049190238230278375, "completition_cost": 888.8888888888888, "overshoot_cost": 103.0213199336417, "power_cost": 21.010604687500003, "noise_cost": 33.11335884150974, "n_waypoints_completed": 1, "tot_waypoints": 9}}
{"target": -183.88386043336408, "params": {"k_pid_pos": [0.8002854792390998, 0.0, 0.0], "k_pid_alt": [1.5866775600535543, 0.0, 0.2867810987442089], "k_pid_att": [28.23431849596851, 2.182610312259163, 0.1857374755435306], "k_pid_yaw": [0.5, 1e-06, 0.1], "k_pid_hsp": [0.1329966454091706, 0.0, 0.0], "k_pid_vsp": [149.618124159511, 52.19300130236704, 1e-06]}, "datetime": {"datetime": "2025-08-11 20:12:04", "elapsed": 13603.54945063591, "delta": 17.037363290786743}, "costs": {"total_cost": 183.88386043336408, "time_cost": 70.399, "final_distance_cost": 1.8027481430146948, "oscillation_cost": 25.377819778600955, "completition_cost": 0.0, "overshoot_cost": 51.026935042376216, "power_cost": 14.210527514648438, "noise_cost": 21.06682995472377, "n_waypoints_completed": 9, "tot_waypoints": 9}}
{"target": -1285.461490216108, "params": {"k_pid_pos": [0.0001, 0.0, 0.057733147657677286], "k_pid_alt": [1.4821206757693588, 0.0, 0.3782540558960614], "k_pid_att": [26.145018229739726, 2.348121112268577, 0.19278121465989928], "k_pid_yaw": [0.5, 1e-06, 0.1], "k_pid_hsp": [0.09425104753277343, 0.0, 0.0], "k_pid_vsp": [151.72694963245826, 46.14288135320845, 1e-06]}, "datetime": {"datetime": "2025-08-11 20:12:34", "elapsed": 13633.49264907837, "delta": 29.943198442459106}, "costs": {"total_cost": 1285.461490216108, "time_cost": 150, "final_distance_cost": 46.00154988992244, "oscillation_cost": 0.12208144920641918, "completition_cost": 1000.0, "overshoot_cost": 35.284970391333175, "power_cost": 21.00047255859375, "noise_cost": 33.05241592705201, "n_waypoints_completed": 0, "tot_waypoints": 9}}
{"target": -192.06176034296422, "params": {"k_pid_pos": [0.8062606000299498, 0.0, 0.0], "k_pid_alt": [1.7600021089531332, 0.0, 0.37416926697994907], "k_pid_att": [32.98834575593726, 1.7398408971914536, 0.16727691407149198], "k_pid_yaw": [0.5, 1e-06, 0.1], "k_pid_hsp": [0.0628697944689591, 0.0, 0.0], "k_pid_vsp": [157.45717239569169, 48.38889945504724, 1e-06]}, "datetime": {"datetime": "2025-08-11 20:12:53", "elapsed": 13652.83685016632, "delta": 19.34420108795166}, "costs": {"total_cost": 192.06176034296422, "time_cost": 76.517, "final_distance_cost": 1.7616008615323935, "oscillation_cost": 21.974730321348073, "completition_cost": 0.0, "overshoot_cost": 53.89181455603903, "power_cost": 14.877524401855469, "noise_cost": 23.039090202189236, "n_waypoints_completed": 9, "tot_waypoints": 9}}
{"target": -198.104963520477, "params": {"k_pid_pos": [0.7347334712643196, 0.0, 0.0], "k_pid_alt": [1.6931165304063414, 0.0, 0.08759924040560582], "k_pid_att": [20.207328410524784, 2.2437625420852703, 0.36351370724871046], "k_pid_yaw": [0.5, 1e-06, 0.1], "k_pid_hsp": [0.049020890944323464, 0.0, 0.0], "k_pid_vsp": [157.04257652871217, 49.31639310734556, 1e-06]}, "datetime": {"datetime": "2025-08-11 20:13:13", "elapsed": 13673.34048295021, "delta": 20.50363278388977}, "costs": {"total_cost": 198.104963520477, "time_cost": 81.683, "final_distance_cost": 1.772022484784148, "oscillation_cost": 18.103128383673, "completition_cost": 0.0, "overshoot_cost": 56.20792999806143, "power_cost": 15.52816414794922, "noise_cost": 24.810718506009234, "n_waypoints_completed": 9, "tot_waypoints": 9}}
{"target": -1221.0599801221656, "params": {"k_pid_pos": [0.6246332249079144, 0.0, 0.22958426843393612], "k_pid_alt": [1.4137064278228955, 0.0, 0.22077917579033124], "k_pid_att": [20.29919708086212, 1.5867149696540122, 0.21224067051432502], "k_pid_yaw": [0.5, 1e-06, 0.1], "k_pid_hsp": [0.0001, 0.0, 0.0], "k_pid_vsp": [138.21407812138003, 56.0956053760402, 1e-06]}, "datetime": {"datetime": "2025-08-11 20:13:43", "elapsed": 13703.042555332184, "delta": 29.702072381973267}, "costs": {"total_cost": 1221.0599801221656, "time_cost": 150, "final_distance_cost": 45.84193654230168, "oscillation_cost": 0.003545826808541485, "completition_cost": 888.8888888888888, "overshoot_cost": 82.22402579878599, "power_cost": 21.001373388671876, "noise_cost": 33.10020967670847, "n_waypoints_completed": 1, "tot_waypoints": 9}}
{"target": -183.55678836318552, "params": {"k_pid_pos": [0.5672634832544401, 0.0, 0.0], "k_pid_alt": [1.6335655282341959, 0.0, 0.3721051448233492], "k_pid_att": [16.601629510021944, 2.069637649105817, 0.2778465517396496], "k_pid_yaw": [0.5, 1e-06, 0.1], "k_pid_hsp": [0.08182915914029182, 0.0, 0.0], "k_pid_vsp": [164.21998908831085, 49.782297376847104, 0.12026898758574572]}, "datetime": {"datetime": "2025-08-11 20:14:01", "elapsed": 13721.31673502922, "delta": 18.274179697036743}, "costs": {"total_cost": 183.55678836318552, "time_cost": 73.57000000000001, "final_distance_cost": 1.8063751742008707, "oscillation_cost": 19.27694958203171, "completition_cost": 0.0, "overshoot_cost": 52.483806386528535, "power_cost": 14.274054980468751, "noise_cost": 22.145602239955643, "n_waypoints_completed": 9, "tot_waypoints": 9}}
{"target": -190.81001495682492, "params": {"k_pid_pos": [0.7050394461397606, 0.0, 0.0], "k_pid_alt": [1.345445774831929, 0.0, 0.4318170199797598], "k_pid_att": [22.82556412551628, 2.076631680073826, 0.08561158406217649], "k_pid_yaw": [0.5, 1e-06, 0.1], "k_pid_hsp": [0.31753723509244913, 0.0, 0.0], "k_pid_vsp": [161.5409606294512, 44.61755816996514, 1e-06]}, "datetime": {"datetime": "2025-08-11 20:14:19", "elapsed": 13739.347489118576, "delta": 18.03075408935547}, "costs": {"total_cost": 190.81001495682492, "time_cost": 73.22, "final_distance_cost": 1.8512945046363525, "oscillation_cost": 27.47434576089956, "completition_cost": 0.0, "overshoot_cost": 51.08225096947971, "power_cost": 14.84173006591797, "noise_cost": 22.340393655891308, "n_waypoints_completed": 9, "tot_waypoints": 9}}
{"target": -184.4752953675158, "params": {"k_pid_pos": [0.5307171366394108, 0.0, 0.0], "k_pid_alt": [1.6910053389100255, 0.0, 0.34647027499590816], "k_pid_att": [22.65376030832803, 1.942258462202708, 0.26008056562278725], "k_pid_yaw": [0.5, 1e-06, 0.1], "k_pid_hsp": [0.11883764586443075, 0.0, 0.0], "k_pid_vsp": [141.45230896065985, 53.01364434092134, 0.44248629208122914]}, "datetime": {"datetime": "2025-08-11 20:14:37", "elapsed": 13757.306455612183, "delta": 17.958966493606567}, "costs": {"total_cost": 184.4752953675158, "time_cost": 73.087, "final_distance_cost": 1.8349274865976344, "oscillation_cost": 21.53850282241135, "completition_cost": 0.0, "overshoot_cost": 51.58588552399633, "power_cost": 14.307404870605469, "noise_cost": 22.121574663905022, "n_waypoints_completed": 9, "tot_waypoints": 9}}
{"target": -187.52695310667616, "params": {"k_pid_pos": [1.2761470247869764, 0.013581315785031097, 0.10102822047120998], "k_pid_alt": [1.6540411560983652, 0.0, 0.16043998481239344], "k_pid_att": [22.89077386013504, 2.801539500070632, 0.4619236803900367], "k_pid_yaw": [0.5, 1e-06, 0.1], "k_pid_hsp": [0.2882277588129678, 0.0, 0.0], "k_pid_vsp": [299.69276412552125, 64.45100745846395, 1e-06]}, "datetime": {"datetime": "2025-08-11 20:14:55", "elapsed": 13774.422966957092, "delta": 17.116511344909668}, "costs": {"total_cost": 187.52695310667616, "time_cost": 69.461, "final_distance_cost": 1.8142191506917456, "oscillation_cost": 30.200979379753075, "completition_cost": 0.0, "overshoot_cost": 50.729298598217994, "power_cost": 14.595201892089845, "noise_cost": 20.726254085923493, "n_waypoints_completed": 9, "tot_waypoints": 9}}
{"target": -184.44294984263587, "params": {"k_pid_pos": [0.6425336814517054, 0.0, 0.0], "k_pid_alt": [1.505321272741615, 0.0, 0.1229559988807529], "k_pid_att": [17.157208324597505, 2.069505943094661, 0.1837260809590579], "k_pid_yaw": [0.5, 1e-06, 0.1], "k_pid_hsp": [0.13748285639857988, 0.0, 0.0], "k_pid_vsp": [187.84622478489007, 55.18494008098847, 1e-06]}, "datetime": {"datetime": "2025-08-11 20:15:12", "elapsed": 13792.202748060226, "delta": 17.779781103134155}, "costs": {"total_cost": 184.44294984263587, "time_cost": 71.498, "final_distance_cost": 1.829167454550609, "oscillation_cost": 23.947781079157608, "completition_cost": 0.0, "overshoot_cost": 51.35231980178639, "power_cost": 14.22560947265625, "noise_cost": 21.590072034484983, "n_waypoints_completed": 9, "tot_waypoints": 9}}
{"target": -184.44677431771368, "params": {"k_pid_pos": [0.5733454874638337, 0.0, 0.0], "k_pid_alt": [1.5644642592762534, 0.0, 0.24567146176611487], "k_pid_att": [26.73200972857893, 2.1721151987747103, 0.21645707228837024], "k_pid_yaw": [0.5, 1e-06, 0.1], "k_pid_hsp": [0.11826603521334197, 0.0, 0.0], "k_pid_vsp": [138.49958699957486, 39.000208240766554, 0.10598117387131753]}, "datetime": {"datetime": "2025-08-11 20:15:30", "elapsed": 13810.330048084259, "delta": 18.127300024032593}, "costs": {"total_cost": 184.44677431771368, "time_cost": 72.464, "final_distance_cost": 1.823546215924257, "oscillation_cost": 21.960839130983665, "completition_cost": 0.0, "overshoot_cost": 51.8781680596162, "power_cost": 14.327899194335938, "noise_cost": 21.992321716853603, "n_waypoints_completed": 9, "tot_waypoints": 9}}
{"target": -189.0377217798627, "params": {"k_pid_pos": [0.8834599327346597, 0.018520032247119997, 0.18646680881096006], "k_pid_alt": [1.5739058601170253, 0.0, 0.33428562895184694], "k_pid_att": [32.94445977787338, 1.959132229240507, 0.16451819228193643], "k_pid_yaw": [0.5, 1e-06, 0.1], "k_pid_hsp": [0.5740340427377448, 0.0, 0.0], "k_pid_vsp": [214.87147534083573, 41.82291742526469, 1e-06]}, "datetime": {"datetime": "2025-08-11 20:15:48", "elapsed": 13827.785891771317, "delta": 17.455843687057495}, "costs": {"total_cost": 189.0377217798627, "time_cost": 72.002, "final_distance_cost": 1.8512710864926851, "oscillation_cost": 27.127082650365754, "completition_cost": 0.0, "overshoot_cost": 51.123460482978, "power_cost": 14.761613793945314, "noise_cost": 22.172293766080948, "n_waypoints_completed": 9, "tot_waypoints": 9}}
{"target": -184.0827801391284, "params": {"k_pid_pos": [0.6597827627846424, 0.011422675886383397, 0.03961729268741207], "k_pid_alt": [1.6783217928205398, 0.0, 0.28111792154441306], "k_pid_att": [44.27013267575658, 2.510549937858204, 0.20387587656977585], "k_pid_yaw": [0.5, 1e-06, 0.1], "k_pid_hsp": [0.12200142660491814, 0.0, 0.0], "k_pid_vsp": [124.84129011278185, 55.342701799211476, 1e-06]}, "datetime": {"datetime": "2025-08-11 20:16:06", "elapsed": 13845.4372985363, "delta": 17.65140676498413}, "costs": {"total_cost": 184.0827801391284, "time_cost": 71.505, "final_distance_cost": 1.8381827584519959, "oscillation_cost": 23.458081990282476, "completition_cost": 0.0, "overshoot_cost": 51.601530239591305, "power_cost": 14.176362072753907, "noise_cost": 21.503623078048708, "n_waypoints_completed": 9, "tot_waypoints": 9}}
{"target": -184.12676795601084, "params": {"k_pid_pos": [0.692324958489339, 0.0, 0.0], "k_pid_alt": [1.6694017329252242, 0.0, 0.2778130040600153], "k_pid_att": [19.229678477201823, 2.0311321051061433, 0.31355545679991853], "k_pid_yaw": [0.5, 1e-06, 0.1], "k_pid_hsp": [0.089377077066047, 0.0, 0.0], "k_pid_vsp": [116.10144860285524, 39.55287091807428, 1e-06]}, "datetime": {"datetime": "2025-08-11 20:16:24", "elapsed": 13863.667915821075, "delta": 18.23061728477478}, "costs": {"total_cost": 184.12676795601084, "time_cost": 71.918, "final_distance_cost": 1.795347884176895, "oscillation_cost": 22.23179203492688, "completition_cost": 0.0, "overshoot_cost": 52.53903115714073, "power_cost": 14.14476904296875, "noise_cost": 21.497827836797565, "n_waypoints_completed": 9, "tot_waypoints": 9}}
{"target": -189.96291029360734, "params": {"k_pid_pos": [0.5210465435784168, 0.0, 0.0], "k_pid_alt": [1.592814372082452, 0.0, 0.2755995562897773], "k_pid_att": [24.65685247277465, 1.6620344854620304, 0.33614767751810265], "k_pid_yaw": [0.5, 1e-06, 0.1], "k_pid_hsp": [0.058161634007091456, 0.0, 0.0], "k_pid_vsp": [188.44429043329544, 52.354977103984595, 1e-06]}, "datetime": {"datetime": "2025-08-11 20:16:43", "elapsed": 13883.137484073639, "delta": 19.469568252563477}, "costs": {"total_cost": 189.96291029360734, "time_cost": 78.736, "final_distance_cost": 1.7873951404323236, "oscillation_cost": 15.902716309948264, "completition_cost": 0.0, "overshoot_cost": 54.77366117307497, "power_cost": 14.989870800781251, "noise_cost": 23.77326686937052, "n_waypoints_completed": 9, "tot_waypoints": 9}}
{"target": -198.1681721865182, "params": {"k_pid_pos": [0.5398747227030498, 0.0, 0.2650269561642294], "k_pid_alt": [1.6708796228954552, 0.0, 0.06802556229771668], "k_pid_att": [22.990247928021375, 2.127918197335721, 0.15799993962559966], "k_pid_yaw": [0.5, 1e-06, 0.1], "k_pid_hsp": [0.15729215893111387, 0.0, 0.0], "k_pid_vsp": [168.65191371981294, 50.88598995161963, 1e-06]}, "datetime": {"datetime": "2025-08-11 20:17:03", "elapsed": 13903.035523414612, "delta": 19.8980393409729}, "costs": {"total_cost": 198.1681721865182, "time_cost": 80.437, "final_distance_cost": 1.8550310328289814, "oscillation_cost": 22.59480239169081, "completition_cost": 0.0, "overshoot_cost": 52.280035598303904, "power_cost": 15.57717294921875, "noise_cost": 25.42413021447579, "n_waypoints_completed": 9, "tot_waypoints": 9}}
