{"target": -182.40354889425453, "params": {"k_pid_pos": [0.5574000573434295, 5.606330215179621e-05, 0.00011131450843029664], "k_pid_alt": [1.6145905648838184, 0.0, 0.09498269338020982], "k_pid_att": [25.940376271221353, 2.1718888900909334, 0.24654646813719108], "k_pid_yaw": [0.5, 1e-06, 0.1], "k_pid_hsp": [0.08867358754549372, 0.0, 0.0], "k_pid_vsp": [128.0550568043178, 125.64157705502359, 1.141950730379564]}, "datetime": {"datetime": "2025-08-12 02:50:11", "elapsed": 37491.36810350418, "delta": 19.50990343093872}, "costs": {"total_cost": 182.40354889425453, "time_cost": 72.604, "final_distance_cost": 1.8171361457313597, "oscillation_cost": 19.805809067835064, "completition_cost": 0.0, "overshoot_cost": 52.23814919121404, "power_cost": 14.19461767578125, "noise_cost": 21.743836813692845, "n_waypoints_completed": 9, "tot_waypoints": 9}}
{"target": -182.5253060991676, "params": {"k_pid_pos": [0.5154353452387812, 0.0, 0.0], "k_pid_alt": [1.6163787336767688, 0.0, 0.1428301681387094], "k_pid_att": [33.3706699936996, 2.132895524423905, 0.2092796038431806], "k_pid_yaw": [0.5, 1e-06, 0.1], "k_pid_hsp": [0.09117578994616074, 0.0, 0.0], "k_pid_vsp": [128.34383665051266, 129.71731177165233, 1.0043242651824285]}, "datetime": {"datetime": "2025-08-12 02:50:30", "elapsed": 37509.7674510479, "delta": 18.39934754371643}, "costs": {"total_cost": 182.5253060991676, "time_cost": 73.122, "final_distance_cost": 1.8152271353219411, "oscillation_cost": 19.18645548388993, "completition_cost": 0.0, "overshoot_cost": 52.2383535215822, "power_cost": 14.205985522460939, "noise_cost": 21.957284435912598, "n_waypoints_completed": 9, "tot_waypoints": 9}}
{"target": -182.11753229578107, "params": {"k_pid_pos": [0.5236377138267446, 0.0, 0.0], "k_pid_alt": [1.6131836599071019, 0.0, 0.15922260292856555], "k_pid_att": [25.845014911166793, 0.9648187550597174, 0.22859754995832013], "k_pid_yaw": [0.5, 1e-06, 0.1], "k_pid_hsp": [0.09353920495848882, 0.0, 0.0], "k_pid_vsp": [146.1008198288908, 103.170708112829, 1.150715097243199]}, "datetime": {"datetime": "2025-08-12 02:50:49", "elapsed": 37528.90839624405, "delta": 19.140945196151733}, "costs": {"total_cost": 182.11753229578107, "time_cost": 72.968, "final_distance_cost": 1.8287787436284106, "oscillation_cost": 19.168775684303057, "completition_cost": 0.0, "overshoot_cost": 52.05367976572659, "power_cost": 14.178694372558594, "noise_cost": 21.919603729564418, "n_waypoints_completed": 9, "tot_waypoints": 9}}
{"target": -182.16209067670826, "params": {"k_pid_pos": [0.525915831540683, 0.0, 0.0], "k_pid_alt": [1.6135632602279983, 0.0, 0.126048709464435], "k_pid_att": [26.868562057785738, 2.132762095904047, 0.22309459498153458], "k_pid_yaw": [0.5, 1e-06, 0.1], "k_pid_hsp": [0.09138602218973778, 0.0, 0.0], "k_pid_vsp": [127.78597675214733, 122.78520976710037, 1.098714802030188]}, "datetime": {"datetime": "2025-08-12 02:51:08", "elapsed": 37547.97029232979, "delta": 19.061896085739136}, "costs": {"total_cost": 182.16209067670826, "time_cost": 72.919, "final_distance_cost": 1.8352282862735443, "oscillation_cost": 19.339135858670627, "completition_cost": 0.0, "overshoot_cost": 52.012711058786564, "power_cost": 14.143829833984375, "noise_cost": 21.912185638993144, "n_waypoints_completed": 9, "tot_waypoints": 9}}
{"target": -181.78762587924035, "params": {"k_pid_pos": [0.5250979376866112, 0.0, 0.0], "k_pid_alt": [1.6116890622678304, 0.0, 0.13546024821803945], "k_pid_att": [22.519636644139783, 2.2215505345208415, 0.23884864041789827], "k_pid_yaw": [0.5, 1e-06, 0.1], "k_pid_hsp": [0.09168962252460766, 0.0, 0.0], "k_pid_vsp": [123.35507408380244, 129.43288233078619, 1.1630306421676244]}, "datetime": {"datetime": "2025-08-12 02:51:28", "elapsed": 37567.4461042881, "delta": 19.47581195831299}, "costs": {"total_cost": 181.78762587924035, "time_cost": 72.94, "final_distance_cost": 1.8210722162767277, "oscillation_cost": 19.25532581148905, "completition_cost": 0.0, "overshoot_cost": 51.660593458596175, "power_cost": 14.199612744140625, "noise_cost": 21.911021648737762, "n_waypoints_completed": 9, "tot_waypoints": 9}}
{"target": -182.6175590575059, "params": {"k_pid_pos": [0.5421114275265296, 0.0, 0.0], "k_pid_alt": [1.6122461824730632, 0.0, 0.1292128105986063], "k_pid_att": [30.272313966637086, 2.0237568982267713, 0.21621942891841298], "k_pid_yaw": [0.5, 1e-06, 0.1], "k_pid_hsp": [0.08981590089817004, 0.0, 0.0], "k_pid_vsp": [128.61658070068668, 114.02678895997354, 1.2056226441568838]}, "datetime": {"datetime": "2025-08-12 02:51:46", "elapsed": 37585.40694260597, "delta": 17.960838317871094}, "costs": {"total_cost": 182.6175590575059, "time_cost": 72.779, "final_distance_cost": 1.8137215852672903, "oscillation_cost": 19.506278628259114, "completition_cost": 0.0, "overshoot_cost": 52.44042064939019, "power_cost": 14.241277856445313, "noise_cost": 21.836860338143996, "n_waypoints_completed": 9, "tot_waypoints": 9}}
{"target": -182.3101815875206, "params": {"k_pid_pos": [0.5281254310950131, 0.0, 0.0], "k_pid_alt": [1.6018818177804313, 0.0, 0.08710613290815465], "k_pid_att": [30.675129833892097, 2.172310847337383, 0.22195517104793552], "k_pid_yaw": [0.5, 1e-06, 0.1], "k_pid_hsp": [0.09123952412887204, 0.0, 0.0], "k_pid_vsp": [132.78433184906433, 115.16770552995763, 1e-06]}, "datetime": {"datetime": "2025-08-12 02:52:05", "elapsed": 37604.79266190529, "delta": 19.385719299316406}, "costs": {"total_cost": 182.3101815875206, "time_cost": 72.863, "final_distance_cost": 1.8342873976895706, "oscillation_cost": 19.43367847945757, "completition_cost": 0.0, "overshoot_cost": 52.04437735276054, "power_cost": 14.187900109863282, "noise_cost": 21.946938247749653, "n_waypoints_completed": 9, "tot_waypoints": 9}}
{"target": -182.4795838500666, "params": {"k_pid_pos": [0.5270617927132684, 0.0, 0.0], "k_pid_alt": [1.6132158219003399, 0.0, 0.033420985319452604], "k_pid_att": [26.123483987515787, 2.1389905953045827, 0.20255669137878002], "k_pid_yaw": [0.5, 1e-06, 0.1], "k_pid_hsp": [0.09070059364135105, 0.0, 0.0], "k_pid_vsp": [128.06737693008984, 166.05941353188695, 1.7753352925228767]}, "datetime": {"datetime": "2025-08-12 02:52:23", "elapsed": 37622.60358262062, "delta": 17.81092071533203}, "costs": {"total_cost": 182.4795838500666, "time_cost": 72.828, "final_distance_cost": 1.8230821937537691, "oscillation_cost": 19.442848622220136, "completition_cost": 0.0, "overshoot_cost": 52.127779398983904, "power_cost": 14.258028283691408, "noise_cost": 21.99984535141741, "n_waypoints_completed": 9, "tot_waypoints": 9}}
{"target": -182.31888786783662, "params": {"k_pid_pos": [0.5635484516674442, 0.0, 0.0007444659188316665], "k_pid_alt": [1.5786002201720564, 0.0, 0.1306876393264416], "k_pid_att": [26.047745308869484, 2.1658494384669496, 0.17337901542342818], "k_pid_yaw": [0.5, 1e-06, 0.1], "k_pid_hsp": [0.09604959670117573, 0.00044235030079363706, 0.0], "k_pid_vsp": [129.13239178583066, 123.87962167208129, 1.4330501201031556]}, "datetime": {"datetime": "2025-08-12 02:52:42", "elapsed": 37641.815361738205, "delta": 19.21177911758423}, "costs": {"total_cost": 182.31888786783662, "time_cost": 72.24, "final_distance_cost": 1.815791967870225, "oscillation_cost": 20.77194415413285, "completition_cost": 0.0, "overshoot_cost": 51.72280193253985, "power_cost": 14.140019763183595, "noise_cost": 21.6283300501101, "n_waypoints_completed": 9, "tot_waypoints": 9}}
{"target": -182.15059365729067, "params": {"k_pid_pos": [0.524506042574117, 0.0, 0.0], "k_pid_alt": [1.6141974002747592, 0.0, 0.15488900855244395], "k_pid_att": [27.021229673887877, 2.1058270972269892, 0.2323403594272838], "k_pid_yaw": [0.5, 1e-06, 0.1], "k_pid_hsp": [0.0895617851373952, 0.0, 0.0], "k_pid_vsp": [129.64161166239185, 124.44270726438906, 1.1071453360177985]}, "datetime": {"datetime": "2025-08-12 02:53:01", "elapsed": 37660.81085085869, "delta": 18.9954891204834}, "costs": {"total_cost": 182.15059365729067, "time_cost": 73.052, "final_distance_cost": 1.823400418523992, "oscillation_cost": 19.173052371562317, "completition_cost": 0.0, "overshoot_cost": 51.93344257652832, "power_cost": 14.187412084960938, "noise_cost": 21.981286205715094, "n_waypoints_completed": 9, "tot_waypoints": 9}}
{"target": -181.90023340827895, "params": {"k_pid_pos": [0.5258443828678813, 0.0, 0.0], "k_pid_alt": [1.613810088814967, 0.0, 0.15180641697295352], "k_pid_att": [25.87155746345708, 2.1286140734967076, 0.21095221141779327], "k_pid_yaw": [0.5, 1e-06, 0.1], "k_pid_hsp": [0.0914321611135322, 0.0, 0.0], "k_pid_vsp": [128.3645257223313, 123.68327469401078, 1.1139048949628667]}, "datetime": {"datetime": "2025-08-12 02:53:20", "elapsed": 37679.73833608627, "delta": 18.92748522758484}, "costs": {"total_cost": 181.90023340827895, "time_cost": 72.947, "final_distance_cost": 1.829742072079139, "oscillation_cost": 19.3379543426193, "completition_cost": 0.0, "overshoot_cost": 51.69438149181144, "power_cost": 14.182466271972658, "noise_cost": 21.90868922979642, "n_waypoints_completed": 9, "tot_waypoints": 9}}
{"target": -182.2376841511522, "params": {"k_pid_pos": [0.5280787531799491, 0.0, 0.0], "k_pid_alt": [1.602871678878804, 0.0, 0.12847636600235313], "k_pid_att": [24.826663221880384, 2.1482411204828176, 0.22435982487086142], "k_pid_yaw": [0.5, 1e-06, 0.1], "k_pid_hsp": [0.08982646825655795, 0.0, 0.0], "k_pid_vsp": [132.8190070070829, 187.10200765609207, 1.2242032586222538]}, "datetime": {"datetime": "2025-08-12 02:53:38", "elapsed": 37697.85862374306, "delta": 18.120287656784058}, "costs": {"total_cost": 182.2376841511522, "time_cost": 72.968, "final_distance_cost": 1.8364496539984505, "oscillation_cost": 19.226403736415293, "completition_cost": 0.0, "overshoot_cost": 52.062236898373826, "power_cost": 14.285775366210938, "noise_cost": 21.858818496153678, "n_waypoints_completed": 9, "tot_waypoints": 9}}
{"target": -181.76666237413565, "params": {"k_pid_pos": [0.525271208265568, 0.0, 0.0], "k_pid_alt": [1.6171192306107653, 0.0, 0.13532605878626708], "k_pid_att": [25.718146963973805, 2.136662046416454, 0.23801054116085213], "k_pid_yaw": [0.5, 1e-06, 0.1], "k_pid_hsp": [0.0911843024725501, 0.0, 0.0], "k_pid_vsp": [130.20136341806077, 124.97578461604569, 1.2444844474941787]}, "datetime": {"datetime": "2025-08-12 02:53:58", "elapsed": 37717.48894190788, "delta": 19.63031816482544}, "costs": {"total_cost": 181.76666237413565, "time_cost": 72.947, "final_distance_cost": 1.8229438398749696, "oscillation_cost": 19.169911500663616, "completition_cost": 0.0, "overshoot_cost": 51.72176226688413, "power_cost": 14.192362963867188, "noise_cost": 21.912681802845736, "n_waypoints_completed": 9, "tot_waypoints": 9}}
{"target": -182.2322413838278, "params": {"k_pid_pos": [0.5275664573653185, 0.0, 0.0], "k_pid_alt": [1.6096705743437314, 0.0, 0.13752312580893733], "k_pid_att": [25.26132867036933, 2.1079566899117745, 0.23289087375301185], "k_pid_yaw": [0.5, 1e-06, 0.1], "k_pid_hsp": [0.09123847925672429, 0.0, 0.0], "k_pid_vsp": [127.96333483270081, 126.07955995201188, 1.3933728333073476]}, "datetime": {"datetime": "2025-08-12 02:54:16", "elapsed": 37735.38993859291, "delta": 17.900996685028076}, "costs": {"total_cost": 182.2322413838278, "time_cost": 72.919, "final_distance_cost": 1.8193682998616434, "oscillation_cost": 19.466760831270918, "completition_cost": 0.0, "overshoot_cost": 51.98195080420876, "power_cost": 14.142799853515626, "noise_cost": 21.902361594970866, "n_waypoints_completed": 9, "tot_waypoints": 9}}
{"target": -182.49247638079896, "params": {"k_pid_pos": [0.5270878263943833, 0.0, 0.0], "k_pid_alt": [1.6505606632768757, 0.0, 0.12684443859952224], "k_pid_att": [25.86623524673741, 2.012315416801569, 0.2221481091450181], "k_pid_yaw": [0.5, 1e-06, 0.1], "k_pid_hsp": [0.08420139577204509, 0.0, 0.0], "k_pid_vsp": [127.82575507810229, 122.50795171981201, 1.783662668932118]}, "datetime": {"datetime": "2025-08-12 02:54:35", "elapsed": 37754.532133579254, "delta": 19.142194986343384}, "costs": {"total_cost": 182.49247638079896, "time_cost": 73.234, "final_distance_cost": 1.8287415739930022, "oscillation_cost": 18.73939942713565, "completition_cost": 0.0, "overshoot_cost": 52.43520768752702, "power_cost": 14.227195043945313, "noise_cost": 22.027932648198014, "n_waypoints_completed": 9, "tot_waypoints": 9}}
{"target": -182.70990876436105, "params": {"k_pid_pos": [0.5369280923538721, 0.0, 0.0], "k_pid_alt": [1.6071362324687988, 0.0, 0.15757745740647097], "k_pid_att": [25.879279877697016, 2.131233684834848, 0.23038371478210845], "k_pid_yaw": [0.5, 1e-06, 0.1], "k_pid_hsp": [0.09219062023793509, 0.0, 0.0], "k_pid_vsp": [139.88618413489854, 125.4501644103148, 1e-06]}, "datetime": {"datetime": "2025-08-12 02:54:54", "elapsed": 37773.9663875103, "delta": 19.434253931045532}, "costs": {"total_cost": 182.70990876436105, "time_cost": 72.807, "final_distance_cost": 1.8197013004835518, "oscillation_cost": 19.639858351314846, "completition_cost": 0.0, "overshoot_cost": 52.160179762954215, "power_cost": 14.293279528808595, "noise_cost": 21.98988982079984, "n_waypoints_completed": 9, "tot_waypoints": 9}}
{"target": -182.19197296581024, "params": {"k_pid_pos": [0.526444848031418, 0.0, 0.0], "k_pid_alt": [1.6138845099107226, 0.0, 0.15138939402467153], "k_pid_att": [26.43027415439461, 2.138863289364127, 0.21181288430992876], "k_pid_yaw": [0.5, 1e-06, 0.1], "k_pid_hsp": [0.0909373301777778, 0.0, 0.0], "k_pid_vsp": [135.39360313820708, 115.18599502871223, 0.6872991832282137]}, "datetime": {"datetime": "2025-08-12 02:55:13", "elapsed": 37792.612078905106, "delta": 18.645691394805908}, "costs": {"total_cost": 182.19197296581024, "time_cost": 72.97500000000001, "final_distance_cost": 1.8165029810887845, "oscillation_cost": 19.21612037148974, "completition_cost": 0.0, "overshoot_cost": 51.88751267507637, "power_cost": 14.224914624023437, "noise_cost": 22.071922314131896, "n_waypoints_completed": 9, "tot_waypoints": 9}}
{"target": -183.92048797222472, "params": {"k_pid_pos": [0.526238703479366, 0.0, 0.0], "k_pid_alt": [1.6696698093561353, 0.0, 0.12353672252171827], "k_pid_att": [25.920399074994172, 2.1373766673643364, 0.217991744019293], "k_pid_yaw": [0.5, 1e-06, 0.1], "k_pid_hsp": [0.07208590522949734, 0.0, 0.0], "k_pid_vsp": [157.83383686863078, 123.48205669662536, 0.9399763840326784]}, "datetime": {"datetime": "2025-08-12 02:55:33", "elapsed": 37812.46695780754, "delta": 19.854878902435303}, "costs": {"total_cost": 183.92048797222472, "time_cost": 74.543, "final_distance_cost": 1.7995319034670463, "oscillation_cost": 17.78006366219763, "completition_cost": 0.0, "overshoot_cost": 53.05854328217957, "power_cost": 14.322521887207031, "noise_cost": 22.416827237173468, "n_waypoints_completed": 9, "tot_waypoints": 9}}
{"target": -182.1835664680962, "params": {"k_pid_pos": [0.5272445273038611, 0.0, 0.0], "k_pid_alt": [1.5575762198967982, 0.0, 0.1478481737289935], "k_pid_att": [25.41242257526534, 2.1908464368193785, 0.20561620338082853], "k_pid_yaw": [0.5, 1e-06, 0.1], "k_pid_hsp": [0.08929894134247623, 0.0, 0.0], "k_pid_vsp": [127.61656696097722, 125.42678360324234, 3.0416817624896764]}, "datetime": {"datetime": "2025-08-12 02:55:51", "elapsed": 37831.15238952637, "delta": 18.685431718826294}, "costs": {"total_cost": 182.1835664680962, "time_cost": 73.066, "final_distance_cost": 1.8365012285914524, "oscillation_cost": 19.178017074105576, "completition_cost": 0.0, "overshoot_cost": 51.942439724253035, "power_cost": 14.176512072753907, "noise_cost": 21.98409636839221, "n_waypoints_completed": 9, "tot_waypoints": 9}}
{"target": -182.5755976063561, "params": {"k_pid_pos": [0.5855762738929137, 0.0, 0.0], "k_pid_alt": [1.63544147400835, 0.0, 0.0964227837708368], "k_pid_att": [30.986665156195947, 2.3120216089537418, 0.23237891342988037], "k_pid_yaw": [0.5, 1e-06, 0.1], "k_pid_hsp": [0.090550239047031, 0.0, 0.0], "k_pid_vsp": [130.7005493166577, 122.98864563748434, 1.1479851870357198]}, "datetime": {"datetime": "2025-08-12 02:56:11", "elapsed": 37851.0318069458, "delta": 19.879417419433594}, "costs": {"total_cost": 182.5755976063561, "time_cost": 72.19800000000001, "final_distance_cost": 1.803616819564427, "oscillation_cost": 20.79291850954545, "completition_cost": 0.0, "overshoot_cost": 52.03934679529715, "power_cost": 14.08104822998047, "noise_cost": 21.660667251968604, "n_waypoints_completed": 9, "tot_waypoints": 9}}
{"target": -182.27768841061672, "params": {"k_pid_pos": [0.6067395392859108, 0.0, 0.0], "k_pid_alt": [1.612782695723823, 0.0, 0.09215812348067412], "k_pid_att": [22.770222835795103, 2.15312247823597, 0.21316567006036763], "k_pid_yaw": [0.5, 1e-06, 0.1], "k_pid_hsp": [0.09139559280904257, 0.0, 0.0], "k_pid_vsp": [151.40016492917962, 123.6874938832626, 0.9638393444083824]}, "datetime": {"datetime": "2025-08-12 02:56:33", "elapsed": 37872.832177877426, "delta": 21.800370931625366}, "costs": {"total_cost": 182.27768841061672, "time_cost": 71.988, "final_distance_cost": 1.8032775298356405, "oscillation_cost": 21.085694571723444, "completition_cost": 0.0, "overshoot_cost": 51.63415301949962, "power_cost": 14.136650219726564, "noise_cost": 21.629913069831456, "n_waypoints_completed": 9, "tot_waypoints": 9}}
{"target": -182.83062255425477, "params": {"k_pid_pos": [0.5080513302042293, 0.0, 0.0], "k_pid_alt": [1.588347841657287, 0.0, 0.1203412936733004], "k_pid_att": [24.296997989304614, 2.1368456593155725, 0.4122891436392693], "k_pid_yaw": [0.5, 1e-06, 0.1], "k_pid_hsp": [0.08018483715673327, 0.0, 0.0], "k_pid_vsp": [128.75613588629702, 123.79240165845441, 1.9770151389808572]}, "datetime": {"datetime": "2025-08-12 02:56:54", "elapsed": 37894.12267994881, "delta": 21.290502071380615}, "costs": {"total_cost": 182.83062255425477, "time_cost": 73.878, "final_distance_cost": 1.8083887896294624, "oscillation_cost": 17.965966655531833, "completition_cost": 0.0, "overshoot_cost": 52.585268558746456, "power_cost": 14.300789135742189, "noise_cost": 22.29220941460484, "n_waypoints_completed": 9, "tot_waypoints": 9}}
{"target": -182.70183448491895, "params": {"k_pid_pos": [0.6632060147327716, 0.0, 0.0], "k_pid_alt": [1.6059086319363551, 0.0, 0.1637514686139639], "k_pid_att": [25.21159783655007, 2.206860217246278, 0.22718512638353858], "k_pid_yaw": [0.5, 1e-06, 0.1], "k_pid_hsp": [0.09028791844553806, 0.0, 0.0], "k_pid_vsp": [129.36407612528583, 129.49775359472756, 1.6551411007768833]}, "datetime": {"datetime": "2025-08-12 02:57:13", "elapsed": 37912.633283376694, "delta": 18.510603427886963}, "costs": {"total_cost": 182.70183448491895, "time_cost": 71.666, "final_distance_cost": 1.8051657493217326, "oscillation_cost": 21.890248543016966, "completition_cost": 0.0, "overshoot_cost": 51.75982240450483, "power_cost": 14.130977087402345, "noise_cost": 21.449620700673044, "n_waypoints_completed": 9, "tot_waypoints": 9}}
{"target": -181.8478410428226, "params": {"k_pid_pos": [0.5261168666383198, 0.0, 0.0], "k_pid_alt": [1.6198496140951582, 0.0, 0.14468617515654436], "k_pid_att": [25.781445616510595, 2.1340340386617425, 0.237135892054404], "k_pid_yaw": [0.5, 1e-06, 0.1], "k_pid_hsp": [0.09088657433442796, 0.0, 0.0], "k_pid_vsp": [123.90105304212604, 121.14657777513382, 1.5605121420452535]}, "datetime": {"datetime": "2025-08-12 02:57:32", "elapsed": 37931.44462823868, "delta": 18.811344861984253}, "costs": {"total_cost": 181.8478410428226, "time_cost": 72.961, "final_distance_cost": 1.8118108031779367, "oscillation_cost": 19.172682774922325, "completition_cost": 0.0, "overshoot_cost": 51.80946491770627, "power_cost": 14.194685388183595, "noise_cost": 21.898197158832502, "n_waypoints_completed": 9, "tot_waypoints": 9}}
{"target": -182.5931028583747, "params": {"k_pid_pos": [0.5278288812471714, 0.0, 0.0], "k_pid_alt": [1.6504929589353325, 0.0, 0.12887643344437746], "k_pid_att": [25.814641290036963, 2.1295392948935152, 0.20952158213768196], "k_pid_yaw": [0.5, 1e-06, 0.1], "k_pid_hsp": [0.08677173583293603, 0.0, 0.0], "k_pid_vsp": [127.57966951096077, 123.95179121794669, 1.0089524347056051]}, "datetime": {"datetime": "2025-08-12 02:57:51", "elapsed": 37950.59193325043, "delta": 19.147305011749268}, "costs": {"total_cost": 182.5931028583747, "time_cost": 73.07300000000001, "final_distance_cost": 1.8284267263727292, "oscillation_cost": 19.239267588555855, "completition_cost": 0.0, "overshoot_cost": 52.30999989942159, "power_cost": 14.176253540039063, "noise_cost": 21.966155103985432, "n_waypoints_completed": 9, "tot_waypoints": 9}}
{"target": -182.39258375738143, "params": {"k_pid_pos": [0.5271981891601359, 0.0, 0.0], "k_pid_alt": [1.6147140624449838, 0.0, 0.11301976009628216], "k_pid_att": [25.8636618259313, 2.131499318886988, 0.22951623723067022], "k_pid_yaw": [0.5, 1e-06, 0.1], "k_pid_hsp": [0.09124068843879436, 0.0, 0.0], "k_pid_vsp": [127.55741253199447, 122.02263736194917, 1.089755713313781]}, "datetime": {"datetime": "2025-08-12 02:58:10", "elapsed": 37969.876076221466, "delta": 19.28414297103882}, "costs": {"total_cost": 182.39258375738143, "time_cost": 72.898, "final_distance_cost": 1.8307493732985458, "oscillation_cost": 19.460035041163597, "completition_cost": 0.0, "overshoot_cost": 52.125079552041264, "power_cost": 14.161098522949219, "noise_cost": 21.91762126792881, "n_waypoints_completed": 9, "tot_waypoints": 9}}
{"target": -182.47374582054627, "params": {"k_pid_pos": [0.5279448882216744, 0.0, 0.0], "k_pid_alt": [1.6099915487989744, 0.0, 0.12146016343333382], "k_pid_att": [23.744628032593166, 2.00425332935324, 0.23075390168847965], "k_pid_yaw": [0.5, 1e-06, 0.1], "k_pid_hsp": [0.09222936013791828, 0.0, 0.0], "k_pid_vsp": [131.97138667369222, 125.03056079629181, 1.1721237978813956]}, "datetime": {"datetime": "2025-08-12 02:58:29", "elapsed": 37988.991537332535, "delta": 19.115461111068726}, "costs": {"total_cost": 182.47374582054627, "time_cost": 72.87, "final_distance_cost": 1.8325390400241706, "oscillation_cost": 19.667102117951103, "completition_cost": 0.0, "overshoot_cost": 51.98112954290864, "power_cost": 14.184301513671876, "noise_cost": 21.93867360599048, "n_waypoints_completed": 9, "tot_waypoints": 9}}
