{"target": -1264.166710450704, "params": {"k_pid_pos": [0.7237858891227977, 0.0011597475970260875, 0.0], "k_pid_alt": [1.7628182578355744, 0.0, 0.28265933204027516], "k_pid_att": [20.32331374423687, 3.1060795408481408, 0.18699448431122637], "k_pid_yaw": [0.5, 1e-06, 0.1], "k_pid_hsp": [0.0001, 0.00038263068860230654, 0.0], "k_pid_vsp": [166.6767099528506, 47.17847440134657, 0.12661940268542735]}, "datetime": {"datetime": "2025-08-11 20:17:33", "elapsed": 13933.29770231247, "delta": 30.262178897857666}, "costs": {"total_cost": 1264.166710450704, "time_cost": 150, "final_distance_cost": 66.23263211677218, "oscillation_cost": 0.019233410565644714, "completition_cost": 888.8888888888888, "overshoot_cost": 104.90964058366481, "power_cost": 21.010980798339844, "noise_cost": 33.105334652472536, "n_waypoints_completed": 1, "tot_waypoints": 9}}
{"target": -185.27361698541335, "params": {"k_pid_pos": [0.5416501729419811, 0.0, 0.0], "k_pid_alt": [1.5453007783898576, 0.0, 0.39904709454443754], "k_pid_att": [28.64840831253904, 2.4456974722888503, 0.13256643113275704], "k_pid_yaw": [0.5, 1e-06, 0.1], "k_pid_hsp": [0.13204152714179024, 0.0, 0.0], "k_pid_vsp": [115.78408237947667, 49.54065057176868, 0.11645291000327235]}, "datetime": {"datetime": "2025-08-11 20:17:52", "elapsed": 13951.636943340302, "delta": 18.33924102783203}, "costs": {"total_cost": 185.27361698541335, "time_cost": 73.339, "final_distance_cost": 1.848519644469602, "oscillation_cost": 22.263986262334843, "completition_cost": 0.0, "overshoot_cost": 51.17316525049726, "power_cost": 14.371560620117188, "noise_cost": 22.277385207994488, "n_waypoints_completed": 9, "tot_waypoints": 9}}
{"target": -184.30355761937443, "params": {"k_pid_pos": [0.6530931983352329, 0.0, 0.0], "k_pid_alt": [1.5523317909375887, 0.0, 0.3666619763350492], "k_pid_att": [25.566920197276133, 2.497268517393414, 0.19709134405279113], "k_pid_yaw": [0.5, 1e-06, 0.1], "k_pid_hsp": [0.08088859792420755, 0.0, 0.0], "k_pid_vsp": [155.18878035173734, 50.727077006437426, 1e-06]}, "datetime": {"datetime": "2025-08-11 20:18:10", "elapsed": 13970.157301425934, "delta": 18.520358085632324}, "costs": {"total_cost": 184.30355761937443, "time_cost": 73.01, "final_distance_cost": 1.8182117025233535, "oscillation_cost": 20.916807081387773, "completition_cost": 0.0, "overshoot_cost": 52.43448949873071, "power_cost": 14.23020721435547, "noise_cost": 21.89384212237712, "n_waypoints_completed": 9, "tot_waypoints": 9}}
{"target": -187.06104641750116, "params": {"k_pid_pos": [0.8313209695593671, 0.0, 0.0], "k_pid_alt": [1.5440492338973566, 0.0, 0.6126862030424094], "k_pid_att": [3.6083318157479756, 2.19269930351273, 0.18452157336259173], "k_pid_yaw": [0.5, 1e-06, 0.1], "k_pid_hsp": [0.19616873178845462, 0.0, 0.0], "k_pid_vsp": [124.60396722121105, 45.57574957150608, 2.780407700826485]}, "datetime": {"datetime": "2025-08-11 20:18:27", "elapsed": 13987.33211016655, "delta": 17.174808740615845}, "costs": {"total_cost": 187.06104641750116, "time_cost": 70.462, "final_distance_cost": 1.8374320274968734, "oscillation_cost": 28.79416921918317, "completition_cost": 0.0, "overshoot_cost": 50.52311451939301, "power_cost": 14.432791552734376, "noise_cost": 21.011539098693703, "n_waypoints_completed": 9, "tot_waypoints": 9}}
{"target": -189.08118684542387, "params": {"k_pid_pos": [0.8454786156988371, 0.14481963327238245, 0.06425461383733029], "k_pid_alt": [1.7732778238066047, 0.0, 0.21394666461950185], "k_pid_att": [27.734607719606785, 1.1058262100598397, 0.3748936376790152], "k_pid_yaw": [0.5, 1e-06, 0.1], "k_pid_hsp": [0.44256963727381377, 0.006593987964665754, 0.0], "k_pid_vsp": [150.4960819890947, 37.362389317960165, 1e-06]}, "datetime": {"datetime": "2025-08-11 20:18:45", "elapsed": 14004.914539813995, "delta": 17.58242964744568}, "costs": {"total_cost": 189.08118684542387, "time_cost": 71.435, "final_distance_cost": 1.8148124111634607, "oscillation_cost": 27.90510242583365, "completition_cost": 0.0, "overshoot_cost": 51.35520511606808, "power_cost": 14.730067358398438, "noise_cost": 21.840999533960268, "n_waypoints_completed": 9, "tot_waypoints": 9}}
{"target": -191.8895293352133, "params": {"k_pid_pos": [0.5917855943827414, 0.0, 0.0], "k_pid_alt": [1.4837205443022659, 0.0, 0.28039792083995624], "k_pid_att": [23.67501684396983, 2.050633402421296, 0.20212781384714482], "k_pid_yaw": [0.5, 1e-06, 0.1], "k_pid_hsp": [0.05920483883300756, 0.0, 0.0], "k_pid_vsp": [157.02791162256506, 58.24201537552764, 0.1357839011281752]}, "datetime": {"datetime": "2025-08-11 20:19:04", "elapsed": 14024.161423921585, "delta": 19.24688410758972}, "costs": {"total_cost": 191.8895293352133, "time_cost": 78.904, "final_distance_cost": 1.7877588432553138, "oscillation_cost": 17.58872787854732, "completition_cost": 0.0, "overshoot_cost": 54.898418538626686, "power_cost": 15.011944165039063, "noise_cost": 23.69867990974493, "n_waypoints_completed": 9, "tot_waypoints": 9}}
{"target": -184.36209058410185, "params": {"k_pid_pos": [0.7527996663495646, 0.0, 0.020443544020111917], "k_pid_alt": [1.5435200602641055, 0.0, 0.43972985160989086], "k_pid_att": [28.145625473614814, 2.2371260740961993, 0.20880675903026383], "k_pid_yaw": [0.5, 1e-06, 0.1], "k_pid_hsp": [0.09165671549258994, 0.0, 0.0], "k_pid_vsp": [167.85529363771735, 51.514421732152094, 1e-06]}, "datetime": {"datetime": "2025-08-11 20:19:23", "elapsed": 14042.564649105072, "delta": 18.40322518348694}, "costs": {"total_cost": 184.36209058410185, "time_cost": 71.96000000000001, "final_distance_cost": 1.7887514874095682, "oscillation_cost": 23.376166963378296, "completition_cost": 0.0, "overshoot_cost": 51.56919390014533, "power_cost": 14.162116760253907, "noise_cost": 21.505861472914738, "n_waypoints_completed": 9, "tot_waypoints": 9}}
{"target": -184.11812082809396, "params": {"k_pid_pos": [0.8118545068778388, 0.0, 0.08591432959360311], "k_pid_alt": [1.5454655888614437, 0.0, 0.176368435282446], "k_pid_att": [27.20338062165663, 2.1093223386418267, 0.15946776760943085], "k_pid_yaw": [0.5, 1e-06, 0.1], "k_pid_hsp": [0.09923567630840475, 0.0, 0.0], "k_pid_vsp": [158.5730562063397, 46.6668675377218, 0.1806446192088481]}, "datetime": {"datetime": "2025-08-11 20:19:40", "elapsed": 14060.168045043945, "delta": 17.60339593887329}, "costs": {"total_cost": 184.11812082809396, "time_cost": 71.127, "final_distance_cost": 1.8228150466112392, "oscillation_cost": 23.78129471913691, "completition_cost": 0.0, "overshoot_cost": 51.874454947691646, "power_cost": 14.169802563476564, "noise_cost": 21.342753551177626, "n_waypoints_completed": 9, "tot_waypoints": 9}}
{"target": -183.3020228678808, "params": {"k_pid_pos": [0.6717501001363009, 0.0, 0.0], "k_pid_alt": [1.6283617223497766, 0.0, 0.30837942293349224], "k_pid_att": [19.549065084436478, 2.2228606905003905, 0.20603696789910075], "k_pid_yaw": [0.5, 1e-06, 0.1], "k_pid_hsp": [0.11170744060177781, 0.0, 0.0], "k_pid_vsp": [114.13637233158441, 46.59063434832825, 0.20631591463884463]}, "datetime": {"datetime": "2025-08-11 20:19:58", "elapsed": 14077.583305358887, "delta": 17.415260314941406}, "costs": {"total_cost": 183.3020228678808, "time_cost": 71.32300000000001, "final_distance_cost": 1.8050444470119682, "oscillation_cost": 23.23906896385381, "completition_cost": 0.0, "overshoot_cost": 51.4606064194507, "power_cost": 14.116765576171876, "noise_cost": 21.35753746139243, "n_waypoints_completed": 9, "tot_waypoints": 9}}
{"target": -226.2951712036001, "params": {"k_pid_pos": [0.6395172699628038, 0.0, 0.0], "k_pid_alt": [1.4612971063432836, 0.0, 0.21878980493146374], "k_pid_att": [23.07098439548664, 2.3504808148798295, 0.17215520676089802], "k_pid_yaw": [0.5, 1e-06, 0.1], "k_pid_hsp": [0.03569957565995434, 0.0, 0.0], "k_pid_vsp": [151.7428498381783, 54.213979239205756, 0.2144596637915215]}, "datetime": {"datetime": "2025-08-11 20:20:23", "elapsed": 14102.821105241776, "delta": 25.237799882888794}, "costs": {"total_cost": 226.2951712036001, "time_cost": 100.59700000000001, "final_distance_cost": 1.752980971666379, "oscillation_cost": 13.837677733061925, "completition_cost": 0.0, "overshoot_cost": 61.30955030304566, "power_cost": 18.527316076660156, "noise_cost": 30.270646119165963, "n_waypoints_completed": 9, "tot_waypoints": 9}}
{"target": -184.22640857414075, "params": {"k_pid_pos": [0.6764144141390563, 0.0, 0.0], "k_pid_alt": [1.4502977762125122, 0.0, 0.32234324625069355], "k_pid_att": [22.45515028760461, 1.7573517217882437, 0.178861422773468], "k_pid_yaw": [0.5, 1e-06, 0.1], "k_pid_hsp": [0.11442081849834737, 0.0, 0.0], "k_pid_vsp": [139.67003777644908, 38.1656020438614, 0.11005855105963439]}, "datetime": {"datetime": "2025-08-11 20:20:40", "elapsed": 14120.145788908005, "delta": 17.324683666229248}, "costs": {"total_cost": 184.22640857414075, "time_cost": 71.70100000000001, "final_distance_cost": 1.8287165289270446, "oscillation_cost": 23.59730667198336, "completition_cost": 0.0, "overshoot_cost": 51.46916291275753, "power_cost": 14.192222631835937, "noise_cost": 21.437999828636872, "n_waypoints_completed": 9, "tot_waypoints": 9}}
{"target": -192.01441643149383, "params": {"k_pid_pos": [1.8030965256913922, 0.0, 0.0], "k_pid_alt": [1.534497477105483, 0.0, 0.35910764112056937], "k_pid_att": [24.192349644458798, 2.2677795400650567, 0.10647919041947446], "k_pid_yaw": [0.5, 1e-06, 0.1], "k_pid_hsp": [0.3347288613090259, 0.0, 0.0], "k_pid_vsp": [188.02420145070923, 82.1590543697184, 1e-06]}, "datetime": {"datetime": "2025-08-11 20:20:58", "elapsed": 14137.533069372177, "delta": 17.387280464172363}, "costs": {"total_cost": 192.01441643149383, "time_cost": 69.209, "final_distance_cost": 1.7535050304078366, "oscillation_cost": 34.764939156171344, "completition_cost": 0.0, "overshoot_cost": 50.69158270932592, "power_cost": 14.999679418945313, "noise_cost": 20.595710116643392, "n_waypoints_completed": 9, "tot_waypoints": 9}}
{"target": -183.68330273472316, "params": {"k_pid_pos": [0.5575832967107345, 0.0, 0.0], "k_pid_alt": [1.4977934935419877, 0.0, 0.22599422547342457], "k_pid_att": [25.29273865160681, 2.2419099903616564, 0.2054549216950763], "k_pid_yaw": [0.5, 1e-06, 0.1], "k_pid_hsp": [0.10697344560354229, 0.0, 0.0], "k_pid_vsp": [154.43960357868437, 51.4760182180597, 1e-06]}, "datetime": {"datetime": "2025-08-11 20:21:17", "elapsed": 14157.015903949738, "delta": 19.482834577560425}, "costs": {"total_cost": 183.68330273472316, "time_cost": 72.646, "final_distance_cost": 1.8242835414803749, "oscillation_cost": 21.066590781896192, "completition_cost": 0.0, "overshoot_cost": 51.97006605353623, "power_cost": 14.213774230957032, "noise_cost": 21.962588126853348, "n_waypoints_completed": 9, "tot_waypoints": 9}}
{"target": -189.99322982203782, "params": {"k_pid_pos": [1.1580798439768114, 0.0, 0.0], "k_pid_alt": [1.539360952102876, 0.0, 0.2729253279799466], "k_pid_att": [45.155784202760486, 2.378829622445423, 0.20576461819028607], "k_pid_yaw": [0.5, 1e-06, 0.1], "k_pid_hsp": [0.5239971977380995, 0.0, 0.0], "k_pid_vsp": [158.38050599577457, 18.34343075723848, 0.07494075998077665]}, "datetime": {"datetime": "2025-08-11 20:21:36", "elapsed": 14175.665651082993, "delta": 18.649747133255005}, "costs": {"total_cost": 189.99322982203782, "time_cost": 70.196, "final_distance_cost": 1.8298039995147948, "oscillation_cost": 31.36898783261129, "completition_cost": 0.0, "overshoot_cost": 50.60165088815201, "power_cost": 14.811211267089844, "noise_cost": 21.185575834669898, "n_waypoints_completed": 9, "tot_waypoints": 9}}
{"target": -185.31238710008213, "params": {"k_pid_pos": [0.6758418331758451, 0.0, 0.0], "k_pid_alt": [1.5305047541013475, 0.0, 0.2653720520027202], "k_pid_att": [32.03700263635845, 2.318993051954462, 0.20031304735271377], "k_pid_yaw": [0.5, 1e-06, 0.1], "k_pid_hsp": [0.18675436569426074, 0.0, 0.0], "k_pid_vsp": [142.7259059173433, 51.788050769886205, 0.1002954869735353]}, "datetime": {"datetime": "2025-08-11 20:21:54", "elapsed": 14193.382587194443, "delta": 17.716936111450195}, "costs": {"total_cost": 185.31238710008213, "time_cost": 71.568, "final_distance_cost": 1.839584152457475, "oscillation_cost": 25.271248150147176, "completition_cost": 0.0, "overshoot_cost": 50.714229924107315, "power_cost": 14.337846130371094, "noise_cost": 21.581478742999092, "n_waypoints_completed": 9, "tot_waypoints": 9}}
{"target": -188.2055224902068, "params": {"k_pid_pos": [1.1567452787024866, 0.003302402487516426, 0.02318150243500336], "k_pid_alt": [1.1476778923292739, 0.0, 0.2411288026665632], "k_pid_att": [25.72598585938265, 2.324542360091313, 0.16001312592959838], "k_pid_yaw": [0.5, 1e-06, 0.1], "k_pid_hsp": [0.12112803931492988, 0.0, 0.0], "k_pid_vsp": [171.6777959170604, 67.95400792962954, 0.8703034550988996]}, "datetime": {"datetime": "2025-08-11 20:22:11", "elapsed": 14211.32913517952, "delta": 17.946547985076904}, "costs": {"total_cost": 188.2055224902068, "time_cost": 70.82600000000001, "final_distance_cost": 1.7865192375055257, "oscillation_cost": 28.93509359360056, "completition_cost": 0.0, "overshoot_cost": 51.25997695154534, "power_cost": 14.472532763671875, "noise_cost": 20.925399943883487, "n_waypoints_completed": 9, "tot_waypoints": 9}}
{"target": -184.67272992515637, "params": {"k_pid_pos": [0.8988289579305033, 0.0, 0.0], "k_pid_alt": [1.466624194741638, 0.0, 0.22591643417271068], "k_pid_att": [10.597163752998767, 1.9150587369937815, 0.2169141134325834], "k_pid_yaw": [0.5, 1e-06, 0.1], "k_pid_hsp": [0.1057609970339274, 0.0, 0.0], "k_pid_vsp": [148.53406134190425, 49.09940718347898, 1e-06]}, "datetime": {"datetime": "2025-08-11 20:22:29", "elapsed": 14228.987096071243, "delta": 17.657960891723633}, "costs": {"total_cost": 184.67272992515637, "time_cost": 70.609, "final_distance_cost": 1.7883979760057975, "oscillation_cost": 25.98205709349772, "completition_cost": 0.0, "overshoot_cost": 51.03181171451962, "power_cost": 14.219535534667969, "noise_cost": 21.04192760646525, "n_waypoints_completed": 9, "tot_waypoints": 9}}
{"target": -210.8281490106167, "params": {"k_pid_pos": [0.8184375896783364, 0.0, 0.03635017095026331], "k_pid_alt": [1.4767985347721853, 0.0, 0.0854330561490159], "k_pid_att": [22.748532623578548, 2.4118473017792232, 0.730478754463556], "k_pid_yaw": [0.5, 1e-06, 0.1], "k_pid_hsp": [0.04268302958058273, 0.0, 0.0], "k_pid_vsp": [181.52387524432305, 29.479033872030946, 1e-06]}, "datetime": {"datetime": "2025-08-11 20:22:53", "elapsed": 14252.40706729889, "delta": 23.419971227645874}, "costs": {"total_cost": 210.8281490106167, "time_cost": 89.362, "final_distance_cost": 1.7866469697462066, "oscillation_cost": 17.606273965232955, "completition_cost": 0.0, "overshoot_cost": 58.27024617431398, "power_cost": 16.82643952636719, "noise_cost": 26.97654237495637, "n_waypoints_completed": 9, "tot_waypoints": 9}}
{"target": -189.26498143144036, "params": {"k_pid_pos": [0.6162759045921162, 0.0, 0.11752380319494538], "k_pid_alt": [1.432169566687409, 0.0, 0.40635351706520967], "k_pid_att": [18.93173424650952, 2.3097190142072805, 0.23283631517363668], "k_pid_yaw": [0.5, 1e-06, 0.1], "k_pid_hsp": [0.15210411701321197, 0.0, 0.0], "k_pid_vsp": [165.68319649107656, 44.539582775104535, 0.03072631571008555]}, "datetime": {"datetime": "2025-08-11 20:23:11", "elapsed": 14271.190292358398, "delta": 18.783225059509277}, "costs": {"total_cost": 189.26498143144036, "time_cost": 74.648, "final_distance_cost": 1.8513262577566665, "oscillation_cost": 23.948369768845836, "completition_cost": 0.0, "overshoot_cost": 51.41036096735668, "power_cost": 14.687317504882813, "noise_cost": 22.719606932598403, "n_waypoints_completed": 9, "tot_waypoints": 9}}
{"target": -198.3926242730748, "params": {"k_pid_pos": [0.3686233817546871, 0.0, 0.0], "k_pid_alt": [1.6430694401761863, 0.0, 0.5142422948837244], "k_pid_att": [14.772211292349704, 2.100007122714215, 0.25764403256947693], "k_pid_yaw": [0.5, 1e-06, 0.1], "k_pid_hsp": [0.04683122851684626, 0.0, 0.0], "k_pid_vsp": [185.91521701427243, 50.20859387116707, 0.3009688439521637]}, "datetime": {"datetime": "2025-08-11 20:23:33", "elapsed": 14292.717697620392, "delta": 21.527405261993408}, "costs": {"total_cost": 198.3926242730748, "time_cost": 85.365, "final_distance_cost": 1.7958711770496771, "oscillation_cost": 12.212233203887159, "completition_cost": 0.0, "overshoot_cost": 57.400328611058605, "power_cost": 15.790918029785157, "noise_cost": 25.828273251294195, "n_waypoints_completed": 9, "tot_waypoints": 9}}
{"target": -191.48031880807616, "params": {"k_pid_pos": [0.6843837400767391, 0.0, 0.0], "k_pid_alt": [1.4286072760883541, 0.0, 0.19629656372925777], "k_pid_att": [23.146797741166576, 2.0339386500007715, 0.21580713416682795], "k_pid_yaw": [0.5, 1e-06, 0.1], "k_pid_hsp": [0.06123937002329716, 0.0, 0.0], "k_pid_vsp": [138.41095812425652, 45.01432468245479, 0.0967279315541051]}, "datetime": {"datetime": "2025-08-11 20:23:53", "elapsed": 14312.71852517128, "delta": 20.00082755088806}, "costs": {"total_cost": 191.48031880807616, "time_cost": 77.756, "final_distance_cost": 1.7751828555475262, "oscillation_cost": 19.62997725867878, "completition_cost": 0.0, "overshoot_cost": 53.8914118103717, "power_cost": 14.954171740722657, "noise_cost": 23.473575142755536, "n_waypoints_completed": 9, "tot_waypoints": 9}}
{"target": -184.04722570897107, "params": {"k_pid_pos": [0.6592046183927752, 0.0, 0.0], "k_pid_alt": [1.5501238228196985, 0.0, 0.4093160001703495], "k_pid_att": [24.58150304938841, 2.2397600964286504, 0.1789438469311409], "k_pid_yaw": [0.5, 1e-06, 0.1], "k_pid_hsp": [0.11771845583545767, 0.0, 0.0], "k_pid_vsp": [156.29480966615105, 51.82458916248043, 0.23964055118020178]}, "datetime": {"datetime": "2025-08-11 20:24:11", "elapsed": 14331.15361905098, "delta": 18.435093879699707}, "costs": {"total_cost": 184.04722570897107, "time_cost": 71.72200000000001, "final_distance_cost": 1.8304934799058679, "oscillation_cost": 23.714742231173858, "completition_cost": 0.0, "overshoot_cost": 51.23391618199993, "power_cost": 14.151694494628908, "noise_cost": 21.394379321262484, "n_waypoints_completed": 9, "tot_waypoints": 9}}
{"target": -187.34689215481265, "params": {"k_pid_pos": [1.2851559827202683, 0.006455296625014073, 0.09221289922213353], "k_pid_alt": [1.5482047654702924, 0.0, 0.4248164348205157], "k_pid_att": [27.062381456000264, 2.2099071700881994, 0.5138795884973965], "k_pid_yaw": [0.5, 1e-06, 0.1], "k_pid_hsp": [0.2570468117233109, 0.0, 0.0], "k_pid_vsp": [174.54863358889133, 80.69378866582585, 1e-06]}, "datetime": {"datetime": "2025-08-11 20:24:29", "elapsed": 14348.581881284714, "delta": 17.42826223373413}, "costs": {"total_cost": 187.34689215481265, "time_cost": 69.51, "final_distance_cost": 1.8099089739364218, "oscillation_cost": 30.378082983455673, "completition_cost": 0.0, "overshoot_cost": 50.38025929167341, "power_cost": 14.553930883789063, "noise_cost": 20.7147100219581, "n_waypoints_completed": 9, "tot_waypoints": 9}}
{"target": -183.8388058442327, "params": {"k_pid_pos": [0.6407368598639478, 0.0, 0.0], "k_pid_alt": [1.547290431311054, 0.0, 0.3264321288789453], "k_pid_att": [25.11195809345431, 2.329553928975372, 0.21555391862451276], "k_pid_yaw": [0.5, 1e-06, 0.1], "k_pid_hsp": [0.12134173969332424, 0.0, 0.0], "k_pid_vsp": [164.5995057507147, 46.70697423504573, 0.019810193452744845]}, "datetime": {"datetime": "2025-08-11 20:24:47", "elapsed": 14366.571647882462, "delta": 17.989766597747803}, "costs": {"total_cost": 183.8388058442327, "time_cost": 71.799, "final_distance_cost": 1.8337870508776555, "oscillation_cost": 22.988073028180906, "completition_cost": 0.0, "overshoot_cost": 51.378591814891024, "power_cost": 14.224923986816407, "noise_cost": 21.614429963466705, "n_waypoints_completed": 9, "tot_waypoints": 9}}
{"target": -186.47326032545917, "params": {"k_pid_pos": [0.6517765684551324, 0.0, 0.0], "k_pid_alt": [1.4906885435267938, 0.0, 0.34002285199050625], "k_pid_att": [23.589850075218134, 2.045613835237947, 0.21833355259112175], "k_pid_yaw": [0.5, 1e-06, 0.1], "k_pid_hsp": [0.18805690151442045, 0.0, 0.0], "k_pid_vsp": [146.27343685943165, 56.742184688019876, 0.13734567644276643]}, "datetime": {"datetime": "2025-08-11 20:25:05", "elapsed": 14384.604608297348, "delta": 18.032960414886475}, "costs": {"total_cost": 186.47326032545917, "time_cost": 72.247, "final_distance_cost": 1.8451837051372129, "oscillation_cost": 25.34610795160953, "completition_cost": 0.0, "overshoot_cost": 50.777154139338975, "power_cost": 14.451097045898438, "noise_cost": 21.806717483475012, "n_waypoints_completed": 9, "tot_waypoints": 9}}
{"target": -1209.9936429087104, "params": {"k_pid_pos": [0.4053487653812098, 0.07557375599312205, 0.0], "k_pid_alt": [1.554392443081845, 0.0, 0.28572451784592445], "k_pid_att": [35.4621181173783, 2.2884741921333966, 0.2270309388919484], "k_pid_yaw": [0.5, 1e-06, 0.1], "k_pid_hsp": [0.0001, 0.0, 0.0], "k_pid_vsp": [222.9986298387347, 80.1585251828338, 1e-06]}, "datetime": {"datetime": "2025-08-11 20:25:35", "elapsed": 14414.643826961517, "delta": 30.03921866416931}, "costs": {"total_cost": 1209.9936429087104, "time_cost": 150, "final_distance_cost": 45.49871548567936, "oscillation_cost": 0.0036874320503784636, "completition_cost": 888.8888888888888, "overshoot_cost": 71.5137216161704, "power_cost": 20.99796092529297, "noise_cost": 33.09066856062845, "n_waypoints_completed": 1, "tot_waypoints": 9}}
