{"target": -192.86937342883647, "params": {"k_pid_pos": [1.0209892399610017, 0.0, 0.26058860336596273], "k_pid_alt": [1.5585068645081437, 0.0, 0.33079885498053396], "k_pid_att": [6.607492204119504, 2.9815461328428636, 0.27475141949770693], "k_pid_yaw": [0.5, 1e-06, 0.1], "k_pid_hsp": [0.8724500231516819, 0.0, 0.0], "k_pid_vsp": [212.0100915292715, 92.15782737086812, 1e-06]}, "datetime": {"datetime": "2025-08-11 19:15:13", "elapsed": 10193.072793722153, "delta": 17.85775375366211}, "costs": {"total_cost": 192.86937342883647, "time_cost": 71.218, "final_distance_cost": 1.8511649778860135, "oscillation_cost": 33.17467291976917, "completition_cost": 0.0, "overshoot_cost": 50.0162127661331, "power_cost": 14.826322192382813, "noise_cost": 21.783000572665383, "n_waypoints_completed": 9, "tot_waypoints": 9}}
{"target": -1177.7335584099208, "params": {"k_pid_pos": [0.595997306344006, 0.0, 0.08242734377941138], "k_pid_alt": [1.6491165869023345, 0.0, 0.18942008973906077], "k_pid_att": [20.29823551493427, 3.338420357775395, 0.21492545493506446], "k_pid_yaw": [0.5, 1e-06, 0.1], "k_pid_hsp": [0.018585078064361032, 0.07949495008371305, 0.1191501242939889], "k_pid_vsp": [199.44832251270427, 81.53247221151885, 1e-06]}, "datetime": {"datetime": "2025-08-11 19:15:43", "elapsed": 10222.641549110413, "delta": 29.568755388259888}, "costs": {"total_cost": 1177.7335584099208, "time_cost": 150, "final_distance_cost": 61.9231609981566, "oscillation_cost": 599.2971261602096, "completition_cost": 222.2222222222222, "overshoot_cost": 84.08369415435334, "power_cost": 29.04294490966797, "noise_cost": 31.164409965310828, "n_waypoints_completed": 7, "tot_waypoints": 9}}
{"target": -190.1889548367447, "params": {"k_pid_pos": [0.8184936028830214, 0.00390051195058559, 0.32839343704875495], "k_pid_alt": [1.5685306963608072, 0.001002816695118832, 0.34257613694678946], "k_pid_att": [18.25366885114934, 0.6583451547097265, 0.19056700996824816], "k_pid_yaw": [0.5, 1e-06, 0.1], "k_pid_hsp": [0.1869524333614325, 0.0, 0.0], "k_pid_vsp": [187.1757562486291, 60.673095108285196, 1e-06]}, "datetime": {"datetime": "2025-08-11 19:16:01", "elapsed": 10240.837464571, "delta": 18.195915460586548}, "costs": {"total_cost": 190.1889548367447, "time_cost": 74.053, "final_distance_cost": 1.8497283228136445, "oscillation_cost": 25.83062046777143, "completition_cost": 0.0, "overshoot_cost": 50.948059988609145, "power_cost": 14.751030114746094, "noise_cost": 22.756515942804395, "n_waypoints_completed": 9, "tot_waypoints": 9}}
{"target": -184.53690329218742, "params": {"k_pid_pos": [1.0011082440133292, 0.0, 0.26782638653341945], "k_pid_alt": [1.541716556228446, 0.0, 0.22241489030555628], "k_pid_att": [8.286960819861282, 3.2724823559766016, 0.22879101247586814], "k_pid_yaw": [0.5, 1e-06, 0.1], "k_pid_hsp": [0.13235214562377523, 0.0, 0.0], "k_pid_vsp": [214.2619610261321, 65.75389515719039, 1e-06]}, "datetime": {"datetime": "2025-08-11 19:16:19", "elapsed": 10258.474804639816, "delta": 17.63734006881714}, "costs": {"total_cost": 184.53690329218742, "time_cost": 70.322, "final_distance_cost": 1.8395549347286044, "oscillation_cost": 26.39375074744526, "completition_cost": 0.0, "overshoot_cost": 50.67610017781655, "power_cost": 14.218416137695312, "noise_cost": 21.087081294501697, "n_waypoints_completed": 9, "tot_waypoints": 9}}
{"target": -1242.168002589716, "params": {"k_pid_pos": [0.9861122077704603, 0.0, 0.46853449007282094], "k_pid_alt": [2.0, 0.0, 0.31082765153498365], "k_pid_att": [19.185359053888764, 3.2543655252563712, 0.2008464527202643], "k_pid_yaw": [0.5, 1e-06, 0.1], "k_pid_hsp": [0.0001, 0.0, 0.0], "k_pid_vsp": [207.73697401071752, 54.489239988362634, 1e-06]}, "datetime": {"datetime": "2025-08-11 19:16:49", "elapsed": 10288.905296325684, "delta": 30.43049168586731}, "costs": {"total_cost": 1242.168002589716, "time_cost": 150, "final_distance_cost": 47.59123075788404, "oscillation_cost": 0.004928063283992868, "completition_cost": 888.8888888888888, "overshoot_cost": 101.54385462019215, "power_cost": 21.028915161132815, "noise_cost": 33.11018509833424, "n_waypoints_completed": 1, "tot_waypoints": 9}}
{"target": -676.8759160135309, "params": {"k_pid_pos": [1.1732388651487606, 0.0, 0.3435216890264089], "k_pid_alt": [1.9254271170362556, 0.0, 0.12939859959518318], "k_pid_att": [20.331835949313877, 3.214903566871026, 0.21274587071881512], "k_pid_yaw": [0.5, 1e-06, 0.1], "k_pid_hsp": [0.012969937562080393, 0.0, 0.0], "k_pid_vsp": [218.8635036441932, 10.225463042242673, 1e-06]}, "datetime": {"datetime": "2025-08-11 19:17:19", "elapsed": 10318.798755407333, "delta": 29.89345908164978}, "costs": {"total_cost": 676.8759160135309, "time_cost": 150, "final_distance_cost": 67.73583525330278, "oscillation_cost": 6.705486055058075, "completition_cost": 333.33333333333337, "overshoot_cost": 64.50580107068528, "power_cost": 21.690292907714845, "noise_cost": 32.905167393436514, "n_waypoints_completed": 6, "tot_waypoints": 9}}
{"target": -188.04928878734412, "params": {"k_pid_pos": [0.8083719808507461, 0.011977057761721054, 0.39444226322565484], "k_pid_alt": [1.57486886523125, 0.0, 0.20763296771976553], "k_pid_att": [20.33235964550626, 2.6771460705134844, 0.17235580469549833], "k_pid_yaw": [0.5, 1e-06, 0.1], "k_pid_hsp": [0.12941121826140994, 0.00047806511386945354, 0.0], "k_pid_vsp": [211.50469045533714, 59.373412432051516, 1e-06]}, "datetime": {"datetime": "2025-08-11 19:17:37", "elapsed": 10337.267028093338, "delta": 18.46827268600464}, "costs": {"total_cost": 188.04928878734412, "time_cost": 73.388, "final_distance_cost": 1.8464288055428981, "oscillation_cost": 24.64207469367491, "completition_cost": 0.0, "overshoot_cost": 51.26031292361481, "power_cost": 14.453291674804689, "noise_cost": 22.45918068970682, "n_waypoints_completed": 9, "tot_waypoints": 9}}
{"target": -187.61996553771124, "params": {"k_pid_pos": [1.0352581300984687, 0.05958480603853671, 0.0], "k_pid_alt": [1.5081508387060751, 0.0016471414633366305, 0.1962844169546588], "k_pid_att": [13.676550286254384, 2.5849806064951673, 0.1271898834419826], "k_pid_yaw": [0.5, 1e-06, 0.1], "k_pid_hsp": [0.3932583495295903, 0.0013634131547984219, 0.0], "k_pid_vsp": [130.0011795683182, 52.451969304923395, 1e-06]}, "datetime": {"datetime": "2025-08-11 19:17:55", "elapsed": 10355.340723752975, "delta": 18.07369565963745}, "costs": {"total_cost": 187.61996553771124, "time_cost": 69.342, "final_distance_cost": 1.8268076605702066, "oscillation_cost": 30.614515937474312, "completition_cost": 0.0, "overshoot_cost": 50.26757062906949, "power_cost": 14.637161450195313, "noise_cost": 20.93190986040191, "n_waypoints_completed": 9, "tot_waypoints": 9}}
{"target": -1264.3486870434938, "params": {"k_pid_pos": [0.9760751598011149, 0.06560735418401897, 0.23030258589180141], "k_pid_alt": [1.6292192193304411, 0.0, 0.17100178481997844], "k_pid_att": [17.074636785919594, 2.425384096029008, 0.046409840808385575], "k_pid_yaw": [0.5, 1e-06, 0.1], "k_pid_hsp": [0.0001, 0.001536573047474005, 0.0], "k_pid_vsp": [129.2948122950321, 68.64278370123394, 1e-06]}, "datetime": {"datetime": "2025-08-11 19:18:26", "elapsed": 10385.845450878143, "delta": 30.504727125167847}, "costs": {"total_cost": 1264.3486870434938, "time_cost": 150, "final_distance_cost": 65.11174532849768, "oscillation_cost": 3.0009583119524854, "completition_cost": 888.8888888888888, "overshoot_cost": 103.24236773949501, "power_cost": 21.01142204589844, "noise_cost": 33.09330472876149, "n_waypoints_completed": 1, "tot_waypoints": 9}}
{"target": -186.02533611917488, "params": {"k_pid_pos": [0.9955566061502236, 0.0, 0.17648376985167002], "k_pid_alt": [1.6469236702086112, 0.0, 0.17489294289830865], "k_pid_att": [21.156388132322355, 2.9035552412686148, 0.17039849268751633], "k_pid_yaw": [0.5, 1e-06, 0.1], "k_pid_hsp": [0.20059258676233077, 0.0, 0.0], "k_pid_vsp": [181.46946043678724, 42.17759702965246, 1e-06]}, "datetime": {"datetime": "2025-08-11 19:18:44", "elapsed": 10403.454302072525, "delta": 17.608851194381714}, "costs": {"total_cost": 186.02533611917488, "time_cost": 70.364, "final_distance_cost": 1.8390444930305512, "oscillation_cost": 27.29650832451212, "completition_cost": 0.0, "overshoot_cost": 50.67626652001525, "power_cost": 14.433684704589844, "noise_cost": 21.41583207702713, "n_waypoints_completed": 9, "tot_waypoints": 9}}
{"target": -186.50678007978937, "params": {"k_pid_pos": [0.8911316404590427, 0.0, 0.3733056032687942], "k_pid_alt": [1.5476708403661052, 0.0, 0.21079270370278957], "k_pid_att": [21.073811302198585, 2.063049000160906, 0.1520633834110223], "k_pid_yaw": [0.5, 1e-06, 0.1], "k_pid_hsp": [0.11240168572321607, 0.0, 0.0], "k_pid_vsp": [176.9995280806251, 64.37298132743378, 1e-06]}, "datetime": {"datetime": "2025-08-11 19:19:02", "elapsed": 10421.593744277954, "delta": 18.139442205429077}, "costs": {"total_cost": 186.50678007978937, "time_cost": 71.932, "final_distance_cost": 1.8277258997636636, "oscillation_cost": 24.697146773384, "completition_cost": 0.0, "overshoot_cost": 51.77340196962827, "power_cost": 14.40387215576172, "noise_cost": 21.872633281251687, "n_waypoints_completed": 9, "tot_waypoints": 9}}
{"target": -185.23753072143535, "params": {"k_pid_pos": [0.8263909105748051, 0.0, 0.23715867198003804], "k_pid_alt": [1.7244058353264207, 0.0, 0.15196167710851563], "k_pid_att": [20.219561716159784, 3.01361366235316, 0.12287090399091763], "k_pid_yaw": [0.5, 1e-06, 0.1], "k_pid_hsp": [0.13308286330258567, 0.0, 0.0], "k_pid_vsp": [158.557926215093, 66.46767307549882, 0.10060752744851224]}, "datetime": {"datetime": "2025-08-11 19:19:20", "elapsed": 10439.435990095139, "delta": 17.84224581718445}, "costs": {"total_cost": 185.23753072143535, "time_cost": 71.274, "final_distance_cost": 1.8466098837326188, "oscillation_cost": 24.96946251422379, "completition_cost": 0.0, "overshoot_cost": 51.146216059891714, "power_cost": 14.335856652832032, "noise_cost": 21.665385610755187, "n_waypoints_completed": 9, "tot_waypoints": 9}}
{"target": -185.4997207427295, "params": {"k_pid_pos": [1.0422133644167355, 0.0, 0.11922635988419628], "k_pid_alt": [1.5760033752637241, 0.0, 0.023932177911124508], "k_pid_att": [21.974576262209077, 3.040700640438742, 0.13998543270318484], "k_pid_yaw": [0.5, 1e-06, 0.1], "k_pid_hsp": [0.12429056081691621, 0.010032685564534231, 0.0], "k_pid_vsp": [207.38139567090477, 63.329276837706956, 0.022109407480877752]}, "datetime": {"datetime": "2025-08-11 19:19:38", "elapsed": 10457.458929300308, "delta": 18.022939205169678}, "costs": {"total_cost": 185.4997207427295, "time_cost": 69.566, "final_distance_cost": 1.7987740639793768, "oscillation_cost": 28.16461118669482, "completition_cost": 0.0, "overshoot_cost": 50.98993264775174, "power_cost": 14.289803759765626, "noise_cost": 20.690599084537926, "n_waypoints_completed": 9, "tot_waypoints": 9}}
{"target": -187.24706904225698, "params": {"k_pid_pos": [0.8923619306278894, 0.0, 0.2402581609724752], "k_pid_alt": [1.8074078130309859, 0.0, 0.013586370496648403], "k_pid_att": [21.386548891767873, 2.7624042849375554, 0.12998992828293388], "k_pid_yaw": [0.5, 1e-06, 0.1], "k_pid_hsp": [0.3596312541871925, 0.0, 0.0], "k_pid_vsp": [184.30773613524215, 77.9551930175153, 0.12201133138089684]}, "datetime": {"datetime": "2025-08-11 19:19:55", "elapsed": 10475.29767370224, "delta": 17.838744401931763}, "costs": {"total_cost": 187.24706904225698, "time_cost": 71.827, "final_distance_cost": 1.8549113719341566, "oscillation_cost": 26.46351449285599, "completition_cost": 0.0, "overshoot_cost": 50.208371313850364, "power_cost": 14.675366040039064, "noise_cost": 22.21790582357745, "n_waypoints_completed": 9, "tot_waypoints": 9}}
{"target": -213.63238453378608, "params": {"k_pid_pos": [1.0348042792795928, 0.0, 0.3090915630887817], "k_pid_alt": [1.6493439128253384, 0.0, 0.13765811243187268], "k_pid_att": [27.053573615762396, 2.2914699684064663, 0.140991713059302], "k_pid_yaw": [0.5, 1e-06, 0.1], "k_pid_hsp": [0.03546669639489286, 0.0, 0.0], "k_pid_vsp": [143.94065558026193, 54.14327795790685, 1e-06]}, "datetime": {"datetime": "2025-08-11 19:20:18", "elapsed": 10497.88857626915, "delta": 22.59090256690979}, "costs": {"total_cost": 213.63238453378608, "time_cost": 90.041, "final_distance_cost": 1.7878895152745995, "oscillation_cost": 17.360811844731312, "completition_cost": 0.0, "overshoot_cost": 59.975535617942896, "power_cost": 16.90576329345703, "noise_cost": 27.561384262380244, "n_waypoints_completed": 9, "tot_waypoints": 9}}
{"target": -203.23017936774565, "params": {"k_pid_pos": [0.6442416134008285, 0.0, 0.5239021939709668], "k_pid_alt": [1.7458489649652251, 0.0, 0.07444328651949503], "k_pid_att": [12.039635460250896, 1.5139874821241395, 0.1691454155217779], "k_pid_yaw": [0.5, 1e-06, 0.1], "k_pid_hsp": [0.1808812805455169, 0.0, 0.0], "k_pid_vsp": [257.25216592872874, 74.40954712328016, 1.0763049417255857]}, "datetime": {"datetime": "2025-08-11 19:20:39", "elapsed": 10518.564690351486, "delta": 20.676114082336426}, "costs": {"total_cost": 203.23017936774565, "time_cost": 82.943, "final_distance_cost": 1.8585598922792947, "oscillation_cost": 23.382984498128984, "completition_cost": 0.0, "overshoot_cost": 52.60840582969156, "power_cost": 16.056543115234376, "noise_cost": 26.380686032411422, "n_waypoints_completed": 9, "tot_waypoints": 9}}
{"target": -189.0462663265246, "params": {"k_pid_pos": [1.1588666823967266, 0.0, 0.8774845428375333], "k_pid_alt": [1.7898716284386351, 0.0, 0.10694221448344238], "k_pid_att": [24.458359388135463, 2.642028280648818, 0.20331823588505563], "k_pid_yaw": [0.5, 1e-06, 0.1], "k_pid_hsp": [0.12094975610116807, 0.0, 0.0], "k_pid_vsp": [158.76636921972187, 58.204577503185405, 1e-06]}, "datetime": {"datetime": "2025-08-11 19:20:57", "elapsed": 10536.396723985672, "delta": 17.83203363418579}, "costs": {"total_cost": 189.0462663265246, "time_cost": 73.458, "final_distance_cost": 1.8506549260455545, "oscillation_cost": 24.945721990320855, "completition_cost": 0.0, "overshoot_cost": 51.54768597193866, "power_cost": 14.655653930664064, "noise_cost": 22.58854950755549, "n_waypoints_completed": 9, "tot_waypoints": 9}}
{"target": -4972.284659254708, "params": {"k_pid_pos": [0.712965132927293, 0.0, 0.455751076727835], "k_pid_alt": [1.7063248899778227, 0.0, 0.11129638626131722], "k_pid_att": [0.0, 1.6012380993123734, 0.06431115334897697], "k_pid_yaw": [0.5, 1e-06, 0.1], "k_pid_hsp": [0.3034714392344735, 0.0, 0.0], "k_pid_vsp": [155.9133036979135, 80.60748243993959, 0.12894456720001912]}, "datetime": {"datetime": "2025-08-11 19:21:27", "elapsed": 10567.190828084946, "delta": 30.79410409927368}, "costs": {"total_cost": 4972.284659254708, "time_cost": 150, "final_distance_cost": 408.81827071827513, "oscillation_cost": 2178.5681790275203, "completition_cost": 1000.0, "overshoot_cost": 1006.0695495637026, "power_cost": 60.35938186035157, "noise_cost": 168.4692780848584, "n_waypoints_completed": 0, "tot_waypoints": 9}}
{"target": -884.4819917272866, "params": {"k_pid_pos": [0.6079011580765071, 0.022434723626034256, 0.19395550229292216], "k_pid_alt": [1.6023409029906661, 0.0, 0.1876229469837969], "k_pid_att": [12.97367588465333, 2.753221005808483, 0.12642925823356688], "k_pid_yaw": [0.5, 1e-06, 0.1], "k_pid_hsp": [0.010240886734627697, 0.0, 0.0], "k_pid_vsp": [133.9174458949342, 48.56562058156706, 1e-06]}, "datetime": {"datetime": "2025-08-11 19:21:57", "elapsed": 10596.974499225616, "delta": 29.783671140670776}, "costs": {"total_cost": 884.4819917272866, "time_cost": 150, "final_distance_cost": 49.11337245625509, "oscillation_cost": 2.9671251763742967, "completition_cost": 555.5555555555555, "overshoot_cost": 72.64326487777272, "power_cost": 21.308142810058595, "noise_cost": 32.89453085127032, "n_waypoints_completed": 4, "tot_waypoints": 9}}
{"target": -191.43792566080288, "params": {"k_pid_pos": [0.6234194830230255, 0.0, 0.29755800859517945], "k_pid_alt": [1.7075805430484046, 0.0, 0.28370105756286546], "k_pid_att": [18.032417658567823, 2.640281650433523, 0.14374450379223197], "k_pid_yaw": [0.5, 1e-06, 0.1], "k_pid_hsp": [0.11551838262099151, 0.0, 0.0], "k_pid_vsp": [160.00678169618539, 21.452556231669963, 1.227919574577489]}, "datetime": {"datetime": "2025-08-11 19:22:16", "elapsed": 10615.504029750824, "delta": 18.52953052520752}, "costs": {"total_cost": 191.43792566080288, "time_cost": 76.202, "final_distance_cost": 1.8476420766808164, "oscillation_cost": 22.3918030300337, "completition_cost": 0.0, "overshoot_cost": 52.4626129070742, "power_cost": 14.830826318359376, "noise_cost": 23.70304132865479, "n_waypoints_completed": 9, "tot_waypoints": 9}}
{"target": -204.36852721573416, "params": {"k_pid_pos": [0.8993065442609681, 0.0, 0.3398542629758444], "k_pid_alt": [1.6454431646820538, 0.0, 0.2331607150767971], "k_pid_att": [19.797617500380937, 2.3468852815262027, 0.09421874033725601], "k_pid_yaw": [0.5, 1e-06, 0.1], "k_pid_hsp": [0.03703284790175171, 0.0, 0.0], "k_pid_vsp": [172.44193943228203, 48.78016783005875, 1e-06]}, "datetime": {"datetime": "2025-08-11 19:22:36", "elapsed": 10636.308775901794, "delta": 20.80474615097046}, "costs": {"total_cost": 204.36852721573416, "time_cost": 85.134, "final_distance_cost": 1.811487607448024, "oscillation_cost": 16.05408278995738, "completition_cost": 0.0, "overshoot_cost": 59.216344089400444, "power_cost": 15.953945825195314, "noise_cost": 26.198666903733, "n_waypoints_completed": 9, "tot_waypoints": 9}}
{"target": -188.7433158318901, "params": {"k_pid_pos": [1.3344747395737382, 0.04466903995571213, 0.27028631654587915], "k_pid_alt": [1.6945331832144275, 0.0, 0.2669559052148792], "k_pid_att": [18.015923787564873, 1.9566043921216303, 0.6618904597565372], "k_pid_yaw": [0.5, 1e-06, 0.1], "k_pid_hsp": [1.6891053931312405, 0.0, 0.0], "k_pid_vsp": [233.830138938436, 213.76691619762713, 1e-06]}, "datetime": {"datetime": "2025-08-11 19:22:54", "elapsed": 10653.416620492935, "delta": 17.107844591140747}, "costs": {"total_cost": 188.7433158318901, "time_cost": 69.034, "final_distance_cost": 1.842961751772759, "oscillation_cost": 32.17808097672013, "completition_cost": 0.0, "overshoot_cost": 50.18118286799887, "power_cost": 14.756004138183595, "noise_cost": 20.751086097214746, "n_waypoints_completed": 9, "tot_waypoints": 9}}
{"target": -192.56183408046962, "params": {"k_pid_pos": [1.045107570315348, 0.03502140108349966, 0.3333640172398181], "k_pid_alt": [1.685136933249402, 0.0, 0.15190549481849744], "k_pid_att": [30.816550575825673, 2.072740199853066, 0.12485142482625598], "k_pid_yaw": [0.5, 1e-06, 0.1], "k_pid_hsp": [0.05769661983265095, 0.0, 0.0], "k_pid_vsp": [177.97832867941443, 72.4488873807484, 1e-06]}, "datetime": {"datetime": "2025-08-11 19:23:12", "elapsed": 10672.29322886467, "delta": 18.87660837173462}, "costs": {"total_cost": 192.56183408046962, "time_cost": 76.104, "final_distance_cost": 1.7722976992047592, "oscillation_cost": 22.97724214272769, "completition_cost": 0.0, "overshoot_cost": 53.87896034718797, "power_cost": 14.808567211914063, "noise_cost": 23.020766679435145, "n_waypoints_completed": 9, "tot_waypoints": 9}}
{"target": -185.07527171321908, "params": {"k_pid_pos": [0.9430946870017609, 0.0, 0.1827724874399501], "k_pid_alt": [1.6096262479194832, 0.0, 0.3058439385665919], "k_pid_att": [20.967683975845873, 2.509282846206181, 0.13231216069852622], "k_pid_yaw": [0.5, 1e-06, 0.1], "k_pid_hsp": [0.2152637089787572, 0.0, 0.0], "k_pid_vsp": [135.80127102372165, 56.288099274499515, 0.02763899636787115]}, "datetime": {"datetime": "2025-08-11 19:23:30", "elapsed": 10689.548189163208, "delta": 17.254960298538208}, "costs": {"total_cost": 185.07527171321908, "time_cost": 70.343, "final_distance_cost": 1.8493446422072515, "oscillation_cost": 26.584478582015226, "completition_cost": 0.0, "overshoot_cost": 50.63191048739384, "power_cost": 14.418902441406251, "noise_cost": 21.247635560196485, "n_waypoints_completed": 9, "tot_waypoints": 9}}
{"target": -194.27033862116795, "params": {"k_pid_pos": [1.0453333633532818, 0.02746231838344012, 0.08545159417104498], "k_pid_alt": [0.7431251771176229, 0.0, 0.23461535963441554], "k_pid_att": [26.15973768554785, 2.863433058312951, 0.17391880860318026], "k_pid_yaw": [0.5, 1e-06, 0.1], "k_pid_hsp": [0.7765842370923421, 0.002523907251230355, 0.0], "k_pid_vsp": [176.1020102630262, 58.70550427432482, 0.32029777688837496]}, "datetime": {"datetime": "2025-08-11 19:23:48", "elapsed": 10708.223685741425, "delta": 18.675496578216553}, "costs": {"total_cost": 194.27033862116795, "time_cost": 73.752, "final_distance_cost": 1.843123472055766, "oscillation_cost": 31.06728945474216, "completition_cost": 0.0, "overshoot_cost": 50.59120555609157, "power_cost": 15.246828771972657, "noise_cost": 21.769891366305817, "n_waypoints_completed": 9, "tot_waypoints": 9}}
{"target": -197.6970080053463, "params": {"k_pid_pos": [0.5819745041162675, 0.0, 0.22955629679533932], "k_pid_alt": [1.7448617545608467, 0.0, 0.08372305513621865], "k_pid_att": [20.162554297646672, 1.9957665959082371, 0.05807300764285968], "k_pid_yaw": [0.5, 1e-06, 0.1], "k_pid_hsp": [0.1947034468360753, 0.0, 0.0], "k_pid_vsp": [95.48948140081754, 51.47054965514219, 0.30538973348976584]}, "datetime": {"datetime": "2025-08-11 19:24:08", "elapsed": 10727.902352809906, "delta": 19.678667068481445}, "costs": {"total_cost": 197.6970080053463, "time_cost": 78.72200000000001, "final_distance_cost": 1.8557501563764223, "oscillation_cost": 25.445992389155478, "completition_cost": 0.0, "overshoot_cost": 51.5234196212799, "power_cost": 15.43752596435547, "noise_cost": 24.712319874179038, "n_waypoints_completed": 9, "tot_waypoints": 9}}
