{"target": -181.81681991411847, "params": {"k_pid_pos": [0.5266193332298411, 0.0, 0.0], "k_pid_alt": [1.6142345508618197, 0.0, 0.1292058442569147], "k_pid_att": [25.919078201060728, 2.133384576297144, 0.22900918611628268], "k_pid_yaw": [0.5, 1e-06, 0.1], "k_pid_hsp": [0.09093400607122806, 0.0, 0.0], "k_pid_vsp": [128.22516471203264, 124.4948812014273, 1.1143021323945983]}, "datetime": {"datetime": "2025-08-12 04:23:57", "elapsed": 43116.938363313675, "delta": 18.420459747314453}, "costs": {"total_cost": 181.81681991411847, "time_cost": 72.933, "final_distance_cost": 1.8259597495343303, "oscillation_cost": 19.26958305795472, "completition_cost": 0.0, "overshoot_cost": 51.674322933342914, "power_cost": 14.190467456054689, "noise_cost": 21.92348671723182, "n_waypoints_completed": 9, "tot_waypoints": 9}}
{"target": -182.5349947394834, "params": {"k_pid_pos": [0.5302507435193259, 0.0, 0.0], "k_pid_alt": [1.6110011437806968, 0.0, 0.1274057999962281], "k_pid_att": [23.941146377213638, 2.1972249914987794, 0.2179539233006363], "k_pid_yaw": [0.5, 1e-06, 0.1], "k_pid_hsp": [0.09221274882325128, 0.0, 0.0], "k_pid_vsp": [128.0467122480142, 125.2013013636528, 1.148948208650754]}, "datetime": {"datetime": "2025-08-12 04:24:18", "elapsed": 43137.43597650528, "delta": 20.497613191604614}, "costs": {"total_cost": 182.5349947394834, "time_cost": 72.83500000000001, "final_distance_cost": 1.8171235544112556, "oscillation_cost": 19.54846496653348, "completition_cost": 0.0, "overshoot_cost": 52.11951050045417, "power_cost": 14.270013220214844, "noise_cost": 21.944882497869656, "n_waypoints_completed": 9, "tot_waypoints": 9}}
{"target": -182.45815289936246, "params": {"k_pid_pos": [0.5529736607799838, 0.0, 0.0], "k_pid_alt": [1.6210851030080735, 0.0, 0.1318641678519786], "k_pid_att": [26.014008366532238, 2.155383641754166, 0.21036151602479486], "k_pid_yaw": [0.5, 1e-06, 0.1], "k_pid_hsp": [0.09658911524726248, 0.0, 0.0], "k_pid_vsp": [128.65599877648157, 126.75830309532518, 1.1926674380016746]}, "datetime": {"datetime": "2025-08-12 04:24:35", "elapsed": 43154.778232336044, "delta": 17.34225583076477}, "costs": {"total_cost": 182.45815289936246, "time_cost": 72.38, "final_distance_cost": 1.8381617324082429, "oscillation_cost": 20.37537718297552, "completition_cost": 0.0, "overshoot_cost": 51.95208916119993, "power_cost": 14.162479113769532, "noise_cost": 21.750045709009243, "n_waypoints_completed": 9, "tot_waypoints": 9}}
{"target": -181.98535648906997, "params": {"k_pid_pos": [0.583425964277906, 0.0, 0.0], "k_pid_alt": [1.6203704139416042, 0.0, 0.11752882805962986], "k_pid_att": [25.33640487643753, 2.152365074807834, 0.24649006073961563], "k_pid_yaw": [0.5, 1e-06, 0.1], "k_pid_hsp": [0.09427792923728219, 0.0, 0.0], "k_pid_vsp": [128.46364827294664, 141.6393298489452, 0.988499619394995]}, "datetime": {"datetime": "2025-08-12 04:24:54", "elapsed": 43173.51497006416, "delta": 18.736737728118896}, "costs": {"total_cost": 181.98535648906997, "time_cost": 72.086, "final_distance_cost": 1.8145348875770315, "oscillation_cost": 20.598079701014647, "completition_cost": 0.0, "overshoot_cost": 51.75924624097679, "power_cost": 14.151815478515626, "noise_cost": 21.575680180985874, "n_waypoints_completed": 9, "tot_waypoints": 9}}
{"target": -182.43929348788643, "params": {"k_pid_pos": [0.5564395397518406, 0.0, 0.0], "k_pid_alt": [1.6222024958536654, 0.0, 0.12403551819323771], "k_pid_att": [27.81606591370595, 2.113842509161937, 0.22917548288171313], "k_pid_yaw": [0.5, 1e-06, 0.1], "k_pid_hsp": [0.09016958737398859, 0.0, 0.0], "k_pid_vsp": [129.2051434039942, 125.40562657167138, 1.0636698429711462]}, "datetime": {"datetime": "2025-08-12 04:25:11", "elapsed": 43191.29010438919, "delta": 17.775134325027466}, "costs": {"total_cost": 182.43929348788643, "time_cost": 72.569, "final_distance_cost": 1.8080777698979322, "oscillation_cost": 19.813818078047166, "completition_cost": 0.0, "overshoot_cost": 52.22022314435031, "power_cost": 14.229600244140626, "noise_cost": 21.79857425145042, "n_waypoints_completed": 9, "tot_waypoints": 9}}
{"target": -182.15167957593673, "params": {"k_pid_pos": [0.5525474978595295, 9.333549219301426e-08, 0.0], "k_pid_alt": [1.611260209516983, 0.0, 0.16778652377511336], "k_pid_att": [25.691925607879714, 2.1803261667633747, 0.23355697934124992], "k_pid_yaw": [0.5, 1e-06, 0.1], "k_pid_hsp": [0.0930469292490288, 0.0, 0.0], "k_pid_vsp": [129.309641058385, 140.2966821731599, 1.1262163117379593]}, "datetime": {"datetime": "2025-08-12 04:25:30", "elapsed": 43210.29502558708, "delta": 19.004921197891235}, "costs": {"total_cost": 182.15167957593673, "time_cost": 72.548, "final_distance_cost": 1.8267624180005921, "oscillation_cost": 19.917187599365736, "completition_cost": 0.0, "overshoot_cost": 51.89169952191537, "power_cost": 14.195223291015626, "noise_cost": 21.772806745639397, "n_waypoints_completed": 9, "tot_waypoints": 9}}
{"target": -182.34824681713584, "params": {"k_pid_pos": [0.5183732037812679, 0.0, 0.0], "k_pid_alt": [1.61409703319992, 0.0, 0.1443788869146259], "k_pid_att": [17.98223023487118, 2.114801885871328, 0.27261219460200126], "k_pid_yaw": [0.5, 1e-06, 0.1], "k_pid_hsp": [0.09151723906094905, 0.0, 0.0], "k_pid_vsp": [130.1633878401961, 139.51646178949122, 1.3133076199105027]}, "datetime": {"datetime": "2025-08-12 04:25:49", "elapsed": 43229.191262722015, "delta": 18.89623713493347}, "costs": {"total_cost": 182.34824681713584, "time_cost": 73.059, "final_distance_cost": 1.8256021989480613, "oscillation_cost": 19.30993206556778, "completition_cost": 0.0, "overshoot_cost": 51.98345023064315, "power_cost": 14.208845141601563, "noise_cost": 21.96141718037529, "n_waypoints_completed": 9, "tot_waypoints": 9}}
{"target": -182.79131335854134, "params": {"k_pid_pos": [0.523999465007734, 0.0, 0.0], "k_pid_alt": [1.6137839437505004, 0.0, 0.1189454359193982], "k_pid_att": [25.8298042319965, 2.478245877912743, 0.22521991745982495], "k_pid_yaw": [0.5, 1e-06, 0.1], "k_pid_hsp": [0.08751525316513602, 0.0, 0.0], "k_pid_vsp": [126.17607717721802, 70.82875276388677, 1.3713007668081103]}, "datetime": {"datetime": "2025-08-12 04:26:08", "elapsed": 43248.073404073715, "delta": 18.88214135169983}, "costs": {"total_cost": 182.79131335854134, "time_cost": 73.164, "final_distance_cost": 1.8334224088063982, "oscillation_cost": 18.791197844252906, "completition_cost": 0.0, "overshoot_cost": 52.53064597277428, "power_cost": 14.301038500976563, "noise_cost": 22.17100863173118, "n_waypoints_completed": 9, "tot_waypoints": 9}}
{"target": -181.82059915176268, "params": {"k_pid_pos": [0.5248872662274506, 0.0, 0.0], "k_pid_alt": [1.6143130835120019, 0.0, 0.13057781006580654], "k_pid_att": [25.062723798626667, 2.129305982133964, 0.22176242534305846], "k_pid_yaw": [0.5, 1e-06, 0.1], "k_pid_hsp": [0.0914558444382306, 0.0, 0.0], "k_pid_vsp": [128.68450036526133, 123.85943086796179, 1.0921555919651615]}, "datetime": {"datetime": "2025-08-12 04:26:28", "elapsed": 43267.776741981506, "delta": 19.703337907791138}, "costs": {"total_cost": 181.82059915176268, "time_cost": 72.95400000000001, "final_distance_cost": 1.8276502120195137, "oscillation_cost": 19.15705152911635, "completition_cost": 0.0, "overshoot_cost": 51.773578522907904, "power_cost": 14.195978515625, "noise_cost": 21.91234037209389, "n_waypoints_completed": 9, "tot_waypoints": 9}}
{"target": -182.05683839106274, "params": {"k_pid_pos": [0.526791902045132, 0.0, 0.0], "k_pid_alt": [1.6129136270194573, 0.0, 0.12555348709530653], "k_pid_att": [21.078201367507596, 1.8292859963316526, 0.23942303958451297], "k_pid_yaw": [0.5, 1e-06, 0.1], "k_pid_hsp": [0.09067992368962309, 0.0, 0.0], "k_pid_vsp": [127.13472733339621, 130.84777281791744, 1.1088132061678473]}, "datetime": {"datetime": "2025-08-12 04:26:46", "elapsed": 43285.59195351601, "delta": 17.815211534500122}, "costs": {"total_cost": 182.05683839106274, "time_cost": 72.94, "final_distance_cost": 1.8156110332310864, "oscillation_cost": 19.174182633797226, "completition_cost": 0.0, "overshoot_cost": 51.9566467502071, "power_cost": 14.258231994628908, "noise_cost": 21.912165979198427, "n_waypoints_completed": 9, "tot_waypoints": 9}}
{"target": -182.24769922152052, "params": {"k_pid_pos": [0.5225884296691138, 0.0, 0.0], "k_pid_alt": [1.6153870684437384, 0.0, 0.14547525598973066], "k_pid_att": [20.58610833131108, 2.0656734977690525, 0.21664548263926947], "k_pid_yaw": [0.5, 1e-06, 0.1], "k_pid_hsp": [0.09085780927901356, 0.0, 0.0], "k_pid_vsp": [127.19690580886248, 113.87966089404091, 1.090484631140894]}, "datetime": {"datetime": "2025-08-12 04:27:05", "elapsed": 43304.53182601929, "delta": 18.93987250328064}, "costs": {"total_cost": 182.24769922152052, "time_cost": 73.024, "final_distance_cost": 1.8230959594468275, "oscillation_cost": 19.244956083601036, "completition_cost": 0.0, "overshoot_cost": 51.901527185091034, "power_cost": 14.19391600341797, "noise_cost": 22.060203989963636, "n_waypoints_completed": 9, "tot_waypoints": 9}}
{"target": -182.0017317542366, "params": {"k_pid_pos": [0.5279071339117056, 0.0, 0.0], "k_pid_alt": [1.6185292268294262, 0.0, 0.08840121751612459], "k_pid_att": [26.05364717078474, 2.1070076670617524, 0.22000710659095243], "k_pid_yaw": [0.5, 1e-06, 0.1], "k_pid_hsp": [0.09524909262813383, 0.0, 0.0], "k_pid_vsp": [130.67720387395897, 123.37452065219273, 2.504133008135251]}, "datetime": {"datetime": "2025-08-12 04:27:23", "elapsed": 43322.48003292084, "delta": 17.948206901550293}, "costs": {"total_cost": 182.0017317542366, "time_cost": 72.751, "final_distance_cost": 1.8162622724278048, "oscillation_cost": 19.500459935868296, "completition_cost": 0.0, "overshoot_cost": 51.79094261139694, "power_cost": 14.235718591308595, "noise_cost": 21.907348343234965, "n_waypoints_completed": 9, "tot_waypoints": 9}}
{"target": -182.60480401764954, "params": {"k_pid_pos": [0.522363949014765, 0.0, 0.0], "k_pid_alt": [1.611660090876169, 0.0, 0.13903704960736016], "k_pid_att": [26.871572683234596, 2.1385235799210185, 0.19200102734364832], "k_pid_yaw": [0.5, 1e-06, 0.1], "k_pid_hsp": [0.09024828723218248, 0.0, 0.0], "k_pid_vsp": [127.89592106223905, 198.59340537366444, 1.5824006045970704]}, "datetime": {"datetime": "2025-08-12 04:27:43", "elapsed": 43342.65438628197, "delta": 20.17435336112976}, "costs": {"total_cost": 182.60480401764954, "time_cost": 73.045, "final_distance_cost": 1.8237115066628753, "oscillation_cost": 19.210262459414615, "completition_cost": 0.0, "overshoot_cost": 52.17486342749985, "power_cost": 14.352516259765626, "noise_cost": 21.998450364306585, "n_waypoints_completed": 9, "tot_waypoints": 9}}
{"target": -184.63850133603069, "params": {"k_pid_pos": [0.4208369643834332, 0.0038529639522462775, 0.0004683324769024555], "k_pid_alt": [1.6143177314016521, 0.0, 0.16684387239172185], "k_pid_att": [25.414792861183248, 2.0963401387895835, 0.08267407329292081], "k_pid_yaw": [0.5, 1e-06, 0.1], "k_pid_hsp": [0.09084214874391322, 0.0002534539229913644, 0.0], "k_pid_vsp": [129.38202169020573, 126.52762145253963, 1.4991145928731249]}, "datetime": {"datetime": "2025-08-12 04:28:01", "elapsed": 43361.151681900024, "delta": 18.49729561805725}, "costs": {"total_cost": 184.63850133603069, "time_cost": 75.292, "final_distance_cost": 1.8360992148499993, "oscillation_cost": 17.675038700984086, "completition_cost": 0.0, "overshoot_cost": 52.223222705042424, "power_cost": 14.566336877441406, "noise_cost": 23.04580383771276, "n_waypoints_completed": 9, "tot_waypoints": 9}}
{"target": -182.41560904024914, "params": {"k_pid_pos": [0.5262262585691739, 0.0, 0.0], "k_pid_alt": [1.6176030957681935, 0.0, 0.15302014304160744], "k_pid_att": [23.771324148480996, 1.9819726663361747, 0.20954461097970392], "k_pid_yaw": [0.5, 1e-06, 0.1], "k_pid_hsp": [0.09254313555632789, 0.0, 0.0], "k_pid_vsp": [128.67500184911535, 123.24497731606904, 1.1046419685727136]}, "datetime": {"datetime": "2025-08-12 04:28:21", "elapsed": 43380.46477293968, "delta": 19.313091039657593}, "costs": {"total_cost": 182.41560904024914, "time_cost": 72.912, "final_distance_cost": 1.824643009022416, "oscillation_cost": 19.655371736651304, "completition_cost": 0.0, "overshoot_cost": 51.94498683943196, "power_cost": 14.151186938476563, "noise_cost": 21.927420516666903, "n_waypoints_completed": 9, "tot_waypoints": 9}}
{"target": -182.56587385761102, "params": {"k_pid_pos": [0.5264792886840223, 0.0, 0.0], "k_pid_alt": [1.6151050737741017, 0.0, 0.13453239401103906], "k_pid_att": [25.692112607606425, 2.122630556137694, 0.2237063689009261], "k_pid_yaw": [0.5, 1e-06, 0.1], "k_pid_hsp": [0.09182146001902708, 0.0, 0.0], "k_pid_vsp": [128.36569689943423, 125.3863842492337, 1.051040659660893]}, "datetime": {"datetime": "2025-08-12 04:28:38", "elapsed": 43398.243005275726, "delta": 17.77823233604431}, "costs": {"total_cost": 182.56587385761102, "time_cost": 72.905, "final_distance_cost": 1.8375665945703805, "oscillation_cost": 19.623196569333412, "completition_cost": 0.0, "overshoot_cost": 52.10181243351226, "power_cost": 14.18461728515625, "noise_cost": 21.913680975038723, "n_waypoints_completed": 9, "tot_waypoints": 9}}
{"target": -182.39666214271753, "params": {"k_pid_pos": [0.5250199102530801, 0.0, 0.0], "k_pid_alt": [1.5932356588817969, 0.0, 0.13677746117993209], "k_pid_att": [24.952367181734374, 2.1704631109472667, 0.22870080576261317], "k_pid_yaw": [0.5, 1e-06, 0.1], "k_pid_hsp": [0.08931880224991436, 0.0, 0.0], "k_pid_vsp": [131.34025816688376, 146.6110610269074, 1.266431490131962]}, "datetime": {"datetime": "2025-08-12 04:28:58", "elapsed": 43417.65889048576, "delta": 19.41588521003723}, "costs": {"total_cost": 182.39666214271753, "time_cost": 73.052, "final_distance_cost": 1.8208868861928913, "oscillation_cost": 19.207371488843958, "completition_cost": 0.0, "overshoot_cost": 52.08682040546961, "power_cost": 14.262116796875, "noise_cost": 21.96746656533605, "n_waypoints_completed": 9, "tot_waypoints": 9}}
{"target": -181.7242758831891, "params": {"k_pid_pos": [0.5252726044885142, 0.0, 0.0], "k_pid_alt": [1.6130086638273051, 0.0, 0.11363168050363337], "k_pid_att": [25.752333928829536, 2.135763517328376, 0.23239960920347508], "k_pid_yaw": [0.5, 1e-06, 0.1], "k_pid_hsp": [0.09099441262255653, 0.0, 0.0], "k_pid_vsp": [128.4951323545991, 126.59831249752585, 1.3225056174523449]}, "datetime": {"datetime": "2025-08-12 04:29:16", "elapsed": 43435.50082874298, "delta": 17.841938257217407}, "costs": {"total_cost": 181.7242758831891, "time_cost": 72.933, "final_distance_cost": 1.834522989620037, "oscillation_cost": 19.152052396289104, "completition_cost": 0.0, "overshoot_cost": 51.687536655996375, "power_cost": 14.197423571777344, "noise_cost": 21.919740269506228, "n_waypoints_completed": 9, "tot_waypoints": 9}}
{"target": -182.27906198285436, "params": {"k_pid_pos": [0.5262873762034816, 0.0, 0.0], "k_pid_alt": [1.6114099235912325, 0.0, 0.18893471148309357], "k_pid_att": [25.856434946426386, 2.085484866729307, 0.23066961098494254], "k_pid_yaw": [0.5, 1e-06, 0.1], "k_pid_hsp": [0.09115038501113701, 0.0, 0.0], "k_pid_vsp": [128.1483904111793, 124.49068397648834, 1.2442987180522158]}, "datetime": {"datetime": "2025-08-12 04:29:34", "elapsed": 43454.331292152405, "delta": 18.830463409423828}, "costs": {"total_cost": 182.27906198285436, "time_cost": 73.01, "final_distance_cost": 1.8271267295077984, "oscillation_cost": 19.227222656808003, "completition_cost": 0.0, "overshoot_cost": 51.97942064490306, "power_cost": 14.223069775390625, "noise_cost": 22.01222217624487, "n_waypoints_completed": 9, "tot_waypoints": 9}}
{"target": -182.73273944159692, "params": {"k_pid_pos": [0.527845249578144, 0.0, 0.0], "k_pid_alt": [1.616712633287516, 0.0, 0.12139501160954494], "k_pid_att": [25.71877448251944, 2.139143123260005, 0.208830555331617], "k_pid_yaw": [0.5, 1e-06, 0.1], "k_pid_hsp": [0.0914574249749155, 0.0, 0.0], "k_pid_vsp": [128.03293132350274, 134.6066184214595, 0.4237557955963563]}, "datetime": {"datetime": "2025-08-12 04:29:54", "elapsed": 43473.52577209473, "delta": 19.194479942321777}, "costs": {"total_cost": 182.73273944159692, "time_cost": 72.884, "final_distance_cost": 1.8363028685873186, "oscillation_cost": 19.593334023114686, "completition_cost": 0.0, "overshoot_cost": 52.25455471195131, "power_cost": 14.242347314453125, "noise_cost": 21.922200523490492, "n_waypoints_completed": 9, "tot_waypoints": 9}}
{"target": -181.92702885799758, "params": {"k_pid_pos": [0.5699393114353357, 0.0, 0.0], "k_pid_alt": [1.6091457129638824, 0.0, 0.1278555359614958], "k_pid_att": [25.56595919012755, 2.147325136631736, 0.23984397088622292], "k_pid_yaw": [0.5, 1e-06, 0.1], "k_pid_hsp": [0.09335456306252123, 0.0, 0.0], "k_pid_vsp": [144.53265892745605, 126.79307031106677, 0.16033644119629564]}, "datetime": {"datetime": "2025-08-12 04:30:11", "elapsed": 43491.13028597832, "delta": 17.6045138835907}, "costs": {"total_cost": 181.92702885799758, "time_cost": 72.289, "final_distance_cost": 1.8162108887855595, "oscillation_cost": 20.239654949115057, "completition_cost": 0.0, "overshoot_cost": 51.59491731709339, "power_cost": 14.185578515625, "noise_cost": 21.801667187378573, "n_waypoints_completed": 9, "tot_waypoints": 9}}
{"target": -181.844986819929, "params": {"k_pid_pos": [0.5257425755220237, 0.0, 0.0], "k_pid_alt": [1.6149362169271178, 0.0, 0.13900216929136056], "k_pid_att": [26.035104854254044, 2.132229999270189, 0.2215058912334236], "k_pid_yaw": [0.5, 1e-06, 0.1], "k_pid_hsp": [0.09082681361891735, 0.0, 0.0], "k_pid_vsp": [127.18589135857331, 124.61918974309553, 1.0970932682844212]}, "datetime": {"datetime": "2025-08-12 04:30:30", "elapsed": 43510.07069396973, "delta": 18.9404079914093}, "costs": {"total_cost": 181.844986819929, "time_cost": 72.961, "final_distance_cost": 1.8195271063639025, "oscillation_cost": 19.152458509030247, "completition_cost": 0.0, "overshoot_cost": 51.80939040411683, "power_cost": 14.19906455078125, "noise_cost": 21.903546249636744, "n_waypoints_completed": 9, "tot_waypoints": 9}}
{"target": -182.169171190242, "params": {"k_pid_pos": [0.5254818800893987, 0.0, 0.0], "k_pid_alt": [1.612844582069252, 0.0, 0.12326715184145434], "k_pid_att": [26.330475996807053, 2.143981458885135, 0.22210671549186348], "k_pid_yaw": [0.5, 1e-06, 0.1], "k_pid_hsp": [0.09133236660543462, 0.0, 0.0], "k_pid_vsp": [124.70910663062695, 122.1602400188558, 1.2864189960518144]}, "datetime": {"datetime": "2025-08-12 04:30:49", "elapsed": 43528.39974522591, "delta": 18.32905125617981}, "costs": {"total_cost": 182.169171190242, "time_cost": 72.933, "final_distance_cost": 1.816376312382791, "oscillation_cost": 19.24947611918988, "completition_cost": 0.0, "overshoot_cost": 52.06581310550058, "power_cost": 14.189324743652344, "noise_cost": 21.915180909516376, "n_waypoints_completed": 9, "tot_waypoints": 9}}
{"target": -182.1847697440429, "params": {"k_pid_pos": [0.5261986786183156, 0.0, 0.0], "k_pid_alt": [1.5970651881703248, 0.0, 0.13891224225454762], "k_pid_att": [25.797764788217133, 2.165179569860739, 0.24630646103817358], "k_pid_yaw": [0.5, 1e-06, 0.1], "k_pid_hsp": [0.09021378158851785, 0.0, 0.0], "k_pid_vsp": [125.63374650150615, 123.3154689672208, 3.103780441462675]}, "datetime": {"datetime": "2025-08-12 04:31:08", "elapsed": 43548.16858935356, "delta": 19.76884412765503}, "costs": {"total_cost": 182.1847697440429, "time_cost": 72.996, "final_distance_cost": 1.8236912296615728, "oscillation_cost": 19.164583291180566, "completition_cost": 0.0, "overshoot_cost": 51.93366726707728, "power_cost": 14.217573474121094, "noise_cost": 22.04925448200242, "n_waypoints_completed": 9, "tot_waypoints": 9}}
{"target": -182.17701867857127, "params": {"k_pid_pos": [0.5767064775646927, 0.0, 0.0], "k_pid_alt": [1.6124429938950366, 0.0, 0.12514950512981687], "k_pid_att": [26.240520942806835, 2.3922479088184767, 0.23566785208052518], "k_pid_yaw": [0.5, 1e-06, 0.1], "k_pid_hsp": [0.09125730763440242, 0.0, 0.0], "k_pid_vsp": [130.79099764475342, 125.94975754338873, 1.1333458164853096]}, "datetime": {"datetime": "2025-08-12 04:31:27", "elapsed": 43566.85075235367, "delta": 18.68216300010681}, "costs": {"total_cost": 182.17701867857127, "time_cost": 72.303, "final_distance_cost": 1.810404136356995, "oscillation_cost": 20.190613178472415, "completition_cost": 0.0, "overshoot_cost": 51.95001796566835, "power_cost": 14.150808325195314, "noise_cost": 21.77217507287819, "n_waypoints_completed": 9, "tot_waypoints": 9}}
{"target": -182.56043456854576, "params": {"k_pid_pos": [0.5980123518794301, 0.0, 0.0], "k_pid_alt": [1.631202957034607, 0.0, 0.15566682931101541], "k_pid_att": [27.413614063522232, 2.115953844151652, 0.20929257457396314], "k_pid_yaw": [0.5, 1e-06, 0.1], "k_pid_hsp": [0.09324948600046962, 0.0, 0.0], "k_pid_vsp": [140.6151997538561, 126.23316973773863, 0.9517041910363615]}, "datetime": {"datetime": "2025-08-12 04:31:45", "elapsed": 43585.291489601135, "delta": 18.44073724746704}, "costs": {"total_cost": 182.56043456854576, "time_cost": 72.023, "final_distance_cost": 1.8231807581842343, "oscillation_cost": 21.118622833613113, "completition_cost": 0.0, "overshoot_cost": 51.789115795789535, "power_cost": 14.210841467285157, "noise_cost": 21.595673713673733, "n_waypoints_completed": 9, "tot_waypoints": 9}}
{"target": -182.21792023650727, "params": {"k_pid_pos": [0.516231087969256, 0.0, 0.0], "k_pid_alt": [1.6380525854328518, 0.0, 0.13727480030674938], "k_pid_att": [24.813638360722397, 2.1538298253954964, 0.18214308679143792], "k_pid_yaw": [0.5, 1e-06, 0.1], "k_pid_hsp": [0.09185990521577468, 0.0, 0.0], "k_pid_vsp": [127.12486511206103, 129.58832995839634, 0.969681640130331]}, "datetime": {"datetime": "2025-08-12 04:32:05", "elapsed": 43604.828822135925, "delta": 19.53733253479004}, "costs": {"total_cost": 182.21792023650727, "time_cost": 73.045, "final_distance_cost": 1.8211113827772638, "oscillation_cost": 19.162086148063818, "completition_cost": 0.0, "overshoot_cost": 51.94700456107494, "power_cost": 14.198659057617188, "noise_cost": 22.044059086974034, "n_waypoints_completed": 9, "tot_waypoints": 9}}
