{"target": -184.04545528150166, "params": {"k_pid_pos": [0.5002573354379567, 0.0, 0.09972092875394019], "k_pid_alt": [1.5383959758661838, 0.0, 0.13706801629541232], "k_pid_att": [28.983205052374068, 2.243465956704264, 0.17536104500216806], "k_pid_yaw": [0.5, 1e-06, 0.1], "k_pid_hsp": [0.08309188986232946, 0.0, 0.0], "k_pid_vsp": [147.100927935801, 52.640570148275586, 1e-06]}, "datetime": {"datetime": "2025-08-11 19:58:48", "elapsed": 12807.403172254562, "delta": 18.91996479034424}, "costs": {"total_cost": 184.04545528150166, "time_cost": 74.837, "final_distance_cost": 1.8264710944941729, "oscillation_cost": 17.591191294867734, "completition_cost": 0.0, "overshoot_cost": 52.60937530123067, "power_cost": 14.376595874023439, "noise_cost": 22.804821716885638, "n_waypoints_completed": 9, "tot_waypoints": 9}}
{"target": -185.7537010327842, "params": {"k_pid_pos": [0.5963725225284278, 0.0, 0.005740156525916876], "k_pid_alt": [1.6180446038311638, 0.0, 0.2856453531861288], "k_pid_att": [25.89089120966586, 2.385662596515556, 0.16899715339716043], "k_pid_yaw": [0.5, 1e-06, 0.1], "k_pid_hsp": [0.14368913023994573, 0.0, 0.0], "k_pid_vsp": [158.7202224930301, 59.788734804538336, 1e-06]}, "datetime": {"datetime": "2025-08-11 19:59:05", "elapsed": 12824.922382593155, "delta": 17.51921033859253}, "costs": {"total_cost": 185.7537010327842, "time_cost": 72.31700000000001, "final_distance_cost": 1.8385740447192505, "oscillation_cost": 23.618741930281328, "completition_cost": 0.0, "overshoot_cost": 51.664064816596564, "power_cost": 14.371508068847657, "noise_cost": 21.943812172339396, "n_waypoints_completed": 9, "tot_waypoints": 9}}
{"target": -182.9610469972443, "params": {"k_pid_pos": [0.6512357749352531, 0.0, 0.0], "k_pid_alt": [1.555370003735063, 0.0, 0.3053019918753305], "k_pid_att": [23.27013309642202, 2.21811868891675, 0.20569400329858645], "k_pid_yaw": [0.5, 1e-06, 0.1], "k_pid_hsp": [0.10825903383103963, 0.0, 0.0], "k_pid_vsp": [157.46674827008997, 50.781631839692665, 0.1986616514646592]}, "datetime": {"datetime": "2025-08-11 19:59:23", "elapsed": 12842.618844985962, "delta": 17.696462392807007}, "costs": {"total_cost": 182.9610469972443, "time_cost": 71.694, "final_distance_cost": 1.8338406828842155, "oscillation_cost": 22.628852722857854, "completition_cost": 0.0, "overshoot_cost": 51.18879295326648, "power_cost": 14.140778283691407, "noise_cost": 21.474782354544313, "n_waypoints_completed": 9, "tot_waypoints": 9}}
{"target": -186.43643074107786, "params": {"k_pid_pos": [0.897239779405042, 0.0, 0.0], "k_pid_alt": [1.5894655618922777, 0.0, 0.15078184143607903], "k_pid_att": [24.272835640204324, 2.0375303340563677, 0.24192982535552224], "k_pid_yaw": [0.5, 1e-06, 0.1], "k_pid_hsp": [0.31962395976433555, 0.0, 0.0], "k_pid_vsp": [158.3712609680265, 55.03129458319453, 0.04870716228282831]}, "datetime": {"datetime": "2025-08-11 19:59:40", "elapsed": 12859.824384450912, "delta": 17.20553946495056}, "costs": {"total_cost": 186.43643074107786, "time_cost": 70.035, "final_distance_cost": 1.8371791838157663, "oscillation_cost": 28.11371943797607, "completition_cost": 0.0, "overshoot_cost": 50.605986259174756, "power_cost": 14.551239270019533, "noise_cost": 21.29330659009175, "n_waypoints_completed": 9, "tot_waypoints": 9}}
{"target": -185.70444499519581, "params": {"k_pid_pos": [0.7657940022812137, 0.0, 0.0], "k_pid_alt": [1.3547835468639657, 0.0, 0.30339749642193203], "k_pid_att": [25.794882732657143, 2.1607961610559245, 0.2660861816634178], "k_pid_yaw": [0.5, 1e-06, 0.1], "k_pid_hsp": [0.2300014055723757, 0.0, 0.0], "k_pid_vsp": [110.96754240100611, 100.73309912212379, 1e-06]}, "datetime": {"datetime": "2025-08-11 19:59:58", "elapsed": 12877.518399953842, "delta": 17.694015502929688}, "costs": {"total_cost": 185.70444499519581, "time_cost": 70.889, "final_distance_cost": 1.845946129531461, "oscillation_cost": 26.479171753310837, "completition_cost": 0.0, "overshoot_cost": 50.631858323203886, "power_cost": 14.496640966796877, "noise_cost": 21.361827822352748, "n_waypoints_completed": 9, "tot_waypoints": 9}}
{"target": -205.23331584864556, "params": {"k_pid_pos": [0.37809469923573813, 0.0, 0.0], "k_pid_alt": [1.5483632168394201, 0.0, 0.16561514916697198], "k_pid_att": [14.46186296348098, 3.380808559289502, 0.2836334599358523], "k_pid_yaw": [0.5, 1e-06, 0.1], "k_pid_hsp": [0.21136421821735135, 0.0, 0.0], "k_pid_vsp": [170.67255193643516, 43.03934044447056, 1e-06]}, "datetime": {"datetime": "2025-08-11 20:00:18", "elapsed": 12898.317633390427, "delta": 20.799233436584473}, "costs": {"total_cost": 205.23331584864556, "time_cost": 84.987, "final_distance_cost": 1.859314950836678, "oscillation_cost": 22.28649479148578, "completition_cost": 0.0, "overshoot_cost": 52.52949731464591, "power_cost": 16.347638745117187, "noise_cost": 27.22337004656, "n_waypoints_completed": 9, "tot_waypoints": 9}}
{"target": -183.63668989223936, "params": {"k_pid_pos": [0.7784023936147602, 0.0, 0.0], "k_pid_alt": [1.8574946632783602, 0.0, 0.1241506598044481], "k_pid_att": [22.997201520679038, 2.220443696232134, 0.19529147988805928], "k_pid_yaw": [0.5, 1e-06, 0.1], "k_pid_hsp": [0.11652964700577285, 0.0, 0.0], "k_pid_vsp": [165.11988345165506, 53.456034032944814, 1e-06]}, "datetime": {"datetime": "2025-08-11 20:00:35", "elapsed": 12915.219946622849, "delta": 16.902313232421875}, "costs": {"total_cost": 183.63668989223936, "time_cost": 70.553, "final_distance_cost": 1.8114572871286487, "oscillation_cost": 24.370767236556524, "completition_cost": 0.0, "overshoot_cost": 51.52512896346584, "power_cost": 14.182496887207032, "noise_cost": 21.19383951788133, "n_waypoints_completed": 9, "tot_waypoints": 9}}
{"target": -192.3895157119658, "params": {"k_pid_pos": [0.45388083568203974, 0.0, 0.0], "k_pid_alt": [1.485413877307183, 0.0, 0.47586881869431635], "k_pid_att": [24.422437229877723, 2.297925884470394, 0.2257180714192521], "k_pid_yaw": [0.5, 1e-06, 0.1], "k_pid_hsp": [0.15557794643400502, 0.0, 0.0], "k_pid_vsp": [154.27281223427906, 45.41877596781619, 1e-06]}, "datetime": {"datetime": "2025-08-11 20:00:54", "elapsed": 12934.131708860397, "delta": 18.911762237548828}, "costs": {"total_cost": 192.3895157119658, "time_cost": 77.665, "final_distance_cost": 1.8471833021256778, "oscillation_cost": 22.35212482120539, "completition_cost": 0.0, "overshoot_cost": 51.57236780868518, "power_cost": 15.037699560546876, "noise_cost": 23.91514021940268, "n_waypoints_completed": 9, "tot_waypoints": 9}}
{"target": -560.6422422114864, "params": {"k_pid_pos": [0.7337913394244775, 0.0, 0.0], "k_pid_alt": [1.6155815607797575, 0.0, 0.14605815730010666], "k_pid_att": [32.368822912600336, 2.168613844037085, 0.24478914546970992], "k_pid_yaw": [0.5, 1e-06, 0.1], "k_pid_hsp": [0.020071530676208482, 0.0, 0.0], "k_pid_vsp": [131.59673556139288, 52.5280413111304, 1e-06]}, "datetime": {"datetime": "2025-08-11 20:01:25", "elapsed": 12964.780333280563, "delta": 30.648624420166016}, "costs": {"total_cost": 560.6422422114864, "time_cost": 150, "final_distance_cost": 66.98442638383011, "oscillation_cost": 8.586472843407485, "completition_cost": 222.2222222222222, "overshoot_cost": 58.61246622355706, "power_cost": 21.485896887207034, "noise_cost": 32.75075765126245, "n_waypoints_completed": 7, "tot_waypoints": 9}}
{"target": -199.88577449420137, "params": {"k_pid_pos": [0.30252544909204715, 0.0, 0.004056076323697019], "k_pid_alt": [1.400295199731211, 0.0, 0.4614473148809397], "k_pid_att": [25.48358155290567, 3.0186994396593176, 0.24729375534907763], "k_pid_yaw": [0.5, 1e-06, 0.1], "k_pid_hsp": [0.09305237357666143, 0.0, 0.0], "k_pid_vsp": [156.53799461830317, 27.816996721994315, 1e-06]}, "datetime": {"datetime": "2025-08-11 20:01:46", "elapsed": 12986.130477666855, "delta": 21.350144386291504}, "costs": {"total_cost": 199.88577449420137, "time_cost": 85.799, "final_distance_cost": 1.853614229232289, "oscillation_cost": 14.4749529963738, "completition_cost": 0.0, "overshoot_cost": 54.533231417803464, "power_cost": 16.063395764160155, "noise_cost": 27.161580086631645, "n_waypoints_completed": 9, "tot_waypoints": 9}}
{"target": -185.03516479361903, "params": {"k_pid_pos": [0.7596370497733448, 0.0, 0.0], "k_pid_alt": [1.7345000259669885, 0.0, 0.18951310685095196], "k_pid_att": [34.49442515932248, 2.2080014331176216, 0.16802484184318722], "k_pid_yaw": [0.5, 1e-06, 0.1], "k_pid_hsp": [0.20276071694664727, 0.0, 0.0], "k_pid_vsp": [167.97011216572972, 52.58932030205165, 1e-06]}, "datetime": {"datetime": "2025-08-11 20:02:04", "elapsed": 13003.506443500519, "delta": 17.37596583366394}, "costs": {"total_cost": 185.03516479361903, "time_cost": 70.595, "final_distance_cost": 1.8385657356299119, "oscillation_cost": 25.80423024483977, "completition_cost": 0.0, "overshoot_cost": 50.965314532894894, "power_cost": 14.41397958984375, "noise_cost": 21.418074690410695, "n_waypoints_completed": 9, "tot_waypoints": 9}}
{"target": -187.67956472550424, "params": {"k_pid_pos": [0.9046916257093149, 0.0, 0.0], "k_pid_alt": [1.6195467011199864, 0.0, 0.14399362224110845], "k_pid_att": [29.699889649719335, 2.1377614769917415, 0.1323772823821045], "k_pid_yaw": [0.5, 1e-06, 0.1], "k_pid_hsp": [0.09786217950423182, 0.0, 0.0], "k_pid_vsp": [177.09845348110156, 1e-06, 1e-06]}, "datetime": {"datetime": "2025-08-11 20:02:21", "elapsed": 13021.00788450241, "delta": 17.50144100189209}, "costs": {"total_cost": 187.67956472550424, "time_cost": 71.96000000000001, "final_distance_cost": 1.779927362888033, "oscillation_cost": 25.420771650204305, "completition_cost": 0.0, "overshoot_cost": 52.53927458915384, "power_cost": 14.31500955810547, "noise_cost": 21.664581565152588, "n_waypoints_completed": 9, "tot_waypoints": 9}}
{"target": -1228.003226106576, "params": {"k_pid_pos": [0.7090432490001713, 0.0, 0.2369639129594273], "k_pid_alt": [1.5600187340626352, 0.0, 0.11651576312984546], "k_pid_att": [23.879631924024558, 2.1295034763412084, 0.18472913001759722], "k_pid_yaw": [0.5, 1e-06, 0.1], "k_pid_hsp": [0.0001, 0.0, 0.0], "k_pid_vsp": [148.11663275965572, 67.21048047429495, 1e-06]}, "datetime": {"datetime": "2025-08-11 20:02:51", "elapsed": 13051.008443832397, "delta": 30.000559329986572}, "costs": {"total_cost": 1228.003226106576, "time_cost": 150, "final_distance_cost": 46.23780739816511, "oscillation_cost": 0.00501263350061724, "completition_cost": 888.8888888888888, "overshoot_cost": 88.77128974685826, "power_cost": 21.009123413085938, "noise_cost": 33.09110402607742, "n_waypoints_completed": 1, "tot_waypoints": 9}}
{"target": -183.93931837748255, "params": {"k_pid_pos": [0.8727923026178255, 0.0, 0.0], "k_pid_alt": [1.5152817612930478, 0.0, 0.036067220856931446], "k_pid_att": [22.970701990164375, 2.341319401929539, 0.30371564243078963], "k_pid_yaw": [0.5, 1e-06, 0.1], "k_pid_hsp": [0.13853942851406034, 0.0, 0.0], "k_pid_vsp": [126.88525465941838, 51.02643718148308, 1e-06]}, "datetime": {"datetime": "2025-08-11 20:03:09", "elapsed": 13068.85207414627, "delta": 17.84363031387329}, "costs": {"total_cost": 183.93931837748255, "time_cost": 69.95100000000001, "final_distance_cost": 1.81361925578541, "oscillation_cost": 25.936508596264257, "completition_cost": 0.0, "overshoot_cost": 51.198823178767014, "power_cost": 14.185375756835938, "noise_cost": 20.853991589829942, "n_waypoints_completed": 9, "tot_waypoints": 9}}
{"target": -192.16709265818326, "params": {"k_pid_pos": [0.5498709168855254, 0.0, 0.0], "k_pid_alt": [1.7218857421128522, 0.0, 0.14505902832982182], "k_pid_att": [24.81750536298994, 2.4597992400363156, 0.1533594482516408], "k_pid_yaw": [0.5, 1e-06, 0.1], "k_pid_hsp": [0.24622377578844284, 0.0, 0.0], "k_pid_vsp": [151.5204555891229, 47.52356876088946, 1e-06]}, "datetime": {"datetime": "2025-08-11 20:03:28", "elapsed": 13087.996025562286, "delta": 19.143951416015625}, "costs": {"total_cost": 192.16709265818326, "time_cost": 75.656, "final_distance_cost": 1.8485351254562816, "oscillation_cost": 24.997317464071084, "completition_cost": 0.0, "overshoot_cost": 51.16024209569675, "power_cost": 14.955805041503908, "noise_cost": 23.549192931455224, "n_waypoints_completed": 9, "tot_waypoints": 9}}
{"target": -183.6125375830731, "params": {"k_pid_pos": [0.5554775802041749, 0.0, 0.056750480435976136], "k_pid_alt": [1.8807801052680144, 0.0, 0.13572024681743233], "k_pid_att": [19.684680430936698, 2.0944241577331875, 0.14870898334835791], "k_pid_yaw": [0.5, 1e-06, 0.1], "k_pid_hsp": [0.08302814781163455, 0.0, 0.0], "k_pid_vsp": [116.55532545240615, 52.64804605581709, 0.30294616789248846]}, "datetime": {"datetime": "2025-08-11 20:03:46", "elapsed": 13106.111004829407, "delta": 18.11497926712036}, "costs": {"total_cost": 183.6125375830731, "time_cost": 73.241, "final_distance_cost": 1.8242152154163387, "oscillation_cost": 19.306003849572175, "completition_cost": 0.0, "overshoot_cost": 52.85518568610548, "power_cost": 14.187289233398438, "noise_cost": 22.19884359858065, "n_waypoints_completed": 9, "tot_waypoints": 9}}
{"target": -1245.163089660844, "params": {"k_pid_pos": [1.0819369532198828, 0.020531997037931803, 0.0859596439709545], "k_pid_alt": [1.6311501379273796, 0.0, 0.18355386088589232], "k_pid_att": [13.351530500612453, 2.489036560428175, 0.1983803605875798], "k_pid_yaw": [0.5, 1e-06, 0.1], "k_pid_hsp": [0.0001, 0.0, 0.0], "k_pid_vsp": [191.54606007176628, 48.17539866045516, 1e-06]}, "datetime": {"datetime": "2025-08-11 20:04:17", "elapsed": 13136.580522060394, "delta": 30.46951723098755}, "costs": {"total_cost": 1245.163089660844, "time_cost": 150, "final_distance_cost": 48.11180399188283, "oscillation_cost": 0.006759247948704849, "completition_cost": 888.8888888888888, "overshoot_cost": 104.04229361935165, "power_cost": 21.010389282226562, "noise_cost": 33.102954630545604, "n_waypoints_completed": 1, "tot_waypoints": 9}}
{"target": -184.3042609857366, "params": {"k_pid_pos": [0.6372414741131133, 0.0, 0.020969170739097875], "k_pid_alt": [1.60611831846104, 0.0, 0.11388739072653808], "k_pid_att": [19.732003018770627, 2.207266636891354, 0.18597727374618156], "k_pid_yaw": [0.5, 1e-06, 0.1], "k_pid_hsp": [0.13261535365808977, 0.0, 0.0], "k_pid_vsp": [184.15107758426134, 48.749644123368704, 1e-06]}, "datetime": {"datetime": "2025-08-11 20:04:35", "elapsed": 13154.495825767517, "delta": 17.915303707122803}, "costs": {"total_cost": 184.3042609857366, "time_cost": 71.715, "final_distance_cost": 1.8413639564310094, "oscillation_cost": 23.56926862372653, "completition_cost": 0.0, "overshoot_cost": 51.27037858973599, "power_cost": 14.237755993652344, "noise_cost": 21.670493822190714, "n_waypoints_completed": 9, "tot_waypoints": 9}}
{"target": -184.04431702330214, "params": {"k_pid_pos": [0.728396857872496, 0.0, 0.0], "k_pid_alt": [1.5299178799540498, 0.0, 0.1994894339740223], "k_pid_att": [32.159188585872336, 2.2928589752698905, 0.24060247537286192], "k_pid_yaw": [0.5, 1e-06, 0.1], "k_pid_hsp": [0.09617102640147714, 0.0, 0.0], "k_pid_vsp": [176.95185919702976, 50.081792245725794, 1e-06]}, "datetime": {"datetime": "2025-08-11 20:04:52", "elapsed": 13172.27715086937, "delta": 17.781325101852417}, "costs": {"total_cost": 184.04431702330214, "time_cost": 71.491, "final_distance_cost": 1.8133067990021903, "oscillation_cost": 22.92489484652486, "completition_cost": 0.0, "overshoot_cost": 52.270578906656276, "power_cost": 14.17981385498047, "noise_cost": 21.36472261613835, "n_waypoints_completed": 9, "tot_waypoints": 9}}
{"target": -190.31982161233117, "params": {"k_pid_pos": [1.2691561984106716, 0.11141693142015274, 0.5674774179398472], "k_pid_alt": [1.5467802729837765, 0.0, 0.28086623369413644], "k_pid_att": [18.937450478154297, 2.4356720981152327, 0.1514397382558451], "k_pid_yaw": [0.5, 1e-06, 0.1], "k_pid_hsp": [0.7983002780435402, 0.0, 0.0], "k_pid_vsp": [123.9489958302057, 61.68591796147707, 1e-06]}, "datetime": {"datetime": "2025-08-11 20:05:10", "elapsed": 13189.969288349152, "delta": 17.692137479782104}, "costs": {"total_cost": 190.31982161233117, "time_cost": 70.742, "final_distance_cost": 1.8386344037094937, "oscillation_cost": 30.945463044562022, "completition_cost": 0.0, "overshoot_cost": 50.42743143041776, "power_cost": 14.69690634765625, "noise_cost": 21.66938638598567, "n_waypoints_completed": 9, "tot_waypoints": 9}}
{"target": -186.7782100430752, "params": {"k_pid_pos": [0.7232511737087782, 0.0226462178316199, 0.004732973868106852], "k_pid_alt": [1.827764532014187, 0.0, 0.2033948616882999], "k_pid_att": [28.95319558743239, 2.612569875502826, 0.21932294166916633], "k_pid_yaw": [0.5, 1e-06, 0.1], "k_pid_hsp": [0.5637511519484457, 0.0, 0.0], "k_pid_vsp": [148.25900351484051, 80.48034588101358, 1e-06]}, "datetime": {"datetime": "2025-08-11 20:05:28", "elapsed": 13207.980797052383, "delta": 18.01150870323181}, "costs": {"total_cost": 186.7782100430752, "time_cost": 71.4, "final_distance_cost": 1.8431636491902503, "oscillation_cost": 26.237591250632534, "completition_cost": 0.0, "overshoot_cost": 50.6259195733265, "power_cost": 14.645313403320314, "noise_cost": 22.02622216660564, "n_waypoints_completed": 9, "tot_waypoints": 9}}
{"target": -253.1336065987908, "params": {"k_pid_pos": [0.6271105013068372, 0.0, 0.0], "k_pid_alt": [2.0, 0.0, 0.21772976411410475], "k_pid_att": [13.700815546617012, 2.15788515584313, 0.25263006442997193], "k_pid_yaw": [0.5, 1e-06, 0.1], "k_pid_hsp": [0.041116690415388735, 0.057463850466289566, 0.0], "k_pid_vsp": [169.3477693091171, 54.44751962888152, 1e-06]}, "datetime": {"datetime": "2025-08-11 20:05:56", "elapsed": 13235.857569217682, "delta": 27.876772165298462}, "costs": {"total_cost": 253.1336065987908, "time_cost": 96.69800000000001, "final_distance_cost": 1.842134362631191, "oscillation_cost": 49.70568163249312, "completition_cost": 0.0, "overshoot_cost": 55.902362020542654, "power_cost": 19.888845959472658, "noise_cost": 29.096582623651187, "n_waypoints_completed": 9, "tot_waypoints": 9}}
{"target": -183.71834289590623, "params": {"k_pid_pos": [0.5991937513196308, 0.0, 0.0], "k_pid_alt": [1.6109776396414461, 0.0, 0.19078828084818006], "k_pid_att": [31.31293046284857, 3.011447211032152, 0.2938294146318479], "k_pid_yaw": [0.5, 1e-06, 0.1], "k_pid_hsp": [0.12109392107394902, 0.0, 0.0], "k_pid_vsp": [168.8894173034455, 55.87262187661108, 1e-06]}, "datetime": {"datetime": "2025-08-11 20:06:16", "elapsed": 13256.235087871552, "delta": 20.37751865386963}, "costs": {"total_cost": 183.71834289590623, "time_cost": 71.918, "final_distance_cost": 1.8189945548165771, "oscillation_cost": 22.79315451315915, "completition_cost": 0.0, "overshoot_cost": 51.40577138046914, "power_cost": 14.161796020507813, "noise_cost": 21.62062642695356, "n_waypoints_completed": 9, "tot_waypoints": 9}}
{"target": -184.34142171130824, "params": {"k_pid_pos": [0.8043722241186277, 0.0, 0.20914827372340777], "k_pid_alt": [1.691670226319807, 0.0, 0.0], "k_pid_att": [22.044808873544, 2.917012545082076, 0.19216251026972703], "k_pid_yaw": [0.5, 1e-06, 0.1], "k_pid_hsp": [0.12797413468264068, 0.0, 0.0], "k_pid_vsp": [173.6508070615362, 59.93447317170116, 1e-06]}, "datetime": {"datetime": "2025-08-11 20:06:34", "elapsed": 13273.951417922974, "delta": 17.71633005142212}, "costs": {"total_cost": 184.34142171130824, "time_cost": 71.365, "final_distance_cost": 1.8427682715719285, "oscillation_cost": 24.144012880847963, "completition_cost": 0.0, "overshoot_cost": 51.296309615500505, "power_cost": 14.155030297851564, "noise_cost": 21.53830064553627, "n_waypoints_completed": 9, "tot_waypoints": 9}}
{"target": -1257.0010864035632, "params": {"k_pid_pos": [0.9109131699771396, 0.01866283313217308, 0.5822983434341003], "k_pid_alt": [2.0, 0.0, 0.1563294242242567], "k_pid_att": [22.103280924241428, 3.521742722793002, 0.10751174942384042], "k_pid_yaw": [0.5, 1e-06, 0.1], "k_pid_hsp": [0.0001, 0.0006303700755096159, 0.0], "k_pid_vsp": [161.00546943849167, 52.6112411898728, 1e-06]}, "datetime": {"datetime": "2025-08-11 20:07:04", "elapsed": 13304.327964782715, "delta": 30.37654685974121}, "costs": {"total_cost": 1257.0010864035632, "time_cost": 150, "final_distance_cost": 59.53497190237097, "oscillation_cost": 0.051252272054818214, "completition_cost": 888.8888888888888, "overshoot_cost": 104.40307670449938, "power_cost": 21.02055495605469, "noise_cost": 33.102341679694526, "n_waypoints_completed": 1, "tot_waypoints": 9}}
{"target": -184.41778073370895, "params": {"k_pid_pos": [0.8946818501107883, 0.0, 0.0], "k_pid_alt": [1.6729086822006034, 0.0, 0.07424675736637087], "k_pid_att": [29.592554838768873, 3.626339206820176, 0.15126323956979046], "k_pid_yaw": [0.5, 1e-06, 0.1], "k_pid_hsp": [0.1558964575209036, 0.0, 0.0], "k_pid_vsp": [158.40821489549958, 68.56924326225626, 1e-06]}, "datetime": {"datetime": "2025-08-11 20:07:22", "elapsed": 13321.469960451126, "delta": 17.141995668411255}, "costs": {"total_cost": 184.41778073370895, "time_cost": 69.825, "final_distance_cost": 1.8122612342648443, "oscillation_cost": 26.65038783965815, "completition_cost": 0.0, "overshoot_cost": 50.90688577764542, "power_cost": 14.261563659667969, "noise_cost": 20.961682222472582, "n_waypoints_completed": 9, "tot_waypoints": 9}}
{"target": -201.06461718634984, "params": {"k_pid_pos": [0.633286296587668, 0.0, 0.0], "k_pid_alt": [1.5321585685108527, 0.0, 0.1700184170176413], "k_pid_att": [26.673201829697796, 2.72773974425714, 0.18607291210934523], "k_pid_yaw": [0.5, 1e-06, 0.1], "k_pid_hsp": [0.04670423448745631, 0.0, 0.0], "k_pid_vsp": [164.2761366539514, 53.2094229952781, 1e-06]}, "datetime": {"datetime": "2025-08-11 20:07:43", "elapsed": 13342.786455631256, "delta": 21.316495180130005}, "costs": {"total_cost": 201.06461718634984, "time_cost": 84.665, "final_distance_cost": 1.7731244551984122, "oscillation_cost": 16.110150676598696, "completition_cost": 0.0, "overshoot_cost": 56.947460455423, "power_cost": 15.905477685546876, "noise_cost": 25.66340391358283, "n_waypoints_completed": 9, "tot_waypoints": 9}}
