{"target": -182.29011448913454, "params": {"k_pid_pos": [0.5120199831037374, 0.0, 0.0], "k_pid_alt": [1.6127649665453128, 0.0, 0.08161548703536323], "k_pid_att": [25.98427266173457, 2.0498318078330273, 0.23207158414461376], "k_pid_yaw": [0.5, 1e-06, 0.1], "k_pid_hsp": [0.08915555001265574, 0.0, 0.0], "k_pid_vsp": [126.92032650407913, 148.8423219686376, 2.542648016528435]}, "datetime": {"datetime": "2025-08-12 02:33:16", "elapsed": 36476.36414170265, "delta": 19.478696584701538}, "costs": {"total_cost": 182.29011448913454, "time_cost": 73.171, "final_distance_cost": 1.8268732344804615, "oscillation_cost": 18.719154065967714, "completition_cost": 0.0, "overshoot_cost": 52.138990523421484, "power_cost": 14.316621105957031, "noise_cost": 22.117475559307856, "n_waypoints_completed": 9, "tot_waypoints": 9}}
{"target": -182.07144355608935, "params": {"k_pid_pos": [0.6455106790334656, 0.006687568967007421, 0.0], "k_pid_alt": [1.6221374150533916, 0.0, 0.16445949477822097], "k_pid_att": [25.199841152085124, 2.183641522546643, 0.22836751171828068], "k_pid_yaw": [0.5, 1e-06, 0.1], "k_pid_hsp": [0.09583124928340489, 0.0005266380839324288, 0.0], "k_pid_vsp": [125.84717459742771, 132.42251422667368, 1.257448603456194]}, "datetime": {"datetime": "2025-08-12 02:33:34", "elapsed": 36494.326194524765, "delta": 17.962052822113037}, "costs": {"total_cost": 182.07144355608935, "time_cost": 71.533, "final_distance_cost": 1.8152775903396585, "oscillation_cost": 22.13566748192775, "completition_cost": 0.0, "overshoot_cost": 51.12406215855436, "power_cost": 14.133485302734377, "noise_cost": 21.329951022533184, "n_waypoints_completed": 9, "tot_waypoints": 9}}
{"target": -182.3781675670078, "params": {"k_pid_pos": [0.5256279980357715, 0.0, 0.0], "k_pid_alt": [1.6111994789501707, 0.0, 0.1301483765844604], "k_pid_att": [27.280622441807534, 2.137161143500688, 0.2144595021112115], "k_pid_yaw": [0.5, 1e-06, 0.1], "k_pid_hsp": [0.09328078007071762, 0.0, 0.0], "k_pid_vsp": [126.8029852648786, 116.3161574045505, 1.0984315903077846]}, "datetime": {"datetime": "2025-08-12 02:33:54", "elapsed": 36513.95127415657, "delta": 19.62507963180542}, "costs": {"total_cost": 182.3781675670078, "time_cost": 72.877, "final_distance_cost": 1.8263759156556054, "oscillation_cost": 19.73910709987311, "completition_cost": 0.0, "overshoot_cost": 51.83399140286577, "power_cost": 14.158119531250001, "noise_cost": 21.943573617363324, "n_waypoints_completed": 9, "tot_waypoints": 9}}
{"target": -182.19752567740588, "params": {"k_pid_pos": [0.5247379428171832, 0.0, 0.0], "k_pid_alt": [1.616105622941236, 0.0, 0.15242955814173112], "k_pid_att": [25.730287968231387, 2.0952734325614526, 0.20214447107124767], "k_pid_yaw": [0.5, 1e-06, 0.1], "k_pid_hsp": [0.09130555049828955, 0.0, 0.0], "k_pid_vsp": [128.78137090935155, 122.13732551433043, 1.0675512166513454]}, "datetime": {"datetime": "2025-08-12 02:34:13", "elapsed": 36533.30573964119, "delta": 19.35446548461914}, "costs": {"total_cost": 182.19752567740588, "time_cost": 72.97500000000001, "final_distance_cost": 1.8193572457369678, "oscillation_cost": 19.24921941419921, "completition_cost": 0.0, "overshoot_cost": 51.84204263565597, "power_cost": 14.224298449707032, "noise_cost": 22.087607932106682, "n_waypoints_completed": 9, "tot_waypoints": 9}}
{"target": -182.42265947956474, "params": {"k_pid_pos": [0.5198909773608145, 0.0, 0.0], "k_pid_alt": [1.6105238393470238, 0.0, 0.14172703559304875], "k_pid_att": [25.34966336215683, 2.05356819569368, 0.22337725614390733], "k_pid_yaw": [0.5, 1e-06, 0.1], "k_pid_hsp": [0.09179755902094565, 0.0, 0.0], "k_pid_vsp": [126.79370740957141, 130.1821986962485, 1.2067124272570449]}, "datetime": {"datetime": "2025-08-12 02:34:32", "elapsed": 36551.51659870148, "delta": 18.210859060287476}, "costs": {"total_cost": 182.42265947956474, "time_cost": 73.031, "final_distance_cost": 1.8125654234878754, "oscillation_cost": 19.20294168551492, "completition_cost": 0.0, "overshoot_cost": 52.11285974575542, "power_cost": 14.243172326660156, "noise_cost": 22.02012029814636, "n_waypoints_completed": 9, "tot_waypoints": 9}}
{"target": -182.31216951900265, "params": {"k_pid_pos": [0.5250064436997774, 0.0, 0.0], "k_pid_alt": [1.6092809253303295, 0.0, 0.17900261561318315], "k_pid_att": [25.514497954892136, 2.1233231272738915, 0.21286286264942408], "k_pid_yaw": [0.5, 1e-06, 0.1], "k_pid_hsp": [0.09147821828932509, 0.0, 0.0], "k_pid_vsp": [127.83273213811432, 122.36573118441193, 0.9130568497482664]}, "datetime": {"datetime": "2025-08-12 02:34:52", "elapsed": 36571.56164765358, "delta": 20.04504895210266}, "costs": {"total_cost": 182.31216951900265, "time_cost": 73.017, "final_distance_cost": 1.8119692174296849, "oscillation_cost": 19.221632405990594, "completition_cost": 0.0, "overshoot_cost": 52.02172009206345, "power_cost": 14.222362451171875, "noise_cost": 22.017485352347048, "n_waypoints_completed": 9, "tot_waypoints": 9}}
{"target": -181.88682979431934, "params": {"k_pid_pos": [0.525148901325885, 0.0, 0.0], "k_pid_alt": [1.612612778879819, 0.0, 0.14953998349831332], "k_pid_att": [26.12399933334525, 2.0943897005811007, 0.23087948180702358], "k_pid_yaw": [0.5, 1e-06, 0.1], "k_pid_hsp": [0.0914081652870014, 0.0, 0.0], "k_pid_vsp": [128.93071984650635, 124.29807246269216, 1.3135109957668853]}, "datetime": {"datetime": "2025-08-12 02:35:10", "elapsed": 36589.621507167816, "delta": 18.05985951423645}, "costs": {"total_cost": 181.88682979431934, "time_cost": 72.968, "final_distance_cost": 1.8168251936732525, "oscillation_cost": 19.199637233231602, "completition_cost": 0.0, "overshoot_cost": 51.81222822736696, "power_cost": 14.192853430175782, "noise_cost": 21.897285709871756, "n_waypoints_completed": 9, "tot_waypoints": 9}}
{"target": -182.38436321947393, "params": {"k_pid_pos": [0.5222157644615859, 0.0, 0.0], "k_pid_alt": [1.5507248642582196, 0.0, 0.15757202076865132], "k_pid_att": [25.82984731757412, 2.230836131973412, 0.19653603635830258], "k_pid_yaw": [0.5, 1e-06, 0.1], "k_pid_hsp": [0.09222754142184644, 0.0, 0.0], "k_pid_vsp": [127.71657205250357, 114.76072042089248, 2.2989174019790943]}, "datetime": {"datetime": "2025-08-12 02:35:30", "elapsed": 36609.4682495594, "delta": 19.846742391586304}, "costs": {"total_cost": 182.38436321947393, "time_cost": 73.038, "final_distance_cost": 1.8372714747713355, "oscillation_cost": 19.191137190788478, "completition_cost": 0.0, "overshoot_cost": 52.043570818386556, "power_cost": 14.241477368164063, "noise_cost": 22.032906367363502, "n_waypoints_completed": 9, "tot_waypoints": 9}}
{"target": -182.2237014853704, "params": {"k_pid_pos": [0.5217963020910776, 0.0, 0.0], "k_pid_alt": [1.6052309700496667, 0.0, 0.14633646418536533], "k_pid_att": [25.14198828520046, 2.1419624071363974, 0.2596347402637923], "k_pid_yaw": [0.5, 1e-06, 0.1], "k_pid_hsp": [0.0915472891853452, 0.0, 0.0], "k_pid_vsp": [124.60681427038189, 131.4300984936894, 0.35293743931058486]}, "datetime": {"datetime": "2025-08-12 02:35:48", "elapsed": 36627.79744410515, "delta": 18.32919454574585}, "costs": {"total_cost": 182.2237014853704, "time_cost": 73.01, "final_distance_cost": 1.8235984538458934, "oscillation_cost": 19.136862362943727, "completition_cost": 0.0, "overshoot_cost": 51.97143889805634, "power_cost": 14.244591674804688, "noise_cost": 22.03721009571975, "n_waypoints_completed": 9, "tot_waypoints": 9}}
{"target": -182.39072014387952, "params": {"k_pid_pos": [0.5263185731180952, 0.0, 0.0], "k_pid_alt": [1.609723936842007, 0.0, 0.1502332169924621], "k_pid_att": [25.515098384129626, 2.1341222198799117, 0.20868597462081895], "k_pid_yaw": [0.5, 1e-06, 0.1], "k_pid_hsp": [0.09238492265823071, 0.0, 0.0], "k_pid_vsp": [130.42985915258384, 131.61434638268534, 0.11998708146083054]}, "datetime": {"datetime": "2025-08-12 02:36:07", "elapsed": 36646.82607960701, "delta": 19.028635501861572}, "costs": {"total_cost": 182.39072014387952, "time_cost": 72.912, "final_distance_cost": 1.8266245885806198, "oscillation_cost": 19.696444101284754, "completition_cost": 0.0, "overshoot_cost": 51.87798224326229, "power_cost": 14.16457333984375, "noise_cost": 21.913095870908098, "n_waypoints_completed": 9, "tot_waypoints": 9}}
{"target": -183.0554518872927, "params": {"k_pid_pos": [0.524314594361228, 0.0, 0.0], "k_pid_alt": [1.6137449427540325, 0.0, 0.14407233024258576], "k_pid_att": [26.066234502573984, 2.117391909878508, 0.2077724988541039], "k_pid_yaw": [0.5, 1e-06, 0.1], "k_pid_hsp": [0.1079803255335574, 0.0, 0.0], "k_pid_vsp": [111.66596592228497, 122.70339562000031, 1.248252124477062]}, "datetime": {"datetime": "2025-08-12 02:36:25", "elapsed": 36665.03911805153, "delta": 18.213038444519043}, "costs": {"total_cost": 183.0554518872927, "time_cost": 72.723, "final_distance_cost": 1.8387079191677738, "oscillation_cost": 20.785729861175955, "completition_cost": 0.0, "overshoot_cost": 51.48877863529981, "power_cost": 14.276317736816408, "noise_cost": 21.942917734832754, "n_waypoints_completed": 9, "tot_waypoints": 9}}
{"target": -182.25076512192388, "params": {"k_pid_pos": [0.5220575458898944, 0.0, 0.0], "k_pid_alt": [1.7436725036007963, 0.0, 0.1484542105508083], "k_pid_att": [25.66341555014002, 2.1247709672470183, 0.19713784854439853], "k_pid_yaw": [0.5, 1e-06, 0.1], "k_pid_hsp": [0.0924641346263634, 0.0, 0.0], "k_pid_vsp": [132.58111507438545, 123.97775293914894, 1.9293519897542497]}, "datetime": {"datetime": "2025-08-12 02:36:44", "elapsed": 36684.34967780113, "delta": 19.31055974960327}, "costs": {"total_cost": 182.25076512192388, "time_cost": 72.898, "final_distance_cost": 1.824425559491302, "oscillation_cost": 19.440432896067364, "completition_cost": 0.0, "overshoot_cost": 51.97792144566781, "power_cost": 14.139841735839845, "noise_cost": 21.97014348485758, "n_waypoints_completed": 9, "tot_waypoints": 9}}
{"target": -182.60310477849328, "params": {"k_pid_pos": [0.5125132878335557, 0.0, 0.0], "k_pid_alt": [1.609854396414946, 0.0, 0.15562707645004356], "k_pid_att": [17.592159061746084, 2.205501963279355, 0.21680528277185396], "k_pid_yaw": [0.5, 1e-06, 0.1], "k_pid_hsp": [0.09348884171142621, 0.0, 0.0], "k_pid_vsp": [130.99223587759352, 120.69005112962903, 1.1729053573869201]}, "datetime": {"datetime": "2025-08-12 02:37:04", "elapsed": 36703.377444028854, "delta": 19.027766227722168}, "costs": {"total_cost": 182.60310477849328, "time_cost": 73.108, "final_distance_cost": 1.8268818885778455, "oscillation_cost": 19.518234747831283, "completition_cost": 0.0, "overshoot_cost": 51.907076898613454, "power_cost": 14.242971264648439, "noise_cost": 21.999939978822255, "n_waypoints_completed": 9, "tot_waypoints": 9}}
{"target": -183.09580326346511, "params": {"k_pid_pos": [0.4883443921194351, 0.0, 0.0], "k_pid_alt": [1.6665679033186505, 0.0, 0.1926303202079331], "k_pid_att": [25.45418927829973, 2.0726544786608976, 0.22447872224017423], "k_pid_yaw": [0.5, 1e-06, 0.1], "k_pid_hsp": [0.10212107272795719, 0.0, 0.0], "k_pid_vsp": [128.429991386528, 125.92442234728733, 0.8311335904918422]}, "datetime": {"datetime": "2025-08-12 02:37:22", "elapsed": 36722.221158504486, "delta": 18.843714475631714}, "costs": {"total_cost": 183.09580326346511, "time_cost": 73.493, "final_distance_cost": 1.8347466788537061, "oscillation_cost": 19.26675237151313, "completition_cost": 0.0, "overshoot_cost": 52.08992150300274, "power_cost": 14.260988317871094, "noise_cost": 22.150394392224424, "n_waypoints_completed": 9, "tot_waypoints": 9}}
{"target": -182.95953627861826, "params": {"k_pid_pos": [0.5542736200257147, 0.0, 0.0], "k_pid_alt": [1.6154113238060743, 0.0, 0.14975276634759072], "k_pid_att": [26.21507996143708, 2.0774788309113266, 0.2362237361186224], "k_pid_yaw": [0.5, 1e-06, 0.1], "k_pid_hsp": [0.09423577734552249, 0.0, 0.0], "k_pid_vsp": [127.77421558411235, 111.18221653757901, 1.1708188240360928]}, "datetime": {"datetime": "2025-08-12 02:37:41", "elapsed": 36741.33419084549, "delta": 19.113032341003418}, "costs": {"total_cost": 182.95953627861826, "time_cost": 72.471, "final_distance_cost": 1.832519557343903, "oscillation_cost": 20.350895519801437, "completition_cost": 0.0, "overshoot_cost": 52.27038537865432, "power_cost": 14.181958044433594, "noise_cost": 21.852777778384997, "n_waypoints_completed": 9, "tot_waypoints": 9}}
{"target": -189.6343519725375, "params": {"k_pid_pos": [0.3465412964903154, 0.0, 0.0], "k_pid_alt": [1.6095895178004997, 0.0, 0.1356814406067192], "k_pid_att": [24.38079482892145, 1.8998920641052597, 0.2336918616575794], "k_pid_yaw": [0.5, 1e-06, 0.1], "k_pid_hsp": [0.09254109310185805, 0.0, 0.0], "k_pid_vsp": [129.18658196276178, 109.45539774136844, 1.2133907461156657]}, "datetime": {"datetime": "2025-08-12 02:38:02", "elapsed": 36762.17561817169, "delta": 20.841427326202393}, "costs": {"total_cost": 189.6343519725375, "time_cost": 79.345, "final_distance_cost": 1.849265533811545, "oscillation_cost": 15.515185722009829, "completition_cost": 0.0, "overshoot_cost": 53.02125428037636, "power_cost": 15.148455920410157, "noise_cost": 24.755190515929602, "n_waypoints_completed": 9, "tot_waypoints": 9}}
{"target": -182.3849456310803, "params": {"k_pid_pos": [0.5248738609562338, 0.0, 0.0], "k_pid_alt": [1.546830305340805, 0.0, 0.14695821944483667], "k_pid_att": [25.74990830705141, 2.1333182075094874, 0.21660021962736836], "k_pid_yaw": [0.5, 1e-06, 0.1], "k_pid_hsp": [0.08601748046855859, 0.0, 0.0], "k_pid_vsp": [138.88866190468482, 130.01336850112725, 0.9711765698133179]}, "datetime": {"datetime": "2025-08-12 02:38:21", "elapsed": 36780.53284573555, "delta": 18.357227563858032}, "costs": {"total_cost": 182.3849456310803, "time_cost": 73.29, "final_distance_cost": 1.8073155090523425, "oscillation_cost": 18.85832516816468, "completition_cost": 0.0, "overshoot_cost": 52.244729278432246, "power_cost": 14.197033117675781, "noise_cost": 21.987542557755255, "n_waypoints_completed": 9, "tot_waypoints": 9}}
{"target": -182.3912157485755, "params": {"k_pid_pos": [0.5245108334648494, 0.0, 0.0], "k_pid_alt": [1.6195066932509605, 0.0, 0.13422464422212116], "k_pid_att": [25.660861863106156, 2.2406560915591567, 0.23675204766852212], "k_pid_yaw": [0.5, 1e-06, 0.1], "k_pid_hsp": [0.0854540975364001, 0.0, 0.0], "k_pid_vsp": [130.24503620938742, 129.67707704896296, 1.154029580323513]}, "datetime": {"datetime": "2025-08-12 02:38:40", "elapsed": 36799.88185787201, "delta": 19.34901213645935}, "costs": {"total_cost": 182.3912157485755, "time_cost": 73.234, "final_distance_cost": 1.8173231075080716, "oscillation_cost": 18.71232535936239, "completition_cost": 0.0, "overshoot_cost": 52.37097676837214, "power_cost": 14.246379528808594, "noise_cost": 22.01021098452429, "n_waypoints_completed": 9, "tot_waypoints": 9}}
{"target": -181.7236439492131, "params": {"k_pid_pos": [0.5265843313359058, 0.0, 0.0], "k_pid_alt": [1.6143445594468686, 0.0, 0.13081078730437776], "k_pid_att": [25.706494017511016, 2.133429885490566, 0.2283608790836907], "k_pid_yaw": [0.5, 1e-06, 0.1], "k_pid_hsp": [0.09082969503402116, 0.0, 0.0], "k_pid_vsp": [128.51860247791083, 125.09213973018863, 1.104216473201636]}, "datetime": {"datetime": "2025-08-12 02:38:59", "elapsed": 36819.03045248985, "delta": 19.148594617843628}, "costs": {"total_cost": 181.7236439492131, "time_cost": 72.94, "final_distance_cost": 1.8268117849930297, "oscillation_cost": 19.136584384023497, "completition_cost": 0.0, "overshoot_cost": 51.7125900270024, "power_cost": 14.197215966796875, "noise_cost": 21.9104417863973, "n_waypoints_completed": 9, "tot_waypoints": 9}}
{"target": -182.02027915950504, "params": {"k_pid_pos": [0.5239661263841326, 0.0, 0.0], "k_pid_alt": [1.6080817098618791, 0.0, 0.14303814964388686], "k_pid_att": [25.732754034756567, 2.0796927941227272, 0.21970353714633584], "k_pid_yaw": [0.5, 1e-06, 0.1], "k_pid_hsp": [0.09182446416248966, 0.0, 0.0], "k_pid_vsp": [123.3347427761671, 122.10432771598599, 1.2689857940312232]}, "datetime": {"datetime": "2025-08-12 02:39:18", "elapsed": 36837.42020153999, "delta": 18.38974905014038}, "costs": {"total_cost": 182.02027915950504, "time_cost": 72.961, "final_distance_cost": 1.8267373915916487, "oscillation_cost": 19.29770000290368, "completition_cost": 0.0, "overshoot_cost": 51.83663439942197, "power_cost": 14.197357531738282, "noise_cost": 21.90084983384946, "n_waypoints_completed": 9, "tot_waypoints": 9}}
{"target": -182.81571971850795, "params": {"k_pid_pos": [0.5554566902534076, 0.0, 0.0], "k_pid_alt": [1.6939121548227112, 0.0, 0.15891673656902805], "k_pid_att": [25.792324129394515, 2.100533998714477, 0.24871518950089083], "k_pid_yaw": [0.5, 1e-06, 0.1], "k_pid_hsp": [0.09937791677105806, 0.0, 0.0], "k_pid_vsp": [133.79538249311486, 122.24539207815077, 1.139509804969215]}, "datetime": {"datetime": "2025-08-12 02:39:37", "elapsed": 36856.77522969246, "delta": 19.35502815246582}, "costs": {"total_cost": 182.81571971850795, "time_cost": 72.275, "final_distance_cost": 1.8220661772063254, "oscillation_cost": 20.66858446067213, "completition_cost": 0.0, "overshoot_cost": 52.035905786526854, "power_cost": 14.177439233398438, "noise_cost": 21.836724060704196, "n_waypoints_completed": 9, "tot_waypoints": 9}}
{"target": -182.7236649131042, "params": {"k_pid_pos": [0.5332901470716379, 0.0, 0.0], "k_pid_alt": [1.624077539927074, 0.0, 0.14142112616774208], "k_pid_att": [27.26794757511005, 2.250231863111348, 0.20849043175970472], "k_pid_yaw": [0.5, 1e-06, 0.1], "k_pid_hsp": [0.0958488692234951, 0.0, 0.0], "k_pid_vsp": [127.3815630746926, 122.01496213965147, 1.0427798764095244]}, "datetime": {"datetime": "2025-08-12 02:39:55", "elapsed": 36875.01325941086, "delta": 18.238029718399048}, "costs": {"total_cost": 182.7236649131042, "time_cost": 72.688, "final_distance_cost": 1.8363991303776919, "oscillation_cost": 20.002584083450714, "completition_cost": 0.0, "overshoot_cost": 52.063277668739005, "power_cost": 14.238154345703126, "noise_cost": 21.89524968483366, "n_waypoints_completed": 9, "tot_waypoints": 9}}
{"target": -183.94711867139262, "params": {"k_pid_pos": [0.5258645473104883, 0.0, 0.0], "k_pid_alt": [1.5669071982355895, 0.0, 0.14849586525649336], "k_pid_att": [18.49575111550348, 2.134205919746354, 0.20613049143887285], "k_pid_yaw": [0.5, 1e-06, 0.1], "k_pid_hsp": [0.11899099007293948, 0.0, 0.0], "k_pid_vsp": [126.110487706581, 160.9159911251014, 1.1922291391957152]}, "datetime": {"datetime": "2025-08-12 02:40:16", "elapsed": 36895.46531558037, "delta": 20.452056169509888}, "costs": {"total_cost": 183.94711867139262, "time_cost": 72.807, "final_distance_cost": 1.8403284783207952, "oscillation_cost": 21.3512665363126, "completition_cost": 0.0, "overshoot_cost": 51.442096206859794, "power_cost": 14.416266687011719, "noise_cost": 22.090160762887713, "n_waypoints_completed": 9, "tot_waypoints": 9}}
{"target": -182.71418157989893, "params": {"k_pid_pos": [0.5882866076174857, 3.6954571346223153e-07, 0.0003005842732028447], "k_pid_alt": [1.6032835214378565, 0.0, 0.12810917193082172], "k_pid_att": [26.25867709569033, 2.1564844426965646, 0.1757863358986011], "k_pid_yaw": [0.5, 1e-06, 0.1], "k_pid_hsp": [0.09225095438588726, 0.0, 0.0], "k_pid_vsp": [127.65262624868424, 119.29860974784158, 1.2111017141422484]}, "datetime": {"datetime": "2025-08-12 02:40:34", "elapsed": 36913.652381420135, "delta": 18.187065839767456}, "costs": {"total_cost": 182.71418157989893, "time_cost": 72.142, "final_distance_cost": 1.8183628760308697, "oscillation_cost": 20.791411900980158, "completition_cost": 0.0, "overshoot_cost": 52.057897657370305, "power_cost": 14.199504748535157, "noise_cost": 21.705004396982414, "n_waypoints_completed": 9, "tot_waypoints": 9}}
{"target": -182.21814505767085, "params": {"k_pid_pos": [0.5061383202345435, 0.0, 0.0], "k_pid_alt": [1.6075233292718758, 0.0, 0.1494533912777387], "k_pid_att": [23.222417779179636, 2.1200013836444147, 0.23174859094712486], "k_pid_yaw": [0.5, 1e-06, 0.1], "k_pid_hsp": [0.09153975148347207, 0.0, 0.0], "k_pid_vsp": [130.3683057474544, 138.07960447606703, 1.0926884327903328]}, "datetime": {"datetime": "2025-08-12 02:40:54", "elapsed": 36934.09279870987, "delta": 20.440417289733887}, "costs": {"total_cost": 182.21814505767085, "time_cost": 73.276, "final_distance_cost": 1.8215519971881138, "oscillation_cost": 18.877084186722918, "completition_cost": 0.0, "overshoot_cost": 51.975633888443035, "power_cost": 14.25644461669922, "noise_cost": 22.011430368617578, "n_waypoints_completed": 9, "tot_waypoints": 9}}
{"target": -182.60972540278905, "params": {"k_pid_pos": [0.5263488792628158, 0.0, 0.0], "k_pid_alt": [1.612433010958232, 0.0, 0.1757591985159907], "k_pid_att": [25.953466301614004, 2.9045971943698436, 0.22733753634197684], "k_pid_yaw": [0.5, 1e-06, 0.1], "k_pid_hsp": [0.09745618587383999, 0.0, 0.0], "k_pid_vsp": [128.93185702954952, 134.96914372450004, 1.2063651178583805]}, "datetime": {"datetime": "2025-08-12 02:41:13", "elapsed": 36952.99579310417, "delta": 18.902994394302368}, "costs": {"total_cost": 182.60972540278905, "time_cost": 72.807, "final_distance_cost": 1.8363915956104735, "oscillation_cost": 19.82542263119353, "completition_cost": 0.0, "overshoot_cost": 51.875438269120245, "power_cost": 14.265742504882812, "noise_cost": 21.999730401981985, "n_waypoints_completed": 9, "tot_waypoints": 9}}
{"target": -181.89940704390884, "params": {"k_pid_pos": [0.5254997756122464, 0.0, 0.0], "k_pid_alt": [1.6134971596580032, 0.0, 0.1482320238214422], "k_pid_att": [26.292919737823798, 2.1310253207183947, 0.21990779707809663], "k_pid_yaw": [0.5, 1e-06, 0.1], "k_pid_hsp": [0.09139417137437493, 0.0, 0.0], "k_pid_vsp": [127.6567418034388, 121.66083701820702, 1.0959710431491423]}, "datetime": {"datetime": "2025-08-12 02:41:32", "elapsed": 36971.84614753723, "delta": 18.850354433059692}, "costs": {"total_cost": 181.89940704390884, "time_cost": 72.961, "final_distance_cost": 1.8376548585091244, "oscillation_cost": 19.195082795536, "completition_cost": 0.0, "overshoot_cost": 51.814659302467746, "power_cost": 14.193150402832032, "noise_cost": 21.89785968456393, "n_waypoints_completed": 9, "tot_waypoints": 9}}
