{"target": -182.50965980427048, "params": {"k_pid_pos": [0.5822095088983866, 0.0, 0.0], "k_pid_alt": [1.6354129937772108, 0.0, 0.11667757926803135], "k_pid_att": [25.25835688160351, 2.504233493894362, 0.2181060598379435], "k_pid_yaw": [0.5, 1e-06, 0.1], "k_pid_hsp": [0.09346248119166439, 0.0, 0.0], "k_pid_vsp": [140.48645158287724, 134.41077979943466, 0.46976314887299747]}, "datetime": {"datetime": "2025-08-12 00:43:36", "elapsed": 29896.01649260521, "delta": 19.247467756271362}, "costs": {"total_cost": 182.50965980427048, "time_cost": 72.121, "final_distance_cost": 1.8061385704503086, "oscillation_cost": 20.728843714344272, "completition_cost": 0.0, "overshoot_cost": 51.93679939398504, "power_cost": 14.183736096191407, "noise_cost": 21.733142029299444, "n_waypoints_completed": 9, "tot_waypoints": 9}}
{"target": -182.9339530444047, "params": {"k_pid_pos": [0.5378380494666737, 0.0, 0.0], "k_pid_alt": [1.55783726060222, 0.0, 0.1361565840060934], "k_pid_att": [23.530940247203983, 1.9989802073540106, 0.22287686825416025], "k_pid_yaw": [0.5, 1e-06, 0.1], "k_pid_hsp": [0.09524817512481717, 0.0, 0.0], "k_pid_vsp": [126.78998697287503, 115.87948743610366, 1e-06]}, "datetime": {"datetime": "2025-08-12 00:43:54", "elapsed": 29914.24763560295, "delta": 18.2311429977417}, "costs": {"total_cost": 182.9339530444047, "time_cost": 72.688, "final_distance_cost": 1.8317094755730141, "oscillation_cost": 20.173980222055565, "completition_cost": 0.0, "overshoot_cost": 52.10954537226511, "power_cost": 14.241090795898439, "noise_cost": 21.889627178612557, "n_waypoints_completed": 9, "tot_waypoints": 9}}
{"target": -182.73065104241445, "params": {"k_pid_pos": [0.5128731047356881, 0.0, 0.0], "k_pid_alt": [1.610790671383413, 0.0, 0.15777265153158382], "k_pid_att": [24.81528823695698, 2.164531657061595, 0.3848089826949958], "k_pid_yaw": [0.5, 1e-06, 0.1], "k_pid_hsp": [0.08251385604736161, 0.0, 0.0], "k_pid_vsp": [127.57244039172939, 110.4865552652428, 2.2343003116974502]}, "datetime": {"datetime": "2025-08-12 00:44:16", "elapsed": 29935.382554531097, "delta": 21.134918928146362}, "costs": {"total_cost": 182.73065104241445, "time_cost": 73.654, "final_distance_cost": 1.83084302137215, "oscillation_cost": 18.238559123890195, "completition_cost": 0.0, "overshoot_cost": 52.63299456026155, "power_cost": 14.263853735351564, "noise_cost": 22.110400601538995, "n_waypoints_completed": 9, "tot_waypoints": 9}}
{"target": -182.1591213973869, "params": {"k_pid_pos": [0.5145068208295069, 0.0, 0.0], "k_pid_alt": [1.6142656561384168, 0.0, 0.07696905431040652], "k_pid_att": [22.547046671120313, 1.8362778123268655, 0.2368436576646054], "k_pid_yaw": [0.5, 1e-06, 0.1], "k_pid_hsp": [0.08554496630065764, 0.0, 0.0], "k_pid_vsp": [130.34623203838322, 111.7016427717002, 2.311201483571941]}, "datetime": {"datetime": "2025-08-12 00:44:39", "elapsed": 29958.42174553871, "delta": 23.039191007614136}, "costs": {"total_cost": 182.1591213973869, "time_cost": 73.318, "final_distance_cost": 1.8183701943870703, "oscillation_cost": 18.417828430296602, "completition_cost": 0.0, "overshoot_cost": 52.31590809440609, "power_cost": 14.24213631591797, "noise_cost": 22.046878362379164, "n_waypoints_completed": 9, "tot_waypoints": 9}}
{"target": -182.62067700573428, "params": {"k_pid_pos": [0.5342976489717582, 0.0, 0.0], "k_pid_alt": [1.6105151027940743, 0.0, 0.1458199380667713], "k_pid_att": [24.231451138669573, 2.149508610355528, 0.21813148711461874], "k_pid_yaw": [0.5, 1e-06, 0.1], "k_pid_hsp": [0.09656066051480108, 0.0, 0.0], "k_pid_vsp": [112.89255399076077, 119.03141973867508, 1.77787598522841]}, "datetime": {"datetime": "2025-08-12 00:44:59", "elapsed": 29978.487479686737, "delta": 20.065734148025513}, "costs": {"total_cost": 182.62067700573428, "time_cost": 72.66, "final_distance_cost": 1.8206071127495458, "oscillation_cost": 20.056357602692277, "completition_cost": 0.0, "overshoot_cost": 51.9233100823395, "power_cost": 14.248359997558595, "noise_cost": 21.912042210394354, "n_waypoints_completed": 9, "tot_waypoints": 9}}
{"target": -183.08156653933918, "params": {"k_pid_pos": [0.5401885720823212, 0.0, 0.0], "k_pid_alt": [1.6893575614547856, 0.0, 0.12284391342762706], "k_pid_att": [25.18997342088468, 2.0487196101395213, 0.090303997223392], "k_pid_yaw": [0.5, 1e-06, 0.1], "k_pid_hsp": [0.109743450950902, 0.0, 0.0], "k_pid_vsp": [113.61145992590434, 117.1112014272741, 1.9269590815270834]}, "datetime": {"datetime": "2025-08-12 00:45:17", "elapsed": 29997.26660346985, "delta": 18.779123783111572}, "costs": {"total_cost": 183.08156653933918, "time_cost": 72.366, "final_distance_cost": 1.831918791663052, "oscillation_cost": 21.120086655908704, "completition_cost": 0.0, "overshoot_cost": 51.72445100333815, "power_cost": 14.184569299316406, "noise_cost": 21.854540789112846, "n_waypoints_completed": 9, "tot_waypoints": 9}}
{"target": -182.48130960831725, "params": {"k_pid_pos": [0.5275771458725099, 0.0, 0.0], "k_pid_alt": [1.5437973973473151, 0.0, 0.05304533460070489], "k_pid_att": [26.547056659278024, 2.045699261086479, 0.11798883902174893], "k_pid_yaw": [0.5, 1e-06, 0.1], "k_pid_hsp": [0.09103687077724779, 0.0, 0.0], "k_pid_vsp": [128.99215334178953, 109.15595856782645, 1.1629612433183014]}, "datetime": {"datetime": "2025-08-12 00:45:36", "elapsed": 30015.48303437233, "delta": 18.21643090248108}, "costs": {"total_cost": 182.48130960831725, "time_cost": 72.87, "final_distance_cost": 1.8233932445164083, "oscillation_cost": 19.59809953510543, "completition_cost": 0.0, "overshoot_cost": 52.04488339688655, "power_cost": 14.157936572265626, "noise_cost": 21.98699685954324, "n_waypoints_completed": 9, "tot_waypoints": 9}}
{"target": -182.51125653366083, "params": {"k_pid_pos": [0.5257363896435701, 0.0, 0.0], "k_pid_alt": [1.6083050479739234, 0.0, 0.14478231209111325], "k_pid_att": [24.544720512576998, 2.007454087334589, 0.21874620484953752], "k_pid_yaw": [0.5, 1e-06, 0.1], "k_pid_hsp": [0.08524102280961687, 0.0, 0.0], "k_pid_vsp": [121.27127260600884, 118.58236016282434, 1.2587799694568407]}, "datetime": {"datetime": "2025-08-12 00:45:54", "elapsed": 30034.161838054657, "delta": 18.67880368232727}, "costs": {"total_cost": 182.51125653366083, "time_cost": 73.234, "final_distance_cost": 1.8209911269217023, "oscillation_cost": 18.785149471741246, "completition_cost": 0.0, "overshoot_cost": 52.38420450523432, "power_cost": 14.238636169433594, "noise_cost": 22.048275260329966, "n_waypoints_completed": 9, "tot_waypoints": 9}}
{"target": -182.52449203215247, "params": {"k_pid_pos": [0.5928165519043616, 0.0, 0.0], "k_pid_alt": [1.717905750299983, 0.0, 0.0016680871463258251], "k_pid_att": [24.62933018393912, 2.2212098836565923, 0.10476257454631069], "k_pid_yaw": [0.5, 1e-06, 0.1], "k_pid_hsp": [0.10300134855354977, 0.0, 0.0], "k_pid_vsp": [121.64259861232773, 117.83008705095727, 1.3002858805755872]}, "datetime": {"datetime": "2025-08-12 00:46:12", "elapsed": 30052.165359020233, "delta": 18.003520965576172}, "costs": {"total_cost": 182.52449203215247, "time_cost": 71.673, "final_distance_cost": 1.8281117247196847, "oscillation_cost": 21.843632664191578, "completition_cost": 0.0, "overshoot_cost": 51.49364786577913, "power_cost": 14.114779785156252, "noise_cost": 21.571319992305796, "n_waypoints_completed": 9, "tot_waypoints": 9}}
{"target": -182.4226105877849, "params": {"k_pid_pos": [0.5476471254488647, 0.0, 0.0], "k_pid_alt": [1.599121963621927, 0.0, 0.15089651943336754], "k_pid_att": [23.560889253014494, 2.108456112180561, 0.231867564297627], "k_pid_yaw": [0.5, 1e-06, 0.1], "k_pid_hsp": [0.09326240026582719, 0.0, 0.0], "k_pid_vsp": [127.0291222774022, 118.30066674309246, 1.3651465988103921]}, "datetime": {"datetime": "2025-08-12 00:46:30", "elapsed": 30070.07292842865, "delta": 17.907569408416748}, "costs": {"total_cost": 182.4226105877849, "time_cost": 72.59700000000001, "final_distance_cost": 1.8198274907095864, "oscillation_cost": 20.057581240552476, "completition_cost": 0.0, "overshoot_cost": 52.05615032150428, "power_cost": 14.134484704589845, "noise_cost": 21.757566830428686, "n_waypoints_completed": 9, "tot_waypoints": 9}}
{"target": -227.83218581086635, "params": {"k_pid_pos": [0.31976567237077336, 0.0, 0.0022186319229028644], "k_pid_alt": [1.6196406376268282, 0.0, 0.14584950655135398], "k_pid_att": [25.28630972033723, 2.2098961604577987, 0.2204399325808507], "k_pid_yaw": [0.5, 1e-06, 0.1], "k_pid_hsp": [0.03406700008492986, 0.0, 0.0], "k_pid_vsp": [133.78027990081642, 87.71019073172957, 3.40292207953497]}, "datetime": {"datetime": "2025-08-12 00:46:56", "elapsed": 30096.108884096146, "delta": 26.035955667495728}, "costs": {"total_cost": 227.83218581086635, "time_cost": 103.85900000000001, "final_distance_cost": 1.8216618536442073, "oscillation_cost": 9.21307869833341, "completition_cost": 0.0, "overshoot_cost": 62.3351029647866, "power_cost": 19.027638146972656, "noise_cost": 31.575704147129464, "n_waypoints_completed": 9, "tot_waypoints": 9}}
{"target": -182.71031242446713, "params": {"k_pid_pos": [0.5227919336563402, 5.993661991231951e-05, 0.0], "k_pid_alt": [1.642935884205597, 0.0, 0.24020736782919627], "k_pid_att": [23.857637018014454, 2.357165204707715, 0.25987849504592475], "k_pid_yaw": [0.5, 1e-06, 0.1], "k_pid_hsp": [0.08627401097453151, 0.0, 0.0], "k_pid_vsp": [121.21173572537148, 82.09642510880168, 1.1790368942940175]}, "datetime": {"datetime": "2025-08-12 00:47:16", "elapsed": 30115.557815551758, "delta": 19.448931455612183}, "costs": {"total_cost": 182.71031242446713, "time_cost": 73.346, "final_distance_cost": 1.831460932445863, "oscillation_cost": 18.925677510491326, "completition_cost": 0.0, "overshoot_cost": 52.21946065870523, "power_cost": 14.241793054199219, "noise_cost": 22.145920268625495, "n_waypoints_completed": 9, "tot_waypoints": 9}}
{"target": -196.11173100324777, "params": {"k_pid_pos": [0.5409721636884219, 0.0, 0.0], "k_pid_alt": [1.6104526004204491, 0.0, 0.12760142407432176], "k_pid_att": [0.4224539058402712, 2.132515300399761, 0.26210275417685996], "k_pid_yaw": [0.5, 1e-06, 0.1], "k_pid_hsp": [0.09183670310216704, 0.0, 0.0], "k_pid_vsp": [113.79984189157115, 97.22961716236172, 1.9324039601592946]}, "datetime": {"datetime": "2025-08-12 00:47:35", "elapsed": 30134.617429971695, "delta": 19.059614419937134}, "costs": {"total_cost": 196.11173100324777, "time_cost": 72.366, "final_distance_cost": 1.837532747048338, "oscillation_cost": 34.32935461694204, "completition_cost": 0.0, "overshoot_cost": 51.205847972690854, "power_cost": 14.63648162841797, "noise_cost": 21.73651403814855, "n_waypoints_completed": 9, "tot_waypoints": 9}}
{"target": -182.51017505030794, "params": {"k_pid_pos": [0.5283296790710954, 0.0, 0.0], "k_pid_alt": [1.6147140824568957, 0.0, 0.17032935766394694], "k_pid_att": [24.87474177286112, 2.171858212108716, 0.213852540707571], "k_pid_yaw": [0.5, 1e-06, 0.1], "k_pid_hsp": [0.09431711594734497, 0.0, 0.0], "k_pid_vsp": [104.07626660850832, 145.37849960623734, 1.2025241949388596]}, "datetime": {"datetime": "2025-08-12 00:47:54", "elapsed": 30153.919081926346, "delta": 19.30165195465088}, "costs": {"total_cost": 182.51017505030794, "time_cost": 72.83500000000001, "final_distance_cost": 1.834256223076626, "oscillation_cost": 19.681408706221358, "completition_cost": 0.0, "overshoot_cost": 51.9390846652773, "power_cost": 14.290930004882814, "noise_cost": 21.929495450849824, "n_waypoints_completed": 9, "tot_waypoints": 9}}
{"target": -182.2633385480631, "params": {"k_pid_pos": [0.5232272609015223, 0.0, 0.0], "k_pid_alt": [1.6164156733625628, 0.0, 0.1475596682621136], "k_pid_att": [25.678143435080464, 2.2131555845980957, 0.2259536340592361], "k_pid_yaw": [0.5, 1e-06, 0.1], "k_pid_hsp": [0.09181413601231936, 0.0, 0.0], "k_pid_vsp": [127.62023955321202, 123.26295616692377, 1.0753932100082852]}, "datetime": {"datetime": "2025-08-12 00:48:14", "elapsed": 30173.459411144257, "delta": 19.540329217910767}, "costs": {"total_cost": 182.2633385480631, "time_cost": 72.97500000000001, "final_distance_cost": 1.8356974044864556, "oscillation_cost": 19.26096592231851, "completition_cost": 0.0, "overshoot_cost": 51.885178054328684, "power_cost": 14.23877791748047, "noise_cost": 22.067719249449002, "n_waypoints_completed": 9, "tot_waypoints": 9}}
{"target": -181.8655513505459, "params": {"k_pid_pos": [0.5244819534326043, 0.0, 0.0], "k_pid_alt": [1.6125306281440328, 0.0, 0.1483373323565382], "k_pid_att": [20.510476360533882, 2.8267856700297935, 0.23067844834110984], "k_pid_yaw": [0.5, 1e-06, 0.1], "k_pid_hsp": [0.0919823684496653, 0.0, 0.0], "k_pid_vsp": [118.6053185681598, 138.1633196384061, 1.262195229545835]}, "datetime": {"datetime": "2025-08-12 00:48:33", "elapsed": 30192.449876070023, "delta": 18.99046492576599}, "costs": {"total_cost": 181.8655513505459, "time_cost": 72.933, "final_distance_cost": 1.8380442110042265, "oscillation_cost": 19.359157121532107, "completition_cost": 0.0, "overshoot_cost": 51.60673291695446, "power_cost": 14.215621533203125, "noise_cost": 21.91299556785196, "n_waypoints_completed": 9, "tot_waypoints": 9}}
{"target": -182.42658490411134, "params": {"k_pid_pos": [0.5505039795364343, 0.0, 0.0], "k_pid_alt": [1.603540405821418, 0.0, 0.14515115539920026], "k_pid_att": [26.29788891759333, 2.339066817232566, 0.24381172473756005], "k_pid_yaw": [0.5, 1e-06, 0.1], "k_pid_hsp": [0.09248978104895858, 0.0, 0.0], "k_pid_vsp": [127.59381893095114, 120.15041640028664, 0.8842847080368341]}, "datetime": {"datetime": "2025-08-12 00:48:52", "elapsed": 30212.017176628113, "delta": 19.56730055809021}, "costs": {"total_cost": 182.42658490411134, "time_cost": 72.57600000000001, "final_distance_cost": 1.8327881808955944, "oscillation_cost": 19.925263289024173, "completition_cost": 0.0, "overshoot_cost": 52.11738142131107, "power_cost": 14.192227966308595, "noise_cost": 21.78292404657192, "n_waypoints_completed": 9, "tot_waypoints": 9}}
{"target": -182.59694319592492, "params": {"k_pid_pos": [0.5311128657950113, 0.0, 0.0], "k_pid_alt": [1.6110409400153425, 0.0, 0.12471955137212405], "k_pid_att": [25.85461577211194, 2.2105473608245307, 0.24601205349403688], "k_pid_yaw": [0.5, 1e-06, 0.1], "k_pid_hsp": [0.09412371977979055, 0.0, 0.0], "k_pid_vsp": [129.18561328671447, 78.35210292274604, 2.3022638046328274]}, "datetime": {"datetime": "2025-08-12 00:49:11", "elapsed": 30230.599491119385, "delta": 18.582314491271973}, "costs": {"total_cost": 182.59694319592492, "time_cost": 72.81400000000001, "final_distance_cost": 1.8358744017472701, "oscillation_cost": 19.60160751747406, "completition_cost": 0.0, "overshoot_cost": 52.0858795517613, "power_cost": 14.210691638183594, "noise_cost": 22.048890086758682, "n_waypoints_completed": 9, "tot_waypoints": 9}}
{"target": -185.9165358106054, "params": {"k_pid_pos": [0.5861022242942845, 0.0, 0.0], "k_pid_alt": [1.6103181368800736, 0.0, 0.019561239059703], "k_pid_att": [26.66253274165978, 2.2991901582588166, 0.17961027869978236], "k_pid_yaw": [0.5, 1e-06, 0.1], "k_pid_hsp": [0.10168410551752428, 0.0, 0.0], "k_pid_vsp": [126.56771256430943, 1e-06, 3.5474542588010265]}, "datetime": {"datetime": "2025-08-12 00:49:30", "elapsed": 30249.519993066788, "delta": 18.920501947402954}, "costs": {"total_cost": 185.9165358106054, "time_cost": 73.549, "final_distance_cost": 1.8240415653040778, "oscillation_cost": 21.29589381651757, "completition_cost": 0.0, "overshoot_cost": 52.47446336552709, "power_cost": 14.28778397216797, "noise_cost": 22.485353091088697, "n_waypoints_completed": 9, "tot_waypoints": 9}}
{"target": -182.04023391615715, "params": {"k_pid_pos": [0.6441793368443451, 0.0056413622580039225, 0.0005525901126696145], "k_pid_alt": [1.6046129685954333, 0.0, 0.19771464697323962], "k_pid_att": [25.316279419052897, 2.2882837013979445, 0.14956655141377617], "k_pid_yaw": [0.5, 1e-06, 0.1], "k_pid_hsp": [0.10059148046736693, 0.0008356042457542197, 0.0], "k_pid_vsp": [125.48830634231689, 133.08178237355028, 1.5006040473782158]}, "datetime": {"datetime": "2025-08-12 00:49:48", "elapsed": 30267.945085525513, "delta": 18.425092458724976}, "costs": {"total_cost": 182.04023391615715, "time_cost": 71.372, "final_distance_cost": 1.8248076053627933, "oscillation_cost": 22.466060411797812, "completition_cost": 0.0, "overshoot_cost": 50.949564891099634, "power_cost": 14.160643286132814, "noise_cost": 21.267157721764086, "n_waypoints_completed": 9, "tot_waypoints": 9}}
{"target": -183.16862229058975, "params": {"k_pid_pos": [0.5114878969131917, 0.0, 0.0], "k_pid_alt": [1.6266712492384978, 0.0, 0.17630580473722277], "k_pid_att": [26.262937216330613, 2.245370395114763, 0.08155431728391221], "k_pid_yaw": [0.5, 1e-06, 0.1], "k_pid_hsp": [0.09764349917432534, 0.0, 0.0], "k_pid_vsp": [129.42224464394374, 111.68943126791133, 1.1100994530325812]}, "datetime": {"datetime": "2025-08-12 00:50:07", "elapsed": 30287.323085784912, "delta": 19.378000259399414}, "costs": {"total_cost": 183.16862229058975, "time_cost": 73.045, "final_distance_cost": 1.8240643813875108, "oscillation_cost": 19.923756062411655, "completition_cost": 0.0, "overshoot_cost": 51.94045138970987, "power_cost": 14.328394006347658, "noise_cost": 22.106956450733072, "n_waypoints_completed": 9, "tot_waypoints": 9}}
{"target": -182.50020794732828, "params": {"k_pid_pos": [0.5257472213480733, 0.0, 0.0], "k_pid_alt": [1.6134406403480923, 0.0, 0.1624871417133784], "k_pid_att": [26.108055431152078, 2.147390603870974, 0.24054873525937812], "k_pid_yaw": [0.5, 1e-06, 0.1], "k_pid_hsp": [0.0930346248928945, 0.0, 0.0], "k_pid_vsp": [125.27839970395355, 125.30217368357782, 1.279743420367768]}, "datetime": {"datetime": "2025-08-12 00:50:26", "elapsed": 30305.60955953598, "delta": 18.286473751068115}, "costs": {"total_cost": 182.50020794732828, "time_cost": 72.919, "final_distance_cost": 1.8161137866071573, "oscillation_cost": 19.707432061400468, "completition_cost": 0.0, "overshoot_cost": 51.967533288738885, "power_cost": 14.181100073242188, "noise_cost": 21.909028737339575, "n_waypoints_completed": 9, "tot_waypoints": 9}}
{"target": -182.82229298087407, "params": {"k_pid_pos": [0.5352939086849765, 0.0, 0.0], "k_pid_alt": [1.5985508601960434, 0.0, 0.14891157645121256], "k_pid_att": [25.013135651591117, 2.2378278068224864, 0.21611506888751647], "k_pid_yaw": [0.5, 1e-06, 0.1], "k_pid_hsp": [0.09159602258824562, 0.0, 0.0], "k_pid_vsp": [132.2301584915006, 128.32644501249416, 1.2815869811885154]}, "datetime": {"datetime": "2025-08-12 00:50:45", "elapsed": 30324.497522830963, "delta": 18.88796329498291}, "costs": {"total_cost": 182.82229298087407, "time_cost": 72.81400000000001, "final_distance_cost": 1.8332561091518325, "oscillation_cost": 19.696104599948576, "completition_cost": 0.0, "overshoot_cost": 52.201582078766805, "power_cost": 14.299797143554688, "noise_cost": 21.977553049452165, "n_waypoints_completed": 9, "tot_waypoints": 9}}
{"target": -182.50609124291893, "params": {"k_pid_pos": [0.5322020146082961, 0.0, 0.0], "k_pid_alt": [1.5906238876817904, 0.0, 0.14736605604811115], "k_pid_att": [25.638858871249454, 2.1177138680475482, 0.24173595204406562], "k_pid_yaw": [0.5, 1e-06, 0.1], "k_pid_hsp": [0.0921956502293989, 0.0, 0.0], "k_pid_vsp": [120.6833656547915, 88.35013399859392, 1.4678103550073203]}, "datetime": {"datetime": "2025-08-12 00:51:04", "elapsed": 30343.582576274872, "delta": 19.08505344390869}, "costs": {"total_cost": 182.50609124291893, "time_cost": 72.87, "final_distance_cost": 1.8333547353344752, "oscillation_cost": 19.7009849401114, "completition_cost": 0.0, "overshoot_cost": 51.98408323111059, "power_cost": 14.166050939941407, "noise_cost": 21.95161739642105, "n_waypoints_completed": 9, "tot_waypoints": 9}}
{"target": -182.13180832915958, "params": {"k_pid_pos": [0.5215301173407967, 0.0, 0.0], "k_pid_alt": [1.603403732691267, 0.0, 0.15620241617421363], "k_pid_att": [25.709647951574762, 2.510088741092391, 0.21573498533472382], "k_pid_yaw": [0.5, 1e-06, 0.1], "k_pid_hsp": [0.09124266204159132, 0.0, 0.0], "k_pid_vsp": [121.36188309098368, 125.83435280115067, 1.086505152659067]}, "datetime": {"datetime": "2025-08-12 00:51:23", "elapsed": 30362.839117765427, "delta": 19.25654149055481}, "costs": {"total_cost": 182.13180832915958, "time_cost": 73.038, "final_distance_cost": 1.8134665175487261, "oscillation_cost": 19.224518198922265, "completition_cost": 0.0, "overshoot_cost": 51.85556940521726, "power_cost": 14.196357983398439, "noise_cost": 22.00389622407288, "n_waypoints_completed": 9, "tot_waypoints": 9}}
{"target": -182.47044362610578, "params": {"k_pid_pos": [0.5246204821401969, 0.0, 0.0], "k_pid_alt": [1.5940293989195309, 0.0, 0.1481803976615144], "k_pid_att": [23.93553452016123, 2.169613290563959, 0.15100129100019402], "k_pid_yaw": [0.5, 1e-06, 0.1], "k_pid_hsp": [0.08646445366868914, 0.0, 0.0], "k_pid_vsp": [127.91466318937275, 113.91896786174553, 1.435094958078492]}, "datetime": {"datetime": "2025-08-12 00:51:42", "elapsed": 30382.270189762115, "delta": 19.431071996688843}, "costs": {"total_cost": 182.47044362610578, "time_cost": 73.206, "final_distance_cost": 1.8194013969593164, "oscillation_cost": 18.769230848721737, "completition_cost": 0.0, "overshoot_cost": 52.31136533991958, "power_cost": 14.269715429687501, "noise_cost": 22.094730610817624, "n_waypoints_completed": 9, "tot_waypoints": 9}}
