{"target": -183.1932300106451, "params": {"k_pid_pos": [0.5664510346237428, 0.0, 0.0], "k_pid_alt": [1.6518352714438467, 0.0, 0.18421757688900744], "k_pid_att": [23.66052302933867, 2.4143863929399854, 0.2075573731632354], "k_pid_yaw": [0.5, 1e-06, 0.1], "k_pid_hsp": [0.11152812637949847, 0.0, 0.0], "k_pid_vsp": [125.76146037508498, 105.49059420779875, 2.5641661326156227]}, "datetime": {"datetime": "2025-08-11 23:02:21", "elapsed": 23820.63414168358, "delta": 18.567476511001587}, "costs": {"total_cost": 183.1932300106451, "time_cost": 72.065, "final_distance_cost": 1.820783448710347, "oscillation_cost": 21.90915633805245, "completition_cost": 0.0, "overshoot_cost": 51.532615519829946, "power_cost": 14.19908895263672, "noise_cost": 21.666585751415656, "n_waypoints_completed": 9, "tot_waypoints": 9}}
{"target": -182.97590239118912, "params": {"k_pid_pos": [0.8053521144800462, 0.0, 0.0035599547404753414], "k_pid_alt": [1.62676207879591, 0.0, 0.14715384294850117], "k_pid_att": [22.27891967402605, 2.183242476245325, 0.19781097111703977], "k_pid_yaw": [0.5, 1e-06, 0.1], "k_pid_hsp": [0.15362964749737718, 0.0, 0.0], "k_pid_vsp": [130.8196669659285, 79.28689378246499, 4.50762324699279]}, "datetime": {"datetime": "2025-08-11 23:02:39", "elapsed": 23838.80820250511, "delta": 18.174060821533203}, "costs": {"total_cost": 182.97590239118912, "time_cost": 69.944, "final_distance_cost": 1.8118226344717987, "oscillation_cost": 25.407264418852705, "completition_cost": 0.0, "overshoot_cost": 50.72385108521042, "power_cost": 14.152530871582032, "noise_cost": 20.936433381072156, "n_waypoints_completed": 9, "tot_waypoints": 9}}
{"target": -191.7767861087178, "params": {"k_pid_pos": [0.4080105846198491, 0.0003275226589958039, 0.023576423406579387], "k_pid_alt": [1.5922960487416968, 0.0, 0.2250002381762874], "k_pid_att": [27.874234732835756, 2.274347973122856, 0.21771527655406595], "k_pid_yaw": [0.5, 1e-06, 0.1], "k_pid_hsp": [0.12726973060313007, 0.0, 0.0], "k_pid_vsp": [125.2334457587396, 60.55557961939979, 0.27680420605087264]}, "datetime": {"datetime": "2025-08-11 23:02:59", "elapsed": 23858.7836830616, "delta": 19.975480556488037}, "costs": {"total_cost": 191.7767861087178, "time_cost": 78.554, "final_distance_cost": 1.8548988711827856, "oscillation_cost": 19.522237985336968, "completition_cost": 0.0, "overshoot_cost": 52.316725337753006, "power_cost": 15.106247082519532, "noise_cost": 24.422676831925504, "n_waypoints_completed": 9, "tot_waypoints": 9}}
{"target": -182.34282540913048, "params": {"k_pid_pos": [0.6167673823764396, 0.0, 0.0], "k_pid_alt": [1.577875047308754, 0.0, 0.20415026640040074], "k_pid_att": [39.32145357607422, 2.362899511207997, 0.21852774960992027], "k_pid_yaw": [0.5, 1e-06, 0.1], "k_pid_hsp": [0.09752281099431548, 0.0, 0.0], "k_pid_vsp": [115.19493302630983, 102.10670123910882, 0.7052043470598827]}, "datetime": {"datetime": "2025-08-11 23:03:18", "elapsed": 23877.84861111641, "delta": 19.06492805480957}, "costs": {"total_cost": 182.34282540913048, "time_cost": 71.799, "final_distance_cost": 1.8300834917172686, "oscillation_cost": 21.770098826252557, "completition_cost": 0.0, "overshoot_cost": 51.21197344674006, "power_cost": 14.175413037109376, "noise_cost": 21.55625660731121, "n_waypoints_completed": 9, "tot_waypoints": 9}}
{"target": -186.21621917364885, "params": {"k_pid_pos": [0.5398137345778772, 0.0, 0.0], "k_pid_alt": [1.6310660945172937, 0.0, 0.09154421279629477], "k_pid_att": [19.661830352185017, 2.6176079290353944, 0.18851452982691883], "k_pid_yaw": [0.5, 1e-06, 0.1], "k_pid_hsp": [0.14460111234076986, 0.0, 0.0], "k_pid_vsp": [156.76038362137226, 84.676262145327, 1.605423029941266]}, "datetime": {"datetime": "2025-08-11 23:03:37", "elapsed": 23896.679205417633, "delta": 18.830594301223755}, "costs": {"total_cost": 186.21621917364885, "time_cost": 73.017, "final_distance_cost": 1.8393328619662201, "oscillation_cost": 23.201378712759386, "completition_cost": 0.0, "overshoot_cost": 51.44238202821036, "power_cost": 14.380004284667969, "noise_cost": 22.336121286044907, "n_waypoints_completed": 9, "tot_waypoints": 9}}
{"target": -182.30742866596822, "params": {"k_pid_pos": [0.5340428128620027, 0.0, 0.0], "k_pid_alt": [1.6115122080954136, 0.0, 0.1576124192927932], "k_pid_att": [25.226781912030848, 2.238652622161753, 0.26383969055800516], "k_pid_yaw": [0.5, 1e-06, 0.1], "k_pid_hsp": [0.08930142586708795, 0.0, 0.0], "k_pid_vsp": [125.65510605288385, 102.8191882525067, 0.7691425895507793]}, "datetime": {"datetime": "2025-08-11 23:03:55", "elapsed": 23914.7820520401, "delta": 18.10284662246704}, "costs": {"total_cost": 182.30742866596822, "time_cost": 72.94, "final_distance_cost": 1.815995409685788, "oscillation_cost": 19.170775569964814, "completition_cost": 0.0, "overshoot_cost": 52.238898392240216, "power_cost": 14.248232592773439, "noise_cost": 21.89352670130395, "n_waypoints_completed": 9, "tot_waypoints": 9}}
{"target": -186.1575638095861, "params": {"k_pid_pos": [0.5535203559070514, 0.0, 0.0], "k_pid_alt": [1.5949613262024254, 0.0, 0.15491629876574295], "k_pid_att": [19.076672341353767, 4.036742111616294, 0.23658974946608047], "k_pid_yaw": [0.5, 1e-06, 0.1], "k_pid_hsp": [0.06628072356906764, 0.0, 0.0], "k_pid_vsp": [116.28808541601981, 109.07487598771792, 1.4209709392605074]}, "datetime": {"datetime": "2025-08-11 23:04:14", "elapsed": 23934.33401799202, "delta": 19.551965951919556}, "costs": {"total_cost": 186.1575638095861, "time_cost": 75.57900000000001, "final_distance_cost": 1.7987686411993438, "oscillation_cost": 17.762949163870186, "completition_cost": 0.0, "overshoot_cost": 53.67082853999692, "power_cost": 14.595860302734376, "noise_cost": 22.750157161785264, "n_waypoints_completed": 9, "tot_waypoints": 9}}
{"target": -182.76204214001868, "params": {"k_pid_pos": [0.5705949768707168, 0.0, 0.0], "k_pid_alt": [1.6523583260847583, 0.0, 0.15921988348393126], "k_pid_att": [24.107116700347802, 2.446318619649101, 0.23723096130714064], "k_pid_yaw": [0.5, 1e-06, 0.1], "k_pid_hsp": [0.0872596122479215, 0.0, 0.0], "k_pid_vsp": [118.75714526983838, 74.24677676506673, 1.2197817121253454]}, "datetime": {"datetime": "2025-08-11 23:04:33", "elapsed": 23952.971754074097, "delta": 18.637736082077026}, "costs": {"total_cost": 182.76204214001868, "time_cost": 72.625, "final_distance_cost": 1.8010247101854158, "oscillation_cost": 20.052269991054434, "completition_cost": 0.0, "overshoot_cost": 52.075430304819605, "power_cost": 14.219672277832032, "noise_cost": 21.988644856127195, "n_waypoints_completed": 9, "tot_waypoints": 9}}
{"target": -183.403927192381, "params": {"k_pid_pos": [0.5237069598748513, 0.0, 0.0], "k_pid_alt": [1.609262368958695, 0.0, 0.08858267131034286], "k_pid_att": [26.697800549233985, 2.1183542828568505, 0.2098537552705792], "k_pid_yaw": [0.5, 1e-06, 0.1], "k_pid_hsp": [0.07812859027808788, 0.0, 0.0], "k_pid_vsp": [133.39740947941678, 64.95259074213621, 1.1912838886238637]}, "datetime": {"datetime": "2025-08-11 23:04:52", "elapsed": 23972.05506014824, "delta": 19.083306074142456}, "costs": {"total_cost": 183.403927192381, "time_cost": 73.857, "final_distance_cost": 1.8089686870556343, "oscillation_cost": 18.142255112640154, "completition_cost": 0.0, "overshoot_cost": 52.90345189937943, "power_cost": 14.281244128417969, "noise_cost": 22.4110073648878, "n_waypoints_completed": 9, "tot_waypoints": 9}}
{"target": -186.03811644424061, "params": {"k_pid_pos": [0.5150915727544634, 0.0, 0.0], "k_pid_alt": [1.6718979987239457, 0.0, 0.04026771567844567], "k_pid_att": [24.937478447717936, 2.072930219791688, 0.2030326748952993], "k_pid_yaw": [0.5, 1e-06, 0.1], "k_pid_hsp": [0.06475950863322551, 0.0, 0.0], "k_pid_vsp": [120.18086598727353, 117.36327684369525, 2.7619741582170034]}, "datetime": {"datetime": "2025-08-11 23:05:12", "elapsed": 23991.812574148178, "delta": 19.757513999938965}, "costs": {"total_cost": 186.03811644424061, "time_cost": 75.999, "final_distance_cost": 1.8188295312021112, "oscillation_cost": 16.645678073062246, "completition_cost": 0.0, "overshoot_cost": 53.91912056088809, "power_cost": 14.640329541015626, "noise_cost": 23.01515873807255, "n_waypoints_completed": 9, "tot_waypoints": 9}}
{"target": -1253.1670432138208, "params": {"k_pid_pos": [0.6682330907346603, 0.00011139247419835688, 0.00015856629581850658], "k_pid_alt": [1.6290986605547788, 0.0, 0.15232393747125494], "k_pid_att": [25.720579467490566, 2.1370454400950587, 0.11989634984335851], "k_pid_yaw": [0.5, 1e-06, 0.1], "k_pid_hsp": [0.0001, 0.0025140591246022156, 0.0], "k_pid_vsp": [122.99914173126574, 72.57352244264281, 1.6899229721583804]}, "datetime": {"datetime": "2025-08-11 23:05:42", "elapsed": 24021.78094124794, "delta": 29.968367099761963}, "costs": {"total_cost": 1253.1670432138208, "time_cost": 150, "final_distance_cost": 59.24523706093902, "oscillation_cost": 0.31318929179535127, "completition_cost": 888.8888888888888, "overshoot_cost": 100.61040194159634, "power_cost": 21.01669713134766, "noise_cost": 33.09262889925375, "n_waypoints_completed": 1, "tot_waypoints": 9}}
{"target": -182.62119862529744, "params": {"k_pid_pos": [0.5446738754876815, 0.0, 0.0], "k_pid_alt": [1.624522078607813, 0.0, 0.13578053476506297], "k_pid_att": [28.441947777563588, 2.223953106123017, 0.2078381927793867], "k_pid_yaw": [0.5, 1e-06, 0.1], "k_pid_hsp": [0.10764715335265045, 0.0, 0.0], "k_pid_vsp": [116.30737725409182, 131.3766032670294, 0.5160073843475957]}, "datetime": {"datetime": "2025-08-11 23:06:00", "elapsed": 24040.359392881393, "delta": 18.57845163345337}, "costs": {"total_cost": 182.62119862529744, "time_cost": 72.345, "final_distance_cost": 1.8303492376346011, "oscillation_cost": 20.930838545577135, "completition_cost": 0.0, "overshoot_cost": 51.49477115797795, "power_cost": 14.214622485351564, "noise_cost": 21.80561719875621, "n_waypoints_completed": 9, "tot_waypoints": 9}}
{"target": -182.41492034565692, "params": {"k_pid_pos": [0.5347448392977545, 0.0, 0.0], "k_pid_alt": [1.6328155748682045, 0.0, 0.10888765409585408], "k_pid_att": [22.016858693314248, 2.056577119256689, 0.21324446990310755], "k_pid_yaw": [0.5, 1e-06, 0.1], "k_pid_hsp": [0.09113937935094317, 0.0, 0.0], "k_pid_vsp": [119.71137690204614, 84.76137118838386, 1.2613275656694631]}, "datetime": {"datetime": "2025-08-11 23:06:20", "elapsed": 24059.42291855812, "delta": 19.063525676727295}, "costs": {"total_cost": 182.41492034565692, "time_cost": 72.8, "final_distance_cost": 1.8336510503913988, "oscillation_cost": 19.58811603950866, "completition_cost": 0.0, "overshoot_cost": 51.95060568783342, "power_cost": 14.170151232910158, "noise_cost": 22.072396335013313, "n_waypoints_completed": 9, "tot_waypoints": 9}}
{"target": -182.58748280446386, "params": {"k_pid_pos": [0.6326685942544586, 0.0, 0.0], "k_pid_alt": [1.6181493202277757, 0.0, 0.1294026519262729], "k_pid_att": [29.775665082346265, 2.17690960898047, 0.18730875392187696], "k_pid_yaw": [0.5, 1e-06, 0.1], "k_pid_hsp": [0.1160650943706496, 0.0, 0.0], "k_pid_vsp": [135.11491647138587, 60.978965682195515, 1.2958720679360298]}, "datetime": {"datetime": "2025-08-11 23:06:37", "elapsed": 24077.309682369232, "delta": 17.88676381111145}, "costs": {"total_cost": 182.58748280446386, "time_cost": 71.393, "final_distance_cost": 1.8247777904104312, "oscillation_cost": 22.597744036945322, "completition_cost": 0.0, "overshoot_cost": 51.24782725048418, "power_cost": 14.111068920898438, "noise_cost": 21.41306480572549, "n_waypoints_completed": 9, "tot_waypoints": 9}}
{"target": -182.76522302165537, "params": {"k_pid_pos": [0.5288062701971056, 0.0, 0.0], "k_pid_alt": [1.506175174421312, 0.0, 0.12721399919881105], "k_pid_att": [22.175281173951316, 2.0430112249993226, 0.1940238624862272], "k_pid_yaw": [0.5, 1e-06, 0.1], "k_pid_hsp": [0.10050246111887734, 0.0, 0.0], "k_pid_vsp": [131.24549542766113, 127.04953646452854, 2.127429398205366]}, "datetime": {"datetime": "2025-08-11 23:06:56", "elapsed": 24096.27106642723, "delta": 18.961384057998657}, "costs": {"total_cost": 182.76522302165537, "time_cost": 72.758, "final_distance_cost": 1.820060942825406, "oscillation_cost": 20.250947161602088, "completition_cost": 0.0, "overshoot_cost": 51.87535722491228, "power_cost": 14.198705688476563, "noise_cost": 21.862152003839054, "n_waypoints_completed": 9, "tot_waypoints": 9}}
{"target": -182.63176467775796, "params": {"k_pid_pos": [0.4818855354120143, 0.0, 0.0], "k_pid_alt": [1.6471675143337627, 0.0, 0.13667208639883063], "k_pid_att": [24.477365311633605, 2.056132508104262, 0.25172123355365544], "k_pid_yaw": [0.5, 1e-06, 0.1], "k_pid_hsp": [0.0935858411038441, 0.0, 0.0], "k_pid_vsp": [122.44121382957188, 89.77609681071361, 1.6310509310536958]}, "datetime": {"datetime": "2025-08-11 23:07:15", "elapsed": 24114.480236291885, "delta": 18.20916986465454}, "costs": {"total_cost": 182.63176467775796, "time_cost": 73.668, "final_distance_cost": 1.823216252438195, "oscillation_cost": 18.51865541730893, "completition_cost": 0.0, "overshoot_cost": 52.08984993339108, "power_cost": 14.314647424316407, "noise_cost": 22.217395650303338, "n_waypoints_completed": 9, "tot_waypoints": 9}}
{"target": -184.38331741987568, "params": {"k_pid_pos": [0.518773702554972, 0.0, 0.0], "k_pid_alt": [1.5579857625030205, 0.0, 0.13984292542214358], "k_pid_att": [25.40657733784138, 2.057964628024848, 0.19209214258675486], "k_pid_yaw": [0.5, 1e-06, 0.1], "k_pid_hsp": [0.11977157597013699, 0.0, 0.0], "k_pid_vsp": [132.84390389682724, 99.512547470294, 4.959418775632366]}, "datetime": {"datetime": "2025-08-11 23:07:33", "elapsed": 24133.077353477478, "delta": 18.59711718559265}, "costs": {"total_cost": 184.38331741987568, "time_cost": 73.038, "final_distance_cost": 1.8460106020971598, "oscillation_cost": 21.375072551857986, "completition_cost": 0.0, "overshoot_cost": 51.64035690444409, "power_cost": 14.317223889160157, "noise_cost": 22.166653472316273, "n_waypoints_completed": 9, "tot_waypoints": 9}}
{"target": -186.8492890908971, "params": {"k_pid_pos": [0.5987995398139254, 0.0, 0.0], "k_pid_alt": [1.6657100542898178, 0.0, 0.16763809174920286], "k_pid_att": [27.26508001690921, 1.1790735279189026, 0.3270519221195506], "k_pid_yaw": [0.5, 1e-06, 0.1], "k_pid_hsp": [0.18654508261167413, 0.0, 0.0], "k_pid_vsp": [117.69570275046377, 104.30119815140756, 1.7198274909242615]}, "datetime": {"datetime": "2025-08-11 23:07:52", "elapsed": 24152.071020126343, "delta": 18.993666648864746}, "costs": {"total_cost": 186.8492890908971, "time_cost": 72.625, "final_distance_cost": 1.8460048723321907, "oscillation_cost": 24.819505835423325, "completition_cost": 0.0, "overshoot_cost": 50.81653368289295, "power_cost": 14.518789086914063, "noise_cost": 22.22345561333454, "n_waypoints_completed": 9, "tot_waypoints": 9}}
{"target": -183.0506809535508, "params": {"k_pid_pos": [0.6509758640462364, 0.0, 0.0], "k_pid_alt": [1.635418467966136, 0.0, 0.12962815175879588], "k_pid_att": [28.508030019637523, 2.1614075845261262, 0.21027317249949165], "k_pid_yaw": [0.5, 1e-06, 0.1], "k_pid_hsp": [0.0911808919243665, 0.0, 0.0], "k_pid_vsp": [134.62148076090935, 70.44137767031816, 2.4624882384161246]}, "datetime": {"datetime": "2025-08-11 23:08:10", "elapsed": 24170.369736671448, "delta": 18.29871654510498}, "costs": {"total_cost": 183.0506809535508, "time_cost": 71.757, "final_distance_cost": 1.8281846874788843, "oscillation_cost": 21.92206157422437, "completition_cost": 0.0, "overshoot_cost": 51.819305065785386, "power_cost": 14.099148461914064, "noise_cost": 21.624981164148107, "n_waypoints_completed": 9, "tot_waypoints": 9}}
{"target": -186.06607179510564, "params": {"k_pid_pos": [0.5554717799738227, 0.0, 0.0], "k_pid_alt": [1.9123890543167985, 0.0, 0.10452132422100516], "k_pid_att": [20.220256616142322, 1.6906386175903043, 0.2086306307724587], "k_pid_yaw": [0.5, 1e-06, 0.1], "k_pid_hsp": [0.15931619893071458, 0.0, 0.0], "k_pid_vsp": [134.11491825108806, 122.84277845175743, 1.3846056000139981]}, "datetime": {"datetime": "2025-08-11 23:08:29", "elapsed": 24188.49946331978, "delta": 18.12972664833069}, "costs": {"total_cost": 186.06607179510564, "time_cost": 72.877, "final_distance_cost": 1.8504143808274134, "oscillation_cost": 23.66804109975461, "completition_cost": 0.0, "overshoot_cost": 50.96066348200881, "power_cost": 14.467575244140626, "noise_cost": 22.24237758837418, "n_waypoints_completed": 9, "tot_waypoints": 9}}
{"target": -182.2952961483196, "params": {"k_pid_pos": [0.5305244977342964, 0.0, 0.0], "k_pid_alt": [1.5880817208466995, 0.0, 0.1422271110090983], "k_pid_att": [25.14398902892928, 2.2862754610277793, 0.19756377411378787], "k_pid_yaw": [0.5, 1e-06, 0.1], "k_pid_hsp": [0.09355602361209336, 0.0, 0.0], "k_pid_vsp": [128.43150433741084, 122.87775360353574, 2.707244369237226]}, "datetime": {"datetime": "2025-08-11 23:08:47", "elapsed": 24207.26701450348, "delta": 18.76755118370056}, "costs": {"total_cost": 182.2952961483196, "time_cost": 72.83500000000001, "final_distance_cost": 1.816679192166582, "oscillation_cost": 19.6932782104478, "completition_cost": 0.0, "overshoot_cost": 51.764462178723726, "power_cost": 14.19637469482422, "noise_cost": 21.989501872157277, "n_waypoints_completed": 9, "tot_waypoints": 9}}
{"target": -183.10419004271077, "params": {"k_pid_pos": [0.4722093476509636, 0.0, 0.0], "k_pid_alt": [1.6174809260552931, 0.0, 0.10274792430980609], "k_pid_att": [26.31609433920888, 1.9124471223138815, 0.19921334005508473], "k_pid_yaw": [0.5, 1e-06, 0.1], "k_pid_hsp": [0.09574634924409431, 0.0, 0.0], "k_pid_vsp": [123.39513816332568, 64.13224850553252, 2.5956935096026905]}, "datetime": {"datetime": "2025-08-11 23:09:05", "elapsed": 24225.326722860336, "delta": 18.0597083568573}, "costs": {"total_cost": 183.10419004271077, "time_cost": 73.913, "final_distance_cost": 1.8304187944348218, "oscillation_cost": 18.524769179910493, "completition_cost": 0.0, "overshoot_cost": 52.001711972559725, "power_cost": 14.325145129394532, "noise_cost": 22.509144966411185, "n_waypoints_completed": 9, "tot_waypoints": 9}}
{"target": -182.54798614263476, "params": {"k_pid_pos": [0.5782888074121237, 0.0, 0.0], "k_pid_alt": [1.6077029881355087, 0.0, 0.1801700381059253], "k_pid_att": [24.13112088400194, 2.306325893190239, 0.20481293763026087], "k_pid_yaw": [0.5, 1e-06, 0.1], "k_pid_hsp": [0.10483734701154351, 0.0, 0.0], "k_pid_vsp": [139.23249782143802, 107.42035207445956, 2.017904018260425]}, "datetime": {"datetime": "2025-08-11 23:09:24", "elapsed": 24243.682684898376, "delta": 18.35596203804016}, "costs": {"total_cost": 182.54798614263476, "time_cost": 71.988, "final_distance_cost": 1.8182922657866651, "oscillation_cost": 21.529053435814788, "completition_cost": 0.0, "overshoot_cost": 51.402646261251704, "power_cost": 14.143169006347657, "noise_cost": 21.666825173433953, "n_waypoints_completed": 9, "tot_waypoints": 9}}
{"target": -186.4447794674188, "params": {"k_pid_pos": [0.4667270754056741, 0.0, 0.0], "k_pid_alt": [1.6107299918313889, 0.0, 0.141268615031787], "k_pid_att": [26.292480610260913, 1.9132688390969748, 0.18825287161581283], "k_pid_yaw": [0.5, 1e-06, 0.1], "k_pid_hsp": [0.06281686083906045, 0.0, 0.0], "k_pid_vsp": [129.2471177192332, 144.9770280115556, 3.3836864474089525]}, "datetime": {"datetime": "2025-08-11 23:09:43", "elapsed": 24263.0910487175, "delta": 19.408363819122314}, "costs": {"total_cost": 186.4447794674188, "time_cost": 77.18900000000001, "final_distance_cost": 1.817643541065226, "oscillation_cost": 15.410528444188435, "completition_cost": 0.0, "overshoot_cost": 53.8609380882724, "power_cost": 14.773716540527344, "noise_cost": 23.392952853365422, "n_waypoints_completed": 9, "tot_waypoints": 9}}
{"target": -190.13814792662535, "params": {"k_pid_pos": [0.37214359780967743, 0.0, 0.0], "k_pid_alt": [1.6163914980955183, 0.0, 0.11560634771753113], "k_pid_att": [32.62777705052446, 1.7050182137328989, 0.20898122871005365], "k_pid_yaw": [0.5, 1e-06, 0.1], "k_pid_hsp": [0.10884168527611442, 0.0, 0.0], "k_pid_vsp": [119.82125352898031, 123.56777876879046, 3.6607058293075485]}, "datetime": {"datetime": "2025-08-11 23:10:03", "elapsed": 24283.033405303955, "delta": 19.9423565864563}, "costs": {"total_cost": 190.13814792662535, "time_cost": 78.617, "final_distance_cost": 1.8478279436825789, "oscillation_cost": 17.446259043588654, "completition_cost": 0.0, "overshoot_cost": 52.54355237578136, "power_cost": 15.129840173339845, "noise_cost": 24.553668390232893, "n_waypoints_completed": 9, "tot_waypoints": 9}}
{"target": -183.1446323623818, "params": {"k_pid_pos": [0.5612673055546699, 0.0, 0.0], "k_pid_alt": [1.5313486419891098, 0.0, 0.18491145404237586], "k_pid_att": [27.790862093882428, 2.259498670418988, 0.1852641574901776], "k_pid_yaw": [0.5, 1e-06, 0.1], "k_pid_hsp": [0.10967760431167262, 0.0, 0.0], "k_pid_vsp": [131.41670621777354, 83.29128905720727, 1.932612510772382]}, "datetime": {"datetime": "2025-08-11 23:10:21", "elapsed": 24300.833431959152, "delta": 17.800026655197144}, "costs": {"total_cost": 183.1446323623818, "time_cost": 72.296, "final_distance_cost": 1.8235711121524272, "oscillation_cost": 21.769633630747546, "completition_cost": 0.0, "overshoot_cost": 51.253337585148856, "power_cost": 14.152436804199219, "noise_cost": 21.849653230133768, "n_waypoints_completed": 9, "tot_waypoints": 9}}
