{"target": -182.26957747787728, "params": {"k_pid_pos": [0.5300606410914609, 0.0, 0.0], "k_pid_alt": [1.6177955460541402, 0.0, 0.13388766151002138], "k_pid_att": [25.879893499323096, 2.1932815535411883, 0.25496700607374684], "k_pid_yaw": [0.5, 1e-06, 0.1], "k_pid_hsp": [0.09610334838179493, 0.0, 0.0], "k_pid_vsp": [128.34062891459257, 127.10908850629134, 1.0691944448618744]}, "datetime": {"datetime": "2025-08-12 05:41:00", "elapsed": 47739.46419835091, "delta": 19.609880685806274}, "costs": {"total_cost": 182.26957747787728, "time_cost": 72.73, "final_distance_cost": 1.8275439451595579, "oscillation_cost": 19.640590114990612, "completition_cost": 0.0, "overshoot_cost": 52.00950582476344, "power_cost": 14.18984921875, "noise_cost": 21.872088374213654, "n_waypoints_completed": 9, "tot_waypoints": 9}}
{"target": -182.24242935437388, "params": {"k_pid_pos": [0.551864237789025, 0.0, 0.0], "k_pid_alt": [1.6215337814573036, 0.0, 0.13514570673382656], "k_pid_att": [25.491919077519114, 2.1113127499516047, 0.24702388804678221], "k_pid_yaw": [0.5, 1e-06, 0.1], "k_pid_hsp": [0.09301231365135097, 0.0, 0.0], "k_pid_vsp": [128.36105209291063, 131.61748847195489, 1.01807718112781]}, "datetime": {"datetime": "2025-08-12 05:41:18", "elapsed": 47757.94216156006, "delta": 18.47796320915222}, "costs": {"total_cost": 182.24242935437388, "time_cost": 72.513, "final_distance_cost": 1.8299569925625112, "oscillation_cost": 19.852198179746175, "completition_cost": 0.0, "overshoot_cost": 51.99687501349026, "power_cost": 14.223127453613282, "noise_cost": 21.827271714961665, "n_waypoints_completed": 9, "tot_waypoints": 9}}
{"target": -182.76786775450444, "params": {"k_pid_pos": [0.49556017328450624, 0.0, 0.0], "k_pid_alt": [1.6039847094180806, 0.0, 0.130801326944959], "k_pid_att": [24.844179490319917, 2.095393865375828, 0.25370974062812013], "k_pid_yaw": [0.5, 1e-06, 0.1], "k_pid_hsp": [0.08991133967777001, 0.0, 0.0], "k_pid_vsp": [129.33492576302336, 121.79838777276748, 1.0623559162751506]}, "datetime": {"datetime": "2025-08-12 05:41:38", "elapsed": 47778.15348100662, "delta": 20.21131944656372}, "costs": {"total_cost": 182.76786775450444, "time_cost": 73.5, "final_distance_cost": 1.8288042740694128, "oscillation_cost": 18.65926592868308, "completition_cost": 0.0, "overshoot_cost": 52.254904233186664, "power_cost": 14.269958325195313, "noise_cost": 22.254934993369947, "n_waypoints_completed": 9, "tot_waypoints": 9}}
{"target": -181.98857373909402, "params": {"k_pid_pos": [0.5709849705163261, 1.4659998865618524e-05, 0.0], "k_pid_alt": [1.5989549288655898, 0.0, 0.0], "k_pid_att": [25.445890576406118, 2.145664833457357, 0.25277354398823554], "k_pid_yaw": [0.5, 1e-06, 0.1], "k_pid_hsp": [0.08894993354940608, 0.0, 0.0], "k_pid_vsp": [125.25812172737696, 140.22282736752413, 1.0247479240242894]}, "datetime": {"datetime": "2025-08-12 05:41:56", "elapsed": 47795.754239320755, "delta": 17.60075831413269}, "costs": {"total_cost": 181.98857373909402, "time_cost": 72.359, "final_distance_cost": 1.8304733809952425, "oscillation_cost": 20.168602952283777, "completition_cost": 0.0, "overshoot_cost": 51.796313630762874, "power_cost": 14.129601171875, "noise_cost": 21.70458260317714, "n_waypoints_completed": 9, "tot_waypoints": 9}}
{"target": -181.7303154665501, "params": {"k_pid_pos": [0.5273044889561211, 0.0, 0.0], "k_pid_alt": [1.6225721975657261, 0.0, 0.12704111274216534], "k_pid_att": [28.522037581013738, 2.1491516021208876, 0.2961893059970167], "k_pid_yaw": [0.5, 1e-06, 0.1], "k_pid_hsp": [0.09062862589640071, 0.0, 0.0], "k_pid_vsp": [128.32814435431618, 124.49609163734941, 1.0112246054920568]}, "datetime": {"datetime": "2025-08-12 05:42:15", "elapsed": 47814.95852780342, "delta": 19.204288482666016}, "costs": {"total_cost": 181.7303154665501, "time_cost": 72.94, "final_distance_cost": 1.8206675631492593, "oscillation_cost": 19.14660062797647, "completition_cost": 0.0, "overshoot_cost": 51.71518618238192, "power_cost": 14.195370166015625, "noise_cost": 21.912490927026816, "n_waypoints_completed": 9, "tot_waypoints": 9}}
{"target": -182.31188068394036, "params": {"k_pid_pos": [0.5236280324811753, 0.0, 0.0], "k_pid_alt": [1.625622658758741, 0.0, 0.12041570430310222], "k_pid_att": [25.875181762633368, 2.089972784791206, 0.21615433231113856], "k_pid_yaw": [0.5, 1e-06, 0.1], "k_pid_hsp": [0.09217479971229531, 0.0, 0.0], "k_pid_vsp": [130.71136942835446, 101.34518743552503, 1.1725002755730363]}, "datetime": {"datetime": "2025-08-12 05:42:33", "elapsed": 47832.99792122841, "delta": 18.039393424987793}, "costs": {"total_cost": 182.31188068394036, "time_cost": 72.933, "final_distance_cost": 1.8180523660902757, "oscillation_cost": 19.208959184050734, "completition_cost": 0.0, "overshoot_cost": 52.22628293020275, "power_cost": 14.182689221191406, "noise_cost": 21.942896982405184, "n_waypoints_completed": 9, "tot_waypoints": 9}}
{"target": -182.37470422908842, "params": {"k_pid_pos": [0.5259713407659324, 0.0, 0.0], "k_pid_alt": [1.6234874267449808, 0.0, 0.1299722330898471], "k_pid_att": [25.709725532477215, 2.1331084257845045, 0.22447883175384076], "k_pid_yaw": [0.5, 1e-06, 0.1], "k_pid_hsp": [0.09121308902137086, 0.0, 0.0], "k_pid_vsp": [128.37912526399614, 124.52256486750305, 1.018817608140669]}, "datetime": {"datetime": "2025-08-12 05:42:52", "elapsed": 47852.189615249634, "delta": 19.191694021224976}, "costs": {"total_cost": 182.37470422908842, "time_cost": 72.912, "final_distance_cost": 1.8311382968204017, "oscillation_cost": 19.38976744487335, "completition_cost": 0.0, "overshoot_cost": 52.15758009991589, "power_cost": 14.172292224121094, "noise_cost": 21.911926163357702, "n_waypoints_completed": 9, "tot_waypoints": 9}}
{"target": -182.51041691690818, "params": {"k_pid_pos": [0.5269264599426884, 0.0, 0.0], "k_pid_alt": [1.6038414420372757, 0.0, 0.13836618387077826], "k_pid_att": [26.694701775471465, 2.253373433657325, 0.2148688102789251], "k_pid_yaw": [0.5, 1e-06, 0.1], "k_pid_hsp": [0.09269107127954819, 0.0, 0.0], "k_pid_vsp": [126.91429099495772, 127.85152681094603, 0.980246742330924]}, "datetime": {"datetime": "2025-08-12 05:43:11", "elapsed": 47870.97103905678, "delta": 18.781423807144165}, "costs": {"total_cost": 182.51041691690818, "time_cost": 72.891, "final_distance_cost": 1.815281602384224, "oscillation_cost": 19.66858916985393, "completition_cost": 0.0, "overshoot_cost": 52.017138254972544, "power_cost": 14.207376904296876, "noise_cost": 21.911030985400625, "n_waypoints_completed": 9, "tot_waypoints": 9}}
{"target": -181.70651080258483, "params": {"k_pid_pos": [0.5260228837672656, 0.0, 0.0], "k_pid_alt": [1.6250007476495463, 0.0, 0.12897005395435243], "k_pid_att": [25.20269440328599, 2.1221994267624478, 0.2401223414892024], "k_pid_yaw": [0.5, 1e-06, 0.1], "k_pid_hsp": [0.09075048155513116, 0.0, 0.0], "k_pid_vsp": [130.91299877818903, 123.26819107620446, 1.1544889950957447]}, "datetime": {"datetime": "2025-08-12 05:43:31", "elapsed": 47890.86586976051, "delta": 19.89483070373535}, "costs": {"total_cost": 181.70651080258483, "time_cost": 72.94, "final_distance_cost": 1.8273392834350801, "oscillation_cost": 19.11231837651778, "completition_cost": 0.0, "overshoot_cost": 51.71379429194678, "power_cost": 14.19491025390625, "noise_cost": 21.91814859677895, "n_waypoints_completed": 9, "tot_waypoints": 9}}
{"target": -182.15450996297307, "params": {"k_pid_pos": [0.5306372534887849, 0.0, 0.0], "k_pid_alt": [1.6193034814492746, 0.0, 0.1115103713523288], "k_pid_att": [25.94557311437204, 2.1537846573893966, 0.2236615648175307], "k_pid_yaw": [0.5, 1e-06, 0.1], "k_pid_hsp": [0.08964426830875055, 0.0, 0.0], "k_pid_vsp": [128.73986075119217, 122.59870655984416, 7.657526386888808]}, "datetime": {"datetime": "2025-08-12 05:43:49", "elapsed": 47909.187261104584, "delta": 18.321391344070435}, "costs": {"total_cost": 182.15450996297307, "time_cost": 72.912, "final_distance_cost": 1.8097522347832822, "oscillation_cost": 19.302139070488586, "completition_cost": 0.0, "overshoot_cost": 52.06602155995372, "power_cost": 14.16830252685547, "noise_cost": 21.896294570891982, "n_waypoints_completed": 9, "tot_waypoints": 9}}
{"target": -182.25146465691407, "params": {"k_pid_pos": [0.5258808678468687, 0.0, 0.0], "k_pid_alt": [1.6180442465342308, 0.0, 0.06735715578262468], "k_pid_att": [26.063390196903477, 2.071541254578166, 0.2099814481593911], "k_pid_yaw": [0.5, 1e-06, 0.1], "k_pid_hsp": [0.09117304931917256, 0.0, 0.0], "k_pid_vsp": [128.361780088982, 136.07694372913687, 1.52238670369436]}, "datetime": {"datetime": "2025-08-12 05:44:09", "elapsed": 47929.13462686539, "delta": 19.947365760803223}, "costs": {"total_cost": 182.25146465691407, "time_cost": 72.87, "final_distance_cost": 1.8111463919062658, "oscillation_cost": 19.469358189674576, "completition_cost": 0.0, "overshoot_cost": 51.96840780933276, "power_cost": 14.17947987060547, "noise_cost": 21.953072395394997, "n_waypoints_completed": 9, "tot_waypoints": 9}}
{"target": -182.6215350681311, "params": {"k_pid_pos": [0.5824346606991982, 0.0031878381769855518, 0.00033248936022758354], "k_pid_alt": [1.581653919762252, 0.0, 0.11602124692093693], "k_pid_att": [25.424009170270086, 2.2121685601062526, 0.16961342068902607], "k_pid_yaw": [0.5, 1e-06, 0.1], "k_pid_hsp": [0.098193719609023, 0.0, 0.0], "k_pid_vsp": [128.38685431205218, 136.73843360765565, 1.241532860434473]}, "datetime": {"datetime": "2025-08-12 05:44:27", "elapsed": 47946.988993644714, "delta": 17.854366779327393}, "costs": {"total_cost": 182.6215350681311, "time_cost": 72.002, "final_distance_cost": 1.8105121317134676, "oscillation_cost": 21.34458282024154, "completition_cost": 0.0, "overshoot_cost": 51.67996973686605, "power_cost": 14.147845751953126, "noise_cost": 21.636624627356912, "n_waypoints_completed": 9, "tot_waypoints": 9}}
{"target": -182.1427601295352, "params": {"k_pid_pos": [0.5198140557169152, 0.0, 0.0], "k_pid_alt": [1.624462103556957, 0.0, 0.14844156044779686], "k_pid_att": [26.254763418466467, 2.11249901661963, 0.27910123832367095], "k_pid_yaw": [0.5, 1e-06, 0.1], "k_pid_hsp": [0.09087034568570924, 0.0, 0.0], "k_pid_vsp": [128.63915181804086, 130.44102632454366, 1.0698910283680938]}, "datetime": {"datetime": "2025-08-12 05:44:46", "elapsed": 47966.31739974022, "delta": 19.32840609550476}, "costs": {"total_cost": 182.1427601295352, "time_cost": 73.066, "final_distance_cost": 1.8166139675060982, "oscillation_cost": 19.10255055013284, "completition_cost": 0.0, "overshoot_cost": 51.97620377364448, "power_cost": 14.20250633544922, "noise_cost": 21.978885502802566, "n_waypoints_completed": 9, "tot_waypoints": 9}}
{"target": -181.8372551038938, "params": {"k_pid_pos": [0.526135956192214, 0.0, 0.0], "k_pid_alt": [1.610584275685635, 0.0, 0.12876196149659616], "k_pid_att": [25.507555622389, 2.1264155441681005, 0.2882203694243591], "k_pid_yaw": [0.5, 1e-06, 0.1], "k_pid_hsp": [0.09119293916040434, 0.0, 0.0], "k_pid_vsp": [128.3536298708886, 124.99959005003035, 1.041165927114252]}, "datetime": {"datetime": "2025-08-12 05:45:05", "elapsed": 47984.41511678696, "delta": 18.09771704673767}, "costs": {"total_cost": 181.8372551038938, "time_cost": 72.933, "final_distance_cost": 1.837417840881682, "oscillation_cost": 19.277542573104892, "completition_cost": 0.0, "overshoot_cost": 51.67133179632414, "power_cost": 14.193013171386719, "noise_cost": 21.92494972219634, "n_waypoints_completed": 9, "tot_waypoints": 9}}
{"target": -182.40359467133655, "params": {"k_pid_pos": [0.5232794806957726, 0.0, 0.0], "k_pid_alt": [1.6365971923437213, 0.0, 0.1355175042936299], "k_pid_att": [23.677939231040146, 2.125077761253844, 0.2569460824360383], "k_pid_yaw": [0.5, 1e-06, 0.1], "k_pid_hsp": [0.09070718651575616, 0.0, 0.0], "k_pid_vsp": [128.99935850847388, 172.95355873788202, 1.1133305847849317]}, "datetime": {"datetime": "2025-08-12 05:45:24", "elapsed": 48003.65082859993, "delta": 19.235711812973022}, "costs": {"total_cost": 182.40359467133655, "time_cost": 72.996, "final_distance_cost": 1.810909481672625, "oscillation_cost": 19.200059236034264, "completition_cost": 0.0, "overshoot_cost": 52.045373380049995, "power_cost": 14.311542517089844, "noise_cost": 22.039710056489827, "n_waypoints_completed": 9, "tot_waypoints": 9}}
{"target": -182.19936520440214, "params": {"k_pid_pos": [0.5254592378100555, 0.0, 0.0], "k_pid_alt": [1.6290404133065617, 0.0, 0.1113409906466836], "k_pid_att": [25.65456899249135, 2.1280324766866587, 0.22268650068845566], "k_pid_yaw": [0.5, 1e-06, 0.1], "k_pid_hsp": [0.09060375641057905, 0.0, 0.0], "k_pid_vsp": [128.3842177161316, 126.05470458810366, 0.9730272908739674]}, "datetime": {"datetime": "2025-08-12 05:45:42", "elapsed": 48021.5202589035, "delta": 17.86943030357361}, "costs": {"total_cost": 182.19936520440214, "time_cost": 72.926, "final_distance_cost": 1.8189431384045154, "oscillation_cost": 19.078601294453026, "completition_cost": 0.0, "overshoot_cost": 52.224523557408794, "power_cost": 14.229127978515626, "noise_cost": 21.922169235620178, "n_waypoints_completed": 9, "tot_waypoints": 9}}
{"target": -182.32022178014677, "params": {"k_pid_pos": [0.5264149395812918, 0.0, 0.0], "k_pid_alt": [1.6286524627065182, 0.0, 0.09162482656546009], "k_pid_att": [25.155472391475215, 2.130476316874388, 0.2396573537778034], "k_pid_yaw": [0.5, 1e-06, 0.1], "k_pid_hsp": [0.09195374637889768, 0.0, 0.0], "k_pid_vsp": [128.36752920331548, 126.45018839968539, 1.419905184325912]}, "datetime": {"datetime": "2025-08-12 05:46:02", "elapsed": 48041.400981903076, "delta": 19.880722999572754}, "costs": {"total_cost": 182.32022178014677, "time_cost": 72.856, "final_distance_cost": 1.8217382312541106, "oscillation_cost": 19.587677598202113, "completition_cost": 0.0, "overshoot_cost": 51.936466298759164, "power_cost": 14.163097680664062, "noise_cost": 21.955241971267313, "n_waypoints_completed": 9, "tot_waypoints": 9}}
{"target": -182.23535397723666, "params": {"k_pid_pos": [0.5265335464209187, 0.0, 0.0], "k_pid_alt": [1.6274831682961415, 0.0, 0.1237763615156776], "k_pid_att": [25.452058154588155, 2.1238279512913425, 0.24424822668387058], "k_pid_yaw": [0.5, 1e-06, 0.1], "k_pid_hsp": [0.0900989882077747, 0.0, 0.0], "k_pid_vsp": [128.4802925690916, 140.4953940520952, 0.6726332710579804]}, "datetime": {"datetime": "2025-08-12 05:46:20", "elapsed": 48060.08659386635, "delta": 18.685611963272095}, "costs": {"total_cost": 182.23535397723666, "time_cost": 72.947, "final_distance_cost": 1.8232447630163309, "oscillation_cost": 19.11798549915281, "completition_cost": 0.0, "overshoot_cost": 52.14270772675593, "power_cost": 14.30104969482422, "noise_cost": 21.903366293487345, "n_waypoints_completed": 9, "tot_waypoints": 9}}
{"target": -182.33471419378282, "params": {"k_pid_pos": [0.5616651581900605, 0.0, 0.0], "k_pid_alt": [1.6160607763466848, 0.0, 0.12833211207326048], "k_pid_att": [25.41773893519286, 2.1396208727856854, 0.261978852757104], "k_pid_yaw": [0.5, 1e-06, 0.1], "k_pid_hsp": [0.09454031047986042, 0.0, 0.0], "k_pid_vsp": [142.0977162600734, 126.11256463364472, 0.929651755254548]}, "datetime": {"datetime": "2025-08-12 05:46:40", "elapsed": 48079.90125441551, "delta": 19.81466054916382}, "costs": {"total_cost": 182.33471419378282, "time_cost": 72.345, "final_distance_cost": 1.8322068683707597, "oscillation_cost": 20.28735995973237, "completition_cost": 0.0, "overshoot_cost": 51.88221789430532, "power_cost": 14.213562951660156, "noise_cost": 21.774366519714228, "n_waypoints_completed": 9, "tot_waypoints": 9}}
{"target": -181.89896725563213, "params": {"k_pid_pos": [0.52680253570132, 0.0, 0.0], "k_pid_alt": [1.6168631876385868, 0.0, 0.1240334730603166], "k_pid_att": [25.621647293480144, 2.1319573438141584, 0.2715916426023982], "k_pid_yaw": [0.5, 1e-06, 0.1], "k_pid_hsp": [0.09038818642365562, 0.0, 0.0], "k_pid_vsp": [129.4685823937307, 125.78013732255039, 1.0472337883221245]}, "datetime": {"datetime": "2025-08-12 05:46:58", "elapsed": 48098.00837087631, "delta": 18.10711646080017}, "costs": {"total_cost": 181.89896725563213, "time_cost": 72.961, "final_distance_cost": 1.8227710246084388, "oscillation_cost": 19.21373783370419, "completition_cost": 0.0, "overshoot_cost": 51.801285750319124, "power_cost": 14.199406250000001, "noise_cost": 21.90076639700037, "n_waypoints_completed": 9, "tot_waypoints": 9}}
{"target": -181.742781420032, "params": {"k_pid_pos": [0.5254769026235715, 0.0, 0.0], "k_pid_alt": [1.6302411657731353, 0.0, 0.11767487630642856], "k_pid_att": [25.649597417619038, 2.128644960956198, 0.27680695300147135], "k_pid_yaw": [0.5, 1e-06, 0.1], "k_pid_hsp": [0.09084182703692992, 0.0, 0.0], "k_pid_vsp": [128.04528279045263, 125.25500908353514, 1.3014095005139563]}, "datetime": {"datetime": "2025-08-12 05:47:17", "elapsed": 48117.31540894508, "delta": 19.307038068771362}, "costs": {"total_cost": 181.742781420032, "time_cost": 72.933, "final_distance_cost": 1.8291411698790536, "oscillation_cost": 19.152615372519783, "completition_cost": 0.0, "overshoot_cost": 51.69933879967244, "power_cost": 14.201103759765626, "noise_cost": 21.927582318195103, "n_waypoints_completed": 9, "tot_waypoints": 9}}
{"target": -181.80380811991705, "params": {"k_pid_pos": [0.5266770991193388, 0.0, 0.0], "k_pid_alt": [1.631283396869989, 0.0, 0.1326239119783595], "k_pid_att": [25.84623307901493, 2.133034111814324, 0.2728718787373057], "k_pid_yaw": [0.5, 1e-06, 0.1], "k_pid_hsp": [0.09042456624543345, 0.0, 0.0], "k_pid_vsp": [128.5829289796219, 123.17504807865679, 0.4247414556391807]}, "datetime": {"datetime": "2025-08-12 05:47:36", "elapsed": 48136.165296554565, "delta": 18.84988760948181}, "costs": {"total_cost": 181.80380811991705, "time_cost": 72.95400000000001, "final_distance_cost": 1.8173986047444537, "oscillation_cost": 19.134391025189633, "completition_cost": 0.0, "overshoot_cost": 51.78534145335576, "power_cost": 14.205855529785158, "noise_cost": 21.90682150684203, "n_waypoints_completed": 9, "tot_waypoints": 9}}
{"target": -182.18240821381642, "params": {"k_pid_pos": [0.5702491302427836, 0.0, 0.0], "k_pid_alt": [1.6108656192656594, 0.0, 0.11486012673857346], "k_pid_att": [26.047093066381695, 2.374424876649571, 0.21647372810727067], "k_pid_yaw": [0.5, 1e-06, 0.1], "k_pid_hsp": [0.09073301923496613, 0.0, 0.0], "k_pid_vsp": [130.89932567763722, 122.66745795244759, 0.9915656691874678]}, "datetime": {"datetime": "2025-08-12 05:47:57", "elapsed": 48156.57502746582, "delta": 20.409730911254883}, "costs": {"total_cost": 182.18240821381642, "time_cost": 72.38, "final_distance_cost": 1.8225094176240069, "oscillation_cost": 20.297249918035966, "completition_cost": 0.0, "overshoot_cost": 51.813725740789295, "power_cost": 14.135809350585939, "noise_cost": 21.733113786781225, "n_waypoints_completed": 9, "tot_waypoints": 9}}
{"target": -182.62430979909013, "params": {"k_pid_pos": [0.5481825683098671, 0.0, 0.0], "k_pid_alt": [1.6288972182944543, 0.0, 0.1518658825031772], "k_pid_att": [22.15273059550064, 2.137362620456136, 0.20997918442048244], "k_pid_yaw": [0.5, 1e-06, 0.1], "k_pid_hsp": [0.09222756253112452, 0.0, 0.0], "k_pid_vsp": [164.61206749322767, 126.84246088050762, 0.8897244091463563]}, "datetime": {"datetime": "2025-08-12 05:48:17", "elapsed": 48176.83982491493, "delta": 20.26479744911194}, "costs": {"total_cost": 182.62430979909013, "time_cost": 72.625, "final_distance_cost": 1.810242360541328, "oscillation_cost": 20.024301403060964, "completition_cost": 0.0, "overshoot_cost": 52.03506289527172, "power_cost": 14.184785925292969, "noise_cost": 21.944917214923144, "n_waypoints_completed": 9, "tot_waypoints": 9}}
{"target": -182.47091424599415, "params": {"k_pid_pos": [0.5344216517478901, 0.0, 0.0], "k_pid_alt": [1.6321535197290256, 0.0, 0.12684403917220227], "k_pid_att": [25.51399957159396, 2.1226522357992557, 0.27991450317970057], "k_pid_yaw": [0.5, 1e-06, 0.1], "k_pid_hsp": [0.09079919080233921, 0.0, 0.0], "k_pid_vsp": [128.11054029049566, 121.92181506585491, 3.0655386338482282]}, "datetime": {"datetime": "2025-08-12 05:48:36", "elapsed": 48195.97091436386, "delta": 19.131089448928833}, "costs": {"total_cost": 182.47091424599415, "time_cost": 72.828, "final_distance_cost": 1.8141113246252223, "oscillation_cost": 19.56179824567244, "completition_cost": 0.0, "overshoot_cost": 52.0339105546112, "power_cost": 14.233977697753907, "noise_cost": 21.999116423331365, "n_waypoints_completed": 9, "tot_waypoints": 9}}
{"target": -182.73930740515175, "params": {"k_pid_pos": [0.5834371657877576, 0.0, 0.0], "k_pid_alt": [1.6203600871998405, 0.0, 0.12132793001564404], "k_pid_att": [24.141689997346194, 3.2053517254139225, 0.22717630144591733], "k_pid_yaw": [0.5, 1e-06, 0.1], "k_pid_hsp": [0.09201913128382279, 0.0, 0.0], "k_pid_vsp": [128.54569518633426, 124.82229589962733, 1.5542111818955786]}, "datetime": {"datetime": "2025-08-12 05:48:56", "elapsed": 48216.29738378525, "delta": 20.32646942138672}, "costs": {"total_cost": 182.73930740515175, "time_cost": 72.17, "final_distance_cost": 1.8282780221489843, "oscillation_cost": 20.87020033631702, "completition_cost": 0.0, "overshoot_cost": 52.02663062162431, "power_cost": 14.162944165039063, "noise_cost": 21.681254260022413, "n_waypoints_completed": 9, "tot_waypoints": 9}}
{"target": -181.99270384622838, "params": {"k_pid_pos": [0.5266539664249498, 0.0, 0.0], "k_pid_alt": [1.627262972765772, 0.0, 0.12029529284527715], "k_pid_att": [25.399055140372397, 2.13203068833138, 0.2660560454664558], "k_pid_yaw": [0.5, 1e-06, 0.1], "k_pid_hsp": [0.09073691844674855, 0.0, 0.0], "k_pid_vsp": [128.09690158727494, 123.98569793706446, 1.0988739602480455]}, "datetime": {"datetime": "2025-08-12 05:49:15", "elapsed": 48234.392189502716, "delta": 18.09480571746826}, "costs": {"total_cost": 181.99270384622838, "time_cost": 72.933, "final_distance_cost": 1.8226540641854323, "oscillation_cost": 19.21237082119903, "completition_cost": 0.0, "overshoot_cost": 51.87475756689861, "power_cost": 14.228382348632813, "noise_cost": 21.921539045312496, "n_waypoints_completed": 9, "tot_waypoints": 9}}
