{"target": -182.40646885843458, "params": {"k_pid_pos": [0.5259662720230132, 0.0, 0.0], "k_pid_alt": [1.6111073115785188, 0.0, 0.11547118352750174], "k_pid_att": [25.68359008395084, 2.1214622602945874, 0.2111899720754599], "k_pid_yaw": [0.5, 1e-06, 0.1], "k_pid_hsp": [0.0910497908053393, 0.0, 0.0], "k_pid_vsp": [129.12058377694729, 126.16595137095989, 0.3000657561353747]}, "datetime": {"datetime": "2025-08-12 06:06:49", "elapsed": 49288.858258485794, "delta": 19.837424993515015}, "costs": {"total_cost": 182.40646885843458, "time_cost": 72.919, "final_distance_cost": 1.8245866866004647, "oscillation_cost": 19.390825150173423, "completition_cost": 0.0, "overshoot_cost": 52.17885844748594, "power_cost": 14.18747060546875, "noise_cost": 21.905727968705996, "n_waypoints_completed": 9, "tot_waypoints": 9}}
{"target": -182.58190522510137, "params": {"k_pid_pos": [0.5602891297769138, 0.0, 0.0], "k_pid_alt": [1.6368851247344935, 0.0, 0.12217486299583652], "k_pid_att": [23.85451061007799, 2.4807816979752126, 0.25534182491085744], "k_pid_yaw": [0.5, 1e-06, 0.1], "k_pid_hsp": [0.09321930548357449, 0.0, 0.0], "k_pid_vsp": [133.0031062691344, 115.21994007990995, 1.4493071104369937]}, "datetime": {"datetime": "2025-08-12 06:07:07", "elapsed": 49306.807745695114, "delta": 17.94948720932007}, "costs": {"total_cost": 182.58190522510137, "time_cost": 72.387, "final_distance_cost": 1.817458111288345, "oscillation_cost": 20.435865837259648, "completition_cost": 0.0, "overshoot_cost": 51.99187899836432, "power_cost": 14.207348071289063, "noise_cost": 21.742354206899993, "n_waypoints_completed": 9, "tot_waypoints": 9}}
{"target": -182.32073518978265, "params": {"k_pid_pos": [0.5408745418808117, 0.0, 0.0], "k_pid_alt": [1.6410800746312955, 0.0, 0.14259816729814087], "k_pid_att": [27.17253440521582, 2.0982673350479275, 0.23142041156418552], "k_pid_yaw": [0.5, 1e-06, 0.1], "k_pid_hsp": [0.09673412526618452, 0.0, 0.0], "k_pid_vsp": [135.15720473224243, 125.69333771522693, 1.3478758632311716]}, "datetime": {"datetime": "2025-08-12 06:07:27", "elapsed": 49326.70323562622, "delta": 19.895489931106567}, "costs": {"total_cost": 182.32073518978265, "time_cost": 72.555, "final_distance_cost": 1.8254446022638495, "oscillation_cost": 20.13375740818066, "completition_cost": 0.0, "overshoot_cost": 51.70469043609199, "power_cost": 14.256335327148438, "noise_cost": 21.845507416097718, "n_waypoints_completed": 9, "tot_waypoints": 9}}
{"target": -182.37251481991368, "params": {"k_pid_pos": [0.5210357055357914, 0.0, 0.0], "k_pid_alt": [1.6150480237946185, 0.0, 0.12709664462616485], "k_pid_att": [24.70847930288774, 2.1291205468804617, 0.2130028268544627], "k_pid_yaw": [0.5, 1e-06, 0.1], "k_pid_hsp": [0.09166986740957013, 0.0, 0.0], "k_pid_vsp": [128.21544726641562, 118.64329555582668, 1.4773293059119483]}, "datetime": {"datetime": "2025-08-12 06:07:45", "elapsed": 49345.28023195267, "delta": 18.576996326446533}, "costs": {"total_cost": 182.37251481991368, "time_cost": 72.996, "final_distance_cost": 1.8267180670736844, "oscillation_cost": 19.20701116610961, "completition_cost": 0.0, "overshoot_cost": 52.00863302315014, "power_cost": 14.2436673828125, "noise_cost": 22.09048518076775, "n_waypoints_completed": 9, "tot_waypoints": 9}}
