{"target": -189.27260313637538, "params": {"k_pid_pos": [0.9590747110477291, 0.08504916712744462, 0.0], "k_pid_alt": [1.792178816036877, 0.04339789793483546, 0.3321787927112504], "k_pid_att": [9.253832492014693, 0.19032565456573813, 0.12074482231151762], "k_pid_yaw": [0.5, 1e-06, 0.1], "k_pid_hsp": [0.2127366013865578, 0.0, 0.0], "k_pid_vsp": [297.36094735059953, 31.005069464703958, 1e-06]}, "datetime": {"datetime": "2025-08-11 17:56:40", "elapsed": 5479.95220208168, "delta": 18.38056206703186}, "costs": {"total_cost": 189.27260313637538, "time_cost": 70.889, "final_distance_cost": 1.8117771578807165, "oscillation_cost": 28.74787072119016, "completition_cost": 0.0, "overshoot_cost": 52.04038854352712, "power_cost": 14.505564672851563, "noise_cost": 21.27800204092584, "n_waypoints_completed": 9, "tot_waypoints": 9}}
{"target": -202.1509394238281, "params": {"k_pid_pos": [1.1189014138387663, 0.268097040041603, 0.0], "k_pid_alt": [1.6010099495430736, 0.0, 0.3579595342605813], "k_pid_att": [39.52408563474476, 2.3570485203009475, 0.0], "k_pid_yaw": [0.5, 1e-06, 0.1], "k_pid_hsp": [1.365408884213095, 0.0, 0.0], "k_pid_vsp": [115.78111351464653, 24.964861510943635, 1e-06]}, "datetime": {"datetime": "2025-08-11 17:56:58", "elapsed": 5498.206325292587, "delta": 18.254123210906982}, "costs": {"total_cost": 202.1509394238281, "time_cost": 73.633, "final_distance_cost": 1.7662074179315725, "oscillation_cost": 37.76235328475793, "completition_cost": 0.0, "overshoot_cost": 51.21832499529023, "power_cost": 15.754615844726564, "noise_cost": 22.016437881121828, "n_waypoints_completed": 9, "tot_waypoints": 9}}
{"target": -4153.849147197986, "params": {"k_pid_pos": [0.9312697933566285, 0.17238488652860903, 0.183339023113481], "k_pid_alt": [1.7016573193138496, 0.0, 0.2600083109033964], "k_pid_att": [0.0, 3.0741614881526758, 0.15519869851855986], "k_pid_yaw": [0.5, 1e-06, 0.1], "k_pid_hsp": [0.30727647727065593, 0.0, 0.0], "k_pid_vsp": [136.94328823869742, 34.48613700035774, 1e-06]}, "datetime": {"datetime": "2025-08-11 17:57:28", "elapsed": 5528.216903209686, "delta": 30.010577917099}, "costs": {"total_cost": 4153.849147197986, "time_cost": 150, "final_distance_cost": 296.621821132703, "oscillation_cost": 1728.504252134408, "completition_cost": 1000.0, "overshoot_cost": 767.4971715945319, "power_cost": 55.16987042236328, "noise_cost": 156.0560319139796, "n_waypoints_completed": 0, "tot_waypoints": 9}}
{"target": -260.44784999449007, "params": {"k_pid_pos": [0.23298241584588697, 0.24857635882584006, 0.0], "k_pid_alt": [1.9847650801026253, 0.0, 0.6917230004812763], "k_pid_att": [5.587605411387472, 3.614076236107814, 0.06668067893835689], "k_pid_yaw": [0.5, 1e-06, 0.1], "k_pid_hsp": [8.397967385560664, 0.0, 0.0], "k_pid_vsp": [81.64393161982615, 1e-06, 2.2019563739456007]}, "datetime": {"datetime": "2025-08-11 17:57:52", "elapsed": 5551.934504032135, "delta": 23.71760082244873}, "costs": {"total_cost": 260.44784999449007, "time_cost": 93.57600000000001, "final_distance_cost": 1.830664962435884, "oscillation_cost": 64.0570330612231, "completition_cost": 0.0, "overshoot_cost": 54.323412689195436, "power_cost": 18.063984228515626, "noise_cost": 28.59675505312001, "n_waypoints_completed": 9, "tot_waypoints": 9}}
{"target": -6463.364819158395, "params": {"k_pid_pos": [1.3359182830406886, 0.169533438760533, 0.0], "k_pid_alt": [1.3851506186736335, 0.0, 0.31899483648611837], "k_pid_att": [0.0, 3.620481602415097, 0.1985919413257288], "k_pid_yaw": [0.5, 1e-06, 0.1], "k_pid_hsp": [0.3363301321829414, 0.0, 0.0], "k_pid_vsp": [138.22601645816434, 44.89020206238712, 1e-06]}, "datetime": {"datetime": "2025-08-11 17:58:23", "elapsed": 5582.414120674133, "delta": 30.47961664199829}, "costs": {"total_cost": 6463.364819158395, "time_cost": 150, "final_distance_cost": 1521.7534378706196, "oscillation_cost": 1606.3630720084939, "completition_cost": 1000.0, "overshoot_cost": 1979.275435764754, "power_cost": 57.375043872070314, "noise_cost": 148.59782964245832, "n_waypoints_completed": 0, "tot_waypoints": 9}}
{"target": -194.43768756764615, "params": {"k_pid_pos": [0.993922527410001, 0.22526658058323976, 0.0], "k_pid_alt": [1.5104237758315233, 0.0, 0.18822032814301157], "k_pid_att": [37.396711399519184, 3.2151861356779388, 0.2115901087250041], "k_pid_yaw": [0.5, 1e-06, 0.1], "k_pid_hsp": [0.3139652238789552, 0.005459481981984642, 0.0], "k_pid_vsp": [200.6166052691512, 43.997459860914205, 0.9059033362923302]}, "datetime": {"datetime": "2025-08-11 17:58:41", "elapsed": 5600.511939048767, "delta": 18.09781837463379}, "costs": {"total_cost": 194.43768756764615, "time_cost": 73.752, "final_distance_cost": 1.78579947466507, "oscillation_cost": 30.35951113760598, "completition_cost": 0.0, "overshoot_cost": 51.05327261117677, "power_cost": 15.410915661621095, "noise_cost": 22.07618868257726, "n_waypoints_completed": 9, "tot_waypoints": 9}}
{"target": -190.7867182026289, "params": {"k_pid_pos": [1.0986349450075312, 0.09993526484909787, 0.0], "k_pid_alt": [1.363956212891242, 0.016150893496116456, 0.671068086469767], "k_pid_att": [9.272481651023215, 0.8640816105530378, 0.19190571434286308], "k_pid_yaw": [0.5, 1e-06, 0.1], "k_pid_hsp": [0.6066397164352451, 0.0, 0.0], "k_pid_vsp": [169.785355493165, 35.80315021998378, 1e-06]}, "datetime": {"datetime": "2025-08-11 17:58:58", "elapsed": 5617.912223815918, "delta": 17.40028476715088}, "costs": {"total_cost": 190.7867182026289, "time_cost": 70.441, "final_distance_cost": 1.8006193660681458, "oscillation_cost": 31.334464659219222, "completition_cost": 0.0, "overshoot_cost": 51.322071426217555, "power_cost": 14.831612561035158, "noise_cost": 21.05695019008879, "n_waypoints_completed": 9, "tot_waypoints": 9}}
{"target": -1248.2787474765448, "params": {"k_pid_pos": [1.2769786628346607, 0.20439913223011985, 0.0], "k_pid_alt": [1.5721811522648022, 0.0, 0.15473062208134702], "k_pid_att": [22.829583184567454, 2.290626185532433, 0.1478447584880303], "k_pid_yaw": [0.5, 1e-06, 0.1], "k_pid_hsp": [0.0001, 0.0, 0.0], "k_pid_vsp": [182.2765145595647, 22.43832901891647, 1e-06]}, "datetime": {"datetime": "2025-08-11 17:59:28", "elapsed": 5648.3568658828735, "delta": 30.444642066955566}, "costs": {"total_cost": 1248.2787474765448, "time_cost": 150, "final_distance_cost": 49.13603511643954, "oscillation_cost": 0.008370887014883126, "completition_cost": 888.8888888888888, "overshoot_cost": 106.11546665505237, "power_cost": 21.01778513183594, "noise_cost": 33.1122007973132, "n_waypoints_completed": 1, "tot_waypoints": 9}}
{"target": -189.7043091550352, "params": {"k_pid_pos": [0.9234622486478921, 0.09485808574541721, 0.0], "k_pid_alt": [1.4955381476329066, 0.03716919237108803, 0.3523779956793879], "k_pid_att": [8.100170830610292, 2.565611434767768, 0.18378649983342338], "k_pid_yaw": [0.5, 1e-06, 0.1], "k_pid_hsp": [0.3356369677507289, 0.0, 0.0], "k_pid_vsp": [237.08122147481689, 32.19769374479197, 1e-06]}, "datetime": {"datetime": "2025-08-11 17:59:46", "elapsed": 5665.850435972214, "delta": 17.49357008934021}, "costs": {"total_cost": 189.7043091550352, "time_cost": 70.56700000000001, "final_distance_cost": 1.8081982562819536, "oscillation_cost": 30.126707018913134, "completition_cost": 0.0, "overshoot_cost": 51.31650802930507, "power_cost": 14.546084521484376, "noise_cost": 21.33981132905066, "n_waypoints_completed": 9, "tot_waypoints": 9}}
{"target": -188.72242020820588, "params": {"k_pid_pos": [0.6773592463816422, 0.11177665616150045, 0.0], "k_pid_alt": [1.3843061697369619, 0.0, 0.09799614132199783], "k_pid_att": [16.589943099142975, 3.232214846892808, 0.23266349849173548], "k_pid_yaw": [0.5, 1e-06, 0.1], "k_pid_hsp": [0.3015902342080444, 0.0, 0.0], "k_pid_vsp": [146.90623175341344, 59.21973052616734, 1e-06]}, "datetime": {"datetime": "2025-08-11 18:00:04", "elapsed": 5684.295695781708, "delta": 18.44525980949402}, "costs": {"total_cost": 188.72242020820588, "time_cost": 72.527, "final_distance_cost": 1.8204864696913754, "oscillation_cost": 26.175554837952813, "completition_cost": 0.0, "overshoot_cost": 51.38662327980992, "power_cost": 14.759550708007813, "noise_cost": 22.053204912743944, "n_waypoints_completed": 9, "tot_waypoints": 9}}
{"target": -195.62346071568874, "params": {"k_pid_pos": [0.44110346934307154, 0.12490325403534679, 0.0], "k_pid_alt": [1.404464580378152, 0.0, 0.1150500344871967], "k_pid_att": [16.96095105049997, 1.4477264123068299, 0.2050858593956347], "k_pid_yaw": [0.5, 1e-06, 0.1], "k_pid_hsp": [0.15896459225428405, 0.0, 0.0], "k_pid_vsp": [307.1771840996508, 9.31816946756373, 1e-06]}, "datetime": {"datetime": "2025-08-11 18:00:24", "elapsed": 5704.106547117233, "delta": 19.810851335525513}, "costs": {"total_cost": 195.62346071568874, "time_cost": 79.583, "final_distance_cost": 1.836370694606874, "oscillation_cost": 21.98704900469603, "completition_cost": 0.0, "overshoot_cost": 52.776638600023084, "power_cost": 15.416689807128908, "noise_cost": 24.023712609233865, "n_waypoints_completed": 9, "tot_waypoints": 9}}
{"target": -208.2572244051976, "params": {"k_pid_pos": [1.0999800391938208, 0.11687062228661889, 0.0], "k_pid_alt": [1.2374766535383845, 0.0, 0.3970941824419967], "k_pid_att": [9.277567479358122, 5.107866503805933, 0.20117194431660143], "k_pid_yaw": [0.5, 1e-06, 0.1], "k_pid_hsp": [6.143426687641744, 0.8491881275796674, 0.0], "k_pid_vsp": [163.60715985680605, 106.89648353226009, 1e-06]}, "datetime": {"datetime": "2025-08-11 18:00:42", "elapsed": 5721.452791213989, "delta": 17.34624409675598}, "costs": {"total_cost": 208.2572244051976, "time_cost": 70.252, "final_distance_cost": 1.8214463688673517, "oscillation_cost": 50.04420165638363, "completition_cost": 0.0, "overshoot_cost": 50.046176330374, "power_cost": 15.307225732421875, "noise_cost": 20.786174317150742, "n_waypoints_completed": 9, "tot_waypoints": 9}}
{"target": -384.23581261803014, "params": {"k_pid_pos": [0.8847565870144011, 0.12334901714313501, 0.0], "k_pid_alt": [1.7424874827012242, 0.0, 0.1873857520091289], "k_pid_att": [14.184383755396349, 3.022174579138909, 0.15669862238690957], "k_pid_yaw": [0.5, 1e-06, 0.1], "k_pid_hsp": [1.0022381331578447, 0.0, 0.12585362289128282], "k_pid_vsp": [188.78613612213874, 69.12850650543325, 1e-06]}, "datetime": {"datetime": "2025-08-11 18:01:02", "elapsed": 5741.9255158901215, "delta": 20.472724676132202}, "costs": {"total_cost": 384.23581261803014, "time_cost": 77.119, "final_distance_cost": 1.7954030165454926, "oscillation_cost": 211.93861361815613, "completition_cost": 0.0, "overshoot_cost": 51.965263803308005, "power_cost": 18.591285668945314, "noise_cost": 22.82624651107522, "n_waypoints_completed": 9, "tot_waypoints": 9}}
{"target": -1232.6807667271958, "params": {"k_pid_pos": [0.7697487998840871, 0.0, 0.0], "k_pid_alt": [2.0, 0.0, 0.4602079860350889], "k_pid_att": [11.698963348125549, 4.51405401142061, 0.20441882190812632], "k_pid_yaw": [0.5, 1e-06, 0.1], "k_pid_hsp": [0.0001, 0.0, 0.0], "k_pid_vsp": [284.9581711010539, 1e-06, 1e-06]}, "datetime": {"datetime": "2025-08-11 18:01:32", "elapsed": 5771.888288974762, "delta": 29.962773084640503}, "costs": {"total_cost": 1232.6807667271958, "time_cost": 150, "final_distance_cost": 46.52345904584787, "oscillation_cost": 0.004346891995849849, "completition_cost": 888.8888888888888, "overshoot_cost": 93.11573654096226, "power_cost": 21.027903173828125, "noise_cost": 33.12043218567274, "n_waypoints_completed": 1, "tot_waypoints": 9}}
{"target": -1197.1266003484272, "params": {"k_pid_pos": [1.250036121752555, 0.0, 0.36867964843877743], "k_pid_alt": [1.3599617598639535, 0.0, 0.5121278455606163], "k_pid_att": [16.168302747399444, 3.1773068315782873, 0.15048267825270667], "k_pid_yaw": [0.5, 1e-06, 0.1], "k_pid_hsp": [0.0001, 0.035701165151389276, 0.0], "k_pid_vsp": [209.48357098286328, 45.14834464785666, 6.282230305255158]}, "datetime": {"datetime": "2025-08-11 18:02:02", "elapsed": 5801.43271946907, "delta": 29.54443049430847}, "costs": {"total_cost": 1197.1266003484272, "time_cost": 150, "final_distance_cost": 94.88800007733633, "oscillation_cost": 23.268621811563115, "completition_cost": 777.7777777777778, "overshoot_cost": 95.70943411673035, "power_cost": 22.076840734863282, "noise_cost": 33.40592583015632, "n_waypoints_completed": 2, "tot_waypoints": 9}}
{"target": -1120.3822978284013, "params": {"k_pid_pos": [0.9247679232650213, 0.2453384497524605, 0.008443266654526375], "k_pid_alt": [1.2791518494501488, 0.0, 0.2741769253886256], "k_pid_att": [0.0, 0.0001, 0.21054710294576118], "k_pid_yaw": [0.5, 1e-06, 0.1], "k_pid_hsp": [3.8994716560950917, 0.0, 0.0], "k_pid_vsp": [180.77655648196938, 29.94582116398395, 1e-06]}, "datetime": {"datetime": "2025-08-11 18:02:31", "elapsed": 5831.21662402153, "delta": 29.783904552459717}, "costs": {"total_cost": 1120.3822978284013, "time_cost": 150, "final_distance_cost": 129.12274331889137, "oscillation_cost": 3.426619962990972, "completition_cost": 555.5555555555555, "overshoot_cost": 228.15153475914397, "power_cost": 21.285520336914065, "noise_cost": 32.84032389490548, "n_waypoints_completed": 4, "tot_waypoints": 9}}
{"target": -9339.34559273587, "params": {"k_pid_pos": [1.7567049795673273, 0.22525413017755475, 0.4087933687419968], "k_pid_alt": [1.4316844073566461, 0.0, 0.0], "k_pid_att": [0.0, 3.0229108163138854, 0.24538134826929325], "k_pid_yaw": [0.5, 1e-06, 0.1], "k_pid_hsp": [0.7627514114530786, 0.0, 0.0], "k_pid_vsp": [204.03375186928423, 39.5061838712479, 1e-06]}, "datetime": {"datetime": "2025-08-11 18:03:02", "elapsed": 5861.751670360565, "delta": 30.535046339035034}, "costs": {"total_cost": 9339.34559273587, "time_cost": 150, "final_distance_cost": 2091.445389612607, "oscillation_cost": 1565.1327916293978, "completition_cost": 1000.0, "overshoot_cost": 4324.0221047781515, "power_cost": 56.5431390991211, "noise_cost": 152.20216761659407, "n_waypoints_completed": 0, "tot_waypoints": 9}}
{"target": -1244.4968527814112, "params": {"k_pid_pos": [0.7466664744672117, 0.2077801610649215, 0.0], "k_pid_alt": [1.0865361200729247, 0.0, 0.4271740102622795], "k_pid_att": [12.74288038798572, 3.0543883333469046, 0.21869318727561957], "k_pid_yaw": [0.5, 1e-06, 0.1], "k_pid_hsp": [0.0001, 0.0, 0.0], "k_pid_vsp": [148.56085552704226, 55.59118320467845, 1.0457263515649158]}, "datetime": {"datetime": "2025-08-11 18:03:32", "elapsed": 5892.2008328437805, "delta": 30.449162483215332}, "costs": {"total_cost": 1244.4968527814112, "time_cost": 150, "final_distance_cost": 48.21288235116724, "oscillation_cost": 0.0046662268641452335, "completition_cost": 888.8888888888888, "overshoot_cost": 103.29045814722141, "power_cost": 20.992992004394534, "noise_cost": 33.10696516287504, "n_waypoints_completed": 1, "tot_waypoints": 9}}
{"target": -187.86941450585942, "params": {"k_pid_pos": [0.9907470462412451, 0.07667953659174355, 0.0], "k_pid_alt": [1.44235920232478, 0.0, 0.4207796409222134], "k_pid_att": [8.346412790446326, 3.0266943835411437, 0.19483506993291838], "k_pid_yaw": [0.5, 1e-06, 0.1], "k_pid_hsp": [0.164771281103003, 0.0, 0.0], "k_pid_vsp": [170.31054949938397, 38.426883540362574, 1e-06]}, "datetime": {"datetime": "2025-08-11 18:03:50", "elapsed": 5909.402108669281, "delta": 17.20127582550049}, "costs": {"total_cost": 187.86941450585942, "time_cost": 70.651, "final_distance_cost": 1.8132399223679296, "oscillation_cost": 28.969512920171322, "completition_cost": 0.0, "overshoot_cost": 50.92283990662391, "power_cost": 14.499750476074219, "noise_cost": 21.013071280622064, "n_waypoints_completed": 9, "tot_waypoints": 9}}
{"target": -408.92087395604676, "params": {"k_pid_pos": [1.1766013879802257, 0.6243435239576538, 0.07588101219617137], "k_pid_alt": [1.5499543342077633, 0.0, 0.4114337623792055], "k_pid_att": [2.5571457665737825, 2.451266948030517, 0.12486257930061678], "k_pid_yaw": [0.5, 1e-06, 0.1], "k_pid_hsp": [0.16041465688542433, 0.21546749985211966, 0.05391377450345719], "k_pid_vsp": [187.07780576134363, 1e-06, 104.68974515665639]}, "datetime": {"datetime": "2025-08-11 18:04:19", "elapsed": 5938.725801944733, "delta": 29.32369327545166}, "costs": {"total_cost": 408.92087395604676, "time_cost": 116.543, "final_distance_cost": 1.7743810432463056, "oscillation_cost": 130.52925243594456, "completition_cost": 0.0, "overshoot_cost": 89.14753826670537, "power_cost": 35.8576244140625, "noise_cost": 35.06907779608801, "n_waypoints_completed": 9, "tot_waypoints": 9}}
{"target": -196.8188242509113, "params": {"k_pid_pos": [0.9122133823264029, 0.10478840092278234, 0.0], "k_pid_alt": [1.5101705670293155, 0.0, 0.28088719948844015], "k_pid_att": [6.396099218829406, 3.0593024014516983, 0.15184886628739155], "k_pid_yaw": [0.5, 1e-06, 0.1], "k_pid_hsp": [1.2008436791917596, 0.0, 0.0], "k_pid_vsp": [221.40457047453876, 39.2589598042302, 16.73055204530656]}, "datetime": {"datetime": "2025-08-11 18:04:37", "elapsed": 5956.791947841644, "delta": 18.06614589691162}, "costs": {"total_cost": 196.8188242509113, "time_cost": 70.959, "final_distance_cost": 1.8385171945949754, "oscillation_cost": 35.85595799456722, "completition_cost": 0.0, "overshoot_cost": 51.0331310482922, "power_cost": 18.536840637207032, "noise_cost": 18.595377376249882, "n_waypoints_completed": 9, "tot_waypoints": 9}}
{"target": -210.5735982073435, "params": {"k_pid_pos": [0.9475087588364628, 0.0, 0.0], "k_pid_alt": [1.459492808396642, 0.130020072879727, 0.3205849615588626], "k_pid_att": [9.06893348422524, 3.2077352195326596, 0.12693747400913324], "k_pid_yaw": [0.5, 1e-06, 0.1], "k_pid_hsp": [0.14829496943849282, 0.015803412852108803, 0.0], "k_pid_vsp": [155.6783689646972, 18.77182118998439, 1e-06]}, "datetime": {"datetime": "2025-08-11 18:04:58", "elapsed": 5977.8321652412415, "delta": 21.040217399597168}, "costs": {"total_cost": 210.5735982073435, "time_cost": 84.889, "final_distance_cost": 1.78426807334647, "oscillation_cost": 30.707995819202416, "completition_cost": 0.0, "overshoot_cost": 52.08761683939844, "power_cost": 16.659169213867187, "noise_cost": 24.445548261529005, "n_waypoints_completed": 9, "tot_waypoints": 9}}
{"target": -1243.571509786334, "params": {"k_pid_pos": [1.0244991401898966, 0.0, 0.0], "k_pid_alt": [1.390383588928454, 0.0, 0.08366437462109777], "k_pid_att": [8.19772049314528, 3.4385385839005562, 0.19032763270492112], "k_pid_yaw": [0.5, 1e-06, 0.1], "k_pid_hsp": [0.0001, 0.0, 0.0], "k_pid_vsp": [152.7741011914696, 38.529490553914066, 1e-06]}, "datetime": {"datetime": "2025-08-11 18:05:28", "elapsed": 6007.953110694885, "delta": 30.1209454536438}, "costs": {"total_cost": 1243.571509786334, "time_cost": 150, "final_distance_cost": 47.80021610858859, "oscillation_cost": 0.005514857588872001, "completition_cost": 888.8888888888888, "overshoot_cost": 102.75882046918728, "power_cost": 21.011565051269532, "noise_cost": 33.10650441081083, "n_waypoints_completed": 1, "tot_waypoints": 9}}
{"target": -198.30420154244808, "params": {"k_pid_pos": [0.6079278137723485, 0.29500620242350384, 0.1035604209891203], "k_pid_alt": [1.5348588407812154, 0.0, 1.0], "k_pid_att": [10.093751036435627, 1.5890768835029148, 0.06046748451093106], "k_pid_yaw": [0.5, 1e-06, 0.1], "k_pid_hsp": [0.2792211990504726, 0.0, 0.0], "k_pid_vsp": [371.1314281892272, 19.93338663464838, 1e-06]}, "datetime": {"datetime": "2025-08-11 18:05:57", "elapsed": 6037.288902759552, "delta": 29.335792064666748}, "costs": {"total_cost": 198.30420154244808, "time_cost": 79.121, "final_distance_cost": 1.824096630834172, "oscillation_cost": 26.47950534345672, "completition_cost": 0.0, "overshoot_cost": 52.07747614493612, "power_cost": 15.699331616210939, "noise_cost": 23.102791807010135, "n_waypoints_completed": 9, "tot_waypoints": 9}}
{"target": -1899.6421220475227, "params": {"k_pid_pos": [1.4741233893600056, 0.18879280621685435, 0.04168566990558356], "k_pid_alt": [1.4513952653478437, 0.0071128253214413645, 0.0], "k_pid_att": [19.237820779810058, 2.948310779821369, 0.3000462860024967], "k_pid_yaw": [0.5, 1e-06, 0.1], "k_pid_hsp": [0.0001, 0.0, 0.36427128319884877], "k_pid_vsp": [400.0, 1e-06, 1e-06]}, "datetime": {"datetime": "2025-08-11 18:06:30", "elapsed": 6069.875621795654, "delta": 32.586719036102295}, "costs": {"total_cost": 1899.6421220475227, "time_cost": 150, "final_distance_cost": 47.208127861952136, "oscillation_cost": 601.3530317031583, "completition_cost": 1000.0, "overshoot_cost": 40.67535412308456, "power_cost": 28.538152368164063, "noise_cost": 31.867455991163755, "n_waypoints_completed": 0, "tot_waypoints": 9}}
{"target": -187.87860607453652, "params": {"k_pid_pos": [1.0727688483647342, 0.04431513748564683, 0.0], "k_pid_alt": [1.5560400412750686, 0.0, 0.3436087089473341], "k_pid_att": [11.98959406464556, 2.3413056446747214, 0.18684271965609636], "k_pid_yaw": [0.5, 1e-06, 0.1], "k_pid_hsp": [0.17881827999376076, 0.008758051743692295, 0.0], "k_pid_vsp": [202.3006025325104, 39.72024223203673, 1e-06]}, "datetime": {"datetime": "2025-08-11 18:06:48", "elapsed": 6087.427550792694, "delta": 17.551928997039795}, "costs": {"total_cost": 187.87860607453652, "time_cost": 69.69200000000001, "final_distance_cost": 1.8129734580129497, "oscillation_cost": 30.510163399080504, "completition_cost": 0.0, "overshoot_cost": 50.64729696350332, "power_cost": 14.468106140136719, "noise_cost": 20.74806611380302, "n_waypoints_completed": 9, "tot_waypoints": 9}}
