{"target": -182.7304581220215, "params": {"k_pid_pos": [0.5275140470105829, 0.0, 0.0], "k_pid_alt": [1.769669428914478, 0.0, 0.13090900460524105], "k_pid_att": [25.79437772825614, 2.223236151639234, 0.20410704925906556], "k_pid_yaw": [0.5, 1e-06, 0.1], "k_pid_hsp": [0.07899696754851561, 0.0, 0.0], "k_pid_vsp": [167.42555416390883, 98.33811791953978, 1.4211459326146787]}, "datetime": {"datetime": "2025-08-11 23:10:40", "elapsed": 24319.531277179718, "delta": 18.697845220565796}, "costs": {"total_cost": 182.7304581220215, "time_cost": 73.626, "final_distance_cost": 1.8017657396813436, "oscillation_cost": 18.306241082276674, "completition_cost": 0.0, "overshoot_cost": 52.61276618261014, "power_cost": 14.187348266601564, "noise_cost": 22.196336850851804, "n_waypoints_completed": 9, "tot_waypoints": 9}}
{"target": -182.50857909321724, "params": {"k_pid_pos": [0.5482503799304679, 0.0, 0.0], "k_pid_alt": [1.5080139106476067, 0.0, 0.10085756752128693], "k_pid_att": [35.76331585926079, 1.957176174225995, 0.18916513678318958], "k_pid_yaw": [0.5, 1e-06, 0.1], "k_pid_hsp": [0.09468402754115036, 0.0, 0.0], "k_pid_vsp": [126.84753693080296, 76.97978980531111, 2.4127592309459036]}, "datetime": {"datetime": "2025-08-11 23:10:58", "elapsed": 24338.30148267746, "delta": 18.7702054977417}, "costs": {"total_cost": 182.50857909321724, "time_cost": 72.625, "final_distance_cost": 1.8133170531699048, "oscillation_cost": 20.131884116654664, "completition_cost": 0.0, "overshoot_cost": 51.72742741235846, "power_cost": 14.212240246582033, "noise_cost": 21.998710264452168, "n_waypoints_completed": 9, "tot_waypoints": 9}}
{"target": -182.46498474065635, "params": {"k_pid_pos": [0.5391389030510035, 0.0, 0.0], "k_pid_alt": [1.619980550052097, 0.0, 0.13328162792456263], "k_pid_att": [25.632416377205793, 2.2112457856003815, 0.20952283497751292], "k_pid_yaw": [0.5, 1e-06, 0.1], "k_pid_hsp": [0.08912525761146628, 0.0, 0.0], "k_pid_vsp": [128.79950485450925, 120.13532784206556, 1.515262738136018]}, "datetime": {"datetime": "2025-08-11 23:11:16", "elapsed": 24356.184006929398, "delta": 17.882524251937866}, "costs": {"total_cost": 182.46498474065635, "time_cost": 72.83500000000001, "final_distance_cost": 1.8166375330925246, "oscillation_cost": 19.570292796534442, "completition_cost": 0.0, "overshoot_cost": 52.034957616798906, "power_cost": 14.229101574707032, "noise_cost": 21.978995219523412, "n_waypoints_completed": 9, "tot_waypoints": 9}}
{"target": -183.4330639728752, "params": {"k_pid_pos": [0.584732947472499, 0.0, 0.0], "k_pid_alt": [1.6020561493045542, 0.0, 0.12355097924994232], "k_pid_att": [28.62954103101187, 2.136728541069366, 0.07984855367577508], "k_pid_yaw": [0.5, 1e-06, 0.1], "k_pid_hsp": [0.10629073521310578, 0.0, 0.0], "k_pid_vsp": [192.81218148485783, 90.4466537060749, 1.158381265478038]}, "datetime": {"datetime": "2025-08-11 23:11:35", "elapsed": 24374.4877948761, "delta": 18.30378794670105}, "costs": {"total_cost": 183.4330639728752, "time_cost": 71.925, "final_distance_cost": 1.814616106814984, "oscillation_cost": 22.111021680860393, "completition_cost": 0.0, "overshoot_cost": 51.57116276053917, "power_cost": 14.206843603515626, "noise_cost": 21.804419821145018, "n_waypoints_completed": 9, "tot_waypoints": 9}}
{"target": -182.22392172027148, "params": {"k_pid_pos": [0.5744367084401454, 0.0, 0.0], "k_pid_alt": [1.636294616890114, 0.0, 0.1868999256225084], "k_pid_att": [23.348026537572807, 2.41966401393318, 0.20918800638429882], "k_pid_yaw": [0.5, 1e-06, 0.1], "k_pid_hsp": [0.0983823593454045, 0.0, 0.0], "k_pid_vsp": [126.25442658582512, 109.3711426004551, 1.7385507912762024]}, "datetime": {"datetime": "2025-08-11 23:11:53", "elapsed": 24392.688061714172, "delta": 18.20026683807373}, "costs": {"total_cost": 182.22392172027148, "time_cost": 72.121, "final_distance_cost": 1.8289926290641734, "oscillation_cost": 20.784447160171048, "completition_cost": 0.0, "overshoot_cost": 51.58688291477447, "power_cost": 14.16303514404297, "noise_cost": 21.73956387221883, "n_waypoints_completed": 9, "tot_waypoints": 9}}
{"target": -184.76549892260013, "params": {"k_pid_pos": [0.9489941838930319, 0.0, 0.002891079717983564], "k_pid_alt": [1.6083202914857402, 0.0, 0.17934473169241144], "k_pid_att": [28.092239761559217, 2.324204015173961, 0.19285316982005907], "k_pid_yaw": [0.5, 1e-06, 0.1], "k_pid_hsp": [0.1797528895654171, 0.0, 0.0], "k_pid_vsp": [121.6844784892997, 120.13681370830459, 6.523031918230842]}, "datetime": {"datetime": "2025-08-11 23:12:10", "elapsed": 24409.815865516663, "delta": 17.127803802490234}, "costs": {"total_cost": 184.76549892260013, "time_cost": 69.342, "final_distance_cost": 1.830764731546042, "oscillation_cost": 27.786837624598412, "completition_cost": 0.0, "overshoot_cost": 50.8210315045357, "power_cost": 14.263276123046875, "noise_cost": 20.72158893887311, "n_waypoints_completed": 9, "tot_waypoints": 9}}
{"target": -184.49508560531936, "params": {"k_pid_pos": [0.9142089880556086, 0.0, 0.004684098402357145], "k_pid_alt": [1.6523828159989513, 0.0, 0.2077358568124889], "k_pid_att": [42.274297508648615, 2.25661421874319, 0.19566229690259818], "k_pid_yaw": [0.5, 1e-06, 0.1], "k_pid_hsp": [0.10448611972198071, 0.0, 0.0], "k_pid_vsp": [137.3862040005394, 82.8599083110761, 0.16521363920464793]}, "datetime": {"datetime": "2025-08-11 23:12:28", "elapsed": 24427.628815174103, "delta": 17.812949657440186}, "costs": {"total_cost": 184.49508560531936, "time_cost": 70.273, "final_distance_cost": 1.8122664204655694, "oscillation_cost": 25.969152168562132, "completition_cost": 0.0, "overshoot_cost": 51.32233942338558, "power_cost": 14.202264147949219, "noise_cost": 20.916063444956848, "n_waypoints_completed": 9, "tot_waypoints": 9}}
{"target": -183.19823199950548, "params": {"k_pid_pos": [0.6776330753825774, 0.0, 0.0], "k_pid_alt": [1.5605179830640017, 0.0, 0.22143022840653417], "k_pid_att": [44.52962077509582, 2.367981209776505, 0.2143958097453311], "k_pid_yaw": [0.5, 1e-06, 0.1], "k_pid_hsp": [0.0966026865695337, 0.0, 0.0], "k_pid_vsp": [95.37670125852655, 129.92955278293206, 1.0207817446519727]}, "datetime": {"datetime": "2025-08-11 23:12:46", "elapsed": 24445.691752672195, "delta": 18.06293749809265}, "costs": {"total_cost": 183.19823199950548, "time_cost": 71.407, "final_distance_cost": 1.8093739045317803, "oscillation_cost": 22.81409291263089, "completition_cost": 0.0, "overshoot_cost": 51.623575964637006, "power_cost": 14.178558898925782, "noise_cost": 21.36563031878001, "n_waypoints_completed": 9, "tot_waypoints": 9}}
{"target": -186.76795623965006, "params": {"k_pid_pos": [0.543139722262887, 0.0, 0.0], "k_pid_alt": [1.6187540406820273, 0.0, 0.05974694741087372], "k_pid_att": [30.63108545630859, 2.1890581161483085, 0.17749988489565713], "k_pid_yaw": [0.5, 1e-06, 0.1], "k_pid_hsp": [0.15617956250975412, 0.0, 0.0], "k_pid_vsp": [122.78314263929013, 69.89754594234913, 1.1482305903499022]}, "datetime": {"datetime": "2025-08-11 23:13:05", "elapsed": 24464.818019628525, "delta": 19.126266956329346}, "costs": {"total_cost": 186.76795623965006, "time_cost": 73.255, "final_distance_cost": 1.8521766953321632, "oscillation_cost": 23.74303796327005, "completition_cost": 0.0, "overshoot_cost": 51.09562919138405, "power_cost": 14.442637414550783, "noise_cost": 22.379474975113013, "n_waypoints_completed": 9, "tot_waypoints": 9}}
{"target": -182.15497692033864, "params": {"k_pid_pos": [0.5288275455231356, 0.0, 0.0], "k_pid_alt": [1.5931836605996177, 0.0, 0.13519810997542148], "k_pid_att": [25.115908630961304, 2.1314724941252683, 0.27002000561243505], "k_pid_yaw": [0.5, 1e-06, 0.1], "k_pid_hsp": [0.09514509406421764, 0.0, 0.0], "k_pid_vsp": [119.19533465958874, 128.846078664884, 1.2593533452620123]}, "datetime": {"datetime": "2025-08-11 23:13:23", "elapsed": 24483.0460896492, "delta": 18.22807002067566}, "costs": {"total_cost": 182.15497692033864, "time_cost": 72.786, "final_distance_cost": 1.828439628132187, "oscillation_cost": 19.62208811248632, "completition_cost": 0.0, "overshoot_cost": 51.82655519768465, "power_cost": 14.241519213867187, "noise_cost": 21.850374768168315, "n_waypoints_completed": 9, "tot_waypoints": 9}}
{"target": -183.58287309229394, "params": {"k_pid_pos": [0.5214107808663273, 0.0, 0.0], "k_pid_alt": [1.5927835511485948, 0.0, 0.13635015938333045], "k_pid_att": [18.399793599588705, 2.6219011852714664, 0.2369246560127641], "k_pid_yaw": [0.5, 1e-06, 0.1], "k_pid_hsp": [0.07425553777644778, 0.0, 0.0], "k_pid_vsp": [125.37301984091884, 62.45785507865844, 2.043318892141811]}, "datetime": {"datetime": "2025-08-11 23:13:42", "elapsed": 24502.179217100143, "delta": 19.133127450942993}, "costs": {"total_cost": 183.58287309229394, "time_cost": 74.389, "final_distance_cost": 1.8238239798368232, "oscillation_cost": 17.71708161505126, "completition_cost": 0.0, "overshoot_cost": 52.66886425655415, "power_cost": 14.406514501953126, "noise_cost": 22.577588738898573, "n_waypoints_completed": 9, "tot_waypoints": 9}}
{"target": -182.3390533442943, "params": {"k_pid_pos": [0.5697702840100336, 0.0, 0.0], "k_pid_alt": [1.650789558481052, 0.0, 0.1549938774399345], "k_pid_att": [25.91806941478626, 2.263185454310964, 0.23313898918407353], "k_pid_yaw": [0.5, 1e-06, 0.1], "k_pid_hsp": [0.09310625250854113, 0.0, 0.0], "k_pid_vsp": [128.9582682110689, 95.81772854475373, 1.4373587120470797]}, "datetime": {"datetime": "2025-08-11 23:14:01", "elapsed": 24520.72739481926, "delta": 18.54817771911621}, "costs": {"total_cost": 182.3390533442943, "time_cost": 72.31700000000001, "final_distance_cost": 1.8330895881638667, "oscillation_cost": 20.22563334020298, "completition_cost": 0.0, "overshoot_cost": 51.90395751384125, "power_cost": 14.237076989746095, "noise_cost": 21.82229591234012, "n_waypoints_completed": 9, "tot_waypoints": 9}}
{"target": -182.73431339220147, "params": {"k_pid_pos": [0.5169146007688583, 0.0, 0.0], "k_pid_alt": [1.6005374963407486, 0.0, 0.05201842698233658], "k_pid_att": [28.466421902301548, 2.080926785581548, 0.20176992810231797], "k_pid_yaw": [0.5, 1e-06, 0.1], "k_pid_hsp": [0.0993881187981519, 0.0, 0.0], "k_pid_vsp": [132.73580761179565, 92.0944772483497, 2.1749192953934346]}, "datetime": {"datetime": "2025-08-11 23:14:19", "elapsed": 24539.104614257812, "delta": 18.377219438552856}, "costs": {"total_cost": 182.73431339220147, "time_cost": 72.87, "final_distance_cost": 1.830664548924788, "oscillation_cost": 20.013336850434545, "completition_cost": 0.0, "overshoot_cost": 51.757946653124094, "power_cost": 14.19773563232422, "noise_cost": 22.064629707393834, "n_waypoints_completed": 9, "tot_waypoints": 9}}
{"target": -183.63910363932953, "params": {"k_pid_pos": [0.5474339398062223, 0.0, 0.0], "k_pid_alt": [1.6066869359638123, 0.0, 0.09612945691299482], "k_pid_att": [26.053087075522566, 2.1786468170787208, 0.26181459288569764], "k_pid_yaw": [0.5, 1e-06, 0.1], "k_pid_hsp": [0.1233150464614608, 0.0, 0.0], "k_pid_vsp": [118.19933803762419, 119.73931526926322, 1.4509129703081673]}, "datetime": {"datetime": "2025-08-11 23:14:38", "elapsed": 24557.53145956993, "delta": 18.42684531211853}, "costs": {"total_cost": 183.63910363932953, "time_cost": 72.373, "final_distance_cost": 1.8382319642526503, "oscillation_cost": 21.9519770228478, "completition_cost": 0.0, "overshoot_cost": 51.32358038620276, "power_cost": 14.270142980957033, "noise_cost": 21.882171285069294, "n_waypoints_completed": 9, "tot_waypoints": 9}}
{"target": -185.60227485228657, "params": {"k_pid_pos": [0.5025314347905144, 0.0031682605569197824, 0.00011099701435271793], "k_pid_alt": [1.7095648280715883, 0.0, 0.15727831482206125], "k_pid_att": [24.678385431529563, 2.249800876284006, 0.2724012469017528], "k_pid_yaw": [0.5, 1e-06, 0.1], "k_pid_hsp": [0.1351236723605585, 0.0, 0.0], "k_pid_vsp": [129.23147536500858, 83.29711774768239, 2.3146919517323234]}, "datetime": {"datetime": "2025-08-11 23:14:56", "elapsed": 24575.78868174553, "delta": 18.257222175598145}, "costs": {"total_cost": 185.60227485228657, "time_cost": 73.668, "final_distance_cost": 1.8445485254007534, "oscillation_cost": 21.974930504139312, "completition_cost": 0.0, "overshoot_cost": 51.23608993875041, "power_cost": 14.437600024414063, "noise_cost": 22.44110585958206, "n_waypoints_completed": 9, "tot_waypoints": 9}}
{"target": -183.1640743382938, "params": {"k_pid_pos": [0.46196941319789553, 0.0, 0.0], "k_pid_alt": [1.5454425672428103, 0.0, 0.10556644156742437], "k_pid_att": [31.13394714203942, 2.171129183572448, 0.1845169396225758], "k_pid_yaw": [0.5, 1e-06, 0.1], "k_pid_hsp": [0.08900149238927346, 0.0, 0.0], "k_pid_vsp": [114.92116409990447, 156.149158238016, 1.0719848147569437]}, "datetime": {"datetime": "2025-08-11 23:15:15", "elapsed": 24594.93084859848, "delta": 19.14216685295105}, "costs": {"total_cost": 183.1640743382938, "time_cost": 74.249, "final_distance_cost": 1.822072785985411, "oscillation_cost": 17.92409164199506, "completition_cost": 0.0, "overshoot_cost": 52.276697936822856, "power_cost": 14.387975610351564, "noise_cost": 22.50423636313893, "n_waypoints_completed": 9, "tot_waypoints": 9}}
{"target": -182.62767254397104, "params": {"k_pid_pos": [0.5340156032373746, 0.0, 0.0], "k_pid_alt": [1.620094724040475, 0.0, 0.11344264110514567], "k_pid_att": [24.146458470468403, 2.1012997139694165, 0.2956567722043678], "k_pid_yaw": [0.5, 1e-06, 0.1], "k_pid_hsp": [0.09516533498774124, 0.0, 0.0], "k_pid_vsp": [113.93463065380195, 138.68898056009863, 1.1949505044812625]}, "datetime": {"datetime": "2025-08-11 23:15:33", "elapsed": 24612.99290251732, "delta": 18.0620539188385}, "costs": {"total_cost": 182.62767254397104, "time_cost": 72.667, "final_distance_cost": 1.8323971609381235, "oscillation_cost": 20.044344531269367, "completition_cost": 0.0, "overshoot_cost": 51.90802442883003, "power_cost": 14.27163153076172, "noise_cost": 21.9042748921718, "n_waypoints_completed": 9, "tot_waypoints": 9}}
{"target": -182.31009788035715, "params": {"k_pid_pos": [0.5919285295961001, 0.0, 0.0], "k_pid_alt": [1.582901013283417, 0.0, 0.1179267607374645], "k_pid_att": [28.98879476120663, 2.3432085289467195, 0.2941102784001315], "k_pid_yaw": [0.5, 1e-06, 0.1], "k_pid_hsp": [0.10195517172151194, 0.0, 0.0], "k_pid_vsp": [117.66091752024823, 68.775532972007, 0.4894403925009939]}, "datetime": {"datetime": "2025-08-11 23:15:51", "elapsed": 24631.350677251816, "delta": 18.35777473449707}, "costs": {"total_cost": 182.31009788035715, "time_cost": 71.89, "final_distance_cost": 1.8228209825193569, "oscillation_cost": 21.30466345361359, "completition_cost": 0.0, "overshoot_cost": 51.48418263540926, "power_cost": 14.205428613281251, "noise_cost": 21.603002195533694, "n_waypoints_completed": 9, "tot_waypoints": 9}}
{"target": -182.19025834027119, "params": {"k_pid_pos": [0.5302579148582731, 0.0, 0.0], "k_pid_alt": [1.5697512817334303, 0.0, 0.11820778654727232], "k_pid_att": [25.773592618732902, 2.1058094261061986, 0.26313369022692684], "k_pid_yaw": [0.5, 1e-06, 0.1], "k_pid_hsp": [0.09553363536560139, 0.0, 0.0], "k_pid_vsp": [119.73269707438618, 104.10055716135108, 2.0236124594123073]}, "datetime": {"datetime": "2025-08-11 23:16:10", "elapsed": 24650.25642299652, "delta": 18.9057457447052}, "costs": {"total_cost": 182.19025834027119, "time_cost": 72.765, "final_distance_cost": 1.8248726722732473, "oscillation_cost": 19.62574956893474, "completition_cost": 0.0, "overshoot_cost": 51.88519865688873, "power_cost": 14.211660168457032, "noise_cost": 21.877777273717438, "n_waypoints_completed": 9, "tot_waypoints": 9}}
{"target": -186.19712683767875, "params": {"k_pid_pos": [0.5966694953261859, 0.0, 0.0], "k_pid_alt": [1.6625224676122055, 0.0, 0.11234890295706232], "k_pid_att": [24.267924075338335, 2.06962228182789, 0.2754544463546647], "k_pid_yaw": [0.5, 1e-06, 0.1], "k_pid_hsp": [0.06765274504133317, 0.0, 0.0], "k_pid_vsp": [116.23646353463566, 102.71742362617148, 1.8618433869340958]}, "datetime": {"datetime": "2025-08-11 23:16:29", "elapsed": 24668.945029497147, "delta": 18.68860650062561}, "costs": {"total_cost": 186.19712683767875, "time_cost": 75.04, "final_distance_cost": 1.8098935041766082, "oscillation_cost": 18.568135001307596, "completition_cost": 0.0, "overshoot_cost": 53.65635038387694, "power_cost": 14.532654406738281, "noise_cost": 22.590093541579293, "n_waypoints_completed": 9, "tot_waypoints": 9}}
{"target": -184.29210694943487, "params": {"k_pid_pos": [0.5266041168312978, 0.0, 0.0], "k_pid_alt": [1.574119996275745, 0.0, 0.0889957890841341], "k_pid_att": [26.554527175048765, 2.2434115794600196, 0.2818620258498827], "k_pid_yaw": [0.5, 1e-06, 0.1], "k_pid_hsp": [0.06944095849963748, 0.0, 0.0], "k_pid_vsp": [133.554806774587, 83.61706614122616, 2.4901384195939777]}, "datetime": {"datetime": "2025-08-11 23:16:49", "elapsed": 24688.628556728363, "delta": 19.68352723121643}, "costs": {"total_cost": 184.29210694943487, "time_cost": 75.019, "final_distance_cost": 1.8097673208754785, "oscillation_cost": 17.331263660177417, "completition_cost": 0.0, "overshoot_cost": 53.07823615849247, "power_cost": 14.416227478027345, "noise_cost": 22.63761233186215, "n_waypoints_completed": 9, "tot_waypoints": 9}}
{"target": -185.85404388173038, "params": {"k_pid_pos": [0.6027488301972865, 0.0, 0.0], "k_pid_alt": [1.6685577373516494, 0.0, 0.17319663525858187], "k_pid_att": [22.40203872631449, 1.9261336445182913, 0.2999068103741894], "k_pid_yaw": [0.5, 1e-06, 0.1], "k_pid_hsp": [0.16906004797959662, 0.0, 0.0], "k_pid_vsp": [111.67186122946359, 95.36915041931178, 1.4526400075476402]}, "datetime": {"datetime": "2025-08-11 23:17:07", "elapsed": 24706.873913288116, "delta": 18.245356559753418}, "costs": {"total_cost": 185.85404388173038, "time_cost": 72.191, "final_distance_cost": 1.848441389685472, "oscillation_cost": 24.662969610053583, "completition_cost": 0.0, "overshoot_cost": 50.85574807736383, "power_cost": 14.40164754638672, "noise_cost": 21.894237258240757, "n_waypoints_completed": 9, "tot_waypoints": 9}}
{"target": -183.41395846457362, "params": {"k_pid_pos": [0.47937219368679057, 0.0, 0.0], "k_pid_alt": [1.616601690833372, 0.0, 0.11886595579451842], "k_pid_att": [24.974869609808074, 2.1791504285145598, 0.24478881232322414], "k_pid_yaw": [0.5, 1e-06, 0.1], "k_pid_hsp": [0.09643922929829199, 0.0, 0.0], "k_pid_vsp": [126.64838384240107, 57.32983691330442, 3.4085244112211823]}, "datetime": {"datetime": "2025-08-11 23:17:26", "elapsed": 24725.67917585373, "delta": 18.805262565612793}, "costs": {"total_cost": 183.41395846457362, "time_cost": 73.801, "final_distance_cost": 1.8334752720366214, "oscillation_cost": 18.8120377817973, "completition_cost": 0.0, "overshoot_cost": 52.271692207884016, "power_cost": 14.294598022460939, "noise_cost": 22.40115518039475, "n_waypoints_completed": 9, "tot_waypoints": 9}}
{"target": -183.09734265998463, "params": {"k_pid_pos": [0.49971345896193414, 0.0, 0.0], "k_pid_alt": [1.6695657978813998, 0.0, 0.19154267074421755], "k_pid_att": [26.32021619782464, 2.1591867915800496, 0.2665529481751731], "k_pid_yaw": [0.5, 1e-06, 0.1], "k_pid_hsp": [0.07964867231325802, 0.0, 0.0], "k_pid_vsp": [134.14589539271006, 122.35638292509732, 1.7073708469161426]}, "datetime": {"datetime": "2025-08-11 23:17:45", "elapsed": 24744.97222495079, "delta": 19.293049097061157}, "costs": {"total_cost": 183.09734265998463, "time_cost": 74.06, "final_distance_cost": 1.8096470891346093, "oscillation_cost": 17.756913394961316, "completition_cost": 0.0, "overshoot_cost": 52.7142274750283, "power_cost": 14.382418884277344, "noise_cost": 22.37413581658306, "n_waypoints_completed": 9, "tot_waypoints": 9}}
{"target": -182.4646295136739, "params": {"k_pid_pos": [0.5183687371601642, 0.0, 0.0], "k_pid_alt": [1.5472519734813042, 0.0, 0.13030575881462733], "k_pid_att": [26.039321269536053, 2.0564102343207953, 0.20479341042232682], "k_pid_yaw": [0.5, 1e-06, 0.1], "k_pid_hsp": [0.0951191057379172, 0.0, 0.0], "k_pid_vsp": [128.8723010349143, 133.95400573808595, 3.6886962524457045]}, "datetime": {"datetime": "2025-08-11 23:18:04", "elapsed": 24764.066605329514, "delta": 19.094380378723145}, "costs": {"total_cost": 182.4646295136739, "time_cost": 73.003, "final_distance_cost": 1.826243419611413, "oscillation_cost": 19.32004447475469, "completition_cost": 0.0, "overshoot_cost": 51.97999390843557, "power_cost": 14.270460168457031, "noise_cost": 22.064887542415207, "n_waypoints_completed": 9, "tot_waypoints": 9}}
{"target": -182.93984709727675, "params": {"k_pid_pos": [0.5101264454084633, 0.0, 0.0], "k_pid_alt": [1.6378946791146312, 0.0, 0.09243950974444977], "k_pid_att": [25.483689135481843, 1.8362913691052962, 0.25324340979006515], "k_pid_yaw": [0.5, 1e-06, 0.1], "k_pid_hsp": [0.0973524932883452, 0.0, 0.0], "k_pid_vsp": [127.76635700643452, 77.25608534111373, 3.3404696802625713]}, "datetime": {"datetime": "2025-08-11 23:18:23", "elapsed": 24782.660842180252, "delta": 18.594236850738525}, "costs": {"total_cost": 182.93984709727675, "time_cost": 73.052, "final_distance_cost": 1.8373193439961981, "oscillation_cost": 19.561409431835955, "completition_cost": 0.0, "overshoot_cost": 52.10311138603817, "power_cost": 14.256796911621095, "noise_cost": 22.129210023785337, "n_waypoints_completed": 9, "tot_waypoints": 9}}
{"target": -182.80794421827872, "params": {"k_pid_pos": [0.5440253865112528, 0.0, 0.0], "k_pid_alt": [1.6397020675939138, 0.0, 0.18621815732059754], "k_pid_att": [25.19849957957393, 2.3687969149685504, 0.2509408289385972], "k_pid_yaw": [0.5, 1e-06, 0.1], "k_pid_hsp": [0.09675770173007363, 0.0, 0.0], "k_pid_vsp": [134.72148628368495, 93.58080547100734, 2.8497439681485632]}, "datetime": {"datetime": "2025-08-11 23:18:41", "elapsed": 24800.698401927948, "delta": 18.037559747695923}, "costs": {"total_cost": 182.80794421827872, "time_cost": 72.59, "final_distance_cost": 1.8320518417452796, "oscillation_cost": 20.170869136533724, "completition_cost": 0.0, "overshoot_cost": 52.05323881154367, "power_cost": 14.291984326171876, "noise_cost": 21.86980010228417, "n_waypoints_completed": 9, "tot_waypoints": 9}}
