{"target": -182.4263244673929, "params": {"k_pid_pos": [0.5263370986354895, 0.0, 0.0], "k_pid_alt": [1.6210584224719158, 0.0, 0.11773357196330678], "k_pid_att": [25.37643206911336, 2.1330061156115003, 0.23701925411368877], "k_pid_yaw": [0.5, 1e-06, 0.1], "k_pid_hsp": [0.0913901196270318, 0.0, 0.0], "k_pid_vsp": [130.82899761844354, 127.58215737641252, 2.894665654880858]}, "datetime": {"datetime": "2025-08-12 05:58:07", "elapsed": 48766.85392546654, "delta": 18.4200382232666}, "costs": {"total_cost": 182.4263244673929, "time_cost": 72.919, "final_distance_cost": 1.8235500595013712, "oscillation_cost": 19.45754489173167, "completition_cost": 0.0, "overshoot_cost": 52.16124494348485, "power_cost": 14.16254130859375, "noise_cost": 21.902443264081263, "n_waypoints_completed": 9, "tot_waypoints": 9}}
{"target": -182.5060255825435, "params": {"k_pid_pos": [0.5728150542562044, 0.0, 0.0], "k_pid_alt": [1.6227661792616064, 0.0, 0.1099929341460877], "k_pid_att": [24.766770660731442, 2.2386784844557286, 0.22693477030642167], "k_pid_yaw": [0.5, 1e-06, 0.1], "k_pid_hsp": [0.08995852473655466, 0.0, 0.0], "k_pid_vsp": [129.94409396363523, 126.02404400555105, 2.3363035756699704]}, "datetime": {"datetime": "2025-08-12 05:58:27", "elapsed": 48786.65413856506, "delta": 19.800213098526}, "costs": {"total_cost": 182.5060255825435, "time_cost": 72.373, "final_distance_cost": 1.8197956598624514, "oscillation_cost": 20.30383945168179, "completition_cost": 0.0, "overshoot_cost": 52.170715860057214, "power_cost": 14.114100537109376, "noise_cost": 21.72457407383265, "n_waypoints_completed": 9, "tot_waypoints": 9}}
{"target": -181.83526127923372, "params": {"k_pid_pos": [0.5266751264813254, 0.0, 0.0], "k_pid_alt": [1.6303636060998468, 0.0, 0.12750357228227355], "k_pid_att": [25.29673552040765, 2.131740029117633, 0.2410724298994099], "k_pid_yaw": [0.5, 1e-06, 0.1], "k_pid_hsp": [0.09081230898807427, 0.0, 0.0], "k_pid_vsp": [129.1928425252485, 120.61368703964122, 1.1432142399579084]}, "datetime": {"datetime": "2025-08-12 05:58:45", "elapsed": 48805.14557719231, "delta": 18.491438627243042}, "costs": {"total_cost": 181.83526127923372, "time_cost": 72.933, "final_distance_cost": 1.8106529360683044, "oscillation_cost": 19.2793781192423, "completition_cost": 0.0, "overshoot_cost": 51.69324337598219, "power_cost": 14.194584216308595, "noise_cost": 21.92440263163235, "n_waypoints_completed": 9, "tot_waypoints": 9}}
{"target": -181.8115863792847, "params": {"k_pid_pos": [0.5254263416619996, 0.0, 0.0], "k_pid_alt": [1.6361644046097157, 0.0, 0.1268876292756798], "k_pid_att": [25.27694923772368, 2.1424783624005745, 0.2366628322444188], "k_pid_yaw": [0.5, 1e-06, 0.1], "k_pid_hsp": [0.09041970152338684, 0.0, 0.0], "k_pid_vsp": [128.8681292960316, 130.14820470892676, 1.0919022195756158]}, "datetime": {"datetime": "2025-08-12 05:59:05", "elapsed": 48825.343269109726, "delta": 20.197691917419434}, "costs": {"total_cost": 181.8115863792847, "time_cost": 72.95400000000001, "final_distance_cost": 1.832572101059033, "oscillation_cost": 19.159398179818755, "completition_cost": 0.0, "overshoot_cost": 51.75849802067471, "power_cost": 14.207405322265625, "noise_cost": 21.8997127554666, "n_waypoints_completed": 9, "tot_waypoints": 9}}
{"target": -181.69555810975578, "params": {"k_pid_pos": [0.5260918263475801, 0.0, 0.0], "k_pid_alt": [1.6217017114944865, 0.0, 0.1229315534097733], "k_pid_att": [25.247630531215616, 2.1299913531014933, 0.2439351318817789], "k_pid_yaw": [0.5, 1e-06, 0.1], "k_pid_hsp": [0.09078957579225007, 0.0, 0.0], "k_pid_vsp": [129.25632091345585, 125.579954106754, 1.0491289856979809]}, "datetime": {"datetime": "2025-08-12 05:59:24", "elapsed": 48843.79297852516, "delta": 18.44970941543579}, "costs": {"total_cost": 181.69555810975578, "time_cost": 72.933, "final_distance_cost": 1.8217025258156208, "oscillation_cost": 19.149890307537394, "completition_cost": 0.0, "overshoot_cost": 51.68024593169098, "power_cost": 14.195145056152345, "noise_cost": 21.915574288559437, "n_waypoints_completed": 9, "tot_waypoints": 9}}
{"target": -182.60829980104305, "params": {"k_pid_pos": [0.5297346969849493, 0.0, 0.0], "k_pid_alt": [1.6459446532722946, 0.0, 0.12894364271220662], "k_pid_att": [22.693429510500977, 1.9649771531672542, 0.2440890757971173], "k_pid_yaw": [0.5, 1e-06, 0.1], "k_pid_hsp": [0.0912506429207379, 0.0, 0.0], "k_pid_vsp": [131.09219633860064, 122.01801833897535, 0.8586251758325641]}, "datetime": {"datetime": "2025-08-12 05:59:45", "elapsed": 48864.410484075546, "delta": 20.61750555038452}, "costs": {"total_cost": 182.60829980104305, "time_cost": 72.849, "final_distance_cost": 1.8364279577313671, "oscillation_cost": 19.54116309813996, "completition_cost": 0.0, "overshoot_cost": 52.20777008758983, "power_cost": 14.226877709960938, "noise_cost": 21.94706094762093, "n_waypoints_completed": 9, "tot_waypoints": 9}}
{"target": -182.59244016893555, "params": {"k_pid_pos": [0.548062169270523, 0.0, 0.0], "k_pid_alt": [1.6336146883897593, 0.0, 0.11412271376280421], "k_pid_att": [25.23266808625612, 2.2561936861995777, 0.1898600154674045], "k_pid_yaw": [0.5, 1e-06, 0.1], "k_pid_hsp": [0.08999792027372196, 0.0, 0.0], "k_pid_vsp": [130.84888192043525, 123.39614492276624, 1.741592040956681]}, "datetime": {"datetime": "2025-08-12 06:00:03", "elapsed": 48882.45649409294, "delta": 18.04601001739502}, "costs": {"total_cost": 182.59244016893555, "time_cost": 72.646, "final_distance_cost": 1.8267183186071592, "oscillation_cost": 19.927091644257334, "completition_cost": 0.0, "overshoot_cost": 52.14967259232731, "power_cost": 14.137007995605469, "noise_cost": 21.905949618138266, "n_waypoints_completed": 9, "tot_waypoints": 9}}
{"target": -181.80735546623828, "params": {"k_pid_pos": [0.5728743983103487, 0.0, 0.0], "k_pid_alt": [1.6287198023281924, 0.0, 0.11792373896032268], "k_pid_att": [25.47617680017642, 2.2372379876685327, 0.2296720101121856], "k_pid_yaw": [0.5, 1e-06, 0.1], "k_pid_hsp": [0.09313147499429772, 0.0, 0.0], "k_pid_vsp": [130.35069146880707, 111.9900061001872, 1.2688666812271503]}, "datetime": {"datetime": "2025-08-12 06:00:22", "elapsed": 48902.28003668785, "delta": 19.823542594909668}, "costs": {"total_cost": 181.80735546623828, "time_cost": 72.254, "final_distance_cost": 1.80910750735697, "oscillation_cost": 20.390450061718177, "completition_cost": 0.0, "overshoot_cost": 51.53512852696215, "power_cost": 14.145437634277345, "noise_cost": 21.673231735923608, "n_waypoints_completed": 9, "tot_waypoints": 9}}
{"target": -182.48965618888536, "params": {"k_pid_pos": [0.531343702270079, 0.0, 0.0], "k_pid_alt": [1.6315721095579914, 0.0, 0.11212408139685545], "k_pid_att": [24.8338234581122, 2.1743975991726248, 0.2464654912014635], "k_pid_yaw": [0.5, 1e-06, 0.1], "k_pid_hsp": [0.08357360040892166, 0.0, 0.0], "k_pid_vsp": [131.28523781672553, 114.79205736986388, 1.4794993103782064]}, "datetime": {"datetime": "2025-08-12 06:00:40", "elapsed": 48920.22558879852, "delta": 17.945552110671997}, "costs": {"total_cost": 182.48965618888536, "time_cost": 73.234, "final_distance_cost": 1.8059967959618393, "oscillation_cost": 18.822455913894807, "completition_cost": 0.0, "overshoot_cost": 52.373574756002185, "power_cost": 14.207084790039064, "noise_cost": 22.046543932987458, "n_waypoints_completed": 9, "tot_waypoints": 9}}
{"target": -182.10100649998515, "params": {"k_pid_pos": [0.5084348896718647, 0.0, 0.0], "k_pid_alt": [1.63035728468436, 0.0, 0.06410796271116492], "k_pid_att": [25.231577977610783, 2.139758198498915, 0.27747004332149877], "k_pid_yaw": [0.5, 1e-06, 0.1], "k_pid_hsp": [0.08962132554641491, 0.0, 0.0], "k_pid_vsp": [131.2664791838383, 129.4096707768095, 1.2699149050209133]}, "datetime": {"datetime": "2025-08-12 06:01:01", "elapsed": 48940.41353034973, "delta": 20.187941551208496}, "costs": {"total_cost": 182.10100649998515, "time_cost": 73.199, "final_distance_cost": 1.827192926513773, "oscillation_cost": 18.81671816235016, "completition_cost": 0.0, "overshoot_cost": 51.875677830775125, "power_cost": 14.264269689941408, "noise_cost": 22.118147890404686, "n_waypoints_completed": 9, "tot_waypoints": 9}}
{"target": -182.27634390914093, "params": {"k_pid_pos": [0.5268876146904906, 0.0, 0.0], "k_pid_alt": [1.6241032097435375, 0.0, 0.12310405815538585], "k_pid_att": [26.17918625481936, 2.144183460874847, 0.2741353727327646], "k_pid_yaw": [0.5, 1e-06, 0.1], "k_pid_hsp": [0.09076055625516342, 0.0, 0.0], "k_pid_vsp": [130.97623102713578, 126.84032360614881, 1.3229901964474702]}, "datetime": {"datetime": "2025-08-12 06:01:20", "elapsed": 48959.40529727936, "delta": 18.991766929626465}, "costs": {"total_cost": 182.27634390914093, "time_cost": 72.933, "final_distance_cost": 1.8191401497303659, "oscillation_cost": 19.206571036575863, "completition_cost": 0.0, "overshoot_cost": 52.122289124972795, "power_cost": 14.279744702148438, "noise_cost": 21.91559889571348, "n_waypoints_completed": 9, "tot_waypoints": 9}}
{"target": -182.126876958839, "params": {"k_pid_pos": [0.5226426646979923, 0.0, 0.0], "k_pid_alt": [1.619080142041142, 0.0, 0.14463502194554037], "k_pid_att": [25.616627641159912, 2.154536557762636, 0.2538362587124054], "k_pid_yaw": [0.5, 1e-06, 0.1], "k_pid_hsp": [0.08853012749409317, 0.0, 0.0], "k_pid_vsp": [134.98825498863636, 100.41655888876699, 1.5523660527713008]}, "datetime": {"datetime": "2025-08-12 06:01:40", "elapsed": 48979.91841340065, "delta": 20.513116121292114}, "costs": {"total_cost": 182.126876958839, "time_cost": 73.122, "final_distance_cost": 1.8217346687121236, "oscillation_cost": 18.945748129773435, "completition_cost": 0.0, "overshoot_cost": 52.06812436533233, "power_cost": 14.191810998535157, "noise_cost": 21.977458796485966, "n_waypoints_completed": 9, "tot_waypoints": 9}}
{"target": -181.82854574786023, "params": {"k_pid_pos": [0.5260392936566569, 0.0, 0.0], "k_pid_alt": [1.6054147905314236, 0.0, 0.1130313990827994], "k_pid_att": [26.100570114818947, 2.1270168248471952, 0.28273605797353096], "k_pid_yaw": [0.5, 1e-06, 0.1], "k_pid_hsp": [0.09034417658064953, 0.0, 0.0], "k_pid_vsp": [128.2946053237894, 126.1024555544847, 1.5951947327145353]}, "datetime": {"datetime": "2025-08-12 06:01:58", "elapsed": 48997.97625923157, "delta": 18.05784583091736}, "costs": {"total_cost": 181.82854574786023, "time_cost": 72.961, "final_distance_cost": 1.833450177188511, "oscillation_cost": 19.12082001988083, "completition_cost": 0.0, "overshoot_cost": 51.80663903101431, "power_cost": 14.204370874023438, "noise_cost": 21.902265645753168, "n_waypoints_completed": 9, "tot_waypoints": 9}}
{"target": -182.6446063033095, "params": {"k_pid_pos": [0.5254698798354762, 0.0, 0.0], "k_pid_alt": [1.6294549397971232, 0.0, 0.1255404632933938], "k_pid_att": [20.91726926016131, 2.0713584996850405, 0.2667216101102497], "k_pid_yaw": [0.5, 1e-06, 0.1], "k_pid_hsp": [0.08955772812300457, 0.0, 0.0], "k_pid_vsp": [126.59943540139275, 127.30738443000249, 1.6622407293804589]}, "datetime": {"datetime": "2025-08-12 06:02:19", "elapsed": 49018.95062637329, "delta": 20.974367141723633}, "costs": {"total_cost": 182.6446063033095, "time_cost": 73.003, "final_distance_cost": 1.8242546921257774, "oscillation_cost": 19.24362804106731, "completition_cost": 0.0, "overshoot_cost": 52.26116248489334, "power_cost": 14.27732264404297, "noise_cost": 22.03523844118009, "n_waypoints_completed": 9, "tot_waypoints": 9}}
{"target": -181.72733089063397, "params": {"k_pid_pos": [0.5260732481597088, 0.0, 0.0], "k_pid_alt": [1.625447756391222, 0.0, 0.11954131272023932], "k_pid_att": [25.166273037364057, 2.1341558610084155, 0.250860961044477], "k_pid_yaw": [0.5, 1e-06, 0.1], "k_pid_hsp": [0.09072867209210242, 0.0, 0.0], "k_pid_vsp": [129.86360683505532, 126.32473811942752, 1.5795364520753101]}, "datetime": {"datetime": "2025-08-12 06:02:38", "elapsed": 49037.526612997055, "delta": 18.575986623764038}, "costs": {"total_cost": 181.72733089063397, "time_cost": 72.933, "final_distance_cost": 1.8151184636996645, "oscillation_cost": 19.172014546349917, "completition_cost": 0.0, "overshoot_cost": 51.682052648373364, "power_cost": 14.198339562988282, "noise_cost": 21.926805669222734, "n_waypoints_completed": 9, "tot_waypoints": 9}}
{"target": -182.27721830284827, "params": {"k_pid_pos": [0.5299443135295533, 0.0, 0.0], "k_pid_alt": [1.6154267379517853, 0.0, 0.11499773270628476], "k_pid_att": [28.456244853349542, 2.149397676879997, 0.24292802201349548], "k_pid_yaw": [0.5, 1e-06, 0.1], "k_pid_hsp": [0.09292411011867843, 0.0, 0.0], "k_pid_vsp": [130.56976401708175, 117.11284703361801, 1e-06]}, "datetime": {"datetime": "2025-08-12 06:02:59", "elapsed": 49058.82269668579, "delta": 21.296083688735962}, "costs": {"total_cost": 182.27721830284827, "time_cost": 72.807, "final_distance_cost": 1.8296518591203341, "oscillation_cost": 19.52885843027093, "completition_cost": 0.0, "overshoot_cost": 51.89679467673497, "power_cost": 14.204804516601563, "noise_cost": 22.010108820120443, "n_waypoints_completed": 9, "tot_waypoints": 9}}
{"target": -182.34749050373782, "params": {"k_pid_pos": [0.5213575254764999, 0.0, 0.0], "k_pid_alt": [1.6221619646293293, 0.0, 0.06223649105373842], "k_pid_att": [25.22527082881034, 2.1390299892581286, 0.25883214353136275], "k_pid_yaw": [0.5, 1e-06, 0.1], "k_pid_hsp": [0.08900506129772189, 0.0, 0.0], "k_pid_vsp": [129.472617895106, 179.2567633129533, 3.2403564691343374]}, "datetime": {"datetime": "2025-08-12 06:03:18", "elapsed": 49077.78465676308, "delta": 18.961960077285767}, "costs": {"total_cost": 182.34749050373782, "time_cost": 73.017, "final_distance_cost": 1.8261734291840364, "oscillation_cost": 19.151610604733815, "completition_cost": 0.0, "overshoot_cost": 52.0814813751013, "power_cost": 14.249666625976563, "noise_cost": 22.02155846874209, "n_waypoints_completed": 9, "tot_waypoints": 9}}
{"target": -182.53919746685926, "params": {"k_pid_pos": [0.5241347841307136, 0.0035466917017401385, 4.5644605825590336e-05], "k_pid_alt": [1.6268729119432805, 0.0, 0.2118402044590489], "k_pid_att": [25.092490696397125, 2.1936682078647953, 0.19735646206593277], "k_pid_yaw": [0.5, 1e-06, 0.1], "k_pid_hsp": [0.0888290417503412, 0.0016145713004150145, 0.0], "k_pid_vsp": [130.11661807168508, 118.47817995911969, 1.6509676300207654]}, "datetime": {"datetime": "2025-08-12 06:03:37", "elapsed": 49096.73199748993, "delta": 18.947340726852417}, "costs": {"total_cost": 182.53919746685926, "time_cost": 72.95400000000001, "final_distance_cost": 1.8093462113118786, "oscillation_cost": 19.621530171886455, "completition_cost": 0.0, "overshoot_cost": 51.98575985393569, "power_cost": 14.260896411132814, "noise_cost": 21.907664818592433, "n_waypoints_completed": 9, "tot_waypoints": 9}}
{"target": -182.4959377502089, "params": {"k_pid_pos": [0.523912406682808, 0.0, 0.0], "k_pid_alt": [1.6278619335758036, 0.0, 0.11365329140668481], "k_pid_att": [23.945127001064126, 2.0825543981488788, 0.2362230626004346], "k_pid_yaw": [0.5, 1e-06, 0.1], "k_pid_hsp": [0.09276326384019512, 0.0, 0.0], "k_pid_vsp": [130.86039685008845, 132.43021980989954, 1.4517515418087203]}, "datetime": {"datetime": "2025-08-12 06:03:56", "elapsed": 49115.916582107544, "delta": 19.184584617614746}, "costs": {"total_cost": 182.4959377502089, "time_cost": 72.891, "final_distance_cost": 1.828542673680532, "oscillation_cost": 19.631803617439722, "completition_cost": 0.0, "overshoot_cost": 52.04541039872686, "power_cost": 14.177807446289064, "noise_cost": 21.92137361407272, "n_waypoints_completed": 9, "tot_waypoints": 9}}
{"target": -182.30456462604394, "params": {"k_pid_pos": [0.5221012012682826, 0.0, 0.0], "k_pid_alt": [1.6219378283110113, 0.0, 0.12599004044818105], "k_pid_att": [25.290766243420236, 2.119526995545808, 0.19640194970327604], "k_pid_yaw": [0.5, 1e-06, 0.1], "k_pid_hsp": [0.09253063789075497, 0.0, 0.0], "k_pid_vsp": [129.72703409742746, 125.43450197931755, 1.6813222990456878]}, "datetime": {"datetime": "2025-08-12 06:04:15", "elapsed": 49134.78042602539, "delta": 18.86384391784668}, "costs": {"total_cost": 182.30456462604394, "time_cost": 72.94, "final_distance_cost": 1.8366274268051004, "oscillation_cost": 19.256954774865985, "completition_cost": 0.0, "overshoot_cost": 52.13547914187581, "power_cost": 14.197257775878906, "noise_cost": 21.938245506618124, "n_waypoints_completed": 9, "tot_waypoints": 9}}
{"target": -182.43345507845368, "params": {"k_pid_pos": [0.5268225554420576, 0.0, 0.0], "k_pid_alt": [1.599037309729551, 0.0, 0.1282458587567871], "k_pid_att": [24.17618965839749, 2.1139649934255513, 0.25145662194032203], "k_pid_yaw": [0.5, 1e-06, 0.1], "k_pid_hsp": [0.09073837663457633, 0.0, 0.0], "k_pid_vsp": [137.10896662231826, 190.1008818260501, 1.4845334821439469]}, "datetime": {"datetime": "2025-08-12 06:04:35", "elapsed": 49154.85109901428, "delta": 20.0706729888916}, "costs": {"total_cost": 182.43345507845368, "time_cost": 72.95400000000001, "final_distance_cost": 1.8301855903501718, "oscillation_cost": 19.500536414925282, "completition_cost": 0.0, "overshoot_cost": 51.96243015364884, "power_cost": 14.2976892578125, "noise_cost": 21.888613661716906, "n_waypoints_completed": 9, "tot_waypoints": 9}}
{"target": -181.81028851074885, "params": {"k_pid_pos": [0.525539648593254, 0.0, 0.0], "k_pid_alt": [1.5969715049803255, 0.0, 0.11851737887204582], "k_pid_att": [25.52340752746497, 2.1365535947124155, 0.284802671812338], "k_pid_yaw": [0.5, 1e-06, 0.1], "k_pid_hsp": [0.09114158785221592, 0.0, 0.0], "k_pid_vsp": [130.19325357819312, 125.64627022478552, 1.5902248491615305]}, "datetime": {"datetime": "2025-08-12 06:04:55", "elapsed": 49174.384363651276, "delta": 19.533264636993408}, "costs": {"total_cost": 181.81028851074885, "time_cost": 72.947, "final_distance_cost": 1.8177916878349913, "oscillation_cost": 19.207467484618135, "completition_cost": 0.0, "overshoot_cost": 51.72540922919296, "power_cost": 14.192923217773439, "noise_cost": 21.919696891329316, "n_waypoints_completed": 9, "tot_waypoints": 9}}
{"target": -181.92347899379686, "params": {"k_pid_pos": [0.5249677580136739, 0.0, 0.0], "k_pid_alt": [1.615901406071657, 0.0, 0.11267580412053446], "k_pid_att": [25.751962433500616, 2.120372382111906, 0.23911533212114697], "k_pid_yaw": [0.5, 1e-06, 0.1], "k_pid_hsp": [0.090110629223574, 0.0, 0.0], "k_pid_vsp": [131.39884477266747, 124.96919775562903, 1.4930513690799851]}, "datetime": {"datetime": "2025-08-12 06:05:12", "elapsed": 49192.19626164436, "delta": 17.81189799308777}, "costs": {"total_cost": 181.92347899379686, "time_cost": 72.968, "final_distance_cost": 1.8308051195951758, "oscillation_cost": 19.131086211955402, "completition_cost": 0.0, "overshoot_cost": 51.875176077365985, "power_cost": 14.209654821777345, "noise_cost": 21.908756763102968, "n_waypoints_completed": 9, "tot_waypoints": 9}}
{"target": -181.88021195230087, "params": {"k_pid_pos": [0.5258648435851804, 0.0, 0.0], "k_pid_alt": [1.6285649015504706, 0.0, 0.1212295754844629], "k_pid_att": [25.598442411827435, 2.1324565063672276, 0.2564887377078709], "k_pid_yaw": [0.5, 1e-06, 0.1], "k_pid_hsp": [0.09070521082376105, 0.0, 0.0], "k_pid_vsp": [130.91355220256796, 116.2029234039313, 1.7309444228129076]}, "datetime": {"datetime": "2025-08-12 06:05:32", "elapsed": 49211.93284654617, "delta": 19.736584901809692}, "costs": {"total_cost": 181.88021195230087, "time_cost": 72.95400000000001, "final_distance_cost": 1.8202210248859945, "oscillation_cost": 19.12407198542302, "completition_cost": 0.0, "overshoot_cost": 51.84966053145504, "power_cost": 14.210048718261719, "noise_cost": 21.92220969227509, "n_waypoints_completed": 9, "tot_waypoints": 9}}
{"target": -182.5816293817059, "params": {"k_pid_pos": [0.5255848467763594, 0.0, 0.0], "k_pid_alt": [1.616593043385813, 0.0, 0.12122669177668191], "k_pid_att": [25.426893724756344, 2.1419909833954116, 0.2316826377441961], "k_pid_yaw": [0.5, 1e-06, 0.1], "k_pid_hsp": [0.09546752695712485, 0.0, 0.0], "k_pid_vsp": [137.08594758832263, 124.54390696632886, 0.2039820602369038]}, "datetime": {"datetime": "2025-08-12 06:05:50", "elapsed": 49229.72588944435, "delta": 17.7930428981781}, "costs": {"total_cost": 182.5816293817059, "time_cost": 72.807, "final_distance_cost": 1.8325920866811582, "oscillation_cost": 19.651931656429856, "completition_cost": 0.0, "overshoot_cost": 51.99765681151066, "power_cost": 14.264287475585938, "noise_cost": 22.028161351498284, "n_waypoints_completed": 9, "tot_waypoints": 9}}
{"target": -182.43258717405337, "params": {"k_pid_pos": [0.5257329282136955, 0.0, 0.0], "k_pid_alt": [1.6219040718568567, 0.0, 0.12564759725183525], "k_pid_att": [25.137911869902887, 2.1314158041541313, 0.1447521116784772], "k_pid_yaw": [0.5, 1e-06, 0.1], "k_pid_hsp": [0.09109197220960377, 0.0, 0.0], "k_pid_vsp": [126.31685515784588, 122.84774322279748, 1.1519697053804543]}, "datetime": {"datetime": "2025-08-12 06:06:11", "elapsed": 49250.789274930954, "delta": 21.063385486602783}, "costs": {"total_cost": 182.43258717405337, "time_cost": 72.919, "final_distance_cost": 1.827121418336829, "oscillation_cost": 19.392734771737548, "completition_cost": 0.0, "overshoot_cost": 52.17583777913906, "power_cost": 14.179042297363281, "noise_cost": 21.938850907476652, "n_waypoints_completed": 9, "tot_waypoints": 9}}
{"target": -181.71751237552851, "params": {"k_pid_pos": [0.5256798701403166, 0.0, 0.0], "k_pid_alt": [1.6314806704970424, 0.0, 0.11690056660224318], "k_pid_att": [24.989225735734426, 2.1355480959049196, 0.26487706959519025], "k_pid_yaw": [0.5, 1e-06, 0.1], "k_pid_hsp": [0.0906423675419256, 0.0, 0.0], "k_pid_vsp": [127.4695348355119, 125.07951652293684, 1.4604103581900825]}, "datetime": {"datetime": "2025-08-12 06:06:29", "elapsed": 49269.02083349228, "delta": 18.231558561325073}, "costs": {"total_cost": 181.71751237552851, "time_cost": 72.94, "final_distance_cost": 1.817266747856758, "oscillation_cost": 19.096353631464332, "completition_cost": 0.0, "overshoot_cost": 51.72843390801124, "power_cost": 14.20762275390625, "noise_cost": 21.927835334289934, "n_waypoints_completed": 9, "tot_waypoints": 9}}
