{"target": -187.70355745086997, "params": {"k_pid_pos": [0.9263048716167486, 0.0, 0.2053202724412246], "k_pid_alt": [1.3753713285697224, 0.0, 0.2747507932422311], "k_pid_att": [25.843824018115257, 3.6661818310097525, 0.23771568134690751], "k_pid_yaw": [0.5, 1e-06, 0.1], "k_pid_hsp": [0.3606004657162693, 0.0, 0.0], "k_pid_vsp": [149.431184811785, 92.8395681197739, 1e-06]}, "datetime": {"datetime": "2025-08-11 19:50:00", "elapsed": 12279.99056816101, "delta": 18.41461730003357}, "costs": {"total_cost": 187.70355745086997, "time_cost": 71.645, "final_distance_cost": 1.847779753086097, "oscillation_cost": 27.63390331703425, "completition_cost": 0.0, "overshoot_cost": 50.117545747991166, "power_cost": 14.6301748046875, "noise_cost": 21.829153828070957, "n_waypoints_completed": 9, "tot_waypoints": 9}}
{"target": -187.08427975174595, "params": {"k_pid_pos": [0.9833516980620476, 0.0, 0.0], "k_pid_alt": [1.6358119269280618, 0.0, 0.24484022448658715], "k_pid_att": [17.983823894833833, 3.439671285145862, 0.23418598627557377], "k_pid_yaw": [0.5, 1e-06, 0.1], "k_pid_hsp": [0.35717377120941574, 0.0, 0.0], "k_pid_vsp": [204.53843094763457, 74.99542227576403, 0.028947743125253056]}, "datetime": {"datetime": "2025-08-11 19:50:18", "elapsed": 12297.978961229324, "delta": 17.9883930683136}, "costs": {"total_cost": 187.08427975174595, "time_cost": 69.615, "final_distance_cost": 1.831889080264204, "oscillation_cost": 29.56769288963534, "completition_cost": 0.0, "overshoot_cost": 50.523332846471575, "power_cost": 14.593240197753907, "noise_cost": 20.95312473762092, "n_waypoints_completed": 9, "tot_waypoints": 9}}
{"target": -183.38055340135674, "params": {"k_pid_pos": [0.6785785688145998, 0.0, 0.0], "k_pid_alt": [1.6335116500887765, 0.0, 0.14017046166451855], "k_pid_att": [25.161764851196907, 2.254829266211563, 0.19463311665921101], "k_pid_yaw": [0.5, 1e-06, 0.1], "k_pid_hsp": [0.11562841591555291, 0.0, 0.0], "k_pid_vsp": [155.12308547470283, 52.34248819655443, 1e-06]}, "datetime": {"datetime": "2025-08-11 19:50:36", "elapsed": 12315.711934566498, "delta": 17.732973337173462}, "costs": {"total_cost": 183.38055340135674, "time_cost": 71.12, "final_distance_cost": 1.807791315679453, "oscillation_cost": 23.322960454766356, "completition_cost": 0.0, "overshoot_cost": 51.58966004379427, "power_cost": 14.141062829589844, "noise_cost": 21.399078757526784, "n_waypoints_completed": 9, "tot_waypoints": 9}}
{"target": -192.73256730915506, "params": {"k_pid_pos": [1.1678880484911531, 0.0, 0.0], "k_pid_alt": [1.3197212905638158, 0.0, 0.5197281880182472], "k_pid_att": [47.795370298326745, 3.0228485941185976, 0.27483061206515347], "k_pid_yaw": [0.5, 1e-06, 0.1], "k_pid_hsp": [1.8268158330871915, 0.0, 0.0], "k_pid_vsp": [156.69992619801644, 41.31811745311491, 1e-06]}, "datetime": {"datetime": "2025-08-11 19:50:53", "elapsed": 12333.198746919632, "delta": 17.486812353134155}, "costs": {"total_cost": 192.73256730915506, "time_cost": 70.462, "final_distance_cost": 1.8358944113302724, "oscillation_cost": 33.97215337891321, "completition_cost": 0.0, "overshoot_cost": 50.46624872945282, "power_cost": 15.07130584716797, "noise_cost": 20.92496494229077, "n_waypoints_completed": 9, "tot_waypoints": 9}}
{"target": -183.88384065695217, "params": {"k_pid_pos": [0.8620769133296139, 0.0, 0.0], "k_pid_alt": [1.6331448683992598, 0.0, 0.1009862055703305], "k_pid_att": [36.87380645276511, 2.2539476132740854, 0.2252653750416091], "k_pid_yaw": [0.5, 1e-06, 0.1], "k_pid_hsp": [0.13901273453833188, 0.0, 0.0], "k_pid_vsp": [130.79538777534927, 56.62613514339992, 1e-06]}, "datetime": {"datetime": "2025-08-11 19:51:12", "elapsed": 12352.297033071518, "delta": 19.098286151885986}, "costs": {"total_cost": 183.88384065695217, "time_cost": 69.986, "final_distance_cost": 1.8084114190024596, "oscillation_cost": 25.82538603425621, "completition_cost": 0.0, "overshoot_cost": 51.250098775541666, "power_cost": 14.185609020996095, "noise_cost": 20.828335407155752, "n_waypoints_completed": 9, "tot_waypoints": 9}}
{"target": -185.79788673417727, "params": {"k_pid_pos": [0.8777134439327392, 0.004390012847263185, 0.07685208340144051], "k_pid_alt": [1.1723951278619449, 0.0, 0.324396600646802], "k_pid_att": [27.30477850329888, 3.1298544493949247, 0.17780647803175753], "k_pid_yaw": [0.5, 1e-06, 0.1], "k_pid_hsp": [0.13476698282936517, 0.0, 0.0], "k_pid_vsp": [164.47966772998024, 54.55706063597907, 0.5506389605288476]}, "datetime": {"datetime": "2025-08-11 19:51:30", "elapsed": 12369.846283912659, "delta": 17.549250841140747}, "costs": {"total_cost": 185.79788673417727, "time_cost": 71.34400000000001, "final_distance_cost": 1.828531943412068, "oscillation_cost": 26.016377495390643, "completition_cost": 0.0, "overshoot_cost": 51.15821266889798, "power_cost": 14.329335205078126, "noise_cost": 21.12142942139843, "n_waypoints_completed": 9, "tot_waypoints": 9}}
{"target": -184.78681317179596, "params": {"k_pid_pos": [0.8310091600306688, 0.0, 0.0], "k_pid_alt": [1.5256209269676293, 0.0, 0.1769441985237789], "k_pid_att": [29.828243855979565, 2.5335123235099544, 0.21019475256220616], "k_pid_yaw": [0.5, 1e-06, 0.1], "k_pid_hsp": [0.22225664648428142, 0.0, 0.0], "k_pid_vsp": [142.5161576514578, 58.32277414062886, 1e-06]}, "datetime": {"datetime": "2025-08-11 19:51:47", "elapsed": 12387.03477191925, "delta": 17.188488006591797}, "costs": {"total_cost": 184.78681317179596, "time_cost": 70.049, "final_distance_cost": 1.8297528718022544, "oscillation_cost": 26.618160667582295, "completition_cost": 0.0, "overshoot_cost": 50.73310217783277, "power_cost": 14.386350158691407, "noise_cost": 21.170447295887215, "n_waypoints_completed": 9, "tot_waypoints": 9}}
{"target": -189.0643124971785, "params": {"k_pid_pos": [1.0092105131985707, 0.0, 0.013850368441298583], "k_pid_alt": [1.4302820391213555, 0.0, 0.22262564965849102], "k_pid_att": [30.532621458473294, 2.4281494970925603, 0.5933425722326693], "k_pid_yaw": [0.5, 1e-06, 0.1], "k_pid_hsp": [0.20925558523531357, 0.0, 0.0], "k_pid_vsp": [190.6885336291186, 1e-06, 1e-06]}, "datetime": {"datetime": "2025-08-11 19:52:06", "elapsed": 12405.396278142929, "delta": 18.36150622367859}, "costs": {"total_cost": 189.0643124971785, "time_cost": 71.155, "final_distance_cost": 1.812664393690691, "oscillation_cost": 28.531630283631518, "completition_cost": 0.0, "overshoot_cost": 51.652369723161875, "power_cost": 14.569136364746095, "noise_cost": 21.34351173194829, "n_waypoints_completed": 9, "tot_waypoints": 9}}
{"target": -184.65369546368436, "params": {"k_pid_pos": [0.7555261651536112, 0.0, 0.2503039988443811], "k_pid_alt": [1.3815709388951694, 0.0, 0.22058919318950765], "k_pid_att": [18.41923846340774, 3.02279909574762, 0.26482982083600315], "k_pid_yaw": [0.5, 1e-06, 0.1], "k_pid_hsp": [0.09952024002212406, 0.0, 0.0], "k_pid_vsp": [180.98532697815043, 63.63883954540887, 1e-06]}, "datetime": {"datetime": "2025-08-11 19:52:24", "elapsed": 12423.487553358078, "delta": 18.091275215148926}, "costs": {"total_cost": 184.65369546368436, "time_cost": 72.527, "final_distance_cost": 1.8231965679929703, "oscillation_cost": 22.594153192087525, "completition_cost": 0.0, "overshoot_cost": 51.59037016631697, "power_cost": 14.25343758544922, "noise_cost": 21.865537951837652, "n_waypoints_completed": 9, "tot_waypoints": 9}}
{"target": -184.4567130629112, "params": {"k_pid_pos": [0.8649792173273894, 0.0, 0.0], "k_pid_alt": [1.3666558827054975, 0.0, 0.06003437418872826], "k_pid_att": [32.12141966802127, 2.5634243243227783, 0.2635282876466961], "k_pid_yaw": [0.5, 1e-06, 0.1], "k_pid_hsp": [0.1549414694114423, 0.0, 0.0], "k_pid_vsp": [133.70079836294082, 52.295124844863935, 1e-06]}, "datetime": {"datetime": "2025-08-11 19:52:41", "elapsed": 12440.978071689606, "delta": 17.49051833152771}, "costs": {"total_cost": 184.4567130629112, "time_cost": 69.937, "final_distance_cost": 1.8209894293310538, "oscillation_cost": 26.35371241418776, "completition_cost": 0.0, "overshoot_cost": 51.20602044528166, "power_cost": 14.253951428222656, "noise_cost": 20.88503934588808, "n_waypoints_completed": 9, "tot_waypoints": 9}}
{"target": -1215.939918200958, "params": {"k_pid_pos": [0.5732457870749933, 0.0, 0.0], "k_pid_alt": [1.963065870772255, 0.0, 0.04787153351019552], "k_pid_att": [27.35848556854222, 2.3977716470923967, 0.21318569869205967], "k_pid_yaw": [0.5, 1e-06, 0.1], "k_pid_hsp": [0.0001, 0.0, 0.0], "k_pid_vsp": [122.5350341304266, 49.43292407985331, 1e-06]}, "datetime": {"datetime": "2025-08-11 19:53:11", "elapsed": 12471.25696015358, "delta": 30.278888463974}, "costs": {"total_cost": 1215.939918200958, "time_cost": 150, "final_distance_cost": 45.63850735317965, "oscillation_cost": 0.003443412537559476, "completition_cost": 888.8888888888888, "overshoot_cost": 77.28575127673463, "power_cost": 21.02148701171875, "noise_cost": 33.10184025789838, "n_waypoints_completed": 1, "tot_waypoints": 9}}
{"target": -201.3952850570801, "params": {"k_pid_pos": [0.7681816972389991, 0.0, 0.13060327110084996], "k_pid_alt": [1.5424937442558344, 0.0, 0.11653374312445895], "k_pid_att": [21.526744271262945, 2.4462508265231637, 0.10523433208497282], "k_pid_yaw": [0.5, 1e-06, 0.1], "k_pid_hsp": [0.04270440130248469, 0.0, 0.0], "k_pid_vsp": [153.08856111082923, 51.7950046810951, 0.006690380564180447]}, "datetime": {"datetime": "2025-08-11 19:53:32", "elapsed": 12492.063534736633, "delta": 20.80657458305359}, "costs": {"total_cost": 201.3952850570801, "time_cost": 83.97200000000001, "final_distance_cost": 1.7701063047813619, "oscillation_cost": 16.726346646939916, "completition_cost": 0.0, "overshoot_cost": 57.52812316668602, "power_cost": 15.770845507812501, "noise_cost": 25.62786343086027, "n_waypoints_completed": 9, "tot_waypoints": 9}}
{"target": -1245.0158360616065, "params": {"k_pid_pos": [1.1215544988519648, 0.0, 0.06500180592856691], "k_pid_alt": [1.4733819123581253, 0.0, 0.3772734248933963], "k_pid_att": [15.505194549674801, 2.4254582960760533, 0.22549285132869812], "k_pid_yaw": [0.5, 1e-06, 0.1], "k_pid_hsp": [0.0001, 0.0, 0.0], "k_pid_vsp": [89.91841470172892, 119.37285050591622, 1e-06]}, "datetime": {"datetime": "2025-08-11 19:54:02", "elapsed": 12522.119174718857, "delta": 30.05563998222351}, "costs": {"total_cost": 1245.0158360616065, "time_cost": 150, "final_distance_cost": 48.10213473137206, "oscillation_cost": 0.006200293018526606, "completition_cost": 888.8888888888888, "overshoot_cost": 103.93117044779247, "power_cost": 21.008778833007813, "noise_cost": 33.07866286752664, "n_waypoints_completed": 1, "tot_waypoints": 9}}
{"target": -185.54588411432394, "params": {"k_pid_pos": [0.6464330094395476, 0.0, 0.15710141213421933], "k_pid_alt": [1.6654464065596308, 0.0, 0.105202252659277], "k_pid_att": [26.975929538735645, 2.4142371985178857, 0.21675223948864167], "k_pid_yaw": [0.5, 1e-06, 0.1], "k_pid_hsp": [0.11913880582634544, 0.0, 0.0], "k_pid_vsp": [157.61539514608472, 41.02530153399979, 1e-06]}, "datetime": {"datetime": "2025-08-11 19:54:20", "elapsed": 12540.284161806107, "delta": 18.164987087249756}, "costs": {"total_cost": 185.54588411432394, "time_cost": 72.94, "final_distance_cost": 1.8439169595878597, "oscillation_cost": 22.323276363561767, "completition_cost": 0.0, "overshoot_cost": 51.85917617989323, "power_cost": 14.336521887207033, "noise_cost": 22.242992724074032, "n_waypoints_completed": 9, "tot_waypoints": 9}}
{"target": -183.89456173492619, "params": {"k_pid_pos": [0.8029330777566026, 0.0, 0.0], "k_pid_alt": [1.4951811515755187, 0.0, 0.18994615444511187], "k_pid_att": [30.870266585111764, 2.0961149622824955, 0.24172948229658567], "k_pid_yaw": [0.5, 1e-06, 0.1], "k_pid_hsp": [0.16202654331469915, 0.0, 0.0], "k_pid_vsp": [163.80183546205635, 80.49845601171144, 1e-06]}, "datetime": {"datetime": "2025-08-11 19:54:38", "elapsed": 12557.844029426575, "delta": 17.55986762046814}, "costs": {"total_cost": 183.89456173492619, "time_cost": 70.042, "final_distance_cost": 1.8234094091575084, "oscillation_cost": 25.762937860350757, "completition_cost": 0.0, "overshoot_cost": 50.99007124718515, "power_cost": 14.25120662841797, "noise_cost": 21.024936589814775, "n_waypoints_completed": 9, "tot_waypoints": 9}}
{"target": -192.1841178637231, "params": {"k_pid_pos": [0.9492670470126765, 0.04886401579772983, 0.40815765632934103], "k_pid_alt": [1.347723354643136, 0.0, 0.20622175948494], "k_pid_att": [19.897070727908012, 3.4619508090851543, 0.2514491887433188], "k_pid_yaw": [0.5, 1e-06, 0.1], "k_pid_hsp": [0.5310417552381063, 0.0, 0.0], "k_pid_vsp": [227.06313348436004, 78.89364670882036, 1e-06]}, "datetime": {"datetime": "2025-08-11 19:54:56", "elapsed": 12576.276486873627, "delta": 18.432457447052002}, "costs": {"total_cost": 192.1841178637231, "time_cost": 73.766, "final_distance_cost": 1.8459907622773037, "oscillation_cost": 28.35106722421883, "completition_cost": 0.0, "overshoot_cost": 50.63510802084169, "power_cost": 14.96386776123047, "noise_cost": 22.622084095154783, "n_waypoints_completed": 9, "tot_waypoints": 9}}
{"target": -186.29633941098243, "params": {"k_pid_pos": [0.8737423876264804, 0.013957145481956906, 0.04638324187754659], "k_pid_alt": [1.5569404034668721, 0.0, 0.29955943997148354], "k_pid_att": [18.182068971200056, 2.6720021074762768, 0.231201808229824], "k_pid_yaw": [0.5, 1e-06, 0.1], "k_pid_hsp": [0.4404018215256905, 0.0, 0.0], "k_pid_vsp": [178.28146108922147, 84.79912493005608, 1e-06]}, "datetime": {"datetime": "2025-08-11 19:55:14", "elapsed": 12593.916430234909, "delta": 17.63994336128235}, "costs": {"total_cost": 186.29633941098243, "time_cost": 70.266, "final_distance_cost": 1.844484848180006, "oscillation_cost": 27.91008460472426, "completition_cost": 0.0, "overshoot_cost": 50.377457975802436, "power_cost": 14.553496520996095, "noise_cost": 21.344815461279598, "n_waypoints_completed": 9, "tot_waypoints": 9}}
{"target": -282.0085777532423, "params": {"k_pid_pos": [0.5363763461006372, 0.0, 0.0], "k_pid_alt": [2.0, 0.0, 0.23424404973670293], "k_pid_att": [12.936363439698502, 2.411882133883798, 0.16273621300337848], "k_pid_yaw": [0.5, 1e-06, 0.1], "k_pid_hsp": [0.055515762698569546, 0.06443741080754521, 0.053651481074283545], "k_pid_vsp": [223.8930723676525, 69.42605777144402, 1e-06]}, "datetime": {"datetime": "2025-08-11 19:55:36", "elapsed": 12615.472744703293, "delta": 21.55631446838379}, "costs": {"total_cost": 282.0085777532423, "time_cost": 87.017, "final_distance_cost": 1.8431182846021597, "oscillation_cost": 93.02720684410042, "completition_cost": 0.0, "overshoot_cost": 53.10566215230995, "power_cost": 18.2017970703125, "noise_cost": 28.81379340191733, "n_waypoints_completed": 9, "tot_waypoints": 9}}
{"target": -184.07834554228762, "params": {"k_pid_pos": [0.759708057062533, 0.0, 0.0], "k_pid_alt": [1.6313160382907794, 0.0, 0.20765048291448224], "k_pid_att": [29.861096106139055, 4.402618215534374, 0.22891744194437422], "k_pid_yaw": [0.5, 1e-06, 0.1], "k_pid_hsp": [0.18654718780300994, 0.0, 0.0], "k_pid_vsp": [140.4486672753364, 54.560951645868585, 1e-06]}, "datetime": {"datetime": "2025-08-11 19:55:53", "elapsed": 12632.908731460571, "delta": 17.435986757278442}, "costs": {"total_cost": 184.07834554228762, "time_cost": 70.406, "final_distance_cost": 1.8268632773518145, "oscillation_cost": 25.6613299055708, "completition_cost": 0.0, "overshoot_cost": 50.58786173765323, "power_cost": 14.306392053222657, "noise_cost": 21.289898568489125, "n_waypoints_completed": 9, "tot_waypoints": 9}}
{"target": -190.84483904242353, "params": {"k_pid_pos": [1.047588898202401, 0.0, 0.0], "k_pid_alt": [1.5554465952465215, 0.0, 0.08359675688943996], "k_pid_att": [20.73853187827519, 2.624064004585047, 0.2427231767497927], "k_pid_yaw": [0.5, 1e-06, 0.1], "k_pid_hsp": [0.0746478301105508, 0.0, 0.0], "k_pid_vsp": [160.74212201975928, 59.90018156297288, 1e-06]}, "datetime": {"datetime": "2025-08-11 19:56:13", "elapsed": 12653.326175689697, "delta": 20.417444229125977}, "costs": {"total_cost": 190.84483904242353, "time_cost": 73.815, "final_distance_cost": 1.8072514756463027, "oscillation_cost": 26.117617206199263, "completition_cost": 0.0, "overshoot_cost": 52.391086063629686, "power_cost": 14.752964965820313, "noise_cost": 21.960919331127926, "n_waypoints_completed": 9, "tot_waypoints": 9}}
{"target": -191.81478980190187, "params": {"k_pid_pos": [1.0557918550308438, 0.011689223205977836, 0.47696473642220116], "k_pid_alt": [1.9712008367713554, 0.0, 0.2984509803493382], "k_pid_att": [24.951874963754147, 3.525569460439565, 0.2807482338384295], "k_pid_yaw": [0.5, 1e-06, 0.1], "k_pid_hsp": [0.5815719454039499, 0.0005141102270056954, 0.0], "k_pid_vsp": [217.92508618592578, 50.10813596262646, 1e-06]}, "datetime": {"datetime": "2025-08-11 19:56:35", "elapsed": 12674.84709572792, "delta": 21.520920038223267}, "costs": {"total_cost": 191.81478980190187, "time_cost": 73.07300000000001, "final_distance_cost": 1.8474607782174182, "oscillation_cost": 28.238515070245796, "completition_cost": 0.0, "overshoot_cost": 51.03617499362335, "power_cost": 14.962707690429689, "noise_cost": 22.656931269385613, "n_waypoints_completed": 9, "tot_waypoints": 9}}
{"target": -185.93230368144955, "params": {"k_pid_pos": [1.06183634730393, 0.0, 0.014513209385634239], "k_pid_alt": [1.6572849767064395, 0.0, 0.015321851511945386], "k_pid_att": [28.0695987147973, 3.533846688149812, 0.21848225237788965], "k_pid_yaw": [0.5, 1e-06, 0.1], "k_pid_hsp": [0.1277284867232391, 0.0, 0.0], "k_pid_vsp": [219.28329337186625, 81.48012484679225, 1e-06]}, "datetime": {"datetime": "2025-08-11 19:56:54", "elapsed": 12693.481211900711, "delta": 18.634116172790527}, "costs": {"total_cost": 185.93230368144955, "time_cost": 69.699, "final_distance_cost": 1.7825432418486524, "oscillation_cost": 28.18947681955346, "completition_cost": 0.0, "overshoot_cost": 51.194854831924005, "power_cost": 14.295307714843752, "noise_cost": 20.77112107327969, "n_waypoints_completed": 9, "tot_waypoints": 9}}
{"target": -184.3546649573713, "params": {"k_pid_pos": [0.7560762934984071, 0.0012936185002564468, 0.0], "k_pid_alt": [1.5017436020723276, 0.0, 0.1229993242738516], "k_pid_att": [26.40003495923561, 2.7312627272770853, 0.1748656470099694], "k_pid_yaw": [0.5, 1e-06, 0.1], "k_pid_hsp": [0.2021660614332111, 0.0, 0.0], "k_pid_vsp": [166.92544761080717, 54.71151514931431, 1e-06]}, "datetime": {"datetime": "2025-08-11 19:57:12", "elapsed": 12711.515128850937, "delta": 18.03391695022583}, "costs": {"total_cost": 184.3546649573713, "time_cost": 70.518, "final_distance_cost": 1.8433451969289352, "oscillation_cost": 25.439516370582904, "completition_cost": 0.0, "overshoot_cost": 50.96213236108866, "power_cost": 14.33411971435547, "noise_cost": 21.257551314415327, "n_waypoints_completed": 9, "tot_waypoints": 9}}
{"target": -1242.225037596858, "params": {"k_pid_pos": [0.8484637775506886, 0.08579824303047842, 0.0], "k_pid_alt": [1.5845169489419213, 0.0001193330800149401, 0.11370054955456685], "k_pid_att": [30.418379134254486, 2.082450774949973, 0.1866094738116133], "k_pid_yaw": [0.5, 1e-06, 0.1], "k_pid_hsp": [0.0001, 0.0, 0.0], "k_pid_vsp": [127.17313408169592, 50.43277182085296, 0.2632360523570997]}, "datetime": {"datetime": "2025-08-11 19:57:42", "elapsed": 12741.406207084656, "delta": 29.891078233718872}, "costs": {"total_cost": 1242.225037596858, "time_cost": 150, "final_distance_cost": 47.70609059471907, "oscillation_cost": 0.006647843575285056, "completition_cost": 888.8888888888888, "overshoot_cost": 101.50531049104626, "power_cost": 21.012771337890626, "noise_cost": 33.105328440738106, "n_waypoints_completed": 1, "tot_waypoints": 9}}
{"target": -1253.6645714811643, "params": {"k_pid_pos": [0.5646572111796087, 0.11336765811721587, 0.08406790260279738], "k_pid_alt": [1.4229881853012116, 0.0, 0.1371192606729053], "k_pid_att": [16.826896499448527, 2.7313271905310472, 0.13933848620416267], "k_pid_yaw": [0.5, 1e-06, 0.1], "k_pid_hsp": [0.0001, 0.0009871229515165817, 0.0], "k_pid_vsp": [246.85821937551947, 91.71912977142077, 1e-06]}, "datetime": {"datetime": "2025-08-11 19:58:11", "elapsed": 12771.101293802261, "delta": 29.69508671760559}, "costs": {"total_cost": 1253.6645714811643, "time_cost": 150, "final_distance_cost": 56.47661989151003, "oscillation_cost": 0.06364982543955265, "completition_cost": 888.8888888888888, "overshoot_cost": 104.14221985456221, "power_cost": 21.000101135253907, "noise_cost": 33.093091885509715, "n_waypoints_completed": 1, "tot_waypoints": 9}}
{"target": -185.77875958917852, "params": {"k_pid_pos": [0.8209624488019521, 0.0, 0.03865322861846858], "k_pid_alt": [1.9503031092642256, 0.0, 0.18383509801189202], "k_pid_att": [20.00550305553099, 2.5004198672825795, 0.2207577319646384], "k_pid_yaw": [0.5, 1e-06, 0.1], "k_pid_hsp": [0.1948094378823602, 0.0, 0.0], "k_pid_vsp": [162.6362693672406, 31.331973981897107, 1e-06]}, "datetime": {"datetime": "2025-08-11 19:58:29", "elapsed": 12788.483207464218, "delta": 17.381913661956787}, "costs": {"total_cost": 185.77875958917852, "time_cost": 70.714, "final_distance_cost": 1.8264196197573508, "oscillation_cost": 26.022458243265024, "completition_cost": 0.0, "overshoot_cost": 51.21138651498197, "power_cost": 14.472356176757813, "noise_cost": 21.53213903441639, "n_waypoints_completed": 9, "tot_waypoints": 9}}
