{"target": -221.00425647315248, "params": {"k_pid_pos": [0.36833179437212354, 0.12000393484020744, 0.0], "k_pid_alt": [1.4774655235326728, 0.0004629347372470398, 0.3782992866282705], "k_pid_att": [14.281574047054576, 3.0706666984495525, 0.19872613248878357], "k_pid_yaw": [0.5, 1e-06, 0.1], "k_pid_hsp": [0.0726007498402963, 0.0, 0.0], "k_pid_vsp": [197.03639926439376, 54.119928234356315, 3.266134053691956]}, "datetime": {"datetime": "2025-08-11 18:36:55", "elapsed": 7894.703228235245, "delta": 24.66324806213379}, "costs": {"total_cost": 221.00425647315248, "time_cost": 100.324, "final_distance_cost": 1.8135198465557518, "oscillation_cost": 16.40075485758845, "completition_cost": 0.0, "overshoot_cost": 54.23367992746592, "power_cost": 18.680348205566407, "noise_cost": 29.551953635975934, "n_waypoints_completed": 9, "tot_waypoints": 9}}
{"target": -1531.4247398475495, "params": {"k_pid_pos": [1.1344571346371954, 0.0, 0.24829511125917547], "k_pid_alt": [1.4932891406160231, 0.0, 0.2897209142754781], "k_pid_att": [0.0, 1.508466865019113, 0.18462597675866083], "k_pid_yaw": [0.5, 1e-06, 0.1], "k_pid_hsp": [0.0001, 0.00586736533163918, 0.0], "k_pid_vsp": [178.8061458116452, 54.96135692857509, 1e-06]}, "datetime": {"datetime": "2025-08-11 18:37:25", "elapsed": 7924.4437828063965, "delta": 29.740554571151733}, "costs": {"total_cost": 1531.4247398475495, "time_cost": 150, "final_distance_cost": 46.86113268397211, "oscillation_cost": 216.7996174837315, "completition_cost": 888.8888888888888, "overshoot_cost": 122.97416339446032, "power_cost": 38.63379426269531, "noise_cost": 67.26714313380155, "n_waypoints_completed": 1, "tot_waypoints": 9}}
{"target": -1262.0027823012224, "params": {"k_pid_pos": [0.937646948212224, 0.015281720499785757, 0.13534283183976453], "k_pid_alt": [1.5300158021899866, 0.0, 0.5049678907887705], "k_pid_att": [24.463301965339348, 2.9598653184774304, 0.18981588251851095], "k_pid_yaw": [0.5, 1e-06, 0.1], "k_pid_hsp": [0.0001, 0.001924368254758384, 0.0], "k_pid_vsp": [200.46350611558114, 61.972875439971006, 1e-06]}, "datetime": {"datetime": "2025-08-11 18:37:55", "elapsed": 7954.886224985123, "delta": 30.442442178726196}, "costs": {"total_cost": 1262.0027823012224, "time_cost": 150, "final_distance_cost": 65.96910869544408, "oscillation_cost": 0.16397536349188227, "completition_cost": 888.8888888888888, "overshoot_cost": 102.86428488298256, "power_cost": 21.011248254394534, "noise_cost": 33.10527621602063, "n_waypoints_completed": 1, "tot_waypoints": 9}}
{"target": -189.78131466458746, "params": {"k_pid_pos": [1.3741161496132275, 0.021345993397204444, 0.25198488997987706], "k_pid_alt": [1.6428829903077742, 0.0, 0.2205675957649078], "k_pid_att": [12.91661585268891, 2.959204300947018, 0.15395365743242068], "k_pid_yaw": [0.5, 1e-06, 0.1], "k_pid_hsp": [0.2604208485267869, 0.0, 0.0], "k_pid_vsp": [186.59207931657647, 4.3480183408766235, 2.239114228311184]}, "datetime": {"datetime": "2025-08-11 18:38:13", "elapsed": 7972.624233961105, "delta": 17.738008975982666}, "costs": {"total_cost": 189.78131466458746, "time_cost": 70.679, "final_distance_cost": 1.8184873837014535, "oscillation_cost": 30.238014069884027, "completition_cost": 0.0, "overshoot_cost": 51.01153665070396, "power_cost": 14.7430685546875, "noise_cost": 21.291208005610486, "n_waypoints_completed": 9, "tot_waypoints": 9}}
{"target": -187.37349677009496, "params": {"k_pid_pos": [1.0942943748129101, 0.08960715107664677, 0.18960108587328894], "k_pid_alt": [1.3397975657258019, 0.0, 0.1893216491092815], "k_pid_att": [17.159740924067368, 2.8910056450198125, 0.17475062633823404], "k_pid_yaw": [0.5, 1e-06, 0.1], "k_pid_hsp": [0.23845432682632933, 0.0, 0.0], "k_pid_vsp": [218.6298653170881, 61.548015506140345, 2.259636054151659]}, "datetime": {"datetime": "2025-08-11 18:38:30", "elapsed": 7990.065340280533, "delta": 17.44110631942749}, "costs": {"total_cost": 187.37349677009496, "time_cost": 70.252, "final_distance_cost": 1.8101497554005856, "oscillation_cost": 28.607117581466603, "completition_cost": 0.0, "overshoot_cost": 51.087925135717946, "power_cost": 14.492782849121095, "noise_cost": 21.123521448388733, "n_waypoints_completed": 9, "tot_waypoints": 9}}
{"target": -4996.901804954126, "params": {"k_pid_pos": [1.3302225750297243, 0.07131699101250302, 0.09475418168493746], "k_pid_alt": [1.4623996444536524, 0.8430046914044339, 0.3338607692042044], "k_pid_att": [0.0, 0.9880472854907598, 0.43569508101381654], "k_pid_yaw": [0.5, 1e-06, 0.1], "k_pid_hsp": [3.849804647281573, 0.19854548398087482, 0.16156685882225197], "k_pid_vsp": [279.09578359470595, 1e-06, 27.81443920572073]}, "datetime": {"datetime": "2025-08-11 18:39:00", "elapsed": 8019.8458552360535, "delta": 29.78051495552063}, "costs": {"total_cost": 4996.901804954126, "time_cost": 150, "final_distance_cost": 191.88762605683317, "oscillation_cost": 2126.200715191218, "completition_cost": 1000.0, "overshoot_cost": 1303.442768272998, "power_cost": 58.03113276367188, "noise_cost": 167.3395626694058, "n_waypoints_completed": 0, "tot_waypoints": 9}}
{"target": -1243.436560135986, "params": {"k_pid_pos": [0.9034001118097892, 0.07443836101665768, 0.11103137778605385], "k_pid_alt": [1.3819700524332732, 0.0, 0.30687760411543136], "k_pid_att": [22.305077955392598, 2.9246213613006313, 0.1755273947624425], "k_pid_yaw": [0.5, 1e-06, 0.1], "k_pid_hsp": [0.0001, 0.0, 0.0], "k_pid_vsp": [211.9043975335447, 56.23337610059941, 1e-06]}, "datetime": {"datetime": "2025-08-11 18:39:30", "elapsed": 8049.9339809417725, "delta": 30.088125705718994}, "costs": {"total_cost": 1243.436560135986, "time_cost": 150, "final_distance_cost": 47.86052813805991, "oscillation_cost": 0.007391967121283297, "completition_cost": 888.8888888888888, "overshoot_cost": 102.56990370791793, "power_cost": 21.004115087890625, "noise_cost": 33.10573234610736, "n_waypoints_completed": 1, "tot_waypoints": 9}}
{"target": -189.0500847743093, "params": {"k_pid_pos": [1.2514935186720644, 0.11971321005973493, 0.10476188416433396], "k_pid_alt": [1.4519595413598432, 0.0, 0.4684573162129271], "k_pid_att": [21.422829680513644, 2.9396156125849338, 0.21225374214629356], "k_pid_yaw": [0.5, 1e-06, 0.1], "k_pid_hsp": [0.18329017241669282, 0.0, 0.0], "k_pid_vsp": [211.01126437176728, 93.37167930479268, 1e-06]}, "datetime": {"datetime": "2025-08-11 18:39:47", "elapsed": 8067.331438302994, "delta": 17.397457361221313}, "costs": {"total_cost": 189.0500847743093, "time_cost": 70.46900000000001, "final_distance_cost": 1.8104576224191107, "oscillation_cost": 30.347655150368976, "completition_cost": 0.0, "overshoot_cost": 50.83919145757541, "power_cost": 14.687072143554689, "noise_cost": 20.8967084003911, "n_waypoints_completed": 9, "tot_waypoints": 9}}
{"target": -628.1346800730812, "params": {"k_pid_pos": [1.098433779326884, 0.035015631535649655, 0.15006496096486877], "k_pid_alt": [0.3328955617091862, 0.0, 0.0], "k_pid_att": [35.027121561011505, 3.269547816115993, 0.19897395400782386], "k_pid_yaw": [0.5, 1e-06, 0.1], "k_pid_hsp": [1.8181551332176142, 0.0, 0.08227711016617227], "k_pid_vsp": [193.15347696525058, 53.795472083051315, 1.5862281365374464]}, "datetime": {"datetime": "2025-08-11 18:40:10", "elapsed": 8089.9831800460815, "delta": 22.65174174308777}, "costs": {"total_cost": 628.1346800730812, "time_cost": 91.637, "final_distance_cost": 1.8593161426342748, "oscillation_cost": 432.4538505284576, "completition_cost": 0.0, "overshoot_cost": 52.11642200964038, "power_cost": 25.20437927246094, "noise_cost": 24.86371211988802, "n_waypoints_completed": 9, "tot_waypoints": 9}}
{"target": -186.91520963139976, "params": {"k_pid_pos": [1.1111589223536127, 0.0005965534896607838, 0.1296265291574306], "k_pid_alt": [1.325826033258962, 0.0, 0.0], "k_pid_att": [29.24924329312204, 3.8944228925972357, 0.25992524360129876], "k_pid_yaw": [0.5, 1e-06, 0.1], "k_pid_hsp": [0.2479897106587996, 0.0037392336633535785, 0.0], "k_pid_vsp": [197.5060469815594, 67.67901681896001, 1e-06]}, "datetime": {"datetime": "2025-08-11 18:40:28", "elapsed": 8107.735465049744, "delta": 17.75228500366211}, "costs": {"total_cost": 186.91520963139976, "time_cost": 69.531, "final_distance_cost": 1.824998824892292, "oscillation_cost": 29.067070553518818, "completition_cost": 0.0, "overshoot_cost": 51.07718556544199, "power_cost": 14.481313342285157, "noise_cost": 20.933641345261513, "n_waypoints_completed": 9, "tot_waypoints": 9}}
{"target": -1930.838467804541, "params": {"k_pid_pos": [1.1230883994243797, 0.07595242786007786, 0.22233662917085528], "k_pid_alt": [1.2188663710424412, 0.01965802984072119, 0.15454459259517536], "k_pid_att": [21.23788694667011, 5.257891427348555, 0.0952845880389539], "k_pid_yaw": [0.5, 1e-06, 0.1], "k_pid_hsp": [0.0001, 0.0, 0.45933113900177214], "k_pid_vsp": [261.39284287338796, 30.034819144824816, 201.8087476054863]}, "datetime": {"datetime": "2025-08-11 18:40:58", "elapsed": 8137.962602853775, "delta": 30.227137804031372}, "costs": {"total_cost": 1930.838467804541, "time_cost": 150, "final_distance_cost": 57.72854239416521, "oscillation_cost": 698.6211646457383, "completition_cost": 888.8888888888888, "overshoot_cost": 71.57306740167205, "power_cost": 34.07976649169922, "noise_cost": 29.947037982377562, "n_waypoints_completed": 1, "tot_waypoints": 9}}
{"target": -197.54364340612898, "params": {"k_pid_pos": [0.44731171858599306, 0.09286477282688832, 0.01903124553651931], "k_pid_alt": [1.040700523057839, 0.0, 0.2382916794357972], "k_pid_att": [22.218637865784174, 4.916520426694742, 0.158682978995313], "k_pid_yaw": [0.5, 1e-06, 0.1], "k_pid_hsp": [0.1965806428692558, 0.008930541675556819, 0.0], "k_pid_vsp": [210.28215323827874, 78.36641575396978, 1e-06]}, "datetime": {"datetime": "2025-08-11 18:41:18", "elapsed": 8157.959965705872, "delta": 19.997362852096558}, "costs": {"total_cost": 197.54364340612898, "time_cost": 80.437, "final_distance_cost": 1.833464772415378, "oscillation_cost": 23.80531665095578, "completition_cost": 0.0, "overshoot_cost": 51.65011102823697, "power_cost": 15.614022302246095, "noise_cost": 24.203728652274734, "n_waypoints_completed": 9, "tot_waypoints": 9}}
{"target": -187.74261351988275, "params": {"k_pid_pos": [0.9904932946185496, 0.009993650040414387, 0.08385124455412502], "k_pid_alt": [1.5737001278387743, 0.0, 0.0], "k_pid_att": [23.51861444660195, 3.1372215890079347, 0.1886432363149437], "k_pid_yaw": [0.5, 1e-06, 0.1], "k_pid_hsp": [0.3443816564078281, 0.0, 0.0], "k_pid_vsp": [184.22887458907476, 33.57483333914966, 1.340616026735947]}, "datetime": {"datetime": "2025-08-11 18:41:36", "elapsed": 8175.673473596573, "delta": 17.713507890701294}, "costs": {"total_cost": 187.74261351988275, "time_cost": 70.343, "final_distance_cost": 1.842529527697304, "oscillation_cost": 28.82042085785784, "completition_cost": 0.0, "overshoot_cost": 50.82819040650065, "power_cost": 14.563678112792969, "noise_cost": 21.34479461503399, "n_waypoints_completed": 9, "tot_waypoints": 9}}
{"target": -215.99631766150856, "params": {"k_pid_pos": [0.9602085503539115, 0.10151112003661737, 0.21865860357796132], "k_pid_alt": [1.4331953508772841, 0.0, 0.1379903462220095], "k_pid_att": [35.55735767562762, 4.068175180369592, 0.18047103762329897], "k_pid_yaw": [0.5, 1e-06, 0.1], "k_pid_hsp": [7.24068257886063, 0.0, 0.0], "k_pid_vsp": [213.75390465399732, 72.67453911252248, 1e-06]}, "datetime": {"datetime": "2025-08-11 18:41:53", "elapsed": 8193.038567781448, "delta": 17.36509418487549}, "costs": {"total_cost": 215.99631766150856, "time_cost": 71.281, "final_distance_cost": 1.8479419566500843, "oscillation_cost": 54.9219042775131, "completition_cost": 0.0, "overshoot_cost": 50.92958250722566, "power_cost": 15.369012255859376, "noise_cost": 21.64687666426032, "n_waypoints_completed": 9, "tot_waypoints": 9}}
{"target": -193.89471782489395, "params": {"k_pid_pos": [1.0293210174998992, 0.21414704222480235, 0.2386306328630948], "k_pid_alt": [1.5420065232156168, 0.011485356641304996, 0.3367570147585614], "k_pid_att": [45.59300655878248, 2.9654191567755026, 0.15492847064313403], "k_pid_yaw": [0.5, 1e-06, 0.1], "k_pid_hsp": [0.9165858913401939, 0.0, 0.0], "k_pid_vsp": [211.15790755303527, 111.38556046069888, 1e-06]}, "datetime": {"datetime": "2025-08-11 18:42:11", "elapsed": 8210.59666633606, "delta": 17.558098554611206}, "costs": {"total_cost": 193.89471782489395, "time_cost": 71.407, "final_distance_cost": 1.8131761290273365, "oscillation_cost": 32.77191781700319, "completition_cost": 0.0, "overshoot_cost": 51.07959202784579, "power_cost": 14.982252868652344, "noise_cost": 21.840778982365254, "n_waypoints_completed": 9, "tot_waypoints": 9}}
{"target": -1536.6620466059892, "params": {"k_pid_pos": [1.4333219361356473, 0.05957791849465845, 0.08294237541128996], "k_pid_alt": [1.0896226233602508, 0.001035135445570174, 0.19665186984385408], "k_pid_att": [19.906961750594405, 4.105193666567064, 0.11026912715671841], "k_pid_yaw": [0.5, 1e-06, 0.1], "k_pid_hsp": [0.005758739956824116, 0.15167568770676876, 0.2463197154590444], "k_pid_vsp": [188.36421760549786, 66.21699916830231, 1e-06]}, "datetime": {"datetime": "2025-08-11 18:42:41", "elapsed": 8240.402402162552, "delta": 29.80573582649231}, "costs": {"total_cost": 1536.6620466059892, "time_cost": 150, "final_distance_cost": 36.40148508486724, "oscillation_cost": 628.3605992640745, "completition_cost": 555.5555555555555, "overshoot_cost": 104.31952147231563, "power_cost": 30.970687744140626, "noise_cost": 31.054197485035427, "n_waypoints_completed": 4, "tot_waypoints": 9}}
{"target": -188.5596583686555, "params": {"k_pid_pos": [1.3495144809439075, 0.04637552353158496, 0.22831794130943348], "k_pid_alt": [1.529798285248195, 0.010127166007217706, 0.2817793817113591], "k_pid_att": [14.448525484043694, 0.45272111517269664, 0.18812851615509346], "k_pid_yaw": [0.5, 1e-06, 0.1], "k_pid_hsp": [0.3517330456755322, 0.0, 0.0], "k_pid_vsp": [322.48915069505165, 50.29437760450848, 1e-06]}, "datetime": {"datetime": "2025-08-11 18:42:58", "elapsed": 8257.754719734192, "delta": 17.352317571640015}, "costs": {"total_cost": 188.5596583686555, "time_cost": 69.783, "final_distance_cost": 1.8308290908485245, "oscillation_cost": 30.661350237022422, "completition_cost": 0.0, "overshoot_cost": 50.79709306734847, "power_cost": 14.545987780761719, "noise_cost": 20.941398192674377, "n_waypoints_completed": 9, "tot_waypoints": 9}}
{"target": -187.39235583315553, "params": {"k_pid_pos": [1.04263921766494, 0.0, 0.2533421781108504], "k_pid_alt": [1.4977037422812587, 0.0009234858104265075, 0.08152569555510195], "k_pid_att": [23.504005402597045, 2.7558901804164124, 0.3576571217767501], "k_pid_yaw": [0.5, 1e-06, 0.1], "k_pid_hsp": [0.342642585119737, 0.0, 0.0], "k_pid_vsp": [245.49164050961588, 65.27169000690905, 1e-06]}, "datetime": {"datetime": "2025-08-11 18:43:15", "elapsed": 8275.083977222443, "delta": 17.329257488250732}, "costs": {"total_cost": 187.39235583315553, "time_cost": 70.714, "final_distance_cost": 1.845609157336948, "oscillation_cost": 27.78226293079622, "completition_cost": 0.0, "overshoot_cost": 50.72558498389657, "power_cost": 14.61327117919922, "noise_cost": 21.711627581926567, "n_waypoints_completed": 9, "tot_waypoints": 9}}
{"target": -188.62325011049634, "params": {"k_pid_pos": [1.036856382000608, 0.08645782865396612, 0.0], "k_pid_alt": [1.6434006852548682, 0.0, 0.3439297157373871], "k_pid_att": [19.57805934314413, 3.116351678400846, 0.1378766885527665], "k_pid_yaw": [0.5, 1e-06, 0.1], "k_pid_hsp": [0.2656608467961614, 0.0, 0.0], "k_pid_vsp": [211.23172455910094, 43.26363561361423, 1e-06]}, "datetime": {"datetime": "2025-08-11 18:43:32", "elapsed": 8292.220599412918, "delta": 17.136622190475464}, "costs": {"total_cost": 188.62325011049634, "time_cost": 70.0, "final_distance_cost": 1.8116290714709833, "oscillation_cost": 30.021152332486647, "completition_cost": 0.0, "overshoot_cost": 51.028009700059165, "power_cost": 14.6519923828125, "noise_cost": 21.110466623667048, "n_waypoints_completed": 9, "tot_waypoints": 9}}
{"target": -1206.158873554059, "params": {"k_pid_pos": [0.006105512995740803, 0.3116840234885858, 0.0554212552079463], "k_pid_alt": [1.4336241434124821, 0.0, 0.6700884396333457], "k_pid_att": [16.217712389491684, 1.5323773688196458, 0.2150281035361165], "k_pid_yaw": [0.5, 1e-06, 0.1], "k_pid_hsp": [0.0001, 0.0, 0.0], "k_pid_vsp": [136.19681355989894, 37.08701265739873, 3.3474360103066934]}, "datetime": {"datetime": "2025-08-11 18:44:02", "elapsed": 8321.772220134735, "delta": 29.551620721817017}, "costs": {"total_cost": 1206.158873554059, "time_cost": 150, "final_distance_cost": 45.285526233732796, "oscillation_cost": 0.00219090285565915, "completition_cost": 888.8888888888888, "overshoot_cost": 67.88203989851688, "power_cost": 20.99258112792969, "noise_cost": 33.1076465021352, "n_waypoints_completed": 1, "tot_waypoints": 9}}
{"target": -186.68803974672073, "params": {"k_pid_pos": [0.9676894534127565, 0.04389913728064014, 0.11935890562205935], "k_pid_alt": [1.4444220805006633, 0.0, 0.2687322903805254], "k_pid_att": [19.26640281671832, 2.9648276163243437, 0.1855134998756315], "k_pid_yaw": [0.5, 1e-06, 0.1], "k_pid_hsp": [0.29681365788923614, 0.0, 0.0], "k_pid_vsp": [214.03834559689503, 54.27163482117807, 1e-06]}, "datetime": {"datetime": "2025-08-11 18:44:20", "elapsed": 8339.486738681793, "delta": 17.714518547058105}, "costs": {"total_cost": 186.68803974672073, "time_cost": 70.294, "final_distance_cost": 1.8394848191321755, "oscillation_cost": 28.07088450851247, "completition_cost": 0.0, "overshoot_cost": 50.78742781617582, "power_cost": 14.468064514160156, "noise_cost": 21.228178088740133, "n_waypoints_completed": 9, "tot_waypoints": 9}}
{"target": -192.7032135695678, "params": {"k_pid_pos": [1.031295081414427, 0.17372172180119183, 0.08421574164833945], "k_pid_alt": [1.460619015429758, 0.0005635000137517934, 0.2527475563982985], "k_pid_att": [40.0018538928002, 3.2390601295945793, 0.1882603711008079], "k_pid_yaw": [0.5, 1e-06, 0.1], "k_pid_hsp": [0.22628066481961456, 0.005620601510863181, 0.0], "k_pid_vsp": [200.68876353019013, 52.246304553123494, 0.9283136936673237]}, "datetime": {"datetime": "2025-08-11 18:44:37", "elapsed": 8357.190839529037, "delta": 17.704100847244263}, "costs": {"total_cost": 192.7032135695678, "time_cost": 73.381, "final_distance_cost": 1.7923841654026342, "oscillation_cost": 29.28440798061828, "completition_cost": 0.0, "overshoot_cost": 51.24366367245381, "power_cost": 15.127328063964844, "noise_cost": 21.874429687128206, "n_waypoints_completed": 9, "tot_waypoints": 9}}
{"target": -189.61781914475176, "params": {"k_pid_pos": [1.03680886116401, 0.1376365696388822, 0.14851282176933764], "k_pid_alt": [1.4364414782051067, 0.02118483321200818, 0.31760748643228887], "k_pid_att": [23.497000530804854, 2.5654124344982505, 0.40648637905085333], "k_pid_yaw": [0.5, 1e-06, 0.1], "k_pid_hsp": [0.7965535503089771, 0.005383641022788543, 0.0], "k_pid_vsp": [249.42069552636127, 57.401656198971196, 1e-06]}, "datetime": {"datetime": "2025-08-11 18:44:54", "elapsed": 8374.136900424957, "delta": 16.9460608959198}, "costs": {"total_cost": 189.61781914475176, "time_cost": 70.581, "final_distance_cost": 1.8236022445163915, "oscillation_cost": 29.952517622731193, "completition_cost": 0.0, "overshoot_cost": 50.84417589400803, "power_cost": 14.774552770996095, "noise_cost": 21.64197061250009, "n_waypoints_completed": 9, "tot_waypoints": 9}}
{"target": -186.13226213502466, "params": {"k_pid_pos": [1.0172206366150895, 0.0, 0.32864897008155314], "k_pid_alt": [1.4890268758796104, 0.0, 0.31595291373497875], "k_pid_att": [21.122961300097415, 3.2167616193763093, 0.17921303451967405], "k_pid_yaw": [0.5, 1e-06, 0.1], "k_pid_hsp": [0.07310354357510693, 0.0, 0.0], "k_pid_vsp": [217.39326513472614, 65.06980490551517, 1e-06]}, "datetime": {"datetime": "2025-08-11 18:45:12", "elapsed": 8392.354118824005, "delta": 18.21721839904785}, "costs": {"total_cost": 186.13226213502466, "time_cost": 72.226, "final_distance_cost": 1.8204811334362634, "oscillation_cost": 23.601061537903718, "completition_cost": 0.0, "overshoot_cost": 52.6957906078853, "power_cost": 14.161735998535157, "noise_cost": 21.62719285726422, "n_waypoints_completed": 9, "tot_waypoints": 9}}
{"target": -187.2370678551467, "params": {"k_pid_pos": [1.1999921844943773, 0.08332082324985352, 0.21590189421728911], "k_pid_alt": [1.4059873703967225, 0.0, 0.2522968983650904], "k_pid_att": [12.934167199873611, 1.9754624816415765, 0.26749417423523497], "k_pid_yaw": [0.5, 1e-06, 0.1], "k_pid_hsp": [0.21987944284364497, 0.0, 0.0], "k_pid_vsp": [189.60121308866613, 73.06521574555298, 3.599958564673067]}, "datetime": {"datetime": "2025-08-11 18:45:30", "elapsed": 8409.495841026306, "delta": 17.141722202301025}, "costs": {"total_cost": 187.2370678551467, "time_cost": 69.902, "final_distance_cost": 1.8166413614073753, "oscillation_cost": 29.182167460048188, "completition_cost": 0.0, "overshoot_cost": 50.88390005875771, "power_cost": 14.520919543457032, "noise_cost": 20.931439431476377, "n_waypoints_completed": 9, "tot_waypoints": 9}}
{"target": -191.3581433401113, "params": {"k_pid_pos": [1.0379701153777499, 0.07339241993215026, 0.18642828123753297], "k_pid_alt": [1.4357120787575437, 0.0, 0.3056613076059884], "k_pid_att": [18.02852185349776, 2.851168015938331, 0.16698315607090114], "k_pid_yaw": [0.5, 1e-06, 0.1], "k_pid_hsp": [0.07708891061214544, 0.0042684936145502336, 0.0], "k_pid_vsp": [253.8344743950512, 53.9536357486033, 1e-06]}, "datetime": {"datetime": "2025-08-11 18:45:48", "elapsed": 8427.611057043076, "delta": 18.11521601676941}, "costs": {"total_cost": 191.3581433401113, "time_cost": 74.249, "final_distance_cost": 1.76493626178495, "oscillation_cost": 26.154072952657945, "completition_cost": 0.0, "overshoot_cost": 52.33986622091701, "power_cost": 14.833948242187502, "noise_cost": 22.01631966256391, "n_waypoints_completed": 9, "tot_waypoints": 9}}
