{"target": -237.9188799685453, "params": {"k_pid_pos": [1.5563059460945279, 0.6942451086752264, 0.0], "k_pid_alt": [1.5438414747703475, 0.0, 0.3734680808267937], "k_pid_att": [3.1305376887446066, 3.6076365450285666, 0.0436624858450512], "k_pid_yaw": [0.5, 1e-06, 0.1], "k_pid_hsp": [0.2881520548924297, 0.009790060954876235, 0.0], "k_pid_vsp": [261.4169838882517, 1e-06, 1e-06]}, "datetime": {"datetime": "2025-08-11 17:13:10", "elapsed": 2870.191328525543, "delta": 22.108404636383057}, "costs": {"total_cost": 237.9188799685453, "time_cost": 87.885, "final_distance_cost": 1.7427889070381164, "oscillation_cost": 44.29297321001427, "completition_cost": 0.0, "overshoot_cost": 57.18891094743508, "power_cost": 20.142087463378907, "noise_cost": 26.66711944067891, "n_waypoints_completed": 9, "tot_waypoints": 9}}
{"target": -203.8886760587621, "params": {"k_pid_pos": [1.3839947267054489, 0.24283148148263395, 0.11227008018571474], "k_pid_alt": [0.7284564609410661, 0.0, 0.0], "k_pid_att": [19.619046246751974, 2.7642675941321997, 0.3367427797340808], "k_pid_yaw": [0.5, 1e-06, 0.1], "k_pid_hsp": [1.7870357889175066, 0.0, 0.0], "k_pid_vsp": [124.40757838612495, 1e-06, 14.672344919490769]}, "datetime": {"datetime": "2025-08-11 17:13:29", "elapsed": 2888.6453189849854, "delta": 18.45399045944214}, "costs": {"total_cost": 203.8886760587621, "time_cost": 75.243, "final_distance_cost": 1.7626356720878298, "oscillation_cost": 36.1071013919489, "completition_cost": 0.0, "overshoot_cost": 51.764059827131334, "power_cost": 19.737408312988283, "noise_cost": 19.274470854605724, "n_waypoints_completed": 9, "tot_waypoints": 9}}
{"target": -188.96568154178075, "params": {"k_pid_pos": [0.9589812075552596, 0.1467112689350898, 0.0], "k_pid_alt": [1.420742517412219, 0.0, 0.2969457578764667], "k_pid_att": [11.509523410585984, 3.266807157694283, 0.1978799632403085], "k_pid_yaw": [0.5, 1e-06, 0.1], "k_pid_hsp": [0.23546949572751208, 0.0, 0.0], "k_pid_vsp": [162.39994924885315, 38.60424858557726, 1e-06]}, "datetime": {"datetime": "2025-08-11 17:13:47", "elapsed": 2906.470366716385, "delta": 17.825047731399536}, "costs": {"total_cost": 188.96568154178075, "time_cost": 70.798, "final_distance_cost": 1.8181769995582409, "oscillation_cost": 29.425446632077758, "completition_cost": 0.0, "overshoot_cost": 51.04022421724646, "power_cost": 14.68779052734375, "noise_cost": 21.196043165554528, "n_waypoints_completed": 9, "tot_waypoints": 9}}
{"target": -14338.546209177455, "params": {"k_pid_pos": [1.5538570592156165, 0.5429881348201496, 0.21168655596295313], "k_pid_alt": [1.5073724706586582, 0.6629750293426145, 0.28520588119606227], "k_pid_att": [0.0, 1.628124707203174, 0.6211037466937883], "k_pid_yaw": [0.5, 1e-06, 0.1], "k_pid_hsp": [2.391776755306256, 0.23145125946564102, 0.310744495798676], "k_pid_vsp": [226.5826938309048, 165.61461655020784, 41.71712456180711]}, "datetime": {"datetime": "2025-08-11 17:14:16", "elapsed": 2936.201636314392, "delta": 29.731269598007202}, "costs": {"total_cost": 14338.546209177455, "time_cost": 150, "final_distance_cost": 4154.866514626486, "oscillation_cost": 2151.5169334659045, "completition_cost": 1000.0, "overshoot_cost": 6658.345574653075, "power_cost": 58.55369877929688, "noise_cost": 165.26348765269339, "n_waypoints_completed": 0, "tot_waypoints": 9}}
{"target": -281.2697798586241, "params": {"k_pid_pos": [2.0, 0.2653534839781711, 0.20659450616236], "k_pid_alt": [1.2679263852351785, 0.1179626142632928, 0.20623016768283703], "k_pid_att": [30.572314414670622, 4.247231211694454, 0.2467570858274808], "k_pid_yaw": [0.5, 1e-06, 0.1], "k_pid_hsp": [2.9190148924286397, 0.5337182044760611, 0.0], "k_pid_vsp": [353.26109593157526, 52.136157658574064, 42.34348940990054]}, "datetime": {"datetime": "2025-08-11 17:14:42", "elapsed": 2962.243204832077, "delta": 26.041568517684937}, "costs": {"total_cost": 281.2697798586241, "time_cost": 106.498, "final_distance_cost": 1.7775585557058773, "oscillation_cost": 64.48373084992211, "completition_cost": 0.0, "overshoot_cost": 53.977651960857884, "power_cost": 28.365983557128907, "noise_cost": 26.166854935009287, "n_waypoints_completed": 9, "tot_waypoints": 9}}
{"target": -8394.430068686219, "params": {"k_pid_pos": [1.2148656420007167, 1.0, 0.25724891953170986], "k_pid_alt": [1.310505968771558, 0.0, 0.5481075216315734], "k_pid_att": [0.0, 2.891283258596236, 0.3005877037557657], "k_pid_yaw": [0.5, 1e-06, 0.1], "k_pid_hsp": [3.5914664843063253, 0.0, 1.0], "k_pid_vsp": [230.89832668257304, 84.7398351074635, 40.39789449773889]}, "datetime": {"datetime": "2025-08-11 17:15:12", "elapsed": 2991.6766867637634, "delta": 29.4334819316864}, "costs": {"total_cost": 8394.430068686219, "time_cost": 150, "final_distance_cost": 2325.4969805474743, "oscillation_cost": 1815.3981770994524, "completition_cost": 1000.0, "overshoot_cost": 2884.4804764547944, "power_cost": 58.81970079345703, "noise_cost": 160.2347337910415, "n_waypoints_completed": 0, "tot_waypoints": 9}}
{"target": -8990.767767862511, "params": {"k_pid_pos": [0.9444993684076649, 0.5227941637585438, 0.24043709625022552], "k_pid_alt": [2.0, 0.0, 1.0], "k_pid_att": [0.0, 2.884615864628646, 0.18479641291266136], "k_pid_yaw": [0.5, 1e-06, 0.1], "k_pid_hsp": [5.44233485860657, 0.0, 0.0638782719366083], "k_pid_vsp": [173.18960644764374, 36.41280678771545, 14.020588164416239]}, "datetime": {"datetime": "2025-08-11 17:15:42", "elapsed": 3021.385658979416, "delta": 29.708972215652466}, "costs": {"total_cost": 8990.767767862511, "time_cost": 150, "final_distance_cost": 2330.095824842833, "oscillation_cost": 1730.8121045193138, "completition_cost": 1000.0, "overshoot_cost": 3578.6153237265685, "power_cost": 57.87063028564453, "noise_cost": 143.37388448815113, "n_waypoints_completed": 0, "tot_waypoints": 9}}
{"target": -1253.0392324909085, "params": {"k_pid_pos": [1.6558295912567336, 0.3478738491247443, 0.24848464924564084], "k_pid_alt": [1.8117170222286478, 0.0, 1.0], "k_pid_att": [6.904515243967257, 1.1073363356787138, 0.0], "k_pid_yaw": [0.5, 1e-06, 0.1], "k_pid_hsp": [0.0001, 0.0, 0.0], "k_pid_vsp": [298.4718821108662, 1e-06, 1e-06]}, "datetime": {"datetime": "2025-08-11 17:16:11", "elapsed": 3051.0724716186523, "delta": 29.68681263923645}, "costs": {"total_cost": 1253.0392324909085, "time_cost": 150, "final_distance_cost": 49.47561744578921, "oscillation_cost": 4.452496384245097, "completition_cost": 888.8888888888888, "overshoot_cost": 106.0998230867791, "power_cost": 21.003593859863283, "noise_cost": 33.118812825343156, "n_waypoints_completed": 1, "tot_waypoints": 9}}
{"target": -5451.083959851252, "params": {"k_pid_pos": [1.3742690455912103, 0.18014713731011098, 0.19636950238214868], "k_pid_alt": [0.9625451913527603, 0.10596066556643419, 0.28037485728557804], "k_pid_att": [0.0, 5.820854157765127, 0.0955251014454919], "k_pid_yaw": [0.5, 1e-06, 0.1], "k_pid_hsp": [2.553800661439299, 0.0, 0.5472719947076615], "k_pid_vsp": [400.0, 347.7494438137844, 152.14554781124716]}, "datetime": {"datetime": "2025-08-11 17:16:41", "elapsed": 3080.7523798942566, "delta": 29.679908275604248}, "costs": {"total_cost": 5451.083959851252, "time_cost": 150, "final_distance_cost": 445.51472245285277, "oscillation_cost": 2014.3726687818828, "completition_cost": 1000.0, "overshoot_cost": 1629.3435080580184, "power_cost": 58.44964510498047, "noise_cost": 153.4034154535177, "n_waypoints_completed": 0, "tot_waypoints": 9}}
{"target": -2563.871324556288, "params": {"k_pid_pos": [2.0, 0.4312944428007554, 0.3855394188567225], "k_pid_alt": [1.7697582502952498, 0.4984041759485746, 0.0], "k_pid_att": [0.0, 0.0001, 0.29895217766439286], "k_pid_yaw": [0.5, 1e-06, 0.1], "k_pid_hsp": [0.3477257129722684, 0.13047183308364135, 0.0], "k_pid_vsp": [277.343846590923, 1e-06, 92.03687195055154]}, "datetime": {"datetime": "2025-08-11 17:17:11", "elapsed": 3110.5833773612976, "delta": 29.830997467041016}, "costs": {"total_cost": 2563.871324556288, "time_cost": 150, "final_distance_cost": 176.8147029667505, "oscillation_cost": 2.1259438149541316, "completition_cost": 1000.0, "overshoot_cost": 1178.423301592451, "power_cost": 29.461821606445312, "noise_cost": 27.045554575687426, "n_waypoints_completed": 0, "tot_waypoints": 9}}
{"target": -4874.527265335829, "params": {"k_pid_pos": [1.710954928581554, 0.2805621218752675, 0.0], "k_pid_alt": [1.8590528620242672, 0.0, 0.0], "k_pid_att": [0.0, 1.9582796675755652, 0.16725086965416483], "k_pid_yaw": [0.5, 1e-06, 0.1], "k_pid_hsp": [0.41974614723197945, 0.0, 0.0], "k_pid_vsp": [199.81654487270205, 1e-06, 1e-06]}, "datetime": {"datetime": "2025-08-11 17:17:40", "elapsed": 3140.0544514656067, "delta": 29.471074104309082}, "costs": {"total_cost": 4874.527265335829, "time_cost": 150, "final_distance_cost": 243.55751147256436, "oscillation_cost": 2017.4668805838917, "completition_cost": 1000.0, "overshoot_cost": 1238.310527126316, "power_cost": 58.95508670654297, "noise_cost": 166.23725944651392, "n_waypoints_completed": 0, "tot_waypoints": 9}}
{"target": -273.0325279853581, "params": {"k_pid_pos": [2.0, 0.3634797444984175, 0.574497984779836], "k_pid_alt": [1.7075957067670515, 0.11222215600783261, 0.2999865788071572], "k_pid_att": [11.237465628810778, 5.0515348477686235, 0.19818078861011829], "k_pid_yaw": [0.5, 1e-06, 0.1], "k_pid_hsp": [7.287224715387255, 0.15113111317005712, 0.0], "k_pid_vsp": [184.66459465470518, 114.60625323175282, 44.83405704231424]}, "datetime": {"datetime": "2025-08-11 17:18:03", "elapsed": 3162.774570465088, "delta": 22.7201189994812}, "costs": {"total_cost": 273.0325279853581, "time_cost": 91.798, "final_distance_cost": 1.7451477967640798, "oscillation_cost": 81.04463220347954, "completition_cost": 0.0, "overshoot_cost": 52.13101072197229, "power_cost": 23.912209912109375, "noise_cost": 22.401527351032822, "n_waypoints_completed": 9, "tot_waypoints": 9}}
{"target": -1341.7935209402158, "params": {"k_pid_pos": [1.0884904525209398, 0.0, 0.19805829763934307], "k_pid_alt": [1.2592560412404066, 0.07133663883979272, 0.0], "k_pid_att": [1.7557341781710925, 3.008902745975219, 0.16775426527686815], "k_pid_yaw": [0.5, 1e-06, 0.1], "k_pid_hsp": [0.0001, 0.2910876746945835, 0.0], "k_pid_vsp": [229.531269290726, 124.06923008775333, 1e-06]}, "datetime": {"datetime": "2025-08-11 17:18:33", "elapsed": 3192.885951280594, "delta": 30.11138081550598}, "costs": {"total_cost": 1341.7935209402158, "time_cost": 150, "final_distance_cost": 94.1882926166215, "oscillation_cost": 158.17703669964988, "completition_cost": 777.7777777777778, "overshoot_cost": 88.64314606564895, "power_cost": 36.796614404296875, "noise_cost": 36.21065337622083, "n_waypoints_completed": 2, "tot_waypoints": 9}}
{"target": -1270.7901753091735, "params": {"k_pid_pos": [2.0, 0.2949221799134407, 0.2301577594051633], "k_pid_alt": [2.0, 0.0, 0.053139027340586564], "k_pid_att": [0.0, 0.7761439647403696, 0.16748653540467817], "k_pid_yaw": [0.5, 1e-06, 0.1], "k_pid_hsp": [0.0001, 0.0, 0.0], "k_pid_vsp": [213.73606551807936, 9.240177045700626, 41.53147340815339]}, "datetime": {"datetime": "2025-08-11 17:19:03", "elapsed": 3222.601547241211, "delta": 29.715595960617065}, "costs": {"total_cost": 1270.7901753091735, "time_cost": 150, "final_distance_cost": 48.922126579997844, "oscillation_cost": 19.182479338503246, "completition_cost": 888.8888888888888, "overshoot_cost": 107.65527468731663, "power_cost": 29.692277392578127, "noise_cost": 26.449128421888815, "n_waypoints_completed": 1, "tot_waypoints": 9}}
{"target": -588.5972035395845, "params": {"k_pid_pos": [0.5524532291874682, 0.40128200720333557, 0.03308290839974832], "k_pid_alt": [1.5936826064025624, 0.10360997385424153, 0.4062161883205565], "k_pid_att": [12.413957570382117, 0.0001, 0.06136006286687826], "k_pid_yaw": [0.5, 1e-06, 0.1], "k_pid_hsp": [1.4071558730714333, 0.0, 0.0], "k_pid_vsp": [294.30383431456414, 25.78612094527066, 121.40558083583738]}, "datetime": {"datetime": "2025-08-11 17:19:32", "elapsed": 3252.1730527877808, "delta": 29.571505546569824}, "costs": {"total_cost": 588.5972035395845, "time_cost": 150, "final_distance_cost": 65.11054205688843, "oscillation_cost": 36.189447359041075, "completition_cost": 222.2222222222222, "overshoot_cost": 57.55663121045184, "power_cost": 30.66200280761719, "noise_cost": 26.85635788336366, "n_waypoints_completed": 7, "tot_waypoints": 9}}
{"target": -203.59266023832348, "params": {"k_pid_pos": [1.2060099898753025, 0.3181269671957677, 0.04906525738148934], "k_pid_alt": [1.471142062165124, 0.008709937190502885, 0.3402249943182531], "k_pid_att": [61.715691461049616, 2.639378189906782, 0.16180058428200592], "k_pid_yaw": [0.5, 1e-06, 0.1], "k_pid_hsp": [1.1704354909236725, 0.0, 0.0], "k_pid_vsp": [155.3462172421834, 24.086930255837878, 1e-06]}, "datetime": {"datetime": "2025-08-11 17:19:51", "elapsed": 3270.401644706726, "delta": 18.228591918945312}, "costs": {"total_cost": 203.59266023832348, "time_cost": 73.787, "final_distance_cost": 1.8007627266220174, "oscillation_cost": 38.51803619961247, "completition_cost": 0.0, "overshoot_cost": 51.60759381028311, "power_cost": 15.857964257812501, "noise_cost": 22.02130324399338, "n_waypoints_completed": 9, "tot_waypoints": 9}}
{"target": -11451.339427514598, "params": {"k_pid_pos": [1.4491592246976834, 0.2827744824156429, 0.0], "k_pid_alt": [2.0, 0.0, 0.2880723485161648], "k_pid_att": [0.0, 3.384993368612438, 0.1487347641033867], "k_pid_yaw": [0.5, 1e-06, 0.1], "k_pid_hsp": [0.3156725177553168, 0.0, 0.0], "k_pid_vsp": [247.17672215802583, 42.72266065659906, 1e-06]}, "datetime": {"datetime": "2025-08-11 17:20:20", "elapsed": 3300.1877970695496, "delta": 29.786152362823486}, "costs": {"total_cost": 11451.339427514598, "time_cost": 150, "final_distance_cost": 2423.0596964225488, "oscillation_cost": 1731.0194230756329, "completition_cost": 1000.0, "overshoot_cost": 5939.076462563848, "power_cost": 56.70210123291016, "noise_cost": 151.48174421966024, "n_waypoints_completed": 0, "tot_waypoints": 9}}
{"target": -1450.5956451674056, "params": {"k_pid_pos": [2.0, 0.028427300339202544, 0.010938936601058422], "k_pid_alt": [0.40281438753966714, 0.43745966977892514, 0.0], "k_pid_att": [21.576684895598788, 4.954956528463187, 0.23803447287340282], "k_pid_yaw": [0.5, 1e-06, 0.1], "k_pid_hsp": [0.0001, 0.9912919293299448, 0.7954728198478842], "k_pid_vsp": [280.87709147391786, 326.4218018289937, 20.021944898853935]}, "datetime": {"datetime": "2025-08-11 17:20:50", "elapsed": 3329.930323600769, "delta": 29.742526531219482}, "costs": {"total_cost": 1450.5956451674056, "time_cost": 150, "final_distance_cost": 79.85271004836395, "oscillation_cost": 530.4203794616053, "completition_cost": 555.5555555555555, "overshoot_cost": 71.63472479907826, "power_cost": 32.45384549560547, "noise_cost": 30.67842980719704, "n_waypoints_completed": 4, "tot_waypoints": 9}}
{"target": -221.28165389938331, "params": {"k_pid_pos": [1.844346013320907, 0.35617342415199393, 0.1732366819799061], "k_pid_alt": [1.4926426924368634, 0.18150117896549, 0.2950260900619976], "k_pid_att": [18.00604666913411, 1.2632924646948869, 0.192331972560087], "k_pid_yaw": [0.5, 1e-06, 0.1], "k_pid_hsp": [0.4071473512760258, 0.0, 0.0], "k_pid_vsp": [219.9584549640199, 44.68038061853998, 39.573695162613475]}, "datetime": {"datetime": "2025-08-11 17:21:12", "elapsed": 3352.021460056305, "delta": 22.09113645553589}, "costs": {"total_cost": 221.28165389938331, "time_cost": 84.959, "final_distance_cost": 1.7388823096593644, "oscillation_cost": 38.164905486493645, "completition_cost": 0.0, "overshoot_cost": 53.59285058779798, "power_cost": 21.947280212402344, "noise_cost": 20.878735303029973, "n_waypoints_completed": 9, "tot_waypoints": 9}}
{"target": -192.3354243332459, "params": {"k_pid_pos": [0.9369917273382754, 0.3206691184276981, 0.15849013273961948], "k_pid_alt": [1.479149941475058, 0.008801655866369735, 0.0], "k_pid_att": [34.193450465577314, 3.1712638918121505, 0.19433150310039085], "k_pid_yaw": [0.5, 1e-06, 0.1], "k_pid_hsp": [0.16844302470115244, 0.010080959689164448, 0.0], "k_pid_vsp": [191.87961969773164, 51.72692819425676, 5.075978648777561]}, "datetime": {"datetime": "2025-08-11 17:21:30", "elapsed": 3370.298800468445, "delta": 18.277340412139893}, "costs": {"total_cost": 192.3354243332459, "time_cost": 73.668, "final_distance_cost": 1.7791750243076756, "oscillation_cost": 28.892776772840048, "completition_cost": 0.0, "overshoot_cost": 50.991922337041, "power_cost": 15.191309936523439, "noise_cost": 21.812240262533734, "n_waypoints_completed": 9, "tot_waypoints": 9}}
{"target": -1445.863100946762, "params": {"k_pid_pos": [0.5572473378764731, 0.26390679646776394, 0.17775085867273463], "k_pid_alt": [1.5335723876567988, 0.0, 0.0], "k_pid_att": [22.886030988793927, 5.5509843481553816, 0.23120678944615514], "k_pid_yaw": [0.5, 1e-06, 0.1], "k_pid_hsp": [0.0001, 0.0, 0.0], "k_pid_vsp": [133.91054041841565, 42.24861712084875, 183.09958678952307]}, "datetime": {"datetime": "2025-08-11 17:22:00", "elapsed": 3400.15940117836, "delta": 29.86060070991516}, "costs": {"total_cost": 1445.863100946762, "time_cost": 150, "final_distance_cost": 4.572973888006918, "oscillation_cost": 0.07541797216359312, "completition_cost": 1000.0, "overshoot_cost": 164.080397605864, "power_cost": 29.718303051757815, "noise_cost": 97.41600842896962, "n_waypoints_completed": 0, "tot_waypoints": 9}}
{"target": -1246.982422403972, "params": {"k_pid_pos": [1.2914906097236352, 0.0, 0.0], "k_pid_alt": [1.358176162836782, 0.0, 0.0], "k_pid_att": [8.893597949497016, 1.9635516096229275, 0.15551455011982673], "k_pid_yaw": [0.5, 1e-06, 0.1], "k_pid_hsp": [0.0001, 0.0, 0.0], "k_pid_vsp": [162.107549588353, 1e-06, 1e-06]}, "datetime": {"datetime": "2025-08-11 17:22:30", "elapsed": 3429.8849425315857, "delta": 29.725541353225708}, "costs": {"total_cost": 1246.982422403972, "time_cost": 150, "final_distance_cost": 48.3867528000208, "oscillation_cost": 0.006076310859135063, "completition_cost": 888.8888888888888, "overshoot_cost": 105.57848548034129, "power_cost": 21.003852685546875, "noise_cost": 33.11836623831511, "n_waypoints_completed": 1, "tot_waypoints": 9}}
{"target": -1250.4051861668981, "params": {"k_pid_pos": [1.154994075041111, 0.282606773678391, 0.1498832952299136], "k_pid_alt": [1.3595052037118356, 0.004140382753273705, 0.26594157330661033], "k_pid_att": [4.8748462888844415, 4.912818959355305, 0.3873902931439112], "k_pid_yaw": [0.5, 1e-06, 0.1], "k_pid_hsp": [0.0001, 0.0, 0.0], "k_pid_vsp": [154.55187722842135, 51.41234238810573, 14.881723096127459]}, "datetime": {"datetime": "2025-08-11 17:23:00", "elapsed": 3460.3265538215637, "delta": 30.441611289978027}, "costs": {"total_cost": 1250.4051861668981, "time_cost": 150, "final_distance_cost": 49.29274131058082, "oscillation_cost": 0.20866065792965457, "completition_cost": 888.8888888888888, "overshoot_cost": 106.14227304062597, "power_cost": 29.233012866210938, "noise_cost": 26.63960940266211, "n_waypoints_completed": 1, "tot_waypoints": 9}}
{"target": -200.96859500660395, "params": {"k_pid_pos": [1.9257592327149555, 0.2288623546877882, 0.0], "k_pid_alt": [1.4774450807501138, 0.0, 0.1578218338571052], "k_pid_att": [39.61859661122525, 3.172118875913649, 0.29238677291233717], "k_pid_yaw": [0.5, 1e-06, 0.1], "k_pid_hsp": [0.2740002935606236, 0.01303749678413773, 0.0], "k_pid_vsp": [145.45373178052057, 4.53212239726309, 16.908674065397214]}, "datetime": {"datetime": "2025-08-11 17:23:19", "elapsed": 3478.4478125572205, "delta": 18.12125873565674}, "costs": {"total_cost": 200.96859500660395, "time_cost": 72.758, "final_distance_cost": 1.7852945896716952, "oscillation_cost": 35.58137119747928, "completition_cost": 0.0, "overshoot_cost": 52.320687729458406, "power_cost": 19.353867822265627, "noise_cost": 19.16937366772895, "n_waypoints_completed": 9, "tot_waypoints": 9}}
{"target": -12983.106314766428, "params": {"k_pid_pos": [1.1556979557583078, 0.16389748884331812, 0.0], "k_pid_alt": [1.4917325864496254, 0.0, 0.6272815238891978], "k_pid_att": [0.0, 4.129226054888838, 0.20640862829737858], "k_pid_yaw": [0.5, 1e-06, 0.1], "k_pid_hsp": [0.42409927943202086, 0.0, 0.0], "k_pid_vsp": [161.115678603475, 43.52290052234291, 1e-06]}, "datetime": {"datetime": "2025-08-11 17:23:49", "elapsed": 3508.99610042572, "delta": 30.548287868499756}, "costs": {"total_cost": 12983.106314766428, "time_cost": 150, "final_distance_cost": 4026.2560530582396, "oscillation_cost": 1618.7183524710865, "completition_cost": 1000.0, "overshoot_cost": 5981.057229269845, "power_cost": 56.94057049560547, "noise_cost": 150.13410947165005, "n_waypoints_completed": 0, "tot_waypoints": 9}}
{"target": -236.282639292084, "params": {"k_pid_pos": [0.7107696997802986, 0.08896212397275838, 0.16520584864956783], "k_pid_alt": [1.3381922291464101, 0.0, 0.0], "k_pid_att": [8.135411199874017, 0.0001, 0.22191436655465058], "k_pid_yaw": [0.5, 1e-06, 0.1], "k_pid_hsp": [9.553585670989623, 0.961459956762753, 0.0], "k_pid_vsp": [191.4514988022999, 183.9015884534428, 93.41842493438585]}, "datetime": {"datetime": "2025-08-11 17:24:09", "elapsed": 3529.0971121788025, "delta": 20.101011753082275}, "costs": {"total_cost": 236.282639292084, "time_cost": 80.262, "final_distance_cost": 1.8467063137403188, "oscillation_cost": 58.683774496957135, "completition_cost": 0.0, "overshoot_cost": 53.60825186001898, "power_cost": 20.861122106933596, "noise_cost": 21.02078451443399, "n_waypoints_completed": 9, "tot_waypoints": 9}}
