{"target": -182.28337183438435, "params": {"k_pid_pos": [0.522469613764877, 0.0, 0.0], "k_pid_alt": [1.6081429186266727, 0.0, 0.14837621730555126], "k_pid_att": [26.538407652520533, 2.0854271910009126, 0.2133587131683958], "k_pid_yaw": [0.5, 1e-06, 0.1], "k_pid_hsp": [0.09219484242828387, 0.0, 0.0], "k_pid_vsp": [127.01833714110867, 122.76204842409508, 1.319294391261812]}, "datetime": {"datetime": "2025-08-12 02:16:20", "elapsed": 35459.39441919327, "delta": 18.90865421295166}, "costs": {"total_cost": 182.28337183438435, "time_cost": 72.982, "final_distance_cost": 1.834199367530773, "oscillation_cost": 19.231356690703798, "completition_cost": 0.0, "overshoot_cost": 51.9141157296951, "power_cost": 14.243822753906251, "noise_cost": 22.077877292548425, "n_waypoints_completed": 9, "tot_waypoints": 9}}
{"target": -182.30267534600466, "params": {"k_pid_pos": [0.5251926581006844, 0.0, 0.0], "k_pid_alt": [1.629052630984774, 0.0, 0.13496063273758827], "k_pid_att": [26.2047421216365, 1.933184067202144, 0.2691236688823443], "k_pid_yaw": [0.5, 1e-06, 0.1], "k_pid_hsp": [0.09211193415930853, 0.0, 0.0], "k_pid_vsp": [127.13272692490033, 123.52603032270395, 1.2517257292048156]}, "datetime": {"datetime": "2025-08-12 02:16:39", "elapsed": 35479.11569070816, "delta": 19.721271514892578}, "costs": {"total_cost": 182.30267534600466, "time_cost": 72.912, "final_distance_cost": 1.8313470555155151, "oscillation_cost": 19.54077388352492, "completition_cost": 0.0, "overshoot_cost": 51.958867360430126, "power_cost": 14.134098657226563, "noise_cost": 21.925588389307546, "n_waypoints_completed": 9, "tot_waypoints": 9}}
{"target": -182.2199457510684, "params": {"k_pid_pos": [0.579274537786796, 0.0, 0.0], "k_pid_alt": [1.6098262016439482, 0.0, 0.1569024523270222], "k_pid_att": [25.88592692094104, 2.1322214427512085, 0.3373022461629488], "k_pid_yaw": [0.5, 1e-06, 0.1], "k_pid_hsp": [0.09431732221478112, 0.0, 0.0], "k_pid_vsp": [135.39849891998972, 134.55556208558733, 0.7291942111859095]}, "datetime": {"datetime": "2025-08-12 02:16:57", "elapsed": 35497.03152513504, "delta": 17.915834426879883}, "costs": {"total_cost": 182.2199457510684, "time_cost": 72.177, "final_distance_cost": 1.8102984124011776, "oscillation_cost": 20.640735157385443, "completition_cost": 0.0, "overshoot_cost": 51.83246622302924, "power_cost": 14.099961206054688, "noise_cost": 21.6594847521978, "n_waypoints_completed": 9, "tot_waypoints": 9}}
{"target": -182.15893701485632, "params": {"k_pid_pos": [0.5239521860117294, 0.0, 0.0], "k_pid_alt": [1.6092759266181729, 0.0, 0.14965814514836462], "k_pid_att": [26.45124113532818, 2.135294141667167, 0.2028447566573364], "k_pid_yaw": [0.5, 1e-06, 0.1], "k_pid_hsp": [0.09012911757185138, 0.0, 0.0], "k_pid_vsp": [128.91222310024705, 123.24835147002767, 0.856353802520209]}, "datetime": {"datetime": "2025-08-12 02:17:16", "elapsed": 35515.70333147049, "delta": 18.67180633544922}, "costs": {"total_cost": 182.15893701485632, "time_cost": 73.038, "final_distance_cost": 1.8319236843318902, "oscillation_cost": 19.224948897002417, "completition_cost": 0.0, "overshoot_cost": 51.8737744421117, "power_cost": 14.177798815917969, "noise_cost": 22.012491175492336, "n_waypoints_completed": 9, "tot_waypoints": 9}}
{"target": -182.28590546398442, "params": {"k_pid_pos": [0.5247371671317793, 0.0, 0.0], "k_pid_alt": [1.6607366814167497, 0.0, 0.14922063473896802], "k_pid_att": [26.069683503398107, 2.121748531083361, 0.19498497637406176], "k_pid_yaw": [0.5, 1e-06, 0.1], "k_pid_hsp": [0.090474913441083, 0.0, 0.0], "k_pid_vsp": [132.3615841358617, 122.28643988120345, 1.4104250108620882]}, "datetime": {"datetime": "2025-08-12 02:17:34", "elapsed": 35533.97147607803, "delta": 18.268144607543945}, "costs": {"total_cost": 182.28590546398442, "time_cost": 72.982, "final_distance_cost": 1.8153303887155119, "oscillation_cost": 19.221164255115667, "completition_cost": 0.0, "overshoot_cost": 51.92701289575032, "power_cost": 14.243260498046876, "noise_cost": 22.09713742635603, "n_waypoints_completed": 9, "tot_waypoints": 9}}
{"target": -182.25340144763535, "params": {"k_pid_pos": [0.5270110856821315, 0.0, 0.0], "k_pid_alt": [1.7082607249036355, 0.0, 0.1469368182925468], "k_pid_att": [25.855665176824118, 2.1931085839017337, 0.19543519300151455], "k_pid_yaw": [0.5, 1e-06, 0.1], "k_pid_hsp": [0.09042125519106062, 0.0, 0.0], "k_pid_vsp": [115.42602391604063, 123.02228931217911, 1.8895897162871944]}, "datetime": {"datetime": "2025-08-12 02:17:54", "elapsed": 35553.83825111389, "delta": 19.866775035858154}, "costs": {"total_cost": 182.25340144763535, "time_cost": 72.891, "final_distance_cost": 1.8372292428299892, "oscillation_cost": 19.303644087889488, "completition_cost": 0.0, "overshoot_cost": 52.10417599698992, "power_cost": 14.176322106933595, "noise_cost": 21.941030012992343, "n_waypoints_completed": 9, "tot_waypoints": 9}}
{"target": -182.47268743592693, "params": {"k_pid_pos": [0.6543836665903492, 0.0, 0.0], "k_pid_alt": [1.6323751694076074, 0.0, 0.12401938984599642], "k_pid_att": [28.753038092228813, 2.2116379211986614, 0.22008142762523022], "k_pid_yaw": [0.5, 1e-06, 0.1], "k_pid_hsp": [0.09129279963620214, 0.0, 0.0], "k_pid_vsp": [129.9388802995217, 111.06356355323125, 1.024168645008874]}, "datetime": {"datetime": "2025-08-12 02:18:11", "elapsed": 35571.36755871773, "delta": 17.52930760383606}, "costs": {"total_cost": 182.47268743592693, "time_cost": 71.631, "final_distance_cost": 1.8044998678111976, "oscillation_cost": 21.60884905078714, "completition_cost": 0.0, "overshoot_cost": 51.78563920322045, "power_cost": 14.15335653076172, "noise_cost": 21.489342783346412, "n_waypoints_completed": 9, "tot_waypoints": 9}}
{"target": -182.66634629204947, "params": {"k_pid_pos": [0.6112425177317453, 0.0, 0.0], "k_pid_alt": [1.6072621778093876, 0.0, 0.17951417800821168], "k_pid_att": [23.38253552194078, 2.1802516845743605, 0.20171782028275184], "k_pid_yaw": [0.5, 1e-06, 0.1], "k_pid_hsp": [0.09322191725774255, 0.0, 0.0], "k_pid_vsp": [143.22814534420036, 122.71421546745894, 0.9012902726087615]}, "datetime": {"datetime": "2025-08-12 02:18:30", "elapsed": 35590.13490176201, "delta": 18.767343044281006}, "costs": {"total_cost": 182.66634629204947, "time_cost": 71.953, "final_distance_cost": 1.8109983008092156, "oscillation_cost": 21.321389597342087, "completition_cost": 0.0, "overshoot_cost": 51.77809701170135, "power_cost": 14.14460712890625, "noise_cost": 21.658254253290565, "n_waypoints_completed": 9, "tot_waypoints": 9}}
{"target": -182.9234880783025, "params": {"k_pid_pos": [0.49598375148686774, 0.0, 0.0], "k_pid_alt": [1.5635044555570812, 0.0, 0.1407997013347818], "k_pid_att": [25.151894249671972, 2.1740334798301633, 0.37251001816744056], "k_pid_yaw": [0.5, 1e-06, 0.1], "k_pid_hsp": [0.09098198586729772, 0.0, 0.0], "k_pid_vsp": [128.0829660857486, 116.79984897768608, 1.8749185415220344]}, "datetime": {"datetime": "2025-08-12 02:18:48", "elapsed": 35608.029673576355, "delta": 17.894771814346313}, "costs": {"total_cost": 182.9234880783025, "time_cost": 73.514, "final_distance_cost": 1.8195300539168142, "oscillation_cost": 18.747322115915836, "completition_cost": 0.0, "overshoot_cost": 52.33483054267046, "power_cost": 14.28043115234375, "noise_cost": 22.22737421345569, "n_waypoints_completed": 9, "tot_waypoints": 9}}
{"target": -182.5062891228866, "params": {"k_pid_pos": [0.7090220034847743, 0.0, 0.0], "k_pid_alt": [1.5954350871781369, 0.0, 0.0], "k_pid_att": [26.295540414077507, 1.8264296463394356, 0.21434583730567272], "k_pid_yaw": [0.5, 1e-06, 0.1], "k_pid_hsp": [0.09042027397138482, 0.0, 0.0], "k_pid_vsp": [127.55537762143729, 124.14075161470899, 2.5151894879148182]}, "datetime": {"datetime": "2025-08-12 02:19:06", "elapsed": 35626.162078619, "delta": 18.132405042648315}, "costs": {"total_cost": 182.5062891228866, "time_cost": 71.295, "final_distance_cost": 1.8045093447283234, "oscillation_cost": 22.293232159077498, "completition_cost": 0.0, "overshoot_cost": 51.58831100211418, "power_cost": 14.154099316406251, "noise_cost": 21.371137300560385, "n_waypoints_completed": 9, "tot_waypoints": 9}}
{"target": -182.3732414138267, "params": {"k_pid_pos": [0.523115265701142, 0.0, 0.0], "k_pid_alt": [1.698530928973977, 0.0, 0.14964006380157566], "k_pid_att": [26.095742732628157, 2.127329126926816, 0.22655909987303574], "k_pid_yaw": [0.5, 1e-06, 0.1], "k_pid_hsp": [0.09674312292769502, 0.0, 0.0], "k_pid_vsp": [125.83033060165644, 115.85753106022644, 1.5289515225103927]}, "datetime": {"datetime": "2025-08-12 02:19:25", "elapsed": 35644.63680076599, "delta": 18.474722146987915}, "costs": {"total_cost": 182.3732414138267, "time_cost": 72.793, "final_distance_cost": 1.8335045752252077, "oscillation_cost": 19.667221991731452, "completition_cost": 0.0, "overshoot_cost": 51.9993768144864, "power_cost": 14.215907470703126, "noise_cost": 21.864230561680497, "n_waypoints_completed": 9, "tot_waypoints": 9}}
{"target": -182.26007668284063, "params": {"k_pid_pos": [0.5240437701421872, 0.0, 0.0], "k_pid_alt": [1.6354872982621702, 0.0, 0.1473009125751349], "k_pid_att": [26.108962245993915, 2.073463346135862, 0.19388637826023947], "k_pid_yaw": [0.5, 1e-06, 0.1], "k_pid_hsp": [0.09385409510942254, 0.0, 0.0], "k_pid_vsp": [124.30233896846347, 120.05153840428153, 0.6330465122763591]}, "datetime": {"datetime": "2025-08-12 02:19:43", "elapsed": 35663.177303791046, "delta": 18.54050302505493}, "costs": {"total_cost": 182.26007668284063, "time_cost": 72.87, "final_distance_cost": 1.8210577332788473, "oscillation_cost": 19.69347309791168, "completition_cost": 0.0, "overshoot_cost": 51.77030741389188, "power_cost": 14.16926044921875, "noise_cost": 21.935977988539488, "n_waypoints_completed": 9, "tot_waypoints": 9}}
{"target": -182.67224008858426, "params": {"k_pid_pos": [0.5294785129902508, 0.0, 0.0], "k_pid_alt": [1.6106678266657868, 0.0, 0.0879675343347841], "k_pid_att": [26.01057768565196, 2.1357611333064654, 0.2480795818339191], "k_pid_yaw": [0.5, 1e-06, 0.1], "k_pid_hsp": [0.09327800156932486, 0.0, 0.0], "k_pid_vsp": [131.77761736704144, 81.0781716260893, 1.2071250125023985]}, "datetime": {"datetime": "2025-08-12 02:20:02", "elapsed": 35681.72098207474, "delta": 18.543678283691406}, "costs": {"total_cost": 182.67224008858426, "time_cost": 72.828, "final_distance_cost": 1.8360885211723916, "oscillation_cost": 19.60360813902045, "completition_cost": 0.0, "overshoot_cost": 52.17706297951374, "power_cost": 14.188290991210938, "noise_cost": 22.03918945766675, "n_waypoints_completed": 9, "tot_waypoints": 9}}
{"target": -181.9646102352343, "params": {"k_pid_pos": [0.5236584110832084, 0.0, 0.0], "k_pid_alt": [1.6138210725435695, 0.0, 0.14184289909477005], "k_pid_att": [25.676914173744507, 2.025366237568422, 0.217868159566746], "k_pid_yaw": [0.5, 1e-06, 0.1], "k_pid_hsp": [0.09183278843344236, 0.0, 0.0], "k_pid_vsp": [129.03639843822822, 121.81176484103611, 1.1943233621411957]}, "datetime": {"datetime": "2025-08-12 02:20:20", "elapsed": 35699.764358997345, "delta": 18.043376922607422}, "costs": {"total_cost": 181.9646102352343, "time_cost": 72.961, "final_distance_cost": 1.8259298221740206, "oscillation_cost": 19.229894229871896, "completition_cost": 0.0, "overshoot_cost": 51.84242600519405, "power_cost": 14.199559411621095, "noise_cost": 21.905800766373233, "n_waypoints_completed": 9, "tot_waypoints": 9}}
{"target": -182.44173700946607, "params": {"k_pid_pos": [0.5450014238198594, 0.0, 0.0], "k_pid_alt": [1.6291627804194828, 0.0, 0.1280925880296722], "k_pid_att": [26.54577927865034, 2.1809304845515025, 0.17941393268299846], "k_pid_yaw": [0.5, 1e-06, 0.1], "k_pid_hsp": [0.10270716285363116, 0.0, 0.0], "k_pid_vsp": [120.11682277317293, 124.35423741737316, 1.1281602571312912]}, "datetime": {"datetime": "2025-08-12 02:20:39", "elapsed": 35719.3236553669, "delta": 19.559296369552612}, "costs": {"total_cost": 182.44173700946607, "time_cost": 72.366, "final_distance_cost": 1.8240597085560688, "oscillation_cost": 20.61129572270086, "completition_cost": 0.0, "overshoot_cost": 51.54995344869865, "power_cost": 14.282914562988282, "noise_cost": 21.80751356652221, "n_waypoints_completed": 9, "tot_waypoints": 9}}
{"target": -182.1307985671472, "params": {"k_pid_pos": [0.5603139962764069, 0.0, 0.0], "k_pid_alt": [1.6253241627377275, 0.0, 0.15851809505017153], "k_pid_att": [26.965733309473848, 2.3494524267242656, 0.25265434186602814], "k_pid_yaw": [0.5, 1e-06, 0.1], "k_pid_hsp": [0.0911810787024796, 0.0, 0.0], "k_pid_vsp": [127.74173225566678, 122.8403796129729, 1.0272372538919825]}, "datetime": {"datetime": "2025-08-12 02:20:58", "elapsed": 35737.68252205849, "delta": 18.358866691589355}, "costs": {"total_cost": 182.1307985671472, "time_cost": 72.506, "final_distance_cost": 1.828619558785847, "oscillation_cost": 19.84195786935031, "completition_cost": 0.0, "overshoot_cost": 51.93469350613386, "power_cost": 14.209190246582033, "noise_cost": 21.810337386295156, "n_waypoints_completed": 9, "tot_waypoints": 9}}
{"target": -184.70869081213436, "params": {"k_pid_pos": [0.686843479692598, 0.0, 0.0037870841431587436], "k_pid_alt": [1.5901930634050931, 0.0, 0.1491692015356012], "k_pid_att": [27.756003823862468, 2.15371264038381, 0.21211518099244014], "k_pid_yaw": [0.5, 1e-06, 0.1], "k_pid_hsp": [0.1680064437472718, 0.0, 0.0], "k_pid_vsp": [126.40078381643556, 52.074098419360254, 1.8860816282914308]}, "datetime": {"datetime": "2025-08-12 02:21:17", "elapsed": 35756.583654642105, "delta": 18.901132583618164}, "costs": {"total_cost": 184.70869081213436, "time_cost": 71.022, "final_distance_cost": 1.8333171813005116, "oscillation_cost": 24.95478836828264, "completition_cost": 0.0, "overshoot_cost": 51.29673404681585, "power_cost": 14.220582934570313, "noise_cost": 21.381268281165056, "n_waypoints_completed": 9, "tot_waypoints": 9}}
{"target": -182.55333824188364, "params": {"k_pid_pos": [0.5266960017645758, 7.877714900792236e-05, 0.0007968653189494802], "k_pid_alt": [1.6135206443962151, 0.0, 0.0990934872148259], "k_pid_att": [25.907367233351145, 2.289251987060226, 0.2458973253130492], "k_pid_yaw": [0.5, 1e-06, 0.1], "k_pid_hsp": [0.0928467538271034, 0.0, 0.0], "k_pid_vsp": [127.08788228483836, 98.87289074581497, 1.1537089812770984]}, "datetime": {"datetime": "2025-08-12 02:21:36", "elapsed": 35776.17608857155, "delta": 19.59243392944336}, "costs": {"total_cost": 182.55333824188364, "time_cost": 72.856, "final_distance_cost": 1.8303683721411457, "oscillation_cost": 19.655867429205383, "completition_cost": 0.0, "overshoot_cost": 52.08391180342706, "power_cost": 14.169022387695312, "noise_cost": 21.95816824941475, "n_waypoints_completed": 9, "tot_waypoints": 9}}
{"target": -182.26449516565935, "params": {"k_pid_pos": [0.5384491045723329, 0.0, 0.0], "k_pid_alt": [1.6086097688098666, 0.0, 0.14500913985969655], "k_pid_att": [47.764033639006634, 2.134025647306915, 0.2523211392037366], "k_pid_yaw": [0.5, 1e-06, 0.1], "k_pid_hsp": [0.09179350075576495, 0.0, 0.0], "k_pid_vsp": [127.37784372054392, 157.10305243881714, 1.3832457657699089]}, "datetime": {"datetime": "2025-08-12 02:21:55", "elapsed": 35794.4738945961, "delta": 18.29780602455139}, "costs": {"total_cost": 182.26449516565935, "time_cost": 72.772, "final_distance_cost": 1.811668186622232, "oscillation_cost": 19.76911956018866, "completition_cost": 0.0, "overshoot_cost": 51.83590751726814, "power_cost": 14.257393029785156, "noise_cost": 21.818406871795148, "n_waypoints_completed": 9, "tot_waypoints": 9}}
{"target": -182.66703026498038, "params": {"k_pid_pos": [0.522278070395483, 0.0, 0.0], "k_pid_alt": [1.614651180926506, 0.0, 0.1033957738283853], "k_pid_att": [26.021204727728453, 1.433724689225798, 0.21202982748554325], "k_pid_yaw": [0.5, 1e-06, 0.1], "k_pid_hsp": [0.08255619560850871, 0.0, 0.0], "k_pid_vsp": [114.76007994626826, 79.16116969564693, 1.2296019466151016]}, "datetime": {"datetime": "2025-08-12 02:22:14", "elapsed": 35813.77958869934, "delta": 19.305694103240967}, "costs": {"total_cost": 182.66703026498038, "time_cost": 73.437, "final_distance_cost": 1.805988807070568, "oscillation_cost": 18.57031540920041, "completition_cost": 0.0, "overshoot_cost": 52.564562266575514, "power_cost": 14.16537762451172, "noise_cost": 22.123786157622195, "n_waypoints_completed": 9, "tot_waypoints": 9}}
{"target": -181.89619576357, "params": {"k_pid_pos": [0.5238238595955956, 0.0, 0.0], "k_pid_alt": [1.6138572637675344, 0.0, 0.14815457725889075], "k_pid_att": [26.13784906606518, 2.131937132324817, 0.21664238854834156], "k_pid_yaw": [0.5, 1e-06, 0.1], "k_pid_hsp": [0.09211640222548537, 0.0, 0.0], "k_pid_vsp": [127.65886766603947, 123.19937482459304, 1.0870469484041545]}, "datetime": {"datetime": "2025-08-12 02:22:32", "elapsed": 35831.956355810165, "delta": 18.176767110824585}, "costs": {"total_cost": 181.89619576357, "time_cost": 72.961, "final_distance_cost": 1.8307197295038051, "oscillation_cost": 19.18653677263458, "completition_cost": 0.0, "overshoot_cost": 51.821048424253306, "power_cost": 14.202457141113282, "noise_cost": 21.894433696065033, "n_waypoints_completed": 9, "tot_waypoints": 9}}
{"target": -182.23270233874035, "params": {"k_pid_pos": [0.52439685184039, 0.0, 0.0], "k_pid_alt": [1.6138333492486896, 0.0, 0.15115882773912326], "k_pid_att": [19.182449511285295, 1.6728724823119534, 0.21675149504721886], "k_pid_yaw": [0.5, 1e-06, 0.1], "k_pid_hsp": [0.09242262973178444, 0.0, 0.0], "k_pid_vsp": [126.7635677424064, 126.17451712911864, 1.0819319708754715]}, "datetime": {"datetime": "2025-08-12 02:22:51", "elapsed": 35851.02673959732, "delta": 19.07038378715515}, "costs": {"total_cost": 182.23270233874035, "time_cost": 72.94, "final_distance_cost": 1.814551909543071, "oscillation_cost": 19.324733760481944, "completition_cost": 0.0, "overshoot_cost": 52.054188038496726, "power_cost": 14.188294287109375, "noise_cost": 21.910934343109233, "n_waypoints_completed": 9, "tot_waypoints": 9}}
{"target": -182.33442768184688, "params": {"k_pid_pos": [0.5388413972471088, 0.0, 0.0], "k_pid_alt": [1.6162090172966819, 0.0, 0.1444188014784161], "k_pid_att": [17.62090486444781, 2.1051827660837956, 0.21753200207319826], "k_pid_yaw": [0.5, 1e-06, 0.1], "k_pid_hsp": [0.09194777545764266, 0.0, 0.0], "k_pid_vsp": [127.32709817565552, 116.95252378036363, 1.0691389664855147]}, "datetime": {"datetime": "2025-08-12 02:23:11", "elapsed": 35870.84433674812, "delta": 19.817597150802612}, "costs": {"total_cost": 182.33442768184688, "time_cost": 72.737, "final_distance_cost": 1.8131641604448385, "oscillation_cost": 19.69885428450102, "completition_cost": 0.0, "overshoot_cost": 51.90514267503888, "power_cost": 14.252189782714844, "noise_cost": 21.928076779147297, "n_waypoints_completed": 9, "tot_waypoints": 9}}
{"target": -182.53372017847704, "params": {"k_pid_pos": [0.5294728304085081, 0.0, 0.0], "k_pid_alt": [1.6035019493904599, 0.0, 0.1554981341291742], "k_pid_att": [32.10911549074175, 2.1505521257492615, 0.2111304984080031], "k_pid_yaw": [0.5, 1e-06, 0.1], "k_pid_hsp": [0.09531353663305671, 0.0, 0.0], "k_pid_vsp": [137.0371284954589, 116.56808492330526, 3.5000340276106274]}, "datetime": {"datetime": "2025-08-12 02:23:30", "elapsed": 35890.03903412819, "delta": 19.194697380065918}, "costs": {"total_cost": 182.53372017847704, "time_cost": 72.807, "final_distance_cost": 1.83076373205883, "oscillation_cost": 19.636435589432047, "completition_cost": 0.0, "overshoot_cost": 51.98130591509132, "power_cost": 14.249258264160156, "noise_cost": 22.028956677734683, "n_waypoints_completed": 9, "tot_waypoints": 9}}
{"target": -181.8452342330773, "params": {"k_pid_pos": [0.5215397082834738, 0.0, 0.0], "k_pid_alt": [1.6116130892506344, 0.0, 0.022266904269241106], "k_pid_att": [26.21447669172663, 2.0362271729405346, 0.20177561842623468], "k_pid_yaw": [0.5, 1e-06, 0.1], "k_pid_hsp": [0.0896798852449681, 0.0, 0.0], "k_pid_vsp": [127.26253452508092, 171.5389540176521, 3.316117862034502]}, "datetime": {"datetime": "2025-08-12 02:23:49", "elapsed": 35909.00732636452, "delta": 18.968292236328125}, "costs": {"total_cost": 181.8452342330773, "time_cost": 72.95400000000001, "final_distance_cost": 1.814791332107023, "oscillation_cost": 18.987678959739753, "completition_cost": 0.0, "overshoot_cost": 51.916822145208045, "power_cost": 14.241140771484377, "noise_cost": 21.93080102453807, "n_waypoints_completed": 9, "tot_waypoints": 9}}
{"target": -182.48363843299023, "params": {"k_pid_pos": [0.618498445171157, 0.000789735244314454, 0.0], "k_pid_alt": [1.6227305846196007, 0.0, 0.17391156548556388], "k_pid_att": [25.541384976493628, 2.167336509311912, 0.16417283721015827], "k_pid_yaw": [0.5, 1e-06, 0.1], "k_pid_hsp": [0.09628655445481214, 0.0007215734430858677, 0.0], "k_pid_vsp": [125.8791144490903, 128.55383207332468, 1.3270269439909699]}, "datetime": {"datetime": "2025-08-12 02:24:08", "elapsed": 35928.17239141464, "delta": 19.165065050125122}, "costs": {"total_cost": 182.48363843299023, "time_cost": 71.645, "final_distance_cost": 1.822815677723796, "oscillation_cost": 21.492616306294288, "completition_cost": 0.0, "overshoot_cost": 51.86771756512588, "power_cost": 14.173766625976564, "noise_cost": 21.481722257869734, "n_waypoints_completed": 9, "tot_waypoints": 9}}
{"target": -182.12951401689628, "params": {"k_pid_pos": [0.5205494612745857, 0.0, 0.0], "k_pid_alt": [1.6090016422647253, 0.0, 0.13919542359702095], "k_pid_att": [25.732208758391526, 2.0870768632722934, 0.2960667083470737], "k_pid_yaw": [0.5, 1e-06, 0.1], "k_pid_hsp": [0.0881743761478282, 0.0, 0.0], "k_pid_vsp": [126.97009285977602, 123.21532629778774, 1.0961330264149836]}, "datetime": {"datetime": "2025-08-12 02:24:27", "elapsed": 35946.69838309288, "delta": 18.525991678237915}, "costs": {"total_cost": 182.12951401689628, "time_cost": 73.157, "final_distance_cost": 1.8225334620052926, "oscillation_cost": 18.724474268680822, "completition_cost": 0.0, "overshoot_cost": 52.07107420389756, "power_cost": 14.255312133789063, "noise_cost": 22.099119948523523, "n_waypoints_completed": 9, "tot_waypoints": 9}}
