{"target": -182.81731666622508, "params": {"k_pid_pos": [0.5462671749294752, 0.0017169026540685677, 0.0], "k_pid_alt": [1.5989301297419034, 0.0, 0.22190817862598156], "k_pid_att": [24.191873652876208, 1.8861579202387249, 0.11775297481930995], "k_pid_yaw": [0.5, 1e-06, 0.1], "k_pid_hsp": [0.09862547540438077, 0.0, 0.0], "k_pid_vsp": [127.90305756134114, 135.48889249556143, 1.1218881780220433]}, "datetime": {"datetime": "2025-08-11 23:52:51", "elapsed": 26851.307275533676, "delta": 18.374634504318237}, "costs": {"total_cost": 182.81731666622508, "time_cost": 72.569, "final_distance_cost": 1.8154747534330626, "oscillation_cost": 20.70313110202462, "completition_cost": 0.0, "overshoot_cost": 51.665839471341826, "power_cost": 14.255755432128908, "noise_cost": 21.80811590729663, "n_waypoints_completed": 9, "tot_waypoints": 9}}
{"target": -182.27530596524596, "params": {"k_pid_pos": [0.5316721872530958, 0.0, 0.0], "k_pid_alt": [1.6078859133167362, 0.0, 0.12531095636525003], "k_pid_att": [26.963741355359957, 1.913148801204759, 0.33153852890922697], "k_pid_yaw": [0.5, 1e-06, 0.1], "k_pid_hsp": [0.08550968754038091, 0.0, 0.0], "k_pid_vsp": [124.12066050570279, 121.77919922013353, 1.4054676083618953]}, "datetime": {"datetime": "2025-08-11 23:53:10", "elapsed": 26869.53486776352, "delta": 18.22759222984314}, "costs": {"total_cost": 182.27530596524596, "time_cost": 73.129, "final_distance_cost": 1.8225980008615172, "oscillation_cost": 19.02995249682118, "completition_cost": 0.0, "overshoot_cost": 52.12901076952506, "power_cost": 14.227012451171875, "noise_cost": 21.93773224686633, "n_waypoints_completed": 9, "tot_waypoints": 9}}
{"target": -182.64370539398388, "params": {"k_pid_pos": [0.5305414467724252, 0.0, 0.0], "k_pid_alt": [1.6213628391338655, 0.0, 0.11820086929539617], "k_pid_att": [21.547040734633818, 2.0510898532271393, 0.2505634287643681], "k_pid_yaw": [0.5, 1e-06, 0.1], "k_pid_hsp": [0.09004453934463215, 0.0, 0.0], "k_pid_vsp": [129.7807973528567, 68.61801023452348, 1.2661665877095154]}, "datetime": {"datetime": "2025-08-11 23:53:28", "elapsed": 26887.99921131134, "delta": 18.464343547821045}, "costs": {"total_cost": 182.64370539398388, "time_cost": 72.989, "final_distance_cost": 1.8096396257105083, "oscillation_cost": 19.246792445714192, "completition_cost": 0.0, "overshoot_cost": 52.23038272824384, "power_cost": 14.262025598144533, "noise_cost": 22.10586499617083, "n_waypoints_completed": 9, "tot_waypoints": 9}}
{"target": -182.553680254482, "params": {"k_pid_pos": [0.5288088679653218, 0.0, 0.0], "k_pid_alt": [1.6230858638112107, 0.0, 0.14257149723584672], "k_pid_att": [24.357650596730476, 2.100148458326449, 0.2177111951161657], "k_pid_yaw": [0.5, 1e-06, 0.1], "k_pid_hsp": [0.0924571910311554, 0.0, 0.0], "k_pid_vsp": [135.6246673273242, 146.2657132644061, 1.280957471854689]}, "datetime": {"datetime": "2025-08-11 23:53:47", "elapsed": 26906.8023955822, "delta": 18.803184270858765}, "costs": {"total_cost": 182.553680254482, "time_cost": 72.849, "final_distance_cost": 1.8355680748105774, "oscillation_cost": 19.61256447810358, "completition_cost": 0.0, "overshoot_cost": 52.03068494750511, "power_cost": 14.267231262207032, "noise_cost": 21.958631491855712, "n_waypoints_completed": 9, "tot_waypoints": 9}}
{"target": -182.60746210742084, "params": {"k_pid_pos": [0.5213200398430772, 0.0, 0.0], "k_pid_alt": [1.5487488227315438, 0.0, 0.12133980658856308], "k_pid_att": [24.17506693555027, 2.0481477011512865, 0.163753396747225], "k_pid_yaw": [0.5, 1e-06, 0.1], "k_pid_hsp": [0.0968892277299328, 0.0, 0.0], "k_pid_vsp": [127.00485907727312, 120.45317917304612, 1.4974782285169739]}, "datetime": {"datetime": "2025-08-11 23:54:05", "elapsed": 26924.613476276398, "delta": 17.81108069419861}, "costs": {"total_cost": 182.60746210742084, "time_cost": 72.884, "final_distance_cost": 1.8319471378868828, "oscillation_cost": 19.875081196891024, "completition_cost": 0.0, "overshoot_cost": 51.86468338246247, "power_cost": 14.18740556640625, "noise_cost": 21.964344823774205, "n_waypoints_completed": 9, "tot_waypoints": 9}}
{"target": -182.72635887322923, "params": {"k_pid_pos": [0.5171104815553131, 0.0, 0.0], "k_pid_alt": [1.592654277246273, 0.0, 0.15131071730641743], "k_pid_att": [24.135981727731057, 1.9897111917606742, 0.2074706351874107], "k_pid_yaw": [0.5, 1e-06, 0.1], "k_pid_hsp": [0.08520941659281414, 0.0, 0.0], "k_pid_vsp": [130.35939038051907, 112.88437201057977, 0.981275135027743]}, "datetime": {"datetime": "2025-08-11 23:54:24", "elapsed": 26943.75163793564, "delta": 19.138161659240723}, "costs": {"total_cost": 182.72635887322923, "time_cost": 73.388, "final_distance_cost": 1.830243417040296, "oscillation_cost": 18.549727094018778, "completition_cost": 0.0, "overshoot_cost": 52.52391555215428, "power_cost": 14.299199914550782, "noise_cost": 22.135272895465096, "n_waypoints_completed": 9, "tot_waypoints": 9}}
{"target": -184.34044793588464, "params": {"k_pid_pos": [0.5218696225261494, 0.0, 0.0], "k_pid_alt": [1.5854473824659217, 0.0, 0.13666855568654], "k_pid_att": [25.92918174821804, 1.9158202853537378, 0.05990526917349111], "k_pid_yaw": [0.5, 1e-06, 0.1], "k_pid_hsp": [0.07566694862065282, 0.0, 0.0], "k_pid_vsp": [138.69777840848832, 160.07496821473012, 2.489787687139206]}, "datetime": {"datetime": "2025-08-11 23:54:42", "elapsed": 26961.96407842636, "delta": 18.212440490722656}, "costs": {"total_cost": 184.34044793588464, "time_cost": 74.151, "final_distance_cost": 1.8086580655381312, "oscillation_cost": 18.841859378855318, "completition_cost": 0.0, "overshoot_cost": 52.8570789306843, "power_cost": 14.367045141601563, "noise_cost": 22.314806419205347, "n_waypoints_completed": 9, "tot_waypoints": 9}}
{"target": -182.61585353913543, "params": {"k_pid_pos": [0.694665087680332, 0.0, 0.0], "k_pid_alt": [1.7345515263082922, 0.0, 0.14974408273530704], "k_pid_att": [18.048416178701466, 1.7629779444900717, 0.3297735056028252], "k_pid_yaw": [0.5, 1e-06, 0.1], "k_pid_hsp": [0.1354424243256674, 0.0, 0.0], "k_pid_vsp": [102.68896700234225, 82.5717455105271, 2.214262341882252]}, "datetime": {"datetime": "2025-08-11 23:55:00", "elapsed": 26979.639610528946, "delta": 17.67553210258484}, "costs": {"total_cost": 182.61585353913543, "time_cost": 70.574, "final_distance_cost": 1.8351584677593937, "oscillation_cost": 24.122334029993016, "completition_cost": 0.0, "overshoot_cost": 50.68374638951559, "power_cost": 14.170506176757813, "noise_cost": 21.230108475109596, "n_waypoints_completed": 9, "tot_waypoints": 9}}
{"target": -182.84569882972642, "params": {"k_pid_pos": [0.5214353195484678, 0.0, 0.0], "k_pid_alt": [1.6294379237268315, 0.0, 0.13038929195910426], "k_pid_att": [26.61286703350833, 2.2083356920310657, 0.1716265729735959], "k_pid_yaw": [0.5, 1e-06, 0.1], "k_pid_hsp": [0.08830187228118327, 0.0, 0.0], "k_pid_vsp": [115.84811677563326, 71.12446304438177, 2.5690760145639633]}, "datetime": {"datetime": "2025-08-11 23:55:18", "elapsed": 26997.608811855316, "delta": 17.96920132637024}, "costs": {"total_cost": 182.84569882972642, "time_cost": 73.164, "final_distance_cost": 1.8235586645319644, "oscillation_cost": 18.844344320623428, "completition_cost": 0.0, "overshoot_cost": 52.55486512578234, "power_cost": 14.26603768310547, "noise_cost": 22.19289303568321, "n_waypoints_completed": 9, "tot_waypoints": 9}}
{"target": -182.79597240760137, "params": {"k_pid_pos": [0.5258892753536567, 0.0, 0.0], "k_pid_alt": [1.5426391725534652, 0.0, 0.14814547409712828], "k_pid_att": [25.096953490406673, 1.5998115173824938, 0.1579677679960153], "k_pid_yaw": [0.5, 1e-06, 0.1], "k_pid_hsp": [0.09350295425335867, 0.0, 0.0], "k_pid_vsp": [133.52169586454403, 117.65179454509043, 1.627555252624879]}, "datetime": {"datetime": "2025-08-11 23:55:36", "elapsed": 27015.82653069496, "delta": 18.217718839645386}, "costs": {"total_cost": 182.79597240760137, "time_cost": 72.94, "final_distance_cost": 1.8390421452924965, "oscillation_cost": 19.769090844159994, "completition_cost": 0.0, "overshoot_cost": 52.10808652495218, "power_cost": 14.216252954101563, "noise_cost": 21.92349993909518, "n_waypoints_completed": 9, "tot_waypoints": 9}}
{"target": -182.5586522202061, "params": {"k_pid_pos": [0.5157206841877463, 0.0, 0.0], "k_pid_alt": [1.6318506506673307, 0.0, 0.1350597070777818], "k_pid_att": [24.458104320481617, 2.4870640276403457, 0.13869808430223932], "k_pid_yaw": [0.5, 1e-06, 0.1], "k_pid_hsp": [0.0901924536823598, 0.0, 0.0], "k_pid_vsp": [139.9482083886961, 120.3423222170164, 2.7898019169551884]}, "datetime": {"datetime": "2025-08-11 23:55:55", "elapsed": 27034.476336717606, "delta": 18.649806022644043}, "costs": {"total_cost": 182.5586522202061, "time_cost": 73.115, "final_distance_cost": 1.8290815981141741, "oscillation_cost": 19.13349881821366, "completition_cost": 0.0, "overshoot_cost": 52.32024456886392, "power_cost": 14.159822290039063, "noise_cost": 22.001004944975268, "n_waypoints_completed": 9, "tot_waypoints": 9}}
{"target": -182.25447652603356, "params": {"k_pid_pos": [0.568168645259707, 0.0, 0.0], "k_pid_alt": [1.6096664699051588, 0.0, 0.13693283902941253], "k_pid_att": [24.166096918247394, 2.2038131978333078, 0.22712731705740846], "k_pid_yaw": [0.5, 1e-06, 0.1], "k_pid_hsp": [0.09244954201610385, 0.0, 0.0], "k_pid_vsp": [129.07881887843908, 125.0680180818411, 0.6478875704524337]}, "datetime": {"datetime": "2025-08-11 23:56:14", "elapsed": 27053.46022248268, "delta": 18.983885765075684}, "costs": {"total_cost": 182.25447652603356, "time_cost": 72.345, "final_distance_cost": 1.8141264101558554, "oscillation_cost": 20.335985059214696, "completition_cost": 0.0, "overshoot_cost": 51.80392031926297, "power_cost": 14.203684301757812, "noise_cost": 21.75176043564224, "n_waypoints_completed": 9, "tot_waypoints": 9}}
{"target": -182.81484844163032, "params": {"k_pid_pos": [0.5499129413884782, 0.0, 0.0], "k_pid_alt": [1.6695666072612185, 0.0, 0.2185312498566659], "k_pid_att": [22.836106222854937, 2.2421499269036156, 0.21256550558541024], "k_pid_yaw": [0.5, 1e-06, 0.1], "k_pid_hsp": [0.1012899074004991, 0.0, 0.0], "k_pid_vsp": [129.90537713209602, 70.83630000372972, 2.107532145596065]}, "datetime": {"datetime": "2025-08-11 23:56:32", "elapsed": 27072.245153188705, "delta": 18.78493070602417}, "costs": {"total_cost": 182.81484844163032, "time_cost": 72.478, "final_distance_cost": 1.8320568776502157, "oscillation_cost": 20.87424834532082, "completition_cost": 0.0, "overshoot_cost": 51.584709401823005, "power_cost": 14.13226453857422, "noise_cost": 21.91356927826205, "n_waypoints_completed": 9, "tot_waypoints": 9}}
{"target": -182.99269580270652, "params": {"k_pid_pos": [0.5523636108509122, 0.0, 0.0], "k_pid_alt": [1.6143728026754263, 0.0, 0.14213314707114105], "k_pid_att": [25.350928404509546, 1.9392184943919188, 0.3328107942100159], "k_pid_yaw": [0.5, 1e-06, 0.1], "k_pid_hsp": [0.08390338893064304, 0.0, 0.0], "k_pid_vsp": [130.4270909794253, 117.98173414854539, 1.7511614749064959]}, "datetime": {"datetime": "2025-08-11 23:56:50", "elapsed": 27090.26799941063, "delta": 18.022846221923828}, "costs": {"total_cost": 182.99269580270652, "time_cost": 73.01, "final_distance_cost": 1.832133948516428, "oscillation_cost": 19.13661593713903, "completition_cost": 0.0, "overshoot_cost": 52.713008082283736, "power_cost": 14.294089208984376, "noise_cost": 22.006848625782922, "n_waypoints_completed": 9, "tot_waypoints": 9}}
{"target": -181.9343103819739, "params": {"k_pid_pos": [0.5977498354119348, 0.0, 0.0], "k_pid_alt": [1.5985143447916803, 0.0, 0.0688053725153123], "k_pid_att": [24.34907957231434, 1.781795171099569, 0.23298792159253953], "k_pid_yaw": [0.5, 1e-06, 0.1], "k_pid_hsp": [0.09157130589361868, 0.0, 0.0], "k_pid_vsp": [129.92145111712176, 108.07922563214095, 2.793438388876203]}, "datetime": {"datetime": "2025-08-11 23:57:09", "elapsed": 27108.62079358101, "delta": 18.35279417037964}, "costs": {"total_cost": 181.9343103819739, "time_cost": 72.044, "final_distance_cost": 1.8331612822264935, "oscillation_cost": 20.548146114105368, "completition_cost": 0.0, "overshoot_cost": 51.773099786402675, "power_cost": 14.130925915527344, "noise_cost": 21.604977283712014, "n_waypoints_completed": 9, "tot_waypoints": 9}}
{"target": -182.6442607698149, "params": {"k_pid_pos": [0.5268756045117545, 0.0, 0.0], "k_pid_alt": [1.6334444107237747, 0.0, 0.12969739688891968], "k_pid_att": [24.924243593584915, 2.1004785248480053, 0.23193648944650966], "k_pid_yaw": [0.5, 1e-06, 0.1], "k_pid_hsp": [0.08519985272300208, 0.0, 0.0], "k_pid_vsp": [126.95910282633774, 123.54042333735009, 1.9744331307346403]}, "datetime": {"datetime": "2025-08-11 23:57:28", "elapsed": 27127.96408367157, "delta": 19.343290090560913}, "costs": {"total_cost": 182.6442607698149, "time_cost": 73.206, "final_distance_cost": 1.8112359239459102, "oscillation_cost": 18.753693877003748, "completition_cost": 0.0, "overshoot_cost": 52.50907095569639, "power_cost": 14.291258947753906, "noise_cost": 22.073001065414946, "n_waypoints_completed": 9, "tot_waypoints": 9}}
{"target": -182.22250434569537, "params": {"k_pid_pos": [0.5450982756035446, 0.0, 0.0], "k_pid_alt": [1.7223703040324818, 0.0, 0.12875023921238757], "k_pid_att": [25.222462380668695, 2.2456279142965125, 0.11839526721864335], "k_pid_yaw": [0.5, 1e-06, 0.1], "k_pid_hsp": [0.08879498013678634, 0.0, 0.0], "k_pid_vsp": [154.03579199249984, 131.0554046671596, 2.2095674425324088]}, "datetime": {"datetime": "2025-08-11 23:57:48", "elapsed": 27147.375119924545, "delta": 19.411036252975464}, "costs": {"total_cost": 182.22250434569537, "time_cost": 72.709, "final_distance_cost": 1.808447731962309, "oscillation_cost": 19.465090369523065, "completition_cost": 0.0, "overshoot_cost": 52.08082957544191, "power_cost": 14.215483142089845, "noise_cost": 21.943653526678236, "n_waypoints_completed": 9, "tot_waypoints": 9}}
{"target": -182.1811021155612, "params": {"k_pid_pos": [0.5125976165406798, 0.0, 0.0], "k_pid_alt": [1.4017583955114652, 0.0, 0.07248551254902294], "k_pid_att": [28.505131967619107, 1.9964870432599058, 0.18483437914999362], "k_pid_yaw": [0.5, 1e-06, 0.1], "k_pid_hsp": [0.09018878903015842, 0.0, 0.0], "k_pid_vsp": [132.32340281949035, 95.51520054384312, 1.2039046343105084]}, "datetime": {"datetime": "2025-08-11 23:58:06", "elapsed": 27165.593720912933, "delta": 18.21860098838806}, "costs": {"total_cost": 182.1811021155612, "time_cost": 73.318, "final_distance_cost": 1.8215251968337858, "oscillation_cost": 18.916250639548075, "completition_cost": 0.0, "overshoot_cost": 51.86611976250509, "power_cost": 14.217917590332032, "noise_cost": 22.041288926342233, "n_waypoints_completed": 9, "tot_waypoints": 9}}
{"target": -182.52247823031524, "params": {"k_pid_pos": [0.522210214803792, 0.0, 0.0], "k_pid_alt": [1.6104087539854455, 0.0, 0.13700224892373872], "k_pid_att": [23.790941415466826, 1.8503951794953537, 0.21046422424507194], "k_pid_yaw": [0.5, 1e-06, 0.1], "k_pid_hsp": [0.09767983790275522, 0.0, 0.0], "k_pid_vsp": [137.1997209600218, 140.5553735369111, 1.2560061262410125]}, "datetime": {"datetime": "2025-08-11 23:58:25", "elapsed": 27184.538034915924, "delta": 18.944314002990723}, "costs": {"total_cost": 182.52247823031524, "time_cost": 72.842, "final_distance_cost": 1.819016431561506, "oscillation_cost": 19.943852622444588, "completition_cost": 0.0, "overshoot_cost": 51.73568940112169, "power_cost": 14.187706579589845, "noise_cost": 21.994213195597602, "n_waypoints_completed": 9, "tot_waypoints": 9}}
{"target": -184.46872358535293, "params": {"k_pid_pos": [0.6139809589151956, 0.0, 0.0], "k_pid_alt": [1.6578134443920307, 0.0, 0.03688606671634735], "k_pid_att": [23.878659628653544, 2.2032431223980913, 0.03976400428735774], "k_pid_yaw": [0.5, 1e-06, 0.1], "k_pid_hsp": [0.10157527205657378, 0.0, 0.0], "k_pid_vsp": [172.8641937221293, 142.51478116503492, 1.3091677513160376]}, "datetime": {"datetime": "2025-08-11 23:58:42", "elapsed": 27202.23747611046, "delta": 17.6994411945343}, "costs": {"total_cost": 184.46872358535293, "time_cost": 71.498, "final_distance_cost": 1.8248742251904753, "oscillation_cost": 23.923794478631287, "completition_cost": 0.0, "overshoot_cost": 51.58430525130834, "power_cost": 14.131644470214844, "noise_cost": 21.50610516000799, "n_waypoints_completed": 9, "tot_waypoints": 9}}
{"target": -183.12816371323208, "params": {"k_pid_pos": [0.5411747716589319, 0.0, 0.0], "k_pid_alt": [1.5975430407194338, 0.0, 0.1635168795995957], "k_pid_att": [24.95374200110061, 2.178488121896167, 0.3252074442187728], "k_pid_yaw": [0.5, 1e-06, 0.1], "k_pid_hsp": [0.08564305966047785, 0.0, 0.0], "k_pid_vsp": [125.79281052156034, 109.82413141170086, 1.4252795195643666]}, "datetime": {"datetime": "2025-08-11 23:59:00", "elapsed": 27220.166652202606, "delta": 17.929176092147827}, "costs": {"total_cost": 183.12816371323208, "time_cost": 73.059, "final_distance_cost": 1.8296201950804623, "oscillation_cost": 19.284279231991718, "completition_cost": 0.0, "overshoot_cost": 52.73250775254928, "power_cost": 14.251440332031251, "noise_cost": 21.971316201579366, "n_waypoints_completed": 9, "tot_waypoints": 9}}
{"target": -217.04956398854833, "params": {"k_pid_pos": [1.069704219754404, 0.0, 0.0018176941484237307], "k_pid_alt": [1.6182000007011812, 0.0, 0.09807573032577693], "k_pid_att": [23.388580674419064, 2.1497852266666984, 0.222982919051107], "k_pid_yaw": [0.5, 1e-06, 0.1], "k_pid_hsp": [0.03501486136234433, 0.0, 0.0], "k_pid_vsp": [129.11889976846322, 93.65279383673791, 3.5902048913810773]}, "datetime": {"datetime": "2025-08-11 23:59:23", "elapsed": 27243.18619608879, "delta": 23.019543886184692}, "costs": {"total_cost": 217.04956398854833, "time_cost": 91.18900000000001, "final_distance_cost": 1.7849595814444295, "oscillation_cost": 18.556723989213225, "completition_cost": 0.0, "overshoot_cost": 60.48414871679937, "power_cost": 17.323576525878906, "noise_cost": 27.71115517521242, "n_waypoints_completed": 9, "tot_waypoints": 9}}
{"target": -183.59883484141164, "params": {"k_pid_pos": [0.8059867687189929, 0.0, 0.01906542769055172], "k_pid_alt": [1.6754705416439393, 0.0, 0.22427627047237925], "k_pid_att": [25.56378093629916, 2.126150916650584, 0.14099157951484484], "k_pid_yaw": [0.5, 1e-06, 0.1], "k_pid_hsp": [0.09004607812679839, 0.0, 0.0], "k_pid_vsp": [121.79970835905303, 105.75587375468406, 1.2054328904598015]}, "datetime": {"datetime": "2025-08-11 23:59:41", "elapsed": 27260.933061361313, "delta": 17.746865272521973}, "costs": {"total_cost": 183.59883484141164, "time_cost": 71.043, "final_distance_cost": 1.7942197798526223, "oscillation_cost": 23.63877083213288, "completition_cost": 0.0, "overshoot_cost": 51.82350896272439, "power_cost": 14.176694494628906, "noise_cost": 21.12264077207283, "n_waypoints_completed": 9, "tot_waypoints": 9}}
{"target": -182.54999721748356, "params": {"k_pid_pos": [0.5850488167428507, 0.0, 0.0], "k_pid_alt": [1.610119000144101, 0.0, 0.12516124561384728], "k_pid_att": [15.560103106979627, 2.0295487041703395, 0.23614820778535195], "k_pid_yaw": [0.5, 1e-06, 0.1], "k_pid_hsp": [0.09045528762187009, 0.0, 0.0], "k_pid_vsp": [111.27279916142697, 161.78369307934045, 1.7366807382036438]}, "datetime": {"datetime": "2025-08-11 23:59:59", "elapsed": 27278.97289943695, "delta": 18.039838075637817}, "costs": {"total_cost": 182.54999721748356, "time_cost": 72.233, "final_distance_cost": 1.820222302061431, "oscillation_cost": 20.695101008790434, "completition_cost": 0.0, "overshoot_cost": 51.89644648746102, "power_cost": 14.254333984375, "noise_cost": 21.650893434795684, "n_waypoints_completed": 9, "tot_waypoints": 9}}
{"target": -182.9451867011696, "params": {"k_pid_pos": [0.521830283808204, 0.0, 0.0], "k_pid_alt": [1.6130588084233106, 0.0, 0.13486012156966404], "k_pid_att": [29.669957386798483, 2.2163078563318312, 0.23556177231979367], "k_pid_yaw": [0.5, 1e-06, 0.1], "k_pid_hsp": [0.10378628021773001, 0.0, 0.0], "k_pid_vsp": [135.8468743957039, 89.77361464311883, 1.2122160636304011]}, "datetime": {"datetime": "2025-08-12 00:00:21", "elapsed": 27301.241376638412, "delta": 22.268477201461792}, "costs": {"total_cost": 182.9451867011696, "time_cost": 72.821, "final_distance_cost": 1.8409529768312545, "oscillation_cost": 20.08821574998978, "completition_cost": 0.0, "overshoot_cost": 51.786287202426365, "power_cost": 14.311561596679688, "noise_cost": 22.097169175242502, "n_waypoints_completed": 9, "tot_waypoints": 9}}
{"target": -182.3845928581808, "params": {"k_pid_pos": [0.5207745252910408, 0.0, 0.0], "k_pid_alt": [1.6114267508577906, 0.0, 0.1394668684226528], "k_pid_att": [24.53158230511992, 2.0413683670707914, 0.1873390868585109], "k_pid_yaw": [0.5, 1e-06, 0.1], "k_pid_hsp": [0.09117710644576676, 0.0, 0.0], "k_pid_vsp": [125.37381411869026, 125.80650221638265, 1.238744469909835]}, "datetime": {"datetime": "2025-08-12 00:00:40", "elapsed": 27320.11515569687, "delta": 18.87377905845642}, "costs": {"total_cost": 182.3845928581808, "time_cost": 73.031, "final_distance_cost": 1.8172202182291444, "oscillation_cost": 19.26136670408043, "completition_cost": 0.0, "overshoot_cost": 51.99132051070978, "power_cost": 14.219624951171875, "noise_cost": 22.06406047398957, "n_waypoints_completed": 9, "tot_waypoints": 9}}
{"target": -183.0206405404356, "params": {"k_pid_pos": [0.5349465711925083, 0.0, 0.0], "k_pid_alt": [1.6655586939641696, 0.0, 0.13527736451132602], "k_pid_att": [23.204279830465993, 2.7680278102978892, 0.15182966228465553], "k_pid_yaw": [0.5, 1e-06, 0.1], "k_pid_hsp": [0.07739840104823645, 0.0, 0.0], "k_pid_vsp": [129.36692102131377, 162.0732701494821, 0.8960058511118678]}, "datetime": {"datetime": "2025-08-12 00:00:59", "elapsed": 27338.673562049866, "delta": 18.558406352996826}, "costs": {"total_cost": 183.0206405404356, "time_cost": 73.731, "final_distance_cost": 1.8152218971248273, "oscillation_cost": 18.51299388158495, "completition_cost": 0.0, "overshoot_cost": 52.39314134039234, "power_cost": 14.327361364746094, "noise_cost": 22.24092205658741, "n_waypoints_completed": 9, "tot_waypoints": 9}}
