{"target": -182.75456806064378, "params": {"k_pid_pos": [0.5252423164675459, 0.0, 0.0], "k_pid_alt": [1.641990322428158, 0.0, 0.13530778499745186], "k_pid_att": [19.065057708308515, 2.2341694540924286, 0.19952880950338894], "k_pid_yaw": [0.5, 1e-06, 0.1], "k_pid_hsp": [0.09280786292235482, 0.0, 0.0], "k_pid_vsp": [142.72560423316912, 54.44280765308529, 2.56036812929272]}, "datetime": {"datetime": "2025-08-11 22:01:53", "elapsed": 20192.603910923004, "delta": 18.588138341903687}, "costs": {"total_cost": 182.75456806064378, "time_cost": 73.066, "final_distance_cost": 1.8175942224704902, "oscillation_cost": 19.48667177282098, "completition_cost": 0.0, "overshoot_cost": 52.092735418697295, "power_cost": 14.162471948242189, "noise_cost": 22.12909469841282, "n_waypoints_completed": 9, "tot_waypoints": 9}}
{"target": -183.28667450889003, "params": {"k_pid_pos": [0.7503025870029, 0.0, 0.0], "k_pid_alt": [1.6125963644422983, 0.0, 0.08393189965397191], "k_pid_att": [29.651334528767862, 2.2515825391008413, 0.5211131289168756], "k_pid_yaw": [0.5, 1e-06, 0.1], "k_pid_hsp": [0.1566641732813685, 0.0, 0.0], "k_pid_vsp": [144.81510347706316, 49.220194675643576, 2.9378444972857745]}, "datetime": {"datetime": "2025-08-11 22:02:10", "elapsed": 20210.01602911949, "delta": 17.412118196487427}, "costs": {"total_cost": 183.28667450889003, "time_cost": 70.511, "final_distance_cost": 1.8312931720976116, "oscillation_cost": 24.65151863704647, "completition_cost": 0.0, "overshoot_cost": 50.958616703024404, "power_cost": 14.172936486816408, "noise_cost": 21.161309509905166, "n_waypoints_completed": 9, "tot_waypoints": 9}}
{"target": -191.763093298796, "params": {"k_pid_pos": [0.6255885983791163, 0.0, 0.0], "k_pid_alt": [1.6769555452072593, 0.0, 0.1731132712308569], "k_pid_att": [25.396032832832503, 2.3308580637515663, 0.17819310207207917], "k_pid_yaw": [0.5, 1e-06, 0.1], "k_pid_hsp": [0.059477229121638164, 0.0, 0.0], "k_pid_vsp": [115.49083036045951, 43.53554447519167, 3.8970695424891098]}, "datetime": {"datetime": "2025-08-11 22:02:30", "elapsed": 20230.20219564438, "delta": 20.186166524887085}, "costs": {"total_cost": 191.763093298796, "time_cost": 78.428, "final_distance_cost": 1.778067943558473, "oscillation_cost": 18.397940612422442, "completition_cost": 0.0, "overshoot_cost": 54.260559313470594, "power_cost": 15.012266381835937, "noise_cost": 23.886259047508588, "n_waypoints_completed": 9, "tot_waypoints": 9}}
{"target": -183.43075649047506, "params": {"k_pid_pos": [0.6740368423717702, 0.0, 0.0], "k_pid_alt": [1.4674451228795478, 0.0, 0.10471655854888912], "k_pid_att": [24.626319164978298, 2.256611022704209, 0.20324146284727398], "k_pid_yaw": [0.5, 1e-06, 0.1], "k_pid_hsp": [0.10616367268776888, 0.0, 0.0], "k_pid_vsp": [165.32300976777998, 53.30009260514333, 1.5746174723417647]}, "datetime": {"datetime": "2025-08-11 22:02:48", "elapsed": 20248.371834993362, "delta": 18.169639348983765}, "costs": {"total_cost": 183.43075649047506, "time_cost": 71.386, "final_distance_cost": 1.8034631412540505, "oscillation_cost": 22.90467051954118, "completition_cost": 0.0, "overshoot_cost": 51.854112931532484, "power_cost": 14.121796118164063, "noise_cost": 21.360713779983257, "n_waypoints_completed": 9, "tot_waypoints": 9}}
{"target": -187.18619758246393, "params": {"k_pid_pos": [0.5274480669569722, 0.0, 0.0], "k_pid_alt": [1.7856501121158184, 0.0, 0.07976239574956681], "k_pid_att": [25.083831291275136, 2.283329493628286, 0.14556713235419783], "k_pid_yaw": [0.5, 1e-06, 0.1], "k_pid_hsp": [0.15112838924837976, 0.0, 0.0], "k_pid_vsp": [155.22328158512275, 35.71374237083925, 1.64882495810122]}, "datetime": {"datetime": "2025-08-11 22:03:08", "elapsed": 20267.469408988953, "delta": 19.09757399559021}, "costs": {"total_cost": 187.18619758246393, "time_cost": 73.871, "final_distance_cost": 1.8399963193656281, "oscillation_cost": 22.405309501174262, "completition_cost": 0.0, "overshoot_cost": 51.717008988667935, "power_cost": 14.523027075195314, "noise_cost": 22.82985569806081, "n_waypoints_completed": 9, "tot_waypoints": 9}}
{"target": -183.3543549314377, "params": {"k_pid_pos": [0.5648921505938305, 0.0, 0.0], "k_pid_alt": [1.6585653764026516, 0.0, 0.09675113269764454], "k_pid_att": [27.221216422490734, 2.0485642582643866, 0.18086467719763943], "k_pid_yaw": [0.5, 1e-06, 0.1], "k_pid_hsp": [0.08547218580742602, 0.0, 0.0], "k_pid_vsp": [143.24109336157497, 51.76851030180434, 2.685111925646184]}, "datetime": {"datetime": "2025-08-11 22:03:27", "elapsed": 20286.859818696976, "delta": 19.39040970802307}, "costs": {"total_cost": 183.3543549314377, "time_cost": 72.884, "final_distance_cost": 1.8065142979116364, "oscillation_cost": 19.886022423067796, "completition_cost": 0.0, "overshoot_cost": 52.56886569123769, "power_cost": 14.190993652343751, "noise_cost": 22.017958866876825, "n_waypoints_completed": 9, "tot_waypoints": 9}}
{"target": -184.85243419606343, "params": {"k_pid_pos": [0.4348671152820725, 0.005638150597209267, 0.020249864942609396], "k_pid_alt": [1.7790179094279297, 0.0, 0.09441140813436359], "k_pid_att": [24.619307366678466, 1.9563404797187638, 0.18455944543099823], "k_pid_yaw": [0.5, 1e-06, 0.1], "k_pid_hsp": [0.07232487453322689, 0.0, 0.0], "k_pid_vsp": [149.3254402478638, 69.78112706895119, 2.4912969094336264]}, "datetime": {"datetime": "2025-08-11 22:03:46", "elapsed": 20306.311104297638, "delta": 19.45128560066223}, "costs": {"total_cost": 184.85243419606343, "time_cost": 76.272, "final_distance_cost": 1.8227325988697676, "oscillation_cost": 15.803568546276708, "completition_cost": 0.0, "overshoot_cost": 53.27152844911399, "power_cost": 14.523037658691408, "noise_cost": 23.159566943111535, "n_waypoints_completed": 9, "tot_waypoints": 9}}
{"target": -198.69152632868716, "params": {"k_pid_pos": [0.3425259099453928, 0.0, 0.0], "k_pid_alt": [1.6664039958704349, 0.0, 0.0], "k_pid_att": [32.44973399929126, 2.2481221674787744, 0.23852913474376405], "k_pid_yaw": [0.5, 1e-06, 0.1], "k_pid_hsp": [0.12672717095068975, 0.0, 0.0], "k_pid_vsp": [161.28012817137702, 52.51901779061799, 2.4671411680422124]}, "datetime": {"datetime": "2025-08-11 22:04:08", "elapsed": 20327.516553401947, "delta": 21.205449104309082}, "costs": {"total_cost": 198.69152632868716, "time_cost": 83.07600000000001, "final_distance_cost": 1.8570754917434, "oscillation_cost": 17.965094831030825, "completition_cost": 0.0, "overshoot_cost": 53.409175518092866, "power_cost": 15.902213757324219, "noise_cost": 26.481966730495824, "n_waypoints_completed": 9, "tot_waypoints": 9}}
{"target": -183.11771936468665, "params": {"k_pid_pos": [0.4841883485197217, 0.0, 0.0], "k_pid_alt": [1.6460978700573656, 0.0, 0.11129044916916128], "k_pid_att": [28.266806523574825, 2.058380805345893, 0.21027772845132642], "k_pid_yaw": [0.5, 1e-06, 0.1], "k_pid_hsp": [0.08081548241042111, 0.0, 0.0], "k_pid_vsp": [144.5874277196942, 54.12598511928638, 2.57481627469844]}, "datetime": {"datetime": "2025-08-11 22:04:27", "elapsed": 20346.45312523842, "delta": 18.936571836471558}, "costs": {"total_cost": 183.11771936468665, "time_cost": 74.277, "final_distance_cost": 1.8300202786506536, "oscillation_cost": 17.533872150760153, "completition_cost": 0.0, "overshoot_cost": 52.69480988673471, "power_cost": 14.237122167968751, "noise_cost": 22.544894880572414, "n_waypoints_completed": 9, "tot_waypoints": 9}}
{"target": -200.30671478096727, "params": {"k_pid_pos": [0.5744040623638462, 0.0, 0.0], "k_pid_alt": [1.7142511029101088, 0.0, 0.09343196802434822], "k_pid_att": [29.480137938850902, 2.0181823738803617, 0.18797094563169484], "k_pid_yaw": [0.5, 1e-06, 0.1], "k_pid_hsp": [0.047856572231927484, 0.0, 0.0], "k_pid_vsp": [152.62910197725319, 54.95286897205864, 2.8454883732548955]}, "datetime": {"datetime": "2025-08-11 22:04:47", "elapsed": 20367.237011909485, "delta": 20.783886671066284}, "costs": {"total_cost": 200.30671478096727, "time_cost": 84.686, "final_distance_cost": 1.8112132898589406, "oscillation_cost": 15.42548895476211, "completition_cost": 0.0, "overshoot_cost": 56.695406986698515, "power_cost": 15.905998266601562, "noise_cost": 25.782607283046143, "n_waypoints_completed": 9, "tot_waypoints": 9}}
{"target": -1009.1483790000584, "params": {"k_pid_pos": [0.6269614976728504, 0.002518409009923904, 0.0023330833486165225], "k_pid_alt": [1.5800706878799482, 0.0, 0.10934179360662774], "k_pid_att": [30.32364931481832, 2.402870778902775, 0.19462267704209868], "k_pid_yaw": [0.5, 1e-06, 0.1], "k_pid_hsp": [0.007218299406379691, 0.0, 0.0], "k_pid_vsp": [138.54400459273617, 50.69717784484625, 1.9964458747295153]}, "datetime": {"datetime": "2025-08-11 22:05:18", "elapsed": 20397.8116543293, "delta": 30.574642419815063}, "costs": {"total_cost": 1009.1483790000584, "time_cost": 150, "final_distance_cost": 73.91117450454149, "oscillation_cost": 1.7425274256891563, "completition_cost": 666.6666666666667, "overshoot_cost": 62.87929375938341, "power_cost": 20.998433349609375, "noise_cost": 32.95028329416829, "n_waypoints_completed": 3, "tot_waypoints": 9}}
{"target": -184.03018109678322, "params": {"k_pid_pos": [0.4740933972493412, 0.0, 0.0], "k_pid_alt": [1.7282481425066156, 0.0, 0.08435766453772225], "k_pid_att": [18.75653030137453, 2.1754695360953877, 0.19861735090502666], "k_pid_yaw": [0.5, 1e-06, 0.1], "k_pid_hsp": [0.0968070400633411, 0.0, 0.0], "k_pid_vsp": [161.34630791140356, 55.72118545303478, 2.72684401985519]}, "datetime": {"datetime": "2025-08-11 22:05:37", "elapsed": 20416.526775598526, "delta": 18.715121269226074}, "costs": {"total_cost": 184.03018109678322, "time_cost": 73.913, "final_distance_cost": 1.8269631799357777, "oscillation_cost": 18.590349497290706, "completition_cost": 0.0, "overshoot_cost": 52.676055524636396, "power_cost": 14.430054919433594, "noise_cost": 22.593757975486756, "n_waypoints_completed": 9, "tot_waypoints": 9}}
{"target": -189.21119762057114, "params": {"k_pid_pos": [0.5085611740121276, 0.0, 0.0], "k_pid_alt": [1.619082652775389, 0.0, 0.10562115376681894], "k_pid_att": [23.472696118871998, 2.2352118449336214, 0.19798474052128348], "k_pid_yaw": [0.5, 1e-06, 0.1], "k_pid_hsp": [0.05799665357691925, 0.0, 0.0], "k_pid_vsp": [149.63493727674071, 56.2002738753593, 1.1146329201181806]}, "datetime": {"datetime": "2025-08-11 22:05:57", "elapsed": 20436.525854110718, "delta": 19.999078512191772}, "costs": {"total_cost": 189.21119762057114, "time_cost": 78.316, "final_distance_cost": 1.8197448203522835, "oscillation_cost": 15.81070495774508, "completition_cost": 0.0, "overshoot_cost": 54.66530321931739, "power_cost": 14.829344287109375, "noise_cost": 23.770100336047033, "n_waypoints_completed": 9, "tot_waypoints": 9}}
{"target": -182.3488625420856, "params": {"k_pid_pos": [0.5333433159314883, 0.0, 0.0], "k_pid_alt": [1.6626423847168461, 0.0, 0.137506551300903], "k_pid_att": [26.513893687384254, 2.3603578145005275, 0.2010980142873267], "k_pid_yaw": [0.5, 1e-06, 0.1], "k_pid_hsp": [0.09906833860425397, 0.0, 0.0], "k_pid_vsp": [141.26549881758785, 54.18650814149701, 2.3248344564687518]}, "datetime": {"datetime": "2025-08-11 22:06:15", "elapsed": 20455.075543165207, "delta": 18.549689054489136}, "costs": {"total_cost": 182.3488625420856, "time_cost": 72.793, "final_distance_cost": 1.8313655037315495, "oscillation_cost": 19.935344361422786, "completition_cost": 0.0, "overshoot_cost": 51.63946391714453, "power_cost": 14.177952600097656, "noise_cost": 21.971736159689105, "n_waypoints_completed": 9, "tot_waypoints": 9}}
{"target": -183.31202260897228, "params": {"k_pid_pos": [0.7499024233757939, 0.007868648174686656, 0.0], "k_pid_alt": [1.6814475344461808, 0.0, 0.21061383519285448], "k_pid_att": [22.162623808801936, 3.5569560469586956, 0.21259723009330772], "k_pid_yaw": [0.5, 1e-06, 0.1], "k_pid_hsp": [0.16397125931882317, 0.0, 0.0], "k_pid_vsp": [120.15778010572217, 56.17147441515926, 1e-06]}, "datetime": {"datetime": "2025-08-11 22:06:33", "elapsed": 20472.903785943985, "delta": 17.828242778778076}, "costs": {"total_cost": 183.31202260897228, "time_cost": 70.273, "final_distance_cost": 1.8375584724649041, "oscillation_cost": 25.052785438839067, "completition_cost": 0.0, "overshoot_cost": 50.90807302836702, "power_cost": 14.157134118652344, "noise_cost": 21.08347155064893, "n_waypoints_completed": 9, "tot_waypoints": 9}}
{"target": -182.80479464971867, "params": {"k_pid_pos": [0.6183579238264462, 0.0, 0.0], "k_pid_alt": [1.6504589811022268, 0.0, 0.07798252816789322], "k_pid_att": [25.699631472234135, 2.3476239870541895, 0.2043457968782676], "k_pid_yaw": [0.5, 1e-06, 0.1], "k_pid_hsp": [0.08896064743341854, 0.0, 0.0], "k_pid_vsp": [142.96852426983483, 53.62673193409703, 2.0722058784783135]}, "datetime": {"datetime": "2025-08-11 22:06:51", "elapsed": 20491.190504550934, "delta": 18.286718606948853}, "costs": {"total_cost": 182.80479464971867, "time_cost": 72.184, "final_distance_cost": 1.805321794732603, "oscillation_cost": 20.990930747837954, "completition_cost": 0.0, "overshoot_cost": 51.91326958158472, "power_cost": 14.131133447265626, "noise_cost": 21.780139078297772, "n_waypoints_completed": 9, "tot_waypoints": 9}}
{"target": -183.5429047085703, "params": {"k_pid_pos": [0.5565854888860406, 0.0, 0.0], "k_pid_alt": [1.6158037289353095, 0.0, 0.20995919241687158], "k_pid_att": [26.23305689657388, 2.346692556114413, 0.19311479235628567], "k_pid_yaw": [0.5, 1e-06, 0.1], "k_pid_hsp": [0.10723439872423794, 0.0, 0.0], "k_pid_vsp": [145.87003242103344, 53.728640968867836, 3.0606393556452387]}, "datetime": {"datetime": "2025-08-11 22:07:10", "elapsed": 20509.813215732574, "delta": 18.622711181640625}, "costs": {"total_cost": 183.5429047085703, "time_cost": 72.485, "final_distance_cost": 1.8196748927555626, "oscillation_cost": 21.1558764346808, "completition_cost": 0.0, "overshoot_cost": 51.8959554513863, "power_cost": 14.213535046386719, "noise_cost": 21.972862883360932, "n_waypoints_completed": 9, "tot_waypoints": 9}}
{"target": -186.43976775926396, "params": {"k_pid_pos": [0.5701185114022839, 0.0, 0.0], "k_pid_alt": [1.5207453561916213, 0.0, 0.2957304163945043], "k_pid_att": [34.48204212301438, 2.3831924964119247, 0.1622502543937162], "k_pid_yaw": [0.5, 1e-06, 0.1], "k_pid_hsp": [0.14784285076578538, 0.0, 0.0], "k_pid_vsp": [149.43461465575172, 51.45468296861431, 4.477506293275788]}, "datetime": {"datetime": "2025-08-11 22:07:28", "elapsed": 20528.067529201508, "delta": 18.254313468933105}, "costs": {"total_cost": 186.43976775926396, "time_cost": 73.01, "final_distance_cost": 1.8416760384563033, "oscillation_cost": 23.522173770988385, "completition_cost": 0.0, "overshoot_cost": 51.37842430092272, "power_cost": 14.449174182128907, "noise_cost": 22.23831946676764, "n_waypoints_completed": 9, "tot_waypoints": 9}}
{"target": -1257.6199086708248, "params": {"k_pid_pos": [0.7266172928675365, 0.020061285625013688, 0.0], "k_pid_alt": [1.6147876167505724, 0.0, 0.37569603736892615], "k_pid_att": [20.278122182005433, 2.2225223431173564, 0.19044045615519234], "k_pid_yaw": [0.5, 1e-06, 0.1], "k_pid_hsp": [0.0001, 0.006528131050016927, 0.0], "k_pid_vsp": [134.36557494189762, 53.880421033989286, 3.767573667486495]}, "datetime": {"datetime": "2025-08-11 22:08:00", "elapsed": 20559.461817264557, "delta": 31.394288063049316}, "costs": {"total_cost": 1257.6199086708248, "time_cost": 150, "final_distance_cost": 60.30496641356489, "oscillation_cost": 1.208770321619295, "completition_cost": 888.8888888888888, "overshoot_cost": 103.06050703930231, "power_cost": 21.04644744873047, "noise_cost": 33.110328558719026, "n_waypoints_completed": 1, "tot_waypoints": 9}}
{"target": -184.9439578386945, "params": {"k_pid_pos": [0.5794889692571275, 0.0, 0.0], "k_pid_alt": [1.7221353271336235, 0.0, 0.13136262419844635], "k_pid_att": [20.650908220877675, 2.362485206609854, 0.18719227298183508], "k_pid_yaw": [0.5, 1e-06, 0.1], "k_pid_hsp": [0.13713391999823402, 0.0, 0.0], "k_pid_vsp": [144.4537944633192, 45.22973621942327, 2.7844741930124597]}, "datetime": {"datetime": "2025-08-11 22:08:18", "elapsed": 20578.24089360237, "delta": 18.77907633781433}, "costs": {"total_cost": 184.9439578386945, "time_cost": 72.268, "final_distance_cost": 1.8429735874625126, "oscillation_cost": 23.381367862656415, "completition_cost": 0.0, "overshoot_cost": 51.369912426641825, "power_cost": 14.182728930664064, "noise_cost": 21.898975031269675, "n_waypoints_completed": 9, "tot_waypoints": 9}}
{"target": -182.71546771598412, "params": {"k_pid_pos": [0.5343805016179799, 0.0, 0.0], "k_pid_alt": [1.6480862889146557, 0.0, 0.08454717614114529], "k_pid_att": [25.10103437689118, 2.355790219837951, 0.21431098935981732], "k_pid_yaw": [0.5, 1e-06, 0.1], "k_pid_hsp": [0.09583062419088045, 0.0, 0.0], "k_pid_vsp": [147.19236164826773, 55.75230374742655, 2.4008157961930565]}, "datetime": {"datetime": "2025-08-11 22:08:37", "elapsed": 20596.659459590912, "delta": 18.41856598854065}, "costs": {"total_cost": 182.71546771598412, "time_cost": 72.807, "final_distance_cost": 1.830046689729661, "oscillation_cost": 19.688547964141907, "completition_cost": 0.0, "overshoot_cost": 52.149519039979424, "power_cost": 14.146600427246094, "noise_cost": 22.09375359488705, "n_waypoints_completed": 9, "tot_waypoints": 9}}
{"target": -187.56284356851708, "params": {"k_pid_pos": [0.5259208061322902, 0.0, 0.0], "k_pid_alt": [1.6585666936646082, 0.0, 0.17483263584703548], "k_pid_att": [27.762606535202796, 2.099658544191856, 0.2406439902412415], "k_pid_yaw": [0.5, 1e-06, 0.1], "k_pid_hsp": [0.062115610908658574, 0.0, 0.0], "k_pid_vsp": [137.826893206332, 54.948384528189216, 3.2180975908500256]}, "datetime": {"datetime": "2025-08-11 22:08:56", "elapsed": 20616.32968211174, "delta": 19.670222520828247}, "costs": {"total_cost": 187.56284356851708, "time_cost": 76.881, "final_distance_cost": 1.809819872994943, "oscillation_cost": 16.6703588636787, "completition_cost": 0.0, "overshoot_cost": 54.148347128905414, "power_cost": 14.697204968261719, "noise_cost": 23.356112734676294, "n_waypoints_completed": 9, "tot_waypoints": 9}}
{"target": -183.6861834653965, "params": {"k_pid_pos": [0.4779500250130096, 0.0, 0.0], "k_pid_alt": [1.6390480874503672, 0.0, 0.03700332361912043], "k_pid_att": [27.186354410827242, 2.356100864426158, 0.20551391187309878], "k_pid_yaw": [0.5, 1e-06, 0.1], "k_pid_hsp": [0.10256198119014148, 0.0, 0.0], "k_pid_vsp": [150.48032499727557, 56.4129157571479, 3.2176701261896223]}, "datetime": {"datetime": "2025-08-11 22:09:15", "elapsed": 20635.370280742645, "delta": 19.04059863090515}, "costs": {"total_cost": 183.6861834653965, "time_cost": 73.815, "final_distance_cost": 1.845868191346404, "oscillation_cost": 19.146585966902894, "completition_cost": 0.0, "overshoot_cost": 52.07440756896981, "power_cost": 14.331080639648437, "noise_cost": 22.473241098528963, "n_waypoints_completed": 9, "tot_waypoints": 9}}
{"target": -189.34133164862376, "params": {"k_pid_pos": [0.5002354439056991, 0.0, 0.0], "k_pid_alt": [1.6182350653541073, 0.0, 0.1485082268087805], "k_pid_att": [27.46109189675835, 2.4470216304111116, 0.20035891565808311], "k_pid_yaw": [0.5, 1e-06, 0.1], "k_pid_hsp": [0.16794753376469643, 0.0, 0.0], "k_pid_vsp": [140.5056555716806, 53.0607927460087, 3.023522330262164]}, "datetime": {"datetime": "2025-08-11 22:09:35", "elapsed": 20654.868181705475, "delta": 19.49790096282959}, "costs": {"total_cost": 189.34133164862376, "time_cost": 75.208, "final_distance_cost": 1.8501523063652454, "oscillation_cost": 22.955145418769334, "completition_cost": 0.0, "overshoot_cost": 51.37610737592276, "power_cost": 14.764866174316406, "noise_cost": 23.18706037325003, "n_waypoints_completed": 9, "tot_waypoints": 9}}
{"target": -186.07320149811648, "params": {"k_pid_pos": [0.5356324817788873, 0.0, 0.0], "k_pid_alt": [1.5085490468584686, 0.0, 0.06636057163392352], "k_pid_att": [24.201470535595632, 2.4106724851738734, 0.18736572183781075], "k_pid_yaw": [0.5, 1e-06, 0.1], "k_pid_hsp": [0.0660768888552902, 0.0, 0.0], "k_pid_vsp": [142.18877799840254, 48.53707164608536, 2.4736483583541067]}, "datetime": {"datetime": "2025-08-11 22:09:54", "elapsed": 20674.245987653732, "delta": 19.377805948257446}, "costs": {"total_cost": 186.07320149811648, "time_cost": 75.789, "final_distance_cost": 1.8011075836532169, "oscillation_cost": 17.219751622676277, "completition_cost": 0.0, "overshoot_cost": 53.72645034240271, "power_cost": 14.481792224121094, "noise_cost": 23.055099725263172, "n_waypoints_completed": 9, "tot_waypoints": 9}}
{"target": -183.03345322983594, "params": {"k_pid_pos": [0.6816777049174335, 0.0, 0.0], "k_pid_alt": [1.6926391630050561, 0.0, 0.12012862419081724], "k_pid_att": [21.146949880001113, 1.7387908607960698, 0.31284668373772984], "k_pid_yaw": [0.5, 1e-06, 0.1], "k_pid_hsp": [0.11956709747428913, 0.0, 0.0], "k_pid_vsp": [138.7653265485609, 68.46602311373289, 2.210381627240802]}, "datetime": {"datetime": "2025-08-11 22:10:14", "elapsed": 20693.8604722023, "delta": 19.614484548568726}, "costs": {"total_cost": 183.03345322983594, "time_cost": 70.882, "final_distance_cost": 1.8113032977757626, "oscillation_cost": 23.531977220734827, "completition_cost": 0.0, "overshoot_cost": 51.187916011450774, "power_cost": 14.222798645019532, "noise_cost": 21.397458054855033, "n_waypoints_completed": 9, "tot_waypoints": 9}}
