{"target": -1249.3243614830744, "params": {"k_pid_pos": [1.1937851724681996, 0.13609545610875898, 0.09060016220565707], "k_pid_alt": [1.3976171111879543, 0.02866813799342012, 0.2648346405006917], "k_pid_att": [0.0, 1.9144576852319242, 0.37431629605586675], "k_pid_yaw": [0.5, 1e-06, 0.1], "k_pid_hsp": [0.0001, 0.0, 0.0], "k_pid_vsp": [157.30523400813314, 44.109788739326994, 9.932129242682088]}, "datetime": {"datetime": "2025-08-11 17:35:29", "elapsed": 4208.642555236816, "delta": 29.4992618560791}, "costs": {"total_cost": 1249.3243614830744, "time_cost": 150, "final_distance_cost": 48.90661410823726, "oscillation_cost": 0.41993621650970314, "completition_cost": 888.8888888888888, "overshoot_cost": 105.33066079878036, "power_cost": 29.59462098388672, "noise_cost": 26.183640486771427, "n_waypoints_completed": 1, "tot_waypoints": 9}}
{"target": -1249.7909956380074, "params": {"k_pid_pos": [1.1331935446325965, 0.1614883839726558, 0.0], "k_pid_alt": [1.465864648555181, 0.0, 0.0], "k_pid_att": [6.00434096836797, 3.3680269905455322, 0.11506402556848358], "k_pid_yaw": [0.5, 1e-06, 0.1], "k_pid_hsp": [0.0001, 0.0, 0.0], "k_pid_vsp": [187.25295113587666, 16.648794113428053, 16.624296926578058]}, "datetime": {"datetime": "2025-08-11 17:35:58", "elapsed": 4238.364802360535, "delta": 29.72224712371826}, "costs": {"total_cost": 1249.7909956380074, "time_cost": 150, "final_distance_cost": 48.71463559617084, "oscillation_cost": 0.12630829767642124, "completition_cost": 888.8888888888888, "overshoot_cost": 106.2777848616958, "power_cost": 29.568612512207032, "noise_cost": 26.214765481368513, "n_waypoints_completed": 1, "tot_waypoints": 9}}
{"target": -14883.732254458426, "params": {"k_pid_pos": [1.1689409522227778, 0.13233502607609704, 0.0], "k_pid_alt": [1.3713905925804222, 0.0, 0.5912302756425453], "k_pid_att": [0.0, 5.575843839842289, 0.2034748566421263], "k_pid_yaw": [0.5, 1e-06, 0.1], "k_pid_hsp": [0.36780039340457626, 0.0, 0.0], "k_pid_vsp": [159.27604546724024, 53.13515932038576, 1e-06]}, "datetime": {"datetime": "2025-08-11 17:36:28", "elapsed": 4267.949517726898, "delta": 29.584715366363525}, "costs": {"total_cost": 14883.732254458426, "time_cost": 150, "final_distance_cost": 4168.611083271612, "oscillation_cost": 1657.5463689542785, "completition_cost": 1000.0, "overshoot_cost": 7700.134717011156, "power_cost": 57.622021130371095, "noise_cost": 149.81806409100722, "n_waypoints_completed": 0, "tot_waypoints": 9}}
{"target": -1351.7949603016143, "params": {"k_pid_pos": [0.8571439192662187, 0.0, 0.0], "k_pid_alt": [1.5764191312219933, 0.0, 0.0], "k_pid_att": [4.843792748962475, 0.14146842807817195, 0.21915680858701192], "k_pid_yaw": [0.5, 1e-06, 0.1], "k_pid_hsp": [0.0001, 0.8739314823669011, 0.0], "k_pid_vsp": [146.40746194737017, 1e-06, 26.23672286888994]}, "datetime": {"datetime": "2025-08-11 17:36:58", "elapsed": 4297.798680067062, "delta": 29.849162340164185}, "costs": {"total_cost": 1351.7949603016143, "time_cost": 150, "final_distance_cost": 68.49487399656456, "oscillation_cost": 96.0355649506058, "completition_cost": 888.8888888888888, "overshoot_cost": 79.12680572914287, "power_cost": 35.34708435058594, "noise_cost": 33.90174238582627, "n_waypoints_completed": 1, "tot_waypoints": 9}}
{"target": -381.0270092296655, "params": {"k_pid_pos": [0.9679932810398503, 0.08139296037334263, 0.0], "k_pid_alt": [0.09088701219771933, 0.36050357165502633, 0.5781595519217533], "k_pid_att": [12.909411384872708, 3.148487205980615, 0.3707424587195502], "k_pid_yaw": [0.5, 1e-06, 0.1], "k_pid_hsp": [0.51602348793057, 0.620390994738298, 0.1674630196392332], "k_pid_vsp": [71.39477409717435, 43.20337282131891, 18.812739138873507]}, "datetime": {"datetime": "2025-08-11 17:37:25", "elapsed": 4324.969712495804, "delta": 27.171032428741455}, "costs": {"total_cost": 381.0270092296655, "time_cost": 110.656, "final_distance_cost": 1.7603544090616783, "oscillation_cost": 144.2654727735389, "completition_cost": 0.0, "overshoot_cost": 62.541576080371506, "power_cost": 30.47680068359375, "noise_cost": 31.326805283099635, "n_waypoints_completed": 9, "tot_waypoints": 9}}
{"target": -199.3352741849141, "params": {"k_pid_pos": [1.3309219143475886, 0.26284812241078026, 0.06581242507680704], "k_pid_alt": [1.6927374497964116, 0.0033970116624031724, 0.11696235294492305], "k_pid_att": [11.52095147691875, 2.649158689237484, 0.24825993450687733], "k_pid_yaw": [0.5, 1e-06, 0.1], "k_pid_hsp": [3.5891485226991007, 0.0, 0.0], "k_pid_vsp": [227.0988456434671, 5.40720437307607, 1e-06]}, "datetime": {"datetime": "2025-08-11 17:37:43", "elapsed": 4342.862384319305, "delta": 17.892671823501587}, "costs": {"total_cost": 199.3352741849141, "time_cost": 70.644, "final_distance_cost": 1.803878121635108, "oscillation_cost": 38.72266524469292, "completition_cost": 0.0, "overshoot_cost": 51.655848137344094, "power_cost": 15.281899316406252, "noise_cost": 21.22698336483572, "n_waypoints_completed": 9, "tot_waypoints": 9}}
{"target": -1313.5742447148257, "params": {"k_pid_pos": [0.0001, 0.7545790318333379, 0.48636209316752166], "k_pid_alt": [1.461424242042063, 0.0, 0.6101648098078877], "k_pid_att": [10.128118693256134, 3.4649466393970547, 0.5338821651496888], "k_pid_yaw": [0.5, 1e-06, 0.1], "k_pid_hsp": [0.8260868415829745, 0.016062330525025932, 0.09913273563039599], "k_pid_vsp": [118.5374082195078, 25.039385229427293, 1e-06]}, "datetime": {"datetime": "2025-08-11 17:38:13", "elapsed": 4372.770326137543, "delta": 29.907941818237305}, "costs": {"total_cost": 1313.5742447148257, "time_cost": 150, "final_distance_cost": 64.56646820526508, "oscillation_cost": 111.1110549702839, "completition_cost": 888.8888888888888, "overshoot_cost": 38.03240139323222, "power_cost": 28.27981356201172, "noise_cost": 32.69561769514403, "n_waypoints_completed": 1, "tot_waypoints": 9}}
{"target": -255.42086699320652, "params": {"k_pid_pos": [1.4787194815522375, 0.7032528143374106, 0.0], "k_pid_alt": [1.6024873717066124, 0.0, 0.3959562228944881], "k_pid_att": [61.385092846154606, 7.350659689174273, 0.19053505213440097], "k_pid_yaw": [0.5, 1e-06, 0.1], "k_pid_hsp": [4.631650198537087, 0.0, 0.0], "k_pid_vsp": [111.64966027930026, 31.989235393618248, 1e-06]}, "datetime": {"datetime": "2025-08-11 17:38:35", "elapsed": 4395.2300844192505, "delta": 22.459758281707764}, "costs": {"total_cost": 255.42086699320652, "time_cost": 90.636, "final_distance_cost": 1.7278216406783629, "oscillation_cost": 59.09341008728852, "completition_cost": 0.0, "overshoot_cost": 56.91812760841298, "power_cost": 20.740096618652345, "noise_cost": 26.305411038174338, "n_waypoints_completed": 9, "tot_waypoints": 9}}
{"target": -871.9401942565032, "params": {"k_pid_pos": [0.15619693204662177, 0.0, 0.3626065512466651], "k_pid_alt": [1.001720854106788, 0.0, 0.5539996172230253], "k_pid_att": [43.04056894077964, 3.583157241181848, 0.42880670594415615], "k_pid_yaw": [0.5, 1e-06, 0.1], "k_pid_hsp": [0.9204028711429412, 0.01969094867163578, 0.0], "k_pid_vsp": [212.24154782922432, 66.38535850824164, 1e-06]}, "datetime": {"datetime": "2025-08-11 17:39:05", "elapsed": 4424.952902555466, "delta": 29.72281813621521}, "costs": {"total_cost": 871.9401942565032, "time_cost": 150, "final_distance_cost": 47.65600833221547, "oscillation_cost": 7.075424095178877, "completition_cost": 555.5555555555555, "overshoot_cost": 57.4065235601665, "power_cost": 21.41208388671875, "noise_cost": 32.834598826668035, "n_waypoints_completed": 4, "tot_waypoints": 9}}
{"target": -1240.207496589433, "params": {"k_pid_pos": [0.5646106796236365, 0.23280064320807362, 0.0], "k_pid_alt": [1.8392413955556555, 0.0, 0.0], "k_pid_att": [4.2133993865705435, 3.649957004597771, 0.2084454671490568], "k_pid_yaw": [0.5, 1e-06, 0.1], "k_pid_hsp": [0.0001, 0.0, 0.0], "k_pid_vsp": [138.27870242047518, 1e-06, 1e-06]}, "datetime": {"datetime": "2025-08-11 17:39:34", "elapsed": 4453.976330757141, "delta": 29.023428201675415}, "costs": {"total_cost": 1240.207496589433, "time_cost": 150, "final_distance_cost": 47.452545238426026, "oscillation_cost": 0.005059832922982958, "completition_cost": 888.8888888888888, "overshoot_cost": 99.72378666890756, "power_cost": 21.015968115234376, "noise_cost": 33.12124784505361, "n_waypoints_completed": 1, "tot_waypoints": 9}}
{"target": -194.00708996999177, "params": {"k_pid_pos": [0.7795050415902014, 0.24987144852914117, 0.0], "k_pid_alt": [1.3134498419340788, 0.0, 0.16134201433634504], "k_pid_att": [15.584950327974653, 3.535927841135104, 0.20144919081568605], "k_pid_yaw": [0.5, 1e-06, 0.1], "k_pid_hsp": [0.314520163929139, 0.0, 0.0], "k_pid_vsp": [154.5931065924165, 39.24144622400041, 1e-06]}, "datetime": {"datetime": "2025-08-11 17:39:53", "elapsed": 4472.45579624176, "delta": 18.47946548461914}, "costs": {"total_cost": 194.00708996999177, "time_cost": 75.089, "final_distance_cost": 1.7912897489546278, "oscillation_cost": 27.971474358762865, "completition_cost": 0.0, "overshoot_cost": 51.26879436808643, "power_cost": 15.401949670410158, "noise_cost": 22.48458182377768, "n_waypoints_completed": 9, "tot_waypoints": 9}}
{"target": -364.7537829942457, "params": {"k_pid_pos": [1.14163206367555, 0.08043580209399792, 0.07630817330720671], "k_pid_alt": [1.4529710681391004, 0.1831313126404679, 0.7168468563797766], "k_pid_att": [24.81431693809042, 3.7450331656388762, 1.0], "k_pid_yaw": [0.5, 1e-06, 0.1], "k_pid_hsp": [3.5542111457873578, 0.10553976619385742, 0.25503250672562067], "k_pid_vsp": [239.10569909263435, 88.9046691598979, 11.376898890652313]}, "datetime": {"datetime": "2025-08-11 17:40:13", "elapsed": 4492.873323202133, "delta": 20.417526960372925}, "costs": {"total_cost": 364.7537829942457, "time_cost": 84.196, "final_distance_cost": 1.7776215051559896, "oscillation_cost": 182.37634181560077, "completition_cost": 0.0, "overshoot_cost": 52.065378384287044, "power_cost": 22.577582946777344, "noise_cost": 21.760858342424584, "n_waypoints_completed": 9, "tot_waypoints": 9}}
{"target": -1247.9330422159433, "params": {"k_pid_pos": [1.4245784187362027, 0.07067300999190564, 0.016100224456326806], "k_pid_alt": [1.4208199751247292, 0.0, 0.27993701383757386], "k_pid_att": [18.681911884926272, 3.2398471967492393, 0.17765620385216296], "k_pid_yaw": [0.5, 1e-06, 0.1], "k_pid_hsp": [0.0001, 0.0, 0.0], "k_pid_vsp": [67.07190924465812, 34.78402635207115, 1.7057941074111511]}, "datetime": {"datetime": "2025-08-11 17:40:42", "elapsed": 4521.887582778931, "delta": 29.014259576797485}, "costs": {"total_cost": 1247.9330422159433, "time_cost": 150, "final_distance_cost": 48.91124311017582, "oscillation_cost": 0.005409592690974286, "completition_cost": 888.8888888888888, "overshoot_cost": 106.01745471537201, "power_cost": 20.998071044921875, "noise_cost": 33.11197486389375, "n_waypoints_completed": 1, "tot_waypoints": 9}}
{"target": -575.1100881097375, "params": {"k_pid_pos": [0.8213312525851073, 0.0, 0.0], "k_pid_alt": [1.1452830231971085, 0.646519560984207, 0.16704543103515565], "k_pid_att": [61.134640521304284, 3.6128356077247483, 0.2795681501096601], "k_pid_yaw": [0.5, 1e-06, 0.1], "k_pid_hsp": [3.3822691933926134, 0.039604935880891985, 0.1822960280500936], "k_pid_vsp": [101.79111420427547, 1e-06, 16.45650712834051]}, "datetime": {"datetime": "2025-08-11 17:41:04", "elapsed": 4543.519676923752, "delta": 21.632094144821167}, "costs": {"total_cost": 575.1100881097375, "time_cost": 85.869, "final_distance_cost": 1.7877582844470736, "oscillation_cost": 384.83286279386414, "completition_cost": 0.0, "overshoot_cost": 56.17455204878358, "power_cost": 25.110606860351563, "noise_cost": 21.335308122291192, "n_waypoints_completed": 9, "tot_waypoints": 9}}
{"target": -237.8043187917005, "params": {"k_pid_pos": [1.0458133347933956, 0.04047195658890318, 0.0], "k_pid_alt": [0.6789203049296271, 0.0, 0.0], "k_pid_att": [15.092010117048247, 3.2771907837683107, 0.19747930083805115], "k_pid_yaw": [0.5, 1e-06, 0.1], "k_pid_hsp": [1.7527279775491635, 0.0, 0.08402527040907634], "k_pid_vsp": [150.25377657329835, 43.09766805144289, 1e-06]}, "datetime": {"datetime": "2025-08-11 17:41:23", "elapsed": 4563.073704957962, "delta": 19.554028034210205}, "costs": {"total_cost": 237.8043187917005, "time_cost": 78.127, "final_distance_cost": 1.8310601293963422, "oscillation_cost": 66.47625340089496, "completition_cost": 0.0, "overshoot_cost": 51.09456401116043, "power_cost": 17.39948210449219, "noise_cost": 22.875959145756564, "n_waypoints_completed": 9, "tot_waypoints": 9}}
{"target": -1160.5955204449901, "params": {"k_pid_pos": [1.29646023331126, 0.07482834878339625, 0.02004374338074606], "k_pid_alt": [1.3997982644641307, 0.0, 0.9019174610348061], "k_pid_att": [27.31243034512419, 4.634044477150478, 0.12322847954415031], "k_pid_yaw": [0.5, 1e-06, 0.1], "k_pid_hsp": [0.0001, 0.023255628231842268, 0.0], "k_pid_vsp": [306.3549199289879, 67.13940908941125, 1e-06]}, "datetime": {"datetime": "2025-08-11 17:41:53", "elapsed": 4592.9012799263, "delta": 29.827574968338013}, "costs": {"total_cost": 1160.5955204449901, "time_cost": 150, "final_distance_cost": 86.68310823523412, "oscillation_cost": 10.5217271367931, "completition_cost": 777.7777777777778, "overshoot_cost": 80.80804952390915, "power_cost": 21.56779891357422, "noise_cost": 33.23705885770156, "n_waypoints_completed": 2, "tot_waypoints": 9}}
{"target": -17252.38873004967, "params": {"k_pid_pos": [0.38423696728902684, 0.016881774778233723, 0.16288288469697268], "k_pid_alt": [1.2202094361170297, 0.007467371227443696, 0.9848872764732924], "k_pid_att": [0.0, 4.940012245163441, 0.07061147473189154], "k_pid_yaw": [0.5, 1e-06, 0.1], "k_pid_hsp": [10.0, 0.32699468386905084, 0.0], "k_pid_vsp": [5.320182346415166, 178.74963386432594, 151.07133542563906]}, "datetime": {"datetime": "2025-08-11 17:42:23", "elapsed": 4622.59397649765, "delta": 29.692696571350098}, "costs": {"total_cost": 17252.38873004967, "time_cost": 150, "final_distance_cost": 4995.028455569496, "oscillation_cost": 1862.3766929901537, "completition_cost": 1000.0, "overshoot_cost": 9041.875128805694, "power_cost": 55.77051146240235, "noise_cost": 147.33794122192177, "n_waypoints_completed": 0, "tot_waypoints": 9}}
{"target": -201.67625791195346, "params": {"k_pid_pos": [0.5892041109031109, 0.0, 0.0], "k_pid_alt": [1.1083666568495243, 0.0, 0.4198625991613584], "k_pid_att": [12.644918745601299, 4.34678031676748, 0.052307025720163824], "k_pid_yaw": [0.5, 1e-06, 0.1], "k_pid_hsp": [0.19069464755394416, 0.06576725713939059, 0.0], "k_pid_vsp": [269.1532858941252, 70.13368413915877, 1e-06]}, "datetime": {"datetime": "2025-08-11 17:42:42", "elapsed": 4642.36180639267, "delta": 19.76782989501953}, "costs": {"total_cost": 201.67625791195346, "time_cost": 78.218, "final_distance_cost": 1.8578162932592555, "oscillation_cost": 31.186225775560054, "completition_cost": 0.0, "overshoot_cost": 50.22180135528642, "power_cost": 15.651624865722656, "noise_cost": 24.540789622125057, "n_waypoints_completed": 9, "tot_waypoints": 9}}
{"target": -205.65231147468148, "params": {"k_pid_pos": [0.6326853860654897, 0.04796199962073858, 0.0], "k_pid_alt": [1.2183627374313335, 0.0, 0.3438836393404827], "k_pid_att": [25.287241536932996, 2.856440581948408, 0.22738548344348214], "k_pid_yaw": [0.5, 1e-06, 0.1], "k_pid_hsp": [2.4480058567902474, 0.0, 0.0], "k_pid_vsp": [138.5676984575405, 1e-06, 1e-06]}, "datetime": {"datetime": "2025-08-11 17:43:02", "elapsed": 4661.763394117355, "delta": 19.40158772468567}, "costs": {"total_cost": 205.65231147468148, "time_cost": 77.693, "final_distance_cost": 1.8474270005007607, "oscillation_cost": 34.83262363448493, "completition_cost": 0.0, "overshoot_cost": 51.81212209808192, "power_cost": 15.594001501464845, "noise_cost": 23.873137240149006, "n_waypoints_completed": 9, "tot_waypoints": 9}}
{"target": -1247.7358597259001, "params": {"k_pid_pos": [1.6485819847643928, 0.09471346093298741, 0.39810296976501425], "k_pid_alt": [1.588859045840975, 0.03697399388972031, 0.0], "k_pid_att": [13.465403545193068, 3.9362591395982185, 0.20664475473770347], "k_pid_yaw": [0.5, 1e-06, 0.1], "k_pid_hsp": [0.0001, 0.0, 0.0], "k_pid_vsp": [180.70730941208728, 73.61782783308921, 3.729389956790257]}, "datetime": {"datetime": "2025-08-11 17:43:32", "elapsed": 4691.738961935043, "delta": 29.97556781768799}, "costs": {"total_cost": 1247.7358597259001, "time_cost": 150, "final_distance_cost": 49.171999662743495, "oscillation_cost": 0.0050105196822950865, "completition_cost": 888.8888888888888, "overshoot_cost": 105.55821653273975, "power_cost": 21.017129907226565, "noise_cost": 33.09461421461929, "n_waypoints_completed": 1, "tot_waypoints": 9}}
{"target": -1090.508303591585, "params": {"k_pid_pos": [1.0447695720118346, 0.015013972365984896, 0.04863892951897163], "k_pid_alt": [1.4807148288345264, 0.0, 0.422942150170561], "k_pid_att": [31.22313731926309, 3.3613900281885267, 0.5043003051396088], "k_pid_yaw": [0.5, 1e-06, 0.1], "k_pid_hsp": [0.0008215401876741745, 0.038287218437415116, 0.0], "k_pid_vsp": [162.24603890823838, 35.8904499120297, 56.74111510853264]}, "datetime": {"datetime": "2025-08-11 17:44:02", "elapsed": 4721.6617250442505, "delta": 29.922763109207153}, "costs": {"total_cost": 1090.508303591585, "time_cost": 150, "final_distance_cost": 83.86567448273325, "oscillation_cost": 24.61191227630845, "completition_cost": 666.6666666666667, "overshoot_cost": 107.68177784972488, "power_cost": 30.068497290039065, "noise_cost": 27.613775026112794, "n_waypoints_completed": 3, "tot_waypoints": 9}}
{"target": -310.3129919002166, "params": {"k_pid_pos": [0.454883019172277, 0.06627766924012012, 0.0], "k_pid_alt": [1.13773252649094, 0.0, 0.29549671753805], "k_pid_att": [6.466743413130555, 4.519319558754021, 0.16801396150595452], "k_pid_yaw": [0.5, 1e-06, 0.1], "k_pid_hsp": [0.0001, 0.1117249219213055, 0.19594639181413753], "k_pid_vsp": [173.62602179677594, 81.51232602328093, 1e-06]}, "datetime": {"datetime": "2025-08-11 17:44:25", "elapsed": 4744.4775376319885, "delta": 22.815812587738037}, "costs": {"total_cost": 310.3129919002166, "time_cost": 89.348, "final_distance_cost": 1.8184813797045918, "oscillation_cost": 112.20119603822135, "completition_cost": 0.0, "overshoot_cost": 61.30156935945775, "power_cost": 19.189539318847658, "noise_cost": 26.45420580398522, "n_waypoints_completed": 9, "tot_waypoints": 9}}
{"target": -7658.121324946888, "params": {"k_pid_pos": [0.0001, 0.2347952792226708, 0.0], "k_pid_alt": [1.3644913886295005, 0.0, 0.3192554269917105], "k_pid_att": [0.0, 2.9488855152032576, 0.20311516357962023], "k_pid_yaw": [0.5, 1e-06, 0.1], "k_pid_hsp": [0.7099920620357161, 0.0, 0.0], "k_pid_vsp": [193.83613956084616, 22.449942772026183, 1e-06]}, "datetime": {"datetime": "2025-08-11 17:44:54", "elapsed": 4774.239225387573, "delta": 29.761687755584717}, "costs": {"total_cost": 7658.121324946888, "time_cost": 150, "final_distance_cost": 2099.055852448443, "oscillation_cost": 1472.8888468997545, "completition_cost": 1000.0, "overshoot_cost": 2740.8072922630267, "power_cost": 54.54339406738281, "noise_cost": 140.82593926828054, "n_waypoints_completed": 0, "tot_waypoints": 9}}
{"target": -4304.170516930919, "params": {"k_pid_pos": [1.0033344826620723, 0.2818822100625348, 0.0], "k_pid_alt": [1.3950322012270826, 0.0, 0.32169685863298303], "k_pid_att": [0.0, 3.743739251654131, 0.344713284347317], "k_pid_yaw": [0.5, 1e-06, 0.1], "k_pid_hsp": [1.967077926522778, 0.0, 0.0], "k_pid_vsp": [181.1198893446519, 30.879861388233746, 1e-06]}, "datetime": {"datetime": "2025-08-11 17:45:24", "elapsed": 4803.937766313553, "delta": 29.698540925979614}, "costs": {"total_cost": 4304.170516930919, "time_cost": 150, "final_distance_cost": 230.7091089442721, "oscillation_cost": 1609.0165338160916, "completition_cost": 1000.0, "overshoot_cost": 1102.8541560166575, "power_cost": 54.241689868164066, "noise_cost": 157.34902828573374, "n_waypoints_completed": 0, "tot_waypoints": 9}}
{"target": -218.37716213942687, "params": {"k_pid_pos": [1.1943949471642201, 0.23291477222335932, 0.4910879121495677], "k_pid_alt": [1.2455217034457404, 0.0, 0.3766786505739737], "k_pid_att": [40.559084100663554, 2.6669186596677616, 0.37342828899768726], "k_pid_yaw": [0.5, 1e-06, 0.1], "k_pid_hsp": [0.247111000330608, 0.0, 0.012725685019364354], "k_pid_vsp": [150.17207736654314, 57.81799255093655, 1e-06]}, "datetime": {"datetime": "2025-08-11 17:45:43", "elapsed": 4823.118175029755, "delta": 19.180408716201782}, "costs": {"total_cost": 218.37716213942687, "time_cost": 78.799, "final_distance_cost": 1.8052714763957574, "oscillation_cost": 46.20199181892551, "completition_cost": 0.0, "overshoot_cost": 51.69028025711883, "power_cost": 16.411254357910156, "noise_cost": 23.4693642290766, "n_waypoints_completed": 9, "tot_waypoints": 9}}
{"target": -455.5964877990263, "params": {"k_pid_pos": [0.9634335452812108, 0.14541428365911493, 0.0], "k_pid_alt": [1.317315621076918, 0.45817870416731743, 0.4980684101707153], "k_pid_att": [6.295919851473119, 7.2819609823076625, 0.0], "k_pid_yaw": [0.5, 1e-06, 0.1], "k_pid_hsp": [8.980380534105734, 0.0, 0.0], "k_pid_vsp": [148.65518874673688, 1e-06, 3.1321855453305725]}, "datetime": {"datetime": "2025-08-11 17:46:04", "elapsed": 4843.575398445129, "delta": 20.457223415374756}, "costs": {"total_cost": 455.5964877990263, "time_cost": 80.507, "final_distance_cost": 1.7655078593864586, "oscillation_cost": 279.5232586059808, "completition_cost": 0.0, "overshoot_cost": 52.488141541456216, "power_cost": 17.569092626953125, "noise_cost": 23.74348716524971, "n_waypoints_completed": 9, "tot_waypoints": 9}}
