{"target": -183.45406358645099, "params": {"k_pid_pos": [0.533506002135153, 0.0, 0.0], "k_pid_alt": [1.68883204960579, 0.0, 0.1726771971520366], "k_pid_att": [28.22159644756511, 2.3070984213229977, 0.1952976134961935], "k_pid_yaw": [0.5, 1e-06, 0.1], "k_pid_hsp": [0.10559230186389384, 0.0, 0.0], "k_pid_vsp": [134.26349463579356, 55.82450974015496, 2.426031421222428]}, "datetime": {"datetime": "2025-08-11 21:26:47", "elapsed": 18086.397340774536, "delta": 18.27852511405945}, "costs": {"total_cost": 183.45406358645099, "time_cost": 72.723, "final_distance_cost": 1.8391891760171677, "oscillation_cost": 20.858715636401385, "completition_cost": 0.0, "overshoot_cost": 51.82921721251938, "power_cost": 14.195325732421876, "noise_cost": 22.008615829091188, "n_waypoints_completed": 9, "tot_waypoints": 9}}
{"target": -184.99609300820086, "params": {"k_pid_pos": [0.9252970533459948, 0.014386257457141241, 0.0], "k_pid_alt": [1.6285414788786143, 0.0, 0.1797525978381777], "k_pid_att": [20.561994596893168, 3.470689183520661, 0.12639510436934875], "k_pid_yaw": [0.5, 1e-06, 0.1], "k_pid_hsp": [0.19377059626592927, 0.0, 0.0], "k_pid_vsp": [105.0256293352408, 54.614827998149806, 1e-06]}, "datetime": {"datetime": "2025-08-11 21:27:03", "elapsed": 18103.351774930954, "delta": 16.954434156417847}, "costs": {"total_cost": 184.99609300820086, "time_cost": 69.524, "final_distance_cost": 1.8186600291784045, "oscillation_cost": 27.795160971334155, "completition_cost": 0.0, "overshoot_cost": 50.68000335283892, "power_cost": 14.289644555664063, "noise_cost": 20.888624099185314, "n_waypoints_completed": 9, "tot_waypoints": 9}}
{"target": -183.22775715620887, "params": {"k_pid_pos": [0.6820397834693493, 0.0, 0.0], "k_pid_alt": [1.765276154119966, 0.0, 0.03448720591266337], "k_pid_att": [28.110694683776067, 0.9951725214605893, 0.24448904485253425], "k_pid_yaw": [0.5, 1e-06, 0.1], "k_pid_hsp": [0.09379555898287648, 0.0, 0.0], "k_pid_vsp": [138.72392806460357, 52.81564077804032, 2.9587996967214636]}, "datetime": {"datetime": "2025-08-11 21:27:22", "elapsed": 18121.900971889496, "delta": 18.54919695854187}, "costs": {"total_cost": 183.22775715620887, "time_cost": 71.533, "final_distance_cost": 1.8046267727060663, "oscillation_cost": 22.189177201334026, "completition_cost": 0.0, "overshoot_cost": 52.129082197730135, "power_cost": 14.0888689453125, "noise_cost": 21.48300203912615, "n_waypoints_completed": 9, "tot_waypoints": 9}}
{"target": -183.03186270140233, "params": {"k_pid_pos": [0.5337724059197053, 0.0, 0.0], "k_pid_alt": [1.5596076632702336, 0.0, 0.09692474347499186], "k_pid_att": [29.92549409942116, 2.294266108694504, 0.21518219571483288], "k_pid_yaw": [0.5, 1e-06, 0.1], "k_pid_hsp": [0.07854459706325977, 0.0, 0.0], "k_pid_vsp": [142.21588281502304, 54.57983835377326, 1.1286259329564108]}, "datetime": {"datetime": "2025-08-11 21:27:40", "elapsed": 18139.923520565033, "delta": 18.02254867553711}, "costs": {"total_cost": 183.03186270140233, "time_cost": 73.808, "final_distance_cost": 1.8285826652094412, "oscillation_cost": 18.21288661253765, "completition_cost": 0.0, "overshoot_cost": 52.62833477137876, "power_cost": 14.29699256591797, "noise_cost": 22.257066086358524, "n_waypoints_completed": 9, "tot_waypoints": 9}}
{"target": -187.60367646488, "params": {"k_pid_pos": [0.5570490748577929, 0.0, 0.0], "k_pid_alt": [1.382755325773572, 0.0, 0.13472234936096936], "k_pid_att": [20.08653483137131, 2.224999369241339, 0.17268662385125041], "k_pid_yaw": [0.5, 1e-06, 0.1], "k_pid_hsp": [0.16165486842268278, 0.0, 0.0], "k_pid_vsp": [160.99491937621974, 51.08260634501936, 5.711622525298048]}, "datetime": {"datetime": "2025-08-11 21:27:59", "elapsed": 18158.47411084175, "delta": 18.55059027671814}, "costs": {"total_cost": 187.60367646488, "time_cost": 73.528, "final_distance_cost": 1.8471918160400027, "oscillation_cost": 23.944939049493637, "completition_cost": 0.0, "overshoot_cost": 51.15662951047777, "power_cost": 14.573286108398438, "noise_cost": 22.553629980470127, "n_waypoints_completed": 9, "tot_waypoints": 9}}
{"target": -1257.3516315526113, "params": {"k_pid_pos": [0.5779315085201293, 0.003061782030226713, 0.00026293309709727523], "k_pid_alt": [1.880758586171007, 0.0, 0.45302107711269357], "k_pid_att": [21.797415486904367, 2.167457338435836, 0.2802476823839688], "k_pid_yaw": [0.5, 1e-06, 0.1], "k_pid_hsp": [0.0001, 0.002922714772269394, 0.0], "k_pid_vsp": [135.50925690795705, 50.82939387882033, 3.560490210505543]}, "datetime": {"datetime": "2025-08-11 21:28:29", "elapsed": 18188.763731718063, "delta": 30.289620876312256}, "costs": {"total_cost": 1257.3516315526113, "time_cost": 150, "final_distance_cost": 56.31752426766836, "oscillation_cost": 0.3036414196153523, "completition_cost": 888.8888888888888, "overshoot_cost": 107.70566507443186, "power_cost": 21.02556376953125, "noise_cost": 33.11034813247548, "n_waypoints_completed": 1, "tot_waypoints": 9}}
{"target": -183.7677318385382, "params": {"k_pid_pos": [0.6890457675891525, 0.0, 0.0], "k_pid_alt": [1.733254017568356, 0.0, 0.1899113876297485], "k_pid_att": [27.39980859573929, 2.2554362686633116, 0.20286652413549686], "k_pid_yaw": [0.5, 1e-06, 0.1], "k_pid_hsp": [0.13475429710848402, 0.0, 0.0], "k_pid_vsp": [146.3063941295801, 40.17877962082082, 1.7041278246048277]}, "datetime": {"datetime": "2025-08-11 21:28:47", "elapsed": 18206.88763833046, "delta": 18.12390661239624}, "costs": {"total_cost": 183.7677318385382, "time_cost": 71.022, "final_distance_cost": 1.8243740552466905, "oscillation_cost": 24.04997805420336, "completition_cost": 0.0, "overshoot_cost": 51.33929999986106, "power_cost": 14.172709631347656, "noise_cost": 21.359370097879406, "n_waypoints_completed": 9, "tot_waypoints": 9}}
{"target": -183.3672994290035, "params": {"k_pid_pos": [0.5338609971908759, 0.0, 0.0], "k_pid_alt": [1.6304666834003594, 0.0, 0.02865119605378305], "k_pid_att": [26.4609293626329, 2.256996826574292, 0.20509422585144121], "k_pid_yaw": [0.5, 1e-06, 0.1], "k_pid_hsp": [0.0938441542801341, 0.0, 0.0], "k_pid_vsp": [139.19109209610087, 53.59740397461553, 2.4446315854744394]}, "datetime": {"datetime": "2025-08-11 21:29:05", "elapsed": 18224.962556362152, "delta": 18.074918031692505}, "costs": {"total_cost": 183.3672994290035, "time_cost": 72.842, "final_distance_cost": 1.8371091749925006, "oscillation_cost": 19.733198858208556, "completition_cost": 0.0, "overshoot_cost": 52.69288180430596, "power_cost": 14.196186096191408, "noise_cost": 22.065923495305064, "n_waypoints_completed": 9, "tot_waypoints": 9}}
{"target": -183.80281924771168, "params": {"k_pid_pos": [0.6880163858018719, 0.0, 0.012899987936195631], "k_pid_alt": [1.6539879717356474, 0.0, 0.2715374948916981], "k_pid_att": [25.477317988657312, 2.1093696507648967, 0.15560739910495552], "k_pid_yaw": [0.5, 1e-06, 0.1], "k_pid_hsp": [0.09010117301393392, 0.0, 0.0], "k_pid_vsp": [138.32492351684792, 60.65413573455149, 0.39651239624904644]}, "datetime": {"datetime": "2025-08-11 21:29:23", "elapsed": 18243.11929011345, "delta": 18.156733751296997}, "costs": {"total_cost": 183.80281924771168, "time_cost": 71.785, "final_distance_cost": 1.827171670407317, "oscillation_cost": 22.448094768453437, "completition_cost": 0.0, "overshoot_cost": 52.062667920023, "power_cost": 14.110451599121095, "noise_cost": 21.569433289706843, "n_waypoints_completed": 9, "tot_waypoints": 9}}
{"target": -182.90908227846165, "params": {"k_pid_pos": [0.496661667478778, 0.0, 0.0], "k_pid_alt": [1.5726590044817377, 0.0, 0.02576789353426756], "k_pid_att": [30.161054732034998, 2.2368152950387437, 0.1826638170838275], "k_pid_yaw": [0.5, 1e-06, 0.1], "k_pid_hsp": [0.09290775751809671, 0.0, 0.0], "k_pid_vsp": [161.53047223507502, 55.32728149618888, 3.622704621195803]}, "datetime": {"datetime": "2025-08-11 21:29:41", "elapsed": 18260.995032072067, "delta": 17.875741958618164}, "costs": {"total_cost": 182.90908227846165, "time_cost": 73.528, "final_distance_cost": 1.8321550668295903, "oscillation_cost": 18.735930693481656, "completition_cost": 0.0, "overshoot_cost": 52.19486056647838, "power_cost": 14.216922070312501, "noise_cost": 22.40121388135953, "n_waypoints_completed": 9, "tot_waypoints": 9}}
{"target": -184.5300777661813, "params": {"k_pid_pos": [0.7795793945393213, 0.0, 0.0], "k_pid_alt": [1.510334796973014, 0.0, 0.10891534786797169], "k_pid_att": [24.13662945588346, 2.063752967109302, 0.19471413014035746], "k_pid_yaw": [0.5, 1e-06, 0.1], "k_pid_hsp": [0.20892214417035795, 0.0, 0.0], "k_pid_vsp": [136.93503026023768, 53.95401748263263, 3.116787998289043]}, "datetime": {"datetime": "2025-08-11 21:30:00", "elapsed": 18279.624022483826, "delta": 18.628990411758423}, "costs": {"total_cost": 184.5300777661813, "time_cost": 70.343, "final_distance_cost": 1.833842289992991, "oscillation_cost": 25.76594866547701, "completition_cost": 0.0, "overshoot_cost": 51.19507510719563, "power_cost": 14.251033422851563, "noise_cost": 21.141178280664132, "n_waypoints_completed": 9, "tot_waypoints": 9}}
{"target": -191.74774022714223, "params": {"k_pid_pos": [0.5646871284419176, 0.0, 0.0], "k_pid_alt": [1.4439860765777712, 0.0, 0.0941200805332787], "k_pid_att": [25.365826861139478, 2.3209415442676753, 0.18450974533449083], "k_pid_yaw": [0.5, 1e-06, 0.1], "k_pid_hsp": [0.057468499956292246, 0.0, 0.0], "k_pid_vsp": [144.00241663461176, 50.80161680062797, 3.1824126598783367]}, "datetime": {"datetime": "2025-08-11 21:30:19", "elapsed": 18299.346318244934, "delta": 19.7222957611084}, "costs": {"total_cost": 191.74774022714223, "time_cost": 79.33800000000001, "final_distance_cost": 1.7867526293800668, "oscillation_cost": 16.669764000551393, "completition_cost": 0.0, "overshoot_cost": 54.785322513810506, "power_cost": 15.068616369628907, "noise_cost": 24.099284713771368, "n_waypoints_completed": 9, "tot_waypoints": 9}}
{"target": -187.0005550687798, "params": {"k_pid_pos": [1.0942354916487875, 0.0, 0.0], "k_pid_alt": [1.6360274468959934, 0.0, 0.1962015318228288], "k_pid_att": [30.270302213293668, 1.6264089232156604, 0.3650691809650264], "k_pid_yaw": [0.5, 1e-06, 0.1], "k_pid_hsp": [0.2637809784028699, 0.0, 0.0], "k_pid_vsp": [152.08554158078832, 48.79751679370473, 4.3506331229003905]}, "datetime": {"datetime": "2025-08-11 21:30:36", "elapsed": 18316.292591571808, "delta": 16.94627332687378}, "costs": {"total_cost": 187.0005550687798, "time_cost": 69.45400000000001, "final_distance_cost": 1.8258585078491352, "oscillation_cost": 29.890319480803598, "completition_cost": 0.0, "overshoot_cost": 50.58755582106993, "power_cost": 14.486901293945314, "noise_cost": 20.755919965111822, "n_waypoints_completed": 9, "tot_waypoints": 9}}
{"target": -182.8974227487207, "params": {"k_pid_pos": [0.4864805500898687, 0.0, 0.0], "k_pid_alt": [1.7458853687287386, 0.0, 0.09862290506732778], "k_pid_att": [26.918293041410806, 2.237239345617494, 0.1677543504808825], "k_pid_yaw": [0.5, 1e-06, 0.1], "k_pid_hsp": [0.093550772948893, 0.0, 0.0], "k_pid_vsp": [143.45051280937145, 54.18926132841281, 3.621422239161881]}, "datetime": {"datetime": "2025-08-11 21:30:55", "elapsed": 18334.46737551689, "delta": 18.174783945083618}, "costs": {"total_cost": 182.8974227487207, "time_cost": 73.661, "final_distance_cost": 1.8207491987840285, "oscillation_cost": 18.527524662049764, "completition_cost": 0.0, "overshoot_cost": 52.239215357830375, "power_cost": 14.297898107910157, "noise_cost": 22.351035422146357, "n_waypoints_completed": 9, "tot_waypoints": 9}}
{"target": -186.65335480801625, "params": {"k_pid_pos": [0.6416107344722206, 0.0, 0.0], "k_pid_alt": [1.408874005952287, 0.0, 0.18706090464698], "k_pid_att": [13.760550320465915, 1.7992843842271138, 0.17984782619746525], "k_pid_yaw": [0.5, 1e-06, 0.1], "k_pid_hsp": [0.18487292294825663, 0.0, 0.0], "k_pid_vsp": [146.74928793355778, 70.32865268755074, 1.7578338005349095]}, "datetime": {"datetime": "2025-08-11 21:31:14", "elapsed": 18353.43691301346, "delta": 18.969537496566772}, "costs": {"total_cost": 186.65335480801625, "time_cost": 72.086, "final_distance_cost": 1.8386355256052587, "oscillation_cost": 25.366825077135324, "completition_cost": 0.0, "overshoot_cost": 51.0875867013509, "power_cost": 14.465871057128908, "noise_cost": 21.80843644679585, "n_waypoints_completed": 9, "tot_waypoints": 9}}
{"target": -183.54716415486368, "params": {"k_pid_pos": [0.45709634399298693, 0.0, 0.0], "k_pid_alt": [1.3468095718243087, 0.0, 0.06085513272879272], "k_pid_att": [14.62947624030833, 2.388076785220149, 0.2907450215175802], "k_pid_yaw": [0.5, 1e-06, 0.1], "k_pid_hsp": [0.09455214528785963, 0.0, 0.0], "k_pid_vsp": [154.59833961084095, 61.4805762956931, 1.130943630024686]}, "datetime": {"datetime": "2025-08-11 21:31:32", "elapsed": 18372.155395030975, "delta": 18.71848201751709}, "costs": {"total_cost": 183.54716415486368, "time_cost": 74.543, "final_distance_cost": 1.837229642411478, "oscillation_cost": 18.031637895326888, "completition_cost": 0.0, "overshoot_cost": 52.176238105221756, "power_cost": 14.380213000488283, "noise_cost": 22.57884551141527, "n_waypoints_completed": 9, "tot_waypoints": 9}}
{"target": -186.39089424871247, "params": {"k_pid_pos": [0.3957954312119706, 0.0, 0.0], "k_pid_alt": [1.7452464074650698, 0.0, 0.1110734651279751], "k_pid_att": [27.72491189652596, 3.1041221617179047, 0.2046355521919153], "k_pid_yaw": [0.5, 1e-06, 0.1], "k_pid_hsp": [0.09756809811429742, 0.0, 0.0], "k_pid_vsp": [146.08296877493146, 48.69268904475428, 3.0665574295550555]}, "datetime": {"datetime": "2025-08-11 21:31:52", "elapsed": 18391.531308174133, "delta": 19.37591314315796}, "costs": {"total_cost": 186.39089424871247, "time_cost": 76.643, "final_distance_cost": 1.840892719684507, "oscillation_cost": 16.97838768850581, "completition_cost": 0.0, "overshoot_cost": 52.57641723935594, "power_cost": 14.70228944091797, "noise_cost": 23.649907160248237, "n_waypoints_completed": 9, "tot_waypoints": 9}}
{"target": -183.4480712144842, "params": {"k_pid_pos": [0.6540321936557836, 0.0, 0.0], "k_pid_alt": [1.453706232162983, 0.0, 0.1965355756690872], "k_pid_att": [39.74560497364964, 2.2668754405396294, 0.1906382318972667], "k_pid_yaw": [0.5, 1e-06, 0.1], "k_pid_hsp": [0.08466328017054578, 0.0, 0.0], "k_pid_vsp": [147.94487715155162, 55.589313029019735, 2.5183983571770336]}, "datetime": {"datetime": "2025-08-11 21:32:10", "elapsed": 18409.664437770844, "delta": 18.133129596710205}, "costs": {"total_cost": 183.4480712144842, "time_cost": 72.492, "final_distance_cost": 1.7927754297181362, "oscillation_cost": 21.150751538550008, "completition_cost": 0.0, "overshoot_cost": 52.00632173972765, "power_cost": 14.2035658203125, "noise_cost": 21.80265668617592, "n_waypoints_completed": 9, "tot_waypoints": 9}}
{"target": -184.55247274744923, "params": {"k_pid_pos": [0.7141833085257385, 0.0, 0.0], "k_pid_alt": [1.6814063155642553, 0.0, 0.2513329691825486], "k_pid_att": [34.77977978121762, 2.146929408627513, 0.4526212007166811], "k_pid_yaw": [0.5, 1e-06, 0.1], "k_pid_hsp": [0.1224325921107028, 0.0, 0.0], "k_pid_vsp": [156.376739615293, 27.499624227364766, 1e-06]}, "datetime": {"datetime": "2025-08-11 21:32:28", "elapsed": 18427.764528989792, "delta": 18.100091218948364}, "costs": {"total_cost": 184.55247274744923, "time_cost": 71.232, "final_distance_cost": 1.807155183742324, "oscillation_cost": 24.026267643199603, "completition_cost": 0.0, "overshoot_cost": 51.7764509250672, "power_cost": 14.191848107910157, "noise_cost": 21.51875088752997, "n_waypoints_completed": 9, "tot_waypoints": 9}}
{"target": -188.46000863604638, "params": {"k_pid_pos": [0.677284052145974, 0.0, 0.002006656771277631], "k_pid_alt": [1.6049936782555971, 0.0, 0.1559195989906325], "k_pid_att": [26.440856784041316, 3.6737266399638804, 0.16325043295906838], "k_pid_yaw": [0.5, 1e-06, 0.1], "k_pid_hsp": [0.06934839254421393, 0.0, 0.0], "k_pid_vsp": [157.6785435893348, 53.5841119569729, 3.2424231968130233]}, "datetime": {"datetime": "2025-08-11 21:32:46", "elapsed": 18446.332362651825, "delta": 18.56783366203308}, "costs": {"total_cost": 188.46000863604638, "time_cost": 75.425, "final_distance_cost": 1.789468549979316, "oscillation_cost": 20.862035358904535, "completition_cost": 0.0, "overshoot_cost": 52.93420297695505, "power_cost": 14.612862243652344, "noise_cost": 22.836439506555163, "n_waypoints_completed": 9, "tot_waypoints": 9}}
{"target": -183.1497767475827, "params": {"k_pid_pos": [0.5316703784617589, 0.0, 0.0], "k_pid_alt": [1.4387148066912463, 0.0, 0.08670132180281645], "k_pid_att": [26.27721202835404, 2.2955795152173364, 0.19387702182947864], "k_pid_yaw": [0.5, 1e-06, 0.1], "k_pid_hsp": [0.11613888619987725, 0.0, 0.0], "k_pid_vsp": [114.89013066714503, 54.91905865392214, 0.5543226448425664]}, "datetime": {"datetime": "2025-08-11 21:33:05", "elapsed": 18464.997574329376, "delta": 18.66521167755127}, "costs": {"total_cost": 183.1497767475827, "time_cost": 72.83500000000001, "final_distance_cost": 1.8289573894599624, "oscillation_cost": 21.07412996721252, "completition_cost": 0.0, "overshoot_cost": 51.0132703954411, "power_cost": 14.255780346679687, "noise_cost": 22.142638648789454, "n_waypoints_completed": 9, "tot_waypoints": 9}}
{"target": -1210.6866226608481, "params": {"k_pid_pos": [0.5306916582886552, 0.0, 0.0], "k_pid_alt": [1.9102004629890685, 0.0, 0.0], "k_pid_att": [26.482730040825192, 2.388730212404726, 0.10107024435333707], "k_pid_yaw": [0.5, 1e-06, 0.1], "k_pid_hsp": [0.0001, 0.0, 0.0], "k_pid_vsp": [117.08906890993352, 27.641235080158456, 1e-06]}, "datetime": {"datetime": "2025-08-11 21:33:36", "elapsed": 18496.023745536804, "delta": 31.02617120742798}, "costs": {"total_cost": 1210.6866226608481, "time_cost": 150, "final_distance_cost": 45.477921431144225, "oscillation_cost": 0.202889753318546, "completition_cost": 888.8888888888888, "overshoot_cost": 71.98298375953546, "power_cost": 21.026446215820314, "noise_cost": 33.10749261214072, "n_waypoints_completed": 1, "tot_waypoints": 9}}
{"target": -183.5636087364282, "params": {"k_pid_pos": [0.5358627487931118, 0.0, 0.0], "k_pid_alt": [1.7928329962093377, 0.0, 0.11940471477149255], "k_pid_att": [18.539385897401313, 2.2995687394068907, 0.19909305347011216], "k_pid_yaw": [0.5, 1e-06, 0.1], "k_pid_hsp": [0.1084858708019139, 0.0, 0.0], "k_pid_vsp": [144.56842888729813, 53.64259247853082, 2.827978289157739]}, "datetime": {"datetime": "2025-08-11 21:33:55", "elapsed": 18514.518640995026, "delta": 18.494895458221436}, "costs": {"total_cost": 183.5636087364282, "time_cost": 72.639, "final_distance_cost": 1.8327709272815804, "oscillation_cost": 21.078012269895357, "completition_cost": 0.0, "overshoot_cost": 51.63989284192277, "power_cost": 14.212324853515625, "noise_cost": 22.161607843812888, "n_waypoints_completed": 9, "tot_waypoints": 9}}
{"target": -189.90365440805118, "params": {"k_pid_pos": [1.183965785219173, 0.004103999800804529, 0.0], "k_pid_alt": [1.6168152183943234, 0.0, 0.10392525654657403], "k_pid_att": [2.696340838483537, 2.1784079401022645, 0.177135641817435], "k_pid_yaw": [0.5, 1e-06, 0.1], "k_pid_hsp": [0.22671232244914846, 0.0, 0.0], "k_pid_vsp": [148.54665907450942, 84.77615802909267, 1.9191840991930575]}, "datetime": {"datetime": "2025-08-11 21:34:12", "elapsed": 18531.600823402405, "delta": 17.08218240737915}, "costs": {"total_cost": 189.90365440805118, "time_cost": 68.635, "final_distance_cost": 1.7956030390140332, "oscillation_cost": 33.69684729538685, "completition_cost": 0.0, "overshoot_cost": 50.53389490476959, "power_cost": 14.744121801757814, "noise_cost": 20.498187367122892, "n_waypoints_completed": 9, "tot_waypoints": 9}}
{"target": -183.43747968124302, "params": {"k_pid_pos": [0.7337427410230756, 0.0, 0.0], "k_pid_alt": [1.441221304613898, 0.0, 0.0], "k_pid_att": [29.146739557648527, 2.2848183230216033, 0.1347686996614599], "k_pid_yaw": [0.5, 1e-06, 0.1], "k_pid_hsp": [0.09808762401657209, 0.0, 0.0], "k_pid_vsp": [149.4467945063226, 55.278536822087354, 0.6470205733400969]}, "datetime": {"datetime": "2025-08-11 21:34:30", "elapsed": 18549.667401075363, "delta": 18.066577672958374}, "costs": {"total_cost": 183.43747968124302, "time_cost": 71.127, "final_distance_cost": 1.8132488783503757, "oscillation_cost": 23.214585938750936, "completition_cost": 0.0, "overshoot_cost": 51.832771115941334, "power_cost": 14.103089526367189, "noise_cost": 21.346784221833154, "n_waypoints_completed": 9, "tot_waypoints": 9}}
{"target": -186.28005635448142, "params": {"k_pid_pos": [0.6081636790228988, 0.0, 0.0], "k_pid_alt": [1.6548346287395415, 0.0, 0.08524780632427242], "k_pid_att": [33.96312085500455, 2.266286709022236, 0.17868402768987954], "k_pid_yaw": [0.5, 1e-06, 0.1], "k_pid_hsp": [0.06957512727561484, 0.0, 0.0], "k_pid_vsp": [144.51251406007103, 42.19246741734926, 2.505896292299138]}, "datetime": {"datetime": "2025-08-11 21:34:48", "elapsed": 18568.289234399796, "delta": 18.621833324432373}, "costs": {"total_cost": 186.28005635448142, "time_cost": 74.606, "final_distance_cost": 1.803799259406093, "oscillation_cost": 19.035379093498253, "completition_cost": 0.0, "overshoot_cost": 53.8057707708121, "power_cost": 14.383475109863282, "noise_cost": 22.645632120901706, "n_waypoints_completed": 9, "tot_waypoints": 9}}
{"target": -190.88313967531323, "params": {"k_pid_pos": [0.8590380917096563, 0.0, 0.26968648303639364], "k_pid_alt": [1.6392765845547663, 0.0, 0.139009269081115], "k_pid_att": [38.5073837502642, 2.179080246071209, 0.17153401600545848], "k_pid_yaw": [0.5, 1e-06, 0.1], "k_pid_hsp": [0.3322316054971548, 0.0, 0.0], "k_pid_vsp": [151.03417197907345, 57.527546810937956, 3.020820985139241]}, "datetime": {"datetime": "2025-08-11 21:35:07", "elapsed": 18587.109051704407, "delta": 18.819817304611206}, "costs": {"total_cost": 190.88313967531323, "time_cost": 73.367, "final_distance_cost": 1.8510061566485867, "oscillation_cost": 27.155849048305132, "completition_cost": 0.0, "overshoot_cost": 50.878982987927294, "power_cost": 14.886019396972657, "noise_cost": 22.744282085459556, "n_waypoints_completed": 9, "tot_waypoints": 9}}
