{"target": -182.5686569114302, "params": {"k_pid_pos": [0.5321012524953419, 0.0, 0.0], "k_pid_alt": [1.6658674492415992, 0.0, 0.14836858417724885], "k_pid_att": [25.868242466355728, 2.3299097079908804, 0.1934707552544712], "k_pid_yaw": [0.5, 1e-06, 0.1], "k_pid_hsp": [0.09831547581723259, 0.0, 0.0], "k_pid_vsp": [141.59112054579458, 55.69368135798631, 2.3535005366999986]}, "datetime": {"datetime": "2025-08-11 22:28:04", "elapsed": 21763.89784359932, "delta": 18.646303415298462}, "costs": {"total_cost": 182.5686569114302, "time_cost": 72.81400000000001, "final_distance_cost": 1.8344313338072076, "oscillation_cost": 19.91404077930682, "completition_cost": 0.0, "overshoot_cost": 51.66928293032054, "power_cost": 14.214249182128906, "noise_cost": 22.12265268586673, "n_waypoints_completed": 9, "tot_waypoints": 9}}
{"target": -183.91979615592652, "params": {"k_pid_pos": [0.6132842653691557, 0.0, 0.0], "k_pid_alt": [1.6486073235658576, 0.0, 0.1101932886411776], "k_pid_att": [27.123626672223157, 2.5566480215032734, 0.1545252736248386], "k_pid_yaw": [0.5, 1e-06, 0.1], "k_pid_hsp": [0.13078979201770985, 0.0, 0.0], "k_pid_vsp": [151.6269000325822, 52.879026098402576, 2.0899029845039374]}, "datetime": {"datetime": "2025-08-11 22:28:22", "elapsed": 21782.338886499405, "delta": 18.44104290008545}, "costs": {"total_cost": 183.91979615592652, "time_cost": 71.68, "final_distance_cost": 1.8303788745596108, "oscillation_cost": 23.07678482010932, "completition_cost": 0.0, "overshoot_cost": 51.413749406298614, "power_cost": 14.23114647216797, "noise_cost": 21.687736582790986, "n_waypoints_completed": 9, "tot_waypoints": 9}}
{"target": -182.66509346812978, "params": {"k_pid_pos": [0.5612729803676301, 0.0, 0.0], "k_pid_alt": [1.569816424359682, 0.0, 0.04910984994571514], "k_pid_att": [29.034158684561834, 2.1888961005002967, 0.20134917772537736], "k_pid_yaw": [0.5, 1e-06, 0.1], "k_pid_hsp": [0.09250393048944905, 0.0, 0.0], "k_pid_vsp": [120.11023664094533, 52.046151330767124, 2.6582768079056733]}, "datetime": {"datetime": "2025-08-11 22:28:41", "elapsed": 21800.892100572586, "delta": 18.553214073181152}, "costs": {"total_cost": 182.66509346812978, "time_cost": 72.534, "final_distance_cost": 1.8314281426839956, "oscillation_cost": 19.985369113957468, "completition_cost": 0.0, "overshoot_cost": 52.2668422791778, "power_cost": 14.135537878417969, "noise_cost": 21.911916053892522, "n_waypoints_completed": 9, "tot_waypoints": 9}}
{"target": -183.12552767444205, "params": {"k_pid_pos": [0.8011410296540047, 0.0, 0.0], "k_pid_alt": [1.7154248105331804, 0.0, 0.07332452861330258], "k_pid_att": [24.08615182512436, 2.277070479426434, 0.19634178965972285], "k_pid_yaw": [0.5, 1e-06, 0.1], "k_pid_hsp": [0.1322897585455285, 0.0, 0.0], "k_pid_vsp": [141.07277722127878, 54.3648617501601, 2.6124060974154903]}, "datetime": {"datetime": "2025-08-11 22:28:59", "elapsed": 21818.518756389618, "delta": 17.62665581703186}, "costs": {"total_cost": 183.12552767444205, "time_cost": 70.287, "final_distance_cost": 1.802360952439183, "oscillation_cost": 24.885590498665145, "completition_cost": 0.0, "overshoot_cost": 50.96861023994654, "power_cost": 14.132973559570313, "noise_cost": 21.048992423820867, "n_waypoints_completed": 9, "tot_waypoints": 9}}
{"target": -184.1965662771497, "params": {"k_pid_pos": [0.5149498705202592, 0.0, 0.0], "k_pid_alt": [1.6314751837577108, 0.0, 0.16132367900087885], "k_pid_att": [26.273715901960234, 2.264471209070911, 0.20072084717405075], "k_pid_yaw": [0.5, 1e-06, 0.1], "k_pid_hsp": [0.11954629120028962, 0.0, 0.0], "k_pid_vsp": [140.83236325579705, 59.22003098343834, 2.91178937082043]}, "datetime": {"datetime": "2025-08-11 22:29:17", "elapsed": 21837.05885744095, "delta": 18.540101051330566}, "costs": {"total_cost": 184.1965662771497, "time_cost": 73.21300000000001, "final_distance_cost": 1.8400557713231445, "oscillation_cost": 21.109567303181525, "completition_cost": 0.0, "overshoot_cost": 51.42005250197013, "power_cost": 14.2808130859375, "noise_cost": 22.333077614737412, "n_waypoints_completed": 9, "tot_waypoints": 9}}
{"target": -185.22912722243265, "params": {"k_pid_pos": [0.5818501870510228, 0.0, 0.0], "k_pid_alt": [1.697816751457916, 0.0, 0.22196404396353125], "k_pid_att": [29.2930080614528, 0.544366857177588, 0.2366778810252162], "k_pid_yaw": [0.5, 1e-06, 0.1], "k_pid_hsp": [0.14462870171447995, 0.0, 0.0], "k_pid_vsp": [118.02826979457377, 49.676308735290654, 2.3892670376616763]}, "datetime": {"datetime": "2025-08-11 22:29:35", "elapsed": 21855.181529521942, "delta": 18.122672080993652}, "costs": {"total_cost": 185.22912722243265, "time_cost": 72.359, "final_distance_cost": 1.844311401875891, "oscillation_cost": 23.42656878270171, "completition_cost": 0.0, "overshoot_cost": 51.35746738195088, "power_cost": 14.275256579589845, "noise_cost": 21.966523076314367, "n_waypoints_completed": 9, "tot_waypoints": 9}}
{"target": -183.32540800053908, "params": {"k_pid_pos": [0.6997304938852374, 0.0, 0.0], "k_pid_alt": [1.6965926827173536, 0.0, 0.1349547844246862], "k_pid_att": [27.68404875176049, 2.3716237758167695, 0.21034451662208178], "k_pid_yaw": [0.5, 1e-06, 0.1], "k_pid_hsp": [0.09172775875599375, 0.0, 0.0], "k_pid_vsp": [140.17720048215534, 53.829926637018666, 3.714168780066264]}, "datetime": {"datetime": "2025-08-11 22:29:54", "elapsed": 21873.596381902695, "delta": 18.414852380752563}, "costs": {"total_cost": 183.32540800053908, "time_cost": 71.54, "final_distance_cost": 1.8203934511766493, "oscillation_cost": 22.341113642754824, "completition_cost": 0.0, "overshoot_cost": 52.0528232892793, "power_cost": 14.131143518066407, "noise_cost": 21.43993409926187, "n_waypoints_completed": 9, "tot_waypoints": 9}}
{"target": -183.22675162521958, "params": {"k_pid_pos": [0.5338832832436096, 0.0, 0.0], "k_pid_alt": [2.0, 0.0, 0.15255762685571705], "k_pid_att": [24.133671180303566, 2.1178291110322887, 0.20854827340531829], "k_pid_yaw": [0.5, 1e-06, 0.1], "k_pid_hsp": [0.08548900658620903, 0.0, 0.0], "k_pid_vsp": [139.46815621345553, 51.629015263784, 1.4053835390242766]}, "datetime": {"datetime": "2025-08-11 22:30:12", "elapsed": 21891.818395614624, "delta": 18.22201371192932}, "costs": {"total_cost": 183.22675162521958, "time_cost": 73.164, "final_distance_cost": 1.8101795588549134, "oscillation_cost": 18.989942083165236, "completition_cost": 0.0, "overshoot_cost": 52.83691624419594, "power_cost": 14.209461462402345, "noise_cost": 22.216252276601157, "n_waypoints_completed": 9, "tot_waypoints": 9}}
{"target": -182.6371807868474, "params": {"k_pid_pos": [0.5354906787422011, 0.0, 0.0], "k_pid_alt": [1.5750879976644296, 0.0, 0.13311991738529794], "k_pid_att": [23.975856475382724, 2.429320803909692, 0.22397010838031622], "k_pid_yaw": [0.5, 1e-06, 0.1], "k_pid_hsp": [0.09196879435063535, 0.0, 0.0], "k_pid_vsp": [144.20470281035855, 54.812681234874894, 3.5972081131389766]}, "datetime": {"datetime": "2025-08-11 22:30:31", "elapsed": 21910.387872457504, "delta": 18.56947684288025}, "costs": {"total_cost": 182.6371807868474, "time_cost": 72.97500000000001, "final_distance_cost": 1.8189489006311097, "oscillation_cost": 19.457176234239018, "completition_cost": 0.0, "overshoot_cost": 52.06000455311174, "power_cost": 14.185585107421876, "noise_cost": 22.14046599144369, "n_waypoints_completed": 9, "tot_waypoints": 9}}
{"target": -182.6117350837108, "params": {"k_pid_pos": [0.541610688627974, 0.0, 0.0], "k_pid_alt": [1.6555344716457217, 0.0, 0.11002659998683238], "k_pid_att": [26.634426085152832, 2.1358446380976654, 0.19286032827856628], "k_pid_yaw": [0.5, 1e-06, 0.1], "k_pid_hsp": [0.09562083000132543, 0.0, 0.0], "k_pid_vsp": [141.92500340235026, 58.166661934139945, 2.5109734469077183]}, "datetime": {"datetime": "2025-08-11 22:30:49", "elapsed": 21928.567905187607, "delta": 18.18003273010254}, "costs": {"total_cost": 182.6117350837108, "time_cost": 72.702, "final_distance_cost": 1.835770556772106, "oscillation_cost": 20.037342611995207, "completition_cost": 0.0, "overshoot_cost": 51.858746468449944, "power_cost": 14.181427514648439, "noise_cost": 21.996447931845132, "n_waypoints_completed": 9, "tot_waypoints": 9}}
{"target": -182.50082739484264, "params": {"k_pid_pos": [0.5861814488986976, 0.0, 0.0], "k_pid_alt": [1.6858561057139223, 0.0, 0.18611658800177833], "k_pid_att": [23.776319674038938, 2.369414565831256, 0.20856399522499064], "k_pid_yaw": [0.5, 1e-06, 0.1], "k_pid_hsp": [0.10098114780506637, 0.0, 0.0], "k_pid_vsp": [140.98363730288003, 54.43738162618354, 2.432070108343379]}, "datetime": {"datetime": "2025-08-11 22:31:09", "elapsed": 21948.870309829712, "delta": 20.302404642105103}, "costs": {"total_cost": 182.50082739484264, "time_cost": 72.086, "final_distance_cost": 1.8133374188526343, "oscillation_cost": 21.030354539727593, "completition_cost": 0.0, "overshoot_cost": 51.73463950449065, "power_cost": 14.154964428710938, "noise_cost": 21.681531503060818, "n_waypoints_completed": 9, "tot_waypoints": 9}}
{"target": -183.39086324528495, "params": {"k_pid_pos": [0.666676190330477, 0.0, 0.0], "k_pid_alt": [1.675599391191458, 0.0, 0.135957786299948], "k_pid_att": [23.876785007002045, 2.2809501088325237, 0.2547679441335523], "k_pid_yaw": [0.5, 1e-06, 0.1], "k_pid_hsp": [0.09441566763378233, 0.0, 0.0], "k_pid_vsp": [142.2288260825969, 56.40983394841271, 0.6506695196987187]}, "datetime": {"datetime": "2025-08-11 22:31:27", "elapsed": 21967.02834534645, "delta": 18.15803551673889}, "costs": {"total_cost": 183.39086324528495, "time_cost": 71.589, "final_distance_cost": 1.8203634999614884, "oscillation_cost": 22.122274381136837, "completition_cost": 0.0, "overshoot_cost": 52.06545537991063, "power_cost": 14.198381982421875, "noise_cost": 21.59538800185414, "n_waypoints_completed": 9, "tot_waypoints": 9}}
{"target": -183.6817967554153, "params": {"k_pid_pos": [0.7566001437131658, 0.0, 0.031129750272652513], "k_pid_alt": [1.7582128197748463, 0.0, 0.20152313728602061], "k_pid_att": [22.326787022540266, 2.1304198464691995, 0.22348704383349485], "k_pid_yaw": [0.5, 1e-06, 0.1], "k_pid_hsp": [0.13997712399348236, 0.0, 0.0], "k_pid_vsp": [126.29332388468183, 46.22284262437243, 3.5015031473984752]}, "datetime": {"datetime": "2025-08-11 22:31:45", "elapsed": 21984.75134420395, "delta": 17.72299885749817}, "costs": {"total_cost": 183.6817967554153, "time_cost": 70.574, "final_distance_cost": 1.8244992796394812, "oscillation_cost": 24.3204280142283, "completition_cost": 0.0, "overshoot_cost": 51.49892493255563, "power_cost": 14.18287440185547, "noise_cost": 21.281070127136413, "n_waypoints_completed": 9, "tot_waypoints": 9}}
{"target": -184.1053206199377, "params": {"k_pid_pos": [0.5163581488241127, 0.0, 0.0], "k_pid_alt": [1.4332788218108596, 0.0, 0.18573456691671497], "k_pid_att": [27.8847675773533, 2.393859975298628, 0.19836649537602155], "k_pid_yaw": [0.5, 1e-06, 0.1], "k_pid_hsp": [0.10880228235647575, 0.0, 0.0], "k_pid_vsp": [105.10710480862905, 56.548856555550124, 2.036331528722892]}, "datetime": {"datetime": "2025-08-11 22:32:04", "elapsed": 22003.60129928589, "delta": 18.849955081939697}, "costs": {"total_cost": 184.1053206199377, "time_cost": 73.227, "final_distance_cost": 1.8347072368692814, "oscillation_cost": 20.671950185489003, "completition_cost": 0.0, "overshoot_cost": 51.939468805234974, "power_cost": 14.2886595703125, "noise_cost": 22.14353482203195, "n_waypoints_completed": 9, "tot_waypoints": 9}}
{"target": -182.64346140040087, "params": {"k_pid_pos": [0.5372353677063765, 0.0, 0.0], "k_pid_alt": [1.5542528784764706, 0.0, 0.12259374427329423], "k_pid_att": [27.145174497530537, 2.288416429546382, 0.2555503684784961], "k_pid_yaw": [0.5, 1e-06, 0.1], "k_pid_hsp": [0.09624581288328955, 0.0, 0.0], "k_pid_vsp": [139.76813663352277, 59.37619513303722, 2.3470685681334156]}, "datetime": {"datetime": "2025-08-11 22:32:22", "elapsed": 22022.25410246849, "delta": 18.65280318260193}, "costs": {"total_cost": 182.64346140040087, "time_cost": 72.807, "final_distance_cost": 1.836009163674926, "oscillation_cost": 19.806075594483655, "completition_cost": 0.0, "overshoot_cost": 51.93661771445915, "power_cost": 14.201786877441407, "noise_cost": 22.055972050341715, "n_waypoints_completed": 9, "tot_waypoints": 9}}
{"target": -183.1089315172145, "params": {"k_pid_pos": [0.6461948197042319, 0.0, 0.0], "k_pid_alt": [1.7146868096851977, 0.0, 0.1806676641665486], "k_pid_att": [34.49381467983309, 2.115686244642551, 0.1933180530621904], "k_pid_yaw": [0.5, 1e-06, 0.1], "k_pid_hsp": [0.10129871347948069, 0.0, 0.0], "k_pid_vsp": [139.54002144507498, 56.32197135564374, 2.3321178222906793]}, "datetime": {"datetime": "2025-08-11 22:32:40", "elapsed": 22040.353992938995, "delta": 18.09989047050476}, "costs": {"total_cost": 183.1089315172145, "time_cost": 71.533, "final_distance_cost": 1.8290714390278922, "oscillation_cost": 22.608159050156956, "completition_cost": 0.0, "overshoot_cost": 51.642545085185894, "power_cost": 14.045831091308594, "noise_cost": 21.450324851535168, "n_waypoints_completed": 9, "tot_waypoints": 9}}
{"target": -186.0750937220757, "params": {"k_pid_pos": [0.5747641784172723, 0.0, 0.0], "k_pid_alt": [1.6519594258574106, 0.0, 0.1295913810116994], "k_pid_att": [26.53872648763624, 2.6779422805395887, 0.20866030941075026], "k_pid_yaw": [0.5, 1e-06, 0.1], "k_pid_hsp": [0.11546060984231847, 0.0, 0.0], "k_pid_vsp": [147.08008122121072, 8.535813895353215, 1.300529708792086]}, "datetime": {"datetime": "2025-08-11 22:33:00", "elapsed": 22059.440875053406, "delta": 19.0868821144104}, "costs": {"total_cost": 186.0750937220757, "time_cost": 73.19200000000001, "final_distance_cost": 1.8360275755829034, "oscillation_cost": 21.72775497916755, "completition_cost": 0.0, "overshoot_cost": 52.60214364861965, "power_cost": 14.366370800781251, "noise_cost": 22.35079671792435, "n_waypoints_completed": 9, "tot_waypoints": 9}}
{"target": -183.42356556751065, "params": {"k_pid_pos": [0.46851983948830356, 0.0, 0.0], "k_pid_alt": [1.6699125521707565, 0.0, 0.2921489659846255], "k_pid_att": [31.633440735598793, 2.2645358501347403, 0.18971330923119034], "k_pid_yaw": [0.5, 1e-06, 0.1], "k_pid_hsp": [0.09555061764677514, 0.0, 0.0], "k_pid_vsp": [139.31958070343813, 56.06318919366801, 1.4635650534381126]}, "datetime": {"datetime": "2025-08-11 22:33:18", "elapsed": 22078.368330717087, "delta": 18.92745566368103}, "costs": {"total_cost": 183.42356556751065, "time_cost": 74.256, "final_distance_cost": 1.842427788752863, "oscillation_cost": 18.31700420970504, "completition_cost": 0.0, "overshoot_cost": 52.09677465781866, "power_cost": 14.320358801269531, "noise_cost": 22.59100010996458, "n_waypoints_completed": 9, "tot_waypoints": 9}}
{"target": -182.78314651917233, "params": {"k_pid_pos": [0.6154157360576645, 0.0, 0.0], "k_pid_alt": [1.6635107226607895, 0.0, 0.2243329159233226], "k_pid_att": [20.52321237143137, 2.382502541383637, 0.203144077143422], "k_pid_yaw": [0.5, 1e-06, 0.1], "k_pid_hsp": [0.11048812310443844, 0.0, 0.0], "k_pid_vsp": [144.78919156473304, 81.66755311968362, 2.6470787323092004]}, "datetime": {"datetime": "2025-08-11 22:33:37", "elapsed": 22096.743569374084, "delta": 18.37523865699768}, "costs": {"total_cost": 182.78314651917233, "time_cost": 71.568, "final_distance_cost": 1.8271766655948505, "oscillation_cost": 22.567718143566175, "completition_cost": 0.0, "overshoot_cost": 51.364706754729816, "power_cost": 14.053116210937501, "noise_cost": 21.402428744344, "n_waypoints_completed": 9, "tot_waypoints": 9}}
{"target": -184.2855589167734, "params": {"k_pid_pos": [0.8296639320808568, 0.0, 0.11257726268995696], "k_pid_alt": [1.6872779123817874, 0.0, 0.2245592761030465], "k_pid_att": [41.10524027511646, 2.329226179379697, 0.20830795905538582], "k_pid_yaw": [0.5, 1e-06, 0.1], "k_pid_hsp": [0.13604030610062057, 0.0, 0.0], "k_pid_vsp": [148.66739968763036, 52.78948885897273, 4.290770290227275]}, "datetime": {"datetime": "2025-08-11 22:33:55", "elapsed": 22114.722268104553, "delta": 17.97869873046875}, "costs": {"total_cost": 184.2855589167734, "time_cost": 70.56700000000001, "final_distance_cost": 1.8385091509427591, "oscillation_cost": 25.03414013119689, "completition_cost": 0.0, "overshoot_cost": 51.32729646723379, "power_cost": 14.226610021972657, "noise_cost": 21.292003145427294, "n_waypoints_completed": 9, "tot_waypoints": 9}}
{"target": -183.6404513530039, "params": {"k_pid_pos": [0.7733183964626907, 0.0, 8.530497109576762e-05], "k_pid_alt": [1.6937284592493378, 0.0, 0.22392545795023427], "k_pid_att": [44.90461556589682, 2.5796623716695577, 0.19766122822470686], "k_pid_yaw": [0.5, 1e-06, 0.1], "k_pid_hsp": [0.11749578738278946, 0.0, 0.0], "k_pid_vsp": [147.50274426556075, 89.4341260301842, 1.4371876251188564]}, "datetime": {"datetime": "2025-08-11 22:34:12", "elapsed": 22132.35107254982, "delta": 17.628804445266724}, "costs": {"total_cost": 183.6404513530039, "time_cost": 70.385, "final_distance_cost": 1.8203304150353263, "oscillation_cost": 24.84829275416672, "completition_cost": 0.0, "overshoot_cost": 51.38419421855696, "power_cost": 14.136817028808595, "noise_cost": 21.065816936436274, "n_waypoints_completed": 9, "tot_waypoints": 9}}
{"target": -182.86548357687406, "params": {"k_pid_pos": [0.6089946363139275, 0.0, 0.0], "k_pid_alt": [1.7673963414713891, 0.0, 0.1734615413851219], "k_pid_att": [21.33470213771328, 2.382237749288292, 0.20315027032406943], "k_pid_yaw": [0.5, 1e-06, 0.1], "k_pid_hsp": [0.0902277704813585, 0.0, 0.0], "k_pid_vsp": [129.74762804613016, 54.50588125131525, 1.5428903180337747]}, "datetime": {"datetime": "2025-08-11 22:34:31", "elapsed": 22150.76514005661, "delta": 18.41406750679016}, "costs": {"total_cost": 182.86548357687406, "time_cost": 72.17, "final_distance_cost": 1.8238594087348876, "oscillation_cost": 21.055988723844635, "completition_cost": 0.0, "overshoot_cost": 51.922971515840516, "power_cost": 14.112643554687502, "noise_cost": 21.780020373766476, "n_waypoints_completed": 9, "tot_waypoints": 9}}
{"target": -183.2038265235893, "params": {"k_pid_pos": [0.5415807952895345, 0.0, 0.0], "k_pid_alt": [1.6803663079218205, 0.0, 0.13027967166323837], "k_pid_att": [28.789434816372953, 2.5493474670633005, 0.20204025188744806], "k_pid_yaw": [0.5, 1e-06, 0.1], "k_pid_hsp": [0.09852320311763907, 0.0, 0.0], "k_pid_vsp": [157.61176880477768, 53.30934606648748, 2.838411323850445]}, "datetime": {"datetime": "2025-08-11 22:34:49", "elapsed": 22168.924573898315, "delta": 18.159433841705322}, "costs": {"total_cost": 183.2038265235893, "time_cost": 72.723, "final_distance_cost": 1.8173075133899987, "oscillation_cost": 20.439786465589567, "completition_cost": 0.0, "overshoot_cost": 52.05683441077119, "power_cost": 14.175020544433595, "noise_cost": 21.991877589404933, "n_waypoints_completed": 9, "tot_waypoints": 9}}
{"target": -182.80657836616967, "params": {"k_pid_pos": [0.5340192037819449, 0.0, 0.0], "k_pid_alt": [1.661862176272695, 0.0, 0.11793220794210219], "k_pid_att": [25.716158680269277, 2.3335994711796664, 0.17533523542310356], "k_pid_yaw": [0.5, 1e-06, 0.1], "k_pid_hsp": [0.08747461277832119, 0.0, 0.0], "k_pid_vsp": [143.66578444214218, 52.16821847699165, 2.588057487277839]}, "datetime": {"datetime": "2025-08-11 22:35:08", "elapsed": 22187.73136806488, "delta": 18.80679416656494}, "costs": {"total_cost": 182.80657836616967, "time_cost": 73.129, "final_distance_cost": 1.8288790694689319, "oscillation_cost": 19.251865692899248, "completition_cost": 0.0, "overshoot_cost": 52.36121828997992, "power_cost": 14.162432006835939, "noise_cost": 22.073183306985655, "n_waypoints_completed": 9, "tot_waypoints": 9}}
{"target": -186.05337490069394, "params": {"k_pid_pos": [0.51548474675623, 0.0026380879486840093, 0.0], "k_pid_alt": [1.6524499321892814, 0.0, 0.1094923243917205], "k_pid_att": [28.854194323418437, 2.037837276490131, 0.19032834150622965], "k_pid_yaw": [0.5, 1e-06, 0.1], "k_pid_hsp": [0.06678857540654348, 0.0, 0.0], "k_pid_vsp": [122.79462960215449, 54.84919200819785, 2.534932257496523]}, "datetime": {"datetime": "2025-08-11 22:35:27", "elapsed": 22206.975544691086, "delta": 19.244176626205444}, "costs": {"total_cost": 186.05337490069394, "time_cost": 75.803, "final_distance_cost": 1.7980789627264286, "oscillation_cost": 17.200274557098638, "completition_cost": 0.0, "overshoot_cost": 53.71860803144398, "power_cost": 14.508591467285157, "noise_cost": 23.024821882139737, "n_waypoints_completed": 9, "tot_waypoints": 9}}
{"target": -182.91216067072492, "params": {"k_pid_pos": [0.5116610744463697, 0.0, 0.0], "k_pid_alt": [1.6501414615943344, 0.0, 0.11403127918662818], "k_pid_att": [25.76358633203168, 2.321667824877091, 0.20592685565872268], "k_pid_yaw": [0.5, 1e-06, 0.1], "k_pid_hsp": [0.09271202676131966, 0.0, 0.0], "k_pid_vsp": [142.81959093976158, 53.66208157445504, 2.017957333993154]}, "datetime": {"datetime": "2025-08-11 22:35:45", "elapsed": 22225.221755743027, "delta": 18.246211051940918}, "costs": {"total_cost": 182.91216067072492, "time_cost": 73.269, "final_distance_cost": 1.8308507286053524, "oscillation_cost": 19.22492810366192, "completition_cost": 0.0, "overshoot_cost": 52.25620298429745, "power_cost": 14.165369274902345, "noise_cost": 22.165809579257868, "n_waypoints_completed": 9, "tot_waypoints": 9}}
{"target": -182.39830453698215, "params": {"k_pid_pos": [0.5211306807773106, 0.0, 0.0], "k_pid_alt": [1.6522383622909405, 0.0, 0.07613899159764463], "k_pid_att": [26.496037511672238, 2.340033565707062, 0.19819023375713501], "k_pid_yaw": [0.5, 1e-06, 0.1], "k_pid_hsp": [0.09073178356554495, 0.0, 0.0], "k_pid_vsp": [140.61467576273978, 54.48578126211547, 2.0400130917304544]}, "datetime": {"datetime": "2025-08-11 22:36:05", "elapsed": 22244.607218265533, "delta": 19.385462522506714}, "costs": {"total_cost": 182.39830453698215, "time_cost": 73.136, "final_distance_cost": 1.8173116220497634, "oscillation_cost": 18.984007088585837, "completition_cost": 0.0, "overshoot_cost": 52.11486631251091, "power_cost": 14.242950756835938, "noise_cost": 22.103168756999693, "n_waypoints_completed": 9, "tot_waypoints": 9}}
