{"target": -183.40530462245732, "params": {"k_pid_pos": [0.5258481718319135, 0.0, 0.0], "k_pid_alt": [1.6712058038634774, 0.0, 0.15679314305831527], "k_pid_att": [25.586358220081873, 2.1677174026663306, 0.20667381453200862], "k_pid_yaw": [0.5, 1e-06, 0.1], "k_pid_hsp": [0.07436542040732526, 0.0, 0.0], "k_pid_vsp": [159.0576700992409, 121.37963179940854, 0.8033080504362288]}, "datetime": {"datetime": "2025-08-12 02:08:13", "elapsed": 34972.54723358154, "delta": 19.653053045272827}, "costs": {"total_cost": 183.40530462245732, "time_cost": 74.242, "final_distance_cost": 1.8089347712851886, "oscillation_cost": 17.822570895200812, "completition_cost": 0.0, "overshoot_cost": 52.71013909248293, "power_cost": 14.374641564941406, "noise_cost": 22.447018298546958, "n_waypoints_completed": 9, "tot_waypoints": 9}}
{"target": -182.33903638486967, "params": {"k_pid_pos": [0.5276045717941549, 0.0, 0.0], "k_pid_alt": [1.5154736161583953, 0.0, 0.14674803410903306], "k_pid_att": [25.76021986024639, 2.1577337834783807, 0.1982876652592017], "k_pid_yaw": [0.5, 1e-06, 0.1], "k_pid_hsp": [0.09056879957313455, 0.0, 0.0], "k_pid_vsp": [122.55070852549487, 121.37290921136739, 1.019037003930279]}, "datetime": {"datetime": "2025-08-12 02:08:32", "elapsed": 34991.42353963852, "delta": 18.87630605697632}, "costs": {"total_cost": 182.33903638486967, "time_cost": 73.052, "final_distance_cost": 1.8241410386395485, "oscillation_cost": 19.223341091255847, "completition_cost": 0.0, "overshoot_cost": 52.004733434317444, "power_cost": 14.236230798339845, "noise_cost": 21.998590022317, "n_waypoints_completed": 9, "tot_waypoints": 9}}
{"target": -182.36449860584975, "params": {"k_pid_pos": [0.6538888935708691, 0.0, 0.0], "k_pid_alt": [1.6168804003208885, 0.0, 0.13029050682186896], "k_pid_att": [28.251771532426226, 2.402073918185337, 0.2262488267547458], "k_pid_yaw": [0.5, 1e-06, 0.1], "k_pid_hsp": [0.09259819306824567, 0.0, 0.0], "k_pid_vsp": [131.23944213475744, 120.45674303516304, 1.2651050604987713]}, "datetime": {"datetime": "2025-08-12 02:08:49", "elapsed": 35009.04085850716, "delta": 17.617318868637085}, "costs": {"total_cost": 182.36449860584975, "time_cost": 71.575, "final_distance_cost": 1.8267014545774511, "oscillation_cost": 21.764174778409856, "completition_cost": 0.0, "overshoot_cost": 51.54786307475615, "power_cost": 14.136896887207032, "noise_cost": 21.513862410899254, "n_waypoints_completed": 9, "tot_waypoints": 9}}
{"target": -182.47260210588283, "params": {"k_pid_pos": [0.6227386169516015, 0.0, 0.0], "k_pid_alt": [1.6193423796509305, 0.0, 0.11657256265116946], "k_pid_att": [25.287990375046096, 2.075534984978888, 0.2205335586528643], "k_pid_yaw": [0.5, 1e-06, 0.1], "k_pid_hsp": [0.09244666604867154, 0.0, 0.0], "k_pid_vsp": [134.2407654413731, 118.0352150833362, 0.6429452528921094]}, "datetime": {"datetime": "2025-08-12 02:09:08", "elapsed": 35027.41604423523, "delta": 18.37518572807312}, "costs": {"total_cost": 182.47260210588283, "time_cost": 71.813, "final_distance_cost": 1.8019038096948323, "oscillation_cost": 21.140939800792815, "completition_cost": 0.0, "overshoot_cost": 52.01716374455778, "power_cost": 14.16090428466797, "noise_cost": 21.53869046616944, "n_waypoints_completed": 9, "tot_waypoints": 9}}
{"target": -182.77302062805978, "params": {"k_pid_pos": [0.4983556999800147, 0.0, 0.0], "k_pid_alt": [1.5868371678991708, 0.0, 0.14889154494217763], "k_pid_att": [25.887504718417315, 2.156335749271579, 0.40685857169441714], "k_pid_yaw": [0.5, 1e-06, 0.1], "k_pid_hsp": [0.08164480037599638, 0.0, 0.0], "k_pid_vsp": [128.02480388114037, 113.54011288668102, 2.05021153876363]}, "datetime": {"datetime": "2025-08-12 02:09:26", "elapsed": 35045.887771844864, "delta": 18.4717276096344}, "costs": {"total_cost": 182.77302062805978, "time_cost": 73.94800000000001, "final_distance_cost": 1.8120521265728318, "oscillation_cost": 17.976632116989013, "completition_cost": 0.0, "overshoot_cost": 52.42429127731226, "power_cost": 14.332264172363281, "noise_cost": 22.279780934822373, "n_waypoints_completed": 9, "tot_waypoints": 9}}
{"target": -184.28110951955387, "params": {"k_pid_pos": [0.9101172668426429, 0.0, 0.0], "k_pid_alt": [1.6058715802436492, 0.0, 0.1894003306496323], "k_pid_att": [25.955330889564976, 1.8029197529713865, 0.23720084086974458], "k_pid_yaw": [0.5, 1e-06, 0.1], "k_pid_hsp": [0.0906497266752148, 0.0, 0.0], "k_pid_vsp": [129.02298758101222, 108.9845385431342, 1.028333310499614]}, "datetime": {"datetime": "2025-08-12 02:09:44", "elapsed": 35064.09256696701, "delta": 18.204795122146606}, "costs": {"total_cost": 184.28110951955387, "time_cost": 70.714, "final_distance_cost": 1.7900670405619674, "oscillation_cost": 25.04062797844154, "completition_cost": 0.0, "overshoot_cost": 51.39406879845459, "power_cost": 14.22739598388672, "noise_cost": 21.11494971820907, "n_waypoints_completed": 9, "tot_waypoints": 9}}
{"target": -182.3171683314528, "params": {"k_pid_pos": [0.5240754735522644, 0.0, 0.0], "k_pid_alt": [1.6828833983829443, 0.0, 0.1485927036556135], "k_pid_att": [25.650396276281207, 2.1291892694115977, 0.22087468820820733], "k_pid_yaw": [0.5, 1e-06, 0.1], "k_pid_hsp": [0.08761012315491379, 0.0, 0.0], "k_pid_vsp": [141.63627469480048, 120.1280428306342, 1.2899201931015278]}, "datetime": {"datetime": "2025-08-12 02:10:02", "elapsed": 35081.95174598694, "delta": 17.85917901992798}, "costs": {"total_cost": 182.3171683314528, "time_cost": 73.101, "final_distance_cost": 1.8155647840340152, "oscillation_cost": 19.077142917769173, "completition_cost": 0.0, "overshoot_cost": 52.21829926254476, "power_cost": 14.130205090332032, "noise_cost": 21.974956276772808, "n_waypoints_completed": 9, "tot_waypoints": 9}}
{"target": -183.44574766168344, "params": {"k_pid_pos": [0.518825137903451, 0.0, 0.0], "k_pid_alt": [1.5919946987401865, 0.0, 0.1486571373834696], "k_pid_att": [26.302825410166744, 2.047166828857947, 0.19459862790816537], "k_pid_yaw": [0.5, 1e-06, 0.1], "k_pid_hsp": [0.07519928849696055, 0.0, 0.0], "k_pid_vsp": [121.64386947584438, 125.64388329079343, 0.4887522064085102]}, "datetime": {"datetime": "2025-08-12 02:10:22", "elapsed": 35101.832365989685, "delta": 19.880620002746582}, "costs": {"total_cost": 183.44574766168344, "time_cost": 74.256, "final_distance_cost": 1.822706127654144, "oscillation_cost": 17.788256308100195, "completition_cost": 0.0, "overshoot_cost": 52.751466274882894, "power_cost": 14.414926574707032, "noise_cost": 22.412392376339167, "n_waypoints_completed": 9, "tot_waypoints": 9}}
{"target": -181.99871422143974, "params": {"k_pid_pos": [0.5314983914416933, 0.0, 0.0], "k_pid_alt": [1.6035593545670574, 0.0, 0.0871741081597511], "k_pid_att": [25.862324817440122, 2.124879085971424, 0.26199664238013515], "k_pid_yaw": [0.5, 1e-06, 0.1], "k_pid_hsp": [0.09259660491325411, 0.0, 0.0], "k_pid_vsp": [131.0311937878696, 98.37346492863654, 1.157030551085897]}, "datetime": {"datetime": "2025-08-12 02:10:40", "elapsed": 35119.97138214111, "delta": 18.139016151428223}, "costs": {"total_cost": 181.99871422143974, "time_cost": 72.779, "final_distance_cost": 1.8150284423879566, "oscillation_cost": 19.470013676613455, "completition_cost": 0.0, "overshoot_cost": 51.8859764864371, "power_cost": 14.168998376464845, "noise_cost": 21.87969723953638, "n_waypoints_completed": 9, "tot_waypoints": 9}}
{"target": -182.57450574680323, "params": {"k_pid_pos": [0.5271003607446372, 0.0, 0.0], "k_pid_alt": [1.6154143832054495, 0.0, 0.14978401538386435], "k_pid_att": [25.035163002649085, 2.1734508449870416, 0.2192466446577139], "k_pid_yaw": [0.5, 1e-06, 0.1], "k_pid_hsp": [0.08948529727464076, 0.0, 0.0], "k_pid_vsp": [121.8694553314005, 120.61866946485823, 1.2161469639005191]}, "datetime": {"datetime": "2025-08-12 02:11:01", "elapsed": 35140.47647190094, "delta": 20.50508975982666}, "costs": {"total_cost": 182.57450574680323, "time_cost": 73.003, "final_distance_cost": 1.811807563775531, "oscillation_cost": 19.21754942632891, "completition_cost": 0.0, "overshoot_cost": 52.21316727515952, "power_cost": 14.275316125488281, "noise_cost": 22.053665356051003, "n_waypoints_completed": 9, "tot_waypoints": 9}}
{"target": -182.814422580084, "params": {"k_pid_pos": [0.5457516137770587, 0.0, 0.0], "k_pid_alt": [1.6792696017134623, 0.0, 0.1411937530831644], "k_pid_att": [26.270863780680248, 2.187012059708624, 0.09086982705892119], "k_pid_yaw": [0.5, 1e-06, 0.1], "k_pid_hsp": [0.09530759707905781, 0.0, 0.0], "k_pid_vsp": [129.40473052995785, 122.3542973421508, 1.1801789369625406]}, "datetime": {"datetime": "2025-08-12 02:11:19", "elapsed": 35158.68113207817, "delta": 18.204660177230835}, "costs": {"total_cost": 182.814422580084, "time_cost": 72.471, "final_distance_cost": 1.815709231633411, "oscillation_cost": 20.399610181244356, "completition_cost": 0.0, "overshoot_cost": 52.084573209115845, "power_cost": 14.145820837402345, "noise_cost": 21.897709120688056, "n_waypoints_completed": 9, "tot_waypoints": 9}}
{"target": -182.53849540300365, "params": {"k_pid_pos": [0.5204777344521268, 0.0, 0.0], "k_pid_alt": [1.619214616142366, 0.0, 0.16029304174349424], "k_pid_att": [23.925410879505527, 2.0934969609418554, 0.24105755783441526], "k_pid_yaw": [0.5, 1e-06, 0.1], "k_pid_hsp": [0.10000000278121551, 0.0, 0.0], "k_pid_vsp": [128.6489939883098, 120.67061395293268, 1.0822592405685334]}, "datetime": {"datetime": "2025-08-12 02:11:38", "elapsed": 35177.860630989075, "delta": 19.17949891090393}, "costs": {"total_cost": 182.53849540300365, "time_cost": 72.856, "final_distance_cost": 1.8267532263990987, "oscillation_cost": 20.00328775819959, "completition_cost": 0.0, "overshoot_cost": 51.573459936189465, "power_cost": 14.266646691894532, "noise_cost": 22.012347790320998, "n_waypoints_completed": 9, "tot_waypoints": 9}}
{"target": -188.20038767730136, "params": {"k_pid_pos": [0.6407623866524632, 0.0, 0.0030886691300237804], "k_pid_alt": [1.6590167578606594, 0.0, 0.14744046235814473], "k_pid_att": [27.27847595574732, 2.171785900552281, 0.22580631290481115], "k_pid_yaw": [0.5, 1e-06, 0.1], "k_pid_hsp": [0.06849044543612064, 0.0, 0.0], "k_pid_vsp": [133.47394526027654, 36.62852370765385, 4.438847528888349]}, "datetime": {"datetime": "2025-08-12 02:11:57", "elapsed": 35196.9242579937, "delta": 19.063627004623413}, "costs": {"total_cost": 188.20038767730136, "time_cost": 75.523, "final_distance_cost": 1.7875170207243627, "oscillation_cost": 19.733901417025912, "completition_cost": 0.0, "overshoot_cost": 53.737212251301415, "power_cost": 14.585874609375, "noise_cost": 22.83288237887469, "n_waypoints_completed": 9, "tot_waypoints": 9}}
{"target": -182.8476351255405, "params": {"k_pid_pos": [0.5348142659736872, 6.64395122134677e-05, 0.0010278220438311614], "k_pid_alt": [1.6310895732299557, 0.0, 0.10253233658390962], "k_pid_att": [26.135596265051372, 2.250071365093652, 0.2143473245635173], "k_pid_yaw": [0.5, 1e-06, 0.1], "k_pid_hsp": [0.08735576334728413, 0.0, 0.0], "k_pid_vsp": [127.27329451457874, 88.38024053798128, 0.9723347827552318]}, "datetime": {"datetime": "2025-08-12 02:12:17", "elapsed": 35216.81192994118, "delta": 19.887671947479248}, "costs": {"total_cost": 182.8476351255405, "time_cost": 72.982, "final_distance_cost": 1.8147966558378683, "oscillation_cost": 19.21487160770913, "completition_cost": 0.0, "overshoot_cost": 52.450945281727144, "power_cost": 14.27923914794922, "noise_cost": 22.105782432317138, "n_waypoints_completed": 9, "tot_waypoints": 9}}
{"target": -182.89196450155595, "params": {"k_pid_pos": [0.5300324158101695, 0.0, 0.0], "k_pid_alt": [1.6106548172992434, 0.0, 0.14413607595220093], "k_pid_att": [20.46270557224796, 2.130221161934131, 0.23631789996527935], "k_pid_yaw": [0.5, 1e-06, 0.1], "k_pid_hsp": [0.09151819715764166, 0.0, 0.0], "k_pid_vsp": [126.46093467391707, 150.31631196202952, 1.5609151843036888]}, "datetime": {"datetime": "2025-08-12 02:12:35", "elapsed": 35234.84500312805, "delta": 18.03307318687439}, "costs": {"total_cost": 182.89196450155595, "time_cost": 72.877, "final_distance_cost": 1.8314386625359322, "oscillation_cost": 19.811324873826432, "completition_cost": 0.0, "overshoot_cost": 52.15236274317017, "power_cost": 14.281789038085938, "noise_cost": 21.93804918393745, "n_waypoints_completed": 9, "tot_waypoints": 9}}
{"target": -181.9808765421048, "params": {"k_pid_pos": [0.5235743254008384, 0.0, 0.0], "k_pid_alt": [1.6139135108134253, 0.0, 0.14084547958604507], "k_pid_att": [26.231954418819505, 2.11831330070699, 0.2183666991371081], "k_pid_yaw": [0.5, 1e-06, 0.1], "k_pid_hsp": [0.08783157932656822, 0.0, 0.0], "k_pid_vsp": [135.20321498837723, 98.92458355087497, 1.2746009526733533]}, "datetime": {"datetime": "2025-08-12 02:12:54", "elapsed": 35254.291061878204, "delta": 19.446058750152588}, "costs": {"total_cost": 181.9808765421048, "time_cost": 73.136, "final_distance_cost": 1.832945416958237, "oscillation_cost": 18.704724401592713, "completition_cost": 0.0, "overshoot_cost": 52.15173311785054, "power_cost": 14.194885107421875, "noise_cost": 21.96058849828144, "n_waypoints_completed": 9, "tot_waypoints": 9}}
{"target": -182.01347494602507, "params": {"k_pid_pos": [0.525179856207438, 0.0, 0.0], "k_pid_alt": [1.6139335991911898, 0.0, 0.14807397336591596], "k_pid_att": [26.700599092054276, 2.127677790630572, 0.22016308096341095], "k_pid_yaw": [0.5, 1e-06, 0.1], "k_pid_hsp": [0.09199957713517701, 0.0, 0.0], "k_pid_vsp": [127.6640963238803, 121.82572150190516, 1.0916691473302906]}, "datetime": {"datetime": "2025-08-12 02:13:12", "elapsed": 35272.29500770569, "delta": 18.00394582748413}, "costs": {"total_cost": 182.01347494602507, "time_cost": 72.947, "final_distance_cost": 1.81693689730028, "oscillation_cost": 19.448997513280148, "completition_cost": 0.0, "overshoot_cost": 51.70693053587752, "power_cost": 14.181510766601564, "noise_cost": 21.912099232965545, "n_waypoints_completed": 9, "tot_waypoints": 9}}
{"target": -182.31376627438632, "params": {"k_pid_pos": [0.5250079942451445, 0.0, 0.0], "k_pid_alt": [1.612242216580881, 0.0, 0.14873673197922785], "k_pid_att": [20.829539098962744, 2.095086404637436, 0.24081399435022174], "k_pid_yaw": [0.5, 1e-06, 0.1], "k_pid_hsp": [0.09243194252885745, 0.0, 0.0], "k_pid_vsp": [122.72494877180849, 119.47613496647583, 1.1104116916114795]}, "datetime": {"datetime": "2025-08-12 02:13:31", "elapsed": 35291.32240128517, "delta": 19.027393579483032}, "costs": {"total_cost": 182.31376627438632, "time_cost": 72.933, "final_distance_cost": 1.8266096953076512, "oscillation_cost": 19.405690575756427, "completition_cost": 0.0, "overshoot_cost": 52.054664943934895, "power_cost": 14.188026037597657, "noise_cost": 21.905775021789687, "n_waypoints_completed": 9, "tot_waypoints": 9}}
{"target": -182.32013053390318, "params": {"k_pid_pos": [0.5526579973882145, 0.0, 0.0], "k_pid_alt": [1.614547253425303, 0.0, 0.149270989600127], "k_pid_att": [27.98407014053552, 2.0154887046933694, 0.2221394579735342], "k_pid_yaw": [0.5, 1e-06, 0.1], "k_pid_hsp": [0.09121571187219947, 0.0, 0.0], "k_pid_vsp": [127.2698795519646, 119.03748017058062, 1.2224048877261873]}, "datetime": {"datetime": "2025-08-12 02:13:49", "elapsed": 35309.37186431885, "delta": 18.049463033676147}, "costs": {"total_cost": 182.32013053390318, "time_cost": 72.604, "final_distance_cost": 1.8188092966120866, "oscillation_cost": 19.81809999952296, "completition_cost": 0.0, "overshoot_cost": 52.10959214042726, "power_cost": 14.211734423828126, "noise_cost": 21.757894673512755, "n_waypoints_completed": 9, "tot_waypoints": 9}}
{"target": -182.41561289107085, "params": {"k_pid_pos": [0.530624177190608, 0.0, 0.0], "k_pid_alt": [1.6096379661886675, 0.0, 0.13501711810136108], "k_pid_att": [30.253819040668937, 2.1415393154973934, 0.20846916260852236], "k_pid_yaw": [0.5, 1e-06, 0.1], "k_pid_hsp": [0.09175228388609985, 0.0, 0.0], "k_pid_vsp": [134.41472339517526, 104.85879442052808, 2.298830818734249]}, "datetime": {"datetime": "2025-08-12 02:14:08", "elapsed": 35328.33219194412, "delta": 18.960327625274658}, "costs": {"total_cost": 182.41561289107085, "time_cost": 72.877, "final_distance_cost": 1.8279545254860763, "oscillation_cost": 19.52376662211093, "completition_cost": 0.0, "overshoot_cost": 52.075168970911854, "power_cost": 14.173422717285156, "noise_cost": 21.938300055276848, "n_waypoints_completed": 9, "tot_waypoints": 9}}
{"target": -183.01830724890723, "params": {"k_pid_pos": [0.5414929401038429, 0.0, 0.0], "k_pid_alt": [1.6121322904094126, 0.0, 0.19144496114349602], "k_pid_att": [26.40090288399721, 2.0534821267809673, 0.1747749476039659], "k_pid_yaw": [0.5, 1e-06, 0.1], "k_pid_hsp": [0.09363379063367183, 0.0, 0.0], "k_pid_vsp": [127.97666705292112, 179.10395339226181, 1.5458395243009195]}, "datetime": {"datetime": "2025-08-12 02:14:27", "elapsed": 35346.43827629089, "delta": 18.10608434677124}, "costs": {"total_cost": 183.01830724890723, "time_cost": 72.71600000000001, "final_distance_cost": 1.8222851880558752, "oscillation_cost": 20.112529620780887, "completition_cost": 0.0, "overshoot_cost": 52.24086190257227, "power_cost": 14.293399438476563, "noise_cost": 21.83323109902161, "n_waypoints_completed": 9, "tot_waypoints": 9}}
{"target": -182.50900428773443, "params": {"k_pid_pos": [0.5566737473188764, 0.0013370753774639612, 0.0005893360881848054], "k_pid_alt": [1.595999824124931, 0.0, 0.1797678784964763], "k_pid_att": [26.384235259736492, 2.0922669706075365, 0.15640851737031458], "k_pid_yaw": [0.5, 1e-06, 0.1], "k_pid_hsp": [0.10012339479824234, 0.0, 0.0], "k_pid_vsp": [126.0010196398424, 127.05400937974557, 1.5462289523133763]}, "datetime": {"datetime": "2025-08-12 02:14:46", "elapsed": 35365.772181749344, "delta": 19.333905458450317}, "costs": {"total_cost": 182.50900428773443, "time_cost": 72.33800000000001, "final_distance_cost": 1.8198145100807261, "oscillation_cost": 20.487267225825242, "completition_cost": 0.0, "overshoot_cost": 51.83511878879711, "power_cost": 14.230176782226563, "noise_cost": 21.79862698080478, "n_waypoints_completed": 9, "tot_waypoints": 9}}
{"target": -182.52844552363726, "params": {"k_pid_pos": [0.5287732722022561, 0.0, 0.0], "k_pid_alt": [1.613648657649466, 0.0, 0.16532527869742394], "k_pid_att": [26.118439250181122, 2.0043595329503208, 0.09575970153847989], "k_pid_yaw": [0.5, 1e-06, 0.1], "k_pid_hsp": [0.08990095876443888, 0.0, 0.0], "k_pid_vsp": [127.73933340375572, 121.35427858897661, 1.0910296467051444]}, "datetime": {"datetime": "2025-08-12 02:15:04", "elapsed": 35384.1208114624, "delta": 18.34862971305847}, "costs": {"total_cost": 182.52844552363726, "time_cost": 72.97500000000001, "final_distance_cost": 1.8208555099537165, "oscillation_cost": 19.283765009730544, "completition_cost": 0.0, "overshoot_cost": 52.07479531056183, "power_cost": 14.271591613769532, "noise_cost": 22.102438079621606, "n_waypoints_completed": 9, "tot_waypoints": 9}}
{"target": -182.39434033041744, "params": {"k_pid_pos": [0.5246569689257211, 0.0, 0.0], "k_pid_alt": [1.612729439976274, 0.0, 0.14660434034524158], "k_pid_att": [26.106732582947192, 2.1415800404010743, 0.21446366639088515], "k_pid_yaw": [0.5, 1e-06, 0.1], "k_pid_hsp": [0.0926588961022561, 0.0, 0.0], "k_pid_vsp": [126.64589931734714, 121.60525534131179, 1.0529407192579652]}, "datetime": {"datetime": "2025-08-12 02:15:23", "elapsed": 35403.10916829109, "delta": 18.988356828689575}, "costs": {"total_cost": 182.39434033041744, "time_cost": 72.926, "final_distance_cost": 1.823283616959856, "oscillation_cost": 19.56045793183498, "completition_cost": 0.0, "overshoot_cost": 52.01589889552719, "power_cost": 14.157688500976564, "noise_cost": 21.911011385118847, "n_waypoints_completed": 9, "tot_waypoints": 9}}
{"target": -182.59958954875697, "params": {"k_pid_pos": [0.5260216858316901, 0.0, 0.0], "k_pid_alt": [1.5895403751872241, 0.0, 0.14592447385069518], "k_pid_att": [24.408574797411113, 2.2074069321620655, 0.22342716059067716], "k_pid_yaw": [0.5, 1e-06, 0.1], "k_pid_hsp": [0.09194484026738897, 0.0, 0.0], "k_pid_vsp": [131.36745170244032, 235.49553980831774, 0.8608363667056136]}, "datetime": {"datetime": "2025-08-12 02:15:43", "elapsed": 35422.547184467316, "delta": 19.438016176223755}, "costs": {"total_cost": 182.59958954875697, "time_cost": 72.95400000000001, "final_distance_cost": 1.8180272938672217, "oscillation_cost": 19.81651179266362, "completition_cost": 0.0, "overshoot_cost": 51.873126140494016, "power_cost": 14.309310644531251, "noise_cost": 21.82861367720084, "n_waypoints_completed": 9, "tot_waypoints": 9}}
{"target": -182.25204906175043, "params": {"k_pid_pos": [0.5246800798138893, 0.0, 0.0], "k_pid_alt": [1.616266468188234, 0.0, 0.1412192828887894], "k_pid_att": [26.051914816494318, 2.144515200793594, 0.22590201191027764], "k_pid_yaw": [0.5, 1e-06, 0.1], "k_pid_hsp": [0.0918995506058211, 0.0, 0.0], "k_pid_vsp": [128.4344735212278, 114.43760222043838, 1.1798645168506292]}, "datetime": {"datetime": "2025-08-12 02:16:01", "elapsed": 35440.485764980316, "delta": 17.93858051300049}, "costs": {"total_cost": 182.25204906175043, "time_cost": 72.933, "final_distance_cost": 1.8367996990748428, "oscillation_cost": 19.28593291197113, "completition_cost": 0.0, "overshoot_cost": 52.10901478351778, "power_cost": 14.17708377685547, "noise_cost": 21.910217890331182, "n_waypoints_completed": 9, "tot_waypoints": 9}}
