{"target": -182.50136317408158, "params": {"k_pid_pos": [0.5250282890178398, 0.0, 0.0], "k_pid_alt": [1.6091828682739897, 0.0, 0.15104332532590065], "k_pid_att": [25.352171520967147, 2.0101394740655665, 0.218753956108345], "k_pid_yaw": [0.5, 1e-06, 0.1], "k_pid_hsp": [0.09391710086188913, 0.0, 0.0], "k_pid_vsp": [130.7615758527221, 121.55200304116677, 1.1204672009956715]}, "datetime": {"datetime": "2025-08-12 01:42:57", "elapsed": 33457.17129921913, "delta": 18.650877237319946}, "costs": {"total_cost": 182.50136317408158, "time_cost": 72.891, "final_distance_cost": 1.8296937938256317, "oscillation_cost": 19.777348663838236, "completition_cost": 0.0, "overshoot_cost": 51.8957423847867, "power_cost": 14.174770727539062, "noise_cost": 21.93280760409195, "n_waypoints_completed": 9, "tot_waypoints": 9}}
{"target": -182.62043966991482, "params": {"k_pid_pos": [0.5133796171316704, 0.0, 0.0], "k_pid_alt": [1.6292559016919275, 0.0, 0.14295189992051316], "k_pid_att": [26.91026484787253, 2.127524778219748, 0.2554126962827746], "k_pid_yaw": [0.5, 1e-06, 0.1], "k_pid_hsp": [0.10014407512933671, 0.0, 0.0], "k_pid_vsp": [115.93609734026003, 123.11973793045556, 1.0392779538372012]}, "datetime": {"datetime": "2025-08-12 01:43:16", "elapsed": 33475.79532814026, "delta": 18.62402892112732}, "costs": {"total_cost": 182.62043966991482, "time_cost": 72.947, "final_distance_cost": 1.8255947262310717, "oscillation_cost": 19.822589018841928, "completition_cost": 0.0, "overshoot_cost": 51.83970388017424, "power_cost": 14.254640075683595, "noise_cost": 21.930911968983974, "n_waypoints_completed": 9, "tot_waypoints": 9}}
{"target": -182.824472434424, "params": {"k_pid_pos": [0.556097754522514, 0.0, 0.0], "k_pid_alt": [1.626308930276171, 0.0, 0.1696583130176058], "k_pid_att": [24.142420115401375, 2.358121052836997, 0.2427007829726885], "k_pid_yaw": [0.5, 1e-06, 0.1], "k_pid_hsp": [0.09377502689706495, 0.0, 0.0], "k_pid_vsp": [127.02722402063065, 125.01211336565484, 1.2368914796109596]}, "datetime": {"datetime": "2025-08-12 01:43:35", "elapsed": 33494.97620511055, "delta": 19.180876970291138}, "costs": {"total_cost": 182.824472434424, "time_cost": 72.464, "final_distance_cost": 1.8096346926090288, "oscillation_cost": 20.39148607699602, "completition_cost": 0.0, "overshoot_cost": 52.12179047754892, "power_cost": 14.19640506591797, "noise_cost": 21.841156121352064, "n_waypoints_completed": 9, "tot_waypoints": 9}}
{"target": -184.5712228060751, "params": {"k_pid_pos": [0.6508157243578555, 0.0, 0.0003401880493429641], "k_pid_alt": [1.598681483933454, 0.0, 0.1518927900799324], "k_pid_att": [20.632935016639067, 2.1126543133248954, 0.214873527261549], "k_pid_yaw": [0.5, 1e-06, 0.1], "k_pid_hsp": [0.174274391705071, 0.0, 0.0], "k_pid_vsp": [128.22477204086533, 131.6887895257259, 4.292686075698357]}, "datetime": {"datetime": "2025-08-12 01:43:53", "elapsed": 33512.44617152214, "delta": 17.469966411590576}, "costs": {"total_cost": 184.5712228060751, "time_cost": 71.365, "final_distance_cost": 1.8463000502154314, "oscillation_cost": 25.178813374200754, "completition_cost": 0.0, "overshoot_cost": 50.221227451817185, "power_cost": 14.409080920410156, "noise_cost": 21.550801009431556, "n_waypoints_completed": 9, "tot_waypoints": 9}}
{"target": -182.26013153271427, "params": {"k_pid_pos": [0.5729753479140824, 6.440145878168968e-05, 0.000728425347310953], "k_pid_alt": [1.6141463039671666, 0.0, 0.08198585224816772], "k_pid_att": [26.30096920881423, 2.2547744250987583, 0.21318212477371273], "k_pid_yaw": [0.5, 1e-06, 0.1], "k_pid_hsp": [0.0935888627342733, 0.0, 0.0], "k_pid_vsp": [127.2538509973969, 99.15437788200725, 1.1989660241935116]}, "datetime": {"datetime": "2025-08-12 01:44:12", "elapsed": 33531.795595407486, "delta": 19.34942388534546}, "costs": {"total_cost": 182.26013153271427, "time_cost": 72.212, "final_distance_cost": 1.8319782729652214, "oscillation_cost": 20.600684392505265, "completition_cost": 0.0, "overshoot_cost": 51.829552649512856, "power_cost": 14.092795751953126, "noise_cost": 21.69312046577779, "n_waypoints_completed": 9, "tot_waypoints": 9}}
{"target": -182.42203906872328, "params": {"k_pid_pos": [0.5234794214870384, 0.0, 0.0], "k_pid_alt": [1.6137759469226576, 0.0, 0.1530635210959036], "k_pid_att": [55.43061047126223, 2.118388844005051, 0.23367374424567303], "k_pid_yaw": [0.5, 1e-06, 0.1], "k_pid_hsp": [0.09188190333236507, 0.0, 0.0], "k_pid_vsp": [129.19612397295836, 120.77307626533062, 1.1860942654921645]}, "datetime": {"datetime": "2025-08-12 01:44:31", "elapsed": 33550.96683263779, "delta": 19.171237230300903}, "costs": {"total_cost": 182.42203906872328, "time_cost": 73.003, "final_distance_cost": 1.8303802202422121, "oscillation_cost": 19.216495299578686, "completition_cost": 0.0, "overshoot_cost": 52.04754292556083, "power_cost": 14.248587023925783, "noise_cost": 22.076033599415794, "n_waypoints_completed": 9, "tot_waypoints": 9}}
{"target": -182.55797985058453, "params": {"k_pid_pos": [0.521748077868786, 0.0, 0.0], "k_pid_alt": [1.6152902610606115, 0.0, 0.12825706921429295], "k_pid_att": [25.516999726931886, 2.344996563405308, 0.2254329282053443], "k_pid_yaw": [0.5, 1e-06, 0.1], "k_pid_hsp": [0.08602800174105141, 0.0, 0.0], "k_pid_vsp": [172.2288975460891, 59.510936803963034, 1.6394524754190132]}, "datetime": {"datetime": "2025-08-12 01:44:49", "elapsed": 33568.98819756508, "delta": 18.02136492729187}, "costs": {"total_cost": 182.55797985058453, "time_cost": 73.423, "final_distance_cost": 1.8214885755850105, "oscillation_cost": 18.678713079128126, "completition_cost": 0.0, "overshoot_cost": 52.228241028837004, "power_cost": 14.210493469238282, "noise_cost": 22.196043697796092, "n_waypoints_completed": 9, "tot_waypoints": 9}}
{"target": -182.31151794260487, "params": {"k_pid_pos": [0.5221068676985161, 0.0, 0.0], "k_pid_alt": [1.6140942329522974, 0.0, 0.14802255839224415], "k_pid_att": [25.545204670700908, 2.1319382200148085, 0.21245602255153437], "k_pid_yaw": [0.5, 1e-06, 0.1], "k_pid_hsp": [0.09157367552980791, 0.0, 0.0], "k_pid_vsp": [127.6496705244516, 123.86676693325494, 1.0867015174546681]}, "datetime": {"datetime": "2025-08-12 01:45:08", "elapsed": 33587.6940779686, "delta": 18.705880403518677}, "costs": {"total_cost": 182.31151794260487, "time_cost": 72.996, "final_distance_cost": 1.827914277022778, "oscillation_cost": 19.22469886931513, "completition_cost": 0.0, "overshoot_cost": 51.958151216869766, "power_cost": 14.240992651367188, "noise_cost": 22.06376092803001, "n_waypoints_completed": 9, "tot_waypoints": 9}}
{"target": -182.37478452600644, "params": {"k_pid_pos": [0.5247634559159136, 0.0, 0.0], "k_pid_alt": [1.6142202742917058, 0.0, 0.14881510519511087], "k_pid_att": [23.0664133642689, 2.576925192865193, 0.2377976336663163], "k_pid_yaw": [0.5, 1e-06, 0.1], "k_pid_hsp": [0.09279254920792931, 0.0, 0.0], "k_pid_vsp": [123.31436817743504, 135.63993552469344, 1.0851939854764487]}, "datetime": {"datetime": "2025-08-12 01:45:26", "elapsed": 33606.21056056023, "delta": 18.51648259162903}, "costs": {"total_cost": 182.37478452600644, "time_cost": 72.912, "final_distance_cost": 1.8368288774092794, "oscillation_cost": 19.68751512014522, "completition_cost": 0.0, "overshoot_cost": 51.85700140013059, "power_cost": 14.17754744873047, "noise_cost": 21.903891679590856, "n_waypoints_completed": 9, "tot_waypoints": 9}}
{"target": -182.4789081429645, "params": {"k_pid_pos": [0.5132372619140014, 0.0, 0.0], "k_pid_alt": [1.617175986696894, 0.0, 0.144156769931105], "k_pid_att": [22.7620710805871, 2.1303385506403907, 0.2023307588498347], "k_pid_yaw": [0.5, 1e-06, 0.1], "k_pid_hsp": [0.09125610769020039, 0.0, 0.0], "k_pid_vsp": [127.53009615729997, 112.7679217956572, 1.2718361711763975]}, "datetime": {"datetime": "2025-08-12 01:45:45", "elapsed": 33624.70124936104, "delta": 18.490688800811768}, "costs": {"total_cost": 182.4789081429645, "time_cost": 73.15, "final_distance_cost": 1.8146056567916604, "oscillation_cost": 18.978966076287566, "completition_cost": 0.0, "overshoot_cost": 52.13013584986485, "power_cost": 14.237490344238282, "noise_cost": 22.167710215782137, "n_waypoints_completed": 9, "tot_waypoints": 9}}
{"target": -182.6901679612132, "params": {"k_pid_pos": [0.5311061727899262, 0.0, 0.0], "k_pid_alt": [1.6055731694176003, 0.0, 0.15006495431648434], "k_pid_att": [30.879452329373038, 2.188622163005379, 0.23065263647756332], "k_pid_yaw": [0.5, 1e-06, 0.1], "k_pid_hsp": [0.09308714900362516, 0.0, 0.0], "k_pid_vsp": [131.47753862696618, 157.3902053993434, 2.265862745514916]}, "datetime": {"datetime": "2025-08-12 01:46:03", "elapsed": 33643.18949222565, "delta": 18.488242864608765}, "costs": {"total_cost": 182.6901679612132, "time_cost": 72.83500000000001, "final_distance_cost": 1.8131259831118187, "oscillation_cost": 19.566359984159135, "completition_cost": 0.0, "overshoot_cost": 52.1688821721335, "power_cost": 14.352208337402345, "noise_cost": 21.95459148440638, "n_waypoints_completed": 9, "tot_waypoints": 9}}
{"target": -185.97631808919877, "params": {"k_pid_pos": [0.551139754301355, 0.0, 0.0], "k_pid_alt": [1.6109396318117903, 0.0, 0.0], "k_pid_att": [26.658341247853258, 1.932274892128808, 0.18539083946468282], "k_pid_yaw": [0.5, 1e-06, 0.1], "k_pid_hsp": [0.10043936234826073, 0.0, 0.0], "k_pid_vsp": [127.63731795682317, 1e-06, 4.413712715808277]}, "datetime": {"datetime": "2025-08-12 01:46:22", "elapsed": 33662.260038375854, "delta": 19.07054615020752}, "costs": {"total_cost": 185.97631808919877, "time_cost": 73.976, "final_distance_cost": 1.8145990279847004, "oscillation_cost": 20.308958233953, "completition_cost": 0.0, "overshoot_cost": 52.8363653357771, "power_cost": 14.425995349121095, "noise_cost": 22.614400142362882, "n_waypoints_completed": 9, "tot_waypoints": 9}}
{"target": -182.4385205107343, "params": {"k_pid_pos": [0.6353253292219105, 0.00015020620334217638, 1.9313064116857842e-06], "k_pid_alt": [1.6196850052346503, 0.0, 0.1813256653058503], "k_pid_att": [25.934034103251246, 2.242208977506238, 0.16883243917125515], "k_pid_yaw": [0.5, 1e-06, 0.1], "k_pid_hsp": [0.09163823085845495, 0.0011750647217789794, 0.0], "k_pid_vsp": [125.95458995895888, 129.64215007312603, 1.1907969416775588]}, "datetime": {"datetime": "2025-08-12 01:46:41", "elapsed": 33680.93355488777, "delta": 18.673516511917114}, "costs": {"total_cost": 182.4385205107343, "time_cost": 71.652, "final_distance_cost": 1.8091738442314933, "oscillation_cost": 21.66265046962132, "completition_cost": 0.0, "overshoot_cost": 51.737948164210685, "power_cost": 14.134546594238282, "noise_cost": 21.4422014384325, "n_waypoints_completed": 9, "tot_waypoints": 9}}
{"target": -182.3274411503667, "params": {"k_pid_pos": [0.5230526629955307, 0.0, 0.0], "k_pid_alt": [1.6063417180405415, 0.0, 0.14943162563966197], "k_pid_att": [28.34627809824191, 2.098465423475723, 0.3468213838128239], "k_pid_yaw": [0.5, 1e-06, 0.1], "k_pid_hsp": [0.08731474856827007, 0.0, 0.0], "k_pid_vsp": [127.49052599333594, 124.24460254177126, 1.096591487019764]}, "datetime": {"datetime": "2025-08-12 01:46:59", "elapsed": 33699.007742881775, "delta": 18.074187994003296}, "costs": {"total_cost": 182.3274411503667, "time_cost": 73.185, "final_distance_cost": 1.8320835995370566, "oscillation_cost": 18.782072706680147, "completition_cost": 0.0, "overshoot_cost": 52.1913424120703, "power_cost": 14.252815722656251, "noise_cost": 22.084126709422907, "n_waypoints_completed": 9, "tot_waypoints": 9}}
{"target": -182.19400750969095, "params": {"k_pid_pos": [0.5255346398992965, 0.0, 0.0], "k_pid_alt": [1.6192135767914482, 0.0, 0.15915085412418323], "k_pid_att": [25.92710515193544, 2.1358021954620647, 0.19228006906536227], "k_pid_yaw": [0.5, 1e-06, 0.1], "k_pid_hsp": [0.09092799660662133, 0.0, 0.0], "k_pid_vsp": [129.36217349067368, 121.26504926200167, 1.0358203689952328]}, "datetime": {"datetime": "2025-08-12 01:47:18", "elapsed": 33718.24763393402, "delta": 19.239891052246094}, "costs": {"total_cost": 182.19400750969095, "time_cost": 72.982, "final_distance_cost": 1.8363556561364482, "oscillation_cost": 19.196797919041735, "completition_cost": 0.0, "overshoot_cost": 51.892425614193826, "power_cost": 14.220070849609376, "noise_cost": 22.066357470709573, "n_waypoints_completed": 9, "tot_waypoints": 9}}
{"target": -182.29456233621323, "params": {"k_pid_pos": [0.5238109600164708, 0.0, 0.0], "k_pid_alt": [1.5802380182972093, 0.0, 0.1343369461058648], "k_pid_att": [24.160649901257955, 2.0685556917385974, 0.22260917434642818], "k_pid_yaw": [0.5, 1e-06, 0.1], "k_pid_hsp": [0.09182833285626199, 0.0, 0.0], "k_pid_vsp": [128.38785959725018, 200.77044005751551, 1.3853487448466733]}, "datetime": {"datetime": "2025-08-12 01:47:37", "elapsed": 33736.447033166885, "delta": 18.19939923286438}, "costs": {"total_cost": 182.29456233621323, "time_cost": 72.989, "final_distance_cost": 1.813149198249258, "oscillation_cost": 19.29032598056744, "completition_cost": 0.0, "overshoot_cost": 51.897633584804055, "power_cost": 14.312647583007813, "noise_cost": 21.991805989584666, "n_waypoints_completed": 9, "tot_waypoints": 9}}
{"target": -182.44022663450343, "params": {"k_pid_pos": [0.527299824284547, 0.0, 0.0], "k_pid_alt": [1.6173651989548434, 0.0, 0.12332270296015642], "k_pid_att": [26.127906562555115, 2.114395704784708, 0.22029721464604313], "k_pid_yaw": [0.5, 1e-06, 0.1], "k_pid_hsp": [0.09155243906178928, 0.0, 0.0], "k_pid_vsp": [127.99967858429605, 125.30644988409554, 1.0069274933818124]}, "datetime": {"datetime": "2025-08-12 01:47:55", "elapsed": 33754.8731739521, "delta": 18.426140785217285}, "costs": {"total_cost": 182.44022663450343, "time_cost": 72.898, "final_distance_cost": 1.8128168485094587, "oscillation_cost": 19.548649588977064, "completition_cost": 0.0, "overshoot_cost": 52.088122067783864, "power_cost": 14.184850280761719, "noise_cost": 21.907787848471347, "n_waypoints_completed": 9, "tot_waypoints": 9}}
{"target": -181.83053168649383, "params": {"k_pid_pos": [0.5251952237650676, 0.0, 0.0], "k_pid_alt": [1.6087971387843811, 0.0, 0.14928679288634877], "k_pid_att": [25.732314576994785, 2.082655487068866, 0.23284593089031236], "k_pid_yaw": [0.5, 1e-06, 0.1], "k_pid_hsp": [0.0917252550646904, 0.0, 0.0], "k_pid_vsp": [128.09095178177665, 126.08225116092729, 1.556897198736905]}, "datetime": {"datetime": "2025-08-12 01:48:13", "elapsed": 33773.29051709175, "delta": 18.417343139648438}, "costs": {"total_cost": 181.83053168649383, "time_cost": 72.961, "final_distance_cost": 1.8231789058970287, "oscillation_cost": 19.17659984532855, "completition_cost": 0.0, "overshoot_cost": 51.77273943111376, "power_cost": 14.197522949218751, "noise_cost": 21.899490554935728, "n_waypoints_completed": 9, "tot_waypoints": 9}}
{"target": -182.69653044833063, "params": {"k_pid_pos": [0.5165974137820705, 0.0, 0.0], "k_pid_alt": [1.5650858407397794, 0.0, 0.15249556317425852], "k_pid_att": [25.532200014815846, 1.9894865169082303, 0.08868254448121932], "k_pid_yaw": [0.5, 1e-06, 0.1], "k_pid_hsp": [0.09698312431154008, 0.0, 0.0], "k_pid_vsp": [129.78332917832688, 108.37905655538859, 1.8100760299013317]}, "datetime": {"datetime": "2025-08-12 01:48:32", "elapsed": 33792.06828761101, "delta": 18.777770519256592}, "costs": {"total_cost": 182.69653044833063, "time_cost": 72.996, "final_distance_cost": 1.8399576453010622, "oscillation_cost": 19.642276685501837, "completition_cost": 0.0, "overshoot_cost": 51.750899698151656, "power_cost": 14.311733764648439, "noise_cost": 22.155662654727657, "n_waypoints_completed": 9, "tot_waypoints": 9}}
{"target": -183.44205390146948, "params": {"k_pid_pos": [0.551187506781212, 0.0, 0.0], "k_pid_alt": [1.602532346571605, 0.0, 0.15973210314110362], "k_pid_att": [24.767649896745088, 2.154529518539515, 0.18936643732164324], "k_pid_yaw": [0.5, 1e-06, 0.1], "k_pid_hsp": [0.11092264474429585, 0.0, 0.0], "k_pid_vsp": [122.67745786032137, 150.5695043241805, 1e-06]}, "datetime": {"datetime": "2025-08-12 01:48:51", "elapsed": 33810.386078596115, "delta": 18.317790985107422}, "costs": {"total_cost": 183.44205390146948, "time_cost": 72.282, "final_distance_cost": 1.831453033202298, "oscillation_cost": 21.776439375022996, "completition_cost": 0.0, "overshoot_cost": 51.40760211988402, "power_cost": 14.3105048828125, "noise_cost": 21.834054490547693, "n_waypoints_completed": 9, "tot_waypoints": 9}}
{"target": -182.4153664273698, "params": {"k_pid_pos": [0.5257737720343515, 0.0, 0.0], "k_pid_alt": [1.611325747036595, 0.0, 0.15016804302023976], "k_pid_att": [24.624750776851418, 2.127432495895798, 0.23206864622578663], "k_pid_yaw": [0.5, 1e-06, 0.1], "k_pid_hsp": [0.09286767023946854, 0.0, 0.0], "k_pid_vsp": [122.66089855217571, 133.87460742937972, 0.7994955938760901]}, "datetime": {"datetime": "2025-08-12 01:49:08", "elapsed": 33828.24020552635, "delta": 17.854126930236816}, "costs": {"total_cost": 182.4153664273698, "time_cost": 72.919, "final_distance_cost": 1.8170672916522657, "oscillation_cost": 19.68585523515014, "completition_cost": 0.0, "overshoot_cost": 51.9083260551065, "power_cost": 14.18158232421875, "noise_cost": 21.903535521242176, "n_waypoints_completed": 9, "tot_waypoints": 9}}
{"target": -183.63295336137867, "params": {"k_pid_pos": [0.5230679053680746, 0.0, 0.0], "k_pid_alt": [1.5098131988312276, 0.0, 0.14319479619913023], "k_pid_att": [25.25475358061496, 1.9632637562250213, 0.2418620554169555], "k_pid_yaw": [0.5, 1e-06, 0.1], "k_pid_hsp": [0.12007778293784555, 0.0, 0.0], "k_pid_vsp": [112.07562868029093, 119.53808868975578, 1.5585014564789539]}, "datetime": {"datetime": "2025-08-12 01:49:27", "elapsed": 33847.15880012512, "delta": 18.91859459877014}, "costs": {"total_cost": 183.63295336137867, "time_cost": 72.961, "final_distance_cost": 1.833427198071476, "oscillation_cost": 21.437455765730924, "completition_cost": 0.0, "overshoot_cost": 51.11717143924637, "power_cost": 14.299701928710938, "noise_cost": 21.984197029618958, "n_waypoints_completed": 9, "tot_waypoints": 9}}
{"target": -182.15871740976306, "params": {"k_pid_pos": [0.5221833190604699, 0.0, 0.0], "k_pid_alt": [1.720333206318965, 0.0, 0.14759477948598684], "k_pid_att": [25.90259737255104, 2.128889207476887, 0.21562437716455746], "k_pid_yaw": [0.5, 1e-06, 0.1], "k_pid_hsp": [0.09206278679805523, 0.0, 0.0], "k_pid_vsp": [118.78142367560187, 125.00684951427571, 1.7888709246945815]}, "datetime": {"datetime": "2025-08-12 01:49:45", "elapsed": 33864.99127149582, "delta": 17.83247137069702}, "costs": {"total_cost": 182.15871740976306, "time_cost": 72.905, "final_distance_cost": 1.8289664249920699, "oscillation_cost": 19.365395997470372, "completition_cost": 0.0, "overshoot_cost": 51.965519618048965, "power_cost": 14.156665612792969, "noise_cost": 21.937169756458676, "n_waypoints_completed": 9, "tot_waypoints": 9}}
{"target": -182.91416554911535, "params": {"k_pid_pos": [0.49548098224285525, 0.0, 0.0], "k_pid_alt": [1.6181621268531998, 0.0, 0.13717697868805698], "k_pid_att": [23.13043558014713, 2.087515028430343, 0.22309525918803522], "k_pid_yaw": [0.5, 1e-06, 0.1], "k_pid_hsp": [0.0928239444652002, 0.0, 0.0], "k_pid_vsp": [129.07827312007555, 125.02604609338513, 1.2342986752989291]}, "datetime": {"datetime": "2025-08-12 01:50:04", "elapsed": 33884.19981074333, "delta": 19.208539247512817}, "costs": {"total_cost": 182.91416554911535, "time_cost": 73.409, "final_distance_cost": 1.8228174385088238, "oscillation_cost": 18.782067634654325, "completition_cost": 0.0, "overshoot_cost": 52.45760322064961, "power_cost": 14.2654041015625, "noise_cost": 22.1772731537401, "n_waypoints_completed": 9, "tot_waypoints": 9}}
{"target": -183.4625950865105, "params": {"k_pid_pos": [0.5100424583550981, 0.0, 0.0], "k_pid_alt": [1.6488312088690056, 0.0, 0.17690416786237972], "k_pid_att": [24.357708117024202, 2.108082660783941, 0.21679384721473316], "k_pid_yaw": [0.5, 1e-06, 0.1], "k_pid_hsp": [0.103862337551346, 0.0, 0.0], "k_pid_vsp": [141.27356318492633, 126.53612139006685, 1.2256058577060935]}, "datetime": {"datetime": "2025-08-12 01:50:23", "elapsed": 33902.68850326538, "delta": 18.48869252204895}, "costs": {"total_cost": 183.4625950865105, "time_cost": 73.031, "final_distance_cost": 1.8291481966039498, "oscillation_cost": 20.001224697258845, "completition_cost": 0.0, "overshoot_cost": 52.253214636745824, "power_cost": 14.259053210449219, "noise_cost": 22.088954345452667, "n_waypoints_completed": 9, "tot_waypoints": 9}}
{"target": -182.44066301233747, "params": {"k_pid_pos": [0.5569457008328988, 0.0, 0.0], "k_pid_alt": [1.588011674669835, 0.0, 0.1313600219995067], "k_pid_att": [24.891305366934187, 2.055542328909836, 0.24108728507687102], "k_pid_yaw": [0.5, 1e-06, 0.1], "k_pid_hsp": [0.09494239898874801, 0.0, 0.0], "k_pid_vsp": [128.19369930235857, 118.27592143759286, 3.816060917847227]}, "datetime": {"datetime": "2025-08-12 01:50:42", "elapsed": 33921.80337810516, "delta": 19.114874839782715}, "costs": {"total_cost": 182.44066301233747, "time_cost": 72.415, "final_distance_cost": 1.8247368399439998, "oscillation_cost": 20.350101103191847, "completition_cost": 0.0, "overshoot_cost": 51.97080057470488, "power_cost": 14.15990419921875, "noise_cost": 21.720120295277987, "n_waypoints_completed": 9, "tot_waypoints": 9}}
{"target": -186.62078403256592, "params": {"k_pid_pos": [0.38421095045641296, 0.0, 0.0], "k_pid_alt": [1.6039966816905837, 0.0, 0.22054583057852323], "k_pid_att": [24.505829310089364, 2.183029167975385, 0.2156184973706942], "k_pid_yaw": [0.5, 1e-06, 0.1], "k_pid_hsp": [0.09316522660237905, 0.0, 0.0], "k_pid_vsp": [128.35093800868475, 102.225657343635, 2.374514295557561]}, "datetime": {"datetime": "2025-08-12 01:51:02", "elapsed": 33942.180557489395, "delta": 20.377179384231567}, "costs": {"total_cost": 186.62078403256592, "time_cost": 77.084, "final_distance_cost": 1.849912581459667, "oscillation_cost": 16.474938432235074, "completition_cost": 0.0, "overshoot_cost": 52.69741831923005, "power_cost": 14.776702197265626, "noise_cost": 23.737812502375494, "n_waypoints_completed": 9, "tot_waypoints": 9}}
