{"target": -1121.7065665810057, "params": {"k_pid_pos": [0.06607450095161382, 0.0, 0.0031173798773936343], "k_pid_alt": [1.6342787674280748, 0.0, 0.13287041675939798], "k_pid_att": [21.42040571140419, 1.9928023911405208, 0.19780972064345692], "k_pid_yaw": [0.5, 1e-06, 0.1], "k_pid_hsp": [0.2408852726014366, 0.0, 0.0], "k_pid_vsp": [134.4818643727042, 117.13939709160317, 4.097594539682268]}, "datetime": {"datetime": "2025-08-12 00:18:50", "elapsed": 28409.72511434555, "delta": 31.150386810302734}, "costs": {"total_cost": 1121.7065665810057, "time_cost": 150, "final_distance_cost": 85.23671875849601, "oscillation_cost": 2.47609808149053, "completition_cost": 777.7777777777778, "overshoot_cost": 52.0296517803622, "power_cost": 21.152228051757813, "noise_cost": 33.03409213112128, "n_waypoints_completed": 2, "tot_waypoints": 9}}
{"target": -185.94658680874926, "params": {"k_pid_pos": [0.3853969200093001, 3.176062814435382e-05, 0.0], "k_pid_alt": [1.5704641525597316, 0.0, 0.22083071963115958], "k_pid_att": [20.008017131417386, 2.114880677336381, 0.3483441069609178], "k_pid_yaw": [0.5, 1e-06, 0.1], "k_pid_hsp": [0.08747481144125843, 0.0, 0.0], "k_pid_vsp": [122.84275762591814, 98.61584194159326, 1.3599018320426395]}, "datetime": {"datetime": "2025-08-12 00:19:10", "elapsed": 28429.718229055405, "delta": 19.993114709854126}, "costs": {"total_cost": 185.94658680874926, "time_cost": 76.944, "final_distance_cost": 1.8494769003101421, "oscillation_cost": 15.916104017056973, "completition_cost": 0.0, "overshoot_cost": 52.95758484418629, "power_cost": 14.733578125000001, "noise_cost": 23.545842922195845, "n_waypoints_completed": 9, "tot_waypoints": 9}}
{"target": -182.5968966672391, "params": {"k_pid_pos": [0.4873962737785035, 0.0, 0.0], "k_pid_alt": [1.6044524781318203, 0.0, 0.14053449562823644], "k_pid_att": [29.787121462690184, 2.039183866508969, 0.3182405480221829], "k_pid_yaw": [0.5, 1e-06, 0.1], "k_pid_hsp": [0.0921847381955141, 0.0, 0.0], "k_pid_vsp": [131.45240209841205, 97.86319641617489, 1.0012927191074859]}, "datetime": {"datetime": "2025-08-12 00:19:29", "elapsed": 28448.817003965378, "delta": 19.098774909973145}, "costs": {"total_cost": 182.5968966672391, "time_cost": 73.619, "final_distance_cost": 1.8283712654282218, "oscillation_cost": 18.309474730592175, "completition_cost": 0.0, "overshoot_cost": 52.37355440908604, "power_cost": 14.263259301757813, "noise_cost": 22.203236960374845, "n_waypoints_completed": 9, "tot_waypoints": 9}}
{"target": -182.682603363811, "params": {"k_pid_pos": [0.5282793040608906, 0.0, 0.0], "k_pid_alt": [1.610261370351001, 0.0, 0.15564392676014813], "k_pid_att": [23.99393951609029, 2.563853059683077, 0.22499181280496747], "k_pid_yaw": [0.5, 1e-06, 0.1], "k_pid_hsp": [0.08090649240268585, 0.0, 0.0], "k_pid_vsp": [158.44471914884377, 78.18373087621978, 1.289042049364761]}, "datetime": {"datetime": "2025-08-12 00:19:48", "elapsed": 28468.25709295273, "delta": 19.440088987350464}, "costs": {"total_cost": 182.682603363811, "time_cost": 73.612, "final_distance_cost": 1.8236544222442503, "oscillation_cost": 18.36816007400229, "completition_cost": 0.0, "overshoot_cost": 52.461749743602844, "power_cost": 14.226733020019532, "noise_cost": 22.190306103942095, "n_waypoints_completed": 9, "tot_waypoints": 9}}
{"target": -182.37921514399426, "params": {"k_pid_pos": [0.5251310669490533, 0.0, 0.0], "k_pid_alt": [1.6032232777959712, 0.0, 0.1370003115282934], "k_pid_att": [24.736845742490083, 2.262407071653564, 0.24155196805632936], "k_pid_yaw": [0.5, 1e-06, 0.1], "k_pid_hsp": [0.09248560845091372, 0.0, 0.0], "k_pid_vsp": [126.8638789508605, 126.24041610616557, 1.1800014074895928]}, "datetime": {"datetime": "2025-08-12 00:20:07", "elapsed": 28487.371710777283, "delta": 19.114617824554443}, "costs": {"total_cost": 182.37921514399426, "time_cost": 72.919, "final_distance_cost": 1.837654023032179, "oscillation_cost": 19.5814423157177, "completition_cost": 0.0, "overshoot_cost": 51.96806924308272, "power_cost": 14.160669787597657, "noise_cost": 21.912379774564002, "n_waypoints_completed": 9, "tot_waypoints": 9}}
{"target": -182.51817192544073, "params": {"k_pid_pos": [0.5336232465640229, 0.0, 0.0], "k_pid_alt": [1.6069908382694456, 0.0, 0.13894581350944918], "k_pid_att": [16.464364339842433, 3.278574769282995, 0.2558896869964714], "k_pid_yaw": [0.5, 1e-06, 0.1], "k_pid_hsp": [0.09714168017602229, 0.0, 0.0], "k_pid_vsp": [105.42416320552887, 126.45542112621798, 0.76415057757595]}, "datetime": {"datetime": "2025-08-12 00:20:26", "elapsed": 28505.576081752777, "delta": 18.204370975494385}, "costs": {"total_cost": 182.51817192544073, "time_cost": 72.611, "final_distance_cost": 1.828428223024641, "oscillation_cost": 20.323409198257842, "completition_cost": 0.0, "overshoot_cost": 51.72153044983428, "power_cost": 14.2570548828125, "noise_cost": 21.776749171511447, "n_waypoints_completed": 9, "tot_waypoints": 9}}
{"target": -182.16220879232503, "params": {"k_pid_pos": [0.5420901406031221, 0.0, 0.0], "k_pid_alt": [1.6085190716688798, 0.0, 0.13899062030707893], "k_pid_att": [23.683366641279076, 2.1947856930322076, 0.31447502983933956], "k_pid_yaw": [0.5, 1e-06, 0.1], "k_pid_hsp": [0.09113486767482613, 0.0, 0.0], "k_pid_vsp": [127.4065591794138, 115.23438147361529, 0.9141565159525595]}, "datetime": {"datetime": "2025-08-12 00:20:44", "elapsed": 28523.95454931259, "delta": 18.378467559814453}, "costs": {"total_cost": 182.16220879232503, "time_cost": 72.737, "final_distance_cost": 1.823038695199433, "oscillation_cost": 19.550240251279988, "completition_cost": 0.0, "overshoot_cost": 51.91318742962244, "power_cost": 14.243673803710939, "noise_cost": 21.89506861251224, "n_waypoints_completed": 9, "tot_waypoints": 9}}
{"target": -182.57797813909227, "params": {"k_pid_pos": [0.532003002404833, 0.0, 0.0], "k_pid_alt": [1.6035770932979865, 0.0, 0.13747984923161788], "k_pid_att": [27.193604733585996, 2.1294399070132006, 0.22912521322666649], "k_pid_yaw": [0.5, 1e-06, 0.1], "k_pid_hsp": [0.08750108530986991, 0.0, 0.0], "k_pid_vsp": [132.25761977917975, 93.76850072984354, 1.9865971980742114]}, "datetime": {"datetime": "2025-08-12 00:21:03", "elapsed": 28542.961245536804, "delta": 19.006696224212646}, "costs": {"total_cost": 182.57797813909227, "time_cost": 73.045, "final_distance_cost": 1.8080867801164011, "oscillation_cost": 19.179555027509515, "completition_cost": 0.0, "overshoot_cost": 52.294225633966875, "power_cost": 14.220313793945314, "noise_cost": 22.03079690355418, "n_waypoints_completed": 9, "tot_waypoints": 9}}
{"target": -185.45283097075742, "params": {"k_pid_pos": [0.5649918128370658, 0.0, 0.0], "k_pid_alt": [1.6110244902194126, 0.0, 0.0424767659560161], "k_pid_att": [27.37057306930142, 2.000661745843459, 0.174469178697212], "k_pid_yaw": [0.5, 1e-06, 0.1], "k_pid_hsp": [0.08593032123225539, 0.0, 0.0], "k_pid_vsp": [130.09476481703115, 1e-06, 2.17540138361785]}, "datetime": {"datetime": "2025-08-12 00:21:22", "elapsed": 28562.016803503036, "delta": 19.0555579662323}, "costs": {"total_cost": 185.45283097075742, "time_cost": 74.34, "final_distance_cost": 1.802452866943432, "oscillation_cost": 19.41330477911699, "completition_cost": 0.0, "overshoot_cost": 52.87601546228594, "power_cost": 14.389397937011719, "noise_cost": 22.63165992539934, "n_waypoints_completed": 9, "tot_waypoints": 9}}
{"target": -182.90831875657418, "params": {"k_pid_pos": [0.6657681736207042, 0.002300828597308251, 0.00025282528003935415], "k_pid_alt": [1.5919754848727181, 0.0, 0.13437834939501242], "k_pid_att": [23.85138549439134, 1.9941671495829412, 0.35329665444248726], "k_pid_yaw": [0.5, 1e-06, 0.1], "k_pid_hsp": [0.08324705357243636, 0.003994219155321256, 0.0], "k_pid_vsp": [125.80324470528443, 113.40399364070953, 1.7060823015001612]}, "datetime": {"datetime": "2025-08-12 00:21:41", "elapsed": 28580.76388859749, "delta": 18.747085094451904}, "costs": {"total_cost": 182.90831875657418, "time_cost": 71.883, "final_distance_cost": 1.7895065195756523, "oscillation_cost": 22.17895729029051, "completition_cost": 0.0, "overshoot_cost": 51.58185821172512, "power_cost": 14.163091369628907, "noise_cost": 21.311905365354004, "n_waypoints_completed": 9, "tot_waypoints": 9}}
{"target": -182.40307895685675, "params": {"k_pid_pos": [0.5451305093175689, 0.0, 0.0], "k_pid_alt": [1.6499534593691254, 0.0, 0.12934176180588547], "k_pid_att": [22.808192164233507, 2.0266458137138175, 0.32427187098999966], "k_pid_yaw": [0.5, 1e-06, 0.1], "k_pid_hsp": [0.0888384968816957, 0.0, 0.0], "k_pid_vsp": [121.59166960349741, 127.72874175917568, 1.0562932630744455]}, "datetime": {"datetime": "2025-08-12 00:21:59", "elapsed": 28598.92206144333, "delta": 18.158172845840454}, "costs": {"total_cost": 182.40307895685675, "time_cost": 72.744, "final_distance_cost": 1.8350209675122016, "oscillation_cost": 19.542168451357476, "completition_cost": 0.0, "overshoot_cost": 52.206036415804945, "power_cost": 14.213858959960938, "noise_cost": 21.8619941622212, "n_waypoints_completed": 9, "tot_waypoints": 9}}
{"target": -182.23986088587716, "params": {"k_pid_pos": [0.5289433038293011, 0.0, 0.0], "k_pid_alt": [1.612234828318019, 0.0, 0.13321214422420916], "k_pid_att": [22.4051889512105, 2.1188837768928956, 0.21349620747996478], "k_pid_yaw": [0.5, 1e-06, 0.1], "k_pid_hsp": [0.09002222120493587, 0.0, 0.0], "k_pid_vsp": [131.92422779842042, 112.12229020256966, 1.1416896599635662]}, "datetime": {"datetime": "2025-08-12 00:22:18", "elapsed": 28618.01879620552, "delta": 19.096734762191772}, "costs": {"total_cost": 182.23986088587716, "time_cost": 72.947, "final_distance_cost": 1.8309593171842404, "oscillation_cost": 19.232747888380285, "completition_cost": 0.0, "overshoot_cost": 52.064909089731444, "power_cost": 14.23514315185547, "noise_cost": 21.929101438725734, "n_waypoints_completed": 9, "tot_waypoints": 9}}
{"target": -182.5405772721521, "params": {"k_pid_pos": [0.4872562799711715, 0.0, 0.0], "k_pid_alt": [1.5799024381751785, 0.0, 0.14572375289699288], "k_pid_att": [24.8066928660995, 2.058177753960883, 0.23191404023048343], "k_pid_yaw": [0.5, 1e-06, 0.1], "k_pid_hsp": [0.091832347250052, 0.0, 0.0], "k_pid_vsp": [128.40933470002466, 171.20387964876386, 1.259117917027121]}, "datetime": {"datetime": "2025-08-12 00:22:37", "elapsed": 28636.779274225235, "delta": 18.760478019714355}, "costs": {"total_cost": 182.5405772721521, "time_cost": 73.647, "final_distance_cost": 1.8341269681124948, "oscillation_cost": 18.50778029207653, "completition_cost": 0.0, "overshoot_cost": 52.01310095780091, "power_cost": 14.362124462890625, "noise_cost": 22.17644459127152, "n_waypoints_completed": 9, "tot_waypoints": 9}}
{"target": -182.26144261334022, "params": {"k_pid_pos": [0.528850593263913, 0.0, 0.0], "k_pid_alt": [1.61003051705898, 0.0, 0.13996330081855907], "k_pid_att": [25.730411887254355, 2.091098672888301, 0.16646932078172635], "k_pid_yaw": [0.5, 1e-06, 0.1], "k_pid_hsp": [0.09275068136460317, 0.0, 0.0], "k_pid_vsp": [128.87035408553842, 125.96173535970723, 2.0573495068980963]}, "datetime": {"datetime": "2025-08-12 00:22:56", "elapsed": 28656.01649069786, "delta": 19.237216472625732}, "costs": {"total_cost": 182.26144261334022, "time_cost": 72.849, "final_distance_cost": 1.8332787020813064, "oscillation_cost": 19.57169082050737, "completition_cost": 0.0, "overshoot_cost": 51.843947480666586, "power_cost": 14.198119763183595, "noise_cost": 21.96540584690138, "n_waypoints_completed": 9, "tot_waypoints": 9}}
{"target": -182.51391703803804, "params": {"k_pid_pos": [0.5309448561740385, 0.0, 0.0], "k_pid_alt": [1.6249161821805822, 0.0, 0.12362513999236088], "k_pid_att": [24.365582306313055, 2.024021625686391, 0.20893854302214848], "k_pid_yaw": [0.5, 1e-06, 0.1], "k_pid_hsp": [0.09726733511943904, 0.0, 0.0], "k_pid_vsp": [130.86661188955196, 124.9249662830371, 1.4712085864804256]}, "datetime": {"datetime": "2025-08-12 00:23:15", "elapsed": 28674.67638015747, "delta": 18.659889459609985}, "costs": {"total_cost": 182.51391703803804, "time_cost": 72.681, "final_distance_cost": 1.8327600943398166, "oscillation_cost": 20.08913062103747, "completition_cost": 0.0, "overshoot_cost": 51.81460010901619, "power_cost": 14.186340734863283, "noise_cost": 21.910085478781305, "n_waypoints_completed": 9, "tot_waypoints": 9}}
{"target": -182.9551406630208, "params": {"k_pid_pos": [0.5202202295267043, 0.0, 0.0], "k_pid_alt": [1.5604048056170716, 0.0, 0.14677024590960272], "k_pid_att": [25.850929299167575, 2.074614542830772, 0.1923231499410247], "k_pid_yaw": [0.5, 1e-06, 0.1], "k_pid_hsp": [0.10310900360899597, 0.0, 0.0], "k_pid_vsp": [124.03723629183399, 79.69463891074044, 0.4688549488255565]}, "datetime": {"datetime": "2025-08-12 00:23:33", "elapsed": 28693.278824090958, "delta": 18.60244393348694}, "costs": {"total_cost": 182.9551406630208, "time_cost": 72.912, "final_distance_cost": 1.8277480512726199, "oscillation_cost": 20.25706856097554, "completition_cost": 0.0, "overshoot_cost": 51.70260311543552, "power_cost": 14.245792443847657, "noise_cost": 22.009928491489482, "n_waypoints_completed": 9, "tot_waypoints": 9}}
{"target": -182.98814086654536, "params": {"k_pid_pos": [0.6441003142148167, 0.0, 0.0], "k_pid_alt": [1.6517510098046508, 0.0, 0.126076644134402], "k_pid_att": [20.863451711019597, 1.769389341581498, 0.1356346938846458], "k_pid_yaw": [0.5, 1e-06, 0.1], "k_pid_hsp": [0.08659082367651932, 0.0, 0.0], "k_pid_vsp": [122.3500808885624, 100.75618270719964, 2.065872682649145]}, "datetime": {"datetime": "2025-08-12 00:23:52", "elapsed": 28712.08966231346, "delta": 18.810838222503662}, "costs": {"total_cost": 182.98814086654536, "time_cost": 71.953, "final_distance_cost": 1.8178723142209736, "oscillation_cost": 21.481521960309607, "completition_cost": 0.0, "overshoot_cost": 51.9003433672965, "power_cost": 14.149340551757813, "noise_cost": 21.686062672960464, "n_waypoints_completed": 9, "tot_waypoints": 9}}
{"target": -183.06010568512815, "params": {"k_pid_pos": [0.5580994720727545, 0.0, 0.0], "k_pid_alt": [1.6324437968170422, 0.0, 0.13851402297291363], "k_pid_att": [28.275447164009066, 2.2239332213505816, 0.22098040227407093], "k_pid_yaw": [0.5, 1e-06, 0.1], "k_pid_hsp": [0.09653375721328679, 0.0, 0.0], "k_pid_vsp": [148.91654982756873, 77.8276542499981, 1.9874527250228171]}, "datetime": {"datetime": "2025-08-12 00:24:10", "elapsed": 28729.752002239227, "delta": 17.66233992576599}, "costs": {"total_cost": 183.06010568512815, "time_cost": 72.415, "final_distance_cost": 1.8367161302264814, "oscillation_cost": 20.499922048673994, "completition_cost": 0.0, "overshoot_cost": 52.34210499802024, "power_cost": 14.19122763671875, "noise_cost": 21.77513487148868, "n_waypoints_completed": 9, "tot_waypoints": 9}}
{"target": -183.0963617713025, "params": {"k_pid_pos": [0.5333547349489279, 0.0, 0.0], "k_pid_alt": [1.65235225258871, 0.0, 0.11686139108900484], "k_pid_att": [24.577623138565524, 1.920725840305605, 0.2504575387921477], "k_pid_yaw": [0.5, 1e-06, 0.1], "k_pid_hsp": [0.11403558477909939, 0.0, 0.0], "k_pid_vsp": [125.36850674685104, 116.77665248607123, 1.2497336824813172]}, "datetime": {"datetime": "2025-08-12 00:24:29", "elapsed": 28748.737059116364, "delta": 18.98505687713623}, "costs": {"total_cost": 183.0963617713025, "time_cost": 72.548, "final_distance_cost": 1.8313476170123888, "oscillation_cost": 21.111663593368725, "completition_cost": 0.0, "overshoot_cost": 51.41851020673746, "power_cost": 14.2551658203125, "noise_cost": 21.93167453387142, "n_waypoints_completed": 9, "tot_waypoints": 9}}
{"target": -181.90376100585658, "params": {"k_pid_pos": [0.5289079655475779, 0.0, 0.0], "k_pid_alt": [1.5707894008199152, 0.0, 0.14399147570182855], "k_pid_att": [24.28127690109368, 2.1961536831929385, 0.17467267480718535], "k_pid_yaw": [0.5, 1e-06, 0.1], "k_pid_hsp": [0.09043667144535734, 0.0, 0.0], "k_pid_vsp": [120.88918532672972, 120.31716047926321, 2.3953488001743795]}, "datetime": {"datetime": "2025-08-12 00:24:47", "elapsed": 28766.46023917198, "delta": 17.723180055618286}, "costs": {"total_cost": 181.90376100585658, "time_cost": 72.968, "final_distance_cost": 1.8119662467209332, "oscillation_cost": 19.231441074152496, "completition_cost": 0.0, "overshoot_cost": 51.793782951740205, "power_cost": 14.19194881591797, "noise_cost": 21.906621917324973, "n_waypoints_completed": 9, "tot_waypoints": 9}}
{"target": -182.66850625316115, "params": {"k_pid_pos": [0.5080923713475669, 0.0, 0.0], "k_pid_alt": [1.6093330686544638, 0.0, 0.13524312979085557], "k_pid_att": [24.286757757222606, 1.9858724162526271, 0.22174807552211845], "k_pid_yaw": [0.5, 1e-06, 0.1], "k_pid_hsp": [0.09158931885537125, 0.0, 0.0], "k_pid_vsp": [124.2502414107557, 106.43872581127374, 1.680449228257052]}, "datetime": {"datetime": "2025-08-12 00:25:05", "elapsed": 28784.730827093124, "delta": 18.270587921142578}, "costs": {"total_cost": 182.66850625316115, "time_cost": 73.22, "final_distance_cost": 1.8240170716872746, "oscillation_cost": 19.022388879596964, "completition_cost": 0.0, "overshoot_cost": 52.16190996440407, "power_cost": 14.31803182373047, "noise_cost": 22.12215851374237, "n_waypoints_completed": 9, "tot_waypoints": 9}}
{"target": -182.0154314129081, "params": {"k_pid_pos": [0.5942906938568491, 0.0, 0.0], "k_pid_alt": [1.6483629278438399, 0.0, 0.15290550539489933], "k_pid_att": [23.221889050795905, 2.097320885143726, 0.2082470213633576], "k_pid_yaw": [0.5, 1e-06, 0.1], "k_pid_hsp": [0.0992352411720431, 0.0, 0.0], "k_pid_vsp": [150.84935055885353, 126.29913833220223, 0.7532023610938385]}, "datetime": {"datetime": "2025-08-12 00:25:23", "elapsed": 28802.726534605026, "delta": 17.995707511901855}, "costs": {"total_cost": 182.0154314129081, "time_cost": 71.848, "final_distance_cost": 1.8120486706701497, "oscillation_cost": 21.14063772047068, "completition_cost": 0.0, "overshoot_cost": 51.48014091423819, "power_cost": 14.165038317871094, "noise_cost": 21.569565789657954, "n_waypoints_completed": 9, "tot_waypoints": 9}}
{"target": -182.79375975148963, "params": {"k_pid_pos": [0.47112576537854833, 0.0, 0.0], "k_pid_alt": [1.6026096682337714, 0.0, 0.13085211427225452], "k_pid_att": [24.44340351904695, 2.0686119282727837, 0.2290669065876437], "k_pid_yaw": [0.5, 1e-06, 0.1], "k_pid_hsp": [0.08370082126380822, 0.0, 0.0], "k_pid_vsp": [127.59377041565995, 129.00740507197457, 1.7147878875031526]}, "datetime": {"datetime": "2025-08-12 00:25:42", "elapsed": 28821.4733877182, "delta": 18.74685311317444}, "costs": {"total_cost": 182.79375975148963, "time_cost": 74.242, "final_distance_cost": 1.8279963481437236, "oscillation_cost": 17.462917389062273, "completition_cost": 0.0, "overshoot_cost": 52.35935805454869, "power_cost": 14.393168725585939, "noise_cost": 22.50831923414899, "n_waypoints_completed": 9, "tot_waypoints": 9}}
{"target": -182.72412274440035, "params": {"k_pid_pos": [0.5007410241047278, 0.0, 0.0], "k_pid_alt": [1.5982354837699468, 0.0, 0.11097527633255976], "k_pid_att": [26.98475027855158, 2.166863908709347, 0.21237208076889583], "k_pid_yaw": [0.5, 1e-06, 0.1], "k_pid_hsp": [0.09969216703116066, 0.0, 0.0], "k_pid_vsp": [127.75899586046445, 123.23999204843582, 1.6830386757336395]}, "datetime": {"datetime": "2025-08-12 00:26:00", "elapsed": 28839.91093468666, "delta": 18.437546968460083}, "costs": {"total_cost": 182.72412274440035, "time_cost": 73.19200000000001, "final_distance_cost": 1.8358925168375912, "oscillation_cost": 19.437891853897064, "completition_cost": 0.0, "overshoot_cost": 51.81254143191105, "power_cost": 14.276757824707031, "noise_cost": 22.1690391170476, "n_waypoints_completed": 9, "tot_waypoints": 9}}
{"target": -182.5484884832083, "params": {"k_pid_pos": [0.5272768184079898, 0.0, 0.0], "k_pid_alt": [1.6078694622939982, 0.0, 0.1356346895040037], "k_pid_att": [24.278694108860353, 2.0259895834817065, 0.21891299742590134], "k_pid_yaw": [0.5, 1e-06, 0.1], "k_pid_hsp": [0.09755076867698653, 0.0, 0.0], "k_pid_vsp": [127.1223767572752, 120.85640690719691, 1.4382350921574771]}, "datetime": {"datetime": "2025-08-12 00:26:18", "elapsed": 28858.09468603134, "delta": 18.183751344680786}, "costs": {"total_cost": 182.5484884832083, "time_cost": 72.758, "final_distance_cost": 1.8299289036770476, "oscillation_cost": 19.720079348898093, "completition_cost": 0.0, "overshoot_cost": 52.143148158433604, "power_cost": 14.216153674316407, "noise_cost": 21.881178397883144, "n_waypoints_completed": 9, "tot_waypoints": 9}}
{"target": -183.418985050708, "params": {"k_pid_pos": [0.5282474739038281, 0.0, 0.0], "k_pid_alt": [1.762842105217968, 0.0, 0.141406138253326], "k_pid_att": [25.45634875246139, 2.4695589498181567, 0.23166561391328713], "k_pid_yaw": [0.5, 1e-06, 0.1], "k_pid_hsp": [0.07580595104078454, 0.0, 0.0], "k_pid_vsp": [152.03655453217556, 140.6699778925608, 0.9751752605050928]}, "datetime": {"datetime": "2025-08-12 00:26:37", "elapsed": 28877.057614564896, "delta": 18.962928533554077}, "costs": {"total_cost": 183.418985050708, "time_cost": 73.955, "final_distance_cost": 1.824850345141177, "oscillation_cost": 17.931283450502715, "completition_cost": 0.0, "overshoot_cost": 53.04679473042939, "power_cost": 14.375419934082032, "noise_cost": 22.28563659055269, "n_waypoints_completed": 9, "tot_waypoints": 9}}
{"target": -182.42562841066535, "params": {"k_pid_pos": [0.5148986364197267, 0.0, 0.0], "k_pid_alt": [1.5407498949334566, 0.0, 0.23749327479272075], "k_pid_att": [25.804160747612546, 2.0661931110539964, 0.28273343978957743], "k_pid_yaw": [0.5, 1e-06, 0.1], "k_pid_hsp": [0.09117280389178542, 0.0, 0.0], "k_pid_vsp": [128.801383147478, 118.71285094744746, 1.2123987624851786]}, "datetime": {"datetime": "2025-08-12 00:26:55", "elapsed": 28894.9477353096, "delta": 17.8901207447052}, "costs": {"total_cost": 182.42562841066535, "time_cost": 73.353, "final_distance_cost": 1.8272014859032037, "oscillation_cost": 19.07541139376326, "completition_cost": 0.0, "overshoot_cost": 51.81374593781932, "power_cost": 14.252087268066408, "noise_cost": 22.10418232511315, "n_waypoints_completed": 9, "tot_waypoints": 9}}
