{"target": -182.613835941352, "params": {"k_pid_pos": [0.5420801225905303, 0.0, 0.0], "k_pid_alt": [1.5996521279516873, 0.0, 0.15793669381578482], "k_pid_att": [24.55048454770862, 2.0353583152079295, 0.24900567591749273], "k_pid_yaw": [0.5, 1e-06, 0.1], "k_pid_hsp": [0.09186048070903256, 0.0, 0.0], "k_pid_vsp": [120.92286524641287, 120.30263290215244, 1.2668217774751853]}, "datetime": {"datetime": "2025-08-12 00:01:18", "elapsed": 27358.216012001038, "delta": 19.542449951171875}, "costs": {"total_cost": 182.613835941352, "time_cost": 72.71600000000001, "final_distance_cost": 1.8276682683191554, "oscillation_cost": 19.854177917284847, "completition_cost": 0.0, "overshoot_cost": 52.10910708340042, "power_cost": 14.233006530761719, "noise_cost": 21.87387614158583, "n_waypoints_completed": 9, "tot_waypoints": 9}}
{"target": -182.778705799428, "params": {"k_pid_pos": [0.5184474793506436, 0.0, 0.0], "k_pid_alt": [1.612018509796101, 0.0, 0.09448739219418081], "k_pid_att": [24.320605161994806, 2.1766605561284647, 0.19470165784478474], "k_pid_yaw": [0.5, 1e-06, 0.1], "k_pid_hsp": [0.09490559014562842, 0.0, 0.0], "k_pid_vsp": [142.0154305544945, 74.33687260755572, 0.8488910619421612]}, "datetime": {"datetime": "2025-08-12 00:01:38", "elapsed": 27377.540549516678, "delta": 19.32453751564026}, "costs": {"total_cost": 182.778705799428, "time_cost": 72.996, "final_distance_cost": 1.8203810781752954, "oscillation_cost": 19.39836373904302, "completition_cost": 0.0, "overshoot_cost": 52.10736820390568, "power_cost": 14.273431774902344, "noise_cost": 22.183161003401658, "n_waypoints_completed": 9, "tot_waypoints": 9}}
{"target": -184.11274215504622, "params": {"k_pid_pos": [0.5661917100672631, 0.0, 0.0], "k_pid_alt": [1.606753093597662, 0.0, 0.12982904664669628], "k_pid_att": [23.57531765686482, 2.1094339971605645, 0.25189118932920795], "k_pid_yaw": [0.5, 1e-06, 0.1], "k_pid_hsp": [0.07405591015194421, 0.0, 0.0], "k_pid_vsp": [121.93595167677027, 163.76162646037886, 3.657081036869538]}, "datetime": {"datetime": "2025-08-12 00:01:57", "elapsed": 27396.405898332596, "delta": 18.86534881591797}, "costs": {"total_cost": 184.11274215504622, "time_cost": 73.92, "final_distance_cost": 1.7989769766719974, "oscillation_cost": 18.71674020148707, "completition_cost": 0.0, "overshoot_cost": 53.02205383306997, "power_cost": 14.400448803710939, "noise_cost": 22.254522340106274, "n_waypoints_completed": 9, "tot_waypoints": 9}}
{"target": -186.06651755586458, "params": {"k_pid_pos": [0.4857235880776048, 0.0013834311684877405, 0.000677225164006607], "k_pid_alt": [1.6050178205639445, 0.0, 0.1919548203278504], "k_pid_att": [24.21486267326545, 2.0767180506919267, 0.20698940918207598], "k_pid_yaw": [0.5, 1e-06, 0.1], "k_pid_hsp": [0.1316047171939883, 0.00215452176810348, 0.0], "k_pid_vsp": [129.23096311944263, 139.3616146579176, 1.4092865150739837]}, "datetime": {"datetime": "2025-08-12 00:02:16", "elapsed": 27416.27831363678, "delta": 19.87241530418396}, "costs": {"total_cost": 186.06651755586458, "time_cost": 74.004, "final_distance_cost": 1.83983699415281, "oscillation_cost": 21.82933317869163, "completition_cost": 0.0, "overshoot_cost": 51.36582393555851, "power_cost": 14.539946618652344, "noise_cost": 22.48757682880926, "n_waypoints_completed": 9, "tot_waypoints": 9}}
{"target": -182.51612189271825, "params": {"k_pid_pos": [0.5248058675337609, 0.0, 0.0], "k_pid_alt": [1.5982883554703586, 0.0, 0.13035844940526223], "k_pid_att": [25.69622920760998, 1.968378248087342, 0.22369618007395792], "k_pid_yaw": [0.5, 1e-06, 0.1], "k_pid_hsp": [0.09717133835138514, 0.0, 0.0], "k_pid_vsp": [128.40874940674047, 120.8514952786281, 1.361770614498652]}, "datetime": {"datetime": "2025-08-12 00:02:35", "elapsed": 27434.518495321274, "delta": 18.24018168449402}, "costs": {"total_cost": 182.51612189271825, "time_cost": 72.81400000000001, "final_distance_cost": 1.8266278935247862, "oscillation_cost": 19.761714741971257, "completition_cost": 0.0, "overshoot_cost": 51.842497328440395, "power_cost": 14.234329895019531, "noise_cost": 22.03695203376228, "n_waypoints_completed": 9, "tot_waypoints": 9}}
{"target": -182.50497728487906, "params": {"k_pid_pos": [0.527558896551581, 0.0, 0.0], "k_pid_alt": [1.6383595554891222, 0.0, 0.12754868637774414], "k_pid_att": [23.81774314620269, 2.149046360790169, 0.2159925443722811], "k_pid_yaw": [0.5, 1e-06, 0.1], "k_pid_hsp": [0.09317826601450509, 0.0, 0.0], "k_pid_vsp": [124.4349797425593, 87.30649620242048, 1.034536800737337]}, "datetime": {"datetime": "2025-08-12 00:02:54", "elapsed": 27453.54572224617, "delta": 19.02722692489624}, "costs": {"total_cost": 182.50497728487906, "time_cost": 72.849, "final_distance_cost": 1.8255142162291038, "oscillation_cost": 19.721355433719705, "completition_cost": 0.0, "overshoot_cost": 51.951512092020074, "power_cost": 14.155072497558594, "noise_cost": 22.002523045351587, "n_waypoints_completed": 9, "tot_waypoints": 9}}
{"target": -182.1608051603912, "params": {"k_pid_pos": [0.5286207124217938, 0.0, 0.0], "k_pid_alt": [1.580145500629682, 0.0, 0.11972508943220034], "k_pid_att": [24.55536638362137, 2.1663007607107088, 0.2527023911479722], "k_pid_yaw": [0.5, 1e-06, 0.1], "k_pid_hsp": [0.09079337499023062, 0.0, 0.0], "k_pid_vsp": [98.61232619675633, 96.28987045833806, 0.8651706534815413]}, "datetime": {"datetime": "2025-08-12 00:03:13", "elapsed": 27472.376044273376, "delta": 18.83032202720642}, "costs": {"total_cost": 182.1608051603912, "time_cost": 72.912, "final_distance_cost": 1.8238250952623039, "oscillation_cost": 19.317475861079487, "completition_cost": 0.0, "overshoot_cost": 52.063090647381486, "power_cost": 14.136970874023438, "noise_cost": 21.907442682644465, "n_waypoints_completed": 9, "tot_waypoints": 9}}
{"target": -182.34359418419425, "params": {"k_pid_pos": [0.5291172758746674, 0.0, 0.0], "k_pid_alt": [1.566354165007172, 0.0, 0.10814435820403837], "k_pid_att": [25.774947664284458, 1.992220186915711, 0.39496933161763903], "k_pid_yaw": [0.5, 1e-06, 0.1], "k_pid_hsp": [0.0929252074490425, 0.0, 0.0], "k_pid_vsp": [122.77726139629219, 97.4847233050549, 0.970974925350739]}, "datetime": {"datetime": "2025-08-12 00:03:32", "elapsed": 27491.464823007584, "delta": 19.088778734207153}, "costs": {"total_cost": 182.34359418419425, "time_cost": 72.87, "final_distance_cost": 1.8195993295459016, "oscillation_cost": 19.590226936708152, "completition_cost": 0.0, "overshoot_cost": 51.969655155682226, "power_cost": 14.150131982421875, "noise_cost": 21.943980779836092, "n_waypoints_completed": 9, "tot_waypoints": 9}}
{"target": -182.48686499836822, "params": {"k_pid_pos": [0.5397555450737683, 0.0, 0.0], "k_pid_alt": [1.6081956334472487, 0.0, 0.1357109176971976], "k_pid_att": [24.166384382764562, 2.1462343995483293, 0.25940794788164384], "k_pid_yaw": [0.5, 1e-06, 0.1], "k_pid_hsp": [0.097237723138583, 0.0, 0.0], "k_pid_vsp": [121.29066770084087, 120.70915797612507, 1.2493520640178297]}, "datetime": {"datetime": "2025-08-12 00:03:50", "elapsed": 27509.883855581284, "delta": 18.41903257369995}, "costs": {"total_cost": 182.48686499836822, "time_cost": 72.562, "final_distance_cost": 1.819252487063046, "oscillation_cost": 20.231015451327224, "completition_cost": 0.0, "overshoot_cost": 51.763773266476974, "power_cost": 14.266602368164063, "noise_cost": 21.844221425336922, "n_waypoints_completed": 9, "tot_waypoints": 9}}
{"target": -182.6239495514993, "params": {"k_pid_pos": [0.522272385398745, 0.0, 0.0], "k_pid_alt": [1.5974250014642815, 0.0, 0.1350929986194159], "k_pid_att": [24.41603896714117, 1.967810983136973, 0.12210752230068947], "k_pid_yaw": [0.5, 1e-06, 0.1], "k_pid_hsp": [0.08246442366981718, 0.0, 0.0], "k_pid_vsp": [137.40039284940616, 114.88158146025597, 1.2842154025900072]}, "datetime": {"datetime": "2025-08-12 00:04:08", "elapsed": 27528.33309841156, "delta": 18.44924283027649}, "costs": {"total_cost": 182.6239495514993, "time_cost": 73.479, "final_distance_cost": 1.8322559950260247, "oscillation_cost": 18.63547848589096, "completition_cost": 0.0, "overshoot_cost": 52.40607026935236, "power_cost": 14.190625793457032, "noise_cost": 22.08051900777291, "n_waypoints_completed": 9, "tot_waypoints": 9}}
{"target": -184.40201761786233, "params": {"k_pid_pos": [0.5299182443321891, 0.0, 0.0], "k_pid_alt": [1.7285582630668066, 0.0, 0.17623881285827797], "k_pid_att": [18.267027083708292, 2.256719304765285, 0.3284535655918178], "k_pid_yaw": [0.5, 1e-06, 0.1], "k_pid_hsp": [0.12376969860875141, 0.0, 0.0], "k_pid_vsp": [92.46738271417468, 136.66096675078947, 1.7574447657110268]}, "datetime": {"datetime": "2025-08-12 00:04:29", "elapsed": 27549.318221330643, "delta": 20.98512291908264}, "costs": {"total_cost": 184.40201761786233, "time_cost": 72.709, "final_distance_cost": 1.8326108043456486, "oscillation_cost": 22.183744651535175, "completition_cost": 0.0, "overshoot_cost": 51.25734175346108, "power_cost": 14.417222473144532, "noise_cost": 22.0020979353759, "n_waypoints_completed": 9, "tot_waypoints": 9}}
{"target": -182.72600436277884, "params": {"k_pid_pos": [0.488503654479765, 0.0, 0.0], "k_pid_alt": [1.5878850731886591, 0.0, 0.13515793389833505], "k_pid_att": [22.213699387407054, 2.096637329162753, 0.22269783768247306], "k_pid_yaw": [0.5, 1e-06, 0.1], "k_pid_hsp": [0.08863272614782904, 0.0, 0.0], "k_pid_vsp": [133.24403022623352, 72.28708925619875, 2.6364326992855536]}, "datetime": {"datetime": "2025-08-12 00:04:50", "elapsed": 27570.093264102936, "delta": 20.77504277229309}, "costs": {"total_cost": 182.72600436277884, "time_cost": 73.738, "final_distance_cost": 1.8402858819477366, "oscillation_cost": 18.523430426094475, "completition_cost": 0.0, "overshoot_cost": 52.03286768049415, "power_cost": 14.234291638183594, "noise_cost": 22.357128736058876, "n_waypoints_completed": 9, "tot_waypoints": 9}}
{"target": -196.61157113357626, "params": {"k_pid_pos": [0.5179253864511404, 0.0, 0.0], "k_pid_alt": [1.4223886746805914, 0.0, 0.1733865481223859], "k_pid_att": [26.985348198059807, 2.0137106991477323, 0.1296655104938445], "k_pid_yaw": [0.5, 1e-06, 0.1], "k_pid_hsp": [0.05084835626917654, 0.0, 0.0], "k_pid_vsp": [137.7234254723646, 121.69289252838678, 1.4155075840031606]}, "datetime": {"datetime": "2025-08-12 00:05:13", "elapsed": 27593.222777605057, "delta": 23.12951350212097}, "costs": {"total_cost": 196.61157113357626, "time_cost": 82.81700000000001, "final_distance_cost": 1.8133070048171123, "oscillation_cost": 15.035084143536007, "completition_cost": 0.0, "overshoot_cost": 56.21964898480288, "power_cost": 15.639770642089845, "noise_cost": 25.0867603583304, "n_waypoints_completed": 9, "tot_waypoints": 9}}
{"target": -182.35691443526474, "params": {"k_pid_pos": [0.5223114462502125, 0.0, 0.0], "k_pid_alt": [1.6527839740915669, 0.0, 0.13576522649800424], "k_pid_att": [24.43231723048281, 2.2429311005048476, 0.20334300339928835], "k_pid_yaw": [0.5, 1e-06, 0.1], "k_pid_hsp": [0.0929195621642948, 0.0, 0.0], "k_pid_vsp": [141.21228205179935, 118.40294952561919, 1.788292520236097]}, "datetime": {"datetime": "2025-08-12 00:05:33", "elapsed": 27613.369475841522, "delta": 20.146698236465454}, "costs": {"total_cost": 182.35691443526474, "time_cost": 72.926, "final_distance_cost": 1.8196934700448404, "oscillation_cost": 19.453316456329407, "completition_cost": 0.0, "overshoot_cost": 52.08012573545163, "power_cost": 14.131396240234375, "noise_cost": 21.946382533204478, "n_waypoints_completed": 9, "tot_waypoints": 9}}
{"target": -182.07613705107212, "params": {"k_pid_pos": [0.5703199805927448, 0.0, 0.0], "k_pid_alt": [1.6298406548810376, 0.0, 0.11859368924147586], "k_pid_att": [23.839975821752343, 2.301992383929332, 0.2230182788430253], "k_pid_yaw": [0.5, 1e-06, 0.1], "k_pid_hsp": [0.09288639665022205, 0.0, 0.0], "k_pid_vsp": [135.2234718803195, 112.93075048102396, 1.1608823052272026]}, "datetime": {"datetime": "2025-08-12 00:05:52", "elapsed": 27631.412162303925, "delta": 18.042686462402344}, "costs": {"total_cost": 182.07613705107212, "time_cost": 72.296, "final_distance_cost": 1.806063601054688, "oscillation_cost": 20.236487091334777, "completition_cost": 0.0, "overshoot_cost": 51.695364040404215, "power_cost": 14.208479846191407, "noise_cost": 21.83374247208704, "n_waypoints_completed": 9, "tot_waypoints": 9}}
{"target": -182.6273113791048, "params": {"k_pid_pos": [0.5628473766768187, 0.0, 0.0], "k_pid_alt": [1.592929188971359, 0.0, 0.26934721029982833], "k_pid_att": [24.616498565853387, 2.4370942803370967, 0.23733193703144556], "k_pid_yaw": [0.5, 1e-06, 0.1], "k_pid_hsp": [0.09675886041048692, 0.0, 0.0], "k_pid_vsp": [114.14261562953247, 56.3697544350445, 2.50855775736751]}, "datetime": {"datetime": "2025-08-12 00:06:10", "elapsed": 27649.75879883766, "delta": 18.346636533737183}, "costs": {"total_cost": 182.6273113791048, "time_cost": 72.562, "final_distance_cost": 1.8239651337911216, "oscillation_cost": 20.40829889347587, "completition_cost": 0.0, "overshoot_cost": 51.89623766502523, "power_cost": 14.141673071289063, "noise_cost": 21.795136615523532, "n_waypoints_completed": 9, "tot_waypoints": 9}}
{"target": -182.3550103932811, "params": {"k_pid_pos": [0.5763001812000389, 0.0, 0.0], "k_pid_alt": [1.562187782605138, 0.0, 0.13873315056045987], "k_pid_att": [25.097205705726097, 1.9290595473951981, 0.2915919273365891], "k_pid_yaw": [0.5, 1e-06, 0.1], "k_pid_hsp": [0.0964634361137233, 0.0, 0.0], "k_pid_vsp": [126.8311329693957, 94.56069460137245, 2.508052642183106]}, "datetime": {"datetime": "2025-08-12 00:06:29", "elapsed": 27669.112927913666, "delta": 19.35412907600403}, "costs": {"total_cost": 182.3550103932811, "time_cost": 72.191, "final_distance_cost": 1.82423855811642, "oscillation_cost": 20.74300135997796, "completition_cost": 0.0, "overshoot_cost": 51.73326178356497, "power_cost": 14.154845300292969, "noise_cost": 21.708663391328805, "n_waypoints_completed": 9, "tot_waypoints": 9}}
{"target": -183.64438720769843, "params": {"k_pid_pos": [0.7126165648936122, 0.0, 0.0], "k_pid_alt": [1.6080865392256047, 0.0, 0.008250804030169895], "k_pid_att": [21.614848190969052, 1.662795556010795, 0.23156504563904134], "k_pid_yaw": [0.5, 1e-06, 0.1], "k_pid_hsp": [0.0835276014053193, 0.0, 0.0], "k_pid_vsp": [128.5204983177758, 120.39034483173187, 2.857740385000384]}, "datetime": {"datetime": "2025-08-12 00:06:48", "elapsed": 27687.38245677948, "delta": 18.26952886581421}, "costs": {"total_cost": 183.64438720769843, "time_cost": 71.764, "final_distance_cost": 1.7905514061811234, "oscillation_cost": 22.17323581550307, "completition_cost": 0.0, "overshoot_cost": 52.12892125894806, "power_cost": 14.197469934082031, "noise_cost": 21.590208792984157, "n_waypoints_completed": 9, "tot_waypoints": 9}}
{"target": -182.36269948207735, "params": {"k_pid_pos": [0.5403628951979553, 0.0, 0.0], "k_pid_alt": [1.5389258824653407, 0.0, 0.14809623966856522], "k_pid_att": [24.132748728025476, 2.0781595497694005, 0.22977872871584823], "k_pid_yaw": [0.5, 1e-06, 0.1], "k_pid_hsp": [0.09986581323664719, 0.0, 0.0], "k_pid_vsp": [90.3740428556581, 117.76865654329265, 1.5576272915991536]}, "datetime": {"datetime": "2025-08-12 00:07:05", "elapsed": 27705.328555345535, "delta": 17.946098566055298}, "costs": {"total_cost": 182.36269948207735, "time_cost": 72.562, "final_distance_cost": 1.8228023061300562, "oscillation_cost": 20.16772734607038, "completition_cost": 0.0, "overshoot_cost": 51.73133024087543, "power_cost": 14.278251098632813, "noise_cost": 21.800588490368686, "n_waypoints_completed": 9, "tot_waypoints": 9}}
{"target": -182.90995817892482, "params": {"k_pid_pos": [0.5315751028169817, 0.0, 0.0], "k_pid_alt": [1.4928632363449479, 0.0, 0.1300249175166747], "k_pid_att": [24.187808568708817, 2.009211246989622, 0.17906191573622315], "k_pid_yaw": [0.5, 1e-06, 0.1], "k_pid_hsp": [0.10198976175803946, 0.0, 0.0], "k_pid_vsp": [145.83155921418142, 112.97290813782305, 2.716291311253265]}, "datetime": {"datetime": "2025-08-12 00:07:25", "elapsed": 27724.846834897995, "delta": 19.518279552459717}, "costs": {"total_cost": 182.90995817892482, "time_cost": 72.744, "final_distance_cost": 1.828635999770129, "oscillation_cost": 20.624555806862833, "completition_cost": 0.0, "overshoot_cost": 51.65676467097591, "power_cost": 14.164518298339845, "noise_cost": 21.89148340297609, "n_waypoints_completed": 9, "tot_waypoints": 9}}
{"target": -182.42691113208613, "params": {"k_pid_pos": [0.5174829630633734, 0.0, 0.0], "k_pid_alt": [1.4496139048200638, 0.0, 0.0], "k_pid_att": [27.536511430037287, 1.9026639525109659, 0.17188902231355824], "k_pid_yaw": [0.5, 1e-06, 0.1], "k_pid_hsp": [0.08980278819769556, 0.0, 0.0], "k_pid_vsp": [132.2004889945446, 115.2599013542052, 1.3140822241649248]}, "datetime": {"datetime": "2025-08-12 00:07:43", "elapsed": 27743.214466571808, "delta": 18.367631673812866}, "costs": {"total_cost": 182.42691113208613, "time_cost": 73.08, "final_distance_cost": 1.8356084309873002, "oscillation_cost": 19.15162983107465, "completition_cost": 0.0, "overshoot_cost": 52.188529903420395, "power_cost": 14.163934729003907, "noise_cost": 22.007208237599876, "n_waypoints_completed": 9, "tot_waypoints": 9}}
{"target": -182.38604077729758, "params": {"k_pid_pos": [0.5270012613353603, 0.0, 0.0], "k_pid_alt": [1.5988358430173428, 0.0, 0.13707454398887328], "k_pid_att": [25.222935213286657, 1.9718483215771236, 0.22314489512255345], "k_pid_yaw": [0.5, 1e-06, 0.1], "k_pid_hsp": [0.09002487688937129, 0.0, 0.0], "k_pid_vsp": [122.4543642750227, 109.43324189469065, 1.2597406405912073]}, "datetime": {"datetime": "2025-08-12 00:08:02", "elapsed": 27761.927689790726, "delta": 18.713223218917847}, "costs": {"total_cost": 182.38604077729758, "time_cost": 72.989, "final_distance_cost": 1.8330558671878592, "oscillation_cost": 19.25350297717856, "completition_cost": 0.0, "overshoot_cost": 52.01456258533355, "power_cost": 14.230076208496094, "noise_cost": 22.065843139101528, "n_waypoints_completed": 9, "tot_waypoints": 9}}
{"target": -182.63119330087466, "params": {"k_pid_pos": [0.5350115188766548, 0.0, 0.0], "k_pid_alt": [1.6328153201116111, 0.0, 0.2125254026702722], "k_pid_att": [23.86433104869302, 2.087277423405775, 0.30061104556608487], "k_pid_yaw": [0.5, 1e-06, 0.1], "k_pid_hsp": [0.09052437812135314, 0.0, 0.0], "k_pid_vsp": [112.40718276146961, 138.30587837158083, 1.3024528978552152]}, "datetime": {"datetime": "2025-08-12 00:08:21", "elapsed": 27780.652278900146, "delta": 18.724589109420776}, "costs": {"total_cost": 182.63119330087466, "time_cost": 72.919, "final_distance_cost": 1.8310752504199646, "oscillation_cost": 19.7718894922483, "completition_cost": 0.0, "overshoot_cost": 51.90358161215515, "power_cost": 14.301803491210938, "noise_cost": 21.903843454840285, "n_waypoints_completed": 9, "tot_waypoints": 9}}
{"target": -183.20068693032331, "params": {"k_pid_pos": [0.4846997686362597, 0.0, 0.0], "k_pid_alt": [1.5825491258726379, 0.0, 0.16244168440754647], "k_pid_att": [24.845445218285914, 2.2194313131203782, 0.25507960564349275], "k_pid_yaw": [0.5, 1e-06, 0.1], "k_pid_hsp": [0.10008037552567094, 0.0, 0.0], "k_pid_vsp": [126.42604395299223, 127.35988850525146, 1.6324343872624802]}, "datetime": {"datetime": "2025-08-12 00:08:39", "elapsed": 27799.35149359703, "delta": 18.699214696884155}, "costs": {"total_cost": 183.20068693032331, "time_cost": 73.612, "final_distance_cost": 1.8322052058315454, "oscillation_cost": 19.331432156991713, "completition_cost": 0.0, "overshoot_cost": 51.883916853206166, "power_cost": 14.302420153808594, "noise_cost": 22.238712560485315, "n_waypoints_completed": 9, "tot_waypoints": 9}}
{"target": -1177.4732119998637, "params": {"k_pid_pos": [0.3727488180747449, 0.0, 0.0033529549608618103], "k_pid_alt": [1.6307392070465485, 0.0, 0.1151668849755338], "k_pid_att": [21.09249187196295, 2.1028034915557243, 0.2037400569011281], "k_pid_yaw": [0.5, 1e-06, 0.1], "k_pid_hsp": [0.0001, 0.0, 0.0], "k_pid_vsp": [133.6709652958765, 95.90126331650895, 1.8455380983850036]}, "datetime": {"datetime": "2025-08-12 00:09:10", "elapsed": 27830.170957565308, "delta": 30.819463968276978}, "costs": {"total_cost": 1177.4732119998637, "time_cost": 150, "final_distance_cost": 45.18378395598089, "oscillation_cost": 0.003306796921092183, "completition_cost": 888.8888888888888, "overshoot_cost": 39.307059702069076, "power_cost": 21.007487646484375, "noise_cost": 33.082685009519224, "n_waypoints_completed": 1, "tot_waypoints": 9}}
{"target": -182.5203307986858, "params": {"k_pid_pos": [0.5690906960039841, 6.710130048322724e-05, 0.0011955042260394615], "k_pid_alt": [1.618008827723739, 0.0, 0.2663328283377262], "k_pid_att": [21.916497489143442, 2.2280029211922594, 0.26912195197014366], "k_pid_yaw": [0.5, 1e-06, 0.1], "k_pid_hsp": [0.0874143091858491, 0.0, 0.0], "k_pid_vsp": [118.83747966608412, 86.87196983406666, 1.319235397261532]}, "datetime": {"datetime": "2025-08-12 00:09:29", "elapsed": 27848.496540546417, "delta": 18.32558298110962}, "costs": {"total_cost": 182.5203307986858, "time_cost": 72.779, "final_distance_cost": 1.8236170574139399, "oscillation_cost": 19.83026976575417, "completition_cost": 0.0, "overshoot_cost": 52.09177774279175, "power_cost": 14.211363281250001, "noise_cost": 21.784302951475926, "n_waypoints_completed": 9, "tot_waypoints": 9}}
{"target": -182.3529506061721, "params": {"k_pid_pos": [0.5266656435270558, 0.0, 0.0], "k_pid_alt": [1.6099105892187204, 0.0, 0.13609935479054447], "k_pid_att": [19.352632042979746, 2.0076256387158358, 0.19958571641864856], "k_pid_yaw": [0.5, 1e-06, 0.1], "k_pid_hsp": [0.09260752967303496, 0.0, 0.0], "k_pid_vsp": [130.7095839124468, 106.95486309054543, 1.8186659461220123]}, "datetime": {"datetime": "2025-08-12 00:09:48", "elapsed": 27867.637186288834, "delta": 19.140645742416382}, "costs": {"total_cost": 182.3529506061721, "time_cost": 72.891, "final_distance_cost": 1.8225504711544618, "oscillation_cost": 19.559167219893386, "completition_cost": 0.0, "overshoot_cost": 51.9828138791896, "power_cost": 14.145040478515625, "noise_cost": 21.95237855741904, "n_waypoints_completed": 9, "tot_waypoints": 9}}
