{"target": -183.32063913626524, "params": {"k_pid_pos": [0.5927653369008314, 0.0, 0.0], "k_pid_alt": [1.5993025866555144, 0.0, 0.3788510925414091], "k_pid_att": [34.46509442912616, 2.3287570249334038, 0.18770868432344534], "k_pid_yaw": [0.5, 1e-06, 0.1], "k_pid_hsp": [0.09900085530100824, 0.0, 0.0], "k_pid_vsp": [145.7941517602156, 53.51731716431808, 2.0649528822119487]}, "datetime": {"datetime": "2025-08-11 21:17:48", "elapsed": 17547.660352230072, "delta": 18.61378312110901}, "costs": {"total_cost": 183.32063913626524, "time_cost": 72.436, "final_distance_cost": 1.8274663196316414, "oscillation_cost": 21.341676448175622, "completition_cost": 0.0, "overshoot_cost": 51.88264384726845, "power_cost": 14.167216308593751, "noise_cost": 21.665636212595743, "n_waypoints_completed": 9, "tot_waypoints": 9}}
{"target": -185.3589918844254, "params": {"k_pid_pos": [0.5464043724243419, 0.0, 0.0], "k_pid_alt": [1.499193675134145, 0.0, 0.26429681385778525], "k_pid_att": [37.59918215983285, 2.2844447615365926, 0.1766697908217598], "k_pid_yaw": [0.5, 1e-06, 0.1], "k_pid_hsp": [0.1301342557835351, 0.0, 0.0], "k_pid_vsp": [154.49344735136776, 56.66999122559566, 0.2974865296378908]}, "datetime": {"datetime": "2025-08-11 21:18:06", "elapsed": 17566.260491847992, "delta": 18.600139617919922}, "costs": {"total_cost": 185.3589918844254, "time_cost": 73.087, "final_distance_cost": 1.8362708785624433, "oscillation_cost": 22.26418192634517, "completition_cost": 0.0, "overshoot_cost": 51.69721983472724, "power_cost": 14.383623278808594, "noise_cost": 22.090695965981958, "n_waypoints_completed": 9, "tot_waypoints": 9}}
{"target": -191.33930706431872, "params": {"k_pid_pos": [0.6752916364589071, 0.0, 0.0010038057397611733], "k_pid_alt": [1.7268797457179799, 0.0, 0.3074804271156508], "k_pid_att": [15.332985932657259, 2.264154515488942, 0.21321360981004187], "k_pid_yaw": [0.5, 1e-06, 0.1], "k_pid_hsp": [0.480192050795353, 0.0, 0.0], "k_pid_vsp": [143.8789927928065, 60.137055762413574, 3.69914579280542]}, "datetime": {"datetime": "2025-08-11 21:18:25", "elapsed": 17584.85575056076, "delta": 18.595258712768555}, "costs": {"total_cost": 191.33930706431872, "time_cost": 73.535, "final_distance_cost": 1.849832621710522, "oscillation_cost": 27.464998819347677, "completition_cost": 0.0, "overshoot_cost": 50.65033797890242, "power_cost": 15.021585375976564, "noise_cost": 22.81755226838151, "n_waypoints_completed": 9, "tot_waypoints": 9}}
{"target": -1211.8637320924677, "params": {"k_pid_pos": [0.5428266841344455, 0.0, 0.0], "k_pid_alt": [1.6962945493392947, 0.0, 0.1361283103657435], "k_pid_att": [29.71851167056176, 2.17488074456368, 0.1909268700946637], "k_pid_yaw": [0.5, 1e-06, 0.1], "k_pid_hsp": [0.0001, 0.0, 0.0], "k_pid_vsp": [143.67817823677356, 69.32881103687555, 3.639390490825079]}, "datetime": {"datetime": "2025-08-11 21:18:55", "elapsed": 17614.708639860153, "delta": 29.8528892993927}, "costs": {"total_cost": 1211.8637320924677, "time_cost": 150, "final_distance_cost": 45.52118937058591, "oscillation_cost": 0.004305763307278047, "completition_cost": 888.8888888888888, "overshoot_cost": 73.34447675481911, "power_cost": 21.012139782714844, "noise_cost": 33.09273153215149, "n_waypoints_completed": 1, "tot_waypoints": 9}}
{"target": -182.4766862704788, "params": {"k_pid_pos": [0.5319504412452584, 0.0, 0.0], "k_pid_alt": [1.6508713216896522, 0.0, 0.10900517854511088], "k_pid_att": [25.174582113150148, 2.240435761962059, 0.19748207844252855], "k_pid_yaw": [0.5, 1e-06, 0.1], "k_pid_hsp": [0.09282482172047685, 0.0, 0.0], "k_pid_vsp": [143.50883401038587, 54.528662587774264, 2.526305538064529]}, "datetime": {"datetime": "2025-08-11 21:19:14", "elapsed": 17633.670010328293, "delta": 18.96137046813965}, "costs": {"total_cost": 182.4766862704788, "time_cost": 72.94, "final_distance_cost": 1.8238083952354665, "oscillation_cost": 19.42858165111024, "completition_cost": 0.0, "overshoot_cost": 52.12592825456085, "power_cost": 14.155008850097657, "noise_cost": 22.003359119474638, "n_waypoints_completed": 9, "tot_waypoints": 9}}
{"target": -184.3930915217191, "params": {"k_pid_pos": [0.5750547473254692, 0.0, 0.0013409576770378184], "k_pid_alt": [1.6503486394797766, 0.0, 0.2911595529708023], "k_pid_att": [27.37216485880096, 2.184257535756024, 0.14006208742472032], "k_pid_yaw": [0.5, 1e-06, 0.1], "k_pid_hsp": [0.12379629551933627, 0.0, 0.0], "k_pid_vsp": [156.1831904021011, 52.48112186404437, 2.769703469671131]}, "datetime": {"datetime": "2025-08-11 21:19:31", "elapsed": 17651.236530303955, "delta": 17.56651997566223}, "costs": {"total_cost": 184.3930915217191, "time_cost": 72.366, "final_distance_cost": 1.8382076925173336, "oscillation_cost": 22.830100269661152, "completition_cost": 0.0, "overshoot_cost": 51.17224024888031, "power_cost": 14.270610717773438, "noise_cost": 21.915932592886872, "n_waypoints_completed": 9, "tot_waypoints": 9}}
{"target": -182.7744389082131, "params": {"k_pid_pos": [0.4862669663035937, 0.0, 0.0], "k_pid_alt": [1.5812235651849553, 0.0, 0.009628103257259019], "k_pid_att": [29.19136927752212, 2.14102331359574, 0.2029166025953933], "k_pid_yaw": [0.5, 1e-06, 0.1], "k_pid_hsp": [0.09708630386556408, 0.0, 0.0], "k_pid_vsp": [129.47687147005362, 51.96520840110463, 2.8474326076516094]}, "datetime": {"datetime": "2025-08-11 21:19:50", "elapsed": 17669.906754016876, "delta": 18.670223712921143}, "costs": {"total_cost": 182.7744389082131, "time_cost": 73.626, "final_distance_cost": 1.8281579544018747, "oscillation_cost": 18.744221831277294, "completition_cost": 0.0, "overshoot_cost": 51.888954210726034, "power_cost": 14.308386291503908, "noise_cost": 22.378718620303992, "n_waypoints_completed": 9, "tot_waypoints": 9}}
{"target": -1134.417872911784, "params": {"k_pid_pos": [0.6813928219844093, 0.0, 0.0], "k_pid_alt": [1.5909183476187547, 0.0, 0.03247429490348399], "k_pid_att": [27.616926896935663, 2.3087428464043174, 0.19134815272310018], "k_pid_yaw": [0.5, 1e-06, 0.1], "k_pid_hsp": [0.005469406505220015, 0.0, 0.0], "k_pid_vsp": [126.83761096515653, 56.04861675559977, 1.776443254416243]}, "datetime": {"datetime": "2025-08-11 21:20:20", "elapsed": 17699.70346403122, "delta": 29.79671001434326}, "costs": {"total_cost": 1134.417872911784, "time_cost": 150, "final_distance_cost": 90.2188447961048, "oscillation_cost": 1.3274827157024895, "completition_cost": 777.7777777777778, "overshoot_cost": 60.84620790950015, "power_cost": 21.155041662597657, "noise_cost": 33.09251805010096, "n_waypoints_completed": 2, "tot_waypoints": 9}}
{"target": -182.67779274673833, "params": {"k_pid_pos": [0.5214090163827301, 0.0, 0.0], "k_pid_alt": [1.5517355918523004, 0.0, 0.0695601581208614], "k_pid_att": [24.223717094087732, 2.271494916232124, 0.18602662055490998], "k_pid_yaw": [0.5, 1e-06, 0.1], "k_pid_hsp": [0.08961314546784176, 0.0, 0.0], "k_pid_vsp": [142.3039972953247, 55.006541272764956, 2.875623240971515]}, "datetime": {"datetime": "2025-08-11 21:20:38", "elapsed": 17717.463928699493, "delta": 17.760464668273926}, "costs": {"total_cost": 182.67779274673833, "time_cost": 73.21300000000001, "final_distance_cost": 1.829268242000094, "oscillation_cost": 18.947655796299077, "completition_cost": 0.0, "overshoot_cost": 52.242558444269235, "power_cost": 14.23380692138672, "noise_cost": 22.2115033427832, "n_waypoints_completed": 9, "tot_waypoints": 9}}
{"target": -187.723504198409, "params": {"k_pid_pos": [1.022159715078896, 0.0, 0.0], "k_pid_alt": [1.6461428627058623, 0.0, 0.0], "k_pid_att": [21.802558197429416, 3.697551515031275, 0.29827843455523206], "k_pid_yaw": [0.5, 1e-06, 0.1], "k_pid_hsp": [0.26994076781126697, 0.0, 0.0], "k_pid_vsp": [149.4296724559521, 56.660063944219004, 1.4428971778884723]}, "datetime": {"datetime": "2025-08-11 21:20:55", "elapsed": 17734.55577635765, "delta": 17.09184765815735}, "costs": {"total_cost": 187.723504198409, "time_cost": 69.685, "final_distance_cost": 1.8415445841260156, "oscillation_cost": 29.569342253192886, "completition_cost": 0.0, "overshoot_cost": 51.04378479024274, "power_cost": 14.588488806152345, "noise_cost": 20.99534376469499, "n_waypoints_completed": 9, "tot_waypoints": 9}}
{"target": -186.5331571075641, "params": {"k_pid_pos": [0.38142109075201924, 0.0, 0.0], "k_pid_alt": [1.5660157141843667, 0.0, 0.12212515510941944], "k_pid_att": [24.69635836172955, 2.234764132756536, 0.17975703093513565], "k_pid_yaw": [0.5, 1e-06, 0.1], "k_pid_hsp": [0.07867342701008927, 0.0, 0.0], "k_pid_vsp": [147.62029648370537, 54.84683395608509, 2.941074271383658]}, "datetime": {"datetime": "2025-08-11 21:21:15", "elapsed": 17755.181391000748, "delta": 20.625614643096924}, "costs": {"total_cost": 186.5331571075641, "time_cost": 77.231, "final_distance_cost": 1.8296920796615366, "oscillation_cost": 15.631170837070876, "completition_cost": 0.0, "overshoot_cost": 53.36292125243686, "power_cost": 14.7142904296875, "noise_cost": 23.764082508707315, "n_waypoints_completed": 9, "tot_waypoints": 9}}
{"target": -183.8450412889917, "params": {"k_pid_pos": [0.6195301543270328, 0.0, 0.0], "k_pid_alt": [1.386232180021111, 0.0, 0.2758875326774074], "k_pid_att": [26.69453243292068, 1.9457549941401695, 0.188590972587256], "k_pid_yaw": [0.5, 1e-06, 0.1], "k_pid_hsp": [0.12675752704790622, 0.0, 0.0], "k_pid_vsp": [148.05378859854343, 72.48690155941819, 1e-06]}, "datetime": {"datetime": "2025-08-11 21:21:34", "elapsed": 17773.53357028961, "delta": 18.352179288864136}, "costs": {"total_cost": 183.8450412889917, "time_cost": 72.023, "final_distance_cost": 1.8379521712771545, "oscillation_cost": 23.34947162097379, "completition_cost": 0.0, "overshoot_cost": 50.89341587871262, "power_cost": 14.178091467285157, "noise_cost": 21.56311015074296, "n_waypoints_completed": 9, "tot_waypoints": 9}}
{"target": -183.355641497834, "params": {"k_pid_pos": [0.5584517836283724, 0.0, 0.0], "k_pid_alt": [1.4207470926276955, 0.0, 0.07544691164016223], "k_pid_att": [23.58982423691144, 2.4684313778979563, 0.25015917483383077], "k_pid_yaw": [0.5, 1e-06, 0.1], "k_pid_hsp": [0.11279242975749731, 0.0, 0.0], "k_pid_vsp": [148.96013814658838, 57.670296084178005, 0.28383464848246076]}, "datetime": {"datetime": "2025-08-11 21:21:52", "elapsed": 17791.454956769943, "delta": 17.92138648033142}, "costs": {"total_cost": 183.355641497834, "time_cost": 72.422, "final_distance_cost": 1.8327016381435564, "oscillation_cost": 21.296623861452556, "completition_cost": 0.0, "overshoot_cost": 51.78236449234025, "power_cost": 14.216973156738282, "noise_cost": 21.80497834915936, "n_waypoints_completed": 9, "tot_waypoints": 9}}
{"target": -183.1812926370007, "params": {"k_pid_pos": [0.7287483238139135, 0.0, 0.0018544835408438355], "k_pid_alt": [1.7858809959752897, 0.0, 0.10398359322004738], "k_pid_att": [26.999991887442714, 2.3815861522986688, 0.20816381032481054], "k_pid_yaw": [0.5, 1e-06, 0.1], "k_pid_hsp": [0.11247794559374905, 0.0, 0.0], "k_pid_vsp": [144.66922146820474, 51.490475078014995, 2.639609546876482]}, "datetime": {"datetime": "2025-08-11 21:22:10", "elapsed": 17809.689219474792, "delta": 18.234262704849243}, "costs": {"total_cost": 183.1812926370007, "time_cost": 70.819, "final_distance_cost": 1.8020474270696358, "oscillation_cost": 23.689476792616166, "completition_cost": 0.0, "overshoot_cost": 51.52711448289831, "power_cost": 14.107579260253907, "noise_cost": 21.236074674162662, "n_waypoints_completed": 9, "tot_waypoints": 9}}
{"target": -183.14856347389363, "params": {"k_pid_pos": [0.574083424043576, 0.0, 0.024944339078994043], "k_pid_alt": [1.676358453820411, 0.0, 0.30437475115291135], "k_pid_att": [35.44207719909778, 1.9815167719606237, 0.2026761811362924], "k_pid_yaw": [0.5, 1e-06, 0.1], "k_pid_hsp": [0.10169985549088587, 0.0, 0.0], "k_pid_vsp": [132.54669376753512, 54.73533849998551, 4.542063590388212]}, "datetime": {"datetime": "2025-08-11 21:22:28", "elapsed": 17827.677250385284, "delta": 17.988030910491943}, "costs": {"total_cost": 183.14856347389363, "time_cost": 72.534, "final_distance_cost": 1.8205538558389223, "oscillation_cost": 20.98019964977331, "completition_cost": 0.0, "overshoot_cost": 51.722806098178744, "power_cost": 14.177901928710938, "noise_cost": 21.913101941391727, "n_waypoints_completed": 9, "tot_waypoints": 9}}
{"target": -191.6902815849794, "params": {"k_pid_pos": [0.6038277914619453, 0.0, 0.0], "k_pid_alt": [1.5649317354999543, 0.0, 0.0], "k_pid_att": [31.773365664934424, 2.272401178997051, 0.9384006603919358], "k_pid_yaw": [0.5, 1e-06, 0.1], "k_pid_hsp": [0.2443757332253594, 0.0, 0.0], "k_pid_vsp": [147.3813006900457, 14.175184073673396, 1e-06]}, "datetime": {"datetime": "2025-08-11 21:22:47", "elapsed": 17846.735415697098, "delta": 19.058165311813354}, "costs": {"total_cost": 191.6902815849794, "time_cost": 74.62, "final_distance_cost": 1.8523666315913399, "oscillation_cost": 25.286147653275385, "completition_cost": 0.0, "overshoot_cost": 51.93906350814853, "power_cost": 14.849471008300782, "noise_cost": 23.14323278366335, "n_waypoints_completed": 9, "tot_waypoints": 9}}
{"target": -186.61900075886683, "params": {"k_pid_pos": [0.5667909681759473, 0.0, 0.0], "k_pid_alt": [1.7456104316704613, 0.0, 0.12071423937755964], "k_pid_att": [26.790015750960645, 2.116920510057785, 0.19848812736175542], "k_pid_yaw": [0.5, 1e-06, 0.1], "k_pid_hsp": [0.0657386268833047, 0.0, 0.0], "k_pid_vsp": [126.92738897047761, 48.10497750250832, 3.6870778634523558]}, "datetime": {"datetime": "2025-08-11 21:23:06", "elapsed": 17865.934455871582, "delta": 19.199040174484253}, "costs": {"total_cost": 186.61900075886683, "time_cost": 75.628, "final_distance_cost": 1.8221745838384944, "oscillation_cost": 17.831755568911337, "completition_cost": 0.0, "overshoot_cost": 53.838893322227484, "power_cost": 14.490965161132813, "noise_cost": 23.00721212275674, "n_waypoints_completed": 9, "tot_waypoints": 9}}
{"target": -183.27554716960972, "params": {"k_pid_pos": [0.804801783748752, 0.0, 0.0], "k_pid_alt": [1.5213410922593165, 0.0, 0.0], "k_pid_att": [24.021947199936264, 2.204542951256692, 0.20609594326883585], "k_pid_yaw": [0.5, 1e-06, 0.1], "k_pid_hsp": [0.11251006829046163, 0.0, 0.0], "k_pid_vsp": [129.85764501308068, 52.47726373767728, 1.0013653453840026]}, "datetime": {"datetime": "2025-08-11 21:23:23", "elapsed": 17883.291258573532, "delta": 17.356802701950073}, "costs": {"total_cost": 183.27554716960972, "time_cost": 70.413, "final_distance_cost": 1.8190259255721286, "oscillation_cost": 24.751319530957034, "completition_cost": 0.0, "overshoot_cost": 51.21637565718197, "power_cost": 14.018566870117189, "noise_cost": 21.057259185781422, "n_waypoints_completed": 9, "tot_waypoints": 9}}
{"target": -187.11890810916216, "params": {"k_pid_pos": [0.5407240348519357, 0.0, 0.0], "k_pid_alt": [1.799760647543188, 0.0, 0.04302695209950219], "k_pid_att": [26.92901619003689, 2.317113452401723, 0.08119464765627259], "k_pid_yaw": [0.5, 1e-06, 0.1], "k_pid_hsp": [0.14396317088121802, 0.0, 0.0], "k_pid_vsp": [106.87245754608048, 38.448114594088025, 1e-06]}, "datetime": {"datetime": "2025-08-11 21:23:42", "elapsed": 17901.89571738243, "delta": 18.604458808898926}, "costs": {"total_cost": 187.11890810916216, "time_cost": 73.185, "final_distance_cost": 1.8414294774310087, "oscillation_cost": 23.346626031607947, "completition_cost": 0.0, "overshoot_cost": 51.80392270541753, "power_cost": 14.441374743652345, "noise_cost": 22.500555151053323, "n_waypoints_completed": 9, "tot_waypoints": 9}}
{"target": -183.46631037183488, "params": {"k_pid_pos": [0.5296316983360261, 0.0, 0.0], "k_pid_alt": [1.6806412161423017, 0.0, 0.0], "k_pid_att": [25.523330377555673, 2.307779195882166, 0.17010869173718343], "k_pid_yaw": [0.5, 1e-06, 0.1], "k_pid_hsp": [0.07910813142813111, 0.0, 0.0], "k_pid_vsp": [142.89044474174312, 53.055753748165536, 2.955163218765489]}, "datetime": {"datetime": "2025-08-11 21:24:01", "elapsed": 17920.717460870743, "delta": 18.821743488311768}, "costs": {"total_cost": 183.46631037183488, "time_cost": 73.668, "final_distance_cost": 1.815022414822541, "oscillation_cost": 18.426592314536546, "completition_cost": 0.0, "overshoot_cost": 53.09489283581674, "power_cost": 14.234645568847657, "noise_cost": 22.22715723781139, "n_waypoints_completed": 9, "tot_waypoints": 9}}
{"target": -198.4966016006265, "params": {"k_pid_pos": [0.40536284955250657, 0.0, 0.0], "k_pid_alt": [1.506345338575366, 0.0, 0.06531701842481283], "k_pid_att": [9.189675843286725, 1.7875890605229579, 0.18832150252032467], "k_pid_yaw": [0.5, 1e-06, 0.1], "k_pid_hsp": [0.18697832522377195, 0.0, 0.0], "k_pid_vsp": [142.11057030138267, 100.93773609455059, 1e-06]}, "datetime": {"datetime": "2025-08-11 21:24:21", "elapsed": 17940.926663398743, "delta": 20.209202527999878}, "costs": {"total_cost": 198.4966016006265, "time_cost": 81.144, "final_distance_cost": 1.8535962961230499, "oscillation_cost": 22.146637293809828, "completition_cost": 0.0, "overshoot_cost": 52.0102013019459, "power_cost": 15.740513012695313, "noise_cost": 25.60165369605239, "n_waypoints_completed": 9, "tot_waypoints": 9}}
{"target": -185.255203875805, "params": {"k_pid_pos": [0.47373868782297435, 0.0, 0.0], "k_pid_alt": [1.477909081035215, 0.0, 0.0], "k_pid_att": [30.39466694375306, 2.316409253119256, 0.23708589269542363], "k_pid_yaw": [0.5, 1e-06, 0.1], "k_pid_hsp": [0.11477678597348134, 0.0, 0.0], "k_pid_vsp": [161.90588212230656, 49.31537620561017, 0.938813804652946]}, "datetime": {"datetime": "2025-08-11 21:24:40", "elapsed": 17959.948436498642, "delta": 19.021773099899292}, "costs": {"total_cost": 185.255203875805, "time_cost": 74.284, "final_distance_cost": 1.836281349257294, "oscillation_cost": 19.80634847913018, "completition_cost": 0.0, "overshoot_cost": 52.096784473109764, "power_cost": 14.463524145507813, "noise_cost": 22.76826542879993, "n_waypoints_completed": 9, "tot_waypoints": 9}}
{"target": -183.64489107627435, "params": {"k_pid_pos": [0.5309828391599989, 0.0, 0.0], "k_pid_alt": [1.6420432825997384, 0.0, 0.0856067655609854], "k_pid_att": [23.907858465777867, 2.209839852946006, 0.20895646215517022], "k_pid_yaw": [0.5, 1e-06, 0.1], "k_pid_hsp": [0.1110649558722033, 0.0, 0.0], "k_pid_vsp": [141.09983502740505, 52.04690007617454, 2.287373409649444]}, "datetime": {"datetime": "2025-08-11 21:24:59", "elapsed": 17978.376350164413, "delta": 18.427913665771484}, "costs": {"total_cost": 183.64489107627435, "time_cost": 72.772, "final_distance_cost": 1.8397726926072506, "oscillation_cost": 20.844118108909313, "completition_cost": 0.0, "overshoot_cost": 51.87087686836558, "power_cost": 14.281264184570313, "noise_cost": 22.036859221821892, "n_waypoints_completed": 9, "tot_waypoints": 9}}
{"target": -1228.0829533488416, "params": {"k_pid_pos": [0.7060234230554441, 0.0, 0.10930733037231688], "k_pid_alt": [1.704375118056833, 0.0, 0.1929783747669508], "k_pid_att": [24.553563985351072, 1.8823459751701892, 0.18539233193215143], "k_pid_yaw": [0.5, 1e-06, 0.1], "k_pid_hsp": [0.0001, 0.0, 0.0], "k_pid_vsp": [141.57177119142924, 52.83818734038115, 1.7248954424350869]}, "datetime": {"datetime": "2025-08-11 21:25:29", "elapsed": 18008.86901283264, "delta": 30.49266266822815}, "costs": {"total_cost": 1228.0829533488416, "time_cost": 150, "final_distance_cost": 46.234183715670156, "oscillation_cost": 0.004463270141456721, "completition_cost": 888.8888888888888, "overshoot_cost": 88.8380143349046, "power_cost": 21.012733764648438, "noise_cost": 33.104669374588084, "n_waypoints_completed": 1, "tot_waypoints": 9}}
{"target": -202.8156224626669, "params": {"k_pid_pos": [0.5638810057445679, 0.0016752931391974127, 0.02380788302942033], "k_pid_alt": [1.5682874196443544, 0.0, 0.1307956560900435], "k_pid_att": [32.607424046551074, 2.631651932960186, 0.1963751963979493], "k_pid_yaw": [0.5, 1e-06, 0.1], "k_pid_hsp": [0.04574545395044498, 0.0, 0.0], "k_pid_vsp": [131.8666836565913, 62.70523347827686, 0.3533192271106116]}, "datetime": {"datetime": "2025-08-11 21:25:51", "elapsed": 18030.76311302185, "delta": 21.894100189208984}, "costs": {"total_cost": 202.8156224626669, "time_cost": 86.436, "final_distance_cost": 1.8025250754361124, "oscillation_cost": 14.781007960418576, "completition_cost": 0.0, "overshoot_cost": 57.39762995067762, "power_cost": 16.189292639160158, "noise_cost": 26.209166836974454, "n_waypoints_completed": 9, "tot_waypoints": 9}}
{"target": -183.78309420074083, "params": {"k_pid_pos": [0.4748095579076862, 0.0, 0.0], "k_pid_alt": [1.4077303967281307, 0.0, 0.18593991821799474], "k_pid_att": [31.11430799023973, 2.300428634536075, 0.2047618368658834], "k_pid_yaw": [0.5, 1e-06, 0.1], "k_pid_hsp": [0.09857060742465396, 0.0, 0.0], "k_pid_vsp": [150.65637730990022, 54.27886434472607, 1.0518560278689506]}, "datetime": {"datetime": "2025-08-11 21:26:10", "elapsed": 18049.525431632996, "delta": 18.76231861114502}, "costs": {"total_cost": 183.78309420074083, "time_cost": 74.284, "final_distance_cost": 1.8292207422913274, "oscillation_cost": 18.73069602295165, "completition_cost": 0.0, "overshoot_cost": 52.00464571872586, "power_cost": 14.38458914794922, "noise_cost": 22.549942568822782, "n_waypoints_completed": 9, "tot_waypoints": 9}}
{"target": -187.7521823270511, "params": {"k_pid_pos": [0.506951673106188, 0.0, 0.0], "k_pid_alt": [1.5609043342299447, 0.0, 0.010596616841227396], "k_pid_att": [22.456229313336948, 3.027261497277598, 0.18701406180519664], "k_pid_yaw": [0.5, 1e-06, 0.1], "k_pid_hsp": [0.15943842487395635, 0.0, 0.0], "k_pid_vsp": [157.9842165323043, 57.723962070647836, 1e-06]}, "datetime": {"datetime": "2025-08-11 21:26:28", "elapsed": 18068.118815660477, "delta": 18.59338402748108}, "costs": {"total_cost": 187.7521823270511, "time_cost": 74.536, "final_distance_cost": 1.8462317250612914, "oscillation_cost": 22.66264595506212, "completition_cost": 0.0, "overshoot_cost": 51.10650326800971, "power_cost": 14.666730285644531, "noise_cost": 22.934071093273445, "n_waypoints_completed": 9, "tot_waypoints": 9}}
