{"target": -181.81304005532843, "params": {"k_pid_pos": [0.5268502466718781, 0.0, 0.0], "k_pid_alt": [1.614204112810757, 0.0, 0.12641666254336126], "k_pid_att": [25.625418576485455, 2.13686525704479, 0.22816658866028236], "k_pid_yaw": [0.5, 1e-06, 0.1], "k_pid_hsp": [0.09095948136398631, 0.0, 0.0], "k_pid_vsp": [128.60958687563584, 127.01154076327298, 1.0568227650454771]}, "datetime": {"datetime": "2025-08-12 04:57:52", "elapsed": 45151.8157992363, "delta": 20.068002462387085}, "costs": {"total_cost": 181.81304005532843, "time_cost": 72.933, "final_distance_cost": 1.8179084483916257, "oscillation_cost": 19.27322599273969, "completition_cost": 0.0, "overshoot_cost": 51.66763659399835, "power_cost": 14.202465991210937, "noise_cost": 21.918803028987824, "n_waypoints_completed": 9, "tot_waypoints": 9}}
{"target": -182.47394005784048, "params": {"k_pid_pos": [0.5258864064547316, 0.0, 0.0], "k_pid_alt": [1.612142089533113, 0.0, 0.10150504966423525], "k_pid_att": [25.700017831604637, 2.154075931750014, 0.23008330875956384], "k_pid_yaw": [0.5, 1e-06, 0.1], "k_pid_hsp": [0.09174355156258227, 0.0, 0.0], "k_pid_vsp": [128.80976058647133, 124.96646851901976, 1.3024705119102908]}, "datetime": {"datetime": "2025-08-12 04:58:10", "elapsed": 45169.96428608894, "delta": 18.148486852645874}, "costs": {"total_cost": 182.47394005784048, "time_cost": 72.898, "final_distance_cost": 1.8156370914134157, "oscillation_cost": 19.536101300050905, "completition_cost": 0.0, "overshoot_cost": 52.12743960231701, "power_cost": 14.170687573242189, "noise_cost": 21.926074490816948, "n_waypoints_completed": 9, "tot_waypoints": 9}}
{"target": -181.72166589848297, "params": {"k_pid_pos": [0.5261760096101413, 0.0, 0.0], "k_pid_alt": [1.628808433477596, 0.0, 0.12045548314987792], "k_pid_att": [25.533199045203077, 2.1281480703936917, 0.26288468056898884], "k_pid_yaw": [0.5, 1e-06, 0.1], "k_pid_hsp": [0.09061072279871717, 0.0, 0.0], "k_pid_vsp": [128.44105051823274, 125.962798229746, 1.0610989439638636]}, "datetime": {"datetime": "2025-08-12 04:58:30", "elapsed": 45190.198558568954, "delta": 20.234272480010986}, "costs": {"total_cost": 181.72166589848297, "time_cost": 72.94, "final_distance_cost": 1.8272963741420405, "oscillation_cost": 19.12569532567262, "completition_cost": 0.0, "overshoot_cost": 51.70846589867686, "power_cost": 14.203505322265626, "noise_cost": 21.916702977725848, "n_waypoints_completed": 9, "tot_waypoints": 9}}
{"target": -182.55095047159716, "params": {"k_pid_pos": [0.5624663764261963, 0.0, 0.0], "k_pid_alt": [1.6130790247544575, 0.0, 0.13627437120986302], "k_pid_att": [25.72811161071013, 2.141623564107607, 0.2739090956001935], "k_pid_yaw": [0.5, 1e-06, 0.1], "k_pid_hsp": [0.08817646299623197, 0.0, 0.0], "k_pid_vsp": [146.81366783363916, 129.0691147847285, 0.6401027176314196]}, "datetime": {"datetime": "2025-08-12 04:58:49", "elapsed": 45208.5677652359, "delta": 18.36920666694641}, "costs": {"total_cost": 182.55095047159716, "time_cost": 72.632, "final_distance_cost": 1.8217616393450753, "oscillation_cost": 19.861393468991373, "completition_cost": 0.0, "overshoot_cost": 52.19219132117165, "power_cost": 14.173381079101564, "noise_cost": 21.870222962987484, "n_waypoints_completed": 9, "tot_waypoints": 9}}
{"target": -181.78382562953078, "params": {"k_pid_pos": [0.5267050752359164, 0.0, 0.0], "k_pid_alt": [1.6141892376642135, 0.0, 0.13020889499913188], "k_pid_att": [25.66086869889517, 2.1317830928827557, 0.23601658463896844], "k_pid_yaw": [0.5, 1e-06, 0.1], "k_pid_hsp": [0.09082355284768494, 0.0, 0.0], "k_pid_vsp": [127.24974719242398, 125.1769999454183, 1.1007704265114477]}, "datetime": {"datetime": "2025-08-12 04:59:09", "elapsed": 45229.16778945923, "delta": 20.600024223327637}, "costs": {"total_cost": 181.78382562953078, "time_cost": 72.933, "final_distance_cost": 1.827590887269007, "oscillation_cost": 19.231760214100657, "completition_cost": 0.0, "overshoot_cost": 51.67738793550832, "power_cost": 14.194967626953126, "noise_cost": 21.919118965699667, "n_waypoints_completed": 9, "tot_waypoints": 9}}
{"target": -181.82067656825262, "params": {"k_pid_pos": [0.5266154407442446, 0.0, 0.0], "k_pid_alt": [1.6150862577650467, 0.0, 0.1312768020325867], "k_pid_att": [25.957319994386033, 2.110975609917196, 0.2270420546776068], "k_pid_yaw": [0.5, 1e-06, 0.1], "k_pid_hsp": [0.09078071789968943, 0.0, 0.0], "k_pid_vsp": [128.4833964800264, 121.8636447953979, 1.2962362343250795]}, "datetime": {"datetime": "2025-08-12 04:59:28", "elapsed": 45247.545436143875, "delta": 18.377646684646606}, "costs": {"total_cost": 181.82067656825262, "time_cost": 72.947, "final_distance_cost": 1.8275698157172853, "oscillation_cost": 19.19165236297723, "completition_cost": 0.0, "overshoot_cost": 51.74650942235396, "power_cost": 14.192680065917969, "noise_cost": 21.915264901286147, "n_waypoints_completed": 9, "tot_waypoints": 9}}
{"target": -181.7879683646384, "params": {"k_pid_pos": [0.5263668192810141, 0.0, 0.0], "k_pid_alt": [1.6043054141105269, 0.0, 0.1278180081178782], "k_pid_att": [25.895992421466985, 2.118243087450047, 0.2265180979282157], "k_pid_yaw": [0.5, 1e-06, 0.1], "k_pid_hsp": [0.09071336344124765, 0.0, 0.0], "k_pid_vsp": [127.75392875178065, 124.35289731553374, 1e-06]}, "datetime": {"datetime": "2025-08-12 04:59:47", "elapsed": 45266.782793045044, "delta": 19.237356901168823}, "costs": {"total_cost": 181.7879683646384, "time_cost": 72.947, "final_distance_cost": 1.8368456357290788, "oscillation_cost": 19.154301989250072, "completition_cost": 0.0, "overshoot_cost": 51.74605355446527, "power_cost": 14.196451306152344, "noise_cost": 21.90731587904164, "n_waypoints_completed": 9, "tot_waypoints": 9}}
{"target": -182.4615242319048, "params": {"k_pid_pos": [0.6053818576729885, 0.0, 0.0], "k_pid_alt": [1.6193914669373386, 0.0, 0.1314666029734587], "k_pid_att": [24.08530679378356, 2.2790426483422954, 0.22567462572661015], "k_pid_yaw": [0.5, 1e-06, 0.1], "k_pid_hsp": [0.09156980817365012, 0.0, 0.0], "k_pid_vsp": [130.04935331355364, 123.62687279114753, 1.115069189761126]}, "datetime": {"datetime": "2025-08-12 05:00:05", "elapsed": 45284.76564574242, "delta": 17.982852697372437}, "costs": {"total_cost": 182.4615242319048, "time_cost": 71.995, "final_distance_cost": 1.8318722979483923, "oscillation_cost": 21.231087407872558, "completition_cost": 0.0, "overshoot_cost": 51.622492679702695, "power_cost": 14.169239611816407, "noise_cost": 21.61183223456474, "n_waypoints_completed": 9, "tot_waypoints": 9}}
{"target": -182.62739006337605, "params": {"k_pid_pos": [0.5108402449056378, 0.0, 0.0], "k_pid_alt": [1.638701455951956, 0.0, 0.15900541809034646], "k_pid_att": [21.94596918481016, 2.1208136114866125, 0.21734350147196224], "k_pid_yaw": [0.5, 1e-06, 0.1], "k_pid_hsp": [0.09419192959685697, 0.0, 0.0], "k_pid_vsp": [121.78051901369973, 126.12710934459979, 1.0987992478705264]}, "datetime": {"datetime": "2025-08-12 05:00:25", "elapsed": 45304.414196014404, "delta": 19.648550271987915}, "costs": {"total_cost": 182.62739006337605, "time_cost": 73.108, "final_distance_cost": 1.8296577032058483, "oscillation_cost": 19.539545229144107, "completition_cost": 0.0, "overshoot_cost": 51.91690196932825, "power_cost": 14.24371787109375, "noise_cost": 21.98956729060406, "n_waypoints_completed": 9, "tot_waypoints": 9}}
{"target": -182.69821447227346, "params": {"k_pid_pos": [0.5289525410433211, 0.0, 0.0], "k_pid_alt": [1.6343940459213973, 0.0, 0.13187393248914236], "k_pid_att": [24.357591988707117, 2.1188164127888793, 0.3054123299247734], "k_pid_yaw": [0.5, 1e-06, 0.1], "k_pid_hsp": [0.09085460887013495, 0.0, 0.0], "k_pid_vsp": [127.12887529418651, 121.30893864482216, 2.1021356819874413]}, "datetime": {"datetime": "2025-08-12 05:00:42", "elapsed": 45322.33989739418, "delta": 17.925701379776}, "costs": {"total_cost": 182.69821447227346, "time_cost": 72.891, "final_distance_cost": 1.8362561806701136, "oscillation_cost": 19.47052640043098, "completition_cost": 0.0, "overshoot_cost": 52.35882722875664, "power_cost": 14.212098791503907, "noise_cost": 21.929505870911818, "n_waypoints_completed": 9, "tot_waypoints": 9}}
{"target": -182.44043489861525, "params": {"k_pid_pos": [0.5494763839188463, 0.0, 0.0], "k_pid_alt": [1.6103797962971436, 0.0, 0.0], "k_pid_att": [23.31540460945732, 0.6491892751079105, 0.22077786118044998], "k_pid_yaw": [0.5, 1e-06, 0.1], "k_pid_hsp": [0.09226849247483816, 0.0, 0.0], "k_pid_vsp": [128.51395447440228, 123.91770064437615, 0.9722127368119162]}, "datetime": {"datetime": "2025-08-12 05:01:02", "elapsed": 45342.17638683319, "delta": 19.83648943901062}, "costs": {"total_cost": 182.44043489861525, "time_cost": 72.478, "final_distance_cost": 1.8322075401593547, "oscillation_cost": 19.814192497603027, "completition_cost": 0.0, "overshoot_cost": 52.16221181894881, "power_cost": 14.247747326660157, "noise_cost": 21.906075715243897, "n_waypoints_completed": 9, "tot_waypoints": 9}}
{"target": -182.18719617494446, "params": {"k_pid_pos": [0.5275570478520875, 0.0, 0.0], "k_pid_alt": [1.6223817272918821, 0.0, 0.1327200896383416], "k_pid_att": [25.766572386791534, 2.1339878880677716, 0.23566333743497697], "k_pid_yaw": [0.5, 1e-06, 0.1], "k_pid_hsp": [0.09105424614102499, 0.0, 0.0], "k_pid_vsp": [126.3216356244076, 123.54572086067174, 1.510969940644714]}, "datetime": {"datetime": "2025-08-12 05:01:21", "elapsed": 45360.88971567154, "delta": 18.71332883834839}, "costs": {"total_cost": 182.18719617494446, "time_cost": 72.926, "final_distance_cost": 1.811214084661856, "oscillation_cost": 19.347713654919044, "completition_cost": 0.0, "overshoot_cost": 52.01231742036458, "power_cost": 14.179476892089845, "noise_cost": 21.91047412290915, "n_waypoints_completed": 9, "tot_waypoints": 9}}
{"target": -182.45104035958917, "params": {"k_pid_pos": [0.5269470219889199, 0.0, 0.0], "k_pid_alt": [1.61917187612815, 0.0, 0.13156745121128], "k_pid_att": [25.694805584099967, 2.146147025076135, 0.22141885512011983], "k_pid_yaw": [0.5, 1e-06, 0.1], "k_pid_hsp": [0.09215156950909971, 0.0, 0.0], "k_pid_vsp": [128.27249951738378, 125.47839020318735, 1.1140398006670489]}, "datetime": {"datetime": "2025-08-12 05:01:41", "elapsed": 45380.56165289879, "delta": 19.671937227249146}, "costs": {"total_cost": 182.45104035958917, "time_cost": 72.884, "final_distance_cost": 1.822470418991853, "oscillation_cost": 19.608580839589067, "completition_cost": 0.0, "overshoot_cost": 52.00625310153676, "power_cost": 14.193077416992189, "noise_cost": 21.936658582479296, "n_waypoints_completed": 9, "tot_waypoints": 9}}
{"target": -181.7772218682526, "params": {"k_pid_pos": [0.526404025093396, 0.0, 0.0], "k_pid_alt": [1.614387926439339, 0.0, 0.13002185334305436], "k_pid_att": [25.814985486856152, 2.133247338380615, 0.22851952875509285], "k_pid_yaw": [0.5, 1e-06, 0.1], "k_pid_hsp": [0.09089105256145569, 0.0, 0.0], "k_pid_vsp": [128.36497218717096, 124.6156509207518, 1.117183814667559]}, "datetime": {"datetime": "2025-08-12 05:01:59", "elapsed": 45399.166192770004, "delta": 18.60453987121582}, "costs": {"total_cost": 181.7772218682526, "time_cost": 72.933, "final_distance_cost": 1.8303336949948996, "oscillation_cost": 19.231431808119417, "completition_cost": 0.0, "overshoot_cost": 51.67618885030555, "power_cost": 14.191224670410158, "noise_cost": 21.91504284442257, "n_waypoints_completed": 9, "tot_waypoints": 9}}
{"target": -182.27455929002846, "params": {"k_pid_pos": [0.5284025857955367, 0.0, 0.0], "k_pid_alt": [1.6136513420341225, 0.0, 0.13264643246192925], "k_pid_att": [23.507596957816038, 1.9856900716039438, 0.2211187111716604], "k_pid_yaw": [0.5, 1e-06, 0.1], "k_pid_hsp": [0.0932307975914365, 0.0, 0.0], "k_pid_vsp": [125.17503458528053, 125.66081604555646, 1.029646020897886]}, "datetime": {"datetime": "2025-08-12 05:02:19", "elapsed": 45418.71056222916, "delta": 19.54436945915222}, "costs": {"total_cost": 182.27455929002846, "time_cost": 72.828, "final_distance_cost": 1.8268045428341153, "oscillation_cost": 19.658105022035294, "completition_cost": 0.0, "overshoot_cost": 51.77717367231259, "power_cost": 14.203271777343751, "noise_cost": 21.981204275502716, "n_waypoints_completed": 9, "tot_waypoints": 9}}
{"target": -182.6145390349997, "params": {"k_pid_pos": [0.5203211831818025, 0.0, 0.0], "k_pid_alt": [1.6158182073717673, 0.0, 0.13115666843542798], "k_pid_att": [25.874254079203347, 2.1718321608174205, 0.2268992844505305], "k_pid_yaw": [0.5, 1e-06, 0.1], "k_pid_hsp": [0.09720540382050903, 0.0, 0.0], "k_pid_vsp": [128.0421068744317, 125.28130972608385, 1.143484088094728]}, "datetime": {"datetime": "2025-08-12 05:02:37", "elapsed": 45436.6587574482, "delta": 17.948195219039917}, "costs": {"total_cost": 182.6145390349997, "time_cost": 72.87, "final_distance_cost": 1.838227858432782, "oscillation_cost": 19.936330354041313, "completition_cost": 0.0, "overshoot_cost": 51.807035953910336, "power_cost": 14.190030700683595, "noise_cost": 21.972914167931673, "n_waypoints_completed": 9, "tot_waypoints": 9}}
{"target": -182.2128599388483, "params": {"k_pid_pos": [0.5224473979038314, 0.0, 0.0], "k_pid_alt": [1.6164943359633266, 0.0, 0.12235090569621558], "k_pid_att": [25.298261252763282, 2.2148512044642885, 0.2389193891777922], "k_pid_yaw": [0.5, 1e-06, 0.1], "k_pid_hsp": [0.09859254309264875, 0.0, 0.0], "k_pid_vsp": [128.26151238851037, 139.50133289105932, 0.97661787204614]}, "datetime": {"datetime": "2025-08-12 05:02:57", "elapsed": 45457.10775399208, "delta": 20.448996543884277}, "costs": {"total_cost": 182.2128599388483, "time_cost": 72.786, "final_distance_cost": 1.838122142646909, "oscillation_cost": 19.852155622485615, "completition_cost": 0.0, "overshoot_cost": 51.64816558033521, "power_cost": 14.210987841796875, "noise_cost": 21.87742875158369, "n_waypoints_completed": 9, "tot_waypoints": 9}}
{"target": -182.41849855615973, "params": {"k_pid_pos": [0.5339207850322645, 0.0, 0.0], "k_pid_alt": [1.6115950954078073, 0.0, 0.1235462036059152], "k_pid_att": [28.43464410415277, 2.0720303327905167, 0.24287536312755345], "k_pid_yaw": [0.5, 1e-06, 0.1], "k_pid_hsp": [0.08520591723019401, 0.0, 0.0], "k_pid_vsp": [128.81244938075554, 130.47257046468113, 1.123978954181117]}, "datetime": {"datetime": "2025-08-12 05:03:16", "elapsed": 45476.05109620094, "delta": 18.943342208862305}, "costs": {"total_cost": 182.41849855615973, "time_cost": 73.122, "final_distance_cost": 1.8234402917153711, "oscillation_cost": 19.256180903308458, "completition_cost": 0.0, "overshoot_cost": 52.05839804197656, "power_cost": 14.225464135742188, "noise_cost": 21.933015183417144, "n_waypoints_completed": 9, "tot_waypoints": 9}}
{"target": -182.18753184812374, "params": {"k_pid_pos": [0.5478396892728423, 2.4797633649067952e-05, 0.0], "k_pid_alt": [1.6081863626106778, 0.0, 0.09337474118541887], "k_pid_att": [25.713216321738265, 2.1802458617399427, 0.25171549555126416], "k_pid_yaw": [0.5, 1e-06, 0.1], "k_pid_hsp": [0.09154638116092029, 0.0, 0.0], "k_pid_vsp": [125.57349112490432, 126.00812004055352, 1.078853224998426]}, "datetime": {"datetime": "2025-08-12 05:03:37", "elapsed": 45496.400640010834, "delta": 20.349543809890747}, "costs": {"total_cost": 182.18753184812374, "time_cost": 72.583, "final_distance_cost": 1.8333806387183615, "oscillation_cost": 19.826926397478385, "completition_cost": 0.0, "overshoot_cost": 52.03304113787004, "power_cost": 14.141278576660158, "noise_cost": 21.76990509739675, "n_waypoints_completed": 9, "tot_waypoints": 9}}
{"target": -182.15635295554551, "params": {"k_pid_pos": [0.5270240315346969, 0.0, 0.0], "k_pid_alt": [1.6124932646785153, 0.0, 0.13297841644629396], "k_pid_att": [24.556152884134193, 2.1108153152090923, 0.24039050143717738], "k_pid_yaw": [0.5, 1e-06, 0.1], "k_pid_hsp": [0.09039815442388367, 0.0, 0.0], "k_pid_vsp": [127.92990317655358, 135.03376602063108, 1.0996505680849396]}, "datetime": {"datetime": "2025-08-12 05:03:55", "elapsed": 45514.43836283684, "delta": 18.03772282600403}, "costs": {"total_cost": 182.15635295554551, "time_cost": 72.961, "final_distance_cost": 1.828705401997423, "oscillation_cost": 19.176597119957492, "completition_cost": 0.0, "overshoot_cost": 52.0362961842731, "power_cost": 14.255338391113282, "noise_cost": 21.898415858204245, "n_waypoints_completed": 9, "tot_waypoints": 9}}
{"target": -182.21293937548072, "params": {"k_pid_pos": [0.5247623017019143, 0.0, 0.0], "k_pid_alt": [1.6142047364151324, 0.0, 0.12700018440265878], "k_pid_att": [25.874234339546867, 2.2020075321801613, 0.21701180690720048], "k_pid_yaw": [0.5, 1e-06, 0.1], "k_pid_hsp": [0.09183608651794126, 0.0, 0.0], "k_pid_vsp": [131.18712643002343, 120.69864430895997, 1.2433344411832685]}, "datetime": {"datetime": "2025-08-12 05:04:14", "elapsed": 45533.72179937363, "delta": 19.28343653678894}, "costs": {"total_cost": 182.21293937548072, "time_cost": 72.926, "final_distance_cost": 1.8234217057628588, "oscillation_cost": 19.395333340185093, "completition_cost": 0.0, "overshoot_cost": 52.028647641138676, "power_cost": 14.132337402343751, "noise_cost": 21.907199286050336, "n_waypoints_completed": 9, "tot_waypoints": 9}}
{"target": -181.8580002850228, "params": {"k_pid_pos": [0.5245628921715517, 0.0, 0.0], "k_pid_alt": [1.6137924788545752, 0.0, 0.13604864026493987], "k_pid_att": [25.565891656049782, 2.131113067430197, 0.23260462470142285], "k_pid_yaw": [0.5, 1e-06, 0.1], "k_pid_hsp": [0.09131432397011317, 0.0, 0.0], "k_pid_vsp": [128.91636635414824, 124.45993467267085, 1.0973702877523364]}, "datetime": {"datetime": "2025-08-12 05:04:32", "elapsed": 45551.57559490204, "delta": 17.853795528411865}, "costs": {"total_cost": 181.8580002850228, "time_cost": 72.961, "final_distance_cost": 1.8131535860843997, "oscillation_cost": 19.18729605663234, "completition_cost": 0.0, "overshoot_cost": 51.78095386508766, "power_cost": 14.205689868164063, "noise_cost": 21.90990690905433, "n_waypoints_completed": 9, "tot_waypoints": 9}}
{"target": -182.77827942643833, "params": {"k_pid_pos": [0.527911263018108, 0.0, 0.0], "k_pid_alt": [1.615466601700742, 0.0, 0.12845606292993214], "k_pid_att": [20.809323691716948, 2.0805600542319, 0.2385265189159328], "k_pid_yaw": [0.5, 1e-06, 0.1], "k_pid_hsp": [0.09232449857421808, 0.0, 0.0], "k_pid_vsp": [125.94633227267123, 129.11892683766666, 1.106684685713468]}, "datetime": {"datetime": "2025-08-12 05:04:51", "elapsed": 45570.417528152466, "delta": 18.841933250427246}, "costs": {"total_cost": 182.77827942643833, "time_cost": 72.863, "final_distance_cost": 1.8215397999391099, "oscillation_cost": 19.71805619182626, "completition_cost": 0.0, "overshoot_cost": 52.17977421961848, "power_cost": 14.254903979492187, "noise_cost": 21.941005235562294, "n_waypoints_completed": 9, "tot_waypoints": 9}}
{"target": -182.3444164855032, "params": {"k_pid_pos": [0.5261454764721976, 0.0, 0.0], "k_pid_alt": [1.6152939718301114, 0.0, 0.1520770895614288], "k_pid_att": [23.00277737459264, 2.1176355180772304, 0.21892560083559925], "k_pid_yaw": [0.5, 1e-06, 0.1], "k_pid_hsp": [0.09067917946201652, 0.0, 0.0], "k_pid_vsp": [132.71002297056972, 122.88150087896301, 1.5429675192626044]}, "datetime": {"datetime": "2025-08-12 05:05:10", "elapsed": 45589.415929079056, "delta": 18.998400926589966}, "costs": {"total_cost": 182.3444164855032, "time_cost": 72.982, "final_distance_cost": 1.8379459704966798, "oscillation_cost": 19.296487963643763, "completition_cost": 0.0, "overshoot_cost": 51.924435783739185, "power_cost": 14.226261682128907, "noise_cost": 22.07728508549469, "n_waypoints_completed": 9, "tot_waypoints": 9}}
{"target": -181.969706463099, "params": {"k_pid_pos": [0.5307160579612907, 0.0, 0.0], "k_pid_alt": [1.6141841502999434, 0.0, 0.08672740657634453], "k_pid_att": [26.522245932095487, 2.1806536222026436, 0.23176942582877885], "k_pid_yaw": [0.5, 1e-06, 0.1], "k_pid_hsp": [0.09322778256685657, 0.0, 0.0], "k_pid_vsp": [129.63106403268276, 119.8139949122656, 5.555480924995383]}, "datetime": {"datetime": "2025-08-12 05:05:32", "elapsed": 45611.50033402443, "delta": 22.084404945373535}, "costs": {"total_cost": 181.969706463099, "time_cost": 72.765, "final_distance_cost": 1.8354814463897182, "oscillation_cost": 19.385329161124563, "completition_cost": 0.0, "overshoot_cost": 51.86872622490119, "power_cost": 14.2305271484375, "noise_cost": 21.88464248224601, "n_waypoints_completed": 9, "tot_waypoints": 9}}
{"target": -182.05381953988376, "params": {"k_pid_pos": [0.5247494303582522, 0.0, 0.0], "k_pid_alt": [1.6249068682830654, 0.0, 0.1433823586055981], "k_pid_att": [26.753580849966028, 2.037474856600379, 0.20516147550168184], "k_pid_yaw": [0.5, 1e-06, 0.1], "k_pid_hsp": [0.0907348797458908, 0.0, 0.0], "k_pid_vsp": [127.98788827435969, 143.47283307539035, 1.3979614937450753]}, "datetime": {"datetime": "2025-08-12 05:05:51", "elapsed": 45630.957797050476, "delta": 19.457463026046753}, "costs": {"total_cost": 182.05381953988376, "time_cost": 72.97500000000001, "final_distance_cost": 1.820480919446059, "oscillation_cost": 19.183626107122954, "completition_cost": 0.0, "overshoot_cost": 51.77591680647462, "power_cost": 14.243106835937501, "noise_cost": 22.05568887090263, "n_waypoints_completed": 9, "tot_waypoints": 9}}
{"target": -182.58499746569484, "params": {"k_pid_pos": [0.6282019116562815, 0.0044104068860628415, 0.0003650897812961449], "k_pid_alt": [1.6417137516072429, 0.0, 0.13314366477256162], "k_pid_att": [25.562660662544197, 2.0856811518643217, 0.2546298425647511], "k_pid_yaw": [0.5, 1e-06, 0.1], "k_pid_hsp": [0.09941955557045949, 0.0005469171511279743, 0.0], "k_pid_vsp": [128.30598301293253, 137.95304089937275, 1.4150746319202308]}, "datetime": {"datetime": "2025-08-12 05:06:11", "elapsed": 45650.77692890167, "delta": 19.81913185119629}, "costs": {"total_cost": 182.58499746569484, "time_cost": 71.46300000000001, "final_distance_cost": 1.808637672023222, "oscillation_cost": 22.05450602691905, "completition_cost": 0.0, "overshoot_cost": 51.634380378441364, "power_cost": 14.200622216796877, "noise_cost": 21.42385117151432, "n_waypoints_completed": 9, "tot_waypoints": 9}}
