{"target": -181.80554901113697, "params": {"k_pid_pos": [0.5246951724426545, 0.0, 0.0], "k_pid_alt": [1.6136411590841246, 0.0, 0.14821273909884683], "k_pid_att": [25.953864790532073, 2.1306403285993807, 0.2185787846266449], "k_pid_yaw": [0.5, 1e-06, 0.1], "k_pid_hsp": [0.09173948035653752, 0.0, 0.0], "k_pid_vsp": [127.65930005495598, 122.30743488510285, 1.0917902233211036]}, "datetime": {"datetime": "2025-08-12 01:26:09", "elapsed": 32448.681631565094, "delta": 19.497905731201172}, "costs": {"total_cost": 181.80554901113697, "time_cost": 72.95400000000001, "final_distance_cost": 1.8148665281756045, "oscillation_cost": 19.188171918345482, "completition_cost": 0.0, "overshoot_cost": 51.74747020722089, "power_cost": 14.195600036621094, "noise_cost": 21.905440320773906, "n_waypoints_completed": 9, "tot_waypoints": 9}}
{"target": -182.26366980080405, "params": {"k_pid_pos": [0.5245483021147074, 0.0, 0.0], "k_pid_alt": [1.611958595727431, 0.0, 0.14986642538272432], "k_pid_att": [25.110234386453673, 2.3504943786664683, 0.22265659541056926], "k_pid_yaw": [0.5, 1e-06, 0.1], "k_pid_hsp": [0.09041177606599358, 0.0, 0.0], "k_pid_vsp": [127.03490557957508, 133.25059869087778, 1.3407904933557462]}, "datetime": {"datetime": "2025-08-12 01:26:27", "elapsed": 32467.117103099823, "delta": 18.435471534729004}, "costs": {"total_cost": 182.26366980080405, "time_cost": 73.01, "final_distance_cost": 1.823916080130689, "oscillation_cost": 19.243098446946277, "completition_cost": 0.0, "overshoot_cost": 51.93052693370729, "power_cost": 14.225624670410157, "noise_cost": 22.03050366960963, "n_waypoints_completed": 9, "tot_waypoints": 9}}
{"target": -182.47788939495936, "params": {"k_pid_pos": [0.5370496449620549, 0.0, 0.0], "k_pid_alt": [1.6094441780601556, 0.0, 0.14992607795257093], "k_pid_att": [24.659952308938546, 2.0240896185445423, 0.22497873752383968], "k_pid_yaw": [0.5, 1e-06, 0.1], "k_pid_hsp": [0.09174674838806528, 0.0, 0.0], "k_pid_vsp": [128.1564266635059, 120.28263388346781, 1.0800509955443731]}, "datetime": {"datetime": "2025-08-12 01:26:46", "elapsed": 32486.18684196472, "delta": 19.06973886489868}, "costs": {"total_cost": 182.47788939495936, "time_cost": 72.786, "final_distance_cost": 1.8340089514243472, "oscillation_cost": 19.633651678844483, "completition_cost": 0.0, "overshoot_cost": 52.127999812965044, "power_cost": 14.251101464843751, "noise_cost": 21.845127486881733, "n_waypoints_completed": 9, "tot_waypoints": 9}}
{"target": -182.69149684746333, "params": {"k_pid_pos": [0.524342037305237, 0.0, 0.0], "k_pid_alt": [1.6171026026305866, 0.0, 0.11403305927658086], "k_pid_att": [25.028964957663458, 2.1132239882942323, 0.20108796054913056], "k_pid_yaw": [0.5, 1e-06, 0.1], "k_pid_hsp": [0.093397063666057, 0.0, 0.0], "k_pid_vsp": [135.9825037429656, 70.55885438040016, 3.223463305191401]}, "datetime": {"datetime": "2025-08-12 01:27:05", "elapsed": 32505.183938741684, "delta": 18.99709677696228}, "costs": {"total_cost": 182.69149684746333, "time_cost": 72.95400000000001, "final_distance_cost": 1.8335088894522493, "oscillation_cost": 19.421282100103603, "completition_cost": 0.0, "overshoot_cost": 52.26696567123935, "power_cost": 14.224961840820313, "noise_cost": 21.990778345847772, "n_waypoints_completed": 9, "tot_waypoints": 9}}
{"target": -182.74010990736033, "params": {"k_pid_pos": [0.5815058358066663, 0.0, 0.0], "k_pid_alt": [1.6121289790052704, 0.0, 0.15893653531364893], "k_pid_att": [25.532468535329677, 2.2772676257556257, 0.2485418433677583], "k_pid_yaw": [0.5, 1e-06, 0.1], "k_pid_hsp": [0.10529101541545192, 0.0, 0.0], "k_pid_vsp": [125.75160223966385, 240.60093549983773, 0.7827341831307619]}, "datetime": {"datetime": "2025-08-12 01:27:24", "elapsed": 32523.707678318024, "delta": 18.52373957633972}, "costs": {"total_cost": 182.74010990736033, "time_cost": 71.883, "final_distance_cost": 1.8212693728971303, "oscillation_cost": 21.62285757763684, "completition_cost": 0.0, "overshoot_cost": 51.678119467914996, "power_cost": 14.267859692382814, "noise_cost": 21.467003796528555, "n_waypoints_completed": 9, "tot_waypoints": 9}}
{"target": -182.978888903805, "params": {"k_pid_pos": [0.6073522292899322, 0.0065829569469952175, 0.0002905853388084429], "k_pid_alt": [1.5967767480946788, 0.0, 0.15923362484564293], "k_pid_att": [25.769242023006683, 2.248631093668587, 0.15904667473891024], "k_pid_yaw": [0.5, 1e-06, 0.1], "k_pid_hsp": [0.102264114319146, 0.0005583410040999176, 0.0], "k_pid_vsp": [126.02586093464694, 124.54220046860979, 1.2677607930364991]}, "datetime": {"datetime": "2025-08-12 01:27:42", "elapsed": 32541.694983243942, "delta": 17.98730492591858}, "costs": {"total_cost": 182.978888903805, "time_cost": 71.638, "final_distance_cost": 1.8257636807503161, "oscillation_cost": 22.025783177105335, "completition_cost": 0.0, "overshoot_cost": 51.775773745442294, "power_cost": 14.200597583007813, "noise_cost": 21.51297071749926, "n_waypoints_completed": 9, "tot_waypoints": 9}}
{"target": -183.76168163126576, "params": {"k_pid_pos": [0.528982095168944, 0.0, 0.0], "k_pid_alt": [1.6221821808657686, 0.0, 0.16093453793602208], "k_pid_att": [27.803151732580595, 2.1309793920467395, 0.04917990258360472], "k_pid_yaw": [0.5, 1e-06, 0.1], "k_pid_hsp": [0.09570211829349486, 0.0, 0.0], "k_pid_vsp": [127.88945638171822, 113.04537784194684, 1.0945296639477207]}, "datetime": {"datetime": "2025-08-12 01:28:01", "elapsed": 32561.131990909576, "delta": 19.437007665634155}, "costs": {"total_cost": 183.76168163126576, "time_cost": 72.772, "final_distance_cost": 1.819821761166525, "oscillation_cost": 21.168520883432734, "completition_cost": 0.0, "overshoot_cost": 51.843196528824585, "power_cost": 14.240994873046876, "noise_cost": 21.917147584795043, "n_waypoints_completed": 9, "tot_waypoints": 9}}
{"target": -182.49869808856033, "params": {"k_pid_pos": [0.5244395365457092, 0.0, 0.0], "k_pid_alt": [1.605322045216557, 0.0, 0.14787964569198453], "k_pid_att": [26.6285089289897, 2.109306859051644, 0.24988615891674654], "k_pid_yaw": [0.5, 1e-06, 0.1], "k_pid_hsp": [0.09314092510051378, 0.0, 0.0], "k_pid_vsp": [127.08624593926467, 123.01647993893089, 1.1092201336926084]}, "datetime": {"datetime": "2025-08-12 01:28:20", "elapsed": 32579.84034347534, "delta": 18.70835256576538}, "costs": {"total_cost": 182.49869808856033, "time_cost": 72.926, "final_distance_cost": 1.8343313053680672, "oscillation_cost": 19.618256006846863, "completition_cost": 0.0, "overshoot_cost": 52.05202404744362, "power_cost": 14.16190535888672, "noise_cost": 21.906181370015066, "n_waypoints_completed": 9, "tot_waypoints": 9}}
{"target": -182.2987455214896, "params": {"k_pid_pos": [0.5236287942025899, 0.0, 0.0], "k_pid_alt": [1.6065061279410364, 0.0, 0.13932398099104293], "k_pid_att": [25.922719296902258, 2.1754479449609203, 0.21809800299440893], "k_pid_yaw": [0.5, 1e-06, 0.1], "k_pid_hsp": [0.09150785085743306, 0.0, 0.0], "k_pid_vsp": [135.64597954201204, 168.59940762481637, 1.0733786164239447]}, "datetime": {"datetime": "2025-08-12 01:28:39", "elapsed": 32599.20415043831, "delta": 19.36380696296692}, "costs": {"total_cost": 182.2987455214896, "time_cost": 72.97500000000001, "final_distance_cost": 1.8175033104020695, "oscillation_cost": 19.19913256849102, "completition_cost": 0.0, "overshoot_cost": 51.94603425321474, "power_cost": 14.300960241699219, "noise_cost": 22.060115147682517, "n_waypoints_completed": 9, "tot_waypoints": 9}}
{"target": -182.41396658964783, "params": {"k_pid_pos": [0.5212881807719892, 0.0, 0.0], "k_pid_alt": [1.6083898891304886, 0.0, 0.19038099062639394], "k_pid_att": [25.226729172798855, 2.155430226392097, 0.22465619860696537], "k_pid_yaw": [0.5, 1e-06, 0.1], "k_pid_hsp": [0.09203453401356886, 0.0, 0.0], "k_pid_vsp": [129.87311811748145, 112.3094077396508, 1.2250633833190292]}, "datetime": {"datetime": "2025-08-12 01:28:58", "elapsed": 32617.425550937653, "delta": 18.221400499343872}, "costs": {"total_cost": 182.41396658964783, "time_cost": 73.07300000000001, "final_distance_cost": 1.8160677454556469, "oscillation_cost": 19.230484353813374, "completition_cost": 0.0, "overshoot_cost": 52.084792911782934, "power_cost": 14.213199572753908, "noise_cost": 21.996422005841975, "n_waypoints_completed": 9, "tot_waypoints": 9}}
{"target": -182.40642622501886, "params": {"k_pid_pos": [0.5198743926057134, 0.0, 0.0], "k_pid_alt": [1.6064552512316734, 0.0, 0.15366058891949239], "k_pid_att": [25.52937103782031, 2.2718786531655137, 0.21732867117672403], "k_pid_yaw": [0.5, 1e-06, 0.1], "k_pid_hsp": [0.09451786574963927, 0.0, 0.0], "k_pid_vsp": [122.86188458088269, 123.79432916239442, 1.0284253106971233]}, "datetime": {"datetime": "2025-08-12 01:29:17", "elapsed": 32636.632539749146, "delta": 19.20698881149292}, "costs": {"total_cost": 182.40642622501886, "time_cost": 72.95400000000001, "final_distance_cost": 1.8326855401723536, "oscillation_cost": 19.36193210953748, "completition_cost": 0.0, "overshoot_cost": 52.183225653420536, "power_cost": 14.179862219238283, "noise_cost": 21.894720702650208, "n_waypoints_completed": 9, "tot_waypoints": 9}}
{"target": -182.54225293580964, "params": {"k_pid_pos": [0.5273775776426719, 0.0, 0.0], "k_pid_alt": [1.5903666112007873, 0.0, 0.1419079345578441], "k_pid_att": [26.035360958674485, 2.245514115581296, 0.11551780498260263], "k_pid_yaw": [0.5, 1e-06, 0.1], "k_pid_hsp": [0.09167860662140348, 0.0, 0.0], "k_pid_vsp": [127.99094234016327, 117.69283770770994, 0.9919286222868327]}, "datetime": {"datetime": "2025-08-12 01:29:35", "elapsed": 32655.152983665466, "delta": 18.5204439163208}, "costs": {"total_cost": 182.54225293580964, "time_cost": 72.912, "final_distance_cost": 1.8234212028697456, "oscillation_cost": 19.777369661449452, "completition_cost": 0.0, "overshoot_cost": 51.92746467824625, "power_cost": 14.151275134277345, "noise_cost": 21.950722258966838, "n_waypoints_completed": 9, "tot_waypoints": 9}}
{"target": -188.31005167327265, "params": {"k_pid_pos": [0.551602865251799, 0.0, 0.0], "k_pid_alt": [1.619335583192139, 0.0, 0.15660422714784986], "k_pid_att": [27.184930826563352, 2.110901211012235, 0.36598272062227144], "k_pid_yaw": [0.5, 1e-06, 0.1], "k_pid_hsp": [0.061518811418463874, 0.0, 0.0], "k_pid_vsp": [136.9715736212963, 96.69919822600843, 6.423416370368842]}, "datetime": {"datetime": "2025-08-12 01:29:55", "elapsed": 32674.949151277542, "delta": 19.796167612075806}, "costs": {"total_cost": 188.31005167327265, "time_cost": 77.217, "final_distance_cost": 1.8183760341389366, "oscillation_cost": 17.0204623947519, "completition_cost": 0.0, "overshoot_cost": 54.040236148317994, "power_cost": 14.810113928222657, "noise_cost": 23.403863167841156, "n_waypoints_completed": 9, "tot_waypoints": 9}}
{"target": -182.2517917470079, "params": {"k_pid_pos": [0.5241728886255634, 0.0, 0.0], "k_pid_alt": [1.6103637800804944, 0.0, 0.14836803536531032], "k_pid_att": [27.69444407285815, 2.144507299826734, 0.18845699591282639], "k_pid_yaw": [0.5, 1e-06, 0.1], "k_pid_hsp": [0.08904679305995575, 0.0, 0.0], "k_pid_vsp": [137.3067015776319, 110.9645538841066, 1e-06]}, "datetime": {"datetime": "2025-08-12 01:30:14", "elapsed": 32693.738338947296, "delta": 18.78918766975403}, "costs": {"total_cost": 182.2517917470079, "time_cost": 73.07300000000001, "final_distance_cost": 1.8200284649171192, "oscillation_cost": 19.127473491093262, "completition_cost": 0.0, "overshoot_cost": 52.08466941292983, "power_cost": 14.161572741699219, "noise_cost": 21.985047636368478, "n_waypoints_completed": 9, "tot_waypoints": 9}}
{"target": -183.34130164048415, "params": {"k_pid_pos": [0.5269957601139329, 0.0, 0.0], "k_pid_alt": [1.564324585249926, 0.0, 0.14392485298765767], "k_pid_att": [26.802596123980695, 2.137018891414032, 0.1735623855652741], "k_pid_yaw": [0.5, 1e-06, 0.1], "k_pid_hsp": [0.07591560905646466, 0.0, 0.0], "k_pid_vsp": [132.92345145828705, 121.32801072360958, 1.431004267224901]}, "datetime": {"datetime": "2025-08-12 01:30:33", "elapsed": 32712.655158519745, "delta": 18.91681957244873}, "costs": {"total_cost": 183.34130164048415, "time_cost": 74.095, "final_distance_cost": 1.8062895377736663, "oscillation_cost": 17.879842728130118, "completition_cost": 0.0, "overshoot_cost": 52.857170523772545, "power_cost": 14.384939099121095, "noise_cost": 22.318059751686754, "n_waypoints_completed": 9, "tot_waypoints": 9}}
{"target": -182.20545798740372, "params": {"k_pid_pos": [0.5284982768165778, 0.0, 0.0], "k_pid_alt": [1.573686802729846, 0.0, 0.146647612654006], "k_pid_att": [25.117854768384646, 2.2244358566704205, 0.17163415688755762], "k_pid_yaw": [0.5, 1e-06, 0.1], "k_pid_hsp": [0.09011573335844097, 0.0, 0.0], "k_pid_vsp": [132.8221534626006, 120.97672608011077, 2.606158463654281]}, "datetime": {"datetime": "2025-08-12 01:30:51", "elapsed": 32730.91752767563, "delta": 18.26236915588379}, "costs": {"total_cost": 182.20545798740372, "time_cost": 72.996, "final_distance_cost": 1.8232255142758602, "oscillation_cost": 19.185188872805416, "completition_cost": 0.0, "overshoot_cost": 51.938988368788394, "power_cost": 14.20401591796875, "noise_cost": 22.058039313565313, "n_waypoints_completed": 9, "tot_waypoints": 9}}
{"target": -182.8340386771951, "params": {"k_pid_pos": [0.6037307509904971, 0.0, 0.0], "k_pid_alt": [1.631547300939741, 0.0, 0.13297060847030256], "k_pid_att": [25.60729262077635, 2.4058638610785903, 0.21869517674201228], "k_pid_yaw": [0.5, 1e-06, 0.1], "k_pid_hsp": [0.09229972835360244, 0.0, 0.0], "k_pid_vsp": [133.43633218822234, 110.6332164795197, 0.5709752739951401]}, "datetime": {"datetime": "2025-08-12 01:31:11", "elapsed": 32750.978326797485, "delta": 20.06079912185669}, "costs": {"total_cost": 182.8340386771951, "time_cost": 71.981, "final_distance_cost": 1.8191025852507228, "oscillation_cost": 21.24451546549132, "completition_cost": 0.0, "overshoot_cost": 52.02876012558606, "power_cost": 14.145199792480469, "noise_cost": 21.61546070838654, "n_waypoints_completed": 9, "tot_waypoints": 9}}
{"target": -182.58022726381336, "params": {"k_pid_pos": [0.5337741391639234, 0.0, 0.0], "k_pid_alt": [1.595705492398621, 0.0, 0.15621684977988937], "k_pid_att": [26.330769505320294, 2.1143916170953974, 0.20695477803574847], "k_pid_yaw": [0.5, 1e-06, 0.1], "k_pid_hsp": [0.08698895001904855, 0.0, 0.0], "k_pid_vsp": [125.64390408720351, 120.29402488968915, 0.5807941553245421]}, "datetime": {"datetime": "2025-08-12 01:31:29", "elapsed": 32769.19584774971, "delta": 18.21752095222473}, "costs": {"total_cost": 182.58022726381336, "time_cost": 73.066, "final_distance_cost": 1.830581248171904, "oscillation_cost": 19.28417184698305, "completition_cost": 0.0, "overshoot_cost": 52.22521810440609, "power_cost": 14.216380444335938, "noise_cost": 21.957875619916393, "n_waypoints_completed": 9, "tot_waypoints": 9}}
{"target": -183.10376086140155, "params": {"k_pid_pos": [0.4644103001440112, 0.0, 0.0], "k_pid_alt": [1.6103570501863376, 0.0, 0.16970724137224602], "k_pid_att": [26.16839058251018, 2.066796884423168, 0.3464810559154326], "k_pid_yaw": [0.5, 1e-06, 0.1], "k_pid_hsp": [0.08895638663740453, 0.0, 0.0], "k_pid_vsp": [127.3360187174157, 119.95537684874795, 0.3038958582554958]}, "datetime": {"datetime": "2025-08-12 01:31:49", "elapsed": 32788.53450512886, "delta": 19.33865737915039}, "costs": {"total_cost": 183.10376086140155, "time_cost": 74.221, "final_distance_cost": 1.8297614562236197, "oscillation_cost": 17.856262978647695, "completition_cost": 0.0, "overshoot_cost": 52.341029608912635, "power_cost": 14.363213342285157, "noise_cost": 22.49249347533244, "n_waypoints_completed": 9, "tot_waypoints": 9}}
{"target": -183.5958446293211, "params": {"k_pid_pos": [0.7221650495192147, 0.0, 0.0], "k_pid_alt": [1.6096612838426603, 0.0, 0.0030541561556844746], "k_pid_att": [26.03428618361898, 1.7471739834661846, 0.2166847948963242], "k_pid_yaw": [0.5, 1e-06, 0.1], "k_pid_hsp": [0.09112888428808644, 0.0, 0.0], "k_pid_vsp": [130.13383867143443, 123.12275706588504, 2.095012957144923]}, "datetime": {"datetime": "2025-08-12 01:32:07", "elapsed": 32806.59437441826, "delta": 18.059869289398193}, "costs": {"total_cost": 183.5958446293211, "time_cost": 71.20400000000001, "final_distance_cost": 1.8020068980015327, "oscillation_cost": 23.265215345965125, "completition_cost": 0.0, "overshoot_cost": 51.94801413841271, "power_cost": 14.134998010253907, "noise_cost": 21.241610236687844, "n_waypoints_completed": 9, "tot_waypoints": 9}}
{"target": -182.63985176570893, "params": {"k_pid_pos": [0.5242550742964248, 0.0, 0.0], "k_pid_alt": [1.5257352360711944, 0.0, 0.15120741506171045], "k_pid_att": [26.57976198009227, 2.1203879517264403, 0.2349520650129768], "k_pid_yaw": [0.5, 1e-06, 0.1], "k_pid_hsp": [0.10216901553098151, 0.0, 0.0], "k_pid_vsp": [104.92330066067159, 116.77544005415307, 1.9419138257846906]}, "datetime": {"datetime": "2025-08-12 01:32:25", "elapsed": 32824.95624113083, "delta": 18.36186671257019}, "costs": {"total_cost": 182.63985176570893, "time_cost": 72.83500000000001, "final_distance_cost": 1.8405903265150731, "oscillation_cost": 20.044740653483064, "completition_cost": 0.0, "overshoot_cost": 51.58664929049547, "power_cost": 14.329238623046876, "noise_cost": 22.00363287216842, "n_waypoints_completed": 9, "tot_waypoints": 9}}
{"target": -183.91756589390707, "params": {"k_pid_pos": [0.5329439907733237, 0.0, 0.0], "k_pid_alt": [1.7076303220483893, 0.0, 0.14580678291093083], "k_pid_att": [25.869855256961195, 2.09904646207968, 0.15385783951342968], "k_pid_yaw": [0.5, 1e-06, 0.1], "k_pid_hsp": [0.07346492121632399, 0.0, 0.0], "k_pid_vsp": [133.5110804106801, 128.39714731326498, 2.1800506040153205]}, "datetime": {"datetime": "2025-08-12 01:32:44", "elapsed": 32844.18337082863, "delta": 19.227129697799683}, "costs": {"total_cost": 183.91756589390707, "time_cost": 74.235, "final_distance_cost": 1.8286020952254318, "oscillation_cost": 18.09945520077449, "completition_cost": 0.0, "overshoot_cost": 52.85298256499955, "power_cost": 14.431964941406251, "noise_cost": 22.46956109150135, "n_waypoints_completed": 9, "tot_waypoints": 9}}
{"target": -182.3642002417429, "params": {"k_pid_pos": [0.5258130055687249, 0.0, 0.0], "k_pid_alt": [1.5278687611576698, 0.0, 0.03860163098726781], "k_pid_att": [26.450289937869144, 2.072694013221814, 0.22415012290159406], "k_pid_yaw": [0.5, 1e-06, 0.1], "k_pid_hsp": [0.09258990183111794, 0.0, 0.0], "k_pid_vsp": [129.99328749551225, 104.87340189814186, 1.2143121251002433]}, "datetime": {"datetime": "2025-08-12 01:33:03", "elapsed": 32862.62339711189, "delta": 18.44002628326416}, "costs": {"total_cost": 182.3642002417429, "time_cost": 72.849, "final_distance_cost": 1.8319998378656663, "oscillation_cost": 19.531701498878526, "completition_cost": 0.0, "overshoot_cost": 52.02072218009942, "power_cost": 14.155190551757814, "noise_cost": 21.975586173141476, "n_waypoints_completed": 9, "tot_waypoints": 9}}
{"target": -182.4722067918494, "params": {"k_pid_pos": [0.526981854478991, 0.0, 0.0], "k_pid_alt": [1.6098486773711875, 0.0, 0.1514665026950264], "k_pid_att": [25.412279076804765, 2.3031145985448567, 0.22136091282409837], "k_pid_yaw": [0.5, 1e-06, 0.1], "k_pid_hsp": [0.08821570913361826, 0.0, 0.0], "k_pid_vsp": [123.48624164479087, 119.3585102560518, 1.0814300607266452]}, "datetime": {"datetime": "2025-08-12 01:33:22", "elapsed": 32881.78854942322, "delta": 19.165152311325073}, "costs": {"total_cost": 182.4722067918494, "time_cost": 73.059, "final_distance_cost": 1.8369832443657634, "oscillation_cost": 19.147098289563264, "completition_cost": 0.0, "overshoot_cost": 52.24940850324758, "power_cost": 14.218221594238281, "noise_cost": 21.961495160434506, "n_waypoints_completed": 9, "tot_waypoints": 9}}
{"target": -182.63206106571295, "params": {"k_pid_pos": [0.5451567054207987, 0.0, 0.0], "k_pid_alt": [1.6459219068099082, 0.0, 0.11923669747438134], "k_pid_att": [27.664396090281652, 2.1787484228626592, 0.21399962081933], "k_pid_yaw": [0.5, 1e-06, 0.1], "k_pid_hsp": [0.10498410166843493, 0.0, 0.0], "k_pid_vsp": [118.79932603821734, 120.1717726667634, 1.1880532408812436]}, "datetime": {"datetime": "2025-08-12 01:33:42", "elapsed": 32901.42453169823, "delta": 19.635982275009155}, "costs": {"total_cost": 182.63206106571295, "time_cost": 72.331, "final_distance_cost": 1.8334201995403259, "oscillation_cost": 20.573547724557557, "completition_cost": 0.0, "overshoot_cost": 51.840925562461344, "power_cost": 14.24627529296875, "noise_cost": 21.806892286184958, "n_waypoints_completed": 9, "tot_waypoints": 9}}
{"target": -182.76913238637687, "params": {"k_pid_pos": [0.5403657823622269, 0.0, 0.0], "k_pid_alt": [1.6018335461005322, 0.0, 0.1618601546759924], "k_pid_att": [26.874871987824264, 2.322655944820104, 0.22063478887695753], "k_pid_yaw": [0.5, 1e-06, 0.1], "k_pid_hsp": [0.09343801477095463, 0.0, 0.0], "k_pid_vsp": [127.14461080655651, 117.92960615250081, 1.2374179507879162]}, "datetime": {"datetime": "2025-08-12 01:34:00", "elapsed": 32920.01715707779, "delta": 18.592625379562378}, "costs": {"total_cost": 182.76913238637687, "time_cost": 72.702, "final_distance_cost": 1.8212564658508883, "oscillation_cost": 20.0557181043492, "completition_cost": 0.0, "overshoot_cost": 52.090305990112455, "power_cost": 14.210828967285156, "noise_cost": 21.889022858779178, "n_waypoints_completed": 9, "tot_waypoints": 9}}
