{"target": -182.3918367481015, "params": {"k_pid_pos": [0.5216261124150351, 0.0, 0.0], "k_pid_alt": [1.6138686034308516, 0.0, 0.13713710835380213], "k_pid_att": [24.00911958539708, 2.1641597198971607, 0.21544858507579454], "k_pid_yaw": [0.5, 1e-06, 0.1], "k_pid_hsp": [0.09558908412780465, 0.0, 0.0], "k_pid_vsp": [131.09352738926987, 129.4252470523594, 1.2799981441903696]}, "datetime": {"datetime": "2025-08-12 00:27:13", "elapsed": 28913.309015989304, "delta": 18.36128067970276}, "costs": {"total_cost": 182.3918367481015, "time_cost": 72.877, "final_distance_cost": 1.8213272937498761, "oscillation_cost": 19.79370700539467, "completition_cost": 0.0, "overshoot_cost": 51.786199501287236, "power_cost": 14.183632678222656, "noise_cost": 21.92997026944707, "n_waypoints_completed": 9, "tot_waypoints": 9}}
{"target": -183.22305443935596, "params": {"k_pid_pos": [0.4574467239407637, 0.0, 0.0], "k_pid_alt": [1.5826290005462436, 0.0, 0.2591328445020498], "k_pid_att": [24.351218442508593, 2.16165593975729, 0.2898269293308696], "k_pid_yaw": [0.5, 1e-06, 0.1], "k_pid_hsp": [0.08244709028182357, 0.0, 0.0], "k_pid_vsp": [142.07033300224435, 126.97515244953966, 1.2947326379093969]}, "datetime": {"datetime": "2025-08-12 00:27:32", "elapsed": 28932.069908857346, "delta": 18.760892868041992}, "costs": {"total_cost": 183.22305443935596, "time_cost": 74.84400000000001, "final_distance_cost": 1.8320331544213908, "oscillation_cost": 17.187003233344026, "completition_cost": 0.0, "overshoot_cost": 52.34382572436718, "power_cost": 14.432142297363281, "noise_cost": 22.58405002986005, "n_waypoints_completed": 9, "tot_waypoints": 9}}
{"target": -182.79583013161675, "params": {"k_pid_pos": [0.6038758199265147, 0.0, 0.0], "k_pid_alt": [1.629695037151758, 0.0, 0.1520329690154746], "k_pid_att": [23.340121522111584, 2.2622256552048463, 0.12395694437505314], "k_pid_yaw": [0.5, 1e-06, 0.1], "k_pid_hsp": [0.09338585436633655, 0.0, 0.0], "k_pid_vsp": [128.70712805324808, 116.68186711510717, 1.1145003945645935]}, "datetime": {"datetime": "2025-08-12 00:27:51", "elapsed": 28950.461833000183, "delta": 18.391924142837524}, "costs": {"total_cost": 182.79583013161675, "time_cost": 71.93900000000001, "final_distance_cost": 1.8145415124777755, "oscillation_cost": 21.296423633184784, "completition_cost": 0.0, "overshoot_cost": 51.895474871911624, "power_cost": 14.162715234375, "noise_cost": 21.687674879667565, "n_waypoints_completed": 9, "tot_waypoints": 9}}
{"target": -183.76723861747703, "params": {"k_pid_pos": [0.9155261675738484, 0.0, 0.0], "k_pid_alt": [1.623986757642979, 0.0, 0.15414493191583506], "k_pid_att": [23.29460306235875, 2.0912578068895433, 0.22045263985731497], "k_pid_yaw": [0.5, 1e-06, 0.1], "k_pid_hsp": [0.17321820875856841, 0.0, 0.0], "k_pid_vsp": [123.46398572432275, 115.07328397436619, 3.2755609521528655]}, "datetime": {"datetime": "2025-08-12 00:28:09", "elapsed": 28968.3953332901, "delta": 17.933500289916992}, "costs": {"total_cost": 183.76723861747703, "time_cost": 69.391, "final_distance_cost": 1.8284332478703385, "oscillation_cost": 27.402122966064148, "completition_cost": 0.0, "overshoot_cost": 50.168281913753155, "power_cost": 14.25776024169922, "noise_cost": 20.71964024809014, "n_waypoints_completed": 9, "tot_waypoints": 9}}
{"target": -188.44236140320538, "params": {"k_pid_pos": [0.35862963884498517, 3.6815499998860775e-05, 0.0], "k_pid_alt": [1.5714081302578828, 0.0, 0.09696936850949565], "k_pid_att": [23.26711697130478, 2.0975789266755664, 0.23932241191325165], "k_pid_yaw": [0.5, 1e-06, 0.1], "k_pid_hsp": [0.09151838087721284, 0.0, 0.0], "k_pid_vsp": [123.8779616500077, 126.31045393654404, 1.3501045974657795]}, "datetime": {"datetime": "2025-08-12 00:28:28", "elapsed": 28988.213673830032, "delta": 19.81834053993225}, "costs": {"total_cost": 188.44236140320538, "time_cost": 78.372, "final_distance_cost": 1.852877549832956, "oscillation_cost": 16.027577238792315, "completition_cost": 0.0, "overshoot_cost": 52.885379512147296, "power_cost": 15.023497399902345, "noise_cost": 24.281029702530464, "n_waypoints_completed": 9, "tot_waypoints": 9}}
{"target": -182.50710589727655, "params": {"k_pid_pos": [0.514930322250616, 0.0, 0.0], "k_pid_alt": [1.6023146956322112, 0.0, 0.14081645498289203], "k_pid_att": [33.504793198586256, 2.1150893844807332, 0.22928132139032167], "k_pid_yaw": [0.5, 1e-06, 0.1], "k_pid_hsp": [0.0910756038635666, 0.0, 0.0], "k_pid_vsp": [127.22068240195799, 163.1600918655149, 0.7514214177772673]}, "datetime": {"datetime": "2025-08-12 00:28:48", "elapsed": 29007.40408039093, "delta": 19.190406560897827}, "costs": {"total_cost": 182.50710589727655, "time_cost": 73.129, "final_distance_cost": 1.8391650848081573, "oscillation_cost": 19.153784796824304, "completition_cost": 0.0, "overshoot_cost": 52.19517088164539, "power_cost": 14.276423095703125, "noise_cost": 21.91356203829553, "n_waypoints_completed": 9, "tot_waypoints": 9}}
{"target": -182.23105837702292, "params": {"k_pid_pos": [0.5263476049464029, 0.0, 0.0], "k_pid_alt": [1.6159888611472002, 0.0, 0.17842817148550408], "k_pid_att": [25.89250855353645, 3.173059585877324, 0.23100997087218295], "k_pid_yaw": [0.5, 1e-06, 0.1], "k_pid_hsp": [0.08954803457541848, 0.0, 0.0], "k_pid_vsp": [145.73996619803367, 84.86372505282452, 1.52571497997093]}, "datetime": {"datetime": "2025-08-12 00:29:06", "elapsed": 29026.31094765663, "delta": 18.906867265701294}, "costs": {"total_cost": 182.23105837702292, "time_cost": 73.108, "final_distance_cost": 1.8124068575613477, "oscillation_cost": 19.334449275712668, "completition_cost": 0.0, "overshoot_cost": 51.76844358682136, "power_cost": 14.205327758789064, "noise_cost": 22.002430898138456, "n_waypoints_completed": 9, "tot_waypoints": 9}}
{"target": -182.9031674666309, "params": {"k_pid_pos": [0.5304462940716488, 0.0, 0.0], "k_pid_alt": [1.6039472036011673, 0.0, 0.14978788175998053], "k_pid_att": [24.305144476740455, 2.080897379621095, 0.2042930882136743], "k_pid_yaw": [0.5, 1e-06, 0.1], "k_pid_hsp": [0.09115399820619458, 0.0, 0.0], "k_pid_vsp": [127.83134126219257, 117.37297871023571, 1.1932114453332225]}, "datetime": {"datetime": "2025-08-12 00:29:24", "elapsed": 29044.365967035294, "delta": 18.05501937866211}, "costs": {"total_cost": 182.9031674666309, "time_cost": 72.891, "final_distance_cost": 1.832645164624426, "oscillation_cost": 19.67456303794424, "completition_cost": 0.0, "overshoot_cost": 52.342543037146605, "power_cost": 14.229079418945313, "noise_cost": 21.933336807970306, "n_waypoints_completed": 9, "tot_waypoints": 9}}
{"target": -182.1706499343609, "params": {"k_pid_pos": [0.5335296617142086, 0.0, 0.0], "k_pid_alt": [1.6134959515593343, 0.0, 0.13804492989541656], "k_pid_att": [17.159582415246263, 4.296954957114681, 0.2023435544137247], "k_pid_yaw": [0.5, 1e-06, 0.1], "k_pid_hsp": [0.0926721252765495, 0.0, 0.0], "k_pid_vsp": [123.75761794728254, 154.26111572725142, 1.0495948854292392]}, "datetime": {"datetime": "2025-08-12 00:29:43", "elapsed": 29063.359406471252, "delta": 18.993439435958862}, "costs": {"total_cost": 182.1706499343609, "time_cost": 72.723, "final_distance_cost": 1.8200825850436833, "oscillation_cost": 19.792572464316894, "completition_cost": 0.0, "overshoot_cost": 51.67174935203993, "power_cost": 14.271272009277345, "noise_cost": 21.89197352368308, "n_waypoints_completed": 9, "tot_waypoints": 9}}
{"target": -182.3732240428783, "params": {"k_pid_pos": [0.5164336295279399, 0.0, 0.0], "k_pid_alt": [1.6205157642573607, 0.0, 0.1369797102497141], "k_pid_att": [22.55137116409885, 2.012651561056073, 0.3174679003141286], "k_pid_yaw": [0.5, 1e-06, 0.1], "k_pid_hsp": [0.0902340081627114, 0.0, 0.0], "k_pid_vsp": [129.3006001492564, 118.23282027330812, 0.9985258386239856]}, "datetime": {"datetime": "2025-08-12 00:30:01", "elapsed": 29081.105786561966, "delta": 17.7463800907135}, "costs": {"total_cost": 182.3732240428783, "time_cost": 73.129, "final_distance_cost": 1.8377834393933192, "oscillation_cost": 18.86918134182179, "completition_cost": 0.0, "overshoot_cost": 52.41780556533276, "power_cost": 14.17202060546875, "noise_cost": 21.947433090861658, "n_waypoints_completed": 9, "tot_waypoints": 9}}
{"target": -182.60404320160185, "params": {"k_pid_pos": [0.5188055042777832, 0.0, 0.0], "k_pid_alt": [1.6596254974794322, 0.0, 0.09694061244582791], "k_pid_att": [26.67181359966803, 2.172444701942476, 0.17215141178431362], "k_pid_yaw": [0.5, 1e-06, 0.1], "k_pid_hsp": [0.08567542389212117, 0.0, 0.0], "k_pid_vsp": [134.56503552166112, 85.63885941544953, 0.4456757555630566]}, "datetime": {"datetime": "2025-08-12 00:30:20", "elapsed": 29099.668674230576, "delta": 18.56288766860962}, "costs": {"total_cost": 182.60404320160185, "time_cost": 73.255, "final_distance_cost": 1.8146151704371525, "oscillation_cost": 18.733238170447112, "completition_cost": 0.0, "overshoot_cost": 52.565603654755904, "power_cost": 14.174226135253907, "noise_cost": 22.061360070707792, "n_waypoints_completed": 9, "tot_waypoints": 9}}
{"target": -182.53287387740113, "params": {"k_pid_pos": [0.5365767564303984, 0.0, 0.0], "k_pid_alt": [1.6124271961514205, 0.0, 0.04391266584341828], "k_pid_att": [26.194920964356577, 2.097435716018407, 0.21514609553848518], "k_pid_yaw": [0.5, 1e-06, 0.1], "k_pid_hsp": [0.10506205272582154, 0.0, 0.0], "k_pid_vsp": [122.97558376698846, 233.76079378574676, 2.3466654463797356]}, "datetime": {"datetime": "2025-08-12 00:30:38", "elapsed": 29117.74118232727, "delta": 18.072508096694946}, "costs": {"total_cost": 182.53287387740113, "time_cost": 72.422, "final_distance_cost": 1.8305399511056237, "oscillation_cost": 20.823973848997966, "completition_cost": 0.0, "overshoot_cost": 51.415972558204395, "power_cost": 14.31620546875, "noise_cost": 21.72418205034312, "n_waypoints_completed": 9, "tot_waypoints": 9}}
{"target": -182.96672214892493, "params": {"k_pid_pos": [0.5780571387219928, 0.001838316087834685, 0.0007138354112139576], "k_pid_alt": [1.5931789822776516, 0.0, 0.21777183580558998], "k_pid_att": [23.921790634784227, 1.9000489161380711, 0.32525195826410896], "k_pid_yaw": [0.5, 1e-06, 0.1], "k_pid_hsp": [0.07767794776838949, 0.0014199600967766289, 0.0], "k_pid_vsp": [127.30564689002294, 121.90518506546155, 1.2222112784056332]}, "datetime": {"datetime": "2025-08-12 00:30:56", "elapsed": 29136.299531698227, "delta": 18.55834937095642}, "costs": {"total_cost": 182.96672214892493, "time_cost": 73.29, "final_distance_cost": 1.820145121143381, "oscillation_cost": 19.479474366726944, "completition_cost": 0.0, "overshoot_cost": 52.27039054564936, "power_cost": 14.219158776855469, "noise_cost": 21.887553338549758, "n_waypoints_completed": 9, "tot_waypoints": 9}}
{"target": -183.24903866772232, "params": {"k_pid_pos": [0.5509445584856649, 0.0, 0.0], "k_pid_alt": [1.5904393202006974, 0.0, 0.12204705138535207], "k_pid_att": [27.62543134334535, 1.9745074693500664, 0.3954300227527494], "k_pid_yaw": [0.5, 1e-06, 0.1], "k_pid_hsp": [0.08133141191095261, 0.0, 0.0], "k_pid_vsp": [126.06773514229249, 127.02209581290417, 1.1047514516940475]}, "datetime": {"datetime": "2025-08-12 00:31:16", "elapsed": 29155.784720897675, "delta": 19.485189199447632}, "costs": {"total_cost": 183.24903866772232, "time_cost": 73.227, "final_distance_cost": 1.8038547885185807, "oscillation_cost": 18.986249619693773, "completition_cost": 0.0, "overshoot_cost": 52.90286857436604, "power_cost": 14.3082380859375, "noise_cost": 22.020827599206438, "n_waypoints_completed": 9, "tot_waypoints": 9}}
{"target": -182.0540820351439, "params": {"k_pid_pos": [0.5249189818788431, 0.0, 0.0], "k_pid_alt": [1.6012938496559477, 0.0, 0.13764643604964705], "k_pid_att": [22.20360290231213, 2.043688809335533, 0.22918288227728106], "k_pid_yaw": [0.5, 1e-06, 0.1], "k_pid_hsp": [0.09150418163502631, 0.0, 0.0], "k_pid_vsp": [132.18174326734496, 135.80319591425467, 1.2530215715326056]}, "datetime": {"datetime": "2025-08-12 00:31:34", "elapsed": 29174.243892669678, "delta": 18.459171772003174}, "costs": {"total_cost": 182.0540820351439, "time_cost": 72.968, "final_distance_cost": 1.835010448149041, "oscillation_cost": 19.32731073263911, "completition_cost": 0.0, "overshoot_cost": 51.816741992541374, "power_cost": 14.20744071044922, "noise_cost": 21.89957815136515, "n_waypoints_completed": 9, "tot_waypoints": 9}}
{"target": -182.0993210487627, "params": {"k_pid_pos": [0.5221333769867657, 0.0, 0.0], "k_pid_alt": [1.5721134578729294, 0.0, 0.13613691468364061], "k_pid_att": [24.290916510368486, 2.1091549986655465, 0.22369777785506523], "k_pid_yaw": [0.5, 1e-06, 0.1], "k_pid_hsp": [0.09188936572296696, 0.0, 0.0], "k_pid_vsp": [136.132172709587, 185.05985604393717, 1.3475374522787777]}, "datetime": {"datetime": "2025-08-12 00:31:53", "elapsed": 29192.779158592224, "delta": 18.535265922546387}, "costs": {"total_cost": 182.0993210487627, "time_cost": 73.017, "final_distance_cost": 1.8387762318108762, "oscillation_cost": 19.1663332879074, "completition_cost": 0.0, "overshoot_cost": 51.839746808465854, "power_cost": 14.261532336425782, "noise_cost": 21.9759323841528, "n_waypoints_completed": 9, "tot_waypoints": 9}}
{"target": -182.66343301101148, "params": {"k_pid_pos": [0.5248679035062315, 0.0, 0.0], "k_pid_alt": [1.5620709980591236, 0.0, 0.1498562568562402], "k_pid_att": [25.38509602593469, 2.1365549196380895, 0.24635037170783702], "k_pid_yaw": [0.5, 1e-06, 0.1], "k_pid_hsp": [0.09433799148532919, 0.0, 0.0], "k_pid_vsp": [131.53051791704965, 127.54234374971088, 1.3595519516668464]}, "datetime": {"datetime": "2025-08-12 00:32:11", "elapsed": 29210.4016623497, "delta": 17.622503757476807}, "costs": {"total_cost": 182.66343301101148, "time_cost": 72.926, "final_distance_cost": 1.8287224897973153, "oscillation_cost": 19.810152792797442, "completition_cost": 0.0, "overshoot_cost": 51.9914644285632, "power_cost": 14.197336328125001, "noise_cost": 21.909756971728527, "n_waypoints_completed": 9, "tot_waypoints": 9}}
{"target": -182.5140387631265, "params": {"k_pid_pos": [0.5222763056721926, 0.0, 0.0], "k_pid_alt": [1.6048699589721036, 0.0, 0.1410335213423884], "k_pid_att": [24.41363790914567, 2.055730948184345, 0.2313566810388483], "k_pid_yaw": [0.5, 1e-06, 0.1], "k_pid_hsp": [0.09640265190525808, 0.0, 0.0], "k_pid_vsp": [131.18338753512452, 122.58843700930382, 1.4690657710574833]}, "datetime": {"datetime": "2025-08-12 00:32:29", "elapsed": 29229.118623495102, "delta": 18.716961145401}, "costs": {"total_cost": 182.5140387631265, "time_cost": 72.877, "final_distance_cost": 1.8317851477766403, "oscillation_cost": 19.83010640862922, "completition_cost": 0.0, "overshoot_cost": 51.84469462641044, "power_cost": 14.182997131347657, "noise_cost": 21.947455448962558, "n_waypoints_completed": 9, "tot_waypoints": 9}}
{"target": -182.42913776040118, "params": {"k_pid_pos": [0.5206970405686909, 0.0, 0.0], "k_pid_alt": [1.5448549156678457, 0.0, 0.1432380350183965], "k_pid_att": [26.653401765130326, 1.9355197315538784, 0.159535458436107], "k_pid_yaw": [0.5, 1e-06, 0.1], "k_pid_hsp": [0.09289262389862245, 0.0, 0.0], "k_pid_vsp": [134.8772658011216, 146.33927876948866, 0.9707360654865236]}, "datetime": {"datetime": "2025-08-12 00:32:49", "elapsed": 29249.16375541687, "delta": 20.04513192176819}, "costs": {"total_cost": 182.42913776040118, "time_cost": 73.031, "final_distance_cost": 1.8215329052600766, "oscillation_cost": 19.291534504427773, "completition_cost": 0.0, "overshoot_cost": 52.00183370774803, "power_cost": 14.25538944091797, "noise_cost": 22.027847202047322, "n_waypoints_completed": 9, "tot_waypoints": 9}}
{"target": -182.77237747513573, "params": {"k_pid_pos": [0.7085046129918993, 0.0, 0.0], "k_pid_alt": [1.6567634785762178, 0.0, 0.1139740352646001], "k_pid_att": [22.971113203184842, 1.9668173079661782, 0.34052461964515846], "k_pid_yaw": [0.5, 1e-06, 0.1], "k_pid_hsp": [0.11130952869534863, 0.0, 0.0], "k_pid_vsp": [106.24797639047338, 97.77036045921228, 2.6813383322758026]}, "datetime": {"datetime": "2025-08-12 00:33:07", "elapsed": 29266.890306711197, "delta": 17.726551294326782}, "costs": {"total_cost": 182.77237747513573, "time_cost": 70.672, "final_distance_cost": 1.8186817444056227, "oscillation_cost": 23.67973820628845, "completition_cost": 0.0, "overshoot_cost": 51.36098200880916, "power_cost": 14.172799096679688, "noise_cost": 21.068176418952802, "n_waypoints_completed": 9, "tot_waypoints": 9}}
{"target": -182.50781541507246, "params": {"k_pid_pos": [0.5358440481989307, 0.0, 0.0], "k_pid_alt": [1.6338139631473008, 0.0, 0.1337348753313523], "k_pid_att": [24.516609390279367, 2.211209961789875, 0.185444879939732], "k_pid_yaw": [0.5, 1e-06, 0.1], "k_pid_hsp": [0.09972377163923715, 0.0, 0.0], "k_pid_vsp": [128.5627779334866, 91.40027281769619, 2.412257290995962]}, "datetime": {"datetime": "2025-08-12 00:33:26", "elapsed": 29286.11692762375, "delta": 19.22662091255188}, "costs": {"total_cost": 182.50781541507246, "time_cost": 72.604, "final_distance_cost": 1.837363171005872, "oscillation_cost": 20.231715914082802, "completition_cost": 0.0, "overshoot_cost": 51.78561815486121, "power_cost": 14.199363500976563, "noise_cost": 21.84975467414601, "n_waypoints_completed": 9, "tot_waypoints": 9}}
{"target": -183.46714097602373, "params": {"k_pid_pos": [0.517084089529003, 0.0, 0.0], "k_pid_alt": [1.7331640274202247, 0.0, 0.15415486989537755], "k_pid_att": [23.643313586549276, 1.325900056614803, 0.15235586556682884], "k_pid_yaw": [0.5, 1e-06, 0.1], "k_pid_hsp": [0.11736155737703739, 0.0, 0.0], "k_pid_vsp": [132.91506680744618, 117.84156615742587, 1.7835345865161583]}, "datetime": {"datetime": "2025-08-12 00:33:45", "elapsed": 29304.663988113403, "delta": 18.54706048965454}, "costs": {"total_cost": 183.46714097602373, "time_cost": 72.905, "final_distance_cost": 1.8438606641980972, "oscillation_cost": 21.195753431667807, "completition_cost": 0.0, "overshoot_cost": 51.133099948027414, "power_cost": 14.269777905273438, "noise_cost": 22.119649026856955, "n_waypoints_completed": 9, "tot_waypoints": 9}}
{"target": -182.05508646796775, "params": {"k_pid_pos": [0.5276523745337619, 0.0, 0.0], "k_pid_alt": [1.5166832640172512, 0.0, 0.1459575804049969], "k_pid_att": [24.284340177059814, 2.1119167332976243, 0.24209822372150924], "k_pid_yaw": [0.5, 1e-06, 0.1], "k_pid_hsp": [0.08976735134453355, 0.0, 0.0], "k_pid_vsp": [110.65631500888175, 122.5675000624964, 2.206077087138235]}, "datetime": {"datetime": "2025-08-12 00:34:04", "elapsed": 29323.807939291, "delta": 19.143951177597046}, "costs": {"total_cost": 182.05508646796775, "time_cost": 73.066, "final_distance_cost": 1.819267376689105, "oscillation_cost": 19.148015494628716, "completition_cost": 0.0, "overshoot_cost": 51.9188332493322, "power_cost": 14.177133142089845, "noise_cost": 21.92583720522787, "n_waypoints_completed": 9, "tot_waypoints": 9}}
{"target": -182.35677890469594, "params": {"k_pid_pos": [0.5501126776900476, 0.0, 0.0], "k_pid_alt": [1.6198842078022215, 0.0, 0.12024525354070124], "k_pid_att": [24.223277069481192, 2.13597434843504, 0.22593508268151233], "k_pid_yaw": [0.5, 1e-06, 0.1], "k_pid_hsp": [0.09156759263538711, 0.0, 0.0], "k_pid_vsp": [120.64298335370142, 128.58950006532254, 0.7512157639254063]}, "datetime": {"datetime": "2025-08-12 00:34:22", "elapsed": 29341.764162540436, "delta": 17.956223249435425}, "costs": {"total_cost": 182.35677890469594, "time_cost": 72.57600000000001, "final_distance_cost": 1.8172941989860456, "oscillation_cost": 19.91724624277281, "completition_cost": 0.0, "overshoot_cost": 52.079258201063325, "power_cost": 14.200690344238282, "noise_cost": 21.76628991763544, "n_waypoints_completed": 9, "tot_waypoints": 9}}
{"target": -182.53413486514876, "params": {"k_pid_pos": [0.5534557781380478, 0.0, 0.0], "k_pid_alt": [1.5819883814701972, 0.0, 0.08579266363045535], "k_pid_att": [23.032935565876677, 1.7308716179054073, 0.19877198470997196], "k_pid_yaw": [0.5, 1e-06, 0.1], "k_pid_hsp": [0.0973604318886269, 0.0, 0.0], "k_pid_vsp": [146.66289151157207, 132.24491862129886, 0.2760381856287638]}, "datetime": {"datetime": "2025-08-12 00:34:41", "elapsed": 29361.027800798416, "delta": 19.263638257980347}, "costs": {"total_cost": 182.53413486514876, "time_cost": 72.33800000000001, "final_distance_cost": 1.834064537960377, "oscillation_cost": 20.37888209411108, "completition_cost": 0.0, "overshoot_cost": 51.944312988619366, "power_cost": 14.229013537597657, "noise_cost": 21.80986170686027, "n_waypoints_completed": 9, "tot_waypoints": 9}}
{"target": -182.9463215149424, "params": {"k_pid_pos": [0.5936314799201666, 0.0, 0.0], "k_pid_alt": [1.5944801739627454, 0.0, 0.1328454118275442], "k_pid_att": [24.203564733503708, 2.079446649253796, 0.2483866945144136], "k_pid_yaw": [0.5, 1e-06, 0.1], "k_pid_hsp": [0.08152926748901626, 0.0, 0.0], "k_pid_vsp": [129.78102340995227, 111.25934811511887, 2.484956963323275]}, "datetime": {"datetime": "2025-08-12 00:35:00", "elapsed": 29379.65805912018, "delta": 18.630258321762085}, "costs": {"total_cost": 182.9463215149424, "time_cost": 72.8, "final_distance_cost": 1.8252842206978237, "oscillation_cost": 19.83143617867927, "completition_cost": 0.0, "overshoot_cost": 52.315173478568575, "power_cost": 14.227087158203126, "noise_cost": 21.947340478793624, "n_waypoints_completed": 9, "tot_waypoints": 9}}
{"target": -182.5362181541346, "params": {"k_pid_pos": [0.4818892586088081, 0.0, 0.0], "k_pid_alt": [1.5984430529617626, 0.0, 0.09314609905234958], "k_pid_att": [23.97693115414479, 1.98232422893608, 0.24157868603380214], "k_pid_yaw": [0.5, 1e-06, 0.1], "k_pid_hsp": [0.09112806059166012, 0.0, 0.0], "k_pid_vsp": [128.7126891058312, 105.68971506037386, 2.0840110780433507]}, "datetime": {"datetime": "2025-08-12 00:35:19", "elapsed": 29398.50270795822, "delta": 18.844648838043213}, "costs": {"total_cost": 182.5362181541346, "time_cost": 73.696, "final_distance_cost": 1.8236543192193198, "oscillation_cost": 18.493258802804643, "completition_cost": 0.0, "overshoot_cost": 51.84770062958706, "power_cost": 14.275353393554688, "noise_cost": 22.40025100896887, "n_waypoints_completed": 9, "tot_waypoints": 9}}
