{"target": -192.6977313810895, "params": {"k_pid_pos": [0.660627722250278, 0.0, 0.0], "k_pid_alt": [1.5765811401615006, 0.0, 0.311122945912763], "k_pid_att": [26.292940414476988, 2.326188482227702, 0.15679289783979306], "k_pid_yaw": [0.5, 1e-06, 0.1], "k_pid_hsp": [0.05874068480933943, 0.0, 0.0], "k_pid_vsp": [146.81406329850662, 56.92341432816561, 2.13746494599743]}, "datetime": {"datetime": "2025-08-11 20:51:29", "elapsed": 15968.921583890915, "delta": 19.799612760543823}, "costs": {"total_cost": 192.6977313810895, "time_cost": 78.61, "final_distance_cost": 1.803756175032733, "oscillation_cost": 19.143997033572113, "completition_cost": 0.0, "overshoot_cost": 54.46236059180332, "power_cost": 14.962518212890625, "noise_cost": 23.715099367790703, "n_waypoints_completed": 9, "tot_waypoints": 9}}
{"target": -556.301959854696, "params": {"k_pid_pos": [0.1565790051275236, 0.0, 0.0], "k_pid_alt": [1.642954400140923, 0.0, 0.3762830869000324], "k_pid_att": [33.182726232426944, 3.6187471966846876, 0.16444411832986855], "k_pid_yaw": [0.5, 1e-06, 0.1], "k_pid_hsp": [0.09581454750642118, 0.0, 0.0], "k_pid_vsp": [127.0822450708364, 40.83207197905145, 2.401277039736536]}, "datetime": {"datetime": "2025-08-11 20:52:00", "elapsed": 15999.413197755814, "delta": 30.49161386489868}, "costs": {"total_cost": 556.301959854696, "time_cost": 150, "final_distance_cost": 67.98563498212755, "oscillation_cost": 8.377350021473875, "completition_cost": 222.2222222222222, "overshoot_cost": 53.48184589464148, "power_cost": 21.48572351074219, "noise_cost": 32.74918322348871, "n_waypoints_completed": 7, "tot_waypoints": 9}}
{"target": -184.8952026402193, "params": {"k_pid_pos": [0.8951163911685099, 0.0, 0.10751816989625329], "k_pid_alt": [1.6976144520560439, 0.0, 0.3958262908370057], "k_pid_att": [31.380033205669697, 1.7203478850595157, 0.15755068166208774], "k_pid_yaw": [0.5, 1e-06, 0.1], "k_pid_hsp": [0.09410927564475186, 0.0, 0.0], "k_pid_vsp": [148.673433478561, 51.153840157407785, 1.3048394306428708]}, "datetime": {"datetime": "2025-08-11 20:52:17", "elapsed": 16017.358318328857, "delta": 17.945120573043823}, "costs": {"total_cost": 184.8952026402193, "time_cost": 71.113, "final_distance_cost": 1.8070375865008672, "oscillation_cost": 24.797661594988796, "completition_cost": 0.0, "overshoot_cost": 51.8288376716906, "power_cost": 14.087015856933595, "noise_cost": 21.26164993010544, "n_waypoints_completed": 9, "tot_waypoints": 9}}
{"target": -184.70971997535332, "params": {"k_pid_pos": [0.6461662823432806, 0.0, 0.0], "k_pid_alt": [1.7012742979970137, 0.0, 0.4110570177535978], "k_pid_att": [38.564030751821974, 2.1235786274189916, 0.0], "k_pid_yaw": [0.5, 1e-06, 0.1], "k_pid_hsp": [0.0886107644482412, 0.0, 0.0], "k_pid_vsp": [151.51679444816153, 67.04800249727742, 0.2213854828781486]}, "datetime": {"datetime": "2025-08-11 20:52:36", "elapsed": 16035.724297523499, "delta": 18.365979194641113}, "costs": {"total_cost": 184.70971997535332, "time_cost": 72.247, "final_distance_cost": 1.8119703137153746, "oscillation_cost": 22.660744720547815, "completition_cost": 0.0, "overshoot_cost": 52.290454061665, "power_cost": 14.107158374023438, "noise_cost": 21.5923925054017, "n_waypoints_completed": 9, "tot_waypoints": 9}}
{"target": -195.0593247596065, "params": {"k_pid_pos": [0.85194356236828, 0.0, 0.07293402509065261], "k_pid_alt": [1.6958006863233337, 0.0, 0.35246995299361544], "k_pid_att": [29.245708117208416, 3.341461087542113, 0.11794843545764547], "k_pid_yaw": [0.5, 1e-06, 0.1], "k_pid_hsp": [0.053384358129057646, 0.0, 0.0], "k_pid_vsp": [165.2467169719793, 45.417562409220466, 4.347600590550151]}, "datetime": {"datetime": "2025-08-11 20:52:55", "elapsed": 16055.338866949081, "delta": 19.614569425582886}, "costs": {"total_cost": 195.0593247596065, "time_cost": 78.46300000000001, "final_distance_cost": 1.779376376812693, "oscillation_cost": 20.818504142777087, "completition_cost": 0.0, "overshoot_cost": 55.15344903931859, "power_cost": 15.062977343750001, "noise_cost": 23.78201785694812, "n_waypoints_completed": 9, "tot_waypoints": 9}}
{"target": -209.09912547157936, "params": {"k_pid_pos": [0.267025061705783, 0.0, 0.0], "k_pid_alt": [1.662195981445433, 0.0, 0.462141903123172], "k_pid_att": [21.911015064384657, 2.111050091421249, 0.24468856639338155], "k_pid_yaw": [0.5, 1e-06, 0.1], "k_pid_hsp": [0.09350416763933715, 0.0, 0.0], "k_pid_vsp": [104.94822338500015, 50.96087151676047, 1.2946352496435674]}, "datetime": {"datetime": "2025-08-11 20:53:19", "elapsed": 16078.54400396347, "delta": 23.205137014389038}, "costs": {"total_cost": 209.09912547157936, "time_cost": 91.217, "final_distance_cost": 1.8578780705249942, "oscillation_cost": 13.927564475119361, "completition_cost": 0.0, "overshoot_cost": 55.31128021582061, "power_cost": 17.1045271484375, "noise_cost": 29.680875561676874, "n_waypoints_completed": 9, "tot_waypoints": 9}}
{"target": -196.08393650069198, "params": {"k_pid_pos": [0.6462428366650715, 0.0, 0.0], "k_pid_alt": [1.8017924105293346, 0.0, 0.44005208204999635], "k_pid_att": [27.359420092896848, 2.352967804363402, 0.02053929288909534], "k_pid_yaw": [0.5, 1e-06, 0.1], "k_pid_hsp": [0.34970881338093357, 0.0, 0.0], "k_pid_vsp": [124.61484478034599, 41.088908608577604, 1.2406349049609848]}, "datetime": {"datetime": "2025-08-11 20:53:38", "elapsed": 16098.090891599655, "delta": 19.546887636184692}, "costs": {"total_cost": 196.08393650069198, "time_cost": 74.074, "final_distance_cost": 1.8559389491860594, "oscillation_cost": 31.531904893680487, "completition_cost": 0.0, "overshoot_cost": 50.78879956153778, "power_cost": 14.909520910644533, "noise_cost": 22.923772185643127, "n_waypoints_completed": 9, "tot_waypoints": 9}}
{"target": -182.61779440186427, "params": {"k_pid_pos": [0.6202243369952757, 0.0, 0.0], "k_pid_alt": [1.776859473364227, 0.0, 0.2955005064775514], "k_pid_att": [30.40619133119263, 2.0733331180721253, 0.182632130561502], "k_pid_yaw": [0.5, 1e-06, 0.1], "k_pid_hsp": [0.09886436425025479, 0.0, 0.0], "k_pid_vsp": [139.49507871253485, 52.99691055451737, 3.235103187288632]}, "datetime": {"datetime": "2025-08-11 20:53:56", "elapsed": 16115.981090784073, "delta": 17.890199184417725}, "costs": {"total_cost": 182.61779440186427, "time_cost": 71.89, "final_distance_cost": 1.8065579906657918, "oscillation_cost": 21.385389981859852, "completition_cost": 0.0, "overshoot_cost": 51.85895956891831, "power_cost": 14.089895727539064, "noise_cost": 21.586991132881256, "n_waypoints_completed": 9, "tot_waypoints": 9}}
{"target": -186.87281051117333, "params": {"k_pid_pos": [1.1672065167137942, 0.004148751823843177, 0.04810197379132447], "k_pid_alt": [1.6390430576976731, 0.0, 0.14649698237534675], "k_pid_att": [12.998852627639847, 3.237568672641532, 0.18038360165983344], "k_pid_yaw": [0.5, 1e-06, 0.1], "k_pid_hsp": [0.23363346131421991, 0.0, 0.0], "k_pid_vsp": [166.2950279619855, 86.0164531355595, 1e-06]}, "datetime": {"datetime": "2025-08-11 20:54:13", "elapsed": 16133.228150844574, "delta": 17.2470600605011}, "costs": {"total_cost": 186.87281051117333, "time_cost": 69.048, "final_distance_cost": 1.8200181084848304, "oscillation_cost": 30.544291245429584, "completition_cost": 0.0, "overshoot_cost": 50.1915813671777, "power_cost": 14.573872753906251, "noise_cost": 20.695047036174962, "n_waypoints_completed": 9, "tot_waypoints": 9}}
{"target": -183.27390550755328, "params": {"k_pid_pos": [0.6457561270714999, 0.0, 0.0], "k_pid_alt": [1.51352667813653, 0.0, 0.05242853227104072], "k_pid_att": [34.702175628132885, 2.1582484918014995, 0.13959414366942338], "k_pid_yaw": [0.5, 1e-06, 0.1], "k_pid_hsp": [0.11436368541781383, 0.0, 0.0], "k_pid_vsp": [164.52849547678696, 61.12944385911634, 2.3563009972628945]}, "datetime": {"datetime": "2025-08-11 20:54:31", "elapsed": 16150.878793001175, "delta": 17.650642156600952}, "costs": {"total_cost": 183.27390550755328, "time_cost": 71.34400000000001, "final_distance_cost": 1.8177966799282348, "oscillation_cost": 23.33458400080059, "completition_cost": 0.0, "overshoot_cost": 51.208576566232026, "power_cost": 14.113711584472657, "noise_cost": 21.45523667611975, "n_waypoints_completed": 9, "tot_waypoints": 9}}
{"target": -252.4858864834636, "params": {"k_pid_pos": [0.5832998745836836, 0.0, 0.0], "k_pid_alt": [1.6616918625569874, 0.0, 0.21997130797490558], "k_pid_att": [39.12004119946703, 2.209937257117489, 0.17294269462875334], "k_pid_yaw": [0.5, 1e-06, 0.1], "k_pid_hsp": [0.026603505344703154, 0.0, 0.0], "k_pid_vsp": [151.24536887728374, 43.05051155649156, 2.3593356707226936]}, "datetime": {"datetime": "2025-08-11 20:55:01", "elapsed": 16180.488981962204, "delta": 29.610188961029053}, "costs": {"total_cost": 252.4858864834636, "time_cost": 116.473, "final_distance_cost": 1.7993036759508638, "oscillation_cost": 10.280511206025063, "completition_cost": 0.0, "overshoot_cost": 67.588110285077, "power_cost": 21.139518859863283, "noise_cost": 35.20544245654739, "n_waypoints_completed": 9, "tot_waypoints": 9}}
{"target": -188.04159899060087, "params": {"k_pid_pos": [0.8962118211175836, 0.010173054105287987, 0.18086297507023857], "k_pid_alt": [1.5730186583182846, 0.0, 0.327043754677869], "k_pid_att": [36.87550783039478, 2.0886266369429483, 0.14764958067015482], "k_pid_yaw": [0.5, 1e-06, 0.1], "k_pid_hsp": [0.5705074326890303, 0.0, 0.0], "k_pid_vsp": [156.24596116161527, 62.02909771167868, 1.7255004789516515]}, "datetime": {"datetime": "2025-08-11 20:55:18", "elapsed": 16198.368996620178, "delta": 17.880014657974243}, "costs": {"total_cost": 188.04159899060087, "time_cost": 71.568, "final_distance_cost": 1.851420186954724, "oscillation_cost": 27.593776933379676, "completition_cost": 0.0, "overshoot_cost": 50.50153204869964, "power_cost": 14.627785864257813, "noise_cost": 21.899083957309024, "n_waypoints_completed": 9, "tot_waypoints": 9}}
{"target": -188.21687354251318, "params": {"k_pid_pos": [0.6474433480453047, 0.0008841845005068197, 0.02898527698385202], "k_pid_alt": [1.6302104999558942, 0.0, 0.3123889704128566], "k_pid_att": [52.62903241993676, 2.443168182754924, 0.193720015636779], "k_pid_yaw": [0.5, 1e-06, 0.1], "k_pid_hsp": [0.1961117833869056, 0.0, 0.0], "k_pid_vsp": [133.61557712707622, 68.29277293014681, 0.44068710104450615]}, "datetime": {"datetime": "2025-08-11 20:55:37", "elapsed": 16216.712481737137, "delta": 18.343485116958618}, "costs": {"total_cost": 188.21687354251318, "time_cost": 72.604, "final_distance_cost": 1.8387764217466007, "oscillation_cost": 26.299541557982618, "completition_cost": 0.0, "overshoot_cost": 50.903344084094556, "power_cost": 14.530700891113282, "noise_cost": 22.040510587576133, "n_waypoints_completed": 9, "tot_waypoints": 9}}
{"target": -183.30772347234947, "params": {"k_pid_pos": [0.6781908231553939, 0.0, 0.0], "k_pid_alt": [1.583987621826465, 0.0, 0.3114551986869649], "k_pid_att": [34.501793403875844, 2.3042699045734105, 0.19228045768281188], "k_pid_yaw": [0.5, 1e-06, 0.1], "k_pid_hsp": [0.11107184368902057, 0.0, 0.0], "k_pid_vsp": [126.56930593647058, 49.338023861055184, 1.861433558752057]}, "datetime": {"datetime": "2025-08-11 20:55:54", "elapsed": 16234.16540312767, "delta": 17.452921390533447}, "costs": {"total_cost": 183.30772347234947, "time_cost": 71.379, "final_distance_cost": 1.8114603109555265, "oscillation_cost": 23.38509281506376, "completition_cost": 0.0, "overshoot_cost": 51.381265698492044, "power_cost": 14.078136840820314, "noise_cost": 21.27276780701779, "n_waypoints_completed": 9, "tot_waypoints": 9}}
{"target": -189.23876296694698, "params": {"k_pid_pos": [0.6013709558140419, 0.0, 0.0], "k_pid_alt": [1.6204893063910946, 0.0, 0.35458616317239267], "k_pid_att": [33.805439937293556, 2.383038641932449, 0.264137523591776], "k_pid_yaw": [0.5, 1e-06, 0.1], "k_pid_hsp": [0.06392020594799502, 0.0, 0.0], "k_pid_vsp": [172.20321682338857, 52.022874248048815, 2.2711255947515854]}, "datetime": {"datetime": "2025-08-11 20:56:14", "elapsed": 16253.640596628189, "delta": 19.4751935005188}, "costs": {"total_cost": 189.23876296694698, "time_cost": 77.133, "final_distance_cost": 1.7859485702390945, "oscillation_cost": 18.33941796226585, "completition_cost": 0.0, "overshoot_cost": 54.038162968648884, "power_cost": 14.763948864746094, "noise_cost": 23.178284601047064, "n_waypoints_completed": 9, "tot_waypoints": 9}}
{"target": -183.71441312970614, "params": {"k_pid_pos": [0.5373266544116755, 0.0, 0.0], "k_pid_alt": [1.55670151260952, 0.0, 0.3810852676453819], "k_pid_att": [26.668465897788337, 2.4190043170640703, 0.15321635451254442], "k_pid_yaw": [0.5, 1e-06, 0.1], "k_pid_hsp": [0.08769871208859786, 0.0, 0.0], "k_pid_vsp": [160.79295328564808, 50.78978694088863, 1.4595212594009015]}, "datetime": {"datetime": "2025-08-11 20:56:32", "elapsed": 16272.296993732452, "delta": 18.656397104263306}, "costs": {"total_cost": 183.71441312970614, "time_cost": 73.612, "final_distance_cost": 1.8270290948325512, "oscillation_cost": 19.23640971618765, "completition_cost": 0.0, "overshoot_cost": 52.63494933779471, "power_cost": 14.256200646972657, "noise_cost": 22.14782433391859, "n_waypoints_completed": 9, "tot_waypoints": 9}}
{"target": -192.70720362172096, "params": {"k_pid_pos": [0.9151989937965714, 0.005859649762421973, 0.45454430851424865], "k_pid_alt": [1.819694996694515, 0.0, 0.32727260464744745], "k_pid_att": [34.978149821594144, 2.5515043861284767, 0.13188500491907024], "k_pid_yaw": [0.5, 1e-06, 0.1], "k_pid_hsp": [0.2807172947444163, 0.0005259675999421259, 0.0], "k_pid_vsp": [193.0865174023168, 47.63391654195634, 2.636394662968943]}, "datetime": {"datetime": "2025-08-11 20:56:51", "elapsed": 16290.705205917358, "delta": 18.408212184906006}, "costs": {"total_cost": 192.70720362172096, "time_cost": 75.026, "final_distance_cost": 1.8482654629593374, "oscillation_cost": 26.792788856121625, "completition_cost": 0.0, "overshoot_cost": 50.857462885094364, "power_cost": 14.968344543457032, "noise_cost": 23.21434187408862, "n_waypoints_completed": 9, "tot_waypoints": 9}}
{"target": -188.29397969821363, "params": {"k_pid_pos": [1.1470520284904355, 0.0, 0.0], "k_pid_alt": [1.6343841046228873, 0.0, 0.59292440755635], "k_pid_att": [32.74588692356316, 3.396322590699505, 0.12593242298605997], "k_pid_yaw": [0.5, 1e-06, 0.1], "k_pid_hsp": [0.12421939170331528, 0.0, 0.0], "k_pid_vsp": [128.43734448315325, 38.02848734684537, 0.9998365448548188]}, "datetime": {"datetime": "2025-08-11 20:57:08", "elapsed": 16308.346739292145, "delta": 17.641533374786377}, "costs": {"total_cost": 188.29397969821363, "time_cost": 70.56, "final_distance_cost": 1.7915380420557125, "oscillation_cost": 29.27718064333003, "completition_cost": 0.0, "overshoot_cost": 51.19730810266329, "power_cost": 14.437135949707033, "noise_cost": 21.03081696045758, "n_waypoints_completed": 9, "tot_waypoints": 9}}
{"target": -184.06106590254572, "params": {"k_pid_pos": [0.6425682156238377, 0.0, 0.0], "k_pid_alt": [1.5607727718327844, 0.0, 0.3689174988860372], "k_pid_att": [31.22928458347818, 2.4521039279959687, 0.162938116808998], "k_pid_yaw": [0.5, 1e-06, 0.1], "k_pid_hsp": [0.11914975289833193, 0.0, 0.0], "k_pid_vsp": [157.41013122778054, 50.77322180008553, 0.7443872073205351]}, "datetime": {"datetime": "2025-08-11 20:57:26", "elapsed": 16326.077716827393, "delta": 17.730977535247803}, "costs": {"total_cost": 184.06106590254572, "time_cost": 71.799, "final_distance_cost": 1.8152488750078015, "oscillation_cost": 23.105239673747814, "completition_cost": 0.0, "overshoot_cost": 51.58919046313297, "power_cost": 14.187328625488282, "noise_cost": 21.56505826516886, "n_waypoints_completed": 9, "tot_waypoints": 9}}
{"target": -184.68015471739793, "params": {"k_pid_pos": [0.7357419879220082, 0.0, 0.0], "k_pid_alt": [1.796558516246608, 0.0, 0.3835295472906523], "k_pid_att": [16.952356235245915, 2.182004704699331, 0.19766341842392154], "k_pid_yaw": [0.5, 1e-06, 0.1], "k_pid_hsp": [0.2184749992031947, 0.0, 0.0], "k_pid_vsp": [119.33690964860915, 50.05718459962221, 3.761007457697762]}, "datetime": {"datetime": "2025-08-11 20:57:44", "elapsed": 16343.888862133026, "delta": 17.811145305633545}, "costs": {"total_cost": 184.68015471739793, "time_cost": 70.658, "final_distance_cost": 1.8373869221972687, "oscillation_cost": 25.783987814959218, "completition_cost": 0.0, "overshoot_cost": 50.707932998740674, "power_cost": 14.290037597656251, "noise_cost": 21.402809383844534, "n_waypoints_completed": 9, "tot_waypoints": 9}}
{"target": -186.2203760463219, "params": {"k_pid_pos": [0.8416877488463719, 0.017714646768501336, 0.0034165977355046506], "k_pid_alt": [1.9856186426484252, 0.0, 0.28918125422589425], "k_pid_att": [20.4183844799185, 1.9411923865558078, 0.30464739550709125], "k_pid_yaw": [0.5, 1e-06, 0.1], "k_pid_hsp": [0.3792533905437331, 0.006468934506199223, 0.0], "k_pid_vsp": [146.7572438870548, 50.983121559239336, 3.8274850681289654]}, "datetime": {"datetime": "2025-08-11 20:58:02", "elapsed": 16361.714860916138, "delta": 17.825998783111572}, "costs": {"total_cost": 186.2203760463219, "time_cost": 70.133, "final_distance_cost": 1.8393846000171137, "oscillation_cost": 27.691830184576943, "completition_cost": 0.0, "overshoot_cost": 50.77922980137531, "power_cost": 14.497877941894531, "noise_cost": 21.279053518458, "n_waypoints_completed": 9, "tot_waypoints": 9}}
{"target": -183.36481206017905, "params": {"k_pid_pos": [0.6742554456847175, 0.0, 0.0], "k_pid_alt": [1.760354679397428, 0.0, 0.19054001499428636], "k_pid_att": [18.772616555496104, 2.1795017421763387, 0.1966791183391387], "k_pid_yaw": [0.5, 1e-06, 0.1], "k_pid_hsp": [0.1418641340611556, 0.0, 0.0], "k_pid_vsp": [144.17315599960332, 57.402244668650624, 3.894103239998251]}, "datetime": {"datetime": "2025-08-11 20:58:20", "elapsed": 16379.453354597092, "delta": 17.73849368095398}, "costs": {"total_cost": 183.36481206017905, "time_cost": 70.959, "final_distance_cost": 1.8399736269176392, "oscillation_cost": 23.938054091403835, "completition_cost": 0.0, "overshoot_cost": 50.965898702677094, "power_cost": 14.230771740722657, "noise_cost": 21.431113898457827, "n_waypoints_completed": 9, "tot_waypoints": 9}}
{"target": -182.54196894322303, "params": {"k_pid_pos": [0.5345536332099805, 0.0, 0.0], "k_pid_alt": [1.6405892704933132, 0.0, 0.1316450482965592], "k_pid_att": [27.249535300998, 2.237107718242861, 0.1931254399526085], "k_pid_yaw": [0.5, 1e-06, 0.1], "k_pid_hsp": [0.1005776263856497, 0.0, 0.0], "k_pid_vsp": [142.3905215787323, 53.82019266048793, 2.506541531050678]}, "datetime": {"datetime": "2025-08-11 20:58:38", "elapsed": 16397.632447481155, "delta": 18.17909288406372}, "costs": {"total_cost": 182.54196894322303, "time_cost": 72.758, "final_distance_cost": 1.8367371231177134, "oscillation_cost": 20.114772531270678, "completition_cost": 0.0, "overshoot_cost": 51.637131344747594, "power_cost": 14.199365759277345, "noise_cost": 21.995962184809695, "n_waypoints_completed": 9, "tot_waypoints": 9}}
{"target": -184.08441591301485, "params": {"k_pid_pos": [0.855274734664987, 0.0, 0.06597987905656603], "k_pid_alt": [1.631038946960246, 0.0, 0.14944766145818758], "k_pid_att": [27.545481532913172, 2.4359961195700017, 0.1959868269938166], "k_pid_yaw": [0.5, 1e-06, 0.1], "k_pid_hsp": [0.10362608031276663, 0.0, 0.0], "k_pid_vsp": [159.85017455761906, 50.254724996415796, 1e-06]}, "datetime": {"datetime": "2025-08-11 20:58:56", "elapsed": 16415.416756868362, "delta": 17.78430938720703}, "costs": {"total_cost": 184.08441591301485, "time_cost": 70.693, "final_distance_cost": 1.7951127136563596, "oscillation_cost": 24.643912267642037, "completition_cost": 0.0, "overshoot_cost": 51.68763993033683, "power_cost": 14.166854260253906, "noise_cost": 21.0978967411257, "n_waypoints_completed": 9, "tot_waypoints": 9}}
{"target": -183.24962789337442, "params": {"k_pid_pos": [0.6170768160706829, 0.0, 0.0], "k_pid_alt": [1.7109908716270539, 0.0, 0.3267635313108344], "k_pid_att": [21.883915819627187, 2.098482188348128, 0.2093191229143051], "k_pid_yaw": [0.5, 1e-06, 0.1], "k_pid_hsp": [0.1048234949621804, 0.0, 0.0], "k_pid_vsp": [98.2442753117505, 48.455430137289866, 0.08315587520019685]}, "datetime": {"datetime": "2025-08-11 20:59:13", "elapsed": 16432.919943332672, "delta": 17.503186464309692}, "costs": {"total_cost": 183.24962789337442, "time_cost": 71.778, "final_distance_cost": 1.8075163082887098, "oscillation_cost": 22.283206578949144, "completition_cost": 0.0, "overshoot_cost": 51.63784860005626, "power_cost": 14.145315356445312, "noise_cost": 21.597741049634983, "n_waypoints_completed": 9, "tot_waypoints": 9}}
{"target": -184.90347403801175, "params": {"k_pid_pos": [0.77290611534295, 0.0, 0.0], "k_pid_alt": [1.5570899887938252, 0.0, 0.1429183537398242], "k_pid_att": [28.636630429617835, 2.10605395764047, 0.20161911630139856], "k_pid_yaw": [0.5, 1e-06, 0.1], "k_pid_hsp": [0.22855447834835946, 0.0, 0.0], "k_pid_vsp": [110.58886499394893, 55.97872052057006, 1.3410647179868447]}, "datetime": {"datetime": "2025-08-11 20:59:32", "elapsed": 16451.95614504814, "delta": 19.03620171546936}, "costs": {"total_cost": 184.90347403801175, "time_cost": 70.406, "final_distance_cost": 1.838763716015438, "oscillation_cost": 26.054675487239738, "completition_cost": 0.0, "overshoot_cost": 50.88290107521937, "power_cost": 14.368308862304689, "noise_cost": 21.352824897232487, "n_waypoints_completed": 9, "tot_waypoints": 9}}
