{"target": -182.36784550435206, "params": {"k_pid_pos": [0.5233532737519675, 0.0, 0.0], "k_pid_alt": [1.605307976461813, 0.0, 0.1475383850286786], "k_pid_att": [36.401707141222126, 2.1388882587195908, 0.22762023678538704], "k_pid_yaw": [0.5, 1e-06, 0.1], "k_pid_hsp": [0.09051471052156583, 0.0, 0.0], "k_pid_vsp": [127.61777948120256, 122.57865315390477, 1.0852348189774537]}, "datetime": {"datetime": "2025-08-12 04:06:44", "elapsed": 42084.37314128876, "delta": 20.062939643859863}, "costs": {"total_cost": 182.36784550435206, "time_cost": 73.038, "final_distance_cost": 1.8114806246259025, "oscillation_cost": 19.143784427425935, "completition_cost": 0.0, "overshoot_cost": 52.12457060879372, "power_cost": 14.244964428710938, "noise_cost": 22.00504541479554, "n_waypoints_completed": 9, "tot_waypoints": 9}}
{"target": -182.18676482174186, "params": {"k_pid_pos": [0.5225426426742884, 0.0, 0.0], "k_pid_alt": [1.6139610886238265, 0.0, 0.1526192082712634], "k_pid_att": [26.187470064949263, 1.627730735361811, 0.22600620121666887], "k_pid_yaw": [0.5, 1e-06, 0.1], "k_pid_hsp": [0.09081635525343645, 0.0, 0.0], "k_pid_vsp": [140.52109245416955, 113.67484473060725, 1.0772978748945117]}, "datetime": {"datetime": "2025-08-12 04:07:04", "elapsed": 42104.09398293495, "delta": 19.720841646194458}, "costs": {"total_cost": 182.18676482174186, "time_cost": 73.038, "final_distance_cost": 1.8249949160710193, "oscillation_cost": 19.16096807233215, "completition_cost": 0.0, "overshoot_cost": 51.95053708624728, "power_cost": 14.186397424316407, "noise_cost": 22.025867322775003, "n_waypoints_completed": 9, "tot_waypoints": 9}}
{"target": -181.83562007333137, "params": {"k_pid_pos": [0.526666881373393, 0.0, 0.0], "k_pid_alt": [1.6135713202411872, 0.0, 0.14977145050507484], "k_pid_att": [26.503469040384388, 2.135430022390783, 0.22101943731953919], "k_pid_yaw": [0.5, 1e-06, 0.1], "k_pid_hsp": [0.0912131472198115, 0.0, 0.0], "k_pid_vsp": [127.50095707256511, 118.43300270298585, 1.106580247464258]}, "datetime": {"datetime": "2025-08-12 04:07:24", "elapsed": 42123.476066827774, "delta": 19.382083892822266}, "costs": {"total_cost": 181.83562007333137, "time_cost": 72.95400000000001, "final_distance_cost": 1.817301655320258, "oscillation_cost": 19.196122947696306, "completition_cost": 0.0, "overshoot_cost": 51.778699023056646, "power_cost": 14.1939240234375, "noise_cost": 21.895572423820642, "n_waypoints_completed": 9, "tot_waypoints": 9}}
{"target": -182.46043583453434, "params": {"k_pid_pos": [0.524540474861245, 0.0, 0.0], "k_pid_alt": [1.6141729844405663, 0.0, 0.13958991102025112], "k_pid_att": [24.2001863825931, 2.411214527410418, 0.22450474467343703], "k_pid_yaw": [0.5, 1e-06, 0.1], "k_pid_hsp": [0.09323162411005731, 0.0, 0.0], "k_pid_vsp": [124.02786352359317, 123.44900914391752, 1.141252368000456]}, "datetime": {"datetime": "2025-08-12 04:07:43", "elapsed": 42142.717460632324, "delta": 19.24139380455017}, "costs": {"total_cost": 182.46043583453434, "time_cost": 72.898, "final_distance_cost": 1.835249337453768, "oscillation_cost": 19.729508546364972, "completition_cost": 0.0, "overshoot_cost": 51.9098868762593, "power_cost": 14.167281774902344, "noise_cost": 21.92050929955397, "n_waypoints_completed": 9, "tot_waypoints": 9}}
{"target": -182.43206476925153, "params": {"k_pid_pos": [0.5357848298853553, 0.0, 0.0], "k_pid_alt": [1.6142353059307681, 0.0, 0.14450721223788418], "k_pid_att": [26.148722446100244, 2.0267636129110724, 0.22374883653988034], "k_pid_yaw": [0.5, 1e-06, 0.1], "k_pid_hsp": [0.09056753628644736, 0.0, 0.0], "k_pid_vsp": [128.9757982367976, 128.362312577432, 1.3885279693034582]}, "datetime": {"datetime": "2025-08-12 04:08:02", "elapsed": 42162.03469491005, "delta": 19.31723427772522}, "costs": {"total_cost": 182.43206476925153, "time_cost": 72.842, "final_distance_cost": 1.8195563457298505, "oscillation_cost": 19.51744051114378, "completition_cost": 0.0, "overshoot_cost": 52.07136615580524, "power_cost": 14.24173406982422, "noise_cost": 21.93996768674845, "n_waypoints_completed": 9, "tot_waypoints": 9}}
{"target": -182.40477531223453, "params": {"k_pid_pos": [0.5328608345030404, 0.0, 0.0], "k_pid_alt": [1.6049506519303718, 0.0, 0.13872117296188896], "k_pid_att": [28.929813013211948, 2.2099630622777733, 0.2214829890971316], "k_pid_yaw": [0.5, 1e-06, 0.1], "k_pid_hsp": [0.08934337266925949, 0.0, 0.0], "k_pid_vsp": [134.23242792147366, 121.82768727334582, 0.7261023571805951]}, "datetime": {"datetime": "2025-08-12 04:08:22", "elapsed": 42181.772879600525, "delta": 19.738184690475464}, "costs": {"total_cost": 182.40477531223453, "time_cost": 72.94, "final_distance_cost": 1.8143344247314053, "oscillation_cost": 19.362707291830585, "completition_cost": 0.0, "overshoot_cost": 52.13151297327725, "power_cost": 14.249845629882813, "noise_cost": 21.90637499251248, "n_waypoints_completed": 9, "tot_waypoints": 9}}
{"target": -182.23875663980007, "params": {"k_pid_pos": [0.5279850079321038, 0.0, 0.0], "k_pid_alt": [1.6148866917346292, 0.0, 0.0], "k_pid_att": [25.39258418016722, 2.1490007544852503, 0.21944680608730543], "k_pid_yaw": [0.5, 1e-06, 0.1], "k_pid_hsp": [0.08965665673488202, 0.0, 0.0], "k_pid_vsp": [128.57327606470318, 98.48832495821122, 1.9626347825056598]}, "datetime": {"datetime": "2025-08-12 04:08:41", "elapsed": 42200.98317742348, "delta": 19.21029782295227}, "costs": {"total_cost": 182.23875663980007, "time_cost": 72.877, "final_distance_cost": 1.8289027681864263, "oscillation_cost": 19.02390137792847, "completition_cost": 0.0, "overshoot_cost": 52.34794062076078, "power_cost": 14.171588940429688, "noise_cost": 21.989422932494715, "n_waypoints_completed": 9, "tot_waypoints": 9}}
{"target": -182.44910798932753, "params": {"k_pid_pos": [0.6752394209177048, 0.0, 0.0003994559556324672], "k_pid_alt": [1.6101558885832539, 0.0, 0.16291422630031155], "k_pid_att": [25.603574699262523, 2.282654988892456, 0.2569674254114759], "k_pid_yaw": [0.5, 1e-06, 0.1], "k_pid_hsp": [0.09865599310549482, 0.0008488682546217792, 0.0], "k_pid_vsp": [124.56609856241792, 135.51637934303173, 0.9915266109201325]}, "datetime": {"datetime": "2025-08-12 04:09:00", "elapsed": 42219.79137969017, "delta": 18.808202266693115}, "costs": {"total_cost": 182.44910798932753, "time_cost": 71.134, "final_distance_cost": 1.8130840671832373, "oscillation_cost": 22.66422580033835, "completition_cost": 0.0, "overshoot_cost": 51.47571453832337, "power_cost": 14.13304783935547, "noise_cost": 21.22903574412711, "n_waypoints_completed": 9, "tot_waypoints": 9}}
{"target": -182.27363368369754, "params": {"k_pid_pos": [0.5264950469700155, 0.0, 0.0], "k_pid_alt": [1.6076946175547207, 0.0, 0.16850223512419968], "k_pid_att": [30.598103809745737, 2.1368905193628156, 0.24878477264269766], "k_pid_yaw": [0.5, 1e-06, 0.1], "k_pid_hsp": [0.09080844476037273, 0.0, 0.0], "k_pid_vsp": [128.22413541941347, 124.36155882341875, 1.1014423792151973]}, "datetime": {"datetime": "2025-08-12 04:09:20", "elapsed": 42239.570551157, "delta": 19.779171466827393}, "costs": {"total_cost": 182.27363368369754, "time_cost": 73.01, "final_distance_cost": 1.8225479393724666, "oscillation_cost": 19.19715232736529, "completition_cost": 0.0, "overshoot_cost": 51.9781716399682, "power_cost": 14.235896069335938, "noise_cost": 22.029865707655624, "n_waypoints_completed": 9, "tot_waypoints": 9}}
{"target": -182.30105359188758, "params": {"k_pid_pos": [0.5223206528807535, 0.0, 0.0], "k_pid_alt": [1.6144625807845858, 0.0, 0.13026907991520162], "k_pid_att": [25.6221103311222, 2.136273994072247, 0.22388099573088224], "k_pid_yaw": [0.5, 1e-06, 0.1], "k_pid_hsp": [0.0911567850623717, 0.0, 0.0], "k_pid_vsp": [128.60523702428043, 124.52811611099717, 1.0880391871975665]}, "datetime": {"datetime": "2025-08-12 04:09:38", "elapsed": 42257.57008433342, "delta": 17.99953317642212}, "costs": {"total_cost": 182.30105359188758, "time_cost": 72.982, "final_distance_cost": 1.8330236629442602, "oscillation_cost": 19.21881887639422, "completition_cost": 0.0, "overshoot_cost": 51.936771724737945, "power_cost": 14.252356018066408, "noise_cost": 22.078083309744738, "n_waypoints_completed": 9, "tot_waypoints": 9}}
{"target": -182.56680247928242, "params": {"k_pid_pos": [0.5284709842092132, 0.0, 0.0], "k_pid_alt": [1.619407984051179, 0.0, 0.1325892158172399], "k_pid_att": [25.035893687027656, 2.098810539222795, 0.2251980073135712], "k_pid_yaw": [0.5, 1e-06, 0.1], "k_pid_hsp": [0.0924651494038271, 0.0, 0.0], "k_pid_vsp": [126.29107665058946, 142.33239301515587, 1.2286403069714202]}, "datetime": {"datetime": "2025-08-12 04:09:57", "elapsed": 42276.89464187622, "delta": 19.324557542800903}, "costs": {"total_cost": 182.56680247928242, "time_cost": 72.849, "final_distance_cost": 1.813273494005775, "oscillation_cost": 19.661960388284427, "completition_cost": 0.0, "overshoot_cost": 52.00706342858597, "power_cost": 14.273247912597657, "noise_cost": 21.962257255808574, "n_waypoints_completed": 9, "tot_waypoints": 9}}
{"target": -181.89318010759175, "params": {"k_pid_pos": [0.5259502040883863, 0.0, 0.0], "k_pid_alt": [1.6167864672083083, 0.0, 0.14387684641383172], "k_pid_att": [25.654412027676955, 2.1348838196670132, 0.2290127897651169], "k_pid_yaw": [0.5, 1e-06, 0.1], "k_pid_hsp": [0.091153237015873, 0.0, 0.0], "k_pid_vsp": [129.93669588390125, 122.89611980301609, 1.0831886680836011]}, "datetime": {"datetime": "2025-08-12 04:10:15", "elapsed": 42294.56241726875, "delta": 17.66777539253235}, "costs": {"total_cost": 181.89318010759175, "time_cost": 72.961, "final_distance_cost": 1.8180737115014998, "oscillation_cost": 19.220153910007188, "completition_cost": 0.0, "overshoot_cost": 51.795818959778344, "power_cost": 14.194059521484375, "noise_cost": 21.904074004820362, "n_waypoints_completed": 9, "tot_waypoints": 9}}
{"target": -182.3308918549205, "params": {"k_pid_pos": [0.5262954929263145, 0.0, 0.0], "k_pid_alt": [1.610897875154028, 0.0, 0.07075444901528521], "k_pid_att": [25.540227024512077, 2.116349823274959, 0.23083322000675144], "k_pid_yaw": [0.5, 1e-06, 0.1], "k_pid_hsp": [0.09299172083873933, 0.0, 0.0], "k_pid_vsp": [128.65223051774402, 126.68032620334209, 1.2709338142415174]}, "datetime": {"datetime": "2025-08-12 04:10:34", "elapsed": 42313.85192012787, "delta": 19.2895028591156}, "costs": {"total_cost": 182.3308918549205, "time_cost": 72.81400000000001, "final_distance_cost": 1.8163516417867787, "oscillation_cost": 19.56621281746008, "completition_cost": 0.0, "overshoot_cost": 51.932757909525854, "power_cost": 14.184120617675783, "noise_cost": 22.017448868471995, "n_waypoints_completed": 9, "tot_waypoints": 9}}
{"target": -181.8435632926549, "params": {"k_pid_pos": [0.5254524281540688, 0.0, 0.0], "k_pid_alt": [1.636469544440865, 0.0, 0.12818318962049216], "k_pid_att": [25.612011038819805, 2.0978045163691412, 0.2724200121998085], "k_pid_yaw": [0.5, 1e-06, 0.1], "k_pid_hsp": [0.0908312445237466, 0.0, 0.0], "k_pid_vsp": [127.64969947762269, 109.927241732773, 1.0271122319345674]}, "datetime": {"datetime": "2025-08-12 04:10:52", "elapsed": 42331.95552229881, "delta": 18.103602170944214}, "costs": {"total_cost": 181.8435632926549, "time_cost": 72.94, "final_distance_cost": 1.8242492526147318, "oscillation_cost": 19.145870880929753, "completition_cost": 0.0, "overshoot_cost": 51.80462767219283, "power_cost": 14.201502124023438, "noise_cost": 21.927313362894118, "n_waypoints_completed": 9, "tot_waypoints": 9}}
{"target": -182.53784827361045, "params": {"k_pid_pos": [0.5365227837008371, 0.0, 0.0], "k_pid_alt": [1.6069933309414144, 0.0, 0.16338167575550352], "k_pid_att": [25.80641237442365, 2.118083536410974, 0.2971598105515974], "k_pid_yaw": [0.5, 1e-06, 0.1], "k_pid_hsp": [0.08792617699977041, 0.0, 0.0], "k_pid_vsp": [123.48676101681023, 142.87685253313595, 0.3525624193858049]}, "datetime": {"datetime": "2025-08-12 04:11:13", "elapsed": 42353.1088013649, "delta": 21.153279066085815}, "costs": {"total_cost": 182.53784827361045, "time_cost": 72.982, "final_distance_cost": 1.8317530963198534, "oscillation_cost": 19.259224460697855, "completition_cost": 0.0, "overshoot_cost": 52.17211848258059, "power_cost": 14.287504650878907, "noise_cost": 22.005247583133244, "n_waypoints_completed": 9, "tot_waypoints": 9}}
{"target": -181.78458001556317, "params": {"k_pid_pos": [0.5270452551667577, 0.0, 0.0], "k_pid_alt": [1.6146103743664113, 0.0, 0.13787129612810983], "k_pid_att": [25.822323322491027, 2.134234106521376, 0.2358018779421943], "k_pid_yaw": [0.5, 1e-06, 0.1], "k_pid_hsp": [0.09082239204812916, 0.0, 0.0], "k_pid_vsp": [129.76513347006764, 125.06457261565868, 1.0931465691778426]}, "datetime": {"datetime": "2025-08-12 04:11:32", "elapsed": 42371.97713088989, "delta": 18.868329524993896}, "costs": {"total_cost": 181.78458001556317, "time_cost": 72.94, "final_distance_cost": 1.8247170740454255, "oscillation_cost": 19.20165684638552, "completition_cost": 0.0, "overshoot_cost": 51.719639071882376, "power_cost": 14.187966650390626, "noise_cost": 21.910600372859207, "n_waypoints_completed": 9, "tot_waypoints": 9}}
{"target": -182.52441536557467, "params": {"k_pid_pos": [0.5270717414330285, 0.0, 0.0], "k_pid_alt": [1.6172509396269246, 0.0, 0.13626500236047004], "k_pid_att": [25.642020541589932, 2.1114728793916635, 0.2297708387279664], "k_pid_yaw": [0.5, 1e-06, 0.1], "k_pid_hsp": [0.09019689046597182, 0.0, 0.0], "k_pid_vsp": [131.05532310702043, 126.31881011851573, 1.2555503469815048]}, "datetime": {"datetime": "2025-08-12 04:11:50", "elapsed": 42390.28625917435, "delta": 18.309128284454346}, "costs": {"total_cost": 182.52441536557467, "time_cost": 72.97500000000001, "final_distance_cost": 1.8273926446562536, "oscillation_cost": 19.263174194836882, "completition_cost": 0.0, "overshoot_cost": 52.105002924929, "power_cost": 14.275088330078125, "noise_cost": 22.078757271074394, "n_waypoints_completed": 9, "tot_waypoints": 9}}
{"target": -182.44401422160496, "params": {"k_pid_pos": [0.5253182999937075, 0.0, 0.0], "k_pid_alt": [1.6605739383703988, 0.0, 0.13285057401503383], "k_pid_att": [25.389569175073234, 2.206520493569382, 0.18200497231820487], "k_pid_yaw": [0.5, 1e-06, 0.1], "k_pid_hsp": [0.09171006894249481, 0.0, 0.0], "k_pid_vsp": [118.81419699004248, 125.0954659868837, 1.8857748814810833]}, "datetime": {"datetime": "2025-08-12 04:12:09", "elapsed": 42409.00874209404, "delta": 18.722482919692993}, "costs": {"total_cost": 182.44401422160496, "time_cost": 72.891, "final_distance_cost": 1.8208373900515895, "oscillation_cost": 19.558720159935493, "completition_cost": 0.0, "overshoot_cost": 52.047497820274316, "power_cost": 14.167318212890626, "noise_cost": 21.958640638452952, "n_waypoints_completed": 9, "tot_waypoints": 9}}
{"target": -182.06828621853836, "params": {"k_pid_pos": [0.5907758428354755, 0.0, 0.0], "k_pid_alt": [1.6323370897656952, 0.0, 0.12954305488136597], "k_pid_att": [24.441372109797094, 2.3848360651498686, 0.22719637139094503], "k_pid_yaw": [0.5, 1e-06, 0.1], "k_pid_hsp": [0.09263175985989333, 0.0, 0.0], "k_pid_vsp": [133.08595067628585, 116.87106037787585, 1.1448934589386095]}, "datetime": {"datetime": "2025-08-12 04:12:28", "elapsed": 42427.74989438057, "delta": 18.74115228652954}, "costs": {"total_cost": 182.06828621853836, "time_cost": 72.086, "final_distance_cost": 1.806499374691936, "oscillation_cost": 20.641422063921173, "completition_cost": 0.0, "overshoot_cost": 51.81233120392228, "power_cost": 14.159014807128907, "noise_cost": 21.563018768874084, "n_waypoints_completed": 9, "tot_waypoints": 9}}
{"target": -182.87741935311212, "params": {"k_pid_pos": [0.46844610828514, 0.0, 0.0], "k_pid_alt": [1.624987260090189, 0.0, 0.12033378182719111], "k_pid_att": [22.579993669403624, 2.0875709784309326, 0.22599156179543806], "k_pid_yaw": [0.5, 1e-06, 0.1], "k_pid_hsp": [0.09250999229139367, 0.0, 0.0], "k_pid_vsp": [127.37320526527321, 124.81080488457161, 1.0644622675177315]}, "datetime": {"datetime": "2025-08-12 04:12:46", "elapsed": 42446.301964998245, "delta": 18.55207061767578}, "costs": {"total_cost": 182.87741935311212, "time_cost": 73.96900000000001, "final_distance_cost": 1.8332537362591732, "oscillation_cost": 18.325681692014122, "completition_cost": 0.0, "overshoot_cost": 52.008379047413776, "power_cost": 14.350472009277345, "noise_cost": 22.390632868147687, "n_waypoints_completed": 9, "tot_waypoints": 9}}
{"target": -182.62726890540628, "params": {"k_pid_pos": [0.5425177595895229, 0.0, 0.0], "k_pid_alt": [1.6071191874033963, 0.0, 0.12712725852072906], "k_pid_att": [24.206890255542582, 2.043383566027632, 0.32212958291761495], "k_pid_yaw": [0.5, 1e-06, 0.1], "k_pid_hsp": [0.09008424608065559, 0.0, 0.0], "k_pid_vsp": [128.87034831905345, 115.17387141220014, 2.4276214341169293]}, "datetime": {"datetime": "2025-08-12 04:13:06", "elapsed": 42465.99601364136, "delta": 19.694048643112183}, "costs": {"total_cost": 182.62726890540628, "time_cost": 72.765, "final_distance_cost": 1.8194830003604907, "oscillation_cost": 19.511116572042155, "completition_cost": 0.0, "overshoot_cost": 52.40340745028886, "power_cost": 14.250684985351564, "noise_cost": 21.87757689736322, "n_waypoints_completed": 9, "tot_waypoints": 9}}
{"target": -182.23600362744264, "params": {"k_pid_pos": [0.5230541304453562, 0.0, 0.0], "k_pid_alt": [1.6203630177293613, 0.0, 0.0], "k_pid_att": [25.542710193931743, 1.5172524937287581, 0.235309947351075], "k_pid_yaw": [0.5, 1e-06, 0.1], "k_pid_hsp": [0.09114292918944582, 0.0, 0.0], "k_pid_vsp": [129.15311092219096, 124.05486668762708, 3.0772145657596566]}, "datetime": {"datetime": "2025-08-12 04:13:26", "elapsed": 42485.81050443649, "delta": 19.814490795135498}, "costs": {"total_cost": 182.23600362744264, "time_cost": 72.877, "final_distance_cost": 1.8151200673212178, "oscillation_cost": 19.157789335776826, "completition_cost": 0.0, "overshoot_cost": 52.21435303324661, "power_cost": 14.18318701171875, "noise_cost": 21.988554179379246, "n_waypoints_completed": 9, "tot_waypoints": 9}}
{"target": -182.42753426797896, "params": {"k_pid_pos": [0.5257544356710617, 0.0, 0.0], "k_pid_alt": [1.6242931950248671, 0.0, 0.14730395995067677], "k_pid_att": [25.74602094994484, 2.1337875941600455, 0.23175072604529456], "k_pid_yaw": [0.5, 1e-06, 0.1], "k_pid_hsp": [0.09290848787902849, 0.0, 0.0], "k_pid_vsp": [128.3928270465742, 121.82021496547726, 1.5790172798654791]}, "datetime": {"datetime": "2025-08-12 04:13:45", "elapsed": 42504.53747200966, "delta": 18.726967573165894}, "costs": {"total_cost": 182.42753426797896, "time_cost": 72.898, "final_distance_cost": 1.825593079323607, "oscillation_cost": 19.692271585820322, "completition_cost": 0.0, "overshoot_cost": 51.9182428689023, "power_cost": 14.162766381835938, "noise_cost": 21.930660352096783, "n_waypoints_completed": 9, "tot_waypoints": 9}}
{"target": -182.7567027538938, "params": {"k_pid_pos": [0.5257083300676865, 0.0, 0.0], "k_pid_alt": [1.6957871024773126, 0.0, 0.13314469218186487], "k_pid_att": [25.71114813085049, 2.171904942551782, 0.19183863047390753], "k_pid_yaw": [0.5, 1e-06, 0.1], "k_pid_hsp": [0.0836502727570301, 0.0, 0.0], "k_pid_vsp": [128.90048382495908, 124.84842869687616, 0.709094157051283]}, "datetime": {"datetime": "2025-08-12 04:14:05", "elapsed": 42524.66434216499, "delta": 20.126870155334473}, "costs": {"total_cost": 182.7567027538938, "time_cost": 73.276, "final_distance_cost": 1.8177284844382426, "oscillation_cost": 18.83755911505094, "completition_cost": 0.0, "overshoot_cost": 52.59023878751981, "power_cost": 14.202798876953125, "noise_cost": 22.03237748993169, "n_waypoints_completed": 9, "tot_waypoints": 9}}
{"target": -181.73423213817517, "params": {"k_pid_pos": [0.5262231839531916, 0.0, 0.0], "k_pid_alt": [1.6143432389251904, 0.0, 0.14071114678809546], "k_pid_att": [25.88697272134747, 2.1326974126095406, 0.22614729646753642], "k_pid_yaw": [0.5, 1e-06, 0.1], "k_pid_hsp": [0.09097993715905071, 0.0, 0.0], "k_pid_vsp": [128.08958090266304, 124.05203310644183, 1.1106986300904784]}, "datetime": {"datetime": "2025-08-12 04:14:23", "elapsed": 42543.16612768173, "delta": 18.50178551673889}, "costs": {"total_cost": 181.73423213817517, "time_cost": 72.95400000000001, "final_distance_cost": 1.8164740457946174, "oscillation_cost": 19.13756520605833, "completition_cost": 0.0, "overshoot_cost": 51.73727242595093, "power_cost": 14.186058227539062, "noise_cost": 21.902862232832234, "n_waypoints_completed": 9, "tot_waypoints": 9}}
{"target": -182.45083293003475, "params": {"k_pid_pos": [0.5277951629834345, 0.0, 0.0], "k_pid_alt": [1.6131307628068916, 0.0, 0.1403054938368784], "k_pid_att": [24.107537381662773, 1.9874515927054073, 0.226089625400354], "k_pid_yaw": [0.5, 1e-06, 0.1], "k_pid_hsp": [0.09267696174822938, 0.0, 0.0], "k_pid_vsp": [124.92223894226932, 126.505180175162, 1.2265149325821834]}, "datetime": {"datetime": "2025-08-12 04:14:43", "elapsed": 42562.4810898304, "delta": 19.314962148666382}, "costs": {"total_cost": 182.45083293003475, "time_cost": 72.877, "final_distance_cost": 1.8246817884503903, "oscillation_cost": 19.669611778650054, "completition_cost": 0.0, "overshoot_cost": 51.95828878551758, "power_cost": 14.199724035644532, "noise_cost": 21.921526541772216, "n_waypoints_completed": 9, "tot_waypoints": 9}}
{"target": -182.73219315363718, "params": {"k_pid_pos": [0.5431285363375905, 0.0, 0.0], "k_pid_alt": [1.6217624853217882, 0.0, 0.13217650548848495], "k_pid_att": [25.97880059090049, 2.2109233545287483, 0.24274766843553533], "k_pid_yaw": [0.5, 1e-06, 0.1], "k_pid_hsp": [0.09935855411029217, 0.0, 0.0], "k_pid_vsp": [129.73406095640198, 127.26067161852588, 1.1737868331599894]}, "datetime": {"datetime": "2025-08-12 04:15:01", "elapsed": 42580.45603084564, "delta": 17.97494101524353}, "costs": {"total_cost": 182.73219315363718, "time_cost": 72.45700000000001, "final_distance_cost": 1.827330167636952, "oscillation_cost": 20.68988085664885, "completition_cost": 0.0, "overshoot_cost": 51.65396954281513, "power_cost": 14.231353283691407, "noise_cost": 21.872659302844816, "n_waypoints_completed": 9, "tot_waypoints": 9}}
