{"target": -182.645363965224, "params": {"k_pid_pos": [0.5216604381832964, 0.0, 0.0], "k_pid_alt": [1.5923990512733261, 0.0, 0.14845178567500159], "k_pid_att": [25.454864141133186, 2.073923416936029, 0.18156691757795987], "k_pid_yaw": [0.5, 1e-06, 0.1], "k_pid_hsp": [0.09354798556093563, 0.0, 0.0], "k_pid_vsp": [137.4156601140924, 170.26695770034715, 1.7505601588534692]}, "datetime": {"datetime": "2025-08-11 23:44:26", "elapsed": 26345.474484205246, "delta": 19.48070764541626}, "costs": {"total_cost": 182.645363965224, "time_cost": 72.95400000000001, "final_distance_cost": 1.838552272046362, "oscillation_cost": 19.732227289488186, "completition_cost": 0.0, "overshoot_cost": 51.97051082492606, "power_cost": 14.242659814453125, "noise_cost": 21.907413764310242, "n_waypoints_completed": 9, "tot_waypoints": 9}}
{"target": -182.58614829183497, "params": {"k_pid_pos": [0.5221985321428202, 0.0, 0.0], "k_pid_alt": [1.6122803320960397, 0.0, 0.14879640904857025], "k_pid_att": [23.003913057354712, 2.1206505386356, 0.13122947120394074], "k_pid_yaw": [0.5, 1e-06, 0.1], "k_pid_hsp": [0.09698659728615659, 0.0, 0.0], "k_pid_vsp": [128.6962819604696, 129.9889972736926, 2.1836989166460103]}, "datetime": {"datetime": "2025-08-11 23:44:44", "elapsed": 26364.1696703434, "delta": 18.695186138153076}, "costs": {"total_cost": 182.58614829183497, "time_cost": 72.842, "final_distance_cost": 1.8329642857130146, "oscillation_cost": 19.919356617589866, "completition_cost": 0.0, "overshoot_cost": 51.75886603558476, "power_cost": 14.194887329101563, "noise_cost": 22.038074023845777, "n_waypoints_completed": 9, "tot_waypoints": 9}}
{"target": -184.30944703016587, "params": {"k_pid_pos": [0.4917353121131956, 0.0, 0.0], "k_pid_alt": [1.567958869080527, 0.0, 0.17233936373408704], "k_pid_att": [24.27056196118989, 2.0725705719616845, 0.17602084757663414], "k_pid_yaw": [0.5, 1e-06, 0.1], "k_pid_hsp": [0.07309558181219575, 0.0, 0.0], "k_pid_vsp": [131.41919015013153, 107.990494073562, 0.9256192185007763]}, "datetime": {"datetime": "2025-08-11 23:45:03", "elapsed": 26383.313282251358, "delta": 19.143611907958984}, "costs": {"total_cost": 184.30944703016587, "time_cost": 74.977, "final_distance_cost": 1.81282772637543, "oscillation_cost": 17.33079752722125, "completition_cost": 0.0, "overshoot_cost": 53.085764058295894, "power_cost": 14.453836657714845, "noise_cost": 22.649221060558453, "n_waypoints_completed": 9, "tot_waypoints": 9}}
{"target": -182.37453178546244, "params": {"k_pid_pos": [0.5187318194257452, 0.0, 0.0], "k_pid_alt": [1.559217767194799, 0.0, 0.14071494447730837], "k_pid_att": [25.0886722936454, 1.9767049091489874, 0.13753216363905085], "k_pid_yaw": [0.5, 1e-06, 0.1], "k_pid_hsp": [0.09442696185612219, 0.0, 0.0], "k_pid_vsp": [130.06529283639088, 98.59769855991397, 1.4747027344996246]}, "datetime": {"datetime": "2025-08-11 23:45:22", "elapsed": 26402.231682777405, "delta": 18.918400526046753}, "costs": {"total_cost": 182.37453178546244, "time_cost": 73.01, "final_distance_cost": 1.8184001141367292, "oscillation_cost": 19.287931618001412, "completition_cost": 0.0, "overshoot_cost": 51.82745411914948, "power_cost": 14.293808996582031, "noise_cost": 22.136936937592772, "n_waypoints_completed": 9, "tot_waypoints": 9}}
{"target": -183.1052401839236, "params": {"k_pid_pos": [0.6521603021510021, 0.0, 0.0], "k_pid_alt": [1.7156012004106613, 0.0, 0.08563465574782857], "k_pid_att": [27.916105716639112, 1.2664286243559149, 0.299849042561066], "k_pid_yaw": [0.5, 1e-06, 0.1], "k_pid_hsp": [0.11319815594178735, 0.0, 0.0], "k_pid_vsp": [118.18585463638928, 81.03865554984294, 1.4555378537441757]}, "datetime": {"datetime": "2025-08-11 23:45:40", "elapsed": 26420.11590909958, "delta": 17.884226322174072}, "costs": {"total_cost": 183.1052401839236, "time_cost": 71.099, "final_distance_cost": 1.8087425529834302, "oscillation_cost": 22.745517475602497, "completition_cost": 0.0, "overshoot_cost": 51.908467040954314, "power_cost": 14.152231396484376, "noise_cost": 21.391281717898973, "n_waypoints_completed": 9, "tot_waypoints": 9}}
{"target": -182.59130188277413, "params": {"k_pid_pos": [0.6197031160405728, 0.0, 0.0], "k_pid_alt": [1.6575293112014016, 0.0, 0.14498273616204768], "k_pid_att": [28.962884059104308, 2.0643170796205674, 0.1972070135737895], "k_pid_yaw": [0.5, 1e-06, 0.1], "k_pid_hsp": [0.09286701436169904, 0.0, 0.0], "k_pid_vsp": [158.3908759563094, 119.71167264555822, 2.671672774882761]}, "datetime": {"datetime": "2025-08-11 23:45:58", "elapsed": 26437.710527420044, "delta": 17.594618320465088}, "costs": {"total_cost": 182.59130188277413, "time_cost": 71.84100000000001, "final_distance_cost": 1.8029047309292716, "oscillation_cost": 21.132236565951548, "completition_cost": 0.0, "overshoot_cost": 52.119753392009834, "power_cost": 14.146294152832033, "noise_cost": 21.54911304105145, "n_waypoints_completed": 9, "tot_waypoints": 9}}
{"target": -186.1717228626079, "params": {"k_pid_pos": [0.5345771180654901, 0.0, 0.0], "k_pid_alt": [1.768718979070923, 0.0, 0.10643483683225233], "k_pid_att": [21.19626653387343, 1.728674791255254, 0.282541605378393], "k_pid_yaw": [0.5, 1e-06, 0.1], "k_pid_hsp": [0.15152333105517907, 0.0, 0.0], "k_pid_vsp": [126.43310959780992, 117.55803609437066, 1.3825967563096395]}, "datetime": {"datetime": "2025-08-11 23:46:18", "elapsed": 26457.583149909973, "delta": 19.8726224899292}, "costs": {"total_cost": 186.1717228626079, "time_cost": 73.241, "final_distance_cost": 1.845862237672045, "oscillation_cost": 23.225400319053673, "completition_cost": 0.0, "overshoot_cost": 51.02797664511994, "power_cost": 14.49239921875, "noise_cost": 22.33908444201225, "n_waypoints_completed": 9, "tot_waypoints": 9}}
{"target": -182.19077380575976, "params": {"k_pid_pos": [0.524230127635147, 0.0, 0.0], "k_pid_alt": [1.6861641534724383, 0.0, 0.1397851533099117], "k_pid_att": [24.38024126369081, 2.3706143234069375, 0.1311532553753607], "k_pid_yaw": [0.5, 1e-06, 0.1], "k_pid_hsp": [0.09104659134522694, 0.0, 0.0], "k_pid_vsp": [131.4224892113736, 116.55643019525107, 2.972808554729655]}, "datetime": {"datetime": "2025-08-11 23:46:36", "elapsed": 26475.80004811287, "delta": 18.216898202896118}, "costs": {"total_cost": 182.19077380575976, "time_cost": 72.919, "final_distance_cost": 1.8383989020061002, "oscillation_cost": 19.242273792906175, "completition_cost": 0.0, "overshoot_cost": 52.0589926998175, "power_cost": 14.156774731445314, "noise_cost": 21.975333679584637, "n_waypoints_completed": 9, "tot_waypoints": 9}}
{"target": -182.9460081890409, "params": {"k_pid_pos": [0.5162759212500286, 0.0, 0.0], "k_pid_alt": [1.5801334661898132, 0.0, 0.16313392456373726], "k_pid_att": [24.685434756154848, 1.8616203099779582, 0.232312288933463], "k_pid_yaw": [0.5, 1e-06, 0.1], "k_pid_hsp": [0.09129882207296847, 0.0, 0.0], "k_pid_vsp": [117.43588316008658, 136.87975707890746, 1e-06]}, "datetime": {"datetime": "2025-08-11 23:46:55", "elapsed": 26495.081000328064, "delta": 19.280952215194702}, "costs": {"total_cost": 182.9460081890409, "time_cost": 73.15, "final_distance_cost": 1.831320816621102, "oscillation_cost": 19.28739926667021, "completition_cost": 0.0, "overshoot_cost": 52.312477604125526, "power_cost": 14.273109484863282, "noise_cost": 22.091701016760762, "n_waypoints_completed": 9, "tot_waypoints": 9}}
{"target": -182.56535971909923, "params": {"k_pid_pos": [0.554599586733033, 0.0, 0.0], "k_pid_alt": [1.6946754126194825, 0.0, 0.09812424232046527], "k_pid_att": [23.70184188836156, 2.0685563080999567, 0.18346505497155727], "k_pid_yaw": [0.5, 1e-06, 0.1], "k_pid_hsp": [0.0955407302260433, 0.0, 0.0], "k_pid_vsp": [151.93155225673252, 115.80022565564572, 0.8766142654000371]}, "datetime": {"datetime": "2025-08-11 23:47:14", "elapsed": 26513.93505191803, "delta": 18.85405158996582}, "costs": {"total_cost": 182.56535971909923, "time_cost": 72.345, "final_distance_cost": 1.8355107896274347, "oscillation_cost": 20.446329353803165, "completition_cost": 0.0, "overshoot_cost": 51.95720600324884, "power_cost": 14.149902783203126, "noise_cost": 21.831410789216683, "n_waypoints_completed": 9, "tot_waypoints": 9}}
{"target": -182.82852495416643, "params": {"k_pid_pos": [0.49093241681286026, 0.0, 0.0], "k_pid_alt": [1.6121238789293233, 0.0, 0.14018247905358364], "k_pid_att": [25.45065042233514, 2.067130749913056, 0.2885456557912139], "k_pid_yaw": [0.5, 1e-06, 0.1], "k_pid_hsp": [0.08132113236228553, 0.0, 0.0], "k_pid_vsp": [132.30242815993313, 148.45446968969102, 2.5451543830898515]}, "datetime": {"datetime": "2025-08-11 23:47:32", "elapsed": 26532.17814397812, "delta": 18.24309206008911}, "costs": {"total_cost": 182.82852495416643, "time_cost": 74.032, "final_distance_cost": 1.836064513839112, "oscillation_cost": 17.618451532447857, "completition_cost": 0.0, "overshoot_cost": 52.58606678657643, "power_cost": 14.37073465576172, "noise_cost": 22.38520746554133, "n_waypoints_completed": 9, "tot_waypoints": 9}}
{"target": -189.88969004928816, "params": {"k_pid_pos": [0.36338489557103026, 0.0, 0.0], "k_pid_alt": [1.5920136433224492, 0.0, 0.2961019303859722], "k_pid_att": [28.246568008241745, 1.9618296712263672, 0.21069595014348558], "k_pid_yaw": [0.5, 1e-06, 0.1], "k_pid_hsp": [0.10357161411371037, 0.0, 0.0], "k_pid_vsp": [131.113558914192, 98.19828380884256, 2.5436669591376724]}, "datetime": {"datetime": "2025-08-11 23:47:53", "elapsed": 26552.947504520416, "delta": 20.769360542297363}, "costs": {"total_cost": 189.88969004928816, "time_cost": 79.163, "final_distance_cost": 1.8509938607588987, "oscillation_cost": 16.581104159889204, "completition_cost": 0.0, "overshoot_cost": 52.52344972172814, "power_cost": 15.114222912597658, "noise_cost": 24.656919394314272, "n_waypoints_completed": 9, "tot_waypoints": 9}}
{"target": -182.78555071061618, "params": {"k_pid_pos": [0.5239004410828582, 0.0, 0.0], "k_pid_alt": [1.5583433877522155, 0.0, 0.16300792107279877], "k_pid_att": [24.406040895925834, 2.2674890322762575, 0.23450154365473364], "k_pid_yaw": [0.5, 1e-06, 0.1], "k_pid_hsp": [0.08347151013836415, 0.0, 0.0], "k_pid_vsp": [143.16161713296236, 128.05718535138405, 2.162769638198766]}, "datetime": {"datetime": "2025-08-11 23:48:12", "elapsed": 26572.17028236389, "delta": 19.222777843475342}, "costs": {"total_cost": 182.78555071061618, "time_cost": 73.479, "final_distance_cost": 1.816319097652004, "oscillation_cost": 18.571082921030055, "completition_cost": 0.0, "overshoot_cost": 52.592913362680065, "power_cost": 14.284765551757813, "noise_cost": 22.041469777496282, "n_waypoints_completed": 9, "tot_waypoints": 9}}
{"target": -183.5234523629576, "params": {"k_pid_pos": [0.5218171397306511, 0.0, 0.0], "k_pid_alt": [1.8115149586439192, 0.0, 0.14115405980370435], "k_pid_att": [25.275945892441385, 2.1126824517845737, 0.08010223403917738], "k_pid_yaw": [0.5, 1e-06, 0.1], "k_pid_hsp": [0.07550198428531335, 0.0, 0.0], "k_pid_vsp": [142.94065360400123, 136.8648540104452, 0.8417515556474064]}, "datetime": {"datetime": "2025-08-11 23:48:31", "elapsed": 26590.719134569168, "delta": 18.54885220527649}, "costs": {"total_cost": 183.5234523629576, "time_cost": 74.025, "final_distance_cost": 1.8154057389496678, "oscillation_cost": 18.28955323856725, "completition_cost": 0.0, "overshoot_cost": 52.717932324577426, "power_cost": 14.248263476562501, "noise_cost": 22.42729758430075, "n_waypoints_completed": 9, "tot_waypoints": 9}}
{"target": -182.6165630869999, "params": {"k_pid_pos": [0.5268943337603279, 0.0, 0.0], "k_pid_alt": [1.523409321566854, 0.0, 0.27187979718798294], "k_pid_att": [25.18543261344786, 2.133042564893673, 0.2576346544920975], "k_pid_yaw": [0.5, 1e-06, 0.1], "k_pid_hsp": [0.0943901092799789, 0.0, 0.0], "k_pid_vsp": [131.2796285121005, 122.45045238658629, 1.0977069280896854]}, "datetime": {"datetime": "2025-08-11 23:48:50", "elapsed": 26609.738421201706, "delta": 19.019286632537842}, "costs": {"total_cost": 182.6165630869999, "time_cost": 73.157, "final_distance_cost": 1.8358366040383687, "oscillation_cost": 19.65476775254434, "completition_cost": 0.0, "overshoot_cost": 51.71355819758241, "power_cost": 14.243969470214845, "noise_cost": 22.011431062619938, "n_waypoints_completed": 9, "tot_waypoints": 9}}
{"target": -182.52666114651655, "params": {"k_pid_pos": [0.5188241343058653, 0.0, 0.0], "k_pid_alt": [1.6221403195083735, 0.0, 0.13695435074681098], "k_pid_att": [23.15044895682508, 1.8733528668902433, 0.2114162533857867], "k_pid_yaw": [0.5, 1e-06, 0.1], "k_pid_hsp": [0.08746459313111163, 0.0, 0.0], "k_pid_vsp": [136.27968283298895, 136.0915740183239, 1.308727385133536]}, "datetime": {"datetime": "2025-08-11 23:49:09", "elapsed": 26628.656142234802, "delta": 18.917721033096313}, "costs": {"total_cost": 182.52666114651655, "time_cost": 73.22, "final_distance_cost": 1.813244429905529, "oscillation_cost": 18.843563689941412, "completition_cost": 0.0, "overshoot_cost": 52.28112051523449, "power_cost": 14.272520751953126, "noise_cost": 22.096211759482006, "n_waypoints_completed": 9, "tot_waypoints": 9}}
{"target": -182.6399090717389, "params": {"k_pid_pos": [0.5612742678577824, 0.0, 0.0], "k_pid_alt": [1.6182798483065741, 0.0, 0.11076834477899075], "k_pid_att": [22.781850551979776, 2.18392489860001, 0.2658257575865127], "k_pid_yaw": [0.5, 1e-06, 0.1], "k_pid_hsp": [0.10123545191569186, 0.0, 0.0], "k_pid_vsp": [176.570623514634, 121.14640483399987, 1.3354281792911953]}, "datetime": {"datetime": "2025-08-11 23:49:27", "elapsed": 26646.706456422806, "delta": 18.05031418800354}, "costs": {"total_cost": 182.6399090717389, "time_cost": 72.191, "final_distance_cost": 1.831125783051115, "oscillation_cost": 21.02772433841779, "completition_cost": 0.0, "overshoot_cost": 51.70453527114929, "power_cost": 14.171354956054689, "noise_cost": 21.71416872306599, "n_waypoints_completed": 9, "tot_waypoints": 9}}
{"target": -182.54628375866804, "params": {"k_pid_pos": [0.6059766859732129, 0.0, 0.0], "k_pid_alt": [1.6223721962817756, 0.0, 0.16988246677028873], "k_pid_att": [22.975239243340987, 2.000317462993038, 0.12246771241539445], "k_pid_yaw": [0.5, 1e-06, 0.1], "k_pid_hsp": [0.09556116518954479, 0.0, 0.0], "k_pid_vsp": [128.4283009099695, 99.93779940453831, 1.2826677193798757]}, "datetime": {"datetime": "2025-08-11 23:49:46", "elapsed": 26665.534900665283, "delta": 18.828444242477417}, "costs": {"total_cost": 182.54628375866804, "time_cost": 71.89, "final_distance_cost": 1.8049668448843792, "oscillation_cost": 21.191857439298545, "completition_cost": 0.0, "overshoot_cost": 51.93667526943266, "power_cost": 14.160772912597658, "noise_cost": 21.562011292454795, "n_waypoints_completed": 9, "tot_waypoints": 9}}
{"target": -186.76964217021325, "params": {"k_pid_pos": [1.1321245600771233, 0.0, 0.001919864023187654], "k_pid_alt": [1.6129860881825457, 0.0, 0.17971306755677013], "k_pid_att": [26.53821295634187, 2.072486871201678, 0.22294624315136946], "k_pid_yaw": [0.5, 1e-06, 0.1], "k_pid_hsp": [0.2276130260837192, 0.0, 0.0], "k_pid_vsp": [124.89399332833551, 79.20060317490618, 3.227101643800407]}, "datetime": {"datetime": "2025-08-11 23:50:03", "elapsed": 26682.588453531265, "delta": 17.053552865982056}, "costs": {"total_cost": 186.76964217021325, "time_cost": 69.118, "final_distance_cost": 1.8092216708627562, "oscillation_cost": 30.083153656724594, "completition_cost": 0.0, "overshoot_cost": 50.6788304088748, "power_cost": 14.492171557617189, "noise_cost": 20.588264876133916, "n_waypoints_completed": 9, "tot_waypoints": 9}}
{"target": -198.78149261187275, "params": {"k_pid_pos": [0.3160898515351652, 0.0002020247588988759, 0.014426723525563904], "k_pid_alt": [1.5772343214110232, 0.0, 0.13293718925625503], "k_pid_att": [35.28866978730395, 1.9949309134363178, 0.19953483266226543], "k_pid_yaw": [0.5, 1e-06, 0.1], "k_pid_hsp": [0.10390120358932936, 0.0, 0.0], "k_pid_vsp": [130.4206553341244, 66.39952261820919, 1.395822826148092]}, "datetime": {"datetime": "2025-08-11 23:50:25", "elapsed": 26704.508093118668, "delta": 21.919639587402344}, "costs": {"total_cost": 198.78149261187275, "time_cost": 84.595, "final_distance_cost": 1.8547022821730785, "oscillation_cost": 15.568202586798881, "completition_cost": 0.0, "overshoot_cost": 53.624410021522976, "power_cost": 16.066655578613283, "noise_cost": 27.07252214276453, "n_waypoints_completed": 9, "tot_waypoints": 9}}
{"target": -182.2479811226506, "params": {"k_pid_pos": [0.5603133398304818, 0.0, 0.0], "k_pid_alt": [1.6045940006688235, 0.0, 0.13184821064682353], "k_pid_att": [20.62818514237575, 2.102907034704286, 0.28181180208558176], "k_pid_yaw": [0.5, 1e-06, 0.1], "k_pid_hsp": [0.09164735799301192, 0.0, 0.0], "k_pid_vsp": [121.72299926741364, 131.68796563376964, 1.4720049177171393]}, "datetime": {"datetime": "2025-08-11 23:50:43", "elapsed": 26722.4262611866, "delta": 17.91816806793213}, "costs": {"total_cost": 182.2479811226506, "time_cost": 72.464, "final_distance_cost": 1.8316059183775684, "oscillation_cost": 20.14564174150815, "completition_cost": 0.0, "overshoot_cost": 51.718286524251056, "power_cost": 14.235218395996094, "noise_cost": 21.853228542517734, "n_waypoints_completed": 9, "tot_waypoints": 9}}
{"target": -183.21378757650226, "params": {"k_pid_pos": [0.5203504116781249, 0.0, 0.0], "k_pid_alt": [1.6280105808008947, 0.0, 0.17515962626052659], "k_pid_att": [30.30346723424997, 2.081571280275109, 0.1941152570023833], "k_pid_yaw": [0.5, 1e-06, 0.1], "k_pid_hsp": [0.10722011444341004, 0.0, 0.0], "k_pid_vsp": [167.57672212020537, 118.99506614063841, 1.5485731994250096]}, "datetime": {"datetime": "2025-08-11 23:51:01", "elapsed": 26741.29129934311, "delta": 18.8650381565094}, "costs": {"total_cost": 183.21378757650226, "time_cost": 72.863, "final_distance_cost": 1.8342731791386258, "oscillation_cost": 20.321193101167694, "completition_cost": 0.0, "overshoot_cost": 51.79094730950993, "power_cost": 14.33509559326172, "noise_cost": 22.06927839342431, "n_waypoints_completed": 9, "tot_waypoints": 9}}
{"target": -181.90739197093126, "params": {"k_pid_pos": [0.5267777584409866, 0.0, 0.0], "k_pid_alt": [1.6060475973612658, 0.0, 0.1453861794990173], "k_pid_att": [25.053463477651686, 2.2839788437596527, 0.22006301536268935], "k_pid_yaw": [0.5, 1e-06, 0.1], "k_pid_hsp": [0.09153564641978296, 0.0, 0.0], "k_pid_vsp": [123.1047486346004, 121.65682746499446, 1.0715150989010886]}, "datetime": {"datetime": "2025-08-11 23:51:20", "elapsed": 26760.280519723892, "delta": 18.98922038078308}, "costs": {"total_cost": 181.90739197093126, "time_cost": 72.933, "final_distance_cost": 1.8378140117209307, "oscillation_cost": 19.38466237285213, "completition_cost": 0.0, "overshoot_cost": 51.65928908811095, "power_cost": 14.187434704589844, "noise_cost": 21.905191793657394, "n_waypoints_completed": 9, "tot_waypoints": 9}}
{"target": -183.54726249261688, "params": {"k_pid_pos": [0.5407070028626112, 0.0, 0.0], "k_pid_alt": [1.5820763062310552, 0.0, 0.1335260632418964], "k_pid_att": [24.8059703483922, 3.6258803866962497, 0.16418022416682546], "k_pid_yaw": [0.5, 1e-06, 0.1], "k_pid_hsp": [0.07754182823067697, 0.0, 0.0], "k_pid_vsp": [130.88535036142372, 170.2414334287344, 1.3748819075909036]}, "datetime": {"datetime": "2025-08-11 23:51:38", "elapsed": 26778.239595651627, "delta": 17.959075927734375}, "costs": {"total_cost": 183.54726249261688, "time_cost": 73.71000000000001, "final_distance_cost": 1.8127863909513315, "oscillation_cost": 18.56660149573118, "completition_cost": 0.0, "overshoot_cost": 52.832894559428325, "power_cost": 14.406948059082032, "noise_cost": 22.218031987424013, "n_waypoints_completed": 9, "tot_waypoints": 9}}
{"target": -182.7450013469992, "params": {"k_pid_pos": [0.5514858175914961, 0.0, 0.0], "k_pid_alt": [1.6171322137638762, 0.0, 0.16147631262714038], "k_pid_att": [22.746398635884752, 2.0179439737050013, 0.2140087271349772], "k_pid_yaw": [0.5, 1e-06, 0.1], "k_pid_hsp": [0.08999188773909955, 0.0, 0.0], "k_pid_vsp": [118.22738147344332, 118.81434383602816, 0.9476427818269547]}, "datetime": {"datetime": "2025-08-11 23:51:56", "elapsed": 26796.31435441971, "delta": 18.074758768081665}, "costs": {"total_cost": 182.7450013469992, "time_cost": 72.667, "final_distance_cost": 1.8088799312239685, "oscillation_cost": 20.079423050661447, "completition_cost": 0.0, "overshoot_cost": 52.16585038742085, "power_cost": 14.156556115722656, "noise_cost": 21.86729186197028, "n_waypoints_completed": 9, "tot_waypoints": 9}}
{"target": -182.69492723969663, "params": {"k_pid_pos": [0.5143781044660148, 0.0, 0.0], "k_pid_alt": [1.6401633480396776, 0.0, 0.09736566836904054], "k_pid_att": [24.626732756859, 2.0113884075148114, 0.19745511064235638], "k_pid_yaw": [0.5, 1e-06, 0.1], "k_pid_hsp": [0.0858346332409706, 0.0, 0.0], "k_pid_vsp": [130.3995998186082, 96.77125842247679, 0.4532409655171074]}, "datetime": {"datetime": "2025-08-11 23:52:15", "elapsed": 26814.426186561584, "delta": 18.11183214187622}, "costs": {"total_cost": 182.69492723969663, "time_cost": 73.311, "final_distance_cost": 1.824549411453353, "oscillation_cost": 18.55393271453393, "completition_cost": 0.0, "overshoot_cost": 52.718007511715605, "power_cost": 14.221251171875, "noise_cost": 22.06618643011873, "n_waypoints_completed": 9, "tot_waypoints": 9}}
{"target": -183.7398292152764, "params": {"k_pid_pos": [0.49834274463153105, 0.0, 0.0], "k_pid_alt": [1.621280069776534, 0.0, 0.0], "k_pid_att": [24.992974380532186, 2.1367772135150527, 0.1900104446741414], "k_pid_yaw": [0.5, 1e-06, 0.1], "k_pid_hsp": [0.11760982100188994, 0.0, 0.0], "k_pid_vsp": [126.15710992780419, 155.53577033548743, 3.7048859923473136]}, "datetime": {"datetime": "2025-08-11 23:52:33", "elapsed": 26832.932641029358, "delta": 18.506454467773438}, "costs": {"total_cost": 183.7398292152764, "time_cost": 73.29, "final_distance_cost": 1.8437669407242951, "oscillation_cost": 20.474215584862193, "completition_cost": 0.0, "overshoot_cost": 51.531419619739204, "power_cost": 14.363087976074219, "noise_cost": 22.23733909387647, "n_waypoints_completed": 9, "tot_waypoints": 9}}
