{"target": -182.58183316731467, "params": {"k_pid_pos": [0.5262433255467612, 0.0, 0.0], "k_pid_alt": [1.6734730265403932, 0.0, 0.12365367400676396], "k_pid_att": [25.340391116536356, 2.135330493307268, 0.2649670075181927], "k_pid_yaw": [0.5, 1e-06, 0.1], "k_pid_hsp": [0.09075434951584037, 0.0, 0.0], "k_pid_vsp": [128.5235933120809, 129.05571500015864, 1.0623726244103646]}, "datetime": {"datetime": "2025-08-12 05:49:34", "elapsed": 48254.09893035889, "delta": 19.706740856170654}, "costs": {"total_cost": 182.58183316731467, "time_cost": 72.898, "final_distance_cost": 1.8286564737665059, "oscillation_cost": 19.329031858996427, "completition_cost": 0.0, "overshoot_cost": 52.36513836395785, "power_cost": 14.235100622558594, "noise_cost": 21.925905848035274, "n_waypoints_completed": 9, "tot_waypoints": 9}}
{"target": -181.7331074194845, "params": {"k_pid_pos": [0.5263699301027523, 0.0, 0.0], "k_pid_alt": [1.622755772222273, 0.0, 0.1250110438410981], "k_pid_att": [25.319573814325967, 2.1307027349083234, 0.2507370342843114], "k_pid_yaw": [0.5, 1e-06, 0.1], "k_pid_hsp": [0.09082461089093787, 0.0, 0.0], "k_pid_vsp": [128.5535243494596, 125.80317778634496, 1.029724700866502]}, "datetime": {"datetime": "2025-08-12 05:49:53", "elapsed": 48273.079225063324, "delta": 18.980294704437256}, "costs": {"total_cost": 181.7331074194845, "time_cost": 72.94, "final_distance_cost": 1.828221487573763, "oscillation_cost": 19.157818353819376, "completition_cost": 0.0, "overshoot_cost": 51.69804224946205, "power_cost": 14.197650170898438, "noise_cost": 21.911375157730877, "n_waypoints_completed": 9, "tot_waypoints": 9}}
{"target": -182.70617766865763, "params": {"k_pid_pos": [0.530080407908172, 0.0, 0.0], "k_pid_alt": [1.6272470671533006, 0.0, 0.1308968609920436], "k_pid_att": [24.099853132802853, 2.085636571569897, 0.25265272830623], "k_pid_yaw": [0.5, 1e-06, 0.1], "k_pid_hsp": [0.09328049803186554, 0.0, 0.0], "k_pid_vsp": [129.05283273027632, 125.0847843141985, 0.8877101422695584]}, "datetime": {"datetime": "2025-08-12 05:50:15", "elapsed": 48294.51196742058, "delta": 21.43274235725403}, "costs": {"total_cost": 182.70617766865763, "time_cost": 72.8, "final_distance_cost": 1.8262460215720633, "oscillation_cost": 19.523807823553113, "completition_cost": 0.0, "overshoot_cost": 52.218731089208276, "power_cost": 14.320672326660157, "noise_cost": 22.01672040766401, "n_waypoints_completed": 9, "tot_waypoints": 9}}
{"target": -182.2920377649157, "params": {"k_pid_pos": [0.5530892440790773, 0.0, 0.0], "k_pid_alt": [1.6208528685615835, 0.0, 0.11850508423947412], "k_pid_att": [25.537003814834396, 2.1198548407688156, 0.21556833902318734], "k_pid_yaw": [0.5, 1e-06, 0.1], "k_pid_hsp": [0.09263967718037601, 0.0, 0.0], "k_pid_vsp": [128.1822408559238, 126.27510372242814, 1.052606055349552]}, "datetime": {"datetime": "2025-08-12 05:50:34", "elapsed": 48313.53284740448, "delta": 19.020879983901978}, "costs": {"total_cost": 182.2920377649157, "time_cost": 72.499, "final_distance_cost": 1.8337705865318004, "oscillation_cost": 19.903519174788624, "completition_cost": 0.0, "overshoot_cost": 51.97134461508227, "power_cost": 14.228633557128907, "noise_cost": 21.855769831384084, "n_waypoints_completed": 9, "tot_waypoints": 9}}
{"target": -182.2583048930369, "params": {"k_pid_pos": [0.5186662984667705, 0.0, 0.0], "k_pid_alt": [1.6255574200892005, 0.0, 0.09277054257715225], "k_pid_att": [25.227977655749754, 2.235041994223687, 0.2634390714146259], "k_pid_yaw": [0.5, 1e-06, 0.1], "k_pid_hsp": [0.09365068890727989, 0.0, 0.0], "k_pid_vsp": [128.5135456553249, 141.0761849239183, 0.9972544877622587]}, "datetime": {"datetime": "2025-08-12 05:50:53", "elapsed": 48333.161286354065, "delta": 19.62843894958496}, "costs": {"total_cost": 182.2583048930369, "time_cost": 72.926, "final_distance_cost": 1.8229199802139673, "oscillation_cost": 19.38293351849658, "completition_cost": 0.0, "overshoot_cost": 52.03267029346995, "power_cost": 14.165237951660156, "noise_cost": 21.928543149196248, "n_waypoints_completed": 9, "tot_waypoints": 9}}
{"target": -182.60793457422147, "params": {"k_pid_pos": [0.5176960768001084, 0.0, 0.0], "k_pid_alt": [1.6071632795380522, 0.0, 0.12659493301939626], "k_pid_att": [32.243748037857145, 2.131085960436926, 0.238981650442081], "k_pid_yaw": [0.5, 1e-06, 0.1], "k_pid_hsp": [0.08178755681665131, 0.0, 0.0], "k_pid_vsp": [129.48977294264523, 115.24474041960956, 1.0934549132409974]}, "datetime": {"datetime": "2025-08-12 05:51:13", "elapsed": 48352.94297337532, "delta": 19.781687021255493}, "costs": {"total_cost": 182.60793457422147, "time_cost": 73.584, "final_distance_cost": 1.8279513134254939, "oscillation_cost": 18.185699805545443, "completition_cost": 0.0, "overshoot_cost": 52.565833793370494, "power_cost": 14.293092041015626, "noise_cost": 22.151357620864417, "n_waypoints_completed": 9, "tot_waypoints": 9}}
{"target": -182.48096425004866, "params": {"k_pid_pos": [0.5312818639490107, 4.011039475216833e-06, 0.0], "k_pid_alt": [1.6264823171071887, 0.0, 0.0], "k_pid_att": [25.407481243725414, 2.138503807967449, 0.27431509711399027], "k_pid_yaw": [0.5, 1e-06, 0.1], "k_pid_hsp": [0.09298365214662375, 0.0, 0.0], "k_pid_vsp": [124.35603997240409, 175.8570805056064, 1.0092750620465367]}, "datetime": {"datetime": "2025-08-12 05:51:34", "elapsed": 48373.40611076355, "delta": 20.46313738822937}, "costs": {"total_cost": 182.48096425004866, "time_cost": 72.674, "final_distance_cost": 1.8353811450840658, "oscillation_cost": 19.804619076706196, "completition_cost": 0.0, "overshoot_cost": 51.98493916405855, "power_cost": 14.272040991210938, "noise_cost": 21.909983872988906, "n_waypoints_completed": 9, "tot_waypoints": 9}}
{"target": -182.37297727995295, "params": {"k_pid_pos": [0.5284116182926888, 0.0, 0.0], "k_pid_alt": [1.6128087839301206, 0.0, 0.12977949478329814], "k_pid_att": [26.274334048448438, 2.1336833131312174, 0.2793158764163089], "k_pid_yaw": [0.5, 1e-06, 0.1], "k_pid_hsp": [0.09067439459445086, 0.0, 0.0], "k_pid_vsp": [128.339473543151, 128.74341493008606, 1.0046973354611246]}, "datetime": {"datetime": "2025-08-12 05:51:51", "elapsed": 48391.22255754471, "delta": 17.816446781158447}, "costs": {"total_cost": 182.37297727995295, "time_cost": 72.926, "final_distance_cost": 1.8354887517672143, "oscillation_cost": 19.324756232127104, "completition_cost": 0.0, "overshoot_cost": 52.10130249259726, "power_cost": 14.274724731445314, "noise_cost": 21.91070507201607, "n_waypoints_completed": 9, "tot_waypoints": 9}}
{"target": -182.4492573860211, "params": {"k_pid_pos": [0.5228350778939445, 0.0, 0.0], "k_pid_alt": [1.6224978942002033, 0.0, 0.10669243732137966], "k_pid_att": [25.956593505595055, 2.191594786326523, 0.2435129410162934], "k_pid_yaw": [0.5, 1e-06, 0.1], "k_pid_hsp": [0.09130700572491128, 0.0, 0.0], "k_pid_vsp": [132.1472855556576, 87.21722813038912, 1.1329626840647695]}, "datetime": {"datetime": "2025-08-12 05:52:11", "elapsed": 48411.21652531624, "delta": 19.99396777153015}, "costs": {"total_cost": 182.4492573860211, "time_cost": 72.989, "final_distance_cost": 1.8364233628240563, "oscillation_cost": 19.19625782412034, "completition_cost": 0.0, "overshoot_cost": 52.14104091840018, "power_cost": 14.188946350097657, "noise_cost": 22.097588930578837, "n_waypoints_completed": 9, "tot_waypoints": 9}}
{"target": -181.7530941329156, "params": {"k_pid_pos": [0.5258958157401801, 0.0, 0.0], "k_pid_alt": [1.6021375178138986, 0.0, 0.11913481674769133], "k_pid_att": [26.124470653751505, 2.1301696694878425, 0.25929808436396756], "k_pid_yaw": [0.5, 1e-06, 0.1], "k_pid_hsp": [0.09064559059361302, 0.0, 0.0], "k_pid_vsp": [127.79313166724427, 125.61825219243306, 1.0437296891312011]}, "datetime": {"datetime": "2025-08-12 05:52:30", "elapsed": 48429.46612787247, "delta": 18.249602556228638}, "costs": {"total_cost": 181.7530941329156, "time_cost": 72.961, "final_distance_cost": 1.8107104343553788, "oscillation_cost": 19.09508004144787, "completition_cost": 0.0, "overshoot_cost": 51.77564626455955, "power_cost": 14.204384399414064, "noise_cost": 21.90627299313873, "n_waypoints_completed": 9, "tot_waypoints": 9}}
{"target": -182.6100533136196, "params": {"k_pid_pos": [0.5269494115242108, 0.0, 0.0], "k_pid_alt": [1.6199745669791081, 0.0, 0.11870242539504397], "k_pid_att": [23.2233758369607, 2.1663560496330585, 0.2287128017541987], "k_pid_yaw": [0.5, 1e-06, 0.1], "k_pid_hsp": [0.09109865608606703, 0.0, 0.0], "k_pid_vsp": [127.72644998230321, 126.62735580536098, 1.0094765611917194]}, "datetime": {"datetime": "2025-08-12 05:52:50", "elapsed": 48449.55062174797, "delta": 20.08449387550354}, "costs": {"total_cost": 182.6100533136196, "time_cost": 72.905, "final_distance_cost": 1.8280100425499732, "oscillation_cost": 19.347780395879052, "completition_cost": 0.0, "overshoot_cost": 52.38963957504396, "power_cost": 14.224851867675781, "noise_cost": 21.91477143247082, "n_waypoints_completed": 9, "tot_waypoints": 9}}
{"target": -181.65760175562917, "params": {"k_pid_pos": [0.5260525098804675, 0.0, 0.0], "k_pid_alt": [1.625263693968179, 0.0, 0.12342373558134472], "k_pid_att": [25.181270070390735, 2.129232623377723, 0.24643917652171687], "k_pid_yaw": [0.5, 1e-06, 0.1], "k_pid_hsp": [0.0907376524592319, 0.0, 0.0], "k_pid_vsp": [130.29570939987508, 125.0661599251592, 1.4045169109660773]}, "datetime": {"datetime": "2025-08-12 05:53:08", "elapsed": 48467.96669960022, "delta": 18.416077852249146}, "costs": {"total_cost": 181.65760175562917, "time_cost": 72.933, "final_distance_cost": 1.8207681157664617, "oscillation_cost": 19.107374858649628, "completition_cost": 0.0, "overshoot_cost": 51.68434774074358, "power_cost": 14.197276440429688, "noise_cost": 21.914834600039818, "n_waypoints_completed": 9, "tot_waypoints": 9}}
{"target": -182.1356116140075, "params": {"k_pid_pos": [0.5283898966373274, 0.0, 0.0], "k_pid_alt": [1.6246716572375612, 0.0, 0.11479267765517259], "k_pid_att": [27.674972569113525, 2.165577647601544, 0.23656389987442633], "k_pid_yaw": [0.5, 1e-06, 0.1], "k_pid_hsp": [0.09486009647658582, 0.0, 0.0], "k_pid_vsp": [128.2323478240194, 118.59851216763596, 1e-06]}, "datetime": {"datetime": "2025-08-12 05:53:27", "elapsed": 48486.902987241745, "delta": 18.93628764152527}, "costs": {"total_cost": 182.1356116140075, "time_cost": 72.765, "final_distance_cost": 1.8310686918543542, "oscillation_cost": 19.554561662456305, "completition_cost": 0.0, "overshoot_cost": 51.85489507245227, "power_cost": 14.245515502929688, "noise_cost": 21.884570684314863, "n_waypoints_completed": 9, "tot_waypoints": 9}}
{"target": -182.3061273154227, "params": {"k_pid_pos": [0.523651385030913, 0.0, 0.0], "k_pid_alt": [1.6170744074952526, 0.0, 0.11149007184582001], "k_pid_att": [26.235016775191813, 2.0212314071840933, 0.1957150383300307], "k_pid_yaw": [0.5, 1e-06, 0.1], "k_pid_hsp": [0.08991002034719361, 0.0, 0.0], "k_pid_vsp": [127.66657533267853, 127.26492121924571, 3.424053839571987]}, "datetime": {"datetime": "2025-08-12 05:53:46", "elapsed": 48505.835500240326, "delta": 18.932512998580933}, "costs": {"total_cost": 182.3061273154227, "time_cost": 72.996, "final_distance_cost": 1.8295946825490634, "oscillation_cost": 19.171653611460414, "completition_cost": 0.0, "overshoot_cost": 51.985302857883745, "power_cost": 14.23460078125, "noise_cost": 22.088975382279504, "n_waypoints_completed": 9, "tot_waypoints": 9}}
{"target": -182.56481482911462, "params": {"k_pid_pos": [0.6261810896965323, 0.0036844862435597005, 3.471785256520005e-05], "k_pid_alt": [1.616170177648989, 0.0, 0.13065028986747823], "k_pid_att": [25.261399240206686, 2.2350616442483737, 0.1408051088203469], "k_pid_yaw": [0.5, 1e-06, 0.1], "k_pid_hsp": [0.09065070456865858, 0.0011110875391573951, 0.0], "k_pid_vsp": [130.46194882931624, 128.327089138137, 1.6230727059742693]}, "datetime": {"datetime": "2025-08-12 05:54:05", "elapsed": 48525.328936100006, "delta": 19.493435859680176}, "costs": {"total_cost": 182.56481482911462, "time_cost": 71.771, "final_distance_cost": 1.8060170084221712, "oscillation_cost": 21.738160668922582, "completition_cost": 0.0, "overshoot_cost": 51.534126090011426, "power_cost": 14.150187585449219, "noise_cost": 21.565323476309203, "n_waypoints_completed": 9, "tot_waypoints": 9}}
{"target": -182.0466014880212, "params": {"k_pid_pos": [0.5222485433368522, 0.0, 0.0], "k_pid_alt": [1.6276675767210846, 0.0, 0.12559352842083282], "k_pid_att": [25.222266276054782, 2.093566518020175, 0.24834369486626717], "k_pid_yaw": [0.5, 1e-06, 0.1], "k_pid_hsp": [0.08981226205114799, 0.0, 0.0], "k_pid_vsp": [129.05661111473768, 135.23934977207784, 1.1188292985116743]}, "datetime": {"datetime": "2025-08-12 05:54:23", "elapsed": 48543.30021953583, "delta": 17.971283435821533}, "costs": {"total_cost": 182.0466014880212, "time_cost": 73.031, "final_distance_cost": 1.831273508263628, "oscillation_cost": 19.147038018037197, "completition_cost": 0.0, "overshoot_cost": 51.84942929831191, "power_cost": 14.196190673828125, "noise_cost": 21.991669989580352, "n_waypoints_completed": 9, "tot_waypoints": 9}}
{"target": -182.30790104237346, "params": {"k_pid_pos": [0.5255291017183206, 0.0, 0.0], "k_pid_alt": [1.6252398004684736, 0.0, 0.13492080761726313], "k_pid_att": [25.547735786429048, 2.120977153559689, 0.19368750517893432], "k_pid_yaw": [0.5, 1e-06, 0.1], "k_pid_hsp": [0.09202548623779448, 0.0, 0.0], "k_pid_vsp": [129.55041658056726, 123.7693814555109, 1.4674980462907836]}, "datetime": {"datetime": "2025-08-12 05:54:43", "elapsed": 48563.01853823662, "delta": 19.718318700790405}, "costs": {"total_cost": 182.30790104237346, "time_cost": 72.912, "final_distance_cost": 1.8190659547846415, "oscillation_cost": 19.54916094438558, "completition_cost": 0.0, "overshoot_cost": 51.95074315624756, "power_cost": 14.142995666503907, "noise_cost": 21.933935320451745, "n_waypoints_completed": 9, "tot_waypoints": 9}}
{"target": -182.5957486847367, "params": {"k_pid_pos": [0.5230536919037808, 0.0, 0.0], "k_pid_alt": [1.6382174608891096, 0.0, 0.13407727808981706], "k_pid_att": [23.011630358332543, 2.113530906771122, 0.2040572297014487], "k_pid_yaw": [0.5, 1e-06, 0.1], "k_pid_hsp": [0.09042025352327916, 0.0, 0.0], "k_pid_vsp": [137.61788283608183, 227.8996879755249, 1.2911640974433838]}, "datetime": {"datetime": "2025-08-12 05:55:01", "elapsed": 48580.69042491913, "delta": 17.671886682510376}, "costs": {"total_cost": 182.5957486847367, "time_cost": 72.996, "final_distance_cost": 1.8146052883347523, "oscillation_cost": 19.283829260915592, "completition_cost": 0.0, "overshoot_cost": 52.11756228944798, "power_cost": 14.370489477539063, "noise_cost": 22.0132623684993, "n_waypoints_completed": 9, "tot_waypoints": 9}}
{"target": -181.77462671006825, "params": {"k_pid_pos": [0.5252407117110314, 0.0, 0.0], "k_pid_alt": [1.634619531369689, 0.0, 0.11533095168220166], "k_pid_att": [25.76302410139604, 2.1315463820552067, 0.27553538181398435], "k_pid_yaw": [0.5, 1e-06, 0.1], "k_pid_hsp": [0.0905971019345962, 0.0, 0.0], "k_pid_vsp": [129.18397481493298, 128.24120790993044, 1.3281201767394046]}, "datetime": {"datetime": "2025-08-12 05:55:20", "elapsed": 48599.749708652496, "delta": 19.05928373336792}, "costs": {"total_cost": 181.77462671006825, "time_cost": 72.94, "final_distance_cost": 1.82948458990579, "oscillation_cost": 19.1568207764023, "completition_cost": 0.0, "overshoot_cost": 51.72212722766284, "power_cost": 14.199282543945314, "noise_cost": 21.926911572151983, "n_waypoints_completed": 9, "tot_waypoints": 9}}
{"target": -182.27519619708255, "params": {"k_pid_pos": [0.5255416525212151, 0.0, 0.0], "k_pid_alt": [1.611119192949609, 0.0, 0.18605716892409774], "k_pid_att": [25.10661003576803, 2.106332303506117, 0.24401787494049026], "k_pid_yaw": [0.5, 1e-06, 0.1], "k_pid_hsp": [0.09225801880606, 0.0, 0.0], "k_pid_vsp": [130.67133204122607, 125.71903904431848, 1.4405256117198473]}, "datetime": {"datetime": "2025-08-12 05:55:38", "elapsed": 48617.62732172012, "delta": 17.877613067626953}, "costs": {"total_cost": 182.27519619708255, "time_cost": 72.982, "final_distance_cost": 1.8364392635592182, "oscillation_cost": 19.277540839353378, "completition_cost": 0.0, "overshoot_cost": 51.88663920120296, "power_cost": 14.240122180175781, "noise_cost": 22.052454712791214, "n_waypoints_completed": 9, "tot_waypoints": 9}}
{"target": -182.08278024039694, "params": {"k_pid_pos": [0.5261424328652377, 0.0, 0.0], "k_pid_alt": [1.6269761105145888, 0.0, 0.12025714847177785], "k_pid_att": [25.589516423237317, 2.107082425403939, 0.24359794070370022], "k_pid_yaw": [0.5, 1e-06, 0.1], "k_pid_hsp": [0.09009451678829111, 0.0, 0.0], "k_pid_vsp": [130.28303341294077, 136.6109537269269, 0.8082039539406742]}, "datetime": {"datetime": "2025-08-12 05:55:57", "elapsed": 48637.211468696594, "delta": 19.584146976470947}, "costs": {"total_cost": 182.08278024039694, "time_cost": 72.95400000000001, "final_distance_cost": 1.8248358841223575, "oscillation_cost": 19.12250122629201, "completition_cost": 0.0, "overshoot_cost": 52.015452248718255, "power_cost": 14.26419188232422, "noise_cost": 21.901798998940112, "n_waypoints_completed": 9, "tot_waypoints": 9}}
{"target": -182.32346769331815, "params": {"k_pid_pos": [0.5775693329874496, 0.0, 0.0], "k_pid_alt": [1.615847293088495, 0.0, 0.12398786174919849], "k_pid_att": [25.34696443824718, 2.1316766515358614, 0.22423249565462963], "k_pid_yaw": [0.5, 1e-06, 0.1], "k_pid_hsp": [0.09886235487575773, 0.0, 0.0], "k_pid_vsp": [140.7150614517381, 128.34757494815753, 1.2832513124788338]}, "datetime": {"datetime": "2025-08-12 05:56:15", "elapsed": 48655.01162648201, "delta": 17.80015778541565}, "costs": {"total_cost": 182.32346769331815, "time_cost": 72.03, "final_distance_cost": 1.8334743370967599, "oscillation_cost": 21.03540700262573, "completition_cost": 0.0, "overshoot_cost": 51.69440023085388, "power_cost": 14.120621362304687, "noise_cost": 21.609564760437095, "n_waypoints_completed": 9, "tot_waypoints": 9}}
{"target": -182.29917525423062, "params": {"k_pid_pos": [0.5268137449485737, 0.0, 0.0], "k_pid_alt": [1.6224107331949424, 0.0, 0.12336704879966434], "k_pid_att": [25.410965313444056, 2.1273487506845496, 0.18254823630768563], "k_pid_yaw": [0.5, 1e-06, 0.1], "k_pid_hsp": [0.09043995978116087, 0.0, 0.0], "k_pid_vsp": [128.88001040252675, 123.97367762387698, 1.0932402110117776]}, "datetime": {"datetime": "2025-08-12 05:56:35", "elapsed": 48674.822034835815, "delta": 19.810408353805542}, "costs": {"total_cost": 182.29917525423062, "time_cost": 72.926, "final_distance_cost": 1.8361491729410542, "oscillation_cost": 19.17822217055497, "completition_cost": 0.0, "overshoot_cost": 52.13464937896012, "power_cost": 14.283299255371094, "noise_cost": 21.94085527640338, "n_waypoints_completed": 9, "tot_waypoints": 9}}
{"target": -181.74699838589896, "params": {"k_pid_pos": [0.5252355274808984, 0.0, 0.0], "k_pid_alt": [1.6388622083645685, 0.0, 0.11200018714504673], "k_pid_att": [25.146735275838118, 2.1426083247938235, 0.29551699235708845], "k_pid_yaw": [0.5, 1e-06, 0.1], "k_pid_hsp": [0.09070859551794194, 0.0, 0.0], "k_pid_vsp": [131.47853482141608, 125.157669889612, 1.4796745604620027]}, "datetime": {"datetime": "2025-08-12 05:56:53", "elapsed": 48692.573199510574, "delta": 17.75116467475891}, "costs": {"total_cost": 181.74699838589896, "time_cost": 72.94, "final_distance_cost": 1.826141666261698, "oscillation_cost": 19.11242429032113, "completition_cost": 0.0, "overshoot_cost": 51.727656304079545, "power_cost": 14.211282788085938, "noise_cost": 21.929493337150646, "n_waypoints_completed": 9, "tot_waypoints": 9}}
{"target": -182.0726599657026, "params": {"k_pid_pos": [0.5265722379581761, 0.0, 0.0], "k_pid_alt": [1.6202116141871865, 0.0, 0.12073385026100865], "k_pid_att": [25.77181349764513, 2.121739114802476, 0.25431085417223714], "k_pid_yaw": [0.5, 1e-06, 0.1], "k_pid_hsp": [0.09087456952253609, 0.0, 0.0], "k_pid_vsp": [129.7322818225386, 122.65875711933715, 0.8935295778700899]}, "datetime": {"datetime": "2025-08-12 05:57:12", "elapsed": 48711.446430921555, "delta": 18.873231410980225}, "costs": {"total_cost": 182.0726599657026, "time_cost": 72.926, "final_distance_cost": 1.8128652741569693, "oscillation_cost": 19.193622044725746, "completition_cost": 0.0, "overshoot_cost": 52.03259277431614, "power_cost": 14.187958020019533, "noise_cost": 21.919621852484227, "n_waypoints_completed": 9, "tot_waypoints": 9}}
{"target": -182.08284994811532, "params": {"k_pid_pos": [0.5357526793910163, 0.0, 0.0], "k_pid_alt": [1.6223286117822462, 0.0, 0.10435768000931038], "k_pid_att": [25.23031942063513, 2.58752077069837, 0.25318759166457827], "k_pid_yaw": [0.5, 1e-06, 0.1], "k_pid_hsp": [0.09219303549481399, 0.0, 0.0], "k_pid_vsp": [133.2629317739894, 126.78431105570954, 1.360250514818495]}, "datetime": {"datetime": "2025-08-12 05:57:29", "elapsed": 48729.11496973038, "delta": 17.668538808822632}, "costs": {"total_cost": 182.08284994811532, "time_cost": 72.723, "final_distance_cost": 1.8237380640415384, "oscillation_cost": 19.569277566060098, "completition_cost": 0.0, "overshoot_cost": 51.802955960493264, "power_cost": 14.261411096191408, "noise_cost": 21.902467261329036, "n_waypoints_completed": 9, "tot_waypoints": 9}}
{"target": -182.59920548571367, "params": {"k_pid_pos": [0.5735822706109829, 0.0, 0.0], "k_pid_alt": [1.6448296647674738, 0.0, 0.12173216425365971], "k_pid_att": [26.707796968239215, 2.10061308416143, 0.21281340064860377], "k_pid_yaw": [0.5, 1e-06, 0.1], "k_pid_hsp": [0.08901843120103244, 0.0, 0.0], "k_pid_vsp": [131.21282989234732, 126.08882570943085, 1.46344765769001]}, "datetime": {"datetime": "2025-08-12 05:57:49", "elapsed": 48748.43388724327, "delta": 19.318917512893677}, "costs": {"total_cost": 182.59920548571367, "time_cost": 72.408, "final_distance_cost": 1.833505148254355, "oscillation_cost": 20.32490895950014, "completition_cost": 0.0, "overshoot_cost": 52.20647545309442, "power_cost": 14.14104969482422, "noise_cost": 21.68526623004052, "n_waypoints_completed": 9, "tot_waypoints": 9}}
