{"target": -1248.1711227907736, "params": {"k_pid_pos": [1.518434255375244, 0.24199744257099967, 0.0], "k_pid_alt": [1.6659943120489962, 0.0, 0.18539528824248602], "k_pid_att": [15.322024814124305, 3.8237840528710767, 0.17279048651388795], "k_pid_yaw": [0.5, 1e-06, 0.1], "k_pid_hsp": [0.0001, 0.0, 0.0], "k_pid_vsp": [182.59423296285183, 49.322420008843984, 1e-06]}, "datetime": {"datetime": "2025-08-11 18:07:20", "elapsed": 6119.384013414383, "delta": 31.956462621688843}, "costs": {"total_cost": 1248.1711227907736, "time_cost": 150, "final_distance_cost": 49.350205461750086, "oscillation_cost": 0.005104198757801741, "completition_cost": 888.8888888888888, "overshoot_cost": 105.81265939107277, "power_cost": 21.011023474121096, "noise_cost": 33.103241376182886, "n_waypoints_completed": 1, "tot_waypoints": 9}}
{"target": -1359.7701367794316, "params": {"k_pid_pos": [1.8609910297197212, 0.37923792382967214, 0.0], "k_pid_alt": [1.5548862833723216, 0.0760189261501664, 0.45509228231363175], "k_pid_att": [2.4887075679482145, 4.099979697110738, 0.18636063437635333], "k_pid_yaw": [0.5, 1e-06, 0.1], "k_pid_hsp": [0.0001, 0.2082033337837776, 0.0], "k_pid_vsp": [151.91738911006442, 83.66312161062407, 1e-06]}, "datetime": {"datetime": "2025-08-11 18:07:50", "elapsed": 6149.52893948555, "delta": 30.144926071166992}, "costs": {"total_cost": 1359.7701367794316, "time_cost": 150, "final_distance_cost": 58.19074411607488, "oscillation_cost": 112.94310575072711, "completition_cost": 888.8888888888888, "overshoot_cost": 78.8763044834461, "power_cost": 34.95454631347656, "noise_cost": 35.91654722681793, "n_waypoints_completed": 1, "tot_waypoints": 9}}
{"target": -203.000486658784, "params": {"k_pid_pos": [1.2735170226270296, 0.21044526056773882, 0.28910551010097796], "k_pid_alt": [1.273966767741074, 0.02412007387774557, 0.013769275599846087], "k_pid_att": [33.00800424216183, 3.1762309244081934, 0.0], "k_pid_yaw": [0.5, 1e-06, 0.1], "k_pid_hsp": [0.9773132130090001, 0.20250735439885514, 0.0], "k_pid_vsp": [233.38081813545978, 70.88324864823092, 1e-06]}, "datetime": {"datetime": "2025-08-11 18:08:08", "elapsed": 6167.881474733353, "delta": 18.352535247802734}, "costs": {"total_cost": 203.000486658784, "time_cost": 72.618, "final_distance_cost": 1.8323575879478518, "oscillation_cost": 40.369738643561504, "completition_cost": 0.0, "overshoot_cost": 50.85676845441786, "power_cost": 15.462530676269532, "noise_cost": 21.86109129658726, "n_waypoints_completed": 9, "tot_waypoints": 9}}
{"target": -1385.1923883157187, "params": {"k_pid_pos": [0.09817299484955934, 0.05394265770937035, 0.0], "k_pid_alt": [1.4936695357789005, 0.0, 0.3566384734757967], "k_pid_att": [11.68287130144768, 3.700699633620151, 0.21764254428873783], "k_pid_yaw": [0.5, 1e-06, 0.1], "k_pid_hsp": [0.0001, 0.05161282780809101, 0.14661490081678766], "k_pid_vsp": [165.89507374887373, 64.69637279477192, 1e-06]}, "datetime": {"datetime": "2025-08-11 18:08:38", "elapsed": 6197.72500705719, "delta": 29.84353232383728}, "costs": {"total_cost": 1385.1923883157187, "time_cost": 150, "final_distance_cost": 50.424326050094905, "oscillation_cost": 385.84215738228056, "completition_cost": 666.6666666666667, "overshoot_cost": 74.52862454645364, "power_cost": 25.556597326660157, "noise_cost": 32.17401634356263, "n_waypoints_completed": 3, "tot_waypoints": 9}}
{"target": -1247.7663816061824, "params": {"k_pid_pos": [1.6303394229146313, 0.018327216299486415, 0.0], "k_pid_alt": [1.955120162634466, 0.056397405051319224, 0.29849631130400245], "k_pid_att": [16.656369910045097, 0.0001, 0.11259636112687905], "k_pid_yaw": [0.5, 1e-06, 0.1], "k_pid_hsp": [0.0001, 0.0, 0.0], "k_pid_vsp": [251.80203188826272, 39.2915303524769, 1e-06]}, "datetime": {"datetime": "2025-08-11 18:09:08", "elapsed": 6227.581068754196, "delta": 29.856061697006226}, "costs": {"total_cost": 1247.7663816061824, "time_cost": 150, "final_distance_cost": 48.97279487089871, "oscillation_cost": 0.01012543827707626, "completition_cost": 888.8888888888888, "overshoot_cost": 105.7596383800996, "power_cost": 21.025512170410156, "noise_cost": 33.10942185760808, "n_waypoints_completed": 1, "tot_waypoints": 9}}
{"target": -213.16750898904365, "params": {"k_pid_pos": [1.17582109668953, 0.24533852864326844, 0.0], "k_pid_alt": [1.4973339026730392, 0.0, 0.3228794733822739], "k_pid_att": [25.62145692215798, 2.2999229709829203, 0.0], "k_pid_yaw": [0.5, 1e-06, 0.1], "k_pid_hsp": [0.061328627903688426, 0.0, 0.0], "k_pid_vsp": [137.09057787254713, 36.94701800804087, 1e-06]}, "datetime": {"datetime": "2025-08-11 18:09:29", "elapsed": 6248.448877811432, "delta": 20.867809057235718}, "costs": {"total_cost": 213.16750898904365, "time_cost": 84.63, "final_distance_cost": 1.7340370014920068, "oscillation_cost": 31.609529294817612, "completition_cost": 0.0, "overshoot_cost": 53.71931379339864, "power_cost": 16.710248596191406, "noise_cost": 24.76438030314398, "n_waypoints_completed": 9, "tot_waypoints": 9}}
{"target": -197.01975783756296, "params": {"k_pid_pos": [1.0988331404326677, 0.2551033947238398, 0.0], "k_pid_alt": [1.9100555227835536, 0.0, 0.3080783410487278], "k_pid_att": [30.798806908806007, 3.203801717724794, 0.10175678085846646], "k_pid_yaw": [0.5, 1e-06, 0.1], "k_pid_hsp": [0.4437939489606886, 0.0, 0.0], "k_pid_vsp": [235.8148166902627, 37.28862862251529, 1e-06]}, "datetime": {"datetime": "2025-08-11 18:09:47", "elapsed": 6266.695205450058, "delta": 18.2463276386261}, "costs": {"total_cost": 197.01975783756296, "time_cost": 73.521, "final_distance_cost": 1.7863766114394475, "oscillation_cost": 32.295862540594875, "completition_cost": 0.0, "overshoot_cost": 51.552214532837844, "power_cost": 15.669885668945314, "noise_cost": 22.19441848374548, "n_waypoints_completed": 9, "tot_waypoints": 9}}
{"target": -223.49740983695582, "params": {"k_pid_pos": [0.2598046855941486, 0.2953035916730152, 0.0], "k_pid_alt": [1.9393024319730194, 0.0, 0.7356590023749852], "k_pid_att": [12.69862561238062, 0.8843540715249829, 0.2374060880797188], "k_pid_yaw": [0.5, 1e-06, 0.1], "k_pid_hsp": [0.3162273201743613, 0.0, 0.0], "k_pid_vsp": [136.55845954691793, 1e-06, 0.06626903904794101]}, "datetime": {"datetime": "2025-08-11 18:10:11", "elapsed": 6290.62745308876, "delta": 23.932247638702393}, "costs": {"total_cost": 223.49740983695582, "time_cost": 96.271, "final_distance_cost": 1.8056593679929462, "oscillation_cost": 24.495753163232703, "completition_cost": 0.0, "overshoot_cost": 54.06681994717735, "power_cost": 18.45926260986328, "noise_cost": 28.39891474868951, "n_waypoints_completed": 9, "tot_waypoints": 9}}
{"target": -196.37526146400182, "params": {"k_pid_pos": [0.9810791686196509, 0.21778236459868455, 0.0], "k_pid_alt": [1.4413466850148846, 0.0, 0.23418630630069595], "k_pid_att": [5.856701818853009, 3.0518572748227317, 0.20010131271494336], "k_pid_yaw": [0.5, 1e-06, 0.1], "k_pid_hsp": [0.4465929168916096, 0.0, 0.0], "k_pid_vsp": [238.40064018376893, 49.228512827657106, 1e-06]}, "datetime": {"datetime": "2025-08-11 18:10:29", "elapsed": 6308.885436296463, "delta": 18.257983207702637}, "costs": {"total_cost": 196.37526146400182, "time_cost": 73.822, "final_distance_cost": 1.7947575921241818, "oscillation_cost": 32.26331265526752, "completition_cost": 0.0, "overshoot_cost": 50.92601806631392, "power_cost": 15.583364685058594, "noise_cost": 21.9858084652376, "n_waypoints_completed": 9, "tot_waypoints": 9}}
{"target": -186.5453315727018, "params": {"k_pid_pos": [1.0688148377934086, 0.08067926026253894, 0.14904797764669145], "k_pid_alt": [1.4196275730781325, 0.002320279568404644, 0.28113931071046494], "k_pid_att": [17.25378854854656, 2.9444015457123394, 0.18336768407481596], "k_pid_yaw": [0.5, 1e-06, 0.1], "k_pid_hsp": [0.19439943264822926, 0.006431680868286433, 0.0], "k_pid_vsp": [200.75780743684984, 54.5353920997292, 2.5421366212372623]}, "datetime": {"datetime": "2025-08-11 18:10:46", "elapsed": 6325.625089883804, "delta": 16.73965358734131}, "costs": {"total_cost": 186.5453315727018, "time_cost": 69.965, "final_distance_cost": 1.810549545390895, "oscillation_cost": 28.76119674923408, "completition_cost": 0.0, "overshoot_cost": 50.75524419531816, "power_cost": 14.37891600341797, "noise_cost": 20.874425079340693, "n_waypoints_completed": 9, "tot_waypoints": 9}}
{"target": -1255.9479862146143, "params": {"k_pid_pos": [1.257173210646276, 0.0450107011407438, 0.0], "k_pid_alt": [1.4112414642744482, 0.007648518892665329, 0.2879200647515504], "k_pid_att": [0.8405881197125051, 1.9533827193391866, 0.009015240777472816], "k_pid_yaw": [0.5, 1e-06, 0.1], "k_pid_hsp": [0.0001, 0.0, 0.0], "k_pid_vsp": [134.53934912879464, 35.675134401753844, 1e-06]}, "datetime": {"datetime": "2025-08-11 18:11:17", "elapsed": 6356.406334638596, "delta": 30.78124475479126}, "costs": {"total_cost": 1255.9479862146143, "time_cost": 150, "final_distance_cost": 48.715691687654676, "oscillation_cost": 8.93065921616794, "completition_cost": 888.8888888888888, "overshoot_cost": 105.29141170335228, "power_cost": 21.011731359863283, "noise_cost": 33.10960335868751, "n_waypoints_completed": 1, "tot_waypoints": 9}}
{"target": -191.59605145478855, "params": {"k_pid_pos": [1.2673663894197258, 0.1883192236003009, 0.0], "k_pid_alt": [1.2259238855366956, 0.0, 0.23409716388090002], "k_pid_att": [9.865101639390558, 1.9417556126689424, 0.18940045882584056], "k_pid_yaw": [0.5, 1e-06, 0.1], "k_pid_hsp": [0.5501252292242566, 0.0, 0.0], "k_pid_vsp": [163.03058080441082, 38.386074599006086, 1e-06]}, "datetime": {"datetime": "2025-08-11 18:11:34", "elapsed": 6374.090436935425, "delta": 17.684102296829224}, "costs": {"total_cost": 191.59605145478855, "time_cost": 70.574, "final_distance_cost": 1.8098251136547798, "oscillation_cost": 32.11272441640464, "completition_cost": 0.0, "overshoot_cost": 50.85693993533283, "power_cost": 15.130041979980469, "noise_cost": 21.112520009415835, "n_waypoints_completed": 9, "tot_waypoints": 9}}
{"target": -188.30085739785224, "params": {"k_pid_pos": [0.8104612514022219, 0.09930590983369586, 0.0], "k_pid_alt": [1.4719602998765622, 0.024526748935532222, 0.39974471525957367], "k_pid_att": [11.520819137498505, 3.343253419188085, 0.11725807031538442], "k_pid_yaw": [0.5, 1e-06, 0.1], "k_pid_hsp": [0.33898287948427697, 0.0, 0.0], "k_pid_vsp": [245.82087415270496, 36.097726706390574, 1e-06]}, "datetime": {"datetime": "2025-08-11 18:11:52", "elapsed": 6391.6323437690735, "delta": 17.54190683364868}, "costs": {"total_cost": 188.30085739785224, "time_cost": 70.98, "final_distance_cost": 1.8325550130920736, "oscillation_cost": 28.03852843491811, "completition_cost": 0.0, "overshoot_cost": 51.13627359946647, "power_cost": 14.583882067871095, "noise_cost": 21.729618282504493, "n_waypoints_completed": 9, "tot_waypoints": 9}}
{"target": -189.10473848873545, "params": {"k_pid_pos": [1.027243330579922, 0.07543901858883853, 0.0], "k_pid_alt": [1.4241484908722648, 0.0, 0.4452518919136209], "k_pid_att": [14.882288495599205, 3.0887782773225907, 0.2931057782496186], "k_pid_yaw": [0.5, 1e-06, 0.1], "k_pid_hsp": [0.3981807856100087, 0.0, 0.0], "k_pid_vsp": [133.74828565101436, 45.88061061732491, 1e-06]}, "datetime": {"datetime": "2025-08-11 18:12:10", "elapsed": 6409.572217941284, "delta": 17.939874172210693}, "costs": {"total_cost": 189.10473848873545, "time_cost": 70.231, "final_distance_cost": 1.8177133224824638, "oscillation_cost": 30.37358610660339, "completition_cost": 0.0, "overshoot_cost": 50.94041931234282, "power_cost": 14.73184765625, "noise_cost": 21.010172091056763, "n_waypoints_completed": 9, "tot_waypoints": 9}}
{"target": -200.75444027845947, "params": {"k_pid_pos": [1.1253466624833937, 0.09964016963568322, 0.0], "k_pid_alt": [1.4362546382545462, 0.0, 0.6098709501520163], "k_pid_att": [1.4363158245446197, 3.3060967576694495, 0.21435039431337688], "k_pid_yaw": [0.5, 1e-06, 0.1], "k_pid_hsp": [0.14554481393822208, 0.0, 0.0], "k_pid_vsp": [104.54113451958912, 18.99004196067151, 1e-06]}, "datetime": {"datetime": "2025-08-11 18:12:28", "elapsed": 6427.912256479263, "delta": 18.340038537979126}, "costs": {"total_cost": 200.75444027845947, "time_cost": 72.758, "final_distance_cost": 1.813220453897577, "oscillation_cost": 38.516785714435514, "completition_cost": 0.0, "overshoot_cost": 50.85991115208843, "power_cost": 15.3924412109375, "noise_cost": 21.41408174710045, "n_waypoints_completed": 9, "tot_waypoints": 9}}
{"target": -210.45715697175982, "params": {"k_pid_pos": [0.9997349272469644, 0.03884050622464917, 0.0], "k_pid_alt": [1.5008691817572692, 0.0, 0.34531690942887716], "k_pid_att": [4.25017261222637, 4.350390548153357, 0.18914745166024088], "k_pid_yaw": [0.5, 1e-06, 0.1], "k_pid_hsp": [0.43231207793397086, 0.25587362914050604, 0.0], "k_pid_vsp": [167.53653495281932, 72.6163592642057, 1e-06]}, "datetime": {"datetime": "2025-08-11 18:12:47", "elapsed": 6446.476211071014, "delta": 18.5639545917511}, "costs": {"total_cost": 210.45715697175982, "time_cost": 70.406, "final_distance_cost": 1.854300539152285, "oscillation_cost": 50.96237525511323, "completition_cost": 0.0, "overshoot_cost": 49.70621152264879, "power_cost": 16.14594764404297, "noise_cost": 21.38232201080253, "n_waypoints_completed": 9, "tot_waypoints": 9}}
{"target": -191.76745009958927, "params": {"k_pid_pos": [0.8890742444960698, 0.0953081225975407, 0.0], "k_pid_alt": [1.463165356417448, 0.0, 0.5517955379325051], "k_pid_att": [5.679691894912779, 3.0877586059647126, 0.2185897025759547], "k_pid_yaw": [0.5, 1e-06, 0.1], "k_pid_hsp": [0.581863745395851, 0.0, 0.0], "k_pid_vsp": [205.0172446681516, 67.54049205929289, 1e-06]}, "datetime": {"datetime": "2025-08-11 18:13:05", "elapsed": 6464.6743149757385, "delta": 18.19810390472412}, "costs": {"total_cost": 191.76745009958927, "time_cost": 71.057, "final_distance_cost": 1.8244398989243453, "oscillation_cost": 32.38802133436088, "completition_cost": 0.0, "overshoot_cost": 50.240094641106964, "power_cost": 14.825193957519533, "noise_cost": 21.432700267677543, "n_waypoints_completed": 9, "tot_waypoints": 9}}
{"target": -1234.2291824241577, "params": {"k_pid_pos": [0.6796358129837364, 0.07259331176665115, 0.0], "k_pid_alt": [2.0, 0.0, 0.3780529083223344], "k_pid_att": [6.78242595111051, 4.572284310310535, 0.281793919824072], "k_pid_yaw": [0.5, 1e-06, 0.1], "k_pid_hsp": [0.0001, 0.0, 0.0], "k_pid_vsp": [278.1219347825531, 1e-06, 1e-06]}, "datetime": {"datetime": "2025-08-11 18:13:35", "elapsed": 6494.697718858719, "delta": 30.023403882980347}, "costs": {"total_cost": 1234.2291824241577, "time_cost": 150, "final_distance_cost": 46.70539046984297, "oscillation_cost": 0.004014298437283368, "completition_cost": 888.8888888888888, "overshoot_cost": 94.49019540744023, "power_cost": 21.023900817871095, "noise_cost": 33.116792541677384, "n_waypoints_completed": 1, "tot_waypoints": 9}}
{"target": -241.96029214220977, "params": {"k_pid_pos": [0.556522523876997, 0.5026243814735645, 0.0], "k_pid_alt": [1.4705112294010958, 0.0, 0.4292972835434067], "k_pid_att": [13.425505675571474, 3.1188674162809606, 0.23164862432265532], "k_pid_yaw": [0.5, 1e-06, 0.1], "k_pid_hsp": [0.15857840269921622, 0.0, 0.0], "k_pid_vsp": [203.26168015635494, 48.0784345715436, 1.646850600020306]}, "datetime": {"datetime": "2025-08-11 18:14:00", "elapsed": 6519.5827832221985, "delta": 24.885064363479614}, "costs": {"total_cost": 241.96029214220977, "time_cost": 100.051, "final_distance_cost": 1.7357179034218073, "oscillation_cost": 35.559848949248845, "completition_cost": 0.0, "overshoot_cost": 55.035812942475225, "power_cost": 20.14994862060547, "noise_cost": 29.427963726458415, "n_waypoints_completed": 9, "tot_waypoints": 9}}
{"target": -198.99476829181793, "params": {"k_pid_pos": [1.3803332434764426, 0.06637157817405681, 0.0479808169432174], "k_pid_alt": [1.5262732288103822, 0.0, 0.530873221454667], "k_pid_att": [47.80890226030203, 0.9209299683714327, 0.1023971229076458], "k_pid_yaw": [0.5, 1e-06, 0.1], "k_pid_hsp": [1.8511624980899937, 0.0, 0.0], "k_pid_vsp": [168.85899810319782, 31.029999388964445, 1e-06]}, "datetime": {"datetime": "2025-08-11 18:14:18", "elapsed": 6537.505743503571, "delta": 17.92296028137207}, "costs": {"total_cost": 198.99476829181793, "time_cost": 70.126, "final_distance_cost": 1.7937060766634445, "oscillation_cost": 40.043827019739865, "completition_cost": 0.0, "overshoot_cost": 51.15367454630524, "power_cost": 15.065571325683594, "noise_cost": 20.811989323425784, "n_waypoints_completed": 9, "tot_waypoints": 9}}
{"target": -189.32517795690916, "params": {"k_pid_pos": [1.15675636349247, 0.04862360115133557, 0.22272989857150136], "k_pid_alt": [1.5480849004400463, 0.0, 0.26326178616803764], "k_pid_att": [9.953566631731348, 2.962403795202138, 0.19796072970311862], "k_pid_yaw": [0.5, 1e-06, 0.1], "k_pid_hsp": [0.4882478557240738, 0.0, 0.0], "k_pid_vsp": [185.76283741772693, 44.13433624025377, 1e-06]}, "datetime": {"datetime": "2025-08-11 18:14:35", "elapsed": 6554.889417171478, "delta": 17.383673667907715}, "costs": {"total_cost": 189.32517795690916, "time_cost": 69.965, "final_distance_cost": 1.8309610048805858, "oscillation_cost": 31.139209240967567, "completition_cost": 0.0, "overshoot_cost": 50.526231644851975, "power_cost": 14.661263635253906, "noise_cost": 21.202512430955125, "n_waypoints_completed": 9, "tot_waypoints": 9}}
{"target": -194.5796445198417, "params": {"k_pid_pos": [1.3741839211485114, 0.22846776850006997, 0.0], "k_pid_alt": [1.517778694995732, 0.0, 0.0], "k_pid_att": [6.426874155699359, 3.1716245029714805, 0.2431609062662092], "k_pid_yaw": [0.5, 1e-06, 0.1], "k_pid_hsp": [0.19408609272712873, 0.0, 0.0], "k_pid_vsp": [117.95873532987349, 1e-06, 3.6302535598959986]}, "datetime": {"datetime": "2025-08-11 18:14:53", "elapsed": 6572.742939949036, "delta": 17.853522777557373}, "costs": {"total_cost": 194.5796445198417, "time_cost": 71.743, "final_distance_cost": 1.759901582972204, "oscillation_cost": 32.538468633152696, "completition_cost": 0.0, "overshoot_cost": 51.84462284472469, "power_cost": 15.103851293945313, "noise_cost": 21.589800165046785, "n_waypoints_completed": 9, "tot_waypoints": 9}}
{"target": -187.28192227317427, "params": {"k_pid_pos": [0.9102794935186092, 0.02432317424002678, 0.0], "k_pid_alt": [1.2798915908695319, 0.0, 0.42166315185614006], "k_pid_att": [8.65649320651453, 3.0676155924893327, 0.19134256394849145], "k_pid_yaw": [0.5, 1e-06, 0.1], "k_pid_hsp": [0.13906834493827033, 0.0, 0.0], "k_pid_vsp": [187.5983860401379, 38.13306082327902, 1e-06]}, "datetime": {"datetime": "2025-08-11 18:15:11", "elapsed": 6590.7920842170715, "delta": 18.04914426803589}, "costs": {"total_cost": 187.28192227317427, "time_cost": 71.232, "final_distance_cost": 1.8205856757245433, "oscillation_cost": 27.453368457537817, "completition_cost": 0.0, "overshoot_cost": 51.159708897260884, "power_cost": 14.450551098632813, "noise_cost": 21.165708144018208, "n_waypoints_completed": 9, "tot_waypoints": 9}}
{"target": -6456.448111152562, "params": {"k_pid_pos": [1.174593723789204, 0.3804325985259881, 0.17579503352487386], "k_pid_alt": [1.5836537612819455, 0.2935774219025777, 0.3920339716635465], "k_pid_att": [0.0, 2.2302213390107535, 0.9807531505035665], "k_pid_yaw": [0.5, 1e-06, 0.1], "k_pid_hsp": [1.0251781229083945, 0.02776866118394891, 0.08975342126359154], "k_pid_vsp": [176.84368267443585, 229.3890339129237, 70.21586354090879]}, "datetime": {"datetime": "2025-08-11 18:15:40", "elapsed": 6620.338639974594, "delta": 29.546555757522583}, "costs": {"total_cost": 6456.448111152562, "time_cost": 150, "final_distance_cost": 915.4068610964023, "oscillation_cost": 1989.2340164598165, "completition_cost": 1000.0, "overshoot_cost": 2178.398226586854, "power_cost": 58.570940661621094, "noise_cost": 164.8380663478681, "n_waypoints_completed": 0, "tot_waypoints": 9}}
{"target": -187.0352841415728, "params": {"k_pid_pos": [0.8726854167139223, 0.08734680710747604, 0.0], "k_pid_alt": [1.4845933069287711, 0.0, 0.3262056673853499], "k_pid_att": [7.557664254003873, 3.2608748902018436, 0.15759439053551694], "k_pid_yaw": [0.5, 1e-06, 0.1], "k_pid_hsp": [0.18349658227276056, 0.0, 0.0], "k_pid_vsp": [177.256856944542, 38.51447013264422, 1e-06]}, "datetime": {"datetime": "2025-08-11 18:15:58", "elapsed": 6637.864428281784, "delta": 17.52578830718994}, "costs": {"total_cost": 187.0352841415728, "time_cost": 70.651, "final_distance_cost": 1.8271200408024235, "oscillation_cost": 27.89397993452218, "completition_cost": 0.0, "overshoot_cost": 51.02210496407624, "power_cost": 14.513339282226562, "noise_cost": 21.12773991994537, "n_waypoints_completed": 9, "tot_waypoints": 9}}
{"target": -190.29162072442728, "params": {"k_pid_pos": [1.1439869855205655, 0.04664919247243144, 0.0], "k_pid_alt": [1.3561714176635764, 0.0, 0.5854051490057566], "k_pid_att": [7.854588759999825, 2.818453511454054, 0.16689807363179188], "k_pid_yaw": [0.5, 1e-06, 0.1], "k_pid_hsp": [0.26532056513586444, 0.025707571930965477, 0.0], "k_pid_vsp": [191.8142006714234, 52.895940011457554, 1e-06]}, "datetime": {"datetime": "2025-08-11 18:16:16", "elapsed": 6655.451865911484, "delta": 17.587437629699707}, "costs": {"total_cost": 190.29162072442728, "time_cost": 70.196, "final_distance_cost": 1.8269979630325206, "oscillation_cost": 32.29519848563061, "completition_cost": 0.0, "overshoot_cost": 50.46508922906328, "power_cost": 14.796856640625, "noise_cost": 20.71147840607584, "n_waypoints_completed": 9, "tot_waypoints": 9}}
