{"target": -182.21648262828586, "params": {"k_pid_pos": [0.5174168503434083, 0.0, 0.0], "k_pid_alt": [1.6098873199207369, 0.0, 0.15430537107473435], "k_pid_att": [26.378433492654693, 2.0516995976055528, 0.21910816563943636], "k_pid_yaw": [0.5, 1e-06, 0.1], "k_pid_hsp": [0.09090212490895831, 0.0, 0.0], "k_pid_vsp": [128.22093004754407, 251.8825952657637, 4.466080288948644]}, "datetime": {"datetime": "2025-08-12 03:49:32", "elapsed": 41052.1151971817, "delta": 18.258849620819092}, "costs": {"total_cost": 182.21648262828586, "time_cost": 73.122, "final_distance_cost": 1.820583144217989, "oscillation_cost": 19.21648692405122, "completition_cost": 0.0, "overshoot_cost": 51.89525423774248, "power_cost": 14.277562768554688, "noise_cost": 21.884595553719457, "n_waypoints_completed": 9, "tot_waypoints": 9}}
{"target": -182.67878092730103, "params": {"k_pid_pos": [0.5264680205427933, 0.005905729715731976, 0.00030466809664066435], "k_pid_alt": [1.6074316847245078, 0.0, 0.15954533718226066], "k_pid_att": [25.420866558485397, 2.2382697842787014, 0.19910349051031204], "k_pid_yaw": [0.5, 1e-06, 0.1], "k_pid_hsp": [0.09234251459499268, 5.3596263363239575e-05, 0.0], "k_pid_vsp": [128.15102728890082, 123.58791102584853, 1.5315983906485136]}, "datetime": {"datetime": "2025-08-12 03:49:52", "elapsed": 41071.64167046547, "delta": 19.5264732837677}, "costs": {"total_cost": 182.67878092730103, "time_cost": 72.961, "final_distance_cost": 1.8233920044294416, "oscillation_cost": 19.74718184265865, "completition_cost": 0.0, "overshoot_cost": 52.017718905591586, "power_cost": 14.244203491210937, "noise_cost": 21.885284683410433, "n_waypoints_completed": 9, "tot_waypoints": 9}}
{"target": -182.44066009085327, "params": {"k_pid_pos": [0.529385563276007, 0.0, 0.0], "k_pid_alt": [1.615484699055536, 0.0, 0.12880926935687728], "k_pid_att": [25.452760144605012, 2.0710244621514944, 0.18390833712939858], "k_pid_yaw": [0.5, 1e-06, 0.1], "k_pid_hsp": [0.08774301728541703, 0.0, 0.0], "k_pid_vsp": [128.10853281301902, 112.06595174532919, 1.0986236620521745]}, "datetime": {"datetime": "2025-08-12 03:50:10", "elapsed": 41089.88852381706, "delta": 18.246853351593018}, "costs": {"total_cost": 182.44066009085327, "time_cost": 73.038, "final_distance_cost": 1.813015404968606, "oscillation_cost": 19.15624211530737, "completition_cost": 0.0, "overshoot_cost": 52.19534729399005, "power_cost": 14.206888525390626, "noise_cost": 22.03116675119661, "n_waypoints_completed": 9, "tot_waypoints": 9}}
{"target": -181.82886635228124, "params": {"k_pid_pos": [0.5225969678152848, 0.0, 0.0], "k_pid_alt": [1.6150785219013706, 0.0, 0.13371324896206235], "k_pid_att": [25.65610186875832, 2.1229584192878703, 0.2360543506133117], "k_pid_yaw": [0.5, 1e-06, 0.1], "k_pid_hsp": [0.09222972591765068, 0.0, 0.0], "k_pid_vsp": [128.34690087132066, 124.28308689990388, 1.0773977814089064]}, "datetime": {"datetime": "2025-08-12 03:50:29", "elapsed": 41109.37161111832, "delta": 19.483087301254272}, "costs": {"total_cost": 181.82886635228124, "time_cost": 72.95400000000001, "final_distance_cost": 1.814605692874898, "oscillation_cost": 19.19183637282219, "completition_cost": 0.0, "overshoot_cost": 51.7600132288991, "power_cost": 14.200319384765626, "noise_cost": 21.908091672919394, "n_waypoints_completed": 9, "tot_waypoints": 9}}
{"target": -182.51696426541423, "params": {"k_pid_pos": [0.5178468644491344, 0.0, 0.0], "k_pid_alt": [1.5616486502517906, 0.0, 0.1326253647805036], "k_pid_att": [24.669208567760652, 2.1339602626029195, 0.2231571081663892], "k_pid_yaw": [0.5, 1e-06, 0.1], "k_pid_hsp": [0.09081568141561033, 0.0, 0.0], "k_pid_vsp": [133.90029548507343, 170.33120027979584, 1.1990473850188441]}, "datetime": {"datetime": "2025-08-12 03:50:48", "elapsed": 41127.85596203804, "delta": 18.48435091972351}, "costs": {"total_cost": 182.51696426541423, "time_cost": 73.129, "final_distance_cost": 1.819096132336569, "oscillation_cost": 19.268934557175555, "completition_cost": 0.0, "overshoot_cost": 52.11894445572076, "power_cost": 14.257165502929688, "noise_cost": 21.92382361725166, "n_waypoints_completed": 9, "tot_waypoints": 9}}
{"target": -181.8384529537821, "params": {"k_pid_pos": [0.5267081054512631, 0.0, 0.0], "k_pid_alt": [1.6147487912015241, 0.0, 0.12225145627019317], "k_pid_att": [26.012439165992532, 2.1330631180359543, 0.23673461306046406], "k_pid_yaw": [0.5, 1e-06, 0.1], "k_pid_hsp": [0.09102964236403796, 0.0, 0.0], "k_pid_vsp": [130.15284012235094, 127.57331240818937, 1.2482487565904876]}, "datetime": {"datetime": "2025-08-12 03:51:07", "elapsed": 41147.368982076645, "delta": 19.513020038604736}, "costs": {"total_cost": 181.8384529537821, "time_cost": 72.933, "final_distance_cost": 1.8264752471271963, "oscillation_cost": 19.292855530215547, "completition_cost": 0.0, "overshoot_cost": 51.668083756644776, "power_cost": 14.196807092285157, "noise_cost": 21.921231327509417, "n_waypoints_completed": 9, "tot_waypoints": 9}}
{"target": -182.26102864443797, "params": {"k_pid_pos": [0.5256281393854231, 0.0, 0.0], "k_pid_alt": [1.6082686814471707, 0.0, 0.23572486568293097], "k_pid_att": [25.870582179322888, 2.1270976193419147, 0.2293267231393854], "k_pid_yaw": [0.5, 1e-06, 0.1], "k_pid_hsp": [0.09032621528955952, 0.0, 0.0], "k_pid_vsp": [127.98686362878522, 122.50711591933216, 1.1748089189410997]}, "datetime": {"datetime": "2025-08-12 03:51:26", "elapsed": 41165.67278957367, "delta": 18.303807497024536}, "costs": {"total_cost": 182.26102864443797, "time_cost": 73.129, "final_distance_cost": 1.8109188705729569, "oscillation_cost": 19.27456545342467, "completition_cost": 0.0, "overshoot_cost": 51.92546536800652, "power_cost": 14.207837341308595, "noise_cost": 21.913241611125205, "n_waypoints_completed": 9, "tot_waypoints": 9}}
{"target": -182.1896424261438, "params": {"k_pid_pos": [0.5228628445403996, 0.0, 0.0], "k_pid_alt": [1.5902649263003708, 0.0, 0.14856510010874524], "k_pid_att": [25.915118449153418, 2.107417661352466, 0.2136622371041769], "k_pid_yaw": [0.5, 1e-06, 0.1], "k_pid_hsp": [0.09245394684703957, 0.0, 0.0], "k_pid_vsp": [129.0411881846927, 127.2446275361089, 1.8921075895537705]}, "datetime": {"datetime": "2025-08-12 03:51:45", "elapsed": 41185.300230264664, "delta": 19.627440690994263}, "costs": {"total_cost": 182.1896424261438, "time_cost": 72.97500000000001, "final_distance_cost": 1.833503448899502, "oscillation_cost": 19.21295735395009, "completition_cost": 0.0, "overshoot_cost": 51.86902102156617, "power_cost": 14.243005944824219, "noise_cost": 22.05615465690379, "n_waypoints_completed": 9, "tot_waypoints": 9}}
{"target": -182.32789552810084, "params": {"k_pid_pos": [0.5522127706136526, 0.0, 0.0], "k_pid_alt": [1.6080231625573413, 0.0, 0.16206420912903566], "k_pid_att": [25.495482729062434, 2.165256324134223, 0.2798344763433713], "k_pid_yaw": [0.5, 1e-06, 0.1], "k_pid_hsp": [0.09262613960410233, 0.0, 0.0], "k_pid_vsp": [131.0491133865369, 117.61546813043356, 0.5476225521371382]}, "datetime": {"datetime": "2025-08-12 03:52:03", "elapsed": 41203.05835914612, "delta": 17.758128881454468}, "costs": {"total_cost": 182.32789552810084, "time_cost": 72.562, "final_distance_cost": 1.8231421333926179, "oscillation_cost": 19.929315916521787, "completition_cost": 0.0, "overshoot_cost": 52.050728030240705, "power_cost": 14.183634716796876, "noise_cost": 21.77907473114883, "n_waypoints_completed": 9, "tot_waypoints": 9}}
{"target": -181.75431988288588, "params": {"k_pid_pos": [0.5260782260813598, 0.0, 0.0], "k_pid_alt": [1.614542627911892, 0.0, 0.11673044163422545], "k_pid_att": [26.213931003411055, 2.130623087526272, 0.20187423629852772], "k_pid_yaw": [0.5, 1e-06, 0.1], "k_pid_hsp": [0.09083113659249188, 0.0, 0.0], "k_pid_vsp": [131.8521705155431, 123.2842643563778, 1.1373644743758016]}, "datetime": {"datetime": "2025-08-12 03:52:22", "elapsed": 41221.93993592262, "delta": 18.881576776504517}, "costs": {"total_cost": 181.75431988288588, "time_cost": 72.933, "final_distance_cost": 1.8227572586158831, "oscillation_cost": 19.17808984727322, "completition_cost": 0.0, "overshoot_cost": 51.688954079372216, "power_cost": 14.19755537109375, "noise_cost": 21.933963326530808, "n_waypoints_completed": 9, "tot_waypoints": 9}}
{"target": -182.24064889162585, "params": {"k_pid_pos": [0.525362322182007, 0.0, 0.0], "k_pid_alt": [1.612797202900898, 0.0, 0.1297821958606021], "k_pid_att": [25.910080314753998, 2.0990316294726115, 0.21721743442251787], "k_pid_yaw": [0.5, 1e-06, 0.1], "k_pid_hsp": [0.08799192668514061, 0.0, 0.0], "k_pid_vsp": [111.68041400016045, 122.5463599737988, 1.2682855005975502]}, "datetime": {"datetime": "2025-08-12 03:52:45", "elapsed": 41244.38147997856, "delta": 22.44154405593872}, "costs": {"total_cost": 182.24064889162585, "time_cost": 73.08, "final_distance_cost": 1.8243916836986716, "oscillation_cost": 19.13483609658157, "completition_cost": 0.0, "overshoot_cost": 52.070382410751, "power_cost": 14.178042224121095, "noise_cost": 21.952996476473526, "n_waypoints_completed": 9, "tot_waypoints": 9}}
{"target": -182.14547411220894, "params": {"k_pid_pos": [0.5263103817000888, 0.0, 0.0], "k_pid_alt": [1.654958598702522, 0.0, 0.13341396471218617], "k_pid_att": [26.033408824810405, 2.1533438002109473, 0.23373338759470974], "k_pid_yaw": [0.5, 1e-06, 0.1], "k_pid_hsp": [0.08907489600809901, 0.0, 0.0], "k_pid_vsp": [117.03966167108298, 123.7759520987754, 1.891698038857073]}, "datetime": {"datetime": "2025-08-12 03:53:05", "elapsed": 41264.86260008812, "delta": 20.481120109558105}, "costs": {"total_cost": 182.14547411220894, "time_cost": 72.989, "final_distance_cost": 1.8122194449210338, "oscillation_cost": 19.11050360127085, "completition_cost": 0.0, "overshoot_cost": 51.93442641047652, "power_cost": 14.241327282714844, "noise_cost": 22.057997372825692, "n_waypoints_completed": 9, "tot_waypoints": 9}}
{"target": -182.20022152425503, "params": {"k_pid_pos": [0.5140699764822937, 0.0, 0.0], "k_pid_alt": [1.6130956143159598, 0.0, 0.11793517237334625], "k_pid_att": [24.972088166492327, 2.090716104786086, 0.23245082962867566], "k_pid_yaw": [0.5, 1e-06, 0.1], "k_pid_hsp": [0.09065969625033624, 0.0, 0.0], "k_pid_vsp": [122.6691794319238, 115.44010283936477, 1.0906448134258604]}, "datetime": {"datetime": "2025-08-12 03:53:24", "elapsed": 41283.46037483215, "delta": 18.597774744033813}, "costs": {"total_cost": 182.20022152425503, "time_cost": 73.129, "final_distance_cost": 1.8231726938368429, "oscillation_cost": 18.966276121602522, "completition_cost": 0.0, "overshoot_cost": 52.070334000172, "power_cost": 14.237921484375, "noise_cost": 21.973517224268686, "n_waypoints_completed": 9, "tot_waypoints": 9}}
{"target": -182.81468674780572, "params": {"k_pid_pos": [0.6352549104540309, 0.0, 0.0], "k_pid_alt": [1.629039777562489, 0.0, 0.1610627090468689], "k_pid_att": [27.2759868754155, 2.142506568967275, 0.21216126689465314], "k_pid_yaw": [0.5, 1e-06, 0.1], "k_pid_hsp": [0.09795594297435428, 0.0, 0.0], "k_pid_vsp": [129.33911832426702, 126.541287236515, 0.8968127114258772]}, "datetime": {"datetime": "2025-08-12 03:53:42", "elapsed": 41302.35080289841, "delta": 18.890428066253662}, "costs": {"total_cost": 182.81468674780572, "time_cost": 71.519, "final_distance_cost": 1.8200936616010324, "oscillation_cost": 22.19660987869526, "completition_cost": 0.0, "overshoot_cost": 51.74642642684878, "power_cost": 14.144871264648438, "noise_cost": 21.387685516012223, "n_waypoints_completed": 9, "tot_waypoints": 9}}
{"target": -182.2195503991824, "params": {"k_pid_pos": [0.5143454787617596, 0.0, 0.0], "k_pid_alt": [1.638662152346116, 0.0, 0.13717678893058588], "k_pid_att": [25.829954368082845, 2.19791452448345, 0.10888789064887822], "k_pid_yaw": [0.5, 1e-06, 0.1], "k_pid_hsp": [0.09317331572656007, 0.0, 0.0], "k_pid_vsp": [127.76148420525692, 126.62983506657376, 2.9312694439677505]}, "datetime": {"datetime": "2025-08-12 03:54:02", "elapsed": 41321.39246964455, "delta": 19.041666746139526}, "costs": {"total_cost": 182.2195503991824, "time_cost": 73.038, "final_distance_cost": 1.8304418934097648, "oscillation_cost": 19.292715689287373, "completition_cost": 0.0, "overshoot_cost": 51.69933297105823, "power_cost": 14.24940653076172, "noise_cost": 22.109653314665316, "n_waypoints_completed": 9, "tot_waypoints": 9}}
{"target": -182.21021850457282, "params": {"k_pid_pos": [0.5026437620911848, 0.0, 0.0], "k_pid_alt": [1.5844240852327685, 0.0, 0.1956224835479057], "k_pid_att": [24.430316618016136, 2.4712511165840043, 0.22961624227931401], "k_pid_yaw": [0.5, 1e-06, 0.1], "k_pid_hsp": [0.09148581874662207, 0.0, 0.0], "k_pid_vsp": [128.7313063900011, 116.33323276180897, 2.152659334652639]}, "datetime": {"datetime": "2025-08-12 03:54:21", "elapsed": 41340.468034505844, "delta": 19.075564861297607}, "costs": {"total_cost": 182.21021850457282, "time_cost": 73.423, "final_distance_cost": 1.825871795035738, "oscillation_cost": 18.686130067572023, "completition_cost": 0.0, "overshoot_cost": 51.85928350204029, "power_cost": 14.278926403808594, "noise_cost": 22.137006736116174, "n_waypoints_completed": 9, "tot_waypoints": 9}}
{"target": -182.17983408949848, "params": {"k_pid_pos": [0.5264948420502122, 0.0, 0.0], "k_pid_alt": [1.5795462717327609, 0.0, 0.13957986202474723], "k_pid_att": [25.76650517965729, 2.1338674450660946, 0.23458920980790557], "k_pid_yaw": [0.5, 1e-06, 0.1], "k_pid_hsp": [0.09077734487075383, 0.0, 0.0], "k_pid_vsp": [126.56705122345278, 124.37489759994807, 0.8213888577376687]}, "datetime": {"datetime": "2025-08-12 03:54:40", "elapsed": 41359.64676642418, "delta": 19.17873191833496}, "costs": {"total_cost": 182.17983408949848, "time_cost": 72.982, "final_distance_cost": 1.8247545262692713, "oscillation_cost": 19.232436448169427, "completition_cost": 0.0, "overshoot_cost": 51.86637197779941, "power_cost": 14.22399022216797, "noise_cost": 22.050280915092408, "n_waypoints_completed": 9, "tot_waypoints": 9}}
{"target": -182.23571722404552, "params": {"k_pid_pos": [0.5254303255038102, 0.0, 0.0], "k_pid_alt": [1.6189143514724202, 0.0, 0.13191092457203657], "k_pid_att": [25.69722357857911, 2.120674419585642, 0.23300023370387368], "k_pid_yaw": [0.5, 1e-06, 0.1], "k_pid_hsp": [0.09201792519059737, 0.0, 0.0], "k_pid_vsp": [128.68152019127442, 129.2014359051011, 1.377797097761039]}, "datetime": {"datetime": "2025-08-12 03:54:58", "elapsed": 41377.75608444214, "delta": 18.109318017959595}, "costs": {"total_cost": 182.23571722404552, "time_cost": 72.919, "final_distance_cost": 1.8254043394794337, "oscillation_cost": 19.456508022955404, "completition_cost": 0.0, "overshoot_cost": 51.98187693887674, "power_cost": 14.147185693359376, "noise_cost": 21.90574222937458, "n_waypoints_completed": 9, "tot_waypoints": 9}}
{"target": -181.7542886960056, "params": {"k_pid_pos": [0.5271070079921006, 0.0, 0.0], "k_pid_alt": [1.6143174255111281, 0.0, 0.11924236032970012], "k_pid_att": [25.411231170941935, 2.134417783849941, 0.22964471820021964], "k_pid_yaw": [0.5, 1e-06, 0.1], "k_pid_hsp": [0.09070690220366628, 0.0, 0.0], "k_pid_vsp": [129.44764816474697, 124.62343458993575, 1.1009364384267721]}, "datetime": {"datetime": "2025-08-12 03:55:18", "elapsed": 41397.838434934616, "delta": 20.082350492477417}, "costs": {"total_cost": 181.7542886960056, "time_cost": 72.94, "final_distance_cost": 1.817213223102587, "oscillation_cost": 19.153658729013678, "completition_cost": 0.0, "overshoot_cost": 51.70832136847108, "power_cost": 14.20975975341797, "noise_cost": 21.925335622000294, "n_waypoints_completed": 9, "tot_waypoints": 9}}
{"target": -182.1955504493457, "params": {"k_pid_pos": [0.5213173234476468, 0.0, 0.0], "k_pid_alt": [1.6077055899865507, 0.0, 0.13267816840575775], "k_pid_att": [25.4600794592149, 2.023685851784219, 0.2220682758248331], "k_pid_yaw": [0.5, 1e-06, 0.1], "k_pid_hsp": [0.09030247910634889, 0.0, 0.0], "k_pid_vsp": [132.63255133742598, 120.710047825428, 1.1208930506158044]}, "datetime": {"datetime": "2025-08-12 03:55:36", "elapsed": 41415.647453546524, "delta": 17.80901861190796}, "costs": {"total_cost": 182.1955504493457, "time_cost": 73.045, "final_distance_cost": 1.8293760028872919, "oscillation_cost": 19.162500254467428, "completition_cost": 0.0, "overshoot_cost": 51.97037508902075, "power_cost": 14.176845056152345, "noise_cost": 22.011454046817885, "n_waypoints_completed": 9, "tot_waypoints": 9}}
{"target": -182.26620660278232, "params": {"k_pid_pos": [0.5251825354347018, 0.0, 0.0], "k_pid_alt": [1.6173599676621955, 0.0, 0.13132678275585222], "k_pid_att": [25.598856196544524, 2.207580131325925, 0.2008557914742184], "k_pid_yaw": [0.5, 1e-06, 0.1], "k_pid_hsp": [0.09378559937508169, 0.0, 0.0], "k_pid_vsp": [128.2318893857153, 123.89971244047263, 1.2202636779635108]}, "datetime": {"datetime": "2025-08-12 03:55:55", "elapsed": 41434.69728970528, "delta": 19.04983615875244}, "costs": {"total_cost": 182.26620660278232, "time_cost": 72.863, "final_distance_cost": 1.8276744068260962, "oscillation_cost": 19.711167064661808, "completition_cost": 0.0, "overshoot_cost": 51.75543146023108, "power_cost": 14.169181848144532, "noise_cost": 21.939751822918783, "n_waypoints_completed": 9, "tot_waypoints": 9}}
{"target": -182.78159740792273, "params": {"k_pid_pos": [0.5275989473668729, 0.0, 0.0], "k_pid_alt": [1.6188195325304684, 0.0, 0.19084042129363016], "k_pid_att": [27.20891481842955, 2.2080320922912398, 0.24780497567970616], "k_pid_yaw": [0.5, 1e-06, 0.1], "k_pid_hsp": [0.08492007646179232, 0.0, 0.0], "k_pid_vsp": [128.19335524780948, 119.30081673408026, 1.075370486191757]}, "datetime": {"datetime": "2025-08-12 03:56:13", "elapsed": 41453.08901810646, "delta": 18.391728401184082}, "costs": {"total_cost": 182.78159740792273, "time_cost": 73.297, "final_distance_cost": 1.8080499938782428, "oscillation_cost": 18.798938957867243, "completition_cost": 0.0, "overshoot_cost": 52.59362222066958, "power_cost": 14.305490185546876, "noise_cost": 21.978496049960807, "n_waypoints_completed": 9, "tot_waypoints": 9}}
{"target": -183.49501946125977, "params": {"k_pid_pos": [0.4901980285198551, 0.0, 0.0], "k_pid_alt": [1.6277389224294139, 0.0, 0.1295498487482637], "k_pid_att": [28.919299061481517, 2.164543719198368, 0.23517928477348604], "k_pid_yaw": [0.5, 1e-06, 0.1], "k_pid_hsp": [0.08032965527962854, 0.0, 0.0], "k_pid_vsp": [130.0218416407698, 94.64626585543311, 1.0831307569857789]}, "datetime": {"datetime": "2025-08-12 03:56:33", "elapsed": 41472.892003536224, "delta": 19.802985429763794}, "costs": {"total_cost": 183.49501946125977, "time_cost": 74.109, "final_distance_cost": 1.8212091033607525, "oscillation_cost": 17.765168331881675, "completition_cost": 0.0, "overshoot_cost": 53.117682421924, "power_cost": 14.318322204589844, "noise_cost": 22.363637399503517, "n_waypoints_completed": 9, "tot_waypoints": 9}}
{"target": -182.39130905955508, "params": {"k_pid_pos": [0.5778125829432774, 0.0, 5.465178469487913e-05], "k_pid_alt": [1.61231273970808, 0.0, 0.08581466298211404], "k_pid_att": [26.597235173945556, 2.0707214489041075, 0.21622327504093572], "k_pid_yaw": [0.5, 1e-06, 0.1], "k_pid_hsp": [0.10089698838401708, 0.0, 0.0], "k_pid_vsp": [128.6364914529196, 118.94563038512902, 1.1363967189145852]}, "datetime": {"datetime": "2025-08-12 03:56:52", "elapsed": 41492.07412266731, "delta": 19.182119131088257}, "costs": {"total_cost": 182.39130905955508, "time_cost": 71.93900000000001, "final_distance_cost": 1.8267853367259381, "oscillation_cost": 21.272693513117602, "completition_cost": 0.0, "overshoot_cost": 51.482845397065944, "power_cost": 14.147740905761719, "noise_cost": 21.72224390688387, "n_waypoints_completed": 9, "tot_waypoints": 9}}
{"target": -182.23761759688188, "params": {"k_pid_pos": [0.5180683213465849, 0.0, 0.0], "k_pid_alt": [1.6074348836004264, 0.0, 0.1298737237049486], "k_pid_att": [37.48850144157285, 2.1347954960407862, 0.2671460596998426], "k_pid_yaw": [0.5, 1e-06, 0.1], "k_pid_hsp": [0.09139173381888052, 0.0, 0.0], "k_pid_vsp": [129.04689098102637, 125.68285598485909, 1.3628583994965717]}, "datetime": {"datetime": "2025-08-12 03:57:10", "elapsed": 41509.98157334328, "delta": 17.907450675964355}, "costs": {"total_cost": 182.23761759688188, "time_cost": 73.066, "final_distance_cost": 1.8279897956510576, "oscillation_cost": 19.107052285772475, "completition_cost": 0.0, "overshoot_cost": 52.034015186389134, "power_cost": 14.195289294433595, "noise_cost": 22.007271034635604, "n_waypoints_completed": 9, "tot_waypoints": 9}}
{"target": -182.75916644767685, "params": {"k_pid_pos": [0.5242820982407648, 0.0, 0.0], "k_pid_alt": [1.6147520074944313, 0.0, 0.15417791751451465], "k_pid_att": [26.684420583507567, 2.037171052896163, 0.23127212839194594], "k_pid_yaw": [0.5, 1e-06, 0.1], "k_pid_hsp": [0.08806550897777514, 0.0, 0.0], "k_pid_vsp": [126.99664727282456, 160.25745892722097, 1.1718291581536897]}, "datetime": {"datetime": "2025-08-12 03:57:29", "elapsed": 41529.135444402695, "delta": 19.153871059417725}, "costs": {"total_cost": 182.75916644767685, "time_cost": 73.122, "final_distance_cost": 1.832049291182804, "oscillation_cost": 19.213915440451146, "completition_cost": 0.0, "overshoot_cost": 52.34156378847525, "power_cost": 14.299142993164063, "noise_cost": 21.950494934403583, "n_waypoints_completed": 9, "tot_waypoints": 9}}
{"target": -181.88568325720243, "params": {"k_pid_pos": [0.526438704715837, 0.0, 0.0], "k_pid_alt": [1.6137838761211434, 0.0, 0.1346201200379261], "k_pid_att": [26.142776891099093, 2.132486064288712, 0.2151368205590289], "k_pid_yaw": [0.5, 1e-06, 0.1], "k_pid_hsp": [0.09078984707381633, 0.0, 0.0], "k_pid_vsp": [127.75988505199287, 128.36011299718163, 1.1037469118904917]}, "datetime": {"datetime": "2025-08-12 03:57:48", "elapsed": 41547.412271499634, "delta": 18.276827096939087}, "costs": {"total_cost": 181.88568325720243, "time_cost": 72.947, "final_distance_cost": 1.834992985873189, "oscillation_cost": 19.257855414639995, "completition_cost": 0.0, "overshoot_cost": 51.734633507946526, "power_cost": 14.203116479492188, "noise_cost": 21.908084869250526, "n_waypoints_completed": 9, "tot_waypoints": 9}}
