{"target": -182.14454546022642, "params": {"k_pid_pos": [0.5212309754446094, 0.0, 0.0], "k_pid_alt": [1.6145642529071098, 0.0, 0.13343969593718633], "k_pid_att": [25.706869106272947, 2.1459869247863095, 0.21192198112305352], "k_pid_yaw": [0.5, 1e-06, 0.1], "k_pid_hsp": [0.09023217619310493, 0.0, 0.0], "k_pid_vsp": [139.51227801858835, 125.43077137450484, 0.4705161661234051]}, "datetime": {"datetime": "2025-08-12 04:49:21", "elapsed": 44640.48638701439, "delta": 19.119663953781128}, "costs": {"total_cost": 182.14454546022642, "time_cost": 73.052, "final_distance_cost": 1.8270996919725297, "oscillation_cost": 19.12542051253903, "completition_cost": 0.0, "overshoot_cost": 51.95750875702441, "power_cost": 14.180304064941406, "noise_cost": 22.002212433749037, "n_waypoints_completed": 9, "tot_waypoints": 9}}
{"target": -182.12185323829186, "params": {"k_pid_pos": [0.5267741886380086, 0.0, 0.0], "k_pid_alt": [1.614216359678888, 0.0, 0.12136424289885743], "k_pid_att": [25.69284996673645, 2.1325262302185197, 0.24048163090555366], "k_pid_yaw": [0.5, 1e-06, 0.1], "k_pid_hsp": [0.09082297456092556, 0.0, 0.0], "k_pid_vsp": [126.63509832040367, 124.43780553455306, 1.1346326058046639]}, "datetime": {"datetime": "2025-08-12 04:49:40", "elapsed": 44659.75460934639, "delta": 19.268222332000732}, "costs": {"total_cost": 182.12185323829186, "time_cost": 72.926, "final_distance_cost": 1.8154406103346554, "oscillation_cost": 19.24744997731032, "completition_cost": 0.0, "overshoot_cost": 52.027408158036685, "power_cost": 14.191689160156251, "noise_cost": 21.913865332453955, "n_waypoints_completed": 9, "tot_waypoints": 9}}
{"target": -182.10156168655615, "params": {"k_pid_pos": [0.5267790615883422, 0.0, 0.0], "k_pid_alt": [1.616441063264762, 0.0, 0.13426280565174117], "k_pid_att": [25.81103643667835, 2.133220190065358, 0.229619692923845], "k_pid_yaw": [0.5, 1e-06, 0.1], "k_pid_hsp": [0.09047771199164188, 0.0, 0.0], "k_pid_vsp": [126.13694231822522, 125.89252050165626, 1.1237979040555752]}, "datetime": {"datetime": "2025-08-12 04:49:58", "elapsed": 44677.535915374756, "delta": 17.78130602836609}, "costs": {"total_cost": 182.10156168655615, "time_cost": 72.95400000000001, "final_distance_cost": 1.831286467643733, "oscillation_cost": 19.146360974904827, "completition_cost": 0.0, "overshoot_cost": 52.01163579739239, "power_cost": 14.252035864257813, "noise_cost": 21.90624258235737, "n_waypoints_completed": 9, "tot_waypoints": 9}}
{"target": -182.22812276976737, "params": {"k_pid_pos": [0.5256982808926567, 0.0, 0.0], "k_pid_alt": [1.6056589722796784, 0.0, 0.12435679243776357], "k_pid_att": [25.35508965808615, 2.115251876174234, 0.2061913254727922], "k_pid_yaw": [0.5, 1e-06, 0.1], "k_pid_hsp": [0.09144176485136608, 0.0, 0.0], "k_pid_vsp": [125.23553761165202, 125.95267099919019, 1e-06]}, "datetime": {"datetime": "2025-08-12 04:50:17", "elapsed": 44696.5781416893, "delta": 19.042226314544678}, "costs": {"total_cost": 182.22812276976737, "time_cost": 72.933, "final_distance_cost": 1.8179711110116983, "oscillation_cost": 19.366672005749532, "completition_cost": 0.0, "overshoot_cost": 51.996210919108194, "power_cost": 14.201948315429687, "noise_cost": 21.912320418468237, "n_waypoints_completed": 9, "tot_waypoints": 9}}
{"target": -182.6038403262403, "params": {"k_pid_pos": [0.5913416667010916, 0.0, 0.0], "k_pid_alt": [1.6421544357358162, 0.0, 0.14154300116147084], "k_pid_att": [23.59781221418349, 2.03315813992757, 0.21942556830837986], "k_pid_yaw": [0.5, 1e-06, 0.1], "k_pid_hsp": [0.09172249609700533, 0.0, 0.0], "k_pid_vsp": [130.10257260092163, 115.88166622426462, 1.0926244446363569]}, "datetime": {"datetime": "2025-08-12 04:50:35", "elapsed": 44714.57073330879, "delta": 17.992591619491577}, "costs": {"total_cost": 182.6038403262403, "time_cost": 72.121, "final_distance_cost": 1.8286930418163396, "oscillation_cost": 20.76012822117227, "completition_cost": 0.0, "overshoot_cost": 51.9810255951861, "power_cost": 14.188340368652344, "noise_cost": 21.724653099413246, "n_waypoints_completed": 9, "tot_waypoints": 9}}
{"target": -182.34024295850202, "params": {"k_pid_pos": [0.5288685138251288, 0.0, 0.0], "k_pid_alt": [1.6084152653429185, 0.0, 0.12286200221240179], "k_pid_att": [22.204908419719104, 2.123032606583677, 0.22111484651911975], "k_pid_yaw": [0.5, 1e-06, 0.1], "k_pid_hsp": [0.09680044800372783, 0.0, 0.0], "k_pid_vsp": [132.360380015385, 125.21859260092005, 0.7151249087691389]}, "datetime": {"datetime": "2025-08-12 04:50:53", "elapsed": 44732.64087104797, "delta": 18.07013773918152}, "costs": {"total_cost": 182.34024295850202, "time_cost": 72.73, "final_distance_cost": 1.8278427386333143, "oscillation_cost": 19.677753629586494, "completition_cost": 0.0, "overshoot_cost": 52.037210110044256, "power_cost": 14.186000415039063, "noise_cost": 21.881436065198905, "n_waypoints_completed": 9, "tot_waypoints": 9}}
{"target": -182.30179166564355, "params": {"k_pid_pos": [0.521575857464131, 0.0, 0.0], "k_pid_alt": [1.616423388265597, 0.0, 0.13219581275951603], "k_pid_att": [22.675003869335942, 2.117632513419981, 0.31632167835989566], "k_pid_yaw": [0.5, 1e-06, 0.1], "k_pid_hsp": [0.09020269608632425, 0.0, 0.0], "k_pid_vsp": [129.1282772149664, 113.3544390496117, 1.2427485293084657]}, "datetime": {"datetime": "2025-08-12 04:51:13", "elapsed": 44752.63513350487, "delta": 19.99426245689392}, "costs": {"total_cost": 182.30179166564355, "time_cost": 73.059, "final_distance_cost": 1.8329627927588015, "oscillation_cost": 19.168897628741014, "completition_cost": 0.0, "overshoot_cost": 52.09175868544473, "power_cost": 14.166971740722657, "noise_cost": 21.982200817976345, "n_waypoints_completed": 9, "tot_waypoints": 9}}
{"target": -182.19013485476583, "params": {"k_pid_pos": [0.5517520265153523, 0.0, 0.0], "k_pid_alt": [1.6076894037344893, 0.0, 0.0], "k_pid_att": [24.945762058917367, 2.4522836990460566, 0.23073039786271496], "k_pid_yaw": [0.5, 1e-06, 0.1], "k_pid_hsp": [0.09184612681541746, 0.0, 0.0], "k_pid_vsp": [128.89486829494678, 122.8126525018967, 2.0478938186661866]}, "datetime": {"datetime": "2025-08-12 04:51:31", "elapsed": 44770.50826907158, "delta": 17.873135566711426}, "costs": {"total_cost": 182.19013485476583, "time_cost": 72.45700000000001, "final_distance_cost": 1.8333221544613998, "oscillation_cost": 19.799344218236396, "completition_cost": 0.0, "overshoot_cost": 51.93006253657553, "power_cost": 14.257384509277344, "noise_cost": 21.913021436215143, "n_waypoints_completed": 9, "tot_waypoints": 9}}
{"target": -181.92621315942736, "params": {"k_pid_pos": [0.5269457548889394, 0.0, 0.0], "k_pid_alt": [1.6008867927302615, 0.0, 0.1448267264405659], "k_pid_att": [25.69753118559404, 2.1338633918947862, 0.23499971235280806], "k_pid_yaw": [0.5, 1e-06, 0.1], "k_pid_hsp": [0.09149545655673588, 0.0, 0.0], "k_pid_vsp": [126.17164372745219, 121.50483595875345, 1.2843196466235525]}, "datetime": {"datetime": "2025-08-12 04:51:50", "elapsed": 44789.96394610405, "delta": 19.455677032470703}, "costs": {"total_cost": 181.92621315942736, "time_cost": 72.947, "final_distance_cost": 1.8169444275488644, "oscillation_cost": 19.325363414631155, "completition_cost": 0.0, "overshoot_cost": 51.73741131735967, "power_cost": 14.189688537597657, "noise_cost": 21.90980546229003, "n_waypoints_completed": 9, "tot_waypoints": 9}}
{"target": -182.09412397285715, "params": {"k_pid_pos": [0.5262775061927328, 0.0, 0.0], "k_pid_alt": [1.592099834996752, 0.0, 0.1318706727248005], "k_pid_att": [25.719170089991948, 2.1617466463536807, 0.21668724601440664], "k_pid_yaw": [0.5, 1e-06, 0.1], "k_pid_hsp": [0.09053110826065386, 0.0, 0.0], "k_pid_vsp": [129.15919319028652, 126.78917420587017, 1.0278952234530938]}, "datetime": {"datetime": "2025-08-12 04:52:08", "elapsed": 44807.97702741623, "delta": 18.013081312179565}, "costs": {"total_cost": 182.09412397285715, "time_cost": 72.97500000000001, "final_distance_cost": 1.8173574847617613, "oscillation_cost": 19.180493387522105, "completition_cost": 0.0, "overshoot_cost": 51.83407203669666, "power_cost": 14.230524047851564, "noise_cost": 22.056677016025045, "n_waypoints_completed": 9, "tot_waypoints": 9}}
{"target": -181.81849242916311, "params": {"k_pid_pos": [0.5265076715318586, 0.0, 0.0], "k_pid_alt": [1.6143600029657312, 0.0, 0.13529150325649456], "k_pid_att": [25.73197988404562, 2.133070833819305, 0.2277652228221141], "k_pid_yaw": [0.5, 1e-06, 0.1], "k_pid_hsp": [0.09079897595193469, 0.0, 0.0], "k_pid_vsp": [128.30908219710363, 124.70174257188977, 1.1077095032648139]}, "datetime": {"datetime": "2025-08-12 04:52:27", "elapsed": 44827.05558681488, "delta": 19.078559398651123}, "costs": {"total_cost": 181.81849242916311, "time_cost": 72.947, "final_distance_cost": 1.83319624108957, "oscillation_cost": 19.190969407657008, "completition_cost": 0.0, "overshoot_cost": 51.7415420467653, "power_cost": 14.194479467773439, "noise_cost": 21.91130526587779, "n_waypoints_completed": 9, "tot_waypoints": 9}}
{"target": -181.986035719908, "params": {"k_pid_pos": [0.5198519690083867, 0.0, 0.0], "k_pid_alt": [1.6128699676431872, 0.0, 0.13388544664548785], "k_pid_att": [25.407910157081048, 1.9723610008412502, 0.22504928388017265], "k_pid_yaw": [0.5, 1e-06, 0.1], "k_pid_hsp": [0.09313428007203564, 0.0, 0.0], "k_pid_vsp": [126.48013043277918, 124.53470384503802, 1.2727647720158055]}, "datetime": {"datetime": "2025-08-12 04:52:45", "elapsed": 44845.34041595459, "delta": 18.284829139709473}, "costs": {"total_cost": 181.986035719908, "time_cost": 72.961, "final_distance_cost": 1.834720113960979, "oscillation_cost": 19.21553749626092, "completition_cost": 0.0, "overshoot_cost": 51.86114019666736, "power_cost": 14.210536340332032, "noise_cost": 21.903101572686698, "n_waypoints_completed": 9, "tot_waypoints": 9}}
{"target": -182.196438501744, "params": {"k_pid_pos": [0.5249706914664846, 0.0, 0.0], "k_pid_alt": [1.6140615472020305, 0.0, 0.13124167723937893], "k_pid_att": [25.664224432302856, 2.152093254246019, 0.23717090211855532], "k_pid_yaw": [0.5, 1e-06, 0.1], "k_pid_hsp": [0.09396569448849444, 0.0, 0.0], "k_pid_vsp": [128.32355511051148, 126.29027867296628, 1.1201921465352618]}, "datetime": {"datetime": "2025-08-12 04:53:05", "elapsed": 44865.153869628906, "delta": 19.813453674316406}, "costs": {"total_cost": 182.196438501744, "time_cost": 72.863, "final_distance_cost": 1.8363327632982642, "oscillation_cost": 19.647473105685343, "completition_cost": 0.0, "overshoot_cost": 51.752258240853934, "power_cost": 14.1674333984375, "noise_cost": 21.929940993468957, "n_waypoints_completed": 9, "tot_waypoints": 9}}
{"target": -182.3681571967165, "params": {"k_pid_pos": [0.5398316258769394, 0.0, 0.0], "k_pid_alt": [1.6253218750078966, 0.0, 0.10768477655114415], "k_pid_att": [25.854809491581946, 2.1768344717963486, 0.2264467121620763], "k_pid_yaw": [0.5, 1e-06, 0.1], "k_pid_hsp": [0.09655792491672192, 0.0, 0.0], "k_pid_vsp": [128.38783680801657, 119.34507807042166, 1.1669569349925848]}, "datetime": {"datetime": "2025-08-12 04:53:24", "elapsed": 44883.72784423828, "delta": 18.573974609375}, "costs": {"total_cost": 182.3681571967165, "time_cost": 72.541, "final_distance_cost": 1.8381690858180255, "oscillation_cost": 20.127214392540672, "completition_cost": 0.0, "overshoot_cost": 51.736663153935865, "power_cost": 14.259539782714844, "noise_cost": 21.865570781707103, "n_waypoints_completed": 9, "tot_waypoints": 9}}
{"target": -182.75236031790234, "params": {"k_pid_pos": [0.4994263962643137, 0.0, 0.0], "k_pid_alt": [1.5999974120569056, 0.0, 0.12518229617183713], "k_pid_att": [26.445287005639095, 2.2092135948011107, 0.24342112894012286], "k_pid_yaw": [0.5, 1e-06, 0.1], "k_pid_hsp": [0.09683066416465196, 0.0, 0.0], "k_pid_vsp": [130.58889242953066, 114.81632622387242, 1.0441245382688642]}, "datetime": {"datetime": "2025-08-12 04:53:43", "elapsed": 44903.24497747421, "delta": 19.517133235931396}, "costs": {"total_cost": 182.75236031790234, "time_cost": 73.262, "final_distance_cost": 1.840570056153614, "oscillation_cost": 19.22329728602204, "completition_cost": 0.0, "overshoot_cost": 52.032623042384714, "power_cost": 14.26926943359375, "noise_cost": 22.12460049974824, "n_waypoints_completed": 9, "tot_waypoints": 9}}
{"target": -183.06717820348635, "params": {"k_pid_pos": [0.5702653073817098, 2.0416444058614338e-05, 0.0], "k_pid_alt": [1.614127647840909, 0.0, 0.095880666031863], "k_pid_att": [25.510475966333203, 2.221292803225123, 0.22554747572931227], "k_pid_yaw": [0.5, 1e-06, 0.1], "k_pid_hsp": [0.08740471831043255, 0.0, 0.0], "k_pid_vsp": [125.1349356472445, 55.19652604561864, 1.0566803614696907]}, "datetime": {"datetime": "2025-08-12 04:54:04", "elapsed": 44923.450731277466, "delta": 20.205753803253174}, "costs": {"total_cost": 183.06717820348635, "time_cost": 72.674, "final_distance_cost": 1.8017781725902917, "oscillation_cost": 20.04200081326361, "completition_cost": 0.0, "overshoot_cost": 52.37247880235862, "power_cost": 14.203811572265625, "noise_cost": 21.9731088430082, "n_waypoints_completed": 9, "tot_waypoints": 9}}
{"target": -182.04694674336164, "params": {"k_pid_pos": [0.5252506249599301, 0.0, 0.0], "k_pid_alt": [1.6096444058037414, 0.0, 0.14476820632200352], "k_pid_att": [38.87112158734414, 2.117493751547913, 0.27619347752979956], "k_pid_yaw": [0.5, 1e-06, 0.1], "k_pid_hsp": [0.09072111936573485, 0.0, 0.0], "k_pid_vsp": [127.55565092139051, 145.8880661824013, 1.2981740982607644]}, "datetime": {"datetime": "2025-08-12 04:54:22", "elapsed": 44942.24059891701, "delta": 18.789867639541626}, "costs": {"total_cost": 182.04694674336164, "time_cost": 72.996, "final_distance_cost": 1.8158974505320218, "oscillation_cost": 19.137748381061122, "completition_cost": 0.0, "overshoot_cost": 51.82424705009534, "power_cost": 14.2291181640625, "noise_cost": 22.04393569761066, "n_waypoints_completed": 9, "tot_waypoints": 9}}
{"target": -182.36903283014027, "params": {"k_pid_pos": [0.5243735456125257, 0.0, 0.0], "k_pid_alt": [1.6142646687127733, 0.0, 0.1452709787465706], "k_pid_att": [25.57676244181785, 2.0319594109421426, 0.2233472020447475], "k_pid_yaw": [0.5, 1e-06, 0.1], "k_pid_hsp": [0.09110714761721962, 0.0, 0.0], "k_pid_vsp": [126.49638935149557, 157.62522892772634, 1.2246593458840527]}, "datetime": {"datetime": "2025-08-12 04:54:42", "elapsed": 44961.938270807266, "delta": 19.69767189025879}, "costs": {"total_cost": 182.36903283014027, "time_cost": 72.982, "final_distance_cost": 1.8347457413551094, "oscillation_cost": 19.1814906439643, "completition_cost": 0.0, "overshoot_cost": 52.02984613233608, "power_cost": 14.301838562011719, "noise_cost": 22.03911175047307, "n_waypoints_completed": 9, "tot_waypoints": 9}}
{"target": -181.8682131851556, "params": {"k_pid_pos": [0.5251953843648692, 0.0, 0.0], "k_pid_alt": [1.6137202706107059, 0.0, 0.13507742211603843], "k_pid_att": [26.420581491024617, 2.1327408665370533, 0.228666418427287], "k_pid_yaw": [0.5, 1e-06, 0.1], "k_pid_hsp": [0.09067801439716523, 0.0, 0.0], "k_pid_vsp": [128.80345421426986, 123.51518822118418, 1.1024178722537494]}, "datetime": {"datetime": "2025-08-12 04:55:00", "elapsed": 44980.25433635712, "delta": 18.316065549850464}, "costs": {"total_cost": 181.8682131851556, "time_cost": 72.968, "final_distance_cost": 1.8293287047556068, "oscillation_cost": 19.1348973731584, "completition_cost": 0.0, "overshoot_cost": 51.829615483967686, "power_cost": 14.202817028808594, "noise_cost": 21.903554594465323, "n_waypoints_completed": 9, "tot_waypoints": 9}}
{"target": -182.36488500197015, "params": {"k_pid_pos": [0.5239125407509636, 0.0, 0.0], "k_pid_alt": [1.6137516225756576, 0.0, 0.1358188519123497], "k_pid_att": [26.053996501084654, 2.2216779127477815, 0.23447340644236303], "k_pid_yaw": [0.5, 1e-06, 0.1], "k_pid_hsp": [0.0927613021233242, 0.0, 0.0], "k_pid_vsp": [122.42374504773062, 128.45801136965562, 1.1356445843603107]}, "datetime": {"datetime": "2025-08-12 04:55:20", "elapsed": 45000.0131983757, "delta": 19.758862018585205}, "costs": {"total_cost": 182.36488500197015, "time_cost": 72.919, "final_distance_cost": 1.8235105433808714, "oscillation_cost": 19.55204705385731, "completition_cost": 0.0, "overshoot_cost": 51.98708097009437, "power_cost": 14.170860363769531, "noise_cost": 21.912386070868074, "n_waypoints_completed": 9, "tot_waypoints": 9}}
{"target": -181.85807317054145, "params": {"k_pid_pos": [0.5284402891982797, 0.0, 0.0], "k_pid_alt": [1.615049832105517, 0.0, 0.1467461582908224], "k_pid_att": [22.226574769217155, 2.081432282044401, 0.2247604476985569], "k_pid_yaw": [0.5, 1e-06, 0.1], "k_pid_hsp": [0.09060937834144588, 0.0, 0.0], "k_pid_vsp": [132.98356674258974, 118.44552291171506, 1.6190291155773058]}, "datetime": {"datetime": "2025-08-12 04:55:38", "elapsed": 45018.07406497002, "delta": 18.060866594314575}, "costs": {"total_cost": 181.85807317054145, "time_cost": 72.947, "final_distance_cost": 1.8255905188144537, "oscillation_cost": 19.21484048788292, "completition_cost": 0.0, "overshoot_cost": 51.77153648083228, "power_cost": 14.182569458007814, "noise_cost": 21.916536225003977, "n_waypoints_completed": 9, "tot_waypoints": 9}}
{"target": -182.51186633933432, "params": {"k_pid_pos": [0.5285693050599816, 0.0, 0.0], "k_pid_alt": [1.5931196806299968, 0.0, 0.11056600896613439], "k_pid_att": [25.73514464704295, 2.136366565977697, 0.22896340127346126], "k_pid_yaw": [0.5, 1e-06, 0.1], "k_pid_hsp": [0.09172240547193361, 0.0, 0.0], "k_pid_vsp": [132.25432744322288, 115.44265540524283, 4.4622990894397025]}, "datetime": {"datetime": "2025-08-12 04:55:58", "elapsed": 45037.86944937706, "delta": 19.795384407043457}, "costs": {"total_cost": 182.51186633933432, "time_cost": 72.884, "final_distance_cost": 1.8111800553308135, "oscillation_cost": 19.602658549735523, "completition_cost": 0.0, "overshoot_cost": 52.10597866534145, "power_cost": 14.177622131347658, "noise_cost": 21.930426937578883, "n_waypoints_completed": 9, "tot_waypoints": 9}}
{"target": -182.60930764002077, "params": {"k_pid_pos": [0.5256667141874325, 0.0, 0.0], "k_pid_alt": [1.6129199013495954, 0.0, 0.017775763824170114], "k_pid_att": [26.386681095095177, 2.1478216468178704, 0.16834307179530436], "k_pid_yaw": [0.5, 1e-06, 0.1], "k_pid_hsp": [0.09155680274289324, 0.0, 0.0], "k_pid_vsp": [127.80520472842227, 84.96976298625245, 1.9899108808165753]}, "datetime": {"datetime": "2025-08-12 04:56:17", "elapsed": 45056.793642282486, "delta": 18.924192905426025}, "costs": {"total_cost": 182.60930764002077, "time_cost": 72.87, "final_distance_cost": 1.8157376760948027, "oscillation_cost": 19.306786830862244, "completition_cost": 0.0, "overshoot_cost": 52.40802841021521, "power_cost": 14.187960046386719, "noise_cost": 22.020794676461804, "n_waypoints_completed": 9, "tot_waypoints": 9}}
{"target": -182.50587519860187, "params": {"k_pid_pos": [0.6580704626162578, 0.002708450714275865, 2.885562614542782e-05], "k_pid_alt": [1.5915064993442918, 0.0, 0.16500639763753797], "k_pid_att": [25.767001661936163, 2.248031770337717, 0.29408962951415796], "k_pid_yaw": [0.5, 1e-06, 0.1], "k_pid_hsp": [0.1079814299859827, 0.0003106473437556981, 0.0], "k_pid_vsp": [125.3301795399014, 134.605534930005, 1.449157750419514]}, "datetime": {"datetime": "2025-08-12 04:56:36", "elapsed": 45075.4885160923, "delta": 18.694873809814453}, "costs": {"total_cost": 182.50587519860187, "time_cost": 71.106, "final_distance_cost": 1.8154724999533802, "oscillation_cost": 22.994061475188953, "completition_cost": 0.0, "overshoot_cost": 51.16228838007572, "power_cost": 14.155132397460939, "noise_cost": 21.272920445922853, "n_waypoints_completed": 9, "tot_waypoints": 9}}
{"target": -182.06525007389394, "params": {"k_pid_pos": [0.5261536509299886, 0.0, 0.0], "k_pid_alt": [1.6147804019171748, 0.0, 0.1689546182700313], "k_pid_att": [26.899231299194405, 2.1525325368174726, 0.19988033136032196], "k_pid_yaw": [0.5, 1e-06, 0.1], "k_pid_hsp": [0.0909862251543554, 0.0, 0.0], "k_pid_vsp": [128.31926203634663, 125.6295504754634, 1.1008283497300564]}, "datetime": {"datetime": "2025-08-12 04:56:54", "elapsed": 45094.217871427536, "delta": 18.729355335235596}, "costs": {"total_cost": 182.06525007389394, "time_cost": 72.982, "final_distance_cost": 1.8112169493178965, "oscillation_cost": 19.1618989764495, "completition_cost": 0.0, "overshoot_cost": 51.83099524275716, "power_cost": 14.227224340820314, "noise_cost": 22.051914564549076, "n_waypoints_completed": 9, "tot_waypoints": 9}}
{"target": -182.04521269181603, "params": {"k_pid_pos": [0.5207124883268411, 0.0, 0.0], "k_pid_alt": [1.6139806317040988, 0.0, 0.13362599011062132], "k_pid_att": [25.65036069575938, 2.1221453773426733, 0.2271457062273492], "k_pid_yaw": [0.5, 1e-06, 0.1], "k_pid_hsp": [0.09059052680203737, 0.0, 0.0], "k_pid_vsp": [128.34658309156066, 124.49642416070154, 1.0350133552673055]}, "datetime": {"datetime": "2025-08-12 04:57:14", "elapsed": 45113.85485243797, "delta": 19.63698101043701}, "costs": {"total_cost": 182.04521269181603, "time_cost": 73.045, "final_distance_cost": 1.8156172740839471, "oscillation_cost": 19.093550935369873, "completition_cost": 0.0, "overshoot_cost": 51.90669855326074, "power_cost": 14.176686389160157, "noise_cost": 22.007659539941297, "n_waypoints_completed": 9, "tot_waypoints": 9}}
{"target": -182.89768888878746, "params": {"k_pid_pos": [0.5240693443917614, 0.0, 0.0], "k_pid_alt": [1.6180392940926565, 0.0, 0.131644603575114], "k_pid_att": [25.628721141988088, 2.1191499456392173, 0.2276944104893195], "k_pid_yaw": [0.5, 1e-06, 0.1], "k_pid_hsp": [0.09164346652041985, 0.0, 0.0], "k_pid_vsp": [130.54023493750904, 200.23647575681474, 1.2786960387819315]}, "datetime": {"datetime": "2025-08-12 04:57:32", "elapsed": 45131.74779677391, "delta": 17.8929443359375}, "costs": {"total_cost": 182.89768888878746, "time_cost": 72.947, "final_distance_cost": 1.8137403796330516, "oscillation_cost": 19.61821842697882, "completition_cost": 0.0, "overshoot_cost": 52.30669209381878, "power_cost": 14.316421850585938, "noise_cost": 21.895616137770865, "n_waypoints_completed": 9, "tot_waypoints": 9}}
