{"target": -181.92200481095222, "params": {"k_pid_pos": [0.5720473415082559, 0.0, 0.0], "k_pid_alt": [1.6260975518567968, 0.0, 0.10342207306081184], "k_pid_att": [25.63319447342857, 2.2582121156264954, 0.24923489172794802], "k_pid_yaw": [0.5, 1e-06, 0.1], "k_pid_hsp": [0.09544835731053883, 0.0, 0.0], "k_pid_vsp": [127.98314112901068, 132.13535324870855, 1.025331649735951]}, "datetime": {"datetime": "2025-08-12 04:15:20", "elapsed": 42599.56111955643, "delta": 19.105088710784912}, "costs": {"total_cost": 181.92200481095222, "time_cost": 72.149, "final_distance_cost": 1.834809076692727, "oscillation_cost": 20.629191650755327, "completition_cost": 0.0, "overshoot_cost": 51.49738706282092, "power_cost": 14.114533618164064, "noise_cost": 21.697083402519166, "n_waypoints_completed": 9, "tot_waypoints": 9}}
{"target": -182.41837990418097, "params": {"k_pid_pos": [0.5379332882527883, 0.0, 0.0], "k_pid_alt": [1.593207054711462, 0.0, 0.12113721719790886], "k_pid_att": [29.504870345313964, 2.1342201327219703, 0.23748685035112313], "k_pid_yaw": [0.5, 1e-06, 0.1], "k_pid_hsp": [0.08830194843226803, 0.0, 0.0], "k_pid_vsp": [129.71671351439753, 126.85504270749124, 0.9985038471323697]}, "datetime": {"datetime": "2025-08-12 04:15:39", "elapsed": 42619.17493057251, "delta": 19.613811016082764}, "costs": {"total_cost": 182.41837990418097, "time_cost": 72.898, "final_distance_cost": 1.8338014128737836, "oscillation_cost": 19.59194635575896, "completition_cost": 0.0, "overshoot_cost": 51.909869558329454, "power_cost": 14.249688525390626, "noise_cost": 21.93507405182813, "n_waypoints_completed": 9, "tot_waypoints": 9}}
{"target": -182.66762987531598, "params": {"k_pid_pos": [0.524546454175556, 4.804205778983145e-05, 0.0], "k_pid_alt": [1.6099318934124036, 0.0, 0.11613847873436042], "k_pid_att": [25.17768694589793, 2.1994848800739266, 0.24500257499473663], "k_pid_yaw": [0.5, 1e-06, 0.1], "k_pid_hsp": [0.08266419999141347, 0.0, 0.0], "k_pid_vsp": [125.79367068513145, 93.8247295022716, 1.07520492185905]}, "datetime": {"datetime": "2025-08-12 04:15:58", "elapsed": 42637.64787530899, "delta": 18.472944736480713}, "costs": {"total_cost": 182.66762987531598, "time_cost": 73.416, "final_distance_cost": 1.8230284716272969, "oscillation_cost": 18.6171097989878, "completition_cost": 0.0, "overshoot_cost": 52.47061908830687, "power_cost": 14.221957324218751, "noise_cost": 22.11891519217529, "n_waypoints_completed": 9, "tot_waypoints": 9}}
{"target": -182.28341139937433, "params": {"k_pid_pos": [0.524839340886059, 0.0, 0.0], "k_pid_alt": [1.6117254193989394, 0.0, 0.1491635635131948], "k_pid_att": [18.60832364697025, 2.1201954517861203, 0.2567975705779758], "k_pid_yaw": [0.5, 1e-06, 0.1], "k_pid_hsp": [0.0909140442053644, 0.0, 0.0], "k_pid_vsp": [128.21135428336868, 137.04800829641664, 1.218934941594307]}, "datetime": {"datetime": "2025-08-12 04:16:17", "elapsed": 42656.78670668602, "delta": 19.13883137702942}, "costs": {"total_cost": 182.28341139937433, "time_cost": 72.996, "final_distance_cost": 1.8198271677640825, "oscillation_cost": 19.2675278217918, "completition_cost": 0.0, "overshoot_cost": 51.90549236612177, "power_cost": 14.245612341308595, "noise_cost": 22.04895170238807, "n_waypoints_completed": 9, "tot_waypoints": 9}}
{"target": -182.81040445034245, "params": {"k_pid_pos": [0.5227144622447556, 0.0, 0.0], "k_pid_alt": [1.6137335977856295, 0.0, 0.1346894650263876], "k_pid_att": [25.445319990323537, 2.1296757549924914, 0.21925563773814188], "k_pid_yaw": [0.5, 1e-06, 0.1], "k_pid_hsp": [0.08953734213391289, 0.0, 0.0], "k_pid_vsp": [131.5048944861055, 77.9746671763871, 1.0826798507085864]}, "datetime": {"datetime": "2025-08-12 04:16:37", "elapsed": 42676.6294298172, "delta": 19.84272313117981}, "costs": {"total_cost": 182.81040445034245, "time_cost": 73.108, "final_distance_cost": 1.8267985602735257, "oscillation_cost": 19.114101704136992, "completition_cost": 0.0, "overshoot_cost": 52.56768221068016, "power_cost": 14.202392187500001, "noise_cost": 21.99142978775173, "n_waypoints_completed": 9, "tot_waypoints": 9}}
{"target": -181.86188095399552, "params": {"k_pid_pos": [0.5244914265510664, 0.0, 0.0], "k_pid_alt": [1.6141930593395226, 0.0, 0.13563051605796092], "k_pid_att": [25.526234449225672, 2.1334275423596303, 0.228458255984021], "k_pid_yaw": [0.5, 1e-06, 0.1], "k_pid_hsp": [0.09170698222053206, 0.0, 0.0], "k_pid_vsp": [128.46156011193938, 119.94075558538174, 1.0927686897005144]}, "datetime": {"datetime": "2025-08-12 04:16:56", "elapsed": 42695.657918930054, "delta": 19.028489112854004}, "costs": {"total_cost": 181.86188095399552, "time_cost": 72.94, "final_distance_cost": 1.8335067008936303, "oscillation_cost": 19.21205939812015, "completition_cost": 0.0, "overshoot_cost": 51.76213106834685, "power_cost": 14.198087609863283, "noise_cost": 21.916096176771617, "n_waypoints_completed": 9, "tot_waypoints": 9}}
{"target": -182.04352684019426, "params": {"k_pid_pos": [0.5248657680766775, 0.0, 0.0], "k_pid_alt": [1.6109033260074355, 0.0, 0.13329945667658394], "k_pid_att": [22.09765939524879, 1.7299198694540685, 0.23583561394410513], "k_pid_yaw": [0.5, 1e-06, 0.1], "k_pid_hsp": [0.08955320809470939, 0.0, 0.0], "k_pid_vsp": [124.67114159853624, 125.96264941555174, 1.1183702839941012]}, "datetime": {"datetime": "2025-08-12 04:17:15", "elapsed": 42714.69111204147, "delta": 19.033193111419678}, "costs": {"total_cost": 182.04352684019426, "time_cost": 73.024, "final_distance_cost": 1.8308155285640388, "oscillation_cost": 19.160707014504744, "completition_cost": 0.0, "overshoot_cost": 51.81792698823657, "power_cost": 14.185470581054688, "noise_cost": 22.02460672783424, "n_waypoints_completed": 9, "tot_waypoints": 9}}
{"target": -182.15348989176573, "params": {"k_pid_pos": [0.5229187441610056, 0.0, 0.0], "k_pid_alt": [1.6136673149395753, 0.0, 0.14442467240836557], "k_pid_att": [21.81128833797201, 2.088300210761552, 0.2136835120808257], "k_pid_yaw": [0.5, 1e-06, 0.1], "k_pid_hsp": [0.09051854978478366, 0.0, 0.0], "k_pid_vsp": [129.45497274647823, 115.61642604403261, 1.4018227343328702]}, "datetime": {"datetime": "2025-08-12 04:17:34", "elapsed": 42733.44729590416, "delta": 18.756183862686157}, "costs": {"total_cost": 182.15348989176573, "time_cost": 73.024, "final_distance_cost": 1.823477082819692, "oscillation_cost": 19.18319698756087, "completition_cost": 0.0, "overshoot_cost": 51.87708976441327, "power_cost": 14.183915295410157, "noise_cost": 22.06181076156174, "n_waypoints_completed": 9, "tot_waypoints": 9}}
{"target": -182.5542943190139, "params": {"k_pid_pos": [0.5274300453555619, 0.0, 0.0], "k_pid_alt": [1.6029391824951364, 0.0, 0.0847443876101196], "k_pid_att": [24.178983463600495, 2.11094340650282, 0.22010663346380596], "k_pid_yaw": [0.5, 1e-06, 0.1], "k_pid_hsp": [0.09323810546463998, 0.0, 0.0], "k_pid_vsp": [131.21212963572904, 116.79121148354368, 4.845475874916997]}, "datetime": {"datetime": "2025-08-12 04:17:54", "elapsed": 42753.9688706398, "delta": 20.52157473564148}, "costs": {"total_cost": 182.5542943190139, "time_cost": 72.821, "final_distance_cost": 1.826103666060411, "oscillation_cost": 19.574532156302418, "completition_cost": 0.0, "overshoot_cost": 52.038255493063836, "power_cost": 14.262636291503908, "noise_cost": 22.031766712083332, "n_waypoints_completed": 9, "tot_waypoints": 9}}
{"target": -182.29511452604055, "params": {"k_pid_pos": [0.5253881631410829, 0.0, 0.0], "k_pid_alt": [1.6133275133963312, 0.0, 0.09185790888485101], "k_pid_att": [25.11250157206374, 2.1839511767815742, 0.18694821083249613], "k_pid_yaw": [0.5, 1e-06, 0.1], "k_pid_hsp": [0.09107200112462781, 0.0, 0.0], "k_pid_vsp": [126.82416605595957, 124.82870642928293, 2.2760705009924678]}, "datetime": {"datetime": "2025-08-12 04:18:14", "elapsed": 42773.86164164543, "delta": 19.892771005630493}, "costs": {"total_cost": 182.29511452604055, "time_cost": 72.905, "final_distance_cost": 1.8337177044279687, "oscillation_cost": 19.27824526889472, "completition_cost": 0.0, "overshoot_cost": 52.16364962147941, "power_cost": 14.175278442382814, "noise_cost": 21.93922348885564, "n_waypoints_completed": 9, "tot_waypoints": 9}}
{"target": -182.6563861875771, "params": {"k_pid_pos": [0.7287233340402739, 0.0, 0.00016605522439836048], "k_pid_alt": [1.6038286567804678, 0.0, 0.1739252874164873], "k_pid_att": [25.35447583906098, 2.208968603116955, 0.13642299453255063], "k_pid_yaw": [0.5, 1e-06, 0.1], "k_pid_hsp": [0.10267577464014815, 0.0, 0.0], "k_pid_vsp": [127.61461579378123, 131.78705751026965, 1.2771537570523597]}, "datetime": {"datetime": "2025-08-12 04:18:38", "elapsed": 42797.6634888649, "delta": 23.801847219467163}, "costs": {"total_cost": 182.6563861875771, "time_cost": 70.812, "final_distance_cost": 1.8193226684076378, "oscillation_cost": 23.77120560822856, "completition_cost": 0.0, "overshoot_cost": 51.04610838969155, "power_cost": 14.106877600097658, "noise_cost": 21.100871921151736, "n_waypoints_completed": 9, "tot_waypoints": 9}}
{"target": -182.23679343642942, "params": {"k_pid_pos": [0.5231654135415126, 0.0, 0.0], "k_pid_alt": [1.61467293272437, 0.0, 0.1768875139367023], "k_pid_att": [26.16028830610594, 2.0395622027354876, 0.23155356783175957], "k_pid_yaw": [0.5, 1e-06, 0.1], "k_pid_hsp": [0.0925943940385113, 0.0, 0.0], "k_pid_vsp": [128.61305316682578, 129.73638342364364, 1.105486612833318]}, "datetime": {"datetime": "2025-08-12 04:18:57", "elapsed": 42816.89833641052, "delta": 19.23484754562378}, "costs": {"total_cost": 182.23679343642942, "time_cost": 72.996, "final_distance_cost": 1.8256584805506495, "oscillation_cost": 19.189750761032297, "completition_cost": 0.0, "overshoot_cost": 51.92756804192608, "power_cost": 14.246626879882813, "noise_cost": 22.051189273037576, "n_waypoints_completed": 9, "tot_waypoints": 9}}
{"target": -182.27724213201824, "params": {"k_pid_pos": [0.523105152558617, 0.0, 0.0], "k_pid_alt": [1.6142364338622621, 0.0, 0.1317310402542116], "k_pid_att": [25.67920041149498, 2.1329389852354295, 0.20844805970672553], "k_pid_yaw": [0.5, 1e-06, 0.1], "k_pid_hsp": [0.09143291840039706, 0.0, 0.0], "k_pid_vsp": [128.44663285117886, 125.09748008717784, 1.0560150774158226]}, "datetime": {"datetime": "2025-08-12 04:19:17", "elapsed": 42836.723893642426, "delta": 19.825557231903076}, "costs": {"total_cost": 182.27724213201824, "time_cost": 72.982, "final_distance_cost": 1.8345896302818014, "oscillation_cost": 19.217347763699287, "completition_cost": 0.0, "overshoot_cost": 51.91576871457998, "power_cost": 14.247769860839844, "noise_cost": 22.079766162617307, "n_waypoints_completed": 9, "tot_waypoints": 9}}
{"target": -182.39727398410912, "params": {"k_pid_pos": [0.5276465831349435, 0.0, 0.0], "k_pid_alt": [1.6352770373589027, 0.0, 0.13146182328187786], "k_pid_att": [25.505896944858623, 2.1452092164310574, 0.22647141747776373], "k_pid_yaw": [0.5, 1e-06, 0.1], "k_pid_hsp": [0.09020575496921747, 0.0, 0.0], "k_pid_vsp": [129.00336469598145, 175.08777867672316, 1.2601812847686624]}, "datetime": {"datetime": "2025-08-12 04:19:35", "elapsed": 42855.05489420891, "delta": 18.331000566482544}, "costs": {"total_cost": 182.39727398410912, "time_cost": 72.94, "final_distance_cost": 1.8288802657620955, "oscillation_cost": 19.452902191017362, "completition_cost": 0.0, "overshoot_cost": 51.95954534515229, "power_cost": 14.305776489257813, "noise_cost": 21.910169692919577, "n_waypoints_completed": 9, "tot_waypoints": 9}}
{"target": -182.32555169458158, "params": {"k_pid_pos": [0.5263157573238444, 0.0, 0.0], "k_pid_alt": [1.6143799196340336, 0.0, 0.11286342164492133], "k_pid_att": [25.53571057442927, 2.136390917761588, 0.2293772332608384], "k_pid_yaw": [0.5, 1e-06, 0.1], "k_pid_hsp": [0.0908704515411636, 0.0, 0.0], "k_pid_vsp": [127.89720869627898, 125.13972220628195, 1.0720906436807935]}, "datetime": {"datetime": "2025-08-12 04:19:54", "elapsed": 42873.76569366455, "delta": 18.7107994556427}, "costs": {"total_cost": 182.32555169458158, "time_cost": 72.919, "final_distance_cost": 1.8169029055147954, "oscillation_cost": 19.32896295639104, "completition_cost": 0.0, "overshoot_cost": 52.18804950181749, "power_cost": 14.175128137207032, "noise_cost": 21.897508193651234, "n_waypoints_completed": 9, "tot_waypoints": 9}}
{"target": -182.3644812060155, "params": {"k_pid_pos": [0.5253103754671361, 0.0, 0.0], "k_pid_alt": [1.6107687506762858, 0.0, 0.08779603361598479], "k_pid_att": [25.743064329261628, 2.133737266519031, 0.23111748286288936], "k_pid_yaw": [0.5, 1e-06, 0.1], "k_pid_hsp": [0.09246723736606298, 0.0, 0.0], "k_pid_vsp": [128.4358683922706, 126.10456703365793, 1.4425144483353136]}, "datetime": {"datetime": "2025-08-12 04:20:12", "elapsed": 42892.099950790405, "delta": 18.334257125854492}, "costs": {"total_cost": 182.3644812060155, "time_cost": 72.863, "final_distance_cost": 1.8165902988321727, "oscillation_cost": 19.608225879475295, "completition_cost": 0.0, "overshoot_cost": 51.953238232665385, "power_cost": 14.170727172851564, "noise_cost": 21.952699622191105, "n_waypoints_completed": 9, "tot_waypoints": 9}}
{"target": -182.32675567923883, "params": {"k_pid_pos": [0.5278513524035913, 0.0, 0.0], "k_pid_alt": [1.611437467947039, 0.0, 0.11754142841305436], "k_pid_att": [25.5073107599626, 2.157688715272906, 0.2250210551550645], "k_pid_yaw": [0.5, 1e-06, 0.1], "k_pid_hsp": [0.08972241108835438, 0.0, 0.0], "k_pid_vsp": [128.5250165282512, 125.5039753699835, 0.48550754996027135]}, "datetime": {"datetime": "2025-08-12 04:20:31", "elapsed": 42910.75680112839, "delta": 18.656850337982178}, "costs": {"total_cost": 182.32675567923883, "time_cost": 72.95400000000001, "final_distance_cost": 1.8329592017412994, "oscillation_cost": 19.13527520509571, "completition_cost": 0.0, "overshoot_cost": 52.2109063919874, "power_cost": 14.288104650878907, "noise_cost": 21.905510229535494, "n_waypoints_completed": 9, "tot_waypoints": 9}}
{"target": -182.3026521493417, "params": {"k_pid_pos": [0.5555573120442604, 0.0, 0.0], "k_pid_alt": [1.6109878339092745, 0.0, 0.14109503602194887], "k_pid_att": [25.709440170375814, 2.123144234279348, 0.27581374023546096], "k_pid_yaw": [0.5, 1e-06, 0.1], "k_pid_hsp": [0.09149616285471167, 0.0, 0.0], "k_pid_vsp": [138.31414965945766, 131.35281177470947, 0.5506174970648753]}, "datetime": {"datetime": "2025-08-12 04:20:50", "elapsed": 42929.44865012169, "delta": 18.69184899330139}, "costs": {"total_cost": 182.3026521493417, "time_cost": 72.548, "final_distance_cost": 1.833505655840475, "oscillation_cost": 19.76741049465925, "completition_cost": 0.0, "overshoot_cost": 52.15009569537229, "power_cost": 14.209192761230469, "noise_cost": 21.79444754223922, "n_waypoints_completed": 9, "tot_waypoints": 9}}
{"target": -181.8865844123316, "params": {"k_pid_pos": [0.5258857832949853, 0.0, 0.0], "k_pid_alt": [1.6144370339210932, 0.0, 0.1504345466254787], "k_pid_att": [25.808843520725972, 2.132707573071732, 0.20828532323874735], "k_pid_yaw": [0.5, 1e-06, 0.1], "k_pid_hsp": [0.09082115767008407, 0.0, 0.0], "k_pid_vsp": [124.9267481199197, 125.55945045335807, 1.0832485039077224]}, "datetime": {"datetime": "2025-08-12 04:21:09", "elapsed": 42948.87268996239, "delta": 19.424039840698242}, "costs": {"total_cost": 181.8865844123316, "time_cost": 72.968, "final_distance_cost": 1.8235136838144077, "oscillation_cost": 19.21242331252863, "completition_cost": 0.0, "overshoot_cost": 51.79544582805838, "power_cost": 14.201856640625001, "noise_cost": 21.88534494730515, "n_waypoints_completed": 9, "tot_waypoints": 9}}
{"target": -181.76806602501827, "params": {"k_pid_pos": [0.5253318831357054, 0.0, 0.0], "k_pid_alt": [1.615078086153784, 0.0, 0.127799853517622], "k_pid_att": [26.072798918566335, 2.1254773546175962, 0.22439788844233505], "k_pid_yaw": [0.5, 1e-06, 0.1], "k_pid_hsp": [0.09087651057888746, 0.0, 0.0], "k_pid_vsp": [120.7108690489894, 122.97018722406641, 1.3532093956884896]}, "datetime": {"datetime": "2025-08-12 04:21:28", "elapsed": 42968.34598517418, "delta": 19.473295211791992}, "costs": {"total_cost": 181.76806602501827, "time_cost": 72.947, "final_distance_cost": 1.8195331964468338, "oscillation_cost": 19.146297153771826, "completition_cost": 0.0, "overshoot_cost": 51.7464877779745, "power_cost": 14.201941149902344, "noise_cost": 21.906806746922772, "n_waypoints_completed": 9, "tot_waypoints": 9}}
{"target": -182.40168459049625, "params": {"k_pid_pos": [0.5264015223582698, 0.0, 0.0], "k_pid_alt": [1.6940760134293458, 0.0, 0.15157394891322445], "k_pid_att": [25.572182189847275, 2.1924890724025152, 0.19264391114230617], "k_pid_yaw": [0.5, 1e-06, 0.1], "k_pid_hsp": [0.09121286276482685, 0.0, 0.0], "k_pid_vsp": [124.96185616057278, 124.21013385831228, 3.229042658041105]}, "datetime": {"datetime": "2025-08-12 04:21:47", "elapsed": 42986.46373343468, "delta": 18.117748260498047}, "costs": {"total_cost": 182.40168459049625, "time_cost": 72.891, "final_distance_cost": 1.8241583985023755, "oscillation_cost": 19.497713948861538, "completition_cost": 0.0, "overshoot_cost": 52.079025232037225, "power_cost": 14.160790161132812, "noise_cost": 21.948996849962295, "n_waypoints_completed": 9, "tot_waypoints": 9}}
{"target": -182.5901465708024, "params": {"k_pid_pos": [0.6210763098634171, 0.0, 0.0], "k_pid_alt": [1.6367763078936188, 0.0, 0.11867500093622993], "k_pid_att": [25.309529629684967, 2.415349298001435, 0.23555526522384604], "k_pid_yaw": [0.5, 1e-06, 0.1], "k_pid_hsp": [0.09152595337338844, 0.0, 0.0], "k_pid_vsp": [128.6063138984622, 119.75181149871369, 1.1338192257183517]}, "datetime": {"datetime": "2025-08-12 04:22:06", "elapsed": 43005.83939290047, "delta": 19.375659465789795}, "costs": {"total_cost": 182.5901465708024, "time_cost": 71.848, "final_distance_cost": 1.79718042763549, "oscillation_cost": 21.112145880478202, "completition_cost": 0.0, "overshoot_cost": 52.13785486720914, "power_cost": 14.16551903076172, "noise_cost": 21.529446364717856, "n_waypoints_completed": 9, "tot_waypoints": 9}}
{"target": -182.42413027989065, "params": {"k_pid_pos": [0.5835866922660321, 0.0, 0.0], "k_pid_alt": [1.6185332951936218, 0.0, 0.16539978476147482], "k_pid_att": [21.19340972372226, 2.1301843221900527, 0.21716706746879658], "k_pid_yaw": [0.5, 1e-06, 0.1], "k_pid_hsp": [0.09495441761408838, 0.0, 0.0], "k_pid_vsp": [126.94304157862001, 125.64009061927315, 0.8762938323622811]}, "datetime": {"datetime": "2025-08-12 04:22:23", "elapsed": 43023.349217653275, "delta": 17.509824752807617}, "costs": {"total_cost": 182.42413027989065, "time_cost": 72.10000000000001, "final_distance_cost": 1.8155676470475384, "oscillation_cost": 20.748623676277113, "completition_cost": 0.0, "overshoot_cost": 51.875702281602024, "power_cost": 14.173052587890625, "noise_cost": 21.71118408707332, "n_waypoints_completed": 9, "tot_waypoints": 9}}
{"target": -182.2358605344745, "params": {"k_pid_pos": [0.5271122602488105, 0.0, 0.0], "k_pid_alt": [1.628266865682871, 0.0, 0.12910401370238994], "k_pid_att": [25.41823966985723, 2.096522033142047, 0.30334356299832754], "k_pid_yaw": [0.5, 1e-06, 0.1], "k_pid_hsp": [0.09060103146688347, 0.0, 0.0], "k_pid_vsp": [129.0028614208341, 126.91222674923124, 3.561693949543953]}, "datetime": {"datetime": "2025-08-12 04:22:43", "elapsed": 43043.13861346245, "delta": 19.789395809173584}, "costs": {"total_cost": 182.2358605344745, "time_cost": 72.926, "final_distance_cost": 1.8380835535513185, "oscillation_cost": 19.168213166813526, "completition_cost": 0.0, "overshoot_cost": 52.126950237853315, "power_cost": 14.261940625000001, "noise_cost": 21.91467295125635, "n_waypoints_completed": 9, "tot_waypoints": 9}}
{"target": -181.82801197538853, "params": {"k_pid_pos": [0.5937487703722255, 0.0, 0.0], "k_pid_alt": [1.6013031717703052, 0.0, 0.03354737328826285], "k_pid_att": [24.021767405275344, 1.0220204018497347, 0.22620963138562838], "k_pid_yaw": [0.5, 1e-06, 0.1], "k_pid_hsp": [0.09153803139781631, 0.0, 0.0], "k_pid_vsp": [129.14492560827009, 122.36863227920092, 1.731097101055257]}, "datetime": {"datetime": "2025-08-12 04:23:01", "elapsed": 43060.66111159325, "delta": 17.52249813079834}, "costs": {"total_cost": 181.82801197538853, "time_cost": 72.03, "final_distance_cost": 1.8212700542575981, "oscillation_cost": 20.44233369570842, "completition_cost": 0.0, "overshoot_cost": 51.73057991448734, "power_cost": 14.178350378417969, "noise_cost": 21.625477932517185, "n_waypoints_completed": 9, "tot_waypoints": 9}}
{"target": -182.25972522204358, "params": {"k_pid_pos": [0.5269277864553054, 0.0, 0.0], "k_pid_alt": [1.6430840150570452, 0.0, 0.12407927230000768], "k_pid_att": [25.725729338518025, 2.133835389362447, 0.23687653997889344], "k_pid_yaw": [0.5, 1e-06, 0.1], "k_pid_hsp": [0.09092246624380361, 0.0, 0.0], "k_pid_vsp": [125.40347679807239, 121.54007951343868, 1.295355415787313]}, "datetime": {"datetime": "2025-08-12 04:23:20", "elapsed": 43079.84643244743, "delta": 19.18532085418701}, "costs": {"total_cost": 182.25972522204358, "time_cost": 72.905, "final_distance_cost": 1.8293555442604708, "oscillation_cost": 19.28034836926515, "completition_cost": 0.0, "overshoot_cost": 52.16977044764231, "power_cost": 14.1777564453125, "noise_cost": 21.897494415563152, "n_waypoints_completed": 9, "tot_waypoints": 9}}
{"target": -182.68647160635453, "params": {"k_pid_pos": [0.5265477255741353, 0.0, 0.0], "k_pid_alt": [1.5973063143059893, 0.0, 0.1311113811365097], "k_pid_att": [25.6741657815249, 2.122181539339063, 0.20006459997367032], "k_pid_yaw": [0.5, 1e-06, 0.1], "k_pid_hsp": [0.08327594892039769, 0.0, 0.0], "k_pid_vsp": [129.21982172558327, 124.13496521620354, 0.6637389116203056]}, "datetime": {"datetime": "2025-08-12 04:23:39", "elapsed": 43098.51790356636, "delta": 18.671471118927002}, "costs": {"total_cost": 182.68647160635453, "time_cost": 73.36, "final_distance_cost": 1.8047186524218957, "oscillation_cost": 18.588328488681476, "completition_cost": 0.0, "overshoot_cost": 52.49867971745434, "power_cost": 14.291990502929687, "noise_cost": 22.142754244867138, "n_waypoints_completed": 9, "tot_waypoints": 9}}
