{"target": -1220.0848374206328, "params": {"k_pid_pos": [0.6114534772715841, 0.0, 0.032569641427865184], "k_pid_alt": [1.5169733352652401, 0.0, 0.3606297742896949], "k_pid_att": [31.02644172868466, 2.1733508618967092, 0.19431793558872704], "k_pid_yaw": [0.5, 1e-06, 0.1], "k_pid_hsp": [0.0001, 0.0, 0.0], "k_pid_vsp": [129.84759177016477, 36.62657780426334, 1e-06]}, "datetime": {"datetime": "2025-08-11 20:26:05", "elapsed": 14445.28929567337, "delta": 30.645468711853027}, "costs": {"total_cost": 1220.0848374206328, "time_cost": 150, "final_distance_cost": 45.798313374840305, "oscillation_cost": 0.006348846349849207, "completition_cost": 888.8888888888888, "overshoot_cost": 81.2653573537958, "power_cost": 21.01443526611328, "noise_cost": 33.11149369064496, "n_waypoints_completed": 1, "tot_waypoints": 9}}
{"target": -184.61912423207374, "params": {"k_pid_pos": [0.709518521732895, 0.0, 0.0], "k_pid_alt": [1.433395542972452, 0.0, 0.3398781058430409], "k_pid_att": [25.227952714577263, 2.1967539239300486, 0.30121664595641007], "k_pid_yaw": [0.5, 1e-06, 0.1], "k_pid_hsp": [0.15085060650348558, 0.0, 0.0], "k_pid_vsp": [99.96272446794461, 42.80606962429366, 1e-06]}, "datetime": {"datetime": "2025-08-11 20:26:23", "elapsed": 14463.24570775032, "delta": 17.956412076950073}, "costs": {"total_cost": 184.61912423207374, "time_cost": 71.127, "final_distance_cost": 1.8388399520574288, "oscillation_cost": 24.81355595225971, "completition_cost": 0.0, "overshoot_cost": 51.35201470567675, "power_cost": 14.187368298339845, "noise_cost": 21.30034532374003, "n_waypoints_completed": 9, "tot_waypoints": 9}}
{"target": -190.49036793304958, "params": {"k_pid_pos": [0.6873686628613708, 0.0, 0.0], "k_pid_alt": [1.5740619866840968, 0.0, 0.28031112691078097], "k_pid_att": [24.829508228070456, 1.9500424497590472, 0.2542774982640348], "k_pid_yaw": [0.5, 1e-06, 0.1], "k_pid_hsp": [0.06396666052285821, 0.0, 0.0], "k_pid_vsp": [158.72215215905229, 50.332326410559354, 1e-06]}, "datetime": {"datetime": "2025-08-11 20:26:43", "elapsed": 14482.541171073914, "delta": 19.29546332359314}, "costs": {"total_cost": 190.49036793304958, "time_cost": 76.958, "final_distance_cost": 1.7718979384634292, "oscillation_cost": 20.11766566597765, "completition_cost": 0.0, "overshoot_cost": 53.7246110032513, "power_cost": 14.808533410644532, "noise_cost": 23.10965991471266, "n_waypoints_completed": 9, "tot_waypoints": 9}}
{"target": -189.70919806575014, "params": {"k_pid_pos": [0.4323145698655173, 0.0, 0.0], "k_pid_alt": [1.6663883061238163, 0.0, 0.21178013991598305], "k_pid_att": [23.54453060409318, 2.4736949035140676, 0.20767204721478721], "k_pid_yaw": [0.5, 1e-06, 0.1], "k_pid_hsp": [0.13295187326395488, 0.0, 0.0], "k_pid_vsp": [162.5541371731909, 52.670176934080004, 1e-06]}, "datetime": {"datetime": "2025-08-11 20:27:02", "elapsed": 14501.611803293228, "delta": 19.070632219314575}, "costs": {"total_cost": 189.70919806575014, "time_cost": 76.734, "final_distance_cost": 1.850773208275366, "oscillation_cost": 20.618153347255934, "completition_cost": 0.0, "overshoot_cost": 51.876278403695096, "power_cost": 14.826892224121094, "noise_cost": 23.803100882402678, "n_waypoints_completed": 9, "tot_waypoints": 9}}
{"target": -196.14716452192073, "params": {"k_pid_pos": [0.8295386061264242, 0.0, 0.0], "k_pid_alt": [1.4837715634355257, 0.0, 0.39840106689637594], "k_pid_att": [22.69556844748016, 2.579760401966724, 0.2604885815108138], "k_pid_yaw": [0.5, 1e-06, 0.1], "k_pid_hsp": [0.05232556181612834, 9.025085737362923e-05, 0.0], "k_pid_vsp": [230.2974032039597, 47.309658896043196, 0.30115380764378696]}, "datetime": {"datetime": "2025-08-11 20:27:22", "elapsed": 14521.880811929703, "delta": 20.26900863647461}, "costs": {"total_cost": 196.14716452192073, "time_cost": 79.59, "final_distance_cost": 1.7951251260919694, "oscillation_cost": 20.404723571136195, "completition_cost": 0.0, "overshoot_cost": 55.20961527403577, "power_cost": 15.296057043457031, "noise_cost": 23.851643507199768, "n_waypoints_completed": 9, "tot_waypoints": 9}}
{"target": -187.72569027745274, "params": {"k_pid_pos": [0.465379284985579, 0.0, 0.0], "k_pid_alt": [1.6335461354990188, 0.0, 0.10589907142089938], "k_pid_att": [23.624906684796294, 2.092850173964636, 0.14660781874877943], "k_pid_yaw": [0.5, 1e-06, 0.1], "k_pid_hsp": [0.13056058309277593, 0.0, 0.0], "k_pid_vsp": [135.38372913007538, 39.21265292927281, 0.17422598819493548]}, "datetime": {"datetime": "2025-08-11 20:27:41", "elapsed": 14541.032289028168, "delta": 19.151477098464966}, "costs": {"total_cost": 187.72569027745274, "time_cost": 75.124, "final_distance_cost": 1.8526722234602917, "oscillation_cost": 21.154824986947567, "completition_cost": 0.0, "overshoot_cost": 51.741597446174076, "power_cost": 14.618218090820314, "noise_cost": 23.23437753005053, "n_waypoints_completed": 9, "tot_waypoints": 9}}
{"target": -184.43154692206767, "params": {"k_pid_pos": [0.6652555149555129, 0.0, 0.0], "k_pid_alt": [1.567437248108997, 0.0, 0.4125432885120357], "k_pid_att": [24.05726398819101, 2.2940270927366653, 0.2120563812063859], "k_pid_yaw": [0.5, 1e-06, 0.1], "k_pid_hsp": [0.13877863234561674, 0.0, 0.0], "k_pid_vsp": [149.06170014102713, 49.02451557293063, 0.05545328878509522]}, "datetime": {"datetime": "2025-08-11 20:27:59", "elapsed": 14559.135192155838, "delta": 18.102903127670288}, "costs": {"total_cost": 184.43154692206767, "time_cost": 71.617, "final_distance_cost": 1.8295888086117469, "oscillation_cost": 24.03569480830631, "completition_cost": 0.0, "overshoot_cost": 51.139034595365175, "power_cost": 14.272628967285156, "noise_cost": 21.53759974249925, "n_waypoints_completed": 9, "tot_waypoints": 9}}
{"target": -182.92982905850354, "params": {"k_pid_pos": [0.6517491968808145, 0.0, 0.0], "k_pid_alt": [1.5683922090754474, 0.0, 0.31629601612124764], "k_pid_att": [30.11664654850957, 2.254288178994802, 0.1752498011864419], "k_pid_yaw": [0.5, 1e-06, 0.1], "k_pid_hsp": [0.10692378254534227, 0.0, 0.0], "k_pid_vsp": [152.4122652978927, 51.19628531629539, 2.261816332422008]}, "datetime": {"datetime": "2025-08-11 20:28:18", "elapsed": 14577.55463719368, "delta": 18.419445037841797}, "costs": {"total_cost": 182.92982905850354, "time_cost": 71.715, "final_distance_cost": 1.8200514892040778, "oscillation_cost": 22.554087137666713, "completition_cost": 0.0, "overshoot_cost": 51.237984572953536, "power_cost": 14.13431669921875, "noise_cost": 21.46838915946048, "n_waypoints_completed": 9, "tot_waypoints": 9}}
{"target": -187.39547726369852, "params": {"k_pid_pos": [0.9617766430852016, 0.15259643520179755, 0.10238227760464086], "k_pid_alt": [1.2960392972730004, 0.0, 0.2015729466591521], "k_pid_att": [23.0617725870065, 2.7613365835526538, 0.2914445520945805], "k_pid_yaw": [0.5, 1e-06, 0.1], "k_pid_hsp": [0.30130401300126997, 0.005041472399143161, 0.0], "k_pid_vsp": [128.14806956985709, 77.36066679379346, 1e-06]}, "datetime": {"datetime": "2025-08-11 20:28:35", "elapsed": 14594.832527160645, "delta": 17.27788996696472}, "costs": {"total_cost": 187.39547726369852, "time_cost": 70.77, "final_distance_cost": 1.8261011803444755, "oscillation_cost": 28.398645680514186, "completition_cost": 0.0, "overshoot_cost": 50.517728927641585, "power_cost": 14.65399873046875, "noise_cost": 21.22900274472953, "n_waypoints_completed": 9, "tot_waypoints": 9}}
{"target": -770.0125559800631, "params": {"k_pid_pos": [0.7225361174501346, 0.0, 0.040763733189670595], "k_pid_alt": [1.4954797923184062, 0.0, 0.2487600506943129], "k_pid_att": [21.480613964053212, 2.655140716481979, 0.21314788169284954], "k_pid_yaw": [0.5, 1e-06, 0.1], "k_pid_hsp": [0.013530516303009332, 0.0, 0.0], "k_pid_vsp": [173.44446589837577, 63.43324099225758, 0.14218621621755995]}, "datetime": {"datetime": "2025-08-11 20:29:06", "elapsed": 14626.061118125916, "delta": 31.228590965270996}, "costs": {"total_cost": 770.0125559800631, "time_cost": 150, "final_distance_cost": 50.131823524086975, "oscillation_cost": 4.837361857904914, "completition_cost": 444.4444444444444, "overshoot_cost": 66.33987511194977, "power_cost": 21.38675777587891, "noise_cost": 32.87229326579821, "n_waypoints_completed": 5, "tot_waypoints": 9}}
{"target": -183.14247326790576, "params": {"k_pid_pos": [0.6441545132243084, 0.0, 0.08756489130403326], "k_pid_alt": [1.5126903085108312, 0.0, 0.11073503119757194], "k_pid_att": [21.38226542404653, 2.232393618591271, 0.21402018062175404], "k_pid_yaw": [0.5, 1e-06, 0.1], "k_pid_hsp": [0.10155974199947157, 0.0, 0.0], "k_pid_vsp": [162.30580602999683, 51.63578225239746, 1e-06]}, "datetime": {"datetime": "2025-08-11 20:29:25", "elapsed": 14644.53298330307, "delta": 18.47186517715454}, "costs": {"total_cost": 183.14247326790576, "time_cost": 72.156, "final_distance_cost": 1.8355944287191712, "oscillation_cost": 21.66754278415234, "completition_cost": 0.0, "overshoot_cost": 51.501645844910456, "power_cost": 14.162942712402344, "noise_cost": 21.81874749772144, "n_waypoints_completed": 9, "tot_waypoints": 9}}
{"target": -183.70229218756916, "params": {"k_pid_pos": [0.7134335428844447, 0.0, 0.09261131832725948], "k_pid_alt": [1.65656521268089, 0.0, 0.2003130911737332], "k_pid_att": [27.77099163668686, 2.0795427008738137, 0.10720730565712991], "k_pid_yaw": [0.5, 1e-06, 0.1], "k_pid_hsp": [0.1006804086426963, 0.0, 0.0], "k_pid_vsp": [159.97881878984458, 53.84432803875687, 0.1270222586868835]}, "datetime": {"datetime": "2025-08-11 20:29:42", "elapsed": 14661.984163284302, "delta": 17.45117998123169}, "costs": {"total_cost": 183.70229218756916, "time_cost": 71.561, "final_distance_cost": 1.8139046368564218, "oscillation_cost": 23.20732746137285, "completition_cost": 0.0, "overshoot_cost": 51.527948363684516, "power_cost": 14.09049989013672, "noise_cost": 21.501611835518652, "n_waypoints_completed": 9, "tot_waypoints": 9}}
{"target": -183.14770986587885, "params": {"k_pid_pos": [0.6780648899188524, 0.0, 0.0], "k_pid_alt": [1.5109778157562235, 0.0, 0.25770528104884527], "k_pid_att": [29.050393329612866, 2.2104682887183924, 0.21855766946204275], "k_pid_yaw": [0.5, 1e-06, 0.1], "k_pid_hsp": [0.09574424223606989, 0.0, 0.0], "k_pid_vsp": [99.83198333518104, 45.083618287548475, 0.12970264418697186]}, "datetime": {"datetime": "2025-08-11 20:30:00", "elapsed": 14679.867891311646, "delta": 17.88372802734375}, "costs": {"total_cost": 183.14770986587885, "time_cost": 71.708, "final_distance_cost": 1.7952002315575284, "oscillation_cost": 22.21852574949479, "completition_cost": 0.0, "overshoot_cost": 51.91252908723021, "power_cost": 14.098134301757813, "noise_cost": 21.4153204958385, "n_waypoints_completed": 9, "tot_waypoints": 9}}
{"target": -195.91225526454429, "params": {"k_pid_pos": [0.5823141734079591, 0.0, 0.0], "k_pid_alt": [1.4562875922748633, 0.0, 0.18385872989664873], "k_pid_att": [25.078855602380152, 2.0931075786888385, 0.16003717582499682], "k_pid_yaw": [0.5, 1e-06, 0.1], "k_pid_hsp": [0.4401925665138499, 0.0, 0.0], "k_pid_vsp": [125.73026524451376, 52.40447590016962, 0.029366025414936825]}, "datetime": {"datetime": "2025-08-11 20:30:20", "elapsed": 14699.636868953705, "delta": 19.768977642059326}, "costs": {"total_cost": 195.91225526454429, "time_cost": 77.007, "final_distance_cost": 1.8544795214722702, "oscillation_cost": 26.673355847406274, "completition_cost": 0.0, "overshoot_cost": 51.002423235309806, "power_cost": 15.341416943359375, "noise_cost": 24.033579716996528, "n_waypoints_completed": 9, "tot_waypoints": 9}}
{"target": -186.66431357700878, "params": {"k_pid_pos": [0.6984608320455504, 0.0, 0.0], "k_pid_alt": [1.5912191177414425, 0.0, 0.2971860004190348], "k_pid_att": [21.061099512511692, 2.1872866374257054, 0.14257043355019153], "k_pid_yaw": [0.5, 1e-06, 0.1], "k_pid_hsp": [0.15728418014949913, 0.0, 0.0], "k_pid_vsp": [154.09454976118062, 4.550259338062332, 0.02988241604289875]}, "datetime": {"datetime": "2025-08-11 20:30:38", "elapsed": 14717.673389911652, "delta": 18.036520957946777}, "costs": {"total_cost": 186.66431357700878, "time_cost": 72.212, "final_distance_cost": 1.832886180404203, "oscillation_cost": 24.884143877638913, "completition_cost": 0.0, "overshoot_cost": 51.46313614210218, "power_cost": 14.398002856445313, "noise_cost": 21.874144520418174, "n_waypoints_completed": 9, "tot_waypoints": 9}}
{"target": -191.87207995684355, "params": {"k_pid_pos": [1.8558647406936433, 0.0, 0.0], "k_pid_alt": [1.6449249067760672, 0.0, 0.22351019332442], "k_pid_att": [23.129766827878036, 3.1734067973095463, 0.21996007569581175], "k_pid_yaw": [0.5, 1e-06, 0.1], "k_pid_hsp": [0.3193666625206189, 0.0, 0.0], "k_pid_vsp": [215.99363867260845, 84.94962453467281, 0.022068134639219514]}, "datetime": {"datetime": "2025-08-11 20:30:55", "elapsed": 14734.633820295334, "delta": 16.96043038368225}, "costs": {"total_cost": 191.87207995684355, "time_cost": 68.971, "final_distance_cost": 1.8044473261753247, "oscillation_cost": 34.71089234784363, "completition_cost": 0.0, "overshoot_cost": 50.663698695296425, "power_cost": 15.100025891113281, "noise_cost": 20.62201569641488, "n_waypoints_completed": 9, "tot_waypoints": 9}}
{"target": -183.35266093991598, "params": {"k_pid_pos": [0.6219163925747395, 0.0, 0.0], "k_pid_alt": [1.778425840414648, 0.0, 0.12539194870522358], "k_pid_att": [25.37826412624226, 2.2530625328341896, 0.19404248025720988], "k_pid_yaw": [0.5, 1e-06, 0.1], "k_pid_hsp": [0.11759727064318837, 0.0, 0.0], "k_pid_vsp": [151.19505851227174, 51.89118663915114, 0.0018477370303013041]}, "datetime": {"datetime": "2025-08-11 20:31:14", "elapsed": 14753.791651964188, "delta": 19.15783166885376}, "costs": {"total_cost": 183.35266093991598, "time_cost": 71.54, "final_distance_cost": 1.8314466981040405, "oscillation_cost": 23.105403569828027, "completition_cost": 0.0, "overshoot_cost": 51.16063396110703, "power_cost": 14.162956579589844, "noise_cost": 21.552220131287033, "n_waypoints_completed": 9, "tot_waypoints": 9}}
{"target": -191.89310287667809, "params": {"k_pid_pos": [0.8370768821065568, 0.0, 0.0], "k_pid_alt": [1.5779503443980456, 0.0, 0.3093478858464332], "k_pid_att": [56.41873337184921, 2.692028749922447, 0.19698683839188316], "k_pid_yaw": [0.5, 1e-06, 0.1], "k_pid_hsp": [0.5208241338531634, 0.0, 0.0], "k_pid_vsp": [161.48703376444564, 12.261401024205867, 0.06425385250956855]}, "datetime": {"datetime": "2025-08-11 20:31:32", "elapsed": 14772.168477535248, "delta": 18.37682557106018}, "costs": {"total_cost": 191.89310287667809, "time_cost": 71.792, "final_distance_cost": 1.8522014613791393, "oscillation_cost": 30.11560282951418, "completition_cost": 0.0, "overshoot_cost": 51.17079068802459, "power_cost": 14.820429223632813, "noise_cost": 22.142078674127365, "n_waypoints_completed": 9, "tot_waypoints": 9}}
{"target": -183.3586682578691, "params": {"k_pid_pos": [0.7141729268655359, 0.0, 0.0], "k_pid_alt": [1.5346087186831563, 0.0, 0.22429086666476308], "k_pid_att": [38.9627414029838, 2.391360937560714, 0.2500954858025767], "k_pid_yaw": [0.5, 1e-06, 0.1], "k_pid_hsp": [0.11351126106469556, 0.0, 0.0], "k_pid_vsp": [126.95836253358931, 57.4466900829922, 0.21380546705944264]}, "datetime": {"datetime": "2025-08-11 20:31:50", "elapsed": 14789.632384300232, "delta": 17.46390676498413}, "costs": {"total_cost": 183.3586682578691, "time_cost": 70.973, "final_distance_cost": 1.8073831353808087, "oscillation_cost": 23.51078385864213, "completition_cost": 0.0, "overshoot_cost": 51.742391563784395, "power_cost": 14.1151109375, "noise_cost": 21.209998762561767, "n_waypoints_completed": 9, "tot_waypoints": 9}}
{"target": -188.1770129088806, "params": {"k_pid_pos": [1.2329704777735235, 0.0039362934153292055, 0.057700370791691005], "k_pid_alt": [1.3326415997451848, 0.0, 0.3431392801527704], "k_pid_att": [24.219706269795473, 2.296238564243446, 0.1895096567512576], "k_pid_yaw": [0.5, 1e-06, 0.1], "k_pid_hsp": [0.15251602760084276, 0.0, 0.0], "k_pid_vsp": [165.53637284908447, 71.32980446919426, 0.8540409231770383]}, "datetime": {"datetime": "2025-08-11 20:32:08", "elapsed": 14807.407244443893, "delta": 17.7748601436615}, "costs": {"total_cost": 188.1770129088806, "time_cost": 70.14, "final_distance_cost": 1.8119303306223518, "oscillation_cost": 29.865416825284964, "completition_cost": 0.0, "overshoot_cost": 51.11265977462761, "power_cost": 14.490262915039063, "noise_cost": 20.756743063306644, "n_waypoints_completed": 9, "tot_waypoints": 9}}
{"target": -184.7244997707005, "params": {"k_pid_pos": [0.8312684526792641, 0.0, 0.05899945042575902], "k_pid_alt": [1.3045380360888297, 0.0, 0.18495653246905447], "k_pid_att": [6.863810254087337, 2.5910647927626327, 0.15921088793355753], "k_pid_yaw": [0.5, 1e-06, 0.1], "k_pid_hsp": [0.14494876420179387, 0.0, 0.0], "k_pid_vsp": [148.6823616542323, 53.20000289276238, 1e-06]}, "datetime": {"datetime": "2025-08-11 20:32:25", "elapsed": 14824.883106708527, "delta": 17.47586226463318}, "costs": {"total_cost": 184.7244997707005, "time_cost": 70.427, "final_distance_cost": 1.8254556224892078, "oscillation_cost": 26.47769347113009, "completition_cost": 0.0, "overshoot_cost": 50.59286346569436, "power_cost": 14.296231713867188, "noise_cost": 21.105255497519643, "n_waypoints_completed": 9, "tot_waypoints": 9}}
{"target": -188.27473818331552, "params": {"k_pid_pos": [0.7679424419230145, 0.0, 0.1414099854730299], "k_pid_alt": [1.5038969484966977, 0.0, 0.1297993912625861], "k_pid_att": [25.538516827187188, 2.290659578844278, 0.7809970793653331], "k_pid_yaw": [0.5, 1e-06, 0.1], "k_pid_hsp": [0.20484331768929792, 0.0, 0.0], "k_pid_vsp": [168.0521120316069, 21.2611006406232, 1e-06]}, "datetime": {"datetime": "2025-08-11 20:32:44", "elapsed": 14843.57928276062, "delta": 18.696176052093506}, "costs": {"total_cost": 188.27473818331552, "time_cost": 72.541, "final_distance_cost": 1.842043204815193, "oscillation_cost": 25.569583639381474, "completition_cost": 0.0, "overshoot_cost": 51.62806030349256, "power_cost": 14.486252941894532, "noise_cost": 22.207798093731792, "n_waypoints_completed": 9, "tot_waypoints": 9}}
{"target": -185.01674982458914, "params": {"k_pid_pos": [0.7646166610079952, 0.0, 0.0], "k_pid_alt": [1.3845184735587448, 0.0, 0.16633410302744336], "k_pid_att": [18.471448666661605, 2.9247496217728144, 0.24749647583427023], "k_pid_yaw": [0.5, 1e-06, 0.1], "k_pid_hsp": [0.20449698952639378, 0.0, 0.0], "k_pid_vsp": [200.10809716694956, 66.23349464281421, 0.10947909630091496]}, "datetime": {"datetime": "2025-08-11 20:33:02", "elapsed": 14861.644258260727, "delta": 18.06497550010681}, "costs": {"total_cost": 185.01674982458914, "time_cost": 70.525, "final_distance_cost": 1.8396450284956796, "oscillation_cost": 26.21424816237659, "completition_cost": 0.0, "overshoot_cost": 50.65784891601986, "power_cost": 14.405616320800782, "noise_cost": 21.374391396896204, "n_waypoints_completed": 9, "tot_waypoints": 9}}
{"target": -184.00137645153438, "params": {"k_pid_pos": [0.8410628654962973, 0.0, 0.0], "k_pid_alt": [1.5681114922344188, 0.0, 0.18903910758204057], "k_pid_att": [18.8522316506677, 2.245567672658643, 0.24860557652151205], "k_pid_yaw": [0.5, 1e-06, 0.1], "k_pid_hsp": [0.13698126128017463, 0.0, 0.0], "k_pid_vsp": [190.34721293271582, 50.730803809881614, 0.26878714603012277]}, "datetime": {"datetime": "2025-08-11 20:33:19", "elapsed": 14879.0486266613, "delta": 17.40436840057373}, "costs": {"total_cost": 184.00137645153438, "time_cost": 70.217, "final_distance_cost": 1.8287210138279768, "oscillation_cost": 25.754844163426707, "completition_cost": 0.0, "overshoot_cost": 50.9509114653454, "power_cost": 14.204314575195314, "noise_cost": 21.04558523373896, "n_waypoints_completed": 9, "tot_waypoints": 9}}
{"target": -1241.358538889499, "params": {"k_pid_pos": [0.6519628395212526, 0.0, 0.0], "k_pid_alt": [1.617399505457507, 0.0, 0.08613179771508023], "k_pid_att": [28.735489306063023, 2.068548698616628, 0.23450404329084268], "k_pid_yaw": [0.5, 1e-06, 0.1], "k_pid_hsp": [0.0005315261977935082, 0.0, 0.0], "k_pid_vsp": [129.2044064490144, 49.19897030742959, 0.0971403610758029]}, "datetime": {"datetime": "2025-08-11 20:33:49", "elapsed": 14909.298162937164, "delta": 30.249536275863647}, "costs": {"total_cost": 1241.358538889499, "time_cost": 150, "final_distance_cost": 74.37747449981501, "oscillation_cost": 0.04420483010208633, "completition_cost": 888.8888888888888, "overshoot_cost": 73.91547959058401, "power_cost": 21.024333020019533, "noise_cost": 33.10815806008949, "n_waypoints_completed": 1, "tot_waypoints": 9}}
{"target": -183.6985687753915, "params": {"k_pid_pos": [0.6549310159474294, 0.0, 0.04303859841623973], "k_pid_alt": [1.8535330411058388, 0.0, 0.07412649766790097], "k_pid_att": [21.124089665704425, 2.329281839451266, 0.11811831147024078], "k_pid_yaw": [0.5, 1e-06, 0.1], "k_pid_hsp": [0.08211661839545095, 0.0, 0.0], "k_pid_vsp": [111.01921211557811, 51.05555284435767, 0.1370029092999787]}, "datetime": {"datetime": "2025-08-11 20:34:07", "elapsed": 14927.239073514938, "delta": 17.940910577774048}, "costs": {"total_cost": 183.6985687753915, "time_cost": 72.331, "final_distance_cost": 1.8102093924053915, "oscillation_cost": 21.02015746113002, "completition_cost": 0.0, "overshoot_cost": 52.51512663292299, "power_cost": 14.14940341796875, "noise_cost": 21.872671870964314, "n_waypoints_completed": 9, "tot_waypoints": 9}}
