{"target": -182.2620298855653, "params": {"k_pid_pos": [0.5276392807624544, 0.0, 0.0], "k_pid_alt": [1.6075757943141638, 0.0, 0.12509419942959413], "k_pid_att": [25.708061726670522, 1.8533610063674533, 0.23524485092801367], "k_pid_yaw": [0.5, 1e-06, 0.1], "k_pid_hsp": [0.08660658200998517, 0.0, 0.0], "k_pid_vsp": [127.31959490901608, 116.79871060689705, 2.75318380397745]}, "datetime": {"datetime": "2025-08-12 03:32:44", "elapsed": 40044.00759601593, "delta": 19.88049077987671}, "costs": {"total_cost": 182.2620298855653, "time_cost": 73.129, "final_distance_cost": 1.8254644192776404, "oscillation_cost": 18.91244447987167, "completition_cost": 0.0, "overshoot_cost": 52.22887180964046, "power_cost": 14.22372801513672, "noise_cost": 21.942521161638844, "n_waypoints_completed": 9, "tot_waypoints": 9}}
{"target": -182.31620818734646, "params": {"k_pid_pos": [0.565521876766793, 0.0, 0.0], "k_pid_alt": [1.5951553382163572, 0.0, 0.14031450946744772], "k_pid_att": [25.819990144353802, 2.1254574328988762, 0.24259487286283352], "k_pid_yaw": [0.5, 1e-06, 0.1], "k_pid_hsp": [0.08789897064059862, 0.0, 0.0], "k_pid_vsp": [125.76996655195397, 128.22384832898922, 0.2737717269336378]}, "datetime": {"datetime": "2025-08-12 03:33:03", "elapsed": 40062.46686029434, "delta": 18.459264278411865}, "costs": {"total_cost": 182.31620818734646, "time_cost": 72.611, "final_distance_cost": 1.8237770562566789, "oscillation_cost": 19.83656425714988, "completition_cost": 0.0, "overshoot_cost": 52.13458361037975, "power_cost": 14.197284191894532, "noise_cost": 21.71299907166561, "n_waypoints_completed": 9, "tot_waypoints": 9}}
{"target": -182.14981642997304, "params": {"k_pid_pos": [0.526712105289171, 0.0, 0.0], "k_pid_alt": [1.615297071562952, 0.0, 0.14090794428477493], "k_pid_att": [26.02032451234242, 2.1352854785610855, 0.24948288670587795], "k_pid_yaw": [0.5, 1e-06, 0.1], "k_pid_hsp": [0.09082429795876971, 0.0, 0.0], "k_pid_vsp": [122.23685375643369, 127.15768413647392, 1.0726017660164668]}, "datetime": {"datetime": "2025-08-12 03:33:22", "elapsed": 40082.36952352524, "delta": 19.902663230895996}, "costs": {"total_cost": 182.14981642997304, "time_cost": 72.933, "final_distance_cost": 1.83676219546567, "oscillation_cost": 19.287013051977862, "completition_cost": 0.0, "overshoot_cost": 51.92573106623268, "power_cost": 14.252318701171875, "noise_cost": 21.91499141512493, "n_waypoints_completed": 9, "tot_waypoints": 9}}
{"target": -182.46423981272443, "params": {"k_pid_pos": [0.5246660246840688, 0.0, 0.0], "k_pid_alt": [1.6646618931157604, 0.0, 0.13110762339330878], "k_pid_att": [25.73082940774514, 2.1620039074376964, 0.23081103206227244], "k_pid_yaw": [0.5, 1e-06, 0.1], "k_pid_hsp": [0.09529885534110584, 0.0, 0.0], "k_pid_vsp": [151.85139036415146, 124.61086933715161, 1.060782874397472]}, "datetime": {"datetime": "2025-08-12 03:33:41", "elapsed": 40101.132091760635, "delta": 18.76256823539734}, "costs": {"total_cost": 182.46423981272443, "time_cost": 72.81400000000001, "final_distance_cost": 1.8197662814364342, "oscillation_cost": 19.671343595888906, "completition_cost": 0.0, "overshoot_cost": 51.9144114852263, "power_cost": 14.199809204101562, "noise_cost": 22.044909246071192, "n_waypoints_completed": 9, "tot_waypoints": 9}}
{"target": -182.3642735081903, "params": {"k_pid_pos": [0.526565670883697, 0.0, 0.0], "k_pid_alt": [1.6675607115426403, 0.0, 0.13439651604938394], "k_pid_att": [25.302320583921972, 2.2265526006368184, 0.1863905661862138], "k_pid_yaw": [0.5, 1e-06, 0.1], "k_pid_hsp": [0.09265678195682255, 0.0, 0.0], "k_pid_vsp": [129.94046701049797, 125.07745531689578, 1.0603933942938153]}, "datetime": {"datetime": "2025-08-12 03:34:01", "elapsed": 40120.74293088913, "delta": 19.610839128494263}, "costs": {"total_cost": 182.3642735081903, "time_cost": 72.849, "final_distance_cost": 1.8352518623069778, "oscillation_cost": 19.641272625222708, "completition_cost": 0.0, "overshoot_cost": 51.880226364299595, "power_cost": 14.176287646484376, "noise_cost": 21.98223500987663, "n_waypoints_completed": 9, "tot_waypoints": 9}}
{"target": -182.7120185006292, "params": {"k_pid_pos": [0.6308114336176947, 0.0, 0.0], "k_pid_alt": [1.6199508028324296, 0.0, 0.10402443898138054], "k_pid_att": [23.570720554228462, 2.2597384741927358, 0.2128906061602163], "k_pid_yaw": [0.5, 1e-06, 0.1], "k_pid_hsp": [0.09224037800779199, 0.0, 0.0], "k_pid_vsp": [130.52730878403742, 119.40731311108765, 1.2257984603651004]}, "datetime": {"datetime": "2025-08-12 03:34:19", "elapsed": 40139.25202679634, "delta": 18.509095907211304}, "costs": {"total_cost": 182.7120185006292, "time_cost": 71.729, "final_distance_cost": 1.8296697176516599, "oscillation_cost": 21.665322954114714, "completition_cost": 0.0, "overshoot_cost": 51.9770212219331, "power_cost": 14.093720666503907, "noise_cost": 21.417283940425822, "n_waypoints_completed": 9, "tot_waypoints": 9}}
{"target": -182.39902742875017, "params": {"k_pid_pos": [0.5072259017857125, 0.0, 0.0], "k_pid_alt": [1.6264098284689354, 0.0, 0.10918003962746552], "k_pid_att": [22.470665717182445, 2.103006759588783, 0.21088702899782377], "k_pid_yaw": [0.5, 1e-06, 0.1], "k_pid_hsp": [0.09238356150123302, 0.0, 0.0], "k_pid_vsp": [152.9950925183815, 125.27167995327669, 0.9674478729111944]}, "datetime": {"datetime": "2025-08-12 03:34:39", "elapsed": 40158.926844120026, "delta": 19.674817323684692}, "costs": {"total_cost": 182.39902742875017, "time_cost": 73.178, "final_distance_cost": 1.8368745142871215, "oscillation_cost": 18.930930573131818, "completition_cost": 0.0, "overshoot_cost": 51.92384445191734, "power_cost": 14.337178442382813, "noise_cost": 22.19219944703107, "n_waypoints_completed": 9, "tot_waypoints": 9}}
{"target": -182.84187911867446, "params": {"k_pid_pos": [0.5450987928653764, 0.0, 0.0], "k_pid_alt": [1.5822854615321464, 0.0, 0.12646504857197202], "k_pid_att": [24.254378336636286, 2.0358794595628265, 0.4523602358804978], "k_pid_yaw": [0.5, 1e-06, 0.1], "k_pid_hsp": [0.087883462114388, 0.0, 0.0], "k_pid_vsp": [129.10385782523932, 112.12885481514513, 2.567153686292107]}, "datetime": {"datetime": "2025-08-12 03:34:57", "elapsed": 40177.06327390671, "delta": 18.13642978668213}, "costs": {"total_cost": 182.84187911867446, "time_cost": 72.87, "final_distance_cost": 1.8136030009691648, "oscillation_cost": 19.425632147450536, "completition_cost": 0.0, "overshoot_cost": 52.576065558229345, "power_cost": 14.22115701904297, "noise_cost": 21.935421392982423, "n_waypoints_completed": 9, "tot_waypoints": 9}}
{"target": -182.4161021572492, "params": {"k_pid_pos": [0.6256887797530888, 0.0, 0.0], "k_pid_alt": [1.626272510321977, 0.0, 0.04515358761084011], "k_pid_att": [25.446297114331824, 1.4877113647632687, 0.2260127166223828], "k_pid_yaw": [0.5, 1e-06, 0.1], "k_pid_hsp": [0.09057071042088227, 0.0, 0.0], "k_pid_vsp": [129.15163110060232, 122.60919557264779, 2.054142400502816]}, "datetime": {"datetime": "2025-08-12 03:35:17", "elapsed": 40196.907964468, "delta": 19.844690561294556}, "costs": {"total_cost": 182.4161021572492, "time_cost": 71.813, "final_distance_cost": 1.8180826411953668, "oscillation_cost": 20.999282281984154, "completition_cost": 0.0, "overshoot_cost": 52.051106425486516, "power_cost": 14.156269738769533, "noise_cost": 21.578361069813653, "n_waypoints_completed": 9, "tot_waypoints": 9}}
{"target": -182.49075145452986, "params": {"k_pid_pos": [0.525924418060767, 0.0, 0.0], "k_pid_alt": [1.668281159306272, 0.0, 0.15078642671109374], "k_pid_att": [25.703175961955377, 2.133660470463677, 0.23196788739913674], "k_pid_yaw": [0.5, 1e-06, 0.1], "k_pid_hsp": [0.0943073641186943, 0.0, 0.0], "k_pid_vsp": [121.18268696844042, 124.18810969072024, 1.59909276919495]}, "datetime": {"datetime": "2025-08-12 03:35:36", "elapsed": 40215.76823472977, "delta": 18.860270261764526}, "costs": {"total_cost": 182.49075145452986, "time_cost": 72.821, "final_distance_cost": 1.8384463818159666, "oscillation_cost": 19.688481437996703, "completition_cost": 0.0, "overshoot_cost": 51.924218669716566, "power_cost": 14.210176220703126, "noise_cost": 22.008428744297493, "n_waypoints_completed": 9, "tot_waypoints": 9}}
{"target": -182.65669913887115, "params": {"k_pid_pos": [0.5271363955454604, 0.0, 0.0], "k_pid_alt": [1.6504198242712547, 0.0, 0.12941572767192913], "k_pid_att": [25.694977671420492, 2.155106198219155, 0.1974772334723153], "k_pid_yaw": [0.5, 1e-06, 0.1], "k_pid_hsp": [0.08490087576024141, 0.0, 0.0], "k_pid_vsp": [129.09060269999398, 121.98893769839935, 0.47489616879710206]}, "datetime": {"datetime": "2025-08-12 03:35:55", "elapsed": 40235.20275044441, "delta": 19.434515714645386}, "costs": {"total_cost": 182.65669913887115, "time_cost": 73.199, "final_distance_cost": 1.828694359743707, "oscillation_cost": 18.73048095318913, "completition_cost": 0.0, "overshoot_cost": 52.52755395313684, "power_cost": 14.285354748535157, "noise_cost": 22.085615124266315, "n_waypoints_completed": 9, "tot_waypoints": 9}}
{"target": -181.76074624011, "params": {"k_pid_pos": [0.5258674945083421, 0.0, 0.0], "k_pid_alt": [1.6144255003589454, 0.0, 0.13800364978741908], "k_pid_att": [26.143650308657328, 2.1318787792193397, 0.22869113770489727], "k_pid_yaw": [0.5, 1e-06, 0.1], "k_pid_hsp": [0.09111454695011485, 0.0, 0.0], "k_pid_vsp": [127.19121049674058, 127.27760238548888, 1.1105364479152322]}, "datetime": {"datetime": "2025-08-12 03:36:14", "elapsed": 40254.07298517227, "delta": 18.870234727859497}, "costs": {"total_cost": 181.76074624011, "time_cost": 72.947, "final_distance_cost": 1.8194708511012836, "oscillation_cost": 19.18959816588536, "completition_cost": 0.0, "overshoot_cost": 51.70059414441438, "power_cost": 14.196640356445313, "noise_cost": 21.90744272226368, "n_waypoints_completed": 9, "tot_waypoints": 9}}
{"target": -182.68459208964768, "params": {"k_pid_pos": [0.530613967932921, 0.0, 0.0], "k_pid_alt": [1.6149242134810184, 0.0, 0.13263009406970186], "k_pid_att": [24.853363453249422, 2.029340042798596, 0.22137767216589344], "k_pid_yaw": [0.5, 1e-06, 0.1], "k_pid_hsp": [0.09133205754964674, 0.0, 0.0], "k_pid_vsp": [122.69920185484315, 127.78548719252262, 1.2235906957521336]}, "datetime": {"datetime": "2025-08-12 03:36:33", "elapsed": 40273.2882566452, "delta": 19.215271472930908}, "costs": {"total_cost": 182.68459208964768, "time_cost": 72.863, "final_distance_cost": 1.8291488458197545, "oscillation_cost": 19.584019523507582, "completition_cost": 0.0, "overshoot_cost": 52.18847828373723, "power_cost": 14.280156933593751, "noise_cost": 21.939788502989366, "n_waypoints_completed": 9, "tot_waypoints": 9}}
{"target": -182.17645215920203, "params": {"k_pid_pos": [0.5750699890969229, 0.0, 0.0], "k_pid_alt": [1.6299805250042514, 0.0, 0.13472981899939968], "k_pid_att": [25.86904110555863, 2.2681087645891473, 0.21441695149702542], "k_pid_yaw": [0.5, 1e-06, 0.1], "k_pid_hsp": [0.1037879116592681, 0.0, 0.0], "k_pid_vsp": [128.64800406879164, 127.4674306840126, 1.2496161954673557]}, "datetime": {"datetime": "2025-08-12 03:36:52", "elapsed": 40291.91169977188, "delta": 18.623443126678467}, "costs": {"total_cost": 182.17645215920203, "time_cost": 71.953, "final_distance_cost": 1.822287514848835, "oscillation_cost": 21.258708371157635, "completition_cost": 0.0, "overshoot_cost": 51.3109965583131, "power_cost": 14.148459985351563, "noise_cost": 21.682999729530884, "n_waypoints_completed": 9, "tot_waypoints": 9}}
{"target": -182.63715417782984, "params": {"k_pid_pos": [0.5492489503786228, 0.0, 0.0], "k_pid_alt": [1.6282613414629572, 0.0, 0.1235938688707657], "k_pid_att": [25.75975809963775, 2.252032417480004, 0.2612676575424957], "k_pid_yaw": [0.5, 1e-06, 0.1], "k_pid_hsp": [0.096415788545191, 0.0, 0.0], "k_pid_vsp": [128.72970533258945, 129.8206521274279, 1.0992470880586767]}, "datetime": {"datetime": "2025-08-12 03:37:11", "elapsed": 40311.02547574043, "delta": 19.113775968551636}, "costs": {"total_cost": 182.63715417782984, "time_cost": 72.429, "final_distance_cost": 1.8177372678830777, "oscillation_cost": 20.458958469081384, "completition_cost": 0.0, "overshoot_cost": 52.079173784798606, "power_cost": 14.162592211914063, "noise_cost": 21.689692444152715, "n_waypoints_completed": 9, "tot_waypoints": 9}}
{"target": -182.10613541579684, "params": {"k_pid_pos": [0.5616231712385077, 0.0, 9.855032518759881e-06], "k_pid_alt": [1.590195872940982, 0.0, 0.12607743221333056], "k_pid_att": [26.87057592229643, 2.1348484988086556, 0.23446757583270628], "k_pid_yaw": [0.5, 1e-06, 0.1], "k_pid_hsp": [0.09618741098510455, 0.0, 0.0], "k_pid_vsp": [129.6117202524063, 127.51449636975627, 1.0229968611843165]}, "datetime": {"datetime": "2025-08-12 03:37:31", "elapsed": 40330.50922417641, "delta": 19.48374843597412}, "costs": {"total_cost": 182.10613541579684, "time_cost": 72.303, "final_distance_cost": 1.8199760903298818, "oscillation_cost": 20.29186576965978, "completition_cost": 0.0, "overshoot_cost": 51.67637231652484, "power_cost": 14.218760266113282, "noise_cost": 21.796160973169037, "n_waypoints_completed": 9, "tot_waypoints": 9}}
{"target": -182.64224872913172, "params": {"k_pid_pos": [0.5278430253789377, 8.280606604495124e-05, 0.0005879214550678637], "k_pid_alt": [1.6166325510045474, 0.0, 0.1365854508474091], "k_pid_att": [25.46508375321802, 2.3046109701809896, 0.2560273625208381], "k_pid_yaw": [0.5, 1e-06, 0.1], "k_pid_hsp": [0.08774019735462552, 0.0, 0.0], "k_pid_vsp": [128.62046523769573, 123.13240679588382, 1.1698630634515867]}, "datetime": {"datetime": "2025-08-12 03:37:50", "elapsed": 40349.66027665138, "delta": 19.151052474975586}, "costs": {"total_cost": 182.64224872913172, "time_cost": 73.07300000000001, "final_distance_cost": 1.832715704614557, "oscillation_cost": 19.2930036280601, "completition_cost": 0.0, "overshoot_cost": 52.26663808705001, "power_cost": 14.208378613281251, "noise_cost": 21.968512696125813, "n_waypoints_completed": 9, "tot_waypoints": 9}}
{"target": -182.84191091416278, "params": {"k_pid_pos": [0.5314822339613438, 0.0, 0.0], "k_pid_alt": [1.6161516824387254, 0.0, 0.1475635631913527], "k_pid_att": [18.098655375121954, 2.1247295535873985, 0.26229131735515576], "k_pid_yaw": [0.5, 1e-06, 0.1], "k_pid_hsp": [0.09129761404304836, 0.0, 0.0], "k_pid_vsp": [129.41471178190747, 149.03245141695638, 1.2127050206577528]}, "datetime": {"datetime": "2025-08-12 03:38:09", "elapsed": 40368.74413871765, "delta": 19.08386206626892}, "costs": {"total_cost": 182.84191091416278, "time_cost": 72.877, "final_distance_cost": 1.8311353636519887, "oscillation_cost": 19.816868983333986, "completition_cost": 0.0, "overshoot_cost": 52.13056276153654, "power_cost": 14.265439514160157, "noise_cost": 21.920904291480095, "n_waypoints_completed": 9, "tot_waypoints": 9}}
{"target": -182.65346933703884, "params": {"k_pid_pos": [0.5242968976201037, 0.0, 0.0], "k_pid_alt": [1.6139365109200223, 0.0, 0.11874610032800526], "k_pid_att": [25.68646905102504, 1.3521317434444382, 0.2186859281880139], "k_pid_yaw": [0.5, 1e-06, 0.1], "k_pid_hsp": [0.09056278459968954, 0.0, 0.0], "k_pid_vsp": [133.51791420886988, 76.21714499207187, 1.2455559527291515]}, "datetime": {"datetime": "2025-08-12 03:38:27", "elapsed": 40387.17247104645, "delta": 18.428332328796387}, "costs": {"total_cost": 182.65346933703884, "time_cost": 73.038, "final_distance_cost": 1.8258823115282212, "oscillation_cost": 19.209105552817476, "completition_cost": 0.0, "overshoot_cost": 52.33227016212322, "power_cost": 14.187924340820313, "noise_cost": 22.060286969749637, "n_waypoints_completed": 9, "tot_waypoints": 9}}
{"target": -181.8866212922719, "params": {"k_pid_pos": [0.5256186460119476, 0.0, 0.0], "k_pid_alt": [1.6142122390469136, 0.0, 0.14556078260607289], "k_pid_att": [25.515738040071554, 2.1334511285124576, 0.23329783505784632], "k_pid_yaw": [0.5, 1e-06, 0.1], "k_pid_hsp": [0.09105785434761841, 0.0, 0.0], "k_pid_vsp": [128.30072700931132, 124.80293303434146, 1.0968537363958508]}, "datetime": {"datetime": "2025-08-12 03:38:47", "elapsed": 40406.922981739044, "delta": 19.750510692596436}, "costs": {"total_cost": 181.8866212922719, "time_cost": 72.961, "final_distance_cost": 1.8278216736497994, "oscillation_cost": 19.2075325920063, "completition_cost": 0.0, "overshoot_cost": 51.796112864050414, "power_cost": 14.196414331054688, "noise_cost": 21.897739831510723, "n_waypoints_completed": 9, "tot_waypoints": 9}}
{"target": -181.79238519965168, "params": {"k_pid_pos": [0.5269688072289587, 0.0, 0.0], "k_pid_alt": [1.6133302433290466, 0.0, 0.12932200165508706], "k_pid_att": [22.479213688352125, 1.6100532499702098, 0.23445576583590616], "k_pid_yaw": [0.5, 1e-06, 0.1], "k_pid_hsp": [0.09051574193041971, 0.0, 0.0], "k_pid_vsp": [124.77997381306886, 125.31733515875857, 1.1403867599507282]}, "datetime": {"datetime": "2025-08-12 03:39:06", "elapsed": 40425.91028761864, "delta": 18.987305879592896}, "costs": {"total_cost": 181.79238519965168, "time_cost": 72.947, "final_distance_cost": 1.823954505622642, "oscillation_cost": 19.160701528661484, "completition_cost": 0.0, "overshoot_cost": 51.75658969780915, "power_cost": 14.203212670898438, "noise_cost": 21.90092679665997, "n_waypoints_completed": 9, "tot_waypoints": 9}}
{"target": -182.4550386817825, "params": {"k_pid_pos": [0.5303031843698464, 0.0, 0.0], "k_pid_alt": [1.6123014055301634, 0.0, 0.13521817421567556], "k_pid_att": [25.93344434926963, 2.039879843861393, 0.21550300679140882], "k_pid_yaw": [0.5, 1e-06, 0.1], "k_pid_hsp": [0.09004474390877673, 0.0, 0.0], "k_pid_vsp": [129.24612170368735, 125.06649346552382, 1.1024318775209243]}, "datetime": {"datetime": "2025-08-12 03:39:25", "elapsed": 40444.929607868195, "delta": 19.019320249557495}, "costs": {"total_cost": 182.4550386817825, "time_cost": 72.926, "final_distance_cost": 1.8373423800884003, "oscillation_cost": 19.410835738020296, "completition_cost": 0.0, "overshoot_cost": 52.09222435888036, "power_cost": 14.265747290039064, "noise_cost": 21.922888914754378, "n_waypoints_completed": 9, "tot_waypoints": 9}}
{"target": -182.36170976958184, "params": {"k_pid_pos": [0.5263297563114987, 0.0, 0.0], "k_pid_alt": [1.6085679296830415, 0.0, 0.13153883665967883], "k_pid_att": [24.725588155053167, 2.1264149362996636, 0.2144381630013755], "k_pid_yaw": [0.5, 1e-06, 0.1], "k_pid_hsp": [0.08817551842019651, 0.0, 0.0], "k_pid_vsp": [128.41530754543362, 117.94061100634201, 3.3601108019802624]}, "datetime": {"datetime": "2025-08-12 03:39:44", "elapsed": 40463.77748632431, "delta": 18.847878456115723}, "costs": {"total_cost": 182.36170976958184, "time_cost": 73.066, "final_distance_cost": 1.8342717281616363, "oscillation_cost": 19.25018616224121, "completition_cost": 0.0, "overshoot_cost": 52.05967628612633, "power_cost": 14.17132010498047, "noise_cost": 21.980255488072167, "n_waypoints_completed": 9, "tot_waypoints": 9}}
{"target": -182.51741941584842, "params": {"k_pid_pos": [0.5266680272455504, 0.0, 0.0], "k_pid_alt": [1.613141460011874, 0.0, 0.05197084333189199], "k_pid_att": [25.86384398427182, 2.1436104851215436, 0.18751046612126945], "k_pid_yaw": [0.5, 1e-06, 0.1], "k_pid_hsp": [0.0899588919860898, 0.0, 0.0], "k_pid_vsp": [126.84316709122572, 212.37664263597173, 0.2064046461615392]}, "datetime": {"datetime": "2025-08-12 03:40:02", "elapsed": 40482.32453632355, "delta": 18.54704999923706}, "costs": {"total_cost": 182.51741941584842, "time_cost": 72.877, "final_distance_cost": 1.81683388490124, "oscillation_cost": 19.540900798596503, "completition_cost": 0.0, "overshoot_cost": 52.0372173991041, "power_cost": 14.290173754882813, "noise_cost": 21.95529357836378, "n_waypoints_completed": 9, "tot_waypoints": 9}}
{"target": -182.5608648069057, "params": {"k_pid_pos": [0.6204527900726498, 0.005429170102787608, 0.0006643370623940429], "k_pid_alt": [1.5941927214388194, 0.0, 0.16934038550727148], "k_pid_att": [25.554552544471257, 2.248921130209842, 0.19120018902900143], "k_pid_yaw": [0.5, 1e-06, 0.1], "k_pid_hsp": [0.09829151944737076, 0.000556753538072943, 0.0], "k_pid_vsp": [127.94159842579376, 128.10683940790875, 1.3766882553770876]}, "datetime": {"datetime": "2025-08-12 03:40:21", "elapsed": 40500.58826351166, "delta": 18.26372718811035}, "costs": {"total_cost": 182.5608648069057, "time_cost": 71.645, "final_distance_cost": 1.8105309121631445, "oscillation_cost": 21.739151651876874, "completition_cost": 0.0, "overshoot_cost": 51.698977991383984, "power_cost": 14.182487084960938, "noise_cost": 21.484717166520777, "n_waypoints_completed": 9, "tot_waypoints": 9}}
{"target": -182.3713242002152, "params": {"k_pid_pos": [0.5250495852069412, 0.0, 0.0], "k_pid_alt": [1.6143970919935755, 0.0, 0.13580434277534142], "k_pid_att": [24.87367958415426, 2.06695213260996, 0.2015853925978777], "k_pid_yaw": [0.5, 1e-06, 0.1], "k_pid_hsp": [0.0898322325690558, 0.0, 0.0], "k_pid_vsp": [128.71660717111823, 122.28064870294773, 1.1102665582564117]}, "datetime": {"datetime": "2025-08-12 03:40:40", "elapsed": 40519.50746178627, "delta": 18.919198274612427}, "costs": {"total_cost": 182.3713242002152, "time_cost": 73.01, "final_distance_cost": 1.8227503063115464, "oscillation_cost": 19.199467391466477, "completition_cost": 0.0, "overshoot_cost": 52.046516848672425, "power_cost": 14.238279846191407, "noise_cost": 22.05430980757337, "n_waypoints_completed": 9, "tot_waypoints": 9}}
