{"target": -1363.7417682543894, "params": {"k_pid_pos": [1.0859905411303576, 0.14461935656240227, 0.0], "k_pid_alt": [0.17285157171508092, 0.0, 0.4951431310674538], "k_pid_att": [10.591081437386308, 3.5365458650498125, 0.2956681329721536], "k_pid_yaw": [0.5, 1e-06, 0.1], "k_pid_hsp": [0.0001, 0.32939466736988, 0.03781534343280678], "k_pid_vsp": [84.68725105730454, 1e-06, 2.539888979813166]}, "datetime": {"datetime": "2025-08-11 17:24:39", "elapsed": 3558.978677034378, "delta": 29.88156485557556}, "costs": {"total_cost": 1363.7417682543894, "time_cost": 150, "final_distance_cost": 43.398237556418046, "oscillation_cost": 72.08888070414058, "completition_cost": 1000.0, "overshoot_cost": 30.8545798846089, "power_cost": 31.963853173828127, "noise_cost": 35.436216935393794, "n_waypoints_completed": 0, "tot_waypoints": 9}}
{"target": -875.2422832958284, "params": {"k_pid_pos": [1.439927990480165, 0.7504216470283384, 0.16452783281720917], "k_pid_alt": [0.7528150780409572, 0.05561652716676992, 0.0], "k_pid_att": [11.280784549841611, 2.151115070773515, 0.0022598962747175516], "k_pid_yaw": [0.5, 1e-06, 0.1], "k_pid_hsp": [3.893199229964668, 0.0, 0.52327315891355], "k_pid_vsp": [154.66416146206973, 170.71844579637462, 1.626518483778764]}, "datetime": {"datetime": "2025-08-11 17:25:09", "elapsed": 3588.8119423389435, "delta": 29.83326530456543}, "costs": {"total_cost": 875.2422832958284, "time_cost": 150, "final_distance_cost": 66.68726181706671, "oscillation_cost": 326.25127221233555, "completition_cost": 222.2222222222222, "overshoot_cost": 46.40665736293917, "power_cost": 29.745863537597657, "noise_cost": 33.929006143667124, "n_waypoints_completed": 7, "tot_waypoints": 9}}
{"target": -1318.4719598544227, "params": {"k_pid_pos": [0.0001, 0.48357131930013336, 0.3226467388492756], "k_pid_alt": [1.5301951116083017, 0.034424107485511835, 0.4102817931976511], "k_pid_att": [16.430964867781174, 3.5613282575501737, 0.4784207616521927], "k_pid_yaw": [0.5, 1e-06, 0.1], "k_pid_hsp": [1.40424735973018, 0.03229909519387779, 0.13450210777339594], "k_pid_vsp": [125.93472286498432, 1e-06, 1e-06]}, "datetime": {"datetime": "2025-08-11 17:25:38", "elapsed": 3617.988573074341, "delta": 29.17663073539734}, "costs": {"total_cost": 1318.4719598544227, "time_cost": 150, "final_distance_cost": 79.55388875029257, "oscillation_cost": 209.7480333856712, "completition_cost": 777.7777777777778, "overshoot_cost": 42.07482640805928, "power_cost": 28.13018409423828, "noise_cost": 31.18724943838363, "n_waypoints_completed": 2, "tot_waypoints": 9}}
{"target": -243.26662722236185, "params": {"k_pid_pos": [1.4251384287356725, 0.6769387965360715, 0.09084281166480675], "k_pid_alt": [1.5531021333891568, 0.0, 0.5776490754414303], "k_pid_att": [42.05242989971274, 6.731934493232732, 0.0973936917774374], "k_pid_yaw": [0.5, 1e-06, 0.1], "k_pid_hsp": [5.432538796702643, 0.0, 0.0], "k_pid_vsp": [141.46151964622655, 25.97093804113065, 1e-06]}, "datetime": {"datetime": "2025-08-11 17:25:59", "elapsed": 3638.6541624069214, "delta": 20.665589332580566}, "costs": {"total_cost": 243.26662722236185, "time_cost": 84.756, "final_distance_cost": 1.7406740614989231, "oscillation_cost": 58.2477229619834, "completition_cost": 0.0, "overshoot_cost": 54.18776879252336, "power_cost": 19.394243554687502, "noise_cost": 24.940217851668653, "n_waypoints_completed": 9, "tot_waypoints": 9}}
{"target": -213.49305741265684, "params": {"k_pid_pos": [0.5895995325028468, 0.2574426321948878, 0.6415246713411917], "k_pid_alt": [1.1934593123326613, 0.0, 0.9144939916079597], "k_pid_att": [55.75330811162988, 3.5989287731302073, 0.29318686184376685], "k_pid_yaw": [0.5, 1e-06, 0.1], "k_pid_hsp": [0.9590945112889794, 0.032905090509561134, 0.0], "k_pid_vsp": [267.2340702696563, 40.56090678703726, 1e-06]}, "datetime": {"datetime": "2025-08-11 17:26:21", "elapsed": 3661.2180218696594, "delta": 22.563859462738037}, "costs": {"total_cost": 213.49305741265684, "time_cost": 87.35300000000001, "final_distance_cost": 1.841402288446461, "oscillation_cost": 28.46176775547067, "completition_cost": 0.0, "overshoot_cost": 53.01241133209421, "power_cost": 16.898079309082032, "noise_cost": 25.926396727563468, "n_waypoints_completed": 9, "tot_waypoints": 9}}
{"target": -196.02913591427617, "params": {"k_pid_pos": [0.8733468935733741, 0.25472986931416647, 0.0], "k_pid_alt": [1.3715858919257395, 0.0, 0.0], "k_pid_att": [6.843411284761704, 3.3360679605699843, 0.29224949672035344], "k_pid_yaw": [0.5, 1e-06, 0.1], "k_pid_hsp": [0.2024209791849998, 0.0, 0.0], "k_pid_vsp": [124.70878444319402, 1e-06, 5.853859157131369]}, "datetime": {"datetime": "2025-08-11 17:26:40", "elapsed": 3680.010030269623, "delta": 18.79200839996338}, "costs": {"total_cost": 196.02913591427617, "time_cost": 74.928, "final_distance_cost": 1.790679548089708, "oscillation_cost": 29.452053767238542, "completition_cost": 0.0, "overshoot_cost": 51.94645640866172, "power_cost": 15.393037524414064, "noise_cost": 22.518908665872157, "n_waypoints_completed": 9, "tot_waypoints": 9}}
{"target": -193.80430687391592, "params": {"k_pid_pos": [0.8011701205384247, 0.24940915718965262, 0.0], "k_pid_alt": [1.0152622796007722, 0.0, 0.0], "k_pid_att": [19.566189797996174, 3.8331327019268295, 0.19179027555390632], "k_pid_yaw": [0.5, 1e-06, 0.1], "k_pid_hsp": [0.2916439000212635, 0.0, 0.0], "k_pid_vsp": [191.54100206703365, 37.785776940557824, 1e-06]}, "datetime": {"datetime": "2025-08-11 17:26:59", "elapsed": 3698.4720911979675, "delta": 18.462060928344727}, "costs": {"total_cost": 193.80430687391592, "time_cost": 75.173, "final_distance_cost": 1.8070646995038386, "oscillation_cost": 28.05730359063676, "completition_cost": 0.0, "overshoot_cost": 51.08804309639964, "power_cost": 15.375638891601563, "noise_cost": 22.303256595774126, "n_waypoints_completed": 9, "tot_waypoints": 9}}
{"target": -1798.2014146205522, "params": {"k_pid_pos": [0.7618568579252725, 0.39660409720940976, 0.05417276872865692], "k_pid_alt": [1.4882661057571727, 0.7388230493071697, 0.6195175376448886], "k_pid_att": [1.0814799342083097, 2.9020026662150014, 1.0], "k_pid_yaw": [0.5, 1e-06, 0.1], "k_pid_hsp": [4.024137456145156, 0.12692263553760916, 0.23442050774840684], "k_pid_vsp": [163.2111229284875, 314.02683275730453, 143.50852010217233]}, "datetime": {"datetime": "2025-08-11 17:27:28", "elapsed": 3728.0229485034943, "delta": 29.550857305526733}, "costs": {"total_cost": 1798.2014146205522, "time_cost": 150, "final_distance_cost": 14.54282299910676, "oscillation_cost": 309.7710354515024, "completition_cost": 1000.0, "overshoot_cost": 148.40525328209168, "power_cost": 56.63926335449219, "noise_cost": 118.84303953335923, "n_waypoints_completed": 0, "tot_waypoints": 9}}
{"target": -209.1874245195908, "params": {"k_pid_pos": [1.914796153699788, 0.15336854301156805, 0.12834858264816326], "k_pid_alt": [1.228217113304142, 0.0, 0.2457582465002688], "k_pid_att": [30.518452120260314, 4.48795725663384, 0.23086356042674372], "k_pid_yaw": [0.5, 1e-06, 0.1], "k_pid_hsp": [2.2715573164457723, 0.2210164399887955, 0.0], "k_pid_vsp": [218.8594217770641, 42.79581216060264, 35.870936147255215]}, "datetime": {"datetime": "2025-08-11 17:27:46", "elapsed": 3745.9110329151154, "delta": 17.888084411621094}, "costs": {"total_cost": 209.1874245195908, "time_cost": 72.345, "final_distance_cost": 1.750848279306799, "oscillation_cost": 45.35714159433721, "completition_cost": 0.0, "overshoot_cost": 51.87494927832166, "power_cost": 19.289797302246093, "noise_cost": 18.56968806537905, "n_waypoints_completed": 9, "tot_waypoints": 9}}
{"target": -597.8950936477183, "params": {"k_pid_pos": [0.991185643380313, 0.4715618353805544, 0.12180045821119159], "k_pid_alt": [0.8440275919326642, 0.5073276875519074, 0.3257445375144742], "k_pid_att": [73.08465233022038, 3.3157963114765385, 0.4216397237952468], "k_pid_yaw": [0.5, 1e-06, 0.1], "k_pid_hsp": [4.385161378238317, 0.06818519192184436, 1.0], "k_pid_vsp": [141.7757010062392, 30.611699580535557, 69.42174803425713]}, "datetime": {"datetime": "2025-08-11 17:28:15", "elapsed": 3775.328276157379, "delta": 29.417243242263794}, "costs": {"total_cost": 597.8950936477183, "time_cost": 114.527, "final_distance_cost": 1.7699178912448796, "oscillation_cost": 360.08018686707345, "completition_cost": 0.0, "overshoot_cost": 59.900182901486616, "power_cost": 33.7061125, "noise_cost": 27.91169348791348, "n_waypoints_completed": 9, "tot_waypoints": 9}}
{"target": -259.88541826962245, "params": {"k_pid_pos": [1.0132194639730934, 0.48226522500237035, 0.0], "k_pid_alt": [1.0726187820165656, 0.0, 0.28161989651239916], "k_pid_att": [2.8065490480748045, 2.662049597585547, 0.15597347464806682], "k_pid_yaw": [0.5, 1e-06, 0.1], "k_pid_hsp": [7.695354128167691, 0.0, 0.1367592712473673], "k_pid_vsp": [148.51815133826256, 42.63415275790508, 0.22702011582588355]}, "datetime": {"datetime": "2025-08-11 17:28:35", "elapsed": 3794.665652990341, "delta": 19.337376832962036}, "costs": {"total_cost": 259.88541826962245, "time_cost": 78.813, "final_distance_cost": 1.8007437400428379, "oscillation_cost": 86.8189507499413, "completition_cost": 0.0, "overshoot_cost": 51.60422202513071, "power_cost": 17.757888000488283, "noise_cost": 23.090613754019298, "n_waypoints_completed": 9, "tot_waypoints": 9}}
{"target": -1261.745840270318, "params": {"k_pid_pos": [1.8634446327639855, 0.23389667510599277, 0.045221486977923026], "k_pid_alt": [1.5462563361788204, 0.0, 0.23517039048168642], "k_pid_att": [4.562190914270072, 3.9351913094542277, 0.0], "k_pid_yaw": [0.5, 1e-06, 0.1], "k_pid_hsp": [0.0001, 0.012267328806158417, 0.0], "k_pid_vsp": [137.28524886833077, 65.15955564510718, 1e-06]}, "datetime": {"datetime": "2025-08-11 17:29:05", "elapsed": 3824.9093928337097, "delta": 30.24373984336853}, "costs": {"total_cost": 1261.745840270318, "time_cost": 150, "final_distance_cost": 62.48488759374087, "oscillation_cost": 9.640725479895213, "completition_cost": 888.8888888888888, "overshoot_cost": 96.44112643163524, "power_cost": 21.15640594482422, "noise_cost": 33.133805931333754, "n_waypoints_completed": 1, "tot_waypoints": 9}}
{"target": -11787.032134170742, "params": {"k_pid_pos": [0.7715226404340156, 0.005784518566607361, 0.19670295053440187], "k_pid_alt": [1.217742571199965, 0.05393462889727441, 0.6737086628740063], "k_pid_att": [0.0, 4.264591442265224, 0.07184166678986022], "k_pid_yaw": [0.5, 1e-06, 0.1], "k_pid_hsp": [10.0, 1.0, 0.9326131466689651], "k_pid_vsp": [85.62076102448776, 334.93158114941355, 239.25212473513778]}, "datetime": {"datetime": "2025-08-11 17:29:35", "elapsed": 3854.6761581897736, "delta": 29.766765356063843}, "costs": {"total_cost": 11787.032134170742, "time_cost": 150, "final_distance_cost": 3382.736780255015, "oscillation_cost": 1919.3122320422729, "completition_cost": 1000.0, "overshoot_cost": 5130.705685244407, "power_cost": 57.36577019042969, "noise_cost": 146.91166643861612, "n_waypoints_completed": 0, "tot_waypoints": 9}}
{"target": -201.86220007621688, "params": {"k_pid_pos": [1.2891208380614971, 0.20601677847598662, 0.19074697203687305], "k_pid_alt": [1.245161167670516, 0.027086378068815864, 0.23891212888205748], "k_pid_att": [5.929110753133681, 2.534406951209798, 0.13933949711086668], "k_pid_yaw": [0.5, 1e-06, 0.1], "k_pid_hsp": [0.2830933086271519, 0.10567746939110187, 0.0], "k_pid_vsp": [287.09111330160107, 41.449825733690155, 1e-06]}, "datetime": {"datetime": "2025-08-11 17:29:53", "elapsed": 3872.529981613159, "delta": 17.85382342338562}, "costs": {"total_cost": 201.86220007621688, "time_cost": 72.331, "final_distance_cost": 1.7895928983370877, "oscillation_cost": 39.12323984737671, "completition_cost": 0.0, "overshoot_cost": 51.090958951246975, "power_cost": 15.85635936279297, "noise_cost": 21.671049016463122, "n_waypoints_completed": 9, "tot_waypoints": 9}}
{"target": -195.28872965677968, "params": {"k_pid_pos": [1.2459981596202212, 0.14211569275742678, 0.0], "k_pid_alt": [1.5351776710802754, 0.0, 0.0], "k_pid_att": [17.045396025207896, 2.1489773313273277, 0.20495705978363804], "k_pid_yaw": [0.5, 1e-06, 0.1], "k_pid_hsp": [1.797357504597947, 0.0, 0.0], "k_pid_vsp": [164.6296397070867, 1e-06, 1e-06]}, "datetime": {"datetime": "2025-08-11 17:30:10", "elapsed": 3889.9334502220154, "delta": 17.4034686088562}, "costs": {"total_cost": 195.28872965677968, "time_cost": 70.742, "final_distance_cost": 1.7695219275504444, "oscillation_cost": 34.290391440694556, "completition_cost": 0.0, "overshoot_cost": 51.93501534791425, "power_cost": 15.147052172851563, "noise_cost": 21.40474876776883, "n_waypoints_completed": 9, "tot_waypoints": 9}}
{"target": -380.2879767529337, "params": {"k_pid_pos": [2.0, 0.3053090924708878, 0.6941296881545989], "k_pid_alt": [1.454424600755399, 0.08567674929789632, 0.0], "k_pid_att": [1.5478519896824956, 4.396117385128062, 0.21282992722923405], "k_pid_yaw": [0.5, 1e-06, 0.1], "k_pid_hsp": [9.31742729170255, 0.14903934949031292, 0.0], "k_pid_vsp": [182.78415768713106, 70.07317569338514, 47.69696446251662]}, "datetime": {"datetime": "2025-08-11 17:30:31", "elapsed": 3911.2933588027954, "delta": 21.35990858078003}, "costs": {"total_cost": 380.2879767529337, "time_cost": 87.549, "final_distance_cost": 1.7848201057156987, "oscillation_cost": 188.19280944290273, "completition_cost": 0.0, "overshoot_cost": 52.91159167158607, "power_cost": 26.817907836914063, "noise_cost": 23.031847695815138, "n_waypoints_completed": 9, "tot_waypoints": 9}}
{"target": -1297.1736703647184, "params": {"k_pid_pos": [1.101940058088949, 0.0, 0.0744576946968306], "k_pid_alt": [1.4318767511990482, 0.05821944519352112, 0.2134082581700135], "k_pid_att": [13.453633516000089, 3.3488137174638744, 0.10608211400399237], "k_pid_yaw": [0.5, 1e-06, 0.1], "k_pid_hsp": [0.0001, 0.1475815142518397, 0.0], "k_pid_vsp": [204.26032308029383, 46.085793955566245, 1e-06]}, "datetime": {"datetime": "2025-08-11 17:31:03", "elapsed": 3942.7755222320557, "delta": 31.482163429260254}, "costs": {"total_cost": 1297.1736703647184, "time_cost": 150, "final_distance_cost": 92.5248582634511, "oscillation_cost": 111.96388121805967, "completition_cost": 777.7777777777778, "overshoot_cost": 97.95851429498427, "power_cost": 31.567734912109376, "noise_cost": 35.38090389833621, "n_waypoints_completed": 2, "tot_waypoints": 9}}
{"target": -22481.700982597402, "params": {"k_pid_pos": [2.0, 0.09865313842858345, 0.0], "k_pid_alt": [1.5738205826606966, 0.0, 0.07038174159170406], "k_pid_att": [0.0, 3.0570874258509266, 0.24310213848907164], "k_pid_yaw": [0.5, 1e-06, 0.1], "k_pid_hsp": [0.0001, 0.0, 0.06929600506766241], "k_pid_vsp": [178.32496296120766, 14.92444476468503, 18.648093653389914]}, "datetime": {"datetime": "2025-08-11 17:31:33", "elapsed": 3972.6126759052277, "delta": 29.837153673171997}, "costs": {"total_cost": 22481.700982597402, "time_cost": 150, "final_distance_cost": 6647.941183272783, "oscillation_cost": 1721.060253769166, "completition_cost": 1000.0, "overshoot_cost": 12758.69091174021, "power_cost": 57.76581667480469, "noise_cost": 146.24281714044054, "n_waypoints_completed": 0, "tot_waypoints": 9}}
{"target": -5055.3802758842685, "params": {"k_pid_pos": [0.0001, 0.32744455261309807, 0.0], "k_pid_alt": [1.1379301170173743, 0.0, 0.34154740281550827], "k_pid_att": [0.0, 1.63297930583607, 0.2933123224640335], "k_pid_yaw": [0.5, 1e-06, 0.1], "k_pid_hsp": [1.526818928062914, 0.0, 0.0], "k_pid_vsp": [235.8456571750416, 46.50612710456869, 1e-06]}, "datetime": {"datetime": "2025-08-11 17:32:03", "elapsed": 4002.5783653259277, "delta": 29.965689420700073}, "costs": {"total_cost": 5055.3802758842685, "time_cost": 150, "final_distance_cost": 549.7164409360599, "oscillation_cost": 1841.7429883613447, "completition_cost": 888.8888888888888, "overshoot_cost": 1427.912560051993, "power_cost": 54.13041677246094, "noise_cost": 142.98898087352046, "n_waypoints_completed": 1, "tot_waypoints": 9}}
{"target": -14160.615440214715, "params": {"k_pid_pos": [0.9514658596102474, 0.31737269939854584, 0.07670385581044295], "k_pid_alt": [1.3002221059686312, 0.010948466266477195, 0.3057504476247721], "k_pid_att": [0.0, 3.3674456164088444, 0.2944732013853238], "k_pid_yaw": [0.5, 1e-06, 0.1], "k_pid_hsp": [1.8578524986493163, 0.0, 0.0], "k_pid_vsp": [211.1692917306883, 30.241049522235894, 1e-06]}, "datetime": {"datetime": "2025-08-11 17:32:32", "elapsed": 4031.99516415596, "delta": 29.41679883003235}, "costs": {"total_cost": 14160.615440214715, "time_cost": 150, "final_distance_cost": 4249.312197265349, "oscillation_cost": 1662.6210640711788, "completition_cost": 1000.0, "overshoot_cost": 6892.763762516026, "power_cost": 57.563023889160156, "noise_cost": 148.35539247300036, "n_waypoints_completed": 0, "tot_waypoints": 9}}
{"target": -213.1262507815155, "params": {"k_pid_pos": [1.6252155884247774, 0.2794310739225762, 0.7228754667384867], "k_pid_alt": [1.626561144612889, 0.0, 0.34677737746730375], "k_pid_att": [37.59594884562194, 2.617113751030685, 0.3165355900937544], "k_pid_yaw": [0.5, 1e-06, 0.1], "k_pid_hsp": [0.40070475471184036, 0.0, 0.008282694256654444], "k_pid_vsp": [234.06534205543267, 58.52462264974798, 1e-06]}, "datetime": {"datetime": "2025-08-11 17:32:52", "elapsed": 4051.6356885433197, "delta": 19.64052438735962}, "costs": {"total_cost": 213.1262507815155, "time_cost": 76.958, "final_distance_cost": 1.8157792836011148, "oscillation_cost": 43.597095397589925, "completition_cost": 0.0, "overshoot_cost": 51.50446093031415, "power_cost": 16.215874169921875, "noise_cost": 23.03504100008842, "n_waypoints_completed": 9, "tot_waypoints": 9}}
{"target": -1128.5251020029314, "params": {"k_pid_pos": [2.0, 0.0, 0.0], "k_pid_alt": [0.37767968771495664, 0.40201689355844517, 0.0], "k_pid_att": [8.142269729694227, 6.6796612378309765, 0.19443625954266328], "k_pid_yaw": [0.5, 1e-06, 0.1], "k_pid_hsp": [0.0001, 0.8017572357561833, 0.6490081028685168], "k_pid_vsp": [250.3323411331016, 400.0, 1.7088974747008265]}, "datetime": {"datetime": "2025-08-11 17:33:22", "elapsed": 4081.834930419922, "delta": 30.199241876602173}, "costs": {"total_cost": 1128.5251020029314, "time_cost": 150, "final_distance_cost": 55.165517939384294, "oscillation_cost": 355.31570061242985, "completition_cost": 444.4444444444444, "overshoot_cost": 63.62671035826382, "power_cost": 25.797731262207034, "noise_cost": 34.17499738620201, "n_waypoints_completed": 5, "tot_waypoints": 9}}
{"target": -219.42831705624644, "params": {"k_pid_pos": [1.592427967100677, 0.38424885314220497, 0.0], "k_pid_alt": [1.4307631732257262, 0.0, 0.07142476701085357], "k_pid_att": [1.2143329396109799, 1.0108584500432176, 0.20255776914939097], "k_pid_yaw": [0.5, 1e-06, 0.1], "k_pid_hsp": [0.47941972043336245, 0.0, 0.0], "k_pid_vsp": [204.93975940137307, 51.25660119100767, 1e-06]}, "datetime": {"datetime": "2025-08-11 17:33:41", "elapsed": 4100.576018810272, "delta": 18.741088390350342}, "costs": {"total_cost": 219.42831705624644, "time_cost": 76.174, "final_distance_cost": 1.7150787636502047, "oscillation_cost": 47.39926493057647, "completition_cost": 0.0, "overshoot_cost": 53.21518177011521, "power_cost": 17.79292618408203, "noise_cost": 23.131865407822502, "n_waypoints_completed": 9, "tot_waypoints": 9}}
{"target": -196.4803151290256, "params": {"k_pid_pos": [0.8947504309824477, 0.2662821274953445, 0.0], "k_pid_alt": [1.3868180432867119, 0.0, 0.0], "k_pid_att": [10.039329570258186, 3.304197280402751, 0.17739163811050823], "k_pid_yaw": [0.5, 1e-06, 0.1], "k_pid_hsp": [0.09983706582277081, 0.0034673509948335195, 0.0], "k_pid_vsp": [138.88388276459096, 53.34590596379646, 1e-06]}, "datetime": {"datetime": "2025-08-11 17:34:00", "elapsed": 4119.515303850174, "delta": 18.939285039901733}, "costs": {"total_cost": 196.4803151290256, "time_cost": 76.545, "final_distance_cost": 1.7309443413011032, "oscillation_cost": 29.10087806058572, "completition_cost": 0.0, "overshoot_cost": 51.06202130393265, "power_cost": 15.56740087890625, "noise_cost": 22.474070544299888, "n_waypoints_completed": 9, "tot_waypoints": 9}}
{"target": -1146.7599530939428, "params": {"k_pid_pos": [0.595179998075108, 0.19867863509799136, 0.0], "k_pid_alt": [1.461766867752078, 0.029370448948919006, 1.0], "k_pid_att": [34.82900649833639, 3.130428888229754, 0.3916734322226317], "k_pid_yaw": [0.5, 1e-06, 0.1], "k_pid_hsp": [0.45490775456802246, 0.0, 0.24298168953560584], "k_pid_vsp": [216.09135364971212, 42.187102641737, 183.43718162480226]}, "datetime": {"datetime": "2025-08-11 17:34:30", "elapsed": 4149.419531822205, "delta": 29.90422797203064}, "costs": {"total_cost": 1146.7599530939428, "time_cost": 150, "final_distance_cost": 72.99467489333865, "oscillation_cost": 471.66228185126675, "completition_cost": 333.33333333333337, "overshoot_cost": 55.457655999956536, "power_cost": 34.41961237792969, "noise_cost": 28.89239463811758, "n_waypoints_completed": 6, "tot_waypoints": 9}}
{"target": -1246.2434347008348, "params": {"k_pid_pos": [1.2129265286237827, 0.009566393797810574, 0.0], "k_pid_alt": [1.4600459664816823, 0.0, 0.20335866410127912], "k_pid_att": [13.63416299344129, 2.976406062766985, 0.18818324709944895], "k_pid_yaw": [0.5, 1e-06, 0.1], "k_pid_hsp": [0.0001, 0.0, 0.0], "k_pid_vsp": [181.72872437744195, 34.10841394866301, 1e-06]}, "datetime": {"datetime": "2025-08-11 17:34:59", "elapsed": 4179.143293380737, "delta": 29.723761558532715}, "costs": {"total_cost": 1246.2434347008348, "time_cost": 150, "final_distance_cost": 48.37528430313266, "oscillation_cost": 0.005442055479430736, "completition_cost": 888.8888888888888, "overshoot_cost": 104.85501894306296, "power_cost": 21.01106461181641, "noise_cost": 33.10773589845435, "n_waypoints_completed": 1, "tot_waypoints": 9}}
