{"target": -183.32332449199916, "params": {"k_pid_pos": [0.5893050878484891, 0.0, 0.0], "k_pid_alt": [1.7151383145262795, 0.0, 0.18108096525724315], "k_pid_att": [21.11786507047763, 1.8313031016187857, 0.08063637589342071], "k_pid_yaw": [0.5, 1e-06, 0.1], "k_pid_hsp": [0.11519878144015865, 0.0, 0.0], "k_pid_vsp": [120.62121640400687, 117.09534426518044, 0.47006967168947233]}, "datetime": {"datetime": "2025-08-12 00:52:00", "elapsed": 30399.857410907745, "delta": 17.587221145629883}, "costs": {"total_cost": 183.32332449199916, "time_cost": 71.673, "final_distance_cost": 1.818802844400962, "oscillation_cost": 22.481002453350147, "completition_cost": 0.0, "overshoot_cost": 51.55407391151599, "power_cost": 14.213288427734376, "noise_cost": 21.583156854997693, "n_waypoints_completed": 9, "tot_waypoints": 9}}
{"target": -182.28521071326034, "params": {"k_pid_pos": [0.5278795833339175, 0.0, 0.0], "k_pid_alt": [1.6176936395005852, 0.0, 0.14166558343533092], "k_pid_att": [27.009178678329647, 2.169445563090671, 0.22693018521114647], "k_pid_yaw": [0.5, 1e-06, 0.1], "k_pid_hsp": [0.08289727344208969, 0.0, 0.0], "k_pid_vsp": [143.2372580767229, 67.76526363567358, 1.2882962447624964]}, "datetime": {"datetime": "2025-08-12 00:52:19", "elapsed": 30418.8157184124, "delta": 18.95830750465393}, "costs": {"total_cost": 182.28521071326034, "time_cost": 73.458, "final_distance_cost": 1.814892203248976, "oscillation_cost": 18.62810527118098, "completition_cost": 0.0, "overshoot_cost": 52.06211988323169, "power_cost": 14.186396411132813, "noise_cost": 22.13569694446587, "n_waypoints_completed": 9, "tot_waypoints": 9}}
{"target": -189.13651750493355, "params": {"k_pid_pos": [0.530258979969247, 0.0, 0.0], "k_pid_alt": [1.5038186020753819, 0.0, 0.13481867571557057], "k_pid_att": [25.670144879002102, 2.224202107062345, 0.1562157992441322], "k_pid_yaw": [0.5, 1e-06, 0.1], "k_pid_hsp": [0.05939215430080677, 0.0, 0.0], "k_pid_vsp": [131.24469118642287, 121.28773691278964, 0.923583238998181]}, "datetime": {"datetime": "2025-08-12 00:52:39", "elapsed": 30438.682180166245, "delta": 19.866461753845215}, "costs": {"total_cost": 189.13651750493355, "time_cost": 77.98, "final_distance_cost": 1.8210731318808342, "oscillation_cost": 16.450074464756273, "completition_cost": 0.0, "overshoot_cost": 54.42076264159704, "power_cost": 14.919626904296877, "noise_cost": 23.544980362402523, "n_waypoints_completed": 9, "tot_waypoints": 9}}
{"target": -182.42789578563708, "params": {"k_pid_pos": [0.5270435020607804, 0.0, 0.0], "k_pid_alt": [1.7259517995656712, 0.0, 0.14808999516344076], "k_pid_att": [24.636164385312554, 2.2361605523625823, 0.16475260782751822], "k_pid_yaw": [0.5, 1e-06, 0.1], "k_pid_hsp": [0.09115174980343094, 0.0, 0.0], "k_pid_vsp": [135.3394352567807, 119.00580268854141, 1.4111485479822263]}, "datetime": {"datetime": "2025-08-12 00:52:58", "elapsed": 30457.98258948326, "delta": 19.3004093170166}, "costs": {"total_cost": 182.42789578563708, "time_cost": 72.87, "final_distance_cost": 1.8158105028889018, "oscillation_cost": 19.581546685890757, "completition_cost": 0.0, "overshoot_cost": 52.03440245591917, "power_cost": 14.147606262207033, "noise_cost": 21.978529878731187, "n_waypoints_completed": 9, "tot_waypoints": 9}}
{"target": -182.08251169576306, "params": {"k_pid_pos": [0.5718552921482755, 0.0, 0.0], "k_pid_alt": [1.6390006135750443, 0.0, 0.1624096081763723], "k_pid_att": [25.26218691879089, 2.324703239504091, 0.2144632338332667], "k_pid_yaw": [0.5, 1e-06, 0.1], "k_pid_hsp": [0.09303629101796837, 0.0, 0.0], "k_pid_vsp": [143.24851425452425, 115.2892713006831, 1.0483667675655721]}, "datetime": {"datetime": "2025-08-12 00:53:17", "elapsed": 30477.01802420616, "delta": 19.03543472290039}, "costs": {"total_cost": 182.08251169576306, "time_cost": 72.31, "final_distance_cost": 1.8176408145154859, "oscillation_cost": 20.229376592570183, "completition_cost": 0.0, "overshoot_cost": 51.741634699061755, "power_cost": 14.207730187988282, "noise_cost": 21.77612940162735, "n_waypoints_completed": 9, "tot_waypoints": 9}}
{"target": -182.05988100323827, "params": {"k_pid_pos": [0.5838043577469476, 0.0, 0.0], "k_pid_alt": [1.5788858153665308, 0.0, 0.2054637083993038], "k_pid_att": [24.43306705590136, 2.3672539262663155, 0.22182949829227602], "k_pid_yaw": [0.5, 1e-06, 0.1], "k_pid_hsp": [0.09818865958460166, 0.0, 0.0], "k_pid_vsp": [137.72840533088555, 119.42547080124118, 0.7432838061844218]}, "datetime": {"datetime": "2025-08-12 00:53:35", "elapsed": 30495.2630712986, "delta": 18.245047092437744}, "costs": {"total_cost": 182.05988100323827, "time_cost": 72.10000000000001, "final_distance_cost": 1.8274222630445334, "oscillation_cost": 20.838646509031353, "completition_cost": 0.0, "overshoot_cost": 51.43698443845488, "power_cost": 14.15875496826172, "noise_cost": 21.698072824445784, "n_waypoints_completed": 9, "tot_waypoints": 9}}
{"target": -182.72819317836712, "params": {"k_pid_pos": [0.47758345012238623, 0.0, 0.0], "k_pid_alt": [1.6206964430258033, 0.0, 0.1701937187543683], "k_pid_att": [25.405855105537082, 2.0924726180049413, 0.3754581607910448], "k_pid_yaw": [0.5, 1e-06, 0.1], "k_pid_hsp": [0.09241241646277523, 0.0, 0.0], "k_pid_vsp": [126.43692366571639, 115.02933029121773, 0.7434271849276106]}, "datetime": {"datetime": "2025-08-12 00:53:55", "elapsed": 30514.426846027374, "delta": 19.163774728775024}, "costs": {"total_cost": 182.72819317836712, "time_cost": 73.836, "final_distance_cost": 1.8337306125903816, "oscillation_cost": 18.132126269998277, "completition_cost": 0.0, "overshoot_cost": 52.41425927657171, "power_cost": 14.28238983154297, "noise_cost": 22.229687187663796, "n_waypoints_completed": 9, "tot_waypoints": 9}}
{"target": -182.83592817993434, "params": {"k_pid_pos": [0.6403753928905355, 0.0, 0.0], "k_pid_alt": [1.6061502441697575, 0.0, 0.0794918080439221], "k_pid_att": [26.894171717634542, 1.987617334939574, 0.22028829825290244], "k_pid_yaw": [0.5, 1e-06, 0.1], "k_pid_hsp": [0.08834789667123928, 0.0, 0.0], "k_pid_vsp": [130.43774207306151, 111.0648145262262, 2.555835131035107]}, "datetime": {"datetime": "2025-08-12 00:54:13", "elapsed": 30532.8961622715, "delta": 18.469316244125366}, "costs": {"total_cost": 182.83592817993434, "time_cost": 71.876, "final_distance_cost": 1.7970046172155842, "oscillation_cost": 21.229962848019504, "completition_cost": 0.0, "overshoot_cost": 52.24802129099822, "power_cost": 14.161569299316406, "noise_cost": 21.523370124384613, "n_waypoints_completed": 9, "tot_waypoints": 9}}
{"target": -182.44569238020162, "params": {"k_pid_pos": [0.535300587762637, 0.0, 0.0], "k_pid_alt": [1.568178778901865, 0.0, 0.1558190648995981], "k_pid_att": [24.973014126976, 2.093117430833376, 0.23001919628503553], "k_pid_yaw": [0.5, 1e-06, 0.1], "k_pid_hsp": [0.09929622093765307, 0.0, 0.0], "k_pid_vsp": [119.51692931212202, 119.09610957689728, 1.5238194454854408]}, "datetime": {"datetime": "2025-08-12 00:54:32", "elapsed": 30551.987586975098, "delta": 19.091424703598022}, "costs": {"total_cost": 182.44569238020162, "time_cost": 72.646, "final_distance_cost": 1.8373303237799736, "oscillation_cost": 20.222792812211296, "completition_cost": 0.0, "overshoot_cost": 51.60832587817678, "power_cost": 14.202796484375, "noise_cost": 21.92844688165857, "n_waypoints_completed": 9, "tot_waypoints": 9}}
{"target": -183.07177151580754, "params": {"k_pid_pos": [0.5383988713175205, 0.0, 0.0], "k_pid_alt": [1.6031793693485386, 0.0, 0.15242308732838186], "k_pid_att": [24.646123849089285, 2.1853853656771762, 0.1515662881933028], "k_pid_yaw": [0.5, 1e-06, 0.1], "k_pid_hsp": [0.0866916978292093, 0.0, 0.0], "k_pid_vsp": [123.12846419684429, 126.47992047213961, 2.112835451060753]}, "datetime": {"datetime": "2025-08-12 00:54:51", "elapsed": 30571.01115679741, "delta": 19.0235698223114}, "costs": {"total_cost": 183.07177151580754, "time_cost": 73.003, "final_distance_cost": 1.8149527684995588, "oscillation_cost": 19.262480154116275, "completition_cost": 0.0, "overshoot_cost": 52.654081663195576, "power_cost": 14.287993603515625, "noise_cost": 22.049263326480503, "n_waypoints_completed": 9, "tot_waypoints": 9}}
{"target": -182.37430318825614, "params": {"k_pid_pos": [0.5221590841190478, 0.0, 0.0], "k_pid_alt": [1.4506063743476796, 0.0, 0.07990174753022788], "k_pid_att": [24.14195784206946, 2.211786594713665, 0.25348406859927247], "k_pid_yaw": [0.5, 1e-06, 0.1], "k_pid_hsp": [0.0916541763480092, 0.0, 0.0], "k_pid_vsp": [128.9426607319142, 110.24856260118563, 1.2195217703979608]}, "datetime": {"datetime": "2025-08-12 00:55:10", "elapsed": 30589.535805940628, "delta": 18.524649143218994}, "costs": {"total_cost": 182.37430318825614, "time_cost": 73.066, "final_distance_cost": 1.824108178539353, "oscillation_cost": 19.21475670261081, "completition_cost": 0.0, "overshoot_cost": 52.06517942320796, "power_cost": 14.211278344726564, "noise_cost": 21.992980539171427, "n_waypoints_completed": 9, "tot_waypoints": 9}}
{"target": -182.3503704998577, "params": {"k_pid_pos": [0.5283824720170855, 0.0, 0.0], "k_pid_alt": [1.6113661628864957, 0.0, 0.1516400973773259], "k_pid_att": [24.62886633005158, 2.3055501040589848, 0.21762735004970912], "k_pid_yaw": [0.5, 1e-06, 0.1], "k_pid_hsp": [0.08688797665688436, 0.0, 0.0], "k_pid_vsp": [130.0356820803038, 116.07364738495485, 1.2286530565389546]}, "datetime": {"datetime": "2025-08-12 00:55:29", "elapsed": 30608.515887260437, "delta": 18.98008131980896}, "costs": {"total_cost": 182.3503704998577, "time_cost": 73.122, "final_distance_cost": 1.8220338849710904, "oscillation_cost": 19.062954193124877, "completition_cost": 0.0, "overshoot_cost": 52.16396403078154, "power_cost": 14.229383068847657, "noise_cost": 21.950035322132532, "n_waypoints_completed": 9, "tot_waypoints": 9}}
{"target": -182.49499013054788, "params": {"k_pid_pos": [0.5736882595396856, 0.0, 0.0], "k_pid_alt": [1.7036708833598677, 0.0, 0.05640200528718029], "k_pid_att": [25.402638859847013, 2.2137614540318467, 0.21862751814653353], "k_pid_yaw": [0.5, 1e-06, 0.1], "k_pid_hsp": [0.09213181607828011, 0.0, 0.0], "k_pid_vsp": [121.03033380902328, 121.22801878552406, 1.2435963988774779]}, "datetime": {"datetime": "2025-08-12 00:55:47", "elapsed": 30626.766206502914, "delta": 18.250319242477417}, "costs": {"total_cost": 182.49499013054788, "time_cost": 72.191, "final_distance_cost": 1.8165994456729684, "oscillation_cost": 20.75157336477968, "completition_cost": 0.0, "overshoot_cost": 51.8562139757071, "power_cost": 14.175801904296875, "noise_cost": 21.703801440091226, "n_waypoints_completed": 9, "tot_waypoints": 9}}
{"target": -182.54814464546376, "params": {"k_pid_pos": [0.5318392680155396, 0.0, 0.0], "k_pid_alt": [1.6119531273774588, 0.0, 0.17223706267565142], "k_pid_att": [24.640213697333134, 2.2837948130547954, 0.19357498860305433], "k_pid_yaw": [0.5, 1e-06, 0.1], "k_pid_hsp": [0.0942644966485589, 0.0, 0.0], "k_pid_vsp": [128.110401138112, 123.41879293338829, 1.108768309817488]}, "datetime": {"datetime": "2025-08-12 00:56:06", "elapsed": 30646.232959985733, "delta": 19.466753482818604}, "costs": {"total_cost": 182.54814464546376, "time_cost": 72.81400000000001, "final_distance_cost": 1.814167280632334, "oscillation_cost": 19.717089305198524, "completition_cost": 0.0, "overshoot_cost": 51.94123831619678, "power_cost": 14.25629012451172, "noise_cost": 22.00535961892443, "n_waypoints_completed": 9, "tot_waypoints": 9}}
{"target": -1285.4095422747675, "params": {"k_pid_pos": [0.0001, 0.0, 0.000589696813340472], "k_pid_alt": [1.6352317167630697, 0.0, 0.14356273167326083], "k_pid_att": [25.20578274080555, 2.243437281235581, 0.213879472675039], "k_pid_yaw": [0.5, 1e-06, 0.1], "k_pid_hsp": [0.10544502728506192, 0.0, 0.0], "k_pid_vsp": [139.4015407080501, 97.6242445915059, 5.702470724605882]}, "datetime": {"datetime": "2025-08-12 00:56:37", "elapsed": 30677.025964021683, "delta": 30.793004035949707}, "costs": {"total_cost": 1285.4095422747675, "time_cost": 150, "final_distance_cost": 46.005886136450165, "oscillation_cost": 0.03570395956596934, "completition_cost": 1000.0, "overshoot_cost": 35.27086251200057, "power_cost": 21.01157293701172, "noise_cost": 33.08551672973909, "n_waypoints_completed": 0, "tot_waypoints": 9}}
{"target": -186.03094346225734, "params": {"k_pid_pos": [0.38919053685170596, 7.516792655285111e-05, 0.0], "k_pid_alt": [1.6459829399510288, 0.0, 0.15603813003084854], "k_pid_att": [23.20042687560886, 2.43190976576849, 0.2847969146631189], "k_pid_yaw": [0.5, 1e-06, 0.1], "k_pid_hsp": [0.09177663315452765, 0.0, 0.0], "k_pid_vsp": [123.32270596649971, 84.35965927783154, 1.0888234544541866]}, "datetime": {"datetime": "2025-08-12 00:56:57", "elapsed": 30696.98529791832, "delta": 19.959333896636963}, "costs": {"total_cost": 186.03094346225734, "time_cost": 76.671, "final_distance_cost": 1.8392823372542695, "oscillation_cost": 16.647148906863393, "completition_cost": 0.0, "overshoot_cost": 52.40385684493523, "power_cost": 14.768496301269533, "noise_cost": 23.701159071934907, "n_waypoints_completed": 9, "tot_waypoints": 9}}
{"target": -182.71205203117626, "params": {"k_pid_pos": [0.5148793084874573, 0.0, 0.0], "k_pid_alt": [1.6102828004994114, 0.0, 0.14884390472693615], "k_pid_att": [3.97916799333609, 2.1625299068133597, 0.2464224934167328], "k_pid_yaw": [0.5, 1e-06, 0.1], "k_pid_hsp": [0.09221582975354954, 0.0, 0.0], "k_pid_vsp": [122.91304650381785, 92.04219194080132, 0.9807220606226595]}, "datetime": {"datetime": "2025-08-12 00:57:15", "elapsed": 30715.2512280941, "delta": 18.26593017578125}, "costs": {"total_cost": 182.71205203117626, "time_cost": 73.017, "final_distance_cost": 1.835783418905274, "oscillation_cost": 19.601961980222413, "completition_cost": 0.0, "overshoot_cost": 51.95046284249087, "power_cost": 14.26275965576172, "noise_cost": 22.044084133795955, "n_waypoints_completed": 9, "tot_waypoints": 9}}
{"target": -182.30970259319906, "params": {"k_pid_pos": [0.5321001850141248, 0.0, 0.0], "k_pid_alt": [1.612329669777848, 0.0, 0.1561858343244745], "k_pid_att": [25.0057636754655, 2.743927710062268, 0.21570913767428834], "k_pid_yaw": [0.5, 1e-06, 0.1], "k_pid_hsp": [0.08745768965608736, 0.0, 0.0], "k_pid_vsp": [146.02130032015296, 71.62260085717512, 1.0257360012628483]}, "datetime": {"datetime": "2025-08-12 00:57:34", "elapsed": 30734.279442071915, "delta": 19.02821397781372}, "costs": {"total_cost": 182.30970259319906, "time_cost": 73.129, "final_distance_cost": 1.8225024739309943, "oscillation_cost": 19.168901862460455, "completition_cost": 0.0, "overshoot_cost": 52.015089117157515, "power_cost": 14.176480688476563, "noise_cost": 21.997728451173526, "n_waypoints_completed": 9, "tot_waypoints": 9}}
{"target": -181.8705815007594, "params": {"k_pid_pos": [0.5266125536101152, 0.0, 0.0], "k_pid_alt": [1.6087753306763577, 0.0, 0.1487077801403182], "k_pid_att": [24.84301214989514, 2.194325276857852, 0.22444018720433914], "k_pid_yaw": [0.5, 1e-06, 0.1], "k_pid_hsp": [0.09158821900165146, 0.0, 0.0], "k_pid_vsp": [127.79339995542841, 123.09829195449633, 1.146165746064598]}, "datetime": {"datetime": "2025-08-12 00:57:53", "elapsed": 30753.1322350502, "delta": 18.852792978286743}, "costs": {"total_cost": 181.8705815007594, "time_cost": 72.94, "final_distance_cost": 1.8154090776341498, "oscillation_cost": 19.35938856029542, "completition_cost": 0.0, "overshoot_cost": 51.661136172078955, "power_cost": 14.186229541015626, "noise_cost": 21.908418149735276, "n_waypoints_completed": 9, "tot_waypoints": 9}}
{"target": -182.59270951841114, "params": {"k_pid_pos": [0.5266527252691334, 0.0, 0.0], "k_pid_alt": [1.6105266953246626, 0.0, 0.1560878364048392], "k_pid_att": [21.743227892239485, 2.2032428274953904, 0.24925818344232836], "k_pid_yaw": [0.5, 1e-06, 0.1], "k_pid_hsp": [0.0940643310697996, 0.0, 0.0], "k_pid_vsp": [116.96501921616644, 106.30270092371082, 1.05687677670734]}, "datetime": {"datetime": "2025-08-12 00:58:12", "elapsed": 30772.365372657776, "delta": 19.233137607574463}, "costs": {"total_cost": 182.59270951841114, "time_cost": 72.877, "final_distance_cost": 1.8379784195960738, "oscillation_cost": 19.861951554563348, "completition_cost": 0.0, "overshoot_cost": 51.909708560796766, "power_cost": 14.169204113769531, "noise_cost": 21.936866869685446, "n_waypoints_completed": 9, "tot_waypoints": 9}}
{"target": -182.41140762906974, "params": {"k_pid_pos": [0.5503851599033354, 0.0, 0.0], "k_pid_alt": [1.6090750997400098, 0.0, 0.14864368436681735], "k_pid_att": [22.587469844380806, 2.272672332914129, 0.20276698430703097], "k_pid_yaw": [0.5, 1e-06, 0.1], "k_pid_hsp": [0.09137250556227242, 0.0, 0.0], "k_pid_vsp": [125.89238743090606, 113.6565549609825, 0.5658503125028019]}, "datetime": {"datetime": "2025-08-12 00:58:31", "elapsed": 30790.913296461105, "delta": 18.547923803329468}, "costs": {"total_cost": 182.41140762906974, "time_cost": 72.611, "final_distance_cost": 1.8270445362174392, "oscillation_cost": 20.080433777010104, "completition_cost": 0.0, "overshoot_cost": 51.98762036774113, "power_cost": 14.138896032714845, "noise_cost": 21.766412915386198, "n_waypoints_completed": 9, "tot_waypoints": 9}}
{"target": -182.76230595060235, "params": {"k_pid_pos": [0.5352213267269417, 0.0, 0.0], "k_pid_alt": [1.62067925555376, 0.0, 0.09083902337338207], "k_pid_att": [27.815892680816212, 2.3924832618220253, 0.23410162076085675], "k_pid_yaw": [0.5, 1e-06, 0.1], "k_pid_hsp": [0.0912364343912886, 0.0, 0.0], "k_pid_vsp": [138.28785577433985, 71.15496789823578, 3.250694251068679]}, "datetime": {"datetime": "2025-08-12 00:58:50", "elapsed": 30809.484636306763, "delta": 18.57133984565735}, "costs": {"total_cost": 182.76230595060235, "time_cost": 72.849, "final_distance_cost": 1.8351104068626312, "oscillation_cost": 19.54528905868086, "completition_cost": 0.0, "overshoot_cost": 52.34349172772314, "power_cost": 14.146732727050782, "noise_cost": 22.042682030284926, "n_waypoints_completed": 9, "tot_waypoints": 9}}
{"target": -186.37811686024688, "params": {"k_pid_pos": [0.5412154055481133, 0.0, 0.0], "k_pid_alt": [1.6106670643874446, 0.0, 0.1007246904585261], "k_pid_att": [28.332671334893178, 1.9062062267745616, 0.17371318635863295], "k_pid_yaw": [0.5, 1e-06, 0.1], "k_pid_hsp": [0.09285895190784434, 0.0, 0.0], "k_pid_vsp": [129.15576052388565, 1e-06, 3.290238371381116]}, "datetime": {"datetime": "2025-08-12 00:59:09", "elapsed": 30828.700512886047, "delta": 19.215876579284668}, "costs": {"total_cost": 186.37811686024688, "time_cost": 74.32600000000001, "final_distance_cost": 1.8280758021270926, "oscillation_cost": 19.840390759421314, "completition_cost": 0.0, "overshoot_cost": 53.41367580307053, "power_cost": 14.326352954101564, "noise_cost": 22.64362154152638, "n_waypoints_completed": 9, "tot_waypoints": 9}}
{"target": -182.38259444068467, "params": {"k_pid_pos": [0.6180265452543781, 0.0003235147625227407, 0.0], "k_pid_alt": [1.6280020002793563, 0.0, 0.18854437303694124], "k_pid_att": [25.658789479319253, 2.134299459056002, 0.19552033922829112], "k_pid_yaw": [0.5, 1e-06, 0.1], "k_pid_hsp": [0.09658480777237277, 0.000945352050741954, 0.0], "k_pid_vsp": [125.84194103845152, 127.82724293321188, 1.2594416626235871]}, "datetime": {"datetime": "2025-08-12 00:59:27", "elapsed": 30846.52355647087, "delta": 17.82304358482361}, "costs": {"total_cost": 182.38259444068467, "time_cost": 71.624, "final_distance_cost": 1.8186621356751393, "oscillation_cost": 21.48735223685946, "completition_cost": 0.0, "overshoot_cost": 51.79800912710564, "power_cost": 14.18300848388672, "noise_cost": 21.471562457157702, "n_waypoints_completed": 9, "tot_waypoints": 9}}
{"target": -182.6430702073047, "params": {"k_pid_pos": [0.5158969740285, 0.0, 0.0], "k_pid_alt": [1.6040680732764434, 0.0, 0.1623283245155588], "k_pid_att": [24.44801231767741, 2.17357084062073, 0.11413956613778412], "k_pid_yaw": [0.5, 1e-06, 0.1], "k_pid_hsp": [0.08551549001532674, 0.0, 0.0], "k_pid_vsp": [127.4796194079175, 119.15563486976922, 1.1145495664785863]}, "datetime": {"datetime": "2025-08-12 00:59:46", "elapsed": 30866.129112005234, "delta": 19.605555534362793}, "costs": {"total_cost": 182.6430702073047, "time_cost": 73.381, "final_distance_cost": 1.8139732516569753, "oscillation_cost": 18.553644713218166, "completition_cost": 0.0, "overshoot_cost": 52.41422764717225, "power_cost": 14.3061068359375, "noise_cost": 22.174117759319824, "n_waypoints_completed": 9, "tot_waypoints": 9}}
{"target": -182.25262233706647, "params": {"k_pid_pos": [0.5248139628108276, 0.0, 0.0], "k_pid_alt": [1.61540092870291, 0.0, 0.1644543883634942], "k_pid_att": [26.08183454242411, 2.117692173804332, 0.2113476157365426], "k_pid_yaw": [0.5, 1e-06, 0.1], "k_pid_hsp": [0.09095376705956647, 0.0, 0.0], "k_pid_vsp": [127.48295320057531, 121.55167790821992, 1.1861659697948999]}, "datetime": {"datetime": "2025-08-12 01:00:05", "elapsed": 30884.535120010376, "delta": 18.406008005142212}, "costs": {"total_cost": 182.25262233706647, "time_cost": 73.003, "final_distance_cost": 1.826627128847411, "oscillation_cost": 19.171673826531055, "completition_cost": 0.0, "overshoot_cost": 51.98132108903697, "power_cost": 14.225387133789063, "noise_cost": 22.044613158861942, "n_waypoints_completed": 9, "tot_waypoints": 9}}
{"target": -182.2336039909018, "params": {"k_pid_pos": [0.5078166625896409, 0.0, 0.0], "k_pid_alt": [1.56663492361163, 0.0, 0.16033149197633184], "k_pid_att": [24.700480206621126, 2.1225544103587075, 0.22398597489184027], "k_pid_yaw": [0.5, 1e-06, 0.1], "k_pid_hsp": [0.09178884455119371, 0.0, 0.0], "k_pid_vsp": [133.75812675215107, 181.78035399635536, 1.2841581701779767]}, "datetime": {"datetime": "2025-08-12 01:00:24", "elapsed": 30903.605340242386, "delta": 19.070220232009888}, "costs": {"total_cost": 182.2336039909018, "time_cost": 73.304, "final_distance_cost": 1.8192041080235832, "oscillation_cost": 18.982850251953025, "completition_cost": 0.0, "overshoot_cost": 51.88172850353163, "power_cost": 14.264381640625, "noise_cost": 21.98143948676854, "n_waypoints_completed": 9, "tot_waypoints": 9}}
