{"target": -676.0215746255274, "params": {"k_pid_pos": [1.3338993964911248, 0.3324088548450317, 0.24765777582482876], "k_pid_alt": [1.429633380410654, 0.06247058302712841, 0.2706357409360437], "k_pid_att": [19.3132538257992, 2.9560050598346743, 0.18195325107061505], "k_pid_yaw": [0.5, 1e-06, 0.1], "k_pid_hsp": [0.0001, 0.3392265234113519, 0.07606113310784601], "k_pid_vsp": [270.24365652058606, 46.84230777944007, 34.37118353106691]}, "datetime": {"datetime": "2025-08-11 17:01:34", "elapsed": 2173.701687812805, "delta": 30.10911250114441}, "costs": {"total_cost": 676.0215746255274, "time_cost": 150, "final_distance_cost": 59.27450179374582, "oscillation_cost": 105.42694572677253, "completition_cost": 222.2222222222222, "overshoot_cost": 71.29453296890063, "power_cost": 35.107221899414064, "noise_cost": 32.6961500144721, "n_waypoints_completed": 7, "tot_waypoints": 9}}
{"target": -7434.739485727863, "params": {"k_pid_pos": [1.2211659599907645, 0.7046283316983937, 0.20454836702540885], "k_pid_alt": [1.813499039427195, 0.0, 0.7480815791866193], "k_pid_att": [0.0, 3.106788179944001, 0.20982754790089628], "k_pid_yaw": [0.5, 1e-06, 0.1], "k_pid_hsp": [0.9374748706450087, 0.0, 0.03361327230126343], "k_pid_vsp": [210.74425785705876, 80.56345593539216, 1e-06]}, "datetime": {"datetime": "2025-08-11 17:02:03", "elapsed": 2203.258303165436, "delta": 29.556615352630615}, "costs": {"total_cost": 7434.739485727863, "time_cost": 150, "final_distance_cost": 953.2937869738855, "oscillation_cost": 2112.155424930931, "completition_cost": 1000.0, "overshoot_cost": 2999.962993540866, "power_cost": 58.619098168945314, "noise_cost": 160.70818211323558, "n_waypoints_completed": 0, "tot_waypoints": 9}}
{"target": -7369.956845763498, "params": {"k_pid_pos": [0.7076992120462771, 0.04023701556884823, 0.20853304453527377], "k_pid_alt": [2.0, 0.0, 1.0], "k_pid_att": [0.0, 3.8457912989205796, 0.22958384057084869], "k_pid_yaw": [0.5, 1e-06, 0.1], "k_pid_hsp": [2.2360068934266426, 0.0, 0.010349277715396815], "k_pid_vsp": [121.8393391385842, 27.693053942960415, 15.954875410151107]}, "datetime": {"datetime": "2025-08-11 17:02:33", "elapsed": 2233.264633655548, "delta": 30.006330490112305}, "costs": {"total_cost": 7369.956845763498, "time_cost": 150, "final_distance_cost": 1469.3276416712665, "oscillation_cost": 1792.8320934588291, "completition_cost": 1000.0, "overshoot_cost": 2748.9799197486986, "power_cost": 55.926966418457035, "noise_cost": 152.89022446624722, "n_waypoints_completed": 0, "tot_waypoints": 9}}
{"target": -198.6229700384052, "params": {"k_pid_pos": [1.0828443721235825, 0.27793503526282215, 0.16568992378592964], "k_pid_alt": [1.741574202466854, 0.0, 1.0], "k_pid_att": [37.12098044680807, 1.7214623353921579, 0.0], "k_pid_yaw": [0.5, 1e-06, 0.1], "k_pid_hsp": [0.28023661655546306, 0.020482469483515432, 0.0], "k_pid_vsp": [313.7897445923938, 38.72344939494373, 1e-06]}, "datetime": {"datetime": "2025-08-11 17:02:52", "elapsed": 2251.977563381195, "delta": 18.712929725646973}, "costs": {"total_cost": 198.6229700384052, "time_cost": 75.292, "final_distance_cost": 1.7861145492245722, "oscillation_cost": 33.13981955245015, "completition_cost": 0.0, "overshoot_cost": 50.630802086325296, "power_cost": 15.595620263671876, "noise_cost": 22.1786135867333, "n_waypoints_completed": 9, "tot_waypoints": 9}}
{"target": -2202.059860587232, "params": {"k_pid_pos": [0.6268185178054533, 0.26653214070856535, 0.21416239896682615], "k_pid_alt": [1.4578627052754058, 0.07256835631544499, 0.673347249293239], "k_pid_att": [28.588824753483117, 5.184792157032543, 0.24683976429688553], "k_pid_yaw": [0.5, 1e-06, 0.1], "k_pid_hsp": [0.0001, 0.0, 0.5435155900324568], "k_pid_vsp": [313.14948049738774, 116.35767344147564, 1e-06]}, "datetime": {"datetime": "2025-08-11 17:03:27", "elapsed": 2286.6731009483337, "delta": 34.69553756713867}, "costs": {"total_cost": 2202.059860587232, "time_cost": 150, "final_distance_cost": 62.31888649662493, "oscillation_cost": 965.7364876418034, "completition_cost": 888.8888888888888, "overshoot_cost": 75.74411541337392, "power_cost": 26.152156176757813, "noise_cost": 33.219325969783334, "n_waypoints_completed": 1, "tot_waypoints": 9}}
{"target": -302.0390127307533, "params": {"k_pid_pos": [1.270028784962332, 0.33497825033036266, 0.3817731001802722], "k_pid_alt": [1.35286892779013, 0.44753557846013803, 0.33445393172891924], "k_pid_att": [3.6576484688175555, 1.6347324902261908, 0.24745401352898955], "k_pid_yaw": [0.5, 1e-06, 0.1], "k_pid_hsp": [0.19564285546906574, 0.22169102121393966, 0.0], "k_pid_vsp": [236.3855106427188, 1e-06, 86.36678426314147]}, "datetime": {"datetime": "2025-08-11 17:03:59", "elapsed": 2318.8280510902405, "delta": 32.15495014190674}, "costs": {"total_cost": 302.0390127307533, "time_cost": 116.102, "final_distance_cost": 1.7349742700421102, "oscillation_cost": 65.03366592474367, "completition_cost": 0.0, "overshoot_cost": 61.82171829208176, "power_cost": 29.734001782226564, "noise_cost": 27.61265246165922, "n_waypoints_completed": 9, "tot_waypoints": 9}}
{"target": -477.36532518575444, "params": {"k_pid_pos": [1.2363957839139854, 0.26583690783958225, 0.0], "k_pid_alt": [2.0, 0.017435186535672442, 0.1303914239747186], "k_pid_att": [21.36655345907399, 2.7895941018992243, 0.0], "k_pid_yaw": [0.5, 1e-06, 0.1], "k_pid_hsp": [4.403363722017755, 0.0, 0.07917559221726289], "k_pid_vsp": [199.5932439958313, 1e-06, 1e-06]}, "datetime": {"datetime": "2025-08-11 17:04:19", "elapsed": 2338.768621444702, "delta": 19.94057035446167}, "costs": {"total_cost": 477.36532518575444, "time_cost": 78.75, "final_distance_cost": 1.7422971829896592, "oscillation_cost": 299.8064505763344, "completition_cost": 0.0, "overshoot_cost": 52.9121806732271, "power_cost": 21.07814813232422, "noise_cost": 23.076248620879085, "n_waypoints_completed": 9, "tot_waypoints": 9}}
{"target": -1261.1254258415474, "params": {"k_pid_pos": [0.48194777102303615, 0.3208204084845505, 0.0], "k_pid_alt": [1.4941648781818313, 0.0, 1.0], "k_pid_att": [25.441756380053477, 4.405522543060199, 0.17695035610520796], "k_pid_yaw": [0.5, 1e-06, 0.1], "k_pid_hsp": [0.0001, 0.01167180639125101, 0.0], "k_pid_vsp": [185.44530575364533, 48.74562820836536, 13.557502312444157]}, "datetime": {"datetime": "2025-08-11 17:04:49", "elapsed": 2368.535812139511, "delta": 29.76719069480896}, "costs": {"total_cost": 1261.1254258415474, "time_cost": 150, "final_distance_cost": 60.33222019102238, "oscillation_cost": 3.607319191720947, "completition_cost": 888.8888888888888, "overshoot_cost": 102.07115087056846, "power_cost": 29.40840191650391, "noise_cost": 26.817444782842916, "n_waypoints_completed": 1, "tot_waypoints": 9}}
{"target": -212.9589063109737, "params": {"k_pid_pos": [1.261929031520764, 0.05561073913914549, 0.22095178207765154], "k_pid_alt": [1.2665484489034955, 0.06537653878169367, 0.16375856158528745], "k_pid_att": [30.076015892355258, 3.2278765379217824, 0.3911460921217387], "k_pid_yaw": [0.5, 1e-06, 0.1], "k_pid_hsp": [1.3144910022506253, 0.32208938782234614, 0.0], "k_pid_vsp": [225.21326649210286, 110.74193452422541, 56.436554920692714]}, "datetime": {"datetime": "2025-08-11 17:05:09", "elapsed": 2388.527121067047, "delta": 19.99130892753601}, "costs": {"total_cost": 212.9589063109737, "time_cost": 79.618, "final_distance_cost": 1.8176939380978452, "oscillation_cost": 38.68333722406425, "completition_cost": 0.0, "overshoot_cost": 52.16216715645968, "power_cost": 21.01298240966797, "noise_cost": 19.66472558268397, "n_waypoints_completed": 9, "tot_waypoints": 9}}
{"target": -674.7598600613148, "params": {"k_pid_pos": [1.5821596434846352, 0.2362777125481293, 0.23411896420545356], "k_pid_alt": [1.4150684770235222, 0.0, 0.4806377347396524], "k_pid_att": [20.80490875004999, 1.2610611473163602, 0.09022985613275508], "k_pid_yaw": [0.5, 1e-06, 0.1], "k_pid_hsp": [0.0001, 0.24465381027503924, 0.13454005585029727], "k_pid_vsp": [201.2693969825865, 52.14488762858883, 27.217070540222565]}, "datetime": {"datetime": "2025-08-11 17:05:38", "elapsed": 2418.1442415714264, "delta": 29.617120504379272}, "costs": {"total_cost": 674.7598600613148, "time_cost": 119.07000000000001, "final_distance_cost": 1.7405495107664033, "oscillation_cost": 384.9698496196922, "completition_cost": 0.0, "overshoot_cost": 100.61223871386665, "power_cost": 32.91124477539063, "noise_cost": 35.45597744159899, "n_waypoints_completed": 9, "tot_waypoints": 9}}
{"target": -1468.3253879080519, "params": {"k_pid_pos": [1.6287618145957063, 0.22380776680444137, 0.064677680126107], "k_pid_alt": [2.0, 0.38293477472479576, 0.44759336479013456], "k_pid_att": [61.267632078835554, 0.0001, 0.0], "k_pid_yaw": [0.5, 1e-06, 0.1], "k_pid_hsp": [0.7155949182179846, 0.0, 0.0], "k_pid_vsp": [143.5972220290725, 1e-06, 279.01072534930483]}, "datetime": {"datetime": "2025-08-11 17:06:08", "elapsed": 2447.8416492938995, "delta": 29.697407722473145}, "costs": {"total_cost": 1468.3253879080519, "time_cost": 150, "final_distance_cost": 0.9996533009810896, "oscillation_cost": 12.093168039257568, "completition_cost": 1000.0, "overshoot_cost": 163.06741896569412, "power_cost": 28.896253955078127, "noise_cost": 113.26889364704085, "n_waypoints_completed": 0, "tot_waypoints": 9}}
{"target": -230.71420548485207, "params": {"k_pid_pos": [1.1029085856550302, 0.24215534239179332, 0.0], "k_pid_alt": [1.6207337127093362, 0.0, 0.35002013262838133], "k_pid_att": [67.62529437062682, 2.868977447160515, 0.027540611359008538], "k_pid_yaw": [0.5, 1e-06, 0.1], "k_pid_hsp": [0.050292103570449775, 0.0, 0.0], "k_pid_vsp": [89.91173934732477, 18.59291400596463, 1e-06]}, "datetime": {"datetime": "2025-08-11 17:06:32", "elapsed": 2471.3797142505646, "delta": 23.53806495666504}, "costs": {"total_cost": 230.71420548485207, "time_cost": 94.983, "final_distance_cost": 1.7761842510746981, "oscillation_cost": 32.95369813585025, "completition_cost": 0.0, "overshoot_cost": 55.02137930672493, "power_cost": 18.308653271484374, "noise_cost": 27.67129051971784, "n_waypoints_completed": 9, "tot_waypoints": 9}}
{"target": -13989.650335926313, "params": {"k_pid_pos": [0.782086060226391, 0.2642078163585621, 0.012171437947568142], "k_pid_alt": [2.0, 0.0, 0.3085340832129613], "k_pid_att": [0.0, 4.1441268090557815, 0.0], "k_pid_yaw": [0.5, 1e-06, 0.1], "k_pid_hsp": [0.040573952816208264, 0.0, 0.0], "k_pid_vsp": [188.1223519362961, 9.909507282529493, 1e-06]}, "datetime": {"datetime": "2025-08-11 17:07:02", "elapsed": 2501.421101808548, "delta": 30.0413875579834}, "costs": {"total_cost": 13989.650335926313, "time_cost": 150, "final_distance_cost": 4154.571689463756, "oscillation_cost": 1871.4583755296035, "completition_cost": 1000.0, "overshoot_cost": 6607.567485129871, "power_cost": 56.19504930419922, "noise_cost": 149.85773649888245, "n_waypoints_completed": 0, "tot_waypoints": 9}}
{"target": -2245.6788805385927, "params": {"k_pid_pos": [0.4939677256974283, 0.2902410999497169, 0.13191093616101612], "k_pid_alt": [0.5835046384103266, 0.0, 0.0], "k_pid_att": [37.51531441133433, 2.5646465995365197, 0.16502061726329567], "k_pid_yaw": [0.5, 1e-06, 0.1], "k_pid_hsp": [0.0001, 0.0, 0.559644529025048], "k_pid_vsp": [206.5897220391342, 1e-06, 10.667651171824321]}, "datetime": {"datetime": "2025-08-11 17:07:31", "elapsed": 2530.9214658737183, "delta": 29.500364065170288}, "costs": {"total_cost": 2245.6788805385927, "time_cost": 150, "final_distance_cost": 62.321624947807706, "oscillation_cost": 846.7518014428481, "completition_cost": 1000.0, "overshoot_cost": 122.99149772509655, "power_cost": 33.23677689208984, "noise_cost": 30.377179530750382, "n_waypoints_completed": 0, "tot_waypoints": 9}}
{"target": -1386.7013897564732, "params": {"k_pid_pos": [1.4591462369044965, 0.1754303486829662, 0.18918833389110673], "k_pid_alt": [1.5226730495531657, 0.3120786170982434, 0.6162763538454913], "k_pid_att": [31.504636420409607, 2.2047110530604064, 0.1887164434349311], "k_pid_yaw": [0.5, 1e-06, 0.1], "k_pid_hsp": [0.1271121992334316, 0.0, 0.3927062143704131], "k_pid_vsp": [208.719192990508, 30.51092731288194, 125.04008615812664]}, "datetime": {"datetime": "2025-08-11 17:08:02", "elapsed": 2561.837897539139, "delta": 30.916431665420532}, "costs": {"total_cost": 1386.7013897564732, "time_cost": 150, "final_distance_cost": 44.40985070444911, "oscillation_cost": 613.198510147622, "completition_cost": 444.4444444444444, "overshoot_cost": 71.39189743940724, "power_cost": 34.58214157714844, "noise_cost": 28.674545443401996, "n_waypoints_completed": 5, "tot_waypoints": 9}}
{"target": -196.63617624054015, "params": {"k_pid_pos": [1.034521057719647, 0.2934998568809034, 0.20319397089703733], "k_pid_alt": [1.4971469527466952, 0.02763264550282301, 0.334028528770676], "k_pid_att": [37.243918777657846, 3.067278092066692, 0.2198606060417758], "k_pid_yaw": [0.5, 1e-06, 0.1], "k_pid_hsp": [0.2706270396090713, 0.0107456160460331, 0.0], "k_pid_vsp": [231.32881824679868, 45.02059481411049, 16.134388486176846]}, "datetime": {"datetime": "2025-08-11 17:08:20", "elapsed": 2580.268379688263, "delta": 18.430482149124146}, "costs": {"total_cost": 196.63617624054015, "time_cost": 74.753, "final_distance_cost": 1.8088483923542167, "oscillation_cost": 29.299241619187207, "completition_cost": 0.0, "overshoot_cost": 51.80739082316145, "power_cost": 19.42873974609375, "noise_cost": 19.538955659743515, "n_waypoints_completed": 9, "tot_waypoints": 9}}
{"target": -1245.6121172935204, "params": {"k_pid_pos": [0.724903820866741, 0.24024026837432164, 0.31511602385832466], "k_pid_alt": [1.500659591178767, 0.0, 0.0], "k_pid_att": [10.425510738431637, 1.0976177415729342, 0.0], "k_pid_yaw": [0.5, 1e-06, 0.1], "k_pid_hsp": [0.0001, 0.0, 0.0], "k_pid_vsp": [251.24601307867695, 30.61233157626073, 1e-06]}, "datetime": {"datetime": "2025-08-11 17:08:51", "elapsed": 2610.6550545692444, "delta": 30.386674880981445}, "costs": {"total_cost": 1245.6121172935204, "time_cost": 150, "final_distance_cost": 48.33972178880196, "oscillation_cost": 0.3627457897690247, "completition_cost": 888.8888888888888, "overshoot_cost": 103.89174071255977, "power_cost": 21.019454711914065, "noise_cost": 33.10956540158685, "n_waypoints_completed": 1, "tot_waypoints": 9}}
{"target": -191.11417756712183, "params": {"k_pid_pos": [1.3028426982838843, 0.0, 0.0], "k_pid_alt": [1.8918692520773774, 0.0, 0.05137945231192098], "k_pid_att": [21.2729231461522, 2.26011838231088, 0.15444540359576464], "k_pid_yaw": [0.5, 1e-06, 0.1], "k_pid_hsp": [0.3979381387360652, 0.0, 0.0], "k_pid_vsp": [192.62929420245246, 1e-06, 1e-06]}, "datetime": {"datetime": "2025-08-11 17:09:08", "elapsed": 2627.908445119858, "delta": 17.253390550613403}, "costs": {"total_cost": 191.11417756712183, "time_cost": 70.434, "final_distance_cost": 1.816233863731569, "oscillation_cost": 31.1055112742029, "completition_cost": 0.0, "overshoot_cost": 51.77783500456003, "power_cost": 14.826896716308594, "noise_cost": 21.153700708318716, "n_waypoints_completed": 9, "tot_waypoints": 9}}
{"target": -1250.228517716222, "params": {"k_pid_pos": [1.1508784320216117, 0.24763897238819635, 0.21590136633813511], "k_pid_alt": [1.4773411509664849, 0.0, 0.3179215771263258], "k_pid_att": [18.13944342796196, 3.045587897373027, 0.07551100317153209], "k_pid_yaw": [0.5, 1e-06, 0.1], "k_pid_hsp": [0.0001, 0.0, 0.0], "k_pid_vsp": [223.20511562936173, 31.635388224347285, 9.722544608668343]}, "datetime": {"datetime": "2025-08-11 17:09:38", "elapsed": 2658.1675565242767, "delta": 30.259111404418945}, "costs": {"total_cost": 1250.228517716222, "time_cost": 150, "final_distance_cost": 49.11725660850961, "oscillation_cost": 0.3763443726041218, "completition_cost": 888.8888888888888, "overshoot_cost": 105.87481871459033, "power_cost": 29.283852270507815, "noise_cost": 26.68735686112134, "n_waypoints_completed": 1, "tot_waypoints": 9}}
{"target": -254.17954181233523, "params": {"k_pid_pos": [1.3865034725063188, 0.30677921788486673, 0.06355016758076105], "k_pid_alt": [1.485530436231804, 0.10356360342664722, 0.5984397058312685], "k_pid_att": [44.04911752281793, 3.0043256085916656, 0.37642606998585265], "k_pid_yaw": [0.5, 1e-06, 0.1], "k_pid_hsp": [1.327844511122201, 0.052034539330203536, 0.0], "k_pid_vsp": [117.86369015767023, 1e-06, 13.606048887305981]}, "datetime": {"datetime": "2025-08-11 17:10:04", "elapsed": 2684.3356473445892, "delta": 26.1680908203125}, "costs": {"total_cost": 254.17954181233523, "time_cost": 106.295, "final_distance_cost": 1.7916291727949076, "oscillation_cost": 38.41960689969832, "completition_cost": 0.0, "overshoot_cost": 54.170144562308515, "power_cost": 27.58793505859375, "noise_cost": 25.915226118939742, "n_waypoints_completed": 9, "tot_waypoints": 9}}
{"target": -193.34934227784572, "params": {"k_pid_pos": [0.9824502652449598, 0.1362961463219134, 0.0], "k_pid_alt": [1.4176319498396897, 0.0, 0.7538489502166669], "k_pid_att": [3.7986273320558386, 1.0360729790018566, 0.24294526260747185], "k_pid_yaw": [0.5, 1e-06, 0.1], "k_pid_hsp": [0.4102213420356363, 0.0, 0.0], "k_pid_vsp": [245.04477824483854, 17.626356329587853, 1e-06]}, "datetime": {"datetime": "2025-08-11 17:10:22", "elapsed": 2702.188856124878, "delta": 17.853208780288696}, "costs": {"total_cost": 193.34934227784572, "time_cost": 72.464, "final_distance_cost": 1.7944335805157878, "oscillation_cost": 31.525016224988086, "completition_cost": 0.0, "overshoot_cost": 50.93485510734645, "power_cost": 15.143755444335937, "noise_cost": 21.48728192065944, "n_waypoints_completed": 9, "tot_waypoints": 9}}
{"target": -324.1877089283852, "params": {"k_pid_pos": [0.6417306803492366, 0.5888568904872493, 0.39966502065791754], "k_pid_alt": [1.0324988023170172, 0.10595018592078133, 0.10390636156914557], "k_pid_att": [13.921050680503377, 0.30046507298393155, 0.19851856345313318], "k_pid_yaw": [0.5, 1e-06, 0.1], "k_pid_hsp": [9.802475788957029, 0.9409409899056496, 0.0], "k_pid_vsp": [226.84186184730993, 211.75140966265633, 133.53945053397177]}, "datetime": {"datetime": "2025-08-11 17:10:48", "elapsed": 2727.388777256012, "delta": 25.199921131134033}, "costs": {"total_cost": 324.1877089283852, "time_cost": 103.173, "final_distance_cost": 1.7304458395225482, "oscillation_cost": 112.53489943878748, "completition_cost": 0.0, "overshoot_cost": 55.93731636234033, "power_cost": 26.536590942382812, "noise_cost": 24.275456345352037, "n_waypoints_completed": 9, "tot_waypoints": 9}}
{"target": -1359.9669344416486, "params": {"k_pid_pos": [0.8196202879137606, 0.13511922474397559, 0.1504959114285091], "k_pid_alt": [1.5645862486023716, 0.0, 0.38479017694122486], "k_pid_att": [21.99434632750505, 2.939163037771083, 0.18705494505030418], "k_pid_yaw": [0.5, 1e-06, 0.1], "k_pid_hsp": [0.0001, 0.0, 0.02743680599815962], "k_pid_vsp": [259.4622943678196, 1e-06, 1e-06]}, "datetime": {"datetime": "2025-08-11 17:11:18", "elapsed": 2757.9255635738373, "delta": 30.536786317825317}, "costs": {"total_cost": 1359.9669344416486, "time_cost": 150, "final_distance_cost": 45.186348036227315, "oscillation_cost": 90.90773111476422, "completition_cost": 1000.0, "overshoot_cost": 19.675282210006564, "power_cost": 21.067484289550784, "noise_cost": 33.13008879109969, "n_waypoints_completed": 0, "tot_waypoints": 9}}
{"target": -749.7407194643699, "params": {"k_pid_pos": [1.4719736567194834, 0.7277174083116691, 0.18793664434080073], "k_pid_alt": [0.7428719527131915, 0.05585962758226133, 0.045170879385441176], "k_pid_att": [12.308289327196386, 2.50604932311853, 0.05714163822028123], "k_pid_yaw": [0.5, 1e-06, 0.1], "k_pid_hsp": [3.028212578214077, 0.0, 0.6796172913921469], "k_pid_vsp": [234.18087327997404, 148.63605613667832, 3.8309366544549786]}, "datetime": {"datetime": "2025-08-11 17:11:48", "elapsed": 2788.087010860443, "delta": 30.161447286605835}, "costs": {"total_cost": 749.7407194643699, "time_cost": 150, "final_distance_cost": 61.97802692498205, "oscillation_cost": 314.49578006718326, "completition_cost": 111.11111111111116, "overshoot_cost": 49.30997093712071, "power_cost": 29.36434951171875, "noise_cost": 33.481480912253936, "n_waypoints_completed": 8, "tot_waypoints": 9}}
{"target": -1234.9019369091545, "params": {"k_pid_pos": [1.5741252385429398, 0.3616498242801138, 0.1009130534788707], "k_pid_alt": [1.5092436217103886, 0.0482422654896258, 0.1853212394068065], "k_pid_att": [28.029747654261914, 1.2517066503672278, 0.42501667035776064], "k_pid_yaw": [0.5, 1e-06, 0.1], "k_pid_hsp": [0.0001, 0.0, 0.027477005926352743], "k_pid_vsp": [215.70860546584618, 1e-06, 11.608314545772835]}, "datetime": {"datetime": "2025-08-11 17:12:18", "elapsed": 2817.70574593544, "delta": 29.61873507499695}, "costs": {"total_cost": 1234.9019369091545, "time_cost": 150, "final_distance_cost": 60.645197263409905, "oscillation_cost": 19.2318929458322, "completition_cost": 888.8888888888888, "overshoot_cost": 59.82421221277503, "power_cost": 29.461968188476565, "noise_cost": 26.849777409772134, "n_waypoints_completed": 1, "tot_waypoints": 9}}
{"target": -1251.8624042588792, "params": {"k_pid_pos": [1.230592177065353, 0.09927259814912837, 0.1658002670050765], "k_pid_alt": [1.4409654010438115, 0.03422858063569083, 0.6663787758230378], "k_pid_att": [6.657186022706185, 2.0459902834887256, 0.0], "k_pid_yaw": [0.5, 1e-06, 0.1], "k_pid_hsp": [0.0001, 0.0, 0.0], "k_pid_vsp": [192.81000369749836, 41.63704471143206, 1e-06]}, "datetime": {"datetime": "2025-08-11 17:12:48", "elapsed": 2848.08292388916, "delta": 30.377177953720093}, "costs": {"total_cost": 1251.8624042588792, "time_cost": 150, "final_distance_cost": 48.79308839907332, "oscillation_cost": 4.9235006878069285, "completition_cost": 888.8888888888888, "overshoot_cost": 105.13992421158976, "power_cost": 21.005548779296877, "noise_cost": 33.11145329222365, "n_waypoints_completed": 1, "tot_waypoints": 9}}
