{"target": -182.87473825903987, "params": {"k_pid_pos": [0.5292210756086619, 0.0, 0.0], "k_pid_alt": [1.6800208049600707, 0.0, 0.22379658210415065], "k_pid_att": [23.336943185317647, 2.2167770982302977, 0.18660758214408188], "k_pid_yaw": [0.5, 1e-06, 0.1], "k_pid_hsp": [0.09136863234953793, 0.0, 0.0], "k_pid_vsp": [149.67703674507874, 55.859032035143876, 2.6429826131932286]}, "datetime": {"datetime": "2025-08-11 21:08:56", "elapsed": 17016.303037166595, "delta": 18.03570866584778}, "costs": {"total_cost": 182.87473825903987, "time_cost": 73.122, "final_distance_cost": 1.8242950511935137, "oscillation_cost": 19.487257667476943, "completition_cost": 0.0, "overshoot_cost": 52.23031294761284, "power_cost": 14.15938133544922, "noise_cost": 22.051491257307354, "n_waypoints_completed": 9, "tot_waypoints": 9}}
{"target": -183.99835068217936, "params": {"k_pid_pos": [0.7704477806451216, 0.0, 0.08161455346154108], "k_pid_alt": [1.6402518275751798, 0.0, 0.01774414944157368], "k_pid_att": [27.24286799629301, 2.417876982673891, 0.18298476366165128], "k_pid_yaw": [0.5, 1e-06, 0.1], "k_pid_hsp": [0.11508027742703711, 0.0, 0.0], "k_pid_vsp": [164.62865716269636, 47.7264463467894, 1.338889453265208]}, "datetime": {"datetime": "2025-08-11 21:09:14", "elapsed": 17034.253263235092, "delta": 17.950226068496704}, "costs": {"total_cost": 183.99835068217936, "time_cost": 70.94500000000001, "final_distance_cost": 1.8116031007038012, "oscillation_cost": 23.860598530250293, "completition_cost": 0.0, "overshoot_cost": 51.83956653710418, "power_cost": 14.161818957519532, "noise_cost": 21.379763556601546, "n_waypoints_completed": 9, "tot_waypoints": 9}}
{"target": -182.8362006691014, "params": {"k_pid_pos": [0.5684471507101166, 0.0, 0.0], "k_pid_alt": [1.631864313102807, 0.0, 0.18738236787726478], "k_pid_att": [25.69374853635415, 2.112739281747875, 0.22777454941580647], "k_pid_yaw": [0.5, 1e-06, 0.1], "k_pid_hsp": [0.09975663486462248, 0.0, 0.0], "k_pid_vsp": [101.72492973456148, 49.49941170080192, 1.4364281200640243]}, "datetime": {"datetime": "2025-08-11 21:09:32", "elapsed": 17052.23630785942, "delta": 17.983044624328613}, "costs": {"total_cost": 182.8362006691014, "time_cost": 72.303, "final_distance_cost": 1.8174308803410548, "oscillation_cost": 20.567440772075468, "completition_cost": 0.0, "overshoot_cost": 52.079885865663805, "power_cost": 14.205568298339845, "noise_cost": 21.86287485268123, "n_waypoints_completed": 9, "tot_waypoints": 9}}
{"target": -764.0281283889847, "params": {"k_pid_pos": [0.6205415382357337, 0.0, 0.0], "k_pid_alt": [1.710331838014022, 0.0, 0.015514626918297275], "k_pid_att": [27.45046292296914, 2.2401432186859194, 0.206938953174381], "k_pid_yaw": [0.5, 1e-06, 0.1], "k_pid_hsp": [0.014021280899707639, 0.0, 0.0], "k_pid_vsp": [89.45314392184237, 57.50409440339233, 0.4241907776803646]}, "datetime": {"datetime": "2025-08-11 21:10:02", "elapsed": 17081.923089504242, "delta": 29.686781644821167}, "costs": {"total_cost": 764.0281283889847, "time_cost": 150, "final_distance_cost": 48.80320814320143, "oscillation_cost": 4.61050029982455, "completition_cost": 444.4444444444444, "overshoot_cost": 61.956316199150386, "power_cost": 21.406036962890624, "noise_cost": 32.80762233947331, "n_waypoints_completed": 5, "tot_waypoints": 9}}
{"target": -187.5286078447721, "params": {"k_pid_pos": [0.47410099725568966, 0.0, 0.0], "k_pid_alt": [1.808337973727471, 0.0, 0.08445268514423657], "k_pid_att": [24.428363385650552, 2.164490038566953, 0.18984607895426664], "k_pid_yaw": [0.5, 1e-06, 0.1], "k_pid_hsp": [0.13790822064645936, 0.0, 0.0], "k_pid_vsp": [141.86034662878708, 60.819108206381465, 2.3303078895190614]}, "datetime": {"datetime": "2025-08-11 21:10:21", "elapsed": 17100.77340745926, "delta": 18.85031795501709}, "costs": {"total_cost": 187.5286078447721, "time_cost": 74.84400000000001, "final_distance_cost": 1.8501719668056684, "oscillation_cost": 21.59055666465145, "completition_cost": 0.0, "overshoot_cost": 51.67255852940758, "power_cost": 14.549692480468751, "noise_cost": 23.021628203438606, "n_waypoints_completed": 9, "tot_waypoints": 9}}
{"target": -235.69332755124086, "params": {"k_pid_pos": [0.2545993869938572, 0.0, 0.0], "k_pid_alt": [1.7202325257917759, 0.0, 0.11502593075111686], "k_pid_att": [20.580593223443778, 3.694045684387117, 0.16226342514497877], "k_pid_yaw": [0.5, 1e-06, 0.1], "k_pid_hsp": [0.1761366678467946, 0.0, 0.0], "k_pid_vsp": [171.9916277939651, 74.46856698276179, 0.7990268116191719]}, "datetime": {"datetime": "2025-08-11 21:10:48", "elapsed": 17127.56348800659, "delta": 26.790080547332764}, "costs": {"total_cost": 235.69332755124086, "time_cost": 105.42, "final_distance_cost": 1.8614319548114466, "oscillation_cost": 16.708578239069496, "completition_cost": 0.0, "overshoot_cost": 56.406832304334046, "power_cost": 19.740120825195312, "noise_cost": 35.55636422783055, "n_waypoints_completed": 9, "tot_waypoints": 9}}
{"target": -183.78345080340085, "params": {"k_pid_pos": [0.4447137374918788, 0.0, 0.0], "k_pid_alt": [1.8249668696752865, 0.0, 0.15455375687553594], "k_pid_att": [25.861652332127427, 2.247323938000918, 0.2145208777308942], "k_pid_yaw": [0.5, 1e-06, 0.1], "k_pid_hsp": [0.07795086537994925, 0.0, 0.0], "k_pid_vsp": [136.34268944487633, 55.469756775178666, 2.6310129651860357]}, "datetime": {"datetime": "2025-08-11 21:11:08", "elapsed": 17148.243833065033, "delta": 20.680345058441162}, "costs": {"total_cost": 183.78345080340085, "time_cost": 75.236, "final_distance_cost": 1.8340507854277202, "oscillation_cost": 16.41644657940697, "completition_cost": 0.0, "overshoot_cost": 53.001427863835104, "power_cost": 14.443012854003907, "noise_cost": 22.852512720727166, "n_waypoints_completed": 9, "tot_waypoints": 9}}
{"target": -249.52887780111166, "params": {"k_pid_pos": [0.5587479512769862, 0.0, 0.0], "k_pid_alt": [1.4695156196747112, 0.0, 0.2628014807794571], "k_pid_att": [43.92631158632276, 2.5086081925618178, 0.20314170805277632], "k_pid_yaw": [0.5, 1e-06, 0.1], "k_pid_hsp": [0.028079446149556934, 0.0, 0.0], "k_pid_vsp": [143.53607480551838, 37.235756141690956, 0.8675999109882562]}, "datetime": {"datetime": "2025-08-11 21:11:37", "elapsed": 17177.11790418625, "delta": 28.87407112121582}, "costs": {"total_cost": 249.52887780111166, "time_cost": 114.933, "final_distance_cost": 1.806124070872091, "oscillation_cost": 10.457416139952281, "completition_cost": 0.0, "overshoot_cost": 66.84185596653293, "power_cost": 20.878714709472657, "noise_cost": 34.611766914281716, "n_waypoints_completed": 9, "tot_waypoints": 9}}
{"target": -184.27619070123842, "params": {"k_pid_pos": [0.665166440387293, 0.0, 0.0], "k_pid_alt": [1.5307644971735692, 0.0, 0.16235091755092457], "k_pid_att": [38.30023489715589, 2.348616169786909, 0.18481311994905225], "k_pid_yaw": [0.5, 1e-06, 0.1], "k_pid_hsp": [0.13777805044093394, 0.0, 0.0], "k_pid_vsp": [131.71913613024572, 50.74597346786601, 0.21287957242246858]}, "datetime": {"datetime": "2025-08-11 21:11:55", "elapsed": 17195.133781194687, "delta": 18.01587700843811}, "costs": {"total_cost": 184.27619070123842, "time_cost": 71.197, "final_distance_cost": 1.830250146072297, "oscillation_cost": 24.469591270091335, "completition_cost": 0.0, "overshoot_cost": 51.20164824723093, "power_cost": 14.1937826171875, "noise_cost": 21.383918420656315, "n_waypoints_completed": 9, "tot_waypoints": 9}}
{"target": -185.05426900925963, "params": {"k_pid_pos": [0.9675755149015246, 0.0, 0.010525656275012153], "k_pid_alt": [1.8187445297665201, 0.0, 0.09412082190932294], "k_pid_att": [24.347194527674613, 1.1962807714131127, 0.19832400352010027], "k_pid_yaw": [0.5, 1e-06, 0.1], "k_pid_hsp": [0.11932430558014884, 0.0, 0.0], "k_pid_vsp": [140.35406721146813, 59.86212084516502, 1.9679087763551832]}, "datetime": {"datetime": "2025-08-11 21:12:13", "elapsed": 17212.937647342682, "delta": 17.803866147994995}, "costs": {"total_cost": 185.05426900925963, "time_cost": 69.93, "final_distance_cost": 1.8065628732794452, "oscillation_cost": 26.74839945955909, "completition_cost": 0.0, "overshoot_cost": 51.47508488568268, "power_cost": 14.224983996582031, "noise_cost": 20.86923779415636, "n_waypoints_completed": 9, "tot_waypoints": 9}}
{"target": -189.82826596359055, "params": {"k_pid_pos": [0.41038948413649023, 0.0, 0.05649301292021018], "k_pid_alt": [1.983090389533308, 0.0, 0.14800567904962292], "k_pid_att": [10.761782154257368, 1.930468588207762, 0.2146537888419799], "k_pid_yaw": [0.5, 1e-06, 0.1], "k_pid_hsp": [0.10749143180172896, 0.0, 0.0], "k_pid_vsp": [124.43470500783044, 53.324748739720484, 5.0344128358644955]}, "datetime": {"datetime": "2025-08-11 21:12:33", "elapsed": 17232.430019378662, "delta": 19.492372035980225}, "costs": {"total_cost": 189.82826596359055, "time_cost": 77.868, "final_distance_cost": 1.8489557204273457, "oscillation_cost": 18.343199110745903, "completition_cost": 0.0, "overshoot_cost": 52.521308779537165, "power_cost": 14.97999158935547, "noise_cost": 24.26681076352468, "n_waypoints_completed": 9, "tot_waypoints": 9}}
{"target": -188.66591794434086, "params": {"k_pid_pos": [0.6130995250987267, 0.0, 0.0], "k_pid_alt": [1.669400139265928, 0.0, 0.0], "k_pid_att": [30.208322724505024, 2.285580976309155, 0.668734848044715], "k_pid_yaw": [0.5, 1e-06, 0.1], "k_pid_hsp": [0.19580003988602795, 0.0, 0.0], "k_pid_vsp": [151.87650100069314, 19.27394746829402, 2.254142877378612]}, "datetime": {"datetime": "2025-08-11 21:12:51", "elapsed": 17251.073301315308, "delta": 18.643281936645508}, "costs": {"total_cost": 188.66591794434086, "time_cost": 73.227, "final_distance_cost": 1.8501405074551158, "oscillation_cost": 24.835455898029828, "completition_cost": 0.0, "overshoot_cost": 51.653591728752374, "power_cost": 14.550238696289064, "noise_cost": 22.549491113814465, "n_waypoints_completed": 9, "tot_waypoints": 9}}
{"target": -185.3031400179639, "params": {"k_pid_pos": [0.6122722758665761, 0.0, 0.006125059637052836], "k_pid_alt": [1.8047525119767451, 0.0, 0.1374843027554559], "k_pid_att": [26.011113799281866, 2.1754496917891077, 0.26856209942737547], "k_pid_yaw": [0.5, 1e-06, 0.1], "k_pid_hsp": [0.14300596503612167, 0.0, 0.0], "k_pid_vsp": [120.63720318260914, 37.52854723259992, 3.5546676553957135]}, "datetime": {"datetime": "2025-08-11 21:13:10", "elapsed": 17269.37536215782, "delta": 18.302060842514038}, "costs": {"total_cost": 185.3031400179639, "time_cost": 71.96000000000001, "final_distance_cost": 1.8455964686378343, "oscillation_cost": 23.64983489324676, "completition_cost": 0.0, "overshoot_cost": 51.59770968793756, "power_cost": 14.300199291992188, "noise_cost": 21.94979967614956, "n_waypoints_completed": 9, "tot_waypoints": 9}}
{"target": -192.5601357088657, "params": {"k_pid_pos": [0.9430209205224532, 0.0, 0.0], "k_pid_alt": [1.6836574897305978, 0.0, 0.03644277828805048], "k_pid_att": [21.812823674108184, 2.12101883480047, 0.21321480558440223], "k_pid_yaw": [0.5, 1e-06, 0.1], "k_pid_hsp": [0.06627506102488792, 0.0, 0.0], "k_pid_vsp": [167.74265417046072, 52.963507219800235, 2.025400713782611]}, "datetime": {"datetime": "2025-08-11 21:13:29", "elapsed": 17289.321115255356, "delta": 19.94575309753418}, "costs": {"total_cost": 192.5601357088657, "time_cost": 75.08200000000001, "final_distance_cost": 1.7854091226224174, "oscillation_cost": 24.725041680694726, "completition_cost": 0.0, "overshoot_cost": 53.48623229027209, "power_cost": 14.832687158203125, "noise_cost": 22.64876545707333, "n_waypoints_completed": 9, "tot_waypoints": 9}}
{"target": -195.0618195092396, "params": {"k_pid_pos": [0.5513991954452548, 0.0, 0.0], "k_pid_alt": [1.6015238041711803, 0.0, 0.5295097853897017], "k_pid_att": [27.264945674290285, 2.1234826041226116, 0.1724517342588567], "k_pid_yaw": [0.5, 1e-06, 0.1], "k_pid_hsp": [0.2995491747049962, 0.0, 0.0], "k_pid_vsp": [144.0645441801984, 55.11311359761715, 0.45853283087654706]}, "datetime": {"datetime": "2025-08-11 21:13:50", "elapsed": 17309.746891498566, "delta": 20.42577624320984}, "costs": {"total_cost": 195.0618195092396, "time_cost": 77.32900000000001, "final_distance_cost": 1.8517650746705896, "oscillation_cost": 25.75482628131278, "completition_cost": 0.0, "overshoot_cost": 51.073735500446965, "power_cost": 15.209580065917969, "noise_cost": 23.84291258689128, "n_waypoints_completed": 9, "tot_waypoints": 9}}
{"target": -183.0378007658161, "params": {"k_pid_pos": [0.5760921593087293, 0.0, 0.0], "k_pid_alt": [1.6705146324349232, 0.0, 0.23210382113626077], "k_pid_att": [37.879369902702386, 2.2047045233764972, 0.1858962026778755], "k_pid_yaw": [0.5, 1e-06, 0.1], "k_pid_hsp": [0.09105851221201407, 0.0, 0.0], "k_pid_vsp": [139.88072062817022, 54.03456556213488, 2.592272917335869]}, "datetime": {"datetime": "2025-08-11 21:14:08", "elapsed": 17328.181260347366, "delta": 18.43436884880066}, "costs": {"total_cost": 183.0378007658161, "time_cost": 72.57600000000001, "final_distance_cost": 1.8175051091561352, "oscillation_cost": 20.222035860279004, "completition_cost": 0.0, "overshoot_cost": 52.39525869724912, "power_cost": 14.179308947753906, "noise_cost": 21.847692151377935, "n_waypoints_completed": 9, "tot_waypoints": 9}}
{"target": -192.73809175858423, "params": {"k_pid_pos": [0.9982395968559045, 0.0, 0.0], "k_pid_alt": [1.7693421198001347, 0.0, 0.16021452173800216], "k_pid_att": [27.8578472207851, 2.698521888568558, 0.19912173356713175], "k_pid_yaw": [0.5, 1e-06, 0.1], "k_pid_hsp": [0.06608328503008341, 0.0, 0.0], "k_pid_vsp": [156.32041528010097, 39.3190001304343, 1.966360614335005]}, "datetime": {"datetime": "2025-08-11 21:14:27", "elapsed": 17346.877108335495, "delta": 18.695847988128662}, "costs": {"total_cost": 192.73809175858423, "time_cost": 75.117, "final_distance_cost": 1.7973830877391428, "oscillation_cost": 25.005815628950668, "completition_cost": 0.0, "overshoot_cost": 53.37888631901305, "power_cost": 14.84681630859375, "noise_cost": 22.5921904142876, "n_waypoints_completed": 9, "tot_waypoints": 9}}
{"target": -184.18530812967228, "params": {"k_pid_pos": [0.5136062395356682, 0.0, 0.0], "k_pid_alt": [1.7189605975254891, 0.0, 0.26485571723232015], "k_pid_att": [26.231859824190938, 2.1617302003916383, 0.22302565472102442], "k_pid_yaw": [0.5, 1e-06, 0.1], "k_pid_hsp": [0.10937477999820878, 0.0, 0.0], "k_pid_vsp": [153.04045526921232, 50.28152789609392, 2.4584270835719253]}, "datetime": {"datetime": "2025-08-11 21:14:46", "elapsed": 17365.868298768997, "delta": 18.991190433502197}, "costs": {"total_cost": 184.18530812967228, "time_cost": 73.255, "final_distance_cost": 1.8448409301505169, "oscillation_cost": 20.671106879498335, "completition_cost": 0.0, "overshoot_cost": 51.8746195835601, "power_cost": 14.304218139648437, "noise_cost": 22.2355225968149, "n_waypoints_completed": 9, "tot_waypoints": 9}}
{"target": -186.24663369897956, "params": {"k_pid_pos": [0.566344868405245, 0.0, 0.0], "k_pid_alt": [1.6351112594893376, 0.0, 0.25238719517791813], "k_pid_att": [22.03488602888809, 1.991620459206259, 0.21408007637083887], "k_pid_yaw": [0.5, 1e-06, 0.1], "k_pid_hsp": [0.15424737560081955, 0.0, 0.0], "k_pid_vsp": [144.97823031782534, 83.33464203470194, 3.170658106159128]}, "datetime": {"datetime": "2025-08-11 21:15:04", "elapsed": 17383.88747358322, "delta": 18.019174814224243}, "costs": {"total_cost": 186.24663369897956, "time_cost": 72.828, "final_distance_cost": 1.8483190419912532, "oscillation_cost": 23.992459856390216, "completition_cost": 0.0, "overshoot_cost": 51.00714210652955, "power_cost": 14.38088455810547, "noise_cost": 22.189828135963083, "n_waypoints_completed": 9, "tot_waypoints": 9}}
{"target": -1221.344074379536, "params": {"k_pid_pos": [0.6240630983623967, 0.0, 0.0], "k_pid_alt": [1.8678104490095186, 0.0, 0.23201921868026115], "k_pid_att": [22.983610105577114, 2.6959920969182436, 0.1901575178203521], "k_pid_yaw": [0.5, 1e-06, 0.1], "k_pid_hsp": [0.0001, 0.0, 0.0], "k_pid_vsp": [155.50055976444747, 41.39596252970288, 5.569996466178226]}, "datetime": {"datetime": "2025-08-11 21:15:35", "elapsed": 17414.439724445343, "delta": 30.552250862121582}, "costs": {"total_cost": 1221.344074379536, "time_cost": 150, "final_distance_cost": 45.85638212350225, "oscillation_cost": 0.005096837680542418, "completition_cost": 888.8888888888888, "overshoot_cost": 82.46124689971077, "power_cost": 21.022474279785158, "noise_cost": 33.10998534996867, "n_waypoints_completed": 1, "tot_waypoints": 9}}
{"target": -194.41907467281618, "params": {"k_pid_pos": [0.5931172032195219, 0.0018158924242246857, 0.0], "k_pid_alt": [1.6266866153418231, 0.0, 0.08670603560213205], "k_pid_att": [21.661431682884633, 2.389694172572659, 0.19289691036420034], "k_pid_yaw": [0.5, 1e-06, 0.1], "k_pid_hsp": [0.0549908558876464, 0.0, 0.0], "k_pid_vsp": [145.22537771432857, 56.6368799732249, 3.2076304021277324]}, "datetime": {"datetime": "2025-08-11 21:15:55", "elapsed": 17434.753664970398, "delta": 20.31394052505493}, "costs": {"total_cost": 194.41907467281618, "time_cost": 80.521, "final_distance_cost": 1.8134133062292412, "oscillation_cost": 16.962499203205976, "completition_cost": 0.0, "overshoot_cost": 55.2133707436859, "power_cost": 15.324448779296876, "noise_cost": 24.584342640398166, "n_waypoints_completed": 9, "tot_waypoints": 9}}
{"target": -183.59398837264618, "params": {"k_pid_pos": [0.5513857594441431, 0.0, 0.0], "k_pid_alt": [1.7248124762251018, 0.0, 0.17386861217254404], "k_pid_att": [25.414669587292757, 2.1782957930681106, 0.23694010399697554], "k_pid_yaw": [0.5, 1e-06, 0.1], "k_pid_hsp": [0.10740157194759029, 0.0, 0.0], "k_pid_vsp": [161.33994066554794, 49.91779553932367, 3.4333227634493033]}, "datetime": {"datetime": "2025-08-11 21:16:14", "elapsed": 17453.419194698334, "delta": 18.66552972793579}, "costs": {"total_cost": 183.59398837264618, "time_cost": 72.52, "final_distance_cost": 1.8322533287125815, "oscillation_cost": 21.14550497323054, "completition_cost": 0.0, "overshoot_cost": 51.89887012117647, "power_cost": 14.218634985351564, "noise_cost": 21.97872496417504, "n_waypoints_completed": 9, "tot_waypoints": 9}}
{"target": -182.85240575877341, "params": {"k_pid_pos": [0.5398756340723099, 0.0, 0.0], "k_pid_alt": [1.5929788552174478, 0.0, 0.09955476171448477], "k_pid_att": [24.323369676964965, 3.060198688638257, 0.18746212409048588], "k_pid_yaw": [0.5, 1e-06, 0.1], "k_pid_hsp": [0.10409146910537449, 0.0, 0.0], "k_pid_vsp": [164.08372341678415, 57.11450710735602, 1e-06]}, "datetime": {"datetime": "2025-08-11 21:16:31", "elapsed": 17471.24801850319, "delta": 17.828823804855347}, "costs": {"total_cost": 182.85240575877341, "time_cost": 72.667, "final_distance_cost": 1.822296197542826, "oscillation_cost": 20.581852167564247, "completition_cost": 0.0, "overshoot_cost": 51.54941768345221, "power_cost": 14.184441516113282, "noise_cost": 22.047398194100843, "n_waypoints_completed": 9, "tot_waypoints": 9}}
{"target": -183.53194245732507, "params": {"k_pid_pos": [0.5392780919220094, 0.0, 0.0], "k_pid_alt": [1.733730656363761, 0.0, 0.1496315681365488], "k_pid_att": [29.01907144868161, 1.9602631794959433, 0.16478148171262605], "k_pid_yaw": [0.5, 1e-06, 0.1], "k_pid_hsp": [0.11286635926821856, 0.0, 0.0], "k_pid_vsp": [133.18942786713782, 54.71420292397251, 2.622631648286065]}, "datetime": {"datetime": "2025-08-11 21:16:50", "elapsed": 17490.018799066544, "delta": 18.770780563354492}, "costs": {"total_cost": 183.53194245732507, "time_cost": 72.611, "final_distance_cost": 1.8343375757732034, "oscillation_cost": 21.13801002931619, "completition_cost": 0.0, "overshoot_cost": 51.70991097757168, "power_cost": 14.259088354492189, "noise_cost": 21.979595520171824, "n_waypoints_completed": 9, "tot_waypoints": 9}}
{"target": -194.268374128876, "params": {"k_pid_pos": [0.7281665172847251, 0.01802750087416362, 0.25326764989522094], "k_pid_alt": [1.5384810888964944, 0.0, 0.19532665424550552], "k_pid_att": [20.490977662552247, 3.074413215101447, 0.2656653984196336], "k_pid_yaw": [0.5, 1e-06, 0.1], "k_pid_hsp": [0.32925202805297105, 0.0, 0.0], "k_pid_vsp": [218.23349403359651, 52.59448717613936, 1e-06]}, "datetime": {"datetime": "2025-08-11 21:17:09", "elapsed": 17509.080392360687, "delta": 19.061593294143677}, "costs": {"total_cost": 194.268374128876, "time_cost": 76.125, "final_distance_cost": 1.8518437737884657, "oscillation_cost": 26.479121496543424, "completition_cost": 0.0, "overshoot_cost": 50.90483463855908, "power_cost": 15.198234265136719, "noise_cost": 23.70933995484833, "n_waypoints_completed": 9, "tot_waypoints": 9}}
{"target": -193.29674204459, "params": {"k_pid_pos": [0.3424429593965444, 0.0, 0.0], "k_pid_alt": [1.7603601128256676, 0.0, 0.0], "k_pid_att": [25.087696096988175, 0.8243544913811391, 0.223426633136095], "k_pid_yaw": [0.5, 1e-06, 0.1], "k_pid_hsp": [0.10617236279156392, 0.0, 0.0], "k_pid_vsp": [138.0943963294165, 50.927808324123305, 0.10579102478857494]}, "datetime": {"datetime": "2025-08-11 21:17:29", "elapsed": 17529.046569108963, "delta": 19.966176748275757}, "costs": {"total_cost": 193.29674204459, "time_cost": 80.997, "final_distance_cost": 1.8515832638883152, "oscillation_cost": 16.393675603048393, "completition_cost": 0.0, "overshoot_cost": 52.999007820991864, "power_cost": 15.462732800292969, "noise_cost": 25.592742556368457, "n_waypoints_completed": 9, "tot_waypoints": 9}}
