{"target": -182.39469953205017, "params": {"k_pid_pos": [0.5329410944480326, 0.0, 0.0], "k_pid_alt": [1.5930582960500133, 0.0, 0.12626576123810318], "k_pid_att": [25.841807166327044, 1.988074708470936, 0.30096373313954417], "k_pid_yaw": [0.5, 1e-06, 0.1], "k_pid_hsp": [0.08519661247628506, 0.0, 0.0], "k_pid_vsp": [127.20449096970391, 124.96095850393925, 1.1070037296771316]}, "datetime": {"datetime": "2025-08-12 01:09:09", "elapsed": 31428.985407829285, "delta": 18.76153874397278}, "costs": {"total_cost": 182.39469953205017, "time_cost": 73.15, "final_distance_cost": 1.8163317627721303, "oscillation_cost": 18.863158057470983, "completition_cost": 0.0, "overshoot_cost": 52.20506220990873, "power_cost": 14.266056689453126, "noise_cost": 22.09409081244515, "n_waypoints_completed": 9, "tot_waypoints": 9}}
{"target": -182.42675265913553, "params": {"k_pid_pos": [0.5239893227556737, 0.0, 0.0], "k_pid_alt": [1.610183789453089, 0.0, 0.1555377367970343], "k_pid_att": [24.48786195503133, 2.0882820194383385, 0.21546808375690887], "k_pid_yaw": [0.5, 1e-06, 0.1], "k_pid_hsp": [0.09046551143676163, 0.0, 0.0], "k_pid_vsp": [130.5125322339322, 129.3300468883537, 1.144900667389392]}, "datetime": {"datetime": "2025-08-12 01:09:28", "elapsed": 31447.522283792496, "delta": 18.53687596321106}, "costs": {"total_cost": 182.42675265913553, "time_cost": 73.024, "final_distance_cost": 1.8300059522444516, "oscillation_cost": 19.19409288475451, "completition_cost": 0.0, "overshoot_cost": 52.067426062889965, "power_cost": 14.288081091308594, "noise_cost": 22.02314666793803, "n_waypoints_completed": 9, "tot_waypoints": 9}}
{"target": -182.56432744657647, "params": {"k_pid_pos": [0.5179343314471692, 0.0, 0.0], "k_pid_alt": [1.552359591293973, 0.0, 0.13872299298763757], "k_pid_att": [24.612726995538704, 2.0510195983641943, 0.224707551372978], "k_pid_yaw": [0.5, 1e-06, 0.1], "k_pid_hsp": [0.09170810982289047, 0.0, 0.0], "k_pid_vsp": [128.89474294935528, 166.82586762091927, 1.1941246063231967]}, "datetime": {"datetime": "2025-08-12 01:09:47", "elapsed": 31466.971115350723, "delta": 19.44883155822754}, "costs": {"total_cost": 182.56432744657647, "time_cost": 73.115, "final_distance_cost": 1.8326280008247418, "oscillation_cost": 19.3749564222429, "completition_cost": 0.0, "overshoot_cost": 52.06476074430966, "power_cost": 14.243083532714845, "noise_cost": 21.933898746484306, "n_waypoints_completed": 9, "tot_waypoints": 9}}
{"target": -182.23139364589494, "params": {"k_pid_pos": [0.526672250189561, 0.0, 0.0], "k_pid_alt": [1.6242241679388758, 0.0, 0.08578855712056849], "k_pid_att": [25.071085988204043, 2.1498599058944907, 0.19021438662345075], "k_pid_yaw": [0.5, 1e-06, 0.1], "k_pid_hsp": [0.0927393247725947, 0.0, 0.0], "k_pid_vsp": [132.4540785562083, 133.95254573184772, 1.2347496880917341]}, "datetime": {"datetime": "2025-08-12 01:10:05", "elapsed": 31485.349731445312, "delta": 18.378616094589233}, "costs": {"total_cost": 182.23139364589494, "time_cost": 72.821, "final_distance_cost": 1.815580973703187, "oscillation_cost": 19.486262138403628, "completition_cost": 0.0, "overshoot_cost": 51.891830684746566, "power_cost": 14.201202795410158, "noise_cost": 22.015517053631388, "n_waypoints_completed": 9, "tot_waypoints": 9}}
{"target": -182.55487747138466, "params": {"k_pid_pos": [0.5269391477025177, 0.0, 0.0], "k_pid_alt": [1.6071707550960197, 0.0, 0.14357574656209918], "k_pid_att": [24.807435593086087, 2.389163129528451, 0.23628952449593532], "k_pid_yaw": [0.5, 1e-06, 0.1], "k_pid_hsp": [0.09217208366854779, 0.0, 0.0], "k_pid_vsp": [129.0678390012285, 122.24758240272469, 1.4033129275471727]}, "datetime": {"datetime": "2025-08-12 01:10:25", "elapsed": 31504.422322034836, "delta": 19.072590589523315}, "costs": {"total_cost": 182.55487747138466, "time_cost": 72.905, "final_distance_cost": 1.832588259818433, "oscillation_cost": 19.63579644634039, "completition_cost": 0.0, "overshoot_cost": 52.08852670234156, "power_cost": 14.18536240234375, "noise_cost": 21.907603660540534, "n_waypoints_completed": 9, "tot_waypoints": 9}}
{"target": -182.48210173286816, "params": {"k_pid_pos": [0.5180234275151046, 0.0, 0.0], "k_pid_alt": [1.592208858237336, 0.0, 0.14141848122360748], "k_pid_att": [26.032134959953602, 1.9698555240773992, 0.2185477087813285], "k_pid_yaw": [0.5, 1e-06, 0.1], "k_pid_hsp": [0.08960719488065227, 0.0, 0.0], "k_pid_vsp": [131.28675210722457, 93.23837974528585, 1.371900660062523]}, "datetime": {"datetime": "2025-08-12 01:10:43", "elapsed": 31522.65077137947, "delta": 18.22844934463501}, "costs": {"total_cost": 182.48210173286816, "time_cost": 73.171, "final_distance_cost": 1.8274473109450933, "oscillation_cost": 18.808878326980395, "completition_cost": 0.0, "overshoot_cost": 52.318518975776534, "power_cost": 14.230752758789063, "noise_cost": 22.125504360377068, "n_waypoints_completed": 9, "tot_waypoints": 9}}
{"target": -186.11877664250403, "params": {"k_pid_pos": [0.5324843553598424, 0.0, 0.0], "k_pid_alt": [1.5769719816388812, 0.0, 0.12968186328429698], "k_pid_att": [23.049656431392965, 2.1964048854995655, 0.07554495792213835], "k_pid_yaw": [0.5, 1e-06, 0.1], "k_pid_hsp": [0.13680480791582386, 0.0, 0.0], "k_pid_vsp": [121.03650608055219, 97.20604109892255, 4.07230935151742]}, "datetime": {"datetime": "2025-08-12 01:11:02", "elapsed": 31542.13652896881, "delta": 19.48575758934021}, "costs": {"total_cost": 186.11877664250403, "time_cost": 73.017, "final_distance_cost": 1.8362393111569597, "oscillation_cost": 23.40907150056636, "completition_cost": 0.0, "overshoot_cost": 51.1551022635924, "power_cost": 14.40000565185547, "noise_cost": 22.301357915332837, "n_waypoints_completed": 9, "tot_waypoints": 9}}
{"target": -182.57654660850756, "params": {"k_pid_pos": [0.5273784013744597, 0.0, 0.0], "k_pid_alt": [1.6093739846079327, 0.0, 0.15245910223605147], "k_pid_att": [24.111301458162785, 2.1279947830872827, 0.2418099389109144], "k_pid_yaw": [0.5, 1e-06, 0.1], "k_pid_hsp": [0.09539340107555457, 0.0, 0.0], "k_pid_vsp": [121.85823836518533, 150.53576144350455, 1e-06]}, "datetime": {"datetime": "2025-08-12 01:11:21", "elapsed": 31561.250568151474, "delta": 19.114039182662964}, "costs": {"total_cost": 182.57654660850756, "time_cost": 72.828, "final_distance_cost": 1.8142256077319445, "oscillation_cost": 19.815557501526627, "completition_cost": 0.0, "overshoot_cost": 51.87793566897883, "power_cost": 14.285574523925781, "noise_cost": 21.95525330634436, "n_waypoints_completed": 9, "tot_waypoints": 9}}
{"target": -184.29144030504594, "params": {"k_pid_pos": [0.5216584707400541, 0.0, 0.0], "k_pid_alt": [1.4424273816486495, 0.0, 0.15538560084823277], "k_pid_att": [25.082402580802295, 1.879296551680813, 0.2532080342494655], "k_pid_yaw": [0.5, 1e-06, 0.1], "k_pid_hsp": [0.12290123676144045, 0.0, 0.0], "k_pid_vsp": [120.55345286595139, 114.4488620864165, 1.3739636420838208]}, "datetime": {"datetime": "2025-08-12 01:11:40", "elapsed": 31579.818559885025, "delta": 18.567991733551025}, "costs": {"total_cost": 184.29144030504594, "time_cost": 73.15, "final_distance_cost": 1.843281556737873, "oscillation_cost": 21.28109156244064, "completition_cost": 0.0, "overshoot_cost": 51.352408174076594, "power_cost": 14.423114160156251, "noise_cost": 22.241544851634583, "n_waypoints_completed": 9, "tot_waypoints": 9}}
{"target": -182.04631686034708, "params": {"k_pid_pos": [0.5265869000367771, 0.0, 0.0], "k_pid_alt": [1.462690286067773, 0.0, 0.1434300730424654], "k_pid_att": [24.843769766781058, 2.1156674520810927, 0.23026425912599527], "k_pid_yaw": [0.5, 1e-06, 0.1], "k_pid_hsp": [0.09127745296389825, 0.0, 0.0], "k_pid_vsp": [110.41428972780264, 122.17529538321423, 1.3627658333938748]}, "datetime": {"datetime": "2025-08-12 01:12:00", "elapsed": 31599.984909296036, "delta": 20.166349411010742}, "costs": {"total_cost": 182.04631686034708, "time_cost": 73.09400000000001, "final_distance_cost": 1.8142313382562747, "oscillation_cost": 19.33621895134904, "completition_cost": 0.0, "overshoot_cost": 51.73789239103766, "power_cost": 14.149445239257814, "noise_cost": 21.91452894044628, "n_waypoints_completed": 9, "tot_waypoints": 9}}
{"target": -182.33137991444198, "params": {"k_pid_pos": [0.5023147119043203, 0.0, 0.0], "k_pid_alt": [1.6133768639584596, 0.0, 0.12004979245724709], "k_pid_att": [23.51272349167895, 1.9996802534516698, 0.21947003137609208], "k_pid_yaw": [0.5, 1e-06, 0.1], "k_pid_hsp": [0.09148975601581401, 0.0, 0.0], "k_pid_vsp": [123.83333649436298, 117.11277269341929, 1.173447972276974]}, "datetime": {"datetime": "2025-08-12 01:12:19", "elapsed": 31618.38645863533, "delta": 18.401549339294434}, "costs": {"total_cost": 182.33137991444198, "time_cost": 73.297, "final_distance_cost": 1.8348308751343774, "oscillation_cost": 18.904255942335357, "completition_cost": 0.0, "overshoot_cost": 52.015553315666196, "power_cost": 14.21585955810547, "noise_cost": 22.063880223200584, "n_waypoints_completed": 9, "tot_waypoints": 9}}
{"target": -182.13553560205636, "params": {"k_pid_pos": [0.5699432091580092, 0.0, 0.0], "k_pid_alt": [1.6824267945003102, 0.0, 0.15840205034774646], "k_pid_att": [24.436083426025128, 2.0242286701657366, 0.2147808066957923], "k_pid_yaw": [0.5, 1e-06, 0.1], "k_pid_hsp": [0.09848172415877096, 0.0, 0.0], "k_pid_vsp": [135.4989223275082, 127.57444598468783, 1.5574130012136636]}, "datetime": {"datetime": "2025-08-12 01:12:37", "elapsed": 31637.15234565735, "delta": 18.765887022018433}, "costs": {"total_cost": 182.13553560205636, "time_cost": 72.114, "final_distance_cost": 1.8123618033191302, "oscillation_cost": 20.709380886531964, "completition_cost": 0.0, "overshoot_cost": 51.51915699070658, "power_cost": 14.21632763671875, "noise_cost": 21.764308284779958, "n_waypoints_completed": 9, "tot_waypoints": 9}}
{"target": -182.43416843742716, "params": {"k_pid_pos": [0.6125540672800944, 0.0, 0.0], "k_pid_alt": [1.5752077839792926, 0.0, 0.11610184074418234], "k_pid_att": [24.629644136977095, 2.029608291313169, 0.2771999522935869], "k_pid_yaw": [0.5, 1e-06, 0.1], "k_pid_hsp": [0.08958887084138911, 0.0, 0.0], "k_pid_vsp": [128.87037097639498, 110.67673401627687, 3.0877597521313405]}, "datetime": {"datetime": "2025-08-12 01:12:56", "elapsed": 31655.524572610855, "delta": 18.37222695350647}, "costs": {"total_cost": 182.43416843742716, "time_cost": 72.07900000000001, "final_distance_cost": 1.807847032493641, "oscillation_cost": 20.831249395616204, "completition_cost": 0.0, "overshoot_cost": 52.0055709055793, "power_cost": 14.134606774902345, "noise_cost": 21.57589432883567, "n_waypoints_completed": 9, "tot_waypoints": 9}}
{"target": -184.81771877678415, "params": {"k_pid_pos": [0.4151502030889464, 0.0, 0.0], "k_pid_alt": [1.6024116152628298, 0.0, 0.15918432540579092], "k_pid_att": [22.788923030042877, 2.143240568986417, 0.23475034974339695], "k_pid_yaw": [0.5, 1e-06, 0.1], "k_pid_hsp": [0.09323708130581988, 0.0, 0.0], "k_pid_vsp": [126.05816722620008, 109.80213551463544, 1.8749064246818907]}, "datetime": {"datetime": "2025-08-12 01:13:17", "elapsed": 31676.41386795044, "delta": 20.88929533958435}, "costs": {"total_cost": 184.81771877678415, "time_cost": 75.642, "final_distance_cost": 1.8366543625294287, "oscillation_cost": 16.972956146343602, "completition_cost": 0.0, "overshoot_cost": 52.54899595857264, "power_cost": 14.626673217773439, "noise_cost": 23.190439091565064, "n_waypoints_completed": 9, "tot_waypoints": 9}}
{"target": -182.81588225189932, "params": {"k_pid_pos": [0.5349192055310096, 0.0, 0.0], "k_pid_alt": [1.6003663778053852, 0.0, 0.14313604091980714], "k_pid_att": [24.255866854440114, 2.1129902587002474, 0.2109292544239771], "k_pid_yaw": [0.5, 1e-06, 0.1], "k_pid_hsp": [0.08779935953429, 0.0, 0.0], "k_pid_vsp": [132.66160115146627, 118.3521444284558, 1.0732049706268612]}, "datetime": {"datetime": "2025-08-12 01:13:35", "elapsed": 31694.460340738297, "delta": 18.046472787857056}, "costs": {"total_cost": 182.81588225189932, "time_cost": 73.003, "final_distance_cost": 1.8095163124883764, "oscillation_cost": 19.248317879222267, "completition_cost": 0.0, "overshoot_cost": 52.40086509004584, "power_cost": 14.309962573242188, "noise_cost": 22.044220396900656, "n_waypoints_completed": 9, "tot_waypoints": 9}}
{"target": -182.68483236092126, "params": {"k_pid_pos": [0.5273774849017301, 0.0, 0.0], "k_pid_alt": [1.6516647079984916, 0.0, 0.11693287939848199], "k_pid_att": [25.160198541354216, 2.2475456801179203, 0.18713809390982153], "k_pid_yaw": [0.5, 1e-06, 0.1], "k_pid_hsp": [0.10278640302139347, 0.0, 0.0], "k_pid_vsp": [146.89228597862018, 121.92419192259784, 0.8268296996683631]}, "datetime": {"datetime": "2025-08-12 01:13:54", "elapsed": 31714.373659849167, "delta": 19.91331911087036}, "costs": {"total_cost": 182.68483236092126, "time_cost": 72.646, "final_distance_cost": 1.8264225627893607, "oscillation_cost": 20.419999679550553, "completition_cost": 0.0, "overshoot_cost": 51.53576529893448, "power_cost": 14.230071984863281, "noise_cost": 22.026572834783597, "n_waypoints_completed": 9, "tot_waypoints": 9}}
{"target": -182.5624856880576, "params": {"k_pid_pos": [0.5034147692783673, 0.0, 0.0], "k_pid_alt": [1.4949362897302316, 0.0, 0.1758157815498922], "k_pid_att": [28.320676667233244, 2.008768828781881, 0.14842968662756068], "k_pid_yaw": [0.5, 1e-06, 0.1], "k_pid_hsp": [0.08976540106631505, 0.0, 0.0], "k_pid_vsp": [132.7438005585763, 117.2872626557587, 1.1052083897934795]}, "datetime": {"datetime": "2025-08-12 01:14:13", "elapsed": 31732.733466863632, "delta": 18.359807014465332}, "costs": {"total_cost": 182.5624856880576, "time_cost": 73.542, "final_distance_cost": 1.8242750843354212, "oscillation_cost": 18.686387829791993, "completition_cost": 0.0, "overshoot_cost": 52.088630579056485, "power_cost": 14.229715539550782, "noise_cost": 22.19147665532287, "n_waypoints_completed": 9, "tot_waypoints": 9}}
{"target": -182.4515866885767, "params": {"k_pid_pos": [0.5212890822074249, 0.0, 0.0], "k_pid_alt": [1.6097195849964892, 0.0, 0.13601101899453732], "k_pid_att": [24.837645714521308, 1.836785074675246, 0.21755173228559843], "k_pid_yaw": [0.5, 1e-06, 0.1], "k_pid_hsp": [0.0950618964172912, 0.0, 0.0], "k_pid_vsp": [122.85955711421296, 125.15799129648141, 1.234628557921776]}, "datetime": {"datetime": "2025-08-12 01:14:32", "elapsed": 31751.7496008873, "delta": 19.016134023666382}, "costs": {"total_cost": 182.4515866885767, "time_cost": 72.891, "final_distance_cost": 1.8367116566066328, "oscillation_cost": 19.74863807831771, "completition_cost": 0.0, "overshoot_cost": 51.874657782535536, "power_cost": 14.182658129882814, "noise_cost": 21.917921041234, "n_waypoints_completed": 9, "tot_waypoints": 9}}
{"target": -182.51530402202576, "params": {"k_pid_pos": [0.5184672218263638, 0.0, 0.0], "k_pid_alt": [1.5971900522570395, 0.0, 0.15577228357362924], "k_pid_att": [23.37243188669945, 2.1870272327176603, 0.13686715192169174], "k_pid_yaw": [0.5, 1e-06, 0.1], "k_pid_hsp": [0.08751473159282114, 0.0, 0.0], "k_pid_vsp": [136.49177753564277, 128.1496306980084, 1.1496623900523066]}, "datetime": {"datetime": "2025-08-12 01:14:50", "elapsed": 31770.126430273056, "delta": 18.376829385757446}, "costs": {"total_cost": 182.51530402202576, "time_cost": 73.241, "final_distance_cost": 1.8329896396005556, "oscillation_cost": 18.86577709935863, "completition_cost": 0.0, "overshoot_cost": 52.20732387723664, "power_cost": 14.28218260498047, "noise_cost": 22.086030800849485, "n_waypoints_completed": 9, "tot_waypoints": 9}}
{"target": -182.586471041812, "params": {"k_pid_pos": [0.5853093128636877, 0.0, 0.0], "k_pid_alt": [1.6185552502926284, 0.0, 0.14689114957579735], "k_pid_att": [22.916826591339056, 2.176588857389048, 0.1887454493025665], "k_pid_yaw": [0.5, 1e-06, 0.1], "k_pid_hsp": [0.09366860320424363, 0.0, 0.0], "k_pid_vsp": [128.80836351849476, 122.92552400013783, 1.1877994224634718]}, "datetime": {"datetime": "2025-08-12 01:15:09", "elapsed": 31788.88020515442, "delta": 18.753774881362915}, "costs": {"total_cost": 182.586471041812, "time_cost": 72.107, "final_distance_cost": 1.8267646352183848, "oscillation_cost": 20.82989931911487, "completition_cost": 0.0, "overshoot_cost": 51.90497268474377, "power_cost": 14.181744104003906, "noise_cost": 21.736090298731046, "n_waypoints_completed": 9, "tot_waypoints": 9}}
{"target": -183.388884471297, "params": {"k_pid_pos": [0.8318598722682722, 0.0, 0.00041834880063934576], "k_pid_alt": [1.6056187934712238, 0.0, 0.15104527141305235], "k_pid_att": [25.754464636323675, 2.1140813848341393, 0.18964767058522763], "k_pid_yaw": [0.5, 1e-06, 0.1], "k_pid_hsp": [0.10193769162580749, 0.0, 0.0], "k_pid_vsp": [119.78932009554374, 94.5034977451061, 1.630324727510382]}, "datetime": {"datetime": "2025-08-12 01:15:27", "elapsed": 31807.24275660515, "delta": 18.36255145072937}, "costs": {"total_cost": 183.388884471297, "time_cost": 70.441, "final_distance_cost": 1.8010348351550847, "oscillation_cost": 24.82888051562833, "completition_cost": 0.0, "overshoot_cost": 51.238030153842594, "power_cost": 14.119315991210938, "noise_cost": 20.960622975460062, "n_waypoints_completed": 9, "tot_waypoints": 9}}
{"target": -182.82502111109875, "params": {"k_pid_pos": [0.6632458546498302, 0.0, 0.0005013473954461062], "k_pid_alt": [1.59007298640912, 0.0, 0.3200291961163061], "k_pid_att": [24.30811903046006, 1.9733284421193322, 0.171787397141166], "k_pid_yaw": [0.5, 1e-06, 0.1], "k_pid_hsp": [0.08992213916064783, 0.0, 0.0], "k_pid_vsp": [118.60493159726012, 132.68402737281977, 1.400264185694224]}, "datetime": {"datetime": "2025-08-12 01:15:45", "elapsed": 31825.299698591232, "delta": 18.056941986083984}, "costs": {"total_cost": 182.82502111109875, "time_cost": 71.911, "final_distance_cost": 1.8252306768937938, "oscillation_cost": 21.99565835558188, "completition_cost": 0.0, "overshoot_cost": 51.49208421170768, "power_cost": 14.217435363769532, "noise_cost": 21.383612503145862, "n_waypoints_completed": 9, "tot_waypoints": 9}}
{"target": -182.17090214260412, "params": {"k_pid_pos": [0.5210834553770276, 0.0, 0.0], "k_pid_alt": [1.6084951768579407, 0.0, 0.14433727846521632], "k_pid_att": [43.652752576038516, 2.119342523843618, 0.287200014401061], "k_pid_yaw": [0.5, 1e-06, 0.1], "k_pid_hsp": [0.09123715934322513, 0.0, 0.0], "k_pid_vsp": [129.7726151206993, 148.5069822524649, 2.0757156270188535]}, "datetime": {"datetime": "2025-08-12 01:16:05", "elapsed": 31844.60076379776, "delta": 19.30106520652771}, "costs": {"total_cost": 182.17090214260412, "time_cost": 73.038, "final_distance_cost": 1.8305219676039, "oscillation_cost": 19.010037728949282, "completition_cost": 0.0, "overshoot_cost": 52.054767505545904, "power_cost": 14.257692309570313, "noise_cost": 21.979882630934725, "n_waypoints_completed": 9, "tot_waypoints": 9}}
{"target": -182.6245005027896, "params": {"k_pid_pos": [0.5224136487777197, 0.0, 0.0], "k_pid_alt": [1.6147432538909845, 0.0, 0.17671150124352775], "k_pid_att": [26.20515611304407, 2.752489353112374, 0.2303788655535014], "k_pid_yaw": [0.5, 1e-06, 0.1], "k_pid_hsp": [0.09870448388899725, 0.0, 0.0], "k_pid_vsp": [136.83960688093782, 152.70315104597924, 1.4689490024053435]}, "datetime": {"datetime": "2025-08-12 01:16:23", "elapsed": 31862.838541984558, "delta": 18.237778186798096}, "costs": {"total_cost": 182.6245005027896, "time_cost": 72.87, "final_distance_cost": 1.8227397869698445, "oscillation_cost": 19.974977753568275, "completition_cost": 0.0, "overshoot_cost": 51.77015393798693, "power_cost": 14.249252185058594, "noise_cost": 21.937376839205967, "n_waypoints_completed": 9, "tot_waypoints": 9}}
{"target": -182.32029492816923, "params": {"k_pid_pos": [0.5274179769726208, 0.0, 0.0], "k_pid_alt": [1.6125100091838596, 0.0, 0.1484894559530185], "k_pid_att": [24.55523920979338, 2.120205925705738, 0.20643305129332273], "k_pid_yaw": [0.5, 1e-06, 0.1], "k_pid_hsp": [0.09145878546009387, 0.0, 0.0], "k_pid_vsp": [127.67999965887796, 119.95264504099727, 1.1087723843961186]}, "datetime": {"datetime": "2025-08-12 01:16:42", "elapsed": 31882.374737739563, "delta": 19.536195755004883}, "costs": {"total_cost": 182.32029492816923, "time_cost": 72.926, "final_distance_cost": 1.8279384251648256, "oscillation_cost": 19.476112319789962, "completition_cost": 0.0, "overshoot_cost": 52.00118157404752, "power_cost": 14.169413232421876, "noise_cost": 21.919649376745056, "n_waypoints_completed": 9, "tot_waypoints": 9}}
{"target": -182.24832974236764, "params": {"k_pid_pos": [0.523518306469643, 0.0, 0.0], "k_pid_alt": [1.6132535007245132, 0.0, 0.1422465933600618], "k_pid_att": [25.529674556162714, 2.888955574734784, 0.2048459398056181], "k_pid_yaw": [0.5, 1e-06, 0.1], "k_pid_hsp": [0.09043268886038007, 0.0, 0.0], "k_pid_vsp": [120.14092848520465, 143.8194410050986, 1.3056145038065947]}, "datetime": {"datetime": "2025-08-12 01:17:02", "elapsed": 31901.78222298622, "delta": 19.407485246658325}, "costs": {"total_cost": 182.24832974236764, "time_cost": 73.003, "final_distance_cost": 1.8240056740879436, "oscillation_cost": 19.266722594524552, "completition_cost": 0.0, "overshoot_cost": 51.87423881919487, "power_cost": 14.241682543945313, "noise_cost": 22.03868011061496, "n_waypoints_completed": 9, "tot_waypoints": 9}}
{"target": -182.26747652134574, "params": {"k_pid_pos": [0.5114098418931318, 0.0, 0.0], "k_pid_alt": [1.6147998595349178, 0.0, 0.14509641879641924], "k_pid_att": [23.562761979501218, 1.8544641093455383, 0.21895912143531313], "k_pid_yaw": [0.5, 1e-06, 0.1], "k_pid_hsp": [0.0914592326327855, 0.0, 0.0], "k_pid_vsp": [128.80219475044333, 115.03882061412007, 1.8217967958914723]}, "datetime": {"datetime": "2025-08-12 01:17:20", "elapsed": 31920.136769533157, "delta": 18.354546546936035}, "costs": {"total_cost": 182.26747652134574, "time_cost": 73.178, "final_distance_cost": 1.8305191367267035, "oscillation_cost": 18.889125460272588, "completition_cost": 0.0, "overshoot_cost": 51.905074951303234, "power_cost": 14.304897314453125, "noise_cost": 22.15985965859008, "n_waypoints_completed": 9, "tot_waypoints": 9}}
