{"target": -189.12871542532326, "params": {"k_pid_pos": [0.8508118259168463, 0.01583947523554974, 0.32036788312588904], "k_pid_alt": [1.7007061234847303, 0.0, 0.2188294208234099], "k_pid_att": [26.171181258483827, 2.8555657784690007, 0.11124217917712118], "k_pid_yaw": [0.5, 1e-06, 0.1], "k_pid_hsp": [0.2154548937301204, 0.0, 0.0], "k_pid_vsp": [180.63912674174878, 56.67683601856696, 1e-06]}, "datetime": {"datetime": "2025-08-11 19:33:04", "elapsed": 11264.163061618805, "delta": 18.028215408325195}, "costs": {"total_cost": 189.12871542532326, "time_cost": 72.856, "final_distance_cost": 1.851157369908902, "oscillation_cost": 26.346506425924357, "completition_cost": 0.0, "overshoot_cost": 50.98652463703585, "power_cost": 14.655206372070314, "noise_cost": 22.433320620383828, "n_waypoints_completed": 9, "tot_waypoints": 9}}
{"target": -186.60203304590533, "params": {"k_pid_pos": [0.6387546225588019, 0.0, 0.1697468392762298], "k_pid_alt": [1.6733416960543122, 0.0, 0.2559105250962243], "k_pid_att": [21.500830927566096, 2.2231711002054846, 0.08382942663684158], "k_pid_yaw": [0.5, 1e-06, 0.1], "k_pid_hsp": [0.12901130591961976, 0.0, 0.0], "k_pid_vsp": [115.09251961848516, 56.42910250090015, 0.22495446733149457]}, "datetime": {"datetime": "2025-08-11 19:33:22", "elapsed": 11282.007276296616, "delta": 17.84421467781067}, "costs": {"total_cost": 186.60203304590533, "time_cost": 73.374, "final_distance_cost": 1.8463595256095648, "oscillation_cost": 23.05826988382226, "completition_cost": 0.0, "overshoot_cost": 51.33109519370295, "power_cost": 14.493282275390627, "noise_cost": 22.49902616737989, "n_waypoints_completed": 9, "tot_waypoints": 9}}
{"target": -190.6571930363594, "params": {"k_pid_pos": [0.8565548271338622, 0.01198001076148645, 0.05303902101853172], "k_pid_alt": [1.3649989390312278, 0.0, 0.3581857425732806], "k_pid_att": [27.711676999682282, 2.3378414951083624, 0.12793976317728398], "k_pid_yaw": [0.5, 1e-06, 0.1], "k_pid_hsp": [0.8012657623575635, 0.0, 0.0], "k_pid_vsp": [121.15732623612286, 47.104592436213196, 0.08556921794179556]}, "datetime": {"datetime": "2025-08-11 19:33:40", "elapsed": 11299.630344867706, "delta": 17.6230685710907}, "costs": {"total_cost": 190.6571930363594, "time_cost": 71.603, "final_distance_cost": 1.8521774771486343, "oscillation_cost": 30.414819701712396, "completition_cost": 0.0, "overshoot_cost": 50.065281598401214, "power_cost": 14.749140942382812, "noise_cost": 21.97277331671434, "n_waypoints_completed": 9, "tot_waypoints": 9}}
{"target": -183.93023047708826, "params": {"k_pid_pos": [0.6787536409306658, 0.0, 0.18618807273615604], "k_pid_alt": [1.73780537799866, 0.0, 0.19117376742156403], "k_pid_att": [20.49559743872313, 2.5804976249903806, 0.11196084591828422], "k_pid_yaw": [0.5, 1e-06, 0.1], "k_pid_hsp": [0.0713105332328634, 0.0, 0.0], "k_pid_vsp": [174.1261171450628, 49.985439891271476, 0.23138874252330505]}, "datetime": {"datetime": "2025-08-11 19:33:58", "elapsed": 11317.39446401596, "delta": 17.764119148254395}, "costs": {"total_cost": 183.93023047708826, "time_cost": 73.486, "final_distance_cost": 1.8156013094091188, "oscillation_cost": 19.47227332972863, "completition_cost": 0.0, "overshoot_cost": 52.64872653591403, "power_cost": 14.2390490234375, "noise_cost": 22.26858027859898, "n_waypoints_completed": 9, "tot_waypoints": 9}}
{"target": -188.87420838562113, "params": {"k_pid_pos": [1.1360614662433464, 0.0, 0.14804009286472106], "k_pid_alt": [1.5409293147477325, 0.0, 0.16756659240880412], "k_pid_att": [12.961598474463948, 2.8950640545956894, 0.383638208331949], "k_pid_yaw": [0.5, 1e-06, 0.1], "k_pid_hsp": [0.3430368791912612, 0.0, 0.0], "k_pid_vsp": [278.541578645783, 48.097500407165086, 1e-06]}, "datetime": {"datetime": "2025-08-11 19:34:14", "elapsed": 11334.252529382706, "delta": 16.858065366744995}, "costs": {"total_cost": 188.87420838562113, "time_cost": 70.028, "final_distance_cost": 1.8375388369750192, "oscillation_cost": 30.278954499801955, "completition_cost": 0.0, "overshoot_cost": 50.845499302579846, "power_cost": 14.630456787109376, "noise_cost": 21.25375895915493, "n_waypoints_completed": 9, "tot_waypoints": 9}}
{"target": -184.40564206302324, "params": {"k_pid_pos": [0.8449943717277847, 0.0, 0.15990598515569548], "k_pid_alt": [1.6426613604558231, 0.0, 0.08921067997230087], "k_pid_att": [28.98229783559845, 3.1484881082492064, 0.13923039055599676], "k_pid_yaw": [0.5, 1e-06, 0.1], "k_pid_hsp": [0.13512090617360797, 0.0, 0.0], "k_pid_vsp": [176.41490907715828, 55.830136865978474, 1e-06]}, "datetime": {"datetime": "2025-08-11 19:34:31", "elapsed": 11351.319997787476, "delta": 17.067468404769897}, "costs": {"total_cost": 184.40564206302324, "time_cost": 70.735, "final_distance_cost": 1.822544291456931, "oscillation_cost": 24.972575520664236, "completition_cost": 0.0, "overshoot_cost": 51.23664779544288, "power_cost": 14.215103686523438, "noise_cost": 21.423770768935746, "n_waypoints_completed": 9, "tot_waypoints": 9}}
{"target": -184.69292978602982, "params": {"k_pid_pos": [0.820245138742382, 0.001764064820588484, 0.0], "k_pid_alt": [1.6940430628228706, 0.0, 0.0], "k_pid_att": [20.32105975141286, 2.400954688191523, 0.13157042028725546], "k_pid_yaw": [0.5, 1e-06, 0.1], "k_pid_hsp": [0.23794374194000983, 0.0, 0.0], "k_pid_vsp": [116.01340734789787, 68.51395076469757, 1e-06]}, "datetime": {"datetime": "2025-08-11 19:34:49", "elapsed": 11368.712803602219, "delta": 17.392805814743042}, "costs": {"total_cost": 184.69292978602982, "time_cost": 70.182, "final_distance_cost": 1.8300894681961097, "oscillation_cost": 26.42224406855874, "completition_cost": 0.0, "overshoot_cost": 50.497086585740426, "power_cost": 14.439090307617189, "noise_cost": 21.322419355917354, "n_waypoints_completed": 9, "tot_waypoints": 9}}
{"target": -1215.7001069821401, "params": {"k_pid_pos": [0.3972022821346024, 0.10262888481683069, 0.15220815579344726], "k_pid_alt": [1.6333013556616953, 0.0, 0.1316136894652353], "k_pid_att": [34.51971693399935, 2.4495490412475007, 0.10906130552730373], "k_pid_yaw": [0.5, 1e-06, 0.1], "k_pid_hsp": [0.0001, 0.0, 0.0], "k_pid_vsp": [191.31783068173888, 42.47083212533578, 1e-06]}, "datetime": {"datetime": "2025-08-11 19:35:18", "elapsed": 11397.994474887848, "delta": 29.281671285629272}, "costs": {"total_cost": 1215.7001069821401, "time_cost": 150, "final_distance_cost": 45.63546344062822, "oscillation_cost": 1.0764876193284307, "completition_cost": 888.8888888888888, "overshoot_cost": 75.96014467339826, "power_cost": 21.02801993408203, "noise_cost": 33.11110242581429, "n_waypoints_completed": 1, "tot_waypoints": 9}}
{"target": -1237.200935574168, "params": {"k_pid_pos": [0.765561642851158, 0.007911393461422452, 0.16249040027195033], "k_pid_alt": [1.8304717958209076, 0.0, 0.08664550972826145], "k_pid_att": [45.850173516751546, 2.380471964331644, 0.10747733928492853], "k_pid_yaw": [0.5, 1e-06, 0.1], "k_pid_hsp": [0.0001, 0.0, 0.0], "k_pid_vsp": [101.20459016033598, 88.53508769101207, 1e-06]}, "datetime": {"datetime": "2025-08-11 19:35:48", "elapsed": 11427.385766744614, "delta": 29.391291856765747}, "costs": {"total_cost": 1237.200935574168, "time_cost": 150, "final_distance_cost": 46.59619922702732, "oscillation_cost": 4.50941432970394, "completition_cost": 888.8888888888888, "overshoot_cost": 93.10041004430799, "power_cost": 21.021190185546875, "noise_cost": 33.0848328986929, "n_waypoints_completed": 1, "tot_waypoints": 9}}
{"target": -325.58875707406116, "params": {"k_pid_pos": [1.0524903602608824, 0.0, 0.041819126910988706], "k_pid_alt": [0.8103169664541326, 0.0, 0.03747789774817492], "k_pid_att": [13.287618604295783, 2.673539671686782, 0.08332610390503171], "k_pid_yaw": [0.5, 1e-06, 0.1], "k_pid_hsp": [0.17675872067444234, 0.0, 0.0674166504860427], "k_pid_vsp": [101.68363836299571, 32.39729585491364, 1e-06]}, "datetime": {"datetime": "2025-08-11 19:36:07", "elapsed": 11446.382348775864, "delta": 18.99658203125}, "costs": {"total_cost": 325.58875707406116, "time_cost": 77.77, "final_distance_cost": 1.7864708666741382, "oscillation_cost": 152.0848561997908, "completition_cost": 0.0, "overshoot_cost": 53.21110932643527, "power_cost": 17.9611435546875, "noise_cost": 22.77517712647339, "n_waypoints_completed": 9, "tot_waypoints": 9}}
{"target": -185.06324891171676, "params": {"k_pid_pos": [0.9132630974628104, 0.03925025029826319, 0.06372031161122926], "k_pid_alt": [1.6389997936747174, 0.0006573884389551293, 0.02692316125434785], "k_pid_att": [21.32848572419255, 0.0001, 0.09754685095580956], "k_pid_yaw": [0.5, 1e-06, 0.1], "k_pid_hsp": [0.22838966137627856, 0.0, 0.0], "k_pid_vsp": [109.6605860011372, 51.47894455717475, 1e-06]}, "datetime": {"datetime": "2025-08-11 19:36:23", "elapsed": 11463.261031389236, "delta": 16.878682613372803}, "costs": {"total_cost": 185.06324891171676, "time_cost": 69.993, "final_distance_cost": 1.8184411444654525, "oscillation_cost": 27.084851788371584, "completition_cost": 0.0, "overshoot_cost": 50.70714354295344, "power_cost": 14.389717456054688, "noise_cost": 21.070094979871612, "n_waypoints_completed": 9, "tot_waypoints": 9}}
{"target": -186.1971984390153, "params": {"k_pid_pos": [0.8279856479778752, 0.0, 0.25019690011152007], "k_pid_alt": [1.6096294211506361, 0.0, 0.21937896140538418], "k_pid_att": [16.274857268282506, 2.6477075817956996, 0.16649325879224655], "k_pid_yaw": [0.5, 1e-06, 0.1], "k_pid_hsp": [0.1426787239168822, 0.0, 0.0], "k_pid_vsp": [179.63664318522243, 57.82396399822895, 1e-06]}, "datetime": {"datetime": "2025-08-11 19:36:41", "elapsed": 11481.102014303207, "delta": 17.840982913970947}, "costs": {"total_cost": 186.1971984390153, "time_cost": 71.694, "final_distance_cost": 1.8358544965454862, "oscillation_cost": 25.126965507037916, "completition_cost": 0.0, "overshoot_cost": 51.45983479821006, "power_cost": 14.353633093261719, "noise_cost": 21.726910543960113, "n_waypoints_completed": 9, "tot_waypoints": 9}}
{"target": -189.6791408256196, "params": {"k_pid_pos": [0.9519758219829032, 0.0, 0.14370653949981824], "k_pid_alt": [1.572880096818328, 0.0, 0.1369036929446217], "k_pid_att": [23.101354945151773, 2.999120464951623, 0.08718449883944834], "k_pid_yaw": [0.5, 1e-06, 0.1], "k_pid_hsp": [0.5570229027428767, 1.6056881859242934e-05, 0.0], "k_pid_vsp": [136.11536256368845, 47.36608689154571, 1e-06]}, "datetime": {"datetime": "2025-08-11 19:36:58", "elapsed": 11498.300039052963, "delta": 17.19802474975586}, "costs": {"total_cost": 189.6791408256196, "time_cost": 70.784, "final_distance_cost": 1.8544123177173755, "oscillation_cost": 30.362460549946118, "completition_cost": 0.0, "overshoot_cost": 50.23148890829816, "power_cost": 14.649668298339844, "noise_cost": 21.797110751318126, "n_waypoints_completed": 9, "tot_waypoints": 9}}
{"target": -197.33910728180027, "params": {"k_pid_pos": [0.6347531476158145, 0.17338458731690293, 0.0008948890398952775], "k_pid_alt": [1.4793530999825835, 0.0, 0.2998527755664911], "k_pid_att": [4.234699447893606, 1.4143786626601071, 0.11747906557127295], "k_pid_yaw": [0.5, 1e-06, 0.1], "k_pid_hsp": [0.22386167022261566, 0.0, 0.0], "k_pid_vsp": [62.558039474052244, 15.34128182735808, 1e-06]}, "datetime": {"datetime": "2025-08-11 19:37:17", "elapsed": 11517.230659246445, "delta": 18.930620193481445}, "costs": {"total_cost": 197.33910728180027, "time_cost": 78.113, "final_distance_cost": 1.8025588329168236, "oscillation_cost": 26.02350190339677, "completition_cost": 0.0, "overshoot_cost": 52.32309291063071, "power_cost": 15.611015454101564, "noise_cost": 23.4659381807544, "n_waypoints_completed": 9, "tot_waypoints": 9}}
{"target": -188.48384934459517, "params": {"k_pid_pos": [0.9117053343103952, 0.0, 0.0], "k_pid_alt": [1.6880092212882012, 0.0, 0.07192506515598403], "k_pid_att": [23.382408085476317, 2.2868239038100264, 0.08001880724632197], "k_pid_yaw": [0.5, 1e-06, 0.1], "k_pid_hsp": [0.3811943458067743, 0.0, 0.0], "k_pid_vsp": [137.58977127462308, 52.54563455889287, 1e-06]}, "datetime": {"datetime": "2025-08-11 19:37:35", "elapsed": 11534.52158999443, "delta": 17.29093074798584}, "costs": {"total_cost": 188.48384934459517, "time_cost": 70.105, "final_distance_cost": 1.8432877238477192, "oscillation_cost": 29.846081181890437, "completition_cost": 0.0, "overshoot_cost": 50.9022335445714, "power_cost": 14.491489477539064, "noise_cost": 21.295757416746554, "n_waypoints_completed": 9, "tot_waypoints": 9}}
{"target": -192.30057578981564, "params": {"k_pid_pos": [0.7238159459285906, 0.04700491138248136, 0.159543862665089], "k_pid_alt": [1.3992722594301468, 0.0018475282101811442, 0.23383090537852136], "k_pid_att": [21.43822473998562, 2.815759511939607, 0.23687955040457548], "k_pid_yaw": [0.5, 1e-06, 0.1], "k_pid_hsp": [0.4015575463104692, 0.006011849464503853, 0.0], "k_pid_vsp": [212.90485917717714, 58.61647146089588, 1.807992654414625]}, "datetime": {"datetime": "2025-08-11 19:37:53", "elapsed": 11553.208880901337, "delta": 18.687290906906128}, "costs": {"total_cost": 192.30057578981564, "time_cost": 74.221, "final_distance_cost": 1.841471256240192, "oscillation_cost": 27.44228468485138, "completition_cost": 0.0, "overshoot_cost": 50.925809637336265, "power_cost": 14.99759334716797, "noise_cost": 22.8724168642198, "n_waypoints_completed": 9, "tot_waypoints": 9}}
{"target": -190.4947800211843, "params": {"k_pid_pos": [0.9452898610748658, 0.14807997644908094, 0.13625047805668275], "k_pid_alt": [1.475369096516355, 0.0, 0.1295920336869329], "k_pid_att": [30.171645679660436, 4.423702264934384, 0.4002510646606882], "k_pid_yaw": [0.5, 1e-06, 0.1], "k_pid_hsp": [0.9727328312020034, 0.005657239655448345, 0.0], "k_pid_vsp": [211.40494495364985, 54.175476239554975, 1e-06]}, "datetime": {"datetime": "2025-08-11 19:38:11", "elapsed": 11571.130833625793, "delta": 17.921952724456787}, "costs": {"total_cost": 190.4947800211843, "time_cost": 71.32300000000001, "final_distance_cost": 1.8234445940084156, "oscillation_cost": 29.846415722860254, "completition_cost": 0.0, "overshoot_cost": 50.896493657363955, "power_cost": 14.85884852294922, "noise_cost": 21.746577524002458, "n_waypoints_completed": 9, "tot_waypoints": 9}}
{"target": -188.77828860255286, "params": {"k_pid_pos": [0.8895216933297331, 0.0, 0.05270932078888532], "k_pid_alt": [1.449511498480156, 0.0, 0.1173810783827861], "k_pid_att": [27.037105372436663, 2.3194810186047174, 0.169430529474718], "k_pid_yaw": [0.5, 1e-06, 0.1], "k_pid_hsp": [0.07670535345055507, 0.0, 0.0], "k_pid_vsp": [161.62120602828065, 58.11639539069633, 1e-06]}, "datetime": {"datetime": "2025-08-11 19:38:29", "elapsed": 11589.356810331345, "delta": 18.225976705551147}, "costs": {"total_cost": 188.77828860255286, "time_cost": 73.64, "final_distance_cost": 1.8033500676642182, "oscillation_cost": 24.008833263867803, "completition_cost": 0.0, "overshoot_cost": 52.913031786245796, "power_cost": 14.500706811523438, "noise_cost": 21.912366673251626, "n_waypoints_completed": 9, "tot_waypoints": 9}}
{"target": -185.91443754812994, "params": {"k_pid_pos": [1.041416222801994, 0.0, 0.01754430106644697], "k_pid_alt": [1.6293568986697915, 0.0, 0.11010700019146391], "k_pid_att": [15.673202738957682, 2.2290343424154457, 0.2149689722582817], "k_pid_yaw": [0.5, 1e-06, 0.1], "k_pid_hsp": [0.17563278244682565, 0.0, 0.0], "k_pid_vsp": [131.8312159454681, 51.73413273929849, 1.9143914898958703]}, "datetime": {"datetime": "2025-08-11 19:38:47", "elapsed": 11606.688808441162, "delta": 17.331998109817505}, "costs": {"total_cost": 185.91443754812994, "time_cost": 69.468, "final_distance_cost": 1.8110260791608435, "oscillation_cost": 28.818459044519418, "completition_cost": 0.0, "overshoot_cost": 50.7181528029567, "power_cost": 14.358635546875, "noise_cost": 20.740164074617972, "n_waypoints_completed": 9, "tot_waypoints": 9}}
{"target": -184.92958544499433, "params": {"k_pid_pos": [0.8962897552450548, 0.0, 0.1630990330858471], "k_pid_alt": [1.6602955916638615, 0.0, 0.0], "k_pid_att": [26.64867157780645, 2.102620214422588, 0.16822533607004522], "k_pid_yaw": [0.5, 1e-06, 0.1], "k_pid_hsp": [0.08378202544660127, 0.0, 0.0], "k_pid_vsp": [160.76134325208955, 48.47040937407995, 0.06759651832103346]}, "datetime": {"datetime": "2025-08-11 19:39:04", "elapsed": 11624.337824821472, "delta": 17.64901638031006}, "costs": {"total_cost": 184.92958544499433, "time_cost": 71.34400000000001, "final_distance_cost": 1.8079979777720088, "oscillation_cost": 23.89843647347312, "completition_cost": 0.0, "overshoot_cost": 52.21625962835845, "power_cost": 14.19709755859375, "noise_cost": 21.465793806796995, "n_waypoints_completed": 9, "tot_waypoints": 9}}
{"target": -184.1298820117342, "params": {"k_pid_pos": [0.8324178014930717, 0.0, 0.0], "k_pid_alt": [1.5356487833600765, 0.0, 0.048383983620702384], "k_pid_att": [20.61477169086009, 2.1658874919305267, 0.17151253924732168], "k_pid_yaw": [0.5, 1e-06, 0.1], "k_pid_hsp": [0.17528451837467757, 0.0, 0.0], "k_pid_vsp": [102.89442823648437, 54.178924729635426, 0.2710005422211538]}, "datetime": {"datetime": "2025-08-11 19:39:22", "elapsed": 11642.223785161972, "delta": 17.885960340499878}, "costs": {"total_cost": 184.1298820117342, "time_cost": 69.97200000000001, "final_distance_cost": 1.8260537445973375, "oscillation_cost": 26.01779524511002, "completition_cost": 0.0, "overshoot_cost": 51.12036595057307, "power_cost": 14.242901367187502, "noise_cost": 20.950765704266278, "n_waypoints_completed": 9, "tot_waypoints": 9}}
{"target": -1213.017716072773, "params": {"k_pid_pos": [0.7475507485236728, 0.0, 0.0], "k_pid_alt": [1.3059342111962087, 0.0, 0.17642230010317816], "k_pid_att": [25.696459169450403, 2.37649245236105, 0.10315884433230904], "k_pid_yaw": [0.5, 1e-06, 0.1], "k_pid_hsp": [0.0019288537390398375, 0.0, 0.0], "k_pid_vsp": [128.92492015049882, 54.415823697744415, 1e-06]}, "datetime": {"datetime": "2025-08-11 19:39:53", "elapsed": 11672.730750083923, "delta": 30.506964921951294}, "costs": {"total_cost": 1213.017716072773, "time_cost": 150, "final_distance_cost": 67.88018743238965, "oscillation_cost": 0.3428760850099041, "completition_cost": 888.8888888888888, "overshoot_cost": 51.79762602566244, "power_cost": 21.00723692626953, "noise_cost": 33.10090071455291, "n_waypoints_completed": 1, "tot_waypoints": 9}}
{"target": -191.718669324664, "params": {"k_pid_pos": [0.8230086779909949, 0.0, 0.19718104981457873], "k_pid_alt": [1.4467862502980597, 0.0, 0.22418014280929438], "k_pid_att": [25.60959579632378, 3.6745782723727887, 0.18934288260410337], "k_pid_yaw": [0.5, 1e-06, 0.1], "k_pid_hsp": [0.40954555861943187, 0.0, 0.0], "k_pid_vsp": [211.44045544243372, 75.96767634124248, 1e-06]}, "datetime": {"datetime": "2025-08-11 19:40:11", "elapsed": 11691.303748607635, "delta": 18.572998523712158}, "costs": {"total_cost": 191.718669324664, "time_cost": 73.528, "final_distance_cost": 1.8516064284236031, "oscillation_cost": 27.893513905483843, "completition_cost": 0.0, "overshoot_cost": 50.77544940418419, "power_cost": 14.918273327636719, "noise_cost": 22.751826258935647, "n_waypoints_completed": 9, "tot_waypoints": 9}}
{"target": -187.68053979133134, "params": {"k_pid_pos": [1.2214147380758469, 0.0, 0.0], "k_pid_alt": [1.7581304017686876, 0.0, 0.278947349396629], "k_pid_att": [29.78278587457171, 1.6998271421854712, 0.14426858635708337], "k_pid_yaw": [0.5, 1e-06, 0.1], "k_pid_hsp": [0.29303877175647375, 0.0, 0.0], "k_pid_vsp": [179.82621319138858, 86.3149158028802, 0.5276919676944001]}, "datetime": {"datetime": "2025-08-11 19:40:29", "elapsed": 11708.578382015228, "delta": 17.274633407592773}, "costs": {"total_cost": 187.68053979133134, "time_cost": 69.041, "final_distance_cost": 1.809831452398614, "oscillation_cost": 30.960177094950513, "completition_cost": 0.0, "overshoot_cost": 50.605401730227044, "power_cost": 14.612511315917969, "noise_cost": 20.65161819783718, "n_waypoints_completed": 9, "tot_waypoints": 9}}
{"target": -184.61532792514257, "params": {"k_pid_pos": [0.5359731048143707, 0.0, 0.0], "k_pid_alt": [1.3135359169608, 0.0, 0.1630558928931906], "k_pid_att": [28.253998180508148, 2.3039515090393183, 0.19369259776085634], "k_pid_yaw": [0.5, 1e-06, 0.1], "k_pid_hsp": [0.11434094292952443, 0.0, 0.0], "k_pid_vsp": [140.84194550762825, 50.75170843028244, 1e-06]}, "datetime": {"datetime": "2025-08-11 19:40:47", "elapsed": 11726.829573392868, "delta": 18.25119137763977}, "costs": {"total_cost": 184.61532792514257, "time_cost": 73.164, "final_distance_cost": 1.8259784046795964, "oscillation_cost": 21.482500675958253, "completition_cost": 0.0, "overshoot_cost": 51.615996738505345, "power_cost": 14.33346678466797, "noise_cost": 22.193385321331416, "n_waypoints_completed": 9, "tot_waypoints": 9}}
{"target": -190.8422190577921, "params": {"k_pid_pos": [1.120053559459888, 0.0, 0.0], "k_pid_alt": [1.410679672709099, 0.0, 0.4916214539199688], "k_pid_att": [34.11862535121395, 2.5316383111153007, 0.25132857040605094], "k_pid_yaw": [0.5, 1e-06, 0.1], "k_pid_hsp": [1.1239989124025047, 0.0, 0.0], "k_pid_vsp": [148.39396302714005, 24.680438953947267, 1e-06]}, "datetime": {"datetime": "2025-08-11 19:41:05", "elapsed": 11745.193455934525, "delta": 18.363882541656494}, "costs": {"total_cost": 190.8422190577921, "time_cost": 70.574, "final_distance_cost": 1.8391973161540551, "oscillation_cost": 31.28483550192123, "completition_cost": 0.0, "overshoot_cost": 50.97786000448655, "power_cost": 14.967598449707031, "noise_cost": 21.198727785523243, "n_waypoints_completed": 9, "tot_waypoints": 9}}
