{"target": -185.2493186263679, "params": {"k_pid_pos": [0.49469280687787076, 0.00380999663713076, 0.0], "k_pid_alt": [1.7043719573357419, 0.0, 0.1533092680596384], "k_pid_att": [25.2270081291567, 1.2558342951409107, 0.19735998576045807], "k_pid_yaw": [0.5, 1e-06, 0.1], "k_pid_hsp": [0.12835599716622936, 0.0, 0.0], "k_pid_vsp": [133.18680666574053, 55.00391715021281, 1.2509119357582528]}, "datetime": {"datetime": "2025-08-11 22:45:15", "elapsed": 22795.070648670197, "delta": 18.815006256103516}, "costs": {"total_cost": 185.2493186263679, "time_cost": 73.82900000000001, "final_distance_cost": 1.8407628761129706, "oscillation_cost": 21.10369777014003, "completition_cost": 0.0, "overshoot_cost": 51.46416585259593, "power_cost": 14.45597606201172, "noise_cost": 22.555716065507227, "n_waypoints_completed": 9, "tot_waypoints": 9}}
{"target": -184.46118080071443, "params": {"k_pid_pos": [0.41423166979903314, 0.0, 0.0], "k_pid_alt": [1.6640177747076583, 0.0, 0.1401056642814238], "k_pid_att": [25.721690466101577, 2.2150184716534387, 0.207417934222121], "k_pid_yaw": [0.5, 1e-06, 0.1], "k_pid_hsp": [0.09395525168111782, 0.0, 0.0], "k_pid_vsp": [142.63902708628885, 53.66657155332919, 1.6675470993005732]}, "datetime": {"datetime": "2025-08-11 22:45:34", "elapsed": 22814.27205467224, "delta": 19.201406002044678}, "costs": {"total_cost": 184.46118080071443, "time_cost": 75.768, "final_distance_cost": 1.8325078374001018, "oscillation_cost": 17.119740916135722, "completition_cost": 0.0, "overshoot_cost": 52.01164762299477, "power_cost": 14.500347253417969, "noise_cost": 23.228937170765878, "n_waypoints_completed": 9, "tot_waypoints": 9}}
{"target": -183.53153428375887, "params": {"k_pid_pos": [0.5211173375714613, 0.0, 0.0], "k_pid_alt": [1.6845949333705712, 0.0, 0.1068425072358126], "k_pid_att": [26.465166361545364, 2.351284765590395, 0.19366822461336236], "k_pid_yaw": [0.5, 1e-06, 0.1], "k_pid_hsp": [0.10268354274291591, 0.0, 0.0], "k_pid_vsp": [140.4021607297721, 54.12596083948046, 2.2808263631419794]}, "datetime": {"datetime": "2025-08-11 22:45:53", "elapsed": 22832.47804069519, "delta": 18.20598602294922}, "costs": {"total_cost": 183.53153428375887, "time_cost": 72.933, "final_distance_cost": 1.829506743928439, "oscillation_cost": 20.31665536026832, "completition_cost": 0.0, "overshoot_cost": 52.226865495951046, "power_cost": 14.184845275878907, "noise_cost": 22.04066140773217, "n_waypoints_completed": 9, "tot_waypoints": 9}}
{"target": -185.65067084587884, "params": {"k_pid_pos": [0.5934491857730646, 0.0, 0.0], "k_pid_alt": [1.5357256692024233, 0.0, 0.0718490861812639], "k_pid_att": [28.35511423879993, 2.263799276682903, 0.19695853485139173], "k_pid_yaw": [0.5, 1e-06, 0.1], "k_pid_hsp": [0.147773074462975, 0.0, 0.0], "k_pid_vsp": [135.5178445392516, 58.75673686057273, 0.8747141406388089]}, "datetime": {"datetime": "2025-08-11 22:46:11", "elapsed": 22851.002566099167, "delta": 18.52452540397644}, "costs": {"total_cost": 185.65067084587884, "time_cost": 72.121, "final_distance_cost": 1.8466246512981614, "oscillation_cost": 23.988732513914037, "completition_cost": 0.0, "overshoot_cost": 51.42879037332028, "power_cost": 14.331767309570314, "noise_cost": 21.933755997776043, "n_waypoints_completed": 9, "tot_waypoints": 9}}
{"target": -183.23535646499144, "params": {"k_pid_pos": [0.794271274412666, 0.009047559020837597, 0.0012759888698481337], "k_pid_alt": [1.652975516863154, 0.0, 0.21577411835997165], "k_pid_att": [23.93252663021963, 2.118556193900362, 0.28313566803635326], "k_pid_yaw": [0.5, 1e-06, 0.1], "k_pid_hsp": [0.13144420353217995, 0.005001171273133601, 0.0], "k_pid_vsp": [129.74886953416743, 54.27176363726731, 3.4308868874930756]}, "datetime": {"datetime": "2025-08-11 22:46:29", "elapsed": 22869.065045833588, "delta": 18.062479734420776}, "costs": {"total_cost": 183.23535646499144, "time_cost": 69.923, "final_distance_cost": 1.8127578684980918, "oscillation_cost": 25.56734610799499, "completition_cost": 0.0, "overshoot_cost": 50.943577011684, "power_cost": 14.148763159179689, "noise_cost": 20.839912317634653, "n_waypoints_completed": 9, "tot_waypoints": 9}}
{"target": -183.10821802119273, "params": {"k_pid_pos": [0.619514048532928, 0.0, 0.0], "k_pid_alt": [1.7159349942071165, 0.0, 0.1724510693743592], "k_pid_att": [19.43357681026472, 2.2257613697672243, 0.24033797944199817], "k_pid_yaw": [0.5, 1e-06, 0.1], "k_pid_hsp": [0.10554718009427458, 0.0, 0.0], "k_pid_vsp": [130.905143007863, 49.16758438151241, 1.4071106722604831]}, "datetime": {"datetime": "2025-08-11 22:46:47", "elapsed": 22886.82547545433, "delta": 17.760429620742798}, "costs": {"total_cost": 183.10821802119273, "time_cost": 71.673, "final_distance_cost": 1.8147342494046157, "oscillation_cost": 22.169784085718298, "completition_cost": 0.0, "overshoot_cost": 51.79692208443427, "power_cost": 14.095755725097657, "noise_cost": 21.55802187653789, "n_waypoints_completed": 9, "tot_waypoints": 9}}
{"target": -182.5955254161983, "params": {"k_pid_pos": [0.5345764171494473, 0.0, 0.0], "k_pid_alt": [1.6339387030578807, 0.0, 0.12100739355747966], "k_pid_att": [22.738188916993373, 2.3613176237463973, 0.20686376053148647], "k_pid_yaw": [0.5, 1e-06, 0.1], "k_pid_hsp": [0.08976668958896103, 0.0, 0.0], "k_pid_vsp": [140.91560242088246, 58.34293533535171, 1.6496196100644012]}, "datetime": {"datetime": "2025-08-11 22:47:05", "elapsed": 22905.089063882828, "delta": 18.263588428497314}, "costs": {"total_cost": 182.5955254161983, "time_cost": 72.989, "final_distance_cost": 1.8242153928246756, "oscillation_cost": 19.3501875873856, "completition_cost": 0.0, "overshoot_cost": 52.10904549020681, "power_cost": 14.186909362792969, "noise_cost": 22.136167582988257, "n_waypoints_completed": 9, "tot_waypoints": 9}}
{"target": -183.33914629370628, "params": {"k_pid_pos": [0.515257399199395, 0.0, 0.0], "k_pid_alt": [1.6519062466619592, 0.0, 0.15168582058990063], "k_pid_att": [28.029683925722065, 1.9195682543106638, 0.23528271309862211], "k_pid_yaw": [0.5, 1e-06, 0.1], "k_pid_hsp": [0.07847160932146785, 0.0, 0.0], "k_pid_vsp": [137.55440287335884, 56.28640201932168, 2.1952333900461434]}, "datetime": {"datetime": "2025-08-11 22:47:24", "elapsed": 22924.050445318222, "delta": 18.961381435394287}, "costs": {"total_cost": 183.33914629370628, "time_cost": 74.025, "final_distance_cost": 1.8153201658154072, "oscillation_cost": 17.839818406971006, "completition_cost": 0.0, "overshoot_cost": 52.87865737492103, "power_cost": 14.28587840576172, "noise_cost": 22.494471940237133, "n_waypoints_completed": 9, "tot_waypoints": 9}}
{"target": -183.08114914768134, "params": {"k_pid_pos": [0.5307500753049792, 0.0, 0.0], "k_pid_alt": [1.7281703387917742, 0.0, 0.09529852882689782], "k_pid_att": [21.057365190328326, 2.2363688055826456, 0.22254151488287718], "k_pid_yaw": [0.5, 1e-06, 0.1], "k_pid_hsp": [0.08481796283618297, 0.0, 0.0], "k_pid_vsp": [118.21639499212554, 53.97771497271289, 0.5266201437211637]}, "datetime": {"datetime": "2025-08-11 22:47:43", "elapsed": 22942.591950416565, "delta": 18.541505098342896}, "costs": {"total_cost": 183.08114914768134, "time_cost": 73.199, "final_distance_cost": 1.8266260914689485, "oscillation_cost": 18.929490313159423, "completition_cost": 0.0, "overshoot_cost": 52.77761171440614, "power_cost": 14.195641906738281, "noise_cost": 22.152779121908573, "n_waypoints_completed": 9, "tot_waypoints": 9}}
{"target": -182.74977911812368, "params": {"k_pid_pos": [0.5326638621055124, 0.0, 0.0], "k_pid_alt": [1.6644867802489542, 0.0, 0.05386380318975406], "k_pid_att": [23.77235321588394, 2.4950217404643835, 0.22760887075407968], "k_pid_yaw": [0.5, 1e-06, 0.1], "k_pid_hsp": [0.0998183117054553, 0.0, 0.0], "k_pid_vsp": [131.5752218055209, 56.49398092565543, 1.2775607528308086]}, "datetime": {"datetime": "2025-08-11 22:48:01", "elapsed": 22961.348325014114, "delta": 18.75637459754944}, "costs": {"total_cost": 182.74977911812368, "time_cost": 72.702, "final_distance_cost": 1.8282704690854306, "oscillation_cost": 20.01952753110725, "completition_cost": 0.0, "overshoot_cost": 51.90840917219914, "power_cost": 14.258158715820313, "noise_cost": 22.03341322991153, "n_waypoints_completed": 9, "tot_waypoints": 9}}
{"target": -182.85663407556544, "params": {"k_pid_pos": [0.5423677168800546, 0.0, 0.0], "k_pid_alt": [1.6270539713592087, 0.0, 0.07384283679391895], "k_pid_att": [22.440589538233983, 2.296381431514051, 0.19835196765294405], "k_pid_yaw": [0.5, 1e-06, 0.1], "k_pid_hsp": [0.08208002072081404, 0.0, 0.0], "k_pid_vsp": [139.11340181212273, 54.847187337469585, 0.7277519157001198]}, "datetime": {"datetime": "2025-08-11 22:48:20", "elapsed": 22980.09615302086, "delta": 18.747828006744385}, "costs": {"total_cost": 182.85663407556544, "time_cost": 73.325, "final_distance_cost": 1.8073482112577668, "oscillation_cost": 18.757911277023066, "completition_cost": 0.0, "overshoot_cost": 52.473527448673806, "power_cost": 14.235540356445313, "noise_cost": 22.25730678216549, "n_waypoints_completed": 9, "tot_waypoints": 9}}
{"target": -214.73336763076568, "params": {"k_pid_pos": [0.6180814371046689, 0.0, 0.0], "k_pid_alt": [1.6757296859901962, 0.0, 0.08055336774783364], "k_pid_att": [20.348561175358732, 2.869535652776669, 0.19493021907700223], "k_pid_yaw": [0.5, 1e-06, 0.1], "k_pid_hsp": [0.04340629973050575, 0.0, 0.0], "k_pid_vsp": [151.55233962278038, 75.10565427107831, 1.8746179474798472]}, "datetime": {"datetime": "2025-08-11 22:48:44", "elapsed": 23003.849990606308, "delta": 23.75383758544922}, "costs": {"total_cost": 214.73336763076568, "time_cost": 93.289, "final_distance_cost": 1.7594377975989917, "oscillation_cost": 15.436989230578906, "completition_cost": 0.0, "overshoot_cost": 58.56292095078539, "power_cost": 17.412914587402344, "noise_cost": 28.272105064400048, "n_waypoints_completed": 9, "tot_waypoints": 9}}
{"target": -184.11099808515894, "params": {"k_pid_pos": [0.4447012378312973, 0.0, 0.0], "k_pid_alt": [1.6103993829258205, 0.0, 0.143755157023404], "k_pid_att": [24.028987976549203, 2.2059563176690067, 0.20642845777528113], "k_pid_yaw": [0.5, 1e-06, 0.1], "k_pid_hsp": [0.10001350256700482, 0.0, 0.0], "k_pid_vsp": [134.28291406139078, 59.14832119887948, 2.288347309223985]}, "datetime": {"datetime": "2025-08-11 22:49:03", "elapsed": 23023.23657155037, "delta": 19.38658094406128}, "costs": {"total_cost": 184.11099808515894, "time_cost": 74.774, "final_distance_cost": 1.8328400988223308, "oscillation_cost": 18.29424269382024, "completition_cost": 0.0, "overshoot_cost": 51.896235470521006, "power_cost": 14.396159899902344, "noise_cost": 22.917519922093057, "n_waypoints_completed": 9, "tot_waypoints": 9}}
{"target": -192.8142821040879, "params": {"k_pid_pos": [0.565863536631327, 0.0, 0.0], "k_pid_alt": [2.0, 0.0, 0.1717112774607352], "k_pid_att": [23.232271786049147, 2.451961362433249, 0.21093244817990073], "k_pid_yaw": [0.5, 1e-06, 0.1], "k_pid_hsp": [0.05671870800510924, 0.0, 0.0], "k_pid_vsp": [130.21160351663, 57.417938349796415, 0.7559966161045559]}, "datetime": {"datetime": "2025-08-11 22:49:24", "elapsed": 23043.381309509277, "delta": 20.14473795890808}, "costs": {"total_cost": 192.8142821040879, "time_cost": 79.408, "final_distance_cost": 1.779639182311415, "oscillation_cost": 16.88393649826714, "completition_cost": 0.0, "overshoot_cost": 55.49412352459036, "power_cost": 15.113584912109376, "noise_cost": 24.134997986809633, "n_waypoints_completed": 9, "tot_waypoints": 9}}
{"target": -182.48543911108786, "params": {"k_pid_pos": [0.5495675356843305, 0.0, 0.0], "k_pid_alt": [1.7181194663497474, 0.0, 0.15174470234706866], "k_pid_att": [23.81082600325541, 2.318486830127582, 0.2318215295262762], "k_pid_yaw": [0.5, 1e-06, 0.1], "k_pid_hsp": [0.0916443996299186, 0.0, 0.0], "k_pid_vsp": [124.89499218840498, 59.86550895443153, 1e-06]}, "datetime": {"datetime": "2025-08-11 22:49:42", "elapsed": 23061.80284190178, "delta": 18.42153239250183}, "costs": {"total_cost": 182.48543911108786, "time_cost": 72.674, "final_distance_cost": 1.8112362127743475, "oscillation_cost": 19.873560954929985, "completition_cost": 0.0, "overshoot_cost": 51.870876959376915, "power_cost": 14.254185729980469, "noise_cost": 22.00157925402616, "n_waypoints_completed": 9, "tot_waypoints": 9}}
{"target": -182.72231090790413, "params": {"k_pid_pos": [0.5578618527170817, 0.0, 0.0], "k_pid_alt": [1.6610839500011636, 0.0, 0.13592015554580272], "k_pid_att": [25.093176064175278, 2.422448147801039, 0.1970879799241136], "k_pid_yaw": [0.5, 1e-06, 0.1], "k_pid_hsp": [0.09386504962901468, 0.0, 0.0], "k_pid_vsp": [137.59882768554394, 59.5206540524145, 1.3195143898996422]}, "datetime": {"datetime": "2025-08-11 22:50:00", "elapsed": 23079.873121023178, "delta": 18.070279121398926}, "costs": {"total_cost": 182.72231090790413, "time_cost": 72.548, "final_distance_cost": 1.8156075888478873, "oscillation_cost": 20.10199451041071, "completition_cost": 0.0, "overshoot_cost": 52.18119112759724, "power_cost": 14.192276708984375, "noise_cost": 21.883240972063927, "n_waypoints_completed": 9, "tot_waypoints": 9}}
{"target": -182.72588393329303, "params": {"k_pid_pos": [0.5360147848865344, 0.0, 0.0], "k_pid_alt": [1.7198426853776863, 0.0, 0.14783184366998298], "k_pid_att": [26.28799575510896, 2.360910623848284, 0.21286320412514287], "k_pid_yaw": [0.5, 1e-06, 0.1], "k_pid_hsp": [0.09231103685334946, 0.0, 0.0], "k_pid_vsp": [129.63836303850798, 58.410101499098445, 1.1649830706289164]}, "datetime": {"datetime": "2025-08-11 22:50:18", "elapsed": 23098.311318397522, "delta": 18.438197374343872}, "costs": {"total_cost": 182.72588393329303, "time_cost": 72.842, "final_distance_cost": 1.8337320598726958, "oscillation_cost": 19.65841468172126, "completition_cost": 0.0, "overshoot_cost": 52.187343256790264, "power_cost": 14.157886364746094, "noise_cost": 22.0465075701627, "n_waypoints_completed": 9, "tot_waypoints": 9}}
{"target": -183.40436604265253, "params": {"k_pid_pos": [0.5942639709825016, 0.0, 0.0], "k_pid_alt": [1.6565310321948916, 0.0, 0.13569235362082863], "k_pid_att": [25.951359713274023, 2.3960920088646285, 0.4544187922585643], "k_pid_yaw": [0.5, 1e-06, 0.1], "k_pid_hsp": [0.12429710668216698, 0.0, 0.0], "k_pid_vsp": [131.21517858852295, 49.605492362374605, 4.622828062326045]}, "datetime": {"datetime": "2025-08-11 22:50:37", "elapsed": 23116.84684062004, "delta": 18.53552222251892}, "costs": {"total_cost": 183.40436604265253, "time_cost": 71.883, "final_distance_cost": 1.8280456792629907, "oscillation_cost": 22.42137953981835, "completition_cost": 0.0, "overshoot_cost": 51.292211457542, "power_cost": 14.253252856445313, "noise_cost": 21.7264765095839, "n_waypoints_completed": 9, "tot_waypoints": 9}}
{"target": -184.19679809184368, "params": {"k_pid_pos": [0.7156512837749569, 0.0, 0.039456531717951486], "k_pid_alt": [1.7096533211218974, 0.0, 0.19897533933261752], "k_pid_att": [26.756552133048388, 2.8300016138102957, 0.2148332194064165], "k_pid_yaw": [0.5, 1e-06, 0.1], "k_pid_hsp": [0.07805714934167057, 0.0, 0.0], "k_pid_vsp": [140.49347531830892, 40.99550350747981, 0.9648194551027278]}, "datetime": {"datetime": "2025-08-11 22:50:55", "elapsed": 23135.0468249321, "delta": 18.199984312057495}, "costs": {"total_cost": 184.19679809184368, "time_cost": 72.583, "final_distance_cost": 1.7998143039794279, "oscillation_cost": 21.282532056510092, "completition_cost": 0.0, "overshoot_cost": 52.5324792985197, "power_cost": 14.158592199707032, "noise_cost": 21.840380233127416, "n_waypoints_completed": 9, "tot_waypoints": 9}}
{"target": -183.0811303797122, "params": {"k_pid_pos": [0.692656674604596, 0.0, 0.0], "k_pid_alt": [1.5905720159504413, 0.0, 0.1346767651985295], "k_pid_att": [22.010322612172814, 2.3203529358348343, 0.2397356093185874], "k_pid_yaw": [0.5, 1e-06, 0.1], "k_pid_hsp": [0.09446374002188108, 0.0, 0.0], "k_pid_vsp": [120.54407265327298, 55.878612874210184, 2.131265364403989]}, "datetime": {"datetime": "2025-08-11 22:51:14", "elapsed": 23153.861121416092, "delta": 18.81429648399353}, "costs": {"total_cost": 183.0811303797122, "time_cost": 71.428, "final_distance_cost": 1.825102844212759, "oscillation_cost": 22.66426934675225, "completition_cost": 0.0, "overshoot_cost": 51.50613237240001, "power_cost": 14.13826162109375, "noise_cost": 21.51936419525342, "n_waypoints_completed": 9, "tot_waypoints": 9}}
{"target": -182.48248092875028, "params": {"k_pid_pos": [0.5473780041761719, 0.0, 0.0], "k_pid_alt": [1.69544591345326, 0.0, 0.11812372230743175], "k_pid_att": [24.417639072643244, 2.2538139105784243, 0.20972772823986113], "k_pid_yaw": [0.5, 1e-06, 0.1], "k_pid_hsp": [0.08921278832588904, 0.0, 0.0], "k_pid_vsp": [145.04968695399575, 55.60444984328475, 2.1197445581135677]}, "datetime": {"datetime": "2025-08-11 22:51:32", "elapsed": 23172.372141361237, "delta": 18.511019945144653}, "costs": {"total_cost": 182.48248092875028, "time_cost": 72.863, "final_distance_cost": 1.8185231386153675, "oscillation_cost": 19.65440652042681, "completition_cost": 0.0, "overshoot_cost": 51.91692859045899, "power_cost": 14.192838891601562, "noise_cost": 22.036783787647586, "n_waypoints_completed": 9, "tot_waypoints": 9}}
{"target": -182.8746041201037, "params": {"k_pid_pos": [0.5862204292194643, 0.0, 0.0], "k_pid_alt": [1.822726282234681, 0.0, 0.33198020086035746], "k_pid_att": [19.776470312428437, 2.2012207175197243, 0.20790827868123574], "k_pid_yaw": [0.5, 1e-06, 0.1], "k_pid_hsp": [0.09555341623447683, 0.0, 0.0], "k_pid_vsp": [132.8000872190501, 53.64365861025232, 1.7239888849865723]}, "datetime": {"datetime": "2025-08-11 22:51:51", "elapsed": 23190.699243307114, "delta": 18.327101945877075}, "costs": {"total_cost": 182.8746041201037, "time_cost": 72.275, "final_distance_cost": 1.8098206035502775, "oscillation_cost": 20.928161916411174, "completition_cost": 0.0, "overshoot_cost": 51.85564502789003, "power_cost": 14.144577795410157, "noise_cost": 21.86139877684205, "n_waypoints_completed": 9, "tot_waypoints": 9}}
{"target": -182.30137594275794, "params": {"k_pid_pos": [0.5309207515509323, 0.0, 0.0], "k_pid_alt": [1.6239291499196777, 0.0, 0.1342294432810695], "k_pid_att": [25.604547987064517, 2.1499378162842535, 0.2096542649795704], "k_pid_yaw": [0.5, 1e-06, 0.1], "k_pid_hsp": [0.09351423890354328, 0.0, 0.0], "k_pid_vsp": [126.73538241022152, 98.73254361274579, 1.5556210224743285]}, "datetime": {"datetime": "2025-08-11 22:52:10", "elapsed": 23209.605654478073, "delta": 18.906411170959473}, "costs": {"total_cost": 182.30137594275794, "time_cost": 72.786, "final_distance_cost": 1.8272065781093856, "oscillation_cost": 19.557277057417327, "completition_cost": 0.0, "overshoot_cost": 52.04053401519062, "power_cost": 14.227221228027345, "noise_cost": 21.863137064013284, "n_waypoints_completed": 9, "tot_waypoints": 9}}
{"target": -184.61690095795578, "params": {"k_pid_pos": [0.5162513411990693, 0.0, 0.0], "k_pid_alt": [1.619552859220682, 0.0, 0.15126870952660854], "k_pid_att": [22.852494403662092, 2.2361239963774686, 0.29814937760265653], "k_pid_yaw": [0.5, 1e-06, 0.1], "k_pid_hsp": [0.12106783364085116, 0.0, 0.0], "k_pid_vsp": [129.359922317011, 54.769996835963696, 1.5769688869465621]}, "datetime": {"datetime": "2025-08-11 22:52:28", "elapsed": 23227.883553028107, "delta": 18.27789855003357}, "costs": {"total_cost": 184.61690095795578, "time_cost": 73.206, "final_distance_cost": 1.8366904051966455, "oscillation_cost": 21.41487196524656, "completition_cost": 0.0, "overshoot_cost": 51.50306249976102, "power_cost": 14.307453662109376, "noise_cost": 22.348822425642176, "n_waypoints_completed": 9, "tot_waypoints": 9}}
{"target": -183.47139532064725, "params": {"k_pid_pos": [0.5666805107773707, 0.0, 0.0], "k_pid_alt": [1.6495816251060706, 0.0, 0.16492307757045058], "k_pid_att": [25.734532119810442, 1.9287646981777824, 0.20667984157658809], "k_pid_yaw": [0.5, 1e-06, 0.1], "k_pid_hsp": [0.09333305077855178, 0.0, 0.0], "k_pid_vsp": [137.88704666120466, 34.41312434477047, 2.6221223648734955]}, "datetime": {"datetime": "2025-08-11 22:52:47", "elapsed": 23247.287967920303, "delta": 19.404414892196655}, "costs": {"total_cost": 183.47139532064725, "time_cost": 72.73, "final_distance_cost": 1.8285849989520497, "oscillation_cost": 20.51775147474954, "completition_cost": 0.0, "overshoot_cost": 52.265677521685745, "power_cost": 14.160314550781251, "noise_cost": 21.96906677447864, "n_waypoints_completed": 9, "tot_waypoints": 9}}
{"target": -186.2608473983706, "params": {"k_pid_pos": [0.4142654037293961, 0.0, 0.0], "k_pid_alt": [1.6474971270381853, 0.0, 0.0982481421807792], "k_pid_att": [17.823901896192563, 1.9792141782911747, 0.22500361404978694], "k_pid_yaw": [0.5, 1e-06, 0.1], "k_pid_hsp": [0.06804000567225234, 0.0, 0.0], "k_pid_vsp": [140.06189525799337, 60.22931606202739, 1.4185381809826005]}, "datetime": {"datetime": "2025-08-11 22:53:06", "elapsed": 23266.178355693817, "delta": 18.890387773513794}, "costs": {"total_cost": 186.2608473983706, "time_cost": 77.308, "final_distance_cost": 1.826039999386243, "oscillation_cost": 15.258772081513612, "completition_cost": 0.0, "overshoot_cost": 53.70913851229856, "power_cost": 14.682160644531251, "noise_cost": 23.47673616064093, "n_waypoints_completed": 9, "tot_waypoints": 9}}
{"target": -187.13014526405297, "params": {"k_pid_pos": [0.41188922524552074, 0.003767559698355727, 0.01604246192313337], "k_pid_alt": [1.6123497708997234, 0.0, 0.20530988199748906], "k_pid_att": [28.216753996103744, 2.423343521064293, 0.23090679613866666], "k_pid_yaw": [0.5, 1e-06, 0.1], "k_pid_hsp": [0.1063124791720103, 0.0, 0.0], "k_pid_vsp": [123.33676260369596, 46.660416908892, 2.30031136780394]}, "datetime": {"datetime": "2025-08-11 22:53:26", "elapsed": 23286.294023513794, "delta": 20.115667819976807}, "costs": {"total_cost": 187.13014526405297, "time_cost": 76.629, "final_distance_cost": 1.8415511024725966, "oscillation_cost": 18.068523056312262, "completition_cost": 0.0, "overshoot_cost": 52.28147497388848, "power_cost": 14.697634057617188, "noise_cost": 23.611962073762438, "n_waypoints_completed": 9, "tot_waypoints": 9}}
