{"target": -181.83196105671334, "params": {"k_pid_pos": [0.525691683886607, 0.0, 0.0], "k_pid_alt": [1.5949414268090454, 0.0, 0.12904338759654094], "k_pid_att": [25.499717150541255, 2.140037474037841, 0.21399099400665977], "k_pid_yaw": [0.5, 1e-06, 0.1], "k_pid_hsp": [0.09119275542474009, 0.0, 0.0], "k_pid_vsp": [125.02655477852214, 124.66413190095123, 1.3031835282739996]}, "datetime": {"datetime": "2025-08-12 04:40:41", "elapsed": 44120.70961904526, "delta": 19.629534482955933}, "costs": {"total_cost": 181.83196105671334, "time_cost": 72.95400000000001, "final_distance_cost": 1.8215350199919653, "oscillation_cost": 19.17640490945863, "completition_cost": 0.0, "overshoot_cost": 51.766872185585214, "power_cost": 14.207011474609375, "noise_cost": 21.90613746706815, "n_waypoints_completed": 9, "tot_waypoints": 9}}
{"target": -182.45594402597453, "params": {"k_pid_pos": [0.5108302038729605, 0.0, 0.0], "k_pid_alt": [1.605466715813629, 0.0, 0.14117307866379622], "k_pid_att": [24.953959294410062, 2.109233578876491, 0.22435433755551218], "k_pid_yaw": [0.5, 1e-06, 0.1], "k_pid_hsp": [0.09169753633623741, 0.0, 0.0], "k_pid_vsp": [130.96262901203053, 124.69615129493998, 1.1365242541368124]}, "datetime": {"datetime": "2025-08-12 04:41:00", "elapsed": 44139.54845547676, "delta": 18.838836431503296}, "costs": {"total_cost": 182.45594402597453, "time_cost": 73.171, "final_distance_cost": 1.8178083722037564, "oscillation_cost": 18.91171247237538, "completition_cost": 0.0, "overshoot_cost": 52.1533114342343, "power_cost": 14.294081103515627, "noise_cost": 22.10803064364546, "n_waypoints_completed": 9, "tot_waypoints": 9}}
{"target": -182.39308149939401, "params": {"k_pid_pos": [0.5641754671540734, 0.0, 0.0], "k_pid_alt": [1.6516171978639924, 0.0, 0.1366762628716486], "k_pid_att": [24.04879758927866, 2.0945205350242135, 0.21363373736477562], "k_pid_yaw": [0.5, 1e-06, 0.1], "k_pid_hsp": [0.0911585623279594, 0.0, 0.0], "k_pid_vsp": [154.32138404904788, 126.06549279369452, 0.8256355616870319]}, "datetime": {"datetime": "2025-08-12 04:41:19", "elapsed": 44159.11727142334, "delta": 19.56881594657898}, "costs": {"total_cost": 182.39308149939401, "time_cost": 72.429, "final_distance_cost": 1.8249132901950103, "oscillation_cost": 20.361504166241883, "completition_cost": 0.0, "overshoot_cost": 51.974997133730774, "power_cost": 14.117610180664062, "noise_cost": 21.685056728562273, "n_waypoints_completed": 9, "tot_waypoints": 9}}
{"target": -182.60483067306063, "params": {"k_pid_pos": [0.5140382258631874, 0.0, 0.0], "k_pid_alt": [1.5974064191055306, 0.0, 0.13627106241015854], "k_pid_att": [24.22254009522233, 2.1331179106195757, 0.2724262632459338], "k_pid_yaw": [0.5, 1e-06, 0.1], "k_pid_hsp": [0.09103590415396938, 0.0, 0.0], "k_pid_vsp": [128.39673357564735, 122.36376261726426, 1e-06]}, "datetime": {"datetime": "2025-08-12 04:41:38", "elapsed": 44177.62252378464, "delta": 18.505252361297607}, "costs": {"total_cost": 182.60483067306063, "time_cost": 73.143, "final_distance_cost": 1.817081331671272, "oscillation_cost": 19.125218050241674, "completition_cost": 0.0, "overshoot_cost": 52.3669343735178, "power_cost": 14.211219140625001, "noise_cost": 21.941377777004917, "n_waypoints_completed": 9, "tot_waypoints": 9}}
{"target": -182.2521540115368, "params": {"k_pid_pos": [0.5639852578465118, 0.0, 0.0], "k_pid_alt": [1.6160917866606874, 0.0, 0.22074183501867156], "k_pid_att": [26.66779934192697, 2.439024029908888, 0.2305382070416551], "k_pid_yaw": [0.5, 1e-06, 0.1], "k_pid_hsp": [0.09044153476575455, 0.0, 0.0], "k_pid_vsp": [128.6522456425537, 123.4101630661619, 1.8077300583691789]}, "datetime": {"datetime": "2025-08-12 04:41:56", "elapsed": 44196.29677319527, "delta": 18.674249410629272}, "costs": {"total_cost": 182.2521540115368, "time_cost": 72.59700000000001, "final_distance_cost": 1.8104531519868425, "oscillation_cost": 19.965759245696592, "completition_cost": 0.0, "overshoot_cost": 51.969988310705105, "power_cost": 14.180239599609376, "noise_cost": 21.728713703538865, "n_waypoints_completed": 9, "tot_waypoints": 9}}
{"target": -181.8988417441733, "params": {"k_pid_pos": [0.5256960315661348, 0.0, 0.0], "k_pid_alt": [1.5961531501398052, 0.0, 0.1461943459722619], "k_pid_att": [25.753221764587018, 2.133449221027318, 0.23050108859602586], "k_pid_yaw": [0.5, 1e-06, 0.1], "k_pid_hsp": [0.09139685911530328, 0.0, 0.0], "k_pid_vsp": [125.60301318315385, 122.86050914814285, 1.1720667081169434]}, "datetime": {"datetime": "2025-08-12 04:42:15", "elapsed": 44214.77708339691, "delta": 18.480310201644897}, "costs": {"total_cost": 181.8988417441733, "time_cost": 72.968, "final_distance_cost": 1.8130338083916488, "oscillation_cost": 19.204376565035645, "completition_cost": 0.0, "overshoot_cost": 51.8170461359627, "power_cost": 14.197736096191408, "noise_cost": 21.898649138591864, "n_waypoints_completed": 9, "tot_waypoints": 9}}
{"target": -182.0437083764176, "params": {"k_pid_pos": [0.5255269583352414, 0.0, 0.0], "k_pid_alt": [1.5493411933598602, 0.0, 0.13265223506614393], "k_pid_att": [25.731504715639392, 2.1483766210344255, 0.21811476338591348], "k_pid_yaw": [0.5, 1e-06, 0.1], "k_pid_hsp": [0.09251934517823245, 0.0, 0.0], "k_pid_vsp": [128.88348708438912, 128.81271168393053, 0.9428465826177758]}, "datetime": {"datetime": "2025-08-12 04:42:33", "elapsed": 44232.93771004677, "delta": 18.160626649856567}, "costs": {"total_cost": 182.0437083764176, "time_cost": 72.961, "final_distance_cost": 1.830539076742754, "oscillation_cost": 19.358917544512252, "completition_cost": 0.0, "overshoot_cost": 51.779108589559655, "power_cost": 14.224576623535157, "noise_cost": 21.88956654206784, "n_waypoints_completed": 9, "tot_waypoints": 9}}
{"target": -181.78877051857887, "params": {"k_pid_pos": [0.5267028457164795, 0.0, 0.0], "k_pid_alt": [1.614301093588072, 0.0, 0.1338319656913687], "k_pid_att": [25.574531034180538, 2.1333131119143793, 0.22808125057318565], "k_pid_yaw": [0.5, 1e-06, 0.1], "k_pid_hsp": [0.0907378807952633, 0.0, 0.0], "k_pid_vsp": [128.6075531850265, 125.76923753040437, 1.0906926456279264]}, "datetime": {"datetime": "2025-08-12 04:42:53", "elapsed": 44253.020591020584, "delta": 20.082880973815918}, "costs": {"total_cost": 181.78877051857887, "time_cost": 72.947, "final_distance_cost": 1.824066349057141, "oscillation_cost": 19.181424660482474, "completition_cost": 0.0, "overshoot_cost": 51.740206265390555, "power_cost": 14.194101916503907, "noise_cost": 21.90197132714475, "n_waypoints_completed": 9, "tot_waypoints": 9}}
{"target": -182.39725501000692, "params": {"k_pid_pos": [0.5229494704973635, 0.0, 0.0], "k_pid_alt": [1.6089764461109366, 0.0, 0.13962667459887076], "k_pid_att": [26.327291058798554, 1.9967688384650626, 0.2269184947129264], "k_pid_yaw": [0.5, 1e-06, 0.1], "k_pid_hsp": [0.09078545500355192, 0.0, 0.0], "k_pid_vsp": [130.33771813229916, 122.09011589471469, 1.2775504007912968]}, "datetime": {"datetime": "2025-08-12 04:43:12", "elapsed": 44271.39109969139, "delta": 18.370508670806885}, "costs": {"total_cost": 182.39725501000692, "time_cost": 73.01, "final_distance_cost": 1.838527150931642, "oscillation_cost": 19.198873724976973, "completition_cost": 0.0, "overshoot_cost": 52.081312843975184, "power_cost": 14.236455053710937, "noise_cost": 22.03208623641217, "n_waypoints_completed": 9, "tot_waypoints": 9}}
{"target": -182.273111244817, "params": {"k_pid_pos": [0.5699231166449026, 0.0, 0.0], "k_pid_alt": [1.6121748329136971, 0.0, 0.1329703464975526], "k_pid_att": [25.480184942089977, 2.2415620551290014, 0.23313015788926977], "k_pid_yaw": [0.5, 1e-06, 0.1], "k_pid_hsp": [0.08813708815979804, 0.0, 0.0], "k_pid_vsp": [128.11399501703795, 124.06382837819868, 1.137598520146712]}, "datetime": {"datetime": "2025-08-12 04:43:32", "elapsed": 44291.76510190964, "delta": 20.37400221824646}, "costs": {"total_cost": 182.273111244817, "time_cost": 72.527, "final_distance_cost": 1.8276687835885506, "oscillation_cost": 19.990629725643156, "completition_cost": 0.0, "overshoot_cost": 51.92388885602858, "power_cost": 14.195908459472657, "noise_cost": 21.808015420084054, "n_waypoints_completed": 9, "tot_waypoints": 9}}
{"target": -182.48755918686246, "params": {"k_pid_pos": [0.5516755011687393, 0.0, 0.0], "k_pid_alt": [1.6202284864082166, 0.0, 0.10643347428748036], "k_pid_att": [25.92484068863991, 2.2868994205847204, 0.22742569306288254], "k_pid_yaw": [0.5, 1e-06, 0.1], "k_pid_hsp": [0.0916707494477826, 0.0, 0.0], "k_pid_vsp": [127.92045076314763, 112.08881480188853, 1.1507779251786783]}, "datetime": {"datetime": "2025-08-12 04:43:50", "elapsed": 44309.99983763695, "delta": 18.23473572731018}, "costs": {"total_cost": 182.48755918686246, "time_cost": 72.541, "final_distance_cost": 1.8248281263738884, "oscillation_cost": 19.815229866215088, "completition_cost": 0.0, "overshoot_cost": 52.2419624453635, "power_cost": 14.234175854492188, "noise_cost": 21.83036289441782, "n_waypoints_completed": 9, "tot_waypoints": 9}}
{"target": -183.05721766256926, "params": {"k_pid_pos": [0.4991306955982709, 0.0, 0.0], "k_pid_alt": [1.6145627088893144, 0.0, 0.12519308243245184], "k_pid_att": [26.474109763578888, 2.1905712778527078, 0.2431991910295386], "k_pid_yaw": [0.5, 1e-06, 0.1], "k_pid_hsp": [0.08112947294910128, 0.0, 0.0], "k_pid_vsp": [130.5316563414867, 106.14164270399377, 1.0174238369992168]}, "datetime": {"datetime": "2025-08-12 04:44:11", "elapsed": 44331.359813690186, "delta": 21.359976053237915}, "costs": {"total_cost": 183.05721766256926, "time_cost": 73.906, "final_distance_cost": 1.82129478900266, "oscillation_cost": 18.071948064487817, "completition_cost": 0.0, "overshoot_cost": 52.68978034681927, "power_cost": 14.260118798828126, "noise_cost": 22.308075663431364, "n_waypoints_completed": 9, "tot_waypoints": 9}}
{"target": -182.44592074363462, "params": {"k_pid_pos": [0.5343978354893264, 0.0, 0.0], "k_pid_alt": [1.6162832406499112, 0.0, 0.008041525920578815], "k_pid_att": [25.687323461349948, 2.167983391692105, 0.23333314015547696], "k_pid_yaw": [0.5, 1e-06, 0.1], "k_pid_hsp": [0.09082092580999193, 0.0, 0.0], "k_pid_vsp": [130.27698441242106, 79.89182314692954, 1.058182905309452]}, "datetime": {"datetime": "2025-08-12 04:44:31", "elapsed": 44351.317224025726, "delta": 19.95741033554077}, "costs": {"total_cost": 182.44592074363462, "time_cost": 72.8, "final_distance_cost": 1.810172807242319, "oscillation_cost": 19.499628481982743, "completition_cost": 0.0, "overshoot_cost": 52.09071815722916, "power_cost": 14.17121844482422, "noise_cost": 22.07418285235619, "n_waypoints_completed": 9, "tot_waypoints": 9}}
{"target": -182.43085870384823, "params": {"k_pid_pos": [0.5227842038566566, 0.0, 0.0], "k_pid_alt": [1.6109627523580055, 0.0, 0.1406244936374958], "k_pid_att": [50.789156133220935, 2.135285556622751, 0.26524384265164297], "k_pid_yaw": [0.5, 1e-06, 0.1], "k_pid_hsp": [0.09125986869891678, 0.0, 0.0], "k_pid_vsp": [128.1202452572284, 120.24303330415849, 1.1845799521030282]}, "datetime": {"datetime": "2025-08-12 04:44:53", "elapsed": 44373.14958071709, "delta": 21.832356691360474}, "costs": {"total_cost": 182.43085870384823, "time_cost": 73.017, "final_distance_cost": 1.8253150425930758, "oscillation_cost": 19.17799936458715, "completition_cost": 0.0, "overshoot_cost": 52.08636140502624, "power_cost": 14.260705529785158, "noise_cost": 22.063477361856613, "n_waypoints_completed": 9, "tot_waypoints": 9}}
{"target": -182.51899100541937, "params": {"k_pid_pos": [0.5254589550194662, 0.0, 0.0], "k_pid_alt": [1.6142970515908992, 0.0, 0.1408351580730332], "k_pid_att": [25.820543119470187, 1.9885390184631533, 0.2258988041743736], "k_pid_yaw": [0.5, 1e-06, 0.1], "k_pid_hsp": [0.0893099094408769, 0.0, 0.0], "k_pid_vsp": [133.08721811766503, 151.6824307605896, 1.0688208133641348]}, "datetime": {"datetime": "2025-08-12 04:45:13", "elapsed": 44392.600017786026, "delta": 19.45043706893921}, "costs": {"total_cost": 182.51899100541937, "time_cost": 73.038, "final_distance_cost": 1.8159132910434967, "oscillation_cost": 19.20781364234962, "completition_cost": 0.0, "overshoot_cost": 52.17523917792538, "power_cost": 14.29498592529297, "noise_cost": 21.987038968807905, "n_waypoints_completed": 9, "tot_waypoints": 9}}
{"target": -182.32869108867916, "params": {"k_pid_pos": [0.5279385505916243, 0.0, 0.0], "k_pid_alt": [1.613979846129008, 0.0, 0.13552338359922456], "k_pid_att": [26.5778913995325, 2.134905627454539, 0.22055134769679705], "k_pid_yaw": [0.5, 1e-06, 0.1], "k_pid_hsp": [0.0904520498220634, 0.0, 0.0], "k_pid_vsp": [127.78228571099281, 127.46666268128428, 1.106435958572852]}, "datetime": {"datetime": "2025-08-12 04:45:33", "elapsed": 44412.5379216671, "delta": 19.937903881072998}, "costs": {"total_cost": 182.32869108867916, "time_cost": 72.94, "final_distance_cost": 1.8215719631191007, "oscillation_cost": 19.24736938746922, "completition_cost": 0.0, "overshoot_cost": 52.13552753267294, "power_cost": 14.276976428222657, "noise_cost": 21.90724577719524, "n_waypoints_completed": 9, "tot_waypoints": 9}}
{"target": -182.45644234912206, "params": {"k_pid_pos": [0.5253789864457016, 0.0, 0.0], "k_pid_alt": [1.6116410538125197, 0.0, 0.1436864874772705], "k_pid_att": [26.87907009593457, 2.394193951047681, 0.2276797175563487], "k_pid_yaw": [0.5, 1e-06, 0.1], "k_pid_hsp": [0.09326129917467993, 0.0, 0.0], "k_pid_vsp": [127.7111367339926, 125.57653091464016, 1.1482709685516235]}, "datetime": {"datetime": "2025-08-12 04:45:50", "elapsed": 44430.13930082321, "delta": 17.60137915611267}, "costs": {"total_cost": 182.45644234912206, "time_cost": 72.891, "final_distance_cost": 1.836226695606984, "oscillation_cost": 19.761046072636237, "completition_cost": 0.0, "overshoot_cost": 51.86987514051283, "power_cost": 14.174522619628908, "noise_cost": 21.923771820737098, "n_waypoints_completed": 9, "tot_waypoints": 9}}
{"target": -182.72506751274196, "params": {"k_pid_pos": [0.5311212249983177, 0.0, 0.0], "k_pid_alt": [1.6144743791218492, 0.0, 0.12777905634556033], "k_pid_att": [26.682262945812848, 2.0340057819491446, 0.2365916147160004], "k_pid_yaw": [0.5, 1e-06, 0.1], "k_pid_hsp": [0.0906345360609886, 0.0, 0.0], "k_pid_vsp": [130.5838319488695, 120.19463394345433, 1.4108728786829583]}, "datetime": {"datetime": "2025-08-12 04:46:10", "elapsed": 44449.74287319183, "delta": 19.603572368621826}, "costs": {"total_cost": 182.72506751274196, "time_cost": 72.884, "final_distance_cost": 1.8191402163312183, "oscillation_cost": 19.58177090257549, "completition_cost": 0.0, "overshoot_cost": 52.28248453513621, "power_cost": 14.218372155761719, "noise_cost": 21.93929970293732, "n_waypoints_completed": 9, "tot_waypoints": 9}}
{"target": -182.39162744978728, "params": {"k_pid_pos": [0.5275465012983884, 0.0, 0.0], "k_pid_alt": [1.6017772015701839, 0.0, 0.14607135568960913], "k_pid_att": [27.26898277984586, 2.1576581720995676, 0.22470150076730008], "k_pid_yaw": [0.5, 1e-06, 0.1], "k_pid_hsp": [0.09280889939248421, 0.0, 0.0], "k_pid_vsp": [133.88955655612867, 118.608801500974, 1.1919890641113822]}, "datetime": {"datetime": "2025-08-12 04:46:29", "elapsed": 44468.65312767029, "delta": 18.91025447845459}, "costs": {"total_cost": 182.39162744978728, "time_cost": 72.898, "final_distance_cost": 1.81365270720656, "oscillation_cost": 19.72955614707896, "completition_cost": 0.0, "overshoot_cost": 51.86900510554466, "power_cost": 14.15670789794922, "noise_cost": 21.924705592007893, "n_waypoints_completed": 9, "tot_waypoints": 9}}
{"target": -182.12835620216555, "params": {"k_pid_pos": [0.524893946922929, 0.0, 0.0], "k_pid_alt": [1.6135916490076998, 0.0, 0.0], "k_pid_att": [25.299013841629034, 2.0551247683478007, 0.19378663068025231], "k_pid_yaw": [0.5, 1e-06, 0.1], "k_pid_hsp": [0.08980626151008703, 0.0, 0.0], "k_pid_vsp": [128.21544362411598, 137.15873025191576, 4.133858251288119]}, "datetime": {"datetime": "2025-08-12 04:46:48", "elapsed": 44488.284480810165, "delta": 19.63135313987732}, "costs": {"total_cost": 182.12835620216555, "time_cost": 72.884, "final_distance_cost": 1.8299397299903815, "oscillation_cost": 19.04530695509525, "completition_cost": 0.0, "overshoot_cost": 52.19197490601703, "power_cost": 14.183542736816406, "noise_cost": 21.99359187424647, "n_waypoints_completed": 9, "tot_waypoints": 9}}
{"target": -182.48172590388103, "params": {"k_pid_pos": [0.6497777219597312, 0.0, 0.0], "k_pid_alt": [1.597580688421088, 0.0, 0.18827619279230218], "k_pid_att": [25.656504187116226, 2.3670054385722565, 0.26653201199494186], "k_pid_yaw": [0.5, 1e-06, 0.1], "k_pid_hsp": [0.10234455638630668, 0.0006083688793903051, 0.0], "k_pid_vsp": [124.56033870984515, 127.484490070119, 1.0514302848049621]}, "datetime": {"datetime": "2025-08-12 04:47:06", "elapsed": 44506.04017186165, "delta": 17.755691051483154}, "costs": {"total_cost": 182.48172590388103, "time_cost": 71.281, "final_distance_cost": 1.824507714568243, "oscillation_cost": 22.841666967787692, "completition_cost": 0.0, "overshoot_cost": 51.106465658728105, "power_cost": 14.121817736816407, "noise_cost": 21.306267825980573, "n_waypoints_completed": 9, "tot_waypoints": 9}}
{"target": -182.47855224497516, "params": {"k_pid_pos": [0.5323962511543135, 0.0, 0.0], "k_pid_alt": [1.6091843612778802, 0.0, 0.1426980115300235], "k_pid_att": [30.31658379116857, 2.185643728215825, 0.2330963624699065], "k_pid_yaw": [0.5, 1e-06, 0.1], "k_pid_hsp": [0.08864126634648128, 0.0, 0.0], "k_pid_vsp": [128.09680802225992, 111.89363210646917, 1.0997889539276477]}, "datetime": {"datetime": "2025-08-12 04:47:26", "elapsed": 44525.86235642433, "delta": 19.822184562683105}, "costs": {"total_cost": 182.47855224497516, "time_cost": 72.982, "final_distance_cost": 1.8205223601879212, "oscillation_cost": 19.191593751127993, "completition_cost": 0.0, "overshoot_cost": 52.17441524396152, "power_cost": 14.255951086425782, "noise_cost": 22.054069803271933, "n_waypoints_completed": 9, "tot_waypoints": 9}}
{"target": -182.23469047707553, "params": {"k_pid_pos": [0.5213590784284278, 0.0, 0.0], "k_pid_alt": [1.6149556756997208, 0.0, 0.131282371140124], "k_pid_att": [25.656134304193284, 2.1171249536309413, 0.23338492292541602], "k_pid_yaw": [0.5, 1e-06, 0.1], "k_pid_hsp": [0.09094935516102055, 0.0, 0.0], "k_pid_vsp": [128.44448092503032, 123.82225702035117, 1.1366432977244636]}, "datetime": {"datetime": "2025-08-12 04:47:44", "elapsed": 44544.37188768387, "delta": 18.509531259536743}, "costs": {"total_cost": 182.23469047707553, "time_cost": 73.017, "final_distance_cost": 1.8235072515261617, "oscillation_cost": 19.20937126566149, "completition_cost": 0.0, "overshoot_cost": 51.945182964528975, "power_cost": 14.18791435546875, "noise_cost": 22.051714639890154, "n_waypoints_completed": 9, "tot_waypoints": 9}}
{"target": -182.42106085423066, "params": {"k_pid_pos": [0.5234913693912001, 0.0, 0.0], "k_pid_alt": [1.6057215995053993, 0.0, 0.13417129624063648], "k_pid_att": [25.097422187702485, 2.0807863480940787, 0.22230922586526342], "k_pid_yaw": [0.5, 1e-06, 0.1], "k_pid_hsp": [0.09296858664355197, 0.0, 0.0], "k_pid_vsp": [132.1258032947391, 145.63366289191123, 0.9947655133104236]}, "datetime": {"datetime": "2025-08-12 04:48:05", "elapsed": 44564.59538888931, "delta": 20.223501205444336}, "costs": {"total_cost": 182.42106085423066, "time_cost": 72.926, "final_distance_cost": 1.817719668885427, "oscillation_cost": 19.67012176403714, "completition_cost": 0.0, "overshoot_cost": 51.91700531192892, "power_cost": 14.181070910644532, "noise_cost": 21.909143198734636, "n_waypoints_completed": 9, "tot_waypoints": 9}}
{"target": -181.75153213802932, "params": {"k_pid_pos": [0.526524786140883, 0.0, 0.0], "k_pid_alt": [1.613823104591231, 0.0, 0.1365354279318372], "k_pid_att": [25.716201671387253, 2.130522003632973, 0.2294964695100266], "k_pid_yaw": [0.5, 1e-06, 0.1], "k_pid_hsp": [0.0908287594543643, 0.0, 0.0], "k_pid_vsp": [129.11623035378452, 124.79223120487438, 1.0541308754709475]}, "datetime": {"datetime": "2025-08-12 04:48:23", "elapsed": 44582.75026535988, "delta": 18.154876470565796}, "costs": {"total_cost": 181.75153213802932, "time_cost": 72.947, "final_distance_cost": 1.8324890658229465, "oscillation_cost": 19.13417581833994, "completition_cost": 0.0, "overshoot_cost": 51.74026083072112, "power_cost": 14.195967199707033, "noise_cost": 21.901639223438284, "n_waypoints_completed": 9, "tot_waypoints": 9}}
{"target": -182.2300807033738, "params": {"k_pid_pos": [0.5263225987738508, 0.0, 0.0], "k_pid_alt": [1.6109167896011976, 0.0, 0.02331959474813433], "k_pid_att": [25.61541598856747, 2.1060160787250584, 0.22954452302601994], "k_pid_yaw": [0.5, 1e-06, 0.1], "k_pid_hsp": [0.09058844448631144, 0.0, 0.0], "k_pid_vsp": [128.73362040260875, 126.06968091669935, 1.4576683187716204]}, "datetime": {"datetime": "2025-08-12 04:48:43", "elapsed": 44602.93626880646, "delta": 20.18600344657898}, "costs": {"total_cost": 182.2300807033738, "time_cost": 72.849, "final_distance_cost": 1.81380058886702, "oscillation_cost": 19.40121255602055, "completition_cost": 0.0, "overshoot_cost": 52.00143673779845, "power_cost": 14.169471069335938, "noise_cost": 21.995159751351835, "n_waypoints_completed": 9, "tot_waypoints": 9}}
{"target": -182.13782645762757, "params": {"k_pid_pos": [0.5254054314057016, 0.0, 0.0], "k_pid_alt": [1.6293314947382682, 0.0, 0.13589640372170228], "k_pid_att": [25.528894576375013, 2.0829929650308765, 0.30237856334380026], "k_pid_yaw": [0.5, 1e-06, 0.1], "k_pid_hsp": [0.09137232787030868, 0.0, 0.0], "k_pid_vsp": [128.16257915710284, 101.0531682169557, 1.598756335610336]}, "datetime": {"datetime": "2025-08-12 04:49:01", "elapsed": 44621.36672306061, "delta": 18.43045425415039}, "costs": {"total_cost": 182.13782645762757, "time_cost": 72.961, "final_distance_cost": 1.8319046397287533, "oscillation_cost": 19.224749039006536, "completition_cost": 0.0, "overshoot_cost": 51.99110950948401, "power_cost": 14.2015498046875, "noise_cost": 21.927513464720782, "n_waypoints_completed": 9, "tot_waypoints": 9}}
