{"target": -184.32736288012083, "params": {"k_pid_pos": [0.460346205729816, 0.0, 0.0], "k_pid_alt": [1.719590448518692, 0.0, 0.13622056510747402], "k_pid_att": [25.051352838553214, 2.2108590954805027, 0.2003490822040147], "k_pid_yaw": [0.5, 1e-06, 0.1], "k_pid_hsp": [0.09895511315564735, 0.0, 0.0], "k_pid_vsp": [148.66624856022597, 53.85800556641399, 1.9086818484761638]}, "datetime": {"datetime": "2025-08-11 22:10:36", "elapsed": 20716.2944586277, "delta": 22.43398642539978}, "costs": {"total_cost": 184.32736288012083, "time_cost": 74.291, "final_distance_cost": 1.8342439036762972, "oscillation_cost": 18.692647268006652, "completition_cost": 0.0, "overshoot_cost": 52.48783829005271, "power_cost": 14.362196362304688, "noise_cost": 22.659437056080453, "n_waypoints_completed": 9, "tot_waypoints": 9}}
{"target": -186.57780829861323, "params": {"k_pid_pos": [0.6392448830136761, 0.0, 0.0], "k_pid_alt": [0.7859760107025193, 0.0, 0.16852065890062906], "k_pid_att": [33.97343028297998, 1.921802069653492, 0.18236950714291858], "k_pid_yaw": [0.5, 1e-06, 0.1], "k_pid_hsp": [0.10878252284639015, 0.0, 0.0], "k_pid_vsp": [147.26764474781285, 82.61749759865607, 2.11805651626693]}, "datetime": {"datetime": "2025-08-11 22:10:56", "elapsed": 20736.14973950386, "delta": 19.855280876159668}, "costs": {"total_cost": 186.57780829861323, "time_cost": 74.361, "final_distance_cost": 1.8265390850101564, "oscillation_cost": 22.54244765968506, "completition_cost": 0.0, "overshoot_cost": 51.654089963948024, "power_cost": 14.501867553710937, "noise_cost": 21.69186403625903, "n_waypoints_completed": 9, "tot_waypoints": 9}}
{"target": -183.10716833554764, "params": {"k_pid_pos": [0.5110161281563657, 0.0, 0.0], "k_pid_alt": [1.4941063188560877, 0.0, 0.09355733461845847], "k_pid_att": [16.953922614490843, 2.371546298263554, 0.2563146018975388], "k_pid_yaw": [0.5, 1e-06, 0.1], "k_pid_hsp": [0.09722615764138147, 0.0, 0.0], "k_pid_vsp": [138.83585338727192, 57.82930629131989, 1.0327094859886934]}, "datetime": {"datetime": "2025-08-11 22:11:17", "elapsed": 20756.584379911423, "delta": 20.434640407562256}, "costs": {"total_cost": 183.10716833554764, "time_cost": 73.22, "final_distance_cost": 1.8384992784343794, "oscillation_cost": 19.4330318065451, "completition_cost": 0.0, "overshoot_cost": 52.163797998281396, "power_cost": 14.26520526123047, "noise_cost": 22.186633991056286, "n_waypoints_completed": 9, "tot_waypoints": 9}}
{"target": -184.0486263977259, "params": {"k_pid_pos": [0.44353138339729187, 0.0, 0.0], "k_pid_alt": [1.6493410255138887, 0.0, 0.14649883733454244], "k_pid_att": [27.881894666928886, 2.605418369087225, 0.20330015099877619], "k_pid_yaw": [0.5, 1e-06, 0.1], "k_pid_hsp": [0.09807555623081224, 0.0, 0.0], "k_pid_vsp": [143.16666083344177, 47.19149462927482, 2.7800829767145823]}, "datetime": {"datetime": "2025-08-11 22:11:39", "elapsed": 20778.393862724304, "delta": 21.80948281288147}, "costs": {"total_cost": 184.0486263977259, "time_cost": 74.879, "final_distance_cost": 1.8371553506193736, "oscillation_cost": 17.969028001029727, "completition_cost": 0.0, "overshoot_cost": 52.07803858122492, "power_cost": 14.405533752441407, "noise_cost": 22.879870712410494, "n_waypoints_completed": 9, "tot_waypoints": 9}}
{"target": -183.40046122570527, "params": {"k_pid_pos": [0.46388157573941785, 0.0, 0.0], "k_pid_alt": [1.5766753313271873, 0.0, 0.22768645475955973], "k_pid_att": [24.881265080974973, 2.3639562757516135, 0.19627187299540963], "k_pid_yaw": [0.5, 1e-06, 0.1], "k_pid_hsp": [0.0922230361115163, 0.0, 0.0], "k_pid_vsp": [142.42206653577313, 53.85811329909874, 2.2259835893887114]}, "datetime": {"datetime": "2025-08-11 22:12:00", "elapsed": 20800.36737346649, "delta": 21.9735107421875}, "costs": {"total_cost": 183.40046122570527, "time_cost": 74.431, "final_distance_cost": 1.8246912037363316, "oscillation_cost": 18.057290972573153, "completition_cost": 0.0, "overshoot_cost": 52.123427197929985, "power_cost": 14.288346020507813, "noise_cost": 22.675705830957977, "n_waypoints_completed": 9, "tot_waypoints": 9}}
{"target": -185.44887581879166, "params": {"k_pid_pos": [0.645587812544477, 0.0, 0.0], "k_pid_alt": [1.5748992613629782, 0.0, 0.0], "k_pid_att": [32.91995524066741, 2.3163380956286184, 0.5337724707484599], "k_pid_yaw": [0.5, 1e-06, 0.1], "k_pid_hsp": [0.18653439160048374, 0.0, 0.0], "k_pid_vsp": [143.1330712385639, 46.620104745685225, 4.616046253178385]}, "datetime": {"datetime": "2025-08-11 22:12:19", "elapsed": 20818.519532203674, "delta": 18.152158737182617}, "costs": {"total_cost": 185.44887581879166, "time_cost": 71.848, "final_distance_cost": 1.835761785871985, "oscillation_cost": 24.54018845531727, "completition_cost": 0.0, "overshoot_cost": 50.98728187119433, "power_cost": 14.316195812988282, "noise_cost": 21.92144789341981, "n_waypoints_completed": 9, "tot_waypoints": 9}}
{"target": -187.9242632227997, "params": {"k_pid_pos": [0.598633238774947, 0.0, 0.0], "k_pid_alt": [1.749106939622346, 0.0, 0.1475881426688044], "k_pid_att": [29.324641041183256, 3.4017697089627266, 0.18783740367989876], "k_pid_yaw": [0.5, 1e-06, 0.1], "k_pid_hsp": [0.06484656872461428, 0.0, 0.0], "k_pid_vsp": [146.71229544054106, 49.93866482784432, 3.6416991331682294]}, "datetime": {"datetime": "2025-08-11 22:12:39", "elapsed": 20838.394853830338, "delta": 19.875321626663208}, "costs": {"total_cost": 187.9242632227997, "time_cost": 76.419, "final_distance_cost": 1.8078879902492482, "oscillation_cost": 18.20966797936485, "completition_cost": 0.0, "overshoot_cost": 53.66391368904335, "power_cost": 14.663849731445314, "noise_cost": 23.159943832696978, "n_waypoints_completed": 9, "tot_waypoints": 9}}
{"target": -183.39981711765105, "params": {"k_pid_pos": [0.5571911779874218, 0.0, 0.0], "k_pid_alt": [1.4729681904450262, 0.0, 0.05807070221246365], "k_pid_att": [24.77309046812096, 2.4061429268444914, 0.19963558594959832], "k_pid_yaw": [0.5, 1e-06, 0.1], "k_pid_hsp": [0.11244431434643003, 0.0, 0.0], "k_pid_vsp": [152.56118629031303, 52.01392919914249, 1.4915370803012564]}, "datetime": {"datetime": "2025-08-11 22:12:57", "elapsed": 20856.887899637222, "delta": 18.493045806884766}, "costs": {"total_cost": 183.39981711765105, "time_cost": 72.422, "final_distance_cost": 1.8267508247917597, "oscillation_cost": 21.215406640953393, "completition_cost": 0.0, "overshoot_cost": 51.89891088851, "power_cost": 14.19449901123047, "noise_cost": 21.84224975216544, "n_waypoints_completed": 9, "tot_waypoints": 9}}
{"target": -183.16178584088328, "params": {"k_pid_pos": [0.5347872556010768, 0.0, 0.0], "k_pid_alt": [1.8417274531221102, 0.0, 0.11487410343212678], "k_pid_att": [26.840563538164762, 2.4334429620412625, 0.20291327431518721], "k_pid_yaw": [0.5, 1e-06, 0.1], "k_pid_hsp": [0.09970258024296913, 0.0, 0.0], "k_pid_vsp": [119.64704489446976, 53.94266966441324, 1.6537784947761502]}, "datetime": {"datetime": "2025-08-11 22:13:15", "elapsed": 20875.17534160614, "delta": 18.287441968917847}, "costs": {"total_cost": 183.16178584088328, "time_cost": 72.667, "final_distance_cost": 1.8241130361130862, "oscillation_cost": 20.218248572221178, "completition_cost": 0.0, "overshoot_cost": 52.187565048715676, "power_cost": 14.205781420898438, "noise_cost": 22.059077762934916, "n_waypoints_completed": 9, "tot_waypoints": 9}}
{"target": -183.38242433697633, "params": {"k_pid_pos": [0.5132013252757884, 0.0, 0.0], "k_pid_alt": [1.8560539435765795, 0.0, 0.20287822044714854], "k_pid_att": [19.85534217570912, 2.325837494773801, 0.19636885473933754], "k_pid_yaw": [0.5, 1e-06, 0.1], "k_pid_hsp": [0.10835916951795074, 0.0, 0.0], "k_pid_vsp": [141.05695356525973, 50.29090993182067, 2.968982256526215]}, "datetime": {"datetime": "2025-08-11 22:13:34", "elapsed": 20893.583723306656, "delta": 18.408381700515747}, "costs": {"total_cost": 183.38242433697633, "time_cost": 73.101, "final_distance_cost": 1.8373286676410476, "oscillation_cost": 20.311519150327275, "completition_cost": 0.0, "overshoot_cost": 51.696317522007305, "power_cost": 14.212002136230469, "noise_cost": 22.224256860770268, "n_waypoints_completed": 9, "tot_waypoints": 9}}
{"target": -185.37710459956122, "params": {"k_pid_pos": [0.3894938795894387, 0.0006921684627428587, 0.007126930809626498], "k_pid_alt": [1.6175501395325624, 0.0, 0.043249385125458645], "k_pid_att": [18.946438497073487, 1.525380732569331, 0.18780681516672704], "k_pid_yaw": [0.5, 1e-06, 0.1], "k_pid_hsp": [0.08507132224599671, 0.0, 0.0], "k_pid_vsp": [137.0904874432065, 89.12980728849006, 2.9686038070042065]}, "datetime": {"datetime": "2025-08-11 22:13:53", "elapsed": 20912.662714004517, "delta": 19.078990697860718}, "costs": {"total_cost": 185.37710459956122, "time_cost": 76.608, "final_distance_cost": 1.8382212151904715, "oscillation_cost": 15.873670775309087, "completition_cost": 0.0, "overshoot_cost": 52.81646816668882, "power_cost": 14.701572961425782, "noise_cost": 23.539171480947047, "n_waypoints_completed": 9, "tot_waypoints": 9}}
{"target": -183.48349131467702, "params": {"k_pid_pos": [0.7275445017469333, 0.0, 0.0], "k_pid_alt": [1.4840695917032052, 0.0, 0.0], "k_pid_att": [28.48357259903775, 2.3586825869711365, 0.12360685903504387], "k_pid_yaw": [0.5, 1e-06, 0.1], "k_pid_hsp": [0.11497748085663755, 0.0, 0.0], "k_pid_vsp": [165.86465508837276, 54.27579127754497, 0.8508120564525796]}, "datetime": {"datetime": "2025-08-11 22:14:11", "elapsed": 20930.39007472992, "delta": 17.727360725402832}, "costs": {"total_cost": 183.48349131467702, "time_cost": 70.784, "final_distance_cost": 1.8223644786768651, "oscillation_cost": 24.290706439001973, "completition_cost": 0.0, "overshoot_cost": 51.23068776240868, "power_cost": 14.087268383789063, "noise_cost": 21.26846425080047, "n_waypoints_completed": 9, "tot_waypoints": 9}}
{"target": -187.27145050503879, "params": {"k_pid_pos": [0.5283655539298676, 0.0, 0.0], "k_pid_alt": [1.667949560818554, 0.0, 0.13324072674108245], "k_pid_att": [31.415193399635733, 2.601158664900943, 0.19884112853817856], "k_pid_yaw": [0.5, 1e-06, 0.1], "k_pid_hsp": [0.062297845760211475, 0.0, 0.0], "k_pid_vsp": [143.95507418706464, 46.04865037887725, 2.4503314113546164]}, "datetime": {"datetime": "2025-08-11 22:14:30", "elapsed": 20949.992170333862, "delta": 19.60209560394287}, "costs": {"total_cost": 187.27145050503879, "time_cost": 76.818, "final_distance_cost": 1.8095970935564916, "oscillation_cost": 16.61799831162939, "completition_cost": 0.0, "overshoot_cost": 54.16963110583736, "power_cost": 14.599624133300782, "noise_cost": 23.256599860714758, "n_waypoints_completed": 9, "tot_waypoints": 9}}
{"target": -192.99173337823612, "params": {"k_pid_pos": [0.5522902281195723, 0.0, 0.0035358239665360114], "k_pid_alt": [1.717217583834272, 0.0, 0.13675515287962647], "k_pid_att": [35.445704893707955, 2.6405035921036633, 0.17628497274413987], "k_pid_yaw": [0.5, 1e-06, 0.1], "k_pid_hsp": [0.2676722517058959, 0.0, 0.0], "k_pid_vsp": [149.98375255469577, 56.43000920311848, 1.970893505785134]}, "datetime": {"datetime": "2025-08-11 22:14:49", "elapsed": 20968.754180192947, "delta": 18.762009859085083}, "costs": {"total_cost": 192.99173337823612, "time_cost": 76.041, "final_distance_cost": 1.8568179063161696, "oscillation_cost": 25.192420360320295, "completition_cost": 0.0, "overshoot_cost": 51.13852213842155, "power_cost": 15.114910034179688, "noise_cost": 23.64806293899841, "n_waypoints_completed": 9, "tot_waypoints": 9}}
{"target": -184.2540608496936, "params": {"k_pid_pos": [0.458374689221539, 0.0019800347078471163, 0.019141240629817542], "k_pid_alt": [1.6327734031555843, 0.0, 0.26244409111560246], "k_pid_att": [39.65594253217602, 2.568589129417036, 0.20384351172043347], "k_pid_yaw": [0.5, 1e-06, 0.1], "k_pid_hsp": [0.09020748289426665, 0.0, 0.0], "k_pid_vsp": [127.69428962761607, 39.8615337588022, 0.14405940412842022]}, "datetime": {"datetime": "2025-08-11 22:15:08", "elapsed": 20987.549272060394, "delta": 18.7950918674469}, "costs": {"total_cost": 184.2540608496936, "time_cost": 74.914, "final_distance_cost": 1.8423554614619202, "oscillation_cost": 17.723203797408548, "completition_cost": 0.0, "overshoot_cost": 52.48427180723275, "power_cost": 14.400827453613282, "noise_cost": 22.8894023299771, "n_waypoints_completed": 9, "tot_waypoints": 9}}
{"target": -183.18195930481798, "params": {"k_pid_pos": [0.6418022122796945, 0.0, 0.0], "k_pid_alt": [1.5041271473534972, 0.0, 0.15098049558007576], "k_pid_att": [35.41283496315896, 2.411914916779498, 0.20142013896364755], "k_pid_yaw": [0.5, 1e-06, 0.1], "k_pid_hsp": [0.11641238122671517, 0.0, 0.0], "k_pid_vsp": [119.29645148605067, 49.31737451012346, 1.6082126705601532]}, "datetime": {"datetime": "2025-08-11 22:15:26", "elapsed": 21005.65618610382, "delta": 18.106914043426514}, "costs": {"total_cost": 183.18195930481798, "time_cost": 71.449, "final_distance_cost": 1.834405538688404, "oscillation_cost": 22.792944138071515, "completition_cost": 0.0, "overshoot_cost": 51.477639984040316, "power_cost": 14.102390698242187, "noise_cost": 21.525578945775578, "n_waypoints_completed": 9, "tot_waypoints": 9}}
{"target": -184.45466779885484, "params": {"k_pid_pos": [0.5353564053483393, 0.0, 0.0], "k_pid_alt": [1.6162648748071797, 0.0, 0.10981693069234617], "k_pid_att": [24.99022870682582, 3.290134995311877, 0.19313464744967565], "k_pid_yaw": [0.5, 1e-06, 0.1], "k_pid_hsp": [0.12849286743644525, 0.0, 0.0], "k_pid_vsp": [142.99635670395196, 54.07701170485096, 0.11397826879555684]}, "datetime": {"datetime": "2025-08-11 22:15:44", "elapsed": 21024.05819773674, "delta": 18.40201163291931}, "costs": {"total_cost": 184.45466779885484, "time_cost": 72.912, "final_distance_cost": 1.8444990871061495, "oscillation_cost": 21.878940631674972, "completition_cost": 0.0, "overshoot_cost": 51.261883152948485, "power_cost": 14.365752197265625, "noise_cost": 22.19159272985959, "n_waypoints_completed": 9, "tot_waypoints": 9}}
{"target": -184.07729514653954, "params": {"k_pid_pos": [0.5322136097365064, 0.0, 0.0], "k_pid_alt": [1.6638649493063133, 0.0, 0.16965173999201527], "k_pid_att": [27.717322292220704, 2.3986498334418926, 0.23774469884709454], "k_pid_yaw": [0.5, 1e-06, 0.1], "k_pid_hsp": [0.11285630288483714, 0.0, 0.0], "k_pid_vsp": [139.20957693995862, 56.657610434296856, 2.135659575927647]}, "datetime": {"datetime": "2025-08-11 22:16:02", "elapsed": 21041.926342487335, "delta": 17.868144750595093}, "costs": {"total_cost": 184.07729514653954, "time_cost": 72.786, "final_distance_cost": 1.8267838481515457, "oscillation_cost": 21.0702975117437, "completition_cost": 0.0, "overshoot_cost": 52.154282183300985, "power_cost": 14.2506341796875, "noise_cost": 21.989297423655817, "n_waypoints_completed": 9, "tot_waypoints": 9}}
{"target": -183.0950862958558, "params": {"k_pid_pos": [0.7136814365913805, 0.004123194303226005, 0.0], "k_pid_alt": [1.7174563650159766, 0.0, 0.1640964991125689], "k_pid_att": [25.215275043874673, 3.7788809674974475, 0.24692338099885444], "k_pid_yaw": [0.5, 1e-06, 0.1], "k_pid_hsp": [0.09939922413560032, 0.0, 0.0], "k_pid_vsp": [79.24003021913745, 56.28261029685199, 2.000312033721327]}, "datetime": {"datetime": "2025-08-11 22:16:20", "elapsed": 21060.352074861526, "delta": 18.425732374191284}, "costs": {"total_cost": 183.0950862958558, "time_cost": 71.071, "final_distance_cost": 1.826945300278747, "oscillation_cost": 23.12727301796177, "completition_cost": 0.0, "overshoot_cost": 51.58131770709016, "power_cost": 14.123862561035157, "noise_cost": 21.364687709489946, "n_waypoints_completed": 9, "tot_waypoints": 9}}
{"target": -183.68830385883018, "params": {"k_pid_pos": [0.7860379596003639, 0.0, 0.0], "k_pid_alt": [1.6691678679477062, 0.0, 0.08545017256417675], "k_pid_att": [26.815422858848052, 2.5929768998863523, 0.19398628376633012], "k_pid_yaw": [0.5, 1e-06, 0.1], "k_pid_hsp": [0.0939523522671293, 0.0, 0.0], "k_pid_vsp": [142.03075222500695, 53.94006870444552, 1.717012053716953]}, "datetime": {"datetime": "2025-08-11 22:16:38", "elapsed": 21078.37348675728, "delta": 18.021411895751953}, "costs": {"total_cost": 183.68830385883018, "time_cost": 71.015, "final_distance_cost": 1.822496147779623, "oscillation_cost": 23.682348852399556, "completition_cost": 0.0, "overshoot_cost": 51.77671528099535, "power_cost": 14.158265258789063, "noise_cost": 21.233478318866577, "n_waypoints_completed": 9, "tot_waypoints": 9}}
{"target": -183.27188330440822, "params": {"k_pid_pos": [0.5376157330965916, 0.0, 0.0], "k_pid_alt": [1.6039529169903306, 0.0, 0.1591814438285542], "k_pid_att": [26.561503623786972, 2.339098287127917, 0.20839783031012693], "k_pid_yaw": [0.5, 1e-06, 0.1], "k_pid_hsp": [0.10554181598734082, 0.0, 0.0], "k_pid_vsp": [142.55933261204422, 54.08888764478039, 2.508446309470326]}, "datetime": {"datetime": "2025-08-11 22:16:57", "elapsed": 21096.851942062378, "delta": 18.478455305099487}, "costs": {"total_cost": 183.27188330440822, "time_cost": 72.73, "final_distance_cost": 1.8363690063808908, "oscillation_cost": 20.99403041055344, "completition_cost": 0.0, "overshoot_cost": 51.48595187946715, "power_cost": 14.204472802734376, "noise_cost": 22.02105920527234, "n_waypoints_completed": 9, "tot_waypoints": 9}}
{"target": -186.783673358697, "params": {"k_pid_pos": [0.5441486767741619, 0.0, 0.0], "k_pid_alt": [1.6146396704843013, 0.0, 0.06704877892978234], "k_pid_att": [26.50280449296068, 2.437702421903676, 0.19373190470993246], "k_pid_yaw": [0.5, 1e-06, 0.1], "k_pid_hsp": [0.06531187913828315, 0.0, 0.0], "k_pid_vsp": [148.1803841411388, 49.624537072119224, 3.2998288199300276]}, "datetime": {"datetime": "2025-08-11 22:17:16", "elapsed": 21115.933524370193, "delta": 19.08158230781555}, "costs": {"total_cost": 186.783673358697, "time_cost": 75.866, "final_distance_cost": 1.7999663049750059, "oscillation_cost": 17.505123107113526, "completition_cost": 0.0, "overshoot_cost": 53.97602589009339, "power_cost": 14.570256604003907, "noise_cost": 23.066301452511205, "n_waypoints_completed": 9, "tot_waypoints": 9}}
{"target": -1256.529431924207, "params": {"k_pid_pos": [0.650374348998371, 0.02282245621941807, 0.0017231336711904244], "k_pid_alt": [2.0, 0.0, 0.10854872532400545], "k_pid_att": [22.750530242730235, 2.161903525477422, 0.262380298237161], "k_pid_yaw": [0.5, 1e-06, 0.1], "k_pid_hsp": [0.0001, 0.007324828943407313, 0.0], "k_pid_vsp": [155.37781934016672, 50.158608903652336, 2.9819144170770553]}, "datetime": {"datetime": "2025-08-11 22:17:46", "elapsed": 21146.318758249283, "delta": 30.385233879089355}, "costs": {"total_cost": 1256.529431924207, "time_cost": 150, "final_distance_cost": 60.41313489488115, "oscillation_cost": 1.405486621799436, "completition_cost": 888.8888888888888, "overshoot_cost": 101.62879682574804, "power_cost": 21.07827790527344, "noise_cost": 33.11484678761633, "n_waypoints_completed": 1, "tot_waypoints": 9}}
{"target": -185.83425939921986, "params": {"k_pid_pos": [0.6407503792428535, 0.0, 0.0], "k_pid_alt": [1.7628159711846867, 0.0, 0.1540424589600403], "k_pid_att": [23.09220141393907, 2.427062314621579, 0.21977201565841908], "k_pid_yaw": [0.5, 1e-06, 0.1], "k_pid_hsp": [0.18612794098418536, 0.0, 0.0], "k_pid_vsp": [142.36388233538395, 57.07340786001359, 2.313125407672232]}, "datetime": {"datetime": "2025-08-11 22:18:04", "elapsed": 21164.291488170624, "delta": 17.972729921340942}, "costs": {"total_cost": 185.83425939921986, "time_cost": 71.799, "final_distance_cost": 1.837909458095564, "oscillation_cost": 24.90082232794457, "completition_cost": 0.0, "overshoot_cost": 50.963067984203484, "power_cost": 14.405774560546876, "noise_cost": 21.927685068429355, "n_waypoints_completed": 9, "tot_waypoints": 9}}
{"target": -182.64350041698916, "params": {"k_pid_pos": [0.5332518814288714, 0.0, 0.0], "k_pid_alt": [1.6654232282288628, 0.0, 0.13512904715635826], "k_pid_att": [26.0800720126889, 2.3902446014237504, 0.20065535954843902], "k_pid_yaw": [0.5, 1e-06, 0.1], "k_pid_hsp": [0.09658172989214844, 0.0, 0.0], "k_pid_vsp": [140.69096080346318, 54.63747985676288, 2.331569365228659]}, "datetime": {"datetime": "2025-08-11 22:18:23", "elapsed": 21183.250739097595, "delta": 18.959250926971436}, "costs": {"total_cost": 182.64350041698916, "time_cost": 72.828, "final_distance_cost": 1.8354914826486919, "oscillation_cost": 19.796039992104447, "completition_cost": 0.0, "overshoot_cost": 51.99735816564896, "power_cost": 14.11153427734375, "noise_cost": 22.075076499243284, "n_waypoints_completed": 9, "tot_waypoints": 9}}
{"target": -183.30324905499305, "params": {"k_pid_pos": [0.5091444580368634, 0.0, 0.0], "k_pid_alt": [1.6688647204347566, 0.0, 0.1449504533921294], "k_pid_att": [28.878577307647348, 2.083143446197613, 0.15821719552551522], "k_pid_yaw": [0.5, 1e-06, 0.1], "k_pid_hsp": [0.08287478555157707, 0.0, 0.0], "k_pid_vsp": [143.78643649002754, 55.709039978871296, 2.547266971293846]}, "datetime": {"datetime": "2025-08-11 22:18:42", "elapsed": 21201.482387542725, "delta": 18.231648445129395}, "costs": {"total_cost": 183.30324905499305, "time_cost": 73.731, "final_distance_cost": 1.8351529100617083, "oscillation_cost": 18.46365785745642, "completition_cost": 0.0, "overshoot_cost": 52.605726024105714, "power_cost": 14.284815600585938, "noise_cost": 22.382896662783295, "n_waypoints_completed": 9, "tot_waypoints": 9}}
{"target": -183.0351280527808, "params": {"k_pid_pos": [0.5338981156487506, 0.0, 0.0], "k_pid_alt": [1.6046057682144603, 0.0, 0.16949607399438127], "k_pid_att": [29.02797353083463, 2.3399521607730462, 0.18971639067956816], "k_pid_yaw": [0.5, 1e-06, 0.1], "k_pid_hsp": [0.10268732027890273, 0.0, 0.0], "k_pid_vsp": [146.37521179529423, 53.052252873399325, 3.6599429207377643]}, "datetime": {"datetime": "2025-08-11 22:19:00", "elapsed": 21219.819551467896, "delta": 18.3371639251709}, "costs": {"total_cost": 183.0351280527808, "time_cost": 72.842, "final_distance_cost": 1.8191337996037589, "oscillation_cost": 20.189117984542662, "completition_cost": 0.0, "overshoot_cost": 51.864898733026024, "power_cost": 14.206037341308594, "noise_cost": 22.113940194299786, "n_waypoints_completed": 9, "tot_waypoints": 9}}
