{"target": -1295.250511601965, "params": {"k_pid_pos": [0.5027462516414705, 0.12075348265478052, 0.25439559765058495], "k_pid_alt": [1.3563690801083523, 0.08248534447803695, 0.8494029327629185], "k_pid_att": [39.49002478484087, 3.957721507728868, 0.18405222323524995], "k_pid_yaw": [0.5, 1e-06, 0.1], "k_pid_hsp": [8.188567348996385, 0.4660327877868575, 0.6889175905269604], "k_pid_vsp": [173.6837803505894, 1e-06, 165.60070615139585]}, "datetime": {"datetime": "2025-08-11 16:49:30", "elapsed": 1449.6251397132874, "delta": 30.14623737335205}, "costs": {"total_cost": 1295.250511601965, "time_cost": 150, "final_distance_cost": 72.91972722977937, "oscillation_cost": 624.4657258435051, "completition_cost": 333.33333333333337, "overshoot_cost": 50.173410137442865, "power_cost": 35.176669348144536, "noise_cost": 29.181645709759817, "n_waypoints_completed": 6, "tot_waypoints": 9}}
{"target": -1332.303854457264, "params": {"k_pid_pos": [0.0001, 0.16688361477300037, 0.1688357459013315], "k_pid_alt": [1.0454128408274959, 0.34294981590872775, 1.0], "k_pid_att": [39.368252189669235, 4.712283540939712, 0.15144168095076105], "k_pid_yaw": [0.5, 1e-06, 0.1], "k_pid_hsp": [0.0001, 0.25235221648411754, 0.07636470935033352], "k_pid_vsp": [167.77597028503766, 26.56566797628085, 78.11914188160283]}, "datetime": {"datetime": "2025-08-11 16:49:59", "elapsed": 1479.3701009750366, "delta": 29.744961261749268}, "costs": {"total_cost": 1332.303854457264, "time_cost": 150, "final_distance_cost": 81.92956945187268, "oscillation_cost": 162.9384505013779, "completition_cost": 777.7777777777778, "overshoot_cost": 93.68950449030504, "power_cost": 36.035450891113285, "noise_cost": 29.933101344817214, "n_waypoints_completed": 2, "tot_waypoints": 9}}
{"target": -601.9034221310764, "params": {"k_pid_pos": [0.5552479372452349, 0.3167673966076253, 0.06530904832887496], "k_pid_alt": [1.783500560577377, 0.7101733988864138, 0.9167195903856487], "k_pid_att": [43.73312715748406, 3.9823692086430817, 0.09373413286308574], "k_pid_yaw": [0.5, 1e-06, 0.1], "k_pid_hsp": [6.7453416027544595, 0.0, 0.6647845979823878], "k_pid_vsp": [202.3661903137549, 1e-06, 84.85343235524543]}, "datetime": {"datetime": "2025-08-11 16:50:23", "elapsed": 1502.8606877326965, "delta": 23.490586757659912}, "costs": {"total_cost": 601.9034221310764, "time_cost": 94.647, "final_distance_cost": 1.7831016045599304, "oscillation_cost": 398.3469970516711, "completition_cost": 0.0, "overshoot_cost": 57.30735622498498, "power_cost": 26.863921191406252, "noise_cost": 22.955046058454055, "n_waypoints_completed": 9, "tot_waypoints": 9}}
{"target": -1943.4945974262102, "params": {"k_pid_pos": [0.6605404085470281, 0.1919463102590733, 0.16379988771551746], "k_pid_alt": [1.519747158429651, 0.0, 1.0], "k_pid_att": [32.70233594344038, 6.773175526994973, 0.19371380496400986], "k_pid_yaw": [0.5, 1e-06, 0.1], "k_pid_hsp": [0.0001, 0.07717562459298974, 0.29551411110800174], "k_pid_vsp": [240.33126985935672, 220.69940075103486, 7.455399182021097]}, "datetime": {"datetime": "2025-08-11 16:50:52", "elapsed": 1532.3277986049652, "delta": 29.467110872268677}, "costs": {"total_cost": 1943.4945974262102, "time_cost": 150, "final_distance_cost": 70.58459633770802, "oscillation_cost": 797.1932025030632, "completition_cost": 777.7777777777778, "overshoot_cost": 85.06312766946114, "power_cost": 32.262577478027346, "noise_cost": 30.61331566017263, "n_waypoints_completed": 2, "tot_waypoints": 9}}
{"target": -1470.5791201250477, "params": {"k_pid_pos": [1.4790986624323983, 0.8860213887691967, 0.2533253873071866], "k_pid_alt": [1.3995811140158076, 0.0, 0.6335768569735635], "k_pid_att": [38.96534305353808, 3.4495630763211778, 0.4746799990046267], "k_pid_yaw": [0.5, 1e-06, 0.1], "k_pid_hsp": [3.6550425411021203, 0.0, 0.0], "k_pid_vsp": [218.69847141454963, 1e-06, 207.85915670405427]}, "datetime": {"datetime": "2025-08-11 16:51:24", "elapsed": 1563.8252029418945, "delta": 31.49740433692932}, "costs": {"total_cost": 1470.5791201250477, "time_cost": 150, "final_distance_cost": 0.9994064211491761, "oscillation_cost": 16.764374697455352, "completition_cost": 1000.0, "overshoot_cost": 162.50281697606505, "power_cost": 29.382440783691408, "noise_cost": 110.93008124668664, "n_waypoints_completed": 0, "tot_waypoints": 9}}
{"target": -1601.4469535880387, "params": {"k_pid_pos": [0.17133723135506762, 0.16082836564603412, 0.2088885221870062], "k_pid_alt": [0.45121452591181144, 0.01295350008707663, 0.7758445290407718], "k_pid_att": [55.04499185085898, 2.978438610572839, 0.11543971295656055], "k_pid_yaw": [0.5, 1e-06, 0.1], "k_pid_hsp": [0.0001, 0.5458281494265066, 0.1809346120591528], "k_pid_vsp": [193.98248537737058, 79.90883850652045, 4.5847928365836665]}, "datetime": {"datetime": "2025-08-11 16:51:54", "elapsed": 1593.5682454109192, "delta": 29.743042469024658}, "costs": {"total_cost": 1601.4469535880387, "time_cost": 150, "final_distance_cost": 44.36719030961164, "oscillation_cost": 815.7209082024876, "completition_cost": 444.4444444444444, "overshoot_cost": 83.24962470630321, "power_cost": 33.83413037109375, "noise_cost": 29.83065555409792, "n_waypoints_completed": 5, "tot_waypoints": 9}}
{"target": -1198.0497799552031, "params": {"k_pid_pos": [0.4499618905505328, 0.5831455643967813, 0.21873897740827225], "k_pid_alt": [1.5266428972176678, 0.6573601249045371, 0.5536277039497999], "k_pid_att": [76.3666072655587, 2.5227819280473973, 0.19354492773581777], "k_pid_yaw": [0.5, 1e-06, 0.1], "k_pid_hsp": [2.818258753273758, 0.0, 0.21178670608571049], "k_pid_vsp": [247.85147283042517, 8.952681786561435, 310.74851109584114]}, "datetime": {"datetime": "2025-08-11 16:52:24", "elapsed": 1623.5640094280243, "delta": 29.995764017105103}, "costs": {"total_cost": 1198.0497799552031, "time_cost": 150, "final_distance_cost": 70.9431151657177, "oscillation_cost": 520.4741508387596, "completition_cost": 333.33333333333337, "overshoot_cost": 57.958457804172035, "power_cost": 35.87712393798828, "noise_cost": 29.463598875232297, "n_waypoints_completed": 6, "tot_waypoints": 9}}
{"target": -222.12662127608908, "params": {"k_pid_pos": [0.9637932188516056, 0.18287239014292112, 0.46213686802433085], "k_pid_alt": [1.5630594671301297, 0.0, 0.528446660105752], "k_pid_att": [75.59760289832636, 3.1117866591202814, 0.2038916626057125], "k_pid_yaw": [0.5, 1e-06, 0.1], "k_pid_hsp": [3.6319747058616207, 0.0, 0.0], "k_pid_vsp": [167.7124817234506, 25.11146173894889, 1e-06]}, "datetime": {"datetime": "2025-08-11 16:52:43", "elapsed": 1642.8482594490051, "delta": 19.284250020980835}, "costs": {"total_cost": 222.12662127608908, "time_cost": 76.07600000000001, "final_distance_cost": 1.826857395786515, "oscillation_cost": 53.08224094012618, "completition_cost": 0.0, "overshoot_cost": 52.24759150100957, "power_cost": 15.860909143066406, "noise_cost": 23.03302229610041, "n_waypoints_completed": 9, "tot_waypoints": 9}}
{"target": -1161.331948297716, "params": {"k_pid_pos": [1.1488371083963873, 0.2562525345481752, 0.7349543596658333], "k_pid_alt": [1.9051835038019367, 0.11589939663344762, 0.8182968854847701], "k_pid_att": [49.34119146732271, 2.82253973514354, 0.220355405423306], "k_pid_yaw": [0.5, 1e-06, 0.1], "k_pid_hsp": [0.023718349018823137, 0.0, 0.05903399962887497], "k_pid_vsp": [253.4427906161671, 39.1734923462614, 62.46473188740816]}, "datetime": {"datetime": "2025-08-11 16:53:13", "elapsed": 1672.9364693164825, "delta": 30.088209867477417}, "costs": {"total_cost": 1161.331948297716, "time_cost": 150, "final_distance_cost": 51.737597379033, "oscillation_cost": 492.7405096395087, "completition_cost": 333.33333333333337, "overshoot_cost": 71.63268314167733, "power_cost": 33.716714074707035, "noise_cost": 28.171110729456913, "n_waypoints_completed": 6, "tot_waypoints": 9}}
{"target": -1601.7567801019682, "params": {"k_pid_pos": [0.17199962797868773, 0.17265437278773957, 0.17948085744584824], "k_pid_alt": [0.21468055867183622, 0.0, 0.8885332292314657], "k_pid_att": [45.46408274354664, 4.476261159649338, 0.05811391132096482], "k_pid_yaw": [0.5, 1e-06, 0.1], "k_pid_hsp": [7.552289347738597, 0.0, 0.12044735002385754], "k_pid_vsp": [275.88588841303977, 1e-06, 8.313853996036745]}, "datetime": {"datetime": "2025-08-11 16:53:43", "elapsed": 1703.3678257465363, "delta": 30.43135643005371}, "costs": {"total_cost": 1601.7567801019682, "time_cost": 150, "final_distance_cost": 42.85389219206731, "oscillation_cost": 739.6774039337078, "completition_cost": 555.5555555555555, "overshoot_cost": 50.591836537458256, "power_cost": 33.32066671142578, "noise_cost": 29.75742517175365, "n_waypoints_completed": 4, "tot_waypoints": 9}}
{"target": -1750.522868555098, "params": {"k_pid_pos": [0.518018533373056, 0.14280975012439007, 0.21424932684496317], "k_pid_alt": [1.523373794769476, 0.2761367715820968, 0.8660262366846323], "k_pid_att": [44.62646849721115, 4.832516187392754, 0.18583880739345424], "k_pid_yaw": [0.5, 1e-06, 0.1], "k_pid_hsp": [0.0001, 0.07357097541819169, 0.35535454392885946], "k_pid_vsp": [216.94907148479618, 20.6724753316984, 204.51732433771542]}, "datetime": {"datetime": "2025-08-11 16:54:13", "elapsed": 1733.3357667922974, "delta": 29.96794104576111}, "costs": {"total_cost": 1750.522868555098, "time_cost": 150, "final_distance_cost": 75.98461136478869, "oscillation_cost": 703.7098749182422, "completition_cost": 666.6666666666667, "overshoot_cost": 91.87457137929903, "power_cost": 33.736349487304686, "noise_cost": 28.550794738796633, "n_waypoints_completed": 3, "tot_waypoints": 9}}
{"target": -200.269243218466, "params": {"k_pid_pos": [1.0620528659383865, 0.22443003810286716, 0.184954587271034], "k_pid_alt": [1.5103093967355812, 0.01876157427869971, 0.8542472504893478], "k_pid_att": [4.545053996383338, 3.2226217745023753, 0.20995544144554562], "k_pid_yaw": [0.5, 1e-06, 0.1], "k_pid_hsp": [0.3655244445461002, 0.010769891373864028, 0.0], "k_pid_vsp": [233.82011166564848, 35.38012175722577, 14.395160896036167]}, "datetime": {"datetime": "2025-08-11 16:54:33", "elapsed": 1752.5263240337372, "delta": 19.19055724143982}, "costs": {"total_cost": 200.269243218466, "time_cost": 75.292, "final_distance_cost": 1.8169997298230556, "oscillation_cost": 33.52953993975456, "completition_cost": 0.0, "overshoot_cost": 50.72592165963509, "power_cost": 19.633206054687502, "noise_cost": 19.271575834565784, "n_waypoints_completed": 9, "tot_waypoints": 9}}
{"target": -1239.4019984598028, "params": {"k_pid_pos": [0.6794131300103035, 0.13789237730153941, 0.29693900960530906], "k_pid_alt": [1.4566174266072838, 0.0, 0.6668246586860442], "k_pid_att": [42.03276714704542, 0.0001, 0.0], "k_pid_yaw": [0.5, 1e-06, 0.1], "k_pid_hsp": [0.0001, 0.0, 0.0], "k_pid_vsp": [393.7954790345737, 16.138860158455007, 1e-06]}, "datetime": {"datetime": "2025-08-11 16:55:02", "elapsed": 1782.1392679214478, "delta": 29.61294388771057}, "costs": {"total_cost": 1239.4019984598028, "time_cost": 150, "final_distance_cost": 47.26924382566409, "oscillation_cost": 0.7116927210362176, "completition_cost": 888.8888888888888, "overshoot_cost": 98.41220477737014, "power_cost": 21.005116442871095, "noise_cost": 33.11485180397268, "n_waypoints_completed": 1, "tot_waypoints": 9}}
{"target": -210.67624635807664, "params": {"k_pid_pos": [0.7238107409712359, 0.0, 0.0], "k_pid_alt": [2.0, 0.0, 0.5743048465627555], "k_pid_att": [36.6118807172371, 3.801866121993422, 0.16221911024109872], "k_pid_yaw": [0.5, 1e-06, 0.1], "k_pid_hsp": [4.569306413757881, 0.0, 0.0], "k_pid_vsp": [217.77905866717603, 1e-06, 1e-06]}, "datetime": {"datetime": "2025-08-11 16:55:21", "elapsed": 1800.765730381012, "delta": 18.62646245956421}, "costs": {"total_cost": 210.67624635807664, "time_cost": 75.565, "final_distance_cost": 1.8548146479600558, "oscillation_cost": 42.6105027317802, "completition_cost": 0.0, "overshoot_cost": 51.5542839761761, "power_cost": 15.615316833496095, "noise_cost": 23.476328168664168, "n_waypoints_completed": 9, "tot_waypoints": 9}}
{"target": -1262.8754434047512, "params": {"k_pid_pos": [0.9464279869927728, 0.2392752336121862, 0.15152678354728044], "k_pid_alt": [1.589958476897421, 0.0, 0.3606581043151355], "k_pid_att": [24.78969591301391, 0.0001, 0.0], "k_pid_yaw": [0.5, 1e-06, 0.1], "k_pid_hsp": [0.0001, 0.0, 0.0], "k_pid_vsp": [222.64605531160828, 22.34006020261915, 1e-06]}, "datetime": {"datetime": "2025-08-11 16:55:52", "elapsed": 1832.3326904773712, "delta": 31.566960096359253}, "costs": {"total_cost": 1262.8754434047512, "time_cost": 150, "final_distance_cost": 48.89191393417501, "oscillation_cost": 15.101611629815118, "completition_cost": 888.8888888888888, "overshoot_cost": 105.8709895454695, "power_cost": 21.00910886230469, "noise_cost": 33.112930544098056, "n_waypoints_completed": 1, "tot_waypoints": 9}}
{"target": -2260.090197905239, "params": {"k_pid_pos": [0.030984486687953505, 0.20251981139547454, 0.11813113844754741], "k_pid_alt": [1.4845622554357845, 0.1845552219337857, 1.0], "k_pid_att": [0.14247223571801015, 3.0903005147568066, 0.30840973587500226], "k_pid_yaw": [0.5, 1e-06, 0.1], "k_pid_hsp": [1.6934068369497615, 0.0, 0.0], "k_pid_vsp": [125.87851027004362, 1e-06, 8.11599308924388]}, "datetime": {"datetime": "2025-08-11 16:56:22", "elapsed": 1862.1751832962036, "delta": 29.842492818832397}, "costs": {"total_cost": 2260.090197905239, "time_cost": 150, "final_distance_cost": 130.82891933694086, "oscillation_cost": 683.3884042570337, "completition_cost": 888.8888888888888, "overshoot_cost": 241.13887875792898, "power_cost": 46.245323547363284, "noise_cost": 119.59978311708394, "n_waypoints_completed": 1, "tot_waypoints": 9}}
{"target": -203.47355663749155, "params": {"k_pid_pos": [0.7317363317508843, 0.1133243876321361, 0.0], "k_pid_alt": [1.3123441821620685, 0.4946734344996355, 0.922454702596147], "k_pid_att": [19.395768349329636, 0.0001, 0.21775539128170623], "k_pid_yaw": [0.5, 1e-06, 0.1], "k_pid_hsp": [0.16410182344863122, 0.0, 0.0], "k_pid_vsp": [214.62929810452417, 3.3985986360147784, 1e-06]}, "datetime": {"datetime": "2025-08-11 16:56:43", "elapsed": 1882.6323249340057, "delta": 20.457141637802124}, "costs": {"total_cost": 203.47355663749155, "time_cost": 82.075, "final_distance_cost": 1.7690870359669666, "oscillation_cost": 27.365842482770464, "completition_cost": 0.0, "overshoot_cost": 52.782992290151135, "power_cost": 15.867487805175783, "noise_cost": 23.61314702342721, "n_waypoints_completed": 9, "tot_waypoints": 9}}
{"target": -1271.3782159064099, "params": {"k_pid_pos": [0.9998678471776146, 0.5492680187293429, 0.22963720420522088], "k_pid_alt": [1.2395988488322214, 0.1771242232161554, 0.7145578891592115], "k_pid_att": [21.586299980638593, 2.125666957644014, 0.16464585155410483], "k_pid_yaw": [0.5, 1e-06, 0.1], "k_pid_hsp": [0.0001, 0.19318448198225052, 0.0], "k_pid_vsp": [211.0322960376293, 1e-06, 1e-06]}, "datetime": {"datetime": "2025-08-11 16:57:13", "elapsed": 1912.3913209438324, "delta": 29.75899600982666}, "costs": {"total_cost": 1271.3782159064099, "time_cost": 150, "final_distance_cost": 86.2206559888429, "oscillation_cost": 105.74259627080608, "completition_cost": 777.7777777777778, "overshoot_cost": 83.67287466963008, "power_cost": 32.43137474365235, "noise_cost": 35.53293645570048, "n_waypoints_completed": 2, "tot_waypoints": 9}}
{"target": -1233.4565289668467, "params": {"k_pid_pos": [0.6069297763177303, 0.08920632011398377, 0.16056089967655945], "k_pid_alt": [2.0, 0.0, 0.25861071022637105], "k_pid_att": [24.86351024750951, 2.9302087893102096, 0.08063967607618963], "k_pid_yaw": [0.5, 1e-06, 0.1], "k_pid_hsp": [0.0001, 0.0, 0.0], "k_pid_vsp": [119.32352012030645, 1e-06, 1e-06]}, "datetime": {"datetime": "2025-08-11 16:57:43", "elapsed": 1942.510853767395, "delta": 30.119532823562622}, "costs": {"total_cost": 1233.4565289668467, "time_cost": 150, "final_distance_cost": 46.41713727769204, "oscillation_cost": 2.20793857744966, "completition_cost": 888.8888888888888, "overshoot_cost": 91.81424197865647, "power_cost": 21.00567470703125, "noise_cost": 33.12264753712854, "n_waypoints_completed": 1, "tot_waypoints": 9}}
{"target": -1309.8417571060952, "params": {"k_pid_pos": [0.6245881433256439, 0.05298186868297794, 0.1200085464703792], "k_pid_alt": [1.4636372748737716, 0.0441398724185446, 0.6906642899574302], "k_pid_att": [13.546832359869555, 3.846410046566529, 0.15194475804720148], "k_pid_yaw": [0.5, 1e-06, 0.1], "k_pid_hsp": [0.0001, 0.11790197723256571, 0.0], "k_pid_vsp": [226.7555818675879, 103.57875448115645, 1e-06]}, "datetime": {"datetime": "2025-08-11 16:58:13", "elapsed": 1972.745970249176, "delta": 30.235116481781006}, "costs": {"total_cost": 1309.8417571060952, "time_cost": 150, "final_distance_cost": 96.75351767853041, "oscillation_cost": 117.75932360568564, "completition_cost": 777.7777777777778, "overshoot_cost": 102.06831323947561, "power_cost": 30.319916918945314, "noise_cost": 35.16290788568048, "n_waypoints_completed": 2, "tot_waypoints": 9}}
{"target": -1250.8314385053018, "params": {"k_pid_pos": [1.277513805976887, 0.2984487157724969, 0.05888574367686411], "k_pid_alt": [1.5009542114277368, 0.0006586625891066913, 0.2697794999691193], "k_pid_att": [41.54355703974027, 0.0001, 0.4605436976712928], "k_pid_yaw": [0.5, 1e-06, 0.1], "k_pid_hsp": [0.0001, 0.0, 0.0], "k_pid_vsp": [223.40044972033914, 1e-06, 19.34804069038136]}, "datetime": {"datetime": "2025-08-11 16:58:43", "elapsed": 2002.5638227462769, "delta": 29.81785249710083}, "costs": {"total_cost": 1250.8314385053018, "time_cost": 150, "final_distance_cost": 49.051413011901616, "oscillation_cost": 0.48285041056328754, "completition_cost": 888.8888888888888, "overshoot_cost": 106.3828306482759, "power_cost": 29.37538846435547, "noise_cost": 26.650067081316713, "n_waypoints_completed": 1, "tot_waypoints": 9}}
{"target": -1259.2271872044728, "params": {"k_pid_pos": [1.0928980777370754, 0.05243946862496496, 0.16579966929622192], "k_pid_alt": [1.2473718636691336, 0.0, 0.6236305848586566], "k_pid_att": [23.294303193635407, 0.9237749057544131, 0.0], "k_pid_yaw": [0.5, 1e-06, 0.1], "k_pid_hsp": [0.0001, 0.0, 0.0], "k_pid_vsp": [205.83840214662504, 45.09283046649086, 1e-06]}, "datetime": {"datetime": "2025-08-11 16:59:13", "elapsed": 2032.6517796516418, "delta": 30.08795690536499}, "costs": {"total_cost": 1259.2271872044728, "time_cost": 150, "final_distance_cost": 48.32412195817912, "oscillation_cost": 13.15122008415238, "completition_cost": 888.8888888888888, "overshoot_cost": 104.76325864021145, "power_cost": 20.99269929199219, "noise_cost": 33.10699834104869, "n_waypoints_completed": 1, "tot_waypoints": 9}}
{"target": -6069.229216140126, "params": {"k_pid_pos": [0.9980977994806217, 0.6541033171503436, 0.012840260099126866], "k_pid_alt": [2.0, 0.0, 0.5392461010342489], "k_pid_att": [0.0, 4.736127891632598, 0.0], "k_pid_yaw": [0.5, 1e-06, 0.1], "k_pid_hsp": [0.38641485779161533, 0.0, 0.0], "k_pid_vsp": [233.64544084259487, 1e-06, 1e-06]}, "datetime": {"datetime": "2025-08-11 16:59:43", "elapsed": 2062.653740644455, "delta": 30.00196099281311}, "costs": {"total_cost": 6069.229216140126, "time_cost": 150, "final_distance_cost": 1429.835719982637, "oscillation_cost": 1825.1631377774743, "completition_cost": 1000.0, "overshoot_cost": 1454.7706144270653, "power_cost": 58.27501544189453, "noise_cost": 151.1847285110543, "n_waypoints_completed": 0, "tot_waypoints": 9}}
{"target": -222.55810338991887, "params": {"k_pid_pos": [1.7197542838620348, 0.2034680087452766, 0.24120509688407904], "k_pid_alt": [1.0522803577550357, 0.14261958938424896, 0.0], "k_pid_att": [37.58337567543155, 2.457281617525959, 0.3513915564961353], "k_pid_yaw": [0.5, 1e-06, 0.1], "k_pid_hsp": [1.706379123679443, 0.0, 0.0], "k_pid_vsp": [172.18772567525338, 84.97621224925685, 17.72531942532465]}, "datetime": {"datetime": "2025-08-11 17:00:04", "elapsed": 2083.5408153533936, "delta": 20.8870747089386}, "costs": {"total_cost": 222.55810338991887, "time_cost": 84.084, "final_distance_cost": 1.7455011210238534, "oscillation_cost": 41.27037824981069, "completition_cost": 0.0, "overshoot_cost": 52.35014861231404, "power_cost": 22.210571057128906, "noise_cost": 20.89750434964141, "n_waypoints_completed": 9, "tot_waypoints": 9}}
{"target": -6129.021354956068, "params": {"k_pid_pos": [1.1844256175793095, 0.0, 0.0], "k_pid_alt": [2.0, 0.0, 0.7666757828769291], "k_pid_att": [0.0, 2.457770665933502, 0.20657951707802588], "k_pid_yaw": [0.5, 1e-06, 0.1], "k_pid_hsp": [0.15522034673643859, 0.0, 0.0], "k_pid_vsp": [120.76987379430958, 39.77349379274788, 1e-06]}, "datetime": {"datetime": "2025-08-11 17:00:33", "elapsed": 2113.365636110306, "delta": 29.82482075691223}, "costs": {"total_cost": 6129.021354956068, "time_cost": 150, "final_distance_cost": 879.7721837961167, "oscillation_cost": 1627.3224354222943, "completition_cost": 1000.0, "overshoot_cost": 2256.254630240864, "power_cost": 56.98617248535157, "noise_cost": 158.68593301144054, "n_waypoints_completed": 0, "tot_waypoints": 9}}
{"target": -1310.3609028750354, "params": {"k_pid_pos": [1.3946943269620533, 0.43203011176303185, 0.2092232009211294], "k_pid_alt": [1.4863421628764832, 0.17515712865969651, 0.2041693386084137], "k_pid_att": [20.317779885152774, 2.4237224762927414, 0.16513221826878421], "k_pid_yaw": [0.5, 1e-06, 0.1], "k_pid_hsp": [0.1048983108080906, 0.0, 0.14265171021786638], "k_pid_vsp": [228.88593202325282, 30.07860855520221, 1e-06]}, "datetime": {"datetime": "2025-08-11 17:01:04", "elapsed": 2143.5925753116608, "delta": 30.22693920135498}, "costs": {"total_cost": 1310.3609028750354, "time_cost": 150, "final_distance_cost": 79.87978363163533, "oscillation_cost": 629.4642152635209, "completition_cost": 333.33333333333337, "overshoot_cost": 56.06425474310856, "power_cost": 30.049429028320315, "noise_cost": 31.569886875116858, "n_waypoints_completed": 6, "tot_waypoints": 9}}
