{"target": -182.47171425862763, "params": {"k_pid_pos": [0.5269168815578669, 0.0, 0.0], "k_pid_alt": [1.6149843383769102, 0.0, 0.12823264990973093], "k_pid_att": [25.870643125686456, 2.125732693110669, 0.21442514479654565], "k_pid_yaw": [0.5, 1e-06, 0.1], "k_pid_hsp": [0.09180138239422715, 0.0, 0.0], "k_pid_vsp": [128.4352403405318, 124.45579801943377, 1.0436554663552844]}, "datetime": {"datetime": "2025-08-12 03:40:58", "elapsed": 40537.51709151268, "delta": 18.009629726409912}, "costs": {"total_cost": 182.47171425862763, "time_cost": 72.898, "final_distance_cost": 1.8239815137195594, "oscillation_cost": 19.56322713531313, "completition_cost": 0.0, "overshoot_cost": 52.08262674065839, "power_cost": 14.187204919433594, "noise_cost": 21.91667394950299, "n_waypoints_completed": 9, "tot_waypoints": 9}}
{"target": -182.44120101547395, "params": {"k_pid_pos": [0.5179023555988259, 0.0, 0.0], "k_pid_alt": [1.5823050807274803, 0.0, 0.1306785498200296], "k_pid_att": [24.676133055663705, 2.1326299928683086, 0.2231288659504402], "k_pid_yaw": [0.5, 1e-06, 0.1], "k_pid_hsp": [0.09097967315223499, 0.0, 0.0], "k_pid_vsp": [133.9873825956996, 136.36650601416005, 1.1109597100782374]}, "datetime": {"datetime": "2025-08-12 03:41:18", "elapsed": 40557.888892650604, "delta": 20.371801137924194}, "costs": {"total_cost": 182.44120101547395, "time_cost": 73.101, "final_distance_cost": 1.819000301714593, "oscillation_cost": 19.2182494321513, "completition_cost": 0.0, "overshoot_cost": 52.14776795440684, "power_cost": 14.209784509277345, "noise_cost": 21.945398817923884, "n_waypoints_completed": 9, "tot_waypoints": 9}}
{"target": -182.65472514967956, "params": {"k_pid_pos": [0.5273346730556676, 0.0, 0.0], "k_pid_alt": [1.6131680423980606, 0.0, 0.1175948235556686], "k_pid_att": [25.492675905147678, 2.1362504922210843, 0.23442004904364366], "k_pid_yaw": [0.5, 1e-06, 0.1], "k_pid_hsp": [0.09092098164557437, 0.0, 0.0], "k_pid_vsp": [129.701688381054, 127.37986088110189, 1.115761063195536]}, "datetime": {"datetime": "2025-08-12 03:41:37", "elapsed": 40576.677777051926, "delta": 18.78888440132141}, "costs": {"total_cost": 182.65472514967956, "time_cost": 72.912, "final_distance_cost": 1.833935866127856, "oscillation_cost": 19.346862834339888, "completition_cost": 0.0, "overshoot_cost": 52.43472746619528, "power_cost": 14.226802416992188, "noise_cost": 21.900396566024327, "n_waypoints_completed": 9, "tot_waypoints": 9}}
{"target": -182.31480803022853, "params": {"k_pid_pos": [0.5259871900995727, 0.0, 0.0], "k_pid_alt": [1.613570641115743, 0.0, 0.20717078932583877], "k_pid_att": [25.99536304083368, 2.1346080128818237, 0.2278878438008628], "k_pid_yaw": [0.5, 1e-06, 0.1], "k_pid_hsp": [0.09056737332015914, 0.0, 0.0], "k_pid_vsp": [128.35965905915435, 125.68069108042155, 1.300088318442021]}, "datetime": {"datetime": "2025-08-12 03:41:55", "elapsed": 40594.72095608711, "delta": 18.043179035186768}, "costs": {"total_cost": 182.31480803022853, "time_cost": 73.059, "final_distance_cost": 1.8177239318816834, "oscillation_cost": 19.178351299949988, "completition_cost": 0.0, "overshoot_cost": 52.03283690686564, "power_cost": 14.244779138183594, "noise_cost": 21.982116753347633, "n_waypoints_completed": 9, "tot_waypoints": 9}}
{"target": -182.29713284125083, "params": {"k_pid_pos": [0.5240599812713519, 0.0, 0.0], "k_pid_alt": [1.564510421160119, 0.0, 0.15163896972056967], "k_pid_att": [25.66457516152625, 1.9846348963650897, 0.17696354112092377], "k_pid_yaw": [0.5, 1e-06, 0.1], "k_pid_hsp": [0.0886422403247471, 0.0, 0.0], "k_pid_vsp": [128.27322684295854, 119.99650839406895, 0.7203279648648402]}, "datetime": {"datetime": "2025-08-12 03:42:14", "elapsed": 40613.51613044739, "delta": 18.79517436027527}, "costs": {"total_cost": 182.29713284125083, "time_cost": 73.143, "final_distance_cost": 1.8303117392863653, "oscillation_cost": 19.170361723870272, "completition_cost": 0.0, "overshoot_cost": 51.98014174943594, "power_cost": 14.215156127929689, "noise_cost": 21.95816150072854, "n_waypoints_completed": 9, "tot_waypoints": 9}}
{"target": -182.86174915399295, "params": {"k_pid_pos": [0.5569366714991887, 0.0, 0.0], "k_pid_alt": [1.602346923502375, 0.0, 0.14487834892183668], "k_pid_att": [25.617474248152554, 2.1707623833137344, 0.23538486937629194], "k_pid_yaw": [0.5, 1e-06, 0.1], "k_pid_hsp": [0.09422611329010722, 0.0, 0.0], "k_pid_vsp": [142.09108806092328, 120.45648069103041, 0.5621879358052456]}, "datetime": {"datetime": "2025-08-12 03:42:34", "elapsed": 40633.61209011078, "delta": 20.095959663391113}, "costs": {"total_cost": 182.86174915399295, "time_cost": 72.45, "final_distance_cost": 1.8262877002730684, "oscillation_cost": 20.425464968421743, "completition_cost": 0.0, "overshoot_cost": 52.12942955060125, "power_cost": 14.181771093750001, "noise_cost": 21.848795840946877, "n_waypoints_completed": 9, "tot_waypoints": 9}}
{"target": -181.75074458198168, "params": {"k_pid_pos": [0.5261999504786753, 0.0, 0.0], "k_pid_alt": [1.6149045620501654, 0.0, 0.12639832950456223], "k_pid_att": [26.286820595813108, 2.132226926198856, 0.22113890912155146], "k_pid_yaw": [0.5, 1e-06, 0.1], "k_pid_hsp": [0.09082315293390303, 0.0, 0.0], "k_pid_vsp": [126.69559340254943, 124.44563558182021, 1.1254395942637923]}, "datetime": {"datetime": "2025-08-12 03:42:52", "elapsed": 40652.16541552544, "delta": 18.553325414657593}, "costs": {"total_cost": 181.75074458198168, "time_cost": 72.933, "final_distance_cost": 1.8317635480253003, "oscillation_cost": 19.19543220325348, "completition_cost": 0.0, "overshoot_cost": 51.67864885040896, "power_cost": 14.195810229492189, "noise_cost": 21.91608975080171, "n_waypoints_completed": 9, "tot_waypoints": 9}}
{"target": -182.41328637159697, "params": {"k_pid_pos": [0.5245503103199045, 0.0, 0.0], "k_pid_alt": [1.6064850374111195, 0.0, 0.12087415767868372], "k_pid_att": [25.93368808892426, 2.116312269309561, 0.218957226647477], "k_pid_yaw": [0.5, 1e-06, 0.1], "k_pid_hsp": [0.0924379331532772, 0.0, 0.0], "k_pid_vsp": [127.84578709550823, 125.11235875446498, 1.465538830569879]}, "datetime": {"datetime": "2025-08-12 03:43:13", "elapsed": 40672.6723446846, "delta": 20.50692915916443}, "costs": {"total_cost": 182.41328637159697, "time_cost": 72.905, "final_distance_cost": 1.8285843959121824, "oscillation_cost": 19.6498550683364, "completition_cost": 0.0, "overshoot_cost": 51.9554156325166, "power_cost": 14.150417492675782, "noise_cost": 21.92401378215598, "n_waypoints_completed": 9, "tot_waypoints": 9}}
{"target": -182.27435370684515, "params": {"k_pid_pos": [0.5260599619312649, 0.0, 0.0], "k_pid_alt": [1.6738925472280006, 0.0, 0.14872892379396155], "k_pid_att": [26.078634912617716, 2.1204580930614223, 0.20219956066835798], "k_pid_yaw": [0.5, 1e-06, 0.1], "k_pid_hsp": [0.08943533542432894, 0.0, 0.0], "k_pid_vsp": [125.48592484970159, 125.46844164493525, 4.422423724125997]}, "datetime": {"datetime": "2025-08-12 03:43:31", "elapsed": 40691.220720767975, "delta": 18.548376083374023}, "costs": {"total_cost": 182.27435370684515, "time_cost": 72.989, "final_distance_cost": 1.8119903633052634, "oscillation_cost": 19.200562957931083, "completition_cost": 0.0, "overshoot_cost": 51.94519992521227, "power_cost": 14.234869763183594, "noise_cost": 22.092730697212946, "n_waypoints_completed": 9, "tot_waypoints": 9}}
{"target": -182.4422713761816, "params": {"k_pid_pos": [0.5641805769210071, 0.0, 0.0], "k_pid_alt": [1.6228087821342658, 0.0, 0.10210388050788485], "k_pid_att": [25.326838288903208, 2.1508901620509895, 0.22802891921552043], "k_pid_yaw": [0.5, 1e-06, 0.1], "k_pid_hsp": [0.09178724164363254, 0.0, 0.0], "k_pid_vsp": [125.48572684374237, 113.37362015808002, 1.2519315033128722]}, "datetime": {"datetime": "2025-08-12 03:43:51", "elapsed": 40711.01720237732, "delta": 19.796481609344482}, "costs": {"total_cost": 182.4422713761816, "time_cost": 72.38, "final_distance_cost": 1.833524248642842, "oscillation_cost": 20.34355339745946, "completition_cost": 0.0, "overshoot_cost": 51.962530631808995, "power_cost": 14.187920947265626, "noise_cost": 21.734742151004657, "n_waypoints_completed": 9, "tot_waypoints": 9}}
{"target": -182.3848436070408, "params": {"k_pid_pos": [0.5636799678895263, 0.0, 0.0], "k_pid_alt": [1.627977037820329, 0.0, 0.12724238882573416], "k_pid_att": [25.595837273010112, 2.095374991995908, 0.2101432788992199], "k_pid_yaw": [0.5, 1e-06, 0.1], "k_pid_hsp": [0.09719674575939641, 0.0, 0.0], "k_pid_vsp": [128.39281860688772, 125.25129008309123, 0.9803262327938245]}, "datetime": {"datetime": "2025-08-12 03:44:09", "elapsed": 40729.34847903252, "delta": 18.331276655197144}, "costs": {"total_cost": 182.3848436070408, "time_cost": 72.21900000000001, "final_distance_cost": 1.818010702892332, "oscillation_cost": 20.842136993174346, "completition_cost": 0.0, "overshoot_cost": 51.68724745867392, "power_cost": 14.153349365234376, "noise_cost": 21.665099087065816, "n_waypoints_completed": 9, "tot_waypoints": 9}}
{"target": -182.20340668424035, "params": {"k_pid_pos": [0.5270781983003096, 0.0, 0.0], "k_pid_alt": [1.621739829560664, 0.0, 0.1341543894118881], "k_pid_att": [23.219866281797852, 2.1244863439637656, 0.2634026624344344], "k_pid_yaw": [0.5, 1e-06, 0.1], "k_pid_hsp": [0.09131217298361802, 0.0, 0.0], "k_pid_vsp": [127.95052641941979, 115.96439425067447, 2.9694627204381456]}, "datetime": {"datetime": "2025-08-12 03:44:29", "elapsed": 40748.676715135574, "delta": 19.32823610305786}, "costs": {"total_cost": 182.20340668424035, "time_cost": 72.919, "final_distance_cost": 1.8365214598657444, "oscillation_cost": 19.324914182305168, "completition_cost": 0.0, "overshoot_cost": 52.053633120419434, "power_cost": 14.16181453857422, "noise_cost": 21.907523383075798, "n_waypoints_completed": 9, "tot_waypoints": 9}}
{"target": -182.6773286577424, "params": {"k_pid_pos": [0.6425811004175923, 0.0, 0.0], "k_pid_alt": [1.6105596320039293, 0.0, 0.16788411379135448], "k_pid_att": [25.069498422171637, 2.2438295377774433, 0.22216350631362294], "k_pid_yaw": [0.5, 1e-06, 0.1], "k_pid_hsp": [0.09110329838430568, 0.0, 0.0], "k_pid_vsp": [128.19049372180206, 120.36771449220511, 1.3565163735053194]}, "datetime": {"datetime": "2025-08-12 03:44:47", "elapsed": 40766.51527881622, "delta": 17.838563680648804}, "costs": {"total_cost": 182.6773286577424, "time_cost": 71.771, "final_distance_cost": 1.807725841361455, "oscillation_cost": 21.69090635716071, "completition_cost": 0.0, "overshoot_cost": 51.69736315366267, "power_cost": 14.1696224609375, "noise_cost": 21.540710844620065, "n_waypoints_completed": 9, "tot_waypoints": 9}}
{"target": -182.53114633950378, "params": {"k_pid_pos": [0.5270898588478854, 0.0, 0.0], "k_pid_alt": [1.6333857462633052, 0.0, 0.12457536331476257], "k_pid_att": [25.73044449039507, 2.134181791423195, 0.23517376486547864], "k_pid_yaw": [0.5, 1e-06, 0.1], "k_pid_hsp": [0.08871437310815289, 0.0, 0.0], "k_pid_vsp": [120.79634374741494, 121.64701054843273, 1.597706023919819]}, "datetime": {"datetime": "2025-08-12 03:45:07", "elapsed": 40786.66214346886, "delta": 20.146864652633667}, "costs": {"total_cost": 182.53114633950378, "time_cost": 72.989, "final_distance_cost": 1.8372106681314833, "oscillation_cost": 19.133911087586643, "completition_cost": 0.0, "overshoot_cost": 52.23432177385987, "power_cost": 14.286122155761719, "noise_cost": 22.050580654164076, "n_waypoints_completed": 9, "tot_waypoints": 9}}
{"target": -182.34791554038932, "params": {"k_pid_pos": [0.527029841139654, 0.0, 0.0], "k_pid_alt": [1.6591336206096368, 0.0, 0.13049417276638706], "k_pid_att": [25.65677443991342, 2.1211630794316134, 0.22083186500132385], "k_pid_yaw": [0.5, 1e-06, 0.1], "k_pid_hsp": [0.08938038388229065, 0.0, 0.0], "k_pid_vsp": [130.0818101595735, 123.36978384130686, 1.1170535890302413]}, "datetime": {"datetime": "2025-08-12 03:45:25", "elapsed": 40805.288177251816, "delta": 18.626033782958984}, "costs": {"total_cost": 182.34791554038932, "time_cost": 72.961, "final_distance_cost": 1.8289629860248926, "oscillation_cost": 19.067231741112536, "completition_cost": 0.0, "overshoot_cost": 52.29053343878146, "power_cost": 14.291080480957032, "noise_cost": 21.909106893513417, "n_waypoints_completed": 9, "tot_waypoints": 9}}
{"target": -182.37818576904718, "params": {"k_pid_pos": [0.526707209837603, 0.0, 0.0], "k_pid_alt": [1.6141193142238852, 0.0, 0.12160241997794084], "k_pid_att": [25.796923894248142, 2.133253585952753, 0.23159283166674055], "k_pid_yaw": [0.5, 1e-06, 0.1], "k_pid_hsp": [0.09116055415389718, 0.0, 0.0], "k_pid_vsp": [128.0331036088266, 122.36395334982036, 1.1152071931805208]}, "datetime": {"datetime": "2025-08-12 03:45:45", "elapsed": 40825.058725357056, "delta": 19.770548105239868}, "costs": {"total_cost": 182.37818576904718, "time_cost": 72.912, "final_distance_cost": 1.820278298404081, "oscillation_cost": 19.416844558050293, "completition_cost": 0.0, "overshoot_cost": 52.163284976086565, "power_cost": 14.16851239013672, "noise_cost": 21.897265546369514, "n_waypoints_completed": 9, "tot_waypoints": 9}}
{"target": -182.3388167730341, "params": {"k_pid_pos": [0.5283892863722551, 0.0, 0.0], "k_pid_alt": [1.6119562921924426, 0.0, 0.12957156649241985], "k_pid_att": [25.122476082356776, 2.1932258696067923, 0.21804011907166942], "k_pid_yaw": [0.5, 1e-06, 0.1], "k_pid_hsp": [0.09350287798588668, 0.0, 0.0], "k_pid_vsp": [131.45081785693387, 123.84020224279182, 1.1732513233887392]}, "datetime": {"datetime": "2025-08-12 03:46:03", "elapsed": 40843.02603721619, "delta": 17.96731185913086}, "costs": {"total_cost": 182.3388167730341, "time_cost": 72.828, "final_distance_cost": 1.8141714294058453, "oscillation_cost": 19.553731691035853, "completition_cost": 0.0, "overshoot_cost": 51.908905404817006, "power_cost": 14.231244360351564, "noise_cost": 22.002763887423832, "n_waypoints_completed": 9, "tot_waypoints": 9}}
{"target": -182.56666853457673, "params": {"k_pid_pos": [0.5340755328381522, 0.0, 0.0], "k_pid_alt": [1.618150873676546, 0.0, 0.13337274015374279], "k_pid_att": [25.692093456514296, 2.16867781717098, 0.19578467594972923], "k_pid_yaw": [0.5, 1e-06, 0.1], "k_pid_hsp": [0.10497467573617525, 0.0, 0.0], "k_pid_vsp": [127.26007840442031, 126.01001619517946, 1.2567434848176222]}, "datetime": {"datetime": "2025-08-12 03:46:23", "elapsed": 40863.107122421265, "delta": 20.081085205078125}, "costs": {"total_cost": 182.56666853457673, "time_cost": 72.541, "final_distance_cost": 1.8348514876082018, "oscillation_cost": 20.343348587274587, "completition_cost": 0.0, "overshoot_cost": 51.80707710030303, "power_cost": 14.195114221191407, "noise_cost": 21.845277138199503, "n_waypoints_completed": 9, "tot_waypoints": 9}}
{"target": -182.6609985125261, "params": {"k_pid_pos": [0.5707429699103139, 0.0, 0.0], "k_pid_alt": [1.62329015608031, 0.0, 0.11705018692795742], "k_pid_att": [27.3633635440588, 2.218193557606066, 0.2686941270518811], "k_pid_yaw": [0.5, 1e-06, 0.1], "k_pid_hsp": [0.08141588252604894, 0.0, 0.0], "k_pid_vsp": [127.91373239308737, 126.47998452258098, 1.0428939667895638]}, "datetime": {"datetime": "2025-08-12 03:46:42", "elapsed": 40881.474486112595, "delta": 18.367363691329956}, "costs": {"total_cost": 182.6609985125261, "time_cost": 72.97500000000001, "final_distance_cost": 1.798054773005368, "oscillation_cost": 19.327604312874623, "completition_cost": 0.0, "overshoot_cost": 52.29905027874698, "power_cost": 14.236522290039064, "noise_cost": 22.02476685786008, "n_waypoints_completed": 9, "tot_waypoints": 9}}
{"target": -182.0885828736017, "params": {"k_pid_pos": [0.5116908218443661, 0.0, 0.0], "k_pid_alt": [1.6073517833462938, 0.0, 0.11780590163294165], "k_pid_att": [29.548405686825284, 2.1542718072037217, 0.24545435334527888], "k_pid_yaw": [0.5, 1e-06, 0.1], "k_pid_hsp": [0.0848022274734575, 0.0, 0.0], "k_pid_vsp": [130.4093023629045, 104.17664543715968, 1.0062697172282107]}, "datetime": {"datetime": "2025-08-12 03:47:01", "elapsed": 40900.66340851784, "delta": 19.18892240524292}, "costs": {"total_cost": 182.0885828736017, "time_cost": 73.465, "final_distance_cost": 1.8090433162059076, "oscillation_cost": 18.389988064775274, "completition_cost": 0.0, "overshoot_cost": 52.128872964755246, "power_cost": 14.220344238281251, "noise_cost": 22.075334289584006, "n_waypoints_completed": 9, "tot_waypoints": 9}}
{"target": -182.39166860318875, "params": {"k_pid_pos": [0.5630478033832375, 3.9882072659340935e-05, 0.0007088255178199175], "k_pid_alt": [1.6182016387473368, 0.0, 0.1704329404669113], "k_pid_att": [25.81012588244728, 2.1214991738331905, 0.1864891486591341], "k_pid_yaw": [0.5, 1e-06, 0.1], "k_pid_hsp": [0.0969769884148174, 0.0, 0.0], "k_pid_vsp": [129.19697892243866, 139.34866519102718, 1.1787221546495257]}, "datetime": {"datetime": "2025-08-12 03:47:19", "elapsed": 40918.46939921379, "delta": 17.80599069595337}, "costs": {"total_cost": 182.39166860318875, "time_cost": 72.296, "final_distance_cost": 1.8322154830704172, "oscillation_cost": 20.68853039777173, "completition_cost": 0.0, "overshoot_cost": 51.567789822442954, "power_cost": 14.217750146484375, "noise_cost": 21.789382753419247, "n_waypoints_completed": 9, "tot_waypoints": 9}}
{"target": -182.3201564533991, "params": {"k_pid_pos": [0.5238022605758149, 0.0, 0.0], "k_pid_alt": [1.614577431778597, 0.0, 0.1353436197318799], "k_pid_att": [29.744602006391553, 2.1183530535053254, 0.28844894211328653], "k_pid_yaw": [0.5, 1e-06, 0.1], "k_pid_hsp": [0.09201062201295017, 0.0, 0.0], "k_pid_vsp": [130.3791372068609, 140.9938027703558, 1.2504842478926934]}, "datetime": {"datetime": "2025-08-12 03:47:38", "elapsed": 40937.87801814079, "delta": 19.408618927001953}, "costs": {"total_cost": 182.3201564533991, "time_cost": 72.947, "final_distance_cost": 1.8139859318320801, "oscillation_cost": 19.420085513628432, "completition_cost": 0.0, "overshoot_cost": 52.023338487582244, "power_cost": 14.210218005371095, "noise_cost": 21.905528514985242, "n_waypoints_completed": 9, "tot_waypoints": 9}}
{"target": -182.6586204005897, "params": {"k_pid_pos": [0.5265548881325074, 0.0, 0.0], "k_pid_alt": [1.6145070056542352, 0.0, 0.14079055300059895], "k_pid_att": [25.159853985712445, 2.8631333783571566, 0.21907201081986055], "k_pid_yaw": [0.5, 1e-06, 0.1], "k_pid_hsp": [0.08922704331984305, 0.0, 0.0], "k_pid_vsp": [126.04593514328043, 80.26973817020178, 1.2998422651149524]}, "datetime": {"datetime": "2025-08-12 03:47:58", "elapsed": 40957.75724554062, "delta": 19.87922739982605}, "costs": {"total_cost": 182.6586204005897, "time_cost": 73.045, "final_distance_cost": 1.835548690795676, "oscillation_cost": 19.3104926630065, "completition_cost": 0.0, "overshoot_cost": 52.231829790052416, "power_cost": 14.205331872558595, "noise_cost": 22.030417384176545, "n_waypoints_completed": 9, "tot_waypoints": 9}}
{"target": -182.20311516048892, "params": {"k_pid_pos": [0.5234987197455248, 0.0, 0.0], "k_pid_alt": [1.6140154300153495, 0.0, 0.1332214328415789], "k_pid_att": [24.82289645028345, 2.1287195512865753, 0.21989695517559102], "k_pid_yaw": [0.5, 1e-06, 0.1], "k_pid_hsp": [0.09104869883311145, 0.0, 0.0], "k_pid_vsp": [128.45581875522723, 127.57754158473412, 1.0950239500514463]}, "datetime": {"datetime": "2025-08-12 03:48:17", "elapsed": 40977.35778093338, "delta": 19.60053539276123}, "costs": {"total_cost": 182.20311516048892, "time_cost": 72.982, "final_distance_cost": 1.823505848921485, "oscillation_cost": 19.203319956649203, "completition_cost": 0.0, "overshoot_cost": 51.87470334255123, "power_cost": 14.240348522949219, "noise_cost": 22.079237489417817, "n_waypoints_completed": 9, "tot_waypoints": 9}}
{"target": -182.45882251649186, "params": {"k_pid_pos": [0.5271810070693387, 0.0, 0.0], "k_pid_alt": [1.614765983572885, 0.0, 0.1280761818133329], "k_pid_att": [25.742293263726424, 1.8040818057241415, 0.24090664296878003], "k_pid_yaw": [0.5, 1e-06, 0.1], "k_pid_hsp": [0.08939897955161039, 0.0, 0.0], "k_pid_vsp": [128.13345219152603, 128.17938877486682, 1.1110610145764663]}, "datetime": {"datetime": "2025-08-12 03:48:37", "elapsed": 40996.3984940052, "delta": 19.04071307182312}, "costs": {"total_cost": 182.45882251649186, "time_cost": 72.982, "final_distance_cost": 1.8331466160521508, "oscillation_cost": 19.130863697560457, "completition_cost": 0.0, "overshoot_cost": 52.15730497744886, "power_cost": 14.290371850585938, "noise_cost": 22.065135374844477, "n_waypoints_completed": 9, "tot_waypoints": 9}}
{"target": -182.21081495803006, "params": {"k_pid_pos": [0.5193346076180023, 0.0, 0.0], "k_pid_alt": [1.6164613129385372, 0.0, 0.1353923960307242], "k_pid_att": [22.933646214543558, 2.1183937732477154, 0.21039811564833427], "k_pid_yaw": [0.5, 1e-06, 0.1], "k_pid_hsp": [0.09110102757451254, 0.0, 0.0], "k_pid_vsp": [127.32818292361769, 108.23429333177945, 1.1240456178831792]}, "datetime": {"datetime": "2025-08-12 03:48:55", "elapsed": 41014.75104188919, "delta": 18.352547883987427}, "costs": {"total_cost": 182.21081495803006, "time_cost": 73.045, "final_distance_cost": 1.8148310399226812, "oscillation_cost": 19.120126090206355, "completition_cost": 0.0, "overshoot_cost": 52.02312770060413, "power_cost": 14.170480688476562, "noise_cost": 22.0372494388203, "n_waypoints_completed": 9, "tot_waypoints": 9}}
{"target": -182.62703831432015, "params": {"k_pid_pos": [0.5260632884687796, 0.0, 0.0], "k_pid_alt": [1.6072812447977978, 0.0, 0.17814313351419908], "k_pid_att": [22.861654504234863, 2.135073285284371, 0.22535441045002277], "k_pid_yaw": [0.5, 1e-06, 0.1], "k_pid_hsp": [0.0988931450693618, 0.0, 0.0], "k_pid_vsp": [131.0053500705187, 125.5763985716663, 1.0127478510592827]}, "datetime": {"datetime": "2025-08-12 03:49:14", "elapsed": 41033.85634756088, "delta": 19.105305671691895}, "costs": {"total_cost": 182.62703831432015, "time_cost": 72.8, "final_distance_cost": 1.8331427145023846, "oscillation_cost": 19.991661259163585, "completition_cost": 0.0, "overshoot_cost": 51.740813331778945, "power_cost": 14.234436340332032, "noise_cost": 22.026984668543193, "n_waypoints_completed": 9, "tot_waypoints": 9}}
