{"target": -187.78711939472703, "params": {"k_pid_pos": [1.4324739892986096, 0.08516096723965604, 0.27642941717420144], "k_pid_alt": [1.408520086456318, 0.0, 0.0], "k_pid_att": [25.092175941548767, 2.128344019160407, 0.15480462463644395], "k_pid_yaw": [0.5, 1e-06, 0.1], "k_pid_hsp": [0.20812282156275247, 0.012267649349835043, 0.0], "k_pid_vsp": [241.59059693969002, 59.43422540954322, 1e-06]}, "datetime": {"datetime": "2025-08-11 18:46:05", "elapsed": 8444.868029594421, "delta": 17.256972551345825}, "costs": {"total_cost": 187.78711939472703, "time_cost": 69.31400000000001, "final_distance_cost": 1.797437579385957, "oscillation_cost": 30.66187842847816, "completition_cost": 0.0, "overshoot_cost": 50.77275384646175, "power_cost": 14.507900195312502, "noise_cost": 20.73314934508862, "n_waypoints_completed": 9, "tot_waypoints": 9}}
{"target": -191.6564201939239, "params": {"k_pid_pos": [1.0976071665273686, 0.13137340493019664, 0.258169943795598], "k_pid_alt": [1.1902806630220284, 0.0, 0.3088144141186696], "k_pid_att": [16.544650951960843, 2.7815909835872468, 0.18198043638419115], "k_pid_yaw": [0.5, 1e-06, 0.1], "k_pid_hsp": [1.0155052557520314, 0.0, 0.0], "k_pid_vsp": [192.61220212999956, 61.70111083842015, 1e-06]}, "datetime": {"datetime": "2025-08-11 18:46:22", "elapsed": 8462.270410060883, "delta": 17.40238046646118}, "costs": {"total_cost": 191.6564201939239, "time_cost": 71.743, "final_distance_cost": 1.840939203569593, "oscillation_cost": 30.748215936700394, "completition_cost": 0.0, "overshoot_cost": 50.84913320542142, "power_cost": 14.938923291015625, "noise_cost": 21.5362085572169, "n_waypoints_completed": 9, "tot_waypoints": 9}}
{"target": -189.51433294733644, "params": {"k_pid_pos": [0.9606767383065601, 0.11887812736937317, 0.08958165604035027], "k_pid_alt": [1.6024890379082002, 0.0, 0.2769530087985334], "k_pid_att": [10.23855860179934, 3.115543260994484, 0.20041796249355742], "k_pid_yaw": [0.5, 1e-06, 0.1], "k_pid_hsp": [0.6225334618357254, 0.0, 0.0], "k_pid_vsp": [199.7101542968175, 70.3770282507628, 1.386841862334576]}, "datetime": {"datetime": "2025-08-11 18:46:40", "elapsed": 8479.743914365768, "delta": 17.473504304885864}, "costs": {"total_cost": 189.51433294733644, "time_cost": 70.392, "final_distance_cost": 1.834368288423904, "oscillation_cost": 30.79329625078758, "completition_cost": 0.0, "overshoot_cost": 50.362648524420855, "power_cost": 14.707563818359375, "noise_cost": 21.424456065344746, "n_waypoints_completed": 9, "tot_waypoints": 9}}
{"target": -190.66125843521831, "params": {"k_pid_pos": [1.54847608695756, 0.07193834323607723, 0.1919607418724136], "k_pid_alt": [1.1072923111137194, 0.0, 0.324915226777277], "k_pid_att": [28.73868564048906, 2.2623711658477443, 0.07790137407043143], "k_pid_yaw": [0.5, 1e-06, 0.1], "k_pid_hsp": [0.2728111287016979, 0.003259806393531731, 0.0], "k_pid_vsp": [121.98637844587225, 65.15663036588596, 5.6959695790454905]}, "datetime": {"datetime": "2025-08-11 18:46:57", "elapsed": 8496.969366312027, "delta": 17.225451946258545}, "costs": {"total_cost": 190.66125843521831, "time_cost": 70.476, "final_distance_cost": 1.7809032894428105, "oscillation_cost": 32.66299748838242, "completition_cost": 0.0, "overshoot_cost": 50.122610773539456, "power_cost": 14.795463830566407, "noise_cost": 20.8232830532872, "n_waypoints_completed": 9, "tot_waypoints": 9}}
{"target": -194.7983336952991, "params": {"k_pid_pos": [1.0316722183383267, 0.0, 0.030916275698403203], "k_pid_alt": [1.3856606681663937, 0.002624401976082553, 0.3348853366482772], "k_pid_att": [16.477695064265838, 3.0824444153589057, 0.14712751199162316], "k_pid_yaw": [0.5, 1e-06, 0.1], "k_pid_hsp": [0.05909158110563262, 0.0, 0.0], "k_pid_vsp": [201.8072518169444, 55.489923904058756, 5.407722539524386]}, "datetime": {"datetime": "2025-08-11 18:47:16", "elapsed": 8515.543497562408, "delta": 18.57413125038147}, "costs": {"total_cost": 194.7983336952991, "time_cost": 76.538, "final_distance_cost": 1.75236296153962, "oscillation_cost": 24.693745788580785, "completition_cost": 0.0, "overshoot_cost": 53.86249592820725, "power_cost": 15.011735510253907, "noise_cost": 22.93999350671755, "n_waypoints_completed": 9, "tot_waypoints": 9}}
{"target": -1253.9414872582338, "params": {"k_pid_pos": [1.3059668382035183, 0.08112648480436885, 0.08561579480075568], "k_pid_alt": [1.2832634268035683, 0.0, 0.31593989257164806], "k_pid_att": [8.932417158281197, 1.4452095830650669, 0.28351766397185063], "k_pid_yaw": [0.5, 1e-06, 0.1], "k_pid_hsp": [0.0001, 7.433216405247287e-05, 0.0], "k_pid_vsp": [170.1677544117396, 37.970148020161474, 1e-06]}, "datetime": {"datetime": "2025-08-11 18:47:46", "elapsed": 8545.600239276886, "delta": 30.05674171447754}, "costs": {"total_cost": 1253.9414872582338, "time_cost": 150, "final_distance_cost": 54.1977819043533, "oscillation_cost": 0.006039837020423125, "completition_cost": 888.8888888888888, "overshoot_cost": 106.7325442080501, "power_cost": 21.00628984375, "noise_cost": 33.10994257617138, "n_waypoints_completed": 1, "tot_waypoints": 9}}
{"target": -189.5787930325214, "params": {"k_pid_pos": [1.2887243174472243, 0.053555520894141784, 0.2949287231448847], "k_pid_alt": [1.4880882627649916, 0.0, 0.28688126071812914], "k_pid_att": [11.624024407266333, 2.9784543707955486, 0.20331799423904376], "k_pid_yaw": [0.5, 1e-06, 0.1], "k_pid_hsp": [0.6767755213492761, 0.008459796258658699, 0.0], "k_pid_vsp": [206.11917897835235, 56.89725650903528, 1e-06]}, "datetime": {"datetime": "2025-08-11 18:48:03", "elapsed": 8563.328011751175, "delta": 17.72777247428894}, "costs": {"total_cost": 189.5787930325214, "time_cost": 69.762, "final_distance_cost": 1.836978158436845, "oscillation_cost": 31.85011268946313, "completition_cost": 0.0, "overshoot_cost": 50.45141015667474, "power_cost": 14.670982043457032, "noise_cost": 21.00730998448963, "n_waypoints_completed": 9, "tot_waypoints": 9}}
{"target": -186.27643403246606, "params": {"k_pid_pos": [1.2015131002913666, 0.007227448826958777, 0.2512506537170578], "k_pid_alt": [1.4659071455639152, 0.0, 0.44711986444125273], "k_pid_att": [17.867106688289724, 2.8720136730552936, 0.13092768803752564], "k_pid_yaw": [0.5, 1e-06, 0.1], "k_pid_hsp": [0.1276686165278719, 0.0, 0.0], "k_pid_vsp": [216.85784800599765, 71.42121296328303, 1.3939942310393154]}, "datetime": {"datetime": "2025-08-11 18:48:21", "elapsed": 8580.959684610367, "delta": 17.631672859191895}, "costs": {"total_cost": 186.27643403246606, "time_cost": 70.46900000000001, "final_distance_cost": 1.812944530641537, "oscillation_cost": 27.872595546111683, "completition_cost": 0.0, "overshoot_cost": 50.800500724566355, "power_cost": 14.326268017578126, "noise_cost": 20.995125213568375, "n_waypoints_completed": 9, "tot_waypoints": 9}}
{"target": -187.08254969033877, "params": {"k_pid_pos": [1.0713622117719241, 0.10107109047755528, 0.20675992927515352], "k_pid_alt": [1.3954365654739465, 0.0, 0.22295131335392193], "k_pid_att": [14.314137333072281, 2.8837383943758215, 0.18604261777806533], "k_pid_yaw": [0.5, 1e-06, 0.1], "k_pid_hsp": [0.26007290721236254, 0.0, 0.0], "k_pid_vsp": [199.27296583248494, 69.29633933700082, 3.7410235961440588]}, "datetime": {"datetime": "2025-08-11 18:48:38", "elapsed": 8598.361669778824, "delta": 17.40198516845703}, "costs": {"total_cost": 187.08254969033877, "time_cost": 70.301, "final_distance_cost": 1.8140584839392226, "oscillation_cost": 28.444766901156477, "completition_cost": 0.0, "overshoot_cost": 50.888153399397254, "power_cost": 14.500186157226564, "noise_cost": 21.134384748619244, "n_waypoints_completed": 9, "tot_waypoints": 9}}
{"target": -1305.4376511497505, "params": {"k_pid_pos": [1.100029592872096, 0.7594034203387304, 0.15466520393378333], "k_pid_alt": [1.4812230711094705, 0.0, 0.3360110514871758], "k_pid_att": [28.97699046054965, 0.634977177886879, 0.3080529510255059], "k_pid_yaw": [0.5, 1e-06, 0.1], "k_pid_hsp": [0.0001, 0.1362220873695481, 0.0], "k_pid_vsp": [228.12913655767025, 1e-06, 41.70507789543621]}, "datetime": {"datetime": "2025-08-11 18:49:08", "elapsed": 8628.353987455368, "delta": 29.99231767654419}, "costs": {"total_cost": 1305.4376511497505, "time_cost": 150, "final_distance_cost": 93.64654147289282, "oscillation_cost": 110.43507911189259, "completition_cost": 777.7777777777778, "overshoot_cost": 105.97710510970398, "power_cost": 34.795746875, "noise_cost": 32.80540080248298, "n_waypoints_completed": 2, "tot_waypoints": 9}}
{"target": -192.68662663010727, "params": {"k_pid_pos": [0.8165599209283464, 0.08722142592462459, 0.05035398952103336], "k_pid_alt": [1.4330374779306418, 0.0, 0.30158709977057724], "k_pid_att": [10.010525904382948, 3.241515309143883, 0.17187984572968693], "k_pid_yaw": [0.5, 1e-06, 0.1], "k_pid_hsp": [0.07659087167289853, 0.0, 0.0], "k_pid_vsp": [193.7309572379688, 50.021445293172945, 1e-06]}, "datetime": {"datetime": "2025-08-11 18:49:28", "elapsed": 8647.417191267014, "delta": 19.063203811645508}, "costs": {"total_cost": 192.68662663010727, "time_cost": 76.37, "final_distance_cost": 1.7592182704635968, "oscillation_cost": 24.402717187410456, "completition_cost": 0.0, "overshoot_cost": 52.38047468589517, "power_cost": 15.000094067382813, "noise_cost": 22.774122418955233, "n_waypoints_completed": 9, "tot_waypoints": 9}}
{"target": -187.65288821360465, "params": {"k_pid_pos": [1.266819941108619, 0.09091279901292959, 0.18548500592408979], "k_pid_alt": [1.483941076268671, 0.0, 0.41941791861060795], "k_pid_att": [20.159939559415456, 3.145096136771965, 0.1880280322130668], "k_pid_yaw": [0.5, 1e-06, 0.1], "k_pid_hsp": [0.12632460698067532, 0.0, 0.0], "k_pid_vsp": [202.66007342674877, 78.56677651415794, 1e-06]}, "datetime": {"datetime": "2025-08-11 18:49:45", "elapsed": 8664.842151880264, "delta": 17.424960613250732}, "costs": {"total_cost": 187.65288821360465, "time_cost": 70.56700000000001, "final_distance_cost": 1.7760412426027163, "oscillation_cost": 28.781479750112076, "completition_cost": 0.0, "overshoot_cost": 51.01322552950561, "power_cost": 14.467861340332032, "noise_cost": 21.047280351052233, "n_waypoints_completed": 9, "tot_waypoints": 9}}
{"target": -222.5397513926596, "params": {"k_pid_pos": [1.0540014423610575, 0.03688362976435596, 0.16805848348830782], "k_pid_alt": [0.31596998872965554, 0.0, 0.0], "k_pid_att": [27.71282194383499, 2.9464068599396245, 0.20328983514861654], "k_pid_yaw": [0.5, 1e-06, 0.1], "k_pid_hsp": [1.0081399254853844, 0.008825482160030342, 0.0], "k_pid_vsp": [147.82810378918603, 46.382937891095324, 1.1817132274832611]}, "datetime": {"datetime": "2025-08-11 18:50:08", "elapsed": 8687.73716711998, "delta": 22.895015239715576}, "costs": {"total_cost": 222.5397513926596, "time_cost": 91.406, "final_distance_cost": 1.8594177961646479, "oscillation_cost": 33.22245040616775, "completition_cost": 0.0, "overshoot_cost": 51.416893612454125, "power_cost": 18.279882385253906, "noise_cost": 26.355107192619176, "n_waypoints_completed": 9, "tot_waypoints": 9}}
{"target": -191.07501849221924, "params": {"k_pid_pos": [1.2489246614055087, 0.0, 0.2173891466813834], "k_pid_alt": [1.2890409830589125, 0.0, 0.0], "k_pid_att": [28.534153788898507, 4.494526454535483, 0.30282286111175727], "k_pid_yaw": [0.5, 1e-06, 0.1], "k_pid_hsp": [0.06871246782787716, 0.006773346672221757, 0.0], "k_pid_vsp": [277.6119415934427, 80.5802569371944, 0.025382712791053613]}, "datetime": {"datetime": "2025-08-11 18:50:26", "elapsed": 8705.89259505272, "delta": 18.155427932739258}, "costs": {"total_cost": 191.07501849221924, "time_cost": 73.185, "final_distance_cost": 1.8044869758729383, "oscillation_cost": 27.386277706519092, "completition_cost": 0.0, "overshoot_cost": 52.30082104454534, "power_cost": 14.736602307128907, "noise_cost": 21.661830458152956, "n_waypoints_completed": 9, "tot_waypoints": 9}}
{"target": -283.285558946672, "params": {"k_pid_pos": [1.260892608941254, 0.1435168074963321, 0.1597172459150882], "k_pid_alt": [1.3304995564659419, 0.016055146268881, 0.20057646334709872], "k_pid_att": [7.007787175291313, 4.313757108805568, 0.33198243055290294], "k_pid_yaw": [0.5, 1e-06, 0.1], "k_pid_hsp": [0.5486201828145396, 0.0, 0.26297918823734834], "k_pid_vsp": [301.76305072049513, 81.43903629983888, 1e-06]}, "datetime": {"datetime": "2025-08-11 18:50:46", "elapsed": 8725.743076086044, "delta": 19.850481033325195}, "costs": {"total_cost": 283.285558946672, "time_cost": 80.388, "final_distance_cost": 1.7940923291637614, "oscillation_cost": 102.92965243639996, "completition_cost": 0.0, "overshoot_cost": 55.532051537392945, "power_cost": 19.59730850830078, "noise_cost": 23.04445413541452, "n_waypoints_completed": 9, "tot_waypoints": 9}}
{"target": -186.90933631177563, "params": {"k_pid_pos": [1.012179119141087, 0.08163989479886305, 0.19989092796148436], "k_pid_alt": [1.1449350356596057, 0.0, 0.27176639308378114], "k_pid_att": [23.34439613349728, 4.17646143903008, 0.19499652049213997], "k_pid_yaw": [0.5, 1e-06, 0.1], "k_pid_hsp": [0.1907222065621157, 0.0005500441915367912, 0.0], "k_pid_vsp": [205.52012640150144, 58.21548187527845, 1e-06]}, "datetime": {"datetime": "2025-08-11 18:51:05", "elapsed": 8744.397483825684, "delta": 18.654407739639282}, "costs": {"total_cost": 186.90933631177563, "time_cost": 71.365, "final_distance_cost": 1.8117564758431015, "oscillation_cost": 27.357886031156163, "completition_cost": 0.0, "overshoot_cost": 50.66082490092709, "power_cost": 14.500155773925782, "noise_cost": 21.213713129923523, "n_waypoints_completed": 9, "tot_waypoints": 9}}
{"target": -188.93212930275337, "params": {"k_pid_pos": [1.2423500507485368, 0.0, 0.20965639109445158], "k_pid_alt": [1.71835603102071, 0.0, 0.14717130469128725], "k_pid_att": [18.759219446673107, 2.811206850447595, 0.18046189197580695], "k_pid_yaw": [0.5, 1e-06, 0.1], "k_pid_hsp": [0.4387559371006458, 0.0, 0.0], "k_pid_vsp": [204.85602129057392, 65.37800452868808, 2.9269493114460627]}, "datetime": {"datetime": "2025-08-11 18:51:23", "elapsed": 8763.005213022232, "delta": 18.607729196548462}, "costs": {"total_cost": 188.93212930275337, "time_cost": 69.846, "final_distance_cost": 1.8467503193274561, "oscillation_cost": 30.406710226515983, "completition_cost": 0.0, "overshoot_cost": 50.95819382488531, "power_cost": 14.63495369873047, "noise_cost": 21.239521233294155, "n_waypoints_completed": 9, "tot_waypoints": 9}}
{"target": -227.0717484624957, "params": {"k_pid_pos": [0.2815579785758494, 0.17222465716298518, 0.2134052803441481], "k_pid_alt": [1.4129828319720574, 0.0, 0.25571897727789294], "k_pid_att": [36.9153219139771, 2.504991690099752, 0.1768470830101005], "k_pid_yaw": [0.5, 1e-06, 0.1], "k_pid_hsp": [3.1165715987739118, 0.0, 0.0], "k_pid_vsp": [220.19644865033422, 34.38636419459971, 1e-06]}, "datetime": {"datetime": "2025-08-11 18:51:47", "elapsed": 8787.368976831436, "delta": 24.3637638092041}, "costs": {"total_cost": 227.0717484624957, "time_cost": 93.57600000000001, "final_distance_cost": 1.8382467721379498, "oscillation_cost": 28.27238202128367, "completition_cost": 0.0, "overshoot_cost": 56.025295334739404, "power_cost": 17.98679626464844, "noise_cost": 29.373028069686228, "n_waypoints_completed": 9, "tot_waypoints": 9}}
{"target": -192.338403147104, "params": {"k_pid_pos": [1.0699156359224415, 0.19094629954272196, 0.21213527634138324], "k_pid_alt": [1.5285226497446418, 0.0, 0.4917290243556317], "k_pid_att": [34.02722763732412, 2.9669305303909974, 0.2863804967300561], "k_pid_yaw": [0.5, 1e-06, 0.1], "k_pid_hsp": [1.4414028993089125, 0.0, 0.0], "k_pid_vsp": [215.03644612905734, 93.72733622092457, 1e-06]}, "datetime": {"datetime": "2025-08-11 18:52:10", "elapsed": 8809.940763235092, "delta": 22.571786403656006}, "costs": {"total_cost": 192.338403147104, "time_cost": 71.624, "final_distance_cost": 1.8290268827427103, "oscillation_cost": 31.474185030818063, "completition_cost": 0.0, "overshoot_cost": 50.82889522661422, "power_cost": 14.983912121582032, "noise_cost": 21.598383885346966, "n_waypoints_completed": 9, "tot_waypoints": 9}}
{"target": -2571.1452942703363, "params": {"k_pid_pos": [0.611153697496824, 0.061008419626902274, 0.008418333862249189], "k_pid_alt": [1.1332345949242226, 0.0010596409068201985, 0.3937918688198392], "k_pid_att": [24.58522202069385, 3.7876292031444647, 0.15636649993735374], "k_pid_yaw": [0.5, 1e-06, 0.1], "k_pid_hsp": [0.004236964251173558, 0.0, 0.289934326205612], "k_pid_vsp": [178.6486606006778, 60.21086396822384, 1.9082419135052786]}, "datetime": {"datetime": "2025-08-11 18:52:40", "elapsed": 8839.927783727646, "delta": 29.98702049255371}, "costs": {"total_cost": 2571.1452942703363, "time_cost": 150, "final_distance_cost": 45.34680657722169, "oscillation_cost": 1269.2082527813468, "completition_cost": 1000.0, "overshoot_cost": 20.14978749217537, "power_cost": 55.18320421142578, "noise_cost": 31.257243208166816, "n_waypoints_completed": 0, "tot_waypoints": 9}}
{"target": -189.30413852498344, "params": {"k_pid_pos": [1.6497380870413199, 0.025838183634731143, 0.25869064535912634], "k_pid_alt": [1.5427264570707564, 0.0, 0.24450821483096227], "k_pid_att": [17.91986200226591, 1.3239900761119925, 0.17342401641857808], "k_pid_yaw": [0.5, 1e-06, 0.1], "k_pid_hsp": [0.20648459080679193, 0.0, 0.0], "k_pid_vsp": [374.16508533159686, 45.08538645860471, 1e-06]}, "datetime": {"datetime": "2025-08-11 18:52:58", "elapsed": 8857.51204919815, "delta": 17.58426547050476}, "costs": {"total_cost": 189.30413852498344, "time_cost": 69.902, "final_distance_cost": 1.7982104518989523, "oscillation_cost": 30.711258937025544, "completition_cost": 0.0, "overshoot_cost": 51.32675905093136, "power_cost": 14.676682275390625, "noise_cost": 20.889227809736987, "n_waypoints_completed": 9, "tot_waypoints": 9}}
{"target": -186.24759793567176, "params": {"k_pid_pos": [1.077042044609474, 0.0, 0.2131556841839446], "k_pid_alt": [1.480448327279819, 0.002676640463887168, 0.29039749919413416], "k_pid_att": [11.273709064861086, 3.075221343667658, 0.2910031142511228], "k_pid_yaw": [0.5, 1e-06, 0.1], "k_pid_hsp": [0.20164993541079979, 0.0, 0.0], "k_pid_vsp": [229.95073555064755, 62.92408859761046, 1e-06]}, "datetime": {"datetime": "2025-08-11 18:53:15", "elapsed": 8874.94539642334, "delta": 17.43334722518921}, "costs": {"total_cost": 186.24759793567176, "time_cost": 70.035, "final_distance_cost": 1.841855727977264, "oscillation_cost": 28.09956992522989, "completition_cost": 0.0, "overshoot_cost": 50.77485910986268, "power_cost": 14.381928393554688, "noise_cost": 21.114384779047253, "n_waypoints_completed": 9, "tot_waypoints": 9}}
{"target": -188.6705500658983, "params": {"k_pid_pos": [1.0721170203269232, 0.11870621164753331, 0.09722506766726749], "k_pid_alt": [1.6139666491807867, 0.0, 0.24226856467770347], "k_pid_att": [21.292706396521595, 3.2111461699671895, 0.1802235527144902], "k_pid_yaw": [0.5, 1e-06, 0.1], "k_pid_hsp": [0.3877243146128315, 0.0004210679938420616, 0.0], "k_pid_vsp": [210.88823042187522, 38.780154238463204, 1e-06]}, "datetime": {"datetime": "2025-08-11 18:53:33", "elapsed": 8892.412183761597, "delta": 17.466787338256836}, "costs": {"total_cost": 188.6705500658983, "time_cost": 70.287, "final_distance_cost": 1.821617294564548, "oscillation_cost": 29.83981751937939, "completition_cost": 0.0, "overshoot_cost": 50.84097830077468, "power_cost": 14.65825751953125, "noise_cost": 21.222879431648444, "n_waypoints_completed": 9, "tot_waypoints": 9}}
{"target": -1275.2171007989111, "params": {"k_pid_pos": [0.0001, 0.1709828607925322, 0.013293024928193897], "k_pid_alt": [1.6446250898710866, 0.0, 0.9227277215031968], "k_pid_att": [12.945736740031919, 1.7730634892505521, 0.26339313733309544], "k_pid_yaw": [0.5, 1e-06, 0.1], "k_pid_hsp": [0.0001, 0.0, 0.0], "k_pid_vsp": [112.51102180199825, 57.99992588934322, 0.9088175995487964]}, "datetime": {"datetime": "2025-08-11 18:54:02", "elapsed": 8922.12646484375, "delta": 29.71428108215332}, "costs": {"total_cost": 1275.2171007989111, "time_cost": 150, "final_distance_cost": 45.23999565423979, "oscillation_cost": 0.0008030870517262698, "completition_cost": 1000.0, "overshoot_cost": 25.879768966615647, "power_cost": 20.997939379882812, "noise_cost": 33.09859371112083, "n_waypoints_completed": 0, "tot_waypoints": 9}}
{"target": -188.23342728991406, "params": {"k_pid_pos": [1.3137148924477318, 0.048164761408437826, 0.12300278594770678], "k_pid_alt": [1.3944894051113208, 0.0, 0.3488999689074731], "k_pid_att": [16.73229897207998, 3.291789738125588, 0.19010746574484372], "k_pid_yaw": [0.5, 1e-06, 0.1], "k_pid_hsp": [0.4020881587370001, 0.00706594379338301, 0.0], "k_pid_vsp": [188.68771782494062, 54.66053150008777, 1e-06]}, "datetime": {"datetime": "2025-08-11 18:54:19", "elapsed": 8939.106122732162, "delta": 16.979657888412476}, "costs": {"total_cost": 188.23342728991406, "time_cost": 69.59400000000001, "final_distance_cost": 1.8117738963047503, "oscillation_cost": 31.281206000154317, "completition_cost": 0.0, "overshoot_cost": 50.13950744944107, "power_cost": 14.685792443847657, "noise_cost": 20.72114750016626, "n_waypoints_completed": 9, "tot_waypoints": 9}}
{"target": -1242.7880530511875, "params": {"k_pid_pos": [1.0066335310909469, 0.0, 0.26609052060433225], "k_pid_alt": [1.4467836769245808, 0.0005136587477618196, 0.259566310317735], "k_pid_att": [31.587165293497783, 3.069340385325314, 0.19240480891136216], "k_pid_yaw": [0.5, 1e-06, 0.1], "k_pid_hsp": [0.0001, 0.0, 0.0], "k_pid_vsp": [207.05043840919149, 60.964112440584785, 1e-06]}, "datetime": {"datetime": "2025-08-11 18:54:49", "elapsed": 8969.171568870544, "delta": 30.065446138381958}, "costs": {"total_cost": 1242.7880530511875, "time_cost": 150, "final_distance_cost": 47.71416008236265, "oscillation_cost": 0.007222658537904681, "completition_cost": 888.8888888888888, "overshoot_cost": 102.07568081821482, "power_cost": 20.999782104492187, "noise_cost": 33.10231849869122, "n_waypoints_completed": 1, "tot_waypoints": 9}}
