{"target": -183.96706866857053, "params": {"k_pid_pos": [0.8282008712921188, 0.0, 0.13377102175852454], "k_pid_alt": [1.562235055296705, 0.0, 0.26348664091217366], "k_pid_att": [21.118608394011325, 3.3940877000837997, 0.17119543521956238], "k_pid_yaw": [0.5, 1e-06, 0.1], "k_pid_hsp": [0.12349733299577408, 0.0, 0.0], "k_pid_vsp": [192.77397063840363, 72.62075729685711, 2.850556746147083]}, "datetime": {"datetime": "2025-08-11 20:42:48", "elapsed": 15448.339250564575, "delta": 18.185707092285156}, "costs": {"total_cost": 183.96706866857053, "time_cost": 70.784, "final_distance_cost": 1.8165979336673832, "oscillation_cost": 24.957441561828094, "completition_cost": 0.0, "overshoot_cost": 50.97257884782317, "power_cost": 14.191467211914063, "noise_cost": 21.244983113337813, "n_waypoints_completed": 9, "tot_waypoints": 9}}
{"target": -183.76188207745165, "params": {"k_pid_pos": [0.8036864541509887, 0.0, 0.0], "k_pid_alt": [1.5457476869016287, 0.0, 0.2912603692630805], "k_pid_att": [32.95790324332434, 2.226929799275091, 0.17089455313282864], "k_pid_yaw": [0.5, 1e-06, 0.1], "k_pid_hsp": [0.165027501071122, 0.0, 0.0], "k_pid_vsp": [112.46594247316159, 50.97279784624809, 0.8546651991286053]}, "datetime": {"datetime": "2025-08-11 20:43:06", "elapsed": 15465.806358337402, "delta": 17.46710777282715}, "costs": {"total_cost": 183.76188207745165, "time_cost": 70.161, "final_distance_cost": 1.8281836710481618, "oscillation_cost": 25.97768744483976, "completition_cost": 0.0, "overshoot_cost": 50.66145991243651, "power_cost": 14.176305981445314, "noise_cost": 20.957245067681868, "n_waypoints_completed": 9, "tot_waypoints": 9}}
{"target": -191.45694430386013, "params": {"k_pid_pos": [0.628680481990179, 0.0, 0.0], "k_pid_alt": [2.0, 0.0, 0.12343931451068377], "k_pid_att": [32.019688668476874, 2.113167481003481, 0.05211227287968909], "k_pid_yaw": [0.5, 1e-06, 0.1], "k_pid_hsp": [0.2677898342618528, 0.0, 0.0], "k_pid_vsp": [129.5580620662942, 50.44518724977742, 0.5471414153549142]}, "datetime": {"datetime": "2025-08-11 20:43:24", "elapsed": 15484.317772388458, "delta": 18.511414051055908}, "costs": {"total_cost": 191.45694430386013, "time_cost": 73.353, "final_distance_cost": 1.8473968407891437, "oscillation_cost": 27.99916126295742, "completition_cost": 0.0, "overshoot_cost": 50.7900650719018, "power_cost": 14.749286450195314, "noise_cost": 22.718034678016476, "n_waypoints_completed": 9, "tot_waypoints": 9}}
{"target": -185.4884452354239, "params": {"k_pid_pos": [0.565935709707563, 0.0, 0.07675298069977102], "k_pid_alt": [1.674529922610925, 0.0, 0.0], "k_pid_att": [23.069623684857408, 2.17912497246715, 0.14846517576414425], "k_pid_yaw": [0.5, 1e-06, 0.1], "k_pid_hsp": [0.06577661521251593, 0.0, 0.0], "k_pid_vsp": [144.91365590818413, 51.025083267765325, 3.1912907279004354]}, "datetime": {"datetime": "2025-08-11 20:43:44", "elapsed": 15503.42087316513, "delta": 19.103100776672363}, "costs": {"total_cost": 185.4884452354239, "time_cost": 75.10300000000001, "final_distance_cost": 1.799139062527899, "oscillation_cost": 17.44888738047844, "completition_cost": 0.0, "overshoot_cost": 53.80948673430102, "power_cost": 14.415036584472658, "noise_cost": 22.91289547364389, "n_waypoints_completed": 9, "tot_waypoints": 9}}
{"target": -255.22047363218, "params": {"k_pid_pos": [0.2875367591789623, 0.021449521393715552, 0.35175019207059316], "k_pid_alt": [1.4847228683860254, 0.0, 0.1718829164865628], "k_pid_att": [20.68931366284385, 2.6279300462761674, 0.1858468589509864], "k_pid_yaw": [0.5, 1e-06, 0.1], "k_pid_hsp": [0.2428392909136426, 0.0, 0.0], "k_pid_vsp": [121.81963692889192, 98.83579122859571, 1e-06]}, "datetime": {"datetime": "2025-08-11 20:44:14", "elapsed": 15533.73974108696, "delta": 30.318867921829224}, "costs": {"total_cost": 255.22047363218, "time_cost": 115.227, "final_distance_cost": 1.8609449752758473, "oscillation_cost": 17.98445916791681, "completition_cost": 0.0, "overshoot_cost": 59.576976144750745, "power_cost": 21.48424743652344, "noise_cost": 39.086845907713126, "n_waypoints_completed": 9, "tot_waypoints": 9}}
{"target": -183.20112330936286, "params": {"k_pid_pos": [0.6464425102675979, 0.0, 0.0], "k_pid_alt": [1.5360751395096683, 0.0, 0.17570879471481832], "k_pid_att": [32.399134264891465, 2.227966461563573, 0.17365021590078095], "k_pid_yaw": [0.5, 1e-06, 0.1], "k_pid_hsp": [0.11560892055032972, 0.0, 0.0], "k_pid_vsp": [164.62866876609147, 55.87284946787778, 1.2483075044694176]}, "datetime": {"datetime": "2025-08-11 20:44:35", "elapsed": 15554.755056142807, "delta": 21.015315055847168}, "costs": {"total_cost": 183.20112330936286, "time_cost": 71.47, "final_distance_cost": 1.824022827235151, "oscillation_cost": 22.83066302963864, "completition_cost": 0.0, "overshoot_cost": 51.474109982985155, "power_cost": 14.100763610839845, "noise_cost": 21.501563858664063, "n_waypoints_completed": 9, "tot_waypoints": 9}}
{"target": -183.3055232906977, "params": {"k_pid_pos": [0.732084271783672, 0.0, 0.0], "k_pid_alt": [1.5762207545007307, 0.0, 0.2160700823886106], "k_pid_att": [37.860322797148, 2.182956614789358, 0.22234879436777605], "k_pid_yaw": [0.5, 1e-06, 0.1], "k_pid_hsp": [0.10191821236362944, 0.0, 0.0], "k_pid_vsp": [166.3600185915733, 63.89264160632264, 0.18706855589715457]}, "datetime": {"datetime": "2025-08-11 20:44:58", "elapsed": 15578.359761714935, "delta": 23.604705572128296}, "costs": {"total_cost": 183.3055232906977, "time_cost": 71.134, "final_distance_cost": 1.8232027292268609, "oscillation_cost": 23.26121162950171, "completition_cost": 0.0, "overshoot_cost": 51.73185218562902, "power_cost": 14.096789819335939, "noise_cost": 21.258466927004164, "n_waypoints_completed": 9, "tot_waypoints": 9}}
{"target": -187.1088500151521, "params": {"k_pid_pos": [1.0951023473525339, 0.09553121855177146, 0.3063487072902743], "k_pid_alt": [1.5080956206341407, 0.0, 0.26326192013816885], "k_pid_att": [23.396813823225393, 2.9109474741351744, 0.14712303615514005], "k_pid_yaw": [0.5, 1e-06, 0.1], "k_pid_hsp": [0.4965266565787985, 0.0, 0.0], "k_pid_vsp": [109.11489116022, 109.38030932340956, 0.6407242230366278]}, "datetime": {"datetime": "2025-08-11 20:45:16", "elapsed": 15596.185453891754, "delta": 17.825692176818848}, "costs": {"total_cost": 187.1088500151521, "time_cost": 70.315, "final_distance_cost": 1.837709865330058, "oscillation_cost": 28.675994437745885, "completition_cost": 0.0, "overshoot_cost": 50.42215631278665, "power_cost": 14.614643981933595, "noise_cost": 21.243345417355904, "n_waypoints_completed": 9, "tot_waypoints": 9}}
{"target": -183.39104657268967, "params": {"k_pid_pos": [0.7003956942250469, 0.002697622443127443, 0.02833780817295254], "k_pid_alt": [1.6396678070477952, 0.0, 0.2749298052032334], "k_pid_att": [45.87582672153669, 2.5630832639878185, 0.19615652668329225], "k_pid_yaw": [0.5, 1e-06, 0.1], "k_pid_hsp": [0.1308154453235254, 0.0, 0.0], "k_pid_vsp": [134.32652545202708, 69.34422104294835, 0.1869466106001576]}, "datetime": {"datetime": "2025-08-11 20:45:34", "elapsed": 15613.93762922287, "delta": 17.752175331115723}, "costs": {"total_cost": 183.39104657268967, "time_cost": 71.029, "final_distance_cost": 1.8218548889984292, "oscillation_cost": 24.060216001641543, "completition_cost": 0.0, "overshoot_cost": 51.136391989652004, "power_cost": 14.110552258300782, "noise_cost": 21.233031434096947, "n_waypoints_completed": 9, "tot_waypoints": 9}}
{"target": -183.90526112943078, "params": {"k_pid_pos": [0.6027933039043927, 0.0, 0.0], "k_pid_alt": [1.583210071623621, 0.0, 0.2980310588940747], "k_pid_att": [28.61257373404252, 2.3287640082312597, 0.10674122009852534], "k_pid_yaw": [0.5, 1e-06, 0.1], "k_pid_hsp": [0.08522778711381868, 0.0, 0.0], "k_pid_vsp": [181.0994461059202, 57.60633971904992, 1.3237671988407134]}, "datetime": {"datetime": "2025-08-11 20:45:52", "elapsed": 15631.576259851456, "delta": 17.638630628585815}, "costs": {"total_cost": 183.90526112943078, "time_cost": 72.884, "final_distance_cost": 1.8026885926776128, "oscillation_cost": 20.501503827272856, "completition_cost": 0.0, "overshoot_cost": 52.60869685344285, "power_cost": 14.175039953613283, "noise_cost": 21.933331902424158, "n_waypoints_completed": 9, "tot_waypoints": 9}}
{"target": -186.08454403621985, "params": {"k_pid_pos": [0.624632875170131, 0.0, 0.0], "k_pid_alt": [1.624036275127674, 0.0, 0.2909823945635178], "k_pid_att": [32.14664249653207, 2.213540398094189, 0.24342619800362625], "k_pid_yaw": [0.5, 1e-06, 0.1], "k_pid_hsp": [0.17221145720686143, 0.0, 0.0], "k_pid_vsp": [156.65179837425856, 57.09809949075092, 0.33999891168177004]}, "datetime": {"datetime": "2025-08-11 20:46:10", "elapsed": 15649.824831962585, "delta": 18.24857211112976}, "costs": {"total_cost": 186.08454403621985, "time_cost": 72.226, "final_distance_cost": 1.8471571808516827, "oscillation_cost": 24.80156993711881, "completition_cost": 0.0, "overshoot_cost": 50.96592614000743, "power_cost": 14.371901599121095, "noise_cost": 21.871989179120835, "n_waypoints_completed": 9, "tot_waypoints": 9}}
{"target": -185.4003307217352, "params": {"k_pid_pos": [0.8902739686926615, 0.0, 0.0], "k_pid_alt": [1.5149272247651546, 0.0, 0.4340438576926957], "k_pid_att": [26.11358461356533, 2.2645370111943217, 0.17695786435351157], "k_pid_yaw": [0.5, 1e-06, 0.1], "k_pid_hsp": [0.08680055433065759, 0.0, 0.0], "k_pid_vsp": [152.95257720261722, 60.50632790756629, 2.8392487374984308]}, "datetime": {"datetime": "2025-08-11 20:46:28", "elapsed": 15667.800676345825, "delta": 17.975844383239746}, "costs": {"total_cost": 185.4003307217352, "time_cost": 71.736, "final_distance_cost": 1.7734090129525786, "oscillation_cost": 24.769469547391513, "completition_cost": 0.0, "overshoot_cost": 51.78039506092538, "power_cost": 14.132682824707032, "noise_cost": 21.208374275758676, "n_waypoints_completed": 9, "tot_waypoints": 9}}
{"target": -196.75254161527113, "params": {"k_pid_pos": [0.6546345392652739, 0.008107287601920275, 0.2309317391882787], "k_pid_alt": [2.0, 0.0, 0.2640900548540175], "k_pid_att": [31.977908452368318, 2.319279782140814, 0.1077196316136253], "k_pid_yaw": [0.5, 1e-06, 0.1], "k_pid_hsp": [0.2978412480401934, 0.00021993177613877074, 0.0], "k_pid_vsp": [155.36830904077704, 50.86518897442479, 1.483184165529337]}, "datetime": {"datetime": "2025-08-11 20:46:47", "elapsed": 15687.337535858154, "delta": 19.5368595123291}, "costs": {"total_cost": 196.75254161527113, "time_cost": 77.672, "final_distance_cost": 1.854512061537552, "oscillation_cost": 26.43750187246072, "completition_cost": 0.0, "overshoot_cost": 51.22793479553881, "power_cost": 15.300511584472657, "noise_cost": 24.260081301261415, "n_waypoints_completed": 9, "tot_waypoints": 9}}
{"target": -184.78741154766936, "params": {"k_pid_pos": [0.9047542344154829, 0.0, 0.0], "k_pid_alt": [1.6398835494908937, 0.0, 0.37797882813055317], "k_pid_att": [33.85680964739887, 4.0665249098661445, 0.15684181764979285], "k_pid_yaw": [0.5, 1e-06, 0.1], "k_pid_hsp": [0.12209234713470934, 0.0, 0.0], "k_pid_vsp": [148.7024348625815, 55.53120504143483, 3.056885981361516]}, "datetime": {"datetime": "2025-08-11 20:47:05", "elapsed": 15704.841861963272, "delta": 17.504326105117798}, "costs": {"total_cost": 184.78741154766936, "time_cost": 70.287, "final_distance_cost": 1.8233163626932833, "oscillation_cost": 26.366457456234237, "completition_cost": 0.0, "overshoot_cost": 51.18930188372036, "power_cost": 14.213846057128906, "noise_cost": 20.907489787892587, "n_waypoints_completed": 9, "tot_waypoints": 9}}
{"target": -188.18228472099426, "params": {"k_pid_pos": [0.6526081836668766, 0.0, 0.0], "k_pid_alt": [1.5609075910228674, 0.0, 0.294011766386269], "k_pid_att": [27.429346270863473, 2.4634467496143033, 0.16976181672378315], "k_pid_yaw": [0.5, 1e-06, 0.1], "k_pid_hsp": [0.06874806493455515, 0.0, 0.0], "k_pid_vsp": [157.46941789321315, 52.16324536290342, 1.5410543620812884]}, "datetime": {"datetime": "2025-08-11 20:47:24", "elapsed": 15723.617420911789, "delta": 18.775558948516846}, "costs": {"total_cost": 188.18228472099426, "time_cost": 75.754, "final_distance_cost": 1.7925323707513257, "oscillation_cost": 19.92697328708565, "completition_cost": 0.0, "overshoot_cost": 53.39268403399511, "power_cost": 14.601244982910156, "noise_cost": 22.714850046252003, "n_waypoints_completed": 9, "tot_waypoints": 9}}
{"target": -184.08063816154646, "params": {"k_pid_pos": [0.707237995778097, 0.0, 0.0], "k_pid_alt": [1.5910960771929494, 0.0, 0.23505271477167214], "k_pid_att": [20.97207926626872, 2.2986696344161266, 0.16811703959414317], "k_pid_yaw": [0.5, 1e-06, 0.1], "k_pid_hsp": [0.1611116592876874, 0.0, 0.0], "k_pid_vsp": [172.28159446761995, 52.21393491596236, 2.4772963790717717]}, "datetime": {"datetime": "2025-08-11 20:47:42", "elapsed": 15741.687058448792, "delta": 18.069637537002563}, "costs": {"total_cost": 184.08063816154646, "time_cost": 70.868, "final_distance_cost": 1.834346746722033, "oscillation_cost": 24.76921302273374, "completition_cost": 0.0, "overshoot_cost": 51.13055124574497, "power_cost": 14.183873876953125, "noise_cost": 21.2946532693926, "n_waypoints_completed": 9, "tot_waypoints": 9}}
{"target": -190.88922490198917, "params": {"k_pid_pos": [0.542609479113456, 0.04354369729906814, 0.0], "k_pid_alt": [1.7061380400622819, 0.0, 0.34140061593558857], "k_pid_att": [26.53038341268393, 2.241533331622753, 0.2656269619270031], "k_pid_yaw": [0.5, 1e-06, 0.1], "k_pid_hsp": [0.0851006226429897, 0.0009625167267843611, 0.0], "k_pid_vsp": [130.04899804050876, 42.3095538327593, 4.388182098431441]}, "datetime": {"datetime": "2025-08-11 20:48:01", "elapsed": 15761.351198911667, "delta": 19.664140462875366}, "costs": {"total_cost": 190.88922490198917, "time_cost": 77.994, "final_distance_cost": 1.7988118286818484, "oscillation_cost": 19.826064521441676, "completition_cost": 0.0, "overshoot_cost": 52.77712445341472, "power_cost": 15.039010595703125, "noise_cost": 23.454213502747805, "n_waypoints_completed": 9, "tot_waypoints": 9}}
{"target": -189.74510306807412, "params": {"k_pid_pos": [0.7248192855369976, 0.0, 0.0013789555290135425], "k_pid_alt": [1.8147106471282977, 0.0, 0.1667422139709058], "k_pid_att": [22.693547506001607, 2.268364300219573, 0.20990890649563856], "k_pid_yaw": [0.5, 1e-06, 0.1], "k_pid_hsp": [0.48910697505816986, 0.0, 0.0], "k_pid_vsp": [149.15083228957081, 24.22264894996862, 0.2870558934214235]}, "datetime": {"datetime": "2025-08-11 20:48:20", "elapsed": 15779.852976560593, "delta": 18.50177764892578}, "costs": {"total_cost": 189.74510306807412, "time_cost": 72.569, "final_distance_cost": 1.8497017816781747, "oscillation_cost": 26.969710303173734, "completition_cost": 0.0, "overshoot_cost": 51.12550211145328, "power_cost": 14.7796404296875, "noise_cost": 22.451548442081407, "n_waypoints_completed": 9, "tot_waypoints": 9}}
{"target": -183.3211122650637, "params": {"k_pid_pos": [0.5421715726404356, 0.0, 0.0], "k_pid_alt": [1.5842585069693738, 0.0, 0.0], "k_pid_att": [32.838952609112795, 2.266151461117952, 0.2024366653933608], "k_pid_yaw": [0.5, 1e-06, 0.1], "k_pid_hsp": [0.11373333215152365, 0.0, 0.0], "k_pid_vsp": [131.98121419823735, 50.90756498240801, 2.311625699418463]}, "datetime": {"datetime": "2025-08-11 20:48:38", "elapsed": 15798.001364946365, "delta": 18.148388385772705}, "costs": {"total_cost": 183.3211122650637, "time_cost": 72.569, "final_distance_cost": 1.8400647372942698, "oscillation_cost": 20.959264253475187, "completition_cost": 0.0, "overshoot_cost": 51.67774785696162, "power_cost": 14.271330114746094, "noise_cost": 22.003705302586532, "n_waypoints_completed": 9, "tot_waypoints": 9}}
{"target": -183.47486079954206, "params": {"k_pid_pos": [0.7626069054646749, 0.0, 0.0], "k_pid_alt": [1.6233813476176144, 0.0, 0.3166341274426996], "k_pid_att": [27.777721484463616, 2.4107070098647845, 0.1889031129772211], "k_pid_yaw": [0.5, 1e-06, 0.1], "k_pid_hsp": [0.11579399932128775, 0.0, 0.0], "k_pid_vsp": [148.7233663149156, 56.58816852150177, 2.213993882153734]}, "datetime": {"datetime": "2025-08-11 20:48:56", "elapsed": 15815.788129091263, "delta": 17.78676414489746}, "costs": {"total_cost": 183.47486079954206, "time_cost": 70.749, "final_distance_cost": 1.8091048100881235, "oscillation_cost": 24.16498679917097, "completition_cost": 0.0, "overshoot_cost": 51.40537113978319, "power_cost": 14.156055175781251, "noise_cost": 21.190342874718525, "n_waypoints_completed": 9, "tot_waypoints": 9}}
{"target": -183.94226945897998, "params": {"k_pid_pos": [0.6285984082695215, 0.0, 0.0], "k_pid_alt": [1.6130039723427292, 0.0, 0.36528055520517394], "k_pid_att": [24.94541517837468, 2.269736762141518, 0.18128087417000377], "k_pid_yaw": [0.5, 1e-06, 0.1], "k_pid_hsp": [0.11517065429542535, 0.0, 0.0], "k_pid_vsp": [184.66838656035117, 51.17561643663045, 2.9826253884338514]}, "datetime": {"datetime": "2025-08-11 20:49:14", "elapsed": 15833.94304394722, "delta": 18.15491485595703}, "costs": {"total_cost": 183.94226945897998, "time_cost": 71.918, "final_distance_cost": 1.822443630756332, "oscillation_cost": 23.002934220450058, "completition_cost": 0.0, "overshoot_cost": 51.47445397290774, "power_cost": 14.190245861816408, "noise_cost": 21.534191773049457, "n_waypoints_completed": 9, "tot_waypoints": 9}}
{"target": -186.5046636357633, "params": {"k_pid_pos": [0.8599630898848202, 0.0, 0.0], "k_pid_alt": [1.5054948755595603, 0.0, 0.3110228630818862], "k_pid_att": [27.833136947024393, 2.0998979171864574, 0.17925590595295895], "k_pid_yaw": [0.5, 1e-06, 0.1], "k_pid_hsp": [0.354814293876471, 0.0, 0.0], "k_pid_vsp": [158.83302288258093, 53.60942642318292, 2.913916716420715]}, "datetime": {"datetime": "2025-08-11 20:49:32", "elapsed": 15851.4466984272, "delta": 17.50365447998047}, "costs": {"total_cost": 186.5046636357633, "time_cost": 70.343, "final_distance_cost": 1.8427896038575167, "oscillation_cost": 27.768931079498874, "completition_cost": 0.0, "overshoot_cost": 50.82967960875561, "power_cost": 14.466056091308594, "noise_cost": 21.254207252342727, "n_waypoints_completed": 9, "tot_waypoints": 9}}
{"target": -185.33280175794198, "params": {"k_pid_pos": [0.6496710444618011, 0.0, 0.0], "k_pid_alt": [1.571839650911625, 0.0, 0.3207988653983764], "k_pid_att": [33.49643620482955, 2.5265699779249293, 0.20658575092352027], "k_pid_yaw": [0.5, 1e-06, 0.1], "k_pid_hsp": [0.07283844961689515, 0.0, 0.0], "k_pid_vsp": [140.98666289113572, 68.67310215403819, 3.255166358121281]}, "datetime": {"datetime": "2025-08-11 20:49:50", "elapsed": 15870.01040816307, "delta": 18.56370973587036}, "costs": {"total_cost": 185.33280175794198, "time_cost": 73.955, "final_distance_cost": 1.783688574911484, "oscillation_cost": 20.325506243046526, "completition_cost": 0.0, "overshoot_cost": 52.820884114334156, "power_cost": 14.28990242919922, "noise_cost": 22.15782039645061, "n_waypoints_completed": 9, "tot_waypoints": 9}}
{"target": -1285.6169602179343, "params": {"k_pid_pos": [0.0001, 0.0, 0.0], "k_pid_alt": [1.5697486362518593, 0.0, 0.18487173355222958], "k_pid_att": [30.52045003267366, 2.3593275216405605, 0.2869453793981955], "k_pid_yaw": [0.5, 1e-06, 0.1], "k_pid_hsp": [0.009006910507635052, 0.0, 0.0], "k_pid_vsp": [114.90062862720946, 31.351747251374192, 3.9393138692220537]}, "datetime": {"datetime": "2025-08-11 20:50:21", "elapsed": 15900.91244673729, "delta": 30.90203857421875}, "costs": {"total_cost": 1285.6169602179343, "time_cost": 150, "final_distance_cost": 46.011189608646404, "oscillation_cost": 0.0001033171417003328, "completition_cost": 1000.0, "overshoot_cost": 35.50476523455481, "power_cost": 20.995634033203125, "noise_cost": 33.105268024388266, "n_waypoints_completed": 0, "tot_waypoints": 9}}
{"target": -183.09066482165318, "params": {"k_pid_pos": [0.7261987982534721, 0.0, 0.0], "k_pid_alt": [1.6894287362082703, 0.0, 0.1492845822191461], "k_pid_att": [31.7124048694502, 2.257764285361485, 0.16540750203397242], "k_pid_yaw": [0.5, 1e-06, 0.1], "k_pid_hsp": [0.12636382758538944, 0.0, 0.0], "k_pid_vsp": [150.4134770296832, 51.061586658585256, 3.3852408742504463]}, "datetime": {"datetime": "2025-08-11 20:50:38", "elapsed": 15918.32419514656, "delta": 17.41174840927124}, "costs": {"total_cost": 183.09066482165318, "time_cost": 70.679, "final_distance_cost": 1.8237281073170117, "oscillation_cost": 24.043898480257152, "completition_cost": 0.0, "overshoot_cost": 51.28627594894405, "power_cost": 14.07500595703125, "noise_cost": 21.182756328103732, "n_waypoints_completed": 9, "tot_waypoints": 9}}
{"target": -1221.8281435544732, "params": {"k_pid_pos": [0.6312789216579061, 0.0, 0.0], "k_pid_alt": [1.5426031903672006, 0.0, 0.3047853892308869], "k_pid_att": [27.5106412526685, 1.9414784700935361, 0.16677481085055346], "k_pid_yaw": [0.5, 1e-06, 0.1], "k_pid_hsp": [0.0001, 0.0, 0.0], "k_pid_vsp": [146.75043323655518, 74.19710812520384, 2.3709307046795214]}, "datetime": {"datetime": "2025-08-11 20:51:09", "elapsed": 15949.121971130371, "delta": 30.797775983810425}, "costs": {"total_cost": 1221.8281435544732, "time_cost": 150, "final_distance_cost": 45.88898883564368, "oscillation_cost": 0.004019546975618686, "completition_cost": 888.8888888888888, "overshoot_cost": 82.95434436586231, "power_cost": 21.000036328125002, "noise_cost": 33.09186558897806, "n_waypoints_completed": 1, "tot_waypoints": 9}}
