{"target": -190.04700828930143, "params": {"k_pid_pos": [0.42546565780379675, 0.0, 0.003503688104406702], "k_pid_alt": [1.6402798228621276, 0.0, 0.143257419831795], "k_pid_att": [27.469885016028634, 2.1913063286911956, 0.21719614337754276], "k_pid_yaw": [0.5, 1e-06, 0.1], "k_pid_hsp": [0.13665828207494649, 0.0, 0.0], "k_pid_vsp": [136.25250357679568, 149.5469488945584, 4.366842540888691]}, "datetime": {"datetime": "2025-08-12 01:34:21", "elapsed": 32940.8468670845, "delta": 20.829710006713867}, "costs": {"total_cost": 190.04700828930143, "time_cost": 77.14, "final_distance_cost": 1.854137361161759, "oscillation_cost": 20.6389761581657, "completition_cost": 0.0, "overshoot_cost": 51.5207959814073, "power_cost": 15.027047656250001, "noise_cost": 23.86605113231667, "n_waypoints_completed": 9, "tot_waypoints": 9}}
{"target": -182.6518148544015, "params": {"k_pid_pos": [0.5199814493843644, 4.114258420990346e-05, 0.000977193239138311], "k_pid_alt": [1.6331780983678552, 0.0, 0.039391577106553805], "k_pid_att": [26.050560709752038, 2.2981631997820533, 0.2581882301571776], "k_pid_yaw": [0.5, 1e-06, 0.1], "k_pid_hsp": [0.08616121024657848, 0.0, 0.0], "k_pid_vsp": [127.20362889803006, 55.49051962570208, 0.9620115792181869]}, "datetime": {"datetime": "2025-08-12 01:34:39", "elapsed": 32959.0355887413, "delta": 18.188721656799316}, "costs": {"total_cost": 182.6518148544015, "time_cost": 73.311, "final_distance_cost": 1.8168155568120312, "oscillation_cost": 18.61008510108547, "completition_cost": 0.0, "overshoot_cost": 52.51118568878664, "power_cost": 14.276655981445312, "noise_cost": 22.12607252627201, "n_waypoints_completed": 9, "tot_waypoints": 9}}
{"target": -182.19342127361548, "params": {"k_pid_pos": [0.5379835241783164, 0.0, 0.0], "k_pid_alt": [1.61170622991315, 0.0, 0.14109680950340878], "k_pid_att": [19.841095381358443, 2.1319839585391573, 0.20005013468659513], "k_pid_yaw": [0.5, 1e-06, 0.1], "k_pid_hsp": [0.0920929831362702, 0.0, 0.0], "k_pid_vsp": [125.87311255460234, 124.81210591453186, 1.2840008509286986]}, "datetime": {"datetime": "2025-08-12 01:34:58", "elapsed": 32978.37374687195, "delta": 19.338158130645752}, "costs": {"total_cost": 182.19342127361548, "time_cost": 72.737, "final_distance_cost": 1.8110001945384122, "oscillation_cost": 19.620459546111356, "completition_cost": 0.0, "overshoot_cost": 51.85950635213629, "power_cost": 14.24791004638672, "noise_cost": 21.91754513444273, "n_waypoints_completed": 9, "tot_waypoints": 9}}
{"target": -182.7953513861204, "params": {"k_pid_pos": [0.5283265177319075, 0.0, 0.0], "k_pid_alt": [1.6142324228403733, 0.0, 0.14537171808121516], "k_pid_att": [25.6173608967521, 1.7745380227144545, 0.21991745883624764], "k_pid_yaw": [0.5, 1e-06, 0.1], "k_pid_hsp": [0.08204851246527876, 0.0, 0.0], "k_pid_vsp": [109.60093251167955, 80.28531992245917, 1.119898735376178]}, "datetime": {"datetime": "2025-08-12 01:35:20", "elapsed": 32999.89103722572, "delta": 21.517290353775024}, "costs": {"total_cost": 182.7953513861204, "time_cost": 73.43, "final_distance_cost": 1.8307899741196454, "oscillation_cost": 18.59922550103981, "completition_cost": 0.0, "overshoot_cost": 52.612085779809696, "power_cost": 14.209493933105469, "noise_cost": 22.113756198045767, "n_waypoints_completed": 9, "tot_waypoints": 9}}
{"target": -182.13069434092566, "params": {"k_pid_pos": [0.522789209271678, 0.0, 0.0], "k_pid_alt": [1.6144329640143102, 0.0, 0.14801903730092666], "k_pid_att": [26.93290269704916, 2.1379444106249306, 0.22708079795997044], "k_pid_yaw": [0.5, 1e-06, 0.1], "k_pid_hsp": [0.09193596678404808, 0.0, 0.0], "k_pid_vsp": [127.6448103322106, 123.95578777597676, 1.0799027105685932]}, "datetime": {"datetime": "2025-08-12 01:35:44", "elapsed": 33023.721086502075, "delta": 23.83004927635193}, "costs": {"total_cost": 182.13069434092566, "time_cost": 72.97500000000001, "final_distance_cost": 1.8219676324203389, "oscillation_cost": 19.168911471507915, "completition_cost": 0.0, "overshoot_cost": 51.85768626540867, "power_cost": 14.23518076171875, "noise_cost": 22.071948209869976, "n_waypoints_completed": 9, "tot_waypoints": 9}}
{"target": -181.9483909730486, "params": {"k_pid_pos": [0.5253587378603283, 0.0, 0.0], "k_pid_alt": [1.6124938724447506, 0.0, 0.1522943742189766], "k_pid_att": [23.375532095026863, 2.167870430042198, 0.23847653862057555], "k_pid_yaw": [0.5, 1e-06, 0.1], "k_pid_hsp": [0.0917793694964164, 0.0, 0.0], "k_pid_vsp": [127.61659594743992, 113.7216945200959, 1.2340841208026134]}, "datetime": {"datetime": "2025-08-12 01:36:04", "elapsed": 33043.52370977402, "delta": 19.80262327194214}, "costs": {"total_cost": 181.9483909730486, "time_cost": 72.95400000000001, "final_distance_cost": 1.823969389516138, "oscillation_cost": 19.251617480316884, "completition_cost": 0.0, "overshoot_cost": 51.82789059028505, "power_cost": 14.189154211425782, "noise_cost": 21.90175930150475, "n_waypoints_completed": 9, "tot_waypoints": 9}}
{"target": -183.02787290013308, "params": {"k_pid_pos": [0.5454024651610406, 0.0, 0.0], "k_pid_alt": [1.6127117867789975, 0.0, 0.149140348154191], "k_pid_att": [24.8109830470575, 2.1984337439208006, 0.2115771093289785], "k_pid_yaw": [0.5, 1e-06, 0.1], "k_pid_hsp": [0.09185301498269072, 0.0, 0.0], "k_pid_vsp": [126.9253110183784, 114.20581117323813, 1.0274495578707394]}, "datetime": {"datetime": "2025-08-12 01:36:23", "elapsed": 33062.577077150345, "delta": 19.053367376327515}, "costs": {"total_cost": 183.02787290013308, "time_cost": 72.667, "final_distance_cost": 1.8156283259902766, "oscillation_cost": 20.185987010545556, "completition_cost": 0.0, "overshoot_cost": 52.286450369592224, "power_cost": 14.179566345214845, "noise_cost": 21.893240848790157, "n_waypoints_completed": 9, "tot_waypoints": 9}}
{"target": -181.89496860239797, "params": {"k_pid_pos": [0.5310519239925234, 0.0, 0.0], "k_pid_alt": [1.6032134653403625, 0.0, 0.11085794660172818], "k_pid_att": [29.01859743933537, 2.180994043202841, 0.21833574331825056], "k_pid_yaw": [0.5, 1e-06, 0.1], "k_pid_hsp": [0.09412307743615297, 0.0, 0.0], "k_pid_vsp": [134.24702868757026, 121.30791829446824, 3.261191630219169]}, "datetime": {"datetime": "2025-08-12 01:36:41", "elapsed": 33080.6707110405, "delta": 18.093633890151978}, "costs": {"total_cost": 181.89496860239797, "time_cost": 72.758, "final_distance_cost": 1.8146861212758552, "oscillation_cost": 19.434079565565504, "completition_cost": 0.0, "overshoot_cost": 51.78572321647077, "power_cost": 14.215009130859375, "noise_cost": 21.88747056822647, "n_waypoints_completed": 9, "tot_waypoints": 9}}
{"target": -183.00540668338647, "params": {"k_pid_pos": [0.559568230768263, 0.0, 0.0], "k_pid_alt": [1.6114753273557605, 0.0, 0.007727674791841499], "k_pid_att": [27.0533064644581, 1.952478556325348, 0.16323883599306954], "k_pid_yaw": [0.5, 1e-06, 0.1], "k_pid_hsp": [0.10370683759565419, 0.0, 0.0], "k_pid_vsp": [128.4174773889039, 86.14908858809918, 1.5609917359551657]}, "datetime": {"datetime": "2025-08-12 01:37:00", "elapsed": 33099.667877435684, "delta": 18.997166395187378}, "costs": {"total_cost": 183.00540668338647, "time_cost": 72.142, "final_distance_cost": 1.8364115904938985, "oscillation_cost": 21.013448877442784, "completition_cost": 0.0, "overshoot_cost": 51.97427005867824, "power_cost": 14.20254071044922, "noise_cost": 21.83673544632233, "n_waypoints_completed": 9, "tot_waypoints": 9}}
{"target": -182.5196856484798, "params": {"k_pid_pos": [0.5421463634022038, 0.0013062081462399044, 0.0003119501809493382], "k_pid_alt": [1.6267809938840205, 0.0, 0.19890774175607417], "k_pid_att": [26.326372709623552, 2.182192458845697, 0.1680772618567689], "k_pid_yaw": [0.5, 1e-06, 0.1], "k_pid_hsp": [0.0917710326454765, 0.0009619032898932683, 0.0], "k_pid_vsp": [127.07195435399602, 127.6964132852929, 1.1128856389593735]}, "datetime": {"datetime": "2025-08-12 01:37:19", "elapsed": 33118.86196184158, "delta": 19.194084405899048}, "costs": {"total_cost": 182.5196856484798, "time_cost": 72.632, "final_distance_cost": 1.8300121666512894, "oscillation_cost": 20.016100076601017, "completition_cost": 0.0, "overshoot_cost": 51.962802002907175, "power_cost": 14.17373369140625, "noise_cost": 21.90503771091407, "n_waypoints_completed": 9, "tot_waypoints": 9}}
{"target": -182.48522157358738, "params": {"k_pid_pos": [0.5120585979274888, 0.0, 0.0], "k_pid_alt": [1.6086892189765114, 0.0, 0.16705519342270153], "k_pid_att": [25.203977719942205, 2.1009996873438075, 0.16646015113196963], "k_pid_yaw": [0.5, 1e-06, 0.1], "k_pid_hsp": [0.08986132076914759, 0.0, 0.0], "k_pid_vsp": [128.64767549390925, 120.52380539539075, 1.0843954641995133]}, "datetime": {"datetime": "2025-08-12 01:37:37", "elapsed": 33137.31585049629, "delta": 18.453888654708862}, "costs": {"total_cost": 182.48522157358738, "time_cost": 73.241, "final_distance_cost": 1.8300090985556157, "oscillation_cost": 18.99741351191137, "completition_cost": 0.0, "overshoot_cost": 51.97507004309783, "power_cost": 14.325638940429688, "noise_cost": 22.116089979592854, "n_waypoints_completed": 9, "tot_waypoints": 9}}
{"target": -181.90610537643374, "params": {"k_pid_pos": [0.5251559098916283, 0.0, 0.0], "k_pid_alt": [1.6132798254854666, 0.0, 0.15766472036553608], "k_pid_att": [26.580010418148927, 2.11423335737614, 0.2136660197299989], "k_pid_yaw": [0.5, 1e-06, 0.1], "k_pid_hsp": [0.09191004577119334, 0.0, 0.0], "k_pid_vsp": [128.45398768003355, 121.43879715059488, 1.054604300350004]}, "datetime": {"datetime": "2025-08-12 01:37:57", "elapsed": 33157.141332387924, "delta": 19.82548189163208}, "costs": {"total_cost": 181.90610537643374, "time_cost": 72.968, "final_distance_cost": 1.8249484942122134, "oscillation_cost": 19.18846552023961, "completition_cost": 0.0, "overshoot_cost": 51.8403764699332, "power_cost": 14.201504150390626, "noise_cost": 21.882810741658083, "n_waypoints_completed": 9, "tot_waypoints": 9}}
{"target": -182.31661733001079, "params": {"k_pid_pos": [0.5150089831287632, 0.0, 0.0], "k_pid_alt": [1.6125626019044528, 0.0, 0.1513871533218224], "k_pid_att": [24.83744938351417, 2.188964323815292, 0.22083772695004072], "k_pid_yaw": [0.5, 1e-06, 0.1], "k_pid_hsp": [0.0921211489533525, 0.0, 0.0], "k_pid_vsp": [134.60985440250846, 196.66527214106117, 1.1342686005654226]}, "datetime": {"datetime": "2025-08-12 01:38:15", "elapsed": 33175.30093050003, "delta": 18.159598112106323}, "costs": {"total_cost": 182.31661733001079, "time_cost": 73.115, "final_distance_cost": 1.8158377164723984, "oscillation_cost": 19.21145188635059, "completition_cost": 0.0, "overshoot_cost": 51.981630864522295, "power_cost": 14.282268957519532, "noise_cost": 21.91042790514599, "n_waypoints_completed": 9, "tot_waypoints": 9}}
{"target": -181.9010501858317, "params": {"k_pid_pos": [0.5251684951299119, 0.0, 0.0], "k_pid_alt": [1.6136988227619355, 0.0, 0.1674193260704648], "k_pid_att": [25.62757262262808, 2.1328357842365957, 0.22384531049632603], "k_pid_yaw": [0.5, 1e-06, 0.1], "k_pid_hsp": [0.09175867129733824, 0.0, 0.0], "k_pid_vsp": [129.02595343581444, 118.0855550019082, 1.0975318354477097]}, "datetime": {"datetime": "2025-08-12 01:38:34", "elapsed": 33194.05800366402, "delta": 18.757073163986206}, "costs": {"total_cost": 181.9010501858317, "time_cost": 72.968, "final_distance_cost": 1.8194688398362406, "oscillation_cost": 19.16074290478302, "completition_cost": 0.0, "overshoot_cost": 51.85834788500563, "power_cost": 14.201926037597657, "noise_cost": 21.892564518609174, "n_waypoints_completed": 9, "tot_waypoints": 9}}
{"target": -182.3713475455952, "params": {"k_pid_pos": [0.5193226888697889, 0.0, 0.0], "k_pid_alt": [1.610724978960254, 0.0, 0.15087372969111698], "k_pid_att": [26.683828905913597, 2.062033097320036, 0.21677350545670276], "k_pid_yaw": [0.5, 1e-06, 0.1], "k_pid_hsp": [0.09264366065380066, 0.0, 0.0], "k_pid_vsp": [122.80277627145327, 125.3563391030625, 1.2245667861151317]}, "datetime": {"datetime": "2025-08-12 01:38:53", "elapsed": 33213.30043435097, "delta": 19.242430686950684}, "costs": {"total_cost": 182.3713475455952, "time_cost": 73.003, "final_distance_cost": 1.8318823368727233, "oscillation_cost": 19.227826683260968, "completition_cost": 0.0, "overshoot_cost": 52.009560525961625, "power_cost": 14.250866967773439, "noise_cost": 22.048211031726428, "n_waypoints_completed": 9, "tot_waypoints": 9}}
{"target": -183.084066359199, "params": {"k_pid_pos": [0.521335032691722, 0.0, 0.0], "k_pid_alt": [1.5879525123052987, 0.0, 0.148558715605247], "k_pid_att": [25.810312551688476, 2.098720930731711, 0.0849125326271043], "k_pid_yaw": [0.5, 1e-06, 0.1], "k_pid_hsp": [0.1016440774711224, 0.0, 0.0], "k_pid_vsp": [129.8839697017359, 104.64493188585598, 0.7874520569038159]}, "datetime": {"datetime": "2025-08-12 01:39:12", "elapsed": 33231.53781580925, "delta": 18.23738145828247}, "costs": {"total_cost": 183.084066359199, "time_cost": 72.83500000000001, "final_distance_cost": 1.834404478386783, "oscillation_cost": 20.341259470074434, "completition_cost": 0.0, "overshoot_cost": 51.68904036482542, "power_cost": 14.300696166992187, "noise_cost": 22.083665878920154, "n_waypoints_completed": 9, "tot_waypoints": 9}}
{"target": -182.12368074101246, "params": {"k_pid_pos": [0.5647513976808102, 0.0, 0.0], "k_pid_alt": [1.5981350564082795, 0.0, 0.16209330453620563], "k_pid_att": [25.563006467389815, 2.154482447579106, 0.3130484963061315], "k_pid_yaw": [0.5, 1e-06, 0.1], "k_pid_hsp": [0.09022612561576057, 0.0, 0.0], "k_pid_vsp": [134.34120185912133, 136.73230418376426, 1e-06]}, "datetime": {"datetime": "2025-08-12 01:39:30", "elapsed": 33250.29281377792, "delta": 18.754997968673706}, "costs": {"total_cost": 182.12368074101246, "time_cost": 72.541, "final_distance_cost": 1.8262759527948516, "oscillation_cost": 19.839179768131775, "completition_cost": 0.0, "overshoot_cost": 51.94975497133786, "power_cost": 14.201652551269532, "noise_cost": 21.76581749747849, "n_waypoints_completed": 9, "tot_waypoints": 9}}
{"target": -182.11175027028227, "params": {"k_pid_pos": [0.5237431596406121, 0.0, 0.0], "k_pid_alt": [1.6103884301894966, 0.0, 0.14990087764924298], "k_pid_att": [25.693614130915517, 2.1338774853616522, 0.2184527533110836], "k_pid_yaw": [0.5, 1e-06, 0.1], "k_pid_hsp": [0.09019476158067369, 0.0, 0.0], "k_pid_vsp": [126.25343946570432, 115.07929775439005, 1e-06]}, "datetime": {"datetime": "2025-08-12 01:39:50", "elapsed": 33269.74149084091, "delta": 19.44867706298828}, "costs": {"total_cost": 182.11175027028227, "time_cost": 73.031, "final_distance_cost": 1.8286327468130525, "oscillation_cost": 19.16761991516458, "completition_cost": 0.0, "overshoot_cost": 51.89440335952145, "power_cost": 14.17838475341797, "noise_cost": 22.01170949536525, "n_waypoints_completed": 9, "tot_waypoints": 9}}
{"target": -184.04846043341297, "params": {"k_pid_pos": [0.524014582783296, 0.0, 0.0], "k_pid_alt": [1.5043064469588427, 0.0, 0.13215975794273138], "k_pid_att": [26.75151057161089, 2.290752628152656, 0.19822368120327208], "k_pid_yaw": [0.5, 1e-06, 0.1], "k_pid_hsp": [0.11503732044033767, 0.0, 0.0], "k_pid_vsp": [119.22143449344114, 119.59057767100745, 1.7873722112564145]}, "datetime": {"datetime": "2025-08-12 01:40:08", "elapsed": 33288.08832979202, "delta": 18.34683895111084}, "costs": {"total_cost": 184.04846043341297, "time_cost": 72.87, "final_distance_cost": 1.8366985079153821, "oscillation_cost": 21.110075137105643, "completition_cost": 0.0, "overshoot_cost": 51.761567539631805, "power_cost": 14.400513256835938, "noise_cost": 22.069605991924185, "n_waypoints_completed": 9, "tot_waypoints": 9}}
{"target": -181.83943084688667, "params": {"k_pid_pos": [0.5249401539959502, 0.0, 0.0], "k_pid_alt": [1.6724722501052627, 0.0, 0.14668635042922798], "k_pid_att": [25.529542732440856, 2.207035174866016, 0.18744917007710948], "k_pid_yaw": [0.5, 1e-06, 0.1], "k_pid_hsp": [0.09088823562802445, 0.0, 0.0], "k_pid_vsp": [119.3175109231353, 123.43517520571304, 2.971366852865737]}, "datetime": {"datetime": "2025-08-12 01:40:27", "elapsed": 33306.91694664955, "delta": 18.828616857528687}, "costs": {"total_cost": 181.83943084688667, "time_cost": 72.933, "final_distance_cost": 1.8280744651199556, "oscillation_cost": 19.20797371932095, "completition_cost": 0.0, "overshoot_cost": 51.72511753859158, "power_cost": 14.199386193847657, "noise_cost": 21.94587893000653, "n_waypoints_completed": 9, "tot_waypoints": 9}}
{"target": -182.22417227803072, "params": {"k_pid_pos": [0.5659303514759463, 0.0, 0.0], "k_pid_alt": [1.6217727516289295, 0.0, 0.13040229083233085], "k_pid_att": [26.47455908450708, 2.266690381692408, 0.21757815660579977], "k_pid_yaw": [0.5, 1e-06, 0.1], "k_pid_hsp": [0.09196440471491474, 0.0, 0.0], "k_pid_vsp": [133.24398143472862, 109.33250294395613, 0.9189282790524174]}, "datetime": {"datetime": "2025-08-12 01:40:46", "elapsed": 33326.005787849426, "delta": 19.088841199874878}, "costs": {"total_cost": 182.22417227803072, "time_cost": 72.387, "final_distance_cost": 1.8341404813175315, "oscillation_cost": 20.275267324246062, "completition_cost": 0.0, "overshoot_cost": 51.841145627108894, "power_cost": 14.14643134765625, "noise_cost": 21.740187497701974, "n_waypoints_completed": 9, "tot_waypoints": 9}}
{"target": -182.8923154451428, "params": {"k_pid_pos": [0.4924637394831318, 0.0, 0.0], "k_pid_alt": [1.6066521912066503, 0.0, 0.17626183889850297], "k_pid_att": [24.46942259593231, 2.175012201698308, 0.21222660250070452], "k_pid_yaw": [0.5, 1e-06, 0.1], "k_pid_hsp": [0.09353648532335547, 0.0, 0.0], "k_pid_vsp": [151.52542642766818, 125.68160404734962, 1.2130532304251727]}, "datetime": {"datetime": "2025-08-12 01:41:05", "elapsed": 33344.98394751549, "delta": 18.9781596660614}, "costs": {"total_cost": 182.8923154451428, "time_cost": 73.528, "final_distance_cost": 1.8408843462587834, "oscillation_cost": 18.843773851028516, "completition_cost": 0.0, "overshoot_cost": 52.046218615868085, "power_cost": 14.339029431152344, "noise_cost": 22.294409200835073, "n_waypoints_completed": 9, "tot_waypoints": 9}}
{"target": -182.465928004486, "params": {"k_pid_pos": [0.5078094551412308, 0.0, 0.0], "k_pid_alt": [1.5856035292844493, 0.0, 0.1349401645268536], "k_pid_att": [25.30034185945356, 2.04786211595359, 0.3660005755108878], "k_pid_yaw": [0.5, 1e-06, 0.1], "k_pid_hsp": [0.09355429345899491, 0.0, 0.0], "k_pid_vsp": [128.07045890240414, 116.24454077424365, 1e-06]}, "datetime": {"datetime": "2025-08-12 01:41:24", "elapsed": 33364.35684609413, "delta": 19.3728985786438}, "costs": {"total_cost": 182.465928004486, "time_cost": 73.206, "final_distance_cost": 1.8175316245781152, "oscillation_cost": 18.991465556643487, "completition_cost": 0.0, "overshoot_cost": 52.022589177458876, "power_cost": 14.307658984375001, "noise_cost": 22.12068266143051, "n_waypoints_completed": 9, "tot_waypoints": 9}}
{"target": -183.3788659110374, "params": {"k_pid_pos": [0.7415306719893378, 0.0, 0.0], "k_pid_alt": [1.6013541301406988, 0.0, 0.00354534307487505], "k_pid_att": [25.877390220513192, 1.978979301074232, 0.2124499766172485], "k_pid_yaw": [0.5, 1e-06, 0.1], "k_pid_hsp": [0.09387141672507063, 0.0, 0.0], "k_pid_vsp": [127.28608201530022, 125.27741824802143, 1.2139101129538523]}, "datetime": {"datetime": "2025-08-12 01:41:42", "elapsed": 33382.214963674545, "delta": 17.85811758041382}, "costs": {"total_cost": 183.3788659110374, "time_cost": 70.973, "final_distance_cost": 1.8207080351070148, "oscillation_cost": 23.351811291140802, "completition_cost": 0.0, "overshoot_cost": 51.81840383144038, "power_cost": 14.21309677734375, "noise_cost": 21.201845976005423, "n_waypoints_completed": 9, "tot_waypoints": 9}}
{"target": -182.3454126235485, "params": {"k_pid_pos": [0.5227823143686688, 0.0, 0.0], "k_pid_alt": [1.5253562426983562, 0.0, 0.14999487376420081], "k_pid_att": [25.614322899974415, 2.137278501121527, 0.23167939403324198], "k_pid_yaw": [0.5, 1e-06, 0.1], "k_pid_hsp": [0.09955682950954804, 0.0, 0.0], "k_pid_vsp": [151.60059402890548, 125.80718117461166, 1.1045414999662175]}, "datetime": {"datetime": "2025-08-12 01:42:01", "elapsed": 33401.03549194336, "delta": 18.820528268814087}, "costs": {"total_cost": 182.3454126235485, "time_cost": 72.912, "final_distance_cost": 1.82202902246544, "oscillation_cost": 20.061816936022783, "completition_cost": 0.0, "overshoot_cost": 51.368243720949394, "power_cost": 14.218642321777345, "noise_cost": 21.96268062233356, "n_waypoints_completed": 9, "tot_waypoints": 9}}
{"target": -183.5257353287986, "params": {"k_pid_pos": [0.5318059919062951, 0.0, 0.0], "k_pid_alt": [1.653776781155189, 0.0, 0.13445063824569145], "k_pid_att": [26.113650738876416, 2.143836545438165, 0.07869361405862133], "k_pid_yaw": [0.5, 1e-06, 0.1], "k_pid_hsp": [0.07898162900534396, 0.0, 0.0], "k_pid_vsp": [150.17573916631804, 129.74222031049183, 2.3116104789927814]}, "datetime": {"datetime": "2025-08-12 01:42:20", "elapsed": 33419.62467646599, "delta": 18.589184522628784}, "costs": {"total_cost": 183.5257353287986, "time_cost": 73.605, "final_distance_cost": 1.8135592851925666, "oscillation_cost": 18.877096952410493, "completition_cost": 0.0, "overshoot_cost": 52.70052318866299, "power_cost": 14.31395322265625, "noise_cost": 22.215602679876287, "n_waypoints_completed": 9, "tot_waypoints": 9}}
{"target": -182.10850520439666, "params": {"k_pid_pos": [0.5305364857266276, 0.0, 0.0], "k_pid_alt": [1.5629353948748108, 0.0, 0.16309655694589592], "k_pid_att": [26.681792841947193, 2.087929636519685, 0.2799840306869162], "k_pid_yaw": [0.5, 1e-06, 0.1], "k_pid_hsp": [0.09276664979270582, 0.0, 0.0], "k_pid_vsp": [130.3424928895177, 94.06064537383766, 1.1259328897843988]}, "datetime": {"datetime": "2025-08-12 01:42:39", "elapsed": 33438.52042198181, "delta": 18.895745515823364}, "costs": {"total_cost": 182.10850520439666, "time_cost": 72.933, "final_distance_cost": 1.811795271026934, "oscillation_cost": 19.748358593404365, "completition_cost": 0.0, "overshoot_cost": 51.52467995198973, "power_cost": 14.173142517089845, "noise_cost": 21.917528870885782, "n_waypoints_completed": 9, "tot_waypoints": 9}}
