{"target": -183.12526198822917, "params": {"k_pid_pos": [0.5273644767008547, 0.0, 0.0], "k_pid_alt": [1.5980411675822048, 0.0, 0.11638664832693024], "k_pid_att": [24.532777063012418, 2.441736555686868, 0.24701887508983988], "k_pid_yaw": [0.5, 1e-06, 0.1], "k_pid_hsp": [0.08169181407775516, 0.0, 0.0], "k_pid_vsp": [140.23963585613856, 114.4648856535612, 1.0915416333973433]}, "datetime": {"datetime": "2025-08-12 00:10:07", "elapsed": 27886.488136053085, "delta": 18.85094976425171}, "costs": {"total_cost": 183.12526198822917, "time_cost": 73.465, "final_distance_cost": 1.8151580962025913, "oscillation_cost": 18.720783557168215, "completition_cost": 0.0, "overshoot_cost": 52.76180675534589, "power_cost": 14.27970555419922, "noise_cost": 22.08280802531327, "n_waypoints_completed": 9, "tot_waypoints": 9}}
{"target": -182.3112425671674, "params": {"k_pid_pos": [0.5209309911795521, 0.0, 0.0], "k_pid_alt": [1.6061611735912804, 0.0, 0.133139715153644], "k_pid_att": [24.550855370700898, 2.1581942038695363, 0.21883892704159175], "k_pid_yaw": [0.5, 1e-06, 0.1], "k_pid_hsp": [0.09214294278422622, 0.0, 0.0], "k_pid_vsp": [125.30143616202919, 127.7380755997636, 1.1856248077122684]}, "datetime": {"datetime": "2025-08-12 00:10:25", "elapsed": 27904.749604463577, "delta": 18.261468410491943}, "costs": {"total_cost": 182.3112425671674, "time_cost": 72.982, "final_distance_cost": 1.8391055886218541, "oscillation_cost": 19.249006160169536, "completition_cost": 0.0, "overshoot_cost": 51.92050452584349, "power_cost": 14.246933911132814, "noise_cost": 22.073692381399702, "n_waypoints_completed": 9, "tot_waypoints": 9}}
{"target": -182.91164281290258, "params": {"k_pid_pos": [0.5280658169794481, 0.0, 0.0], "k_pid_alt": [1.6516440521753781, 0.0, 0.13741699537133306], "k_pid_att": [19.282747600999958, 4.038303965460181, 0.2540918337664], "k_pid_yaw": [0.5, 1e-06, 0.1], "k_pid_hsp": [0.07910557283783536, 0.0, 0.0], "k_pid_vsp": [111.90630487114878, 133.67900832489804, 0.38748649950222536]}, "datetime": {"datetime": "2025-08-12 00:10:44", "elapsed": 27923.621539115906, "delta": 18.87193465232849}, "costs": {"total_cost": 182.91164281290258, "time_cost": 73.612, "final_distance_cost": 1.8147091900781855, "oscillation_cost": 18.47147258626377, "completition_cost": 0.0, "overshoot_cost": 52.55935028895, "power_cost": 14.336083947753908, "noise_cost": 22.118026799856732, "n_waypoints_completed": 9, "tot_waypoints": 9}}
{"target": -182.63328490969133, "params": {"k_pid_pos": [0.5432202092407373, 0.0, 0.0], "k_pid_alt": [1.590703760375973, 0.0, 0.14138277626219767], "k_pid_att": [25.457953294318585, 2.1000496476347346, 0.3041979706580335], "k_pid_yaw": [0.5, 1e-06, 0.1], "k_pid_hsp": [0.0931289381011708, 0.0, 0.0], "k_pid_vsp": [124.9773568100452, 113.23863050029881, 1.126136780326624]}, "datetime": {"datetime": "2025-08-12 00:11:02", "elapsed": 27942.26044154167, "delta": 18.63890242576599}, "costs": {"total_cost": 182.63328490969133, "time_cost": 72.66, "final_distance_cost": 1.822115613946214, "oscillation_cost": 20.1160915342044, "completition_cost": 0.0, "overshoot_cost": 51.923177751604264, "power_cost": 14.201265417480469, "noise_cost": 21.91063459245599, "n_waypoints_completed": 9, "tot_waypoints": 9}}
{"target": -183.07670270061863, "params": {"k_pid_pos": [0.5278120091455804, 0.0, 0.0], "k_pid_alt": [1.6011700641283295, 0.0, 0.12774669901067193], "k_pid_att": [25.51802370906802, 2.197719161693906, 0.22995396916247374], "k_pid_yaw": [0.5, 1e-06, 0.1], "k_pid_hsp": [0.09927359507236688, 0.0, 0.0], "k_pid_vsp": [134.0128310371547, 53.32437270545505, 2.8843524118635124]}, "datetime": {"datetime": "2025-08-12 00:11:21", "elapsed": 27961.23250889778, "delta": 18.97206735610962}, "costs": {"total_cost": 183.07670270061863, "time_cost": 72.898, "final_distance_cost": 1.8241521075566447, "oscillation_cost": 20.16277385905158, "completition_cost": 0.0, "overshoot_cost": 51.97004755260946, "power_cost": 14.157532385253907, "noise_cost": 22.06419679614704, "n_waypoints_completed": 9, "tot_waypoints": 9}}
{"target": -186.39102960973347, "params": {"k_pid_pos": [0.5882431194604401, 0.0, 0.0], "k_pid_alt": [1.6027867556859847, 0.0, 0.1280188514889351], "k_pid_att": [26.422188195796284, 2.1366303417169115, 0.21803407711272593], "k_pid_yaw": [0.5, 1e-06, 0.1], "k_pid_hsp": [0.07791433350424495, 0.0, 0.0], "k_pid_vsp": [130.0217688722184, 8.523848291938123, 1.3510247006655103]}, "datetime": {"datetime": "2025-08-12 00:11:41", "elapsed": 27981.004199266434, "delta": 19.771690368652344}, "costs": {"total_cost": 186.39102960973347, "time_cost": 74.431, "final_distance_cost": 1.794131864110125, "oscillation_cost": 19.40041905007597, "completition_cost": 0.0, "overshoot_cost": 53.7345259239139, "power_cost": 14.387742419433595, "noise_cost": 22.643210352199873, "n_waypoints_completed": 9, "tot_waypoints": 9}}
{"target": -182.74434863499326, "params": {"k_pid_pos": [0.5332892171854591, 0.004295689802346238, 0.0007264539211411804], "k_pid_alt": [1.6003109184710211, 0.0, 0.20238544736547584], "k_pid_att": [24.144204100093546, 2.1234386014540894, 0.3136217341222212], "k_pid_yaw": [0.5, 1e-06, 0.1], "k_pid_hsp": [0.1078326603784249, 0.004020943080994538, 0.0], "k_pid_vsp": [124.16767174018301, 121.08534751368288, 1.6362961676787164]}, "datetime": {"datetime": "2025-08-12 00:12:00", "elapsed": 27999.994532585144, "delta": 18.990333318710327}, "costs": {"total_cost": 182.74434863499326, "time_cost": 72.205, "final_distance_cost": 1.8238355224070775, "oscillation_cost": 21.366455121968116, "completition_cost": 0.0, "overshoot_cost": 51.39653470135102, "power_cost": 14.267060766601563, "noise_cost": 21.685462522665485, "n_waypoints_completed": 9, "tot_waypoints": 9}}
{"target": -182.91725029743878, "params": {"k_pid_pos": [0.5270636440274441, 0.0, 0.0], "k_pid_alt": [1.6433330117416596, 0.0, 0.1418961381611988], "k_pid_att": [21.368171384075563, 2.075417290172022, 0.16651541396522335], "k_pid_yaw": [0.5, 1e-06, 0.1], "k_pid_hsp": [0.10203604010987194, 0.0, 0.0], "k_pid_vsp": [126.81503438545357, 124.78458445411268, 1.0636471925914717]}, "datetime": {"datetime": "2025-08-12 00:12:21", "elapsed": 28021.18173766136, "delta": 21.18720507621765}, "costs": {"total_cost": 182.91725029743878, "time_cost": 72.653, "final_distance_cost": 1.83144815011741, "oscillation_cost": 20.474810432467017, "completition_cost": 0.0, "overshoot_cost": 51.7428732464017, "power_cost": 14.229625231933595, "noise_cost": 21.985493236519062, "n_waypoints_completed": 9, "tot_waypoints": 9}}
{"target": -182.72145696684535, "params": {"k_pid_pos": [0.5334016067485845, 0.0, 0.0], "k_pid_alt": [1.6245893748228595, 0.0, 0.13165397220597294], "k_pid_att": [25.089457183766697, 2.0668027316329227, 0.19268871303852078], "k_pid_yaw": [0.5, 1e-06, 0.1], "k_pid_hsp": [0.09094878904587007, 0.0, 0.0], "k_pid_vsp": [131.219874152746, 98.57036455338852, 1.0706642418464518]}, "datetime": {"datetime": "2025-08-12 00:12:42", "elapsed": 28041.388056516647, "delta": 20.206318855285645}, "costs": {"total_cost": 182.72145696684535, "time_cost": 72.849, "final_distance_cost": 1.8148098173527474, "oscillation_cost": 19.543897490695443, "completition_cost": 0.0, "overshoot_cost": 52.292906037789415, "power_cost": 14.230492358398438, "noise_cost": 21.990351262609295, "n_waypoints_completed": 9, "tot_waypoints": 9}}
{"target": -182.68040702985434, "params": {"k_pid_pos": [0.5002247389447038, 0.0, 0.0], "k_pid_alt": [1.5864983931910352, 0.0, 0.13497606586169458], "k_pid_att": [25.141188301893614, 2.119106476019135, 0.2658073817055737], "k_pid_yaw": [0.5, 1e-06, 0.1], "k_pid_hsp": [0.09135745959174607, 0.0, 0.0], "k_pid_vsp": [116.34793374876591, 143.27392531628453, 0.9148014559854711]}, "datetime": {"datetime": "2025-08-12 00:13:01", "elapsed": 28060.70194196701, "delta": 19.31388545036316}, "costs": {"total_cost": 182.68040702985434, "time_cost": 73.374, "final_distance_cost": 1.8352876699522853, "oscillation_cost": 18.86390333114291, "completition_cost": 0.0, "overshoot_cost": 52.20718001162869, "power_cost": 14.26433631591797, "noise_cost": 22.13569970121251, "n_waypoints_completed": 9, "tot_waypoints": 9}}
{"target": -182.36156098025174, "params": {"k_pid_pos": [0.5322186734292097, 0.0, 0.0], "k_pid_alt": [1.6243776511927364, 0.0, 0.11646748266660928], "k_pid_att": [25.909531054888095, 2.0053365510500036, 0.28775423151201956], "k_pid_yaw": [0.5, 1e-06, 0.1], "k_pid_hsp": [0.09143649226567535, 0.0, 0.0], "k_pid_vsp": [120.97231087072956, 97.98375622574763, 1.6742181252065071]}, "datetime": {"datetime": "2025-08-12 00:13:20", "elapsed": 28080.304488658905, "delta": 19.60254669189453}, "costs": {"total_cost": 182.36156098025174, "time_cost": 72.83500000000001, "final_distance_cost": 1.8305956630833065, "oscillation_cost": 19.554932506018435, "completition_cost": 0.0, "overshoot_cost": 51.99336735349883, "power_cost": 14.175623828125001, "noise_cost": 21.972041629526164, "n_waypoints_completed": 9, "tot_waypoints": 9}}
{"target": -182.33950148692853, "params": {"k_pid_pos": [0.5549398972020579, 0.0, 0.0], "k_pid_alt": [1.6186730344621947, 0.0, 0.12554125800275737], "k_pid_att": [24.220295089206854, 2.2457534206915253, 0.2639662272126079], "k_pid_yaw": [0.5, 1e-06, 0.1], "k_pid_hsp": [0.09843377132516902, 0.0, 0.0], "k_pid_vsp": [124.1626620070655, 126.45104067619708, 1.4729444366758464]}, "datetime": {"datetime": "2025-08-12 00:13:41", "elapsed": 28101.289645433426, "delta": 20.985156774520874}, "costs": {"total_cost": 182.33950148692853, "time_cost": 72.31, "final_distance_cost": 1.8345963465410202, "oscillation_cost": 20.38582060226573, "completition_cost": 0.0, "overshoot_cost": 51.78269764742988, "power_cost": 14.211727294921875, "noise_cost": 21.814659595770024, "n_waypoints_completed": 9, "tot_waypoints": 9}}
{"target": -182.7671454366677, "params": {"k_pid_pos": [0.5224014753862927, 0.0, 0.0], "k_pid_alt": [1.5886374854056398, 0.0, 0.14263992577227477], "k_pid_att": [23.44810250070294, 2.042047652796807, 0.21333496643189334], "k_pid_yaw": [0.5, 1e-06, 0.1], "k_pid_hsp": [0.10292903230326152, 0.0, 0.0], "k_pid_vsp": [124.87296385349902, 72.99908970978645, 0.4371631302722139]}, "datetime": {"datetime": "2025-08-12 00:14:02", "elapsed": 28121.71458721161, "delta": 20.424941778182983}, "costs": {"total_cost": 182.7671454366677, "time_cost": 72.87, "final_distance_cost": 1.8365548058221888, "oscillation_cost": 20.146374392415808, "completition_cost": 0.0, "overshoot_cost": 51.62395675797481, "power_cost": 14.241509057617188, "noise_cost": 22.048750422837713, "n_waypoints_completed": 9, "tot_waypoints": 9}}
{"target": -183.47311194578322, "params": {"k_pid_pos": [0.5454246721390412, 0.0, 0.0], "k_pid_alt": [1.6405763254742742, 0.0, 0.1578762106952762], "k_pid_att": [20.27103118296221, 1.9114108417725937, 0.17127853307057483], "k_pid_yaw": [0.5, 1e-06, 0.1], "k_pid_hsp": [0.07765679475759578, 0.0, 0.0], "k_pid_vsp": [135.77261767185394, 104.81343646777407, 1.0369117313522225]}, "datetime": {"datetime": "2025-08-12 00:14:21", "elapsed": 28140.694670200348, "delta": 18.980082988739014}, "costs": {"total_cost": 183.47311194578322, "time_cost": 73.647, "final_distance_cost": 1.8047299048588168, "oscillation_cost": 18.569396248385203, "completition_cost": 0.0, "overshoot_cost": 52.92800603349999, "power_cost": 14.34858406982422, "noise_cost": 22.175395689214966, "n_waypoints_completed": 9, "tot_waypoints": 9}}
{"target": -182.54494374228508, "params": {"k_pid_pos": [0.5342361664579582, 0.0, 0.0], "k_pid_alt": [1.6167580383541407, 0.0, 0.14024573326740775], "k_pid_att": [25.259107113043633, 2.0552240684243133, 0.23682361146786207], "k_pid_yaw": [0.5, 1e-06, 0.1], "k_pid_hsp": [0.09153868140864098, 0.0, 0.0], "k_pid_vsp": [138.71166302423967, 103.62991505234913, 1.2632801754517478]}, "datetime": {"datetime": "2025-08-12 00:14:39", "elapsed": 28158.907101631165, "delta": 18.21243143081665}, "costs": {"total_cost": 182.54494374228508, "time_cost": 72.828, "final_distance_cost": 1.8152291399015228, "oscillation_cost": 19.514365696175574, "completition_cost": 0.0, "overshoot_cost": 52.148349492067126, "power_cost": 14.237369213867188, "noise_cost": 22.00163020027366, "n_waypoints_completed": 9, "tot_waypoints": 9}}
{"target": -183.67662673289902, "params": {"k_pid_pos": [0.5319487543907259, 0.0, 0.0], "k_pid_alt": [1.4981520896597393, 0.0, 0.15221580787877095], "k_pid_att": [26.16167523460673, 2.259270645146213, 0.16153399018546166], "k_pid_yaw": [0.5, 1e-06, 0.1], "k_pid_hsp": [0.07469098942867715, 0.0, 0.0], "k_pid_vsp": [125.27380935551753, 118.57419664319332, 1.2657432483154127]}, "datetime": {"datetime": "2025-08-12 00:14:57", "elapsed": 28176.720428466797, "delta": 17.813326835632324}, "costs": {"total_cost": 183.67662673289902, "time_cost": 74.27, "final_distance_cost": 1.8178322752585536, "oscillation_cost": 18.25375481130926, "completition_cost": 0.0, "overshoot_cost": 52.575585052474196, "power_cost": 14.37707646484375, "noise_cost": 22.382378129013254, "n_waypoints_completed": 9, "tot_waypoints": 9}}
{"target": -182.42620392523938, "params": {"k_pid_pos": [0.5298523813470801, 0.0, 0.0], "k_pid_alt": [1.7069446271481985, 0.0, 0.14093689389887643], "k_pid_att": [24.325437128479404, 1.978297338369104, 0.16376928926590062], "k_pid_yaw": [0.5, 1e-06, 0.1], "k_pid_hsp": [0.09261982511324074, 0.0, 0.0], "k_pid_vsp": [136.3649637014446, 119.36107259703437, 2.0654398166553483]}, "datetime": {"datetime": "2025-08-12 00:15:15", "elapsed": 28195.107800006866, "delta": 18.38737154006958}, "costs": {"total_cost": 182.42620392523938, "time_cost": 72.779, "final_distance_cost": 1.8146813552756138, "oscillation_cost": 19.459437784023294, "completition_cost": 0.0, "overshoot_cost": 52.175391103206756, "power_cost": 14.282889282226563, "noise_cost": 21.914804400507162, "n_waypoints_completed": 9, "tot_waypoints": 9}}
{"target": -182.27340453161398, "params": {"k_pid_pos": [0.5259401542501017, 0.0, 0.0], "k_pid_alt": [1.634066877517912, 0.0, 0.12619060565693963], "k_pid_att": [24.00487615907547, 1.9831329241138915, 0.21479158952972902], "k_pid_yaw": [0.5, 1e-06, 0.1], "k_pid_hsp": [0.09203503403978464, 0.0, 0.0], "k_pid_vsp": [135.67101350809867, 104.62811618682876, 1.6516661773762091]}, "datetime": {"datetime": "2025-08-12 00:15:33", "elapsed": 28212.849231243134, "delta": 17.74143123626709}, "costs": {"total_cost": 182.27340453161398, "time_cost": 72.898, "final_distance_cost": 1.8383809865759937, "oscillation_cost": 19.449216918652148, "completition_cost": 0.0, "overshoot_cost": 52.039322867449485, "power_cost": 14.11197635498047, "noise_cost": 21.93650740395586, "n_waypoints_completed": 9, "tot_waypoints": 9}}
{"target": -182.54914727008406, "params": {"k_pid_pos": [0.561996989204805, 0.0, 0.0], "k_pid_alt": [1.6722506620702255, 0.0, 0.22233683039152582], "k_pid_att": [24.659643426046333, 2.509635752429918, 0.22988983488549292], "k_pid_yaw": [0.5, 1e-06, 0.1], "k_pid_hsp": [0.0953304721875426, 0.0, 0.0], "k_pid_vsp": [146.81247491248035, 108.57001670700029, 2.3592197131602424]}, "datetime": {"datetime": "2025-08-12 00:15:51", "elapsed": 28231.010464191437, "delta": 18.161232948303223}, "costs": {"total_cost": 182.54914727008406, "time_cost": 72.408, "final_distance_cost": 1.8108145255128651, "oscillation_cost": 20.454783496416212, "completition_cost": 0.0, "overshoot_cost": 51.95335147709401, "power_cost": 14.189821142578126, "noise_cost": 21.732376628482857, "n_waypoints_completed": 9, "tot_waypoints": 9}}
{"target": -182.93240003761082, "params": {"k_pid_pos": [0.48608150076699713, 0.0, 0.0], "k_pid_alt": [1.5719816780641431, 0.0, 0.1330164192481416], "k_pid_att": [24.72152093816195, 1.9883664745840968, 0.2463005779277347], "k_pid_yaw": [0.5, 1e-06, 0.1], "k_pid_hsp": [0.09229732006837299, 0.0, 0.0], "k_pid_vsp": [125.4401430587289, 118.64415351397611, 2.4030412357168203]}, "datetime": {"datetime": "2025-08-12 00:16:09", "elapsed": 28248.958255290985, "delta": 17.94779109954834}, "costs": {"total_cost": 182.93240003761082, "time_cost": 73.64, "final_distance_cost": 1.8284613977535067, "oscillation_cost": 18.32176471374825, "completition_cost": 0.0, "overshoot_cost": 52.60451538642938, "power_cost": 14.36594530029297, "noise_cost": 22.171713239386712, "n_waypoints_completed": 9, "tot_waypoints": 9}}
{"target": -183.21714099395882, "params": {"k_pid_pos": [0.6804103667683165, 0.0, 0.0], "k_pid_alt": [1.6111159685897456, 0.0, 0.1857514842117007], "k_pid_att": [25.328973336579608, 1.9449379498023993, 0.213043278941879], "k_pid_yaw": [0.5, 1e-06, 0.1], "k_pid_hsp": [0.08937590096109142, 0.0, 0.0], "k_pid_vsp": [128.2080759638783, 129.5132211092928, 1.2009057793993974]}, "datetime": {"datetime": "2025-08-12 00:16:28", "elapsed": 28267.591339826584, "delta": 18.633084535598755}, "costs": {"total_cost": 183.21714099395882, "time_cost": 71.638, "final_distance_cost": 1.815238719313071, "oscillation_cost": 21.924159934879693, "completition_cost": 0.0, "overshoot_cost": 52.196731316553254, "power_cost": 14.192997424316406, "noise_cost": 21.450013598896398, "n_waypoints_completed": 9, "tot_waypoints": 9}}
{"target": -182.67717782426155, "params": {"k_pid_pos": [0.5252704171430989, 0.0, 0.0], "k_pid_alt": [1.54826572279405, 0.0, 0.15002532841355745], "k_pid_att": [23.65622795704301, 1.986824029715476, 0.22472248195912312], "k_pid_yaw": [0.5, 1e-06, 0.1], "k_pid_hsp": [0.10346288856847996, 0.0, 0.0], "k_pid_vsp": [107.10421183904278, 118.78084368472663, 1.160567624011195]}, "datetime": {"datetime": "2025-08-12 00:16:46", "elapsed": 28286.026460170746, "delta": 18.435120344161987}, "costs": {"total_cost": 182.67717782426155, "time_cost": 72.772, "final_distance_cost": 1.8296419859651338, "oscillation_cost": 20.313638103863415, "completition_cost": 0.0, "overshoot_cost": 51.634650434926826, "power_cost": 14.261624584960938, "noise_cost": 21.865622714545232, "n_waypoints_completed": 9, "tot_waypoints": 9}}
{"target": -182.86167898948122, "params": {"k_pid_pos": [0.5382759658557366, 0.0, 0.0], "k_pid_alt": [1.4622808200323811, 0.0, 0.14072904011136744], "k_pid_att": [24.471508034431565, 1.890691314466697, 0.22183259899855834], "k_pid_yaw": [0.5, 1e-06, 0.1], "k_pid_hsp": [0.08322305819632753, 0.0, 0.0], "k_pid_vsp": [133.56896580090392, 122.43366221143148, 0.69175471610854]}, "datetime": {"datetime": "2025-08-12 00:17:04", "elapsed": 28303.834654331207, "delta": 17.808194160461426}, "costs": {"total_cost": 182.86167898948122, "time_cost": 73.381, "final_distance_cost": 1.825452813809658, "oscillation_cost": 19.14175192352314, "completition_cost": 0.0, "overshoot_cost": 52.17103810397264, "power_cost": 14.257384619140625, "noise_cost": 22.085051529035145, "n_waypoints_completed": 9, "tot_waypoints": 9}}
{"target": -182.27864904161848, "params": {"k_pid_pos": [0.5179190438270364, 0.0, 0.0], "k_pid_alt": [1.5030595352326361, 0.0, 0.0039003180178677765], "k_pid_att": [24.323267388347066, 2.0167948216817844, 0.24351298384950235], "k_pid_yaw": [0.5, 1e-06, 0.1], "k_pid_hsp": [0.09177768850967778, 0.0, 0.0], "k_pid_vsp": [128.4258458465281, 108.46198499272423, 1.3382913421228622]}, "datetime": {"datetime": "2025-08-12 00:17:23", "elapsed": 28322.884945869446, "delta": 19.050291538238525}, "costs": {"total_cost": 182.27864904161848, "time_cost": 72.996, "final_distance_cost": 1.822294550101539, "oscillation_cost": 19.139709062133722, "completition_cost": 0.0, "overshoot_cost": 52.03816935729898, "power_cost": 14.18298759765625, "noise_cost": 22.099488474427975, "n_waypoints_completed": 9, "tot_waypoints": 9}}
{"target": -182.00097234616425, "params": {"k_pid_pos": [0.5252483034832478, 0.0, 0.0], "k_pid_alt": [1.607114074861712, 0.0, 0.13722249172843512], "k_pid_att": [24.924415057109833, 2.1207523866414104, 0.22433224138909255], "k_pid_yaw": [0.5, 1e-06, 0.1], "k_pid_hsp": [0.0873773286584733, 0.0, 0.0], "k_pid_vsp": [124.81639547147279, 123.32211451829642, 1.2852438917994717]}, "datetime": {"datetime": "2025-08-12 00:17:41", "elapsed": 28341.30017876625, "delta": 18.41523289680481}, "costs": {"total_cost": 182.00097234616425, "time_cost": 73.122, "final_distance_cost": 1.8328353267111475, "oscillation_cost": 18.998814268394202, "completition_cost": 0.0, "overshoot_cost": 51.90757495780836, "power_cost": 14.19479969482422, "noise_cost": 21.944948098426337, "n_waypoints_completed": 9, "tot_waypoints": 9}}
{"target": -182.9351060829353, "params": {"k_pid_pos": [0.4733062011872205, 0.0, 0.0], "k_pid_alt": [1.5927212828697732, 0.0, 0.3034283040980503], "k_pid_att": [23.966878739788914, 1.9140446805578888, 0.4496464452743499], "k_pid_yaw": [0.5, 1e-06, 0.1], "k_pid_hsp": [0.08499149984989614, 0.0, 0.0], "k_pid_vsp": [91.59050704611816, 133.89452335686454, 1.2703731611611693]}, "datetime": {"datetime": "2025-08-12 00:18:01", "elapsed": 28360.51847219467, "delta": 19.21829342842102}, "costs": {"total_cost": 182.9351060829353, "time_cost": 74.438, "final_distance_cost": 1.8259076141418331, "oscillation_cost": 17.768287152746765, "completition_cost": 0.0, "overshoot_cost": 52.13765732750545, "power_cost": 14.359156408691407, "noise_cost": 22.406097579849853, "n_waypoints_completed": 9, "tot_waypoints": 9}}
{"target": -182.1833219189726, "params": {"k_pid_pos": [0.6038474210544046, 0.0, 0.0], "k_pid_alt": [1.6171341615668156, 0.0, 0.16524106358718324], "k_pid_att": [23.29193188485998, 2.376697789727397, 0.17549344856795962], "k_pid_yaw": [0.5, 1e-06, 0.1], "k_pid_hsp": [0.10204152248699962, 0.0, 0.0], "k_pid_vsp": [128.12079701051164, 119.39433880794245, 1.3882412617180448]}, "datetime": {"datetime": "2025-08-12 00:18:19", "elapsed": 28378.574727535248, "delta": 18.056255340576172}, "costs": {"total_cost": 182.1833219189726, "time_cost": 71.70100000000001, "final_distance_cost": 1.8234116463313774, "oscillation_cost": 21.738593337687096, "completition_cost": 0.0, "overshoot_cost": 51.33864333043474, "power_cost": 14.111746533203126, "noise_cost": 21.469927071316253, "n_waypoints_completed": 9, "tot_waypoints": 9}}
