{"target": -183.046111592649, "params": {"k_pid_pos": [0.5491036836448985, 1.628043568134754e-05, 0.0], "k_pid_alt": [1.6028710669342132, 0.0, 0.06037831180438827], "k_pid_att": [25.374776044682406, 2.132083715242339, 0.2369925024752948], "k_pid_yaw": [0.5, 1e-06, 0.1], "k_pid_hsp": [0.08642883076390136, 0.0, 0.0], "k_pid_vsp": [127.77838668893195, 86.53225025058688, 1.0523556334434883]}, "datetime": {"datetime": "2025-08-12 05:32:23", "elapsed": 47222.767350673676, "delta": 19.546302795410156}, "costs": {"total_cost": 183.046111592649, "time_cost": 72.828, "final_distance_cost": 1.8339888578576555, "oscillation_cost": 19.65361985114422, "completition_cost": 0.0, "overshoot_cost": 52.62329257348732, "power_cost": 14.136864514160157, "noise_cost": 21.970345795999645, "n_waypoints_completed": 9, "tot_waypoints": 9}}
{"target": -181.81894971125078, "params": {"k_pid_pos": [0.5251132224491099, 0.0, 0.0], "k_pid_alt": [1.639193897144597, 0.0, 0.11767367124643349], "k_pid_att": [26.764475324143977, 2.151602429688294, 0.2716642090063086], "k_pid_yaw": [0.5, 1e-06, 0.1], "k_pid_hsp": [0.09067465207731712, 0.0, 0.0], "k_pid_vsp": [128.57306602188368, 120.67656340588314, 1.0307907675945975]}, "datetime": {"datetime": "2025-08-12 05:32:42", "elapsed": 47241.50424909592, "delta": 18.73689842224121}, "costs": {"total_cost": 181.81894971125078, "time_cost": 72.94, "final_distance_cost": 1.8284413012744842, "oscillation_cost": 19.12154790813605, "completition_cost": 0.0, "overshoot_cost": 51.78265839557508, "power_cost": 14.217263342285158, "noise_cost": 21.929038763980014, "n_waypoints_completed": 9, "tot_waypoints": 9}}
{"target": -182.3553926583847, "params": {"k_pid_pos": [0.5246936638440359, 0.0, 0.0], "k_pid_alt": [1.6293772739359, 0.0, 0.15209605497969916], "k_pid_att": [26.241779631642665, 2.0650712154499558, 0.22525366716829376], "k_pid_yaw": [0.5, 1e-06, 0.1], "k_pid_hsp": [0.08939913721592124, 0.0, 0.0], "k_pid_vsp": [133.08677106967758, 141.53929362077736, 1.3099050976295779]}, "datetime": {"datetime": "2025-08-12 05:33:01", "elapsed": 47261.14652919769, "delta": 19.642280101776123}, "costs": {"total_cost": 182.3553926583847, "time_cost": 73.045, "final_distance_cost": 1.816450629497281, "oscillation_cost": 19.18892731692639, "completition_cost": 0.0, "overshoot_cost": 52.076380172709136, "power_cost": 14.249338012695313, "noise_cost": 21.979296526556524, "n_waypoints_completed": 9, "tot_waypoints": 9}}
{"target": -182.38428638352957, "params": {"k_pid_pos": [0.5273767674500368, 0.0, 0.0], "k_pid_alt": [1.6385326421268924, 0.0, 0.14029793921076533], "k_pid_att": [25.62174850377642, 2.1294893775618635, 0.2478908647639403], "k_pid_yaw": [0.5, 1e-06, 0.1], "k_pid_hsp": [0.0906773976919804, 0.0, 0.0], "k_pid_vsp": [128.50433497262358, 124.9659867243362, 1.0425251684392978]}, "datetime": {"datetime": "2025-08-12 05:33:20", "elapsed": 47280.030047655106, "delta": 18.88351845741272}, "costs": {"total_cost": 182.38428638352957, "time_cost": 72.933, "final_distance_cost": 1.817793169454056, "oscillation_cost": 19.317293250563786, "completition_cost": 0.0, "overshoot_cost": 52.123813627454204, "power_cost": 14.278263415527345, "noise_cost": 21.914122920530183, "n_waypoints_completed": 9, "tot_waypoints": 9}}
{"target": -182.268087113832, "params": {"k_pid_pos": [0.5242207699738154, 0.0, 0.0], "k_pid_alt": [1.632984447279271, 0.0, 0.13886620972008024], "k_pid_att": [26.226102574333286, 2.2134959963563388, 0.23360989071690066], "k_pid_yaw": [0.5, 1e-06, 0.1], "k_pid_hsp": [0.09183906874789914, 0.0, 0.0], "k_pid_vsp": [123.54043500978938, 127.08643833319515, 1.0545301718400046]}, "datetime": {"datetime": "2025-08-12 05:33:39", "elapsed": 47299.30011510849, "delta": 19.2700674533844}, "costs": {"total_cost": 182.268087113832, "time_cost": 72.926, "final_distance_cost": 1.8384707415162564, "oscillation_cost": 19.42096312424113, "completition_cost": 0.0, "overshoot_cost": 52.01569842667177, "power_cost": 14.157957287597657, "noise_cost": 21.908997533805177, "n_waypoints_completed": 9, "tot_waypoints": 9}}
{"target": -181.8107297669197, "params": {"k_pid_pos": [0.5262023054125887, 0.0, 0.0], "k_pid_alt": [1.6284830070272, 0.0, 0.13513761231303595], "k_pid_att": [25.36161913390538, 2.1188400107907976, 0.255925580518334], "k_pid_yaw": [0.5, 1e-06, 0.1], "k_pid_hsp": [0.0907243544815807, 0.0, 0.0], "k_pid_vsp": [131.3802269504265, 125.73285867277619, 0.5962932326472741]}, "datetime": {"datetime": "2025-08-12 05:33:59", "elapsed": 47318.99542307854, "delta": 19.695307970046997}, "costs": {"total_cost": 181.8107297669197, "time_cost": 72.95400000000001, "final_distance_cost": 1.8297628038301639, "oscillation_cost": 19.133670529133003, "completition_cost": 0.0, "overshoot_cost": 51.77342856212093, "power_cost": 14.205554052734376, "noise_cost": 21.91431381910123, "n_waypoints_completed": 9, "tot_waypoints": 9}}
{"target": -182.55238390237056, "params": {"k_pid_pos": [0.5304303527682172, 0.0, 0.0], "k_pid_alt": [1.5939824144497337, 0.0, 0.12199863265757417], "k_pid_att": [25.35489569459926, 2.145246304488762, 0.25108631552216704], "k_pid_yaw": [0.5, 1e-06, 0.1], "k_pid_hsp": [0.09164950670882575, 0.0, 0.0], "k_pid_vsp": [133.7990389016569, 129.84739667630657, 5.529735233072251]}, "datetime": {"datetime": "2025-08-12 05:34:19", "elapsed": 47338.893667936325, "delta": 19.898244857788086}, "costs": {"total_cost": 182.55238390237056, "time_cost": 72.856, "final_distance_cost": 1.8210744283330964, "oscillation_cost": 19.484594153477335, "completition_cost": 0.0, "overshoot_cost": 52.155336121995255, "power_cost": 14.272473571777345, "noise_cost": 21.962905626787553, "n_waypoints_completed": 9, "tot_waypoints": 9}}
{"target": -182.33108907995972, "params": {"k_pid_pos": [0.5275334697825893, 0.0, 0.0], "k_pid_alt": [1.6176194574226925, 0.0, 0.008977382711421178], "k_pid_att": [25.11210526720318, 2.1445665018092197, 0.23068121467740746], "k_pid_yaw": [0.5, 1e-06, 0.1], "k_pid_hsp": [0.09097603431567909, 0.0, 0.0], "k_pid_vsp": [128.57096274854976, 157.81828237805473, 2.029193789014257]}, "datetime": {"datetime": "2025-08-12 05:34:37", "elapsed": 47357.235434770584, "delta": 18.341766834259033}, "costs": {"total_cost": 182.33108907995972, "time_cost": 72.807, "final_distance_cost": 1.821265034158861, "oscillation_cost": 19.358273674772157, "completition_cost": 0.0, "overshoot_cost": 52.088240100427676, "power_cost": 14.247952954101564, "noise_cost": 22.008357316499474, "n_waypoints_completed": 9, "tot_waypoints": 9}}
{"target": -182.47426610657035, "params": {"k_pid_pos": [0.586085610774807, 0.0, 0.0006417308403000374], "k_pid_alt": [1.610113338236477, 0.0, 0.14469987607079524], "k_pid_att": [25.310580289948536, 2.2542687633897316, 0.27833110214612955], "k_pid_yaw": [0.5, 1e-06, 0.1], "k_pid_hsp": [0.09406137243821323, 0.0, 0.0], "k_pid_vsp": [126.27680350276543, 122.42094711671054, 1.2326206726434972]}, "datetime": {"datetime": "2025-08-12 05:34:56", "elapsed": 47376.292558670044, "delta": 19.05712389945984}, "costs": {"total_cost": 182.47426610657035, "time_cost": 72.114, "final_distance_cost": 1.8083735342979588, "oscillation_cost": 20.716522100536803, "completition_cost": 0.0, "overshoot_cost": 51.93103590015803, "power_cost": 14.177252160644532, "noise_cost": 21.727082410932997, "n_waypoints_completed": 9, "tot_waypoints": 9}}
{"target": -182.3203571019386, "params": {"k_pid_pos": [0.5246236776785963, 0.0, 0.0], "k_pid_alt": [1.621866999226581, 0.0, 0.14371041785571384], "k_pid_att": [27.137877841562723, 2.152969946526795, 0.24152592784578508], "k_pid_yaw": [0.5, 1e-06, 0.1], "k_pid_hsp": [0.09250199274471058, 0.0, 0.0], "k_pid_vsp": [128.5484966940006, 132.69440616662183, 1.0551712293543032]}, "datetime": {"datetime": "2025-08-12 05:35:14", "elapsed": 47394.29968881607, "delta": 18.00713014602661}, "costs": {"total_cost": 182.3203571019386, "time_cost": 72.926, "final_distance_cost": 1.8282374557598937, "oscillation_cost": 19.539175810278486, "completition_cost": 0.0, "overshoot_cost": 51.95856524655298, "power_cost": 14.161907543945313, "noise_cost": 21.906471045401943, "n_waypoints_completed": 9, "tot_waypoints": 9}}
{"target": -182.33592522918116, "params": {"k_pid_pos": [0.5205130932612939, 0.0, 0.0], "k_pid_alt": [1.6140865176895096, 0.0, 0.1276007496572568], "k_pid_att": [25.41644394351705, 2.1283026071246796, 0.25687182928972985], "k_pid_yaw": [0.5, 1e-06, 0.1], "k_pid_hsp": [0.09111515197466939, 0.0, 0.0], "k_pid_vsp": [128.29964050930354, 125.33178287970095, 1.0115110051391178]}, "datetime": {"datetime": "2025-08-12 05:35:36", "elapsed": 47415.74177932739, "delta": 21.44209051132202}, "costs": {"total_cost": 182.33592522918116, "time_cost": 73.017, "final_distance_cost": 1.8348680371966049, "oscillation_cost": 19.285383131350645, "completition_cost": 0.0, "overshoot_cost": 51.96632007619937, "power_cost": 14.184995959472657, "noise_cost": 22.047358024961895, "n_waypoints_completed": 9, "tot_waypoints": 9}}
{"target": -182.68153523164364, "params": {"k_pid_pos": [0.5232341018625123, 0.0, 0.0], "k_pid_alt": [1.6093280401784644, 0.0, 0.13374619930838705], "k_pid_att": [26.114584365995565, 2.1151937613382015, 0.2489772918180922], "k_pid_yaw": [0.5, 1e-06, 0.1], "k_pid_hsp": [0.09190345324194071, 0.0, 0.0], "k_pid_vsp": [125.8253063527582, 84.25155296605581, 1.1612382858968207]}, "datetime": {"datetime": "2025-08-12 05:35:54", "elapsed": 47433.64098596573, "delta": 17.89920663833618}, "costs": {"total_cost": 182.68153523164364, "time_cost": 72.996, "final_distance_cost": 1.8337815882038746, "oscillation_cost": 19.18314024441575, "completition_cost": 0.0, "overshoot_cost": 52.28522254454781, "power_cost": 14.285934509277345, "noise_cost": 22.097456345198847, "n_waypoints_completed": 9, "tot_waypoints": 9}}
{"target": -181.77371458137392, "params": {"k_pid_pos": [0.5266698120849473, 0.0, 0.0], "k_pid_alt": [1.6086092204832603, 0.0, 0.1203784663357163], "k_pid_att": [25.448161769486948, 2.131457208354709, 0.21730552379035722], "k_pid_yaw": [0.5, 1e-06, 0.1], "k_pid_hsp": [0.09090665551044703, 0.0, 0.0], "k_pid_vsp": [128.747381362402, 123.6328358539121, 1.2819415737155908]}, "datetime": {"datetime": "2025-08-12 05:36:15", "elapsed": 47454.864401102066, "delta": 21.22341513633728}, "costs": {"total_cost": 181.77371458137392, "time_cost": 72.933, "final_distance_cost": 1.8201134836735073, "oscillation_cost": 19.230007269941158, "completition_cost": 0.0, "overshoot_cost": 51.6762694100519, "power_cost": 14.194028625488283, "noise_cost": 21.920295792219093, "n_waypoints_completed": 9, "tot_waypoints": 9}}
{"target": -182.31264704280284, "params": {"k_pid_pos": [0.5257104643607026, 0.0, 0.0], "k_pid_alt": [1.6101076277659028, 0.0, 0.06545062157835783], "k_pid_att": [25.329498812894336, 2.1059735397366004, 0.24729857866156696], "k_pid_yaw": [0.5, 1e-06, 0.1], "k_pid_hsp": [0.09086867706642274, 0.0, 0.0], "k_pid_vsp": [128.76611472989214, 125.68612350131033, 1.3994501297504347]}, "datetime": {"datetime": "2025-08-12 05:36:33", "elapsed": 47473.291286706924, "delta": 18.4268856048584}, "costs": {"total_cost": 182.31264704280284, "time_cost": 72.898, "final_distance_cost": 1.813642528943557, "oscillation_cost": 19.332410156968795, "completition_cost": 0.0, "overshoot_cost": 52.144004861836706, "power_cost": 14.180399450683595, "noise_cost": 21.944190044370192, "n_waypoints_completed": 9, "tot_waypoints": 9}}
{"target": -182.0669777479415, "params": {"k_pid_pos": [0.5259095061025866, 0.0, 0.0], "k_pid_alt": [1.6275795727469657, 0.0, 0.12788202024694717], "k_pid_att": [25.30659915627063, 2.159202771401522, 0.2531993882325123], "k_pid_yaw": [0.5, 1e-06, 0.1], "k_pid_hsp": [0.0904581422121192, 0.0, 0.0], "k_pid_vsp": [128.17444407113504, 136.54004833866838, 1.4019753986537933]}, "datetime": {"datetime": "2025-08-12 05:36:54", "elapsed": 47493.657554626465, "delta": 20.366267919540405}, "costs": {"total_cost": 182.0669777479415, "time_cost": 72.95400000000001, "final_distance_cost": 1.8307033722754018, "oscillation_cost": 19.13414511231735, "completition_cost": 0.0, "overshoot_cost": 51.993119655382806, "power_cost": 14.258979541015625, "noise_cost": 21.89603006695033, "n_waypoints_completed": 9, "tot_waypoints": 9}}
{"target": -182.63957702521753, "params": {"k_pid_pos": [0.5281564313185749, 0.0, 0.0], "k_pid_alt": [1.6105599006176732, 0.0, 0.12911533087658464], "k_pid_att": [25.40149303323179, 2.1395080125796557, 0.25748680276691804], "k_pid_yaw": [0.5, 1e-06, 0.1], "k_pid_hsp": [0.087293685414663, 0.0, 0.0], "k_pid_vsp": [140.31613757389604, 123.56323400655809, 0.524869404050009]}, "datetime": {"datetime": "2025-08-12 05:37:12", "elapsed": 47511.60587596893, "delta": 17.94832134246826}, "costs": {"total_cost": 182.63957702521753, "time_cost": 73.09400000000001, "final_distance_cost": 1.8125867514863974, "oscillation_cost": 19.22274008307301, "completition_cost": 0.0, "overshoot_cost": 52.38618879996862, "power_cost": 14.181292944335938, "noise_cost": 21.942768446353575, "n_waypoints_completed": 9, "tot_waypoints": 9}}
{"target": -182.13939860534617, "params": {"k_pid_pos": [0.5265602868231877, 0.0, 0.0], "k_pid_alt": [1.6177687142443775, 0.0, 0.12531468854415884], "k_pid_att": [25.92863457528806, 2.1331887785644086, 0.24967683620993372], "k_pid_yaw": [0.5, 1e-06, 0.1], "k_pid_hsp": [0.09107313820360934, 0.0, 0.0], "k_pid_vsp": [126.47266432781346, 124.47158376733957, 1.0969230898600315]}, "datetime": {"datetime": "2025-08-12 05:37:32", "elapsed": 47531.97534275055, "delta": 20.36946678161621}, "costs": {"total_cost": 182.13939860534617, "time_cost": 72.919, "final_distance_cost": 1.8243184903721765, "oscillation_cost": 19.345637727929358, "completition_cost": 0.0, "overshoot_cost": 51.99445645670208, "power_cost": 14.145155419921876, "noise_cost": 21.910830510420684, "n_waypoints_completed": 9, "tot_waypoints": 9}}
{"target": -181.7815737323963, "params": {"k_pid_pos": [0.5262772566997723, 0.0, 0.0], "k_pid_alt": [1.6142210773395633, 0.0, 0.13219003653957814], "k_pid_att": [26.194077672901233, 2.1094674828129105, 0.2268824883016445], "k_pid_yaw": [0.5, 1e-06, 0.1], "k_pid_hsp": [0.09083354972156327, 0.0, 0.0], "k_pid_vsp": [127.57174109724782, 125.08011680167894, 1.08112877494533]}, "datetime": {"datetime": "2025-08-12 05:37:52", "elapsed": 47551.97815680504, "delta": 20.002814054489136}, "costs": {"total_cost": 181.7815737323963, "time_cost": 72.947, "final_distance_cost": 1.8352864643563767, "oscillation_cost": 19.166152344532332, "completition_cost": 0.0, "overshoot_cost": 51.74064174850893, "power_cost": 14.190443041992188, "noise_cost": 21.9020501330065, "n_waypoints_completed": 9, "tot_waypoints": 9}}
{"target": -182.1183316960852, "params": {"k_pid_pos": [0.5261826935750372, 0.0, 0.0], "k_pid_alt": [1.5918373197006237, 0.0, 0.12852567616258542], "k_pid_att": [25.785316323068855, 2.1276613792304406, 0.22291566262540538], "k_pid_yaw": [0.5, 1e-06, 0.1], "k_pid_hsp": [0.09051561580413033, 0.0, 0.0], "k_pid_vsp": [129.0221761131381, 127.58870147209193, 1e-06]}, "datetime": {"datetime": "2025-08-12 05:38:10", "elapsed": 47570.23295760155, "delta": 18.25480079650879}, "costs": {"total_cost": 182.1183316960852, "time_cost": 72.97500000000001, "final_distance_cost": 1.8203004587464195, "oscillation_cost": 19.187864215152782, "completition_cost": 0.0, "overshoot_cost": 51.83598145046228, "power_cost": 14.243852124023439, "noise_cost": 22.05533344770025, "n_waypoints_completed": 9, "tot_waypoints": 9}}
{"target": -182.71347306063092, "params": {"k_pid_pos": [0.6073564378226431, 0.0, 0.0], "k_pid_alt": [1.6245877935253983, 0.0, 0.14461629108947208], "k_pid_att": [24.93161523154386, 1.8083718181389024, 0.23305933209889979], "k_pid_yaw": [0.5, 1e-06, 0.1], "k_pid_hsp": [0.09215729888626482, 0.0, 0.0], "k_pid_vsp": [129.2573184980197, 113.94803099562108, 1.002702532750346]}, "datetime": {"datetime": "2025-08-12 05:38:31", "elapsed": 47590.98346734047, "delta": 20.75050973892212}, "costs": {"total_cost": 182.71347306063092, "time_cost": 71.974, "final_distance_cost": 1.8179561586579494, "oscillation_cost": 21.256503175721004, "completition_cost": 0.0, "overshoot_cost": 51.928961589161894, "power_cost": 14.11977440185547, "noise_cost": 21.61627773523459, "n_waypoints_completed": 9, "tot_waypoints": 9}}
{"target": -182.64769726172696, "params": {"k_pid_pos": [0.556120548177596, 0.0, 0.0], "k_pid_alt": [1.6091948091342956, 0.0, 0.16590824908660015], "k_pid_att": [22.234337355519514, 2.1363621591898307, 0.21690428022527705], "k_pid_yaw": [0.5, 1e-06, 0.1], "k_pid_hsp": [0.09703276961166848, 0.0, 0.0], "k_pid_vsp": [130.81919066838415, 124.9841220116313, 0.8113343178525843]}, "datetime": {"datetime": "2025-08-12 05:38:49", "elapsed": 47608.6114988327, "delta": 17.628031492233276}, "costs": {"total_cost": 182.64769726172696, "time_cost": 72.373, "final_distance_cost": 1.8354653135010364, "oscillation_cost": 20.46787750394077, "completition_cost": 0.0, "overshoot_cost": 52.032028062901304, "power_cost": 14.218435302734376, "noise_cost": 21.720891078649466, "n_waypoints_completed": 9, "tot_waypoints": 9}}
{"target": -182.60403893846197, "params": {"k_pid_pos": [0.5293018558433037, 0.0, 0.0], "k_pid_alt": [1.6272843648526873, 0.0, 0.13816137289726246], "k_pid_att": [23.472778794524878, 2.12030722266284, 0.29352049371216765], "k_pid_yaw": [0.5, 1e-06, 0.1], "k_pid_hsp": [0.09062020787030198, 0.0, 0.0], "k_pid_vsp": [127.50838761376622, 113.78370423820877, 1.565004432659599]}, "datetime": {"datetime": "2025-08-12 05:39:09", "elapsed": 47629.249648332596, "delta": 20.63814949989319}, "costs": {"total_cost": 182.60403893846197, "time_cost": 72.905, "final_distance_cost": 1.8305857725479324, "oscillation_cost": 19.30791248057793, "completition_cost": 0.0, "overshoot_cost": 52.44870549852629, "power_cost": 14.202468139648438, "noise_cost": 21.909367047161396, "n_waypoints_completed": 9, "tot_waypoints": 9}}
{"target": -182.0535527058777, "params": {"k_pid_pos": [0.5878756832291198, 0.0, 0.0], "k_pid_alt": [1.6147292803426505, 0.0, 0.07182146775288464], "k_pid_att": [23.842897500188865, 1.9179592534300105, 0.23642801058490712], "k_pid_yaw": [0.5, 1e-06, 0.1], "k_pid_hsp": [0.09224669037373284, 0.0, 0.0], "k_pid_vsp": [128.51164555717529, 122.10188972342279, 0.6461950406959819]}, "datetime": {"datetime": "2025-08-12 05:39:27", "elapsed": 47647.08413648605, "delta": 17.83448815345764}, "costs": {"total_cost": 182.0535527058777, "time_cost": 72.07900000000001, "final_distance_cost": 1.8116718045243387, "oscillation_cost": 20.58756064591265, "completition_cost": 0.0, "overshoot_cost": 51.83544843721184, "power_cost": 14.148820959472657, "noise_cost": 21.591050858756198, "n_waypoints_completed": 9, "tot_waypoints": 9}}
{"target": -181.84705573496927, "params": {"k_pid_pos": [0.5253643821449091, 0.0, 0.0], "k_pid_alt": [1.6204155884063025, 0.0, 0.12155800321627218], "k_pid_att": [25.24508711561169, 2.1303339880926657, 0.283599504987357], "k_pid_yaw": [0.5, 1e-06, 0.1], "k_pid_hsp": [0.09080538681875458, 0.0, 0.0], "k_pid_vsp": [128.738468668427, 128.88139515756504, 1.0543775675104385]}, "datetime": {"datetime": "2025-08-12 05:39:46", "elapsed": 47665.70449972153, "delta": 18.620363235473633}, "costs": {"total_cost": 181.84705573496927, "time_cost": 72.947, "final_distance_cost": 1.8323047813227629, "oscillation_cost": 19.196187720110142, "completition_cost": 0.0, "overshoot_cost": 51.75484057196567, "power_cost": 14.207019396972656, "noise_cost": 21.909703264598036, "n_waypoints_completed": 9, "tot_waypoints": 9}}
{"target": -182.34667188088338, "params": {"k_pid_pos": [0.5273017579537412, 0.0, 0.0], "k_pid_alt": [1.6581605930225414, 0.0, 0.12507549836317372], "k_pid_att": [25.32340471256526, 2.1358689500020493, 0.27043201609791634], "k_pid_yaw": [0.5, 1e-06, 0.1], "k_pid_hsp": [0.0910008807943567, 0.0, 0.0], "k_pid_vsp": [128.72790660585457, 120.04154465939813, 1.1301727450246]}, "datetime": {"datetime": "2025-08-12 05:40:03", "elapsed": 47683.24301123619, "delta": 17.538511514663696}, "costs": {"total_cost": 182.34667188088338, "time_cost": 72.891, "final_distance_cost": 1.8367753525002573, "oscillation_cost": 19.385833662054825, "completition_cost": 0.0, "overshoot_cost": 52.13612422055646, "power_cost": 14.168143103027344, "noise_cost": 21.928795542744506, "n_waypoints_completed": 9, "tot_waypoints": 9}}
{"target": -182.15794207378147, "params": {"k_pid_pos": [0.5264015274054297, 0.0, 0.0], "k_pid_alt": [1.624974270489022, 0.0, 0.12428178647516508], "k_pid_att": [25.276687245103197, 2.1306534262933057, 0.2789632947366212], "k_pid_yaw": [0.5, 1e-06, 0.1], "k_pid_hsp": [0.09069570330370891, 0.0, 0.0], "k_pid_vsp": [128.5192614231055, 126.1991573260119, 1.006659397890388]}, "datetime": {"datetime": "2025-08-12 05:40:22", "elapsed": 47702.333148002625, "delta": 19.090136766433716}, "costs": {"total_cost": 182.15794207378147, "time_cost": 72.933, "final_distance_cost": 1.8254349442183606, "oscillation_cost": 19.08990986748083, "completition_cost": 0.0, "overshoot_cost": 52.12538547957809, "power_cost": 14.278633593750001, "noise_cost": 21.90557818875416, "n_waypoints_completed": 9, "tot_waypoints": 9}}
{"target": -182.2724109966852, "params": {"k_pid_pos": [0.5258082549004796, 0.0, 0.0], "k_pid_alt": [1.5914778566733871, 0.0, 0.12895929575010442], "k_pid_att": [27.40155409749191, 2.135993498416348, 0.22942234791109475], "k_pid_yaw": [0.5, 1e-06, 0.1], "k_pid_hsp": [0.09351840238035537, 0.0, 0.0], "k_pid_vsp": [126.17270253308428, 123.30295404844958, 1.2403594237009936]}, "datetime": {"datetime": "2025-08-12 05:40:40", "elapsed": 47719.8543176651, "delta": 17.521169662475586}, "costs": {"total_cost": 182.2724109966852, "time_cost": 72.877, "final_distance_cost": 1.8374437030851474, "oscillation_cost": 19.64959994510011, "completition_cost": 0.0, "overshoot_cost": 51.807825521421414, "power_cost": 14.171138244628906, "noise_cost": 21.929403582449666, "n_waypoints_completed": 9, "tot_waypoints": 9}}
