{"target": -183.87159133243466, "params": {"k_pid_pos": [0.5249188495461055, 0.0, 0.0], "k_pid_alt": [1.5935214251013328, 0.0, 0.14585158251988833], "k_pid_att": [23.181323819695443, 2.13891545925421, 0.26490754238750075], "k_pid_yaw": [0.5, 1e-06, 0.1], "k_pid_hsp": [0.11903906615550167, 0.0, 0.0], "k_pid_vsp": [112.70214981158055, 56.980401601597606, 1e-06]}, "datetime": {"datetime": "2025-08-11 23:35:38", "elapsed": 25817.769312381744, "delta": 18.061227798461914}, "costs": {"total_cost": 183.87159133243466, "time_cost": 72.95400000000001, "final_distance_cost": 1.8319871268325796, "oscillation_cost": 21.266859734627047, "completition_cost": 0.0, "overshoot_cost": 51.466908610610716, "power_cost": 14.271059741210939, "noise_cost": 22.080776119153366, "n_waypoints_completed": 9, "tot_waypoints": 9}}
{"target": -189.5252141939823, "params": {"k_pid_pos": [0.624722971406237, 0.0, 0.0], "k_pid_alt": [1.6039986179208647, 0.0, 0.06680447362707094], "k_pid_att": [26.722841813836624, 1.5979431251929475, 0.24524998188009428], "k_pid_yaw": [0.5, 1e-06, 0.1], "k_pid_hsp": [0.06339995482942465, 0.0, 0.0], "k_pid_vsp": [155.71095672547847, 134.08401846934805, 1.2954689089678644]}, "datetime": {"datetime": "2025-08-11 23:35:58", "elapsed": 25837.39936375618, "delta": 19.630051374435425}, "costs": {"total_cost": 189.5252141939823, "time_cost": 76.986, "final_distance_cost": 1.792742272541469, "oscillation_cost": 18.916702064623426, "completition_cost": 0.0, "overshoot_cost": 53.85307986946401, "power_cost": 14.819815661621094, "noise_cost": 23.15687432573227, "n_waypoints_completed": 9, "tot_waypoints": 9}}
{"target": -182.42874518385506, "params": {"k_pid_pos": [0.54665038732446, 0.0, 0.0], "k_pid_alt": [1.5942663469661622, 0.0, 0.14167502437912152], "k_pid_att": [28.040872826879514, 2.1498762530158904, 0.24852662675378828], "k_pid_yaw": [0.5, 1e-06, 0.1], "k_pid_hsp": [0.09875248996794153, 0.0, 0.0], "k_pid_vsp": [143.07193687016297, 63.304555021579105, 1.520997741285423]}, "datetime": {"datetime": "2025-08-11 23:36:16", "elapsed": 25855.62225008011, "delta": 18.222886323928833}, "costs": {"total_cost": 182.42874518385506, "time_cost": 72.59700000000001, "final_distance_cost": 1.8235455395806823, "oscillation_cost": 20.248640418935665, "completition_cost": 0.0, "overshoot_cost": 51.720694670943075, "power_cost": 14.167986767578126, "noise_cost": 21.870877786817505, "n_waypoints_completed": 9, "tot_waypoints": 9}}
{"target": -184.01191410489417, "params": {"k_pid_pos": [0.5122471845381186, 0.0, 0.0], "k_pid_alt": [1.6627644702436575, 0.0, 0.1113126786072518], "k_pid_att": [24.34004693032913, 2.299742227815884, 0.3268447661861274], "k_pid_yaw": [0.5, 1e-06, 0.1], "k_pid_hsp": [0.1211382232477121, 0.0, 0.0], "k_pid_vsp": [123.38617028769124, 128.469150001303, 1.1547065916331016]}, "datetime": {"datetime": "2025-08-11 23:36:34", "elapsed": 25874.092138767242, "delta": 18.46988868713379}, "costs": {"total_cost": 184.01191410489417, "time_cost": 73.08, "final_distance_cost": 1.8363909315435363, "oscillation_cost": 21.136133199831637, "completition_cost": 0.0, "overshoot_cost": 51.40494924013227, "power_cost": 14.37998856201172, "noise_cost": 22.174452171375016, "n_waypoints_completed": 9, "tot_waypoints": 9}}
{"target": -182.5195924089785, "params": {"k_pid_pos": [0.5361482779239032, 0.0, 0.0], "k_pid_alt": [1.661741386853318, 0.0, 0.1421039049470773], "k_pid_att": [24.226658931367602, 1.9941101817085873, 0.2775944106841391], "k_pid_yaw": [0.5, 1e-06, 0.1], "k_pid_hsp": [0.0942367313016323, 0.0, 0.0], "k_pid_vsp": [116.91522062535242, 120.98068583046928, 0.0743980563161526]}, "datetime": {"datetime": "2025-08-11 23:36:53", "elapsed": 25892.399500370026, "delta": 18.307361602783203}, "costs": {"total_cost": 182.5195924089785, "time_cost": 72.667, "final_distance_cost": 1.8129720929363946, "oscillation_cost": 19.93552008001483, "completition_cost": 0.0, "overshoot_cost": 51.98338161405444, "power_cost": 14.223519543457032, "noise_cost": 21.897199078515822, "n_waypoints_completed": 9, "tot_waypoints": 9}}
{"target": -182.56370736656825, "params": {"k_pid_pos": [0.5818811992109639, 0.0, 0.0], "k_pid_alt": [1.6262168885094919, 0.0, 0.14789719443563887], "k_pid_att": [25.125101629861543, 2.432520338296091, 0.23674316227946954], "k_pid_yaw": [0.5, 1e-06, 0.1], "k_pid_hsp": [0.09258909748481317, 0.0, 0.0], "k_pid_vsp": [122.54622073663964, 109.90286976381546, 0.22813055017561368]}, "datetime": {"datetime": "2025-08-11 23:37:13", "elapsed": 25912.52427315712, "delta": 20.124772787094116}, "costs": {"total_cost": 182.56370736656825, "time_cost": 72.191, "final_distance_cost": 1.8151275416153096, "oscillation_cost": 20.754498093301954, "completition_cost": 0.0, "overshoot_cost": 52.05923561140911, "power_cost": 14.108748168945313, "noise_cost": 21.635097951296586, "n_waypoints_completed": 9, "tot_waypoints": 9}}
{"target": -182.7960442315936, "params": {"k_pid_pos": [0.5655064276243137, 0.0, 0.0], "k_pid_alt": [1.6607245060520666, 0.0, 0.1102095109334362], "k_pid_att": [25.114730770324275, 2.358856581324313, 0.25753065074884934], "k_pid_yaw": [0.5, 1e-06, 0.1], "k_pid_hsp": [0.0951910255832319, 0.0, 0.0], "k_pid_vsp": [138.6708324326566, 67.91179301622003, 0.6757838287122495]}, "datetime": {"datetime": "2025-08-11 23:37:35", "elapsed": 25934.47619867325, "delta": 21.95192551612854}, "costs": {"total_cost": 182.7960442315936, "time_cost": 72.352, "final_distance_cost": 1.8180142845519995, "oscillation_cost": 20.54809714893312, "completition_cost": 0.0, "overshoot_cost": 52.12801609130451, "power_cost": 14.135958642578126, "noise_cost": 21.813958064225847, "n_waypoints_completed": 9, "tot_waypoints": 9}}
{"target": -182.3493127249951, "params": {"k_pid_pos": [0.5184097197074209, 0.0, 0.0], "k_pid_alt": [1.5808553732260022, 0.0, 0.13285393775897278], "k_pid_att": [25.036262961734597, 2.179835986780415, 0.35275315643351884], "k_pid_yaw": [0.5, 1e-06, 0.1], "k_pid_hsp": [0.09538258601779294, 0.0, 0.0], "k_pid_vsp": [123.99773263468907, 146.8587950519407, 2.6071361496367365]}, "datetime": {"datetime": "2025-08-11 23:37:54", "elapsed": 25953.963701963425, "delta": 19.48750329017639}, "costs": {"total_cost": 182.3493127249951, "time_cost": 72.968, "final_distance_cost": 1.824698568481216, "oscillation_cost": 19.347419139448, "completition_cost": 0.0, "overshoot_cost": 52.13665332496533, "power_cost": 14.196512915039063, "noise_cost": 21.876028777061492, "n_waypoints_completed": 9, "tot_waypoints": 9}}
{"target": -182.2677167147073, "params": {"k_pid_pos": [0.5505790626682457, 0.0, 0.0], "k_pid_alt": [1.6551000726748482, 0.0, 0.2539455750090972], "k_pid_att": [31.425911480392443, 2.296307468255978, 0.23455219355852092], "k_pid_yaw": [0.5, 1e-06, 0.1], "k_pid_hsp": [0.100374095882243, 0.0, 0.0], "k_pid_vsp": [131.3942632254377, 64.47581760273147, 3.137734326385466]}, "datetime": {"datetime": "2025-08-11 23:38:13", "elapsed": 25973.017127752304, "delta": 19.053425788879395}, "costs": {"total_cost": 182.2677167147073, "time_cost": 72.569, "final_distance_cost": 1.8319447955288437, "oscillation_cost": 20.32339653270523, "completition_cost": 0.0, "overshoot_cost": 51.54844003320065, "power_cost": 14.131763586425782, "noise_cost": 21.863171766846754, "n_waypoints_completed": 9, "tot_waypoints": 9}}
{"target": -182.40578039919387, "params": {"k_pid_pos": [0.5521907726225392, 0.0, 0.0], "k_pid_alt": [1.5374284552682953, 0.0, 0.15965285735942647], "k_pid_att": [22.797637206897345, 2.3050710385844515, 0.2611927564735033], "k_pid_yaw": [0.5, 1e-06, 0.1], "k_pid_hsp": [0.08951406928789916, 0.0, 0.0], "k_pid_vsp": [108.88064324898602, 120.9877130184864, 1.9718030992096662]}, "datetime": {"datetime": "2025-08-11 23:38:32", "elapsed": 25991.476363182068, "delta": 18.459235429763794}, "costs": {"total_cost": 182.40578039919387, "time_cost": 72.765, "final_distance_cost": 1.8183979049116485, "oscillation_cost": 19.607987395040045, "completition_cost": 0.0, "overshoot_cost": 52.189729375776295, "power_cost": 14.232911718750001, "noise_cost": 21.791754004715887, "n_waypoints_completed": 9, "tot_waypoints": 9}}
{"target": -183.16991854419663, "params": {"k_pid_pos": [0.52686555291416, 0.0, 0.0], "k_pid_alt": [1.5883493744614798, 0.0, 0.13433878579820704], "k_pid_att": [23.37860218385685, 2.0172411616411257, 0.1404100016225378], "k_pid_yaw": [0.5, 1e-06, 0.1], "k_pid_hsp": [0.08250517258593201, 0.0, 0.0], "k_pid_vsp": [127.42982507578, 55.471468951525516, 2.2555879342827443]}, "datetime": {"datetime": "2025-08-11 23:38:50", "elapsed": 26010.305193662643, "delta": 18.82883048057556}, "costs": {"total_cost": 183.16991854419663, "time_cost": 73.521, "final_distance_cost": 1.8114510709969058, "oscillation_cost": 18.84784575080163, "completition_cost": 0.0, "overshoot_cost": 52.501979929528446, "power_cost": 14.213291564941407, "noise_cost": 22.27435022792823, "n_waypoints_completed": 9, "tot_waypoints": 9}}
{"target": -182.5832801913046, "params": {"k_pid_pos": [0.5406356625429118, 0.0, 0.0], "k_pid_alt": [1.7665203122444466, 0.0, 0.2577190849456566], "k_pid_att": [18.154263719069636, 2.2953209786091224, 0.2686299424483499], "k_pid_yaw": [0.5, 1e-06, 0.1], "k_pid_hsp": [0.09850670193793712, 0.0, 0.0], "k_pid_vsp": [121.41860731083943, 109.91474932287312, 0.9633354088096548]}, "datetime": {"datetime": "2025-08-11 23:39:09", "elapsed": 26028.472042798996, "delta": 18.16684913635254}, "costs": {"total_cost": 182.5832801913046, "time_cost": 72.555, "final_distance_cost": 1.83937959244, "oscillation_cost": 20.255681097075403, "completition_cost": 0.0, "overshoot_cost": 51.82595353196706, "power_cost": 14.272252893066407, "noise_cost": 21.83501307675572, "n_waypoints_completed": 9, "tot_waypoints": 9}}
{"target": -181.8624851238666, "params": {"k_pid_pos": [0.5238965290482553, 0.0, 0.0], "k_pid_alt": [1.6078516676799317, 0.0, 0.1371241858427129], "k_pid_att": [24.32554354416275, 2.01508744165645, 0.21932232782209923], "k_pid_yaw": [0.5, 1e-06, 0.1], "k_pid_hsp": [0.09199675264567175, 0.0, 0.0], "k_pid_vsp": [127.5390886333341, 121.66760875373933, 1.273368021834603]}, "datetime": {"datetime": "2025-08-11 23:39:28", "elapsed": 26047.70916581154, "delta": 19.237123012542725}, "costs": {"total_cost": 181.8624851238666, "time_cost": 72.947, "final_distance_cost": 1.820927065378761, "oscillation_cost": 19.202131728145204, "completition_cost": 0.0, "overshoot_cost": 51.77392031417292, "power_cost": 14.201807568359376, "noise_cost": 21.916698447810337, "n_waypoints_completed": 9, "tot_waypoints": 9}}
{"target": -182.996565925637, "params": {"k_pid_pos": [0.47900161664239477, 0.0, 0.0], "k_pid_alt": [1.5587130323878817, 0.0, 0.27203041757598945], "k_pid_att": [22.573376076382655, 2.0854064091523914, 0.5769454759239697], "k_pid_yaw": [0.5, 1e-06, 0.1], "k_pid_hsp": [0.09341687164357777, 0.0, 0.0], "k_pid_vsp": [144.6487470427207, 91.02729604675058, 1.3573389518815626]}, "datetime": {"datetime": "2025-08-11 23:39:47", "elapsed": 26066.963569879532, "delta": 19.254404067993164}, "costs": {"total_cost": 182.996565925637, "time_cost": 74.074, "final_distance_cost": 1.838268581591484, "oscillation_cost": 18.452449997541958, "completition_cost": 0.0, "overshoot_cost": 51.831999686392585, "power_cost": 14.362964184570313, "noise_cost": 22.436883475540665, "n_waypoints_completed": 9, "tot_waypoints": 9}}
{"target": -183.39932850239796, "params": {"k_pid_pos": [0.56620740324183, 0.0, 0.0], "k_pid_alt": [1.6393303003404416, 0.0, 0.1697766430479164], "k_pid_att": [23.606575314181594, 2.1982565086768067, 0.17852093322630663], "k_pid_yaw": [0.5, 1e-06, 0.1], "k_pid_hsp": [0.11031080359311685, 0.0, 0.0], "k_pid_vsp": [126.10780444822082, 102.21015563096584, 1.681229035570584]}, "datetime": {"datetime": "2025-08-11 23:40:05", "elapsed": 26084.758975982666, "delta": 17.795406103134155}, "costs": {"total_cost": 183.39932850239796, "time_cost": 72.058, "final_distance_cost": 1.8307860761818349, "oscillation_cost": 21.852236770802897, "completition_cost": 0.0, "overshoot_cost": 51.82386761848794, "power_cost": 14.180856372070313, "noise_cost": 21.653581664854983, "n_waypoints_completed": 9, "tot_waypoints": 9}}
{"target": -196.10612726479258, "params": {"k_pid_pos": [0.3978562264894214, 0.0, 0.0005271147225464006], "k_pid_alt": [1.614135328032073, 0.0, 0.14217369169971406], "k_pid_att": [25.000880360593932, 2.0494918838706218, 0.18990575136618923], "k_pid_yaw": [0.5, 1e-06, 0.1], "k_pid_hsp": [0.16125155994971263, 0.0, 0.0], "k_pid_vsp": [128.67451954687274, 79.38849978135978, 1.372746509160335]}, "datetime": {"datetime": "2025-08-11 23:40:26", "elapsed": 26105.886227846146, "delta": 21.127251863479614}, "costs": {"total_cost": 196.10612726479258, "time_cost": 80.47200000000001, "final_distance_cost": 1.8587390060315452, "oscillation_cost": 21.05630523687382, "completition_cost": 0.0, "overshoot_cost": 51.850506715601135, "power_cost": 15.532592309570314, "noise_cost": 25.335983996715747, "n_waypoints_completed": 9, "tot_waypoints": 9}}
{"target": -233.0239831489401, "params": {"k_pid_pos": [0.22958451867387758, 0.002781873918851602, 0.005310055512567937], "k_pid_alt": [1.5659940042593257, 0.0, 0.14164328626046438], "k_pid_att": [37.14385084377857, 2.413209477115077, 0.32688506449473387], "k_pid_yaw": [0.5, 1e-06, 0.1], "k_pid_hsp": [0.10588669509204289, 0.0, 0.0], "k_pid_vsp": [117.100723278807, 31.364842274079436, 1.5385189430761181]}, "datetime": {"datetime": "2025-08-11 23:40:52", "elapsed": 26132.202074289322, "delta": 26.31584644317627}, "costs": {"total_cost": 233.0239831489401, "time_cost": 105.196, "final_distance_cost": 1.8601639417305682, "oscillation_cost": 13.366340087575207, "completition_cost": 0.0, "overshoot_cost": 57.796585532128475, "power_cost": 19.478275061035156, "noise_cost": 35.32661852647068, "n_waypoints_completed": 9, "tot_waypoints": 9}}
{"target": -183.55900843661382, "params": {"k_pid_pos": [0.46900506742533654, 0.0, 0.0], "k_pid_alt": [1.6032913302605947, 0.0, 0.14221638814347073], "k_pid_att": [31.494883424965565, 2.133231461871943, 0.31611465696773755], "k_pid_yaw": [0.5, 1e-06, 0.1], "k_pid_hsp": [0.09409523140510091, 0.0, 0.0], "k_pid_vsp": [147.22947767473175, 85.85384204125847, 0.933792898377182]}, "datetime": {"datetime": "2025-08-11 23:41:12", "elapsed": 26151.720747470856, "delta": 19.518673181533813}, "costs": {"total_cost": 183.55900843661382, "time_cost": 74.025, "final_distance_cost": 1.827614495147275, "oscillation_cost": 18.471554242021178, "completition_cost": 0.0, "overshoot_cost": 52.31114525111423, "power_cost": 14.381969543457032, "noise_cost": 22.541724904874076, "n_waypoints_completed": 9, "tot_waypoints": 9}}
{"target": -182.58186003645923, "params": {"k_pid_pos": [0.5253698937520651, 0.0, 0.0], "k_pid_alt": [1.6092415533264988, 0.0, 0.1882726487661849], "k_pid_att": [27.198412668282074, 3.379066801856685, 0.24260486879658533], "k_pid_yaw": [0.5, 1e-06, 0.1], "k_pid_hsp": [0.08484323258699843, 0.0, 0.0], "k_pid_vsp": [199.8043663953826, 74.09506526104742, 1.4539982113975136]}, "datetime": {"datetime": "2025-08-11 23:41:31", "elapsed": 26170.64806842804, "delta": 18.927320957183838}, "costs": {"total_cost": 182.58186003645923, "time_cost": 73.486, "final_distance_cost": 1.8233932297723976, "oscillation_cost": 18.706457392699736, "completition_cost": 0.0, "overshoot_cost": 52.22349414822689, "power_cost": 14.233657263183595, "noise_cost": 22.108858002576625, "n_waypoints_completed": 9, "tot_waypoints": 9}}
{"target": -182.30567774736105, "params": {"k_pid_pos": [0.5303128289712677, 0.0, 0.0], "k_pid_alt": [1.599536129822968, 0.0, 0.1473764705714914], "k_pid_att": [25.19180639797622, 2.2219846012267266, 0.26547262742154504], "k_pid_yaw": [0.5, 1e-06, 0.1], "k_pid_hsp": [0.09286893656273072, 0.0, 0.0], "k_pid_vsp": [122.40096283942907, 115.7432393927431, 0.9914475065973597]}, "datetime": {"datetime": "2025-08-11 23:41:49", "elapsed": 26188.93154811859, "delta": 18.283479690551758}, "costs": {"total_cost": 182.30567774736105, "time_cost": 72.849, "final_distance_cost": 1.8168979816065083, "oscillation_cost": 19.635925633574516, "completition_cost": 0.0, "overshoot_cost": 51.86587520489281, "power_cost": 14.197041906738281, "noise_cost": 21.94093702054891, "n_waypoints_completed": 9, "tot_waypoints": 9}}
{"target": -182.50385790605503, "params": {"k_pid_pos": [0.537628143570796, 0.0, 0.0], "k_pid_alt": [1.6704828320554979, 0.0, 0.14014512845882546], "k_pid_att": [14.189352080363097, 4.4430647401832655, 0.22697915460543372], "k_pid_yaw": [0.5, 1e-06, 0.1], "k_pid_hsp": [0.085896271117334, 0.0, 0.0], "k_pid_vsp": [113.41004012680382, 159.18060594421829, 0.24280220451803566]}, "datetime": {"datetime": "2025-08-11 23:42:08", "elapsed": 26208.160054922104, "delta": 19.228506803512573}, "costs": {"total_cost": 182.50385790605503, "time_cost": 72.919, "final_distance_cost": 1.8205393214580297, "oscillation_cost": 19.416586613844988, "completition_cost": 0.0, "overshoot_cost": 52.233533568148324, "power_cost": 14.266027514648439, "noise_cost": 21.848170887955273, "n_waypoints_completed": 9, "tot_waypoints": 9}}
{"target": -182.33545005618095, "params": {"k_pid_pos": [0.5557887742259445, 0.0, 0.0], "k_pid_alt": [1.5963193630841521, 0.0, 0.14975128474920518], "k_pid_att": [24.429270150883927, 2.2305289943723174, 0.28069626888296934], "k_pid_yaw": [0.5, 1e-06, 0.1], "k_pid_hsp": [0.09167612404857797, 0.0, 0.0], "k_pid_vsp": [119.00411207206173, 112.37251438037666, 0.9955782184114281]}, "datetime": {"datetime": "2025-08-11 23:42:26", "elapsed": 26226.34135055542, "delta": 18.18129563331604}, "costs": {"total_cost": 182.33545005618095, "time_cost": 72.562, "final_distance_cost": 1.8314019679103977, "oscillation_cost": 19.929016249415607, "completition_cost": 0.0, "overshoot_cost": 52.06017011973841, "power_cost": 14.180429663085938, "noise_cost": 21.77243205603058, "n_waypoints_completed": 9, "tot_waypoints": 9}}
{"target": -183.0455592321825, "params": {"k_pid_pos": [0.5353088217658195, 0.0, 0.0], "k_pid_alt": [1.6585874347301743, 0.0, 0.1432873415865737], "k_pid_att": [27.138409716642265, 2.127723346083895, 0.2101491277873259], "k_pid_yaw": [0.5, 1e-06, 0.1], "k_pid_hsp": [0.0778608377865736, 0.0, 0.0], "k_pid_vsp": [126.0244266550452, 66.16715651089669, 0.8040120151388073]}, "datetime": {"datetime": "2025-08-11 23:42:45", "elapsed": 26245.296478033066, "delta": 18.955127477645874}, "costs": {"total_cost": 183.0455592321825, "time_cost": 73.738, "final_distance_cost": 1.8251440888059667, "oscillation_cost": 18.272139001930697, "completition_cost": 0.0, "overshoot_cost": 52.648658952984945, "power_cost": 14.272602868652344, "noise_cost": 22.289014319808555, "n_waypoints_completed": 9, "tot_waypoints": 9}}
{"target": -183.2057584134621, "params": {"k_pid_pos": [0.5643052370932147, 0.0, 0.0], "k_pid_alt": [1.6273514428668368, 0.0, 0.0], "k_pid_att": [26.253081245787648, 2.0756401192239573, 0.16430993054248205], "k_pid_yaw": [0.5, 1e-06, 0.1], "k_pid_hsp": [0.11394132270667924, 0.0, 0.0], "k_pid_vsp": [132.07867792185337, 68.58918314103337, 2.085974302042274]}, "datetime": {"datetime": "2025-08-11 23:43:05", "elapsed": 26264.901114463806, "delta": 19.604636430740356}, "costs": {"total_cost": 183.2057584134621, "time_cost": 72.10000000000001, "final_distance_cost": 1.8233928957344614, "oscillation_cost": 21.578297319100244, "completition_cost": 0.0, "overshoot_cost": 51.57151756995401, "power_cost": 14.201065698242187, "noise_cost": 21.93148493043116, "n_waypoints_completed": 9, "tot_waypoints": 9}}
{"target": -224.2533575507619, "params": {"k_pid_pos": [0.8028150363236021, 0.0, 0.00032932613013701717], "k_pid_alt": [1.602431237841869, 0.0, 0.22653444260841718], "k_pid_att": [24.12974835234086, 1.7727927273228208, 0.15581302710608777], "k_pid_yaw": [0.5, 1e-06, 0.1], "k_pid_hsp": [0.03385798133000262, 0.0, 0.0], "k_pid_vsp": [123.48641753551475, 138.34989279970083, 0.9277598951636478]}, "datetime": {"datetime": "2025-08-11 23:43:29", "elapsed": 26289.288341760635, "delta": 24.387227296829224}, "costs": {"total_cost": 224.2533575507619, "time_cost": 97.965, "final_distance_cost": 1.7508010668624239, "oscillation_cost": 15.108967536869471, "completition_cost": 0.0, "overshoot_cost": 61.549444370430585, "power_cost": 18.32310635986328, "noise_cost": 29.55603821673615, "n_waypoints_completed": 9, "tot_waypoints": 9}}
{"target": -182.26139417930318, "params": {"k_pid_pos": [0.5453473675331952, 0.0, 0.0], "k_pid_alt": [1.6289302975316966, 0.0, 0.12824895258453645], "k_pid_att": [24.454082797677692, 2.0200373984468074, 0.3419523127510395], "k_pid_yaw": [0.5, 1e-06, 0.1], "k_pid_hsp": [0.08944829650773378, 0.0, 0.0], "k_pid_vsp": [122.64084999135316, 125.31385146371147, 1.0638052524368053]}, "datetime": {"datetime": "2025-08-11 23:43:48", "elapsed": 26307.594303131104, "delta": 18.30596137046814}, "costs": {"total_cost": 182.26139417930318, "time_cost": 72.737, "final_distance_cost": 1.8130166916593116, "oscillation_cost": 19.467378919960183, "completition_cost": 0.0, "overshoot_cost": 52.17583766397331, "power_cost": 14.214377148437501, "noise_cost": 21.853783755272868, "n_waypoints_completed": 9, "tot_waypoints": 9}}
{"target": -182.64662517612794, "params": {"k_pid_pos": [0.5295137367546522, 0.0, 0.0], "k_pid_alt": [1.6088817370967965, 0.0, 0.12049214002018163], "k_pid_att": [21.364259195699837, 2.015300173805859, 0.19591447978323548], "k_pid_yaw": [0.5, 1e-06, 0.1], "k_pid_hsp": [0.08565186912970578, 0.0, 0.0], "k_pid_vsp": [134.8433140339356, 62.42108088734621, 1.2775877415999863]}, "datetime": {"datetime": "2025-08-11 23:44:06", "elapsed": 26325.99377655983, "delta": 18.399473428726196}, "costs": {"total_cost": 182.64662517612794, "time_cost": 73.248, "final_distance_cost": 1.8111254399234216, "oscillation_cost": 18.919742167552982, "completition_cost": 0.0, "overshoot_cost": 52.40874435947113, "power_cost": 14.153864697265625, "noise_cost": 22.1051485119148, "n_waypoints_completed": 9, "tot_waypoints": 9}}
