{"target": -181.9531915236676, "params": {"k_pid_pos": [0.5250698572942467, 0.0, 0.0], "k_pid_alt": [1.6165170046412576, 0.0, 0.15679877625694047], "k_pid_att": [25.8062548741142, 2.15630566131572, 0.20584781746340805], "k_pid_yaw": [0.5, 1e-06, 0.1], "k_pid_hsp": [0.09190390790729148, 0.0, 0.0], "k_pid_vsp": [127.97869243471696, 122.32938663120774, 1.103944239582278]}, "datetime": {"datetime": "2025-08-12 02:24:46", "elapsed": 35966.01902794838, "delta": 19.320644855499268}, "costs": {"total_cost": 181.9531915236676, "time_cost": 72.961, "final_distance_cost": 1.8220095031444923, "oscillation_cost": 19.269836593114857, "completition_cost": 0.0, "overshoot_cost": 51.800714189486364, "power_cost": 14.19298319091797, "noise_cost": 21.906648047003934, "n_waypoints_completed": 9, "tot_waypoints": 9}}
{"target": -182.14493280357286, "params": {"k_pid_pos": [0.5196062690658266, 0.0, 0.0], "k_pid_alt": [1.5629209015203949, 0.0, 0.14037793128048057], "k_pid_att": [25.671241550445, 2.1137179127923083, 0.22413594437734596], "k_pid_yaw": [0.5, 1e-06, 0.1], "k_pid_hsp": [0.09184728373140189, 0.0, 0.0], "k_pid_vsp": [128.33621096921715, 165.38281144322426, 1.5960537377113235]}, "datetime": {"datetime": "2025-08-12 02:25:05", "elapsed": 35984.746059417725, "delta": 18.727031469345093}, "costs": {"total_cost": 182.14493280357286, "time_cost": 73.07300000000001, "final_distance_cost": 1.831271247347773, "oscillation_cost": 19.181484619581866, "completition_cost": 0.0, "overshoot_cost": 51.85632212316578, "power_cost": 14.246668920898438, "noise_cost": 21.956185892579015, "n_waypoints_completed": 9, "tot_waypoints": 9}}
{"target": -182.42255235147633, "params": {"k_pid_pos": [0.526427923099175, 0.0, 0.0], "k_pid_alt": [1.6162992270361118, 0.0, 0.12893415042521306], "k_pid_att": [26.302624486754627, 2.1138477072161774, 0.2137774942834585], "k_pid_yaw": [0.5, 1e-06, 0.1], "k_pid_hsp": [0.09159281534173351, 0.0, 0.0], "k_pid_vsp": [128.1527818549124, 127.97802309995443, 0.9735190265822524]}, "datetime": {"datetime": "2025-08-12 02:25:24", "elapsed": 36004.21499586105, "delta": 19.468936443328857}, "costs": {"total_cost": 182.42255235147633, "time_cost": 72.905, "final_distance_cost": 1.8332537790635592, "oscillation_cost": 19.485042163274407, "completition_cost": 0.0, "overshoot_cost": 52.111318988341466, "power_cost": 14.179595581054688, "noise_cost": 21.908341839742192, "n_waypoints_completed": 9, "tot_waypoints": 9}}
{"target": -182.34213124649037, "params": {"k_pid_pos": [0.5229442239583041, 0.0, 0.0], "k_pid_alt": [1.6083790636377908, 0.0, 0.14953840053086376], "k_pid_att": [26.58547170974647, 2.089035839161776, 0.22641739625481913], "k_pid_yaw": [0.5, 1e-06, 0.1], "k_pid_hsp": [0.09178749222065569, 0.0, 0.0], "k_pid_vsp": [128.41695238279996, 121.85174436014078, 1.316200685818712]}, "datetime": {"datetime": "2025-08-12 02:25:44", "elapsed": 36023.38748049736, "delta": 19.172484636306763}, "costs": {"total_cost": 182.34213124649037, "time_cost": 72.996, "final_distance_cost": 1.8185477922182354, "oscillation_cost": 19.228082320735687, "completition_cost": 0.0, "overshoot_cost": 51.996994056995575, "power_cost": 14.238908325195313, "noise_cost": 22.06359875134555, "n_waypoints_completed": 9, "tot_waypoints": 9}}
{"target": -182.59867727526213, "params": {"k_pid_pos": [0.5199664278805985, 0.0, 0.0], "k_pid_alt": [1.580650599256361, 0.0, 0.14986429348705232], "k_pid_att": [25.59003359358342, 2.214961197225912, 0.15930875812341277], "k_pid_yaw": [0.5, 1e-06, 0.1], "k_pid_hsp": [0.09491665675297516, 0.0, 0.0], "k_pid_vsp": [128.8226773196811, 115.63969196638334, 1.9848309387689893]}, "datetime": {"datetime": "2025-08-12 02:26:02", "elapsed": 36041.48902106285, "delta": 18.101540565490723}, "costs": {"total_cost": 182.59867727526213, "time_cost": 72.95400000000001, "final_distance_cost": 1.8312111154135708, "oscillation_cost": 19.476673381491093, "completition_cost": 0.0, "overshoot_cost": 52.22378089324014, "power_cost": 14.1833197265625, "noise_cost": 21.92969215855481, "n_waypoints_completed": 9, "tot_waypoints": 9}}
{"target": -182.83737128256132, "params": {"k_pid_pos": [0.5251449640419664, 0.0, 0.0], "k_pid_alt": [1.6089956293323837, 0.0, 0.15701106461066028], "k_pid_att": [25.153970249388596, 2.147814141413515, 0.19576546391978292], "k_pid_yaw": [0.5, 1e-06, 0.1], "k_pid_hsp": [0.10216896395975389, 0.0, 0.0], "k_pid_vsp": [131.61980480152164, 148.26770417881343, 0.7881627245008711]}, "datetime": {"datetime": "2025-08-12 02:26:21", "elapsed": 36060.66262316704, "delta": 19.17360210418701}, "costs": {"total_cost": 182.83737128256132, "time_cost": 72.744, "final_distance_cost": 1.838754369600145, "oscillation_cost": 20.379724635662686, "completition_cost": 0.0, "overshoot_cost": 51.77986195204819, "power_cost": 14.238955212402345, "noise_cost": 21.85607511284798, "n_waypoints_completed": 9, "tot_waypoints": 9}}
{"target": -182.15575512580648, "params": {"k_pid_pos": [0.5252575025390518, 0.0, 0.0], "k_pid_alt": [1.6090977194942284, 0.0, 0.15106575704075753], "k_pid_att": [25.778250606752305, 2.133144189317214, 0.223822823583037], "k_pid_yaw": [0.5, 1e-06, 0.1], "k_pid_hsp": [0.09102140291988262, 0.0, 0.0], "k_pid_vsp": [134.46118600551304, 128.9309187276619, 0.24992745749954592]}, "datetime": {"datetime": "2025-08-12 02:26:39", "elapsed": 36078.96922826767, "delta": 18.306605100631714}, "costs": {"total_cost": 182.15575512580648, "time_cost": 72.989, "final_distance_cost": 1.8124251523391932, "oscillation_cost": 19.20119615150634, "completition_cost": 0.0, "overshoot_cost": 51.86707215797478, "power_cost": 14.229303369140625, "noise_cost": 22.05675829484554, "n_waypoints_completed": 9, "tot_waypoints": 9}}
{"target": -182.48132945418138, "params": {"k_pid_pos": [0.5239369111611568, 0.0, 0.0], "k_pid_alt": [1.5870088501302384, 0.0, 0.14251745997888807], "k_pid_att": [26.305193682166134, 2.0974405874432245, 0.20096697226286922], "k_pid_yaw": [0.5, 1e-06, 0.1], "k_pid_hsp": [0.10250261425112461, 0.0, 0.0], "k_pid_vsp": [108.46356261477781, 122.93793511755845, 1.6208367421686163]}, "datetime": {"datetime": "2025-08-12 02:26:58", "elapsed": 36098.20675325394, "delta": 19.23752498626709}, "costs": {"total_cost": 182.48132945418138, "time_cost": 72.751, "final_distance_cost": 1.839266967964484, "oscillation_cost": 20.26184900648573, "completition_cost": 0.0, "overshoot_cost": 51.535071671835, "power_cost": 14.22471033935547, "noise_cost": 21.869431468540686, "n_waypoints_completed": 9, "tot_waypoints": 9}}
{"target": -181.92648831365807, "params": {"k_pid_pos": [0.5216677375654953, 0.0, 0.0], "k_pid_alt": [1.7757927228067683, 0.0, 0.1483635880283345], "k_pid_att": [25.79233046980632, 2.1601897219013724, 0.21219657245956008], "k_pid_yaw": [0.5, 1e-06, 0.1], "k_pid_hsp": [0.09076817150843862, 0.0, 0.0], "k_pid_vsp": [115.40778424637627, 124.22768033604116, 2.8819162280790493]}, "datetime": {"datetime": "2025-08-12 02:27:16", "elapsed": 36116.296533346176, "delta": 18.08978009223938}, "costs": {"total_cost": 181.92648831365807, "time_cost": 72.94, "final_distance_cost": 1.8246887773943001, "oscillation_cost": 19.15637107765218, "completition_cost": 0.0, "overshoot_cost": 51.82483033130129, "power_cost": 14.228412866210938, "noise_cost": 21.952185261099388, "n_waypoints_completed": 9, "tot_waypoints": 9}}
{"target": -183.4399440477747, "params": {"k_pid_pos": [0.44794267482646083, 0.0, 0.0], "k_pid_alt": [1.642620144081184, 0.0, 0.14926597088547222], "k_pid_att": [21.222627440993335, 2.0105200761753212, 0.21745280341538437], "k_pid_yaw": [0.5, 1e-06, 0.1], "k_pid_hsp": [0.09094793200534593, 0.0, 0.0], "k_pid_vsp": [134.46919679764295, 107.57524925841567, 0.9382331170102751]}, "datetime": {"datetime": "2025-08-12 02:27:36", "elapsed": 36135.4016160965, "delta": 19.105082750320435}, "costs": {"total_cost": 183.4399440477747, "time_cost": 74.529, "final_distance_cost": 1.8371361779135942, "oscillation_cost": 17.65828227755226, "completition_cost": 0.0, "overshoot_cost": 52.44146376588461, "power_cost": 14.382280529785158, "noise_cost": 22.5917812966391, "n_waypoints_completed": 9, "tot_waypoints": 9}}
{"target": -182.40256213263908, "params": {"k_pid_pos": [0.5653507843492205, 0.0, 0.0], "k_pid_alt": [1.6355463863666893, 0.0, 0.19194995426991746], "k_pid_att": [25.403957337772496, 2.1158135716695896, 0.21377416781273315], "k_pid_yaw": [0.5, 1e-06, 0.1], "k_pid_hsp": [0.10009823299073396, 0.0, 0.0], "k_pid_vsp": [143.51754358854325, 129.8321072402048, 1.059577612566095]}, "datetime": {"datetime": "2025-08-12 02:27:54", "elapsed": 36153.49505853653, "delta": 18.09344244003296}, "costs": {"total_cost": 182.40256213263908, "time_cost": 72.205, "final_distance_cost": 1.8177469571707265, "oscillation_cost": 20.946350017300176, "completition_cost": 0.0, "overshoot_cost": 51.596487634363974, "power_cost": 14.166263049316408, "noise_cost": 21.670714474487788, "n_waypoints_completed": 9, "tot_waypoints": 9}}
{"target": -182.59425928624393, "params": {"k_pid_pos": [0.5376737730188678, 0.0, 0.0], "k_pid_alt": [1.6027446640852931, 0.0, 0.14026628456961984], "k_pid_att": [25.30828326322064, 2.158831218770314, 0.31752607226340324], "k_pid_yaw": [0.5, 1e-06, 0.1], "k_pid_hsp": [0.09594740769654016, 0.0, 0.0], "k_pid_vsp": [127.73449774991494, 117.82958680323087, 3.0496869936355666]}, "datetime": {"datetime": "2025-08-12 02:28:13", "elapsed": 36172.79675030708, "delta": 19.30169177055359}, "costs": {"total_cost": 182.59425928624393, "time_cost": 72.646, "final_distance_cost": 1.8245772830497395, "oscillation_cost": 20.067570628652554, "completition_cost": 0.0, "overshoot_cost": 51.90485413467017, "power_cost": 14.219074072265625, "noise_cost": 21.932183167605864, "n_waypoints_completed": 9, "tot_waypoints": 9}}
{"target": -184.95725510547277, "params": {"k_pid_pos": [0.4046532787675137, 0.0, 0.0], "k_pid_alt": [1.6012374189864211, 0.0, 0.0], "k_pid_att": [25.634400079319587, 2.0701327067977644, 0.2269008091228228], "k_pid_yaw": [0.5, 1e-06, 0.1], "k_pid_hsp": [0.09161739149115551, 0.0, 0.0], "k_pid_vsp": [126.79421136978912, 115.84833568751344, 3.6099826607209025]}, "datetime": {"datetime": "2025-08-12 02:28:32", "elapsed": 36191.839025735855, "delta": 19.042275428771973}, "costs": {"total_cost": 184.95725510547277, "time_cost": 75.859, "final_distance_cost": 1.8417599412957382, "oscillation_cost": 16.737520395076213, "completition_cost": 0.0, "overshoot_cost": 52.564990685651885, "power_cost": 14.654511486816407, "noise_cost": 23.29947259663255, "n_waypoints_completed": 9, "tot_waypoints": 9}}
{"target": -182.19683832773782, "params": {"k_pid_pos": [0.5238435173081584, 0.0, 0.0], "k_pid_alt": [1.5936776157487236, 0.0, 0.14795411820575616], "k_pid_att": [25.86191027568319, 2.1310864842384767, 0.2210119524611016], "k_pid_yaw": [0.5, 1e-06, 0.1], "k_pid_hsp": [0.0895190674197622, 0.0, 0.0], "k_pid_vsp": [133.88830077785414, 125.33070519668662, 1.4244367478855107]}, "datetime": {"datetime": "2025-08-12 02:28:51", "elapsed": 36211.00025010109, "delta": 19.161224365234375}, "costs": {"total_cost": 182.19683832773782, "time_cost": 73.08, "final_distance_cost": 1.8165879357673282, "oscillation_cost": 19.150641088954604, "completition_cost": 0.0, "overshoot_cost": 52.02631781142973, "power_cost": 14.17328525390625, "noise_cost": 21.950006237679922, "n_waypoints_completed": 9, "tot_waypoints": 9}}
{"target": -182.32581286511873, "params": {"k_pid_pos": [0.528235188014715, 0.0, 0.0], "k_pid_alt": [1.6739881405359733, 0.0, 0.1425523448873812], "k_pid_att": [25.42857550911637, 2.2127773220732037, 0.22249334771500662], "k_pid_yaw": [0.5, 1e-06, 0.1], "k_pid_hsp": [0.10480541241428654, 0.0, 0.0], "k_pid_vsp": [132.6830544683522, 126.14219860450999, 1.209953226799141]}, "datetime": {"datetime": "2025-08-12 02:29:09", "elapsed": 36229.05579662323, "delta": 18.055546522140503}, "costs": {"total_cost": 182.32581286511873, "time_cost": 72.618, "final_distance_cost": 1.838441915296153, "oscillation_cost": 20.42464350294035, "completition_cost": 0.0, "overshoot_cost": 51.35783529261255, "power_cost": 14.230015234375001, "noise_cost": 21.856876919894674, "n_waypoints_completed": 9, "tot_waypoints": 9}}
{"target": -182.28329641451376, "params": {"k_pid_pos": [0.5255474792929693, 0.0, 0.0], "k_pid_alt": [1.6135982483619942, 0.0, 0.08877863157037606], "k_pid_att": [26.0601959436963, 2.1380890969478146, 0.237121777813334], "k_pid_yaw": [0.5, 1e-06, 0.1], "k_pid_hsp": [0.09270997795784817, 0.0, 0.0], "k_pid_vsp": [130.41315033151446, 104.24836143151776, 1.1966630379511027]}, "datetime": {"datetime": "2025-08-12 02:29:29", "elapsed": 36248.76526784897, "delta": 19.709471225738525}, "costs": {"total_cost": 182.28329641451376, "time_cost": 72.863, "final_distance_cost": 1.8311938932636116, "oscillation_cost": 19.56877486861252, "completition_cost": 0.0, "overshoot_cost": 51.92745655463668, "power_cost": 14.1308376953125, "noise_cost": 21.962033402688473, "n_waypoints_completed": 9, "tot_waypoints": 9}}
{"target": -182.4046786135425, "params": {"k_pid_pos": [0.5221377058013904, 0.0, 0.0], "k_pid_alt": [1.6061914035944331, 0.0, 0.1375070756396691], "k_pid_att": [24.954429431737562, 2.032831639613676, 0.21938336129468217], "k_pid_yaw": [0.5, 1e-06, 0.1], "k_pid_hsp": [0.09357021264271456, 0.0, 0.0], "k_pid_vsp": [132.11893474507724, 122.94461944726442, 1.1371369782682197]}, "datetime": {"datetime": "2025-08-12 02:29:48", "elapsed": 36267.629788160324, "delta": 18.86452031135559}, "costs": {"total_cost": 182.4046786135425, "time_cost": 72.933, "final_distance_cost": 1.8297418972958153, "oscillation_cost": 19.476359786853106, "completition_cost": 0.0, "overshoot_cost": 52.10279601352854, "power_cost": 14.151342749023438, "noise_cost": 21.91143816684161, "n_waypoints_completed": 9, "tot_waypoints": 9}}
{"target": -182.23992041880047, "params": {"k_pid_pos": [0.5738562833252733, 0.0, 0.0], "k_pid_alt": [1.6771106378487783, 0.0, 0.14563546662385415], "k_pid_att": [26.149227276781314, 2.139427739160648, 0.2246963004616048], "k_pid_yaw": [0.5, 1e-06, 0.1], "k_pid_hsp": [0.10277920271778572, 0.0, 0.0], "k_pid_vsp": [128.32577817778508, 123.79791783160374, 1.2288890659751195]}, "datetime": {"datetime": "2025-08-12 02:30:07", "elapsed": 36286.512917757034, "delta": 18.883129596710205}, "costs": {"total_cost": 182.23992041880047, "time_cost": 71.974, "final_distance_cost": 1.8158525699241221, "oscillation_cost": 21.31634881540367, "completition_cost": 0.0, "overshoot_cost": 51.316055369513826, "power_cost": 14.152101013183595, "noise_cost": 21.665562650775247, "n_waypoints_completed": 9, "tot_waypoints": 9}}
{"target": -182.45650475072628, "params": {"k_pid_pos": [0.5663807241687013, 0.0, 0.0], "k_pid_alt": [1.6212997758066272, 0.0, 0.14598994639968502], "k_pid_att": [28.947425078512577, 2.3216009683891614, 0.23452540129008456], "k_pid_yaw": [0.5, 1e-06, 0.1], "k_pid_hsp": [0.08564667872349652, 0.0, 0.0], "k_pid_vsp": [126.99611220915071, 123.63707972708842, 1.029456432497448]}, "datetime": {"datetime": "2025-08-12 02:30:25", "elapsed": 36304.64671278, "delta": 18.133795022964478}, "costs": {"total_cost": 182.45650475072628, "time_cost": 72.723, "final_distance_cost": 1.8123444295694524, "oscillation_cost": 19.773285777409786, "completition_cost": 0.0, "overshoot_cost": 52.12057689787492, "power_cost": 14.209676293945313, "noise_cost": 21.81762135192681, "n_waypoints_completed": 9, "tot_waypoints": 9}}
{"target": -182.7533003331731, "params": {"k_pid_pos": [0.7516917963287613, 0.0, 0.0017016571453692553], "k_pid_alt": [1.5535996374304617, 0.0, 0.1487991913028449], "k_pid_att": [20.168423352142128, 2.163407963098094, 0.20395760358753373], "k_pid_yaw": [0.5, 1e-06, 0.1], "k_pid_hsp": [0.14177495147892186, 0.0, 0.0], "k_pid_vsp": [122.29654930299313, 105.24923238060784, 2.276275498041895]}, "datetime": {"datetime": "2025-08-12 02:30:44", "elapsed": 36323.519414663315, "delta": 18.87270188331604}, "costs": {"total_cost": 182.7533003331731, "time_cost": 70.147, "final_distance_cost": 1.8235097889226357, "oscillation_cost": 25.080877106147046, "completition_cost": 0.0, "overshoot_cost": 50.619219342633585, "power_cost": 14.148176135253907, "noise_cost": 20.934517960215885, "n_waypoints_completed": 9, "tot_waypoints": 9}}
{"target": -182.3940576898457, "params": {"k_pid_pos": [0.5335207136876035, 2.584031238096873e-05, 0.00040897140537771517], "k_pid_alt": [1.6016339519286071, 0.0, 0.11063485206396927], "k_pid_att": [26.242839978428833, 2.1484980894347365, 0.20058556957612306], "k_pid_yaw": [0.5, 1e-06, 0.1], "k_pid_hsp": [0.09628043333600902, 0.0, 0.0], "k_pid_vsp": [127.28401527406022, 112.00179629777247, 1.2365017367479634]}, "datetime": {"datetime": "2025-08-12 02:31:03", "elapsed": 36342.555230140686, "delta": 19.035815477371216}, "costs": {"total_cost": 182.3940576898457, "time_cost": 72.674, "final_distance_cost": 1.8176849960645733, "oscillation_cost": 20.0508300929763, "completition_cost": 0.0, "overshoot_cost": 51.78698979013855, "power_cost": 14.16856650390625, "noise_cost": 21.89598630676005, "n_waypoints_completed": 9, "tot_waypoints": 9}}
{"target": -182.1442838392622, "params": {"k_pid_pos": [0.5183977964765519, 0.0, 0.0], "k_pid_alt": [1.6078126141185973, 0.0, 0.14707524458369248], "k_pid_att": [33.567837258218695, 2.119950093269251, 0.2954196535859258], "k_pid_yaw": [0.5, 1e-06, 0.1], "k_pid_hsp": [0.09164177647050624, 0.0, 0.0], "k_pid_vsp": [129.1942370636706, 146.36443396529063, 1.3397615290543188]}, "datetime": {"datetime": "2025-08-12 02:31:22", "elapsed": 36362.209121227264, "delta": 19.65389108657837}, "costs": {"total_cost": 182.1442838392622, "time_cost": 73.059, "final_distance_cost": 1.8388402368779284, "oscillation_cost": 19.16019170733233, "completition_cost": 0.0, "overshoot_cost": 51.89948957445997, "power_cost": 14.212219079589845, "noise_cost": 21.974543241002106, "n_waypoints_completed": 9, "tot_waypoints": 9}}
{"target": -182.27788882098488, "params": {"k_pid_pos": [0.5259023832870092, 0.0, 0.0], "k_pid_alt": [1.6145849039735838, 0.0, 0.13749716320604938], "k_pid_att": [25.99435075577825, 2.5495560150656686, 0.212300521942845], "k_pid_yaw": [0.5, 1e-06, 0.1], "k_pid_hsp": [0.09179767023042505, 0.0, 0.0], "k_pid_vsp": [110.94100991017012, 115.84047393323917, 1.1382705579905725]}, "datetime": {"datetime": "2025-08-12 02:31:42", "elapsed": 36382.29942917824, "delta": 20.09030795097351}, "costs": {"total_cost": 182.27788882098488, "time_cost": 72.898, "final_distance_cost": 1.8328374695044451, "oscillation_cost": 19.54699302410976, "completition_cost": 0.0, "overshoot_cost": 51.924752673532055, "power_cost": 14.158822033691408, "noise_cost": 21.916483620147204, "n_waypoints_completed": 9, "tot_waypoints": 9}}
{"target": -182.12531600408215, "params": {"k_pid_pos": [0.5242236047139467, 0.0, 0.0], "k_pid_alt": [1.6136057435625637, 0.0, 0.148261451503339], "k_pid_att": [25.200602993158736, 2.133002982488518, 0.21855241115230892], "k_pid_yaw": [0.5, 1e-06, 0.1], "k_pid_hsp": [0.0914089078048925, 0.0, 0.0], "k_pid_vsp": [127.65567323938633, 122.28362234676668, 1.0896274657271907]}, "datetime": {"datetime": "2025-08-12 02:32:01", "elapsed": 36400.983216285706, "delta": 18.68378710746765}, "costs": {"total_cost": 182.12531600408215, "time_cost": 72.97500000000001, "final_distance_cost": 1.8275138674727587, "oscillation_cost": 19.17992536818256, "completition_cost": 0.0, "overshoot_cost": 51.84094793102145, "power_cost": 14.229933813476563, "noise_cost": 22.071995023928807, "n_waypoints_completed": 9, "tot_waypoints": 9}}
{"target": -181.92959186406588, "params": {"k_pid_pos": [0.5244274709640723, 0.0, 0.0], "k_pid_alt": [1.6139363205935076, 0.0, 0.14705795363545307], "k_pid_att": [26.34864461346489, 3.075139811431172, 0.2150368767717723], "k_pid_yaw": [0.5, 1e-06, 0.1], "k_pid_hsp": [0.09170649611049231, 0.0, 0.0], "k_pid_vsp": [125.25072257817531, 138.05115474735675, 1.2895125184923437]}, "datetime": {"datetime": "2025-08-12 02:32:20", "elapsed": 36419.45027947426, "delta": 18.467063188552856}, "costs": {"total_cost": 181.92959186406588, "time_cost": 72.94, "final_distance_cost": 1.8342209523040232, "oscillation_cost": 19.441745785586924, "completition_cost": 0.0, "overshoot_cost": 51.60446201615019, "power_cost": 14.211606799316407, "noise_cost": 21.89755631070836, "n_waypoints_completed": 9, "tot_waypoints": 9}}
{"target": -182.2109210853909, "params": {"k_pid_pos": [0.5262867960433503, 0.0, 0.0], "k_pid_alt": [1.6163758811919946, 0.0, 0.14683813394947853], "k_pid_att": [16.272195313082285, 2.0445369901158217, 0.19639206315474372], "k_pid_yaw": [0.5, 1e-06, 0.1], "k_pid_hsp": [0.09215940584973831, 0.0, 0.0], "k_pid_vsp": [127.68774151982291, 116.72673242882132, 1.2446928239440491]}, "datetime": {"datetime": "2025-08-12 02:32:39", "elapsed": 36438.62163758278, "delta": 19.171358108520508}, "costs": {"total_cost": 182.2109210853909, "time_cost": 72.905, "final_distance_cost": 1.8255155176078235, "oscillation_cost": 19.454190974992876, "completition_cost": 0.0, "overshoot_cost": 51.93788765731262, "power_cost": 14.146390209960938, "noise_cost": 21.941936725516662, "n_waypoints_completed": 9, "tot_waypoints": 9}}
{"target": -182.46914252392006, "params": {"k_pid_pos": [0.5267322334872798, 0.0, 0.0], "k_pid_alt": [1.6108669839280294, 0.0, 0.14212312659196333], "k_pid_att": [23.701484331540687, 2.1617225922433088, 0.21975891896745633], "k_pid_yaw": [0.5, 1e-06, 0.1], "k_pid_hsp": [0.09301261034217086, 0.0, 0.0], "k_pid_vsp": [126.51231239243052, 138.20351073522104, 3.5035687453684012]}, "datetime": {"datetime": "2025-08-12 02:32:57", "elapsed": 36456.88544511795, "delta": 18.26380753517151}, "costs": {"total_cost": 182.46914252392006, "time_cost": 72.87, "final_distance_cost": 1.8363450178911904, "oscillation_cost": 19.720077928933552, "completition_cost": 0.0, "overshoot_cost": 51.89379966644199, "power_cost": 14.211032849121095, "noise_cost": 21.937887061532212, "n_waypoints_completed": 9, "tot_waypoints": 9}}
