{"target": -191.33142129751477, "params": {"k_pid_pos": [0.7047751393418819, 0.00971056005858349, 0.25064142874864354], "k_pid_alt": [1.4418852420597834, 0.0, 0.44982533092391697], "k_pid_att": [26.80814296526913, 2.001321593315841, 0.3407652659297201], "k_pid_yaw": [0.5, 1e-06, 0.1], "k_pid_hsp": [0.18002487245914156, 0.0, 0.0], "k_pid_vsp": [135.28311694123767, 108.70079306015818, 1e-06]}, "datetime": {"datetime": "2025-08-11 20:34:26", "elapsed": 14946.087862968445, "delta": 18.84878945350647}, "costs": {"total_cost": 191.33142129751477, "time_cost": 75.34100000000001, "final_distance_cost": 1.852831524081076, "oscillation_cost": 24.85459259571985, "completition_cost": 0.0, "overshoot_cost": 51.42920190270579, "power_cost": 14.94753857421875, "noise_cost": 22.90625670078928, "n_waypoints_completed": 9, "tot_waypoints": 9}}
{"target": -184.41648117020935, "params": {"k_pid_pos": [0.6504913273126223, 0.0, 0.0], "k_pid_alt": [1.5874352511210184, 0.0, 0.45319279972460413], "k_pid_att": [28.075797720000196, 2.3555236511782858, 0.22308794998930914], "k_pid_yaw": [0.5, 1e-06, 0.1], "k_pid_hsp": [0.10697226543828231, 0.0, 0.0], "k_pid_vsp": [140.4806961227185, 41.217693086459136, 0.1339054238144277]}, "datetime": {"datetime": "2025-08-11 20:34:44", "elapsed": 14963.658395528793, "delta": 17.57053256034851}, "costs": {"total_cost": 184.41648117020935, "time_cost": 72.009, "final_distance_cost": 1.8089815800678442, "oscillation_cost": 22.918974049158386, "completition_cost": 0.0, "overshoot_cost": 51.94746478452753, "power_cost": 14.184083935546875, "noise_cost": 21.54797682090869, "n_waypoints_completed": 9, "tot_waypoints": 9}}
{"target": -184.4984834006552, "params": {"k_pid_pos": [0.8381211129771126, 0.0, 0.0], "k_pid_alt": [1.443601423400627, 0.0, 0.3250248877281255], "k_pid_att": [27.72895032300402, 2.1590588685674112, 0.21764975538392456], "k_pid_yaw": [0.5, 1e-06, 0.1], "k_pid_hsp": [0.21204053087766536, 0.0, 0.0], "k_pid_vsp": [162.0952805394867, 87.11865657040234, 0.14058024733006882]}, "datetime": {"datetime": "2025-08-11 20:35:01", "elapsed": 14981.182294845581, "delta": 17.52389931678772}, "costs": {"total_cost": 184.4984834006552, "time_cost": 70.14, "final_distance_cost": 1.8450431135892598, "oscillation_cost": 26.732206146812036, "completition_cost": 0.0, "overshoot_cost": 50.42637725201074, "power_cost": 14.372550659179689, "noise_cost": 20.98230622906347, "n_waypoints_completed": 9, "tot_waypoints": 9}}
{"target": -1228.7348049354111, "params": {"k_pid_pos": [0.5175680080224985, 0.12722065241233385, 0.12155450232114415], "k_pid_alt": [1.4751441094785416, 0.0, 0.26227793576204117], "k_pid_att": [16.88803775168328, 2.9438549416335458, 0.20348402868640617], "k_pid_yaw": [0.5, 1e-06, 0.1], "k_pid_hsp": [0.0001, 0.0, 0.0], "k_pid_vsp": [132.41313405135296, 104.64138853596569, 1e-06]}, "datetime": {"datetime": "2025-08-11 20:35:32", "elapsed": 15011.566499471664, "delta": 30.384204626083374}, "costs": {"total_cost": 1228.7348049354111, "time_cost": 150, "final_distance_cost": 46.387324516867025, "oscillation_cost": 0.003620856704088407, "completition_cost": 888.8888888888888, "overshoot_cost": 89.37938021190122, "power_cost": 20.99402440185547, "noise_cost": 33.08156605919448, "n_waypoints_completed": 1, "tot_waypoints": 9}}
{"target": -1226.8236809751627, "params": {"k_pid_pos": [0.6820628767207326, 0.004771000686622756, 0.0], "k_pid_alt": [1.6010516487308677, 0.0, 0.26733995467915916], "k_pid_att": [26.422549177406573, 2.3874584668789605, 0.19459965256281977], "k_pid_yaw": [0.5, 1e-06, 0.1], "k_pid_hsp": [0.0001, 0.0, 0.0], "k_pid_vsp": [152.3108924765814, 59.4035955363223, 0.11515234586210432]}, "datetime": {"datetime": "2025-08-11 20:36:02", "elapsed": 15041.55722284317, "delta": 29.990723371505737}, "costs": {"total_cost": 1226.8236809751627, "time_cost": 150, "final_distance_cost": 46.16753346874522, "oscillation_cost": 0.004889427063877962, "completition_cost": 888.8888888888888, "overshoot_cost": 87.64577894373781, "power_cost": 21.014128723144534, "noise_cost": 33.10246152358256, "n_waypoints_completed": 1, "tot_waypoints": 9}}
{"target": -183.6213815749656, "params": {"k_pid_pos": [0.6418732719794049, 0.0, 0.0], "k_pid_alt": [1.495448784263675, 0.0, 0.3131984962051893], "k_pid_att": [21.603349384957188, 2.2895411204595115, 0.18698656484207407], "k_pid_yaw": [0.5, 1e-06, 0.1], "k_pid_hsp": [0.11322272165043686, 0.0, 0.0], "k_pid_vsp": [146.06813568292884, 51.54878860732142, 0.10452152458005451]}, "datetime": {"datetime": "2025-08-11 20:36:20", "elapsed": 15060.063237428665, "delta": 18.506014585494995}, "costs": {"total_cost": 183.6213815749656, "time_cost": 71.785, "final_distance_cost": 1.8275708836268088, "oscillation_cost": 22.843226691635817, "completition_cost": 0.0, "overshoot_cost": 51.44860879063161, "power_cost": 14.156018200683594, "noise_cost": 21.560957008387756, "n_waypoints_completed": 9, "tot_waypoints": 9}}
{"target": -184.91326025928257, "params": {"k_pid_pos": [0.6555826429859121, 0.0, 0.0], "k_pid_alt": [1.5683603517341889, 0.0, 0.18666037695308213], "k_pid_att": [24.91188763320986, 3.5935455193680608, 0.1712397813909699], "k_pid_yaw": [0.5, 1e-06, 0.1], "k_pid_hsp": [0.1705503784885058, 0.0, 0.0], "k_pid_vsp": [152.17743027257453, 53.57233105656219, 1e-06]}, "datetime": {"datetime": "2025-08-11 20:36:38", "elapsed": 15077.791895866394, "delta": 17.728658437728882}, "costs": {"total_cost": 184.91326025928257, "time_cost": 71.526, "final_distance_cost": 1.8431232434499372, "oscillation_cost": 25.069405683901497, "completition_cost": 0.0, "overshoot_cost": 50.55455499707116, "power_cost": 14.259809094238282, "noise_cost": 21.660367240621692, "n_waypoints_completed": 9, "tot_waypoints": 9}}
{"target": -183.68007572098497, "params": {"k_pid_pos": [0.7944036567734698, 0.0, 0.0], "k_pid_alt": [1.577690147939153, 0.0, 0.36161516908691926], "k_pid_att": [22.299433466487827, 2.6560508168362, 0.23178777396963016], "k_pid_yaw": [0.5, 1e-06, 0.1], "k_pid_hsp": [0.1037986176669473, 0.0, 0.0], "k_pid_vsp": [166.08798588830177, 59.75771281813034, 1e-06]}, "datetime": {"datetime": "2025-08-11 20:36:55", "elapsed": 15094.769012212753, "delta": 16.977116346359253}, "costs": {"total_cost": 183.68007572098497, "time_cost": 71.029, "final_distance_cost": 1.8259387553633266, "oscillation_cost": 24.320036204590437, "completition_cost": 0.0, "overshoot_cost": 51.22248237842162, "power_cost": 14.188763488769531, "noise_cost": 21.093854893840067, "n_waypoints_completed": 9, "tot_waypoints": 9}}
{"target": -186.9563114529926, "params": {"k_pid_pos": [1.0712752077670966, 0.011374405224954514, 0.0036135774091053396], "k_pid_alt": [1.581395732159661, 0.0, 0.31069242110648676], "k_pid_att": [24.504970683250765, 2.300394803834723, 0.23769088655737608], "k_pid_yaw": [0.5, 1e-06, 0.1], "k_pid_hsp": [0.1216570665925857, 0.0, 0.0], "k_pid_vsp": [201.1801630976519, 48.57074430257187, 0.31900984474816635]}, "datetime": {"datetime": "2025-08-11 20:37:12", "elapsed": 15112.207519292831, "delta": 17.438507080078125}, "costs": {"total_cost": 186.9563114529926, "time_cost": 70.266, "final_distance_cost": 1.787360435710152, "oscillation_cost": 28.213543461903253, "completition_cost": 0.0, "overshoot_cost": 51.33783243876762, "power_cost": 14.409460021972658, "noise_cost": 20.942115094638904, "n_waypoints_completed": 9, "tot_waypoints": 9}}
{"target": -186.536627082016, "params": {"k_pid_pos": [0.5229833959096492, 0.0, 0.0], "k_pid_alt": [1.6243715439072703, 0.0, 0.0], "k_pid_att": [22.026391782523287, 3.2544247889229805, 0.21492734752351192], "k_pid_yaw": [0.5, 1e-06, 0.1], "k_pid_hsp": [0.1484792661595728, 0.0, 0.0], "k_pid_vsp": [184.17482248510237, 83.05391908457862, 1e-06]}, "datetime": {"datetime": "2025-08-11 20:37:31", "elapsed": 15130.399044275284, "delta": 18.191524982452393}, "costs": {"total_cost": 186.536627082016, "time_cost": 73.549, "final_distance_cost": 1.845654229431325, "oscillation_cost": 22.512803243787005, "completition_cost": 0.0, "overshoot_cost": 51.640195010627316, "power_cost": 14.456649963378906, "noise_cost": 22.53232463479145, "n_waypoints_completed": 9, "tot_waypoints": 9}}
{"target": -190.5098620874377, "params": {"k_pid_pos": [0.6660005966547887, 0.0, 0.0], "k_pid_alt": [1.5541601238401441, 0.0, 0.33947249862866535], "k_pid_att": [24.45241248745321, 2.1069654838109253, 0.20940583096987284], "k_pid_yaw": [0.5, 1e-06, 0.1], "k_pid_hsp": [0.06314318275701797, 0.0, 0.0], "k_pid_vsp": [152.12810496065293, 51.01856417562398, 0.2031895503695294]}, "datetime": {"datetime": "2025-08-11 20:37:50", "elapsed": 15149.496000528336, "delta": 19.096956253051758}, "costs": {"total_cost": 190.5098620874377, "time_cost": 77.357, "final_distance_cost": 1.8092791039059966, "oscillation_cost": 19.721447534564867, "completition_cost": 0.0, "overshoot_cost": 53.43730976117371, "power_cost": 14.860815454101564, "noise_cost": 23.324010233691585, "n_waypoints_completed": 9, "tot_waypoints": 9}}
{"target": -215.10120488474806, "params": {"k_pid_pos": [0.5260489560058276, 0.0, 0.0], "k_pid_alt": [1.5854322917001111, 0.0, 0.10882288527643441], "k_pid_att": [48.672466861442686, 2.297400391832252, 0.16875956066313702], "k_pid_yaw": [0.5, 1e-06, 0.1], "k_pid_hsp": [0.04445231807516362, 0.0, 0.0], "k_pid_vsp": [171.87807395156986, 55.1306603376479, 1.8988023745388745]}, "datetime": {"datetime": "2025-08-11 20:38:13", "elapsed": 15172.837640285492, "delta": 23.341639757156372}, "costs": {"total_cost": 215.10120488474806, "time_cost": 94.45100000000001, "final_distance_cost": 1.7888153380576013, "oscillation_cost": 14.547343074387442, "completition_cost": 0.0, "overshoot_cost": 58.23742936895713, "power_cost": 17.51595615234375, "noise_cost": 28.560660951002113, "n_waypoints_completed": 9, "tot_waypoints": 9}}
{"target": -206.0092632189278, "params": {"k_pid_pos": [0.7162174959230909, 0.061946819318200105, 0.11540303737470137], "k_pid_alt": [1.3100637074491166, 0.0, 0.30567591653814646], "k_pid_att": [29.631240363587988, 3.3365189396850643, 0.13912179124626972], "k_pid_yaw": [0.5, 1e-06, 0.1], "k_pid_hsp": [0.04350574808032914, 0.0, 0.0], "k_pid_vsp": [119.00675816592295, 80.77144108750652, 2.864529285032937]}, "datetime": {"datetime": "2025-08-11 20:38:35", "elapsed": 15194.772252321243, "delta": 21.934612035751343}, "costs": {"total_cost": 206.0092632189278, "time_cost": 87.843, "final_distance_cost": 1.7700593187293372, "oscillation_cost": 16.65669901993195, "completition_cost": 0.0, "overshoot_cost": 57.008373038944576, "power_cost": 16.422930200195314, "noise_cost": 26.30820164112662, "n_waypoints_completed": 9, "tot_waypoints": 9}}
{"target": -188.00454852297054, "params": {"k_pid_pos": [0.9223933606285176, 0.0, 0.029187473697588322], "k_pid_alt": [1.8988846572499305, 0.0, 0.1947489916210812], "k_pid_att": [30.64833652873518, 2.652941166734334, 0.22262417079413843], "k_pid_yaw": [0.5, 1e-06, 0.1], "k_pid_hsp": [0.3350266225619858, 0.0, 0.0], "k_pid_vsp": [150.73096313204618, 17.194910321700576, 0.7237187384645951]}, "datetime": {"datetime": "2025-08-11 20:38:52", "elapsed": 15212.07301068306, "delta": 17.300758361816406}, "costs": {"total_cost": 188.00454852297054, "time_cost": 70.693, "final_distance_cost": 1.844331186015809, "oscillation_cost": 28.327747778616462, "completition_cost": 0.0, "overshoot_cost": 51.0556433276771, "power_cost": 14.578211291503907, "noise_cost": 21.505614939157248, "n_waypoints_completed": 9, "tot_waypoints": 9}}
{"target": -183.0595634582472, "params": {"k_pid_pos": [0.5782841144766555, 0.0, 0.012548952615427197], "k_pid_alt": [1.5502960005029958, 0.0, 0.0], "k_pid_att": [27.33029669657987, 2.244124413819305, 0.21344204455813973], "k_pid_yaw": [0.5, 1e-06, 0.1], "k_pid_hsp": [0.10932158931157598, 0.0, 0.0], "k_pid_vsp": [144.07665092045573, 51.271683294158514, 0.8585915711869961]}, "datetime": {"datetime": "2025-08-11 20:39:10", "elapsed": 15230.321311473846, "delta": 18.248300790786743}, "costs": {"total_cost": 183.0595634582472, "time_cost": 72.156, "final_distance_cost": 1.836959989181676, "oscillation_cost": 21.51403001070888, "completition_cost": 0.0, "overshoot_cost": 51.46963987912076, "power_cost": 14.179668115234376, "noise_cost": 21.90326546400149, "n_waypoints_completed": 9, "tot_waypoints": 9}}
{"target": -183.88714807884102, "params": {"k_pid_pos": [0.5958302894732311, 0.0, 0.0], "k_pid_alt": [1.7146387900594209, 0.0, 0.26962112298878893], "k_pid_att": [30.71916119405731, 2.284306316064198, 0.11022727941401878], "k_pid_yaw": [0.5, 1e-06, 0.1], "k_pid_hsp": [0.12901598842917644, 0.0, 0.0], "k_pid_vsp": [152.12121499079944, 59.795636823537706, 2.8575461409702934]}, "datetime": {"datetime": "2025-08-11 20:39:28", "elapsed": 15248.068092823029, "delta": 17.74678134918213}, "costs": {"total_cost": 183.88714807884102, "time_cost": 71.946, "final_distance_cost": 1.8313377325839684, "oscillation_cost": 22.975766231712043, "completition_cost": 0.0, "overshoot_cost": 51.06446036795816, "power_cost": 14.207325915527344, "noise_cost": 21.862257831059498, "n_waypoints_completed": 9, "tot_waypoints": 9}}
{"target": -183.40066677605873, "params": {"k_pid_pos": [0.6357047016962092, 0.0, 0.0], "k_pid_alt": [1.5784525013521982, 0.0, 0.27688542510394515], "k_pid_att": [31.345673476603118, 2.2105103300643187, 0.19194796462303051], "k_pid_yaw": [0.5, 1e-06, 0.1], "k_pid_hsp": [0.1103208192280733, 0.0, 0.0], "k_pid_vsp": [181.95146032932388, 57.01804478077754, 2.2603759878577625]}, "datetime": {"datetime": "2025-08-11 20:39:46", "elapsed": 15265.461536884308, "delta": 17.393444061279297}, "costs": {"total_cost": 183.40066677605873, "time_cost": 71.757, "final_distance_cost": 1.8256828948709698, "oscillation_cost": 22.309204680281724, "completition_cost": 0.0, "overshoot_cost": 51.68441740699587, "power_cost": 14.177152014160157, "noise_cost": 21.647209779749993, "n_waypoints_completed": 9, "tot_waypoints": 9}}
{"target": -187.85285908193347, "params": {"k_pid_pos": [0.7487652922925427, 0.0, 0.0], "k_pid_alt": [1.5174254765309343, 0.0, 0.3050603698068436], "k_pid_att": [26.619550020643043, 2.0553329328494803, 0.1572264824321287], "k_pid_yaw": [0.5, 1e-06, 0.1], "k_pid_hsp": [0.4407407654496681, 0.0, 0.0], "k_pid_vsp": [152.64404151820744, 52.36382735546584, 0.005280940042274543]}, "datetime": {"datetime": "2025-08-11 20:40:04", "elapsed": 15283.392045497894, "delta": 17.930508613586426}, "costs": {"total_cost": 187.85285908193347, "time_cost": 71.624, "final_distance_cost": 1.844131195170277, "oscillation_cost": 26.86025999128767, "completition_cost": 0.0, "overshoot_cost": 50.77847947690331, "power_cost": 14.693883117675782, "noise_cost": 22.052105300896443, "n_waypoints_completed": 9, "tot_waypoints": 9}}
{"target": -183.86001786839543, "params": {"k_pid_pos": [0.7041954361942039, 0.0, 0.0], "k_pid_alt": [1.5886769573754915, 0.0, 0.30809639092514085], "k_pid_att": [27.67649784879512, 2.397238964199903, 0.18271713435367562], "k_pid_yaw": [0.5, 1e-06, 0.1], "k_pid_hsp": [0.1092802605897843, 0.0, 0.0], "k_pid_vsp": [145.04072108221644, 33.19146962071454, 1.5814972932115647]}, "datetime": {"datetime": "2025-08-11 20:40:21", "elapsed": 15300.909344911575, "delta": 17.51729941368103}, "costs": {"total_cost": 183.86001786839543, "time_cost": 71.47, "final_distance_cost": 1.8154687591791099, "oscillation_cost": 23.339494565319697, "completition_cost": 0.0, "overshoot_cost": 51.68200101318793, "power_cost": 14.108490222167969, "noise_cost": 21.44456330854072, "n_waypoints_completed": 9, "tot_waypoints": 9}}
{"target": -184.82313135695244, "params": {"k_pid_pos": [0.8190018417346516, 0.0, 0.0], "k_pid_alt": [1.6935569636118775, 0.0, 0.17710755653909135], "k_pid_att": [27.4514884165906, 3.2311033506110016, 0.28880060439416133], "k_pid_yaw": [0.5, 1e-06, 0.1], "k_pid_hsp": [0.23249666001025238, 0.0, 0.0], "k_pid_vsp": [179.387003645792, 66.15784975059111, 2.4249087155987317]}, "datetime": {"datetime": "2025-08-11 20:40:39", "elapsed": 15318.431813716888, "delta": 17.52246880531311}, "costs": {"total_cost": 184.82313135695244, "time_cost": 70.203, "final_distance_cost": 1.8443035239656629, "oscillation_cost": 26.456071878435026, "completition_cost": 0.0, "overshoot_cost": 50.587561090674846, "power_cost": 14.420686145019532, "noise_cost": 21.31150871885738, "n_waypoints_completed": 9, "tot_waypoints": 9}}
{"target": -182.9960131400494, "params": {"k_pid_pos": [0.7035910540782543, 0.0, 0.0], "k_pid_alt": [1.857927244428693, 0.0, 0.13052502256509999], "k_pid_att": [28.611238168660744, 2.261315126959119, 0.18169761867714784], "k_pid_yaw": [0.5, 1e-06, 0.1], "k_pid_hsp": [0.12445832832399842, 0.0, 0.0], "k_pid_vsp": [149.49794716924507, 51.73439018025366, 0.015164440611453318]}, "datetime": {"datetime": "2025-08-11 20:40:56", "elapsed": 15336.056996583939, "delta": 17.62518286705017}, "costs": {"total_cost": 182.9960131400494, "time_cost": 70.84700000000001, "final_distance_cost": 1.8341058035043802, "oscillation_cost": 23.510370234947015, "completition_cost": 0.0, "overshoot_cost": 51.35673734321484, "power_cost": 14.179185717773438, "noise_cost": 21.268614040609716, "n_waypoints_completed": 9, "tot_waypoints": 9}}
{"target": -189.68281552881527, "params": {"k_pid_pos": [0.7249284403513369, 0.0, 0.0], "k_pid_alt": [1.541888192104021, 0.0, 0.2992740484251743], "k_pid_att": [40.0952929463122, 2.2477731025703145, 0.18825544696153432], "k_pid_yaw": [0.5, 1e-06, 0.1], "k_pid_hsp": [0.06794174208952292, 0.0, 0.0], "k_pid_vsp": [153.43255384374788, 48.488688571078214, 1.003794363656038]}, "datetime": {"datetime": "2025-08-11 20:41:16", "elapsed": 15356.094865083694, "delta": 20.03786849975586}, "costs": {"total_cost": 189.68281552881527, "time_cost": 75.936, "final_distance_cost": 1.806875681723529, "oscillation_cost": 21.303658879860677, "completition_cost": 0.0, "overshoot_cost": 53.21491610566366, "power_cost": 14.74006787109375, "noise_cost": 22.681296990473673, "n_waypoints_completed": 9, "tot_waypoints": 9}}
{"target": -193.0966142260648, "params": {"k_pid_pos": [0.7147927858239561, 0.0, 0.0], "k_pid_alt": [1.5411580395181597, 0.0, 0.22210736548221321], "k_pid_att": [34.67190766585087, 2.3110961677480075, 0.2777954205474007], "k_pid_yaw": [0.5, 1e-06, 0.1], "k_pid_hsp": [0.058362742783834694, 0.0, 0.0], "k_pid_vsp": [147.0798724692655, 58.309634770634084, 2.8636677717610204]}, "datetime": {"datetime": "2025-08-11 20:41:36", "elapsed": 15375.823843479156, "delta": 19.728978395462036}, "costs": {"total_cost": 193.0966142260648, "time_cost": 78.26, "final_distance_cost": 1.7783075914678348, "oscillation_cost": 19.750339181606464, "completition_cost": 0.0, "overshoot_cost": 54.59174936463906, "power_cost": 15.053410070800782, "noise_cost": 23.662808017550613, "n_waypoints_completed": 9, "tot_waypoints": 9}}
{"target": -185.36200684122176, "params": {"k_pid_pos": [0.5985429524695427, 0.0004921714149307313, 0.07182645321746657], "k_pid_alt": [1.4125949233950088, 0.0, 0.3824559121883616], "k_pid_att": [28.933706427593005, 3.3995155347861292, 0.17280241481861724], "k_pid_yaw": [0.5, 1e-06, 0.1], "k_pid_hsp": [0.12332660320603762, 0.0, 0.0], "k_pid_vsp": [141.94413351459704, 53.73916129400007, 1.327872737091133]}, "datetime": {"datetime": "2025-08-11 20:41:54", "elapsed": 15394.012830734253, "delta": 18.188987255096436}, "costs": {"total_cost": 185.36200684122176, "time_cost": 73.367, "final_distance_cost": 1.8369658524558956, "oscillation_cost": 22.26448815796729, "completition_cost": 0.0, "overshoot_cost": 51.315601003462746, "power_cost": 14.40393543701172, "noise_cost": 22.174016390324116, "n_waypoints_completed": 9, "tot_waypoints": 9}}
{"target": -186.55846830996705, "params": {"k_pid_pos": [0.6776518594795338, 0.0, 0.09107138226859515], "k_pid_alt": [1.5377274794575828, 0.0, 0.3157406450415333], "k_pid_att": [34.38707167705646, 2.454307209145053, 0.14076552815256402], "k_pid_yaw": [0.5, 1e-06, 0.1], "k_pid_hsp": [0.15078687706649774, 0.0, 0.0], "k_pid_vsp": [149.6735830224048, 52.45575351845933, 0.037298583534633736]}, "datetime": {"datetime": "2025-08-11 20:42:12", "elapsed": 15412.095168352127, "delta": 18.082337617874146}, "costs": {"total_cost": 186.55846830996705, "time_cost": 72.45, "final_distance_cost": 1.8452790680029592, "oscillation_cost": 24.79838454168429, "completition_cost": 0.0, "overshoot_cost": 50.9703824747169, "power_cost": 14.459019641113281, "noise_cost": 22.035402584449642, "n_waypoints_completed": 9, "tot_waypoints": 9}}
{"target": -184.6371507389834, "params": {"k_pid_pos": [0.7150378729167688, 0.0, 0.005162935740431501], "k_pid_alt": [1.6827476015004132, 0.0, 0.19501169071229377], "k_pid_att": [33.71778783359946, 2.1701503024593403, 0.714855792806686], "k_pid_yaw": [0.5, 1e-06, 0.1], "k_pid_hsp": [0.17861056739418063, 0.0, 0.0], "k_pid_vsp": [161.69404982568483, 34.050323721462526, 1e-06]}, "datetime": {"datetime": "2025-08-11 20:42:30", "elapsed": 15430.15354347229, "delta": 18.058375120162964}, "costs": {"total_cost": 184.6371507389834, "time_cost": 71.08500000000001, "final_distance_cost": 1.8462065460189736, "oscillation_cost": 24.681605227305827, "completition_cost": 0.0, "overshoot_cost": 51.12157296756482, "power_cost": 14.296249499511719, "noise_cost": 21.606516498582046, "n_waypoints_completed": 9, "tot_waypoints": 9}}
