{"target": -182.3363179369257, "params": {"k_pid_pos": [0.5232760335332183, 0.0, 0.0], "k_pid_alt": [1.555879951688278, 0.0, 0.1480303683114562], "k_pid_att": [25.288387869192785, 2.1403965637655213, 0.22001322320818012], "k_pid_yaw": [0.5, 1e-06, 0.1], "k_pid_hsp": [0.08782949885144078, 0.0, 0.0], "k_pid_vsp": [155.95851232738275, 131.42680281726592, 0.5054644173510041]}, "datetime": {"datetime": "2025-08-12 01:51:23", "elapsed": 33962.48430848122, "delta": 20.30375099182129}, "costs": {"total_cost": 182.3363179369257, "time_cost": 73.21300000000001, "final_distance_cost": 1.8114257535682412, "oscillation_cost": 18.76304406992831, "completition_cost": 0.0, "overshoot_cost": 52.24116863396872, "power_cost": 14.24216112060547, "noise_cost": 22.065518358854952, "n_waypoints_completed": 9, "tot_waypoints": 9}}
{"target": -182.78750991603553, "params": {"k_pid_pos": [0.5351817629264708, 0.0, 0.0], "k_pid_alt": [1.6667144019193798, 0.0, 0.12488013253420875], "k_pid_att": [25.1548467732882, 2.282160272972331, 0.21339553832084254], "k_pid_yaw": [0.5, 1e-06, 0.1], "k_pid_hsp": [0.10593429848049274, 0.0, 0.0], "k_pid_vsp": [137.19267705447103, 125.38761247377737, 1.7347254682884983]}, "datetime": {"datetime": "2025-08-12 01:51:42", "elapsed": 33981.384670734406, "delta": 18.900362253189087}, "costs": {"total_cost": 182.78750991603553, "time_cost": 72.485, "final_distance_cost": 1.842580140566032, "oscillation_cost": 20.746592056273805, "completition_cost": 0.0, "overshoot_cost": 51.629746160327485, "power_cost": 14.177191040039062, "noise_cost": 21.90640051882915, "n_waypoints_completed": 9, "tot_waypoints": 9}}
{"target": -182.37024538357824, "params": {"k_pid_pos": [0.5270656027270129, 0.0, 0.0], "k_pid_alt": [1.599234860434284, 0.0, 0.24698810774698], "k_pid_att": [26.60848621648633, 2.1118302905837827, 0.28050363692428404], "k_pid_yaw": [0.5, 1e-06, 0.1], "k_pid_hsp": [0.0920828965986761, 0.0, 0.0], "k_pid_vsp": [127.81759858264196, 94.90589684284531, 1.0410625864664886]}, "datetime": {"datetime": "2025-08-12 01:52:00", "elapsed": 33999.59477567673, "delta": 18.210104942321777}, "costs": {"total_cost": 182.37024538357824, "time_cost": 73.08, "final_distance_cost": 1.8204935745745434, "oscillation_cost": 19.25973988618036, "completition_cost": 0.0, "overshoot_cost": 52.040813951345875, "power_cost": 14.202034277343751, "noise_cost": 21.967163694133713, "n_waypoints_completed": 9, "tot_waypoints": 9}}
{"target": -182.52361433971598, "params": {"k_pid_pos": [0.5223879079703239, 0.0, 0.0], "k_pid_alt": [1.6083651614386354, 0.0, 0.13958817418858988], "k_pid_att": [24.491493876414005, 1.962440018197508, 0.2176127456425938], "k_pid_yaw": [0.5, 1e-06, 0.1], "k_pid_hsp": [0.09427499179742635, 0.0, 0.0], "k_pid_vsp": [133.13419504746614, 123.97780995248408, 1.3050486712449638]}, "datetime": {"datetime": "2025-08-12 01:52:18", "elapsed": 34018.31078314781, "delta": 18.716007471084595}, "costs": {"total_cost": 182.52361433971598, "time_cost": 72.912, "final_distance_cost": 1.8358271703845166, "oscillation_cost": 19.682766284461245, "completition_cost": 0.0, "overshoot_cost": 52.01756740278554, "power_cost": 14.167174084472657, "noise_cost": 21.908279397612, "n_waypoints_completed": 9, "tot_waypoints": 9}}
{"target": -182.6611309321749, "params": {"k_pid_pos": [0.5295565293329635, 0.0, 0.0], "k_pid_alt": [1.6181556258916132, 0.0, 0.14552542830687834], "k_pid_att": [24.850286533732294, 2.11731183515928, 0.23377035792071793], "k_pid_yaw": [0.5, 1e-06, 0.1], "k_pid_hsp": [0.09812475705672105, 0.0, 0.0], "k_pid_vsp": [120.66801576651172, 124.5278408938274, 1.1696654541179377]}, "datetime": {"datetime": "2025-08-12 01:52:36", "elapsed": 34036.109481334686, "delta": 17.79869818687439}, "costs": {"total_cost": 182.6611309321749, "time_cost": 72.709, "final_distance_cost": 1.8315977502620142, "oscillation_cost": 20.091805105473956, "completition_cost": 0.0, "overshoot_cost": 51.92595464087994, "power_cost": 14.2162455078125, "noise_cost": 21.886527927746492, "n_waypoints_completed": 9, "tot_waypoints": 9}}
{"target": -182.77894962427175, "params": {"k_pid_pos": [0.5823939270252056, 0.0, 0.0], "k_pid_alt": [1.625047877603471, 0.0, 0.14136707271695653], "k_pid_att": [22.12924978888189, 2.212686257249569, 0.15025170738583354], "k_pid_yaw": [0.5, 1e-06, 0.1], "k_pid_hsp": [0.09817170940865466, 0.0, 0.0], "k_pid_vsp": [128.53999721879774, 118.42024297859487, 1.3993841224089703]}, "datetime": {"datetime": "2025-08-12 01:52:55", "elapsed": 34054.88700866699, "delta": 18.777527332305908}, "costs": {"total_cost": 182.77894962427175, "time_cost": 71.988, "final_distance_cost": 1.8099707073298776, "oscillation_cost": 21.34461229337646, "completition_cost": 0.0, "overshoot_cost": 51.84748586231817, "power_cost": 14.130171154785156, "noise_cost": 21.65870960646208, "n_waypoints_completed": 9, "tot_waypoints": 9}}
{"target": -184.79442765672317, "params": {"k_pid_pos": [0.8480385266463537, 0.0, 0.0], "k_pid_alt": [1.600581913356184, 0.0, 0.1476185662384873], "k_pid_att": [21.144564135474965, 2.1608554859721876, 0.20068535519452274], "k_pid_yaw": [0.5, 1e-06, 0.1], "k_pid_hsp": [0.16023135230421545, 0.0, 0.0], "k_pid_vsp": [125.47685146373911, 45.433700362059724, 3.093668229037638]}, "datetime": {"datetime": "2025-08-12 01:53:13", "elapsed": 34072.86670780182, "delta": 17.97969913482666}, "costs": {"total_cost": 184.79442765672317, "time_cost": 70.0, "final_distance_cost": 1.8156466579595893, "oscillation_cost": 26.338093167202434, "completition_cost": 0.0, "overshoot_cost": 51.2701614224468, "power_cost": 14.284154443359375, "noise_cost": 21.08637196575499, "n_waypoints_completed": 9, "tot_waypoints": 9}}
{"target": -182.4159645971543, "params": {"k_pid_pos": [0.5918130545675105, 1.3920524326995012e-05, 0.0], "k_pid_alt": [1.6004213074496954, 0.0, 0.19277485419023727], "k_pid_att": [26.05439732101738, 2.0819155408140175, 0.18779529016575086], "k_pid_yaw": [0.5, 1e-06, 0.1], "k_pid_hsp": [0.0977303933063156, 0.0, 0.0], "k_pid_vsp": [127.38977814454007, 150.70359130587326, 1.3471182498219099]}, "datetime": {"datetime": "2025-08-12 01:53:32", "elapsed": 34092.14804983139, "delta": 19.281342029571533}, "costs": {"total_cost": 182.4159645971543, "time_cost": 71.967, "final_distance_cost": 1.820642928353897, "oscillation_cost": 21.212492608876044, "completition_cost": 0.0, "overshoot_cost": 51.65255996516453, "power_cost": 14.173344116210938, "noise_cost": 21.589924978548915, "n_waypoints_completed": 9, "tot_waypoints": 9}}
{"target": -182.27985368856056, "params": {"k_pid_pos": [0.5111859535121988, 0.0, 0.0], "k_pid_alt": [1.613358534441645, 0.0, 0.14932955799213796], "k_pid_att": [50.43108794020878, 2.124962606324258, 0.3020907741923706], "k_pid_yaw": [0.5, 1e-06, 0.1], "k_pid_hsp": [0.09136453359066843, 0.0, 0.0], "k_pid_vsp": [130.70456680096638, 131.02673856948923, 1.2474925058053516]}, "datetime": {"datetime": "2025-08-12 01:53:50", "elapsed": 34110.2603597641, "delta": 18.11230993270874}, "costs": {"total_cost": 182.27985368856056, "time_cost": 73.21300000000001, "final_distance_cost": 1.8361795698152628, "oscillation_cost": 18.85291999520255, "completition_cost": 0.0, "overshoot_cost": 51.96986230214182, "power_cost": 14.302365173339844, "noise_cost": 22.105526648061073, "n_waypoints_completed": 9, "tot_waypoints": 9}}
{"target": -182.5490636808003, "params": {"k_pid_pos": [0.5275692912760451, 0.0, 0.0], "k_pid_alt": [1.6139796529125077, 0.0, 0.17416291203582968], "k_pid_att": [25.92704709016882, 3.12444553159851, 0.22999924517535006], "k_pid_yaw": [0.5, 1e-06, 0.1], "k_pid_hsp": [0.0974883241147951, 0.0, 0.0], "k_pid_vsp": [166.98611159613245, 153.32865135815604, 1.5573211269237703]}, "datetime": {"datetime": "2025-08-12 01:54:10", "elapsed": 34129.85402464867, "delta": 19.59366488456726}, "costs": {"total_cost": 182.5490636808003, "time_cost": 72.807, "final_distance_cost": 1.836056382386404, "oscillation_cost": 19.799196527461998, "completition_cost": 0.0, "overshoot_cost": 51.85381362758841, "power_cost": 14.259150939941406, "noise_cost": 21.993846203422073, "n_waypoints_completed": 9, "tot_waypoints": 9}}
{"target": -182.22897772639735, "params": {"k_pid_pos": [0.5248695553278453, 0.0, 0.0], "k_pid_alt": [1.6132682949734438, 0.0, 0.1484230670520483], "k_pid_att": [24.98916424454419, 2.125601869271779, 0.21163235267222588], "k_pid_yaw": [0.5, 1e-06, 0.1], "k_pid_hsp": [0.09139352898021054, 0.0, 0.0], "k_pid_vsp": [127.66120049256759, 122.00402671333103, 1.0963201287324997]}, "datetime": {"datetime": "2025-08-12 01:54:28", "elapsed": 34148.19174861908, "delta": 18.337723970413208}, "costs": {"total_cost": 182.22897772639735, "time_cost": 72.97500000000001, "final_distance_cost": 1.8187443007009285, "oscillation_cost": 19.285737747533872, "completition_cost": 0.0, "overshoot_cost": 51.83950871251424, "power_cost": 14.231657092285158, "noise_cost": 22.078329873363142, "n_waypoints_completed": 9, "tot_waypoints": 9}}
{"target": -182.1572849722282, "params": {"k_pid_pos": [0.5240629441665696, 0.0, 0.0], "k_pid_alt": [1.6143880454668502, 0.0, 0.14557942019783252], "k_pid_att": [24.39214732715007, 2.558624727804695, 0.2029317679696071], "k_pid_yaw": [0.5, 1e-06, 0.1], "k_pid_hsp": [0.09142028366688067, 0.0, 0.0], "k_pid_vsp": [119.23937508877914, 151.33205911972078, 1.2129062060939562]}, "datetime": {"datetime": "2025-08-12 01:54:47", "elapsed": 34167.08109164238, "delta": 18.88934302330017}, "costs": {"total_cost": 182.1572849722282, "time_cost": 72.97500000000001, "final_distance_cost": 1.8272197781870694, "oscillation_cost": 19.300719589522345, "completition_cost": 0.0, "overshoot_cost": 51.73189550685439, "power_cost": 14.25359267578125, "noise_cost": 22.06885742188313, "n_waypoints_completed": 9, "tot_waypoints": 9}}
{"target": -182.64263869484688, "params": {"k_pid_pos": [0.4972446188331837, 0.0, 0.0], "k_pid_alt": [1.6142771352348997, 0.0, 0.14392392263371664], "k_pid_att": [21.170829729099587, 2.0796570824881524, 0.21090267548888175], "k_pid_yaw": [0.5, 1e-06, 0.1], "k_pid_hsp": [0.09144820801190345, 0.0, 0.0], "k_pid_vsp": [128.18203597976267, 119.99060543747578, 1.351986856269128]}, "datetime": {"datetime": "2025-08-12 01:55:07", "elapsed": 34186.724999427795, "delta": 19.64390778541565}, "costs": {"total_cost": 182.64263869484688, "time_cost": 73.423, "final_distance_cost": 1.8283012196627586, "oscillation_cost": 18.71384473205802, "completition_cost": 0.0, "overshoot_cost": 52.182901660626975, "power_cost": 14.300924719238282, "noise_cost": 22.193666363260828, "n_waypoints_completed": 9, "tot_waypoints": 9}}
{"target": -182.2643628191765, "params": {"k_pid_pos": [0.5262523208918675, 0.0, 0.0], "k_pid_alt": [1.613913383597467, 0.0, 0.14747679975426525], "k_pid_att": [25.47071289980998, 2.1816273341395793, 0.23307113560662396], "k_pid_yaw": [0.5, 1e-06, 0.1], "k_pid_hsp": [0.09169693779912869, 0.0, 0.0], "k_pid_vsp": [126.84401313484194, 151.38348794864334, 2.318320092107744]}, "datetime": {"datetime": "2025-08-12 01:55:25", "elapsed": 34204.894960165024, "delta": 18.169960737228394}, "costs": {"total_cost": 182.2643628191765, "time_cost": 72.94, "final_distance_cost": 1.8332942347472347, "oscillation_cost": 19.472444643876, "completition_cost": 0.0, "overshoot_cost": 51.850416982948616, "power_cost": 14.266584338378907, "noise_cost": 21.90162261922575, "n_waypoints_completed": 9, "tot_waypoints": 9}}
{"target": -186.20020041896666, "params": {"k_pid_pos": [0.5819413877739903, 0.0, 0.0], "k_pid_alt": [1.613743832549163, 0.0, 0.0], "k_pid_att": [26.49581779560217, 2.170060033485787, 0.22328222202648007], "k_pid_yaw": [0.5, 1e-06, 0.1], "k_pid_hsp": [0.09746138880578571, 0.0, 0.0], "k_pid_vsp": [125.75077277182145, 1e-06, 3.449751165019358]}, "datetime": {"datetime": "2025-08-12 01:55:44", "elapsed": 34224.09230589867, "delta": 19.197345733642578}, "costs": {"total_cost": 186.20020041896666, "time_cost": 73.68900000000001, "final_distance_cost": 1.8083987287188892, "oscillation_cost": 20.692809838406976, "completition_cost": 0.0, "overshoot_cost": 53.05727627985136, "power_cost": 14.361876354980469, "noise_cost": 22.59083921700897, "n_waypoints_completed": 9, "tot_waypoints": 9}}
{"target": -182.3528171361308, "params": {"k_pid_pos": [0.5670633069879656, 0.004311271105092084, 0.0], "k_pid_alt": [1.6092119124046775, 0.0, 0.18161568779767218], "k_pid_att": [24.797509951944324, 2.248207164887036, 0.19829850301516289], "k_pid_yaw": [0.5, 1e-06, 0.1], "k_pid_hsp": [0.09339450182921265, 0.00036092986565450106, 0.0], "k_pid_vsp": [126.15987217044719, 131.20532330919147, 1.4305935877719211]}, "datetime": {"datetime": "2025-08-12 01:56:02", "elapsed": 34241.87333750725, "delta": 17.781031608581543}, "costs": {"total_cost": 182.3528171361308, "time_cost": 72.359, "final_distance_cost": 1.830090735128631, "oscillation_cost": 20.264003766960165, "completition_cost": 0.0, "overshoot_cost": 52.00129218192383, "power_cost": 14.181563598632813, "noise_cost": 21.716866853485396, "n_waypoints_completed": 9, "tot_waypoints": 9}}
{"target": -182.3270902467497, "params": {"k_pid_pos": [0.5341275846864696, 0.0, 0.0], "k_pid_alt": [1.617174867663489, 0.0, 0.14413442662691767], "k_pid_att": [27.86915984179646, 2.125017644658774, 0.27847581784031294], "k_pid_yaw": [0.5, 1e-06, 0.1], "k_pid_hsp": [0.09317227475629719, 0.0, 0.0], "k_pid_vsp": [126.914189571809, 117.77402230007567, 1.0992569386352853]}, "datetime": {"datetime": "2025-08-12 01:56:22", "elapsed": 34261.461993932724, "delta": 19.588656425476074}, "costs": {"total_cost": 182.3270902467497, "time_cost": 72.772, "final_distance_cost": 1.8124225399009994, "oscillation_cost": 19.543172917673438, "completition_cost": 0.0, "overshoot_cost": 52.072730601578186, "power_cost": 14.25958193359375, "noise_cost": 21.867182254003307, "n_waypoints_completed": 9, "tot_waypoints": 9}}
{"target": -181.84486765763648, "params": {"k_pid_pos": [0.524635907333616, 0.0, 0.0], "k_pid_alt": [1.6150265740690555, 0.0, 0.15717604147792205], "k_pid_att": [26.1133599142933, 2.1131765336821777, 0.22037392266763767], "k_pid_yaw": [0.5, 1e-06, 0.1], "k_pid_hsp": [0.09209072778329729, 0.0, 0.0], "k_pid_vsp": [128.38744689441302, 121.2983633844589, 1.0317901024489236]}, "datetime": {"datetime": "2025-08-12 01:56:40", "elapsed": 34279.44631481171, "delta": 17.984320878982544}, "costs": {"total_cost": 181.84486765763648, "time_cost": 72.95400000000001, "final_distance_cost": 1.8227718349663662, "oscillation_cost": 19.188798283587737, "completition_cost": 0.0, "overshoot_cost": 51.78049770429578, "power_cost": 14.202169396972657, "noise_cost": 21.896630437813926, "n_waypoints_completed": 9, "tot_waypoints": 9}}
{"target": -182.12662690146288, "params": {"k_pid_pos": [0.5293845285627456, 0.0, 0.0], "k_pid_alt": [1.5708865230762774, 0.0, 0.13050588970191468], "k_pid_att": [24.707195871218214, 2.048112137864163, 0.22116113560482392], "k_pid_yaw": [0.5, 1e-06, 0.1], "k_pid_hsp": [0.09165170356333706, 0.0, 0.0], "k_pid_vsp": [134.07556811961518, 92.62319563062695, 1.3944364701125118]}, "datetime": {"datetime": "2025-08-12 01:56:59", "elapsed": 34298.801825761795, "delta": 19.3555109500885}, "costs": {"total_cost": 182.12662690146288, "time_cost": 72.94, "final_distance_cost": 1.8150160461436753, "oscillation_cost": 19.366052970675508, "completition_cost": 0.0, "overshoot_cost": 51.90641189250255, "power_cost": 14.177830676269531, "noise_cost": 21.92131531587162, "n_waypoints_completed": 9, "tot_waypoints": 9}}
{"target": -182.35191878673635, "params": {"k_pid_pos": [0.5248330678770593, 0.0, 0.0], "k_pid_alt": [1.6143567735298168, 0.0, 0.18638680162147514], "k_pid_att": [25.821068343605237, 2.135579842801802, 0.2168156332289821], "k_pid_yaw": [0.5, 1e-06, 0.1], "k_pid_hsp": [0.09174448847821202, 0.0, 0.0], "k_pid_vsp": [127.48576449439905, 126.91001445067215, 1.0919314860441736]}, "datetime": {"datetime": "2025-08-12 01:57:17", "elapsed": 34316.89611411095, "delta": 18.09428834915161}, "costs": {"total_cost": 182.35191878673635, "time_cost": 73.01, "final_distance_cost": 1.8204782374986979, "oscillation_cost": 19.284395493804094, "completition_cost": 0.0, "overshoot_cost": 51.9809754715809, "power_cost": 14.237397668457032, "noise_cost": 22.018671915395643, "n_waypoints_completed": 9, "tot_waypoints": 9}}
{"target": -182.8137313744847, "params": {"k_pid_pos": [0.5287581041234592, 0.0, 0.0], "k_pid_alt": [1.6114485617877945, 0.0, 0.14807543664471878], "k_pid_att": [25.129633476446966, 2.14771305280054, 0.23691147661750153], "k_pid_yaw": [0.5, 1e-06, 0.1], "k_pid_hsp": [0.09108746765306563, 0.0, 0.0], "k_pid_vsp": [131.25010483616919, 126.24798353314233, 1.5771673197903944]}, "datetime": {"datetime": "2025-08-12 01:57:36", "elapsed": 34335.7796227932, "delta": 18.883508682250977}, "costs": {"total_cost": 182.8137313744847, "time_cost": 72.926, "final_distance_cost": 1.8153383648205328, "oscillation_cost": 19.469580989936002, "completition_cost": 0.0, "overshoot_cost": 52.4320843172523, "power_cost": 14.263857604980469, "noise_cost": 21.90687009749537, "n_waypoints_completed": 9, "tot_waypoints": 9}}
{"target": -182.18175743583046, "params": {"k_pid_pos": [0.5230742535891515, 0.0, 0.0], "k_pid_alt": [1.5826183894722696, 0.0, 0.13687483169717782], "k_pid_att": [25.864818428227572, 1.9334174521644336, 0.2017051000488695], "k_pid_yaw": [0.5, 1e-06, 0.1], "k_pid_hsp": [0.09016091945554357, 0.0, 0.0], "k_pid_vsp": [127.76081653667428, 113.697122987439, 2.2841817032318295]}, "datetime": {"datetime": "2025-08-12 01:57:54", "elapsed": 34354.032046318054, "delta": 18.252423524856567}, "costs": {"total_cost": 182.18175743583046, "time_cost": 73.052, "final_distance_cost": 1.8111265024465317, "oscillation_cost": 19.142121915536865, "completition_cost": 0.0, "overshoot_cost": 51.987290841990124, "power_cost": 14.169700952148439, "noise_cost": 22.0195172237085, "n_waypoints_completed": 9, "tot_waypoints": 9}}
{"target": -182.63123145296944, "params": {"k_pid_pos": [0.5116732201039621, 0.0, 0.0], "k_pid_alt": [1.6053879630761645, 0.0, 0.15352239859766006], "k_pid_att": [25.627493844413305, 2.1278363586217677, 0.1585395315482422], "k_pid_yaw": [0.5, 1e-06, 0.1], "k_pid_hsp": [0.09863991212733947, 0.0, 0.0], "k_pid_vsp": [131.85009415984686, 123.9962156132664, 1e-06]}, "datetime": {"datetime": "2025-08-12 01:58:14", "elapsed": 34373.43659448624, "delta": 19.404548168182373}, "costs": {"total_cost": 182.63123145296944, "time_cost": 73.024, "final_distance_cost": 1.8401721372638815, "oscillation_cost": 19.59071705728256, "completition_cost": 0.0, "overshoot_cost": 51.76777521236664, "power_cost": 14.293987268066408, "noise_cost": 22.114579777989935, "n_waypoints_completed": 9, "tot_waypoints": 9}}
{"target": -182.3113356515231, "params": {"k_pid_pos": [0.5262783087256304, 0.0, 0.0], "k_pid_alt": [1.6044311922525443, 0.0, 0.14869490956305312], "k_pid_att": [24.413756175387824, 2.1352639430539972, 0.21480498819435018], "k_pid_yaw": [0.5, 1e-06, 0.1], "k_pid_hsp": [0.0940120021243175, 0.0, 0.0], "k_pid_vsp": [141.4915434993998, 130.3008717363637, 1.0378949021300647]}, "datetime": {"datetime": "2025-08-12 01:58:32", "elapsed": 34391.59181380272, "delta": 18.155219316482544}, "costs": {"total_cost": 182.3113356515231, "time_cost": 72.877, "final_distance_cost": 1.8247404811422097, "oscillation_cost": 19.72040765144617, "completition_cost": 0.0, "overshoot_cost": 51.78311995681562, "power_cost": 14.178516796875, "noise_cost": 21.927550765244117, "n_waypoints_completed": 9, "tot_waypoints": 9}}
{"target": -182.42905454065541, "params": {"k_pid_pos": [0.5247434473306349, 0.0, 0.0], "k_pid_alt": [1.602209497804342, 0.0, 0.15243235472655553], "k_pid_att": [25.121281308417963, 1.8974897222404647, 0.22567256521514398], "k_pid_yaw": [0.5, 1e-06, 0.1], "k_pid_hsp": [0.09507135067256245, 0.0, 0.0], "k_pid_vsp": [141.1863468446136, 120.50182238517687, 1.2282118584103379]}, "datetime": {"datetime": "2025-08-12 01:58:50", "elapsed": 34410.068427324295, "delta": 18.476613521575928}, "costs": {"total_cost": 182.42905454065541, "time_cost": 72.884, "final_distance_cost": 1.8145285789148404, "oscillation_cost": 19.782382024994053, "completition_cost": 0.0, "overshoot_cost": 51.83730704895159, "power_cost": 14.165373083496094, "noise_cost": 21.945463804298836, "n_waypoints_completed": 9, "tot_waypoints": 9}}
{"target": -182.19558846709657, "params": {"k_pid_pos": [0.5227442748544946, 0.0, 0.0], "k_pid_alt": [1.5712824774687173, 0.0, 0.14814729968805454], "k_pid_att": [25.777648588689168, 2.1384677871479996, 0.20276508309786823], "k_pid_yaw": [0.5, 1e-06, 0.1], "k_pid_hsp": [0.0913141992786306, 0.0, 0.0], "k_pid_vsp": [127.35710445409589, 123.00676232135967, 0.5610479191151603]}, "datetime": {"datetime": "2025-08-12 01:59:08", "elapsed": 34428.28859567642, "delta": 18.220168352127075}, "costs": {"total_cost": 182.19558846709657, "time_cost": 73.045, "final_distance_cost": 1.8134901271332837, "oscillation_cost": 19.21609317953936, "completition_cost": 0.0, "overshoot_cost": 51.9018587568153, "power_cost": 14.200503784179688, "noise_cost": 22.01864261942897, "n_waypoints_completed": 9, "tot_waypoints": 9}}
{"target": -182.8235780174282, "params": {"k_pid_pos": [0.4743384700712428, 0.0, 0.0], "k_pid_alt": [1.6142569727699745, 0.0, 0.13850390437353702], "k_pid_att": [22.05410758857073, 2.127802778290203, 0.22654411958397397], "k_pid_yaw": [0.5, 1e-06, 0.1], "k_pid_hsp": [0.0930028548583361, 0.0, 0.0], "k_pid_vsp": [133.25286459984744, 133.37602810310244, 1.2676200171801515]}, "datetime": {"datetime": "2025-08-12 01:59:27", "elapsed": 34446.92920136452, "delta": 18.640605688095093}, "costs": {"total_cost": 182.8235780174282, "time_cost": 73.857, "final_distance_cost": 1.8396667712587416, "oscillation_cost": 18.24182824504763, "completition_cost": 0.0, "overshoot_cost": 52.09242532450494, "power_cost": 14.343674426269532, "noise_cost": 22.448983250347343, "n_waypoints_completed": 9, "tot_waypoints": 9}}
