{"target": -182.7918292528272, "params": {"k_pid_pos": [0.5344494269924925, 0.0, 0.0], "k_pid_alt": [1.6094461738390309, 0.0, 0.13553503551064808], "k_pid_att": [24.5629401600819, 2.1022909834354, 0.2168084251048356], "k_pid_yaw": [0.5, 1e-06, 0.1], "k_pid_hsp": [0.08896227008472639, 0.0, 0.0], "k_pid_vsp": [99.98103795174887, 119.32643686182581, 1.6866755617413345]}, "datetime": {"datetime": "2025-08-12 00:35:37", "elapsed": 29417.212646245956, "delta": 18.709938287734985}, "costs": {"total_cost": 182.7918292528272, "time_cost": 72.898, "final_distance_cost": 1.8334651069143681, "oscillation_cost": 19.538651083987705, "completition_cost": 0.0, "overshoot_cost": 52.31432853473183, "power_cost": 14.281627783203126, "noise_cost": 21.92575674399019, "n_waypoints_completed": 9, "tot_waypoints": 9}}
{"target": -182.44581406525572, "params": {"k_pid_pos": [0.5434036937906788, 0.0, 0.0], "k_pid_alt": [1.7265271073927713, 0.0, 0.1356081638652175], "k_pid_att": [25.884833011825698, 2.2777718951378785, 0.220509664585385], "k_pid_yaw": [0.5, 1e-06, 0.1], "k_pid_hsp": [0.10004544056215653, 0.0, 0.0], "k_pid_vsp": [158.72181247434656, 131.6189888777731, 1.9988031095825427]}, "datetime": {"datetime": "2025-08-12 00:35:55", "elapsed": 29435.04382276535, "delta": 17.83117651939392}, "costs": {"total_cost": 182.44581406525572, "time_cost": 72.408, "final_distance_cost": 1.8356884380990708, "oscillation_cost": 20.59316875001127, "completition_cost": 0.0, "overshoot_cost": 51.648212400175474, "power_cost": 14.161196557617188, "noise_cost": 21.799547919352698, "n_waypoints_completed": 9, "tot_waypoints": 9}}
{"target": -182.62516328274495, "params": {"k_pid_pos": [0.5193782867284613, 0.0, 0.0], "k_pid_alt": [1.6043829354427928, 0.0, 0.11613059899375096], "k_pid_att": [29.443790220489603, 2.0106270103919446, 0.1400536844169348], "k_pid_yaw": [0.5, 1e-06, 0.1], "k_pid_hsp": [0.09020417296021557, 0.0, 0.0], "k_pid_vsp": [131.2309672452817, 93.62382049892321, 1.1266197588306215]}, "datetime": {"datetime": "2025-08-12 00:36:15", "elapsed": 29454.847284317017, "delta": 19.80346155166626}, "costs": {"total_cost": 182.62516328274495, "time_cost": 73.08, "final_distance_cost": 1.8340367854009192, "oscillation_cost": 19.187849892647154, "completition_cost": 0.0, "overshoot_cost": 52.332054874938386, "power_cost": 14.158096228027345, "noise_cost": 22.033125501731146, "n_waypoints_completed": 9, "tot_waypoints": 9}}
{"target": -182.43766562694614, "params": {"k_pid_pos": [0.521954113128822, 0.0, 0.0], "k_pid_alt": [1.6086747225745086, 0.0, 0.13707433579125783], "k_pid_att": [24.146654492939764, 1.9182727206092973, 0.21944115598804434], "k_pid_yaw": [0.5, 1e-06, 0.1], "k_pid_hsp": [0.09914771861180989, 0.0, 0.0], "k_pid_vsp": [131.9807805463262, 124.98845169655014, 1.2659843810620488]}, "datetime": {"datetime": "2025-08-12 00:36:33", "elapsed": 29473.252797603607, "delta": 18.405513286590576}, "costs": {"total_cost": 182.43766562694614, "time_cost": 72.81400000000001, "final_distance_cost": 1.8375725813854042, "oscillation_cost": 19.96517551156314, "completition_cost": 0.0, "overshoot_cost": 51.48851271027316, "power_cost": 14.265819738769531, "noise_cost": 22.066585084954905, "n_waypoints_completed": 9, "tot_waypoints": 9}}
{"target": -182.28749710140906, "params": {"k_pid_pos": [0.5798364188174885, 0.0, 0.0], "k_pid_alt": [1.6713570513774347, 0.0, 0.10682561223731679], "k_pid_att": [23.948052930496797, 2.2227552705294125, 0.09553144127411195], "k_pid_yaw": [0.5, 1e-06, 0.1], "k_pid_hsp": [0.1002853391043653, 0.0, 0.0], "k_pid_vsp": [135.5517041171845, 126.34982830436113, 1.3144541320185466]}, "datetime": {"datetime": "2025-08-12 00:36:52", "elapsed": 29491.562466859818, "delta": 18.309669256210327}, "costs": {"total_cost": 182.28749710140906, "time_cost": 71.904, "final_distance_cost": 1.8156042166470165, "oscillation_cost": 21.225613847499865, "completition_cost": 0.0, "overshoot_cost": 51.64069639679038, "power_cost": 14.108061987304689, "noise_cost": 21.593520653167097, "n_waypoints_completed": 9, "tot_waypoints": 9}}
{"target": -182.5960683519653, "params": {"k_pid_pos": [0.5617039491940061, 0.0, 0.0], "k_pid_alt": [1.6117374952696024, 0.0, 0.1498335573498793], "k_pid_att": [23.712482001915063, 2.0331504412675554, 0.1965485370328285], "k_pid_yaw": [0.5, 1e-06, 0.1], "k_pid_hsp": [0.08928976793256031, 0.0, 0.0], "k_pid_vsp": [127.14931464424367, 115.9587152939676, 1.2742304898228924]}, "datetime": {"datetime": "2025-08-12 00:37:11", "elapsed": 29510.604302167892, "delta": 19.04183530807495}, "costs": {"total_cost": 182.5960683519653, "time_cost": 72.57600000000001, "final_distance_cost": 1.8233052166985806, "oscillation_cost": 19.933119716700396, "completition_cost": 0.0, "overshoot_cost": 52.25843726218945, "power_cost": 14.219421142578126, "noise_cost": 21.785785013798748, "n_waypoints_completed": 9, "tot_waypoints": 9}}
{"target": -187.32703777047865, "params": {"k_pid_pos": [1.2382620925233918, 0.0, 0.0027790042137455714], "k_pid_alt": [1.5959498608312244, 0.0, 0.15229753042848332], "k_pid_att": [24.442422780514875, 2.140931438187501, 0.2231518135578369], "k_pid_yaw": [0.5, 1e-06, 0.1], "k_pid_hsp": [0.09072333500367638, 0.0, 0.0], "k_pid_vsp": [118.9446046781351, 92.48883197929825, 0.48416385388446237]}, "datetime": {"datetime": "2025-08-12 00:37:29", "elapsed": 29528.56443810463, "delta": 17.96013593673706}, "costs": {"total_cost": 187.32703777047865, "time_cost": 70.238, "final_distance_cost": 1.756320750824107, "oscillation_cost": 28.687268144859875, "completition_cost": 0.0, "overshoot_cost": 51.39568917555211, "power_cost": 14.360766955566406, "noise_cost": 20.888992743676138, "n_waypoints_completed": 9, "tot_waypoints": 9}}
{"target": -183.0273154433236, "params": {"k_pid_pos": [0.7219361524259129, 8.975961519143143e-06, 0.0], "k_pid_alt": [1.605416426295183, 0.0, 0.24445248208768855], "k_pid_att": [25.252361033368505, 2.0651746397025352, 0.15997061490274947], "k_pid_yaw": [0.5, 1e-06, 0.1], "k_pid_hsp": [0.09019214205282897, 0.0, 0.0], "k_pid_vsp": [121.38511395586116, 129.60637442611738, 1.2490168940241473]}, "datetime": {"datetime": "2025-08-12 00:37:47", "elapsed": 29546.827003479004, "delta": 18.26256537437439}, "costs": {"total_cost": 183.0273154433236, "time_cost": 71.449, "final_distance_cost": 1.8219071679077687, "oscillation_cost": 22.94953019636041, "completition_cost": 0.0, "overshoot_cost": 51.25301447482094, "power_cost": 14.192944750976563, "noise_cost": 21.360918853257935, "n_waypoints_completed": 9, "tot_waypoints": 9}}
{"target": -182.7976277414189, "params": {"k_pid_pos": [0.5738676316064394, 0.0, 0.0], "k_pid_alt": [1.605562741613278, 0.0, 0.1342540499115867], "k_pid_att": [7.691597742664676, 2.1150964064935156, 0.2233302623581463], "k_pid_yaw": [0.5, 1e-06, 0.1], "k_pid_hsp": [0.09099403868197473, 0.0, 0.0], "k_pid_vsp": [119.0349734930029, 152.17234274778357, 1.8588079853812454]}, "datetime": {"datetime": "2025-08-12 00:38:05", "elapsed": 29564.375720977783, "delta": 17.548717498779297}, "costs": {"total_cost": 182.7976277414189, "time_cost": 72.31, "final_distance_cost": 1.8136414337746967, "oscillation_cost": 20.77019874907942, "completition_cost": 0.0, "overshoot_cost": 51.958989466740505, "power_cost": 14.202428649902345, "noise_cost": 21.7423694419219, "n_waypoints_completed": 9, "tot_waypoints": 9}}
{"target": -182.34110433285213, "params": {"k_pid_pos": [0.5216003272983265, 0.0, 0.0], "k_pid_alt": [1.6176661200329594, 0.0, 0.16064980152311434], "k_pid_att": [25.807833106805138, 3.472294196162976, 0.22001423117403887], "k_pid_yaw": [0.5, 1e-06, 0.1], "k_pid_hsp": [0.09683284880931836, 0.0, 0.0], "k_pid_vsp": [120.09561988024674, 144.34920523217465, 1.5360589419586226]}, "datetime": {"datetime": "2025-08-12 00:38:23", "elapsed": 29582.585923433304, "delta": 18.21020245552063}, "costs": {"total_cost": 182.34110433285213, "time_cost": 72.863, "final_distance_cost": 1.8355482309208755, "oscillation_cost": 19.872085644826786, "completition_cost": 0.0, "overshoot_cost": 51.637191835953885, "power_cost": 14.212854406738282, "noise_cost": 21.920424214412296, "n_waypoints_completed": 9, "tot_waypoints": 9}}
{"target": -181.85462197133054, "params": {"k_pid_pos": [0.5261998039715744, 0.0, 0.0], "k_pid_alt": [1.6112815975784587, 0.0, 0.14847716793770588], "k_pid_att": [25.112790922822814, 2.158696323725213, 0.21703458576988713], "k_pid_yaw": [0.5, 1e-06, 0.1], "k_pid_hsp": [0.09154231456273856, 0.0, 0.0], "k_pid_vsp": [127.70716378632166, 120.83767133181692, 1.1239066010244358]}, "datetime": {"datetime": "2025-08-12 00:38:41", "elapsed": 29600.662848472595, "delta": 18.076925039291382}, "costs": {"total_cost": 181.85462197133054, "time_cost": 72.947, "final_distance_cost": 1.8205418122129569, "oscillation_cost": 19.297061900908314, "completition_cost": 0.0, "overshoot_cost": 51.69414834499207, "power_cost": 14.184634814453126, "noise_cost": 21.911235098764077, "n_waypoints_completed": 9, "tot_waypoints": 9}}
{"target": -182.62967712796416, "params": {"k_pid_pos": [0.5222305957714258, 0.0, 0.0], "k_pid_alt": [1.61473664507601, 0.0, 0.13734362294234603], "k_pid_att": [19.742270474125775, 3.099598195680429, 0.18765728737953155], "k_pid_yaw": [0.5, 1e-06, 0.1], "k_pid_hsp": [0.08892321320277152, 0.0, 0.0], "k_pid_vsp": [139.13655168969552, 161.01943299741956, 1.2762831270986086]}, "datetime": {"datetime": "2025-08-12 00:38:59", "elapsed": 29618.595459461212, "delta": 17.932610988616943}, "costs": {"total_cost": 182.62967712796416, "time_cost": 73.08, "final_distance_cost": 1.8273413179104012, "oscillation_cost": 19.308432856478817, "completition_cost": 0.0, "overshoot_cost": 52.174538473576106, "power_cost": 14.258317761230469, "noise_cost": 21.98104671876838, "n_waypoints_completed": 9, "tot_waypoints": 9}}
{"target": -182.67732054253577, "params": {"k_pid_pos": [0.5379807217102263, 0.0, 0.0], "k_pid_alt": [1.607850495023194, 0.0, 0.13665070032533808], "k_pid_att": [25.2701209984864, 1.9248912185658835, 0.26209387671462114], "k_pid_yaw": [0.5, 1e-06, 0.1], "k_pid_hsp": [0.09080605816312053, 0.0, 0.0], "k_pid_vsp": [130.0611932359992, 122.5358755432604, 1.370400833035247]}, "datetime": {"datetime": "2025-08-12 00:39:17", "elapsed": 29636.760098218918, "delta": 18.16463875770569}, "costs": {"total_cost": 182.67732054253577, "time_cost": 72.8, "final_distance_cost": 1.8117907444713486, "oscillation_cost": 19.6021358889874, "completition_cost": 0.0, "overshoot_cost": 52.1534573344154, "power_cost": 14.295734106445313, "noise_cost": 22.0142024682163, "n_waypoints_completed": 9, "tot_waypoints": 9}}
{"target": -182.42599657335143, "params": {"k_pid_pos": [0.515438114941534, 0.0, 0.0], "k_pid_alt": [1.6743264136392872, 0.0, 0.12030913560049156], "k_pid_att": [23.745090821807203, 2.1960297646421925, 0.18425167784913285], "k_pid_yaw": [0.5, 1e-06, 0.1], "k_pid_hsp": [0.09324336759526071, 0.0, 0.0], "k_pid_vsp": [132.90581113409908, 82.64972257537198, 0.3713485395813584]}, "datetime": {"datetime": "2025-08-12 00:39:35", "elapsed": 29654.73498916626, "delta": 17.97489094734192}, "costs": {"total_cost": 182.42599657335143, "time_cost": 73.038, "final_distance_cost": 1.8297593607812872, "oscillation_cost": 19.25306819548559, "completition_cost": 0.0, "overshoot_cost": 51.962739507372234, "power_cost": 14.201751318359376, "noise_cost": 22.14067819135293, "n_waypoints_completed": 9, "tot_waypoints": 9}}
{"target": -182.47052626516924, "params": {"k_pid_pos": [0.5360918803556076, 0.0, 0.0], "k_pid_alt": [1.6111800485299965, 0.0, 0.07775619619998798], "k_pid_att": [24.277625488360677, 2.2948001278691534, 0.23160838133729497], "k_pid_yaw": [0.5, 1e-06, 0.1], "k_pid_hsp": [0.10855274879315932, 0.0, 0.0], "k_pid_vsp": [124.57817242884987, 309.7450881276371, 1.3033730652925355]}, "datetime": {"datetime": "2025-08-12 00:39:54", "elapsed": 29673.768782377243, "delta": 19.033793210983276}, "costs": {"total_cost": 182.47052626516924, "time_cost": 72.443, "final_distance_cost": 1.8253916354595257, "oscillation_cost": 21.01313000408836, "completition_cost": 0.0, "overshoot_cost": 51.11527750260185, "power_cost": 14.382335522460938, "noise_cost": 21.691391600558557, "n_waypoints_completed": 9, "tot_waypoints": 9}}
{"target": -182.2621085015279, "params": {"k_pid_pos": [0.594711977230834, 0.005041245843138227, 0.0004400536659218024], "k_pid_alt": [1.5807822883910665, 0.0, 0.19514334963034785], "k_pid_att": [24.71410924017188, 2.287229985234158, 0.19985092594811887], "k_pid_yaw": [0.5, 1e-06, 0.1], "k_pid_hsp": [0.10301395758437343, 0.0, 0.0], "k_pid_vsp": [127.23251542394227, 131.03023821755775, 1.0442891070727351]}, "datetime": {"datetime": "2025-08-12 00:40:11", "elapsed": 29691.235919713974, "delta": 17.467137336730957}, "costs": {"total_cost": 182.2621085015279, "time_cost": 71.869, "final_distance_cost": 1.8228450996272159, "oscillation_cost": 21.786842250947178, "completition_cost": 0.0, "overshoot_cost": 51.088613364175764, "power_cost": 14.189551879882814, "noise_cost": 21.505255906894934, "n_waypoints_completed": 9, "tot_waypoints": 9}}
{"target": -182.11184613216227, "params": {"k_pid_pos": [0.5278377346398951, 0.0, 0.0], "k_pid_alt": [1.611811971397068, 0.0, 0.15498635780642944], "k_pid_att": [28.1503616308081, 2.0265741343182815, 0.19805310147668675], "k_pid_yaw": [0.5, 1e-06, 0.1], "k_pid_hsp": [0.09027203409811861, 0.0, 0.0], "k_pid_vsp": [128.2427835681749, 116.94912503095756, 1.096361586023063]}, "datetime": {"datetime": "2025-08-12 00:40:30", "elapsed": 29709.50395321846, "delta": 18.268033504486084}, "costs": {"total_cost": 182.11184613216227, "time_cost": 72.97500000000001, "final_distance_cost": 1.8329854511894552, "oscillation_cost": 19.15779205443724, "completition_cost": 0.0, "overshoot_cost": 51.871164764156504, "power_cost": 14.215171411132813, "noise_cost": 22.05973245124624, "n_waypoints_completed": 9, "tot_waypoints": 9}}
{"target": -181.94613046284974, "params": {"k_pid_pos": [0.5239544494672511, 0.0, 0.0], "k_pid_alt": [1.607194850976293, 0.0, 0.15235290610986577], "k_pid_att": [24.47789110176839, 2.0810404739995816, 0.2383842771122352], "k_pid_yaw": [0.5, 1e-06, 0.1], "k_pid_hsp": [0.09258323558110895, 0.0, 0.0], "k_pid_vsp": [129.13364343651733, 131.89765028055606, 1.2953387977449111]}, "datetime": {"datetime": "2025-08-12 00:40:48", "elapsed": 29727.37739801407, "delta": 17.87344479560852}, "costs": {"total_cost": 181.94613046284974, "time_cost": 72.968, "final_distance_cost": 1.8196935138323935, "oscillation_cost": 19.267863835877687, "completition_cost": 0.0, "overshoot_cost": 51.788051681222186, "power_cost": 14.211828515625001, "noise_cost": 21.890692916292473, "n_waypoints_completed": 9, "tot_waypoints": 9}}
{"target": -182.19829635739785, "params": {"k_pid_pos": [0.5484932214907894, 0.0, 0.0], "k_pid_alt": [1.6032996664107015, 0.0, 0.12991213588292994], "k_pid_att": [24.776947667031518, 2.198650365908939, 0.2161448463810945], "k_pid_yaw": [0.5, 1e-06, 0.1], "k_pid_hsp": [0.09159123007133706, 0.0, 0.0], "k_pid_vsp": [133.0894643734849, 127.25712334340143, 1.3006341049125962]}, "datetime": {"datetime": "2025-08-12 00:41:06", "elapsed": 29746.03861260414, "delta": 18.661214590072632}, "costs": {"total_cost": 182.19829635739785, "time_cost": 72.611, "final_distance_cost": 1.822799138756313, "oscillation_cost": 19.948401530268278, "completition_cost": 0.0, "overshoot_cost": 51.925144469759516, "power_cost": 14.135995141601564, "noise_cost": 21.754956077012157, "n_waypoints_completed": 9, "tot_waypoints": 9}}
{"target": -182.47155662064472, "params": {"k_pid_pos": [0.5246720563430336, 0.0, 0.0], "k_pid_alt": [1.5533465255948549, 0.0, 0.15456943713087676], "k_pid_att": [25.683451860711635, 2.1403741263291978, 0.2693144304874599], "k_pid_yaw": [0.5, 1e-06, 0.1], "k_pid_hsp": [0.09556186657003594, 0.0, 0.0], "k_pid_vsp": [123.31622325075271, 100.82208528518368, 1.5603871431619407]}, "datetime": {"datetime": "2025-08-12 00:41:25", "elapsed": 29764.693375349045, "delta": 18.654762744903564}, "costs": {"total_cost": 182.47155662064472, "time_cost": 72.912, "final_distance_cost": 1.8354848513614481, "oscillation_cost": 19.807997085374016, "completition_cost": 0.0, "overshoot_cost": 51.825037863196556, "power_cost": 14.160949450683594, "noise_cost": 21.930087370029103, "n_waypoints_completed": 9, "tot_waypoints": 9}}
{"target": -182.00859615188585, "params": {"k_pid_pos": [0.5215768461986658, 0.0, 0.0], "k_pid_alt": [1.603270096372941, 0.0, 0.15213037664664894], "k_pid_att": [25.224954750599235, 2.4745217336520566, 0.23428819942563292], "k_pid_yaw": [0.5, 1e-06, 0.1], "k_pid_hsp": [0.09354026939707802, 0.0, 0.0], "k_pid_vsp": [123.84230599611911, 125.52086558863496, 1.4147288566882705]}, "datetime": {"datetime": "2025-08-12 00:41:43", "elapsed": 29782.69099187851, "delta": 17.99761652946472}, "costs": {"total_cost": 182.00859615188585, "time_cost": 72.961, "final_distance_cost": 1.824172394378544, "oscillation_cost": 19.306824697030905, "completition_cost": 0.0, "overshoot_cost": 51.799468594173916, "power_cost": 14.213043591308594, "noise_cost": 21.904086874993872, "n_waypoints_completed": 9, "tot_waypoints": 9}}
{"target": -182.60098033617209, "params": {"k_pid_pos": [0.5210012378237037, 0.0, 0.0], "k_pid_alt": [1.5733927746296064, 0.0, 0.14392626478507983], "k_pid_att": [23.9853525275413, 2.1498234348781615, 0.14435179803705983], "k_pid_yaw": [0.5, 1e-06, 0.1], "k_pid_hsp": [0.0860971442100389, 0.0, 0.0], "k_pid_vsp": [125.11024637675438, 157.6299916127523, 1.8982940697413715]}, "datetime": {"datetime": "2025-08-12 00:42:02", "elapsed": 29801.578408956528, "delta": 18.88741707801819}, "costs": {"total_cost": 182.60098033617209, "time_cost": 73.283, "final_distance_cost": 1.8267040613808534, "oscillation_cost": 18.83243742110953, "completition_cost": 0.0, "overshoot_cost": 52.36886680881409, "power_cost": 14.283001403808594, "noise_cost": 22.006970641059045, "n_waypoints_completed": 9, "tot_waypoints": 9}}
{"target": -182.7214755752257, "params": {"k_pid_pos": [0.6413979065773981, 0.0, 0.0], "k_pid_alt": [1.703727973834863, 0.0, 0.12032654087409565], "k_pid_att": [19.612635807545512, 2.091317160609474, 0.4514004837132446], "k_pid_yaw": [0.5, 1e-06, 0.1], "k_pid_hsp": [0.10899217482384689, 0.0, 0.0], "k_pid_vsp": [113.98812918186995, 93.28645491582408, 0.9295421688964369]}, "datetime": {"datetime": "2025-08-12 00:42:19", "elapsed": 29819.001648426056, "delta": 17.4232394695282}, "costs": {"total_cost": 182.7214755752257, "time_cost": 71.176, "final_distance_cost": 1.8301529092655728, "oscillation_cost": 22.771495613414015, "completition_cost": 0.0, "overshoot_cost": 51.52423503370821, "power_cost": 14.121392651367188, "noise_cost": 21.29819936747072, "n_waypoints_completed": 9, "tot_waypoints": 9}}
{"target": -182.4261283121025, "params": {"k_pid_pos": [0.5257809893354246, 0.0, 0.0], "k_pid_alt": [1.5985515804497548, 0.0, 0.1426292986591578], "k_pid_att": [24.730597847125516, 2.2303628968434275, 0.19466714170424257], "k_pid_yaw": [0.5, 1e-06, 0.1], "k_pid_hsp": [0.08823506931977623, 0.0, 0.0], "k_pid_vsp": [136.0423972707871, 118.93106708805041, 3.0672248090770537]}, "datetime": {"datetime": "2025-08-12 00:42:38", "elapsed": 29838.33690738678, "delta": 19.335258960723877}, "costs": {"total_cost": 182.4261283121025, "time_cost": 73.09400000000001, "final_distance_cost": 1.8163829545549899, "oscillation_cost": 19.254385855376427, "completition_cost": 0.0, "overshoot_cost": 52.13577142905955, "power_cost": 14.157546020507812, "noise_cost": 21.968042052603696, "n_waypoints_completed": 9, "tot_waypoints": 9}}
{"target": -187.95602589064703, "params": {"k_pid_pos": [0.5234811884330803, 0.0, 0.0], "k_pid_alt": [1.6056915163585048, 0.0, 0.1664176448894292], "k_pid_att": [24.342292156888966, 1.8508904313442414, 0.10746855041971837], "k_pid_yaw": [0.5, 1e-06, 0.1], "k_pid_hsp": [0.06103574054783095, 0.0, 0.0], "k_pid_vsp": [136.421483727855, 122.79724525498706, 1.514044597803748]}, "datetime": {"datetime": "2025-08-12 00:42:58", "elapsed": 29858.00896716118, "delta": 19.672059774398804}, "costs": {"total_cost": 187.95602589064703, "time_cost": 77.168, "final_distance_cost": 1.8207884605597178, "oscillation_cost": 16.70815285665565, "completition_cost": 0.0, "overshoot_cost": 54.329783542663044, "power_cost": 14.693620751953127, "noise_cost": 23.235680278815508, "n_waypoints_completed": 9, "tot_waypoints": 9}}
{"target": -182.052340006323, "params": {"k_pid_pos": [0.5266888801154136, 0.0, 0.0], "k_pid_alt": [1.5117959784503217, 0.0, 0.14656916407481077], "k_pid_att": [24.86294489986586, 2.1696892161514776, 0.2049637532542346], "k_pid_yaw": [0.5, 1e-06, 0.1], "k_pid_hsp": [0.09154989022178596, 0.0, 0.0], "k_pid_vsp": [140.15441902694343, 119.25336086647205, 1.2566315906986907]}, "datetime": {"datetime": "2025-08-12 00:43:17", "elapsed": 29876.769024848938, "delta": 18.7600576877594}, "costs": {"total_cost": 182.052340006323, "time_cost": 73.038, "final_distance_cost": 1.8285093990549686, "oscillation_cost": 19.250860594109255, "completition_cost": 0.0, "overshoot_cost": 51.71191050672808, "power_cost": 14.203659020996094, "noise_cost": 22.019400485434605, "n_waypoints_completed": 9, "tot_waypoints": 9}}
