{"target": -186.38639025850134, "params": {"k_pid_pos": [0.9250168898201907, 0.042424685738560425, 0.025046891898874588], "k_pid_alt": [1.6585528872600463, 0.0, 0.0948719452953288], "k_pid_att": [31.417805164694, 2.3764338906410107, 0.17334694627286606], "k_pid_yaw": [0.5, 1e-06, 0.1], "k_pid_hsp": [0.2783005533201917, 0.0, 0.0], "k_pid_vsp": [165.94554960097884, 54.499480140650114, 1e-06]}, "datetime": {"datetime": "2025-08-11 19:41:23", "elapsed": 11762.478008508682, "delta": 17.284552574157715}, "costs": {"total_cost": 186.38639025850134, "time_cost": 69.937, "final_distance_cost": 1.8334892614676779, "oscillation_cost": 28.27372452572006, "completition_cost": 0.0, "overshoot_cost": 50.880838173560555, "power_cost": 14.383604711914064, "noise_cost": 21.077733585838995, "n_waypoints_completed": 9, "tot_waypoints": 9}}
{"target": -188.0658977406751, "params": {"k_pid_pos": [1.361020666761776, 0.0027221310856319287, 0.13135770891436516], "k_pid_alt": [1.2329802934389449, 0.0, 0.11796140365065118], "k_pid_att": [25.938992923245614, 2.6549758045604626, 0.08572433870897], "k_pid_yaw": [0.5, 1e-06, 0.1], "k_pid_hsp": [0.1775776131052121, 0.0, 0.0], "k_pid_vsp": [171.50665584238152, 91.93801497134893, 0.5401511692203443]}, "datetime": {"datetime": "2025-08-11 19:41:40", "elapsed": 11779.589092493057, "delta": 17.111083984375}, "costs": {"total_cost": 188.0658977406751, "time_cost": 69.566, "final_distance_cost": 1.8120683399080875, "oscillation_cost": 30.715764827211213, "completition_cost": 0.0, "overshoot_cost": 50.7399020453638, "power_cost": 14.514147924804687, "noise_cost": 20.71801460338729, "n_waypoints_completed": 9, "tot_waypoints": 9}}
{"target": -184.265637862091, "params": {"k_pid_pos": [0.8016161333419787, 0.0, 0.0], "k_pid_alt": [1.4424951750576016, 0.0, 0.15221696488116948], "k_pid_att": [18.344706833073285, 2.4037938456920314, 0.2403371298583584], "k_pid_yaw": [0.5, 1e-06, 0.1], "k_pid_hsp": [0.2126950540316543, 0.0, 0.0], "k_pid_vsp": [130.44212596416, 56.8800102930774, 1e-06]}, "datetime": {"datetime": "2025-08-11 19:41:57", "elapsed": 11797.00867486, "delta": 17.41958236694336}, "costs": {"total_cost": 184.265637862091, "time_cost": 70.112, "final_distance_cost": 1.8446799605146638, "oscillation_cost": 26.497099216373964, "completition_cost": 0.0, "overshoot_cost": 50.46126212507121, "power_cost": 14.260243908691407, "noise_cost": 21.090352651439773, "n_waypoints_completed": 9, "tot_waypoints": 9}}
{"target": -187.28907258037495, "params": {"k_pid_pos": [0.9354019210370565, 0.0, 0.11797931625800342], "k_pid_alt": [1.597294670290426, 0.0, 0.11506015811440806], "k_pid_att": [29.329276435274775, 2.32552672014512, 0.571037414905303], "k_pid_yaw": [0.5, 1e-06, 0.1], "k_pid_hsp": [0.1465952913911224, 0.0, 0.0], "k_pid_vsp": [184.68057655898906, 1e-06, 1e-06]}, "datetime": {"datetime": "2025-08-11 19:42:15", "elapsed": 11814.657859563828, "delta": 17.649184703826904}, "costs": {"total_cost": 187.28907258037495, "time_cost": 71.589, "final_distance_cost": 1.8251085614055267, "oscillation_cost": 25.95374351777777, "completition_cost": 0.0, "overshoot_cost": 51.71718790272428, "power_cost": 14.495664379882813, "noise_cost": 21.708368218584543, "n_waypoints_completed": 9, "tot_waypoints": 9}}
{"target": -190.8838816506444, "params": {"k_pid_pos": [0.7126591320219785, 0.0, 0.03472549680685899], "k_pid_alt": [1.4717848520530439, 0.0, 0.3280977294420738], "k_pid_att": [18.11397753840354, 3.452096250405445, 0.2553687814939689], "k_pid_yaw": [0.5, 1e-06, 0.1], "k_pid_hsp": [0.3975230981631612, 0.0, 0.0], "k_pid_vsp": [178.37023151317123, 52.67160749605914, 1e-06]}, "datetime": {"datetime": "2025-08-11 19:42:33", "elapsed": 11832.682955265045, "delta": 18.02509570121765}, "costs": {"total_cost": 190.8838816506444, "time_cost": 73.444, "final_distance_cost": 1.8491862486349404, "oscillation_cost": 27.61624390362051, "completition_cost": 0.0, "overshoot_cost": 50.51720509568066, "power_cost": 14.888698266601564, "noise_cost": 22.568548136106752, "n_waypoints_completed": 9, "tot_waypoints": 9}}
{"target": -184.32945858912333, "params": {"k_pid_pos": [0.6580698095714834, 0.0, 0.0019056043576808623], "k_pid_alt": [1.481457641021659, 0.0, 0.1408123188890702], "k_pid_att": [28.85214306201682, 2.349133277633995, 0.1745066124481138], "k_pid_yaw": [0.5, 1e-06, 0.1], "k_pid_hsp": [0.14678713370288918, 0.0, 0.0], "k_pid_vsp": [117.76207517730438, 54.252450578095065, 0.05765402225979935]}, "datetime": {"datetime": "2025-08-11 19:42:51", "elapsed": 11851.047995090485, "delta": 18.365039825439453}, "costs": {"total_cost": 184.32945858912333, "time_cost": 71.288, "final_distance_cost": 1.830929711701531, "oscillation_cost": 24.464429262401865, "completition_cost": 0.0, "overshoot_cost": 50.95916726054668, "power_cost": 14.251616870117187, "noise_cost": 21.535315484356094, "n_waypoints_completed": 9, "tot_waypoints": 9}}
{"target": -189.7200518361966, "params": {"k_pid_pos": [0.6477681778988004, 0.0, 0.0], "k_pid_alt": [1.810625044341685, 0.0, 0.1870333508595972], "k_pid_att": [27.765113500421094, 2.104654344011342, 0.12439056042767878], "k_pid_yaw": [0.5, 1e-06, 0.1], "k_pid_hsp": [0.30451699572856683, 0.0, 0.0], "k_pid_vsp": [115.81608397897284, 42.1216774813517, 1e-06]}, "datetime": {"datetime": "2025-08-11 19:43:10", "elapsed": 11869.556194543839, "delta": 18.508199453353882}, "costs": {"total_cost": 189.7200518361966, "time_cost": 73.276, "final_distance_cost": 1.8555025374807381, "oscillation_cost": 26.373321732059086, "completition_cost": 0.0, "overshoot_cost": 50.96172205910525, "power_cost": 14.694148095703126, "noise_cost": 22.55935741184844, "n_waypoints_completed": 9, "tot_waypoints": 9}}
{"target": -424.05886968208335, "params": {"k_pid_pos": [0.8610174600559933, 0.0, 0.13708040652837344], "k_pid_alt": [1.5180455723140651, 0.0, 0.19292525088630913], "k_pid_att": [29.727567317426207, 2.856763218912546, 0.23108684476777466], "k_pid_yaw": [0.5, 1e-06, 0.1], "k_pid_hsp": [0.02284980586080724, 0.0, 0.0], "k_pid_vsp": [227.52397659977044, 49.457108057105856, 1e-06]}, "datetime": {"datetime": "2025-08-11 19:43:40", "elapsed": 11900.358617305756, "delta": 30.802422761917114}, "costs": {"total_cost": 424.05886968208335, "time_cost": 150, "final_distance_cost": 27.651177810935664, "oscillation_cost": 11.148195711796847, "completition_cost": 111.11111111111116, "overshoot_cost": 68.46790147366376, "power_cost": 21.822180444335938, "noise_cost": 33.85830313024003, "n_waypoints_completed": 8, "tot_waypoints": 9}}
{"target": -189.08044596227538, "params": {"k_pid_pos": [1.1930627788630899, 0.0, 0.0], "k_pid_alt": [1.4523760663514222, 0.0, 0.34993939626605575], "k_pid_att": [34.07830384229645, 2.8262367255318996, 0.315907921904317], "k_pid_yaw": [0.5, 1e-06, 0.1], "k_pid_hsp": [0.4148644464584317, 0.0, 0.0], "k_pid_vsp": [332.43150600558073, 55.39963987770726, 1e-06]}, "datetime": {"datetime": "2025-08-11 19:43:58", "elapsed": 11917.557192087173, "delta": 17.198574781417847}, "costs": {"total_cost": 189.08044596227538, "time_cost": 69.95100000000001, "final_distance_cost": 1.827172906064415, "oscillation_cost": 30.700615479754124, "completition_cost": 0.0, "overshoot_cost": 51.091904183594245, "power_cost": 14.669434497070313, "noise_cost": 20.84031889579229, "n_waypoints_completed": 9, "tot_waypoints": 9}}
{"target": -186.86756710733349, "params": {"k_pid_pos": [0.6706968096806597, 0.0, 0.1847110991575411], "k_pid_alt": [1.678804973109846, 0.0, 0.10659931852781794], "k_pid_att": [38.10312874568475, 2.94231013454822, 0.14324861095790697], "k_pid_yaw": [0.5, 1e-06, 0.1], "k_pid_hsp": [0.12662894787689277, 0.0, 0.0], "k_pid_vsp": [153.7750570104157, 45.87034211826285, 1e-06]}, "datetime": {"datetime": "2025-08-11 19:44:16", "elapsed": 11936.124865531921, "delta": 18.567673444747925}, "costs": {"total_cost": 186.86756710733349, "time_cost": 72.982, "final_distance_cost": 1.838816694730925, "oscillation_cost": 23.507847234972253, "completition_cost": 0.0, "overshoot_cost": 51.72666761724528, "power_cost": 14.412329980468751, "noise_cost": 22.399905579916283, "n_waypoints_completed": 9, "tot_waypoints": 9}}
{"target": -184.01744737402424, "params": {"k_pid_pos": [0.8357761886538594, 0.0, 0.0], "k_pid_alt": [1.6073831108970535, 0.0, 0.08071682521177125], "k_pid_att": [25.63363219929697, 2.0928657443925403, 0.1870256390667898], "k_pid_yaw": [0.5, 1e-06, 0.1], "k_pid_hsp": [0.2073390533734825, 0.0, 0.0], "k_pid_vsp": [137.79140224197417, 77.88502554282722, 1e-06]}, "datetime": {"datetime": "2025-08-11 19:44:34", "elapsed": 11953.652489185333, "delta": 17.527623653411865}, "costs": {"total_cost": 184.01744737402424, "time_cost": 69.93, "final_distance_cost": 1.8294380869990292, "oscillation_cost": 26.39687462235729, "completition_cost": 0.0, "overshoot_cost": 50.510184196699214, "power_cost": 14.32527039794922, "noise_cost": 21.025680070019458, "n_waypoints_completed": 9, "tot_waypoints": 9}}
{"target": -1215.9239653055336, "params": {"k_pid_pos": [0.49227352580292966, 0.05091903524376312, 0.0], "k_pid_alt": [1.3768203353220287, 0.0, 0.08403464444721798], "k_pid_att": [34.804231546481404, 2.713668341685487, 0.21456967083239273], "k_pid_yaw": [0.5, 1e-06, 0.1], "k_pid_hsp": [0.0001, 0.0, 0.0], "k_pid_vsp": [214.96794947857006, 74.0839288865011, 1e-06]}, "datetime": {"datetime": "2025-08-11 19:45:04", "elapsed": 11983.76147699356, "delta": 30.10898780822754}, "costs": {"total_cost": 1215.9239653055336, "time_cost": 150, "final_distance_cost": 45.670578240009434, "oscillation_cost": 0.004114600750573783, "completition_cost": 888.8888888888888, "overshoot_cost": 77.2460800149423, "power_cost": 21.014969738769533, "noise_cost": 33.099333822173115, "n_waypoints_completed": 1, "tot_waypoints": 9}}
{"target": -1234.6281879793235, "params": {"k_pid_pos": [0.8052289355238107, 0.0034569150891283484, 0.09251126191486764], "k_pid_alt": [1.6242127074592456, 0.0, 0.21885609776656162], "k_pid_att": [34.59808470098646, 2.6330524895063947, 0.23442940940394574], "k_pid_yaw": [0.5, 1e-06, 0.1], "k_pid_hsp": [0.0001, 0.0, 0.0], "k_pid_vsp": [157.51944240200208, 86.09445270984135, 1e-06]}, "datetime": {"datetime": "2025-08-11 19:45:34", "elapsed": 12013.501135110855, "delta": 29.73965811729431}, "costs": {"total_cost": 1234.6281879793235, "time_cost": 150, "final_distance_cost": 46.76116451745598, "oscillation_cost": 0.005195743629030409, "completition_cost": 888.8888888888888, "overshoot_cost": 94.87027056601703, "power_cost": 21.010159301757813, "noise_cost": 33.09250896157483, "n_waypoints_completed": 1, "tot_waypoints": 9}}
{"target": -291.02257061229204, "params": {"k_pid_pos": [0.6953189295295655, 0.0, 0.002848962937391411], "k_pid_alt": [1.6111086145892926, 0.0, 0.1650048056014563], "k_pid_att": [13.046928411792381, 2.5899324718849006, 0.07985375089903314], "k_pid_yaw": [0.5, 1e-06, 0.1], "k_pid_hsp": [0.0901934435342642, 0.039106684733345255, 0.06123353294752959], "k_pid_vsp": [184.86810638531864, 54.733694412818416, 1e-06]}, "datetime": {"datetime": "2025-08-11 19:45:53", "elapsed": 12033.311948776245, "delta": 19.810813665390015}, "costs": {"total_cost": 291.02257061229204, "time_cost": 81.58500000000001, "final_distance_cost": 1.7758576611692833, "oscillation_cost": 113.67275460281496, "completition_cost": 0.0, "overshoot_cost": 52.5517493954978, "power_cost": 18.148463195800783, "noise_cost": 23.28874575700923, "n_waypoints_completed": 9, "tot_waypoints": 9}}
{"target": -184.72043848344046, "params": {"k_pid_pos": [0.8826414675084161, 0.004433884568769628, 0.0], "k_pid_alt": [1.6626492215426947, 0.0, 0.10856748344255689], "k_pid_att": [26.155338798614466, 2.643043384493389, 0.1316696574169693], "k_pid_yaw": [0.5, 1e-06, 0.1], "k_pid_hsp": [0.20678398195932432, 0.0, 0.0], "k_pid_vsp": [102.63881148354696, 52.331021471204615, 1e-06]}, "datetime": {"datetime": "2025-08-11 19:46:11", "elapsed": 12050.829874038696, "delta": 17.517925262451172}, "costs": {"total_cost": 184.72043848344046, "time_cost": 69.846, "final_distance_cost": 1.8315239753233077, "oscillation_cost": 26.911432811784316, "completition_cost": 0.0, "overshoot_cost": 50.698207831981854, "power_cost": 14.357911547851563, "noise_cost": 21.075362316499415, "n_waypoints_completed": 9, "tot_waypoints": 9}}
{"target": -186.16731010258272, "params": {"k_pid_pos": [0.945069235121302, 0.0, 0.06493785477634662], "k_pid_alt": [1.3710748400178792, 0.0, 0.32814247216486725], "k_pid_att": [13.840642727159192, 2.8292421187058996, 0.20311658500597032], "k_pid_yaw": [0.5, 1e-06, 0.1], "k_pid_hsp": [0.08585418762355107, 0.0, 0.0], "k_pid_vsp": [175.16415061375625, 66.88877873097907, 1e-06]}, "datetime": {"datetime": "2025-08-11 19:46:29", "elapsed": 12068.496922969818, "delta": 17.667048931121826}, "costs": {"total_cost": 186.16731010258272, "time_cost": 71.687, "final_distance_cost": 1.8114224942688342, "oscillation_cost": 25.266409865624766, "completition_cost": 0.0, "overshoot_cost": 51.93741773766764, "power_cost": 14.246123168945314, "noise_cost": 21.218936836076193, "n_waypoints_completed": 9, "tot_waypoints": 9}}
{"target": -190.21549669256655, "params": {"k_pid_pos": [0.9940344664963389, 0.002571451342006729, 0.2266006434553468], "k_pid_alt": [1.3216393514067026, 0.0, 0.2721692748929657], "k_pid_att": [28.584227613008284, 3.2865378827075027, 0.2276851570722489], "k_pid_yaw": [0.5, 1e-06, 0.1], "k_pid_hsp": [0.767020699767073, 0.00018503174964336062, 0.0], "k_pid_vsp": [154.10349272675867, 49.19803940332248, 1e-06]}, "datetime": {"datetime": "2025-08-11 19:46:46", "elapsed": 12086.2736992836, "delta": 17.77677631378174}, "costs": {"total_cost": 190.21549669256655, "time_cost": 71.792, "final_distance_cost": 1.8529210063222006, "oscillation_cost": 29.217753265959413, "completition_cost": 0.0, "overshoot_cost": 50.50594623842292, "power_cost": 14.797483435058595, "noise_cost": 22.04939274680338, "n_waypoints_completed": 9, "tot_waypoints": 9}}
{"target": -185.59387646229644, "params": {"k_pid_pos": [0.8950774089999713, 0.03265109769882982, 0.06417424745907552], "k_pid_alt": [1.6117747112850465, 0.0, 0.08587882285245504], "k_pid_att": [13.400420031941927, 2.7948491778401516, 0.1417239436882292], "k_pid_yaw": [0.5, 1e-06, 0.1], "k_pid_hsp": [0.22472988176053266, 0.0, 0.0], "k_pid_vsp": [172.3981361989745, 54.56326332178791, 1e-06]}, "datetime": {"datetime": "2025-08-11 19:47:04", "elapsed": 12103.849234342575, "delta": 17.57553505897522}, "costs": {"total_cost": 185.59387646229644, "time_cost": 70.014, "final_distance_cost": 1.8200220139248051, "oscillation_cost": 27.2248666969164, "completition_cost": 0.0, "overshoot_cost": 50.91494847763466, "power_cost": 14.396045922851563, "noise_cost": 21.22399335096905, "n_waypoints_completed": 9, "tot_waypoints": 9}}
{"target": -186.6484846657047, "params": {"k_pid_pos": [0.8650186454430657, 0.0007946574589965723, 0.0], "k_pid_alt": [1.4997372671568097, 0.0, 0.07168688912376761], "k_pid_att": [25.048942895015415, 2.2303336577142594, 0.18723039275205983], "k_pid_yaw": [0.5, 1e-06, 0.1], "k_pid_hsp": [0.305409199149287, 0.0, 0.0], "k_pid_vsp": [163.38886717458604, 52.616119995502125, 1e-06]}, "datetime": {"datetime": "2025-08-11 19:47:21", "elapsed": 12121.210334062576, "delta": 17.36109972000122}, "costs": {"total_cost": 186.6484846657047, "time_cost": 70.217, "final_distance_cost": 1.8496877307751252, "oscillation_cost": 27.860180414248642, "completition_cost": 0.0, "overshoot_cost": 50.859177152500195, "power_cost": 14.512985449218752, "noise_cost": 21.349453918961988, "n_waypoints_completed": 9, "tot_waypoints": 9}}
{"target": -883.4189462694383, "params": {"k_pid_pos": [0.823038057323046, 0.04604826200113371, 0.2597082955645135], "k_pid_alt": [1.413260248001045, 0.0026367374847700445, 0.26528342347438943], "k_pid_att": [29.789068760985312, 2.5158776816583868, 0.26737092442823673], "k_pid_yaw": [0.5, 1e-06, 0.1], "k_pid_hsp": [0.008775439431133514, 0.002551402356296732, 0.0], "k_pid_vsp": [193.4345324248024, 65.13676810569335, 0.10445086650707824]}, "datetime": {"datetime": "2025-08-11 19:47:51", "elapsed": 12151.143440246582, "delta": 29.933106184005737}, "costs": {"total_cost": 883.4189462694383, "time_cost": 150, "final_distance_cost": 44.291606140944985, "oscillation_cost": 3.64069195717931, "completition_cost": 555.5555555555555, "overshoot_cost": 76.03962357322456, "power_cost": 21.263229931640627, "noise_cost": 32.62823911089326, "n_waypoints_completed": 4, "tot_waypoints": 9}}
{"target": -191.86672242609285, "params": {"k_pid_pos": [0.7751697415953795, 0.12262409684005374, 0.14290409146045413], "k_pid_alt": [1.42091310007243, 0.0, 0.12277123409892964], "k_pid_att": [28.642768915415655, 4.736750536668713, 0.11502931601158356], "k_pid_yaw": [0.5, 1e-06, 0.1], "k_pid_hsp": [0.53910349642664, 0.005348758446945663, 0.0], "k_pid_vsp": [225.51213654020927, 79.01011671016099, 1e-06]}, "datetime": {"datetime": "2025-08-11 19:48:10", "elapsed": 12169.493639945984, "delta": 18.350199699401855}, "costs": {"total_cost": 191.86672242609285, "time_cost": 73.234, "final_distance_cost": 1.8352835289646832, "oscillation_cost": 28.21557330571255, "completition_cost": 0.0, "overshoot_cost": 51.10654102647185, "power_cost": 14.989571423339845, "noise_cost": 22.48575314160394, "n_waypoints_completed": 9, "tot_waypoints": 9}}
{"target": -200.7222349967148, "params": {"k_pid_pos": [0.7827995993027198, 0.0, 0.10042317778509961], "k_pid_alt": [1.4323615552267113, 0.0, 0.1593468276531519], "k_pid_att": [23.141590989357848, 2.606803708559349, 0.2070732384221907], "k_pid_yaw": [0.5, 1e-06, 0.1], "k_pid_hsp": [0.04362622440290533, 0.0, 0.0], "k_pid_vsp": [176.5064347573648, 64.55801661296974, 1e-06]}, "datetime": {"datetime": "2025-08-11 19:48:31", "elapsed": 12190.633862495422, "delta": 21.140222549438477}, "costs": {"total_cost": 200.7222349967148, "time_cost": 83.47500000000001, "final_distance_cost": 1.7935553534908306, "oscillation_cost": 17.053188199760466, "completition_cost": 0.0, "overshoot_cost": 57.15259304299025, "power_cost": 15.768522534179688, "noise_cost": 25.479375866293566, "n_waypoints_completed": 9, "tot_waypoints": 9}}
{"target": -184.46803818979214, "params": {"k_pid_pos": [0.8958978620795306, 0.0, 0.07156154161422112], "k_pid_alt": [1.481961359541587, 0.0, 0.11899013521437836], "k_pid_att": [17.692998924457978, 2.22778376038447, 0.17390602785054735], "k_pid_yaw": [0.5, 1e-06, 0.1], "k_pid_hsp": [0.12878344684679055, 0.0, 0.0], "k_pid_vsp": [140.15669972858404, 52.22711124530381, 1e-06]}, "datetime": {"datetime": "2025-08-11 19:48:48", "elapsed": 12208.32880115509, "delta": 17.69493865966797}, "costs": {"total_cost": 184.46803818979214, "time_cost": 70.112, "final_distance_cost": 1.8061870248869194, "oscillation_cost": 26.022775587061368, "completition_cost": 0.0, "overshoot_cost": 51.40115469747733, "power_cost": 14.175173828125, "noise_cost": 20.95074705224151, "n_waypoints_completed": 9, "tot_waypoints": 9}}
{"target": -183.41413011193748, "params": {"k_pid_pos": [0.7687554804418205, 0.0, 0.07653642074506813], "k_pid_alt": [1.6457005377179086, 0.0, 0.18032020741335697], "k_pid_att": [27.50735945663212, 2.275276552426854, 0.1293836373480197], "k_pid_yaw": [0.5, 1e-06, 0.1], "k_pid_hsp": [0.12637257882788733, 0.0, 0.0], "k_pid_vsp": [160.41006914656347, 55.2630598018753, 0.030831780591897534]}, "datetime": {"datetime": "2025-08-11 19:49:06", "elapsed": 12225.818176984787, "delta": 17.489375829696655}, "costs": {"total_cost": 183.41413011193748, "time_cost": 70.77, "final_distance_cost": 1.8230839717861949, "oscillation_cost": 24.131221288505316, "completition_cost": 0.0, "overshoot_cost": 51.14617304377, "power_cost": 14.189458325195313, "noise_cost": 21.35419348268066, "n_waypoints_completed": 9, "tot_waypoints": 9}}
{"target": -184.40351188681996, "params": {"k_pid_pos": [0.7131756667892752, 0.0, 0.0], "k_pid_alt": [1.4774824857924451, 0.0, 0.19969592780589218], "k_pid_att": [29.71422187615886, 2.196659802638326, 0.2323991788146019], "k_pid_yaw": [0.5, 1e-06, 0.1], "k_pid_hsp": [0.08484918486332695, 0.0, 0.0], "k_pid_vsp": [106.19795741492473, 39.94128873832584, 0.06319126704848116]}, "datetime": {"datetime": "2025-08-11 19:49:24", "elapsed": 12244.10149550438, "delta": 18.283318519592285}, "costs": {"total_cost": 184.40351188681996, "time_cost": 72.128, "final_distance_cost": 1.7985455861529323, "oscillation_cost": 21.945417305303398, "completition_cost": 0.0, "overshoot_cost": 52.633540095606676, "power_cost": 14.206464379882814, "noise_cost": 21.691544519874146, "n_waypoints_completed": 9, "tot_waypoints": 9}}
{"target": -185.3413607192023, "params": {"k_pid_pos": [0.8711343980090902, 0.0, 0.0], "k_pid_alt": [1.4279688560542587, 0.0, 0.1827374960165293], "k_pid_att": [24.802693913284337, 2.098974900402141, 0.18234433962359792], "k_pid_yaw": [0.5, 1e-06, 0.1], "k_pid_hsp": [0.23279936110922492, 0.0, 0.0], "k_pid_vsp": [134.26106742500218, 55.582606215140814, 0.03219006681516401]}, "datetime": {"datetime": "2025-08-11 19:49:42", "elapsed": 12261.575950860977, "delta": 17.4744553565979}, "costs": {"total_cost": 185.3413607192023, "time_cost": 69.909, "final_distance_cost": 1.8412019650255007, "oscillation_cost": 27.399768773258096, "completition_cost": 0.0, "overshoot_cost": 50.83404440602342, "power_cost": 14.326680419921876, "noise_cost": 21.030665154973406, "n_waypoints_completed": 9, "tot_waypoints": 9}}
