{"target": -188.8451567260638, "params": {"k_pid_pos": [1.0513403007018627, 0.14176020934839353, 0.26439605649922704], "k_pid_alt": [1.5405412574857857, 7.698586277246275e-05, 0.14253759202927627], "k_pid_att": [23.444786025741276, 3.476523359078932, 0.2621676138589889], "k_pid_yaw": [0.5, 1e-06, 0.1], "k_pid_hsp": [0.5975852731322868, 0.007529262302008439, 0.0], "k_pid_vsp": [235.27190539908528, 70.2431241016607, 1e-06]}, "datetime": {"datetime": "2025-08-11 18:55:07", "elapsed": 8986.665352582932, "delta": 17.493783712387085}, "costs": {"total_cost": 188.8451567260638, "time_cost": 70.82600000000001, "final_distance_cost": 1.8389160956518154, "oscillation_cost": 28.962051080097304, "completition_cost": 0.0, "overshoot_cost": 51.00456034132032, "power_cost": 14.702638806152345, "noise_cost": 21.510990402842033, "n_waypoints_completed": 9, "tot_waypoints": 9}}
{"target": -1241.3521045177943, "params": {"k_pid_pos": [0.9670026018923462, 0.0, 0.4038149015638004], "k_pid_alt": [1.462578718175263, 0.0, 0.2895156338632683], "k_pid_att": [21.743894863253736, 3.327338034200827, 0.18310868457377003], "k_pid_yaw": [0.5, 1e-06, 0.1], "k_pid_hsp": [0.0001, 0.0, 0.0], "k_pid_vsp": [229.03568409122926, 80.65036926351893, 1e-06]}, "datetime": {"datetime": "2025-08-11 18:55:36", "elapsed": 9016.06772017479, "delta": 29.40236759185791}, "costs": {"total_cost": 1241.3521045177943, "time_cost": 150, "final_distance_cost": 47.505414180013084, "oscillation_cost": 0.005005646632505069, "completition_cost": 888.8888888888888, "overshoot_cost": 100.8593082924338, "power_cost": 21.000272985839846, "noise_cost": 33.09321452398633, "n_waypoints_completed": 1, "tot_waypoints": 9}}
{"target": -185.66474408150665, "params": {"k_pid_pos": [1.0185488125261148, 0.009896448118176776, 0.3276335860154216], "k_pid_alt": [1.4516263659201578, 0.0, 0.29079803932887077], "k_pid_att": [18.502755191034222, 1.5075082051502606, 0.2102674317916219], "k_pid_yaw": [0.5, 1e-06, 0.1], "k_pid_hsp": [0.15142565143766926, 0.0, 0.0], "k_pid_vsp": [180.26162829747892, 68.74755214052132, 3.634569227063449]}, "datetime": {"datetime": "2025-08-11 18:55:53", "elapsed": 9033.235876083374, "delta": 17.168155908584595}, "costs": {"total_cost": 185.66474408150665, "time_cost": 70.77, "final_distance_cost": 1.8421947531356477, "oscillation_cost": 26.223033042285774, "completition_cost": 0.0, "overshoot_cost": 51.17439729650225, "power_cost": 14.31954686279297, "noise_cost": 21.335572126789998, "n_waypoints_completed": 9, "tot_waypoints": 9}}
{"target": -186.25970350141844, "params": {"k_pid_pos": [0.8212799416127241, 0.047938966791765306, 0.11757750112631346], "k_pid_alt": [1.5057884411846083, 0.0, 0.3996840577531976], "k_pid_att": [19.089363883838466, 3.3362213829975693, 0.16568277755293692], "k_pid_yaw": [0.5, 1e-06, 0.1], "k_pid_hsp": [0.22242520965021606, 0.0, 0.0], "k_pid_vsp": [165.03844893490037, 61.29405428904659, 1e-06]}, "datetime": {"datetime": "2025-08-11 18:56:11", "elapsed": 9051.300550460815, "delta": 18.064674377441406}, "costs": {"total_cost": 186.25970350141844, "time_cost": 71.183, "final_distance_cost": 1.8362702895423717, "oscillation_cost": 26.429366586188063, "completition_cost": 0.0, "overshoot_cost": 50.90835089665427, "power_cost": 14.452597924804689, "noise_cost": 21.450117804229052, "n_waypoints_completed": 9, "tot_waypoints": 9}}
{"target": -1259.2704244227818, "params": {"k_pid_pos": [1.151835711750029, 0.07390494638453944, 0.3672012188529462], "k_pid_alt": [1.5184301979415398, 0.0, 0.3104187533123134], "k_pid_att": [24.85189228166417, 1.1690776664470934, 0.15006836488094719], "k_pid_yaw": [0.5, 1e-06, 0.1], "k_pid_hsp": [0.0001, 0.006934250889216833, 0.0], "k_pid_vsp": [246.20021921148418, 38.997605616940575, 1e-06]}, "datetime": {"datetime": "2025-08-11 18:56:42", "elapsed": 9081.394526720047, "delta": 30.093976259231567}, "costs": {"total_cost": 1259.2704244227818, "time_cost": 150, "final_distance_cost": 63.136097155632406, "oscillation_cost": 1.5023653073445247, "completition_cost": 888.8888888888888, "overshoot_cost": 101.56065115376356, "power_cost": 21.06231697998047, "noise_cost": 33.120104937172094, "n_waypoints_completed": 1, "tot_waypoints": 9}}
{"target": -1245.147571226014, "params": {"k_pid_pos": [1.0357095589653793, 0.053001872188690125, 0.3509812909564764], "k_pid_alt": [1.3599041054361585, 0.0, 0.40893616953704154], "k_pid_att": [18.870764686117923, 4.1580785183678985, 0.16969432105003604], "k_pid_yaw": [0.5, 1e-06, 0.1], "k_pid_hsp": [0.0001, 0.0, 0.0], "k_pid_vsp": [199.20276739167406, 27.10638392296658, 1e-06]}, "datetime": {"datetime": "2025-08-11 18:57:11", "elapsed": 9111.11659860611, "delta": 29.722071886062622}, "costs": {"total_cost": 1245.147571226014, "time_cost": 150, "final_distance_cost": 48.14930360878101, "oscillation_cost": 0.005998853904407353, "completition_cost": 888.8888888888888, "overshoot_cost": 103.98863551186274, "power_cost": 21.001805895996096, "noise_cost": 33.1129384665809, "n_waypoints_completed": 1, "tot_waypoints": 9}}
{"target": -188.04130547328953, "params": {"k_pid_pos": [1.0206828547148343, 0.025037430255052867, 0.16698797861963077], "k_pid_alt": [1.5867795595030507, 0.0, 0.28182513646393964], "k_pid_att": [19.319581281894045, 3.3353654734408353, 0.1801409157027038], "k_pid_yaw": [0.5, 1e-06, 0.1], "k_pid_hsp": [0.7029168293447183, 0.0, 0.0], "k_pid_vsp": [226.87279194071346, 76.56123790295894, 1e-06]}, "datetime": {"datetime": "2025-08-11 18:57:28", "elapsed": 9128.296216011047, "delta": 17.179617404937744}, "costs": {"total_cost": 188.04130547328953, "time_cost": 70.315, "final_distance_cost": 1.8387999491999254, "oscillation_cost": 29.69286499261, "completition_cost": 0.0, "overshoot_cost": 50.143226303435725, "power_cost": 14.634927246093751, "noise_cost": 21.41648698195013, "n_waypoints_completed": 9, "tot_waypoints": 9}}
{"target": -189.95034710022563, "params": {"k_pid_pos": [1.5209425986480873, 0.0, 0.39506849448972436], "k_pid_alt": [1.652369385932523, 0.0, 0.32542470064171297], "k_pid_att": [28.567698638777838, 3.5220675813918594, 0.05889516067147291], "k_pid_yaw": [0.5, 1e-06, 0.1], "k_pid_hsp": [0.25358226069453693, 0.00011795581557034638, 0.0], "k_pid_vsp": [253.06613241518673, 81.70397717540774, 1e-06]}, "datetime": {"datetime": "2025-08-11 18:57:47", "elapsed": 9146.589054822922, "delta": 18.29283881187439}, "costs": {"total_cost": 189.95034710022563, "time_cost": 69.601, "final_distance_cost": 1.837553821042083, "oscillation_cost": 32.2529380560331, "completition_cost": 0.0, "overshoot_cost": 50.768705511793776, "power_cost": 14.61311248779297, "noise_cost": 20.877037223563725, "n_waypoints_completed": 9, "tot_waypoints": 9}}
{"target": -188.78457031305902, "params": {"k_pid_pos": [1.4944461965002054, 0.0, 0.45127365149852355], "k_pid_alt": [1.406330559972948, 0.0029194877176998437, 0.28467175646131493], "k_pid_att": [23.821848680983862, 3.2490732618739715, 0.15803209084383357], "k_pid_yaw": [0.5, 1e-06, 0.1], "k_pid_hsp": [0.06302055390827299, 0.0, 0.0], "k_pid_vsp": [224.2315439805481, 60.26184648806329, 5.029747372580528]}, "datetime": {"datetime": "2025-08-11 18:58:05", "elapsed": 9164.60380935669, "delta": 18.0147545337677}, "costs": {"total_cost": 188.78457031305902, "time_cost": 72.261, "final_distance_cost": 1.7836746923483842, "oscillation_cost": 25.829046654559797, "completition_cost": 0.0, "overshoot_cost": 53.071423267044814, "power_cost": 14.228162817382813, "noise_cost": 21.611262881723203, "n_waypoints_completed": 9, "tot_waypoints": 9}}
{"target": -200.30661470133714, "params": {"k_pid_pos": [1.23699215766271, 0.09218558256670198, 0.0], "k_pid_alt": [1.2441216633747088, 0.0, 0.42073241237859504], "k_pid_att": [70.4293763899354, 1.5819292896229273, 0.11041050516678402], "k_pid_yaw": [0.5, 1e-06, 0.1], "k_pid_hsp": [1.1936261716543188, 0.0, 0.0], "k_pid_vsp": [215.3105359488927, 21.924626203111806, 1e-06]}, "datetime": {"datetime": "2025-08-11 18:58:22", "elapsed": 9182.29364490509, "delta": 17.68983554840088}, "costs": {"total_cost": 200.30661470133714, "time_cost": 71.309, "final_distance_cost": 1.8122820291158241, "oscillation_cost": 39.54580351010505, "completition_cost": 0.0, "overshoot_cost": 51.34534024299659, "power_cost": 15.164264660644532, "noise_cost": 21.129924258475157, "n_waypoints_completed": 9, "tot_waypoints": 9}}
{"target": -190.12725262526686, "params": {"k_pid_pos": [1.3904669992755287, 0.03645858272088716, 0.34905415795201844], "k_pid_alt": [1.5363152311167625, 0.0, 0.1487516793851035], "k_pid_att": [6.371116765502722, 3.0212902219100215, 0.184695543391459], "k_pid_yaw": [0.5, 1e-06, 0.1], "k_pid_hsp": [0.7075532864804829, 0.0, 0.0], "k_pid_vsp": [217.268846784811, 56.96032914854932, 1e-06]}, "datetime": {"datetime": "2025-08-11 18:58:40", "elapsed": 9199.679792165756, "delta": 17.386147260665894}, "costs": {"total_cost": 190.12725262526686, "time_cost": 69.419, "final_distance_cost": 1.8391860012487713, "oscillation_cost": 32.852258239127295, "completition_cost": 0.0, "overshoot_cost": 50.28757478874647, "power_cost": 14.73000360107422, "noise_cost": 20.999229995070085, "n_waypoints_completed": 9, "tot_waypoints": 9}}
{"target": -675.0590217796343, "params": {"k_pid_pos": [0.8046606362186739, 0.0, 0.3217717239561332], "k_pid_alt": [1.3689703410568264, 0.0, 0.5035329607903923], "k_pid_att": [21.504769631551007, 3.1778243619416138, 0.18612231890073486], "k_pid_yaw": [0.5, 1e-06, 0.1], "k_pid_hsp": [0.01362103657620134, 0.0, 0.0], "k_pid_vsp": [238.35748056552603, 111.49959059800707, 0.011170496075762593]}, "datetime": {"datetime": "2025-08-11 18:59:10", "elapsed": 9229.590784072876, "delta": 29.91099190711975}, "costs": {"total_cost": 675.0590217796343, "time_cost": 150, "final_distance_cost": 69.06404036903278, "oscillation_cost": 5.603507795236842, "completition_cost": 333.33333333333337, "overshoot_cost": 62.75156255796303, "power_cost": 21.47907205810547, "noise_cost": 32.82750566596287, "n_waypoints_completed": 6, "tot_waypoints": 9}}
{"target": -184.7709975014553, "params": {"k_pid_pos": [1.0174674208994112, 0.0, 0.30744516706108843], "k_pid_alt": [1.5649148235767818, 0.0, 0.2723401404062789], "k_pid_att": [19.3301936772653, 2.9858638581007098, 0.18551277382635775], "k_pid_yaw": [0.5, 1e-06, 0.1], "k_pid_hsp": [0.09691478300282921, 0.0, 0.0], "k_pid_vsp": [197.3992497177299, 69.6437412051602, 0.31030702114023745]}, "datetime": {"datetime": "2025-08-11 18:59:27", "elapsed": 9247.331715583801, "delta": 17.740931510925293}, "costs": {"total_cost": 184.7709975014553, "time_cost": 70.938, "final_distance_cost": 1.8155694546214483, "oscillation_cost": 25.11314097444442, "completition_cost": 0.0, "overshoot_cost": 51.41213228638859, "power_cost": 14.191565600585939, "noise_cost": 21.300589185414896, "n_waypoints_completed": 9, "tot_waypoints": 9}}
{"target": -1201.179408321421, "params": {"k_pid_pos": [0.8453988793113403, 0.3198427977318388, 0.2610067990506059], "k_pid_alt": [1.6063294661811214, 0.0, 0.511967526816829], "k_pid_att": [18.560886814453248, 2.8443183229262483, 0.7229828527192452], "k_pid_yaw": [0.5, 1e-06, 0.1], "k_pid_hsp": [0.0001, 0.09323525098614725, 0.234347887906602], "k_pid_vsp": [201.91898506505913, 215.46762757960238, 105.25748048253917]}, "datetime": {"datetime": "2025-08-11 18:59:58", "elapsed": 9277.419754981995, "delta": 30.08803939819336}, "costs": {"total_cost": 1201.179408321421, "time_cost": 150, "final_distance_cost": 46.636438189446146, "oscillation_cost": 309.3023616878762, "completition_cost": 555.5555555555555, "overshoot_cost": 82.05936454186862, "power_cost": 30.368739843750003, "noise_cost": 27.256948502924363, "n_waypoints_completed": 4, "tot_waypoints": 9}}
{"target": -200.83302149391187, "params": {"k_pid_pos": [0.7859055132475826, 0.0, 0.26631815139523746], "k_pid_alt": [1.495785214397135, 0.0, 0.3400954990441305], "k_pid_att": [2.072831602196522, 3.465052831273978, 0.16914813773779508], "k_pid_yaw": [0.5, 1e-06, 0.1], "k_pid_hsp": [0.2787025455527232, 0.0, 0.0], "k_pid_vsp": [192.24062972905318, 47.34106303887749, 1e-06]}, "datetime": {"datetime": "2025-08-11 19:00:16", "elapsed": 9296.030701637268, "delta": 18.610946655273438}, "costs": {"total_cost": 200.83302149391187, "time_cost": 75.43900000000001, "final_distance_cost": 1.847571372725038, "oscillation_cost": 34.39738600474729, "completition_cost": 0.0, "overshoot_cost": 50.49644988312224, "power_cost": 15.306101086425782, "noise_cost": 23.346513146891542, "n_waypoints_completed": 9, "tot_waypoints": 9}}
{"target": -681.2849856766541, "params": {"k_pid_pos": [0.9384100173277538, 0.0, 0.25374207358171685], "k_pid_alt": [1.512425671880528, 0.0, 0.3148403598930175], "k_pid_att": [19.88335860579984, 3.3541441584135776, 0.1614892985401824], "k_pid_yaw": [0.5, 1e-06, 0.1], "k_pid_hsp": [0.014921468762387952, 0.0, 0.0], "k_pid_vsp": [211.9822656734065, 54.54176780476807, 1e-06]}, "datetime": {"datetime": "2025-08-11 19:00:46", "elapsed": 9325.93983078003, "delta": 29.90912914276123}, "costs": {"total_cost": 681.2849856766541, "time_cost": 150, "final_distance_cost": 75.07097216989663, "oscillation_cost": 6.968844292692563, "completition_cost": 333.33333333333337, "overshoot_cost": 61.50953521665663, "power_cost": 21.563774902343752, "noise_cost": 32.83852576173109, "n_waypoints_completed": 6, "tot_waypoints": 9}}
{"target": -1253.4524124188658, "params": {"k_pid_pos": [0.9918228416845544, 0.02532072933610641, 0.30013442019044245], "k_pid_alt": [0.8942540537553048, 0.0, 0.0], "k_pid_att": [14.121519496987991, 3.031387962799676, 0.17520262508388595], "k_pid_yaw": [0.5, 1e-06, 0.1], "k_pid_hsp": [0.0001, 0.01196146955631942, 0.0], "k_pid_vsp": [204.7878071314914, 51.77246222838917, 0.791476232947282]}, "datetime": {"datetime": "2025-08-11 19:01:17", "elapsed": 9356.472695112228, "delta": 30.532864332199097}, "costs": {"total_cost": 1253.4524124188658, "time_cost": 150, "final_distance_cost": 64.18190069614386, "oscillation_cost": 3.7499139090520246, "completition_cost": 888.8888888888888, "overshoot_cost": 92.36920233566003, "power_cost": 21.127275708007815, "noise_cost": 33.135230881113436, "n_waypoints_completed": 1, "tot_waypoints": 9}}
{"target": -1246.5807472997922, "params": {"k_pid_pos": [1.2620813106649778, 0.0, 0.1682333567327462], "k_pid_alt": [1.5317094262276045, 0.0, 0.27275649691663], "k_pid_att": [21.729343111615922, 2.9701283399290594, 0.210454822379369], "k_pid_yaw": [0.5, 1e-06, 0.1], "k_pid_hsp": [0.0001, 0.0, 0.0], "k_pid_vsp": [229.52405385728608, 61.70212975367665, 0.03376999177901682]}, "datetime": {"datetime": "2025-08-11 19:01:47", "elapsed": 9386.752581119537, "delta": 30.27988600730896}, "costs": {"total_cost": 1246.5807472997922, "time_cost": 150, "final_distance_cost": 48.41211998055388, "oscillation_cost": 0.0049093583479113585, "completition_cost": 888.8888888888888, "overshoot_cost": 105.16392040440692, "power_cost": 21.005127270507813, "noise_cost": 33.105781397086844, "n_waypoints_completed": 1, "tot_waypoints": 9}}
{"target": -187.1634734673, "params": {"k_pid_pos": [1.3121064365399189, 0.02179099761867162, 0.2723476772346658], "k_pid_alt": [1.4982618498998752, 0.0, 0.34696481579879523], "k_pid_att": [16.72126994888164, 2.8722205921430377, 0.3934933847003863], "k_pid_yaw": [0.5, 1e-06, 0.1], "k_pid_hsp": [0.2640749945447642, 0.0, 0.0], "k_pid_vsp": [226.38689990239618, 106.06813853416857, 1e-06]}, "datetime": {"datetime": "2025-08-11 19:02:04", "elapsed": 9404.134706497192, "delta": 17.38212537765503}, "costs": {"total_cost": 187.1634734673, "time_cost": 69.622, "final_distance_cost": 1.8227542784870758, "oscillation_cost": 29.774417980846653, "completition_cost": 0.0, "overshoot_cost": 50.66136812040869, "power_cost": 14.513253137207032, "noise_cost": 20.76967995035054, "n_waypoints_completed": 9, "tot_waypoints": 9}}
{"target": -187.11575703345292, "params": {"k_pid_pos": [1.3282424993696327, 0.035151308426883125, 0.39984999813066563], "k_pid_alt": [1.7077345409269593, 0.0, 0.2838347533307048], "k_pid_att": [3.083857761626337, 1.6837429836403746, 0.19635853698954392], "k_pid_yaw": [0.5, 1e-06, 0.1], "k_pid_hsp": [0.07764778659567691, 0.0, 0.0], "k_pid_vsp": [206.68966099538045, 60.81035677504716, 1e-06]}, "datetime": {"datetime": "2025-08-11 19:02:22", "elapsed": 9421.388490915298, "delta": 17.25378441810608}, "costs": {"total_cost": 187.11575703345292, "time_cost": 70.917, "final_distance_cost": 1.7981719190813104, "oscillation_cost": 27.07391579041248, "completition_cost": 0.0, "overshoot_cost": 51.72934488294253, "power_cost": 14.332704919433594, "noise_cost": 21.264619521582993, "n_waypoints_completed": 9, "tot_waypoints": 9}}
{"target": -1242.707576353137, "params": {"k_pid_pos": [1.0114185475879405, 0.0, 0.40555914230290335], "k_pid_alt": [1.602533995164911, 0.0, 0.4045160704949985], "k_pid_att": [16.415246938606124, 3.606358718235996, 0.17611024845120005], "k_pid_yaw": [0.5, 1e-06, 0.1], "k_pid_hsp": [0.0001, 0.0, 0.0], "k_pid_vsp": [214.11638098958386, 78.85803106207715, 1e-06]}, "datetime": {"datetime": "2025-08-11 19:02:52", "elapsed": 9451.80609703064, "delta": 30.417606115341187}, "costs": {"total_cost": 1242.707576353137, "time_cost": 150, "final_distance_cost": 47.70595757706282, "oscillation_cost": 0.005811554692490137, "completition_cost": 888.8888888888888, "overshoot_cost": 102.01424149546808, "power_cost": 20.999722424316406, "noise_cost": 33.092954412708536, "n_waypoints_completed": 1, "tot_waypoints": 9}}
{"target": -188.7146660584768, "params": {"k_pid_pos": [1.1723150857007612, 0.12597811318912097, 0.35786460498431066], "k_pid_alt": [1.4638866525234193, 0.0, 0.27142442827853447], "k_pid_att": [30.579095474156663, 3.4192794002803417, 0.17693480975325285], "k_pid_yaw": [0.5, 1e-06, 0.1], "k_pid_hsp": [0.5341182821171215, 0.0, 0.0], "k_pid_vsp": [213.46353334764626, 77.11865788746087, 1e-06]}, "datetime": {"datetime": "2025-08-11 19:03:10", "elapsed": 9469.939224481583, "delta": 18.133127450942993}, "costs": {"total_cost": 188.7146660584768, "time_cost": 70.756, "final_distance_cost": 1.8292405568551608, "oscillation_cost": 28.999702933758183, "completition_cost": 0.0, "overshoot_cost": 50.883048857155444, "power_cost": 14.751091906738282, "noise_cost": 21.495581803969745, "n_waypoints_completed": 9, "tot_waypoints": 9}}
{"target": -192.37869324669396, "params": {"k_pid_pos": [1.039909009143437, 0.11295819402149677, 0.238379909798231], "k_pid_alt": [1.4636372838153142, 0.0, 0.4908860467657211], "k_pid_att": [14.76735589683981, 3.054277919920645, 0.3332238228135967], "k_pid_yaw": [0.5, 1e-06, 0.1], "k_pid_hsp": [1.3534485003998227, 0.0, 0.0], "k_pid_vsp": [219.2771830237822, 63.40565706482212, 1e-06]}, "datetime": {"datetime": "2025-08-11 19:03:28", "elapsed": 9487.598716974258, "delta": 17.65949249267578}, "costs": {"total_cost": 192.37869324669396, "time_cost": 71.631, "final_distance_cost": 1.832643226048913, "oscillation_cost": 31.561245291150794, "completition_cost": 0.0, "overshoot_cost": 50.715631324731824, "power_cost": 14.927095666503908, "noise_cost": 21.711077738258524, "n_waypoints_completed": 9, "tot_waypoints": 9}}
{"target": -1971.5352865040447, "params": {"k_pid_pos": [0.41793416112869286, 0.0, 0.22884367618122517], "k_pid_alt": [1.62874101594601, 0.0, 0.42077369523688035], "k_pid_att": [24.375195408134253, 3.5554302912458375, 0.2054547345796396], "k_pid_yaw": [0.5, 1e-06, 0.1], "k_pid_hsp": [0.0029495131436128317, 0.0, 0.20112510903265912], "k_pid_vsp": [209.46203255831182, 79.79110670899, 1.1146983737841474]}, "datetime": {"datetime": "2025-08-11 19:03:58", "elapsed": 9517.597116231918, "delta": 29.998399257659912}, "costs": {"total_cost": 1971.5352865040447, "time_cost": 150, "final_distance_cost": 58.76267577873099, "oscillation_cost": 735.2497958288437, "completition_cost": 888.8888888888888, "overshoot_cost": 76.72396362024419, "power_cost": 31.004152978515627, "noise_cost": 30.905809408821554, "n_waypoints_completed": 1, "tot_waypoints": 9}}
{"target": -1243.0087823928102, "params": {"k_pid_pos": [1.0003421819358842, 0.007943636864251119, 0.2876545162870185], "k_pid_alt": [1.5042158321990753, 0.0, 0.3246079113823138], "k_pid_att": [18.829661334401873, 3.2659289262043965, 0.17325563625881937], "k_pid_yaw": [0.5, 1e-06, 0.1], "k_pid_hsp": [0.0001, 0.0, 0.0], "k_pid_vsp": [349.65656606594416, 47.29846240150226, 1e-06]}, "datetime": {"datetime": "2025-08-11 19:04:28", "elapsed": 9547.803941488266, "delta": 30.206825256347656}, "costs": {"total_cost": 1243.0087823928102, "time_cost": 150, "final_distance_cost": 47.7348895133891, "oscillation_cost": 0.005479654872253444, "completition_cost": 888.8888888888888, "overshoot_cost": 102.26059131879344, "power_cost": 21.009343408203126, "noise_cost": 33.10958960866349, "n_waypoints_completed": 1, "tot_waypoints": 9}}
{"target": -191.89611988499962, "params": {"k_pid_pos": [1.0398472993825574, 0.0, 0.19339121522643624], "k_pid_alt": [1.4697748981749883, 0.0011308191432154052, 0.4419485338816034], "k_pid_att": [4.873984462368384, 3.347648287961089, 0.11842875774319234], "k_pid_yaw": [0.5, 1e-06, 0.1], "k_pid_hsp": [0.0643231146671999, 0.0, 0.0], "k_pid_vsp": [202.56558804742951, 61.87562132745276, 1e-06]}, "datetime": {"datetime": "2025-08-11 19:04:47", "elapsed": 9566.59161734581, "delta": 18.787675857543945}, "costs": {"total_cost": 191.89611988499962, "time_cost": 74.907, "final_distance_cost": 1.7700644846467228, "oscillation_cost": 25.004609374089213, "completition_cost": 0.0, "overshoot_cost": 53.13015783576673, "power_cost": 14.734989233398439, "noise_cost": 22.349298957098515, "n_waypoints_completed": 9, "tot_waypoints": 9}}
