{"target": -828.998808391619, "params": {"k_pid_pos": [1.8624793477566346, 0.11973358850112281, 0.1171035659001105], "k_pid_alt": [0.17541802382153682, 0.6578632850405278, 0.4186083007903795], "k_pid_att": [77.43214161418433, 6.712347009944595, 0.33363775832823817], "k_pid_yaw": [0.5, 1e-06, 0.1], "k_pid_hsp": [8.983675636960621, 0.7625321470706523, 0.2705349409101757], "k_pid_vsp": [145.6768071088216, 125.77599276726518, 63.04466029238821]}, "datetime": {"datetime": "2025-08-11 16:38:00", "elapsed": 759.8778290748596, "delta": 30.699244737625122}, "costs": {"total_cost": 828.998808391619, "time_cost": 150, "final_distance_cost": 33.69098388084026, "oscillation_cost": 397.15119582559566, "completition_cost": 111.11111111111116, "overshoot_cost": 68.71935348217394, "power_cost": 37.24930018310547, "noise_cost": 31.0768639087926, "n_waypoints_completed": 8, "tot_waypoints": 9}}
{"target": -1240.5261535087072, "params": {"k_pid_pos": [0.29565196674712907, 0.936127463375744, 0.43790403719875326], "k_pid_alt": [0.7666396455548197, 0.7296857086773779, 0.5529930652528999], "k_pid_att": [93.61399868384622, 7.803036908944531, 0.47936956412454035], "k_pid_yaw": [0.5, 1e-06, 0.1], "k_pid_hsp": [3.7636570988609144, 0.986631544924322, 0.7177602360036435], "k_pid_vsp": [380.47786400153643, 47.391431768337966, 340.2134718257794]}, "datetime": {"datetime": "2025-08-11 16:38:31", "elapsed": 790.5002317428589, "delta": 30.622402667999268}, "costs": {"total_cost": 1240.5261535087072, "time_cost": 150, "final_distance_cost": 68.7465254946226, "oscillation_cost": 211.20145452415883, "completition_cost": 666.6666666666667, "overshoot_cost": 76.42158062470708, "power_cost": 37.79990732421875, "noise_cost": 29.690018874333216, "n_waypoints_completed": 3, "tot_waypoints": 9}}
{"target": -1211.752514075012, "params": {"k_pid_pos": [1.274184060594016, 0.12192167833511258, 0.5882579999692207], "k_pid_alt": [1.3721927302108976, 0.012302685888602838, 0.45431796184174655], "k_pid_att": [82.53995111963212, 2.9536607175383645, 0.4585480817985511], "k_pid_yaw": [0.5, 1e-06, 0.1], "k_pid_hsp": [4.423197039266225, 0.3019273914424916, 0.9184418955155542], "k_pid_vsp": [312.51761417260633, 44.235365287855785, 398.8138631379946]}, "datetime": {"datetime": "2025-08-11 16:39:01", "elapsed": 820.7371029853821, "delta": 30.236871242523193}, "costs": {"total_cost": 1211.752514075012, "time_cost": 150, "final_distance_cost": 52.378173750256195, "oscillation_cost": 450.99663236032416, "completition_cost": 444.4444444444444, "overshoot_cost": 49.127146483742024, "power_cost": 35.89422602539063, "noise_cost": 28.911891010854344, "n_waypoints_completed": 5, "tot_waypoints": 9}}
{"target": -1275.7883687024753, "params": {"k_pid_pos": [1.7584121286130596, 0.28390843786403896, 0.8368965796609382], "k_pid_alt": [0.21283906374276573, 0.9991047304742386, 0.6656847361065369], "k_pid_att": [65.0125015558797, 0.904498225768629, 0.8970333988966253], "k_pid_yaw": [0.5, 1e-06, 0.1], "k_pid_hsp": [0.2900921320943738, 0.24082805804114704, 0.143021875166635], "k_pid_vsp": [310.7071762768874, 79.28169168695491, 364.2552909417159]}, "datetime": {"datetime": "2025-08-11 16:39:31", "elapsed": 850.989706993103, "delta": 30.252604007720947}, "costs": {"total_cost": 1275.7883687024753, "time_cost": 150, "final_distance_cost": 65.46781457442857, "oscillation_cost": 261.13753036712177, "completition_cost": 666.6666666666667, "overshoot_cost": 67.49995843167538, "power_cost": 35.346875830078126, "noise_cost": 29.669522832504747, "n_waypoints_completed": 3, "tot_waypoints": 9}}
{"target": -606.2422334337574, "params": {"k_pid_pos": [1.3125724517510475, 0.036162710494696215, 0.0054298341287004614], "k_pid_alt": [0.10331583402879785, 0.6059251776477277, 0.8014818108594153], "k_pid_att": [23.855282062738848, 8.494103488346438, 0.057231940153260386], "k_pid_yaw": [0.5, 1e-06, 0.1], "k_pid_hsp": [8.009658440031398, 0.9277954301722804, 0.7721083991043806], "k_pid_vsp": [279.24831359145486, 335.19208762417304, 16.06052077867527]}, "datetime": {"datetime": "2025-08-11 16:39:56", "elapsed": 876.3306405544281, "delta": 25.340933561325073}, "costs": {"total_cost": 606.2422334337574, "time_cost": 100.821, "final_distance_cost": 1.78177079349174, "oscillation_cost": 386.00468382350954, "completition_cost": 0.0, "overshoot_cost": 62.94987461923156, "power_cost": 28.69119404296875, "noise_cost": 25.993710154555867, "n_waypoints_completed": 9, "tot_waypoints": 9}}
{"target": -1609.252020945037, "params": {"k_pid_pos": [0.40364404322703884, 0.12492367930564308, 0.5045309901929865], "k_pid_alt": [1.490376256657689, 0.6300118445763987, 0.851131099761935], "k_pid_att": [15.521299244109088, 7.346237457242422, 0.1930414908689041], "k_pid_yaw": [0.5, 1e-06, 0.1], "k_pid_hsp": [2.707660437302871, 0.7099046972813039, 0.9802047848986818], "k_pid_vsp": [244.61744239082782, 21.800126942017926, 246.52358835470415]}, "datetime": {"datetime": "2025-08-11 16:40:27", "elapsed": 906.8430445194244, "delta": 30.512403964996338}, "costs": {"total_cost": 1609.252020945037, "time_cost": 150, "final_distance_cost": 94.05521900899791, "oscillation_cost": 476.1216454511458, "completition_cost": 777.7777777777778, "overshoot_cost": 51.49107076801868, "power_cost": 29.94112998046875, "noise_cost": 29.86517795862778, "n_waypoints_completed": 2, "tot_waypoints": 9}}
{"target": -199.41407493390528, "params": {"k_pid_pos": [0.49275800590297264, 0.18848155022322047, 0.17888737446852812], "k_pid_alt": [1.515427128667956, 0.0, 0.949345597264735], "k_pid_att": [39.447728079683905, 3.8677381495188174, 0.1845336041603497], "k_pid_yaw": [0.5, 1e-06, 0.1], "k_pid_hsp": [0.09847755819799779, 0.011264223901387349, 0.0], "k_pid_vsp": [194.7624155113164, 20.0, 10.0]}, "datetime": {"datetime": "2025-08-11 16:40:48", "elapsed": 927.6493403911591, "delta": 20.80629587173462}, "costs": {"total_cost": 199.41407493390528, "time_cost": 82.138, "final_distance_cost": 1.8306666515134087, "oscillation_cost": 21.810001562287553, "completition_cost": 0.0, "overshoot_cost": 52.731944673443486, "power_cost": 20.621514489746094, "noise_cost": 20.28194755691474, "n_waypoints_completed": 9, "tot_waypoints": 9}}
{"target": -1164.8556154314465, "params": {"k_pid_pos": [0.48602339977965764, 0.31766939051595633, 0.17187025152334973], "k_pid_alt": [1.5796134499572916, 0.14584570884582077, 0.9694388671118069], "k_pid_att": [40.76454064444748, 1.6395651890912664, 0.3578191152975211], "k_pid_yaw": [0.5, 1e-06, 0.1], "k_pid_hsp": [1.7860895227081865, 0.0, 0.24657989001676342], "k_pid_vsp": [240.1491231855266, 30.795528251044153, 227.47594385389777]}, "datetime": {"datetime": "2025-08-11 16:41:19", "elapsed": 959.2113590240479, "delta": 31.562018632888794}, "costs": {"total_cost": 1164.8556154314465, "time_cost": 150, "final_distance_cost": 73.21565152985052, "oscillation_cost": 494.80169698514356, "completition_cost": 333.33333333333337, "overshoot_cost": 49.8716451139276, "power_cost": 34.57113690185547, "noise_cost": 29.06215156733612, "n_waypoints_completed": 6, "tot_waypoints": 9}}
{"target": -573.9577487567257, "params": {"k_pid_pos": [0.9439268791684274, 0.0, 0.10641804451387421], "k_pid_alt": [1.6379212066357711, 0.25053513517621456, 0.9732797921218943], "k_pid_att": [40.98504973894832, 4.239703296003455, 0.18617214912718508], "k_pid_yaw": [0.5, 1e-06, 0.1], "k_pid_hsp": [6.591974181511127, 0.30359929236513417, 0.17683382472906217], "k_pid_vsp": [259.1433458739488, 98.82960044513703, 1e-06]}, "datetime": {"datetime": "2025-08-11 16:41:40", "elapsed": 979.6553688049316, "delta": 20.44400978088379}, "costs": {"total_cost": 573.9577487567257, "time_cost": 80.682, "final_distance_cost": 1.7560884205257015, "oscillation_cost": 394.90501268355325, "completition_cost": 0.0, "overshoot_cost": 52.17284713074706, "power_cost": 22.696777563476562, "noise_cost": 21.745022958423093, "n_waypoints_completed": 9, "tot_waypoints": 9}}
{"target": -198.07106179205465, "params": {"k_pid_pos": [1.2194775023431004, 0.3003000581960637, 0.20785673899908902], "k_pid_alt": [1.4973248132131687, 0.03634473471224914, 0.2944669682633596], "k_pid_att": [14.885326350343705, 2.805802619511703, 0.20548357739908157], "k_pid_yaw": [0.5, 1e-06, 0.1], "k_pid_hsp": [0.2811829451860657, 0.007182303106194721, 0.0], "k_pid_vsp": [224.6432883402462, 36.16660016500314, 16.82967101106438]}, "datetime": {"datetime": "2025-08-11 16:41:58", "elapsed": 998.3184931278229, "delta": 18.663124322891235}, "costs": {"total_cost": 198.07106179205465, "time_cost": 74.424, "final_distance_cost": 1.8054874532313478, "oscillation_cost": 31.325752493371052, "completition_cost": 0.0, "overshoot_cost": 52.007253428879615, "power_cost": 19.2735837890625, "noise_cost": 19.234984627510137, "n_waypoints_completed": 9, "tot_waypoints": 9}}
{"target": -274.73542681224706, "params": {"k_pid_pos": [0.5381287476434026, 0.3958472635647179, 0.3688614387515162], "k_pid_alt": [1.5258100625896656, 0.611084775232076, 1.0], "k_pid_att": [44.84574516816749, 3.4216064432282685, 0.16881090769364215], "k_pid_yaw": [0.5, 1e-06, 0.1], "k_pid_hsp": [4.3203948134226176, 0.12979330353466176, 0.0], "k_pid_vsp": [201.99638387974284, 1e-06, 10.92532920530246]}, "datetime": {"datetime": "2025-08-11 16:42:24", "elapsed": 1023.5495982170105, "delta": 25.231105089187622}, "costs": {"total_cost": 274.73542681224706, "time_cost": 100.548, "final_distance_cost": 1.7523375533438688, "oscillation_cost": 66.18808426270621, "completition_cost": 0.0, "overshoot_cost": 57.237661285403924, "power_cost": 24.79445380859375, "noise_cost": 24.214889902199296, "n_waypoints_completed": 9, "tot_waypoints": 9}}
{"target": -249.57444865524968, "params": {"k_pid_pos": [0.4857056732436698, 0.17534511982623452, 0.41086729136833977], "k_pid_alt": [1.1886393886514657, 0.7357508358519228, 0.9966651062060163], "k_pid_att": [39.763868359086345, 1.8241651000814567, 0.17922079798282117], "k_pid_yaw": [0.5, 1e-06, 0.1], "k_pid_hsp": [0.038371589278519413, 0.041409679321120524, 0.0], "k_pid_vsp": [186.02464729620544, 27.424384150101318, 1e-06]}, "datetime": {"datetime": "2025-08-11 16:42:51", "elapsed": 1050.7554349899292, "delta": 27.2058367729187}, "costs": {"total_cost": 249.57444865524968, "time_cost": 108.794, "final_distance_cost": 1.8136766417266235, "oscillation_cost": 28.747408535459865, "completition_cost": 0.0, "overshoot_cost": 58.42393265369718, "power_cost": 20.37472958984375, "noise_cost": 31.420701234522266, "n_waypoints_completed": 9, "tot_waypoints": 9}}
{"target": -1368.5090203992797, "params": {"k_pid_pos": [0.5467634231171608, 0.6928923678361536, 0.23983964745790384], "k_pid_alt": [1.5274293745690666, 0.28812165574911647, 0.8223691580043112], "k_pid_att": [40.569603764178346, 3.8899301124268275, 0.14172219929790808], "k_pid_yaw": [0.5, 1e-06, 0.1], "k_pid_hsp": [0.0001, 0.4401391999205598, 0.0], "k_pid_vsp": [145.99438377341238, 62.105493133556024, 131.98400074472877]}, "datetime": {"datetime": "2025-08-11 16:43:21", "elapsed": 1081.1222159862518, "delta": 30.366780996322632}, "costs": {"total_cost": 1368.5090203992797, "time_cost": 150, "final_distance_cost": 65.59560813934542, "oscillation_cost": 107.19166566676495, "completition_cost": 888.8888888888888, "overshoot_cost": 86.00760457395812, "power_cost": 39.39262750244141, "noise_cost": 31.43262562788093, "n_waypoints_completed": 1, "tot_waypoints": 9}}
{"target": -992.698385735398, "params": {"k_pid_pos": [0.8799498847427305, 0.09118685727941184, 0.20265769430659364], "k_pid_alt": [0.4593615545844565, 0.4079151817502761, 0.505503399172083], "k_pid_att": [26.056784061617286, 3.081052925088474, 0.3108647372019474], "k_pid_yaw": [0.5, 1e-06, 0.1], "k_pid_hsp": [0.17892203245980487, 0.4213108284896922, 0.2802178543249968], "k_pid_vsp": [153.9427315306848, 0.445290884579606, 55.46589596058823]}, "datetime": {"datetime": "2025-08-11 16:43:51", "elapsed": 1110.7832131385803, "delta": 29.66099715232849}, "costs": {"total_cost": 992.698385735398, "time_cost": 150, "final_distance_cost": 75.28646298499895, "oscillation_cost": 294.40194025353776, "completition_cost": 333.33333333333337, "overshoot_cost": 72.0642281752318, "power_cost": 35.709306250000004, "noise_cost": 31.903114738295994, "n_waypoints_completed": 6, "tot_waypoints": 9}}
{"target": -1728.630658354309, "params": {"k_pid_pos": [0.5993256463021421, 0.10176261959182387, 0.19548443438295438], "k_pid_alt": [1.2812756939942573, 0.011885592198105008, 1.0], "k_pid_att": [39.52459674700171, 4.405410774325952, 0.21324013463587727], "k_pid_yaw": [0.5, 1e-06, 0.1], "k_pid_hsp": [0.0001, 0.12633637969107225, 0.14500693476188653], "k_pid_vsp": [226.66814308096374, 22.448203373685672, 1e-06]}, "datetime": {"datetime": "2025-08-11 16:44:21", "elapsed": 1140.6011710166931, "delta": 29.817957878112793}, "costs": {"total_cost": 1728.630658354309, "time_cost": 150, "final_distance_cost": 39.20974945587814, "oscillation_cost": 806.6753813941423, "completition_cost": 555.5555555555555, "overshoot_cost": 112.88898085802427, "power_cost": 34.28502976074219, "noise_cost": 30.015961329966668, "n_waypoints_completed": 4, "tot_waypoints": 9}}
{"target": -598.0533745771635, "params": {"k_pid_pos": [0.5138967014567409, 0.7194263710201534, 0.34482338796421813], "k_pid_alt": [1.5358854074710373, 0.031030827555191924, 0.48781091327974097], "k_pid_att": [47.45302448052592, 2.2468323624177655, 0.5710118999377047], "k_pid_yaw": [0.5, 1e-06, 0.1], "k_pid_hsp": [1.2007932947311666, 0.0792187692359955, 0.16590345186211844], "k_pid_vsp": [199.53035396882146, 1e-06, 10.354790272600532]}, "datetime": {"datetime": "2025-08-11 16:44:50", "elapsed": 1170.0103340148926, "delta": 29.409162998199463}, "costs": {"total_cost": 598.0533745771635, "time_cost": 117.558, "final_distance_cost": 1.7961631395494582, "oscillation_cost": 345.75703041702775, "completition_cost": 0.0, "overshoot_cost": 68.62232963716549, "power_cost": 31.811456164550783, "noise_cost": 32.50839521886994, "n_waypoints_completed": 9, "tot_waypoints": 9}}
{"target": -498.9828717577133, "params": {"k_pid_pos": [1.6364913765435858, 0.6962534490180843, 0.14206220095160416], "k_pid_alt": [1.175670460929056, 0.007575988520017729, 0.7726793005095686], "k_pid_att": [37.792312849096874, 4.180489135669372, 0.03581629104930839], "k_pid_yaw": [0.5, 1e-06, 0.1], "k_pid_hsp": [7.632531374533414, 0.0, 0.06533122006078407], "k_pid_vsp": [117.15057159473244, 20.802605888519548, 1e-06]}, "datetime": {"datetime": "2025-08-11 16:45:12", "elapsed": 1191.8515162467957, "delta": 21.841182231903076}, "costs": {"total_cost": 498.9828717577133, "time_cost": 88.389, "final_distance_cost": 1.7441361009714542, "oscillation_cost": 304.87050360350906, "completition_cost": 0.0, "overshoot_cost": 54.611072637221625, "power_cost": 24.678569543457034, "noise_cost": 24.689589872554134, "n_waypoints_completed": 9, "tot_waypoints": 9}}
{"target": -225.81738088474984, "params": {"k_pid_pos": [0.6124200156662293, 0.811479610721815, 0.6520233922438988], "k_pid_alt": [1.5927699957533847, 0.0, 1.0], "k_pid_att": [45.76937072734751, 4.3059606262763594, 0.2666392077102503], "k_pid_yaw": [0.5, 1e-06, 0.1], "k_pid_hsp": [1.3535882563397068, 0.03765719700818651, 0.0], "k_pid_vsp": [344.49949195053046, 100.48486597267487, 1e-06]}, "datetime": {"datetime": "2025-08-11 16:45:34", "elapsed": 1214.3206887245178, "delta": 22.469172477722168}, "costs": {"total_cost": 225.81738088474984, "time_cost": 90.426, "final_distance_cost": 1.804419050181396, "oscillation_cost": 36.57164931828763, "completition_cost": 0.0, "overshoot_cost": 52.57793465520099, "power_cost": 18.12092458496094, "noise_cost": 26.316453276118853, "n_waypoints_completed": 9, "tot_waypoints": 9}}
{"target": -1294.0217314113654, "params": {"k_pid_pos": [1.7464869066782747, 0.26351051798896175, 0.40091535073499707], "k_pid_alt": [1.7900693157473004, 0.4782642031344417, 0.9252247617669881], "k_pid_att": [39.094443726643725, 2.681737912540645, 0.1752950939543828], "k_pid_yaw": [0.5, 1e-06, 0.1], "k_pid_hsp": [0.0001, 0.14972014864598948, 0.0], "k_pid_vsp": [263.9688525595596, 135.94568375580226, 21.70596574834586]}, "datetime": {"datetime": "2025-08-11 16:46:04", "elapsed": 1243.9845659732819, "delta": 29.663877248764038}, "costs": {"total_cost": 1294.0217314113654, "time_cost": 150, "final_distance_cost": 94.83662296846616, "oscillation_cost": 112.77663127050921, "completition_cost": 777.7777777777778, "overshoot_cost": 90.38469696353262, "power_cost": 34.98628872070313, "noise_cost": 33.25971371037643, "n_waypoints_completed": 2, "tot_waypoints": 9}}
{"target": -1459.5559479562066, "params": {"k_pid_pos": [0.45314684447339204, 0.14729184136532097, 0.0], "k_pid_alt": [1.0311321689969137, 0.06965859372003907, 0.9687017621486652], "k_pid_att": [33.864532927244966, 3.6689245357480624, 0.178637335398419], "k_pid_yaw": [0.5, 1e-06, 0.1], "k_pid_hsp": [0.13303017749121862, 0.0, 0.0], "k_pid_vsp": [179.71995620290798, 44.42897948631716, 143.50243055812092]}, "datetime": {"datetime": "2025-08-11 16:46:34", "elapsed": 1273.9771044254303, "delta": 29.992538452148438}, "costs": {"total_cost": 1459.5559479562066, "time_cost": 150, "final_distance_cost": 0.9983686143069685, "oscillation_cost": 2.7520670668515708, "completition_cost": 1000.0, "overshoot_cost": 162.99520094644512, "power_cost": 29.209982543945316, "noise_cost": 113.60032878465782, "n_waypoints_completed": 0, "tot_waypoints": 9}}
{"target": -3654.249675393331, "params": {"k_pid_pos": [0.8817052148003185, 0.3490062816781311, 0.19566769957683136], "k_pid_alt": [1.5855719833692945, 0.0, 0.8461036258385276], "k_pid_att": [50.83660788386689, 2.1986559242734254, 0.8173068947385373], "k_pid_yaw": [0.5, 1e-06, 0.1], "k_pid_hsp": [0.0001, 0.0, 0.284761421901684], "k_pid_vsp": [243.8102530956176, 281.30882358421076, 32.69160296067429]}, "datetime": {"datetime": "2025-08-11 16:47:04", "elapsed": 1303.6385245323181, "delta": 29.661420106887817}, "costs": {"total_cost": 3654.249675393331, "time_cost": 150, "final_distance_cost": 950.6844637565919, "oscillation_cost": 256.2230150345222, "completition_cost": 777.7777777777778, "overshoot_cost": 1460.0768300383777, "power_cost": 31.564114196777346, "noise_cost": 27.923474589284677, "n_waypoints_completed": 2, "tot_waypoints": 9}}
{"target": -2115.902869874229, "params": {"k_pid_pos": [0.0001, 0.04248702113499579, 0.4774182760295018], "k_pid_alt": [1.3809728739744063, 0.018071669285127018, 0.2580231378382231], "k_pid_att": [38.785742097277755, 4.3015539448523645, 0.26126084542456124], "k_pid_yaw": [0.5, 1e-06, 0.1], "k_pid_hsp": [7.041066883651343, 0.5030767972560046, 0.354991265078122], "k_pid_vsp": [161.65261713431008, 18.409101834134326, 6.543561711843118]}, "datetime": {"datetime": "2025-08-11 16:47:34", "elapsed": 1333.5073881149292, "delta": 29.868863582611084}, "costs": {"total_cost": 2115.902869874229, "time_cost": 150, "final_distance_cost": 49.33997460751804, "oscillation_cost": 836.8045349486988, "completition_cost": 888.8888888888888, "overshoot_cost": 127.72211680308145, "power_cost": 32.801953002929686, "noise_cost": 30.34540162311217, "n_waypoints_completed": 1, "tot_waypoints": 9}}
{"target": -1251.3725818988514, "params": {"k_pid_pos": [1.2298735646480552, 0.14871599321658824, 0.1639975855569078], "k_pid_alt": [1.6569778539039093, 0.2975639377546649, 0.9327203320847524], "k_pid_att": [52.53696612826683, 4.031024865428766, 0.32831118763187694], "k_pid_yaw": [0.5, 1e-06, 0.1], "k_pid_hsp": [0.0001, 0.0, 0.0], "k_pid_vsp": [191.8112949953866, 40.89883202797255, 27.38861366065869]}, "datetime": {"datetime": "2025-08-11 16:48:04", "elapsed": 1363.727171421051, "delta": 30.219783306121826}, "costs": {"total_cost": 1251.3725818988514, "time_cost": 150, "final_distance_cost": 48.93655385547978, "oscillation_cost": 0.44734413833293263, "completition_cost": 888.8888888888888, "overshoot_cost": 107.14916052357918, "power_cost": 29.265451928710938, "noise_cost": 26.685182563859826, "n_waypoints_completed": 1, "tot_waypoints": 9}}
{"target": -656.7718061524266, "params": {"k_pid_pos": [0.580502368365665, 0.37846461803378995, 0.14949348038907143], "k_pid_alt": [1.2359644413797921, 0.42748196598806854, 1.0], "k_pid_att": [29.662619067468853, 3.953664768383473, 0.1724627375742404], "k_pid_yaw": [0.5, 1e-06, 0.1], "k_pid_hsp": [7.120363533135052, 0.0, 0.13892045143688778], "k_pid_vsp": [71.46547271909111, 32.74160274021492, 10.295347648666542]}, "datetime": {"datetime": "2025-08-11 16:48:30", "elapsed": 1389.6361463069916, "delta": 25.90897488594055}, "costs": {"total_cost": 656.7718061524266, "time_cost": 103.873, "final_distance_cost": 1.7979581150192776, "oscillation_cost": 439.3665868213914, "completition_cost": 0.0, "overshoot_cost": 56.53579553879958, "power_cost": 27.946595336914065, "noise_cost": 27.251870340302258, "n_waypoints_completed": 9, "tot_waypoints": 9}}
{"target": -560.1614595293537, "params": {"k_pid_pos": [0.3359576606534838, 0.19377923743795178, 0.11346574793566011], "k_pid_alt": [1.5451665556703138, 0.2098989061913764, 0.9437478518107353], "k_pid_att": [38.67937109090183, 4.210204911164285, 0.0], "k_pid_yaw": [0.5, 1e-06, 0.1], "k_pid_hsp": [4.186531601842632, 0.03491170595529099, 0.0], "k_pid_vsp": [221.68089208039686, 94.93937366329371, 81.13062741228308]}, "datetime": {"datetime": "2025-08-11 16:49:00", "elapsed": 1419.4789023399353, "delta": 29.842756032943726}, "costs": {"total_cost": 560.1614595293537, "time_cost": 150, "final_distance_cost": 62.505188508196454, "oscillation_cost": 127.35915312683109, "completition_cost": 111.11111111111116, "overshoot_cost": 52.2492657996261, "power_cost": 30.32872761230469, "noise_cost": 26.608013371284294, "n_waypoints_completed": 8, "tot_waypoints": 9}}
