{"target": -182.72465550632958, "params": {"k_pid_pos": [0.5400649441474755, 0.0, 0.0], "k_pid_alt": [1.6510250852930937, 0.0, 0.18606842261222564], "k_pid_att": [25.036238893352262, 2.103407175776096, 0.2209814973775967], "k_pid_yaw": [0.5, 1e-06, 0.1], "k_pid_hsp": [0.09355163641439679, 0.0, 0.0], "k_pid_vsp": [133.92862894471415, 126.35271959876229, 0.9744080632205703]}, "datetime": {"datetime": "2025-08-12 03:15:28", "elapsed": 39008.24941062927, "delta": 19.727048635482788}, "costs": {"total_cost": 182.72465550632958, "time_cost": 72.69500000000001, "final_distance_cost": 1.821912848885445, "oscillation_cost": 20.088653100895105, "completition_cost": 0.0, "overshoot_cost": 52.02644508093966, "power_cost": 14.20821864013672, "noise_cost": 21.884425835472648, "n_waypoints_completed": 9, "tot_waypoints": 9}}
{"target": -182.3916623425897, "params": {"k_pid_pos": [0.5075165555678285, 0.0, 0.0], "k_pid_alt": [1.6165367088276255, 0.0, 0.14252077039430827], "k_pid_att": [26.134059216860948, 2.077231193374902, 0.19927347144908686], "k_pid_yaw": [0.5, 1e-06, 0.1], "k_pid_hsp": [0.08956506605553362, 0.0, 0.0], "k_pid_vsp": [127.48195028930306, 120.2357148977244, 2.8483383838847187]}, "datetime": {"datetime": "2025-08-12 03:15:46", "elapsed": 39026.33885598183, "delta": 18.08944535255432}, "costs": {"total_cost": 182.3916623425897, "time_cost": 73.29, "final_distance_cost": 1.8240357979219466, "oscillation_cost": 18.8900086701859, "completition_cost": 0.0, "overshoot_cost": 52.11190033273124, "power_cost": 14.243508032226563, "noise_cost": 22.032209509524048, "n_waypoints_completed": 9, "tot_waypoints": 9}}
{"target": -182.5791057035807, "params": {"k_pid_pos": [0.50075879996409, 0.0, 0.0], "k_pid_alt": [1.5986609044624849, 0.0, 0.025406853620799072], "k_pid_att": [23.91861211024109, 1.7022132646761325, 0.23554886662528693], "k_pid_yaw": [0.5, 1e-06, 0.1], "k_pid_hsp": [0.09176771090210915, 0.0, 0.0], "k_pid_vsp": [130.07434620449348, 94.52312352302864, 1.7628193401357475]}, "datetime": {"datetime": "2025-08-12 03:16:06", "elapsed": 39046.100226163864, "delta": 19.761370182037354}, "costs": {"total_cost": 182.5791057035807, "time_cost": 73.255, "final_distance_cost": 1.8297168440388907, "oscillation_cost": 19.013220028198955, "completition_cost": 0.0, "overshoot_cost": 52.12151472848034, "power_cost": 14.215903515625001, "noise_cost": 22.143750587237523, "n_waypoints_completed": 9, "tot_waypoints": 9}}
{"target": -182.56835467127706, "params": {"k_pid_pos": [0.5266560210067699, 0.0, 0.0], "k_pid_alt": [1.577332668725816, 0.0, 0.12440874017050277], "k_pid_att": [25.762848312349792, 2.133518636978225, 0.23725568761625807], "k_pid_yaw": [0.5, 1e-06, 0.1], "k_pid_hsp": [0.08803358261086655, 0.0, 0.0], "k_pid_vsp": [130.42960150820184, 124.0667006763026, 1.0043359870633985]}, "datetime": {"datetime": "2025-08-12 03:16:25", "elapsed": 39064.85511994362, "delta": 18.75489377975464}, "costs": {"total_cost": 182.56835467127706, "time_cost": 73.08, "final_distance_cost": 1.8268400747734068, "oscillation_cost": 19.203428335535353, "completition_cost": 0.0, "overshoot_cost": 52.29992407876087, "power_cost": 14.20631365966797, "noise_cost": 21.95184852253949, "n_waypoints_completed": 9, "tot_waypoints": 9}}
{"target": -182.28085242199344, "params": {"k_pid_pos": [0.5254243441892547, 0.0, 0.0], "k_pid_alt": [1.6391886127493858, 0.0, 0.13401376359178438], "k_pid_att": [25.763074812183003, 2.1705343622796525, 0.2341620291810052], "k_pid_yaw": [0.5, 1e-06, 0.1], "k_pid_hsp": [0.09357607042063282, 0.0, 0.0], "k_pid_vsp": [128.3295082721067, 131.26780402124677, 1.0929844980265642]}, "datetime": {"datetime": "2025-08-12 03:16:44", "elapsed": 39083.849682569504, "delta": 18.99456262588501}, "costs": {"total_cost": 182.28085242199344, "time_cost": 72.849, "final_distance_cost": 1.8210066141133305, "oscillation_cost": 19.603399414147237, "completition_cost": 0.0, "overshoot_cost": 51.82846200275032, "power_cost": 14.211046838378907, "noise_cost": 21.967937552603633, "n_waypoints_completed": 9, "tot_waypoints": 9}}
{"target": -182.08969546462407, "params": {"k_pid_pos": [0.527280910436326, 0.0, 0.0], "k_pid_alt": [1.613984119038222, 0.0, 0.12902346453196784], "k_pid_att": [25.32114780185969, 2.135435042444791, 0.2271289594858401], "k_pid_yaw": [0.5, 1e-06, 0.1], "k_pid_hsp": [0.09028754477738493, 0.0, 0.0], "k_pid_vsp": [130.09542127230694, 120.53371468738814, 1.0796989103281012]}, "datetime": {"datetime": "2025-08-12 03:17:02", "elapsed": 39102.154057741165, "delta": 18.304375171661377}, "costs": {"total_cost": 182.08969546462407, "time_cost": 72.947, "final_distance_cost": 1.8111624018464094, "oscillation_cost": 19.17128970094808, "completition_cost": 0.0, "overshoot_cost": 52.0094099355932, "power_cost": 14.238044396972658, "noise_cost": 21.912789029263703, "n_waypoints_completed": 9, "tot_waypoints": 9}}
{"target": -182.329236552115, "params": {"k_pid_pos": [0.519859765454943, 0.0, 0.0], "k_pid_alt": [1.610080903107483, 0.0, 0.14103772363931186], "k_pid_att": [26.84984699105419, 2.111467810794307, 0.22544409187433886], "k_pid_yaw": [0.5, 1e-06, 0.1], "k_pid_hsp": [0.09044774225351705, 0.0, 0.0], "k_pid_vsp": [130.0126561668608, 119.91895366265783, 1.26398206006123]}, "datetime": {"datetime": "2025-08-12 03:17:22", "elapsed": 39121.72300744057, "delta": 19.568949699401855}, "costs": {"total_cost": 182.329236552115, "time_cost": 73.07300000000001, "final_distance_cost": 1.8300377807731962, "oscillation_cost": 19.188247546795953, "completition_cost": 0.0, "overshoot_cost": 52.079541612926285, "power_cost": 14.183424548339845, "noise_cost": 21.97498506327973, "n_waypoints_completed": 9, "tot_waypoints": 9}}
{"target": -182.4517744735758, "params": {"k_pid_pos": [0.5087259291426235, 0.0, 0.0], "k_pid_alt": [1.6459746691883985, 0.0, 0.1489537080397102], "k_pid_att": [25.9793878481883, 2.0861089537210766, 0.23097604033823216], "k_pid_yaw": [0.5, 1e-06, 0.1], "k_pid_hsp": [0.09353787641539694, 0.0, 0.0], "k_pid_vsp": [128.536290527577, 123.19140353092486, 1.14392426560042]}, "datetime": {"datetime": "2025-08-12 03:17:41", "elapsed": 39140.981081962585, "delta": 19.258074522018433}, "costs": {"total_cost": 182.4517744735758, "time_cost": 73.136, "final_distance_cost": 1.8383223205009978, "oscillation_cost": 19.25320349527169, "completition_cost": 0.0, "overshoot_cost": 52.03283333863279, "power_cost": 14.221252612304689, "noise_cost": 21.970162706865636, "n_waypoints_completed": 9, "tot_waypoints": 9}}
{"target": -182.50706933757797, "params": {"k_pid_pos": [0.5361837775664408, 0.0, 0.0], "k_pid_alt": [1.6148465059606036, 0.0, 0.17317784917471335], "k_pid_att": [27.81879486775852, 2.2167069603802543, 0.22202208378725224], "k_pid_yaw": [0.5, 1e-06, 0.1], "k_pid_hsp": [0.08577605153773586, 0.0, 0.0], "k_pid_vsp": [127.98453278124087, 120.68141765974653, 1.04482445936192]}, "datetime": {"datetime": "2025-08-12 03:18:00", "elapsed": 39159.60145711899, "delta": 18.620375156402588}, "costs": {"total_cost": 182.50706933757797, "time_cost": 73.122, "final_distance_cost": 1.817057265158904, "oscillation_cost": 19.381183699109812, "completition_cost": 0.0, "overshoot_cost": 52.021477279304165, "power_cost": 14.23170584716797, "noise_cost": 21.933645246837138, "n_waypoints_completed": 9, "tot_waypoints": 9}}
{"target": -182.78276373496573, "params": {"k_pid_pos": [0.5334131851341928, 0.0, 9.041947707679027e-06], "k_pid_alt": [1.5929821050933228, 0.0, 0.13843288685707478], "k_pid_att": [23.022883781618113, 2.1202539327326573, 0.21237058952499194], "k_pid_yaw": [0.5, 1e-06, 0.1], "k_pid_hsp": [0.09663433565942528, 0.0, 0.0], "k_pid_vsp": [127.28590364651076, 143.24290086671033, 1.1396004155560033]}, "datetime": {"datetime": "2025-08-12 03:18:19", "elapsed": 39179.32992577553, "delta": 19.728468656539917}, "costs": {"total_cost": 182.78276373496573, "time_cost": 72.688, "final_distance_cost": 1.8194992614266876, "oscillation_cost": 20.12703634455777, "completition_cost": 0.0, "overshoot_cost": 51.95822518223283, "power_cost": 14.2829099609375, "noise_cost": 21.907092985810944, "n_waypoints_completed": 9, "tot_waypoints": 9}}
{"target": -182.72042421174135, "params": {"k_pid_pos": [0.5579400366847779, 0.0, 4.644339799843144e-05], "k_pid_alt": [1.6070279846446525, 0.0, 0.1004277119557738], "k_pid_att": [26.186973403473797, 1.997204816834759, 0.17701542044810442], "k_pid_yaw": [0.5, 1e-06, 0.1], "k_pid_hsp": [0.09326799100158953, 0.0, 0.0], "k_pid_vsp": [127.54571582405347, 102.3472900338445, 1.1145017078938524]}, "datetime": {"datetime": "2025-08-12 03:18:38", "elapsed": 39197.537050008774, "delta": 18.20712423324585}, "costs": {"total_cost": 182.72042421174135, "time_cost": 72.422, "final_distance_cost": 1.8257877401650857, "oscillation_cost": 20.529351197988696, "completition_cost": 0.0, "overshoot_cost": 52.09713073972501, "power_cost": 14.140637731933595, "noise_cost": 21.705516801928987, "n_waypoints_completed": 9, "tot_waypoints": 9}}
{"target": -182.59758982726456, "params": {"k_pid_pos": [0.5097202776218888, 0.0, 0.0], "k_pid_alt": [1.6047609431394683, 0.0, 0.13620080235285603], "k_pid_att": [20.58376949466414, 2.13224066999065, 0.26532439464045854], "k_pid_yaw": [0.5, 1e-06, 0.1], "k_pid_hsp": [0.09102232454982737, 0.0, 0.0], "k_pid_vsp": [129.984261868606, 119.35120763733343, 1.2942414641390652]}, "datetime": {"datetime": "2025-08-12 03:18:58", "elapsed": 39217.46709346771, "delta": 19.9300434589386}, "costs": {"total_cost": 182.59758982726456, "time_cost": 73.22, "final_distance_cost": 1.8138622160628861, "oscillation_cost": 19.051094823976417, "completition_cost": 0.0, "overshoot_cost": 52.07391110154974, "power_cost": 14.32238486328125, "noise_cost": 22.116336822394267, "n_waypoints_completed": 9, "tot_waypoints": 9}}
{"target": -182.58553033321564, "params": {"k_pid_pos": [0.5250638713125765, 0.0, 0.0], "k_pid_alt": [1.614424581540475, 0.0, 0.15118370585675006], "k_pid_att": [25.959438311173994, 1.6616994596376387, 0.2304749362597666], "k_pid_yaw": [0.5, 1e-06, 0.1], "k_pid_hsp": [0.08984300683505603, 0.0, 0.0], "k_pid_vsp": [133.84425670401782, 150.2201717355911, 1.2126951049027794]}, "datetime": {"datetime": "2025-08-12 03:19:18", "elapsed": 39237.77749752998, "delta": 20.310404062271118}, "costs": {"total_cost": 182.58553033321564, "time_cost": 73.024, "final_distance_cost": 1.8279120662130999, "oscillation_cost": 19.193626433197924, "completition_cost": 0.0, "overshoot_cost": 52.244571880918095, "power_cost": 14.305102258300781, "noise_cost": 21.99031769458573, "n_waypoints_completed": 9, "tot_waypoints": 9}}
{"target": -181.89414655631285, "params": {"k_pid_pos": [0.5256380112146356, 0.0, 0.0], "k_pid_alt": [1.6140084861573059, 0.0, 0.13566089095899753], "k_pid_att": [24.641387616797918, 2.128295256883465, 0.21703963635212029], "k_pid_yaw": [0.5, 1e-06, 0.1], "k_pid_hsp": [0.09119759100776013, 0.0, 0.0], "k_pid_vsp": [127.09531682712534, 120.90698953094676, 1.092043800456104]}, "datetime": {"datetime": "2025-08-12 03:19:41", "elapsed": 39260.85131192207, "delta": 23.073814392089844}, "costs": {"total_cost": 181.89414655631285, "time_cost": 72.95400000000001, "final_distance_cost": 1.8169111988243862, "oscillation_cost": 19.230452029426488, "completition_cost": 0.0, "overshoot_cost": 51.790282655123285, "power_cost": 14.195053332519532, "noise_cost": 21.90744734041915, "n_waypoints_completed": 9, "tot_waypoints": 9}}
{"target": -182.27651145817035, "params": {"k_pid_pos": [0.5242710335472067, 0.0, 0.0], "k_pid_alt": [1.612734093752004, 0.0, 0.13583390892580802], "k_pid_att": [27.497475599437525, 2.944907786181259, 0.22372932885432828], "k_pid_yaw": [0.5, 1e-06, 0.1], "k_pid_hsp": [0.0920213136415035, 0.0, 0.0], "k_pid_vsp": [130.59947116033103, 127.48478598452158, 1.0842792823223488]}, "datetime": {"datetime": "2025-08-12 03:19:59", "elapsed": 39279.225845336914, "delta": 18.3745334148407}, "costs": {"total_cost": 182.27651145817035, "time_cost": 72.933, "final_distance_cost": 1.8319417015194344, "oscillation_cost": 19.392207485063064, "completition_cost": 0.0, "overshoot_cost": 52.019046872866376, "power_cost": 14.193799133300782, "noise_cost": 21.906516265420674, "n_waypoints_completed": 9, "tot_waypoints": 9}}
{"target": -182.5358000690476, "params": {"k_pid_pos": [0.5185485523023708, 0.0, 0.0], "k_pid_alt": [1.6155865695607952, 0.0, 0.14189472997890198], "k_pid_att": [18.500789450551895, 2.031659359369649, 0.2107177803972099], "k_pid_yaw": [0.5, 1e-06, 0.1], "k_pid_hsp": [0.09127154238476666, 0.0, 0.0], "k_pid_vsp": [128.67287395883537, 113.89265116419739, 1.6143575887330543]}, "datetime": {"datetime": "2025-08-12 03:20:19", "elapsed": 39299.08578443527, "delta": 19.859939098358154}, "costs": {"total_cost": 182.5358000690476, "time_cost": 73.066, "final_distance_cost": 1.8158710247462853, "oscillation_cost": 19.361508920287672, "completition_cost": 0.0, "overshoot_cost": 52.09790316218277, "power_cost": 14.17364686279297, "noise_cost": 22.020870099037932, "n_waypoints_completed": 9, "tot_waypoints": 9}}
{"target": -182.27128162840387, "params": {"k_pid_pos": [0.5290374401518473, 0.0, 0.0], "k_pid_alt": [1.616240719591571, 0.0, 0.07963087561461415], "k_pid_att": [29.74251901328756, 2.1525009380866633, 0.2332125614306606], "k_pid_yaw": [0.5, 1e-06, 0.1], "k_pid_hsp": [0.09297679038221174, 0.0, 0.0], "k_pid_vsp": [130.35726628224845, 130.1905119488871, 1.9659416850277187]}, "datetime": {"datetime": "2025-08-12 03:20:37", "elapsed": 39317.17527842522, "delta": 18.089493989944458}, "costs": {"total_cost": 182.27128162840387, "time_cost": 72.779, "final_distance_cost": 1.8176987524454848, "oscillation_cost": 19.395217475176242, "completition_cost": 0.0, "overshoot_cost": 52.12330359008001, "power_cost": 14.278449145507814, "noise_cost": 21.877612665194327, "n_waypoints_completed": 9, "tot_waypoints": 9}}
{"target": -182.70626729969015, "params": {"k_pid_pos": [0.532321980133395, 0.0, 0.0], "k_pid_alt": [1.6089699024233926, 0.0, 0.09972627435520222], "k_pid_att": [25.719300373754653, 2.0568676450670758, 0.23213981656292487], "k_pid_yaw": [0.5, 1e-06, 0.1], "k_pid_hsp": [0.0901861372753686, 0.0, 0.0], "k_pid_vsp": [128.93950595326586, 102.27955020116063, 3.132000088810863]}, "datetime": {"datetime": "2025-08-12 03:20:56", "elapsed": 39336.05372810364, "delta": 18.87844967842102}, "costs": {"total_cost": 182.70626729969015, "time_cost": 72.877, "final_distance_cost": 1.82043041947761, "oscillation_cost": 19.452808838326828, "completition_cost": 0.0, "overshoot_cost": 52.43260117864124, "power_cost": 14.186104016113282, "noise_cost": 21.937322847131174, "n_waypoints_completed": 9, "tot_waypoints": 9}}
{"target": -182.84574308074778, "params": {"k_pid_pos": [0.6125344292527727, 0.002035859364541488, 0.0], "k_pid_alt": [1.6312803518963472, 0.0, 0.12954937737873432], "k_pid_att": [25.640303686017912, 2.20909253485494, 0.16133894790615771], "k_pid_yaw": [0.5, 1e-06, 0.1], "k_pid_hsp": [0.09488186550340347, 5.9886616537768364e-05, 0.0], "k_pid_vsp": [127.20943244456981, 132.28957191425187, 1.0390685021919817]}, "datetime": {"datetime": "2025-08-12 03:21:16", "elapsed": 39356.09893870354, "delta": 20.045210599899292}, "costs": {"total_cost": 182.84574308074778, "time_cost": 71.785, "final_distance_cost": 1.8173382055903222, "oscillation_cost": 21.732931501694157, "completition_cost": 0.0, "overshoot_cost": 51.731866775035506, "power_cost": 14.18189783935547, "noise_cost": 21.596708759072357, "n_waypoints_completed": 9, "tot_waypoints": 9}}
{"target": -182.25406759508869, "params": {"k_pid_pos": [0.5291268902092705, 0.0, 0.0], "k_pid_alt": [1.6119802856809795, 0.0, 0.14226342450958718], "k_pid_att": [28.983665752606658, 2.134520677344511, 0.15814276969107394], "k_pid_yaw": [0.5, 1e-06, 0.1], "k_pid_hsp": [0.09260321069083621, 0.0, 0.0], "k_pid_vsp": [127.73442040340939, 115.2809881656157, 1.0906531552484853]}, "datetime": {"datetime": "2025-08-12 03:21:35", "elapsed": 39374.55748677254, "delta": 18.458548069000244}, "costs": {"total_cost": 182.25406759508869, "time_cost": 72.849, "final_distance_cost": 1.835062779096074, "oscillation_cost": 19.526631009011314, "completition_cost": 0.0, "overshoot_cost": 51.87110619149776, "power_cost": 14.194492797851563, "noise_cost": 21.977774817632003, "n_waypoints_completed": 9, "tot_waypoints": 9}}
{"target": -182.34289556029458, "params": {"k_pid_pos": [0.5237530732921131, 0.0, 0.0], "k_pid_alt": [1.6147575315828326, 0.0, 0.14728437864393068], "k_pid_att": [25.953123905079888, 2.116431328915313, 0.23024005599825403], "k_pid_yaw": [0.5, 1e-06, 0.1], "k_pid_hsp": [0.09145022564599568, 0.0, 0.0], "k_pid_vsp": [128.52974221944416, 123.57208276988503, 1.032730308669118]}, "datetime": {"datetime": "2025-08-12 03:21:54", "elapsed": 39394.31180477142, "delta": 19.75431799888611}, "costs": {"total_cost": 182.34289556029458, "time_cost": 72.989, "final_distance_cost": 1.837453410582164, "oscillation_cost": 19.259280928999676, "completition_cost": 0.0, "overshoot_cost": 51.956173086188244, "power_cost": 14.237451892089844, "noise_cost": 22.063536242434648, "n_waypoints_completed": 9, "tot_waypoints": 9}}
{"target": -182.8251463222103, "params": {"k_pid_pos": [0.5267266019306434, 0.0, 0.0], "k_pid_alt": [1.601606327728101, 0.0, 0.139504066362292], "k_pid_att": [24.597978048212948, 2.111094645975669, 0.22655194513392132], "k_pid_yaw": [0.5, 1e-06, 0.1], "k_pid_hsp": [0.09168714554210926, 0.0, 0.0], "k_pid_vsp": [136.25998464530673, 190.37099539660517, 1.3290830174934025]}, "datetime": {"datetime": "2025-08-12 03:22:13", "elapsed": 39412.382330179214, "delta": 18.070525407791138}, "costs": {"total_cost": 182.8251463222103, "time_cost": 72.933, "final_distance_cost": 1.8163683078570254, "oscillation_cost": 19.673679977115018, "completition_cost": 0.0, "overshoot_cost": 52.22453034295053, "power_cost": 14.282495031738282, "noise_cost": 21.89507266254944, "n_waypoints_completed": 9, "tot_waypoints": 9}}
{"target": -182.17632837747195, "params": {"k_pid_pos": [0.5248065238514833, 0.0, 0.0], "k_pid_alt": [1.6159312280417508, 0.0, 0.14252912977246127], "k_pid_att": [26.01603346599535, 2.1341620665549015, 0.23000870702248316], "k_pid_yaw": [0.5, 1e-06, 0.1], "k_pid_hsp": [0.09112327060474643, 0.0, 0.0], "k_pid_vsp": [130.02756631440877, 122.80220070551545, 1.3241476079896124]}, "datetime": {"datetime": "2025-08-12 03:22:32", "elapsed": 39432.266802072525, "delta": 19.884471893310547}, "costs": {"total_cost": 182.17632837747195, "time_cost": 72.982, "final_distance_cost": 1.8131005890569298, "oscillation_cost": 19.19139886525678, "completition_cost": 0.0, "overshoot_cost": 51.87931751949677, "power_cost": 14.233692041015626, "noise_cost": 22.076819362645875, "n_waypoints_completed": 9, "tot_waypoints": 9}}
{"target": -182.5252771872279, "params": {"k_pid_pos": [0.5264633234912163, 0.0, 0.0], "k_pid_alt": [1.6111527702274215, 0.0, 0.11700637437969082], "k_pid_att": [25.65057980449236, 2.0841959937054013, 0.23062535340890494], "k_pid_yaw": [0.5, 1e-06, 0.1], "k_pid_hsp": [0.09189029515011053, 0.0, 0.0], "k_pid_vsp": [128.07761031436573, 122.8783666934873, 1.502578651250857]}, "datetime": {"datetime": "2025-08-12 03:22:51", "elapsed": 39450.96963310242, "delta": 18.702831029891968}, "costs": {"total_cost": 182.5252771872279, "time_cost": 72.898, "final_distance_cost": 1.8242649967359092, "oscillation_cost": 19.607214231680736, "completition_cost": 0.0, "overshoot_cost": 52.110400932610695, "power_cost": 14.169386828613282, "noise_cost": 21.916010197587287, "n_waypoints_completed": 9, "tot_waypoints": 9}}
{"target": -182.32661200804046, "params": {"k_pid_pos": [0.5246309420032631, 0.0, 0.0], "k_pid_alt": [1.648943228264987, 0.0, 0.11541721304008945], "k_pid_att": [25.871032417694348, 1.861273699365015, 0.2400082484234755], "k_pid_yaw": [0.5, 1e-06, 0.1], "k_pid_hsp": [0.08783277350565272, 0.0, 0.0], "k_pid_vsp": [128.5893150218584, 115.08935950685681, 1.866593640992913]}, "datetime": {"datetime": "2025-08-12 03:23:10", "elapsed": 39470.26623034477, "delta": 19.296597242355347}, "costs": {"total_cost": 182.32661200804046, "time_cost": 73.066, "final_distance_cost": 1.8310609701924776, "oscillation_cost": 19.188760698118568, "completition_cost": 0.0, "overshoot_cost": 52.1333701397939, "power_cost": 14.13577918701172, "noise_cost": 21.971641012923826, "n_waypoints_completed": 9, "tot_waypoints": 9}}
{"target": -182.58964195628843, "params": {"k_pid_pos": [0.5322232188900642, 0.0, 0.0], "k_pid_alt": [1.6165298128872196, 0.0, 0.16035032691006634], "k_pid_att": [25.697623435404697, 2.1255353129728434, 0.31625775644538123], "k_pid_yaw": [0.5, 1e-06, 0.1], "k_pid_hsp": [0.08689594217818745, 0.0, 0.0], "k_pid_vsp": [121.96359510446467, 139.33976380237027, 0.9419134676090845]}, "datetime": {"datetime": "2025-08-12 03:23:30", "elapsed": 39489.66186785698, "delta": 19.39563751220703}, "costs": {"total_cost": 182.58964195628843, "time_cost": 73.087, "final_distance_cost": 1.825976575277654, "oscillation_cost": 19.288801186837222, "completition_cost": 0.0, "overshoot_cost": 52.23656421594753, "power_cost": 14.219402844238282, "noise_cost": 21.931897133987736, "n_waypoints_completed": 9, "tot_waypoints": 9}}
{"target": -181.78466659456484, "params": {"k_pid_pos": [0.5260127451499214, 0.0, 0.0], "k_pid_alt": [1.6141783944931563, 0.0, 0.1296608919811362], "k_pid_att": [25.370956188298187, 2.1340037043839057, 0.2320503041493858], "k_pid_yaw": [0.5, 1e-06, 0.1], "k_pid_hsp": [0.09081190210931947, 0.0, 0.0], "k_pid_vsp": [127.16562820283265, 132.84836788572255, 1.1676980610228078]}, "datetime": {"datetime": "2025-08-12 03:23:48", "elapsed": 39508.27435421944, "delta": 18.612486362457275}, "costs": {"total_cost": 181.78466659456484, "time_cost": 72.961, "final_distance_cost": 1.818425429237346, "oscillation_cost": 19.152239459640768, "completition_cost": 0.0, "overshoot_cost": 51.7480535998286, "power_cost": 14.207680236816406, "noise_cost": 21.8972678690417, "n_waypoints_completed": 9, "tot_waypoints": 9}}
