{"target": -182.5111953171605, "params": {"k_pid_pos": [0.5456135051062728, 0.0, 0.0], "k_pid_alt": [1.6062649259166588, 0.0, 0.1599965028986893], "k_pid_att": [23.736819222564595, 2.173458293450868, 0.222096171357436], "k_pid_yaw": [0.5, 1e-06, 0.1], "k_pid_hsp": [0.09086225711611882, 0.0, 0.0], "k_pid_vsp": [129.05974997971276, 124.99715944499313, 0.02643719604871575]}, "datetime": {"datetime": "2025-08-12 04:32:23", "elapsed": 43622.71337008476, "delta": 17.88454794883728}, "costs": {"total_cost": 182.5111953171605, "time_cost": 72.723, "final_distance_cost": 1.8301620057945152, "oscillation_cost": 19.780719749221642, "completition_cost": 0.0, "overshoot_cost": 52.112718687804204, "power_cost": 14.210348071289063, "noise_cost": 21.85424680305107, "n_waypoints_completed": 9, "tot_waypoints": 9}}
{"target": -182.44262712084304, "params": {"k_pid_pos": [0.5265803311688347, 0.0, 0.0], "k_pid_alt": [1.6182673029192483, 0.0, 0.11754425510076168], "k_pid_att": [25.78051799729749, 2.1338907771630877, 0.23395247566457622], "k_pid_yaw": [0.5, 1e-06, 0.1], "k_pid_hsp": [0.08938302464486289, 0.0, 0.0], "k_pid_vsp": [121.73848418546262, 124.45194741833532, 1.0821551325052678]}, "datetime": {"datetime": "2025-08-12 04:32:42", "elapsed": 43642.31519293785, "delta": 19.60182285308838}, "costs": {"total_cost": 182.44262712084304, "time_cost": 72.982, "final_distance_cost": 1.8223734302535612, "oscillation_cost": 19.118743776750307, "completition_cost": 0.0, "overshoot_cost": 52.169306113976646, "power_cost": 14.286645581054689, "noise_cost": 22.063558218807838, "n_waypoints_completed": 9, "tot_waypoints": 9}}
{"target": -182.20008792060102, "params": {"k_pid_pos": [0.5266159097611105, 0.0, 0.0], "k_pid_alt": [1.554657060270611, 0.0, 0.12983618337442587], "k_pid_att": [25.710456459642693, 2.108490347292967, 0.22338389730104805], "k_pid_yaw": [0.5, 1e-06, 0.1], "k_pid_hsp": [0.09467092520300041, 0.0, 0.0], "k_pid_vsp": [128.47791084674785, 127.74255133937446, 1.0351088520740435]}, "datetime": {"datetime": "2025-08-12 04:33:02", "elapsed": 43661.97941493988, "delta": 19.66422200202942}, "costs": {"total_cost": 182.20008792060102, "time_cost": 72.863, "final_distance_cost": 1.8184646794775225, "oscillation_cost": 19.72099205732835, "completition_cost": 0.0, "overshoot_cost": 51.68211543340576, "power_cost": 14.178525427246095, "noise_cost": 21.936990323143313, "n_waypoints_completed": 9, "tot_waypoints": 9}}
{"target": -181.78053114464848, "params": {"k_pid_pos": [0.5268494297494949, 0.0, 0.0], "k_pid_alt": [1.6142586224492044, 0.0, 0.12514490276622392], "k_pid_att": [25.792372406462913, 2.1339291122189965, 0.2292594123154716], "k_pid_yaw": [0.5, 1e-06, 0.1], "k_pid_hsp": [0.09075092326027394, 0.0, 0.0], "k_pid_vsp": [128.85729907312597, 125.46375279642953, 1.0973136412239572]}, "datetime": {"datetime": "2025-08-12 04:33:22", "elapsed": 43681.70611953735, "delta": 19.726704597473145}, "costs": {"total_cost": 181.78053114464848, "time_cost": 72.933, "final_distance_cost": 1.8213208410320008, "oscillation_cost": 19.238864713980266, "completition_cost": 0.0, "overshoot_cost": 51.680105093469756, "power_cost": 14.192001696777345, "noise_cost": 21.9152387993891, "n_waypoints_completed": 9, "tot_waypoints": 9}}
{"target": -182.30929125898717, "params": {"k_pid_pos": [0.529588774368599, 0.0, 0.0], "k_pid_alt": [1.606708000510873, 0.0, 0.1265403456128843], "k_pid_att": [24.795237673215208, 2.212272191869059, 0.22691526794191022], "k_pid_yaw": [0.5, 1e-06, 0.1], "k_pid_hsp": [0.08987135278641764, 0.0, 0.0], "k_pid_vsp": [130.62302530081033, 124.12302478243859, 1.1402670948664106]}, "datetime": {"datetime": "2025-08-12 04:33:41", "elapsed": 43700.80024218559, "delta": 19.094122648239136}, "costs": {"total_cost": 182.30929125898717, "time_cost": 72.926, "final_distance_cost": 1.8326479911375197, "oscillation_cost": 19.26481840172169, "completition_cost": 0.0, "overshoot_cost": 52.10519814531883, "power_cost": 14.261972985839844, "noise_cost": 21.91865373496931, "n_waypoints_completed": 9, "tot_waypoints": 9}}
{"target": -181.96374095721845, "params": {"k_pid_pos": [0.5656423943187444, 0.0, 0.0], "k_pid_alt": [1.6238119298829827, 0.0, 0.1326884568655033], "k_pid_att": [25.696725539179617, 2.2673183766920673, 0.20940317595405972], "k_pid_yaw": [0.5, 1e-06, 0.1], "k_pid_hsp": [0.09502519947476219, 0.0, 0.0], "k_pid_vsp": [127.82355668218753, 125.21973548775493, 1.1982586187005315]}, "datetime": {"datetime": "2025-08-12 04:34:00", "elapsed": 43719.91178035736, "delta": 19.11153817176819}, "costs": {"total_cost": 181.96374095721845, "time_cost": 72.268, "final_distance_cost": 1.831640139441927, "oscillation_cost": 20.50876678169606, "completition_cost": 0.0, "overshoot_cost": 51.518195466150566, "power_cost": 14.186884875488282, "noise_cost": 21.650253694441602, "n_waypoints_completed": 9, "tot_waypoints": 9}}
{"target": -182.80656340247324, "params": {"k_pid_pos": [0.5645580976251161, 0.0, 0.0], "k_pid_alt": [1.6104102901930812, 0.0, 0.1331382754473485], "k_pid_att": [25.642024456882762, 2.194124601067247, 0.23528416648016662], "k_pid_yaw": [0.5, 1e-06, 0.1], "k_pid_hsp": [0.09101309931051318, 0.0, 0.0], "k_pid_vsp": [128.1055096294978, 120.22489057476513, 1.0073710766141257]}, "datetime": {"datetime": "2025-08-12 04:34:20", "elapsed": 43739.3989405632, "delta": 19.487160205841064}, "costs": {"total_cost": 182.80656340247324, "time_cost": 72.45, "final_distance_cost": 1.8230977105030994, "oscillation_cost": 20.42218269997268, "completition_cost": 0.0, "overshoot_cost": 52.044121405779755, "power_cost": 14.216255920410157, "noise_cost": 21.85090566580754, "n_waypoints_completed": 9, "tot_waypoints": 9}}
{"target": -182.40731185241418, "params": {"k_pid_pos": [0.536080494862767, 0.0, 0.0], "k_pid_alt": [1.6278072435486235, 0.0, 0.1197876216029736], "k_pid_att": [27.195489221534977, 2.121176001807364, 0.23733028176007226], "k_pid_yaw": [0.5, 1e-06, 0.1], "k_pid_hsp": [0.08413709812859892, 0.0, 0.0], "k_pid_vsp": [129.4976206700375, 104.47407504776727, 1.0745324053255627]}, "datetime": {"datetime": "2025-08-12 04:34:37", "elapsed": 43757.265602350235, "delta": 17.86666178703308}, "costs": {"total_cost": 182.40731185241418, "time_cost": 73.143, "final_distance_cost": 1.832978878451376, "oscillation_cost": 18.902887523107353, "completition_cost": 0.0, "overshoot_cost": 52.31564174765884, "power_cost": 14.247671411132814, "noise_cost": 21.965132292063807, "n_waypoints_completed": 9, "tot_waypoints": 9}}
{"target": -182.14194314065452, "params": {"k_pid_pos": [0.5408294547535988, 0.0, 0.0], "k_pid_alt": [1.6152310185933532, 0.0, 0.023537724904705487], "k_pid_att": [26.07957936932501, 2.127091966170058, 0.24392272864660813], "k_pid_yaw": [0.5, 1e-06, 0.1], "k_pid_hsp": [0.09544912873280177, 0.0, 0.0], "k_pid_vsp": [130.8206150426876, 130.17156159923732, 1.1386358044756013]}, "datetime": {"datetime": "2025-08-12 04:34:56", "elapsed": 43776.24043440819, "delta": 18.97483205795288}, "costs": {"total_cost": 182.14194314065452, "time_cost": 72.485, "final_distance_cost": 1.8299071804941505, "oscillation_cost": 19.860601078044496, "completition_cost": 0.0, "overshoot_cost": 51.88312922374133, "power_cost": 14.212760852050781, "noise_cost": 21.87054480632374, "n_waypoints_completed": 9, "tot_waypoints": 9}}
{"target": -182.18351277302654, "params": {"k_pid_pos": [0.5172845622343292, 0.0, 0.0], "k_pid_alt": [1.6103625877116532, 0.0, 0.13526294032790753], "k_pid_att": [44.37752333510981, 2.130588068103846, 0.2688902457553827], "k_pid_yaw": [0.5, 1e-06, 0.1], "k_pid_hsp": [0.09181073871741773, 0.0, 0.0], "k_pid_vsp": [129.57372852334325, 136.82789123914742, 1.122655401405751]}, "datetime": {"datetime": "2025-08-12 04:35:15", "elapsed": 43794.82498550415, "delta": 18.584551095962524}, "costs": {"total_cost": 182.18351277302654, "time_cost": 73.066, "final_distance_cost": 1.8287891993828094, "oscillation_cost": 19.10930914920757, "completition_cost": 0.0, "overshoot_cost": 51.98730125424165, "power_cost": 14.202929882812501, "noise_cost": 21.989183287381987, "n_waypoints_completed": 9, "tot_waypoints": 9}}
{"target": -182.6382163252824, "params": {"k_pid_pos": [0.5266445856552431, 0.0, 0.0], "k_pid_alt": [1.6140885433385401, 0.0, 0.12595610221134712], "k_pid_att": [26.068985137894558, 1.9747607462520431, 0.22695793461179617], "k_pid_yaw": [0.5, 1e-06, 0.1], "k_pid_hsp": [0.0862398910939248, 0.0, 0.0], "k_pid_vsp": [137.35571900880933, 90.45815758985484, 1.244877912742999]}, "datetime": {"datetime": "2025-08-12 04:35:35", "elapsed": 43814.83457684517, "delta": 20.009591341018677}, "costs": {"total_cost": 182.6382163252824, "time_cost": 73.19200000000001, "final_distance_cost": 1.8202734168093693, "oscillation_cost": 18.7859891041603, "completition_cost": 0.0, "overshoot_cost": 52.435847658466464, "power_cost": 14.291817358398438, "noise_cost": 22.112288787447834, "n_waypoints_completed": 9, "tot_waypoints": 9}}
{"target": -181.76785823838676, "params": {"k_pid_pos": [0.5269367913598219, 0.0, 0.0], "k_pid_alt": [1.6134332280939325, 0.0, 0.1393760839510383], "k_pid_att": [26.294550275326415, 2.130633227827718, 0.2155380859511739], "k_pid_yaw": [0.5, 1e-06, 0.1], "k_pid_hsp": [0.09088673845508954, 0.0, 0.0], "k_pid_vsp": [127.77754091310108, 126.08388123718493, 1.0975085388827985]}, "datetime": {"datetime": "2025-08-12 04:35:54", "elapsed": 43833.72290849686, "delta": 18.888331651687622}, "costs": {"total_cost": 181.76785823838676, "time_cost": 72.94, "final_distance_cost": 1.829819302314064, "oscillation_cost": 19.18245215756652, "completition_cost": 0.0, "overshoot_cost": 51.714137208967976, "power_cost": 14.192301342773439, "noise_cost": 21.909148226764763, "n_waypoints_completed": 9, "tot_waypoints": 9}}
{"target": -182.34714271812354, "params": {"k_pid_pos": [0.5275846955432703, 0.0, 0.0], "k_pid_alt": [1.6143279112611642, 0.0, 0.13690101419798553], "k_pid_att": [24.35817021705973, 2.0239035887909, 0.2280802791225223], "k_pid_yaw": [0.5, 1e-06, 0.1], "k_pid_hsp": [0.09283080132637961, 0.0, 0.0], "k_pid_vsp": [129.23323555198203, 126.83533217250753, 1.1479290366114736]}, "datetime": {"datetime": "2025-08-12 04:36:14", "elapsed": 43853.604793548584, "delta": 19.881885051727295}, "costs": {"total_cost": 182.34714271812354, "time_cost": 72.87, "final_distance_cost": 1.8265307031896774, "oscillation_cost": 19.589735507150433, "completition_cost": 0.0, "overshoot_cost": 51.92439670809623, "power_cost": 14.197326574707033, "noise_cost": 21.939153224980146, "n_waypoints_completed": 9, "tot_waypoints": 9}}
{"target": -182.55010358136653, "params": {"k_pid_pos": [0.5340124123048273, 0.0, 0.0], "k_pid_alt": [1.6149142724107222, 0.0, 0.12826703480125318], "k_pid_att": [27.893239702089993, 2.057799428547741, 0.22971938087007093], "k_pid_yaw": [0.5, 1e-06, 0.1], "k_pid_hsp": [0.09078952284747348, 0.0, 0.0], "k_pid_vsp": [125.91372171671782, 124.9427962341194, 0.9466404627187611]}, "datetime": {"datetime": "2025-08-12 04:36:32", "elapsed": 43872.35008096695, "delta": 18.74528741836548}, "costs": {"total_cost": 182.55010358136653, "time_cost": 72.83500000000001, "final_distance_cost": 1.837175890229639, "oscillation_cost": 19.587659845681934, "completition_cost": 0.0, "overshoot_cost": 52.080567067612854, "power_cost": 14.248070068359375, "noise_cost": 21.961630709482705, "n_waypoints_completed": 9, "tot_waypoints": 9}}
{"target": -182.01339201021133, "params": {"k_pid_pos": [0.5294521929223235, 0.0, 0.0], "k_pid_alt": [1.6202345926295263, 0.0, 0.1250449138615388], "k_pid_att": [28.929920592243267, 2.2089500612469006, 0.2233957453513823], "k_pid_yaw": [0.5, 1e-06, 0.1], "k_pid_hsp": [0.09440469092598068, 0.0, 0.0], "k_pid_vsp": [130.0032729030704, 129.19875915934765, 0.48250688334427316]}, "datetime": {"datetime": "2025-08-12 04:36:53", "elapsed": 43892.41352915764, "delta": 20.063448190689087}, "costs": {"total_cost": 182.01339201021133, "time_cost": 72.772, "final_distance_cost": 1.829486263452252, "oscillation_cost": 19.490024063006867, "completition_cost": 0.0, "overshoot_cost": 51.81007606973397, "power_cost": 14.243463049316407, "noise_cost": 21.86834256470184, "n_waypoints_completed": 9, "tot_waypoints": 9}}
{"target": -182.52426997720713, "params": {"k_pid_pos": [0.5219402779138961, 0.0, 0.0], "k_pid_alt": [1.6142383481878606, 0.0, 0.08996429826510588], "k_pid_att": [25.88751117852592, 1.9786935910245453, 0.251520262126104], "k_pid_yaw": [0.5, 1e-06, 0.1], "k_pid_hsp": [0.08937456904458886, 0.0, 0.0], "k_pid_vsp": [128.36956350793227, 213.86340111549274, 2.8441333693456374]}, "datetime": {"datetime": "2025-08-12 04:37:10", "elapsed": 43910.30283784866, "delta": 17.88930869102478}, "costs": {"total_cost": 182.52426997720713, "time_cost": 73.031, "final_distance_cost": 1.8164603773563242, "oscillation_cost": 19.165337858139104, "completition_cost": 0.0, "overshoot_cost": 52.158005618398604, "power_cost": 14.377276477050781, "noise_cost": 21.976189646262316, "n_waypoints_completed": 9, "tot_waypoints": 9}}
{"target": -184.86462878915003, "params": {"k_pid_pos": [0.3948523155977944, 0.004749174983395403, 0.0005537582986224607], "k_pid_alt": [1.6196103464081937, 0.0, 0.17188364069238873], "k_pid_att": [25.517943029787457, 2.2731847558302922, 0.21922560597640087], "k_pid_yaw": [0.5, 1e-06, 0.1], "k_pid_hsp": [0.09195002697547341, 0.0005068746373290799, 0.0], "k_pid_vsp": [129.86249548984077, 123.70382482263861, 1.4476717603743359]}, "datetime": {"datetime": "2025-08-12 04:37:31", "elapsed": 43930.86848640442, "delta": 20.565648555755615}, "costs": {"total_cost": 184.86462878915003, "time_cost": 76.21600000000001, "final_distance_cost": 1.8443657165795007, "oscillation_cost": 16.601663743096836, "completition_cost": 0.0, "overshoot_cost": 52.190724586134706, "power_cost": 14.63847137451172, "noise_cost": 23.373403368827276, "n_waypoints_completed": 9, "tot_waypoints": 9}}
{"target": -182.49891960359693, "params": {"k_pid_pos": [0.5303589000391696, 0.0, 0.0], "k_pid_alt": [1.6150255450387851, 0.0, 0.11173096186775665], "k_pid_att": [28.35381335352209, 2.1383333463104304, 0.2058424992160708], "k_pid_yaw": [0.5, 1e-06, 0.1], "k_pid_hsp": [0.08802822094370155, 0.0, 0.0], "k_pid_vsp": [128.4418289814705, 113.95833280297738, 1.0950828755265247]}, "datetime": {"datetime": "2025-08-12 04:37:49", "elapsed": 43949.272649526596, "delta": 18.404163122177124}, "costs": {"total_cost": 182.49891960359693, "time_cost": 72.996, "final_distance_cost": 1.824042983103958, "oscillation_cost": 19.114449294568633, "completition_cost": 0.0, "overshoot_cost": 52.26616909657468, "power_cost": 14.2645810546875, "noise_cost": 22.033677174662166, "n_waypoints_completed": 9, "tot_waypoints": 9}}
{"target": -182.20604432356333, "params": {"k_pid_pos": [0.5244219100289316, 0.0, 0.0], "k_pid_alt": [1.6155799227361634, 0.0, 0.13230925412379888], "k_pid_att": [25.706610837835793, 2.118379063390212, 0.24101120230755166], "k_pid_yaw": [0.5, 1e-06, 0.1], "k_pid_hsp": [0.09205618752794052, 0.0, 0.0], "k_pid_vsp": [128.47364915901113, 124.39352284304302, 1.1465450830321309]}, "datetime": {"datetime": "2025-08-12 04:38:09", "elapsed": 43969.06812596321, "delta": 19.79547643661499}, "costs": {"total_cost": 182.20604432356333, "time_cost": 72.926, "final_distance_cost": 1.8345229384378356, "oscillation_cost": 19.382322257794023, "completition_cost": 0.0, "overshoot_cost": 52.01882247101992, "power_cost": 14.141932958984375, "noise_cost": 21.902443697327183, "n_waypoints_completed": 9, "tot_waypoints": 9}}
{"target": -182.3508995094222, "params": {"k_pid_pos": [0.5226406479304935, 0.0, 0.0], "k_pid_alt": [1.5704434909103704, 0.0, 0.1363911037555761], "k_pid_att": [24.498127002254293, 2.1542433597024937, 0.22524707868837188], "k_pid_yaw": [0.5, 1e-06, 0.1], "k_pid_hsp": [0.09234559169960484, 0.0, 0.0], "k_pid_vsp": [130.54086116700074, 121.89065128930963, 1.0855805235885279]}, "datetime": {"datetime": "2025-08-12 04:38:28", "elapsed": 43988.20797777176, "delta": 19.139851808547974}, "costs": {"total_cost": 182.3508995094222, "time_cost": 72.989, "final_distance_cost": 1.8318674792191305, "oscillation_cost": 19.289134623918088, "completition_cost": 0.0, "overshoot_cost": 51.945488214756146, "power_cost": 14.236501342773439, "noise_cost": 22.05890784875539, "n_waypoints_completed": 9, "tot_waypoints": 9}}
{"target": -181.77669827488523, "params": {"k_pid_pos": [0.5253962492447917, 0.0, 0.0], "k_pid_alt": [1.6137257541648224, 0.0, 0.12992254886336999], "k_pid_att": [25.848093731584783, 2.1318879075424575, 0.23365861086085804], "k_pid_yaw": [0.5, 1e-06, 0.1], "k_pid_hsp": [0.09093757923078873, 0.0, 0.0], "k_pid_vsp": [128.94530407432663, 125.37445592849097, 1.271791231661647]}, "datetime": {"datetime": "2025-08-12 04:38:47", "elapsed": 44006.51233243942, "delta": 18.304354667663574}, "costs": {"total_cost": 181.77669827488523, "time_cost": 72.95400000000001, "final_distance_cost": 1.8224603101472434, "oscillation_cost": 19.139781132770985, "completition_cost": 0.0, "overshoot_cost": 51.755420994061154, "power_cost": 14.194831262207032, "noise_cost": 21.91020457569881, "n_waypoints_completed": 9, "tot_waypoints": 9}}
{"target": -182.23185182456385, "params": {"k_pid_pos": [0.5263957845518322, 0.0, 0.0], "k_pid_alt": [1.6125531268251962, 0.0, 0.21647322058881707], "k_pid_att": [25.718098589375668, 2.066420676305019, 0.22969777019079052], "k_pid_yaw": [0.5, 1e-06, 0.1], "k_pid_hsp": [0.09028648718240619, 0.0, 0.0], "k_pid_vsp": [128.00111916608648, 126.08414944627229, 1.0852982197168028]}, "datetime": {"datetime": "2025-08-12 04:39:06", "elapsed": 44025.58989715576, "delta": 19.07756471633911}, "costs": {"total_cost": 182.23185182456385, "time_cost": 73.08, "final_distance_cost": 1.8165860773561668, "oscillation_cost": 19.214555477360825, "completition_cost": 0.0, "overshoot_cost": 51.98165085371888, "power_cost": 14.197204333496094, "noise_cost": 21.94185508263185, "n_waypoints_completed": 9, "tot_waypoints": 9}}
{"target": -181.85983891672782, "params": {"k_pid_pos": [0.5245416113734734, 0.0, 0.0], "k_pid_alt": [1.6318955532821973, 0.0, 0.14447027560488035], "k_pid_att": [25.74306662594793, 2.098939278170926, 0.26867888094442294], "k_pid_yaw": [0.5, 1e-06, 0.1], "k_pid_hsp": [0.09171765191026326, 0.0, 0.0], "k_pid_vsp": [127.55759263854458, 118.96393801851838, 1.1885450400375008]}, "datetime": {"datetime": "2025-08-12 04:39:25", "elapsed": 44045.28185892105, "delta": 19.691961765289307}, "costs": {"total_cost": 181.85983891672782, "time_cost": 72.94, "final_distance_cost": 1.8330287679144814, "oscillation_cost": 19.202302281717195, "completition_cost": 0.0, "overshoot_cost": 51.766631990558885, "power_cost": 14.192911083984376, "noise_cost": 21.924964792552878, "n_waypoints_completed": 9, "tot_waypoints": 9}}
{"target": -182.2448902299415, "params": {"k_pid_pos": [0.5732935492609225, 0.0, 0.0], "k_pid_alt": [1.6124161101450272, 0.0, 0.12228397307518174], "k_pid_att": [25.615903425644536, 2.1537443891217825, 0.21015816827015402], "k_pid_yaw": [0.5, 1e-06, 0.1], "k_pid_hsp": [0.09389474918833696, 0.0, 0.0], "k_pid_vsp": [131.52807427327622, 121.6103979210328, 0.24177646461688596]}, "datetime": {"datetime": "2025-08-12 04:39:43", "elapsed": 44063.13088965416, "delta": 17.84903073310852}, "costs": {"total_cost": 182.2448902299415, "time_cost": 72.226, "final_distance_cost": 1.8232340998090033, "oscillation_cost": 20.755718220736004, "completition_cost": 0.0, "overshoot_cost": 51.68712677267976, "power_cost": 14.095876928710938, "noise_cost": 21.656934208005783, "n_waypoints_completed": 9, "tot_waypoints": 9}}
{"target": -182.0716938447727, "params": {"k_pid_pos": [0.526423442549401, 0.0, 0.0], "k_pid_alt": [1.6152563791003978, 0.0, 0.11800205870041201], "k_pid_att": [26.25825926617244, 2.133526891975199, 0.24093335056945023], "k_pid_yaw": [0.5, 1e-06, 0.1], "k_pid_hsp": [0.09082855424098929, 0.0, 0.0], "k_pid_vsp": [128.9165157312646, 124.21974347877527, 1.1323949918115992]}, "datetime": {"datetime": "2025-08-12 04:40:03", "elapsed": 44083.30981349945, "delta": 20.178923845291138}, "costs": {"total_cost": 182.0716938447727, "time_cost": 72.926, "final_distance_cost": 1.822321025454556, "oscillation_cost": 19.203812681383678, "completition_cost": 0.0, "overshoot_cost": 52.02621338556234, "power_cost": 14.184767016601564, "noise_cost": 21.908579735770562, "n_waypoints_completed": 9, "tot_waypoints": 9}}
{"target": -182.0854110812166, "params": {"k_pid_pos": [0.5257057780298316, 0.0, 0.0], "k_pid_alt": [1.616411562660253, 0.0, 0.124640808756114], "k_pid_att": [25.82811560606601, 2.1492964217196753, 0.22629056002002756], "k_pid_yaw": [0.5, 1e-06, 0.1], "k_pid_hsp": [0.09093944341544105, 0.0, 0.0], "k_pid_vsp": [126.1786754453202, 125.43351717883313, 1.183153674227027]}, "datetime": {"datetime": "2025-08-12 04:40:21", "elapsed": 44101.0800845623, "delta": 17.770271062850952}, "costs": {"total_cost": 182.0854110812166, "time_cost": 72.926, "final_distance_cost": 1.8358067205312711, "oscillation_cost": 19.19016614712808, "completition_cost": 0.0, "overshoot_cost": 52.02306212725959, "power_cost": 14.197872143554688, "noise_cost": 21.912503942742973, "n_waypoints_completed": 9, "tot_waypoints": 9}}
