{"target": -182.0832766125229, "params": {"k_pid_pos": [0.5321407008718326, 0.0, 0.0], "k_pid_alt": [1.6038072391040876, 0.0, 0.10610155713125138], "k_pid_att": [25.39978100964261, 2.1246508005391127, 0.2097002763708098], "k_pid_yaw": [0.5, 1e-06, 0.1], "k_pid_hsp": [0.09258746254655925, 0.0, 0.0], "k_pid_vsp": [127.0149997750791, 95.70681407098645, 1.4905207894310113]}, "datetime": {"datetime": "2025-08-12 01:00:41", "elapsed": 30921.320125579834, "delta": 17.71478533744812}, "costs": {"total_cost": 182.0832766125229, "time_cost": 72.793, "final_distance_cost": 1.8210618736126714, "oscillation_cost": 19.490382578057257, "completition_cost": 0.0, "overshoot_cost": 51.94685053230805, "power_cost": 14.162782482910156, "noise_cost": 21.869199145634752, "n_waypoints_completed": 9, "tot_waypoints": 9}}
{"target": -182.20088280361063, "params": {"k_pid_pos": [0.5224499723221485, 0.0, 0.0], "k_pid_alt": [1.6079650970752977, 0.0, 0.1556984555931306], "k_pid_att": [25.92815037314395, 2.298759200286188, 0.21029457008899557], "k_pid_yaw": [0.5, 1e-06, 0.1], "k_pid_hsp": [0.09057130660506665, 0.0, 0.0], "k_pid_vsp": [126.62850917690925, 123.48127271910063, 0.9851266775931097]}, "datetime": {"datetime": "2025-08-12 01:01:01", "elapsed": 30940.851083517075, "delta": 19.5309579372406}, "costs": {"total_cost": 182.20088280361063, "time_cost": 73.045, "final_distance_cost": 1.8308147322500192, "oscillation_cost": 19.223081883457677, "completition_cost": 0.0, "overshoot_cost": 51.90860533024755, "power_cost": 14.190630139160158, "noise_cost": 22.002750718495193, "n_waypoints_completed": 9, "tot_waypoints": 9}}
{"target": -182.67284094316992, "params": {"k_pid_pos": [0.5285656357773963, 0.0, 0.0], "k_pid_alt": [1.5966046379879448, 0.0, 0.1485562766217948], "k_pid_att": [25.648469285195738, 2.058267334183749, 0.19151034904968617], "k_pid_yaw": [0.5, 1e-06, 0.1], "k_pid_hsp": [0.10263818456392765, 0.0, 0.0], "k_pid_vsp": [130.58814490622103, 72.4010587832951, 0.9216069712828161]}, "datetime": {"datetime": "2025-08-12 01:01:20", "elapsed": 30959.422518014908, "delta": 18.571434497833252}, "costs": {"total_cost": 182.67284094316992, "time_cost": 72.765, "final_distance_cost": 1.8259704073258904, "oscillation_cost": 20.22534186314954, "completition_cost": 0.0, "overshoot_cost": 51.72552341420468, "power_cost": 14.18725291748047, "noise_cost": 21.943752341009333, "n_waypoints_completed": 9, "tot_waypoints": 9}}
{"target": -187.5648139296269, "params": {"k_pid_pos": [0.5896479286166455, 0.0, 0.0], "k_pid_alt": [1.6512201519685497, 0.0, 0.18606150175435676], "k_pid_att": [21.090198731967522, 1.6722704711562317, 0.0], "k_pid_yaw": [0.5, 1e-06, 0.1], "k_pid_hsp": [0.12236211869802609, 0.0, 0.0], "k_pid_vsp": [104.79453822787033, 122.16380377247694, 0.33695508595492574]}, "datetime": {"datetime": "2025-08-12 01:01:38", "elapsed": 30977.871372938156, "delta": 18.44885492324829}, "costs": {"total_cost": 187.5648139296269, "time_cost": 71.694, "final_distance_cost": 1.8422071535460856, "oscillation_cost": 26.751391203758804, "completition_cost": 0.0, "overshoot_cost": 51.489635136885774, "power_cost": 14.212679455566407, "noise_cost": 21.57490097986981, "n_waypoints_completed": 9, "tot_waypoints": 9}}
{"target": -182.1745562584196, "params": {"k_pid_pos": [0.5283685815002369, 0.0, 0.0], "k_pid_alt": [1.6215939247758109, 0.0, 0.14785609651262024], "k_pid_att": [25.871556066319872, 2.122309900528009, 0.24277937933949983], "k_pid_yaw": [0.5, 1e-06, 0.1], "k_pid_hsp": [0.08851014786974405, 0.0, 0.0], "k_pid_vsp": [135.08675218798354, 105.37702554647277, 0.006413950713359151]}, "datetime": {"datetime": "2025-08-12 01:01:56", "elapsed": 30996.343892097473, "delta": 18.472519159317017}, "costs": {"total_cost": 182.1745562584196, "time_cost": 73.031, "final_distance_cost": 1.8287981224007952, "oscillation_cost": 19.183926643600618, "completition_cost": 0.0, "overshoot_cost": 51.94582444456447, "power_cost": 14.172985498046875, "noise_cost": 22.01202154980686, "n_waypoints_completed": 9, "tot_waypoints": 9}}
{"target": -182.5281852572691, "params": {"k_pid_pos": [0.5244847836414465, 0.0, 0.0], "k_pid_alt": [1.457553601777362, 0.0, 0.13769589698206802], "k_pid_att": [26.443642206105917, 1.8474633807798637, 0.20934206824504115], "k_pid_yaw": [0.5, 1e-06, 0.1], "k_pid_hsp": [0.10334458238410951, 0.0, 0.0], "k_pid_vsp": [124.94217617557446, 117.20327906944667, 1.5782178678026089]}, "datetime": {"datetime": "2025-08-12 01:02:16", "elapsed": 31015.701397418976, "delta": 19.357505321502686}, "costs": {"total_cost": 182.5281852572691, "time_cost": 72.891, "final_distance_cost": 1.8266784205053708, "oscillation_cost": 20.15883533509568, "completition_cost": 0.0, "overshoot_cost": 51.44592069467147, "power_cost": 14.274327587890626, "noise_cost": 21.931423219105927, "n_waypoints_completed": 9, "tot_waypoints": 9}}
{"target": -182.78042539248096, "params": {"k_pid_pos": [0.5285940742473285, 0.0, 0.0], "k_pid_alt": [1.6683083122670317, 0.0, 0.1482436710881424], "k_pid_att": [24.651229856753883, 2.1902673771800507, 0.1685664796351988], "k_pid_yaw": [0.5, 1e-06, 0.1], "k_pid_hsp": [0.09094144146571295, 0.0, 0.0], "k_pid_vsp": [117.49771165557115, 121.49688926956662, 2.1424542108155697]}, "datetime": {"datetime": "2025-08-12 01:02:35", "elapsed": 31035.032826662064, "delta": 19.33142924308777}, "costs": {"total_cost": 182.78042539248096, "time_cost": 72.877, "final_distance_cost": 1.8366080483796197, "oscillation_cost": 19.575521499973235, "completition_cost": 0.0, "overshoot_cost": 52.280548569403976, "power_cost": 14.24387908935547, "noise_cost": 21.96686818536866, "n_waypoints_completed": 9, "tot_waypoints": 9}}
{"target": -182.14196513637424, "params": {"k_pid_pos": [0.5397138941655546, 0.0, 0.0], "k_pid_alt": [1.6130994120124162, 0.0, 0.13788607167424527], "k_pid_att": [24.624577005968334, 1.9612607311255321, 0.21456389603752093], "k_pid_yaw": [0.5, 1e-06, 0.1], "k_pid_hsp": [0.09250957893898246, 0.0, 0.0], "k_pid_vsp": [127.44265795995892, 103.42852917999922, 1.6664908142754387]}, "datetime": {"datetime": "2025-08-12 01:02:54", "elapsed": 31053.699343681335, "delta": 18.66651701927185}, "costs": {"total_cost": 182.14196513637424, "time_cost": 72.709, "final_distance_cost": 1.8228505021284815, "oscillation_cost": 19.606987465965997, "completition_cost": 0.0, "overshoot_cost": 51.86874605864077, "power_cost": 14.215715136718751, "noise_cost": 21.918665972920245, "n_waypoints_completed": 9, "tot_waypoints": 9}}
{"target": -182.49664133639655, "params": {"k_pid_pos": [0.5406981132503841, 0.0, 0.0], "k_pid_alt": [1.649130750868604, 0.0, 0.19606613116573987], "k_pid_att": [25.71816002568401, 2.2498221788061445, 0.19742092711325246], "k_pid_yaw": [0.5, 1e-06, 0.1], "k_pid_hsp": [0.0997815026202699, 0.0, 0.0], "k_pid_vsp": [151.3730224379387, 124.8081953053598, 1.6771920814336527]}, "datetime": {"datetime": "2025-08-12 01:03:13", "elapsed": 31072.83843755722, "delta": 19.13909387588501}, "costs": {"total_cost": 182.49664133639655, "time_cost": 72.548, "final_distance_cost": 1.839655921601959, "oscillation_cost": 20.28614710487745, "completition_cost": 0.0, "overshoot_cost": 51.70875965434356, "power_cost": 14.260857836914063, "noise_cost": 21.853220818659516, "n_waypoints_completed": 9, "tot_waypoints": 9}}
{"target": -182.5522545607019, "params": {"k_pid_pos": [0.5838941255588651, 0.0, 0.0], "k_pid_alt": [1.6062710825287516, 0.0, 0.16019458891276106], "k_pid_att": [24.933886356592986, 1.971535971894524, 0.31282961012123345], "k_pid_yaw": [0.5, 1e-06, 0.1], "k_pid_hsp": [0.09497013033028229, 0.0, 0.0], "k_pid_vsp": [127.62200234301962, 114.21083301159204, 0.40355910637546805]}, "datetime": {"datetime": "2025-08-12 01:03:31", "elapsed": 31091.07417869568, "delta": 18.235741138458252}, "costs": {"total_cost": 182.5522545607019, "time_cost": 72.114, "final_distance_cost": 1.8300678881992334, "oscillation_cost": 20.68496729742941, "completition_cost": 0.0, "overshoot_cost": 52.047725821615295, "power_cost": 14.181316760253907, "noise_cost": 21.694176793204022, "n_waypoints_completed": 9, "tot_waypoints": 9}}
{"target": -183.24116929988497, "params": {"k_pid_pos": [0.6849308416525616, 0.0, 0.0], "k_pid_alt": [1.5986647906515812, 0.0, 0.12423113635487411], "k_pid_att": [25.63978123651299, 2.1350744527193206, 0.2108622996207677], "k_pid_yaw": [0.5, 1e-06, 0.1], "k_pid_hsp": [0.09516048884380221, 0.0, 0.0], "k_pid_vsp": [127.46348903376719, 121.86193975844894, 1.248305987950903]}, "datetime": {"datetime": "2025-08-12 01:03:50", "elapsed": 31110.117820501328, "delta": 19.043641805648804}, "costs": {"total_cost": 183.24116929988497, "time_cost": 71.267, "final_distance_cost": 1.8058461887906787, "oscillation_cost": 22.933189095333223, "completition_cost": 0.0, "overshoot_cost": 51.76636432551627, "power_cost": 14.111270568847656, "noise_cost": 21.35749912139716, "n_waypoints_completed": 9, "tot_waypoints": 9}}
{"target": -182.41239662575134, "params": {"k_pid_pos": [0.528114880254041, 0.0, 0.0], "k_pid_alt": [1.5314905085691561, 0.0, 0.14829316460040126], "k_pid_att": [24.888274128980107, 2.105696079098195, 0.2339258303649124], "k_pid_yaw": [0.5, 1e-06, 0.1], "k_pid_hsp": [0.09094352391989964, 0.0, 0.0], "k_pid_vsp": [131.36653972389377, 120.71230869262986, 1.2056836562181745]}, "datetime": {"datetime": "2025-08-12 01:04:09", "elapsed": 31128.639729738235, "delta": 18.52190923690796}, "costs": {"total_cost": 182.41239662575134, "time_cost": 73.017, "final_distance_cost": 1.835802823040293, "oscillation_cost": 19.30111170372212, "completition_cost": 0.0, "overshoot_cost": 52.02022151234288, "power_cost": 14.235612829589844, "noise_cost": 22.002647757056188, "n_waypoints_completed": 9, "tot_waypoints": 9}}
{"target": -183.81043116674243, "params": {"k_pid_pos": [0.5225381075652399, 0.0, 0.0], "k_pid_alt": [1.6130861376222292, 0.0, 0.14814835550795724], "k_pid_att": [24.571945704564058, 2.2912271093477785, 0.17581056283466065], "k_pid_yaw": [0.5, 1e-06, 0.1], "k_pid_hsp": [0.07314598264507466, 0.0, 0.0], "k_pid_vsp": [175.61342932069124, 131.58025064954037, 1.6040701399015793]}, "datetime": {"datetime": "2025-08-12 01:04:27", "elapsed": 31147.112592220306, "delta": 18.472862482070923}, "costs": {"total_cost": 183.81043116674243, "time_cost": 74.494, "final_distance_cost": 1.7976751494996899, "oscillation_cost": 17.527059392389873, "completition_cost": 0.0, "overshoot_cost": 53.11818272511853, "power_cost": 14.436464282226563, "noise_cost": 22.437049617507803, "n_waypoints_completed": 9, "tot_waypoints": 9}}
{"target": -182.85429498743557, "params": {"k_pid_pos": [0.5086101502796264, 0.0, 0.0], "k_pid_alt": [1.4433916481507976, 0.0, 0.17401176381187639], "k_pid_att": [26.21020443824748, 2.0866582840534216, 0.2429418022572025], "k_pid_yaw": [0.5, 1e-06, 0.1], "k_pid_hsp": [0.09019162425058944, 0.0, 0.0], "k_pid_vsp": [130.70666249435146, 104.5424807086954, 1.151392292498507]}, "datetime": {"datetime": "2025-08-12 01:04:46", "elapsed": 31165.987256765366, "delta": 18.874664545059204}, "costs": {"total_cost": 182.85429498743557, "time_cost": 73.514, "final_distance_cost": 1.833530337282974, "oscillation_cost": 18.825120232720792, "completition_cost": 0.0, "overshoot_cost": 52.170178176037496, "power_cost": 14.313978076171876, "noise_cost": 22.1974881652224, "n_waypoints_completed": 9, "tot_waypoints": 9}}
{"target": -182.54402537022932, "params": {"k_pid_pos": [0.5240059590593806, 0.0, 0.0], "k_pid_alt": [1.6103597075399734, 0.0, 0.14117063734716598], "k_pid_att": [24.891622896341737, 2.2279189494710896, 0.2167467863617027], "k_pid_yaw": [0.5, 1e-06, 0.1], "k_pid_hsp": [0.09363529519827157, 0.0, 0.0], "k_pid_vsp": [133.5730466019753, 122.44635908535719, 1.2085545302766512]}, "datetime": {"datetime": "2025-08-12 01:05:05", "elapsed": 31184.435048103333, "delta": 18.44779133796692}, "costs": {"total_cost": 182.54402537022932, "time_cost": 72.905, "final_distance_cost": 1.8267025718397119, "oscillation_cost": 19.773972519160502, "completition_cost": 0.0, "overshoot_cost": 51.94730779141101, "power_cost": 14.16163035888672, "noise_cost": 21.929412128931347, "n_waypoints_completed": 9, "tot_waypoints": 9}}
{"target": -182.80132842071382, "params": {"k_pid_pos": [0.509061032998454, 0.0, 0.0], "k_pid_alt": [1.5784616613750746, 0.0, 0.19010287420967256], "k_pid_att": [23.624065061925407, 2.1713038823513173, 0.19897862691215024], "k_pid_yaw": [0.5, 1e-06, 0.1], "k_pid_hsp": [0.08622101759339659, 0.0, 0.0], "k_pid_vsp": [135.19755449257033, 127.97134793387812, 1.2036841539466623]}, "datetime": {"datetime": "2025-08-12 01:05:23", "elapsed": 31203.352427721024, "delta": 18.91737961769104}, "costs": {"total_cost": 182.80132842071382, "time_cost": 73.535, "final_distance_cost": 1.81937925270318, "oscillation_cost": 18.69008009350831, "completition_cost": 0.0, "overshoot_cost": 52.235173186129416, "power_cost": 14.31514031982422, "noise_cost": 22.20655556854868, "n_waypoints_completed": 9, "tot_waypoints": 9}}
{"target": -182.77066775388525, "params": {"k_pid_pos": [0.5318135816419612, 0.0, 0.0], "k_pid_alt": [1.6270851029505309, 0.0, 0.1713883442508057], "k_pid_att": [23.910653322919377, 2.3712853431401744, 0.19582866149721379], "k_pid_yaw": [0.5, 1e-06, 0.1], "k_pid_hsp": [0.09353270429119377, 0.0, 0.0], "k_pid_vsp": [128.81811808009468, 124.54982017571773, 1.2384290780103093]}, "datetime": {"datetime": "2025-08-12 01:05:42", "elapsed": 31221.641854047775, "delta": 18.28942632675171}, "costs": {"total_cost": 182.77066775388525, "time_cost": 72.807, "final_distance_cost": 1.819129137533592, "oscillation_cost": 19.607765260581704, "completition_cost": 0.0, "overshoot_cost": 52.21304858413655, "power_cost": 14.310936535644531, "noise_cost": 22.012788235988875, "n_waypoints_completed": 9, "tot_waypoints": 9}}
{"target": -183.8970061019855, "params": {"k_pid_pos": [0.9166473357163794, 0.0, 0.000960899711631919], "k_pid_alt": [1.6131273617849087, 0.0, 0.14767463295707442], "k_pid_att": [20.743011120180455, 2.1212548236339264, 0.19742408748015608], "k_pid_yaw": [0.5, 1e-06, 0.1], "k_pid_hsp": [0.17248468647286722, 0.0, 0.0], "k_pid_vsp": [136.48035872224884, 118.45709251862925, 2.1055037368472145]}, "datetime": {"datetime": "2025-08-12 01:05:59", "elapsed": 31239.252012252808, "delta": 17.61015820503235}, "costs": {"total_cost": 183.8970061019855, "time_cost": 69.405, "final_distance_cost": 1.8265641640287404, "oscillation_cost": 27.460626858180927, "completition_cost": 0.0, "overshoot_cost": 50.21088743536371, "power_cost": 14.270493200683594, "noise_cost": 20.723434443728546, "n_waypoints_completed": 9, "tot_waypoints": 9}}
{"target": -182.6017265652262, "params": {"k_pid_pos": [0.5283379623993844, 1.7033626957316627e-05, 0.0], "k_pid_alt": [1.6085238622964046, 0.0, 0.10209463859767395], "k_pid_att": [23.88233632649927, 2.0942890295028422, 0.21531606446561585], "k_pid_yaw": [0.5, 1e-06, 0.1], "k_pid_hsp": [0.09008167260062101, 0.0, 0.0], "k_pid_vsp": [119.37470165217852, 136.77484015829174, 1.1530543444572299]}, "datetime": {"datetime": "2025-08-12 01:06:19", "elapsed": 31258.685930252075, "delta": 19.433917999267578}, "costs": {"total_cost": 182.6017265652262, "time_cost": 72.912, "final_distance_cost": 1.835436945497844, "oscillation_cost": 19.239601947805532, "completition_cost": 0.0, "overshoot_cost": 52.38997567524377, "power_cost": 14.285901477050782, "noise_cost": 21.938810519628273, "n_waypoints_completed": 9, "tot_waypoints": 9}}
{"target": -182.4273826332813, "params": {"k_pid_pos": [0.5132104193965082, 0.0, 0.0], "k_pid_alt": [1.6061322017676354, 0.0, 0.15749907563693308], "k_pid_att": [43.988755650322744, 2.1562646139438053, 0.27409018776667493], "k_pid_yaw": [0.5, 1e-06, 0.1], "k_pid_hsp": [0.09173651428764945, 0.0, 0.0], "k_pid_vsp": [130.18425929383145, 119.63179528018006, 0.638985152692866]}, "datetime": {"datetime": "2025-08-12 01:06:37", "elapsed": 31276.78392791748, "delta": 18.097997665405273}, "costs": {"total_cost": 182.4273826332813, "time_cost": 73.178, "final_distance_cost": 1.827322107958675, "oscillation_cost": 19.221579176892643, "completition_cost": 0.0, "overshoot_cost": 51.80359402547465, "power_cost": 14.277192724609376, "noise_cost": 22.119694598345944, "n_waypoints_completed": 9, "tot_waypoints": 9}}
{"target": -184.05702444160775, "params": {"k_pid_pos": [0.5238659320649461, 0.0, 0.0], "k_pid_alt": [1.6110469498389315, 0.0, 0.14421872839722027], "k_pid_att": [26.223306952008034, 3.2665606374161653, 0.22189838024526098], "k_pid_yaw": [0.5, 1e-06, 0.1], "k_pid_hsp": [0.08490595010240375, 0.0, 0.0], "k_pid_vsp": [174.08989183101207, 34.46672661395355, 1.4201302346841587]}, "datetime": {"datetime": "2025-08-12 01:06:56", "elapsed": 31295.94813299179, "delta": 19.164205074310303}, "costs": {"total_cost": 184.05702444160775, "time_cost": 73.745, "final_distance_cost": 1.8061782420401518, "oscillation_cost": 18.63574225702291, "completition_cost": 0.0, "overshoot_cost": 53.181083607411104, "power_cost": 14.3060662109375, "noise_cost": 22.38295412419608, "n_waypoints_completed": 9, "tot_waypoints": 9}}
{"target": -182.39483756066426, "params": {"k_pid_pos": [0.5282521784382149, 0.0, 0.0], "k_pid_alt": [1.6059912768694666, 0.0, 0.14886241221860227], "k_pid_att": [24.38383164688843, 2.148855008901385, 0.20553815019308727], "k_pid_yaw": [0.5, 1e-06, 0.1], "k_pid_hsp": [0.09137636011039717, 0.0, 0.0], "k_pid_vsp": [127.77441032632683, 119.79130513600185, 1.1768690243554345]}, "datetime": {"datetime": "2025-08-12 01:07:14", "elapsed": 31314.328590154648, "delta": 18.380457162857056}, "costs": {"total_cost": 182.39483756066426, "time_cost": 72.926, "final_distance_cost": 1.81159314202385, "oscillation_cost": 19.571749018174714, "completition_cost": 0.0, "overshoot_cost": 51.99131241401632, "power_cost": 14.172558276367187, "noise_cost": 21.921624710082163, "n_waypoints_completed": 9, "tot_waypoints": 9}}
{"target": -182.30407236552497, "params": {"k_pid_pos": [0.5257625642129038, 0.0, 0.0], "k_pid_alt": [1.6115719089083997, 0.0, 0.14743273591198222], "k_pid_att": [24.092846460525863, 2.407346546571896, 0.22584525286644108], "k_pid_yaw": [0.5, 1e-06, 0.1], "k_pid_hsp": [0.09201126278717688, 0.0, 0.0], "k_pid_vsp": [118.58342090059297, 132.5374149995703, 1.0000478573159048]}, "datetime": {"datetime": "2025-08-12 01:07:34", "elapsed": 31333.41534304619, "delta": 19.086752891540527}, "costs": {"total_cost": 182.30407236552497, "time_cost": 72.926, "final_distance_cost": 1.8244765152525226, "oscillation_cost": 19.559833125577995, "completition_cost": 0.0, "overshoot_cost": 51.921947549133996, "power_cost": 14.17390439453125, "noise_cost": 21.89791078102919, "n_waypoints_completed": 9, "tot_waypoints": 9}}
{"target": -181.8967198409237, "params": {"k_pid_pos": [0.5283651549032887, 0.0, 0.0], "k_pid_alt": [1.615231191795062, 0.0, 0.1464827272597083], "k_pid_att": [21.650061258039955, 2.0103365122511487, 0.20372934480531774], "k_pid_yaw": [0.5, 1e-06, 0.1], "k_pid_hsp": [0.0906241950498865, 0.0, 0.0], "k_pid_vsp": [127.59701026126776, 111.82491927062016, 1.46078126422853]}, "datetime": {"datetime": "2025-08-12 01:07:52", "elapsed": 31352.19797062874, "delta": 18.78262758255005}, "costs": {"total_cost": 181.8967198409237, "time_cost": 72.94, "final_distance_cost": 1.8147572333432211, "oscillation_cost": 19.25714158953868, "completition_cost": 0.0, "overshoot_cost": 51.77249673253067, "power_cost": 14.179789331054689, "noise_cost": 21.932534954456454, "n_waypoints_completed": 9, "tot_waypoints": 9}}
{"target": -182.41849246754742, "params": {"k_pid_pos": [0.5173242580498097, 0.0, 0.0], "k_pid_alt": [1.6593847497257337, 0.0, 0.14318234356667345], "k_pid_att": [24.86279124283493, 2.434717453507087, 0.17718862636292235], "k_pid_yaw": [0.5, 1e-06, 0.1], "k_pid_hsp": [0.08891544822919514, 0.0, 0.0], "k_pid_vsp": [139.0491069415013, 74.82168457305409, 0.10744486511344764]}, "datetime": {"datetime": "2025-08-12 01:08:12", "elapsed": 31371.46001958847, "delta": 19.262048959732056}, "costs": {"total_cost": 182.41849246754742, "time_cost": 73.206, "final_distance_cost": 1.8145726389369865, "oscillation_cost": 18.903391959149406, "completition_cost": 0.0, "overshoot_cost": 52.052388578110126, "power_cost": 14.23940076904297, "noise_cost": 22.202738522307957, "n_waypoints_completed": 9, "tot_waypoints": 9}}
{"target": -186.01684031736073, "params": {"k_pid_pos": [0.4938356928498108, 0.0, 0.0], "k_pid_alt": [1.6117701886146947, 0.0, 0.10390791710792302], "k_pid_att": [25.830651801512577, 2.1759534651428214, 0.2525228579394958], "k_pid_yaw": [0.5, 1e-06, 0.1], "k_pid_hsp": [0.08564157453795791, 0.0, 0.0], "k_pid_vsp": [127.29585210019607, 1e-06, 1.9081131731488326]}, "datetime": {"datetime": "2025-08-12 01:08:32", "elapsed": 31391.670986890793, "delta": 20.210967302322388}, "costs": {"total_cost": 186.01684031736073, "time_cost": 75.327, "final_distance_cost": 1.811796193915522, "oscillation_cost": 18.186657475624227, "completition_cost": 0.0, "overshoot_cost": 53.155411006155674, "power_cost": 14.438046582031252, "noise_cost": 23.09792905963402, "n_waypoints_completed": 9, "tot_waypoints": 9}}
{"target": -182.61571737417216, "params": {"k_pid_pos": [0.5690366253329593, 0.0012300687648289744, 0.00033618172487338073], "k_pid_alt": [1.6306495600114566, 0.0, 0.15531483168762747], "k_pid_att": [24.72697888422254, 2.150301028852612, 0.19622949183606717], "k_pid_yaw": [0.5, 1e-06, 0.1], "k_pid_hsp": [0.09123942786560724, 0.0002529017472583903, 0.0], "k_pid_vsp": [128.22980592377294, 128.1308811488856, 1.1550342047956885]}, "datetime": {"datetime": "2025-08-12 01:08:50", "elapsed": 31410.223869085312, "delta": 18.552882194519043}, "costs": {"total_cost": 182.61571737417216, "time_cost": 72.373, "final_distance_cost": 1.812778641923234, "oscillation_cost": 20.347841090414757, "completition_cost": 0.0, "overshoot_cost": 52.177514297350335, "power_cost": 14.180737695312502, "noise_cost": 21.723845649171338, "n_waypoints_completed": 9, "tot_waypoints": 9}}
