{"target": -182.9768467112397, "params": {"k_pid_pos": [0.49297809874975196, 0.0, 0.0], "k_pid_alt": [1.681575701176635, 0.0, 0.1731141508726758], "k_pid_att": [11.465945564754964, 2.3338158865075473, 0.21691898119190556], "k_pid_yaw": [0.5, 1e-06, 0.1], "k_pid_hsp": [0.09413917624593748, 0.0, 0.0], "k_pid_vsp": [148.57164213769067, 57.561919692950326, 1.1112873814460211]}, "datetime": {"datetime": "2025-08-11 22:53:45", "elapsed": 23305.068499088287, "delta": 18.774475574493408}, "costs": {"total_cost": 182.9768467112397, "time_cost": 73.556, "final_distance_cost": 1.8289429301015, "oscillation_cost": 18.84748978207707, "completition_cost": 0.0, "overshoot_cost": 52.142223307070026, "power_cost": 14.259341162109376, "noise_cost": 22.34284952988173, "n_waypoints_completed": 9, "tot_waypoints": 9}}
{"target": -184.08070181360017, "params": {"k_pid_pos": [0.5209673947359373, 0.0, 0.0], "k_pid_alt": [1.6164801101002564, 0.0, 0.15617729933134447], "k_pid_att": [22.07946611881914, 3.066231145444088, 0.20628471006824867], "k_pid_yaw": [0.5, 1e-06, 0.1], "k_pid_hsp": [0.12121162933567269, 0.0, 0.0], "k_pid_vsp": [158.30037441490842, 63.22043208362583, 1e-06]}, "datetime": {"datetime": "2025-08-11 22:54:03", "elapsed": 23323.169761896133, "delta": 18.10126280784607}, "costs": {"total_cost": 184.08070181360017, "time_cost": 73.09400000000001, "final_distance_cost": 1.841308641918767, "oscillation_cost": 21.292464783053806, "completition_cost": 0.0, "overshoot_cost": 51.298288496120705, "power_cost": 14.345817724609375, "noise_cost": 22.20882216789751, "n_waypoints_completed": 9, "tot_waypoints": 9}}
{"target": -182.33812929738244, "params": {"k_pid_pos": [0.5358017781255909, 0.0, 0.0], "k_pid_alt": [1.6584127865401417, 0.0, 0.16407872209559726], "k_pid_att": [26.16803292878325, 2.3848827803826635, 0.2486813943435055], "k_pid_yaw": [0.5, 1e-06, 0.1], "k_pid_hsp": [0.08481132469079486, 0.0, 0.0], "k_pid_vsp": [135.2307736433174, 59.57477514110454, 0.7788099291754322]}, "datetime": {"datetime": "2025-08-11 22:54:22", "elapsed": 23341.980972528458, "delta": 18.81121063232422}, "costs": {"total_cost": 182.33812929738244, "time_cost": 73.255, "final_distance_cost": 1.8159770371808752, "oscillation_cost": 18.89739574997255, "completition_cost": 0.0, "overshoot_cost": 52.078750695773515, "power_cost": 14.181305786132814, "noise_cost": 22.109700028322685, "n_waypoints_completed": 9, "tot_waypoints": 9}}
{"target": -182.7377357381553, "params": {"k_pid_pos": [0.5257324724213541, 0.0, 0.0], "k_pid_alt": [1.6965474180947275, 0.0, 0.17938314598869515], "k_pid_att": [21.46901872564582, 4.502196837456647, 0.2602708484907606], "k_pid_yaw": [0.5, 1e-06, 0.1], "k_pid_hsp": [0.09022620849742365, 0.0, 0.0], "k_pid_vsp": [120.4710940601957, 58.426106101941215, 0.6543413869667356]}, "datetime": {"datetime": "2025-08-11 22:54:40", "elapsed": 23360.345223665237, "delta": 18.364251136779785}, "costs": {"total_cost": 182.7377357381553, "time_cost": 73.045, "final_distance_cost": 1.8341179874826763, "oscillation_cost": 19.444527734931917, "completition_cost": 0.0, "overshoot_cost": 52.23154546716237, "power_cost": 14.139800512695313, "noise_cost": 22.04274403588304, "n_waypoints_completed": 9, "tot_waypoints": 9}}
{"target": -182.58814021098516, "params": {"k_pid_pos": [0.49717549482927653, 0.0, 0.0], "k_pid_alt": [1.664145469024775, 0.0, 0.15625433330258512], "k_pid_att": [24.260473395915913, 2.3988245547828346, 0.22665450017007405], "k_pid_yaw": [0.5, 1e-06, 0.1], "k_pid_hsp": [0.08811575213198802, 0.0, 0.0], "k_pid_vsp": [128.7223575732853, 56.4616375778249, 1.3622388490669854]}, "datetime": {"datetime": "2025-08-11 22:54:59", "elapsed": 23378.814108133316, "delta": 18.468884468078613}, "costs": {"total_cost": 182.58814021098516, "time_cost": 73.64, "final_distance_cost": 1.8313515572188, "oscillation_cost": 18.268899666029462, "completition_cost": 0.0, "overshoot_cost": 52.28735389118671, "power_cost": 14.26404510498047, "noise_cost": 22.29648999156971, "n_waypoints_completed": 9, "tot_waypoints": 9}}
{"target": -182.51798876490926, "params": {"k_pid_pos": [0.5401526116698894, 0.0, 0.0], "k_pid_alt": [1.6547420493926221, 0.0, 0.13469759138943185], "k_pid_att": [23.64873218284901, 2.351491350643037, 0.19940803420242312], "k_pid_yaw": [0.5, 1e-06, 0.1], "k_pid_hsp": [0.0858049413922447, 0.0, 0.0], "k_pid_vsp": [134.87744031202243, 57.762752771489815, 0.9505350114174371]}, "datetime": {"datetime": "2025-08-11 22:55:18", "elapsed": 23398.098415613174, "delta": 19.2843074798584}, "costs": {"total_cost": 182.51798876490926, "time_cost": 73.108, "final_distance_cost": 1.8196864261144698, "oscillation_cost": 19.282210318532, "completition_cost": 0.0, "overshoot_cost": 52.0714860119503, "power_cost": 14.170473254394532, "noise_cost": 22.066132753917973, "n_waypoints_completed": 9, "tot_waypoints": 9}}
{"target": -182.38956576254625, "params": {"k_pid_pos": [0.5865969669642058, 0.0, 0.0], "k_pid_alt": [1.6111222515745969, 0.0, 0.0], "k_pid_att": [26.901063992742603, 2.1621102772982494, 0.1994808959108421], "k_pid_yaw": [0.5, 1e-06, 0.1], "k_pid_hsp": [0.09982263371039685, 0.0, 0.0], "k_pid_vsp": [126.00344103451194, 81.44086144647316, 3.473077766655654]}, "datetime": {"datetime": "2025-08-11 22:55:36", "elapsed": 23415.92714381218, "delta": 17.828728199005127}, "costs": {"total_cost": 182.38956576254625, "time_cost": 71.904, "final_distance_cost": 1.8349762834699457, "oscillation_cost": 21.210796579175526, "completition_cost": 0.0, "overshoot_cost": 51.72409488621099, "power_cost": 14.100914062500001, "noise_cost": 21.614783951189796, "n_waypoints_completed": 9, "tot_waypoints": 9}}
{"target": -1255.1107648077173, "params": {"k_pid_pos": [0.7288566358016656, 0.00242384403488891, 0.0], "k_pid_alt": [1.551707697641109, 0.0, 0.18574628429328424], "k_pid_att": [24.697394897817205, 1.9699331654484635, 0.1585038017734599], "k_pid_yaw": [0.5, 1e-06, 0.1], "k_pid_hsp": [0.0001, 0.007114710525939771, 0.0], "k_pid_vsp": [123.72834273334443, 62.640698225035464, 1.7161323118649516]}, "datetime": {"datetime": "2025-08-11 22:56:07", "elapsed": 23446.89140176773, "delta": 30.964257955551147}, "costs": {"total_cost": 1255.1107648077173, "time_cost": 150, "final_distance_cost": 58.94307829683291, "oscillation_cost": 1.3741009408415192, "completition_cost": 888.8888888888888, "overshoot_cost": 101.73216247784809, "power_cost": 21.063784802246094, "noise_cost": 33.108749401059875, "n_waypoints_completed": 1, "tot_waypoints": 9}}
{"target": -183.06687040896458, "params": {"k_pid_pos": [0.6473296285420842, 0.0, 0.0], "k_pid_alt": [1.693803034047145, 0.0, 0.1777409226183704], "k_pid_att": [22.204321082621547, 2.2506224356511737, 0.26927591601011397], "k_pid_yaw": [0.5, 1e-06, 0.1], "k_pid_hsp": [0.13242769531597554, 0.0, 0.0], "k_pid_vsp": [119.28343614593429, 95.95863414545516, 1e-06]}, "datetime": {"datetime": "2025-08-11 22:56:26", "elapsed": 23465.551389932632, "delta": 18.659988164901733}, "costs": {"total_cost": 183.06687040896458, "time_cost": 71.06400000000001, "final_distance_cost": 1.8368837140283951, "oscillation_cost": 24.003544814201533, "completition_cost": 0.0, "overshoot_cost": 50.543804544740794, "power_cost": 14.186650244140626, "noise_cost": 21.431987091853234, "n_waypoints_completed": 9, "tot_waypoints": 9}}
{"target": -182.33241517445987, "params": {"k_pid_pos": [0.5351264836300053, 0.0, 0.0], "k_pid_alt": [1.6385065993545207, 0.0, 0.11060417743548974], "k_pid_att": [21.9800599654019, 2.20020568156906, 0.2137078055803309], "k_pid_yaw": [0.5, 1e-06, 0.1], "k_pid_hsp": [0.09008306800537318, 0.0, 0.0], "k_pid_vsp": [130.59691836185357, 69.95528628345693, 1.0922531559434714]}, "datetime": {"datetime": "2025-08-11 22:56:44", "elapsed": 23484.125292301178, "delta": 18.573902368545532}, "costs": {"total_cost": 182.33241517445987, "time_cost": 72.891, "final_distance_cost": 1.8308953376897137, "oscillation_cost": 19.18998690166561, "completition_cost": 0.0, "overshoot_cost": 52.175138530655886, "power_cost": 14.225169018554688, "noise_cost": 22.02022538589398, "n_waypoints_completed": 9, "tot_waypoints": 9}}
{"target": -183.88311535756156, "params": {"k_pid_pos": [0.4769106464058726, 0.0, 0.0], "k_pid_alt": [1.6335447406137817, 0.0, 0.14605696661421633], "k_pid_att": [27.71876098424267, 1.8658516483721201, 0.1987619402253709], "k_pid_yaw": [0.5, 1e-06, 0.1], "k_pid_hsp": [0.10560529378959992, 0.0, 0.0], "k_pid_vsp": [128.31831297474045, 62.46334021422899, 2.3738175834292354]}, "datetime": {"datetime": "2025-08-11 22:57:03", "elapsed": 23502.609278202057, "delta": 18.483985900878906}, "costs": {"total_cost": 183.88311535756156, "time_cost": 73.885, "final_distance_cost": 1.8339359919279357, "oscillation_cost": 19.594481853825705, "completition_cost": 0.0, "overshoot_cost": 51.67662487764572, "power_cost": 14.320146801757813, "noise_cost": 22.572925832404408, "n_waypoints_completed": 9, "tot_waypoints": 9}}
{"target": -182.33676753570757, "params": {"k_pid_pos": [0.5258739601279564, 0.0, 0.0], "k_pid_alt": [1.580574516976709, 0.0, 0.0949413298981299], "k_pid_att": [21.529593812614333, 2.1080519997090454, 0.20040730722339323], "k_pid_yaw": [0.5, 1e-06, 0.1], "k_pid_hsp": [0.0956174984451594, 0.0, 0.0], "k_pid_vsp": [124.16168228673388, 88.89252785715763, 0.8676909676063633]}, "datetime": {"datetime": "2025-08-11 22:57:21", "elapsed": 23521.122267484665, "delta": 18.512989282608032}, "costs": {"total_cost": 182.33676753570757, "time_cost": 72.807, "final_distance_cost": 1.8350917230970347, "oscillation_cost": 19.69539045864491, "completition_cost": 0.0, "overshoot_cost": 51.747944481544856, "power_cost": 14.183078259277345, "noise_cost": 22.06826261314341, "n_waypoints_completed": 9, "tot_waypoints": 9}}
{"target": -189.87756519938597, "params": {"k_pid_pos": [0.4161124662423915, 0.0, 0.0], "k_pid_alt": [1.601014651592998, 0.0, 0.1712679641660705], "k_pid_att": [25.473277008250452, 2.1831214268104366, 0.2482538202928085], "k_pid_yaw": [0.5, 1e-06, 0.1], "k_pid_hsp": [0.13101959460031015, 0.0, 0.0], "k_pid_vsp": [125.03629658532093, 119.2437300273772, 0.8642527433830338]}, "datetime": {"datetime": "2025-08-11 22:57:41", "elapsed": 23541.034148454666, "delta": 19.91188097000122}, "costs": {"total_cost": 189.87756519938597, "time_cost": 77.301, "final_distance_cost": 1.8522761859879213, "oscillation_cost": 20.05930380380206, "completition_cost": 0.0, "overshoot_cost": 51.75211741243976, "power_cost": 14.970437548828126, "noise_cost": 23.94243024832808, "n_waypoints_completed": 9, "tot_waypoints": 9}}
{"target": -183.38296180128984, "params": {"k_pid_pos": [0.5250621561354258, 0.0, 0.0], "k_pid_alt": [1.5834717112164058, 0.0, 0.08401519276644774], "k_pid_att": [23.45669137049362, 2.0775162496340007, 0.19815313581368119], "k_pid_yaw": [0.5, 1e-06, 0.1], "k_pid_hsp": [0.11163513370389286, 0.0, 0.0], "k_pid_vsp": [126.5066174104587, 69.90604938541654, 0.20389783209783996]}, "datetime": {"datetime": "2025-08-11 22:58:00", "elapsed": 23559.903128623962, "delta": 18.868980169296265}, "costs": {"total_cost": 183.38296180128984, "time_cost": 72.786, "final_distance_cost": 1.8299942828563904, "oscillation_cost": 20.60055240803727, "completition_cost": 0.0, "overshoot_cost": 51.91309145444918, "power_cost": 14.279900610351563, "noise_cost": 21.9734230455954, "n_waypoints_completed": 9, "tot_waypoints": 9}}
{"target": -183.8631117679346, "params": {"k_pid_pos": [0.5952556759224019, 0.0, 0.0], "k_pid_alt": [1.6547985019385991, 0.0, 0.12235253192434954], "k_pid_att": [23.02641835992856, 2.329103917380153, 0.3356503999670738], "k_pid_yaw": [0.5, 1e-06, 0.1], "k_pid_hsp": [0.13397983071333824, 0.0, 0.0], "k_pid_vsp": [137.43474257675342, 100.6705226093666, 2.154530990606786]}, "datetime": {"datetime": "2025-08-11 22:58:19", "elapsed": 23578.51982331276, "delta": 18.616694688796997}, "costs": {"total_cost": 183.8631117679346, "time_cost": 71.736, "final_distance_cost": 1.842705614275541, "oscillation_cost": 23.384681030960333, "completition_cost": 0.0, "overshoot_cost": 51.072403867649236, "power_cost": 14.243632397460939, "noise_cost": 21.58368885758856, "n_waypoints_completed": 9, "tot_waypoints": 9}}
{"target": -182.60133464832447, "params": {"k_pid_pos": [0.5829872098627253, 0.0, 0.0], "k_pid_alt": [1.624983718714672, 0.0, 0.14795067273909057], "k_pid_att": [26.22058095841023, 2.1676912769102272, 0.20856623408520084], "k_pid_yaw": [0.5, 1e-06, 0.1], "k_pid_hsp": [0.09469882662181257, 0.0, 0.0], "k_pid_vsp": [134.10007429030162, 107.31130266954898, 1.4980650237712148]}, "datetime": {"datetime": "2025-08-11 22:58:37", "elapsed": 23596.823590040207, "delta": 18.30376672744751}, "costs": {"total_cost": 182.60133464832447, "time_cost": 72.121, "final_distance_cost": 1.8116390143020056, "oscillation_cost": 20.685550806891793, "completition_cost": 0.0, "overshoot_cost": 52.08388973930999, "power_cost": 14.182398645019532, "noise_cost": 21.716856442801134, "n_waypoints_completed": 9, "tot_waypoints": 9}}
{"target": -183.95915786284678, "params": {"k_pid_pos": [0.588867717171634, 0.0, 0.0], "k_pid_alt": [2.0, 0.0, 0.09759437488854666], "k_pid_att": [20.33316026868026, 1.803723060398664, 0.21141857421890597], "k_pid_yaw": [0.5, 1e-06, 0.1], "k_pid_hsp": [0.1325713933639796, 0.0, 0.0], "k_pid_vsp": [133.89551853599858, 112.5027559870107, 0.7790671085345023]}, "datetime": {"datetime": "2025-08-11 22:58:56", "elapsed": 23615.448623657227, "delta": 18.625033617019653}, "costs": {"total_cost": 183.95915786284678, "time_cost": 71.757, "final_distance_cost": 1.842159183132886, "oscillation_cost": 23.207641355060556, "completition_cost": 0.0, "overshoot_cost": 51.181788405304616, "power_cost": 14.230801684570313, "noise_cost": 21.73976723477839, "n_waypoints_completed": 9, "tot_waypoints": 9}}
{"target": -182.53962918691823, "params": {"k_pid_pos": [0.5476645381492422, 0.0, 0.0], "k_pid_alt": [1.6468666976356636, 0.0, 0.15584386464000505], "k_pid_att": [23.857106197532776, 2.3080277868293844, 0.2067827661757279], "k_pid_yaw": [0.5, 1e-06, 0.1], "k_pid_hsp": [0.09298943242124984, 0.0, 0.0], "k_pid_vsp": [125.65383751301657, 111.42711283683064, 0.8474867152950836]}, "datetime": {"datetime": "2025-08-11 22:59:14", "elapsed": 23633.75974869728, "delta": 18.31112504005432}, "costs": {"total_cost": 182.53962918691823, "time_cost": 72.57600000000001, "final_distance_cost": 1.8122906573016968, "oscillation_cost": 20.03219258394839, "completition_cost": 0.0, "overshoot_cost": 52.14093895676461, "power_cost": 14.197314489746095, "noise_cost": 21.780892499157424, "n_waypoints_completed": 9, "tot_waypoints": 9}}
{"target": -182.63668248327912, "params": {"k_pid_pos": [0.49287992263750036, 0.0, 0.0], "k_pid_alt": [1.6207678463855137, 0.0, 0.12155117894866747], "k_pid_att": [25.874555003741357, 2.2008431873895096, 0.19975206413198546], "k_pid_yaw": [0.5, 1e-06, 0.1], "k_pid_hsp": [0.0926708139508447, 0.0, 0.0], "k_pid_vsp": [128.97960739949121, 111.39803707738622, 1.169936111355691]}, "datetime": {"datetime": "2025-08-11 22:59:33", "elapsed": 23652.402469158173, "delta": 18.642720460891724}, "costs": {"total_cost": 182.63668248327912, "time_cost": 73.437, "final_distance_cost": 1.8311410380464244, "oscillation_cost": 18.81457420386586, "completition_cost": 0.0, "overshoot_cost": 51.974760230571064, "power_cost": 14.358427160644531, "noise_cost": 22.220779850151217, "n_waypoints_completed": 9, "tot_waypoints": 9}}
{"target": -182.71393551194706, "params": {"k_pid_pos": [0.5438923335109116, 0.0, 0.0], "k_pid_alt": [1.645301888277578, 0.0, 0.13954346672659398], "k_pid_att": [23.835252309446407, 2.1919896658360094, 0.20799519114872214], "k_pid_yaw": [0.5, 1e-06, 0.1], "k_pid_hsp": [0.08972792673979414, 0.0, 0.0], "k_pid_vsp": [137.3883589522228, 104.90226468382774, 0.6766292731403545]}, "datetime": {"datetime": "2025-08-11 22:59:51", "elapsed": 23671.174817085266, "delta": 18.772347927093506}, "costs": {"total_cost": 182.71393551194706, "time_cost": 72.751, "final_distance_cost": 1.8274257865696215, "oscillation_cost": 19.642686679997333, "completition_cost": 0.0, "overshoot_cost": 52.40113618177006, "power_cost": 14.21105, "noise_cost": 21.88063686361006, "n_waypoints_completed": 9, "tot_waypoints": 9}}
{"target": -182.98936989413187, "params": {"k_pid_pos": [0.5122491176560071, 0.0, 0.0], "k_pid_alt": [1.636146612017986, 0.0, 0.14317980368890104], "k_pid_att": [27.018518173441876, 2.087290187304108, 0.3299451315097912], "k_pid_yaw": [0.5, 1e-06, 0.1], "k_pid_hsp": [0.07976606136336276, 0.0, 0.0], "k_pid_vsp": [130.9224688841602, 114.96132928680832, 4.470388889889279]}, "datetime": {"datetime": "2025-08-11 23:00:10", "elapsed": 23690.050866365433, "delta": 18.876049280166626}, "costs": {"total_cost": 182.98936989413187, "time_cost": 73.82900000000001, "final_distance_cost": 1.8341379639392177, "oscillation_cost": 17.9167299224636, "completition_cost": 0.0, "overshoot_cost": 52.923486347741004, "power_cost": 14.311893383789064, "noise_cost": 22.174122276198986, "n_waypoints_completed": 9, "tot_waypoints": 9}}
{"target": -183.1432945347101, "params": {"k_pid_pos": [0.5106887272334797, 0.0, 0.0], "k_pid_alt": [1.6800994730990293, 0.0, 0.22921774467587305], "k_pid_att": [30.51861240413069, 2.182617934257973, 0.21269912244053002], "k_pid_yaw": [0.5, 1e-06, 0.1], "k_pid_hsp": [0.09751018918620434, 0.0, 0.0], "k_pid_vsp": [138.7915887006766, 66.80966412451988, 5.377623392794403]}, "datetime": {"datetime": "2025-08-11 23:00:28", "elapsed": 23708.065191745758, "delta": 18.014325380325317}, "costs": {"total_cost": 183.1432945347101, "time_cost": 73.199, "final_distance_cost": 1.8224198277175558, "oscillation_cost": 19.733373222518324, "completition_cost": 0.0, "overshoot_cost": 51.93131877704473, "power_cost": 14.265954541015626, "noise_cost": 22.191228166413893, "n_waypoints_completed": 9, "tot_waypoints": 9}}
{"target": -182.92005824474577, "params": {"k_pid_pos": [0.6430849502512438, 0.0, 0.0], "k_pid_alt": [1.6223303101448066, 0.0, 0.1662756637437906], "k_pid_att": [24.32380628549147, 2.2958232976842576, 0.23616447187981593], "k_pid_yaw": [0.5, 1e-06, 0.1], "k_pid_hsp": [0.09856954514875298, 0.0, 0.0], "k_pid_vsp": [134.40418346852152, 90.44492529570009, 1.662163008325929]}, "datetime": {"datetime": "2025-08-11 23:00:47", "elapsed": 23726.544580698013, "delta": 18.47938895225525}, "costs": {"total_cost": 182.92005824474577, "time_cost": 71.512, "final_distance_cost": 1.820250258849424, "oscillation_cost": 22.427762204327287, "completition_cost": 0.0, "overshoot_cost": 51.685952717231196, "power_cost": 14.075276928710938, "noise_cost": 21.39881613562692, "n_waypoints_completed": 9, "tot_waypoints": 9}}
{"target": -184.4502053207893, "params": {"k_pid_pos": [0.5373172167474997, 0.0, 0.0], "k_pid_alt": [1.7593727523189722, 0.0, 0.12923896332786347], "k_pid_att": [24.309662337448042, 2.1401950189965646, 0.20371418021887375], "k_pid_yaw": [0.5, 1e-06, 0.1], "k_pid_hsp": [0.07035919786878936, 0.0, 0.0], "k_pid_vsp": [100.47896702177371, 71.8949786631625, 1.6246271898996532]}, "datetime": {"datetime": "2025-08-11 23:01:06", "elapsed": 23745.89503145218, "delta": 19.35045075416565}, "costs": {"total_cost": 184.4502053207893, "time_cost": 74.655, "final_distance_cost": 1.8242054098007072, "oscillation_cost": 17.793593477782974, "completition_cost": 0.0, "overshoot_cost": 53.31758280958804, "power_cost": 14.338460278320314, "noise_cost": 22.521363345297253, "n_waypoints_completed": 9, "tot_waypoints": 9}}
{"target": -182.84395585485612, "params": {"k_pid_pos": [0.6208222068724262, 0.0, 0.0], "k_pid_alt": [1.947716191680992, 0.0, 0.22583763013831323], "k_pid_att": [31.522846791030233, 2.2912472621347213, 0.19344265513289108], "k_pid_yaw": [0.5, 1e-06, 0.1], "k_pid_hsp": [0.10249556893087355, 0.0, 0.0], "k_pid_vsp": [126.18836236321575, 90.66207839761121, 2.576075687846076]}, "datetime": {"datetime": "2025-08-11 23:01:25", "elapsed": 23764.704802036285, "delta": 18.809770584106445}, "costs": {"total_cost": 182.84395585485612, "time_cost": 71.491, "final_distance_cost": 1.8148140957955743, "oscillation_cost": 22.229139296805943, "completition_cost": 0.0, "overshoot_cost": 51.70934160495601, "power_cost": 14.115065197753907, "noise_cost": 21.484595659544706, "n_waypoints_completed": 9, "tot_waypoints": 9}}
{"target": -182.89852512879503, "params": {"k_pid_pos": [0.5142386559621933, 0.0, 0.0], "k_pid_alt": [1.6295578033962559, 0.0, 0.13659364859000936], "k_pid_att": [23.570433212600992, 1.9904599426219598, 0.21022112658745873], "k_pid_yaw": [0.5, 1e-06, 0.1], "k_pid_hsp": [0.08032560324240329, 0.0, 0.0], "k_pid_vsp": [116.79159783931547, 120.58086064782, 1.489460309143607]}, "datetime": {"datetime": "2025-08-11 23:01:43", "elapsed": 23783.276763916016, "delta": 18.571961879730225}, "costs": {"total_cost": 182.89852512879503, "time_cost": 73.731, "final_distance_cost": 1.820946334619497, "oscillation_cost": 18.273533593372992, "completition_cost": 0.0, "overshoot_cost": 52.519024023373696, "power_cost": 14.290988781738282, "noise_cost": 22.263032395690562, "n_waypoints_completed": 9, "tot_waypoints": 9}}
{"target": -183.3083158363101, "params": {"k_pid_pos": [0.6921558849718961, 0.0, 0.0], "k_pid_alt": [1.5957494669337047, 0.0, 0.037812400845043045], "k_pid_att": [26.68263882987528, 2.1433925486122702, 0.11802432468108343], "k_pid_yaw": [0.5, 1e-06, 0.1], "k_pid_hsp": [0.10997787148488446, 0.0, 0.0], "k_pid_vsp": [174.2681559562801, 66.105261234309, 0.905220343846531]}, "datetime": {"datetime": "2025-08-11 23:02:02", "elapsed": 23802.066665172577, "delta": 18.78990125656128}, "costs": {"total_cost": 183.3083158363101, "time_cost": 71.001, "final_distance_cost": 1.8049463545210596, "oscillation_cost": 23.622813031073413, "completition_cost": 0.0, "overshoot_cost": 51.46002711040231, "power_cost": 14.116918310546875, "noise_cost": 21.302611029766453, "n_waypoints_completed": 9, "tot_waypoints": 9}}
