{"target": -177.2638162434779, "params": {"k_pid_pos": [1.125788060270614, 0.0, 0.1260523128395567], "k_pid_alt": [1.0783909477649065, 0.0, 0.0069329621284059], "k_pid_att": [18.101149939026854, 0.0001, 0.344777000734325], "k_pid_yaw": [0.5, 1e-06, 0.1], "k_pid_hsp": [0.08002201178787831, 0.0, 0.0], "k_pid_vsp": [400.0, 20.702647384970913, 18.03639304975862]}, "datetime": {"datetime": "2025-08-21 13:40:01", "elapsed": 17718.210275888443, "delta": 17.27994990348816}, "costs": {"total_cost": 177.2638162434779, "time_cost": 72.336, "final_distance_cost": 1.7954349528952238, "oscillation_cost": 25.773586058323072, "completition_cost": 0.0, "overshoot_cost": 52.56951206418806, "power_cost": 13.436390930175781, "noise_cost": 11.352892237895768, "n_waypoints_completed": 9, "tot_waypoints": 9}}
{"target": -203.04721019360028, "params": {"k_pid_pos": [1.2419753418743982, 0.0, 0.12250147623647183], "k_pid_alt": [1.0059133391051982, 0.0, 0.009294414455404222], "k_pid_att": [71.64933077015489, 0.0001, 0.05800671109135916], "k_pid_yaw": [0.5, 1e-06, 0.1], "k_pid_hsp": [2.6327544771264915, 0.0, 0.0], "k_pid_vsp": [400.0, 22.91850902091207, 1e-06]}, "datetime": {"datetime": "2025-08-21 13:40:18", "elapsed": 17735.24502849579, "delta": 17.03475260734558}, "costs": {"total_cost": 203.04721019360028, "time_cost": 73.288, "final_distance_cost": 1.8399015111506412, "oscillation_cost": 44.41228067948743, "completition_cost": 0.0, "overshoot_cost": 52.71222756612324, "power_cost": 16.926930993652345, "noise_cost": 13.867869443186638, "n_waypoints_completed": 9, "tot_waypoints": 9}}
{"target": -180.03917727406147, "params": {"k_pid_pos": [1.1551379477093084, 0.0, 0.1706984689292766], "k_pid_alt": [1.0667609621743186, 0.0, 0.008934642115487045], "k_pid_att": [22.581175512483732, 0.0001, 0.5795547108272359], "k_pid_yaw": [0.5, 1e-06, 0.1], "k_pid_hsp": [0.14284656530133627, 0.0, 0.0], "k_pid_vsp": [400.0, 26.64738087211638, 18.131682178156133]}, "datetime": {"datetime": "2025-08-21 13:40:34", "elapsed": 17751.343014001846, "delta": 16.09798550605774}, "costs": {"total_cost": 180.03917727406147, "time_cost": 70.84, "final_distance_cost": 1.8248389581818814, "oscillation_cost": 28.754783241391703, "completition_cost": 0.0, "overshoot_cost": 51.112119970287566, "power_cost": 15.328573315429688, "noise_cost": 12.178861788770638, "n_waypoints_completed": 9, "tot_waypoints": 9}}
{"target": -174.99637289680194, "params": {"k_pid_pos": [1.1831218850941765, 0.0, 0.12872764247932234], "k_pid_alt": [1.452092033712311, 0.0, 0.00282193540907987], "k_pid_att": [24.954650328903888, 0.0001, 0.47098582429504043], "k_pid_yaw": [0.5, 1e-06, 0.1], "k_pid_hsp": [0.6001252590127821, 0.0, 0.0], "k_pid_vsp": [400.0, 30.78382404445346, 20.05193105164652]}, "datetime": {"datetime": "2025-08-21 13:40:51", "elapsed": 17768.08741378784, "delta": 16.744399785995483}, "costs": {"total_cost": 174.99637289680194, "time_cost": 69.752, "final_distance_cost": 1.8333118847338117, "oscillation_cost": 31.75859097423518, "completition_cost": 0.0, "overshoot_cost": 50.73090626370246, "power_cost": 11.34949354248047, "noise_cost": 9.57207023165002, "n_waypoints_completed": 9, "tot_waypoints": 9}}
{"target": -167.5039483229718, "params": {"k_pid_pos": [1.1386425316526663, 0.0, 0.13593145289337577], "k_pid_alt": [1.0932915859241326, 0.0, 0.015977797725061194], "k_pid_att": [15.588778657093417, 0.0001, 0.6223363890350978], "k_pid_yaw": [0.5, 1e-06, 0.1], "k_pid_hsp": [0.09282192018810023, 0.0, 0.0], "k_pid_vsp": [400.0, 46.57282191065307, 20.012201585363478]}, "datetime": {"datetime": "2025-08-21 13:41:08", "elapsed": 17784.607222557068, "delta": 16.519808769226074}, "costs": {"total_cost": 167.5039483229718, "time_cost": 71.304, "final_distance_cost": 1.8046878453855282, "oscillation_cost": 26.290752322226886, "completition_cost": 0.0, "overshoot_cost": 52.13974919321457, "power_cost": 7.849814465332032, "noise_cost": 8.114944496812793, "n_waypoints_completed": 9, "tot_waypoints": 9}}
{"target": -178.419567997702, "params": {"k_pid_pos": [1.1154597693618624, 0.0, 0.0], "k_pid_alt": [0.9389837946312362, 0.0, 0.0], "k_pid_att": [26.087984018976442, 0.0001, 0.47863251047130295], "k_pid_yaw": [0.5, 1e-06, 0.1], "k_pid_hsp": [0.3239721729961368, 0.0, 0.0], "k_pid_vsp": [396.9677891886341, 38.348059160603384, 17.2842789222438]}, "datetime": {"datetime": "2025-08-21 13:41:24", "elapsed": 17801.21279478073, "delta": 16.60557222366333}, "costs": {"total_cost": 178.419567997702, "time_cost": 71.84, "final_distance_cost": 1.8195957805770282, "oscillation_cost": 29.996805753179896, "completition_cost": 0.0, "overshoot_cost": 51.209580446644964, "power_cost": 12.873767041015626, "noise_cost": 10.679818976284444, "n_waypoints_completed": 9, "tot_waypoints": 9}}
{"target": -196.2834482538867, "params": {"k_pid_pos": [1.6941849675919631, 0.0, 0.10997000494870758], "k_pid_alt": [0.9696088022224975, 0.0, 0.009617755504547713], "k_pid_att": [23.939056436577097, 0.0001, 0.6631875383391174], "k_pid_yaw": [0.5, 1e-06, 0.1], "k_pid_hsp": [1.039311709693418, 0.0, 0.0], "k_pid_vsp": [400.0, 17.538329666759136, 17.354663917226308]}, "datetime": {"datetime": "2025-08-21 13:41:42", "elapsed": 17818.582722902298, "delta": 17.369928121566772}, "costs": {"total_cost": 196.2834482538867, "time_cost": 75.24, "final_distance_cost": 1.7808305474971933, "oscillation_cost": 36.52661534439264, "completition_cost": 0.0, "overshoot_cost": 53.064441003783976, "power_cost": 16.484906994628908, "noise_cost": 13.186654363583973, "n_waypoints_completed": 9, "tot_waypoints": 9}}
{"target": -176.4596075237986, "params": {"k_pid_pos": [1.1057384339708418, 0.0, 0.09664806506863356], "k_pid_alt": [0.9330220263452514, 0.0, 0.008940806140055055], "k_pid_att": [17.81015545434734, 0.0001, 0.5526472449958494], "k_pid_yaw": [0.5, 1e-06, 0.1], "k_pid_hsp": [0.7871245037425638, 0.0, 0.0], "k_pid_vsp": [400.0, 26.222595844291025, 1e-06]}, "datetime": {"datetime": "2025-08-21 13:41:58", "elapsed": 17835.08749961853, "delta": 16.5047767162323}, "costs": {"total_cost": 176.4596075237986, "time_cost": 71.464, "final_distance_cost": 1.8377488342582795, "oscillation_cost": 30.98488846119671, "completition_cost": 0.0, "overshoot_cost": 50.62613767916104, "power_cost": 10.852376208496095, "noise_cost": 10.694456340686493, "n_waypoints_completed": 9, "tot_waypoints": 9}}
{"target": -170.8275940611431, "params": {"k_pid_pos": [0.958200792396322, 0.0, 0.12045860873908876], "k_pid_alt": [1.240636746590806, 0.0, 0.004254541836913165], "k_pid_att": [17.585215733666132, 0.0001, 0.42228317788465314], "k_pid_yaw": [0.5, 1e-06, 0.1], "k_pid_hsp": [0.45292288963518024, 0.0, 0.0], "k_pid_vsp": [400.0, 26.035066199869934, 20.86736002636829]}, "datetime": {"datetime": "2025-08-21 13:42:14", "elapsed": 17851.410365343094, "delta": 16.3228657245636}, "costs": {"total_cost": 170.8275940611431, "time_cost": 71.44, "final_distance_cost": 1.8464272100821342, "oscillation_cost": 28.237522112608456, "completition_cost": 0.0, "overshoot_cost": 50.855643923333254, "power_cost": 9.50038690185547, "noise_cost": 8.947613913263764, "n_waypoints_completed": 9, "tot_waypoints": 9}}
{"target": -183.11582340879153, "params": {"k_pid_pos": [1.1169016209159168, 0.0, 0.1278047560842659], "k_pid_alt": [1.031188573063454, 0.0, 0.010640477862468925], "k_pid_att": [18.068326239504138, 0.15222469082954226, 0.5406454909855279], "k_pid_yaw": [0.5, 1e-06, 0.1], "k_pid_hsp": [0.1166064342250949, 0.0, 0.0], "k_pid_vsp": [383.383233505924, 19.11518006212631, 19.784944865121084]}, "datetime": {"datetime": "2025-08-21 13:42:31", "elapsed": 17868.181970357895, "delta": 16.771605014801025}, "costs": {"total_cost": 183.11582340879153, "time_cost": 71.56, "final_distance_cost": 1.789764436620946, "oscillation_cost": 27.31139341981845, "completition_cost": 0.0, "overshoot_cost": 51.80810566090103, "power_cost": 17.246714599609376, "noise_cost": 13.399845291841762, "n_waypoints_completed": 9, "tot_waypoints": 9}}
{"target": -186.16203664670073, "params": {"k_pid_pos": [1.297709017150239, 0.0, 0.09208874527217079], "k_pid_alt": [1.0546986940520064, 0.0, 0.009948632525399972], "k_pid_att": [23.127427095360094, 0.0001, 0.6597465254234964], "k_pid_yaw": [0.5, 1e-06, 0.1], "k_pid_hsp": [0.16322842960318107, 0.0, 0.0], "k_pid_vsp": [400.0, 24.77827620947555, 19.789972022708618]}, "datetime": {"datetime": "2025-08-21 13:42:49", "elapsed": 17885.557254076004, "delta": 17.37528371810913}, "costs": {"total_cost": 186.16203664670073, "time_cost": 73.464, "final_distance_cost": 1.8116572266602164, "oscillation_cost": 30.637108395470957, "completition_cost": 0.0, "overshoot_cost": 52.47507055708522, "power_cost": 15.17973055419922, "noise_cost": 12.59446991328515, "n_waypoints_completed": 9, "tot_waypoints": 9}}
{"target": -174.24068679919824, "params": {"k_pid_pos": [0.8217059925194287, 0.00013486372757818367, 0.21728659039216722], "k_pid_alt": [1.0557963397403476, 0.0, 0.009095207825837481], "k_pid_att": [17.42011878491858, 0.15371731555097323, 0.5847390043794741], "k_pid_yaw": [0.5, 1e-06, 0.1], "k_pid_hsp": [0.134264280275282, 0.0, 0.0], "k_pid_vsp": [400.0, 21.663110348651493, 15.655936210612964]}, "datetime": {"datetime": "2025-08-21 13:43:05", "elapsed": 17902.248494148254, "delta": 16.691240072250366}, "costs": {"total_cost": 174.24068679919824, "time_cost": 72.712, "final_distance_cost": 1.827095792889608, "oscillation_cost": 24.726013226174285, "completition_cost": 0.0, "overshoot_cost": 50.90474528014513, "power_cost": 13.379822595214844, "noise_cost": 10.691009904774376, "n_waypoints_completed": 9, "tot_waypoints": 9}}
{"target": -188.22614081432485, "params": {"k_pid_pos": [1.103423145646733, 0.0, 0.032517866766511624], "k_pid_alt": [0.9950207895148168, 0.0, 0.009943366046344621], "k_pid_att": [18.421283988331385, 0.0001, 0.5734261488702452], "k_pid_yaw": [0.5, 1e-06, 0.1], "k_pid_hsp": [0.29714584829375756, 0.0, 0.0], "k_pid_vsp": [400.0, 20.02918389507734, 29.287146465688817]}, "datetime": {"datetime": "2025-08-21 13:43:23", "elapsed": 17919.743016719818, "delta": 17.49452257156372}, "costs": {"total_cost": 188.22614081432485, "time_cost": 72.136, "final_distance_cost": 1.8325004268047065, "oscillation_cost": 29.361833430100074, "completition_cost": 0.0, "overshoot_cost": 52.1066848059007, "power_cost": 18.639475891113282, "noise_cost": 14.149646260406096, "n_waypoints_completed": 9, "tot_waypoints": 9}}
{"target": -187.70126138938602, "params": {"k_pid_pos": [1.1293039571850825, 0.0, 0.07760495072411172], "k_pid_alt": [1.094417190096317, 0.0, 0.008904852847244538], "k_pid_att": [24.25933280879564, 0.00570810878417078, 0.6283587856211824], "k_pid_yaw": [0.5, 1e-06, 0.1], "k_pid_hsp": [0.5354897296538502, 0.0, 0.0], "k_pid_vsp": [400.0, 22.551083965956185, 18.15451965833041]}, "datetime": {"datetime": "2025-08-21 13:43:40", "elapsed": 17936.88357758522, "delta": 17.14056086540222}, "costs": {"total_cost": 187.70126138938602, "time_cost": 72.608, "final_distance_cost": 1.836133055811885, "oscillation_cost": 31.875488841016278, "completition_cost": 0.0, "overshoot_cost": 51.90060305620884, "power_cost": 16.290638208007813, "noise_cost": 13.190398228341184, "n_waypoints_completed": 9, "tot_waypoints": 9}}
{"target": -178.0346094632186, "params": {"k_pid_pos": [1.1682870112630053, 0.0, 0.20157171787510944], "k_pid_alt": [1.1856399923328802, 0.0, 0.0031571716718781775], "k_pid_att": [18.285605590709228, 0.0001, 0.5916961354687178], "k_pid_yaw": [0.5, 1e-06, 0.1], "k_pid_hsp": [0.15925219672288066, 0.0, 0.0], "k_pid_vsp": [396.3778330989845, 22.616626186578134, 2.36363910247281]}, "datetime": {"datetime": "2025-08-21 13:43:56", "elapsed": 17952.958914756775, "delta": 16.075337171554565}, "costs": {"total_cost": 178.0346094632186, "time_cost": 71.06400000000001, "final_distance_cost": 1.8198512884532747, "oscillation_cost": 27.805979843162902, "completition_cost": 0.0, "overshoot_cost": 51.60402933992113, "power_cost": 13.490826501464845, "noise_cost": 12.249922490216454, "n_waypoints_completed": 9, "tot_waypoints": 9}}
{"target": -1215.4328874620417, "params": {"k_pid_pos": [1.161645167386864, 0.0, 0.13375499664403961], "k_pid_alt": [1.216233349984412, 0.0, 0.009262996503843782], "k_pid_att": [0.0, 0.0001, 0.6713274269065985], "k_pid_yaw": [0.5, 1e-06, 0.1], "k_pid_hsp": [0.15935976151838938, 0.0, 0.0], "k_pid_vsp": [400.0, 23.630495670947695, 16.463448373386736]}, "datetime": {"datetime": "2025-08-21 13:44:19", "elapsed": 17975.77366042137, "delta": 22.814745664596558}, "costs": {"total_cost": 1215.4328874620417, "time_cost": 150, "final_distance_cost": 45.23735000829989, "oscillation_cost": 0.66629018542777, "completition_cost": 1000.0, "overshoot_cost": 11.337881742155897, "power_cost": 3.0369889038085938, "noise_cost": 5.154376622349687, "n_waypoints_completed": 0, "tot_waypoints": 9}}
{"target": -186.9563594056602, "params": {"k_pid_pos": [1.199634637588941, 0.0, 0.1365996362295554], "k_pid_alt": [1.2598686251977322, 0.0, 0.009865003084395403], "k_pid_att": [18.727587394809717, 0.0001, 0.48217936139428264], "k_pid_yaw": [0.5, 1e-06, 0.1], "k_pid_hsp": [0.1805767163088788, 0.0, 0.0], "k_pid_vsp": [400.0, 26.127306799872876, 20.176288770199918]}, "datetime": {"datetime": "2025-08-21 13:44:36", "elapsed": 17992.91526699066, "delta": 17.14160656929016}, "costs": {"total_cost": 186.9563594056602, "time_cost": 73.72800000000001, "final_distance_cost": 1.8172459926535163, "oscillation_cost": 29.641077600077768, "completition_cost": 0.0, "overshoot_cost": 53.33492057056052, "power_cost": 15.70536142578125, "noise_cost": 12.729753816587142, "n_waypoints_completed": 9, "tot_waypoints": 9}}
{"target": -191.48570972821273, "params": {"k_pid_pos": [1.3248950828027712, 0.0, 0.1318403427350864], "k_pid_alt": [0.6913690566651394, 0.0, 0.0016824474189721644], "k_pid_att": [31.330397624680785, 0.03315813358971312, 0.027842664776224546], "k_pid_yaw": [0.5, 1e-06, 0.1], "k_pid_hsp": [0.8043981570961216, 0.0, 0.0], "k_pid_vsp": [364.48162862413164, 28.07335435898181, 9.14599995054219]}, "datetime": {"datetime": "2025-08-21 13:44:53", "elapsed": 18009.656751394272, "delta": 16.74148440361023}, "costs": {"total_cost": 191.48570972821273, "time_cost": 72.688, "final_distance_cost": 1.831906669175437, "oscillation_cost": 33.9410743047297, "completition_cost": 0.0, "overshoot_cost": 50.94595484531445, "power_cost": 18.13828494873047, "noise_cost": 13.940488960262645, "n_waypoints_completed": 9, "tot_waypoints": 9}}
{"target": -191.22523737970693, "params": {"k_pid_pos": [1.240404514338557, 0.0, 0.14210141043678698], "k_pid_alt": [1.1455730966435373, 0.0, 0.009189693948714711], "k_pid_att": [24.078992729335102, 0.0001, 0.597103314642393], "k_pid_yaw": [0.5, 1e-06, 0.1], "k_pid_hsp": [0.42291581029022574, 0.0, 0.0], "k_pid_vsp": [400.0, 24.345110640953166, 17.842414982560896]}, "datetime": {"datetime": "2025-08-21 13:45:09", "elapsed": 18025.588944911957, "delta": 15.932193517684937}, "costs": {"total_cost": 191.22523737970693, "time_cost": 70.336, "final_distance_cost": 1.836028660274309, "oscillation_cost": 31.223851157654412, "completition_cost": 0.0, "overshoot_cost": 51.31203795623435, "power_cost": 21.184629541015624, "noise_cost": 15.332690064528224, "n_waypoints_completed": 9, "tot_waypoints": 9}}
{"target": -176.9566035005304, "params": {"k_pid_pos": [1.1586607057130238, 0.0, 0.21370457761608855], "k_pid_alt": [0.8546845227396074, 0.0, 0.007239403659656436], "k_pid_att": [19.499349304450455, 0.0001, 0.6123431243092924], "k_pid_yaw": [0.5, 1e-06, 0.1], "k_pid_hsp": [0.09581823371897397, 0.0, 0.0], "k_pid_vsp": [400.0, 20.011354370235377, 16.95265864519456]}, "datetime": {"datetime": "2025-08-21 13:45:26", "elapsed": 18042.631332874298, "delta": 17.04238796234131}, "costs": {"total_cost": 176.9566035005304, "time_cost": 73.008, "final_distance_cost": 1.8061068481738922, "oscillation_cost": 26.002743851243764, "completition_cost": 0.0, "overshoot_cost": 52.48210104148444, "power_cost": 12.966984118652345, "noise_cost": 10.690667640975962, "n_waypoints_completed": 9, "tot_waypoints": 9}}
{"target": -190.29068286930743, "params": {"k_pid_pos": [1.1239701628634806, 0.0, 0.030110554231582758], "k_pid_alt": [1.063324281444188, 0.0, 0.009441126541181276], "k_pid_att": [21.389463129619323, 0.0001, 0.6193452785570668], "k_pid_yaw": [0.5, 1e-06, 0.1], "k_pid_hsp": [0.26038409637767446, 0.00664840544691888, 0.0], "k_pid_vsp": [353.57107679994914, 32.809562292087875, 26.450032359385]}, "datetime": {"datetime": "2025-08-21 13:45:42", "elapsed": 18059.2312605381, "delta": 16.5999276638031}, "costs": {"total_cost": 190.29068286930743, "time_cost": 71.856, "final_distance_cost": 1.8091415943027376, "oscillation_cost": 29.613224995666553, "completition_cost": 0.0, "overshoot_cost": 51.663237687688145, "power_cost": 20.096209912109376, "noise_cost": 15.25286867954064, "n_waypoints_completed": 9, "tot_waypoints": 9}}
{"target": -174.50509002469374, "params": {"k_pid_pos": [1.114528228374055, 0.0, 0.12338849695433103], "k_pid_alt": [1.071688698632578, 0.0, 0.008282459025905381], "k_pid_att": [19.46976055342574, 0.0001, 0.5443218450121483], "k_pid_yaw": [0.5, 1e-06, 0.1], "k_pid_hsp": [0.07985977635356922, 0.0, 0.0], "k_pid_vsp": [400.0, 26.721779768796665, 18.77451487225671]}, "datetime": {"datetime": "2025-08-21 13:45:59", "elapsed": 18075.96909713745, "delta": 16.737836599349976}, "costs": {"total_cost": 174.50509002469374, "time_cost": 71.88, "final_distance_cost": 1.7598814831419418, "oscillation_cost": 25.614512923124387, "completition_cost": 0.0, "overshoot_cost": 52.51660526258472, "power_cost": 12.182559765625001, "noise_cost": 10.551530590217684, "n_waypoints_completed": 9, "tot_waypoints": 9}}
{"target": -187.08950744479898, "params": {"k_pid_pos": [1.3196696155138998, 0.0, 0.12584798114328563], "k_pid_alt": [0.6119530051599829, 0.0, 0.008771590597448545], "k_pid_att": [19.1419707961425, 0.0001, 0.5815277151149385], "k_pid_yaw": [0.5, 1e-06, 0.1], "k_pid_hsp": [0.0819338911040049, 0.016960864457696196, 0.0], "k_pid_vsp": [400.0, 23.64346414901807, 17.670727019711634]}, "datetime": {"datetime": "2025-08-21 13:46:18", "elapsed": 18094.49393606186, "delta": 18.52483892440796}, "costs": {"total_cost": 187.08950744479898, "time_cost": 76.736, "final_distance_cost": 1.7961745123383548, "oscillation_cost": 31.556930104530338, "completition_cost": 0.0, "overshoot_cost": 52.13219194755634, "power_cost": 13.878486975097656, "noise_cost": 10.989723905276287, "n_waypoints_completed": 9, "tot_waypoints": 9}}
{"target": -186.7662416187364, "params": {"k_pid_pos": [1.2912020671044924, 0.0, 0.13176316019344608], "k_pid_alt": [1.0659486390065498, 0.0, 0.007363527539385525], "k_pid_att": [16.948463268522122, 0.0001, 0.6130025999407972], "k_pid_yaw": [0.5, 1e-06, 0.1], "k_pid_hsp": [0.10232607718118394, 0.0, 0.0], "k_pid_vsp": [400.0, 33.42338499369897, 18.06168715917773]}, "datetime": {"datetime": "2025-08-21 13:46:34", "elapsed": 18111.420112371445, "delta": 16.92617630958557}, "costs": {"total_cost": 186.7662416187364, "time_cost": 71.68, "final_distance_cost": 1.7637907552776124, "oscillation_cost": 27.834856138864367, "completition_cost": 0.0, "overshoot_cost": 52.340448281971575, "power_cost": 18.961052111816407, "noise_cost": 14.186094330806435, "n_waypoints_completed": 9, "tot_waypoints": 9}}
{"target": -182.98719585335087, "params": {"k_pid_pos": [1.1587141180878107, 0.0, 0.12571381169563942], "k_pid_alt": [0.9275310367858438, 0.0, 0.009445291900979685], "k_pid_att": [27.267683666272333, 0.0001, 0.6536155462268823], "k_pid_yaw": [0.5, 1e-06, 0.1], "k_pid_hsp": [0.0897444947007958, 0.0051485234105543695, 0.0], "k_pid_vsp": [393.4901227800408, 6.144709690635688, 19.06953459304968]}, "datetime": {"datetime": "2025-08-21 13:46:51", "elapsed": 18127.920915603638, "delta": 16.500803232192993}, "costs": {"total_cost": 182.98719585335087, "time_cost": 72.272, "final_distance_cost": 1.7602674363717359, "oscillation_cost": 27.687453214114466, "completition_cost": 0.0, "overshoot_cost": 51.923126193239426, "power_cost": 16.884002734375002, "noise_cost": 12.460346275250235, "n_waypoints_completed": 9, "tot_waypoints": 9}}
{"target": -182.79190825144647, "params": {"k_pid_pos": [1.0705463465440943, 0.0, 0.09074660550805061], "k_pid_alt": [1.219886381106881, 0.0, 0.011294910047800647], "k_pid_att": [14.584429297408121, 0.0001, 0.5632101083718742], "k_pid_yaw": [0.5, 1e-06, 0.1], "k_pid_hsp": [0.21078205916488635, 0.004284383970327547, 0.0], "k_pid_vsp": [393.0916732484202, 24.232095188457375, 20.002748927652508]}, "datetime": {"datetime": "2025-08-21 13:47:08", "elapsed": 18145.253673791885, "delta": 17.33275818824768}, "costs": {"total_cost": 182.79190825144647, "time_cost": 72.264, "final_distance_cost": 1.805849075512221, "oscillation_cost": 28.814390763815922, "completition_cost": 0.0, "overshoot_cost": 51.75529930218329, "power_cost": 15.300130065917969, "noise_cost": 12.85223904401706, "n_waypoints_completed": 9, "tot_waypoints": 9}}
{"target": -1176.2307722617786, "params": {"k_pid_pos": [1.2061514053107862, 0.0, 0.18704619379604184], "k_pid_alt": [1.668824093235783, 0.0, 0.002590396252378903], "k_pid_att": [17.752142273893995, 0.0001, 0.5844395432530011], "k_pid_yaw": [0.5, 1e-06, 0.1], "k_pid_hsp": [0.0001, 0.0, 0.0], "k_pid_vsp": [397.14780923327646, 41.874145111354764, 41.148401187725895]}, "datetime": {"datetime": "2025-08-21 13:47:32", "elapsed": 18168.732596874237, "delta": 23.478923082351685}, "costs": {"total_cost": 1176.2307722617786, "time_cost": 150, "final_distance_cost": 46.19542955387654, "oscillation_cost": 0.128285653541234, "completition_cost": 888.8888888888888, "overshoot_cost": 82.00218505667648, "power_cost": 3.502022424316406, "noise_cost": 5.513960684478972, "n_waypoints_completed": 1, "tot_waypoints": 9}}
