{"target": -169.22516855455643, "params": {"k_pid_pos": [1.1471370474908722, 0.0, 0.13643050224052441], "k_pid_alt": [1.114160715879933, 0.0, 0.012013371700440773], "k_pid_att": [26.705828491061304, 0.0001, 0.4445894924927031], "k_pid_yaw": [0.5, 1e-06, 0.1], "k_pid_hsp": [0.43708562081078783, 0.003117124206462565, 0.0], "k_pid_vsp": [400.0, 20.95506426020865, 19.98724138806194]}, "datetime": {"datetime": "2025-08-21 15:27:02", "elapsed": 24139.198881864548, "delta": 16.443159341812134}, "costs": {"total_cost": 169.22516855455643, "time_cost": 70.60000000000001, "final_distance_cost": 1.843302655985935, "oscillation_cost": 30.73897225828148, "completition_cost": 0.0, "overshoot_cost": 50.2514041203747, "power_cost": 7.927222741699219, "noise_cost": 7.8642667782150895, "n_waypoints_completed": 9, "tot_waypoints": 9}}
{"target": -202.424073821933, "params": {"k_pid_pos": [1.1278098846209925, 0.0, 0.09596023715866037], "k_pid_alt": [0.9561218986806583, 0.0, 0.012819040482748675], "k_pid_att": [15.634423379354688, 0.0001, 0.6890193363426623], "k_pid_yaw": [0.5, 1e-06, 0.1], "k_pid_hsp": [0.6462265797078632, 0.0025359957856575894, 0.0], "k_pid_vsp": [388.57534535357047, 28.769708363057187, 19.657349834962424]}, "datetime": {"datetime": "2025-08-21 15:27:20", "elapsed": 24156.75323867798, "delta": 17.554356813430786}, "costs": {"total_cost": 202.424073821933, "time_cost": 75.056, "final_distance_cost": 1.820705485276015, "oscillation_cost": 31.38394805327173, "completition_cost": 0.0, "overshoot_cost": 53.754743165869904, "power_cost": 23.335887341308595, "noise_cost": 17.072789776206786, "n_waypoints_completed": 9, "tot_waypoints": 9}}
{"target": -186.7798496532426, "params": {"k_pid_pos": [0.9176745766138477, 0.0, 0.13403621058033685], "k_pid_alt": [1.1997999726390072, 0.0, 0.01274466381014657], "k_pid_att": [15.00537149142634, 0.0001, 0.7739550313895925], "k_pid_yaw": [0.5, 1e-06, 0.1], "k_pid_hsp": [0.5821397884327939, 0.0, 0.0], "k_pid_vsp": [400.0, 52.14018053915362, 20.359976658730883]}, "datetime": {"datetime": "2025-08-21 15:27:37", "elapsed": 24173.616671323776, "delta": 16.86343264579773}, "costs": {"total_cost": 186.7798496532426, "time_cost": 73.016, "final_distance_cost": 1.8431095329585085, "oscillation_cost": 29.295212219632074, "completition_cost": 0.0, "overshoot_cost": 51.769366860744576, "power_cost": 16.723547888183596, "noise_cost": 14.132613151723833, "n_waypoints_completed": 9, "tot_waypoints": 9}}
{"target": -178.77139262745106, "params": {"k_pid_pos": [1.1306387224489034, 0.0, 0.14785750552232277], "k_pid_alt": [1.1715608507211275, 0.0, 0.012925836259313787], "k_pid_att": [27.538659288758787, 0.17787107631685656, 0.49184480767866434], "k_pid_yaw": [0.5, 1e-06, 0.1], "k_pid_hsp": [0.16586156039044322, 0.0028916540872422772, 0.0], "k_pid_vsp": [319.4209539900579, 52.97517468189331, 16.0210404938519]}, "datetime": {"datetime": "2025-08-21 15:27:54", "elapsed": 24190.709993600845, "delta": 17.093322277069092}, "costs": {"total_cost": 178.77139262745106, "time_cost": 70.2, "final_distance_cost": 1.8174668505192648, "oscillation_cost": 27.650533108207767, "completition_cost": 0.0, "overshoot_cost": 50.47883071248699, "power_cost": 15.89943895263672, "noise_cost": 12.725123003600325, "n_waypoints_completed": 9, "tot_waypoints": 9}}
{"target": -178.85819721840826, "params": {"k_pid_pos": [1.291180136367245, 0.0, 0.04676520207013135], "k_pid_alt": [1.304591028808761, 0.0, 0.008546284504707104], "k_pid_att": [15.364016335524212, 0.0001, 0.6307797294152261], "k_pid_yaw": [0.5, 1e-06, 0.1], "k_pid_hsp": [0.10974028492300131, 0.0035225872139920396, 0.0], "k_pid_vsp": [400.0, 54.1580540643088, 16.23007186829583]}, "datetime": {"datetime": "2025-08-21 15:28:10", "elapsed": 24206.860569000244, "delta": 16.150575399398804}, "costs": {"total_cost": 178.85819721840826, "time_cost": 70.368, "final_distance_cost": 1.7698649255476944, "oscillation_cost": 29.675948171964265, "completition_cost": 0.0, "overshoot_cost": 51.281120929772044, "power_cost": 14.557526867675781, "noise_cost": 11.205736323448457, "n_waypoints_completed": 9, "tot_waypoints": 9}}
{"target": -170.82494602251222, "params": {"k_pid_pos": [1.3026162879682255, 7.654883763122134e-05, 0.1324298312305538], "k_pid_alt": [1.0577586887205332, 0.0, 0.015601678338915561], "k_pid_att": [18.37404623170047, 0.0001, 0.5932817785843719], "k_pid_yaw": [0.5, 1e-06, 0.1], "k_pid_hsp": [0.1723230240844757, 0.004654570123671382, 0.0], "k_pid_vsp": [400.0, 33.886709469623334, 13.081987289658665]}, "datetime": {"datetime": "2025-08-21 15:28:27", "elapsed": 24224.042730093002, "delta": 17.18216109275818}, "costs": {"total_cost": 170.82494602251222, "time_cost": 70.83200000000001, "final_distance_cost": 1.8207346663151145, "oscillation_cost": 29.71368353464435, "completition_cost": 0.0, "overshoot_cost": 51.43821974211359, "power_cost": 8.714618566894531, "noise_cost": 8.305689512544642, "n_waypoints_completed": 9, "tot_waypoints": 9}}
{"target": -186.98306395158522, "params": {"k_pid_pos": [1.1250457763904052, 0.0, 0.16303478641178928], "k_pid_alt": [1.2694101919749614, 0.0, 0.015242446523475554], "k_pid_att": [14.875945954042246, 0.0001, 0.6277206336008065], "k_pid_yaw": [0.5, 1e-06, 0.1], "k_pid_hsp": [0.11761494282769311, 0.003630531265372047, 0.0], "k_pid_vsp": [398.08023097560937, 27.694456699769436, 22.844192984573933]}, "datetime": {"datetime": "2025-08-21 15:28:44", "elapsed": 24240.803589105606, "delta": 16.76085901260376}, "costs": {"total_cost": 186.98306395158522, "time_cost": 71.104, "final_distance_cost": 1.7898134622095967, "oscillation_cost": 26.96004254337681, "completition_cost": 0.0, "overshoot_cost": 51.77219766113498, "power_cost": 20.158573840332032, "noise_cost": 15.198436444531808, "n_waypoints_completed": 9, "tot_waypoints": 9}}
{"target": -166.05490558758177, "params": {"k_pid_pos": [1.1153594519641583, 0.0, 0.09007192471429018], "k_pid_alt": [1.4260712615366917, 0.0, 0.013241946379078199], "k_pid_att": [14.822919657921748, 0.012741047247522543, 0.6289651273035132], "k_pid_yaw": [0.5, 1e-06, 0.1], "k_pid_hsp": [0.5438881367812252, 0.0033124003770144583, 0.0], "k_pid_vsp": [400.0, 43.19762639278535, 20.255437709788104]}, "datetime": {"datetime": "2025-08-21 15:29:00", "elapsed": 24256.473967790604, "delta": 15.670378684997559}, "costs": {"total_cost": 166.05490558758177, "time_cost": 69.83200000000001, "final_distance_cost": 1.8433989938404192, "oscillation_cost": 30.93415024401998, "completition_cost": 0.0, "overshoot_cost": 50.54728540021347, "power_cost": 6.166159570312501, "noise_cost": 6.731911379195434, "n_waypoints_completed": 9, "tot_waypoints": 9}}
{"target": -175.7781636659375, "params": {"k_pid_pos": [1.1423558669975244, 0.0, 0.17315491713576722], "k_pid_alt": [1.2616917236746192, 0.0, 0.017447728281574384], "k_pid_att": [15.499838675890869, 0.0001, 0.6291658876924757], "k_pid_yaw": [0.5, 1e-06, 0.1], "k_pid_hsp": [0.12875144543910974, 0.0013477658791100078, 0.0], "k_pid_vsp": [393.3282724171605, 33.5375832847255, 10.872131136371538]}, "datetime": {"datetime": "2025-08-21 15:29:16", "elapsed": 24273.417449235916, "delta": 16.9434814453125}, "costs": {"total_cost": 175.7781636659375, "time_cost": 70.848, "final_distance_cost": 1.8093147963769909, "oscillation_cost": 27.32087449845006, "completition_cost": 0.0, "overshoot_cost": 51.071044997508274, "power_cost": 13.722222900390626, "noise_cost": 11.00670647321159, "n_waypoints_completed": 9, "tot_waypoints": 9}}
{"target": -169.93997467162256, "params": {"k_pid_pos": [1.2172868292453713, 0.0, 0.1338601253353673], "k_pid_alt": [1.3415028149144996, 0.0, 0.017697880803693666], "k_pid_att": [3.352626860370976, 0.0001, 0.6668325997066784], "k_pid_yaw": [0.5, 1e-06, 0.1], "k_pid_hsp": [0.36661043139510485, 0.0002904302406395245, 0.0], "k_pid_vsp": [400.0, 42.08511686703428, 20.524734250301684]}, "datetime": {"datetime": "2025-08-21 15:29:32", "elapsed": 24289.31066274643, "delta": 15.893213510513306}, "costs": {"total_cost": 169.93997467162256, "time_cost": 69.864, "final_distance_cost": 1.8169476767374546, "oscillation_cost": 29.959354426735985, "completition_cost": 0.0, "overshoot_cost": 51.223312550943994, "power_cost": 8.757438391113281, "noise_cost": 8.318921626091841, "n_waypoints_completed": 9, "tot_waypoints": 9}}
{"target": -178.04198736593878, "params": {"k_pid_pos": [1.2562750608192277, 0.0, 0.14273045351544908], "k_pid_alt": [1.1468881877255848, 0.0, 0.016996583604831375], "k_pid_att": [17.55379533142064, 0.0001, 0.5735110152761161], "k_pid_yaw": [0.5, 1e-06, 0.1], "k_pid_hsp": [0.11619508775654976, 0.004640577295285673, 0.0], "k_pid_vsp": [400.0, 56.07329503949613, 18.555118149308605]}, "datetime": {"datetime": "2025-08-21 15:29:49", "elapsed": 24306.423547267914, "delta": 17.112884521484375}, "costs": {"total_cost": 178.04198736593878, "time_cost": 70.072, "final_distance_cost": 1.7677610709580085, "oscillation_cost": 28.83002292629576, "completition_cost": 0.0, "overshoot_cost": 51.1439355737012, "power_cost": 14.630924841308595, "noise_cost": 11.597342953675215, "n_waypoints_completed": 9, "tot_waypoints": 9}}
{"target": -180.5857448273665, "params": {"k_pid_pos": [1.0738600113889234, 0.0, 0.146715890953368], "k_pid_alt": [1.2169243060096806, 0.0, 0.01920592385340464], "k_pid_att": [24.584030010715693, 0.0001, 0.6123919357209233], "k_pid_yaw": [0.5, 1e-06, 0.1], "k_pid_hsp": [0.17600025935617986, 0.0019713285975326835, 0.0], "k_pid_vsp": [400.0, 68.63069075205178, 15.969787501764927]}, "datetime": {"datetime": "2025-08-21 15:30:06", "elapsed": 24323.151765823364, "delta": 16.72821855545044}, "costs": {"total_cost": 180.5857448273665, "time_cost": 70.232, "final_distance_cost": 1.8156868124384877, "oscillation_cost": 27.925656614742326, "completition_cost": 0.0, "overshoot_cost": 51.102868416832145, "power_cost": 16.780420935058594, "noise_cost": 12.729112048294944, "n_waypoints_completed": 9, "tot_waypoints": 9}}
{"target": -179.1127503864093, "params": {"k_pid_pos": [1.1143186725665077, 0.0, 0.13057209272994708], "k_pid_alt": [1.289186351993336, 0.0, 0.019393604426749016], "k_pid_att": [15.440949336476477, 0.0001, 0.6239380093166622], "k_pid_yaw": [0.5, 1e-06, 0.1], "k_pid_hsp": [0.18107140934872948, 0.003718935809321239, 0.0], "k_pid_vsp": [400.0, 32.59574910830655, 16.712075127283352]}, "datetime": {"datetime": "2025-08-21 15:30:22", "elapsed": 24339.10794186592, "delta": 15.956176042556763}, "costs": {"total_cost": 179.1127503864093, "time_cost": 70.184, "final_distance_cost": 1.8035258061491375, "oscillation_cost": 28.936239701882734, "completition_cost": 0.0, "overshoot_cost": 51.16138273932625, "power_cost": 15.465880737304689, "noise_cost": 11.561721401746457, "n_waypoints_completed": 9, "tot_waypoints": 9}}
{"target": -169.61430500799847, "params": {"k_pid_pos": [1.1627594560479921, 0.0, 0.15267917424507688], "k_pid_alt": [1.2014793281907772, 0.0, 0.018697342127423487], "k_pid_att": [17.37947894253743, 0.0001, 0.5558342425346103], "k_pid_yaw": [0.5, 1e-06, 0.1], "k_pid_hsp": [0.14908085162829057, 0.002390413748274013, 0.0], "k_pid_vsp": [400.0, 22.2614175727573, 17.232458031205486]}, "datetime": {"datetime": "2025-08-21 15:30:39", "elapsed": 24355.84938621521, "delta": 16.74144434928894}, "costs": {"total_cost": 169.61430500799847, "time_cost": 70.976, "final_distance_cost": 1.8199926659278642, "oscillation_cost": 28.163363022673973, "completition_cost": 0.0, "overshoot_cost": 51.66774267244806, "power_cost": 8.9468896484375, "noise_cost": 8.040316998511091, "n_waypoints_completed": 9, "tot_waypoints": 9}}
{"target": -173.20171657977332, "params": {"k_pid_pos": [1.1197057307729128, 0.0, 0.16993885526817495], "k_pid_alt": [1.1025491044458746, 0.0, 0.011442649775548546], "k_pid_att": [11.834951096091528, 0.0001, 0.37357802887482383], "k_pid_yaw": [0.5, 1e-06, 0.1], "k_pid_hsp": [0.12179569929050876, 0.003920292866461533, 0.0], "k_pid_vsp": [382.78325933854643, 31.523438066824138, 19.713531589640517]}, "datetime": {"datetime": "2025-08-21 15:30:55", "elapsed": 24371.922627925873, "delta": 16.073241710662842}, "costs": {"total_cost": 173.20171657977332, "time_cost": 70.544, "final_distance_cost": 1.8098095791697266, "oscillation_cost": 27.30317261263085, "completition_cost": 0.0, "overshoot_cost": 51.58478321412667, "power_cost": 11.828365087890626, "noise_cost": 10.131586085955472, "n_waypoints_completed": 9, "tot_waypoints": 9}}
{"target": -183.43351839395538, "params": {"k_pid_pos": [1.1335957973499082, 0.0, 0.14133734626474156], "k_pid_alt": [1.3676838308266877, 0.0, 0.020311401493391612], "k_pid_att": [21.727735795193787, 0.0001, 0.6481742323487474], "k_pid_yaw": [0.5, 1e-06, 0.1], "k_pid_hsp": [0.13999464299935685, 0.0014375849319278218, 0.0], "k_pid_vsp": [400.0, 42.325947431828105, 25.744665100603363]}, "datetime": {"datetime": "2025-08-21 15:31:12", "elapsed": 24388.700239419937, "delta": 16.77761149406433}, "costs": {"total_cost": 183.43351839395538, "time_cost": 70.016, "final_distance_cost": 1.8166604716115442, "oscillation_cost": 28.334531273481943, "completition_cost": 0.0, "overshoot_cost": 51.0364621198075, "power_cost": 18.243802856445313, "noise_cost": 13.98606167260908, "n_waypoints_completed": 9, "tot_waypoints": 9}}
{"target": -188.7976669540202, "params": {"k_pid_pos": [1.08384617238876, 0.0, 0.13147847723384382], "k_pid_alt": [1.120671263428899, 0.0, 0.020939012897937443], "k_pid_att": [33.69894058915063, 0.0001, 0.5035214204278714], "k_pid_yaw": [0.5, 1e-06, 0.1], "k_pid_hsp": [0.3891071114452115, 0.017420254742881558, 0.0], "k_pid_vsp": [400.0, 28.51465330900908, 21.30836721855207]}, "datetime": {"datetime": "2025-08-21 15:31:29", "elapsed": 24406.39596581459, "delta": 17.69572639465332}, "costs": {"total_cost": 188.7976669540202, "time_cost": 70.672, "final_distance_cost": 1.8358327420591736, "oscillation_cost": 31.47915988334709, "completition_cost": 0.0, "overshoot_cost": 50.61003599004424, "power_cost": 19.552206970214844, "noise_cost": 14.648431368354865, "n_waypoints_completed": 9, "tot_waypoints": 9}}
{"target": -174.8911757774022, "params": {"k_pid_pos": [1.0974390108888754, 0.0, 0.13971471478518308], "k_pid_alt": [1.278135705919123, 0.0, 0.018876573468562478], "k_pid_att": [19.87997590861421, 0.0001, 0.6152731757942403], "k_pid_yaw": [0.5, 1e-06, 0.1], "k_pid_hsp": [0.19644136186230965, 0.004923105011327421, 0.0], "k_pid_vsp": [397.337969898725, 30.19628647226477, 21.549257735279802]}, "datetime": {"datetime": "2025-08-21 15:31:46", "elapsed": 24422.807817697525, "delta": 16.41185188293457}, "costs": {"total_cost": 174.8911757774022, "time_cost": 71.232, "final_distance_cost": 1.8213226105906566, "oscillation_cost": 27.931979428742817, "completition_cost": 0.0, "overshoot_cost": 51.85376179464501, "power_cost": 11.857026782226564, "noise_cost": 10.19508516119714, "n_waypoints_completed": 9, "tot_waypoints": 9}}
{"target": -190.94792856022616, "params": {"k_pid_pos": [1.1186972753889515, 0.0, 0.13275613197302008], "k_pid_alt": [1.3154501737328226, 0.0, 0.01771947305138444], "k_pid_att": [16.585583502018544, 0.0001, 0.6410714446447812], "k_pid_yaw": [0.5, 1e-06, 0.1], "k_pid_hsp": [0.11769991461557944, 0.003536747968083935, 0.0], "k_pid_vsp": [397.95967309833634, 48.93625669705061, 18.954890900555185]}, "datetime": {"datetime": "2025-08-21 15:32:03", "elapsed": 24439.66744661331, "delta": 16.859628915786743}, "costs": {"total_cost": 190.94792856022616, "time_cost": 71.856, "final_distance_cost": 1.808350748170716, "oscillation_cost": 27.01835452632325, "completition_cost": 0.0, "overshoot_cost": 51.886996195581226, "power_cost": 22.115527880859375, "noise_cost": 16.262699209291615, "n_waypoints_completed": 9, "tot_waypoints": 9}}
{"target": -182.24090315345742, "params": {"k_pid_pos": [1.1172800339103741, 0.0, 0.17811894661031571], "k_pid_alt": [1.3016021548597223, 0.0, 0.0], "k_pid_att": [14.734895606808172, 0.0001, 0.6153780162824947], "k_pid_yaw": [0.5, 1e-06, 0.1], "k_pid_hsp": [0.14434400723966478, 0.005677826617868183, 0.0], "k_pid_vsp": [400.0, 56.69659510792597, 19.74952320431496]}, "datetime": {"datetime": "2025-08-21 15:32:19", "elapsed": 24456.192420721054, "delta": 16.52497410774231}, "costs": {"total_cost": 182.24090315345742, "time_cost": 70.208, "final_distance_cost": 1.8069874561313113, "oscillation_cost": 28.145825287076104, "completition_cost": 0.0, "overshoot_cost": 51.15512999247202, "power_cost": 17.40955272216797, "noise_cost": 13.515407695610019, "n_waypoints_completed": 9, "tot_waypoints": 9}}
{"target": -392.07105330696555, "params": {"k_pid_pos": [1.1642551866704118, 0.0, 0.3045263288435251], "k_pid_alt": [1.2882464460016327, 0.0, 0.018515085710976164], "k_pid_att": [25.658157618518374, 0.0001, 0.6659445276161936], "k_pid_yaw": [0.5, 1e-06, 0.1], "k_pid_hsp": [0.02563808471317236, 0.0016615100008981578, 0.0], "k_pid_vsp": [400.0, 2.9373830617871377, 33.000200826714995]}, "datetime": {"datetime": "2025-08-21 15:32:43", "elapsed": 24479.72828221321, "delta": 23.535861492156982}, "costs": {"total_cost": 392.07105330696555, "time_cost": 150, "final_distance_cost": 18.753755231728345, "oscillation_cost": 14.55054247584791, "completition_cost": 111.11111111111116, "overshoot_cost": 66.39872064564793, "power_cost": 17.8197, "noise_cost": 13.437223842630178, "n_waypoints_completed": 8, "tot_waypoints": 9}}
{"target": -183.80058333552833, "params": {"k_pid_pos": [1.1530201248460146, 0.0, 0.14999557981666461], "k_pid_alt": [1.2849091121682377, 0.0, 0.018483462153555924], "k_pid_att": [20.7527966581486, 0.0001, 0.6642747904454466], "k_pid_yaw": [0.5, 1e-06, 0.1], "k_pid_hsp": [0.14714628469655738, 0.00021529597254495072, 0.0], "k_pid_vsp": [400.0, 41.59492305316941, 18.69283357419716]}, "datetime": {"datetime": "2025-08-21 15:32:59", "elapsed": 24496.143910884857, "delta": 16.415628671646118}, "costs": {"total_cost": 183.80058333552833, "time_cost": 70.736, "final_distance_cost": 1.802869460400421, "oscillation_cost": 28.256051588130678, "completition_cost": 0.0, "overshoot_cost": 51.59916506043133, "power_cost": 17.97353428955078, "noise_cost": 13.432962937015134, "n_waypoints_completed": 9, "tot_waypoints": 9}}
{"target": -188.07877622816645, "params": {"k_pid_pos": [1.6638542479216913, 0.0, 0.2639776093084408], "k_pid_alt": [1.1722342536898258, 0.0, 0.008569804175627638], "k_pid_att": [10.980406832957158, 0.0001, 0.6491685280315028], "k_pid_yaw": [0.5, 1e-06, 0.1], "k_pid_hsp": [0.1585925056335133, 0.0017553836816626303, 0.0], "k_pid_vsp": [400.0, 50.31691669866243, 39.35015785227199]}, "datetime": {"datetime": "2025-08-21 15:33:17", "elapsed": 24513.864798545837, "delta": 17.720887660980225}, "costs": {"total_cost": 188.07877622816645, "time_cost": 69.936, "final_distance_cost": 1.7818910954357312, "oscillation_cost": 29.734795837766182, "completition_cost": 0.0, "overshoot_cost": 50.994069131953395, "power_cost": 20.626639294433595, "noise_cost": 15.005380868577534, "n_waypoints_completed": 9, "tot_waypoints": 9}}
{"target": -1219.8465731043582, "params": {"k_pid_pos": [1.0870266515067375, 0.0, 0.13270812580265606], "k_pid_alt": [1.0690947312008712, 0.0, 0.018911404498199506], "k_pid_att": [17.7918060873237, 0.0001, 0.6260758338112999], "k_pid_yaw": [0.5, 1e-06, 0.1], "k_pid_hsp": [0.0001, 0.003601969068657458, 0.0], "k_pid_vsp": [400.0, 44.4983030648592, 1.1950699556533664]}, "datetime": {"datetime": "2025-08-21 15:33:40", "elapsed": 24537.099118709564, "delta": 23.234320163726807}, "costs": {"total_cost": 1219.8465731043582, "time_cost": 150, "final_distance_cost": 52.762959406455906, "oscillation_cost": 0.5961497477028183, "completition_cost": 888.8888888888888, "overshoot_cost": 94.62749240556583, "power_cost": 17.946963024902345, "noise_cost": 15.0241196308424, "n_waypoints_completed": 1, "tot_waypoints": 9}}
{"target": -175.73887697948211, "params": {"k_pid_pos": [1.1669660392787966, 0.0, 0.1358842175760141], "k_pid_alt": [1.1783180574302818, 0.0, 0.0031901939939715206], "k_pid_att": [17.368637332207854, 0.0001, 0.6930361963347067], "k_pid_yaw": [0.5, 1e-06, 0.1], "k_pid_hsp": [0.09681629191817476, 0.0035349222624350175, 0.0], "k_pid_vsp": [400.0, 51.2289115146943, 22.0431915714279]}, "datetime": {"datetime": "2025-08-21 15:33:56", "elapsed": 24553.33284163475, "delta": 16.233722925186157}, "costs": {"total_cost": 175.73887697948211, "time_cost": 70.84, "final_distance_cost": 1.7624811534223421, "oscillation_cost": 27.75897297367184, "completition_cost": 0.0, "overshoot_cost": 51.386135416473024, "power_cost": 13.473463977050782, "noise_cost": 10.517823458864127, "n_waypoints_completed": 9, "tot_waypoints": 9}}
{"target": -189.1212947105264, "params": {"k_pid_pos": [1.2481294898261994, 0.0, 0.13079996748105915], "k_pid_alt": [1.4092300033989826, 0.0, 0.017864437168905057], "k_pid_att": [2.79711099534358, 0.0001, 0.24183597911996013], "k_pid_yaw": [0.5, 1e-06, 0.1], "k_pid_hsp": [0.13198058240884586, 0.0031363877205304543, 0.0], "k_pid_vsp": [400.0, 70.7990766121454, 16.006557929220385]}, "datetime": {"datetime": "2025-08-21 15:34:13", "elapsed": 24570.229156970978, "delta": 16.896315336227417}, "costs": {"total_cost": 189.1212947105264, "time_cost": 70.992, "final_distance_cost": 1.779927048107326, "oscillation_cost": 28.677084293540133, "completition_cost": 0.0, "overshoot_cost": 52.29045910656049, "power_cost": 20.40738688964844, "noise_cost": 14.974437372669998, "n_waypoints_completed": 9, "tot_waypoints": 9}}
