{"target": -181.93823084107217, "params": {"k_pid_pos": [1.1838773851174424, 0.0, 0.19788607475423195], "k_pid_alt": [0.8227049686702967, 0.0, 0.013914106235702368], "k_pid_att": [15.86575413007237, 0.0001, 0.6280515416715776], "k_pid_yaw": [0.5, 1e-06, 0.1], "k_pid_hsp": [0.1137472962799703, 0.0024534796955615118, 0.0], "k_pid_vsp": [393.4779571029789, 50.74408426063844, 10.35950616115478]}, "datetime": {"datetime": "2025-08-21 17:05:14", "elapsed": 30031.171530008316, "delta": 17.61214590072632}, "costs": {"total_cost": 181.93823084107217, "time_cost": 72.104, "final_distance_cost": 1.8053267262248784, "oscillation_cost": 27.60774583010354, "completition_cost": 0.0, "overshoot_cost": 51.40682977028503, "power_cost": 16.288972009277344, "noise_cost": 12.725356505181404, "n_waypoints_completed": 9, "tot_waypoints": 9}}
{"target": -1266.6104435298405, "params": {"k_pid_pos": [1.1549170909377486, 0.0, 0.1368550901598616], "k_pid_alt": [1.1720475055238886, 0.0, 0.011789887101636962], "k_pid_att": [0.0, 0.0001, 0.5856729587012389], "k_pid_yaw": [0.5, 1e-06, 0.1], "k_pid_hsp": [0.0851094842470963, 0.003554916684971172, 0.0], "k_pid_vsp": [400.0, 34.890464903517596, 18.364485320390276]}, "datetime": {"datetime": "2025-08-21 17:05:38", "elapsed": 30055.04621243477, "delta": 23.874682426452637}, "costs": {"total_cost": 1266.6104435298405, "time_cost": 150, "final_distance_cost": 45.26391973686306, "oscillation_cost": 0.9377222464190488, "completition_cost": 1000.0, "overshoot_cost": 15.313332436385485, "power_cost": 32.71781094970703, "noise_cost": 22.37765816046594, "n_waypoints_completed": 0, "tot_waypoints": 9}}
{"target": -189.1626249246391, "params": {"k_pid_pos": [1.128916168516986, 0.0, 0.13187255569741305], "k_pid_alt": [1.1443723590907815, 0.0, 0.011313539613673419], "k_pid_att": [17.108264547710363, 0.0001, 0.6179642290960999], "k_pid_yaw": [0.5, 1e-06, 0.1], "k_pid_hsp": [0.12956255959222843, 0.00162196092669422, 0.0], "k_pid_vsp": [400.0, 20.818470078068344, 17.376070283784145]}, "datetime": {"datetime": "2025-08-21 17:05:55", "elapsed": 30072.300741672516, "delta": 17.254529237747192}, "costs": {"total_cost": 189.1626249246391, "time_cost": 71.784, "final_distance_cost": 1.8091661563995218, "oscillation_cost": 27.4384142006817, "completition_cost": 0.0, "overshoot_cost": 51.81809014118532, "power_cost": 21.14870369873047, "noise_cost": 15.164250727642077, "n_waypoints_completed": 9, "tot_waypoints": 9}}
{"target": -170.44619406062415, "params": {"k_pid_pos": [1.03428037080573, 0.0, 0.14534243491028032], "k_pid_alt": [1.1767038297226946, 0.0, 0.0173418581575561], "k_pid_att": [28.225926284403357, 0.0001, 0.6237228383949804], "k_pid_yaw": [0.5, 1e-06, 0.1], "k_pid_hsp": [0.2955315488997821, 0.002786620260345085, 0.0], "k_pid_vsp": [400.0, 43.07233322759188, 13.816077753588823]}, "datetime": {"datetime": "2025-08-21 17:06:13", "elapsed": 30089.736743211746, "delta": 17.436001539230347}, "costs": {"total_cost": 170.44619406062415, "time_cost": 70.312, "final_distance_cost": 1.839781387356489, "oscillation_cost": 29.463242898818955, "completition_cost": 0.0, "overshoot_cost": 51.28668880911786, "power_cost": 9.01829676513672, "noise_cost": 8.526184200194129, "n_waypoints_completed": 9, "tot_waypoints": 9}}
{"target": -184.51915367154024, "params": {"k_pid_pos": [1.119753182158443, 0.0, 0.13522052281169883], "k_pid_alt": [1.1221202916097615, 0.0, 0.012190548250651696], "k_pid_att": [11.951524161726221, 0.0001, 0.6457794478320051], "k_pid_yaw": [0.5, 1e-06, 0.1], "k_pid_hsp": [0.21507095517661026, 0.0034851630154239983, 0.0], "k_pid_vsp": [400.0, 26.111496806369924, 13.813095526350722]}, "datetime": {"datetime": "2025-08-21 17:06:29", "elapsed": 30106.176525115967, "delta": 16.43978190422058}, "costs": {"total_cost": 184.51915367154024, "time_cost": 72.0, "final_distance_cost": 1.817837870077951, "oscillation_cost": 28.283263440948552, "completition_cost": 0.0, "overshoot_cost": 52.18174640834923, "power_cost": 17.01418464355469, "noise_cost": 13.222121308609816, "n_waypoints_completed": 9, "tot_waypoints": 9}}
{"target": -175.84414821474144, "params": {"k_pid_pos": [1.1209545213578678, 0.0, 0.13907902894521304], "k_pid_alt": [1.161928158782212, 0.0, 0.006935462744191906], "k_pid_att": [9.230819318093467, 0.0001, 0.6399452328084272], "k_pid_yaw": [0.5, 1e-06, 0.1], "k_pid_hsp": [0.07891496792435455, 0.0012713369226149181, 0.0], "k_pid_vsp": [400.0, 54.47585932874938, 17.72387651959174]}, "datetime": {"datetime": "2025-08-21 17:06:47", "elapsed": 30123.68999171257, "delta": 17.513466596603394}, "costs": {"total_cost": 175.84414821474144, "time_cost": 72.08, "final_distance_cost": 1.7970800445756048, "oscillation_cost": 25.259492603832523, "completition_cost": 0.0, "overshoot_cost": 52.13485595041856, "power_cost": 13.817196264648437, "noise_cost": 10.755523351266318, "n_waypoints_completed": 9, "tot_waypoints": 9}}
{"target": -169.71853533491276, "params": {"k_pid_pos": [1.121161345101083, 0.0, 0.12210298488399646], "k_pid_alt": [1.1984043386494831, 0.0, 0.01002290537899184], "k_pid_att": [13.57301468385487, 0.0001, 0.6923423915437965], "k_pid_yaw": [0.5, 1e-06, 0.1], "k_pid_hsp": [0.1442715024227012, 0.003703458094334202, 0.0], "k_pid_vsp": [400.0, 47.53530078648997, 5.698833594224052]}, "datetime": {"datetime": "2025-08-21 17:07:03", "elapsed": 30139.73999428749, "delta": 16.050002574920654}, "costs": {"total_cost": 169.71853533491276, "time_cost": 70.0, "final_distance_cost": 1.8217621859310165, "oscillation_cost": 28.17045446361829, "completition_cost": 0.0, "overshoot_cost": 51.12085084180697, "power_cost": 9.060977465820313, "noise_cost": 9.544490377736176, "n_waypoints_completed": 9, "tot_waypoints": 9}}
{"target": -168.9295855430704, "params": {"k_pid_pos": [1.1334664947496043, 0.0, 0.11956035242762536], "k_pid_alt": [1.37630641283922, 0.0, 0.014729631227809818], "k_pid_att": [21.20771517188426, 0.0001, 0.6323772302874897], "k_pid_yaw": [0.5, 1e-06, 0.1], "k_pid_hsp": [0.14106843223177867, 0.0019409117795462334, 0.0], "k_pid_vsp": [400.0, 22.23681079767647, 27.86760235607308]}, "datetime": {"datetime": "2025-08-21 17:07:20", "elapsed": 30156.831109285355, "delta": 17.09111499786377}, "costs": {"total_cost": 168.9295855430704, "time_cost": 70.968, "final_distance_cost": 1.7885469601351869, "oscillation_cost": 27.805772658244468, "completition_cost": 0.0, "overshoot_cost": 52.07319361069527, "power_cost": 8.167315002441407, "noise_cost": 8.126757311554053, "n_waypoints_completed": 9, "tot_waypoints": 9}}
{"target": -183.8308542118365, "params": {"k_pid_pos": [1.1019980881158633, 0.0, 0.142282396641438], "k_pid_alt": [1.047685195654521, 0.0, 0.014613733473892922], "k_pid_att": [28.499420726678647, 0.0001, 0.3818143285126857], "k_pid_yaw": [0.5, 1e-06, 0.1], "k_pid_hsp": [0.08190892894736719, 0.014825449972967648, 0.0], "k_pid_vsp": [400.0, 35.634060910943795, 23.40225691617637]}, "datetime": {"datetime": "2025-08-21 17:07:38", "elapsed": 30174.600959062576, "delta": 17.76984977722168}, "costs": {"total_cost": 183.8308542118365, "time_cost": 73.392, "final_distance_cost": 1.805873347689437, "oscillation_cost": 28.644249007169545, "completition_cost": 0.0, "overshoot_cost": 52.24020309938211, "power_cost": 15.944830603027345, "noise_cost": 11.803698154568051, "n_waypoints_completed": 9, "tot_waypoints": 9}}
{"target": -194.610366770211, "params": {"k_pid_pos": [1.1755608616036273, 0.0, 0.1379994338942896], "k_pid_alt": [1.0104943118236802, 0.0, 0.0098457882864567], "k_pid_att": [25.10123242480374, 0.0001, 0.576493148179609], "k_pid_yaw": [0.5, 1e-06, 0.1], "k_pid_hsp": [0.5984242075535943, 0.0020149869645821896, 0.0], "k_pid_vsp": [397.59074015617654, 26.9159329426263, 33.63046127318569]}, "datetime": {"datetime": "2025-08-21 17:07:53", "elapsed": 30190.37833881378, "delta": 15.777379751205444}, "costs": {"total_cost": 194.610366770211, "time_cost": 70.84, "final_distance_cost": 1.841382394934818, "oscillation_cost": 31.2463683781732, "completition_cost": 0.0, "overshoot_cost": 50.68513259928817, "power_cost": 23.186513818359376, "noise_cost": 16.810969579455406, "n_waypoints_completed": 9, "tot_waypoints": 9}}
{"target": -178.4587782463499, "params": {"k_pid_pos": [1.1272903209182135, 0.0, 0.11969378687308699], "k_pid_alt": [1.041818488101909, 0.0, 0.009556965589306165], "k_pid_att": [15.09231408708702, 0.0001, 0.6399102037373628], "k_pid_yaw": [0.5, 1e-06, 0.1], "k_pid_hsp": [0.12932428959849113, 0.003176603785861624, 0.0], "k_pid_vsp": [396.00675546027503, 16.541176136827705, 8.567879929581558]}, "datetime": {"datetime": "2025-08-21 17:08:11", "elapsed": 30207.910975933075, "delta": 17.532637119293213}, "costs": {"total_cost": 178.4587782463499, "time_cost": 71.768, "final_distance_cost": 1.802311373601547, "oscillation_cost": 27.988709388550504, "completition_cost": 0.0, "overshoot_cost": 51.81246640330392, "power_cost": 13.619331799316408, "noise_cost": 11.467959281577548, "n_waypoints_completed": 9, "tot_waypoints": 9}}
{"target": -184.05369705810938, "params": {"k_pid_pos": [1.1219198571605635, 0.0, 0.1608259573306605], "k_pid_alt": [1.0270934340571303, 0.0, 0.014287265966069159], "k_pid_att": [15.887469034515046, 0.0001, 0.6302793710815013], "k_pid_yaw": [0.5, 1e-06, 0.1], "k_pid_hsp": [0.11896441551805446, 0.0030888088781294188, 0.0], "k_pid_vsp": [399.71173556254, 34.29748134262123, 19.3628968286586]}, "datetime": {"datetime": "2025-08-21 17:08:27", "elapsed": 30224.398867607117, "delta": 16.487891674041748}, "costs": {"total_cost": 184.05369705810938, "time_cost": 72.536, "final_distance_cost": 1.8164206364989839, "oscillation_cost": 26.743353025946675, "completition_cost": 0.0, "overshoot_cost": 52.03615543587001, "power_cost": 17.205773864746096, "noise_cost": 13.715994095047582, "n_waypoints_completed": 9, "tot_waypoints": 9}}
{"target": -181.4100812132791, "params": {"k_pid_pos": [1.2257965771254407, 0.0, 0.274750019791234], "k_pid_alt": [1.2083882844681182, 0.0, 0.017572923541922827], "k_pid_att": [20.475414639857465, 0.0001, 0.6559953611358044], "k_pid_yaw": [0.5, 1e-06, 0.1], "k_pid_hsp": [0.12080126403288126, 0.003585958678797056, 0.0], "k_pid_vsp": [399.9047359772379, 28.999258302632914, 10.664910277867435]}, "datetime": {"datetime": "2025-08-21 17:08:45", "elapsed": 30241.641970157623, "delta": 17.243102550506592}, "costs": {"total_cost": 181.4100812132791, "time_cost": 71.464, "final_distance_cost": 1.8109531676156574, "oscillation_cost": 27.17407123644364, "completition_cost": 0.0, "overshoot_cost": 51.71926263023838, "power_cost": 16.22621141357422, "noise_cost": 13.015582765407236, "n_waypoints_completed": 9, "tot_waypoints": 9}}
{"target": -182.14001487117062, "params": {"k_pid_pos": [1.1138095033233804, 0.0, 0.15499936614131127], "k_pid_alt": [0.839084857188877, 0.0, 0.011094585590292173], "k_pid_att": [39.61525117885206, 0.0001, 0.6328162998401746], "k_pid_yaw": [0.5, 1e-06, 0.1], "k_pid_hsp": [0.15786790034491158, 0.0017237998727418218, 0.0], "k_pid_vsp": [400.0, 44.27558060094753, 16.53963113723668]}, "datetime": {"datetime": "2025-08-21 17:09:02", "elapsed": 30259.39979338646, "delta": 17.75782322883606}, "costs": {"total_cost": 182.14001487117062, "time_cost": 73.888, "final_distance_cost": 1.8287366073550917, "oscillation_cost": 28.425360850422468, "completition_cost": 0.0, "overshoot_cost": 51.64402949209709, "power_cost": 14.224192517089845, "noise_cost": 12.129695404206137, "n_waypoints_completed": 9, "tot_waypoints": 9}}
{"target": -179.37585169238247, "params": {"k_pid_pos": [1.1109029337371208, 0.0, 0.17263731211028122], "k_pid_alt": [1.1252343127232822, 0.0, 0.0], "k_pid_att": [12.469905010372166, 0.0001, 0.6877227930872445], "k_pid_yaw": [0.5, 1e-06, 0.1], "k_pid_hsp": [0.9098044534349754, 0.0011534848992091574, 0.0], "k_pid_vsp": [399.22197803917436, 30.58656480489185, 40.16258816169424]}, "datetime": {"datetime": "2025-08-21 17:09:18", "elapsed": 30275.22594857216, "delta": 15.826155185699463}, "costs": {"total_cost": 179.37585169238247, "time_cost": 70.736, "final_distance_cost": 1.850693005198042, "oscillation_cost": 32.076747855694585, "completition_cost": 0.0, "overshoot_cost": 51.08807113459594, "power_cost": 13.327620751953125, "noise_cost": 10.296718944940777, "n_waypoints_completed": 9, "tot_waypoints": 9}}
{"target": -177.97509533156713, "params": {"k_pid_pos": [1.1932531962980144, 0.0, 0.13405683996696802], "k_pid_alt": [1.2595190167743944, 0.0, 0.016320987554643958], "k_pid_att": [23.3098033031515, 0.0001, 0.6282838654926984], "k_pid_yaw": [0.5, 1e-06, 0.1], "k_pid_hsp": [0.04418568941542009, 0.0026410072523908768, 0.0], "k_pid_vsp": [400.0, 43.4182479831829, 57.970411463451626]}, "datetime": {"datetime": "2025-08-21 17:09:39", "elapsed": 30295.81366109848, "delta": 20.58771252632141}, "costs": {"total_cost": 177.97509533156713, "time_cost": 81.696, "final_distance_cost": 1.7858360944105283, "oscillation_cost": 22.347062532747632, "completition_cost": 0.0, "overshoot_cost": 56.56700034745018, "power_cost": 7.900038708496094, "noise_cost": 7.679157648462712, "n_waypoints_completed": 9, "tot_waypoints": 9}}
{"target": -1223.5851748482564, "params": {"k_pid_pos": [1.2551667080459112, 0.0, 0.139211125943735], "k_pid_alt": [1.1768065318304126, 0.0, 3.359676871058856e-05], "k_pid_att": [15.205473681748465, 0.0001, 0.4969460401953352], "k_pid_yaw": [0.5, 1e-06, 0.1], "k_pid_hsp": [0.0001, 0.0008629038427547197, 0.0], "k_pid_vsp": [400.0, 35.384879737961995, 18.69677796165566]}, "datetime": {"datetime": "2025-08-21 17:10:03", "elapsed": 30319.82825064659, "delta": 24.014589548110962}, "costs": {"total_cost": 1223.5851748482564, "time_cost": 150, "final_distance_cost": 60.77052588954393, "oscillation_cost": 0.20226788574524862, "completition_cost": 888.8888888888888, "overshoot_cost": 94.00916681040896, "power_cost": 16.892553625488283, "noise_cost": 12.821771748181098, "n_waypoints_completed": 1, "tot_waypoints": 9}}
{"target": -172.36694548064617, "params": {"k_pid_pos": [1.117613029820732, 0.0, 0.13643811550813773], "k_pid_alt": [1.2056696703134204, 0.0, 0.015798593962382014], "k_pid_att": [15.38987780139913, 0.0001, 0.4865925162961497], "k_pid_yaw": [0.5, 1e-06, 0.1], "k_pid_hsp": [0.2718224701677166, 0.003295973844569419, 0.0], "k_pid_vsp": [400.0, 54.69445331933279, 16.87048258228702]}, "datetime": {"datetime": "2025-08-21 17:10:18", "elapsed": 30335.363750219345, "delta": 15.535499572753906}, "costs": {"total_cost": 172.36694548064617, "time_cost": 69.552, "final_distance_cost": 1.838661000035605, "oscillation_cost": 29.393112596735513, "completition_cost": 0.0, "overshoot_cost": 50.02034691244726, "power_cost": 11.33023408203125, "noise_cost": 10.232590889396548, "n_waypoints_completed": 9, "tot_waypoints": 9}}
{"target": -181.78723147481261, "params": {"k_pid_pos": [1.1237615607858844, 0.0, 0.13377932988902777], "k_pid_alt": [1.277057335874981, 0.0, 0.017258754601679544], "k_pid_att": [19.90978198712362, 0.0001, 0.6403625785251106], "k_pid_yaw": [0.5, 1e-06, 0.1], "k_pid_hsp": [0.13164566166193514, 0.007442654142202585, 0.0], "k_pid_vsp": [400.0, 39.51427484438888, 16.822976708050543]}, "datetime": {"datetime": "2025-08-21 17:10:37", "elapsed": 30353.69642186165, "delta": 18.332671642303467}, "costs": {"total_cost": 181.78723147481261, "time_cost": 72.8, "final_distance_cost": 1.7924085490905, "oscillation_cost": 28.938834981347178, "completition_cost": 0.0, "overshoot_cost": 52.123349413309526, "power_cost": 14.26890457763672, "noise_cost": 11.863733953428675, "n_waypoints_completed": 9, "tot_waypoints": 9}}
{"target": -182.44932826574671, "params": {"k_pid_pos": [1.1142913101276348, 0.0, 0.12611781821031773], "k_pid_alt": [0.8684968639030435, 0.0, 0.009409715746564228], "k_pid_att": [15.041046297117827, 0.0001, 0.6632797637494097], "k_pid_yaw": [0.5, 1e-06, 0.1], "k_pid_hsp": [0.08493479275991826, 0.00715399442034232, 0.0], "k_pid_vsp": [400.0, 20.966168467853077, 12.904371107219909]}, "datetime": {"datetime": "2025-08-21 17:10:54", "elapsed": 30370.80986237526, "delta": 17.11344051361084}, "costs": {"total_cost": 182.44932826574671, "time_cost": 73.656, "final_distance_cost": 1.7863244435728236, "oscillation_cost": 27.104351790554844, "completition_cost": 0.0, "overshoot_cost": 52.500275951730266, "power_cost": 15.12490311279297, "noise_cost": 12.277472967095818, "n_waypoints_completed": 9, "tot_waypoints": 9}}
{"target": -179.14944700517393, "params": {"k_pid_pos": [1.122840026706736, 0.0, 0.13892712024248827], "k_pid_alt": [1.2067259754549398, 0.0, 0.015841885461420048], "k_pid_att": [15.262496747056815, 0.0001, 0.6365024969761556], "k_pid_yaw": [0.5, 1e-06, 0.1], "k_pid_hsp": [0.12749204025306843, 0.003634272112011018, 0.0], "k_pid_vsp": [400.0, 44.155452438911006, 17.413679188330526]}, "datetime": {"datetime": "2025-08-21 17:11:10", "elapsed": 30387.09822702408, "delta": 16.28836464881897}, "costs": {"total_cost": 179.14944700517393, "time_cost": 70.70400000000001, "final_distance_cost": 1.8110922463870356, "oscillation_cost": 27.98368925539781, "completition_cost": 0.0, "overshoot_cost": 50.907653166768576, "power_cost": 15.339135681152344, "noise_cost": 12.403876655468146, "n_waypoints_completed": 9, "tot_waypoints": 9}}
{"target": -191.63286236241532, "params": {"k_pid_pos": [1.142832710638799, 0.0, 0.03482440025408156], "k_pid_alt": [0.8905286486681134, 0.0, 0.022788613394725994], "k_pid_att": [14.099781455848671, 0.0001, 0.7482776385111017], "k_pid_yaw": [0.5, 1e-06, 0.1], "k_pid_hsp": [0.27436738948594896, 0.02864580247834625, 0.0], "k_pid_vsp": [400.0, 30.00939025066877, 23.550883958955126]}, "datetime": {"datetime": "2025-08-21 17:11:28", "elapsed": 30404.99759244919, "delta": 17.899365425109863}, "costs": {"total_cost": 191.63286236241532, "time_cost": 73.024, "final_distance_cost": 1.8207999829079515, "oscillation_cost": 32.139047546208275, "completition_cost": 0.0, "overshoot_cost": 51.83181932960816, "power_cost": 18.52834034423828, "noise_cost": 14.288855159452641, "n_waypoints_completed": 9, "tot_waypoints": 9}}
{"target": -177.4868924388592, "params": {"k_pid_pos": [1.1441043797547497, 0.0, 0.13585537528362213], "k_pid_alt": [1.2292762866832805, 0.0, 0.019487966184128673], "k_pid_att": [26.909958675545504, 0.0001, 0.7150189093029262], "k_pid_yaw": [0.5, 1e-06, 0.1], "k_pid_hsp": [0.2115695462286226, 0.0030978404263754837, 0.0], "k_pid_vsp": [400.0, 49.04834607813102, 19.418267940273456]}, "datetime": {"datetime": "2025-08-21 17:11:44", "elapsed": 30420.67989873886, "delta": 15.682306289672852}, "costs": {"total_cost": 177.4868924388592, "time_cost": 69.57600000000001, "final_distance_cost": 1.8316926113300676, "oscillation_cost": 30.559399193337452, "completition_cost": 0.0, "overshoot_cost": 50.562794136657295, "power_cost": 13.814641174316407, "noise_cost": 11.142365323217943, "n_waypoints_completed": 9, "tot_waypoints": 9}}
{"target": -180.17493515272855, "params": {"k_pid_pos": [1.1191629920315047, 0.0, 0.09330801168540316], "k_pid_alt": [1.1877460546903957, 0.0, 0.017382041562935855], "k_pid_att": [15.647048588905374, 0.0001, 0.6669747713059131], "k_pid_yaw": [0.5, 1e-06, 0.1], "k_pid_hsp": [0.25833878131705834, 0.0027939091132193473, 0.0], "k_pid_vsp": [399.5041562526691, 23.81038653251064, 16.955054940788823]}, "datetime": {"datetime": "2025-08-21 17:12:02", "elapsed": 30438.89605665207, "delta": 18.216157913208008}, "costs": {"total_cost": 180.17493515272855, "time_cost": 69.912, "final_distance_cost": 1.825451603717213, "oscillation_cost": 30.42077717017177, "completition_cost": 0.0, "overshoot_cost": 50.478334023639086, "power_cost": 15.189707666015625, "noise_cost": 12.348664689184837, "n_waypoints_completed": 9, "tot_waypoints": 9}}
{"target": -181.46771697570603, "params": {"k_pid_pos": [1.311110920781513, 0.0, 0.1335989156651129], "k_pid_alt": [1.1955402265635047, 0.0, 0.006210748449311217], "k_pid_att": [15.990883922346717, 0.0001, 1.0], "k_pid_yaw": [0.5, 1e-06, 0.1], "k_pid_hsp": [0.800743979902794, 0.005417694238492324, 0.0], "k_pid_vsp": [400.0, 39.14416671671206, 18.305649245466604]}, "datetime": {"datetime": "2025-08-21 17:12:18", "elapsed": 30454.685786247253, "delta": 15.789729595184326}, "costs": {"total_cost": 181.46771697570603, "time_cost": 69.936, "final_distance_cost": 1.8251622578080848, "oscillation_cost": 33.23839309337454, "completition_cost": 0.0, "overshoot_cost": 50.945021696160524, "power_cost": 13.9922068359375, "noise_cost": 11.530933092425366, "n_waypoints_completed": 9, "tot_waypoints": 9}}
{"target": -177.79622668996714, "params": {"k_pid_pos": [1.1264211734197302, 0.0, 0.1404931259904953], "k_pid_alt": [1.211562729433846, 0.0, 0.0179504208572655], "k_pid_att": [19.266011807609754, 0.0001, 0.5986028722720351], "k_pid_yaw": [0.5, 1e-06, 0.1], "k_pid_hsp": [0.1165097040207339, 0.0030191706707174025, 0.0], "k_pid_vsp": [400.0, 43.30149062031229, 16.808244232418794]}, "datetime": {"datetime": "2025-08-21 17:12:36", "elapsed": 30472.469234466553, "delta": 17.783448219299316}, "costs": {"total_cost": 177.79622668996714, "time_cost": 72.816, "final_distance_cost": 1.807937494655177, "oscillation_cost": 28.616248194851284, "completition_cost": 0.0, "overshoot_cost": 52.22302732061071, "power_cost": 11.798043371582033, "noise_cost": 10.534970308267948, "n_waypoints_completed": 9, "tot_waypoints": 9}}
