{"target": -173.68601260669513, "params": {"k_pid_pos": [1.2895499586155117, 0.0, 0.11830110623385687], "k_pid_alt": [0.9294035541589852, 0.0, 0.012221358015293202], "k_pid_att": [15.5754971206747, 0.0001, 0.6808272277751352], "k_pid_yaw": [0.5, 1e-06, 0.1], "k_pid_hsp": [0.16117855068896064, 0.0, 0.0], "k_pid_vsp": [374.321796726358, 1e-06, 24.566601526127666]}, "datetime": {"datetime": "2025-08-21 12:35:15", "elapsed": 13831.58263373375, "delta": 16.29356598854065}, "costs": {"total_cost": 173.68601260669513, "time_cost": 72.664, "final_distance_cost": 1.8030837726957611, "oscillation_cost": 29.4231178529963, "completition_cost": 0.0, "overshoot_cost": 52.61410283712143, "power_cost": 9.046468591308594, "noise_cost": 8.135239552573077, "n_waypoints_completed": 9, "tot_waypoints": 9}}
{"target": -180.1069156500875, "params": {"k_pid_pos": [1.1550455191512434, 0.0, 0.15050246044802174], "k_pid_alt": [0.94367140723631, 0.0, 0.00269124142420637], "k_pid_att": [35.39583199567893, 0.0001, 0.2083112321145183], "k_pid_yaw": [0.5, 1e-06, 0.1], "k_pid_hsp": [0.23301833981416475, 0.0, 0.0], "k_pid_vsp": [395.2993559100779, 21.503518207281775, 12.485232434431673]}, "datetime": {"datetime": "2025-08-21 12:35:31", "elapsed": 13848.015896558762, "delta": 16.433262825012207}, "costs": {"total_cost": 180.1069156500875, "time_cost": 71.208, "final_distance_cost": 1.8216251148421918, "oscillation_cost": 29.312814843840837, "completition_cost": 0.0, "overshoot_cost": 50.76222444400456, "power_cost": 14.891145336914063, "noise_cost": 12.111105910485826, "n_waypoints_completed": 9, "tot_waypoints": 9}}
{"target": -173.10732954290629, "params": {"k_pid_pos": [1.1893381067903368, 0.0, 0.2684158332328816], "k_pid_alt": [1.3932997320356848, 0.0, 0.0], "k_pid_att": [20.057991585369532, 0.0001, 0.5821413853225372], "k_pid_yaw": [0.5, 1e-06, 0.1], "k_pid_hsp": [0.30059627188459587, 0.0, 0.0], "k_pid_vsp": [396.77097024364224, 21.360796188570685, 13.191440253106428]}, "datetime": {"datetime": "2025-08-21 12:35:48", "elapsed": 13864.60535788536, "delta": 16.58946132659912}, "costs": {"total_cost": 173.10732954290629, "time_cost": 70.928, "final_distance_cost": 1.8380096967729387, "oscillation_cost": 29.10383393609908, "completition_cost": 0.0, "overshoot_cost": 50.84153352738796, "power_cost": 11.051220080566408, "noise_cost": 9.34473230207991, "n_waypoints_completed": 9, "tot_waypoints": 9}}
{"target": -926.2622892442164, "params": {"k_pid_pos": [0.9634878194700646, 0.0, 0.17809427274087575], "k_pid_alt": [0.805360356873474, 0.0, 0.005522359486553848], "k_pid_att": [0.0, 0.0001, 0.5526127290178505], "k_pid_yaw": [0.5, 1e-06, 0.1], "k_pid_hsp": [0.5657814237080439, 0.0, 0.0], "k_pid_vsp": [370.2012558219847, 28.01020178508533, 23.662855128424134]}, "datetime": {"datetime": "2025-08-21 12:36:11", "elapsed": 13887.481564044952, "delta": 22.876206159591675}, "costs": {"total_cost": 926.2622892442164, "time_cost": 150, "final_distance_cost": 53.69471299263183, "oscillation_cost": 4.14524551693754, "completition_cost": 555.5555555555555, "overshoot_cost": 104.17706077465817, "power_cost": 35.71599910888672, "noise_cost": 22.97371529554655, "n_waypoints_completed": 4, "tot_waypoints": 9}}
{"target": -427.64836999428195, "params": {"k_pid_pos": [0.32871812577056425, 0.0, 0.19684960194785428], "k_pid_alt": [1.1040780128941983, 0.0, 0.01309505489498403], "k_pid_att": [20.76812739021133, 0.0001, 0.6441985790168788], "k_pid_yaw": [0.5, 1e-06, 0.1], "k_pid_hsp": [1.1085742991137668, 0.0, 0.0], "k_pid_vsp": [398.6375235780837, 22.685419025697133, 29.86074465843724]}, "datetime": {"datetime": "2025-08-21 12:36:33", "elapsed": 13910.281463384628, "delta": 22.799899339675903}, "costs": {"total_cost": 427.64836999428195, "time_cost": 150, "final_distance_cost": 39.45971185639236, "oscillation_cost": 22.990159744544346, "completition_cost": 111.11111111111116, "overshoot_cost": 53.93854477767611, "power_cost": 29.95843218994141, "noise_cost": 20.190410314616575, "n_waypoints_completed": 8, "tot_waypoints": 9}}
{"target": -188.4339571970504, "params": {"k_pid_pos": [1.021343132630981, 0.0, 0.09930968062574617], "k_pid_alt": [0.8704113954098215, 0.0, 0.0027329684094237125], "k_pid_att": [33.2930265691685, 0.2732426723912859, 0.5011311359917806], "k_pid_yaw": [0.5, 1e-06, 0.1], "k_pid_hsp": [0.31459936501573804, 0.0, 0.0], "k_pid_vsp": [400.0, 29.864644750956757, 44.83780389275541]}, "datetime": {"datetime": "2025-08-21 12:36:50", "elapsed": 13927.204850912094, "delta": 16.92338752746582}, "costs": {"total_cost": 188.4339571970504, "time_cost": 72.792, "final_distance_cost": 1.8316988857868257, "oscillation_cost": 29.16856444928532, "completition_cost": 0.0, "overshoot_cost": 51.10743336851145, "power_cost": 18.735667700195314, "noise_cost": 14.798592793271524, "n_waypoints_completed": 9, "tot_waypoints": 9}}
{"target": -180.44661516183683, "params": {"k_pid_pos": [1.1481935764685112, 0.0, 0.1273577670999259], "k_pid_alt": [1.0737929247440323, 0.0, 0.0056623387818244345], "k_pid_att": [18.548526896928937, 0.0001, 0.5879544240871512], "k_pid_yaw": [0.5, 1e-06, 0.1], "k_pid_hsp": [0.5055725558288569, 0.0, 0.0], "k_pid_vsp": [400.0, 34.678874220368655, 21.74415418695876]}, "datetime": {"datetime": "2025-08-21 12:37:06", "elapsed": 13943.343244075775, "delta": 16.13839316368103}, "costs": {"total_cost": 180.44661516183683, "time_cost": 71.328, "final_distance_cost": 1.8386702750510162, "oscillation_cost": 30.841936509055362, "completition_cost": 0.0, "overshoot_cost": 51.08540276717832, "power_cost": 14.131901831054687, "noise_cost": 11.220703779497446, "n_waypoints_completed": 9, "tot_waypoints": 9}}
{"target": -220.06064423252528, "params": {"k_pid_pos": [1.1311109517472582, 0.0, 0.1492046415891089], "k_pid_alt": [1.0954311217134023, 0.0, 0.007732853109647582], "k_pid_att": [11.481718094437733, 0.0001, 0.0], "k_pid_yaw": [0.5, 1e-06, 0.1], "k_pid_hsp": [4.740402342746056, 0.0, 0.0], "k_pid_vsp": [400.0, 12.0449078520473, 7.286409784272853]}, "datetime": {"datetime": "2025-08-21 12:37:23", "elapsed": 13959.528698921204, "delta": 16.185454845428467}, "costs": {"total_cost": 220.06064423252528, "time_cost": 71.408, "final_distance_cost": 1.852510121287391, "oscillation_cost": 72.02406227225707, "completition_cost": 0.0, "overshoot_cost": 51.293319031842465, "power_cost": 11.959471459960938, "noise_cost": 11.523281347177397, "n_waypoints_completed": 9, "tot_waypoints": 9}}
{"target": -202.06262525507276, "params": {"k_pid_pos": [1.0728753028440077, 0.0, 0.05296864417506919], "k_pid_alt": [0.7828378004754875, 0.0, 0.007346204679004749], "k_pid_att": [29.441408573822102, 0.0001, 0.5999567135381181], "k_pid_yaw": [0.5, 1e-06, 0.1], "k_pid_hsp": [0.4675405593413366, 0.2408665701432536, 0.0], "k_pid_vsp": [393.5388068291679, 41.87251807856893, 19.18027433397943]}, "datetime": {"datetime": "2025-08-21 12:37:39", "elapsed": 13975.853035926819, "delta": 16.324337005615234}, "costs": {"total_cost": 202.06262525507276, "time_cost": 72.248, "final_distance_cost": 1.8529532895816712, "oscillation_cost": 39.31651066377227, "completition_cost": 0.0, "overshoot_cost": 50.41515693051244, "power_cost": 22.02280291748047, "noise_cost": 16.20720145372591, "n_waypoints_completed": 9, "tot_waypoints": 9}}
{"target": -237.8744826725466, "params": {"k_pid_pos": [1.1913113149961678, 0.0, 0.07104949392247839], "k_pid_alt": [0.3272620147035767, 0.0, 0.006533225955988343], "k_pid_att": [29.61614093610754, 0.0001, 0.5688954684861325], "k_pid_yaw": [0.5, 1e-06, 0.1], "k_pid_hsp": [0.6867248875204438, 0.0, 0.0], "k_pid_vsp": [400.0, 38.846917096254856, 19.858707418987933]}, "datetime": {"datetime": "2025-08-21 12:38:01", "elapsed": 13998.037964820862, "delta": 22.18492889404297}, "costs": {"total_cost": 237.8744826725466, "time_cost": 96.128, "final_distance_cost": 1.8588467263081718, "oscillation_cost": 34.12814944174804, "completition_cost": 0.0, "overshoot_cost": 53.86425281687862, "power_cost": 30.558743798828125, "noise_cost": 21.336489888783657, "n_waypoints_completed": 9, "tot_waypoints": 9}}
{"target": -187.69732067808323, "params": {"k_pid_pos": [1.1706484391580907, 0.0, 0.057522437262262], "k_pid_alt": [1.06727361586188, 0.0, 0.0], "k_pid_att": [22.698235730946806, 0.0001, 0.4818364681535397], "k_pid_yaw": [0.5, 1e-06, 0.1], "k_pid_hsp": [0.41962060773911913, 0.0, 0.0], "k_pid_vsp": [400.0, 1e-06, 18.753452669387414]}, "datetime": {"datetime": "2025-08-21 12:38:18", "elapsed": 14014.598269462585, "delta": 16.560304641723633}, "costs": {"total_cost": 187.69732067808323, "time_cost": 70.928, "final_distance_cost": 1.830908827010923, "oscillation_cost": 30.9333757001802, "completition_cost": 0.0, "overshoot_cost": 50.85376925471992, "power_cost": 19.30643953857422, "noise_cost": 13.844827357597977, "n_waypoints_completed": 9, "tot_waypoints": 9}}
{"target": -172.85430861767867, "params": {"k_pid_pos": [1.151107087315506, 0.0, 0.08503491435995482], "k_pid_alt": [0.7122141944322627, 0.0, 0.0], "k_pid_att": [19.289105071259538, 0.0001, 0.2880396745660071], "k_pid_yaw": [0.5, 1e-06, 0.1], "k_pid_hsp": [0.2725910091213334, 0.015477345496221328, 0.0], "k_pid_vsp": [385.40742795075835, 41.90765488115352, 24.787933973926958]}, "datetime": {"datetime": "2025-08-21 12:38:34", "elapsed": 14031.349729537964, "delta": 16.751460075378418}, "costs": {"total_cost": 172.85430861767867, "time_cost": 71.32000000000001, "final_distance_cost": 1.8286003122377332, "oscillation_cost": 30.311547308640108, "completition_cost": 0.0, "overshoot_cost": 50.552723883919725, "power_cost": 9.83125078125, "noise_cost": 9.010186331631106, "n_waypoints_completed": 9, "tot_waypoints": 9}}
{"target": -1225.627092887154, "params": {"k_pid_pos": [1.239174535737054, 0.0, 0.1070086258118704], "k_pid_alt": [1.0565703681345804, 0.0, 0.009857983576073304], "k_pid_att": [29.083350534392068, 0.0001, 0.46848141072908106], "k_pid_yaw": [0.5, 1e-06, 0.1], "k_pid_hsp": [0.0001, 0.0, 0.0], "k_pid_vsp": [400.0, 30.733128548637787, 21.519100277811155]}, "datetime": {"datetime": "2025-08-21 12:38:57", "elapsed": 14054.279525756836, "delta": 22.92979621887207}, "costs": {"total_cost": 1225.627092887154, "time_cost": 150, "final_distance_cost": 46.33889009040761, "oscillation_cost": 0.4733649421346629, "completition_cost": 888.8888888888888, "overshoot_cost": 82.54634607439546, "power_cost": 34.41640489501953, "noise_cost": 22.963197996307944, "n_waypoints_completed": 1, "tot_waypoints": 9}}
{"target": -179.94279041671328, "params": {"k_pid_pos": [1.1398737440527107, 0.0, 0.07215882609305886], "k_pid_alt": [0.9471018621392657, 0.0, 0.01370145971196687], "k_pid_att": [27.918273176267597, 0.0001, 0.5336029504755082], "k_pid_yaw": [0.5, 1e-06, 0.1], "k_pid_hsp": [1.270281180745963, 0.0, 0.0], "k_pid_vsp": [400.0, 14.511822917040458, 10.899280778022732]}, "datetime": {"datetime": "2025-08-21 12:39:14", "elapsed": 14070.573163509369, "delta": 16.29363775253296}, "costs": {"total_cost": 179.94279041671328, "time_cost": 71.76, "final_distance_cost": 1.843412023327106, "oscillation_cost": 32.33149459295507, "completition_cost": 0.0, "overshoot_cost": 51.68206099289149, "power_cost": 11.647692004394532, "noise_cost": 10.678130803145049, "n_waypoints_completed": 9, "tot_waypoints": 9}}
{"target": -171.0359880270957, "params": {"k_pid_pos": [0.8794469010806534, 0.0, 0.15741231396383468], "k_pid_alt": [1.3598526178695973, 0.0, 0.02040255757372201], "k_pid_att": [23.013040547240525, 0.0001, 0.4520878504390954], "k_pid_yaw": [0.5, 1e-06, 0.1], "k_pid_hsp": [0.42637192302740184, 0.0, 0.0], "k_pid_vsp": [400.0, 24.52064469162859, 4.4164343826523735]}, "datetime": {"datetime": "2025-08-21 12:39:30", "elapsed": 14086.94160580635, "delta": 16.36844229698181}, "costs": {"total_cost": 171.0359880270957, "time_cost": 72.144, "final_distance_cost": 1.8431749951748728, "oscillation_cost": 27.438736544777296, "completition_cost": 0.0, "overshoot_cost": 50.54265763158162, "power_cost": 9.100288879394531, "noise_cost": 9.96712997616738, "n_waypoints_completed": 9, "tot_waypoints": 9}}
{"target": -752.1742888804381, "params": {"k_pid_pos": [1.094187408989148, 0.15157060306831743, 0.10678634803681684], "k_pid_alt": [1.1220988890609276, 0.0, 0.0027449837857669857], "k_pid_att": [18.65676838223684, 0.0001, 0.41748408713918217], "k_pid_yaw": [0.5, 1e-06, 0.1], "k_pid_hsp": [0.02045553175137987, 0.0, 0.0], "k_pid_vsp": [374.2178850383051, 18.11367866329713, 14.202854354887139]}, "datetime": {"datetime": "2025-08-21 12:39:54", "elapsed": 14110.504037857056, "delta": 23.562432050704956}, "costs": {"total_cost": 752.1742888804381, "time_cost": 150, "final_distance_cost": 52.405353982845035, "oscillation_cost": 10.46831531963168, "completition_cost": 444.4444444444444, "overshoot_cost": 53.32011767804777, "power_cost": 24.256005187988283, "noise_cost": 17.280052267481, "n_waypoints_completed": 5, "tot_waypoints": 9}}
{"target": -182.38989821868233, "params": {"k_pid_pos": [0.9305195444098149, 0.0, 0.12763742619766089], "k_pid_alt": [0.8754625742006613, 0.0, 0.010874149323084423], "k_pid_att": [19.50328209197558, 0.0001, 0.41697160491273494], "k_pid_yaw": [0.5, 1e-06, 0.1], "k_pid_hsp": [0.30323283963455144, 0.0, 0.0], "k_pid_vsp": [400.0, 28.066780692736064, 18.952144417311885]}, "datetime": {"datetime": "2025-08-21 12:40:10", "elapsed": 14127.278656244278, "delta": 16.77461838722229}, "costs": {"total_cost": 182.38989821868233, "time_cost": 73.0, "final_distance_cost": 1.8436917310785907, "oscillation_cost": 27.200975936228428, "completition_cost": 0.0, "overshoot_cost": 51.513997601243595, "power_cost": 15.873103454589845, "noise_cost": 12.95812949554186, "n_waypoints_completed": 9, "tot_waypoints": 9}}
{"target": -178.12261050409185, "params": {"k_pid_pos": [1.395462294022711, 0.00039198828056715123, 0.03976043985715293], "k_pid_alt": [1.1024018591408005, 0.0, 0.008975476976787283], "k_pid_att": [12.639011257225846, 0.34157564703294324, 0.5686703766612282], "k_pid_yaw": [0.5, 1e-06, 0.1], "k_pid_hsp": [0.2200636808227393, 0.0, 0.0], "k_pid_vsp": [400.0, 13.982492408827342, 10.23006062740845]}, "datetime": {"datetime": "2025-08-21 12:40:27", "elapsed": 14143.572993040085, "delta": 16.294336795806885}, "costs": {"total_cost": 178.12261050409185, "time_cost": 70.424, "final_distance_cost": 1.802366375064151, "oscillation_cost": 30.848358912309926, "completition_cost": 0.0, "overshoot_cost": 50.97865800327434, "power_cost": 13.117240563964844, "noise_cost": 10.951986649478565, "n_waypoints_completed": 9, "tot_waypoints": 9}}
{"target": -173.58197270914138, "params": {"k_pid_pos": [1.0932037797826437, 0.0, 0.17327414867942081], "k_pid_alt": [1.1889897677489967, 0.0, 0.00983251255258793], "k_pid_att": [15.640648878265097, 0.0001, 0.6075253587146635], "k_pid_yaw": [0.5, 1e-06, 0.1], "k_pid_hsp": [0.3195480885538396, 0.0, 0.0], "k_pid_vsp": [400.0, 22.56715215197493, 19.854000821677143]}, "datetime": {"datetime": "2025-08-21 12:40:43", "elapsed": 14159.778631687164, "delta": 16.205638647079468}, "costs": {"total_cost": 173.58197270914138, "time_cost": 71.096, "final_distance_cost": 1.8441860081940802, "oscillation_cost": 29.202586051813917, "completition_cost": 0.0, "overshoot_cost": 51.02327453921338, "power_cost": 10.552273791503907, "noise_cost": 9.863652318416081, "n_waypoints_completed": 9, "tot_waypoints": 9}}
{"target": -190.9919524770537, "params": {"k_pid_pos": [1.1881656903118858, 0.0, 0.07635247489528371], "k_pid_alt": [1.1819757197631187, 0.0, 0.013428350377346375], "k_pid_att": [18.467906058188717, 0.005088973587840737, 0.5249771998169783], "k_pid_yaw": [0.5, 1e-06, 0.1], "k_pid_hsp": [0.16456930951713106, 0.0, 0.0], "k_pid_vsp": [400.0, 24.598445737068275, 16.190884038731767]}, "datetime": {"datetime": "2025-08-21 12:41:00", "elapsed": 14176.503355026245, "delta": 16.72472333908081}, "costs": {"total_cost": 190.9919524770537, "time_cost": 71.256, "final_distance_cost": 1.8140082950406344, "oscillation_cost": 28.75343973063052, "completition_cost": 0.0, "overshoot_cost": 52.17101023878308, "power_cost": 21.4708150390625, "noise_cost": 15.526679173536962, "n_waypoints_completed": 9, "tot_waypoints": 9}}
{"target": -176.23039917403906, "params": {"k_pid_pos": [1.1473877473200536, 0.002918758670233331, 0.1737335325101318], "k_pid_alt": [1.1269832507032234, 0.0, 0.006545075811052486], "k_pid_att": [19.083356624296414, 0.0001, 0.5224627655613868], "k_pid_yaw": [0.5, 1e-06, 0.1], "k_pid_hsp": [0.3427484030399389, 0.0, 0.0], "k_pid_vsp": [397.63113586098245, 26.154555269583508, 4.518760999675675]}, "datetime": {"datetime": "2025-08-21 12:41:16", "elapsed": 14192.634613752365, "delta": 16.131258726119995}, "costs": {"total_cost": 176.23039917403906, "time_cost": 70.744, "final_distance_cost": 1.8424439469725375, "oscillation_cost": 29.5875267993229, "completition_cost": 0.0, "overshoot_cost": 50.810362420241994, "power_cost": 11.861165478515625, "noise_cost": 11.384900528986016, "n_waypoints_completed": 9, "tot_waypoints": 9}}
{"target": -173.19257395739726, "params": {"k_pid_pos": [1.228230929037574, 0.0, 0.13253797052224894], "k_pid_alt": [1.0952271474521842, 0.0, 0.012261071798820352], "k_pid_att": [16.02062656757953, 0.0001, 0.466777310927715], "k_pid_yaw": [0.5, 1e-06, 0.1], "k_pid_hsp": [0.3805339059366724, 0.0, 0.0], "k_pid_vsp": [400.0, 25.0432802279639, 19.987822447694306]}, "datetime": {"datetime": "2025-08-21 12:41:32", "elapsed": 14208.81605052948, "delta": 16.181436777114868}, "costs": {"total_cost": 173.19257395739726, "time_cost": 70.57600000000001, "final_distance_cost": 1.824050487975381, "oscillation_cost": 30.640413925099708, "completition_cost": 0.0, "overshoot_cost": 51.37040186660337, "power_cost": 10.040238781738282, "noise_cost": 8.741468895980487, "n_waypoints_completed": 9, "tot_waypoints": 9}}
{"target": -195.6401823186601, "params": {"k_pid_pos": [1.1736975863938781, 0.0, 0.13352594632146997], "k_pid_alt": [0.7192115961776532, 0.0, 0.008216912419577544], "k_pid_att": [19.05485154742548, 0.0001, 0.6427466240871089], "k_pid_yaw": [0.5, 1e-06, 0.1], "k_pid_hsp": [0.08267585955626491, 0.0, 0.0], "k_pid_vsp": [400.0, 25.943520205640088, 17.90194013100892]}, "datetime": {"datetime": "2025-08-21 12:41:50", "elapsed": 14226.574600458145, "delta": 17.75854992866516}, "costs": {"total_cost": 195.6401823186601, "time_cost": 76.57600000000001, "final_distance_cost": 1.7813218775944533, "oscillation_cost": 27.39588887282211, "completition_cost": 0.0, "overshoot_cost": 52.822122674317434, "power_cost": 21.37985808105469, "noise_cost": 15.684990812871405, "n_waypoints_completed": 9, "tot_waypoints": 9}}
{"target": -1219.690445737823, "params": {"k_pid_pos": [0.9570173133306691, 0.0, 0.07409470676991445], "k_pid_alt": [1.0348796543989023, 0.0, 0.0024032203412437374], "k_pid_att": [20.985239685939224, 0.08865363366446932, 0.6451168647821744], "k_pid_yaw": [0.5, 1e-06, 0.1], "k_pid_hsp": [0.0001, 0.0, 0.0], "k_pid_vsp": [279.6043199319204, 20.96344640128969, 15.877470455656152]}, "datetime": {"datetime": "2025-08-21 12:42:13", "elapsed": 14249.647198438644, "delta": 23.072597980499268}, "costs": {"total_cost": 1219.690445737823, "time_cost": 150, "final_distance_cost": 46.01844119745734, "oscillation_cost": 0.7286713102175655, "completition_cost": 888.8888888888888, "overshoot_cost": 77.01549415957403, "power_cost": 34.239342150878905, "noise_cost": 22.799608030806333, "n_waypoints_completed": 1, "tot_waypoints": 9}}
{"target": -181.7331559901545, "params": {"k_pid_pos": [1.092454010559572, 0.0, 0.11738946417540913], "k_pid_alt": [1.2339986834477654, 0.0, 0.011288616132720895], "k_pid_att": [21.867305993899873, 0.0001, 0.5539840102980851], "k_pid_yaw": [0.5, 1e-06, 0.1], "k_pid_hsp": [0.6922417488131103, 0.0, 0.0], "k_pid_vsp": [400.0, 32.19813930163758, 20.69800640854696]}, "datetime": {"datetime": "2025-08-21 12:42:29", "elapsed": 14265.472517728806, "delta": 15.825319290161133}, "costs": {"total_cost": 181.7331559901545, "time_cost": 70.232, "final_distance_cost": 1.8394625703750305, "oscillation_cost": 31.15726305782478, "completition_cost": 0.0, "overshoot_cost": 50.837521432390226, "power_cost": 15.097530993652345, "noise_cost": 12.569377935912106, "n_waypoints_completed": 9, "tot_waypoints": 9}}
{"target": -175.7412048632238, "params": {"k_pid_pos": [1.1527904965370652, 0.0, 0.10928516222735682], "k_pid_alt": [1.2920123738272773, 0.0, 0.005408015785772045], "k_pid_att": [20.349052951269712, 0.0001, 0.838667558895], "k_pid_yaw": [0.5, 1e-06, 0.1], "k_pid_hsp": [0.3382971040155075, 0.0, 0.0], "k_pid_vsp": [400.0, 56.364583557514834, 20.575890617800695]}, "datetime": {"datetime": "2025-08-21 12:42:44", "elapsed": 14281.175972938538, "delta": 15.703455209732056}, "costs": {"total_cost": 175.7412048632238, "time_cost": 70.048, "final_distance_cost": 1.8352284960556142, "oscillation_cost": 31.08302216513224, "completition_cost": 0.0, "overshoot_cost": 50.766555285172124, "power_cost": 11.862724230957031, "noise_cost": 10.145674685906789, "n_waypoints_completed": 9, "tot_waypoints": 9}}
{"target": -185.89884716303845, "params": {"k_pid_pos": [1.1268927386050043, 0.0, 0.15945191102886402], "k_pid_alt": [1.084781763860922, 0.0, 0.011146117590984925], "k_pid_att": [31.25532637043554, 0.0001, 0.40511359674685266], "k_pid_yaw": [0.5, 1e-06, 0.1], "k_pid_hsp": [0.21643035187921655, 0.0014153770504672695, 0.0], "k_pid_vsp": [377.0053768110752, 31.489970532719074, 22.05497533990772]}, "datetime": {"datetime": "2025-08-21 12:43:01", "elapsed": 14297.667531251907, "delta": 16.49155831336975}, "costs": {"total_cost": 185.89884716303845, "time_cost": 70.56, "final_distance_cost": 1.8237125967777306, "oscillation_cost": 28.803671262823986, "completition_cost": 0.0, "overshoot_cost": 50.95526798516533, "power_cost": 19.028879052734375, "noise_cost": 14.727316265537054, "n_waypoints_completed": 9, "tot_waypoints": 9}}
