{"target": -175.714248055749, "params": {"k_pid_pos": [1.1264027656267617, 0.0, 0.13016042093835348], "k_pid_alt": [1.2771079686159132, 0.0, 0.01878386750788782], "k_pid_att": [17.455098302248178, 0.0001, 0.0], "k_pid_yaw": [0.5, 1e-06, 0.1], "k_pid_hsp": [0.24050415683829643, 0.00458419967203497, 0.0], "k_pid_vsp": [400.0, 50.19045348933831, 31.31161139806276]}, "datetime": {"datetime": "2025-08-21 18:44:31", "elapsed": 35987.748576402664, "delta": 16.332476139068604}, "costs": {"total_cost": 175.714248055749, "time_cost": 70.176, "final_distance_cost": 1.8307509792764358, "oscillation_cost": 32.80046079661255, "completition_cost": 0.0, "overshoot_cost": 50.7243918114569, "power_cost": 11.169930236816407, "noise_cost": 9.012714231586711, "n_waypoints_completed": 9, "tot_waypoints": 9}}
{"target": -172.7459577734943, "params": {"k_pid_pos": [1.1035803286366859, 0.0, 0.1402264274192083], "k_pid_alt": [1.397955041056715, 0.0, 0.011021656876613078], "k_pid_att": [25.835207277477306, 0.0001, 0.6384778519118807], "k_pid_yaw": [0.5, 1e-06, 0.1], "k_pid_hsp": [0.30452628794471726, 0.0035828682554136055, 0.0], "k_pid_vsp": [395.7784017383577, 0.11173790086628088, 9.946060647736235]}, "datetime": {"datetime": "2025-08-21 18:44:47", "elapsed": 36004.389301776886, "delta": 16.6407253742218}, "costs": {"total_cost": 172.7459577734943, "time_cost": 70.632, "final_distance_cost": 1.837967995096895, "oscillation_cost": 29.806553633799282, "completition_cost": 0.0, "overshoot_cost": 50.86724460341665, "power_cost": 9.935329724121095, "noise_cost": 9.666861817060372, "n_waypoints_completed": 9, "tot_waypoints": 9}}
{"target": -162.72646575452308, "params": {"k_pid_pos": [1.1221012882732406, 0.0, 0.13939492406732035], "k_pid_alt": [1.1504386438513883, 0.0, 0.014830314642856154], "k_pid_att": [14.469951094600747, 0.0001, 0.6400580920677583], "k_pid_yaw": [0.5, 1e-06, 0.1], "k_pid_hsp": [0.12662082386055992, 0.0027722191543224747, 0.0], "k_pid_vsp": [388.69993730292293, 11.72042401577697, 14.153677740271526]}, "datetime": {"datetime": "2025-08-21 18:45:06", "elapsed": 36023.31987929344, "delta": 18.930577516555786}, "costs": {"total_cost": 162.72646575452308, "time_cost": 70.83200000000001, "final_distance_cost": 1.8174138018125037, "oscillation_cost": 27.533503738828475, "completition_cost": 0.0, "overshoot_cost": 51.18632146282057, "power_cost": 5.334766650390625, "noise_cost": 6.022460100670887, "n_waypoints_completed": 9, "tot_waypoints": 9}}
{"target": -174.11937870039534, "params": {"k_pid_pos": [1.122308533819458, 0.0, 0.14863110972791], "k_pid_alt": [1.1462930708300572, 0.0, 0.01748728530931847], "k_pid_att": [14.904025013093474, 0.0001, 0.6363002435422943], "k_pid_yaw": [0.5, 1e-06, 0.1], "k_pid_hsp": [0.13075486667097788, 0.0034227925852223853, 0.0], "k_pid_vsp": [397.90056282493384, 45.48335858063197, 17.89138866983663]}, "datetime": {"datetime": "2025-08-21 18:45:24", "elapsed": 36040.81497859955, "delta": 17.495099306106567}, "costs": {"total_cost": 174.11937870039534, "time_cost": 70.488, "final_distance_cost": 1.8193682759357268, "oscillation_cost": 27.689921347891627, "completition_cost": 0.0, "overshoot_cost": 50.77382713050417, "power_cost": 12.757447033691406, "noise_cost": 10.59081491237239, "n_waypoints_completed": 9, "tot_waypoints": 9}}
{"target": -177.47548380274662, "params": {"k_pid_pos": [1.1614483688620632, 0.0, 0.1272564117133181], "k_pid_alt": [1.1739280670913355, 0.0, 0.013719266425668166], "k_pid_att": [12.659335979196788, 0.0001, 0.6294140555093968], "k_pid_yaw": [0.5, 1e-06, 0.1], "k_pid_hsp": [0.4031447253800452, 0.0, 0.0], "k_pid_vsp": [398.42292772329245, 29.47214048993579, 36.18281196440489]}, "datetime": {"datetime": "2025-08-21 18:45:44", "elapsed": 36061.344477415085, "delta": 20.5294988155365}, "costs": {"total_cost": 177.47548380274662, "time_cost": 71.48, "final_distance_cost": 1.830298680659994, "oscillation_cost": 30.501386242005815, "completition_cost": 0.0, "overshoot_cost": 51.10452762467207, "power_cost": 12.35899549560547, "noise_cost": 10.20027575980328, "n_waypoints_completed": 9, "tot_waypoints": 9}}
{"target": -187.4477123671469, "params": {"k_pid_pos": [1.1376770461981434, 0.0, 0.09232689746141542], "k_pid_alt": [0.9778905997521996, 0.0, 0.015739590520153376], "k_pid_att": [27.664016498658377, 0.0001, 0.5840257884047935], "k_pid_yaw": [0.5, 1e-06, 0.1], "k_pid_hsp": [0.16816221578211443, 0.002133102338556201, 0.0], "k_pid_vsp": [400.0, 21.89652937872725, 16.442908478283627]}, "datetime": {"datetime": "2025-08-21 18:46:02", "elapsed": 36078.51183152199, "delta": 17.167354106903076}, "costs": {"total_cost": 187.4477123671469, "time_cost": 71.208, "final_distance_cost": 1.791309823970247, "oscillation_cost": 29.158186658962684, "completition_cost": 0.0, "overshoot_cost": 51.45122613700578, "power_cost": 19.59109470214844, "noise_cost": 14.247895045059707, "n_waypoints_completed": 9, "tot_waypoints": 9}}
{"target": -428.07349208255124, "params": {"k_pid_pos": [1.3924524793050952, 0.0, 0.17188593955105366], "k_pid_alt": [1.215959115901308, 0.0, 0.022377852277100825], "k_pid_att": [22.513682711083696, 0.0001, 0.6462980590414962], "k_pid_yaw": [0.5, 1e-06, 0.1], "k_pid_hsp": [0.023747500643054687, 0.000670243069162994, 0.0], "k_pid_vsp": [399.74234147251997, 37.22961701600097, 2.0632856074362245]}, "datetime": {"datetime": "2025-08-21 18:46:26", "elapsed": 36103.05307364464, "delta": 24.541242122650146}, "costs": {"total_cost": 428.07349208255124, "time_cost": 150, "final_distance_cost": 64.39990381140267, "oscillation_cost": 14.586591370381445, "completition_cost": 111.11111111111116, "overshoot_cost": 56.362180006089176, "power_cost": 17.065376196289062, "noise_cost": 14.548329587277754, "n_waypoints_completed": 8, "tot_waypoints": 9}}
{"target": -178.3547773360127, "params": {"k_pid_pos": [1.1262788662881005, 0.0, 0.12196281021994262], "k_pid_alt": [1.2146712524253942, 0.0, 0.016219671956099763], "k_pid_att": [15.416277978450767, 0.0001, 0.637596197842109], "k_pid_yaw": [0.5, 1e-06, 0.1], "k_pid_hsp": [0.14961070934769224, 0.0033821276876674533, 0.0], "k_pid_vsp": [400.0, 42.61190702405531, 15.969735731549273]}, "datetime": {"datetime": "2025-08-21 18:46:43", "elapsed": 36119.63584971428, "delta": 16.582776069641113}, "costs": {"total_cost": 178.3547773360127, "time_cost": 70.712, "final_distance_cost": 1.7991441417352099, "oscillation_cost": 27.996718126134546, "completition_cost": 0.0, "overshoot_cost": 50.67380535855838, "power_cost": 15.288354614257813, "noise_cost": 11.884755095326708, "n_waypoints_completed": 9, "tot_waypoints": 9}}
{"target": -186.54067474051467, "params": {"k_pid_pos": [1.1452919434164446, 0.0, 0.049628935731118984], "k_pid_alt": [1.1923050893367801, 0.0, 0.0], "k_pid_att": [16.077017214703673, 0.0001, 0.4800166963510264], "k_pid_yaw": [0.5, 1e-06, 0.1], "k_pid_hsp": [0.08485170656168922, 0.00280174269949245, 0.0], "k_pid_vsp": [400.0, 39.44867191141974, 16.587044871144236]}, "datetime": {"datetime": "2025-08-21 18:47:00", "elapsed": 36137.13468813896, "delta": 17.498838424682617}, "costs": {"total_cost": 186.54067474051467, "time_cost": 71.552, "final_distance_cost": 1.8002159340099217, "oscillation_cost": 27.165936828997467, "completition_cost": 0.0, "overshoot_cost": 52.339973961786036, "power_cost": 19.261072290039063, "noise_cost": 14.421475725682184, "n_waypoints_completed": 9, "tot_waypoints": 9}}
{"target": -176.70092822583297, "params": {"k_pid_pos": [1.1772764768898305, 0.0, 0.13454140931665717], "k_pid_alt": [1.1865478234505102, 0.0, 0.016482788572302887], "k_pid_att": [16.320158481838853, 0.0001, 0.6221478117013157], "k_pid_yaw": [0.5, 1e-06, 0.1], "k_pid_hsp": [0.18546019084789872, 0.003297655589579463, 0.0], "k_pid_vsp": [400.0, 73.4627494426222, 19.389894700886497]}, "datetime": {"datetime": "2025-08-21 18:47:16", "elapsed": 36153.135605573654, "delta": 16.000917434692383}, "costs": {"total_cost": 176.70092822583297, "time_cost": 70.112, "final_distance_cost": 1.8061498186196856, "oscillation_cost": 28.953420356178086, "completition_cost": 0.0, "overshoot_cost": 50.75781644700396, "power_cost": 13.776192260742189, "noise_cost": 11.295349343289041, "n_waypoints_completed": 9, "tot_waypoints": 9}}
{"target": -188.57813295923623, "params": {"k_pid_pos": [1.1224689250958282, 0.0, 0.1313316864855385], "k_pid_alt": [1.1588387980411814, 0.0, 0.016041404169427634], "k_pid_att": [16.08976569303754, 0.0001, 0.6340533718283238], "k_pid_yaw": [0.5, 1e-06, 0.1], "k_pid_hsp": [0.12793064012142966, 0.004711038004399388, 0.0], "k_pid_vsp": [399.92509594638165, 37.34663203615952, 16.815748963194842]}, "datetime": {"datetime": "2025-08-21 18:47:34", "elapsed": 36170.91784787178, "delta": 17.78224229812622}, "costs": {"total_cost": 188.57813295923623, "time_cost": 71.60000000000001, "final_distance_cost": 1.8204729449248744, "oscillation_cost": 27.404607958872486, "completition_cost": 0.0, "overshoot_cost": 51.71393869461281, "power_cost": 20.722248254394533, "noise_cost": 15.316865106431532, "n_waypoints_completed": 9, "tot_waypoints": 9}}
{"target": -186.85163082618047, "params": {"k_pid_pos": [1.1171917914589475, 0.0, 0.11034812430191324], "k_pid_alt": [1.0570576683292563, 0.0, 0.013062553972327686], "k_pid_att": [13.60674641392471, 0.0001, 0.6602237321554117], "k_pid_yaw": [0.5, 1e-06, 0.1], "k_pid_hsp": [0.06058990860300409, 0.0023976318726207863, 0.0], "k_pid_vsp": [400.0, 36.851837584178966, 18.66103163412986]}, "datetime": {"datetime": "2025-08-21 18:47:51", "elapsed": 36188.23016166687, "delta": 17.31231379508972}, "costs": {"total_cost": 186.85163082618047, "time_cost": 76.976, "final_distance_cost": 1.7970246510855699, "oscillation_cost": 24.955547481177696, "completition_cost": 0.0, "overshoot_cost": 54.34500364902058, "power_cost": 15.816063964843751, "noise_cost": 12.961991080052893, "n_waypoints_completed": 9, "tot_waypoints": 9}}
{"target": -174.76663574669936, "params": {"k_pid_pos": [1.1245317343584829, 0.0, 0.1387088640825935], "k_pid_alt": [1.1563493884955522, 0.0, 0.015952592023823743], "k_pid_att": [15.326003063596966, 0.0001, 0.6368094714621196], "k_pid_yaw": [0.5, 1e-06, 0.1], "k_pid_hsp": [0.12779247440529956, 0.0029016803519525238, 0.0], "k_pid_vsp": [400.0, 43.882391985454156, 17.86079754085536]}, "datetime": {"datetime": "2025-08-21 18:48:10", "elapsed": 36206.93896603584, "delta": 18.70880436897278}, "costs": {"total_cost": 174.76663574669936, "time_cost": 70.2, "final_distance_cost": 1.813902877307197, "oscillation_cost": 27.75622208488812, "completition_cost": 0.0, "overshoot_cost": 51.13743599440625, "power_cost": 13.342399963378908, "noise_cost": 10.51667482671889, "n_waypoints_completed": 9, "tot_waypoints": 9}}
{"target": -173.408325042407, "params": {"k_pid_pos": [1.1629656201468759, 0.0, 0.14385137501222062], "k_pid_alt": [0.9047627650105216, 0.0, 0.003274327413275692], "k_pid_att": [35.425112795474774, 0.0001, 0.0], "k_pid_yaw": [0.5, 1e-06, 0.1], "k_pid_hsp": [0.2969908439732271, 0.009944410714838786, 0.0], "k_pid_vsp": [368.060676909967, 35.563902454939424, 20.80531844921047]}, "datetime": {"datetime": "2025-08-21 18:48:26", "elapsed": 36223.37480092049, "delta": 16.435834884643555}, "costs": {"total_cost": 173.408325042407, "time_cost": 70.336, "final_distance_cost": 1.8375626351420387, "oscillation_cost": 33.99553832200031, "completition_cost": 0.0, "overshoot_cost": 50.408434236383826, "power_cost": 8.91099715576172, "noise_cost": 7.9197926931191205, "n_waypoints_completed": 9, "tot_waypoints": 9}}
{"target": -178.9689508440222, "params": {"k_pid_pos": [1.141722324747557, 0.0, 0.13664782416653937], "k_pid_alt": [1.1025695712338979, 0.0, 0.017678009548848822], "k_pid_att": [20.992166123496908, 0.0001, 0.5731571473121544], "k_pid_yaw": [0.5, 1e-06, 0.1], "k_pid_hsp": [0.21872193478459323, 0.003373415001497714, 0.0], "k_pid_vsp": [400.0, 43.22385998717754, 17.836735468724076]}, "datetime": {"datetime": "2025-08-21 18:48:43", "elapsed": 36240.236188173294, "delta": 16.861387252807617}, "costs": {"total_cost": 178.9689508440222, "time_cost": 69.984, "final_distance_cost": 1.827985556733137, "oscillation_cost": 29.03413418922098, "completition_cost": 0.0, "overshoot_cost": 50.67898196959536, "power_cost": 15.58135478515625, "noise_cost": 11.862494343316465, "n_waypoints_completed": 9, "tot_waypoints": 9}}
{"target": -168.92325205757194, "params": {"k_pid_pos": [1.1206268201206622, 0.0, 0.12848252910926455], "k_pid_alt": [0.9228020804866814, 0.0, 0.015637804894988835], "k_pid_att": [15.457777449197778, 0.0001, 0.5257594134573453], "k_pid_yaw": [0.5, 1e-06, 0.1], "k_pid_hsp": [0.31933821654316014, 0.004370010509724305, 0.0], "k_pid_vsp": [399.6772312335504, 58.90398919817076, 16.38872824752022]}, "datetime": {"datetime": "2025-08-21 18:49:00", "elapsed": 36256.58560633659, "delta": 16.34941816329956}, "costs": {"total_cost": 168.92325205757194, "time_cost": 70.57600000000001, "final_distance_cost": 1.8346104739625304, "oscillation_cost": 29.888439065962906, "completition_cost": 0.0, "overshoot_cost": 50.005279894052485, "power_cost": 8.239887060546875, "noise_cost": 8.379035563047143, "n_waypoints_completed": 9, "tot_waypoints": 9}}
{"target": -761.476367006428, "params": {"k_pid_pos": [1.0858200279203458, 0.0, 0.13171270739718308], "k_pid_alt": [1.204705318403116, 0.0, 0.015627810119397827], "k_pid_att": [15.112561895626856, 0.0001, 0.83561109400131], "k_pid_yaw": [0.5, 1e-06, 0.1], "k_pid_hsp": [0.012788494942591433, 0.001524081718788769, 0.0], "k_pid_vsp": [400.0, 40.91627882865454, 18.323841769713702]}, "datetime": {"datetime": "2025-08-21 18:49:24", "elapsed": 36280.44548177719, "delta": 23.859875440597534}, "costs": {"total_cost": 761.476367006428, "time_cost": 150, "final_distance_cost": 53.92138037435768, "oscillation_cost": 6.007260248588671, "completition_cost": 444.4444444444444, "overshoot_cost": 60.88467132276052, "power_cost": 27.732089294433596, "noise_cost": 18.486521321843075, "n_waypoints_completed": 5, "tot_waypoints": 9}}
{"target": -172.46364626263968, "params": {"k_pid_pos": [1.1276813716188314, 0.009676747749752255, 0.13742903130349654], "k_pid_alt": [1.1874414767692214, 0.0, 0.0194042264228826], "k_pid_att": [15.722116604605137, 0.19371289560667673, 0.6430599235921415], "k_pid_yaw": [0.5, 1e-06, 0.1], "k_pid_hsp": [0.2033521409270509, 0.0033297129775692316, 0.0], "k_pid_vsp": [400.0, 44.94876530242483, 17.612403649536102]}, "datetime": {"datetime": "2025-08-21 18:49:40", "elapsed": 36296.71650028229, "delta": 16.271018505096436}, "costs": {"total_cost": 172.46364626263968, "time_cost": 70.144, "final_distance_cost": 1.8317271503160437, "oscillation_cost": 28.862859286079267, "completition_cost": 0.0, "overshoot_cost": 51.06099037947469, "power_cost": 10.853342810058594, "noise_cost": 9.71072663671108, "n_waypoints_completed": 9, "tot_waypoints": 9}}
{"target": -184.98166341007538, "params": {"k_pid_pos": [1.2450220188057965, 0.0, 0.01499527570097152], "k_pid_alt": [1.0900491792513045, 0.0, 0.017924428492723535], "k_pid_att": [12.11853553447825, 0.0001, 0.6412229293328912], "k_pid_yaw": [0.5, 1e-06, 0.1], "k_pid_hsp": [0.1263797852417178, 0.003186058510553742, 0.0], "k_pid_vsp": [400.0, 28.460881818043873, 22.989935192108366]}, "datetime": {"datetime": "2025-08-21 18:49:58", "elapsed": 36314.68448925018, "delta": 17.967988967895508}, "costs": {"total_cost": 184.98166341007538, "time_cost": 71.19200000000001, "final_distance_cost": 1.7998148750235858, "oscillation_cost": 29.52505748527711, "completition_cost": 0.0, "overshoot_cost": 51.16892148184606, "power_cost": 17.78426259765625, "noise_cost": 13.511606970272346, "n_waypoints_completed": 9, "tot_waypoints": 9}}
{"target": -176.23171422383547, "params": {"k_pid_pos": [1.4453561134760666, 0.0001907768687047862, 0.15297382523268965], "k_pid_alt": [1.1936598021204838, 0.0, 0.004051991218507599], "k_pid_att": [15.481527545546575, 0.0001, 0.6495568359571037], "k_pid_yaw": [0.5, 1e-06, 0.1], "k_pid_hsp": [0.18274603589868962, 0.002809329565169861, 0.0], "k_pid_vsp": [393.47671320511984, 43.019963716951096, 17.690619748665046]}, "datetime": {"datetime": "2025-08-21 18:50:14", "elapsed": 36330.936573028564, "delta": 16.252083778381348}, "costs": {"total_cost": 176.23171422383547, "time_cost": 70.032, "final_distance_cost": 1.8132523989388631, "oscillation_cost": 30.409041557022466, "completition_cost": 0.0, "overshoot_cost": 51.01700488492823, "power_cost": 12.889193981933595, "noise_cost": 10.071221401012345, "n_waypoints_completed": 9, "tot_waypoints": 9}}
{"target": -167.59740334125277, "params": {"k_pid_pos": [1.1254278589882598, 0.0, 0.0], "k_pid_alt": [1.2121370490226602, 0.0, 0.014131343758030542], "k_pid_att": [15.042504313234158, 0.0001, 0.635269053405678], "k_pid_yaw": [0.5, 1e-06, 0.1], "k_pid_hsp": [0.1315156117165764, 0.0037684328272363406, 0.0], "k_pid_vsp": [400.0, 41.07956419958327, 14.53733407813611]}, "datetime": {"datetime": "2025-08-21 18:50:31", "elapsed": 36347.913672447205, "delta": 16.977099418640137}, "costs": {"total_cost": 167.59740334125277, "time_cost": 70.416, "final_distance_cost": 1.7794713049043704, "oscillation_cost": 29.17527295650325, "completition_cost": 0.0, "overshoot_cost": 50.80366020058676, "power_cost": 7.5277777099609375, "noise_cost": 7.895221169297459, "n_waypoints_completed": 9, "tot_waypoints": 9}}
{"target": -173.32886599482208, "params": {"k_pid_pos": [1.1173484472091877, 0.0, 0.13762436239597337], "k_pid_alt": [0.8415803181213359, 0.0, 0.01578502077460913], "k_pid_att": [15.088681103370648, 0.005715238124781894, 0.6304300381177227], "k_pid_yaw": [0.5, 1e-06, 0.1], "k_pid_hsp": [0.26240772369725696, 0.003703132815332428, 0.0], "k_pid_vsp": [400.0, 43.5113711182408, 16.80466096128461]}, "datetime": {"datetime": "2025-08-21 18:50:49", "elapsed": 36365.438435554504, "delta": 17.524763107299805}, "costs": {"total_cost": 173.32886599482208, "time_cost": 70.976, "final_distance_cost": 1.841098301433636, "oscillation_cost": 29.289198383194478, "completition_cost": 0.0, "overshoot_cost": 50.43409482594832, "power_cost": 11.434755639648438, "noise_cost": 9.3537188445972, "n_waypoints_completed": 9, "tot_waypoints": 9}}
{"target": -181.98555229250363, "params": {"k_pid_pos": [1.1712441985878723, 0.0, 0.09879957062137772], "k_pid_alt": [1.1477113843914444, 0.0, 0.01621484571491449], "k_pid_att": [15.511826840041383, 0.0001, 0.6303460218939867], "k_pid_yaw": [0.5, 1e-06, 0.1], "k_pid_hsp": [0.12401940602044755, 0.0033418041229148175, 0.0], "k_pid_vsp": [398.970025774854, 36.1661022019336, 7.702096911391299]}, "datetime": {"datetime": "2025-08-21 18:51:05", "elapsed": 36382.01625132561, "delta": 16.577815771102905}, "costs": {"total_cost": 181.98555229250363, "time_cost": 71.44800000000001, "final_distance_cost": 1.7849524720362158, "oscillation_cost": 27.985363763198933, "completition_cost": 0.0, "overshoot_cost": 51.54513779325778, "power_cost": 15.897314294433594, "noise_cost": 13.3247839695771, "n_waypoints_completed": 9, "tot_waypoints": 9}}
{"target": -183.6674203057039, "params": {"k_pid_pos": [1.1879102840553883, 0.0, 0.1349658136867502], "k_pid_alt": [1.190544638948591, 0.0, 0.011816182231485376], "k_pid_att": [4.658969084262755, 0.0001, 0.6285266706585716], "k_pid_yaw": [0.5, 1e-06, 0.1], "k_pid_hsp": [0.21631505419093922, 0.002976873977754779, 0.0], "k_pid_vsp": [400.0, 21.57770617258757, 17.048737682640912]}, "datetime": {"datetime": "2025-08-21 18:51:23", "elapsed": 36400.08989024162, "delta": 18.073638916015625}, "costs": {"total_cost": 183.6674203057039, "time_cost": 70.536, "final_distance_cost": 1.8266244966358305, "oscillation_cost": 29.416501544957857, "completition_cost": 0.0, "overshoot_cost": 51.10305495875903, "power_cost": 17.756767211914063, "noise_cost": 13.028472093437138, "n_waypoints_completed": 9, "tot_waypoints": 9}}
{"target": -193.00414525181614, "params": {"k_pid_pos": [1.141135875101141, 0.0, 0.1344723082354889], "k_pid_alt": [1.1496491140538585, 0.0, 0.014511873869345217], "k_pid_att": [18.318396297273363, 0.0001, 0.4809470373378264], "k_pid_yaw": [0.5, 1e-06, 0.1], "k_pid_hsp": [0.11417638950688823, 0.0, 0.0], "k_pid_vsp": [400.0, 21.10560522422472, 18.298144363853428]}, "datetime": {"datetime": "2025-08-21 18:51:39", "elapsed": 36416.43101811409, "delta": 16.34112787246704}, "costs": {"total_cost": 193.00414525181614, "time_cost": 70.976, "final_distance_cost": 1.8065604283350254, "oscillation_cost": 27.262825069133125, "completition_cost": 0.0, "overshoot_cost": 51.77673023891817, "power_cost": 23.851914208984375, "noise_cost": 17.33011530644547, "n_waypoints_completed": 9, "tot_waypoints": 9}}
{"target": -187.88202760166058, "params": {"k_pid_pos": [1.116438282130384, 0.0, 0.14270518926011205], "k_pid_alt": [1.1922974952629504, 0.0, 0.016215707098172084], "k_pid_att": [22.674365871869313, 0.0001, 0.612376781098422], "k_pid_yaw": [0.5, 1e-06, 0.1], "k_pid_hsp": [0.18608738259644927, 0.0034388686695066527, 0.0], "k_pid_vsp": [400.0, 58.008950878884136, 20.89559233431136]}, "datetime": {"datetime": "2025-08-21 18:51:57", "elapsed": 36433.49622154236, "delta": 17.065203428268433}, "costs": {"total_cost": 187.88202760166058, "time_cost": 70.136, "final_distance_cost": 1.8342395627851023, "oscillation_cost": 28.755196512201433, "completition_cost": 0.0, "overshoot_cost": 50.33116866909533, "power_cost": 21.53268046875, "noise_cost": 15.292742388828744, "n_waypoints_completed": 9, "tot_waypoints": 9}}
