{"target": -186.14487774175024, "params": {"k_pid_pos": [0.9116600957941933, 0.32136371801422203, 0.8001590049359848], "k_pid_alt": [0.911323158537657, 0.0, 0.0], "k_pid_att": [17.929177400207493, 1.3999393408016134, 0.0], "k_pid_yaw": [0.5, 1e-06, 0.1], "k_pid_hsp": [0.6042060019911952, 0.0, 0.0], "k_pid_vsp": [389.16412411717806, 1e-06, 1e-06]}, "datetime": {"datetime": "2025-08-21 09:31:05", "elapsed": 2782.216192483902, "delta": 26.93413209915161}, "costs": {"total_cost": 186.14487774175024, "time_cost": 79.512, "final_distance_cost": 1.8192534685151136, "oscillation_cost": 31.4282330592004, "completition_cost": 0.0, "overshoot_cost": 52.073285146864805, "power_cost": 10.183924755859376, "noise_cost": 11.128181311310524, "n_waypoints_completed": 9, "tot_waypoints": 9}}
{"target": -6168.462996078831, "params": {"k_pid_pos": [0.3972436626701492, 0.11933851469291007, 0.5653932946403639], "k_pid_alt": [0.7093273967568569, 0.0, 0.0], "k_pid_att": [0.0, 0.0001, 0.0], "k_pid_yaw": [0.5, 1e-06, 0.1], "k_pid_hsp": [0.6880433220180421, 0.0, 0.0], "k_pid_vsp": [99.72307512424848, 4.276734384947453, 1e-06]}, "datetime": {"datetime": "2025-08-21 09:31:33", "elapsed": 2809.6341469287872, "delta": 27.417954444885254}, "costs": {"total_cost": 6168.462996078831, "time_cost": 150, "final_distance_cost": 1080.816605172149, "oscillation_cost": 12.208538686698606, "completition_cost": 1000.0, "overshoot_cost": 3856.1385589032097, "power_cost": 26.68057810058594, "noise_cost": 42.61871521618723, "n_waypoints_completed": 0, "tot_waypoints": 9}}
{"target": -722.0245395245989, "params": {"k_pid_pos": [1.0148654673275288, 0.8667307900292074, 0.7300323623811077], "k_pid_alt": [0.9391411447434896, 0.6348534370309515, 0.23868340758973844], "k_pid_att": [19.85047200787628, 1.8284111504622933, 0.4260674158360448], "k_pid_yaw": [0.5, 1e-06, 0.1], "k_pid_hsp": [2.646513415113361, 0.23820143522432952, 0.3090005371622916], "k_pid_vsp": [282.71270595594353, 156.93715297637362, 11.718133439595087]}, "datetime": {"datetime": "2025-08-21 09:32:02", "elapsed": 2838.740312099457, "delta": 29.106165170669556}, "costs": {"total_cost": 722.0245395245989, "time_cost": 150, "final_distance_cost": 63.30340426242208, "oscillation_cost": 209.34491768704987, "completition_cost": 222.2222222222222, "overshoot_cost": 48.875845799522104, "power_cost": 14.489549536132813, "noise_cost": 13.788600017249744, "n_waypoints_completed": 7, "tot_waypoints": 9}}
{"target": -1204.761419202398, "params": {"k_pid_pos": [1.3956023687512407, 1.0, 0.7867686230528911], "k_pid_alt": [0.775174100232799, 0.012170366632731699, 0.0], "k_pid_att": [30.798270576430895, 0.17755047486107245, 0.0], "k_pid_yaw": [0.5, 1e-06, 0.1], "k_pid_hsp": [0.0001, 0.0, 0.0], "k_pid_vsp": [400.0, 132.61624067523613, 7.721549353583946]}, "datetime": {"datetime": "2025-08-21 09:32:29", "elapsed": 2866.087428331375, "delta": 27.347116231918335}, "costs": {"total_cost": 1204.761419202398, "time_cost": 150, "final_distance_cost": 47.27977223278161, "oscillation_cost": 6.9338917422361055, "completition_cost": 888.8888888888888, "overshoot_cost": 83.3206662627933, "power_cost": 15.604833178710939, "noise_cost": 12.733366896987079, "n_waypoints_completed": 1, "tot_waypoints": 9}}
{"target": -1133.2958368617974, "params": {"k_pid_pos": [0.193042582776775, 1.0, 1.0], "k_pid_alt": [0.7555984484684475, 0.0, 0.0], "k_pid_att": [12.556799731645055, 0.19171845754504835, 0.0013347340263439866], "k_pid_yaw": [0.5, 1e-06, 0.1], "k_pid_hsp": [2.5668638322036434, 0.0, 0.016521120897935993], "k_pid_vsp": [195.81444308637458, 47.12689164648235, 1e-06]}, "datetime": {"datetime": "2025-08-21 09:32:55", "elapsed": 2891.582448720932, "delta": 25.495020389556885}, "costs": {"total_cost": 1133.2958368617974, "time_cost": 150, "final_distance_cost": 53.65996178406225, "oscillation_cost": 183.2419831509845, "completition_cost": 666.6666666666667, "overshoot_cost": 39.44651089010286, "power_cost": 22.83964404296875, "noise_cost": 17.441070327012156, "n_waypoints_completed": 3, "tot_waypoints": 9}}
{"target": -4556.295071814893, "params": {"k_pid_pos": [0.5750635201765584, 0.6405693642454684, 0.7327780004515154], "k_pid_alt": [1.0865416696361434, 0.0, 0.05906439755759686], "k_pid_att": [0.0, 0.8856032821507503, 0.02324267306333357], "k_pid_yaw": [0.5, 1e-06, 0.1], "k_pid_hsp": [5.731281110614992, 0.0, 0.06234255679132568], "k_pid_vsp": [102.61988040052722, 4.645621713666486, 1e-06]}, "datetime": {"datetime": "2025-08-21 09:33:25", "elapsed": 2922.2143688201904, "delta": 30.631920099258423}, "costs": {"total_cost": 4556.295071814893, "time_cost": 150, "final_distance_cost": 711.5416611048934, "oscillation_cost": 1463.85961035068, "completition_cost": 1000.0, "overshoot_cost": 1095.255651005732, "power_cost": 35.8510095703125, "noise_cost": 99.78713978327558, "n_waypoints_completed": 0, "tot_waypoints": 9}}
{"target": -1236.0198143746409, "params": {"k_pid_pos": [1.0687316023902464, 0.7189335120892653, 0.7704776559514585], "k_pid_alt": [0.30584926589575134, 0.0, 0.0], "k_pid_att": [28.586700235408195, 0.0001, 0.0], "k_pid_yaw": [0.5, 1e-06, 0.1], "k_pid_hsp": [0.0001, 0.0009675392924428303, 0.0], "k_pid_vsp": [341.7869256339351, 27.485580492551996, 1e-06]}, "datetime": {"datetime": "2025-08-21 09:33:51", "elapsed": 2947.6247429847717, "delta": 25.4103741645813}, "costs": {"total_cost": 1236.0198143746409, "time_cost": 150, "final_distance_cost": 56.90848124988533, "oscillation_cost": 7.140103785493493, "completition_cost": 888.8888888888888, "overshoot_cost": 92.65219394562583, "power_cost": 23.009412341308593, "noise_cost": 17.420734163438667, "n_waypoints_completed": 1, "tot_waypoints": 9}}
{"target": -1151.821740157325, "params": {"k_pid_pos": [0.6658486459586296, 0.38359931153857485, 0.8798384805080649], "k_pid_alt": [1.2597812348279054, 0.10309926261992437, 0.1462517638310296], "k_pid_att": [19.61380731973143, 5.845141257599634, 0.09776736330762557], "k_pid_yaw": [0.5, 1e-06, 0.1], "k_pid_hsp": [3.823137362592241, 0.0, 0.5461601627325249], "k_pid_vsp": [400.0, 311.3057782331448, 130.38774751327253]}, "datetime": {"datetime": "2025-08-21 09:34:20", "elapsed": 2977.386116504669, "delta": 29.76137351989746}, "costs": {"total_cost": 1151.821740157325, "time_cost": 150, "final_distance_cost": 55.88546303754639, "oscillation_cost": 413.49233845398754, "completition_cost": 444.4444444444444, "overshoot_cost": 42.97265450939812, "power_cost": 26.729363598632816, "noise_cost": 18.297476113315778, "n_waypoints_completed": 5, "tot_waypoints": 9}}
{"target": -1209.4917092508153, "params": {"k_pid_pos": [0.0001, 0.6881306257974618, 0.43468109681056], "k_pid_alt": [1.0052061561093115, 0.0, 0.0], "k_pid_att": [26.082283138921134, 0.0001, 0.0], "k_pid_yaw": [0.5, 1e-06, 0.1], "k_pid_hsp": [0.7437706467748818, 0.0, 0.0], "k_pid_vsp": [342.09133733297307, 1e-06, 1e-06]}, "datetime": {"datetime": "2025-08-21 09:34:46", "elapsed": 3003.077433347702, "delta": 25.691316843032837}, "costs": {"total_cost": 1209.4917092508153, "time_cost": 150, "final_distance_cost": 67.43774573455468, "oscillation_cost": 36.465717963134615, "completition_cost": 888.8888888888888, "overshoot_cost": 32.27077997983306, "power_cost": 18.86871173095703, "noise_cost": 15.559864953446999, "n_waypoints_completed": 1, "tot_waypoints": 9}}
{"target": -221.16013034501364, "params": {"k_pid_pos": [0.7689677759095327, 0.701299603832265, 0.06901809088942593], "k_pid_alt": [1.0123394676865687, 0.0, 0.0], "k_pid_att": [22.92376447565296, 0.0001, 0.0], "k_pid_yaw": [0.5, 1e-06, 0.1], "k_pid_hsp": [1.2469898794557803, 0.0, 0.0], "k_pid_vsp": [186.2975606314011, 1e-06, 1e-06]}, "datetime": {"datetime": "2025-08-21 09:35:13", "elapsed": 3029.8446435928345, "delta": 26.767210245132446}, "costs": {"total_cost": 221.16013034501364, "time_cost": 86.496, "final_distance_cost": 1.7554059914797642, "oscillation_cost": 38.652417997848865, "completition_cost": 0.0, "overshoot_cost": 54.62875236302198, "power_cost": 22.271496435546876, "noise_cost": 17.356057557116134, "n_waypoints_completed": 9, "tot_waypoints": 9}}
{"target": -1359.0090801672652, "params": {"k_pid_pos": [1.4171347881027554, 0.973767120936289, 1.0], "k_pid_alt": [1.8658735551394507, 0.05155862081441946, 0.1034611142817945], "k_pid_att": [35.08059608914454, 4.899334445952413, 0.03126021776082097], "k_pid_yaw": [0.5, 1e-06, 0.1], "k_pid_hsp": [8.752587278238435, 0.12836036177872695, 0.0], "k_pid_vsp": [137.9302464445111, 118.2333275936326, 24.05003099842816]}, "datetime": {"datetime": "2025-08-21 09:35:40", "elapsed": 3056.5968561172485, "delta": 26.752212524414062}, "costs": {"total_cost": 1359.0090801672652, "time_cost": 150, "final_distance_cost": 51.61841869821636, "oscillation_cost": 333.30010316718966, "completition_cost": 666.6666666666667, "overshoot_cost": 53.929859412101436, "power_cost": 33.77248492431641, "noise_cost": 69.72154729877467, "n_waypoints_completed": 3, "tot_waypoints": 9}}
{"target": -400.3976595139594, "params": {"k_pid_pos": [0.3477215934748946, 0.7045315624057441, 0.7120831690828502], "k_pid_alt": [1.1559258590946615, 0.02057931539471089, 0.0], "k_pid_att": [33.05568521432146, 1.7325866856303707, 0.0], "k_pid_yaw": [0.5, 1e-06, 0.1], "k_pid_hsp": [0.5877679249576735, 0.32154244997252596, 0.0], "k_pid_vsp": [400.0, 104.19716502021251, 1e-06]}, "datetime": {"datetime": "2025-08-21 09:36:08", "elapsed": 3084.9816410541534, "delta": 28.384784936904907}, "costs": {"total_cost": 400.3976595139594, "time_cost": 150, "final_distance_cost": 12.642444838862605, "oscillation_cost": 44.55750912159438, "completition_cost": 111.11111111111116, "overshoot_cost": 51.38728209344377, "power_cost": 16.364981286621095, "noise_cost": 14.334331062326397, "n_waypoints_completed": 8, "tot_waypoints": 9}}
{"target": -1302.0434443068245, "params": {"k_pid_pos": [0.0001, 0.32265651244483207, 0.7431856550590976], "k_pid_alt": [0.4845001473690347, 0.0, 0.09855840558916959], "k_pid_att": [40.9696553742901, 0.0001, 0.0], "k_pid_yaw": [0.5, 1e-06, 0.1], "k_pid_hsp": [0.0001, 0.12952543480167394, 0.0], "k_pid_vsp": [322.6348312406292, 1e-06, 1e-06]}, "datetime": {"datetime": "2025-08-21 09:36:38", "elapsed": 3114.5830965042114, "delta": 29.601455450057983}, "costs": {"total_cost": 1302.0434443068245, "time_cost": 150, "final_distance_cost": 61.11640647752753, "oscillation_cost": 76.93008334849628, "completition_cost": 888.8888888888888, "overshoot_cost": 89.7879007319699, "power_cost": 19.491124169921875, "noise_cost": 15.829040690020284, "n_waypoints_completed": 1, "tot_waypoints": 9}}
{"target": -920.7759152356263, "params": {"k_pid_pos": [0.19985911024053288, 1.0, 0.537930369250356], "k_pid_alt": [0.916399208676107, 0.16434735207864426, 0.23733339097741324], "k_pid_att": [41.6656326173337, 6.7902030352034215, 0.014976056243611549], "k_pid_yaw": [0.5, 1e-06, 0.1], "k_pid_hsp": [2.750147198389479, 0.3474341477179365, 0.7988663317686922], "k_pid_vsp": [334.4043298157138, 44.77606557467718, 123.7882799099454]}, "datetime": {"datetime": "2025-08-21 09:37:04", "elapsed": 3140.517600297928, "delta": 25.93450379371643}, "costs": {"total_cost": 920.7759152356263, "time_cost": 150, "final_distance_cost": 38.36989039920249, "oscillation_cost": 195.83990700528244, "completition_cost": 444.4444444444444, "overshoot_cost": 58.30828260335059, "power_cost": 19.31329295654297, "noise_cost": 14.500097826803298, "n_waypoints_completed": 5, "tot_waypoints": 9}}
{"target": -193.76909500265597, "params": {"k_pid_pos": [0.9819499205452026, 0.4134050429189972, 0.725790359079413], "k_pid_alt": [1.1780566430334174, 0.0, 0.11152006497372001], "k_pid_att": [60.35531452426457, 0.0001, 0.0], "k_pid_yaw": [0.5, 1e-06, 0.1], "k_pid_hsp": [1.6259213409461664, 0.0, 0.0], "k_pid_vsp": [106.22573953589898, 31.47263081468266, 1e-06]}, "datetime": {"datetime": "2025-08-21 09:37:28", "elapsed": 3164.8981890678406, "delta": 24.38058876991272}, "costs": {"total_cost": 193.76909500265597, "time_cost": 80.152, "final_distance_cost": 1.7971858079328693, "oscillation_cost": 35.14319067222836, "completition_cost": 0.0, "overshoot_cost": 51.34306090254066, "power_cost": 12.687660058593751, "noise_cost": 12.645997561360343, "n_waypoints_completed": 9, "tot_waypoints": 9}}
{"target": -988.2647605775419, "params": {"k_pid_pos": [0.09870313963010208, 0.7520098927413618, 0.5215508994962728], "k_pid_alt": [1.2740807498082962, 0.0, 0.0], "k_pid_att": [4.242840511431053, 1.0324725152272856, 0.0], "k_pid_yaw": [0.5, 1e-06, 0.1], "k_pid_hsp": [1.4195343849414455, 0.0, 0.0], "k_pid_vsp": [212.85025830869822, 1e-06, 1e-06]}, "datetime": {"datetime": "2025-08-21 09:37:54", "elapsed": 3190.8368287086487, "delta": 25.938639640808105}, "costs": {"total_cost": 988.2647605775419, "time_cost": 150, "final_distance_cost": 51.636501412683934, "oscillation_cost": 50.38983719427385, "completition_cost": 666.6666666666667, "overshoot_cost": 41.322641988116786, "power_cost": 14.812217395019532, "noise_cost": 13.4368959207811, "n_waypoints_completed": 3, "tot_waypoints": 9}}
{"target": -1080.7744822644495, "params": {"k_pid_pos": [1.8627680331703285, 0.1585636421710439, 0.3655442889334951], "k_pid_alt": [0.3102016489263887, 0.38236406067053536, 0.0], "k_pid_att": [33.591984978343156, 5.144759683860619, 0.013876047959725371], "k_pid_yaw": [0.5, 1e-06, 0.1], "k_pid_hsp": [0.0001, 0.9866291172734688, 0.790780833171603], "k_pid_vsp": [96.41264158955812, 362.6945964697166, 11.459482874227234]}, "datetime": {"datetime": "2025-08-21 09:38:22", "elapsed": 3218.5549082756042, "delta": 27.718079566955566}, "costs": {"total_cost": 1080.7744822644495, "time_cost": 150, "final_distance_cost": 81.21733363301637, "oscillation_cost": 277.0215303600082, "completition_cost": 444.4444444444444, "overshoot_cost": 92.20595099304944, "power_cost": 19.387202612304687, "noise_cost": 16.498020221626412, "n_waypoints_completed": 5, "tot_waypoints": 9}}
{"target": -248.7347543088109, "params": {"k_pid_pos": [0.5676424941167589, 0.7178396959151606, 0.5191405735245305], "k_pid_alt": [0.912010981893216, 0.12772917453311342, 0.0], "k_pid_att": [21.976832840061242, 0.0001, 0.0], "k_pid_yaw": [0.5, 1e-06, 0.1], "k_pid_hsp": [1.83377088959202, 0.0, 0.0], "k_pid_vsp": [216.6810044326963, 16.903193040600463, 23.499536189361592]}, "datetime": {"datetime": "2025-08-21 09:38:48", "elapsed": 3244.8724246025085, "delta": 26.317516326904297}, "costs": {"total_cost": 248.7347543088109, "time_cost": 94.2, "final_distance_cost": 1.8004945425385928, "oscillation_cost": 61.21105196285682, "completition_cost": 0.0, "overshoot_cost": 53.80719604009212, "power_cost": 21.88434100341797, "noise_cost": 15.831670759905384, "n_waypoints_completed": 9, "tot_waypoints": 9}}
{"target": -203.6434000741418, "params": {"k_pid_pos": [0.9119988929216838, 1.0, 0.9869526538374609], "k_pid_alt": [1.2055151264963966, 0.0, 0.0], "k_pid_att": [19.148671005288975, 1.8528096379280297, 0.0], "k_pid_yaw": [0.5, 1e-06, 0.1], "k_pid_hsp": [0.24051968426576842, 0.015127113601988219, 0.0], "k_pid_vsp": [400.0, 1e-06, 1e-06]}, "datetime": {"datetime": "2025-08-21 09:39:12", "elapsed": 3268.940651655197, "delta": 24.0682270526886}, "costs": {"total_cost": 203.6434000741418, "time_cost": 88.048, "final_distance_cost": 1.7276250882610915, "oscillation_cost": 34.212048717809665, "completition_cost": 0.0, "overshoot_cost": 53.11179939302783, "power_cost": 13.593702905273439, "noise_cost": 12.950223969769782, "n_waypoints_completed": 9, "tot_waypoints": 9}}
{"target": -1345.9089755472255, "params": {"k_pid_pos": [0.8425401381241647, 0.47239275373943396, 1.0], "k_pid_alt": [0.0, 0.0, 0.0], "k_pid_att": [8.318544602980015, 0.0001, 0.0], "k_pid_yaw": [0.5, 1e-06, 0.1], "k_pid_hsp": [0.0001, 0.0, 0.0], "k_pid_vsp": [318.5378317827168, 56.3885020120461, 1e-06]}, "datetime": {"datetime": "2025-08-21 09:39:42", "elapsed": 3299.0089263916016, "delta": 30.06827473640442}, "costs": {"total_cost": 1345.9089755472255, "time_cost": 150, "final_distance_cost": 5.457981035181156, "oscillation_cost": 5.077312605282686, "completition_cost": 1000.0, "overshoot_cost": 136.8695222221772, "power_cost": 6.420253112792969, "noise_cost": 42.08390657179138, "n_waypoints_completed": 0, "tot_waypoints": 9}}
{"target": -180.72766547276237, "params": {"k_pid_pos": [0.9978073415256336, 0.02527617408020072, 0.2510357310860721], "k_pid_alt": [0.8655053296872728, 0.0, 0.0], "k_pid_att": [43.49963704759065, 0.8331746996645624, 0.0], "k_pid_yaw": [0.5, 1e-06, 0.1], "k_pid_hsp": [0.3371332541026921, 0.0, 0.0], "k_pid_vsp": [327.0469079071552, 19.755996580309652, 1e-06]}, "datetime": {"datetime": "2025-08-21 09:40:01", "elapsed": 3317.7095696926117, "delta": 18.700643301010132}, "costs": {"total_cost": 180.72766547276237, "time_cost": 73.208, "final_distance_cost": 1.8391639216794344, "oscillation_cost": 31.078473123803967, "completition_cost": 0.0, "overshoot_cost": 51.26282104519666, "power_cost": 11.92685780029297, "noise_cost": 11.412349581789362, "n_waypoints_completed": 9, "tot_waypoints": 9}}
{"target": -1192.2607369669938, "params": {"k_pid_pos": [1.8077506682176967, 0.39196503794439835, 0.24275641412996007], "k_pid_alt": [1.4154148105534872, 0.0, 0.05326706017384411], "k_pid_att": [0.1068880877361309, 0.0001, 0.0], "k_pid_yaw": [0.5, 1e-06, 0.1], "k_pid_hsp": [0.0001, 0.0, 0.0], "k_pid_vsp": [387.38343979166007, 1e-06, 1e-06]}, "datetime": {"datetime": "2025-08-21 09:40:30", "elapsed": 3347.0779032707214, "delta": 29.36833357810974}, "costs": {"total_cost": 1192.2607369669938, "time_cost": 150, "final_distance_cost": 47.155213573122815, "oscillation_cost": 0.4217089430592058, "completition_cost": 888.8888888888888, "overshoot_cost": 84.45066000887986, "power_cost": 10.031235876464844, "noise_cost": 11.31302967657859, "n_waypoints_completed": 1, "tot_waypoints": 9}}
{"target": -212.17210601873103, "params": {"k_pid_pos": [1.2634617895599138, 0.0, 0.6003826597781424], "k_pid_alt": [1.63721781012726, 0.5339214650805395, 0.0], "k_pid_att": [24.153072208241547, 2.9297305679090604, 0.0038349912185081936], "k_pid_yaw": [0.5, 1e-06, 0.1], "k_pid_hsp": [0.7986854727239283, 0.08333463555399045, 0.0], "k_pid_vsp": [327.7987809308185, 1e-06, 1e-06]}, "datetime": {"datetime": "2025-08-21 09:40:51", "elapsed": 3368.2955825328827, "delta": 21.217679262161255}, "costs": {"total_cost": 212.17210601873103, "time_cost": 85.28, "final_distance_cost": 1.802056584582406, "oscillation_cost": 39.5977446951357, "completition_cost": 0.0, "overshoot_cost": 53.190514926179326, "power_cost": 17.840374121093753, "noise_cost": 14.461415691739822, "n_waypoints_completed": 9, "tot_waypoints": 9}}
{"target": -1195.0092563616886, "params": {"k_pid_pos": [0.8960362071720497, 0.4315368600369491, 0.9255124402978563], "k_pid_alt": [0.7750397939765059, 0.0, 0.0], "k_pid_att": [19.86981647958319, 0.0001, 0.0], "k_pid_yaw": [0.5, 1e-06, 0.1], "k_pid_hsp": [0.0001, 0.0, 0.0], "k_pid_vsp": [390.1865675728637, 1e-06, 1e-06]}, "datetime": {"datetime": "2025-08-21 09:41:21", "elapsed": 3397.686633825302, "delta": 29.391051292419434}, "costs": {"total_cost": 1195.0092563616886, "time_cost": 150, "final_distance_cost": 47.02993741425837, "oscillation_cost": 4.078269526125035, "completition_cost": 888.8888888888888, "overshoot_cost": 84.65544526348516, "power_cost": 9.418905969238281, "noise_cost": 10.937809299692839, "n_waypoints_completed": 1, "tot_waypoints": 9}}
{"target": -992.8197885128745, "params": {"k_pid_pos": [0.717647614837566, 0.22575053625318053, 0.8658149094680798], "k_pid_alt": [1.0002606745659424, 0.0956643537698249, 0.6925282800559572], "k_pid_att": [34.823885908747066, 1.1824403572649878, 0.0], "k_pid_yaw": [0.5, 1e-06, 0.1], "k_pid_hsp": [10.0, 0.9031110559248507, 0.8013401281154934], "k_pid_vsp": [345.20767628688907, 186.07631520677458, 228.99361949405449]}, "datetime": {"datetime": "2025-08-21 09:41:48", "elapsed": 3425.0149397850037, "delta": 27.328305959701538}, "costs": {"total_cost": 992.8197885128745, "time_cost": 150, "final_distance_cost": 54.1490862890862, "oscillation_cost": 375.87197949007503, "completition_cost": 333.33333333333337, "overshoot_cost": 43.00589118050224, "power_cost": 20.9358146484375, "noise_cost": 15.523683571440186, "n_waypoints_completed": 6, "tot_waypoints": 9}}
{"target": -221.90064987680168, "params": {"k_pid_pos": [0.636814377200575, 0.9717303113738697, 0.6960433497731104], "k_pid_alt": [0.9919016183006681, 0.0, 0.0], "k_pid_att": [11.53162670261414, 2.0984716937230274, 0.0], "k_pid_yaw": [0.5, 1e-06, 0.1], "k_pid_hsp": [0.8223459358888703, 0.0, 0.0], "k_pid_vsp": [400.0, 1e-06, 1e-06]}, "datetime": {"datetime": "2025-08-21 09:42:15", "elapsed": 3451.699978351593, "delta": 26.685038566589355}, "costs": {"total_cost": 221.90064987680168, "time_cost": 91.504, "final_distance_cost": 1.7887011133766053, "oscillation_cost": 48.52747065111242, "completition_cost": 0.0, "overshoot_cost": 53.4349390308429, "power_cost": 13.554019250488281, "noise_cost": 13.091519830981463, "n_waypoints_completed": 9, "tot_waypoints": 9}}
{"target": -188.5910521639349, "params": {"k_pid_pos": [0.9470514201686142, 0.3725298250655841, 0.3967111299494287], "k_pid_alt": [1.0343617757845314, 0.011432875435994498, 0.0009374545619791202], "k_pid_att": [38.968054655554916, 0.9045693243390479, 0.12469191839409675], "k_pid_yaw": [0.5, 1e-06, 0.1], "k_pid_hsp": [0.43054193937027385, 0.0, 0.0], "k_pid_vsp": [397.8034203884032, 172.62504353615887, 1e-06]}, "datetime": {"datetime": "2025-08-21 09:42:36", "elapsed": 3472.7005622386932, "delta": 21.00058388710022}, "costs": {"total_cost": 188.5910521639349, "time_cost": 76.952, "final_distance_cost": 1.7980360295619868, "oscillation_cost": 27.71193993777175, "completition_cost": 0.0, "overshoot_cost": 51.688422527855096, "power_cost": 16.3386556640625, "noise_cost": 14.101998004683553, "n_waypoints_completed": 9, "tot_waypoints": 9}}
