{"target": -174.78908058769395, "params": {"k_pid_pos": [1.1025332924217957, 0.0, 0.17474334068765393], "k_pid_alt": [0.6814843249894422, 0.0, 0.0113120675638132], "k_pid_att": [17.647347919649583, 0.0001, 0.6581691813654842], "k_pid_yaw": [0.5, 1e-06, 0.1], "k_pid_hsp": [0.09342181692488583, 0.0037186250823125076, 0.0], "k_pid_vsp": [398.1157817993066, 10.59214132801035, 44.88478009277396]}, "datetime": {"datetime": "2025-08-21 14:49:43", "elapsed": 21900.42928171158, "delta": 16.856950283050537}, "costs": {"total_cost": 174.78908058769395, "time_cost": 74.992, "final_distance_cost": 1.8079081909767523, "oscillation_cost": 26.230828054470546, "completition_cost": 0.0, "overshoot_cost": 53.29362367939409, "power_cost": 9.869681091308594, "noise_cost": 8.595039571543964, "n_waypoints_completed": 9, "tot_waypoints": 9}}
{"target": -175.36401530710097, "params": {"k_pid_pos": [1.1026800889763047, 0.0, 0.11610787273202094], "k_pid_alt": [0.9695443862469217, 0.0, 0.012348846701170809], "k_pid_att": [30.24929890511142, 0.0001, 0.6242678771375992], "k_pid_yaw": [0.5, 1e-06, 0.1], "k_pid_hsp": [0.16797178374397964, 0.00017346331437016922, 0.0], "k_pid_vsp": [393.1806820121526, 24.26947559575329, 15.84474715742435]}, "datetime": {"datetime": "2025-08-21 14:50:00", "elapsed": 21917.415621757507, "delta": 16.986340045928955}, "costs": {"total_cost": 175.36401530710097, "time_cost": 71.496, "final_distance_cost": 1.8295844641675119, "oscillation_cost": 28.75441690354708, "completition_cost": 0.0, "overshoot_cost": 51.644371424730245, "power_cost": 11.740084204101564, "noise_cost": 9.89955831055458, "n_waypoints_completed": 9, "tot_waypoints": 9}}
{"target": -192.17753451017444, "params": {"k_pid_pos": [1.523765146988211, 0.0, 0.21326377637311725], "k_pid_alt": [1.0026480735681946, 0.0, 0.0027793684396761244], "k_pid_att": [16.215908118165803, 0.0001, 0.6994976647463325], "k_pid_yaw": [0.5, 1e-06, 0.1], "k_pid_hsp": [0.04484869723462248, 0.0, 0.0], "k_pid_vsp": [384.17385762080494, 14.32279853992468, 16.88593107119629]}, "datetime": {"datetime": "2025-08-21 14:50:19", "elapsed": 21936.010310411453, "delta": 18.594688653945923}, "costs": {"total_cost": 192.17753451017444, "time_cost": 80.296, "final_distance_cost": 1.7279384428642688, "oscillation_cost": 22.493681066192067, "completition_cost": 0.0, "overshoot_cost": 56.35272321517274, "power_cost": 17.035961389160157, "noise_cost": 14.271230396785185, "n_waypoints_completed": 9, "tot_waypoints": 9}}
{"target": -191.80253297412565, "params": {"k_pid_pos": [1.1248478785134666, 0.0, 0.12212471623468274], "k_pid_alt": [0.9770004510648295, 0.0, 0.0], "k_pid_att": [21.491589651339456, 0.031052728679914546, 0.6648124383521195], "k_pid_yaw": [0.5, 1e-06, 0.1], "k_pid_hsp": [0.22678687177565005, 0.002517511602595151, 0.0], "k_pid_vsp": [391.48036226962137, 12.822410466346042, 28.813931509990184]}, "datetime": {"datetime": "2025-08-21 14:50:36", "elapsed": 21953.14172267914, "delta": 17.131412267684937}, "costs": {"total_cost": 191.80253297412565, "time_cost": 73.28, "final_distance_cost": 1.83304696971567, "oscillation_cost": 29.474137447251287, "completition_cost": 0.0, "overshoot_cost": 52.03225897927145, "power_cost": 19.908168127441407, "noise_cost": 15.274921450445836, "n_waypoints_completed": 9, "tot_waypoints": 9}}
{"target": -177.0162974554627, "params": {"k_pid_pos": [1.1341142402267403, 0.0, 0.11181910794244727], "k_pid_alt": [0.9700314933767673, 0.0, 0.005931783587759555], "k_pid_att": [14.879563450984236, 0.0001, 0.49049980306026664], "k_pid_yaw": [0.5, 1e-06, 0.1], "k_pid_hsp": [0.20819634099982756, 0.0021881420123168022, 0.0], "k_pid_vsp": [390.58686986747966, 25.031107783180758, 16.759812652887064]}, "datetime": {"datetime": "2025-08-21 14:50:52", "elapsed": 21969.42895936966, "delta": 16.28723669052124}, "costs": {"total_cost": 177.0162974554627, "time_cost": 70.872, "final_distance_cost": 1.8260142177944716, "oscillation_cost": 29.128918119353838, "completition_cost": 0.0, "overshoot_cost": 50.988021240260125, "power_cost": 13.473344152832032, "noise_cost": 10.72799972522225, "n_waypoints_completed": 9, "tot_waypoints": 9}}
{"target": -188.61722146833839, "params": {"k_pid_pos": [1.2504111009291705, 0.0, 0.12038851976332222], "k_pid_alt": [0.9297141887814842, 0.0, 0.00955922273341744], "k_pid_att": [55.49820240500424, 0.0001, 0.7882257108928088], "k_pid_yaw": [0.5, 1e-06, 0.1], "k_pid_hsp": [0.5426938347993473, 0.004628009483332346, 0.0], "k_pid_vsp": [388.9111396524611, 8.718622889341583, 23.031653025685635]}, "datetime": {"datetime": "2025-08-21 14:51:09", "elapsed": 21986.28352546692, "delta": 16.85456609725952}, "costs": {"total_cost": 188.61722146833839, "time_cost": 70.784, "final_distance_cost": 1.8305065764259234, "oscillation_cost": 37.35868674072256, "completition_cost": 0.0, "overshoot_cost": 50.143191849070156, "power_cost": 16.13192468261719, "noise_cost": 12.368911619502558, "n_waypoints_completed": 9, "tot_waypoints": 9}}
{"target": -179.60658647480795, "params": {"k_pid_pos": [1.131357737820939, 0.0, 0.17451729434164626], "k_pid_alt": [0.944554423503081, 0.0, 0.011983316614264758], "k_pid_att": [16.89090803193602, 0.0001, 0.6279502553288121], "k_pid_yaw": [0.5, 1e-06, 0.1], "k_pid_hsp": [0.1599003202516676, 0.0023029860848628823, 0.0], "k_pid_vsp": [400.0, 18.85270964074763, 14.33498350773347]}, "datetime": {"datetime": "2025-08-21 14:51:26", "elapsed": 22002.73609972, "delta": 16.452574253082275}, "costs": {"total_cost": 179.60658647480795, "time_cost": 71.44800000000001, "final_distance_cost": 1.8255124831320049, "oscillation_cost": 27.990976804059034, "completition_cost": 0.0, "overshoot_cost": 51.506894377429326, "power_cost": 14.884773071289063, "noise_cost": 11.950429738898533, "n_waypoints_completed": 9, "tot_waypoints": 9}}
{"target": -184.74736201384692, "params": {"k_pid_pos": [1.1539479779768456, 0.0, 0.15004926691611226], "k_pid_alt": [1.3558035517330091, 0.0, 0.007062552281622861], "k_pid_att": [29.898184869632765, 0.0001, 0.5612192548916182], "k_pid_yaw": [0.5, 1e-06, 0.1], "k_pid_hsp": [0.07028043873661916, 0.0, 0.0], "k_pid_vsp": [389.9162773843834, 34.39399199251557, 17.496740791747076]}, "datetime": {"datetime": "2025-08-21 14:51:43", "elapsed": 22019.71444773674, "delta": 16.97834801673889}, "costs": {"total_cost": 184.74736201384692, "time_cost": 72.44800000000001, "final_distance_cost": 1.7742182588551918, "oscillation_cost": 25.64643632922485, "completition_cost": 0.0, "overshoot_cost": 52.82770037059725, "power_cost": 18.304746691894533, "noise_cost": 13.746260363275086, "n_waypoints_completed": 9, "tot_waypoints": 9}}
{"target": -181.37735488626313, "params": {"k_pid_pos": [1.1338250967199976, 0.0, 0.12981311633818482], "k_pid_alt": [0.982090234456857, 0.0, 0.008955091626226845], "k_pid_att": [14.523937576794227, 0.0001, 0.641545787523943], "k_pid_yaw": [0.5, 1e-06, 0.1], "k_pid_hsp": [0.083682552077051, 0.0030508373271040477, 0.0], "k_pid_vsp": [388.6358141944752, 26.26295129279282, 20.455886628793454]}, "datetime": {"datetime": "2025-08-21 14:52:00", "elapsed": 22037.16772055626, "delta": 17.453272819519043}, "costs": {"total_cost": 181.37735488626313, "time_cost": 72.44800000000001, "final_distance_cost": 1.8061715321352314, "oscillation_cost": 26.3112922646902, "completition_cost": 0.0, "overshoot_cost": 52.757848816142136, "power_cost": 16.031792272949218, "noise_cost": 12.022250000346327, "n_waypoints_completed": 9, "tot_waypoints": 9}}
{"target": -178.07710262320458, "params": {"k_pid_pos": [1.0827471144826764, 0.0, 0.019964090625617617], "k_pid_alt": [1.0553177124109558, 0.0, 0.002295363285375506], "k_pid_att": [18.86594178848453, 0.0001, 0.28280136223660934], "k_pid_yaw": [0.5, 1e-06, 0.1], "k_pid_hsp": [0.14793462377520192, 0.00796710960113084, 0.0], "k_pid_vsp": [374.58017530904084, 23.786159936114316, 21.436471312322276]}, "datetime": {"datetime": "2025-08-21 14:52:16", "elapsed": 22053.214370012283, "delta": 16.04664945602417}, "costs": {"total_cost": 178.07710262320458, "time_cost": 70.896, "final_distance_cost": 1.8188054400091296, "oscillation_cost": 29.369655131685576, "completition_cost": 0.0, "overshoot_cost": 51.10455610416251, "power_cost": 13.995485412597658, "noise_cost": 10.892600534749745, "n_waypoints_completed": 9, "tot_waypoints": 9}}
{"target": -174.81057517879205, "params": {"k_pid_pos": [1.5731131215040075, 0.0, 0.12553962197393811], "k_pid_alt": [0.923497092192532, 0.0, 0.0117197747329078], "k_pid_att": [13.0152990913627, 0.0001, 0.3876495035972727], "k_pid_yaw": [0.5, 1e-06, 0.1], "k_pid_hsp": [0.6139359114713338, 0.0016253052542981677, 0.0], "k_pid_vsp": [390.610652074109, 21.32285081130337, 13.678487138837294]}, "datetime": {"datetime": "2025-08-21 14:52:33", "elapsed": 22069.929697990417, "delta": 16.715327978134155}, "costs": {"total_cost": 174.81057517879205, "time_cost": 70.792, "final_distance_cost": 1.8128850966044836, "oscillation_cost": 32.09886643139685, "completition_cost": 0.0, "overshoot_cost": 50.830762464241474, "power_cost": 10.068583996582031, "noise_cost": 9.207477189967225, "n_waypoints_completed": 9, "tot_waypoints": 9}}
{"target": -186.7440376105431, "params": {"k_pid_pos": [1.1163247992724092, 0.0, 0.11753004214611121], "k_pid_alt": [0.7766292955977607, 0.0, 0.0095203256085835], "k_pid_att": [27.43939423693715, 0.0001, 0.8092222716090298], "k_pid_yaw": [0.5, 1e-06, 0.1], "k_pid_hsp": [0.4934604888354255, 0.0024985844450451126, 0.0], "k_pid_vsp": [396.12970919295884, 1e-06, 19.26684495953957]}, "datetime": {"datetime": "2025-08-21 14:52:50", "elapsed": 22086.70441675186, "delta": 16.774718761444092}, "costs": {"total_cost": 186.7440376105431, "time_cost": 72.624, "final_distance_cost": 1.8378978769598828, "oscillation_cost": 33.09031982307169, "completition_cost": 0.0, "overshoot_cost": 51.16008073473966, "power_cost": 16.035450659179688, "noise_cost": 11.9962885165922, "n_waypoints_completed": 9, "tot_waypoints": 9}}
{"target": -190.58446506129937, "params": {"k_pid_pos": [0.9072013690347139, 0.0, 0.12346586384282636], "k_pid_alt": [1.004004862198143, 0.0, 0.0056422543544587195], "k_pid_att": [14.539719383964513, 0.0001, 0.4279634200939242], "k_pid_yaw": [0.5, 1e-06, 0.1], "k_pid_hsp": [0.42161455240723084, 0.005096252342126175, 0.0], "k_pid_vsp": [400.0, 20.451570072946108, 13.389256801808061]}, "datetime": {"datetime": "2025-08-21 14:53:07", "elapsed": 22103.735785245895, "delta": 17.031368494033813}, "costs": {"total_cost": 190.58446506129937, "time_cost": 73.888, "final_distance_cost": 1.842836188544845, "oscillation_cost": 28.709826201001107, "completition_cost": 0.0, "overshoot_cost": 52.17906846226877, "power_cost": 19.247414648437502, "noise_cost": 14.717319561047141, "n_waypoints_completed": 9, "tot_waypoints": 9}}
{"target": -184.7499354999823, "params": {"k_pid_pos": [1.127770233918733, 0.03669454125111167, 0.13081847993994958], "k_pid_alt": [0.9216850143683226, 0.0, 0.009057481422986301], "k_pid_att": [20.80654687197831, 0.1876121117267981, 0.6319815372460049], "k_pid_yaw": [0.5, 1e-06, 0.1], "k_pid_hsp": [0.24069140452004809, 0.004196044621651893, 0.0], "k_pid_vsp": [354.4022984910163, 12.701043176476547, 15.88311423398734]}, "datetime": {"datetime": "2025-08-21 14:53:24", "elapsed": 22121.176826238632, "delta": 17.441040992736816}, "costs": {"total_cost": 184.7499354999823, "time_cost": 71.648, "final_distance_cost": 1.8283214428389187, "oscillation_cost": 28.81167224881903, "completition_cost": 0.0, "overshoot_cost": 51.58518023395006, "power_cost": 17.399872692871096, "noise_cost": 13.476888881503214, "n_waypoints_completed": 9, "tot_waypoints": 9}}
{"target": -183.46169069002912, "params": {"k_pid_pos": [1.0647084195893988, 0.0, 0.17767710513335908], "k_pid_alt": [1.0032376487874874, 0.0, 0.018846407809584874], "k_pid_att": [15.967535365475676, 0.0001, 0.6770850152537131], "k_pid_yaw": [0.5, 1e-06, 0.1], "k_pid_hsp": [0.1793893512551765, 0.004616913236343058, 0.0], "k_pid_vsp": [379.5482212191898, 19.721931236398085, 13.271712045255292]}, "datetime": {"datetime": "2025-08-21 14:53:41", "elapsed": 22137.569405794144, "delta": 16.392579555511475}, "costs": {"total_cost": 183.46169069002912, "time_cost": 71.528, "final_distance_cost": 1.8180505927983932, "oscillation_cost": 27.90649475828647, "completition_cost": 0.0, "overshoot_cost": 51.26690007543951, "power_cost": 17.3447154296875, "noise_cost": 13.59752983381722, "n_waypoints_completed": 9, "tot_waypoints": 9}}
{"target": -175.07223849823032, "params": {"k_pid_pos": [1.0164864292896967, 8.00358744797736e-05, 0.1579630003136633], "k_pid_alt": [0.963370816345299, 0.0, 0.009409422999190847], "k_pid_att": [19.95177978917626, 0.0001, 0.5989819803967663], "k_pid_yaw": [0.5, 1e-06, 0.1], "k_pid_hsp": [0.17464037973769653, 0.004555339839766558, 0.0], "k_pid_vsp": [395.62536810188465, 17.79563051463417, 8.718757694678775]}, "datetime": {"datetime": "2025-08-21 14:53:58", "elapsed": 22154.72642803192, "delta": 17.15702223777771}, "costs": {"total_cost": 175.07223849823032, "time_cost": 71.376, "final_distance_cost": 1.8269149885416736, "oscillation_cost": 27.354891030848314, "completition_cost": 0.0, "overshoot_cost": 50.9635121641742, "power_cost": 12.32398973388672, "noise_cost": 11.226930580779403, "n_waypoints_completed": 9, "tot_waypoints": 9}}
{"target": -185.8600590188501, "params": {"k_pid_pos": [1.1222758513670539, 0.0, 0.08264385003674032], "k_pid_alt": [0.909034938885774, 0.0, 0.009809398636805413], "k_pid_att": [13.079980202901858, 0.0001, 0.6394696735827213], "k_pid_yaw": [0.5, 1e-06, 0.1], "k_pid_hsp": [0.24131313093840412, 0.005040825650604364, 0.0], "k_pid_vsp": [382.9194856557957, 19.199397174951766, 15.824646053038933]}, "datetime": {"datetime": "2025-08-21 14:54:16", "elapsed": 22172.4615149498, "delta": 17.735086917877197}, "costs": {"total_cost": 185.8600590188501, "time_cost": 73.08, "final_distance_cost": 1.8299895422453514, "oscillation_cost": 30.22944328916086, "completition_cost": 0.0, "overshoot_cost": 51.59171024450161, "power_cost": 16.287855297851564, "noise_cost": 12.841060645090723, "n_waypoints_completed": 9, "tot_waypoints": 9}}
{"target": -168.1914906771685, "params": {"k_pid_pos": [1.1193774194772377, 0.0, 0.08118714039665927], "k_pid_alt": [1.0108410239714523, 0.0, 0.010124723842817297], "k_pid_att": [18.023705299931777, 0.0030746219085753916, 0.6182370619102261], "k_pid_yaw": [0.5, 1e-06, 0.1], "k_pid_hsp": [0.3878331982813345, 0.0012682122765223518, 0.0], "k_pid_vsp": [378.3753023538792, 16.077799657103874, 15.458050625272637]}, "datetime": {"datetime": "2025-08-21 14:54:32", "elapsed": 22188.482915639877, "delta": 16.021400690078735}, "costs": {"total_cost": 168.1914906771685, "time_cost": 70.696, "final_distance_cost": 1.8368697470221411, "oscillation_cost": 30.306805657592495, "completition_cost": 0.0, "overshoot_cost": 50.87296351274955, "power_cost": 7.253734814453125, "noise_cost": 7.225116945351175, "n_waypoints_completed": 9, "tot_waypoints": 9}}
{"target": -178.31646891286266, "params": {"k_pid_pos": [1.1537962690342225, 0.0, 0.22460036617606052], "k_pid_alt": [0.8406848024888093, 0.0, 0.01315833272107178], "k_pid_att": [15.619542676525672, 0.0001, 0.6341595755659556], "k_pid_yaw": [0.5, 1e-06, 0.1], "k_pid_hsp": [0.1375251691328278, 0.0037526716342057287, 0.0], "k_pid_vsp": [386.9933119391508, 16.43603536436141, 4.02622706788555]}, "datetime": {"datetime": "2025-08-21 14:54:49", "elapsed": 22205.784684419632, "delta": 17.30176877975464}, "costs": {"total_cost": 178.31646891286266, "time_cost": 72.376, "final_distance_cost": 1.818342057809088, "oscillation_cost": 27.50237656930211, "completition_cost": 0.0, "overshoot_cost": 51.126676306239965, "power_cost": 13.508434265136719, "noise_cost": 11.984639714374772, "n_waypoints_completed": 9, "tot_waypoints": 9}}
{"target": -186.41883484903238, "params": {"k_pid_pos": [1.4366749922232915, 0.0, 0.12274404015669253], "k_pid_alt": [1.2368974246745843, 0.0, 0.011054754689375014], "k_pid_att": [4.003437335256177, 0.0001, 0.7070993806164267], "k_pid_yaw": [0.5, 1e-06, 0.1], "k_pid_hsp": [0.23323524402473164, 0.0, 0.0], "k_pid_vsp": [394.1555682133526, 26.226047840448118, 17.084128445227535]}, "datetime": {"datetime": "2025-08-21 14:55:05", "elapsed": 22222.362262248993, "delta": 16.577577829360962}, "costs": {"total_cost": 186.41883484903238, "time_cost": 70.57600000000001, "final_distance_cost": 1.7830241950614243, "oscillation_cost": 29.980106726297908, "completition_cost": 0.0, "overshoot_cost": 51.682843833510006, "power_cost": 18.421150781250002, "noise_cost": 13.975709312913045, "n_waypoints_completed": 9, "tot_waypoints": 9}}
{"target": -184.73317400301733, "params": {"k_pid_pos": [1.2809333154013105, 0.0, 0.13943844551925247], "k_pid_alt": [1.0875972261147049, 0.0, 0.009871053778800341], "k_pid_att": [17.66123658037105, 0.0001, 0.6545502909937988], "k_pid_yaw": [0.5, 1e-06, 0.1], "k_pid_hsp": [0.12203492528460354, 0.004074923414347915, 0.0], "k_pid_vsp": [391.9740536680727, 24.78063918530969, 14.163198256245204]}, "datetime": {"datetime": "2025-08-21 14:55:22", "elapsed": 22239.05858850479, "delta": 16.69632625579834}, "costs": {"total_cost": 184.73317400301733, "time_cost": 71.0, "final_distance_cost": 1.786894768588605, "oscillation_cost": 29.25286605822893, "completition_cost": 0.0, "overshoot_cost": 51.415161192986915, "power_cost": 17.744555529785156, "noise_cost": 13.533696453427718, "n_waypoints_completed": 9, "tot_waypoints": 9}}
{"target": -175.15796872541713, "params": {"k_pid_pos": [1.066988105338441, 0.0, 0.0651413794729447], "k_pid_alt": [1.0186735775079008, 0.0, 0.008465435098537966], "k_pid_att": [32.6178333990916, 0.0001, 0.6417833888142251], "k_pid_yaw": [0.5, 1e-06, 0.1], "k_pid_hsp": [1.1084794334514583, 0.0004631898211875799, 0.0], "k_pid_vsp": [400.0, 13.823460424110879, 17.206482881946393]}, "datetime": {"datetime": "2025-08-21 14:55:39", "elapsed": 22255.956747055054, "delta": 16.89815855026245}, "costs": {"total_cost": 175.15796872541713, "time_cost": 71.456, "final_distance_cost": 1.8503952217693354, "oscillation_cost": 33.47815051631368, "completition_cost": 0.0, "overshoot_cost": 50.73703384361052, "power_cost": 8.965070410156251, "noise_cost": 8.671318733567377, "n_waypoints_completed": 9, "tot_waypoints": 9}}
{"target": -170.98233147139928, "params": {"k_pid_pos": [1.1162296049526126, 0.0, 0.13392455758467797], "k_pid_alt": [0.9662724969030865, 0.0, 0.009565081025323083], "k_pid_att": [13.241724861040206, 0.0001, 0.6350056907627696], "k_pid_yaw": [0.5, 1e-06, 0.1], "k_pid_hsp": [0.20672344140109655, 0.0036835075319551283, 0.0], "k_pid_vsp": [385.03520416204515, 14.925508366852911, 12.567709075340815]}, "datetime": {"datetime": "2025-08-21 14:55:56", "elapsed": 22272.490565776825, "delta": 16.53381872177124}, "costs": {"total_cost": 170.98233147139928, "time_cost": 71.808, "final_distance_cost": 1.8295946461899373, "oscillation_cost": 28.715423167670767, "completition_cost": 0.0, "overshoot_cost": 51.919738046653, "power_cost": 8.533810998535156, "noise_cost": 8.175764612350415, "n_waypoints_completed": 9, "tot_waypoints": 9}}
{"target": -182.87712608417206, "params": {"k_pid_pos": [1.1332506991954179, 0.0, 0.15920358650698227], "k_pid_alt": [1.0210239055784314, 0.0, 0.010213962670637058], "k_pid_att": [19.635743509986273, 0.0001, 0.5866831661252789], "k_pid_yaw": [0.5, 1e-06, 0.1], "k_pid_hsp": [0.0798390927501677, 0.003207946841341759, 0.0], "k_pid_vsp": [383.06051734350154, 1e-06, 17.91505081588112]}, "datetime": {"datetime": "2025-08-21 14:56:13", "elapsed": 22289.911549806595, "delta": 17.420984029769897}, "costs": {"total_cost": 182.87712608417206, "time_cost": 73.288, "final_distance_cost": 1.7964664679332152, "oscillation_cost": 26.303770954863282, "completition_cost": 0.0, "overshoot_cost": 52.48664247847113, "power_cost": 16.583678723144534, "noise_cost": 12.418567459759872, "n_waypoints_completed": 9, "tot_waypoints": 9}}
{"target": -181.91092881497352, "params": {"k_pid_pos": [1.1665797669219238, 0.0, 0.04763684068751024], "k_pid_alt": [0.946061696231656, 0.0, 0.010187802489870801], "k_pid_att": [31.33897529040168, 0.0001, 0.25267165300296573], "k_pid_yaw": [0.5, 1e-06, 0.1], "k_pid_hsp": [0.08591056645126316, 0.004494320721438131, 0.0], "k_pid_vsp": [389.5872088418812, 24.731983742251092, 14.947350899692504]}, "datetime": {"datetime": "2025-08-21 14:56:30", "elapsed": 22307.259500026703, "delta": 17.347950220108032}, "costs": {"total_cost": 181.91092881497352, "time_cost": 72.824, "final_distance_cost": 1.7438330193581293, "oscillation_cost": 28.22422727574385, "completition_cost": 0.0, "overshoot_cost": 52.00582886659308, "power_cost": 15.025881848144532, "noise_cost": 12.087157805133929, "n_waypoints_completed": 9, "tot_waypoints": 9}}
{"target": -179.63510235929337, "params": {"k_pid_pos": [1.1230832235272743, 0.0, 0.13255281287756462], "k_pid_alt": [0.9915365309854797, 0.0, 0.00891054517838191], "k_pid_att": [18.83003067419539, 0.0001, 0.6302789852088233], "k_pid_yaw": [0.5, 1e-06, 0.1], "k_pid_hsp": [0.11211453648939093, 0.0023669692908361278, 0.0], "k_pid_vsp": [396.00905338011836, 24.758345075844243, 19.074937447614218]}, "datetime": {"datetime": "2025-08-21 14:56:47", "elapsed": 22323.460580825806, "delta": 16.201080799102783}, "costs": {"total_cost": 179.63510235929337, "time_cost": 71.264, "final_distance_cost": 1.7911124180018616, "oscillation_cost": 27.24958172878556, "completition_cost": 0.0, "overshoot_cost": 51.16039581738416, "power_cost": 16.015839819335937, "noise_cost": 12.15417257578584, "n_waypoints_completed": 9, "tot_waypoints": 9}}
