{"target": -184.82880571241688, "params": {"k_pid_pos": [1.298759898432196, 0.0, 0.13401463496402036], "k_pid_alt": [1.2250386575742016, 0.0, 0.009822016956007302], "k_pid_att": [2.579508825932651, 0.0001, 0.7105109822355673], "k_pid_yaw": [0.5, 1e-06, 0.1], "k_pid_hsp": [0.06431280995182653, 0.0, 0.0], "k_pid_vsp": [400.0, 25.15832655245133, 16.058953069568723]}, "datetime": {"datetime": "2025-08-21 12:59:28", "elapsed": 15285.32210636139, "delta": 17.241662740707397}, "costs": {"total_cost": 184.82880571241688, "time_cost": 74.008, "final_distance_cost": 1.7382243460769726, "oscillation_cost": 22.52485027910031, "completition_cost": 0.0, "overshoot_cost": 54.9987460619784, "power_cost": 17.876385449218752, "noise_cost": 13.682599576042433, "n_waypoints_completed": 9, "tot_waypoints": 9}}
{"target": -174.22421956393228, "params": {"k_pid_pos": [1.0431725794527753, 0.0, 0.1356618941231012], "k_pid_alt": [1.412821667778061, 0.0, 0.010655444889280068], "k_pid_att": [18.003089343381113, 0.0001, 0.4693309444787504], "k_pid_yaw": [0.5, 1e-06, 0.1], "k_pid_hsp": [0.12575294760689368, 0.0, 0.0], "k_pid_vsp": [400.0, 24.458394114357706, 18.31379962587166]}, "datetime": {"datetime": "2025-08-21 12:59:45", "elapsed": 15301.44832611084, "delta": 16.126219749450684}, "costs": {"total_cost": 174.22421956393228, "time_cost": 71.464, "final_distance_cost": 1.8101593630954864, "oscillation_cost": 26.547886467620344, "completition_cost": 0.0, "overshoot_cost": 52.30416191076468, "power_cost": 11.490859765625, "noise_cost": 10.60715205682678, "n_waypoints_completed": 9, "tot_waypoints": 9}}
{"target": -180.48499634259844, "params": {"k_pid_pos": [1.307053320751377, 0.0, 0.06147909942519429], "k_pid_alt": [0.8206108189256729, 0.0, 0.010890428478360428], "k_pid_att": [25.932015312262205, 0.0001, 0.10092844176106877], "k_pid_yaw": [0.5, 1e-06, 0.1], "k_pid_hsp": [0.8292390696362937, 0.0, 0.0], "k_pid_vsp": [290.84022603209087, 29.29275582538045, 1e-06]}, "datetime": {"datetime": "2025-08-21 13:00:02", "elapsed": 15318.65746498108, "delta": 17.209138870239258}, "costs": {"total_cost": 180.48499634259844, "time_cost": 70.904, "final_distance_cost": 1.8084567401174119, "oscillation_cost": 35.07119831484034, "completition_cost": 0.0, "overshoot_cost": 50.83116907701739, "power_cost": 11.011235473632812, "noise_cost": 10.858936736990492, "n_waypoints_completed": 9, "tot_waypoints": 9}}
{"target": -173.60345379357082, "params": {"k_pid_pos": [1.2640864127685698, 0.0, 0.15209693190002016], "k_pid_alt": [1.072671047330372, 0.0, 0.009042176403787875], "k_pid_att": [18.946837719762485, 0.0001, 0.5690622484771798], "k_pid_yaw": [0.5, 1e-06, 0.1], "k_pid_hsp": [0.5379547676740241, 0.0, 0.0], "k_pid_vsp": [400.0, 22.52448251699972, 18.62831872364333]}, "datetime": {"datetime": "2025-08-21 13:00:18", "elapsed": 15335.074076652527, "delta": 16.416611671447754}, "costs": {"total_cost": 173.60345379357082, "time_cost": 71.336, "final_distance_cost": 1.8276934374440104, "oscillation_cost": 30.779584722318656, "completition_cost": 0.0, "overshoot_cost": 51.3284525512208, "power_cost": 9.77239140625, "noise_cost": 8.55933167633737, "n_waypoints_completed": 9, "tot_waypoints": 9}}
{"target": -1173.6907256901234, "params": {"k_pid_pos": [1.1648410722624267, 0.0, 0.2055970827058202], "k_pid_alt": [0.8341042285031139, 0.0, 0.009489889859794681], "k_pid_att": [18.32297368726495, 0.0001, 0.5606616933168742], "k_pid_yaw": [0.5, 1e-06, 0.1], "k_pid_hsp": [0.0001, 0.0, 0.0], "k_pid_vsp": [400.0, 9.01496547400776, 15.827597923933158]}, "datetime": {"datetime": "2025-08-21 13:00:41", "elapsed": 15357.831529855728, "delta": 22.757453203201294}, "costs": {"total_cost": 1173.6907256901234, "time_cost": 150, "final_distance_cost": 46.14994183223712, "oscillation_cost": 0.08635714584903909, "completition_cost": 888.8888888888888, "overshoot_cost": 80.93044138408061, "power_cost": 2.800672216796875, "noise_cost": 4.834424222271005, "n_waypoints_completed": 1, "tot_waypoints": 9}}
{"target": -396.3584926850584, "params": {"k_pid_pos": [1.2525916113866538, 0.0, 0.08384408206502879], "k_pid_alt": [0.9936392360803712, 0.0, 0.008441172568338536], "k_pid_att": [24.164464649170775, 0.0001, 0.6062801163354476], "k_pid_yaw": [0.5, 1e-06, 0.1], "k_pid_hsp": [0.02726846484743524, 0.0023331968439741697, 0.0], "k_pid_vsp": [390.76878607582694, 37.630090178962156, 16.634563887843022]}, "datetime": {"datetime": "2025-08-21 13:01:04", "elapsed": 15381.021895170212, "delta": 23.190365314483643}, "costs": {"total_cost": 396.3584926850584, "time_cost": 150, "final_distance_cost": 37.03315209904174, "oscillation_cost": 16.94054581861342, "completition_cost": 111.11111111111116, "overshoot_cost": 60.80990050443768, "power_cost": 11.013398315429688, "noise_cost": 9.45038483642477, "n_waypoints_completed": 8, "tot_waypoints": 9}}
{"target": -191.77648527172863, "params": {"k_pid_pos": [1.1104602772643972, 0.0, 0.1462819033709907], "k_pid_alt": [0.9952919956846373, 0.0, 0.00857890284530623], "k_pid_att": [18.317465192636593, 0.0001, 0.4511228241720798], "k_pid_yaw": [0.5, 1e-06, 0.1], "k_pid_hsp": [0.04003170018238325, 0.0, 0.0], "k_pid_vsp": [400.0, 26.477877706339182, 23.21242836693136]}, "datetime": {"datetime": "2025-08-21 13:01:24", "elapsed": 15400.60240316391, "delta": 19.58050799369812}, "costs": {"total_cost": 191.77648527172863, "time_cost": 86.936, "final_distance_cost": 1.7426764752448463, "oscillation_cost": 19.860405891940037, "completition_cost": 0.0, "overshoot_cost": 57.50427056983652, "power_cost": 14.441845642089845, "noise_cost": 11.29128669261738, "n_waypoints_completed": 9, "tot_waypoints": 9}}
{"target": -183.8587503376314, "params": {"k_pid_pos": [1.1871774063503224, 0.0, 0.16183460945532224], "k_pid_alt": [0.8021993743611457, 0.0, 0.008016689766454907], "k_pid_att": [6.926355504550557, 0.0001, 0.23181750146989014], "k_pid_yaw": [0.5, 1e-06, 0.1], "k_pid_hsp": [0.13536253607452428, 0.037786698225316676, 0.0], "k_pid_vsp": [399.2986475070731, 2.332347096314109, 31.195105785983948]}, "datetime": {"datetime": "2025-08-21 13:01:41", "elapsed": 15417.483263731003, "delta": 16.880860567092896}, "costs": {"total_cost": 183.8587503376314, "time_cost": 71.888, "final_distance_cost": 1.8270783591780562, "oscillation_cost": 32.879592733466616, "completition_cost": 0.0, "overshoot_cost": 51.26503753438808, "power_cost": 14.512266601562501, "noise_cost": 11.486775109036143, "n_waypoints_completed": 9, "tot_waypoints": 9}}
{"target": -186.75336946152336, "params": {"k_pid_pos": [1.31991814530966, 0.0, 0.13619403341743722], "k_pid_alt": [1.0651219212339147, 0.0, 0.008847048119517567], "k_pid_att": [25.534508538585044, 0.0001, 0.6745731217827413], "k_pid_yaw": [0.5, 1e-06, 0.1], "k_pid_hsp": [0.6313734144797437, 0.0, 0.0], "k_pid_vsp": [400.0, 26.495550910610717, 11.035716279747582]}, "datetime": {"datetime": "2025-08-21 13:01:57", "elapsed": 15433.862470626831, "delta": 16.379206895828247}, "costs": {"total_cost": 186.75336946152336, "time_cost": 70.424, "final_distance_cost": 1.8275338918354214, "oscillation_cost": 31.741509119333852, "completition_cost": 0.0, "overshoot_cost": 50.872352282725345, "power_cost": 18.322799743652343, "noise_cost": 13.565174423976401, "n_waypoints_completed": 9, "tot_waypoints": 9}}
{"target": -194.3784745203729, "params": {"k_pid_pos": [1.2553030580038769, 0.0, 0.12080166136857229], "k_pid_alt": [1.0712369385831513, 0.0, 0.010389758614849106], "k_pid_att": [35.666941685656525, 0.0001, 0.6964985927576018], "k_pid_yaw": [0.5, 1e-06, 0.1], "k_pid_hsp": [0.08752066707127443, 0.0063532870561643345, 0.0], "k_pid_vsp": [377.30667984895973, 1e-06, 24.004178314492677]}, "datetime": {"datetime": "2025-08-21 13:02:13", "elapsed": 15450.361349105835, "delta": 16.498878479003906}, "costs": {"total_cost": 194.3784745203729, "time_cost": 73.06400000000001, "final_distance_cost": 1.7871997783116242, "oscillation_cost": 28.735403970147754, "completition_cost": 0.0, "overshoot_cost": 52.411330471595214, "power_cost": 22.49151276855469, "noise_cost": 15.889027531763583, "n_waypoints_completed": 9, "tot_waypoints": 9}}
{"target": -167.42029356044938, "params": {"k_pid_pos": [1.1154150952348483, 0.0, 0.10780156632300165], "k_pid_alt": [1.1686222313624215, 0.0, 0.014457024066703452], "k_pid_att": [9.359736457988298, 0.0001, 0.5722617406333391], "k_pid_yaw": [0.5, 1e-06, 0.1], "k_pid_hsp": [0.1664054646799817, 0.008172064795526388, 0.0], "k_pid_vsp": [384.2855663923021, 24.871513252282703, 23.700001933859102]}, "datetime": {"datetime": "2025-08-21 13:02:30", "elapsed": 15467.10060453415, "delta": 16.73925542831421}, "costs": {"total_cost": 167.42029356044938, "time_cost": 70.368, "final_distance_cost": 1.813667314456745, "oscillation_cost": 28.815209037747064, "completition_cost": 0.0, "overshoot_cost": 51.093150081022834, "power_cost": 7.520526196289063, "noise_cost": 7.809740930933669, "n_waypoints_completed": 9, "tot_waypoints": 9}}
{"target": -173.8193827237267, "params": {"k_pid_pos": [1.2119223255960767, 0.0, 0.2035973275103618], "k_pid_alt": [1.3249688582800883, 0.0, 0.012377165600641653], "k_pid_att": [20.451795315542807, 0.0001, 0.5478895870781465], "k_pid_yaw": [0.5, 1e-06, 0.1], "k_pid_hsp": [0.3278675250385612, 0.0, 0.0], "k_pid_vsp": [391.78834598470246, 41.54617276176822, 30.629889335777456]}, "datetime": {"datetime": "2025-08-21 13:02:46", "elapsed": 15483.060758113861, "delta": 15.960153579711914}, "costs": {"total_cost": 173.8193827237267, "time_cost": 69.784, "final_distance_cost": 1.8393988467703342, "oscillation_cost": 30.1806284520391, "completition_cost": 0.0, "overshoot_cost": 50.11087865026993, "power_cost": 11.661879638671875, "noise_cost": 10.242597135975444, "n_waypoints_completed": 9, "tot_waypoints": 9}}
{"target": -171.2101405879398, "params": {"k_pid_pos": [0.9722247659951448, 0.0, 0.08195637894589146], "k_pid_alt": [0.938821411105523, 0.0, 0.007384608423754738], "k_pid_att": [55.36932082931291, 0.0001, 0.5880220777075189], "k_pid_yaw": [0.5, 1e-06, 0.1], "k_pid_hsp": [0.0801079024044195, 0.0, 0.0], "k_pid_vsp": [400.0, 46.65744180375535, 12.664363177698654]}, "datetime": {"datetime": "2025-08-21 13:03:03", "elapsed": 15499.964567184448, "delta": 16.903809070587158}, "costs": {"total_cost": 171.2101405879398, "time_cost": 73.06400000000001, "final_distance_cost": 1.788091650440741, "oscillation_cost": 27.956808734168973, "completition_cost": 0.0, "overshoot_cost": 52.10514030603257, "power_cost": 8.523768664550781, "noise_cost": 7.7723312327467395, "n_waypoints_completed": 9, "tot_waypoints": 9}}
{"target": -1181.357615369264, "params": {"k_pid_pos": [2.0, 0.0, 0.3168204916412335], "k_pid_alt": [1.1795100973589376, 0.0, 0.009085773416549434], "k_pid_att": [20.457338913208236, 0.0001, 0.6390197840738643], "k_pid_yaw": [0.5, 1e-06, 0.1], "k_pid_hsp": [0.0001, 0.0, 0.0], "k_pid_vsp": [398.97765709827246, 26.367697539760044, 16.458222825826557]}, "datetime": {"datetime": "2025-08-21 13:03:26", "elapsed": 15522.448298692703, "delta": 22.483731508255005}, "costs": {"total_cost": 1181.357615369264, "time_cost": 150, "final_distance_cost": 46.93671869090129, "oscillation_cost": 0.1564873795752983, "completition_cost": 888.8888888888888, "overshoot_cost": 84.79887210589493, "power_cost": 4.280374060058594, "noise_cost": 6.296274243944856, "n_waypoints_completed": 1, "tot_waypoints": 9}}
{"target": -182.7953740335933, "params": {"k_pid_pos": [1.187808960235701, 0.0, 0.15038494765516314], "k_pid_alt": [1.065797000342258, 0.0, 0.00893507844772357], "k_pid_att": [20.233027360546913, 0.0001, 0.5184810313745309], "k_pid_yaw": [0.5, 1e-06, 0.1], "k_pid_hsp": [0.34894051961789274, 0.0, 0.0], "k_pid_vsp": [400.0, 16.936625037132938, 6.053391388595928]}, "datetime": {"datetime": "2025-08-21 13:03:42", "elapsed": 15538.708268165588, "delta": 16.259969472885132}, "costs": {"total_cost": 182.7953740335933, "time_cost": 71.544, "final_distance_cost": 1.8397664133055185, "oscillation_cost": 29.699286727505733, "completition_cost": 0.0, "overshoot_cost": 51.56441792099505, "power_cost": 15.080485180664063, "noise_cost": 13.067417791122944, "n_waypoints_completed": 9, "tot_waypoints": 9}}
{"target": -178.524729397116, "params": {"k_pid_pos": [1.165744217891909, 0.0, 0.11812730671497011], "k_pid_alt": [1.0656142107756905, 0.0, 0.0077943034199681365], "k_pid_att": [15.012538932435918, 0.0001, 0.44352040409273175], "k_pid_yaw": [0.5, 1e-06, 0.1], "k_pid_hsp": [0.28887312642037244, 0.0, 0.0], "k_pid_vsp": [400.0, 30.093143426996352, 20.92584907842156]}, "datetime": {"datetime": "2025-08-21 13:03:58", "elapsed": 15555.167501688004, "delta": 16.45923352241516}, "costs": {"total_cost": 178.524729397116, "time_cost": 70.36, "final_distance_cost": 1.8196504791843089, "oscillation_cost": 29.94734306893859, "completition_cost": 0.0, "overshoot_cost": 51.406391573408996, "power_cost": 13.729652160644532, "noise_cost": 11.261692114939603, "n_waypoints_completed": 9, "tot_waypoints": 9}}
{"target": -1194.145111041736, "params": {"k_pid_pos": [1.317916873307453, 0.0, 0.12723229172672165], "k_pid_alt": [0.9135884468613088, 0.0, 0.010221469376620882], "k_pid_att": [0.0, 0.0001, 0.27963886452052883], "k_pid_yaw": [0.5, 1e-06, 0.1], "k_pid_hsp": [0.0001, 0.0, 0.0], "k_pid_vsp": [400.0, 20.416760329498928, 1e-06]}, "datetime": {"datetime": "2025-08-21 13:04:21", "elapsed": 15578.233206748962, "delta": 23.065705060958862}, "costs": {"total_cost": 1194.145111041736, "time_cost": 150, "final_distance_cost": 46.437803583199404, "oscillation_cost": 0.04928564201538434, "completition_cost": 888.8888888888888, "overshoot_cost": 82.40858275813869, "power_cost": 13.297442199707032, "noise_cost": 13.063107969786628, "n_waypoints_completed": 1, "tot_waypoints": 9}}
{"target": -1218.8049539370754, "params": {"k_pid_pos": [1.1062147130777698, 0.0, 0.015646282449806197], "k_pid_alt": [1.1822325074461397, 0.0, 0.01278102908343922], "k_pid_att": [12.098093693124406, 0.0001, 0.5913291661251224], "k_pid_yaw": [0.5, 1e-06, 0.1], "k_pid_hsp": [0.0001, 0.0, 0.0], "k_pid_vsp": [400.0, 16.54672673799467, 18.460104798109946]}, "datetime": {"datetime": "2025-08-21 13:04:44", "elapsed": 15601.141152381897, "delta": 22.90794563293457}, "costs": {"total_cost": 1218.8049539370754, "time_cost": 150, "final_distance_cost": 46.2221987903718, "oscillation_cost": 0.5107659559381781, "completition_cost": 888.8888888888888, "overshoot_cost": 79.9707758829494, "power_cost": 31.37853612060547, "noise_cost": 21.833788298321892, "n_waypoints_completed": 1, "tot_waypoints": 9}}
{"target": -190.15348048971217, "params": {"k_pid_pos": [1.1785879418632965, 0.0, 0.050323952218968154], "k_pid_alt": [0.8360379468909795, 0.0, 0.004453420173856077], "k_pid_att": [27.275754120782274, 0.0001, 0.37761288046677666], "k_pid_yaw": [0.5, 1e-06, 0.1], "k_pid_hsp": [0.6588295857464551, 0.0, 0.0], "k_pid_vsp": [352.9847522385958, 31.321167709033727, 19.37528195850764]}, "datetime": {"datetime": "2025-08-21 13:05:00", "elapsed": 15617.147146463394, "delta": 16.005994081497192}, "costs": {"total_cost": 190.15348048971217, "time_cost": 70.88, "final_distance_cost": 1.8344599190417288, "oscillation_cost": 31.16576125363588, "completition_cost": 0.0, "overshoot_cost": 51.02803334226479, "power_cost": 20.518646838378906, "noise_cost": 14.726579136390844, "n_waypoints_completed": 9, "tot_waypoints": 9}}
{"target": -176.1570733251127, "params": {"k_pid_pos": [1.144468642396187, 0.0, 0.12143648854912784], "k_pid_alt": [1.0990273205132015, 0.0, 0.018566630081561397], "k_pid_att": [16.950991227735344, 0.0001, 0.723927245546442], "k_pid_yaw": [0.5, 1e-06, 0.1], "k_pid_hsp": [0.06598199439183519, 0.0, 0.0], "k_pid_vsp": [400.0, 44.43353915420564, 21.549655668993942]}, "datetime": {"datetime": "2025-08-21 13:05:17", "elapsed": 15634.357439517975, "delta": 17.21029305458069}, "costs": {"total_cost": 176.1570733251127, "time_cost": 75.696, "final_distance_cost": 1.7757089786541584, "oscillation_cost": 24.986741717801973, "completition_cost": 0.0, "overshoot_cost": 53.02702862523131, "power_cost": 10.507753271484376, "noise_cost": 10.163840731940878, "n_waypoints_completed": 9, "tot_waypoints": 9}}
{"target": -199.813819459372, "params": {"k_pid_pos": [1.153848868462689, 0.0, 0.0], "k_pid_alt": [0.8242338658886138, 0.0, 0.0], "k_pid_att": [14.073305736747162, 0.0001, 0.34069979855199656], "k_pid_yaw": [0.5, 1e-06, 0.1], "k_pid_hsp": [0.10286931608969961, 0.055702356169058886, 0.0], "k_pid_vsp": [389.0069186028542, 26.45992291925918, 21.059426678390626]}, "datetime": {"datetime": "2025-08-21 13:05:35", "elapsed": 15651.50725030899, "delta": 17.149810791015625}, "costs": {"total_cost": 199.813819459372, "time_cost": 73.896, "final_distance_cost": 1.8166377295988176, "oscillation_cost": 40.398950224000664, "completition_cost": 0.0, "overshoot_cost": 52.09192936059429, "power_cost": 17.9582564453125, "noise_cost": 13.652045699865731, "n_waypoints_completed": 9, "tot_waypoints": 9}}
{"target": -184.97914771972393, "params": {"k_pid_pos": [1.5601503463459132, 0.0, 0.14919764919491865], "k_pid_alt": [0.913199042824861, 0.0, 0.011043058987354446], "k_pid_att": [29.57572060270381, 0.0001, 0.40485389116313164], "k_pid_yaw": [0.5, 1e-06, 0.1], "k_pid_hsp": [0.26370948417755335, 0.0, 0.0], "k_pid_vsp": [400.0, 21.34473579199001, 18.35545340676257]}, "datetime": {"datetime": "2025-08-21 13:05:51", "elapsed": 15668.067627191544, "delta": 16.5603768825531}, "costs": {"total_cost": 184.97914771972393, "time_cost": 72.696, "final_distance_cost": 1.7790791900592904, "oscillation_cost": 32.388743482291574, "completition_cost": 0.0, "overshoot_cost": 52.360545779466506, "power_cost": 14.041360083007813, "noise_cost": 11.713419184898736, "n_waypoints_completed": 9, "tot_waypoints": 9}}
{"target": -1217.235289614371, "params": {"k_pid_pos": [1.1162958140293409, 0.0, 0.08016542311388639], "k_pid_alt": [0.9910918973681926, 0.0, 0.007508438109025509], "k_pid_att": [10.850654041598476, 0.0001, 0.5307514045494262], "k_pid_yaw": [0.5, 1e-06, 0.1], "k_pid_hsp": [0.0001, 0.0, 0.0], "k_pid_vsp": [400.0, 12.210506434529979, 23.30624038112191]}, "datetime": {"datetime": "2025-08-21 13:06:15", "elapsed": 15692.412464141846, "delta": 24.344836950302124}, "costs": {"total_cost": 1217.235289614371, "time_cost": 150, "final_distance_cost": 46.37553268224245, "oscillation_cost": 0.5681001079961978, "completition_cost": 888.8888888888888, "overshoot_cost": 81.06084338895911, "power_cost": 29.774196765136722, "noise_cost": 20.567727781147582, "n_waypoints_completed": 1, "tot_waypoints": 9}}
{"target": -179.13639132263657, "params": {"k_pid_pos": [0.9519830221145718, 0.0, 0.16510034349206038], "k_pid_alt": [0.8773903728861474, 0.0, 0.02417026682904712], "k_pid_att": [19.605637426584398, 0.0001, 0.6501159454686537], "k_pid_yaw": [0.5, 1e-06, 0.1], "k_pid_hsp": [0.3353230344902049, 0.0, 0.0], "k_pid_vsp": [400.0, 27.783169629492036, 8.062435116039197]}, "datetime": {"datetime": "2025-08-21 13:06:34", "elapsed": 15711.193957090378, "delta": 18.781492948532104}, "costs": {"total_cost": 179.13639132263657, "time_cost": 73.032, "final_distance_cost": 1.8446629023937522, "oscillation_cost": 27.93151149680763, "completition_cost": 0.0, "overshoot_cost": 51.14871745660474, "power_cost": 13.396583544921876, "noise_cost": 11.782915921908574, "n_waypoints_completed": 9, "tot_waypoints": 9}}
{"target": -174.47926298420788, "params": {"k_pid_pos": [1.1346773210754066, 0.15008269679891745, 0.12164531253329475], "k_pid_alt": [0.987655284377094, 0.0, 0.009225207687794622], "k_pid_att": [25.307548155410394, 0.21600769261705416, 0.525939504338875], "k_pid_yaw": [0.5, 1e-06, 0.1], "k_pid_hsp": [0.300476432856537, 0.0, 0.0], "k_pid_vsp": [327.09772411804187, 18.908650130255484, 15.327379755650952]}, "datetime": {"datetime": "2025-08-21 13:06:52", "elapsed": 15728.839369297028, "delta": 17.64541220664978}, "costs": {"total_cost": 174.47926298420788, "time_cost": 71.368, "final_distance_cost": 1.8015100791588257, "oscillation_cost": 29.868340792152022, "completition_cost": 0.0, "overshoot_cost": 51.26606571866364, "power_cost": 10.459929895019531, "noise_cost": 9.71541649921382, "n_waypoints_completed": 9, "tot_waypoints": 9}}
{"target": -179.98386682281853, "params": {"k_pid_pos": [1.426402616146282, 0.0, 0.09559583432256516], "k_pid_alt": [1.0165816416974365, 0.0, 0.000891696783068296], "k_pid_att": [26.833875928619527, 0.0001, 0.5774021236302576], "k_pid_yaw": [0.5, 1e-06, 0.1], "k_pid_hsp": [0.0930462987879479, 0.0, 0.0], "k_pid_vsp": [400.0, 24.35238050337273, 20.314338576572705]}, "datetime": {"datetime": "2025-08-21 13:07:09", "elapsed": 15745.582049369812, "delta": 16.742680072784424}, "costs": {"total_cost": 179.98386682281853, "time_cost": 71.752, "final_distance_cost": 1.7665176482095253, "oscillation_cost": 29.26795000738779, "completition_cost": 0.0, "overshoot_cost": 52.09865875585881, "power_cost": 13.589985974121094, "noise_cost": 11.508754437241324, "n_waypoints_completed": 9, "tot_waypoints": 9}}
{"target": -177.39746300297557, "params": {"k_pid_pos": [0.9989931550899593, 0.00011812523098185562, 0.0247414133126638], "k_pid_alt": [1.139852411166205, 0.0, 0.010259553365275946], "k_pid_att": [15.233544326429715, 0.029231576544844488, 0.5913524959300213], "k_pid_yaw": [0.5, 1e-06, 0.1], "k_pid_hsp": [0.23112317376332153, 0.0, 0.0], "k_pid_vsp": [400.0, 23.198230585824927, 17.249728284619824]}, "datetime": {"datetime": "2025-08-21 13:07:25", "elapsed": 15762.254806280136, "delta": 16.672756910324097}, "costs": {"total_cost": 177.39746300297557, "time_cost": 70.712, "final_distance_cost": 1.831610677925777, "oscillation_cost": 28.665381865266728, "completition_cost": 0.0, "overshoot_cost": 50.53005391097346, "power_cost": 14.101457458496094, "noise_cost": 11.556959090313518, "n_waypoints_completed": 9, "tot_waypoints": 9}}
