{"target": -183.1182967786105, "params": {"k_pid_pos": [1.0789255767152268, 0.0, 0.11790928602258356], "k_pid_alt": [0.7682796988347663, 0.0, 0.00964552834408279], "k_pid_att": [17.744992838625286, 0.0001, 0.5871823917901153], "k_pid_yaw": [0.5, 1e-06, 0.1], "k_pid_hsp": [0.25645003876529304, 0.02018579312213855, 0.0], "k_pid_vsp": [399.4840841980559, 1e-06, 21.655234557306198]}, "datetime": {"datetime": "2025-08-21 16:50:14", "elapsed": 29131.316984415054, "delta": 16.595157861709595}, "costs": {"total_cost": 183.1182967786105, "time_cost": 72.392, "final_distance_cost": 1.8316341868064288, "oscillation_cost": 29.41403351059614, "completition_cost": 0.0, "overshoot_cost": 51.422312670849905, "power_cost": 15.72959794921875, "noise_cost": 12.328718461139276, "n_waypoints_completed": 9, "tot_waypoints": 9}}
{"target": -178.7659376971319, "params": {"k_pid_pos": [1.13359399592564, 0.0, 0.13836653574649335], "k_pid_alt": [0.656231432199056, 0.0, 0.0071303621920895295], "k_pid_att": [11.030320844124319, 0.0001, 0.653124868867747], "k_pid_yaw": [0.5, 1e-06, 0.1], "k_pid_hsp": [0.09039567935422496, 0.0034803693797380558, 0.0], "k_pid_vsp": [397.7544357154289, 25.701676082585102, 15.41625929769976]}, "datetime": {"datetime": "2025-08-21 16:50:32", "elapsed": 29149.153920173645, "delta": 17.8369357585907}, "costs": {"total_cost": 178.7659376971319, "time_cost": 74.424, "final_distance_cost": 1.8048462124382392, "oscillation_cost": 26.808471731901346, "completition_cost": 0.0, "overshoot_cost": 51.75530316205268, "power_cost": 13.330891931152344, "noise_cost": 10.642424659587318, "n_waypoints_completed": 9, "tot_waypoints": 9}}
{"target": -189.21275658408217, "params": {"k_pid_pos": [1.1216484148120813, 0.0, 0.1255776751579008], "k_pid_alt": [1.1117675375221963, 0.0, 0.01078508716652573], "k_pid_att": [15.288049547419647, 0.0001, 0.6386370569485984], "k_pid_yaw": [0.5, 1e-06, 0.1], "k_pid_hsp": [0.12446193208929755, 0.00395465696727306, 0.0], "k_pid_vsp": [394.46804581061156, 27.1484797754738, 17.58434910263456]}, "datetime": {"datetime": "2025-08-21 16:50:49", "elapsed": 29165.556184768677, "delta": 16.40226459503174}, "costs": {"total_cost": 189.21275658408217, "time_cost": 73.84, "final_distance_cost": 1.7837258974544268, "oscillation_cost": 28.699156406286765, "completition_cost": 0.0, "overshoot_cost": 53.13414033785121, "power_cost": 16.42883425292969, "noise_cost": 15.326899689560097, "n_waypoints_completed": 9, "tot_waypoints": 9}}
{"target": -170.78672480117558, "params": {"k_pid_pos": [1.1182051159534798, 0.0, 0.15015075321784732], "k_pid_alt": [1.2823581003523363, 0.0, 0.016611835810433538], "k_pid_att": [14.106990507930583, 0.0001, 0.638329352170116], "k_pid_yaw": [0.5, 1e-06, 0.1], "k_pid_hsp": [0.13903623755188074, 0.0030282090566799745, 0.0], "k_pid_vsp": [397.1745897725638, 46.275338020761936, 16.251622231902324]}, "datetime": {"datetime": "2025-08-21 16:51:06", "elapsed": 29182.594707012177, "delta": 17.038522243499756}, "costs": {"total_cost": 170.78672480117558, "time_cost": 70.19200000000001, "final_distance_cost": 1.7895797564192135, "oscillation_cost": 27.624137524103368, "completition_cost": 0.0, "overshoot_cost": 51.56877333546432, "power_cost": 10.599641516113282, "noise_cost": 9.012592669075392, "n_waypoints_completed": 9, "tot_waypoints": 9}}
{"target": -179.72352436333432, "params": {"k_pid_pos": [1.1318741872920524, 0.0, 0.22582388211838633], "k_pid_alt": [1.4611472068045495, 0.0, 0.0], "k_pid_att": [17.17294232375749, 0.0001, 0.6235741681863848], "k_pid_yaw": [0.5, 1e-06, 0.1], "k_pid_hsp": [0.2365044627525924, 0.00046432635252750733, 0.0], "k_pid_vsp": [397.1131446564145, 1e-06, 35.27086925356015]}, "datetime": {"datetime": "2025-08-21 16:51:23", "elapsed": 29199.91210579872, "delta": 17.3173987865448}, "costs": {"total_cost": 179.72352436333432, "time_cost": 71.8, "final_distance_cost": 1.8334484723607465, "oscillation_cost": 28.25022047343022, "completition_cost": 0.0, "overshoot_cost": 52.06039084584531, "power_cost": 13.921011645507813, "noise_cost": 11.858452926190248, "n_waypoints_completed": 9, "tot_waypoints": 9}}
{"target": -179.35809440525207, "params": {"k_pid_pos": [1.1567447590881668, 0.0, 0.16592668285819567], "k_pid_alt": [1.6751498145590846, 0.0, 0.016421324313584132], "k_pid_att": [5.741414829711257, 0.0001, 0.5977272327009507], "k_pid_yaw": [0.5, 1e-06, 0.1], "k_pid_hsp": [0.11770762920155978, 0.000603113839284315, 0.0], "k_pid_vsp": [400.0, 34.78239130512626, 15.758486594505916]}, "datetime": {"datetime": "2025-08-21 16:51:39", "elapsed": 29215.900255918503, "delta": 15.988150119781494}, "costs": {"total_cost": 179.35809440525207, "time_cost": 70.76, "final_distance_cost": 1.8123174055810638, "oscillation_cost": 26.856580417039936, "completition_cost": 0.0, "overshoot_cost": 51.90662118806351, "power_cost": 16.036608203125002, "noise_cost": 11.985967191442535, "n_waypoints_completed": 9, "tot_waypoints": 9}}
{"target": -1169.3771606187647, "params": {"k_pid_pos": [1.54177313705582, 0.0, 0.20363453326855552], "k_pid_alt": [1.1920848308677334, 0.0, 0.019779814879745797], "k_pid_att": [21.377215026799973, 0.0001, 0.6163969192262021], "k_pid_yaw": [0.5, 1e-06, 0.1], "k_pid_hsp": [0.0018454754755607538, 0.0, 0.0], "k_pid_vsp": [399.8398787723744, 30.36816321950915, 18.449128418932553]}, "datetime": {"datetime": "2025-08-21 16:52:02", "elapsed": 29239.13415813446, "delta": 23.23390221595764}, "costs": {"total_cost": 1169.3771606187647, "time_cost": 150, "final_distance_cost": 61.20068762608144, "oscillation_cost": 6.88078820863212, "completition_cost": 888.8888888888888, "overshoot_cost": 56.48071057054706, "power_cost": 2.1357952392578126, "noise_cost": 3.7902900853575536, "n_waypoints_completed": 1, "tot_waypoints": 9}}
{"target": -178.70754181172177, "params": {"k_pid_pos": [1.138217364836855, 0.0, 0.13387489985024223], "k_pid_alt": [1.158474771427958, 0.0, 0.012782429409394478], "k_pid_att": [15.552304324193447, 0.0001, 0.6349693420904178], "k_pid_yaw": [0.5, 1e-06, 0.1], "k_pid_hsp": [0.19664217991865163, 0.0035022927167998132, 0.0], "k_pid_vsp": [400.0, 43.16968467111474, 1e-06]}, "datetime": {"datetime": "2025-08-21 16:52:19", "elapsed": 29255.759560108185, "delta": 16.625401973724365}, "costs": {"total_cost": 178.70754181172177, "time_cost": 70.60000000000001, "final_distance_cost": 1.8099674802299042, "oscillation_cost": 28.67665068791074, "completition_cost": 0.0, "overshoot_cost": 51.01535757931488, "power_cost": 14.160546496582032, "noise_cost": 12.445019567684188, "n_waypoints_completed": 9, "tot_waypoints": 9}}
{"target": -185.5366380010864, "params": {"k_pid_pos": [1.114062764561054, 0.0, 0.10138884888025534], "k_pid_alt": [1.102199945002983, 0.0, 0.019543032280235094], "k_pid_att": [17.09980549330097, 0.0001, 0.5576088094015716], "k_pid_yaw": [0.5, 1e-06, 0.1], "k_pid_hsp": [0.5615491776373469, 0.004214169525358944, 0.0], "k_pid_vsp": [400.0, 41.11652917601835, 16.519111831866812]}, "datetime": {"datetime": "2025-08-21 16:52:35", "elapsed": 29271.748251914978, "delta": 15.988691806793213}, "costs": {"total_cost": 185.5366380010864, "time_cost": 71.08, "final_distance_cost": 1.8355574889865254, "oscillation_cost": 30.800405748463415, "completition_cost": 0.0, "overshoot_cost": 50.958915212572855, "power_cost": 17.2691107421875, "noise_cost": 13.592648808876113, "n_waypoints_completed": 9, "tot_waypoints": 9}}
{"target": -163.695225540057, "params": {"k_pid_pos": [1.157345546717056, 0.0, 0.13526064354011286], "k_pid_alt": [1.1819580250370063, 0.0, 0.016531289323138933], "k_pid_att": [13.912732303523004, 0.0001, 0.6177074397847784], "k_pid_yaw": [0.5, 1e-06, 0.1], "k_pid_hsp": [0.23595917126227656, 0.0034200314905520044, 0.0], "k_pid_vsp": [400.0, 62.08247058723005, 19.864196447421172]}, "datetime": {"datetime": "2025-08-21 16:52:51", "elapsed": 29288.286199092865, "delta": 16.537947177886963}, "costs": {"total_cost": 163.695225540057, "time_cost": 69.432, "final_distance_cost": 1.829169758961537, "oscillation_cost": 29.444387596867767, "completition_cost": 0.0, "overshoot_cost": 50.157449556634376, "power_cost": 6.394797375488282, "noise_cost": 6.437421252105042, "n_waypoints_completed": 9, "tot_waypoints": 9}}
{"target": -172.79465742217036, "params": {"k_pid_pos": [1.1257741404073258, 0.0, 0.13195258342500746], "k_pid_alt": [1.054230706278886, 0.0, 0.015254727869665492], "k_pid_att": [10.98700004423224, 0.0001, 0.6225226809661861], "k_pid_yaw": [0.5, 1e-06, 0.1], "k_pid_hsp": [0.11148153913857625, 0.004839329194292891, 0.0], "k_pid_vsp": [399.9050465049645, 6.266424678934248, 16.878852798126648]}, "datetime": {"datetime": "2025-08-21 16:53:08", "elapsed": 29304.434535980225, "delta": 16.14833688735962}, "costs": {"total_cost": 172.79465742217036, "time_cost": 71.8, "final_distance_cost": 1.787484318566194, "oscillation_cost": 27.35665649203159, "completition_cost": 0.0, "overshoot_cost": 51.87443633675151, "power_cost": 10.382779528808594, "noise_cost": 9.593300746012488, "n_waypoints_completed": 9, "tot_waypoints": 9}}
{"target": -181.268448127273, "params": {"k_pid_pos": [1.1203399925192916, 0.0, 0.13611577173483533], "k_pid_alt": [1.3290642687724163, 0.0, 0.019091099099504953], "k_pid_att": [11.236920127837037, 0.0001, 0.6205018456712931], "k_pid_yaw": [0.5, 1e-06, 0.1], "k_pid_hsp": [0.10045802519614648, 0.005942843228765534, 0.0], "k_pid_vsp": [396.81496494545627, 61.009691638439044, 19.559284340499907]}, "datetime": {"datetime": "2025-08-21 16:53:25", "elapsed": 29321.56108379364, "delta": 17.126547813415527}, "costs": {"total_cost": 181.268448127273, "time_cost": 70.624, "final_distance_cost": 1.8101083642865234, "oscillation_cost": 27.345496354132855, "completition_cost": 0.0, "overshoot_cost": 51.038161949502914, "power_cost": 17.326703942871095, "noise_cost": 13.123977516479613, "n_waypoints_completed": 9, "tot_waypoints": 9}}
{"target": -165.58364250028515, "params": {"k_pid_pos": [1.1251102440433098, 0.0, 0.1385148740783558], "k_pid_alt": [1.17558976874618, 0.0, 0.015985679806756397], "k_pid_att": [15.288602325000795, 0.0001, 0.6369363519734158], "k_pid_yaw": [0.5, 1e-06, 0.1], "k_pid_hsp": [0.12783565879908887, 0.002673626876665781, 0.0], "k_pid_vsp": [400.0, 43.5114664808415, 18.115621428300106]}, "datetime": {"datetime": "2025-08-21 16:53:41", "elapsed": 29338.365421056747, "delta": 16.8043372631073}, "costs": {"total_cost": 165.58364250028515, "time_cost": 70.68, "final_distance_cost": 1.7920417504979933, "oscillation_cost": 27.533640936152196, "completition_cost": 0.0, "overshoot_cost": 51.439597482219426, "power_cost": 7.214914624023438, "noise_cost": 6.923447707392111, "n_waypoints_completed": 9, "tot_waypoints": 9}}
{"target": -183.08022734718276, "params": {"k_pid_pos": [1.211150697192306, 0.0, 0.0], "k_pid_alt": [0.843442922596408, 0.0, 0.0], "k_pid_att": [34.54065585870302, 0.0001, 0.1038347765460752], "k_pid_yaw": [0.5, 1e-06, 0.1], "k_pid_hsp": [0.18224301066746484, 0.0, 0.0], "k_pid_vsp": [356.0638175574372, 45.461779078959296, 19.43543625654665]}, "datetime": {"datetime": "2025-08-21 16:53:58", "elapsed": 29354.582864522934, "delta": 16.217443466186523}, "costs": {"total_cost": 183.08022734718276, "time_cost": 71.128, "final_distance_cost": 1.8173578263022534, "oscillation_cost": 30.694448113473882, "completition_cost": 0.0, "overshoot_cost": 50.9642119193607, "power_cost": 16.026352990722657, "noise_cost": 12.449856497323262, "n_waypoints_completed": 9, "tot_waypoints": 9}}
{"target": -191.10208070938424, "params": {"k_pid_pos": [1.134761979971897, 0.0, 0.13903729444249732], "k_pid_alt": [1.0229194082793214, 0.0, 0.014202789004941404], "k_pid_att": [7.2071107632490055, 0.0001, 0.4070411153692336], "k_pid_yaw": [0.5, 1e-06, 0.1], "k_pid_hsp": [0.2972855329827142, 0.003225960313381129, 0.0], "k_pid_vsp": [400.0, 38.3503242836067, 18.796922698826105]}, "datetime": {"datetime": "2025-08-21 16:54:16", "elapsed": 29372.696246385574, "delta": 18.11338186264038}, "costs": {"total_cost": 191.10208070938424, "time_cost": 71.272, "final_distance_cost": 1.8232906185866273, "oscillation_cost": 29.986923795648092, "completition_cost": 0.0, "overshoot_cost": 51.07012433647631, "power_cost": 21.520977758789062, "noise_cost": 15.428764199884146, "n_waypoints_completed": 9, "tot_waypoints": 9}}
{"target": -193.57554103656224, "params": {"k_pid_pos": [1.1273245703167325, 0.0, 0.14181319068591136], "k_pid_alt": [0.9599473543043245, 0.0, 0.015237146686805881], "k_pid_att": [12.851235419488868, 0.0001, 0.7948528721309983], "k_pid_yaw": [0.5, 1e-06, 0.1], "k_pid_hsp": [0.4383427993187325, 0.003063445384101189, 0.0], "k_pid_vsp": [399.9293853058278, 55.367119591378554, 15.14394536485995]}, "datetime": {"datetime": "2025-08-21 16:54:32", "elapsed": 29388.90203142166, "delta": 16.205785036087036}, "costs": {"total_cost": 193.57554103656224, "time_cost": 71.96000000000001, "final_distance_cost": 1.8338339740280103, "oscillation_cost": 29.975112923319557, "completition_cost": 0.0, "overshoot_cost": 51.96163571062075, "power_cost": 21.786263928222656, "noise_cost": 16.058694500371235, "n_waypoints_completed": 9, "tot_waypoints": 9}}
{"target": -743.2828092348573, "params": {"k_pid_pos": [1.0816310937811753, 0.0, 0.13313676009152298], "k_pid_alt": [1.2759417822975074, 0.0, 0.010757117127944587], "k_pid_att": [15.49776459000674, 0.0001, 0.5512411411765457], "k_pid_yaw": [0.5, 1e-06, 0.1], "k_pid_hsp": [0.021467780156835425, 0.00232375733953755, 0.0], "k_pid_vsp": [400.0, 41.986136449527514, 19.81338785129614]}, "datetime": {"datetime": "2025-08-21 16:54:55", "elapsed": 29412.405246019363, "delta": 23.503214597702026}, "costs": {"total_cost": 743.2828092348573, "time_cost": 150, "final_distance_cost": 52.94933622500653, "oscillation_cost": 10.127704340688235, "completition_cost": 444.4444444444444, "overshoot_cost": 50.521019277657516, "power_cost": 20.275890502929688, "noise_cost": 14.964414444130952, "n_waypoints_completed": 5, "tot_waypoints": 9}}
{"target": -185.97331632811193, "params": {"k_pid_pos": [1.1234821411985239, 0.0, 0.14450613135841073], "k_pid_alt": [1.1665981953661257, 0.0, 0.01793439750596583], "k_pid_att": [14.962341090772517, 0.24086069806471647, 0.7148303763788777], "k_pid_yaw": [0.5, 1e-06, 0.1], "k_pid_hsp": [0.14188056433949198, 0.003317224752430404, 0.0], "k_pid_vsp": [353.68903303371553, 44.6342420297743, 17.595889595210135]}, "datetime": {"datetime": "2025-08-21 16:55:13", "elapsed": 29429.52112698555, "delta": 17.115880966186523}, "costs": {"total_cost": 185.97331632811193, "time_cost": 71.312, "final_distance_cost": 1.8239510214296035, "oscillation_cost": 27.33963858927394, "completition_cost": 0.0, "overshoot_cost": 51.81335823411586, "power_cost": 19.429855676269533, "noise_cost": 14.254512807022998, "n_waypoints_completed": 9, "tot_waypoints": 9}}
{"target": -172.02197572340984, "params": {"k_pid_pos": [1.1236779929682716, 0.0, 0.05194915582020508], "k_pid_alt": [1.1282811767313017, 0.0, 0.002523320894074239], "k_pid_att": [14.741014109127097, 0.0001, 0.6426242979655082], "k_pid_yaw": [0.5, 1e-06, 0.1], "k_pid_hsp": [0.1313429944137308, 0.00298229378251945, 0.0], "k_pid_vsp": [400.0, 34.291163065083225, 14.02408032794275]}, "datetime": {"datetime": "2025-08-21 16:55:28", "elapsed": 29445.354784965515, "delta": 15.83365797996521}, "costs": {"total_cost": 172.02197572340984, "time_cost": 70.816, "final_distance_cost": 1.8000171760477808, "oscillation_cost": 28.418370012842, "completition_cost": 0.0, "overshoot_cost": 51.73040175297589, "power_cost": 9.987247680664064, "noise_cost": 9.269939100880098, "n_waypoints_completed": 9, "tot_waypoints": 9}}
{"target": -187.06865953119836, "params": {"k_pid_pos": [1.749494142083881, 0.00011704876141470965, 0.1611997483287766], "k_pid_alt": [1.038704602630369, 0.0, 0.0154762751192665], "k_pid_att": [15.397065551186502, 0.0001, 0.6007803150558235], "k_pid_yaw": [0.5, 1e-06, 0.1], "k_pid_hsp": [0.23264509363549618, 0.0023152168330227013, 0.0], "k_pid_vsp": [397.17845201351867, 25.243295031028275, 14.12697297471842]}, "datetime": {"datetime": "2025-08-21 16:55:46", "elapsed": 29462.88545703888, "delta": 17.530672073364258}, "costs": {"total_cost": 187.06865953119836, "time_cost": 70.976, "final_distance_cost": 1.7490872506114583, "oscillation_cost": 31.200084997358573, "completition_cost": 0.0, "overshoot_cost": 51.41518833985577, "power_cost": 18.175113793945314, "noise_cost": 13.553185149427257, "n_waypoints_completed": 9, "tot_waypoints": 9}}
{"target": -173.4471125592255, "params": {"k_pid_pos": [1.1245018990609232, 0.0, 0.10890176997220707], "k_pid_alt": [1.0819345948799781, 0.0, 0.014596983204895763], "k_pid_att": [15.326824828892292, 0.0001, 0.6254111004784091], "k_pid_yaw": [0.5, 1e-06, 0.1], "k_pid_hsp": [0.12798386776637083, 0.0036028844732588217, 0.0], "k_pid_vsp": [392.94805026473466, 85.13228826789393, 15.823733596123736]}, "datetime": {"datetime": "2025-08-21 16:56:02", "elapsed": 29478.797598838806, "delta": 15.912141799926758}, "costs": {"total_cost": 173.4471125592255, "time_cost": 69.984, "final_distance_cost": 1.815684915968665, "oscillation_cost": 28.192638047173297, "completition_cost": 0.0, "overshoot_cost": 50.27963634360242, "power_cost": 12.785421362304689, "noise_cost": 10.389731890176453, "n_waypoints_completed": 9, "tot_waypoints": 9}}
{"target": -184.91101295485788, "params": {"k_pid_pos": [1.127112817230778, 0.0, 0.11236197556158675], "k_pid_alt": [1.1924807784869054, 0.0, 0.014581170085036928], "k_pid_att": [15.661267482960515, 0.0014972916470103372, 0.6298133392222338], "k_pid_yaw": [0.5, 1e-06, 0.1], "k_pid_hsp": [0.5331268940239886, 0.003851746235198515, 0.0], "k_pid_vsp": [400.0, 44.442940787515916, 18.00430965117666]}, "datetime": {"datetime": "2025-08-21 16:56:19", "elapsed": 29495.84627723694, "delta": 17.048678398132324}, "costs": {"total_cost": 184.91101295485788, "time_cost": 70.0, "final_distance_cost": 1.8334800070760908, "oscillation_cost": 31.148814776771697, "completition_cost": 0.0, "overshoot_cost": 50.7311085207309, "power_cost": 17.380914794921875, "noise_cost": 13.81669485535733, "n_waypoints_completed": 9, "tot_waypoints": 9}}
{"target": -175.03054615270162, "params": {"k_pid_pos": [1.196568938204632, 0.0, 0.17539686944505106], "k_pid_alt": [0.9714818890512693, 0.0, 0.01449130453739436], "k_pid_att": [15.7459381941414, 0.0001, 0.6250209424310115], "k_pid_yaw": [0.5, 1e-06, 0.1], "k_pid_hsp": [0.12058293678295182, 0.0028616285060238267, 0.0], "k_pid_vsp": [395.9264922590318, 33.16345856643601, 3.0552807348396973]}, "datetime": {"datetime": "2025-08-21 16:56:39", "elapsed": 29515.696442604065, "delta": 19.850165367126465}, "costs": {"total_cost": 175.03054615270162, "time_cost": 71.264, "final_distance_cost": 1.8114865092505323, "oscillation_cost": 27.831960390137212, "completition_cost": 0.0, "overshoot_cost": 51.12778129975706, "power_cost": 11.881046606445313, "noise_cost": 11.114271347111483, "n_waypoints_completed": 9, "tot_waypoints": 9}}
{"target": -183.03000880706043, "params": {"k_pid_pos": [1.2080537914039038, 0.0, 0.13600512193786501], "k_pid_alt": [1.1849433645533856, 0.0, 0.01657468157603124], "k_pid_att": [18.921096889702483, 0.0001, 0.5876289317143035], "k_pid_yaw": [0.5, 1e-06, 0.1], "k_pid_hsp": [0.25452997245069914, 0.0018460873591373311, 0.0], "k_pid_vsp": [400.0, 25.17915124617879, 18.699231351270154]}, "datetime": {"datetime": "2025-08-21 16:56:58", "elapsed": 29534.95679974556, "delta": 19.26035714149475}, "costs": {"total_cost": 183.03000880706043, "time_cost": 71.072, "final_distance_cost": 1.816094003542691, "oscillation_cost": 29.114415538818722, "completition_cost": 0.0, "overshoot_cost": 51.35248543699059, "power_cost": 16.79646903076172, "noise_cost": 12.878544796946706, "n_waypoints_completed": 9, "tot_waypoints": 9}}
{"target": -184.97133767581096, "params": {"k_pid_pos": [1.2728308675982698, 0.0, 0.13279175430305107], "k_pid_alt": [1.2033441163577063, 0.0, 0.008623332088565019], "k_pid_att": [16.844639812748486, 0.0001, 0.5437979358824903], "k_pid_yaw": [0.5, 1e-06, 0.1], "k_pid_hsp": [0.13263028277995975, 0.0021145859569443636, 0.0], "k_pid_vsp": [400.0, 27.486339194718134, 17.19543126432822]}, "datetime": {"datetime": "2025-08-21 16:57:16", "elapsed": 29552.791634321213, "delta": 17.834834575653076}, "costs": {"total_cost": 184.97133767581096, "time_cost": 70.296, "final_distance_cost": 1.8021100622724555, "oscillation_cost": 29.12506421318493, "completition_cost": 0.0, "overshoot_cost": 51.4958329313205, "power_cost": 18.200802990722657, "noise_cost": 14.051527478310419, "n_waypoints_completed": 9, "tot_waypoints": 9}}
{"target": -182.63733094723392, "params": {"k_pid_pos": [1.1622114732850541, 0.0, 0.13677565153750945], "k_pid_alt": [1.1356654424354704, 0.0, 0.017126776007074206], "k_pid_att": [25.631732649448388, 0.0001, 0.5644781452357912], "k_pid_yaw": [0.5, 1e-06, 0.1], "k_pid_hsp": [0.31826800483451917, 0.003523157991863773, 0.0], "k_pid_vsp": [400.0, 61.470140060236815, 14.480777099453475]}, "datetime": {"datetime": "2025-08-21 16:57:32", "elapsed": 29569.09149336815, "delta": 16.299859046936035}, "costs": {"total_cost": 182.63733094723392, "time_cost": 70.368, "final_distance_cost": 1.8332017180587687, "oscillation_cost": 30.000399082308864, "completition_cost": 0.0, "overshoot_cost": 50.672737769663485, "power_cost": 16.91645631103516, "noise_cost": 12.846536066167664, "n_waypoints_completed": 9, "tot_waypoints": 9}}
