{"target": -183.66517588757895, "params": {"k_pid_pos": [1.1240840629075564, 0.0, 0.13904239331904805], "k_pid_alt": [1.2130263012415659, 0.0, 0.015906944769364086], "k_pid_att": [15.310339223667427, 0.0001, 0.6364959653552108], "k_pid_yaw": [0.5, 1e-06, 0.1], "k_pid_hsp": [0.12771410551822793, 0.0035123041720694116, 0.0], "k_pid_vsp": [400.0, 43.8733725665541, 17.83517629578646]}, "datetime": {"datetime": "2025-08-21 18:21:44", "elapsed": 34621.33509230614, "delta": 17.021939754486084}, "costs": {"total_cost": 183.66517588757895, "time_cost": 70.32000000000001, "final_distance_cost": 1.783431831977356, "oscillation_cost": 27.638452016682777, "completition_cost": 0.0, "overshoot_cost": 50.88809004595795, "power_cost": 18.615574768066406, "noise_cost": 14.41962722489444, "n_waypoints_completed": 9, "tot_waypoints": 9}}
{"target": -172.82368517559436, "params": {"k_pid_pos": [1.1702221657307188, 0.0, 0.082225583936203], "k_pid_alt": [0.9873579696207768, 0.0, 0.0], "k_pid_att": [26.263844187607475, 0.0001, 0.7060745541320633], "k_pid_yaw": [0.5, 1e-06, 0.1], "k_pid_hsp": [0.23910586615742355, 0.0, 0.0], "k_pid_vsp": [400.0, 45.709542591216746, 27.10894888721902]}, "datetime": {"datetime": "2025-08-21 18:22:02", "elapsed": 34638.8416287899, "delta": 17.50653648376465}, "costs": {"total_cost": 172.82368517559436, "time_cost": 70.496, "final_distance_cost": 1.8305663129524306, "oscillation_cost": 29.745571728700295, "completition_cost": 0.0, "overshoot_cost": 51.19933373621993, "power_cost": 10.38460321044922, "noise_cost": 9.167610187272485, "n_waypoints_completed": 9, "tot_waypoints": 9}}
{"target": -172.58805472970255, "params": {"k_pid_pos": [1.1327654022909357, 0.0, 0.1383490684890128], "k_pid_alt": [1.1517839075459522, 0.0, 0.009570299459175811], "k_pid_att": [26.11524705132267, 0.0001, 0.6460461282418618], "k_pid_yaw": [0.5, 1e-06, 0.1], "k_pid_hsp": [0.3698760508202422, 0.0034518980651029765, 0.0], "k_pid_vsp": [400.0, 36.01966941352201, 17.1413043083744]}, "datetime": {"datetime": "2025-08-21 18:22:18", "elapsed": 34654.984211206436, "delta": 16.142582416534424}, "costs": {"total_cost": 172.58805472970255, "time_cost": 70.208, "final_distance_cost": 1.846067195143328, "oscillation_cost": 30.59320609817347, "completition_cost": 0.0, "overshoot_cost": 50.49905211251661, "power_cost": 10.34582215576172, "noise_cost": 9.09590716810743, "n_waypoints_completed": 9, "tot_waypoints": 9}}
{"target": -174.20697383950665, "params": {"k_pid_pos": [1.1207665287825632, 0.0, 0.12537806279668698], "k_pid_alt": [1.232922941079962, 0.0, 0.01623657897378915], "k_pid_att": [14.583940285037615, 0.0001, 0.7236458582400305], "k_pid_yaw": [0.5, 1e-06, 0.1], "k_pid_hsp": [0.1793836186776931, 0.0015767097774923508, 0.0], "k_pid_vsp": [399.5038692335626, 31.896123620719724, 17.82017407102514]}, "datetime": {"datetime": "2025-08-21 18:22:37", "elapsed": 34673.75131225586, "delta": 18.767101049423218}, "costs": {"total_cost": 174.20697383950665, "time_cost": 70.496, "final_distance_cost": 1.8122757847490742, "oscillation_cost": 28.074671458537804, "completition_cost": 0.0, "overshoot_cost": 51.413275415664565, "power_cost": 12.238317211914064, "noise_cost": 10.172433968641144, "n_waypoints_completed": 9, "tot_waypoints": 9}}
{"target": -196.92469651651055, "params": {"k_pid_pos": [1.3178236309599958, 0.0, 0.13851523551520603], "k_pid_alt": [1.2569998876250164, 0.0, 0.012910299982581436], "k_pid_att": [19.76087820422974, 0.0001, 0.8265792809577766], "k_pid_yaw": [0.5, 1e-06, 0.1], "k_pid_hsp": [0.28861439560046664, 0.005126598319354781, 0.0], "k_pid_vsp": [400.0, 42.6888118961232, 21.158004784533297]}, "datetime": {"datetime": "2025-08-21 18:22:53", "elapsed": 34690.27547764778, "delta": 16.524165391921997}, "costs": {"total_cost": 196.92469651651055, "time_cost": 72.256, "final_distance_cost": 1.803231341683313, "oscillation_cost": 31.166055645998775, "completition_cost": 0.0, "overshoot_cost": 52.81764544797232, "power_cost": 22.356970166015625, "noise_cost": 16.5247939148405, "n_waypoints_completed": 9, "tot_waypoints": 9}}
{"target": -175.7833528332941, "params": {"k_pid_pos": [1.1282428141877676, 0.03359141986801767, 0.13969499820282166], "k_pid_alt": [1.1868637467903445, 0.0, 0.016840567090148417], "k_pid_att": [16.98428278387294, 0.03234279830764253, 0.6478681466619748], "k_pid_yaw": [0.5, 1e-06, 0.1], "k_pid_hsp": [0.14879573412814034, 0.0033669417190765774, 0.0], "k_pid_vsp": [378.80611845412164, 43.39559568904181, 17.31361435880627]}, "datetime": {"datetime": "2025-08-21 18:23:11", "elapsed": 34708.23278927803, "delta": 17.957311630249023}, "costs": {"total_cost": 175.7833528332941, "time_cost": 69.88, "final_distance_cost": 1.8154072627412718, "oscillation_cost": 28.45474368412754, "completition_cost": 0.0, "overshoot_cost": 50.27444502304533, "power_cost": 13.809894470214845, "noise_cost": 11.548862393165093, "n_waypoints_completed": 9, "tot_waypoints": 9}}
{"target": -172.44180018726394, "params": {"k_pid_pos": [1.398174454025114, 0.0, 0.06115879494449217], "k_pid_alt": [1.3107741828754198, 0.0, 0.0], "k_pid_att": [17.573414433022908, 0.0001, 0.6389008349587493], "k_pid_yaw": [0.5, 1e-06, 0.1], "k_pid_hsp": [0.1266402933670792, 0.0031928999586115347, 0.0], "k_pid_vsp": [400.0, 24.836720714023972, 16.16762438174196]}, "datetime": {"datetime": "2025-08-21 18:23:28", "elapsed": 34724.49708485603, "delta": 16.26429557800293}, "costs": {"total_cost": 172.44180018726394, "time_cost": 70.296, "final_distance_cost": 1.7783021933636267, "oscillation_cost": 30.523285943521024, "completition_cost": 0.0, "overshoot_cost": 51.41359978769356, "power_cost": 9.56778328857422, "noise_cost": 8.862828974111494, "n_waypoints_completed": 9, "tot_waypoints": 9}}
{"target": -191.12680475996152, "params": {"k_pid_pos": [1.0604200397398647, 3.139765427547903e-05, 0.15574376432270953], "k_pid_alt": [1.0445518320111777, 0.0, 0.007509029185654969], "k_pid_att": [16.606464297108847, 0.0001, 0.628275250206193], "k_pid_yaw": [0.5, 1e-06, 0.1], "k_pid_hsp": [0.13857297513933664, 0.0049004530588539165, 0.0], "k_pid_vsp": [396.54774121933525, 15.270078038014626, 20.188009309181545]}, "datetime": {"datetime": "2025-08-21 18:23:45", "elapsed": 34741.96775007248, "delta": 17.470665216445923}, "costs": {"total_cost": 191.12680475996152, "time_cost": 71.208, "final_distance_cost": 1.8290395026797837, "oscillation_cost": 27.539305175680056, "completition_cost": 0.0, "overshoot_cost": 51.62695608189004, "power_cost": 22.662798376464846, "noise_cost": 16.260705623246803, "n_waypoints_completed": 9, "tot_waypoints": 9}}
{"target": -173.64534379555715, "params": {"k_pid_pos": [1.124986024050622, 0.0, 0.15473588191805346], "k_pid_alt": [1.1725437854912033, 0.0, 0.010453498888028882], "k_pid_att": [15.290406758155832, 0.0001, 0.6488707575289601], "k_pid_yaw": [0.5, 1e-06, 0.1], "k_pid_hsp": [0.1350335375143291, 0.0035316052316044606, 0.0], "k_pid_vsp": [395.0459276361898, 28.371703877211086, 15.69660708368707]}, "datetime": {"datetime": "2025-08-21 18:24:02", "elapsed": 34759.0047314167, "delta": 17.036981344223022}, "costs": {"total_cost": 173.64534379555715, "time_cost": 71.12, "final_distance_cost": 1.8025704095298, "oscillation_cost": 27.569128617271332, "completition_cost": 0.0, "overshoot_cost": 51.86174321066291, "power_cost": 11.15404091796875, "noise_cost": 10.137860640124366, "n_waypoints_completed": 9, "tot_waypoints": 9}}
{"target": -177.10416591931676, "params": {"k_pid_pos": [1.1217925239028228, 0.0, 0.07984514866628695], "k_pid_alt": [2.0, 0.0, 0.015647316753541345], "k_pid_att": [15.414672679428177, 0.0045900652384551635, 0.6313930933036824], "k_pid_yaw": [0.5, 1e-06, 0.1], "k_pid_hsp": [0.3072139802795584, 0.002551206044382646, 0.0], "k_pid_vsp": [400.0, 44.28090202953057, 19.805116985122257]}, "datetime": {"datetime": "2025-08-21 18:24:19", "elapsed": 34775.67218351364, "delta": 16.667452096939087}, "costs": {"total_cost": 177.10416591931676, "time_cost": 70.256, "final_distance_cost": 1.8266994633714444, "oscillation_cost": 29.985755984630828, "completition_cost": 0.0, "overshoot_cost": 50.71211313095225, "power_cost": 13.18845125732422, "noise_cost": 11.135146083038016, "n_waypoints_completed": 9, "tot_waypoints": 9}}
{"target": -182.2045031055864, "params": {"k_pid_pos": [1.1698468877880428, 0.0, 0.210121465992391], "k_pid_alt": [1.2830268626203296, 0.0, 0.016194371868021706], "k_pid_att": [15.637742014663628, 0.0001, 0.6278213459716336], "k_pid_yaw": [0.5, 1e-06, 0.1], "k_pid_hsp": [0.12943277453756333, 0.0024293362431247432, 0.0], "k_pid_vsp": [395.7225761984991, 19.102933059137627, 14.796364443584954]}, "datetime": {"datetime": "2025-08-21 18:24:36", "elapsed": 34793.075101614, "delta": 17.402918100357056}, "costs": {"total_cost": 182.2045031055864, "time_cost": 70.84, "final_distance_cost": 1.815343898657916, "oscillation_cost": 27.328543292397743, "completition_cost": 0.0, "overshoot_cost": 51.177846746228695, "power_cost": 17.847223962402346, "noise_cost": 13.195545205899709, "n_waypoints_completed": 9, "tot_waypoints": 9}}
{"target": -170.03867083601656, "params": {"k_pid_pos": [1.3196588276504, 0.0, 0.1306569570447358], "k_pid_alt": [1.1842478905317655, 0.0, 0.010235529167797484], "k_pid_att": [14.217810899110432, 0.0001, 0.6262339076074289], "k_pid_yaw": [0.5, 1e-06, 0.1], "k_pid_hsp": [0.14008344731817704, 0.0036904709644747023, 0.0], "k_pid_vsp": [400.0, 24.713001547621865, 17.83200396179828]}, "datetime": {"datetime": "2025-08-21 18:24:52", "elapsed": 34809.18851518631, "delta": 16.1134135723114}, "costs": {"total_cost": 170.03867083601656, "time_cost": 70.848, "final_distance_cost": 1.7799744589292352, "oscillation_cost": 29.202040774319403, "completition_cost": 0.0, "overshoot_cost": 51.195767831383414, "power_cost": 8.356173474121094, "noise_cost": 8.656714297263429, "n_waypoints_completed": 9, "tot_waypoints": 9}}
{"target": -188.20771299440676, "params": {"k_pid_pos": [1.122576049333508, 0.0, 0.13446999430099377], "k_pid_alt": [1.1721426335966625, 0.0, 0.010578176957322065], "k_pid_att": [16.75857480000218, 0.0001, 0.3850924311680439], "k_pid_yaw": [0.5, 1e-06, 0.1], "k_pid_hsp": [0.13899849346001392, 0.0009423835934796454, 0.0], "k_pid_vsp": [400.0, 22.612834134656694, 17.85295701026776]}, "datetime": {"datetime": "2025-08-21 18:25:10", "elapsed": 34827.1161198616, "delta": 17.92760467529297}, "costs": {"total_cost": 188.20771299440676, "time_cost": 71.06400000000001, "final_distance_cost": 1.7856356567210026, "oscillation_cost": 28.006465728261997, "completition_cost": 0.0, "overshoot_cost": 51.28761696131298, "power_cost": 20.73159987792969, "noise_cost": 15.332394770181084, "n_waypoints_completed": 9, "tot_waypoints": 9}}
{"target": -173.0472938534368, "params": {"k_pid_pos": [1.1226151297006792, 0.0, 0.13884266934455028], "k_pid_alt": [1.1938959856921223, 0.0, 0.01590058867644315], "k_pid_att": [12.73301241169779, 0.0001, 0.6275438045396322], "k_pid_yaw": [0.5, 1e-06, 0.1], "k_pid_hsp": [0.3266039589131765, 0.003378446655457489, 0.0], "k_pid_vsp": [400.0, 36.976747978316354, 21.7724160705023]}, "datetime": {"datetime": "2025-08-21 18:25:26", "elapsed": 34843.28534245491, "delta": 16.169222593307495}, "costs": {"total_cost": 173.0472938534368, "time_cost": 70.224, "final_distance_cost": 1.8441634365937483, "oscillation_cost": 30.012444056453162, "completition_cost": 0.0, "overshoot_cost": 50.81980788104761, "power_cost": 10.820195544433595, "noise_cost": 9.326682934908678, "n_waypoints_completed": 9, "tot_waypoints": 9}}
{"target": -178.47359408771484, "params": {"k_pid_pos": [1.1252288094484728, 0.0, 0.1357199446721153], "k_pid_alt": [1.0470126140235112, 0.0, 0.014373919242720041], "k_pid_att": [10.160232588585078, 0.0001, 0.6251749411158227], "k_pid_yaw": [0.5, 1e-06, 0.1], "k_pid_hsp": [0.15030898408420518, 0.0033453662777489243, 0.0], "k_pid_vsp": [400.0, 45.609489545161324, 14.748190205058345]}, "datetime": {"datetime": "2025-08-21 18:25:44", "elapsed": 34861.380870342255, "delta": 18.09552788734436}, "costs": {"total_cost": 178.47359408771484, "time_cost": 71.736, "final_distance_cost": 1.8126304137058926, "oscillation_cost": 27.5891702981184, "completition_cost": 0.0, "overshoot_cost": 52.706678027830186, "power_cost": 13.110321777343751, "noise_cost": 11.518793570716618, "n_waypoints_completed": 9, "tot_waypoints": 9}}
{"target": -172.51190124768763, "params": {"k_pid_pos": [1.1177266763587614, 0.0, 0.13973345491811093], "k_pid_alt": [1.2870042913901971, 0.0, 0.004804275030680099], "k_pid_att": [10.439049438891374, 0.0001, 0.6263173737194422], "k_pid_yaw": [0.5, 1e-06, 0.1], "k_pid_hsp": [0.06066186462501688, 0.002851212344324569, 0.0], "k_pid_vsp": [400.0, 36.20212316958172, 17.3752577854555]}, "datetime": {"datetime": "2025-08-21 18:26:02", "elapsed": 34878.746440410614, "delta": 17.365570068359375}, "costs": {"total_cost": 172.51190124768763, "time_cost": 75.384, "final_distance_cost": 1.7899792159407377, "oscillation_cost": 24.513634713822945, "completition_cost": 0.0, "overshoot_cost": 53.33111877222988, "power_cost": 8.626854992675781, "noise_cost": 8.866313553018294, "n_waypoints_completed": 9, "tot_waypoints": 9}}
{"target": -179.72188014994472, "params": {"k_pid_pos": [1.1234151826162733, 0.0, 0.1126747768439037], "k_pid_alt": [1.2029449469010458, 0.0, 0.008950042272234088], "k_pid_att": [15.130835844325558, 0.0001, 0.6223578204399909], "k_pid_yaw": [0.5, 1e-06, 0.1], "k_pid_hsp": [0.12715696042579053, 0.003730621597850909, 0.0], "k_pid_vsp": [400.0, 49.51048124305714, 14.333544938305197]}, "datetime": {"datetime": "2025-08-21 18:26:20", "elapsed": 34896.821125268936, "delta": 18.074684858322144}, "costs": {"total_cost": 179.72188014994472, "time_cost": 70.21600000000001, "final_distance_cost": 1.7916696577218547, "oscillation_cost": 28.05810528866865, "completition_cost": 0.0, "overshoot_cost": 50.84304602240834, "power_cost": 16.090221044921876, "noise_cost": 12.722838136224011, "n_waypoints_completed": 9, "tot_waypoints": 9}}
{"target": -181.73474600367476, "params": {"k_pid_pos": [1.1217980245914467, 0.0, 0.13078650320792257], "k_pid_alt": [1.1484379006771803, 0.0, 0.014957508521852953], "k_pid_att": [18.774110045353076, 0.0001, 0.6118700260996561], "k_pid_yaw": [0.5, 1e-06, 0.1], "k_pid_hsp": [0.11738727967770078, 0.0029025723532982318, 0.0], "k_pid_vsp": [400.0, 29.390902390088513, 18.782122015221116]}, "datetime": {"datetime": "2025-08-21 18:26:37", "elapsed": 34913.77545714378, "delta": 16.954331874847412}, "costs": {"total_cost": 181.73474600367476, "time_cost": 71.312, "final_distance_cost": 1.78629465352849, "oscillation_cost": 27.446152259305645, "completition_cost": 0.0, "overshoot_cost": 51.550280186792754, "power_cost": 16.652728125, "noise_cost": 12.987290779047875, "n_waypoints_completed": 9, "tot_waypoints": 9}}
{"target": -188.64954607865772, "params": {"k_pid_pos": [1.1496917152223949, 0.0, 0.13481932886436232], "k_pid_alt": [0.7982924198024463, 0.0, 0.010441519982273693], "k_pid_att": [21.653399453799196, 0.0001, 0.27079933581250426], "k_pid_yaw": [0.5, 1e-06, 0.1], "k_pid_hsp": [0.09744078506933963, 0.018301896850475334, 0.0], "k_pid_vsp": [399.5395967789579, 23.27634240405917, 13.39128768049624]}, "datetime": {"datetime": "2025-08-21 18:26:54", "elapsed": 34931.17881178856, "delta": 17.40335464477539}, "costs": {"total_cost": 188.64954607865772, "time_cost": 72.936, "final_distance_cost": 1.8165429314302535, "oscillation_cost": 30.074861177063006, "completition_cost": 0.0, "overshoot_cost": 51.56834308323694, "power_cost": 18.617333898925782, "noise_cost": 13.636464988001746, "n_waypoints_completed": 9, "tot_waypoints": 9}}
{"target": -185.01958994824176, "params": {"k_pid_pos": [1.1881950395712315, 0.0, 0.1357585316291494], "k_pid_alt": [0.8925410329118822, 0.0, 0.014027360430623042], "k_pid_att": [16.71325865407813, 0.0001, 0.5911643259778376], "k_pid_yaw": [0.5, 1e-06, 0.1], "k_pid_hsp": [0.5147978903409647, 0.0022215554054122156, 0.0], "k_pid_vsp": [399.5729201405357, 55.25754161312341, 33.051561204273874]}, "datetime": {"datetime": "2025-08-21 18:27:12", "elapsed": 34948.48239612579, "delta": 17.303584337234497}, "costs": {"total_cost": 185.01958994824176, "time_cost": 70.872, "final_distance_cost": 1.8292215527356739, "oscillation_cost": 30.581633445314363, "completition_cost": 0.0, "overshoot_cost": 50.973127003245764, "power_cost": 17.31854578857422, "noise_cost": 13.445062158371718, "n_waypoints_completed": 9, "tot_waypoints": 9}}
{"target": -185.3088986914769, "params": {"k_pid_pos": [1.1260523351989207, 0.0, 0.13692445250481763], "k_pid_alt": [0.927977917039691, 0.0, 0.007602100751344388], "k_pid_att": [16.00733757367061, 0.0001, 0.6463401041033741], "k_pid_yaw": [0.5, 1e-06, 0.1], "k_pid_hsp": [0.12803007950387807, 0.004070773270265299, 0.0], "k_pid_vsp": [396.8794113201232, 38.112373160039894, 16.97053890141905]}, "datetime": {"datetime": "2025-08-21 18:27:28", "elapsed": 34964.809432029724, "delta": 16.327035903930664}, "costs": {"total_cost": 185.3088986914769, "time_cost": 71.528, "final_distance_cost": 1.800539492265247, "oscillation_cost": 27.798548791365903, "completition_cost": 0.0, "overshoot_cost": 50.957946121821436, "power_cost": 19.12153087158203, "noise_cost": 14.10233341444232, "n_waypoints_completed": 9, "tot_waypoints": 9}}
{"target": -170.04309138905762, "params": {"k_pid_pos": [1.1187200070513534, 0.0, 0.15674831796576802], "k_pid_alt": [1.1349507633418072, 0.0, 0.0076141294772356025], "k_pid_att": [14.196301763344811, 0.0001, 0.6331341230642988], "k_pid_yaw": [0.5, 1e-06, 0.1], "k_pid_hsp": [0.12798918593763609, 0.0038485733115535188, 0.0], "k_pid_vsp": [395.85290982235085, 45.622856118726425, 18.019304058404504]}, "datetime": {"datetime": "2025-08-21 18:27:46", "elapsed": 34982.880581617355, "delta": 18.071149587631226}, "costs": {"total_cost": 170.04309138905762, "time_cost": 70.21600000000001, "final_distance_cost": 1.7994773747654351, "oscillation_cost": 27.718174833922042, "completition_cost": 0.0, "overshoot_cost": 51.10700595164206, "power_cost": 10.289973583984375, "noise_cost": 8.912459644743706, "n_waypoints_completed": 9, "tot_waypoints": 9}}
{"target": -180.73569890935656, "params": {"k_pid_pos": [1.1463337997628704, 0.0, 0.3108817995693103], "k_pid_alt": [1.3710479652020244, 0.0, 0.006139985918883935], "k_pid_att": [24.121511585471318, 0.0001, 0.6681927483258494], "k_pid_yaw": [0.5, 1e-06, 0.1], "k_pid_hsp": [0.3431778987169698, 0.002759873697662952, 0.0], "k_pid_vsp": [396.5276379126692, 39.917091614355144, 23.010830284421623]}, "datetime": {"datetime": "2025-08-21 18:28:02", "elapsed": 34999.23273682594, "delta": 16.352155208587646}, "costs": {"total_cost": 180.73569890935656, "time_cost": 71.072, "final_distance_cost": 1.8504650897137267, "oscillation_cost": 29.087949518331854, "completition_cost": 0.0, "overshoot_cost": 50.578991590685064, "power_cost": 15.970964489746095, "noise_cost": 12.175328220879845, "n_waypoints_completed": 9, "tot_waypoints": 9}}
{"target": -177.3980906734684, "params": {"k_pid_pos": [1.123864934452948, 0.0, 0.21269592780644425], "k_pid_alt": [1.1818865690098916, 0.0, 0.013451505106215907], "k_pid_att": [24.91958007172849, 0.0001, 0.6288271324495277], "k_pid_yaw": [0.5, 1e-06, 0.1], "k_pid_hsp": [0.15953765583414556, 0.0026948469866553654, 0.0], "k_pid_vsp": [400.0, 47.3096352919904, 16.669586276359677]}, "datetime": {"datetime": "2025-08-21 18:28:21", "elapsed": 35017.808158397675, "delta": 18.575421571731567}, "costs": {"total_cost": 177.3980906734684, "time_cost": 70.47200000000001, "final_distance_cost": 1.8168721273151927, "oscillation_cost": 28.654666727555316, "completition_cost": 0.0, "overshoot_cost": 50.95781931616046, "power_cost": 13.882009973144532, "noise_cost": 11.614722529292889, "n_waypoints_completed": 9, "tot_waypoints": 9}}
{"target": -1250.229587187924, "params": {"k_pid_pos": [1.139247444663974, 0.0, 0.11164190029084796], "k_pid_alt": [1.1937478673778978, 0.0, 0.0031845594212321147], "k_pid_att": [12.998858834529678, 0.0001, 0.626465788825507], "k_pid_yaw": [0.5, 1e-06, 0.1], "k_pid_hsp": [0.0001, 0.004905510509523739, 0.0], "k_pid_vsp": [399.85978198885545, 44.73704745124758, 50.47850127862145]}, "datetime": {"datetime": "2025-08-21 18:28:44", "elapsed": 35041.25100660324, "delta": 23.442848205566406}, "costs": {"total_cost": 1250.229587187924, "time_cost": 150, "final_distance_cost": 61.87760594923693, "oscillation_cost": 0.9847660410705036, "completition_cost": 888.8888888888888, "overshoot_cost": 94.88296682480535, "power_cost": 32.01922928466797, "noise_cost": 21.5761301992543, "n_waypoints_completed": 1, "tot_waypoints": 9}}
{"target": -181.1589312521243, "params": {"k_pid_pos": [1.1173769341302497, 0.0, 0.13679602590703496], "k_pid_alt": [1.2068406588363259, 0.0, 0.014342415543189388], "k_pid_att": [18.08322586124533, 0.0001, 0.6368673432321482], "k_pid_yaw": [0.5, 1e-06, 0.1], "k_pid_hsp": [0.09110756580209578, 0.0033894403613889306, 0.0], "k_pid_vsp": [400.0, 43.7910194142195, 17.84059859824917]}, "datetime": {"datetime": "2025-08-21 18:29:02", "elapsed": 35059.076164245605, "delta": 17.825157642364502}, "costs": {"total_cost": 181.1589312521243, "time_cost": 71.28, "final_distance_cost": 1.7842662017578432, "oscillation_cost": 26.62825054055406, "completition_cost": 0.0, "overshoot_cost": 51.58095585440583, "power_cost": 16.75782144775391, "noise_cost": 13.12763720765263, "n_waypoints_completed": 9, "tot_waypoints": 9}}
