{"target": -183.28313962580324, "params": {"k_pid_pos": [1.2058622900257452, 0.0, 0.1198210813069678], "k_pid_alt": [1.076799088993331, 0.0, 0.0], "k_pid_att": [50.03278161797916, 0.0001, 0.9510810020177753], "k_pid_yaw": [0.5, 1e-06, 0.1], "k_pid_hsp": [0.7662294545122523, 0.008782614424614373, 0.0], "k_pid_vsp": [400.0, 38.94252763603277, 12.427086822984101]}, "datetime": {"datetime": "2025-08-21 11:13:27", "elapsed": 8924.273009300232, "delta": 16.216761827468872}, "costs": {"total_cost": 183.28313962580324, "time_cost": 70.24, "final_distance_cost": 1.8475952254108, "oscillation_cost": 35.351508032042815, "completition_cost": 0.0, "overshoot_cost": 50.44495662864713, "power_cost": 13.946007812500001, "noise_cost": 11.453071927202492, "n_waypoints_completed": 9, "tot_waypoints": 9}}
{"target": -184.9009580458689, "params": {"k_pid_pos": [1.1886428111231382, 0.0, 0.22104119253524646], "k_pid_alt": [0.5537407897007331, 0.0, 0.0], "k_pid_att": [16.016854726571214, 0.0001, 0.6799246887948265], "k_pid_yaw": [0.5, 1e-06, 0.1], "k_pid_hsp": [0.7282381031281109, 0.0017064158520794272, 0.0], "k_pid_vsp": [364.12350773051696, 18.400679241262043, 12.444288891768121]}, "datetime": {"datetime": "2025-08-21 11:13:45", "elapsed": 8941.624846458435, "delta": 17.351837158203125}, "costs": {"total_cost": 184.9009580458689, "time_cost": 75.568, "final_distance_cost": 1.8466369094080932, "oscillation_cost": 32.31296097799203, "completition_cost": 0.0, "overshoot_cost": 51.06752523027536, "power_cost": 13.28158055419922, "noise_cost": 10.824254373994206, "n_waypoints_completed": 9, "tot_waypoints": 9}}
{"target": -176.71144581024808, "params": {"k_pid_pos": [1.2521593197008039, 0.0, 0.3810859841453998], "k_pid_alt": [1.5564826135209129, 0.0, 0.0], "k_pid_att": [22.81675884599364, 0.0001, 0.6304532903465758], "k_pid_yaw": [0.5, 1e-06, 0.1], "k_pid_hsp": [0.8841096765511133, 0.0, 0.0], "k_pid_vsp": [400.0, 7.740095573868338, 33.60164189660938]}, "datetime": {"datetime": "2025-08-21 11:14:01", "elapsed": 8957.852259397507, "delta": 16.227412939071655}, "costs": {"total_cost": 176.71144581024808, "time_cost": 70.648, "final_distance_cost": 1.8412970533269648, "oscillation_cost": 31.995543551696738, "completition_cost": 0.0, "overshoot_cost": 51.040482898430525, "power_cost": 10.742610803222657, "noise_cost": 10.443511503571225, "n_waypoints_completed": 9, "tot_waypoints": 9}}
{"target": -186.73451192307564, "params": {"k_pid_pos": [0.957520351034622, 0.0, 0.1772859643496852], "k_pid_alt": [0.8547598006674211, 0.0, 0.0], "k_pid_att": [17.623475962195123, 0.0001, 0.42426076108695243], "k_pid_yaw": [0.5, 1e-06, 0.1], "k_pid_hsp": [0.7117340575985656, 0.0, 0.0], "k_pid_vsp": [400.0, 34.18524812495572, 29.208814882639494]}, "datetime": {"datetime": "2025-08-21 11:14:17", "elapsed": 8974.398662567139, "delta": 16.546403169631958}, "costs": {"total_cost": 186.73451192307564, "time_cost": 73.072, "final_distance_cost": 1.8534902585492286, "oscillation_cost": 30.122852639515013, "completition_cost": 0.0, "overshoot_cost": 51.08638774102083, "power_cost": 17.36929938964844, "noise_cost": 13.230481894342109, "n_waypoints_completed": 9, "tot_waypoints": 9}}
{"target": -5937.995186737525, "params": {"k_pid_pos": [1.2917876176682046, 0.0, 0.3380419820185093], "k_pid_alt": [1.2633482059884078, 0.0, 0.0], "k_pid_att": [0.0, 0.0001, 0.8204717660872374], "k_pid_yaw": [0.5, 1e-06, 0.1], "k_pid_hsp": [1.20112980185954, 0.0, 0.0], "k_pid_vsp": [400.0, 17.357240705947945, 29.77283736069901]}, "datetime": {"datetime": "2025-08-21 11:14:41", "elapsed": 8997.795124292374, "delta": 23.396461725234985}, "costs": {"total_cost": 5937.995186737525, "time_cost": 150, "final_distance_cost": 1704.293063582144, "oscillation_cost": 1.3786283512968251, "completition_cost": 1000.0, "overshoot_cost": 3023.3782811586843, "power_cost": 35.752701660156255, "noise_cost": 23.192511985242955, "n_waypoints_completed": 0, "tot_waypoints": 9}}
{"target": -889.668945959997, "params": {"k_pid_pos": [1.2973852694363956, 0.0, 0.2383697721604543], "k_pid_alt": [0.7590509536880186, 0.03612285915241471, 0.020856094864902777], "k_pid_att": [0.0, 0.0001, 0.4981937170451831], "k_pid_yaw": [0.5, 1e-06, 0.1], "k_pid_hsp": [0.40097409790701977, 0.0, 0.0], "k_pid_vsp": [400.0, 21.36241139032087, 1e-06]}, "datetime": {"datetime": "2025-08-21 11:15:04", "elapsed": 9020.886353731155, "delta": 23.09122943878174}, "costs": {"total_cost": 889.668945959997, "time_cost": 150, "final_distance_cost": 53.409004224174815, "oscillation_cost": 4.8559100538890485, "completition_cost": 555.5555555555555, "overshoot_cost": 99.402514524966, "power_cost": 13.726806311035157, "noise_cost": 12.719155290376452, "n_waypoints_completed": 4, "tot_waypoints": 9}}
{"target": -192.9012351865892, "params": {"k_pid_pos": [1.2026806556030685, 0.0, 0.2485013423498006], "k_pid_alt": [0.9302111665093168, 0.0, 0.002662075531108514], "k_pid_att": [7.798479618583979, 0.32701013322082007, 0.6181462556612507], "k_pid_yaw": [0.5, 1e-06, 0.1], "k_pid_hsp": [0.3744647864692572, 0.0, 0.0], "k_pid_vsp": [400.0, 0.1452181631240137, 11.440024424357478]}, "datetime": {"datetime": "2025-08-21 11:15:21", "elapsed": 9037.982132673264, "delta": 17.095778942108154}, "costs": {"total_cost": 192.9012351865892, "time_cost": 72.176, "final_distance_cost": 1.8375208150644853, "oscillation_cost": 30.97611628338087, "completition_cost": 0.0, "overshoot_cost": 51.0531536690088, "power_cost": 21.25906221923828, "noise_cost": 15.59938219989677, "n_waypoints_completed": 9, "tot_waypoints": 9}}
{"target": -1196.1523657497796, "params": {"k_pid_pos": [1.2047009576228298, 0.0, 0.16539255936381606], "k_pid_alt": [1.3780112065774004, 0.0, 0.00407839547524802], "k_pid_att": [6.419327170515118, 0.0001, 0.8943359106110711], "k_pid_yaw": [0.5, 1e-06, 0.1], "k_pid_hsp": [0.0001, 0.0, 0.0], "k_pid_vsp": [400.0, 1e-06, 1e-06]}, "datetime": {"datetime": "2025-08-21 11:15:44", "elapsed": 9060.919023275375, "delta": 22.936890602111816}, "costs": {"total_cost": 1196.1523657497796, "time_cost": 150, "final_distance_cost": 46.36309886127943, "oscillation_cost": 0.07193010475006939, "completition_cost": 888.8888888888888, "overshoot_cost": 82.25950033989707, "power_cost": 14.79025516357422, "noise_cost": 13.778692391389837, "n_waypoints_completed": 1, "tot_waypoints": 9}}
{"target": -205.79258608967862, "params": {"k_pid_pos": [0.6087231493678712, 0.0, 0.10041573098292467], "k_pid_alt": [0.8816508933247813, 0.0, 0.0], "k_pid_att": [50.47157316723804, 0.0001, 0.5134069304359814], "k_pid_yaw": [0.5, 1e-06, 0.1], "k_pid_hsp": [0.927913512125748, 0.07464965932194782, 0.0], "k_pid_vsp": [373.8538236510431, 25.71738587420188, 22.657007045483546]}, "datetime": {"datetime": "2025-08-21 11:16:03", "elapsed": 9079.883651971817, "delta": 18.96462869644165}, "costs": {"total_cost": 205.79258608967862, "time_cost": 80.936, "final_distance_cost": 1.857546436768463, "oscillation_cost": 30.647107903448873, "completition_cost": 0.0, "overshoot_cost": 51.94814045927181, "power_cost": 23.227308618164063, "noise_cost": 17.17648267202541, "n_waypoints_completed": 9, "tot_waypoints": 9}}
{"target": -186.29446143487152, "params": {"k_pid_pos": [1.3197010238004743, 0.0, 0.2390097961627673], "k_pid_alt": [0.9887594449116082, 0.0, 0.0], "k_pid_att": [3.626400031693832, 0.0001, 0.7115080562849592], "k_pid_yaw": [0.5, 1e-06, 0.1], "k_pid_hsp": [0.42392432396625845, 0.0, 0.0], "k_pid_vsp": [335.94359976193795, 1e-06, 20.90833420764539]}, "datetime": {"datetime": "2025-08-21 11:16:19", "elapsed": 9096.296569824219, "delta": 16.412917852401733}, "costs": {"total_cost": 186.29446143487152, "time_cost": 71.336, "final_distance_cost": 1.7971060561282814, "oscillation_cost": 29.362566061771325, "completition_cost": 0.0, "overshoot_cost": 51.46206801593068, "power_cost": 18.16909013671875, "noise_cost": 14.167631164322508, "n_waypoints_completed": 9, "tot_waypoints": 9}}
{"target": -1191.5382345473813, "params": {"k_pid_pos": [1.274821369067619, 0.0, 0.300533483871516], "k_pid_alt": [0.8881946017251721, 0.0, 0.0], "k_pid_att": [57.260049646273906, 0.0001, 0.9994950813211432], "k_pid_yaw": [0.5, 1e-06, 0.1], "k_pid_hsp": [0.0001, 0.0, 0.0], "k_pid_vsp": [400.0, 1e-06, 1e-06]}, "datetime": {"datetime": "2025-08-21 11:16:42", "elapsed": 9119.091873168945, "delta": 22.795303344726562}, "costs": {"total_cost": 1191.5382345473813, "time_cost": 150, "final_distance_cost": 46.414275554413365, "oscillation_cost": 1.5845185480555122, "completition_cost": 888.8888888888888, "overshoot_cost": 82.69246910678824, "power_cost": 10.410430725097656, "noise_cost": 11.547651724137719, "n_waypoints_completed": 1, "tot_waypoints": 9}}
{"target": -177.65614559828884, "params": {"k_pid_pos": [0.9662911401140589, 0.0, 0.09211621378789844], "k_pid_alt": [1.0364349116697005, 0.0, 0.0], "k_pid_att": [34.673713388340076, 0.0001, 0.5893441262189353], "k_pid_yaw": [0.5, 1e-06, 0.1], "k_pid_hsp": [0.5719018230453629, 0.018462273531387484, 0.0], "k_pid_vsp": [389.6722277267464, 27.79236088908028, 28.07219570861356]}, "datetime": {"datetime": "2025-08-21 11:16:59", "elapsed": 9135.64325594902, "delta": 16.551382780075073}, "costs": {"total_cost": 177.65614559828884, "time_cost": 70.896, "final_distance_cost": 1.8387836036614937, "oscillation_cost": 31.811065261544254, "completition_cost": 0.0, "overshoot_cost": 50.21880029241311, "power_cost": 12.73972666015625, "noise_cost": 10.151769780513744, "n_waypoints_completed": 9, "tot_waypoints": 9}}
{"target": -233.42751743743028, "params": {"k_pid_pos": [1.1991558497677983, 0.0, 0.15862102219465057], "k_pid_alt": [1.1253128841353115, 0.0, 0.0], "k_pid_att": [21.39784459765942, 0.0001, 0.7727385376345401], "k_pid_yaw": [0.5, 1e-06, 0.1], "k_pid_hsp": [0.28248337901952736, 0.0, 0.09850310587229756], "k_pid_vsp": [400.0, 27.239276399398193, 22.430630903791332]}, "datetime": {"datetime": "2025-08-21 11:17:17", "elapsed": 9153.468514442444, "delta": 17.825258493423462}, "costs": {"total_cost": 233.42751743743028, "time_cost": 77.352, "final_distance_cost": 1.8431933571365866, "oscillation_cost": 77.20462016285319, "completition_cost": 0.0, "overshoot_cost": 52.13975110268164, "power_cost": 13.176266650390625, "noise_cost": 11.711686164368215, "n_waypoints_completed": 9, "tot_waypoints": 9}}
{"target": -179.30430226936497, "params": {"k_pid_pos": [1.2402047248750236, 0.0, 0.0], "k_pid_alt": [0.9271674317602996, 0.0, 0.008136638560343735], "k_pid_att": [30.20885214452911, 0.0001, 1.0], "k_pid_yaw": [0.5, 1e-06, 0.1], "k_pid_hsp": [0.9536310896155673, 0.0, 0.0], "k_pid_vsp": [400.0, 49.86569895107655, 3.958516686020939]}, "datetime": {"datetime": "2025-08-21 11:17:33", "elapsed": 9169.535516262054, "delta": 16.067001819610596}, "costs": {"total_cost": 179.30430226936497, "time_cost": 70.456, "final_distance_cost": 1.8227777305796211, "oscillation_cost": 31.344162805971404, "completition_cost": 0.0, "overshoot_cost": 50.030624559786155, "power_cost": 13.608725390625, "noise_cost": 12.042011782402755, "n_waypoints_completed": 9, "tot_waypoints": 9}}
{"target": -195.85058682808526, "params": {"k_pid_pos": [1.2495534764290432, 0.0, 0.6767726700936854], "k_pid_alt": [1.4772240674195503, 0.0005860832521127903, 0.03528244526998721], "k_pid_att": [47.359102334615905, 0.0001, 0.5924247689935723], "k_pid_yaw": [0.5, 1e-06, 0.1], "k_pid_hsp": [1.3682680836297911, 0.0, 0.0], "k_pid_vsp": [400.0, 38.604842035236786, 20.294210058497978]}, "datetime": {"datetime": "2025-08-21 11:17:49", "elapsed": 9186.13596367836, "delta": 16.600447416305542}, "costs": {"total_cost": 195.85058682808526, "time_cost": 73.512, "final_distance_cost": 1.855377511834419, "oscillation_cost": 36.92392261449527, "completition_cost": 0.0, "overshoot_cost": 50.78165082651207, "power_cost": 18.016696594238283, "noise_cost": 14.760939281005228, "n_waypoints_completed": 9, "tot_waypoints": 9}}
{"target": -3259.6401294375296, "params": {"k_pid_pos": [1.2251125629104012, 0.1825615727544131, 0.11274558450834476], "k_pid_alt": [1.2311660387675223, 0.0, 0.0], "k_pid_att": [0.0, 0.7203193210913805, 0.2748839091086194], "k_pid_yaw": [0.5, 1e-06, 0.1], "k_pid_hsp": [1.3047601738274475, 0.0, 0.0], "k_pid_vsp": [367.28813724818906, 19.499332289467443, 0.9497825611928228]}, "datetime": {"datetime": "2025-08-21 11:18:12", "elapsed": 9209.111411333084, "delta": 22.97544765472412}, "costs": {"total_cost": 3259.6401294375296, "time_cost": 150, "final_distance_cost": 309.235380942767, "oscillation_cost": 959.73541756758, "completition_cost": 1000.0, "overshoot_cost": 706.1201639759535, "power_cost": 35.50554447021484, "noise_cost": 99.0436224810145, "n_waypoints_completed": 0, "tot_waypoints": 9}}
{"target": -1172.472917684937, "params": {"k_pid_pos": [0.8998399200014453, 0.0, 0.12373864008020781], "k_pid_alt": [0.8277922206322051, 0.0, 0.03944780570125794], "k_pid_att": [13.092399431948074, 0.0001, 1.0], "k_pid_yaw": [0.5, 1e-06, 0.1], "k_pid_hsp": [0.0001, 0.0, 0.0], "k_pid_vsp": [400.0, 55.621809149847266, 29.398062477235403]}, "datetime": {"datetime": "2025-08-21 11:18:36", "elapsed": 9232.44968175888, "delta": 23.33827042579651}, "costs": {"total_cost": 1172.472917684937, "time_cost": 150, "final_distance_cost": 45.70975375270082, "oscillation_cost": 0.41995566774888426, "completition_cost": 888.8888888888888, "overshoot_cost": 75.89007578982876, "power_cost": 4.8471151489257815, "noise_cost": 6.717128436843909, "n_waypoints_completed": 1, "tot_waypoints": 9}}
{"target": -184.12717389768034, "params": {"k_pid_pos": [1.629744314275709, 0.02932584170817188, 0.17945803185602527], "k_pid_alt": [0.8009163913990412, 0.0, 0.0], "k_pid_att": [8.514238833809399, 0.5295062441894859, 0.4685388269593608], "k_pid_yaw": [0.5, 1e-06, 0.1], "k_pid_hsp": [0.1353357476158914, 0.0, 0.0], "k_pid_vsp": [400.0, 6.069376015368579, 13.793018190186498]}, "datetime": {"datetime": "2025-08-21 11:18:52", "elapsed": 9249.212722539902, "delta": 16.763040781021118}, "costs": {"total_cost": 184.12717389768034, "time_cost": 72.632, "final_distance_cost": 1.7767026544024405, "oscillation_cost": 30.571745900099064, "completition_cost": 0.0, "overshoot_cost": 51.72740040758402, "power_cost": 15.258824841308595, "noise_cost": 12.160500094286197, "n_waypoints_completed": 9, "tot_waypoints": 9}}
{"target": -191.01111258585547, "params": {"k_pid_pos": [1.3107189869971838, 0.0, 0.08498541430728511], "k_pid_alt": [1.1160562101727314, 0.00048145481294907457, 0.0031360622231244644], "k_pid_att": [29.721679497156693, 0.0001, 0.2868544873999075], "k_pid_yaw": [0.5, 1e-06, 0.1], "k_pid_hsp": [0.32760935665785423, 0.06773541069369143, 0.0], "k_pid_vsp": [385.71254299971133, 15.298810775530402, 72.74695452071417]}, "datetime": {"datetime": "2025-08-21 11:19:09", "elapsed": 9265.86788058281, "delta": 16.655158042907715}, "costs": {"total_cost": 191.01111258585547, "time_cost": 72.072, "final_distance_cost": 1.8178670592295743, "oscillation_cost": 33.00922195814715, "completition_cost": 0.0, "overshoot_cost": 52.060204581366186, "power_cost": 18.6729498046875, "noise_cost": 13.37886918242507, "n_waypoints_completed": 9, "tot_waypoints": 9}}
{"target": -185.38222562437863, "params": {"k_pid_pos": [1.2242779925647578, 0.0, 0.16750043623885014], "k_pid_alt": [0.5329685491769547, 0.0, 0.004199515266585548], "k_pid_att": [19.928604083288207, 0.018430858178877865, 0.5018159837015319], "k_pid_yaw": [0.5, 1e-06, 0.1], "k_pid_hsp": [0.7855643753743824, 0.0, 0.0], "k_pid_vsp": [400.0, 14.609970310991402, 31.064674880314357]}, "datetime": {"datetime": "2025-08-21 11:19:26", "elapsed": 9282.968213319778, "delta": 17.100332736968994}, "costs": {"total_cost": 185.38222562437863, "time_cost": 74.464, "final_distance_cost": 1.84850374057613, "oscillation_cost": 31.28919123975939, "completition_cost": 0.0, "overshoot_cost": 51.13541812244424, "power_cost": 14.84090477294922, "noise_cost": 11.804207748649636, "n_waypoints_completed": 9, "tot_waypoints": 9}}
{"target": -184.42530698786635, "params": {"k_pid_pos": [1.3342936011137714, 0.0003957310637722764, 0.20586260924320193], "k_pid_alt": [0.8392778218041791, 0.0, 0.005627976389346649], "k_pid_att": [29.232865103073046, 0.0001, 0.5790960559549421], "k_pid_yaw": [0.5, 1e-06, 0.1], "k_pid_hsp": [1.3910698195233742, 0.0, 0.0], "k_pid_vsp": [400.0, 22.60735820423918, 15.722449727060706]}, "datetime": {"datetime": "2025-08-21 11:19:42", "elapsed": 9299.364701271057, "delta": 16.396487951278687}, "costs": {"total_cost": 184.42530698786635, "time_cost": 71.8, "final_distance_cost": 1.8429973805427153, "oscillation_cost": 33.29231730769907, "completition_cost": 0.0, "overshoot_cost": 51.44247091390969, "power_cost": 14.202997521972657, "noise_cost": 11.844523863742205, "n_waypoints_completed": 9, "tot_waypoints": 9}}
{"target": -192.43030969906584, "params": {"k_pid_pos": [1.3329098589917456, 0.0, 0.03209648022169692], "k_pid_alt": [0.6947375140102683, 0.0, 0.0008005320184381638], "k_pid_att": [38.5571052644612, 0.0001, 0.504614778314045], "k_pid_yaw": [0.5, 1e-06, 0.1], "k_pid_hsp": [0.8751775664271143, 0.0, 0.0], "k_pid_vsp": [395.4231031664624, 13.269744184918263, 21.430866186735557]}, "datetime": {"datetime": "2025-08-21 11:20:00", "elapsed": 9316.730700016022, "delta": 17.3659987449646}, "costs": {"total_cost": 192.43030969906584, "time_cost": 74.19200000000001, "final_distance_cost": 1.8182270622885675, "oscillation_cost": 34.393537866210956, "completition_cost": 0.0, "overshoot_cost": 51.27385853966384, "power_cost": 17.493910327148438, "noise_cost": 13.258775903754037, "n_waypoints_completed": 9, "tot_waypoints": 9}}
{"target": -193.5362144410642, "params": {"k_pid_pos": [1.317856919171578, 0.0, 0.07192525168753143], "k_pid_alt": [0.8986090469142696, 0.0, 0.0], "k_pid_att": [33.37507519080701, 0.0001, 0.2117376180411466], "k_pid_yaw": [0.5, 1e-06, 0.1], "k_pid_hsp": [0.746056398687261, 0.03454320179224178, 0.0], "k_pid_vsp": [384.26938166229803, 1e-06, 14.963708081462293]}, "datetime": {"datetime": "2025-08-21 11:20:16", "elapsed": 9332.90591096878, "delta": 16.17521095275879}, "costs": {"total_cost": 193.5362144410642, "time_cost": 70.936, "final_distance_cost": 1.8279812452623292, "oscillation_cost": 33.03643808514415, "completition_cost": 0.0, "overshoot_cost": 50.82982432989872, "power_cost": 21.367698571777346, "noise_cost": 15.538272208981656, "n_waypoints_completed": 9, "tot_waypoints": 9}}
{"target": -183.37864268718994, "params": {"k_pid_pos": [0.8618769753517952, 0.0, 0.11970944758147774], "k_pid_alt": [0.6342432522441025, 0.0, 0.00760104006565021], "k_pid_att": [27.991015330918337, 0.0289789934535893, 0.5467025980467388], "k_pid_yaw": [0.5, 1e-06, 0.1], "k_pid_hsp": [0.3333227160313823, 0.0, 0.0], "k_pid_vsp": [313.3494238928847, 24.979502967267685, 13.184303442215397]}, "datetime": {"datetime": "2025-08-21 11:20:33", "elapsed": 9350.079120874405, "delta": 17.17320990562439}, "costs": {"total_cost": 183.37864268718994, "time_cost": 75.296, "final_distance_cost": 1.8505223855064954, "oscillation_cost": 28.35408554376042, "completition_cost": 0.0, "overshoot_cost": 50.93867428064039, "power_cost": 14.726002954101563, "noise_cost": 12.213357523181063, "n_waypoints_completed": 9, "tot_waypoints": 9}}
{"target": -262.50782631022673, "params": {"k_pid_pos": [1.221054547293481, 0.0, 0.1683648860624986], "k_pid_alt": [1.1663180162145146, 0.0, 0.0], "k_pid_att": [31.54261434210603, 0.0001, 0.6274162946713464], "k_pid_yaw": [0.5, 1e-06, 0.1], "k_pid_hsp": [1.6711956785635502, 0.6122346222145916, 0.12576196507267515], "k_pid_vsp": [371.3559532360624, 1e-06, 31.782233536798934]}, "datetime": {"datetime": "2025-08-21 11:20:51", "elapsed": 9367.708176612854, "delta": 17.629055738449097}, "costs": {"total_cost": 262.50782631022673, "time_cost": 76.872, "final_distance_cost": 1.8445488122801723, "oscillation_cost": 103.92526394244993, "completition_cost": 0.0, "overshoot_cost": 51.670753900083604, "power_cost": 15.409781665039063, "noise_cost": 12.785477990373996, "n_waypoints_completed": 9, "tot_waypoints": 9}}
{"target": -173.08478283131285, "params": {"k_pid_pos": [1.272052994250268, 0.0, 0.06890905269086889], "k_pid_alt": [0.9967971907794526, 0.0, 0.004354819144719724], "k_pid_att": [24.081421458509848, 0.0001, 0.3648515326341229], "k_pid_yaw": [0.5, 1e-06, 0.1], "k_pid_hsp": [0.6364164116726693, 0.0, 0.0], "k_pid_vsp": [400.0, 38.09900428353834, 28.329681815259217]}, "datetime": {"datetime": "2025-08-21 11:21:07", "elapsed": 9384.02242565155, "delta": 16.31424903869629}, "costs": {"total_cost": 173.08478283131285, "time_cost": 70.512, "final_distance_cost": 1.8196710083605725, "oscillation_cost": 31.044275711710785, "completition_cost": 0.0, "overshoot_cost": 51.190437353439975, "power_cost": 9.692684143066407, "noise_cost": 8.825714614735125, "n_waypoints_completed": 9, "tot_waypoints": 9}}
{"target": -194.11198650819588, "params": {"k_pid_pos": [1.2306792334754524, 0.0, 0.0], "k_pid_alt": [0.4632816367835526, 0.0016717142646687703, 0.0], "k_pid_att": [20.293721636136898, 0.2555472631726539, 0.4968422452777478], "k_pid_yaw": [0.5, 1e-06, 0.1], "k_pid_hsp": [0.6150552098211484, 0.03752772461347974, 0.0], "k_pid_vsp": [394.2284748051853, 1e-06, 7.46625302400045]}, "datetime": {"datetime": "2025-08-21 11:21:25", "elapsed": 9401.862189531326, "delta": 17.839763879776}, "costs": {"total_cost": 194.11198650819588, "time_cost": 78.264, "final_distance_cost": 1.860792838517769, "oscillation_cost": 32.89857230614484, "completition_cost": 0.0, "overshoot_cost": 51.14432505140352, "power_cost": 16.42661940917969, "noise_cost": 13.517676902950052, "n_waypoints_completed": 9, "tot_waypoints": 9}}
