{"target": -183.41996667441268, "params": {"k_pid_pos": [1.0819289353405912, 0.0, 0.09904840819302654], "k_pid_alt": [0.9750690474230109, 0.0, 0.010179622992158657], "k_pid_att": [4.787902500418293, 0.0001, 0.28865465514289057], "k_pid_yaw": [0.5, 1e-06, 0.1], "k_pid_hsp": [0.38768292785104186, 0.00314194652004067, 0.0], "k_pid_vsp": [380.43305745464096, 42.60882791534319, 15.47326738399731]}, "datetime": {"datetime": "2025-08-21 14:03:47", "elapsed": 19143.758901834488, "delta": 16.090354919433594}, "costs": {"total_cost": 183.41996667441268, "time_cost": 71.712, "final_distance_cost": 1.8374517987907049, "oscillation_cost": 31.30474382874571, "completition_cost": 0.0, "overshoot_cost": 51.448817137122944, "power_cost": 14.870239013671876, "noise_cost": 12.246714896081432, "n_waypoints_completed": 9, "tot_waypoints": 9}}
{"target": -190.86321600081794, "params": {"k_pid_pos": [1.1518271108554103, 0.0, 0.13520460899590642], "k_pid_alt": [0.9437726067278869, 0.0, 0.008944127333856064], "k_pid_att": [16.09958141276101, 0.0001, 0.6380025464264735], "k_pid_yaw": [0.5, 1e-06, 0.1], "k_pid_hsp": [0.14452623518052068, 0.0020409474777044155, 0.0], "k_pid_vsp": [394.87550164600486, 23.397437926850415, 16.28081469895128]}, "datetime": {"datetime": "2025-08-21 14:04:04", "elapsed": 19161.076441049576, "delta": 17.31753921508789}, "costs": {"total_cost": 190.86321600081794, "time_cost": 71.36, "final_distance_cost": 1.8225602581388114, "oscillation_cost": 28.200300102458293, "completition_cost": 0.0, "overshoot_cost": 51.31689960119398, "power_cost": 22.047144738769532, "noise_cost": 16.11631130025733, "n_waypoints_completed": 9, "tot_waypoints": 9}}
{"target": -188.16281324336296, "params": {"k_pid_pos": [0.914551742464563, 0.0, 0.1332885850758684], "k_pid_alt": [1.345927043638723, 0.0, 0.009660974463014175], "k_pid_att": [19.576317661106756, 0.0001, 0.39308831082642487], "k_pid_yaw": [0.5, 1e-06, 0.1], "k_pid_hsp": [0.2742177904952391, 0.0, 0.0], "k_pid_vsp": [396.20562643578063, 10.00826327803085, 22.227564413816474]}, "datetime": {"datetime": "2025-08-21 14:04:24", "elapsed": 19181.031158208847, "delta": 19.95471715927124}, "costs": {"total_cost": 188.16281324336296, "time_cost": 72.752, "final_distance_cost": 1.8399071134021663, "oscillation_cost": 27.260128524466566, "completition_cost": 0.0, "overshoot_cost": 51.67109032282552, "power_cost": 19.51713427734375, "noise_cost": 15.12255300532495, "n_waypoints_completed": 9, "tot_waypoints": 9}}
{"target": -190.8241198777716, "params": {"k_pid_pos": [1.0533415255590648, 0.0, 0.1299533473056354], "k_pid_alt": [0.8797239528200728, 0.0, 0.009160912729749181], "k_pid_att": [20.436802633740637, 0.0001, 0.6240419319694751], "k_pid_yaw": [0.5, 1e-06, 0.1], "k_pid_hsp": [0.6286763392836261, 0.003299575257379279, 0.0], "k_pid_vsp": [390.751888131513, 7.379597025249678, 23.694521579964597]}, "datetime": {"datetime": "2025-08-21 14:04:43", "elapsed": 19199.874738693237, "delta": 18.84358048439026}, "costs": {"total_cost": 190.8241198777716, "time_cost": 71.544, "final_distance_cost": 1.849504933302785, "oscillation_cost": 30.83944483039135, "completition_cost": 0.0, "overshoot_cost": 50.83370772186741, "power_cost": 20.359771093750002, "noise_cost": 15.397691298460037, "n_waypoints_completed": 9, "tot_waypoints": 9}}
{"target": -185.27453866290992, "params": {"k_pid_pos": [1.101837015640723, 0.0, 0.1314604423536801], "k_pid_alt": [0.993291964452869, 0.0, 0.009861934751641776], "k_pid_att": [6.072042270501781, 0.0001, 0.6385613006091823], "k_pid_yaw": [0.5, 1e-06, 0.1], "k_pid_hsp": [0.1528248400775183, 0.0030414009989041383, 0.0], "k_pid_vsp": [381.3393207499098, 25.056324778016055, 11.561807908966355]}, "datetime": {"datetime": "2025-08-21 14:05:01", "elapsed": 19217.790565013885, "delta": 17.915826320648193}, "costs": {"total_cost": 185.27453866290992, "time_cost": 71.376, "final_distance_cost": 1.7940980712136252, "oscillation_cost": 27.83030832822765, "completition_cost": 0.0, "overshoot_cost": 51.33428755016038, "power_cost": 19.00429569091797, "noise_cost": 13.935549022390294, "n_waypoints_completed": 9, "tot_waypoints": 9}}
{"target": -176.5924700398666, "params": {"k_pid_pos": [1.1434857034564168, 0.0, 0.13708206075491028], "k_pid_alt": [1.1054969317177379, 0.0, 0.010980274348159007], "k_pid_att": [7.7083461079733615, 0.0001, 0.6323919878791179], "k_pid_yaw": [0.5, 1e-06, 0.1], "k_pid_hsp": [0.11783842372372517, 0.007270408566631168, 0.0], "k_pid_vsp": [379.4615309363604, 14.478143009793294, 20.607989463029007]}, "datetime": {"datetime": "2025-08-21 14:05:18", "elapsed": 19234.574469089508, "delta": 16.78390407562256}, "costs": {"total_cost": 176.5924700398666, "time_cost": 71.4, "final_distance_cost": 1.7721131174971725, "oscillation_cost": 28.15107680971753, "completition_cost": 0.0, "overshoot_cost": 51.3000310627697, "power_cost": 13.011053771972657, "noise_cost": 10.958195277909525, "n_waypoints_completed": 9, "tot_waypoints": 9}}
{"target": -182.84932531876197, "params": {"k_pid_pos": [1.1751522253590077, 0.0, 0.2639716048212186], "k_pid_alt": [0.6602156912974483, 0.0, 0.004787561169991375], "k_pid_att": [19.11445480198544, 0.0001, 0.6286932098956984], "k_pid_yaw": [0.5, 1e-06, 0.1], "k_pid_hsp": [0.6932679090195937, 0.0035413037357752406, 0.0], "k_pid_vsp": [396.4320690028641, 22.575717531581553, 5.79081175602024]}, "datetime": {"datetime": "2025-08-21 14:05:35", "elapsed": 19251.581062316895, "delta": 17.006593227386475}, "costs": {"total_cost": 182.84932531876197, "time_cost": 74.424, "final_distance_cost": 1.8450464834289222, "oscillation_cost": 31.03646030219195, "completition_cost": 0.0, "overshoot_cost": 50.62160470406125, "power_cost": 13.078160510253907, "noise_cost": 11.844053318825953, "n_waypoints_completed": 9, "tot_waypoints": 9}}
{"target": -185.17329611456643, "params": {"k_pid_pos": [1.0992793658390791, 0.0, 0.21293291612595944], "k_pid_alt": [0.9368211513528861, 0.0, 0.011785345687731982], "k_pid_att": [27.38633273576865, 0.0001, 0.5537556889711809], "k_pid_yaw": [0.5, 1e-06, 0.1], "k_pid_hsp": [0.3130013381690581, 0.00043757495793929905, 0.0], "k_pid_vsp": [396.7179142780452, 19.98298922798252, 12.380630955813658]}, "datetime": {"datetime": "2025-08-21 14:05:51", "elapsed": 19267.9912648201, "delta": 16.410202503204346}, "costs": {"total_cost": 185.17329611456643, "time_cost": 71.736, "final_distance_cost": 1.8338028161546305, "oscillation_cost": 28.849508847540392, "completition_cost": 0.0, "overshoot_cost": 50.14031451914703, "power_cost": 18.595404455566406, "noise_cost": 14.018265476157945, "n_waypoints_completed": 9, "tot_waypoints": 9}}
{"target": -189.7308160635772, "params": {"k_pid_pos": [1.0609561441779412, 0.0, 0.0977676087668771], "k_pid_alt": [0.9885121050125774, 0.0, 0.0058151894933663965], "k_pid_att": [15.675536802647674, 0.0001, 0.685657677133184], "k_pid_yaw": [0.5, 1e-06, 0.1], "k_pid_hsp": [0.5979156509748826, 0.004441474057176493, 0.0], "k_pid_vsp": [395.541213101905, 23.93096822402442, 23.8726230176643]}, "datetime": {"datetime": "2025-08-21 14:06:08", "elapsed": 19284.986077785492, "delta": 16.994812965393066}, "costs": {"total_cost": 189.7308160635772, "time_cost": 73.152, "final_distance_cost": 1.839960003577914, "oscillation_cost": 30.577145331748365, "completition_cost": 0.0, "overshoot_cost": 52.14261140132301, "power_cost": 17.828268579101564, "noise_cost": 14.190830747826327, "n_waypoints_completed": 9, "tot_waypoints": 9}}
{"target": -185.48673150129753, "params": {"k_pid_pos": [1.1986747187649307, 0.0, 0.12977423822994294], "k_pid_alt": [0.965902022188657, 0.0, 0.0032326670683520725], "k_pid_att": [12.48295201048537, 0.10968972787296283, 0.6433484409748051], "k_pid_yaw": [0.5, 1e-06, 0.1], "k_pid_hsp": [0.2265997205283357, 0.005665933760564198, 0.0], "k_pid_vsp": [385.72946984854343, 15.348644242444044, 8.089744031595323]}, "datetime": {"datetime": "2025-08-21 14:06:25", "elapsed": 19301.810751914978, "delta": 16.824674129486084}, "costs": {"total_cost": 185.48673150129753, "time_cost": 73.168, "final_distance_cost": 1.8122956302790474, "oscillation_cost": 30.494721853436936, "completition_cost": 0.0, "overshoot_cost": 51.730674847598934, "power_cost": 15.555258740234375, "noise_cost": 12.72578042974823, "n_waypoints_completed": 9, "tot_waypoints": 9}}
{"target": -541.400888477746, "params": {"k_pid_pos": [1.1597076031277054, 0.0, 0.10053664972891464], "k_pid_alt": [0.9448537732539776, 0.0, 0.00404409629070893], "k_pid_att": [17.531151098783376, 0.0001, 0.5921514159436925], "k_pid_yaw": [0.5, 1e-06, 0.1], "k_pid_hsp": [0.027152928362538797, 0.005006704459180351, 0.0], "k_pid_vsp": [398.77097668061947, 50.62839816070421, 12.851573147821263]}, "datetime": {"datetime": "2025-08-21 14:06:48", "elapsed": 19325.224651813507, "delta": 23.413899898529053}, "costs": {"total_cost": 541.400888477746, "time_cost": 150, "final_distance_cost": 68.94582774493446, "oscillation_cost": 16.40172110508502, "completition_cost": 222.2222222222222, "overshoot_cost": 50.63999736852423, "power_cost": 19.010736926269534, "noise_cost": 14.180383110710542, "n_waypoints_completed": 7, "tot_waypoints": 9}}
{"target": -198.11051514296784, "params": {"k_pid_pos": [1.271320067557048, 0.0, 0.134402874820883], "k_pid_alt": [0.9273870860128317, 0.0, 0.00861492155223987], "k_pid_att": [46.254408147434305, 0.0001, 0.2243347764202535], "k_pid_yaw": [0.5, 1e-06, 0.1], "k_pid_hsp": [4.9148566202909105, 0.003459125471835341, 0.0], "k_pid_vsp": [399.2186262187014, 4.7078489717652126, 22.906546100384396]}, "datetime": {"datetime": "2025-08-21 14:07:05", "elapsed": 19342.21030688286, "delta": 16.985655069351196}, "costs": {"total_cost": 198.11051514296784, "time_cost": 71.672, "final_distance_cost": 1.8368544184817375, "oscillation_cost": 48.40808166075995, "completition_cost": 0.0, "overshoot_cost": 51.0531760091277, "power_cost": 13.70546541748047, "noise_cost": 11.434937637117985, "n_waypoints_completed": 9, "tot_waypoints": 9}}
{"target": -183.4184080816265, "params": {"k_pid_pos": [1.1240499791486207, 0.0, 0.12139041483148379], "k_pid_alt": [0.9409028871766314, 0.0, 0.008876271638225885], "k_pid_att": [16.109202954657153, 0.0001, 0.5886729763906133], "k_pid_yaw": [0.5, 1e-06, 0.1], "k_pid_hsp": [0.13105125433719406, 0.0, 0.0], "k_pid_vsp": [399.46266872152097, 16.767730935216907, 12.762127833691693]}, "datetime": {"datetime": "2025-08-21 14:07:22", "elapsed": 19359.17910671234, "delta": 16.968799829483032}, "costs": {"total_cost": 183.4184080816265, "time_cost": 72.336, "final_distance_cost": 1.7890703663981593, "oscillation_cost": 27.66762061060096, "completition_cost": 0.0, "overshoot_cost": 51.77117196719166, "power_cost": 16.73438321533203, "noise_cost": 13.120161922103668, "n_waypoints_completed": 9, "tot_waypoints": 9}}
{"target": -1204.7709769599455, "params": {"k_pid_pos": [1.1151600395530417, 0.0, 0.10599995667622418], "k_pid_alt": [1.122511774218303, 0.0, 0.009594739996991203], "k_pid_att": [16.736196758487388, 0.0001, 0.530935521256653], "k_pid_yaw": [0.5, 1e-06, 0.1], "k_pid_hsp": [0.0001, 0.0003846616611747679, 0.0], "k_pid_vsp": [400.0, 15.881608028192367, 14.937361370597788]}, "datetime": {"datetime": "2025-08-21 14:07:45", "elapsed": 19381.998594522476, "delta": 22.819487810134888}, "costs": {"total_cost": 1204.7709769599455, "time_cost": 150, "final_distance_cost": 65.64612299351596, "oscillation_cost": 0.12496395275750725, "completition_cost": 888.8888888888888, "overshoot_cost": 91.62471942688438, "power_cost": 3.166868933105469, "noise_cost": 5.319412764793503, "n_waypoints_completed": 1, "tot_waypoints": 9}}
{"target": -184.6454500824891, "params": {"k_pid_pos": [1.1213129199740262, 0.0, 0.13142766141215878], "k_pid_alt": [1.042774021591565, 0.0, 0.0099249934137699], "k_pid_att": [15.836559900158317, 0.0001, 0.6462704478193859], "k_pid_yaw": [0.5, 1e-06, 0.1], "k_pid_hsp": [0.12066482285896771, 0.004800366727132204, 0.0], "k_pid_vsp": [394.8146483928088, 33.44898231733945, 12.916369259222515]}, "datetime": {"datetime": "2025-08-21 14:08:02", "elapsed": 19398.785226345062, "delta": 16.78663182258606}, "costs": {"total_cost": 184.6454500824891, "time_cost": 72.808, "final_distance_cost": 1.7803360932445875, "oscillation_cost": 28.791051269396704, "completition_cost": 0.0, "overshoot_cost": 52.057906209781734, "power_cost": 16.430022204589843, "noise_cost": 12.77813430547625, "n_waypoints_completed": 9, "tot_waypoints": 9}}
{"target": -192.82833627702593, "params": {"k_pid_pos": [1.0999679483109022, 0.0, 0.09567794562553572], "k_pid_alt": [1.0924120746299457, 0.0, 0.005352934296218156], "k_pid_att": [33.50081336903898, 0.0001, 0.4595063420502592], "k_pid_yaw": [0.5, 1e-06, 0.1], "k_pid_hsp": [0.31194429114309563, 0.06076622477191573, 0.0], "k_pid_vsp": [348.81161474843145, 15.275653482589599, 26.743803705824362]}, "datetime": {"datetime": "2025-08-21 14:08:19", "elapsed": 19415.609353542328, "delta": 16.824127197265625}, "costs": {"total_cost": 192.82833627702593, "time_cost": 71.688, "final_distance_cost": 1.8399054258468612, "oscillation_cost": 31.30300803914573, "completition_cost": 0.0, "overshoot_cost": 50.86580020833395, "power_cost": 21.366997082519532, "noise_cost": 15.764625521179845, "n_waypoints_completed": 9, "tot_waypoints": 9}}
{"target": -188.39307971420334, "params": {"k_pid_pos": [1.2169922374348583, 0.0, 0.10962415065837941], "k_pid_alt": [0.9179475282483323, 0.0, 0.00999340512562179], "k_pid_att": [23.979175442981624, 0.0001, 0.4447785153503232], "k_pid_yaw": [0.5, 1e-06, 0.1], "k_pid_hsp": [1.150078097741461, 0.0007220337989806808, 0.0], "k_pid_vsp": [379.7118311804133, 1e-06, 20.83643014885768]}, "datetime": {"datetime": "2025-08-21 14:08:35", "elapsed": 19432.10810804367, "delta": 16.498754501342773}, "costs": {"total_cost": 188.39307971420334, "time_cost": 71.584, "final_distance_cost": 1.8421057719547045, "oscillation_cost": 31.726881260284205, "completition_cost": 0.0, "overshoot_cost": 51.655331775283386, "power_cost": 17.805857653808594, "noise_cost": 13.778903252872425, "n_waypoints_completed": 9, "tot_waypoints": 9}}
{"target": -181.68435582471474, "params": {"k_pid_pos": [1.1139529916611948, 0.0, 0.07144545438421092], "k_pid_alt": [1.0290180007436047, 0.0, 0.009973136794424983], "k_pid_att": [15.912107993982701, 0.0001, 0.8230952367880677], "k_pid_yaw": [0.5, 1e-06, 0.1], "k_pid_hsp": [0.31357599520647156, 0.0026844633273536748, 0.0], "k_pid_vsp": [395.6772181407368, 15.393796649425173, 1e-06]}, "datetime": {"datetime": "2025-08-21 14:08:52", "elapsed": 19448.906310081482, "delta": 16.79820203781128}, "costs": {"total_cost": 181.68435582471474, "time_cost": 71.536, "final_distance_cost": 1.8305052611808634, "oscillation_cost": 29.71911809653281, "completition_cost": 0.0, "overshoot_cost": 51.47936571221488, "power_cost": 14.493422985839844, "noise_cost": 12.625943768946337, "n_waypoints_completed": 9, "tot_waypoints": 9}}
{"target": -175.2547892229162, "params": {"k_pid_pos": [1.006811156739136, 0.0, 0.12766200806402545], "k_pid_alt": [1.0152224196507875, 0.0, 0.006960069726891504], "k_pid_att": [12.578881690767975, 0.0001, 0.4973874890882434], "k_pid_yaw": [0.5, 1e-06, 0.1], "k_pid_hsp": [0.13856128633199902, 0.005307560051783611, 0.0], "k_pid_vsp": [397.3807662622515, 22.031213597416848, 20.427085695856782]}, "datetime": {"datetime": "2025-08-21 14:09:08", "elapsed": 19465.358485221863, "delta": 16.45217514038086}, "costs": {"total_cost": 175.2547892229162, "time_cost": 70.848, "final_distance_cost": 1.8258766969268443, "oscillation_cost": 27.28163173578784, "completition_cost": 0.0, "overshoot_cost": 51.04326704176722, "power_cost": 13.275135083007813, "noise_cost": 10.980878665426463, "n_waypoints_completed": 9, "tot_waypoints": 9}}
{"target": -184.61263041576717, "params": {"k_pid_pos": [1.1387154834335669, 0.16220396979374907, 0.12142904687162824], "k_pid_alt": [0.8700078492798877, 0.0, 0.00847848121777282], "k_pid_att": [18.565614790677643, 0.19302631943513093, 0.632326816821022], "k_pid_yaw": [0.5, 1e-06, 0.1], "k_pid_hsp": [0.20334042441230157, 0.0020943105880223923, 0.0], "k_pid_vsp": [353.08342144134485, 8.979701228821888, 15.392080462703824]}, "datetime": {"datetime": "2025-08-21 14:09:25", "elapsed": 19481.86074399948, "delta": 16.502258777618408}, "costs": {"total_cost": 184.61263041576717, "time_cost": 72.584, "final_distance_cost": 1.7720375998864684, "oscillation_cost": 29.610295711995015, "completition_cost": 0.0, "overshoot_cost": 51.56165530410783, "power_cost": 16.64827291259766, "noise_cost": 12.436368887180189, "n_waypoints_completed": 9, "tot_waypoints": 9}}
{"target": -188.3161074859204, "params": {"k_pid_pos": [1.684927490852844, 0.0, 0.23601801650316706], "k_pid_alt": [0.5387598048409736, 0.0, 0.002641356505874723], "k_pid_att": [17.15478397027744, 0.0001, 0.6992045260182045], "k_pid_yaw": [0.5, 1e-06, 0.1], "k_pid_hsp": [0.147280046469628, 0.0004375771066958251, 0.0], "k_pid_vsp": [388.9548301172597, 23.716609639598026, 16.739462502930742]}, "datetime": {"datetime": "2025-08-21 14:09:43", "elapsed": 19499.726727962494, "delta": 17.865983963012695}, "costs": {"total_cost": 188.3161074859204, "time_cost": 76.128, "final_distance_cost": 1.8272654210424035, "oscillation_cost": 32.489053893507254, "completition_cost": 0.0, "overshoot_cost": 51.30499116441933, "power_cost": 14.7370587890625, "noise_cost": 11.829738217888908, "n_waypoints_completed": 9, "tot_waypoints": 9}}
{"target": -1622.5124459183319, "params": {"k_pid_pos": [1.3254920538973145, 0.0003163411613641906, 0.15105362467751665], "k_pid_alt": [1.0470712245260585, 0.0, 0.009721843048050993], "k_pid_att": [0.0, 0.12056785465078368, 0.6505113952118066], "k_pid_yaw": [0.5, 1e-06, 0.1], "k_pid_hsp": [0.2564096251713025, 0.0013508587220428198, 0.0], "k_pid_vsp": [393.0570772848597, 15.811148804589658, 8.410729971859892]}, "datetime": {"datetime": "2025-08-21 14:10:07", "elapsed": 19523.77261352539, "delta": 24.04588556289673}, "costs": {"total_cost": 1622.5124459183319, "time_cost": 150, "final_distance_cost": 271.04172755940607, "oscillation_cost": 113.02817951253385, "completition_cost": 777.7777777777778, "overshoot_cost": 227.51495730937327, "power_cost": 28.017696398925782, "noise_cost": 55.13210736031484, "n_waypoints_completed": 2, "tot_waypoints": 9}}
{"target": -173.39471009036032, "params": {"k_pid_pos": [1.1249663078991956, 0.0, 0.0], "k_pid_alt": [1.0790204053345718, 0.0, 0.009789873406406172], "k_pid_att": [13.409001355380004, 0.0001, 0.6436794291249192], "k_pid_yaw": [0.5, 1e-06, 0.1], "k_pid_hsp": [0.23670001863904458, 0.00506303945095287, 0.0], "k_pid_vsp": [385.95150897806644, 21.026000421714883, 14.122740235886496]}, "datetime": {"datetime": "2025-08-21 14:10:23", "elapsed": 19540.229323863983, "delta": 16.45671033859253}, "costs": {"total_cost": 173.39471009036032, "time_cost": 70.112, "final_distance_cost": 1.8104973744150836, "oscillation_cost": 30.46994168411373, "completition_cost": 0.0, "overshoot_cost": 50.51184195286527, "power_cost": 10.995777416992189, "noise_cost": 9.49465166197407, "n_waypoints_completed": 9, "tot_waypoints": 9}}
{"target": -1204.6402052974947, "params": {"k_pid_pos": [1.1172264980677995, 0.0, 0.09162722761035083], "k_pid_alt": [1.3058483069086637, 0.0, 0.009469658768647252], "k_pid_att": [18.6919202002223, 0.005306833279695947, 0.6288456548108989], "k_pid_yaw": [0.5, 1e-06, 0.1], "k_pid_hsp": [0.0001, 0.0012625061960075722, 0.0], "k_pid_vsp": [392.0444978271993, 14.501625765785784, 14.682762429343093]}, "datetime": {"datetime": "2025-08-21 14:10:46", "elapsed": 19562.968953847885, "delta": 22.739629983901978}, "costs": {"total_cost": 1204.6402052974947, "time_cost": 150, "final_distance_cost": 54.33211271254433, "oscillation_cost": 0.2746785136009504, "completition_cost": 888.8888888888888, "overshoot_cost": 94.4512573493956, "power_cost": 7.813795654296875, "noise_cost": 8.879472178768316, "n_waypoints_completed": 1, "tot_waypoints": 9}}
{"target": -183.86516121162987, "params": {"k_pid_pos": [1.149243371191441, 0.0005676676796728319, 0.08770420884014683], "k_pid_alt": [0.9261705001967517, 0.0, 0.014780899613768547], "k_pid_att": [15.396493649923368, 0.0001, 0.6373935010396761], "k_pid_yaw": [0.5, 1e-06, 0.1], "k_pid_hsp": [0.06937401480119101, 0.0024555471722265305, 0.0], "k_pid_vsp": [384.18003384779894, 16.284225543471315, 15.59277697008582]}, "datetime": {"datetime": "2025-08-21 14:11:04", "elapsed": 19580.557010173798, "delta": 17.588056325912476}, "costs": {"total_cost": 183.86516121162987, "time_cost": 76.272, "final_distance_cost": 1.7428400816504541, "oscillation_cost": 26.380325826197648, "completition_cost": 0.0, "overshoot_cost": 53.004677360969765, "power_cost": 14.52111376953125, "noise_cost": 11.944204173280738, "n_waypoints_completed": 9, "tot_waypoints": 9}}
{"target": -181.98138194575716, "params": {"k_pid_pos": [1.268181369614648, 0.0, 0.12237972731090872], "k_pid_alt": [1.1932427844781384, 0.0, 0.009868410739570115], "k_pid_att": [16.186886951375154, 0.0001, 0.6989042146027391], "k_pid_yaw": [0.5, 1e-06, 0.1], "k_pid_hsp": [0.22919091669919422, 0.004283901662788367, 0.0], "k_pid_vsp": [384.0018050541801, 16.738062502281796, 17.217151183526255]}, "datetime": {"datetime": "2025-08-21 14:11:21", "elapsed": 19597.921115636826, "delta": 17.364105463027954}, "costs": {"total_cost": 181.98138194575716, "time_cost": 70.224, "final_distance_cost": 1.8005963360767376, "oscillation_cost": 30.11347653130001, "completition_cost": 0.0, "overshoot_cost": 50.49532469855381, "power_cost": 16.50114844970703, "noise_cost": 12.84683593011959, "n_waypoints_completed": 9, "tot_waypoints": 9}}
