{"target": -187.1486810703381, "params": {"k_pid_pos": [2.0, 0.0, 0.19978168315203815], "k_pid_alt": [0.9064295213636502, 0.0, 0.009074345414061744], "k_pid_att": [12.212768428627056, 0.0001, 0.7009752672250806], "k_pid_yaw": [0.5, 1e-06, 0.1], "k_pid_hsp": [1.2174958649749543, 0.0, 0.0], "k_pid_vsp": [400.0, 28.801085968373386, 24.044042524218504]}, "datetime": {"datetime": "2025-08-21 11:21:41", "elapsed": 9418.369703054428, "delta": 16.507513523101807}, "costs": {"total_cost": 187.1486810703381, "time_cost": 71.536, "final_distance_cost": 1.7472655121156555, "oscillation_cost": 35.59767866267004, "completition_cost": 0.0, "overshoot_cost": 52.05926573906014, "power_cost": 14.531330969238281, "noise_cost": 11.677140187254022, "n_waypoints_completed": 9, "tot_waypoints": 9}}
{"target": -173.04967961586937, "params": {"k_pid_pos": [0.9027670308617702, 0.0, 0.08257393994696327], "k_pid_alt": [1.327838123316332, 0.0, 0.009476092090792506], "k_pid_att": [32.52377210491976, 0.0001, 0.2889877942838164], "k_pid_yaw": [0.5, 1e-06, 0.1], "k_pid_hsp": [0.5427932078820287, 0.019249076394495808, 0.0], "k_pid_vsp": [398.2220913254645, 21.626241185822295, 13.934996923014989]}, "datetime": {"datetime": "2025-08-21 11:21:58", "elapsed": 9434.76445055008, "delta": 16.394747495651245}, "costs": {"total_cost": 173.04967961586937, "time_cost": 71.848, "final_distance_cost": 1.8423560314346612, "oscillation_cost": 28.37636580706079, "completition_cost": 0.0, "overshoot_cost": 50.60353226711567, "power_cost": 10.870084326171876, "noise_cost": 9.509341184086365, "n_waypoints_completed": 9, "tot_waypoints": 9}}
{"target": -184.01819835160862, "params": {"k_pid_pos": [1.2596976902840185, 0.0, 0.17681266122485023], "k_pid_alt": [0.953817256915795, 0.0, 0.0021961776039814054], "k_pid_att": [18.842654062696305, 0.0001, 0.591213466776515], "k_pid_yaw": [0.5, 1e-06, 0.1], "k_pid_hsp": [0.9803983613985756, 0.0, 0.0], "k_pid_vsp": [400.0, 27.63444658864416, 22.75803476982208]}, "datetime": {"datetime": "2025-08-21 11:22:14", "elapsed": 9451.017887353897, "delta": 16.25343680381775}, "costs": {"total_cost": 184.01819835160862, "time_cost": 71.34400000000001, "final_distance_cost": 1.8317557258864674, "oscillation_cost": 31.41592844273971, "completition_cost": 0.0, "overshoot_cost": 51.1863711012891, "power_cost": 15.542628491210937, "noise_cost": 12.697514590482399, "n_waypoints_completed": 9, "tot_waypoints": 9}}
{"target": -189.6569276762438, "params": {"k_pid_pos": [1.1838312540919944, 0.0, 0.18423827532180087], "k_pid_alt": [0.637863302997092, 0.0, 0.003324318638915213], "k_pid_att": [34.63626552239106, 0.0001, 0.7880823061033463], "k_pid_yaw": [0.5, 1e-06, 0.1], "k_pid_hsp": [0.40025489701157824, 0.024036938615043003, 0.0], "k_pid_vsp": [393.6287717560545, 1e-06, 16.601841953647224]}, "datetime": {"datetime": "2025-08-21 11:22:31", "elapsed": 9468.383789539337, "delta": 17.365902185440063}, "costs": {"total_cost": 189.6569276762438, "time_cost": 76.456, "final_distance_cost": 1.83722345693845, "oscillation_cost": 32.076325051592946, "completition_cost": 0.0, "overshoot_cost": 51.67761290634906, "power_cost": 15.206013049316407, "noise_cost": 12.403753212046958, "n_waypoints_completed": 9, "tot_waypoints": 9}}
{"target": -207.53444312018547, "params": {"k_pid_pos": [1.2101592903022218, 0.0, 0.06431414104486433], "k_pid_alt": [0.3329059666915765, 0.0, 0.00236954873902651], "k_pid_att": [34.06413941669611, 0.0001, 0.240200088684362], "k_pid_yaw": [0.5, 1e-06, 0.1], "k_pid_hsp": [0.7134640344003176, 0.03673451847858486, 0.0], "k_pid_vsp": [358.8060712418777, 27.061994327119752, 16.644032295607946]}, "datetime": {"datetime": "2025-08-21 11:22:52", "elapsed": 9488.938905477524, "delta": 20.555115938186646}, "costs": {"total_cost": 207.53444312018547, "time_cost": 87.48, "final_distance_cost": 1.8553355751621945, "oscillation_cost": 35.02087663138534, "completition_cost": 0.0, "overshoot_cost": 51.34755797238752, "power_cost": 17.969191711425783, "noise_cost": 13.861481229824584, "n_waypoints_completed": 9, "tot_waypoints": 9}}
{"target": -182.0421934434602, "params": {"k_pid_pos": [1.3640395051537941, 0.0, 0.15720697619695229], "k_pid_alt": [0.8356421924922344, 0.0, 0.0], "k_pid_att": [23.07880960699919, 0.0001, 0.6355046689849854], "k_pid_yaw": [0.5, 1e-06, 0.1], "k_pid_hsp": [0.7151867848005811, 0.0, 0.0], "k_pid_vsp": [390.47737928547, 32.52073174319467, 26.144335261829692]}, "datetime": {"datetime": "2025-08-21 11:23:09", "elapsed": 9505.60933971405, "delta": 16.67043423652649}, "costs": {"total_cost": 182.0421934434602, "time_cost": 71.096, "final_distance_cost": 1.8187736122122442, "oscillation_cost": 32.07462007186469, "completition_cost": 0.0, "overshoot_cost": 51.04401159599605, "power_cost": 14.41110096435547, "noise_cost": 11.597687199031746, "n_waypoints_completed": 9, "tot_waypoints": 9}}
{"target": -188.7720315469529, "params": {"k_pid_pos": [1.3803795519880269, 0.0, 0.18135672978054992], "k_pid_alt": [0.9362920142406087, 0.0, 0.0], "k_pid_att": [23.935082761091675, 0.0001, 0.49738433456179243], "k_pid_yaw": [0.5, 1e-06, 0.1], "k_pid_hsp": [0.7011921202879381, 0.0, 0.0], "k_pid_vsp": [400.0, 17.5049295510042, 18.610234241943093]}, "datetime": {"datetime": "2025-08-21 11:23:27", "elapsed": 9523.908877134323, "delta": 18.299537420272827}, "costs": {"total_cost": 188.7720315469529, "time_cost": 71.224, "final_distance_cost": 1.8217145378016448, "oscillation_cost": 31.20752354300421, "completition_cost": 0.0, "overshoot_cost": 50.85509062830526, "power_cost": 19.445653332519534, "noise_cost": 14.218049505322261, "n_waypoints_completed": 9, "tot_waypoints": 9}}
{"target": -1603.7110949681896, "params": {"k_pid_pos": [1.3457927707875943, 0.0, 0.3583496194762629], "k_pid_alt": [1.0751206974807728, 0.0, 0.006001837566528824], "k_pid_att": [0.0, 0.0001, 0.6833923523376971], "k_pid_yaw": [0.5, 1e-06, 0.1], "k_pid_hsp": [0.6558424446747259, 0.0, 0.0], "k_pid_vsp": [400.0, 11.230506285549641, 24.68929906261876]}, "datetime": {"datetime": "2025-08-21 11:23:53", "elapsed": 9549.716501235962, "delta": 25.807624101638794}, "costs": {"total_cost": 1603.7110949681896, "time_cost": 150, "final_distance_cost": 425.2512285772646, "oscillation_cost": 3.317252468672456, "completition_cost": 666.6666666666667, "overshoot_cost": 336.64727988293794, "power_cost": 11.760495385742187, "noise_cost": 10.068171986905764, "n_waypoints_completed": 3, "tot_waypoints": 9}}
{"target": -231.56100089906067, "params": {"k_pid_pos": [1.570594895553673, 0.0, 0.13581673408262973], "k_pid_alt": [1.0527622803659078, 0.04750797961988669, 0.018686282476227504], "k_pid_att": [4.809082765090221, 0.4084728780448368, 0.6191709407972176], "k_pid_yaw": [0.5, 1e-06, 0.1], "k_pid_hsp": [0.37196455807908296, 0.0, 0.02754193084535262], "k_pid_vsp": [400.0, 3.1324057965739236, 1e-06]}, "datetime": {"datetime": "2025-08-21 11:24:14", "elapsed": 9571.007720708847, "delta": 21.291219472885132}, "costs": {"total_cost": 231.56100089906067, "time_cost": 85.928, "final_distance_cost": 1.7347516907487435, "oscillation_cost": 56.850992375287234, "completition_cost": 0.0, "overshoot_cost": 54.57884217474046, "power_cost": 17.743978771972657, "noise_cost": 14.724435886311582, "n_waypoints_completed": 9, "tot_waypoints": 9}}
{"target": -175.36835883961822, "params": {"k_pid_pos": [1.111126522974534, 0.0, 0.0], "k_pid_alt": [0.8949578607014538, 0.0, 0.009162533185665036], "k_pid_att": [24.530490331219443, 0.0001, 0.7854569446342703], "k_pid_yaw": [0.5, 1e-06, 0.1], "k_pid_hsp": [0.38935468608897267, 0.0, 0.0], "k_pid_vsp": [400.0, 39.566384666528265, 9.215736069129594]}, "datetime": {"datetime": "2025-08-21 11:24:30", "elapsed": 9587.26065826416, "delta": 16.25293755531311}, "costs": {"total_cost": 175.36835883961822, "time_cost": 70.784, "final_distance_cost": 1.839002782905284, "oscillation_cost": 30.645314644094984, "completition_cost": 0.0, "overshoot_cost": 50.60116780083614, "power_cost": 10.976677478027344, "noise_cost": 10.52219613375448, "n_waypoints_completed": 9, "tot_waypoints": 9}}
{"target": -1206.1540974830561, "params": {"k_pid_pos": [1.2999827327712767, 0.0, 0.0692011817046379], "k_pid_alt": [0.8893599048515113, 0.0, 0.010425172356125405], "k_pid_att": [29.314944836105386, 0.0001, 0.7747719170596437], "k_pid_yaw": [0.5, 1e-06, 0.1], "k_pid_hsp": [0.0001, 0.0, 0.0], "k_pid_vsp": [400.0, 1e-06, 1e-06]}, "datetime": {"datetime": "2025-08-21 11:24:53", "elapsed": 9610.423956394196, "delta": 23.1632981300354}, "costs": {"total_cost": 1206.1540974830561, "time_cost": 150, "final_distance_cost": 46.38208370262112, "oscillation_cost": 0.15652450497996237, "completition_cost": 888.8888888888888, "overshoot_cost": 82.89788776829236, "power_cost": 21.09365251464844, "noise_cost": 16.735060103625578, "n_waypoints_completed": 1, "tot_waypoints": 9}}
{"target": -189.11768802740303, "params": {"k_pid_pos": [0.823639869240168, 0.0, 0.0], "k_pid_alt": [0.7064476702938084, 0.0, 0.0], "k_pid_att": [49.24759079930696, 0.0001, 0.269059999912422], "k_pid_yaw": [0.5, 1e-06, 0.1], "k_pid_hsp": [0.6727689352265266, 0.12989541886995926, 0.0], "k_pid_vsp": [355.8869464033744, 27.597469053442513, 21.622919834683497]}, "datetime": {"datetime": "2025-08-21 11:25:11", "elapsed": 9627.493510961533, "delta": 17.069554567337036}, "costs": {"total_cost": 189.11768802740303, "time_cost": 73.304, "final_distance_cost": 1.8535552450105945, "oscillation_cost": 35.02634486847366, "completition_cost": 0.0, "overshoot_cost": 50.20691212018621, "power_cost": 15.73941728515625, "noise_cost": 12.98745850857635, "n_waypoints_completed": 9, "tot_waypoints": 9}}
{"target": -193.1968977351876, "params": {"k_pid_pos": [1.2394364376727243, 0.0, 0.0], "k_pid_alt": [0.7733503006453375, 0.0, 0.0], "k_pid_att": [58.02323134383333, 0.0001, 0.21150961936257656], "k_pid_yaw": [0.5, 1e-06, 0.1], "k_pid_hsp": [0.05034365750774966, 0.0, 0.0], "k_pid_vsp": [363.59823715636395, 33.82720918675699, 32.66695544194066]}, "datetime": {"datetime": "2025-08-21 11:25:29", "elapsed": 9645.945361375809, "delta": 18.451850414276123}, "costs": {"total_cost": 193.1968977351876, "time_cost": 80.92, "final_distance_cost": 1.7781263746479934, "oscillation_cost": 24.726867865779624, "completition_cost": 0.0, "overshoot_cost": 56.29223857965684, "power_cost": 16.051678845214845, "noise_cost": 13.427986069888311, "n_waypoints_completed": 9, "tot_waypoints": 9}}
{"target": -1189.1927695040772, "params": {"k_pid_pos": [0.8469987111540753, 0.0, 0.10727104566169401], "k_pid_alt": [1.0458848083862042, 0.0, 0.0], "k_pid_att": [34.59819037195524, 0.0001, 0.3574311826823888], "k_pid_yaw": [0.5, 1e-06, 0.1], "k_pid_hsp": [0.0001, 0.0, 0.0], "k_pid_vsp": [400.0, 1e-06, 1e-06]}, "datetime": {"datetime": "2025-08-21 11:25:52", "elapsed": 9668.803255558014, "delta": 22.8578941822052}, "costs": {"total_cost": 1189.1927695040772, "time_cost": 150, "final_distance_cost": 45.608770336456345, "oscillation_cost": 0.19127940793487708, "completition_cost": 888.8888888888888, "overshoot_cost": 71.63325957389394, "power_cost": 17.817375610351565, "noise_cost": 15.053195686551744, "n_waypoints_completed": 1, "tot_waypoints": 9}}
{"target": -170.3886332299427, "params": {"k_pid_pos": [1.1205972913333433, 0.0, 0.0], "k_pid_alt": [0.84873503903634, 0.0, 0.0], "k_pid_att": [40.57142383919836, 0.0001, 0.23051798508090826], "k_pid_yaw": [0.5, 1e-06, 0.1], "k_pid_hsp": [0.5621933840536789, 0.0481551930715248, 0.0], "k_pid_vsp": [384.1016982875703, 20.04729226228978, 11.849402421906081]}, "datetime": {"datetime": "2025-08-21 11:26:08", "elapsed": 9685.309781074524, "delta": 16.50652551651001}, "costs": {"total_cost": 170.3886332299427, "time_cost": 71.144, "final_distance_cost": 1.8346172352836492, "oscillation_cost": 31.76708707410069, "completition_cost": 0.0, "overshoot_cost": 50.71797225681422, "power_cost": 7.333744482421875, "noise_cost": 7.591212181322273, "n_waypoints_completed": 9, "tot_waypoints": 9}}
{"target": -229.19243355345031, "params": {"k_pid_pos": [0.8572457672343061, 0.0, 0.2292271289120468], "k_pid_alt": [0.9776962029036739, 0.0, 0.0], "k_pid_att": [16.981594679899708, 0.0001, 0.9276360938428585], "k_pid_yaw": [0.5, 1e-06, 0.1], "k_pid_hsp": [0.43363036155047724, 0.0, 0.09967195284494375], "k_pid_vsp": [400.0, 17.7681387474048, 20.938524603880648]}, "datetime": {"datetime": "2025-08-21 11:26:26", "elapsed": 9702.962587356567, "delta": 17.652806282043457}, "costs": {"total_cost": 229.19243355345031, "time_cost": 77.016, "final_distance_cost": 1.8529606303270505, "oscillation_cost": 66.83597554159883, "completition_cost": 0.0, "overshoot_cost": 52.06437936130015, "power_cost": 17.210125158691408, "noise_cost": 14.212992861532877, "n_waypoints_completed": 9, "tot_waypoints": 9}}
{"target": -191.34645095721666, "params": {"k_pid_pos": [1.4072938296816764, 0.0, 0.1413150596580937], "k_pid_alt": [1.032566810299552, 0.0, 0.013735111399936231], "k_pid_att": [15.873000125156587, 0.0001, 1.0], "k_pid_yaw": [0.5, 1e-06, 0.1], "k_pid_hsp": [0.8614086105236385, 0.0, 0.0], "k_pid_vsp": [400.0, 40.135648340817696, 20.172898092683564]}, "datetime": {"datetime": "2025-08-21 11:26:43", "elapsed": 9719.522319555283, "delta": 16.55973219871521}, "costs": {"total_cost": 191.34645095721666, "time_cost": 72.968, "final_distance_cost": 1.8073174913464125, "oscillation_cost": 33.77280947615775, "completition_cost": 0.0, "overshoot_cost": 52.84792146835031, "power_cost": 16.673454626464846, "noise_cost": 13.276947894897356, "n_waypoints_completed": 9, "tot_waypoints": 9}}
{"target": -1195.68567679789, "params": {"k_pid_pos": [1.2827919739097706, 0.0, 0.7438102130443291], "k_pid_alt": [1.9944806698199473, 7.478563223819719e-05, 0.022173952558602925], "k_pid_att": [65.444935382259, 0.0001, 0.32540671746413075], "k_pid_yaw": [0.5, 1e-06, 0.1], "k_pid_hsp": [0.0001, 0.0, 0.0], "k_pid_vsp": [400.0, 25.040101777207106, 19.171203164438236]}, "datetime": {"datetime": "2025-08-21 11:27:06", "elapsed": 9742.50910115242, "delta": 22.98678159713745}, "costs": {"total_cost": 1195.68567679789, "time_cost": 150, "final_distance_cost": 46.43595880778574, "oscillation_cost": 14.055505380818403, "completition_cost": 888.8888888888888, "overshoot_cost": 82.15680369479587, "power_cost": 6.889747839355469, "noise_cost": 7.2587721862454915, "n_waypoints_completed": 1, "tot_waypoints": 9}}
{"target": -178.36743542532727, "params": {"k_pid_pos": [1.0793241657052142, 0.13056322149531474, 0.11372564586298092], "k_pid_alt": [1.184717942908231, 0.0, 0.001803211102796175], "k_pid_att": [22.94910046147107, 0.8769532661046722, 0.2573998029722761], "k_pid_yaw": [0.5, 1e-06, 0.1], "k_pid_hsp": [0.22515522692640966, 0.0, 0.0], "k_pid_vsp": [339.5228635195009, 9.395505781960322, 14.436372917099359]}, "datetime": {"datetime": "2025-08-21 11:27:22", "elapsed": 9759.120123624802, "delta": 16.611022472381592}, "costs": {"total_cost": 178.36743542532727, "time_cost": 72.328, "final_distance_cost": 1.7965048500338325, "oscillation_cost": 28.58656277850005, "completition_cost": 0.0, "overshoot_cost": 52.03967453605158, "power_cost": 12.526270605468751, "noise_cost": 11.090422655273073, "n_waypoints_completed": 9, "tot_waypoints": 9}}
{"target": -200.93022346263967, "params": {"k_pid_pos": [1.4727502719243737, 0.0, 0.15773615277247635], "k_pid_alt": [0.5017222288981085, 0.0, 0.0], "k_pid_att": [27.727931923565368, 0.0001, 0.40930950235537833], "k_pid_yaw": [0.5, 1e-06, 0.1], "k_pid_hsp": [0.8049662562095992, 0.0, 0.0], "k_pid_vsp": [400.0, 1e-06, 26.787450077986126]}, "datetime": {"datetime": "2025-08-21 11:27:40", "elapsed": 9776.871248960495, "delta": 17.75112533569336}, "costs": {"total_cost": 200.93022346263967, "time_cost": 77.256, "final_distance_cost": 1.8353440341360088, "oscillation_cost": 32.832454050241914, "completition_cost": 0.0, "overshoot_cost": 52.64458317679499, "power_cost": 21.077086621093752, "noise_cost": 15.284755580373035, "n_waypoints_completed": 9, "tot_waypoints": 9}}
{"target": -1194.1529366100583, "params": {"k_pid_pos": [1.3494091655442633, 0.02872562236080417, 0.06893302340927966], "k_pid_alt": [0.7355737224826057, 0.0, 0.0], "k_pid_att": [15.464847377748983, 0.05838849295158732, 0.2033125301014701], "k_pid_yaw": [0.5, 1e-06, 0.1], "k_pid_hsp": [0.0001, 0.0, 0.0], "k_pid_vsp": [400.0, 1e-06, 13.235967405817554]}, "datetime": {"datetime": "2025-08-21 11:28:03", "elapsed": 9799.54796218872, "delta": 22.676713228225708}, "costs": {"total_cost": 1194.1529366100583, "time_cost": 150, "final_distance_cost": 46.41242027871962, "oscillation_cost": 0.2118304199819484, "completition_cost": 888.8888888888888, "overshoot_cost": 83.6360752233644, "power_cost": 13.331169116210939, "noise_cost": 11.672552682892691, "n_waypoints_completed": 1, "tot_waypoints": 9}}
{"target": -174.63628621309965, "params": {"k_pid_pos": [1.3659705688432453, 0.0, 0.03418858196258859], "k_pid_alt": [0.9147126004256959, 0.0009367896239764743, 0.00855034039225348], "k_pid_att": [25.3656778987672, 0.0001, 0.5633165148269774], "k_pid_yaw": [0.5, 1e-06, 0.1], "k_pid_hsp": [0.8528140738678871, 0.05154900003729404, 0.0], "k_pid_vsp": [393.77736010292256, 33.70841768573932, 30.664728136466465]}, "datetime": {"datetime": "2025-08-21 11:28:19", "elapsed": 9815.80110001564, "delta": 16.253137826919556}, "costs": {"total_cost": 174.63628621309965, "time_cost": 69.432, "final_distance_cost": 1.7835701225000244, "oscillation_cost": 33.898784374327704, "completition_cost": 0.0, "overshoot_cost": 50.45651523394563, "power_cost": 10.044107458496095, "noise_cost": 9.021309023830211, "n_waypoints_completed": 9, "tot_waypoints": 9}}
{"target": -199.16313711557487, "params": {"k_pid_pos": [1.0962806688348987, 0.0, 0.019913368374673224], "k_pid_alt": [1.6689663039809266, 0.0, 0.009419264744285259], "k_pid_att": [11.871292637618922, 0.00028893158234898075, 0.3179654963490866], "k_pid_yaw": [0.5, 1e-06, 0.1], "k_pid_hsp": [0.5090853531128836, 0.0, 0.0], "k_pid_vsp": [400.0, 17.51934808090536, 30.86266028258289]}, "datetime": {"datetime": "2025-08-21 11:28:36", "elapsed": 9833.151467561722, "delta": 17.350367546081543}, "costs": {"total_cost": 199.16313711557487, "time_cost": 74.936, "final_distance_cost": 1.835202679525282, "oscillation_cost": 32.05062876782758, "completition_cost": 0.0, "overshoot_cost": 53.834772914541546, "power_cost": 20.53986688232422, "noise_cost": 15.96666587135621, "n_waypoints_completed": 9, "tot_waypoints": 9}}
{"target": -1184.9842358653175, "params": {"k_pid_pos": [1.3796038177867203, 0.0, 0.2871791792001956], "k_pid_alt": [1.3115800716294883, 0.0, 0.01068158656897384], "k_pid_att": [26.892307023581207, 0.0001, 0.3337303336932197], "k_pid_yaw": [0.5, 1e-06, 0.1], "k_pid_hsp": [0.0001, 0.0, 0.0], "k_pid_vsp": [374.9849754129857, 22.250991798871073, 30.198883709261203]}, "datetime": {"datetime": "2025-08-21 11:28:59", "elapsed": 9856.319036722183, "delta": 23.167569160461426}, "costs": {"total_cost": 1184.9842358653175, "time_cost": 150, "final_distance_cost": 46.66309974505517, "oscillation_cost": 0.1777480909874042, "completition_cost": 888.8888888888888, "overshoot_cost": 83.83897838611244, "power_cost": 7.921676318359375, "noise_cost": 7.493844435914294, "n_waypoints_completed": 1, "tot_waypoints": 9}}
{"target": -187.836190993757, "params": {"k_pid_pos": [0.8080097993183761, 0.0, 0.012673245698310586], "k_pid_alt": [0.8717132488975314, 0.0, 0.005135470337727326], "k_pid_att": [42.47263113696464, 0.0001, 0.009935109817951926], "k_pid_yaw": [0.5, 1e-06, 0.1], "k_pid_hsp": [0.7873464689097769, 0.0, 0.0], "k_pid_vsp": [377.738403568847, 6.404262053168192, 19.907223857839742]}, "datetime": {"datetime": "2025-08-21 11:29:17", "elapsed": 9873.80126786232, "delta": 17.48223114013672}, "costs": {"total_cost": 187.836190993757, "time_cost": 74.104, "final_distance_cost": 1.8454655172615055, "oscillation_cost": 33.61348106915342, "completition_cost": 0.0, "overshoot_cost": 51.60463559960755, "power_cost": 14.269741479492188, "noise_cost": 12.398867328242336, "n_waypoints_completed": 9, "tot_waypoints": 9}}
{"target": -171.1143329720741, "params": {"k_pid_pos": [1.0407550037122986, 0.0, 0.10717082216451088], "k_pid_alt": [1.3605693871495397, 0.0, 0.006472722254140699], "k_pid_att": [38.215147165560445, 0.0001, 0.06375788894574158], "k_pid_yaw": [0.5, 1e-06, 0.1], "k_pid_hsp": [0.1641996178179259, 0.00757008616814514, 0.0], "k_pid_vsp": [379.17569009662816, 3.133190126812112, 1e-06]}, "datetime": {"datetime": "2025-08-21 11:29:33", "elapsed": 9890.34811782837, "delta": 16.546849966049194}, "costs": {"total_cost": 171.1143329720741, "time_cost": 70.336, "final_distance_cost": 1.8086401284595535, "oscillation_cost": 31.545053336464555, "completition_cost": 0.0, "overshoot_cost": 51.2441345885894, "power_cost": 7.479265417480469, "noise_cost": 8.701239501080112, "n_waypoints_completed": 9, "tot_waypoints": 9}}
{"target": -187.88095346853032, "params": {"k_pid_pos": [0.5251072505362017, 0.0, 0.040825231499670336], "k_pid_alt": [0.8898450003379981, 0.0, 0.008838471382104897], "k_pid_att": [29.065427389380705, 0.06147040967096093, 0.0], "k_pid_yaw": [0.5, 1e-06, 0.1], "k_pid_hsp": [0.7929158103057155, 0.0, 0.0], "k_pid_vsp": [246.1055935273539, 9.162447816620052, 18.38380572597837]}, "datetime": {"datetime": "2025-08-21 11:29:53", "elapsed": 9909.828728437424, "delta": 19.480610609054565}, "costs": {"total_cost": 187.88095346853032, "time_cost": 83.416, "final_distance_cost": 1.8537147905984692, "oscillation_cost": 28.808320861220373, "completition_cost": 0.0, "overshoot_cost": 51.722998169479744, "power_cost": 10.673867895507813, "noise_cost": 11.406051751723908, "n_waypoints_completed": 9, "tot_waypoints": 9}}
