{"target": -181.70105020334796, "params": {"k_pid_pos": [1.1543927091120587, 0.0, 0.27661288553642616], "k_pid_alt": [1.0904486660527208, 0.0, 0.013146697057402013], "k_pid_att": [23.98056187331096, 0.0001, 0.6424751983883045], "k_pid_yaw": [0.5, 1e-06, 0.1], "k_pid_hsp": [0.3767960163503129, 0.002460000563382863, 0.0], "k_pid_vsp": [400.0, 12.321189492105606, 25.419935087839082]}, "datetime": {"datetime": "2025-08-21 18:36:53", "elapsed": 35530.35552930832, "delta": 17.706426858901978}, "costs": {"total_cost": 181.70105020334796, "time_cost": 71.968, "final_distance_cost": 1.8495390399960645, "oscillation_cost": 29.06801659675293, "completition_cost": 0.0, "overshoot_cost": 51.06576348498622, "power_cost": 14.803700512695313, "noise_cost": 12.946030568917449, "n_waypoints_completed": 9, "tot_waypoints": 9}}
{"target": -172.47031261776317, "params": {"k_pid_pos": [1.1336167888071234, 0.0, 0.14197228481076835], "k_pid_alt": [1.3570208854774342, 0.0, 0.01275530279287404], "k_pid_att": [22.83066261794319, 0.0001, 0.6106816278521204], "k_pid_yaw": [0.5, 1e-06, 0.1], "k_pid_hsp": [0.18803581286336846, 0.00035224895482654714, 0.0], "k_pid_vsp": [400.0, 47.273679603776245, 16.68302677380342]}, "datetime": {"datetime": "2025-08-21 18:37:09", "elapsed": 35546.11873483658, "delta": 15.763205528259277}, "costs": {"total_cost": 172.47031261776317, "time_cost": 69.57600000000001, "final_distance_cost": 1.8122245707049223, "oscillation_cost": 29.003700197361677, "completition_cost": 0.0, "overshoot_cost": 50.38735926988748, "power_cost": 11.758668725585938, "noise_cost": 9.932359854223128, "n_waypoints_completed": 9, "tot_waypoints": 9}}
{"target": -1200.1597872657678, "params": {"k_pid_pos": [1.073661729285977, 0.0, 0.15042862172325644], "k_pid_alt": [1.1822072579201746, 0.0, 0.011453220613611327], "k_pid_att": [16.179783942284267, 0.0001, 0.6381106989255118], "k_pid_yaw": [0.5, 1e-06, 0.1], "k_pid_hsp": [0.0001, 0.004391017058781255, 0.0], "k_pid_vsp": [399.8544220979378, 53.05037668924434, 24.962138311464766]}, "datetime": {"datetime": "2025-08-21 18:37:34", "elapsed": 35570.80342626572, "delta": 24.684691429138184}, "costs": {"total_cost": 1200.1597872657678, "time_cost": 150, "final_distance_cost": 58.30687851975491, "oscillation_cost": 0.6077896216016856, "completition_cost": 888.8888888888888, "overshoot_cost": 94.42056397020679, "power_cost": 2.9278006958007814, "noise_cost": 5.007865569514913, "n_waypoints_completed": 1, "tot_waypoints": 9}}
{"target": -178.17082141641538, "params": {"k_pid_pos": [1.1275845857102162, 0.0, 0.13314402625172153], "k_pid_alt": [1.180990073634162, 0.0, 0.015760063974764007], "k_pid_att": [21.791691791742075, 0.0001, 0.6401993145863656], "k_pid_yaw": [0.5, 1e-06, 0.1], "k_pid_hsp": [0.18702274535430632, 0.003260163288300099, 0.0], "k_pid_vsp": [400.0, 43.0349312083918, 17.410087024973986]}, "datetime": {"datetime": "2025-08-21 18:37:50", "elapsed": 35587.32124328613, "delta": 16.51781702041626}, "costs": {"total_cost": 178.17082141641538, "time_cost": 70.056, "final_distance_cost": 1.818816807288709, "oscillation_cost": 28.810972023643398, "completition_cost": 0.0, "overshoot_cost": 50.18143915518655, "power_cost": 15.209129919433595, "noise_cost": 12.09446351086311, "n_waypoints_completed": 9, "tot_waypoints": 9}}
{"target": -185.97589172049794, "params": {"k_pid_pos": [1.1760187267485303, 0.0, 0.18076548288614072], "k_pid_alt": [1.0853468429478381, 0.0, 0.005901318243641592], "k_pid_att": [15.788071815787522, 0.0001, 0.6978491146046222], "k_pid_yaw": [0.5, 1e-06, 0.1], "k_pid_hsp": [0.4874155243386006, 0.001270575398348844, 0.0], "k_pid_vsp": [400.0, 39.189994419084016, 18.170578845744487]}, "datetime": {"datetime": "2025-08-21 18:38:07", "elapsed": 35604.082070589066, "delta": 16.76082730293274}, "costs": {"total_cost": 185.97589172049794, "time_cost": 70.44, "final_distance_cost": 1.8375771914109902, "oscillation_cost": 30.944480904384665, "completition_cost": 0.0, "overshoot_cost": 50.462850347758994, "power_cost": 18.209337841796877, "noise_cost": 14.081645435146445, "n_waypoints_completed": 9, "tot_waypoints": 9}}
{"target": -190.58301591796143, "params": {"k_pid_pos": [1.1642224422834568, 0.0, 0.13644185230707379], "k_pid_alt": [1.1770585795165611, 0.0, 0.016345229123941502], "k_pid_att": [15.309924662181693, 0.0001, 0.6688665201070905], "k_pid_yaw": [0.5, 1e-06, 0.1], "k_pid_hsp": [0.16258023290491005, 0.003197579847862308, 0.0], "k_pid_vsp": [400.0, 55.76097059936599, 18.547003818013827]}, "datetime": {"datetime": "2025-08-21 18:38:24", "elapsed": 35621.11824464798, "delta": 17.036174058914185}, "costs": {"total_cost": 190.58301591796143, "time_cost": 70.104, "final_distance_cost": 1.7962259118478503, "oscillation_cost": 28.543258032850066, "completition_cost": 0.0, "overshoot_cost": 51.161789533514686, "power_cost": 22.68772373046875, "noise_cost": 16.290018709280073, "n_waypoints_completed": 9, "tot_waypoints": 9}}
{"target": -214.05517216886383, "params": {"k_pid_pos": [1.1287235840629408, 0.0, 0.1365267621968061], "k_pid_alt": [1.1566969346763085, 0.0, 0.016083336679723444], "k_pid_att": [16.80632321648649, 0.0001, 0.6305255332443285], "k_pid_yaw": [0.5, 1e-06, 0.1], "k_pid_hsp": [0.12202195254963444, 0.007878327096108808, 0.0], "k_pid_vsp": [399.97675887744003, 32.762646612108995, 18.160419069067842]}, "datetime": {"datetime": "2025-08-21 18:38:46", "elapsed": 35642.65881752968, "delta": 21.54057288169861}, "costs": {"total_cost": 214.05517216886383, "time_cost": 80.016, "final_distance_cost": 1.7921392628585935, "oscillation_cost": 29.476680000501496, "completition_cost": 0.0, "overshoot_cost": 56.290231210959156, "power_cost": 27.49098975830078, "noise_cost": 18.98913193624381, "n_waypoints_completed": 9, "tot_waypoints": 9}}
{"target": -181.99888273426063, "params": {"k_pid_pos": [1.1040614773537534, 0.0, 0.1465479315242732], "k_pid_alt": [1.2373277146838875, 0.0, 0.01294340102025574], "k_pid_att": [14.005222100177736, 0.0001, 0.6576719987619052], "k_pid_yaw": [0.5, 1e-06, 0.1], "k_pid_hsp": [0.08360637212895755, 0.003567328642893128, 0.0], "k_pid_vsp": [397.8447342937213, 42.37135938686801, 16.289277694105166]}, "datetime": {"datetime": "2025-08-21 18:39:04", "elapsed": 35661.417482852936, "delta": 18.758665323257446}, "costs": {"total_cost": 181.99888273426063, "time_cost": 71.384, "final_distance_cost": 1.7551922343828248, "oscillation_cost": 26.02588361037853, "completition_cost": 0.0, "overshoot_cost": 52.29418320156247, "power_cost": 17.14576219482422, "noise_cost": 13.3938614931126, "n_waypoints_completed": 9, "tot_waypoints": 9}}
{"target": -186.43775356128333, "params": {"k_pid_pos": [1.1236812778214407, 0.0, 0.13859177567272163], "k_pid_alt": [1.1968366378252389, 0.0, 0.01596340878584778], "k_pid_att": [15.317654198028874, 0.0001, 0.636935678907626], "k_pid_yaw": [0.5, 1e-06, 0.1], "k_pid_hsp": [0.12783430601316004, 0.0030362331897173978, 0.0], "k_pid_vsp": [400.0, 44.01200057066548, 17.05260527319816]}, "datetime": {"datetime": "2025-08-21 18:39:21", "elapsed": 35678.37852406502, "delta": 16.96104121208191}, "costs": {"total_cost": 186.43775356128333, "time_cost": 71.16, "final_distance_cost": 1.8079391526277755, "oscillation_cost": 27.470354781596203, "completition_cost": 0.0, "overshoot_cost": 52.19212472312957, "power_cost": 19.241941052246094, "noise_cost": 14.565393851683682, "n_waypoints_completed": 9, "tot_waypoints": 9}}
{"target": -189.43759492748413, "params": {"k_pid_pos": [1.169915657998405, 0.0, 0.1332156075125287], "k_pid_alt": [1.008413643878465, 0.0, 0.02194297666958317], "k_pid_att": [19.33824841206474, 0.0001, 0.045844868153884444], "k_pid_yaw": [0.5, 1e-06, 0.1], "k_pid_hsp": [0.3661641876607713, 0.07681983161745637, 0.0], "k_pid_vsp": [387.0357963742186, 42.21223346217321, 20.462602901850694]}, "datetime": {"datetime": "2025-08-21 18:39:39", "elapsed": 35695.994247198105, "delta": 17.615723133087158}, "costs": {"total_cost": 189.43759492748413, "time_cost": 70.0, "final_distance_cost": 1.8483780304280868, "oscillation_cost": 34.75163308490209, "completition_cost": 0.0, "overshoot_cost": 50.53747046547078, "power_cost": 18.707646520996093, "noise_cost": 13.592466825687072, "n_waypoints_completed": 9, "tot_waypoints": 9}}
{"target": -187.86511709391365, "params": {"k_pid_pos": [1.1286953943567835, 0.0, 0.13652828089556346], "k_pid_alt": [1.198447477835405, 0.0, 0.011867656732405453], "k_pid_att": [20.202081635273828, 0.0001, 0.6236787166048144], "k_pid_yaw": [0.5, 1e-06, 0.1], "k_pid_hsp": [0.12105865905187921, 0.0033039311800582803, 0.0], "k_pid_vsp": [400.0, 42.76317651815893, 18.222248071875917]}, "datetime": {"datetime": "2025-08-21 18:39:57", "elapsed": 35713.95226812363, "delta": 17.95802092552185}, "costs": {"total_cost": 187.86511709391365, "time_cost": 71.568, "final_distance_cost": 1.778800188578761, "oscillation_cost": 27.46871854121928, "completition_cost": 0.0, "overshoot_cost": 51.888117733142906, "power_cost": 20.00697575683594, "noise_cost": 15.154504874136764, "n_waypoints_completed": 9, "tot_waypoints": 9}}
{"target": -186.92453868261515, "params": {"k_pid_pos": [1.1247923968509084, 0.0, 0.1083065937790359], "k_pid_alt": [0.8257532176640447, 0.0, 0.015779110244809394], "k_pid_att": [16.0418510605549, 0.0001, 0.6451315496423531], "k_pid_yaw": [0.5, 1e-06, 0.1], "k_pid_hsp": [0.5533641108572571, 0.002961608729006514, 0.0], "k_pid_vsp": [399.4093032894888, 44.19412905127813, 14.696877462093317]}, "datetime": {"datetime": "2025-08-21 18:40:14", "elapsed": 35730.78603434563, "delta": 16.833766222000122}, "costs": {"total_cost": 186.92453868261515, "time_cost": 71.48, "final_distance_cost": 1.843677914606958, "oscillation_cost": 31.00176757164255, "completition_cost": 0.0, "overshoot_cost": 50.60599352411437, "power_cost": 18.52527712402344, "noise_cost": 13.46782254822783, "n_waypoints_completed": 9, "tot_waypoints": 9}}
{"target": -193.3700762195243, "params": {"k_pid_pos": [1.2001857973865906, 0.0, 0.14044917404349253], "k_pid_alt": [1.1627567583334575, 0.0, 0.011968428392315728], "k_pid_att": [11.573305840847205, 0.0001, 0.7362137401387333], "k_pid_yaw": [0.5, 1e-06, 0.1], "k_pid_hsp": [0.4871221649020234, 0.004842857382822245, 0.0], "k_pid_vsp": [400.0, 42.81387236035033, 16.682190732521786]}, "datetime": {"datetime": "2025-08-21 18:40:31", "elapsed": 35748.194378852844, "delta": 17.408344507217407}, "costs": {"total_cost": 193.3700762195243, "time_cost": 71.12, "final_distance_cost": 1.8294834833642175, "oscillation_cost": 30.84194328326684, "completition_cost": 0.0, "overshoot_cost": 51.293927686819586, "power_cost": 22.187693188476562, "noise_cost": 16.097028577597076, "n_waypoints_completed": 9, "tot_waypoints": 9}}
{"target": -170.6519133469605, "params": {"k_pid_pos": [1.1253816301358808, 0.018464540929056757, 0.13737001896730971], "k_pid_alt": [1.1942555676758069, 0.0, 0.015695024716181165], "k_pid_att": [15.48264514419737, 0.12940673396533808, 0.6658180842383024], "k_pid_yaw": [0.5, 1e-06, 0.1], "k_pid_hsp": [0.18176177427046242, 0.003274901267260761, 0.0], "k_pid_vsp": [387.9161460831256, 44.85808902721431, 17.79889998668465]}, "datetime": {"datetime": "2025-08-21 18:40:47", "elapsed": 35763.989245414734, "delta": 15.794866561889648}, "costs": {"total_cost": 170.6519133469605, "time_cost": 69.632, "final_distance_cost": 1.8156530920870528, "oscillation_cost": 29.241873591586263, "completition_cost": 0.0, "overshoot_cost": 50.612289235023844, "power_cost": 10.447206799316406, "noise_cost": 8.902890628946938, "n_waypoints_completed": 9, "tot_waypoints": 9}}
{"target": -180.57644517508785, "params": {"k_pid_pos": [1.2629935116087474, 0.0, 0.08166908010524986], "k_pid_alt": [1.0217261664209274, 0.0, 0.008523085138435632], "k_pid_att": [12.27404802361065, 0.0001, 0.6396097684764445], "k_pid_yaw": [0.5, 1e-06, 0.1], "k_pid_hsp": [0.12728846482506034, 0.0033375693250562713, 0.0], "k_pid_vsp": [400.0, 33.137206163668196, 24.209447217970045]}, "datetime": {"datetime": "2025-08-21 18:41:05", "elapsed": 35781.8675801754, "delta": 17.878334760665894}, "costs": {"total_cost": 180.57644517508785, "time_cost": 71.456, "final_distance_cost": 1.803297276961329, "oscillation_cost": 29.331824211951357, "completition_cost": 0.0, "overshoot_cost": 51.54614699116804, "power_cost": 14.652445520019532, "noise_cost": 11.786731174987585, "n_waypoints_completed": 9, "tot_waypoints": 9}}
{"target": -181.45623922552824, "params": {"k_pid_pos": [1.3507571725781706, 0.00017359226157532298, 0.13816825307248054], "k_pid_alt": [1.1998850661514826, 0.0, 0.022126381924184684], "k_pid_att": [15.044313611001286, 0.0001, 0.6334979353798205], "k_pid_yaw": [0.5, 1e-06, 0.1], "k_pid_hsp": [0.19531425430633506, 0.004367804674646574, 0.0], "k_pid_vsp": [395.4499143555139, 35.89000900025098, 15.915053746091356]}, "datetime": {"datetime": "2025-08-21 18:41:21", "elapsed": 35797.71952700615, "delta": 15.851946830749512}, "costs": {"total_cost": 181.45623922552824, "time_cost": 69.8, "final_distance_cost": 1.797017961107752, "oscillation_cost": 30.367758470945414, "completition_cost": 0.0, "overshoot_cost": 51.04627702732671, "power_cost": 15.955688574218751, "noise_cost": 12.48949719192962, "n_waypoints_completed": 9, "tot_waypoints": 9}}
{"target": -183.65047179272491, "params": {"k_pid_pos": [1.1242394452786642, 0.0, 0.08761136500569174], "k_pid_alt": [1.2139106774112975, 0.0, 0.01251736194534234], "k_pid_att": [15.374401312022721, 0.0001, 0.63859415140279], "k_pid_yaw": [0.5, 1e-06, 0.1], "k_pid_hsp": [0.12584173628649298, 0.0034967959580146416, 0.0], "k_pid_vsp": [391.4082250738478, 34.532220480776004, 13.816842574960113]}, "datetime": {"datetime": "2025-08-21 18:41:39", "elapsed": 35816.14239883423, "delta": 18.422871828079224}, "costs": {"total_cost": 183.65047179272491, "time_cost": 70.544, "final_distance_cost": 1.8138204126332726, "oscillation_cost": 28.193386320266296, "completition_cost": 0.0, "overshoot_cost": 51.27682531460456, "power_cost": 18.06226599121094, "noise_cost": 13.760173754009822, "n_waypoints_completed": 9, "tot_waypoints": 9}}
{"target": -186.2839322807839, "params": {"k_pid_pos": [1.1206379718444603, 0.0, 0.14348276194111775], "k_pid_alt": [1.3994846027475696, 0.0, 0.0145616201717604], "k_pid_att": [14.945979329579968, 0.0033069217970685284, 0.6295255923919019], "k_pid_yaw": [0.5, 1e-06, 0.1], "k_pid_hsp": [0.27142246955239874, 0.003622602605663496, 0.0], "k_pid_vsp": [400.0, 43.435639920759755, 20.130265377179366]}, "datetime": {"datetime": "2025-08-21 18:41:56", "elapsed": 35832.956990242004, "delta": 16.81459140777588}, "costs": {"total_cost": 186.2839322807839, "time_cost": 71.04, "final_distance_cost": 1.8411976810066593, "oscillation_cost": 29.051702256849403, "completition_cost": 0.0, "overshoot_cost": 51.972789945920326, "power_cost": 18.16554073486328, "noise_cost": 14.212701662144221, "n_waypoints_completed": 9, "tot_waypoints": 9}}
{"target": -173.92401149165943, "params": {"k_pid_pos": [1.1205478335599817, 0.0, 0.13257495794674018], "k_pid_alt": [1.1276831070924034, 0.0, 0.01661124086136709], "k_pid_att": [15.35906269028028, 0.0001, 0.6335873241408615], "k_pid_yaw": [0.5, 1e-06, 0.1], "k_pid_hsp": [0.13208890946152288, 0.0035671087034658414, 0.0], "k_pid_vsp": [400.0, 22.749651779609614, 4.82645332070845]}, "datetime": {"datetime": "2025-08-21 18:42:13", "elapsed": 35850.37350177765, "delta": 17.41651153564453}, "costs": {"total_cost": 173.92401149165943, "time_cost": 70.96000000000001, "final_distance_cost": 1.782066204648245, "oscillation_cost": 27.912894001399273, "completition_cost": 0.0, "overshoot_cost": 51.71137425949175, "power_cost": 10.91050634765625, "noise_cost": 10.647170678463912, "n_waypoints_completed": 9, "tot_waypoints": 9}}
{"target": -168.3937964425292, "params": {"k_pid_pos": [1.1705799119897702, 0.0, 0.13775185559694184], "k_pid_alt": [1.1940347194115755, 0.0, 0.017634876745258987], "k_pid_att": [11.496694717606998, 0.0001, 0.6201184179752288], "k_pid_yaw": [0.5, 1e-06, 0.1], "k_pid_hsp": [0.2569130719535644, 0.0, 0.0], "k_pid_vsp": [400.0, 51.989454996982275, 16.55205478073359]}, "datetime": {"datetime": "2025-08-21 18:42:30", "elapsed": 35866.831894397736, "delta": 16.45839262008667}, "costs": {"total_cost": 168.3937964425292, "time_cost": 70.008, "final_distance_cost": 1.8368973956013455, "oscillation_cost": 29.48170945569066, "completition_cost": 0.0, "overshoot_cost": 50.51148852097782, "power_cost": 8.231338708496095, "noise_cost": 8.324362361763281, "n_waypoints_completed": 9, "tot_waypoints": 9}}
{"target": -178.6242933158074, "params": {"k_pid_pos": [1.1412300540390083, 0.0, 0.13637105573594654], "k_pid_alt": [1.0310055391937192, 0.0, 0.014969892195844494], "k_pid_att": [18.619386835561468, 0.0001, 0.6686210513795627], "k_pid_yaw": [0.5, 1e-06, 0.1], "k_pid_hsp": [0.10355626242602206, 0.001107206107874229, 0.0], "k_pid_vsp": [400.0, 37.31428172119461, 18.560542439268325]}, "datetime": {"datetime": "2025-08-21 18:42:47", "elapsed": 35883.457463264465, "delta": 16.625568866729736}, "costs": {"total_cost": 178.6242933158074, "time_cost": 71.688, "final_distance_cost": 1.8016791219096797, "oscillation_cost": 26.680603704722454, "completition_cost": 0.0, "overshoot_cost": 52.17638819182173, "power_cost": 14.276167321777345, "noise_cost": 12.001454975576177, "n_waypoints_completed": 9, "tot_waypoints": 9}}
{"target": -175.23100314516012, "params": {"k_pid_pos": [1.16559288576246, 0.0, 0.14129391103729133], "k_pid_alt": [1.150551813112644, 0.0, 0.015595905334526131], "k_pid_att": [18.720984649412156, 0.0001, 0.638560618687864], "k_pid_yaw": [0.5, 1e-06, 0.1], "k_pid_hsp": [0.06271344391548489, 0.0033766168611438644, 0.0], "k_pid_vsp": [400.0, 50.42033927424767, 14.531855099653948]}, "datetime": {"datetime": "2025-08-21 18:43:06", "elapsed": 35902.77816820145, "delta": 19.3207049369812}, "costs": {"total_cost": 175.23100314516012, "time_cost": 75.112, "final_distance_cost": 1.731132204214127, "oscillation_cost": 26.13671086319244, "completition_cost": 0.0, "overshoot_cost": 52.37934974914782, "power_cost": 10.521775341796875, "noise_cost": 9.350034986808854, "n_waypoints_completed": 9, "tot_waypoints": 9}}
{"target": -175.4713498965229, "params": {"k_pid_pos": [1.1212913393023785, 0.0, 0.1333837282498978], "k_pid_alt": [1.1233536374744397, 0.0, 0.0072919315578990306], "k_pid_att": [17.901659440050363, 0.0001, 0.6410897954256272], "k_pid_yaw": [0.5, 1e-06, 0.1], "k_pid_hsp": [0.12840290495236972, 0.003483807114627211, 0.0], "k_pid_vsp": [400.0, 41.97368771748566, 17.07487966884631]}, "datetime": {"datetime": "2025-08-21 18:43:22", "elapsed": 35918.65844082832, "delta": 15.880272626876831}, "costs": {"total_cost": 175.4713498965229, "time_cost": 70.384, "final_distance_cost": 1.7808906156587787, "oscillation_cost": 27.980503286495974, "completition_cost": 0.0, "overshoot_cost": 51.61083621166878, "power_cost": 13.228085388183594, "noise_cost": 10.487034394515785, "n_waypoints_completed": 9, "tot_waypoints": 9}}
{"target": -169.21536287023733, "params": {"k_pid_pos": [1.1874857093349183, 0.0, 0.13998028428473797], "k_pid_alt": [0.8957386593722116, 0.0, 0.014302212434529754], "k_pid_att": [14.362120205514968, 0.0001, 0.6377150690381851], "k_pid_yaw": [0.5, 1e-06, 0.1], "k_pid_hsp": [0.12494744312326501, 0.00013487890305385278, 0.0], "k_pid_vsp": [400.0, 40.46732328346863, 17.468961036176495]}, "datetime": {"datetime": "2025-08-21 18:43:40", "elapsed": 35936.74597406387, "delta": 18.087533235549927}, "costs": {"total_cost": 169.21536287023733, "time_cost": 71.76, "final_distance_cost": 1.7945381865779282, "oscillation_cost": 27.725421622879335, "completition_cost": 0.0, "overshoot_cost": 51.83613592441513, "power_cost": 8.009832043457031, "noise_cost": 8.089435092907918, "n_waypoints_completed": 9, "tot_waypoints": 9}}
{"target": -177.0067822542193, "params": {"k_pid_pos": [1.1169132445894696, 0.0, 0.14763652119924073], "k_pid_alt": [1.192327257795169, 0.0, 0.01244554727202657], "k_pid_att": [15.519009302014284, 0.0001, 0.6405182012135946], "k_pid_yaw": [0.5, 1e-06, 0.1], "k_pid_hsp": [0.12540816558662948, 0.003318547191172186, 0.0], "k_pid_vsp": [400.0, 51.22054916515246, 18.51880236037937]}, "datetime": {"datetime": "2025-08-21 18:43:56", "elapsed": 35952.81270098686, "delta": 16.06672692298889}, "costs": {"total_cost": 177.0067822542193, "time_cost": 70.376, "final_distance_cost": 1.7917578744965517, "oscillation_cost": 27.48879781390246, "completition_cost": 0.0, "overshoot_cost": 51.04210731033413, "power_cost": 14.419196337890625, "noise_cost": 11.88892291759552, "n_waypoints_completed": 9, "tot_waypoints": 9}}
{"target": -180.44164907861605, "params": {"k_pid_pos": [1.140015258618459, 0.0, 0.1404779701332929], "k_pid_alt": [1.228240388160169, 0.0, 0.015460145427937295], "k_pid_att": [17.054107138883037, 0.0001, 0.6326802216811299], "k_pid_yaw": [0.5, 1e-06, 0.1], "k_pid_hsp": [0.15088888363365258, 0.001425423843572031, 0.0], "k_pid_vsp": [400.0, 49.57350665804662, 21.47894011537219]}, "datetime": {"datetime": "2025-08-21 18:44:14", "elapsed": 35971.416100263596, "delta": 18.6033992767334}, "costs": {"total_cost": 180.44164907861605, "time_cost": 71.016, "final_distance_cost": 1.8269500219374772, "oscillation_cost": 27.943481553839668, "completition_cost": 0.0, "overshoot_cost": 51.544939580735765, "power_cost": 15.556422424316407, "noise_cost": 12.553855497786733, "n_waypoints_completed": 9, "tot_waypoints": 9}}
