{"target": -179.85186051824917, "params": {"k_pid_pos": [1.192087400689378, 0.0, 0.14257484302669063], "k_pid_alt": [0.8431909376380096, 0.0, 0.007929950710281864], "k_pid_att": [15.321441098855626, 0.0001, 0.628668215854057], "k_pid_yaw": [0.5, 1e-06, 0.1], "k_pid_hsp": [0.1221834098008384, 0.0025650111344618937, 0.0], "k_pid_vsp": [386.4552136526124, 16.976896051396704, 13.438461784613903]}, "datetime": {"datetime": "2025-08-21 15:12:10", "elapsed": 23247.14299607277, "delta": 16.73491621017456}, "costs": {"total_cost": 179.85186051824917, "time_cost": 72.16, "final_distance_cost": 1.8054055969535578, "oscillation_cost": 28.181650841153076, "completition_cost": 0.0, "overshoot_cost": 51.72496620558619, "power_cost": 14.368193176269532, "noise_cost": 11.611644698286835, "n_waypoints_completed": 9, "tot_waypoints": 9}}
{"target": -171.04189282491922, "params": {"k_pid_pos": [1.0950366908130158, 0.0, 0.12954695598609586], "k_pid_alt": [1.0637944074681043, 0.0, 0.010140300524811232], "k_pid_att": [14.127937804166642, 0.0001, 0.5580218422653939], "k_pid_yaw": [0.5, 1e-06, 0.1], "k_pid_hsp": [0.13267485856644745, 0.003739107993609402, 0.0], "k_pid_vsp": [383.7261479834879, 13.20103850297437, 14.815906674449478]}, "datetime": {"datetime": "2025-08-21 15:12:26", "elapsed": 23262.748519659042, "delta": 15.605523586273193}, "costs": {"total_cost": 171.04189282491922, "time_cost": 70.936, "final_distance_cost": 1.8122898021479206, "oscillation_cost": 27.568169957440674, "completition_cost": 0.0, "overshoot_cost": 51.61559111729435, "power_cost": 10.233955749511718, "noise_cost": 8.87588619852453, "n_waypoints_completed": 9, "tot_waypoints": 9}}
{"target": -178.99755864023084, "params": {"k_pid_pos": [1.006309344759517, 0.0, 0.12605388091337194], "k_pid_alt": [1.083101611975373, 0.0, 0.009235988738327294], "k_pid_att": [15.345262403715846, 0.0001, 0.6013878290688184], "k_pid_yaw": [0.5, 1e-06, 0.1], "k_pid_hsp": [0.12160458171243672, 0.0, 0.0], "k_pid_vsp": [395.0890846778508, 23.81327916247364, 18.10683140621721]}, "datetime": {"datetime": "2025-08-21 15:12:42", "elapsed": 23279.173045158386, "delta": 16.424525499343872}, "costs": {"total_cost": 178.99755864023084, "time_cost": 71.144, "final_distance_cost": 1.8061094135702165, "oscillation_cost": 26.335786135379067, "completition_cost": 0.0, "overshoot_cost": 51.02545370856313, "power_cost": 15.894791809082031, "noise_cost": 12.791417573636407, "n_waypoints_completed": 9, "tot_waypoints": 9}}
{"target": -180.4424547597976, "params": {"k_pid_pos": [1.1116816576401438, 0.0, 0.12491122576767641], "k_pid_alt": [1.0715822521650715, 0.0, 0.008919267928934507], "k_pid_att": [15.996012334310741, 0.0001, 0.6490474873835668], "k_pid_yaw": [0.5, 1e-06, 0.1], "k_pid_hsp": [0.38296114827907307, 0.002624079588908342, 0.0], "k_pid_vsp": [400.0, 10.963827700968771, 20.521998406111948]}, "datetime": {"datetime": "2025-08-21 15:12:58", "elapsed": 23294.767098665237, "delta": 15.594053506851196}, "costs": {"total_cost": 180.4424547597976, "time_cost": 71.2, "final_distance_cost": 1.8428987229601166, "oscillation_cost": 30.37725450409636, "completition_cost": 0.0, "overshoot_cost": 51.24262012651648, "power_cost": 14.259932946777344, "noise_cost": 11.51974845944729, "n_waypoints_completed": 9, "tot_waypoints": 9}}
{"target": -167.20131602952006, "params": {"k_pid_pos": [1.1169002252541869, 0.0, 0.1276102858840526], "k_pid_alt": [1.0399011123202908, 0.0, 0.010014144351372257], "k_pid_att": [11.642600676169407, 0.0001, 0.6163205055082692], "k_pid_yaw": [0.5, 1e-06, 0.1], "k_pid_hsp": [0.13398135561759922, 0.0035833037065164768, 0.0], "k_pid_vsp": [400.0, 18.828465982048456, 14.186670417899006]}, "datetime": {"datetime": "2025-08-21 15:13:15", "elapsed": 23312.197447538376, "delta": 17.430348873138428}, "costs": {"total_cost": 167.20131602952006, "time_cost": 71.08, "final_distance_cost": 1.8030684670744697, "oscillation_cost": 27.87769650495567, "completition_cost": 0.0, "overshoot_cost": 51.4483769005639, "power_cost": 7.571148803710938, "noise_cost": 7.421025353215065, "n_waypoints_completed": 9, "tot_waypoints": 9}}
{"target": -179.57306133945534, "params": {"k_pid_pos": [1.1158359408032377, 0.0, 0.12198750849512421], "k_pid_alt": [0.9654956387023806, 0.0, 0.008193623855773153], "k_pid_att": [16.26881787845415, 0.0001, 0.6155189692370288], "k_pid_yaw": [0.5, 1e-06, 0.1], "k_pid_hsp": [0.22170268913828411, 0.0008079944447803274, 0.0], "k_pid_vsp": [400.0, 25.759716020127204, 14.27488186663319]}, "datetime": {"datetime": "2025-08-21 15:13:32", "elapsed": 23328.608803987503, "delta": 16.411356449127197}, "costs": {"total_cost": 179.57306133945534, "time_cost": 70.784, "final_distance_cost": 1.826508549562655, "oscillation_cost": 28.89874439172818, "completition_cost": 0.0, "overshoot_cost": 50.51166286532653, "power_cost": 15.686944482421875, "noise_cost": 11.865201050416083, "n_waypoints_completed": 9, "tot_waypoints": 9}}
{"target": -167.4455828251466, "params": {"k_pid_pos": [1.1079446357989367, 0.0, 0.16079536238881462], "k_pid_alt": [0.9645973943687294, 0.0, 0.010106928388985323], "k_pid_att": [27.408990981839437, 0.0001, 0.6990671713646739], "k_pid_yaw": [0.5, 1e-06, 0.1], "k_pid_hsp": [0.155513461013236, 0.004265802445681568, 0.0], "k_pid_vsp": [367.8586702172102, 6.52713641765868, 14.891693695661164]}, "datetime": {"datetime": "2025-08-21 15:13:48", "elapsed": 23344.622101306915, "delta": 16.01329731941223}, "costs": {"total_cost": 167.4455828251466, "time_cost": 71.184, "final_distance_cost": 1.8259710716636133, "oscillation_cost": 30.85659321709428, "completition_cost": 0.0, "overshoot_cost": 50.98224237858727, "power_cost": 6.1208452758789065, "noise_cost": 6.475930881922528, "n_waypoints_completed": 9, "tot_waypoints": 9}}
{"target": -178.3173927210811, "params": {"k_pid_pos": [1.131749195940472, 0.0, 0.1154450447387675], "k_pid_alt": [1.0441841513907462, 0.0, 0.008880044049411876], "k_pid_att": [17.88569661259509, 0.0001, 0.6010820202721378], "k_pid_yaw": [0.5, 1e-06, 0.1], "k_pid_hsp": [0.14227533761270594, 0.0026075189631247025, 0.0], "k_pid_vsp": [383.13960290403065, 26.498470757376655, 15.877833596596522]}, "datetime": {"datetime": "2025-08-21 15:14:05", "elapsed": 23362.074501514435, "delta": 17.45240020751953}, "costs": {"total_cost": 178.3173927210811, "time_cost": 71.408, "final_distance_cost": 1.7910724363076984, "oscillation_cost": 27.956158284902862, "completition_cost": 0.0, "overshoot_cost": 51.544172633520155, "power_cost": 14.062862377929688, "noise_cost": 11.555126988420675, "n_waypoints_completed": 9, "tot_waypoints": 9}}
{"target": -181.28167341632482, "params": {"k_pid_pos": [1.120224627898057, 0.0, 0.12156642814009824], "k_pid_alt": [0.8478801161073276, 0.0, 0.009563005515696582], "k_pid_att": [9.013662639109086, 0.0001, 0.46917475893689087], "k_pid_yaw": [0.5, 1e-06, 0.1], "k_pid_hsp": [0.08847880964737077, 0.00106536713187173, 0.0], "k_pid_vsp": [395.5567974008466, 15.767104815405244, 25.110869683783754]}, "datetime": {"datetime": "2025-08-21 15:14:23", "elapsed": 23379.761862039566, "delta": 17.687360525131226}, "costs": {"total_cost": 181.28167341632482, "time_cost": 75.464, "final_distance_cost": 1.8065616615198732, "oscillation_cost": 27.720177551674343, "completition_cost": 0.0, "overshoot_cost": 53.49344589155913, "power_cost": 12.093917993164062, "noise_cost": 10.70357031840741, "n_waypoints_completed": 9, "tot_waypoints": 9}}
{"target": -165.59928496592914, "params": {"k_pid_pos": [1.1700124856851357, 0.0, 0.13636361070241929], "k_pid_alt": [1.0293544445169123, 0.0, 0.007641554363498802], "k_pid_att": [22.381959016503263, 0.0001, 0.5819628067581352], "k_pid_yaw": [0.5, 1e-06, 0.1], "k_pid_hsp": [0.41161645394251634, 0.0026016492819548325, 0.0], "k_pid_vsp": [394.92174111999793, 12.958446040840764, 26.89405951470418]}, "datetime": {"datetime": "2025-08-21 15:14:39", "elapsed": 23396.253341913223, "delta": 16.491479873657227}, "costs": {"total_cost": 165.59928496592914, "time_cost": 71.24, "final_distance_cost": 1.8307656119305051, "oscillation_cost": 30.48437561634951, "completition_cost": 0.0, "overshoot_cost": 51.479390207344004, "power_cost": 4.621885070800781, "noise_cost": 5.9428684595043535, "n_waypoints_completed": 9, "tot_waypoints": 9}}
{"target": -187.54031584197182, "params": {"k_pid_pos": [1.1312852479652986, 0.0, 0.12984167320458806], "k_pid_alt": [0.9783617605624438, 0.0, 0.00968361128069092], "k_pid_att": [12.11915127661019, 0.0001, 0.6434199091439573], "k_pid_yaw": [0.5, 1e-06, 0.1], "k_pid_hsp": [0.1347802784754475, 0.003901096891032396, 0.0], "k_pid_vsp": [385.54301064651287, 18.269417873373655, 16.875070331403712]}, "datetime": {"datetime": "2025-08-21 15:14:56", "elapsed": 23413.10941696167, "delta": 16.856075048446655}, "costs": {"total_cost": 187.54031584197182, "time_cost": 72.19200000000001, "final_distance_cost": 1.8163844428226683, "oscillation_cost": 27.741616350744344, "completition_cost": 0.0, "overshoot_cost": 51.75338513080828, "power_cost": 19.711666857910156, "noise_cost": 14.325263059686371, "n_waypoints_completed": 9, "tot_waypoints": 9}}
{"target": -183.1253701060102, "params": {"k_pid_pos": [1.1197559668471426, 0.0, 0.09838598741442116], "k_pid_alt": [1.0238026903635908, 0.0, 0.0049771475477534965], "k_pid_att": [6.645244295832365, 0.0001, 0.5418826552779813], "k_pid_yaw": [0.5, 1e-06, 0.1], "k_pid_hsp": [0.09954343098751223, 0.0026500751305793564, 0.0], "k_pid_vsp": [380.7258918690278, 21.23980786263744, 18.35995907927838]}, "datetime": {"datetime": "2025-08-21 15:15:13", "elapsed": 23429.746767044067, "delta": 16.63735008239746}, "costs": {"total_cost": 183.1253701060102, "time_cost": 72.416, "final_distance_cost": 1.8059886377540255, "oscillation_cost": 26.988460913062237, "completition_cost": 0.0, "overshoot_cost": 52.378165514234254, "power_cost": 16.840154699707032, "noise_cost": 12.696600341252637, "n_waypoints_completed": 9, "tot_waypoints": 9}}
{"target": -172.65735853490082, "params": {"k_pid_pos": [1.0945165298311719, 0.0, 0.192668817390523], "k_pid_alt": [1.3381763673831926, 0.0, 0.0010846885879441806], "k_pid_att": [15.51987242649688, 0.0001, 0.638536539834783], "k_pid_yaw": [0.5, 1e-06, 0.1], "k_pid_hsp": [0.5572201213571079, 0.0, 0.0], "k_pid_vsp": [388.2239757170147, 79.31025413654555, 6.93925287206951]}, "datetime": {"datetime": "2025-08-21 15:15:30", "elapsed": 23446.533187627792, "delta": 16.786420583724976}, "costs": {"total_cost": 172.65735853490082, "time_cost": 70.096, "final_distance_cost": 1.838020510667868, "oscillation_cost": 30.016428219437593, "completition_cost": 0.0, "overshoot_cost": 49.90869323990231, "power_cost": 10.276590039062501, "noise_cost": 10.521626525830536, "n_waypoints_completed": 9, "tot_waypoints": 9}}
{"target": -178.3553304308719, "params": {"k_pid_pos": [1.1045791328962058, 0.0, 0.19278002337925593], "k_pid_alt": [0.9759086168812411, 0.0, 0.011288312832176314], "k_pid_att": [11.584223559973918, 0.0001, 0.5777334337184524], "k_pid_yaw": [0.5, 1e-06, 0.1], "k_pid_hsp": [0.1566863963105477, 0.003412546107338729, 0.0], "k_pid_vsp": [400.0, 36.292748889576814, 14.274870910605618]}, "datetime": {"datetime": "2025-08-21 15:15:46", "elapsed": 23463.125185012817, "delta": 16.591997385025024}, "costs": {"total_cost": 178.3553304308719, "time_cost": 70.872, "final_distance_cost": 1.818037847616629, "oscillation_cost": 27.802305386284964, "completition_cost": 0.0, "overshoot_cost": 50.93405732375913, "power_cost": 14.744890893554688, "noise_cost": 12.184038979656481, "n_waypoints_completed": 9, "tot_waypoints": 9}}
{"target": -184.56049050525584, "params": {"k_pid_pos": [0.8805897429681234, 0.0, 0.1536575223381736], "k_pid_alt": [1.102638726198013, 0.0, 0.011361962379620446], "k_pid_att": [24.12580434928742, 0.0001, 0.6747274265272791], "k_pid_yaw": [0.5, 1e-06, 0.1], "k_pid_hsp": [0.5777380675969396, 0.0023816082816556974, 0.0], "k_pid_vsp": [400.0, 17.273608889121085, 7.472013044078167]}, "datetime": {"datetime": "2025-08-21 15:16:03", "elapsed": 23479.984172582626, "delta": 16.85898756980896}, "costs": {"total_cost": 184.56049050525584, "time_cost": 73.68, "final_distance_cost": 1.8536581082201313, "oscillation_cost": 27.920970531138135, "completition_cost": 0.0, "overshoot_cost": 51.70192574720399, "power_cost": 15.789422338867189, "noise_cost": 13.614513779826382, "n_waypoints_completed": 9, "tot_waypoints": 9}}
{"target": -175.2007021843944, "params": {"k_pid_pos": [1.2672233463593823, 0.0, 0.12184845638066899], "k_pid_alt": [0.9952714868140916, 0.0, 0.011655549807361464], "k_pid_att": [13.99886107156714, 0.0001, 0.6213055516235482], "k_pid_yaw": [0.5, 1e-06, 0.1], "k_pid_hsp": [0.40243009815637665, 0.0028894443404918826, 0.0], "k_pid_vsp": [400.0, 15.639696685274346, 50.630305371394726]}, "datetime": {"datetime": "2025-08-21 15:16:19", "elapsed": 23496.40820002556, "delta": 16.42402744293213}, "costs": {"total_cost": 175.2007021843944, "time_cost": 69.424, "final_distance_cost": 1.829115720615472, "oscillation_cost": 31.009061255698, "completition_cost": 0.0, "overshoot_cost": 50.24100630248324, "power_cost": 12.574480566406251, "noise_cost": 10.123038339191442, "n_waypoints_completed": 9, "tot_waypoints": 9}}
{"target": -173.6298559349563, "params": {"k_pid_pos": [1.2174577757550038, 0.0, 0.10940865035688874], "k_pid_alt": [0.9909464693443925, 0.0, 4.212473947051362e-05], "k_pid_att": [15.118035090243321, 0.0001, 0.5370949423588763], "k_pid_yaw": [0.5, 1e-06, 0.1], "k_pid_hsp": [0.5894967702195952, 0.001866139819262746, 0.0], "k_pid_vsp": [400.0, 38.52390939424808, 16.28742492112162]}, "datetime": {"datetime": "2025-08-21 15:16:36", "elapsed": 23512.992203950882, "delta": 16.584003925323486}, "costs": {"total_cost": 173.6298559349563, "time_cost": 70.416, "final_distance_cost": 1.8427179287358944, "oscillation_cost": 31.082752297550503, "completition_cost": 0.0, "overshoot_cost": 50.39235273013945, "power_cost": 10.351053881835938, "noise_cost": 9.544979096694545, "n_waypoints_completed": 9, "tot_waypoints": 9}}
{"target": -188.49617762427442, "params": {"k_pid_pos": [1.0828416490572093, 0.0, 0.1408343977017816], "k_pid_alt": [0.9549430462380539, 0.0, 0.009805902048234552], "k_pid_att": [40.58881826347702, 0.0001, 0.9957209557656734], "k_pid_yaw": [0.5, 1e-06, 0.1], "k_pid_hsp": [0.7984317669944584, 0.004934653013388445, 0.0], "k_pid_vsp": [387.21837733993704, 5.171129753336768, 7.7104001944945075]}, "datetime": {"datetime": "2025-08-21 15:16:53", "elapsed": 23529.68496465683, "delta": 16.692760705947876}, "costs": {"total_cost": 188.49617762427442, "time_cost": 72.47200000000001, "final_distance_cost": 1.8474136829312278, "oscillation_cost": 31.07626409958517, "completition_cost": 0.0, "overshoot_cost": 51.27986773098079, "power_cost": 17.653196252441408, "noise_cost": 14.167435858335807, "n_waypoints_completed": 9, "tot_waypoints": 9}}
{"target": -181.3362861609831, "params": {"k_pid_pos": [1.1219833615216637, 0.0, 0.1423863783940746], "k_pid_alt": [0.9453946369151591, 0.0, 0.010378599076770679], "k_pid_att": [14.27216201707812, 0.0001, 0.6181191303105622], "k_pid_yaw": [0.5, 1e-06, 0.1], "k_pid_hsp": [0.11567721645969493, 0.002275896508107754, 0.0], "k_pid_vsp": [397.21396511343846, 23.642885197525473, 14.943387396598064]}, "datetime": {"datetime": "2025-08-21 15:17:10", "elapsed": 23546.564850330353, "delta": 16.87988567352295}, "costs": {"total_cost": 181.3362861609831, "time_cost": 71.568, "final_distance_cost": 1.7795215309072665, "oscillation_cost": 27.370605451900623, "completition_cost": 0.0, "overshoot_cost": 51.21221329629942, "power_cost": 16.616383947753906, "noise_cost": 12.789561934121865, "n_waypoints_completed": 9, "tot_waypoints": 9}}
{"target": -184.41797956495185, "params": {"k_pid_pos": [1.1133176383465124, 0.0, 0.13763373162211504], "k_pid_alt": [1.1786103963667605, 0.0, 0.010165977084020318], "k_pid_att": [10.768489643853897, 0.0001, 0.685265951918826], "k_pid_yaw": [0.5, 1e-06, 0.1], "k_pid_hsp": [0.30133889380990925, 0.0026506002025613244, 0.0], "k_pid_vsp": [387.7577719086807, 11.212158709729037, 16.591207047642257]}, "datetime": {"datetime": "2025-08-21 15:17:26", "elapsed": 23562.790509223938, "delta": 16.225658893585205}, "costs": {"total_cost": 184.41797956495185, "time_cost": 70.944, "final_distance_cost": 1.8346264946988176, "oscillation_cost": 29.924298410301255, "completition_cost": 0.0, "overshoot_cost": 51.25138096718683, "power_cost": 17.082105810546874, "noise_cost": 13.381567882218057, "n_waypoints_completed": 9, "tot_waypoints": 9}}
{"target": -161.49801714482183, "params": {"k_pid_pos": [1.1254815475628752, 0.0, 0.13863420108367228], "k_pid_alt": [1.2064640749962512, 0.0, 0.01592655552912299], "k_pid_att": [14.939632203230815, 0.0001, 0.6342149306777852], "k_pid_yaw": [0.5, 1e-06, 0.1], "k_pid_hsp": [0.12350693096376082, 0.0035053515387985573, 0.0], "k_pid_vsp": [400.0, 43.081193912355104, 18.82087920585268]}, "datetime": {"datetime": "2025-08-21 15:17:43", "elapsed": 23579.605639457703, "delta": 16.81513023376465}, "costs": {"total_cost": 161.49801714482183, "time_cost": 70.92, "final_distance_cost": 1.7807797780004597, "oscillation_cost": 27.429252471976838, "completition_cost": 0.0, "overshoot_cost": 51.561066755405044, "power_cost": 4.263100927734375, "noise_cost": 5.543817211705121, "n_waypoints_completed": 9, "tot_waypoints": 9}}
{"target": -202.58181749064033, "params": {"k_pid_pos": [1.1360750329865619, 0.0, 0.043737677693698726], "k_pid_alt": [0.8585674740198579, 0.0, 0.005762430961081892], "k_pid_att": [31.23503016874809, 0.0001, 0.7869367973228963], "k_pid_yaw": [0.5, 1e-06, 0.1], "k_pid_hsp": [0.06338019421254248, 0.04786424151341479, 0.0], "k_pid_vsp": [375.34782768940744, 35.83078393685938, 10.249637422631734]}, "datetime": {"datetime": "2025-08-21 15:18:01", "elapsed": 23597.86495780945, "delta": 18.259318351745605}, "costs": {"total_cost": 202.58181749064033, "time_cost": 77.32000000000001, "final_distance_cost": 1.7782326976214373, "oscillation_cost": 43.824228712706926, "completition_cost": 0.0, "overshoot_cost": 53.60756306174633, "power_cost": 13.94610975341797, "noise_cost": 12.105683265147661, "n_waypoints_completed": 9, "tot_waypoints": 9}}
{"target": -179.06482997213104, "params": {"k_pid_pos": [1.1131418852051418, 0.0, 0.13020099966679785], "k_pid_alt": [0.9072968707125904, 0.0, 0.01031484517045184], "k_pid_att": [50.80546488751604, 0.0001, 0.5719213384445774], "k_pid_yaw": [0.5, 1e-06, 0.1], "k_pid_hsp": [0.20327755493123842, 0.0009220987509011994, 0.0], "k_pid_vsp": [399.72908534863546, 11.833606966645451, 24.590725215173347]}, "datetime": {"datetime": "2025-08-21 15:18:18", "elapsed": 23615.118626117706, "delta": 17.253668308258057}, "costs": {"total_cost": 179.06482997213104, "time_cost": 72.2, "final_distance_cost": 1.8311843532527432, "oscillation_cost": 34.436767718596144, "completition_cost": 0.0, "overshoot_cost": 51.5877833891573, "power_cost": 9.93323817138672, "noise_cost": 9.075856339738126, "n_waypoints_completed": 9, "tot_waypoints": 9}}
{"target": -180.60347720898827, "params": {"k_pid_pos": [1.121584429362784, 0.0, 0.10356118114868479], "k_pid_alt": [0.9824298165887038, 0.0, 0.009698963366728926], "k_pid_att": [10.80858929170153, 0.0001, 0.5954962472904968], "k_pid_yaw": [0.5, 1e-06, 0.1], "k_pid_hsp": [0.39232817749293775, 0.004139786779666018, 0.0], "k_pid_vsp": [385.84502933395646, 21.015119038237092, 14.324654917207674]}, "datetime": {"datetime": "2025-08-21 15:18:35", "elapsed": 23632.04642701149, "delta": 16.92780089378357}, "costs": {"total_cost": 180.60347720898827, "time_cost": 70.888, "final_distance_cost": 1.8367035890270018, "oscillation_cost": 30.805020864707, "completition_cost": 0.0, "overshoot_cost": 51.05754733045702, "power_cost": 14.400957202148438, "noise_cost": 11.61524822264879, "n_waypoints_completed": 9, "tot_waypoints": 9}}
{"target": -177.01639873770728, "params": {"k_pid_pos": [0.9643625193184975, 0.0, 0.12729470222412909], "k_pid_alt": [1.1627149199407079, 0.0, 0.007804719242695019], "k_pid_att": [17.347579126304606, 0.0001, 0.7820217790270154], "k_pid_yaw": [0.5, 1e-06, 0.1], "k_pid_hsp": [0.339758781660128, 0.0, 0.0], "k_pid_vsp": [396.9654220012888, 29.56450630578654, 18.36002778048467]}, "datetime": {"datetime": "2025-08-21 15:18:52", "elapsed": 23648.46774506569, "delta": 16.42131805419922}, "costs": {"total_cost": 177.01639873770728, "time_cost": 70.872, "final_distance_cost": 1.8470712594765855, "oscillation_cost": 30.27951614033448, "completition_cost": 0.0, "overshoot_cost": 50.52110408254654, "power_cost": 12.45807684326172, "noise_cost": 11.038630412087972, "n_waypoints_completed": 9, "tot_waypoints": 9}}
{"target": -185.9214512728716, "params": {"k_pid_pos": [1.128982603962217, 0.20420638280231762, 0.12139850916765225], "k_pid_alt": [0.9507583167256081, 0.0, 0.009794378266502432], "k_pid_att": [19.41546833546895, 0.0705120036349606, 0.6449423053966628], "k_pid_yaw": [0.5, 1e-06, 0.1], "k_pid_hsp": [0.10928895037992922, 0.0004651521963875816, 0.0], "k_pid_vsp": [388.14226149815977, 21.595686692962076, 14.609012407642538]}, "datetime": {"datetime": "2025-08-21 15:19:08", "elapsed": 23665.43028664589, "delta": 16.962541580200195}, "costs": {"total_cost": 185.9214512728716, "time_cost": 75.464, "final_distance_cost": 1.7478985291763094, "oscillation_cost": 28.246286444084284, "completition_cost": 0.0, "overshoot_cost": 51.907867554695876, "power_cost": 16.36873698730469, "noise_cost": 12.186661757610448, "n_waypoints_completed": 9, "tot_waypoints": 9}}
