{"target": -1622.8063274537828, "params": {"k_pid_pos": [1.3305978300970085, 0.0, 0.8695636389906747], "k_pid_alt": [0.9723616093799948, 0.0, 0.480535160032005], "k_pid_att": [32.054818239138704, 0.9473268942504443, 0.0], "k_pid_yaw": [0.5, 1e-06, 0.1], "k_pid_hsp": [0.0001, 0.7994280289636463, 1.0], "k_pid_vsp": [349.82069445235675, 1e-06, 216.60215879647302]}, "datetime": {"datetime": "2025-08-21 09:55:39", "elapsed": 4256.216152906418, "delta": 25.410851001739502}, "costs": {"total_cost": 1622.8063274537828, "time_cost": 150, "final_distance_cost": 142.73761527580086, "oscillation_cost": 468.07193857550624, "completition_cost": 666.6666666666667, "overshoot_cost": 159.7697664951822, "power_cost": 20.215273950195314, "noise_cost": 15.34506649043143, "n_waypoints_completed": 3, "tot_waypoints": 9}}
{"target": -182.75826449034332, "params": {"k_pid_pos": [0.8304382507737519, 0.0, 0.0], "k_pid_alt": [0.5951746798959394, 0.0, 0.0], "k_pid_att": [23.749103116175647, 1.3527126599668962, 0.0], "k_pid_yaw": [0.5, 1e-06, 0.1], "k_pid_hsp": [0.2669881683651085, 0.0, 0.0], "k_pid_vsp": [248.56924489192, 1e-06, 1e-06]}, "datetime": {"datetime": "2025-08-21 09:56:01", "elapsed": 4278.160603046417, "delta": 21.94445013999939}, "costs": {"total_cost": 182.75826449034332, "time_cost": 75.888, "final_distance_cost": 1.8426633157976093, "oscillation_cost": 30.94814981679076, "completition_cost": 0.0, "overshoot_cost": 51.3958498127028, "power_cost": 11.326397399902344, "noise_cost": 11.357204145149794, "n_waypoints_completed": 9, "tot_waypoints": 9}}
{"target": -181.45827954967191, "params": {"k_pid_pos": [1.2946952958217932, 0.0, 0.0], "k_pid_alt": [0.8889344757628093, 0.0038993135290984722, 0.0], "k_pid_att": [43.78270554004723, 1.5100049611941206, 0.0], "k_pid_yaw": [0.5, 1e-06, 0.1], "k_pid_hsp": [0.42403368283334464, 0.0, 0.0], "k_pid_vsp": [358.40815567303406, 1e-06, 1e-06]}, "datetime": {"datetime": "2025-08-21 09:56:22", "elapsed": 4299.061816453934, "delta": 20.90121340751648}, "costs": {"total_cost": 181.45827954967191, "time_cost": 71.2, "final_distance_cost": 1.8249582414322514, "oscillation_cost": 34.21389344437699, "completition_cost": 0.0, "overshoot_cost": 51.308149203899276, "power_cost": 11.848480505371095, "noise_cost": 11.062798154592292, "n_waypoints_completed": 9, "tot_waypoints": 9}}
{"target": -212.66355783712038, "params": {"k_pid_pos": [0.8314078027385717, 0.44739589911485345, 0.7551139040908544], "k_pid_alt": [0.9002438646968316, 0.0, 0.0], "k_pid_att": [25.025233340824283, 0.0001, 0.20202114397017246], "k_pid_yaw": [0.5, 1e-06, 0.1], "k_pid_hsp": [0.1696547576887204, 0.0, 0.00413372713866755], "k_pid_vsp": [385.60095668174955, 12.222236088195308, 1e-06]}, "datetime": {"datetime": "2025-08-21 09:56:47", "elapsed": 4323.592275619507, "delta": 24.53045916557312}, "costs": {"total_cost": 212.66355783712038, "time_cost": 92.11200000000001, "final_distance_cost": 1.8178742155232077, "oscillation_cost": 32.40087625536601, "completition_cost": 0.0, "overshoot_cost": 53.247954347720935, "power_cost": 17.71545164794922, "noise_cost": 15.369401370561, "n_waypoints_completed": 9, "tot_waypoints": 9}}
{"target": -1205.114248028123, "params": {"k_pid_pos": [1.6006979727511774, 0.0, 0.06435941281482138], "k_pid_alt": [0.8708777290109518, 0.0, 0.14994664584881903], "k_pid_att": [28.936367332343714, 0.6044609083996448, 0.0], "k_pid_yaw": [0.5, 1e-06, 0.1], "k_pid_hsp": [0.0001, 0.0, 0.0], "k_pid_vsp": [378.9411428921064, 40.961189411558195, 1e-06]}, "datetime": {"datetime": "2025-08-21 09:57:14", "elapsed": 4351.320881128311, "delta": 27.72860550880432}, "costs": {"total_cost": 1205.114248028123, "time_cost": 150, "final_distance_cost": 46.746662438713194, "oscillation_cost": 14.752678693043517, "completition_cost": 888.8888888888888, "overshoot_cost": 84.32217473308486, "power_cost": 9.501497302246094, "noise_cost": 10.902345972146295, "n_waypoints_completed": 1, "tot_waypoints": 9}}
{"target": -186.0037964404036, "params": {"k_pid_pos": [1.0883423404838348, 0.15627839034554747, 0.34785443692435547], "k_pid_alt": [0.6159810068941141, 0.0, 0.062150699273871346], "k_pid_att": [51.03500897324726, 0.917621278579691, 0.0], "k_pid_yaw": [0.5, 1e-06, 0.1], "k_pid_hsp": [0.6573339527897011, 0.0, 0.0], "k_pid_vsp": [400.0, 113.02490612117701, 1e-06]}, "datetime": {"datetime": "2025-08-21 09:57:35", "elapsed": 4371.6552522182465, "delta": 20.334371089935303}, "costs": {"total_cost": 186.0037964404036, "time_cost": 76.072, "final_distance_cost": 1.828869043695699, "oscillation_cost": 34.91553624902804, "completition_cost": 0.0, "overshoot_cost": 50.70863767733868, "power_cost": 11.359206872558595, "noise_cost": 11.11954659778257, "n_waypoints_completed": 9, "tot_waypoints": 9}}
{"target": -185.53865869008806, "params": {"k_pid_pos": [0.6655016381773651, 0.5401909488287521, 0.738681415559004], "k_pid_alt": [0.9955417302286262, 0.0, 0.0], "k_pid_att": [51.23752218675953, 0.9840091225345335, 0.0], "k_pid_yaw": [0.5, 1e-06, 0.1], "k_pid_hsp": [0.3793221197010897, 0.0, 0.0], "k_pid_vsp": [385.402515158903, 1e-06, 1e-06]}, "datetime": {"datetime": "2025-08-21 09:58:01", "elapsed": 4397.453503847122, "delta": 25.798251628875732}, "costs": {"total_cost": 185.53865869008806, "time_cost": 80.44800000000001, "final_distance_cost": 1.8212227038976387, "oscillation_cost": 34.34963558547354, "completition_cost": 0.0, "overshoot_cost": 51.231945307655685, "power_cost": 8.108850366210937, "noise_cost": 9.579004726850258, "n_waypoints_completed": 9, "tot_waypoints": 9}}
{"target": -1237.8595022173085, "params": {"k_pid_pos": [1.3613462929959042, 0.3008054556292445, 0.15308896662933236], "k_pid_alt": [0.7580223254804277, 0.0, 0.0], "k_pid_att": [46.156649985927835, 2.3586541632063427, 0.0], "k_pid_yaw": [0.5, 1e-06, 0.1], "k_pid_hsp": [0.0001, 0.0, 0.0], "k_pid_vsp": [400.0, 24.892103394838607, 29.49404010627492]}, "datetime": {"datetime": "2025-08-21 09:58:27", "elapsed": 4423.7929656505585, "delta": 26.33946180343628}, "costs": {"total_cost": 1237.8595022173085, "time_cost": 150, "final_distance_cost": 47.170172577852696, "oscillation_cost": 8.880946153762071, "completition_cost": 888.8888888888888, "overshoot_cost": 84.30123670477379, "power_cost": 35.34607707519532, "noise_cost": 23.272180816835824, "n_waypoints_completed": 1, "tot_waypoints": 9}}
{"target": -242.01468415701822, "params": {"k_pid_pos": [1.6659131434203425, 0.0, 0.44091837320066185], "k_pid_alt": [1.6892747156799843, 0.2032227067630451, 0.16910415376559293], "k_pid_att": [44.39357764550669, 0.3174157717057011, 1.0], "k_pid_yaw": [0.5, 1e-06, 0.1], "k_pid_hsp": [2.431103882318689, 0.0, 0.016166112875869637], "k_pid_vsp": [400.0, 12.881947274644801, 75.27903947546108]}, "datetime": {"datetime": "2025-08-21 09:58:51", "elapsed": 4448.142318725586, "delta": 24.349353075027466}, "costs": {"total_cost": 242.01468415701822, "time_cost": 88.112, "final_distance_cost": 1.7126631291711771, "oscillation_cost": 60.09573735589165, "completition_cost": 0.0, "overshoot_cost": 52.50046155402816, "power_cost": 22.95066287841797, "noise_cost": 16.643159239509274, "n_waypoints_completed": 9, "tot_waypoints": 9}}
{"target": -1356.9007735004393, "params": {"k_pid_pos": [0.7255119847253582, 0.2567864934081797, 0.30776329438531513], "k_pid_alt": [0.9400332593756919, 0.004125971642042744, 0.0], "k_pid_att": [29.705897531311084, 1.2113803124351983, 0.057053864344330824], "k_pid_yaw": [0.5, 1e-06, 0.1], "k_pid_hsp": [0.0001, 0.29626537634491695, 0.0], "k_pid_vsp": [298.03332001403953, 1e-06, 4.104798829193001]}, "datetime": {"datetime": "2025-08-21 09:59:25", "elapsed": 4481.44410276413, "delta": 33.3017840385437}, "costs": {"total_cost": 1356.9007735004393, "time_cost": 150, "final_distance_cost": 53.852615825958665, "oscillation_cost": 103.26067540159684, "completition_cost": 888.8888888888888, "overshoot_cost": 94.88261530811677, "power_cost": 30.151186865234376, "noise_cost": 35.86479121064375, "n_waypoints_completed": 1, "tot_waypoints": 9}}
{"target": -188.2752231010562, "params": {"k_pid_pos": [1.1821558747272691, 0.0, 0.4671159430770935], "k_pid_alt": [0.9244779437748757, 0.0, 0.0], "k_pid_att": [49.126085215059774, 0.6033689894108939, 0.04365802534905177], "k_pid_yaw": [0.5, 1e-06, 0.1], "k_pid_hsp": [0.6044863623196333, 0.0, 0.0], "k_pid_vsp": [400.0, 1e-06, 1e-06]}, "datetime": {"datetime": "2025-08-21 09:59:46", "elapsed": 4503.294716596603, "delta": 21.850613832473755}, "costs": {"total_cost": 188.2752231010562, "time_cost": 74.48, "final_distance_cost": 1.8493249683454172, "oscillation_cost": 31.51952276401863, "completition_cost": 0.0, "overshoot_cost": 51.69965402450868, "power_cost": 15.195968652343751, "noise_cost": 13.53075269183972, "n_waypoints_completed": 9, "tot_waypoints": 9}}
{"target": -335.1439643749519, "params": {"k_pid_pos": [0.9303619666268094, 0.0, 0.0], "k_pid_alt": [0.4459171529124412, 0.07013124137718518, 0.027946244596269692], "k_pid_att": [57.99738205516326, 1.1536302511203615, 0.0246760671724403], "k_pid_yaw": [0.5, 1e-06, 0.1], "k_pid_hsp": [1.3634677293919255, 0.0, 0.09509041556601469], "k_pid_vsp": [400.0, 1e-06, 1e-06]}, "datetime": {"datetime": "2025-08-21 10:00:16", "elapsed": 4533.152462005615, "delta": 29.85774540901184}, "costs": {"total_cost": 335.1439643749519, "time_cost": 86.568, "final_distance_cost": 1.7998749569852834, "oscillation_cost": 165.48429331767053, "completition_cost": 0.0, "overshoot_cost": 52.296567163540075, "power_cost": 15.483074877929688, "noise_cost": 13.512154058826296, "n_waypoints_completed": 9, "tot_waypoints": 9}}
{"target": -178.5307562808034, "params": {"k_pid_pos": [1.0421237445746732, 0.0, 0.08497063426854634], "k_pid_alt": [0.9068772158350418, 0.0, 0.0], "k_pid_att": [22.79798038431491, 1.267478787525194, 0.0], "k_pid_yaw": [0.5, 1e-06, 0.1], "k_pid_hsp": [0.8324398500832081, 0.03244883493433308, 0.0], "k_pid_vsp": [381.03119350696477, 81.69891963890976, 1e-06]}, "datetime": {"datetime": "2025-08-21 10:00:38", "elapsed": 4554.797440290451, "delta": 21.644978284835815}, "costs": {"total_cost": 178.5307562808034, "time_cost": 70.536, "final_distance_cost": 1.8388624499780293, "oscillation_cost": 34.863006705139846, "completition_cost": 0.0, "overshoot_cost": 50.02759777507334, "power_cost": 10.6170427734375, "noise_cost": 10.648246577174683, "n_waypoints_completed": 9, "tot_waypoints": 9}}
{"target": -5353.542006467088, "params": {"k_pid_pos": [1.3780031794035315, 0.0, 0.0], "k_pid_alt": [0.8528919955413192, 0.012086449431523372, 1.0], "k_pid_att": [0.0, 2.5222252693955785, 0.08565874965037262], "k_pid_yaw": [0.5, 1e-06, 0.1], "k_pid_hsp": [10.0, 0.3386273501190531, 0.0], "k_pid_vsp": [374.47012958888087, 173.93591321715454, 165.51017421085132]}, "datetime": {"datetime": "2025-08-21 10:01:08", "elapsed": 4585.232088327408, "delta": 30.434648036956787}, "costs": {"total_cost": 5353.542006467088, "time_cost": 150, "final_distance_cost": 908.374721748663, "oscillation_cost": 1985.9306516001614, "completition_cost": 1000.0, "overshoot_cost": 1172.2561288365293, "power_cost": 35.17521481933594, "noise_cost": 101.8052894623978, "n_waypoints_completed": 0, "tot_waypoints": 9}}
{"target": -488.10551862226384, "params": {"k_pid_pos": [1.6006299846906682, 0.0, 0.2522838967396124], "k_pid_alt": [0.8497084070782536, 0.26684177424960304, 0.0], "k_pid_att": [12.65190269533915, 2.3738228839411706, 0.0], "k_pid_yaw": [0.5, 1e-06, 0.1], "k_pid_hsp": [0.27137441843096305, 0.5283167008016753, 0.0], "k_pid_vsp": [245.29129052256715, 1.0325600517240232, 0.7166293179543439]}, "datetime": {"datetime": "2025-08-21 10:01:37", "elapsed": 4614.067284107208, "delta": 28.835195779800415}, "costs": {"total_cost": 488.10551862226384, "time_cost": 150, "final_distance_cost": 34.099657397465734, "oscillation_cost": 99.91444667868966, "completition_cost": 111.11111111111116, "overshoot_cost": 53.07011600248203, "power_cost": 22.657171813964844, "noise_cost": 17.253015618550393, "n_waypoints_completed": 8, "tot_waypoints": 9}}
{"target": -1209.618460096958, "params": {"k_pid_pos": [0.8855687661741852, 0.12624717123750645, 0.05728869870321873], "k_pid_alt": [0.8795042455302718, 0.0, 0.0], "k_pid_att": [34.50554456114157, 0.3530083201636521, 0.0], "k_pid_yaw": [0.5, 1e-06, 0.1], "k_pid_hsp": [0.0001, 0.0, 0.0], "k_pid_vsp": [270.3753422430992, 1e-06, 1e-06]}, "datetime": {"datetime": "2025-08-21 10:02:03", "elapsed": 4639.751629829407, "delta": 25.684345722198486}, "costs": {"total_cost": 1209.618460096958, "time_cost": 150, "final_distance_cost": 46.20563107718681, "oscillation_cost": 9.535806407536262, "completition_cost": 888.8888888888888, "overshoot_cost": 80.63504344747062, "power_cost": 18.81580047607422, "noise_cost": 15.537289799801226, "n_waypoints_completed": 1, "tot_waypoints": 9}}
{"target": -1656.01521253644, "params": {"k_pid_pos": [1.2698570506028672, 0.0, 0.6757888264240357], "k_pid_alt": [1.0514007047147054, 0.09769218696261489, 0.48105810967879], "k_pid_att": [39.54556564362164, 4.9931164681796085, 0.05592941399227297], "k_pid_yaw": [0.5, 1e-06, 0.1], "k_pid_hsp": [0.0001, 0.0, 0.70857855390152], "k_pid_vsp": [400.0, 136.3839184933731, 235.36768275003755]}, "datetime": {"datetime": "2025-08-21 10:02:33", "elapsed": 4669.915320396423, "delta": 30.1636905670166}, "costs": {"total_cost": 1656.01521253644, "time_cost": 150, "final_distance_cost": 58.37895893667333, "oscillation_cost": 459.3620713936357, "completition_cost": 888.8888888888888, "overshoot_cost": 67.99210363203314, "power_cost": 17.285213244628906, "noise_cost": 14.107976440580117, "n_waypoints_completed": 1, "tot_waypoints": 9}}
{"target": -174.88611727738834, "params": {"k_pid_pos": [1.2670382436061698, 0.0, 0.0], "k_pid_alt": [0.753356885548178, 0.0018539020354577385, 0.0], "k_pid_att": [35.78873925727879, 0.1598308955311598, 0.3180479891234742], "k_pid_yaw": [0.5, 1e-06, 0.1], "k_pid_hsp": [0.3217325967911586, 0.043980384926959076, 0.0], "k_pid_vsp": [356.65976723829493, 26.55963754977776, 25.24234016247743]}, "datetime": {"datetime": "2025-08-21 10:02:51", "elapsed": 4687.687004804611, "delta": 17.771684408187866}, "costs": {"total_cost": 174.88611727738834, "time_cost": 71.024, "final_distance_cost": 1.8125632291242002, "oscillation_cost": 31.99452670829099, "completition_cost": 0.0, "overshoot_cost": 50.74377963768918, "power_cost": 10.114196984863282, "noise_cost": 9.197050717420685, "n_waypoints_completed": 9, "tot_waypoints": 9}}
{"target": -1903.6266431331403, "params": {"k_pid_pos": [1.5872798860060282, 0.0, 0.3246423214381863], "k_pid_alt": [0.699005735251867, 0.0, 0.13418935671442864], "k_pid_att": [40.833616834736624, 0.0001, 0.0], "k_pid_yaw": [0.5, 1e-06, 0.1], "k_pid_hsp": [0.0001, 0.600573290101861, 0.2632063886167796], "k_pid_vsp": [136.00358086608287, 85.86000539835352, 1e-06]}, "datetime": {"datetime": "2025-08-21 10:03:18", "elapsed": 4714.689023733139, "delta": 27.002018928527832}, "costs": {"total_cost": 1903.6266431331403, "time_cost": 150, "final_distance_cost": 55.61917996532572, "oscillation_cost": 400.19379320440686, "completition_cost": 888.8888888888888, "overshoot_cost": 378.6381427748711, "power_cost": 16.127040551757812, "noise_cost": 14.159597747890183, "n_waypoints_completed": 1, "tot_waypoints": 9}}
{"target": -1041.2721812235336, "params": {"k_pid_pos": [0.24443653711303323, 0.5445906668938252, 0.6437053069083546], "k_pid_alt": [0.8971855945215056, 0.0, 0.05859208139577264], "k_pid_att": [4.44147176821896, 1.1985574525822313, 0.0], "k_pid_yaw": [0.5, 1e-06, 0.1], "k_pid_hsp": [1.2521687377967217, 0.12224482047149304, 0.5048938112751131], "k_pid_vsp": [400.0, 7.699542833023003, 1e-06]}, "datetime": {"datetime": "2025-08-21 10:03:47", "elapsed": 4743.83446097374, "delta": 29.145437240600586}, "costs": {"total_cost": 1041.2721812235336, "time_cost": 150, "final_distance_cost": 46.9264665507134, "oscillation_cost": 311.7638615424317, "completition_cost": 444.4444444444444, "overshoot_cost": 55.02703297228751, "power_cost": 18.122534375, "noise_cost": 14.987841338656535, "n_waypoints_completed": 5, "tot_waypoints": 9}}
{"target": -205.79924451908548, "params": {"k_pid_pos": [1.0934572222889494, 0.5618683679879531, 0.23247301869761927], "k_pid_alt": [1.2657383303819725, 0.0, 0.07364923365796328], "k_pid_att": [10.096752560183191, 1.7929329379945274, 0.0], "k_pid_yaw": [0.5, 1e-06, 0.1], "k_pid_hsp": [1.6174775869196076, 0.0, 0.0], "k_pid_vsp": [400.0, 16.05615326794182, 1e-06]}, "datetime": {"datetime": "2025-08-21 10:04:06", "elapsed": 4762.607013225555, "delta": 18.772552251815796}, "costs": {"total_cost": 205.79924451908548, "time_cost": 74.912, "final_distance_cost": 1.7583229636299686, "oscillation_cost": 46.5522798509362, "completition_cost": 0.0, "overshoot_cost": 51.388404404633306, "power_cost": 17.15999979248047, "noise_cost": 14.028237507405533, "n_waypoints_completed": 9, "tot_waypoints": 9}}
{"target": -179.42272613256085, "params": {"k_pid_pos": [1.1262291148820713, 0.2076492505954174, 0.26425501882681157], "k_pid_alt": [1.0023695291054555, 0.0, 0.0], "k_pid_att": [48.428303052712984, 0.8951332366086571, 0.0], "k_pid_yaw": [0.5, 1e-06, 0.1], "k_pid_hsp": [1.1745502060858746, 0.0, 0.0], "k_pid_vsp": [336.7336761907966, 24.62487782088371, 1e-06]}, "datetime": {"datetime": "2025-08-21 10:04:30", "elapsed": 4786.725687265396, "delta": 24.1186740398407}, "costs": {"total_cost": 179.42272613256085, "time_cost": 71.992, "final_distance_cost": 1.822372851044985, "oscillation_cost": 36.421753605753004, "completition_cost": 0.0, "overshoot_cost": 50.41655299190377, "power_cost": 9.013534033203126, "noise_cost": 9.756512650656004, "n_waypoints_completed": 9, "tot_waypoints": 9}}
{"target": -304.9201032421223, "params": {"k_pid_pos": [0.967359195789937, 0.0, 0.1231941845800395], "k_pid_alt": [0.807824783226889, 0.48885419882342773, 0.49695073022121705], "k_pid_att": [36.4449810973486, 5.3040472273544506, 0.050861693406513635], "k_pid_yaw": [0.5, 1e-06, 0.1], "k_pid_hsp": [9.696799826770704, 0.0, 0.0], "k_pid_vsp": [400.0, 1e-06, 9.333728661062617]}, "datetime": {"datetime": "2025-08-21 10:04:51", "elapsed": 4807.993194818497, "delta": 21.267507553100586}, "costs": {"total_cost": 304.9201032421223, "time_cost": 78.792, "final_distance_cost": 1.7904675182500203, "oscillation_cost": 149.62887763430697, "completition_cost": 0.0, "overshoot_cost": 52.247789310006205, "power_cost": 11.550518225097656, "noise_cost": 10.910450554461438, "n_waypoints_completed": 9, "tot_waypoints": 9}}
{"target": -1207.1322314851816, "params": {"k_pid_pos": [0.7630031269864684, 0.5125259383624793, 0.5217197007723824], "k_pid_alt": [1.2642964474845773, 0.0, 0.0], "k_pid_att": [18.038162430873722, 0.6238589989060106, 0.0], "k_pid_yaw": [0.5, 1e-06, 0.1], "k_pid_hsp": [0.0001, 0.0, 0.0], "k_pid_vsp": [353.4938925916633, 1e-06, 1e-06]}, "datetime": {"datetime": "2025-08-21 10:05:17", "elapsed": 4834.205606222153, "delta": 26.212411403656006}, "costs": {"total_cost": 1207.1322314851816, "time_cost": 150, "final_distance_cost": 47.079781589752606, "oscillation_cost": 4.368659738014385, "completition_cost": 888.8888888888888, "overshoot_cost": 84.9073448533416, "power_cost": 17.1698953125, "noise_cost": 14.71766110268424, "n_waypoints_completed": 1, "tot_waypoints": 9}}
{"target": -193.0134732686116, "params": {"k_pid_pos": [0.8361598760786002, 0.0, 0.0], "k_pid_alt": [0.426020732703934, 0.0017275581803762863, 0.0], "k_pid_att": [47.63863165308197, 0.0001, 0.372592752440693], "k_pid_yaw": [0.5, 1e-06, 0.1], "k_pid_hsp": [0.7374226501164107, 0.022798341337731145, 0.0], "k_pid_vsp": [355.49609830254076, 32.91824602992839, 34.33399712649221]}, "datetime": {"datetime": "2025-08-21 10:05:41", "elapsed": 4857.77907371521, "delta": 23.57346749305725}, "costs": {"total_cost": 193.0134732686116, "time_cost": 78.304, "final_distance_cost": 1.8522054810669493, "oscillation_cost": 34.14617455656929, "completition_cost": 0.0, "overshoot_cost": 50.56565584870511, "power_cost": 15.496961584472658, "noise_cost": 12.648475797797591, "n_waypoints_completed": 9, "tot_waypoints": 9}}
{"target": -840.245448777203, "params": {"k_pid_pos": [1.0007476294674607, 0.0, 0.0], "k_pid_alt": [1.6337985398575692, 0.0, 0.0], "k_pid_att": [49.8329190417106, 0.11172361971593746, 0.0], "k_pid_yaw": [0.5, 1e-06, 0.1], "k_pid_hsp": [0.016147939592802238, 0.0, 0.0], "k_pid_vsp": [369.71835007467064, 1e-06, 1e-06]}, "datetime": {"datetime": "2025-08-21 10:06:06", "elapsed": 4883.263733863831, "delta": 25.484660148620605}, "costs": {"total_cost": 840.245448777203, "time_cost": 150, "final_distance_cost": 43.70944438194904, "oscillation_cost": 12.780592542525781, "completition_cost": 555.5555555555555, "overshoot_cost": 55.61040555617667, "power_cost": 11.019973925781251, "noise_cost": 11.569476815214623, "n_waypoints_completed": 4, "tot_waypoints": 9}}
{"target": -180.6249037828201, "params": {"k_pid_pos": [1.4627518914201225, 0.013211290530570602, 0.24033241896467766], "k_pid_alt": [0.7772312289915922, 0.0, 0.0], "k_pid_att": [34.54184472121789, 1.0473986967376567, 0.22058274169945505], "k_pid_yaw": [0.5, 1e-06, 0.1], "k_pid_hsp": [0.06750231853617115, 0.0, 0.0], "k_pid_vsp": [340.9827838961871, 20.885754107425598, 1e-06]}, "datetime": {"datetime": "2025-08-21 10:06:31", "elapsed": 4907.604107141495, "delta": 24.340373277664185}, "costs": {"total_cost": 180.6249037828201, "time_cost": 76.952, "final_distance_cost": 1.7836244608549734, "oscillation_cost": 27.00275946589747, "completition_cost": 0.0, "overshoot_cost": 53.42308951776047, "power_cost": 10.458378088378907, "noise_cost": 11.005052249928266, "n_waypoints_completed": 9, "tot_waypoints": 9}}
