{"target": -181.46544305635624, "params": {"k_pid_pos": [1.132294712138448, 0.0, 0.1334753272872763], "k_pid_alt": [1.0300588126099186, 0.0, 0.0141681414583291], "k_pid_att": [16.04484518034997, 0.0001, 0.6120194463853836], "k_pid_yaw": [0.5, 1e-06, 0.1], "k_pid_hsp": [0.09802738745006932, 0.0004720981865654031, 0.0], "k_pid_vsp": [398.55004370795695, 29.28075018002553, 19.298815899270416]}, "datetime": {"datetime": "2025-08-21 14:34:39", "elapsed": 20996.008534908295, "delta": 15.983428478240967}, "costs": {"total_cost": 181.46544305635624, "time_cost": 71.456, "final_distance_cost": 1.7934417883478229, "oscillation_cost": 26.8665887882353, "completition_cost": 0.0, "overshoot_cost": 51.401915919757286, "power_cost": 16.805914990234374, "noise_cost": 13.141581569781424, "n_waypoints_completed": 9, "tot_waypoints": 9}}
{"target": -201.61003946992486, "params": {"k_pid_pos": [1.1163550454222948, 0.0, 0.08364149285078105], "k_pid_alt": [0.7834823193686498, 0.0, 0.0004329276274554537], "k_pid_att": [19.6627390608651, 0.0001, 0.6858299453638028], "k_pid_yaw": [0.5, 1e-06, 0.1], "k_pid_hsp": [0.3002938972851228, 0.0217797670508762, 0.0], "k_pid_vsp": [367.00827774729055, 32.747862500194096, 11.840440341622163]}, "datetime": {"datetime": "2025-08-21 14:34:57", "elapsed": 21013.608213186264, "delta": 17.59967827796936}, "costs": {"total_cost": 201.61003946992486, "time_cost": 74.416, "final_distance_cost": 1.8384580484273225, "oscillation_cost": 31.11208347515513, "completition_cost": 0.0, "overshoot_cost": 52.42846177106747, "power_cost": 24.5153140625, "noise_cost": 17.299722112774933, "n_waypoints_completed": 9, "tot_waypoints": 9}}
{"target": -1199.5685333993292, "params": {"k_pid_pos": [1.0782739460870348, 0.0, 0.1360997639845211], "k_pid_alt": [1.020004100064952, 0.0, 0.010145216694121453], "k_pid_att": [28.17308225040898, 0.0001, 0.5848089087234444], "k_pid_yaw": [0.5, 1e-06, 0.1], "k_pid_hsp": [0.0001, 0.0029635697764431113, 0.0], "k_pid_vsp": [398.75067607959164, 14.807911695693788, 26.093673757231564]}, "datetime": {"datetime": "2025-08-21 14:35:20", "elapsed": 21036.439401865005, "delta": 22.831188678741455}, "costs": {"total_cost": 1199.5685333993292, "time_cost": 150, "final_distance_cost": 55.81850518919353, "oscillation_cost": 4.046901994595184, "completition_cost": 888.8888888888888, "overshoot_cost": 93.43999686649896, "power_cost": 2.713259606933594, "noise_cost": 4.660980853219108, "n_waypoints_completed": 1, "tot_waypoints": 9}}
{"target": -177.67852954129683, "params": {"k_pid_pos": [1.1379443537274512, 0.0, 0.04604996871146046], "k_pid_alt": [1.1775334739683911, 0.0, 0.009481788620613956], "k_pid_att": [14.52656708793014, 0.0001, 0.5460200662664572], "k_pid_yaw": [0.5, 1e-06, 0.1], "k_pid_hsp": [0.12059603155327708, 0.0021715337530321907, 0.0], "k_pid_vsp": [399.089061397438, 16.89769400199605, 0.49930331861912336]}, "datetime": {"datetime": "2025-08-21 14:35:36", "elapsed": 21053.029613494873, "delta": 16.590211629867554}, "costs": {"total_cost": 177.67852954129683, "time_cost": 71.416, "final_distance_cost": 1.804085245259676, "oscillation_cost": 28.312529767352544, "completition_cost": 0.0, "overshoot_cost": 51.1801929516925, "power_cost": 13.155527868652344, "noise_cost": 11.810193708339755, "n_waypoints_completed": 9, "tot_waypoints": 9}}
{"target": -188.88840491030885, "params": {"k_pid_pos": [1.1765361228193065, 0.0, 0.12705501015259163], "k_pid_alt": [0.9645886649249585, 0.0, 0.008201089994643354], "k_pid_att": [17.053553012602613, 0.0001, 0.574105568394274], "k_pid_yaw": [0.5, 1e-06, 0.1], "k_pid_hsp": [0.31273557177412326, 6.180893545192035e-05, 0.0], "k_pid_vsp": [392.9573209577117, 20.17198894892684, 20.770693866402706]}, "datetime": {"datetime": "2025-08-21 14:35:52", "elapsed": 21069.02992773056, "delta": 16.000314235687256}, "costs": {"total_cost": 188.88840491030885, "time_cost": 70.376, "final_distance_cost": 1.8057678635132717, "oscillation_cost": 29.089406633074166, "completition_cost": 0.0, "overshoot_cost": 50.399601221498315, "power_cost": 21.034272131347656, "noise_cost": 16.18335706087548, "n_waypoints_completed": 9, "tot_waypoints": 9}}
{"target": -185.10772553739807, "params": {"k_pid_pos": [1.1271355747484775, 0.06557665964790792, 0.12077367014168261], "k_pid_alt": [1.0199174544746554, 0.0, 0.009628001762891846], "k_pid_att": [18.86253537859984, 0.0001, 0.5817336139938235], "k_pid_yaw": [0.5, 1e-06, 0.1], "k_pid_hsp": [0.09261092867884285, 0.0, 0.0], "k_pid_vsp": [348.42715803672615, 23.258018341968732, 13.82661132172128]}, "datetime": {"datetime": "2025-08-21 14:36:10", "elapsed": 21087.1438100338, "delta": 18.113882303237915}, "costs": {"total_cost": 185.10772553739807, "time_cost": 75.032, "final_distance_cost": 1.7975445573377804, "oscillation_cost": 26.704933597619842, "completition_cost": 0.0, "overshoot_cost": 52.15571493112159, "power_cost": 16.468365637207032, "noise_cost": 12.949166814111845, "n_waypoints_completed": 9, "tot_waypoints": 9}}
{"target": -173.84524292616143, "params": {"k_pid_pos": [0.8471817172698108, 0.0, 0.019778530279169947], "k_pid_alt": [0.9079999823009469, 0.0, 0.013720978821877037], "k_pid_att": [12.731878506659857, 0.0001, 0.5985556775830077], "k_pid_yaw": [0.5, 1e-06, 0.1], "k_pid_hsp": [0.10361370999878333, 0.0023226469127026195, 0.0], "k_pid_vsp": [398.6966847916424, 23.77961998620487, 18.766718247799254]}, "datetime": {"datetime": "2025-08-21 14:36:26", "elapsed": 21103.357568502426, "delta": 16.21375846862793}, "costs": {"total_cost": 173.84524292616143, "time_cost": 72.096, "final_distance_cost": 1.8142049970222103, "oscillation_cost": 24.43150671388075, "completition_cost": 0.0, "overshoot_cost": 51.0222423925194, "power_cost": 13.419283618164064, "noise_cost": 11.062005204575012, "n_waypoints_completed": 9, "tot_waypoints": 9}}
{"target": -174.2392029703088, "params": {"k_pid_pos": [1.8789672743162464, 0.0003259183868111019, 0.15365663350209066], "k_pid_alt": [1.0595250502370783, 0.0, 0.009770547760463875], "k_pid_att": [5.2161631705740525, 0.9908086034575676, 0.6514141732917731], "k_pid_yaw": [0.5, 1e-06, 0.1], "k_pid_hsp": [0.21105983898041097, 0.0003980917533663751, 0.0], "k_pid_vsp": [399.78459995812284, 15.91868148622782, 18.606984815636753]}, "datetime": {"datetime": "2025-08-21 14:36:43", "elapsed": 21120.11939406395, "delta": 16.761825561523438}, "costs": {"total_cost": 174.2392029703088, "time_cost": 70.552, "final_distance_cost": 1.7849417264920393, "oscillation_cost": 32.37806364231621, "completition_cost": 0.0, "overshoot_cost": 50.77192618048242, "power_cost": 10.290042883300782, "noise_cost": 8.462228537717388, "n_waypoints_completed": 9, "tot_waypoints": 9}}
{"target": -183.90894239384946, "params": {"k_pid_pos": [1.129597631502476, 0.0, 0.05232490454459551], "k_pid_alt": [1.1090583030399876, 0.0, 0.009717243827494086], "k_pid_att": [15.169438023700204, 0.0001, 0.6418969520471706], "k_pid_yaw": [0.5, 1e-06, 0.1], "k_pid_hsp": [0.1913358440365149, 0.004445078972038268, 0.0], "k_pid_vsp": [390.251230837213, 17.454295902446756, 15.681094304880375]}, "datetime": {"datetime": "2025-08-21 14:37:01", "elapsed": 21138.236891508102, "delta": 18.117497444152832}, "costs": {"total_cost": 183.90894239384946, "time_cost": 70.464, "final_distance_cost": 1.8168119439080732, "oscillation_cost": 29.701193731063093, "completition_cost": 0.0, "overshoot_cost": 50.693884203544904, "power_cost": 17.647214575195314, "noise_cost": 13.585837940138088, "n_waypoints_completed": 9, "tot_waypoints": 9}}
{"target": -180.85556861210296, "params": {"k_pid_pos": [1.12031232872585, 0.0, 0.10973116322328862], "k_pid_alt": [1.1864477723661602, 0.0, 0.010156262279776836], "k_pid_att": [17.466439446392865, 0.00486956872396021, 0.666413474899805], "k_pid_yaw": [0.5, 1e-06, 0.1], "k_pid_hsp": [0.125638625848203, 0.0022558696467264066, 0.0], "k_pid_vsp": [400.0, 29.574704556851543, 17.406579609383957]}, "datetime": {"datetime": "2025-08-21 14:37:17", "elapsed": 21154.4048371315, "delta": 16.167945623397827}, "costs": {"total_cost": 180.85556861210296, "time_cost": 71.176, "final_distance_cost": 1.7751251120908562, "oscillation_cost": 27.696107449196163, "completition_cost": 0.0, "overshoot_cost": 52.02001410433935, "power_cost": 15.965596252441408, "noise_cost": 12.222725694035171, "n_waypoints_completed": 9, "tot_waypoints": 9}}
{"target": -186.56472795872247, "params": {"k_pid_pos": [1.1505787362162538, 0.0, 0.08172035462105573], "k_pid_alt": [0.8590916613126977, 0.0, 0.007100252569980635], "k_pid_att": [15.39503314701696, 0.0001, 0.6482140225001227], "k_pid_yaw": [0.5, 1e-06, 0.1], "k_pid_hsp": [0.12678591502493539, 0.0023004792971377686, 0.0], "k_pid_vsp": [386.3786871561142, 17.356127019261912, 13.849130276287575]}, "datetime": {"datetime": "2025-08-21 14:37:35", "elapsed": 21171.477931261063, "delta": 17.073094129562378}, "costs": {"total_cost": 186.56472795872247, "time_cost": 72.16, "final_distance_cost": 1.8131386219665935, "oscillation_cost": 28.470898242809692, "completition_cost": 0.0, "overshoot_cost": 51.96956242198647, "power_cost": 18.573336596679688, "noise_cost": 13.577792075280028, "n_waypoints_completed": 9, "tot_waypoints": 9}}
{"target": -168.50277295509147, "params": {"k_pid_pos": [0.9497573629854043, 0.0, 0.13117425442207845], "k_pid_alt": [0.9623620748491095, 0.0, 0.011123431390929413], "k_pid_att": [4.925963046077998, 0.0001, 0.5738706279814361], "k_pid_yaw": [0.5, 1e-06, 0.1], "k_pid_hsp": [0.257973426568923, 0.001751580468872848, 0.0], "k_pid_vsp": [391.90264702557795, 14.408808705245537, 15.033383501992011]}, "datetime": {"datetime": "2025-08-21 14:37:51", "elapsed": 21187.714641332626, "delta": 16.23671007156372}, "costs": {"total_cost": 168.50277295509147, "time_cost": 71.952, "final_distance_cost": 1.847166238739835, "oscillation_cost": 27.831664008416414, "completition_cost": 0.0, "overshoot_cost": 51.37613723013135, "power_cost": 7.750226953125001, "noise_cost": 7.745578524678867, "n_waypoints_completed": 9, "tot_waypoints": 9}}
{"target": -178.33316704157605, "params": {"k_pid_pos": [0.9737375391379843, 0.0, 0.12506921042015698], "k_pid_alt": [1.0039504044410905, 0.0, 0.009434842335314223], "k_pid_att": [17.248652032604408, 0.0001, 0.580002612708577], "k_pid_yaw": [0.5, 1e-06, 0.1], "k_pid_hsp": [0.10530948563198407, 0.002834888564510388, 0.0], "k_pid_vsp": [393.060042540022, 27.677370000629875, 15.577931871575991]}, "datetime": {"datetime": "2025-08-21 14:38:08", "elapsed": 21204.74688744545, "delta": 17.032246112823486}, "costs": {"total_cost": 178.33316704157605, "time_cost": 72.128, "final_distance_cost": 1.7997337512267926, "oscillation_cost": 25.755433860222816, "completition_cost": 0.0, "overshoot_cost": 52.259240881555854, "power_cost": 14.320454333496095, "noise_cost": 12.070304215074488, "n_waypoints_completed": 9, "tot_waypoints": 9}}
{"target": -1214.094975191969, "params": {"k_pid_pos": [1.1339748208576734, 0.0, 0.023059449263432646], "k_pid_alt": [0.6917885577714511, 0.0, 0.006644205605245976], "k_pid_att": [9.272443048596536, 0.04481210790050931, 0.43451140391961957], "k_pid_yaw": [0.5, 1e-06, 0.1], "k_pid_hsp": [0.0001, 0.0012860200150143293, 0.0], "k_pid_vsp": [170.78223212374132, 28.356842353706355, 6.609342890797869]}, "datetime": {"datetime": "2025-08-21 14:38:33", "elapsed": 21229.952868700027, "delta": 25.205981254577637}, "costs": {"total_cost": 1214.094975191969, "time_cost": 150, "final_distance_cost": 54.24355812178284, "oscillation_cost": 0.271383746334317, "completition_cost": 888.8888888888888, "overshoot_cost": 94.27470140366982, "power_cost": 13.682082250976563, "noise_cost": 12.734360780317024, "n_waypoints_completed": 1, "tot_waypoints": 9}}
{"target": -181.8249811230378, "params": {"k_pid_pos": [1.1526895037769098, 0.0, 0.12338398095505604], "k_pid_alt": [0.9081288086926562, 0.0, 0.010393307530350181], "k_pid_att": [11.205497011450346, 0.0001, 0.6388272979653563], "k_pid_yaw": [0.5, 1e-06, 0.1], "k_pid_hsp": [0.23338101222857843, 0.0, 0.0], "k_pid_vsp": [390.1003201856268, 20.126970935611233, 16.818341683589978]}, "datetime": {"datetime": "2025-08-21 14:38:51", "elapsed": 21247.521315336227, "delta": 17.56844663619995}, "costs": {"total_cost": 181.8249811230378, "time_cost": 71.28, "final_distance_cost": 1.8229236377321365, "oscillation_cost": 29.32385522001601, "completition_cost": 0.0, "overshoot_cost": 51.36214113362182, "power_cost": 15.824731689453126, "noise_cost": 12.211329442214689, "n_waypoints_completed": 9, "tot_waypoints": 9}}
{"target": -179.73240223037348, "params": {"k_pid_pos": [1.1385904892146994, 0.0, 0.09853456413295818], "k_pid_alt": [0.9915146868173951, 0.0, 0.006246984119422692], "k_pid_att": [18.46901217096923, 0.0001, 0.585089405691423], "k_pid_yaw": [0.5, 1e-06, 0.1], "k_pid_hsp": [0.1720854749494787, 0.0035841482140448874, 0.0], "k_pid_vsp": [400.0, 16.889904968086892, 15.259256992461061]}, "datetime": {"datetime": "2025-08-21 14:39:07", "elapsed": 21264.066883802414, "delta": 16.545568466186523}, "costs": {"total_cost": 179.73240223037348, "time_cost": 70.744, "final_distance_cost": 1.8049129844876437, "oscillation_cost": 29.059645447830878, "completition_cost": 0.0, "overshoot_cost": 50.6238564985809, "power_cost": 15.526356994628907, "noise_cost": 11.973630304845171, "n_waypoints_completed": 9, "tot_waypoints": 9}}
{"target": -190.1491758476159, "params": {"k_pid_pos": [1.1109282599533796, 0.0, 0.14287517971278954], "k_pid_alt": [0.9717715641516557, 0.0, 0.009346833265117226], "k_pid_att": [4.545004059427754, 0.0001, 0.5819448992352172], "k_pid_yaw": [0.5, 1e-06, 0.1], "k_pid_hsp": [0.22537254694465056, 0.0038884184148211573, 0.0], "k_pid_vsp": [376.99892590365243, 20.34708211491682, 11.75200936090189]}, "datetime": {"datetime": "2025-08-21 14:39:26", "elapsed": 21282.6630320549, "delta": 18.596148252487183}, "costs": {"total_cost": 190.1491758476159, "time_cost": 72.36, "final_distance_cost": 1.8336142268530928, "oscillation_cost": 31.09165011332697, "completition_cost": 0.0, "overshoot_cost": 52.523350607857864, "power_cost": 18.468776293945314, "noise_cost": 13.871784605632646, "n_waypoints_completed": 9, "tot_waypoints": 9}}
{"target": -169.9061903103609, "params": {"k_pid_pos": [1.1488713925874448, 0.0, 0.12498863005394657], "k_pid_alt": [1.1211207746018983, 0.0, 0.008900353236665175], "k_pid_att": [15.48548082673744, 0.0001, 0.622918904103423], "k_pid_yaw": [0.5, 1e-06, 0.1], "k_pid_hsp": [0.13860417271070244, 0.0032856713632676013, 0.0], "k_pid_vsp": [394.2834645110942, 21.511559245785808, 17.77826385108037]}, "datetime": {"datetime": "2025-08-21 14:39:43", "elapsed": 21300.08360695839, "delta": 17.42057490348816}, "costs": {"total_cost": 169.9061903103609, "time_cost": 70.504, "final_distance_cost": 1.785315539216246, "oscillation_cost": 28.042905621510172, "completition_cost": 0.0, "overshoot_cost": 50.55282672860991, "power_cost": 9.949385412597657, "noise_cost": 9.0717570084269, "n_waypoints_completed": 9, "tot_waypoints": 9}}
{"target": -187.96395263508722, "params": {"k_pid_pos": [1.0140770956715524, 0.0, 0.11591887798770492], "k_pid_alt": [1.2784027802548579, 0.0, 0.0093264193641608], "k_pid_att": [23.552141283849714, 0.0001, 0.5062888127017868], "k_pid_yaw": [0.5, 1e-06, 0.1], "k_pid_hsp": [0.15228552089349143, 0.003015773425102517, 0.0], "k_pid_vsp": [386.33823306243903, 18.811079260742396, 25.72069855847034]}, "datetime": {"datetime": "2025-08-21 14:40:00", "elapsed": 21317.126848220825, "delta": 17.043241262435913}, "costs": {"total_cost": 187.96395263508722, "time_cost": 71.47200000000001, "final_distance_cost": 1.797984775183581, "oscillation_cost": 26.946024702327307, "completition_cost": 0.0, "overshoot_cost": 51.282905477414545, "power_cost": 21.202524438476562, "noise_cost": 15.262513241685216, "n_waypoints_completed": 9, "tot_waypoints": 9}}
{"target": -182.85432493285984, "params": {"k_pid_pos": [1.0630792375369797, 0.0, 0.12943308312920368], "k_pid_alt": [0.907519162674138, 0.0, 0.008932479873338981], "k_pid_att": [24.664359572442525, 0.0001, 0.579826197238068], "k_pid_yaw": [0.5, 1e-06, 0.1], "k_pid_hsp": [0.4042401349541911, 0.0, 0.0], "k_pid_vsp": [400.0, 5.7114792137473085, 28.949247637001925]}, "datetime": {"datetime": "2025-08-21 14:40:17", "elapsed": 21333.767354011536, "delta": 16.64050579071045}, "costs": {"total_cost": 182.85432493285984, "time_cost": 72.552, "final_distance_cost": 1.8421263475079142, "oscillation_cost": 29.685076516849698, "completition_cost": 0.0, "overshoot_cost": 51.41161955188755, "power_cost": 14.873862817382813, "noise_cost": 12.48963969923185, "n_waypoints_completed": 9, "tot_waypoints": 9}}
{"target": -168.62451344933072, "params": {"k_pid_pos": [1.1280467983647477, 0.0, 0.12995921311188993], "k_pid_alt": [0.9857318313228535, 0.0, 0.009600280278849842], "k_pid_att": [12.057271673777272, 0.0001, 0.6432102840974745], "k_pid_yaw": [0.5, 1e-06, 0.1], "k_pid_hsp": [0.14496359446200796, 0.004028075906912981, 0.0], "k_pid_vsp": [383.9878944831482, 18.094549793265585, 13.156387757262449]}, "datetime": {"datetime": "2025-08-21 14:40:33", "elapsed": 21349.723863363266, "delta": 15.956509351730347}, "costs": {"total_cost": 168.62451344933072, "time_cost": 71.112, "final_distance_cost": 1.799211480742317, "oscillation_cost": 28.018307196976448, "completition_cost": 0.0, "overshoot_cost": 50.683789660494206, "power_cost": 8.539199865722656, "noise_cost": 8.472005245395103, "n_waypoints_completed": 9, "tot_waypoints": 9}}
{"target": -176.52396913240148, "params": {"k_pid_pos": [1.1258728956984014, 0.0, 0.12656325407192556], "k_pid_alt": [1.2013441059411556, 0.0, 0.012759900892922955], "k_pid_att": [7.08613622283344, 0.0001, 0.5951478283763246], "k_pid_yaw": [0.5, 1e-06, 0.1], "k_pid_hsp": [0.1240925367007319, 0.008047499208689832, 0.0], "k_pid_vsp": [382.37615321811523, 21.58136606128241, 19.58849015100327]}, "datetime": {"datetime": "2025-08-21 14:40:49", "elapsed": 21366.038808107376, "delta": 16.314944744110107}, "costs": {"total_cost": 176.52396913240148, "time_cost": 70.76, "final_distance_cost": 1.782878929625303, "oscillation_cost": 28.04860917548122, "completition_cost": 0.0, "overshoot_cost": 51.91964770660577, "power_cost": 13.066696594238282, "noise_cost": 10.946136726450902, "n_waypoints_completed": 9, "tot_waypoints": 9}}
{"target": -182.10445311605355, "params": {"k_pid_pos": [1.1584632165381408, 0.0, 0.1394420140618427], "k_pid_alt": [0.8310425093686451, 0.0, 0.005842125960250427], "k_pid_att": [16.12837066437976, 0.0001, 0.5781436771511802], "k_pid_yaw": [0.5, 1e-06, 0.1], "k_pid_hsp": [0.48788447487580267, 0.0011153843109459175, 0.0], "k_pid_vsp": [395.266888864271, 47.630279358176445, 18.45862846722216]}, "datetime": {"datetime": "2025-08-21 14:41:06", "elapsed": 21382.686968564987, "delta": 16.648160457611084}, "costs": {"total_cost": 182.10445311605355, "time_cost": 71.06400000000001, "final_distance_cost": 1.8373699638175567, "oscillation_cost": 31.484699655076174, "completition_cost": 0.0, "overshoot_cost": 50.83575993316478, "power_cost": 14.706683020019533, "noise_cost": 12.175940543975488, "n_waypoints_completed": 9, "tot_waypoints": 9}}
{"target": -185.75497787083793, "params": {"k_pid_pos": [1.1383776241671126, 0.0, 0.18916888539757054], "k_pid_alt": [0.9601760275062454, 0.0, 0.011963299164529281], "k_pid_att": [24.993638234217507, 0.0001, 0.542884530181449], "k_pid_yaw": [0.5, 1e-06, 0.1], "k_pid_hsp": [0.18061425725378755, 0.0019459545247761723, 0.0], "k_pid_vsp": [389.3191582747648, 34.02198714341223, 13.330296142346885]}, "datetime": {"datetime": "2025-08-21 14:41:22", "elapsed": 21398.921474695206, "delta": 16.234506130218506}, "costs": {"total_cost": 185.75497787083793, "time_cost": 71.568, "final_distance_cost": 1.8117800384356983, "oscillation_cost": 27.938865315566737, "completition_cost": 0.0, "overshoot_cost": 51.221222582579514, "power_cost": 19.030938195800783, "noise_cost": 14.184171738455214, "n_waypoints_completed": 9, "tot_waypoints": 9}}
{"target": -187.53241050292903, "params": {"k_pid_pos": [0.9661475629016028, 0.0, 0.19883407851467885], "k_pid_alt": [1.0125805246616295, 0.0, 0.006886263606550568], "k_pid_att": [17.748436097768895, 0.0001, 0.6617355695215156], "k_pid_yaw": [0.5, 1e-06, 0.1], "k_pid_hsp": [0.7127967523787019, 0.002731782920530403, 0.0], "k_pid_vsp": [398.809198277604, 18.882682443493355, 18.11220839101844]}, "datetime": {"datetime": "2025-08-21 14:41:39", "elapsed": 21415.7257938385, "delta": 16.804319143295288}, "costs": {"total_cost": 187.53241050292903, "time_cost": 72.664, "final_distance_cost": 1.8480212790592068, "oscillation_cost": 28.913691170141846, "completition_cost": 0.0, "overshoot_cost": 51.25434580203762, "power_cost": 19.029609106445314, "noise_cost": 13.822743145245031, "n_waypoints_completed": 9, "tot_waypoints": 9}}
{"target": -179.6848912368597, "params": {"k_pid_pos": [1.2049258391724578, 0.0, 0.1226064755543475], "k_pid_alt": [0.9640853187701235, 0.0, 0.0], "k_pid_att": [13.85115433395038, 0.02890160641563051, 0.6582068066303081], "k_pid_yaw": [0.5, 1e-06, 0.1], "k_pid_hsp": [0.6774131779319983, 0.0014726973743818589, 0.0], "k_pid_vsp": [395.16443036483133, 19.693162916192527, 49.10188444416652]}, "datetime": {"datetime": "2025-08-21 14:41:55", "elapsed": 21432.32416844368, "delta": 16.598374605178833}, "costs": {"total_cost": 179.6848912368597, "time_cost": 71.096, "final_distance_cost": 1.829176369510465, "oscillation_cost": 31.636612563715907, "completition_cost": 0.0, "overshoot_cost": 51.51672233028119, "power_cost": 13.461295861816406, "noise_cost": 10.145084111535704, "n_waypoints_completed": 9, "tot_waypoints": 9}}
