{"target": -180.63464806908786, "params": {"k_pid_pos": [1.1941150836203227, 0.0, 0.07717698434996907], "k_pid_alt": [0.9129474535663697, 0.00035037791383689534, 0.006263093139282069], "k_pid_att": [21.702462531837416, 0.0001, 0.5586594476084759], "k_pid_yaw": [0.5, 1e-06, 0.1], "k_pid_hsp": [1.2525406308798603, 0.017044502890284516, 0.0], "k_pid_vsp": [400.0, 14.579336716623448, 44.41260879938082]}, "datetime": {"datetime": "2025-08-21 11:45:22", "elapsed": 10839.137694835663, "delta": 16.51724886894226}, "costs": {"total_cost": 180.63464806908786, "time_cost": 71.144, "final_distance_cost": 1.8416601615185344, "oscillation_cost": 33.3393040909354, "completition_cost": 0.0, "overshoot_cost": 50.96276300820342, "power_cost": 12.837185168457031, "noise_cost": 10.509735639973465, "n_waypoints_completed": 9, "tot_waypoints": 9}}
{"target": -193.32894738187528, "params": {"k_pid_pos": [1.6332475522417003, 0.0, 0.03485824682730263], "k_pid_alt": [1.4936180442099047, 0.0, 0.0024992510718212764], "k_pid_att": [33.590587537053345, 0.00738790123118915, 1.0], "k_pid_yaw": [0.5, 1e-06, 0.1], "k_pid_hsp": [0.614133246775675, 0.0, 0.0], "k_pid_vsp": [399.62468982982796, 21.43291802662145, 27.789176370834866]}, "datetime": {"datetime": "2025-08-21 11:45:39", "elapsed": 10856.209102392197, "delta": 17.071407556533813}, "costs": {"total_cost": 193.32894738187528, "time_cost": 72.136, "final_distance_cost": 1.7654199140961677, "oscillation_cost": 36.3978808612058, "completition_cost": 0.0, "overshoot_cost": 51.757237351421765, "power_cost": 17.903204809570312, "noise_cost": 13.369204445581227, "n_waypoints_completed": 9, "tot_waypoints": 9}}
{"target": -179.4977051460097, "params": {"k_pid_pos": [1.380126064874607, 0.00707661349769541, 0.21889044788247214], "k_pid_alt": [1.162272029825861, 0.0, 0.0], "k_pid_att": [16.05235827102002, 0.0001, 0.7088776866358808], "k_pid_yaw": [0.5, 1e-06, 0.1], "k_pid_hsp": [1.7097430047950792, 0.0, 0.0], "k_pid_vsp": [385.72816233839933, 21.751757011281818, 1e-06]}, "datetime": {"datetime": "2025-08-21 11:45:55", "elapsed": 10872.35904622078, "delta": 16.149943828582764}, "costs": {"total_cost": 179.4977051460097, "time_cost": 70.152, "final_distance_cost": 1.8201209352458143, "oscillation_cost": 31.84905789305851, "completition_cost": 0.0, "overshoot_cost": 51.01853874532777, "power_cost": 12.790922204589844, "noise_cost": 11.867065367787767, "n_waypoints_completed": 9, "tot_waypoints": 9}}
{"target": -185.3604260574469, "params": {"k_pid_pos": [1.1413523209241418, 0.0, 0.07113321796160657], "k_pid_alt": [1.0346916195082383, 0.0, 0.006732827328809098], "k_pid_att": [44.05569125952826, 0.0001, 0.30726976305908565], "k_pid_yaw": [0.5, 1e-06, 0.1], "k_pid_hsp": [0.6764024707251086, 0.030829391833687634, 0.0], "k_pid_vsp": [400.0, 43.649738159352935, 24.328024461110857]}, "datetime": {"datetime": "2025-08-21 11:46:12", "elapsed": 10888.507272005081, "delta": 16.148225784301758}, "costs": {"total_cost": 185.3604260574469, "time_cost": 70.952, "final_distance_cost": 1.8332346721123591, "oscillation_cost": 33.03897958456502, "completition_cost": 0.0, "overshoot_cost": 51.22018327011589, "power_cost": 16.001458825683596, "noise_cost": 12.314569704970054, "n_waypoints_completed": 9, "tot_waypoints": 9}}
{"target": -163.26461958391982, "params": {"k_pid_pos": [1.1460104995400406, 0.0, 0.13437831780047751], "k_pid_alt": [1.08628227510407, 0.0, 0.009411479805501144], "k_pid_att": [18.433910608025208, 0.0001, 0.5831213606793908], "k_pid_yaw": [0.5, 1e-06, 0.1], "k_pid_hsp": [0.10357452573887196, 0.0, 0.0], "k_pid_vsp": [400.0, 25.768432128189556, 18.337063669791146]}, "datetime": {"datetime": "2025-08-21 11:46:28", "elapsed": 10904.984210014343, "delta": 16.476938009262085}, "costs": {"total_cost": 163.26461958391982, "time_cost": 71.256, "final_distance_cost": 1.7889714437144213, "oscillation_cost": 26.83438095650998, "completition_cost": 0.0, "overshoot_cost": 51.74744547251455, "power_cost": 5.619053576660156, "noise_cost": 6.01876813452075, "n_waypoints_completed": 9, "tot_waypoints": 9}}
{"target": -176.3606177825069, "params": {"k_pid_pos": [2.0, 0.0, 0.0], "k_pid_alt": [0.7938943108166301, 0.0, 0.0011499629212436725], "k_pid_att": [23.961311593273663, 0.008068212860104392, 0.6367204257178833], "k_pid_yaw": [0.5, 1e-06, 0.1], "k_pid_hsp": [1.0152871841374016, 0.0, 0.0], "k_pid_vsp": [340.7946367386558, 29.350916822684027, 1.4104144186535628]}, "datetime": {"datetime": "2025-08-21 11:46:44", "elapsed": 10921.120567560196, "delta": 16.13635754585266}, "costs": {"total_cost": 176.3606177825069, "time_cost": 71.024, "final_distance_cost": 1.775577806749187, "oscillation_cost": 36.74732147962265, "completition_cost": 0.0, "overshoot_cost": 50.45294265076498, "power_cost": 7.651448352050782, "noise_cost": 8.709327493319297, "n_waypoints_completed": 9, "tot_waypoints": 9}}
{"target": -1227.7984499174702, "params": {"k_pid_pos": [1.3201769196111228, 0.0, 0.12042743119474342], "k_pid_alt": [0.8489190215728947, 0.0, 0.012279264714177472], "k_pid_att": [24.57877268973832, 0.0001, 0.5326055516206881], "k_pid_yaw": [0.5, 1e-06, 0.1], "k_pid_hsp": [0.0001, 0.0, 0.0], "k_pid_vsp": [400.0, 24.988108193072343, 20.726572228040215]}, "datetime": {"datetime": "2025-08-21 11:47:07", "elapsed": 10943.815550327301, "delta": 22.694982767105103}, "costs": {"total_cost": 1227.7984499174702, "time_cost": 150, "final_distance_cost": 46.616122462533156, "oscillation_cost": 0.48989346152455027, "completition_cost": 888.8888888888888, "overshoot_cost": 83.2647132536915, "power_cost": 35.32274848632812, "noise_cost": 23.216083364504176, "n_waypoints_completed": 1, "tot_waypoints": 9}}
{"target": -185.74542522535137, "params": {"k_pid_pos": [1.2867927507587604, 0.0, 0.10695317815683582], "k_pid_alt": [1.0754990269798055, 0.0, 0.004001591486145166], "k_pid_att": [24.595345830050267, 0.0001, 0.5244905918190139], "k_pid_yaw": [0.5, 1e-06, 0.1], "k_pid_hsp": [0.6454527168584339, 0.0, 0.0], "k_pid_vsp": [400.0, 40.00407820924458, 25.19707205330244]}, "datetime": {"datetime": "2025-08-21 11:47:23", "elapsed": 10960.294198274612, "delta": 16.4786479473114}, "costs": {"total_cost": 185.74542522535137, "time_cost": 70.792, "final_distance_cost": 1.8358764764942441, "oscillation_cost": 30.950185723287323, "completition_cost": 0.0, "overshoot_cost": 51.13013617914514, "power_cost": 17.492346716308596, "noise_cost": 13.544880130116077, "n_waypoints_completed": 9, "tot_waypoints": 9}}
{"target": -184.26594989472574, "params": {"k_pid_pos": [1.0530459327774673, 0.0, 0.17016959966601847], "k_pid_alt": [1.2065039179891706, 0.0, 0.00911122458214649], "k_pid_att": [31.387196086227483, 0.0001, 0.5681497077605359], "k_pid_yaw": [0.5, 1e-06, 0.1], "k_pid_hsp": [0.4614221611187791, 0.004910184721496934, 0.0], "k_pid_vsp": [395.45568412201135, 32.67554723650462, 28.553995095487537]}, "datetime": {"datetime": "2025-08-21 11:47:40", "elapsed": 10976.836356163025, "delta": 16.542157888412476}, "costs": {"total_cost": 184.26594989472574, "time_cost": 73.232, "final_distance_cost": 1.8471175932571813, "oscillation_cost": 29.5344003671666, "completition_cost": 0.0, "overshoot_cost": 52.26702782184701, "power_cost": 14.97242490234375, "noise_cost": 12.41297921011119, "n_waypoints_completed": 9, "tot_waypoints": 9}}
{"target": -181.5086222548691, "params": {"k_pid_pos": [1.042258369326777, 0.0, 0.0], "k_pid_alt": [2.0, 0.0, 0.0], "k_pid_att": [21.741506178457975, 0.0001, 0.8749598172338727], "k_pid_yaw": [0.5, 1e-06, 0.1], "k_pid_hsp": [0.9727877221837182, 0.0, 0.0], "k_pid_vsp": [400.0, 23.921026204015664, 27.869693664908766]}, "datetime": {"datetime": "2025-08-21 11:47:56", "elapsed": 10992.756895065308, "delta": 15.920538902282715}, "costs": {"total_cost": 181.5086222548691, "time_cost": 70.312, "final_distance_cost": 1.841208724525835, "oscillation_cost": 33.20731407597151, "completition_cost": 0.0, "overshoot_cost": 50.37180011894085, "power_cost": 14.3412822265625, "noise_cost": 11.435017108868408, "n_waypoints_completed": 9, "tot_waypoints": 9}}
{"target": -194.84451654855985, "params": {"k_pid_pos": [0.8618905062998881, 0.0, 0.25530223353024173], "k_pid_alt": [1.0765494614974471, 0.0, 0.0017808808527211596], "k_pid_att": [11.911364671430178, 0.0001, 0.8395352168976893], "k_pid_yaw": [0.5, 1e-06, 0.1], "k_pid_hsp": [0.8089099158204522, 0.0013830667057510102, 0.0], "k_pid_vsp": [399.9804158123096, 8.470066330814053, 12.729241526463328]}, "datetime": {"datetime": "2025-08-21 11:48:13", "elapsed": 11010.109298706055, "delta": 17.35240364074707}, "costs": {"total_cost": 194.84451654855985, "time_cost": 75.68, "final_distance_cost": 1.8548798809632074, "oscillation_cost": 30.741278825564027, "completition_cost": 0.0, "overshoot_cost": 51.123218962385174, "power_cost": 19.669543591308596, "noise_cost": 15.77559528833883, "n_waypoints_completed": 9, "tot_waypoints": 9}}
{"target": -181.0000917000741, "params": {"k_pid_pos": [1.2478460917827032, 0.0, 0.1465704331084453], "k_pid_alt": [0.9535035620480776, 0.0, 0.009158509575936028], "k_pid_att": [20.667910552491957, 0.0001, 0.7364875655558326], "k_pid_yaw": [0.5, 1e-06, 0.1], "k_pid_hsp": [0.7716927121094084, 0.0, 0.0], "k_pid_vsp": [400.0, 30.809622228669852, 24.718439890328316]}, "datetime": {"datetime": "2025-08-21 11:48:30", "elapsed": 11026.8056037426, "delta": 16.6963050365448}, "costs": {"total_cost": 181.0000917000741, "time_cost": 71.512, "final_distance_cost": 1.8339560253256253, "oscillation_cost": 31.357639960857735, "completition_cost": 0.0, "overshoot_cost": 51.21861498290306, "power_cost": 13.574088342285156, "noise_cost": 11.503792388702507, "n_waypoints_completed": 9, "tot_waypoints": 9}}
{"target": -190.0595151691364, "params": {"k_pid_pos": [1.3051116007783665, 0.0, 0.1435419183226886], "k_pid_alt": [0.9214379114730651, 0.0, 0.013048144299459677], "k_pid_att": [25.843036997515085, 0.0001, 0.3480955194237876], "k_pid_yaw": [0.5, 1e-06, 0.1], "k_pid_hsp": [0.6545805078934481, 0.0, 0.0], "k_pid_vsp": [400.0, 7.408866539256278, 24.74953377494205]}, "datetime": {"datetime": "2025-08-21 11:48:46", "elapsed": 11043.252884864807, "delta": 16.44728112220764}, "costs": {"total_cost": 190.0595151691364, "time_cost": 71.34400000000001, "final_distance_cost": 1.8398019947716475, "oscillation_cost": 31.185341982081308, "completition_cost": 0.0, "overshoot_cost": 51.226691177887815, "power_cost": 20.15400594482422, "noise_cost": 14.309674069571395, "n_waypoints_completed": 9, "tot_waypoints": 9}}
{"target": -196.70053983948054, "params": {"k_pid_pos": [1.2159224976288046, 0.0, 0.15511341430587502], "k_pid_alt": [0.8654582424346162, 0.0, 0.0021857257797603087], "k_pid_att": [9.05748081155725, 0.0001, 0.2952222531153139], "k_pid_yaw": [0.5, 1e-06, 0.1], "k_pid_hsp": [0.5546573405173206, 0.0, 0.0], "k_pid_vsp": [381.4122967378576, 18.865098908216368, 12.141751352279385]}, "datetime": {"datetime": "2025-08-21 11:49:03", "elapsed": 11059.5327398777, "delta": 16.279855012893677}, "costs": {"total_cost": 196.70053983948054, "time_cost": 71.856, "final_distance_cost": 1.841111302058575, "oscillation_cost": 31.27865641848083, "completition_cost": 0.0, "overshoot_cost": 51.20024953874559, "power_cost": 23.73402694091797, "noise_cost": 16.79049563927758, "n_waypoints_completed": 9, "tot_waypoints": 9}}
{"target": -180.39585748244065, "params": {"k_pid_pos": [1.2616132054366598, 0.0, 0.3681441087379729], "k_pid_alt": [1.208676136856743, 0.0, 0.00810001051498381], "k_pid_att": [22.527957935763165, 0.0001, 0.6164783680743531], "k_pid_yaw": [0.5, 1e-06, 0.1], "k_pid_hsp": [0.7887988085113682, 0.0, 0.0], "k_pid_vsp": [395.9083905586914, 49.70051990522124, 26.70228508720473]}, "datetime": {"datetime": "2025-08-21 11:49:19", "elapsed": 11076.128092288971, "delta": 16.59535241127014}, "costs": {"total_cost": 180.39585748244065, "time_cost": 71.736, "final_distance_cost": 1.8489879015272417, "oscillation_cost": 30.775437793788424, "completition_cost": 0.0, "overshoot_cost": 51.52849749302299, "power_cost": 12.83270584716797, "noise_cost": 11.674228446934018, "n_waypoints_completed": 9, "tot_waypoints": 9}}
{"target": -179.27665458528008, "params": {"k_pid_pos": [1.1850348186618707, 0.0, 0.15707392128886039], "k_pid_alt": [0.7510579011702666, 0.0, 0.0006002942138921613], "k_pid_att": [21.111160214903418, 0.0001, 0.48710714388789367], "k_pid_yaw": [0.5, 1e-06, 0.1], "k_pid_hsp": [0.6954075798817809, 0.0, 0.0], "k_pid_vsp": [367.73407346931583, 36.179792474589966, 26.647382152515465]}, "datetime": {"datetime": "2025-08-21 11:49:36", "elapsed": 11092.456689119339, "delta": 16.328596830368042}, "costs": {"total_cost": 179.27665458528008, "time_cost": 71.272, "final_distance_cost": 1.8382788045906548, "oscillation_cost": 31.19316464871774, "completition_cost": 0.0, "overshoot_cost": 50.16417246041494, "power_cost": 13.857849438476563, "noise_cost": 10.951189233080179, "n_waypoints_completed": 9, "tot_waypoints": 9}}
{"target": -171.21791661737169, "params": {"k_pid_pos": [1.3731346455913644, 0.0, 0.2491311531032353], "k_pid_alt": [1.1414474770652334, 0.0, 0.005411956995693886], "k_pid_att": [22.26241905822013, 0.0001, 0.6740236093008112], "k_pid_yaw": [0.5, 1e-06, 0.1], "k_pid_hsp": [0.8613958483936084, 0.0, 0.0], "k_pid_vsp": [398.21180134518613, 26.32955905780505, 31.479602292999083]}, "datetime": {"datetime": "2025-08-21 11:49:52", "elapsed": 11109.12584400177, "delta": 16.66915488243103}, "costs": {"total_cost": 171.21791661737169, "time_cost": 70.272, "final_distance_cost": 1.8426011749389717, "oscillation_cost": 32.539457559951266, "completition_cost": 0.0, "overshoot_cost": 50.5996850592326, "power_cost": 8.29095849609375, "noise_cost": 7.673214327155088, "n_waypoints_completed": 9, "tot_waypoints": 9}}
{"target": -181.48209576145646, "params": {"k_pid_pos": [0.980873806253862, 0.0, 0.17773126038740644], "k_pid_alt": [0.8341683418907646, 0.0, 0.0033854621592732774], "k_pid_att": [32.01607814324038, 0.0001, 0.5726152837186878], "k_pid_yaw": [0.5, 1e-06, 0.1], "k_pid_hsp": [0.8611946191055975, 0.0, 0.0], "k_pid_vsp": [400.0, 25.650451474377668, 46.582783277242]}, "datetime": {"datetime": "2025-08-21 11:50:09", "elapsed": 11125.546812295914, "delta": 16.420968294143677}, "costs": {"total_cost": 181.48209576145646, "time_cost": 72.816, "final_distance_cost": 1.848194295685573, "oscillation_cost": 32.26918824450513, "completition_cost": 0.0, "overshoot_cost": 50.87807319153641, "power_cost": 12.707804821777344, "noise_cost": 10.962835207951985, "n_waypoints_completed": 9, "tot_waypoints": 9}}
{"target": -183.08824592170322, "params": {"k_pid_pos": [1.0630349736975755, 0.0, 0.02858763046836798], "k_pid_alt": [0.9229909951844808, 0.0, 0.007131490540828794], "k_pid_att": [9.197672485698739, 0.0001, 0.6096383611274077], "k_pid_yaw": [0.5, 1e-06, 0.1], "k_pid_hsp": [0.4105001162209269, 0.0, 0.0], "k_pid_vsp": [400.0, 30.66153544151657, 17.823413686461926]}, "datetime": {"datetime": "2025-08-21 11:50:25", "elapsed": 11141.971916437149, "delta": 16.42510414123535}, "costs": {"total_cost": 183.08824592170322, "time_cost": 70.888, "final_distance_cost": 1.841365371785778, "oscillation_cost": 30.71265923608947, "completition_cost": 0.0, "overshoot_cost": 50.74261688059835, "power_cost": 16.21110565185547, "noise_cost": 12.692498781374164, "n_waypoints_completed": 9, "tot_waypoints": 9}}
{"target": -6870.942520391908, "params": {"k_pid_pos": [1.2683231858286255, 0.0, 0.1616431440452557], "k_pid_alt": [1.0239214122825526, 0.0, 0.007115965311538896], "k_pid_att": [0.0, 0.0001, 0.5609670969555549], "k_pid_yaw": [0.5, 1e-06, 0.1], "k_pid_hsp": [6.072458162145071, 0.0, 0.0], "k_pid_vsp": [400.0, 1e-06, 9.258631731293825]}, "datetime": {"datetime": "2025-08-21 11:50:48", "elapsed": 11164.740999937057, "delta": 22.769083499908447}, "costs": {"total_cost": 6870.942520391908, "time_cost": 150, "final_distance_cost": 1982.7120385573392, "oscillation_cost": 1.4413293967797445, "completition_cost": 1000.0, "overshoot_cost": 3712.7757174131525, "power_cost": 12.853716894531251, "noise_cost": 11.159718130105958, "n_waypoints_completed": 0, "tot_waypoints": 9}}
{"target": -915.2656098442583, "params": {"k_pid_pos": [1.1200341905965008, 0.0, 0.23211493649221343], "k_pid_alt": [0.8844962385077382, 0.0, 0.0], "k_pid_att": [0.0, 0.0001, 0.5388341780613797], "k_pid_yaw": [0.5, 1e-06, 0.1], "k_pid_hsp": [0.73250429950141, 0.0, 0.0], "k_pid_vsp": [366.7073657733839, 36.544492141439896, 23.692882259074487]}, "datetime": {"datetime": "2025-08-21 11:51:11", "elapsed": 11187.892713069916, "delta": 23.151713132858276}, "costs": {"total_cost": 915.2656098442583, "time_cost": 150, "final_distance_cost": 72.67976248834849, "oscillation_cost": 4.717757600297249, "completition_cost": 555.5555555555555, "overshoot_cost": 96.41626809624749, "power_cost": 20.755959790039064, "noise_cost": 15.140306313770452, "n_waypoints_completed": 4, "tot_waypoints": 9}}
{"target": -180.7205681380523, "params": {"k_pid_pos": [1.24745448233834, 0.0, 0.018919803684842224], "k_pid_alt": [0.9166617368626413, 0.0, 0.008829345718518726], "k_pid_att": [30.797480943374946, 0.0001, 0.7045572237309848], "k_pid_yaw": [0.5, 1e-06, 0.1], "k_pid_hsp": [0.5582140268424445, 0.0, 0.0], "k_pid_vsp": [320.4124954641876, 28.330504586258904, 16.82875636138443]}, "datetime": {"datetime": "2025-08-21 11:51:28", "elapsed": 11204.588633775711, "delta": 16.695920705795288}, "costs": {"total_cost": 180.7205681380523, "time_cost": 70.936, "final_distance_cost": 1.815212539433631, "oscillation_cost": 32.91857478448295, "completition_cost": 0.0, "overshoot_cost": 51.671836249226416, "power_cost": 12.892636071777344, "noise_cost": 10.486308493131947, "n_waypoints_completed": 9, "tot_waypoints": 9}}
{"target": -193.8566802647624, "params": {"k_pid_pos": [1.8695570205790069, 0.0, 0.13038169762150392], "k_pid_alt": [0.9359977065133576, 0.0, 0.0], "k_pid_att": [55.58787729839456, 0.0001, 0.6364126298617697], "k_pid_yaw": [0.5, 1e-06, 0.1], "k_pid_hsp": [1.4068528314107975, 0.0, 0.0], "k_pid_vsp": [400.0, 12.13052380224375, 16.528746664022687]}, "datetime": {"datetime": "2025-08-21 11:51:44", "elapsed": 11220.850735664368, "delta": 16.262101888656616}, "costs": {"total_cost": 193.8566802647624, "time_cost": 71.056, "final_distance_cost": 1.7735385749211767, "oscillation_cost": 40.41712894897117, "completition_cost": 0.0, "overshoot_cost": 51.39239078716412, "power_cost": 16.41837546386719, "noise_cost": 12.799246489838735, "n_waypoints_completed": 9, "tot_waypoints": 9}}
{"target": -185.7219618778023, "params": {"k_pid_pos": [1.0643233036584354, 0.0, 0.07835628627412275], "k_pid_alt": [0.8520947642014406, 0.0, 0.0026480129611110236], "k_pid_att": [37.57164788136247, 0.0001, 0.510220042283523], "k_pid_yaw": [0.5, 1e-06, 0.1], "k_pid_hsp": [0.4202512500017117, 0.039593684657818574, 0.0], "k_pid_vsp": [389.41803748861236, 36.414478791227864, 37.309893188015785]}, "datetime": {"datetime": "2025-08-21 11:52:00", "elapsed": 11237.23515868187, "delta": 16.38442301750183}, "costs": {"total_cost": 185.7219618778023, "time_cost": 70.288, "final_distance_cost": 1.8351412642813993, "oscillation_cost": 32.4404919751063, "completition_cost": 0.0, "overshoot_cost": 49.84298984670064, "power_cost": 17.87370086669922, "noise_cost": 13.441637925014769, "n_waypoints_completed": 9, "tot_waypoints": 9}}
{"target": -171.86944990984637, "params": {"k_pid_pos": [1.4308554702401415, 0.0, 0.12554586531284212], "k_pid_alt": [0.9320601713805712, 0.0, 0.011463505117184403], "k_pid_att": [31.837521204285945, 0.0001, 0.37191997250087067], "k_pid_yaw": [0.5, 1e-06, 0.1], "k_pid_hsp": [0.7926430172005339, 0.0, 0.0], "k_pid_vsp": [400.0, 16.7009605089874, 26.30160248452106]}, "datetime": {"datetime": "2025-08-21 11:52:16", "elapsed": 11253.376288890839, "delta": 16.141130208969116}, "costs": {"total_cost": 171.86944990984637, "time_cost": 70.656, "final_distance_cost": 1.7967641152540685, "oscillation_cost": 32.49245325946188, "completition_cost": 0.0, "overshoot_cost": 51.14681550950422, "power_cost": 8.285523608398439, "noise_cost": 7.491893417227749, "n_waypoints_completed": 9, "tot_waypoints": 9}}
{"target": -180.65445686479976, "params": {"k_pid_pos": [1.202473280225084, 0.0, 0.07804558190538449], "k_pid_alt": [0.8255076018177596, 0.0, 0.008170681551512769], "k_pid_att": [27.9319284701078, 0.0001, 0.6198521038292671], "k_pid_yaw": [0.5, 1e-06, 0.1], "k_pid_hsp": [1.156570180158692, 0.0, 0.0], "k_pid_vsp": [400.0, 10.941864549177449, 1e-06]}, "datetime": {"datetime": "2025-08-21 11:52:33", "elapsed": 11269.969508886337, "delta": 16.593219995498657}, "costs": {"total_cost": 180.65445686479976, "time_cost": 71.8, "final_distance_cost": 1.8396786444330668, "oscillation_cost": 31.491791056591175, "completition_cost": 0.0, "overshoot_cost": 50.8294945025509, "power_cost": 12.977299023437501, "noise_cost": 11.716193637787116, "n_waypoints_completed": 9, "tot_waypoints": 9}}
{"target": -178.94768193201602, "params": {"k_pid_pos": [1.3602185219566914, 0.0, 0.2451220043671615], "k_pid_alt": [1.5751615426267542, 0.0, 0.03168172982101887], "k_pid_att": [34.27013541808924, 0.0001, 0.7013359488324306], "k_pid_yaw": [0.5, 1e-06, 0.1], "k_pid_hsp": [0.870686997410481, 0.0011085103910493856, 0.0], "k_pid_vsp": [400.0, 41.51660458865626, 4.662144146287179]}, "datetime": {"datetime": "2025-08-21 11:52:49", "elapsed": 11286.050790548325, "delta": 16.081281661987305}, "costs": {"total_cost": 178.94768193201602, "time_cost": 70.432, "final_distance_cost": 1.8417593348835286, "oscillation_cost": 31.114989142643626, "completition_cost": 0.0, "overshoot_cost": 51.18213202068955, "power_cost": 12.5798150390625, "noise_cost": 11.796986394736829, "n_waypoints_completed": 9, "tot_waypoints": 9}}
