{"target": -161.5126890753345, "params": {"k_pid_pos": [1.123858781251859, 0.0, 0.13051672565789912], "k_pid_alt": [1.179494905763636, 0.0, 0.01598326861152203], "k_pid_att": [15.872760248957583, 0.0001, 0.6295529955493515], "k_pid_yaw": [0.5, 1e-06, 0.1], "k_pid_hsp": [0.12418635228880834, 0.0024957772556139434, 0.0], "k_pid_vsp": [400.0, 43.40275057300473, 17.286117236973357]}, "datetime": {"datetime": "2025-08-21 19:22:36", "elapsed": 38273.11222743988, "delta": 16.91116976737976}, "costs": {"total_cost": 161.5126890753345, "time_cost": 70.496, "final_distance_cost": 1.8082870834734215, "oscillation_cost": 27.43655814059403, "completition_cost": 0.0, "overshoot_cost": 50.408586710987954, "power_cost": 5.241952124023438, "noise_cost": 6.121305016255673, "n_waypoints_completed": 9, "tot_waypoints": 9}}
{"target": -197.76970673505704, "params": {"k_pid_pos": [1.1237114731633804, 0.0, 0.13070632359082782], "k_pid_alt": [1.1740325880506681, 0.0, 0.013525636173137952], "k_pid_att": [11.448711953404432, 0.0001, 0.6710485666214964], "k_pid_yaw": [0.5, 1e-06, 0.1], "k_pid_hsp": [0.0556503301485618, 0.002923340256927154, 0.0], "k_pid_vsp": [400.0, 32.51306828357105, 17.338785462250456]}, "datetime": {"datetime": "2025-08-21 19:22:54", "elapsed": 38290.67586731911, "delta": 17.563639879226685}, "costs": {"total_cost": 197.76970673505704, "time_cost": 76.4, "final_distance_cost": 1.7629193578024454, "oscillation_cost": 24.219917212817947, "completition_cost": 0.0, "overshoot_cost": 53.336213793871806, "power_cost": 24.434200537109376, "noise_cost": 17.616455833455465, "n_waypoints_completed": 9, "tot_waypoints": 9}}
{"target": -171.55288527251443, "params": {"k_pid_pos": [1.124086750028732, 0.0, 0.1386917521059854], "k_pid_alt": [1.2031711873586473, 0.0, 0.01593759750138352], "k_pid_att": [15.318084725101018, 0.0001, 0.6368247618874839], "k_pid_yaw": [0.5, 1e-06, 0.1], "k_pid_hsp": [0.12781082497563392, 0.0026704445590720145, 0.0], "k_pid_vsp": [400.0, 43.99671359888894, 17.726588233503197]}, "datetime": {"datetime": "2025-08-21 19:23:11", "elapsed": 38307.56539154053, "delta": 16.889524221420288}, "costs": {"total_cost": 171.55288527251443, "time_cost": 70.12, "final_distance_cost": 1.784527983581761, "oscillation_cost": 27.80785463995173, "completition_cost": 0.0, "overshoot_cost": 50.83535798733536, "power_cost": 11.461160754394532, "noise_cost": 9.543983907251045, "n_waypoints_completed": 9, "tot_waypoints": 9}}
{"target": -187.16692369045626, "params": {"k_pid_pos": [1.1912707263169169, 0.0, 0.13575187203887323], "k_pid_alt": [1.051812442649767, 0.0, 0.010992639317791625], "k_pid_att": [53.537062901394755, 0.0001, 0.32013832792148705], "k_pid_yaw": [0.5, 1e-06, 0.1], "k_pid_hsp": [0.8048253190214448, 0.05294499403177941, 0.0], "k_pid_vsp": [400.0, 42.22672722933646, 21.199867108880944]}, "datetime": {"datetime": "2025-08-21 19:23:27", "elapsed": 38323.68026590347, "delta": 16.114874362945557}, "costs": {"total_cost": 187.16692369045626, "time_cost": 70.784, "final_distance_cost": 1.842541326055097, "oscillation_cost": 34.921887805726925, "completition_cost": 0.0, "overshoot_cost": 50.67166382518182, "power_cost": 16.437300708007815, "noise_cost": 12.509530025484601, "n_waypoints_completed": 9, "tot_waypoints": 9}}
{"target": -181.74112539890473, "params": {"k_pid_pos": [1.1410055099170404, 0.0, 0.13750461965658772], "k_pid_alt": [1.1227379021889643, 0.0, 0.01826293485099745], "k_pid_att": [20.72567004983627, 0.0001, 0.5553953035173291], "k_pid_yaw": [0.5, 1e-06, 0.1], "k_pid_hsp": [0.27197878316071683, 0.0033498897569989796, 0.0], "k_pid_vsp": [400.0, 45.241740109636254, 18.25021205800735]}, "datetime": {"datetime": "2025-08-21 19:23:45", "elapsed": 38341.84149861336, "delta": 18.161232709884644}, "costs": {"total_cost": 181.74112539890473, "time_cost": 70.408, "final_distance_cost": 1.8338303991242504, "oscillation_cost": 29.369851960089203, "completition_cost": 0.0, "overshoot_cost": 50.763041561707325, "power_cost": 16.393614111328127, "noise_cost": 12.97278736665582, "n_waypoints_completed": 9, "tot_waypoints": 9}}
{"target": -185.09704389913537, "params": {"k_pid_pos": [1.1208722732533676, 0.0, 0.08064715961108027], "k_pid_alt": [0.4384956002589121, 0.0, 0.015797582472639994], "k_pid_att": [15.44431713899269, 0.0001, 0.5334083107814697], "k_pid_yaw": [0.5, 1e-06, 0.1], "k_pid_hsp": [0.5571219428915766, 0.0034117683901472165, 0.0], "k_pid_vsp": [399.79521652060834, 70.69930942250369, 17.71805019474899]}, "datetime": {"datetime": "2025-08-21 19:24:02", "elapsed": 38359.34025454521, "delta": 17.498755931854248}, "costs": {"total_cost": 185.09704389913537, "time_cost": 77.84, "final_distance_cost": 1.8492523270783954, "oscillation_cost": 31.85669842307279, "completition_cost": 0.0, "overshoot_cost": 50.42787374470504, "power_cost": 12.687090368652344, "noise_cost": 10.436129035626804, "n_waypoints_completed": 9, "tot_waypoints": 9}}
{"target": -188.1558905828526, "params": {"k_pid_pos": [1.0666962909861062, 0.0, 0.1357881036755394], "k_pid_alt": [1.2274304914037302, 0.0, 0.014697871583210675], "k_pid_att": [16.78158538197516, 0.0001, 0.8003679862460605], "k_pid_yaw": [0.5, 1e-06, 0.1], "k_pid_hsp": [0.2433896338483131, 0.003938960518515329, 0.0], "k_pid_vsp": [400.0, 44.913168590494145, 18.289705467922303]}, "datetime": {"datetime": "2025-08-21 19:24:20", "elapsed": 38377.418276548386, "delta": 18.078022003173828}, "costs": {"total_cost": 188.1558905828526, "time_cost": 71.24, "final_distance_cost": 1.8394192106301102, "oscillation_cost": 28.428016007653504, "completition_cost": 0.0, "overshoot_cost": 51.565677396140984, "power_cost": 20.03127244873047, "noise_cost": 15.05150551969755, "n_waypoints_completed": 9, "tot_waypoints": 9}}
{"target": -182.27454801578108, "params": {"k_pid_pos": [1.1286910070648433, 0.0, 0.13848033994126188], "k_pid_alt": [1.1897890243152276, 0.0, 0.016802460885775472], "k_pid_att": [17.273571749590484, 0.13422424260559657, 0.6505912973475627], "k_pid_yaw": [0.5, 1e-06, 0.1], "k_pid_hsp": [0.1987709765237874, 0.0033088162474355256, 0.0], "k_pid_vsp": [380.6098032267817, 45.63001428733536, 17.320506296097648]}, "datetime": {"datetime": "2025-08-21 19:24:37", "elapsed": 38393.84544420242, "delta": 16.427167654037476}, "costs": {"total_cost": 182.27454801578108, "time_cost": 70.06400000000001, "final_distance_cost": 1.8095289916315813, "oscillation_cost": 28.554929636418773, "completition_cost": 0.0, "overshoot_cost": 50.7076753166577, "power_cost": 17.343349865722658, "noise_cost": 13.795064205350343, "n_waypoints_completed": 9, "tot_waypoints": 9}}
{"target": -175.6541198807084, "params": {"k_pid_pos": [1.2949615043428788, 0.0, 0.0], "k_pid_alt": [1.1316344602940613, 0.0, 0.024416709234418507], "k_pid_att": [14.657415861669865, 0.0001, 0.6396308703046505], "k_pid_yaw": [0.5, 1e-06, 0.1], "k_pid_hsp": [0.12655013721262218, 0.0032259258384658295, 0.0], "k_pid_vsp": [400.0, 16.10307734819979, 21.650862566549392]}, "datetime": {"datetime": "2025-08-21 19:24:55", "elapsed": 38411.93184709549, "delta": 18.086402893066406}, "costs": {"total_cost": 175.6541198807084, "time_cost": 71.928, "final_distance_cost": 1.7561862210334618, "oscillation_cost": 30.12027676066602, "completition_cost": 0.0, "overshoot_cost": 52.309901863890346, "power_cost": 10.250073303222656, "noise_cost": 9.289681731895945, "n_waypoints_completed": 9, "tot_waypoints": 9}}
{"target": -184.75249264736135, "params": {"k_pid_pos": [1.278619518564144, 0.00022457134750135139, 0.16733977816719442], "k_pid_alt": [1.14795964548701, 0.0, 0.021539693247934918], "k_pid_att": [15.774107355994687, 0.0001, 0.6415785847338921], "k_pid_yaw": [0.5, 1e-06, 0.1], "k_pid_hsp": [0.1703221942951848, 0.004387824184888571, 0.0], "k_pid_vsp": [393.2772016291258, 53.93904559032543, 17.955488225766185]}, "datetime": {"datetime": "2025-08-21 19:25:11", "elapsed": 38427.92395091057, "delta": 15.992103815078735}, "costs": {"total_cost": 184.75249264736135, "time_cost": 71.06400000000001, "final_distance_cost": 1.8017287850608485, "oscillation_cost": 29.068013221149542, "completition_cost": 0.0, "overshoot_cost": 52.19716415228709, "power_cost": 17.053447912597658, "noise_cost": 13.568138576266218, "n_waypoints_completed": 9, "tot_waypoints": 9}}
{"target": -176.36697465696187, "params": {"k_pid_pos": [1.1253850103791712, 0.0, 0.04186351000002339], "k_pid_alt": [1.194069523341516, 0.0, 0.01520964940137251], "k_pid_att": [15.16043902258037, 0.0001, 0.630009937263445], "k_pid_yaw": [0.5, 1e-06, 0.1], "k_pid_hsp": [0.1257640686971762, 0.003808501502207173, 0.0], "k_pid_vsp": [398.8843941338357, 38.86169978578833, 15.463454416486053]}, "datetime": {"datetime": "2025-08-21 19:25:28", "elapsed": 38445.425369262695, "delta": 17.501418352127075}, "costs": {"total_cost": 176.36697465696187, "time_cost": 70.144, "final_distance_cost": 1.8119204237512214, "oscillation_cost": 28.64409589636668, "completition_cost": 0.0, "overshoot_cost": 50.90548228662699, "power_cost": 13.488585119628906, "noise_cost": 11.372890930588081, "n_waypoints_completed": 9, "tot_waypoints": 9}}
{"target": -180.06889412794325, "params": {"k_pid_pos": [1.121710469186764, 0.0, 0.12444306300162791], "k_pid_alt": [0.9841250368415956, 0.0, 0.015189788155354928], "k_pid_att": [15.173763353564992, 0.011427445838501235, 0.6376259917924894], "k_pid_yaw": [0.5, 1e-06, 0.1], "k_pid_hsp": [0.2872062413903186, 0.0033906889797725823, 0.0], "k_pid_vsp": [400.0, 43.74348286830791, 17.124762109120674]}, "datetime": {"datetime": "2025-08-21 19:25:45", "elapsed": 38461.48521566391, "delta": 16.0598464012146}, "costs": {"total_cost": 180.06889412794325, "time_cost": 70.928, "final_distance_cost": 1.8340501065663195, "oscillation_cost": 28.94167003256791, "completition_cost": 0.0, "overshoot_cost": 50.618843429319696, "power_cost": 15.409994592285157, "noise_cost": 12.336335967204182, "n_waypoints_completed": 9, "tot_waypoints": 9}}
{"target": -178.5713582950597, "params": {"k_pid_pos": [1.1074161701531435, 0.0, 0.15124462747269005], "k_pid_alt": [1.299808990494147, 0.0, 0.016279757721223358], "k_pid_att": [15.43564524766182, 0.0001, 0.6332990460939955], "k_pid_yaw": [0.5, 1e-06, 0.1], "k_pid_hsp": [0.1366519926797143, 0.0034388782474354283, 0.0], "k_pid_vsp": [400.0, 28.46058235308855, 9.247121006481276]}, "datetime": {"datetime": "2025-08-21 19:26:02", "elapsed": 38479.15892672539, "delta": 17.67371106147766}, "costs": {"total_cost": 178.5713582950597, "time_cost": 71.408, "final_distance_cost": 1.8071855613063668, "oscillation_cost": 27.000538268199044, "completition_cost": 0.0, "overshoot_cost": 51.74242397143415, "power_cost": 14.411608935546875, "noise_cost": 12.201601558573259, "n_waypoints_completed": 9, "tot_waypoints": 9}}
{"target": -184.90312283043417, "params": {"k_pid_pos": [1.2449754251070106, 0.0, 0.12445253464842071], "k_pid_alt": [1.192227969865256, 0.0, 0.011372815266102383], "k_pid_att": [8.782989713566778, 0.0001, 0.6252878684466502], "k_pid_yaw": [0.5, 1e-06, 0.1], "k_pid_hsp": [0.19245162823901862, 0.0020259049343743663, 0.0], "k_pid_vsp": [400.0, 35.805921727984014, 17.102634387358883]}, "datetime": {"datetime": "2025-08-21 19:26:19", "elapsed": 38495.44572305679, "delta": 16.28679633140564}, "costs": {"total_cost": 184.90312283043417, "time_cost": 69.92, "final_distance_cost": 1.824353125020703, "oscillation_cost": 29.944541334950713, "completition_cost": 0.0, "overshoot_cost": 51.00230496715524, "power_cost": 18.274514904785157, "noise_cost": 13.937408498522368, "n_waypoints_completed": 9, "tot_waypoints": 9}}
{"target": -179.75879780103995, "params": {"k_pid_pos": [1.1299059425856193, 0.0, 0.13449162688293295], "k_pid_alt": [1.078713700955796, 0.0, 0.015692289342721443], "k_pid_att": [16.716518760716244, 0.0001, 0.5690376762812861], "k_pid_yaw": [0.5, 1e-06, 0.1], "k_pid_hsp": [0.10072379234527051, 0.0025865162578794882, 0.0], "k_pid_vsp": [400.0, 31.194265332063885, 17.712220302129587]}, "datetime": {"datetime": "2025-08-21 19:26:36", "elapsed": 38513.25355601311, "delta": 17.807832956314087}, "costs": {"total_cost": 179.75879780103995, "time_cost": 71.672, "final_distance_cost": 1.8081304536671046, "oscillation_cost": 26.964990931548705, "completition_cost": 0.0, "overshoot_cost": 51.60305896463362, "power_cost": 15.695563842773439, "noise_cost": 12.015053608417094, "n_waypoints_completed": 9, "tot_waypoints": 9}}
{"target": -177.0062126721728, "params": {"k_pid_pos": [1.193311573980095, 0.0, 0.1411135570023344], "k_pid_alt": [1.2015051906635303, 0.0, 0.01647253473262468], "k_pid_att": [21.447155077505872, 0.0001, 0.6224266535558486], "k_pid_yaw": [0.5, 1e-06, 0.1], "k_pid_hsp": [0.227114061295018, 0.0033852133278444285, 0.0], "k_pid_vsp": [400.0, 61.495866332911476, 18.45632514057588]}, "datetime": {"datetime": "2025-08-21 19:26:53", "elapsed": 38529.78214621544, "delta": 16.528590202331543}, "costs": {"total_cost": 177.0062126721728, "time_cost": 70.024, "final_distance_cost": 1.8076642000972696, "oscillation_cost": 29.595642681883398, "completition_cost": 0.0, "overshoot_cost": 51.25326012796813, "power_cost": 13.42983973388672, "noise_cost": 10.895805928337296, "n_waypoints_completed": 9, "tot_waypoints": 9}}
{"target": -185.55844304021377, "params": {"k_pid_pos": [1.1228701864128579, 0.0, 0.13623577746451862], "k_pid_alt": [1.0429465116377132, 0.0, 0.008217988866867313], "k_pid_att": [12.897258788055803, 0.0001, 0.6311126326546664], "k_pid_yaw": [0.5, 1e-06, 0.1], "k_pid_hsp": [0.12105156535032258, 0.003435872008615221, 0.0], "k_pid_vsp": [400.0, 20.105167923337817, 16.148908050977838]}, "datetime": {"datetime": "2025-08-21 19:27:11", "elapsed": 38548.36341238022, "delta": 18.581266164779663}, "costs": {"total_cost": 185.55844304021377, "time_cost": 73.392, "final_distance_cost": 1.8134648143922931, "oscillation_cost": 28.963139457005067, "completition_cost": 0.0, "overshoot_cost": 51.723567441811376, "power_cost": 16.622264660644532, "noise_cost": 13.04400666636051, "n_waypoints_completed": 9, "tot_waypoints": 9}}
{"target": -183.43229410392763, "params": {"k_pid_pos": [1.1956035707849155, 0.0, 0.1387822422454644], "k_pid_alt": [1.2155508055601916, 0.0, 0.019629757205752135], "k_pid_att": [13.089467970565675, 0.0001, 0.632883940480265], "k_pid_yaw": [0.5, 1e-06, 0.1], "k_pid_hsp": [0.12471406611370334, 0.0, 0.0], "k_pid_vsp": [400.0, 28.23599960412424, 17.44131031949048]}, "datetime": {"datetime": "2025-08-21 19:27:28", "elapsed": 38565.290486097336, "delta": 16.92707371711731}, "costs": {"total_cost": 183.43229410392763, "time_cost": 71.584, "final_distance_cost": 1.773005117946422, "oscillation_cost": 27.719152757448374, "completition_cost": 0.0, "overshoot_cost": 52.15273108866039, "power_cost": 17.234965673828125, "noise_cost": 12.968439466044323, "n_waypoints_completed": 9, "tot_waypoints": 9}}
{"target": -177.9389887883353, "params": {"k_pid_pos": [1.1175537530381743, 0.0, 0.16332587918898603], "k_pid_alt": [1.196077277594573, 0.0, 0.007575989380582408], "k_pid_att": [15.288704751835148, 0.0001, 0.6344189415502898], "k_pid_yaw": [0.5, 1e-06, 0.1], "k_pid_hsp": [0.1291376040105255, 0.0033833625275209505, 0.0], "k_pid_vsp": [400.0, 51.64211784414897, 22.48483824897322]}, "datetime": {"datetime": "2025-08-21 19:27:45", "elapsed": 38582.28549647331, "delta": 16.995010375976562}, "costs": {"total_cost": 177.9389887883353, "time_cost": 70.04, "final_distance_cost": 1.7833494462233943, "oscillation_cost": 28.104664326395742, "completition_cost": 0.0, "overshoot_cost": 51.14336315661711, "power_cost": 14.825275708007814, "noise_cost": 12.042336151091245, "n_waypoints_completed": 9, "tot_waypoints": 9}}
{"target": -174.7329821559883, "params": {"k_pid_pos": [1.123027349882906, 0.0, 0.13124687720373762], "k_pid_alt": [1.4370827815010787, 0.0, 0.014594105569050067], "k_pid_att": [27.301468581091296, 0.0001, 0.6409461475279605], "k_pid_yaw": [0.5, 1e-06, 0.1], "k_pid_hsp": [0.1341993456969282, 0.0022561143342452114, 0.0], "k_pid_vsp": [400.0, 47.920287241509136, 21.468546482844534]}, "datetime": {"datetime": "2025-08-21 19:28:02", "elapsed": 38598.83477854729, "delta": 16.54928207397461}, "costs": {"total_cost": 174.7329821559883, "time_cost": 70.464, "final_distance_cost": 1.8034061095714535, "oscillation_cost": 27.79397327676107, "completition_cost": 0.0, "overshoot_cost": 51.52935137130086, "power_cost": 12.793644152832032, "noise_cost": 10.348607245522905, "n_waypoints_completed": 9, "tot_waypoints": 9}}
{"target": -190.79823088562733, "params": {"k_pid_pos": [1.1161529911055206, 0.0, 0.1295970849528182], "k_pid_alt": [0.8659035059873166, 0.0, 0.01611431163905895], "k_pid_att": [18.272190984048514, 0.0001, 0.5433680861508451], "k_pid_yaw": [0.5, 1e-06, 0.1], "k_pid_hsp": [0.34136711459313895, 0.02123183083834377, 0.0], "k_pid_vsp": [399.9975068313664, 40.12617541175595, 15.942391034610417]}, "datetime": {"datetime": "2025-08-21 19:28:19", "elapsed": 38615.684782505035, "delta": 16.850003957748413}, "costs": {"total_cost": 190.79823088562733, "time_cost": 71.48, "final_distance_cost": 1.8399177178921122, "oscillation_cost": 29.927982462675704, "completition_cost": 0.0, "overshoot_cost": 50.448631412226085, "power_cost": 21.46282274169922, "noise_cost": 15.638876551134212, "n_waypoints_completed": 9, "tot_waypoints": 9}}
{"target": -187.89304370384963, "params": {"k_pid_pos": [1.1977575090943362, 0.0, 0.1377447975704571], "k_pid_alt": [1.2444148823418768, 0.0, 0.01600287724813483], "k_pid_att": [18.518631990274272, 0.0001, 0.6449946293107387], "k_pid_yaw": [0.5, 1e-06, 0.1], "k_pid_hsp": [0.37608916102791057, 0.0033867754341725463, 0.0], "k_pid_vsp": [391.53846817103374, 26.379805720949307, 7.990251167769669]}, "datetime": {"datetime": "2025-08-21 19:28:37", "elapsed": 38633.825528383255, "delta": 18.140745878219604}, "costs": {"total_cost": 187.89304370384963, "time_cost": 74.128, "final_distance_cost": 1.8296221139965252, "oscillation_cost": 31.103104722787023, "completition_cost": 0.0, "overshoot_cost": 53.059471919856286, "power_cost": 14.947169860839844, "noise_cost": 12.825675086369964, "n_waypoints_completed": 9, "tot_waypoints": 9}}
{"target": -180.0972865018961, "params": {"k_pid_pos": [1.123077018257647, 0.0, 0.13994489292815243], "k_pid_alt": [1.2329726031569554, 0.0, 0.016760560481427423], "k_pid_att": [14.787762909049935, 0.0001, 0.6333824088469563], "k_pid_yaw": [0.5, 1e-06, 0.1], "k_pid_hsp": [0.1273148521197646, 0.0031038071169215, 0.0], "k_pid_vsp": [394.6453969038658, 29.918780572355402, 16.668590012096686]}, "datetime": {"datetime": "2025-08-21 19:28:53", "elapsed": 38649.86512851715, "delta": 16.039600133895874}, "costs": {"total_cost": 180.0972865018961, "time_cost": 71.4, "final_distance_cost": 1.7974456436670596, "oscillation_cost": 27.186023821729947, "completition_cost": 0.0, "overshoot_cost": 51.69885979113307, "power_cost": 15.957181994628908, "noise_cost": 12.057775250737102, "n_waypoints_completed": 9, "tot_waypoints": 9}}
{"target": -181.3421820391851, "params": {"k_pid_pos": [1.1213865311439841, 0.0, 0.16116631336779333], "k_pid_alt": [1.081191350081112, 0.0, 0.01590461253675294], "k_pid_att": [14.886630217819576, 0.0001, 0.636124149153419], "k_pid_yaw": [0.5, 1e-06, 0.1], "k_pid_hsp": [0.12809775838002352, 0.003295315980280979, 0.0], "k_pid_vsp": [393.2576129058259, 41.7957899599621, 18.43501199144346]}, "datetime": {"datetime": "2025-08-21 19:29:11", "elapsed": 38668.181366205215, "delta": 18.316237688064575}, "costs": {"total_cost": 181.3421820391851, "time_cost": 70.52, "final_distance_cost": 1.8159671777305644, "oscillation_cost": 27.50035587750845, "completition_cost": 0.0, "overshoot_cost": 50.7860283343091, "power_cost": 17.240988916015628, "noise_cost": 13.478841733621366, "n_waypoints_completed": 9, "tot_waypoints": 9}}
{"target": -177.5644305377894, "params": {"k_pid_pos": [1.2018810723399567, 0.0, 0.12768769994429668], "k_pid_alt": [1.4964700741485473, 0.0, 0.0], "k_pid_att": [13.918162116950583, 0.0001, 0.6475423237917598], "k_pid_yaw": [0.5, 1e-06, 0.1], "k_pid_hsp": [0.38082623451973074, 0.00172848015405062, 0.0], "k_pid_vsp": [398.57493527846503, 16.13194431622337, 20.097272495229284]}, "datetime": {"datetime": "2025-08-21 19:29:28", "elapsed": 38684.6344537735, "delta": 16.45308756828308}, "costs": {"total_cost": 177.5644305377894, "time_cost": 71.0, "final_distance_cost": 1.8393325199092836, "oscillation_cost": 30.725116078861472, "completition_cost": 0.0, "overshoot_cost": 51.67887213335882, "power_cost": 11.733532250976562, "noise_cost": 10.587577554683266, "n_waypoints_completed": 9, "tot_waypoints": 9}}
{"target": -180.52510731407776, "params": {"k_pid_pos": [1.1193314112381714, 0.0, 0.19853371408394646], "k_pid_alt": [1.106244316497914, 0.0, 0.013982974735031774], "k_pid_att": [13.398626524065376, 0.0001, 0.5694079550145807], "k_pid_yaw": [0.5, 1e-06, 0.1], "k_pid_hsp": [0.15192021719358426, 0.0019075659624883646, 0.0], "k_pid_vsp": [400.0, 32.46464825688943, 15.115358817797539]}, "datetime": {"datetime": "2025-08-21 19:29:45", "elapsed": 38702.134868621826, "delta": 17.500414848327637}, "costs": {"total_cost": 180.52510731407776, "time_cost": 70.424, "final_distance_cost": 1.8319543364194693, "oscillation_cost": 27.529067717460862, "completition_cost": 0.0, "overshoot_cost": 50.49898269484145, "power_cost": 17.321525927734378, "noise_cost": 12.919576637621596, "n_waypoints_completed": 9, "tot_waypoints": 9}}
