{"target": -182.10190997150215, "params": {"k_pid_pos": [1.135120203034731, 0.0, 0.0], "k_pid_alt": [0.9175363801582466, 0.0, 0.009729799122890135], "k_pid_att": [13.978084219657767, 0.0001, 0.6509219943329605], "k_pid_yaw": [0.5, 1e-06, 0.1], "k_pid_hsp": [0.21977953443552248, 0.005049586971880688, 0.0], "k_pid_vsp": [382.4525020118631, 17.062125032481635, 18.479454955636452]}, "datetime": {"datetime": "2025-08-21 14:19:15", "elapsed": 20072.142711639404, "delta": 16.55198359489441}, "costs": {"total_cost": 182.10190997150215, "time_cost": 71.912, "final_distance_cost": 1.7877991054673146, "oscillation_cost": 29.58764801231224, "completition_cost": 0.0, "overshoot_cost": 51.359679339613194, "power_cost": 15.31659617919922, "noise_cost": 12.138187334910183, "n_waypoints_completed": 9, "tot_waypoints": 9}}
{"target": -181.85217824183638, "params": {"k_pid_pos": [1.1207756365907193, 0.0, 0.06253708123313523], "k_pid_alt": [1.0981551236289742, 0.0, 0.009809735638817228], "k_pid_att": [22.336182329039286, 0.00495261011759136, 0.6143380945526069], "k_pid_yaw": [0.5, 1e-06, 0.1], "k_pid_hsp": [0.10082322730710927, 0.0013506183635997697, 0.0], "k_pid_vsp": [400.0, 13.749971894441945, 17.98030259931565]}, "datetime": {"datetime": "2025-08-21 14:19:32", "elapsed": 20088.931148529053, "delta": 16.788436889648438}, "costs": {"total_cost": 181.85217824183638, "time_cost": 71.48, "final_distance_cost": 1.7817727746542646, "oscillation_cost": 27.39007205673822, "completition_cost": 0.0, "overshoot_cost": 51.66715838383221, "power_cost": 16.618157421875, "noise_cost": 12.915017604736668, "n_waypoints_completed": 9, "tot_waypoints": 9}}
{"target": -170.96193151695442, "params": {"k_pid_pos": [1.191004858210789, 0.0, 0.18826516657170983], "k_pid_alt": [0.8093968014132367, 0.0, 0.012734620994357083], "k_pid_att": [15.9830520006201, 0.0001, 0.6209197215052538], "k_pid_yaw": [0.5, 1e-06, 0.1], "k_pid_hsp": [0.12293403048232315, 0.0015685928974013788, 0.0], "k_pid_vsp": [386.9627536140224, 16.185239235452546, 7.542448739687009]}, "datetime": {"datetime": "2025-08-21 14:19:50", "elapsed": 20106.435817718506, "delta": 17.504669189453125}, "costs": {"total_cost": 170.96193151695442, "time_cost": 72.416, "final_distance_cost": 1.8167581017700645, "oscillation_cost": 27.64969016459956, "completition_cost": 0.0, "overshoot_cost": 50.93509288620273, "power_cost": 8.892396142578125, "noise_cost": 9.251994221803965, "n_waypoints_completed": 9, "tot_waypoints": 9}}
{"target": -173.2023087091514, "params": {"k_pid_pos": [1.213856932445798, 0.0, 0.12838534287186357], "k_pid_alt": [1.1000209616751255, 0.0, 0.009839776725335524], "k_pid_att": [10.072625150554689, 0.0001, 0.6643892996994771], "k_pid_yaw": [0.5, 1e-06, 0.1], "k_pid_hsp": [0.12094577091754258, 0.0024184351552088146, 0.0], "k_pid_vsp": [388.7285631493012, 23.01371512469551, 16.31376608010505]}, "datetime": {"datetime": "2025-08-21 14:20:06", "elapsed": 20122.917096614838, "delta": 16.481278896331787}, "costs": {"total_cost": 173.2023087091514, "time_cost": 71.488, "final_distance_cost": 1.7847623369006465, "oscillation_cost": 28.21392843652735, "completition_cost": 0.0, "overshoot_cost": 51.79753737988217, "power_cost": 10.616640112304689, "noise_cost": 9.301440443536556, "n_waypoints_completed": 9, "tot_waypoints": 9}}
{"target": -185.18718617608337, "params": {"k_pid_pos": [1.2696992702923142, 0.0, 0.1386102732013379], "k_pid_alt": [1.1611473645123955, 0.0, 0.009674675174178353], "k_pid_att": [16.310559847216133, 0.0001, 0.5832840426938908], "k_pid_yaw": [0.5, 1e-06, 0.1], "k_pid_hsp": [0.13932445104842442, 0.002517013424364062, 0.0], "k_pid_vsp": [400.0, 18.810217028581604, 17.47100177248022]}, "datetime": {"datetime": "2025-08-21 14:20:23", "elapsed": 20139.666961669922, "delta": 16.74986505508423}, "costs": {"total_cost": 185.18718617608337, "time_cost": 70.976, "final_distance_cost": 1.8126909908165074, "oscillation_cost": 29.038151113614198, "completition_cost": 0.0, "overshoot_cost": 51.31168598429802, "power_cost": 18.448642919921877, "noise_cost": 13.60001516743278, "n_waypoints_completed": 9, "tot_waypoints": 9}}
{"target": -1222.8053507763368, "params": {"k_pid_pos": [1.1265191622074433, 0.0, 0.11427902933862742], "k_pid_alt": [0.6393933315204139, 0.0, 0.0], "k_pid_att": [28.504971010802116, 0.045385763829671445, 0.6093342855372539], "k_pid_yaw": [0.5, 1e-06, 0.1], "k_pid_hsp": [0.0001, 0.001479634481941597, 0.0], "k_pid_vsp": [280.1848039285378, 20.3888356836287, 3.5450327642857404]}, "datetime": {"datetime": "2025-08-21 14:20:46", "elapsed": 20163.25590658188, "delta": 23.588944911956787}, "costs": {"total_cost": 1222.8053507763368, "time_cost": 150, "final_distance_cost": 54.1386591634952, "oscillation_cost": 0.31878347467041573, "completition_cost": 888.8888888888888, "overshoot_cost": 94.21891947814537, "power_cost": 19.411870947265626, "noise_cost": 15.828228823871413, "n_waypoints_completed": 1, "tot_waypoints": 9}}
{"target": -188.97116559943373, "params": {"k_pid_pos": [1.0541713039997644, 0.0, 0.13342683868478475], "k_pid_alt": [0.9069839850564929, 0.0, 0.009265869060720673], "k_pid_att": [15.562664941763549, 0.0001, 0.6227496855778905], "k_pid_yaw": [0.5, 1e-06, 0.1], "k_pid_hsp": [0.20409879608161036, 0.003347302811971856, 0.0], "k_pid_vsp": [388.68775000195683, 11.097528616427642, 12.150130005179966]}, "datetime": {"datetime": "2025-08-21 14:21:03", "elapsed": 20179.645325660706, "delta": 16.389419078826904}, "costs": {"total_cost": 188.97116559943373, "time_cost": 72.408, "final_distance_cost": 1.826102935949, "oscillation_cost": 27.78339708152948, "completition_cost": 0.0, "overshoot_cost": 51.65998101286888, "power_cost": 20.163971350097658, "noise_cost": 15.12971321898872, "n_waypoints_completed": 9, "tot_waypoints": 9}}
{"target": -191.38647869372969, "params": {"k_pid_pos": [1.164982556083082, 0.0, 0.1908860392143623], "k_pid_alt": [0.9831096187493832, 0.0, 0.011075902945774275], "k_pid_att": [14.74964787614666, 0.0001, 0.5932238919207652], "k_pid_yaw": [0.5, 1e-06, 0.1], "k_pid_hsp": [0.07119718678946835, 0.0, 0.0], "k_pid_vsp": [384.8941043883906, 7.442601576261986, 15.271767842379022]}, "datetime": {"datetime": "2025-08-21 14:21:20", "elapsed": 20196.80552458763, "delta": 17.16019892692566}, "costs": {"total_cost": 191.38647869372969, "time_cost": 73.888, "final_distance_cost": 1.7501862619151225, "oscillation_cost": 24.921045799652788, "completition_cost": 0.0, "overshoot_cost": 53.07686584418232, "power_cost": 21.589841625976565, "noise_cost": 16.160539162002888, "n_waypoints_completed": 9, "tot_waypoints": 9}}
{"target": -200.80111376237224, "params": {"k_pid_pos": [1.1798851662779375, 0.0, 0.08942074290877199], "k_pid_alt": [0.9519253884531923, 0.0, 0.010189629449712356], "k_pid_att": [41.90795780556775, 0.0001, 0.6425206874327196], "k_pid_yaw": [0.5, 1e-06, 0.1], "k_pid_hsp": [0.045495579162390554, 0.004768987221429713, 0.0], "k_pid_vsp": [345.36229656635936, 1e-06, 13.338535770148122]}, "datetime": {"datetime": "2025-08-21 14:21:40", "elapsed": 20217.084778785706, "delta": 20.27925419807434}, "costs": {"total_cost": 200.80111376237224, "time_cost": 84.968, "final_distance_cost": 1.7107449518096385, "oscillation_cost": 24.908257928522534, "completition_cost": 0.0, "overshoot_cost": 55.784311697544155, "power_cost": 18.973160876464846, "noise_cost": 14.456638308031087, "n_waypoints_completed": 9, "tot_waypoints": 9}}
{"target": -176.55018047341437, "params": {"k_pid_pos": [1.1218596867098174, 0.0, 0.11332407985194874], "k_pid_alt": [0.9226241908948764, 0.0, 0.008405431930570934], "k_pid_att": [19.78004917033573, 0.0001, 0.5282928674480338], "k_pid_yaw": [0.5, 1e-06, 0.1], "k_pid_hsp": [0.08858664394572008, 0.000258022955847201, 0.0], "k_pid_vsp": [390.0318512853703, 18.03858518967258, 19.24685450492695]}, "datetime": {"datetime": "2025-08-21 14:21:56", "elapsed": 20233.08324289322, "delta": 15.998464107513428}, "costs": {"total_cost": 176.55018047341437, "time_cost": 72.584, "final_distance_cost": 1.8062976974888865, "oscillation_cost": 26.170356180556144, "completition_cost": 0.0, "overshoot_cost": 52.34566687741292, "power_cost": 12.906194848632813, "noise_cost": 10.737664869323604, "n_waypoints_completed": 9, "tot_waypoints": 9}}
{"target": -205.28868144902108, "params": {"k_pid_pos": [1.1858598676017686, 0.0, 0.12221733994051667], "k_pid_alt": [0.3584015826011975, 0.0, 0.010057892661663933], "k_pid_att": [27.27661647530306, 0.0001, 0.6892388946931042], "k_pid_yaw": [0.5, 1e-06, 0.1], "k_pid_hsp": [0.10468934937733151, 0.006739620144298082, 0.0], "k_pid_vsp": [387.23178409099495, 9.607903582803889, 19.398921371555446]}, "datetime": {"datetime": "2025-08-21 14:22:17", "elapsed": 20253.615522623062, "delta": 20.53227972984314}, "costs": {"total_cost": 205.28868144902108, "time_cost": 90.776, "final_distance_cost": 1.8489596839550426, "oscillation_cost": 32.6244252933903, "completition_cost": 0.0, "overshoot_cost": 53.21487320772583, "power_cost": 14.446535876464845, "noise_cost": 12.377887387485073, "n_waypoints_completed": 9, "tot_waypoints": 9}}
{"target": -200.13662990555594, "params": {"k_pid_pos": [1.3160354858582692, 0.0, 0.13670269384950645], "k_pid_alt": [0.9922057862835618, 0.0, 0.008895733028237273], "k_pid_att": [19.737915929031008, 0.0001, 0.604818403456616], "k_pid_yaw": [0.5, 1e-06, 0.1], "k_pid_hsp": [0.352507820896267, 7.380525480428588e-05, 0.0], "k_pid_vsp": [395.5072224030129, 38.45570663825216, 11.24124577165785]}, "datetime": {"datetime": "2025-08-21 14:22:33", "elapsed": 20270.421822309494, "delta": 16.806299686431885}, "costs": {"total_cost": 200.13662990555594, "time_cost": 72.656, "final_distance_cost": 1.808508971197528, "oscillation_cost": 31.780776449324343, "completition_cost": 0.0, "overshoot_cost": 52.12618401285736, "power_cost": 24.490506848144534, "noise_cost": 17.27465362403217, "n_waypoints_completed": 9, "tot_waypoints": 9}}
{"target": -185.041156904164, "params": {"k_pid_pos": [1.1274171781882394, 0.0, 0.12814549696672137], "k_pid_alt": [0.9456515950894172, 0.0, 0.009640339621739148], "k_pid_att": [15.465240676806994, 0.0001, 0.6494162598832702], "k_pid_yaw": [0.5, 1e-06, 0.1], "k_pid_hsp": [0.10746402999896654, 0.0041101445990019345, 0.0], "k_pid_vsp": [390.0783288028314, 11.242415590013021, 13.510582732339138]}, "datetime": {"datetime": "2025-08-21 14:22:50", "elapsed": 20287.015664577484, "delta": 16.593842267990112}, "costs": {"total_cost": 185.041156904164, "time_cost": 72.112, "final_distance_cost": 1.7789671421535915, "oscillation_cost": 27.668413235850494, "completition_cost": 0.0, "overshoot_cost": 51.936783874888405, "power_cost": 18.050900549316406, "noise_cost": 13.494092101955145, "n_waypoints_completed": 9, "tot_waypoints": 9}}
{"target": -185.19805772690273, "params": {"k_pid_pos": [1.1005469141156634, 0.0, 0.11647991799850362], "k_pid_alt": [1.0584703559789919, 0.0, 0.015506020734087207], "k_pid_att": [14.73738461778252, 0.0001, 0.5987088209371154], "k_pid_yaw": [0.5, 1e-06, 0.1], "k_pid_hsp": [0.17749218365102942, 0.0039946345828200825, 0.0], "k_pid_vsp": [394.8983822809827, 22.168300339439305, 15.764800471688368]}, "datetime": {"datetime": "2025-08-21 14:23:07", "elapsed": 20303.874852895737, "delta": 16.859188318252563}, "costs": {"total_cost": 185.19805772690273, "time_cost": 74.36, "final_distance_cost": 1.8270813791705904, "oscillation_cost": 28.922550742183365, "completition_cost": 0.0, "overshoot_cost": 53.19478786002553, "power_cost": 14.529582482910158, "noise_cost": 12.364055262613086, "n_waypoints_completed": 9, "tot_waypoints": 9}}
{"target": -181.66012426323982, "params": {"k_pid_pos": [1.1692328683622204, 0.0, 0.16036527683261972], "k_pid_alt": [1.6067376788361052, 0.0, 0.006314705257561485], "k_pid_att": [16.643128975414676, 0.0001, 0.5833955119729277], "k_pid_yaw": [0.5, 1e-06, 0.1], "k_pid_hsp": [0.539651060025874, 0.0029988032029936783, 0.0], "k_pid_vsp": [383.3757634822415, 21.717204769322212, 41.96377829352314]}, "datetime": {"datetime": "2025-08-21 14:23:24", "elapsed": 20320.761728048325, "delta": 16.88687515258789}, "costs": {"total_cost": 181.66012426323982, "time_cost": 72.664, "final_distance_cost": 1.8382878618654348, "oscillation_cost": 31.143396486557602, "completition_cost": 0.0, "overshoot_cost": 52.06034570045024, "power_cost": 13.18448084716797, "noise_cost": 10.769613367198572, "n_waypoints_completed": 9, "tot_waypoints": 9}}
{"target": -195.88625876748767, "params": {"k_pid_pos": [1.1592584810185877, 0.0, 0.11050809893790213], "k_pid_alt": [1.0010533271909874, 0.0, 0.010975940417325043], "k_pid_att": [10.14656837736879, 0.0001, 0.7189588496330458], "k_pid_yaw": [0.5, 1e-06, 0.1], "k_pid_hsp": [0.0700176036574397, 0.002606483087244613, 0.0], "k_pid_vsp": [396.6691701078146, 26.9406103230245, 16.30961178770258]}, "datetime": {"datetime": "2025-08-21 14:23:41", "elapsed": 20338.426399230957, "delta": 17.664671182632446}, "costs": {"total_cost": 195.88625876748767, "time_cost": 76.184, "final_distance_cost": 1.7994426867600637, "oscillation_cost": 26.32742333592109, "completition_cost": 0.0, "overshoot_cost": 53.100776561436696, "power_cost": 22.07613688964844, "noise_cost": 16.398479293721365, "n_waypoints_completed": 9, "tot_waypoints": 9}}
{"target": -179.67624575890127, "params": {"k_pid_pos": [1.4065593141051513, 0.0, 0.20290721993858862], "k_pid_alt": [1.2480146216993895, 0.0, 0.011637376657202728], "k_pid_att": [25.494077760653052, 0.0001, 0.6225780028886984], "k_pid_yaw": [0.5, 1e-06, 0.1], "k_pid_hsp": [0.36476485640800116, 0.00022428065357612756, 0.0], "k_pid_vsp": [391.81139353863955, 25.6020953366683, 17.240864076315727]}, "datetime": {"datetime": "2025-08-21 14:24:01", "elapsed": 20357.584871053696, "delta": 19.158471822738647}, "costs": {"total_cost": 179.67624575890127, "time_cost": 70.352, "final_distance_cost": 1.8260055791732903, "oscillation_cost": 31.391823191227235, "completition_cost": 0.0, "overshoot_cost": 51.07893906073492, "power_cost": 13.953079052734376, "noise_cost": 11.074398875031449, "n_waypoints_completed": 9, "tot_waypoints": 9}}
{"target": -185.08258883921852, "params": {"k_pid_pos": [1.0821577102902935, 0.0, 0.11924401059752851], "k_pid_alt": [0.9900605047033444, 0.0, 0.006234749464503915], "k_pid_att": [34.12299710804453, 0.09888376771569735, 0.6173767039421129], "k_pid_yaw": [0.5, 1e-06, 0.1], "k_pid_hsp": [0.260153587298804, 0.0002257388119484686, 0.0], "k_pid_vsp": [393.96233501840186, 9.857522482545075, 7.179581300143666]}, "datetime": {"datetime": "2025-08-21 14:24:18", "elapsed": 20375.094532728195, "delta": 17.50966167449951}, "costs": {"total_cost": 185.08258883921852, "time_cost": 72.616, "final_distance_cost": 1.8241309735690834, "oscillation_cost": 28.210315729526403, "completition_cost": 0.0, "overshoot_cost": 52.046701806227674, "power_cost": 16.63670350341797, "noise_cost": 13.748736826477394, "n_waypoints_completed": 9, "tot_waypoints": 9}}
{"target": -171.44749309266408, "params": {"k_pid_pos": [1.1364847373100575, 0.0, 0.13318322454328116], "k_pid_alt": [1.0725810710086547, 0.0, 0.01070654886745668], "k_pid_att": [15.155774786669939, 0.0001, 0.5794012386544453], "k_pid_yaw": [0.5, 1e-06, 0.1], "k_pid_hsp": [0.650410770376054, 0.001050178309408947, 0.0], "k_pid_vsp": [389.3542127682793, 9.196461064550551, 17.535231462185294]}, "datetime": {"datetime": "2025-08-21 14:24:34", "elapsed": 20391.347759723663, "delta": 16.25322699546814}, "costs": {"total_cost": 171.44749309266408, "time_cost": 70.96000000000001, "final_distance_cost": 1.8364309827663277, "oscillation_cost": 31.039685863339884, "completition_cost": 0.0, "overshoot_cost": 50.83820103174889, "power_cost": 8.334066137695313, "noise_cost": 8.439109077113633, "n_waypoints_completed": 9, "tot_waypoints": 9}}
{"target": -177.41100988611808, "params": {"k_pid_pos": [1.1603286117632798, 0.0, 0.12235591538398019], "k_pid_alt": [0.9597304570599717, 0.0, 0.009368634859917535], "k_pid_att": [44.553429776432054, 0.0001, 0.8345391789295193], "k_pid_yaw": [0.5, 1e-06, 0.1], "k_pid_hsp": [1.1305704070064544, 0.005300011824283253, 0.0], "k_pid_vsp": [384.50903277234016, 5.414958793096234, 1e-06]}, "datetime": {"datetime": "2025-08-21 14:24:52", "elapsed": 20408.99650168419, "delta": 17.648741960525513}, "costs": {"total_cost": 177.41100988611808, "time_cost": 71.536, "final_distance_cost": 1.8488862471164584, "oscillation_cost": 32.15979658546847, "completition_cost": 0.0, "overshoot_cost": 50.724135744104416, "power_cost": 10.384164685058595, "noise_cost": 10.758026624370121, "n_waypoints_completed": 9, "tot_waypoints": 9}}
{"target": -750.6098660610976, "params": {"k_pid_pos": [1.1317391423958119, 0.0, 0.20415374848249185], "k_pid_alt": [0.9613186024615794, 0.0, 0.01210908755433719], "k_pid_att": [16.272971263358233, 0.0001, 0.6371952008408829], "k_pid_yaw": [0.5, 1e-06, 0.1], "k_pid_hsp": [0.1376079947721676, 0.0034236057780261584, 0.0], "k_pid_vsp": [385.8349542262068, 24.466237113613527, 16.58819890510246]}, "datetime": {"datetime": "2025-08-21 14:25:15", "elapsed": 20432.334592342377, "delta": 23.338090658187866}, "costs": {"total_cost": 750.6098660610976, "time_cost": 150, "final_distance_cost": 58.94739088554707, "oscillation_cost": 22.05779543230104, "completition_cost": 333.33333333333337, "overshoot_cost": 104.74213871435204, "power_cost": 33.79880134277344, "noise_cost": 47.730406352790595, "n_waypoints_completed": 6, "tot_waypoints": 9}}
{"target": -176.6470832098656, "params": {"k_pid_pos": [1.1978174729522628, 0.0, 0.14708358287401765], "k_pid_alt": [1.081007170232248, 0.0, 0.003449589815848637], "k_pid_att": [17.37802254283032, 0.0001, 0.5109717679531118], "k_pid_yaw": [0.5, 1e-06, 0.1], "k_pid_hsp": [0.6316038448624982, 0.0027136967249440985, 0.0], "k_pid_vsp": [392.8403551406666, 36.783894467839644, 17.676244512389967]}, "datetime": {"datetime": "2025-08-21 14:25:32", "elapsed": 20448.792461633682, "delta": 16.457869291305542}, "costs": {"total_cost": 176.6470832098656, "time_cost": 70.688, "final_distance_cost": 1.8334818730119804, "oscillation_cost": 31.440518745621006, "completition_cost": 0.0, "overshoot_cost": 50.889978471133986, "power_cost": 11.863435485839844, "noise_cost": 9.93166863425879, "n_waypoints_completed": 9, "tot_waypoints": 9}}
{"target": -173.09360453724565, "params": {"k_pid_pos": [1.1344427093603793, 0.0, 0.13039443846185209], "k_pid_alt": [0.9825572470553783, 0.0, 0.01396140837750748], "k_pid_att": [13.940070374997562, 0.0001, 0.616569268946761], "k_pid_yaw": [0.5, 1e-06, 0.1], "k_pid_hsp": [0.10830157722634523, 0.0022830590590439863, 0.0], "k_pid_vsp": [391.6253707701823, 18.70550497069666, 21.829598887718262]}, "datetime": {"datetime": "2025-08-21 14:25:48", "elapsed": 20464.88786292076, "delta": 16.095401287078857}, "costs": {"total_cost": 173.09360453724565, "time_cost": 71.624, "final_distance_cost": 1.7880297820967466, "oscillation_cost": 26.969692078332496, "completition_cost": 0.0, "overshoot_cost": 51.87563160043896, "power_cost": 11.618418579101563, "noise_cost": 9.217832497275909, "n_waypoints_completed": 9, "tot_waypoints": 9}}
{"target": -190.9401121005803, "params": {"k_pid_pos": [1.192942461388942, 0.0, 0.055090792495077506], "k_pid_alt": [0.7920611349993629, 0.0, 0.0], "k_pid_att": [37.876468637505184, 0.0001, 0.0], "k_pid_yaw": [0.5, 1e-06, 0.1], "k_pid_hsp": [0.31273823027114545, 0.0, 0.0], "k_pid_vsp": [400.0, 46.246369752763265, 20.34641447800204]}, "datetime": {"datetime": "2025-08-21 14:26:05", "elapsed": 20481.96096086502, "delta": 17.073097944259644}, "costs": {"total_cost": 190.9401121005803, "time_cost": 70.944, "final_distance_cost": 1.8160080836830839, "oscillation_cost": 34.60627916906798, "completition_cost": 0.0, "overshoot_cost": 50.49130896348086, "power_cost": 18.96413212890625, "noise_cost": 14.11838375544213, "n_waypoints_completed": 9, "tot_waypoints": 9}}
{"target": -1247.707489381117, "params": {"k_pid_pos": [1.723459591194666, 0.0, 0.12028307186368138], "k_pid_alt": [1.0967017431306822, 0.0, 0.01087594283905083], "k_pid_att": [13.708604834569265, 0.0001, 0.6803572296482939], "k_pid_yaw": [0.5, 1e-06, 0.1], "k_pid_hsp": [0.0001, 0.003662867074960924, 0.0], "k_pid_vsp": [385.0393630564391, 25.730435172813575, 23.378580045673928]}, "datetime": {"datetime": "2025-08-21 14:26:28", "elapsed": 20505.09577536583, "delta": 23.134814500808716}, "costs": {"total_cost": 1247.707489381117, "time_cost": 150, "final_distance_cost": 52.514890102401935, "oscillation_cost": 0.7314431224881137, "completition_cost": 888.8888888888888, "overshoot_cost": 95.01786527719818, "power_cost": 36.73130369873047, "noise_cost": 23.82309829140976, "n_waypoints_completed": 1, "tot_waypoints": 9}}
{"target": -216.01003729002218, "params": {"k_pid_pos": [1.1228673365478856, 0.0, 0.0], "k_pid_alt": [0.8078365648238495, 0.0, 0.009259322940823241], "k_pid_att": [12.086584399698907, 0.0001, 0.5167865969446958], "k_pid_yaw": [0.5, 1e-06, 0.1], "k_pid_hsp": [0.5461640602772073, 0.002809265203467954, 0.0], "k_pid_vsp": [397.38134020282297, 23.341028683562822, 17.471268423350033]}, "datetime": {"datetime": "2025-08-21 14:26:47", "elapsed": 20524.23211979866, "delta": 19.13634443283081}, "costs": {"total_cost": 216.01003729002218, "time_cost": 83.96000000000001, "final_distance_cost": 1.803698961940532, "oscillation_cost": 32.46467482604483, "completition_cost": 0.0, "overshoot_cost": 59.2696017519609, "power_cost": 19.31093609619141, "noise_cost": 19.20112565388454, "n_waypoints_completed": 9, "tot_waypoints": 9}}
