{"target": -347.73549083775316, "params": {"k_pid_pos": [0.6907535005350258, 0.445261581718231, 0.7976669994816266], "k_pid_alt": [0.7805325052749554, 0.0, 0.0], "k_pid_att": [26.859355429194355, 0.0001, 0.09629920391044741], "k_pid_yaw": [0.5, 1e-06, 0.1], "k_pid_hsp": [1.2117156990575015, 0.0, 0.02262039229363931], "k_pid_vsp": [337.3277105311291, 1e-06, 1e-06]}, "datetime": {"datetime": "2025-08-21 09:43:00", "elapsed": 3497.3687403202057, "delta": 24.66817808151245}, "costs": {"total_cost": 347.73549083775316, "time_cost": 91.85600000000001, "final_distance_cost": 1.804092025014041, "oscillation_cost": 175.1225360134622, "completition_cost": 0.0, "overshoot_cost": 52.52604866543652, "power_cost": 13.382510070800782, "noise_cost": 13.044304063039636, "n_waypoints_completed": 9, "tot_waypoints": 9}}
{"target": -1197.6752102392904, "params": {"k_pid_pos": [1.0402209108321487, 0.34545493268511573, 0.7417216493627179], "k_pid_alt": [0.8950500456769667, 0.0, 0.007476210851520726], "k_pid_att": [20.479044446110635, 0.0001, 0.0], "k_pid_yaw": [0.5, 1e-06, 0.1], "k_pid_hsp": [0.0001, 0.0, 0.0], "k_pid_vsp": [400.0, 1e-06, 1e-06]}, "datetime": {"datetime": "2025-08-21 09:43:30", "elapsed": 3526.70259642601, "delta": 29.333856105804443}, "costs": {"total_cost": 1197.6752102392904, "time_cost": 150, "final_distance_cost": 46.94259864592332, "oscillation_cost": 3.0759288654739216, "completition_cost": 888.8888888888888, "overshoot_cost": 84.6669585410953, "power_cost": 11.750129956054687, "noise_cost": 12.35070534185459, "n_waypoints_completed": 1, "tot_waypoints": 9}}
{"target": -206.15487021273427, "params": {"k_pid_pos": [0.995933595451532, 0.31393671934747774, 0.9788881920662159], "k_pid_alt": [0.8950535694910502, 0.0, 0.053874000779869397], "k_pid_att": [29.78964133407919, 0.5865838224682968, 0.0], "k_pid_yaw": [0.5, 1e-06, 0.1], "k_pid_hsp": [0.6074747237324192, 0.00959578640565227, 0.0], "k_pid_vsp": [400.0, 6.635049155937938, 1e-06]}, "datetime": {"datetime": "2025-08-21 09:43:51", "elapsed": 3548.036950111389, "delta": 21.33435368537903}, "costs": {"total_cost": 206.15487021273427, "time_cost": 81.72800000000001, "final_distance_cost": 1.8266813000093038, "oscillation_cost": 34.35926895037202, "completition_cost": 0.0, "overshoot_cost": 52.558766849125206, "power_cost": 19.685459619140627, "noise_cost": 15.996693494087076, "n_waypoints_completed": 9, "tot_waypoints": 9}}
{"target": -209.82354990306763, "params": {"k_pid_pos": [0.3975924568501489, 0.5463183206241774, 0.9380539251167558], "k_pid_alt": [1.0011546936023674, 0.0, 0.0], "k_pid_att": [20.757153479662634, 2.0732062252150434, 0.0], "k_pid_yaw": [0.5, 1e-06, 0.1], "k_pid_hsp": [0.6867626704652243, 0.0, 0.0], "k_pid_vsp": [400.0, 1e-06, 1e-06]}, "datetime": {"datetime": "2025-08-21 09:44:21", "elapsed": 3577.705887079239, "delta": 29.66893696784973}, "costs": {"total_cost": 209.82354990306763, "time_cost": 97.184, "final_distance_cost": 1.7966532263473305, "oscillation_cost": 34.30357392536614, "completition_cost": 0.0, "overshoot_cost": 54.10583731560959, "power_cost": 10.379423168945314, "noise_cost": 12.054062266799239, "n_waypoints_completed": 9, "tot_waypoints": 9}}
{"target": -185.29012292281922, "params": {"k_pid_pos": [0.9503719138100459, 0.2564751103746681, 0.3992367155595374], "k_pid_alt": [0.7327054002273216, 0.0, 0.0], "k_pid_att": [17.71473956471789, 1.6124445558584521, 0.0], "k_pid_yaw": [0.5, 1e-06, 0.1], "k_pid_hsp": [0.10287995597608846, 0.0, 0.0], "k_pid_vsp": [359.4638531872232, 1e-06, 21.899554347397714]}, "datetime": {"datetime": "2025-08-21 09:44:46", "elapsed": 3602.676995038986, "delta": 24.971107959747314}, "costs": {"total_cost": 185.29012292281922, "time_cost": 78.552, "final_distance_cost": 1.801585189544551, "oscillation_cost": 28.177885455880688, "completition_cost": 0.0, "overshoot_cost": 52.03509550864218, "power_cost": 13.50317479248047, "noise_cost": 11.22038197627132, "n_waypoints_completed": 9, "tot_waypoints": 9}}
{"target": -275.55289937078715, "params": {"k_pid_pos": [1.5292187751383248, 0.6191606853452322, 0.5938760152447033], "k_pid_alt": [1.5561323472507411, 0.7199217863507216, 0.3683720464999024], "k_pid_att": [6.595298701365289, 1.7121765304681038, 1.0], "k_pid_yaw": [0.5, 1e-06, 0.1], "k_pid_hsp": [3.207027023633385, 0.120542897056026, 0.23681865008765696], "k_pid_vsp": [400.0, 234.21635749712794, 153.41364908099757]}, "datetime": {"datetime": "2025-08-21 09:45:09", "elapsed": 3625.5083985328674, "delta": 22.831403493881226}, "costs": {"total_cost": 275.55289937078715, "time_cost": 89.912, "final_distance_cost": 1.755491553355526, "oscillation_cost": 96.82090302191368, "completition_cost": 0.0, "overshoot_cost": 56.06358611020144, "power_cost": 17.522996435546876, "noise_cost": 13.477922249769643, "n_waypoints_completed": 9, "tot_waypoints": 9}}
{"target": -1218.046319495689, "params": {"k_pid_pos": [1.0032388895665905, 0.8488655038284157, 0.7767957645778633], "k_pid_alt": [0.805527319681347, 0.0061822277103182905, 0.0], "k_pid_att": [33.46066726763519, 0.9039415096911237, 0.0], "k_pid_yaw": [0.5, 1e-06, 0.1], "k_pid_hsp": [0.0001, 0.0, 0.0], "k_pid_vsp": [400.0, 0.2896046499566012, 8.313889830071751]}, "datetime": {"datetime": "2025-08-21 09:45:49", "elapsed": 3665.615697860718, "delta": 40.10729932785034}, "costs": {"total_cost": 1218.046319495689, "time_cost": 150, "final_distance_cost": 47.36420730125611, "oscillation_cost": 4.954981036380992, "completition_cost": 888.8888888888888, "overshoot_cost": 85.09588198364071, "power_cost": 24.245794287109376, "noise_cost": 17.496565998412976, "n_waypoints_completed": 1, "tot_waypoints": 9}}
{"target": -208.66375952889396, "params": {"k_pid_pos": [0.7034908130976065, 0.9608889490828987, 0.8112217598674433], "k_pid_alt": [0.8361283197468335, 0.0, 0.0], "k_pid_att": [19.749241029513694, 0.4332904024440673, 0.06496768401646136], "k_pid_yaw": [0.5, 1e-06, 0.1], "k_pid_hsp": [1.717468546331079, 0.0, 0.0], "k_pid_vsp": [330.08622076501996, 1e-06, 1e-06]}, "datetime": {"datetime": "2025-08-21 09:46:14", "elapsed": 3691.083118200302, "delta": 25.46742033958435}, "costs": {"total_cost": 208.66375952889396, "time_cost": 89.44, "final_distance_cost": 1.7451389012962608, "oscillation_cost": 41.06163740260353, "completition_cost": 0.0, "overshoot_cost": 52.46926618446146, "power_cost": 11.91265672607422, "noise_cost": 12.035060314458468, "n_waypoints_completed": 9, "tot_waypoints": 9}}
{"target": -3335.98624070545, "params": {"k_pid_pos": [1.3398846002291518, 0.34981589834833693, 0.2108820626184913], "k_pid_alt": [0.5626896510004067, 0.0, 0.025029500531700943], "k_pid_att": [0.2389611141589727, 1.8103486819798627, 0.0006163673859802092], "k_pid_yaw": [0.5, 1e-06, 0.1], "k_pid_hsp": [7.528749676276328, 0.0, 0.13563949389177582], "k_pid_vsp": [400.0, 1e-06, 1e-06]}, "datetime": {"datetime": "2025-08-21 09:46:45", "elapsed": 3722.3833215236664, "delta": 31.300203323364258}, "costs": {"total_cost": 3335.98624070545, "time_cost": 150, "final_distance_cost": 464.1082018816169, "oscillation_cost": 753.9411328690453, "completition_cost": 1000.0, "overshoot_cost": 834.6235800877723, "power_cost": 35.889594360351566, "noise_cost": 97.42373150666405, "n_waypoints_completed": 0, "tot_waypoints": 9}}
{"target": -1221.7520977758202, "params": {"k_pid_pos": [1.1563646181619076, 0.4527075864629386, 1.0], "k_pid_alt": [0.7093826656740636, 0.0, 0.0], "k_pid_att": [19.153478824364147, 1.02218955501664, 0.0], "k_pid_yaw": [0.5, 1e-06, 0.1], "k_pid_hsp": [0.0001, 0.017405601356628157, 0.0], "k_pid_vsp": [400.0, 9.106831268617526, 1e-06]}, "datetime": {"datetime": "2025-08-21 09:47:16", "elapsed": 3753.0366060733795, "delta": 30.653284549713135}, "costs": {"total_cost": 1221.7520977758202, "time_cost": 150, "final_distance_cost": 61.4993151810283, "oscillation_cost": 8.461353313302416, "completition_cost": 888.8888888888888, "overshoot_cost": 83.88835081523511, "power_cost": 15.196968066406251, "noise_cost": 13.817221510959417, "n_waypoints_completed": 1, "tot_waypoints": 9}}
{"target": -8917.607213814457, "params": {"k_pid_pos": [1.1528833506126106, 0.0, 0.3485455876185628], "k_pid_alt": [1.070379258158419, 0.05610620105313964, 0.711412747749034], "k_pid_att": [0.0, 2.902794684185878, 0.09273403089741437], "k_pid_yaw": [0.5, 1e-06, 0.1], "k_pid_hsp": [10.0, 1.0, 0.9316508522868616], "k_pid_vsp": [400.0, 308.89587915413915, 214.25987702733045]}, "datetime": {"datetime": "2025-08-21 09:47:42", "elapsed": 3778.5081145763397, "delta": 25.471508502960205}, "costs": {"total_cost": 8917.607213814457, "time_cost": 150, "final_distance_cost": 2781.7345052364135, "oscillation_cost": 1607.1476834377052, "completition_cost": 1000.0, "overshoot_cost": 3243.0268285110606, "power_cost": 35.63372276611328, "noise_cost": 100.06447386316553, "n_waypoints_completed": 0, "tot_waypoints": 9}}
{"target": -229.05666763365795, "params": {"k_pid_pos": [0.909902357405192, 0.0, 0.36015867649618494], "k_pid_alt": [1.077017693119284, 0.20694241791848855, 0.0], "k_pid_att": [8.797874761050785, 1.4143112640561744, 0.0], "k_pid_yaw": [0.5, 1e-06, 0.1], "k_pid_hsp": [0.6455019176284449, 0.35539176407149153, 0.0], "k_pid_vsp": [279.6088699722515, 1e-06, 1.846758056327192]}, "datetime": {"datetime": "2025-08-21 09:48:09", "elapsed": 3805.9532995224, "delta": 27.44518494606018}, "costs": {"total_cost": 229.05666763365795, "time_cost": 91.584, "final_distance_cost": 1.8133785038198735, "oscillation_cost": 47.47209370629478, "completition_cost": 0.0, "overshoot_cost": 53.51979657066058, "power_cost": 19.242724951171876, "noise_cost": 15.424673901710841, "n_waypoints_completed": 9, "tot_waypoints": 9}}
{"target": -1205.4033429825113, "params": {"k_pid_pos": [0.9259764429509868, 0.5369795752096087, 0.9709675336057669], "k_pid_alt": [1.1015351426051114, 0.0, 0.0], "k_pid_att": [19.39914931585067, 0.0001, 0.0], "k_pid_yaw": [0.5, 1e-06, 0.1], "k_pid_hsp": [0.0001, 0.0, 0.0], "k_pid_vsp": [379.74648589015385, 1e-06, 1e-06]}, "datetime": {"datetime": "2025-08-21 09:48:36", "elapsed": 3833.2617750167847, "delta": 27.308475494384766}, "costs": {"total_cost": 1205.4033429825113, "time_cost": 150, "final_distance_cost": 47.02510081537203, "oscillation_cost": 3.889711156829023, "completition_cost": 888.8888888888888, "overshoot_cost": 83.32968596000207, "power_cost": 17.36629324951172, "noise_cost": 14.903662911907531, "n_waypoints_completed": 1, "tot_waypoints": 9}}
{"target": -1637.81148702615, "params": {"k_pid_pos": [1.785330710849177, 0.5812668017695337, 1.0], "k_pid_alt": [1.3496069785163185, 0.09142070070139321, 0.4011118519754978], "k_pid_att": [3.098984503728616, 5.231211902700876, 0.023251526576215823], "k_pid_yaw": [0.5, 1e-06, 0.1], "k_pid_hsp": [10.0, 0.11076672429558082, 0.5282267990476165], "k_pid_vsp": [297.36149660354636, 1e-06, 344.0680190050427]}, "datetime": {"datetime": "2025-08-21 09:49:05", "elapsed": 3862.2859597206116, "delta": 29.024184703826904}, "costs": {"total_cost": 1637.81148702615, "time_cost": 150, "final_distance_cost": 50.6648893738301, "oscillation_cost": 366.678765179, "completition_cost": 888.8888888888888, "overshoot_cost": 116.37326051314045, "power_cost": 21.622189196777345, "noise_cost": 43.58349387451346, "n_waypoints_completed": 1, "tot_waypoints": 9}}
{"target": -668.1097192719367, "params": {"k_pid_pos": [0.7171624586713253, 0.2705067649854475, 0.716759203493994], "k_pid_alt": [0.8748480872641676, 0.049072078704984604, 0.0], "k_pid_att": [29.858878128675045, 1.1249678140109514, 0.0], "k_pid_yaw": [0.5, 1e-06, 0.1], "k_pid_hsp": [0.16347440004318253, 0.16255532815410276, 0.0], "k_pid_vsp": [400.0, 5.009493112247981, 1e-06]}, "datetime": {"datetime": "2025-08-21 09:49:40", "elapsed": 3896.9817860126495, "delta": 34.695826292037964}, "costs": {"total_cost": 668.1097192719367, "time_cost": 150, "final_distance_cost": 73.53499979916633, "oscillation_cost": 33.915089127723896, "completition_cost": 333.33333333333337, "overshoot_cost": 41.60815293460436, "power_cost": 19.807777062988283, "noise_cost": 15.910367014120371, "n_waypoints_completed": 6, "tot_waypoints": 9}}
{"target": -1569.421017520997, "params": {"k_pid_pos": [0.21924000547622724, 0.17823369844103853, 0.9878693802996292], "k_pid_alt": [0.8130639897571865, 0.0, 0.21179646876617378], "k_pid_att": [39.13473215290344, 0.0001, 0.0], "k_pid_yaw": [0.5, 1e-06, 0.1], "k_pid_hsp": [0.0001, 0.4546954406569823, 0.16090542802289548], "k_pid_vsp": [201.67521324168297, 12.357212749834185, 1e-06]}, "datetime": {"datetime": "2025-08-21 09:50:07", "elapsed": 3924.222958087921, "delta": 27.241172075271606}, "costs": {"total_cost": 1569.421017520997, "time_cost": 150, "final_distance_cost": 76.44715129924668, "oscillation_cost": 421.6365950788373, "completition_cost": 777.7777777777778, "overshoot_cost": 115.18114817161135, "power_cost": 14.87123221435547, "noise_cost": 13.507112979168534, "n_waypoints_completed": 2, "tot_waypoints": 9}}
{"target": -7062.252487129859, "params": {"k_pid_pos": [0.2248646543891587, 0.8936300433331132, 0.9029415743543576], "k_pid_alt": [1.0293830788733476, 0.0, 0.07513951375340772], "k_pid_att": [0.0, 4.944311180480421, 0.00472621676634317], "k_pid_yaw": [0.5, 1e-06, 0.1], "k_pid_hsp": [2.706619027351193, 0.29876341322670225, 0.6048774664021186], "k_pid_vsp": [400.0, 53.245237610461636, 1e-06]}, "datetime": {"datetime": "2025-08-21 09:50:41", "elapsed": 3957.6411185264587, "delta": 33.4181604385376}, "costs": {"total_cost": 7062.252487129859, "time_cost": 150, "final_distance_cost": 1490.0199003078935, "oscillation_cost": 1882.3661062513881, "completition_cost": 1000.0, "overshoot_cost": 2401.2061857419585, "power_cost": 35.72979483642578, "noise_cost": 102.9304999921934, "n_waypoints_completed": 0, "tot_waypoints": 9}}
{"target": -4391.315961794463, "params": {"k_pid_pos": [1.2738925130078913, 0.6324919211013921, 0.8111086983585359], "k_pid_alt": [1.5722778244040203, 0.0, 0.08530667628312386], "k_pid_att": [0.0, 1.6534731417537785, 0.0], "k_pid_yaw": [0.5, 1e-06, 0.1], "k_pid_hsp": [1.7451333563963969, 0.0, 0.0], "k_pid_vsp": [400.0, 16.780780175223082, 1e-06]}, "datetime": {"datetime": "2025-08-21 09:51:07", "elapsed": 3983.552669286728, "delta": 25.911550760269165}, "costs": {"total_cost": 4391.315961794463, "time_cost": 150, "final_distance_cost": 583.6839205564147, "oscillation_cost": 1643.646952518542, "completition_cost": 1000.0, "overshoot_cost": 873.15647155318, "power_cost": 37.29562326660157, "noise_cost": 103.53299389972338, "n_waypoints_completed": 0, "tot_waypoints": 9}}
{"target": -671.6462984073374, "params": {"k_pid_pos": [0.2672943991023258, 0.8327862902657591, 0.5818228544572486], "k_pid_alt": [1.016888653013302, 0.0, 0.0], "k_pid_att": [13.886089256853564, 1.6478551463693791, 0.0], "k_pid_yaw": [0.5, 1e-06, 0.1], "k_pid_hsp": [0.6039754561976434, 0.0, 0.0], "k_pid_vsp": [340.592417934903, 1e-06, 1e-06]}, "datetime": {"datetime": "2025-08-21 09:51:37", "elapsed": 4013.9375846385956, "delta": 30.384915351867676}, "costs": {"total_cost": 671.6462984073374, "time_cost": 150, "final_distance_cost": 69.02005165974322, "oscillation_cost": 39.488979098764226, "completition_cost": 333.33333333333337, "overshoot_cost": 43.69400795456614, "power_cost": 20.04604110107422, "noise_cost": 16.063885259856235, "n_waypoints_completed": 6, "tot_waypoints": 9}}
{"target": -829.3296889142833, "params": {"k_pid_pos": [1.9275212128528907, 0.0, 0.38587082673247564], "k_pid_alt": [0.35606639733003737, 0.378596115334297, 0.0], "k_pid_att": [32.33773155739439, 5.480568062526602, 0.0], "k_pid_yaw": [0.5, 1e-06, 0.1], "k_pid_hsp": [0.5034234387242597, 0.8026736915031637, 0.6445798643018537], "k_pid_vsp": [344.7896454394786, 400.0, 10.798800223827238]}, "datetime": {"datetime": "2025-08-21 09:52:10", "elapsed": 4046.972981929779, "delta": 33.03539729118347}, "costs": {"total_cost": 829.3296889142833, "time_cost": 150, "final_distance_cost": 52.9260591447312, "oscillation_cost": 203.54170334309524, "completition_cost": 333.33333333333337, "overshoot_cost": 55.01926278539766, "power_cost": 19.06034772949219, "noise_cost": 15.448982578233611, "n_waypoints_completed": 6, "tot_waypoints": 9}}
{"target": -216.60569907484143, "params": {"k_pid_pos": [0.6330865899057022, 0.8673799751464789, 0.998203379650674], "k_pid_alt": [1.438723339400933, 0.0, 0.0], "k_pid_att": [18.48229145553468, 0.0001, 0.0], "k_pid_yaw": [0.5, 1e-06, 0.1], "k_pid_hsp": [1.0628276150157587, 0.0, 0.0], "k_pid_vsp": [230.33528208928092, 1e-06, 1e-06]}, "datetime": {"datetime": "2025-08-21 09:52:35", "elapsed": 4071.840312719345, "delta": 24.86733078956604}, "costs": {"total_cost": 216.60569907484143, "time_cost": 89.368, "final_distance_cost": 1.7615424348756739, "oscillation_cost": 41.79999545465181, "completition_cost": 0.0, "overshoot_cost": 51.51339472159082, "power_cost": 17.217414892578127, "noise_cost": 14.94535157114502, "n_waypoints_completed": 9, "tot_waypoints": 9}}
{"target": -195.0995212563951, "params": {"k_pid_pos": [0.8641029825312057, 0.5325589447617926, 0.17727111297514941], "k_pid_alt": [0.7468090086049242, 0.0, 0.0], "k_pid_att": [35.91538294471199, 0.8235197280627484, 0.0], "k_pid_yaw": [0.5, 1e-06, 0.1], "k_pid_hsp": [0.7557710316358535, 0.005738348319917236, 0.0], "k_pid_vsp": [377.68521717412193, 1.189041059925964, 1e-06]}, "datetime": {"datetime": "2025-08-21 09:52:59", "elapsed": 4096.263791322708, "delta": 24.423478603363037}, "costs": {"total_cost": 195.0995212563951, "time_cost": 77.072, "final_distance_cost": 1.8019312533766676, "oscillation_cost": 36.92707408440239, "completition_cost": 0.0, "overshoot_cost": 51.10440147736898, "power_cost": 15.16183583984375, "noise_cost": 13.032278601403299, "n_waypoints_completed": 9, "tot_waypoints": 9}}
{"target": -1191.2671029987457, "params": {"k_pid_pos": [0.8541665821617581, 0.0, 0.2947305836025569], "k_pid_alt": [1.0550884922725785, 0.0, 0.0], "k_pid_att": [28.44053292591096, 0.0001, 0.0], "k_pid_yaw": [0.5, 1e-06, 0.1], "k_pid_hsp": [0.0001, 0.0, 0.0], "k_pid_vsp": [337.83384493702755, 16.708619478650142, 1e-06]}, "datetime": {"datetime": "2025-08-21 09:53:26", "elapsed": 4123.02724647522, "delta": 26.763455152511597}, "costs": {"total_cost": 1191.2671029987457, "time_cost": 150, "final_distance_cost": 45.70466829252776, "oscillation_cost": 13.748631107923822, "completition_cost": 888.8888888888888, "overshoot_cost": 71.49948782190899, "power_cost": 10.086108459472657, "noise_cost": 11.339318428023722, "n_waypoints_completed": 1, "tot_waypoints": 9}}
{"target": -1210.85109277763, "params": {"k_pid_pos": [1.5024872201838906, 0.04296949593634122, 0.3725207111402505], "k_pid_alt": [0.8247109887751386, 0.0, 0.0], "k_pid_att": [40.85319333694707, 1.1232039035996908, 0.0], "k_pid_yaw": [0.5, 1e-06, 0.1], "k_pid_hsp": [0.0001, 0.0, 0.0], "k_pid_vsp": [384.1440687811346, 33.58519348652641, 1e-06]}, "datetime": {"datetime": "2025-08-21 09:53:56", "elapsed": 4152.570155143738, "delta": 29.542908668518066}, "costs": {"total_cost": 1210.85109277763, "time_cost": 150, "final_distance_cost": 46.8045942395784, "oscillation_cost": 7.280086569062444, "completition_cost": 888.8888888888888, "overshoot_cost": 83.99587850477627, "power_cost": 18.384845532226564, "noise_cost": 15.496799043097383, "n_waypoints_completed": 1, "tot_waypoints": 9}}
{"target": -211.7548838422251, "params": {"k_pid_pos": [2.0, 0.0, 0.05380632113341988], "k_pid_alt": [0.8382768982486833, 0.017677434135345005, 0.10001403160063718], "k_pid_att": [5.755417251980116, 0.0001, 0.0], "k_pid_yaw": [0.5, 1e-06, 0.1], "k_pid_hsp": [1.0369987125535594, 0.0, 0.0], "k_pid_vsp": [370.2567700988184, 1e-06, 2.1453203418027966]}, "datetime": {"datetime": "2025-08-21 09:54:18", "elapsed": 4174.512312173843, "delta": 21.94215703010559}, "costs": {"total_cost": 211.7548838422251, "time_cost": 74.88, "final_distance_cost": 1.7441128629509575, "oscillation_cost": 48.342475367100555, "completition_cost": 0.0, "overshoot_cost": 53.368995482410796, "power_cost": 18.670450390625, "noise_cost": 14.748849739137759, "n_waypoints_completed": 9, "tot_waypoints": 9}}
{"target": -1149.896491793781, "params": {"k_pid_pos": [1.3758362306646674, 0.0, 0.6694960577605612], "k_pid_alt": [2.0, 0.461841750498025, 0.0], "k_pid_att": [37.21210728207259, 2.4671311936079836, 0.0], "k_pid_yaw": [0.5, 1e-06, 0.1], "k_pid_hsp": [0.0001, 0.03406798128141523, 0.0], "k_pid_vsp": [400.0, 1e-06, 1e-06]}, "datetime": {"datetime": "2025-08-21 09:54:44", "elapsed": 4201.130237340927, "delta": 26.61792516708374}, "costs": {"total_cost": 1149.896491793781, "time_cost": 150, "final_distance_cost": 91.56783926036826, "oscillation_cost": 24.08082679537857, "completition_cost": 777.7777777777778, "overshoot_cost": 77.71068064441096, "power_cost": 15.163667761230469, "noise_cost": 13.59569955461492, "n_waypoints_completed": 2, "tot_waypoints": 9}}
{"target": -1197.5914799060401, "params": {"k_pid_pos": [0.9373927078485894, 0.0, 0.9419406543524516], "k_pid_alt": [0.917979774471331, 0.0, 0.0], "k_pid_att": [18.827856065086646, 0.0001, 0.0], "k_pid_yaw": [0.5, 1e-06, 0.1], "k_pid_hsp": [0.0001, 0.0, 0.0], "k_pid_vsp": [377.80196626130123, 9.508733016090403, 1e-06]}, "datetime": {"datetime": "2025-08-21 09:55:14", "elapsed": 4230.805301904678, "delta": 29.67506456375122}, "costs": {"total_cost": 1197.5914799060401, "time_cost": 150, "final_distance_cost": 45.75563210282421, "oscillation_cost": 3.0443036673301727, "completition_cost": 888.8888888888888, "overshoot_cost": 75.33246108103066, "power_cost": 18.856640637207033, "noise_cost": 15.713553528759432, "n_waypoints_completed": 1, "tot_waypoints": 9}}
