{"target": -191.7984640004152, "params": {"k_pid_pos": [1.0954242737060094, 0.0, 0.12625328999458468], "k_pid_alt": [0.9754217011964803, 0.0, 0.008932972686337677], "k_pid_att": [19.603062238442096, 0.0001, 0.5702780928056583], "k_pid_yaw": [0.5, 1e-06, 0.1], "k_pid_hsp": [0.6366613903305528, 0.0, 0.0], "k_pid_vsp": [400.0, 24.266509673153152, 17.929025745025466]}, "datetime": {"datetime": "2025-08-21 12:51:11", "elapsed": 14788.23401594162, "delta": 16.50550365447998}, "costs": {"total_cost": 191.7984640004152, "time_cost": 71.048, "final_distance_cost": 1.847458031241331, "oscillation_cost": 30.985148834809703, "completition_cost": 0.0, "overshoot_cost": 50.58666917661519, "power_cost": 21.268120544433593, "noise_cost": 16.063067413315377, "n_waypoints_completed": 9, "tot_waypoints": 9}}
{"target": -170.59401830816216, "params": {"k_pid_pos": [1.1779589600684026, 0.0, 0.17091970348819124], "k_pid_alt": [0.9804395850536083, 0.0, 0.004958317094513031], "k_pid_att": [20.01175732366135, 0.0001, 0.6933415171583284], "k_pid_yaw": [0.5, 1e-06, 0.1], "k_pid_hsp": [0.12072479041766371, 0.0, 0.0], "k_pid_vsp": [400.0, 36.1973452557497, 17.684228557059328]}, "datetime": {"datetime": "2025-08-21 12:51:28", "elapsed": 14804.906769990921, "delta": 16.672754049301147}, "costs": {"total_cost": 170.59401830816216, "time_cost": 71.632, "final_distance_cost": 1.7779999435775435, "oscillation_cost": 27.318110097719405, "completition_cost": 0.0, "overshoot_cost": 52.11220504977311, "power_cost": 8.922575476074218, "noise_cost": 8.83112774101786, "n_waypoints_completed": 9, "tot_waypoints": 9}}
{"target": -985.2384665597492, "params": {"k_pid_pos": [1.2424095690344452, 0.0, 0.12684315336403662], "k_pid_alt": [0.993136277229325, 0.0, 0.010274043810264937], "k_pid_att": [48.93855283225274, 0.0001, 0.39772236974572756], "k_pid_yaw": [0.5, 1e-06, 0.1], "k_pid_hsp": [0.017549387442682862, 0.004691244047621298, 0.0], "k_pid_vsp": [400.0, 35.22813889486216, 21.198256532028168]}, "datetime": {"datetime": "2025-08-21 12:51:51", "elapsed": 14827.934880018234, "delta": 23.028110027313232}, "costs": {"total_cost": 985.2384665597492, "time_cost": 150, "final_distance_cost": 51.11283670513157, "oscillation_cost": 14.344870923927989, "completition_cost": 666.6666666666667, "overshoot_cost": 46.72053668043288, "power_cost": 33.76153728027344, "noise_cost": 22.632018303316574, "n_waypoints_completed": 3, "tot_waypoints": 9}}
{"target": -166.7021121739115, "params": {"k_pid_pos": [1.1466037947594283, 0.0, 0.12091865927860009], "k_pid_alt": [1.1102747536758213, 0.0, 0.007816060710400544], "k_pid_att": [19.418035444866078, 0.0001, 0.5575037823054365], "k_pid_yaw": [0.5, 1e-06, 0.1], "k_pid_hsp": [0.12675928551938215, 0.0, 0.0], "k_pid_vsp": [400.0, 25.499021071137687, 20.39681340005965]}, "datetime": {"datetime": "2025-08-21 12:52:07", "elapsed": 14844.118559598923, "delta": 16.183679580688477}, "costs": {"total_cost": 166.7021121739115, "time_cost": 70.688, "final_distance_cost": 1.7810358971643128, "oscillation_cost": 27.761532442993488, "completition_cost": 0.0, "overshoot_cost": 51.02993770020796, "power_cost": 8.001353344726564, "noise_cost": 7.440252788819187, "n_waypoints_completed": 9, "tot_waypoints": 9}}
{"target": -188.8465718947689, "params": {"k_pid_pos": [1.2405153444813022, 0.0, 0.17505326246414032], "k_pid_alt": [1.4023793689114337, 0.0, 0.010792341437686221], "k_pid_att": [51.37734234084773, 0.0001, 0.2138512590209074], "k_pid_yaw": [0.5, 1e-06, 0.1], "k_pid_hsp": [0.09069268881633072, 0.026234294836440398, 0.0], "k_pid_vsp": [399.2861062956484, 33.3972057280531, 22.565329351298374]}, "datetime": {"datetime": "2025-08-21 12:52:24", "elapsed": 14860.611155509949, "delta": 16.492595911026}, "costs": {"total_cost": 188.8465718947689, "time_cost": 72.712, "final_distance_cost": 1.8011796343759512, "oscillation_cost": 33.12301831067897, "completition_cost": 0.0, "overshoot_cost": 51.70699968259328, "power_cost": 16.621445129394534, "noise_cost": 12.881929137726173, "n_waypoints_completed": 9, "tot_waypoints": 9}}
{"target": -168.75220233192252, "params": {"k_pid_pos": [1.1655738074447903, 0.0, 0.1465516426907395], "k_pid_alt": [1.0397441000020662, 0.0, 0.009193016934286508], "k_pid_att": [13.772006986060186, 0.0001, 0.5846266516247821], "k_pid_yaw": [0.5, 1e-06, 0.1], "k_pid_hsp": [0.12109953977870647, 0.0, 0.0], "k_pid_vsp": [400.0, 7.529974792439994, 21.562065421256655]}, "datetime": {"datetime": "2025-08-21 12:52:40", "elapsed": 14876.92556977272, "delta": 16.314414262771606}, "costs": {"total_cost": 168.75220233192252, "time_cost": 72.208, "final_distance_cost": 1.8139636312259142, "oscillation_cost": 27.3356030793246, "completition_cost": 0.0, "overshoot_cost": 52.607102378439194, "power_cost": 7.6244021484375, "noise_cost": 7.1631310944953315, "n_waypoints_completed": 9, "tot_waypoints": 9}}
{"target": -192.1645583055855, "params": {"k_pid_pos": [1.1539741075436354, 0.0, 0.1436197694676746], "k_pid_alt": [1.0731268586581846, 0.0, 0.00845759925800649], "k_pid_att": [35.414160137211034, 0.0001, 0.6239688799585704], "k_pid_yaw": [0.5, 1e-06, 0.1], "k_pid_hsp": [0.06587889109806551, 0.0013182944277546048, 0.0], "k_pid_vsp": [397.68078551667145, 10.097359987734329, 19.517906117205392]}, "datetime": {"datetime": "2025-08-21 12:52:57", "elapsed": 14894.20965385437, "delta": 17.28408408164978}, "costs": {"total_cost": 192.1645583055855, "time_cost": 75.752, "final_distance_cost": 1.7994061618996944, "oscillation_cost": 27.457572194440907, "completition_cost": 0.0, "overshoot_cost": 53.030769357597585, "power_cost": 19.274831201171875, "noise_cost": 14.849979390475413, "n_waypoints_completed": 9, "tot_waypoints": 9}}
{"target": -189.63560417500562, "params": {"k_pid_pos": [1.084636827204838, 0.0, 0.1264062939042895], "k_pid_alt": [1.10876331911343, 0.0, 0.013706427099607094], "k_pid_att": [49.71707764622546, 0.0001, 0.6112656552166161], "k_pid_yaw": [0.5, 1e-06, 0.1], "k_pid_hsp": [0.04697744291089914, 0.006650887739114403, 0.0], "k_pid_vsp": [377.1112991460123, 22.48745047234926, 20.11808694268455]}, "datetime": {"datetime": "2025-08-21 12:53:16", "elapsed": 14913.423795223236, "delta": 19.214141368865967}, "costs": {"total_cost": 189.63560417500562, "time_cost": 83.376, "final_distance_cost": 1.7387671408784557, "oscillation_cost": 27.757585156597337, "completition_cost": 0.0, "overshoot_cost": 54.9586197082229, "power_cost": 11.27259881591797, "noise_cost": 10.532033353388945, "n_waypoints_completed": 9, "tot_waypoints": 9}}
{"target": -189.08267660468502, "params": {"k_pid_pos": [1.1969051163412905, 0.0, 0.18387162983346134], "k_pid_alt": [0.7625001116532202, 0.0, 0.011903499913708027], "k_pid_att": [20.999159302432563, 0.0001, 0.5505691819728675], "k_pid_yaw": [0.5, 1e-06, 0.1], "k_pid_hsp": [0.2938154851319056, 0.0, 0.0], "k_pid_vsp": [394.27303245116883, 49.78379486796919, 10.741703867245617]}, "datetime": {"datetime": "2025-08-21 12:53:33", "elapsed": 14930.248657941818, "delta": 16.824862718582153}, "costs": {"total_cost": 189.08267660468502, "time_cost": 72.024, "final_distance_cost": 1.8406598184397893, "oscillation_cost": 29.579379045851176, "completition_cost": 0.0, "overshoot_cost": 50.342244692075056, "power_cost": 20.203455627441407, "noise_cost": 15.092937420877595, "n_waypoints_completed": 9, "tot_waypoints": 9}}
{"target": -177.30327305541303, "params": {"k_pid_pos": [0.8718029642925902, 0.0, 0.046120287826301246], "k_pid_alt": [1.0291624487941238, 0.0, 9.383732028445547e-05], "k_pid_att": [43.31781244007423, 0.0001, 0.0], "k_pid_yaw": [0.5, 1e-06, 0.1], "k_pid_hsp": [0.29796449990424556, 0.0, 0.0], "k_pid_vsp": [389.6651986898999, 46.33300753021291, 9.581890895486495]}, "datetime": {"datetime": "2025-08-21 12:53:50", "elapsed": 14946.781010627747, "delta": 16.532352685928345}, "costs": {"total_cost": 177.30327305541303, "time_cost": 71.432, "final_distance_cost": 1.8415419943239226, "oscillation_cost": 30.979838612291747, "completition_cost": 0.0, "overshoot_cost": 51.05447835160997, "power_cost": 11.358532543945312, "noise_cost": 10.636881553242084, "n_waypoints_completed": 9, "tot_waypoints": 9}}
{"target": -181.83246784282824, "params": {"k_pid_pos": [2.0, 0.0, 0.23265013343222202], "k_pid_alt": [1.1720530990969655, 0.0, 0.0031478907255124127], "k_pid_att": [20.442036452145373, 0.0001, 0.6364755074944306], "k_pid_yaw": [0.5, 1e-06, 0.1], "k_pid_hsp": [0.13666632519426192, 0.0, 0.0], "k_pid_vsp": [400.0, 28.042896076220224, 23.026122408870457]}, "datetime": {"datetime": "2025-08-21 12:54:06", "elapsed": 14962.921520471573, "delta": 16.140509843826294}, "costs": {"total_cost": 181.83246784282824, "time_cost": 70.584, "final_distance_cost": 1.7747074953794588, "oscillation_cost": 31.37550697320974, "completition_cost": 0.0, "overshoot_cost": 51.56807229531915, "power_cost": 14.628846594238283, "noise_cost": 11.901334484681632, "n_waypoints_completed": 9, "tot_waypoints": 9}}
{"target": -184.67675296334468, "params": {"k_pid_pos": [1.2512936056180086, 0.0, 0.1480849038700745], "k_pid_alt": [1.1241637336269599, 0.0, 0.006270190315975427], "k_pid_att": [16.24811409080287, 0.0001, 0.7750555760456203], "k_pid_yaw": [0.5, 1e-06, 0.1], "k_pid_hsp": [0.3857237273409341, 0.0, 0.0], "k_pid_vsp": [400.0, 1e-06, 18.983256603843856]}, "datetime": {"datetime": "2025-08-21 12:54:22", "elapsed": 14979.239391088486, "delta": 16.317870616912842}, "costs": {"total_cost": 184.67675296334468, "time_cost": 71.648, "final_distance_cost": 1.8256206188775397, "oscillation_cost": 31.096650300709367, "completition_cost": 0.0, "overshoot_cost": 51.164986143800014, "power_cost": 16.299502954101563, "noise_cost": 12.641992945856202, "n_waypoints_completed": 9, "tot_waypoints": 9}}
{"target": -193.99358317254516, "params": {"k_pid_pos": [1.1727151251998549, 0.0, 0.1491045828534645], "k_pid_alt": [1.0839134337606104, 0.0, 0.008937191979780807], "k_pid_att": [14.079998936508797, 0.0001, 0.5512118704079333], "k_pid_yaw": [0.5, 1e-06, 0.1], "k_pid_hsp": [0.062347517211075565, 0.0, 0.0], "k_pid_vsp": [400.0, 28.700760190037293, 15.200943253907546]}, "datetime": {"datetime": "2025-08-21 12:54:40", "elapsed": 14997.035202741623, "delta": 17.795811653137207}, "costs": {"total_cost": 193.99358317254516, "time_cost": 76.224, "final_distance_cost": 1.7497139129010937, "oscillation_cost": 24.876949383233644, "completition_cost": 0.0, "overshoot_cost": 53.96547980388344, "power_cost": 21.763077087402344, "noise_cost": 15.414362985124658, "n_waypoints_completed": 9, "tot_waypoints": 9}}
{"target": -193.6682815740692, "params": {"k_pid_pos": [1.271071426933449, 0.0, 0.12000189471100244], "k_pid_alt": [0.9881105021930984, 0.0, 0.011099774096615955], "k_pid_att": [82.20434789559599, 0.0001, 0.6576407964777211], "k_pid_yaw": [0.5, 1e-06, 0.1], "k_pid_hsp": [2.422706073263059, 0.0, 0.0], "k_pid_vsp": [400.0, 4.487520156726722, 23.744286754013103]}, "datetime": {"datetime": "2025-08-21 12:54:57", "elapsed": 15013.730547904968, "delta": 16.695345163345337}, "costs": {"total_cost": 193.6682815740692, "time_cost": 72.368, "final_distance_cost": 1.8334762752632863, "oscillation_cost": 41.77877350826556, "completition_cost": 0.0, "overshoot_cost": 51.60194937866298, "power_cost": 14.2627130859375, "noise_cost": 11.823369325939906, "n_waypoints_completed": 9, "tot_waypoints": 9}}
{"target": -175.4547075625367, "params": {"k_pid_pos": [1.0239024119775282, 0.0, 0.0], "k_pid_alt": [1.1488815300989106, 0.0, 0.0], "k_pid_att": [14.843539905651458, 0.0001, 0.5996222499999972], "k_pid_yaw": [0.5, 1e-06, 0.1], "k_pid_hsp": [0.1937480208250848, 0.0, 0.0], "k_pid_vsp": [389.48093691852335, 19.543623363544743, 19.126858703804608]}, "datetime": {"datetime": "2025-08-21 12:55:13", "elapsed": 15029.85235285759, "delta": 16.12180495262146}, "costs": {"total_cost": 175.4547075625367, "time_cost": 70.392, "final_distance_cost": 1.8193231109457229, "oscillation_cost": 28.63466865429724, "completition_cost": 0.0, "overshoot_cost": 50.994694428295986, "power_cost": 12.742124353027345, "noise_cost": 10.871897015970399, "n_waypoints_completed": 9, "tot_waypoints": 9}}
{"target": -1227.9842902592434, "params": {"k_pid_pos": [1.1452068124858228, 0.0, 0.020465970793700883], "k_pid_alt": [1.7147311351917456, 0.0, 0.004022755190823956], "k_pid_att": [24.137638948734192, 0.0001, 0.46970281133566194], "k_pid_yaw": [0.5, 1e-06, 0.1], "k_pid_hsp": [0.0001, 0.0, 0.0], "k_pid_vsp": [377.0230256832451, 23.92691185894457, 13.007964444377821]}, "datetime": {"datetime": "2025-08-21 12:55:40", "elapsed": 15056.861040115356, "delta": 27.008687257766724}, "costs": {"total_cost": 1227.9842902592434, "time_cost": 150, "final_distance_cost": 46.296001197620626, "oscillation_cost": 0.4931130449701176, "completition_cost": 888.8888888888888, "overshoot_cost": 81.55013188459698, "power_cost": 37.02300749511719, "noise_cost": 23.73314774804972, "n_waypoints_completed": 1, "tot_waypoints": 9}}
{"target": -174.56188562206106, "params": {"k_pid_pos": [1.0991130232891888, 0.0, 0.07189348442075115], "k_pid_alt": [1.1576046985408772, 0.0, 0.011188808941554348], "k_pid_att": [4.830336314244674, 0.0001, 0.6297782326543231], "k_pid_yaw": [0.5, 1e-06, 0.1], "k_pid_hsp": [0.11983777025844715, 0.0, 0.0], "k_pid_vsp": [400.0, 26.537867891671183, 1.8276731238932076]}, "datetime": {"datetime": "2025-08-21 12:55:58", "elapsed": 15074.781620979309, "delta": 17.920580863952637}, "costs": {"total_cost": 174.56188562206106, "time_cost": 71.304, "final_distance_cost": 1.800519940202586, "oscillation_cost": 26.745168973226473, "completition_cost": 0.0, "overshoot_cost": 51.878859423931026, "power_cost": 11.657891345214844, "noise_cost": 11.175445939486133, "n_waypoints_completed": 9, "tot_waypoints": 9}}
{"target": -179.1669816792235, "params": {"k_pid_pos": [1.149474505481556, 0.0, 0.004943493880773739], "k_pid_alt": [0.9996652914096864, 0.0, 0.008229246195298138], "k_pid_att": [45.271849363385165, 0.0001, 0.28214860752158527], "k_pid_yaw": [0.5, 1e-06, 0.1], "k_pid_hsp": [0.09457161634914463, 0.04405635506914426, 0.0], "k_pid_vsp": [366.24154796130193, 38.83633131769408, 24.355659423047566]}, "datetime": {"datetime": "2025-08-21 12:56:14", "elapsed": 15091.383582115173, "delta": 16.601961135864258}, "costs": {"total_cost": 179.1669816792235, "time_cost": 72.648, "final_distance_cost": 1.7838295194824731, "oscillation_cost": 38.6254874676979, "completition_cost": 0.0, "overshoot_cost": 51.32654080421012, "power_cost": 7.497414575195313, "noise_cost": 7.285709312637712, "n_waypoints_completed": 9, "tot_waypoints": 9}}
{"target": -176.3680773529793, "params": {"k_pid_pos": [1.4923936914725657, 0.0, 0.12863964460406346], "k_pid_alt": [1.0211187757982798, 0.0, 0.011939223178578802], "k_pid_att": [14.505416538964695, 0.0001, 0.5377232538637269], "k_pid_yaw": [0.5, 1e-06, 0.1], "k_pid_hsp": [0.885445380771889, 0.0, 0.0], "k_pid_vsp": [400.0, 13.450203732688529, 24.83551180033173]}, "datetime": {"datetime": "2025-08-21 12:56:30", "elapsed": 15107.228017807007, "delta": 15.844435691833496}, "costs": {"total_cost": 176.3680773529793, "time_cost": 69.824, "final_distance_cost": 1.7917941123649876, "oscillation_cost": 32.356663565752314, "completition_cost": 0.0, "overshoot_cost": 51.42150883495203, "power_cost": 11.518053955078125, "noise_cost": 9.456056884831831, "n_waypoints_completed": 9, "tot_waypoints": 9}}
{"target": -1185.0976739723812, "params": {"k_pid_pos": [1.115308968690961, 0.0, 0.11828647104124068], "k_pid_alt": [1.000421778639278, 0.0, 0.0063814246481305355], "k_pid_att": [12.210984676362525, 0.0001, 0.7417799694415118], "k_pid_yaw": [0.5, 1e-06, 0.1], "k_pid_hsp": [0.0001, 0.0, 0.0], "k_pid_vsp": [400.0, 21.749459753120007, 9.562282081110926]}, "datetime": {"datetime": "2025-08-21 12:56:53", "elapsed": 15129.945119857788, "delta": 22.71710205078125}, "costs": {"total_cost": 1185.0976739723812, "time_cost": 150, "final_distance_cost": 46.218546835693076, "oscillation_cost": 0.1842456035632659, "completition_cost": 888.8888888888888, "overshoot_cost": 80.89938908894008, "power_cost": 9.309775817871094, "noise_cost": 9.596827737424942, "n_waypoints_completed": 1, "tot_waypoints": 9}}
{"target": -1209.1202265115985, "params": {"k_pid_pos": [0.8348503804213186, 0.0, 0.11967871414286993], "k_pid_alt": [1.4763479047078774, 0.0, 0.0], "k_pid_att": [19.897579202722785, 0.0001, 0.7213965683975891], "k_pid_yaw": [0.5, 1e-06, 0.1], "k_pid_hsp": [0.0001, 0.0, 0.0], "k_pid_vsp": [400.0, 24.21133887226348, 14.899015288205126]}, "datetime": {"datetime": "2025-08-21 12:57:16", "elapsed": 15152.644624233246, "delta": 22.699504375457764}, "costs": {"total_cost": 1209.1202265115985, "time_cost": 150, "final_distance_cost": 45.71857281203436, "oscillation_cost": 1.2726265803124943, "completition_cost": 888.8888888888888, "overshoot_cost": 72.34008487564394, "power_cost": 30.46411900634766, "noise_cost": 20.43593434837136, "n_waypoints_completed": 1, "tot_waypoints": 9}}
{"target": -191.43850725387122, "params": {"k_pid_pos": [1.0856912686401559, 0.007525127013004583, 0.10771367816720684], "k_pid_alt": [1.0962862431868663, 0.0, 0.005827263772679561], "k_pid_att": [15.822035179164443, 0.29455818516042, 0.5830477200293203], "k_pid_yaw": [0.5, 1e-06, 0.1], "k_pid_hsp": [0.2626574978590898, 0.0, 0.0], "k_pid_vsp": [339.9373612660671, 16.371046045641734, 18.521778994047672]}, "datetime": {"datetime": "2025-08-21 12:57:32", "elapsed": 15169.285017490387, "delta": 16.640393257141113}, "costs": {"total_cost": 191.43850725387122, "time_cost": 71.224, "final_distance_cost": 1.8388604804264408, "oscillation_cost": 28.914078188753795, "completition_cost": 0.0, "overshoot_cost": 51.3116819613003, "power_cost": 22.10439305419922, "noise_cost": 16.045493569191446, "n_waypoints_completed": 9, "tot_waypoints": 9}}
{"target": -213.3305287819736, "params": {"k_pid_pos": [1.8215722178143103, 0.0, 0.18357306474213148], "k_pid_alt": [0.7853076170357435, 0.0, 0.0], "k_pid_att": [22.990870466220688, 0.0001, 0.6843017442456094], "k_pid_yaw": [0.5, 1e-06, 0.1], "k_pid_hsp": [0.04374533818733675, 0.0, 0.0], "k_pid_vsp": [400.0, 28.40050046443573, 19.67549368935113]}, "datetime": {"datetime": "2025-08-21 12:57:52", "elapsed": 15188.629638910294, "delta": 19.344621419906616}, "costs": {"total_cost": 213.3305287819736, "time_cost": 83.32000000000001, "final_distance_cost": 1.7612682159367898, "oscillation_cost": 24.15155592464658, "completition_cost": 0.0, "overshoot_cost": 56.710132904202496, "power_cost": 27.634640783691406, "noise_cost": 19.752930953496346, "n_waypoints_completed": 9, "tot_waypoints": 9}}
{"target": -540.5645812942989, "params": {"k_pid_pos": [0.955501347937624, 0.00035690674181449323, 0.13376119721235208], "k_pid_alt": [1.1439439131165063, 0.0, 0.010837134856605233], "k_pid_att": [15.663012176758354, 0.053677895827596744, 0.5916060224802642], "k_pid_yaw": [0.5, 1e-06, 0.1], "k_pid_hsp": [0.02367923973776334, 0.0, 0.0], "k_pid_vsp": [400.0, 19.52546407013903, 13.644151822620302]}, "datetime": {"datetime": "2025-08-21 12:58:15", "elapsed": 15211.733667850494, "delta": 23.104028940200806}, "costs": {"total_cost": 540.5645812942989, "time_cost": 150, "final_distance_cost": 69.72802849423118, "oscillation_cost": 10.887859250308765, "completition_cost": 222.2222222222222, "overshoot_cost": 52.95847782703837, "power_cost": 20.394358044433595, "noise_cost": 14.37363545606476, "n_waypoints_completed": 7, "tot_waypoints": 9}}
{"target": -1181.0816633837014, "params": {"k_pid_pos": [1.1210883140954788, 0.0, 0.08339972286126415], "k_pid_alt": [1.0843504700316733, 0.0, 0.01052374883753434], "k_pid_att": [19.07660097409357, 0.0001, 0.5880179546261507], "k_pid_yaw": [0.5, 1e-06, 0.1], "k_pid_hsp": [0.0001, 0.0, 0.0], "k_pid_vsp": [400.0, 32.20580331334103, 14.642707233010247]}, "datetime": {"datetime": "2025-08-21 12:58:38", "elapsed": 15235.008630752563, "delta": 23.274962902069092}, "costs": {"total_cost": 1181.0816633837014, "time_cost": 150, "final_distance_cost": 46.22771447704681, "oscillation_cost": 0.17367629521907038, "completition_cost": 888.8888888888888, "overshoot_cost": 81.3160185141616, "power_cost": 6.473922155761719, "noise_cost": 8.001443052623264, "n_waypoints_completed": 1, "tot_waypoints": 9}}
{"target": -189.65413936390541, "params": {"k_pid_pos": [1.088616192094842, 0.0, 0.08306893741479543], "k_pid_alt": [0.9736200360188993, 0.0, 0.007932487960258082], "k_pid_att": [28.99807098266347, 0.0014482971257021443, 0.6632204742015472], "k_pid_yaw": [0.5, 1e-06, 0.1], "k_pid_hsp": [0.2825054406206553, 0.0, 0.0], "k_pid_vsp": [400.0, 24.588746222183417, 18.841288156209455]}, "datetime": {"datetime": "2025-08-21 12:58:55", "elapsed": 15251.786299705505, "delta": 16.777668952941895}, "costs": {"total_cost": 189.65413936390541, "time_cost": 71.008, "final_distance_cost": 1.835579924877766, "oscillation_cost": 31.271907678103535, "completition_cost": 0.0, "overshoot_cost": 50.92045557412761, "power_cost": 19.789164941406252, "noise_cost": 14.829031245390278, "n_waypoints_completed": 9, "tot_waypoints": 9}}
{"target": -174.22480188131254, "params": {"k_pid_pos": [1.1031780188996034, 0.0014462020775069012, 0.11780052950976877], "k_pid_alt": [1.080274370781303, 0.0, 0.0012966146707813417], "k_pid_att": [17.595108163062044, 0.0001, 0.6694161517413815], "k_pid_yaw": [0.5, 1e-06, 0.1], "k_pid_hsp": [0.13072374403698744, 0.0, 0.0], "k_pid_vsp": [398.67624539664394, 21.592455350300128, 20.633497340411125]}, "datetime": {"datetime": "2025-08-21 12:59:11", "elapsed": 15268.080443620682, "delta": 16.29414391517639}, "costs": {"total_cost": 174.22480188131254, "time_cost": 70.872, "final_distance_cost": 1.8194199780101676, "oscillation_cost": 27.620267681879092, "completition_cost": 0.0, "overshoot_cost": 51.07988999783456, "power_cost": 12.229509106445313, "noise_cost": 10.603715117143427, "n_waypoints_completed": 9, "tot_waypoints": 9}}
