{"target": -182.6937508581847, "params": {"k_pid_pos": [1.1337008558469028, 0.0, 0.13823710496809288], "k_pid_alt": [1.197025603802194, 0.0, 0.01747788050032848], "k_pid_att": [18.186647062391188, 0.0001, 0.5068844251902084], "k_pid_yaw": [0.5, 1e-06, 0.1], "k_pid_hsp": [0.37483202885869343, 0.003373600005666896, 0.0], "k_pid_vsp": [400.0, 38.16211562589251, 18.06220600248339]}, "datetime": {"datetime": "2025-08-21 19:15:13", "elapsed": 37830.04351115227, "delta": 15.751142978668213}, "costs": {"total_cost": 182.6937508581847, "time_cost": 70.744, "final_distance_cost": 1.8401999013463628, "oscillation_cost": 29.6273416697093, "completition_cost": 0.0, "overshoot_cost": 50.425590842340625, "power_cost": 16.906599145507812, "noise_cost": 13.150019299280608, "n_waypoints_completed": 9, "tot_waypoints": 9}}
{"target": -178.81648619826376, "params": {"k_pid_pos": [1.1236377338415156, 0.0, 0.10431217686198746], "k_pid_alt": [0.608406272001148, 0.0, 0.016091151309088014], "k_pid_att": [15.55859972613279, 0.0001, 0.8462192533192012], "k_pid_yaw": [0.5, 1e-06, 0.1], "k_pid_hsp": [0.12662091255635327, 0.0020243512125366027, 0.0], "k_pid_vsp": [399.61294267876355, 6.67803883675498, 12.199566960971422]}, "datetime": {"datetime": "2025-08-21 19:15:32", "elapsed": 37848.457401275635, "delta": 18.41389012336731}, "costs": {"total_cost": 178.81648619826376, "time_cost": 75.184, "final_distance_cost": 1.799905918023158, "oscillation_cost": 28.225719811401007, "completition_cost": 0.0, "overshoot_cost": 52.31718649124027, "power_cost": 11.59840791015625, "noise_cost": 9.691266067443093, "n_waypoints_completed": 9, "tot_waypoints": 9}}
{"target": -170.54661423627144, "params": {"k_pid_pos": [1.3959103063797083, 0.0, 0.13877397134512054], "k_pid_alt": [1.2235254509400761, 0.0, 0.016195068144433934], "k_pid_att": [14.873288782804735, 0.0001, 0.7338460996120375], "k_pid_yaw": [0.5, 1e-06, 0.1], "k_pid_hsp": [0.29914637771223956, 0.005084265284795428, 0.0], "k_pid_vsp": [400.0, 43.70283485905402, 17.559153046557967]}, "datetime": {"datetime": "2025-08-21 19:15:47", "elapsed": 37863.47282075882, "delta": 15.015419483184814}, "costs": {"total_cost": 170.54661423627144, "time_cost": 69.44, "final_distance_cost": 1.7890117256962152, "oscillation_cost": 30.80999983119781, "completition_cost": 0.0, "overshoot_cost": 50.4739457290846, "power_cost": 9.522307641601563, "noise_cost": 8.511349308691246, "n_waypoints_completed": 9, "tot_waypoints": 9}}
{"target": -188.7394719439225, "params": {"k_pid_pos": [1.1234864489885772, 0.0, 0.1388007656455167], "k_pid_alt": [1.1921637529699531, 0.0, 0.015327002954687115], "k_pid_att": [14.961653672082125, 0.0001, 0.6625756360556546], "k_pid_yaw": [0.5, 1e-06, 0.1], "k_pid_hsp": [0.0582595019205943, 0.003315417010931288, 0.0], "k_pid_vsp": [387.7828719109364, 44.953560969279515, 17.875988050524075]}, "datetime": {"datetime": "2025-08-21 19:16:06", "elapsed": 37882.64616012573, "delta": 19.173339366912842}, "costs": {"total_cost": 188.7394719439225, "time_cost": 76.208, "final_distance_cost": 1.7802933553783538, "oscillation_cost": 24.5952949888874, "completition_cost": 0.0, "overshoot_cost": 53.63491571005582, "power_cost": 18.451389660644534, "noise_cost": 14.069578228956397, "n_waypoints_completed": 9, "tot_waypoints": 9}}
{"target": -181.35513152758494, "params": {"k_pid_pos": [1.1745731341649308, 0.0, 0.1589963725279606], "k_pid_alt": [1.0101992949929077, 0.0, 0.0169020761552396], "k_pid_att": [14.046635008138905, 0.0001, 0.641143767867], "k_pid_yaw": [0.5, 1e-06, 0.1], "k_pid_hsp": [0.12725523114871617, 0.0033015934224223608, 0.0], "k_pid_vsp": [400.0, 12.589665539908182, 19.464579239123378]}, "datetime": {"datetime": "2025-08-21 19:16:22", "elapsed": 37898.700479745865, "delta": 16.054319620132446}, "costs": {"total_cost": 181.35513152758494, "time_cost": 71.76, "final_distance_cost": 1.7873947446744374, "oscillation_cost": 27.861374128394456, "completition_cost": 0.0, "overshoot_cost": 52.07685958043823, "power_cost": 16.022588818359377, "noise_cost": 11.846914255718456, "n_waypoints_completed": 9, "tot_waypoints": 9}}
{"target": -184.89632422952377, "params": {"k_pid_pos": [0.9797156498173484, 0.00017723472432228723, 0.12661720280651256], "k_pid_alt": [1.0313585463539792, 0.0, 0.023744085695148985], "k_pid_att": [15.225466779033246, 0.0001, 0.6216395503041823], "k_pid_yaw": [0.5, 1e-06, 0.1], "k_pid_hsp": [0.2823776267938415, 0.005136708703836923, 0.0], "k_pid_vsp": [397.5976434102698, 40.481832020642955, 17.434374105659785]}, "datetime": {"datetime": "2025-08-21 19:16:39", "elapsed": 37916.21875667572, "delta": 17.518276929855347}, "costs": {"total_cost": 184.89632422952377, "time_cost": 70.856, "final_distance_cost": 1.8397766399934636, "oscillation_cost": 28.34779493602691, "completition_cost": 0.0, "overshoot_cost": 51.13462968509606, "power_cost": 18.988406701660157, "noise_cost": 13.729716266747175, "n_waypoints_completed": 9, "tot_waypoints": 9}}
{"target": -177.56857585098703, "params": {"k_pid_pos": [1.1249105677416, 0.0, 0.007966388112486816], "k_pid_alt": [1.2171033234175257, 0.0, 0.017352186425528524], "k_pid_att": [15.41642782618517, 0.0001, 0.6406721750177397], "k_pid_yaw": [0.5, 1e-06, 0.1], "k_pid_hsp": [0.12002633882811306, 0.003481774876186054, 0.0], "k_pid_vsp": [395.485666982335, 1e-06, 12.18582500522828]}, "datetime": {"datetime": "2025-08-21 19:16:56", "elapsed": 37932.967973947525, "delta": 16.74921727180481}, "costs": {"total_cost": 177.56857585098703, "time_cost": 71.592, "final_distance_cost": 1.8034041109664167, "oscillation_cost": 28.600716071871158, "completition_cost": 0.0, "overshoot_cost": 51.773217226851585, "power_cost": 13.199551147460937, "noise_cost": 10.599687293836917, "n_waypoints_completed": 9, "tot_waypoints": 9}}
{"target": -177.66400140805598, "params": {"k_pid_pos": [1.1222322509977953, 0.0, 0.11712609651709784], "k_pid_alt": [1.3733962376447555, 0.0, 0.014920081509120765], "k_pid_att": [15.05693675735283, 0.008635120964803433, 0.6336316757806494], "k_pid_yaw": [0.5, 1e-06, 0.1], "k_pid_hsp": [0.20785494718483216, 0.0035053532248330004, 0.0], "k_pid_vsp": [400.0, 43.92040299463208, 20.458904365609158]}, "datetime": {"datetime": "2025-08-21 19:17:13", "elapsed": 37949.83469724655, "delta": 16.86672329902649}, "costs": {"total_cost": 177.66400140805598, "time_cost": 70.888, "final_distance_cost": 1.8115787929846079, "oscillation_cost": 28.70104462082385, "completition_cost": 0.0, "overshoot_cost": 51.28805240785001, "power_cost": 13.492315832519532, "noise_cost": 11.483009753877965, "n_waypoints_completed": 9, "tot_waypoints": 9}}
{"target": -171.34323395890607, "params": {"k_pid_pos": [1.1283039760436318, 0.0, 0.22342513915922735], "k_pid_alt": [1.1691300535992395, 0.0, 0.016047394175575984], "k_pid_att": [15.373142775998689, 0.0001, 0.6330760000681743], "k_pid_yaw": [0.5, 1e-06, 0.1], "k_pid_hsp": [0.13589038640400083, 0.0029667291856215246, 0.0], "k_pid_vsp": [395.94060085054747, 26.98360851761302, 10.486174457904117]}, "datetime": {"datetime": "2025-08-21 19:17:32", "elapsed": 37968.5945956707, "delta": 18.75989842414856}, "costs": {"total_cost": 171.34323395890607, "time_cost": 70.60000000000001, "final_distance_cost": 1.8123396589307557, "oscillation_cost": 27.350661163670086, "completition_cost": 0.0, "overshoot_cost": 50.47130860362905, "power_cost": 10.834916247558594, "noise_cost": 10.274008285117592, "n_waypoints_completed": 9, "tot_waypoints": 9}}
{"target": -173.87871110813865, "params": {"k_pid_pos": [1.2797007309614026, 0.0, 0.1357070278723431], "k_pid_alt": [1.1925736750137517, 0.0, 0.01669892630823603], "k_pid_att": [16.42066320534375, 0.0001, 0.6245983469430266], "k_pid_yaw": [0.5, 1e-06, 0.1], "k_pid_hsp": [0.2621441206126627, 0.0, 0.0], "k_pid_vsp": [400.0, 55.66061501244286, 17.40093768947064]}, "datetime": {"datetime": "2025-08-21 19:17:47", "elapsed": 37984.31212902069, "delta": 15.717533349990845}, "costs": {"total_cost": 173.87871110813865, "time_cost": 69.656, "final_distance_cost": 1.8316010968589869, "oscillation_cost": 30.200458529656032, "completition_cost": 0.0, "overshoot_cost": 50.37858266128169, "power_cost": 11.786025939941407, "noise_cost": 10.026042880400528, "n_waypoints_completed": 9, "tot_waypoints": 9}}
{"target": -169.148781144936, "params": {"k_pid_pos": [1.142450383782138, 0.0, 0.1383499494375288], "k_pid_alt": [1.054829513735747, 0.0, 0.008490284712121168], "k_pid_att": [17.319681345077402, 0.0001, 0.6729507734283177], "k_pid_yaw": [0.5, 1e-06, 0.1], "k_pid_hsp": [0.1251428873141621, 0.001655108833597174, 0.0], "k_pid_vsp": [400.0, 29.480183116743042, 17.68575963167891]}, "datetime": {"datetime": "2025-08-21 19:18:06", "elapsed": 38002.484635829926, "delta": 18.17250680923462}, "costs": {"total_cost": 169.148781144936, "time_cost": 70.70400000000001, "final_distance_cost": 1.8160567307759246, "oscillation_cost": 27.68529550870234, "completition_cost": 0.0, "overshoot_cost": 51.08211385754322, "power_cost": 9.512403833007813, "noise_cost": 8.348911214906714, "n_waypoints_completed": 9, "tot_waypoints": 9}}
{"target": -172.19955505296775, "params": {"k_pid_pos": [1.1808100623246995, 0.0, 0.1432259807362552], "k_pid_alt": [1.1636710676858883, 0.0, 0.01622879348090773], "k_pid_att": [18.8399969558047, 0.0001, 0.6210133944110733], "k_pid_yaw": [0.5, 1e-06, 0.1], "k_pid_hsp": [0.1634721799502551, 0.00315515476342778, 0.0], "k_pid_vsp": [400.0, 39.246620808781884, 17.199627155951973]}, "datetime": {"datetime": "2025-08-21 19:18:22", "elapsed": 38018.58571577072, "delta": 16.1010799407959}, "costs": {"total_cost": 172.19955505296775, "time_cost": 70.72, "final_distance_cost": 1.8007462655209663, "oscillation_cost": 28.45625867763052, "completition_cost": 0.0, "overshoot_cost": 51.06966504437989, "power_cost": 10.59868955078125, "noise_cost": 9.554195514655122, "n_waypoints_completed": 9, "tot_waypoints": 9}}
{"target": -184.8459027247157, "params": {"k_pid_pos": [1.120744519044174, 0.0, 0.13415837503991332], "k_pid_alt": [1.040324775091418, 0.0, 0.0], "k_pid_att": [16.99461335967967, 0.0001, 0.6345318713117537], "k_pid_yaw": [0.5, 1e-06, 0.1], "k_pid_hsp": [0.13977861850080908, 0.0036758178152030917, 0.0], "k_pid_vsp": [400.0, 46.95772339877663, 16.93909300916481]}, "datetime": {"datetime": "2025-08-21 19:18:39", "elapsed": 38035.753875017166, "delta": 17.168159246444702}, "costs": {"total_cost": 184.8459027247157, "time_cost": 70.784, "final_distance_cost": 1.8122754252033384, "oscillation_cost": 27.825405076395313, "completition_cost": 0.0, "overshoot_cost": 50.92897426740481, "power_cost": 19.173164392089845, "noise_cost": 14.322083563622357, "n_waypoints_completed": 9, "tot_waypoints": 9}}
{"target": -186.53359999695846, "params": {"k_pid_pos": [1.1942537960337145, 0.0, 0.13920955109756006], "k_pid_alt": [1.0837629262523816, 0.0, 0.016189797018799204], "k_pid_att": [9.700870274238873, 0.0001, 0.6387017297670451], "k_pid_yaw": [0.5, 1e-06, 0.1], "k_pid_hsp": [0.12959562612783934, 0.0, 0.0], "k_pid_vsp": [400.0, 49.106478653361805, 17.4992956824201]}, "datetime": {"datetime": "2025-08-21 19:18:55", "elapsed": 38052.395238399506, "delta": 16.641363382339478}, "costs": {"total_cost": 186.53359999695846, "time_cost": 71.34400000000001, "final_distance_cost": 1.7971892179027635, "oscillation_cost": 28.116624003986907, "completition_cost": 0.0, "overshoot_cost": 51.66361137214276, "power_cost": 19.023357690429687, "noise_cost": 14.58881771249634, "n_waypoints_completed": 9, "tot_waypoints": 9}}
{"target": -187.8184292302063, "params": {"k_pid_pos": [1.1138298187551603, 0.0, 0.15940590418667688], "k_pid_alt": [1.2000272260672347, 0.0, 0.01063909161299853], "k_pid_att": [15.544947613744217, 0.0001, 0.6314046941128247], "k_pid_yaw": [0.5, 1e-06, 0.1], "k_pid_hsp": [0.1237428399130208, 0.0032319469946300934, 0.0], "k_pid_vsp": [400.0, 31.922041372995523, 13.55110895640558]}, "datetime": {"datetime": "2025-08-21 19:19:13", "elapsed": 38069.43916296959, "delta": 17.043924570083618}, "costs": {"total_cost": 187.8184292302063, "time_cost": 71.248, "final_distance_cost": 1.8006813612420927, "oscillation_cost": 26.90381768584038, "completition_cost": 0.0, "overshoot_cost": 51.73356871572567, "power_cost": 21.017932446289063, "noise_cost": 15.114429021109107, "n_waypoints_completed": 9, "tot_waypoints": 9}}
{"target": -180.48454253936472, "params": {"k_pid_pos": [1.1438371321355918, 0.0, 0.14496256215293069], "k_pid_alt": [1.1825714232137767, 0.0, 0.014544149465181212], "k_pid_att": [22.570740523782383, 0.0001, 0.6131260634518239], "k_pid_yaw": [0.5, 1e-06, 0.1], "k_pid_hsp": [0.1448397503369707, 0.001573401529165707, 0.0], "k_pid_vsp": [400.0, 47.7279925894034, 15.86824440660246]}, "datetime": {"datetime": "2025-08-21 19:19:29", "elapsed": 38086.430549144745, "delta": 16.99138617515564}, "costs": {"total_cost": 180.48454253936472, "time_cost": 70.592, "final_distance_cost": 1.8225131636651495, "oscillation_cost": 27.878219293836064, "completition_cost": 0.0, "overshoot_cost": 51.08039469052226, "power_cost": 16.204886022949218, "noise_cost": 12.906529368392038, "n_waypoints_completed": 9, "tot_waypoints": 9}}
{"target": -180.77880240654815, "params": {"k_pid_pos": [1.1405981225871724, 0.0, 0.12416279759079568], "k_pid_alt": [1.1672033544118559, 0.0, 0.015971791514006274], "k_pid_att": [17.464412211885474, 0.0001, 0.5335685351442168], "k_pid_yaw": [0.5, 1e-06, 0.1], "k_pid_hsp": [0.16311055623856702, 0.022952617395331866, 0.0], "k_pid_vsp": [399.822081358414, 48.73444668814352, 23.07012942911129]}, "datetime": {"datetime": "2025-08-21 19:19:45", "elapsed": 38102.01631450653, "delta": 15.585765361785889}, "costs": {"total_cost": 180.77880240654815, "time_cost": 69.96000000000001, "final_distance_cost": 1.8291740710458042, "oscillation_cost": 30.330698552340017, "completition_cost": 0.0, "overshoot_cost": 50.282070455047, "power_cost": 15.875834387207032, "noise_cost": 12.501024940908318, "n_waypoints_completed": 9, "tot_waypoints": 9}}
{"target": -186.83836482736132, "params": {"k_pid_pos": [1.089461325184762, 0.0, 0.13679154638933017], "k_pid_alt": [1.2971005376237683, 0.0, 0.01708751820712038], "k_pid_att": [23.838017275812874, 0.0001, 0.6495623500764001], "k_pid_yaw": [0.5, 1e-06, 0.1], "k_pid_hsp": [0.39812887453353946, 0.0035273806708076482, 0.0], "k_pid_vsp": [393.8509468974009, 16.770939831117637, 20.422449277530887]}, "datetime": {"datetime": "2025-08-21 19:20:03", "elapsed": 38120.25225806236, "delta": 18.23594355583191}, "costs": {"total_cost": 186.83836482736132, "time_cost": 71.072, "final_distance_cost": 1.8407135309325833, "oscillation_cost": 30.1698370976978, "completition_cost": 0.0, "overshoot_cost": 50.884610722458966, "power_cost": 18.668829748535156, "noise_cost": 14.202373727736788, "n_waypoints_completed": 9, "tot_waypoints": 9}}
{"target": -182.75207939774654, "params": {"k_pid_pos": [1.1213030326728128, 0.0, 0.1398713992821315], "k_pid_alt": [1.1287427057251551, 0.0, 0.014082401292141986], "k_pid_att": [14.810853809473345, 0.0001, 0.640579234863638], "k_pid_yaw": [0.5, 1e-06, 0.1], "k_pid_hsp": [0.12798918246700006, 0.002974615174008619, 0.0], "k_pid_vsp": [400.0, 18.80553983368473, 14.112726013577323]}, "datetime": {"datetime": "2025-08-21 19:20:19", "elapsed": 38136.4218378067, "delta": 16.16957974433899}, "costs": {"total_cost": 182.75207939774654, "time_cost": 71.04, "final_distance_cost": 1.8181985830990233, "oscillation_cost": 27.553116364940212, "completition_cost": 0.0, "overshoot_cost": 51.564303627126165, "power_cost": 17.19506072998047, "noise_cost": 13.58140009260067, "n_waypoints_completed": 9, "tot_waypoints": 9}}
{"target": -178.42025682120317, "params": {"k_pid_pos": [1.1152585173053084, 0.0, 0.17148147011184675], "k_pid_alt": [1.1650623658440455, 0.0, 0.0113901294940831], "k_pid_att": [15.911723960435904, 0.0001, 0.6347614683144277], "k_pid_yaw": [0.5, 1e-06, 0.1], "k_pid_hsp": [0.13590287166094175, 0.003920177994895354, 0.0], "k_pid_vsp": [399.466889570423, 46.17277019427941, 18.284255822771]}, "datetime": {"datetime": "2025-08-21 19:20:38", "elapsed": 38154.460255384445, "delta": 18.03841757774353}, "costs": {"total_cost": 178.42025682120317, "time_cost": 72.688, "final_distance_cost": 1.8001207908830237, "oscillation_cost": 28.174496112738357, "completition_cost": 0.0, "overshoot_cost": 51.40439808824024, "power_cost": 13.359367797851563, "noise_cost": 10.993874031489943, "n_waypoints_completed": 9, "tot_waypoints": 9}}
{"target": -179.74683324068832, "params": {"k_pid_pos": [1.200496088852971, 0.0, 0.15132193893629414], "k_pid_alt": [1.3927476818625764, 0.0, 0.014586931218681827], "k_pid_att": [11.28749204828053, 0.0001, 0.6396417912489221], "k_pid_yaw": [0.5, 1e-06, 0.1], "k_pid_hsp": [0.4630609683229533, 0.0, 0.0], "k_pid_vsp": [399.6705388015858, 36.61079324296779, 33.214298365221424]}, "datetime": {"datetime": "2025-08-21 19:20:54", "elapsed": 38170.723351716995, "delta": 16.26309633255005}, "costs": {"total_cost": 179.74683324068832, "time_cost": 71.072, "final_distance_cost": 1.8380672876032826, "oscillation_cost": 31.07018247904651, "completition_cost": 0.0, "overshoot_cost": 51.41829862740941, "power_cost": 13.441316540527344, "noise_cost": 10.906968306101746, "n_waypoints_completed": 9, "tot_waypoints": 9}}
{"target": -181.81184787247471, "params": {"k_pid_pos": [1.128371189927194, 0.0, 0.05930020002071099], "k_pid_alt": [0.8877526898873509, 0.0, 0.01558912405711079], "k_pid_att": [25.62097582340683, 0.0001, 0.6188468779699057], "k_pid_yaw": [0.5, 1e-06, 0.1], "k_pid_hsp": [0.2333307175940959, 0.0, 0.0], "k_pid_vsp": [400.0, 38.26432208865053, 15.931285860877471]}, "datetime": {"datetime": "2025-08-21 19:21:12", "elapsed": 38189.03251552582, "delta": 18.309163808822632}, "costs": {"total_cost": 181.81184787247471, "time_cost": 71.16, "final_distance_cost": 1.808135786511274, "oscillation_cost": 29.664507342073556, "completition_cost": 0.0, "overshoot_cost": 50.885541544738075, "power_cost": 15.735580554199219, "noise_cost": 12.558082644952602, "n_waypoints_completed": 9, "tot_waypoints": 9}}
{"target": -180.35493879615444, "params": {"k_pid_pos": [1.3260060107344158, 0.0, 0.12146558308301877], "k_pid_alt": [1.2074101968175246, 0.0, 0.006417227140531036], "k_pid_att": [20.704786707058474, 0.0001, 0.6348600020667773], "k_pid_yaw": [0.5, 1e-06, 0.1], "k_pid_hsp": [0.10436217122122612, 0.003649949625215158, 0.0], "k_pid_vsp": [399.5855564517218, 21.984130346966452, 1e-06]}, "datetime": {"datetime": "2025-08-21 19:21:29", "elapsed": 38205.70343208313, "delta": 16.67091655731201}, "costs": {"total_cost": 180.35493879615444, "time_cost": 71.432, "final_distance_cost": 1.7567998116056216, "oscillation_cost": 28.83845475527295, "completition_cost": 0.0, "overshoot_cost": 52.15589284788974, "power_cost": 13.954428381347658, "noise_cost": 12.21736300003845, "n_waypoints_completed": 9, "tot_waypoints": 9}}
{"target": -170.8460324454568, "params": {"k_pid_pos": [1.1169385110960652, 0.0, 0.12679733234818577], "k_pid_alt": [1.2145554837680492, 0.0, 0.016221503574688764], "k_pid_att": [16.802222245349945, 0.0001, 0.6367592292953447], "k_pid_yaw": [0.5, 1e-06, 0.1], "k_pid_hsp": [0.13466830476606503, 0.0034524813596235734, 0.0], "k_pid_vsp": [400.0, 43.08299967193173, 18.005197941937862]}, "datetime": {"datetime": "2025-08-21 19:21:47", "elapsed": 38223.48460316658, "delta": 17.781171083450317}, "costs": {"total_cost": 170.8460324454568, "time_cost": 70.312, "final_distance_cost": 1.7846172510587601, "oscillation_cost": 27.87516100325033, "completition_cost": 0.0, "overshoot_cost": 50.99707221936521, "power_cost": 10.523140087890626, "noise_cost": 9.354041883891886, "n_waypoints_completed": 9, "tot_waypoints": 9}}
{"target": -170.04904350033485, "params": {"k_pid_pos": [1.1603142851181474, 0.0, 0.1431513427655209], "k_pid_alt": [1.173134993193831, 0.0, 0.018292428063201225], "k_pid_att": [15.889788464533206, 0.0001, 0.5661250572397591], "k_pid_yaw": [0.5, 1e-06, 0.1], "k_pid_hsp": [0.10540592388406872, 0.0014732952856410042, 0.0], "k_pid_vsp": [400.0, 36.6954325914374, 16.98288403556839]}, "datetime": {"datetime": "2025-08-21 19:22:03", "elapsed": 38239.844670295715, "delta": 16.360067129135132}, "costs": {"total_cost": 170.04904350033485, "time_cost": 71.28, "final_distance_cost": 1.8129321015360857, "oscillation_cost": 27.077431121889752, "completition_cost": 0.0, "overshoot_cost": 51.501741596564386, "power_cost": 9.224684216308594, "noise_cost": 9.152254464036025, "n_waypoints_completed": 9, "tot_waypoints": 9}}
{"target": -177.91297586010327, "params": {"k_pid_pos": [1.1603091215991757, 0.0, 0.1365962236689695], "k_pid_alt": [1.1814406084375095, 0.0, 0.016223629125229424], "k_pid_att": [14.967216216524905, 0.0001, 0.6343403849837546], "k_pid_yaw": [0.5, 1e-06, 0.1], "k_pid_hsp": [0.11050520403144168, 0.003385080161712921, 0.0], "k_pid_vsp": [400.0, 69.48746407098236, 18.07317707532204]}, "datetime": {"datetime": "2025-08-21 19:22:19", "elapsed": 38256.2010576725, "delta": 16.35638737678528}, "costs": {"total_cost": 177.91297586010327, "time_cost": 70.288, "final_distance_cost": 1.7887024387874981, "oscillation_cost": 27.700776357263532, "completition_cost": 0.0, "overshoot_cost": 50.90169715474879, "power_cost": 15.176816064453126, "noise_cost": 12.056983844850334, "n_waypoints_completed": 9, "tot_waypoints": 9}}
