{"target": -907.023090819415, "params": {"k_pid_pos": [1.8624793477566346, 0.11973358850112281, 0.1171035659001105], "k_pid_alt": [0.17541802382153682, 0.6578632850405278, 0.4186083007903795], "k_pid_att": [77.43214161418433, 6.712347009944595, 0.33363775832823817], "k_pid_yaw": [0.5, 1e-06, 0.1], "k_pid_hsp": [8.983675636960621, 0.7625321470706523, 0.2705349409101757], "k_pid_vsp": [145.6768071088216, 125.77599276726518, 63.04466029238821]}, "datetime": {"datetime": "2025-08-21 08:56:09", "elapsed": 686.3370096683502, "delta": 26.52028751373291}, "costs": {"total_cost": 907.023090819415, "time_cost": 150, "final_distance_cost": 58.85636334689722, "oscillation_cost": 267.7032544298894, "completition_cost": 333.33333333333337, "overshoot_cost": 54.17454610466409, "power_cost": 24.173044091796875, "noise_cost": 18.782549512834027, "n_waypoints_completed": 6, "tot_waypoints": 9}}
{"target": -1254.158636129341, "params": {"k_pid_pos": [0.29565196674712907, 0.936127463375744, 0.43790403719875326], "k_pid_alt": [0.7666396455548197, 0.7296857086773779, 0.5529930652528999], "k_pid_att": [93.61399868384622, 7.803036908944531, 0.47936956412454035], "k_pid_yaw": [0.5, 1e-06, 0.1], "k_pid_hsp": [3.7636570988609144, 0.986631544924322, 0.7177602360036435], "k_pid_vsp": [380.47786400153643, 47.391431768337966, 340.2134718257794]}, "datetime": {"datetime": "2025-08-21 08:56:39", "elapsed": 716.3864917755127, "delta": 30.049482107162476}, "costs": {"total_cost": 1254.158636129341, "time_cost": 150, "final_distance_cost": 87.35194123256032, "oscillation_cost": 144.33105931996437, "completition_cost": 777.7777777777778, "overshoot_cost": 56.16276031533148, "power_cost": 22.18891580810547, "noise_cost": 16.34618167560137, "n_waypoints_completed": 2, "tot_waypoints": 9}}
{"target": -1549.77414193541, "params": {"k_pid_pos": [1.274184060594016, 0.12192167833511258, 0.5882579999692207], "k_pid_alt": [1.3721927302108976, 0.012302685888602838, 0.45431796184174655], "k_pid_att": [82.53995111963212, 2.9536607175383645, 0.4585480817985511], "k_pid_yaw": [0.5, 1e-06, 0.1], "k_pid_hsp": [4.423197039266225, 0.3019273914424916, 0.9184418955155542], "k_pid_vsp": [312.51761417260633, 44.235365287855785, 398.8138631379946]}, "datetime": {"datetime": "2025-08-21 08:57:04", "elapsed": 740.9706127643585, "delta": 24.584120988845825}, "costs": {"total_cost": 1549.77414193541, "time_cost": 150, "final_distance_cost": 110.45918919657197, "oscillation_cost": 425.4833912264219, "completition_cost": 777.7777777777778, "overshoot_cost": 47.00622755565446, "power_cost": 21.26973690185547, "noise_cost": 17.777819277128497, "n_waypoints_completed": 2, "tot_waypoints": 9}}
{"target": -1181.9671558622906, "params": {"k_pid_pos": [1.7584121286130596, 0.28390843786403896, 0.8368965796609382], "k_pid_alt": [0.21283906374276573, 0.9991047304742386, 0.6656847361065369], "k_pid_att": [65.0125015558797, 0.904498225768629, 0.8970333988966253], "k_pid_yaw": [0.5, 1e-06, 0.1], "k_pid_hsp": [0.2900921320943738, 0.24082805804114704, 0.143021875166635], "k_pid_vsp": [310.7071762768874, 79.28169168695491, 364.2552909417159]}, "datetime": {"datetime": "2025-08-21 08:57:33", "elapsed": 770.0229825973511, "delta": 29.052369832992554}, "costs": {"total_cost": 1181.9671558622906, "time_cost": 150, "final_distance_cost": 89.21490075656394, "oscillation_cost": 177.10309800327508, "completition_cost": 666.6666666666667, "overshoot_cost": 55.360619725411546, "power_cost": 25.014216430664064, "noise_cost": 18.60765427970922, "n_waypoints_completed": 3, "tot_waypoints": 9}}
{"target": -696.6532662001077, "params": {"k_pid_pos": [1.3125724517510475, 0.036162710494696215, 0.0054298341287004614], "k_pid_alt": [0.10331583402879785, 0.6059251776477277, 0.8014818108594153], "k_pid_att": [23.855282062738848, 8.494103488346438, 0.057231940153260386], "k_pid_yaw": [0.5, 1e-06, 0.1], "k_pid_hsp": [8.009658440031398, 0.9277954301722804, 0.7721083991043806], "k_pid_vsp": [279.24831359145486, 335.19208762417304, 16.06052077867527]}, "datetime": {"datetime": "2025-08-21 08:57:58", "elapsed": 794.5234162807465, "delta": 24.500433683395386}, "costs": {"total_cost": 696.6532662001077, "time_cost": 150, "final_distance_cost": 18.44295006268974, "oscillation_cost": 316.82281950629255, "completition_cost": 111.11111111111116, "overshoot_cost": 61.88874440780459, "power_cost": 22.16959979248047, "noise_cost": 16.21804131972927, "n_waypoints_completed": 8, "tot_waypoints": 9}}
{"target": -1335.781834272808, "params": {"k_pid_pos": [0.40364404322703884, 0.12492367930564308, 0.5045309901929865], "k_pid_alt": [1.490376256657689, 0.6300118445763987, 0.851131099761935], "k_pid_att": [15.521299244109088, 7.346237457242422, 0.1930414908689041], "k_pid_yaw": [0.5, 1e-06, 0.1], "k_pid_hsp": [2.707660437302871, 0.7099046972813039, 0.9802047848986818], "k_pid_vsp": [244.61744239082782, 21.800126942017926, 246.52358835470415]}, "datetime": {"datetime": "2025-08-21 08:58:31", "elapsed": 828.1420402526855, "delta": 33.61862397193909}, "costs": {"total_cost": 1335.781834272808, "time_cost": 150, "final_distance_cost": 56.80157495300401, "oscillation_cost": 355.3275234786601, "completition_cost": 666.6666666666667, "overshoot_cost": 70.69160744345709, "power_cost": 20.059185217285158, "noise_cost": 16.235276513734934, "n_waypoints_completed": 3, "tot_waypoints": 9}}
{"target": -216.07348711195897, "params": {"k_pid_pos": [0.7, 0.01, 0.09], "k_pid_alt": [0.7, 0.0, 0.1], "k_pid_att": [20.0, 1.0, 0.01], "k_pid_yaw": [0.5, 1e-06, 0.1], "k_pid_hsp": [1.0, 0.01, 0.01], "k_pid_vsp": [150.0, 10.0, 1.0]}, "datetime": {"datetime": "2025-08-21 08:58:53", "elapsed": 849.4404888153076, "delta": 21.29844856262207}, "costs": {"total_cost": 216.07348711195897, "time_cost": 80.28, "final_distance_cost": 1.8465399216100875, "oscillation_cost": 55.51741117387719, "completition_cost": 0.0, "overshoot_cost": 51.648043793771805, "power_cost": 13.64053798828125, "noise_cost": 13.140954234418624, "n_waypoints_completed": 9, "tot_waypoints": 9}}
{"target": -1549.86882735634, "params": {"k_pid_pos": [0.6567320654362283, 0.20216910811064037, 0.08840334280027962], "k_pid_alt": [1.1384787879615774, 0.14584570884582077, 0.03086226762341815], "k_pid_att": [14.90675717937319, 0.0001, 0.22596781088848206], "k_pid_yaw": [0.5, 1e-06, 0.1], "k_pid_hsp": [2.4896490604827886, 0.0, 0.2512966503929265], "k_pid_vsp": [183.92423731782014, 23.383403553282804, 225.91187807537165]}, "datetime": {"datetime": "2025-08-21 08:59:22", "elapsed": 878.7634465694427, "delta": 29.322957754135132}, "costs": {"total_cost": 1549.86882735634, "time_cost": 150, "final_distance_cost": 71.93132957257524, "oscillation_cost": 334.96488410528025, "completition_cost": 888.8888888888888, "overshoot_cost": 74.93071023770787, "power_cost": 15.401112243652344, "noise_cost": 13.751902308235609, "n_waypoints_completed": 1, "tot_waypoints": 9}}
{"target": -343.1337707328602, "params": {"k_pid_pos": [1.0573668032801327, 0.0, 0.0], "k_pid_alt": [0.6935282947541401, 0.25053513517621456, 0.09718186926880704], "k_pid_att": [20.40722296653152, 2.571360658211186, 0.01838724423759347], "k_pid_yaw": [0.5, 1e-06, 0.1], "k_pid_hsp": [6.606481000551011, 0.3032028488319747, 0.1847101492735711], "k_pid_vsp": [248.14848999135407, 96.34099742698903, 1e-06]}, "datetime": {"datetime": "2025-08-21 08:59:47", "elapsed": 904.2626047134399, "delta": 25.499158143997192}, "costs": {"total_cost": 343.1337707328602, "time_cost": 75.568, "final_distance_cost": 1.7902968934914674, "oscillation_cost": 191.64312665411705, "completition_cost": 0.0, "overshoot_cost": 50.67289999415776, "power_cost": 12.199278234863282, "noise_cost": 11.260168956230627, "n_waypoints_completed": 9, "tot_waypoints": 9}}
{"target": -211.76654945193536, "params": {"k_pid_pos": [1.2918626601357748, 0.22210925514852478, 0.142498180226586], "k_pid_alt": [0.7800198578842121, 0.03634473471224914, 0.18730248466085264], "k_pid_att": [7.777158767827123, 0.0001, 0.038562596599452825], "k_pid_yaw": [0.5, 1e-06, 0.1], "k_pid_hsp": [1.1590166003418183, 0.0059113726448905, 0.0], "k_pid_vsp": [220.74167433492545, 30.667474391013954, 9.546050635031719]}, "datetime": {"datetime": "2025-08-21 09:00:10", "elapsed": 927.2968456745148, "delta": 23.03424096107483}, "costs": {"total_cost": 211.76654945193536, "time_cost": 89.36, "final_distance_cost": 1.7705398763601992, "oscillation_cost": 45.56132164406734, "completition_cost": 0.0, "overshoot_cost": 51.3123824248665, "power_cost": 11.819431286621095, "noise_cost": 11.942874220020236, "n_waypoints_completed": 9, "tot_waypoints": 9}}
{"target": -252.42891265372538, "params": {"k_pid_pos": [0.7342311447942294, 0.3483247885524542, 0.32368145709171314], "k_pid_alt": [1.2914526245695748, 0.611084775232076, 0.0], "k_pid_att": [31.770823803275597, 2.0987113539840876, 0.012129335818138496], "k_pid_yaw": [0.5, 1e-06, 0.1], "k_pid_hsp": [4.330286033169218, 0.12926608024624353, 0.0], "k_pid_vsp": [159.44278499878428, 1e-06, 2.550500124918866]}, "datetime": {"datetime": "2025-08-21 09:00:37", "elapsed": 953.5014879703522, "delta": 26.204642295837402}, "costs": {"total_cost": 252.42891265372538, "time_cost": 96.19200000000001, "final_distance_cost": 1.7272927219594807, "oscillation_cost": 66.94174789754292, "completition_cost": 0.0, "overshoot_cost": 56.89151663448996, "power_cost": 15.927070117187501, "noise_cost": 14.749285282545484, "n_waypoints_completed": 9, "tot_waypoints": 9}}
{"target": -217.55186712872893, "params": {"k_pid_pos": [0.7138024802207225, 0.0, 0.3646690302970327], "k_pid_alt": [1.0371292263820489, 0.7357508358519228, 0.006315661809655482], "k_pid_att": [25.47854722976644, 0.0001, 0.05749055826026207], "k_pid_yaw": [0.5, 1e-06, 0.1], "k_pid_hsp": [1.3607927435599483, 0.04062919299230375, 0.0], "k_pid_vsp": [180.32957403032086, 19.09245849803486, 1e-06]}, "datetime": {"datetime": "2025-08-21 09:01:01", "elapsed": 977.5315215587616, "delta": 24.030033588409424}, "costs": {"total_cost": 217.55186712872893, "time_cost": 89.44800000000001, "final_distance_cost": 1.81176239906772, "oscillation_cost": 37.07487847444413, "completition_cost": 0.0, "overshoot_cost": 57.12561534536631, "power_cost": 17.513099719238284, "noise_cost": 14.57851119061248, "n_waypoints_completed": 9, "tot_waypoints": 9}}
{"target": -1297.620419864125, "params": {"k_pid_pos": [0.8135228220905117, 0.6916875839230108, 0.17122357089012147], "k_pid_alt": [0.6990115955490201, 0.28812165574911647, 0.3110347943857567], "k_pid_att": [14.44250831643322, 1.0009156019346745, 0.07950314322364552], "k_pid_yaw": [0.5, 1e-06, 0.1], "k_pid_hsp": [0.0001, 0.43947921545469754, 0.0], "k_pid_vsp": [125.92222388463068, 53.250689370308805, 126.62530983013303]}, "datetime": {"datetime": "2025-08-21 09:01:27", "elapsed": 1003.5271487236023, "delta": 25.9956271648407}, "costs": {"total_cost": 1297.620419864125, "time_cost": 150, "final_distance_cost": 60.48974954940415, "oscillation_cost": 82.8099440361278, "completition_cost": 888.8888888888888, "overshoot_cost": 84.60897523475991, "power_cost": 16.748335095214845, "noise_cost": 14.074527059729473, "n_waypoints_completed": 1, "tot_waypoints": 9}}
{"target": -1148.682485339222, "params": {"k_pid_pos": [1.001922914601462, 0.0, 0.13640327696679655], "k_pid_alt": [0.29501191511818764, 0.4079151817502761, 0.4199318274688991], "k_pid_att": [20.164733957465806, 3.005048769095062, 0.19219587092153356], "k_pid_yaw": [0.5, 1e-06, 0.1], "k_pid_hsp": [1.0370004660813552, 0.42065983068553386, 0.28652358089757596], "k_pid_vsp": [89.53794548061995, 1e-06, 48.16433136183139]}, "datetime": {"datetime": "2025-08-21 09:01:57", "elapsed": 1033.4956228733063, "delta": 29.96847414970398}, "costs": {"total_cost": 1148.682485339222, "time_cost": 150, "final_distance_cost": 50.696946089535444, "oscillation_cost": 300.50242035369223, "completition_cost": 555.5555555555555, "overshoot_cost": 50.55779584460446, "power_cost": 23.134874072265625, "noise_cost": 18.23489342356869, "n_waypoints_completed": 4, "tot_waypoints": 9}}
{"target": -845.6672503077048, "params": {"k_pid_pos": [0.7738719189462961, 0.0, 0.09097633369164496], "k_pid_alt": [0.7450676218670627, 0.011885592198105008, 0.0], "k_pid_att": [19.845514303708388, 0.9011561622353012, 0.0], "k_pid_yaw": [0.5, 1e-06, 0.1], "k_pid_hsp": [0.11547961118476646, 0.1259852174601719, 0.15343949576795013], "k_pid_vsp": [219.8266001691301, 12.654371475225702, 1e-06]}, "datetime": {"datetime": "2025-08-21 09:02:24", "elapsed": 1060.5538001060486, "delta": 27.05817723274231}, "costs": {"total_cost": 845.6672503077048, "time_cost": 150, "final_distance_cost": 54.257001568689745, "oscillation_cost": 316.96943953869237, "completition_cost": 222.2222222222222, "overshoot_cost": 63.01530196795066, "power_cost": 22.09681912841797, "noise_cost": 17.106465881731722, "n_waypoints_completed": 7, "tot_waypoints": 9}}
{"target": -337.33675043188686, "params": {"k_pid_pos": [0.7309380479469231, 0.6640023502510549, 0.30454786498806763], "k_pid_alt": [1.0538141312434934, 0.031030827555191924, 0.4856951411518376], "k_pid_att": [44.183753329067976, 0.0001, 0.5706890836711672], "k_pid_yaw": [0.5, 1e-06, 0.1], "k_pid_hsp": [1.8879797079159015, 0.07829050903139026, 0.17089986427727802], "k_pid_vsp": [170.5694950232415, 1e-06, 1e-06]}, "datetime": {"datetime": "2025-08-21 09:02:48", "elapsed": 1085.3050756454468, "delta": 24.751275539398193}, "costs": {"total_cost": 337.33675043188686, "time_cost": 88.936, "final_distance_cost": 1.7689828243868018, "oscillation_cost": 160.6441525240067, "completition_cost": 0.0, "overshoot_cost": 53.90484889728932, "power_cost": 17.460204626464844, "noise_cost": 14.622561559739179, "n_waypoints_completed": 9, "tot_waypoints": 9}}
{"target": -362.2280995305382, "params": {"k_pid_pos": [1.6393699000178554, 0.6458354520099417, 0.13789113696263489], "k_pid_alt": [1.0403550573085878, 0.007575988520017729, 0.4648268856114722], "k_pid_att": [21.187491084414187, 1.6417004134269506, 0.0], "k_pid_yaw": [0.5, 1e-06, 0.1], "k_pid_hsp": [7.638943082706597, 0.0, 0.07461800635718863], "k_pid_vsp": [106.22338427454706, 9.208545066490288, 1e-06]}, "datetime": {"datetime": "2025-08-21 09:03:10", "elapsed": 1107.3588862419128, "delta": 22.053810596466064}, "costs": {"total_cost": 362.2280995305382, "time_cost": 86.736, "final_distance_cost": 1.7587400244468394, "oscillation_cost": 191.17831553646974, "completition_cost": 0.0, "overshoot_cost": 55.23223598517041, "power_cost": 14.185175732421875, "noise_cost": 13.13763225202934, "n_waypoints_completed": 9, "tot_waypoints": 9}}
{"target": -200.82028044395545, "params": {"k_pid_pos": [0.7201274068541907, 0.8063837444073506, 0.6299587338267064], "k_pid_alt": [0.7057687661344094, 0.0, 0.07940558212741336], "k_pid_att": [36.517507779729584, 0.4774464997906951, 0.11117412899836931], "k_pid_yaw": [0.5, 1e-06, 0.1], "k_pid_hsp": [1.5240116193538953, 0.037384658157855286, 0.0], "k_pid_vsp": [332.88740943575596, 92.8754754489442, 1e-06]}, "datetime": {"datetime": "2025-08-21 09:03:38", "elapsed": 1134.4343345165253, "delta": 27.075448274612427}, "costs": {"total_cost": 200.82028044395545, "time_cost": 86.88, "final_distance_cost": 1.8011956428806268, "oscillation_cost": 39.30910958674957, "completition_cost": 0.0, "overshoot_cost": 50.707519876719225, "power_cost": 10.74034188232422, "noise_cost": 11.38211345528179, "n_waypoints_completed": 9, "tot_waypoints": 9}}
{"target": -239.2322553474596, "params": {"k_pid_pos": [1.7521323476803239, 0.10402464099610942, 0.37007847082735423], "k_pid_alt": [0.7211807328148256, 0.4782642031344417, 0.14709237636054096], "k_pid_att": [22.94677611804989, 0.9775852338687597, 0.0], "k_pid_yaw": [0.5, 1e-06, 0.1], "k_pid_hsp": [0.8559649811574859, 0.14864504417882562, 0.0], "k_pid_vsp": [197.93866689478, 129.65659793729017, 14.759094547891195]}, "datetime": {"datetime": "2025-08-21 09:04:03", "elapsed": 1159.9918637275696, "delta": 25.55752921104431}, "costs": {"total_cost": 239.2322553474596, "time_cost": 90.656, "final_distance_cost": 1.797698709156033, "oscillation_cost": 48.3260721714935, "completition_cost": 0.0, "overshoot_cost": 55.44421463815112, "power_cost": 25.406178283691407, "noise_cost": 17.602091544967514, "n_waypoints_completed": 9, "tot_waypoints": 9}}
{"target": -1410.337262360255, "params": {"k_pid_pos": [0.5991905538142508, 0.0, 0.0], "k_pid_alt": [0.5674973929047336, 0.06965859372003907, 0.023741410607755697], "k_pid_att": [12.53613243241844, 0.30093758410603666, 0.02942843014785397], "k_pid_yaw": [0.5, 1e-06, 0.1], "k_pid_hsp": [0.2744994637724093, 0.0, 0.0], "k_pid_vsp": [126.13280264198337, 42.931042328906216, 140.74306610252162]}, "datetime": {"datetime": "2025-08-21 09:04:29", "elapsed": 1186.2497117519379, "delta": 26.257848024368286}, "costs": {"total_cost": 1410.337262360255, "time_cost": 150, "final_distance_cost": 0.9994125838122493, "oscillation_cost": 7.038893528543578, "completition_cost": 1000.0, "overshoot_cost": 131.9487688676164, "power_cost": 34.757250915527344, "noise_cost": 85.59293646475565, "n_waypoints_completed": 0, "tot_waypoints": 9}}
{"target": -456.98702555188464, "params": {"k_pid_pos": [0.9989645949173229, 0.24349504386760779, 0.17818683833718002], "k_pid_alt": [1.3863572233107313, 0.0, 0.4136027219785505], "k_pid_att": [22.980701481058095, 1.1507984046281763, 0.7914084191149521], "k_pid_yaw": [0.5, 1e-06, 0.1], "k_pid_hsp": [0.6123761878460341, 0.0, 0.2889331222547563], "k_pid_vsp": [230.24132573199557, 278.5223315611445, 25.64443689222638]}, "datetime": {"datetime": "2025-08-21 09:04:56", "elapsed": 1212.7114140987396, "delta": 26.461702346801758}, "costs": {"total_cost": 456.98702555188464, "time_cost": 97.456, "final_distance_cost": 1.7448236624807691, "oscillation_cost": 259.0644860107062, "completition_cost": 0.0, "overshoot_cost": 56.81538996122198, "power_cost": 24.107162145996096, "noise_cost": 17.79916377147959, "n_waypoints_completed": 9, "tot_waypoints": 9}}
{"target": -1208.7328801235494, "params": {"k_pid_pos": [0.20623782522961243, 0.023258630669038664, 0.45904611758846575], "k_pid_alt": [1.0085674757846197, 0.018071669285127018, 0.13447152363218065], "k_pid_att": [14.112498228337834, 1.6485111093151765, 0.11926962457144474], "k_pid_yaw": [0.5, 1e-06, 0.1], "k_pid_hsp": [7.264614685500744, 0.5025965398201637, 0.3573959454528559], "k_pid_vsp": [104.45073813869212, 9.64568393321605, 1e-06]}, "datetime": {"datetime": "2025-08-21 09:05:21", "elapsed": 1237.959111213684, "delta": 25.247697114944458}, "costs": {"total_cost": 1208.7328801235494, "time_cost": 150, "final_distance_cost": 45.35664567343012, "oscillation_cost": 365.4511736920193, "completition_cost": 555.5555555555555, "overshoot_cost": 51.67729371438958, "power_cost": 23.150273449707033, "noise_cost": 17.54193803844772, "n_waypoints_completed": 4, "tot_waypoints": 9}}
{"target": -1179.1562450589263, "params": {"k_pid_pos": [1.3061155026073337, 0.0, 0.0504882328877376], "k_pid_alt": [0.5872494112587019, 0.2975639377546649, 0.2564071642928466], "k_pid_att": [45.29055583481984, 2.9780064658826246, 0.2860948084693081], "k_pid_yaw": [0.5, 1e-06, 0.1], "k_pid_hsp": [0.0001, 0.0, 0.0], "k_pid_vsp": [157.05362483023436, 33.539713295294476, 20.237047167194973]}, "datetime": {"datetime": "2025-08-21 09:05:50", "elapsed": 1266.9140634536743, "delta": 28.954952239990234}, "costs": {"total_cost": 1179.1562450589263, "time_cost": 150, "final_distance_cost": 46.36093215598359, "oscillation_cost": 2.459553603075673, "completition_cost": 888.8888888888888, "overshoot_cost": 83.91343893924339, "power_cost": 2.7700155273437503, "noise_cost": 4.763415944390937, "n_waypoints_completed": 1, "tot_waypoints": 9}}
{"target": -698.0441855993365, "params": {"k_pid_pos": [0.7695472341844156, 0.2539699533040639, 0.09610089070031325], "k_pid_alt": [0.5853929190126725, 0.42748196598806854, 0.07770267036840141], "k_pid_att": [5.79127569344125, 0.763529906595144, 0.04974136318696497], "k_pid_yaw": [0.5, 1e-06, 0.1], "k_pid_hsp": [7.327096767787548, 0.0, 0.1440412574476137], "k_pid_vsp": [68.10112802292498, 27.60554758805549, 1e-06]}, "datetime": {"datetime": "2025-08-21 09:06:16", "elapsed": 1292.8494293689728, "delta": 25.935365915298462}, "costs": {"total_cost": 698.0441855993365, "time_cost": 150, "final_distance_cost": 64.96470501056416, "oscillation_cost": 176.41616735829808, "completition_cost": 222.2222222222222, "overshoot_cost": 48.4570286326755, "power_cost": 20.083168017578124, "noise_cost": 15.900894357998533, "n_waypoints_completed": 7, "tot_waypoints": 9}}
{"target": -305.980874845009, "params": {"k_pid_pos": [0.4581042449000218, 0.0, 0.07091227366022465], "k_pid_alt": [0.6569460901945956, 0.2098989061913764, 0.10295775377580585], "k_pid_att": [21.1853027488094, 2.176473958421219, 0.0], "k_pid_yaw": [0.5, 1e-06, 0.1], "k_pid_hsp": [4.649977661925593, 0.03457560792001045, 0.007060330099915385], "k_pid_vsp": [164.87687910292672, 94.33556756419486, 75.06058611857688]}, "datetime": {"datetime": "2025-08-21 09:06:44", "elapsed": 1320.6071984767914, "delta": 27.757769107818604}, "costs": {"total_cost": 305.980874845009, "time_cost": 89.4, "final_distance_cost": 1.824387977297496, "oscillation_cost": 140.49736613368805, "completition_cost": 0.0, "overshoot_cost": 54.68875179916075, "power_cost": 10.354441662597656, "noise_cost": 9.215927272265054, "n_waypoints_completed": 9, "tot_waypoints": 9}}
