{"target": -222.12937204508378, "params": {"k_pid_pos": [0.7, 0.01, 0.09], "k_pid_alt": [0.7, 0.0, 0.1], "k_pid_att": [20.0, 1.0, 0.01], "k_pid_yaw": [0.5, 1e-06, 0.1], "k_pid_hsp": [1.0, 0.01, 0.01], "k_pid_vsp": [150.0, 10.0, 1.0]}, "datetime": {"datetime": "2025-08-21 08:45:03", "elapsed": 19.650843143463135, "delta": 19.650843143463135}, "costs": {"total_cost": 222.12937204508378, "time_cost": 80.744, "final_distance_cost": 1.8518727140952256, "oscillation_cost": 57.61904665021103, "completition_cost": 0.0, "overshoot_cost": 51.385868192109776, "power_cost": 16.182802673339843, "noise_cost": 14.345781815327951, "n_waypoints_completed": 9, "tot_waypoints": 9}}
{"target": -3365.2902014509764, "params": {"k_pid_pos": [0.45455471969737526, 0.5545847870158348, 0.06381725610417532], "k_pid_alt": [1.6552623439851641, 0.6316643991220648, 0.7580877400853738], "k_pid_att": [35.45259681298683, 9.706983174146593, 0.8931211213221977], "k_pid_yaw": [0.5, 1e-06, 0.1], "k_pid_hsp": [7.7838571323879115, 0.19463870785196757, 0.4667210037270342], "k_pid_vsp": [17.52150631489151, 61.715797672729636, 273.2195816139329]}, "datetime": {"datetime": "2025-08-21 08:45:33", "elapsed": 50.329485177993774, "delta": 30.67864203453064}, "costs": {"total_cost": 3365.2902014509764, "time_cost": 150, "final_distance_cost": 905.7040244083641, "oscillation_cost": 253.93424096090044, "completition_cost": 888.8888888888888, "overshoot_cost": 1131.0579236467836, "power_cost": 19.637373266601564, "noise_cost": 16.06775027943802, "n_waypoints_completed": 1, "tot_waypoints": 9}}
{"target": -1068.122255529289, "params": {"k_pid_pos": [1.4895498356000434, 0.96750973243421, 0.32582535813815194], "k_pid_alt": [0.7409194120697378, 0.4695558112758079, 0.1894713590842857], "k_pid_att": [12.992150533547164, 4.757101691766715, 0.2269093490508841], "k_pid_yaw": [0.5, 1e-06, 0.1], "k_pid_hsp": [6.698172965425635, 0.43715191887233074, 0.8326781960578374], "k_pid_vsp": [280.1060408008996, 124.94665724044978, 332.9039207258206]}, "datetime": {"datetime": "2025-08-21 08:46:03", "elapsed": 79.65995049476624, "delta": 29.33046531677246}, "costs": {"total_cost": 1068.122255529289, "time_cost": 150, "final_distance_cost": 48.991595464336974, "oscillation_cost": 211.9875046136105, "completition_cost": 555.5555555555555, "overshoot_cost": 61.64621928715878, "power_cost": 21.814352880859374, "noise_cost": 18.127027727767967, "n_waypoints_completed": 4, "tot_waypoints": 9}}
{"target": -2953.553396307746, "params": {"k_pid_pos": [1.6095482385578541, 0.38747837903017446, 0.2883281039302441], "k_pid_alt": [1.364991007949951, 0.1397524836093098, 0.19990820247510832], "k_pid_att": [0.7362269751005512, 7.869265082583634, 0.6648508565920321], "k_pid_yaw": [0.5, 1e-06, 0.1], "k_pid_hsp": [7.051683269725489, 0.7807290310219679, 0.45891577553833995], "k_pid_vsp": [227.4964783811575, 55.91880011126598, 45.8120302998593]}, "datetime": {"datetime": "2025-08-21 08:46:33", "elapsed": 109.90193128585815, "delta": 30.24198079109192}, "costs": {"total_cost": 2953.553396307746, "time_cost": 150, "final_distance_cost": 221.97042485585828, "oscillation_cost": 1121.3136995449386, "completition_cost": 1000.0, "overshoot_cost": 328.73706532914804, "power_cost": 34.28238489990235, "noise_cost": 97.24982167789857, "n_waypoints_completed": 0, "tot_waypoints": 9}}
{"target": -448.522071673609, "params": {"k_pid_pos": [1.3368390832847643, 0.4710962061431325, 0.5652361064811888], "k_pid_alt": [1.5299977148320512, 0.6347183200005908, 0.5535794006579958], "k_pid_att": [55.92071607454135, 3.0395705856163158, 0.030817834567939406], "k_pid_yaw": [0.5, 1e-06, 0.1], "k_pid_hsp": [4.3672302205847, 0.2145846728195292, 0.40852864372463615], "k_pid_vsp": [341.36122930726646, 93.57579511219681, 23.321097617323666]}, "datetime": {"datetime": "2025-08-21 08:47:01", "elapsed": 137.8237283229828, "delta": 27.921797037124634}, "costs": {"total_cost": 448.522071673609, "time_cost": 95.888, "final_distance_cost": 1.7679586313685682, "oscillation_cost": 263.7353842923759, "completition_cost": 0.0, "overshoot_cost": 54.2643613246594, "power_cost": 18.07306036376953, "noise_cost": 14.793307061435632, "n_waypoints_completed": 9, "tot_waypoints": 9}}
{"target": -1567.7629892507418, "params": {"k_pid_pos": [0.5628396456547908, 0.2935937577666836, 0.6619165147268951], "k_pid_alt": [1.1140643046825567, 0.7838982091064135, 0.6643135403273875], "k_pid_att": [40.63868614400705, 8.14022244462188, 0.1669729199077039], "k_pid_yaw": [0.5, 1e-06, 0.1], "k_pid_hsp": [0.22721846013129138, 0.09004786077564175, 0.7223593505964503], "k_pid_vsp": [184.75089210055495, 64.50871245216894, 200.41791054030062]}, "datetime": {"datetime": "2025-08-21 08:47:30", "elapsed": 166.50416946411133, "delta": 28.68044114112854}, "costs": {"total_cost": 1567.7629892507418, "time_cost": 150, "final_distance_cost": 84.35011877437996, "oscillation_cost": 462.63995544823, "completition_cost": 777.7777777777778, "overshoot_cost": 62.68437637459397, "power_cost": 16.41331746826172, "noise_cost": 13.897443407498256, "n_waypoints_completed": 2, "tot_waypoints": 9}}
{"target": -1098.0592758716155, "params": {"k_pid_pos": [0.3047089742160655, 0.696320375077736, 0.4461562755740307], "k_pid_alt": [0.762042452192965, 0.3015120891478765, 0.6302825931188885], "k_pid_att": [36.18126105533904, 0.8765904281690784, 0.11800590212051532], "k_pid_yaw": [0.5, 1e-06, 0.1], "k_pid_hsp": [9.61898045572869, 0.908580690707607, 0.6997071338107496], "k_pid_vsp": [106.34798458380783, 387.67055096991317, 311.50036180756695]}, "datetime": {"datetime": "2025-08-21 08:48:00", "elapsed": 196.9388267993927, "delta": 30.434657335281372}, "costs": {"total_cost": 1098.0592758716155, "time_cost": 150, "final_distance_cost": 42.30672134414961, "oscillation_cost": 256.74634330879655, "completition_cost": 555.5555555555555, "overshoot_cost": 63.53100063705329, "power_cost": 15.617506396484377, "noise_cost": 14.302148629576086, "n_waypoints_completed": 4, "tot_waypoints": 9}}
{"target": -1152.383090397044, "params": {"k_pid_pos": [1.4338086892990753, 0.44936150214378867, 0.272241561845159], "k_pid_alt": [0.1927819243069986, 0.9026023965438417, 0.45577628983361107], "k_pid_att": [20.236336479523032, 3.0596356458441103, 0.579219568941896], "k_pid_yaw": [0.5, 1e-06, 0.1], "k_pid_hsp": [1.7678101521140233, 0.8566142840923755, 0.7585195298352101], "k_pid_vsp": [287.7851823803747, 172.83721647794843, 250.92353665366844]}, "datetime": {"datetime": "2025-08-21 08:48:25", "elapsed": 222.0861098766327, "delta": 25.14728307723999}, "costs": {"total_cost": 1152.383090397044, "time_cost": 150, "final_distance_cost": 92.88736389661742, "oscillation_cost": 152.77454835905291, "completition_cost": 666.6666666666667, "overshoot_cost": 53.44571544035946, "power_cost": 21.176439086914062, "noise_cost": 15.43235694743344, "n_waypoints_completed": 3, "tot_waypoints": 9}}
{"target": -827.2562025657602, "params": {"k_pid_pos": [1.16823752802858, 0.64984660155482, 0.08444432113988909], "k_pid_alt": [0.8316148043412193, 0.04161417386189248, 0.49399081924451893], "k_pid_att": [32.98612123327853, 1.4453274362415824, 0.10340296772255164], "k_pid_yaw": [0.5, 1e-06, 0.1], "k_pid_hsp": [5.876486957319902, 0.1705929685368861, 0.9251201183767972], "k_pid_vsp": [232.42445588015798, 138.74792246706502, 236.36619700165122]}, "datetime": {"datetime": "2025-08-21 08:48:56", "elapsed": 252.4458887577057, "delta": 30.359778881072998}, "costs": {"total_cost": 827.2562025657602, "time_cost": 150, "final_distance_cost": 60.73108212192456, "oscillation_cost": 187.64008609535958, "completition_cost": 333.33333333333337, "overshoot_cost": 54.613363498250195, "power_cost": 23.79104821777344, "noise_cost": 17.147289299119016, "n_waypoints_completed": 6, "tot_waypoints": 9}}
{"target": -1097.9835341731416, "params": {"k_pid_pos": [0.04570546167229203, 0.9585592132414453, 0.48230343694290023], "k_pid_alt": [1.5654704545005724, 0.08272999992243857, 0.48665833083816035], "k_pid_att": [49.07069943545209, 9.37827076710433, 0.5717280523760754], "k_pid_yaw": [0.5, 1e-06, 0.1], "k_pid_hsp": [4.734946661629432, 0.2669756630918936, 0.3315689973425522], "k_pid_vsp": [208.2689609886151, 175.5645846831072, 8.64483293052009]}, "datetime": {"datetime": "2025-08-21 08:49:22", "elapsed": 278.55147886276245, "delta": 26.105590105056763}, "costs": {"total_cost": 1097.9835341731416, "time_cost": 150, "final_distance_cost": 51.853226276724754, "oscillation_cost": 144.82589295907957, "completition_cost": 666.6666666666667, "overshoot_cost": 42.897119129491166, "power_cost": 23.79684627685547, "noise_cost": 17.943782864323932, "n_waypoints_completed": 3, "tot_waypoints": 9}}
{"target": -1466.058752597662, "params": {"k_pid_pos": [1.6526012191962962, 0.8961607718397667, 0.14024908899861077], "k_pid_alt": [1.1080722870780988, 0.10857574113544355, 0.6722400930398117], "k_pid_att": [28.123378383900832, 6.594260404655548, 0.7269946142868826], "k_pid_yaw": [0.5, 1e-06, 0.1], "k_pid_hsp": [7.686498054427378, 0.10774094595589656, 0.9160118451376079], "k_pid_vsp": [92.08559635795233, 14.965023433059354, 221.94098820174088]}, "datetime": {"datetime": "2025-08-21 08:49:50", "elapsed": 306.43856406211853, "delta": 27.88708519935608}, "costs": {"total_cost": 1466.058752597662, "time_cost": 150, "final_distance_cost": 75.89364687385527, "oscillation_cost": 170.09791470206923, "completition_cost": 888.8888888888888, "overshoot_cost": 113.15977650535763, "power_cost": 22.292999316406252, "noise_cost": 45.72552631108507, "n_waypoints_completed": 1, "tot_waypoints": 9}}
{"target": -1425.0404002291048, "params": {"k_pid_pos": [0.7419074754964913, 0.8297897431324132, 0.8082514720643018], "k_pid_alt": [0.6342777856454307, 0.952899395069745, 0.2909178381401186], "k_pid_att": [51.50571292317145, 2.559725309166971, 0.9360435700489633], "k_pid_yaw": [0.5, 1e-06, 0.1], "k_pid_hsp": [1.6461617150384233, 0.04491061939232899, 0.43509706000303794], "k_pid_vsp": [396.9502256223348, 356.6709066102883, 299.4432080341717]}, "datetime": {"datetime": "2025-08-21 08:50:15", "elapsed": 331.8334093093872, "delta": 25.394845247268677}, "costs": {"total_cost": 1425.0404002291048, "time_cost": 150, "final_distance_cost": 45.71570410723097, "oscillation_cost": 154.26085602515087, "completition_cost": 1000.0, "overshoot_cost": 36.26341601061365, "power_cost": 22.528851818847656, "noise_cost": 16.271572267261675, "n_waypoints_completed": 0, "tot_waypoints": 9}}
{"target": -534.0031680690205, "params": {"k_pid_pos": [1.781595902507962, 0.8934466396978632, 0.5188583603864491], "k_pid_alt": [0.631858103661586, 0.772012432110988, 0.6616612631677611], "k_pid_att": [37.36577288737101, 0.9447572339483465, 0.746789611349026], "k_pid_yaw": [0.5, 1e-06, 0.1], "k_pid_hsp": [2.6246789131770547, 0.9368131505337792, 0.24097057500568475], "k_pid_vsp": [49.10317296459441, 332.4450690188498, 61.3137274965133]}, "datetime": {"datetime": "2025-08-21 08:50:43", "elapsed": 359.96815276145935, "delta": 28.134743452072144}, "costs": {"total_cost": 534.0031680690205, "time_cost": 150, "final_distance_cost": 34.808952000804666, "oscillation_cost": 143.71758604760493, "completition_cost": 111.11111111111116, "overshoot_cost": 56.689438643261504, "power_cost": 21.890066662597658, "noise_cost": 15.786013603640695, "n_waypoints_completed": 8, "tot_waypoints": 9}}
{"target": -1615.6141688835862, "params": {"k_pid_pos": [0.3586186894846624, 0.5993827915208435, 0.8745620408374645], "k_pid_alt": [0.3928693314291465, 0.31032367290009477, 0.7774048382411776], "k_pid_att": [97.18264260609673, 5.007461787904803, 0.14389750255125078], "k_pid_yaw": [0.5, 1e-06, 0.1], "k_pid_hsp": [0.1394614834532446, 0.22965602999885526, 0.13182221778652103], "k_pid_vsp": [271.06346944514297, 48.733002729579944, 202.53197314192326]}, "datetime": {"datetime": "2025-08-21 08:51:10", "elapsed": 386.8695385456085, "delta": 26.90138578414917}, "costs": {"total_cost": 1615.6141688835862, "time_cost": 150, "final_distance_cost": 77.99541045853715, "oscillation_cost": 404.60591283578776, "completition_cost": 888.8888888888888, "overshoot_cost": 60.95638384961905, "power_cost": 18.145951904296876, "noise_cost": 15.021620946456459, "n_waypoints_completed": 1, "tot_waypoints": 9}}
{"target": -311.155151502769, "params": {"k_pid_pos": [1.3885554450422086, 0.5811166092209024, 0.19977565166005762], "k_pid_alt": [1.6082490523645254, 0.7154071296158017, 0.7389840039155418], "k_pid_att": [13.105775155731326, 1.2376256611230811, 0.9275625510065076], "k_pid_yaw": [0.5, 1e-06, 0.1], "k_pid_hsp": [3.9758421804300244, 0.30094869178093975, 0.4885840453515333], "k_pid_vsp": [265.14568510543296, 382.2493028631647, 114.57849146637578]}, "datetime": {"datetime": "2025-08-21 08:51:34", "elapsed": 411.3831446170807, "delta": 24.513606071472168}, "costs": {"total_cost": 311.155151502769, "time_cost": 92.92, "final_distance_cost": 1.7786827281079236, "oscillation_cost": 128.73940042845624, "completition_cost": 0.0, "overshoot_cost": 55.030579863923506, "power_cost": 18.5912189453125, "noise_cost": 14.095269536968821, "n_waypoints_completed": 9, "tot_waypoints": 9}}
{"target": -932.722606213648, "params": {"k_pid_pos": [1.849624377781123, 0.024859491386256316, 0.5551980423268247], "k_pid_alt": [1.2679502233621702, 0.1058974037507533, 0.14033959706391264], "k_pid_att": [41.91143193163038, 9.662322498240602, 0.5960425532343728], "k_pid_yaw": [0.5, 1e-06, 0.1], "k_pid_hsp": [9.330238913679953, 0.8043609156129707, 0.4673816015552915], "k_pid_vsp": [313.90537970087496, 7.134714572958311, 43.657599597149975]}, "datetime": {"datetime": "2025-08-21 08:52:04", "elapsed": 440.67849826812744, "delta": 29.295353651046753}, "costs": {"total_cost": 932.722606213648, "time_cost": 150, "final_distance_cost": 54.64160851561239, "oscillation_cost": 263.6899284328235, "completition_cost": 333.33333333333337, "overshoot_cost": 59.680826690729795, "power_cost": 31.36343192138672, "noise_cost": 40.01347731976229, "n_waypoints_completed": 6, "tot_waypoints": 9}}
{"target": -807.934788945841, "params": {"k_pid_pos": [1.6588742869039843, 0.7968170883251617, 0.2326407419664337], "k_pid_alt": [1.061539181198107, 0.6060158207000109, 0.8677389537760112], "k_pid_att": [60.31071573387257, 4.125774435579876, 0.3741840434071827], "k_pid_yaw": [0.5, 1e-06, 0.1], "k_pid_hsp": [4.258878275526461, 0.6519310255799742, 0.8674906317523249], "k_pid_vsp": [181.5587528305199, 99.13582593270368, 94.6649459623701]}, "datetime": {"datetime": "2025-08-21 08:52:29", "elapsed": 466.2679352760315, "delta": 25.589437007904053}, "costs": {"total_cost": 807.934788945841, "time_cost": 150, "final_distance_cost": 70.02515749878516, "oscillation_cost": 158.95079040338314, "completition_cost": 333.33333333333337, "overshoot_cost": 55.23471238725513, "power_cost": 22.68184576416016, "noise_cost": 17.708949558924015, "n_waypoints_completed": 6, "tot_waypoints": 9}}
{"target": -1000.7346154505872, "params": {"k_pid_pos": [1.4920539590588684, 0.8165687634239104, 0.10527807985412496], "k_pid_alt": [0.13311771391035632, 0.5944336637564518, 0.14617324419269828], "k_pid_att": [82.46641904563413, 3.1034157057733522, 0.14387193297114265], "k_pid_yaw": [0.5, 1e-06, 0.1], "k_pid_hsp": [9.209712627827253, 0.16553172273527816, 0.28472008233793555], "k_pid_vsp": [61.44535807682345, 46.19602635065192, 8.459207513427996]}, "datetime": {"datetime": "2025-08-21 08:53:02", "elapsed": 498.4752776622772, "delta": 32.20734238624573}, "costs": {"total_cost": 1000.7346154505872, "time_cost": 150, "final_distance_cost": 49.71528383545313, "oscillation_cost": 149.7602039449432, "completition_cost": 555.5555555555555, "overshoot_cost": 57.132403803184154, "power_cost": 20.034172436523438, "noise_cost": 18.53699587492774, "n_waypoints_completed": 4, "tot_waypoints": 9}}
{"target": -1530.3821593673556, "params": {"k_pid_pos": [0.1108852787876038, 0.1746414709358527, 0.05338193262717539], "k_pid_alt": [1.1822876322219424, 0.6807145267995064, 0.39363045683202824], "k_pid_att": [31.79910969520494, 5.045311917598599, 0.8750049422346086], "k_pid_yaw": [0.5, 1e-06, 0.1], "k_pid_hsp": [8.511331155059377, 0.04347506201279194, 0.18149840959652408], "k_pid_vsp": [94.6979484417584, 99.75503108349716, 228.49306112587644]}, "datetime": {"datetime": "2025-08-21 08:53:28", "elapsed": 524.6598057746887, "delta": 26.1845281124115}, "costs": {"total_cost": 1530.3821593673556, "time_cost": 150, "final_distance_cost": 53.05667257103466, "oscillation_cost": 257.0651015735701, "completition_cost": 888.8888888888888, "overshoot_cost": 136.26807382416865, "power_cost": 18.081794543457033, "noise_cost": 27.021627966236416, "n_waypoints_completed": 1, "tot_waypoints": 9}}
{"target": -921.1678153948253, "params": {"k_pid_pos": [0.8325832251638142, 0.04925411992759399, 0.3736141384595716], "k_pid_alt": [1.0475058974352744, 0.10167190290371597, 0.8334585537885597], "k_pid_att": [5.196186646510426, 9.248426205993718, 0.0991131415798755], "k_pid_yaw": [0.5, 1e-06, 0.1], "k_pid_hsp": [8.435765158482369, 0.9026531439276171, 0.9795706805865927], "k_pid_vsp": [320.8103521094374, 311.79101652905405, 256.99331075573576]}, "datetime": {"datetime": "2025-08-21 08:53:56", "elapsed": 552.4785425662994, "delta": 27.818736791610718}, "costs": {"total_cost": 921.1678153948253, "time_cost": 150, "final_distance_cost": 69.42234434763463, "oscillation_cost": 284.7584020341603, "completition_cost": 333.33333333333337, "overshoot_cost": 49.13819325265024, "power_cost": 19.975545129394533, "noise_cost": 14.539997297652258, "n_waypoints_completed": 6, "tot_waypoints": 9}}
{"target": -1072.8947075068197, "params": {"k_pid_pos": [1.5580148095208002, 0.13455220841314708, 0.5360680359476373], "k_pid_alt": [1.028445740380829, 0.8575721441225576, 0.46279936559351587], "k_pid_att": [38.508949610035344, 6.395668756043977, 0.26646331750084606], "k_pid_yaw": [0.5, 1e-06, 0.1], "k_pid_hsp": [1.3977701326984733, 0.4778772740237458, 0.416889368594885], "k_pid_vsp": [93.02797621154949, 147.0047246785394, 146.5569805641065]}, "datetime": {"datetime": "2025-08-21 08:54:21", "elapsed": 577.7125329971313, "delta": 25.23399043083191}, "costs": {"total_cost": 1072.8947075068197, "time_cost": 150, "final_distance_cost": 41.504114537333294, "oscillation_cost": 240.76018018742633, "completition_cost": 555.5555555555555, "overshoot_cost": 50.05842799055578, "power_cost": 19.44603083496094, "noise_cost": 15.570398400987667, "n_waypoints_completed": 4, "tot_waypoints": 9}}
{"target": -1288.294342566543, "params": {"k_pid_pos": [0.6550583792686496, 0.37946407972692897, 0.6857433454559454], "k_pid_alt": [0.5937529491425706, 0.9488579267153404, 0.9163480195381779], "k_pid_att": [48.09104283000786, 3.283679213926388, 0.5354347898300031], "k_pid_yaw": [0.5, 1e-06, 0.1], "k_pid_hsp": [8.485620031687368, 0.652587340560102, 0.8043918279470774], "k_pid_vsp": [213.08891042629608, 253.16705207413065, 115.26224638482907]}, "datetime": {"datetime": "2025-08-21 08:54:50", "elapsed": 606.9308173656464, "delta": 29.218284368515015}, "costs": {"total_cost": 1288.294342566543, "time_cost": 150, "final_distance_cost": 52.583087721309695, "oscillation_cost": 323.90782988967715, "completition_cost": 666.6666666666667, "overshoot_cost": 46.2889810721094, "power_cost": 25.11930231933594, "noise_cost": 23.72847489744408, "n_waypoints_completed": 3, "tot_waypoints": 9}}
{"target": -966.4563406243503, "params": {"k_pid_pos": [1.4698128353043505, 0.20240459312571835, 0.6947981288184982], "k_pid_alt": [1.7214381366517881, 0.13210283730154393, 0.6143797405419198], "k_pid_att": [9.50957482299346, 7.257183711151441, 0.08449321882352023], "k_pid_yaw": [0.5, 1e-06, 0.1], "k_pid_hsp": [9.35940463302399, 0.13740793003780216, 0.9588802459090804], "k_pid_vsp": [320.3536704340387, 237.47280219285963, 313.04964206919465]}, "datetime": {"datetime": "2025-08-21 08:55:15", "elapsed": 631.632120847702, "delta": 24.701303482055664}, "costs": {"total_cost": 966.4563406243503, "time_cost": 150, "final_distance_cost": 54.94620268580149, "oscillation_cost": 331.4369641225154, "completition_cost": 333.33333333333337, "overshoot_cost": 54.59373817531874, "power_cost": 24.65903415527344, "noise_cost": 17.48706815210795, "n_waypoints_completed": 6, "tot_waypoints": 9}}
{"target": -690.730565305476, "params": {"k_pid_pos": [1.5902501664822735, 0.9460270628173303, 0.2533833538391872], "k_pid_alt": [1.1801517907166184, 0.09504919756440122, 0.6161657000241213], "k_pid_att": [17.12913040927888, 5.649549619663271, 0.5724305140338497], "k_pid_yaw": [0.5, 1e-06, 0.1], "k_pid_hsp": [4.659904931296975, 0.5226317755131228, 0.7639233900065879], "k_pid_vsp": [319.69788660482664, 196.86128673801844, 239.83737700945147]}, "datetime": {"datetime": "2025-08-21 08:55:43", "elapsed": 659.8167221546173, "delta": 28.184601306915283}, "costs": {"total_cost": 690.730565305476, "time_cost": 150, "final_distance_cost": 74.1068783232932, "oscillation_cost": 142.3185798260158, "completition_cost": 222.2222222222222, "overshoot_cost": 62.79976567300837, "power_cost": 23.089757946777343, "noise_cost": 16.193361314159187, "n_waypoints_completed": 7, "tot_waypoints": 9}}
