{"target": -178.32944562157647, "params": {"k_pid_pos": [1.1491523670000598, 0.0, 0.1747261121783078], "k_pid_alt": [1.1260439388661616, 0.0, 0.016202561040629733], "k_pid_att": [15.451517784070052, 0.0001, 0.6315720401310086], "k_pid_yaw": [0.5, 1e-06, 0.1], "k_pid_hsp": [0.13262590394232435, 0.002819669519656136, 0.0], "k_pid_vsp": [399.4936259898568, 55.10594267506172, 10.325390590697017]}, "datetime": {"datetime": "2025-08-21 20:53:47", "elapsed": 43744.01020979881, "delta": 17.19107723236084}, "costs": {"total_cost": 178.32944562157647, "time_cost": 70.464, "final_distance_cost": 1.794542820441196, "oscillation_cost": 28.002352830243307, "completition_cost": 0.0, "overshoot_cost": 51.140509241952735, "power_cost": 14.881498767089845, "noise_cost": 12.046541961849396, "n_waypoints_completed": 9, "tot_waypoints": 9}}
{"target": -192.84757029984723, "params": {"k_pid_pos": [1.3350361612958808, 0.0, 0.13441293678761662], "k_pid_alt": [1.1881466088029171, 0.0, 0.01536803982111682], "k_pid_att": [7.11742606347903, 0.0001, 0.6317775689045128], "k_pid_yaw": [0.5, 1e-06, 0.1], "k_pid_hsp": [0.158134916177724, 0.00447036093573626, 0.0], "k_pid_vsp": [400.0, 24.285086539453808, 17.64341130862071]}, "datetime": {"datetime": "2025-08-21 20:54:03", "elapsed": 43760.19740438461, "delta": 16.18719458580017}, "costs": {"total_cost": 192.84757029984723, "time_cost": 71.784, "final_distance_cost": 1.8131654073548233, "oscillation_cost": 29.599419262435386, "completition_cost": 0.0, "overshoot_cost": 52.891635226692735, "power_cost": 21.035608630371094, "noise_cost": 15.723741772993204, "n_waypoints_completed": 9, "tot_waypoints": 9}}
{"target": -183.4269963230915, "params": {"k_pid_pos": [1.1596659751042415, 0.0, 0.1376825632991445], "k_pid_alt": [1.1695610864816526, 0.0, 0.011573992794430143], "k_pid_att": [13.648231906975532, 0.0001, 0.7963297920665445], "k_pid_yaw": [0.5, 1e-06, 0.1], "k_pid_hsp": [0.10459837754421715, 0.004076587274778739, 0.0], "k_pid_vsp": [400.0, 56.475971382560076, 17.694807356595163]}, "datetime": {"datetime": "2025-08-21 20:54:21", "elapsed": 43778.22070503235, "delta": 18.023300647735596}, "costs": {"total_cost": 183.4269963230915, "time_cost": 70.664, "final_distance_cost": 1.8098604542633194, "oscillation_cost": 27.7373672028313, "completition_cost": 0.0, "overshoot_cost": 51.061384138957685, "power_cost": 18.413345520019533, "noise_cost": 13.741039007019642, "n_waypoints_completed": 9, "tot_waypoints": 9}}
{"target": -177.68440788254628, "params": {"k_pid_pos": [0.9915375853982219, 0.0, 0.13995880890844756], "k_pid_alt": [1.157151465311742, 0.0, 0.01563560157990669], "k_pid_att": [23.87866142169894, 0.0001, 0.602309280509236], "k_pid_yaw": [0.5, 1e-06, 0.1], "k_pid_hsp": [0.16332465250842942, 0.0031517040816989484, 0.0], "k_pid_vsp": [400.0, 29.009088337255292, 17.49752642385876]}, "datetime": {"datetime": "2025-08-21 20:54:38", "elapsed": 43794.90231347084, "delta": 16.68160843849182}, "costs": {"total_cost": 177.68440788254628, "time_cost": 71.416, "final_distance_cost": 1.8135385249253992, "oscillation_cost": 26.665747477895646, "completition_cost": 0.0, "overshoot_cost": 51.42133858891413, "power_cost": 14.687036083984376, "noise_cost": 11.68074720682675, "n_waypoints_completed": 9, "tot_waypoints": 9}}
{"target": -178.76581572399675, "params": {"k_pid_pos": [1.1298438415107168, 0.0, 0.1367209978842667], "k_pid_alt": [1.030690994727953, 0.0, 0.020578485566104008], "k_pid_att": [14.988964210681713, 0.0001, 0.645467630066776], "k_pid_yaw": [0.5, 1e-06, 0.1], "k_pid_hsp": [0.13518317684754144, 0.0032501528696929943, 0.0], "k_pid_vsp": [400.0, 45.85156204516641, 16.87754855967313]}, "datetime": {"datetime": "2025-08-21 20:54:55", "elapsed": 43811.83695626259, "delta": 16.934642791748047}, "costs": {"total_cost": 178.76581572399675, "time_cost": 71.144, "final_distance_cost": 1.7966131671580476, "oscillation_cost": 27.7111035101567, "completition_cost": 0.0, "overshoot_cost": 51.54067156722813, "power_cost": 14.97710623779297, "noise_cost": 11.596321241660903, "n_waypoints_completed": 9, "tot_waypoints": 9}}
{"target": -176.20265279733866, "params": {"k_pid_pos": [1.1754508111556836, 0.0, 0.1395786933220157], "k_pid_alt": [1.1594286079888048, 0.0, 0.011166676643182674], "k_pid_att": [19.31133897950248, 0.0001, 0.6302230336540904], "k_pid_yaw": [0.5, 1e-06, 0.1], "k_pid_hsp": [0.11792501453087388, 0.0, 0.0], "k_pid_vsp": [400.0, 56.8980670504734, 17.524623175564308]}, "datetime": {"datetime": "2025-08-21 20:55:11", "elapsed": 43828.296283483505, "delta": 16.459327220916748}, "costs": {"total_cost": 176.20265279733866, "time_cost": 70.44, "final_distance_cost": 1.8160366567443793, "oscillation_cost": 27.545514111138214, "completition_cost": 0.0, "overshoot_cost": 51.47960691692216, "power_cost": 13.517169995117188, "noise_cost": 11.40432511741669, "n_waypoints_completed": 9, "tot_waypoints": 9}}
{"target": -179.8313571033447, "params": {"k_pid_pos": [1.1236780187264552, 0.0, 0.11528957404558178], "k_pid_alt": [1.2020797757981354, 0.0, 0.01421599600410586], "k_pid_att": [15.105571377393398, 0.0001, 0.628942049637044], "k_pid_yaw": [0.5, 1e-06, 0.1], "k_pid_hsp": [0.13154336211990894, 0.0036130967361009806, 0.0], "k_pid_vsp": [400.0, 58.42396164855116, 17.897323942490075]}, "datetime": {"datetime": "2025-08-21 20:55:28", "elapsed": 43844.70982527733, "delta": 16.413541793823242}, "costs": {"total_cost": 179.8313571033447, "time_cost": 69.952, "final_distance_cost": 1.8209182818212184, "oscillation_cost": 28.149001098510965, "completition_cost": 0.0, "overshoot_cost": 50.204717881721116, "power_cost": 16.61944099121094, "noise_cost": 13.085278850080442, "n_waypoints_completed": 9, "tot_waypoints": 9}}
{"target": -176.69557970430677, "params": {"k_pid_pos": [1.1362422978851432, 0.0, 0.14031467663517067], "k_pid_alt": [1.2255369209797764, 0.0, 0.01593837620901693], "k_pid_att": [17.659390589166613, 0.0001, 0.6344744638518623], "k_pid_yaw": [0.5, 1e-06, 0.1], "k_pid_hsp": [0.1720647673102843, 0.003648024158731575, 0.0], "k_pid_vsp": [400.0, 32.803542120345796, 21.41727343416066]}, "datetime": {"datetime": "2025-08-21 20:55:45", "elapsed": 43862.1965136528, "delta": 17.486688375473022}, "costs": {"total_cost": 176.69557970430677, "time_cost": 70.904, "final_distance_cost": 1.8324078690858594, "oscillation_cost": 28.359841247643956, "completition_cost": 0.0, "overshoot_cost": 51.403610625073455, "power_cost": 13.4024740234375, "noise_cost": 10.793245939066004, "n_waypoints_completed": 9, "tot_waypoints": 9}}
{"target": -190.7880186461063, "params": {"k_pid_pos": [1.1392046618731526, 0.0, 0.10292579132519594], "k_pid_alt": [0.8244784152562405, 0.0, 0.016215509565739205], "k_pid_att": [21.139558715378726, 0.0001, 0.0], "k_pid_yaw": [0.5, 1e-06, 0.1], "k_pid_hsp": [0.18834826335385985, 0.017119153334180646, 0.0], "k_pid_vsp": [399.9197299967298, 39.66639624442061, 18.69506372391395]}, "datetime": {"datetime": "2025-08-21 20:56:01", "elapsed": 43878.100701093674, "delta": 15.904187440872192}, "costs": {"total_cost": 190.7880186461063, "time_cost": 71.008, "final_distance_cost": 1.8042488938113923, "oscillation_cost": 32.93952964717826, "completition_cost": 0.0, "overshoot_cost": 50.941744460285285, "power_cost": 19.543047888183594, "noise_cost": 14.551447756647761, "n_waypoints_completed": 9, "tot_waypoints": 9}}
{"target": -180.40521159312186, "params": {"k_pid_pos": [1.165798134870147, 0.0, 0.1352862560484098], "k_pid_alt": [0.8958953978199611, 0.0, 0.010896390815650128], "k_pid_att": [17.312262272511035, 0.0001, 0.6083166233472797], "k_pid_yaw": [0.5, 1e-06, 0.1], "k_pid_hsp": [0.11417742180281992, 0.0035439456281103083, 0.0], "k_pid_vsp": [397.74962482965213, 64.94569650804523, 13.49709594171107]}, "datetime": {"datetime": "2025-08-21 20:56:19", "elapsed": 43895.787746191025, "delta": 17.687045097351074}, "costs": {"total_cost": 180.40521159312186, "time_cost": 71.648, "final_distance_cost": 1.7879774754532147, "oscillation_cost": 27.91584570153183, "completition_cost": 0.0, "overshoot_cost": 51.85526149964222, "power_cost": 15.70688447265625, "noise_cost": 11.491242443838365, "n_waypoints_completed": 9, "tot_waypoints": 9}}
{"target": -178.1038968008651, "params": {"k_pid_pos": [1.1211573708101172, 0.0, 0.13895555611226362], "k_pid_alt": [1.183946114338307, 0.0, 0.015301654113909506], "k_pid_att": [14.868298535984685, 0.0001, 0.6381950045402676], "k_pid_yaw": [0.5, 1e-06, 0.1], "k_pid_hsp": [0.1269741261767694, 0.0028814827553387615, 0.0], "k_pid_vsp": [396.7278609975375, 4.174028244131533, 19.007213003147022]}, "datetime": {"datetime": "2025-08-21 20:56:35", "elapsed": 43911.933240413666, "delta": 16.14549422264099}, "costs": {"total_cost": 178.1038968008651, "time_cost": 71.21600000000001, "final_distance_cost": 1.8102854344343606, "oscillation_cost": 27.698796439075807, "completition_cost": 0.0, "overshoot_cost": 51.16862668866792, "power_cost": 14.287849926757813, "noise_cost": 11.922338311929186, "n_waypoints_completed": 9, "tot_waypoints": 9}}
{"target": -186.2676160381808, "params": {"k_pid_pos": [1.1221034898751723, 0.0, 0.1865468691400835], "k_pid_alt": [1.229026590726327, 0.0, 0.008793272576806368], "k_pid_att": [13.833060471627281, 0.0001, 0.6349657528863006], "k_pid_yaw": [0.5, 1e-06, 0.1], "k_pid_hsp": [0.13446696397190053, 0.003549775084305986, 0.0], "k_pid_vsp": [400.0, 49.78989863918126, 18.656039457013048]}, "datetime": {"datetime": "2025-08-21 20:56:52", "elapsed": 43929.37278318405, "delta": 17.439542770385742}, "costs": {"total_cost": 186.2676160381808, "time_cost": 70.88, "final_distance_cost": 1.8129999420911294, "oscillation_cost": 27.206851166245645, "completition_cost": 0.0, "overshoot_cost": 51.38227789725833, "power_cost": 19.959009973144532, "noise_cost": 15.026477059441152, "n_waypoints_completed": 9, "tot_waypoints": 9}}
{"target": -190.94900692413734, "params": {"k_pid_pos": [1.1827155957489548, 0.0, 0.3198655841374216], "k_pid_alt": [1.4417174832127073, 0.0, 0.0], "k_pid_att": [21.864973949228386, 0.0001, 0.6635291530414569], "k_pid_yaw": [0.5, 1e-06, 0.1], "k_pid_hsp": [0.11764504783661175, 0.002438100209977496, 0.0], "k_pid_vsp": [400.0, 0.49217649736963837, 23.316250942211237]}, "datetime": {"datetime": "2025-08-21 20:57:09", "elapsed": 43945.71031975746, "delta": 16.337536573410034}, "costs": {"total_cost": 190.94900692413734, "time_cost": 72.168, "final_distance_cost": 1.8285263123151172, "oscillation_cost": 26.369403919632223, "completition_cost": 0.0, "overshoot_cost": 52.53618460518873, "power_cost": 22.006065075683594, "noise_cost": 16.040827011317678, "n_waypoints_completed": 9, "tot_waypoints": 9}}
{"target": -174.2845678370306, "params": {"k_pid_pos": [1.133850451151124, 0.0, 0.13526364900424187], "k_pid_alt": [1.205958981052505, 0.0, 0.01723096252318851], "k_pid_att": [11.221340941816043, 0.0001, 0.6082206331920937], "k_pid_yaw": [0.5, 1e-06, 0.1], "k_pid_hsp": [0.11478860909250477, 0.00166940346024166, 0.0], "k_pid_vsp": [400.0, 25.52121356635261, 19.302273769440443]}, "datetime": {"datetime": "2025-08-21 20:57:26", "elapsed": 43963.112812042236, "delta": 17.40249228477478}, "costs": {"total_cost": 174.2845678370306, "time_cost": 71.872, "final_distance_cost": 1.8066319754907916, "oscillation_cost": 26.739437796481926, "completition_cost": 0.0, "overshoot_cost": 52.18051004394695, "power_cost": 11.467896386718751, "noise_cost": 10.218091634392172, "n_waypoints_completed": 9, "tot_waypoints": 9}}
{"target": -164.38163922333848, "params": {"k_pid_pos": [1.1275268634345883, 0.0, 0.07411002434804499], "k_pid_alt": [1.1948993460111568, 0.0, 0.016280352232082455], "k_pid_att": [16.511252869171095, 0.0001, 0.6390670617578803], "k_pid_yaw": [0.5, 1e-06, 0.1], "k_pid_hsp": [0.0954648149494999, 0.0035582281981076345, 0.0], "k_pid_vsp": [399.9422801323796, 62.89084777669757, 38.96356283767105]}, "datetime": {"datetime": "2025-08-21 20:57:43", "elapsed": 43979.558487176895, "delta": 16.445675134658813}, "costs": {"total_cost": 164.38163922333848, "time_cost": 70.888, "final_distance_cost": 1.767250337677853, "oscillation_cost": 27.410897545770414, "completition_cost": 0.0, "overshoot_cost": 51.24312718758259, "power_cost": 6.213930480957032, "noise_cost": 6.8584336713505705, "n_waypoints_completed": 9, "tot_waypoints": 9}}
{"target": -179.62857145850515, "params": {"k_pid_pos": [1.1239146859558977, 0.0, 0.13358540346247036], "k_pid_alt": [1.2161035542931231, 0.0, 0.015161442728128428], "k_pid_att": [17.367713195304397, 0.0001, 0.6385621413145226], "k_pid_yaw": [0.5, 1e-06, 0.1], "k_pid_hsp": [0.09228060738343985, 0.0030518657010391516, 0.0], "k_pid_vsp": [400.0, 43.38662791061237, 17.10976113675046]}, "datetime": {"datetime": "2025-08-21 20:58:01", "elapsed": 43998.07561182976, "delta": 18.51712465286255}, "costs": {"total_cost": 179.62857145850515, "time_cost": 71.744, "final_distance_cost": 1.8040760239440154, "oscillation_cost": 26.469785394005267, "completition_cost": 0.0, "overshoot_cost": 51.699186963860285, "power_cost": 15.200250878906251, "noise_cost": 12.711272197789318, "n_waypoints_completed": 9, "tot_waypoints": 9}}
{"target": -171.66396091818007, "params": {"k_pid_pos": [1.1288284646731432, 0.0, 0.03862534053424438], "k_pid_alt": [1.167361737276547, 0.0, 0.0038858435198758923], "k_pid_att": [15.387930003928851, 0.0001, 0.5535565334575435], "k_pid_yaw": [0.5, 1e-06, 0.1], "k_pid_hsp": [0.19166126944287834, 0.0, 0.0], "k_pid_vsp": [400.0, 43.53164437495654, 17.309386207803136]}, "datetime": {"datetime": "2025-08-21 20:58:18", "elapsed": 44014.53174519539, "delta": 16.456133365631104}, "costs": {"total_cost": 171.66396091818007, "time_cost": 70.568, "final_distance_cost": 1.818035360383486, "oscillation_cost": 28.89725239438271, "completition_cost": 0.0, "overshoot_cost": 51.28027390031875, "power_cost": 9.817005676269531, "noise_cost": 9.283393586825575, "n_waypoints_completed": 9, "tot_waypoints": 9}}
{"target": -187.00249193382606, "params": {"k_pid_pos": [1.1257169619895588, 0.0, 0.1391190855121912], "k_pid_alt": [1.180898445354972, 0.0, 0.01605027444732198], "k_pid_att": [17.32841209999292, 0.0001, 0.6267251022889535], "k_pid_yaw": [0.5, 1e-06, 0.1], "k_pid_hsp": [0.3012142695503104, 0.0033055674065231373, 0.0], "k_pid_vsp": [400.0, 53.72406818501317, 19.423274544716136]}, "datetime": {"datetime": "2025-08-21 20:58:37", "elapsed": 44033.93676710129, "delta": 19.405021905899048}, "costs": {"total_cost": 187.00249193382606, "time_cost": 71.304, "final_distance_cost": 1.828783761244312, "oscillation_cost": 29.563813516509555, "completition_cost": 0.0, "overshoot_cost": 51.63072512982385, "power_cost": 18.398957543945315, "noise_cost": 14.276211982303018, "n_waypoints_completed": 9, "tot_waypoints": 9}}
{"target": -178.94740041045293, "params": {"k_pid_pos": [1.1237429080211974, 0.0, 0.1335815982822319], "k_pid_alt": [1.180027981270905, 0.0, 0.015873160043240665], "k_pid_att": [16.05218415311361, 0.0001, 0.6413728695869888], "k_pid_yaw": [0.5, 1e-06, 0.1], "k_pid_hsp": [0.12346137563534997, 0.0026640224292589247, 0.0], "k_pid_vsp": [400.0, 44.44632918528287, 17.02175992107641]}, "datetime": {"datetime": "2025-08-21 20:59:00", "elapsed": 44057.17772603035, "delta": 23.24095892906189}, "costs": {"total_cost": 178.94740041045293, "time_cost": 70.68, "final_distance_cost": 1.8192782641840155, "oscillation_cost": 27.562494174479124, "completition_cost": 0.0, "overshoot_cost": 51.33142654213947, "power_cost": 15.597450170898439, "noise_cost": 11.956751258751861, "n_waypoints_completed": 9, "tot_waypoints": 9}}
{"target": -170.51930595907808, "params": {"k_pid_pos": [1.1140215795397437, 0.0, 0.13703167953565254], "k_pid_alt": [1.3872798055259992, 0.0, 0.01643069053463446], "k_pid_att": [14.88420966036821, 0.0001, 0.6636509248556431], "k_pid_yaw": [0.5, 1e-06, 0.1], "k_pid_hsp": [0.13121649297414836, 0.0063231672389750075, 0.0], "k_pid_vsp": [399.3044458426808, 47.70895385877163, 17.250077841915488]}, "datetime": {"datetime": "2025-08-21 20:59:18", "elapsed": 44074.61811256409, "delta": 17.440386533737183}, "costs": {"total_cost": 170.51930595907808, "time_cost": 69.672, "final_distance_cost": 1.784375650239821, "oscillation_cost": 27.936644984656642, "completition_cost": 0.0, "overshoot_cost": 50.56641909901837, "power_cost": 11.05801785888672, "noise_cost": 9.50184836627654, "n_waypoints_completed": 9, "tot_waypoints": 9}}
{"target": -176.83635461128904, "params": {"k_pid_pos": [1.1241154744978026, 0.0, 0.1387889238525658], "k_pid_alt": [1.1900119508565243, 0.0, 0.015949942268469276], "k_pid_att": [15.306751231247283, 0.0001, 0.6367658603189762], "k_pid_yaw": [0.5, 1e-06, 0.1], "k_pid_hsp": [0.1277034870568871, 0.0036606821629242814, 0.0], "k_pid_vsp": [400.0, 43.90207838377869, 17.4421735567979]}, "datetime": {"datetime": "2025-08-21 20:59:35", "elapsed": 44092.06185936928, "delta": 17.44374680519104}, "costs": {"total_cost": 176.83635461128904, "time_cost": 71.176, "final_distance_cost": 1.793696167753228, "oscillation_cost": 27.312544867447365, "completition_cost": 0.0, "overshoot_cost": 51.57780485190054, "power_cost": 13.652745214843751, "noise_cost": 11.32356350934416, "n_waypoints_completed": 9, "tot_waypoints": 9}}
{"target": -191.07223892687938, "params": {"k_pid_pos": [1.193242535459116, 0.0, 0.10865618587248035], "k_pid_alt": [0.4028485085054451, 0.0, 0.0], "k_pid_att": [27.83247830826582, 0.0001, 0.5428944237659814], "k_pid_yaw": [0.5, 1e-06, 0.1], "k_pid_hsp": [0.3028532140166344, 0.028630050117849734, 0.0], "k_pid_vsp": [354.6257798388593, 48.54527978777976, 17.19960089691974]}, "datetime": {"datetime": "2025-08-21 20:59:55", "elapsed": 44111.50148677826, "delta": 19.439627408981323}, "costs": {"total_cost": 191.07223892687938, "time_cost": 79.57600000000001, "final_distance_cost": 1.8544987051745103, "oscillation_cost": 32.39049954541873, "completition_cost": 0.0, "overshoot_cost": 50.68891386198229, "power_cost": 14.80680830078125, "noise_cost": 11.755518513522576, "n_waypoints_completed": 9, "tot_waypoints": 9}}
{"target": -235.7900487551006, "params": {"k_pid_pos": [1.1266100013629763, 0.0, 0.13706763386369122], "k_pid_alt": [1.1190460953790058, 0.0, 0.026691852882474026], "k_pid_att": [20.568501471716175, 0.0001, 0.6967762224065994], "k_pid_yaw": [0.5, 1e-06, 0.1], "k_pid_hsp": [0.2589431369231724, 0.003256680634033659, 0.0], "k_pid_vsp": [400.0, 40.15827636021009, 17.705658519362277]}, "datetime": {"datetime": "2025-08-21 21:00:17", "elapsed": 44134.127885341644, "delta": 22.62639856338501}, "costs": {"total_cost": 235.7900487551006, "time_cost": 89.944, "final_distance_cost": 1.824159968880605, "oscillation_cost": 30.17707525392879, "completition_cost": 0.0, "overshoot_cost": 64.95602208516061, "power_cost": 23.09564501953125, "noise_cost": 25.793146427599353, "n_waypoints_completed": 9, "tot_waypoints": 9}}
{"target": -1246.3765110285765, "params": {"k_pid_pos": [1.1210967928443227, 0.0, 0.12921048121123496], "k_pid_alt": [0.8094071976625608, 0.0, 0.016052243988969588], "k_pid_att": [15.432472661415478, 0.0001, 0.8322305318265167], "k_pid_yaw": [0.5, 1e-06, 0.1], "k_pid_hsp": [0.0001, 0.003579197356213905, 0.0], "k_pid_vsp": [399.7380061807767, 24.5129534329145, 15.265673251968643]}, "datetime": {"datetime": "2025-08-21 21:00:41", "elapsed": 44158.048343896866, "delta": 23.920458555221558}, "costs": {"total_cost": 1246.3765110285765, "time_cost": 150, "final_distance_cost": 52.654178352448305, "oscillation_cost": 0.8503017215646851, "completition_cost": 888.8888888888888, "overshoot_cost": 94.47060399531829, "power_cost": 36.01512320556641, "noise_cost": 23.497414864790077, "n_waypoints_completed": 1, "tot_waypoints": 9}}
{"target": -175.8271752690035, "params": {"k_pid_pos": [1.223651477978097, 0.0, 0.1419433477688491], "k_pid_alt": [1.2008341997468812, 0.0, 0.015933626451516865], "k_pid_att": [17.67975571666609, 0.0001, 0.6527115054077327], "k_pid_yaw": [0.5, 1e-06, 0.1], "k_pid_hsp": [0.28956065467763487, 0.0027872331949670044, 0.0], "k_pid_vsp": [400.0, 43.88937716820438, 16.91377117481817]}, "datetime": {"datetime": "2025-08-21 21:00:59", "elapsed": 44175.66465449333, "delta": 17.616310596466064}, "costs": {"total_cost": 175.8271752690035, "time_cost": 69.672, "final_distance_cost": 1.8334828151497222, "oscillation_cost": 30.441309292203016, "completition_cost": 0.0, "overshoot_cost": 50.49032455332884, "power_cost": 12.44971728515625, "noise_cost": 10.940341323165695, "n_waypoints_completed": 9, "tot_waypoints": 9}}
{"target": -180.52834404563438, "params": {"k_pid_pos": [1.1236489924898485, 0.0, 0.13815583089909533], "k_pid_alt": [1.1916650132978044, 0.0, 0.017424722566172595], "k_pid_att": [15.587757514538817, 0.07696083849016312, 0.6758466555766007], "k_pid_yaw": [0.5, 1e-06, 0.1], "k_pid_hsp": [0.23851965478417037, 0.003361399298964815, 0.0], "k_pid_vsp": [384.20458209921384, 43.365255514073354, 17.428470643301665]}, "datetime": {"datetime": "2025-08-21 21:01:15", "elapsed": 44192.0165450573, "delta": 16.351890563964844}, "costs": {"total_cost": 180.52834404563438, "time_cost": 69.984, "final_distance_cost": 1.8390677756262774, "oscillation_cost": 29.322182969236533, "completition_cost": 0.0, "overshoot_cost": 50.80321331429217, "power_cost": 16.214686047363283, "noise_cost": 12.365193939116123, "n_waypoints_completed": 9, "tot_waypoints": 9}}
