{"target": -204.3732346216973, "params": {"k_pid_pos": [1.116304526685115, 0.0, 0.11523237748849471], "k_pid_alt": [1.1947094206272064, 0.0, 0.013667078875350167], "k_pid_att": [15.313248668770202, 0.0001, 0.6267186053064705], "k_pid_yaw": [0.5, 1e-06, 0.1], "k_pid_hsp": [0.1241906942452612, 0.0038439842846187864, 0.0], "k_pid_vsp": [400.0, 54.12605934207289, 13.660026103506139]}, "datetime": {"datetime": "2025-08-21 19:45:17", "elapsed": 39633.50752735138, "delta": 18.656693696975708}, "costs": {"total_cost": 204.3732346216973, "time_cost": 80.624, "final_distance_cost": 1.8062247063610488, "oscillation_cost": 28.70952067950418, "completition_cost": 0.0, "overshoot_cost": 57.83042626444563, "power_cost": 19.595348840332033, "noise_cost": 15.80771413105441, "n_waypoints_completed": 9, "tot_waypoints": 9}}
{"target": -175.34831835376872, "params": {"k_pid_pos": [1.1454354371526931, 0.0, 0.139770786447442], "k_pid_alt": [1.0715466188158915, 0.0, 0.017429014355927596], "k_pid_att": [5.590443464819767, 0.0001, 0.6157407077470378], "k_pid_yaw": [0.5, 1e-06, 0.1], "k_pid_hsp": [0.13492694849482714, 0.0037496306957610012, 0.0], "k_pid_vsp": [400.0, 31.038360884322262, 19.971232215635965]}, "datetime": {"datetime": "2025-08-21 19:45:34", "elapsed": 39650.61669635773, "delta": 17.109169006347656}, "costs": {"total_cost": 175.34831835376872, "time_cost": 71.736, "final_distance_cost": 1.8134112315705946, "oscillation_cost": 27.84106937191736, "completition_cost": 0.0, "overshoot_cost": 51.579775793542915, "power_cost": 12.098942224121094, "noise_cost": 10.279119732616756, "n_waypoints_completed": 9, "tot_waypoints": 9}}
{"target": -205.66400967377396, "params": {"k_pid_pos": [1.156488571755472, 0.0, 0.12356524681424871], "k_pid_alt": [1.005445247307756, 0.0, 0.013775315656321542], "k_pid_att": [18.48034980479574, 0.0001, 0.21138419712965362], "k_pid_yaw": [0.5, 1e-06, 0.1], "k_pid_hsp": [0.04377648516969129, 0.0067515911249833825, 0.0], "k_pid_vsp": [399.69489809638196, 48.9074782768441, 23.54045059704045]}, "datetime": {"datetime": "2025-08-21 19:45:54", "elapsed": 39670.909648656845, "delta": 20.292952299118042}, "costs": {"total_cost": 205.66400967377396, "time_cost": 82.632, "final_distance_cost": 1.7741917095538378, "oscillation_cost": 22.856199263511602, "completition_cost": 0.0, "overshoot_cost": 55.58146878908782, "power_cost": 24.708859521484378, "noise_cost": 18.111290390136293, "n_waypoints_completed": 9, "tot_waypoints": 9}}
{"target": -188.42747809077497, "params": {"k_pid_pos": [1.1178703249206987, 0.0, 0.13684955940823185], "k_pid_alt": [0.9143777185957429, 0.0, 0.006914388206836798], "k_pid_att": [17.87878977474886, 0.0001, 0.5864191762780739], "k_pid_yaw": [0.5, 1e-06, 0.1], "k_pid_hsp": [0.3208704848253663, 0.0021598659363493374, 0.0], "k_pid_vsp": [398.0655600989772, 28.571677513229456, 30.724101682785722]}, "datetime": {"datetime": "2025-08-21 19:46:11", "elapsed": 39687.458386182785, "delta": 16.54873752593994}, "costs": {"total_cost": 188.42747809077497, "time_cost": 70.672, "final_distance_cost": 1.8298599640810036, "oscillation_cost": 29.72498997746261, "completition_cost": 0.0, "overshoot_cost": 50.64654817037643, "power_cost": 20.37752569580078, "noise_cost": 15.176554283054136, "n_waypoints_completed": 9, "tot_waypoints": 9}}
{"target": -187.30569323515383, "params": {"k_pid_pos": [1.1229507447355986, 0.0, 0.13848184063257998], "k_pid_alt": [1.115292607228452, 0.0, 0.015785654135860683], "k_pid_att": [14.825886787975337, 0.0001, 0.6421332499117283], "k_pid_yaw": [0.5, 1e-06, 0.1], "k_pid_hsp": [0.127227623842664, 0.0031206621682681665, 0.0], "k_pid_vsp": [391.84235567892307, 17.99463475738993, 14.594947052903205]}, "datetime": {"datetime": "2025-08-21 19:46:27", "elapsed": 39703.72628736496, "delta": 16.267901182174683}, "costs": {"total_cost": 187.30569323515383, "time_cost": 71.056, "final_distance_cost": 1.7997751675963656, "oscillation_cost": 27.76154985572707, "completition_cost": 0.0, "overshoot_cost": 51.173016307691576, "power_cost": 20.653302600097657, "noise_cost": 14.862049304041175, "n_waypoints_completed": 9, "tot_waypoints": 9}}
{"target": -169.13331172896002, "params": {"k_pid_pos": [1.11988070781111, 0.0, 0.12932701795796095], "k_pid_alt": [1.2308863121462827, 0.0, 0.009918710580840146], "k_pid_att": [13.423870740549747, 0.0001, 0.6347749891248291], "k_pid_yaw": [0.5, 1e-06, 0.1], "k_pid_hsp": [0.13219216644660323, 0.004056329958790823, 0.0], "k_pid_vsp": [400.0, 27.466054808330814, 18.593423443704864]}, "datetime": {"datetime": "2025-08-21 19:46:44", "elapsed": 39721.304765462875, "delta": 17.57847809791565}, "costs": {"total_cost": 169.13331172896002, "time_cost": 70.632, "final_distance_cost": 1.8006773821032496, "oscillation_cost": 27.551300991981897, "completition_cost": 0.0, "overshoot_cost": 51.90699272254002, "power_cost": 8.902768029785157, "noise_cost": 8.33957260254969, "n_waypoints_completed": 9, "tot_waypoints": 9}}
{"target": -169.40491976153015, "params": {"k_pid_pos": [1.1436798403311461, 0.0, 0.3799778977406335], "k_pid_alt": [1.362875823362569, 0.0, 0.007890897036281439], "k_pid_att": [19.427252850439142, 0.0001, 0.6535233612611144], "k_pid_yaw": [0.5, 1e-06, 0.1], "k_pid_hsp": [0.10694459012398008, 0.0025455907310216346, 0.0], "k_pid_vsp": [397.03353501525777, 55.32490471738767, 39.51510021923706]}, "datetime": {"datetime": "2025-08-21 19:47:01", "elapsed": 39737.71304035187, "delta": 16.40827488899231}, "costs": {"total_cost": 169.40491976153015, "time_cost": 70.376, "final_distance_cost": 1.8079690921715639, "oscillation_cost": 26.151963403677676, "completition_cost": 0.0, "overshoot_cost": 51.18554104429231, "power_cost": 10.550432580566406, "noise_cost": 9.33301364082221, "n_waypoints_completed": 9, "tot_waypoints": 9}}
{"target": -170.85894028792197, "params": {"k_pid_pos": [1.1335524446982153, 0.0, 0.08131644442866695], "k_pid_alt": [1.0766371031651782, 0.0, 0.013092018390260198], "k_pid_att": [31.147784628537153, 0.0001, 0.643419603923569], "k_pid_yaw": [0.5, 1e-06, 0.1], "k_pid_hsp": [0.19421845875532556, 0.003948264708945224, 0.0], "k_pid_vsp": [400.0, 42.2080852185613, 16.48811585538828]}, "datetime": {"datetime": "2025-08-21 19:47:18", "elapsed": 39754.884979724884, "delta": 17.171939373016357}, "costs": {"total_cost": 170.85894028792197, "time_cost": 71.048, "final_distance_cost": 1.8283909128376272, "oscillation_cost": 29.29888571641966, "completition_cost": 0.0, "overshoot_cost": 51.45602579985483, "power_cost": 8.913470275878908, "noise_cost": 8.314167582930938, "n_waypoints_completed": 9, "tot_waypoints": 9}}
{"target": -176.16574947456647, "params": {"k_pid_pos": [0.9843320379881784, 0.0, 0.1134997608049733], "k_pid_alt": [1.1969390231178365, 0.0, 0.023617938412695178], "k_pid_att": [14.755030946809958, 0.0001, 0.6390243520521888], "k_pid_yaw": [0.5, 1e-06, 0.1], "k_pid_hsp": [0.09868383446525003, 0.003889969919027121, 0.0], "k_pid_vsp": [400.0, 45.461130769686804, 28.575071408100115]}, "datetime": {"datetime": "2025-08-21 19:47:34", "elapsed": 39770.93154835701, "delta": 16.046568632125854}, "costs": {"total_cost": 176.16574947456647, "time_cost": 71.83200000000001, "final_distance_cost": 1.782546636891914, "oscillation_cost": 25.787753650732494, "completition_cost": 0.0, "overshoot_cost": 52.15936721399996, "power_cost": 13.324319982910158, "noise_cost": 11.279761990031933, "n_waypoints_completed": 9, "tot_waypoints": 9}}
{"target": -186.71668754281356, "params": {"k_pid_pos": [1.1218397667582298, 0.0, 0.15083344118456934], "k_pid_alt": [1.198368443804163, 0.0, 0.014045988640100428], "k_pid_att": [17.56628182869829, 0.0001, 0.6406026346321635], "k_pid_yaw": [0.5, 1e-06, 0.1], "k_pid_hsp": [0.06468696375827557, 0.003212623027494558, 0.0], "k_pid_vsp": [400.0, 43.92715820291216, 14.755100660485272]}, "datetime": {"datetime": "2025-08-21 19:47:52", "elapsed": 39789.37506532669, "delta": 18.443516969680786}, "costs": {"total_cost": 186.71668754281356, "time_cost": 74.92, "final_distance_cost": 1.7656980224797294, "oscillation_cost": 25.606614372656466, "completition_cost": 0.0, "overshoot_cost": 53.43927354673039, "power_cost": 17.809540991210937, "noise_cost": 13.175560609736051, "n_waypoints_completed": 9, "tot_waypoints": 9}}
{"target": -188.33739386765023, "params": {"k_pid_pos": [1.1300575287027395, 0.0, 0.18087800173677338], "k_pid_alt": [1.1793071034492497, 0.0, 0.012235524927759645], "k_pid_att": [15.135152650457409, 0.0001, 0.7715453124878707], "k_pid_yaw": [0.5, 1e-06, 0.1], "k_pid_hsp": [0.2036588211708883, 0.0030708343730096407, 0.0], "k_pid_vsp": [400.0, 36.66857955841736, 17.35088691485865]}, "datetime": {"datetime": "2025-08-21 19:48:09", "elapsed": 39805.45777964592, "delta": 16.082714319229126}, "costs": {"total_cost": 188.33739386765023, "time_cost": 71.34400000000001, "final_distance_cost": 1.826722246900674, "oscillation_cost": 27.953965254618904, "completition_cost": 0.0, "overshoot_cost": 51.52107096648383, "power_cost": 20.428296264648438, "noise_cost": 15.26333913499838, "n_waypoints_completed": 9, "tot_waypoints": 9}}
{"target": -176.26044991823582, "params": {"k_pid_pos": [1.1056610540901575, 0.0, 0.13706300270783806], "k_pid_alt": [1.18495286541817, 0.0, 0.01573379210886444], "k_pid_att": [13.53167625360332, 0.0001, 0.6228451204062138], "k_pid_yaw": [0.5, 1e-06, 0.1], "k_pid_hsp": [0.18507441746269204, 0.003308743171456513, 0.0], "k_pid_vsp": [400.0, 43.925474385708185, 18.43784351842681]}, "datetime": {"datetime": "2025-08-21 19:48:25", "elapsed": 39822.37917637825, "delta": 16.921396732330322}, "costs": {"total_cost": 176.26044991823582, "time_cost": 70.32000000000001, "final_distance_cost": 1.81869356969401, "oscillation_cost": 27.95577265440817, "completition_cost": 0.0, "overshoot_cost": 50.65442752506517, "power_cost": 14.267137609863282, "noise_cost": 11.244418559205204, "n_waypoints_completed": 9, "tot_waypoints": 9}}
{"target": -171.48317398774853, "params": {"k_pid_pos": [1.1241084291143026, 0.0, 0.1389842167415526], "k_pid_alt": [1.1796105866710183, 0.0, 0.016155463005664047], "k_pid_att": [15.416599983070855, 0.0001, 0.6290427891941212], "k_pid_yaw": [0.5, 1e-06, 0.1], "k_pid_hsp": [0.12548530652727763, 0.00273747393930258, 0.0], "k_pid_vsp": [400.0, 41.47127726025787, 16.56512589014599]}, "datetime": {"datetime": "2025-08-21 19:48:42", "elapsed": 39839.02365064621, "delta": 16.644474267959595}, "costs": {"total_cost": 171.48317398774853, "time_cost": 70.136, "final_distance_cost": 1.7960640137377564, "oscillation_cost": 27.73487343464345, "completition_cost": 0.0, "overshoot_cost": 51.46552199167633, "power_cost": 10.595587524414062, "noise_cost": 9.755127023276911, "n_waypoints_completed": 9, "tot_waypoints": 9}}
{"target": -161.93729295616077, "params": {"k_pid_pos": [1.1093834344050317, 0.0, 0.12998197147382617], "k_pid_alt": [1.3902301503710537, 0.0, 0.013355871978854949], "k_pid_att": [14.40765625776923, 0.0001, 0.668872270658246], "k_pid_yaw": [0.5, 1e-06, 0.1], "k_pid_hsp": [0.09147474782818588, 0.005452675784320033, 0.0], "k_pid_vsp": [398.82887066843466, 49.53389870630339, 17.169831489135717]}, "datetime": {"datetime": "2025-08-21 19:48:58", "elapsed": 39855.34128451347, "delta": 16.317633867263794}, "costs": {"total_cost": 161.93729295616077, "time_cost": 70.872, "final_distance_cost": 1.803683997006609, "oscillation_cost": 26.82901143232962, "completition_cost": 0.0, "overshoot_cost": 50.911355491090944, "power_cost": 5.251544836425781, "noise_cost": 6.2696971993078146, "n_waypoints_completed": 9, "tot_waypoints": 9}}
{"target": -185.67418754907305, "params": {"k_pid_pos": [1.123763309196235, 0.0, 0.13878303915632473], "k_pid_alt": [1.1982804007574401, 0.0, 0.015947335684637878], "k_pid_att": [15.317443225248518, 0.0001, 0.6368219598612358], "k_pid_yaw": [0.5, 1e-06, 0.1], "k_pid_hsp": [0.12775120327750772, 0.0034914772908138728, 0.0], "k_pid_vsp": [400.0, 43.884981522512064, 17.291882099181297]}, "datetime": {"datetime": "2025-08-21 19:49:16", "elapsed": 39872.83055448532, "delta": 17.489269971847534}, "costs": {"total_cost": 185.67418754907305, "time_cost": 70.672, "final_distance_cost": 1.8175885713963051, "oscillation_cost": 27.728309182369706, "completition_cost": 0.0, "overshoot_cost": 51.674146355173725, "power_cost": 19.824298693847656, "noise_cost": 13.95784474628566, "n_waypoints_completed": 9, "tot_waypoints": 9}}
{"target": -183.9198984434905, "params": {"k_pid_pos": [1.1648189231456945, 0.0, 0.0], "k_pid_alt": [0.7183169696478311, 0.0, 0.019181901328381462], "k_pid_att": [30.382187073376045, 0.0001, 0.12680015872793465], "k_pid_yaw": [0.5, 1e-06, 0.1], "k_pid_hsp": [0.5862143997175346, 0.023369509866470777, 0.0], "k_pid_vsp": [400.0, 49.17883643907782, 29.94582390557807]}, "datetime": {"datetime": "2025-08-21 19:49:32", "elapsed": 39889.149152994156, "delta": 16.31859850883484}, "costs": {"total_cost": 183.9198984434905, "time_cost": 72.72, "final_distance_cost": 1.8119128640599935, "oscillation_cost": 33.76748685110279, "completition_cost": 0.0, "overshoot_cost": 50.264091095440975, "power_cost": 14.211717187500001, "noise_cost": 11.144690445386741, "n_waypoints_completed": 9, "tot_waypoints": 9}}
{"target": -175.2919482297723, "params": {"k_pid_pos": [1.1426727126084415, 0.0, 0.1382769826483074], "k_pid_alt": [1.1895579739827753, 0.0, 0.014101010810333891], "k_pid_att": [7.237010582229252, 0.0001, 0.5425771508961691], "k_pid_yaw": [0.5, 1e-06, 0.1], "k_pid_hsp": [0.27509084307533327, 0.003422236131134521, 0.0], "k_pid_vsp": [400.0, 37.357876126549215, 18.469241558820176]}, "datetime": {"datetime": "2025-08-21 19:49:51", "elapsed": 39907.59080386162, "delta": 18.441650867462158}, "costs": {"total_cost": 175.2919482297723, "time_cost": 71.296, "final_distance_cost": 1.8284180180066238, "oscillation_cost": 29.542357128203484, "completition_cost": 0.0, "overshoot_cost": 51.671236799947955, "power_cost": 10.650022033691407, "noise_cost": 10.303914249922801, "n_waypoints_completed": 9, "tot_waypoints": 9}}
{"target": -177.24257228939686, "params": {"k_pid_pos": [1.1219660836387522, 0.0, 0.10531527033365459], "k_pid_alt": [0.6997486462250482, 0.0, 0.016207712545852248], "k_pid_att": [15.468026068642144, 0.0001, 0.7147026237385717], "k_pid_yaw": [0.5, 1e-06, 0.1], "k_pid_hsp": [0.5052310085462539, 0.0028712698719612216, 0.0], "k_pid_vsp": [399.7676283352577, 1e-06, 10.799933906722575]}, "datetime": {"datetime": "2025-08-21 19:50:07", "elapsed": 39923.96163415909, "delta": 16.370830297470093}, "costs": {"total_cost": 177.24257228939686, "time_cost": 73.256, "final_distance_cost": 1.8444379302751144, "oscillation_cost": 31.08465542462209, "completition_cost": 0.0, "overshoot_cost": 51.08263953503026, "power_cost": 10.385454504394533, "noise_cost": 9.589384895074861, "n_waypoints_completed": 9, "tot_waypoints": 9}}
{"target": -185.621548192896, "params": {"k_pid_pos": [1.2768058998797736, 0.0, 0.13028800990253728], "k_pid_alt": [1.2009914969411957, 0.0, 0.01693068409324635], "k_pid_att": [14.519680315770303, 0.0001, 0.7118138772508733], "k_pid_yaw": [0.5, 1e-06, 0.1], "k_pid_hsp": [0.2118509384392962, 0.0033867268870116317, 0.0], "k_pid_vsp": [400.0, 42.22215915188022, 17.96870909186807]}, "datetime": {"datetime": "2025-08-21 19:50:24", "elapsed": 39940.90650057793, "delta": 16.9448664188385}, "costs": {"total_cost": 185.621548192896, "time_cost": 70.048, "final_distance_cost": 1.8011691264893175, "oscillation_cost": 29.838617408634914, "completition_cost": 0.0, "overshoot_cost": 51.001573058712694, "power_cost": 18.941164978027345, "noise_cost": 13.99102362103174, "n_waypoints_completed": 9, "tot_waypoints": 9}}
{"target": -180.75696781332562, "params": {"k_pid_pos": [1.1238068470695926, 0.07166498932620467, 0.13867739507808963], "k_pid_alt": [1.1923349156117558, 0.0, 0.013223377659747753], "k_pid_att": [17.795211065259963, 0.002628533498377963, 0.6593696740043034], "k_pid_yaw": [0.5, 1e-06, 0.1], "k_pid_hsp": [0.125722111453105, 0.0033649131011022973, 0.0], "k_pid_vsp": [396.26162351419725, 45.463248920464046, 17.75403664020788]}, "datetime": {"datetime": "2025-08-21 19:50:41", "elapsed": 39957.57427692413, "delta": 16.667776346206665}, "costs": {"total_cost": 180.75696781332562, "time_cost": 71.792, "final_distance_cost": 1.7754145244455546, "oscillation_cost": 27.37160659284709, "completition_cost": 0.0, "overshoot_cost": 52.308572558062934, "power_cost": 15.47667830810547, "noise_cost": 12.032695829864561, "n_waypoints_completed": 9, "tot_waypoints": 9}}
{"target": -171.50556690069962, "params": {"k_pid_pos": [1.0289473718059619, 0.0, 0.1764034457213914], "k_pid_alt": [1.2191348354409612, 0.0, 0.0], "k_pid_att": [13.178605777095894, 0.0001, 0.6390384078472123], "k_pid_yaw": [0.5, 1e-06, 0.1], "k_pid_hsp": [0.1265443437305137, 0.0033099352185109463, 0.0], "k_pid_vsp": [400.0, 32.12507849707396, 16.282005746237317]}, "datetime": {"datetime": "2025-08-21 19:50:58", "elapsed": 39975.379051446915, "delta": 17.804774522781372}, "costs": {"total_cost": 171.50556690069962, "time_cost": 71.352, "final_distance_cost": 1.8013410518483457, "oscillation_cost": 26.22659499100989, "completition_cost": 0.0, "overshoot_cost": 51.84916846874414, "power_cost": 10.016755908203125, "noise_cost": 10.259706480894119, "n_waypoints_completed": 9, "tot_waypoints": 9}}
{"target": -173.912491764581, "params": {"k_pid_pos": [1.1806762206322312, 0.00015634526636110451, 0.12858032727536492], "k_pid_alt": [1.2523450314119509, 0.0, 0.004360438996927881], "k_pid_att": [15.527470964833498, 0.0001, 0.6106863088925288], "k_pid_yaw": [0.5, 1e-06, 0.1], "k_pid_hsp": [0.21012305407567583, 0.0054805399324553885, 0.0], "k_pid_vsp": [395.9120167102613, 21.00580823784424, 16.89456170175901]}, "datetime": {"datetime": "2025-08-21 19:51:15", "elapsed": 39992.13624691963, "delta": 16.757195472717285}, "costs": {"total_cost": 173.912491764581, "time_cost": 70.352, "final_distance_cost": 1.8108774748824852, "oscillation_cost": 29.31234580383889, "completition_cost": 0.0, "overshoot_cost": 51.00160960200021, "power_cost": 11.639505541992188, "noise_cost": 9.796153341867251, "n_waypoints_completed": 9, "tot_waypoints": 9}}
{"target": -168.44771877340406, "params": {"k_pid_pos": [1.1247951917251113, 0.0, 0.06649768199579814], "k_pid_alt": [1.2086647587617376, 0.0, 0.016702014180598836], "k_pid_att": [15.241904951273268, 0.0001, 0.6529247952970078], "k_pid_yaw": [0.5, 1e-06, 0.1], "k_pid_hsp": [0.12917232412825613, 0.0034851870428350322, 0.0], "k_pid_vsp": [394.58638735968947, 13.614804916161052, 16.648079617959265]}, "datetime": {"datetime": "2025-08-21 19:51:33", "elapsed": 40009.72203588486, "delta": 17.58578896522522}, "costs": {"total_cost": 168.44771877340406, "time_cost": 70.76, "final_distance_cost": 1.8113715902545073, "oscillation_cost": 28.367337754868377, "completition_cost": 0.0, "overshoot_cost": 51.11473468123755, "power_cost": 8.704506188964844, "noise_cost": 7.689768558078788, "n_waypoints_completed": 9, "tot_waypoints": 9}}
{"target": -173.21885944665163, "params": {"k_pid_pos": [1.1286277199599, 0.0, 0.10145464630673011], "k_pid_alt": [1.209582778742732, 0.0, 0.014514909922637076], "k_pid_att": [15.025070844957098, 0.0001, 0.6222635094235359], "k_pid_yaw": [0.5, 1e-06, 0.1], "k_pid_hsp": [0.11526856322218759, 0.0034497767384826144, 0.0], "k_pid_vsp": [400.0, 43.72538829069483, 20.237775098889404]}, "datetime": {"datetime": "2025-08-21 19:51:51", "elapsed": 40028.21179175377, "delta": 18.489755868911743}, "costs": {"total_cost": 173.21885944665163, "time_cost": 70.424, "final_distance_cost": 1.7934875013130445, "oscillation_cost": 27.73035627588021, "completition_cost": 0.0, "overshoot_cost": 51.16703400142266, "power_cost": 12.259073352050782, "noise_cost": 9.84490831598493, "n_waypoints_completed": 9, "tot_waypoints": 9}}
{"target": -175.7099192364126, "params": {"k_pid_pos": [1.1583128761825292, 0.0, 0.235311854183493], "k_pid_alt": [1.1494017289942704, 0.0, 0.016189160083165333], "k_pid_att": [15.313012108049442, 0.0001, 0.6336121006053056], "k_pid_yaw": [0.5, 1e-06, 0.1], "k_pid_hsp": [0.12330787814001308, 0.00297660181103947, 0.0], "k_pid_vsp": [395.73107440658015, 33.35225796830449, 15.73391712123251]}, "datetime": {"datetime": "2025-08-21 19:52:07", "elapsed": 40044.2070248127, "delta": 15.995233058929443}, "costs": {"total_cost": 175.7099192364126, "time_cost": 70.664, "final_distance_cost": 1.8267097735881406, "oscillation_cost": 27.020572256797895, "completition_cost": 0.0, "overshoot_cost": 51.12524032171206, "power_cost": 14.216185278320314, "noise_cost": 10.857211605994173, "n_waypoints_completed": 9, "tot_waypoints": 9}}
{"target": -202.12155224564296, "params": {"k_pid_pos": [1.1806264783993314, 0.0, 0.13554101121789477], "k_pid_alt": [1.1887085796546821, 0.0, 0.013080342468431847], "k_pid_att": [1.8533937711076884, 0.0001, 0.6326807248917895], "k_pid_yaw": [0.5, 1e-06, 0.1], "k_pid_hsp": [0.2244376730945165, 0.0, 0.0], "k_pid_vsp": [400.0, 53.31587542210727, 17.605562001475096]}, "datetime": {"datetime": "2025-08-21 19:52:26", "elapsed": 40062.47865962982, "delta": 18.271634817123413}, "costs": {"total_cost": 202.12155224564296, "time_cost": 73.272, "final_distance_cost": 1.7913602879607464, "oscillation_cost": 30.272141040659516, "completition_cost": 0.0, "overshoot_cost": 54.09418740504826, "power_cost": 24.84055262451172, "noise_cost": 17.85131088746271, "n_waypoints_completed": 9, "tot_waypoints": 9}}
