{"target": -175.34707503507173, "params": {"k_pid_pos": [1.201719752472023, 0.0, 0.12988386834979918], "k_pid_alt": [1.1347743754506536, 0.0, 0.006284370104546719], "k_pid_att": [14.887386116050742, 0.0001, 0.5870639474444264], "k_pid_yaw": [0.5, 1e-06, 0.1], "k_pid_hsp": [0.19639068097660456, 0.0012916572353015498, 0.0], "k_pid_vsp": [400.0, 46.4286536336314, 18.42951916258303]}, "datetime": {"datetime": "2025-08-21 16:34:58", "elapsed": 28215.402346611023, "delta": 17.998818397521973}, "costs": {"total_cost": 175.34707503507173, "time_cost": 70.272, "final_distance_cost": 1.7959267004682506, "oscillation_cost": 29.06346569584002, "completition_cost": 0.0, "overshoot_cost": 51.1119021929532, "power_cost": 12.757659228515626, "noise_cost": 10.346121217294598, "n_waypoints_completed": 9, "tot_waypoints": 9}}
{"target": -1236.4718470037471, "params": {"k_pid_pos": [1.0913851292921264, 0.0, 0.13720278642229147], "k_pid_alt": [1.1562081610249717, 0.0, 0.016169823244366475], "k_pid_att": [23.831051018773117, 0.0001, 0.7883225667391914], "k_pid_yaw": [0.5, 1e-06, 0.1], "k_pid_hsp": [0.0008312804534387208, 0.003216641831872544, 0.0], "k_pid_vsp": [400.0, 44.76636757338672, 21.187812739835646]}, "datetime": {"datetime": "2025-08-21 16:35:22", "elapsed": 28238.523197174072, "delta": 23.120850563049316}, "costs": {"total_cost": 1236.4718470037471, "time_cost": 150, "final_distance_cost": 68.3345427910763, "oscillation_cost": 4.321611649229094, "completition_cost": 888.8888888888888, "overshoot_cost": 68.48515168550811, "power_cost": 33.713012133789064, "noise_cost": 22.72863985525578, "n_waypoints_completed": 1, "tot_waypoints": 9}}
{"target": -173.56682794001793, "params": {"k_pid_pos": [1.126875340179345, 0.0, 0.14048965978496084], "k_pid_alt": [1.1420611230100683, 0.0, 0.01603567171297724], "k_pid_att": [17.089574296290696, 0.0001, 0.6235655405788807], "k_pid_yaw": [0.5, 1e-06, 0.1], "k_pid_hsp": [0.107159518992642, 0.0, 0.0], "k_pid_vsp": [400.0, 39.225507530234665, 16.708186901087345]}, "datetime": {"datetime": "2025-08-21 16:35:38", "elapsed": 28254.50068306923, "delta": 15.97748589515686}, "costs": {"total_cost": 173.56682794001793, "time_cost": 71.04, "final_distance_cost": 1.8143340410993618, "oscillation_cost": 26.774942322174414, "completition_cost": 0.0, "overshoot_cost": 52.15450809516684, "power_cost": 11.905299340820314, "noise_cost": 9.877744140757022, "n_waypoints_completed": 9, "tot_waypoints": 9}}
{"target": -168.43065532224378, "params": {"k_pid_pos": [1.1091995412735611, 0.0, 0.11882564594043526], "k_pid_alt": [1.3831864920789365, 0.0, 0.013878379767884303], "k_pid_att": [11.212693661201083, 0.0001, 0.6701880695025761], "k_pid_yaw": [0.5, 1e-06, 0.1], "k_pid_hsp": [0.0966700803520318, 0.005178593922869177, 0.0], "k_pid_vsp": [397.1012610124322, 38.25036155002556, 17.537333187036822]}, "datetime": {"datetime": "2025-08-21 16:35:55", "elapsed": 28271.559566497803, "delta": 17.05888342857361}, "costs": {"total_cost": 168.43065532224378, "time_cost": 70.72, "final_distance_cost": 1.7792939211249983, "oscillation_cost": 27.143407611401173, "completition_cost": 0.0, "overshoot_cost": 51.36350069114132, "power_cost": 8.952035961914063, "noise_cost": 8.472417136662244, "n_waypoints_completed": 9, "tot_waypoints": 9}}
{"target": -176.49386607004712, "params": {"k_pid_pos": [1.1220094264422216, 0.0, 0.13896343104938597], "k_pid_alt": [1.2052422310240065, 0.0, 0.015944006267994058], "k_pid_att": [15.280471909073343, 0.0001, 0.6367529414829096], "k_pid_yaw": [0.5, 1e-06, 0.1], "k_pid_hsp": [0.1277803691385635, 0.003730644025734385, 0.0], "k_pid_vsp": [400.0, 44.471925619861466, 16.005576403176608]}, "datetime": {"datetime": "2025-08-21 16:36:11", "elapsed": 28288.194093465805, "delta": 16.63452696800232}, "costs": {"total_cost": 176.49386607004712, "time_cost": 70.848, "final_distance_cost": 1.815618353545506, "oscillation_cost": 27.320690925663666, "completition_cost": 0.0, "overshoot_cost": 51.36726905229991, "power_cost": 13.572743041992188, "noise_cost": 11.56954469654586, "n_waypoints_completed": 9, "tot_waypoints": 9}}
{"target": -180.38729913012318, "params": {"k_pid_pos": [1.1017246823186067, 0.0, 0.1616640308902584], "k_pid_alt": [0.93315420582321, 0.0, 0.014387436752821704], "k_pid_att": [14.811807317372903, 0.0001, 0.42218093819644054], "k_pid_yaw": [0.5, 1e-06, 0.1], "k_pid_hsp": [0.07453279132056431, 0.02758195221536782, 0.0], "k_pid_vsp": [391.16547302397913, 38.13689861717861, 27.64040174588216]}, "datetime": {"datetime": "2025-08-21 16:36:29", "elapsed": 28305.760442495346, "delta": 17.566349029541016}, "costs": {"total_cost": 180.38729913012318, "time_cost": 73.56, "final_distance_cost": 1.803200516430539, "oscillation_cost": 31.679626102561933, "completition_cost": 0.0, "overshoot_cost": 52.020249221624944, "power_cost": 11.772422155761719, "noise_cost": 9.551801133744048, "n_waypoints_completed": 9, "tot_waypoints": 9}}
{"target": -191.2258099270227, "params": {"k_pid_pos": [1.1324491035802502, 0.0, 0.13314379700152], "k_pid_alt": [1.3859374835933558, 0.0, 0.011123495532000049], "k_pid_att": [34.64751891455477, 0.0001, 0.5727125140237066], "k_pid_yaw": [0.5, 1e-06, 0.1], "k_pid_hsp": [0.3467816773117109, 0.002896994921955927, 0.0], "k_pid_vsp": [400.0, 7.238726984079008, 18.31551600820767]}, "datetime": {"datetime": "2025-08-21 16:36:48", "elapsed": 28324.465779066086, "delta": 18.705336570739746}, "costs": {"total_cost": 191.2258099270227, "time_cost": 71.656, "final_distance_cost": 1.8401557339186723, "oscillation_cost": 30.52888929205748, "completition_cost": 0.0, "overshoot_cost": 51.59545253225398, "power_cost": 20.36413160400391, "noise_cost": 15.241180764788657, "n_waypoints_completed": 9, "tot_waypoints": 9}}
{"target": -174.54364833421664, "params": {"k_pid_pos": [1.1169135867900386, 0.0, 0.11392356448960064], "k_pid_alt": [1.1399876407589937, 0.0, 0.017158630040878458], "k_pid_att": [19.223969090725227, 0.0001, 0.6329686899881951], "k_pid_yaw": [0.5, 1e-06, 0.1], "k_pid_hsp": [0.1823297889338659, 0.003105308113639679, 0.0], "k_pid_vsp": [400.0, 17.022920711190302, 17.991257653378046]}, "datetime": {"datetime": "2025-08-21 16:37:04", "elapsed": 28340.85235619545, "delta": 16.386577129364014}, "costs": {"total_cost": 174.54364833421664, "time_cost": 70.952, "final_distance_cost": 1.8088096494597774, "oscillation_cost": 28.897240464374594, "completition_cost": 0.0, "overshoot_cost": 51.30979796276048, "power_cost": 11.47135321044922, "noise_cost": 10.10444704717259, "n_waypoints_completed": 9, "tot_waypoints": 9}}
{"target": -181.2073426087109, "params": {"k_pid_pos": [1.242986618909281, 0.0, 0.14458008205373626], "k_pid_alt": [1.1688635245676218, 0.0, 0.016686974519822796], "k_pid_att": [15.822812347769197, 0.0001, 1.0], "k_pid_yaw": [0.5, 1e-06, 0.1], "k_pid_hsp": [0.3542729998826588, 0.005274255286245097, 0.0], "k_pid_vsp": [400.0, 41.25259252297442, 15.717854829500919]}, "datetime": {"datetime": "2025-08-21 16:37:21", "elapsed": 28357.84266924858, "delta": 16.990313053131104}, "costs": {"total_cost": 181.2073426087109, "time_cost": 69.72, "final_distance_cost": 1.8236079007879544, "oscillation_cost": 32.619084273461965, "completition_cost": 0.0, "overshoot_cost": 50.64639944298711, "power_cost": 14.682033325195313, "noise_cost": 11.71621766627856, "n_waypoints_completed": 9, "tot_waypoints": 9}}
{"target": -180.09818685922662, "params": {"k_pid_pos": [1.1318682924961834, 0.021385381726854218, 0.12973124769958688], "k_pid_alt": [1.2575976236443824, 0.0, 0.01502477929882723], "k_pid_att": [22.136857293373595, 0.08205987057172333, 0.5943392053555286], "k_pid_yaw": [0.5, 1e-06, 0.1], "k_pid_hsp": [0.21223575790142618, 0.0031391363851383876, 0.0], "k_pid_vsp": [363.0354526024281, 40.519076762177335, 16.84654379069968]}, "datetime": {"datetime": "2025-08-21 16:37:37", "elapsed": 28373.727828025818, "delta": 15.885158777236938}, "costs": {"total_cost": 180.09818685922662, "time_cost": 70.44800000000001, "final_distance_cost": 1.8156369471498284, "oscillation_cost": 28.599048312098486, "completition_cost": 0.0, "overshoot_cost": 51.095604942028494, "power_cost": 15.621046142578125, "noise_cost": 12.518850515371655, "n_waypoints_completed": 9, "tot_waypoints": 9}}
{"target": -190.10328383782877, "params": {"k_pid_pos": [1.3316793666361144, 0.0, 0.11242884448246193], "k_pid_alt": [1.20834546922744, 0.0, 0.010338613487488966], "k_pid_att": [13.62500644212779, 0.0001, 0.6362018036125073], "k_pid_yaw": [0.5, 1e-06, 0.1], "k_pid_hsp": [0.12503560288935395, 0.0035860397298077403, 0.0], "k_pid_vsp": [400.0, 19.63401529319092, 24.35600546947173]}, "datetime": {"datetime": "2025-08-21 16:37:55", "elapsed": 28391.660268306732, "delta": 17.932440280914307}, "costs": {"total_cost": 190.10328383782877, "time_cost": 70.952, "final_distance_cost": 1.7866941277153783, "oscillation_cost": 29.58881289095075, "completition_cost": 0.0, "overshoot_cost": 51.55239167922002, "power_cost": 20.87752950439453, "noise_cost": 15.345855635548096, "n_waypoints_completed": 9, "tot_waypoints": 9}}
{"target": -186.20298756913363, "params": {"k_pid_pos": [1.0983130078111392, 7.300905031039476e-05, 0.1484046120155638], "k_pid_alt": [1.1139889749200318, 0.0, 0.00748923147992187], "k_pid_att": [16.23472655353798, 0.0001, 0.6396853201982817], "k_pid_yaw": [0.5, 1e-06, 0.1], "k_pid_hsp": [0.09482027933957754, 0.006410794481830505, 0.0], "k_pid_vsp": [394.5541277460319, 21.026184383071, 22.785804247750573]}, "datetime": {"datetime": "2025-08-21 16:38:11", "elapsed": 28408.231093406677, "delta": 16.57082509994507}, "costs": {"total_cost": 186.20298756913363, "time_cost": 72.152, "final_distance_cost": 1.7627045237941814, "oscillation_cost": 27.052999155774508, "completition_cost": 0.0, "overshoot_cost": 51.74126180209026, "power_cost": 19.26651619873047, "noise_cost": 14.227505888744194, "n_waypoints_completed": 9, "tot_waypoints": 9}}
{"target": -176.52520380897414, "params": {"k_pid_pos": [1.124317963295948, 0.0, 0.03734352575925416], "k_pid_alt": [1.2792688297932497, 0.0, 0.015261129253430324], "k_pid_att": [15.155486529444353, 0.0001, 0.6512957810479327], "k_pid_yaw": [0.5, 1e-06, 0.1], "k_pid_hsp": [0.13587885252970144, 0.003587804507885938, 0.0], "k_pid_vsp": [400.0, 1e-06, 15.89288861919782]}, "datetime": {"datetime": "2025-08-21 16:38:29", "elapsed": 28426.217311143875, "delta": 17.986217737197876}, "costs": {"total_cost": 176.52520380897414, "time_cost": 70.992, "final_distance_cost": 1.7966009644512364, "oscillation_cost": 28.698492942185343, "completition_cost": 0.0, "overshoot_cost": 51.68997315091996, "power_cost": 12.931934912109375, "noise_cost": 10.416201839308236, "n_waypoints_completed": 9, "tot_waypoints": 9}}
{"target": -175.34204392115936, "params": {"k_pid_pos": [1.1082727654367606, 0.0, 0.12796818052575692], "k_pid_alt": [1.3618241161728792, 0.0, 0.014806372325455838], "k_pid_att": [13.14578799103988, 0.0035690320187510595, 0.6341777197113915], "k_pid_yaw": [0.5, 1e-06, 0.1], "k_pid_hsp": [0.18259847626256584, 0.0023776033797488594, 0.0], "k_pid_vsp": [400.0, 44.71195833562074, 20.344547809514584]}, "datetime": {"datetime": "2025-08-21 16:38:46", "elapsed": 28442.56691646576, "delta": 16.349605321884155}, "costs": {"total_cost": 175.34204392115936, "time_cost": 69.52, "final_distance_cost": 1.8178706262074575, "oscillation_cost": 28.54950737214808, "completition_cost": 0.0, "overshoot_cost": 51.10156299560831, "power_cost": 13.512088549804687, "noise_cost": 10.841014377390815, "n_waypoints_completed": 9, "tot_waypoints": 9}}
{"target": -171.07984713531573, "params": {"k_pid_pos": [1.1409715838654766, 0.0, 0.14648593602778873], "k_pid_alt": [1.2057312527494701, 0.0, 0.013095593894757323], "k_pid_att": [15.3740530453948, 0.0001, 0.6293022148639408], "k_pid_yaw": [0.5, 1e-06, 0.1], "k_pid_hsp": [0.1439173920191132, 0.002485209774620902, 0.0], "k_pid_vsp": [386.86069436614287, 47.422952459511095, 20.921703432068405]}, "datetime": {"datetime": "2025-08-21 16:39:02", "elapsed": 28458.534253835678, "delta": 15.967337369918823}, "costs": {"total_cost": 171.07984713531573, "time_cost": 69.784, "final_distance_cost": 1.8158922198569507, "oscillation_cost": 27.991704394569936, "completition_cost": 0.0, "overshoot_cost": 50.5072205215026, "power_cost": 11.178315759277345, "noise_cost": 9.802714240108882, "n_waypoints_completed": 9, "tot_waypoints": 9}}
{"target": -167.4874644129503, "params": {"k_pid_pos": [1.2457000409325305, 0.0, 0.13957916671433654], "k_pid_alt": [1.1822320070383259, 0.0, 0.009868667219218365], "k_pid_att": [2.070731251900054, 0.0001, 0.6724175454286825], "k_pid_yaw": [0.5, 1e-06, 0.1], "k_pid_hsp": [0.21456857811159266, 0.0027566186352308746, 0.0], "k_pid_vsp": [400.0, 36.67055264327834, 16.09840306334785]}, "datetime": {"datetime": "2025-08-21 16:39:19", "elapsed": 28475.73751783371, "delta": 17.203263998031616}, "costs": {"total_cost": 167.4874644129503, "time_cost": 71.06400000000001, "final_distance_cost": 1.7888858706889623, "oscillation_cost": 28.110952666155406, "completition_cost": 0.0, "overshoot_cost": 52.62456979258826, "power_cost": 6.703661877441407, "noise_cost": 7.195394206076223, "n_waypoints_completed": 9, "tot_waypoints": 9}}
{"target": -182.10678997617686, "params": {"k_pid_pos": [0.9283661469654592, 0.0, 0.14194463607908067], "k_pid_alt": [1.0191048081077414, 0.0, 0.016926962877406183], "k_pid_att": [16.701837972736914, 0.0001, 0.644285442366523], "k_pid_yaw": [0.5, 1e-06, 0.1], "k_pid_hsp": [0.11255188741414432, 0.0018576507108552362, 0.0], "k_pid_vsp": [400.0, 44.41718007181858, 17.993325008906318]}, "datetime": {"datetime": "2025-08-21 16:39:35", "elapsed": 28492.096753120422, "delta": 16.359235286712646}, "costs": {"total_cost": 182.10678997617686, "time_cost": 71.60000000000001, "final_distance_cost": 1.7911207098872837, "oscillation_cost": 25.00463843786698, "completition_cost": 0.0, "overshoot_cost": 51.52983876824341, "power_cost": 18.167043896484376, "noise_cost": 14.014148163694792, "n_waypoints_completed": 9, "tot_waypoints": 9}}
{"target": -191.17243611271599, "params": {"k_pid_pos": [0.9994264204565256, 0.0, 0.13379532108013], "k_pid_alt": [1.1494998384579342, 0.0, 0.006743006213188058], "k_pid_att": [10.793447507497405, 0.0001, 0.6408433373188389], "k_pid_yaw": [0.5, 1e-06, 0.1], "k_pid_hsp": [0.4009695466877028, 0.0019929608389917214, 0.0], "k_pid_vsp": [400.0, 39.78002137539759, 14.414978051515913]}, "datetime": {"datetime": "2025-08-21 16:39:54", "elapsed": 28510.566943645477, "delta": 18.47019052505493}, "costs": {"total_cost": 191.17243611271599, "time_cost": 71.52, "final_distance_cost": 1.8458181453004618, "oscillation_cost": 29.370173455211894, "completition_cost": 0.0, "overshoot_cost": 51.591050128515434, "power_cost": 21.056722265625, "noise_cost": 15.788672118063214, "n_waypoints_completed": 9, "tot_waypoints": 9}}
{"target": -172.42167672161798, "params": {"k_pid_pos": [1.1161308902229325, 0.0, 0.13876027393112741], "k_pid_alt": [1.1481219377403382, 0.0, 0.010114499036475126], "k_pid_att": [9.75832369893638, 0.0001, 0.6388324502503645], "k_pid_yaw": [0.5, 1e-06, 0.1], "k_pid_hsp": [0.08607232401094714, 0.004073779862247816, 0.0], "k_pid_vsp": [400.0, 38.800498882601794, 16.13359793858438]}, "datetime": {"datetime": "2025-08-21 16:40:10", "elapsed": 28526.759788036346, "delta": 16.19284439086914}, "costs": {"total_cost": 172.42167672161798, "time_cost": 71.632, "final_distance_cost": 1.7624549520180863, "oscillation_cost": 26.22258886691953, "completition_cost": 0.0, "overshoot_cost": 51.765343480065816, "power_cost": 11.524315869140626, "noise_cost": 9.514973553473926, "n_waypoints_completed": 9, "tot_waypoints": 9}}
{"target": -176.84938278568725, "params": {"k_pid_pos": [1.1041926104845605, 0.0, 0.14274027985922], "k_pid_alt": [1.2001686618498753, 0.0, 0.017360662863305204], "k_pid_att": [22.498961386477248, 0.0001, 0.5783266238829657], "k_pid_yaw": [0.5, 1e-06, 0.1], "k_pid_hsp": [0.18612176991989274, 0.002821903703377964, 0.0], "k_pid_vsp": [400.0, 1e-06, 16.699238247267278]}, "datetime": {"datetime": "2025-08-21 16:40:28", "elapsed": 28545.27605366707, "delta": 18.516265630722046}, "costs": {"total_cost": 176.84938278568725, "time_cost": 71.424, "final_distance_cost": 1.8233325583976407, "oscillation_cost": 28.18837961785116, "completition_cost": 0.0, "overshoot_cost": 51.56430871460123, "power_cost": 12.974079077148438, "noise_cost": 10.875282817688765, "n_waypoints_completed": 9, "tot_waypoints": 9}}
{"target": -172.29595194110277, "params": {"k_pid_pos": [1.1227696956147992, 0.0, 0.12470988946051928], "k_pid_alt": [1.1792844489823378, 0.0, 0.016600709059065764], "k_pid_att": [15.183466508654641, 0.0001, 0.4955254533395049], "k_pid_yaw": [0.5, 1e-06, 0.1], "k_pid_hsp": [0.11036692021347935, 0.003269092062432933, 0.0], "k_pid_vsp": [400.0, 38.739261778229924, 20.717604235770207]}, "datetime": {"datetime": "2025-08-21 16:40:45", "elapsed": 28561.67117714882, "delta": 16.39512348175049}, "costs": {"total_cost": 172.29595194110277, "time_cost": 70.544, "final_distance_cost": 1.7867276579610614, "oscillation_cost": 27.432496338209344, "completition_cost": 0.0, "overshoot_cost": 51.50989434224988, "power_cost": 11.514494042968751, "noise_cost": 9.508339559713718, "n_waypoints_completed": 9, "tot_waypoints": 9}}
{"target": -184.5382300154245, "params": {"k_pid_pos": [1.1280010784800827, 0.0, 0.1424038484855181], "k_pid_alt": [1.142802579864325, 0.0, 0.017524953297684828], "k_pid_att": [16.970838857739448, 0.0001, 0.6329958456789236], "k_pid_yaw": [0.5, 1e-06, 0.1], "k_pid_hsp": [0.18439970898517824, 0.0011318351566427516, 0.0], "k_pid_vsp": [400.0, 39.63965910580198, 17.11714732042645]}, "datetime": {"datetime": "2025-08-21 16:41:02", "elapsed": 28578.596824407578, "delta": 16.925647258758545}, "costs": {"total_cost": 184.5382300154245, "time_cost": 71.376, "final_distance_cost": 1.825920634452084, "oscillation_cost": 28.001013651611736, "completition_cost": 0.0, "overshoot_cost": 51.143682534928494, "power_cost": 18.172982873535158, "noise_cost": 14.01863032089703, "n_waypoints_completed": 9, "tot_waypoints": 9}}
{"target": -193.01009450207047, "params": {"k_pid_pos": [1.0708916956057877, 0.0, 0.13512922024536128], "k_pid_alt": [0.6669364037624088, 0.0, 0.01735126310198061], "k_pid_att": [29.454806851773323, 0.0001, 0.36413003007403033], "k_pid_yaw": [0.5, 1e-06, 0.1], "k_pid_hsp": [0.20736455126918943, 0.013824057343054589, 0.0], "k_pid_vsp": [399.6936268847475, 12.357008763905874, 26.993847244490688]}, "datetime": {"datetime": "2025-08-21 16:41:20", "elapsed": 28597.380652189255, "delta": 18.783827781677246}, "costs": {"total_cost": 193.01009450207047, "time_cost": 77.992, "final_distance_cost": 1.8164221805293248, "oscillation_cost": 29.251734952347515, "completition_cost": 0.0, "overshoot_cost": 53.51140805191549, "power_cost": 16.93179704589844, "noise_cost": 13.5067322713797, "n_waypoints_completed": 9, "tot_waypoints": 9}}
{"target": -175.18125344308905, "params": {"k_pid_pos": [1.154849366926902, 0.0, 0.13843380653082918], "k_pid_alt": [1.4379363044342526, 0.0, 0.020095639239168288], "k_pid_att": [14.48303573791184, 0.0001, 0.5752473480174042], "k_pid_yaw": [0.5, 1e-06, 0.1], "k_pid_hsp": [0.24374396605409462, 0.005162053329768215, 0.0], "k_pid_vsp": [396.3213163692129, 40.892357426495074, 18.497656997155012]}, "datetime": {"datetime": "2025-08-21 16:41:37", "elapsed": 28613.7834379673, "delta": 16.402785778045654}, "costs": {"total_cost": 175.18125344308905, "time_cost": 70.288, "final_distance_cost": 1.8241538898709027, "oscillation_cost": 29.238037251971154, "completition_cost": 0.0, "overshoot_cost": 50.34611885298773, "power_cost": 12.776545751953126, "noise_cost": 10.708397696306134, "n_waypoints_completed": 9, "tot_waypoints": 9}}
{"target": -171.57508926376093, "params": {"k_pid_pos": [1.122869176859556, 0.0, 0.141072806592083], "k_pid_alt": [1.1590671588536208, 0.0, 0.020286774050985196], "k_pid_att": [14.9130346860653, 0.0001, 0.6360981056937062], "k_pid_yaw": [0.5, 1e-06, 0.1], "k_pid_hsp": [0.1267497987978341, 0.0033995504944980674, 0.0], "k_pid_vsp": [394.1481053778596, 1e-06, 19.47695693931679]}, "datetime": {"datetime": "2025-08-21 16:41:53", "elapsed": 28630.273176431656, "delta": 16.48973846435547}, "costs": {"total_cost": 171.57508926376093, "time_cost": 71.032, "final_distance_cost": 1.804984398605963, "oscillation_cost": 27.70612454735854, "completition_cost": 0.0, "overshoot_cost": 51.08471888268751, "power_cost": 10.998978466796876, "noise_cost": 8.948282968312041, "n_waypoints_completed": 9, "tot_waypoints": 9}}
{"target": -179.71528567682952, "params": {"k_pid_pos": [1.1153338747744637, 0.0, 0.16155093984219282], "k_pid_alt": [1.2112922211488686, 0.0, 0.020915035153294348], "k_pid_att": [15.509255189357434, 0.0001, 0.6270223383753785], "k_pid_yaw": [0.5, 1e-06, 0.1], "k_pid_hsp": [0.1395877770159223, 0.004961928037224908, 0.0], "k_pid_vsp": [396.4222214831042, 52.730395450084735, 16.05121840747047]}, "datetime": {"datetime": "2025-08-21 16:42:10", "elapsed": 28647.104716539383, "delta": 16.83154010772705}, "costs": {"total_cost": 179.71528567682952, "time_cost": 69.944, "final_distance_cost": 1.8279255863415944, "oscillation_cost": 27.800876646534025, "completition_cost": 0.0, "overshoot_cost": 50.43657130310788, "power_cost": 16.552677001953125, "noise_cost": 13.153235138892882, "n_waypoints_completed": 9, "tot_waypoints": 9}}
