{"target": -194.1665661400687, "params": {"k_pid_pos": [1.0555206074345658, 0.0, 0.12292725293994962], "k_pid_alt": [0.5174760909643887, 0.0, 0.009949931491828707], "k_pid_att": [33.512268193428696, 0.0001, 0.6747076807173036], "k_pid_yaw": [0.5, 1e-06, 0.1], "k_pid_hsp": [0.24994330782631924, 0.022641338924743938, 0.0], "k_pid_vsp": [400.0, 5.510410823022792, 17.223690630255945]}, "datetime": {"datetime": "2025-08-21 14:57:05", "elapsed": 22341.452850580215, "delta": 17.99226975440979}, "costs": {"total_cost": 194.1665661400687, "time_cost": 76.024, "final_distance_cost": 1.8494724642111018, "oscillation_cost": 32.24161692062233, "completition_cost": 0.0, "overshoot_cost": 50.92985570821636, "power_cost": 18.985771557617188, "noise_cost": 14.135849489401709, "n_waypoints_completed": 9, "tot_waypoints": 9}}
{"target": -171.85857108299933, "params": {"k_pid_pos": [1.212810080477829, 0.0, 0.1304164256739706], "k_pid_alt": [1.0051930800428868, 0.0, 0.009427416817439848], "k_pid_att": [18.93665456348427, 0.0001, 0.678674159655815], "k_pid_yaw": [0.5, 1e-06, 0.1], "k_pid_hsp": [0.8029245773979037, 0.002938458886279507, 0.0], "k_pid_vsp": [398.5333112031041, 26.048595624059814, 17.817420532589438]}, "datetime": {"datetime": "2025-08-21 14:57:22", "elapsed": 22358.950072288513, "delta": 17.49722170829773}, "costs": {"total_cost": 171.85857108299933, "time_cost": 71.256, "final_distance_cost": 1.834040019543537, "oscillation_cost": 31.48349612841554, "completition_cost": 0.0, "overshoot_cost": 51.03565040582374, "power_cost": 8.378254296875001, "noise_cost": 7.871130232341493, "n_waypoints_completed": 9, "tot_waypoints": 9}}
{"target": -179.61434525362156, "params": {"k_pid_pos": [1.1149589076998563, 0.0, 0.12789595294406014], "k_pid_alt": [0.9538776279401463, 0.0, 0.00976508339078612], "k_pid_att": [16.82854112985715, 0.0001, 0.6454804846528498], "k_pid_yaw": [0.5, 1e-06, 0.1], "k_pid_hsp": [0.11354554704067599, 0.004075119228416531, 0.0], "k_pid_vsp": [386.7632059643795, 22.470919450735046, 14.710657673474582]}, "datetime": {"datetime": "2025-08-21 14:57:39", "elapsed": 22375.51851582527, "delta": 16.568443536758423}, "costs": {"total_cost": 179.61434525362156, "time_cost": 72.68, "final_distance_cost": 1.790843250945375, "oscillation_cost": 27.26162517803082, "completition_cost": 0.0, "overshoot_cost": 52.41550916678299, "power_cost": 13.542779833984376, "noise_cost": 11.923587823877996, "n_waypoints_completed": 9, "tot_waypoints": 9}}
{"target": -176.47562564817346, "params": {"k_pid_pos": [1.130961074706265, 0.0, 0.13741758051755182], "k_pid_alt": [1.0160054521833526, 0.0, 0.016200844433945386], "k_pid_att": [15.985410531644622, 0.0001, 0.6508219483250517], "k_pid_yaw": [0.5, 1e-06, 0.1], "k_pid_hsp": [0.18520083997201522, 0.0052804436771344875, 0.0], "k_pid_vsp": [389.1658077353456, 17.71541528723459, 19.127235635281853]}, "datetime": {"datetime": "2025-08-21 14:57:56", "elapsed": 22392.922204256058, "delta": 17.403688430786133}, "costs": {"total_cost": 176.47562564817346, "time_cost": 70.864, "final_distance_cost": 1.8052982738102665, "oscillation_cost": 29.090728855713145, "completition_cost": 0.0, "overshoot_cost": 51.27114413563958, "power_cost": 12.714956958007813, "noise_cost": 10.729497425002641, "n_waypoints_completed": 9, "tot_waypoints": 9}}
{"target": -193.83592868715633, "params": {"k_pid_pos": [1.2546942667778722, 0.0, 0.17778926132182582], "k_pid_alt": [0.8451754179323823, 0.0, 0.0018680696355085034], "k_pid_att": [18.146987966255754, 0.0001, 0.5820435239157228], "k_pid_yaw": [0.5, 1e-06, 0.1], "k_pid_hsp": [0.4099236164449795, 0.005631635413186869, 0.0], "k_pid_vsp": [390.82757902944894, 3.8167212966741566, 32.600685132402084]}, "datetime": {"datetime": "2025-08-21 14:58:13", "elapsed": 22409.696685552597, "delta": 16.774481296539307}, "costs": {"total_cost": 193.83592868715633, "time_cost": 72.248, "final_distance_cost": 1.8382687565659102, "oscillation_cost": 30.47490877626628, "completition_cost": 0.0, "overshoot_cost": 52.04376667635205, "power_cost": 21.37704207763672, "noise_cost": 15.853942400335365, "n_waypoints_completed": 9, "tot_waypoints": 9}}
{"target": -185.24426300451807, "params": {"k_pid_pos": [1.1340019200563443, 0.0, 0.15121180568875547], "k_pid_alt": [0.9991058364405307, 0.0, 0.00969469007711539], "k_pid_att": [31.799955451523946, 0.0001, 0.6515473887520788], "k_pid_yaw": [0.5, 1e-06, 0.1], "k_pid_hsp": [0.13622628761959857, 0.0, 0.0], "k_pid_vsp": [394.2550416429654, 12.751630540882385, 15.085840662567819]}, "datetime": {"datetime": "2025-08-21 14:58:31", "elapsed": 22427.437079429626, "delta": 17.74039387702942}, "costs": {"total_cost": 185.24426300451807, "time_cost": 73.272, "final_distance_cost": 1.7974217301066426, "oscillation_cost": 28.547199231892073, "completition_cost": 0.0, "overshoot_cost": 52.22993268326727, "power_cost": 16.034552380371096, "noise_cost": 13.36315697888096, "n_waypoints_completed": 9, "tot_waypoints": 9}}
{"target": -184.54158936057235, "params": {"k_pid_pos": [1.650315310657939, 0.0, 0.18245194164171546], "k_pid_alt": [1.1123686335511895, 0.0, 0.0031317087855521264], "k_pid_att": [22.03719359598655, 0.0001, 0.6588278676669902], "k_pid_yaw": [0.5, 1e-06, 0.1], "k_pid_hsp": [0.8517106060793832, 0.0029848126848802054, 0.0], "k_pid_vsp": [377.89023318893874, 26.261591241725007, 33.04260414643858]}, "datetime": {"datetime": "2025-08-21 14:58:48", "elapsed": 22444.91516184807, "delta": 17.478082418441772}, "costs": {"total_cost": 184.54158936057235, "time_cost": 71.224, "final_distance_cost": 1.8135803055175586, "oscillation_cost": 33.16758915258867, "completition_cost": 0.0, "overshoot_cost": 51.11278071996229, "power_cost": 14.802730603027344, "noise_cost": 12.420908579476436, "n_waypoints_completed": 9, "tot_waypoints": 9}}
{"target": -1216.388590762082, "params": {"k_pid_pos": [1.123106518300441, 0.0, 0.12736016305853748], "k_pid_alt": [0.9846592034019381, 0.0, 0.0], "k_pid_att": [25.622731317423145, 0.24722469117857754, 0.6495761392361212], "k_pid_yaw": [0.5, 1e-06, 0.1], "k_pid_hsp": [0.0001, 0.002418971345265926, 0.0], "k_pid_vsp": [393.00061998627604, 12.540683875979738, 1e-06]}, "datetime": {"datetime": "2025-08-21 14:59:12", "elapsed": 22468.574286699295, "delta": 23.659124851226807}, "costs": {"total_cost": 1216.388590762082, "time_cost": 150, "final_distance_cost": 63.621521607245406, "oscillation_cost": 0.22778599995994672, "completition_cost": 888.8888888888888, "overshoot_cost": 93.0875721556162, "power_cost": 9.600314660644532, "noise_cost": 10.962507449727143, "n_waypoints_completed": 1, "tot_waypoints": 9}}
{"target": -175.7755731765245, "params": {"k_pid_pos": [1.1175761305592338, 0.0, 0.10746845891724591], "k_pid_alt": [1.0059770326841344, 0.0, 0.011983911611501169], "k_pid_att": [16.596670992489994, 0.0001, 0.4582981154334861], "k_pid_yaw": [0.5, 1e-06, 0.1], "k_pid_hsp": [0.08178388115650165, 0.003845572021289534, 0.0], "k_pid_vsp": [383.5005807007144, 24.018565979887573, 16.867320785463082]}, "datetime": {"datetime": "2025-08-21 14:59:29", "elapsed": 22485.74120402336, "delta": 17.166917324066162}, "costs": {"total_cost": 175.7755731765245, "time_cost": 72.768, "final_distance_cost": 1.7457331848729651, "oscillation_cost": 26.82848859264744, "completition_cost": 0.0, "overshoot_cost": 51.46399514377939, "power_cost": 12.480108154296875, "noise_cost": 10.489248100927824, "n_waypoints_completed": 9, "tot_waypoints": 9}}
{"target": -181.5114664964392, "params": {"k_pid_pos": [1.1567875912121406, 0.0, 0.11534565328124488], "k_pid_alt": [0.9729955702139736, 0.0, 0.009396279876312965], "k_pid_att": [5.526497529547733, 0.0001, 0.5379859522532038], "k_pid_yaw": [0.5, 1e-06, 0.1], "k_pid_hsp": [0.5349279546369055, 0.004539277182244124, 0.0], "k_pid_vsp": [384.4182320557842, 2.8280369152468303, 12.445495827571268]}, "datetime": {"datetime": "2025-08-21 14:59:46", "elapsed": 22502.438853263855, "delta": 16.697649240493774}, "costs": {"total_cost": 181.5114664964392, "time_cost": 71.32000000000001, "final_distance_cost": 1.8342750514937365, "oscillation_cost": 31.120276662243086, "completition_cost": 0.0, "overshoot_cost": 51.89172346112316, "power_cost": 14.234252673339844, "noise_cost": 11.11093864823935, "n_waypoints_completed": 9, "tot_waypoints": 9}}
{"target": -186.64626069713185, "params": {"k_pid_pos": [1.1316653944237327, 0.0, 0.16465227162904844], "k_pid_alt": [0.9521266211399874, 0.0, 0.012747998763226907], "k_pid_att": [18.718349970532454, 0.0001, 0.6302904209296977], "k_pid_yaw": [0.5, 1e-06, 0.1], "k_pid_hsp": [0.17035750573614908, 0.0, 0.0], "k_pid_vsp": [400.0, 21.864353698192968, 14.661000705937916]}, "datetime": {"datetime": "2025-08-21 15:00:03", "elapsed": 22519.631965637207, "delta": 17.19311237335205}, "costs": {"total_cost": 186.64626069713185, "time_cost": 73.296, "final_distance_cost": 1.8045275256744868, "oscillation_cost": 28.691864750946902, "completition_cost": 0.0, "overshoot_cost": 52.04389122485564, "power_cost": 17.337919140625, "noise_cost": 13.472058055029802, "n_waypoints_completed": 9, "tot_waypoints": 9}}
{"target": -171.025944148856, "params": {"k_pid_pos": [1.1733609487598966, 0.0, 0.14570598195516463], "k_pid_alt": [1.014829404887831, 0.0, 0.006232763402972148], "k_pid_att": [24.452164342470034, 0.0001, 0.6541263302381275], "k_pid_yaw": [0.5, 1e-06, 0.1], "k_pid_hsp": [0.4781635818038148, 0.0015480463541791647, 0.0], "k_pid_vsp": [388.39595779050916, 31.22640911357381, 14.640893162644437]}, "datetime": {"datetime": "2025-08-21 15:00:20", "elapsed": 22537.02382540703, "delta": 17.391859769821167}, "costs": {"total_cost": 171.025944148856, "time_cost": 70.896, "final_distance_cost": 1.842334038129089, "oscillation_cost": 31.346839270420766, "completition_cost": 0.0, "overshoot_cost": 50.75863842613771, "power_cost": 8.22625732421875, "noise_cost": 7.955875089949686, "n_waypoints_completed": 9, "tot_waypoints": 9}}
{"target": -177.69325715088146, "params": {"k_pid_pos": [1.1394066811857644, 0.0, 0.12952216723291088], "k_pid_alt": [0.9331600663010123, 0.0, 0.013002224319840782], "k_pid_att": [15.20699558581686, 0.0001, 0.623639535031163], "k_pid_yaw": [0.5, 1e-06, 0.1], "k_pid_hsp": [0.1152871596069942, 0.002545651763778216, 0.0], "k_pid_vsp": [384.56929463214516, 37.19762248578516, 25.08357959547095]}, "datetime": {"datetime": "2025-08-21 15:00:37", "elapsed": 22553.919849157333, "delta": 16.896023750305176}, "costs": {"total_cost": 177.69325715088146, "time_cost": 71.304, "final_distance_cost": 1.805076090006797, "oscillation_cost": 27.538959574853926, "completition_cost": 0.0, "overshoot_cost": 51.09933587369102, "power_cost": 14.144964526367188, "noise_cost": 11.800921085962562, "n_waypoints_completed": 9, "tot_waypoints": 9}}
{"target": -188.08943072415622, "params": {"k_pid_pos": [1.2539558356489726, 0.0, 0.0761563586843443], "k_pid_alt": [0.757295797225844, 0.0, 0.001977017303291766], "k_pid_att": [36.54502147184762, 0.0001, 0.28772565466863054], "k_pid_yaw": [0.5, 1e-06, 0.1], "k_pid_hsp": [0.4905999523594655, 0.009150063184752729, 0.0], "k_pid_vsp": [378.9310728293716, 29.437985967924668, 27.96111804332469]}, "datetime": {"datetime": "2025-08-21 15:00:53", "elapsed": 22570.05815935135, "delta": 16.138310194015503}, "costs": {"total_cost": 188.08943072415622, "time_cost": 70.728, "final_distance_cost": 1.8286175796600823, "oscillation_cost": 31.168372351307088, "completition_cost": 0.0, "overshoot_cost": 50.83200203505216, "power_cost": 19.443429968261718, "noise_cost": 14.08900878987519, "n_waypoints_completed": 9, "tot_waypoints": 9}}
{"target": -1248.848881684872, "params": {"k_pid_pos": [1.8740181515303316, 0.0, 0.12120570687925737], "k_pid_alt": [1.0312706248332422, 0.0, 0.011757582143140159], "k_pid_att": [3.948174939151013, 0.0001, 0.5957667461029248], "k_pid_yaw": [0.5, 1e-06, 0.1], "k_pid_hsp": [0.0001, 0.003937147339711872, 0.0], "k_pid_vsp": [389.24727509936486, 23.18954725728205, 18.37390340938778]}, "datetime": {"datetime": "2025-08-21 15:01:17", "elapsed": 22593.75581932068, "delta": 23.697659969329834}, "costs": {"total_cost": 1248.848881684872, "time_cost": 150, "final_distance_cost": 53.285333735285825, "oscillation_cost": 0.8451428063401929, "completition_cost": 888.8888888888888, "overshoot_cost": 94.9002611060675, "power_cost": 37.114682189941405, "noise_cost": 23.814572958348005, "n_waypoints_completed": 1, "tot_waypoints": 9}}
{"target": -168.78820423765958, "params": {"k_pid_pos": [1.114945992901796, 0.0, 0.0802041342328737], "k_pid_alt": [0.802231627975259, 0.0, 0.009232721683011168], "k_pid_att": [6.352595434260149, 0.0001, 0.7440052145991789], "k_pid_yaw": [0.5, 1e-06, 0.1], "k_pid_hsp": [0.5512073586461631, 0.0008894116158647586, 0.0], "k_pid_vsp": [384.1839637639961, 10.976753909032942, 12.625602975962947]}, "datetime": {"datetime": "2025-08-21 15:01:34", "elapsed": 22610.695402622223, "delta": 16.93958330154419}, "costs": {"total_cost": 168.78820423765958, "time_cost": 71.984, "final_distance_cost": 1.8294381274226907, "oscillation_cost": 30.707340300596304, "completition_cost": 0.0, "overshoot_cost": 50.6269403129532, "power_cost": 6.499077453613282, "noise_cost": 7.141408043074106, "n_waypoints_completed": 9, "tot_waypoints": 9}}
{"target": -178.9341311087234, "params": {"k_pid_pos": [1.208355394103957, 0.0, 0.1253961544096295], "k_pid_alt": [1.0902132735615437, 0.0, 0.0044602368296163125], "k_pid_att": [12.908206442142971, 0.0001, 0.3853580425505825], "k_pid_yaw": [0.5, 1e-06, 0.1], "k_pid_hsp": [0.32192513322803123, 0.004737006004674701, 0.0], "k_pid_vsp": [397.5430452312214, 12.952792342476284, 14.526153620049135]}, "datetime": {"datetime": "2025-08-21 15:01:50", "elapsed": 22626.737429857254, "delta": 16.042027235031128}, "costs": {"total_cost": 178.9341311087234, "time_cost": 70.984, "final_distance_cost": 1.8265131162950414, "oscillation_cost": 30.653089564074882, "completition_cost": 0.0, "overshoot_cost": 50.836172214579555, "power_cost": 13.41421767578125, "noise_cost": 11.22013853799265, "n_waypoints_completed": 9, "tot_waypoints": 9}}
{"target": -181.3055013835203, "params": {"k_pid_pos": [1.1332310134675652, 0.05415022300607777, 0.12245810924138834], "k_pid_alt": [0.9926210723861301, 0.0, 0.00934422812155858], "k_pid_att": [22.862551240584093, 0.11476895720462522, 0.5908997251115369], "k_pid_yaw": [0.5, 1e-06, 0.1], "k_pid_hsp": [0.3354802746976846, 0.001319894337309248, 0.0], "k_pid_vsp": [387.4188970991751, 18.202318472217822, 15.292066499629978]}, "datetime": {"datetime": "2025-08-21 15:02:06", "elapsed": 22643.309080839157, "delta": 16.571650981903076}, "costs": {"total_cost": 181.3055013835203, "time_cost": 71.848, "final_distance_cost": 1.8359382847518397, "oscillation_cost": 29.194441644746597, "completition_cost": 0.0, "overshoot_cost": 51.24755662724962, "power_cost": 15.099399084472656, "noise_cost": 12.080165742299572, "n_waypoints_completed": 9, "tot_waypoints": 9}}
{"target": -192.36886116133834, "params": {"k_pid_pos": [1.2856065158497991, 0.0, 0.04487978123135619], "k_pid_alt": [1.0871334288458254, 0.0, 0.008022002599029604], "k_pid_att": [15.349706200268267, 0.0001, 0.6623469102040601], "k_pid_yaw": [0.5, 1e-06, 0.1], "k_pid_hsp": [0.15058303874616596, 0.003492337379720876, 0.0], "k_pid_vsp": [400.0, 22.112842913184686, 18.56152060256874]}, "datetime": {"datetime": "2025-08-21 15:02:23", "elapsed": 22659.829078435898, "delta": 16.519997596740723}, "costs": {"total_cost": 192.36886116133834, "time_cost": 71.248, "final_distance_cost": 1.8020473662287066, "oscillation_cost": 30.057872746349776, "completition_cost": 0.0, "overshoot_cost": 51.84341918429958, "power_cost": 21.875485388183595, "noise_cost": 15.542036476276683, "n_waypoints_completed": 9, "tot_waypoints": 9}}
{"target": -168.3093223960481, "params": {"k_pid_pos": [1.4807460683907123, 0.00023804293938588293, 0.15667259778279663], "k_pid_alt": [0.9872124344697167, 0.0, 0.009150068427122866], "k_pid_att": [15.948527886617185, 0.0001, 0.6016752680821118], "k_pid_yaw": [0.5, 1e-06, 0.1], "k_pid_hsp": [0.18609071883905623, 0.005463392015375972, 0.0], "k_pid_vsp": [391.89680868367776, 17.47276771159611, 16.642770259951362]}, "datetime": {"datetime": "2025-08-21 15:02:39", "elapsed": 22675.945375204086, "delta": 16.116296768188477}, "costs": {"total_cost": 168.3093223960481, "time_cost": 70.648, "final_distance_cost": 1.7856054185269477, "oscillation_cost": 30.91339045613355, "completition_cost": 0.0, "overshoot_cost": 51.28708464613344, "power_cost": 6.917463500976563, "noise_cost": 6.757778374277585, "n_waypoints_completed": 9, "tot_waypoints": 9}}
{"target": -182.00285071790367, "params": {"k_pid_pos": [1.127482419661413, 0.0, 0.0], "k_pid_alt": [1.0990752247283018, 0.0, 0.009783053609699532], "k_pid_att": [15.336511700220488, 0.0001, 0.6452884641008568], "k_pid_yaw": [0.5, 1e-06, 0.1], "k_pid_hsp": [0.11351940951326006, 0.004861064396646071, 0.0], "k_pid_vsp": [385.3360265494558, 17.344358026186015, 16.069376631166655]}, "datetime": {"datetime": "2025-08-21 15:02:56", "elapsed": 22693.371094465256, "delta": 17.425719261169434}, "costs": {"total_cost": 182.00285071790367, "time_cost": 72.496, "final_distance_cost": 1.7525844382319646, "oscillation_cost": 30.211846083760207, "completition_cost": 0.0, "overshoot_cost": 51.58865035757649, "power_cost": 14.274993041992188, "noise_cost": 11.678776796342826, "n_waypoints_completed": 9, "tot_waypoints": 9}}
{"target": -172.64041464795147, "params": {"k_pid_pos": [1.1266930452263382, 0.0, 0.14173171685025598], "k_pid_alt": [1.2303647236262811, 0.0, 0.010520771305323674], "k_pid_att": [23.455686668820977, 0.0001, 0.6395202574173845], "k_pid_yaw": [0.5, 1e-06, 0.1], "k_pid_hsp": [0.5458497411978623, 0.002480853003023327, 0.0], "k_pid_vsp": [400.0, 12.899666356272734, 16.84768557703059]}, "datetime": {"datetime": "2025-08-21 15:03:13", "elapsed": 22709.495829582214, "delta": 16.124735116958618}, "costs": {"total_cost": 172.64041464795147, "time_cost": 70.688, "final_distance_cost": 1.8474648342433377, "oscillation_cost": 32.94230836330694, "completition_cost": 0.0, "overshoot_cost": 50.74444026767219, "power_cost": 8.499236206054688, "noise_cost": 7.918964976674317, "n_waypoints_completed": 9, "tot_waypoints": 9}}
{"target": -178.23516747912151, "params": {"k_pid_pos": [1.137070263274677, 0.0, 0.1896508706903816], "k_pid_alt": [0.9161664583738708, 0.0, 0.007058057832185816], "k_pid_att": [16.03073866933284, 0.0001, 0.6373146949194068], "k_pid_yaw": [0.5, 1e-06, 0.1], "k_pid_hsp": [0.14995752520411765, 0.0027207491778809207, 0.0], "k_pid_vsp": [387.4459309585242, 16.479804419263814, 1.1119010562539606]}, "datetime": {"datetime": "2025-08-21 15:03:29", "elapsed": 22726.431080579758, "delta": 16.935250997543335}, "costs": {"total_cost": 178.23516747912151, "time_cost": 71.83200000000001, "final_distance_cost": 1.8170427682784205, "oscillation_cost": 27.769017752282707, "completition_cost": 0.0, "overshoot_cost": 50.89117012163591, "power_cost": 13.711080725097657, "noise_cost": 12.214856111826794, "n_waypoints_completed": 9, "tot_waypoints": 9}}
{"target": -185.67996664997105, "params": {"k_pid_pos": [1.5083888167238038, 0.0, 0.12502684207495118], "k_pid_alt": [1.0962638247885574, 0.0, 0.011470184263267175], "k_pid_att": [8.432648049321028, 0.0001, 0.6810710274857584], "k_pid_yaw": [0.5, 1e-06, 0.1], "k_pid_hsp": [0.14388175957637564, 3.617982271525921e-05, 0.0], "k_pid_vsp": [387.19276311973, 17.579360656900725, 17.396045417736783]}, "datetime": {"datetime": "2025-08-21 15:03:47", "elapsed": 22743.450530052185, "delta": 17.019449472427368}, "costs": {"total_cost": 185.67996664997105, "time_cost": 70.752, "final_distance_cost": 1.7556559759411776, "oscillation_cost": 30.33373259278309, "completition_cost": 0.0, "overshoot_cost": 51.29708266253342, "power_cost": 17.954827172851562, "noise_cost": 13.586668245861816, "n_waypoints_completed": 9, "tot_waypoints": 9}}
{"target": -189.83502019447945, "params": {"k_pid_pos": [1.3062168820544646, 0.0, 0.13218310627976032], "k_pid_alt": [1.1755491882993243, 0.0, 0.009325092676488483], "k_pid_att": [17.62166285121046, 0.0001, 0.6965273712212721], "k_pid_yaw": [0.5, 1e-06, 0.1], "k_pid_hsp": [0.12043983802709982, 0.0010744387797737222, 0.0], "k_pid_vsp": [393.5948319054999, 21.016518978448588, 17.53413604562811]}, "datetime": {"datetime": "2025-08-21 15:04:03", "elapsed": 22759.941296815872, "delta": 16.490766763687134}, "costs": {"total_cost": 189.83502019447945, "time_cost": 71.72, "final_distance_cost": 1.8095836140303074, "oscillation_cost": 28.479020317031573, "completition_cost": 0.0, "overshoot_cost": 52.24410636410931, "power_cost": 20.47388602294922, "noise_cost": 15.108423876359076, "n_waypoints_completed": 9, "tot_waypoints": 9}}
{"target": -177.77094853531642, "params": {"k_pid_pos": [1.2109558380823655, 0.0, 0.07933320602785658], "k_pid_alt": [1.1845344228158228, 0.0, 0.01017072711913664], "k_pid_att": [26.559649716399772, 0.0001, 0.705136117883322], "k_pid_yaw": [0.5, 1e-06, 0.1], "k_pid_hsp": [0.8057568037270825, 0.0, 0.0], "k_pid_vsp": [400.0, 10.79498527078356, 27.874938087158665]}, "datetime": {"datetime": "2025-08-21 15:04:19", "elapsed": 22776.19281768799, "delta": 16.25152087211609}, "costs": {"total_cost": 177.77094853531642, "time_cost": 70.656, "final_distance_cost": 1.8381782185341364, "oscillation_cost": 33.123926279411705, "completition_cost": 0.0, "overshoot_cost": 50.800697278274384, "power_cost": 11.206380676269532, "noise_cost": 10.14576608282667, "n_waypoints_completed": 9, "tot_waypoints": 9}}
