{"target": -186.1354165670839, "params": {"k_pid_pos": [1.1282793402418083, 0.0, 0.13779001727184312], "k_pid_alt": [1.1323461015774374, 0.0, 0.024491262030997375], "k_pid_att": [15.942357361586138, 0.0001, 0.549097473916545], "k_pid_yaw": [0.5, 1e-06, 0.1], "k_pid_hsp": [0.2765660520153577, 0.003338492549412084, 0.0], "k_pid_vsp": [400.0, 46.00915667043729, 17.853558307109775]}, "datetime": {"datetime": "2025-08-21 21:09:12", "elapsed": 44668.57632470131, "delta": 18.181834936141968}, "costs": {"total_cost": 186.1354165670839, "time_cost": 71.048, "final_distance_cost": 1.824079903533836, "oscillation_cost": 29.414519162329768, "completition_cost": 0.0, "overshoot_cost": 51.097587119572474, "power_cost": 19.002454016113283, "noise_cost": 13.748776365534534, "n_waypoints_completed": 9, "tot_waypoints": 9}}
{"target": -536.9303002803352, "params": {"k_pid_pos": [1.1202438078047452, 0.0, 0.10096516359528887], "k_pid_alt": [1.6558831988915288, 0.0, 0.01604836556423563], "k_pid_att": [15.490631194137169, 0.0001, 0.708343308119788], "k_pid_yaw": [0.5, 1e-06, 0.1], "k_pid_hsp": [0.024426860245757086, 0.0016790279097292542, 0.0], "k_pid_vsp": [399.64266051036753, 13.306832209380621, 16.91858183960745]}, "datetime": {"datetime": "2025-08-21 21:09:35", "elapsed": 44692.042964696884, "delta": 23.46663999557495}, "costs": {"total_cost": 536.9303002803352, "time_cost": 150, "final_distance_cost": 69.29102427612806, "oscillation_cost": 13.774902112967439, "completition_cost": 222.2222222222222, "overshoot_cost": 53.560470565084195, "power_cost": 15.754177563476564, "noise_cost": 12.327503540456856, "n_waypoints_completed": 7, "tot_waypoints": 9}}
{"target": -189.19061567851972, "params": {"k_pid_pos": [1.3484511818771248, 0.0, 0.13782984074263305], "k_pid_alt": [1.2837637529776738, 0.0, 0.020738527030743494], "k_pid_att": [17.8945986134789, 0.0001, 0.6636048084138935], "k_pid_yaw": [0.5, 1e-06, 0.1], "k_pid_hsp": [0.13356032219183808, 0.0025892757855423398, 0.0], "k_pid_vsp": [400.0, 44.05842661268333, 17.01499705014]}, "datetime": {"datetime": "2025-08-21 21:09:53", "elapsed": 44710.1600048542, "delta": 18.117040157318115}, "costs": {"total_cost": 189.19061567851972, "time_cost": 70.47200000000001, "final_distance_cost": 1.7641267882168468, "oscillation_cost": 29.608262007327337, "completition_cost": 0.0, "overshoot_cost": 51.31812211509845, "power_cost": 20.84475660400391, "noise_cost": 15.183348163873138, "n_waypoints_completed": 9, "tot_waypoints": 9}}
{"target": -170.69386755358173, "params": {"k_pid_pos": [1.124363891977513, 0.03265477886004227, 0.13801973489658334], "k_pid_alt": [1.191730193328121, 0.0, 0.014787470786337797], "k_pid_att": [16.821637646977027, 0.04259433420254041, 0.6698101606900193], "k_pid_yaw": [0.5, 1e-06, 0.1], "k_pid_hsp": [0.1478797610380515, 0.0032875245307533003, 0.0], "k_pid_vsp": [380.78010508327037, 44.42180992377724, 17.27840885065039]}, "datetime": {"datetime": "2025-08-21 21:10:10", "elapsed": 44726.7392642498, "delta": 16.579259395599365}, "costs": {"total_cost": 170.69386755358173, "time_cost": 70.296, "final_distance_cost": 1.7845233304686494, "oscillation_cost": 28.173157645154376, "completition_cost": 0.0, "overshoot_cost": 50.87663602721348, "power_cost": 10.201172424316407, "noise_cost": 9.362378126428801, "n_waypoints_completed": 9, "tot_waypoints": 9}}
{"target": -193.3843301030614, "params": {"k_pid_pos": [1.1143634773439022, 0.0, 0.10476527810932025], "k_pid_alt": [1.1849133752982817, 0.0, 0.0], "k_pid_att": [15.87299443247287, 0.0001, 0.6408364359743901], "k_pid_yaw": [0.5, 1e-06, 0.1], "k_pid_hsp": [0.1254025644732408, 0.0032801927836957055, 0.0], "k_pid_vsp": [400.0, 42.04452029165641, 17.707718931164077]}, "datetime": {"datetime": "2025-08-21 21:10:26", "elapsed": 44743.3597612381, "delta": 16.62049698829651}, "costs": {"total_cost": 193.3843301030614, "time_cost": 70.664, "final_distance_cost": 1.7990726127354568, "oscillation_cost": 27.83754935937261, "completition_cost": 0.0, "overshoot_cost": 51.053092347662535, "power_cost": 24.648871887207033, "noise_cost": 17.38174389608376, "n_waypoints_completed": 9, "tot_waypoints": 9}}
{"target": -186.4319182098838, "params": {"k_pid_pos": [1.0974991073310807, 0.0, 0.1858877028766626], "k_pid_alt": [1.4611668823897208, 0.0, 0.016651891546344277], "k_pid_att": [15.244302965404948, 0.0001, 0.6475603754431273], "k_pid_yaw": [0.5, 1e-06, 0.1], "k_pid_hsp": [0.19256121809865667, 0.0030529378490315126, 0.0], "k_pid_vsp": [398.87278157266076, 38.44359774469879, 17.407894042248316]}, "datetime": {"datetime": "2025-08-21 21:10:43", "elapsed": 44760.419316768646, "delta": 17.059555530548096}, "costs": {"total_cost": 186.4319182098838, "time_cost": 69.736, "final_distance_cost": 1.8301861608451042, "oscillation_cost": 28.451333535168967, "completition_cost": 0.0, "overshoot_cost": 50.504763138686684, "power_cost": 20.39986710205078, "noise_cost": 15.509768273132249, "n_waypoints_completed": 9, "tot_waypoints": 9}}
{"target": -167.2084376942429, "params": {"k_pid_pos": [1.1246127598949878, 0.0, 0.1425847832081111], "k_pid_alt": [1.2018934568620594, 0.0, 0.017461789587382478], "k_pid_att": [15.209893889906178, 0.0001, 0.650849683419014], "k_pid_yaw": [0.5, 1e-06, 0.1], "k_pid_hsp": [0.13500252622181091, 0.003352614351695998, 0.0], "k_pid_vsp": [397.5996737042031, 43.045737881225534, 15.620249158101455]}, "datetime": {"datetime": "2025-08-21 21:11:00", "elapsed": 44776.5440158844, "delta": 16.124699115753174}, "costs": {"total_cost": 167.2084376942429, "time_cost": 70.52, "final_distance_cost": 1.8197789248186245, "oscillation_cost": 27.71014709003406, "completition_cost": 0.0, "overshoot_cost": 51.0112734927113, "power_cost": 8.130088867187501, "noise_cost": 8.017149319491411, "n_waypoints_completed": 9, "tot_waypoints": 9}}
{"target": -176.6314212341449, "params": {"k_pid_pos": [1.1165838946238462, 0.0, 0.12637796540381818], "k_pid_alt": [1.272912399413829, 0.0, 0.015455511731034327], "k_pid_att": [15.287486596535807, 0.008474164368317699, 0.6285221035402607], "k_pid_yaw": [0.5, 1e-06, 0.1], "k_pid_hsp": [0.12499590581367248, 0.0033604769068064488, 0.0], "k_pid_vsp": [400.0, 43.56484803979657, 19.385451176185885]}, "datetime": {"datetime": "2025-08-21 21:11:18", "elapsed": 44794.62981963158, "delta": 18.085803747177124}, "costs": {"total_cost": 176.6314212341449, "time_cost": 70.168, "final_distance_cost": 1.8028816899296254, "oscillation_cost": 27.689696196418186, "completition_cost": 0.0, "overshoot_cost": 51.22495013452986, "power_cost": 14.451798120117187, "noise_cost": 11.294095093150052, "n_waypoints_completed": 9, "tot_waypoints": 9}}
{"target": -172.9901296576895, "params": {"k_pid_pos": [1.174648573272449, 0.0, 0.20345668023946478], "k_pid_alt": [1.2522509504427097, 0.0, 0.01603170517882953], "k_pid_att": [15.259035214802823, 0.0001, 0.6323824657003527], "k_pid_yaw": [0.5, 1e-06, 0.1], "k_pid_hsp": [0.12472115244323201, 0.0033550958518283034, 0.0], "k_pid_vsp": [389.1963727409818, 17.872922321321763, 8.247538456026732]}, "datetime": {"datetime": "2025-08-21 21:11:34", "elapsed": 44810.845579624176, "delta": 16.215759992599487}, "costs": {"total_cost": 172.9901296576895, "time_cost": 70.696, "final_distance_cost": 1.7923354516907213, "oscillation_cost": 27.55229982216295, "completition_cost": 0.0, "overshoot_cost": 51.69947078079287, "power_cost": 10.875559606933594, "noise_cost": 10.374463996109377, "n_waypoints_completed": 9, "tot_waypoints": 9}}
{"target": -175.51138439634616, "params": {"k_pid_pos": [1.1513707694259339, 0.0, 0.13913643046222715], "k_pid_alt": [1.1903019928241854, 0.0, 0.0107543908929533], "k_pid_att": [12.115368305633591, 0.0001, 0.6026619882989588], "k_pid_yaw": [0.5, 1e-06, 0.1], "k_pid_hsp": [0.2419929674235556, 0.0, 0.0], "k_pid_vsp": [400.0, 25.38802191504672, 17.20210859477839]}, "datetime": {"datetime": "2025-08-21 21:11:52", "elapsed": 44829.03742456436, "delta": 18.191844940185547}, "costs": {"total_cost": 175.51138439634616, "time_cost": 70.904, "final_distance_cost": 1.8263340692452876, "oscillation_cost": 29.323289231808623, "completition_cost": 0.0, "overshoot_cost": 51.285300394391555, "power_cost": 12.049550610351563, "noise_cost": 10.122910090549128, "n_waypoints_completed": 9, "tot_waypoints": 9}}
{"target": -178.29004564189094, "params": {"k_pid_pos": [1.129345311564451, 0.0, 0.1348432249330944], "k_pid_alt": [1.1982827757163823, 0.0, 0.010214148320318705], "k_pid_att": [21.305584909839347, 0.0001, 0.3510273913411238], "k_pid_yaw": [0.5, 1e-06, 0.1], "k_pid_hsp": [0.13380983448987438, 0.0, 0.0], "k_pid_vsp": [400.0, 12.895565215460262, 18.101526562866]}, "datetime": {"datetime": "2025-08-21 21:12:08", "elapsed": 44845.34291410446, "delta": 16.305489540100098}, "costs": {"total_cost": 178.29004564189094, "time_cost": 70.928, "final_distance_cost": 1.7869462728147563, "oscillation_cost": 27.823785840131254, "completition_cost": 0.0, "overshoot_cost": 51.28816810368999, "power_cost": 14.865720617675782, "noise_cost": 11.59742480757916, "n_waypoints_completed": 9, "tot_waypoints": 9}}
{"target": -165.31979490910444, "params": {"k_pid_pos": [1.2512134717681525, 0.0, 0.14044948619359043], "k_pid_alt": [1.1990077655322908, 0.0, 0.01702510325840756], "k_pid_att": [15.196183270456862, 0.0001, 0.6523539635371174], "k_pid_yaw": [0.5, 1e-06, 0.1], "k_pid_hsp": [0.10226251231043626, 0.003537469384093137, 0.0], "k_pid_vsp": [400.0, 69.29357996030637, 17.264820940574555]}, "datetime": {"datetime": "2025-08-21 21:12:26", "elapsed": 44862.6591296196, "delta": 17.31621551513672}, "costs": {"total_cost": 165.31979490910444, "time_cost": 70.256, "final_distance_cost": 1.7824537607446762, "oscillation_cost": 28.489439997170518, "completition_cost": 0.0, "overshoot_cost": 50.425759726173574, "power_cost": 7.3688613647460945, "noise_cost": 6.997280060269601, "n_waypoints_completed": 9, "tot_waypoints": 9}}
{"target": -172.9884497362485, "params": {"k_pid_pos": [1.1126542753891087, 0.0, 0.1371618461788276], "k_pid_alt": [1.1496606071353586, 0.0, 0.013609106315879568], "k_pid_att": [15.236053046744008, 0.0001, 0.6330122350191586], "k_pid_yaw": [0.5, 1e-06, 0.1], "k_pid_hsp": [0.12314322422724443, 0.003334505587720308, 0.0], "k_pid_vsp": [400.0, 44.42639700230055, 17.33742648742933]}, "datetime": {"datetime": "2025-08-21 21:12:43", "elapsed": 44879.74494385719, "delta": 17.085814237594604}, "costs": {"total_cost": 172.9884497362485, "time_cost": 70.224, "final_distance_cost": 1.8057417398344668, "oscillation_cost": 27.30019985602619, "completition_cost": 0.0, "overshoot_cost": 51.49553001784665, "power_cost": 11.983262573242188, "noise_cost": 10.179715549299015, "n_waypoints_completed": 9, "tot_waypoints": 9}}
{"target": -192.3309813657317, "params": {"k_pid_pos": [1.1225137532970209, 0.0, 0.14007197516167952], "k_pid_alt": [1.0778307137630097, 0.0, 0.014416533550195582], "k_pid_att": [10.165312027736407, 0.0001, 0.6436336881612622], "k_pid_yaw": [0.5, 1e-06, 0.1], "k_pid_hsp": [0.09568878116131506, 0.003792262074527385, 0.0], "k_pid_vsp": [400.0, 34.10970323505207, 17.24770560784944]}, "datetime": {"datetime": "2025-08-21 21:12:59", "elapsed": 44895.944442510605, "delta": 16.199498653411865}, "costs": {"total_cost": 192.3309813657317, "time_cost": 71.60000000000001, "final_distance_cost": 1.7856001274073785, "oscillation_cost": 26.835483319387414, "completition_cost": 0.0, "overshoot_cost": 52.38934390299218, "power_cost": 23.183319689941406, "noise_cost": 16.537234326003315, "n_waypoints_completed": 9, "tot_waypoints": 9}}
{"target": -184.8125815757563, "params": {"k_pid_pos": [1.1099846083241567, 0.0, 0.11753006557432749], "k_pid_alt": [1.2028668254697048, 0.0, 0.00656200670962738], "k_pid_att": [15.564644942765858, 0.0001, 0.6341343806169226], "k_pid_yaw": [0.5, 1e-06, 0.1], "k_pid_hsp": [0.11862697025939502, 0.0034000632212152163, 0.0], "k_pid_vsp": [400.0, 52.30973507381334, 17.016579304821796]}, "datetime": {"datetime": "2025-08-21 21:13:18", "elapsed": 44914.835119724274, "delta": 18.890677213668823}, "costs": {"total_cost": 184.8125815757563, "time_cost": 72.408, "final_distance_cost": 1.76985325191591, "oscillation_cost": 28.5654977251995, "completition_cost": 0.0, "overshoot_cost": 52.07622314732403, "power_cost": 16.952512927246094, "noise_cost": 13.040494524070768, "n_waypoints_completed": 9, "tot_waypoints": 9}}
{"target": -182.62757489466662, "params": {"k_pid_pos": [1.1195959505827688, 0.0, 0.1397150500263639], "k_pid_alt": [1.3543300490787442, 0.0, 0.015659466249699154], "k_pid_att": [15.176830797319692, 0.0001, 0.6177949088102188], "k_pid_yaw": [0.5, 1e-06, 0.1], "k_pid_hsp": [0.10605460039898988, 0.0019298633340317022, 0.0], "k_pid_vsp": [400.0, 34.402169096517696, 16.452829912558265]}, "datetime": {"datetime": "2025-08-21 21:13:34", "elapsed": 44931.23770403862, "delta": 16.402584314346313}, "costs": {"total_cost": 182.62757489466662, "time_cost": 70.8, "final_distance_cost": 1.7822121477696609, "oscillation_cost": 26.956360932224825, "completition_cost": 0.0, "overshoot_cost": 51.19636714483545, "power_cost": 17.846393347167968, "noise_cost": 14.046241322668713, "n_waypoints_completed": 9, "tot_waypoints": 9}}
{"target": -183.193240938243, "params": {"k_pid_pos": [1.1438282488816565, 0.0, 0.1339049401855337], "k_pid_alt": [1.1532535358999356, 0.0, 0.014599206007084331], "k_pid_att": [13.81192879166699, 0.0001, 0.6214706070799085], "k_pid_yaw": [0.5, 1e-06, 0.1], "k_pid_hsp": [0.16103561820725842, 0.0, 0.0], "k_pid_vsp": [399.63826293464155, 48.544891120284944, 28.695123930965565]}, "datetime": {"datetime": "2025-08-21 21:13:53", "elapsed": 44949.56344771385, "delta": 18.325743675231934}, "costs": {"total_cost": 183.193240938243, "time_cost": 71.896, "final_distance_cost": 1.8269850408733774, "oscillation_cost": 27.46075044153482, "completition_cost": 0.0, "overshoot_cost": 51.53317973478833, "power_cost": 16.988145727539063, "noise_cost": 13.488179993507428, "n_waypoints_completed": 9, "tot_waypoints": 9}}
{"target": -186.89696692696018, "params": {"k_pid_pos": [1.151971034622186, 0.0, 0.13789530849854112], "k_pid_alt": [1.189153550209486, 0.0, 0.015428248090482573], "k_pid_att": [22.134936935411407, 0.0001, 0.5837404629427613], "k_pid_yaw": [0.5, 1e-06, 0.1], "k_pid_hsp": [0.49767547542938617, 0.0023138744505661734, 0.0], "k_pid_vsp": [395.7471752089355, 8.063400123289448, 30.096911527679726]}, "datetime": {"datetime": "2025-08-21 21:14:11", "elapsed": 44967.57900071144, "delta": 18.01555299758911}, "costs": {"total_cost": 186.89696692696018, "time_cost": 70.44, "final_distance_cost": 1.8401410393876632, "oscillation_cost": 30.39042291715953, "completition_cost": 0.0, "overshoot_cost": 50.89562975439858, "power_cost": 18.910223657226563, "noise_cost": 14.420549558787865, "n_waypoints_completed": 9, "tot_waypoints": 9}}
{"target": -188.6431868017738, "params": {"k_pid_pos": [1.1243860329209596, 0.0, 0.13966918560472513], "k_pid_alt": [1.184810918948941, 0.0, 0.015520230728545085], "k_pid_att": [15.342964472943956, 0.0001, 0.6369163439430796], "k_pid_yaw": [0.5, 1e-06, 0.1], "k_pid_hsp": [0.12693883580713897, 0.00330289241105677, 0.0], "k_pid_vsp": [391.6142144709772, 49.22679922270319, 11.495924753084331]}, "datetime": {"datetime": "2025-08-21 21:14:27", "elapsed": 44984.041311740875, "delta": 16.462311029434204}, "costs": {"total_cost": 188.6431868017738, "time_cost": 71.176, "final_distance_cost": 1.8130107545290899, "oscillation_cost": 27.387896381134794, "completition_cost": 0.0, "overshoot_cost": 51.70431303324646, "power_cost": 21.168236840820313, "noise_cost": 15.39372979204316, "n_waypoints_completed": 9, "tot_waypoints": 9}}
{"target": -186.86216091311852, "params": {"k_pid_pos": [1.1203160340630964, 0.0, 0.14821215232042415], "k_pid_alt": [1.1429933373818744, 0.0, 0.016219116555541188], "k_pid_att": [16.043304902121132, 0.0001, 0.6330485516623763], "k_pid_yaw": [0.5, 1e-06, 0.1], "k_pid_hsp": [0.12632494882421821, 0.003452863357539372, 0.0], "k_pid_vsp": [397.15651449243455, 24.402707037328646, 17.367751530565922]}, "datetime": {"datetime": "2025-08-21 21:14:46", "elapsed": 45002.637060165405, "delta": 18.59574842453003}, "costs": {"total_cost": 186.86216091311852, "time_cost": 71.06400000000001, "final_distance_cost": 1.787895845977403, "oscillation_cost": 27.55509528222609, "completition_cost": 0.0, "overshoot_cost": 51.75121586024997, "power_cost": 19.717113708496093, "noise_cost": 14.986840216168945, "n_waypoints_completed": 9, "tot_waypoints": 9}}
{"target": -181.73382349061245, "params": {"k_pid_pos": [1.127815706518138, 0.0, 0.2640087195506483], "k_pid_alt": [1.377085391160362, 0.0, 0.021445962838530223], "k_pid_att": [14.330277543304023, 0.0001, 0.6429507822584161], "k_pid_yaw": [0.5, 1e-06, 0.1], "k_pid_hsp": [0.40851514589617116, 0.0, 0.0], "k_pid_vsp": [398.8988629852196, 49.57593019331094, 32.8891020822881]}, "datetime": {"datetime": "2025-08-21 21:15:02", "elapsed": 45018.953810214996, "delta": 16.316750049591064}, "costs": {"total_cost": 181.73382349061245, "time_cost": 71.688, "final_distance_cost": 1.8422835434684002, "oscillation_cost": 28.948379177511224, "completition_cost": 0.0, "overshoot_cost": 52.06581491021908, "power_cost": 14.762628515625, "noise_cost": 12.426717343788743, "n_waypoints_completed": 9, "tot_waypoints": 9}}
{"target": -187.84516101533282, "params": {"k_pid_pos": [1.1346011977512995, 0.0, 0.15798575508747342], "k_pid_alt": [1.149290154167069, 0.0, 0.015738673818965182], "k_pid_att": [4.865805840859821, 0.0001, 0.5750895094297079], "k_pid_yaw": [0.5, 1e-06, 0.1], "k_pid_hsp": [0.13444736879861716, 0.0022945053040571636, 0.0], "k_pid_vsp": [400.0, 41.62792183012124, 13.149105857538846]}, "datetime": {"datetime": "2025-08-21 21:15:20", "elapsed": 45036.942257642746, "delta": 17.988447427749634}, "costs": {"total_cost": 187.84516101533282, "time_cost": 71.904, "final_distance_cost": 1.811898482211419, "oscillation_cost": 28.100243767241526, "completition_cost": 0.0, "overshoot_cost": 53.16279670994377, "power_cost": 19.091192602539063, "noise_cost": 13.77502945339706, "n_waypoints_completed": 9, "tot_waypoints": 9}}
{"target": -179.79283341611406, "params": {"k_pid_pos": [1.1313778859406123, 0.0, 0.10000515415908787], "k_pid_alt": [1.1951009430317407, 0.0, 0.017355443522534146], "k_pid_att": [15.394616826185338, 0.0001, 0.6369921407340687], "k_pid_yaw": [0.5, 1e-06, 0.1], "k_pid_hsp": [0.13473543374951208, 0.003950534471325096, 0.0], "k_pid_vsp": [399.97066361141214, 54.700199704477726, 1e-06]}, "datetime": {"datetime": "2025-08-21 21:15:36", "elapsed": 45053.130133867264, "delta": 16.187876224517822}, "costs": {"total_cost": 179.79283341611406, "time_cost": 71.232, "final_distance_cost": 1.7985646091054053, "oscillation_cost": 27.69295788078588, "completition_cost": 0.0, "overshoot_cost": 51.84907482145318, "power_cost": 14.640794165039063, "noise_cost": 12.579441939730513, "n_waypoints_completed": 9, "tot_waypoints": 9}}
{"target": -172.07829817069458, "params": {"k_pid_pos": [1.1155094742403886, 0.0, 0.1315955779714478], "k_pid_alt": [1.2206168670643969, 0.0, 0.014040939649796278], "k_pid_att": [16.37821964307858, 0.0001, 0.6376484826599597], "k_pid_yaw": [0.5, 1e-06, 0.1], "k_pid_hsp": [0.09489811366180657, 0.0037703389454987546, 0.0], "k_pid_vsp": [400.0, 43.57672062814124, 14.75424611784551]}, "datetime": {"datetime": "2025-08-21 21:15:54", "elapsed": 45070.80599999428, "delta": 17.67586612701416}, "costs": {"total_cost": 172.07829817069458, "time_cost": 70.92, "final_distance_cost": 1.8081094205484052, "oscillation_cost": 26.9008581568794, "completition_cost": 0.0, "overshoot_cost": 51.406158278649926, "power_cost": 11.053623596191407, "noise_cost": 9.989548718425414, "n_waypoints_completed": 9, "tot_waypoints": 9}}
{"target": -182.3164916688767, "params": {"k_pid_pos": [1.1398898430301345, 0.0, 0.18745590278854185], "k_pid_alt": [1.1667860443835902, 0.0, 0.009885435806048372], "k_pid_att": [15.414337569523864, 0.0001, 0.3809444753096597], "k_pid_yaw": [0.5, 1e-06, 0.1], "k_pid_hsp": [0.12690316912107846, 0.0027204293472327164, 0.0], "k_pid_vsp": [400.0, 37.2003872065647, 17.322960395376708]}, "datetime": {"datetime": "2025-08-21 21:16:11", "elapsed": 45087.9160759449, "delta": 17.11007595062256}, "costs": {"total_cost": 182.3164916688767, "time_cost": 72.008, "final_distance_cost": 1.821704935708458, "oscillation_cost": 26.723685305551754, "completition_cost": 0.0, "overshoot_cost": 52.12925786181529, "power_cost": 16.68057430419922, "noise_cost": 12.953269261601985, "n_waypoints_completed": 9, "tot_waypoints": 9}}
{"target": -173.18827400018614, "params": {"k_pid_pos": [1.116380873509876, 0.0, 0.13526306216139533], "k_pid_alt": [1.1958625227222839, 0.0, 0.016211995500039645], "k_pid_att": [12.50707265665282, 0.0001, 0.636982605116075], "k_pid_yaw": [0.5, 1e-06, 0.1], "k_pid_hsp": [0.19740390450033338, 0.003305712892944883, 0.0], "k_pid_vsp": [400.0, 57.969057169204426, 15.002446336319904]}, "datetime": {"datetime": "2025-08-21 21:16:27", "elapsed": 45104.3339881897, "delta": 16.417912244796753}, "costs": {"total_cost": 173.18827400018614, "time_cost": 69.48, "final_distance_cost": 1.8096764260679912, "oscillation_cost": 28.638260474037338, "completition_cost": 0.0, "overshoot_cost": 50.36752181195474, "power_cost": 12.35503778076172, "noise_cost": 10.537777507364364, "n_waypoints_completed": 9, "tot_waypoints": 9}}
