{"target": -178.83929018772432, "params": {"k_pid_pos": [1.1237192394297206, 0.0, 0.14709612972962788], "k_pid_alt": [1.5222420767078642, 0.0, 0.007517139137837166], "k_pid_att": [11.848981674330371, 0.0001, 0.6273625111999612], "k_pid_yaw": [0.5, 1e-06, 0.1], "k_pid_hsp": [0.31221221100389385, 0.002142904977676518, 0.0], "k_pid_vsp": [399.43257896046794, 24.226070309562335, 34.0100724634102]}, "datetime": {"datetime": "2025-08-21 20:31:06", "elapsed": 42382.898270368576, "delta": 18.468554496765137}, "costs": {"total_cost": 178.83929018772432, "time_cost": 70.168, "final_distance_cost": 1.8405553991897863, "oscillation_cost": 29.82477843281277, "completition_cost": 0.0, "overshoot_cost": 51.12786221694324, "power_cost": 14.245104724121095, "noise_cost": 11.632989414657422, "n_waypoints_completed": 9, "tot_waypoints": 9}}
{"target": -178.57752253212095, "params": {"k_pid_pos": [1.1274415141524123, 0.0, 0.14334153273047617], "k_pid_alt": [1.2235287377050685, 0.0, 0.015565690056289215], "k_pid_att": [18.427192817267706, 0.0001, 0.6313368467029619], "k_pid_yaw": [0.5, 1e-06, 0.1], "k_pid_hsp": [0.1291659540981403, 0.0037144218931060807, 0.0], "k_pid_vsp": [400.0, 30.257251016504792, 14.858733177245522]}, "datetime": {"datetime": "2025-08-21 20:31:22", "elapsed": 42398.85205936432, "delta": 15.953788995742798}, "costs": {"total_cost": 178.57752253212095, "time_cost": 70.568, "final_distance_cost": 1.8203995462252611, "oscillation_cost": 27.487658273824717, "completition_cost": 0.0, "overshoot_cost": 51.31836772337189, "power_cost": 15.211657421875001, "noise_cost": 12.171439566824102, "n_waypoints_completed": 9, "tot_waypoints": 9}}
{"target": -189.68446627133187, "params": {"k_pid_pos": [0.7828305604219276, 0.0, 0.09190191215668275], "k_pid_alt": [1.1985097515449044, 0.0, 0.02458957876361264], "k_pid_att": [16.223238631509474, 0.0001, 0.6347245615658464], "k_pid_yaw": [0.5, 1e-06, 0.1], "k_pid_hsp": [0.06757955122688514, 0.0032149761563486376, 0.0], "k_pid_vsp": [400.0, 60.38219543476134, 22.33765043849247]}, "datetime": {"datetime": "2025-08-21 20:31:41", "elapsed": 42418.05590891838, "delta": 19.20384955406189}, "costs": {"total_cost": 189.68446627133187, "time_cost": 75.752, "final_distance_cost": 1.7571728360124537, "oscillation_cost": 21.82207299406573, "completition_cost": 0.0, "overshoot_cost": 53.53656029114063, "power_cost": 21.291102270507814, "noise_cost": 15.525557879605236, "n_waypoints_completed": 9, "tot_waypoints": 9}}
{"target": -176.59176548597458, "params": {"k_pid_pos": [1.1191302911360856, 0.0, 0.12136592799110081], "k_pid_alt": [1.2043591776760858, 0.0, 0.014184152857145652], "k_pid_att": [17.2549888527378, 0.0001, 0.6400149623513756], "k_pid_yaw": [0.5, 1e-06, 0.1], "k_pid_hsp": [0.14170151518632954, 0.0030045798064107752, 0.0], "k_pid_vsp": [400.0, 42.96302664194841, 16.511421862893464]}, "datetime": {"datetime": "2025-08-21 20:31:58", "elapsed": 42434.47144842148, "delta": 16.415539503097534}, "costs": {"total_cost": 176.59176548597458, "time_cost": 70.496, "final_distance_cost": 1.793053420650469, "oscillation_cost": 28.273824095418703, "completition_cost": 0.0, "overshoot_cost": 51.29071002152974, "power_cost": 13.92198446044922, "noise_cost": 10.816193487926455, "n_waypoints_completed": 9, "tot_waypoints": 9}}
{"target": -173.7592957892746, "params": {"k_pid_pos": [1.1365490459920071, 0.0, 0.22696980397881555], "k_pid_alt": [1.1416253569308377, 0.0, 0.0], "k_pid_att": [15.367920528540743, 0.0001, 0.6415341099566041], "k_pid_yaw": [0.5, 1e-06, 0.1], "k_pid_hsp": [0.17980662495734362, 0.002825960338337245, 0.0], "k_pid_vsp": [400.0, 38.733871138088645, 17.361344442116025]}, "datetime": {"datetime": "2025-08-21 20:32:15", "elapsed": 42451.51769256592, "delta": 17.046244144439697}, "costs": {"total_cost": 173.7592957892746, "time_cost": 70.152, "final_distance_cost": 1.823302205005675, "oscillation_cost": 27.8809136130733, "completition_cost": 0.0, "overshoot_cost": 50.97186246922634, "power_cost": 12.58010576171875, "noise_cost": 10.351111740250518, "n_waypoints_completed": 9, "tot_waypoints": 9}}
{"target": -184.18513233161048, "params": {"k_pid_pos": [1.0932050137402003, 0.0, 0.13648664757337212], "k_pid_alt": [1.1870472133445984, 0.0, 0.01605918938528155], "k_pid_att": [12.238944060403279, 0.0001, 0.6314759599954161], "k_pid_yaw": [0.5, 1e-06, 0.1], "k_pid_hsp": [0.04840163611319398, 0.0033800406292152094, 0.0], "k_pid_vsp": [400.0, 43.000462391324405, 17.79112565100472]}, "datetime": {"datetime": "2025-08-21 20:32:33", "elapsed": 42469.75262594223, "delta": 18.234933376312256}, "costs": {"total_cost": 184.18513233161048, "time_cost": 78.08800000000001, "final_distance_cost": 1.7561833464191487, "oscillation_cost": 22.60947026703323, "completition_cost": 0.0, "overshoot_cost": 54.22652298272795, "power_cost": 15.450992492675782, "noise_cost": 12.053963242754362, "n_waypoints_completed": 9, "tot_waypoints": 9}}
{"target": -169.49654463670834, "params": {"k_pid_pos": [1.1239623859437875, 0.0, 0.13581738318385067], "k_pid_alt": [1.1778780297189253, 0.0, 0.01616134606177143], "k_pid_att": [15.722652395623811, 0.0001, 0.6254135077801252], "k_pid_yaw": [0.5, 1e-06, 0.1], "k_pid_hsp": [0.12342959486694055, 0.0036180999799874016, 0.0], "k_pid_vsp": [400.0, 42.987114033592704, 17.574835519120814]}, "datetime": {"datetime": "2025-08-21 20:32:50", "elapsed": 42487.17385983467, "delta": 17.421233892440796}, "costs": {"total_cost": 169.49654463670834, "time_cost": 70.728, "final_distance_cost": 1.7905274788625483, "oscillation_cost": 27.67934113694919, "completition_cost": 0.0, "overshoot_cost": 51.20534180426401, "power_cost": 9.696598095703125, "noise_cost": 8.396736120929457, "n_waypoints_completed": 9, "tot_waypoints": 9}}
{"target": -177.1226158249279, "params": {"k_pid_pos": [1.123630365755635, 0.0, 0.14397367342348022], "k_pid_alt": [1.1797102647718603, 0.0, 0.015637782958721685], "k_pid_att": [14.747052211859, 0.0001, 0.66017259384363], "k_pid_yaw": [0.5, 1e-06, 0.1], "k_pid_hsp": [0.08223874398238692, 0.004757314219231074, 0.0], "k_pid_vsp": [399.0962295761219, 49.65723522283565, 17.004610407578305]}, "datetime": {"datetime": "2025-08-21 20:33:07", "elapsed": 42504.340366363525, "delta": 17.16650652885437}, "costs": {"total_cost": 177.1226158249279, "time_cost": 71.728, "final_distance_cost": 1.766008650111277, "oscillation_cost": 26.346826905426738, "completition_cost": 0.0, "overshoot_cost": 51.730868559831414, "power_cost": 14.097636364746094, "noise_cost": 11.453275344812363, "n_waypoints_completed": 9, "tot_waypoints": 9}}
{"target": -178.0407008186036, "params": {"k_pid_pos": [1.1239037380133112, 0.0, 0.13872754808027246], "k_pid_alt": [1.1958520073569106, 0.0, 0.015934068381968185], "k_pid_att": [15.313401129980502, 0.0001, 0.6367956843120819], "k_pid_yaw": [0.5, 1e-06, 0.1], "k_pid_hsp": [0.12786456183200745, 0.002857992739275409, 0.0], "k_pid_vsp": [400.0, 43.94243405152039, 17.525573460262393]}, "datetime": {"datetime": "2025-08-21 20:33:25", "elapsed": 42521.50280427933, "delta": 17.162437915802002}, "costs": {"total_cost": 178.0407008186036, "time_cost": 70.392, "final_distance_cost": 1.7841031080111198, "oscillation_cost": 27.772517336528363, "completition_cost": 0.0, "overshoot_cost": 51.34629927166831, "power_cost": 14.862134692382813, "noise_cost": 11.883646410012966, "n_waypoints_completed": 9, "tot_waypoints": 9}}
{"target": -177.9897397763308, "params": {"k_pid_pos": [1.0921835450424608, 0.0, 0.08134748021485441], "k_pid_alt": [1.2361701704073393, 0.0, 0.010658718259165792], "k_pid_att": [15.782137759166154, 0.0001, 0.0], "k_pid_yaw": [0.5, 1e-06, 0.1], "k_pid_hsp": [0.7459224117405006, 0.044198887858049235, 0.0], "k_pid_vsp": [383.27837406092823, 52.75164673596013, 30.220933872615504]}, "datetime": {"datetime": "2025-08-21 20:33:43", "elapsed": 42540.113263845444, "delta": 18.610459566116333}, "costs": {"total_cost": 177.9897397763308, "time_cost": 69.48, "final_distance_cost": 1.848493156858613, "oscillation_cost": 38.74610426071653, "completition_cost": 0.0, "overshoot_cost": 50.169737037612606, "power_cost": 9.485834228515625, "noise_cost": 8.259571092627432, "n_waypoints_completed": 9, "tot_waypoints": 9}}
{"target": -185.69990463976274, "params": {"k_pid_pos": [1.133268503463631, 0.0, 0.1394294105625096], "k_pid_alt": [1.1797081894138053, 0.0, 0.022027431751385558], "k_pid_att": [5.876536494108023, 0.0001, 0.6272053437515447], "k_pid_yaw": [0.5, 1e-06, 0.1], "k_pid_hsp": [0.2594749828810945, 0.0036062633733885937, 0.0], "k_pid_vsp": [400.0, 43.149254492059356, 17.62087429040641]}, "datetime": {"datetime": "2025-08-21 20:33:59", "elapsed": 42555.98539185524, "delta": 15.872128009796143}, "costs": {"total_cost": 185.69990463976274, "time_cost": 70.288, "final_distance_cost": 1.8250672505823964, "oscillation_cost": 29.74346294479236, "completition_cost": 0.0, "overshoot_cost": 51.42145208402963, "power_cost": 18.43080692138672, "noise_cost": 13.991115438971638, "n_waypoints_completed": 9, "tot_waypoints": 9}}
{"target": -1201.69936512275, "params": {"k_pid_pos": [1.1231843339051797, 0.0, 0.10161181520202171], "k_pid_alt": [1.6668496487598528, 0.0, 0.016117622535247515], "k_pid_att": [15.475649879658157, 0.0001, 0.5955135425671723], "k_pid_yaw": [0.5, 1e-06, 0.1], "k_pid_hsp": [0.0001, 0.002646520159838214, 0.0], "k_pid_vsp": [399.5998409233993, 12.83552391425411, 17.612213755603637]}, "datetime": {"datetime": "2025-08-21 20:34:24", "elapsed": 42580.49385070801, "delta": 24.508458852767944}, "costs": {"total_cost": 1201.69936512275, "time_cost": 150, "final_distance_cost": 61.0749373420756, "oscillation_cost": 0.3026059336969962, "completition_cost": 888.8888888888888, "overshoot_cost": 93.83274473023336, "power_cost": 2.7861503540039063, "noise_cost": 4.814037873851165, "n_waypoints_completed": 1, "tot_waypoints": 9}}
{"target": -174.20502455137375, "params": {"k_pid_pos": [1.22229221575217, 0.0, 0.1290099362337992], "k_pid_alt": [1.263775382756299, 0.0, 0.0194916189163653], "k_pid_att": [17.63219963696852, 0.0001, 1.0], "k_pid_yaw": [0.5, 1e-06, 0.1], "k_pid_hsp": [0.17789340918056573, 0.0036814992046691054, 0.0], "k_pid_vsp": [400.0, 39.500648262171495, 17.77835189082241]}, "datetime": {"datetime": "2025-08-21 20:34:40", "elapsed": 42596.755380392075, "delta": 16.261529684066772}, "costs": {"total_cost": 174.20502455137375, "time_cost": 70.19200000000001, "final_distance_cost": 1.789660947309834, "oscillation_cost": 29.754814912355442, "completition_cost": 0.0, "overshoot_cost": 51.16388468861205, "power_cost": 11.3319884765625, "noise_cost": 9.972675526533925, "n_waypoints_completed": 9, "tot_waypoints": 9}}
{"target": -187.15605363403688, "params": {"k_pid_pos": [1.123916107774577, 0.02761951306689271, 0.138124028150478], "k_pid_alt": [1.1929276093146033, 0.0, 0.018865372149514895], "k_pid_att": [20.6816756913689, 0.16091844022743015, 0.6590778444326281], "k_pid_yaw": [0.5, 1e-06, 0.1], "k_pid_hsp": [0.15190064972163297, 0.003311199539073299, 0.0], "k_pid_vsp": [400.0, 45.26136218056101, 17.08537381852445]}, "datetime": {"datetime": "2025-08-21 20:34:58", "elapsed": 42614.88048410416, "delta": 18.12510371208191}, "costs": {"total_cost": 187.15605363403688, "time_cost": 72.208, "final_distance_cost": 1.7979665941269858, "oscillation_cost": 27.741233877908712, "completition_cost": 0.0, "overshoot_cost": 52.59096560178123, "power_cost": 18.32740406494141, "noise_cost": 14.49048349527853, "n_waypoints_completed": 9, "tot_waypoints": 9}}
{"target": -178.5431947734622, "params": {"k_pid_pos": [1.0859814630006823, 0.0, 0.15397501828495236], "k_pid_alt": [1.1995170264717177, 0.0, 0.0], "k_pid_att": [14.748474787329073, 0.0001, 0.6430945672294568], "k_pid_yaw": [0.5, 1e-06, 0.1], "k_pid_hsp": [0.12543452602958216, 0.00329000984424571, 0.0], "k_pid_vsp": [400.0, 40.71385829096916, 16.165397850040936]}, "datetime": {"datetime": "2025-08-21 20:35:15", "elapsed": 42631.88073062897, "delta": 17.00024652481079}, "costs": {"total_cost": 178.5431947734622, "time_cost": 70.47200000000001, "final_distance_cost": 1.7953039040717174, "oscillation_cost": 27.026367616941425, "completition_cost": 0.0, "overshoot_cost": 51.51106681958602, "power_cost": 15.33975830078125, "noise_cost": 12.398698132081782, "n_waypoints_completed": 9, "tot_waypoints": 9}}
{"target": -164.935461899392, "params": {"k_pid_pos": [1.0890736890578014, 1.2292149268081199e-05, 0.1699585106877487], "k_pid_alt": [1.3932914885006207, 0.0, 0.01733975335963771], "k_pid_att": [15.759157727826294, 0.0001, 0.6511375375676576], "k_pid_yaw": [0.5, 1e-06, 0.1], "k_pid_hsp": [0.179186231467578, 0.003352755688832102, 0.0], "k_pid_vsp": [397.3707923804748, 46.87740519309055, 17.499644173380698]}, "datetime": {"datetime": "2025-08-21 20:35:31", "elapsed": 42647.82654595375, "delta": 15.945815324783325}, "costs": {"total_cost": 164.935461899392, "time_cost": 69.848, "final_distance_cost": 1.8302594674091381, "oscillation_cost": 27.703204023440907, "completition_cost": 0.0, "overshoot_cost": 50.23291082524887, "power_cost": 7.913988659667969, "noise_cost": 7.40709892362511, "n_waypoints_completed": 9, "tot_waypoints": 9}}
{"target": -164.37462146791412, "params": {"k_pid_pos": [1.1256684730916189, 0.0, 0.13469151930965462], "k_pid_alt": [1.2026562313135987, 0.0, 0.020125303037698796], "k_pid_att": [15.24090121355683, 0.0001, 0.63787713024391], "k_pid_yaw": [0.5, 1e-06, 0.1], "k_pid_hsp": [0.13936125880575348, 0.0034153038549686815, 0.0], "k_pid_vsp": [394.9967422106317, 26.45426529095551, 15.456936198413397]}, "datetime": {"datetime": "2025-08-21 20:35:50", "elapsed": 42666.488428115845, "delta": 18.661882162094116}, "costs": {"total_cost": 164.37462146791412, "time_cost": 70.88, "final_distance_cost": 1.8161066763319167, "oscillation_cost": 27.628489769837064, "completition_cost": 0.0, "overshoot_cost": 51.20152890591553, "power_cost": 5.878423876953125, "noise_cost": 6.970072238876501, "n_waypoints_completed": 9, "tot_waypoints": 9}}
{"target": -182.03269907270277, "params": {"k_pid_pos": [1.1195282049224873, 0.0, 0.08276065450357309], "k_pid_alt": [0.7803944924543331, 0.0, 0.014422659041644515], "k_pid_att": [15.293054292998717, 0.004656803503571671, 0.6205779953534298], "k_pid_yaw": [0.5, 1e-06, 0.1], "k_pid_hsp": [0.09064368153778762, 0.0033047547763007225, 0.0], "k_pid_vsp": [400.0, 43.692848731832086, 19.452092039943572]}, "datetime": {"datetime": "2025-08-21 20:36:06", "elapsed": 42683.34042096138, "delta": 16.85199284553528}, "costs": {"total_cost": 182.03269907270277, "time_cost": 72.64, "final_distance_cost": 1.7592271392737686, "oscillation_cost": 27.207192213925495, "completition_cost": 0.0, "overshoot_cost": 51.38019932449147, "power_cost": 16.488646008300783, "noise_cost": 12.557434386711265, "n_waypoints_completed": 9, "tot_waypoints": 9}}
{"target": -192.15748944591616, "params": {"k_pid_pos": [1.0646668909930175, 0.0, 0.13716377476629663], "k_pid_alt": [1.3142302714620298, 0.0, 0.016101409072903188], "k_pid_att": [15.387485849276674, 0.0001, 0.6338042502693537], "k_pid_yaw": [0.5, 1e-06, 0.1], "k_pid_hsp": [0.12707815203707193, 0.0031475545637062625, 0.0], "k_pid_vsp": [396.7647842820825, 23.881179395268777, 18.239423222759562]}, "datetime": {"datetime": "2025-08-21 20:36:24", "elapsed": 42700.68812203407, "delta": 17.34770107269287}, "costs": {"total_cost": 192.15748944591616, "time_cost": 71.304, "final_distance_cost": 1.797070311885358, "oscillation_cost": 26.924993686749957, "completition_cost": 0.0, "overshoot_cost": 52.63625399908465, "power_cost": 22.69566943359375, "noise_cost": 16.799502014602396, "n_waypoints_completed": 9, "tot_waypoints": 9}}
{"target": -183.69844332669174, "params": {"k_pid_pos": [0.9905781560468536, 0.0, 0.13423269393524218], "k_pid_alt": [1.1891067431688138, 0.0, 0.015485578832252265], "k_pid_att": [23.329813560615786, 0.0001, 0.6195999245483154], "k_pid_yaw": [0.5, 1e-06, 0.1], "k_pid_hsp": [0.2718688986938633, 0.0, 0.0], "k_pid_vsp": [400.0, 34.86945360556473, 17.411599265530846]}, "datetime": {"datetime": "2025-08-21 20:36:41", "elapsed": 42718.06278133392, "delta": 17.374659299850464}, "costs": {"total_cost": 183.69844332669174, "time_cost": 70.528, "final_distance_cost": 1.845512321974247, "oscillation_cost": 28.310083542100706, "completition_cost": 0.0, "overshoot_cost": 50.6295583701627, "power_cost": 18.18759178466797, "noise_cost": 14.197697307786106, "n_waypoints_completed": 9, "tot_waypoints": 9}}
{"target": -189.8125974613128, "params": {"k_pid_pos": [1.1126180579457778, 0.0, 0.13365320866868044], "k_pid_alt": [1.142897348699463, 0.0, 0.012957749198826772], "k_pid_att": [20.293196441905344, 0.0001, 0.4761146597695103], "k_pid_yaw": [0.5, 1e-06, 0.1], "k_pid_hsp": [0.10836687795758188, 0.0008370804401949795, 0.0], "k_pid_vsp": [400.0, 33.19330499600581, 18.234257583873948]}, "datetime": {"datetime": "2025-08-21 20:36:57", "elapsed": 42734.3160674572, "delta": 16.253286123275757}, "costs": {"total_cost": 189.8125974613128, "time_cost": 72.384, "final_distance_cost": 1.7973765378631075, "oscillation_cost": 26.78609660932142, "completition_cost": 0.0, "overshoot_cost": 52.94255179606665, "power_cost": 20.71664478759766, "noise_cost": 15.18592773046395, "n_waypoints_completed": 9, "tot_waypoints": 9}}
{"target": -178.23217182754115, "params": {"k_pid_pos": [1.309391341016218, 0.0, 0.1413410074318491], "k_pid_alt": [1.1734520642596724, 0.0, 0.017128039198722887], "k_pid_att": [16.730235516281287, 0.0001, 0.6292227197964332], "k_pid_yaw": [0.5, 1e-06, 0.1], "k_pid_hsp": [0.23538131248068594, 0.003463589075364897, 0.0], "k_pid_vsp": [400.0, 59.39343512359877, 17.425812969531403]}, "datetime": {"datetime": "2025-08-21 20:37:15", "elapsed": 42752.19880485535, "delta": 17.882737398147583}, "costs": {"total_cost": 178.23217182754115, "time_cost": 69.808, "final_distance_cost": 1.818932209953161, "oscillation_cost": 30.46351403496862, "completition_cost": 0.0, "overshoot_cost": 50.54435845120178, "power_cost": 14.078893310546876, "noise_cost": 11.518473820870701, "n_waypoints_completed": 9, "tot_waypoints": 9}}
{"target": -168.21352129802807, "params": {"k_pid_pos": [1.1158794714298277, 0.0, 0.13918017576947267], "k_pid_alt": [1.2321220351896331, 0.0, 0.011651931233017856], "k_pid_att": [14.66910639377634, 0.0001, 0.632604853076873], "k_pid_yaw": [0.5, 1e-06, 0.1], "k_pid_hsp": [0.12187328139362659, 0.00326396414386647, 0.0], "k_pid_vsp": [400.0, 44.10736594522745, 17.362632539000437]}, "datetime": {"datetime": "2025-08-21 20:37:31", "elapsed": 42768.23558831215, "delta": 16.036783456802368}, "costs": {"total_cost": 168.21352129802807, "time_cost": 70.824, "final_distance_cost": 1.811152224622117, "oscillation_cost": 27.53729285278201, "completition_cost": 0.0, "overshoot_cost": 51.45941025726604, "power_cost": 8.714285705566407, "noise_cost": 7.867380257791522, "n_waypoints_completed": 9, "tot_waypoints": 9}}
{"target": -175.56315057851748, "params": {"k_pid_pos": [1.1770569970409366, 0.0, 0.1389357434231529], "k_pid_alt": [1.0626248644105816, 0.0, 0.017517237283221618], "k_pid_att": [8.392924834119846, 0.0001, 0.6220619224773926], "k_pid_yaw": [0.5, 1e-06, 0.1], "k_pid_hsp": [0.11798086755789085, 0.004706463410331192, 0.0], "k_pid_vsp": [400.0, 45.87880920632743, 17.416295577140005]}, "datetime": {"datetime": "2025-08-21 20:37:49", "elapsed": 42785.77287054062, "delta": 17.53728222846985}, "costs": {"total_cost": 175.56315057851748, "time_cost": 71.57600000000001, "final_distance_cost": 1.7992987584378826, "oscillation_cost": 27.642575084612496, "completition_cost": 0.0, "overshoot_cost": 51.918440177684865, "power_cost": 12.096223779296876, "noise_cost": 10.53061277848536, "n_waypoints_completed": 9, "tot_waypoints": 9}}
{"target": -190.33591707071935, "params": {"k_pid_pos": [1.1138281520926963, 0.0, 0.1200563713755938], "k_pid_alt": [1.19898994289027, 0.0, 0.006290881982895402], "k_pid_att": [15.606738668120764, 0.0001, 0.629871669183916], "k_pid_yaw": [0.5, 1e-06, 0.1], "k_pid_hsp": [0.12825448466829728, 0.003487441053123776, 0.0], "k_pid_vsp": [400.0, 52.55848155115869, 17.18297722470438]}, "datetime": {"datetime": "2025-08-21 20:38:06", "elapsed": 42802.74549269676, "delta": 16.97262215614319}, "costs": {"total_cost": 190.33591707071935, "time_cost": 73.784, "final_distance_cost": 1.821425244078913, "oscillation_cost": 28.626358876823097, "completition_cost": 0.0, "overshoot_cost": 53.12489876529351, "power_cost": 18.67931746826172, "noise_cost": 14.299916716262096, "n_waypoints_completed": 9, "tot_waypoints": 9}}
{"target": -178.74025447928636, "params": {"k_pid_pos": [1.1404884626342326, 0.0, 0.12728557301991825], "k_pid_alt": [1.2290504119210244, 0.0, 0.015114462599339695], "k_pid_att": [21.804363381856824, 0.0001, 0.6260113078582916], "k_pid_yaw": [0.5, 1e-06, 0.1], "k_pid_hsp": [0.12235119489699403, 0.00018607290080392908, 0.0], "k_pid_vsp": [400.0, 30.76194417028146, 22.115168982371134]}, "datetime": {"datetime": "2025-08-21 20:38:23", "elapsed": 42820.417358875275, "delta": 17.671866178512573}, "costs": {"total_cost": 178.74025447928636, "time_cost": 71.21600000000001, "final_distance_cost": 1.7988007917281579, "oscillation_cost": 27.347383872129793, "completition_cost": 0.0, "overshoot_cost": 51.67923346176608, "power_cost": 14.66745946044922, "noise_cost": 12.03137689321313, "n_waypoints_completed": 9, "tot_waypoints": 9}}
