{"target": -1175.4379295052922, "params": {"k_pid_pos": [1.1472027924977481, 0.0, 0.0868827420004391], "k_pid_alt": [1.6245459039876604, 0.0, 0.010675355691130544], "k_pid_att": [31.964055934852723, 0.0001, 0.3275317966861707], "k_pid_yaw": [0.5, 1e-06, 0.1], "k_pid_hsp": [0.0001, 0.0, 0.0], "k_pid_vsp": [349.9760224164343, 21.889852619911874, 14.207673291325563]}, "datetime": {"datetime": "2025-08-21 13:31:50", "elapsed": 17226.64824461937, "delta": 23.4113507270813}, "costs": {"total_cost": 1175.4379295052922, "time_cost": 150, "final_distance_cost": 46.24483726846704, "oscillation_cost": 0.1536469736674354, "completition_cost": 888.8888888888888, "overshoot_cost": 81.19811110294584, "power_cost": 3.40206884765625, "noise_cost": 5.550376423666812, "n_waypoints_completed": 1, "tot_waypoints": 9}}
{"target": -173.28882171463073, "params": {"k_pid_pos": [1.1423906701183244, 0.0, 0.1296160857048234], "k_pid_alt": [1.0870928450523152, 0.0, 0.008230942259923085], "k_pid_att": [16.47076511420174, 0.0001, 0.6043495782361871], "k_pid_yaw": [0.5, 1e-06, 0.1], "k_pid_hsp": [0.08887784944749405, 0.0, 0.0], "k_pid_vsp": [400.0, 37.6201465053686, 16.89627384617166]}, "datetime": {"datetime": "2025-08-21 13:32:06", "elapsed": 17242.97699379921, "delta": 16.328749179840088}, "costs": {"total_cost": 173.28882171463073, "time_cost": 71.608, "final_distance_cost": 1.7797852384045432, "oscillation_cost": 26.24526824319709, "completition_cost": 0.0, "overshoot_cost": 51.544672537495934, "power_cost": 12.211434265136718, "noise_cost": 9.899661430396439, "n_waypoints_completed": 9, "tot_waypoints": 9}}
{"target": -186.17338484451403, "params": {"k_pid_pos": [1.1436513215091055, 0.0, 0.0], "k_pid_alt": [1.0480113923661283, 0.0, 0.002809677365732727], "k_pid_att": [37.34167854165541, 0.0001, 0.20023429118864533], "k_pid_yaw": [0.5, 1e-06, 0.1], "k_pid_hsp": [0.27501121398278505, 0.0, 0.0], "k_pid_vsp": [372.7066286811821, 40.84404199894853, 25.426024780323818]}, "datetime": {"datetime": "2025-08-21 13:32:22", "elapsed": 17259.34357047081, "delta": 16.366576671600342}, "costs": {"total_cost": 186.17338484451403, "time_cost": 70.032, "final_distance_cost": 1.8201294380819635, "oscillation_cost": 30.485992891541862, "completition_cost": 0.0, "overshoot_cost": 50.085021871221315, "power_cost": 19.309611169433595, "noise_cost": 14.440629474235308, "n_waypoints_completed": 9, "tot_waypoints": 9}}
{"target": -193.2048520240174, "params": {"k_pid_pos": [1.5446152795613828, 0.0, 0.1102096236619542], "k_pid_alt": [0.9919550420380091, 0.0, 0.010461639114886368], "k_pid_att": [21.669540330750912, 0.0001, 0.6084216184666524], "k_pid_yaw": [0.5, 1e-06, 0.1], "k_pid_hsp": [0.6655061539273832, 0.0, 0.0], "k_pid_vsp": [400.0, 14.49541714300744, 27.33864778597686]}, "datetime": {"datetime": "2025-08-21 13:32:39", "elapsed": 17276.167817354202, "delta": 16.824246883392334}, "costs": {"total_cost": 193.2048520240174, "time_cost": 73.872, "final_distance_cost": 1.785340283309989, "oscillation_cost": 33.31586487771282, "completition_cost": 0.0, "overshoot_cost": 52.07431572089621, "power_cost": 18.13643992919922, "noise_cost": 14.020891212899182, "n_waypoints_completed": 9, "tot_waypoints": 9}}
{"target": -178.00071408528424, "params": {"k_pid_pos": [1.1376377916011335, 0.0, 0.08392984646035537], "k_pid_alt": [0.9875522785674047, 0.0, 0.009615417263565828], "k_pid_att": [13.019055107956017, 0.0001, 0.7602124858521999], "k_pid_yaw": [0.5, 1e-06, 0.1], "k_pid_hsp": [0.8914686673917374, 0.0, 0.0], "k_pid_vsp": [400.0, 22.455636661229924, 1e-06]}, "datetime": {"datetime": "2025-08-21 13:32:55", "elapsed": 17292.24934530258, "delta": 16.081527948379517}, "costs": {"total_cost": 178.00071408528424, "time_cost": 71.024, "final_distance_cost": 1.8488816125489926, "oscillation_cost": 31.015793806272594, "completition_cost": 0.0, "overshoot_cost": 50.998577161434994, "power_cost": 11.947111376953126, "noise_cost": 11.166350128074525, "n_waypoints_completed": 9, "tot_waypoints": 9}}
{"target": -1171.7114940887093, "params": {"k_pid_pos": [0.861479734439736, 0.0, 0.1276720985270279], "k_pid_alt": [1.3059849741756515, 0.0, 0.0], "k_pid_att": [17.367259489442063, 0.0001, 0.44895480842914265], "k_pid_yaw": [0.5, 1e-06, 0.1], "k_pid_hsp": [0.0001, 0.0, 0.0], "k_pid_vsp": [400.0, 24.58222321449366, 21.160659529296677]}, "datetime": {"datetime": "2025-08-21 13:33:18", "elapsed": 17315.1484811306, "delta": 22.89913582801819}, "costs": {"total_cost": 1171.7114940887093, "time_cost": 150, "final_distance_cost": 45.7497934666644, "oscillation_cost": 0.10900347390424117, "completition_cost": 888.8888888888888, "overshoot_cost": 73.06607897429302, "power_cost": 6.634673339843751, "noise_cost": 7.263055945114953, "n_waypoints_completed": 1, "tot_waypoints": 9}}
{"target": -733.421905264341, "params": {"k_pid_pos": [1.1439866616928558, 0.1055091741354085, 0.12538638213449582], "k_pid_alt": [1.1012154064505633, 0.0, 0.006674164398811796], "k_pid_att": [19.67219369010193, 0.10538322030359189, 0.5880740013890039], "k_pid_yaw": [0.5, 1e-06, 0.1], "k_pid_hsp": [0.019724596801207778, 0.0, 0.0], "k_pid_vsp": [399.32133733291107, 4.464675481280544, 18.893015151939196]}, "datetime": {"datetime": "2025-08-21 13:33:41", "elapsed": 17337.770970344543, "delta": 22.62248921394348}, "costs": {"total_cost": 733.421905264341, "time_cost": 150, "final_distance_cost": 53.54689667482009, "oscillation_cost": 9.60655774746778, "completition_cost": 444.4444444444444, "overshoot_cost": 53.07641624669547, "power_cost": 12.351131921386719, "noise_cost": 10.396458229526626, "n_waypoints_completed": 5, "tot_waypoints": 9}}
{"target": -175.92895113899746, "params": {"k_pid_pos": [1.74539722665734, 0.0, 0.2011402711956096], "k_pid_alt": [0.9401063356399927, 0.0, 0.007427145298762414], "k_pid_att": [24.59541021509804, 0.0001, 0.6143195519467118], "k_pid_yaw": [0.5, 1e-06, 0.1], "k_pid_hsp": [0.08244157083229746, 0.0, 0.0], "k_pid_vsp": [400.0, 27.1654238510103, 18.747895078791277]}, "datetime": {"datetime": "2025-08-21 13:33:58", "elapsed": 17354.498229265213, "delta": 16.727258920669556}, "costs": {"total_cost": 175.92895113899746, "time_cost": 72.848, "final_distance_cost": 1.7552779961357083, "oscillation_cost": 30.191256503908907, "completition_cost": 0.0, "overshoot_cost": 52.550080418340734, "power_cost": 9.678748095703126, "noise_cost": 8.905588124909004, "n_waypoints_completed": 9, "tot_waypoints": 9}}
{"target": -175.89372704465202, "params": {"k_pid_pos": [1.1254775903284906, 0.00022716849484918743, 0.2903728771309879], "k_pid_alt": [1.0554744498601616, 0.0, 0.009164210571810445], "k_pid_att": [8.428214719386812, 0.0001, 0.5813731908409061], "k_pid_yaw": [0.5, 1e-06, 0.1], "k_pid_hsp": [0.1634512283863349, 0.0, 0.0], "k_pid_vsp": [400.0, 24.19545454480875, 9.21859485687726]}, "datetime": {"datetime": "2025-08-21 13:34:14", "elapsed": 17371.019802093506, "delta": 16.521572828292847}, "costs": {"total_cost": 175.89372704465202, "time_cost": 71.792, "final_distance_cost": 1.815013150806852, "oscillation_cost": 27.07173301816288, "completition_cost": 0.0, "overshoot_cost": 51.87822610705157, "power_cost": 12.286402807617188, "noise_cost": 11.050351961013538, "n_waypoints_completed": 9, "tot_waypoints": 9}}
{"target": -180.26976362512377, "params": {"k_pid_pos": [1.132594261864439, 0.0, 0.00015066970393834422], "k_pid_alt": [1.0881224836700367, 0.0, 0.009815076194953294], "k_pid_att": [17.121490741140338, 0.0001, 0.605070506975749], "k_pid_yaw": [0.5, 1e-06, 0.1], "k_pid_hsp": [0.1944445255773275, 0.0, 0.0], "k_pid_vsp": [400.0, 27.999795087010362, 1e-06]}, "datetime": {"datetime": "2025-08-21 13:34:31", "elapsed": 17387.94924545288, "delta": 16.929443359375}, "costs": {"total_cost": 180.26976362512377, "time_cost": 70.928, "final_distance_cost": 1.8028751626514694, "oscillation_cost": 29.283287696387656, "completition_cost": 0.0, "overshoot_cost": 51.200330180830974, "power_cost": 14.545647595214845, "noise_cost": 12.509622990038809, "n_waypoints_completed": 9, "tot_waypoints": 9}}
{"target": -180.83674625621808, "params": {"k_pid_pos": [1.1245383692276785, 0.0, 0.09100246226660334], "k_pid_alt": [1.1665806181140632, 0.0, 0.010170239597133268], "k_pid_att": [18.52758984290002, 0.0033729949974590032, 0.5716598217305279], "k_pid_yaw": [0.5, 1e-06, 0.1], "k_pid_hsp": [0.09849421095806243, 0.0, 0.0], "k_pid_vsp": [400.0, 23.176160318975086, 18.40487075330712]}, "datetime": {"datetime": "2025-08-21 13:34:48", "elapsed": 17404.616027116776, "delta": 16.666781663894653}, "costs": {"total_cost": 180.83674625621808, "time_cost": 71.60000000000001, "final_distance_cost": 1.7899113474457788, "oscillation_cost": 26.89924111669119, "completition_cost": 0.0, "overshoot_cost": 51.408189476896844, "power_cost": 16.470557971191408, "noise_cost": 12.668846343992868, "n_waypoints_completed": 9, "tot_waypoints": 9}}
{"target": -174.60106316136867, "params": {"k_pid_pos": [1.1235677880769912, 0.0, 0.17990451403538324], "k_pid_alt": [1.0753832743489422, 0.0, 0.0], "k_pid_att": [18.34866787846009, 0.0001, 0.5758661346484911], "k_pid_yaw": [0.5, 1e-06, 0.1], "k_pid_hsp": [0.28322943650191623, 0.0, 0.0], "k_pid_vsp": [397.5816810672062, 26.695460509571102, 3.9077418893853944]}, "datetime": {"datetime": "2025-08-21 13:35:04", "elapsed": 17420.661882400513, "delta": 16.045855283737183}, "costs": {"total_cost": 174.60106316136867, "time_cost": 71.136, "final_distance_cost": 1.8395793887046121, "oscillation_cost": 28.705713024660405, "completition_cost": 0.0, "overshoot_cost": 51.06285972584725, "power_cost": 10.999819763183595, "noise_cost": 10.85709125897281, "n_waypoints_completed": 9, "tot_waypoints": 9}}
{"target": -1216.79088504101, "params": {"k_pid_pos": [1.240787166104085, 0.0, 0.13209170591286196], "k_pid_alt": [1.1305950288081614, 0.0, 0.009042503490456074], "k_pid_att": [0.0, 0.0001, 0.657805620479539], "k_pid_yaw": [0.5, 1e-06, 0.1], "k_pid_hsp": [0.11031721507023387, 0.0, 0.0], "k_pid_vsp": [400.0, 26.53631515511364, 16.4642569478604]}, "datetime": {"datetime": "2025-08-21 13:35:27", "elapsed": 17443.535986185074, "delta": 22.874103784561157}, "costs": {"total_cost": 1216.79088504101, "time_cost": 150, "final_distance_cost": 45.24308741832556, "oscillation_cost": 0.6026432573654334, "completition_cost": 1000.0, "overshoot_cost": 13.332152783053596, "power_cost": 2.76525361328125, "noise_cost": 4.8477479689843985, "n_waypoints_completed": 0, "tot_waypoints": 9}}
{"target": -185.36051738768475, "params": {"k_pid_pos": [1.0518255458631938, 0.0, 0.13555185871943531], "k_pid_alt": [1.0916657130173728, 0.0, 0.010505746169951796], "k_pid_att": [18.14952039641424, 0.0001, 0.4571514658173487], "k_pid_yaw": [0.5, 1e-06, 0.1], "k_pid_hsp": [0.05559710938804188, 0.0, 0.0], "k_pid_vsp": [400.0, 25.158129558856206, 17.996757013348883]}, "datetime": {"datetime": "2025-08-21 13:35:45", "elapsed": 17461.627816200256, "delta": 18.091830015182495}, "costs": {"total_cost": 185.36051738768475, "time_cost": 77.664, "final_distance_cost": 1.7610743589458047, "oscillation_cost": 22.95493556459673, "completition_cost": 0.0, "overshoot_cost": 54.91428864670356, "power_cost": 15.873233569335937, "noise_cost": 12.192985248102733, "n_waypoints_completed": 9, "tot_waypoints": 9}}
{"target": -746.1215508715464, "params": {"k_pid_pos": [1.353130019462209, 0.0, 0.02349595847158523], "k_pid_alt": [0.8768827549913851, 0.0, 0.0016307321896197186], "k_pid_att": [20.612848212477175, 0.0017172158792156632, 0.7905436007313136], "k_pid_yaw": [0.5, 1e-06, 0.1], "k_pid_hsp": [0.017572257647365586, 0.0, 0.0], "k_pid_vsp": [327.1365239277252, 25.1812406626094, 1e-06]}, "datetime": {"datetime": "2025-08-21 13:36:08", "elapsed": 17484.697010993958, "delta": 23.069194793701172}, "costs": {"total_cost": 746.1215508715464, "time_cost": 150, "final_distance_cost": 54.53437557992049, "oscillation_cost": 8.902382703784257, "completition_cost": 444.4444444444444, "overshoot_cost": 53.715314417647676, "power_cost": 19.036633825683595, "noise_cost": 15.488399900065966, "n_waypoints_completed": 5, "tot_waypoints": 9}}
{"target": -170.7689345110311, "params": {"k_pid_pos": [1.2158853766548348, 0.0, 0.13488876207384753], "k_pid_alt": [1.177988623048089, 0.0, 0.00972487036809869], "k_pid_att": [22.117266554605624, 0.0001, 0.5643360886367593], "k_pid_yaw": [0.5, 1e-06, 0.1], "k_pid_hsp": [0.5375665744055244, 0.0, 0.0], "k_pid_vsp": [400.0, 27.140354643788832, 16.187691092163213]}, "datetime": {"datetime": "2025-08-21 13:36:24", "elapsed": 17500.802151441574, "delta": 16.105140447616577}, "costs": {"total_cost": 170.7689345110311, "time_cost": 70.128, "final_distance_cost": 1.8471663771853495, "oscillation_cost": 31.272593610169167, "completition_cost": 0.0, "overshoot_cost": 50.4724974543259, "power_cost": 8.83966767578125, "noise_cost": 8.209009393569435, "n_waypoints_completed": 9, "tot_waypoints": 9}}
{"target": -1228.3658905908699, "params": {"k_pid_pos": [1.1551095964687907, 0.0, 0.19965026647917744], "k_pid_alt": [0.8797679100547181, 0.0, 0.006427744881300603], "k_pid_att": [17.508021372993912, 0.0001, 0.6989872578111503], "k_pid_yaw": [0.5, 1e-06, 0.1], "k_pid_hsp": [0.0001, 0.0, 0.0], "k_pid_vsp": [400.0, 51.92200776181234, 18.58950626884685]}, "datetime": {"datetime": "2025-08-21 13:36:47", "elapsed": 17523.996220588684, "delta": 23.194069147109985}, "costs": {"total_cost": 1228.3658905908699, "time_cost": 150, "final_distance_cost": 46.33938882192798, "oscillation_cost": 0.3842666736945173, "completition_cost": 888.8888888888888, "overshoot_cost": 82.17226912747918, "power_cost": 36.89550260009766, "noise_cost": 23.68557447878169, "n_waypoints_completed": 1, "tot_waypoints": 9}}
{"target": -189.11119524350744, "params": {"k_pid_pos": [1.196729489348348, 0.0, 0.09173158638332513], "k_pid_alt": [1.0303376920860075, 0.0, 0.010194855852960453], "k_pid_att": [51.52481414000639, 0.0001, 0.34181918220944096], "k_pid_yaw": [0.5, 1e-06, 0.1], "k_pid_hsp": [0.41994684857078746, 0.00495075649677023, 0.0], "k_pid_vsp": [334.7403430843159, 38.95733655196378, 18.35248372938944]}, "datetime": {"datetime": "2025-08-21 13:37:04", "elapsed": 17540.55812072754, "delta": 16.56190013885498}, "costs": {"total_cost": 189.11119524350744, "time_cost": 70.856, "final_distance_cost": 1.8393986380205012, "oscillation_cost": 33.879606486810054, "completition_cost": 0.0, "overshoot_cost": 51.22638664981763, "power_cost": 17.603698657226563, "noise_cost": 13.706104811632708, "n_waypoints_completed": 9, "tot_waypoints": 9}}
{"target": -172.3651558027507, "params": {"k_pid_pos": [1.1075907853882192, 0.0, 0.13032006848232897], "k_pid_alt": [1.0590974175038343, 0.0, 0.00816389671191106], "k_pid_att": [18.98888469953436, 0.0001, 0.5314794595057626], "k_pid_yaw": [0.5, 1e-06, 0.1], "k_pid_hsp": [0.15799317173268024, 0.0, 0.0], "k_pid_vsp": [400.0, 26.448095902638492, 20.991816935770665]}, "datetime": {"datetime": "2025-08-21 13:37:20", "elapsed": 17557.302966594696, "delta": 16.744845867156982}, "costs": {"total_cost": 172.3651558027507, "time_cost": 70.712, "final_distance_cost": 1.8297124395635749, "oscillation_cost": 28.04220883847619, "completition_cost": 0.0, "overshoot_cost": 51.30413794375496, "power_cost": 10.738669921875001, "noise_cost": 9.738426659081002, "n_waypoints_completed": 9, "tot_waypoints": 9}}
{"target": -172.72707284575048, "params": {"k_pid_pos": [1.0677798821968008, 0.0, 0.11058711839289491], "k_pid_alt": [0.8256876140570408, 0.0, 0.009637062983558925], "k_pid_att": [32.82218484601423, 0.0001, 0.4261704431870141], "k_pid_yaw": [0.5, 1e-06, 0.1], "k_pid_hsp": [0.22303816635916537, 0.02299921072008461, 0.0], "k_pid_vsp": [399.69787505036544, 14.266638722453298, 25.721706728706693]}, "datetime": {"datetime": "2025-08-21 13:37:37", "elapsed": 17573.584253549576, "delta": 16.28128695487976}, "costs": {"total_cost": 172.72707284575048, "time_cost": 71.304, "final_distance_cost": 1.8248450799016942, "oscillation_cost": 29.69619649018684, "completition_cost": 0.0, "overshoot_cost": 50.76792633654872, "power_cost": 10.3702865234375, "noise_cost": 8.763818415675736, "n_waypoints_completed": 9, "tot_waypoints": 9}}
{"target": -188.47101026271162, "params": {"k_pid_pos": [1.2668587125845179, 0.0, 0.1386389224016461], "k_pid_alt": [1.0063816930960632, 0.0, 0.007923138562297115], "k_pid_att": [24.42909267432563, 0.0001, 0.5353133161192394], "k_pid_yaw": [0.5, 1e-06, 0.1], "k_pid_hsp": [0.32075776860811367, 0.0, 0.0], "k_pid_vsp": [400.0, 16.12805572592852, 17.19120938684909]}, "datetime": {"datetime": "2025-08-21 13:37:53", "elapsed": 17590.352562189102, "delta": 16.768308639526367}, "costs": {"total_cost": 188.47101026271162, "time_cost": 72.056, "final_distance_cost": 1.8136658873294538, "oscillation_cost": 29.89547242954947, "completition_cost": 0.0, "overshoot_cost": 51.68171429868883, "power_cost": 18.982133203125002, "noise_cost": 14.042024444018873, "n_waypoints_completed": 9, "tot_waypoints": 9}}
{"target": -170.23446140141814, "params": {"k_pid_pos": [1.2117417725247779, 0.0, 0.12926218488197372], "k_pid_alt": [1.1225422824152087, 0.0, 0.010824538677820725], "k_pid_att": [27.27184184921717, 0.0001, 0.6043489441530742], "k_pid_yaw": [0.5, 1e-06, 0.1], "k_pid_hsp": [0.09040549456158621, 0.0, 0.0], "k_pid_vsp": [394.82330497063094, 3.173190196322297, 25.588675503136166]}, "datetime": {"datetime": "2025-08-21 13:38:10", "elapsed": 17607.013166189194, "delta": 16.660604000091553}, "costs": {"total_cost": 170.23446140141814, "time_cost": 71.848, "final_distance_cost": 1.7513304084618115, "oscillation_cost": 26.831014590128145, "completition_cost": 0.0, "overshoot_cost": 52.62212401829999, "power_cost": 8.857626782226562, "noise_cost": 8.324365602301647, "n_waypoints_completed": 9, "tot_waypoints": 9}}
{"target": -176.562013819736, "params": {"k_pid_pos": [1.0661539610169188, 0.0, 0.10804926788021885], "k_pid_alt": [1.1054909660782144, 0.0, 0.00944439529052533], "k_pid_att": [20.091903459949418, 0.0001, 0.5672383551654784], "k_pid_yaw": [0.5, 1e-06, 0.1], "k_pid_hsp": [0.12959225241045605, 0.006034223061282515, 0.0], "k_pid_vsp": [388.84831257543544, 24.068343765368102, 21.460376849488657]}, "datetime": {"datetime": "2025-08-21 13:38:27", "elapsed": 17623.606820344925, "delta": 16.5936541557312}, "costs": {"total_cost": 176.562013819736, "time_cost": 71.376, "final_distance_cost": 1.820178495492544, "oscillation_cost": 27.56874624489896, "completition_cost": 0.0, "overshoot_cost": 51.22139286527411, "power_cost": 13.360281140136719, "noise_cost": 11.215415073933645, "n_waypoints_completed": 9, "tot_waypoints": 9}}
{"target": -211.87779362792074, "params": {"k_pid_pos": [1.1424483144321167, 0.0, 0.18013125331340338], "k_pid_alt": [1.5818020028304778, 0.0, 0.00528458216416282], "k_pid_att": [21.04917308158264, 0.0001, 0.5648953657946498], "k_pid_yaw": [0.5, 1e-06, 0.1], "k_pid_hsp": [0.039031806654903134, 0.0, 0.0], "k_pid_vsp": [395.95724398133467, 34.87078383863392, 28.589525137898953]}, "datetime": {"datetime": "2025-08-21 13:38:47", "elapsed": 17643.678950071335, "delta": 20.072129726409912}, "costs": {"total_cost": 211.87779362792074, "time_cost": 87.336, "final_distance_cost": 1.7323127919441603, "oscillation_cost": 19.257799206718055, "completition_cost": 0.0, "overshoot_cost": 58.54836095721375, "power_cost": 25.551246313476565, "noise_cost": 19.4520743585682, "n_waypoints_completed": 9, "tot_waypoints": 9}}
{"target": -183.10352555084114, "params": {"k_pid_pos": [1.1923146108002336, 0.0, 0.13221943226755334], "k_pid_alt": [1.0806868411205817, 0.0, 0.009342279724802265], "k_pid_att": [24.045962333586672, 0.0001, 0.591233258537551], "k_pid_yaw": [0.5, 1e-06, 0.1], "k_pid_hsp": [0.053562635155649574, 0.0, 0.0], "k_pid_vsp": [400.0, 24.936636661428864, 17.88021149307074]}, "datetime": {"datetime": "2025-08-21 13:39:05", "elapsed": 17661.907709360123, "delta": 18.228759288787842}, "costs": {"total_cost": 183.10352555084114, "time_cost": 77.816, "final_distance_cost": 1.7530429647278931, "oscillation_cost": 23.5150689478495, "completition_cost": 0.0, "overshoot_cost": 55.13657162533569, "power_cost": 13.130743188476563, "noise_cost": 11.752098824451478, "n_waypoints_completed": 9, "tot_waypoints": 9}}
{"target": -1229.0344309789537, "params": {"k_pid_pos": [1.7000832926608105, 0.0, 0.2085243793510445], "k_pid_alt": [1.1526317541360787, 0.0, 0.010244445812234866], "k_pid_att": [20.951812621159593, 0.0001, 0.6602816677944987], "k_pid_yaw": [0.5, 1e-06, 0.1], "k_pid_hsp": [0.0001, 0.0, 0.0], "k_pid_vsp": [398.60817841150663, 27.281139232443927, 24.752080894082084]}, "datetime": {"datetime": "2025-08-21 13:39:28", "elapsed": 17684.90172123909, "delta": 22.994011878967285}, "costs": {"total_cost": 1229.0344309789537, "time_cost": 150, "final_distance_cost": 46.7664087859527, "oscillation_cost": 1.0704688644183737, "completition_cost": 888.8888888888888, "overshoot_cost": 84.16865081182162, "power_cost": 35.00837976074219, "noise_cost": 23.131633867129885, "n_waypoints_completed": 1, "tot_waypoints": 9}}
{"target": -180.33171624596588, "params": {"k_pid_pos": [1.1704546864466352, 0.0, 0.134681301002958], "k_pid_alt": [1.1294366537294573, 0.0, 0.006669636989284626], "k_pid_att": [29.21844956877218, 0.08881654373209524, 0.5791933036173291], "k_pid_yaw": [0.5, 1e-06, 0.1], "k_pid_hsp": [0.3804483138536459, 0.0, 0.0], "k_pid_vsp": [400.0, 0.14907471121560464, 1e-06]}, "datetime": {"datetime": "2025-08-21 13:39:44", "elapsed": 17700.930325984955, "delta": 16.028604745864868}, "costs": {"total_cost": 180.33171624596588, "time_cost": 71.184, "final_distance_cost": 1.83692974484655, "oscillation_cost": 30.2404400431653, "completition_cost": 0.0, "overshoot_cost": 51.43468470210168, "power_cost": 13.519796215820314, "noise_cost": 12.115865540032036, "n_waypoints_completed": 9, "tot_waypoints": 9}}
