{"target": -177.2775505221384, "params": {"k_pid_pos": [1.1294957875111753, 0.0, 0.13484586257581818], "k_pid_alt": [0.8831439523651957, 0.0, 0.006686095891299064], "k_pid_att": [13.875521063523305, 0.0001, 0.6426363345964492], "k_pid_yaw": [0.5, 1e-06, 0.1], "k_pid_hsp": [0.13039958612493943, 0.003944083736956963, 0.0], "k_pid_vsp": [397.30393397839777, 13.703770366564342, 12.71362828846979]}, "datetime": {"datetime": "2025-08-21 15:49:44", "elapsed": 25501.418620347977, "delta": 18.717261791229248}, "costs": {"total_cost": 177.2775505221384, "time_cost": 71.872, "final_distance_cost": 1.8239970144255317, "oscillation_cost": 28.053156609577, "completition_cost": 0.0, "overshoot_cost": 51.24518671429269, "power_cost": 13.510226647949219, "noise_cost": 10.772983535893944, "n_waypoints_completed": 9, "tot_waypoints": 9}}
{"target": -183.7171601056971, "params": {"k_pid_pos": [1.1202659441632132, 0.0, 0.1308504676879133], "k_pid_alt": [1.0855065925800071, 0.0, 0.024289129235461233], "k_pid_att": [8.735446750361962, 0.0001, 0.6218170273048107], "k_pid_yaw": [0.5, 1e-06, 0.1], "k_pid_hsp": [0.12529654633206047, 0.002278359609317372, 0.0], "k_pid_vsp": [400.0, 27.309914507902135, 19.911528017924187]}, "datetime": {"datetime": "2025-08-21 15:50:02", "elapsed": 25519.251457452774, "delta": 17.832837104797363}, "costs": {"total_cost": 183.7171601056971, "time_cost": 71.152, "final_distance_cost": 1.7821295542069016, "oscillation_cost": 27.389163542754083, "completition_cost": 0.0, "overshoot_cost": 51.294511590342864, "power_cost": 18.191890966796876, "noise_cost": 13.907464451596377, "n_waypoints_completed": 9, "tot_waypoints": 9}}
{"target": -179.18419505281156, "params": {"k_pid_pos": [1.142906717298508, 0.0, 0.20147882762584748], "k_pid_alt": [1.4810273680641295, 0.0, 0.013337539528062953], "k_pid_att": [23.536775714259647, 0.0001, 0.6167479249886342], "k_pid_yaw": [0.5, 1e-06, 0.1], "k_pid_hsp": [0.4106102080934957, 0.003953924566723045, 0.0], "k_pid_vsp": [396.56851816647657, 57.49717514740593, 29.145667130752813]}, "datetime": {"datetime": "2025-08-21 15:50:20", "elapsed": 25537.178663492203, "delta": 17.92720603942871}, "costs": {"total_cost": 179.18419505281156, "time_cost": 70.568, "final_distance_cost": 1.8445122598446841, "oscillation_cost": 30.46288173853662, "completition_cost": 0.0, "overshoot_cost": 51.100716947841995, "power_cost": 14.030914477539064, "noise_cost": 11.17716962904922, "n_waypoints_completed": 9, "tot_waypoints": 9}}
{"target": -188.8027023727923, "params": {"k_pid_pos": [1.117753168426678, 0.0, 0.1782435389770398], "k_pid_alt": [0.866165273854815, 0.0, 0.013239084487759204], "k_pid_att": [9.78076486401374, 0.0001, 0.5838680394970045], "k_pid_yaw": [0.5, 1e-06, 0.1], "k_pid_hsp": [0.1480117904867942, 0.003397600951152678, 0.0], "k_pid_vsp": [400.0, 29.92810726733987, 12.619290905309859]}, "datetime": {"datetime": "2025-08-21 15:50:37", "elapsed": 25553.763958454132, "delta": 16.58529496192932}, "costs": {"total_cost": 188.8027023727923, "time_cost": 71.944, "final_distance_cost": 1.8268381714428057, "oscillation_cost": 27.555055292127246, "completition_cost": 0.0, "overshoot_cost": 51.181860522352345, "power_cost": 20.88899423828125, "noise_cost": 15.405954148588666, "n_waypoints_completed": 9, "tot_waypoints": 9}}
{"target": -181.94402808749467, "params": {"k_pid_pos": [0.9088083036113324, 0.0, 0.23802866059969308], "k_pid_alt": [1.135399302973947, 0.0, 0.006319037843987062], "k_pid_att": [18.605926828882428, 0.0001, 0.6474413280137088], "k_pid_yaw": [0.5, 1e-06, 0.1], "k_pid_hsp": [0.7386267737998071, 0.0036386494064358055, 0.0], "k_pid_vsp": [399.77696835702255, 36.05093301874357, 22.182252671126342]}, "datetime": {"datetime": "2025-08-21 15:50:54", "elapsed": 25570.87512779236, "delta": 17.11116933822632}, "costs": {"total_cost": 181.94402808749467, "time_cost": 73.60000000000001, "final_distance_cost": 1.8506652854893546, "oscillation_cost": 29.403005284554848, "completition_cost": 0.0, "overshoot_cost": 50.999316765477964, "power_cost": 14.614959155273437, "noise_cost": 11.47608159669906, "n_waypoints_completed": 9, "tot_waypoints": 9}}
{"target": -181.31412874897956, "params": {"k_pid_pos": [1.197924232268868, 0.0, 0.1399352543261973], "k_pid_alt": [1.3079094915516838, 0.0, 0.012979312393488183], "k_pid_att": [16.59556419425264, 0.0001, 0.6281881458553024], "k_pid_yaw": [0.5, 1e-06, 0.1], "k_pid_hsp": [0.23013141279828028, 0.0025700331756891293, 0.0], "k_pid_vsp": [400.0, 42.12511321196047, 71.84562864446679]}, "datetime": {"datetime": "2025-08-21 15:51:10", "elapsed": 25586.536823034286, "delta": 15.6616952419281}, "costs": {"total_cost": 181.31412874897956, "time_cost": 69.728, "final_distance_cost": 1.8289659884805318, "oscillation_cost": 29.160388519027688, "completition_cost": 0.0, "overshoot_cost": 51.32600373398694, "power_cost": 16.23020927734375, "noise_cost": 13.040561230140625, "n_waypoints_completed": 9, "tot_waypoints": 9}}
{"target": -183.50800482021316, "params": {"k_pid_pos": [1.1521616655038305, 0.0, 0.10532200556826618], "k_pid_alt": [1.0335106381718566, 0.0, 0.018185107790016343], "k_pid_att": [14.979700877941568, 0.0001, 0.533722523495073], "k_pid_yaw": [0.5, 1e-06, 0.1], "k_pid_hsp": [0.21967272846973107, 0.0, 0.0], "k_pid_vsp": [400.0, 49.043332044231136, 19.133051502057583]}, "datetime": {"datetime": "2025-08-21 15:51:27", "elapsed": 25603.81366968155, "delta": 17.276846647262573}, "costs": {"total_cost": 183.50800482021316, "time_cost": 70.048, "final_distance_cost": 1.808304420660011, "oscillation_cost": 29.471203700294993, "completition_cost": 0.0, "overshoot_cost": 50.386766391954026, "power_cost": 17.81107001953125, "noise_cost": 13.982660287772879, "n_waypoints_completed": 9, "tot_waypoints": 9}}
{"target": -171.3514131349345, "params": {"k_pid_pos": [1.0721471472078739, 0.0, 0.13710617793954494], "k_pid_alt": [1.0783804059875266, 0.0, 0.01709791270470108], "k_pid_att": [18.764109033891785, 0.0001, 0.2999910681443888], "k_pid_yaw": [0.5, 1e-06, 0.1], "k_pid_hsp": [0.19292896780341998, 0.0039718053649751475, 0.0], "k_pid_vsp": [400.0, 43.92538407389, 21.32046524522517]}, "datetime": {"datetime": "2025-08-21 15:51:44", "elapsed": 25620.615446329117, "delta": 16.80177664756775}, "costs": {"total_cost": 171.3514131349345, "time_cost": 71.06400000000001, "final_distance_cost": 1.8225837718431748, "oscillation_cost": 27.71450104886374, "completition_cost": 0.0, "overshoot_cost": 51.92675563894312, "power_cost": 9.577143603515626, "noise_cost": 9.246429071768835, "n_waypoints_completed": 9, "tot_waypoints": 9}}
{"target": -173.32225523443805, "params": {"k_pid_pos": [1.1267049779723086, 0.0, 0.18773571022912197], "k_pid_alt": [1.1199801625221253, 0.0, 0.011050417435147121], "k_pid_att": [20.56001414221422, 0.0001, 0.6270549765519895], "k_pid_yaw": [0.5, 1e-06, 0.1], "k_pid_hsp": [0.11258074037226412, 0.00039085977173784325, 0.0], "k_pid_vsp": [399.6235736249464, 38.93004864128913, 15.014892353038132]}, "datetime": {"datetime": "2025-08-21 15:51:59", "elapsed": 25636.41203022003, "delta": 15.796583890914917}, "costs": {"total_cost": 173.32225523443805, "time_cost": 70.736, "final_distance_cost": 1.8098556912122437, "oscillation_cost": 27.74064893022865, "completition_cost": 0.0, "overshoot_cost": 51.383977157201535, "power_cost": 11.838585168457032, "noise_cost": 9.813188287338566, "n_waypoints_completed": 9, "tot_waypoints": 9}}
{"target": -168.5449302221179, "params": {"k_pid_pos": [1.078542417038572, 0.0, 0.13204832213199535], "k_pid_alt": [0.9336127767307684, 0.0, 0.01066881506857895], "k_pid_att": [5.368060289562802, 0.0001, 0.7271364051413074], "k_pid_yaw": [0.5, 1e-06, 0.1], "k_pid_hsp": [0.14809355495080273, 0.007401471635025246, 0.0], "k_pid_vsp": [397.20839121694735, 20.276985386930537, 11.70423287456621]}, "datetime": {"datetime": "2025-08-21 15:52:17", "elapsed": 25653.761254549026, "delta": 17.34922432899475}, "costs": {"total_cost": 168.5449302221179, "time_cost": 71.36, "final_distance_cost": 1.811379493703837, "oscillation_cost": 27.811623747807158, "completition_cost": 0.0, "overshoot_cost": 51.33804132291148, "power_cost": 8.285476708984376, "noise_cost": 7.938408948711016, "n_waypoints_completed": 9, "tot_waypoints": 9}}
{"target": -159.146557342282, "params": {"k_pid_pos": [1.1240132388824793, 0.0, 0.13876467462646516], "k_pid_alt": [1.1906124771490294, 0.0, 0.015940368883932323], "k_pid_att": [15.308487751735063, 0.0001, 0.6367723627933443], "k_pid_yaw": [0.5, 1e-06, 0.1], "k_pid_hsp": [0.1277749417187626, 0.003285240848406342, 0.0], "k_pid_vsp": [400.0, 43.914824636018764, 17.372206539015906]}, "datetime": {"datetime": "2025-08-21 15:52:33", "elapsed": 25670.104158639908, "delta": 16.342904090881348}, "costs": {"total_cost": 159.146557342282, "time_cost": 70.34400000000001, "final_distance_cost": 1.790774998595892, "oscillation_cost": 27.608363392541182, "completition_cost": 0.0, "overshoot_cost": 51.0016187387003, "power_cost": 3.4177278076171875, "noise_cost": 4.984072404827441, "n_waypoints_completed": 9, "tot_waypoints": 9}}
{"target": -1214.4944186773837, "params": {"k_pid_pos": [1.1780131005578107, 0.0, 0.13821472605466317], "k_pid_alt": [1.0134413390774015, 0.0, 0.0], "k_pid_att": [4.314724798464692, 0.0001, 0.45025779653356085], "k_pid_yaw": [0.5, 1e-06, 0.1], "k_pid_hsp": [0.001367063539776836, 0.02416955468036455, 0.0], "k_pid_vsp": [381.0455443762119, 31.632195787469904, 11.34931781838027]}, "datetime": {"datetime": "2025-08-21 15:52:58", "elapsed": 25694.515657186508, "delta": 24.411498546600342}, "costs": {"total_cost": 1214.4944186773837, "time_cost": 150, "final_distance_cost": 62.697358184775155, "oscillation_cost": 10.102193735546319, "completition_cost": 888.8888888888888, "overshoot_cost": 44.82971758573853, "power_cost": 34.85145830078125, "noise_cost": 23.124801981653548, "n_waypoints_completed": 1, "tot_waypoints": 9}}
{"target": -188.04881069482437, "params": {"k_pid_pos": [1.134667882720777, 0.0, 0.13144034438847838], "k_pid_alt": [0.8901742941501044, 0.0, 0.008605015020405213], "k_pid_att": [28.96782358677087, 0.0001, 0.6507212725240629], "k_pid_yaw": [0.5, 1e-06, 0.1], "k_pid_hsp": [0.34588314257935027, 0.002221024193068009, 0.0], "k_pid_vsp": [400.0, 6.912890336465885, 19.56789142628837]}, "datetime": {"datetime": "2025-08-21 15:53:15", "elapsed": 25711.696853399277, "delta": 17.181196212768555}, "costs": {"total_cost": 188.04881069482437, "time_cost": 72.04, "final_distance_cost": 1.8445357361349612, "oscillation_cost": 31.25931810283774, "completition_cost": 0.0, "overshoot_cost": 50.87710082695986, "power_cost": 18.112884338378908, "noise_cost": 13.914971690512916, "n_waypoints_completed": 9, "tot_waypoints": 9}}
{"target": -172.63608723064357, "params": {"k_pid_pos": [1.1080308120950746, 0.0, 0.09938311630327819], "k_pid_alt": [1.1184575532576557, 0.0, 0.013276000604530745], "k_pid_att": [8.528390636026925, 0.0001, 0.6307071313174889], "k_pid_yaw": [0.5, 1e-06, 0.1], "k_pid_hsp": [0.2651592411588913, 0.004129624066719536, 0.0], "k_pid_vsp": [392.44156080791066, 34.36100800777703, 17.009486109339672]}, "datetime": {"datetime": "2025-08-21 15:53:31", "elapsed": 25727.904890537262, "delta": 16.20803713798523}, "costs": {"total_cost": 172.63608723064357, "time_cost": 70.696, "final_distance_cost": 1.8181420090163354, "oscillation_cost": 29.677671490788534, "completition_cost": 0.0, "overshoot_cost": 51.06747430887916, "power_cost": 10.453240942382813, "noise_cost": 8.923558479576727, "n_waypoints_completed": 9, "tot_waypoints": 9}}
{"target": -175.3769885684134, "params": {"k_pid_pos": [1.0546267209928453, 0.0, 0.12999502390105386], "k_pid_alt": [1.161201621604793, 0.0, 0.014619833581081135], "k_pid_att": [19.088976068953585, 0.0001, 0.7700923781073705], "k_pid_yaw": [0.5, 1e-06, 0.1], "k_pid_hsp": [0.3879800275348108, 0.0036370375025628456, 0.0], "k_pid_vsp": [400.0, 12.505109999298746, 20.292692279423278]}, "datetime": {"datetime": "2025-08-21 15:53:48", "elapsed": 25744.894809007645, "delta": 16.98991847038269}, "costs": {"total_cost": 175.3769885684134, "time_cost": 71.488, "final_distance_cost": 1.846985345069998, "oscillation_cost": 29.318458270750334, "completition_cost": 0.0, "overshoot_cost": 50.96328681908966, "power_cost": 11.389031958007813, "noise_cost": 10.371226175495602, "n_waypoints_completed": 9, "tot_waypoints": 9}}
{"target": -174.85724448644478, "params": {"k_pid_pos": [1.1319039666731796, 0.12257246382511183, 0.11939292113992395], "k_pid_alt": [1.0014508482314646, 0.0, 0.009397669802297906], "k_pid_att": [18.147814149398542, 0.18674551332349243, 0.5347752662860259], "k_pid_yaw": [0.5, 1e-06, 0.1], "k_pid_hsp": [0.24994879769092618, 0.0012301440265538692, 0.0], "k_pid_vsp": [348.0634191408239, 12.689091373841292, 15.427127262180363]}, "datetime": {"datetime": "2025-08-21 15:54:05", "elapsed": 25761.587828874588, "delta": 16.69301986694336}, "costs": {"total_cost": 174.85724448644478, "time_cost": 71.632, "final_distance_cost": 1.7926668268316848, "oscillation_cost": 29.574570607626615, "completition_cost": 0.0, "overshoot_cost": 51.19138583067976, "power_cost": 11.229755981445313, "noise_cost": 9.436865239861389, "n_waypoints_completed": 9, "tot_waypoints": 9}}
{"target": -184.518449689377, "params": {"k_pid_pos": [1.2541578932204642, 0.0, 0.15942652522371725], "k_pid_alt": [1.1336672051337127, 0.0, 0.0034904962822116707], "k_pid_att": [14.012576226197558, 0.0001, 0.6336874444613027], "k_pid_yaw": [0.5, 1e-06, 0.1], "k_pid_hsp": [0.13100292822958753, 0.0037706433319434868, 0.0], "k_pid_vsp": [400.0, 12.765437846456507, 21.985583121203703]}, "datetime": {"datetime": "2025-08-21 15:54:22", "elapsed": 25778.88400244713, "delta": 17.296173572540283}, "costs": {"total_cost": 184.518449689377, "time_cost": 71.04, "final_distance_cost": 1.773186566611028, "oscillation_cost": 28.734954994567904, "completition_cost": 0.0, "overshoot_cost": 51.58162394601721, "power_cost": 17.788532824707033, "noise_cost": 13.600151357473823, "n_waypoints_completed": 9, "tot_waypoints": 9}}
{"target": -172.57043968775656, "params": {"k_pid_pos": [1.0012896771614321, 0.00023691327708867796, 0.16258171574052938], "k_pid_alt": [1.1490453315426863, 0.0, 0.011391266261075787], "k_pid_att": [15.184079445259266, 0.0001, 0.6440507403117599], "k_pid_yaw": [0.5, 1e-06, 0.1], "k_pid_hsp": [0.14788272724540874, 0.005417757505454265, 0.0], "k_pid_vsp": [398.06593374788474, 3.3201736657844627, 21.258890575035437]}, "datetime": {"datetime": "2025-08-21 15:54:39", "elapsed": 25795.986347436905, "delta": 17.10234498977661}, "costs": {"total_cost": 172.57043968775656, "time_cost": 70.776, "final_distance_cost": 1.8094675112557892, "oscillation_cost": 26.86518025638858, "completition_cost": 0.0, "overshoot_cost": 50.81119684401928, "power_cost": 12.632833142089844, "noise_cost": 9.675761934003047, "n_waypoints_completed": 9, "tot_waypoints": 9}}
{"target": -179.6241064908074, "params": {"k_pid_pos": [1.123371614992805, 0.0, 0.09929985490510904], "k_pid_alt": [1.2176625432821013, 0.0, 0.017175957136181794], "k_pid_att": [15.396555496090311, 0.0001, 0.6540616157325055], "k_pid_yaw": [0.5, 1e-06, 0.1], "k_pid_hsp": [0.13831461764883848, 0.00334982805688154, 0.0], "k_pid_vsp": [400.0, 4.687720398442501, 17.03232825385149]}, "datetime": {"datetime": "2025-08-21 15:54:55", "elapsed": 25812.16015625, "delta": 16.173808813095093}, "costs": {"total_cost": 179.6241064908074, "time_cost": 71.288, "final_distance_cost": 1.7936985832046697, "oscillation_cost": 27.667096840282525, "completition_cost": 0.0, "overshoot_cost": 52.44327618938199, "power_cost": 14.359087670898438, "noise_cost": 12.072947207039759, "n_waypoints_completed": 9, "tot_waypoints": 9}}
{"target": -189.34723869303517, "params": {"k_pid_pos": [1.1310918824114342, 0.0, 0.08725608756446854], "k_pid_alt": [1.3467896696874142, 0.0, 0.015307091702181391], "k_pid_att": [13.406946654769827, 0.00404168161394366, 0.6311784925284704], "k_pid_yaw": [0.5, 1e-06, 0.1], "k_pid_hsp": [0.12688735733541703, 0.0023917399057952985, 0.0], "k_pid_vsp": [400.0, 35.211274991230205, 17.618614783587923]}, "datetime": {"datetime": "2025-08-21 15:55:12", "elapsed": 25828.876609563828, "delta": 16.716453313827515}, "costs": {"total_cost": 189.34723869303517, "time_cost": 71.048, "final_distance_cost": 1.7739656891597262, "oscillation_cost": 27.541177857330258, "completition_cost": 0.0, "overshoot_cost": 51.46565069025797, "power_cost": 21.58187872314453, "noise_cost": 15.936565733142697, "n_waypoints_completed": 9, "tot_waypoints": 9}}
{"target": -179.81761800175676, "params": {"k_pid_pos": [1.1247243525329316, 0.0, 0.1758304362147602], "k_pid_alt": [1.2067948829072417, 0.0, 0.02279971139185611], "k_pid_att": [15.906047899739017, 0.0001, 0.6345519563565285], "k_pid_yaw": [0.5, 1e-06, 0.1], "k_pid_hsp": [0.09887973204276587, 0.001757083928244944, 0.0], "k_pid_vsp": [396.78703460734636, 26.77865474014255, 23.138366483576377]}, "datetime": {"datetime": "2025-08-21 15:55:28", "elapsed": 25845.29633617401, "delta": 16.419726610183716}, "costs": {"total_cost": 179.81761800175676, "time_cost": 71.408, "final_distance_cost": 1.797285673486469, "oscillation_cost": 26.290691360118256, "completition_cost": 0.0, "overshoot_cost": 51.81695069169255, "power_cost": 16.31464737548828, "noise_cost": 12.190042900971216, "n_waypoints_completed": 9, "tot_waypoints": 9}}
{"target": -167.0624422548302, "params": {"k_pid_pos": [1.206435321989951, 0.0, 0.1327468154075318], "k_pid_alt": [1.1163367604872514, 0.0, 0.016672037861653978], "k_pid_att": [15.543564163925934, 0.0001, 0.6730238689730195], "k_pid_yaw": [0.5, 1e-06, 0.1], "k_pid_hsp": [0.18872708969812338, 0.002684061328749306, 0.0], "k_pid_vsp": [400.0, 35.45860191013276, 14.368280491404214]}, "datetime": {"datetime": "2025-08-21 15:55:46", "elapsed": 25862.443177700043, "delta": 17.146841526031494}, "costs": {"total_cost": 167.0624422548302, "time_cost": 70.70400000000001, "final_distance_cost": 1.8136220203979059, "oscillation_cost": 28.845517467190557, "completition_cost": 0.0, "overshoot_cost": 51.39738447976996, "power_cost": 6.776449145507812, "noise_cost": 7.525469141963931, "n_waypoints_completed": 9, "tot_waypoints": 9}}
{"target": -175.48230718488713, "params": {"k_pid_pos": [0.9108929333898736, 0.0, 0.13997145070392247], "k_pid_alt": [1.1124761041663045, 0.0, 0.014885135326227837], "k_pid_att": [17.208384267457102, 0.0001, 0.7119364977994986], "k_pid_yaw": [0.5, 1e-06, 0.1], "k_pid_hsp": [0.12194367645510842, 0.002247369528545216, 0.0], "k_pid_vsp": [400.0, 48.35395383195849, 18.019086014645787]}, "datetime": {"datetime": "2025-08-21 15:56:03", "elapsed": 25879.603786468506, "delta": 17.160608768463135}, "costs": {"total_cost": 175.48230718488713, "time_cost": 71.416, "final_distance_cost": 1.8018921248755067, "oscillation_cost": 25.214614127306202, "completition_cost": 0.0, "overshoot_cost": 51.31594896912608, "power_cost": 14.438663220214844, "noise_cost": 11.295188743364509, "n_waypoints_completed": 9, "tot_waypoints": 9}}
{"target": -191.19549817268629, "params": {"k_pid_pos": [0.9639358744680936, 0.0, 0.13435833425766183], "k_pid_alt": [1.1378647243888582, 0.0, 0.009221303068566972], "k_pid_att": [14.719443704479513, 0.0001, 0.6156327679623275], "k_pid_yaw": [0.5, 1e-06, 0.1], "k_pid_hsp": [0.33940811609621846, 0.002299675381801784, 0.0], "k_pid_vsp": [400.0, 17.541296169349934, 13.27382827835309]}, "datetime": {"datetime": "2025-08-21 15:56:19", "elapsed": 25896.37357068062, "delta": 16.769784212112427}, "costs": {"total_cost": 191.19549817268629, "time_cost": 73.112, "final_distance_cost": 1.8394262671781634, "oscillation_cost": 28.553214219083646, "completition_cost": 0.0, "overshoot_cost": 52.36194058575272, "power_cost": 19.6108283203125, "noise_cost": 15.71808878035928, "n_waypoints_completed": 9, "tot_waypoints": 9}}
{"target": -1200.6960199389962, "params": {"k_pid_pos": [1.1231499796990825, 0.0, 0.12727921754651628], "k_pid_alt": [1.240176098639906, 0.0, 0.010098261025354466], "k_pid_att": [11.695620500300706, 0.0001, 0.6316224246115912], "k_pid_yaw": [0.5, 1e-06, 0.1], "k_pid_hsp": [0.0001, 0.003312995069980671, 0.0], "k_pid_vsp": [400.0, 28.988924914640236, 19.2932439517773]}, "datetime": {"datetime": "2025-08-21 15:56:43", "elapsed": 25919.766234636307, "delta": 23.392663955688477}, "costs": {"total_cost": 1200.6960199389962, "time_cost": 150, "final_distance_cost": 53.25790764108768, "oscillation_cost": 0.41731491487900374, "completition_cost": 888.8888888888888, "overshoot_cost": 94.35805693682964, "power_cost": 6.706474255371094, "noise_cost": 7.067377301940145, "n_waypoints_completed": 1, "tot_waypoints": 9}}
{"target": -172.33669780399538, "params": {"k_pid_pos": [1.1555085038580177, 0.0, 0.1433918592432218], "k_pid_alt": [1.2129792735035718, 0.0, 0.016293439754004994], "k_pid_att": [13.12303297842706, 0.0001, 0.6037949316485652], "k_pid_yaw": [0.5, 1e-06, 0.1], "k_pid_hsp": [0.16001543073475477, 0.0021372425918970324, 0.0], "k_pid_vsp": [400.0, 19.92851626254094, 17.51537504416601]}, "datetime": {"datetime": "2025-08-21 15:56:59", "elapsed": 25936.34906578064, "delta": 16.582831144332886}, "costs": {"total_cost": 172.33669780399538, "time_cost": 70.392, "final_distance_cost": 1.8188194589255606, "oscillation_cost": 28.46606014566953, "completition_cost": 0.0, "overshoot_cost": 50.986493399123574, "power_cost": 11.21755975341797, "noise_cost": 9.455765046858755, "n_waypoints_completed": 9, "tot_waypoints": 9}}
