{"target": -169.236893028337, "params": {"k_pid_pos": [1.1141469218711535, 0.0, 0.11837213203193259], "k_pid_alt": [1.282310911473574, 0.0, 0.00413013434711127], "k_pid_att": [20.183039192960855, 0.0001, 0.5858531003785872], "k_pid_yaw": [0.5, 1e-06, 0.1], "k_pid_hsp": [0.39952961185684377, 0.001625487306646395, 0.0], "k_pid_vsp": [400.0, 41.09734307210337, 20.698723104676276]}, "datetime": {"datetime": "2025-08-21 16:19:42", "elapsed": 27298.844281435013, "delta": 16.132161140441895}, "costs": {"total_cost": 169.236893028337, "time_cost": 70.272, "final_distance_cost": 1.8468926483068724, "oscillation_cost": 30.487078607878576, "completition_cost": 0.0, "overshoot_cost": 51.12807569180658, "power_cost": 7.998529602050781, "noise_cost": 7.504316478294199, "n_waypoints_completed": 9, "tot_waypoints": 9}}
{"target": -180.76486636552934, "params": {"k_pid_pos": [1.1196827092790156, 0.0017508131881513178, 0.15375945252210282], "k_pid_alt": [1.1410357504122248, 0.0, 0.022180306477982588], "k_pid_att": [21.934244832827986, 0.09771923237427706, 0.7312986642207591], "k_pid_yaw": [0.5, 1e-06, 0.1], "k_pid_hsp": [0.16101992735565152, 0.003018419348877847, 0.0], "k_pid_vsp": [400.0, 51.49830624432026, 17.447323729338517]}, "datetime": {"datetime": "2025-08-21 16:20:00", "elapsed": 27316.49114871025, "delta": 17.646867275238037}, "costs": {"total_cost": 180.76486636552934, "time_cost": 70.0, "final_distance_cost": 1.8019872038377827, "oscillation_cost": 29.515239331365073, "completition_cost": 0.0, "overshoot_cost": 50.43346919357849, "power_cost": 16.67936336669922, "noise_cost": 12.334807270048774, "n_waypoints_completed": 9, "tot_waypoints": 9}}
{"target": -180.3577204193291, "params": {"k_pid_pos": [1.3059733337670856, 0.0, 0.14112241370217452], "k_pid_alt": [1.0419133189918184, 0.0, 0.008690704515735476], "k_pid_att": [14.591264549953987, 0.0001, 0.640268416367649], "k_pid_yaw": [0.5, 1e-06, 0.1], "k_pid_hsp": [0.12489425168327667, 0.00276097615322077, 0.0], "k_pid_vsp": [400.0, 42.64936867853061, 18.8271670567054]}, "datetime": {"datetime": "2025-08-21 16:20:16", "elapsed": 27333.127917289734, "delta": 16.636768579483032}, "costs": {"total_cost": 180.3577204193291, "time_cost": 73.24, "final_distance_cost": 1.7893896535747258, "oscillation_cost": 30.75996051499381, "completition_cost": 0.0, "overshoot_cost": 52.02003747842972, "power_cost": 12.38264949951172, "noise_cost": 10.165683272819102, "n_waypoints_completed": 9, "tot_waypoints": 9}}
{"target": -186.3481391563075, "params": {"k_pid_pos": [1.476917409777137, 0.0, 0.1432996254423958], "k_pid_alt": [0.9169234616139166, 0.0, 0.01692624625461351], "k_pid_att": [13.615669944644768, 0.0001, 0.6145917845359009], "k_pid_yaw": [0.5, 1e-06, 0.1], "k_pid_hsp": [0.18882907736790328, 0.0019105199434581318, 0.0], "k_pid_vsp": [397.95743135860874, 23.08264081255704, 13.461955481620944]}, "datetime": {"datetime": "2025-08-21 16:20:33", "elapsed": 27350.230732679367, "delta": 17.10281538963318}, "costs": {"total_cost": 186.3481391563075, "time_cost": 71.376, "final_distance_cost": 1.7836807931158989, "oscillation_cost": 30.610988056206512, "completition_cost": 0.0, "overshoot_cost": 51.2227263081022, "power_cost": 18.133090576171877, "noise_cost": 13.22165342271101, "n_waypoints_completed": 9, "tot_waypoints": 9}}
{"target": -170.58172610720672, "params": {"k_pid_pos": [1.1260848878341838, 0.0, 0.03459125676149815], "k_pid_alt": [1.1528330912215534, 0.0, 0.011573528521942402], "k_pid_att": [15.214937528110433, 0.0001, 0.6402915338698347], "k_pid_yaw": [0.5, 1e-06, 0.1], "k_pid_hsp": [0.1298547595450134, 0.003796319885636469, 0.0], "k_pid_vsp": [390.5905628864919, 98.14430836589013, 14.815229230386207]}, "datetime": {"datetime": "2025-08-21 16:20:51", "elapsed": 27367.43484354019, "delta": 17.204110860824585}, "costs": {"total_cost": 170.58172610720672, "time_cost": 69.76, "final_distance_cost": 1.8125756116037866, "oscillation_cost": 28.686740728132815, "completition_cost": 0.0, "overshoot_cost": 50.788240006731705, "power_cost": 10.528872351074218, "noise_cost": 9.005297409664157, "n_waypoints_completed": 9, "tot_waypoints": 9}}
{"target": -179.56083475816015, "params": {"k_pid_pos": [1.1305899901675758, 0.0, 0.12358828443494446], "k_pid_alt": [1.2239559940212195, 0.0, 0.015962853994936292], "k_pid_att": [17.219937454060105, 0.0001, 0.6360049117652677], "k_pid_yaw": [0.5, 1e-06, 0.1], "k_pid_hsp": [0.25185305016065607, 0.0045331015975823815, 0.0], "k_pid_vsp": [400.0, 44.836268810485535, 17.34024272046004]}, "datetime": {"datetime": "2025-08-21 16:21:07", "elapsed": 27383.77211689949, "delta": 16.337273359298706}, "costs": {"total_cost": 179.56083475816015, "time_cost": 69.968, "final_distance_cost": 1.8339379916524898, "oscillation_cost": 29.216064708887068, "completition_cost": 0.0, "overshoot_cost": 50.9958491580168, "power_cost": 15.237547668457031, "noise_cost": 12.309435231146756, "n_waypoints_completed": 9, "tot_waypoints": 9}}
{"target": -188.23419263711574, "params": {"k_pid_pos": [1.1588016709738949, 0.0, 0.17243929206333972], "k_pid_alt": [0.6639302514081856, 0.0, 0.015006789527511874], "k_pid_att": [15.439262709489242, 0.0001, 0.6277425471877721], "k_pid_yaw": [0.5, 1e-06, 0.1], "k_pid_hsp": [0.11989936208717175, 0.002810733914411339, 0.0], "k_pid_vsp": [398.9723170280857, 58.526855942074064, 5.952900155512362]}, "datetime": {"datetime": "2025-08-21 16:21:24", "elapsed": 27401.383841514587, "delta": 17.611724615097046}, "costs": {"total_cost": 188.23419263711574, "time_cost": 74.168, "final_distance_cost": 1.8081221109602892, "oscillation_cost": 27.421239905055252, "completition_cost": 0.0, "overshoot_cost": 52.20836888763277, "power_cost": 18.22620791015625, "noise_cost": 14.402253823311183, "n_waypoints_completed": 9, "tot_waypoints": 9}}
{"target": -182.1658052015384, "params": {"k_pid_pos": [1.130309079315908, 0.0, 0.12791986771480537], "k_pid_alt": [1.1628965438999648, 0.0, 0.012199745585656941], "k_pid_att": [12.271383913254983, 0.0001, 0.5720736436482867], "k_pid_yaw": [0.5, 1e-06, 0.1], "k_pid_hsp": [0.10766384440810384, 0.0008015173460030195, 0.0], "k_pid_vsp": [400.0, 30.14173027083182, 19.19088348185586]}, "datetime": {"datetime": "2025-08-21 16:21:41", "elapsed": 27417.791038036346, "delta": 16.407196521759033}, "costs": {"total_cost": 182.1658052015384, "time_cost": 71.88, "final_distance_cost": 1.7939400419574132, "oscillation_cost": 26.80203703202239, "completition_cost": 0.0, "overshoot_cost": 51.935238224070744, "power_cost": 16.810533801269532, "noise_cost": 12.944056102218324, "n_waypoints_completed": 9, "tot_waypoints": 9}}
{"target": -181.4102000144751, "params": {"k_pid_pos": [1.4820208760384195, 0.0, 0.1273276088202232], "k_pid_alt": [1.2035183646380254, 0.0, 0.0071199019637412375], "k_pid_att": [17.556592941508583, 0.0001, 0.5058728355632232], "k_pid_yaw": [0.5, 1e-06, 0.1], "k_pid_hsp": [0.12159885151852691, 0.0026490823588408295, 0.0], "k_pid_vsp": [400.0, 30.854760987956574, 18.38580427176674]}, "datetime": {"datetime": "2025-08-21 16:21:58", "elapsed": 27435.231360435486, "delta": 17.440322399139404}, "costs": {"total_cost": 181.4102000144751, "time_cost": 70.792, "final_distance_cost": 1.7516742749253518, "oscillation_cost": 30.180135391734456, "completition_cost": 0.0, "overshoot_cost": 51.908723312191036, "power_cost": 14.833643322753908, "noise_cost": 11.944023712870337, "n_waypoints_completed": 9, "tot_waypoints": 9}}
{"target": -176.57670283057556, "params": {"k_pid_pos": [1.160255546990738, 0.0, 0.1430590543450574], "k_pid_alt": [1.0388872096235378, 0.0, 0.016589407331583907], "k_pid_att": [27.008666936280378, 0.0001, 0.6122409915705447], "k_pid_yaw": [0.5, 1e-06, 0.1], "k_pid_hsp": [0.2603291563267206, 0.0028327171614542282, 0.0], "k_pid_vsp": [400.0, 30.64607445247161, 13.36275388830815]}, "datetime": {"datetime": "2025-08-21 16:22:16", "elapsed": 27452.706479549408, "delta": 17.47511911392212}, "costs": {"total_cost": 176.57670283057556, "time_cost": 70.256, "final_distance_cost": 1.8387663343819889, "oscillation_cost": 30.77523576619355, "completition_cost": 0.0, "overshoot_cost": 50.459272673664245, "power_cost": 12.573543493652345, "noise_cost": 10.67388456268345, "n_waypoints_completed": 9, "tot_waypoints": 9}}
{"target": -183.19591383441883, "params": {"k_pid_pos": [1.1217097802894338, 0.0, 0.13037997252403014], "k_pid_alt": [0.9639518206804975, 0.0, 0.013616670472258424], "k_pid_att": [9.91956386925085, 0.0001, 0.6360705267129243], "k_pid_yaw": [0.5, 1e-06, 0.1], "k_pid_hsp": [0.2217610100811462, 0.003358942736649305, 0.0], "k_pid_vsp": [400.0, 4.572309003516583, 12.77542557717586]}, "datetime": {"datetime": "2025-08-21 16:22:33", "elapsed": 27469.483073949814, "delta": 16.776594400405884}, "costs": {"total_cost": 183.19591383441883, "time_cost": 71.752, "final_distance_cost": 1.825307077034814, "oscillation_cost": 28.908231479679298, "completition_cost": 0.0, "overshoot_cost": 51.608872962694996, "power_cost": 16.64023720703125, "noise_cost": 12.461265107978468, "n_waypoints_completed": 9, "tot_waypoints": 9}}
{"target": -174.67681661206973, "params": {"k_pid_pos": [1.1658294946650283, 0.0, 0.14106120895243676], "k_pid_alt": [1.0910294269480123, 0.0, 0.008466093061181078], "k_pid_att": [11.97779442787236, 0.0001, 0.6087227664804412], "k_pid_yaw": [0.5, 1e-06, 0.1], "k_pid_hsp": [0.17323610587148247, 0.0013043686102940147, 0.0], "k_pid_vsp": [400.0, 63.15617254556264, 18.442638977281863]}, "datetime": {"datetime": "2025-08-21 16:22:52", "elapsed": 27488.462965011597, "delta": 18.979891061782837}, "costs": {"total_cost": 174.67681661206973, "time_cost": 70.552, "final_distance_cost": 1.8012280499618452, "oscillation_cost": 28.349935499313215, "completition_cost": 0.0, "overshoot_cost": 51.14301306235298, "power_cost": 12.420274401855469, "noise_cost": 10.41036559858621, "n_waypoints_completed": 9, "tot_waypoints": 9}}
{"target": -163.33856164808893, "params": {"k_pid_pos": [1.112275977745853, 0.0, 0.11062486840361427], "k_pid_alt": [1.2070846065267424, 0.0, 0.009150144238120812], "k_pid_att": [15.464591248078106, 0.0001, 0.6242978594784843], "k_pid_yaw": [0.5, 1e-06, 0.1], "k_pid_hsp": [0.12480866436681468, 0.0037326530089687353, 0.0], "k_pid_vsp": [400.0, 60.429982194725895, 17.02224148755156]}, "datetime": {"datetime": "2025-08-21 16:23:08", "elapsed": 27504.596240758896, "delta": 16.133275747299194}, "costs": {"total_cost": 163.33856164808893, "time_cost": 70.048, "final_distance_cost": 1.7772253395107889, "oscillation_cost": 27.706416787666434, "completition_cost": 0.0, "overshoot_cost": 50.766024180268786, "power_cost": 6.1320933349609374, "noise_cost": 6.9088020056819754, "n_waypoints_completed": 9, "tot_waypoints": 9}}
{"target": -176.52394345440362, "params": {"k_pid_pos": [1.139149256701165, 0.0, 0.12385909453814258], "k_pid_alt": [1.2909307023723795, 0.0, 0.01343908576124289], "k_pid_att": [14.546009745084378, 0.0001, 0.6162592373270105], "k_pid_yaw": [0.5, 1e-06, 0.1], "k_pid_hsp": [0.11413514626761143, 0.004625079320306221, 0.0], "k_pid_vsp": [400.0, 43.41317443839577, 22.468740403038396]}, "datetime": {"datetime": "2025-08-21 16:23:25", "elapsed": 27521.679448366165, "delta": 17.083207607269287}, "costs": {"total_cost": 176.52394345440362, "time_cost": 71.784, "final_distance_cost": 1.7783604815502843, "oscillation_cost": 27.47637978746856, "completition_cost": 0.0, "overshoot_cost": 53.075390085397466, "power_cost": 11.911298254394532, "noise_cost": 10.498514845592792, "n_waypoints_completed": 9, "tot_waypoints": 9}}
{"target": -205.9786958416062, "params": {"k_pid_pos": [1.1225287408893787, 0.0, 0.10812806577054213], "k_pid_alt": [1.056689198488586, 0.0, 0.010243731287206174], "k_pid_att": [6.806986876256595, 0.0001, 0.5742580045046802], "k_pid_yaw": [0.5, 1e-06, 0.1], "k_pid_hsp": [0.05093699402347246, 0.007305991829888788, 0.0], "k_pid_vsp": [400.0, 59.59967054507625, 21.682542894985268]}, "datetime": {"datetime": "2025-08-21 16:23:43", "elapsed": 27539.940556526184, "delta": 18.26110816001892}, "costs": {"total_cost": 205.9786958416062, "time_cost": 81.896, "final_distance_cost": 1.75734439181831, "oscillation_cost": 24.769047805214175, "completition_cost": 0.0, "overshoot_cost": 54.854648154179166, "power_cost": 24.861488220214845, "noise_cost": 17.8401672701797, "n_waypoints_completed": 9, "tot_waypoints": 9}}
{"target": -182.89462650658038, "params": {"k_pid_pos": [1.1344359298896207, 0.0, 0.13474214636484338], "k_pid_alt": [0.7627270820000631, 0.0, 0.004390934770896648], "k_pid_att": [20.623732244734235, 0.0001, 0.6195623053192969], "k_pid_yaw": [0.5, 1e-06, 0.1], "k_pid_hsp": [0.10653820689541177, 0.0014284112577547725, 0.0], "k_pid_vsp": [396.5654493486799, 39.21138342834466, 26.077911709398336]}, "datetime": {"datetime": "2025-08-21 16:24:00", "elapsed": 27557.031707525253, "delta": 17.091150999069214}, "costs": {"total_cost": 182.89462650658038, "time_cost": 72.176, "final_distance_cost": 1.7724067277522666, "oscillation_cost": 27.08315507683321, "completition_cost": 0.0, "overshoot_cost": 51.67753678863126, "power_cost": 17.017480346679687, "noise_cost": 13.168047566683956, "n_waypoints_completed": 9, "tot_waypoints": 9}}
{"target": -177.04193097305443, "params": {"k_pid_pos": [1.1287752554698294, 0.0, 0.13030081192732673], "k_pid_alt": [0.9190084534481484, 0.0, 0.0028251061468414825], "k_pid_att": [15.543280063008039, 0.0001, 0.638369520449366], "k_pid_yaw": [0.5, 1e-06, 0.1], "k_pid_hsp": [0.1303108574306099, 0.0040173699267722855, 0.0], "k_pid_vsp": [389.9874025752239, 73.91631075271626, 10.592823215496468]}, "datetime": {"datetime": "2025-08-21 16:24:17", "elapsed": 27574.06422138214, "delta": 17.032513856887817}, "costs": {"total_cost": 177.04193097305443, "time_cost": 70.984, "final_distance_cost": 1.8010722152400611, "oscillation_cost": 27.835228078515982, "completition_cost": 0.0, "overshoot_cost": 50.8491697750762, "power_cost": 13.991144348144532, "noise_cost": 11.581316556077674, "n_waypoints_completed": 9, "tot_waypoints": 9}}
{"target": -171.394403657323, "params": {"k_pid_pos": [1.134049468844228, 0.0, 0.150995924044249], "k_pid_alt": [1.0536725363904915, 0.0, 0.006204371982945428], "k_pid_att": [15.367379335081672, 0.0001, 0.6438749010920123], "k_pid_yaw": [0.5, 1e-06, 0.1], "k_pid_hsp": [0.12887670684629338, 0.0021019629602942813, 0.0], "k_pid_vsp": [400.0, 25.28402439450131, 20.784922700037022]}, "datetime": {"datetime": "2025-08-21 16:24:34", "elapsed": 27590.515805006027, "delta": 16.45158362388611}, "costs": {"total_cost": 171.394403657323, "time_cost": 71.488, "final_distance_cost": 1.78620269271284, "oscillation_cost": 27.682330039589793, "completition_cost": 0.0, "overshoot_cost": 52.06217539046698, "power_cost": 9.479148779296876, "noise_cost": 8.896546755256509, "n_waypoints_completed": 9, "tot_waypoints": 9}}
{"target": -179.19435100170003, "params": {"k_pid_pos": [1.1668451655944154, 0.0, 0.1911051739237376], "k_pid_alt": [1.2091118482314587, 0.0, 0.023520254020902825], "k_pid_att": [18.794908962898184, 0.0001, 0.6411772036229311], "k_pid_yaw": [0.5, 1e-06, 0.1], "k_pid_hsp": [0.2088160750802065, 0.002724572512722882, 0.0], "k_pid_vsp": [398.6656901784435, 25.300769791744898, 28.585061967929537]}, "datetime": {"datetime": "2025-08-21 16:24:52", "elapsed": 27608.641162633896, "delta": 18.125357627868652}, "costs": {"total_cost": 179.19435100170003, "time_cost": 70.16, "final_distance_cost": 1.8177663245759295, "oscillation_cost": 28.972860020216554, "completition_cost": 0.0, "overshoot_cost": 50.762635113677625, "power_cost": 15.206251538085938, "noise_cost": 12.274838005143984, "n_waypoints_completed": 9, "tot_waypoints": 9}}
{"target": -172.20361070413543, "params": {"k_pid_pos": [1.1471298146209, 0.0, 0.1790688464662774], "k_pid_alt": [0.6305314915488184, 0.0, 0.01427593058142558], "k_pid_att": [9.145364095601103, 0.0001, 0.5763979644546668], "k_pid_yaw": [0.5, 1e-06, 0.1], "k_pid_hsp": [0.15420197722832585, 0.0050664448483846835, 0.0], "k_pid_vsp": [400.0, 29.335309445597208, 14.880050198724007]}, "datetime": {"datetime": "2025-08-21 16:25:08", "elapsed": 27625.061154842377, "delta": 16.419992208480835}, "costs": {"total_cost": 172.20361070413543, "time_cost": 73.47200000000001, "final_distance_cost": 1.816982836218483, "oscillation_cost": 28.193279987529714, "completition_cost": 0.0, "overshoot_cost": 51.24107536367129, "power_cost": 8.877425329589844, "noise_cost": 8.602847187126095, "n_waypoints_completed": 9, "tot_waypoints": 9}}
{"target": -179.56749164163486, "params": {"k_pid_pos": [1.0621647527720364, 0.0, 0.26907281293339036], "k_pid_alt": [1.1862134003631846, 0.0, 0.01005667360401347], "k_pid_att": [22.415388837389987, 0.0001, 0.6341819074611553], "k_pid_yaw": [0.5, 1e-06, 0.1], "k_pid_hsp": [0.6985486992687726, 0.0009197607595748344, 0.0], "k_pid_vsp": [400.0, 43.13865457133417, 36.25332038059311]}, "datetime": {"datetime": "2025-08-21 16:25:25", "elapsed": 27642.159368515015, "delta": 17.09821367263794}, "costs": {"total_cost": 179.56749164163486, "time_cost": 71.06400000000001, "final_distance_cost": 1.8506038620332597, "oscillation_cost": 30.231427571198488, "completition_cost": 0.0, "overshoot_cost": 50.50416272285372, "power_cost": 13.96647137451172, "noise_cost": 11.950826111037678, "n_waypoints_completed": 9, "tot_waypoints": 9}}
{"target": -183.60407424508102, "params": {"k_pid_pos": [1.23852349294115, 0.0, 0.1305661091124389], "k_pid_alt": [1.3008674247363823, 0.0, 0.012405057234647274], "k_pid_att": [20.450324993529257, 0.0001, 0.6205747371793873], "k_pid_yaw": [0.5, 1e-06, 0.1], "k_pid_hsp": [0.37717458170740786, 0.0027200884613040755, 0.0], "k_pid_vsp": [400.0, 43.019840369475816, 53.07126650247025]}, "datetime": {"datetime": "2025-08-21 16:25:42", "elapsed": 27659.27022099495, "delta": 17.110852479934692}, "costs": {"total_cost": 183.60407424508102, "time_cost": 71.72, "final_distance_cost": 1.8207508043306655, "oscillation_cost": 30.244252956815796, "completition_cost": 0.0, "overshoot_cost": 52.09335657642759, "power_cost": 15.330002258300782, "noise_cost": 12.395711649206154, "n_waypoints_completed": 9, "tot_waypoints": 9}}
{"target": -175.03367589099875, "params": {"k_pid_pos": [1.1415511763691228, 0.0, 0.12633373593255434], "k_pid_alt": [1.1576372338433036, 0.0, 0.017872791796721493], "k_pid_att": [15.193554749270833, 0.0001, 0.47082873985201285], "k_pid_yaw": [0.5, 1e-06, 0.1], "k_pid_hsp": [0.3235767346121686, 0.0013157873769202278, 0.0], "k_pid_vsp": [400.0, 40.842683351800844, 18.637277794288398]}, "datetime": {"datetime": "2025-08-21 16:25:59", "elapsed": 27675.78423166275, "delta": 16.514010667800903}, "costs": {"total_cost": 175.03367589099875, "time_cost": 70.36, "final_distance_cost": 1.8268221262853985, "oscillation_cost": 29.808766214448564, "completition_cost": 0.0, "overshoot_cost": 50.93067339646244, "power_cost": 11.744563537597656, "noise_cost": 10.362850616204694, "n_waypoints_completed": 9, "tot_waypoints": 9}}
{"target": -165.64068095083113, "params": {"k_pid_pos": [1.1304190291868665, 0.0, 0.13520473128243415], "k_pid_alt": [1.1239792185771589, 0.0, 0.016923874095298268], "k_pid_att": [20.91580398124898, 0.0001, 0.5110382147748704], "k_pid_yaw": [0.5, 1e-06, 0.1], "k_pid_hsp": [0.15180078803812924, 0.003371976234819675, 0.0], "k_pid_vsp": [400.0, 76.47731848529638, 21.706340629098882]}, "datetime": {"datetime": "2025-08-21 16:26:16", "elapsed": 27693.255773305893, "delta": 17.4715416431427}, "costs": {"total_cost": 165.64068095083113, "time_cost": 69.696, "final_distance_cost": 1.8213060331897242, "oscillation_cost": 28.259551508872867, "completition_cost": 0.0, "overshoot_cost": 50.7913259850857, "power_cost": 7.4292885620117195, "noise_cost": 7.643208861671098, "n_waypoints_completed": 9, "tot_waypoints": 9}}
{"target": -172.20408471610762, "params": {"k_pid_pos": [1.1254749058335152, 0.0, 0.1406178268919614], "k_pid_alt": [1.2730384294132218, 0.0, 0.018504949410936625], "k_pid_att": [15.018682228634326, 0.0001, 0.634128506340097], "k_pid_yaw": [0.5, 1e-06, 0.1], "k_pid_hsp": [0.11848284922975787, 0.005310924018137665, 0.0], "k_pid_vsp": [400.0, 49.513218886434785, 16.13485186148314]}, "datetime": {"datetime": "2025-08-21 16:26:32", "elapsed": 27709.227036476135, "delta": 15.97126317024231}, "costs": {"total_cost": 172.20408471610762, "time_cost": 70.816, "final_distance_cost": 1.7736872051029255, "oscillation_cost": 27.66298570346048, "completition_cost": 0.0, "overshoot_cost": 51.245574310965424, "power_cost": 11.163741540527344, "noise_cost": 9.542095956051439, "n_waypoints_completed": 9, "tot_waypoints": 9}}
{"target": -1258.848139176437, "params": {"k_pid_pos": [1.0820803786307698, 0.0, 0.14619636063219987], "k_pid_alt": [0.6070869053388235, 0.0, 0.006150601465952185], "k_pid_att": [0.0, 0.0001, 0.6956935694018427], "k_pid_yaw": [0.5, 1e-06, 0.1], "k_pid_hsp": [0.19581537507988891, 0.006577837316734505, 0.0], "k_pid_vsp": [398.44430042755556, 18.1172839221375, 8.9840554185633]}, "datetime": {"datetime": "2025-08-21 16:26:56", "elapsed": 27733.11694431305, "delta": 23.889907836914062}, "costs": {"total_cost": 1258.848139176437, "time_cost": 150, "final_distance_cost": 45.23132505018882, "oscillation_cost": 0.9077975906686617, "completition_cost": 1000.0, "overshoot_cost": 10.195460406127031, "power_cost": 31.716101513671877, "noise_cost": 20.7974546157804, "n_waypoints_completed": 0, "tot_waypoints": 9}}
