{"target": -190.25690583942298, "params": {"k_pid_pos": [1.2262905204801258, 0.0, 0.1612334861232006], "k_pid_alt": [0.9465301424550829, 0.0, 0.0], "k_pid_att": [29.823803127948242, 0.0001, 0.5848712935653512], "k_pid_yaw": [0.5, 1e-06, 0.1], "k_pid_hsp": [1.443957905787073, 0.3904779902785169, 0.0], "k_pid_vsp": [384.2597164290903, 7.9958761062701305, 27.662227409214378]}, "datetime": {"datetime": "2025-08-21 11:30:09", "elapsed": 9926.361027956009, "delta": 16.532299518585205}, "costs": {"total_cost": 190.25690583942298, "time_cost": 71.352, "final_distance_cost": 1.8436412922829892, "oscillation_cost": 39.43055631749587, "completition_cost": 0.0, "overshoot_cost": 50.545019780969916, "power_cost": 15.33883046875, "noise_cost": 11.74685797992421, "n_waypoints_completed": 9, "tot_waypoints": 9}}
{"target": -192.03164092287008, "params": {"k_pid_pos": [1.257552809079826, 0.0, 0.01340906668422999], "k_pid_alt": [0.8499882755293746, 0.0, 0.011571406644781842], "k_pid_att": [23.475165535329573, 0.0001, 0.30278236940135395], "k_pid_yaw": [0.5, 1e-06, 0.1], "k_pid_hsp": [0.6430772080380749, 0.0, 0.0], "k_pid_vsp": [400.0, 15.924710385995574, 24.949482749901367]}, "datetime": {"datetime": "2025-08-21 11:30:26", "elapsed": 9942.878001451492, "delta": 16.5169734954834}, "costs": {"total_cost": 192.03164092287008, "time_cost": 71.544, "final_distance_cost": 1.8152366541392297, "oscillation_cost": 31.183702481401035, "completition_cost": 0.0, "overshoot_cost": 51.44863535631602, "power_cost": 20.662174536132813, "noise_cost": 15.377891894880984, "n_waypoints_completed": 9, "tot_waypoints": 9}}
{"target": -190.002142330744, "params": {"k_pid_pos": [1.2211795318498984, 0.0, 0.0], "k_pid_alt": [0.7656292317597903, 0.0006335936296222196, 0.00802588237276347], "k_pid_att": [29.552878299685364, 0.0001, 0.36199030375314833], "k_pid_yaw": [0.5, 1e-06, 0.1], "k_pid_hsp": [0.5301821045217887, 0.0, 0.0], "k_pid_vsp": [356.7057867861543, 20.974931524052547, 22.58808092264077]}, "datetime": {"datetime": "2025-08-21 11:30:43", "elapsed": 9960.205291748047, "delta": 17.327290296554565}, "costs": {"total_cost": 190.002142330744, "time_cost": 74.656, "final_distance_cost": 1.7995185545783663, "oscillation_cost": 32.167071944679854, "completition_cost": 0.0, "overshoot_cost": 52.700986880582924, "power_cost": 15.736808142089844, "noise_cost": 12.941756808813018, "n_waypoints_completed": 9, "tot_waypoints": 9}}
{"target": -186.98154924313545, "params": {"k_pid_pos": [1.705826326924638, 0.0, 0.19590524842733226], "k_pid_alt": [0.539258881222006, 0.0, 0.013548896490636043], "k_pid_att": [24.922270138978185, 0.0001, 0.8507609193869059], "k_pid_yaw": [0.5, 1e-06, 0.1], "k_pid_hsp": [0.8345862189019742, 0.0, 0.0], "k_pid_vsp": [400.0, 26.016406410814483, 27.178304855302244]}, "datetime": {"datetime": "2025-08-21 11:31:02", "elapsed": 9978.721077680588, "delta": 18.515785932540894}, "costs": {"total_cost": 186.98154924313545, "time_cost": 74.848, "final_distance_cost": 1.8591739575525492, "oscillation_cost": 37.21481175924569, "completition_cost": 0.0, "overshoot_cost": 51.057029135152, "power_cost": 12.33619002685547, "noise_cost": 9.666344364329758, "n_waypoints_completed": 9, "tot_waypoints": 9}}
{"target": -183.32256745540573, "params": {"k_pid_pos": [1.342552220879135, 0.0, 0.0], "k_pid_alt": [0.9504027225689426, 0.0, 0.012973493060197766], "k_pid_att": [50.56656816768226, 0.0001, 0.0], "k_pid_yaw": [0.5, 1e-06, 0.1], "k_pid_hsp": [0.25393906339420497, 0.012830099932702344, 0.0], "k_pid_vsp": [400.0, 29.50393540458289, 25.437760898834945]}, "datetime": {"datetime": "2025-08-21 11:31:18", "elapsed": 9995.238840341568, "delta": 16.517762660980225}, "costs": {"total_cost": 183.32256745540573, "time_cost": 70.264, "final_distance_cost": 1.7887010377592567, "oscillation_cost": 34.81164673139702, "completition_cost": 0.0, "overshoot_cost": 50.75562689913107, "power_cost": 14.306794396972657, "noise_cost": 11.395798390145732, "n_waypoints_completed": 9, "tot_waypoints": 9}}
{"target": -180.445042876418, "params": {"k_pid_pos": [1.3115173345165323, 0.0, 0.11582839749405016], "k_pid_alt": [0.9554352759995858, 0.0, 0.006224159378900343], "k_pid_att": [27.763222263883648, 0.0001, 0.35911479969288485], "k_pid_yaw": [0.5, 1e-06, 0.1], "k_pid_hsp": [0.6594956031959043, 0.0, 0.0], "k_pid_vsp": [400.0, 3.8431964456457024, 25.658050080931933]}, "datetime": {"datetime": "2025-08-21 11:31:35", "elapsed": 10011.534498214722, "delta": 16.295657873153687}, "costs": {"total_cost": 180.445042876418, "time_cost": 70.928, "final_distance_cost": 1.8405244057803543, "oscillation_cost": 31.543085331772048, "completition_cost": 0.0, "overshoot_cost": 51.275536715546295, "power_cost": 13.657535998535156, "noise_cost": 11.200360424784142, "n_waypoints_completed": 9, "tot_waypoints": 9}}
{"target": -177.5324370400369, "params": {"k_pid_pos": [1.1891194450067968, 0.0, 0.15719978006417124], "k_pid_alt": [0.8435430531517245, 0.0, 0.0031625693253327517], "k_pid_att": [34.78623330169642, 0.0001, 0.4037084522540847], "k_pid_yaw": [0.5, 1e-06, 0.1], "k_pid_hsp": [0.24838000208317332, 0.012902380907971706, 0.0], "k_pid_vsp": [373.5544915014819, 1e-06, 21.572411718867926]}, "datetime": {"datetime": "2025-08-21 11:31:51", "elapsed": 10027.810879468918, "delta": 16.276381254196167}, "costs": {"total_cost": 177.5324370400369, "time_cost": 71.44800000000001, "final_distance_cost": 1.827986556537879, "oscillation_cost": 31.082385679209082, "completition_cost": 0.0, "overshoot_cost": 51.08272574184959, "power_cost": 12.315240710449219, "noise_cost": 9.776098351991124, "n_waypoints_completed": 9, "tot_waypoints": 9}}
{"target": -182.9469541666943, "params": {"k_pid_pos": [1.2203937776826121, 0.0, 0.0], "k_pid_alt": [1.0897243448214806, 0.0, 0.003566773000938261], "k_pid_att": [36.38739918391587, 0.0001, 0.40255571382920247], "k_pid_yaw": [0.5, 1e-06, 0.1], "k_pid_hsp": [0.5848866100415131, 0.0884464995311777, 0.0], "k_pid_vsp": [350.14061960818754, 25.105051407010635, 22.107734570312612]}, "datetime": {"datetime": "2025-08-21 11:32:07", "elapsed": 10043.926009178162, "delta": 16.115129709243774}, "costs": {"total_cost": 182.9469541666943, "time_cost": 69.744, "final_distance_cost": 1.814044793564418, "oscillation_cost": 33.470894916766106, "completition_cost": 0.0, "overshoot_cost": 49.700278928382666, "power_cost": 15.994449658203125, "noise_cost": 12.223285869777985, "n_waypoints_completed": 9, "tot_waypoints": 9}}
{"target": -191.51919241801812, "params": {"k_pid_pos": [1.252833935189804, 0.0, 0.07649290417445159], "k_pid_alt": [0.645742646064926, 0.0, 0.0], "k_pid_att": [23.204202555562453, 0.0001, 0.5718295317453723], "k_pid_yaw": [0.5, 1e-06, 0.1], "k_pid_hsp": [0.643423499482156, 0.0, 0.0], "k_pid_vsp": [390.47534118718596, 50.932384218957075, 22.034141029363063]}, "datetime": {"datetime": "2025-08-21 11:32:24", "elapsed": 10060.547128200531, "delta": 16.621119022369385}, "costs": {"total_cost": 191.51919241801812, "time_cost": 72.824, "final_distance_cost": 1.842900425957315, "oscillation_cost": 30.95250043851242, "completition_cost": 0.0, "overshoot_cost": 50.75568241708418, "power_cost": 20.104569384765625, "noise_cost": 15.039539751698591, "n_waypoints_completed": 9, "tot_waypoints": 9}}
{"target": -191.7404735450004, "params": {"k_pid_pos": [1.008534008869417, 0.0, 0.0], "k_pid_alt": [0.9626982406681219, 0.0, 0.006262611540966322], "k_pid_att": [34.92491209605839, 0.0001, 0.45720766133353385], "k_pid_yaw": [0.5, 1e-06, 0.1], "k_pid_hsp": [0.6555691713206268, 0.0, 0.0], "k_pid_vsp": [400.0, 34.5802243440469, 16.045438226406354]}, "datetime": {"datetime": "2025-08-21 11:32:40", "elapsed": 10076.610846757889, "delta": 16.063718557357788}, "costs": {"total_cost": 191.7404735450004, "time_cost": 70.984, "final_distance_cost": 1.8383755970019544, "oscillation_cost": 32.85976238681618, "completition_cost": 0.0, "overshoot_cost": 50.16547610688017, "power_cost": 21.06124727783203, "noise_cost": 14.831612176470095, "n_waypoints_completed": 9, "tot_waypoints": 9}}
{"target": -180.05842687520288, "params": {"k_pid_pos": [1.3272199067006265, 0.0, 0.362618282081149], "k_pid_alt": [1.088346973040993, 0.0, 0.004582987046692737], "k_pid_att": [19.196263344257474, 0.0001, 0.2506742221554533], "k_pid_yaw": [0.5, 1e-06, 0.1], "k_pid_hsp": [0.6159124501396611, 0.0, 0.0], "k_pid_vsp": [394.30602108886154, 33.455014774346886, 26.237877738623236]}, "datetime": {"datetime": "2025-08-21 11:32:56", "elapsed": 10092.56588935852, "delta": 15.955042600631714}, "costs": {"total_cost": 180.05842687520288, "time_cost": 70.464, "final_distance_cost": 1.839491203039961, "oscillation_cost": 31.15415447517399, "completition_cost": 0.0, "overshoot_cost": 51.00280767344032, "power_cost": 13.946719189453125, "noise_cost": 11.651254334095514, "n_waypoints_completed": 9, "tot_waypoints": 9}}
{"target": -188.47369586529115, "params": {"k_pid_pos": [1.6814181843412235, 0.0, 0.06306784083279383], "k_pid_alt": [1.2237957396949535, 0.014657680825144008, 0.0013247706050908137], "k_pid_att": [17.277427077139308, 0.6729284497826546, 0.6952724340132269], "k_pid_yaw": [0.5, 1e-06, 0.1], "k_pid_hsp": [0.40947484737538636, 0.0, 0.016057610696781306], "k_pid_vsp": [400.0, 1e-06, 18.638746007994875]}, "datetime": {"datetime": "2025-08-21 11:33:12", "elapsed": 10109.327155351639, "delta": 16.761265993118286}, "costs": {"total_cost": 188.47369586529115, "time_cost": 70.88, "final_distance_cost": 1.7557743497866516, "oscillation_cost": 46.038500031813555, "completition_cost": 0.0, "overshoot_cost": 51.609080647659184, "power_cost": 9.558810595703125, "noise_cost": 8.631530240328633, "n_waypoints_completed": 9, "tot_waypoints": 9}}
{"target": -187.50655497543988, "params": {"k_pid_pos": [1.2515101945252916, 0.0, 0.0], "k_pid_alt": [0.9008163956194447, 0.0, 0.012459483107692914], "k_pid_att": [36.06388753805628, 0.0001, 0.7437209510010336], "k_pid_yaw": [0.5, 1e-06, 0.1], "k_pid_hsp": [0.4696699522419164, 0.0, 0.0], "k_pid_vsp": [400.0, 55.40740089710498, 12.90957733827077]}, "datetime": {"datetime": "2025-08-21 11:33:29", "elapsed": 10125.987800598145, "delta": 16.660645246505737}, "costs": {"total_cost": 187.50655497543988, "time_cost": 72.528, "final_distance_cost": 1.801372495153006, "oscillation_cost": 33.65605064817893, "completition_cost": 0.0, "overshoot_cost": 51.25679687547511, "power_cost": 15.782194238281251, "noise_cost": 12.48214071835158, "n_waypoints_completed": 9, "tot_waypoints": 9}}
{"target": -195.39776152242305, "params": {"k_pid_pos": [1.29156708038094, 0.0, 0.09426149234268243], "k_pid_alt": [0.8555456369517395, 0.0, 0.009574754368744734], "k_pid_att": [82.48700128037748, 0.0001, 0.33466362596339033], "k_pid_yaw": [0.5, 1e-06, 0.1], "k_pid_hsp": [3.8190856222674836, 0.0, 0.0], "k_pid_vsp": [400.0, 1e-06, 1e-06]}, "datetime": {"datetime": "2025-08-21 11:33:46", "elapsed": 10142.614823102951, "delta": 16.62702250480652}, "costs": {"total_cost": 195.39776152242305, "time_cost": 73.664, "final_distance_cost": 1.831701405999443, "oscillation_cost": 42.039151305719656, "completition_cost": 0.0, "overshoot_cost": 51.23946583237712, "power_cost": 14.10670203857422, "noise_cost": 12.51674093975261, "n_waypoints_completed": 9, "tot_waypoints": 9}}
{"target": -177.48252875625812, "params": {"k_pid_pos": [1.117678340699468, 0.0, 0.0], "k_pid_alt": [0.8335187838607345, 0.0, 0.005943861862522815], "k_pid_att": [31.8301690796941, 0.0001, 0.12948007547463794], "k_pid_yaw": [0.5, 1e-06, 0.1], "k_pid_hsp": [0.4715095392585109, 0.19659095219235442, 0.0], "k_pid_vsp": [341.91334747278887, 37.71676023529221, 25.729754357402705]}, "datetime": {"datetime": "2025-08-21 11:34:02", "elapsed": 10159.125300884247, "delta": 16.510477781295776}, "costs": {"total_cost": 177.48252875625812, "time_cost": 70.08, "final_distance_cost": 1.851396518730139, "oscillation_cost": 39.51450928596708, "completition_cost": 0.0, "overshoot_cost": 49.63521668069789, "power_cost": 8.623799877929688, "noise_cost": 7.777606392933339, "n_waypoints_completed": 9, "tot_waypoints": 9}}
{"target": -196.08515021980716, "params": {"k_pid_pos": [1.2100471418358705, 0.0, 0.0], "k_pid_alt": [0.7875099268167125, 0.0, 0.0019833454626043967], "k_pid_att": [40.99775424020007, 0.0001, 0.1223890886537187], "k_pid_yaw": [0.5, 1e-06, 0.1], "k_pid_hsp": [0.5639614557054513, 0.0, 0.0], "k_pid_vsp": [400.0, 37.66464120483204, 31.032718307977035]}, "datetime": {"datetime": "2025-08-21 11:34:19", "elapsed": 10175.551456689835, "delta": 16.42615580558777}, "costs": {"total_cost": 196.08515021980716, "time_cost": 71.128, "final_distance_cost": 1.812328605107502, "oscillation_cost": 33.7243738318001, "completition_cost": 0.0, "overshoot_cost": 50.833334306497, "power_cost": 22.535499755859377, "noise_cost": 16.051613720543205, "n_waypoints_completed": 9, "tot_waypoints": 9}}
{"target": -188.08912661484538, "params": {"k_pid_pos": [0.8275591196561477, 0.0, 0.0], "k_pid_alt": [0.8740217674541886, 0.0, 0.0], "k_pid_att": [63.45750890629259, 0.0001, 0.10561928100273188], "k_pid_yaw": [0.5, 1e-06, 0.1], "k_pid_hsp": [2.1654463965153834, 0.0, 0.0], "k_pid_vsp": [400.0, 1e-06, 1e-06]}, "datetime": {"datetime": "2025-08-21 11:34:35", "elapsed": 10192.353293180466, "delta": 16.801836490631104}, "costs": {"total_cost": 188.08912661484538, "time_cost": 74.208, "final_distance_cost": 1.843490293207603, "oscillation_cost": 42.517507466023524, "completition_cost": 0.0, "overshoot_cost": 51.17580058411443, "power_cost": 8.584826672363281, "noise_cost": 9.759501599136534, "n_waypoints_completed": 9, "tot_waypoints": 9}}
{"target": -179.53848803057093, "params": {"k_pid_pos": [1.431068610421373, 0.0, 0.0], "k_pid_alt": [0.8205308739213538, 0.0, 0.0029240185949968626], "k_pid_att": [22.75518029805061, 0.0001, 0.0575347239800838], "k_pid_yaw": [0.5, 1e-06, 0.1], "k_pid_hsp": [0.5187866803776329, 0.0012024616343689065, 0.0], "k_pid_vsp": [392.5215668455675, 20.65789088784341, 25.20610447043527]}, "datetime": {"datetime": "2025-08-21 11:34:52", "elapsed": 10208.572496175766, "delta": 16.219202995300293}, "costs": {"total_cost": 179.53848803057093, "time_cost": 71.536, "final_distance_cost": 1.7826607832660555, "oscillation_cost": 34.06031825756711, "completition_cost": 0.0, "overshoot_cost": 51.574113892130015, "power_cost": 10.791376684570313, "noise_cost": 9.794018413037431, "n_waypoints_completed": 9, "tot_waypoints": 9}}
{"target": -222.1820941713449, "params": {"k_pid_pos": [1.1507784623621533, 0.0, 0.24515544440263004], "k_pid_alt": [0.8425456433985614, 0.0, 0.0030320103168650367], "k_pid_att": [22.61553404329832, 0.0001, 0.9738014152878083], "k_pid_yaw": [0.5, 1e-06, 0.1], "k_pid_hsp": [0.7843950209382016, 0.0, 0.06009309237470716], "k_pid_vsp": [400.0, 13.65473542017633, 21.632842833067546]}, "datetime": {"datetime": "2025-08-21 11:35:10", "elapsed": 10226.436972141266, "delta": 17.864475965499878}, "costs": {"total_cost": 222.1820941713449, "time_cost": 77.88, "final_distance_cost": 1.8493752633894205, "oscillation_cost": 61.23833795200446, "completition_cost": 0.0, "overshoot_cost": 52.05098616132209, "power_cost": 15.889044091796876, "noise_cost": 13.27435070283205, "n_waypoints_completed": 9, "tot_waypoints": 9}}
{"target": -189.3936100837983, "params": {"k_pid_pos": [1.279043758382816, 0.0, 0.06550889880623352], "k_pid_alt": [0.9220262793051934, 0.0, 0.005316780335814751], "k_pid_att": [33.57574248251825, 0.0001, 1.0], "k_pid_yaw": [0.5, 1e-06, 0.1], "k_pid_hsp": [0.5630420606660591, 0.0, 0.0], "k_pid_vsp": [400.0, 44.51826042942815, 31.454839813655813]}, "datetime": {"datetime": "2025-08-21 11:35:25", "elapsed": 10242.390380620956, "delta": 15.953408479690552}, "costs": {"total_cost": 189.3936100837983, "time_cost": 69.856, "final_distance_cost": 1.8135455936583247, "oscillation_cost": 35.066782705434214, "completition_cost": 0.0, "overshoot_cost": 50.35758540884458, "power_cost": 18.85800889892578, "noise_cost": 13.441687476935417, "n_waypoints_completed": 9, "tot_waypoints": 9}}
{"target": -193.3383815535017, "params": {"k_pid_pos": [1.0038360266632325, 0.0, 0.35600897989725866], "k_pid_alt": [0.9185670998453304, 0.0005983976523427493, 0.007403468255402118], "k_pid_att": [67.27962382269008, 0.0001, 0.15636633800691693], "k_pid_yaw": [0.5, 1e-06, 0.1], "k_pid_hsp": [0.15543709818244955, 0.013675929677353654, 0.0], "k_pid_vsp": [305.44163333864515, 22.36686381288588, 10.041977894113021]}, "datetime": {"datetime": "2025-08-21 11:35:42", "elapsed": 10258.919174909592, "delta": 16.528794288635254}, "costs": {"total_cost": 193.3383815535017, "time_cost": 72.584, "final_distance_cost": 1.835594721778755, "oscillation_cost": 30.898581672782182, "completition_cost": 0.0, "overshoot_cost": 51.16397485981213, "power_cost": 21.049765979003908, "noise_cost": 15.806464320124713, "n_waypoints_completed": 9, "tot_waypoints": 9}}
{"target": -1229.6567403550541, "params": {"k_pid_pos": [0.997749657784764, 0.0, 0.1302465101937075], "k_pid_alt": [1.100500580210391, 0.0, 0.005046193144757015], "k_pid_att": [39.13829142713611, 0.0007853545963393271, 0.5386207765745912], "k_pid_yaw": [0.5, 1e-06, 0.1], "k_pid_hsp": [0.0001, 0.0, 0.0], "k_pid_vsp": [323.1880562940723, 12.204269917275667, 27.08863798881831]}, "datetime": {"datetime": "2025-08-21 11:36:05", "elapsed": 10281.907962083817, "delta": 22.988787174224854}, "costs": {"total_cost": 1229.6567403550541, "time_cost": 150, "final_distance_cost": 45.79387948119454, "oscillation_cost": 5.234697771455552, "completition_cost": 888.8888888888888, "overshoot_cost": 78.9202574446568, "power_cost": 37.023521618652346, "noise_cost": 23.795495150206207, "n_waypoints_completed": 1, "tot_waypoints": 9}}
{"target": -189.06135440031764, "params": {"k_pid_pos": [1.266126424320931, 0.0, 0.07465004894852073], "k_pid_alt": [0.9309502707135492, 0.0, 0.0635678059023964], "k_pid_att": [46.62836697648057, 0.0001, 0.2356815546470119], "k_pid_yaw": [0.5, 1e-06, 0.1], "k_pid_hsp": [0.8176256778935675, 0.0, 0.0], "k_pid_vsp": [400.0, 1e-06, 25.62373561122443]}, "datetime": {"datetime": "2025-08-21 11:36:22", "elapsed": 10298.747620105743, "delta": 16.83965802192688}, "costs": {"total_cost": 189.06135440031764, "time_cost": 72.296, "final_distance_cost": 1.8375221316657886, "oscillation_cost": 34.70042315006854, "completition_cost": 0.0, "overshoot_cost": 52.202620604324366, "power_cost": 15.707759204101563, "noise_cost": 12.317029310157341, "n_waypoints_completed": 9, "tot_waypoints": 9}}
{"target": -185.1927605664091, "params": {"k_pid_pos": [1.4508535721263593, 0.0, 0.15375864079399498], "k_pid_alt": [0.7323737640803353, 0.0, 0.011129920005247413], "k_pid_att": [22.50480191056078, 0.05335267474268161, 0.5212342093327771], "k_pid_yaw": [0.5, 1e-06, 0.1], "k_pid_hsp": [0.7899502802100242, 0.0, 0.0], "k_pid_vsp": [400.0, 25.647497923617532, 14.057849785366399]}, "datetime": {"datetime": "2025-08-21 11:36:38", "elapsed": 10315.228380203247, "delta": 16.480760097503662}, "costs": {"total_cost": 185.1927605664091, "time_cost": 72.16, "final_distance_cost": 1.8160383027018097, "oscillation_cost": 31.50681687799884, "completition_cost": 0.0, "overshoot_cost": 50.94425803758531, "power_cost": 16.1298560546875, "noise_cost": 12.63579129343564, "n_waypoints_completed": 9, "tot_waypoints": 9}}
{"target": -183.04230749631023, "params": {"k_pid_pos": [1.4043364862501995, 0.0, 0.12354458770655195], "k_pid_alt": [0.777225946673255, 0.0003767648851291435, 0.011698061270329583], "k_pid_att": [22.020978367697065, 0.0001, 0.7626011138437288], "k_pid_yaw": [0.5, 1e-06, 0.1], "k_pid_hsp": [1.216562787763415, 0.0, 0.0], "k_pid_vsp": [400.0, 31.612063521337994, 1e-06]}, "datetime": {"datetime": "2025-08-21 11:36:55", "elapsed": 10331.471331596375, "delta": 16.24295139312744}, "costs": {"total_cost": 183.04230749631023, "time_cost": 71.712, "final_distance_cost": 1.799418601589812, "oscillation_cost": 31.765882206185083, "completition_cost": 0.0, "overshoot_cost": 50.60084592493824, "power_cost": 14.704561730957032, "noise_cost": 12.459599032640057, "n_waypoints_completed": 9, "tot_waypoints": 9}}
{"target": -179.19142416629018, "params": {"k_pid_pos": [1.449694134221669, 0.0, 0.0], "k_pid_alt": [1.7373497558136595, 0.0, 0.0026966325604992365], "k_pid_att": [25.714200122107258, 0.010943714288413472, 0.7702764283808732], "k_pid_yaw": [0.5, 1e-06, 0.1], "k_pid_hsp": [0.566432667390403, 0.0, 0.0], "k_pid_vsp": [398.37994948271205, 19.438555436982682, 35.15068236597286]}, "datetime": {"datetime": "2025-08-21 11:37:11", "elapsed": 10347.56416630745, "delta": 16.09283471107483}, "costs": {"total_cost": 179.19142416629018, "time_cost": 70.08800000000001, "final_distance_cost": 1.816676301200733, "oscillation_cost": 33.93411237942587, "completition_cost": 0.0, "overshoot_cost": 51.250071068757926, "power_cost": 11.954223364257814, "noise_cost": 10.148341052647833, "n_waypoints_completed": 9, "tot_waypoints": 9}}
{"target": -1207.8610387076308, "params": {"k_pid_pos": [1.4102317960522859, 0.0, 0.20155215160431136], "k_pid_alt": [1.359504632537965, 0.0, 0.0], "k_pid_att": [12.513583996307217, 0.0001, 0.5232826331967737], "k_pid_yaw": [0.5, 1e-06, 0.1], "k_pid_hsp": [0.0001, 0.0, 0.0], "k_pid_vsp": [365.7921565196771, 29.50727073822511, 1e-06]}, "datetime": {"datetime": "2025-08-21 11:37:34", "elapsed": 10370.497578382492, "delta": 22.933412075042725}, "costs": {"total_cost": 1207.8610387076308, "time_cost": 150, "final_distance_cost": 46.62691396683045, "oscillation_cost": 0.20630980593156234, "completition_cost": 888.8888888888888, "overshoot_cost": 83.51730683674465, "power_cost": 21.651254138183596, "noise_cost": 16.97036507105188, "n_waypoints_completed": 1, "tot_waypoints": 9}}
