{"target": -186.43459961996865, "params": {"k_pid_pos": [1.1524108346258461, 0.0, 0.17872197628377612], "k_pid_alt": [1.0638409130632709, 0.0, 0.020947202144249492], "k_pid_att": [15.750770910105986, 0.0001, 0.5804317070465324], "k_pid_yaw": [0.5, 1e-06, 0.1], "k_pid_hsp": [0.5084202640798857, 0.0, 0.0], "k_pid_vsp": [400.0, 35.84172207084129, 17.89979476269651]}, "datetime": {"datetime": "2025-08-21 18:29:19", "elapsed": 35075.47733235359, "delta": 16.40116810798645}, "costs": {"total_cost": 186.43459961996865, "time_cost": 70.736, "final_distance_cost": 1.8485509492381564, "oscillation_cost": 30.481142646886564, "completition_cost": 0.0, "overshoot_cost": 50.32051668500343, "power_cost": 18.633867248535157, "noise_cost": 14.414522090305333, "n_waypoints_completed": 9, "tot_waypoints": 9}}
{"target": -169.9654081005941, "params": {"k_pid_pos": [1.1240270221268633, 0.0, 0.1380940519778016], "k_pid_alt": [1.1904043996988491, 0.0, 0.01588596905902291], "k_pid_att": [13.396585044327638, 0.0001, 0.6849534833032487], "k_pid_yaw": [0.5, 1e-06, 0.1], "k_pid_hsp": [0.1274660580774295, 0.0032335410397805945, 0.0], "k_pid_vsp": [400.0, 41.28691086923074, 18.588611426412047]}, "datetime": {"datetime": "2025-08-21 18:29:35", "elapsed": 35092.29823279381, "delta": 16.820900440216064}, "costs": {"total_cost": 169.9654081005941, "time_cost": 70.48, "final_distance_cost": 1.7816366435492788, "oscillation_cost": 27.684332338893118, "completition_cost": 0.0, "overshoot_cost": 51.164221227306115, "power_cost": 10.076542687988281, "noise_cost": 8.778675202857288, "n_waypoints_completed": 9, "tot_waypoints": 9}}
{"target": -170.0394847616605, "params": {"k_pid_pos": [1.1267405318001145, 0.0, 0.13652901547832624], "k_pid_alt": [1.1988340774967625, 0.0, 0.016741749099581697], "k_pid_att": [16.76205809343028, 0.0001, 0.6340703867198603], "k_pid_yaw": [0.5, 1e-06, 0.1], "k_pid_hsp": [0.12206763139585963, 0.0020751455852645864, 0.0], "k_pid_vsp": [399.994267271406, 34.506063084731444, 17.650199312970084]}, "datetime": {"datetime": "2025-08-21 18:29:53", "elapsed": 35110.14116573334, "delta": 17.84293293952942}, "costs": {"total_cost": 170.0394847616605, "time_cost": 70.34400000000001, "final_distance_cost": 1.8053511836332383, "oscillation_cost": 27.59640005926061, "completition_cost": 0.0, "overshoot_cost": 51.19484803216933, "power_cost": 9.889945825195314, "noise_cost": 9.208939661402002, "n_waypoints_completed": 9, "tot_waypoints": 9}}
{"target": -178.17935648955367, "params": {"k_pid_pos": [1.119449165821133, 0.0, 0.14080623395964992], "k_pid_alt": [1.4952475623598227, 0.0, 0.014673374760627786], "k_pid_att": [14.829692670982324, 0.0001, 0.646612287421738], "k_pid_yaw": [0.5, 1e-06, 0.1], "k_pid_hsp": [0.1285198526948732, 0.005138738638537067, 0.0], "k_pid_vsp": [398.8732667635951, 42.276274662406315, 14.807848393020944]}, "datetime": {"datetime": "2025-08-21 18:30:09", "elapsed": 35126.339980602264, "delta": 16.198814868927002}, "costs": {"total_cost": 178.17935648955367, "time_cost": 69.848, "final_distance_cost": 1.8129486195259452, "oscillation_cost": 28.015719261690705, "completition_cost": 0.0, "overshoot_cost": 50.86913832534465, "power_cost": 15.59204580078125, "noise_cost": 12.04150448221114, "n_waypoints_completed": 9, "tot_waypoints": 9}}
{"target": -167.19267227575796, "params": {"k_pid_pos": [1.1232664863395667, 0.0, 0.13898837784647328], "k_pid_alt": [1.2412556336048706, 0.0, 0.0159398219706289], "k_pid_att": [15.27911075909899, 0.0001, 0.6368213020360497], "k_pid_yaw": [0.5, 1e-06, 0.1], "k_pid_hsp": [0.12780345158140302, 0.0034441108661057078, 0.0], "k_pid_vsp": [400.0, 43.96046200216346, 17.199690104905162]}, "datetime": {"datetime": "2025-08-21 18:30:28", "elapsed": 35144.975915670395, "delta": 18.635935068130493}, "costs": {"total_cost": 167.19267227575796, "time_cost": 70.184, "final_distance_cost": 1.7812411900432605, "oscillation_cost": 27.760441495988243, "completition_cost": 0.0, "overshoot_cost": 50.93097302630869, "power_cost": 8.335014636230468, "noise_cost": 8.20100192718729, "n_waypoints_completed": 9, "tot_waypoints": 9}}
{"target": -184.72777557484625, "params": {"k_pid_pos": [1.1326119513338349, 0.0, 0.04074558177007615], "k_pid_alt": [0.9168216050367686, 0.0, 0.0], "k_pid_att": [11.868876369842994, 0.0001, 0.5494735247530644], "k_pid_yaw": [0.5, 1e-06, 0.1], "k_pid_hsp": [0.22436944685072713, 0.056989470109244614, 0.0], "k_pid_vsp": [399.9924178303701, 46.57120989941593, 16.585588982749904]}, "datetime": {"datetime": "2025-08-21 18:30:44", "elapsed": 35160.8143093586, "delta": 15.838393688201904}, "costs": {"total_cost": 184.72777557484625, "time_cost": 70.168, "final_distance_cost": 1.831064764809032, "oscillation_cost": 32.92456913083126, "completition_cost": 0.0, "overshoot_cost": 49.827688297166674, "power_cost": 16.978807580566407, "noise_cost": 12.997645801472856, "n_waypoints_completed": 9, "tot_waypoints": 9}}
{"target": -173.38340563290595, "params": {"k_pid_pos": [1.1226902745664076, 0.0, 0.13870227768972276], "k_pid_alt": [1.187653287603832, 0.0, 0.009045993541412561], "k_pid_att": [23.38377198262644, 0.0001, 0.6460054145497693], "k_pid_yaw": [0.5, 1e-06, 0.1], "k_pid_hsp": [0.13580384072814322, 0.003215173089865289, 0.0], "k_pid_vsp": [400.0, 39.138342932542756, 17.774141492380885]}, "datetime": {"datetime": "2025-08-21 18:31:04", "elapsed": 35181.12507748604, "delta": 20.310768127441406}, "costs": {"total_cost": 173.38340563290595, "time_cost": 70.648, "final_distance_cost": 1.8031220968620456, "oscillation_cost": 27.66796504089577, "completition_cost": 0.0, "overshoot_cost": 50.79740303517093, "power_cost": 11.960774536132813, "noise_cost": 10.506140923844406, "n_waypoints_completed": 9, "tot_waypoints": 9}}
{"target": -171.44380840242462, "params": {"k_pid_pos": [1.1249199802785663, 0.0, 0.09802428567930851], "k_pid_alt": [0.8668975603118161, 0.0, 0.016348811078821378], "k_pid_att": [15.838030644215753, 0.0001, 0.8613131020526059], "k_pid_yaw": [0.5, 1e-06, 0.1], "k_pid_hsp": [0.18615670220916403, 0.0011464271512873763, 0.0], "k_pid_vsp": [399.4038182067251, 12.949192187103897, 17.308995994037026]}, "datetime": {"datetime": "2025-08-21 18:31:24", "elapsed": 35200.861179828644, "delta": 19.73610234260559}, "costs": {"total_cost": 171.44380840242462, "time_cost": 71.944, "final_distance_cost": 1.8060529685522058, "oscillation_cost": 28.28147619326416, "completition_cost": 0.0, "overshoot_cost": 51.78582866434001, "power_cost": 9.140577087402344, "noise_cost": 8.485873488865892, "n_waypoints_completed": 9, "tot_waypoints": 9}}
{"target": -188.1033398371794, "params": {"k_pid_pos": [1.2569203655482852, 0.0, 0.1421083937933484], "k_pid_alt": [1.2486893253471143, 0.0, 0.008001697444863684], "k_pid_att": [14.270642931162286, 0.0001, 0.8832599573605425], "k_pid_yaw": [0.5, 1e-06, 0.1], "k_pid_hsp": [0.40523360459420654, 0.006188320134546346, 0.0], "k_pid_vsp": [400.0, 41.137494414835196, 16.874481662191208]}, "datetime": {"datetime": "2025-08-21 18:31:44", "elapsed": 35220.72390413284, "delta": 19.86272430419922}, "costs": {"total_cost": 188.1033398371794, "time_cost": 70.12, "final_distance_cost": 1.817820771321328, "oscillation_cost": 30.97093262793989, "completition_cost": 0.0, "overshoot_cost": 50.69503616352192, "power_cost": 19.54806981201172, "noise_cost": 14.951480462384536, "n_waypoints_completed": 9, "tot_waypoints": 9}}
{"target": -188.85017910898404, "params": {"k_pid_pos": [1.1265018218301361, 0.03054766765071909, 0.1385572791379352], "k_pid_alt": [1.1924345163127519, 0.0, 0.014269655822396265], "k_pid_att": [18.761339161978565, 0.0001, 0.6435472652354204], "k_pid_yaw": [0.5, 1e-06, 0.1], "k_pid_hsp": [0.14929379001568813, 0.0033294052117680472, 0.0], "k_pid_vsp": [372.5836809124999, 43.09891387103036, 17.792797421352546]}, "datetime": {"datetime": "2025-08-21 18:32:02", "elapsed": 35238.77957201004, "delta": 18.055667877197266}, "costs": {"total_cost": 188.85017910898404, "time_cost": 73.896, "final_distance_cost": 1.8035056025152658, "oscillation_cost": 28.985274769624816, "completition_cost": 0.0, "overshoot_cost": 52.05333632295264, "power_cost": 18.001858129882812, "noise_cost": 14.110204284008503, "n_waypoints_completed": 9, "tot_waypoints": 9}}
{"target": -187.26624327668523, "params": {"k_pid_pos": [1.337842976144682, 0.0, 0.04802505915485138], "k_pid_alt": [1.1455813901153966, 0.0, 0.0], "k_pid_att": [15.399488449337284, 0.0001, 0.6390840130728007], "k_pid_yaw": [0.5, 1e-06, 0.1], "k_pid_hsp": [0.12713456313915816, 0.003290412909036315, 0.0], "k_pid_vsp": [400.0, 30.93747544097642, 19.152840632048974]}, "datetime": {"datetime": "2025-08-21 18:32:19", "elapsed": 35256.41807579994, "delta": 17.638503789901733}, "costs": {"total_cost": 187.26624327668523, "time_cost": 71.06400000000001, "final_distance_cost": 1.766780575125794, "oscillation_cost": 30.026475431297087, "completition_cost": 0.0, "overshoot_cost": 52.276661228553365, "power_cost": 18.429548864746096, "noise_cost": 13.702777176962883, "n_waypoints_completed": 9, "tot_waypoints": 9}}
{"target": -174.09100181706515, "params": {"k_pid_pos": [1.2992338961108068, 0.00013370407529110504, 0.14256522527999382], "k_pid_alt": [1.1725957555005666, 0.0, 0.0174660109121166], "k_pid_att": [15.97225794570385, 0.0001, 0.5869981496843953], "k_pid_yaw": [0.5, 1e-06, 0.1], "k_pid_hsp": [0.1527401805442151, 0.005384604799694964, 0.0], "k_pid_vsp": [396.7615635949568, 29.228988935121887, 15.961979157486068]}, "datetime": {"datetime": "2025-08-21 18:32:35", "elapsed": 35272.39638090134, "delta": 15.978305101394653}, "costs": {"total_cost": 174.09100181706515, "time_cost": 70.08800000000001, "final_distance_cost": 1.8188490055703526, "oscillation_cost": 29.78309165769778, "completition_cost": 0.0, "overshoot_cost": 51.48904902286475, "power_cost": 11.073183630371094, "noise_cost": 9.838828500561174, "n_waypoints_completed": 9, "tot_waypoints": 9}}
{"target": -179.63014898043193, "params": {"k_pid_pos": [1.1246180759692623, 0.0, 0.14330418190447225], "k_pid_alt": [1.2024161416748174, 0.0, 0.008412945085465745], "k_pid_att": [15.405790943277887, 0.0001, 0.6472541298631258], "k_pid_yaw": [0.5, 1e-06, 0.1], "k_pid_hsp": [0.12859906248869307, 0.0033837399363307948, 0.0], "k_pid_vsp": [391.2765870997476, 29.96761385528682, 15.731921643902567]}, "datetime": {"datetime": "2025-08-21 18:32:53", "elapsed": 35290.233548641205, "delta": 17.837167739868164}, "costs": {"total_cost": 179.63014898043193, "time_cost": 70.736, "final_distance_cost": 1.783727567305117, "oscillation_cost": 27.59534965192256, "completition_cost": 0.0, "overshoot_cost": 50.71629559579358, "power_cost": 16.08639636230469, "noise_cost": 12.712379803105959, "n_waypoints_completed": 9, "tot_waypoints": 9}}
{"target": -182.04417152655637, "params": {"k_pid_pos": [1.118137350203585, 0.0, 0.09019249759382286], "k_pid_alt": [2.0, 0.0, 0.0129434862558283], "k_pid_att": [14.933581705640005, 0.0023378969215340265, 0.6354119810318005], "k_pid_yaw": [0.5, 1e-06, 0.1], "k_pid_hsp": [0.4400356641920841, 0.0029679382142707438, 0.0], "k_pid_vsp": [400.0, 43.571362606112835, 20.78452044861625]}, "datetime": {"datetime": "2025-08-21 18:33:10", "elapsed": 35306.63808965683, "delta": 16.404541015625}, "costs": {"total_cost": 182.04417152655637, "time_cost": 69.944, "final_distance_cost": 1.8315277843954423, "oscillation_cost": 30.82621890193652, "completition_cost": 0.0, "overshoot_cost": 50.8951568653264, "power_cost": 16.208226013183594, "noise_cost": 12.339041961714408, "n_waypoints_completed": 9, "tot_waypoints": 9}}
{"target": -177.63053769780933, "params": {"k_pid_pos": [1.168972334564392, 0.0, 0.2508674070077605], "k_pid_alt": [1.4221927959662322, 0.0, 0.016551083218190182], "k_pid_att": [15.275126051952853, 0.0001, 0.6343449162578054], "k_pid_yaw": [0.5, 1e-06, 0.1], "k_pid_hsp": [0.1349373525913627, 0.002902160896041068, 0.0], "k_pid_vsp": [399.2440938443844, 15.930653463853192, 6.900338979646599]}, "datetime": {"datetime": "2025-08-21 18:33:28", "elapsed": 35324.447612285614, "delta": 17.80952262878418}, "costs": {"total_cost": 177.63053769780933, "time_cost": 71.176, "final_distance_cost": 1.8262424595565476, "oscillation_cost": 26.92623755247881, "completition_cost": 0.0, "overshoot_cost": 51.84897214324021, "power_cost": 13.702450476074219, "noise_cost": 12.15063506645955, "n_waypoints_completed": 9, "tot_waypoints": 9}}
{"target": -172.38206626119114, "params": {"k_pid_pos": [1.2250622118937695, 0.0, 0.13257735994011471], "k_pid_alt": [1.1902352384300192, 0.0, 0.013645884263146672], "k_pid_att": [15.368145862632954, 0.0001, 0.6192525815145554], "k_pid_yaw": [0.5, 1e-06, 0.1], "k_pid_hsp": [0.2199519961047433, 0.0014643182953361015, 0.0], "k_pid_vsp": [400.0, 39.26536699469569, 18.302932166503307]}, "datetime": {"datetime": "2025-08-21 18:33:45", "elapsed": 35341.854699373245, "delta": 17.407087087631226}, "costs": {"total_cost": 172.38206626119114, "time_cost": 70.784, "final_distance_cost": 1.8023597468341561, "oscillation_cost": 29.407680178061774, "completition_cost": 0.0, "overshoot_cost": 51.225234367529005, "power_cost": 10.341088195800781, "noise_cost": 8.821703772965432, "n_waypoints_completed": 9, "tot_waypoints": 9}}
{"target": -179.29706591831078, "params": {"k_pid_pos": [1.1320666587784645, 0.0, 0.1399203360498879], "k_pid_alt": [1.0355163492895216, 0.0, 0.011532122899885738], "k_pid_att": [15.248176285440426, 0.0001, 0.8109840741012699], "k_pid_yaw": [0.5, 1e-06, 0.1], "k_pid_hsp": [0.11934085520839527, 0.004141634220222454, 0.0], "k_pid_vsp": [400.0, 48.08118131827624, 18.334276212500342]}, "datetime": {"datetime": "2025-08-21 18:34:01", "elapsed": 35358.22188091278, "delta": 16.367181539535522}, "costs": {"total_cost": 179.29706591831078, "time_cost": 70.616, "final_distance_cost": 1.7753599512797473, "oscillation_cost": 27.94384722465047, "completition_cost": 0.0, "overshoot_cost": 51.22993729287783, "power_cost": 15.276131518554688, "noise_cost": 12.45578993094804, "n_waypoints_completed": 9, "tot_waypoints": 9}}
{"target": -182.03919761220018, "params": {"k_pid_pos": [1.1537598651549925, 0.0, 0.1392735153702648], "k_pid_alt": [1.187662574452796, 0.0, 0.015263492946363387], "k_pid_att": [16.3261711005473, 0.0001, 0.6363501770896738], "k_pid_yaw": [0.5, 1e-06, 0.1], "k_pid_hsp": [0.2576377297702249, 0.003325456486614827, 0.0], "k_pid_vsp": [400.0, 35.28413735034896, 14.940933828250474]}, "datetime": {"datetime": "2025-08-21 18:34:20", "elapsed": 35376.517912864685, "delta": 18.296031951904297}, "costs": {"total_cost": 182.03919761220018, "time_cost": 70.656, "final_distance_cost": 1.8332364971582404, "oscillation_cost": 29.244254942051633, "completition_cost": 0.0, "overshoot_cost": 50.96564013710412, "power_cost": 16.55951441650391, "noise_cost": 12.780551619382306, "n_waypoints_completed": 9, "tot_waypoints": 9}}
{"target": -170.929161769478, "params": {"k_pid_pos": [1.1207163067521397, 0.0, 0.13071823306997368], "k_pid_alt": [1.0653753287504584, 0.0, 0.009269205657869796], "k_pid_att": [16.008844927564837, 0.0001, 0.638483448565166], "k_pid_yaw": [0.5, 1e-06, 0.1], "k_pid_hsp": [0.13948629882119545, 0.003272208027735167, 0.0], "k_pid_vsp": [400.0, 51.19605299424287, 15.65550626336001]}, "datetime": {"datetime": "2025-08-21 18:34:36", "elapsed": 35393.072018146515, "delta": 16.554105281829834}, "costs": {"total_cost": 170.929161769478, "time_cost": 70.72, "final_distance_cost": 1.8175645507314344, "oscillation_cost": 27.951725135097703, "completition_cost": 0.0, "overshoot_cost": 51.64064380764961, "power_cost": 9.79812615966797, "noise_cost": 9.001102116331278, "n_waypoints_completed": 9, "tot_waypoints": 9}}
{"target": -176.15594644794203, "params": {"k_pid_pos": [1.156990539053501, 0.0, 0.1385535812270588], "k_pid_alt": [1.0214714135644078, 0.0, 0.010894488556190251], "k_pid_att": [19.530702797893557, 0.0001, 0.6313554027667738], "k_pid_yaw": [0.5, 1e-06, 0.1], "k_pid_hsp": [0.1613162704059921, 0.003848677513888888, 0.0], "k_pid_vsp": [400.0, 43.09126675486461, 17.41771069544287]}, "datetime": {"datetime": "2025-08-21 18:34:54", "elapsed": 35411.242862939835, "delta": 18.170844793319702}, "costs": {"total_cost": 176.15594644794203, "time_cost": 70.76, "final_distance_cost": 1.8264584717402994, "oscillation_cost": 28.641804364458917, "completition_cost": 0.0, "overshoot_cost": 50.837479959487176, "power_cost": 13.505505920410156, "noise_cost": 10.58469773184549, "n_waypoints_completed": 9, "tot_waypoints": 9}}
{"target": -174.40965789965102, "params": {"k_pid_pos": [1.1182853961171448, 0.0, 0.140557555888685], "k_pid_alt": [1.193866791515617, 0.0, 0.014797171490133555], "k_pid_att": [15.76402958127377, 0.0001, 0.6274765221690601], "k_pid_yaw": [0.5, 1e-06, 0.1], "k_pid_hsp": [0.12369127114653748, 0.003491738877708003, 0.0], "k_pid_vsp": [400.0, 44.54028416158431, 13.984579728348054]}, "datetime": {"datetime": "2025-08-21 18:35:11", "elapsed": 35427.63240480423, "delta": 16.38954186439514}, "costs": {"total_cost": 174.40965789965102, "time_cost": 70.856, "final_distance_cost": 1.7810759610684064, "oscillation_cost": 27.47481854519949, "completition_cost": 0.0, "overshoot_cost": 51.556197307865624, "power_cost": 12.179689624023439, "noise_cost": 10.561876461494052, "n_waypoints_completed": 9, "tot_waypoints": 9}}
{"target": -185.87618190876626, "params": {"k_pid_pos": [1.1250653003127062, 0.0, 0.13682816432100098], "k_pid_alt": [1.1722458044532762, 0.0, 0.0161586975320914], "k_pid_att": [17.00495775117224, 0.0001, 0.6200515529338643], "k_pid_yaw": [0.5, 1e-06, 0.1], "k_pid_hsp": [0.14930549345723976, 0.0010312298668979712, 0.0], "k_pid_vsp": [400.0, 45.29129210569718, 19.609999171507184]}, "datetime": {"datetime": "2025-08-21 18:35:28", "elapsed": 35444.536405324936, "delta": 16.904000520706177}, "costs": {"total_cost": 185.87618190876626, "time_cost": 71.104, "final_distance_cost": 1.8248525959524, "oscillation_cost": 27.827292280224988, "completition_cost": 0.0, "overshoot_cost": 51.54129020395612, "power_cost": 19.498631787109375, "noise_cost": 14.080115041523396, "n_waypoints_completed": 9, "tot_waypoints": 9}}
{"target": -194.82449036882153, "params": {"k_pid_pos": [1.1349802390223689, 0.0, 0.11068683437752391], "k_pid_alt": [0.8898300723545691, 0.0, 0.01244299406102791], "k_pid_att": [19.931190867877554, 0.0001, 0.0], "k_pid_yaw": [0.5, 1e-06, 0.1], "k_pid_hsp": [0.18723700874460555, 0.025956154645012365, 0.0], "k_pid_vsp": [400.0, 55.94706360809947, 26.389116971376183]}, "datetime": {"datetime": "2025-08-21 18:35:45", "elapsed": 35462.04952311516, "delta": 17.513117790222168}, "costs": {"total_cost": 194.82449036882153, "time_cost": 74.856, "final_distance_cost": 1.8052531251408137, "oscillation_cost": 32.971876869567176, "completition_cost": 0.0, "overshoot_cost": 53.37050164429953, "power_cost": 18.229365490722657, "noise_cost": 13.591493239091367, "n_waypoints_completed": 9, "tot_waypoints": 9}}
{"target": -172.01764705708425, "params": {"k_pid_pos": [1.1549432724372617, 0.0, 0.13590302937112467], "k_pid_alt": [1.2722076555161894, 0.0, 0.02066902414216203], "k_pid_att": [23.353639868558982, 0.0001, 0.5939103543661177], "k_pid_yaw": [0.5, 1e-06, 0.1], "k_pid_hsp": [0.7007352104745039, 0.003384264353782872, 0.0], "k_pid_vsp": [398.10274285016874, 21.705901965855247, 26.89387089382075]}, "datetime": {"datetime": "2025-08-21 18:36:02", "elapsed": 35479.002247571945, "delta": 16.95272445678711}, "costs": {"total_cost": 172.01764705708425, "time_cost": 70.57600000000001, "final_distance_cost": 1.8424353105410796, "oscillation_cost": 32.31454571501119, "completition_cost": 0.0, "overshoot_cost": 51.07376873105172, "power_cost": 8.413425244140626, "noise_cost": 7.797472056339613, "n_waypoints_completed": 9, "tot_waypoints": 9}}
{"target": -188.81572384449137, "params": {"k_pid_pos": [1.1227074921362978, 0.0, 0.13857859074631618], "k_pid_alt": [1.1084955715820155, 0.0, 0.012935448151888674], "k_pid_att": [15.015069491778657, 0.0001, 0.6447812085549042], "k_pid_yaw": [0.5, 1e-06, 0.1], "k_pid_hsp": [0.12725494686199587, 0.0029396888541148433, 0.0], "k_pid_vsp": [394.4850848801921, 9.07767934568341, 15.04288207484024]}, "datetime": {"datetime": "2025-08-21 18:36:20", "elapsed": 35496.61051654816, "delta": 17.608268976211548}, "costs": {"total_cost": 188.81572384449137, "time_cost": 71.816, "final_distance_cost": 1.7931400589052813, "oscillation_cost": 27.301182746646067, "completition_cost": 0.0, "overshoot_cost": 52.390507635464274, "power_cost": 20.26706795654297, "noise_cost": 15.247825446932767, "n_waypoints_completed": 9, "tot_waypoints": 9}}
{"target": -188.78349340844218, "params": {"k_pid_pos": [1.1161584533508173, 0.0, 0.1544577511484328], "k_pid_alt": [1.2031149676269193, 0.0, 0.011943332620593133], "k_pid_att": [14.770600095845921, 0.0001, 0.6338904105317362], "k_pid_yaw": [0.5, 1e-06, 0.1], "k_pid_hsp": [0.12149164070789979, 0.003931670157454927, 0.0], "k_pid_vsp": [397.2193174493916, 51.052179319553304, 18.45044192183731]}, "datetime": {"datetime": "2025-08-21 18:36:36", "elapsed": 35512.64910244942, "delta": 16.038585901260376}, "costs": {"total_cost": 188.78349340844218, "time_cost": 70.808, "final_distance_cost": 1.7832910473138472, "oscillation_cost": 27.302674228664785, "completition_cost": 0.0, "overshoot_cost": 51.33582057156055, "power_cost": 21.668790185546875, "noise_cost": 15.884917375356139, "n_waypoints_completed": 9, "tot_waypoints": 9}}
