{"target": -178.31861111020558, "params": {"k_pid_pos": [1.1228608150562311, 0.0, 0.13199076250494904], "k_pid_alt": [1.1114488662569146, 0.0, 0.01891989499118265], "k_pid_att": [11.944119922578814, 0.0001, 0.6314762449112961], "k_pid_yaw": [0.5, 1e-06, 0.1], "k_pid_hsp": [0.12307035567440898, 0.003382256084314425, 0.0], "k_pid_vsp": [400.0, 32.35003562903927, 14.467186150587626]}, "datetime": {"datetime": "2025-08-21 18:52:13", "elapsed": 36450.29958987236, "delta": 16.80336833000183}, "costs": {"total_cost": 178.31861111020558, "time_cost": 71.616, "final_distance_cost": 1.8181557247910898, "oscillation_cost": 27.353697291404625, "completition_cost": 0.0, "overshoot_cost": 51.823609646257374, "power_cost": 14.026416369628906, "noise_cost": 11.680732078123592, "n_waypoints_completed": 9, "tot_waypoints": 9}}
{"target": -176.8321881872631, "params": {"k_pid_pos": [1.1622330624305572, 0.0, 0.1405636337658583], "k_pid_alt": [1.264197979119254, 0.0, 0.007514233651507031], "k_pid_att": [9.901729959302859, 0.0001, 0.6401189306669324], "k_pid_yaw": [0.5, 1e-06, 0.1], "k_pid_hsp": [0.09774642525543151, 0.0, 0.0], "k_pid_vsp": [400.0, 38.35121111565158, 17.453924187707145]}, "datetime": {"datetime": "2025-08-21 18:52:30", "elapsed": 36467.20043897629, "delta": 16.900849103927612}, "costs": {"total_cost": 176.8321881872631, "time_cost": 71.952, "final_distance_cost": 1.771074697043256, "oscillation_cost": 26.499772747073397, "completition_cost": 0.0, "overshoot_cost": 52.837460255069594, "power_cost": 12.630935949707032, "noise_cost": 11.140944538369851, "n_waypoints_completed": 9, "tot_waypoints": 9}}
{"target": -181.1680628377518, "params": {"k_pid_pos": [1.1213656863123311, 0.0, 0.1462391116979152], "k_pid_alt": [1.194055051153332, 0.0, 0.008095188219881356], "k_pid_att": [15.276723103031134, 0.0001, 0.6268729461761479], "k_pid_yaw": [0.5, 1e-06, 0.1], "k_pid_hsp": [0.126589730269433, 0.0035683845049663955, 0.0], "k_pid_vsp": [400.0, 64.09885735643853, 19.060377848694046]}, "datetime": {"datetime": "2025-08-21 18:52:46", "elapsed": 36483.43188667297, "delta": 16.23144769668579}, "costs": {"total_cost": 181.1680628377518, "time_cost": 69.84, "final_distance_cost": 1.8113327265949095, "oscillation_cost": 27.85703220783172, "completition_cost": 0.0, "overshoot_cost": 50.381102534907484, "power_cost": 17.43920614013672, "noise_cost": 13.839389228280949, "n_waypoints_completed": 9, "tot_waypoints": 9}}
{"target": -185.69990693727578, "params": {"k_pid_pos": [1.148209175199278, 0.0, 0.1383850861716215], "k_pid_alt": [1.343711263600205, 0.0, 0.014757122209622647], "k_pid_att": [21.327903867907658, 0.0001, 0.6322118465342675], "k_pid_yaw": [0.5, 1e-06, 0.1], "k_pid_hsp": [0.14630051178973025, 0.004458044913481847, 0.0], "k_pid_vsp": [400.0, 34.73689332076709, 19.720806048186336]}, "datetime": {"datetime": "2025-08-21 18:53:03", "elapsed": 36499.6966714859, "delta": 16.264784812927246}, "costs": {"total_cost": 185.69990693727578, "time_cost": 71.34400000000001, "final_distance_cost": 1.8223427641837915, "oscillation_cost": 28.033652634777543, "completition_cost": 0.0, "overshoot_cost": 52.02176248373994, "power_cost": 18.086645336914064, "noise_cost": 14.391503717660454, "n_waypoints_completed": 9, "tot_waypoints": 9}}
{"target": -178.4610617766069, "params": {"k_pid_pos": [1.146016458974174, 0.0, 0.1373814406566623], "k_pid_alt": [0.9082730436166933, 0.0, 0.019289086687019737], "k_pid_att": [17.17455946237862, 0.0001, 0.15511646141191496], "k_pid_yaw": [0.5, 1e-06, 0.1], "k_pid_hsp": [0.2684666373214928, 0.015897522513624793, 0.0], "k_pid_vsp": [400.0, 37.46652816588125, 18.91890327555135]}, "datetime": {"datetime": "2025-08-21 18:53:20", "elapsed": 36517.06576085091, "delta": 17.369089365005493}, "costs": {"total_cost": 178.4610617766069, "time_cost": 71.536, "final_distance_cost": 1.8302675759265286, "oscillation_cost": 29.605784931190435, "completition_cost": 0.0, "overshoot_cost": 50.87462344273965, "power_cost": 13.260723767089845, "noise_cost": 11.353662059660445, "n_waypoints_completed": 9, "tot_waypoints": 9}}
{"target": -175.8449199107961, "params": {"k_pid_pos": [1.1694091878390895, 0.0, 0.13977519541812397], "k_pid_alt": [1.3096455452909506, 0.0, 0.01026990455672103], "k_pid_att": [11.639908678704487, 0.0001, 0.5845134783063501], "k_pid_yaw": [0.5, 1e-06, 0.1], "k_pid_hsp": [0.049365253411658316, 0.0028194737371337996, 0.0], "k_pid_vsp": [399.4151643063606, 12.865223821385053, 0.4729813452375584]}, "datetime": {"datetime": "2025-08-21 18:53:39", "elapsed": 36535.442576646805, "delta": 18.376815795898438}, "costs": {"total_cost": 175.8449199107961, "time_cost": 78.008, "final_distance_cost": 1.789037104044119, "oscillation_cost": 22.643063420793236, "completition_cost": 0.0, "overshoot_cost": 54.79780402373029, "power_cost": 8.6415955078125, "noise_cost": 9.965419854415963, "n_waypoints_completed": 9, "tot_waypoints": 9}}
{"target": -188.35556857657224, "params": {"k_pid_pos": [1.122375452142886, 0.0, 0.13992255778783952], "k_pid_alt": [1.22305273859162, 0.0, 0.01621988854352365], "k_pid_att": [14.31628835514197, 0.0001, 0.635632611385325], "k_pid_yaw": [0.5, 1e-06, 0.1], "k_pid_hsp": [0.12646988955657804, 0.003312007812154616, 0.0], "k_pid_vsp": [387.6181324085189, 41.49731572408099, 15.622641035774436]}, "datetime": {"datetime": "2025-08-21 18:53:58", "elapsed": 36554.95125603676, "delta": 19.508679389953613}, "costs": {"total_cost": 188.35556857657224, "time_cost": 71.48, "final_distance_cost": 1.7862313119562538, "oscillation_cost": 27.33859135532508, "completition_cost": 0.0, "overshoot_cost": 51.52990051979116, "power_cost": 20.78141043701172, "noise_cost": 15.439434952488016, "n_waypoints_completed": 9, "tot_waypoints": 9}}
{"target": -181.54576085005084, "params": {"k_pid_pos": [1.1261448086296906, 0.0, 0.13509187903214526], "k_pid_alt": [1.107798505570634, 0.0, 0.01381674663333277], "k_pid_att": [14.31250496338202, 0.0001, 0.6351423495569903], "k_pid_yaw": [0.5, 1e-06, 0.1], "k_pid_hsp": [0.13537074209421596, 0.003500965836000743, 0.0], "k_pid_vsp": [397.6388838623826, 33.338531458942086, 18.161649967941006]}, "datetime": {"datetime": "2025-08-21 18:54:14", "elapsed": 36571.18852734566, "delta": 16.237271308898926}, "costs": {"total_cost": 181.54576085005084, "time_cost": 71.304, "final_distance_cost": 1.7978322495735453, "oscillation_cost": 27.987100369487862, "completition_cost": 0.0, "overshoot_cost": 51.43670462787871, "power_cost": 16.713920874023437, "noise_cost": 12.306202729087275, "n_waypoints_completed": 9, "tot_waypoints": 9}}
{"target": -168.7526129372422, "params": {"k_pid_pos": [1.1294194851919637, 0.0, 0.19850668403766233], "k_pid_alt": [1.5618022587885996, 0.0, 0.0], "k_pid_att": [13.277636402512806, 0.0001, 0.6335125344294179], "k_pid_yaw": [0.5, 1e-06, 0.1], "k_pid_hsp": [0.2550230059983739, 0.0, 0.0], "k_pid_vsp": [394.6728342156024, 26.483499258354755, 26.20723034137376]}, "datetime": {"datetime": "2025-08-21 18:54:32", "elapsed": 36589.16363811493, "delta": 17.97511076927185}, "costs": {"total_cost": 168.7526129372422, "time_cost": 70.632, "final_distance_cost": 1.8405034471701411, "oscillation_cost": 28.615339953770647, "completition_cost": 0.0, "overshoot_cost": 51.33678728093854, "power_cost": 8.00886055908203, "noise_cost": 8.319121696280865, "n_waypoints_completed": 9, "tot_waypoints": 9}}
{"target": -173.86385821250713, "params": {"k_pid_pos": [1.1210465774289973, 0.0, 0.19898056800279873], "k_pid_alt": [1.0382007924226935, 0.0, 0.014857990369927493], "k_pid_att": [12.811677594596373, 0.0001, 0.5716623103365558], "k_pid_yaw": [0.5, 1e-06, 0.1], "k_pid_hsp": [0.12680775356147833, 0.0011899040917777012, 0.0], "k_pid_vsp": [400.0, 29.16831421059707, 15.924586665615683]}, "datetime": {"datetime": "2025-08-21 18:54:49", "elapsed": 36605.48092699051, "delta": 16.317288875579834}, "costs": {"total_cost": 173.86385821250713, "time_cost": 70.888, "final_distance_cost": 1.8097870791021353, "oscillation_cost": 27.16700341965678, "completition_cost": 0.0, "overshoot_cost": 50.72365202960011, "power_cost": 12.87475418701172, "noise_cost": 10.40066149713639, "n_waypoints_completed": 9, "tot_waypoints": 9}}
{"target": -174.37551520187424, "params": {"k_pid_pos": [1.2763115514643952, 0.0, 0.1428824209172642], "k_pid_alt": [1.2148855309520805, 0.0, 0.004079328428702955], "k_pid_att": [18.762943772790507, 0.0001, 0.6429469023200501], "k_pid_yaw": [0.5, 1e-06, 0.1], "k_pid_hsp": [0.20991789040172415, 0.0001278155826125451, 0.0], "k_pid_vsp": [399.88959150865026, 22.579195888396512, 9.05571299135315]}, "datetime": {"datetime": "2025-08-21 18:55:05", "elapsed": 36622.39176940918, "delta": 16.910842418670654}, "costs": {"total_cost": 174.37551520187424, "time_cost": 70.288, "final_distance_cost": 1.7967332143933092, "oscillation_cost": 29.57847838918586, "completition_cost": 0.0, "overshoot_cost": 50.72882768930691, "power_cost": 11.450677172851563, "noise_cost": 10.532798736136616, "n_waypoints_completed": 9, "tot_waypoints": 9}}
{"target": -185.3712179379972, "params": {"k_pid_pos": [1.114985684797179, 0.0, 0.12097993001209137], "k_pid_alt": [1.2208597977353637, 0.0, 0.015080349914969472], "k_pid_att": [16.26507880814885, 0.0001, 0.6361941520843444], "k_pid_yaw": [0.5, 1e-06, 0.1], "k_pid_hsp": [0.10398869720235679, 0.003562556965408583, 0.0], "k_pid_vsp": [400.0, 43.116689829705415, 15.270965082690042]}, "datetime": {"datetime": "2025-08-21 18:55:22", "elapsed": 36639.32681679726, "delta": 16.935047388076782}, "costs": {"total_cost": 185.3712179379972, "time_cost": 71.416, "final_distance_cost": 1.7807555239626152, "oscillation_cost": 26.943106959330244, "completition_cost": 0.0, "overshoot_cost": 51.941028530459135, "power_cost": 18.8977140625, "noise_cost": 14.392612861745185, "n_waypoints_completed": 9, "tot_waypoints": 9}}
{"target": -166.0610476706326, "params": {"k_pid_pos": [1.1445384360022652, 0.0, 0.08822136960733803], "k_pid_alt": [1.1583112976278553, 0.0, 0.0004530543140601989], "k_pid_att": [15.521584333294383, 0.0001, 0.3415069477818692], "k_pid_yaw": [0.5, 1e-06, 0.1], "k_pid_hsp": [0.23695927538154543, 0.0003008408680868508, 0.0], "k_pid_vsp": [400.0, 36.98997843685268, 17.300679351827366]}, "datetime": {"datetime": "2025-08-21 18:55:39", "elapsed": 36655.7335832119, "delta": 16.406766414642334}, "costs": {"total_cost": 166.0610476706326, "time_cost": 70.024, "final_distance_cost": 1.8190212184453887, "oscillation_cost": 29.57352015529338, "completition_cost": 0.0, "overshoot_cost": 51.04181009724039, "power_cost": 6.898506713867188, "noise_cost": 6.704189485786255, "n_waypoints_completed": 9, "tot_waypoints": 9}}
{"target": -176.0838819324205, "params": {"k_pid_pos": [1.1121688607433107, 0.0, 0.1401039483776482], "k_pid_alt": [1.1940593333230294, 0.0, 0.01648361883202223], "k_pid_att": [15.333240847208542, 0.0001, 0.5995855856317985], "k_pid_yaw": [0.5, 1e-06, 0.1], "k_pid_hsp": [0.1631518604136876, 0.0033696074378843574, 0.0], "k_pid_vsp": [400.0, 67.49266786269779, 19.62138192028484]}, "datetime": {"datetime": "2025-08-21 18:55:57", "elapsed": 36673.449766635895, "delta": 17.71618342399597}, "costs": {"total_cost": 176.0838819324205, "time_cost": 69.664, "final_distance_cost": 1.8031143818252595, "oscillation_cost": 28.107126860043827, "completition_cost": 0.0, "overshoot_cost": 50.55066591031384, "power_cost": 14.126621557617188, "noise_cost": 11.832353222620371, "n_waypoints_completed": 9, "tot_waypoints": 9}}
{"target": -176.84115410576746, "params": {"k_pid_pos": [1.125454138402573, 0.0, 0.13520752417163512], "k_pid_alt": [1.1734741759544935, 0.0, 0.016335941802770673], "k_pid_att": [16.76463628952146, 0.0001, 0.6356721326192547], "k_pid_yaw": [0.5, 1e-06, 0.1], "k_pid_hsp": [0.12417504518964295, 0.0023111315105830846, 0.0], "k_pid_vsp": [399.970097051805, 40.66066924392608, 15.556775932080853]}, "datetime": {"datetime": "2025-08-21 18:56:13", "elapsed": 36689.90914416313, "delta": 16.45937752723694}, "costs": {"total_cost": 176.84115410576746, "time_cost": 71.928, "final_distance_cost": 1.8096316711207427, "oscillation_cost": 26.957265847516428, "completition_cost": 0.0, "overshoot_cost": 52.0922605692931, "power_cost": 12.68125458984375, "noise_cost": 11.372741427993436, "n_waypoints_completed": 9, "tot_waypoints": 9}}
{"target": -177.784708861354, "params": {"k_pid_pos": [1.1264398973098724, 0.0, 0.10481820910000117], "k_pid_alt": [1.043504789188786, 0.0, 0.016334543829374687], "k_pid_att": [13.627629673505451, 0.0001, 0.638918042325328], "k_pid_yaw": [0.5, 1e-06, 0.1], "k_pid_hsp": [0.13665652633331088, 0.005455917385018636, 0.0], "k_pid_vsp": [400.0, 34.90932434501679, 19.938107063461224]}, "datetime": {"datetime": "2025-08-21 18:56:31", "elapsed": 36707.86638212204, "delta": 17.95723795890808}, "costs": {"total_cost": 177.784708861354, "time_cost": 71.06400000000001, "final_distance_cost": 1.801051536548886, "oscillation_cost": 28.251630493996675, "completition_cost": 0.0, "overshoot_cost": 51.36593382438428, "power_cost": 14.015060681152345, "noise_cost": 11.287032325271829, "n_waypoints_completed": 9, "tot_waypoints": 9}}
{"target": -167.14884058635647, "params": {"k_pid_pos": [1.124477338409946, 0.0, 0.13891109116137018], "k_pid_alt": [1.1509677934915836, 0.0, 0.015921145375607494], "k_pid_att": [15.303817363503217, 0.0001, 0.6367111198577734], "k_pid_yaw": [0.5, 1e-06, 0.1], "k_pid_hsp": [0.12773476906473646, 0.0034584848055027977, 0.0], "k_pid_vsp": [400.0, 43.8315673679614, 17.264754965947485]}, "datetime": {"datetime": "2025-08-21 18:56:47", "elapsed": 36724.0082321167, "delta": 16.141849994659424}, "costs": {"total_cost": 167.14884058635647, "time_cost": 70.808, "final_distance_cost": 1.802681400362463, "oscillation_cost": 27.317911573544386, "completition_cost": 0.0, "overshoot_cost": 51.435957284915055, "power_cost": 8.057087951660156, "noise_cost": 7.727202375874407, "n_waypoints_completed": 9, "tot_waypoints": 9}}
{"target": -196.51701356331245, "params": {"k_pid_pos": [1.1468160216754557, 0.0, 0.01533293273826794], "k_pid_alt": [0.906284420822258, 0.0, 0.0], "k_pid_att": [48.985626111124304, 0.0001, 0.865467801119792], "k_pid_yaw": [0.5, 1e-06, 0.1], "k_pid_hsp": [0.07413447054052225, 0.0, 0.0], "k_pid_vsp": [358.47768691010185, 35.43347889006969, 19.200687490090377]}, "datetime": {"datetime": "2025-08-21 18:57:06", "elapsed": 36742.871965408325, "delta": 18.863733291625977}, "costs": {"total_cost": 196.51701356331245, "time_cost": 75.976, "final_distance_cost": 1.73266933141845, "oscillation_cost": 30.075611865923122, "completition_cost": 0.0, "overshoot_cost": 52.63462586805212, "power_cost": 20.697661865234377, "noise_cost": 15.400444632684394, "n_waypoints_completed": 9, "tot_waypoints": 9}}
{"target": -176.34922195343782, "params": {"k_pid_pos": [1.1371904475652446, 0.0, 0.1374015988661086], "k_pid_alt": [1.1036998996130691, 0.0, 0.010824761275029078], "k_pid_att": [20.83608608061395, 0.0001, 0.5406895686822341], "k_pid_yaw": [0.5, 1e-06, 0.1], "k_pid_hsp": [0.23561070711112286, 0.0033892814815439038, 0.0], "k_pid_vsp": [400.0, 36.303510178637914, 17.73745712176764]}, "datetime": {"datetime": "2025-08-21 18:57:22", "elapsed": 36759.19283366203, "delta": 16.320868253707886}, "costs": {"total_cost": 176.34922195343782, "time_cost": 70.584, "final_distance_cost": 1.8196174956452138, "oscillation_cost": 28.80390773837466, "completition_cost": 0.0, "overshoot_cost": 51.28217523692433, "power_cost": 12.664915417480469, "noise_cost": 11.194606065013124, "n_waypoints_completed": 9, "tot_waypoints": 9}}
{"target": -186.69705488979736, "params": {"k_pid_pos": [1.1215907066964002, 0.0, 0.12825434678618203], "k_pid_alt": [1.3627434816306332, 0.0, 0.01659516823495197], "k_pid_att": [15.192676687662454, 0.0001, 0.7031544906368598], "k_pid_yaw": [0.5, 1e-06, 0.1], "k_pid_hsp": [0.36554565684243223, 0.0023224719460098885, 0.0], "k_pid_vsp": [399.47757716966225, 42.98040424842403, 17.84857326459639]}, "datetime": {"datetime": "2025-08-21 18:57:39", "elapsed": 36775.93120884895, "delta": 16.738375186920166}, "costs": {"total_cost": 186.69705488979736, "time_cost": 70.488, "final_distance_cost": 1.836755072172379, "oscillation_cost": 29.721578805335966, "completition_cost": 0.0, "overshoot_cost": 51.12936238418443, "power_cost": 19.118269775390626, "noise_cost": 14.403088852713953, "n_waypoints_completed": 9, "tot_waypoints": 9}}
{"target": -1248.0299066859927, "params": {"k_pid_pos": [1.0582647965234904, 0.0, 0.13297040991310316], "k_pid_alt": [1.2331696535099688, 0.0, 0.009266642490591507], "k_pid_att": [19.828446569050524, 0.0001, 0.8659932747017794], "k_pid_yaw": [0.5, 1e-06, 0.1], "k_pid_hsp": [0.0001, 0.0017578742099714256, 0.0], "k_pid_vsp": [400.0, 39.82788262980309, 18.667284069719244]}, "datetime": {"datetime": "2025-08-21 18:58:02", "elapsed": 36799.42786073685, "delta": 23.496651887893677}, "costs": {"total_cost": 1248.0299066859927, "time_cost": 150, "final_distance_cost": 55.86486854755463, "oscillation_cost": 5.93295535571128, "completition_cost": 888.8888888888888, "overshoot_cost": 94.60680398639285, "power_cost": 31.071596923828128, "noise_cost": 21.664792983617104, "n_waypoints_completed": 1, "tot_waypoints": 9}}
{"target": -184.40941163485851, "params": {"k_pid_pos": [1.125466948100654, 0.05903921149525818, 0.1386531705800949], "k_pid_alt": [1.1901681138707783, 0.0, 0.021136256075389846], "k_pid_att": [18.248810983006635, 0.0001, 0.630058571310485], "k_pid_yaw": [0.5, 1e-06, 0.1], "k_pid_hsp": [0.20983179364768828, 0.0033657037746686732, 0.0], "k_pid_vsp": [375.17471287299674, 43.343855726171036, 17.257380660348492]}, "datetime": {"datetime": "2025-08-21 18:58:20", "elapsed": 36817.14649939537, "delta": 17.71863865852356}, "costs": {"total_cost": 184.40941163485851, "time_cost": 70.44, "final_distance_cost": 1.8119074240632187, "oscillation_cost": 28.8090155857654, "completition_cost": 0.0, "overshoot_cost": 51.22478921278737, "power_cost": 18.21971140136719, "noise_cost": 13.903988010875336, "n_waypoints_completed": 9, "tot_waypoints": 9}}
{"target": -169.1847714190264, "params": {"k_pid_pos": [1.1622027736217715, 0.0, 0.02612829686775097], "k_pid_alt": [1.1997187973378125, 0.0, 0.005209242589712327], "k_pid_att": [14.563846229726973, 0.0001, 0.6393253395201061], "k_pid_yaw": [0.5, 1e-06, 0.1], "k_pid_hsp": [0.12687352832956966, 0.0032591588164174647, 0.0], "k_pid_vsp": [400.0, 40.396516913328604, 20.15140533902732]}, "datetime": {"datetime": "2025-08-21 18:58:37", "elapsed": 36833.76138854027, "delta": 16.61488914489746}, "costs": {"total_cost": 169.1847714190264, "time_cost": 70.056, "final_distance_cost": 1.7931299629510298, "oscillation_cost": 29.156340222527668, "completition_cost": 0.0, "overshoot_cost": 51.14300117387019, "power_cost": 8.67232137451172, "noise_cost": 8.3639786851658, "n_waypoints_completed": 9, "tot_waypoints": 9}}
{"target": -177.34138064480868, "params": {"k_pid_pos": [1.4008691924969194, 0.0, 0.1483091946343109], "k_pid_alt": [1.0740239193685426, 0.0, 0.0], "k_pid_att": [16.007111983390026, 0.0001, 0.6039423231607876], "k_pid_yaw": [0.5, 1e-06, 0.1], "k_pid_hsp": [0.10165455132397805, 0.002487387542183864, 0.0], "k_pid_vsp": [392.0534386208507, 11.427670662818706, 17.28062621601818]}, "datetime": {"datetime": "2025-08-21 18:58:54", "elapsed": 36850.847666502, "delta": 17.086277961730957}, "costs": {"total_cost": 177.34138064480868, "time_cost": 71.488, "final_distance_cost": 1.7893569604076331, "oscillation_cost": 29.268125134465308, "completition_cost": 0.0, "overshoot_cost": 52.000091346892596, "power_cost": 12.588342285156251, "noise_cost": 10.20746491788691, "n_waypoints_completed": 9, "tot_waypoints": 9}}
{"target": -168.69667145957848, "params": {"k_pid_pos": [1.1250701635155325, 0.0, 0.1467381272046584], "k_pid_alt": [1.1736203352234256, 0.0, 0.010770693366726494], "k_pid_att": [14.93643682934873, 0.0001, 0.6448358762433144], "k_pid_yaw": [0.5, 1e-06, 0.1], "k_pid_hsp": [0.1410723204446445, 0.003787831864980116, 0.0], "k_pid_vsp": [395.89809290463455, 47.84420384795899, 17.771184666360245]}, "datetime": {"datetime": "2025-08-21 18:59:11", "elapsed": 36868.05123877525, "delta": 17.203572273254395}, "costs": {"total_cost": 168.69667145957848, "time_cost": 70.048, "final_distance_cost": 1.8096164456553423, "oscillation_cost": 27.940404219080175, "completition_cost": 0.0, "overshoot_cost": 50.24322015145293, "power_cost": 9.968289770507813, "noise_cost": 8.687140872882198, "n_waypoints_completed": 9, "tot_waypoints": 9}}
{"target": -179.95612535842795, "params": {"k_pid_pos": [1.116875255530825, 0.0, 0.12986522743821538], "k_pid_alt": [1.5210109047270448, 0.0, 0.015991321208081475], "k_pid_att": [14.935897110817198, 0.009235830885796804, 0.6331557379121996], "k_pid_yaw": [0.5, 1e-06, 0.1], "k_pid_hsp": [0.5498375851185963, 0.003032640205945086, 0.0], "k_pid_vsp": [400.0, 43.37704198857401, 16.14007753008714]}, "datetime": {"datetime": "2025-08-21 18:59:28", "elapsed": 36884.51607584953, "delta": 16.464837074279785}, "costs": {"total_cost": 179.95612535842795, "time_cost": 70.28, "final_distance_cost": 1.8476162311743825, "oscillation_cost": 30.890160047917366, "completition_cost": 0.0, "overshoot_cost": 50.9914587357942, "power_cost": 14.096173156738281, "noise_cost": 11.850717186803728, "n_waypoints_completed": 9, "tot_waypoints": 9}}
