{"target": -172.14699780066115, "params": {"k_pid_pos": [1.1482937226181922, 0.0, 0.15088234197997463], "k_pid_alt": [1.3789138956937292, 0.0, 0.014818903819634818], "k_pid_att": [15.599836639253034, 0.0001, 0.0], "k_pid_yaw": [0.5, 1e-06, 0.1], "k_pid_hsp": [0.13745687222562775, 0.008442788239732563, 0.0], "k_pid_vsp": [399.5778065954877, 48.987526471679374, 31.25534816667662]}, "datetime": {"datetime": "2025-08-21 20:38:40", "elapsed": 42836.966711997986, "delta": 16.54935312271118}, "costs": {"total_cost": 172.14699780066115, "time_cost": 69.816, "final_distance_cost": 1.8038581285874598, "oscillation_cost": 31.140254111533906, "completition_cost": 0.0, "overshoot_cost": 50.821438707131314, "power_cost": 9.604158728027345, "noise_cost": 8.961288125381106, "n_waypoints_completed": 9, "tot_waypoints": 9}}
{"target": -175.15633861282697, "params": {"k_pid_pos": [1.127333183806775, 0.0, 0.13887567012231122], "k_pid_alt": [1.3615091689318053, 0.0, 0.012383063889467768], "k_pid_att": [24.667234356517824, 0.0001, 0.597569075969245], "k_pid_yaw": [0.5, 1e-06, 0.1], "k_pid_hsp": [0.39486989987596344, 0.003810569552964805, 0.0], "k_pid_vsp": [397.51223038550125, 15.579446291029546, 35.359789966972805]}, "datetime": {"datetime": "2025-08-21 20:38:56", "elapsed": 42853.19692826271, "delta": 16.23021626472473}, "costs": {"total_cost": 175.15633861282697, "time_cost": 71.08800000000001, "final_distance_cost": 1.8315757833112312, "oscillation_cost": 31.32510268936417, "completition_cost": 0.0, "overshoot_cost": 51.41696688999819, "power_cost": 10.625584313964843, "noise_cost": 8.869108936188535, "n_waypoints_completed": 9, "tot_waypoints": 9}}
{"target": -172.54509831012115, "params": {"k_pid_pos": [1.1246322140824572, 0.0, 0.13935204169438165], "k_pid_alt": [1.1795294567481518, 0.0, 0.01558861169710566], "k_pid_att": [15.488786668671962, 0.0001, 0.6387020377797686], "k_pid_yaw": [0.5, 1e-06, 0.1], "k_pid_hsp": [0.12737740126243968, 0.0031941664771502594, 0.0], "k_pid_vsp": [398.5207572518104, 15.354775480925973, 9.912920405703188]}, "datetime": {"datetime": "2025-08-21 20:39:14", "elapsed": 42871.02198147774, "delta": 17.825053215026855}, "costs": {"total_cost": 172.54509831012115, "time_cost": 71.072, "final_distance_cost": 1.8067951627529308, "oscillation_cost": 27.76299955720386, "completition_cost": 0.0, "overshoot_cost": 51.14621215738828, "power_cost": 10.825478051757813, "noise_cost": 9.931613381018254, "n_waypoints_completed": 9, "tot_waypoints": 9}}
{"target": -175.5445384806425, "params": {"k_pid_pos": [1.1197338859908241, 0.0, 0.10848979856703855], "k_pid_alt": [1.0799635790842779, 0.0, 0.016968093557133003], "k_pid_att": [15.206195922174015, 0.0001, 0.6343020708334537], "k_pid_yaw": [0.5, 1e-06, 0.1], "k_pid_hsp": [0.131464414620137, 0.0036735616018953587, 0.0], "k_pid_vsp": [394.20468114362205, 29.221184056622548, 18.996266525386677]}, "datetime": {"datetime": "2025-08-21 20:39:30", "elapsed": 42887.06372046471, "delta": 16.041738986968994}, "costs": {"total_cost": 175.5445384806425, "time_cost": 70.672, "final_distance_cost": 1.7913034435896724, "oscillation_cost": 27.953225703005778, "completition_cost": 0.0, "overshoot_cost": 51.50037753668977, "power_cost": 13.195274133300781, "noise_cost": 10.432357664056502, "n_waypoints_completed": 9, "tot_waypoints": 9}}
{"target": -179.1233098386896, "params": {"k_pid_pos": [1.1700087846062373, 0.0, 0.07198632274046424], "k_pid_alt": [1.3156825970192423, 0.0, 0.01850736124201293], "k_pid_att": [11.801098811715523, 0.0001, 0.6267754765573519], "k_pid_yaw": [0.5, 1e-06, 0.1], "k_pid_hsp": [0.4397882689477738, 0.00303433033662685, 0.0], "k_pid_vsp": [396.1700566726797, 10.47892427208221, 30.66699484785889]}, "datetime": {"datetime": "2025-08-21 20:39:48", "elapsed": 42904.59922385216, "delta": 17.535503387451172}, "costs": {"total_cost": 179.1233098386896, "time_cost": 71.032, "final_distance_cost": 1.8136171786324435, "oscillation_cost": 30.844239604994275, "completition_cost": 0.0, "overshoot_cost": 51.80998123161985, "power_cost": 12.80418133544922, "noise_cost": 10.819290487993838, "n_waypoints_completed": 9, "tot_waypoints": 9}}
{"target": -174.7872119393184, "params": {"k_pid_pos": [1.1256413797349258, 0.0, 0.156524155779462], "k_pid_alt": [1.0654170303357384, 0.0, 0.016648482208725307], "k_pid_att": [17.57750128906503, 0.0001, 0.5784970677864874], "k_pid_yaw": [0.5, 1e-06, 0.1], "k_pid_hsp": [0.1366531202477348, 0.0006876542852325184, 0.0], "k_pid_vsp": [400.0, 37.9162335132848, 15.058268417433597]}, "datetime": {"datetime": "2025-08-21 20:40:04", "elapsed": 42921.32364344597, "delta": 16.724419593811035}, "costs": {"total_cost": 174.7872119393184, "time_cost": 71.776, "final_distance_cost": 1.8110962518709055, "oscillation_cost": 27.18447652791502, "completition_cost": 0.0, "overshoot_cost": 51.56420964836654, "power_cost": 11.669996264648438, "noise_cost": 10.781433246517519, "n_waypoints_completed": 9, "tot_waypoints": 9}}
{"target": -181.3201585406338, "params": {"k_pid_pos": [0.9813411716081024, 0.0, 0.1466106790503599], "k_pid_alt": [1.1944869251417058, 0.0, 0.01450061611103615], "k_pid_att": [15.225742780845783, 0.0001, 0.6362743144759352], "k_pid_yaw": [0.5, 1e-06, 0.1], "k_pid_hsp": [0.12000194021685945, 0.002707028784354442, 0.0], "k_pid_vsp": [400.0, 29.99831322824742, 5.525712593794477]}, "datetime": {"datetime": "2025-08-21 20:40:23", "elapsed": 42939.793349027634, "delta": 18.46970558166504}, "costs": {"total_cost": 181.3201585406338, "time_cost": 72.096, "final_distance_cost": 1.7937667165822395, "oscillation_cost": 25.757715675373415, "completition_cost": 0.0, "overshoot_cost": 52.19330529087509, "power_cost": 15.958986340332032, "noise_cost": 13.520384517470998, "n_waypoints_completed": 9, "tot_waypoints": 9}}
{"target": -179.186111515902, "params": {"k_pid_pos": [1.1133620770809665, 0.0, 0.125623172698899], "k_pid_alt": [1.1992718881251738, 0.0, 0.015180361816540231], "k_pid_att": [23.659465474988146, 0.0001, 0.6384902724943792], "k_pid_yaw": [0.5, 1e-06, 0.1], "k_pid_hsp": [0.1726324481596132, 0.003744508295671412, 0.0], "k_pid_vsp": [400.0, 42.82276056998554, 14.663760667392]}, "datetime": {"datetime": "2025-08-21 20:40:39", "elapsed": 42955.84419846535, "delta": 16.050849437713623}, "costs": {"total_cost": 179.186111515902, "time_cost": 70.712, "final_distance_cost": 1.8165881279118783, "oscillation_cost": 28.111989000757077, "completition_cost": 0.0, "overshoot_cost": 51.17503896606106, "power_cost": 15.28671318359375, "noise_cost": 12.083782237578248, "n_waypoints_completed": 9, "tot_waypoints": 9}}
{"target": -173.9969244266306, "params": {"k_pid_pos": [1.1378957635419749, 0.0, 0.17185040400388862], "k_pid_alt": [1.1857855864500217, 0.0, 0.011116852550876452], "k_pid_att": [15.497247846066111, 0.0001, 0.2922270769986065], "k_pid_yaw": [0.5, 1e-06, 0.1], "k_pid_hsp": [0.14759995293825962, 0.004096063256266697, 0.0], "k_pid_vsp": [400.0, 40.43098973107074, 17.315000408519108]}, "datetime": {"datetime": "2025-08-21 20:40:56", "elapsed": 42973.23151540756, "delta": 17.387316942214966}, "costs": {"total_cost": 173.9969244266306, "time_cost": 70.648, "final_distance_cost": 1.8097090601230794, "oscillation_cost": 27.919706853779562, "completition_cost": 0.0, "overshoot_cost": 51.04741342699259, "power_cost": 11.968795666503906, "noise_cost": 10.603299419231497, "n_waypoints_completed": 9, "tot_waypoints": 9}}
{"target": -188.22176679232632, "params": {"k_pid_pos": [1.156977550391018, 0.0, 0.13581651350523158], "k_pid_alt": [1.185486375444271, 0.0, 0.01651437656404887], "k_pid_att": [12.47891355923785, 0.0001, 0.6314594204459795], "k_pid_yaw": [0.5, 1e-06, 0.1], "k_pid_hsp": [0.05422802391867508, 0.0033730417254555062, 0.0], "k_pid_vsp": [400.0, 61.13171593638971, 20.054105313765692]}, "datetime": {"datetime": "2025-08-21 20:41:14", "elapsed": 42991.40534043312, "delta": 18.17382502555847}, "costs": {"total_cost": 188.22176679232632, "time_cost": 76.21600000000001, "final_distance_cost": 1.7711089266957492, "oscillation_cost": 24.039123865348962, "completition_cost": 0.0, "overshoot_cost": 53.40459181035325, "power_cost": 18.18305545654297, "noise_cost": 14.607886733385378, "n_waypoints_completed": 9, "tot_waypoints": 9}}
{"target": -166.9254305484119, "params": {"k_pid_pos": [1.1240627272096806, 0.0, 0.12988869474108705], "k_pid_alt": [1.1842020661465646, 0.0, 0.015922218326928413], "k_pid_att": [15.411705714363652, 0.0001, 0.6240956999577857], "k_pid_yaw": [0.5, 1e-06, 0.1], "k_pid_hsp": [0.12840240911785217, 0.0025604490685029353, 0.0], "k_pid_vsp": [400.0, 43.60097863178229, 17.624819979255097]}, "datetime": {"datetime": "2025-08-21 20:41:31", "elapsed": 43007.91460394859, "delta": 16.509263515472412}, "costs": {"total_cost": 166.9254305484119, "time_cost": 70.208, "final_distance_cost": 1.8188322916024235, "oscillation_cost": 27.437406649844842, "completition_cost": 0.0, "overshoot_cost": 50.32247184280832, "power_cost": 8.629144274902345, "noise_cost": 8.509575489253947, "n_waypoints_completed": 9, "tot_waypoints": 9}}
{"target": -176.58357184053796, "params": {"k_pid_pos": [1.119876750295702, 0.0, 0.1338700244357092], "k_pid_alt": [1.1809482768909294, 0.0, 0.012992860042712572], "k_pid_att": [15.9338213954341, 0.0001, 0.6463996419570718], "k_pid_yaw": [0.5, 1e-06, 0.1], "k_pid_hsp": [0.0966200276961506, 0.003123597636738958, 0.0], "k_pid_vsp": [399.8368288043588, 38.75772576360103, 17.201671042667936]}, "datetime": {"datetime": "2025-08-21 20:41:48", "elapsed": 43025.31981277466, "delta": 17.405208826065063}, "costs": {"total_cost": 176.58357184053796, "time_cost": 70.944, "final_distance_cost": 1.7742974749687797, "oscillation_cost": 26.98092773859974, "completition_cost": 0.0, "overshoot_cost": 51.796252165251175, "power_cost": 13.716059619140626, "noise_cost": 11.372034842577623, "n_waypoints_completed": 9, "tot_waypoints": 9}}
{"target": -186.72664571893705, "params": {"k_pid_pos": [1.1239906760135938, 0.0, 0.1387509374651318], "k_pid_alt": [1.188796811511668, 0.0, 0.01593220008144476], "k_pid_att": [15.305057424607998, 0.0001, 0.6367709810331149], "k_pid_yaw": [0.5, 1e-06, 0.1], "k_pid_hsp": [0.12782072003922237, 0.0027901300343453105, 0.0], "k_pid_vsp": [400.0, 43.94221331349542, 17.42737690118472]}, "datetime": {"datetime": "2025-08-21 20:42:05", "elapsed": 43041.63552713394, "delta": 16.315714359283447}, "costs": {"total_cost": 186.72664571893705, "time_cost": 71.968, "final_distance_cost": 1.8049353514075062, "oscillation_cost": 27.31723760695922, "completition_cost": 0.0, "overshoot_cost": 52.43850355322447, "power_cost": 18.933998449707033, "noise_cost": 14.263970757638798, "n_waypoints_completed": 9, "tot_waypoints": 9}}
{"target": -186.14991178091094, "params": {"k_pid_pos": [1.0982730908335279, 0.0, 0.012171988783381535], "k_pid_alt": [1.7355033616778615, 0.0, 0.01472678763169748], "k_pid_att": [20.99613468202886, 0.0001, 0.4929657688252519], "k_pid_yaw": [0.5, 1e-06, 0.1], "k_pid_hsp": [0.12900765824768434, 0.04368467064840667, 0.0], "k_pid_vsp": [400.0, 35.546957739539685, 30.88026306675466]}, "datetime": {"datetime": "2025-08-21 20:42:22", "elapsed": 43059.04596710205, "delta": 17.41043996810913}, "costs": {"total_cost": 186.14991178091094, "time_cost": 70.552, "final_distance_cost": 1.7914467238510945, "oscillation_cost": 34.12827121492959, "completition_cost": 0.0, "overshoot_cost": 51.31967263117109, "power_cost": 16.01107243652344, "noise_cost": 12.347448774435723, "n_waypoints_completed": 9, "tot_waypoints": 9}}
{"target": -180.82033339522724, "params": {"k_pid_pos": [1.1314949722518832, 0.0, 0.13896950879507775], "k_pid_alt": [1.1997078522943887, 0.0, 0.0017066910006236918], "k_pid_att": [19.109241462343753, 0.0001, 0.4661334876647003], "k_pid_yaw": [0.5, 1e-06, 0.1], "k_pid_hsp": [0.36758432726915213, 0.0034587396479020334, 0.0], "k_pid_vsp": [400.0, 36.435888360326125, 17.490964608070296]}, "datetime": {"datetime": "2025-08-21 20:42:38", "elapsed": 43075.11432433128, "delta": 16.068357229232788}, "costs": {"total_cost": 180.82033339522724, "time_cost": 70.208, "final_distance_cost": 1.833271036730297, "oscillation_cost": 30.338354825374715, "completition_cost": 0.0, "overshoot_cost": 50.547911655703345, "power_cost": 15.331925109863281, "noise_cost": 12.56087076755563, "n_waypoints_completed": 9, "tot_waypoints": 9}}
{"target": -198.8530657101329, "params": {"k_pid_pos": [1.1239442668601034, 0.0, 0.13296350957003744], "k_pid_alt": [0.5543956171635742, 0.0, 0.016130519129164276], "k_pid_att": [15.542528285716323, 0.0001, 0.7101717836994135], "k_pid_yaw": [0.5, 1e-06, 0.1], "k_pid_hsp": [0.5311763602236108, 0.0017004141288349942, 0.0], "k_pid_vsp": [399.27411832408546, 37.14337064107582, 17.902392408151325]}, "datetime": {"datetime": "2025-08-21 20:42:57", "elapsed": 43094.42166233063, "delta": 19.307337999343872}, "costs": {"total_cost": 198.8530657101329, "time_cost": 74.04, "final_distance_cost": 1.8412632312121942, "oscillation_cost": 31.17950543591964, "completition_cost": 0.0, "overshoot_cost": 50.64345964319848, "power_cost": 24.187602990722656, "noise_cost": 16.961234409079896, "n_waypoints_completed": 9, "tot_waypoints": 9}}
{"target": -174.80217372949286, "params": {"k_pid_pos": [1.0455177282471066, 0.0, 0.12964331799155548], "k_pid_alt": [1.1881492666039675, 0.0, 0.004680084841499689], "k_pid_att": [17.63836443576873, 0.0001, 1.0], "k_pid_yaw": [0.5, 1e-06, 0.1], "k_pid_hsp": [0.1974975877281281, 0.004767089260212324, 0.0], "k_pid_vsp": [400.0, 41.2041054688897, 18.53491075903376]}, "datetime": {"datetime": "2025-08-21 20:43:14", "elapsed": 43110.76996946335, "delta": 16.348307132720947}, "costs": {"total_cost": 174.80217372949286, "time_cost": 71.008, "final_distance_cost": 1.839090202519456, "oscillation_cost": 28.583079330506976, "completition_cost": 0.0, "overshoot_cost": 51.23368454847695, "power_cost": 12.121531188964845, "noise_cost": 10.016788459024628, "n_waypoints_completed": 9, "tot_waypoints": 9}}
{"target": -176.86732426072308, "params": {"k_pid_pos": [1.1276886652575933, 0.027562669942520754, 0.13824214575076066], "k_pid_alt": [1.1911591879738723, 0.0, 0.020358194693795996], "k_pid_att": [18.41340087415871, 0.13047064098591563, 0.6335433035312082], "k_pid_yaw": [0.5, 1e-06, 0.1], "k_pid_hsp": [0.11388839307900844, 0.003307652556558711, 0.0], "k_pid_vsp": [373.11101508781996, 43.476885347000454, 17.83068820814041]}, "datetime": {"datetime": "2025-08-21 20:43:31", "elapsed": 43128.294080257416, "delta": 17.524110794067383}, "costs": {"total_cost": 176.86732426072308, "time_cost": 70.816, "final_distance_cost": 1.7945649812136302, "oscillation_cost": 27.524239779255947, "completition_cost": 0.0, "overshoot_cost": 51.316373130427074, "power_cost": 13.946085168457032, "noise_cost": 11.470061201369397, "n_waypoints_completed": 9, "tot_waypoints": 9}}
{"target": -172.2280721825568, "params": {"k_pid_pos": [1.1807755953030932, 0.0, 0.11470282892299397], "k_pid_alt": [1.1741541836426985, 0.0, 0.006330615168709374], "k_pid_att": [14.375918129864923, 0.0001, 0.6320272655511093], "k_pid_yaw": [0.5, 1e-06, 0.1], "k_pid_hsp": [0.12566150718809777, 0.003276921775590574, 0.0], "k_pid_vsp": [400.0, 34.446677633765134, 16.598883936485727]}, "datetime": {"datetime": "2025-08-21 20:43:48", "elapsed": 43144.73062682152, "delta": 16.436546564102173}, "costs": {"total_cost": 172.2280721825568, "time_cost": 70.824, "final_distance_cost": 1.811229683066661, "oscillation_cost": 28.34538498161998, "completition_cost": 0.0, "overshoot_cost": 51.376705915658896, "power_cost": 10.387786645507813, "noise_cost": 9.482964956703434, "n_waypoints_completed": 9, "tot_waypoints": 9}}
{"target": -172.0618496533828, "params": {"k_pid_pos": [1.054710666370383, 1.439768594899633e-05, 0.17362286720211587], "k_pid_alt": [1.3996781962682223, 0.0, 0.014365315052758848], "k_pid_att": [15.654698006713538, 0.0001, 0.6368997157991375], "k_pid_yaw": [0.5, 1e-06, 0.1], "k_pid_hsp": [0.17373403489411587, 0.003652958660084509, 0.0], "k_pid_vsp": [399.3085397774169, 68.27985870620404, 17.658054004190557]}, "datetime": {"datetime": "2025-08-21 20:44:05", "elapsed": 43161.655244112015, "delta": 16.924617290496826}, "costs": {"total_cost": 172.0618496533828, "time_cost": 70.44800000000001, "final_distance_cost": 1.830766544208569, "oscillation_cost": 27.108612197674162, "completition_cost": 0.0, "overshoot_cost": 51.191817201407865, "power_cost": 11.265855444335939, "noise_cost": 10.216798265756276, "n_waypoints_completed": 9, "tot_waypoints": 9}}
{"target": -181.4725784639745, "params": {"k_pid_pos": [1.124107574235905, 0.0, 0.1250520165032414], "k_pid_alt": [1.1993992491984882, 0.0, 0.017753655212836505], "k_pid_att": [15.310968872845594, 0.0001, 0.6256606632556213], "k_pid_yaw": [0.5, 1e-06, 0.1], "k_pid_hsp": [0.1317845851111724, 0.0032628251381986214, 0.0], "k_pid_vsp": [399.9925865588301, 23.360580532789474, 14.75815591727125]}, "datetime": {"datetime": "2025-08-21 20:44:22", "elapsed": 43178.693727731705, "delta": 17.03848361968994}, "costs": {"total_cost": 181.4725784639745, "time_cost": 70.384, "final_distance_cost": 1.7975571277421882, "oscillation_cost": 27.81158192581121, "completition_cost": 0.0, "overshoot_cost": 50.991737541043484, "power_cost": 17.04839177246094, "noise_cost": 13.439310096916639, "n_waypoints_completed": 9, "tot_waypoints": 9}}
{"target": -176.95163006637281, "params": {"k_pid_pos": [1.1192038003262557, 0.0, 0.08266801815051265], "k_pid_alt": [0.7356601113958037, 0.0, 0.014366279100313217], "k_pid_att": [14.880582926836336, 0.014140049849862453, 0.6307358449766979], "k_pid_yaw": [0.5, 1e-06, 0.1], "k_pid_hsp": [0.14540621508773766, 0.003234554003230575, 0.0], "k_pid_vsp": [400.0, 44.14905812802033, 18.61678990163097]}, "datetime": {"datetime": "2025-08-21 20:44:39", "elapsed": 43195.92920422554, "delta": 17.23547649383545}, "costs": {"total_cost": 176.95163006637281, "time_cost": 72.4, "final_distance_cost": 1.8035856033977078, "oscillation_cost": 28.472420469926686, "completition_cost": 0.0, "overshoot_cost": 51.88697060887638, "power_cost": 12.297201501464844, "noise_cost": 10.091451882707178, "n_waypoints_completed": 9, "tot_waypoints": 9}}
{"target": -195.2554078237971, "params": {"k_pid_pos": [1.28809757919751, 0.0, 0.13172660471401962], "k_pid_alt": [1.3640115937890203, 0.0, 0.016044344330229377], "k_pid_att": [15.440763270253928, 0.0001, 0.6266571054415864], "k_pid_yaw": [0.5, 1e-06, 0.1], "k_pid_hsp": [0.13042046410976935, 0.002938644494928292, 0.0], "k_pid_vsp": [400.0, 23.10545581821792, 17.78106122349336]}, "datetime": {"datetime": "2025-08-21 20:44:58", "elapsed": 43215.00041890144, "delta": 19.07121467590332}, "costs": {"total_cost": 195.2554078237971, "time_cost": 76.34400000000001, "final_distance_cost": 1.8141598129993919, "oscillation_cost": 30.54379565187341, "completition_cost": 0.0, "overshoot_cost": 54.84765421937326, "power_cost": 17.725545227050784, "noise_cost": 13.980252912500239, "n_waypoints_completed": 9, "tot_waypoints": 9}}
{"target": -191.93583578514432, "params": {"k_pid_pos": [1.4598603821880953, 0.0, 0.12484008908773954], "k_pid_alt": [1.1894124966144621, 0.0, 0.016892274388783775], "k_pid_att": [10.236615026753569, 0.0001, 0.6039976330916996], "k_pid_yaw": [0.5, 1e-06, 0.1], "k_pid_hsp": [0.14625490742095043, 0.0006868893816667178, 0.0], "k_pid_vsp": [400.0, 29.006010550408085, 17.210043754923298]}, "datetime": {"datetime": "2025-08-21 20:45:14", "elapsed": 43230.77129030228, "delta": 15.77087140083313}, "costs": {"total_cost": 191.93583578514432, "time_cost": 70.136, "final_distance_cost": 1.7698132879835038, "oscillation_cost": 30.216580924913323, "completition_cost": 0.0, "overshoot_cost": 51.69787073688447, "power_cost": 22.189086193847658, "noise_cost": 15.926484641515371, "n_waypoints_completed": 9, "tot_waypoints": 9}}
{"target": -179.89508970724137, "params": {"k_pid_pos": [1.1258317923037553, 0.0, 0.13356820072492673], "k_pid_alt": [1.0659821705834607, 0.0, 0.012391872354152221], "k_pid_att": [15.470689854079499, 0.0001, 0.45500747511165596], "k_pid_yaw": [0.5, 1e-06, 0.1], "k_pid_hsp": [0.1080080845499963, 0.0, 0.0], "k_pid_vsp": [400.0, 50.300272529440164, 17.250441499275844]}, "datetime": {"datetime": "2025-08-21 20:45:33", "elapsed": 43249.69770026207, "delta": 18.92640995979309}, "costs": {"total_cost": 179.89508970724137, "time_cost": 71.60000000000001, "final_distance_cost": 1.7877108342660744, "oscillation_cost": 26.79040339323661, "completition_cost": 0.0, "overshoot_cost": 51.98209956374397, "power_cost": 15.698164916992189, "noise_cost": 12.036710999002475, "n_waypoints_completed": 9, "tot_waypoints": 9}}
{"target": -184.63822910440098, "params": {"k_pid_pos": [1.0619067038229166, 0.0, 0.14055019729172075], "k_pid_alt": [1.1671489653409624, 0.0, 0.016622775618880054], "k_pid_att": [27.48561453380527, 0.0001, 0.6503421922002599], "k_pid_yaw": [0.5, 1e-06, 0.1], "k_pid_hsp": [0.2203053851331061, 0.003236385440686362, 0.0], "k_pid_vsp": [400.0, 37.302338023136464, 17.524954122953773]}, "datetime": {"datetime": "2025-08-21 20:45:49", "elapsed": 43265.793352127075, "delta": 16.095651865005493}, "costs": {"total_cost": 184.63822910440098, "time_cost": 70.83200000000001, "final_distance_cost": 1.8372151580303167, "oscillation_cost": 28.90530730358488, "completition_cost": 0.0, "overshoot_cost": 51.18093865963458, "power_cost": 18.293916259765627, "noise_cost": 13.588851723385565, "n_waypoints_completed": 9, "tot_waypoints": 9}}
