{"target": -186.91160562660383, "params": {"k_pid_pos": [1.1363888250181102, 0.0, 0.15916576830725185], "k_pid_alt": [1.2456804735454172, 0.0, 0.017329137627367104], "k_pid_att": [13.739577060065482, 0.0001, 0.6118552173459724], "k_pid_yaw": [0.5, 1e-06, 0.1], "k_pid_hsp": [0.18321442096930343, 0.0012499364357238959, 0.0], "k_pid_vsp": [400.0, 48.64058726489954, 16.379798099482198]}, "datetime": {"datetime": "2025-08-21 15:34:30", "elapsed": 24586.755848646164, "delta": 16.526691675186157}, "costs": {"total_cost": 186.91160562660383, "time_cost": 71.44800000000001, "final_distance_cost": 1.8208752376931032, "oscillation_cost": 28.263816303437693, "completition_cost": 0.0, "overshoot_cost": 52.19129243883104, "power_cost": 18.822999218750002, "noise_cost": 14.364622427891991, "n_waypoints_completed": 9, "tot_waypoints": 9}}
{"target": -180.6129800753884, "params": {"k_pid_pos": [1.201313534230743, 0.0, 0.15043982138673379], "k_pid_alt": [1.0390857181603104, 0.0, 0.014118765720683886], "k_pid_att": [22.517532527750465, 0.0001, 0.5827681964134203], "k_pid_yaw": [0.5, 1e-06, 0.1], "k_pid_hsp": [0.3849895320880221, 0.00038893519222882094, 0.0], "k_pid_vsp": [396.9833777243225, 70.4475001706196, 21.345428935847757]}, "datetime": {"datetime": "2025-08-21 15:34:46", "elapsed": 24603.334418058395, "delta": 16.578569412231445}, "costs": {"total_cost": 180.6129800753884, "time_cost": 70.44, "final_distance_cost": 1.8313299745454679, "oscillation_cost": 30.001350431585042, "completition_cost": 0.0, "overshoot_cost": 51.13341419465454, "power_cost": 14.955963098144531, "noise_cost": 12.250922376458819, "n_waypoints_completed": 9, "tot_waypoints": 9}}
{"target": -192.92609400076947, "params": {"k_pid_pos": [1.1286359739215714, 0.0, 0.13831843344925152], "k_pid_alt": [1.2133884940345105, 0.0, 0.01590275119428274], "k_pid_att": [14.817647187709621, 0.0001, 0.6323198982515601], "k_pid_yaw": [0.5, 1e-06, 0.1], "k_pid_hsp": [0.12176661785063236, 0.004003170979381051, 0.0], "k_pid_vsp": [400.0, 41.741213251559905, 17.28583970538683]}, "datetime": {"datetime": "2025-08-21 15:35:04", "elapsed": 24620.464537858963, "delta": 17.130119800567627}, "costs": {"total_cost": 192.92609400076947, "time_cost": 72.696, "final_distance_cost": 1.7845614560228673, "oscillation_cost": 28.819094273117624, "completition_cost": 0.0, "overshoot_cost": 51.809650903228544, "power_cost": 22.05196082763672, "noise_cost": 15.764826540763703, "n_waypoints_completed": 9, "tot_waypoints": 9}}
{"target": -181.1372797596282, "params": {"k_pid_pos": [1.0898521130678032, 0.0, 0.014090128702923421], "k_pid_alt": [1.1142961374866645, 0.0, 0.011204304839410852], "k_pid_att": [41.00511705708156, 0.0001, 0.3368012503558121], "k_pid_yaw": [0.5, 1e-06, 0.1], "k_pid_hsp": [0.559132291342944, 0.01967897045757095, 0.0], "k_pid_vsp": [393.7395893199364, 50.98112199314063, 37.29329823126845]}, "datetime": {"datetime": "2025-08-21 15:35:20", "elapsed": 24636.47030520439, "delta": 16.005767345428467}, "costs": {"total_cost": 181.1372797596282, "time_cost": 70.208, "final_distance_cost": 1.843372766676289, "oscillation_cost": 34.27291074880132, "completition_cost": 0.0, "overshoot_cost": 51.08618870192197, "power_cost": 12.990386096191408, "noise_cost": 10.73642144603723, "n_waypoints_completed": 9, "tot_waypoints": 9}}
{"target": -977.0327591328656, "params": {"k_pid_pos": [1.1485158041177304, 0.0, 0.1430865195295222], "k_pid_alt": [1.3618215433517877, 0.0, 0.018569882346850405], "k_pid_att": [0.0, 0.0001, 0.44664441036997105], "k_pid_yaw": [0.5, 1e-06, 0.1], "k_pid_hsp": [0.23025803077473359, 0.005108918051190401, 0.0], "k_pid_vsp": [400.0, 55.756824451098844, 15.191606098350086]}, "datetime": {"datetime": "2025-08-21 15:35:43", "elapsed": 24660.03729891777, "delta": 23.566993713378906}, "costs": {"total_cost": 977.0327591328656, "time_cost": 150, "final_distance_cost": 74.95890939395142, "oscillation_cost": 3.33295176803186, "completition_cost": 666.6666666666667, "overshoot_cost": 67.68313578183026, "power_cost": 7.1825677612304695, "noise_cost": 7.208527761155019, "n_waypoints_completed": 3, "tot_waypoints": 9}}
{"target": -186.2799429101964, "params": {"k_pid_pos": [1.1261449390725389, 0.0, 0.14212528145394518], "k_pid_alt": [0.8801430618200443, 0.0, 0.016075337879509696], "k_pid_att": [6.5080497169359095, 0.0001, 0.759056978509103], "k_pid_yaw": [0.5, 1e-06, 0.1], "k_pid_hsp": [0.08776156605283036, 0.0, 0.0], "k_pid_vsp": [395.33752053969107, 43.176906333597856, 19.90136069407873]}, "datetime": {"datetime": "2025-08-21 15:36:00", "elapsed": 24677.278737545013, "delta": 17.241438627243042}, "costs": {"total_cost": 186.2799429101964, "time_cost": 72.736, "final_distance_cost": 1.7758770867476994, "oscillation_cost": 25.51584795748876, "completition_cost": 0.0, "overshoot_cost": 52.40027625253586, "power_cost": 19.164852172851564, "noise_cost": 14.687089440572509, "n_waypoints_completed": 9, "tot_waypoints": 9}}
{"target": -242.88026800352065, "params": {"k_pid_pos": [1.126075105837542, 0.0, 0.13394650595484822], "k_pid_alt": [1.2728541819847887, 0.0, 0.013067415114952713], "k_pid_att": [14.122189302102111, 0.0001, 0.26485596816143353], "k_pid_yaw": [0.5, 1e-06, 0.1], "k_pid_hsp": [0.0915675835900166, 0.0, 0.0], "k_pid_vsp": [400.0, 38.9110642669052, 21.316588000113825]}, "datetime": {"datetime": "2025-08-21 15:36:24", "elapsed": 24700.5432574749, "delta": 23.264519929885864}, "costs": {"total_cost": 242.88026800352065, "time_cost": 97.008, "final_distance_cost": 1.7742387662262138, "oscillation_cost": 28.10887583055854, "completition_cost": 0.0, "overshoot_cost": 70.91660651043765, "power_cost": 25.655181689453126, "noise_cost": 19.417365206845137, "n_waypoints_completed": 9, "tot_waypoints": 9}}
{"target": -183.2979259796393, "params": {"k_pid_pos": [1.1315563894184193, 0.0, 0.14865593919810707], "k_pid_alt": [1.3098682207575967, 0.0, 0.013822253644277502], "k_pid_att": [14.519887887517992, 0.14187537140692374, 0.6313755687389976], "k_pid_yaw": [0.5, 1e-06, 0.1], "k_pid_hsp": [0.21777153172502156, 0.004637428164594699, 0.0], "k_pid_vsp": [383.71279041716457, 21.194622313878163, 20.075009431987414]}, "datetime": {"datetime": "2025-08-21 15:36:39", "elapsed": 24716.257874965668, "delta": 15.714617490768433}, "costs": {"total_cost": 183.2979259796393, "time_cost": 70.21600000000001, "final_distance_cost": 1.8300466049772863, "oscillation_cost": 28.866395411980992, "completition_cost": 0.0, "overshoot_cost": 51.37899817870561, "power_cost": 17.61464050292969, "noise_cost": 13.391845281045727, "n_waypoints_completed": 9, "tot_waypoints": 9}}
{"target": -190.0535742372472, "params": {"k_pid_pos": [1.2924044629878302, 0.0, 0.11262746112018063], "k_pid_alt": [1.2563691749027044, 0.0, 0.006484858904431749], "k_pid_att": [15.454297082488806, 0.0001, 0.6493322843477225], "k_pid_yaw": [0.5, 1e-06, 0.1], "k_pid_hsp": [0.11044337161678067, 0.0031830628363376298, 0.0], "k_pid_vsp": [400.0, 61.82037203530454, 18.595185625903543]}, "datetime": {"datetime": "2025-08-21 15:36:56", "elapsed": 24732.887723445892, "delta": 16.62984848022461}, "costs": {"total_cost": 190.0535742372472, "time_cost": 70.616, "final_distance_cost": 1.7687422760491938, "oscillation_cost": 28.83007862594284, "completition_cost": 0.0, "overshoot_cost": 51.41501622552463, "power_cost": 21.690795751953125, "noise_cost": 15.732941357777442, "n_waypoints_completed": 9, "tot_waypoints": 9}}
{"target": -175.55348513978646, "params": {"k_pid_pos": [1.5018738105588023, 0.00010451127726747694, 0.14627119270864514], "k_pid_alt": [1.185627021465387, 0.0, 0.01739422218690358], "k_pid_att": [14.617049246025038, 0.0001, 0.6085008109463702], "k_pid_yaw": [0.5, 1e-06, 0.1], "k_pid_hsp": [0.16413958902128156, 0.004426324555870646, 0.0], "k_pid_vsp": [400.0, 52.37674201788881, 11.359756516634594]}, "datetime": {"datetime": "2025-08-21 15:37:13", "elapsed": 24749.732372760773, "delta": 16.84464931488037}, "costs": {"total_cost": 175.55348513978646, "time_cost": 70.256, "final_distance_cost": 1.7811892551891733, "oscillation_cost": 30.771290489095975, "completition_cost": 0.0, "overshoot_cost": 51.44695496230736, "power_cost": 11.443258996582031, "noise_cost": 9.854791436611961, "n_waypoints_completed": 9, "tot_waypoints": 9}}
{"target": -184.49550648218764, "params": {"k_pid_pos": [1.1263257456955982, 0.0, 0.03524737568992534], "k_pid_alt": [1.1412059337028158, 0.0, 0.009823214056906499], "k_pid_att": [15.10002212658345, 0.0001, 0.6276820829100762], "k_pid_yaw": [0.5, 1e-06, 0.1], "k_pid_hsp": [0.12951152070797883, 0.003978631776291947, 0.0], "k_pid_vsp": [390.38233810319235, 46.4404166252619, 13.548505710066172]}, "datetime": {"datetime": "2025-08-21 15:37:29", "elapsed": 24766.207237243652, "delta": 16.47486448287964}, "costs": {"total_cost": 184.49550648218764, "time_cost": 70.36, "final_distance_cost": 1.8007413857814154, "oscillation_cost": 28.838260736381603, "completition_cost": 0.0, "overshoot_cost": 51.27440560379075, "power_cost": 18.426332458496095, "noise_cost": 13.79576629773776, "n_waypoints_completed": 9, "tot_waypoints": 9}}
{"target": -184.36926904685902, "params": {"k_pid_pos": [1.1162823889364968, 0.0, 0.14454249787368378], "k_pid_alt": [1.202099834323874, 0.0, 0.011391840720979027], "k_pid_att": [19.06714951315999, 0.009753753303500447, 0.621612668412306], "k_pid_yaw": [0.5, 1e-06, 0.1], "k_pid_hsp": [0.49577554709659755, 0.004653461545158291, 0.0], "k_pid_vsp": [400.0, 59.240638616598304, 18.972082624799803]}, "datetime": {"datetime": "2025-08-21 15:37:47", "elapsed": 24784.17192387581, "delta": 17.964686632156372}, "costs": {"total_cost": 184.36926904685902, "time_cost": 71.056, "final_distance_cost": 1.8397037926193411, "oscillation_cost": 30.052756987114435, "completition_cost": 0.0, "overshoot_cost": 51.343494887881405, "power_cost": 16.34805809326172, "noise_cost": 13.729255285982108, "n_waypoints_completed": 9, "tot_waypoints": 9}}
{"target": -177.6238548245912, "params": {"k_pid_pos": [1.1855884714337785, 0.0, 0.1696124011178899], "k_pid_alt": [0.8017591330248748, 0.0, 0.0077209871503635865], "k_pid_att": [15.87422374019981, 0.0001, 0.6225496016724161], "k_pid_yaw": [0.5, 1e-06, 0.1], "k_pid_hsp": [0.13531979257535648, 0.0020485925345090313, 0.0], "k_pid_vsp": [390.90281243399437, 23.671774261055646, 5.076712194514677]}, "datetime": {"datetime": "2025-08-21 15:38:03", "elapsed": 24800.306007623672, "delta": 16.13408374786377}, "costs": {"total_cost": 177.6238548245912, "time_cost": 72.144, "final_distance_cost": 1.808567053752319, "oscillation_cost": 27.88285590690624, "completition_cost": 0.0, "overshoot_cost": 51.09421182167151, "power_cost": 13.008301293945314, "noise_cost": 11.685918748315796, "n_waypoints_completed": 9, "tot_waypoints": 9}}
{"target": -187.66682842874022, "params": {"k_pid_pos": [1.2925377453079976, 0.0, 0.13586977768040998], "k_pid_alt": [1.296469535940733, 0.0, 0.010884104381529994], "k_pid_att": [2.5008484020132133, 0.0001, 0.5707639961713628], "k_pid_yaw": [0.5, 1e-06, 0.1], "k_pid_hsp": [0.2427094076087588, 0.0, 0.0], "k_pid_vsp": [400.0, 25.20647079079492, 19.907129998009598]}, "datetime": {"datetime": "2025-08-21 15:38:20", "elapsed": 24817.33715581894, "delta": 17.031148195266724}, "costs": {"total_cost": 187.66682842874022, "time_cost": 71.47200000000001, "final_distance_cost": 1.8101613051746253, "oscillation_cost": 28.626856214864624, "completition_cost": 0.0, "overshoot_cost": 52.26594535582467, "power_cost": 19.028808276367187, "noise_cost": 14.4630572765091, "n_waypoints_completed": 9, "tot_waypoints": 9}}
{"target": -177.63540599766037, "params": {"k_pid_pos": [1.3423987320718465, 0.0, 0.12863770617649192], "k_pid_alt": [1.2804504801846999, 0.0, 0.014402158962903075], "k_pid_att": [18.045029378578114, 0.0001, 0.6700877332562832], "k_pid_yaw": [0.5, 1e-06, 0.1], "k_pid_hsp": [0.10560063692455114, 0.0012910368844904533, 0.0], "k_pid_vsp": [400.0, 29.766103949950136, 18.243390160744866]}, "datetime": {"datetime": "2025-08-21 15:38:37", "elapsed": 24834.4100189209, "delta": 17.07286310195923}, "costs": {"total_cost": 177.63540599766037, "time_cost": 71.536, "final_distance_cost": 1.7905334561085213, "oscillation_cost": 28.698189606160007, "completition_cost": 0.0, "overshoot_cost": 52.52080389186181, "power_cost": 12.725949877929688, "noise_cost": 10.363929165600366, "n_waypoints_completed": 9, "tot_waypoints": 9}}
{"target": -176.83713175272615, "params": {"k_pid_pos": [1.1474821490960831, 0.0, 0.14210766850212767], "k_pid_alt": [1.160241157619706, 0.0, 0.008714463701164155], "k_pid_att": [12.656767781474613, 0.0001, 0.6473406030625957], "k_pid_yaw": [0.5, 1e-06, 0.1], "k_pid_hsp": [0.1508530712627491, 0.0029083875112700416, 0.0], "k_pid_vsp": [400.0, 57.40537791573231, 18.395145428546876]}, "datetime": {"datetime": "2025-08-21 15:38:54", "elapsed": 24850.59576702118, "delta": 16.18574810028076}, "costs": {"total_cost": 176.83713175272615, "time_cost": 70.48, "final_distance_cost": 1.7983612624795389, "oscillation_cost": 28.141328599200214, "completition_cost": 0.0, "overshoot_cost": 51.908614116510854, "power_cost": 13.31464052734375, "noise_cost": 11.194187247191781, "n_waypoints_completed": 9, "tot_waypoints": 9}}
{"target": -177.54911169292023, "params": {"k_pid_pos": [1.111911402908425, 0.0, 0.13707512407526812], "k_pid_alt": [1.087008754708179, 0.0, 0.007978374977758572], "k_pid_att": [15.127395708005327, 0.0001, 0.6277252517609865], "k_pid_yaw": [0.5, 1e-06, 0.1], "k_pid_hsp": [0.2324719974761431, 0.0032180184125028656, 0.0], "k_pid_vsp": [400.0, 15.569810409811907, 14.659676801758188]}, "datetime": {"datetime": "2025-08-21 15:39:11", "elapsed": 24867.985766649246, "delta": 17.389999628067017}, "costs": {"total_cost": 177.54911169292023, "time_cost": 70.584, "final_distance_cost": 1.8206548202221355, "oscillation_cost": 29.60484141006735, "completition_cost": 0.0, "overshoot_cost": 51.01566254470828, "power_cost": 13.23285496826172, "noise_cost": 11.29109794966076, "n_waypoints_completed": 9, "tot_waypoints": 9}}
{"target": -181.88197862877212, "params": {"k_pid_pos": [1.1066740267894655, 0.0, 0.14500799290785268], "k_pid_alt": [1.0161180972234258, 0.0, 0.006539250643223256], "k_pid_att": [20.802489933518565, 0.0001, 0.5276225071927375], "k_pid_yaw": [0.5, 1e-06, 0.1], "k_pid_hsp": [0.21174856538337755, 0.002757670701999005, 0.0], "k_pid_vsp": [400.0, 32.44656405750128, 19.275755653801202]}, "datetime": {"datetime": "2025-08-21 15:39:27", "elapsed": 24884.165014266968, "delta": 16.179247617721558}, "costs": {"total_cost": 181.88197862877212, "time_cost": 70.44, "final_distance_cost": 1.8300477396567694, "oscillation_cost": 28.974873647238695, "completition_cost": 0.0, "overshoot_cost": 50.537357988074604, "power_cost": 16.727060424804687, "noise_cost": 13.37263882899736, "n_waypoints_completed": 9, "tot_waypoints": 9}}
{"target": -187.81877254370102, "params": {"k_pid_pos": [1.1162522876845398, 0.0, 0.11934911578761102], "k_pid_alt": [0.9162031425094372, 0.0, 0.009755061904018288], "k_pid_att": [35.89179406273646, 0.0001, 0.18959438060897443], "k_pid_yaw": [0.5, 1e-06, 0.1], "k_pid_hsp": [0.10024876808431524, 0.004193502339381724, 0.0], "k_pid_vsp": [388.968770438001, 27.25879511813362, 15.601778223032976]}, "datetime": {"datetime": "2025-08-21 15:39:44", "elapsed": 24901.004185438156, "delta": 16.839171171188354}, "costs": {"total_cost": 187.81877254370102, "time_cost": 71.984, "final_distance_cost": 1.80851088017734, "oscillation_cost": 27.923151001970858, "completition_cost": 0.0, "overshoot_cost": 51.34051487357574, "power_cost": 19.900325061035158, "noise_cost": 14.862270726941938, "n_waypoints_completed": 9, "tot_waypoints": 9}}
{"target": -171.9354939193365, "params": {"k_pid_pos": [1.1331366621269827, 0.0, 0.13825244367698525], "k_pid_alt": [1.19766457869897, 0.0, 0.014911138111127974], "k_pid_att": [19.314900006849296, 0.0001, 0.6270963430406181], "k_pid_yaw": [0.5, 1e-06, 0.1], "k_pid_hsp": [0.11291386422572862, 0.0029951691285666276, 0.0], "k_pid_vsp": [400.0, 32.46155428150811, 21.067432148200485]}, "datetime": {"datetime": "2025-08-21 15:40:02", "elapsed": 24918.575629234314, "delta": 17.571443796157837}, "costs": {"total_cost": 171.9354939193365, "time_cost": 71.224, "final_distance_cost": 1.814513569503954, "oscillation_cost": 27.46564372038471, "completition_cost": 0.0, "overshoot_cost": 51.53692386699068, "power_cost": 10.513368298339845, "noise_cost": 9.38104446411728, "n_waypoints_completed": 9, "tot_waypoints": 9}}
{"target": -182.40453332670117, "params": {"k_pid_pos": [1.0831606357351753, 0.0, 0.11915941640568567], "k_pid_alt": [0.7927956536267273, 0.0, 0.01659388433763999], "k_pid_att": [19.457107368277143, 0.0001, 0.569800120795305], "k_pid_yaw": [0.5, 1e-06, 0.1], "k_pid_hsp": [0.21308367677409384, 0.012456248045324412, 0.0], "k_pid_vsp": [400.0, 1.336390836821355, 19.925728849481683]}, "datetime": {"datetime": "2025-08-21 15:40:18", "elapsed": 24934.858013629913, "delta": 16.282384395599365}, "costs": {"total_cost": 182.40453332670117, "time_cost": 72.136, "final_distance_cost": 1.8268236853245758, "oscillation_cost": 29.245204041959596, "completition_cost": 0.0, "overshoot_cost": 50.880503244307846, "power_cost": 15.869883471679689, "noise_cost": 12.44611888342947, "n_waypoints_completed": 9, "tot_waypoints": 9}}
{"target": -191.5659716735996, "params": {"k_pid_pos": [1.1306598987589427, 0.0, 0.13178025899687107], "k_pid_alt": [1.0312100798421215, 0.0, 0.02094429351009455], "k_pid_att": [20.605063591290183, 0.0001, 0.6421775595689384], "k_pid_yaw": [0.5, 1e-06, 0.1], "k_pid_hsp": [0.4169297300082956, 0.004630958187866685, 0.0], "k_pid_vsp": [395.7337153911433, 11.822054169923245, 25.20379832827975]}, "datetime": {"datetime": "2025-08-21 15:40:34", "elapsed": 24951.40312552452, "delta": 16.545111894607544}, "costs": {"total_cost": 191.5659716735996, "time_cost": 70.976, "final_distance_cost": 1.8308958830891353, "oscillation_cost": 30.765716719726683, "completition_cost": 0.0, "overshoot_cost": 50.854855835471625, "power_cost": 21.359371533203127, "noise_cost": 15.779131702109, "n_waypoints_completed": 9, "tot_waypoints": 9}}
{"target": -172.90899292135686, "params": {"k_pid_pos": [1.1271745647520661, 0.0, 0.13469727644069013], "k_pid_alt": [1.070162622705332, 0.0, 0.015132128703113593], "k_pid_att": [17.98227274664991, 0.0001, 0.6422686075819627], "k_pid_yaw": [0.5, 1e-06, 0.1], "k_pid_hsp": [0.13043782770361262, 0.0037426142770929714, 0.0], "k_pid_vsp": [391.5366556089709, 49.8015793974402, 15.170064897371113]}, "datetime": {"datetime": "2025-08-21 15:40:50", "elapsed": 24967.34252858162, "delta": 15.939403057098389}, "costs": {"total_cost": 172.90899292135686, "time_cost": 70.968, "final_distance_cost": 1.796090698719571, "oscillation_cost": 27.688542706872283, "completition_cost": 0.0, "overshoot_cost": 51.131672269646806, "power_cost": 11.8032298828125, "noise_cost": 9.52145736330569, "n_waypoints_completed": 9, "tot_waypoints": 9}}
{"target": -178.607233786731, "params": {"k_pid_pos": [1.1238101935974494, 0.0, 0.14696051914112787], "k_pid_alt": [1.2406633872978579, 0.0, 0.018965006207938218], "k_pid_att": [9.88998723188119, 0.0001, 0.6217755719021864], "k_pid_yaw": [0.5, 1e-06, 0.1], "k_pid_hsp": [0.13422349563708888, 0.003269806515313277, 0.0], "k_pid_vsp": [400.0, 46.276855703725985, 18.59756602603215]}, "datetime": {"datetime": "2025-08-21 15:41:07", "elapsed": 24984.14099574089, "delta": 16.79846715927124}, "costs": {"total_cost": 178.607233786731, "time_cost": 70.296, "final_distance_cost": 1.82238969898573, "oscillation_cost": 27.614082921455267, "completition_cost": 0.0, "overshoot_cost": 50.91988015928947, "power_cost": 15.679937036132813, "noise_cost": 12.274943970867708, "n_waypoints_completed": 9, "tot_waypoints": 9}}
{"target": -187.25857448956458, "params": {"k_pid_pos": [1.1537820540991965, 0.0, 0.12417623241652073], "k_pid_alt": [1.1419531673330743, 0.0, 0.023419156524174346], "k_pid_att": [25.190255174885277, 0.0001, 0.6358075626567049], "k_pid_yaw": [0.5, 1e-06, 0.1], "k_pid_hsp": [0.1731966816322999, 0.0047667043070423335, 0.0], "k_pid_vsp": [400.0, 43.03040777778374, 18.959248760522215]}, "datetime": {"datetime": "2025-08-21 15:41:24", "elapsed": 25000.74296617508, "delta": 16.601970434188843}, "costs": {"total_cost": 187.25857448956458, "time_cost": 70.512, "final_distance_cost": 1.8058495205161427, "oscillation_cost": 28.83573164742768, "completition_cost": 0.0, "overshoot_cost": 50.45462651111116, "power_cost": 20.588680322265628, "noise_cost": 15.061686488243968, "n_waypoints_completed": 9, "tot_waypoints": 9}}
{"target": -182.5534474191994, "params": {"k_pid_pos": [1.1334385370621287, 0.0, 0.17704201209107276], "k_pid_alt": [1.1296998250376853, 0.0, 0.011215145237672518], "k_pid_att": [12.470557008157678, 0.0001, 0.6199266464451522], "k_pid_yaw": [0.5, 1e-06, 0.1], "k_pid_hsp": [0.10079069464843399, 0.0025700784469839294, 0.0], "k_pid_vsp": [400.0, 29.482827982331774, 14.312402451758954]}, "datetime": {"datetime": "2025-08-21 15:41:40", "elapsed": 25016.63670039177, "delta": 15.893734216690063}, "costs": {"total_cost": 182.5534474191994, "time_cost": 71.392, "final_distance_cost": 1.78572383200068, "oscillation_cost": 26.78240127127117, "completition_cost": 0.0, "overshoot_cost": 51.807137768606474, "power_cost": 17.821472070312502, "noise_cost": 12.964712477008554, "n_waypoints_completed": 9, "tot_waypoints": 9}}
