{"target": -168.68387349491738, "params": {"k_pid_pos": [1.1980699257485052, 0.0, 0.1044530230131657], "k_pid_alt": [1.0738268511369338, 0.0, 0.004857506052256412], "k_pid_att": [16.677788896143177, 0.0001, 0.496973245819275], "k_pid_yaw": [0.5, 1e-06, 0.1], "k_pid_hsp": [0.522311068478166, 0.0, 0.0], "k_pid_vsp": [400.0, 36.61110634269461, 17.729621472356605]}, "datetime": {"datetime": "2025-08-21 12:19:31", "elapsed": 12887.864350557327, "delta": 16.414893865585327}, "costs": {"total_cost": 168.68387349491738, "time_cost": 70.648, "final_distance_cost": 1.8306385199751103, "oscillation_cost": 30.83952471704943, "completition_cost": 0.0, "overshoot_cost": 50.92617809314721, "power_cost": 6.746130517578125, "noise_cost": 7.693401647167494, "n_waypoints_completed": 9, "tot_waypoints": 9}}
{"target": -206.34411305225572, "params": {"k_pid_pos": [1.2963130266042888, 0.0, 0.11828059039981131], "k_pid_alt": [0.9257843425665525, 0.0, 0.010820929538101692], "k_pid_att": [23.203254563357007, 0.0001, 0.0], "k_pid_yaw": [0.5, 1e-06, 0.1], "k_pid_hsp": [3.0566954903727392, 0.0, 0.0], "k_pid_vsp": [400.0, 1e-06, 13.325366960156433]}, "datetime": {"datetime": "2025-08-21 12:19:47", "elapsed": 12904.292152881622, "delta": 16.427802324295044}, "costs": {"total_cost": 206.34411305225572, "time_cost": 71.83200000000001, "final_distance_cost": 1.81764261465108, "oscillation_cost": 53.47689960241067, "completition_cost": 0.0, "overshoot_cost": 51.20598115625632, "power_cost": 15.62640947265625, "noise_cost": 12.385180206281367, "n_waypoints_completed": 9, "tot_waypoints": 9}}
{"target": -182.338276060558, "params": {"k_pid_pos": [0.9898360291638878, 0.0, 0.11793889366274848], "k_pid_alt": [1.1662695186120822, 0.0, 0.0015749137978449755], "k_pid_att": [15.95228166347296, 0.0001, 0.37003033732029755], "k_pid_yaw": [0.5, 1e-06, 0.1], "k_pid_hsp": [0.5599402918710814, 0.059559919783336475, 0.0], "k_pid_vsp": [365.2310120769698, 34.85901508283941, 23.91681220284614]}, "datetime": {"datetime": "2025-08-21 12:20:05", "elapsed": 12921.62160730362, "delta": 17.32945442199707}, "costs": {"total_cost": 182.338276060558, "time_cost": 71.368, "final_distance_cost": 1.8475810171796943, "oscillation_cost": 30.622042751153117, "completition_cost": 0.0, "overshoot_cost": 51.331792682967425, "power_cost": 14.846839233398438, "noise_cost": 12.322020375859314, "n_waypoints_completed": 9, "tot_waypoints": 9}}
{"target": -179.86371216150926, "params": {"k_pid_pos": [1.1394946281059115, 0.0, 0.0064800599375089835], "k_pid_alt": [1.169824305654544, 0.0, 0.008415392718215422], "k_pid_att": [32.00596573146345, 0.0001, 0.4290165154218537], "k_pid_yaw": [0.5, 1e-06, 0.1], "k_pid_hsp": [0.4421165194362614, 0.0, 0.0], "k_pid_vsp": [344.3338382362242, 16.509814927830178, 21.544816161915875]}, "datetime": {"datetime": "2025-08-21 12:20:21", "elapsed": 12937.52348947525, "delta": 15.90188217163086}, "costs": {"total_cost": 179.86371216150926, "time_cost": 70.008, "final_distance_cost": 1.8275979860324683, "oscillation_cost": 30.995296517413625, "completition_cost": 0.0, "overshoot_cost": 50.86758930214737, "power_cost": 14.34088837890625, "noise_cost": 11.824339977009535, "n_waypoints_completed": 9, "tot_waypoints": 9}}
{"target": -1240.3575903304945, "params": {"k_pid_pos": [1.2486904998277462, 0.0, 0.053133717765263655], "k_pid_alt": [1.1701430326722202, 0.0, 0.0], "k_pid_att": [0.0, 0.0001, 0.6030732980029804], "k_pid_yaw": [0.5, 1e-06, 0.1], "k_pid_hsp": [0.10939298452052705, 0.0, 0.0], "k_pid_vsp": [400.0, 30.91758940063915, 7.488183083448581]}, "datetime": {"datetime": "2025-08-21 12:20:44", "elapsed": 12960.88369846344, "delta": 23.360208988189697}, "costs": {"total_cost": 1240.3575903304945, "time_cost": 150, "final_distance_cost": 45.19233004276732, "oscillation_cost": 0.7915730863229311, "completition_cost": 1000.0, "overshoot_cost": 12.92638808536419, "power_cost": 16.97173944091797, "noise_cost": 14.47555967512212, "n_waypoints_completed": 0, "tot_waypoints": 9}}
{"target": -183.15249244846183, "params": {"k_pid_pos": [1.190278015823118, 0.0, 0.11349846403483646], "k_pid_alt": [0.987942154371973, 0.0, 0.012310900644279229], "k_pid_att": [42.82409592318047, 0.0001, 0.24446420985797998], "k_pid_yaw": [0.5, 1e-06, 0.1], "k_pid_hsp": [0.060518345433448306, 0.020462798802249025, 0.0], "k_pid_vsp": [376.2643072627302, 21.782225345955077, 19.23706938879884]}, "datetime": {"datetime": "2025-08-21 12:21:01", "elapsed": 12978.088092803955, "delta": 17.204394340515137}, "costs": {"total_cost": 183.15249244846183, "time_cost": 75.4, "final_distance_cost": 1.775180061653076, "oscillation_cost": 31.90971094001021, "completition_cost": 0.0, "overshoot_cost": 53.12279471766558, "power_cost": 11.639531640625, "noise_cost": 9.305275088507958, "n_waypoints_completed": 9, "tot_waypoints": 9}}
{"target": -181.66738134052684, "params": {"k_pid_pos": [1.3335950757375272, 0.0, 0.16835008714486463], "k_pid_alt": [0.973637464301009, 0.0, 0.009737775219991175], "k_pid_att": [23.1812939293906, 0.0001, 0.5223233996601893], "k_pid_yaw": [0.5, 1e-06, 0.1], "k_pid_hsp": [0.5895670392544528, 0.0, 0.0], "k_pid_vsp": [400.0, 10.38528647585024, 26.93641957342621]}, "datetime": {"datetime": "2025-08-21 12:21:17", "elapsed": 12994.384225845337, "delta": 16.296133041381836}, "costs": {"total_cost": 181.66738134052684, "time_cost": 70.984, "final_distance_cost": 1.8190229794001136, "oscillation_cost": 30.805314448173995, "completition_cost": 0.0, "overshoot_cost": 51.342825608416724, "power_cost": 14.982993493652344, "noise_cost": 11.733224810883675, "n_waypoints_completed": 9, "tot_waypoints": 9}}
{"target": -175.93840610894375, "params": {"k_pid_pos": [1.1684480146772223, 0.0, 0.14505209509013145], "k_pid_alt": [1.137165635204903, 0.0, 0.01007764917201949], "k_pid_att": [16.182529501162712, 0.0001, 0.7747310566018751], "k_pid_yaw": [0.5, 1e-06, 0.1], "k_pid_hsp": [0.3311330757859159, 0.0, 0.0], "k_pid_vsp": [400.0, 24.37421717119452, 8.85239877989819]}, "datetime": {"datetime": "2025-08-21 12:21:34", "elapsed": 13011.102123498917, "delta": 16.717897653579712}, "costs": {"total_cost": 175.93840610894375, "time_cost": 70.56, "final_distance_cost": 1.8332679586860239, "oscillation_cost": 30.122186022288396, "completition_cost": 0.0, "overshoot_cost": 50.5879364398586, "power_cost": 11.787163049316407, "noise_cost": 11.04785263879433, "n_waypoints_completed": 9, "tot_waypoints": 9}}
{"target": -176.99879129645035, "params": {"k_pid_pos": [0.8960208745959903, 0.0, 0.2732440662737973], "k_pid_alt": [0.8414203103575849, 0.0, 0.03189135639178299], "k_pid_att": [27.58636388894867, 0.0001, 0.16127465637006477], "k_pid_yaw": [0.5, 1e-06, 0.1], "k_pid_hsp": [0.46490738401257464, 0.0, 0.0], "k_pid_vsp": [400.0, 34.300526848736006, 1e-06]}, "datetime": {"datetime": "2025-08-21 12:21:51", "elapsed": 13028.259465694427, "delta": 17.157342195510864}, "costs": {"total_cost": 176.99879129645035, "time_cost": 75.992, "final_distance_cost": 1.8467915518638305, "oscillation_cost": 29.352349040900236, "completition_cost": 0.0, "overshoot_cost": 51.089610068279924, "power_cost": 8.719644042968751, "noise_cost": 9.998396592437574, "n_waypoints_completed": 9, "tot_waypoints": 9}}
{"target": -1179.9301021806361, "params": {"k_pid_pos": [1.172984159021513, 0.02821588903570474, 0.1521825882095788], "k_pid_alt": [1.0624231291299349, 0.0, 0.007315143145752345], "k_pid_att": [23.336904466037016, 0.796423026950094, 0.43372475465346216], "k_pid_yaw": [0.5, 1e-06, 0.1], "k_pid_hsp": [0.0001, 0.0, 0.0], "k_pid_vsp": [350.0209255082094, 18.50022383194098, 19.199037785057634]}, "datetime": {"datetime": "2025-08-21 12:22:14", "elapsed": 13051.398711681366, "delta": 23.139245986938477}, "costs": {"total_cost": 1179.9301021806361, "time_cost": 150, "final_distance_cost": 46.294303000459905, "oscillation_cost": 0.15594860434353122, "completition_cost": 888.8888888888888, "overshoot_cost": 82.40521751542174, "power_cost": 5.148911840820313, "noise_cost": 7.036832330701832, "n_waypoints_completed": 1, "tot_waypoints": 9}}
{"target": -1226.9579243673786, "params": {"k_pid_pos": [1.1443219158078393, 0.0, 0.1687727411709764], "k_pid_alt": [1.122528636465856, 0.0, 0.0021596553996815933], "k_pid_att": [18.18603669524054, 0.0001, 0.8585643870932258], "k_pid_yaw": [0.5, 1e-06, 0.1], "k_pid_hsp": [0.0001, 0.0, 0.0], "k_pid_vsp": [400.0, 29.545155272180097, 18.357794091610053]}, "datetime": {"datetime": "2025-08-21 12:22:37", "elapsed": 13074.133471488953, "delta": 22.73475980758667}, "costs": {"total_cost": 1226.9579243673786, "time_cost": 150, "final_distance_cost": 46.22440498461839, "oscillation_cost": 1.8783117340316262, "completition_cost": 888.8888888888888, "overshoot_cost": 81.57175720357225, "power_cost": 35.22016834716797, "noise_cost": 23.17439320909957, "n_waypoints_completed": 1, "tot_waypoints": 9}}
{"target": -187.29361245849793, "params": {"k_pid_pos": [1.4545106039231348, 0.0, 0.24525762750707375], "k_pid_alt": [1.1027771697819975, 0.0, 0.011116809475626484], "k_pid_att": [11.935732987783151, 0.5027911422375457, 0.6041637267580633], "k_pid_yaw": [0.5, 1e-06, 0.1], "k_pid_hsp": [0.05369870126293472, 0.0, 0.0], "k_pid_vsp": [400.0, 30.554351188041764, 24.634521764980676]}, "datetime": {"datetime": "2025-08-21 12:22:55", "elapsed": 13091.91029214859, "delta": 17.77682065963745}, "costs": {"total_cost": 187.29361245849793, "time_cost": 76.88, "final_distance_cost": 1.7637250640210198, "oscillation_cost": 24.813410200747658, "completition_cost": 0.0, "overshoot_cost": 54.001466117916046, "power_cost": 17.118143505859376, "noise_cost": 12.716867569953862, "n_waypoints_completed": 9, "tot_waypoints": 9}}
{"target": -174.18302954515508, "params": {"k_pid_pos": [1.3072110633058234, 0.0, 0.05993267975746143], "k_pid_alt": [0.8326988079631203, 0.0, 0.006533473737061342], "k_pid_att": [25.780628245013396, 0.0001, 0.666481824251623], "k_pid_yaw": [0.5, 1e-06, 0.1], "k_pid_hsp": [0.8763571719017178, 0.0, 0.0], "k_pid_vsp": [392.7174690254731, 22.176873576078663, 27.84261995418889]}, "datetime": {"datetime": "2025-08-21 12:23:11", "elapsed": 13108.35908317566, "delta": 16.448791027069092}, "costs": {"total_cost": 174.18302954515508, "time_cost": 71.112, "final_distance_cost": 1.8276214242752833, "oscillation_cost": 32.345854520394596, "completition_cost": 0.0, "overshoot_cost": 51.61841000064938, "power_cost": 8.783331115722657, "noise_cost": 8.495812484113188, "n_waypoints_completed": 9, "tot_waypoints": 9}}
{"target": -173.3885556475619, "params": {"k_pid_pos": [1.1860280769037037, 0.0, 0.06304865170230853], "k_pid_alt": [1.1156617449720938, 0.0, 0.007595142729921951], "k_pid_att": [29.3719170765671, 0.0006612126539161938, 0.8429173887994375], "k_pid_yaw": [0.5, 1e-06, 0.1], "k_pid_hsp": [0.24780067218264587, 0.0, 0.0], "k_pid_vsp": [400.0, 24.347148336260247, 22.104108760077402]}, "datetime": {"datetime": "2025-08-21 12:23:28", "elapsed": 13124.639065027237, "delta": 16.27998185157776}, "costs": {"total_cost": 173.3885556475619, "time_cost": 70.52, "final_distance_cost": 1.8241479645514067, "oscillation_cost": 31.474536703982896, "completition_cost": 0.0, "overshoot_cost": 50.54822680284101, "power_cost": 9.8971265625, "noise_cost": 9.12451761368661, "n_waypoints_completed": 9, "tot_waypoints": 9}}
{"target": -1205.7374242851697, "params": {"k_pid_pos": [1.1855543936784056, 0.0028393696379465016, 0.18655055493454534], "k_pid_alt": [1.1628842365102188, 0.0, 0.0], "k_pid_att": [17.159206032676188, 0.0001, 0.6686731619688225], "k_pid_yaw": [0.5, 1e-06, 0.1], "k_pid_hsp": [0.0001, 0.0, 0.0], "k_pid_vsp": [398.56001418568906, 20.697354490967278, 1.369484239714387]}, "datetime": {"datetime": "2025-08-21 12:23:50", "elapsed": 13147.17625951767, "delta": 22.53719449043274}, "costs": {"total_cost": 1205.7374242851697, "time_cost": 150, "final_distance_cost": 46.33602761894644, "oscillation_cost": 0.2103725348828501, "completition_cost": 888.8888888888888, "overshoot_cost": 81.90628795636242, "power_cost": 21.51560457763672, "noise_cost": 16.880242708452663, "n_waypoints_completed": 1, "tot_waypoints": 9}}
{"target": -174.81497419176046, "params": {"k_pid_pos": [1.0140482454856405, 0.0, 0.1336069626376372], "k_pid_alt": [0.9661331929242398, 0.0, 0.01360500084734755], "k_pid_att": [31.136280241282737, 0.0001, 0.48826345715101627], "k_pid_yaw": [0.5, 1e-06, 0.1], "k_pid_hsp": [0.43508282055462577, 0.0, 0.0], "k_pid_vsp": [400.0, 32.43630602924962, 19.212227431343152]}, "datetime": {"datetime": "2025-08-21 12:24:07", "elapsed": 13163.496922492981, "delta": 16.32066297531128}, "costs": {"total_cost": 174.81497419176046, "time_cost": 71.168, "final_distance_cost": 1.8496189739373035, "oscillation_cost": 29.431032968509523, "completition_cost": 0.0, "overshoot_cost": 49.8845730334599, "power_cost": 11.789727368164064, "noise_cost": 10.692021847689688, "n_waypoints_completed": 9, "tot_waypoints": 9}}
{"target": -188.11715265473694, "params": {"k_pid_pos": [1.0830060818122975, 0.0, 0.13566379969336811], "k_pid_alt": [0.9267378312003417, 0.0, 0.011159473243037095], "k_pid_att": [18.150633979000094, 0.0001, 0.6478757359162327], "k_pid_yaw": [0.5, 1e-06, 0.1], "k_pid_hsp": [0.11118559629457526, 0.0, 0.0], "k_pid_vsp": [400.0, 25.89736526989825, 18.10856712359446]}, "datetime": {"datetime": "2025-08-21 12:24:23", "elapsed": 13180.015964746475, "delta": 16.519042253494263}, "costs": {"total_cost": 188.11715265473694, "time_cost": 72.32000000000001, "final_distance_cost": 1.8164092869239807, "oscillation_cost": 26.446211308501038, "completition_cost": 0.0, "overshoot_cost": 52.18568736335663, "power_cost": 20.21560301513672, "noise_cost": 15.133241680818575, "n_waypoints_completed": 9, "tot_waypoints": 9}}
{"target": -176.23438755203117, "params": {"k_pid_pos": [1.837276965916177, 0.0, 0.0728384019996287], "k_pid_alt": [1.2743357196511267, 0.0, 0.0], "k_pid_att": [27.665483103295863, 0.0001, 0.318180308887998], "k_pid_yaw": [0.5, 1e-06, 0.1], "k_pid_hsp": [1.7279117908577653, 0.0, 0.0], "k_pid_vsp": [381.0945733812912, 29.761369663859938, 10.428313074149251]}, "datetime": {"datetime": "2025-08-21 12:24:39", "elapsed": 13196.006672859192, "delta": 15.990708112716675}, "costs": {"total_cost": 176.23438755203117, "time_cost": 69.368, "final_distance_cost": 1.7865304294438653, "oscillation_cost": 38.332005758077564, "completition_cost": 0.0, "overshoot_cost": 50.550991706378035, "power_cost": 7.797258691406251, "noise_cost": 8.399600966725444, "n_waypoints_completed": 9, "tot_waypoints": 9}}
{"target": -180.5513328732019, "params": {"k_pid_pos": [1.2586107994237539, 0.0, 0.15541328760666895], "k_pid_alt": [0.9187230357423768, 0.0, 0.00740150034582724], "k_pid_att": [22.102768577910602, 0.0001, 0.556934498934959], "k_pid_yaw": [0.5, 1e-06, 0.1], "k_pid_hsp": [0.17956834767979188, 0.0628178062859727, 0.0], "k_pid_vsp": [400.0, 18.612692817082422, 18.840006367197514]}, "datetime": {"datetime": "2025-08-21 12:24:56", "elapsed": 13212.945979833603, "delta": 16.93930697441101}, "costs": {"total_cost": 180.5513328732019, "time_cost": 73.19200000000001, "final_distance_cost": 1.8060786018581214, "oscillation_cost": 34.90746746455424, "completition_cost": 0.0, "overshoot_cost": 50.88139086733363, "power_cost": 10.260603845214844, "noise_cost": 9.503792094241037, "n_waypoints_completed": 9, "tot_waypoints": 9}}
{"target": -193.79184374251162, "params": {"k_pid_pos": [1.1781536187284485, 0.0, 0.1260538881174339], "k_pid_alt": [0.8815182361141628, 0.0, 0.008055929158567328], "k_pid_att": [18.106107081542973, 0.0001, 0.5170807029512985], "k_pid_yaw": [0.5, 1e-06, 0.1], "k_pid_hsp": [0.13153281612053466, 0.0, 0.0], "k_pid_vsp": [400.0, 18.903659750902506, 20.11559012719995]}, "datetime": {"datetime": "2025-08-21 12:25:13", "elapsed": 13229.590271234512, "delta": 16.644291400909424}, "costs": {"total_cost": 193.79184374251162, "time_cost": 72.072, "final_distance_cost": 1.7887827174126423, "oscillation_cost": 28.07996714715729, "completition_cost": 0.0, "overshoot_cost": 51.76430401857391, "power_cost": 23.226416259765625, "noise_cost": 16.860373599602145, "n_waypoints_completed": 9, "tot_waypoints": 9}}
{"target": -180.1878762903947, "params": {"k_pid_pos": [0.9868461913408049, 0.0, 0.027674457630548904], "k_pid_alt": [1.076711939455027, 0.0, 0.00910306066610526], "k_pid_att": [18.519516204802247, 0.0001, 0.6640775108497146], "k_pid_yaw": [0.5, 1e-06, 0.1], "k_pid_hsp": [0.4625509212606085, 0.0028584429281381775, 0.0], "k_pid_vsp": [353.0450294779212, 46.05090717549042, 18.914331315143176]}, "datetime": {"datetime": "2025-08-21 12:25:29", "elapsed": 13245.89621424675, "delta": 16.30594301223755}, "costs": {"total_cost": 180.1878762903947, "time_cost": 70.312, "final_distance_cost": 1.8482402490493821, "oscillation_cost": 30.579067097059795, "completition_cost": 0.0, "overshoot_cost": 50.65526592347231, "power_cost": 15.204616589355469, "noise_cost": 11.588686431457747, "n_waypoints_completed": 9, "tot_waypoints": 9}}
{"target": -1174.2765774030097, "params": {"k_pid_pos": [1.0913868520871959, 0.0, 0.14814808872171653], "k_pid_alt": [1.1865751662793318, 0.0, 0.011163139921521273], "k_pid_att": [19.630529883414482, 0.0001, 0.5893990330241612], "k_pid_yaw": [0.5, 1e-06, 0.1], "k_pid_hsp": [0.0001, 0.0, 0.0], "k_pid_vsp": [400.0, 27.94504033469801, 17.712396614066115]}, "datetime": {"datetime": "2025-08-21 12:25:52", "elapsed": 13269.079256296158, "delta": 23.18304204940796}, "costs": {"total_cost": 1174.2765774030097, "time_cost": 150, "final_distance_cost": 46.18841967866965, "oscillation_cost": 0.11646121963199844, "completition_cost": 888.8888888888888, "overshoot_cost": 80.60578440195697, "power_cost": 3.181325476074219, "noise_cost": 5.295697737788234, "n_waypoints_completed": 1, "tot_waypoints": 9}}
{"target": -190.54038795251083, "params": {"k_pid_pos": [0.7773923041073907, 0.0, 0.19619997217877394], "k_pid_alt": [1.103620679286744, 0.0, 0.005519430321548634], "k_pid_att": [9.17391736490194, 0.0001, 0.7099060918334192], "k_pid_yaw": [0.5, 1e-06, 0.1], "k_pid_hsp": [0.39282658969152057, 0.021336241986704935, 0.0], "k_pid_vsp": [400.0, 1.9293297041949504, 15.665700634235806]}, "datetime": {"datetime": "2025-08-21 12:26:10", "elapsed": 13286.659721136093, "delta": 17.580464839935303}, "costs": {"total_cost": 190.54038795251083, "time_cost": 76.656, "final_distance_cost": 1.850921127793898, "oscillation_cost": 27.82796448939827, "completition_cost": 0.0, "overshoot_cost": 52.2838827653602, "power_cost": 17.644992285156253, "noise_cost": 14.2766272848022, "n_waypoints_completed": 9, "tot_waypoints": 9}}
{"target": -180.00275164324327, "params": {"k_pid_pos": [1.2084784324115496, 0.0, 0.11283912267651965], "k_pid_alt": [1.118115646281423, 0.0, 0.008919170253839414], "k_pid_att": [25.775413140096813, 0.0001, 0.6580065558369311], "k_pid_yaw": [0.5, 1e-06, 0.1], "k_pid_hsp": [0.4273327846154698, 0.0, 0.0], "k_pid_vsp": [400.0, 16.820921507673624, 15.440697366303231]}, "datetime": {"datetime": "2025-08-21 12:26:26", "elapsed": 13302.94990515709, "delta": 16.290184020996094}, "costs": {"total_cost": 180.00275164324327, "time_cost": 71.168, "final_distance_cost": 1.8243741136238516, "oscillation_cost": 31.23803541009277, "completition_cost": 0.0, "overshoot_cost": 51.274395814139055, "power_cost": 13.344329309082031, "noise_cost": 11.153616996305564, "n_waypoints_completed": 9, "tot_waypoints": 9}}
{"target": -173.3681871789651, "params": {"k_pid_pos": [1.2396733634070445, 0.0, 0.12679899448596768], "k_pid_alt": [0.8387031469889339, 0.0, 0.010543689853253619], "k_pid_att": [36.579781012306476, 0.0001, 0.5775347694777581], "k_pid_yaw": [0.5, 1e-06, 0.1], "k_pid_hsp": [0.09302427861447546, 0.004894642217513491, 0.0], "k_pid_vsp": [368.4563927192483, 1e-06, 24.78470496976624]}, "datetime": {"datetime": "2025-08-21 12:26:43", "elapsed": 13320.251681804657, "delta": 17.30177664756775}, "costs": {"total_cost": 173.3681871789651, "time_cost": 74.312, "final_distance_cost": 1.7980562249228456, "oscillation_cost": 29.75135331853998, "completition_cost": 0.0, "overshoot_cost": 53.54534299919325, "power_cost": 7.074322326660156, "noise_cost": 6.887112309648834, "n_waypoints_completed": 9, "tot_waypoints": 9}}
{"target": -183.20611214427058, "params": {"k_pid_pos": [1.103027346852255, 0.0, 0.12987570191439948], "k_pid_alt": [1.1586012401349841, 0.0, 0.004901260205551119], "k_pid_att": [3.9987021578286246, 0.0001, 0.6524298279955798], "k_pid_yaw": [0.5, 1e-06, 0.1], "k_pid_hsp": [0.19300111616596483, 0.0005645287522749592, 0.0], "k_pid_vsp": [400.0, 23.718743172413685, 19.976442252580938]}, "datetime": {"datetime": "2025-08-21 12:26:59", "elapsed": 13336.389057397842, "delta": 16.137375593185425}, "costs": {"total_cost": 183.20611214427058, "time_cost": 70.824, "final_distance_cost": 1.8225148290086002, "oscillation_cost": 28.195231360390277, "completition_cost": 0.0, "overshoot_cost": 51.80701000917283, "power_cost": 17.302686242675783, "noise_cost": 13.254669703023108, "n_waypoints_completed": 9, "tot_waypoints": 9}}
{"target": -187.13601649368965, "params": {"k_pid_pos": [1.2037212006321307, 0.0, 0.0], "k_pid_alt": [1.6207424454552946, 0.0, 0.0], "k_pid_att": [18.993470642579158, 0.0001, 0.5668071770924892], "k_pid_yaw": [0.5, 1e-06, 0.1], "k_pid_hsp": [0.35157684107741766, 0.0, 0.0], "k_pid_vsp": [395.2388083527712, 32.370951247913716, 40.25456294317519]}, "datetime": {"datetime": "2025-08-21 12:27:16", "elapsed": 13352.869604349136, "delta": 16.480546951293945}, "costs": {"total_cost": 187.13601649368965, "time_cost": 70.272, "final_distance_cost": 1.8026129807372517, "oscillation_cost": 30.59819542445847, "completition_cost": 0.0, "overshoot_cost": 51.2324144821376, "power_cost": 19.30359774169922, "noise_cost": 13.92719586465714, "n_waypoints_completed": 9, "tot_waypoints": 9}}
