{"target": -169.69446253009434, "params": {"k_pid_pos": [1.1258310738045463, 0.0, 0.13418952143242988], "k_pid_alt": [1.1155817049532037, 0.0, 0.015846036819196073], "k_pid_att": [15.64564797374895, 0.0001, 0.636631655550096], "k_pid_yaw": [0.5, 1e-06, 0.1], "k_pid_hsp": [0.12133653799929689, 0.005939824182208667, 0.0], "k_pid_vsp": [399.9866824937021, 42.27408808062265, 16.816938164626713]}, "datetime": {"datetime": "2025-08-21 17:28:28", "elapsed": 31425.234909296036, "delta": 16.539165496826172}, "costs": {"total_cost": 169.69446253009434, "time_cost": 71.368, "final_distance_cost": 1.7839332046505323, "oscillation_cost": 27.60118891681672, "completition_cost": 0.0, "overshoot_cost": 51.133592091929884, "power_cost": 9.038305895996094, "noise_cost": 8.76944242070111, "n_waypoints_completed": 9, "tot_waypoints": 9}}
{"target": -172.64492198772126, "params": {"k_pid_pos": [1.1204061970533967, 0.0, 0.13723755460030096], "k_pid_alt": [1.5914455990058434, 0.0, 0.018683787292479628], "k_pid_att": [16.492478011842753, 0.0001, 0.6613614705513078], "k_pid_yaw": [0.5, 1e-06, 0.1], "k_pid_hsp": [0.049057566618282956, 0.0, 0.0], "k_pid_vsp": [397.5822084214337, 38.53646258263876, 21.67175970698089]}, "datetime": {"datetime": "2025-08-21 17:28:47", "elapsed": 31444.311272621155, "delta": 19.07636332511902}, "costs": {"total_cost": 172.64492198772126, "time_cost": 78.08, "final_distance_cost": 1.7805570697099162, "oscillation_cost": 21.842683100406052, "completition_cost": 0.0, "overshoot_cost": 55.50010270456429, "power_cost": 7.841790686035156, "noise_cost": 7.599788427005851, "n_waypoints_completed": 9, "tot_waypoints": 9}}
{"target": -179.1465071545338, "params": {"k_pid_pos": [1.1254128767067428, 0.0, 0.13804779787217153], "k_pid_alt": [1.1739638880637646, 0.0, 0.015918269095877846], "k_pid_att": [15.345763271947904, 0.0001, 0.6369568082756469], "k_pid_yaw": [0.5, 1e-06, 0.1], "k_pid_hsp": [0.1280163447657225, 0.0029707997034548266, 0.0], "k_pid_vsp": [400.0, 43.74660050213083, 16.62555541118361]}, "datetime": {"datetime": "2025-08-21 17:29:05", "elapsed": 31461.6086871624, "delta": 17.297414541244507}, "costs": {"total_cost": 179.1465071545338, "time_cost": 71.464, "final_distance_cost": 1.783002626766075, "oscillation_cost": 27.234043909560423, "completition_cost": 0.0, "overshoot_cost": 51.527034369693865, "power_cost": 14.988506860351563, "noise_cost": 12.149919388161855, "n_waypoints_completed": 9, "tot_waypoints": 9}}
{"target": -177.02446899801626, "params": {"k_pid_pos": [1.1800590882274948, 0.0, 0.059638102762141404], "k_pid_alt": [1.0031747644683433, 0.0, 0.0], "k_pid_att": [21.93435034781626, 0.0001, 0.2752972599083231], "k_pid_yaw": [0.5, 1e-06, 0.1], "k_pid_hsp": [0.1966164584772404, 0.020671107191926788, 0.0], "k_pid_vsp": [387.5031925251349, 45.62424402580356, 25.358385420215733]}, "datetime": {"datetime": "2025-08-21 17:29:20", "elapsed": 31477.337740421295, "delta": 15.729053258895874}, "costs": {"total_cost": 177.02446899801626, "time_cost": 69.792, "final_distance_cost": 1.7936937636430965, "oscillation_cost": 31.031986343239545, "completition_cost": 0.0, "overshoot_cost": 50.5290150800534, "power_cost": 13.364650415039064, "noise_cost": 10.513123396041179, "n_waypoints_completed": 9, "tot_waypoints": 9}}
{"target": -182.5080609408714, "params": {"k_pid_pos": [1.1333183738036936, 0.0, 0.13777746472975072], "k_pid_alt": [1.1936136395665982, 0.0, 0.009638980767199453], "k_pid_att": [15.519403487068923, 0.0001, 0.38514985376808], "k_pid_yaw": [0.5, 1e-06, 0.1], "k_pid_hsp": [0.29125732621385747, 0.0031619544397595866, 0.0], "k_pid_vsp": [400.0, 30.972036530755922, 16.896238471532232]}, "datetime": {"datetime": "2025-08-21 17:29:38", "elapsed": 31494.79273223877, "delta": 17.454991817474365}, "costs": {"total_cost": 182.5080609408714, "time_cost": 70.744, "final_distance_cost": 1.8288497529418115, "oscillation_cost": 29.736099687691695, "completition_cost": 0.0, "overshoot_cost": 50.8819463734976, "power_cost": 16.539540222167968, "noise_cost": 12.777624904572315, "n_waypoints_completed": 9, "tot_waypoints": 9}}
{"target": -179.8360694906837, "params": {"k_pid_pos": [1.1204422839544874, 0.0, 0.13317336736484328], "k_pid_alt": [1.0906126652967045, 0.0, 0.014682476353545944], "k_pid_att": [15.984299254882915, 0.0001, 0.7870776944668315], "k_pid_yaw": [0.5, 1e-06, 0.1], "k_pid_hsp": [0.07926671028080656, 0.0031550760629377433, 0.0], "k_pid_vsp": [399.5770662758876, 55.28692701301324, 14.281179972204198]}, "datetime": {"datetime": "2025-08-21 17:29:55", "elapsed": 31511.61167573929, "delta": 16.8189435005188}, "costs": {"total_cost": 179.8360694906837, "time_cost": 71.952, "final_distance_cost": 1.7653770191952656, "oscillation_cost": 26.027782151530047, "completition_cost": 0.0, "overshoot_cost": 52.47949468208637, "power_cost": 15.867826989746094, "noise_cost": 11.743588648125934, "n_waypoints_completed": 9, "tot_waypoints": 9}}
{"target": -1247.9597086219767, "params": {"k_pid_pos": [1.1927556126772965, 0.0, 0.13809168649475342], "k_pid_alt": [1.2028511660614982, 0.0, 0.020953065704901852], "k_pid_att": [18.889820875124414, 0.0001, 0.7737057071668646], "k_pid_yaw": [0.5, 1e-06, 0.1], "k_pid_hsp": [0.0001, 0.0031694017552348136, 0.0], "k_pid_vsp": [400.0, 40.690886611989164, 17.43269250153391]}, "datetime": {"datetime": "2025-08-21 17:30:18", "elapsed": 31535.116719007492, "delta": 23.505043268203735}, "costs": {"total_cost": 1247.9597086219767, "time_cost": 150, "final_distance_cost": 53.99023700659147, "oscillation_cost": 0.7449697146262801, "completition_cost": 888.8888888888888, "overshoot_cost": 94.19360692421775, "power_cost": 36.47434421386719, "noise_cost": 23.667661873785484, "n_waypoints_completed": 1, "tot_waypoints": 9}}
{"target": -170.41693439718375, "params": {"k_pid_pos": [1.1282241312776686, 0.0550452755030528, 0.13786274746608668], "k_pid_alt": [1.1917317496542594, 0.0, 0.01914184276406141], "k_pid_att": [18.658092990087848, 0.11031090932980925, 0.6621332452020829], "k_pid_yaw": [0.5, 1e-06, 0.1], "k_pid_hsp": [0.18584475214986484, 0.0033568563244132325, 0.0], "k_pid_vsp": [364.03429864621796, 44.14824171918464, 17.78145210825855]}, "datetime": {"datetime": "2025-08-21 17:30:36", "elapsed": 31553.358723163605, "delta": 18.24200415611267}, "costs": {"total_cost": 170.41693439718375, "time_cost": 69.896, "final_distance_cost": 1.792775177575703, "oscillation_cost": 28.894897232435518, "completition_cost": 0.0, "overshoot_cost": 50.951016147590636, "power_cost": 9.738224829101563, "noise_cost": 9.144021010480344, "n_waypoints_completed": 9, "tot_waypoints": 9}}
{"target": -168.21662100117896, "params": {"k_pid_pos": [0.8476253072278934, 0.0, 0.1363922723555696], "k_pid_alt": [1.1851525995433323, 0.0, 0.0], "k_pid_att": [12.948708024147003, 0.0001, 0.6379455993657454], "k_pid_yaw": [0.5, 1e-06, 0.1], "k_pid_hsp": [0.12737707871056148, 0.0035598885049817697, 0.0], "k_pid_vsp": [400.0, 42.041430216717316, 14.859830017830632]}, "datetime": {"datetime": "2025-08-21 17:30:53", "elapsed": 31569.968054771423, "delta": 16.609331607818604}, "costs": {"total_cost": 168.21662100117896, "time_cost": 71.544, "final_distance_cost": 1.8315776941494168, "oscillation_cost": 24.991575060487662, "completition_cost": 0.0, "overshoot_cost": 51.5220727742619, "power_cost": 9.077580859375, "noise_cost": 9.249814612905011, "n_waypoints_completed": 9, "tot_waypoints": 9}}
{"target": -175.5903778268488, "params": {"k_pid_pos": [1.4633604415234174, 5.815733141833653e-05, 0.15288129231593098], "k_pid_alt": [1.0655517917191228, 0.0, 0.01217051666704578], "k_pid_att": [14.634598728791081, 0.0001, 0.6190044870048327], "k_pid_yaw": [0.5, 1e-06, 0.1], "k_pid_hsp": [0.26439707567365167, 0.0026540697800011078, 0.0], "k_pid_vsp": [397.16896388518785, 30.660223914260015, 12.654945337450261]}, "datetime": {"datetime": "2025-08-21 17:31:11", "elapsed": 31587.564041376114, "delta": 17.59598660469055}, "costs": {"total_cost": 175.5903778268488, "time_cost": 70.544, "final_distance_cost": 1.7853521128116965, "oscillation_cost": 30.83557459778101, "completition_cost": 0.0, "overshoot_cost": 51.22314864295562, "power_cost": 11.480518933105468, "noise_cost": 9.721783540194997, "n_waypoints_completed": 9, "tot_waypoints": 9}}
{"target": -180.4719348297364, "params": {"k_pid_pos": [1.1254493542288877, 0.0, 0.019234716225471165], "k_pid_alt": [1.168792565567482, 0.0, 0.00928165692779516], "k_pid_att": [15.132288488017709, 0.0001, 0.6393761670122347], "k_pid_yaw": [0.5, 1e-06, 0.1], "k_pid_hsp": [0.13887033463364684, 0.0037873138795040504, 0.0], "k_pid_vsp": [387.58191630857533, 1e-06, 13.818682661901313]}, "datetime": {"datetime": "2025-08-21 17:31:27", "elapsed": 31603.758935928345, "delta": 16.194894552230835}, "costs": {"total_cost": 180.4719348297364, "time_cost": 71.28, "final_distance_cost": 1.8162802523208075, "oscillation_cost": 29.088492919090825, "completition_cost": 0.0, "overshoot_cost": 51.8611947616436, "power_cost": 14.59735252685547, "noise_cost": 11.828614369825695, "n_waypoints_completed": 9, "tot_waypoints": 9}}
{"target": -202.22628251965565, "params": {"k_pid_pos": [1.114969070503777, 0.0, 0.1279781137335141], "k_pid_alt": [1.185354894079753, 0.0, 0.013266023710588772], "k_pid_att": [15.05803865410632, 0.004748291828435223, 0.6348419814966224], "k_pid_yaw": [0.5, 1e-06, 0.1], "k_pid_hsp": [0.4184564656028351, 0.003437028384522725, 0.0], "k_pid_vsp": [400.0, 42.889868100793464, 19.110567329322734]}, "datetime": {"datetime": "2025-08-21 17:31:45", "elapsed": 31621.769288539886, "delta": 18.010352611541748}, "costs": {"total_cost": 202.22628251965565, "time_cost": 74.8, "final_distance_cost": 1.849661952775803, "oscillation_cost": 30.845063350896105, "completition_cost": 0.0, "overshoot_cost": 53.5310019646322, "power_cost": 23.662896118164063, "noise_cost": 17.537659133187486, "n_waypoints_completed": 9, "tot_waypoints": 9}}
{"target": -188.6322753678063, "params": {"k_pid_pos": [1.1666029233415691, 0.0, 0.13564003920570253], "k_pid_alt": [0.6772077032021108, 0.0, 0.012267795157173985], "k_pid_att": [15.818088972762252, 0.0001, 0.619625139095454], "k_pid_yaw": [0.5, 1e-06, 0.1], "k_pid_hsp": [0.12114606408058722, 0.0022685222581718084, 0.0], "k_pid_vsp": [400.0, 30.45091930882035, 14.931956291452623]}, "datetime": {"datetime": "2025-08-21 17:32:02", "elapsed": 31639.056777238846, "delta": 17.28748869895935}, "costs": {"total_cost": 188.6322753678063, "time_cost": 73.224, "final_distance_cost": 1.8077778005940894, "oscillation_cost": 27.751579925833123, "completition_cost": 0.0, "overshoot_cost": 51.63787865594817, "power_cost": 19.66889453125, "noise_cost": 14.542144454180871, "n_waypoints_completed": 9, "tot_waypoints": 9}}
{"target": -183.90640162024957, "params": {"k_pid_pos": [1.204877946587458, 0.0, 0.14095284668619174], "k_pid_alt": [1.1971243187551743, 0.0, 0.016307996473566445], "k_pid_att": [16.775985866245648, 0.0001, 0.605452069936921], "k_pid_yaw": [0.5, 1e-06, 0.1], "k_pid_hsp": [0.21824898008840016, 0.0, 0.0], "k_pid_vsp": [400.0, 29.789041082496944, 16.541689339393553]}, "datetime": {"datetime": "2025-08-21 17:32:18", "elapsed": 31655.331779003143, "delta": 16.275001764297485}, "costs": {"total_cost": 183.90640162024957, "time_cost": 71.232, "final_distance_cost": 1.8051380669576786, "oscillation_cost": 28.627378882454064, "completition_cost": 0.0, "overshoot_cost": 51.747637536047826, "power_cost": 17.320190686035158, "noise_cost": 13.174056448754827, "n_waypoints_completed": 9, "tot_waypoints": 9}}
{"target": -182.6796991606512, "params": {"k_pid_pos": [1.1839928772029165, 0.0, 0.12610894158548216], "k_pid_alt": [1.120192934357145, 0.0, 0.008746243868501754], "k_pid_att": [17.322058575254122, 0.0001, 0.5152276868220316], "k_pid_yaw": [0.5, 1e-06, 0.1], "k_pid_hsp": [0.11298379750632886, 0.0007184611985088726, 0.0], "k_pid_vsp": [400.0, 38.84619698664154, 18.300342895960032]}, "datetime": {"datetime": "2025-08-21 17:32:37", "elapsed": 31673.488429307938, "delta": 18.15665030479431}, "costs": {"total_cost": 182.6796991606512, "time_cost": 73.88, "final_distance_cost": 1.7996438519465046, "oscillation_cost": 28.947775448761266, "completition_cost": 0.0, "overshoot_cost": 53.05564733786179, "power_cost": 13.283779406738281, "noise_cost": 11.712853115343368, "n_waypoints_completed": 9, "tot_waypoints": 9}}
{"target": -170.2859503961142, "params": {"k_pid_pos": [1.157858837383692, 0.0, 0.14203795699560445], "k_pid_alt": [1.1597203542734644, 0.0, 0.016692558311407972], "k_pid_att": [25.118551383648786, 0.0001, 0.6057487556845912], "k_pid_yaw": [0.5, 1e-06, 0.1], "k_pid_hsp": [0.24565458086443454, 0.0034099216848785985, 0.0], "k_pid_vsp": [400.0, 55.102580649955705, 17.37161686723995]}, "datetime": {"datetime": "2025-08-21 17:32:52", "elapsed": 31688.8649828434, "delta": 15.376553535461426}, "costs": {"total_cost": 170.2859503961142, "time_cost": 69.624, "final_distance_cost": 1.8313088722509296, "oscillation_cost": 30.1346017213272, "completition_cost": 0.0, "overshoot_cost": 50.532218957428114, "power_cost": 9.370932324218751, "noise_cost": 8.7928885208892, "n_waypoints_completed": 9, "tot_waypoints": 9}}
{"target": -396.77112308339093, "params": {"k_pid_pos": [1.1232848256580872, 0.0, 0.13894857287164852], "k_pid_alt": [1.1630643577926376, 0.0, 0.010946762796728184], "k_pid_att": [12.876253994829186, 0.0001, 0.6072797958012353], "k_pid_yaw": [0.5, 1e-06, 0.1], "k_pid_hsp": [0.02480538751346719, 0.003204409314591017, 0.0], "k_pid_vsp": [400.0, 20.074238880751157, 13.99748626832373]}, "datetime": {"datetime": "2025-08-21 17:33:16", "elapsed": 31712.95704102516, "delta": 24.092058181762695}, "costs": {"total_cost": 396.77112308339093, "time_cost": 150, "final_distance_cost": 28.75140387292375, "oscillation_cost": 14.59978081759091, "completition_cost": 111.11111111111116, "overshoot_cost": 64.82733355548731, "power_cost": 15.0929818359375, "noise_cost": 12.388511890340295, "n_waypoints_completed": 8, "tot_waypoints": 9}}
{"target": -170.8215359566668, "params": {"k_pid_pos": [1.136721511063656, 0.0, 0.1399399222909211], "k_pid_alt": [1.1046019606641841, 0.0, 0.0004431444594895778], "k_pid_att": [12.136028429896093, 0.0001, 0.6192393271669663], "k_pid_yaw": [0.5, 1e-06, 0.1], "k_pid_hsp": [0.09501919290507144, 0.0034867726720240523, 0.0], "k_pid_vsp": [400.0, 27.185895290504384, 17.01568445798294]}, "datetime": {"datetime": "2025-08-21 17:33:34", "elapsed": 31730.77721142769, "delta": 17.820170402526855}, "costs": {"total_cost": 170.8215359566668, "time_cost": 72.416, "final_distance_cost": 1.7745786871903717, "oscillation_cost": 26.72533984459249, "completition_cost": 0.0, "overshoot_cost": 52.24439997239775, "power_cost": 8.756984912109376, "noise_cost": 8.904232540376785, "n_waypoints_completed": 9, "tot_waypoints": 9}}
{"target": -177.16391218318074, "params": {"k_pid_pos": [1.1212700637092006, 0.0, 0.11414835339462409], "k_pid_alt": [1.1963495444583967, 0.0, 0.01034776719869333], "k_pid_att": [15.392114556656825, 0.0001, 0.5989865733848412], "k_pid_yaw": [0.5, 1e-06, 0.1], "k_pid_hsp": [0.12247338063385371, 0.0034177974258668984, 0.0], "k_pid_vsp": [400.0, 71.9044570055418, 1.7378555279721724]}, "datetime": {"datetime": "2025-08-21 17:33:50", "elapsed": 31746.533856391907, "delta": 15.75664496421814}, "costs": {"total_cost": 177.16391218318074, "time_cost": 70.848, "final_distance_cost": 1.8028499074525954, "oscillation_cost": 27.678031748224274, "completition_cost": 0.0, "overshoot_cost": 51.711273267081424, "power_cost": 13.291843212890626, "noise_cost": 11.83191404753182, "n_waypoints_completed": 9, "tot_waypoints": 9}}
{"target": -179.1643925990298, "params": {"k_pid_pos": [1.13317423695926, 0.0, 0.12409578012922125], "k_pid_alt": [1.3705197474932715, 0.0, 0.01573538904810323], "k_pid_att": [11.16761093397611, 0.0001, 0.6396525283556481], "k_pid_yaw": [0.5, 1e-06, 0.1], "k_pid_hsp": [0.12295494779117143, 0.003466804416378775, 0.0], "k_pid_vsp": [400.0, 61.26386910728152, 14.425322488910957]}, "datetime": {"datetime": "2025-08-21 17:34:07", "elapsed": 31763.806211948395, "delta": 17.272355556488037}, "costs": {"total_cost": 179.1643925990298, "time_cost": 71.336, "final_distance_cost": 1.7894470562550229, "oscillation_cost": 27.20950583645669, "completition_cost": 0.0, "overshoot_cost": 52.405084982178586, "power_cost": 14.266067321777344, "noise_cost": 12.158287402362161, "n_waypoints_completed": 9, "tot_waypoints": 9}}
{"target": -184.00444148076699, "params": {"k_pid_pos": [1.0626540807907627, 0.0, 0.13878770723171313], "k_pid_alt": [1.2222760397427157, 0.0, 0.010626326804181905], "k_pid_att": [20.178422140850447, 0.0001, 0.7088726664664489], "k_pid_yaw": [0.5, 1e-06, 0.1], "k_pid_hsp": [0.14171103116074524, 0.014666605276633691, 0.0], "k_pid_vsp": [399.9631510202802, 31.736855725041686, 19.39117830531135]}, "datetime": {"datetime": "2025-08-21 17:34:23", "elapsed": 31779.963552474976, "delta": 16.15734052658081}, "costs": {"total_cost": 184.00444148076699, "time_cost": 72.304, "final_distance_cost": 1.797104197747047, "oscillation_cost": 29.039481071178944, "completition_cost": 0.0, "overshoot_cost": 51.675536128889654, "power_cost": 16.384183825683593, "noise_cost": 12.80413625726775, "n_waypoints_completed": 9, "tot_waypoints": 9}}
{"target": -181.08985583173114, "params": {"k_pid_pos": [1.1207881983684904, 0.0, 0.13837892402564755], "k_pid_alt": [0.9624251247727902, 0.0, 0.011509488049888932], "k_pid_att": [13.987582380590846, 0.0001, 0.6194109552841998], "k_pid_yaw": [0.5, 1e-06, 0.1], "k_pid_hsp": [0.3235760889891601, 0.0025162226409971783, 0.0], "k_pid_vsp": [399.8406307578812, 16.593871608367316, 12.9730024875897]}, "datetime": {"datetime": "2025-08-21 17:34:41", "elapsed": 31797.818997383118, "delta": 17.85544490814209}, "costs": {"total_cost": 181.08985583173114, "time_cost": 71.896, "final_distance_cost": 1.8264350431520893, "oscillation_cost": 29.657763720996066, "completition_cost": 0.0, "overshoot_cost": 51.59608277557467, "power_cost": 14.412360717773439, "noise_cost": 11.70121357423489, "n_waypoints_completed": 9, "tot_waypoints": 9}}
{"target": -187.00345086254856, "params": {"k_pid_pos": [1.121502729564189, 0.0, 0.13854453402905176], "k_pid_alt": [1.1134050727769786, 0.0, 0.010401141582988889], "k_pid_att": [14.602007388820558, 0.0001, 0.646979537911472], "k_pid_yaw": [0.5, 1e-06, 0.1], "k_pid_hsp": [0.12639577121871984, 0.0038531554993577943, 0.0], "k_pid_vsp": [386.0185493181617, 68.7948485430158, 18.363778939508986]}, "datetime": {"datetime": "2025-08-21 17:34:58", "elapsed": 31814.555757284164, "delta": 16.736759901046753}, "costs": {"total_cost": 187.00345086254856, "time_cost": 70.56, "final_distance_cost": 1.7804262940843503, "oscillation_cost": 27.81759387825891, "completition_cost": 0.0, "overshoot_cost": 51.055856747244974, "power_cost": 20.685143115234375, "noise_cost": 15.104430827725935, "n_waypoints_completed": 9, "tot_waypoints": 9}}
{"target": -173.0594592461305, "params": {"k_pid_pos": [1.125194912575979, 0.0, 0.1348927668963484], "k_pid_alt": [1.2666680677950841, 0.0, 0.010212863281273866], "k_pid_att": [14.37530575940707, 0.0001, 0.6375555443137002], "k_pid_yaw": [0.5, 1e-06, 0.1], "k_pid_hsp": [0.1456418013520783, 0.003180303073523357, 0.0], "k_pid_vsp": [395.942315228202, 38.72662194188878, 18.383173386382172]}, "datetime": {"datetime": "2025-08-21 17:35:15", "elapsed": 31831.655287981033, "delta": 17.099530696868896}, "costs": {"total_cost": 173.0594592461305, "time_cost": 70.808, "final_distance_cost": 1.8009001139655003, "oscillation_cost": 27.833717557801286, "completition_cost": 0.0, "overshoot_cost": 51.173769783568005, "power_cost": 11.654018933105469, "noise_cost": 9.789052857690228, "n_waypoints_completed": 9, "tot_waypoints": 9}}
{"target": -179.18090957027331, "params": {"k_pid_pos": [1.1142903352674414, 0.0, 0.12974120353976823], "k_pid_alt": [1.2377842023483265, 0.0, 0.002579487696301274], "k_pid_att": [21.85396853044789, 0.0001, 0.6284346440801111], "k_pid_yaw": [0.5, 1e-06, 0.1], "k_pid_hsp": [0.24735135901402203, 0.0, 0.0], "k_pid_vsp": [400.0, 34.282648364516945, 41.546978894088994]}, "datetime": {"datetime": "2025-08-21 17:35:32", "elapsed": 31849.140223026276, "delta": 17.48493504524231}, "costs": {"total_cost": 179.18090957027331, "time_cost": 71.76, "final_distance_cost": 1.8206269659075667, "oscillation_cost": 29.046803871306796, "completition_cost": 0.0, "overshoot_cost": 51.99167613303043, "power_cost": 13.11651795654297, "noise_cost": 11.445284643485573, "n_waypoints_completed": 9, "tot_waypoints": 9}}
{"target": -1269.5062367126989, "params": {"k_pid_pos": [1.1782923001160888, 0.0, 0.1468312050500965], "k_pid_alt": [1.2185182043831557, 0.0, 0.019353205631287097], "k_pid_att": [0.0, 0.0001, 0.5721879544714491], "k_pid_yaw": [0.5, 1e-06, 0.1], "k_pid_hsp": [0.13792910428597727, 0.0015548994274090216, 0.0], "k_pid_vsp": [400.0, 27.68199738659888, 15.355897569063952]}, "datetime": {"datetime": "2025-08-21 17:35:55", "elapsed": 31871.49912381172, "delta": 22.358900785446167}, "costs": {"total_cost": 1269.5062367126989, "time_cost": 150, "final_distance_cost": 45.16726828637089, "oscillation_cost": 0.933234043575222, "completition_cost": 1000.0, "overshoot_cost": 11.552703839524499, "power_cost": 37.8513568359375, "noise_cost": 24.001673707290788, "n_waypoints_completed": 0, "tot_waypoints": 9}}
