{"target": -177.6833705028438, "params": {"k_pid_pos": [1.1235734102063393, 0.0, 0.1387833211043414], "k_pid_alt": [1.2140825954551706, 0.0, 0.016446072763407062], "k_pid_att": [14.847437360264408, 0.0001, 0.6400034689593656], "k_pid_yaw": [0.5, 1e-06, 0.1], "k_pid_hsp": [0.12671883978288234, 0.0028954821082928027, 0.0], "k_pid_vsp": [394.00573129132425, 22.23546556862089, 16.77929859050077]}, "datetime": {"datetime": "2025-08-21 19:37:34", "elapsed": 39171.29283308983, "delta": 17.872359037399292}, "costs": {"total_cost": 177.6833705028438, "time_cost": 71.112, "final_distance_cost": 1.8091634818887266, "oscillation_cost": 27.328102666073864, "completition_cost": 0.0, "overshoot_cost": 51.49360587279572, "power_cost": 14.066111877441408, "noise_cost": 11.874386604644048, "n_waypoints_completed": 9, "tot_waypoints": 9}}
{"target": -183.82627413699026, "params": {"k_pid_pos": [1.128812175878537, 0.0, 0.1324885142917446], "k_pid_alt": [1.1837037060554074, 0.0, 0.01489717969203117], "k_pid_att": [13.98657388833678, 0.0001, 0.6354674889603786], "k_pid_yaw": [0.5, 1e-06, 0.1], "k_pid_hsp": [0.12946914469077758, 0.0034355025964304025, 0.0], "k_pid_vsp": [400.0, 31.927850223305775, 17.689955810866692]}, "datetime": {"datetime": "2025-08-21 19:37:51", "elapsed": 39187.4881837368, "delta": 16.195350646972656}, "costs": {"total_cost": 183.82627413699026, "time_cost": 71.60000000000001, "final_distance_cost": 1.8075845505562014, "oscillation_cost": 27.506224891760187, "completition_cost": 0.0, "overshoot_cost": 51.966946753919686, "power_cost": 17.628944262695313, "noise_cost": 13.316573678058893, "n_waypoints_completed": 9, "tot_waypoints": 9}}
{"target": -169.95186935390757, "params": {"k_pid_pos": [1.0946007261793074, 0.0, 0.3386280378141164], "k_pid_alt": [1.0661171874046187, 0.0, 0.0009842378506995098], "k_pid_att": [18.30499499492188, 0.0001, 0.6407863082718686], "k_pid_yaw": [0.5, 1e-06, 0.1], "k_pid_hsp": [0.31244125509095255, 0.0026315766174325474, 0.0], "k_pid_vsp": [395.62355329700983, 8.226463120681732, 30.52937187208963]}, "datetime": {"datetime": "2025-08-21 19:38:09", "elapsed": 39205.96391582489, "delta": 18.47573208808899}, "costs": {"total_cost": 169.95186935390757, "time_cost": 72.408, "final_distance_cost": 1.8514496906736455, "oscillation_cost": 27.585889092252636, "completition_cost": 0.0, "overshoot_cost": 51.18632677812057, "power_cost": 8.571677734375001, "noise_cost": 8.348526058485728, "n_waypoints_completed": 9, "tot_waypoints": 9}}
{"target": -170.300401156508, "params": {"k_pid_pos": [1.119070834040975, 0.0, 0.23165386270146582], "k_pid_alt": [1.2062010580418911, 0.0, 0.01356467450553808], "k_pid_att": [16.643921691356052, 0.0001, 0.5894744141186301], "k_pid_yaw": [0.5, 1e-06, 0.1], "k_pid_hsp": [0.08746887762759156, 0.004048305036420427, 0.0], "k_pid_vsp": [400.0, 42.68536365076665, 14.610797499298986]}, "datetime": {"datetime": "2025-08-21 19:38:26", "elapsed": 39222.831924676895, "delta": 16.868008852005005}, "costs": {"total_cost": 170.300401156508, "time_cost": 71.56, "final_distance_cost": 1.8101369281440223, "oscillation_cost": 25.95114382904461, "completition_cost": 0.0, "overshoot_cost": 51.30059267902955, "power_cost": 10.465088854980468, "noise_cost": 9.213438865309335, "n_waypoints_completed": 9, "tot_waypoints": 9}}
{"target": -176.10693249662492, "params": {"k_pid_pos": [1.4207134340715086, 0.0, 0.10657200906016616], "k_pid_alt": [1.1929670311191878, 0.0, 0.0023049925610152825], "k_pid_att": [15.257662714831369, 0.0001, 0.6431543166512581], "k_pid_yaw": [0.5, 1e-06, 0.1], "k_pid_hsp": [0.15466319719591987, 0.0022866459250144673, 0.0], "k_pid_vsp": [400.0, 39.8834865335263, 45.098660142589125]}, "datetime": {"datetime": "2025-08-21 19:38:43", "elapsed": 39240.41962862015, "delta": 17.587703943252563}, "costs": {"total_cost": 176.10693249662492, "time_cost": 71.616, "final_distance_cost": 1.782949451678961, "oscillation_cost": 29.864518789446034, "completition_cost": 0.0, "overshoot_cost": 52.16790676000567, "power_cost": 10.92049862060547, "noise_cost": 9.755058874888787, "n_waypoints_completed": 9, "tot_waypoints": 9}}
{"target": -178.58301653372916, "params": {"k_pid_pos": [1.1187893133027733, 0.0, 0.14430104351915385], "k_pid_alt": [1.2000893427424157, 0.0, 0.015131593309813663], "k_pid_att": [19.1853307697537, 0.0001, 0.6411246116607382], "k_pid_yaw": [0.5, 1e-06, 0.1], "k_pid_hsp": [0.0688477534830162, 0.0035260666636047324, 0.0], "k_pid_vsp": [400.0, 43.954377005555564, 15.771549739932604]}, "datetime": {"datetime": "2025-08-21 19:39:01", "elapsed": 39258.15388941765, "delta": 17.73426079750061}, "costs": {"total_cost": 178.58301653372916, "time_cost": 74.816, "final_distance_cost": 1.7380966888385416, "oscillation_cost": 25.908166041629116, "completition_cost": 0.0, "overshoot_cost": 53.20925447150158, "power_cost": 12.524053625488282, "noise_cost": 10.387445706271661, "n_waypoints_completed": 9, "tot_waypoints": 9}}
{"target": -178.5738860188984, "params": {"k_pid_pos": [1.1055430871801994, 0.0, 0.07868335487075012], "k_pid_alt": [1.182933888247097, 0.0, 0.006971067786899923], "k_pid_att": [15.165857848480648, 0.0001, 0.5043598435082006], "k_pid_yaw": [0.5, 1e-06, 0.1], "k_pid_hsp": [0.1788009475809709, 0.0, 0.0], "k_pid_vsp": [400.0, 41.33203813779053, 17.461200930522125]}, "datetime": {"datetime": "2025-08-21 19:39:18", "elapsed": 39274.48840928078, "delta": 16.334519863128662}, "costs": {"total_cost": 178.5738860188984, "time_cost": 70.008, "final_distance_cost": 1.8159901393063416, "oscillation_cost": 28.65610111951462, "completition_cost": 0.0, "overshoot_cost": 50.70437539148219, "power_cost": 15.1517564453125, "noise_cost": 12.237662923282764, "n_waypoints_completed": 9, "tot_waypoints": 9}}
{"target": -181.32406720284646, "params": {"k_pid_pos": [1.1186012608346738, 0.0, 0.13773189135601369], "k_pid_alt": [1.1874868250394548, 0.0, 0.01670707181291814], "k_pid_att": [13.767069221173633, 0.0001, 0.626370725411736], "k_pid_yaw": [0.5, 1e-06, 0.1], "k_pid_hsp": [0.2425388796956402, 0.003391950423986607, 0.0], "k_pid_vsp": [400.0, 35.25620225269848, 18.80652468888101]}, "datetime": {"datetime": "2025-08-21 19:39:35", "elapsed": 39292.06987333298, "delta": 17.581464052200317}, "costs": {"total_cost": 181.32406720284646, "time_cost": 70.432, "final_distance_cost": 1.8221907876115722, "oscillation_cost": 29.294854125808634, "completition_cost": 0.0, "overshoot_cost": 51.1515197969962, "power_cost": 15.992816247558595, "noise_cost": 12.63068624487144, "n_waypoints_completed": 9, "tot_waypoints": 9}}
{"target": -179.73546383948155, "params": {"k_pid_pos": [1.1234108384943022, 0.0, 0.13337695898409882], "k_pid_alt": [1.1869879958124379, 0.0, 0.01571031983915188], "k_pid_att": [15.302505686086679, 0.0001, 0.6382895919862319], "k_pid_yaw": [0.5, 1e-06, 0.1], "k_pid_hsp": [0.12800635999311566, 0.0014209340717427207, 0.0], "k_pid_vsp": [400.0, 44.74142404730594, 17.040799741611053]}, "datetime": {"datetime": "2025-08-21 19:39:52", "elapsed": 39308.59725475311, "delta": 16.527381420135498}, "costs": {"total_cost": 179.73546383948155, "time_cost": 70.224, "final_distance_cost": 1.821236629842479, "oscillation_cost": 27.627757546304696, "completition_cost": 0.0, "overshoot_cost": 51.35156207912268, "power_cost": 15.861557238769532, "noise_cost": 12.849350345442165, "n_waypoints_completed": 9, "tot_waypoints": 9}}
{"target": -176.78361497015325, "params": {"k_pid_pos": [1.1045572182952843, 0.0, 0.12812561295958774], "k_pid_alt": [1.4873419485168693, 0.0, 0.01580533827289728], "k_pid_att": [13.911153731952231, 0.0001, 0.6560837019095184], "k_pid_yaw": [0.5, 1e-06, 0.1], "k_pid_hsp": [0.13673088880436723, 0.005895094808327903, 0.0], "k_pid_vsp": [396.5215787601682, 56.005096055503344, 17.801575968495307]}, "datetime": {"datetime": "2025-08-21 19:40:09", "elapsed": 39326.413823604584, "delta": 17.816568851470947}, "costs": {"total_cost": 176.78361497015325, "time_cost": 70.176, "final_distance_cost": 1.8098284816575456, "oscillation_cost": 27.88279234403613, "completition_cost": 0.0, "overshoot_cost": 51.31495824025666, "power_cost": 14.084847985839845, "noise_cost": 11.515187918363058, "n_waypoints_completed": 9, "tot_waypoints": 9}}
{"target": -184.50818555129146, "params": {"k_pid_pos": [1.1240200302600731, 0.0, 0.13882544568504232], "k_pid_alt": [1.1861764273521076, 0.0, 0.01594325117122433], "k_pid_att": [15.308382696770943, 0.0001, 0.6367534395419223], "k_pid_yaw": [0.5, 1e-06, 0.1], "k_pid_hsp": [0.12770489985936925, 0.0038313760663120262, 0.0], "k_pid_vsp": [400.0, 43.86046757242802, 17.141826306130714]}, "datetime": {"datetime": "2025-08-21 19:40:25", "elapsed": 39342.10600280762, "delta": 15.692179203033447}, "costs": {"total_cost": 184.50818555129146, "time_cost": 70.768, "final_distance_cost": 1.790230298706892, "oscillation_cost": 27.62081160565397, "completition_cost": 0.0, "overshoot_cost": 51.23950912467077, "power_cost": 19.102138122558596, "noise_cost": 13.987496399701259, "n_waypoints_completed": 9, "tot_waypoints": 9}}
{"target": -1208.6809277543498, "params": {"k_pid_pos": [1.1289245018658838, 0.0, 0.0], "k_pid_alt": [0.7548376600415715, 0.0, 0.009790533545853977], "k_pid_att": [0.0, 0.0001, 0.3744905265512298], "k_pid_yaw": [0.5, 1e-06, 0.1], "k_pid_hsp": [0.0001, 0.0077066646500275416, 0.0], "k_pid_vsp": [353.18068259346893, 33.90827399976308, 15.905524934184927]}, "datetime": {"datetime": "2025-08-21 19:40:50", "elapsed": 39367.00289607048, "delta": 24.89689326286316}, "costs": {"total_cost": 1208.6809277543498, "time_cost": 150, "final_distance_cost": 60.034875266016336, "oscillation_cost": 1.3502070796130954, "completition_cost": 888.8888888888888, "overshoot_cost": 100.28883298102865, "power_cost": 3.010357946777344, "noise_cost": 5.107765592025452, "n_waypoints_completed": 1, "tot_waypoints": 9}}
{"target": -179.61426396677783, "params": {"k_pid_pos": [1.122939437247076, 0.0, 0.13680065626452], "k_pid_alt": [1.1615262085411808, 0.0, 0.007521852525461421], "k_pid_att": [14.856476399024608, 0.0001, 0.5781706701502126], "k_pid_yaw": [0.5, 1e-06, 0.1], "k_pid_hsp": [0.15200991650615384, 0.0034560717280001873, 0.0], "k_pid_vsp": [400.0, 37.1826491725196, 17.947158485447503]}, "datetime": {"datetime": "2025-08-21 19:41:07", "elapsed": 39384.04671239853, "delta": 17.043816328048706}, "costs": {"total_cost": 179.61426396677783, "time_cost": 70.48, "final_distance_cost": 1.8182955961701457, "oscillation_cost": 28.0849635227776, "completition_cost": 0.0, "overshoot_cost": 51.571717929053655, "power_cost": 15.7894076171875, "noise_cost": 11.869879301588918, "n_waypoints_completed": 9, "tot_waypoints": 9}}
{"target": -184.59019467716328, "params": {"k_pid_pos": [1.1207431941691113, 0.0, 0.13024110711540082], "k_pid_alt": [1.1803236612257137, 0.0, 0.015963313049855214], "k_pid_att": [15.32612032202205, 0.0001, 0.788655504814992], "k_pid_yaw": [0.5, 1e-06, 0.1], "k_pid_hsp": [0.3594054461779921, 0.0023250507006110244, 0.0], "k_pid_vsp": [399.8464126374057, 6.194836394876955, 18.442734645710008]}, "datetime": {"datetime": "2025-08-21 19:41:23", "elapsed": 39400.295447826385, "delta": 16.248735427856445}, "costs": {"total_cost": 184.59019467716328, "time_cost": 71.32000000000001, "final_distance_cost": 1.8374306643416136, "oscillation_cost": 30.000006509149507, "completition_cost": 0.0, "overshoot_cost": 50.98150062892173, "power_cost": 16.922193786621094, "noise_cost": 13.529063088129336, "n_waypoints_completed": 9, "tot_waypoints": 9}}
{"target": -183.37198835959524, "params": {"k_pid_pos": [1.339642287933668, 0.0, 0.1278542242941433], "k_pid_alt": [1.2056134022775729, 0.0, 0.01365718589908453], "k_pid_att": [15.499277646053343, 0.0001, 0.7951883103853437], "k_pid_yaw": [0.5, 1e-06, 0.1], "k_pid_hsp": [0.3157009224916666, 0.0030346386549596864, 0.0], "k_pid_vsp": [400.0, 39.199149790485215, 17.483471049633593]}, "datetime": {"datetime": "2025-08-21 19:41:41", "elapsed": 39418.41015481949, "delta": 18.114706993103027}, "costs": {"total_cost": 183.37198835959524, "time_cost": 69.544, "final_distance_cost": 1.813011950719671, "oscillation_cost": 31.964893153728884, "completition_cost": 0.0, "overshoot_cost": 50.51318505817214, "power_cost": 16.60863709716797, "noise_cost": 12.928261099806573, "n_waypoints_completed": 9, "tot_waypoints": 9}}
{"target": -191.58610037220342, "params": {"k_pid_pos": [1.127813424690535, 0.07023913851531137, 0.13819305521129782], "k_pid_alt": [1.1915555456870273, 0.0, 0.017236582371106854], "k_pid_att": [17.990586946839986, 0.0001, 0.6505736916617928], "k_pid_yaw": [0.5, 1e-06, 0.1], "k_pid_hsp": [0.05358920043868404, 0.0032986834288158164, 0.0], "k_pid_vsp": [384.34768616047575, 44.089397088280634, 17.86138329316074]}, "datetime": {"datetime": "2025-08-21 19:41:59", "elapsed": 39436.290937662125, "delta": 17.88078284263611}, "costs": {"total_cost": 191.58610037220342, "time_cost": 77.96000000000001, "final_distance_cost": 1.7691673468673867, "oscillation_cost": 24.281578202430968, "completition_cost": 0.0, "overshoot_cost": 54.3671334270415, "power_cost": 18.56322293701172, "noise_cost": 14.644998458851822, "n_waypoints_completed": 9, "tot_waypoints": 9}}
{"target": -162.97787272242203, "params": {"k_pid_pos": [1.131289917427776, 0.0, 0.06859665706274988], "k_pid_alt": [1.2164453777601876, 0.0, 0.0], "k_pid_att": [13.649117992399844, 0.0001, 0.6401592033448418], "k_pid_yaw": [0.5, 1e-06, 0.1], "k_pid_hsp": [0.12572431163865597, 0.0032710545910644173, 0.0], "k_pid_vsp": [400.0, 28.330194779394105, 18.303526833826723]}, "datetime": {"datetime": "2025-08-21 19:42:17", "elapsed": 39453.83865022659, "delta": 17.547712564468384}, "costs": {"total_cost": 162.97787272242203, "time_cost": 70.64, "final_distance_cost": 1.7696676894536187, "oscillation_cost": 28.099905137800665, "completition_cost": 0.0, "overshoot_cost": 50.87205394425739, "power_cost": 5.570092651367188, "noise_cost": 6.0261532995431795, "n_waypoints_completed": 9, "tot_waypoints": 9}}
{"target": -175.95731982455868, "params": {"k_pid_pos": [1.2079098342674037, 0.0, 0.1218215890301551], "k_pid_alt": [0.9889033063761027, 0.0, 0.0045606722398139395], "k_pid_att": [15.1360400362933, 0.0001, 0.6138029874007079], "k_pid_yaw": [0.5, 1e-06, 0.1], "k_pid_hsp": [0.16579360434561774, 0.0035386389700582162, 0.0], "k_pid_vsp": [395.4096599110972, 10.326077319814026, 15.897232291717929]}, "datetime": {"datetime": "2025-08-21 19:42:34", "elapsed": 39470.66806268692, "delta": 16.82941246032715}, "costs": {"total_cost": 175.95731982455868, "time_cost": 70.944, "final_distance_cost": 1.804263258300959, "oscillation_cost": 29.14573898247778, "completition_cost": 0.0, "overshoot_cost": 50.63200931987128, "power_cost": 12.664510815429688, "noise_cost": 10.766797448478973, "n_waypoints_completed": 9, "tot_waypoints": 9}}
{"target": -172.56583798260587, "params": {"k_pid_pos": [1.1235663320171834, 0.0, 0.022451189889642703], "k_pid_alt": [1.1930463082726173, 0.0, 0.015266181353046538], "k_pid_att": [15.25927877235224, 0.0001, 0.6553784290562468], "k_pid_yaw": [0.5, 1e-06, 0.1], "k_pid_hsp": [0.1324196783184725, 0.003252396638508951, 0.0], "k_pid_vsp": [385.2655793672662, 44.86688986425154, 15.38823380461751]}, "datetime": {"datetime": "2025-08-21 19:42:50", "elapsed": 39487.36715865135, "delta": 16.699095964431763}, "costs": {"total_cost": 172.56583798260587, "time_cost": 69.992, "final_distance_cost": 1.8064542771487635, "oscillation_cost": 28.835784269665925, "completition_cost": 0.0, "overshoot_cost": 50.97491427966939, "power_cost": 11.138180529785156, "noise_cost": 9.818504626336617, "n_waypoints_completed": 9, "tot_waypoints": 9}}
{"target": -189.65418872668923, "params": {"k_pid_pos": [1.112817091990146, 0.0, 0.1271779426841672], "k_pid_alt": [1.42274195149567, 0.0, 0.014073348419672116], "k_pid_att": [14.915441944862897, 0.005999384250545818, 0.6277102861144298], "k_pid_yaw": [0.5, 1e-06, 0.1], "k_pid_hsp": [0.6502417842737908, 0.003387089431220505, 0.0], "k_pid_vsp": [400.0, 43.29690134510692, 18.64331250480043]}, "datetime": {"datetime": "2025-08-21 19:43:08", "elapsed": 39504.90130829811, "delta": 17.534149646759033}, "costs": {"total_cost": 189.65418872668923, "time_cost": 70.728, "final_distance_cost": 1.8371197235906986, "oscillation_cost": 31.232551827320563, "completition_cost": 0.0, "overshoot_cost": 51.08279884596445, "power_cost": 19.86221756591797, "noise_cost": 14.911500763895573, "n_waypoints_completed": 9, "tot_waypoints": 9}}
{"target": -187.12467583686404, "params": {"k_pid_pos": [1.1695374196427837, 0.0, 0.1267683137675934], "k_pid_alt": [1.2058579706587884, 0.0, 0.01641279478425273], "k_pid_att": [15.433393564692553, 0.0001, 0.6335100142299953], "k_pid_yaw": [0.5, 1e-06, 0.1], "k_pid_hsp": [0.12397799707284911, 0.0029087993760890368, 0.0], "k_pid_vsp": [397.6099369074533, 44.43825863868216, 16.244348723489857]}, "datetime": {"datetime": "2025-08-21 19:43:24", "elapsed": 39521.11541080475, "delta": 16.214102506637573}, "costs": {"total_cost": 187.12467583686404, "time_cost": 71.016, "final_distance_cost": 1.7744565616849144, "oscillation_cost": 27.860948003478438, "completition_cost": 0.0, "overshoot_cost": 51.35068760624141, "power_cost": 20.1776634765625, "noise_cost": 14.944920188896763, "n_waypoints_completed": 9, "tot_waypoints": 9}}
{"target": -1105.8574923937317, "params": {"k_pid_pos": [1.2375559979430344, 0.0, 0.1383710441492548], "k_pid_alt": [1.188174231001829, 0.0, 0.014979390067141274], "k_pid_att": [0.0, 0.0001, 0.6251513545464785], "k_pid_yaw": [0.5, 1e-06, 0.1], "k_pid_hsp": [0.1852803955843317, 0.002500543345017414, 0.0], "k_pid_vsp": [400.0, 36.790788985039626, 17.65523204725128]}, "datetime": {"datetime": "2025-08-21 19:43:49", "elapsed": 39546.08658719063, "delta": 24.971176385879517}, "costs": {"total_cost": 1105.8574923937317, "time_cost": 150, "final_distance_cost": 45.20119559700783, "oscillation_cost": 0.9071439469161108, "completition_cost": 888.8888888888888, "overshoot_cost": 13.382719642320383, "power_cost": 2.7797682739257814, "noise_cost": 4.6977760446727705, "n_waypoints_completed": 1, "tot_waypoints": 9}}
{"target": -169.08078820992392, "params": {"k_pid_pos": [1.1293539791545788, 0.0, 0.1365959031747528], "k_pid_alt": [1.2503710773456362, 0.0, 0.014346782639266866], "k_pid_att": [15.967470613321467, 0.0001, 0.6553326791805412], "k_pid_yaw": [0.5, 1e-06, 0.1], "k_pid_hsp": [0.13936974858451945, 0.0, 0.0], "k_pid_vsp": [400.0, 29.462318130804313, 18.0303547443579]}, "datetime": {"datetime": "2025-08-21 19:44:06", "elapsed": 39562.69108915329, "delta": 16.604501962661743}, "costs": {"total_cost": 169.08078820992392, "time_cost": 70.384, "final_distance_cost": 1.801990780267426, "oscillation_cost": 27.715837725604462, "completition_cost": 0.0, "overshoot_cost": 51.1081384860093, "power_cost": 9.787154821777344, "noise_cost": 8.283666396265394, "n_waypoints_completed": 9, "tot_waypoints": 9}}
{"target": -186.32849333013135, "params": {"k_pid_pos": [1.032865599668619, 0.0, 0.14063368028034764], "k_pid_alt": [1.1503709681048686, 0.0, 0.01603070164164267], "k_pid_att": [24.272937125966216, 0.0001, 0.6351662724931696], "k_pid_yaw": [0.5, 1e-06, 0.1], "k_pid_hsp": [0.12237899021212367, 0.0033675631196223186, 0.0], "k_pid_vsp": [400.0, 47.73195395049035, 17.032173204023586]}, "datetime": {"datetime": "2025-08-21 19:44:23", "elapsed": 39580.102779626846, "delta": 17.41169047355652}, "costs": {"total_cost": 186.32849333013135, "time_cost": 70.592, "final_distance_cost": 1.7943568236973686, "oscillation_cost": 27.693327842518517, "completition_cost": 0.0, "overshoot_cost": 51.196289453008106, "power_cost": 19.95783905029297, "noise_cost": 15.09468016061441, "n_waypoints_completed": 9, "tot_waypoints": 9}}
{"target": -186.17933960010845, "params": {"k_pid_pos": [1.1170099287926079, 0.0, 0.13259229446730697], "k_pid_alt": [1.0756107414346756, 0.0, 0.01913142526722091], "k_pid_att": [12.253019228468602, 0.0001, 0.6125949931755675], "k_pid_yaw": [0.5, 1e-06, 0.1], "k_pid_hsp": [0.12940975681913428, 0.003560147221328117, 0.0], "k_pid_vsp": [400.0, 43.73009160246113, 15.010598690416227]}, "datetime": {"datetime": "2025-08-21 19:44:40", "elapsed": 39597.123730659485, "delta": 17.02095103263855}, "costs": {"total_cost": 186.17933960010845, "time_cost": 72.952, "final_distance_cost": 1.793090325890639, "oscillation_cost": 28.926516997133813, "completition_cost": 0.0, "overshoot_cost": 51.72881684137167, "power_cost": 17.32500417480469, "noise_cost": 13.453911260907622, "n_waypoints_completed": 9, "tot_waypoints": 9}}
{"target": -184.86184199727737, "params": {"k_pid_pos": [1.1335558470181237, 0.0, 0.14035295928175048], "k_pid_alt": [1.1540531055309775, 0.0, 0.0], "k_pid_att": [13.252894426640264, 0.0001, 0.6359572195546096], "k_pid_yaw": [0.5, 1e-06, 0.1], "k_pid_hsp": [0.11114009963656844, 0.001633162973141652, 0.0], "k_pid_vsp": [400.0, 48.88854829607797, 17.511994478049495]}, "datetime": {"datetime": "2025-08-21 19:44:58", "elapsed": 39614.850833654404, "delta": 17.727102994918823}, "costs": {"total_cost": 184.86184199727737, "time_cost": 70.568, "final_distance_cost": 1.80603226181657, "oscillation_cost": 27.301751999285102, "completition_cost": 0.0, "overshoot_cost": 51.01658368839442, "power_cost": 19.410972021484376, "noise_cost": 14.758502026296908, "n_waypoints_completed": 9, "tot_waypoints": 9}}
