{"target": -199.3470543703568, "params": {"k_pid_pos": [1.1939092853409905, 0.09334326708445836, 0.1192183354795825], "k_pid_alt": [0.929800266580646, 0.0, 0.0019438011214464902], "k_pid_att": [17.98799883340144, 0.6930614300069343, 0.5378905038577664], "k_pid_yaw": [0.5, 1e-06, 0.1], "k_pid_hsp": [0.7487309409053031, 0.0, 0.0], "k_pid_vsp": [400.0, 19.81556520540095, 9.610843175791619]}, "datetime": {"datetime": "2025-08-21 11:53:07", "elapsed": 11304.041188955307, "delta": 17.990398406982422}, "costs": {"total_cost": 199.3470543703568, "time_cost": 75.024, "final_distance_cost": 1.8137206523156408, "oscillation_cost": 32.054071755934906, "completition_cost": 0.0, "overshoot_cost": 52.92060570775811, "power_cost": 21.420855090332033, "noise_cost": 16.113801164016113, "n_waypoints_completed": 9, "tot_waypoints": 9}}
{"target": -172.02543042615565, "params": {"k_pid_pos": [1.34801347355016, 0.0, 0.06884083805254532], "k_pid_alt": [0.8145310058132296, 0.0, 0.0], "k_pid_att": [44.8865426464175, 0.0001, 0.21102064985280078], "k_pid_yaw": [0.5, 1e-06, 0.1], "k_pid_hsp": [0.6857046918694394, 0.0, 0.0], "k_pid_vsp": [400.0, 7.687771207661692, 24.1777849051853]}, "datetime": {"datetime": "2025-08-21 11:53:24", "elapsed": 11320.456101894379, "delta": 16.414912939071655}, "costs": {"total_cost": 172.02543042615565, "time_cost": 71.176, "final_distance_cost": 1.8285412963480119, "oscillation_cost": 32.960199423761374, "completition_cost": 0.0, "overshoot_cost": 51.21590090040988, "power_cost": 7.5186555908203125, "noise_cost": 7.326133214816077, "n_waypoints_completed": 9, "tot_waypoints": 9}}
{"target": -1230.400664524978, "params": {"k_pid_pos": [1.5293322932306077, 0.021615852477864052, 0.20162260710929608], "k_pid_alt": [0.8509312237213745, 0.0, 0.0], "k_pid_att": [6.157885779384181, 0.2772908651198268, 0.5611016684354626], "k_pid_yaw": [0.5, 1e-06, 0.1], "k_pid_hsp": [0.0001, 0.0, 0.0], "k_pid_vsp": [400.0, 12.517030310488053, 16.882211103065714]}, "datetime": {"datetime": "2025-08-21 11:53:46", "elapsed": 11343.419519424438, "delta": 22.963417530059814}, "costs": {"total_cost": 1230.400664524978, "time_cost": 150, "final_distance_cost": 46.5745333494137, "oscillation_cost": 0.3349966170027234, "completition_cost": 888.8888888888888, "overshoot_cost": 84.25982979929228, "power_cost": 36.64724008789063, "noise_cost": 23.69517578248999, "n_waypoints_completed": 1, "tot_waypoints": 9}}
{"target": -185.2621110393888, "params": {"k_pid_pos": [1.191824213208359, 0.0, 0.0007926341015421362], "k_pid_alt": [1.1497017617329688, 0.000926713586767147, 0.0071668238234974336], "k_pid_att": [20.27075640171033, 0.0001, 0.4387431487441504], "k_pid_yaw": [0.5, 1e-06, 0.1], "k_pid_hsp": [0.27254678809415633, 0.023429630695442846, 0.0], "k_pid_vsp": [397.73798824589755, 8.682197967632415, 42.41062934106119]}, "datetime": {"datetime": "2025-08-21 11:54:03", "elapsed": 11359.516873836517, "delta": 16.097354412078857}, "costs": {"total_cost": 185.2621110393888, "time_cost": 70.4, "final_distance_cost": 1.800883884395807, "oscillation_cost": 31.088105673427073, "completition_cost": 0.0, "overshoot_cost": 51.64197397759864, "power_cost": 17.40320340576172, "noise_cost": 12.927944098205556, "n_waypoints_completed": 9, "tot_waypoints": 9}}
{"target": -168.11955765583429, "params": {"k_pid_pos": [1.119716769102925, 0.0, 0.07139682472768583], "k_pid_alt": [1.3373778631703104, 0.0, 0.011190285503477549], "k_pid_att": [23.310909509307805, 0.008284134186356828, 0.6461530538626292], "k_pid_yaw": [0.5, 1e-06, 0.1], "k_pid_hsp": [0.3482412705555964, 0.0, 0.0], "k_pid_vsp": [400.0, 23.03071970072767, 18.11527725148092]}, "datetime": {"datetime": "2025-08-21 11:54:19", "elapsed": 11375.859661340714, "delta": 16.342787504196167}, "costs": {"total_cost": 168.11955765583429, "time_cost": 70.032, "final_distance_cost": 1.8364447093966494, "oscillation_cost": 31.055130713905832, "completition_cost": 0.0, "overshoot_cost": 50.40283120607941, "power_cost": 7.473028112792969, "noise_cost": 7.320122913659407, "n_waypoints_completed": 9, "tot_waypoints": 9}}
{"target": -172.47533875217118, "params": {"k_pid_pos": [1.1415071024202021, 0.009990328936828007, 0.2296188748179793], "k_pid_alt": [1.1814774747534496, 0.0, 0.0012999452371031108], "k_pid_att": [18.599487500587955, 0.0001, 0.6219904408791086], "k_pid_yaw": [0.5, 1e-06, 0.1], "k_pid_hsp": [0.17179275559481488, 0.0, 0.0], "k_pid_vsp": [395.2516187798871, 23.390924456930648, 1e-06]}, "datetime": {"datetime": "2025-08-21 11:54:39", "elapsed": 11396.176331996918, "delta": 20.316670656204224}, "costs": {"total_cost": 172.47533875217118, "time_cost": 70.888, "final_distance_cost": 1.8200785923049712, "oscillation_cost": 27.56690410620655, "completition_cost": 0.0, "overshoot_cost": 51.36820858882463, "power_cost": 10.41693338623047, "noise_cost": 10.415214078604556, "n_waypoints_completed": 9, "tot_waypoints": 9}}
{"target": -179.38403728262287, "params": {"k_pid_pos": [0.960505480232241, 0.0, 0.02854910515935047], "k_pid_alt": [0.977324332772417, 0.0, 0.002287386511880018], "k_pid_att": [36.92598395619009, 0.0001, 0.6880474422801259], "k_pid_yaw": [0.5, 1e-06, 0.1], "k_pid_hsp": [0.3222557865891136, 0.005802323468890768, 0.0], "k_pid_vsp": [400.0, 19.547524529408015, 13.572720576012555]}, "datetime": {"datetime": "2025-08-21 11:54:57", "elapsed": 11413.902202367783, "delta": 17.725870370864868}, "costs": {"total_cost": 179.38403728262287, "time_cost": 70.824, "final_distance_cost": 1.8343969153530753, "oscillation_cost": 31.224959663875023, "completition_cost": 0.0, "overshoot_cost": 50.45382564142528, "power_cost": 13.550578295898438, "noise_cost": 11.496276766071011, "n_waypoints_completed": 9, "tot_waypoints": 9}}
{"target": -187.27493907398642, "params": {"k_pid_pos": [1.2889073417287202, 0.0, 0.13340249479275157], "k_pid_alt": [0.7004855929364151, 0.0, 0.007873350981331143], "k_pid_att": [16.804914391910007, 0.0001, 0.8273880495866294], "k_pid_yaw": [0.5, 1e-06, 0.1], "k_pid_hsp": [0.13729702068835803, 0.0, 0.0], "k_pid_vsp": [400.0, 39.902653197829835, 31.173007538644946]}, "datetime": {"datetime": "2025-08-21 11:55:14", "elapsed": 11430.634685754776, "delta": 16.732483386993408}, "costs": {"total_cost": 187.27493907398642, "time_cost": 73.152, "final_distance_cost": 1.8132144601345916, "oscillation_cost": 28.35282817290069, "completition_cost": 0.0, "overshoot_cost": 51.75482601198551, "power_cost": 18.261292724609376, "noise_cost": 13.940777704356268, "n_waypoints_completed": 9, "tot_waypoints": 9}}
{"target": -1222.2066032947766, "params": {"k_pid_pos": [0.9845266224070413, 0.0, 0.1406134845930827], "k_pid_alt": [0.715479996849415, 0.0, 0.009907446877932553], "k_pid_att": [18.209734471910856, 0.06875844644940611, 0.7868562508118929], "k_pid_yaw": [0.5, 1e-06, 0.1], "k_pid_hsp": [0.0001, 0.0, 0.0], "k_pid_vsp": [236.3220699590552, 35.01440865921617, 12.45228590241553]}, "datetime": {"datetime": "2025-08-21 11:55:37", "elapsed": 11453.66367149353, "delta": 23.028985738754272}, "costs": {"total_cost": 1222.2066032947766, "time_cost": 150, "final_distance_cost": 45.98149357568945, "oscillation_cost": 1.489540692298179, "completition_cost": 888.8888888888888, "overshoot_cost": 77.93508575415288, "power_cost": 34.905328771972655, "noise_cost": 23.00626561177473, "n_waypoints_completed": 1, "tot_waypoints": 9}}
{"target": -181.347053688086, "params": {"k_pid_pos": [1.0735973787017095, 0.0, 0.11592824194906691], "k_pid_alt": [1.1012438731505412, 0.0, 0.012251535183737377], "k_pid_att": [19.1479965999964, 0.0001, 0.5730753575473794], "k_pid_yaw": [0.5, 1e-06, 0.1], "k_pid_hsp": [0.34592288691099227, 0.0, 0.0], "k_pid_vsp": [400.0, 25.30675258338919, 20.22476987697822]}, "datetime": {"datetime": "2025-08-21 11:55:53", "elapsed": 11469.914921283722, "delta": 16.25124979019165}, "costs": {"total_cost": 181.347053688086, "time_cost": 71.232, "final_distance_cost": 1.8380595066562917, "oscillation_cost": 29.07485005219131, "completition_cost": 0.0, "overshoot_cost": 51.60440217669727, "power_cost": 14.941295104980469, "noise_cost": 12.656446847560671, "n_waypoints_completed": 9, "tot_waypoints": 9}}
{"target": -175.4790827357938, "params": {"k_pid_pos": [1.1522881887982335, 0.0, 0.06028384175616873], "k_pid_alt": [1.2085057878115637, 0.0, 0.0035520785350531474], "k_pid_att": [19.581363632295876, 0.0001, 0.6676944972360861], "k_pid_yaw": [0.5, 1e-06, 0.1], "k_pid_hsp": [0.3317314172571363, 0.0, 0.0], "k_pid_vsp": [400.0, 54.49963118898626, 22.80833132026538]}, "datetime": {"datetime": "2025-08-21 11:56:09", "elapsed": 11485.927995204926, "delta": 16.013073921203613}, "costs": {"total_cost": 175.4790827357938, "time_cost": 69.728, "final_distance_cost": 1.8172668980962987, "oscillation_cost": 30.703534442865823, "completition_cost": 0.0, "overshoot_cost": 50.114921508969346, "power_cost": 12.475467102050782, "noise_cost": 10.639892783811591, "n_waypoints_completed": 9, "tot_waypoints": 9}}
{"target": -182.79628680996416, "params": {"k_pid_pos": [1.132501313884433, 0.0, 0.22220943118166228], "k_pid_alt": [1.034830328122298, 0.0, 0.01018699863696264], "k_pid_att": [26.038597800351457, 0.0001, 0.5263542299144709], "k_pid_yaw": [0.5, 1e-06, 0.1], "k_pid_hsp": [0.4631501281213248, 0.0007848785841230201, 0.0], "k_pid_vsp": [383.1503832078407, 21.54888924468671, 22.283514855191388]}, "datetime": {"datetime": "2025-08-21 11:56:26", "elapsed": 11502.844946622849, "delta": 16.916951417922974}, "costs": {"total_cost": 182.79628680996416, "time_cost": 72.528, "final_distance_cost": 1.8431632973322472, "oscillation_cost": 29.773018033425085, "completition_cost": 0.0, "overshoot_cost": 51.43104934031728, "power_cost": 14.815620605468752, "noise_cost": 12.4054355334208, "n_waypoints_completed": 9, "tot_waypoints": 9}}
{"target": -191.00723229363217, "params": {"k_pid_pos": [1.0431906663198394, 0.0, 0.038991124306822875], "k_pid_alt": [1.0499171881746805, 0.0, 0.006489421123042538], "k_pid_att": [17.75475890541395, 0.0001, 0.6494410188539128], "k_pid_yaw": [0.5, 1e-06, 0.1], "k_pid_hsp": [0.49945483104683447, 0.0, 0.0], "k_pid_vsp": [400.0, 24.829266147220615, 14.604819086830876]}, "datetime": {"datetime": "2025-08-21 11:56:42", "elapsed": 11519.23687171936, "delta": 16.39192509651184}, "costs": {"total_cost": 191.00723229363217, "time_cost": 71.624, "final_distance_cost": 1.844526014115484, "oscillation_cost": 30.463601161467967, "completition_cost": 0.0, "overshoot_cost": 51.23930323640057, "power_cost": 20.506060119628906, "noise_cost": 15.32974176201924, "n_waypoints_completed": 9, "tot_waypoints": 9}}
{"target": -184.16216812811982, "params": {"k_pid_pos": [0.7533202629695985, 0.0, 0.09580072345822255], "k_pid_alt": [1.1378012778611888, 0.0, 0.008222013927808455], "k_pid_att": [10.743283030070213, 0.0001, 0.23634527943320194], "k_pid_yaw": [0.5, 1e-06, 0.1], "k_pid_hsp": [0.7602441540864657, 0.00366590659223974, 0.0], "k_pid_vsp": [398.01289387082903, 27.74239473504603, 6.656077236811794]}, "datetime": {"datetime": "2025-08-21 11:56:59", "elapsed": 11536.34671330452, "delta": 17.1098415851593}, "costs": {"total_cost": 184.16216812811982, "time_cost": 75.168, "final_distance_cost": 1.8479714889824526, "oscillation_cost": 29.545647735371773, "completition_cost": 0.0, "overshoot_cost": 50.996261231699485, "power_cost": 13.643875085449219, "noise_cost": 12.960412586616876, "n_waypoints_completed": 9, "tot_waypoints": 9}}
{"target": -179.00817216142136, "params": {"k_pid_pos": [1.126474845736533, 0.0, 0.17009226909166383], "k_pid_alt": [0.9826977924700417, 0.0, 0.007245008111298447], "k_pid_att": [13.097645537302148, 0.0001, 0.6117883030793405], "k_pid_yaw": [0.5, 1e-06, 0.1], "k_pid_hsp": [0.7292506310598204, 0.0, 0.0], "k_pid_vsp": [400.0, 45.04496557265459, 15.431546143276911]}, "datetime": {"datetime": "2025-08-21 11:57:16", "elapsed": 11552.540387392044, "delta": 16.193674087524414}, "costs": {"total_cost": 179.00817216142136, "time_cost": 70.68, "final_distance_cost": 1.8446462364890186, "oscillation_cost": 31.233769467087704, "completition_cost": 0.0, "overshoot_cost": 50.156038702015415, "power_cost": 13.7246421875, "noise_cost": 11.369075568329219, "n_waypoints_completed": 9, "tot_waypoints": 9}}
{"target": -180.07327936050348, "params": {"k_pid_pos": [1.1465195634201424, 0.0, 0.1610609010034657], "k_pid_alt": [0.8082343221330752, 0.0, 0.004992436058858154], "k_pid_att": [20.453868428505974, 0.0001, 0.5506982882884014], "k_pid_yaw": [0.5, 1e-06, 0.1], "k_pid_hsp": [0.28711801398909603, 0.002855291437320613, 0.0], "k_pid_vsp": [398.7358291285096, 27.20368719785911, 18.888027372190688]}, "datetime": {"datetime": "2025-08-21 11:57:32", "elapsed": 11569.055156469345, "delta": 16.514769077301025}, "costs": {"total_cost": 180.07327936050348, "time_cost": 71.672, "final_distance_cost": 1.8341810419499618, "oscillation_cost": 29.77104278193443, "completition_cost": 0.0, "overshoot_cost": 51.06074947658628, "power_cost": 14.579451196289064, "noise_cost": 11.155854863743759, "n_waypoints_completed": 9, "tot_waypoints": 9}}
{"target": -179.14610343567094, "params": {"k_pid_pos": [1.1622652714177402, 0.0, 0.1662101065462559], "k_pid_alt": [0.6219476030595678, 0.0, 0.0016444507575724826], "k_pid_att": [40.268401932484316, 0.0001, 0.3103957242136091], "k_pid_yaw": [0.5, 1e-06, 0.1], "k_pid_hsp": [0.40179760293396616, 0.01530044530114405, 0.0], "k_pid_vsp": [313.4422708404453, 17.70585133080583, 5.094505743582692]}, "datetime": {"datetime": "2025-08-21 11:57:49", "elapsed": 11585.82417845726, "delta": 16.76902198791504}, "costs": {"total_cost": 179.14610343567094, "time_cost": 73.792, "final_distance_cost": 1.8385921396803007, "oscillation_cost": 30.59314447838616, "completition_cost": 0.0, "overshoot_cost": 50.22166895828919, "power_cost": 11.546913208007814, "noise_cost": 11.15378465130747, "n_waypoints_completed": 9, "tot_waypoints": 9}}
{"target": -1230.5173843803736, "params": {"k_pid_pos": [1.2750745320575607, 0.0, 0.5270931164387077], "k_pid_alt": [1.511867982148222, 0.0, 0.0036702270238194697], "k_pid_att": [21.38462057737476, 0.0001, 0.5807002264898836], "k_pid_yaw": [0.5, 1e-06, 0.1], "k_pid_hsp": [0.0001, 0.0, 0.0], "k_pid_vsp": [389.7358322737591, 34.60461580299418, 15.938379969219808]}, "datetime": {"datetime": "2025-08-21 11:58:12", "elapsed": 11608.78644156456, "delta": 22.962263107299805}, "costs": {"total_cost": 1230.5173843803736, "time_cost": 150, "final_distance_cost": 46.45296224689542, "oscillation_cost": 0.39097365233146586, "completition_cost": 888.8888888888888, "overshoot_cost": 82.8291066635741, "power_cost": 37.914570312500004, "noise_cost": 24.040882616183797, "n_waypoints_completed": 1, "tot_waypoints": 9}}
{"target": -1226.4372665936576, "params": {"k_pid_pos": [1.2695260330587357, 0.0, 0.13454548019997464], "k_pid_alt": [0.8772023123140567, 0.0, 0.0058584380608475255], "k_pid_att": [19.556317636105078, 0.0001, 0.2757835404144627], "k_pid_yaw": [0.5, 1e-06, 0.1], "k_pid_hsp": [0.0001, 0.0, 0.0], "k_pid_vsp": [370.3154811766796, 32.752463923069904, 18.920528057609403]}, "datetime": {"datetime": "2025-08-21 11:58:35", "elapsed": 11631.986132383347, "delta": 23.19969081878662}, "costs": {"total_cost": 1226.4372665936576, "time_cost": 150, "final_distance_cost": 46.489140464432516, "oscillation_cost": 0.43473368329461015, "completition_cost": 888.8888888888888, "overshoot_cost": 82.6708640094708, "power_cost": 34.82505805664063, "noise_cost": 23.128581490930124, "n_waypoints_completed": 1, "tot_waypoints": 9}}
{"target": -173.80500062423417, "params": {"k_pid_pos": [1.0536830133999988, 0.0, 0.15157075426263872], "k_pid_alt": [0.9317743302895843, 0.0, 0.009320862076950053], "k_pid_att": [20.530953261945776, 0.0001, 0.7103392762604757], "k_pid_yaw": [0.5, 1e-06, 0.1], "k_pid_hsp": [0.40854111325424686, 0.0, 0.0], "k_pid_vsp": [399.885129517408, 18.84728444019212, 29.462556285462007]}, "datetime": {"datetime": "2025-08-21 11:58:52", "elapsed": 11648.930524349213, "delta": 16.94439196586609}, "costs": {"total_cost": 173.80500062423417, "time_cost": 71.304, "final_distance_cost": 1.8496902682392904, "oscillation_cost": 29.949354418786577, "completition_cost": 0.0, "overshoot_cost": 50.42732623138289, "power_cost": 10.820884240722657, "noise_cost": 9.45374546510276, "n_waypoints_completed": 9, "tot_waypoints": 9}}
{"target": -178.20784414098944, "params": {"k_pid_pos": [1.216002847851109, 0.0, 0.1572759132895567], "k_pid_alt": [1.0692970074224277, 0.0, 0.0036756941184206975], "k_pid_att": [24.749550594158222, 0.0001, 0.5693047141130555], "k_pid_yaw": [0.5, 1e-06, 0.1], "k_pid_hsp": [0.7919759176487827, 0.0, 0.0], "k_pid_vsp": [400.0, 28.35225663131682, 37.03319964063517]}, "datetime": {"datetime": "2025-08-21 11:59:08", "elapsed": 11665.101741552353, "delta": 16.17121720314026}, "costs": {"total_cost": 178.20784414098944, "time_cost": 70.144, "final_distance_cost": 1.840536280688616, "oscillation_cost": 32.86691111268877, "completition_cost": 0.0, "overshoot_cost": 50.48969300636622, "power_cost": 12.370530590820312, "noise_cost": 10.496173150425511, "n_waypoints_completed": 9, "tot_waypoints": 9}}
{"target": -175.51953842918775, "params": {"k_pid_pos": [0.9971346986823056, 0.0, 0.0006198013515950132], "k_pid_alt": [0.9788810687368251, 0.0, 0.013863235259901073], "k_pid_att": [23.688743827236692, 0.0001, 0.8651582158083249], "k_pid_yaw": [0.5, 1e-06, 0.1], "k_pid_hsp": [0.05571640637952274, 0.0, 0.0], "k_pid_vsp": [400.0, 16.36491910427442, 4.605364722610171]}, "datetime": {"datetime": "2025-08-21 11:59:26", "elapsed": 11683.28646850586, "delta": 18.18472695350647}, "costs": {"total_cost": 175.51953842918775, "time_cost": 78.464, "final_distance_cost": 1.759705868324368, "oscillation_cost": 23.022261962710083, "completition_cost": 0.0, "overshoot_cost": 54.14097279980793, "power_cost": 8.492890979003906, "noise_cost": 9.639706819341447, "n_waypoints_completed": 9, "tot_waypoints": 9}}
{"target": -1238.1782204441608, "params": {"k_pid_pos": [1.201866015350935, 0.0, 0.13711185133456766], "k_pid_alt": [1.1577735975283296, 0.0, 0.0080252015013915], "k_pid_att": [53.31370145126719, 0.0001, 0.8798264895408063], "k_pid_yaw": [0.5, 1e-06, 0.1], "k_pid_hsp": [0.0001, 0.0, 0.0], "k_pid_vsp": [400.0, 34.90908931630533, 14.430533306028561]}, "datetime": {"datetime": "2025-08-21 11:59:50", "elapsed": 11706.77141547203, "delta": 23.484946966171265}, "costs": {"total_cost": 1238.1782204441608, "time_cost": 150, "final_distance_cost": 46.398378864853264, "oscillation_cost": 12.928977324939575, "completition_cost": 888.8888888888888, "overshoot_cost": 82.89521671994333, "power_cost": 34.27477160644531, "noise_cost": 22.79198703909067, "n_waypoints_completed": 1, "tot_waypoints": 9}}
{"target": -186.8283635321423, "params": {"k_pid_pos": [1.013362474394949, 0.0, 0.03103852564428683], "k_pid_alt": [0.811179187771946, 0.0, 0.0], "k_pid_att": [41.89333661648541, 0.0001, 0.623509396054714], "k_pid_yaw": [0.5, 1e-06, 0.1], "k_pid_hsp": [0.2858220724691881, 0.11327634291207228, 0.0], "k_pid_vsp": [383.74068439082555, 38.05363178526184, 19.837384025974092]}, "datetime": {"datetime": "2025-08-21 12:00:07", "elapsed": 11723.631227254868, "delta": 16.859811782836914}, "costs": {"total_cost": 186.8283635321423, "time_cost": 71.44800000000001, "final_distance_cost": 1.8553554978036029, "oscillation_cost": 37.927652368019906, "completition_cost": 0.0, "overshoot_cost": 50.426053011377775, "power_cost": 14.235367919921876, "noise_cost": 10.935934735019137, "n_waypoints_completed": 9, "tot_waypoints": 9}}
{"target": -186.14016151202125, "params": {"k_pid_pos": [1.1582362454329502, 0.0, 0.06803551642425341], "k_pid_alt": [1.020487470551766, 0.0, 0.0], "k_pid_att": [22.710744675880438, 0.0001, 0.44484814454681537], "k_pid_yaw": [0.5, 1e-06, 0.1], "k_pid_hsp": [0.054543611226596456, 0.0, 0.0], "k_pid_vsp": [349.85723929094, 40.39425747752823, 11.059808743556125]}, "datetime": {"datetime": "2025-08-21 12:00:27", "elapsed": 11743.513830661774, "delta": 19.882603406906128}, "costs": {"total_cost": 186.14016151202125, "time_cost": 77.464, "final_distance_cost": 1.7910745222000388, "oscillation_cost": 23.88400647322625, "completition_cost": 0.0, "overshoot_cost": 53.744836084913786, "power_cost": 15.961945642089844, "noise_cost": 13.294298789591359, "n_waypoints_completed": 9, "tot_waypoints": 9}}
{"target": -178.5834386637719, "params": {"k_pid_pos": [1.2771946554530218, 0.0, 0.0], "k_pid_alt": [1.1420227904340126, 0.0, 0.0], "k_pid_att": [7.513932057130546, 0.0001, 0.49589940517215114], "k_pid_yaw": [0.5, 1e-06, 0.1], "k_pid_hsp": [0.4398891974670436, 0.0, 0.0], "k_pid_vsp": [400.0, 11.94609963305351, 5.0339225466638595]}, "datetime": {"datetime": "2025-08-21 12:00:44", "elapsed": 11761.354698896408, "delta": 17.8408682346344}, "costs": {"total_cost": 178.5834386637719, "time_cost": 70.624, "final_distance_cost": 1.7972114433846251, "oscillation_cost": 31.081450585590762, "completition_cost": 0.0, "overshoot_cost": 50.968217663847, "power_cost": 12.721009533691406, "noise_cost": 11.39154943725808, "n_waypoints_completed": 9, "tot_waypoints": 9}}
{"target": -440.82615564534643, "params": {"k_pid_pos": [1.074339023568553, 0.0, 0.09241268010485551], "k_pid_alt": [0.8528858403796561, 0.0, 0.0010861144750460524], "k_pid_att": [16.483838144079748, 0.0001, 0.41138346781356666], "k_pid_yaw": [0.5, 1e-06, 0.1], "k_pid_hsp": [0.02933424004739793, 0.018384009454162905, 0.0], "k_pid_vsp": [392.23695194717016, 40.12849277256278, 28.60590527342586]}, "datetime": {"datetime": "2025-08-21 12:01:10", "elapsed": 11786.558642625809, "delta": 25.203943729400635}, "costs": {"total_cost": 440.82615564534643, "time_cost": 150, "final_distance_cost": 52.26234881247241, "oscillation_cost": 26.53136882324268, "completition_cost": 111.11111111111116, "overshoot_cost": 56.662062359912255, "power_cost": 26.50528798828125, "noise_cost": 17.75397655032675, "n_waypoints_completed": 8, "tot_waypoints": 9}}
