{"target": -175.50127317749673, "params": {"k_pid_pos": [1.1241675646700826, 0.0, 0.1388203610145521], "k_pid_alt": [1.1862051473637683, 0.0, 0.01594464758095062], "k_pid_att": [15.306471155649465, 0.0001, 0.6367399305301166], "k_pid_yaw": [0.5, 1e-06, 0.1], "k_pid_hsp": [0.1276499351521679, 0.003551208263314299, 0.0], "k_pid_vsp": [400.0, 43.887662331613704, 17.31772115569694]}, "datetime": {"datetime": "2025-08-21 20:15:31", "elapsed": 41448.24266409874, "delta": 16.354886054992676}, "costs": {"total_cost": 175.50127317749673, "time_cost": 70.208, "final_distance_cost": 1.7832144772960488, "oscillation_cost": 27.7643195023121, "completition_cost": 0.0, "overshoot_cost": 51.02133798453929, "power_cost": 13.450177160644532, "noise_cost": 11.274224052704765, "n_waypoints_completed": 9, "tot_waypoints": 9}}
{"target": -1197.019572550051, "params": {"k_pid_pos": [1.196094161992069, 0.0, 0.01486570389187231], "k_pid_alt": [1.2378690954122624, 0.0, 0.007802424690708275], "k_pid_att": [28.246867026682445, 0.0001, 1.0], "k_pid_yaw": [0.5, 1e-06, 0.1], "k_pid_hsp": [0.0001, 0.032310926383404694, 0.0], "k_pid_vsp": [379.99505734168804, 21.596414806208657, 18.82373071132942]}, "datetime": {"datetime": "2025-08-21 20:15:57", "elapsed": 41473.55799508095, "delta": 25.315330982208252}, "costs": {"total_cost": 1197.019572550051, "time_cost": 150, "final_distance_cost": 66.31326010374465, "oscillation_cost": 18.628851755628407, "completition_cost": 888.8888888888888, "overshoot_cost": 65.3407921973579, "power_cost": 2.8647528564453126, "noise_cost": 4.983026747985896, "n_waypoints_completed": 1, "tot_waypoints": 9}}
{"target": -171.37420290553376, "params": {"k_pid_pos": [1.1210179260989657, 0.0, 0.1356600787167627], "k_pid_alt": [1.1407603377864013, 0.0, 0.006111379319023655], "k_pid_att": [34.672295764993486, 0.0001, 0.539644229432727], "k_pid_yaw": [0.5, 1e-06, 0.1], "k_pid_hsp": [0.11816028174604123, 0.0035599156759073946, 0.0], "k_pid_vsp": [400.0, 33.555511860878326, 18.12801600340236]}, "datetime": {"datetime": "2025-08-21 20:16:14", "elapsed": 41490.550748586655, "delta": 16.992753505706787}, "costs": {"total_cost": 171.37420290553376, "time_cost": 71.528, "final_distance_cost": 1.7795860008211961, "oscillation_cost": 27.878086346995147, "completition_cost": 0.0, "overshoot_cost": 51.76995436465961, "power_cost": 9.64393905029297, "noise_cost": 8.774637142764806, "n_waypoints_completed": 9, "tot_waypoints": 9}}
{"target": -178.90725731226257, "params": {"k_pid_pos": [1.1221547848997169, 0.0, 0.1367308573459727], "k_pid_alt": [1.419221678674512, 0.0, 0.01604402989190881], "k_pid_att": [15.185651744228066, 0.0001, 0.7304854582865269], "k_pid_yaw": [0.5, 1e-06, 0.1], "k_pid_hsp": [0.26893996238949963, 0.002516184028249415, 0.0], "k_pid_vsp": [400.0, 70.57080238077599, 14.970974860957117]}, "datetime": {"datetime": "2025-08-21 20:16:30", "elapsed": 41506.61348462105, "delta": 16.06273603439331}, "costs": {"total_cost": 178.90725731226257, "time_cost": 69.824, "final_distance_cost": 1.8323130788835722, "oscillation_cost": 29.678695730398335, "completition_cost": 0.0, "overshoot_cost": 51.00750710051342, "power_cost": 14.759569531250001, "noise_cost": 11.805171871217226, "n_waypoints_completed": 9, "tot_waypoints": 9}}
{"target": -181.08413003962846, "params": {"k_pid_pos": [1.4266345781899745, 0.0, 0.13699570599471897], "k_pid_alt": [1.2200240227945143, 0.0, 0.007192059568634302], "k_pid_att": [17.408674864256223, 0.0001, 0.6877754012748833], "k_pid_yaw": [0.5, 1e-06, 0.1], "k_pid_hsp": [0.24358080514596814, 0.002727311953208136, 0.0], "k_pid_vsp": [400.0, 41.4881513490332, 17.611091392230232]}, "datetime": {"datetime": "2025-08-21 20:16:48", "elapsed": 41524.52651524544, "delta": 17.91303062438965}, "costs": {"total_cost": 181.08413003962846, "time_cost": 70.728, "final_distance_cost": 1.7858459242649445, "oscillation_cost": 30.132859441676068, "completition_cost": 0.0, "overshoot_cost": 51.145422274827105, "power_cost": 15.185788879394533, "noise_cost": 12.106213519465816, "n_waypoints_completed": 9, "tot_waypoints": 9}}
{"target": -186.66044353173393, "params": {"k_pid_pos": [1.1307187123661353, 0.013047152941762688, 0.13812940307991176], "k_pid_alt": [1.1898876741458648, 0.0, 0.019119792885036645], "k_pid_att": [16.43004792235729, 0.022609069924112796, 0.6478216808594299], "k_pid_yaw": [0.5, 1e-06, 0.1], "k_pid_hsp": [0.24422861397081455, 0.003298669487198384, 0.0], "k_pid_vsp": [363.42370004545006, 44.101597622727994, 17.937282771823323]}, "datetime": {"datetime": "2025-08-21 20:17:04", "elapsed": 41540.81689310074, "delta": 16.290377855300903}, "costs": {"total_cost": 186.66044353173393, "time_cost": 71.176, "final_distance_cost": 1.8148428641208898, "oscillation_cost": 29.07186331142276, "completition_cost": 0.0, "overshoot_cost": 51.808452498040126, "power_cost": 18.777944104003907, "noise_cost": 14.011340754146234, "n_waypoints_completed": 9, "tot_waypoints": 9}}
{"target": -171.93597112052518, "params": {"k_pid_pos": [1.175770194843833, 0.0, 0.03892559506194733], "k_pid_alt": [1.2329444409394594, 0.0, 0.0], "k_pid_att": [13.832425998482158, 0.0001, 0.6369670881444913], "k_pid_yaw": [0.5, 1e-06, 0.1], "k_pid_hsp": [0.12655916739841755, 0.0032512244521198394, 0.0], "k_pid_vsp": [400.0, 34.19287104002254, 19.881392847852016]}, "datetime": {"datetime": "2025-08-21 20:17:22", "elapsed": 41558.45775222778, "delta": 17.640859127044678}, "costs": {"total_cost": 171.93597112052518, "time_cost": 70.648, "final_distance_cost": 1.7935879070461573, "oscillation_cost": 28.729277680724056, "completition_cost": 0.0, "overshoot_cost": 51.92980358919765, "power_cost": 9.642870434570312, "noise_cost": 9.19243150898701, "n_waypoints_completed": 9, "tot_waypoints": 9}}
{"target": -170.94813885639613, "params": {"k_pid_pos": [1.2126878613704009, 0.0, 0.1395729408593812], "k_pid_alt": [0.820573970474303, 0.0, 0.019217212324965482], "k_pid_att": [15.174352326432311, 0.0001, 0.6415312165611173], "k_pid_yaw": [0.5, 1e-06, 0.1], "k_pid_hsp": [0.11042210382865167, 0.002892977890827821, 0.0], "k_pid_vsp": [395.14445852648714, 6.708915174944188, 17.135764840098304]}, "datetime": {"datetime": "2025-08-21 20:17:39", "elapsed": 41575.46978712082, "delta": 17.01203489303589}, "costs": {"total_cost": 170.94813885639613, "time_cost": 73.136, "final_distance_cost": 1.8124465136737575, "oscillation_cost": 27.9085953615767, "completition_cost": 0.0, "overshoot_cost": 52.12640624505204, "power_cost": 7.948521850585938, "noise_cost": 8.016168885507689, "n_waypoints_completed": 9, "tot_waypoints": 9}}
{"target": -182.64078939972597, "params": {"k_pid_pos": [1.1245236379613899, 0.0, 0.03812745318176765], "k_pid_alt": [1.192890610189129, 0.0, 0.01035148403380187], "k_pid_att": [15.181681820997918, 0.0001, 0.6636375382174412], "k_pid_yaw": [0.5, 1e-06, 0.1], "k_pid_hsp": [0.1237696005718954, 0.0036001281645039952, 0.0], "k_pid_vsp": [393.3099051497147, 56.16658342946305, 15.87650952113227]}, "datetime": {"datetime": "2025-08-21 20:17:56", "elapsed": 41592.78983235359, "delta": 17.320045232772827}, "costs": {"total_cost": 182.64078939972597, "time_cost": 71.352, "final_distance_cost": 1.7779120174707095, "oscillation_cost": 28.167603803971257, "completition_cost": 0.0, "overshoot_cost": 51.565027753946346, "power_cost": 16.522326330566408, "noise_cost": 13.25591949377124, "n_waypoints_completed": 9, "tot_waypoints": 9}}
{"target": -174.65997438752515, "params": {"k_pid_pos": [1.1166027149306847, 0.0, 0.1301695620506206], "k_pid_alt": [1.6989033426577524, 0.0, 0.014570608994592107], "k_pid_att": [15.256024138553808, 0.010010090725132075, 0.6434262917821801], "k_pid_yaw": [0.5, 1e-06, 0.1], "k_pid_hsp": [0.8801440540946677, 0.003203237041175638, 0.0], "k_pid_vsp": [400.0, 43.082522194492626, 19.885121239646708]}, "datetime": {"datetime": "2025-08-21 20:18:13", "elapsed": 41609.48484492302, "delta": 16.69501256942749}, "costs": {"total_cost": 174.65997438752515, "time_cost": 70.176, "final_distance_cost": 1.8480458082774334, "oscillation_cost": 31.55456593156554, "completition_cost": 0.0, "overshoot_cost": 50.35527278620461, "power_cost": 11.306520581054688, "noise_cost": 9.41956928042289, "n_waypoints_completed": 9, "tot_waypoints": 9}}
{"target": -169.76386173149018, "params": {"k_pid_pos": [1.2041173406237382, 0.0, 0.20873370346088962], "k_pid_alt": [1.1947320836289428, 0.0, 0.016386694400969078], "k_pid_att": [15.446866270888018, 0.0001, 0.6244378931608021], "k_pid_yaw": [0.5, 1e-06, 0.1], "k_pid_hsp": [0.1286764778128234, 0.003298658441818887, 0.0], "k_pid_vsp": [400.0, 44.45429049555967, 13.146913313549177]}, "datetime": {"datetime": "2025-08-21 20:18:31", "elapsed": 41627.88663434982, "delta": 18.40178942680359}, "costs": {"total_cost": 169.76386173149018, "time_cost": 70.352, "final_distance_cost": 1.8080649474441348, "oscillation_cost": 27.90503913054356, "completition_cost": 0.0, "overshoot_cost": 51.20813519433377, "power_cost": 9.393681469726562, "noise_cost": 9.096940989442142, "n_waypoints_completed": 9, "tot_waypoints": 9}}
{"target": -1266.4387310821455, "params": {"k_pid_pos": [1.3038504082338984, 0.0, 0.1354214875875006], "k_pid_alt": [1.1903702647251226, 0.0, 0.012249998752678798], "k_pid_att": [0.0, 0.0001, 0.6164967770824246], "k_pid_yaw": [0.5, 1e-06, 0.1], "k_pid_hsp": [0.1039655068918778, 0.003032154628120584, 0.0], "k_pid_vsp": [400.0, 24.018388592731444, 17.695872085865616]}, "datetime": {"datetime": "2025-08-21 20:18:55", "elapsed": 41652.1525182724, "delta": 24.265883922576904}, "costs": {"total_cost": 1266.4387310821455, "time_cost": 150, "final_distance_cost": 45.109872054224596, "oscillation_cost": 1.0128205328457434, "completition_cost": 1000.0, "overshoot_cost": 12.358283271816777, "power_cost": 34.89479620361328, "noise_cost": 23.06295901964521, "n_waypoints_completed": 0, "tot_waypoints": 9}}
{"target": -175.42942593312762, "params": {"k_pid_pos": [1.1491901469918626, 0.0, 0.13435258365776928], "k_pid_alt": [1.1974023925360244, 0.0, 0.013893250100002131], "k_pid_att": [15.367504144745894, 0.0001, 0.6517405282770565], "k_pid_yaw": [0.5, 1e-06, 0.1], "k_pid_hsp": [0.10909376583519281, 0.0012548491283000205, 0.0], "k_pid_vsp": [400.0, 21.772719923143697, 18.078403307256053]}, "datetime": {"datetime": "2025-08-21 20:19:15", "elapsed": 41671.64215373993, "delta": 19.489635467529297}, "costs": {"total_cost": 175.42942593312762, "time_cost": 72.72, "final_distance_cost": 1.7854041157880607, "oscillation_cost": 26.735943747234447, "completition_cost": 0.0, "overshoot_cost": 52.36571337756971, "power_cost": 11.259987707519532, "noise_cost": 10.562376985015867, "n_waypoints_completed": 9, "tot_waypoints": 9}}
{"target": -171.21877510190788, "params": {"k_pid_pos": [0.9358438965864856, 0.0, 0.1403655147847134], "k_pid_alt": [1.1681896474943634, 0.0, 0.015643168076042907], "k_pid_att": [30.18076623452582, 0.0001, 0.6116066952119413], "k_pid_yaw": [0.5, 1e-06, 0.1], "k_pid_hsp": [0.17429206701300548, 0.003473906544195413, 0.0], "k_pid_vsp": [400.0, 51.46305415856787, 17.15957220216251]}, "datetime": {"datetime": "2025-08-21 20:19:31", "elapsed": 41688.30748510361, "delta": 16.66533136367798}, "costs": {"total_cost": 171.21877510190788, "time_cost": 71.06400000000001, "final_distance_cost": 1.8194654140196016, "oscillation_cost": 26.592923476436553, "completition_cost": 0.0, "overshoot_cost": 51.346971905991275, "power_cost": 10.729080603027345, "noise_cost": 9.6663337024331, "n_waypoints_completed": 9, "tot_waypoints": 9}}
{"target": -162.47511871854948, "params": {"k_pid_pos": [1.119605136344912, 0.0, 0.12300184288055509], "k_pid_alt": [1.064360671292613, 0.0, 0.017137664134571337], "k_pid_att": [13.90641283062384, 0.0001, 0.6499058714881867], "k_pid_yaw": [0.5, 1e-06, 0.1], "k_pid_hsp": [0.1302258427904494, 0.0032790717504048, 0.0], "k_pid_vsp": [400.0, 50.41041832682537, 16.888567000146047]}, "datetime": {"datetime": "2025-08-21 20:19:47", "elapsed": 41704.256316423416, "delta": 15.94883131980896}, "costs": {"total_cost": 162.47511871854948, "time_cost": 70.44800000000001, "final_distance_cost": 1.7905694110110655, "oscillation_cost": 27.75582431873808, "completition_cost": 0.0, "overshoot_cost": 50.921304727677175, "power_cost": 5.198911474609376, "noise_cost": 6.36050878651378, "n_waypoints_completed": 9, "tot_waypoints": 9}}
{"target": -184.02278908349004, "params": {"k_pid_pos": [1.1059289564015562, 0.0, 0.14015161988356264], "k_pid_alt": [1.1474659956084174, 0.0, 0.0075864294862801815], "k_pid_att": [17.235499700984384, 0.0001, 0.6261053225299036], "k_pid_yaw": [0.5, 1e-06, 0.1], "k_pid_hsp": [0.09957633126964335, 0.0, 0.0], "k_pid_vsp": [400.0, 47.65589089609655, 17.3808760748241]}, "datetime": {"datetime": "2025-08-21 20:20:06", "elapsed": 41722.67704582214, "delta": 18.420729398727417}, "costs": {"total_cost": 184.02278908349004, "time_cost": 71.256, "final_distance_cost": 1.805421577051857, "oscillation_cost": 26.002446659574574, "completition_cost": 0.0, "overshoot_cost": 52.23240859645006, "power_cost": 18.698072326660157, "noise_cost": 14.028439923753385, "n_waypoints_completed": 9, "tot_waypoints": 9}}
{"target": -181.16808637252393, "params": {"k_pid_pos": [1.1143762472601524, 0.0, 0.1275323470930745], "k_pid_alt": [1.1930229656440634, 0.0, 0.016439935170549112], "k_pid_att": [15.278605519883715, 0.0001, 0.6335891248495044], "k_pid_yaw": [0.5, 1e-06, 0.1], "k_pid_hsp": [0.12999493662506867, 0.003803311483937661, 0.0], "k_pid_vsp": [400.0, 52.18183080676073, 16.912297105416332]}, "datetime": {"datetime": "2025-08-21 20:20:22", "elapsed": 41738.50757408142, "delta": 15.830528259277344}, "costs": {"total_cost": 181.16808637252393, "time_cost": 70.976, "final_distance_cost": 1.7817780135658263, "oscillation_cost": 27.501998342843965, "completition_cost": 0.0, "overshoot_cost": 51.52428354097168, "power_cost": 16.56270216064453, "noise_cost": 12.821324314497932, "n_waypoints_completed": 9, "tot_waypoints": 9}}
{"target": -180.41278618986956, "params": {"k_pid_pos": [1.1238819449358057, 0.0, 0.1381739915394851], "k_pid_alt": [1.0606401237820282, 0.0, 0.015486771294161827], "k_pid_att": [15.170300685245643, 0.0001, 0.6395847709650193], "k_pid_yaw": [0.5, 1e-06, 0.1], "k_pid_hsp": [0.14209945758256412, 0.004060401479217938, 0.0], "k_pid_vsp": [400.0, 43.03031124806272, 18.822458977060627]}, "datetime": {"datetime": "2025-08-21 20:20:40", "elapsed": 41756.73119044304, "delta": 18.223616361618042}, "costs": {"total_cost": 180.41278618986956, "time_cost": 71.112, "final_distance_cost": 1.8212164598899179, "oscillation_cost": 27.719927729871557, "completition_cost": 0.0, "overshoot_cost": 51.837219728581026, "power_cost": 15.562917248535157, "noise_cost": 12.359505022991925, "n_waypoints_completed": 9, "tot_waypoints": 9}}
{"target": -178.04264138841972, "params": {"k_pid_pos": [1.1257561719828753, 0.0, 0.10571140727872216], "k_pid_alt": [0.792985415795736, 0.0, 0.014941165432166763], "k_pid_att": [17.01718656112752, 0.0001, 0.3354505219401775], "k_pid_yaw": [0.5, 1e-06, 0.1], "k_pid_hsp": [0.10769772774791322, 0.012012297762951655, 0.0], "k_pid_vsp": [399.9695240675774, 49.69011926324161, 23.128576787814772]}, "datetime": {"datetime": "2025-08-21 20:20:56", "elapsed": 41773.279136657715, "delta": 16.547946214675903}, "costs": {"total_cost": 178.04264138841972, "time_cost": 71.83200000000001, "final_distance_cost": 1.8058922092468246, "oscillation_cost": 28.95121155989767, "completition_cost": 0.0, "overshoot_cost": 51.11334581717378, "power_cost": 13.34559031982422, "noise_cost": 10.994601482277234, "n_waypoints_completed": 9, "tot_waypoints": 9}}
{"target": -184.01309855906146, "params": {"k_pid_pos": [1.1474110411940273, 0.0, 0.13744743026745612], "k_pid_alt": [0.9065583480025912, 0.0, 0.008360117912508201], "k_pid_att": [15.326200785485304, 0.0001, 0.6189151041066004], "k_pid_yaw": [0.5, 1e-06, 0.1], "k_pid_hsp": [0.2264628643408762, 0.0022915512606765725, 0.0], "k_pid_vsp": [396.48645351070684, 4.443876525038, 17.21619725323371]}, "datetime": {"datetime": "2025-08-21 20:21:15", "elapsed": 41791.89847421646, "delta": 18.619337558746338}, "costs": {"total_cost": 184.01309855906146, "time_cost": 71.736, "final_distance_cost": 1.8341221545657465, "oscillation_cost": 28.75948917809523, "completition_cost": 0.0, "overshoot_cost": 51.80868841344368, "power_cost": 16.696248864746096, "noise_cost": 13.178549948210671, "n_waypoints_completed": 9, "tot_waypoints": 9}}
{"target": -186.90510537590146, "params": {"k_pid_pos": [1.1220308927322633, 0.0, 0.13895621259942606], "k_pid_alt": [1.1707420466323686, 0.0, 0.015363626999416426], "k_pid_att": [14.292159339141634, 0.0001, 0.6389915901158887], "k_pid_yaw": [0.5, 1e-06, 0.1], "k_pid_hsp": [0.12724243628150603, 0.0028998439514512295, 0.0], "k_pid_vsp": [393.32440572871934, 34.00005104341122, 18.042633573560295]}, "datetime": {"datetime": "2025-08-21 20:21:33", "elapsed": 41810.24710559845, "delta": 18.348631381988525}, "costs": {"total_cost": 186.90510537590146, "time_cost": 72.624, "final_distance_cost": 1.8131723449093087, "oscillation_cost": 28.760063779526668, "completition_cost": 0.0, "overshoot_cost": 52.33849217141475, "power_cost": 17.827963415527346, "noise_cost": 13.541413664523407, "n_waypoints_completed": 9, "tot_waypoints": 9}}
{"target": -186.89031545530992, "params": {"k_pid_pos": [1.1255857020568474, 0.0, 0.1860105020378497], "k_pid_alt": [1.1483103816584803, 0.0, 0.009042150920321838], "k_pid_att": [13.728839866333285, 0.0001, 0.6352453106900283], "k_pid_yaw": [0.5, 1e-06, 0.1], "k_pid_hsp": [0.1313849189231755, 0.00364183654723392, 0.0], "k_pid_vsp": [400.0, 29.375659070979793, 17.49148899556996]}, "datetime": {"datetime": "2025-08-21 20:21:49", "elapsed": 41826.2591586113, "delta": 16.0120530128479}, "costs": {"total_cost": 186.89031545530992, "time_cost": 71.19200000000001, "final_distance_cost": 1.7969733664886547, "oscillation_cost": 26.898504048640028, "completition_cost": 0.0, "overshoot_cost": 52.09069091131489, "power_cost": 19.79941151123047, "noise_cost": 15.112735617635877, "n_waypoints_completed": 9, "tot_waypoints": 9}}
{"target": -172.64665475577823, "params": {"k_pid_pos": [1.1675500790248174, 0.0, 0.2974091694500328], "k_pid_alt": [1.4669430189615993, 0.0, 0.0015053116568494265], "k_pid_att": [20.471937429167102, 0.0001, 0.65569999931941], "k_pid_yaw": [0.5, 1e-06, 0.1], "k_pid_hsp": [0.19225840987582085, 0.0, 0.0], "k_pid_vsp": [398.8904816573978, 28.925857612477778, 28.727228095978013]}, "datetime": {"datetime": "2025-08-21 20:22:09", "elapsed": 41845.4930100441, "delta": 19.233851432800293}, "costs": {"total_cost": 172.64665475577823, "time_cost": 71.288, "final_distance_cost": 1.8405705149240608, "oscillation_cost": 27.902060521464985, "completition_cost": 0.0, "overshoot_cost": 51.679071668486934, "power_cost": 10.93844598388672, "noise_cost": 8.998506067015555, "n_waypoints_completed": 9, "tot_waypoints": 9}}
{"target": -180.8160317840507, "params": {"k_pid_pos": [1.1250040780801984, 0.0, 0.1525917280736192], "k_pid_alt": [1.224946562656439, 0.0, 0.01736446106073673], "k_pid_att": [0.5993679096936502, 0.0001, 0.6370527336983924], "k_pid_yaw": [0.5, 1e-06, 0.1], "k_pid_hsp": [0.1165450049199564, 0.0027930391462549723, 0.0], "k_pid_vsp": [400.0, 35.31705655539617, 18.48075722086577]}, "datetime": {"datetime": "2025-08-21 20:22:26", "elapsed": 41862.69125580788, "delta": 17.198245763778687}, "costs": {"total_cost": 180.8160317840507, "time_cost": 73.44, "final_distance_cost": 1.7889173660772828, "oscillation_cost": 21.389318339717015, "completition_cost": 0.0, "overshoot_cost": 56.97676397054303, "power_cost": 14.890855249023438, "noise_cost": 12.330176858689937, "n_waypoints_completed": 9, "tot_waypoints": 9}}
{"target": -168.68995236044518, "params": {"k_pid_pos": [0.8394088134171924, 0.0, 0.08623733498068545], "k_pid_alt": [1.1889655146807387, 0.0, 0.015787289261099176], "k_pid_att": [17.35688487935597, 0.0001, 0.6371826232370777], "k_pid_yaw": [0.5, 1e-06, 0.1], "k_pid_hsp": [0.0821023305417202, 0.002495473892578794, 0.0], "k_pid_vsp": [399.91806863364275, 50.66423465673273, 39.433551919021056]}, "datetime": {"datetime": "2025-08-21 20:22:42", "elapsed": 41879.1482963562, "delta": 16.457040548324585}, "costs": {"total_cost": 168.68995236044518, "time_cost": 72.12, "final_distance_cost": 1.7804226977636894, "oscillation_cost": 23.299434289485983, "completition_cost": 0.0, "overshoot_cost": 52.541679263816526, "power_cost": 9.721093237304688, "noise_cost": 9.227322872074263, "n_waypoints_completed": 9, "tot_waypoints": 9}}
{"target": -202.54364295530607, "params": {"k_pid_pos": [1.1290981868554748, 0.0, 0.14321129712659905], "k_pid_alt": [1.2134949928417764, 0.0, 0.01302615862232371], "k_pid_att": [16.552914099262466, 0.0001, 0.640569355662094], "k_pid_yaw": [0.5, 1e-06, 0.1], "k_pid_hsp": [0.06093794405003788, 0.003031897829294819, 0.0], "k_pid_vsp": [400.0, 43.69958849303336, 16.734015314370744]}, "datetime": {"datetime": "2025-08-21 20:23:02", "elapsed": 41899.006865262985, "delta": 19.858568906784058}, "costs": {"total_cost": 202.54364295530607, "time_cost": 80.136, "final_distance_cost": 1.7608097528948383, "oscillation_cost": 25.174151262645925, "completition_cost": 0.0, "overshoot_cost": 56.82477197214652, "power_cost": 21.861664978027346, "noise_cost": 16.786244989591477, "n_waypoints_completed": 9, "tot_waypoints": 9}}
