{"target": -428.67110292636056, "params": {"k_pid_pos": [1.1374290763002752, 0.0, 0.07266094149845843], "k_pid_alt": [1.117565806965416, 0.0, 0.004490876018796315], "k_pid_att": [19.794034345737305, 0.0001, 0.3014417379299761], "k_pid_yaw": [0.5, 1e-06, 0.1], "k_pid_hsp": [0.026740486066172603, 0.0, 0.0], "k_pid_vsp": [380.02654398550516, 18.604982021243565, 12.265495100322095]}, "datetime": {"datetime": "2025-08-21 12:10:38", "elapsed": 12354.468434333801, "delta": 22.98228693008423}, "costs": {"total_cost": 428.67110292636056, "time_cost": 150, "final_distance_cost": 61.5614616679237, "oscillation_cost": 15.173421083755454, "completition_cost": 111.11111111111116, "overshoot_cost": 56.181966851836705, "power_cost": 20.064940234375, "noise_cost": 14.578201977358548, "n_waypoints_completed": 8, "tot_waypoints": 9}}
{"target": -1177.3045082799556, "params": {"k_pid_pos": [0.8375947081379758, 0.0, 0.0], "k_pid_alt": [1.275703293476942, 0.0, 0.0], "k_pid_att": [0.0, 0.0001, 0.5158699683198196], "k_pid_yaw": [0.5, 1e-06, 0.1], "k_pid_hsp": [0.0001, 0.0, 0.0], "k_pid_vsp": [400.0, 21.860665993251136, 4.547864833336626]}, "datetime": {"datetime": "2025-08-21 12:11:01", "elapsed": 12377.452201128006, "delta": 22.983766794204712}, "costs": {"total_cost": 1177.3045082799556, "time_cost": 150, "final_distance_cost": 45.607456254759256, "oscillation_cost": 0.003966872914430428, "completition_cost": 888.8888888888888, "overshoot_cost": 70.16142106173884, "power_cost": 10.8579087890625, "noise_cost": 11.784866412591828, "n_waypoints_completed": 1, "tot_waypoints": 9}}
{"target": -1202.2469311809243, "params": {"k_pid_pos": [1.2077586518232115, 0.0, 0.1271446036733881], "k_pid_alt": [1.0811567962083866, 0.0, 0.002123212308418949], "k_pid_att": [20.54544231564811, 0.0001, 0.30625636876960194], "k_pid_yaw": [0.5, 1e-06, 0.1], "k_pid_hsp": [0.0001, 0.0124946199991513, 0.0], "k_pid_vsp": [397.6735740764152, 32.374441725410705, 18.06426781494102]}, "datetime": {"datetime": "2025-08-21 12:11:23", "elapsed": 12400.230882883072, "delta": 22.778681755065918}, "costs": {"total_cost": 1202.2469311809243, "time_cost": 150, "final_distance_cost": 63.18158178522266, "oscillation_cost": 3.3303787254132096, "completition_cost": 888.8888888888888, "overshoot_cost": 87.18235322703556, "power_cost": 3.7894033813476566, "noise_cost": 5.8743251730164285, "n_waypoints_completed": 1, "tot_waypoints": 9}}
{"target": -1223.2800597642747, "params": {"k_pid_pos": [1.114602859021586, 0.0, 0.14445426834468694], "k_pid_alt": [0.980258800819639, 0.0, 0.00995902197015653], "k_pid_att": [31.84050127831855, 0.0001, 0.5940010312077892], "k_pid_yaw": [0.5, 1e-06, 0.1], "k_pid_hsp": [0.0001, 0.0, 0.0], "k_pid_vsp": [400.0, 28.797156939297228, 24.18212329006873]}, "datetime": {"datetime": "2025-08-21 12:11:46", "elapsed": 12423.37990641594, "delta": 23.14902353286743}, "costs": {"total_cost": 1223.2800597642747, "time_cost": 150, "final_distance_cost": 46.29793570041387, "oscillation_cost": 5.315539320123535, "completition_cost": 888.8888888888888, "overshoot_cost": 80.95890698181344, "power_cost": 30.553305126953127, "noise_cost": 21.265483746082012, "n_waypoints_completed": 1, "tot_waypoints": 9}}
{"target": -175.90907257393445, "params": {"k_pid_pos": [1.1332922053458072, 0.0, 0.06099369880879578], "k_pid_alt": [1.0739008874454892, 0.0, 0.01186233271626188], "k_pid_att": [13.47169599210029, 0.0001, 0.8404305303620606], "k_pid_yaw": [0.5, 1e-06, 0.1], "k_pid_hsp": [0.31875828060960765, 0.0, 0.0], "k_pid_vsp": [400.0, 11.593094086776267, 0.6797561144116361]}, "datetime": {"datetime": "2025-08-21 12:12:03", "elapsed": 12439.552281618118, "delta": 16.172375202178955}, "costs": {"total_cost": 175.90907257393445, "time_cost": 70.784, "final_distance_cost": 1.820616612492391, "oscillation_cost": 29.959903864775193, "completition_cost": 0.0, "overshoot_cost": 51.19029666504269, "power_cost": 11.350723754882813, "noise_cost": 10.803531676741345, "n_waypoints_completed": 9, "tot_waypoints": 9}}
{"target": -1195.2549989943996, "params": {"k_pid_pos": [1.231317519993499, 0.0, 0.20444790917320138], "k_pid_alt": [1.4228867690003224, 0.0, 0.008069174421138737], "k_pid_att": [17.447135408110533, 0.0001, 0.4432501218080269], "k_pid_yaw": [0.5, 1e-06, 0.1], "k_pid_hsp": [0.0001, 0.0, 0.0], "k_pid_vsp": [400.0, 35.6761744372605, 8.282732514985769]}, "datetime": {"datetime": "2025-08-21 12:12:26", "elapsed": 12462.476208925247, "delta": 22.923927307128906}, "costs": {"total_cost": 1195.2549989943996, "time_cost": 150, "final_distance_cost": 46.45921047816851, "oscillation_cost": 0.24784271801331834, "completition_cost": 888.8888888888888, "overshoot_cost": 82.60246293700615, "power_cost": 14.631067028808594, "noise_cost": 12.425526943514315, "n_waypoints_completed": 1, "tot_waypoints": 9}}
{"target": -1222.9981187963926, "params": {"k_pid_pos": [1.030860908294257, 0.05471335034931123, 0.09624075919530077], "k_pid_alt": [1.3378631994663541, 0.0, 0.009709353995907378], "k_pid_att": [19.127588047395005, 1.1784688639873848, 0.3534203179149561], "k_pid_yaw": [0.5, 1e-06, 0.1], "k_pid_hsp": [0.0001, 0.0, 0.0], "k_pid_vsp": [362.1660245568396, 23.159363502122744, 21.55286454685003]}, "datetime": {"datetime": "2025-08-21 12:12:48", "elapsed": 12485.317738294601, "delta": 22.841529369354248}, "costs": {"total_cost": 1222.9981187963926, "time_cost": 150, "final_distance_cost": 46.36069970372316, "oscillation_cost": 0.4768293742806392, "completition_cost": 888.8888888888888, "overshoot_cost": 80.90749906827222, "power_cost": 33.9806291015625, "noise_cost": 22.38357265966526, "n_waypoints_completed": 1, "tot_waypoints": 9}}
{"target": -1392.4848999055384, "params": {"k_pid_pos": [1.4975383597161853, 0.0, 0.22978453156192222], "k_pid_alt": [0.5306114750484334, 0.0, 0.0], "k_pid_att": [0.0, 0.0001, 0.8836853754790407], "k_pid_yaw": [0.5, 1e-06, 0.1], "k_pid_hsp": [0.0001, 0.0, 0.0], "k_pid_vsp": [400.0, 38.739361718033564, 14.716685562475764]}, "datetime": {"datetime": "2025-08-21 12:13:11", "elapsed": 12508.1536591053, "delta": 22.835920810699463}, "costs": {"total_cost": 1392.4848999055384, "time_cost": 150, "final_distance_cost": 136.51653673863132, "oscillation_cost": 0.5077848079477876, "completition_cost": 888.8888888888888, "overshoot_cost": 159.51131702319944, "power_cost": 34.18594858398438, "noise_cost": 22.874423862886754, "n_waypoints_completed": 1, "tot_waypoints": 9}}
{"target": -1178.3902205431282, "params": {"k_pid_pos": [1.382732364622723, 0.0, 0.17299905874824478], "k_pid_alt": [0.7744073923775534, 0.0, 0.006086275040858361], "k_pid_att": [14.844097313915697, 0.2721253413523732, 0.45694066234521014], "k_pid_yaw": [0.5, 1e-06, 0.1], "k_pid_hsp": [0.0001, 0.0, 0.0], "k_pid_vsp": [400.0, 27.171105069943035, 19.960288337630796]}, "datetime": {"datetime": "2025-08-21 12:13:34", "elapsed": 12531.363649368286, "delta": 23.20999026298523}, "costs": {"total_cost": 1178.3902205431282, "time_cost": 150, "final_distance_cost": 46.44834759463915, "oscillation_cost": 0.12850829618056475, "completition_cost": 888.8888888888888, "overshoot_cost": 83.50221081376893, "power_cost": 3.5764651489257813, "noise_cost": 5.845799800725026, "n_waypoints_completed": 1, "tot_waypoints": 9}}
{"target": -180.88080548270486, "params": {"k_pid_pos": [1.2520196683293598, 0.0, 0.1011346341512443], "k_pid_alt": [0.9142987460595645, 0.0, 0.00799262036899756], "k_pid_att": [20.56917353691376, 0.0001, 0.6510037093393051], "k_pid_yaw": [0.5, 1e-06, 0.1], "k_pid_hsp": [0.24338126285341766, 0.0, 0.0], "k_pid_vsp": [397.20581733907915, 38.73141601362992, 14.035605268641973]}, "datetime": {"datetime": "2025-08-21 12:13:51", "elapsed": 12547.555369615555, "delta": 16.191720247268677}, "costs": {"total_cost": 180.88080548270486, "time_cost": 70.672, "final_distance_cost": 1.8309025760139708, "oscillation_cost": 30.556939416127754, "completition_cost": 0.0, "overshoot_cost": 50.718021301775025, "power_cost": 15.269623498535157, "noise_cost": 11.833318690252948, "n_waypoints_completed": 9, "tot_waypoints": 9}}
{"target": -186.20552236346964, "params": {"k_pid_pos": [0.9194472201892632, 0.0, 0.17131951481194602], "k_pid_alt": [1.0873251897567195, 0.0, 0.009926699274967319], "k_pid_att": [21.03103777224326, 0.0017438779625737928, 0.600214691782005], "k_pid_yaw": [0.5, 1e-06, 0.1], "k_pid_hsp": [0.11645528573286226, 0.0, 0.0], "k_pid_vsp": [400.0, 26.358530486342122, 21.07183475747944]}, "datetime": {"datetime": "2025-08-21 12:14:07", "elapsed": 12564.005829811096, "delta": 16.450460195541382}, "costs": {"total_cost": 186.20552236346964, "time_cost": 71.616, "final_distance_cost": 1.8191957911620105, "oscillation_cost": 25.201621534993098, "completition_cost": 0.0, "overshoot_cost": 51.6411573992053, "power_cost": 20.658967578125, "noise_cost": 15.268580059984236, "n_waypoints_completed": 9, "tot_waypoints": 9}}
{"target": -1224.8846691703188, "params": {"k_pid_pos": [1.0131464906345224, 0.0, 0.11719889891998558], "k_pid_alt": [1.0949566573502005, 0.0, 0.016542184270866227], "k_pid_att": [18.649436924492488, 0.0001, 0.5918320369667266], "k_pid_yaw": [0.5, 1e-06, 0.1], "k_pid_hsp": [0.0001, 0.0, 0.0], "k_pid_vsp": [400.0, 27.28857695246527, 11.259846693568605]}, "datetime": {"datetime": "2025-08-21 12:14:30", "elapsed": 12587.197860002518, "delta": 23.19203019142151}, "costs": {"total_cost": 1224.8846691703188, "time_cost": 150, "final_distance_cost": 46.12467906522005, "oscillation_cost": 0.38848658813520787, "completition_cost": 888.8888888888888, "overshoot_cost": 78.77964638671553, "power_cost": 37.09947164306641, "noise_cost": 23.603496598292757, "n_waypoints_completed": 1, "tot_waypoints": 9}}
{"target": -183.00822148685822, "params": {"k_pid_pos": [1.0823783153318371, 0.0, 0.1185148723563077], "k_pid_alt": [1.0592979050607716, 0.0, 0.011392309774551105], "k_pid_att": [3.8859225957645265, 0.0001, 0.7585358418382776], "k_pid_yaw": [0.5, 1e-06, 0.1], "k_pid_hsp": [0.08862357783812445, 0.0, 0.0], "k_pid_vsp": [400.0, 22.866008247691457, 14.07097837357106]}, "datetime": {"datetime": "2025-08-21 12:14:47", "elapsed": 12603.989384412766, "delta": 16.791524410247803}, "costs": {"total_cost": 183.00822148685822, "time_cost": 72.528, "final_distance_cost": 1.7541898420193727, "oscillation_cost": 24.411288466892817, "completition_cost": 0.0, "overshoot_cost": 52.40871017120674, "power_cost": 17.862876330566408, "noise_cost": 14.043156676172865, "n_waypoints_completed": 9, "tot_waypoints": 9}}
{"target": -182.3126864126515, "params": {"k_pid_pos": [1.0067367396195164, 0.0, 0.1348067472446815], "k_pid_alt": [1.4599056547031326, 0.0, 0.010674334233162427], "k_pid_att": [19.427674432893458, 0.0001, 0.4093679952807895], "k_pid_yaw": [0.5, 1e-06, 0.1], "k_pid_hsp": [0.06709956412800264, 0.0, 0.0], "k_pid_vsp": [400.0, 20.312340001732384, 9.225831952755705]}, "datetime": {"datetime": "2025-08-21 12:15:04", "elapsed": 12620.784596204758, "delta": 16.795211791992188}, "costs": {"total_cost": 182.3126864126515, "time_cost": 75.12, "final_distance_cost": 1.7968780398277122, "oscillation_cost": 24.301990125266855, "completition_cost": 0.0, "overshoot_cost": 53.37261188265272, "power_cost": 14.783272802734375, "noise_cost": 12.937933562169812, "n_waypoints_completed": 9, "tot_waypoints": 9}}
{"target": -176.57561743479866, "params": {"k_pid_pos": [1.3683095192180277, 0.0, 0.0022075946807201263], "k_pid_alt": [1.201764211623099, 0.0, 0.0], "k_pid_att": [24.08398760691499, 0.018372777816639083, 0.24563054970864096], "k_pid_yaw": [0.5, 1e-06, 0.1], "k_pid_hsp": [0.7572592320835642, 0.0, 0.0], "k_pid_vsp": [209.49192804579468, 19.86500593889469, 6.662642659757971]}, "datetime": {"datetime": "2025-08-21 12:15:20", "elapsed": 12636.691586494446, "delta": 15.90699028968811}, "costs": {"total_cost": 176.57561743479866, "time_cost": 69.60000000000001, "final_distance_cost": 1.792347952866033, "oscillation_cost": 32.118485647875, "completition_cost": 0.0, "overshoot_cost": 50.563006905060845, "power_cost": 11.547018676757814, "noise_cost": 10.954758252238934, "n_waypoints_completed": 9, "tot_waypoints": 9}}
{"target": -212.11337224096584, "params": {"k_pid_pos": [1.2508424660679527, 0.0, 0.13613855139903613], "k_pid_alt": [0.6708150103039096, 0.0, 0.005600470438299036], "k_pid_att": [26.787350359883217, 0.0001, 0.5744165351767142], "k_pid_yaw": [0.5, 1e-06, 0.1], "k_pid_hsp": [0.15334695547788396, 0.13442282580436044, 0.0], "k_pid_vsp": [400.0, 7.114518455587058, 18.40202475218358]}, "datetime": {"datetime": "2025-08-21 12:15:38", "elapsed": 12654.975440263748, "delta": 18.283853769302368}, "costs": {"total_cost": 212.11337224096584, "time_cost": 79.384, "final_distance_cost": 1.830079079630882, "oscillation_cost": 49.685118375756126, "completition_cost": 0.0, "overshoot_cost": 53.536792315733294, "power_cost": 15.342484960937501, "noise_cost": 12.334897508908067, "n_waypoints_completed": 9, "tot_waypoints": 9}}
{"target": -182.3298491756775, "params": {"k_pid_pos": [1.208603827684474, 0.0, 0.18432256195665125], "k_pid_alt": [0.8665834893946751, 0.0, 0.006745994868578279], "k_pid_att": [19.35965470748385, 0.0001, 0.7146182276967139], "k_pid_yaw": [0.5, 1e-06, 0.1], "k_pid_hsp": [0.12430063688868923, 0.0, 0.0], "k_pid_vsp": [400.0, 44.744775058570106, 17.370220403506426]}, "datetime": {"datetime": "2025-08-21 12:15:55", "elapsed": 12671.546592950821, "delta": 16.571152687072754}, "costs": {"total_cost": 182.3298491756775, "time_cost": 71.592, "final_distance_cost": 1.8226371861524062, "oscillation_cost": 28.65852018996185, "completition_cost": 0.0, "overshoot_cost": 51.48565273197291, "power_cost": 16.55683994140625, "noise_cost": 12.214199126184111, "n_waypoints_completed": 9, "tot_waypoints": 9}}
{"target": -185.90790251247628, "params": {"k_pid_pos": [1.2077721976440046, 0.0, 0.0], "k_pid_alt": [1.0068070603193557, 0.0, 0.009864834887404389], "k_pid_att": [33.639623849668595, 0.0001, 0.5680565742446869], "k_pid_yaw": [0.5, 1e-06, 0.1], "k_pid_hsp": [0.04674053863104877, 0.0009951697474015787, 0.0], "k_pid_vsp": [359.255112491765, 48.39537681882214, 12.212673294295763]}, "datetime": {"datetime": "2025-08-21 12:16:14", "elapsed": 12691.002101659775, "delta": 19.455508708953857}, "costs": {"total_cost": 185.90790251247628, "time_cost": 81.06400000000001, "final_distance_cost": 1.7553019093880906, "oscillation_cost": 23.701422724199823, "completition_cost": 0.0, "overshoot_cost": 54.30897475056962, "power_cost": 13.337975939941407, "noise_cost": 11.740227188377336, "n_waypoints_completed": 9, "tot_waypoints": 9}}
{"target": -1176.2077120877193, "params": {"k_pid_pos": [1.307244117537359, 0.0, 0.15632007576750967], "k_pid_alt": [1.2156826160789462, 0.0, 0.012149564963007167], "k_pid_att": [21.620319190910255, 0.0001, 0.5728183384490405], "k_pid_yaw": [0.5, 1e-06, 0.1], "k_pid_hsp": [0.0001, 0.0, 0.0], "k_pid_vsp": [400.0, 27.720669134437806, 17.014238380985205]}, "datetime": {"datetime": "2025-08-21 12:16:37", "elapsed": 12713.987253189087, "delta": 22.985151529312134}, "costs": {"total_cost": 1176.2077120877193, "time_cost": 150, "final_distance_cost": 46.53587626778141, "oscillation_cost": 0.1527200302201106, "completition_cost": 888.8888888888888, "overshoot_cost": 82.92138640772406, "power_cost": 2.8358884033203124, "noise_cost": 4.872952089784807, "n_waypoints_completed": 1, "tot_waypoints": 9}}
{"target": -1193.0959622744836, "params": {"k_pid_pos": [0.9239051576214985, 0.0, 0.12916846345969146], "k_pid_alt": [1.4699823120648199, 0.0, 0.0120533415035004], "k_pid_att": [27.288307394424343, 0.0001, 0.26071256881718297], "k_pid_yaw": [0.5, 1e-06, 0.1], "k_pid_hsp": [0.0001, 0.025349765409492638, 0.0], "k_pid_vsp": [400.0, 7.261669750278699, 29.432396574200705]}, "datetime": {"datetime": "2025-08-21 12:17:00", "elapsed": 12736.84527015686, "delta": 22.858016967773438}, "costs": {"total_cost": 1193.0959622744836, "time_cost": 150, "final_distance_cost": 62.83131389063277, "oscillation_cost": 10.810809253537839, "completition_cost": 888.8888888888888, "overshoot_cost": 69.73427911877519, "power_cost": 4.4036201171875, "noise_cost": 6.427051005461354, "n_waypoints_completed": 1, "tot_waypoints": 9}}
{"target": -176.48211895279914, "params": {"k_pid_pos": [1.29893770298862, 0.0, 0.11319467850490572], "k_pid_alt": [1.0717296039051167, 0.0, 0.009769816662966634], "k_pid_att": [20.761699912170858, 0.0001, 0.6218104821332], "k_pid_yaw": [0.5, 1e-06, 0.1], "k_pid_hsp": [0.30586786416577816, 0.0, 0.0], "k_pid_vsp": [400.0, 5.4254392946917065, 28.775591519380292]}, "datetime": {"datetime": "2025-08-21 12:17:16", "elapsed": 12753.066192865372, "delta": 16.220922708511353}, "costs": {"total_cost": 176.48211895279914, "time_cost": 70.56, "final_distance_cost": 1.8245331259254673, "oscillation_cost": 31.707705541383078, "completition_cost": 0.0, "overshoot_cost": 50.86724729584362, "power_cost": 11.702233923339845, "noise_cost": 9.820399066307155, "n_waypoints_completed": 9, "tot_waypoints": 9}}
{"target": -1202.908037782018, "params": {"k_pid_pos": [1.0580965093079207, 0.0, 0.14548173072235854], "k_pid_alt": [1.0696859039312054, 0.0, 0.006018292072786634], "k_pid_att": [35.80432983848482, 0.0001, 0.436271919395213], "k_pid_yaw": [0.5, 1e-06, 0.1], "k_pid_hsp": [0.0001, 0.007749868673276893, 0.0], "k_pid_vsp": [395.06191668988436, 1e-06, 17.795450991503422]}, "datetime": {"datetime": "2025-08-21 12:17:39", "elapsed": 12775.864858150482, "delta": 22.798665285110474}, "costs": {"total_cost": 1202.908037782018, "time_cost": 150, "final_distance_cost": 61.43896430465524, "oscillation_cost": 2.5855142692139834, "completition_cost": 888.8888888888888, "overshoot_cost": 92.15773497534097, "power_cost": 2.8775753051757813, "noise_cost": 4.959360038743503, "n_waypoints_completed": 1, "tot_waypoints": 9}}
{"target": -1208.0640475678658, "params": {"k_pid_pos": [1.076534861699728, 0.0, 0.11123622465516853], "k_pid_alt": [1.4088169393657568, 0.0, 0.013484108867664595], "k_pid_att": [56.13039958098976, 0.0001, 0.6004199820590024], "k_pid_yaw": [0.5, 1e-06, 0.1], "k_pid_hsp": [0.0001, 0.019965083630683597, 0.0], "k_pid_vsp": [400.0, 21.79219903160678, 28.138579420058527]}, "datetime": {"datetime": "2025-08-21 12:18:02", "elapsed": 12798.887635946274, "delta": 23.022777795791626}, "costs": {"total_cost": 1208.0640475678658, "time_cost": 150, "final_distance_cost": 66.14817395724178, "oscillation_cost": 12.139345546105147, "completition_cost": 888.8888888888888, "overshoot_cost": 70.47039501187953, "power_cost": 10.297106152343751, "noise_cost": 10.120138011406668, "n_waypoints_completed": 1, "tot_waypoints": 9}}
{"target": -178.44172893107668, "params": {"k_pid_pos": [1.1505737036065082, 0.0, 0.0], "k_pid_alt": [0.9478086157548073, 0.0, 0.0], "k_pid_att": [16.98065579288782, 0.0001, 0.530107843735943], "k_pid_yaw": [0.5, 1e-06, 0.1], "k_pid_hsp": [0.4346169294617904, 0.0, 0.0], "k_pid_vsp": [398.84891927687534, 49.18844308602246, 42.66255178940676]}, "datetime": {"datetime": "2025-08-21 12:18:18", "elapsed": 12815.09905910492, "delta": 16.21142315864563}, "costs": {"total_cost": 178.44172893107668, "time_cost": 70.04, "final_distance_cost": 1.8145143658087959, "oscillation_cost": 30.751690596186535, "completition_cost": 0.0, "overshoot_cost": 50.946891075384805, "power_cost": 13.85907626953125, "noise_cost": 11.0295566241653, "n_waypoints_completed": 9, "tot_waypoints": 9}}
{"target": -178.8635547128568, "params": {"k_pid_pos": [0.9480801142660107, 0.0, 0.006014819364832211], "k_pid_alt": [0.8106071774542021, 0.0, 0.0034034277350037056], "k_pid_att": [33.59314414698302, 0.0001, 0.5998401007256207], "k_pid_yaw": [0.5, 1e-06, 0.1], "k_pid_hsp": [0.289765279330612, 0.0, 0.0], "k_pid_vsp": [400.0, 42.04704456776199, 1.6829501209715518]}, "datetime": {"datetime": "2025-08-21 12:18:35", "elapsed": 12831.698110580444, "delta": 16.599051475524902}, "costs": {"total_cost": 178.8635547128568, "time_cost": 72.06400000000001, "final_distance_cost": 1.8291330768370435, "oscillation_cost": 28.336499988889507, "completition_cost": 0.0, "overshoot_cost": 51.32665748952094, "power_cost": 13.36342080078125, "noise_cost": 11.943843356828069, "n_waypoints_completed": 9, "tot_waypoints": 9}}
{"target": -194.25138609085263, "params": {"k_pid_pos": [1.7546975291982962, 0.0, 0.2921274721921197], "k_pid_alt": [1.1110534901498623, 0.0, 0.001867082359131373], "k_pid_att": [21.255795674754154, 0.0001, 0.6095364532480364], "k_pid_yaw": [0.5, 1e-06, 0.1], "k_pid_hsp": [0.059567846844226446, 0.0, 0.0], "k_pid_vsp": [399.1827269040832, 30.148026957767627, 24.89314771600267]}, "datetime": {"datetime": "2025-08-21 12:18:52", "elapsed": 12848.687573671341, "delta": 16.989463090896606}, "costs": {"total_cost": 194.25138609085263, "time_cost": 74.44800000000001, "final_distance_cost": 1.7634523550704886, "oscillation_cost": 26.409949856250197, "completition_cost": 0.0, "overshoot_cost": 54.530207003731434, "power_cost": 20.943698559570315, "noise_cost": 16.156078316230182, "n_waypoints_completed": 9, "tot_waypoints": 9}}
{"target": -1174.8922446732677, "params": {"k_pid_pos": [1.2189363326873983, 0.0, 0.11251549984294956], "k_pid_alt": [1.14195308548138, 0.0, 0.0029268556230427623], "k_pid_att": [13.304436370098143, 0.0001, 0.6896192123346717], "k_pid_yaw": [0.5, 1e-06, 0.1], "k_pid_hsp": [0.0001, 0.0, 0.0], "k_pid_vsp": [400.0, 6.928074266329546, 12.883867181406035]}, "datetime": {"datetime": "2025-08-21 12:19:15", "elapsed": 12871.449456691742, "delta": 22.761883020401}, "costs": {"total_cost": 1174.8922446732677, "time_cost": 150, "final_distance_cost": 46.44017793073531, "oscillation_cost": 0.07843792527712512, "completition_cost": 888.8888888888888, "overshoot_cost": 82.01445944860313, "power_cost": 2.755352709960938, "noise_cost": 4.714927769802489, "n_waypoints_completed": 1, "tot_waypoints": 9}}
