{"target": -189.85846084100575, "params": {"k_pid_pos": [1.2992009010782402, 0.0, 0.051356868840201596], "k_pid_alt": [0.9186182863479286, 0.0, 0.0034191603613681065], "k_pid_att": [12.353908042842427, 0.0001, 0.6318054305518312], "k_pid_yaw": [0.5, 1e-06, 0.1], "k_pid_hsp": [0.10975313284562432, 0.0035558709268245082, 0.0], "k_pid_vsp": [400.0, 14.977434848482298, 24.533379321433138]}, "datetime": {"datetime": "2025-08-21 15:19:26", "elapsed": 23682.56680870056, "delta": 17.13652205467224}, "costs": {"total_cost": 189.85846084100575, "time_cost": 71.824, "final_distance_cost": 1.7805933730395775, "oscillation_cost": 29.26468608437602, "completition_cost": 0.0, "overshoot_cost": 51.890659456077394, "power_cost": 20.108431372070314, "noise_cost": 14.990090555442475, "n_waypoints_completed": 9, "tot_waypoints": 9}}
{"target": -186.19711598402554, "params": {"k_pid_pos": [1.307245319359568, 0.0, 0.14024886142497128], "k_pid_alt": [0.9598315057008958, 0.0, 0.009786642526042819], "k_pid_att": [15.734042988161054, 0.0001, 0.6165300409465762], "k_pid_yaw": [0.5, 1e-06, 0.1], "k_pid_hsp": [0.1532205046228755, 0.004936508830163967, 0.0], "k_pid_vsp": [389.8002980952516, 17.258157782225148, 19.52984374972729]}, "datetime": {"datetime": "2025-08-21 15:19:42", "elapsed": 23699.180361032486, "delta": 16.61355233192444}, "costs": {"total_cost": 186.19711598402554, "time_cost": 71.28, "final_distance_cost": 1.7896641047119803, "oscillation_cost": 29.78522624114315, "completition_cost": 0.0, "overshoot_cost": 51.54953293827768, "power_cost": 18.064652575683596, "noise_cost": 13.728040124209134, "n_waypoints_completed": 9, "tot_waypoints": 9}}
{"target": -181.4106457917439, "params": {"k_pid_pos": [1.1246470399459663, 0.0, 0.16210684658257696], "k_pid_alt": [1.279718043108208, 0.0, 0.017817193593633082], "k_pid_att": [14.829079962222998, 0.0001, 0.6450178345076091], "k_pid_yaw": [0.5, 1e-06, 0.1], "k_pid_hsp": [0.13985480591674945, 0.0030925145769521677, 0.0], "k_pid_vsp": [394.146860484955, 26.78399574591691, 19.479930481637773]}, "datetime": {"datetime": "2025-08-21 15:19:59", "elapsed": 23715.795013666153, "delta": 16.614652633666992}, "costs": {"total_cost": 181.4106457917439, "time_cost": 71.032, "final_distance_cost": 1.81906787019458, "oscillation_cost": 27.391269121774997, "completition_cost": 0.0, "overshoot_cost": 51.050493104482506, "power_cost": 17.013190661621096, "noise_cost": 13.104625033670686, "n_waypoints_completed": 9, "tot_waypoints": 9}}
{"target": -178.52218249683457, "params": {"k_pid_pos": [1.1241130812978988, 0.0, 0.07607310796120541], "k_pid_alt": [1.3646194591107978, 0.0, 0.016040349283076853], "k_pid_att": [8.950092579500847, 0.00826245500897159, 0.643111540198469], "k_pid_yaw": [0.5, 1e-06, 0.1], "k_pid_hsp": [0.1038935112206184, 0.0015978485195087685, 0.0], "k_pid_vsp": [400.0, 20.235058090261735, 19.549546803413364]}, "datetime": {"datetime": "2025-08-21 15:20:16", "elapsed": 23732.756727218628, "delta": 16.961713552474976}, "costs": {"total_cost": 178.52218249683457, "time_cost": 71.2, "final_distance_cost": 1.800985084660255, "oscillation_cost": 27.11466881822388, "completition_cost": 0.0, "overshoot_cost": 52.08375908541304, "power_cost": 14.549767651367189, "noise_cost": 11.77300185717021, "n_waypoints_completed": 9, "tot_waypoints": 9}}
{"target": -174.28970139089049, "params": {"k_pid_pos": [1.1589189518869243, 0.0, 0.13416041910831353], "k_pid_alt": [1.1846548398399182, 0.0, 0.021203450930582658], "k_pid_att": [15.072987530542814, 0.0001, 0.6283174555598308], "k_pid_yaw": [0.5, 1e-06, 0.1], "k_pid_hsp": [0.10510073525790715, 0.00294534626516089, 0.0], "k_pid_vsp": [394.5176796564334, 19.79611405107346, 20.898572569222694]}, "datetime": {"datetime": "2025-08-21 15:20:32", "elapsed": 23748.790781021118, "delta": 16.034053802490234}, "costs": {"total_cost": 174.28970139089049, "time_cost": 71.296, "final_distance_cost": 1.8115233473612347, "oscillation_cost": 27.394716184033253, "completition_cost": 0.0, "overshoot_cost": 51.7945664525095, "power_cost": 12.232317395019532, "noise_cost": 9.760578011966983, "n_waypoints_completed": 9, "tot_waypoints": 9}}
{"target": -186.13003634402952, "params": {"k_pid_pos": [1.1077672881033516, 0.0, 0.13027340445733088], "k_pid_alt": [1.27936822625956, 0.0, 0.015255032027768152], "k_pid_att": [10.934357583342976, 0.0001, 0.637022253435573], "k_pid_yaw": [0.5, 1e-06, 0.1], "k_pid_hsp": [0.2788445988770839, 0.001363470167903411, 0.0], "k_pid_vsp": [400.0, 43.74802376128578, 15.777451678834918]}, "datetime": {"datetime": "2025-08-21 15:20:48", "elapsed": 23765.384594917297, "delta": 16.5938138961792}, "costs": {"total_cost": 186.13003634402952, "time_cost": 70.912, "final_distance_cost": 1.8347522900347737, "oscillation_cost": 29.210629177628782, "completition_cost": 0.0, "overshoot_cost": 51.81816576640166, "power_cost": 18.825828869628907, "noise_cost": 13.528660240335364, "n_waypoints_completed": 9, "tot_waypoints": 9}}
{"target": -185.11762888162096, "params": {"k_pid_pos": [0.9642050937288463, 0.0, 0.1408700656208435], "k_pid_alt": [1.0306510288171564, 0.0, 0.014943826472679674], "k_pid_att": [15.6600239019468, 0.0001, 0.5402808664272485], "k_pid_yaw": [0.5, 1e-06, 0.1], "k_pid_hsp": [0.11341245175095668, 0.004120180731675738, 0.0], "k_pid_vsp": [400.0, 49.363334668226656, 19.2994675606947]}, "datetime": {"datetime": "2025-08-21 15:21:05", "elapsed": 23782.239506959915, "delta": 16.854912042617798}, "costs": {"total_cost": 185.11762888162096, "time_cost": 70.856, "final_distance_cost": 1.8167116537657009, "oscillation_cost": 25.89803241965881, "completition_cost": 0.0, "overshoot_cost": 50.989881834533634, "power_cost": 20.455212036132814, "noise_cost": 15.101790937529987, "n_waypoints_completed": 9, "tot_waypoints": 9}}
{"target": -170.9122078391224, "params": {"k_pid_pos": [1.006213269745193, 0.0, 0.13744547724960002], "k_pid_alt": [1.0553020960900668, 0.0, 0.008471462584087527], "k_pid_att": [27.914405609166828, 0.0001, 0.5891561106691727], "k_pid_yaw": [0.5, 1e-06, 0.1], "k_pid_hsp": [0.38716598724768186, 0.0021958066170406354, 0.0], "k_pid_vsp": [400.0, 49.942343817317315, 13.050266721498161]}, "datetime": {"datetime": "2025-08-21 15:21:21", "elapsed": 23798.365621089935, "delta": 16.12611413002014}, "costs": {"total_cost": 170.9122078391224, "time_cost": 71.544, "final_distance_cost": 1.8430572768415883, "oscillation_cost": 29.002342292089793, "completition_cost": 0.0, "overshoot_cost": 51.30768947402986, "power_cost": 8.838645556640625, "noise_cost": 8.376473239520562, "n_waypoints_completed": 9, "tot_waypoints": 9}}
{"target": -1197.7630509145024, "params": {"k_pid_pos": [1.1390281485661702, 0.0, 0.13601270112132227], "k_pid_alt": [1.2301669521356897, 0.0, 0.015541514668113814], "k_pid_att": [12.647982787107194, 0.0001, 0.6392367530839718], "k_pid_yaw": [0.5, 1e-06, 0.1], "k_pid_hsp": [0.0001, 0.0040969483817368604, 0.0], "k_pid_vsp": [400.0, 38.60885436445918, 17.46348968677522]}, "datetime": {"datetime": "2025-08-21 15:21:45", "elapsed": 23821.669380426407, "delta": 23.303759336471558}, "costs": {"total_cost": 1197.7630509145024, "time_cost": 150, "final_distance_cost": 54.906102147962656, "oscillation_cost": 0.5272847935657532, "completition_cost": 888.8888888888888, "overshoot_cost": 94.93230321020877, "power_cost": 3.180754541015625, "noise_cost": 5.327717332860546, "n_waypoints_completed": 1, "tot_waypoints": 9}}
{"target": -191.89411377687026, "params": {"k_pid_pos": [1.1683562506465206, 0.0, 0.1349526575142354], "k_pid_alt": [1.1622634119731845, 0.0, 0.017709226243949154], "k_pid_att": [16.21446080302044, 0.0001, 0.6106656386918518], "k_pid_yaw": [0.5, 1e-06, 0.1], "k_pid_hsp": [0.06113869058983773, 0.0029937277981695494, 0.0], "k_pid_vsp": [400.0, 25.716646542769148, 14.538483279079944]}, "datetime": {"datetime": "2025-08-21 15:22:02", "elapsed": 23839.38347029686, "delta": 17.71408987045288}, "costs": {"total_cost": 191.89411377687026, "time_cost": 76.056, "final_distance_cost": 1.7799035174743825, "oscillation_cost": 25.709347633028045, "completition_cost": 0.0, "overshoot_cost": 53.03130764005644, "power_cost": 20.147319494628906, "noise_cost": 15.170235491682483, "n_waypoints_completed": 9, "tot_waypoints": 9}}
{"target": -188.26729136661734, "params": {"k_pid_pos": [1.1093613038794028, 0.0, 0.18819595241650022], "k_pid_alt": [1.1422755826763218, 0.0, 0.011472622302037149], "k_pid_att": [11.404030775026612, 0.0001, 0.955373764202367], "k_pid_yaw": [0.5, 1e-06, 0.1], "k_pid_hsp": [0.17244429175955076, 0.003737410076177198, 0.0], "k_pid_vsp": [400.0, 50.44900663325572, 17.998556094786665]}, "datetime": {"datetime": "2025-08-21 15:22:19", "elapsed": 23856.13327240944, "delta": 16.749802112579346}, "costs": {"total_cost": 188.26729136661734, "time_cost": 71.152, "final_distance_cost": 1.8133041716588507, "oscillation_cost": 27.548011617182723, "completition_cost": 0.0, "overshoot_cost": 51.85762726430545, "power_cost": 20.67037889404297, "noise_cost": 15.225969419427344, "n_waypoints_completed": 9, "tot_waypoints": 9}}
{"target": -162.71716832449493, "params": {"k_pid_pos": [1.1399132339730178, 0.0, 0.12870123837782757], "k_pid_alt": [1.3347471841716583, 0.0, 0.015095482363079681], "k_pid_att": [20.19096455037804, 0.0001, 0.6216650295573765], "k_pid_yaw": [0.5, 1e-06, 0.1], "k_pid_hsp": [0.15088051730036622, 0.0015197949446526878, 0.0], "k_pid_vsp": [400.0, 26.398903402385862, 22.893990567448256]}, "datetime": {"datetime": "2025-08-21 15:22:35", "elapsed": 23871.94664478302, "delta": 15.813372373580933}, "costs": {"total_cost": 162.71716832449493, "time_cost": 70.408, "final_distance_cost": 1.7972628024063035, "oscillation_cost": 27.979828893488644, "completition_cost": 0.0, "overshoot_cost": 51.06766222686377, "power_cost": 5.291880029296875, "noise_cost": 6.172534372439332, "n_waypoints_completed": 9, "tot_waypoints": 9}}
{"target": -184.36018797207672, "params": {"k_pid_pos": [1.068936348520467, 0.0, 0.12371754416413644], "k_pid_alt": [1.2176272661119412, 0.0, 0.018555686597459344], "k_pid_att": [29.450023637977125, 0.0001, 0.5073331796783839], "k_pid_yaw": [0.5, 1e-06, 0.1], "k_pid_hsp": [0.3084177755346419, 0.003097359531789006, 0.0], "k_pid_vsp": [400.0, 57.80783211743666, 24.914484117742397]}, "datetime": {"datetime": "2025-08-21 15:22:52", "elapsed": 23889.171669006348, "delta": 17.225024223327637}, "costs": {"total_cost": 184.36018797207672, "time_cost": 71.44, "final_distance_cost": 1.8368305449338986, "oscillation_cost": 28.943677233562752, "completition_cost": 0.0, "overshoot_cost": 51.40893122146914, "power_cost": 16.90867498779297, "noise_cost": 13.822073984317937, "n_waypoints_completed": 9, "tot_waypoints": 9}}
{"target": -183.74642483404733, "params": {"k_pid_pos": [1.099184765766473, 0.0, 0.1443994184243648], "k_pid_alt": [1.2293153961871712, 0.0, 0.009157253936050502], "k_pid_att": [16.88309530387076, 0.0001, 0.6016528186418563], "k_pid_yaw": [0.5, 1e-06, 0.1], "k_pid_hsp": [0.1549057246892348, 0.004790586060674475, 0.0], "k_pid_vsp": [399.6656346302966, 49.330027862861385, 20.72537037567741]}, "datetime": {"datetime": "2025-08-21 15:23:08", "elapsed": 23904.813503026962, "delta": 15.641834020614624}, "costs": {"total_cost": 183.74642483404733, "time_cost": 69.936, "final_distance_cost": 1.8069318182699228, "oscillation_cost": 27.945575238884558, "completition_cost": 0.0, "overshoot_cost": 51.01000057639537, "power_cost": 19.281109997558595, "noise_cost": 13.766807202938868, "n_waypoints_completed": 9, "tot_waypoints": 9}}
{"target": -183.50108628714307, "params": {"k_pid_pos": [1.1308768107655336, 0.0, 0.13975839987155847], "k_pid_alt": [1.120225187615323, 0.0, 0.016100460570738356], "k_pid_att": [11.089773263971152, 0.0001, 0.6397331294372471], "k_pid_yaw": [0.5, 1e-06, 0.1], "k_pid_hsp": [0.1212494887939525, 0.003236432812851351, 0.0], "k_pid_vsp": [398.2280996187774, 16.547027135644907, 18.535419080909094]}, "datetime": {"datetime": "2025-08-21 15:23:25", "elapsed": 23921.588042259216, "delta": 16.77453923225403}, "costs": {"total_cost": 183.50108628714307, "time_cost": 70.784, "final_distance_cost": 1.805926095026511, "oscillation_cost": 27.677100771368167, "completition_cost": 0.0, "overshoot_cost": 51.19090180032879, "power_cost": 18.180402246093752, "noise_cost": 13.862755374325841, "n_waypoints_completed": 9, "tot_waypoints": 9}}
{"target": -166.51712860507848, "params": {"k_pid_pos": [1.1119792363015302, 0.0, 0.15858135921490288], "k_pid_alt": [1.186345823265487, 0.0, 0.0], "k_pid_att": [8.356278116100961, 0.0001, 0.578916043237336], "k_pid_yaw": [0.5, 1e-06, 0.1], "k_pid_hsp": [0.13950132674433843, 0.005623566558424168, 0.0], "k_pid_vsp": [393.170050135792, 39.96737354200653, 20.204356822832874]}, "datetime": {"datetime": "2025-08-21 15:23:41", "elapsed": 23938.182010412216, "delta": 16.593968152999878}, "costs": {"total_cost": 166.51712860507848, "time_cost": 70.776, "final_distance_cost": 1.800213100374199, "oscillation_cost": 27.539822685755954, "completition_cost": 0.0, "overshoot_cost": 51.22677387569249, "power_cost": 7.489863757324219, "noise_cost": 7.684455185931626, "n_waypoints_completed": 9, "tot_waypoints": 9}}
{"target": -163.08804873115076, "params": {"k_pid_pos": [1.197948191507341, 0.0, 0.27529474209961274], "k_pid_alt": [1.4413505196867689, 0.0, 0.0015474091230395259], "k_pid_att": [22.2075067787278, 0.0001, 0.661243432159214], "k_pid_yaw": [0.5, 1e-06, 0.1], "k_pid_hsp": [0.40994934942181227, 0.0, 0.0], "k_pid_vsp": [395.70566423461844, 6.240789071601057, 37.21927155279999]}, "datetime": {"datetime": "2025-08-21 15:23:57", "elapsed": 23954.342012643814, "delta": 16.1600022315979}, "costs": {"total_cost": 163.08804873115076, "time_cost": 71.2, "final_distance_cost": 1.8441188973795866, "oscillation_cost": 29.855768034003066, "completition_cost": 0.0, "overshoot_cost": 50.70734819561042, "power_cost": 4.178566101074219, "noise_cost": 5.3022475030834695, "n_waypoints_completed": 9, "tot_waypoints": 9}}
{"target": -181.47696002383339, "params": {"k_pid_pos": [1.1262291407922826, 0.0, 0.14497541381323117], "k_pid_alt": [1.1605370792941374, 0.0, 0.016986605106758007], "k_pid_att": [30.095242143084423, 0.0001, 0.5551554448373582], "k_pid_yaw": [0.5, 1e-06, 0.1], "k_pid_hsp": [0.17699418368312952, 0.001732838637133456, 0.0], "k_pid_vsp": [400.0, 47.00017642533489, 17.150190845550192]}, "datetime": {"datetime": "2025-08-21 15:24:14", "elapsed": 23971.355674743652, "delta": 17.013662099838257}, "costs": {"total_cost": 181.47696002383339, "time_cost": 70.904, "final_distance_cost": 1.8072080604123577, "oscillation_cost": 28.443538847264364, "completition_cost": 0.0, "overshoot_cost": 51.671188176113766, "power_cost": 16.149480712890625, "noise_cost": 12.501544227152262, "n_waypoints_completed": 9, "tot_waypoints": 9}}
{"target": -1217.251230669328, "params": {"k_pid_pos": [1.033260020295851, 0.0, 0.11068771859756522], "k_pid_alt": [1.1480542734729462, 0.0, 0.010336335480647895], "k_pid_att": [18.11024078770077, 0.0001, 0.662677617649954], "k_pid_yaw": [0.5, 1e-06, 0.1], "k_pid_hsp": [0.0001, 0.0008384243752936071, 0.0], "k_pid_vsp": [400.0, 39.76490330106181, 26.046672118045173]}, "datetime": {"datetime": "2025-08-21 15:24:39", "elapsed": 23996.035792827606, "delta": 24.680118083953857}, "costs": {"total_cost": 1217.251230669328, "time_cost": 150, "final_distance_cost": 62.086755365975606, "oscillation_cost": 0.7248573664497595, "completition_cost": 888.8888888888888, "overshoot_cost": 94.29981353923311, "power_cost": 11.504821484375, "noise_cost": 9.746094024405608, "n_waypoints_completed": 1, "tot_waypoints": 9}}
{"target": -1227.929412061287, "params": {"k_pid_pos": [1.091920486522797, 0.0, 0.13813962013044565], "k_pid_alt": [1.0411871579056067, 0.0, 0.016694665377488784], "k_pid_att": [5.802597398048501, 0.0001, 0.6267314242284379], "k_pid_yaw": [0.5, 1e-06, 0.1], "k_pid_hsp": [0.0001, 0.0030090744748830127, 0.0], "k_pid_vsp": [400.0, 22.728335585645155, 59.9722322756158]}, "datetime": {"datetime": "2025-08-21 15:25:03", "elapsed": 24019.482159614563, "delta": 23.446366786956787}, "costs": {"total_cost": 1227.929412061287, "time_cost": 150, "final_distance_cost": 55.23346988115867, "oscillation_cost": 0.6080706855433358, "completition_cost": 888.8888888888888, "overshoot_cost": 93.44522272019185, "power_cost": 22.93513966064453, "noise_cost": 16.818620224859597, "n_waypoints_completed": 1, "tot_waypoints": 9}}
{"target": -179.1811450277559, "params": {"k_pid_pos": [1.1897666848692077, 0.0, 0.1283458326230411], "k_pid_alt": [1.2984532601374463, 0.0, 0.0], "k_pid_att": [14.020219303555121, 0.0001, 0.6447490948676663], "k_pid_yaw": [0.5, 1e-06, 0.1], "k_pid_hsp": [0.4802013022564986, 0.0003328220054563788, 0.0], "k_pid_vsp": [400.0, 48.13187948003543, 20.241001764284896]}, "datetime": {"datetime": "2025-08-21 15:25:19", "elapsed": 24035.493010759354, "delta": 16.01085114479065}, "costs": {"total_cost": 179.1811450277559, "time_cost": 70.656, "final_distance_cost": 1.8274859574518405, "oscillation_cost": 30.61145769341552, "completition_cost": 0.0, "overshoot_cost": 50.916474247951975, "power_cost": 13.588639001464845, "noise_cost": 11.581088127471691, "n_waypoints_completed": 9, "tot_waypoints": 9}}
{"target": -174.03738184452632, "params": {"k_pid_pos": [1.1804834341622037, 0.0, 0.13252961654834233], "k_pid_alt": [1.2553921186861825, 0.0, 0.014339315009159925], "k_pid_att": [19.39142788908841, 0.0001, 0.5139545278471424], "k_pid_yaw": [0.5, 1e-06, 0.1], "k_pid_hsp": [0.5072826893548001, 0.004066717524055635, 0.0], "k_pid_vsp": [400.0, 43.815938278819274, 12.571430878137097]}, "datetime": {"datetime": "2025-08-21 15:25:35", "elapsed": 24052.06514930725, "delta": 16.57213854789734}, "costs": {"total_cost": 174.03738184452632, "time_cost": 70.072, "final_distance_cost": 1.8351185435719304, "oscillation_cost": 30.72866105738743, "completition_cost": 0.0, "overshoot_cost": 50.420699878768595, "power_cost": 11.080832287597657, "noise_cost": 9.900070077200729, "n_waypoints_completed": 9, "tot_waypoints": 9}}
{"target": -172.9572961272097, "params": {"k_pid_pos": [1.123001537033337, 0.0, 0.15564350610676983], "k_pid_alt": [0.9503224656964995, 0.0, 0.01218451356734202], "k_pid_att": [12.882210525956559, 0.0001, 0.6073592508817216], "k_pid_yaw": [0.5, 1e-06, 0.1], "k_pid_hsp": [0.12229705674268868, 0.0021870375220920044, 0.0], "k_pid_vsp": [400.0, 24.197263309653646, 16.45032813416675]}, "datetime": {"datetime": "2025-08-21 15:25:51", "elapsed": 24068.1685860157, "delta": 16.103436708450317}, "costs": {"total_cost": 172.9572961272097, "time_cost": 71.296, "final_distance_cost": 1.8029838103349414, "oscillation_cost": 27.44234510160289, "completition_cost": 0.0, "overshoot_cost": 51.65713859627243, "power_cost": 10.920739404296876, "noise_cost": 9.838089214702553, "n_waypoints_completed": 9, "tot_waypoints": 9}}
{"target": -214.5543800389451, "params": {"k_pid_pos": [1.1630650528270656, 0.0, 0.13729159109165598], "k_pid_alt": [1.4299607817533193, 0.0, 0.017068717518770787], "k_pid_att": [25.942603532504947, 0.0001, 0.6119447052923022], "k_pid_yaw": [0.5, 1e-06, 0.1], "k_pid_hsp": [0.2213165493656837, 0.0007189491314122682, 0.0], "k_pid_vsp": [393.33657395114085, 54.21195887812307, 21.24224631169121]}, "datetime": {"datetime": "2025-08-21 15:26:12", "elapsed": 24089.17068195343, "delta": 21.002095937728882}, "costs": {"total_cost": 214.5543800389451, "time_cost": 86.06400000000001, "final_distance_cost": 1.8139802612628944, "oscillation_cost": 29.38005762872772, "completition_cost": 0.0, "overshoot_cost": 56.79663457061123, "power_cost": 23.11287908935547, "noise_cost": 17.386828488987792, "n_waypoints_completed": 9, "tot_waypoints": 9}}
{"target": -192.3106624346451, "params": {"k_pid_pos": [1.1226347570170878, 0.0, 0.13995288983233087], "k_pid_alt": [1.256896216446338, 0.0, 0.016180577396825453], "k_pid_att": [14.61382827020567, 0.0001, 0.631153975001391], "k_pid_yaw": [0.5, 1e-06, 0.1], "k_pid_hsp": [0.11963391151119492, 0.0050498448688266395, 0.0], "k_pid_vsp": [400.0, 40.70029322043975, 16.323351681265304]}, "datetime": {"datetime": "2025-08-21 15:26:30", "elapsed": 24107.037524700165, "delta": 17.86684274673462}, "costs": {"total_cost": 192.3106624346451, "time_cost": 72.19200000000001, "final_distance_cost": 1.7904967757561303, "oscillation_cost": 28.87047121720517, "completition_cost": 0.0, "overshoot_cost": 51.51695639039452, "power_cost": 21.98112224121094, "noise_cost": 15.959615810078326, "n_waypoints_completed": 9, "tot_waypoints": 9}}
{"target": -176.3381168525461, "params": {"k_pid_pos": [1.0725751189280923, 0.0, 0.13397447734386947], "k_pid_alt": [1.1559015930882217, 0.0, 0.011131577246718195], "k_pid_att": [43.315349316122926, 0.0001, 0.0020215420783816773], "k_pid_yaw": [0.5, 1e-06, 0.1], "k_pid_hsp": [0.32590140075229174, 0.052945480584027156, 0.0], "k_pid_vsp": [375.1668730331234, 51.44527309059826, 34.78626123525204]}, "datetime": {"datetime": "2025-08-21 15:26:46", "elapsed": 24122.755722522736, "delta": 15.7181978225708}, "costs": {"total_cost": 176.3381168525461, "time_cost": 69.424, "final_distance_cost": 1.8465169728269022, "oscillation_cost": 34.8826927815047, "completition_cost": 0.0, "overshoot_cost": 49.78363277616317, "power_cost": 11.107042248535157, "noise_cost": 9.294232073516193, "n_waypoints_completed": 9, "tot_waypoints": 9}}
