{"target": -1177.4393185280342, "params": {"k_pid_pos": [1.1238129568024275, 0.0, 0.0651655473496061], "k_pid_alt": [1.075213752092984, 0.0, 0.01198949967348947], "k_pid_att": [34.2102758789938, 0.0001, 0.34514048592600516], "k_pid_yaw": [0.5, 1e-06, 0.1], "k_pid_hsp": [0.0001, 0.0, 0.0], "k_pid_vsp": [400.0, 29.083127581030013, 19.600902150071626]}, "datetime": {"datetime": "2025-08-21 12:01:36", "elapsed": 11812.660227298737, "delta": 26.101584672927856}, "costs": {"total_cost": 1177.4393185280342, "time_cost": 150, "final_distance_cost": 46.18348256501254, "oscillation_cost": 0.13037698874246564, "completition_cost": 888.8888888888888, "overshoot_cost": 81.46180359282341, "power_cost": 4.518762133789063, "noise_cost": 6.256004358778042, "n_waypoints_completed": 1, "tot_waypoints": 9}}
{"target": -175.39595077762104, "params": {"k_pid_pos": [1.1802802107063985, 0.0, 0.008015166414017533], "k_pid_alt": [0.886078973760903, 0.0, 0.013158470148393876], "k_pid_att": [19.591399626736646, 0.0001, 0.759152621044723], "k_pid_yaw": [0.5, 1e-06, 0.1], "k_pid_hsp": [1.0784595814219464, 0.0, 0.0], "k_pid_vsp": [400.0, 10.30268718297804, 1e-06]}, "datetime": {"datetime": "2025-08-21 12:01:54", "elapsed": 11831.075969696045, "delta": 18.41574239730835}, "costs": {"total_cost": 175.39595077762104, "time_cost": 71.232, "final_distance_cost": 1.8230604184374521, "oscillation_cost": 31.132171310292634, "completition_cost": 0.0, "overshoot_cost": 51.03814732747249, "power_cost": 9.998455834960938, "noise_cost": 10.172115886457522, "n_waypoints_completed": 9, "tot_waypoints": 9}}
{"target": -187.4819241783327, "params": {"k_pid_pos": [1.6857166818141716, 0.0, 0.0784655966370911], "k_pid_alt": [1.9517435368319778, 0.0, 0.01730290809159122], "k_pid_att": [20.85398072685695, 0.0001, 0.9448857143280862], "k_pid_yaw": [0.5, 1e-06, 0.1], "k_pid_hsp": [0.9540382923784364, 0.0, 0.0], "k_pid_vsp": [400.0, 32.4013125224309, 16.236736495684088]}, "datetime": {"datetime": "2025-08-21 12:02:12", "elapsed": 11849.1870200634, "delta": 18.111050367355347}, "costs": {"total_cost": 187.4819241783327, "time_cost": 70.136, "final_distance_cost": 1.7540492973426316, "oscillation_cost": 35.93685891616159, "completition_cost": 0.0, "overshoot_cost": 51.10961574909649, "power_cost": 16.132370544433595, "noise_cost": 12.413029671298387, "n_waypoints_completed": 9, "tot_waypoints": 9}}
{"target": -184.94644143079088, "params": {"k_pid_pos": [1.0735152085501425, 0.04603896611451416, 0.102737907309665], "k_pid_alt": [1.3535249705990595, 0.0, 0.003634343100421246], "k_pid_att": [14.180794162902387, 1.0865090605040706, 0.3765720197983739], "k_pid_yaw": [0.5, 1e-06, 0.1], "k_pid_hsp": [0.5410693837513529, 0.0, 0.0], "k_pid_vsp": [369.5422944951151, 14.703034636946022, 12.57039233155884]}, "datetime": {"datetime": "2025-08-21 12:02:29", "elapsed": 11866.206610918045, "delta": 17.019590854644775}, "costs": {"total_cost": 184.94644143079088, "time_cost": 70.47200000000001, "final_distance_cost": 1.8263416734401814, "oscillation_cost": 30.999217996586065, "completition_cost": 0.0, "overshoot_cost": 50.53192454609527, "power_cost": 17.67628933105469, "noise_cost": 13.440667883614667, "n_waypoints_completed": 9, "tot_waypoints": 9}}
{"target": -171.99954110762582, "params": {"k_pid_pos": [1.4667667508035458, 0.0, 0.17303443305067023], "k_pid_alt": [0.6372965638797813, 0.0, 0.0], "k_pid_att": [18.310104169796794, 0.0001, 0.6396415006870994], "k_pid_yaw": [0.5, 1e-06, 0.1], "k_pid_hsp": [0.18813575075461575, 0.0, 0.0], "k_pid_vsp": [400.0, 26.178878586387135, 19.21852110901025]}, "datetime": {"datetime": "2025-08-21 12:02:46", "elapsed": 11883.189999580383, "delta": 16.983388662338257}, "costs": {"total_cost": 171.99954110762582, "time_cost": 72.896, "final_distance_cost": 1.7971220340830247, "oscillation_cost": 30.747438501371867, "completition_cost": 0.0, "overshoot_cost": 50.999756451012615, "power_cost": 7.740589965820313, "noise_cost": 7.8186341553379926, "n_waypoints_completed": 9, "tot_waypoints": 9}}
{"target": -1178.8641276075732, "params": {"k_pid_pos": [1.139397221644089, 0.025738369888590733, 0.06272970986247856], "k_pid_alt": [0.6887681878026048, 0.0, 0.000387624455792635], "k_pid_att": [7.587416661804658, 0.2488635284818524, 0.35127400442136786], "k_pid_yaw": [0.5, 1e-06, 0.1], "k_pid_hsp": [0.0001, 0.0, 0.0], "k_pid_vsp": [400.0, 9.809050806329303, 10.792122725744498]}, "datetime": {"datetime": "2025-08-21 12:03:12", "elapsed": 11908.886590719223, "delta": 25.69659113883972}, "costs": {"total_cost": 1178.8641276075732, "time_cost": 150, "final_distance_cost": 46.32782219164765, "oscillation_cost": 0.13582711682472354, "completition_cost": 888.8888888888888, "overshoot_cost": 82.23196677277417, "power_cost": 4.817800219726562, "noise_cost": 6.461822417711519, "n_waypoints_completed": 1, "tot_waypoints": 9}}
{"target": -1248.9241130289877, "params": {"k_pid_pos": [1.183635851425626, 0.0, 0.14353086417498195], "k_pid_alt": [1.080504623797006, 0.000336538229180591, 0.011577881687471044], "k_pid_att": [21.372912668405405, 0.0001, 0.5127174255336172], "k_pid_yaw": [0.5, 1e-06, 0.1], "k_pid_hsp": [0.0001, 0.010732568237616105, 0.0], "k_pid_vsp": [397.2202659204808, 38.61187709145917, 19.936679971129756]}, "datetime": {"datetime": "2025-08-21 12:03:37", "elapsed": 11934.098919153214, "delta": 25.21232843399048}, "costs": {"total_cost": 1248.9241130289877, "time_cost": 150, "final_distance_cost": 59.92610223990125, "oscillation_cost": 2.8944858111924328, "completition_cost": 888.8888888888888, "overshoot_cost": 88.54240198773316, "power_cost": 35.43754678955078, "noise_cost": 23.23468731172093, "n_waypoints_completed": 1, "tot_waypoints": 9}}
{"target": -1160.3229939157388, "params": {"k_pid_pos": [0.787333692175217, 0.0, 0.16470522022111117], "k_pid_alt": [1.226170421084245, 0.0, 0.015357783741667524], "k_pid_att": [11.978226625704021, 0.003646222590015993, 0.3050448804637834], "k_pid_yaw": [0.5, 1e-06, 0.1], "k_pid_hsp": [0.0001, 0.0, 0.0], "k_pid_vsp": [400.0, 24.37374605346161, 11.409539857484692]}, "datetime": {"datetime": "2025-08-21 12:04:01", "elapsed": 11957.470301866531, "delta": 23.37138271331787}, "costs": {"total_cost": 1160.3229939157388, "time_cost": 150, "final_distance_cost": 45.57395762512659, "oscillation_cost": 0.056968683770388134, "completition_cost": 888.8888888888888, "overshoot_cost": 68.62582057857988, "power_cost": 2.6381697265625, "noise_cost": 4.539188412810987, "n_waypoints_completed": 1, "tot_waypoints": 9}}
{"target": -1172.5769282783583, "params": {"k_pid_pos": [0.9786321440524623, 0.005524321558294047, 0.11168698046634526], "k_pid_alt": [1.092322771104462, 0.0, 0.011938920200948847], "k_pid_att": [20.298653260782288, 0.0001, 0.5259906388535187], "k_pid_yaw": [0.5, 1e-06, 0.1], "k_pid_hsp": [0.0001, 0.0, 0.0], "k_pid_vsp": [400.0, 27.920335540542396, 15.178886384568784]}, "datetime": {"datetime": "2025-08-21 12:04:24", "elapsed": 11981.161210298538, "delta": 23.690908432006836}, "costs": {"total_cost": 1172.5769282783583, "time_cost": 150, "final_distance_cost": 45.98417502121288, "oscillation_cost": 0.14236571439280804, "completition_cost": 888.8888888888888, "overshoot_cost": 78.06479041961525, "power_cost": 3.7869885375976566, "noise_cost": 5.709719696650838, "n_waypoints_completed": 1, "tot_waypoints": 9}}
{"target": -1222.4505047824146, "params": {"k_pid_pos": [1.084683031987948, 0.0, 0.013015151427944795], "k_pid_alt": [1.0519208222009444, 0.0, 0.003164634186212406], "k_pid_att": [7.48213084506861, 0.0001, 0.8017159856960765], "k_pid_yaw": [0.5, 1e-06, 0.1], "k_pid_hsp": [0.0001, 0.0, 0.0], "k_pid_vsp": [400.0, 6.362569345806111, 12.585793105095327]}, "datetime": {"datetime": "2025-08-21 12:04:48", "elapsed": 12004.813978910446, "delta": 23.65276861190796}, "costs": {"total_cost": 1222.4505047824146, "time_cost": 150, "final_distance_cost": 46.272658445487075, "oscillation_cost": 0.49683193885399324, "completition_cost": 888.8888888888888, "overshoot_cost": 80.74158540748145, "power_cost": 33.4011384765625, "noise_cost": 22.649401625140953, "n_waypoints_completed": 1, "tot_waypoints": 9}}
{"target": -170.47145057661064, "params": {"k_pid_pos": [1.2074669124888802, 0.0, 0.13299575836954577], "k_pid_alt": [1.3671342463134337, 0.0, 0.009106556042230683], "k_pid_att": [19.401398221646815, 0.0001, 0.5131219603062386], "k_pid_yaw": [0.5, 1e-06, 0.1], "k_pid_hsp": [0.08210935848952379, 0.0, 0.0], "k_pid_vsp": [400.0, 31.213654323285528, 17.66131826425034]}, "datetime": {"datetime": "2025-08-21 12:05:05", "elapsed": 12021.464582681656, "delta": 16.650603771209717}, "costs": {"total_cost": 170.47145057661064, "time_cost": 71.368, "final_distance_cost": 1.7963079229925214, "oscillation_cost": 26.36506084979267, "completition_cost": 0.0, "overshoot_cost": 51.579311012545894, "power_cost": 10.638923876953125, "noise_cost": 8.723846914326439, "n_waypoints_completed": 9, "tot_waypoints": 9}}
{"target": -1246.3799662218382, "params": {"k_pid_pos": [0.365775901100329, 0.0, 0.05974973784400177], "k_pid_alt": [1.0321365297465805, 0.0, 0.016026674010347658], "k_pid_att": [21.990693736920466, 0.10268329564291229, 0.41457218811006524], "k_pid_yaw": [0.5, 1e-06, 0.1], "k_pid_hsp": [0.0001, 0.0, 0.0], "k_pid_vsp": [312.02215235574437, 25.259760325702565, 3.871137029019623]}, "datetime": {"datetime": "2025-08-21 12:05:27", "elapsed": 12044.203067302704, "delta": 22.738484621047974}, "costs": {"total_cost": 1246.3799662218382, "time_cost": 150, "final_distance_cost": 45.223977732473365, "oscillation_cost": 0.21081252769056003, "completition_cost": 1000.0, "overshoot_cost": 21.42886054196609, "power_cost": 15.646126013183595, "noise_cost": 13.870189406524496, "n_waypoints_completed": 0, "tot_waypoints": 9}}
{"target": -185.6304314467684, "params": {"k_pid_pos": [1.1378002060051509, 0.0, 0.12423449213714337], "k_pid_alt": [0.8440744447291926, 0.0, 0.009788273618128661], "k_pid_att": [27.814731068412023, 0.0001, 0.5826740519205159], "k_pid_yaw": [0.5, 1e-06, 0.1], "k_pid_hsp": [0.4672236863100447, 0.04772828692149225, 0.0], "k_pid_vsp": [400.0, 14.275807106462986, 19.507011442056374]}, "datetime": {"datetime": "2025-08-21 12:05:44", "elapsed": 12060.534239530563, "delta": 16.331172227859497}, "costs": {"total_cost": 185.6304314467684, "time_cost": 71.44800000000001, "final_distance_cost": 1.8451815976111707, "oscillation_cost": 32.13440684702085, "completition_cost": 0.0, "overshoot_cost": 50.31147980367632, "power_cost": 16.831450915527345, "noise_cost": 13.05991228293272, "n_waypoints_completed": 9, "tot_waypoints": 9}}
{"target": -171.9832865303563, "params": {"k_pid_pos": [1.1875002786386433, 0.0, 0.13318493603210868], "k_pid_alt": [0.978029225419701, 0.0, 0.004495611778167245], "k_pid_att": [19.486412063922657, 0.0001, 0.7331339087277428], "k_pid_yaw": [0.5, 1e-06, 0.1], "k_pid_hsp": [0.3039356397152463, 0.0, 0.0], "k_pid_vsp": [400.0, 50.662940724634716, 22.492592554562457]}, "datetime": {"datetime": "2025-08-21 12:06:00", "elapsed": 12076.696624040604, "delta": 16.162384510040283}, "costs": {"total_cost": 171.9832865303563, "time_cost": 70.368, "final_distance_cost": 1.830350855229218, "oscillation_cost": 30.128363525595383, "completition_cost": 0.0, "overshoot_cost": 50.62145717595295, "power_cost": 9.760436364746095, "noise_cost": 9.2746786088327, "n_waypoints_completed": 9, "tot_waypoints": 9}}
{"target": -186.5525519498931, "params": {"k_pid_pos": [1.199008211796849, 0.0, 0.19039416922689711], "k_pid_alt": [0.9495273697213924, 0.0, 0.01075493208003821], "k_pid_att": [31.91732224262713, 0.0001, 0.434730715118001], "k_pid_yaw": [0.5, 1e-06, 0.1], "k_pid_hsp": [0.1431448620628719, 0.0008662084475966051, 0.0], "k_pid_vsp": [380.92841855083594, 20.87121447454158, 12.58534632358644]}, "datetime": {"datetime": "2025-08-21 12:06:17", "elapsed": 12093.784171581268, "delta": 17.087547540664673}, "costs": {"total_cost": 186.5525519498931, "time_cost": 74.736, "final_distance_cost": 1.8137172239839774, "oscillation_cost": 28.93156064976999, "completition_cost": 0.0, "overshoot_cost": 52.60975627721608, "power_cost": 15.855438940429687, "noise_cost": 12.606078858493357, "n_waypoints_completed": 9, "tot_waypoints": 9}}
{"target": -175.62276170828582, "params": {"k_pid_pos": [1.2566995115239208, 0.0, 0.08116597310999182], "k_pid_alt": [1.3317649599313355, 0.0, 0.011094485557626318], "k_pid_att": [21.760313260887393, 0.0001, 0.7378901115170167], "k_pid_yaw": [0.5, 1e-06, 0.1], "k_pid_hsp": [0.07200084813268348, 0.0, 0.0], "k_pid_vsp": [400.0, 26.721702971682294, 15.576629841951007]}, "datetime": {"datetime": "2025-08-21 12:06:34", "elapsed": 12111.150951862335, "delta": 17.366780281066895}, "costs": {"total_cost": 175.62276170828582, "time_cost": 75.376, "final_distance_cost": 1.7630675445402426, "oscillation_cost": 26.895068313674575, "completition_cost": 0.0, "overshoot_cost": 53.332317033183315, "power_cost": 9.626292053222656, "noise_cost": 8.63001676366506, "n_waypoints_completed": 9, "tot_waypoints": 9}}
{"target": -1223.3516297926626, "params": {"k_pid_pos": [1.3968403120295028, 0.0, 0.01271085341476974], "k_pid_alt": [1.3613353580660958, 0.0, 0.014609912273193661], "k_pid_att": [44.140585023116145, 0.0001, 0.041260377297085704], "k_pid_yaw": [0.5, 1e-06, 0.1], "k_pid_hsp": [0.0001, 0.014454256147016738, 0.0], "k_pid_vsp": [397.85994318759043, 37.53741906689516, 7.300701785789095]}, "datetime": {"datetime": "2025-08-21 12:06:57", "elapsed": 12134.172753334045, "delta": 23.021801471710205}, "costs": {"total_cost": 1223.3516297926626, "time_cost": 150, "final_distance_cost": 60.19082390713364, "oscillation_cost": 9.533530921676991, "completition_cost": 888.8888888888888, "overshoot_cost": 86.48279986414886, "power_cost": 14.957136413574219, "noise_cost": 13.298449797240247, "n_waypoints_completed": 1, "tot_waypoints": 9}}
{"target": -168.19232179486553, "params": {"k_pid_pos": [1.097093166487785, 0.0, 0.14541708367398085], "k_pid_alt": [1.0287542157798666, 0.0, 0.008689106901045702], "k_pid_att": [16.709974960251408, 0.0001, 0.47703706156825365], "k_pid_yaw": [0.5, 1e-06, 0.1], "k_pid_hsp": [0.11100845193984332, 0.0, 0.0], "k_pid_vsp": [400.0, 28.645353808548375, 25.418688379469387]}, "datetime": {"datetime": "2025-08-21 12:07:14", "elapsed": 12150.623286008835, "delta": 16.45053267478943}, "costs": {"total_cost": 168.19232179486553, "time_cost": 72.04, "final_distance_cost": 1.7870581489698647, "oscillation_cost": 26.4874680199165, "completition_cost": 0.0, "overshoot_cost": 52.133568024498935, "power_cost": 7.6960478637695315, "noise_cost": 8.04817973771069, "n_waypoints_completed": 9, "tot_waypoints": 9}}
{"target": -1197.9048989208432, "params": {"k_pid_pos": [1.0886660953929346, 0.0, 0.15672801220965515], "k_pid_alt": [0.9410481066444802, 0.0, 0.0], "k_pid_att": [18.45207953583584, 0.0001, 0.4972569230831615], "k_pid_yaw": [0.5, 1e-06, 0.1], "k_pid_hsp": [0.0001, 0.006269793475402903, 0.0], "k_pid_vsp": [397.1544706905418, 33.015386451576234, 16.488877027547126]}, "datetime": {"datetime": "2025-08-21 12:07:37", "elapsed": 12173.647957801819, "delta": 23.02467179298401}, "costs": {"total_cost": 1197.9048989208432, "time_cost": 150, "final_distance_cost": 56.17676859239307, "oscillation_cost": 1.0337540188640302, "completition_cost": 888.8888888888888, "overshoot_cost": 92.87829944971924, "power_cost": 3.4254327758789063, "noise_cost": 5.501755195099094, "n_waypoints_completed": 1, "tot_waypoints": 9}}
{"target": -177.68831955040224, "params": {"k_pid_pos": [1.1044872823204366, 0.0, 0.13162111631497467], "k_pid_alt": [1.0839995221735843, 0.0, 0.0033741112941989546], "k_pid_att": [54.06726981145512, 0.0001, 0.3786542944902578], "k_pid_yaw": [0.5, 1e-06, 0.1], "k_pid_hsp": [0.25649440171591875, 0.02431935676964391, 0.0], "k_pid_vsp": [370.3399217273278, 20.025307885329358, 18.704998682007705]}, "datetime": {"datetime": "2025-08-21 12:07:53", "elapsed": 12190.308366298676, "delta": 16.66040849685669}, "costs": {"total_cost": 177.68831955040224, "time_cost": 72.256, "final_distance_cost": 1.8398724476464197, "oscillation_cost": 30.685985838310117, "completition_cost": 0.0, "overshoot_cost": 51.49277889689499, "power_cost": 11.079523852539063, "noise_cost": 10.33415851501166, "n_waypoints_completed": 9, "tot_waypoints": 9}}
{"target": -178.02365591582588, "params": {"k_pid_pos": [1.1933833781150296, 0.0, 0.001660840876279046], "k_pid_alt": [1.1110552630531807, 0.0, 0.0], "k_pid_att": [20.008675257433104, 0.0001, 0.5448171750618123], "k_pid_yaw": [0.5, 1e-06, 0.1], "k_pid_hsp": [0.5362543256258683, 0.0, 0.0], "k_pid_vsp": [390.3431141545889, 22.27032077299104, 10.004582217731247]}, "datetime": {"datetime": "2025-08-21 12:08:10", "elapsed": 12206.676831245422, "delta": 16.368464946746826}, "costs": {"total_cost": 178.02365591582588, "time_cost": 70.44800000000001, "final_distance_cost": 1.8102590267177903, "oscillation_cost": 30.8996414206914, "completition_cost": 0.0, "overshoot_cost": 50.372048336561704, "power_cost": 13.212566735839845, "noise_cost": 11.281140396015132, "n_waypoints_completed": 9, "tot_waypoints": 9}}
{"target": -1202.2829206648846, "params": {"k_pid_pos": [1.0650740624995718, 0.0, 0.07943730030786104], "k_pid_alt": [1.0544668546640885, 0.0, 0.0061349934002908595], "k_pid_att": [33.611401813066976, 0.0001, 0.3888225050812329], "k_pid_yaw": [0.5, 1e-06, 0.1], "k_pid_hsp": [0.0001, 0.0, 0.0], "k_pid_vsp": [400.0, 27.84022218212313, 6.2293333390050805]}, "datetime": {"datetime": "2025-08-21 12:08:33", "elapsed": 12229.601537942886, "delta": 22.92470669746399}, "costs": {"total_cost": 1202.2829206648846, "time_cost": 150, "final_distance_cost": 46.16120808639683, "oscillation_cost": 0.17061690522915834, "completition_cost": 888.8888888888888, "overshoot_cost": 80.17746816773685, "power_cost": 20.559349658203125, "noise_cost": 16.325388958430008, "n_waypoints_completed": 1, "tot_waypoints": 9}}
{"target": -182.67295830420753, "params": {"k_pid_pos": [0.9428380649106525, 0.0, 0.10825279998812652], "k_pid_alt": [1.0090072318019698, 0.0, 0.011511604290170873], "k_pid_att": [19.29411301509076, 0.0001, 0.7162217181495246], "k_pid_yaw": [0.5, 1e-06, 0.1], "k_pid_hsp": [0.65741340020449, 0.0, 0.0], "k_pid_vsp": [398.89005403567586, 22.318584646415687, 15.39019759892434]}, "datetime": {"datetime": "2025-08-21 12:08:49", "elapsed": 12246.12703204155, "delta": 16.52549409866333}, "costs": {"total_cost": 182.67295830420753, "time_cost": 72.19200000000001, "final_distance_cost": 1.8480576639299133, "oscillation_cost": 32.41296509497547, "completition_cost": 0.0, "overshoot_cost": 50.60318187545457, "power_cost": 14.456200646972658, "noise_cost": 11.160553022874934, "n_waypoints_completed": 9, "tot_waypoints": 9}}
{"target": -1219.778553749244, "params": {"k_pid_pos": [1.3720148838625086, 0.0, 0.05457044565506937], "k_pid_alt": [1.246550888730519, 0.0, 0.010806029503840398], "k_pid_att": [16.04067851514781, 0.0001, 0.659928554364486], "k_pid_yaw": [0.5, 1e-06, 0.1], "k_pid_hsp": [0.0001, 0.0, 0.0], "k_pid_vsp": [400.0, 15.18926934576372, 15.904993597187094]}, "datetime": {"datetime": "2025-08-21 12:09:12", "elapsed": 12268.941325902939, "delta": 22.81429386138916}, "costs": {"total_cost": 1219.778553749244, "time_cost": 150, "final_distance_cost": 46.56447725418859, "oscillation_cost": 1.5971165536614396, "completition_cost": 888.8888888888888, "overshoot_cost": 82.68647325630057, "power_cost": 29.211432922363283, "noise_cost": 20.83016487384165, "n_waypoints_completed": 1, "tot_waypoints": 9}}
{"target": -729.4343670455378, "params": {"k_pid_pos": [1.1787848083276604, 0.0, 0.07480858835500387], "k_pid_alt": [1.0909534141928476, 0.0, 0.01086689983350388], "k_pid_att": [28.041810543064262, 0.0001, 0.6092953962896186], "k_pid_yaw": [0.5, 1e-06, 0.1], "k_pid_hsp": [0.016514448463900322, 0.0, 0.0], "k_pid_vsp": [400.0, 26.581048556737834, 8.333306148995444]}, "datetime": {"datetime": "2025-08-21 12:09:35", "elapsed": 12291.870154380798, "delta": 22.928828477859497}, "costs": {"total_cost": 729.4343670455378, "time_cost": 150, "final_distance_cost": 50.72398585842058, "oscillation_cost": 7.63303679270879, "completition_cost": 444.4444444444444, "overshoot_cost": 54.88780062367729, "power_cost": 11.098226318359375, "noise_cost": 10.646873007927327, "n_waypoints_completed": 5, "tot_waypoints": 9}}
{"target": -1233.4612074428812, "params": {"k_pid_pos": [1.2225865684414434, 0.0, 0.11343904623018526], "k_pid_alt": [1.0150385273611306, 0.0, 0.010241034331761968], "k_pid_att": [56.67194644825233, 0.0001, 0.9248600164567476], "k_pid_yaw": [0.5, 1e-06, 0.1], "k_pid_hsp": [0.0001, 0.0, 0.0], "k_pid_vsp": [400.0, 4.852527227845361, 9.757981623771775]}, "datetime": {"datetime": "2025-08-21 12:09:58", "elapsed": 12315.053124189377, "delta": 23.18296980857849}, "costs": {"total_cost": 1233.4612074428812, "time_cost": 150, "final_distance_cost": 46.33167573069634, "oscillation_cost": 4.8734356571891535, "completition_cost": 888.8888888888888, "overshoot_cost": 82.32912826196468, "power_cost": 37.111996777343755, "noise_cost": 23.926082126798228, "n_waypoints_completed": 1, "tot_waypoints": 9}}
{"target": -180.98194090036162, "params": {"k_pid_pos": [0.9416367477152252, 0.0, 0.0], "k_pid_alt": [0.9434485294993151, 0.0, 0.0014502702567807412], "k_pid_att": [36.30406773447048, 0.0001, 0.39106795492056234], "k_pid_yaw": [0.5, 1e-06, 0.1], "k_pid_hsp": [0.24494088922744311, 0.06811691149200132, 0.0], "k_pid_vsp": [360.98363518021773, 40.066574898233455, 18.458151027278404]}, "datetime": {"datetime": "2025-08-21 12:10:15", "elapsed": 12331.486147403717, "delta": 16.43302321434021}, "costs": {"total_cost": 180.98194090036162, "time_cost": 71.624, "final_distance_cost": 1.8491975404455607, "oscillation_cost": 31.794521751346007, "completition_cost": 0.0, "overshoot_cost": 50.74918033880738, "power_cost": 13.330003161621095, "noise_cost": 11.635038108141583, "n_waypoints_completed": 9, "tot_waypoints": 9}}
