{"target": -179.33331449080197, "params": {"k_pid_pos": [1.112530166904974, 0.0, 0.12361722193117443], "k_pid_alt": [1.1998948141424761, 0.0, 0.013668507606623977], "k_pid_att": [15.20898571994804, 0.0001, 0.648366602818997], "k_pid_yaw": [0.5, 1e-06, 0.1], "k_pid_hsp": [0.12419437815153808, 0.0037749236697481267, 0.0], "k_pid_vsp": [400.0, 48.6386341409262, 19.84875225132774]}, "datetime": {"datetime": "2025-08-21 17:51:21", "elapsed": 32798.04299426079, "delta": 16.089792013168335}, "costs": {"total_cost": 179.33331449080197, "time_cost": 70.944, "final_distance_cost": 1.8046162218431332, "oscillation_cost": 27.467032862628113, "completition_cost": 0.0, "overshoot_cost": 50.8155191741351, "power_cost": 16.06373612060547, "noise_cost": 12.238410111590147, "n_waypoints_completed": 9, "tot_waypoints": 9}}
{"target": -179.09938762069623, "params": {"k_pid_pos": [1.1274577521914186, 0.0, 0.14177639248284016], "k_pid_alt": [1.2455881174550079, 0.0, 0.015453402687043453], "k_pid_att": [19.049704638090603, 0.0001, 0.6148763405799935], "k_pid_yaw": [0.5, 1e-06, 0.1], "k_pid_hsp": [0.1324124249432426, 0.0013530459971229267, 0.0], "k_pid_vsp": [400.0, 22.747286725561178, 20.08766107343437]}, "datetime": {"datetime": "2025-08-21 17:51:39", "elapsed": 32815.814481019974, "delta": 17.77148675918579}, "costs": {"total_cost": 179.09938762069623, "time_cost": 71.656, "final_distance_cost": 1.815006744929152, "oscillation_cost": 27.301906903463248, "completition_cost": 0.0, "overshoot_cost": 52.246585374081334, "power_cost": 14.443711328125001, "noise_cost": 11.636177270097507, "n_waypoints_completed": 9, "tot_waypoints": 9}}
{"target": -168.24378233426842, "params": {"k_pid_pos": [1.1502470746035098, 0.0, 0.1157452391463], "k_pid_alt": [0.8351849804975442, 0.0, 0.014520724101758217], "k_pid_att": [21.063855208647407, 0.0001, 0.02781877649284492], "k_pid_yaw": [0.5, 1e-06, 0.1], "k_pid_hsp": [0.23972669119997853, 0.02433075943385778, 0.0], "k_pid_vsp": [399.669203321169, 44.27441400482718, 28.56408021004698]}, "datetime": {"datetime": "2025-08-21 17:51:55", "elapsed": 32831.44646501541, "delta": 15.631983995437622}, "costs": {"total_cost": 168.24378233426842, "time_cost": 70.184, "final_distance_cost": 1.8264688867906624, "oscillation_cost": 32.60744971328485, "completition_cost": 0.0, "overshoot_cost": 50.4163882342964, "power_cost": 6.6646524414062505, "noise_cost": 6.5448230584902625, "n_waypoints_completed": 9, "tot_waypoints": 9}}
{"target": -179.18548002929617, "params": {"k_pid_pos": [1.1782130798600043, 0.0, 0.13681094163264307], "k_pid_alt": [1.0876551170702682, 0.0, 0.012710868575725934], "k_pid_att": [18.437567313422605, 0.0001, 0.5866867568840387], "k_pid_yaw": [0.5, 1e-06, 0.1], "k_pid_hsp": [0.5203657070757861, 0.0010702751333615196, 0.0], "k_pid_vsp": [392.4201510801538, 36.409117737879896, 25.945043553403327]}, "datetime": {"datetime": "2025-08-21 17:52:12", "elapsed": 32848.45389389992, "delta": 17.007428884506226}, "costs": {"total_cost": 179.18548002929617, "time_cost": 71.0, "final_distance_cost": 1.8447037003898914, "oscillation_cost": 30.839719626964015, "completition_cost": 0.0, "overshoot_cost": 51.020084223002286, "power_cost": 13.191187048339845, "noise_cost": 11.289785430600109, "n_waypoints_completed": 9, "tot_waypoints": 9}}
{"target": -171.6543438687377, "params": {"k_pid_pos": [1.1291116831677606, 0.0, 0.13713689104501156], "k_pid_alt": [0.9765382925029792, 0.0, 0.011963187302453781], "k_pid_att": [15.66571931175825, 0.0001, 0.6419965261999184], "k_pid_yaw": [0.5, 1e-06, 0.1], "k_pid_hsp": [0.12810466249655644, 0.002595458316023081, 0.0], "k_pid_vsp": [398.13806583486814, 17.468180945716618, 16.904043083114583]}, "datetime": {"datetime": "2025-08-21 17:52:28", "elapsed": 32864.473831653595, "delta": 16.019937753677368}, "costs": {"total_cost": 171.6543438687377, "time_cost": 71.664, "final_distance_cost": 1.7918637148226524, "oscillation_cost": 27.722802305185056, "completition_cost": 0.0, "overshoot_cost": 52.03127098568316, "power_cost": 9.79170242919922, "noise_cost": 8.652704433847605, "n_waypoints_completed": 9, "tot_waypoints": 9}}
{"target": -184.0292578348752, "params": {"k_pid_pos": [1.1157186371826948, 0.0, 0.16571865440780256], "k_pid_alt": [1.1385508833527107, 0.0, 0.017830258551694483], "k_pid_att": [14.497934540959536, 0.0001, 0.6329625243843674], "k_pid_yaw": [0.5, 1e-06, 0.1], "k_pid_hsp": [0.12871953628971736, 0.0037051468753845213, 0.0], "k_pid_vsp": [398.4866303914357, 47.07924867281151, 18.409789882978835]}, "datetime": {"datetime": "2025-08-21 17:52:45", "elapsed": 32881.665766477585, "delta": 17.191934823989868}, "costs": {"total_cost": 184.0292578348752, "time_cost": 70.168, "final_distance_cost": 1.8091186668724244, "oscillation_cost": 27.81372937489126, "completition_cost": 0.0, "overshoot_cost": 50.85588160192483, "power_cost": 18.8358732421875, "noise_cost": 14.546654948999194, "n_waypoints_completed": 9, "tot_waypoints": 9}}
{"target": -179.4288476942896, "params": {"k_pid_pos": [1.1672105479120207, 0.0, 0.3275657858632253], "k_pid_alt": [1.537629443252666, 0.0, 0.009729866687268482], "k_pid_att": [19.278515658349292, 0.0001, 0.6643170103348182], "k_pid_yaw": [0.5, 1e-06, 0.1], "k_pid_hsp": [0.27511894481573673, 0.0036685021985375767, 0.0], "k_pid_vsp": [397.58400919234805, 15.621903790437969, 21.867559095263534]}, "datetime": {"datetime": "2025-08-21 17:53:01", "elapsed": 32897.83951282501, "delta": 16.173746347427368}, "costs": {"total_cost": 179.4288476942896, "time_cost": 70.736, "final_distance_cost": 1.8359306639282027, "oscillation_cost": 28.631020331586186, "completition_cost": 0.0, "overshoot_cost": 50.648484529601184, "power_cost": 15.126580749511719, "noise_cost": 12.450831419662292, "n_waypoints_completed": 9, "tot_waypoints": 9}}
{"target": -174.13857887996417, "params": {"k_pid_pos": [1.0929735532988638, 0.0, 0.19586698800426683], "k_pid_alt": [0.7276699452083785, 0.0, 0.008989443756451027], "k_pid_att": [26.996653007422225, 0.0001, 0.6438027750481397], "k_pid_yaw": [0.5, 1e-06, 0.1], "k_pid_hsp": [0.18534131872811804, 0.0019421849195090097, 0.0], "k_pid_vsp": [400.0, 46.555713026350574, 15.21319018233391]}, "datetime": {"datetime": "2025-08-21 17:53:19", "elapsed": 32915.68960571289, "delta": 17.850092887878418}, "costs": {"total_cost": 174.13857887996417, "time_cost": 71.888, "final_distance_cost": 1.8346728239444947, "oscillation_cost": 29.1009947787725, "completition_cost": 0.0, "overshoot_cost": 50.915733626012454, "power_cost": 10.926775280761719, "noise_cost": 9.472402370472993, "n_waypoints_completed": 9, "tot_waypoints": 9}}
{"target": -193.30847877898077, "params": {"k_pid_pos": [1.2492552501834324, 0.0, 0.24433822106316114], "k_pid_alt": [1.1455215069201699, 0.0, 0.0008752425148003109], "k_pid_att": [12.925947217219859, 0.0001, 0.6835933246613318], "k_pid_yaw": [0.5, 1e-06, 0.1], "k_pid_hsp": [0.8436184977041684, 0.002741286196810668, 0.0], "k_pid_vsp": [399.0612508574562, 36.755688422558094, 15.408397289835346]}, "datetime": {"datetime": "2025-08-21 17:53:35", "elapsed": 32932.09994649887, "delta": 16.410340785980225}, "costs": {"total_cost": 193.30847877898077, "time_cost": 71.504, "final_distance_cost": 1.8489938164345407, "oscillation_cost": 31.337151646132583, "completition_cost": 0.0, "overshoot_cost": 51.564181858500106, "power_cost": 21.141213867187503, "noise_cost": 15.912937590726008, "n_waypoints_completed": 9, "tot_waypoints": 9}}
{"target": -173.4317816094604, "params": {"k_pid_pos": [1.1144435191594169, 0.0, 0.13941614027542765], "k_pid_alt": [1.1948452719571405, 0.0, 0.015252930600928034], "k_pid_att": [16.573747576692863, 0.0001, 0.6325389854238879], "k_pid_yaw": [0.5, 1e-06, 0.1], "k_pid_hsp": [0.1501134334114357, 0.003297462764116089, 0.0], "k_pid_vsp": [400.0, 44.17304832688677, 5.809395441009384]}, "datetime": {"datetime": "2025-08-21 17:53:53", "elapsed": 32949.96285700798, "delta": 17.862910509109497}, "costs": {"total_cost": 173.4317816094604, "time_cost": 70.248, "final_distance_cost": 1.8019477774241504, "oscillation_cost": 28.05164636210733, "completition_cost": 0.0, "overshoot_cost": 51.18749356656842, "power_cost": 11.342300085449219, "noise_cost": 10.800393817911278, "n_waypoints_completed": 9, "tot_waypoints": 9}}
{"target": -190.56207211704202, "params": {"k_pid_pos": [1.24967647150036, 0.0, 0.16913233599927188], "k_pid_alt": [1.1528815361845168, 0.0, 0.018847295708179963], "k_pid_att": [16.063302771934353, 0.0001, 0.6675032833907262], "k_pid_yaw": [0.5, 1e-06, 0.1], "k_pid_hsp": [0.3983262264539401, 0.003371711545419092, 0.0], "k_pid_vsp": [400.0, 27.76081577642116, 18.50209198708163]}, "datetime": {"datetime": "2025-08-21 17:54:10", "elapsed": 32966.56715250015, "delta": 16.60429549217224}, "costs": {"total_cost": 190.56207211704202, "time_cost": 72.688, "final_distance_cost": 1.8222660569870008, "oscillation_cost": 30.438022838908424, "completition_cost": 0.0, "overshoot_cost": 52.35483785581518, "power_cost": 18.744737048339843, "noise_cost": 14.514208316991576, "n_waypoints_completed": 9, "tot_waypoints": 9}}
{"target": -168.06485945998142, "params": {"k_pid_pos": [1.1455801343988137, 0.0, 0.13876896246146314], "k_pid_alt": [1.198240257430356, 0.0, 0.016272665498524685], "k_pid_att": [14.91491041107806, 0.0001, 0.7211668007873356], "k_pid_yaw": [0.5, 1e-06, 0.1], "k_pid_hsp": [0.13027321891229388, 0.0032582921200487915, 0.0], "k_pid_vsp": [400.0, 50.427641582552255, 18.823221598730683]}, "datetime": {"datetime": "2025-08-21 17:54:27", "elapsed": 32984.07050871849, "delta": 17.503356218338013}, "costs": {"total_cost": 168.06485945998142, "time_cost": 70.152, "final_distance_cost": 1.8097840127118985, "oscillation_cost": 27.690477773938188, "completition_cost": 0.0, "overshoot_cost": 50.71539890104849, "power_cost": 9.068131176757813, "noise_cost": 8.62906759552504, "n_waypoints_completed": 9, "tot_waypoints": 9}}
{"target": -175.20389789589586, "params": {"k_pid_pos": [1.126090377599255, 0.0, 0.14995358155644592], "k_pid_alt": [1.2136917253579314, 0.0, 0.016567594639378062], "k_pid_att": [16.532782746706978, 0.0001, 0.6336264902999167], "k_pid_yaw": [0.5, 1e-06, 0.1], "k_pid_hsp": [0.12708515409486199, 0.00452194271534094, 0.0], "k_pid_vsp": [399.9826230345167, 32.58455501224043, 17.188642484297134]}, "datetime": {"datetime": "2025-08-21 17:54:43", "elapsed": 33000.221678972244, "delta": 16.151170253753662}, "costs": {"total_cost": 175.20389789589586, "time_cost": 70.36, "final_distance_cost": 1.8117504865449443, "oscillation_cost": 28.123974093350746, "completition_cost": 0.0, "overshoot_cost": 51.49060902310784, "power_cost": 13.124433935546875, "noise_cost": 10.293130357345476, "n_waypoints_completed": 9, "tot_waypoints": 9}}
{"target": -175.70654565063055, "params": {"k_pid_pos": [1.1173342615464892, 0.0, 0.12083816546517026], "k_pid_alt": [1.6070769595359367, 0.0, 0.014644896868612624], "k_pid_att": [12.212505663983524, 0.0001, 0.6283364255535216], "k_pid_yaw": [0.5, 1e-06, 0.1], "k_pid_hsp": [0.0962234281250031, 0.0, 0.0], "k_pid_vsp": [398.54341520876295, 40.82518474682534, 18.226881208592307]}, "datetime": {"datetime": "2025-08-21 17:55:00", "elapsed": 33017.27113366127, "delta": 17.04945468902588}, "costs": {"total_cost": 175.70654565063055, "time_cost": 71.21600000000001, "final_distance_cost": 1.775395211177034, "oscillation_cost": 26.20135138577739, "completition_cost": 0.0, "overshoot_cost": 52.20406395217825, "power_cost": 13.163176550292969, "noise_cost": 11.146558551204881, "n_waypoints_completed": 9, "tot_waypoints": 9}}
{"target": -164.39318655823627, "params": {"k_pid_pos": [1.1225192455845212, 0.0, 0.13853784790433263], "k_pid_alt": [1.161626288330532, 0.0, 0.01600046863086669], "k_pid_att": [15.273889172630325, 0.0001, 0.6368623426992126], "k_pid_yaw": [0.5, 1e-06, 0.1], "k_pid_hsp": [0.1279922457441106, 0.0031341372142387703, 0.0], "k_pid_vsp": [400.0, 43.99692955931248, 16.589330424225288]}, "datetime": {"datetime": "2025-08-21 17:55:16", "elapsed": 33033.277094364166, "delta": 16.005960702896118}, "costs": {"total_cost": 164.39318655823627, "time_cost": 70.32000000000001, "final_distance_cost": 1.80560821317927, "oscillation_cost": 27.736780404194963, "completition_cost": 0.0, "overshoot_cost": 51.06068396503322, "power_cost": 6.706619555664063, "noise_cost": 6.7634944201647365, "n_waypoints_completed": 9, "tot_waypoints": 9}}
{"target": -181.7285942634972, "params": {"k_pid_pos": [1.1428216923330683, 0.0, 0.03706409779291121], "k_pid_alt": [0.9911656556049427, 0.0, 0.010170425093015183], "k_pid_att": [3.5080750235891642, 0.0001, 0.5711280622506495], "k_pid_yaw": [0.5, 1e-06, 0.1], "k_pid_hsp": [0.34790435979422785, 0.0, 0.0], "k_pid_vsp": [366.9531343252723, 39.88125862859268, 17.825618809420643]}, "datetime": {"datetime": "2025-08-21 17:55:34", "elapsed": 33050.505073070526, "delta": 17.227978706359863}, "costs": {"total_cost": 181.7285942634972, "time_cost": 70.416, "final_distance_cost": 1.8041668830807853, "oscillation_cost": 30.245944132667944, "completition_cost": 0.0, "overshoot_cost": 51.146011929189456, "power_cost": 15.615137072753907, "noise_cost": 12.501334245805127, "n_waypoints_completed": 9, "tot_waypoints": 9}}
{"target": -175.2693247229068, "params": {"k_pid_pos": [1.1284530393511674, 0.0, 0.13942837941221248], "k_pid_alt": [1.1826445438822237, 0.0, 0.018924901025021115], "k_pid_att": [13.67561478078575, 0.0001, 0.6013218037182573], "k_pid_yaw": [0.5, 1e-06, 0.1], "k_pid_hsp": [0.08427120984065459, 0.0032608836227097536, 0.0], "k_pid_vsp": [400.0, 39.74703000399411, 18.194476378871883]}, "datetime": {"datetime": "2025-08-21 17:55:50", "elapsed": 33066.85639476776, "delta": 16.351321697235107}, "costs": {"total_cost": 175.2693247229068, "time_cost": 71.328, "final_distance_cost": 1.7563832643305317, "oscillation_cost": 26.343789205948802, "completition_cost": 0.0, "overshoot_cost": 51.567384008755255, "power_cost": 13.046033142089845, "noise_cost": 11.227735101782358, "n_waypoints_completed": 9, "tot_waypoints": 9}}
{"target": -170.15590958985283, "params": {"k_pid_pos": [1.1239405658407955, 0.0, 0.09063563386867884], "k_pid_alt": [0.9785118282268133, 0.0, 0.01630268692254215], "k_pid_att": [15.41148582458111, 0.0001, 0.7761042280975351], "k_pid_yaw": [0.5, 1e-06, 0.1], "k_pid_hsp": [0.3371411406260925, 0.002481692982555063, 0.0], "k_pid_vsp": [399.74547401462104, 18.403494613656072, 14.519824176959089]}, "datetime": {"datetime": "2025-08-21 17:56:08", "elapsed": 33084.72274208069, "delta": 17.866347312927246}, "costs": {"total_cost": 170.15590958985283, "time_cost": 70.896, "final_distance_cost": 1.843040234063091, "oscillation_cost": 31.476004554394297, "completition_cost": 0.0, "overshoot_cost": 51.04971209998293, "power_cost": 7.525256701660156, "noise_cost": 7.36589599975233, "n_waypoints_completed": 9, "tot_waypoints": 9}}
{"target": -179.13936821182853, "params": {"k_pid_pos": [1.2433534112146891, 0.0, 0.13729424881494837], "k_pid_alt": [1.2117421707324922, 0.0, 0.009702520432384436], "k_pid_att": [17.917656526221897, 0.0001, 0.9032818163405145], "k_pid_yaw": [0.5, 1e-06, 0.1], "k_pid_hsp": [0.6479654905783495, 0.0032597641159392444, 0.0], "k_pid_vsp": [400.0, 39.938619544242165, 16.838238270983695]}, "datetime": {"datetime": "2025-08-21 17:56:24", "elapsed": 33100.585082769394, "delta": 15.862340688705444}, "costs": {"total_cost": 179.13936821182853, "time_cost": 71.176, "final_distance_cost": 1.8401820166334852, "oscillation_cost": 31.783934475381237, "completition_cost": 0.0, "overshoot_cost": 51.19312926377245, "power_cost": 12.684446728515626, "noise_cost": 10.461675727525703, "n_waypoints_completed": 9, "tot_waypoints": 9}}
{"target": -177.52710454718454, "params": {"k_pid_pos": [1.1253744095821572, 0.0003756803076463821, 0.13739617976888455], "k_pid_alt": [1.196746073706901, 0.0, 0.01378157823972133], "k_pid_att": [19.6165500373459, 0.0001, 0.6471162228856048], "k_pid_yaw": [0.5, 1e-06, 0.1], "k_pid_hsp": [0.15929230761315216, 0.0032624277752631107, 0.0], "k_pid_vsp": [400.0, 43.05347321263185, 17.165656699224023]}, "datetime": {"datetime": "2025-08-21 17:56:41", "elapsed": 33117.852478027344, "delta": 17.26739525794983}, "costs": {"total_cost": 177.52710454718454, "time_cost": 70.47200000000001, "final_distance_cost": 1.8021640861349841, "oscillation_cost": 28.239839737714984, "completition_cost": 0.0, "overshoot_cost": 51.23830603062217, "power_cost": 14.08953260498047, "noise_cost": 11.685262087731914, "n_waypoints_completed": 9, "tot_waypoints": 9}}
{"target": -179.1713370805877, "params": {"k_pid_pos": [1.4359203051825673, 0.0, 0.2073881163504132], "k_pid_alt": [0.9833148819261608, 0.0, 0.00461123889644517], "k_pid_att": [11.367575669183159, 0.0001, 0.6360597115139391], "k_pid_yaw": [0.5, 1e-06, 0.1], "k_pid_hsp": [0.12524575177024178, 0.003480848533665976, 0.0], "k_pid_vsp": [400.0, 29.16497896476876, 23.582587847702907]}, "datetime": {"datetime": "2025-08-21 17:56:57", "elapsed": 33134.40038251877, "delta": 16.54790449142456}, "costs": {"total_cost": 179.1713370805877, "time_cost": 71.944, "final_distance_cost": 1.782624435145222, "oscillation_cost": 28.884736688675048, "completition_cost": 0.0, "overshoot_cost": 52.12110606373604, "power_cost": 13.392452429199219, "noise_cost": 11.046417463832167, "n_waypoints_completed": 9, "tot_waypoints": 9}}
{"target": -183.24383573663386, "params": {"k_pid_pos": [1.4317436075207635, 5.483550793988274e-05, 0.1407345574144658], "k_pid_alt": [1.078315400268765, 0.0, 0.016154993239968152], "k_pid_att": [17.58880264144464, 0.0001, 0.5932665513561174], "k_pid_yaw": [0.5, 1e-06, 0.1], "k_pid_hsp": [0.2572139487223175, 0.005276485876016466, 0.0], "k_pid_vsp": [391.3065779210643, 34.79767534316452, 16.524748506033625]}, "datetime": {"datetime": "2025-08-21 17:57:15", "elapsed": 33151.625781297684, "delta": 17.225398778915405}, "costs": {"total_cost": 183.24383573663386, "time_cost": 71.608, "final_distance_cost": 1.801293207835288, "oscillation_cost": 30.251497687696368, "completition_cost": 0.0, "overshoot_cost": 51.97785731865095, "power_cost": 15.206080908203125, "noise_cost": 12.399106614248113, "n_waypoints_completed": 9, "tot_waypoints": 9}}
{"target": -175.38898344397094, "params": {"k_pid_pos": [1.1242089487607068, 0.0, 0.0], "k_pid_alt": [1.2325547114617055, 0.0, 0.009697032638978387], "k_pid_att": [15.54482591272916, 0.0001, 0.645864933105006], "k_pid_yaw": [0.5, 1e-06, 0.1], "k_pid_hsp": [0.12261226388349834, 0.0032154897489816508, 0.0], "k_pid_vsp": [393.53764806403694, 57.24181852388773, 14.914074262332342]}, "datetime": {"datetime": "2025-08-21 17:57:31", "elapsed": 33167.625650167465, "delta": 15.999868869781494}, "costs": {"total_cost": 175.38898344397094, "time_cost": 70.632, "final_distance_cost": 1.781141935924975, "oscillation_cost": 28.626829986928485, "completition_cost": 0.0, "overshoot_cost": 50.94016892252414, "power_cost": 12.546332263183594, "noise_cost": 10.86251033540975, "n_waypoints_completed": 9, "tot_waypoints": 9}}
{"target": -178.70939490127307, "params": {"k_pid_pos": [1.1186868331322741, 0.0, 0.13243936870257095], "k_pid_alt": [1.0335902204099545, 0.0, 0.01396527577712512], "k_pid_att": [15.008306881318275, 0.0025426025378718115, 0.6299676894950441], "k_pid_yaw": [0.5, 1e-06, 0.1], "k_pid_hsp": [0.31307675654054523, 0.002351204347023792, 0.0], "k_pid_vsp": [400.0, 42.89886749869111, 19.7566281799966]}, "datetime": {"datetime": "2025-08-21 17:57:48", "elapsed": 33185.170380830765, "delta": 17.54473066329956}, "costs": {"total_cost": 178.70939490127307, "time_cost": 71.08800000000001, "final_distance_cost": 1.8287526185069416, "oscillation_cost": 29.71274470480831, "completition_cost": 0.0, "overshoot_cost": 50.47975552324204, "power_cost": 14.356992590332032, "noise_cost": 11.243149464383746, "n_waypoints_completed": 9, "tot_waypoints": 9}}
{"target": -184.55784344692762, "params": {"k_pid_pos": [1.147174116511209, 0.0, 0.1958555484232109], "k_pid_alt": [1.5209938781426415, 0.0, 0.01707709937946123], "k_pid_att": [15.140049744109872, 0.0001, 0.6326746555066723], "k_pid_yaw": [0.5, 1e-06, 0.1], "k_pid_hsp": [0.13500218781270812, 0.003438466424188375, 0.0], "k_pid_vsp": [399.6932879701068, 24.898834089570244, 20.485100284616955]}, "datetime": {"datetime": "2025-08-21 17:58:04", "elapsed": 33201.32266306877, "delta": 16.152282238006592}, "costs": {"total_cost": 184.55784344692762, "time_cost": 71.4, "final_distance_cost": 1.813080009578078, "oscillation_cost": 27.77187774461137, "completition_cost": 0.0, "overshoot_cost": 51.66105563031641, "power_cost": 18.062453063964846, "noise_cost": 13.849376998456904, "n_waypoints_completed": 9, "tot_waypoints": 9}}
{"target": -176.64329811241808, "params": {"k_pid_pos": [1.2991670392216124, 0.0, 0.1262501080169063], "k_pid_alt": [1.1889398325768352, 0.0, 0.014621224759618343], "k_pid_att": [10.981677501992273, 0.0001, 0.646846873673054], "k_pid_yaw": [0.5, 1e-06, 0.1], "k_pid_hsp": [0.2043744036322776, 0.0036184469059101724, 0.0], "k_pid_vsp": [400.0, 42.258266964659626, 17.690044064682468]}, "datetime": {"datetime": "2025-08-21 17:58:22", "elapsed": 33218.82731962204, "delta": 17.504656553268433}, "costs": {"total_cost": 176.64329811241808, "time_cost": 70.144, "final_distance_cost": 1.7961154864087043, "oscillation_cost": 29.976896906279244, "completition_cost": 0.0, "overshoot_cost": 50.57509626731942, "power_cost": 13.701267224121095, "noise_cost": 10.449922228289608, "n_waypoints_completed": 9, "tot_waypoints": 9}}
