{"target": -190.90443325998035, "params": {"k_pid_pos": [1.095575419566658, 0.0, 0.0], "k_pid_alt": [0.9326873179307367, 0.0, 0.0], "k_pid_att": [42.224873514721835, 0.8058121301079704, 0.0], "k_pid_yaw": [0.5, 1e-06, 0.1], "k_pid_hsp": [1.2413783232747126, 0.039933905574019476, 0.0], "k_pid_vsp": [364.575250704386, 93.9285741370621, 3.7356305776860523]}, "datetime": {"datetime": "2025-08-21 10:57:19", "elapsed": 7955.702531576157, "delta": 16.4649658203125}, "costs": {"total_cost": 190.90443325998035, "time_cost": 72.072, "final_distance_cost": 1.8421666521773528, "oscillation_cost": 38.5147291155785, "completition_cost": 0.0, "overshoot_cost": 50.52235515879477, "power_cost": 14.980194482421876, "noise_cost": 12.972987851007861, "n_waypoints_completed": 9, "tot_waypoints": 9}}
{"target": -700.6364296308554, "params": {"k_pid_pos": [1.2398981262547244, 0.03318807280326432, 0.0], "k_pid_alt": [0.5487669917111323, 0.0737943385001658, 0.0], "k_pid_att": [64.35668512121886, 0.0001, 0.0], "k_pid_yaw": [0.5, 1e-06, 0.1], "k_pid_hsp": [10.0, 0.08481056430852296, 0.5038277022422103], "k_pid_vsp": [362.0277532276478, 1e-06, 399.53927661895057]}, "datetime": {"datetime": "2025-08-21 10:57:41", "elapsed": 7978.359102487564, "delta": 22.65657091140747}, "costs": {"total_cost": 700.6364296308554, "time_cost": 150, "final_distance_cost": 36.99354093578685, "oscillation_cost": 292.2655272470702, "completition_cost": 111.11111111111116, "overshoot_cost": 65.28807872594071, "power_cost": 25.85695740966797, "noise_cost": 19.121214201278416, "n_waypoints_completed": 8, "tot_waypoints": 9}}
{"target": -196.5724861913814, "params": {"k_pid_pos": [1.7903631568539315, 0.0, 0.0246668120589042], "k_pid_alt": [0.8000955612861315, 0.0, 0.0], "k_pid_att": [24.020151192563855, 0.0001, 0.38149115948577184], "k_pid_yaw": [0.5, 1e-06, 0.1], "k_pid_hsp": [0.20202451370552255, 0.12086173582413158, 0.0], "k_pid_vsp": [342.47702860715157, 37.078421920378005, 26.663031425835243]}, "datetime": {"datetime": "2025-08-21 10:57:58", "elapsed": 7994.480624437332, "delta": 16.121521949768066}, "costs": {"total_cost": 196.5724861913814, "time_cost": 71.552, "final_distance_cost": 1.770848148802019, "oscillation_cost": 48.89941965746724, "completition_cost": 0.0, "overshoot_cost": 50.660383291270385, "power_cost": 13.386045837402344, "noise_cost": 10.303789256439389, "n_waypoints_completed": 9, "tot_waypoints": 9}}
{"target": -188.4080952532225, "params": {"k_pid_pos": [1.1518162186862002, 0.0, 0.0], "k_pid_alt": [0.7709774827529366, 0.0, 0.0], "k_pid_att": [39.31749746533833, 0.0001, 0.23493821205829832], "k_pid_yaw": [0.5, 1e-06, 0.1], "k_pid_hsp": [0.14645249279867445, 0.04466187332890398, 0.0], "k_pid_vsp": [400.0, 56.55738114498901, 26.84569907829897]}, "datetime": {"datetime": "2025-08-21 10:58:14", "elapsed": 8010.859219551086, "delta": 16.378595113754272}, "costs": {"total_cost": 188.4080952532225, "time_cost": 71.44, "final_distance_cost": 1.7965445541771465, "oscillation_cost": 34.333847675334916, "completition_cost": 0.0, "overshoot_cost": 50.45304136690179, "power_cost": 17.49930487060547, "noise_cost": 12.88535678620318, "n_waypoints_completed": 9, "tot_waypoints": 9}}
{"target": -264.08508946496767, "params": {"k_pid_pos": [0.6780084037968656, 0.018001047092243302, 0.0], "k_pid_alt": [0.5552825426630977, 0.0, 0.6083909089115596], "k_pid_att": [65.26338227325027, 4.070919957281701, 0.11921143666334996], "k_pid_yaw": [0.5, 1e-06, 0.1], "k_pid_hsp": [9.965920074908329, 0.0, 0.0], "k_pid_vsp": [368.5760909723281, 79.5916095149328, 1e-06]}, "datetime": {"datetime": "2025-08-21 10:58:34", "elapsed": 8031.349171161652, "delta": 20.489951610565186}, "costs": {"total_cost": 264.08508946496767, "time_cost": 89.136, "final_distance_cost": 1.8568845852231388, "oscillation_cost": 94.49383281798494, "completition_cost": 0.0, "overshoot_cost": 51.787415309160906, "power_cost": 13.729617614746095, "noise_cost": 13.081339137852567, "n_waypoints_completed": 9, "tot_waypoints": 9}}
{"target": -183.3262230950218, "params": {"k_pid_pos": [1.3344304668335407, 0.0, 0.0], "k_pid_alt": [0.7179668042170366, 0.0, 0.0], "k_pid_att": [40.02188155488059, 0.0001, 0.23093544561920545], "k_pid_yaw": [0.5, 1e-06, 0.1], "k_pid_hsp": [0.405841609954717, 0.013327238368710637, 0.0], "k_pid_vsp": [358.10568036188187, 41.702484147517865, 41.758299828030616]}, "datetime": {"datetime": "2025-08-21 10:58:52", "elapsed": 8048.652749300003, "delta": 17.30357813835144}, "costs": {"total_cost": 183.3262230950218, "time_cost": 73.096, "final_distance_cost": 1.795659139537441, "oscillation_cost": 33.37294579692348, "completition_cost": 0.0, "overshoot_cost": 50.89447707309751, "power_cost": 13.181816748046876, "noise_cost": 10.985324337416468, "n_waypoints_completed": 9, "tot_waypoints": 9}}
{"target": -313.3345525895595, "params": {"k_pid_pos": [1.5180172838186698, 0.01175907007701309, 0.0], "k_pid_alt": [0.7306618020273626, 0.0, 0.0], "k_pid_att": [37.60613755554767, 0.0001, 0.013163884174841491], "k_pid_yaw": [0.5, 1e-06, 0.1], "k_pid_hsp": [0.11389554262320332, 0.12473396637509891, 0.0545060547445168], "k_pid_vsp": [387.90596164820386, 26.086736545865772, 30.932329837884872]}, "datetime": {"datetime": "2025-08-21 10:59:13", "elapsed": 8070.238661527634, "delta": 21.585912227630615}, "costs": {"total_cost": 313.3345525895595, "time_cost": 94.672, "final_distance_cost": 1.6778669627530332, "oscillation_cost": 111.17392798127219, "completition_cost": 0.0, "overshoot_cost": 59.923204652125904, "power_cost": 26.487106066894533, "noise_cost": 19.400446926513908, "n_waypoints_completed": 9, "tot_waypoints": 9}}
{"target": -209.43996501141066, "params": {"k_pid_pos": [0.9587538793314418, 0.0, 0.0], "k_pid_alt": [0.7794537888173985, 0.09204944706822785, 0.0], "k_pid_att": [41.03119368420496, 0.0001, 0.0], "k_pid_yaw": [0.5, 1e-06, 0.1], "k_pid_hsp": [0.33573798079672734, 0.053358060249186656, 0.0], "k_pid_vsp": [400.0, 25.907822651900016, 37.63410533687656]}, "datetime": {"datetime": "2025-08-21 10:59:33", "elapsed": 8090.2067449092865, "delta": 19.968083381652832}, "costs": {"total_cost": 209.43996501141066, "time_cost": 84.456, "final_distance_cost": 1.7546642791205105, "oscillation_cost": 38.24625597472789, "completition_cost": 0.0, "overshoot_cost": 52.275595400777114, "power_cost": 18.972534313964843, "noise_cost": 13.734915042820314, "n_waypoints_completed": 9, "tot_waypoints": 9}}
{"target": -226.31420273740693, "params": {"k_pid_pos": [1.0548275157469096, 0.0, 0.0], "k_pid_alt": [0.30082934859128496, 0.0, 0.010980972931669563], "k_pid_att": [57.533027403723885, 0.0001, 0.19166807799365682], "k_pid_yaw": [0.5, 1e-06, 0.1], "k_pid_hsp": [0.46770551653010944, 0.02377070036312991, 0.0], "k_pid_vsp": [194.5709391413883, 38.11428122659704, 17.37424965380358]}, "datetime": {"datetime": "2025-08-21 10:59:55", "elapsed": 8112.270037412643, "delta": 22.063292503356934}, "costs": {"total_cost": 226.31420273740693, "time_cost": 93.632, "final_distance_cost": 1.8609200500088259, "oscillation_cost": 40.64167051216626, "completition_cost": 0.0, "overshoot_cost": 52.45319852458188, "power_cost": 21.85565114746094, "noise_cost": 15.870762503189003, "n_waypoints_completed": 9, "tot_waypoints": 9}}
{"target": -184.07143577109096, "params": {"k_pid_pos": [1.512819076221668, 0.056174785359648066, 0.33354098616519373], "k_pid_alt": [0.8406710053623764, 0.0, 0.0], "k_pid_att": [58.607165353585714, 0.3823296172652047, 0.0], "k_pid_yaw": [0.5, 1e-06, 0.1], "k_pid_hsp": [1.120459281977291, 0.00033653168308799, 0.0], "k_pid_vsp": [339.97641573868816, 28.781336938142278, 21.818334938787437]}, "datetime": {"datetime": "2025-08-21 11:00:12", "elapsed": 8128.72998213768, "delta": 16.45994472503662}, "costs": {"total_cost": 184.07143577109096, "time_cost": 71.16, "final_distance_cost": 1.8152282825743944, "oscillation_cost": 37.06293471169498, "completition_cost": 0.0, "overshoot_cost": 50.89121486349099, "power_cost": 12.59074930419922, "noise_cost": 10.551308609131391, "n_waypoints_completed": 9, "tot_waypoints": 9}}
{"target": -1148.3067669540985, "params": {"k_pid_pos": [0.5805543240529232, 0.0, 0.0], "k_pid_alt": [0.8672087558425414, 0.0, 0.28246591852026137], "k_pid_att": [38.50515143266823, 0.0001, 0.5211864764192706], "k_pid_yaw": [0.5, 1e-06, 0.1], "k_pid_hsp": [0.0001, 0.0, 0.0], "k_pid_vsp": [394.057256431581, 1.8261859426311051, 20.558628657161854]}, "datetime": {"datetime": "2025-08-21 11:00:35", "elapsed": 8151.488954305649, "delta": 22.75897216796875}, "costs": {"total_cost": 1148.3067669540985, "time_cost": 150, "final_distance_cost": 44.99083586942164, "oscillation_cost": 3.3934011091041856, "completition_cost": 888.8888888888888, "overshoot_cost": 51.34599090359094, "power_cost": 3.8970623779296876, "noise_cost": 5.790587805163263, "n_waypoints_completed": 1, "tot_waypoints": 9}}
{"target": -204.20806309815225, "params": {"k_pid_pos": [0.5154302580218928, 0.0, 0.1825178978694627], "k_pid_alt": [1.0000207454888808, 0.0, 0.0], "k_pid_att": [41.35898797014039, 0.18577485323995102, 0.1455584635016615], "k_pid_yaw": [0.5, 1e-06, 0.1], "k_pid_hsp": [1.0551853625815428, 0.020247111235155178, 0.0], "k_pid_vsp": [373.7425869575634, 4.6367618158976605, 1e-06]}, "datetime": {"datetime": "2025-08-21 11:00:55", "elapsed": 8171.9319722652435, "delta": 20.443017959594727}, "costs": {"total_cost": 204.20806309815225, "time_cost": 87.992, "final_distance_cost": 1.8587211916697932, "oscillation_cost": 27.264264186725352, "completition_cost": 0.0, "overshoot_cost": 52.74989873389387, "power_cost": 17.85442850341797, "noise_cost": 16.488750482445266, "n_waypoints_completed": 9, "tot_waypoints": 9}}
{"target": -188.12748508509696, "params": {"k_pid_pos": [1.2048833597633684, 0.0, 0.12751303358537483], "k_pid_alt": [1.200268654849528, 0.0010220131354248183, 0.0], "k_pid_att": [49.592614046174916, 0.0001, 0.0], "k_pid_yaw": [0.5, 1e-06, 0.1], "k_pid_hsp": [0.6925225534638608, 0.0, 0.0], "k_pid_vsp": [383.6391571008373, 42.731376305217594, 58.148339792847146]}, "datetime": {"datetime": "2025-08-21 11:01:11", "elapsed": 8187.952937364578, "delta": 16.020965099334717}, "costs": {"total_cost": 188.12748508509696, "time_cost": 69.736, "final_distance_cost": 1.8395482701069126, "oscillation_cost": 35.97112854859794, "completition_cost": 0.0, "overshoot_cost": 50.12259129084343, "power_cost": 16.894651989746095, "noise_cost": 13.563564985802614, "n_waypoints_completed": 9, "tot_waypoints": 9}}
{"target": -181.37736471451643, "params": {"k_pid_pos": [1.5512697804364484, 0.0, 0.0], "k_pid_alt": [1.7880459568342655, 0.0, 0.0], "k_pid_att": [42.59438280230825, 0.11987482060978816, 0.5497033717398655], "k_pid_yaw": [0.5, 1e-06, 0.1], "k_pid_hsp": [0.6294646402487305, 0.0, 0.0], "k_pid_vsp": [393.42577407845744, 14.922375011052804, 40.58223834133825]}, "datetime": {"datetime": "2025-08-21 11:01:27", "elapsed": 8203.664370775223, "delta": 15.711433410644531}, "costs": {"total_cost": 181.37736471451643, "time_cost": 69.72, "final_distance_cost": 1.7801769088321746, "oscillation_cost": 38.026468344796946, "completition_cost": 0.0, "overshoot_cost": 51.208178458122774, "power_cost": 11.285288610839844, "noise_cost": 9.357252391924698, "n_waypoints_completed": 9, "tot_waypoints": 9}}
{"target": -177.7193407948519, "params": {"k_pid_pos": [1.4275437272769802, 0.011905290081782332, 0.3288241882573692], "k_pid_alt": [1.5088450112634626, 0.0, 0.0], "k_pid_att": [15.500496022248285, 0.0001, 0.5467637479339098], "k_pid_yaw": [0.5, 1e-06, 0.1], "k_pid_hsp": [0.9083761515438131, 0.0, 0.0], "k_pid_vsp": [375.84812507573804, 28.379506032472907, 1e-06]}, "datetime": {"datetime": "2025-08-21 11:01:43", "elapsed": 8219.866828680038, "delta": 16.202457904815674}, "costs": {"total_cost": 177.7193407948519, "time_cost": 70.544, "final_distance_cost": 1.8408602645657732, "oscillation_cost": 30.90453412914341, "completition_cost": 0.0, "overshoot_cost": 50.59578395342847, "power_cost": 12.318251745605469, "noise_cost": 11.515910702108762, "n_waypoints_completed": 9, "tot_waypoints": 9}}
{"target": -201.75748956188497, "params": {"k_pid_pos": [0.7273548110635671, 0.0, 0.21444943431920732], "k_pid_alt": [1.4472017964294464, 0.0, 0.0], "k_pid_att": [39.925132283158106, 0.0001, 0.4485174089711269], "k_pid_yaw": [0.5, 1e-06, 0.1], "k_pid_hsp": [0.8111461763267253, 0.035500457579372736, 0.0], "k_pid_vsp": [400.0, 40.532121719983785, 23.2643766753941]}, "datetime": {"datetime": "2025-08-21 11:02:01", "elapsed": 8237.882743120193, "delta": 18.01591444015503}, "costs": {"total_cost": 201.75748956188497, "time_cost": 77.896, "final_distance_cost": 1.8537849320050546, "oscillation_cost": 31.127878112400857, "completition_cost": 0.0, "overshoot_cost": 51.07554855884297, "power_cost": 22.38173048095703, "noise_cost": 17.422547477679046, "n_waypoints_completed": 9, "tot_waypoints": 9}}
{"target": -183.7762270009739, "params": {"k_pid_pos": [1.2435730557853166, 0.0, 0.1540814587478564], "k_pid_alt": [1.2835262873151887, 0.0, 0.0], "k_pid_att": [41.88081553272831, 0.0001, 0.42635110432690737], "k_pid_yaw": [0.5, 1e-06, 0.1], "k_pid_hsp": [0.418348477643651, 0.01273057328582388, 0.0], "k_pid_vsp": [400.0, 47.33436448585982, 17.705542934559478]}, "datetime": {"datetime": "2025-08-21 11:02:17", "elapsed": 8253.621934652328, "delta": 15.73919153213501}, "costs": {"total_cost": 183.7762270009739, "time_cost": 70.008, "final_distance_cost": 1.838918664352254, "oscillation_cost": 32.49880458440806, "completition_cost": 0.0, "overshoot_cost": 50.796353931386925, "power_cost": 16.089373876953125, "noise_cost": 12.54477594387356, "n_waypoints_completed": 9, "tot_waypoints": 9}}
{"target": -185.6107155259878, "params": {"k_pid_pos": [1.5296213974251986, 0.0, 0.0], "k_pid_alt": [1.368015133671859, 0.0, 0.0], "k_pid_att": [21.48093086252399, 0.026814641153520002, 0.801918615336679], "k_pid_yaw": [0.5, 1e-06, 0.1], "k_pid_hsp": [1.6856645798811796, 0.0, 0.0], "k_pid_vsp": [146.69699661320203, 48.88582858936311, 22.32126239770168]}, "datetime": {"datetime": "2025-08-21 11:02:32", "elapsed": 8269.144038677216, "delta": 15.522104024887085}, "costs": {"total_cost": 185.6107155259878, "time_cost": 68.32000000000001, "final_distance_cost": 1.7711899001334204, "oscillation_cost": 40.057731066677384, "completition_cost": 0.0, "overshoot_cost": 49.82642962737855, "power_cost": 14.651138439941407, "noise_cost": 10.984226491857052, "n_waypoints_completed": 9, "tot_waypoints": 9}}
{"target": -1298.0003656860438, "params": {"k_pid_pos": [1.3228567294822366, 0.0, 0.14807971360741734], "k_pid_alt": [0.752004165166013, 0.0, 0.0], "k_pid_att": [13.949630576834792, 0.0001, 0.6107698392187851], "k_pid_yaw": [0.5, 1e-06, 0.1], "k_pid_hsp": [0.0001, 0.0, 0.07852214292174424], "k_pid_vsp": [365.80704482163094, 63.79427477822773, 7.136685822455334]}, "datetime": {"datetime": "2025-08-21 11:02:55", "elapsed": 8291.77303481102, "delta": 22.62899613380432}, "costs": {"total_cost": 1298.0003656860438, "time_cost": 150, "final_distance_cost": 45.51237266740704, "oscillation_cost": 31.993015511241044, "completition_cost": 1000.0, "overshoot_cost": 22.770685485032853, "power_cost": 28.10922194824219, "noise_cost": 19.615070074120595, "n_waypoints_completed": 0, "tot_waypoints": 9}}
{"target": -174.68415613792115, "params": {"k_pid_pos": [0.7446317530800733, 0.0, 0.17374048158781985], "k_pid_alt": [0.8388964061292064, 0.0, 0.0], "k_pid_att": [24.65839452053049, 0.30465503391646664, 0.19490322143959066], "k_pid_yaw": [0.5, 1e-06, 0.1], "k_pid_hsp": [0.5595911909645948, 0.06004093253061686, 0.0], "k_pid_vsp": [400.0, 32.132951166712424, 19.59237955520465]}, "datetime": {"datetime": "2025-08-21 11:03:13", "elapsed": 8309.748673200607, "delta": 17.975638389587402}, "costs": {"total_cost": 174.68415613792115, "time_cost": 77.312, "final_distance_cost": 1.854547582404496, "oscillation_cost": 29.143695156145828, "completition_cost": 0.0, "overshoot_cost": 51.34806285935101, "power_cost": 7.574242395019532, "noise_cost": 7.451608145000299, "n_waypoints_completed": 9, "tot_waypoints": 9}}
{"target": -197.39850592473857, "params": {"k_pid_pos": [1.2216554447289047, 0.0, 0.2971009088460119], "k_pid_alt": [1.551722670159235, 0.0, 0.0], "k_pid_att": [29.317266100036843, 0.0001, 0.5867197624081207], "k_pid_yaw": [0.5, 1e-06, 0.1], "k_pid_hsp": [0.48222403451123314, 0.0, 0.0], "k_pid_vsp": [360.84972380312723, 49.3588185534803, 42.263443827112816]}, "datetime": {"datetime": "2025-08-21 11:03:31", "elapsed": 8327.758825540543, "delta": 18.010152339935303}, "costs": {"total_cost": 197.39850592473857, "time_cost": 78.0, "final_distance_cost": 1.8428789817035294, "oscillation_cost": 30.610329860491504, "completition_cost": 0.0, "overshoot_cost": 55.194116550986486, "power_cost": 17.30114488525391, "noise_cost": 14.450035646303164, "n_waypoints_completed": 9, "tot_waypoints": 9}}
{"target": -187.2852337189963, "params": {"k_pid_pos": [1.274924000107241, 0.16879429445940863, 0.0], "k_pid_alt": [1.4238994752765275, 0.0, 0.0], "k_pid_att": [24.744701048501444, 0.0001, 0.6270290744029137], "k_pid_yaw": [0.5, 1e-06, 0.1], "k_pid_hsp": [1.1982889002594181, 0.0, 0.0], "k_pid_vsp": [400.0, 42.92043060145777, 32.61858489366361]}, "datetime": {"datetime": "2025-08-21 11:03:47", "elapsed": 8344.077647447586, "delta": 16.318821907043457}, "costs": {"total_cost": 187.2852337189963, "time_cost": 71.416, "final_distance_cost": 1.7882133909770643, "oscillation_cost": 34.50941140982697, "completition_cost": 0.0, "overshoot_cost": 52.244955076058226, "power_cost": 15.456109216308594, "noise_cost": 11.87054462582547, "n_waypoints_completed": 9, "tot_waypoints": 9}}
{"target": -175.3765946249432, "params": {"k_pid_pos": [1.3759704342465104, 0.0, 0.23470493131111797], "k_pid_alt": [1.4192257588445005, 0.0, 0.0], "k_pid_att": [7.581463003897525, 0.0001, 0.37933352958784144], "k_pid_yaw": [0.5, 1e-06, 0.1], "k_pid_hsp": [0.8490408658797607, 0.042290581064635034, 0.0], "k_pid_vsp": [395.1932521723837, 2.497992138565766, 24.109847151254748]}, "datetime": {"datetime": "2025-08-21 11:04:04", "elapsed": 8360.528409957886, "delta": 16.450762510299683}, "costs": {"total_cost": 175.3765946249432, "time_cost": 69.672, "final_distance_cost": 1.8306831373652013, "oscillation_cost": 33.08786700472141, "completition_cost": 0.0, "overshoot_cost": 51.42217970523374, "power_cost": 10.209759289550782, "noise_cost": 9.154105488072076, "n_waypoints_completed": 9, "tot_waypoints": 9}}
{"target": -166.92493889360875, "params": {"k_pid_pos": [1.2756495888463837, 0.0, 0.13483879614738556], "k_pid_alt": [0.9539366003439852, 0.0, 0.007902577931418993], "k_pid_att": [24.01390603230945, 0.0001, 0.5791092953466221], "k_pid_yaw": [0.5, 1e-06, 0.1], "k_pid_hsp": [0.6949950280997933, 0.0, 0.0], "k_pid_vsp": [400.0, 19.890717294349617, 24.250406662512386]}, "datetime": {"datetime": "2025-08-21 11:04:20", "elapsed": 8376.639033079147, "delta": 16.110623121261597}, "costs": {"total_cost": 166.92493889360875, "time_cost": 71.296, "final_distance_cost": 1.8391126698002171, "oscillation_cost": 32.5743089969233, "completition_cost": 0.0, "overshoot_cost": 51.21539351899443, "power_cost": 4.629192370605469, "noise_cost": 5.370931337285326, "n_waypoints_completed": 9, "tot_waypoints": 9}}
{"target": -193.46143235809285, "params": {"k_pid_pos": [1.2710161312646606, 0.0, 0.0], "k_pid_alt": [1.2076697360940045, 0.0, 0.0], "k_pid_att": [50.86734166867288, 0.0001, 0.48689454885082795], "k_pid_yaw": [0.5, 1e-06, 0.1], "k_pid_hsp": [0.9727191386170093, 0.03833799671041414, 0.0], "k_pid_vsp": [394.3812782764783, 61.21725535284711, 28.59042499946725]}, "datetime": {"datetime": "2025-08-21 11:04:35", "elapsed": 8392.04344534874, "delta": 15.404412269592285}, "costs": {"total_cost": 193.46143235809285, "time_cost": 68.504, "final_distance_cost": 1.8303520464863057, "oscillation_cost": 38.566006727673624, "completition_cost": 0.0, "overshoot_cost": 50.31464514606159, "power_cost": 19.805219201660158, "noise_cost": 14.441209236211154, "n_waypoints_completed": 9, "tot_waypoints": 9}}
{"target": -182.54424997159174, "params": {"k_pid_pos": [1.158124625362427, 0.0, 0.13205379481275625], "k_pid_alt": [1.259094025084758, 0.0, 0.0], "k_pid_att": [14.83126641761626, 0.0001, 0.8588434153990566], "k_pid_yaw": [0.5, 1e-06, 0.1], "k_pid_hsp": [0.340485115508962, 0.023780600379088294, 0.0], "k_pid_vsp": [399.51494435542526, 22.116334051985, 24.400752628675484]}, "datetime": {"datetime": "2025-08-21 11:04:52", "elapsed": 8409.057217359543, "delta": 17.013772010803223}, "costs": {"total_cost": 182.54424997159174, "time_cost": 71.104, "final_distance_cost": 1.8310481833494598, "oscillation_cost": 30.697886089996455, "completition_cost": 0.0, "overshoot_cost": 51.61505242976723, "power_cost": 15.054758459472657, "noise_cost": 12.241504809005926, "n_waypoints_completed": 9, "tot_waypoints": 9}}
{"target": -184.8788522595388, "params": {"k_pid_pos": [1.105108169632777, 0.0, 0.43031320554747926], "k_pid_alt": [1.6189661128312403, 0.0, 0.0], "k_pid_att": [23.23976859437063, 0.0001, 0.5055093623632405], "k_pid_yaw": [0.5, 1e-06, 0.1], "k_pid_hsp": [0.9420618210387997, 0.0, 0.0], "k_pid_vsp": [399.5672839142175, 69.2164829960808, 18.69218996428619]}, "datetime": {"datetime": "2025-08-21 11:05:08", "elapsed": 8425.425226926804, "delta": 16.368009567260742}, "costs": {"total_cost": 184.8788522595388, "time_cost": 71.60000000000001, "final_distance_cost": 1.8538714155818024, "oscillation_cost": 29.637146819465848, "completition_cost": 0.0, "overshoot_cost": 50.450652176921885, "power_cost": 17.194772534179688, "noise_cost": 14.142409313389544, "n_waypoints_completed": 9, "tot_waypoints": 9}}
