{"target": -184.5534285706784, "params": {"k_pid_pos": [1.182799766704172, 0.22345575333757878, 0.13442968728073346], "k_pid_alt": [1.0584265687398133, 0.0, 0.011732468870552362], "k_pid_att": [22.141845018085483, 0.04383635784531864, 0.5062890382503649], "k_pid_yaw": [0.5, 1e-06, 0.1], "k_pid_hsp": [0.30396481457981395, 0.0, 0.0], "k_pid_vsp": [325.19673924713436, 29.05119185101028, 14.574759568797313]}, "datetime": {"datetime": "2025-08-21 13:15:49", "elapsed": 16265.925270795822, "delta": 16.95209002494812}, "costs": {"total_cost": 184.5534285706784, "time_cost": 74.168, "final_distance_cost": 1.7924016353129186, "oscillation_cost": 30.75373695290693, "completition_cost": 0.0, "overshoot_cost": 51.0707383873025, "power_cost": 14.655235375976563, "noise_cost": 12.113316219179456, "n_waypoints_completed": 9, "tot_waypoints": 9}}
{"target": -186.02814627690586, "params": {"k_pid_pos": [0.9524511474831583, 0.0, 0.11579837366731387], "k_pid_alt": [0.8502034194742726, 0.0, 0.007899353752223504], "k_pid_att": [21.030160311229785, 0.0001, 0.5212116007524206], "k_pid_yaw": [0.5, 1e-06, 0.1], "k_pid_hsp": [0.2098265946190005, 0.0, 0.0], "k_pid_vsp": [400.0, 23.92488722975898, 19.50857213231938]}, "datetime": {"datetime": "2025-08-21 13:16:06", "elapsed": 16283.253020048141, "delta": 17.327749252319336}, "costs": {"total_cost": 186.02814627690586, "time_cost": 71.736, "final_distance_cost": 1.823932274063371, "oscillation_cost": 27.57172958245396, "completition_cost": 0.0, "overshoot_cost": 51.169315846768214, "power_cost": 19.04593104248047, "noise_cost": 14.681237531139868, "n_waypoints_completed": 9, "tot_waypoints": 9}}
{"target": -176.56891347204365, "params": {"k_pid_pos": [1.7533123859593736, 0.00010664956280872987, 0.020070592129234142], "k_pid_alt": [1.0946761645737009, 0.0, 0.009963149833594495], "k_pid_att": [13.95768556325791, 0.6397440401582376, 0.5796717342115337], "k_pid_yaw": [0.5, 1e-06, 0.1], "k_pid_hsp": [0.23347903351827504, 0.0, 0.0], "k_pid_vsp": [400.0, 16.16671524485108, 16.271422614594744]}, "datetime": {"datetime": "2025-08-21 13:16:25", "elapsed": 16302.09164738655, "delta": 18.838627338409424}, "costs": {"total_cost": 176.56891347204365, "time_cost": 70.304, "final_distance_cost": 1.7944523391554301, "oscillation_cost": 32.43156226717779, "completition_cost": 0.0, "overshoot_cost": 50.92201203307022, "power_cost": 11.341603881835939, "noise_cost": 9.775282950804257, "n_waypoints_completed": 9, "tot_waypoints": 9}}
{"target": -182.72209699015616, "params": {"k_pid_pos": [1.1013054461798977, 0.0, 0.224901893080301], "k_pid_alt": [1.1982132503394323, 0.0, 0.008961074287473777], "k_pid_att": [14.934361799101662, 0.0001, 0.607154296522663], "k_pid_yaw": [0.5, 1e-06, 0.1], "k_pid_hsp": [0.20966549099919793, 0.0, 0.0], "k_pid_vsp": [400.0, 16.050464462086644, 35.545024160272966]}, "datetime": {"datetime": "2025-08-21 13:16:45", "elapsed": 16322.221359491348, "delta": 20.129712104797363}, "costs": {"total_cost": 182.72209699015616, "time_cost": 73.34400000000001, "final_distance_cost": 1.8243551584918911, "oscillation_cost": 27.6628087139128, "completition_cost": 0.0, "overshoot_cost": 52.71236326518496, "power_cost": 14.945318103027345, "noise_cost": 12.233251749539152, "n_waypoints_completed": 9, "tot_waypoints": 9}}
{"target": -181.89197200717948, "params": {"k_pid_pos": [1.14725208642838, 0.0, 0.1309196546098389], "k_pid_alt": [1.4212159561366036, 0.0, 0.011580041630525874], "k_pid_att": [23.32757364929438, 0.0001, 0.6318743416029144], "k_pid_yaw": [0.5, 1e-06, 0.1], "k_pid_hsp": [0.4068043721652754, 0.0, 0.0], "k_pid_vsp": [400.0, 24.602882495699713, 17.791768441412916]}, "datetime": {"datetime": "2025-08-21 13:17:03", "elapsed": 16339.571454524994, "delta": 17.35009503364563}, "costs": {"total_cost": 181.89197200717948, "time_cost": 71.368, "final_distance_cost": 1.8328390523743008, "oscillation_cost": 30.273725549894557, "completition_cost": 0.0, "overshoot_cost": 51.59143901395899, "power_cost": 14.849520581054689, "noise_cost": 11.976447809896941, "n_waypoints_completed": 9, "tot_waypoints": 9}}
{"target": -1207.2730824304783, "params": {"k_pid_pos": [1.188621843373077, 0.014705828114952822, 0.26031855609979276], "k_pid_alt": [1.1812872797895069, 0.0, 0.009431387135006731], "k_pid_att": [19.082297109296555, 0.0001, 0.5898775611231964], "k_pid_yaw": [0.5, 1e-06, 0.1], "k_pid_hsp": [0.0001, 0.0, 0.0], "k_pid_vsp": [397.36377837404285, 24.452225585640363, 4.0698977325235415]}, "datetime": {"datetime": "2025-08-21 13:17:26", "elapsed": 16362.874477386475, "delta": 23.303022861480713}, "costs": {"total_cost": 1207.2730824304783, "time_cost": 150, "final_distance_cost": 46.435880096576014, "oscillation_cost": 0.23150135882709044, "completition_cost": 888.8888888888888, "overshoot_cost": 82.10233294350414, "power_cost": 22.43390435791016, "noise_cost": 17.180574784772038, "n_waypoints_completed": 1, "tot_waypoints": 9}}
{"target": -174.63634565692897, "params": {"k_pid_pos": [1.132806508478579, 0.0, 0.12842217695970745], "k_pid_alt": [1.1486080810960908, 0.0, 0.012683043510367947], "k_pid_att": [24.049292946892937, 0.0001, 0.5448021167930993], "k_pid_yaw": [0.5, 1e-06, 0.1], "k_pid_hsp": [0.2680534003696263, 0.0, 0.0], "k_pid_vsp": [400.0, 20.659319813509196, 19.197989210713907]}, "datetime": {"datetime": "2025-08-21 13:17:42", "elapsed": 16379.12361073494, "delta": 16.249133348464966}, "costs": {"total_cost": 174.63634565692897, "time_cost": 70.384, "final_distance_cost": 1.8282905533253337, "oscillation_cost": 29.84895755862068, "completition_cost": 0.0, "overshoot_cost": 50.48195673564211, "power_cost": 11.63629979248047, "noise_cost": 10.456841016860372, "n_waypoints_completed": 9, "tot_waypoints": 9}}
{"target": -175.89919249537422, "params": {"k_pid_pos": [1.216573890035978, 0.0, 0.13354987588912665], "k_pid_alt": [0.8429565231952177, 0.0, 0.007633484546731373], "k_pid_att": [18.749969258780244, 0.0001, 0.6303325566577587], "k_pid_yaw": [0.5, 1e-06, 0.1], "k_pid_hsp": [0.12245323536211143, 0.0, 0.0], "k_pid_vsp": [400.0, 26.794091664774122, 21.629866035203243]}, "datetime": {"datetime": "2025-08-21 13:17:59", "elapsed": 16395.61517739296, "delta": 16.49156665802002}, "costs": {"total_cost": 175.89919249537422, "time_cost": 72.048, "final_distance_cost": 1.7824084354779575, "oscillation_cost": 27.92956013651301, "completition_cost": 0.0, "overshoot_cost": 51.113883663212135, "power_cost": 12.4284341796875, "noise_cost": 10.596906080483613, "n_waypoints_completed": 9, "tot_waypoints": 9}}
{"target": -197.0888217393932, "params": {"k_pid_pos": [1.0914728355755587, 0.0, 0.006954005906132099], "k_pid_alt": [1.0773178748282413, 0.0, 0.00580127821416819], "k_pid_att": [14.408507684309658, 0.07938756912525083, 0.5874550560148661], "k_pid_yaw": [0.5, 1e-06, 0.1], "k_pid_hsp": [0.5718087785574495, 0.0, 0.0], "k_pid_vsp": [253.81301586899966, 25.284898749491116, 24.63573587149807]}, "datetime": {"datetime": "2025-08-21 13:18:16", "elapsed": 16413.214640140533, "delta": 17.599462747573853}, "costs": {"total_cost": 197.0888217393932, "time_cost": 76.784, "final_distance_cost": 1.8330471547593414, "oscillation_cost": 31.718616167181786, "completition_cost": 0.0, "overshoot_cost": 55.21215518839257, "power_cost": 17.528441552734375, "noise_cost": 14.012561676325161, "n_waypoints_completed": 9, "tot_waypoints": 9}}
{"target": -1225.61848138532, "params": {"k_pid_pos": [1.1832375603747294, 0.0, 0.11893780703943893], "k_pid_alt": [1.0948974431606004, 0.0, 0.01057030273720998], "k_pid_att": [20.019699271263235, 0.0001, 0.5838577402407276], "k_pid_yaw": [0.5, 1e-06, 0.1], "k_pid_hsp": [0.0001, 0.0, 0.0], "k_pid_vsp": [400.0, 28.768665814400254, 20.283887502225564]}, "datetime": {"datetime": "2025-08-21 13:18:39", "elapsed": 16436.066106557846, "delta": 22.851466417312622}, "costs": {"total_cost": 1225.61848138532, "time_cost": 150, "final_distance_cost": 46.44953132818021, "oscillation_cost": 0.48535724463609153, "completition_cost": 888.8888888888888, "overshoot_cost": 81.74470363725453, "power_cost": 34.961610876464846, "noise_cost": 23.088389409895477, "n_waypoints_completed": 1, "tot_waypoints": 9}}
{"target": -187.72493688228013, "params": {"k_pid_pos": [1.1462815535471622, 0.0, 0.08889662723019756], "k_pid_alt": [1.264787112538938, 0.0, 0.006444763423557908], "k_pid_att": [19.95262745802784, 0.0001, 0.6011206387715039], "k_pid_yaw": [0.5, 1e-06, 0.1], "k_pid_hsp": [0.23622881488035294, 0.0, 0.0], "k_pid_vsp": [400.0, 42.28858860736926, 19.395920993335526]}, "datetime": {"datetime": "2025-08-21 13:18:56", "elapsed": 16452.464935064316, "delta": 16.398828506469727}, "costs": {"total_cost": 187.72493688228013, "time_cost": 71.096, "final_distance_cost": 1.8166532045405839, "oscillation_cost": 28.75335470098137, "completition_cost": 0.0, "overshoot_cost": 51.41241265460167, "power_cost": 20.020966137695314, "noise_cost": 14.625550184461204, "n_waypoints_completed": 9, "tot_waypoints": 9}}
{"target": -177.43947288139415, "params": {"k_pid_pos": [1.0541285719751508, 0.0, 0.11096576528218173], "k_pid_alt": [1.0837717953132695, 0.0, 0.010413554844870183], "k_pid_att": [21.296795026137065, 0.0001, 0.410469214705823], "k_pid_yaw": [0.5, 1e-06, 0.1], "k_pid_hsp": [0.38659014520842205, 0.0006728091745036851, 0.0], "k_pid_vsp": [393.5491804196141, 23.87212433117421, 29.173502581262447]}, "datetime": {"datetime": "2025-08-21 13:19:12", "elapsed": 16468.8690867424, "delta": 16.404151678085327}, "costs": {"total_cost": 177.43947288139415, "time_cost": 70.392, "final_distance_cost": 1.8407191429914318, "oscillation_cost": 29.459402467590294, "completition_cost": 0.0, "overshoot_cost": 50.585157733607694, "power_cost": 13.971730932617188, "noise_cost": 11.190462604587546, "n_waypoints_completed": 9, "tot_waypoints": 9}}
{"target": -180.80453448561934, "params": {"k_pid_pos": [1.1789166819322794, 0.0, 0.12063394535877936], "k_pid_alt": [1.2806741052240151, 0.0, 0.00951515040945126], "k_pid_att": [19.407592926796223, 0.0001, 0.5880893294026457], "k_pid_yaw": [0.5, 1e-06, 0.1], "k_pid_hsp": [0.11148203129037997, 0.0, 0.0], "k_pid_vsp": [400.0, 24.929210896203877, 17.729474430444263]}, "datetime": {"datetime": "2025-08-21 13:19:28", "elapsed": 16485.148465394974, "delta": 16.279378652572632}, "costs": {"total_cost": 180.80453448561934, "time_cost": 71.496, "final_distance_cost": 1.8088398954002827, "oscillation_cost": 27.309605122201706, "completition_cost": 0.0, "overshoot_cost": 51.61448556738634, "power_cost": 16.05785028076172, "noise_cost": 12.517753619869291, "n_waypoints_completed": 9, "tot_waypoints": 9}}
{"target": -180.91330846887996, "params": {"k_pid_pos": [0.913638032795944, 0.0, 0.09191209683844849], "k_pid_alt": [1.5356674718763335, 0.0, 0.00901193732851444], "k_pid_att": [35.9365768481731, 0.0001, 0.5429042798600316], "k_pid_yaw": [0.5, 1e-06, 0.1], "k_pid_hsp": [0.4770462413088631, 0.0, 0.0], "k_pid_vsp": [399.3647740190854, 40.49122864334941, 1e-06]}, "datetime": {"datetime": "2025-08-21 13:19:45", "elapsed": 16501.660710334778, "delta": 16.512244939804077}, "costs": {"total_cost": 180.91330846887996, "time_cost": 71.504, "final_distance_cost": 1.8455801927393993, "oscillation_cost": 27.70238888782624, "completition_cost": 0.0, "overshoot_cost": 51.43358141192076, "power_cost": 15.193911254882813, "noise_cost": 13.233846721510755, "n_waypoints_completed": 9, "tot_waypoints": 9}}
{"target": -172.50536302874482, "params": {"k_pid_pos": [1.0740265121454955, 0.0, 0.1304265255125996], "k_pid_alt": [0.9658964428113263, 0.0, 0.0089761328899957], "k_pid_att": [15.488961124919143, 0.0001, 0.5828495600199666], "k_pid_yaw": [0.5, 1e-06, 0.1], "k_pid_hsp": [0.6755699477020399, 0.0, 0.0], "k_pid_vsp": [400.0, 18.913167473798012, 28.377802378203207]}, "datetime": {"datetime": "2025-08-21 13:20:02", "elapsed": 16518.54592037201, "delta": 16.885210037231445}, "costs": {"total_cost": 172.50536302874482, "time_cost": 71.28, "final_distance_cost": 1.8384030297386138, "oscillation_cost": 30.771915425108567, "completition_cost": 0.0, "overshoot_cost": 51.072100681792776, "power_cost": 9.141514013671875, "noise_cost": 8.401429878433026, "n_waypoints_completed": 9, "tot_waypoints": 9}}
{"target": -179.55277765719498, "params": {"k_pid_pos": [1.1026778879150545, 0.0, 0.1373764663993462], "k_pid_alt": [0.6491098652537589, 0.0, 0.011572526713137856], "k_pid_att": [5.2595328028280335, 0.0001, 0.5403279262559567], "k_pid_yaw": [0.5, 1e-06, 0.1], "k_pid_hsp": [0.12808035789066452, 0.002363166562399371, 0.0], "k_pid_vsp": [359.34102200307603, 24.595239642098576, 17.213346900803472]}, "datetime": {"datetime": "2025-08-21 13:20:18", "elapsed": 16535.393891334534, "delta": 16.847970962524414}, "costs": {"total_cost": 179.55277765719498, "time_cost": 73.488, "final_distance_cost": 1.8279317500955727, "oscillation_cost": 27.460215884666233, "completition_cost": 0.0, "overshoot_cost": 51.339424928355456, "power_cost": 14.11334627685547, "noise_cost": 11.323858817222224, "n_waypoints_completed": 9, "tot_waypoints": 9}}
{"target": -167.4387770227033, "params": {"k_pid_pos": [1.152801572512501, 0.0, 0.13188982128095872], "k_pid_alt": [1.099403589440373, 0.0, 0.012569807651472316], "k_pid_att": [14.673232198998004, 0.0001, 0.5845317339252404], "k_pid_yaw": [0.5, 1e-06, 0.1], "k_pid_hsp": [0.11418626252109358, 0.002403234044238719, 0.0], "k_pid_vsp": [399.33740326134745, 26.688135949572644, 22.60404078582576]}, "datetime": {"datetime": "2025-08-21 13:20:35", "elapsed": 16552.1390311718, "delta": 16.745139837265015}, "costs": {"total_cost": 167.4387770227033, "time_cost": 71.528, "final_distance_cost": 1.791539757869545, "oscillation_cost": 27.621247579134568, "completition_cost": 0.0, "overshoot_cost": 51.62148528116211, "power_cost": 7.675893041992188, "noise_cost": 7.200611362544881, "n_waypoints_completed": 9, "tot_waypoints": 9}}
{"target": -185.52897188685654, "params": {"k_pid_pos": [1.193360367293769, 0.0, 0.1958509794764042], "k_pid_alt": [1.3125652550791689, 0.0, 0.0], "k_pid_att": [20.840127527783178, 0.0001, 0.585934419977096], "k_pid_yaw": [0.5, 1e-06, 0.1], "k_pid_hsp": [0.7523546826233902, 0.0, 0.0], "k_pid_vsp": [400.0, 13.744899779099716, 18.65762434236361]}, "datetime": {"datetime": "2025-08-21 13:20:52", "elapsed": 16568.699973106384, "delta": 16.56094193458557}, "costs": {"total_cost": 185.52897188685654, "time_cost": 70.984, "final_distance_cost": 1.8443819070469536, "oscillation_cost": 31.41069488556815, "completition_cost": 0.0, "overshoot_cost": 50.94502895570008, "power_cost": 16.71175396728516, "noise_cost": 13.633112171256228, "n_waypoints_completed": 9, "tot_waypoints": 9}}
{"target": -170.1620920636108, "params": {"k_pid_pos": [1.137867650537905, 0.0, 0.17795549033049401], "k_pid_alt": [0.9866092488042151, 0.0, 0.013286321729059643], "k_pid_att": [27.22222815454699, 0.0001, 0.5941205398858391], "k_pid_yaw": [0.5, 1e-06, 0.1], "k_pid_hsp": [0.16840009589026, 0.0, 0.0], "k_pid_vsp": [400.0, 31.995591442267056, 15.017622331048292]}, "datetime": {"datetime": "2025-08-21 13:21:08", "elapsed": 16585.32802462578, "delta": 16.62805151939392}, "costs": {"total_cost": 170.1620920636108, "time_cost": 71.52, "final_distance_cost": 1.834025192664374, "oscillation_cost": 27.80565620785614, "completition_cost": 0.0, "overshoot_cost": 51.587547257317624, "power_cost": 8.532481591796875, "noise_cost": 8.882381813975805, "n_waypoints_completed": 9, "tot_waypoints": 9}}
{"target": -187.63499412791305, "params": {"k_pid_pos": [0.8134909111826446, 0.0, 0.11755207920222494], "k_pid_alt": [1.0669315568211095, 0.0, 0.009666747123864092], "k_pid_att": [20.301323248565232, 0.0001, 0.6060093340777638], "k_pid_yaw": [0.5, 1e-06, 0.1], "k_pid_hsp": [1.3462228949678452, 0.0, 0.0], "k_pid_vsp": [398.9173702423163, 24.592571979711483, 22.776513711699614]}, "datetime": {"datetime": "2025-08-21 13:21:26", "elapsed": 16602.816735982895, "delta": 17.4887113571167}, "costs": {"total_cost": 187.63499412791305, "time_cost": 73.776, "final_distance_cost": 1.845921328377129, "oscillation_cost": 31.162049101404346, "completition_cost": 0.0, "overshoot_cost": 50.683158611766224, "power_cost": 17.055165368652343, "noise_cost": 13.112699717712974, "n_waypoints_completed": 9, "tot_waypoints": 9}}
{"target": -189.32763072981578, "params": {"k_pid_pos": [1.1998219299280142, 0.0, 0.09412810119444504], "k_pid_alt": [0.9896106622965788, 0.0, 0.0], "k_pid_att": [21.904099473065042, 0.23846950268972766, 0.690253986077234], "k_pid_yaw": [0.5, 1e-06, 0.1], "k_pid_hsp": [0.4726440860854306, 0.0, 0.0], "k_pid_vsp": [400.0, 11.333833354824051, 60.25496051444096]}, "datetime": {"datetime": "2025-08-21 13:21:43", "elapsed": 16619.864147424698, "delta": 17.04741144180298}, "costs": {"total_cost": 189.32763072981578, "time_cost": 73.8, "final_distance_cost": 1.8408770812455542, "oscillation_cost": 32.264101705100856, "completition_cost": 0.0, "overshoot_cost": 52.7639678730492, "power_cost": 15.904010424804689, "noise_cost": 12.754673645615506, "n_waypoints_completed": 9, "tot_waypoints": 9}}
{"target": -183.79732891458787, "params": {"k_pid_pos": [1.200429571841537, 0.0, 0.12245475011443964], "k_pid_alt": [1.0873274835403506, 0.0, 0.00963987309262687], "k_pid_att": [19.574700456820786, 0.0001, 0.6350773908372955], "k_pid_yaw": [0.5, 1e-06, 0.1], "k_pid_hsp": [0.5802905589961803, 0.0, 0.0], "k_pid_vsp": [400.0, 34.34258219031677, 13.788523842434886]}, "datetime": {"datetime": "2025-08-21 13:21:59", "elapsed": 16636.25435400009, "delta": 16.390206575393677}, "costs": {"total_cost": 183.79732891458787, "time_cost": 70.52, "final_distance_cost": 1.8440968678832872, "oscillation_cost": 31.07361873299724, "completition_cost": 0.0, "overshoot_cost": 50.3904709944699, "power_cost": 16.802632287597657, "noise_cost": 13.166510031639799, "n_waypoints_completed": 9, "tot_waypoints": 9}}
{"target": -197.27999847880753, "params": {"k_pid_pos": [1.1035439198492059, 0.0, 0.14098636169251028], "k_pid_alt": [1.1572860682746586, 0.0, 0.008679427334074043], "k_pid_att": [69.10807473857142, 0.0001, 0.44108160880238556], "k_pid_yaw": [0.5, 1e-06, 0.1], "k_pid_hsp": [4.019370152008631, 0.0, 0.0], "k_pid_vsp": [400.0, 0.9024151508250213, 9.951585869018734]}, "datetime": {"datetime": "2025-08-21 13:22:16", "elapsed": 16653.35153913498, "delta": 17.097185134887695}, "costs": {"total_cost": 197.27999847880753, "time_cost": 72.60000000000001, "final_distance_cost": 1.8518331285792837, "oscillation_cost": 44.307141009011524, "completition_cost": 0.0, "overshoot_cost": 51.95127400920939, "power_cost": 14.400164868164063, "noise_cost": 12.169585463843251, "n_waypoints_completed": 9, "tot_waypoints": 9}}
{"target": -172.16888319925036, "params": {"k_pid_pos": [1.1241061524147156, 0.0, 0.23757900028225515], "k_pid_alt": [1.076330718505243, 0.0, 0.006219685567647956], "k_pid_att": [21.0906948990471, 0.0001, 0.5771969447082727], "k_pid_yaw": [0.5, 1e-06, 0.1], "k_pid_hsp": [0.1442246298409487, 0.0, 0.0], "k_pid_vsp": [400.0, 30.48199848907609, 17.858819488540938]}, "datetime": {"datetime": "2025-08-21 13:22:33", "elapsed": 16669.64350295067, "delta": 16.291963815689087}, "costs": {"total_cost": 172.16888319925036, "time_cost": 72.032, "final_distance_cost": 1.8218865086701468, "oscillation_cost": 26.663668426223897, "completition_cost": 0.0, "overshoot_cost": 52.03380827579341, "power_cost": 10.337173718261718, "noise_cost": 9.28034627030122, "n_waypoints_completed": 9, "tot_waypoints": 9}}
{"target": -1175.8951327761351, "params": {"k_pid_pos": [1.1823157838318, 0.0, 0.07664800796072374], "k_pid_alt": [1.2738510715052247, 0.0, 0.009506251468625966], "k_pid_att": [23.47090572744891, 0.0001, 0.5786176184756318], "k_pid_yaw": [0.5, 1e-06, 0.1], "k_pid_hsp": [0.0001, 0.0, 0.0], "k_pid_vsp": [337.84390992544314, 25.17660127089559, 11.674640365380835]}, "datetime": {"datetime": "2025-08-21 13:22:56", "elapsed": 16692.639715194702, "delta": 22.996212244033813}, "costs": {"total_cost": 1175.8951327761351, "time_cost": 150, "final_distance_cost": 46.39558151671089, "oscillation_cost": 3.5825518302047437, "completition_cost": 888.8888888888888, "overshoot_cost": 81.88178776954994, "power_cost": 1.9227119140625002, "noise_cost": 3.2236108567182233, "n_waypoints_completed": 1, "tot_waypoints": 9}}
{"target": -174.2329802995123, "params": {"k_pid_pos": [1.143170803585009, 0.0, 0.19718696422374715], "k_pid_alt": [1.0788118750293456, 0.0, 0.010040016994714768], "k_pid_att": [17.63136674652671, 0.0001, 0.6043322014097667], "k_pid_yaw": [0.5, 1e-06, 0.1], "k_pid_hsp": [0.15351236418170255, 0.0, 0.0], "k_pid_vsp": [400.0, 27.28773316371166, 10.7935253290638]}, "datetime": {"datetime": "2025-08-21 13:23:12", "elapsed": 16708.995322704315, "delta": 16.355607509613037}, "costs": {"total_cost": 174.2329802995123, "time_cost": 71.32000000000001, "final_distance_cost": 1.8101369827629423, "oscillation_cost": 27.570139113823192, "completition_cost": 0.0, "overshoot_cost": 51.617077258882674, "power_cost": 11.408679992675781, "noise_cost": 10.50694695136771, "n_waypoints_completed": 9, "tot_waypoints": 9}}
{"target": -184.67795162630892, "params": {"k_pid_pos": [1.1888547495866764, 0.0, 0.022694724675255823], "k_pid_alt": [1.0490075808356116, 0.0, 0.012107777116265728], "k_pid_att": [29.356237747603494, 0.0001, 0.5313923969555674], "k_pid_yaw": [0.5, 1e-06, 0.1], "k_pid_hsp": [0.3385065873786631, 0.0, 0.0], "k_pid_vsp": [370.9071502864955, 35.52452987104371, 25.06367332228479]}, "datetime": {"datetime": "2025-08-21 13:23:29", "elapsed": 16725.71619606018, "delta": 16.72087335586548}, "costs": {"total_cost": 184.67795162630892, "time_cost": 71.64, "final_distance_cost": 1.8144593183628293, "oscillation_cost": 30.174092369980126, "completition_cost": 0.0, "overshoot_cost": 51.983038503378786, "power_cost": 16.132983569335938, "noise_cost": 12.933377865251234, "n_waypoints_completed": 9, "tot_waypoints": 9}}
