{"target": -1216.2484605012346, "params": {"k_pid_pos": [0.7038969262982282, 0.029095415904399156, 0.19997563573426966], "k_pid_alt": [0.818125885767989, 0.08248534447803695, 0.7325452783023821], "k_pid_att": [20.018281002909983, 1.1379416688298694, 0.010502190754256957], "k_pid_yaw": [0.5, 1e-06, 0.1], "k_pid_hsp": [8.21529719010302, 0.46541354530171514, 0.6918847382358484], "k_pid_vsp": [121.43587439063387, 1e-06, 162.27052105884286]}, "datetime": {"datetime": "2025-08-21 09:07:09", "elapsed": 1345.6847121715546, "delta": 25.077513694763184}, "costs": {"total_cost": 1216.2484605012346, "time_cost": 150, "final_distance_cost": 46.076887348804426, "oscillation_cost": 385.9814305612276, "completition_cost": 555.5555555555555, "overshoot_cost": 54.76916752132721, "power_cost": 12.473935717773438, "noise_cost": 11.39148379654624, "n_waypoints_completed": 4, "tot_waypoints": 9}}
{"target": -699.5024622989887, "params": {"k_pid_pos": [0.3017158867100138, 0.059881390486153416, 0.07744694017174047], "k_pid_alt": [1.0170022396591223, 0.34294981590872775, 0.0], "k_pid_att": [21.56694608052196, 2.802615613651852, 0.0], "k_pid_yaw": [0.5, 1e-06, 0.1], "k_pid_hsp": [0.8882359147647139, 0.2517411873497446, 0.08453293538095363], "k_pid_vsp": [134.88739496693927, 17.08263047455793, 73.60863977765963]}, "datetime": {"datetime": "2025-08-21 09:07:38", "elapsed": 1374.8197083473206, "delta": 29.13499617576599}, "costs": {"total_cost": 699.5024622989887, "time_cost": 150, "final_distance_cost": 43.973875469625966, "oscillation_cost": 301.25379557339164, "completition_cost": 111.11111111111116, "overshoot_cost": 59.643395638662234, "power_cost": 18.9493341796875, "noise_cost": 14.570950326510157, "n_waypoints_completed": 8, "tot_waypoints": 9}}
{"target": -1059.3697898017995, "params": {"k_pid_pos": [0.6826962887658643, 0.258174596386231, 0.0], "k_pid_alt": [0.7309024731150358, 0.7101733988864138, 0.9071554924998458], "k_pid_att": [33.92768081639611, 0.5517908364385913, 0.0], "k_pid_yaw": [0.5, 1e-06, 0.1], "k_pid_hsp": [6.932401744349291, 0.0, 0.6665201604920292], "k_pid_vsp": [176.17597470974462, 1e-06, 82.25345624162816]}, "datetime": {"datetime": "2025-08-21 09:08:05", "elapsed": 1401.7043702602386, "delta": 26.88466191291809}, "costs": {"total_cost": 1059.3697898017995, "time_cost": 150, "final_distance_cost": 50.910310794674324, "oscillation_cost": 326.58028567089207, "completition_cost": 444.4444444444444, "overshoot_cost": 46.13546483294135, "power_cost": 23.274161779785157, "noise_cost": 18.025122279062373, "n_waypoints_completed": 5, "tot_waypoints": 9}}
{"target": -1517.7036291932293, "params": {"k_pid_pos": [0.8321942671044683, 0.057880032378332724, 0.07231305767546603], "k_pid_alt": [0.7214194532285005, 0.0, 0.0], "k_pid_att": [17.636392903459488, 6.36366644677943, 0.0031641336145558363], "k_pid_yaw": [0.5, 1e-06, 0.1], "k_pid_hsp": [0.0001, 0.07657197085146539, 0.3024322443955654], "k_pid_vsp": [211.81020804704377, 219.92811343268093, 1e-06]}, "datetime": {"datetime": "2025-08-21 09:08:35", "elapsed": 1431.5726013183594, "delta": 29.868231058120728}, "costs": {"total_cost": 1517.7036291932293, "time_cost": 150, "final_distance_cost": 95.98506935394641, "oscillation_cost": 484.7497067571635, "completition_cost": 666.6666666666667, "overshoot_cost": 88.90846137417954, "power_cost": 16.84693154296875, "noise_cost": 14.546793498304385, "n_waypoints_completed": 3, "tot_waypoints": 9}}
{"target": -1275.4912393108784, "params": {"k_pid_pos": [1.500087659141059, 0.871883748788167, 0.25325622259682096], "k_pid_alt": [0.8659044525090775, 0.0, 0.589192157834244], "k_pid_att": [19.93795020085793, 0.0001, 0.4306973085981872], "k_pid_yaw": [0.5, 1e-06, 0.1], "k_pid_hsp": [3.8536439703446517, 0.0, 0.0], "k_pid_vsp": [182.5119684976692, 1e-06, 206.60694965882357]}, "datetime": {"datetime": "2025-08-21 09:09:02", "elapsed": 1459.3261337280273, "delta": 27.75353240966797}, "costs": {"total_cost": 1275.4912393108784, "time_cost": 150, "final_distance_cost": 59.43306697327137, "oscillation_cost": 24.708952863252588, "completition_cost": 888.8888888888888, "overshoot_cost": 85.9726248412477, "power_cost": 28.68390085449219, "noise_cost": 37.803804889725946, "n_waypoints_completed": 1, "tot_waypoints": 9}}
{"target": -673.3533036156184, "params": {"k_pid_pos": [0.42721092901551616, 0.054139245748186154, 0.07683897766894257], "k_pid_alt": [0.2833858529701348, 0.01295350008707663, 0.20415488208453725], "k_pid_att": [43.58294306390415, 0.0001, 0.0], "k_pid_yaw": [0.5, 1e-06, 0.1], "k_pid_hsp": [0.0001, 0.5454634827544728, 0.18424658087728682], "k_pid_vsp": [149.931308004109, 75.5725847819476, 1e-06]}, "datetime": {"datetime": "2025-08-21 09:09:27", "elapsed": 1484.0054173469543, "delta": 24.679283618927002}, "costs": {"total_cost": 673.3533036156184, "time_cost": 150, "final_distance_cost": 71.46172731880218, "oscillation_cost": 119.02368070573816, "completition_cost": 222.2222222222222, "overshoot_cost": 64.36784508046871, "power_cost": 27.048845312500003, "noise_cost": 19.228982975887174, "n_waypoints_completed": 7, "tot_waypoints": 9}}
{"target": -1331.4604844181138, "params": {"k_pid_pos": [0.6122070275079695, 0.4988800646164743, 0.14352757388438392], "k_pid_alt": [0.6990018331534198, 0.6573601249045371, 0.5522677338738431], "k_pid_att": [70.17414515499658, 0.0001, 0.024345743373082374], "k_pid_yaw": [0.5, 1e-06, 0.1], "k_pid_hsp": [3.050797927830853, 0.0, 0.2188360451900206], "k_pid_vsp": [215.88494727948105, 1e-06, 309.94544075136605]}, "datetime": {"datetime": "2025-08-21 09:09:57", "elapsed": 1514.3264575004578, "delta": 30.321040153503418}, "costs": {"total_cost": 1331.4604844181138, "time_cost": 150, "final_distance_cost": 86.60736053433399, "oscillation_cost": 343.20576134415353, "completition_cost": 666.6666666666667, "overshoot_cost": 41.95831327343406, "power_cost": 24.468496398925783, "noise_cost": 18.55388620059962, "n_waypoints_completed": 3, "tot_waypoints": 9}}
{"target": -232.37500615785922, "params": {"k_pid_pos": [1.0461119700705996, 0.019431908331986783, 0.4347519615722163], "k_pid_alt": [0.4764635312318698, 0.0, 0.4012600567806658], "k_pid_att": [72.46448766504471, 2.6156976197917796, 0.04168817960953314], "k_pid_yaw": [0.5, 1e-06, 0.1], "k_pid_hsp": [3.796911343519101, 0.0, 0.0], "k_pid_vsp": [112.66754459498813, 17.220553835658578, 1e-06]}, "datetime": {"datetime": "2025-08-21 09:10:20", "elapsed": 1536.8608679771423, "delta": 22.53441047668457}, "costs": {"total_cost": 232.37500615785922, "time_cost": 88.784, "final_distance_cost": 1.8576845791929661, "oscillation_cost": 64.80599713147375, "completition_cost": 0.0, "overshoot_cost": 52.35385330078725, "power_cost": 12.283396533203126, "noise_cost": 12.29007461320214, "n_waypoints_completed": 9, "tot_waypoints": 9}}
{"target": -730.2616543441808, "params": {"k_pid_pos": [1.2486507466366161, 0.2045263531891231, 0.7211834637401322], "k_pid_alt": [0.8457667897743256, 0.11589939663344762, 0.3613411509704448], "k_pid_att": [37.41965507904037, 0.9663144714686729, 0.05459669232696529], "k_pid_yaw": [0.5, 1e-06, 0.1], "k_pid_hsp": [1.2769734562225925, 0.0, 0.06490637932183492], "k_pid_vsp": [231.33491607297702, 32.40779484348258, 54.79761977662349]}, "datetime": {"datetime": "2025-08-21 09:10:48", "elapsed": 1564.8207421302795, "delta": 27.959874153137207}, "costs": {"total_cost": 730.2616543441808, "time_cost": 150, "final_distance_cost": 52.03011787409452, "oscillation_cost": 325.3089977706185, "completition_cost": 111.11111111111116, "overshoot_cost": 50.01399399712268, "power_cost": 24.400525219726564, "noise_cost": 17.39690837150728, "n_waypoints_completed": 8, "tot_waypoints": 9}}
{"target": -1360.4343874637207, "params": {"k_pid_pos": [0.46032656294375585, 0.012718520321784804, 0.09028935584890356], "k_pid_alt": [0.15037272543283128, 0.0, 0.38850045766914154], "k_pid_att": [18.5124370997688, 1.9857272564889694, 0.05690470790743839], "k_pid_yaw": [0.5, 1e-06, 0.1], "k_pid_hsp": [7.604409063751589, 0.0, 0.12888737023133656], "k_pid_vsp": [274.1044044449204, 1e-06, 1e-06]}, "datetime": {"datetime": "2025-08-21 09:11:21", "elapsed": 1598.2262830734253, "delta": 33.40554094314575}, "costs": {"total_cost": 1360.4343874637207, "time_cost": 150, "final_distance_cost": 55.00912462959995, "oscillation_cost": 409.6261695457608, "completition_cost": 666.6666666666667, "overshoot_cost": 40.71475699699769, "power_cost": 21.501689880371096, "noise_cost": 16.915979744324364, "n_waypoints_completed": 3, "tot_waypoints": 9}}
{"target": -1747.7478765802605, "params": {"k_pid_pos": [0.7840060026755822, 0.09258255401091224, 0.13501431757275462], "k_pid_alt": [0.4492759452184385, 0.2761367715820968, 0.7372151213440721], "k_pid_att": [20.969389489001227, 2.7601586144593018, 0.03808057439624277], "k_pid_yaw": [0.5, 1e-06, 0.1], "k_pid_hsp": [0.19190699948589485, 0.07241949861275232, 0.361729234713851], "k_pid_vsp": [192.10698047539418, 14.408185941887716, 202.91893671480338]}, "datetime": {"datetime": "2025-08-21 09:11:49", "elapsed": 1625.7953395843506, "delta": 27.569056510925293}, "costs": {"total_cost": 1747.7478765802605, "time_cost": 150, "final_distance_cost": 45.06581519367317, "oscillation_cost": 455.76208452733647, "completition_cost": 1000.0, "overshoot_cost": 57.35774397658588, "power_cost": 21.86871551513672, "noise_cost": 17.693517367528322, "n_waypoints_completed": 0, "tot_waypoints": 9}}
{"target": -202.19418087771163, "params": {"k_pid_pos": [0.7157673343347221, 0.26602909484651877, 0.20308651728422392], "k_pid_alt": [0.7016308962646356, 0.0, 0.09700937699635888], "k_pid_att": [43.471043143783376, 0.6825534034020673, 0.13277019237966609], "k_pid_yaw": [0.5, 1e-06, 0.1], "k_pid_hsp": [1.765908841909646, 0.01331636206623061, 0.00022495798097508894], "k_pid_vsp": [389.0546256493178, 88.84372039162692, 0.356461461503063]}, "datetime": {"datetime": "2025-08-21 09:12:11", "elapsed": 1647.9665479660034, "delta": 22.171208381652832}, "costs": {"total_cost": 202.19418087771163, "time_cost": 82.736, "final_distance_cost": 1.82254425060154, "oscillation_cost": 33.01266315553999, "completition_cost": 0.0, "overshoot_cost": 51.835493171979316, "power_cost": 17.942054321289064, "noise_cost": 14.845425978301693, "n_waypoints_completed": 9, "tot_waypoints": 9}}
{"target": -1209.7147218735274, "params": {"k_pid_pos": [0.8130676735482756, 0.4402680723111508, 0.849503450370969], "k_pid_alt": [0.40841957034549725, 0.0, 0.0], "k_pid_att": [2.570683587865858, 0.0001, 0.0], "k_pid_yaw": [0.5, 1e-06, 0.1], "k_pid_hsp": [0.0001, 0.0, 0.0], "k_pid_vsp": [321.4738734409525, 86.95675553842077, 1e-06]}, "datetime": {"datetime": "2025-08-21 09:12:39", "elapsed": 1676.4014945030212, "delta": 28.434946537017822}, "costs": {"total_cost": 1209.7147218735274, "time_cost": 150, "final_distance_cost": 46.777235985477176, "oscillation_cost": 3.846433117283721, "completition_cost": 888.8888888888888, "overshoot_cost": 84.89502387752957, "power_cost": 19.45496560058594, "noise_cost": 15.852174403762312, "n_waypoints_completed": 1, "tot_waypoints": 9}}
{"target": -236.59277315189493, "params": {"k_pid_pos": [0.5567913841767685, 0.0, 0.0], "k_pid_alt": [0.6746734743896029, 0.0, 0.007763054338356543], "k_pid_att": [40.3923558952285, 0.9308587040238607, 0.0], "k_pid_yaw": [0.5, 1e-06, 0.1], "k_pid_hsp": [4.973187431089366, 0.0, 0.0], "k_pid_vsp": [291.3350724836215, 71.45052295965999, 1e-06]}, "datetime": {"datetime": "2025-08-21 09:13:01", "elapsed": 1698.2415325641632, "delta": 21.840038061141968}, "costs": {"total_cost": 236.59277315189493, "time_cost": 83.28, "final_distance_cost": 1.853696924270817, "oscillation_cost": 80.6256133512461, "completition_cost": 0.0, "overshoot_cost": 50.664353792708134, "power_cost": 9.139047460937501, "noise_cost": 11.030061622732383, "n_waypoints_completed": 9, "tot_waypoints": 9}}
{"target": -1193.4052220992078, "params": {"k_pid_pos": [0.991801893779669, 0.3043576581747803, 0.36056297162425593], "k_pid_alt": [0.2652118736749576, 0.0, 0.05373241872551637], "k_pid_att": [36.00604417141483, 0.0001, 0.0], "k_pid_yaw": [0.5, 1e-06, 0.1], "k_pid_hsp": [0.0001, 0.0, 0.0], "k_pid_vsp": [254.4757552847359, 80.35411294231493, 1e-06]}, "datetime": {"datetime": "2025-08-21 09:13:32", "elapsed": 1728.4875483512878, "delta": 30.246015787124634}, "costs": {"total_cost": 1193.4052220992078, "time_cost": 150, "final_distance_cost": 46.82425123675618, "oscillation_cost": 4.913455781942418, "completition_cost": 888.8888888888888, "overshoot_cost": 84.37828474889615, "power_cost": 8.348370874023438, "noise_cost": 10.05197056870073, "n_waypoints_completed": 1, "tot_waypoints": 9}}
{"target": -672.6147448288926, "params": {"k_pid_pos": [0.31133017511199557, 0.9366845225730995, 0.37006160008140254], "k_pid_alt": [0.33664834222729023, 0.15862900491289017, 0.0], "k_pid_att": [20.720081010089896, 0.0001, 0.11519083433450177], "k_pid_yaw": [0.5, 1e-06, 0.1], "k_pid_hsp": [2.5020819028807546, 0.0, 0.0], "k_pid_vsp": [196.28223708394535, 1e-06, 1e-06]}, "datetime": {"datetime": "2025-08-21 09:14:00", "elapsed": 1757.3427109718323, "delta": 28.855162620544434}, "costs": {"total_cost": 672.6147448288926, "time_cost": 150, "final_distance_cost": 72.34138168046807, "oscillation_cost": 46.74687066205446, "completition_cost": 333.33333333333337, "overshoot_cost": 45.08586376853548, "power_cost": 12.53884140625, "noise_cost": 12.568453978251389, "n_waypoints_completed": 6, "tot_waypoints": 9}}
{"target": -206.20187083043348, "params": {"k_pid_pos": [0.822062598813019, 0.0, 0.5370397934940689], "k_pid_alt": [0.9065201132918751, 0.48389720345251197, 0.0], "k_pid_att": [23.632345398679654, 0.0001, 0.042096144423260186], "k_pid_yaw": [0.5, 1e-06, 0.1], "k_pid_hsp": [2.3276717616947877, 0.005183556361876243, 0.0], "k_pid_vsp": [286.71128133777813, 3.617378167687434, 1e-06]}, "datetime": {"datetime": "2025-08-21 09:14:26", "elapsed": 1782.6062054634094, "delta": 25.26349449157715}, "costs": {"total_cost": 206.20187083043348, "time_cost": 84.808, "final_distance_cost": 1.8031097811857006, "oscillation_cost": 48.29777060088874, "completition_cost": 0.0, "overshoot_cost": 52.89968076918703, "power_cost": 8.688097009277344, "noise_cost": 9.705212669894639, "n_waypoints_completed": 9, "tot_waypoints": 9}}
{"target": -1207.0753317474005, "params": {"k_pid_pos": [0.8794412968199921, 0.7307792189973696, 0.7229913769048981], "k_pid_alt": [0.7247288669410901, 0.16225172170490054, 0.27248053566817654], "k_pid_att": [39.26230829213623, 0.7105632860768767, 0.11716790871404291], "k_pid_yaw": [0.5, 1e-06, 0.1], "k_pid_hsp": [0.0001, 0.2282039865293528, 0.0], "k_pid_vsp": [283.61214044443227, 1e-06, 1e-06]}, "datetime": {"datetime": "2025-08-21 09:14:53", "elapsed": 1810.0287206172943, "delta": 27.422515153884888}, "costs": {"total_cost": 1207.0753317474005, "time_cost": 150, "final_distance_cost": 66.3088136043922, "oscillation_cost": 113.58012903649819, "completition_cost": 777.7777777777778, "overshoot_cost": 63.427925707943004, "power_cost": 19.81561550292969, "noise_cost": 16.1650701178595, "n_waypoints_completed": 2, "tot_waypoints": 9}}
{"target": -198.80738935258697, "params": {"k_pid_pos": [0.6044217901827963, 0.5369450962598292, 0.6689982460698112], "k_pid_alt": [0.979519200638415, 0.0, 0.0], "k_pid_att": [27.825303403006924, 1.4439766689488283, 0.0], "k_pid_yaw": [0.5, 1e-06, 0.1], "k_pid_hsp": [0.9683455395719098, 0.0, 0.0], "k_pid_vsp": [154.08400721515136, 1e-06, 1e-06]}, "datetime": {"datetime": "2025-08-21 09:15:18", "elapsed": 1834.6519539356232, "delta": 24.623233318328857}, "costs": {"total_cost": 198.80738935258697, "time_cost": 82.32000000000001, "final_distance_cost": 1.8192910107855689, "oscillation_cost": 33.09240918074144, "completition_cost": 0.0, "overshoot_cost": 52.1531238723059, "power_cost": 15.393671057128907, "noise_cost": 14.028894231625136, "n_waypoints_completed": 9, "tot_waypoints": 9}}
{"target": -426.2316722552332, "params": {"k_pid_pos": [0.5910107381373412, 0.6910626526035528, 0.3001677252656718], "k_pid_alt": [0.7114415065112042, 0.020560375675587324, 0.12349578919386178], "k_pid_att": [33.83100616611563, 0.17289850480574964, 0.10051546804382755], "k_pid_yaw": [0.5, 1e-06, 0.1], "k_pid_hsp": [0.13473574449806835, 0.12755135136983134, 0.0], "k_pid_vsp": [320.6795804509966, 198.05776512197664, 1e-06]}, "datetime": {"datetime": "2025-08-21 09:15:49", "elapsed": 1866.0315799713135, "delta": 31.379626035690308}, "costs": {"total_cost": 426.2316722552332, "time_cost": 150, "final_distance_cost": 19.429778014393023, "oscillation_cost": 50.44989501844609, "completition_cost": 111.11111111111116, "overshoot_cost": 55.5593462435819, "power_cost": 22.448695031738282, "noise_cost": 17.23284683596272, "n_waypoints_completed": 8, "tot_waypoints": 9}}
{"target": -1200.8155975521056, "params": {"k_pid_pos": [1.2039224209099297, 0.543957789568319, 0.6308196731304535], "k_pid_alt": [0.5672909172876591, 0.0, 0.025158127003928887], "k_pid_att": [39.638390854306834, 0.0001, 0.43171962320014917], "k_pid_yaw": [0.5, 1e-06, 0.1], "k_pid_hsp": [0.0001, 0.0, 0.0], "k_pid_vsp": [338.0021762548661, 1e-06, 1e-06]}, "datetime": {"datetime": "2025-08-21 09:16:18", "elapsed": 1895.399820804596, "delta": 29.36824083328247}, "costs": {"total_cost": 1200.8155975521056, "time_cost": 150, "final_distance_cost": 47.14774699592128, "oscillation_cost": 0.6101045404373725, "completition_cost": 888.8888888888888, "overshoot_cost": 84.99670378082196, "power_cost": 15.27153319091797, "noise_cost": 13.900620155118007, "n_waypoints_completed": 1, "tot_waypoints": 9}}
{"target": -218.15512906025862, "params": {"k_pid_pos": [0.45669890512517175, 0.6749168501800632, 0.3042775806446636], "k_pid_alt": [0.9675900229500654, 0.0, 0.1428447562624216], "k_pid_att": [30.564367659365047, 0.0001, 0.0], "k_pid_yaw": [0.5, 1e-06, 0.1], "k_pid_hsp": [0.4434950697404343, 0.0, 0.0], "k_pid_vsp": [266.1338220611058, 115.20246341402894, 1e-06]}, "datetime": {"datetime": "2025-08-21 09:16:43", "elapsed": 1919.5009081363678, "delta": 24.10108733177185}, "costs": {"total_cost": 218.15512906025862, "time_cost": 91.808, "final_distance_cost": 1.7591083962815923, "oscillation_cost": 37.099421230059775, "completition_cost": 0.0, "overshoot_cost": 53.67438453423197, "power_cost": 18.15223444824219, "noise_cost": 15.661980451443094, "n_waypoints_completed": 9, "tot_waypoints": 9}}
{"target": -206.61462201108156, "params": {"k_pid_pos": [0.7048813588045804, 0.7899995452998069, 0.5051538170603896], "k_pid_alt": [0.7558124524766946, 0.0, 0.0], "k_pid_att": [26.025764179320277, 0.0001, 0.0], "k_pid_yaw": [0.5, 1e-06, 0.1], "k_pid_hsp": [1.4385065523747258, 0.0321164852937237, 0.0], "k_pid_vsp": [288.04343810515076, 1e-06, 1e-06]}, "datetime": {"datetime": "2025-08-21 09:17:06", "elapsed": 1942.6397876739502, "delta": 23.138879537582397}, "costs": {"total_cost": 206.61462201108156, "time_cost": 85.824, "final_distance_cost": 1.7578581064886225, "oscillation_cost": 40.29138524810106, "completition_cost": 0.0, "overshoot_cost": 51.03407922615161, "power_cost": 14.441668908691407, "noise_cost": 13.265630521648845, "n_waypoints_completed": 9, "tot_waypoints": 9}}
{"target": -200.23222987246254, "params": {"k_pid_pos": [1.6460424371428282, 0.0, 0.6031662618205976], "k_pid_alt": [0.7829923941594992, 0.0, 0.0], "k_pid_att": [13.889211572414434, 0.438129505925285, 0.0], "k_pid_yaw": [0.5, 1e-06, 0.1], "k_pid_hsp": [0.48626790417115373, 0.0, 0.0], "k_pid_vsp": [345.8316810740946, 1e-06, 1e-06]}, "datetime": {"datetime": "2025-08-21 09:17:30", "elapsed": 1966.7532925605774, "delta": 24.113504886627197}, "costs": {"total_cost": 200.23222987246254, "time_cost": 75.96000000000001, "final_distance_cost": 1.8476551315436556, "oscillation_cost": 37.819199321629455, "completition_cost": 0.0, "overshoot_cost": 52.1573237135794, "power_cost": 17.842572204589846, "noise_cost": 14.605479501120147, "n_waypoints_completed": 9, "tot_waypoints": 9}}
{"target": -6483.422474933829, "params": {"k_pid_pos": [0.8725536400892016, 0.0, 0.19521798342778263], "k_pid_alt": [0.8770033536341526, 0.0, 0.0], "k_pid_att": [0.0, 0.0001, 0.0], "k_pid_yaw": [0.5, 1e-06, 0.1], "k_pid_hsp": [0.5941455884851715, 0.0, 0.0], "k_pid_vsp": [47.648986687317446, 48.79927869493741, 1e-06]}, "datetime": {"datetime": "2025-08-21 09:17:57", "elapsed": 1993.7380094528198, "delta": 26.98471689224243}, "costs": {"total_cost": 6483.422474933829, "time_cost": 150, "final_distance_cost": 769.3569998443422, "oscillation_cost": 12.138524276870738, "completition_cost": 1000.0, "overshoot_cost": 4482.041876672712, "power_cost": 26.101796337890626, "noise_cost": 43.78327780201411, "n_waypoints_completed": 0, "tot_waypoints": 9}}
{"target": -937.2274435973551, "params": {"k_pid_pos": [0.7131347088981003, 0.6781497386784522, 0.6484127062701485], "k_pid_alt": [0.6503603389661001, 0.17091871471767228, 0.05716697052287434], "k_pid_att": [25.58283557209379, 0.9294935305718794, 0.06385597016641853], "k_pid_yaw": [0.5, 1e-06, 0.1], "k_pid_hsp": [1.8614539284091371, 0.0, 0.14119950668824952], "k_pid_vsp": [264.08332694683537, 75.44943053338565, 1e-06]}, "datetime": {"datetime": "2025-08-21 09:18:26", "elapsed": 2023.0038266181946, "delta": 29.265817165374756}, "costs": {"total_cost": 937.2274435973551, "time_cost": 150, "final_distance_cost": 61.79414324795084, "oscillation_cost": 302.97980094251193, "completition_cost": 333.33333333333337, "overshoot_cost": 44.06243197360235, "power_cost": 26.02839733886719, "noise_cost": 19.029336761089386, "n_waypoints_completed": 6, "tot_waypoints": 9}}
