{"target": -177.9219927748243, "params": {"k_pid_pos": [1.1574586639998454, 0.0, 0.12855498547627553], "k_pid_alt": [1.2419978676324697, 0.0, 0.004980169030580503], "k_pid_att": [15.82318407400066, 0.0001, 0.6259673635837345], "k_pid_yaw": [0.5, 1e-06, 0.1], "k_pid_hsp": [0.3700440458251594, 0.0, 0.0], "k_pid_vsp": [377.9486592791909, 14.2981403295854, 9.606706631080243]}, "datetime": {"datetime": "2025-08-21 14:27:04", "elapsed": 20540.836825847626, "delta": 16.604706048965454}, "costs": {"total_cost": 177.9219927748243, "time_cost": 70.504, "final_distance_cost": 1.836113232139871, "oscillation_cost": 30.24352050150026, "completition_cost": 0.0, "overshoot_cost": 50.76006684475511, "power_cost": 12.990370031738282, "noise_cost": 11.58792216469079, "n_waypoints_completed": 9, "tot_waypoints": 9}}
{"target": -191.9318635690447, "params": {"k_pid_pos": [1.124107902422284, 0.12554984286913248, 0.12628653559022382], "k_pid_alt": [1.0318156537257859, 0.0, 0.008846549371579391], "k_pid_att": [17.427450346416588, 0.0001, 0.5958050827917261], "k_pid_yaw": [0.5, 1e-06, 0.1], "k_pid_hsp": [0.3136207297098232, 0.0026499606282637906, 0.0], "k_pid_vsp": [372.1915794487748, 11.459796667267529, 14.896191962305316]}, "datetime": {"datetime": "2025-08-21 14:27:21", "elapsed": 20557.73014640808, "delta": 16.893320560455322}, "costs": {"total_cost": 191.9318635690447, "time_cost": 72.68, "final_distance_cost": 1.790235182735144, "oscillation_cost": 29.42145210647013, "completition_cost": 0.0, "overshoot_cost": 51.73697134311451, "power_cost": 20.813443420410156, "noise_cost": 15.489761516314763, "n_waypoints_completed": 9, "tot_waypoints": 9}}
{"target": -171.67887248669194, "params": {"k_pid_pos": [1.1903893344233643, 0.0, 0.0763277632908631], "k_pid_alt": [1.0317891715293845, 0.0, 0.004767400723256979], "k_pid_att": [14.506201466183876, 0.0001, 0.6359988275673183], "k_pid_yaw": [0.5, 1e-06, 0.1], "k_pid_hsp": [0.1690006918868262, 0.0032728438965236297, 0.0], "k_pid_vsp": [400.0, 23.814335234709745, 18.030440870591473]}, "datetime": {"datetime": "2025-08-21 14:27:37", "elapsed": 20573.774941444397, "delta": 16.044795036315918}, "costs": {"total_cost": 171.67887248669194, "time_cost": 70.352, "final_distance_cost": 1.8160399394300486, "oscillation_cost": 29.535752799916917, "completition_cost": 0.0, "overshoot_cost": 50.83092172243603, "power_cost": 10.216947595214844, "noise_cost": 8.927210429694098, "n_waypoints_completed": 9, "tot_waypoints": 9}}
{"target": -173.48295568434773, "params": {"k_pid_pos": [1.6799601189390616, 0.0001976346158337704, 0.16239639416999196], "k_pid_alt": [1.0183008177437352, 0.0, 0.009467534467720886], "k_pid_att": [23.950711680462714, 0.596275860084442, 0.609743283728711], "k_pid_yaw": [0.5, 1e-06, 0.1], "k_pid_hsp": [0.15656237345616303, 0.003520811665668284, 0.0], "k_pid_vsp": [389.4663744760656, 17.906304624201454, 16.02120159040798]}, "datetime": {"datetime": "2025-08-21 14:27:53", "elapsed": 20590.13312292099, "delta": 16.358181476593018}, "costs": {"total_cost": 173.48295568434773, "time_cost": 70.616, "final_distance_cost": 1.793908201103588, "oscillation_cost": 32.06849567007847, "completition_cost": 0.0, "overshoot_cost": 50.98711165072882, "power_cost": 9.5959994140625, "noise_cost": 8.42144074837436, "n_waypoints_completed": 9, "tot_waypoints": 9}}
{"target": -194.49588794229257, "params": {"k_pid_pos": [1.1344876930691181, 0.0, 0.0], "k_pid_alt": [1.0371387219729704, 0.0, 0.009727885539594527], "k_pid_att": [15.369250053488713, 0.0001, 0.6470877111301074], "k_pid_yaw": [0.5, 1e-06, 0.1], "k_pid_hsp": [0.17327082801354998, 0.004546843550771038, 0.0], "k_pid_vsp": [382.93961727932486, 17.09863536990489, 19.41233422742028]}, "datetime": {"datetime": "2025-08-21 14:28:11", "elapsed": 20608.38518333435, "delta": 18.252060413360596}, "costs": {"total_cost": 194.49588794229257, "time_cost": 77.44800000000001, "final_distance_cost": 1.8117781135116393, "oscillation_cost": 30.84520049964876, "completition_cost": 0.0, "overshoot_cost": 54.91340736438776, "power_cost": 16.317604553222658, "noise_cost": 13.159897411521781, "n_waypoints_completed": 9, "tot_waypoints": 9}}
{"target": -184.73680808614543, "params": {"k_pid_pos": [1.1290696702171001, 0.0, 0.12820301460736083], "k_pid_alt": [1.2078760279469791, 0.0, 0.01058478424757709], "k_pid_att": [19.52479846783582, 0.0001, 0.6433962626673776], "k_pid_yaw": [0.5, 1e-06, 0.1], "k_pid_hsp": [0.5426228860695606, 0.0027354853536553977, 0.0], "k_pid_vsp": [400.0, 28.602848280457007, 16.66697649733829]}, "datetime": {"datetime": "2025-08-21 14:28:28", "elapsed": 20624.54014825821, "delta": 16.154964923858643}, "costs": {"total_cost": 184.73680808614543, "time_cost": 70.736, "final_distance_cost": 1.8384661646398346, "oscillation_cost": 30.967873297225754, "completition_cost": 0.0, "overshoot_cost": 50.82687314065231, "power_cost": 16.881011682128907, "noise_cost": 13.486583801498627, "n_waypoints_completed": 9, "tot_waypoints": 9}}
{"target": -178.38616612798515, "params": {"k_pid_pos": [1.158950255847965, 0.0, 0.20454508286568218], "k_pid_alt": [0.8219037935340208, 0.0, 0.007142247326179536], "k_pid_att": [15.392741747159898, 0.0001, 0.6281182397091818], "k_pid_yaw": [0.5, 1e-06, 0.1], "k_pid_hsp": [0.1660262780210292, 0.0012989424125792114, 0.0], "k_pid_vsp": [387.9919127576087, 17.027626306022455, 5.453065006338251]}, "datetime": {"datetime": "2025-08-21 14:28:45", "elapsed": 20641.523246765137, "delta": 16.98309850692749}, "costs": {"total_cost": 178.38616612798515, "time_cost": 72.288, "final_distance_cost": 1.8314113201560185, "oscillation_cost": 27.993404948994378, "completition_cost": 0.0, "overshoot_cost": 51.34742120919144, "power_cost": 13.098078918457032, "noise_cost": 11.827849731186285, "n_waypoints_completed": 9, "tot_waypoints": 9}}
{"target": -181.0095118850392, "params": {"k_pid_pos": [1.0518010688761492, 0.0, 0.1318162652549767], "k_pid_alt": [1.027039692528408, 0.0, 0.010208375998945435], "k_pid_att": [4.028674640316272, 0.0001, 0.6057430776328527], "k_pid_yaw": [0.5, 1e-06, 0.1], "k_pid_hsp": [0.16623100205342112, 0.0, 0.0], "k_pid_vsp": [391.32140717260546, 20.129449511002722, 14.2108198780932]}, "datetime": {"datetime": "2025-08-21 14:29:01", "elapsed": 20658.050353765488, "delta": 16.527107000350952}, "costs": {"total_cost": 181.0095118850392, "time_cost": 71.456, "final_distance_cost": 1.8238591119927243, "oscillation_cost": 27.414166170954097, "completition_cost": 0.0, "overshoot_cost": 51.41135460225642, "power_cost": 16.295492980957032, "noise_cost": 12.608639018878929, "n_waypoints_completed": 9, "tot_waypoints": 9}}
{"target": -178.0921267520516, "params": {"k_pid_pos": [1.3943327003380306, 0.0, 0.13025259187132074], "k_pid_alt": [1.2749115940994127, 0.0, 0.009263696296013755], "k_pid_att": [16.43303012041481, 0.0001, 0.6583996912488963], "k_pid_yaw": [0.5, 1e-06, 0.1], "k_pid_hsp": [0.11861322746381502, 0.0, 0.0], "k_pid_vsp": [400.0, 18.076224862730154, 20.337563142790017]}, "datetime": {"datetime": "2025-08-21 14:29:17", "elapsed": 20674.13627576828, "delta": 16.08592200279236}, "costs": {"total_cost": 178.0921267520516, "time_cost": 71.24, "final_distance_cost": 1.764309368432329, "oscillation_cost": 28.74628773324361, "completition_cost": 0.0, "overshoot_cost": 51.93458234975778, "power_cost": 13.058061157226563, "noise_cost": 11.348886143391294, "n_waypoints_completed": 9, "tot_waypoints": 9}}
{"target": -1205.0421903049112, "params": {"k_pid_pos": [1.458562981519135, 0.0, 0.04441235425575958], "k_pid_alt": [1.516394067148684, 0.0, 0.0001862396954446146], "k_pid_att": [23.077503372481466, 0.08417281310629193, 0.49137446933803397], "k_pid_yaw": [0.5, 1e-06, 0.1], "k_pid_hsp": [0.0001, 0.000783012885254537, 0.0], "k_pid_vsp": [278.4464100316356, 25.415177010749662, 19.033331458829664]}, "datetime": {"datetime": "2025-08-21 14:29:40", "elapsed": 20697.27482533455, "delta": 23.13854956626892}, "costs": {"total_cost": 1205.0421903049112, "time_cost": 150, "final_distance_cost": 62.99970576945911, "oscillation_cost": 0.1429780819138564, "completition_cost": 888.8888888888888, "overshoot_cost": 94.3384134357057, "power_cost": 3.3404625732421875, "noise_cost": 5.331741555701757, "n_waypoints_completed": 1, "tot_waypoints": 9}}
{"target": -186.53574161554502, "params": {"k_pid_pos": [1.1215367537962104, 0.0, 0.13042848733164944], "k_pid_alt": [1.0348481994660341, 0.0, 0.009869377292487987], "k_pid_att": [14.473624790473565, 0.0001, 0.5772411591013912], "k_pid_yaw": [0.5, 1e-06, 0.1], "k_pid_hsp": [0.1885866098233428, 0.0004944164514674343, 0.0], "k_pid_vsp": [394.5368774565953, 15.021356916243995, 16.192444819574874]}, "datetime": {"datetime": "2025-08-21 14:29:58", "elapsed": 20714.58857178688, "delta": 17.313746452331543}, "costs": {"total_cost": 186.53574161554502, "time_cost": 70.824, "final_distance_cost": 1.8316415047828978, "oscillation_cost": 28.683002696083975, "completition_cost": 0.0, "overshoot_cost": 51.31684364588072, "power_cost": 19.583079333496094, "noise_cost": 14.29717443530134, "n_waypoints_completed": 9, "tot_waypoints": 9}}
{"target": -177.7839422263923, "params": {"k_pid_pos": [1.1784953693402571, 0.0, 0.11223991463408692], "k_pid_alt": [0.9869505803972095, 0.0, 0.008013946108331216], "k_pid_att": [18.302090258618406, 0.0001, 0.5718025435191068], "k_pid_yaw": [0.5, 1e-06, 0.1], "k_pid_hsp": [0.2595886135050622, 0.0024025488132419213, 0.0], "k_pid_vsp": [392.34672601280397, 7.653400510871395, 16.483570374444028]}, "datetime": {"datetime": "2025-08-21 14:30:15", "elapsed": 20731.641132116318, "delta": 17.052560329437256}, "costs": {"total_cost": 177.7839422263923, "time_cost": 73.176, "final_distance_cost": 1.813884625113988, "oscillation_cost": 30.24340551607751, "completition_cost": 0.0, "overshoot_cost": 52.33038832546879, "power_cost": 10.320091284179687, "noise_cost": 9.90017247555232, "n_waypoints_completed": 9, "tot_waypoints": 9}}
{"target": -179.8031191238806, "params": {"k_pid_pos": [1.1770054303225115, 0.0, 0.14421638699423167], "k_pid_alt": [0.9690240781720177, 0.0, 0.00963367138772914], "k_pid_att": [30.762872300878925, 0.0001, 0.8313506669875672], "k_pid_yaw": [0.5, 1e-06, 0.1], "k_pid_hsp": [0.16377383535982684, 0.004289550746329799, 0.0], "k_pid_vsp": [352.44923350792317, 2.911279221347509, 13.334370211894669]}, "datetime": {"datetime": "2025-08-21 14:30:32", "elapsed": 20748.438905239105, "delta": 16.797773122787476}, "costs": {"total_cost": 179.8031191238806, "time_cost": 71.544, "final_distance_cost": 1.796919465494848, "oscillation_cost": 30.156692188334752, "completition_cost": 0.0, "overshoot_cost": 51.28635483740114, "power_cost": 13.756796301269532, "noise_cost": 11.26235633138031, "n_waypoints_completed": 9, "tot_waypoints": 9}}
{"target": -179.1480289680401, "params": {"k_pid_pos": [1.141778216163818, 0.0, 0.11907689837810424], "k_pid_alt": [1.0825242268571913, 0.0, 0.008430888833023415], "k_pid_att": [18.455587974311534, 0.0001, 0.6163101713072188], "k_pid_yaw": [0.5, 1e-06, 0.1], "k_pid_hsp": [0.10943435841786296, 0.003029244999176567, 0.0], "k_pid_vsp": [395.7334647923797, 21.837779735383425, 15.212811016177417]}, "datetime": {"datetime": "2025-08-21 14:30:49", "elapsed": 20765.77185201645, "delta": 17.33294677734375}, "costs": {"total_cost": 179.1480289680401, "time_cost": 71.912, "final_distance_cost": 1.7712201787330748, "oscillation_cost": 27.23204218594145, "completition_cost": 0.0, "overshoot_cost": 52.6721838749798, "power_cost": 14.015270324707032, "noise_cost": 11.545312403678755, "n_waypoints_completed": 9, "tot_waypoints": 9}}
{"target": -438.89057520194575, "params": {"k_pid_pos": [1.1234566998622955, 0.0, 0.12002670031392397], "k_pid_alt": [0.22099395194987226, 0.0, 0.009556566814957266], "k_pid_att": [9.244681431094797, 0.0001, 0.607096576415942], "k_pid_yaw": [0.5, 1e-06, 0.1], "k_pid_hsp": [0.11663813811226179, 0.004383542350688199, 0.0], "k_pid_vsp": [381.8858017690782, 22.449439250497075, 14.735070779251185]}, "datetime": {"datetime": "2025-08-21 14:31:13", "elapsed": 20789.75012922287, "delta": 23.9782772064209}, "costs": {"total_cost": 438.89057520194575, "time_cost": 150, "final_distance_cost": 67.06869073638583, "oscillation_cost": 26.721839716958662, "completition_cost": 111.11111111111116, "overshoot_cost": 44.401823460793004, "power_cost": 23.384264953613283, "noise_cost": 16.202845223083806, "n_waypoints_completed": 8, "tot_waypoints": 9}}
{"target": -172.8550129054983, "params": {"k_pid_pos": [1.1590885837362819, 0.0, 0.1324145284010406], "k_pid_alt": [1.038111707196362, 0.0, 0.008754266711820969], "k_pid_att": [21.450581203922106, 0.0001, 0.581895877183384], "k_pid_yaw": [0.5, 1e-06, 0.1], "k_pid_hsp": [0.2863808653282076, 0.0, 0.0], "k_pid_vsp": [400.0, 12.306162742312942, 22.862651103737733]}, "datetime": {"datetime": "2025-08-21 14:31:29", "elapsed": 20805.739807367325, "delta": 15.989678144454956}, "costs": {"total_cost": 172.8550129054983, "time_cost": 70.632, "final_distance_cost": 1.8349646602853138, "oscillation_cost": 30.138300257311144, "completition_cost": 0.0, "overshoot_cost": 50.944331913308844, "power_cost": 9.900262805175782, "noise_cost": 9.405153269417234, "n_waypoints_completed": 9, "tot_waypoints": 9}}
{"target": -186.31168501958933, "params": {"k_pid_pos": [1.1331368267624087, 0.0, 0.12950389017949776], "k_pid_alt": [0.9888489082268219, 0.0, 0.009591539318664539], "k_pid_att": [18.336859886352563, 0.0001, 0.647201539189128], "k_pid_yaw": [0.5, 1e-06, 0.1], "k_pid_hsp": [0.13405957334903715, 0.004576384838664474, 0.0], "k_pid_vsp": [389.3747801150044, 26.015568659501717, 17.513543631185144]}, "datetime": {"datetime": "2025-08-21 14:31:46", "elapsed": 20822.978209018707, "delta": 17.238401651382446}, "costs": {"total_cost": 186.31168501958933, "time_cost": 71.256, "final_distance_cost": 1.8218826443546257, "oscillation_cost": 28.116751717889738, "completition_cost": 0.0, "overshoot_cost": 51.46686789304469, "power_cost": 19.34130213623047, "noise_cost": 14.308880628069787, "n_waypoints_completed": 9, "tot_waypoints": 9}}
{"target": -172.6271782895079, "params": {"k_pid_pos": [1.1439431746887854, 0.0, 0.09766602539845787], "k_pid_alt": [1.155884005616554, 0.0, 0.01817723292202182], "k_pid_att": [10.497059256125478, 0.0001, 0.5980471268272844], "k_pid_yaw": [0.5, 1e-06, 0.1], "k_pid_hsp": [0.16658820848483166, 0.0036841327489431906, 0.0], "k_pid_vsp": [380.20090108991116, 21.044117537840066, 21.538081349020434]}, "datetime": {"datetime": "2025-08-21 14:32:02", "elapsed": 20838.788157224655, "delta": 15.809948205947876}, "costs": {"total_cost": 172.6271782895079, "time_cost": 69.968, "final_distance_cost": 1.7983343288611868, "oscillation_cost": 28.46983054057331, "completition_cost": 0.0, "overshoot_cost": 50.71453289746158, "power_cost": 11.576981079101563, "noise_cost": 10.099499443510245, "n_waypoints_completed": 9, "tot_waypoints": 9}}
{"target": -181.24584546548004, "params": {"k_pid_pos": [1.2572791994233519, 0.0, 0.1518058478170194], "k_pid_alt": [1.4510014095391397, 0.0, 0.0010931595687759307], "k_pid_att": [20.568230003617714, 0.0001, 0.5061368814313549], "k_pid_yaw": [0.5, 1e-06, 0.1], "k_pid_hsp": [0.4196869168600231, 0.0, 0.0], "k_pid_vsp": [386.5736850805984, 41.560061546689184, 1e-06]}, "datetime": {"datetime": "2025-08-21 14:32:19", "elapsed": 20855.44509291649, "delta": 16.656935691833496}, "costs": {"total_cost": 181.24584546548004, "time_cost": 70.624, "final_distance_cost": 1.8341168515920796, "oscillation_cost": 30.385042614697696, "completition_cost": 0.0, "overshoot_cost": 50.820048494174806, "power_cost": 14.774858178710938, "noise_cost": 12.80777932630454, "n_waypoints_completed": 9, "tot_waypoints": 9}}
{"target": -182.47994205388966, "params": {"k_pid_pos": [1.1733180789244062, 0.0, 0.1700781741239722], "k_pid_alt": [0.9791250320071746, 0.0, 0.012700682982309208], "k_pid_att": [13.78065421523388, 0.0001, 0.602185035088693], "k_pid_yaw": [0.5, 1e-06, 0.1], "k_pid_hsp": [0.18633239852770794, 0.0011106384832626174, 0.0], "k_pid_vsp": [400.0, 34.3978744302817, 15.981656380964242]}, "datetime": {"datetime": "2025-08-21 14:32:35", "elapsed": 20871.98593401909, "delta": 16.540841102600098}, "costs": {"total_cost": 182.47994205388966, "time_cost": 71.36, "final_distance_cost": 1.834853941759193, "oscillation_cost": 28.513181703009234, "completition_cost": 0.0, "overshoot_cost": 51.19020188877041, "power_cost": 16.429063281250002, "noise_cost": 13.152641239100825, "n_waypoints_completed": 9, "tot_waypoints": 9}}
{"target": -189.38410525021706, "params": {"k_pid_pos": [0.8041990001692878, 0.0, 0.2356657838043276], "k_pid_alt": [1.09150199883435, 0.0, 0.012514841582920495], "k_pid_att": [16.084333955668654, 0.0001, 0.5860746472309354], "k_pid_yaw": [0.5, 1e-06, 0.1], "k_pid_hsp": [0.9494961800639982, 0.00415319909365802, 0.0], "k_pid_vsp": [400.0, 26.884322619784825, 17.26872275802116]}, "datetime": {"datetime": "2025-08-21 14:32:52", "elapsed": 20889.36059641838, "delta": 17.374662399291992}, "costs": {"total_cost": 189.38410525021706, "time_cost": 77.0, "final_distance_cost": 1.8552178283920235, "oscillation_cost": 29.87976158711012, "completition_cost": 0.0, "overshoot_cost": 51.32956810478315, "power_cost": 16.6384259765625, "noise_cost": 12.681131753369232, "n_waypoints_completed": 9, "tot_waypoints": 9}}
{"target": -188.31423703333974, "params": {"k_pid_pos": [1.2618671753167603, 0.0, 0.12440635446172277], "k_pid_alt": [0.974930595922059, 0.0, 0.0012222545688133002], "k_pid_att": [26.452110590079595, 0.0026686457409986902, 0.6383102190414812], "k_pid_yaw": [0.5, 1e-06, 0.1], "k_pid_hsp": [0.7227925761896292, 0.000903098809662269, 0.0], "k_pid_vsp": [392.05519090491583, 17.998873731473648, 38.00482818170266]}, "datetime": {"datetime": "2025-08-21 14:33:10", "elapsed": 20906.556609392166, "delta": 17.1960129737854}, "costs": {"total_cost": 188.31423703333974, "time_cost": 71.57600000000001, "final_distance_cost": 1.837217793124712, "oscillation_cost": 32.90010143800225, "completition_cost": 0.0, "overshoot_cost": 51.08032657925586, "power_cost": 17.238387622070313, "noise_cost": 13.68220360088661, "n_waypoints_completed": 9, "tot_waypoints": 9}}
{"target": -176.27052250549673, "params": {"k_pid_pos": [1.1776899306778534, 0.0, 0.12217020011990375], "k_pid_alt": [1.0520340612704173, 0.0, 0.013620750145662119], "k_pid_att": [16.535049303614258, 0.0001, 0.6100168423812228], "k_pid_yaw": [0.5, 1e-06, 0.1], "k_pid_hsp": [0.7348785195630563, 0.00012137128312539151, 0.0], "k_pid_vsp": [385.4776222500396, 27.930241601101155, 15.711243556193388]}, "datetime": {"datetime": "2025-08-21 14:33:27", "elapsed": 20923.70565867424, "delta": 17.149049282073975}, "costs": {"total_cost": 176.27052250549673, "time_cost": 71.584, "final_distance_cost": 1.8351145665274118, "oscillation_cost": 31.32111305102113, "completition_cost": 0.0, "overshoot_cost": 51.19379989360543, "power_cost": 10.874023303222657, "noise_cost": 9.46247169112009, "n_waypoints_completed": 9, "tot_waypoints": 9}}
{"target": -1220.9836794491691, "params": {"k_pid_pos": [1.065073852498466, 0.0, 0.12685813321005154], "k_pid_alt": [1.0148228317712826, 0.0, 0.009714705603523133], "k_pid_att": [13.04499554515317, 0.0001, 1.0], "k_pid_yaw": [0.5, 1e-06, 0.1], "k_pid_hsp": [0.0001, 0.004248256067869069, 0.0], "k_pid_vsp": [381.6415633836863, 23.38383149403176, 0.18790247415790592]}, "datetime": {"datetime": "2025-08-21 14:33:50", "elapsed": 20946.853158712387, "delta": 23.147500038146973}, "costs": {"total_cost": 1220.9836794491691, "time_cost": 150, "final_distance_cost": 56.356560997890014, "oscillation_cost": 0.6455902417975073, "completition_cost": 888.8888888888888, "overshoot_cost": 94.4035650213534, "power_cost": 16.422049548339846, "noise_cost": 14.267024750899502, "n_waypoints_completed": 1, "tot_waypoints": 9}}
{"target": -171.56424358072513, "params": {"k_pid_pos": [1.128547871948741, 0.0, 0.09766624522178662], "k_pid_alt": [0.9621404452580772, 0.0, 0.011319166067826042], "k_pid_att": [12.846805885926281, 0.0001, 0.6410544485854135], "k_pid_yaw": [0.5, 1e-06, 0.1], "k_pid_hsp": [0.15178545028498014, 0.005097204707826904, 0.0], "k_pid_vsp": [381.6425572947881, 17.12926876857521, 16.099275757639706]}, "datetime": {"datetime": "2025-08-21 14:34:06", "elapsed": 20963.352277755737, "delta": 16.49911904335022}, "costs": {"total_cost": 171.56424358072513, "time_cost": 70.88, "final_distance_cost": 1.804074784382618, "oscillation_cost": 28.588255628319757, "completition_cost": 0.0, "overshoot_cost": 51.016586935466485, "power_cost": 10.085481372070314, "noise_cost": 9.189844860485959, "n_waypoints_completed": 9, "tot_waypoints": 9}}
{"target": -183.97191413572514, "params": {"k_pid_pos": [1.1594265342466634, 0.0, 0.11308157581130901], "k_pid_alt": [1.3643889515364573, 0.0, 0.009226207331113633], "k_pid_att": [14.434217624415142, 0.0001, 0.6032626704572362], "k_pid_yaw": [0.5, 1e-06, 0.1], "k_pid_hsp": [0.27169758357002366, 0.0, 0.0], "k_pid_vsp": [392.66081645437555, 16.997946127989497, 20.201654536019483]}, "datetime": {"datetime": "2025-08-21 14:34:23", "elapsed": 20980.025106430054, "delta": 16.672828674316406}, "costs": {"total_cost": 183.97191413572514, "time_cost": 70.328, "final_distance_cost": 1.8274455994630838, "oscillation_cost": 29.969962917253625, "completition_cost": 0.0, "overshoot_cost": 51.66679950475745, "power_cost": 17.278766040039063, "noise_cost": 12.900940074211915, "n_waypoints_completed": 9, "tot_waypoints": 9}}
