{"target": -163.17057984669677, "params": {"k_pid_pos": [1.1252569990012884, 0.0, 0.12909418267095746], "k_pid_alt": [0.9662139354135058, 0.0, 0.009690375930780915], "k_pid_att": [14.799659315819067, 0.0001, 0.6447601076282352], "k_pid_yaw": [0.5, 1e-06, 0.1], "k_pid_hsp": [0.1268505802165149, 0.00390903963899541, 0.0], "k_pid_vsp": [386.3425921740814, 17.26918915380061, 14.653224778883018]}, "datetime": {"datetime": "2025-08-21 13:55:50", "elapsed": 18667.19795203209, "delta": 16.66747236251831}, "costs": {"total_cost": 163.17057984669677, "time_cost": 71.248, "final_distance_cost": 1.7943454251426432, "oscillation_cost": 28.066409272425087, "completition_cost": 0.0, "overshoot_cost": 51.668546259959456, "power_cost": 4.812898352050781, "noise_cost": 5.580380537118806, "n_waypoints_completed": 9, "tot_waypoints": 9}}
{"target": -183.52379666362236, "params": {"k_pid_pos": [1.1586184494087248, 0.0, 0.12345545526010902], "k_pid_alt": [1.0937368791782518, 0.0, 0.01478918616400311], "k_pid_att": [9.594359600270728, 0.0001, 0.5827691299508182], "k_pid_yaw": [0.5, 1e-06, 0.1], "k_pid_hsp": [0.1303639540724341, 0.006010594538210436, 0.0], "k_pid_vsp": [387.4858296294311, 24.387853397099263, 19.74403579172354]}, "datetime": {"datetime": "2025-08-21 13:56:07", "elapsed": 18683.607334136963, "delta": 16.409382104873657}, "costs": {"total_cost": 183.52379666362236, "time_cost": 71.272, "final_distance_cost": 1.8205284406304332, "oscillation_cost": 28.421764333475814, "completition_cost": 0.0, "overshoot_cost": 51.93458632041944, "power_cost": 17.38852147216797, "noise_cost": 12.686396096928686, "n_waypoints_completed": 9, "tot_waypoints": 9}}
{"target": -174.68977080785191, "params": {"k_pid_pos": [1.2521504140394994, 0.0, 0.23103602166310572], "k_pid_alt": [0.7392809893396473, 0.0, 0.0019254514919637027], "k_pid_att": [19.99300149942513, 0.0001, 0.5706763662201079], "k_pid_yaw": [0.5, 1e-06, 0.1], "k_pid_hsp": [0.6754945006689996, 0.0, 0.0], "k_pid_vsp": [399.726475221669, 46.22370261641814, 1.5404181775106807]}, "datetime": {"datetime": "2025-08-21 13:56:24", "elapsed": 18700.490272283554, "delta": 16.882938146591187}, "costs": {"total_cost": 174.68977080785191, "time_cost": 72.128, "final_distance_cost": 1.838601836143024, "oscillation_cost": 30.711116481907275, "completition_cost": 0.0, "overshoot_cost": 50.36804159876413, "power_cost": 9.519028796386719, "noise_cost": 10.124982094650749, "n_waypoints_completed": 9, "tot_waypoints": 9}}
{"target": -186.39796526739798, "params": {"k_pid_pos": [1.1228781879640366, 0.0, 0.16441810721816846], "k_pid_alt": [1.048047251242392, 0.0, 0.013085872278849105], "k_pid_att": [18.149857350995056, 0.0001, 0.4778733416184091], "k_pid_yaw": [0.5, 1e-06, 0.1], "k_pid_hsp": [0.28473054112856216, 0.0, 0.0], "k_pid_vsp": [400.0, 31.322900189408195, 14.948768430392196]}, "datetime": {"datetime": "2025-08-21 13:56:41", "elapsed": 18717.588352441788, "delta": 17.098080158233643}, "costs": {"total_cost": 186.39796526739798, "time_cost": 70.512, "final_distance_cost": 1.8319312840767217, "oscillation_cost": 29.242147048914145, "completition_cost": 0.0, "overshoot_cost": 50.773900632568846, "power_cost": 19.330947338867187, "noise_cost": 14.707038962971055, "n_waypoints_completed": 9, "tot_waypoints": 9}}
{"target": -195.87982157915334, "params": {"k_pid_pos": [0.9929444974046584, 0.0, 0.15669578427312741], "k_pid_alt": [1.0938647718232335, 0.0, 0.010318880503242627], "k_pid_att": [18.855273147840283, 0.0001, 0.5623593358854915], "k_pid_yaw": [0.5, 1e-06, 0.1], "k_pid_hsp": [1.1002810875515938, 0.0, 0.0], "k_pid_vsp": [400.0, 25.126008802000147, 25.743077736896]}, "datetime": {"datetime": "2025-08-21 13:56:57", "elapsed": 18734.09704232216, "delta": 16.508689880371094}, "costs": {"total_cost": 195.87982157915334, "time_cost": 72.808, "final_distance_cost": 1.85374481829903, "oscillation_cost": 31.154495017845573, "completition_cost": 0.0, "overshoot_cost": 51.54766643550087, "power_cost": 22.155368420410156, "noise_cost": 16.3605468870977, "n_waypoints_completed": 9, "tot_waypoints": 9}}
{"target": -191.07692965167078, "params": {"k_pid_pos": [1.2595617079501245, 0.0, 0.11918867202931344], "k_pid_alt": [0.9954173378898701, 0.0, 0.002804438991112791], "k_pid_att": [22.9100603796182, 0.17328418110840915, 0.6703894976064216], "k_pid_yaw": [0.5, 1e-06, 0.1], "k_pid_hsp": [0.591804048604574, 0.0, 0.0], "k_pid_vsp": [400.0, 30.60571958555966, 45.48745378689108]}, "datetime": {"datetime": "2025-08-21 13:57:14", "elapsed": 18750.653727531433, "delta": 16.556685209274292}, "costs": {"total_cost": 191.07692965167078, "time_cost": 70.28, "final_distance_cost": 1.839963305992971, "oscillation_cost": 31.76748596619247, "completition_cost": 0.0, "overshoot_cost": 50.81696165827623, "power_cost": 20.927139257812502, "noise_cost": 15.445379463396597, "n_waypoints_completed": 9, "tot_waypoints": 9}}
{"target": -190.7405971180661, "params": {"k_pid_pos": [1.2161189063186313, 0.0, 0.09601854787283098], "k_pid_alt": [1.0875234012081314, 0.0, 0.005889731552085959], "k_pid_att": [18.429643508936774, 0.0001, 0.6133432317804562], "k_pid_yaw": [0.5, 1e-06, 0.1], "k_pid_hsp": [0.36168471627509846, 0.0, 0.0], "k_pid_vsp": [400.0, 43.11056860423106, 18.62854791376072]}, "datetime": {"datetime": "2025-08-21 13:57:31", "elapsed": 18767.595314264297, "delta": 16.94158673286438}, "costs": {"total_cost": 190.7405971180661, "time_cost": 72.008, "final_distance_cost": 1.8238269582067395, "oscillation_cost": 30.2266872231495, "completition_cost": 0.0, "overshoot_cost": 51.87303215808483, "power_cost": 19.739675720214844, "noise_cost": 15.069375058410165, "n_waypoints_completed": 9, "tot_waypoints": 9}}
{"target": -1264.462104511669, "params": {"k_pid_pos": [1.1319208423309575, 0.0, 0.13260933455866752], "k_pid_alt": [1.016706157485014, 0.0, 0.009016818605181918], "k_pid_att": [0.0, 0.0001, 0.3039016327231469], "k_pid_yaw": [0.5, 1e-06, 0.1], "k_pid_hsp": [0.07834339362073228, 0.0, 0.0], "k_pid_vsp": [400.0, 19.508877537711665, 11.889792376567788]}, "datetime": {"datetime": "2025-08-21 13:57:54", "elapsed": 18790.504088401794, "delta": 22.90877413749695}, "costs": {"total_cost": 1264.462104511669, "time_cost": 150, "final_distance_cost": 45.215191947689696, "oscillation_cost": 0.8323056258112059, "completition_cost": 1000.0, "overshoot_cost": 15.468635742728283, "power_cost": 31.204571313476563, "noise_cost": 21.741399881962888, "n_waypoints_completed": 0, "tot_waypoints": 9}}
{"target": -598.5757508406351, "params": {"k_pid_pos": [1.111505104171166, 0.0, 0.1698976100837501], "k_pid_alt": [1.1022943514841104, 0.0, 0.005487757030978789], "k_pid_att": [18.289507408148648, 0.0001, 0.5779501878378888], "k_pid_yaw": [0.5, 1e-06, 0.1], "k_pid_hsp": [0.0906829862049614, 0.0, 0.0], "k_pid_vsp": [400.0, 29.70729239994987, 18.115852208353278]}, "datetime": {"datetime": "2025-08-21 13:58:17", "elapsed": 18813.681875944138, "delta": 23.17778754234314}, "costs": {"total_cost": 598.5757508406351, "time_cost": 150, "final_distance_cost": 67.68306987244296, "oscillation_cost": 24.481089085833833, "completition_cost": 222.2222222222222, "overshoot_cost": 54.89221437639702, "power_cost": 33.321449804687504, "noise_cost": 45.975705479051456, "n_waypoints_completed": 7, "tot_waypoints": 9}}
{"target": -1182.3207272959048, "params": {"k_pid_pos": [1.1279958413895077, 0.0, 0.12726784078661757], "k_pid_alt": [1.201676300481033, 0.0, 0.009338185504246265], "k_pid_att": [20.159041629197546, 0.0001, 0.6935532281456459], "k_pid_yaw": [0.5, 1e-06, 0.1], "k_pid_hsp": [0.0001, 0.0, 0.0], "k_pid_vsp": [400.0, 25.49670139674916, 20.335688605835063]}, "datetime": {"datetime": "2025-08-21 13:58:40", "elapsed": 18836.443076372147, "delta": 22.761200428009033}, "costs": {"total_cost": 1182.3207272959048, "time_cost": 150, "final_distance_cost": 46.34094032069927, "oscillation_cost": 1.8734993682899237, "completition_cost": 888.8888888888888, "overshoot_cost": 81.68467050926127, "power_cost": 6.480580139160157, "noise_cost": 7.052148069605343, "n_waypoints_completed": 1, "tot_waypoints": 9}}
{"target": -182.39558963749474, "params": {"k_pid_pos": [1.14240105750821, 0.0, 0.13777591711813653], "k_pid_alt": [1.0903631908624385, 0.0, 0.010709601201488032], "k_pid_att": [17.46171362883832, 0.0001, 0.6015496257867566], "k_pid_yaw": [0.5, 1e-06, 0.1], "k_pid_hsp": [0.10345585631375397, 0.0, 0.0], "k_pid_vsp": [400.0, 29.895663236841834, 19.965720460235666]}, "datetime": {"datetime": "2025-08-21 13:58:57", "elapsed": 18853.62114572525, "delta": 17.178069353103638}, "costs": {"total_cost": 182.39558963749474, "time_cost": 71.488, "final_distance_cost": 1.7736683579926014, "oscillation_cost": 27.04224307415975, "completition_cost": 0.0, "overshoot_cost": 51.687815376285656, "power_cost": 17.042513024902345, "noise_cost": 13.361349804154399, "n_waypoints_completed": 9, "tot_waypoints": 9}}
{"target": -192.5520323650371, "params": {"k_pid_pos": [1.1878418605823937, 0.0, 0.08959354864779057], "k_pid_alt": [1.0360094247510014, 0.0, 0.010433277082247443], "k_pid_att": [23.962228251115025, 0.0001, 0.6754687717894108], "k_pid_yaw": [0.5, 1e-06, 0.1], "k_pid_hsp": [0.22756695124815712, 0.03370906171192529, 0.0], "k_pid_vsp": [382.9687322243553, 23.586356754027577, 20.95920880222778]}, "datetime": {"datetime": "2025-08-21 13:59:14", "elapsed": 18870.434109687805, "delta": 16.81296396255493}, "costs": {"total_cost": 192.5520323650371, "time_cost": 71.072, "final_distance_cost": 1.8181470916396298, "oscillation_cost": 31.603703379432112, "completition_cost": 0.0, "overshoot_cost": 50.86612147270778, "power_cost": 21.65274627685547, "noise_cost": 15.539314144402095, "n_waypoints_completed": 9, "tot_waypoints": 9}}
{"target": -197.53769047070998, "params": {"k_pid_pos": [0.7902649723519288, 0.0, 0.15004169796458153], "k_pid_alt": [1.1048166512541606, 0.0, 0.010122224494558952], "k_pid_att": [22.670703370502576, 0.0001, 0.28982506775168404], "k_pid_yaw": [0.5, 1e-06, 0.1], "k_pid_hsp": [0.05121008678833773, 0.0, 0.0], "k_pid_vsp": [400.0, 30.35314546229354, 22.126834639371772]}, "datetime": {"datetime": "2025-08-21 13:59:33", "elapsed": 18890.159195661545, "delta": 19.725085973739624}, "costs": {"total_cost": 197.53769047070998, "time_cost": 83.70400000000001, "final_distance_cost": 1.7959860789478261, "oscillation_cost": 18.681966715699353, "completition_cost": 0.0, "overshoot_cost": 56.914693131295536, "power_cost": 18.644513720703127, "noise_cost": 17.79653082406414, "n_waypoints_completed": 9, "tot_waypoints": 9}}
{"target": -1194.2786765987116, "params": {"k_pid_pos": [1.1599903457599323, 0.0, 0.10007900753427397], "k_pid_alt": [1.0889195500756554, 0.0, 0.009883452184726917], "k_pid_att": [20.740430512556177, 0.0001, 0.6596366354243456], "k_pid_yaw": [0.5, 1e-06, 0.1], "k_pid_hsp": [0.0001, 0.0, 0.0], "k_pid_vsp": [400.0, 5.862578964904556, 6.682665712330554]}, "datetime": {"datetime": "2025-08-21 13:59:57", "elapsed": 18913.665311574936, "delta": 23.506115913391113}, "costs": {"total_cost": 1194.2786765987116, "time_cost": 150, "final_distance_cost": 46.529472715640836, "oscillation_cost": 0.8236832874178529, "completition_cost": 888.8888888888888, "overshoot_cost": 81.44298135799234, "power_cost": 13.8324689453125, "noise_cost": 12.761181403459494, "n_waypoints_completed": 1, "tot_waypoints": 9}}
{"target": -184.09117129488277, "params": {"k_pid_pos": [1.1666363967798286, 0.0, 0.1321801937232091], "k_pid_alt": [1.1986090234553877, 0.0, 0.010320788273774507], "k_pid_att": [18.587860301438077, 0.0001, 0.5335080208814054], "k_pid_yaw": [0.5, 1e-06, 0.1], "k_pid_hsp": [0.11449559024184286, 0.0, 0.0], "k_pid_vsp": [400.0, 25.9917034153046, 20.285019790108315]}, "datetime": {"datetime": "2025-08-21 14:00:13", "elapsed": 18929.98223209381, "delta": 16.316920518875122}, "costs": {"total_cost": 184.09117129488277, "time_cost": 71.264, "final_distance_cost": 1.8040234238074022, "oscillation_cost": 27.26456275648661, "completition_cost": 0.0, "overshoot_cost": 51.72713875306677, "power_cost": 18.074543530273438, "noise_cost": 13.956902831248566, "n_waypoints_completed": 9, "tot_waypoints": 9}}
{"target": -185.81064507399225, "params": {"k_pid_pos": [1.1485536117758819, 0.07214480164685041, 0.12051309948061917], "k_pid_alt": [1.0948570987815438, 0.0, 0.009027845320075842], "k_pid_att": [21.358863492148412, 0.15555374094384705, 0.592769836106581], "k_pid_yaw": [0.5, 1e-06, 0.1], "k_pid_hsp": [0.1191454454073834, 0.0, 0.0], "k_pid_vsp": [344.5704921356291, 16.559750207379764, 12.98694200818883]}, "datetime": {"datetime": "2025-08-21 14:00:30", "elapsed": 18947.14034962654, "delta": 17.158117532730103}, "costs": {"total_cost": 185.81064507399225, "time_cost": 71.656, "final_distance_cost": 1.7750085813549936, "oscillation_cost": 27.923978033548035, "completition_cost": 0.0, "overshoot_cost": 51.61372847253465, "power_cost": 18.60965838623047, "noise_cost": 14.232271600324097, "n_waypoints_completed": 9, "tot_waypoints": 9}}
{"target": -198.80290860919817, "params": {"k_pid_pos": [1.5309267051544162, 0.0, 0.058309676894967785], "k_pid_alt": [0.5471943665520764, 0.0, 0.0], "k_pid_att": [14.544741999188295, 0.0001, 0.5889513898678913], "k_pid_yaw": [0.5, 1e-06, 0.1], "k_pid_hsp": [0.12001226484922763, 0.0, 0.0], "k_pid_vsp": [400.0, 26.413360751416455, 18.311220895868818]}, "datetime": {"datetime": "2025-08-21 14:00:47", "elapsed": 18964.10640859604, "delta": 16.96605896949768}, "costs": {"total_cost": 198.80290860919817, "time_cost": 75.52, "final_distance_cost": 1.787714398417232, "oscillation_cost": 30.370874317422967, "completition_cost": 0.0, "overshoot_cost": 51.77898262166958, "power_cost": 23.09200856933594, "noise_cost": 16.253328702352462, "n_waypoints_completed": 9, "tot_waypoints": 9}}
{"target": -184.8664846132211, "params": {"k_pid_pos": [1.6192667380897525, 0.0004269787566170411, 0.05328823368772835], "k_pid_alt": [1.0751574541891804, 0.0, 0.009767876346653487], "k_pid_att": [20.189440171617058, 0.7267249141076375, 0.5795906274952217], "k_pid_yaw": [0.5, 1e-06, 0.1], "k_pid_hsp": [0.21155253966310117, 0.0, 0.0], "k_pid_vsp": [400.0, 15.653866288087725, 16.45606941761558]}, "datetime": {"datetime": "2025-08-21 14:01:04", "elapsed": 18980.606741905212, "delta": 16.500333309173584}, "costs": {"total_cost": 184.8664846132211, "time_cost": 70.88, "final_distance_cost": 1.7818688141833827, "oscillation_cost": 31.28399302911798, "completition_cost": 0.0, "overshoot_cost": 51.74235819904352, "power_cost": 16.538953710937502, "noise_cost": 12.639310859938709, "n_waypoints_completed": 9, "tot_waypoints": 9}}
{"target": -434.31965904188826, "params": {"k_pid_pos": [1.1109398025384927, 0.0, 0.4913387904313665], "k_pid_alt": [1.1047280045789305, 0.0, 0.009693425227614464], "k_pid_att": [15.376008859667344, 0.0001, 0.6354370527383444], "k_pid_yaw": [0.5, 1e-06, 0.1], "k_pid_hsp": [0.2023531230049736, 0.004194074027013114, 0.0], "k_pid_vsp": [391.1448781654683, 23.159215624531267, 8.473513196957434]}, "datetime": {"datetime": "2025-08-21 14:01:27", "elapsed": 19004.146442890167, "delta": 23.539700984954834}, "costs": {"total_cost": 434.31965904188826, "time_cost": 150, "final_distance_cost": 15.820938229258555, "oscillation_cost": 25.91729457213867, "completition_cost": 111.11111111111116, "overshoot_cost": 63.42166163180511, "power_cost": 29.030374169921878, "noise_cost": 39.018279327652834, "n_waypoints_completed": 8, "tot_waypoints": 9}}
{"target": -1203.4983351214123, "params": {"k_pid_pos": [1.113495905490987, 0.0, 0.14118043206028813], "k_pid_alt": [0.9896938337708583, 0.0, 0.011635999555374116], "k_pid_att": [21.06209360182772, 0.0033382150750364396, 0.6636192696184163], "k_pid_yaw": [0.5, 1e-06, 0.1], "k_pid_hsp": [0.0001, 0.005362690880396848, 0.0], "k_pid_vsp": [384.0733715364724, 20.155571281379835, 17.144134453183757]}, "datetime": {"datetime": "2025-08-21 14:01:50", "elapsed": 19027.166753530502, "delta": 23.020310640335083}, "costs": {"total_cost": 1203.4983351214123, "time_cost": 150, "final_distance_cost": 61.85664288915402, "oscillation_cost": 1.1191946469719523, "completition_cost": 888.8888888888888, "overshoot_cost": 93.80960167381077, "power_cost": 2.8690482421875, "noise_cost": 4.954958780399212, "n_waypoints_completed": 1, "tot_waypoints": 9}}
{"target": -184.21258209693914, "params": {"k_pid_pos": [1.1309798861344607, 0.006520531239044055, 0.1063162051738321], "k_pid_alt": [1.2846589921045928, 0.0, 0.012365460376735938], "k_pid_att": [18.733949697457142, 0.0001, 0.6498938462392557], "k_pid_yaw": [0.5, 1e-06, 0.1], "k_pid_hsp": [0.05857972611882317, 0.0017310365431898777, 0.0], "k_pid_vsp": [389.15345445313056, 20.361713664885954, 17.513943418558945]}, "datetime": {"datetime": "2025-08-21 14:02:08", "elapsed": 19044.719319820404, "delta": 17.552566289901733}, "costs": {"total_cost": 184.21258209693914, "time_cost": 77.48, "final_distance_cost": 1.7911700569038276, "oscillation_cost": 24.05873846187739, "completition_cost": 0.0, "overshoot_cost": 54.334874069704675, "power_cost": 14.209810278320314, "noise_cost": 12.337989230132933, "n_waypoints_completed": 9, "tot_waypoints": 9}}
{"target": -173.08616504091952, "params": {"k_pid_pos": [1.2830603738615773, 0.0, 0.12564668924075797], "k_pid_alt": [0.9680674312836307, 0.0, 0.012811871871023577], "k_pid_att": [9.135587156268144, 0.0001, 0.5856373510138059], "k_pid_yaw": [0.5, 1e-06, 0.1], "k_pid_hsp": [0.24356163677845996, 0.003562769453898096, 0.0], "k_pid_vsp": [399.7646684460108, 18.27877257777459, 18.15229836892488]}, "datetime": {"datetime": "2025-08-21 14:02:24", "elapsed": 19061.26682138443, "delta": 16.54750156402588}, "costs": {"total_cost": 173.08616504091952, "time_cost": 71.60000000000001, "final_distance_cost": 1.7990821935894492, "oscillation_cost": 30.04335194733858, "completition_cost": 0.0, "overshoot_cost": 51.79420430765249, "power_cost": 9.162348767089844, "noise_cost": 8.687177825249144, "n_waypoints_completed": 9, "tot_waypoints": 9}}
{"target": -169.91442416434057, "params": {"k_pid_pos": [1.044358315294871, 0.0, 0.12740878177518622], "k_pid_alt": [0.8660641528054225, 0.0, 0.009664499851759557], "k_pid_att": [14.75858330837236, 0.0001, 0.706886898296503], "k_pid_yaw": [0.5, 1e-06, 0.1], "k_pid_hsp": [0.09479912430735915, 0.001502224993228264, 0.0], "k_pid_vsp": [381.6936634439469, 20.9123505008765, 11.426496344253252]}, "datetime": {"datetime": "2025-08-21 14:02:41", "elapsed": 19078.103620290756, "delta": 16.836798906326294}, "costs": {"total_cost": 169.91442416434057, "time_cost": 72.70400000000001, "final_distance_cost": 1.7685188058310748, "oscillation_cost": 25.805765737609203, "completition_cost": 0.0, "overshoot_cost": 52.15562709818465, "power_cost": 9.106989453125001, "noise_cost": 8.37352306959062, "n_waypoints_completed": 9, "tot_waypoints": 9}}
{"target": -177.51837227770054, "params": {"k_pid_pos": [1.21019963603037, 0.0, 0.0], "k_pid_alt": [1.403031524937802, 0.0, 0.015768449888042765], "k_pid_att": [18.403776343295792, 0.020591362768352675, 0.32603203974768374], "k_pid_yaw": [0.5, 1e-06, 0.1], "k_pid_hsp": [1.7735365943760266, 0.00476722444970255, 0.0], "k_pid_vsp": [329.10719191933117, 16.11400527173504, 0.25451709583763105]}, "datetime": {"datetime": "2025-08-21 14:02:57", "elapsed": 19093.806067228317, "delta": 15.702446937561035}, "costs": {"total_cost": 177.51837227770054, "time_cost": 69.992, "final_distance_cost": 1.830517607578615, "oscillation_cost": 32.409846682680524, "completition_cost": 0.0, "overshoot_cost": 50.94381450093209, "power_cost": 11.445552954101563, "noise_cost": 10.89664053240773, "n_waypoints_completed": 9, "tot_waypoints": 9}}
{"target": -169.61546722643345, "params": {"k_pid_pos": [1.1052662769501962, 0.0, 0.12534076609584063], "k_pid_alt": [0.9278832303403276, 0.0, 0.010096446440106262], "k_pid_att": [10.680986290183201, 0.0001, 0.6086104372451002], "k_pid_yaw": [0.5, 1e-06, 0.1], "k_pid_hsp": [0.3835157495220197, 0.00024486033181466836, 0.0], "k_pid_vsp": [396.077710381457, 17.131344232797765, 12.858069240602564]}, "datetime": {"datetime": "2025-08-21 14:03:14", "elapsed": 19110.7657725811, "delta": 16.959705352783203}, "costs": {"total_cost": 169.61546722643345, "time_cost": 71.592, "final_distance_cost": 1.8385925106566445, "oscillation_cost": 30.601994804029452, "completition_cost": 0.0, "overshoot_cost": 50.82313467541055, "power_cost": 7.163620227050782, "noise_cost": 7.596125009286041, "n_waypoints_completed": 9, "tot_waypoints": 9}}
{"target": -198.33590533694797, "params": {"k_pid_pos": [1.156787078293592, 0.0, 0.0742452364003615], "k_pid_alt": [1.1422644708193688, 0.0, 0.006335009129063291], "k_pid_att": [20.49826188461514, 0.0001, 0.5733727489582982], "k_pid_yaw": [0.5, 1e-06, 0.1], "k_pid_hsp": [0.24355492645229274, 0.004531264206370113, 0.0], "k_pid_vsp": [392.6578023758728, 11.175333291946044, 15.676814431395254]}, "datetime": {"datetime": "2025-08-21 14:03:31", "elapsed": 19127.668546915054, "delta": 16.902774333953857}, "costs": {"total_cost": 198.33590533694797, "time_cost": 71.944, "final_distance_cost": 1.807564660924861, "oscillation_cost": 30.663433013764966, "completition_cost": 0.0, "overshoot_cost": 51.60220158865537, "power_cost": 24.874218823242188, "noise_cost": 17.44448725036061, "n_waypoints_completed": 9, "tot_waypoints": 9}}
