{"target": -189.85219741090813, "params": {"k_pid_pos": [0.9595762750163003, 0.0, 0.1164443374514389], "k_pid_alt": [1.052232779057143, 0.0, 0.01033946467841121], "k_pid_att": [20.52320784111029, 0.0001, 0.4617215630602518], "k_pid_yaw": [0.5, 1e-06, 0.1], "k_pid_hsp": [0.27354965893322536, 0.0, 0.0], "k_pid_vsp": [400.0, 24.096728151677418, 26.127730477746702]}, "datetime": {"datetime": "2025-08-21 13:23:45", "elapsed": 16742.39445757866, "delta": 16.678261518478394}, "costs": {"total_cost": 189.85219741090813, "time_cost": 72.06400000000001, "final_distance_cost": 1.8405138708667055, "oscillation_cost": 27.62634341402714, "completition_cost": 0.0, "overshoot_cost": 52.017995118680275, "power_cost": 21.013452465820315, "noise_cost": 15.289892541513685, "n_waypoints_completed": 9, "tot_waypoints": 9}}
{"target": -173.50632462014528, "params": {"k_pid_pos": [1.1474033441655784, 0.0, 0.09944945253665158], "k_pid_alt": [1.0232184247143066, 0.0, 0.010488794210103137], "k_pid_att": [23.71943637194789, 0.0001, 0.869475626608631], "k_pid_yaw": [0.5, 1e-06, 0.1], "k_pid_hsp": [0.6155984071472752, 0.0, 0.0], "k_pid_vsp": [400.0, 4.118188022313111, 1e-06]}, "datetime": {"datetime": "2025-08-21 13:24:02", "elapsed": 16758.639278888702, "delta": 16.244821310043335}, "costs": {"total_cost": 173.50632462014528, "time_cost": 71.224, "final_distance_cost": 1.8395299806404215, "oscillation_cost": 30.721414583232956, "completition_cost": 0.0, "overshoot_cost": 50.53311595219344, "power_cost": 9.252520715332032, "noise_cost": 9.93574338874644, "n_waypoints_completed": 9, "tot_waypoints": 9}}
{"target": -184.4099308554696, "params": {"k_pid_pos": [1.1497455016688944, 0.0, 0.15221984460219984], "k_pid_alt": [1.419987532229025, 0.0, 0.0], "k_pid_att": [24.0914257953366, 0.0001, 0.5063826535102196], "k_pid_yaw": [0.5, 1e-06, 0.1], "k_pid_hsp": [0.20769803102141565, 0.0, 0.0], "k_pid_vsp": [400.0, 22.858721501613697, 18.517804911565293]}, "datetime": {"datetime": "2025-08-21 13:24:18", "elapsed": 16775.266788482666, "delta": 16.627509593963623}, "costs": {"total_cost": 184.4099308554696, "time_cost": 70.528, "final_distance_cost": 1.833876871848627, "oscillation_cost": 28.151328239790157, "completition_cost": 0.0, "overshoot_cost": 51.216686954879314, "power_cost": 18.41432518310547, "noise_cost": 14.265713605846043, "n_waypoints_completed": 9, "tot_waypoints": 9}}
{"target": -177.09056435430125, "params": {"k_pid_pos": [1.1759698765827626, 0.18959959930116302, 0.13214368327437417], "k_pid_alt": [1.0876632738980097, 0.0, 0.007915571413456264], "k_pid_att": [21.648598441609796, 0.0001, 0.6193690798753534], "k_pid_yaw": [0.5, 1e-06, 0.1], "k_pid_hsp": [0.1221513795483494, 0.0, 0.0], "k_pid_vsp": [400.0, 34.52092803851035, 14.512721670654084]}, "datetime": {"datetime": "2025-08-21 13:24:36", "elapsed": 16792.71066045761, "delta": 17.44387197494507}, "costs": {"total_cost": 177.09056435430125, "time_cost": 74.296, "final_distance_cost": 1.7463153375642173, "oscillation_cost": 28.63341482823805, "completition_cost": 0.0, "overshoot_cost": 52.02298842500393, "power_cost": 11.167047180175782, "noise_cost": 9.224798583319252, "n_waypoints_completed": 9, "tot_waypoints": 9}}
{"target": -183.50871615633739, "params": {"k_pid_pos": [1.3475339496867846, 0.0, 0.1887987489772534], "k_pid_alt": [0.7615673798571084, 0.0, 0.005388042058334175], "k_pid_att": [11.628837804469264, 0.0001, 0.5436697042189939], "k_pid_yaw": [0.5, 1e-06, 0.1], "k_pid_hsp": [0.19987480177384281, 0.0, 0.0], "k_pid_vsp": [400.0, 26.87033658482168, 17.40256011835689]}, "datetime": {"datetime": "2025-08-21 13:24:52", "elapsed": 16809.311079502106, "delta": 16.60041904449463}, "costs": {"total_cost": 183.50871615633739, "time_cost": 71.944, "final_distance_cost": 1.7994155497004993, "oscillation_cost": 30.01674524178464, "completition_cost": 0.0, "overshoot_cost": 51.251610379641114, "power_cost": 16.086980700683593, "noise_cost": 12.409964284527556, "n_waypoints_completed": 9, "tot_waypoints": 9}}
{"target": -171.9372748985597, "params": {"k_pid_pos": [1.6012335248837255, 0.0004844660180333759, 0.17940997525710045], "k_pid_alt": [1.0594634329977275, 0.0, 0.009565987383043071], "k_pid_att": [9.875586864147806, 0.5623853325213424, 0.5784148361230712], "k_pid_yaw": [0.5, 1e-06, 0.1], "k_pid_hsp": [0.21258806641699463, 0.0, 0.0], "k_pid_vsp": [400.0, 17.01336461065377, 11.897436476209112]}, "datetime": {"datetime": "2025-08-21 13:25:09", "elapsed": 16826.040776014328, "delta": 16.72969651222229}, "costs": {"total_cost": 171.9372748985597, "time_cost": 70.912, "final_distance_cost": 1.7678263936642975, "oscillation_cost": 30.50012908300017, "completition_cost": 0.0, "overshoot_cost": 50.967724437472384, "power_cost": 9.305871948242189, "noise_cost": 8.483723036180669, "n_waypoints_completed": 9, "tot_waypoints": 9}}
{"target": -175.4247294999853, "params": {"k_pid_pos": [1.1233541977082269, 0.0, 0.2667934327791229], "k_pid_alt": [1.2738938387976244, 0.0, 0.009567625944276344], "k_pid_att": [17.984454654497757, 0.0001, 0.6066313074953262], "k_pid_yaw": [0.5, 1e-06, 0.1], "k_pid_hsp": [0.2034927173117742, 0.0, 0.0], "k_pid_vsp": [400.0, 26.773664027120972, 1e-06]}, "datetime": {"datetime": "2025-08-21 13:25:26", "elapsed": 16842.70770096779, "delta": 16.666924953460693}, "costs": {"total_cost": 175.4247294999853, "time_cost": 71.0, "final_distance_cost": 1.8248808012810922, "oscillation_cost": 27.39991789356736, "completition_cost": 0.0, "overshoot_cost": 51.09144614017456, "power_cost": 12.410715258789063, "noise_cost": 11.697769406173233, "n_waypoints_completed": 9, "tot_waypoints": 9}}
{"target": -1180.574083751189, "params": {"k_pid_pos": [1.1249285745336375, 0.0, 0.15375774652177238], "k_pid_alt": [1.295663609727873, 0.0, 0.011707406517786314], "k_pid_att": [19.965698454347052, 0.0036795981012332037, 0.5654801423723274], "k_pid_yaw": [0.5, 1e-06, 0.1], "k_pid_hsp": [0.0001, 0.0, 0.0], "k_pid_vsp": [400.0, 25.51806810090834, 18.473694641145713]}, "datetime": {"datetime": "2025-08-21 13:25:49", "elapsed": 16865.654465198517, "delta": 22.94676423072815}, "costs": {"total_cost": 1180.574083751189, "time_cost": 150, "final_distance_cost": 46.20711759902978, "oscillation_cost": 0.12076469659695008, "completition_cost": 888.8888888888888, "overshoot_cost": 81.22829161750758, "power_cost": 6.712114770507813, "noise_cost": 7.416906178657778, "n_waypoints_completed": 1, "tot_waypoints": 9}}
{"target": -175.21672268841, "params": {"k_pid_pos": [1.1008900465088787, 0.0, 0.14017918619169412], "k_pid_alt": [1.1029638046998331, 0.0, 0.0], "k_pid_att": [18.76066543578797, 0.0001, 0.5580329674875687], "k_pid_yaw": [0.5, 1e-06, 0.1], "k_pid_hsp": [0.18435168512174221, 0.0, 0.0], "k_pid_vsp": [398.3823167665611, 26.475464026249988, 1e-06]}, "datetime": {"datetime": "2025-08-21 13:26:05", "elapsed": 16882.352991580963, "delta": 16.69852638244629}, "costs": {"total_cost": 175.21672268841, "time_cost": 70.632, "final_distance_cost": 1.8254908641571455, "oscillation_cost": 28.11833917816545, "completition_cost": 0.0, "overshoot_cost": 51.443500217094396, "power_cost": 11.967531372070313, "noise_cost": 11.229861056922694, "n_waypoints_completed": 9, "tot_waypoints": 9}}
{"target": -172.15968517984274, "params": {"k_pid_pos": [1.1944385921094152, 0.0, 0.13295829227150718], "k_pid_alt": [1.0595953415403672, 0.0, 0.014147534179891353], "k_pid_att": [18.519209517828138, 0.0001, 0.5795318754973319], "k_pid_yaw": [0.5, 1e-06, 0.1], "k_pid_hsp": [0.19502344615616188, 0.0, 0.0], "k_pid_vsp": [400.0, 24.870640275291766, 19.0201582138453]}, "datetime": {"datetime": "2025-08-21 13:26:23", "elapsed": 16899.74865794182, "delta": 17.395666360855103}, "costs": {"total_cost": 172.15968517984274, "time_cost": 70.912, "final_distance_cost": 1.8212259612470962, "oscillation_cost": 28.62270571665452, "completition_cost": 0.0, "overshoot_cost": 51.31904363605819, "power_cost": 10.262336645507814, "noise_cost": 9.222373220375108, "n_waypoints_completed": 9, "tot_waypoints": 9}}
{"target": -188.38189092332934, "params": {"k_pid_pos": [1.1054140065581994, 0.0, 0.13341100900017744], "k_pid_alt": [0.8417648605120311, 0.0, 0.00784448407024206], "k_pid_att": [18.295825462646125, 0.0001, 0.6760151522068201], "k_pid_yaw": [0.5, 1e-06, 0.1], "k_pid_hsp": [0.06469807264133398, 0.0, 0.0], "k_pid_vsp": [400.0, 25.485287393154906, 15.688579937412417]}, "datetime": {"datetime": "2025-08-21 13:26:41", "elapsed": 16917.494049549103, "delta": 17.745391607284546}, "costs": {"total_cost": 188.38189092332934, "time_cost": 77.12, "final_distance_cost": 1.7488866265329086, "oscillation_cost": 24.85891630687967, "completition_cost": 0.0, "overshoot_cost": 53.59000018502267, "power_cost": 17.398277453613282, "noise_cost": 13.665810351280799, "n_waypoints_completed": 9, "tot_waypoints": 9}}
{"target": -187.32603076199175, "params": {"k_pid_pos": [1.3262463717019628, 0.0, 0.00700969767829443], "k_pid_alt": [1.266459459522429, 0.0, 0.012331972908813455], "k_pid_att": [15.10469288003149, 0.02864798811717638, 0.863917595308729], "k_pid_yaw": [0.5, 1e-06, 0.1], "k_pid_hsp": [0.5491920632017175, 0.0, 0.0], "k_pid_vsp": [203.4388309137502, 24.018568452499434, 2.7258675214730737]}, "datetime": {"datetime": "2025-08-21 13:26:58", "elapsed": 16935.03925561905, "delta": 17.54520606994629}, "costs": {"total_cost": 187.32603076199175, "time_cost": 71.904, "final_distance_cost": 1.7997346060303885, "oscillation_cost": 32.58257684682103, "completition_cost": 0.0, "overshoot_cost": 52.11273275447445, "power_cost": 15.892646166992188, "noise_cost": 13.034340387673703, "n_waypoints_completed": 9, "tot_waypoints": 9}}
{"target": -173.88450660598642, "params": {"k_pid_pos": [1.135527876846899, 0.0, 0.12370336600652503], "k_pid_alt": [1.0338010588609585, 0.0, 0.010414812650307373], "k_pid_att": [17.037881905829728, 0.0001, 0.5499804199441374], "k_pid_yaw": [0.5, 1e-06, 0.1], "k_pid_hsp": [0.2323941002518995, 0.0, 0.0], "k_pid_vsp": [400.0, 30.306304476766826, 16.84916477643664]}, "datetime": {"datetime": "2025-08-21 13:27:15", "elapsed": 16952.20498251915, "delta": 17.165726900100708}, "costs": {"total_cost": 173.88450660598642, "time_cost": 70.712, "final_distance_cost": 1.815267629362015, "oscillation_cost": 29.052426496187817, "completition_cost": 0.0, "overshoot_cost": 51.00680992325966, "power_cost": 11.670248364257812, "noise_cost": 9.627754192919095, "n_waypoints_completed": 9, "tot_waypoints": 9}}
{"target": -178.71647522214798, "params": {"k_pid_pos": [1.1513229464151158, 0.0, 0.12702087103035153], "k_pid_alt": [1.2789237203462926, 0.0, 0.0074183417703169545], "k_pid_att": [18.507745847220086, 0.0001, 0.6089612334826514], "k_pid_yaw": [0.5, 1e-06, 0.1], "k_pid_hsp": [0.19406773305543595, 0.0, 0.0], "k_pid_vsp": [400.0, 60.22300767340838, 19.665338665711207]}, "datetime": {"datetime": "2025-08-21 13:27:32", "elapsed": 16968.543693065643, "delta": 16.33871054649353}, "costs": {"total_cost": 178.71647522214798, "time_cost": 69.648, "final_distance_cost": 1.8176757939581056, "oscillation_cost": 29.110923882694077, "completition_cost": 0.0, "overshoot_cost": 50.31459930876693, "power_cost": 15.364228295898439, "noise_cost": 12.46104794083041, "n_waypoints_completed": 9, "tot_waypoints": 9}}
{"target": -194.6085226367137, "params": {"k_pid_pos": [1.0565283007709338, 0.0, 0.016406769245550387], "k_pid_alt": [1.0011640293820834, 0.0, 0.010496220620216223], "k_pid_att": [46.4197157197343, 0.0001, 0.3050082331141086], "k_pid_yaw": [0.5, 1e-06, 0.1], "k_pid_hsp": [0.45733310190924137, 0.0005176046168688613, 0.0], "k_pid_vsp": [369.84546010637496, 26.71555298004683, 14.358911067825407]}, "datetime": {"datetime": "2025-08-21 13:27:49", "elapsed": 16986.03984951973, "delta": 17.496156454086304}, "costs": {"total_cost": 194.6085226367137, "time_cost": 76.96000000000001, "final_distance_cost": 1.830280540648647, "oscillation_cost": 30.85719546523239, "completition_cost": 0.0, "overshoot_cost": 53.718400714174486, "power_cost": 17.27812684326172, "noise_cost": 13.96451907339646, "n_waypoints_completed": 9, "tot_waypoints": 9}}
{"target": -187.0040831651433, "params": {"k_pid_pos": [1.1683045403320624, 0.0, 0.131408663339298], "k_pid_alt": [1.1935507544052522, 0.0, 0.009648579302917482], "k_pid_att": [18.167876576988075, 0.0001, 0.5320876335742999], "k_pid_yaw": [0.5, 1e-06, 0.1], "k_pid_hsp": [0.1457451212878429, 0.0, 0.0], "k_pid_vsp": [400.0, 24.90300327659863, 21.62057351236419]}, "datetime": {"datetime": "2025-08-21 13:28:06", "elapsed": 17002.981347322464, "delta": 16.941497802734375}, "costs": {"total_cost": 187.0040831651433, "time_cost": 71.792, "final_distance_cost": 1.8123752814349627, "oscillation_cost": 27.73562362827583, "completition_cost": 0.0, "overshoot_cost": 51.7866903323417, "power_cost": 19.38231512451172, "noise_cost": 14.49507879857908, "n_waypoints_completed": 9, "tot_waypoints": 9}}
{"target": -183.4999253371688, "params": {"k_pid_pos": [0.85447524858564, 0.0, 0.11217640402937147], "k_pid_alt": [1.2755291108177778, 0.0, 0.010739753885068114], "k_pid_att": [44.57424955086138, 0.0001, 0.38333561716213777], "k_pid_yaw": [0.5, 1e-06, 0.1], "k_pid_hsp": [0.39717720351309005, 0.0034996354345626967, 0.0], "k_pid_vsp": [399.5797443412921, 24.663806267360023, 22.891042031860515]}, "datetime": {"datetime": "2025-08-21 13:28:23", "elapsed": 17019.914565086365, "delta": 16.933217763900757}, "costs": {"total_cost": 183.4999253371688, "time_cost": 71.664, "final_distance_cost": 1.8416375423433433, "oscillation_cost": 29.831606796579685, "completition_cost": 0.0, "overshoot_cost": 50.55413716398269, "power_cost": 16.385780249023437, "noise_cost": 13.222763585239656, "n_waypoints_completed": 9, "tot_waypoints": 9}}
{"target": -180.3661171756385, "params": {"k_pid_pos": [1.2436951511109382, 0.0, 0.1407133555021865], "k_pid_alt": [0.9412878630722166, 0.0, 0.00945357948211864], "k_pid_att": [22.08140672991488, 0.0001, 0.5388487135286608], "k_pid_yaw": [0.5, 1e-06, 0.1], "k_pid_hsp": [0.6053705021014454, 0.0, 0.0], "k_pid_vsp": [400.0, 9.15529377339385, 25.702896512673885]}, "datetime": {"datetime": "2025-08-21 13:28:39", "elapsed": 17036.042303800583, "delta": 16.12773871421814}, "costs": {"total_cost": 180.3661171756385, "time_cost": 70.776, "final_distance_cost": 1.8431086451720606, "oscillation_cost": 30.829954680018403, "completition_cost": 0.0, "overshoot_cost": 50.82475677915808, "power_cost": 14.30918612060547, "noise_cost": 11.783110950684485, "n_waypoints_completed": 9, "tot_waypoints": 9}}
{"target": -190.3702054289687, "params": {"k_pid_pos": [1.1494424727649506, 0.0, 0.13740188556516258], "k_pid_alt": [0.6788276882610808, 0.0, 0.01166507069836444], "k_pid_att": [12.14541598759675, 0.0001, 0.5245025804215443], "k_pid_yaw": [0.5, 1e-06, 0.1], "k_pid_hsp": [0.11182573111164282, 0.0, 0.0], "k_pid_vsp": [400.0, 12.048899814277329, 19.914519596577353]}, "datetime": {"datetime": "2025-08-21 13:28:56", "elapsed": 17053.0443277359, "delta": 17.002023935317993}, "costs": {"total_cost": 190.3702054289687, "time_cost": 73.744, "final_distance_cost": 1.7947979558317706, "oscillation_cost": 27.381704214953736, "completition_cost": 0.0, "overshoot_cost": 52.08887538714339, "power_cost": 20.258426232910157, "noise_cost": 15.10240163812962, "n_waypoints_completed": 9, "tot_waypoints": 9}}
{"target": -642.6224837218098, "params": {"k_pid_pos": [1.0831772745461412, 0.0, 0.14423102985891137], "k_pid_alt": [1.0300406664288786, 0.0, 0.012569402121668601], "k_pid_att": [25.463839489510377, 0.0001, 0.5908978613506165], "k_pid_yaw": [0.5, 1e-06, 0.1], "k_pid_hsp": [0.03132712493289558, 0.007390752831892747, 0.0], "k_pid_vsp": [394.99412068245005, 24.868494848461065, 20.478408717420706]}, "datetime": {"datetime": "2025-08-21 13:29:19", "elapsed": 17076.224280834198, "delta": 23.17995309829712}, "costs": {"total_cost": 642.6224837218098, "time_cost": 150, "final_distance_cost": 71.1238636165616, "oscillation_cost": 18.633317275845418, "completition_cost": 333.33333333333337, "overshoot_cost": 46.5153354982841, "power_cost": 12.454908886718751, "noise_cost": 10.561725111066522, "n_waypoints_completed": 6, "tot_waypoints": 9}}
{"target": -174.25922977545434, "params": {"k_pid_pos": [1.1984682513340843, 0.0, 0.1555963297983667], "k_pid_alt": [0.9693209544381778, 0.0, 0.005577747454712392], "k_pid_att": [20.973475580960365, 0.0001, 0.534756558477085], "k_pid_yaw": [0.5, 1e-06, 0.1], "k_pid_hsp": [0.47422494753981037, 0.0, 0.0], "k_pid_vsp": [391.81332475998363, 17.997325227019886, 8.823535040152958]}, "datetime": {"datetime": "2025-08-21 13:29:36", "elapsed": 17092.476831912994, "delta": 16.252551078796387}, "costs": {"total_cost": 174.25922977545434, "time_cost": 70.83200000000001, "final_distance_cost": 1.8426799006819095, "oscillation_cost": 30.54810829543171, "completition_cost": 0.0, "overshoot_cost": 50.19652657369826, "power_cost": 10.426020056152344, "noise_cost": 10.41389494949011, "n_waypoints_completed": 9, "tot_waypoints": 9}}
{"target": -182.27157326238256, "params": {"k_pid_pos": [1.1729576754462574, 0.0, 0.1975629986543657], "k_pid_alt": [1.1300337437361676, 0.0, 0.012023106498644364], "k_pid_att": [32.6798426304309, 0.0001, 0.3085246011989317], "k_pid_yaw": [0.5, 1e-06, 0.1], "k_pid_hsp": [0.255627583904475, 0.0, 0.0], "k_pid_vsp": [400.0, 18.639802042617767, 16.86166867774775]}, "datetime": {"datetime": "2025-08-21 13:29:53", "elapsed": 17109.505917072296, "delta": 17.029085159301758}, "costs": {"total_cost": 182.27157326238256, "time_cost": 71.616, "final_distance_cost": 1.8407111351206389, "oscillation_cost": 28.430261693331428, "completition_cost": 0.0, "overshoot_cost": 51.32907830346623, "power_cost": 16.00687078857422, "noise_cost": 13.048651341890036, "n_waypoints_completed": 9, "tot_waypoints": 9}}
{"target": -1175.6599900074184, "params": {"k_pid_pos": [1.1326652697876178, 0.0, 0.20122018533552116], "k_pid_alt": [1.0965082578973187, 0.0, 0.0032310656243496154], "k_pid_att": [19.36181591132955, 0.0001, 0.6661033207839843], "k_pid_yaw": [0.5, 1e-06, 0.1], "k_pid_hsp": [0.0001, 0.0, 0.0], "k_pid_vsp": [398.7925681961368, 28.570321523837798, 25.101189164561642]}, "datetime": {"datetime": "2025-08-21 13:30:15", "elapsed": 17132.415307998657, "delta": 22.909390926361084}, "costs": {"total_cost": 1175.6599900074184, "time_cost": 150, "final_distance_cost": 46.38132996185669, "oscillation_cost": 0.3049301087808789, "completition_cost": 888.8888888888888, "overshoot_cost": 82.361096494549, "power_cost": 2.8365066650390625, "noise_cost": 4.887237888304039, "n_waypoints_completed": 1, "tot_waypoints": 9}}
{"target": -189.38816019133293, "params": {"k_pid_pos": [1.250602633976859, 0.0, 0.15413999362079264], "k_pid_alt": [0.9927176248226331, 0.0, 0.0], "k_pid_att": [20.070636551725613, 0.15802129207414173, 0.6081000448566356], "k_pid_yaw": [0.5, 1e-06, 0.1], "k_pid_hsp": [0.27154796614337673, 0.0, 0.0], "k_pid_vsp": [400.0, 1e-06, 35.85561805618535]}, "datetime": {"datetime": "2025-08-21 13:30:33", "elapsed": 17149.554577827454, "delta": 17.139269828796387}, "costs": {"total_cost": 189.38816019133293, "time_cost": 71.672, "final_distance_cost": 1.832440199508621, "oscillation_cost": 30.159300516535218, "completition_cost": 0.0, "overshoot_cost": 52.20157027162214, "power_cost": 19.083576098632815, "noise_cost": 14.43927310503414, "n_waypoints_completed": 9, "tot_waypoints": 9}}
{"target": -197.93088013204056, "params": {"k_pid_pos": [1.2308082498611979, 0.0, 0.1259100589342112], "k_pid_alt": [1.073572004745884, 0.0, 0.006949099782164388], "k_pid_att": [20.188923361981875, 0.0001, 0.45903889506072093], "k_pid_yaw": [0.5, 1e-06, 0.1], "k_pid_hsp": [0.03483782935487256, 0.0, 0.0], "k_pid_vsp": [400.0, 27.04385689468247, 15.930153562329815]}, "datetime": {"datetime": "2025-08-21 13:30:53", "elapsed": 17170.186120271683, "delta": 20.631542444229126}, "costs": {"total_cost": 197.93088013204056, "time_cost": 89.56, "final_distance_cost": 1.7365882981653913, "oscillation_cost": 18.60769846363192, "completition_cost": 0.0, "overshoot_cost": 60.47498857881028, "power_cost": 14.401119494628906, "noise_cost": 13.150485296804053, "n_waypoints_completed": 9, "tot_waypoints": 9}}
{"target": -203.94435342981993, "params": {"k_pid_pos": [1.2904311462027453, 0.0, 0.13483566074132447], "k_pid_alt": [1.0084299720607792, 0.0, 0.009166799703549272], "k_pid_att": [96.04888862553396, 0.0001, 0.14222182430162433], "k_pid_yaw": [0.5, 1e-06, 0.1], "k_pid_hsp": [4.302678578515432, 0.0, 0.0], "k_pid_vsp": [400.0, 14.769931697329309, 28.4475667671395]}, "datetime": {"datetime": "2025-08-21 13:31:10", "elapsed": 17186.61291050911, "delta": 16.426790237426758}, "costs": {"total_cost": 203.94435342981993, "time_cost": 70.952, "final_distance_cost": 1.84848067394638, "oscillation_cost": 51.97162863259475, "completition_cost": 0.0, "overshoot_cost": 51.11487712710942, "power_cost": 15.788084582519533, "noise_cost": 12.269282413649837, "n_waypoints_completed": 9, "tot_waypoints": 9}}
{"target": -193.36881515202717, "params": {"k_pid_pos": [1.147370321560695, 0.0, 0.1542175856088976], "k_pid_alt": [1.0509959980761527, 0.0, 0.007319084909226958], "k_pid_att": [22.444455910251097, 0.0001, 0.5781960336184818], "k_pid_yaw": [0.5, 1e-06, 0.1], "k_pid_hsp": [0.14680146188074888, 0.0, 0.0], "k_pid_vsp": [400.0, 29.055651562432462, 18.03350955620946]}, "datetime": {"datetime": "2025-08-21 13:31:26", "elapsed": 17203.23689389229, "delta": 16.62398338317871}, "costs": {"total_cost": 193.36881515202717, "time_cost": 72.056, "final_distance_cost": 1.8275824157438436, "oscillation_cost": 27.549335058134254, "completition_cost": 0.0, "overshoot_cost": 51.89740124273978, "power_cost": 23.356280017089844, "noise_cost": 16.682216418319424, "n_waypoints_completed": 9, "tot_waypoints": 9}}
