{"target": -176.0182797577138, "params": {"k_pid_pos": [1.1290472884129388, 0.0, 0.1421639948924935], "k_pid_alt": [1.0601176626814284, 0.0, 0.015690109303141228], "k_pid_att": [14.155832307469922, 0.0001, 0.6411272947392143], "k_pid_yaw": [0.5, 1e-06, 0.1], "k_pid_hsp": [0.1317725661036683, 0.0032041897287351647, 0.0], "k_pid_vsp": [400.0, 46.447657186454805, 17.367338997942902]}, "datetime": {"datetime": "2025-08-21 20:46:07", "elapsed": 43283.79266214371, "delta": 17.99931001663208}, "costs": {"total_cost": 176.0182797577138, "time_cost": 70.824, "final_distance_cost": 1.7865854673336485, "oscillation_cost": 27.69341613854891, "completition_cost": 0.0, "overshoot_cost": 50.98012787417844, "power_cost": 13.77392684326172, "noise_cost": 10.960223434391086, "n_waypoints_completed": 9, "tot_waypoints": 9}}
{"target": -181.9347563239997, "params": {"k_pid_pos": [1.1768587419657082, 0.0, 0.1397921913170874], "k_pid_alt": [1.061804038028188, 0.0, 0.015658584528645093], "k_pid_att": [13.940645671635913, 0.0001, 0.6145463243895506], "k_pid_yaw": [0.5, 1e-06, 0.1], "k_pid_hsp": [0.12407135569350225, 0.001555032271610563, 0.0], "k_pid_vsp": [400.0, 11.900339497847405, 17.527478276416765]}, "datetime": {"datetime": "2025-08-21 20:46:24", "elapsed": 43301.06419754028, "delta": 17.271535396575928}, "costs": {"total_cost": 181.9347563239997, "time_cost": 71.144, "final_distance_cost": 1.7901860166137902, "oscillation_cost": 27.893695595639677, "completition_cost": 0.0, "overshoot_cost": 51.69718582859508, "power_cost": 16.88208563232422, "noise_cost": 12.52760325082692, "n_waypoints_completed": 9, "tot_waypoints": 9}}
{"target": -180.7858128950389, "params": {"k_pid_pos": [1.1246735567621404, 0.0, 0.10847700662749012], "k_pid_alt": [1.1979926953497035, 0.0, 0.007795930940325919], "k_pid_att": [15.306959983470387, 0.0001, 0.6302140653588856], "k_pid_yaw": [0.5, 1e-06, 0.1], "k_pid_hsp": [0.13131825600874023, 0.003592503896350592, 0.0], "k_pid_vsp": [400.0, 57.925535131735785, 18.586455785334092]}, "datetime": {"datetime": "2025-08-21 20:46:40", "elapsed": 43317.38661980629, "delta": 16.32242226600647}, "costs": {"total_cost": 180.7858128950389, "time_cost": 69.848, "final_distance_cost": 1.779841579877461, "oscillation_cost": 28.074202219109385, "completition_cost": 0.0, "overshoot_cost": 50.89759923005651, "power_cost": 17.031169921875, "noise_cost": 13.154999944120549, "n_waypoints_completed": 9, "tot_waypoints": 9}}
{"target": -174.85403374311053, "params": {"k_pid_pos": [1.1372388622564185, 0.0, 0.13443812938261443], "k_pid_alt": [1.367122055332674, 0.0, 0.015195722328623566], "k_pid_att": [18.63535593905764, 0.0001, 0.6309441471351266], "k_pid_yaw": [0.5, 1e-06, 0.1], "k_pid_hsp": [0.15857631926030408, 0.0030527109882759274, 0.0], "k_pid_vsp": [400.0, 34.768332730125486, 23.39395383687682]}, "datetime": {"datetime": "2025-08-21 20:46:58", "elapsed": 43334.606838941574, "delta": 17.220219135284424}, "costs": {"total_cost": 174.85403374311053, "time_cost": 69.504, "final_distance_cost": 1.8241323635531859, "oscillation_cost": 28.558234143236405, "completition_cost": 0.0, "overshoot_cost": 50.935764034290045, "power_cost": 13.070870812988282, "noise_cost": 10.961032389042593, "n_waypoints_completed": 9, "tot_waypoints": 9}}
{"target": -173.563703677483, "params": {"k_pid_pos": [1.1245592743458348, 0.0, 0.1347131018531289], "k_pid_alt": [0.7399795051016164, 0.0, 0.01560825596257482], "k_pid_att": [16.767056412114535, 0.0001, 0.0], "k_pid_yaw": [0.5, 1e-06, 0.1], "k_pid_hsp": [0.25290892178702196, 0.014468999561991595, 0.0], "k_pid_vsp": [399.45663514229534, 38.19556980170233, 20.79728821710906]}, "datetime": {"datetime": "2025-08-21 20:47:14", "elapsed": 43350.94540023804, "delta": 16.338561296463013}, "costs": {"total_cost": 173.563703677483, "time_cost": 72.2, "final_distance_cost": 1.831379481506595, "oscillation_cost": 33.429725221290155, "completition_cost": 0.0, "overshoot_cost": 51.168950171525594, "power_cost": 7.5452013671875005, "noise_cost": 7.38844743597314, "n_waypoints_completed": 9, "tot_waypoints": 9}}
{"target": -173.78857370268778, "params": {"k_pid_pos": [1.1723039594450784, 0.0, 0.14045375709478872], "k_pid_alt": [1.0755523185485854, 0.0, 0.020315342526614398], "k_pid_att": [12.805253086425584, 0.0001, 0.6269249466888903], "k_pid_yaw": [0.5, 1e-06, 0.1], "k_pid_hsp": [0.2597124166536181, 0.004366242088043533, 0.0], "k_pid_vsp": [397.4132906305542, 45.62549963294738, 24.479405555906105]}, "datetime": {"datetime": "2025-08-21 20:47:32", "elapsed": 43368.68938088417, "delta": 17.743980646133423}, "costs": {"total_cost": 173.78857370268778, "time_cost": 70.68, "final_distance_cost": 1.8348239304092853, "oscillation_cost": 29.302079891889672, "completition_cost": 0.0, "overshoot_cost": 51.039871746356106, "power_cost": 10.9590345703125, "noise_cost": 9.97276356372021, "n_waypoints_completed": 9, "tot_waypoints": 9}}
{"target": -167.4976450156016, "params": {"k_pid_pos": [1.1232486732847164, 0.0, 0.13885282704332855], "k_pid_alt": [1.1847922461608371, 0.0, 0.015773952526799178], "k_pid_att": [14.065343745634884, 0.0001, 0.6374824800825223], "k_pid_yaw": [0.5, 1e-06, 0.1], "k_pid_hsp": [0.1271671987957949, 0.003034970292070544, 0.0], "k_pid_vsp": [393.15117676868186, 4.2731149364108525, 14.6207978682408]}, "datetime": {"datetime": "2025-08-21 20:47:48", "elapsed": 43384.803169965744, "delta": 16.113789081573486}, "costs": {"total_cost": 167.4976450156016, "time_cost": 71.70400000000001, "final_distance_cost": 1.7989074653569221, "oscillation_cost": 27.223644625226985, "completition_cost": 0.0, "overshoot_cost": 52.0547052324854, "power_cost": 7.154589050292969, "noise_cost": 7.561798642239324, "n_waypoints_completed": 9, "tot_waypoints": 9}}
{"target": -171.1021064535824, "params": {"k_pid_pos": [1.122152184590648, 0.0, 0.1542873473295306], "k_pid_alt": [1.1725512523163297, 0.0, 0.015320954173512012], "k_pid_att": [14.887832155733504, 0.0001, 0.63591509538777], "k_pid_yaw": [0.5, 1e-06, 0.1], "k_pid_hsp": [0.13477312293197088, 0.0037193840624627113, 0.0], "k_pid_vsp": [400.0, 41.219286185649224, 19.3652355465893]}, "datetime": {"datetime": "2025-08-21 20:48:05", "elapsed": 43402.20030260086, "delta": 17.397132635116577}, "costs": {"total_cost": 171.1021064535824, "time_cost": 70.32000000000001, "final_distance_cost": 1.8117214832939081, "oscillation_cost": 27.880817870110672, "completition_cost": 0.0, "overshoot_cost": 51.169887751772656, "power_cost": 10.674756774902344, "noise_cost": 9.244922573502809, "n_waypoints_completed": 9, "tot_waypoints": 9}}
{"target": -172.78500398002603, "params": {"k_pid_pos": [1.2054845586662224, 0.0, 0.11487939127373767], "k_pid_alt": [1.112327868201651, 0.0, 0.013383968235407856], "k_pid_att": [22.34151644617213, 0.0001, 0.6380883154018782], "k_pid_yaw": [0.5, 1e-06, 0.1], "k_pid_hsp": [0.305189712239086, 0.0019189967700842176, 0.0], "k_pid_vsp": [394.04069090302136, 1e-06, 21.973852271694337]}, "datetime": {"datetime": "2025-08-21 20:48:22", "elapsed": 43419.28374171257, "delta": 17.083439111709595}, "costs": {"total_cost": 172.78500398002603, "time_cost": 71.272, "final_distance_cost": 1.8342054702811077, "oscillation_cost": 30.79964587537319, "completition_cost": 0.0, "overshoot_cost": 51.65584923371054, "power_cost": 9.131512890625, "noise_cost": 8.091790510036194, "n_waypoints_completed": 9, "tot_waypoints": 9}}
{"target": -196.8020272330874, "params": {"k_pid_pos": [1.1343203940803601, 0.0, 0.17737424852315642], "k_pid_alt": [1.1154322254066853, 0.0, 0.017868946193483726], "k_pid_att": [0.8599171856358723, 0.0001, 0.5744134133859939], "k_pid_yaw": [0.5, 1e-06, 0.1], "k_pid_hsp": [0.1329973029684518, 0.0005719585493292327, 0.0], "k_pid_vsp": [400.0, 39.6128087726357, 18.51521239188788]}, "datetime": {"datetime": "2025-08-21 20:48:40", "elapsed": 43437.37730169296, "delta": 18.093559980392456}, "costs": {"total_cost": 196.8020272330874, "time_cost": 73.896, "final_distance_cost": 1.7744693328750358, "oscillation_cost": 26.632671842911986, "completition_cost": 0.0, "overshoot_cost": 56.3186846015411, "power_cost": 21.775501892089846, "noise_cost": 16.404699563669425, "n_waypoints_completed": 9, "tot_waypoints": 9}}
{"target": -174.92232186784088, "params": {"k_pid_pos": [1.1047474282699268, 0.0, 0.1310975236388311], "k_pid_alt": [1.1823736764980328, 0.0, 0.009879714267061447], "k_pid_att": [16.38428750691679, 0.0001, 0.6388271501279771], "k_pid_yaw": [0.5, 1e-06, 0.1], "k_pid_hsp": [0.14417410106426015, 0.0024193922737105683, 0.0], "k_pid_vsp": [400.0, 37.809441037955175, 43.14214547618782]}, "datetime": {"datetime": "2025-08-21 20:48:58", "elapsed": 43455.1321041584, "delta": 17.754802465438843}, "costs": {"total_cost": 174.92232186784088, "time_cost": 71.608, "final_distance_cost": 1.7919941337371206, "oscillation_cost": 27.77260258659681, "completition_cost": 0.0, "overshoot_cost": 53.067428633794805, "power_cost": 10.662956152343751, "noise_cost": 10.019340361368403, "n_waypoints_completed": 9, "tot_waypoints": 9}}
{"target": -169.47919905951343, "params": {"k_pid_pos": [1.1220216122272042, 0.0, 0.12988421498381283], "k_pid_alt": [1.1894072796073687, 0.0, 0.015847418826101845], "k_pid_att": [21.307051448115164, 0.0001, 0.6370601407756382], "k_pid_yaw": [0.5, 1e-06, 0.1], "k_pid_hsp": [0.13034214767453745, 0.003408986346199724, 0.0], "k_pid_vsp": [400.0, 44.66880592180174, 16.180123097177276]}, "datetime": {"datetime": "2025-08-21 20:49:14", "elapsed": 43470.909964084625, "delta": 15.777859926223755}, "costs": {"total_cost": 169.47919905951343, "time_cost": 70.328, "final_distance_cost": 1.822362398743467, "oscillation_cost": 28.1390774971657, "completition_cost": 0.0, "overshoot_cost": 51.45896005155632, "power_cost": 9.454449926757812, "noise_cost": 8.276349185290137, "n_waypoints_completed": 9, "tot_waypoints": 9}}
{"target": -174.53726503927402, "params": {"k_pid_pos": [1.1281069083574868, 0.0, 0.0], "k_pid_alt": [1.2012464203826974, 0.0, 0.01655663292523002], "k_pid_att": [15.454155659211333, 0.0001, 0.30996665353276687], "k_pid_yaw": [0.5, 1e-06, 0.1], "k_pid_hsp": [0.18465455272922865, 0.00016291358132531231, 0.0], "k_pid_vsp": [400.0, 38.656156606211084, 17.301232802963934]}, "datetime": {"datetime": "2025-08-21 20:49:32", "elapsed": 43488.978048563, "delta": 18.068084478378296}, "costs": {"total_cost": 174.53726503927402, "time_cost": 71.47200000000001, "final_distance_cost": 1.795064194306085, "oscillation_cost": 28.72903943970497, "completition_cost": 0.0, "overshoot_cost": 52.1506974927688, "power_cost": 10.583670849609376, "noise_cost": 9.80679306288478, "n_waypoints_completed": 9, "tot_waypoints": 9}}
{"target": -184.9956817915474, "params": {"k_pid_pos": [1.1970306412672704, 0.0, 0.13628487084856006], "k_pid_alt": [1.182837320993001, 0.0, 0.016273882493685846], "k_pid_att": [17.883918880503245, 0.0001, 0.6306957207475369], "k_pid_yaw": [0.5, 1e-06, 0.1], "k_pid_hsp": [0.11594152507740443, 0.0033056036542006904, 0.0], "k_pid_vsp": [400.0, 58.32335153041417, 20.867960178811337]}, "datetime": {"datetime": "2025-08-21 20:49:49", "elapsed": 43505.64852523804, "delta": 16.67047667503357}, "costs": {"total_cost": 184.9956817915474, "time_cost": 70.232, "final_distance_cost": 1.7971934835167225, "oscillation_cost": 28.10881433022007, "completition_cost": 0.0, "overshoot_cost": 51.350907326853104, "power_cost": 19.25524315185547, "noise_cost": 14.251523499102074, "n_waypoints_completed": 9, "tot_waypoints": 9}}
{"target": -178.5368017774694, "params": {"k_pid_pos": [1.123887391975423, 0.0, 0.13276128839073584], "k_pid_alt": [1.195093603767762, 0.0, 0.015816390841109283], "k_pid_att": [15.291699936186802, 0.0001, 0.6329141446732762], "k_pid_yaw": [0.5, 1e-06, 0.1], "k_pid_hsp": [0.1281291932960717, 0.0019567491553462053, 0.0], "k_pid_vsp": [400.0, 44.25834925183187, 16.916719117963577]}, "datetime": {"datetime": "2025-08-21 20:50:07", "elapsed": 43524.00676250458, "delta": 18.358237266540527}, "costs": {"total_cost": 178.5368017774694, "time_cost": 70.824, "final_distance_cost": 1.7936189110404195, "oscillation_cost": 27.247472038998986, "completition_cost": 0.0, "overshoot_cost": 51.05901756537008, "power_cost": 15.214325805664064, "noise_cost": 12.398367456395842, "n_waypoints_completed": 9, "tot_waypoints": 9}}
{"target": -173.6495885180025, "params": {"k_pid_pos": [1.1065422571311603, 0.0, 0.12699634534693843], "k_pid_alt": [1.2448123258952961, 0.0, 0.015119298881992857], "k_pid_att": [15.342421249129105, 0.0001, 0.6549482870454029], "k_pid_yaw": [0.5, 1e-06, 0.1], "k_pid_hsp": [0.1263836050119573, 0.004309464927682226, 0.0], "k_pid_vsp": [399.7758530771887, 39.225831574601514, 17.41763634517314]}, "datetime": {"datetime": "2025-08-21 20:50:26", "elapsed": 43542.71166372299, "delta": 18.704901218414307}, "costs": {"total_cost": 173.6495885180025, "time_cost": 70.464, "final_distance_cost": 1.7964712284439017, "oscillation_cost": 27.948102092289446, "completition_cost": 0.0, "overshoot_cost": 51.126750951156986, "power_cost": 11.940084619140626, "noise_cost": 10.37417962697153, "n_waypoints_completed": 9, "tot_waypoints": 9}}
{"target": -171.59916008106646, "params": {"k_pid_pos": [1.1240857770738668, 0.0, 0.13878740463032768], "k_pid_alt": [1.1866908715902127, 0.0, 0.01594510972967803], "k_pid_att": [15.301146618256192, 0.0001, 0.63675439394558], "k_pid_yaw": [0.5, 1e-06, 0.1], "k_pid_hsp": [0.12771389971346014, 0.0033360277417328068, 0.0], "k_pid_vsp": [400.0, 43.924006036516346, 17.236121873799537]}, "datetime": {"datetime": "2025-08-21 20:50:42", "elapsed": 43558.7468316555, "delta": 16.035167932510376}, "costs": {"total_cost": 171.59916008106646, "time_cost": 70.28, "final_distance_cost": 1.813275044446125, "oscillation_cost": 27.522141514047433, "completition_cost": 0.0, "overshoot_cost": 51.015678204095614, "power_cost": 11.582941577148437, "noise_cost": 9.385123741328831, "n_waypoints_completed": 9, "tot_waypoints": 9}}
{"target": -1248.0626362897965, "params": {"k_pid_pos": [1.1586115584985877, 0.0, 0.056900203211693076], "k_pid_alt": [0.6316743295486609, 0.0, 0.007247808601662684], "k_pid_att": [33.12256839073253, 0.0001, 0.5961370340609404], "k_pid_yaw": [0.5, 1e-06, 0.1], "k_pid_hsp": [0.0001, 0.037248211773389744, 0.0], "k_pid_vsp": [386.6239881844246, 31.448518401736873, 20.279824592974386]}, "datetime": {"datetime": "2025-08-21 20:51:07", "elapsed": 43583.91445016861, "delta": 25.1676185131073}, "costs": {"total_cost": 1248.0626362897965, "time_cost": 150, "final_distance_cost": 66.89976992246719, "oscillation_cost": 21.997372342544967, "completition_cost": 888.8888888888888, "overshoot_cost": 63.337228235993805, "power_cost": 34.05574774169922, "noise_cost": 22.88362915820261, "n_waypoints_completed": 1, "tot_waypoints": 9}}
{"target": -184.2327541421057, "params": {"k_pid_pos": [1.1262633054320532, 0.0, 0.1369486556671807], "k_pid_alt": [1.1488580135942206, 0.0, 0.004503452947366399], "k_pid_att": [30.151607318214168, 0.0001, 0.6037507535180496], "k_pid_yaw": [0.5, 1e-06, 0.1], "k_pid_hsp": [0.27309829273198094, 0.003319354792477711, 0.0], "k_pid_vsp": [400.0, 34.63731050615358, 17.694773370340524]}, "datetime": {"datetime": "2025-08-21 20:51:23", "elapsed": 43600.077736377716, "delta": 16.163286209106445}, "costs": {"total_cost": 184.2327541421057, "time_cost": 70.896, "final_distance_cost": 1.8206749111068112, "oscillation_cost": 29.163139213410197, "completition_cost": 0.0, "overshoot_cost": 50.78505452539376, "power_cost": 17.86490965576172, "noise_cost": 13.70297583643322, "n_waypoints_completed": 9, "tot_waypoints": 9}}
{"target": -397.0111393135793, "params": {"k_pid_pos": [1.12227690624381, 0.0, 0.1385352299913209], "k_pid_alt": [0.2504125309341806, 0.0, 0.01608705260291577], "k_pid_att": [15.550874174526324, 0.0001, 0.7862289835235842], "k_pid_yaw": [0.5, 1e-06, 0.1], "k_pid_hsp": [0.34448203192799765, 0.00395727434520631, 0.0], "k_pid_vsp": [399.42277667798743, 55.55008609228125, 12.813767117878086]}, "datetime": {"datetime": "2025-08-21 20:51:48", "elapsed": 43625.40744423866, "delta": 25.329707860946655}, "costs": {"total_cost": 397.0111393135793, "time_cost": 150, "final_distance_cost": 5.18007511465005, "oscillation_cost": 31.69666083953669, "completition_cost": 111.11111111111116, "overshoot_cost": 53.73596400568566, "power_cost": 26.65237215576172, "noise_cost": 18.634956086833967, "n_waypoints_completed": 8, "tot_waypoints": 9}}
{"target": -183.27436810836974, "params": {"k_pid_pos": [1.0736718165734136, 0.0, 0.13274825387357944], "k_pid_alt": [1.1637372619556603, 0.0, 0.002159597951023862], "k_pid_att": [15.946006685712288, 0.0001, 0.6174429860655996], "k_pid_yaw": [0.5, 1e-06, 0.1], "k_pid_hsp": [0.2972560298188228, 0.004041335830231096, 0.0], "k_pid_vsp": [400.0, 42.87145736419891, 18.135170095795438]}, "datetime": {"datetime": "2025-08-21 20:52:05", "elapsed": 43641.55909061432, "delta": 16.151646375656128}, "costs": {"total_cost": 183.27436810836974, "time_cost": 71.2, "final_distance_cost": 1.841097374161607, "oscillation_cost": 29.004320221268777, "completition_cost": 0.0, "overshoot_cost": 51.13158022300609, "power_cost": 16.840295764160157, "noise_cost": 13.2570745257731, "n_waypoints_completed": 9, "tot_waypoints": 9}}
{"target": -180.1427365610404, "params": {"k_pid_pos": [1.1285043561587766, 0.042342460223861296, 0.137959838957885], "k_pid_alt": [1.1898533249657486, 0.0, 0.018838957026960222], "k_pid_att": [15.283917162385558, 0.08509999490961123, 0.6570223477936927], "k_pid_yaw": [0.5, 1e-06, 0.1], "k_pid_hsp": [0.19406593055775717, 0.003302486974353538, 0.0], "k_pid_vsp": [378.7449239295952, 43.03184264421777, 17.688825061693194]}, "datetime": {"datetime": "2025-08-21 20:52:23", "elapsed": 43659.80305361748, "delta": 18.24396300315857}, "costs": {"total_cost": 180.1427365610404, "time_cost": 69.968, "final_distance_cost": 1.7942611801862747, "oscillation_cost": 28.683693547387843, "completition_cost": 0.0, "overshoot_cost": 50.91327169408854, "power_cost": 16.006178857421876, "noise_cost": 12.777331281955874, "n_waypoints_completed": 9, "tot_waypoints": 9}}
{"target": -188.3113496465648, "params": {"k_pid_pos": [1.1781783043060226, 0.0, 0.11046418662423689], "k_pid_alt": [1.1940915718055798, 0.0, 0.008836708200040727], "k_pid_att": [13.818577967441366, 0.0001, 0.6361560439683176], "k_pid_yaw": [0.5, 1e-06, 0.1], "k_pid_hsp": [0.1285906623770221, 0.003271343965057524, 0.0], "k_pid_vsp": [400.0, 32.96988516940192, 17.80649672656953]}, "datetime": {"datetime": "2025-08-21 20:52:39", "elapsed": 43676.42069244385, "delta": 16.61763882637024}, "costs": {"total_cost": 188.3113496465648, "time_cost": 71.264, "final_distance_cost": 1.792144318830631, "oscillation_cost": 27.75039171565277, "completition_cost": 0.0, "overshoot_cost": 51.65134248425364, "power_cost": 20.378678747558595, "noise_cost": 15.47479238026916, "n_waypoints_completed": 9, "tot_waypoints": 9}}
{"target": -171.8919435442056, "params": {"k_pid_pos": [1.092151306379084, 4.804760630266587e-07, 0.1350809861100633], "k_pid_alt": [1.273964298871633, 0.0, 0.017582569557128384], "k_pid_att": [15.619649157422282, 0.0001, 0.6385136025961885], "k_pid_yaw": [0.5, 1e-06, 0.1], "k_pid_hsp": [0.1368419793918504, 0.0031901750258985164, 0.0], "k_pid_vsp": [398.61094282127846, 58.72008771500537, 17.241033441394844]}, "datetime": {"datetime": "2025-08-21 20:52:56", "elapsed": 43692.85270738602, "delta": 16.43201494216919}, "costs": {"total_cost": 171.8919435442056, "time_cost": 70.176, "final_distance_cost": 1.7904388055220357, "oscillation_cost": 27.502740853881612, "completition_cost": 0.0, "overshoot_cost": 51.156141046510186, "power_cost": 11.357816259765626, "noise_cost": 9.908806578526134, "n_waypoints_completed": 9, "tot_waypoints": 9}}
{"target": -188.3982100197518, "params": {"k_pid_pos": [1.1238876768997423, 0.0, 0.12187461371585093], "k_pid_alt": [1.1927722460288706, 0.0, 0.01692498966278415], "k_pid_att": [15.35634656584407, 0.0001, 0.6242474501433326], "k_pid_yaw": [0.5, 1e-06, 0.1], "k_pid_hsp": [0.128550124185505, 0.0033553902231550073, 0.0], "k_pid_vsp": [400.0, 31.00319047145374, 16.10488451612573]}, "datetime": {"datetime": "2025-08-21 20:53:13", "elapsed": 43710.07728719711, "delta": 17.22457981109619}, "costs": {"total_cost": 188.3982100197518, "time_cost": 70.544, "final_distance_cost": 1.778726961535341, "oscillation_cost": 27.969397612122577, "completition_cost": 0.0, "overshoot_cost": 50.835170597562666, "power_cost": 21.569312329101564, "noise_cost": 15.701602519429668, "n_waypoints_completed": 9, "tot_waypoints": 9}}
{"target": -183.96012202928546, "params": {"k_pid_pos": [1.120336160884543, 0.0, 0.09072311117412069], "k_pid_alt": [1.3954583118133104, 0.0, 0.015472050175706235], "k_pid_att": [14.991045243881066, 0.009442464197625592, 0.6413111779466987], "k_pid_yaw": [0.5, 1e-06, 0.1], "k_pid_hsp": [0.26736244797602526, 0.0032340071012835754, 0.0], "k_pid_vsp": [400.0, 44.22654818804244, 18.473814947473667]}, "datetime": {"datetime": "2025-08-21 20:53:30", "elapsed": 43726.81913256645, "delta": 16.74184536933899}, "costs": {"total_cost": 183.96012202928546, "time_cost": 70.808, "final_distance_cost": 1.8171111946943532, "oscillation_cost": 29.163369659424326, "completition_cost": 0.0, "overshoot_cost": 51.61767101502654, "power_cost": 17.093527075195315, "noise_cost": 13.460443084944938, "n_waypoints_completed": 9, "tot_waypoints": 9}}
