{"target": -1255.624463589272, "params": {"k_pid_pos": [1.3801274707061373, 0.0, 0.17307155958307247], "k_pid_alt": [1.212029693352458, 0.0, 0.016219426031190157], "k_pid_att": [25.50250453050881, 0.0001, 0.6406845347701395], "k_pid_yaw": [0.5, 1e-06, 0.1], "k_pid_hsp": [0.0001, 0.002610782126660823, 0.0], "k_pid_vsp": [398.2081982041924, 22.40395516827089, 30.68444203032574]}, "datetime": {"datetime": "2025-08-21 17:36:18", "elapsed": 31895.044295549393, "delta": 23.5451717376709}, "costs": {"total_cost": 1255.624463589272, "time_cost": 150, "final_distance_cost": 61.40559151468737, "oscillation_cost": 1.232106338635334, "completition_cost": 888.8888888888888, "overshoot_cost": 94.11823131346704, "power_cost": 36.32969932861328, "noise_cost": 23.649946204980036, "n_waypoints_completed": 1, "tot_waypoints": 9}}
{"target": -168.0345146446103, "params": {"k_pid_pos": [1.125153449494416, 0.0, 0.12859470730325873], "k_pid_alt": [1.2143183938069935, 0.0, 0.01405411570624445], "k_pid_att": [22.496991983333302, 0.0001, 0.6347364878067718], "k_pid_yaw": [0.5, 1e-06, 0.1], "k_pid_hsp": [0.09985463077131962, 0.0034226709410383875, 0.0], "k_pid_vsp": [400.0, 43.20177619635306, 5.078552654058235]}, "datetime": {"datetime": "2025-08-21 17:36:36", "elapsed": 31912.664281606674, "delta": 17.619986057281494}, "costs": {"total_cost": 168.0345146446103, "time_cost": 70.83200000000001, "final_distance_cost": 1.7985902940495966, "oscillation_cost": 27.205121249835695, "completition_cost": 0.0, "overshoot_cost": 50.93747557349772, "power_cost": 8.164039978027343, "noise_cost": 9.097287549199935, "n_waypoints_completed": 9, "tot_waypoints": 9}}
{"target": -182.70838328755124, "params": {"k_pid_pos": [1.1537083858801143, 0.0, 0.09605248932914681], "k_pid_alt": [1.080026434772235, 0.0, 0.005124941885839857], "k_pid_att": [15.739000963961292, 0.0001, 0.47486382130331406], "k_pid_yaw": [0.5, 1e-06, 0.1], "k_pid_hsp": [0.34423799899670415, 0.0008547543518303041, 0.0], "k_pid_vsp": [400.0, 51.86602345364207, 17.68517569063144]}, "datetime": {"datetime": "2025-08-21 17:36:52", "elapsed": 31928.529329776764, "delta": 15.865048170089722}, "costs": {"total_cost": 182.70838328755124, "time_cost": 70.432, "final_distance_cost": 1.8301272893737823, "oscillation_cost": 30.408314823111798, "completition_cost": 0.0, "overshoot_cost": 50.95866544894023, "power_cost": 16.401440100097656, "noise_cost": 12.67783562602779, "n_waypoints_completed": 9, "tot_waypoints": 9}}
{"target": -175.71376261075253, "params": {"k_pid_pos": [1.1615636820998598, 0.0, 0.13593987630908003], "k_pid_alt": [1.175785277388951, 0.0, 0.016343221141832048], "k_pid_att": [15.025356811001037, 0.0001, 0.4993384378313896], "k_pid_yaw": [0.5, 1e-06, 0.1], "k_pid_hsp": [0.29942916676595316, 0.003265240268699492, 0.0], "k_pid_vsp": [400.0, 47.49847736896429, 20.78681489073511]}, "datetime": {"datetime": "2025-08-21 17:37:09", "elapsed": 31945.5177628994, "delta": 16.988433122634888}, "costs": {"total_cost": 175.71376261075253, "time_cost": 70.264, "final_distance_cost": 1.8285264831794092, "oscillation_cost": 29.831976940558807, "completition_cost": 0.0, "overshoot_cost": 50.90286129907114, "power_cost": 12.874991076660157, "noise_cost": 10.011406811283019, "n_waypoints_completed": 9, "tot_waypoints": 9}}
{"target": -167.18893834527015, "params": {"k_pid_pos": [1.1268090517020701, 0.0, 0.12727166723502367], "k_pid_alt": [1.1960975252864738, 0.0, 0.01595670269598191], "k_pid_att": [15.889768156952343, 0.0001, 0.6262805442873527], "k_pid_yaw": [0.5, 1e-06, 0.1], "k_pid_hsp": [0.11366168120303961, 0.004850870313452948, 0.0], "k_pid_vsp": [399.9557419541709, 17.76780773674249, 15.804162187751174]}, "datetime": {"datetime": "2025-08-21 17:37:26", "elapsed": 31962.66003870964, "delta": 17.1422758102417}, "costs": {"total_cost": 167.18893834527015, "time_cost": 71.112, "final_distance_cost": 1.8022781944477129, "oscillation_cost": 27.776607560898878, "completition_cost": 0.0, "overshoot_cost": 51.62903756098147, "power_cost": 7.501428259277344, "noise_cost": 7.36758676966474, "n_waypoints_completed": 9, "tot_waypoints": 9}}
{"target": -178.41069237563198, "params": {"k_pid_pos": [1.1196286014842267, 0.0, 0.11937915642041134], "k_pid_alt": [0.9864143138900812, 0.0, 0.014904539548393918], "k_pid_att": [12.559189779168152, 0.0001, 0.6545881542969251], "k_pid_yaw": [0.5, 1e-06, 0.1], "k_pid_hsp": [0.19388540803424706, 0.010034082958604716, 0.0], "k_pid_vsp": [398.11970666864937, 30.344185814201797, 12.862011263700134]}, "datetime": {"datetime": "2025-08-21 17:37:43", "elapsed": 31979.803374528885, "delta": 17.143335819244385}, "costs": {"total_cost": 178.41069237563198, "time_cost": 70.88, "final_distance_cost": 1.8098845063155833, "oscillation_cost": 29.203841406555114, "completition_cost": 0.0, "overshoot_cost": 51.01552894184025, "power_cost": 14.078506311035158, "noise_cost": 11.422931209885872, "n_waypoints_completed": 9, "tot_waypoints": 9}}
{"target": -169.85953967873223, "params": {"k_pid_pos": [1.1251235823785395, 0.0, 0.1388264960190378], "k_pid_alt": [1.2229100106270732, 0.0, 0.015853499739338257], "k_pid_att": [15.327865281554999, 0.0001, 0.63652677378797], "k_pid_yaw": [0.5, 1e-06, 0.1], "k_pid_hsp": [0.12761487051849094, 0.0032841235303380854, 0.0], "k_pid_vsp": [400.0, 43.86002012102391, 18.61026144927002]}, "datetime": {"datetime": "2025-08-21 17:38:00", "elapsed": 31996.761660337448, "delta": 16.958285808563232}, "costs": {"total_cost": 169.85953967873223, "time_cost": 69.888, "final_distance_cost": 1.8101458052554196, "oscillation_cost": 27.49885381883599, "completition_cost": 0.0, "overshoot_cost": 50.581828280840554, "power_cost": 10.515928869628906, "noise_cost": 9.564782904171341, "n_waypoints_completed": 9, "tot_waypoints": 9}}
{"target": -189.9635477711932, "params": {"k_pid_pos": [1.1815205028659703, 0.0, 0.04165480748107707], "k_pid_alt": [1.0235505936942324, 0.0, 0.0], "k_pid_att": [43.95735296639335, 0.0001, 0.25258456199556595], "k_pid_yaw": [0.5, 1e-06, 0.1], "k_pid_hsp": [0.34250711777337656, 0.03161624021689278, 0.0], "k_pid_vsp": [374.90972831872966, 40.59693022174905, 27.490484029144824]}, "datetime": {"datetime": "2025-08-21 17:38:16", "elapsed": 32013.08143401146, "delta": 16.31977367401123}, "costs": {"total_cost": 189.9635477711932, "time_cost": 70.616, "final_distance_cost": 1.82182093677693, "oscillation_cost": 31.12710879105028, "completition_cost": 0.0, "overshoot_cost": 50.739493153439156, "power_cost": 20.523561291503906, "noise_cost": 15.135563598422927, "n_waypoints_completed": 9, "tot_waypoints": 9}}
{"target": -167.4429436562665, "params": {"k_pid_pos": [1.137352756085076, 0.0, 0.13679764590244042], "k_pid_alt": [1.1237318806759198, 0.0, 0.011744757294039076], "k_pid_att": [28.28724125787725, 0.0001, 0.49797600730364755], "k_pid_yaw": [0.5, 1e-06, 0.1], "k_pid_hsp": [0.3580410145892985, 0.003445066349763392, 0.0], "k_pid_vsp": [400.0, 33.932717932435764, 18.24891837939079]}, "datetime": {"datetime": "2025-08-21 17:38:34", "elapsed": 32031.22776865959, "delta": 18.146334648132324}, "costs": {"total_cost": 167.4429436562665, "time_cost": 70.16, "final_distance_cost": 1.8327984635263885, "oscillation_cost": 30.170288371503847, "completition_cost": 0.0, "overshoot_cost": 50.662360023538575, "power_cost": 7.253058935546876, "noise_cost": 7.364437862150822, "n_waypoints_completed": 9, "tot_waypoints": 9}}
{"target": -188.29086032115566, "params": {"k_pid_pos": [1.1197888930106363, 0.0, 0.13215449773180274], "k_pid_alt": [1.2919181492584642, 0.0, 0.014827232969891144], "k_pid_att": [14.770316286453214, 0.0001, 0.7585737417603123], "k_pid_yaw": [0.5, 1e-06, 0.1], "k_pid_hsp": [0.3652768383212259, 0.0019774918724049326, 0.0], "k_pid_vsp": [399.9641626457518, 55.826710343030385, 17.03345139400202]}, "datetime": {"datetime": "2025-08-21 17:38:51", "elapsed": 32048.240340709686, "delta": 17.012572050094604}, "costs": {"total_cost": 188.29086032115566, "time_cost": 72.848, "final_distance_cost": 1.845823954891852, "oscillation_cost": 30.51705404188561, "completition_cost": 0.0, "overshoot_cost": 52.85821637798552, "power_cost": 16.718622326660157, "noise_cost": 13.503143619732539, "n_waypoints_completed": 9, "tot_waypoints": 9}}
{"target": -1201.5452895950639, "params": {"k_pid_pos": [1.1264245257900467, 0.0, 0.13500358207429006], "k_pid_alt": [1.2369058572032405, 0.0, 0.010728383892592487], "k_pid_att": [17.346986962293474, 0.0001, 0.7444581652167442], "k_pid_yaw": [0.5, 1e-06, 0.1], "k_pid_hsp": [0.0001, 0.0035318416816141384, 0.0], "k_pid_vsp": [400.0, 43.44934346448096, 18.737764977902085]}, "datetime": {"datetime": "2025-08-21 17:39:16", "elapsed": 32073.402428388596, "delta": 25.1620876789093}, "costs": {"total_cost": 1201.5452895950639, "time_cost": 150, "final_distance_cost": 52.73202679702425, "oscillation_cost": 2.566410955957425, "completition_cost": 888.8888888888888, "overshoot_cost": 94.18444201284585, "power_cost": 6.224317736816406, "noise_cost": 6.949203203531066, "n_waypoints_completed": 1, "tot_waypoints": 9}}
{"target": -192.53446658179496, "params": {"k_pid_pos": [1.1267476772206988, 0.010079760578332889, 0.13886346566945523], "k_pid_alt": [1.1831298738481384, 0.0, 0.020512079740737283], "k_pid_att": [15.756443457412914, 0.06687812902301812, 0.6611029256861909], "k_pid_yaw": [0.5, 1e-06, 0.1], "k_pid_hsp": [0.1828616612550541, 0.003294422766885567, 0.0], "k_pid_vsp": [372.6153159434575, 44.63492019796944, 18.21440975012371]}, "datetime": {"datetime": "2025-08-21 17:39:35", "elapsed": 32092.432690620422, "delta": 19.030262231826782}, "costs": {"total_cost": 192.53446658179496, "time_cost": 75.824, "final_distance_cost": 1.8332484556299975, "oscillation_cost": 29.6232084322766, "completition_cost": 0.0, "overshoot_cost": 53.002218052709964, "power_cost": 17.683406896972656, "noise_cost": 14.56838474420573, "n_waypoints_completed": 9, "tot_waypoints": 9}}
{"target": -183.74332693228973, "params": {"k_pid_pos": [1.1712989646356498, 0.0, 0.0], "k_pid_alt": [1.2334780279814705, 0.0, 0.016810984814982603], "k_pid_att": [16.06556660029645, 0.0001, 0.6406761290749305], "k_pid_yaw": [0.5, 1e-06, 0.1], "k_pid_hsp": [0.12913774073403028, 0.0029022853345576837, 0.0], "k_pid_vsp": [400.0, 55.39194351372687, 13.778364425850738]}, "datetime": {"datetime": "2025-08-21 17:39:52", "elapsed": 32109.19345998764, "delta": 16.760769367218018}, "costs": {"total_cost": 183.74332693228973, "time_cost": 71.784, "final_distance_cost": 1.7677126919774429, "oscillation_cost": 28.97085761101128, "completition_cost": 0.0, "overshoot_cost": 52.482346381088, "power_cost": 15.787744763183595, "noise_cost": 12.950665485029413, "n_waypoints_completed": 9, "tot_waypoints": 9}}
{"target": -187.44329883113699, "params": {"k_pid_pos": [1.1420841006541425, 9.133680757233567e-05, 0.1568091646096367], "k_pid_alt": [1.214429857399539, 0.0, 0.012095033815240637], "k_pid_att": [13.909269840268767, 0.0001, 0.6399289968028137], "k_pid_yaw": [0.5, 1e-06, 0.1], "k_pid_hsp": [0.12628979671868823, 0.0042069098767495445, 0.0], "k_pid_vsp": [393.49404026635057, 19.303290992604577, 16.301458580348832]}, "datetime": {"datetime": "2025-08-21 17:40:11", "elapsed": 32127.810318231583, "delta": 18.61685824394226}, "costs": {"total_cost": 187.44329883113699, "time_cost": 70.70400000000001, "final_distance_cost": 1.8181633518718872, "oscillation_cost": 27.61797726674831, "completition_cost": 0.0, "overshoot_cost": 50.76183343028655, "power_cost": 21.074474255371094, "noise_cost": 15.466850526859139, "n_waypoints_completed": 9, "tot_waypoints": 9}}
{"target": -171.27070357702857, "params": {"k_pid_pos": [1.124907824548314, 0.0, 0.1859960423270068], "k_pid_alt": [1.1496078530341929, 0.0, 0.01216897888830441], "k_pid_att": [15.140514072059375, 0.0001, 0.6299080414234753], "k_pid_yaw": [0.5, 1e-06, 0.1], "k_pid_hsp": [0.13553527706352017, 0.0033905242716426374, 0.0], "k_pid_vsp": [400.0, 10.423328142415631, 14.09601304266155]}, "datetime": {"datetime": "2025-08-21 17:40:27", "elapsed": 32143.988916397095, "delta": 16.178598165512085}, "costs": {"total_cost": 171.27070357702857, "time_cost": 71.432, "final_distance_cost": 1.7949013114651824, "oscillation_cost": 27.55416952120782, "completition_cost": 0.0, "overshoot_cost": 51.860463369069514, "power_cost": 9.833076318359376, "noise_cost": 8.796093056926653, "n_waypoints_completed": 9, "tot_waypoints": 9}}
{"target": -186.22627695625047, "params": {"k_pid_pos": [1.1203487476670133, 0.0, 0.11902351282547599], "k_pid_alt": [1.461624527365067, 0.0, 0.015990887361930446], "k_pid_att": [14.753670453609642, 0.003972531911664373, 0.6378601429265676], "k_pid_yaw": [0.5, 1e-06, 0.1], "k_pid_hsp": [0.2995302371405658, 0.004297053190661076, 0.0], "k_pid_vsp": [400.0, 44.76223438005349, 19.965906227433386]}, "datetime": {"datetime": "2025-08-21 17:40:44", "elapsed": 32161.336784124374, "delta": 17.347867727279663}, "costs": {"total_cost": 186.22627695625047, "time_cost": 70.256, "final_distance_cost": 1.8257126979504048, "oscillation_cost": 29.362564904977262, "completition_cost": 0.0, "overshoot_cost": 51.07691135178782, "power_cost": 19.17081512451172, "noise_cost": 14.534272877023255, "n_waypoints_completed": 9, "tot_waypoints": 9}}
{"target": -173.5769546671317, "params": {"k_pid_pos": [1.239808541420767, 0.0, 0.15068002579676432], "k_pid_alt": [0.8980715995186669, 0.0, 0.014535085034491451], "k_pid_att": [15.605591936746537, 0.0001, 0.6255393397468711], "k_pid_yaw": [0.5, 1e-06, 0.1], "k_pid_hsp": [0.12277214852278111, 0.0024030663175382268, 0.0], "k_pid_vsp": [389.0433663183515, 46.71149458412525, 7.848130407473242]}, "datetime": {"datetime": "2025-08-21 17:41:01", "elapsed": 32177.671013593674, "delta": 16.334229469299316}, "costs": {"total_cost": 173.5769546671317, "time_cost": 71.408, "final_distance_cost": 1.7793402750990668, "oscillation_cost": 28.400857830890114, "completition_cost": 0.0, "overshoot_cost": 51.29616502486237, "power_cost": 10.471712426757813, "noise_cost": 10.220879109522306, "n_waypoints_completed": 9, "tot_waypoints": 9}}
{"target": -177.54633198630182, "params": {"k_pid_pos": [1.180319024373571, 0.0, 0.14117777841891765], "k_pid_alt": [1.1816923387587077, 0.0, 0.015213949017015463], "k_pid_att": [18.790314295521952, 0.0001, 0.5933503078924034], "k_pid_yaw": [0.5, 1e-06, 0.1], "k_pid_hsp": [0.1526392506395298, 0.0, 0.0], "k_pid_vsp": [400.0, 15.239387850781887, 17.578103790004256]}, "datetime": {"datetime": "2025-08-21 17:41:18", "elapsed": 32194.680267333984, "delta": 17.00925374031067}, "costs": {"total_cost": 177.54633198630182, "time_cost": 70.688, "final_distance_cost": 1.7976225877449217, "oscillation_cost": 28.300160064462176, "completition_cost": 0.0, "overshoot_cost": 51.349141459020515, "power_cost": 14.251559619140625, "noise_cost": 11.159848255933547, "n_waypoints_completed": 9, "tot_waypoints": 9}}
{"target": -172.67195826800082, "params": {"k_pid_pos": [1.169186010395507, 0.0, 0.12992324482176945], "k_pid_alt": [1.1728665978686765, 0.0, 0.014091630092801906], "k_pid_att": [16.838540158985882, 0.0001, 0.5530151808846372], "k_pid_yaw": [0.5, 1e-06, 0.1], "k_pid_hsp": [0.1208930203040866, 0.0, 0.0], "k_pid_vsp": [400.0, 38.71635750693278, 17.28310263874223]}, "datetime": {"datetime": "2025-08-21 17:41:35", "elapsed": 32211.75382900238, "delta": 17.073561668395996}, "costs": {"total_cost": 172.67195826800082, "time_cost": 71.32000000000001, "final_distance_cost": 1.7846966438784493, "oscillation_cost": 27.71879649539409, "completition_cost": 0.0, "overshoot_cost": 52.05902959994436, "power_cost": 10.353728173828125, "noise_cost": 9.435707354955781, "n_waypoints_completed": 9, "tot_waypoints": 9}}
{"target": -186.6547008072365, "params": {"k_pid_pos": [1.120508779282524, 0.0, 0.1421123332099458], "k_pid_alt": [1.1647508619487525, 0.0, 0.01573049643878154], "k_pid_att": [26.146484525325576, 0.0001, 0.6274083087074204], "k_pid_yaw": [0.5, 1e-06, 0.1], "k_pid_hsp": [0.373017587449476, 0.0034583210847995054, 0.0], "k_pid_vsp": [400.0, 44.90906027004668, 19.263065971419174]}, "datetime": {"datetime": "2025-08-21 17:41:52", "elapsed": 32228.78076195717, "delta": 17.026932954788208}, "costs": {"total_cost": 186.6547008072365, "time_cost": 70.872, "final_distance_cost": 1.8474655457744624, "oscillation_cost": 30.341630338024018, "completition_cost": 0.0, "overshoot_cost": 50.611574319319935, "power_cost": 19.068613049316408, "noise_cost": 13.913417554801656, "n_waypoints_completed": 9, "tot_waypoints": 9}}
{"target": -174.96113458336805, "params": {"k_pid_pos": [1.1247941178025107, 0.0, 0.13222994141455224], "k_pid_alt": [1.0734851391749631, 0.0, 0.011063288124201938], "k_pid_att": [13.358483561861664, 0.0001, 0.6441685516624227], "k_pid_yaw": [0.5, 1e-06, 0.1], "k_pid_hsp": [0.1488751130548273, 0.0033479010348321844, 0.0], "k_pid_vsp": [400.0, 26.470881740120177, 13.797909604752704]}, "datetime": {"datetime": "2025-08-21 17:42:09", "elapsed": 32245.7743165493, "delta": 16.99355459213257}, "costs": {"total_cost": 174.96113458336805, "time_cost": 71.016, "final_distance_cost": 1.7877656398589887, "oscillation_cost": 27.995996728292866, "completition_cost": 0.0, "overshoot_cost": 51.590037614024666, "power_cost": 11.965174816894532, "noise_cost": 10.606159784297015, "n_waypoints_completed": 9, "tot_waypoints": 9}}
{"target": -170.2267142295066, "params": {"k_pid_pos": [1.099055501980956, 0.0, 0.13762446145650015], "k_pid_alt": [1.1989240538929138, 0.0, 0.0], "k_pid_att": [8.682259800701111, 0.0001, 0.6075172047000851], "k_pid_yaw": [0.5, 1e-06, 0.1], "k_pid_hsp": [0.07942350564457391, 0.0017774850876529243, 0.0], "k_pid_vsp": [400.0, 35.24797796308467, 17.1161878978352]}, "datetime": {"datetime": "2025-08-21 17:42:25", "elapsed": 32262.161964178085, "delta": 16.38764762878418}, "costs": {"total_cost": 170.2267142295066, "time_cost": 71.912, "final_distance_cost": 1.7993968703466965, "oscillation_cost": 25.21570669825998, "completition_cost": 0.0, "overshoot_cost": 52.05226350290474, "power_cost": 9.890800439453125, "noise_cost": 9.356546718542045, "n_waypoints_completed": 9, "tot_waypoints": 9}}
{"target": -184.13925489150256, "params": {"k_pid_pos": [1.1156698960532565, 0.0, 0.13220708379537235], "k_pid_alt": [1.2109182877582907, 0.0, 0.012160148261529394], "k_pid_att": [14.469100605153075, 0.0001, 0.6423225675952117], "k_pid_yaw": [0.5, 1e-06, 0.1], "k_pid_hsp": [0.1371633418654223, 0.0036535555372357864, 0.0], "k_pid_vsp": [400.0, 60.51649547479306, 8.614557583584093]}, "datetime": {"datetime": "2025-08-21 17:42:42", "elapsed": 32279.27459001541, "delta": 17.11262583732605}, "costs": {"total_cost": 184.13925489150256, "time_cost": 70.70400000000001, "final_distance_cost": 1.8056860422729573, "oscillation_cost": 27.557430041334825, "completition_cost": 0.0, "overshoot_cost": 51.45779735489253, "power_cost": 18.50039852294922, "noise_cost": 14.113942930053048, "n_waypoints_completed": 9, "tot_waypoints": 9}}
{"target": -167.5222946717388, "params": {"k_pid_pos": [1.1345566100979567, 0.0, 0.1331374888446339], "k_pid_alt": [1.4151304331686927, 0.0, 0.015479674034389554], "k_pid_att": [20.558298308767974, 0.0001, 0.6333117613029773], "k_pid_yaw": [0.5, 1e-06, 0.1], "k_pid_hsp": [0.12093971995668636, 0.00272372652556019, 0.0], "k_pid_vsp": [400.0, 33.742084119602815, 15.789814546925715]}, "datetime": {"datetime": "2025-08-21 17:42:58", "elapsed": 32295.31450819969, "delta": 16.039918184280396}, "costs": {"total_cost": 167.5222946717388, "time_cost": 70.648, "final_distance_cost": 1.810641023752128, "oscillation_cost": 27.138713045759115, "completition_cost": 0.0, "overshoot_cost": 51.44595524209333, "power_cost": 8.5065197265625, "noise_cost": 7.97246563357174, "n_waypoints_completed": 9, "tot_waypoints": 9}}
{"target": -179.55339248472933, "params": {"k_pid_pos": [1.1379351214762314, 0.0, 0.1336320208847659], "k_pid_alt": [1.0813735887804414, 0.0, 0.009227877528311142], "k_pid_att": [19.27888146898994, 0.0001, 0.29437678002282086], "k_pid_yaw": [0.5, 1e-06, 0.1], "k_pid_hsp": [0.13030458696209685, 0.020876023738733884, 0.0], "k_pid_vsp": [400.0, 13.996366222995931, 14.991139277556389]}, "datetime": {"datetime": "2025-08-21 17:43:17", "elapsed": 32313.746448993683, "delta": 18.43194079399109}, "costs": {"total_cost": 179.55339248472933, "time_cost": 70.952, "final_distance_cost": 1.8179553942522593, "oscillation_cost": 30.257633902966713, "completition_cost": 0.0, "overshoot_cost": 51.44541047433726, "power_cost": 13.957765869140626, "noise_cost": 11.122626844032482, "n_waypoints_completed": 9, "tot_waypoints": 9}}
{"target": -183.54947825943486, "params": {"k_pid_pos": [1.1808667028511437, 0.0, 0.1390487886989308], "k_pid_alt": [0.9476331028161933, 0.0, 0.004513169158779664], "k_pid_att": [12.34761524576556, 0.0001, 0.622957686778571], "k_pid_yaw": [0.5, 1e-06, 0.1], "k_pid_hsp": [0.5110358437738531, 0.0014271289205766635, 0.0], "k_pid_vsp": [393.89464813360314, 36.47438230526998, 21.39347105702722]}, "datetime": {"datetime": "2025-08-21 17:43:34", "elapsed": 32330.446189165115, "delta": 16.699740171432495}, "costs": {"total_cost": 183.54947825943486, "time_cost": 73.16, "final_distance_cost": 1.8436984300575416, "oscillation_cost": 31.71767039755065, "completition_cost": 0.0, "overshoot_cost": 51.96196350546396, "power_cost": 13.379099243164063, "noise_cost": 11.487046683198662, "n_waypoints_completed": 9, "tot_waypoints": 9}}
