{"target": -173.74119824035293, "params": {"k_pid_pos": [1.0031060130377958, 0.0, 0.1371225528859038], "k_pid_alt": [0.8292034178179245, 0.0, 0.009977606272173157], "k_pid_att": [17.044740032653873, 0.0001, 0.5335512946058059], "k_pid_yaw": [0.5, 1e-06, 0.1], "k_pid_hsp": [0.11207237840814953, 0.00295162857140245, 0.0], "k_pid_vsp": [389.9938393246682, 17.935180877123088, 12.2916482191192]}, "datetime": {"datetime": "2025-08-21 14:11:38", "elapsed": 19614.5584564209, "delta": 16.637340784072876}, "costs": {"total_cost": 173.74119824035293, "time_cost": 72.608, "final_distance_cost": 1.8012745797811849, "oscillation_cost": 26.473096934781406, "completition_cost": 0.0, "overshoot_cost": 51.20583999808559, "power_cost": 11.607407775878906, "noise_cost": 10.045578951825847, "n_waypoints_completed": 9, "tot_waypoints": 9}}
{"target": -194.79464552168585, "params": {"k_pid_pos": [1.1336782035918351, 0.0, 0.08784550162745156], "k_pid_alt": [0.3662324127600063, 0.0, 0.0], "k_pid_att": [8.121756698535181, 0.02674152431816231, 0.6870102371237174], "k_pid_yaw": [0.5, 1e-06, 0.1], "k_pid_hsp": [1.2089028816031693, 0.0028752521652368438, 0.0], "k_pid_vsp": [304.42048459792824, 18.59039529437767, 1e-06]}, "datetime": {"datetime": "2025-08-21 14:11:57", "elapsed": 19633.84238934517, "delta": 19.28393292427063}, "costs": {"total_cost": 194.79464552168585, "time_cost": 83.584, "final_distance_cost": 1.8550138140841403, "oscillation_cost": 32.93826474096684, "completition_cost": 0.0, "overshoot_cost": 51.47539785095176, "power_cost": 12.77906229248047, "noise_cost": 12.162906823202642, "n_waypoints_completed": 9, "tot_waypoints": 9}}
{"target": -192.11746042176048, "params": {"k_pid_pos": [1.0491946580722409, 0.0, 0.12170885163868779], "k_pid_alt": [0.809248227109274, 0.0, 0.010297576997840396], "k_pid_att": [7.385505885944051, 0.0001, 0.6790883853804681], "k_pid_yaw": [0.5, 1e-06, 0.1], "k_pid_hsp": [0.3692877228532616, 0.0020784157260543565, 0.0], "k_pid_vsp": [386.1130507510481, 10.876610449843957, 11.91678337359743]}, "datetime": {"datetime": "2025-08-21 14:12:14", "elapsed": 19651.40304875374, "delta": 17.560659408569336}, "costs": {"total_cost": 192.11746042176048, "time_cost": 75.19200000000001, "final_distance_cost": 1.833050070566313, "oscillation_cost": 32.47770781149986, "completition_cost": 0.0, "overshoot_cost": 53.20531919951085, "power_cost": 16.09238551025391, "noise_cost": 13.316997829929543, "n_waypoints_completed": 9, "tot_waypoints": 9}}
{"target": -182.21099326252414, "params": {"k_pid_pos": [1.125358191036655, 0.0, 0.14134533692898876], "k_pid_alt": [1.0688509405566742, 0.0, 0.010865635755362698], "k_pid_att": [17.127822983108775, 0.0001, 0.6313049704196687], "k_pid_yaw": [0.5, 1e-06, 0.1], "k_pid_hsp": [0.09170600282499708, 0.0031020457902869425, 0.0], "k_pid_vsp": [389.45008638158197, 12.770636192198452, 14.090212246945551]}, "datetime": {"datetime": "2025-08-21 14:12:31", "elapsed": 19668.24077439308, "delta": 16.83772563934326}, "costs": {"total_cost": 182.21099326252414, "time_cost": 72.312, "final_distance_cost": 1.7871481803795903, "oscillation_cost": 26.874275056471312, "completition_cost": 0.0, "overshoot_cost": 51.989861794081754, "power_cost": 16.17930086669922, "noise_cost": 13.068407364892305, "n_waypoints_completed": 9, "tot_waypoints": 9}}
{"target": -169.71111714236454, "params": {"k_pid_pos": [1.1579457182690822, 0.0, 0.08020941752598049], "k_pid_alt": [0.9548367688624311, 0.0, 0.010271877736764252], "k_pid_att": [35.42083248400971, 0.0001, 0.22540846704221285], "k_pid_yaw": [0.5, 1e-06, 0.1], "k_pid_hsp": [0.18897632379587817, 0.004676703627479331, 0.0], "k_pid_vsp": [359.42451225734266, 13.351337921300935, 12.02527592235069]}, "datetime": {"datetime": "2025-08-21 14:12:48", "elapsed": 19684.473321914673, "delta": 16.232547521591187}, "costs": {"total_cost": 169.71111714236454, "time_cost": 70.896, "final_distance_cost": 1.8094558278009547, "oscillation_cost": 29.648568474726172, "completition_cost": 0.0, "overshoot_cost": 51.0299152235287, "power_cost": 8.048219604492187, "noise_cost": 8.278958011816531, "n_waypoints_completed": 9, "tot_waypoints": 9}}
{"target": -183.44249617470513, "params": {"k_pid_pos": [1.1215794006688775, 0.0, 0.12672478862851044], "k_pid_alt": [0.8262625510521362, 0.0, 0.009643420046135819], "k_pid_att": [15.788625344521373, 0.0001, 0.6410566761188031], "k_pid_yaw": [0.5, 1e-06, 0.1], "k_pid_hsp": [0.16377240104581198, 0.0036451673568135908, 0.0], "k_pid_vsp": [388.00025207617887, 19.516844573028543, 19.504684454497568]}, "datetime": {"datetime": "2025-08-21 14:13:05", "elapsed": 19701.72632741928, "delta": 17.253005504608154}, "costs": {"total_cost": 183.44249617470513, "time_cost": 73.744, "final_distance_cost": 1.819437506971818, "oscillation_cost": 28.942174103936154, "completition_cost": 0.0, "overshoot_cost": 51.96925124633877, "power_cost": 14.56525078125, "noise_cost": 12.40238253620837, "n_waypoints_completed": 9, "tot_waypoints": 9}}
{"target": -205.92510469060275, "params": {"k_pid_pos": [1.1385470011605725, 0.0, 0.12216039932631134], "k_pid_alt": [1.396252169124649, 0.0, 0.010388719708250253], "k_pid_att": [38.42271378579081, 0.0001, 0.7098521963278039], "k_pid_yaw": [0.5, 1e-06, 0.1], "k_pid_hsp": [0.18558271093676593, 0.03287500558428091, 0.0], "k_pid_vsp": [395.89088539082417, 8.207217107952388, 25.461109939919446]}, "datetime": {"datetime": "2025-08-21 14:13:23", "elapsed": 19720.04373526573, "delta": 18.317407846450806}, "costs": {"total_cost": 205.92510469060275, "time_cost": 77.512, "final_distance_cost": 1.8182812761209657, "oscillation_cost": 31.916437188426574, "completition_cost": 0.0, "overshoot_cost": 55.28767124583366, "power_cost": 22.801467431640628, "noise_cost": 16.58924754858095, "n_waypoints_completed": 9, "tot_waypoints": 9}}
{"target": -174.8164341510238, "params": {"k_pid_pos": [1.3294507660312258, 0.0, 0.12904201424330317], "k_pid_alt": [0.8351337911508437, 0.0, 0.009320293012255506], "k_pid_att": [18.564158312985306, 0.0001, 0.6337967076645532], "k_pid_yaw": [0.5, 1e-06, 0.1], "k_pid_hsp": [0.5549076790337829, 0.0029766650648718994, 0.0], "k_pid_vsp": [383.10856990370667, 3.013312774283846, 13.266660874563796]}, "datetime": {"datetime": "2025-08-21 14:13:40", "elapsed": 19736.434435367584, "delta": 16.390700101852417}, "costs": {"total_cost": 174.8164341510238, "time_cost": 71.57600000000001, "final_distance_cost": 1.8289487098865802, "oscillation_cost": 30.94067551747081, "completition_cost": 0.0, "overshoot_cost": 51.048775644778424, "power_cost": 10.059625915527345, "noise_cost": 9.362408363360652, "n_waypoints_completed": 9, "tot_waypoints": 9}}
{"target": -176.96378439415926, "params": {"k_pid_pos": [1.114393757083331, 0.0, 0.12977623976975863], "k_pid_alt": [0.9604983132908678, 0.0, 0.009885925067086885], "k_pid_att": [8.827357064211395, 0.0001, 0.6442138961369785], "k_pid_yaw": [0.5, 1e-06, 0.1], "k_pid_hsp": [0.12494207275699087, 0.003345867661858352, 0.0], "k_pid_vsp": [385.11497660318366, 9.31147055586177, 10.488473486793247]}, "datetime": {"datetime": "2025-08-21 14:13:56", "elapsed": 19753.25135397911, "delta": 16.81691861152649}, "costs": {"total_cost": 176.96378439415926, "time_cost": 72.096, "final_distance_cost": 1.793415680221674, "oscillation_cost": 27.51951576529869, "completition_cost": 0.0, "overshoot_cost": 51.73442079250067, "power_cost": 12.804588464355469, "noise_cost": 11.015843691782747, "n_waypoints_completed": 9, "tot_waypoints": 9}}
{"target": -185.77400434705956, "params": {"k_pid_pos": [1.0919139744656028, 0.0, 0.14148498872258264], "k_pid_alt": [1.0075879706219806, 0.0, 0.007353780523040189], "k_pid_att": [14.992310158323825, 0.0001, 0.6071441801965154], "k_pid_yaw": [0.5, 1e-06, 0.1], "k_pid_hsp": [0.12833808295548152, 0.008081945703493257, 0.0], "k_pid_vsp": [378.22364150690123, 18.199301641834968, 21.245859399021583]}, "datetime": {"datetime": "2025-08-21 14:14:13", "elapsed": 19769.576210975647, "delta": 16.324856996536255}, "costs": {"total_cost": 185.77400434705956, "time_cost": 70.816, "final_distance_cost": 1.7932343785915323, "oscillation_cost": 28.15822705929077, "completition_cost": 0.0, "overshoot_cost": 51.444368092841, "power_cost": 19.46245487060547, "noise_cost": 14.09971994573076, "n_waypoints_completed": 9, "tot_waypoints": 9}}
{"target": -185.39928270707676, "params": {"k_pid_pos": [1.127953702215389, 0.0, 0.17243165630142615], "k_pid_alt": [1.4056673659657954, 0.0, 0.010823529562205843], "k_pid_att": [14.608996013669842, 0.0001, 0.6886889934895365], "k_pid_yaw": [0.5, 1e-06, 0.1], "k_pid_hsp": [0.42814409206839216, 0.003783701921191549, 0.0], "k_pid_vsp": [384.1410379533644, 17.055386724522734, 32.345055178501966]}, "datetime": {"datetime": "2025-08-21 14:14:30", "elapsed": 19786.77321767807, "delta": 17.197006702423096}, "costs": {"total_cost": 185.39928270707676, "time_cost": 72.336, "final_distance_cost": 1.8473766412058463, "oscillation_cost": 30.585488077292396, "completition_cost": 0.0, "overshoot_cost": 52.09943101631376, "power_cost": 15.739054797363282, "noise_cost": 12.791932174901495, "n_waypoints_completed": 9, "tot_waypoints": 9}}
{"target": -634.8464799916997, "params": {"k_pid_pos": [1.125537533050848, 0.0, 0.15464802672368086], "k_pid_alt": [0.9589088089226725, 0.0, 0.011536121396059584], "k_pid_att": [26.764414565701394, 0.0001, 0.7532631646326128], "k_pid_yaw": [0.5, 1e-06, 0.1], "k_pid_hsp": [0.01975744472126978, 0.0037958419424783917, 0.0], "k_pid_vsp": [380.30439595275465, 12.885585593294953, 13.638363092837801]}, "datetime": {"datetime": "2025-08-21 14:14:53", "elapsed": 19809.988561153412, "delta": 23.215343475341797}, "costs": {"total_cost": 634.8464799916997, "time_cost": 150, "final_distance_cost": 55.790170436579636, "oscillation_cost": 11.014141350818633, "completition_cost": 333.33333333333337, "overshoot_cost": 54.55486337349642, "power_cost": 17.246540551757814, "noise_cost": 12.907430945713827, "n_waypoints_completed": 6, "tot_waypoints": 9}}
{"target": -188.60894154634298, "params": {"k_pid_pos": [1.660137387612207, 0.0, 0.11377564983203012], "k_pid_alt": [0.9118143141054689, 0.0, 0.002624999835419246], "k_pid_att": [19.051959997851345, 0.0001, 0.7164700814095947], "k_pid_yaw": [0.5, 1e-06, 0.1], "k_pid_hsp": [0.24964571300648059, 0.0007856170926029324, 0.0], "k_pid_vsp": [387.6673673247154, 17.05134539430113, 17.07007840406644]}, "datetime": {"datetime": "2025-08-21 14:15:10", "elapsed": 19826.5937936306, "delta": 16.60523247718811}, "costs": {"total_cost": 188.60894154634298, "time_cost": 71.392, "final_distance_cost": 1.8066847574772877, "oscillation_cost": 31.695282054566885, "completition_cost": 0.0, "overshoot_cost": 51.33356968232227, "power_cost": 18.50721431884766, "noise_cost": 13.8741907331289, "n_waypoints_completed": 9, "tot_waypoints": 9}}
{"target": -1217.1910641669363, "params": {"k_pid_pos": [1.1192927344828174, 0.0, 0.12969165816852352], "k_pid_alt": [0.9877270560488098, 0.0, 0.004071985729982465], "k_pid_att": [31.298280021526992, 0.05929391133501486, 0.6253765205067496], "k_pid_yaw": [0.5, 1e-06, 0.1], "k_pid_hsp": [0.0001, 0.0007919715277960176, 0.0], "k_pid_vsp": [394.2479998939251, 5.051441188827649, 1e-06]}, "datetime": {"datetime": "2025-08-21 14:15:33", "elapsed": 19849.788504123688, "delta": 23.19471049308777}, "costs": {"total_cost": 1217.1910641669363, "time_cost": 150, "final_distance_cost": 62.95418046300287, "oscillation_cost": 0.5405122713701498, "completition_cost": 888.8888888888888, "overshoot_cost": 94.46554915601065, "power_cost": 9.497794982910158, "noise_cost": 10.844138404753796, "n_waypoints_completed": 1, "tot_waypoints": 9}}
{"target": -186.53291300820612, "params": {"k_pid_pos": [1.11547326548806, 0.0, 0.13452778165151785], "k_pid_alt": [0.8924532209860008, 0.0, 0.003955240572193055], "k_pid_att": [16.114413652615827, 0.0001, 0.5441231088113756], "k_pid_yaw": [0.5, 1e-06, 0.1], "k_pid_hsp": [0.30295992360711227, 0.0016070648490583359, 0.0], "k_pid_vsp": [392.50267080756436, 4.829333095825504, 15.26876050834733]}, "datetime": {"datetime": "2025-08-21 14:15:49", "elapsed": 19866.148703336716, "delta": 16.360199213027954}, "costs": {"total_cost": 186.53291300820612, "time_cost": 72.08800000000001, "final_distance_cost": 1.8360805044237025, "oscillation_cost": 29.543354523893818, "completition_cost": 0.0, "overshoot_cost": 50.98170558397124, "power_cost": 18.221269946289063, "noise_cost": 13.862502449628298, "n_waypoints_completed": 9, "tot_waypoints": 9}}
{"target": -192.15514694696301, "params": {"k_pid_pos": [1.2511572279627627, 0.0, 0.12562620781188588], "k_pid_alt": [0.8822441506069975, 0.0, 0.008998590714040671], "k_pid_att": [83.69414284998544, 0.0001, 0.3133205411812246], "k_pid_yaw": [0.5, 1e-06, 0.1], "k_pid_hsp": [4.085834653573173, 0.005709282382535273, 0.0], "k_pid_vsp": [392.21943662178677, 4.858660474329653, 1e-06]}, "datetime": {"datetime": "2025-08-21 14:16:06", "elapsed": 19883.21302127838, "delta": 17.06431794166565}, "costs": {"total_cost": 192.15514694696301, "time_cost": 72.272, "final_distance_cost": 1.8381093494024725, "oscillation_cost": 40.72054529850645, "completition_cost": 0.0, "overshoot_cost": 51.06947394607609, "power_cost": 13.757392309570314, "noise_cost": 12.49762604340769, "n_waypoints_completed": 9, "tot_waypoints": 9}}
{"target": -168.0765855440044, "params": {"k_pid_pos": [1.1345118125864944, 0.0, 0.17210027155657587], "k_pid_alt": [0.9076113365486459, 0.0, 0.01216136370194803], "k_pid_att": [19.163355610551758, 0.0001, 0.6099462383868522], "k_pid_yaw": [0.5, 1e-06, 0.1], "k_pid_hsp": [0.16812185912767852, 0.0, 0.0], "k_pid_vsp": [399.1609637155142, 24.613073667719853, 15.032285463634516]}, "datetime": {"datetime": "2025-08-21 14:16:23", "elapsed": 19899.85950112343, "delta": 16.646479845046997}, "costs": {"total_cost": 168.0765855440044, "time_cost": 71.856, "final_distance_cost": 1.8287766967954893, "oscillation_cost": 27.80460772902114, "completition_cost": 0.0, "overshoot_cost": 51.989038604967384, "power_cost": 6.793417980957032, "noise_cost": 7.804744532263349, "n_waypoints_completed": 9, "tot_waypoints": 9}}
{"target": -181.15576670654755, "params": {"k_pid_pos": [1.1571313729267438, 0.0, 0.13803047963812562], "k_pid_alt": [1.191475110313005, 0.0, 0.0046389231051411906], "k_pid_att": [20.456711616901952, 0.0001, 0.43886414944526353], "k_pid_yaw": [0.5, 1e-06, 0.1], "k_pid_hsp": [0.5775379125307669, 0.005054304866820226, 0.0], "k_pid_vsp": [392.40986168043963, 24.923596387516987, 11.873790653895764]}, "datetime": {"datetime": "2025-08-21 14:16:39", "elapsed": 19916.355399608612, "delta": 16.495898485183716}, "costs": {"total_cost": 181.15576670654755, "time_cost": 71.016, "final_distance_cost": 1.8449344160903274, "oscillation_cost": 30.688523321934568, "completition_cost": 0.0, "overshoot_cost": 51.45297782882264, "power_cost": 14.517714038085938, "noise_cost": 11.635617101614098, "n_waypoints_completed": 9, "tot_waypoints": 9}}
{"target": -199.2606776751619, "params": {"k_pid_pos": [1.1298432966122562, 0.0, 0.13100808230930028], "k_pid_alt": [1.0272543768745726, 0.0, 0.012770111273385308], "k_pid_att": [13.825509230722716, 0.0001, 0.6708729818773321], "k_pid_yaw": [0.5, 1e-06, 0.1], "k_pid_hsp": [0.1253510190317727, 0.0027345150409088794, 0.0], "k_pid_vsp": [393.98515322512355, 44.58468678407025, 9.956673098219975]}, "datetime": {"datetime": "2025-08-21 14:16:58", "elapsed": 19934.88994717598, "delta": 18.534547567367554}, "costs": {"total_cost": 199.2606776751619, "time_cost": 79.312, "final_distance_cost": 1.7993110183243477, "oscillation_cost": 28.926023897734908, "completition_cost": 0.0, "overshoot_cost": 56.51940589033284, "power_cost": 18.416997961425782, "noise_cost": 14.286938907344036, "n_waypoints_completed": 9, "tot_waypoints": 9}}
{"target": -173.3241829126888, "params": {"k_pid_pos": [1.1798494330963767, 0.0, 0.019195002773730666], "k_pid_alt": [0.9448454791365593, 0.0, 0.0], "k_pid_att": [40.11168053539983, 0.0001, 0.0], "k_pid_yaw": [0.5, 1e-06, 0.1], "k_pid_hsp": [0.333468521260597, 0.03165910717779115, 0.0], "k_pid_vsp": [370.8579175687387, 43.154137272481485, 26.12948492551187]}, "datetime": {"datetime": "2025-08-21 14:17:14", "elapsed": 19951.167810201645, "delta": 16.277863025665283}, "costs": {"total_cost": 173.3241829126888, "time_cost": 70.696, "final_distance_cost": 1.8254583776692366, "oscillation_cost": 35.56004616281912, "completition_cost": 0.0, "overshoot_cost": 50.61971957510127, "power_cost": 7.2772856689453125, "noise_cost": 7.345673128153825, "n_waypoints_completed": 9, "tot_waypoints": 9}}
{"target": -174.45621851315656, "params": {"k_pid_pos": [1.7002210487173959, 0.0, 0.10452418542088919], "k_pid_alt": [0.8276590653999769, 0.0, 0.010775827241310189], "k_pid_att": [23.331657294487584, 0.0001, 0.5729154055172496], "k_pid_yaw": [0.5, 1e-06, 0.1], "k_pid_hsp": [0.3313236779526043, 0.0013179650986312528, 0.0], "k_pid_vsp": [370.10402400084627, 21.39798347400253, 18.28379298505962]}, "datetime": {"datetime": "2025-08-21 14:17:31", "elapsed": 19968.097360610962, "delta": 16.929550409317017}, "costs": {"total_cost": 174.45621851315656, "time_cost": 70.96000000000001, "final_distance_cost": 1.785423143484865, "oscillation_cost": 32.39710444383755, "completition_cost": 0.0, "overshoot_cost": 50.91238736535695, "power_cost": 9.650093469238282, "noise_cost": 8.751210091238915, "n_waypoints_completed": 9, "tot_waypoints": 9}}
{"target": -176.97795128196384, "params": {"k_pid_pos": [1.101216288315904, 0.0, 0.0], "k_pid_alt": [0.8228632826724058, 0.0, 0.009305212519192373], "k_pid_att": [11.79640116589722, 0.0001, 0.8826705786118292], "k_pid_yaw": [0.5, 1e-06, 0.1], "k_pid_hsp": [0.48529102501706123, 0.0012707870493528393, 0.0], "k_pid_vsp": [385.8290664777757, 24.053034943851408, 1e-06]}, "datetime": {"datetime": "2025-08-21 14:17:48", "elapsed": 19984.962882757187, "delta": 16.865522146224976}, "costs": {"total_cost": 176.97795128196384, "time_cost": 71.608, "final_distance_cost": 1.8417725024791014, "oscillation_cost": 30.71860004681025, "completition_cost": 0.0, "overshoot_cost": 50.80518448454813, "power_cost": 11.274323950195313, "noise_cost": 10.730070297931045, "n_waypoints_completed": 9, "tot_waypoints": 9}}
{"target": -194.42040531235622, "params": {"k_pid_pos": [0.968814277017415, 0.0, 0.11971027203124723], "k_pid_alt": [1.1015660313364048, 0.0, 0.007382368740520884], "k_pid_att": [13.410600552997487, 0.0001, 0.5020348971772555], "k_pid_yaw": [0.5, 1e-06, 0.1], "k_pid_hsp": [0.35564840191965275, 0.0003309500194496771, 0.0], "k_pid_vsp": [382.81072869292166, 14.627174615599209, 12.941406543113793]}, "datetime": {"datetime": "2025-08-21 14:18:05", "elapsed": 20002.004083395004, "delta": 17.041200637817383}, "costs": {"total_cost": 194.42040531235622, "time_cost": 72.864, "final_distance_cost": 1.8471535333577556, "oscillation_cost": 28.107411281430657, "completition_cost": 0.0, "overshoot_cost": 52.060867101790855, "power_cost": 22.708713220214843, "noise_cost": 16.832260175562123, "n_waypoints_completed": 9, "tot_waypoints": 9}}
{"target": -175.54727481638508, "params": {"k_pid_pos": [1.1236119764568446, 0.16209609063147493, 0.12818264706519183], "k_pid_alt": [0.9193915914333506, 0.0, 0.008351407371644184], "k_pid_att": [14.82266215557447, 0.24028112487829992, 0.5651082135509904], "k_pid_yaw": [0.5, 1e-06, 0.1], "k_pid_hsp": [0.33472475227153187, 0.0023485105585385538, 0.0], "k_pid_vsp": [340.72886381753045, 8.865854998471477, 16.30178235233461]}, "datetime": {"datetime": "2025-08-21 14:18:23", "elapsed": 20019.749439239502, "delta": 17.74535584449768}, "costs": {"total_cost": 175.54727481638508, "time_cost": 71.70400000000001, "final_distance_cost": 1.81247885413267, "oscillation_cost": 30.105198226735737, "completition_cost": 0.0, "overshoot_cost": 51.31827484102816, "power_cost": 11.072326916503906, "noise_cost": 9.534995977984604, "n_waypoints_completed": 9, "tot_waypoints": 9}}
{"target": -218.52866600491683, "params": {"k_pid_pos": [1.5731669682230636, 0.0, 0.2421249009919355], "k_pid_alt": [1.081825114608225, 0.0, 0.002035079412797728], "k_pid_att": [17.292664072948234, 0.0001, 0.692908109262384], "k_pid_yaw": [0.5, 1e-06, 0.1], "k_pid_hsp": [0.21198715964765183, 0.004650155512260095, 0.0], "k_pid_vsp": [391.2593062925164, 15.107966005904562, 15.780547762463742]}, "datetime": {"datetime": "2025-08-21 14:18:42", "elapsed": 20038.551198244095, "delta": 18.801759004592896}, "costs": {"total_cost": 218.52866600491683, "time_cost": 80.424, "final_distance_cost": 1.7886622357028, "oscillation_cost": 32.92103974261029, "completition_cost": 0.0, "overshoot_cost": 58.04052219203391, "power_cost": 23.977205773925782, "noise_cost": 21.37723606064403, "n_waypoints_completed": 9, "tot_waypoints": 9}}
{"target": -173.17544669039896, "params": {"k_pid_pos": [1.1056509184306402, 0.0004065460053666194, 0.19191830440270152], "k_pid_alt": [0.9952212729513269, 0.0, 0.009461603047293985], "k_pid_att": [8.55253023519981, 0.0001, 0.6085548152999138], "k_pid_yaw": [0.5, 1e-06, 0.1], "k_pid_hsp": [0.08327036061572346, 0.001580772851402574, 0.0], "k_pid_vsp": [391.7769766550837, 17.704893621202906, 3.866520827942802]}, "datetime": {"datetime": "2025-08-21 14:18:59", "elapsed": 20055.59072804451, "delta": 17.03952980041504}, "costs": {"total_cost": 173.17544669039896, "time_cost": 72.83200000000001, "final_distance_cost": 1.8081274226745663, "oscillation_cost": 25.1114912076996, "completition_cost": 0.0, "overshoot_cost": 52.23175043074982, "power_cost": 10.551133532714845, "noise_cost": 10.640944096560101, "n_waypoints_completed": 9, "tot_waypoints": 9}}
