{"target": -187.4971476160236, "params": {"k_pid_pos": [1.1230509230162613, 0.0, 0.1371854231117034], "k_pid_alt": [1.1352776819320967, 0.0, 0.013574466385500914], "k_pid_att": [16.63493807417831, 0.0001, 0.629653993691396], "k_pid_yaw": [0.5, 1e-06, 0.1], "k_pid_hsp": [0.14869636831997612, 0.003255649906900675, 0.0], "k_pid_vsp": [400.0, 37.47461288931791, 16.096540520687853]}, "datetime": {"datetime": "2025-08-21 16:57:49", "elapsed": 29586.23529458046, "delta": 17.14380121231079}, "costs": {"total_cost": 187.4971476160236, "time_cost": 71.728, "final_distance_cost": 1.790897971992374, "oscillation_cost": 27.59048888739283, "completition_cost": 0.0, "overshoot_cost": 51.78828548885848, "power_cost": 19.86517967529297, "noise_cost": 14.734295592486923, "n_waypoints_completed": 9, "tot_waypoints": 9}}
{"target": -165.89640277381744, "params": {"k_pid_pos": [1.187412277350071, 0.0, 0.14063773866182464], "k_pid_alt": [1.0673531414223243, 0.0, 0.00609910946452722], "k_pid_att": [12.626906021016634, 0.0001, 0.6236287625726432], "k_pid_yaw": [0.5, 1e-06, 0.1], "k_pid_hsp": [0.10313350682753325, 0.0, 0.0], "k_pid_vsp": [400.0, 31.049910777446144, 17.53686998928845]}, "datetime": {"datetime": "2025-08-21 16:58:06", "elapsed": 29602.58237528801, "delta": 16.34708070755005}, "costs": {"total_cost": 165.89640277381744, "time_cost": 71.4, "final_distance_cost": 1.7825444114921436, "oscillation_cost": 26.923076590456482, "completition_cost": 0.0, "overshoot_cost": 51.37092197685047, "power_cost": 7.0173388183593755, "noise_cost": 7.402520976658966, "n_waypoints_completed": 9, "tot_waypoints": 9}}
{"target": -177.7807212735895, "params": {"k_pid_pos": [1.1122398330768566, 0.0, 0.1284052458289851], "k_pid_alt": [1.1988545795515846, 0.0, 0.00666819267435185], "k_pid_att": [15.158616533972662, 0.0001, 0.6748688322346229], "k_pid_yaw": [0.5, 1e-06, 0.1], "k_pid_hsp": [0.12979912440010044, 0.0037112734866956015, 0.0], "k_pid_vsp": [400.0, 68.63317125293091, 7.572733603200001]}, "datetime": {"datetime": "2025-08-21 16:58:23", "elapsed": 29619.88070178032, "delta": 17.29832649230957}, "costs": {"total_cost": 177.7807212735895, "time_cost": 70.456, "final_distance_cost": 1.8009369641475352, "oscillation_cost": 27.533451196538003, "completition_cost": 0.0, "overshoot_cost": 50.9793776292331, "power_cost": 14.662548986816407, "noise_cost": 12.348406496854425, "n_waypoints_completed": 9, "tot_waypoints": 9}}
{"target": -185.91589159640841, "params": {"k_pid_pos": [1.130103732072945, 0.0, 0.12594701614043638], "k_pid_alt": [1.2155443755623419, 0.0, 0.014525854035185306], "k_pid_att": [21.00514674344801, 0.0001, 0.6351152636061388], "k_pid_yaw": [0.5, 1e-06, 0.1], "k_pid_hsp": [0.10965699187537943, 0.0033494292455896217, 0.0], "k_pid_vsp": [400.0, 42.504779865891095, 25.73073779361649]}, "datetime": {"datetime": "2025-08-21 16:58:40", "elapsed": 29637.223875522614, "delta": 17.34317374229431}, "costs": {"total_cost": 185.91589159640841, "time_cost": 72.096, "final_distance_cost": 1.8102054275049952, "oscillation_cost": 27.117646882665653, "completition_cost": 0.0, "overshoot_cost": 52.423392168112564, "power_cost": 18.162804931640625, "noise_cost": 14.305842186484579, "n_waypoints_completed": 9, "tot_waypoints": 9}}
{"target": -175.7671097144013, "params": {"k_pid_pos": [1.115130351481168, 0.0, 0.11592552882758772], "k_pid_alt": [1.3062995984515, 0.0, 0.007367025662473115], "k_pid_att": [28.290026089932404, 0.0001, 0.680739013637369], "k_pid_yaw": [0.5, 1e-06, 0.1], "k_pid_hsp": [0.18812595070435595, 0.00731121820404124, 0.0], "k_pid_vsp": [400.0, 1.1935694750331354, 16.767613256384454]}, "datetime": {"datetime": "2025-08-21 16:58:57", "elapsed": 29653.51981472969, "delta": 16.295939207077026}, "costs": {"total_cost": 175.7671097144013, "time_cost": 70.616, "final_distance_cost": 1.804147010927578, "oscillation_cost": 29.881291026891564, "completition_cost": 0.0, "overshoot_cost": 51.50004572293022, "power_cost": 11.6706712890625, "noise_cost": 10.29495466458942, "n_waypoints_completed": 9, "tot_waypoints": 9}}
{"target": -179.75608311160403, "params": {"k_pid_pos": [1.1646235468118327, 0.0, 0.13714194418670062], "k_pid_alt": [0.7810153915890121, 0.0, 0.0026567103842559964], "k_pid_att": [18.756120915733142, 0.0001, 0.6321090911658759], "k_pid_yaw": [0.5, 1e-06, 0.1], "k_pid_hsp": [0.3739385442800811, 0.0014579114417806911, 0.0], "k_pid_vsp": [395.9668751988238, 25.028048914521747, 26.702094139386276]}, "datetime": {"datetime": "2025-08-21 16:59:15", "elapsed": 29672.015988588333, "delta": 18.496173858642578}, "costs": {"total_cost": 179.75608311160403, "time_cost": 72.392, "final_distance_cost": 1.839740570233016, "oscillation_cost": 29.6924448635644, "completition_cost": 0.0, "overshoot_cost": 51.044578441341656, "power_cost": 13.641830578613282, "noise_cost": 11.145488657851672, "n_waypoints_completed": 9, "tot_waypoints": 9}}
{"target": -182.71727792092767, "params": {"k_pid_pos": [1.1236643472770032, 0.0, 0.11708879568836648], "k_pid_alt": [1.0030637578048565, 0.0, 0.008599836399440263], "k_pid_att": [15.273713070135495, 0.0001, 0.6431860928731586], "k_pid_yaw": [0.5, 1e-06, 0.1], "k_pid_hsp": [0.1279748439702069, 0.003303055389887715, 0.0], "k_pid_vsp": [388.7815652430328, 48.1952215691104, 11.676410942113076]}, "datetime": {"datetime": "2025-08-21 16:59:31", "elapsed": 29688.237510442734, "delta": 16.221521854400635}, "costs": {"total_cost": 182.71727792092767, "time_cost": 70.856, "final_distance_cost": 1.7984384659053205, "oscillation_cost": 28.026783281333547, "completition_cost": 0.0, "overshoot_cost": 50.86716041153901, "power_cost": 17.913183520507815, "noise_cost": 13.255712241641984, "n_waypoints_completed": 9, "tot_waypoints": 9}}
{"target": -174.27709314052197, "params": {"k_pid_pos": [1.1263813454119485, 0.0, 0.13031448408793286], "k_pid_alt": [1.1254738016673984, 0.0, 0.006443242471642036], "k_pid_att": [14.131664997859284, 0.0001, 0.6402027677177519], "k_pid_yaw": [0.5, 1e-06, 0.1], "k_pid_hsp": [0.12433115832009448, 0.002485329511392364, 0.0], "k_pid_vsp": [397.79785155964134, 31.44253438428525, 18.75962859009895]}, "datetime": {"datetime": "2025-08-21 16:59:49", "elapsed": 29706.03036379814, "delta": 17.792853355407715}, "costs": {"total_cost": 174.27709314052197, "time_cost": 70.912, "final_distance_cost": 1.7844437759208571, "oscillation_cost": 27.3199419548976, "completition_cost": 0.0, "overshoot_cost": 51.288845722022984, "power_cost": 12.851687658691407, "noise_cost": 10.120174028989107, "n_waypoints_completed": 9, "tot_waypoints": 9}}
{"target": -182.36447963353947, "params": {"k_pid_pos": [1.1203615681618824, 0.0, 0.16231758999067514], "k_pid_alt": [1.4276156889100964, 0.0, 0.0], "k_pid_att": [20.364365121854146, 0.0001, 0.6332757220130714], "k_pid_yaw": [0.5, 1e-06, 0.1], "k_pid_hsp": [0.22975562841216118, 0.0019549766025702213, 0.0], "k_pid_vsp": [397.5035621780555, 55.10583284603275, 48.09818837791153]}, "datetime": {"datetime": "2025-08-21 17:00:05", "elapsed": 29722.018627643585, "delta": 15.988263845443726}, "costs": {"total_cost": 182.36447963353947, "time_cost": 70.304, "final_distance_cost": 1.8299234386529815, "oscillation_cost": 28.604818373894044, "completition_cost": 0.0, "overshoot_cost": 51.766451242526855, "power_cost": 16.583797998046876, "noise_cost": 13.275488580418724, "n_waypoints_completed": 9, "tot_waypoints": 9}}
{"target": -190.3039050155631, "params": {"k_pid_pos": [1.1444195199909397, 0.0, 0.15953883618553438], "k_pid_alt": [0.3253088319969393, 0.0, 0.013271308058066913], "k_pid_att": [5.118784913651842, 0.0001, 0.6100984318821311], "k_pid_yaw": [0.5, 1e-06, 0.1], "k_pid_hsp": [0.16807342797802322, 0.0033748086790240943, 0.0], "k_pid_vsp": [400.0, 34.6871039236965, 15.370860956845272]}, "datetime": {"datetime": "2025-08-21 17:00:27", "elapsed": 29744.196946144104, "delta": 22.1783185005188}, "costs": {"total_cost": 190.3039050155631, "time_cost": 92.12, "final_distance_cost": 1.8569443438440691, "oscillation_cost": 31.440239615975617, "completition_cost": 0.0, "overshoot_cost": 53.13368958281285, "power_cost": 5.118119873046875, "noise_cost": 6.634911599883682, "n_waypoints_completed": 9, "tot_waypoints": 9}}
{"target": -175.41667389267025, "params": {"k_pid_pos": [1.3984922413168637, 0.0, 0.17407744656218926], "k_pid_alt": [1.1821961190565609, 0.0, 0.0031005433949330766], "k_pid_att": [23.345498420028548, 0.0001, 0.6093354071412517], "k_pid_yaw": [0.5, 1e-06, 0.1], "k_pid_hsp": [0.9731750609614684, 0.0021985070300731945, 0.0], "k_pid_vsp": [397.5993640520323, 28.927105012252312, 33.57863800736605]}, "datetime": {"datetime": "2025-08-21 17:00:45", "elapsed": 29761.46442079544, "delta": 17.26747465133667}, "costs": {"total_cost": 175.41667389267025, "time_cost": 68.808, "final_distance_cost": 1.8103350207813311, "oscillation_cost": 31.8201637782207, "completition_cost": 0.0, "overshoot_cost": 50.1384984486205, "power_cost": 12.050844506835938, "noise_cost": 10.788832138211754, "n_waypoints_completed": 9, "tot_waypoints": 9}}
{"target": -186.65927373425504, "params": {"k_pid_pos": [1.2294714942515668, 0.0, 0.12947323391719523], "k_pid_alt": [1.2501522909129117, 0.0, 0.015053063702988728], "k_pid_att": [26.00303870256467, 0.0001, 0.6363535158844374], "k_pid_yaw": [0.5, 1e-06, 0.1], "k_pid_hsp": [0.23356474378846645, 0.0030303032468388907, 0.0], "k_pid_vsp": [400.0, 43.169804313109914, 45.10631161659645]}, "datetime": {"datetime": "2025-08-21 17:01:01", "elapsed": 29777.56649684906, "delta": 16.102076053619385}, "costs": {"total_cost": 186.65927373425504, "time_cost": 70.728, "final_distance_cost": 1.825815285248333, "oscillation_cost": 30.655036769982775, "completition_cost": 0.0, "overshoot_cost": 51.44535993047697, "power_cost": 18.279850329589845, "noise_cost": 13.725211418957148, "n_waypoints_completed": 9, "tot_waypoints": 9}}
{"target": -193.88324102259128, "params": {"k_pid_pos": [1.2127921255062795, 0.0, 0.11691639113275407], "k_pid_alt": [1.1301310611793964, 0.0, 0.019297894079831943], "k_pid_att": [15.329381170190445, 0.0001, 0.5510870694141543], "k_pid_yaw": [0.5, 1e-06, 0.1], "k_pid_hsp": [0.4511578660045862, 0.0, 0.0], "k_pid_vsp": [400.0, 45.1320923402734, 18.1745970549038]}, "datetime": {"datetime": "2025-08-21 17:01:19", "elapsed": 29795.811863422394, "delta": 18.24536657333374}, "costs": {"total_cost": 193.88324102259128, "time_cost": 70.28, "final_distance_cost": 1.8359221254829303, "oscillation_cost": 30.817356726675442, "completition_cost": 0.0, "overshoot_cost": 50.67354800461328, "power_cost": 23.521409741210938, "noise_cost": 16.755004424608703, "n_waypoints_completed": 9, "tot_waypoints": 9}}
{"target": -179.21142786017666, "params": {"k_pid_pos": [1.1317453189809996, 0.0, 0.1363037173531744], "k_pid_alt": [1.2047621948888407, 0.0, 0.01617961614423048], "k_pid_att": [15.637816964702118, 0.0001, 0.503071966816902], "k_pid_yaw": [0.5, 1e-06, 0.1], "k_pid_hsp": [0.26873576248617836, 0.0033357834955416773, 0.0], "k_pid_vsp": [400.0, 58.55112720231171, 19.222957458241897]}, "datetime": {"datetime": "2025-08-21 17:01:35", "elapsed": 29811.79840040207, "delta": 15.986536979675293}, "costs": {"total_cost": 179.21142786017666, "time_cost": 69.896, "final_distance_cost": 1.825182355933465, "oscillation_cost": 29.620102344258218, "completition_cost": 0.0, "overshoot_cost": 50.86857621459436, "power_cost": 14.796929028320314, "noise_cost": 12.20463791707031, "n_waypoints_completed": 9, "tot_waypoints": 9}}
{"target": -164.26083079093306, "params": {"k_pid_pos": [1.1269630853920187, 0.0, 0.1311936508399678], "k_pid_alt": [1.157814278760347, 0.0, 0.016595212064133502], "k_pid_att": [17.38572552822338, 0.0001, 0.6310172236305537], "k_pid_yaw": [0.5, 1e-06, 0.1], "k_pid_hsp": [0.11791168581558163, 0.0064761031709057865, 0.0], "k_pid_vsp": [399.94170152085115, 23.606029709484957, 16.04318952298339]}, "datetime": {"datetime": "2025-08-21 17:01:52", "elapsed": 29829.15615415573, "delta": 17.35775375366211}, "costs": {"total_cost": 164.26083079093306, "time_cost": 70.728, "final_distance_cost": 1.7745674152733655, "oscillation_cost": 28.6297750117906, "completition_cost": 0.0, "overshoot_cost": 50.70092927680156, "power_cost": 6.105673278808594, "noise_cost": 6.3218858082589495, "n_waypoints_completed": 9, "tot_waypoints": 9}}
{"target": -190.93675578736804, "params": {"k_pid_pos": [1.1071578196209653, 0.0, 0.13355510200667087], "k_pid_alt": [0.8774705658343187, 0.0, 0.011434236517344942], "k_pid_att": [9.955963268861977, 0.0001, 0.6891750103715096], "k_pid_yaw": [0.5, 1e-06, 0.1], "k_pid_hsp": [0.16051299026134389, 0.007882192519394895, 0.0], "k_pid_vsp": [397.7631554913512, 27.428019380201697, 12.579508395000559]}, "datetime": {"datetime": "2025-08-21 17:02:09", "elapsed": 29845.480581998825, "delta": 16.324427843093872}, "costs": {"total_cost": 190.93675578736804, "time_cost": 71.76, "final_distance_cost": 1.8261818285153875, "oscillation_cost": 28.447811696732366, "completition_cost": 0.0, "overshoot_cost": 50.89931474910456, "power_cost": 21.999398291015627, "noise_cost": 16.00404922200009, "n_waypoints_completed": 9, "tot_waypoints": 9}}
{"target": -175.80945555772254, "params": {"k_pid_pos": [1.1234502121491463, 0.0, 0.1391710016323262], "k_pid_alt": [1.1947231417734872, 0.0, 0.015863394024166085], "k_pid_att": [15.25614353264006, 0.0001, 0.6365308369485851], "k_pid_yaw": [0.5, 1e-06, 0.1], "k_pid_hsp": [0.12747700826503283, 0.0033921691447385874, 0.0], "k_pid_vsp": [400.0, 43.9570420655274, 18.75089144882737]}, "datetime": {"datetime": "2025-08-21 17:02:26", "elapsed": 29862.814387321472, "delta": 17.333805322647095}, "costs": {"total_cost": 175.80945555772254, "time_cost": 70.512, "final_distance_cost": 1.8155661562389078, "oscillation_cost": 27.456392327399332, "completition_cost": 0.0, "overshoot_cost": 51.55028197230302, "power_cost": 13.596386218261719, "noise_cost": 10.878828883519558, "n_waypoints_completed": 9, "tot_waypoints": 9}}
{"target": -176.40426382522298, "params": {"k_pid_pos": [1.1115318535042171, 0.0, 0.0], "k_pid_alt": [0.8574140685198602, 0.0, 0.003504218054021409], "k_pid_att": [21.91508394711302, 0.0001, 0.36061363564692706], "k_pid_yaw": [0.5, 1e-06, 0.1], "k_pid_hsp": [0.17955203657973873, 0.01791271081218209, 0.0], "k_pid_vsp": [387.18419584071205, 32.360400670673975, 25.78839993501793]}, "datetime": {"datetime": "2025-08-21 17:02:43", "elapsed": 29879.935606002808, "delta": 17.12121868133545}, "costs": {"total_cost": 176.40426382522298, "time_cost": 71.128, "final_distance_cost": 1.7814913759559179, "oscillation_cost": 30.43066509374981, "completition_cost": 0.0, "overshoot_cost": 50.80829427104994, "power_cost": 11.94434803466797, "noise_cost": 10.31146504979936, "n_waypoints_completed": 9, "tot_waypoints": 9}}
{"target": -190.37048547197426, "params": {"k_pid_pos": [1.1410220979230814, 0.0, 0.13713168858013802], "k_pid_alt": [1.0288170800251448, 0.0, 0.018386065651006755], "k_pid_att": [30.233115405120152, 0.0001, 0.6012859668754564], "k_pid_yaw": [0.5, 1e-06, 0.1], "k_pid_hsp": [0.3201489385408808, 0.0034214757956038456, 0.0], "k_pid_vsp": [400.0, 46.92175929267222, 17.7039444506196]}, "datetime": {"datetime": "2025-08-21 17:02:59", "elapsed": 29895.759942293167, "delta": 15.824336290359497}, "costs": {"total_cost": 190.37048547197426, "time_cost": 71.57600000000001, "final_distance_cost": 1.8328029417014844, "oscillation_cost": 30.178212421495303, "completition_cost": 0.0, "overshoot_cost": 51.22358619069282, "power_cost": 20.310323645019533, "noise_cost": 15.249560273065095, "n_waypoints_completed": 9, "tot_waypoints": 9}}
{"target": -190.94648837905143, "params": {"k_pid_pos": [1.1218217265087715, 0.0, 0.10437741574699325], "k_pid_alt": [1.0819254249600982, 0.0, 0.01450027661137493], "k_pid_att": [13.97568498755389, 0.0001, 0.7017116780285567], "k_pid_yaw": [0.5, 1e-06, 0.1], "k_pid_hsp": [0.4646072054814621, 0.002652986127021524, 0.0], "k_pid_vsp": [399.86687291810694, 61.96152459607399, 17.724615616692365]}, "datetime": {"datetime": "2025-08-21 17:03:16", "elapsed": 29912.971884012222, "delta": 17.211941719055176}, "costs": {"total_cost": 190.94648837905143, "time_cost": 70.44, "final_distance_cost": 1.844135034829645, "oscillation_cost": 30.93657264341227, "completition_cost": 0.0, "overshoot_cost": 50.84647424980166, "power_cost": 21.20185876464844, "noise_cost": 15.677447686359427, "n_waypoints_completed": 9, "tot_waypoints": 9}}
{"target": -180.13019334178463, "params": {"k_pid_pos": [1.274626522868298, 0.0, 0.13355766808237446], "k_pid_alt": [1.2076792510878203, 0.0, 0.015747939128032323], "k_pid_att": [19.60479850952477, 0.0001, 0.7227467102017715], "k_pid_yaw": [0.5, 1e-06, 0.1], "k_pid_hsp": [0.5456513523597846, 0.0032786975483582803, 0.0], "k_pid_vsp": [400.0, 41.079575763060916, 19.555085247852432]}, "datetime": {"datetime": "2025-08-21 17:03:32", "elapsed": 29928.815593004227, "delta": 15.843708992004395}, "costs": {"total_cost": 180.13019334178463, "time_cost": 69.92, "final_distance_cost": 1.8408689946652, "oscillation_cost": 31.943730273142627, "completition_cost": 0.0, "overshoot_cost": 50.4837779415898, "power_cost": 14.27890936279297, "noise_cost": 11.662906769594027, "n_waypoints_completed": 9, "tot_waypoints": 9}}
{"target": -185.9080355432653, "params": {"k_pid_pos": [1.1256771153971603, 0.0, 0.14411125658983087], "k_pid_alt": [1.1919198136497007, 0.0, 0.01832079881177503], "k_pid_att": [14.192138906693772, 0.0001, 0.5988746547031039], "k_pid_yaw": [0.5, 1e-06, 0.1], "k_pid_hsp": [0.11608968214460548, 0.0027462641070260733, 0.0], "k_pid_vsp": [400.0, 46.580203663521324, 17.195848198814048]}, "datetime": {"datetime": "2025-08-21 17:03:49", "elapsed": 29945.80414915085, "delta": 16.988556146621704}, "costs": {"total_cost": 185.9080355432653, "time_cost": 70.568, "final_distance_cost": 1.7903216976870953, "oscillation_cost": 27.335968480091918, "completition_cost": 0.0, "overshoot_cost": 51.168667156985656, "power_cost": 20.018064855957032, "noise_cost": 15.02701335254361, "n_waypoints_completed": 9, "tot_waypoints": 9}}
{"target": -192.98561129160493, "params": {"k_pid_pos": [1.3657303250202897, 0.0, 0.10062531312641916], "k_pid_alt": [1.2698014613752389, 0.0, 0.013277734893624589], "k_pid_att": [15.178816952350942, 0.0001, 0.6446623537800873], "k_pid_yaw": [0.5, 1e-06, 0.1], "k_pid_hsp": [0.1340195333699955, 0.0029167011907554087, 0.0], "k_pid_vsp": [400.0, 46.855815281296984, 22.529972123343775]}, "datetime": {"datetime": "2025-08-21 17:04:06", "elapsed": 29962.65217757225, "delta": 16.848028421401978}, "costs": {"total_cost": 192.98561129160493, "time_cost": 70.696, "final_distance_cost": 1.7577589479258635, "oscillation_cost": 29.59110165724475, "completition_cost": 0.0, "overshoot_cost": 51.79677315130828, "power_cost": 22.862502758789063, "noise_cost": 16.281474776336957, "n_waypoints_completed": 9, "tot_waypoints": 9}}
{"target": -185.3090595850473, "params": {"k_pid_pos": [1.2123376042078027, 3.4324821807549073e-05, 0.15374410647757858], "k_pid_alt": [1.116947775448972, 0.0, 0.014287310519127265], "k_pid_att": [14.781449525143554, 0.0001, 0.6155804538781054], "k_pid_yaw": [0.5, 1e-06, 0.1], "k_pid_hsp": [0.09082992409988178, 0.003667536071508108, 0.0], "k_pid_vsp": [394.39886795246093, 23.232688682960315, 22.218960496699268]}, "datetime": {"datetime": "2025-08-21 17:04:24", "elapsed": 29980.50888609886, "delta": 17.856708526611328}, "costs": {"total_cost": 185.3090595850473, "time_cost": 72.792, "final_distance_cost": 1.767823015045974, "oscillation_cost": 27.26482093481652, "completition_cost": 0.0, "overshoot_cost": 52.95655517092973, "power_cost": 17.365697998046876, "noise_cost": 13.162162466208201, "n_waypoints_completed": 9, "tot_waypoints": 9}}
{"target": -179.40343160539192, "params": {"k_pid_pos": [1.1252931427931894, 0.0, 0.09897571924121779], "k_pid_alt": [1.1148771993995132, 0.0, 0.01565261542576567], "k_pid_att": [15.31849325129799, 0.0001, 0.6298462709647838], "k_pid_yaw": [0.5, 1e-06, 0.1], "k_pid_hsp": [0.1412948129645013, 0.003479832210556635, 0.0], "k_pid_vsp": [388.9266722286455, 74.73526331045939, 15.803676479846843]}, "datetime": {"datetime": "2025-08-21 17:04:40", "elapsed": 29997.239381313324, "delta": 16.73049521446228}, "costs": {"total_cost": 179.40343160539192, "time_cost": 69.8, "final_distance_cost": 1.8187797988567362, "oscillation_cost": 28.436167829865468, "completition_cost": 0.0, "overshoot_cost": 50.22522065354466, "power_cost": 16.270554638671875, "noise_cost": 12.852708684453168, "n_waypoints_completed": 9, "tot_waypoints": 9}}
{"target": -170.97145411931677, "params": {"k_pid_pos": [1.1079515878830424, 0.0, 0.13206385128119208], "k_pid_alt": [1.3809818098261004, 0.0, 0.015925806222501247], "k_pid_att": [14.69258004299172, 0.01137945555763381, 0.6308378187462259], "k_pid_yaw": [0.5, 1e-06, 0.1], "k_pid_hsp": [0.40897856972842034, 0.004167236426699596, 0.0], "k_pid_vsp": [400.0, 45.000028743458756, 18.597878956840816]}, "datetime": {"datetime": "2025-08-21 17:04:57", "elapsed": 30013.55938410759, "delta": 16.320002794265747}, "costs": {"total_cost": 170.97145411931677, "time_cost": 71.112, "final_distance_cost": 1.8366923782910196, "oscillation_cost": 30.26633028447326, "completition_cost": 0.0, "overshoot_cost": 50.912707157756316, "power_cost": 8.469812280273437, "noise_cost": 8.373912018522754, "n_waypoints_completed": 9, "tot_waypoints": 9}}
