{"target": -207.35521449528784, "params": {"k_pid_pos": [2.0, 0.0, 0.0], "k_pid_alt": [0.35751598186130096, 0.0287346615967944, 0.1074405483379682], "k_pid_att": [16.971095471661492, 0.0001, 0.016569099049785388], "k_pid_yaw": [0.5, 1e-06, 0.1], "k_pid_hsp": [0.7736991881178981, 0.0, 0.0], "k_pid_vsp": [350.97694969859185, 1e-06, 21.07988349231135]}, "datetime": {"datetime": "2025-08-21 10:06:53", "elapsed": 4930.132616043091, "delta": 22.52850890159607}, "costs": {"total_cost": 207.35521449528784, "time_cost": 87.44, "final_distance_cost": 1.8023848394208017, "oscillation_cost": 51.71872705008539, "completition_cost": 0.0, "overshoot_cost": 53.47914854517612, "power_cost": 6.021302929687501, "noise_cost": 6.893651130918049, "n_waypoints_completed": 9, "tot_waypoints": 9}}
{"target": -208.68512837626764, "params": {"k_pid_pos": [1.3373879860785565, 0.0, 0.2528583500599704], "k_pid_alt": [0.3508188979460498, 0.3173903235692456, 0.0], "k_pid_att": [35.17447041304349, 1.057642138824706, 0.09361770708827961], "k_pid_yaw": [0.5, 1e-06, 0.1], "k_pid_hsp": [0.7347096835910065, 0.02073528564602463, 0.0], "k_pid_vsp": [374.10263325776623, 27.55715629983248, 28.951777927673486]}, "datetime": {"datetime": "2025-08-21 10:07:19", "elapsed": 4956.043440580368, "delta": 25.91082453727722}, "costs": {"total_cost": 208.68512837626764, "time_cost": 89.688, "final_distance_cost": 1.7144509560529293, "oscillation_cost": 37.91807624728391, "completition_cost": 0.0, "overshoot_cost": 55.897453757020024, "power_cost": 12.652971655273438, "noise_cost": 10.814175760637342, "n_waypoints_completed": 9, "tot_waypoints": 9}}
{"target": -175.21784653401986, "params": {"k_pid_pos": [1.3614079336649765, 0.0, 0.0], "k_pid_alt": [0.9167377046950146, 0.0, 0.0], "k_pid_att": [27.080086701293588, 0.07045905853135502, 0.27495435380579863], "k_pid_yaw": [0.5, 1e-06, 0.1], "k_pid_hsp": [1.4109635785968637, 0.0, 0.0], "k_pid_vsp": [188.02970550107355, 26.259628283970603, 1e-06]}, "datetime": {"datetime": "2025-08-21 10:07:41", "elapsed": 4978.251804351807, "delta": 22.2083637714386}, "costs": {"total_cost": 175.21784653401986, "time_cost": 69.888, "final_distance_cost": 1.7992662006360034, "oscillation_cost": 32.926051998947514, "completition_cost": 0.0, "overshoot_cost": 50.133790180731914, "power_cost": 10.188922814941407, "noise_cost": 10.28181533876302, "n_waypoints_completed": 9, "tot_waypoints": 9}}
{"target": -360.44415821246935, "params": {"k_pid_pos": [1.404556953930795, 0.0, 0.24051762770425833], "k_pid_alt": [0.679045163989489, 0.05484230757979358, 0.016545714277532486], "k_pid_att": [30.839221955460417, 0.23698198752683475, 0.08825959875477075], "k_pid_yaw": [0.5, 1e-06, 0.1], "k_pid_hsp": [4.401345250616768, 0.8192837487448569, 0.7121259310468625], "k_pid_vsp": [356.8904523493223, 84.88016468343491, 127.46403226668114]}, "datetime": {"datetime": "2025-08-21 10:08:08", "elapsed": 5004.986532211304, "delta": 26.73472785949707}, "costs": {"total_cost": 360.44415821246935, "time_cost": 92.336, "final_distance_cost": 1.7680690883569983, "oscillation_cost": 179.96512365794965, "completition_cost": 0.0, "overshoot_cost": 55.497824220904874, "power_cost": 17.549781579589844, "noise_cost": 13.327359665668029, "n_waypoints_completed": 9, "tot_waypoints": 9}}
{"target": -1187.300225556874, "params": {"k_pid_pos": [0.9977340636835031, 0.0, 0.0], "k_pid_alt": [0.4371014694608448, 0.0, 0.0], "k_pid_att": [39.25264532139191, 0.8249417427511447, 0.2486247988031223], "k_pid_yaw": [0.5, 1e-06, 0.1], "k_pid_hsp": [0.0001, 0.0, 0.0], "k_pid_vsp": [228.57671606311453, 35.31946392479447, 1e-06]}, "datetime": {"datetime": "2025-08-21 10:08:39", "elapsed": 5036.155410289764, "delta": 31.168878078460693}, "costs": {"total_cost": 1187.300225556874, "time_cost": 150, "final_distance_cost": 46.01290787628927, "oscillation_cost": 0.008410390909284025, "completition_cost": 888.8888888888888, "overshoot_cost": 78.28390137577519, "power_cost": 11.763076904296875, "noise_cost": 12.343040120714427, "n_waypoints_completed": 1, "tot_waypoints": 9}}
{"target": -182.90006266918806, "params": {"k_pid_pos": [1.5372279569827745, 0.0, 0.0], "k_pid_alt": [0.7722974815276257, 0.0, 0.0], "k_pid_att": [44.21397606986694, 0.0001, 0.31179796166767226], "k_pid_yaw": [0.5, 1e-06, 0.1], "k_pid_hsp": [0.35736939239652443, 0.0, 0.0], "k_pid_vsp": [330.73216335166467, 1e-06, 1e-06]}, "datetime": {"datetime": "2025-08-21 10:08:58", "elapsed": 5054.838968753815, "delta": 18.683558464050293}, "costs": {"total_cost": 182.90006266918806, "time_cost": 72.416, "final_distance_cost": 1.7736978463505073, "oscillation_cost": 32.20045332416358, "completition_cost": 0.0, "overshoot_cost": 51.02501562477745, "power_cost": 13.56694140625, "noise_cost": 11.91795446764651, "n_waypoints_completed": 9, "tot_waypoints": 9}}
{"target": -1197.2337182741726, "params": {"k_pid_pos": [1.3395252854176092, 0.325314574709177, 0.603350406969896], "k_pid_alt": [0.887622583305368, 0.0, 0.0], "k_pid_att": [28.476324351126845, 0.0001, 0.32150291087558047], "k_pid_yaw": [0.5, 1e-06, 0.1], "k_pid_hsp": [0.0001, 0.029517236735558186, 0.0], "k_pid_vsp": [400.0, 22.991618315318963, 29.497648045452543]}, "datetime": {"datetime": "2025-08-21 10:09:23", "elapsed": 5080.290235519409, "delta": 25.451266765594482}, "costs": {"total_cost": 1197.2337182741726, "time_cost": 150, "final_distance_cost": 67.98727455141807, "oscillation_cost": 14.320809736678358, "completition_cost": 888.8888888888888, "overshoot_cost": 67.20100872700571, "power_cost": 3.345841589355469, "noise_cost": 5.489894780826209, "n_waypoints_completed": 1, "tot_waypoints": 9}}
{"target": -1164.9398027967607, "params": {"k_pid_pos": [1.1456520163399595, 0.0, 0.0], "k_pid_alt": [0.8089547669290047, 0.0, 0.025246071351872096], "k_pid_att": [45.323015720606634, 0.09374830575009763, 0.26173819611414745], "k_pid_yaw": [0.5, 1e-06, 0.1], "k_pid_hsp": [0.0001, 0.04151302972704114, 0.0], "k_pid_vsp": [313.94185950632465, 164.42254280808157, 1e-06]}, "datetime": {"datetime": "2025-08-21 10:09:56", "elapsed": 5112.958513975143, "delta": 32.66827845573425}, "costs": {"total_cost": 1164.9398027967607, "time_cost": 150, "final_distance_cost": 95.65397656959293, "oscillation_cost": 22.316437120360824, "completition_cost": 777.7777777777778, "overshoot_cost": 75.09642803371835, "power_cost": 25.46892958984375, "noise_cost": 18.626253705466713, "n_waypoints_completed": 2, "tot_waypoints": 9}}
{"target": -197.50940120321107, "params": {"k_pid_pos": [1.3094303227253186, 0.0, 0.0], "k_pid_alt": [0.47467893107667103, 0.0, 0.016295339022087706], "k_pid_att": [51.87960579407124, 0.3241574502494007, 0.14831106203199346], "k_pid_yaw": [0.5, 1e-06, 0.1], "k_pid_hsp": [0.6860653141406354, 0.032775701230863374, 0.0], "k_pid_vsp": [400.0, 163.64189324844378, 1e-06]}, "datetime": {"datetime": "2025-08-21 10:10:14", "elapsed": 5131.2195563316345, "delta": 18.26104235649109}, "costs": {"total_cost": 197.50940120321107, "time_cost": 74.872, "final_distance_cost": 1.7661235534327517, "oscillation_cost": 35.00010744448668, "completition_cost": 0.0, "overshoot_cost": 50.814206664210104, "power_cost": 18.823266577148438, "noise_cost": 16.233696963933085, "n_waypoints_completed": 9, "tot_waypoints": 9}}
{"target": -184.744203423889, "params": {"k_pid_pos": [0.9851263262126855, 0.047886650222918936, 0.0], "k_pid_alt": [0.8325813598913466, 0.0, 0.0], "k_pid_att": [55.3660979139105, 0.0001, 0.0], "k_pid_yaw": [0.5, 1e-06, 0.1], "k_pid_hsp": [0.13320457057741447, 0.0, 0.0], "k_pid_vsp": [346.47657791943664, 1e-06, 1e-06]}, "datetime": {"datetime": "2025-08-21 10:10:38", "elapsed": 5154.4373598098755, "delta": 23.217803478240967}, "costs": {"total_cost": 184.744203423889, "time_cost": 73.36, "final_distance_cost": 1.7728584771339235, "oscillation_cost": 29.989643728191467, "completition_cost": 0.0, "overshoot_cost": 52.1407432356145, "power_cost": 14.789949975585937, "noise_cost": 12.691008007363166, "n_waypoints_completed": 9, "tot_waypoints": 9}}
{"target": -183.10465821377633, "params": {"k_pid_pos": [1.3083061436989984, 0.06026483624076173, 0.20586403371272163], "k_pid_alt": [0.7510807095118563, 0.0, 0.0], "k_pid_att": [34.00163389453632, 1.573965322012746, 0.42540215226688616], "k_pid_yaw": [0.5, 1e-06, 0.1], "k_pid_hsp": [0.21453562056021513, 0.01369421492492278, 0.0], "k_pid_vsp": [400.0, 20.083171160089023, 22.494609850859668]}, "datetime": {"datetime": "2025-08-21 10:10:59", "elapsed": 5175.627236366272, "delta": 21.189876556396484}, "costs": {"total_cost": 183.10465821377633, "time_cost": 73.60000000000001, "final_distance_cost": 1.8020981475261664, "oscillation_cost": 31.472168502705063, "completition_cost": 0.0, "overshoot_cost": 51.097267474471856, "power_cost": 13.948387854003906, "noise_cost": 11.184736235069362, "n_waypoints_completed": 9, "tot_waypoints": 9}}
{"target": -179.47963682802362, "params": {"k_pid_pos": [1.2954518126189778, 0.0, 0.2076830105221173], "k_pid_alt": [1.142965127661593, 0.0, 0.0], "k_pid_att": [65.84851506061408, 0.0001, 0.7848513016555294], "k_pid_yaw": [0.5, 1e-06, 0.1], "k_pid_hsp": [0.5155955348602814, 0.0, 0.0], "k_pid_vsp": [400.0, 1e-06, 17.51989499339286]}, "datetime": {"datetime": "2025-08-21 10:11:17", "elapsed": 5193.557753562927, "delta": 17.930517196655273}, "costs": {"total_cost": 179.47963682802362, "time_cost": 72.032, "final_distance_cost": 1.8351665326054871, "oscillation_cost": 33.205523167333794, "completition_cost": 0.0, "overshoot_cost": 51.90625934007354, "power_cost": 10.425993969726562, "noise_cost": 10.07469381828423, "n_waypoints_completed": 9, "tot_waypoints": 9}}
{"target": -283.79388303122204, "params": {"k_pid_pos": [1.1731066457710162, 0.02950851749657704, 0.0], "k_pid_alt": [0.9774435112634979, 0.021844917718790074, 0.05675059803509543], "k_pid_att": [23.331853157100625, 0.008782777973123546, 0.10402709500662938], "k_pid_yaw": [0.5, 1e-06, 0.1], "k_pid_hsp": [0.0001, 0.2775028560962395, 0.050763006113061414], "k_pid_vsp": [327.46458395967767, 28.517277580301016, 39.093860262266375]}, "datetime": {"datetime": "2025-08-21 10:11:44", "elapsed": 5220.5303864479065, "delta": 26.972632884979248}, "costs": {"total_cost": 283.79388303122204, "time_cost": 91.06400000000001, "final_distance_cost": 1.7040095039500904, "oscillation_cost": 97.02990866721784, "completition_cost": 0.0, "overshoot_cost": 61.06660872535628, "power_cost": 17.92229831542969, "noise_cost": 15.007057819268114, "n_waypoints_completed": 9, "tot_waypoints": 9}}
{"target": -1212.7007357246353, "params": {"k_pid_pos": [1.5516674847056873, 0.0, 0.0], "k_pid_alt": [0.8483823483490075, 0.0, 0.0], "k_pid_att": [58.1971746225958, 0.22510299535361927, 0.10058439759080172], "k_pid_yaw": [0.5, 1e-06, 0.1], "k_pid_hsp": [0.0001, 0.0, 0.0], "k_pid_vsp": [400.0, 1e-06, 1e-06]}, "datetime": {"datetime": "2025-08-21 10:12:10", "elapsed": 5247.052371501923, "delta": 26.521985054016113}, "costs": {"total_cost": 1212.7007357246353, "time_cost": 150, "final_distance_cost": 46.5933101974413, "oscillation_cost": 4.868434461595299, "completition_cost": 888.8888888888888, "overshoot_cost": 84.19357195460155, "power_cost": 21.349670837402346, "noise_cost": 16.806859384705955, "n_waypoints_completed": 1, "tot_waypoints": 9}}
{"target": -1116.070297340319, "params": {"k_pid_pos": [0.7084851417966666, 0.0, 0.0], "k_pid_alt": [0.6284651909537776, 0.01692352371091419, 0.028901154373935513], "k_pid_att": [98.41780246352, 0.17163546009764652, 0.20264785305817076], "k_pid_yaw": [0.5, 1e-06, 0.1], "k_pid_hsp": [0.0001, 0.028556253179297088, 0.0], "k_pid_vsp": [400.0, 12.091181813351513, 26.747851129836807]}, "datetime": {"datetime": "2025-08-21 10:12:39", "elapsed": 5276.2576813697815, "delta": 29.205309867858887}, "costs": {"total_cost": 1116.070297340319, "time_cost": 150, "final_distance_cost": 66.40525311761859, "oscillation_cost": 24.286568842691192, "completition_cost": 777.7777777777778, "overshoot_cost": 66.90378914896382, "power_cost": 17.106094970703126, "noise_cost": 13.590813482564242, "n_waypoints_completed": 2, "tot_waypoints": 9}}
{"target": -184.88109567597846, "params": {"k_pid_pos": [1.0844587620991275, 0.0, 0.0], "k_pid_alt": [0.8641305719123014, 0.0, 0.0], "k_pid_att": [35.81683466355463, 0.661470571217415, 0.0], "k_pid_yaw": [0.5, 1e-06, 0.1], "k_pid_hsp": [1.3306880219943422, 0.05994971043967741, 0.0], "k_pid_vsp": [360.7069002342647, 120.47239380743366, 1e-06]}, "datetime": {"datetime": "2025-08-21 10:13:01", "elapsed": 5297.550848245621, "delta": 21.293166875839233}, "costs": {"total_cost": 184.88109567597846, "time_cost": 69.976, "final_distance_cost": 1.8417940716530297, "oscillation_cost": 42.6333739599696, "completition_cost": 0.0, "overshoot_cost": 49.4748769718716, "power_cost": 10.494657092285157, "noise_cost": 10.460393580199042, "n_waypoints_completed": 9, "tot_waypoints": 9}}
{"target": -1127.2860573765752, "params": {"k_pid_pos": [1.047411778508866, 0.0, 0.0], "k_pid_alt": [0.8421150400856388, 0.01911088154426038, 0.0], "k_pid_att": [21.270384717323903, 2.1347139361761105, 0.30908321594950805], "k_pid_yaw": [0.5, 1e-06, 0.1], "k_pid_hsp": [0.5639384413402428, 0.03778162622470138, 0.5493487332829534], "k_pid_vsp": [298.23182502374516, 2.8495021922242643, 150.91164226041556]}, "datetime": {"datetime": "2025-08-21 10:13:27", "elapsed": 5324.052181482315, "delta": 26.501333236694336}, "costs": {"total_cost": 1127.2860573765752, "time_cost": 150, "final_distance_cost": 49.94617445083787, "oscillation_cost": 285.62369113871193, "completition_cost": 555.5555555555555, "overshoot_cost": 54.074618717723325, "power_cost": 18.262380969238283, "noise_cost": 13.823636544508165, "n_waypoints_completed": 4, "tot_waypoints": 9}}
{"target": -647.2016703081923, "params": {"k_pid_pos": [1.6622331600745175, 0.0, 0.1743461021941351], "k_pid_alt": [0.7225817881464698, 0.0, 0.0], "k_pid_att": [14.250227619097265, 0.9017844982422063, 0.36584317882376616], "k_pid_yaw": [0.5, 1e-06, 0.1], "k_pid_hsp": [0.11787946439746841, 0.31516933121042245, 0.0], "k_pid_vsp": [339.5293903979602, 34.05826259513588, 29.17681259360166]}, "datetime": {"datetime": "2025-08-21 10:13:57", "elapsed": 5354.285899400711, "delta": 30.233717918395996}, "costs": {"total_cost": 647.2016703081923, "time_cost": 150, "final_distance_cost": 60.03205053720778, "oscillation_cost": 96.4358230393033, "completition_cost": 222.2222222222222, "overshoot_cost": 61.35788566563167, "power_cost": 30.503262646484377, "noise_cost": 26.650426197343002, "n_waypoints_completed": 7, "tot_waypoints": 9}}
{"target": -181.39301576438447, "params": {"k_pid_pos": [1.0977105392260036, 0.0, 0.0], "k_pid_alt": [0.7582372812033855, 0.0, 0.0], "k_pid_att": [35.33042814195163, 0.1840803628975173, 0.34922867539684715], "k_pid_yaw": [0.5, 1e-06, 0.1], "k_pid_hsp": [1.1494586204678439, 0.0, 0.0], "k_pid_vsp": [197.47679301434687, 1e-06, 0.9318754943085626]}, "datetime": {"datetime": "2025-08-21 10:14:21", "elapsed": 5377.621314287186, "delta": 23.33541488647461}, "costs": {"total_cost": 181.39301576438447, "time_cost": 72.752, "final_distance_cost": 1.8366234163084802, "oscillation_cost": 31.408390833421993, "completition_cost": 0.0, "overshoot_cost": 51.229805704026525, "power_cost": 12.48236033935547, "noise_cost": 11.683835471271996, "n_waypoints_completed": 9, "tot_waypoints": 9}}
{"target": -2675.882529194771, "params": {"k_pid_pos": [0.9205903734150243, 0.0, 0.0], "k_pid_alt": [1.4712907162803703, 0.09079879347860029, 0.2783992110441147], "k_pid_att": [44.200981901744086, 4.614054073315803, 0.13271749632664803], "k_pid_yaw": [0.5, 1e-06, 0.1], "k_pid_hsp": [0.0001, 0.05252332535337335, 0.672800345542081], "k_pid_vsp": [363.21336187953546, 317.11580817494826, 1e-06]}, "datetime": {"datetime": "2025-08-21 10:14:48", "elapsed": 5405.191712379456, "delta": 27.570398092269897}, "costs": {"total_cost": 2675.882529194771, "time_cost": 150, "final_distance_cost": 595.3646511426286, "oscillation_cost": 197.6085754951569, "completition_cost": 888.8888888888888, "overshoot_cost": 806.6327299217985, "power_cost": 20.83840906982422, "noise_cost": 16.54927467647415, "n_waypoints_completed": 1, "tot_waypoints": 9}}
{"target": -196.89116600743188, "params": {"k_pid_pos": [1.6519512930605609, 0.0, 0.0], "k_pid_alt": [0.6683130443469854, 0.0, 0.0], "k_pid_att": [39.93964204730141, 0.0001, 0.5406815815099062], "k_pid_yaw": [0.5, 1e-06, 0.1], "k_pid_hsp": [0.4325133345147419, 0.0, 0.0], "k_pid_vsp": [326.3216043051014, 41.64473865604861, 42.911977576211626]}, "datetime": {"datetime": "2025-08-21 10:15:06", "elapsed": 5423.248554229736, "delta": 18.05684185028076}, "costs": {"total_cost": 196.89116600743188, "time_cost": 71.792, "final_distance_cost": 1.8107326985404235, "oscillation_cost": 36.50674186886295, "completition_cost": 0.0, "overshoot_cost": 51.03645729889962, "power_cost": 20.86670050048828, "noise_cost": 14.8785336406406, "n_waypoints_completed": 9, "tot_waypoints": 9}}
{"target": -777.4615306723338, "params": {"k_pid_pos": [1.4671176171462452, 0.0, 0.0], "k_pid_alt": [0.3395352966020215, 0.0, 0.06488686902955287], "k_pid_att": [41.90409824755497, 0.0001, 0.3371475153231722], "k_pid_yaw": [0.5, 1e-06, 0.1], "k_pid_hsp": [0.0001, 0.38793464975856473, 0.24172409981234247], "k_pid_vsp": [391.76561738802013, 52.327768337830804, 1e-06]}, "datetime": {"datetime": "2025-08-21 10:15:36", "elapsed": 5452.841614723206, "delta": 29.59306049346924}, "costs": {"total_cost": 777.4615306723338, "time_cost": 150, "final_distance_cost": 59.36888149766532, "oscillation_cost": 116.26017028553875, "completition_cost": 333.33333333333337, "overshoot_cost": 68.91447490070581, "power_cost": 27.55895001220703, "noise_cost": 22.025720642883492, "n_waypoints_completed": 6, "tot_waypoints": 9}}
{"target": -785.1027335681173, "params": {"k_pid_pos": [0.5072307492124208, 0.0, 0.0], "k_pid_alt": [0.8052945381844113, 0.1280367092926497, 0.09106150919174216], "k_pid_att": [61.04476598319252, 5.5093391899331685, 0.42150272992683285], "k_pid_yaw": [0.5, 1e-06, 0.1], "k_pid_hsp": [0.5012305108560946, 0.15604880166548613, 0.1849886212203113], "k_pid_vsp": [294.34625814640367, 39.61166926977678, 1e-06]}, "datetime": {"datetime": "2025-08-21 10:16:01", "elapsed": 5478.1908123493195, "delta": 25.34919762611389}, "costs": {"total_cost": 785.1027335681173, "time_cost": 150, "final_distance_cost": 67.75083813790411, "oscillation_cost": 264.64800915079076, "completition_cost": 222.2222222222222, "overshoot_cost": 46.29036480353303, "power_cost": 18.747276489257814, "noise_cost": 15.444022764409334, "n_waypoints_completed": 7, "tot_waypoints": 9}}
{"target": -659.2127480120658, "params": {"k_pid_pos": [0.9386817277506683, 0.1606837995916851, 0.0], "k_pid_alt": [0.1888818313871392, 0.0, 0.1155200594486153], "k_pid_att": [78.09656869303136, 0.0001, 0.3130731108359245], "k_pid_yaw": [0.5, 1e-06, 0.1], "k_pid_hsp": [1.3659669751861634, 0.0, 0.0], "k_pid_vsp": [99.1531807690983, 40.0667645364071, 1e-06]}, "datetime": {"datetime": "2025-08-21 10:16:31", "elapsed": 5508.111613035202, "delta": 29.92080068588257}, "costs": {"total_cost": 659.2127480120658, "time_cost": 150, "final_distance_cost": 71.15868754662759, "oscillation_cost": 32.84479292425804, "completition_cost": 333.33333333333337, "overshoot_cost": 42.73729880113351, "power_cost": 15.269919982910157, "noise_cost": 13.868715423803133, "n_waypoints_completed": 6, "tot_waypoints": 9}}
{"target": -187.9676448873759, "params": {"k_pid_pos": [1.7354157200893945, 0.0, 0.0], "k_pid_alt": [0.7218055739328506, 0.0, 0.0], "k_pid_att": [53.75565448957621, 0.0001, 0.2744795732604618], "k_pid_yaw": [0.5, 1e-06, 0.1], "k_pid_hsp": [1.262373200815444, 0.0, 0.0], "k_pid_vsp": [358.3822282567988, 44.21817328881393, 1e-06]}, "datetime": {"datetime": "2025-08-21 10:16:54", "elapsed": 5530.595237970352, "delta": 22.483624935150146}, "costs": {"total_cost": 187.9676448873759, "time_cost": 71.83200000000001, "final_distance_cost": 1.7778005489647632, "oscillation_cost": 38.30693565684797, "completition_cost": 0.0, "overshoot_cost": 50.77048251587724, "power_cost": 13.413347094726563, "noise_cost": 11.86707907095937, "n_waypoints_completed": 9, "tot_waypoints": 9}}
{"target": -216.5698287480177, "params": {"k_pid_pos": [0.6220011494884032, 0.0, 0.0], "k_pid_alt": [1.1189450569128268, 0.01454198868886769, 0.46184579448723284], "k_pid_att": [39.24653064951988, 0.0001, 0.37363945904261026], "k_pid_yaw": [0.5, 1e-06, 0.1], "k_pid_hsp": [8.768603421515241, 0.0, 0.0], "k_pid_vsp": [400.0, 1e-06, 18.093180035099536]}, "datetime": {"datetime": "2025-08-21 10:17:14", "elapsed": 5551.096573829651, "delta": 20.501335859298706}, "costs": {"total_cost": 216.5698287480177, "time_cost": 80.512, "final_distance_cost": 1.8557281083050847, "oscillation_cost": 60.16574136652422, "completition_cost": 0.0, "overshoot_cost": 52.05240134302764, "power_cost": 11.644031298828125, "noise_cost": 10.339926631332624, "n_waypoints_completed": 9, "tot_waypoints": 9}}
{"target": -185.41461692583525, "params": {"k_pid_pos": [0.7912033314971713, 0.042267318199839754, 0.3022791070462821], "k_pid_alt": [0.8249314838027395, 0.0, 0.0], "k_pid_att": [27.04651326944503, 0.6398476865415754, 0.25351309870691496], "k_pid_yaw": [0.5, 1e-06, 0.1], "k_pid_hsp": [0.70261570740005, 0.02686830220544363, 0.0], "k_pid_vsp": [379.2540482586074, 1e-06, 1e-06]}, "datetime": {"datetime": "2025-08-21 10:17:34", "elapsed": 5571.201855897903, "delta": 20.105282068252563}, "costs": {"total_cost": 185.41461692583525, "time_cost": 78.784, "final_distance_cost": 1.8433815980185562, "oscillation_cost": 27.878062008482228, "completition_cost": 0.0, "overshoot_cost": 51.96297331683052, "power_cost": 12.486615051269531, "noise_cost": 12.459584951234406, "n_waypoints_completed": 9, "tot_waypoints": 9}}
