{"target": -182.24626970978622, "params": {"k_pid_pos": [1.147462576877296, 0.0, 0.12894713233973407], "k_pid_alt": [1.25527676110251, 0.0, 0.003521822474882752], "k_pid_att": [15.463339934242349, 0.0001, 0.6397100246689509], "k_pid_yaw": [0.5, 1e-06, 0.1], "k_pid_hsp": [0.1262041279718662, 0.0033161675214266736, 0.0], "k_pid_vsp": [400.0, 45.83039992839621, 16.716361547239046]}, "datetime": {"datetime": "2025-08-21 19:07:34", "elapsed": 37370.60169172287, "delta": 17.627191066741943}, "costs": {"total_cost": 182.24626970978622, "time_cost": 70.336, "final_distance_cost": 1.8082886871211492, "oscillation_cost": 27.786856332395626, "completition_cost": 0.0, "overshoot_cost": 51.84918097956885, "power_cost": 17.23797463378906, "noise_cost": 13.227969076911547, "n_waypoints_completed": 9, "tot_waypoints": 9}}
{"target": -185.9299803369494, "params": {"k_pid_pos": [1.0284240662574156, 9.897170949818343e-05, 0.13237648334579377], "k_pid_alt": [1.1112888495184774, 0.0, 0.013464262520199683], "k_pid_att": [15.545233150983487, 0.0001, 0.5943986234699187], "k_pid_yaw": [0.5, 1e-06, 0.1], "k_pid_hsp": [0.06846315972140732, 0.0035394271221254967, 0.0], "k_pid_vsp": [400.0, 16.932354983969375, 16.334546057741722]}, "datetime": {"datetime": "2025-08-21 19:07:51", "elapsed": 37387.556148290634, "delta": 16.954456567764282}, "costs": {"total_cost": 185.9299803369494, "time_cost": 75.144, "final_distance_cost": 1.7835207392234993, "oscillation_cost": 25.234623040592997, "completition_cost": 0.0, "overshoot_cost": 52.60891132674129, "power_cost": 17.87106346435547, "noise_cost": 13.28786176603611, "n_waypoints_completed": 9, "tot_waypoints": 9}}
{"target": -180.8990303773459, "params": {"k_pid_pos": [1.1237880702477472, 0.0, 0.18141017442015533], "k_pid_alt": [1.2008067287330646, 0.0, 0.01135100261910994], "k_pid_att": [15.356180589877624, 0.0001, 0.6548324077968577], "k_pid_yaw": [0.5, 1e-06, 0.1], "k_pid_hsp": [0.1463189741790063, 0.0036286199254974556, 0.0], "k_pid_vsp": [386.7979847096949, 11.669312909622597, 18.488145312251476]}, "datetime": {"datetime": "2025-08-21 19:08:09", "elapsed": 37405.49697518349, "delta": 17.940826892852783}, "costs": {"total_cost": 180.8990303773459, "time_cost": 71.368, "final_distance_cost": 1.8114887236269495, "oscillation_cost": 27.400837677388175, "completition_cost": 0.0, "overshoot_cost": 51.30366683059221, "power_cost": 16.1974755859375, "noise_cost": 12.817561559801046, "n_waypoints_completed": 9, "tot_waypoints": 9}}
{"target": -182.77179353679034, "params": {"k_pid_pos": [1.1184360455053008, 0.0, 0.08015281672027987], "k_pid_alt": [1.6339138050188777, 0.0, 0.014339914654508495], "k_pid_att": [15.22607247107615, 0.00853367356367133, 0.6329759583941588], "k_pid_yaw": [0.5, 1e-06, 0.1], "k_pid_hsp": [0.4749659412273768, 0.0032818844871112685, 0.0], "k_pid_vsp": [400.0, 43.48840005322223, 19.4199077271132]}, "datetime": {"datetime": "2025-08-21 19:08:25", "elapsed": 37421.650520563126, "delta": 16.153545379638672}, "costs": {"total_cost": 182.77179353679034, "time_cost": 70.728, "final_distance_cost": 1.836495519707716, "oscillation_cost": 30.53168262266393, "completition_cost": 0.0, "overshoot_cost": 51.57286780466645, "power_cost": 15.689799487304688, "noise_cost": 12.41294810244756, "n_waypoints_completed": 9, "tot_waypoints": 9}}
{"target": -167.59663950933404, "params": {"k_pid_pos": [1.186365925534489, 0.0, 0.22848763785206003], "k_pid_alt": [1.265103478689622, 0.0, 0.01609936631852683], "k_pid_att": [15.410143613994787, 0.0001, 0.630840906922715], "k_pid_yaw": [0.5, 1e-06, 0.1], "k_pid_hsp": [0.13013042222803775, 0.0025804608174636607, 0.0], "k_pid_vsp": [391.4380267616123, 32.08931911772859, 20.769413661048542]}, "datetime": {"datetime": "2025-08-21 19:08:42", "elapsed": 37439.20241332054, "delta": 17.55189275741577}, "costs": {"total_cost": 167.59663950933404, "time_cost": 70.376, "final_distance_cost": 1.809522954946662, "oscillation_cost": 27.83446823946974, "completition_cost": 0.0, "overshoot_cost": 51.34026091962207, "power_cost": 8.532733752441407, "noise_cost": 7.7036536428541735, "n_waypoints_completed": 9, "tot_waypoints": 9}}
{"target": -165.63298756431516, "params": {"k_pid_pos": [1.2223880170461663, 0.0, 0.1386592214213543], "k_pid_alt": [1.1902088751975748, 0.0, 0.017277926837168313], "k_pid_att": [13.508254606606966, 0.0001, 0.6149700193859875], "k_pid_yaw": [0.5, 1e-06, 0.1], "k_pid_hsp": [0.22010840698483505, 0.0029921523754647883, 0.0], "k_pid_vsp": [400.0, 28.584748597704195, 17.84985713834076]}, "datetime": {"datetime": "2025-08-21 19:08:58", "elapsed": 37455.13924860954, "delta": 15.936835289001465}, "costs": {"total_cost": 165.63298756431516, "time_cost": 69.976, "final_distance_cost": 1.8254889434779826, "oscillation_cost": 29.720150154095297, "completition_cost": 0.0, "overshoot_cost": 50.96495503908506, "power_cost": 6.140793444824219, "noise_cost": 7.0055999828325834, "n_waypoints_completed": 9, "tot_waypoints": 9}}
{"target": -178.62153821391382, "params": {"k_pid_pos": [1.1404271365450795, 0.0, 0.14066820267428687], "k_pid_alt": [1.121348664784615, 0.0, 0.009872126958548388], "k_pid_att": [17.188570397757083, 0.0001, 0.685841024444703], "k_pid_yaw": [0.5, 1e-06, 0.1], "k_pid_hsp": [0.1198142589694229, 0.0015476127922763685, 0.0], "k_pid_vsp": [400.0, 42.458655627450874, 17.42164625910194]}, "datetime": {"datetime": "2025-08-21 19:09:16", "elapsed": 37472.534281253815, "delta": 17.39503264427185}, "costs": {"total_cost": 178.62153821391382, "time_cost": 70.528, "final_distance_cost": 1.7827057345839994, "oscillation_cost": 27.899260052312645, "completition_cost": 0.0, "overshoot_cost": 51.771633258502355, "power_cost": 14.7041419921875, "noise_cost": 11.935797176327341, "n_waypoints_completed": 9, "tot_waypoints": 9}}
{"target": -183.50879002254283, "params": {"k_pid_pos": [1.1415898792506065, 0.0, 0.13791267824985032], "k_pid_alt": [1.1520833010158484, 0.0, 0.016257454348895656], "k_pid_att": [21.261962549845535, 0.0001, 0.6307076654636824], "k_pid_yaw": [0.5, 1e-06, 0.1], "k_pid_hsp": [0.16590373432643035, 0.003208142313707517, 0.0], "k_pid_vsp": [400.0, 40.44496173706492, 15.94195264019304]}, "datetime": {"datetime": "2025-08-21 19:09:32", "elapsed": 37489.05955410004, "delta": 16.525272846221924}, "costs": {"total_cost": 183.50879002254283, "time_cost": 71.304, "final_distance_cost": 1.799657450772386, "oscillation_cost": 28.192873248632257, "completition_cost": 0.0, "overshoot_cost": 51.948791845490135, "power_cost": 16.923736108398437, "noise_cost": 13.339731369249629, "n_waypoints_completed": 9, "tot_waypoints": 9}}
{"target": -188.00516841889666, "params": {"k_pid_pos": [1.1207647361571391, 0.0, 0.13037617872200516], "k_pid_alt": [1.1603534699237226, 0.0, 0.0], "k_pid_att": [18.18273146512147, 0.0001, 0.6188626175031771], "k_pid_yaw": [0.5, 1e-06, 0.1], "k_pid_hsp": [0.14525039318793792, 0.003591324448000693, 0.0], "k_pid_vsp": [400.0, 44.356974438721, 15.995846951937072]}, "datetime": {"datetime": "2025-08-21 19:09:50", "elapsed": 37507.354674339294, "delta": 18.295120239257812}, "costs": {"total_cost": 188.00516841889666, "time_cost": 70.88, "final_distance_cost": 1.815344729616155, "oscillation_cost": 28.23801398460163, "completition_cost": 0.0, "overshoot_cost": 51.895374720710706, "power_cost": 20.544705920410156, "noise_cost": 14.631729063558003, "n_waypoints_completed": 9, "tot_waypoints": 9}}
{"target": -184.64875972696734, "params": {"k_pid_pos": [1.1659455855355976, 0.0, 0.13926356332145323], "k_pid_alt": [1.037000942568307, 0.0, 0.011074216078251533], "k_pid_att": [17.398756703349132, 0.0001, 0.626937838983243], "k_pid_yaw": [0.5, 1e-06, 0.1], "k_pid_hsp": [0.10549660758986683, 0.005102102545027247, 0.0], "k_pid_vsp": [400.0, 35.762938094154165, 17.377142024011146]}, "datetime": {"datetime": "2025-08-21 19:10:06", "elapsed": 37523.33427858353, "delta": 15.979604244232178}, "costs": {"total_cost": 184.64875972696734, "time_cost": 71.128, "final_distance_cost": 1.8058286789304399, "oscillation_cost": 27.778387499173522, "completition_cost": 0.0, "overshoot_cost": 51.65907251057521, "power_cost": 18.42070234375, "noise_cost": 13.856768694538186, "n_waypoints_completed": 9, "tot_waypoints": 9}}
{"target": -176.31565341231686, "params": {"k_pid_pos": [1.114363266286102, 0.0, 0.10536264890661827], "k_pid_alt": [1.2011130836425314, 0.0, 0.014238733593177347], "k_pid_att": [15.430855690961039, 0.0001, 0.6296506761454574], "k_pid_yaw": [0.5, 1e-06, 0.1], "k_pid_hsp": [0.12561874943384238, 0.003361975176538647, 0.0], "k_pid_vsp": [400.0, 40.75133381018557, 14.82069064249214]}, "datetime": {"datetime": "2025-08-21 19:10:24", "elapsed": 37540.5981323719, "delta": 17.263853788375854}, "costs": {"total_cost": 176.31565341231686, "time_cost": 70.696, "final_distance_cost": 1.7818822853858158, "oscillation_cost": 27.70018648424004, "completition_cost": 0.0, "overshoot_cost": 51.48509953977521, "power_cost": 13.411176074218751, "noise_cost": 11.241309028697021, "n_waypoints_completed": 9, "tot_waypoints": 9}}
{"target": -172.71695582586608, "params": {"k_pid_pos": [1.1292231618221211, 0.0, 0.13461185670742185], "k_pid_alt": [1.1320512421159772, 0.0, 0.01547142585854288], "k_pid_att": [11.853130999683088, 0.0001, 0.6201574626941648], "k_pid_yaw": [0.5, 1e-06, 0.1], "k_pid_hsp": [0.13758876410340015, 0.0025173397193618855, 0.0], "k_pid_vsp": [400.0, 38.4443569272256, 18.274272409074054]}, "datetime": {"datetime": "2025-08-21 19:10:40", "elapsed": 37556.83690452576, "delta": 16.23877215385437}, "costs": {"total_cost": 172.71695582586608, "time_cost": 70.368, "final_distance_cost": 1.8211173951922615, "oscillation_cost": 27.849152326208888, "completition_cost": 0.0, "overshoot_cost": 50.73491535868825, "power_cost": 12.10260400390625, "noise_cost": 9.84116674187044, "n_waypoints_completed": 9, "tot_waypoints": 9}}
{"target": -1202.7967040726694, "params": {"k_pid_pos": [1.1640485611393294, 0.0, 0.11705877161620341], "k_pid_alt": [1.1956531188132957, 0.0, 0.012908723359281983], "k_pid_att": [19.61021082372086, 0.0001, 0.376221269162559], "k_pid_yaw": [0.5, 1e-06, 0.1], "k_pid_hsp": [0.0001, 0.015440177194800444, 0.0], "k_pid_vsp": [399.68171238573694, 46.34403181723257, 30.12962513182523]}, "datetime": {"datetime": "2025-08-21 19:11:05", "elapsed": 37581.89171767235, "delta": 25.054813146591187}, "costs": {"total_cost": 1202.7967040726694, "time_cost": 150, "final_distance_cost": 62.72552042523833, "oscillation_cost": 4.57590136160618, "completition_cost": 888.8888888888888, "overshoot_cost": 82.92293287955913, "power_cost": 6.577605480957032, "noise_cost": 7.105855036419879, "n_waypoints_completed": 1, "tot_waypoints": 9}}
{"target": -180.65431329583686, "params": {"k_pid_pos": [1.1128285195765286, 0.0, 0.13574786764636537], "k_pid_alt": [1.0556387657707167, 0.0, 0.007672758729397868], "k_pid_att": [27.969905312739392, 0.0001, 0.5998425897792753], "k_pid_yaw": [0.5, 1e-06, 0.1], "k_pid_hsp": [0.36208268973385765, 0.0034090715803947913, 0.0], "k_pid_vsp": [399.6617910701723, 55.40863427994954, 43.907399192367656]}, "datetime": {"datetime": "2025-08-21 19:11:21", "elapsed": 37598.364223241806, "delta": 16.472505569458008}, "costs": {"total_cost": 180.65431329583686, "time_cost": 71.456, "final_distance_cost": 1.84469585165051, "oscillation_cost": 29.670386128340034, "completition_cost": 0.0, "overshoot_cost": 51.62659787825885, "power_cost": 14.196073645019531, "noise_cost": 11.860559792567916, "n_waypoints_completed": 9, "tot_waypoints": 9}}
{"target": -181.7550314413241, "params": {"k_pid_pos": [1.1228817802811613, 0.0, 0.1383276493336513], "k_pid_alt": [1.1042318221057512, 0.0, 0.014164866875537885], "k_pid_att": [14.597486171401282, 0.0001, 0.6422443525231819], "k_pid_yaw": [0.5, 1e-06, 0.1], "k_pid_hsp": [0.1271348420536281, 0.0028108071927213426, 0.0], "k_pid_vsp": [400.0, 15.572483552825162, 15.879415106355024]}, "datetime": {"datetime": "2025-08-21 19:11:39", "elapsed": 37616.048253297806, "delta": 17.684030055999756}, "costs": {"total_cost": 181.7550314413241, "time_cost": 70.928, "final_distance_cost": 1.7883003764133591, "oscillation_cost": 27.543959071069715, "completition_cost": 0.0, "overshoot_cost": 51.12543045396877, "power_cost": 16.997171130371093, "noise_cost": 13.372170409501157, "n_waypoints_completed": 9, "tot_waypoints": 9}}
{"target": -173.35466365531045, "params": {"k_pid_pos": [1.121515311870158, 0.0, 0.1554202375513957], "k_pid_alt": [1.2508545598791503, 0.0, 0.01038218607627769], "k_pid_att": [15.28715801648499, 0.0001, 0.6341509715584216], "k_pid_yaw": [0.5, 1e-06, 0.1], "k_pid_hsp": [0.1346900349609502, 0.004128020624955092, 0.0], "k_pid_vsp": [400.0, 30.801237450394005, 18.131973945815584]}, "datetime": {"datetime": "2025-08-21 19:11:57", "elapsed": 37633.6439538002, "delta": 17.59570050239563}, "costs": {"total_cost": 173.35466365531045, "time_cost": 70.19200000000001, "final_distance_cost": 1.817944698534869, "oscillation_cost": 27.644470773507866, "completition_cost": 0.0, "overshoot_cost": 51.50207902424094, "power_cost": 12.133914050292969, "noise_cost": 10.064255108733786, "n_waypoints_completed": 9, "tot_waypoints": 9}}
{"target": -211.752508688528, "params": {"k_pid_pos": [1.1833590146608655, 0.0, 0.23006621563604265], "k_pid_alt": [1.1381129005008421, 0.0, 0.017166858660344366], "k_pid_att": [32.38436129705625, 0.0001, 0.6432278949732665], "k_pid_yaw": [0.5, 1e-06, 0.1], "k_pid_hsp": [0.036412988565598735, 0.0018852927720726786, 0.0], "k_pid_vsp": [397.47544607890876, 20.74535063524347, 33.028779002701484]}, "datetime": {"datetime": "2025-08-21 19:12:17", "elapsed": 37654.09634399414, "delta": 20.45239019393921}, "costs": {"total_cost": 211.752508688528, "time_cost": 90.368, "final_distance_cost": 1.7241916966415747, "oscillation_cost": 19.640322982700724, "completition_cost": 0.0, "overshoot_cost": 60.59882443480133, "power_cost": 22.422754602050784, "noise_cost": 16.998414972333606, "n_waypoints_completed": 9, "tot_waypoints": 9}}
{"target": -172.46145684879127, "params": {"k_pid_pos": [1.1453871910902327, 0.0, 0.11646274134514606], "k_pid_alt": [1.2003851116245714, 0.0, 0.014718247128878096], "k_pid_att": [23.687668254562755, 0.0001, 0.6683506492307295], "k_pid_yaw": [0.5, 1e-06, 0.1], "k_pid_hsp": [0.18520361274752384, 0.002595022722782103, 0.0], "k_pid_vsp": [400.0, 40.985639573404725, 17.000504708558534]}, "datetime": {"datetime": "2025-08-21 19:12:35", "elapsed": 37672.39127278328, "delta": 18.294928789138794}, "costs": {"total_cost": 172.46145684879127, "time_cost": 71.136, "final_distance_cost": 1.8088342288899335, "oscillation_cost": 28.66648523308983, "completition_cost": 0.0, "overshoot_cost": 51.73919903119113, "power_cost": 10.208260571289063, "noise_cost": 8.902677784331331, "n_waypoints_completed": 9, "tot_waypoints": 9}}
{"target": -194.42465393001726, "params": {"k_pid_pos": [1.2054435935097052, 0.0, 0.16190696611891647], "k_pid_alt": [1.1990399053313692, 0.0, 0.022869410524842988], "k_pid_att": [16.68157318809881, 0.0001, 0.6299225804933863], "k_pid_yaw": [0.5, 1e-06, 0.1], "k_pid_hsp": [0.05263413610095774, 0.005259246194123813, 0.0], "k_pid_vsp": [399.67184615414953, 49.04533055200531, 44.15009278532323]}, "datetime": {"datetime": "2025-08-21 19:12:53", "elapsed": 37690.09232592583, "delta": 17.701053142547607}, "costs": {"total_cost": 194.42465393001726, "time_cost": 78.64, "final_distance_cost": 1.7237528842422707, "oscillation_cost": 24.360592966682784, "completition_cost": 0.0, "overshoot_cost": 54.863711351284365, "power_cost": 20.328207580566406, "noise_cost": 14.508389147241413, "n_waypoints_completed": 9, "tot_waypoints": 9}}
{"target": -166.38434961273083, "params": {"k_pid_pos": [1.1211543680388303, 0.0, 0.14585804073315659], "k_pid_alt": [1.1918244590296285, 0.0, 0.015299245072201527], "k_pid_att": [18.256911611300204, 0.0001, 0.6388039005834961], "k_pid_yaw": [0.5, 1e-06, 0.1], "k_pid_hsp": [0.11425272353693483, 0.0031463134734441246, 0.0], "k_pid_vsp": [400.0, 44.00601697306851, 16.655661975088346]}, "datetime": {"datetime": "2025-08-21 19:13:11", "elapsed": 37707.602647304535, "delta": 17.510321378707886}, "costs": {"total_cost": 166.38434961273083, "time_cost": 70.688, "final_distance_cost": 1.8077461807355377, "oscillation_cost": 27.70970668712246, "completition_cost": 0.0, "overshoot_cost": 51.566534615001785, "power_cost": 7.489670141601563, "noise_cost": 7.12269198826947, "n_waypoints_completed": 9, "tot_waypoints": 9}}
{"target": -171.03073353762372, "params": {"k_pid_pos": [1.138312042662747, 0.0, 0.17774172642510294], "k_pid_alt": [1.1968111264523191, 0.0, 0.018248037617416682], "k_pid_att": [15.57322299929668, 0.0001, 0.7383403053019906], "k_pid_yaw": [0.5, 1e-06, 0.1], "k_pid_hsp": [0.09577351581386426, 0.0014942940803646595, 0.0], "k_pid_vsp": [400.0, 42.40938753786377, 17.30490079082519]}, "datetime": {"datetime": "2025-08-21 19:13:27", "elapsed": 37724.11810040474, "delta": 16.515453100204468}, "costs": {"total_cost": 171.03073353762372, "time_cost": 71.536, "final_distance_cost": 1.809530686845535, "oscillation_cost": 26.912013263757473, "completition_cost": 0.0, "overshoot_cost": 52.360496008791536, "power_cost": 9.235338024902344, "noise_cost": 9.177355553326835, "n_waypoints_completed": 9, "tot_waypoints": 9}}
{"target": -188.77264002467192, "params": {"k_pid_pos": [1.120734852893794, 0.0, 0.13335377575538915], "k_pid_alt": [1.1844078220048075, 0.0, 0.016186421270363675], "k_pid_att": [14.7236247946524, 0.0001, 0.6452304547475368], "k_pid_yaw": [0.5, 1e-06, 0.1], "k_pid_hsp": [0.27009677392224585, 0.0033195033215174803, 0.0], "k_pid_vsp": [400.0, 50.830251895803976, 19.113666970608296]}, "datetime": {"datetime": "2025-08-21 19:13:45", "elapsed": 37741.66949248314, "delta": 17.551392078399658}, "costs": {"total_cost": 188.77264002467192, "time_cost": 71.83200000000001, "final_distance_cost": 1.8271360164233863, "oscillation_cost": 29.212036110416307, "completition_cost": 0.0, "overshoot_cost": 52.23963423651824, "power_cost": 19.011852380371096, "noise_cost": 14.649981280942884, "n_waypoints_completed": 9, "tot_waypoints": 9}}
{"target": -185.84002213061018, "params": {"k_pid_pos": [1.1246860944429555, 0.0, 0.13192667145629333], "k_pid_alt": [1.1915477314277043, 0.0, 0.016321859544928537], "k_pid_att": [16.020909449630295, 0.0001, 0.6293491384316039], "k_pid_yaw": [0.5, 1e-06, 0.1], "k_pid_hsp": [0.1193499495559529, 0.005920362007653656, 0.0], "k_pid_vsp": [399.94708283481805, 38.96699288550748, 16.226806071306058]}, "datetime": {"datetime": "2025-08-21 19:14:00", "elapsed": 37757.24211025238, "delta": 15.572617769241333}, "costs": {"total_cost": 185.84002213061018, "time_cost": 70.28, "final_distance_cost": 1.8179613667476255, "oscillation_cost": 28.233139330669797, "completition_cost": 0.0, "overshoot_cost": 51.1298316810919, "power_cost": 19.57360582275391, "noise_cost": 14.805483929346963, "n_waypoints_completed": 9, "tot_waypoints": 9}}
{"target": -402.1221886307608, "params": {"k_pid_pos": [1.1109867046923696, 0.0, 0.1428860881938464], "k_pid_alt": [1.4254938590119834, 0.0, 0.015386959179253961], "k_pid_att": [11.7188853644906, 0.0001, 0.6811803747206157], "k_pid_yaw": [0.5, 1e-06, 0.1], "k_pid_hsp": [0.02589133667222196, 0.003179809909807549, 0.0], "k_pid_vsp": [398.8558623701633, 44.56022081466068, 15.938960335047943]}, "datetime": {"datetime": "2025-08-21 19:14:24", "elapsed": 37781.25241994858, "delta": 24.01030969619751}, "costs": {"total_cost": 402.1221886307608, "time_cost": 150, "final_distance_cost": 13.350321021816184, "oscillation_cost": 14.88789581833838, "completition_cost": 111.11111111111116, "overshoot_cost": 65.47167997630112, "power_cost": 27.672510949707032, "noise_cost": 19.628669753486946, "n_waypoints_completed": 8, "tot_waypoints": 9}}
{"target": -176.30386060879212, "params": {"k_pid_pos": [1.1236442680881256, 0.0, 0.1386629565050649], "k_pid_alt": [1.2052912039501344, 0.0, 0.01594853105121004], "k_pid_att": [15.31424405486269, 0.0001, 0.6368197160906689], "k_pid_yaw": [0.5, 1e-06, 0.1], "k_pid_hsp": [0.12782215858452498, 0.0028852523264170067, 0.0], "k_pid_vsp": [400.0, 43.977097829413644, 17.21477604260614]}, "datetime": {"datetime": "2025-08-21 19:14:40", "elapsed": 37797.22503399849, "delta": 15.972614049911499}, "costs": {"total_cost": 176.30386060879212, "time_cost": 70.256, "final_distance_cost": 1.7854678037430047, "oscillation_cost": 27.801462572586974, "completition_cost": 0.0, "overshoot_cost": 51.320953617054, "power_cost": 14.10871697998047, "noise_cost": 11.031259635427647, "n_waypoints_completed": 9, "tot_waypoints": 9}}
{"target": -179.20588033467664, "params": {"k_pid_pos": [1.173202801395175, 0.0, 0.009441832876973463], "k_pid_alt": [1.1982071173474416, 0.0, 0.00978465208813456], "k_pid_att": [19.321562061745034, 0.0001, 0.20001508883625913], "k_pid_yaw": [0.5, 1e-06, 0.1], "k_pid_hsp": [0.5417211051283254, 0.024523426864271065, 0.0], "k_pid_vsp": [400.0, 49.426240569092926, 24.87016882499918]}, "datetime": {"datetime": "2025-08-21 19:14:57", "elapsed": 37814.2923681736, "delta": 17.067334175109863}, "costs": {"total_cost": 179.20588033467664, "time_cost": 69.08800000000001, "final_distance_cost": 1.8184840465760759, "oscillation_cost": 31.46517039525208, "completition_cost": 0.0, "overshoot_cost": 49.9179360482482, "power_cost": 14.859334057617188, "noise_cost": 12.056955786983083, "n_waypoints_completed": 9, "tot_waypoints": 9}}
