{"target": -170.88045990468444, "params": {"k_pid_pos": [1.1242606720948214, 0.0, 0.08416496006838795], "k_pid_alt": [1.1011539219452835, 0.0, 0.012478087981161146], "k_pid_att": [15.237156539914942, 0.0001, 0.6328558513126608], "k_pid_yaw": [0.5, 1e-06, 0.1], "k_pid_hsp": [0.1278210318844739, 0.003459731814755825, 0.0], "k_pid_vsp": [389.68324542622594, 75.37603477110864, 14.331397602841939]}, "datetime": {"datetime": "2025-08-21 16:12:22", "elapsed": 26858.786606311798, "delta": 17.270328998565674}, "costs": {"total_cost": 170.88045990468444, "time_cost": 70.552, "final_distance_cost": 1.777235762418932, "oscillation_cost": 28.296542224510198, "completition_cost": 0.0, "overshoot_cost": 51.3481590752575, "power_cost": 9.647420837402343, "noise_cost": 9.259102005095478, "n_waypoints_completed": 9, "tot_waypoints": 9}}
{"target": -176.1246577438058, "params": {"k_pid_pos": [1.1146258808754306, 0.0, 0.1001838159455051], "k_pid_alt": [1.1301347986679198, 0.0, 0.012274193680742937], "k_pid_att": [16.19947820124041, 0.00806349783062683, 0.6378236825352375], "k_pid_yaw": [0.5, 1e-06, 0.1], "k_pid_hsp": [0.7226398528155038, 0.003641806598545488, 0.0], "k_pid_vsp": [400.0, 40.08145332013296, 18.38608965561377]}, "datetime": {"datetime": "2025-08-21 16:12:38", "elapsed": 26874.473930835724, "delta": 15.687324523925781}, "costs": {"total_cost": 176.1246577438058, "time_cost": 70.168, "final_distance_cost": 1.836474004892318, "oscillation_cost": 31.545878385811765, "completition_cost": 0.0, "overshoot_cost": 50.10414831404582, "power_cost": 11.850774060058594, "noise_cost": 10.619382978997308, "n_waypoints_completed": 9, "tot_waypoints": 9}}
{"target": -179.96994420673488, "params": {"k_pid_pos": [1.2179173587915666, 0.0, 0.17441978264035726], "k_pid_alt": [0.8206633576911769, 0.0, 0.009228339166725663], "k_pid_att": [15.420258799446595, 0.0001, 0.6224851264018012], "k_pid_yaw": [0.5, 1e-06, 0.1], "k_pid_hsp": [0.15045261659172945, 0.0029660110432963185, 0.0], "k_pid_vsp": [396.98656595928156, 8.30399276798406, 2.66788519706391]}, "datetime": {"datetime": "2025-08-21 16:12:55", "elapsed": 26891.607820510864, "delta": 17.13388967514038}, "costs": {"total_cost": 179.96994420673488, "time_cost": 72.56, "final_distance_cost": 1.7966808681096387, "oscillation_cost": 28.378522828453306, "completition_cost": 0.0, "overshoot_cost": 51.45037323115646, "power_cost": 13.763329760742188, "noise_cost": 12.021037518273298, "n_waypoints_completed": 9, "tot_waypoints": 9}}
{"target": -189.92290761472793, "params": {"k_pid_pos": [1.247154977031626, 0.0, 0.12341262429946004], "k_pid_alt": [1.2352357957111362, 0.0, 0.015746116732581198], "k_pid_att": [7.193121272289136, 0.0001, 0.5976968846830504], "k_pid_yaw": [0.5, 1e-06, 0.1], "k_pid_hsp": [0.12478898777964402, 0.0002818503376317903, 0.0], "k_pid_vsp": [400.0, 27.725627125770522, 17.78159311900054]}, "datetime": {"datetime": "2025-08-21 16:13:12", "elapsed": 26908.948716163635, "delta": 17.340895652770996}, "costs": {"total_cost": 189.92290761472793, "time_cost": 71.392, "final_distance_cost": 1.7808065685035213, "oscillation_cost": 27.913638414987332, "completition_cost": 0.0, "overshoot_cost": 52.27341720063523, "power_cost": 21.000747778320314, "noise_cost": 15.562297652281535, "n_waypoints_completed": 9, "tot_waypoints": 9}}
{"target": -175.83067291565104, "params": {"k_pid_pos": [1.238125616860961, 0.0, 0.13051064856870181], "k_pid_alt": [1.1637963087305447, 0.0, 0.01319776389771994], "k_pid_att": [15.869508164155318, 0.0001, 0.4518061282157602], "k_pid_yaw": [0.5, 1e-06, 0.1], "k_pid_hsp": [0.10799625610452901, 0.0009273269475350387, 0.0], "k_pid_vsp": [400.0, 47.57998221777433, 18.084282249975374]}, "datetime": {"datetime": "2025-08-21 16:13:28", "elapsed": 26925.130541563034, "delta": 16.181825399398804}, "costs": {"total_cost": 175.83067291565104, "time_cost": 70.57600000000001, "final_distance_cost": 1.8068241909470732, "oscillation_cost": 28.070890072087742, "completition_cost": 0.0, "overshoot_cost": 51.4206493497997, "power_cost": 12.921648754882813, "noise_cost": 11.034660547933692, "n_waypoints_completed": 9, "tot_waypoints": 9}}
{"target": -202.24863181079286, "params": {"k_pid_pos": [1.0573115936558013, 0.0, 0.14182468515741117], "k_pid_alt": [1.1066441692122397, 0.0, 0.019751147446568675], "k_pid_att": [36.249984111123865, 0.0001, 0.6026189213293871], "k_pid_yaw": [0.5, 1e-06, 0.1], "k_pid_hsp": [0.06077589276011405, 0.0029714777888248008, 0.0], "k_pid_vsp": [400.0, 81.382599228203, 17.80961028704418]}, "datetime": {"datetime": "2025-08-21 16:13:46", "elapsed": 26943.327150583267, "delta": 18.196609020233154}, "costs": {"total_cost": 202.24863181079286, "time_cost": 75.848, "final_distance_cost": 1.7961413379226636, "oscillation_cost": 25.556562130240177, "completition_cost": 0.0, "overshoot_cost": 53.33222811742935, "power_cost": 26.846732836914065, "noise_cost": 18.868967388286585, "n_waypoints_completed": 9, "tot_waypoints": 9}}
{"target": -182.53818280016475, "params": {"k_pid_pos": [1.119988918403262, 0.0, 0.13462322628866513], "k_pid_alt": [1.0365555279935124, 0.0, 0.012248933410727506], "k_pid_att": [16.894252010223124, 0.0001, 0.619232716819249], "k_pid_yaw": [0.5, 1e-06, 0.1], "k_pid_hsp": [0.13551153021572393, 0.0038525050485391974, 0.0], "k_pid_vsp": [400.0, 20.361891961149333, 20.247129925979127]}, "datetime": {"datetime": "2025-08-21 16:14:03", "elapsed": 26959.835899829865, "delta": 16.50874924659729}, "costs": {"total_cost": 182.53818280016475, "time_cost": 71.616, "final_distance_cost": 1.7878446025467618, "oscillation_cost": 27.553313676686678, "completition_cost": 0.0, "overshoot_cost": 51.49470779075271, "power_cost": 16.715987768554687, "noise_cost": 13.370328961623933, "n_waypoints_completed": 9, "tot_waypoints": 9}}
{"target": -191.66886784487428, "params": {"k_pid_pos": [1.1396207334961965, 0.0, 0.14403523597235374], "k_pid_alt": [0.9377641941612975, 0.0, 0.008490837863443346], "k_pid_att": [27.414599850851673, 0.0001, 0.6043969668526136], "k_pid_yaw": [0.5, 1e-06, 0.1], "k_pid_hsp": [0.15513973673138615, 0.00051337532822041, 0.0], "k_pid_vsp": [400.0, 41.478255461870276, 16.220752637330566]}, "datetime": {"datetime": "2025-08-21 16:14:20", "elapsed": 26976.87671494484, "delta": 17.040815114974976}, "costs": {"total_cost": 191.66886784487428, "time_cost": 72.232, "final_distance_cost": 1.820880658589916, "oscillation_cost": 27.78551772121966, "completition_cost": 0.0, "overshoot_cost": 51.78140111256421, "power_cost": 22.123806079101563, "noise_cost": 15.92526227339894, "n_waypoints_completed": 9, "tot_waypoints": 9}}
{"target": -167.16158054495025, "params": {"k_pid_pos": [1.1025517323111718, 0.0, 0.12951787421252092], "k_pid_alt": [1.218410103130171, 0.0, 0.008030978747393181], "k_pid_att": [20.304214655469867, 0.0001, 0.7992866292199956], "k_pid_yaw": [0.5, 1e-06, 0.1], "k_pid_hsp": [0.09622857466520447, 0.0037693623264756933, 0.0], "k_pid_vsp": [374.9870110835369, 57.025800414671494, 13.938379077488792]}, "datetime": {"datetime": "2025-08-21 16:14:37", "elapsed": 26994.211755514145, "delta": 17.33504056930542}, "costs": {"total_cost": 167.16158054495025, "time_cost": 71.19200000000001, "final_distance_cost": 1.77319473288173, "oscillation_cost": 26.95732751863598, "completition_cost": 0.0, "overshoot_cost": 51.363723623813904, "power_cost": 8.140854467773439, "noise_cost": 7.73448020184521, "n_waypoints_completed": 9, "tot_waypoints": 9}}
{"target": -173.12270517622449, "params": {"k_pid_pos": [1.1336144569668059, 0.0, 0.13623871551700947], "k_pid_alt": [1.2182376062338158, 0.0, 0.01609971131097705], "k_pid_att": [15.641309314594325, 0.0001, 0.6159106440471335], "k_pid_yaw": [0.5, 1e-06, 0.1], "k_pid_hsp": [0.16614318845366036, 0.003063063624010695, 0.0], "k_pid_vsp": [400.0, 36.800373319307155, 21.307378776099515]}, "datetime": {"datetime": "2025-08-21 16:14:54", "elapsed": 27010.592283010483, "delta": 16.38052749633789}, "costs": {"total_cost": 173.12270517622449, "time_cost": 70.52, "final_distance_cost": 1.825507983970906, "oscillation_cost": 28.04789084484766, "completition_cost": 0.0, "overshoot_cost": 51.03159660004727, "power_cost": 11.721908630371095, "noise_cost": 9.975801116987544, "n_waypoints_completed": 9, "tot_waypoints": 9}}
{"target": -186.8216531557878, "params": {"k_pid_pos": [1.1160888606036943, 0.0, 0.14773383951776797], "k_pid_alt": [1.388695238538618, 0.0, 0.012153686524542151], "k_pid_att": [18.670505681144697, 0.0001, 0.6272149034716601], "k_pid_yaw": [0.5, 1e-06, 0.1], "k_pid_hsp": [0.2998744173022956, 0.010685101552742143, 0.0], "k_pid_vsp": [400.0, 11.291764690937208, 27.998128936871222]}, "datetime": {"datetime": "2025-08-21 16:15:11", "elapsed": 27027.59775876999, "delta": 17.005475759506226}, "costs": {"total_cost": 186.8216531557878, "time_cost": 71.848, "final_distance_cost": 1.8332682921597658, "oscillation_cost": 29.560392116932054, "completition_cost": 0.0, "overshoot_cost": 51.47784114380068, "power_cost": 18.329042016601562, "noise_cost": 13.773109586293748, "n_waypoints_completed": 9, "tot_waypoints": 9}}
{"target": -185.54183345912293, "params": {"k_pid_pos": [1.1407810017736029, 0.0, 0.13821181657820591], "k_pid_alt": [1.0009469426950157, 0.0, 0.002154849527200346], "k_pid_att": [20.50605139329147, 0.0001, 0.6672128083249527], "k_pid_yaw": [0.5, 1e-06, 0.1], "k_pid_hsp": [0.4509251745343296, 0.004642161049882288, 0.0], "k_pid_vsp": [400.0, 4.780032319057668, 19.74867489282957]}, "datetime": {"datetime": "2025-08-21 16:15:27", "elapsed": 27044.14401125908, "delta": 16.546252489089966}, "costs": {"total_cost": 185.54183345912293, "time_cost": 71.8, "final_distance_cost": 1.8432464278635743, "oscillation_cost": 30.487229166443896, "completition_cost": 0.0, "overshoot_cost": 51.22633265605782, "power_cost": 16.95898876953125, "noise_cost": 13.226036439226359, "n_waypoints_completed": 9, "tot_waypoints": 9}}
{"target": -178.0040884750395, "params": {"k_pid_pos": [1.125413762298163, 0.0, 0.1321627511221912], "k_pid_alt": [1.0158340710979032, 0.0, 0.0066675165469794705], "k_pid_att": [16.377246993672735, 0.0001, 0.6445594753176838], "k_pid_yaw": [0.5, 1e-06, 0.1], "k_pid_hsp": [0.12446950903325107, 0.003262401351782204, 0.0], "k_pid_vsp": [399.8662146964709, 56.350745527386714, 13.499201663233196]}, "datetime": {"datetime": "2025-08-21 16:15:44", "elapsed": 27060.785275697708, "delta": 16.64126443862915}, "costs": {"total_cost": 178.0040884750395, "time_cost": 70.736, "final_distance_cost": 1.7920155661352237, "oscillation_cost": 27.734349094552325, "completition_cost": 0.0, "overshoot_cost": 50.932927248670126, "power_cost": 15.233754748535157, "noise_cost": 11.575041817146674, "n_waypoints_completed": 9, "tot_waypoints": 9}}
{"target": -165.27863201986347, "params": {"k_pid_pos": [1.1190507607052678, 0.0, 0.1680491559034519], "k_pid_alt": [1.1342378847533439, 0.0, 0.011006444397871365], "k_pid_att": [14.241039707020258, 0.0001, 0.6332972181270365], "k_pid_yaw": [0.5, 1e-06, 0.1], "k_pid_hsp": [0.1370438001415328, 0.004168304285028056, 0.0], "k_pid_vsp": [394.91109252387935, 26.970031571535074, 19.019591494420624]}, "datetime": {"datetime": "2025-08-21 16:16:02", "elapsed": 27078.771466255188, "delta": 17.98619055747986}, "costs": {"total_cost": 165.27863201986347, "time_cost": 70.552, "final_distance_cost": 1.8035290869649347, "oscillation_cost": 27.646929701415534, "completition_cost": 0.0, "overshoot_cost": 50.99157295133129, "power_cost": 7.282102697753906, "noise_cost": 7.002497582397772, "n_waypoints_completed": 9, "tot_waypoints": 9}}
{"target": -185.79765878857035, "params": {"k_pid_pos": [1.151098343655201, 0.0, 0.2028476459290026], "k_pid_alt": [1.3359057498219333, 0.0, 0.0025590353468854512], "k_pid_att": [14.362229843690553, 0.0001, 0.6240355129419776], "k_pid_yaw": [0.5, 1e-06, 0.1], "k_pid_hsp": [0.2238681588817028, 0.002576133950012581, 0.0], "k_pid_vsp": [394.7024256586745, 28.143941782149383, 27.91158214202393]}, "datetime": {"datetime": "2025-08-21 16:16:18", "elapsed": 27094.875609874725, "delta": 16.104143619537354}, "costs": {"total_cost": 185.79765878857035, "time_cost": 71.256, "final_distance_cost": 1.8204730792217392, "oscillation_cost": 28.68171986620505, "completition_cost": 0.0, "overshoot_cost": 51.8174328894422, "power_cost": 18.31570402832031, "noise_cost": 13.906328925381025, "n_waypoints_completed": 9, "tot_waypoints": 9}}
{"target": -182.3567983115219, "params": {"k_pid_pos": [1.142391116254833, 0.0, 0.20387596263565322], "k_pid_alt": [1.484594942267108, 0.0, 0.013900548480953788], "k_pid_att": [13.608399620945594, 0.0001, 0.5748816647667189], "k_pid_yaw": [0.5, 1e-06, 0.1], "k_pid_hsp": [0.15488173668429123, 0.003816049168976885, 0.0], "k_pid_vsp": [400.0, 31.441759081623616, 14.696483006120722]}, "datetime": {"datetime": "2025-08-21 16:16:35", "elapsed": 27112.34863972664, "delta": 17.473029851913452}, "costs": {"total_cost": 182.3567983115219, "time_cost": 70.976, "final_distance_cost": 1.8274592678949158, "oscillation_cost": 27.442464433270324, "completition_cost": 0.0, "overshoot_cost": 50.805886476479266, "power_cost": 17.6727732421875, "noise_cost": 13.632214891689939, "n_waypoints_completed": 9, "tot_waypoints": 9}}
{"target": -188.74590366922374, "params": {"k_pid_pos": [1.491667009140114, 0.0, 0.2628516669854256], "k_pid_alt": [1.2021820922423714, 0.0, 0.011043591662208939], "k_pid_att": [18.021401199077797, 0.0001, 0.6393812280379472], "k_pid_yaw": [0.5, 1e-06, 0.1], "k_pid_hsp": [0.339909604961184, 0.00055586104000173, 0.0], "k_pid_vsp": [399.3123484000963, 34.81761148892109, 36.69611054951781]}, "datetime": {"datetime": "2025-08-21 16:16:52", "elapsed": 27128.886407136917, "delta": 16.53776741027832}, "costs": {"total_cost": 188.74590366922374, "time_cost": 71.752, "final_distance_cost": 1.8008095410606564, "oscillation_cost": 30.581783320761417, "completition_cost": 0.0, "overshoot_cost": 52.71026810512106, "power_cost": 17.87042966308594, "noise_cost": 14.030613039194655, "n_waypoints_completed": 9, "tot_waypoints": 9}}
{"target": -176.29916770978272, "params": {"k_pid_pos": [1.2759172624351827, 0.0, 0.13205206007649223], "k_pid_alt": [1.236190837788732, 0.0, 0.016756309066913715], "k_pid_att": [23.22103616402637, 0.0001, 0.6401766082966985], "k_pid_yaw": [0.5, 1e-06, 0.1], "k_pid_hsp": [0.2646490163304132, 0.0033034395518260363, 0.0], "k_pid_vsp": [400.0, 43.228387671687365, 41.23453521738203]}, "datetime": {"datetime": "2025-08-21 16:17:09", "elapsed": 27146.262716293335, "delta": 17.376309156417847}, "costs": {"total_cost": 176.29916770978272, "time_cost": 71.376, "final_distance_cost": 1.8349725748763288, "oscillation_cost": 30.90484858275636, "completition_cost": 0.0, "overshoot_cost": 51.77756007564282, "power_cost": 11.16181434326172, "noise_cost": 9.243972133245498, "n_waypoints_completed": 9, "tot_waypoints": 9}}
{"target": -172.14485326918518, "params": {"k_pid_pos": [1.1132333572461295, 0.0, 0.12474016748950038], "k_pid_alt": [1.1449724223845539, 0.0, 0.009651097936690762], "k_pid_att": [16.321344487113553, 0.0001, 0.5512845193887881], "k_pid_yaw": [0.5, 1e-06, 0.1], "k_pid_hsp": [0.33968374164616744, 0.0032721064551767863, 0.0], "k_pid_vsp": [400.0, 28.43219275003627, 17.16306806324244]}, "datetime": {"datetime": "2025-08-21 16:17:26", "elapsed": 27163.38618659973, "delta": 17.123470306396484}, "costs": {"total_cost": 172.14485326918518, "time_cost": 70.72, "final_distance_cost": 1.8459289056769281, "oscillation_cost": 29.931903805845486, "completition_cost": 0.0, "overshoot_cost": 51.42002999776376, "power_cost": 9.590046459960938, "noise_cost": 8.63694409993807, "n_waypoints_completed": 9, "tot_waypoints": 9}}
{"target": -180.82559902236142, "params": {"k_pid_pos": [1.1825216280338686, 0.0, 0.1330451310233572], "k_pid_alt": [1.1847936699538946, 0.0, 0.016331892261250043], "k_pid_att": [15.35150436727498, 0.0001, 0.2088293164977123], "k_pid_yaw": [0.5, 1e-06, 0.1], "k_pid_hsp": [0.31848743925905687, 0.003468155330317063, 0.0], "k_pid_vsp": [400.0, 82.6573924259373, 20.69452794075084]}, "datetime": {"datetime": "2025-08-21 16:17:42", "elapsed": 27179.205565214157, "delta": 15.81937861442566}, "costs": {"total_cost": 180.82559902236142, "time_cost": 69.816, "final_distance_cost": 1.828849538334314, "oscillation_cost": 30.829090656019787, "completition_cost": 0.0, "overshoot_cost": 50.645164843764334, "power_cost": 15.848093493652344, "noise_cost": 11.858400490590617, "n_waypoints_completed": 9, "tot_waypoints": 9}}
{"target": -170.42005414867094, "params": {"k_pid_pos": [1.1239582623294548, 0.0, 0.11732255954320397], "k_pid_alt": [1.1835462280844562, 0.0, 0.017538691038853332], "k_pid_att": [12.088019265190203, 0.0001, 0.6338349862037331], "k_pid_yaw": [0.5, 1e-06, 0.1], "k_pid_hsp": [0.12844949706403383, 0.004475996617802654, 0.0], "k_pid_vsp": [400.0, 21.581894446396888, 15.685710905979002]}, "datetime": {"datetime": "2025-08-21 16:18:00", "elapsed": 27196.881682395935, "delta": 17.676117181777954}, "costs": {"total_cost": 170.42005414867094, "time_cost": 70.8, "final_distance_cost": 1.7971008711282528, "oscillation_cost": 28.04297750298609, "completition_cost": 0.0, "overshoot_cost": 51.09345796082824, "power_cost": 9.642358911132813, "noise_cost": 9.044158902595553, "n_waypoints_completed": 9, "tot_waypoints": 9}}
{"target": -183.02504634592785, "params": {"k_pid_pos": [1.0884617800112915, 0.0, 0.1496911807345372], "k_pid_alt": [0.8020209489301116, 0.0, 0.009810972171915483], "k_pid_att": [2.3429165846082682, 0.0001, 0.6802303791163664], "k_pid_yaw": [0.5, 1e-06, 0.1], "k_pid_hsp": [0.22520689891836565, 0.007486866793680115, 0.0], "k_pid_vsp": [399.6512517602443, 27.892389350853684, 12.6879972213167]}, "datetime": {"datetime": "2025-08-21 16:18:16", "elapsed": 27213.357505083084, "delta": 16.475822687149048}, "costs": {"total_cost": 183.02504634592785, "time_cost": 72.32000000000001, "final_distance_cost": 1.8212871307469118, "oscillation_cost": 28.452692259957164, "completition_cost": 0.0, "overshoot_cost": 52.21683279058434, "power_cost": 15.614698974609375, "noise_cost": 12.599535190030055, "n_waypoints_completed": 9, "tot_waypoints": 9}}
{"target": -183.63039628081145, "params": {"k_pid_pos": [1.1262085454690371, 0.0, 0.1381473664235347], "k_pid_alt": [1.1759967850236916, 0.0, 0.015888682894626513], "k_pid_att": [15.263897020357094, 0.0001, 0.6364259766752477], "k_pid_yaw": [0.5, 1e-06, 0.1], "k_pid_hsp": [0.1273922997738873, 0.0027682697001378477, 0.0], "k_pid_vsp": [400.0, 43.33464635733012, 19.376786757649427]}, "datetime": {"datetime": "2025-08-21 16:18:34", "elapsed": 27230.490840435028, "delta": 17.13333535194397}, "costs": {"total_cost": 183.63039628081145, "time_cost": 70.496, "final_distance_cost": 1.8167989638316775, "oscillation_cost": 27.58969544771459, "completition_cost": 0.0, "overshoot_cost": 51.25192169972229, "power_cost": 18.484055749511718, "noise_cost": 13.991924420031179, "n_waypoints_completed": 9, "tot_waypoints": 9}}
{"target": -179.46681035593906, "params": {"k_pid_pos": [1.2013061277718449, 0.0, 0.013467330965367487], "k_pid_alt": [0.9428631750289761, 0.0, 0.0032667603853487118], "k_pid_att": [26.56321285579996, 0.0001, 0.5342607987627561], "k_pid_yaw": [0.5, 1e-06, 0.1], "k_pid_hsp": [0.44752444443538864, 0.008878585248737688, 0.0], "k_pid_vsp": [371.2642121889474, 42.42993357840085, 2.0846696441410018]}, "datetime": {"datetime": "2025-08-21 16:18:51", "elapsed": 27247.452889680862, "delta": 16.96204924583435}, "costs": {"total_cost": 179.46681035593906, "time_cost": 70.656, "final_distance_cost": 1.8273637373603524, "oscillation_cost": 30.805714527414523, "completition_cost": 0.0, "overshoot_cost": 50.750243358191874, "power_cost": 13.429042163085938, "noise_cost": 11.998446569886381, "n_waypoints_completed": 9, "tot_waypoints": 9}}
{"target": -179.90985321677456, "params": {"k_pid_pos": [1.14375789363427, 0.0, 0.14022258557663242], "k_pid_alt": [1.0333394887251868, 0.0, 0.018694748488247783], "k_pid_att": [27.33257197669913, 0.0001, 0.5691100026210779], "k_pid_yaw": [0.5, 1e-06, 0.1], "k_pid_hsp": [0.07984664990286083, 0.0035426574326154277, 0.0], "k_pid_vsp": [400.0, 66.90306767285614, 18.336068284085762]}, "datetime": {"datetime": "2025-08-21 16:19:08", "elapsed": 27264.449066877365, "delta": 16.996177196502686}, "costs": {"total_cost": 179.90985321677456, "time_cost": 71.816, "final_distance_cost": 1.7515518284187075, "oscillation_cost": 26.37427196768597, "completition_cost": 0.0, "overshoot_cost": 51.63989805788923, "power_cost": 16.1075693359375, "noise_cost": 12.220562026843128, "n_waypoints_completed": 9, "tot_waypoints": 9}}
{"target": -185.78738622412683, "params": {"k_pid_pos": [1.1286124978992211, 0.0, 0.10668128226447533], "k_pid_alt": [0.9642698176612281, 0.0, 0.014783586129859808], "k_pid_att": [12.887123162387129, 0.0001, 0.6537788108780178], "k_pid_yaw": [0.5, 1e-06, 0.1], "k_pid_hsp": [0.29996919613797896, 0.0020407310066465796, 0.0], "k_pid_vsp": [400.0, 54.58103107009116, 14.623016870576274]}, "datetime": {"datetime": "2025-08-21 16:19:26", "elapsed": 27282.71212029457, "delta": 18.26305341720581}, "costs": {"total_cost": 185.78738622412683, "time_cost": 71.104, "final_distance_cost": 1.8398725074568358, "oscillation_cost": 29.884117752926514, "completition_cost": 0.0, "overshoot_cost": 51.46364013437472, "power_cost": 17.85244792480469, "noise_cost": 13.643307904564068, "n_waypoints_completed": 9, "tot_waypoints": 9}}
