{"target": -199.644203593096, "params": {"k_pid_pos": [1.096558975695752, 0.0, 0.07648724835162268], "k_pid_alt": [1.1751249707571447, 0.0, 0.008062682046041193], "k_pid_att": [47.017522650748425, 0.0001, 0.0], "k_pid_yaw": [0.5, 1e-06, 0.1], "k_pid_hsp": [0.7275316453425535, 0.034980067124420956, 0.0], "k_pid_vsp": [375.17511892985806, 46.62272071119713, 19.338556520712718]}, "datetime": {"datetime": "2025-08-21 11:37:50", "elapsed": 10386.710761547089, "delta": 16.213183164596558}, "costs": {"total_cost": 199.644203593096, "time_cost": 70.456, "final_distance_cost": 1.8481573720160553, "oscillation_cost": 36.61557656546321, "completition_cost": 0.0, "overshoot_cost": 50.8413007358701, "power_cost": 23.137259020996094, "noise_cost": 16.745909898750543, "n_waypoints_completed": 9, "tot_waypoints": 9}}
{"target": -183.82761977098568, "params": {"k_pid_pos": [0.9418721535562127, 0.0, 0.13577235066865742], "k_pid_alt": [1.6374203924864341, 0.0, 0.011608806697172572], "k_pid_att": [20.761048059618354, 0.0001, 0.23416894795476417], "k_pid_yaw": [0.5, 1e-06, 0.1], "k_pid_hsp": [0.055399532953891883, 0.0, 0.0], "k_pid_vsp": [400.0, 5.5766877429891535, 1e-06]}, "datetime": {"datetime": "2025-08-21 11:38:08", "elapsed": 10404.695274353027, "delta": 17.98451280593872}, "costs": {"total_cost": 183.82761977098568, "time_cost": 77.928, "final_distance_cost": 1.7491752511090928, "oscillation_cost": 21.672361028172258, "completition_cost": 0.0, "overshoot_cost": 55.39448756465339, "power_cost": 13.929195239257814, "noise_cost": 13.154400687793116, "n_waypoints_completed": 9, "tot_waypoints": 9}}
{"target": -186.18835416808767, "params": {"k_pid_pos": [1.5391746744880925, 0.0, 0.034779005202817764], "k_pid_alt": [1.1380460448915808, 0.0, 0.003353972279216512], "k_pid_att": [23.591701845484387, 0.03594086776574179, 0.010444078749355101], "k_pid_yaw": [0.5, 1e-06, 0.1], "k_pid_hsp": [1.866919450729981, 0.0, 0.0], "k_pid_vsp": [282.50170497955247, 10.980214010729046, 5.640521760614394]}, "datetime": {"datetime": "2025-08-21 11:38:24", "elapsed": 10420.6814930439, "delta": 15.986218690872192}, "costs": {"total_cost": 186.18835416808767, "time_cost": 69.8, "final_distance_cost": 1.7819579153151948, "oscillation_cost": 46.89443706611439, "completition_cost": 0.0, "overshoot_cost": 50.20392381537384, "power_cost": 8.40906845703125, "noise_cost": 9.098966914253008, "n_waypoints_completed": 9, "tot_waypoints": 9}}
{"target": -179.44230783618275, "params": {"k_pid_pos": [1.2981255716356257, 0.0, 0.1471811318097653], "k_pid_alt": [0.8024601845592949, 0.0, 0.007007500211447703], "k_pid_att": [28.50727116589064, 0.0001, 0.5529520752603527], "k_pid_yaw": [0.5, 1e-06, 0.1], "k_pid_hsp": [0.49397766254425335, 0.225843999068434, 0.0], "k_pid_vsp": [400.0, 14.426309255689683, 20.18557028067741]}, "datetime": {"datetime": "2025-08-21 11:38:40", "elapsed": 10437.142628192902, "delta": 16.461135149002075}, "costs": {"total_cost": 179.44230783618275, "time_cost": 72.104, "final_distance_cost": 1.8383211698501343, "oscillation_cost": 38.09248937789605, "completition_cost": 0.0, "overshoot_cost": 50.874996583906366, "power_cost": 8.135896704101564, "noise_cost": 8.396604000428654, "n_waypoints_completed": 9, "tot_waypoints": 9}}
{"target": -227.3833001263259, "params": {"k_pid_pos": [1.2809916781888593, 0.0, 0.17126563049418203], "k_pid_alt": [0.8701968028810495, 0.0, 0.009384358172540049], "k_pid_att": [23.629370017799584, 0.0001, 0.39859483842906546], "k_pid_yaw": [0.5, 1e-06, 0.1], "k_pid_hsp": [0.7157116541745157, 0.0, 0.0], "k_pid_vsp": [400.0, 11.14861344164173, 24.67813473615972]}, "datetime": {"datetime": "2025-08-21 11:39:00", "elapsed": 10457.030648708344, "delta": 19.888020515441895}, "costs": {"total_cost": 227.3833001263259, "time_cost": 86.928, "final_distance_cost": 1.8313188439542916, "oscillation_cost": 32.36079617230953, "completition_cost": 0.0, "overshoot_cost": 59.67135271442302, "power_cost": 27.15359559326172, "noise_cost": 19.438236802377364, "n_waypoints_completed": 9, "tot_waypoints": 9}}
{"target": -176.34510848580186, "params": {"k_pid_pos": [1.105152210145885, 0.0, 0.0], "k_pid_alt": [1.0281755030571142, 0.0, 0.010446466216048155], "k_pid_att": [36.24372761920006, 0.0001, 0.45358157659079046], "k_pid_yaw": [0.5, 1e-06, 0.1], "k_pid_hsp": [0.4075423001540412, 0.004030007284153474, 0.0], "k_pid_vsp": [350.7030254825232, 42.55342500770539, 26.11982589355226]}, "datetime": {"datetime": "2025-08-21 11:39:16", "elapsed": 10473.050936222076, "delta": 16.02028751373291}, "costs": {"total_cost": 176.34510848580186, "time_cost": 69.88, "final_distance_cost": 1.8209055056112753, "oscillation_cost": 32.178080832212146, "completition_cost": 0.0, "overshoot_cost": 49.90535902945737, "power_cost": 12.041981591796876, "noise_cost": 10.518781526724181, "n_waypoints_completed": 9, "tot_waypoints": 9}}
{"target": -180.44157417990263, "params": {"k_pid_pos": [1.3413215645398169, 0.0, 0.01886251103024189], "k_pid_alt": [2.0, 0.0, 0.003706829665359325], "k_pid_att": [22.990808982008758, 0.0001, 0.9405272871128971], "k_pid_yaw": [0.5, 1e-06, 0.1], "k_pid_hsp": [1.0061686697347696, 0.0, 0.0], "k_pid_vsp": [400.0, 24.802466465722546, 29.77774391593549]}, "datetime": {"datetime": "2025-08-21 11:39:32", "elapsed": 10489.355245828629, "delta": 16.304309606552124}, "costs": {"total_cost": 180.44157417990263, "time_cost": 70.072, "final_distance_cost": 1.8083586388688588, "oscillation_cost": 35.18183364877485, "completition_cost": 0.0, "overshoot_cost": 50.61325450351568, "power_cost": 12.135309912109376, "noise_cost": 10.630817476633862, "n_waypoints_completed": 9, "tot_waypoints": 9}}
{"target": -188.28452823345586, "params": {"k_pid_pos": [1.1390676803677349, 0.0, 0.0052096250532828875], "k_pid_alt": [1.1067187606228217, 0.0, 0.012294999373082195], "k_pid_att": [37.06558639306701, 0.0001, 0.49433760584311504], "k_pid_yaw": [0.5, 1e-06, 0.1], "k_pid_hsp": [0.7105826107042293, 0.0, 0.0], "k_pid_vsp": [400.0, 12.12042776796984, 25.412094514869565]}, "datetime": {"datetime": "2025-08-21 11:39:49", "elapsed": 10506.099283695221, "delta": 16.744037866592407}, "costs": {"total_cost": 188.28452823345586, "time_cost": 71.34400000000001, "final_distance_cost": 1.8193956649765526, "oscillation_cost": 32.62721423424861, "completition_cost": 0.0, "overshoot_cost": 51.27951819539856, "power_cost": 17.553895166015625, "noise_cost": 13.660504972816506, "n_waypoints_completed": 9, "tot_waypoints": 9}}
{"target": -186.2293853537186, "params": {"k_pid_pos": [1.2845915378019883, 0.0, 0.09061179176357897], "k_pid_alt": [0.955142153193002, 0.0, 0.01069719532830277], "k_pid_att": [29.99008768455198, 0.0001, 0.5834806352870826], "k_pid_yaw": [0.5, 1e-06, 0.1], "k_pid_hsp": [0.4918260783773932, 0.0, 0.0], "k_pid_vsp": [400.0, 1e-06, 27.13346153725887]}, "datetime": {"datetime": "2025-08-21 11:40:05", "elapsed": 10522.17823600769, "delta": 16.078952312469482}, "costs": {"total_cost": 186.2293853537186, "time_cost": 71.08, "final_distance_cost": 1.8328627324727553, "oscillation_cost": 30.79751638014399, "completition_cost": 0.0, "overshoot_cost": 51.30410806415453, "power_cost": 17.710100451660157, "noise_cost": 13.504797725287135, "n_waypoints_completed": 9, "tot_waypoints": 9}}
{"target": -178.51021917835826, "params": {"k_pid_pos": [1.2373455321844142, 0.0, 0.12206279904084222], "k_pid_alt": [1.0169934353961039, 0.0, 0.009881229125832124], "k_pid_att": [27.85055145237386, 0.0001, 0.31367070729098184], "k_pid_yaw": [0.5, 1e-06, 0.1], "k_pid_hsp": [0.6973825339882188, 0.0, 0.0], "k_pid_vsp": [371.4582721368015, 1e-06, 25.52594797976937]}, "datetime": {"datetime": "2025-08-21 11:40:22", "elapsed": 10538.897436141968, "delta": 16.719200134277344}, "costs": {"total_cost": 178.51021917835826, "time_cost": 72.224, "final_distance_cost": 1.8463369496129116, "oscillation_cost": 31.536359663774853, "completition_cost": 0.0, "overshoot_cost": 51.84533233310132, "power_cost": 11.146745190429687, "noise_cost": 9.911445041439483, "n_waypoints_completed": 9, "tot_waypoints": 9}}
{"target": -181.8811673513438, "params": {"k_pid_pos": [1.1541113691470553, 0.0, 0.10097492633098319], "k_pid_alt": [1.0836533886604853, 0.0, 0.003183344194811013], "k_pid_att": [19.628199582885507, 0.0001, 0.2867814160481185], "k_pid_yaw": [0.5, 1e-06, 0.1], "k_pid_hsp": [0.6015174758979176, 0.11177490236057441, 0.0], "k_pid_vsp": [388.3362936410633, 26.933322486885302, 24.446589853998688]}, "datetime": {"datetime": "2025-08-21 11:40:38", "elapsed": 10554.842601299286, "delta": 15.945165157318115}, "costs": {"total_cost": 181.8811673513438, "time_cost": 69.83200000000001, "final_distance_cost": 1.8523712034703697, "oscillation_cost": 32.76916899581733, "completition_cost": 0.0, "overshoot_cost": 50.20779086989374, "power_cost": 15.443252185058595, "noise_cost": 11.776584097103738, "n_waypoints_completed": 9, "tot_waypoints": 9}}
{"target": -185.61853202088574, "params": {"k_pid_pos": [1.1736612045057107, 0.0, 0.04676395184210648], "k_pid_alt": [0.9048015008247923, 0.0, 0.0011535264443931202], "k_pid_att": [22.776023457590842, 0.0001, 0.5054490823805522], "k_pid_yaw": [0.5, 1e-06, 0.1], "k_pid_hsp": [0.8762258697509353, 0.0, 0.0], "k_pid_vsp": [396.83877782834077, 57.92481886215884, 25.31636168345489]}, "datetime": {"datetime": "2025-08-21 11:40:54", "elapsed": 10571.338778018951, "delta": 16.496176719665527}, "costs": {"total_cost": 185.61853202088574, "time_cost": 71.60000000000001, "final_distance_cost": 1.827648440678691, "oscillation_cost": 31.08745468553309, "completition_cost": 0.0, "overshoot_cost": 51.48579345248653, "power_cost": 16.493765673828126, "noise_cost": 13.123869768359295, "n_waypoints_completed": 9, "tot_waypoints": 9}}
{"target": -186.69195610589324, "params": {"k_pid_pos": [0.9411668263387816, 0.0, 0.0], "k_pid_alt": [0.9104235689077532, 0.0, 0.00591274886717155], "k_pid_att": [28.10820306461576, 0.0001, 0.34524556984091237], "k_pid_yaw": [0.5, 1e-06, 0.1], "k_pid_hsp": [0.6666405023515555, 0.0, 0.0], "k_pid_vsp": [378.7744555230284, 40.259998463197185, 20.619899130952675]}, "datetime": {"datetime": "2025-08-21 11:41:11", "elapsed": 10587.833630561829, "delta": 16.494852542877197}, "costs": {"total_cost": 186.69195610589324, "time_cost": 71.19200000000001, "final_distance_cost": 1.8508044332130604, "oscillation_cost": 30.002140970360212, "completition_cost": 0.0, "overshoot_cost": 50.148814066804796, "power_cost": 18.97821650390625, "noise_cost": 14.519980131608921, "n_waypoints_completed": 9, "tot_waypoints": 9}}
{"target": -187.97863248935957, "params": {"k_pid_pos": [1.36258411526318, 0.0, 0.2839111440043217], "k_pid_alt": [1.3864702251135457, 0.0, 0.0012143581309446059], "k_pid_att": [19.986449614902153, 0.0001, 0.47883089668022716], "k_pid_yaw": [0.5, 1e-06, 0.1], "k_pid_hsp": [1.352132180424226, 0.0, 0.0], "k_pid_vsp": [397.0013152073109, 36.21365444260204, 26.18734955970987]}, "datetime": {"datetime": "2025-08-21 11:41:27", "elapsed": 10604.175482988358, "delta": 16.34185242652893}, "costs": {"total_cost": 187.97863248935957, "time_cost": 69.68, "final_distance_cost": 1.8467233219200798, "oscillation_cost": 32.15105562731241, "completition_cost": 0.0, "overshoot_cost": 50.51795441642158, "power_cost": 19.68384060058594, "noise_cost": 14.099058523119547, "n_waypoints_completed": 9, "tot_waypoints": 9}}
{"target": -176.88117140368544, "params": {"k_pid_pos": [1.2543559011265601, 0.0, 0.11819766800535819], "k_pid_alt": [0.9963832655678881, 0.0, 0.0], "k_pid_att": [28.791573108612262, 0.19261243424117303, 0.6371432736205768], "k_pid_yaw": [0.5, 1e-06, 0.1], "k_pid_hsp": [0.6595110070351713, 0.0, 0.0], "k_pid_vsp": [400.0, 13.268555677425693, 36.047684574151305]}, "datetime": {"datetime": "2025-08-21 11:41:43", "elapsed": 10620.246865272522, "delta": 16.07138228416443}, "costs": {"total_cost": 176.88117140368544, "time_cost": 70.384, "final_distance_cost": 1.831714690058769, "oscillation_cost": 31.70534805979679, "completition_cost": 0.0, "overshoot_cost": 50.35174720414176, "power_cost": 11.984916967773438, "noise_cost": 10.623444481914676, "n_waypoints_completed": 9, "tot_waypoints": 9}}
{"target": -176.20921857882246, "params": {"k_pid_pos": [1.3646301409961226, 0.0, 0.054821434357630316], "k_pid_alt": [0.9353248788533614, 0.0, 0.00616950973493827], "k_pid_att": [29.73292300950198, 0.0001, 0.5641844319946894], "k_pid_yaw": [0.5, 1e-06, 0.1], "k_pid_hsp": [0.745500687786852, 0.0, 0.0], "k_pid_vsp": [400.0, 60.729264810944926, 26.436766449716707]}, "datetime": {"datetime": "2025-08-21 11:41:59", "elapsed": 10636.242470264435, "delta": 15.995604991912842}, "costs": {"total_cost": 176.20921857882246, "time_cost": 70.52, "final_distance_cost": 1.7985793973105455, "oscillation_cost": 31.527388082295037, "completition_cost": 0.0, "overshoot_cost": 50.95300721948868, "power_cost": 11.23513504638672, "noise_cost": 10.175108833341472, "n_waypoints_completed": 9, "tot_waypoints": 9}}
{"target": -193.6151283085607, "params": {"k_pid_pos": [1.280542393187647, 0.0, 0.12766621918970184], "k_pid_alt": [0.9580487528732122, 0.0, 0.008651709636715715], "k_pid_att": [54.88583041510605, 0.0001, 0.08103298828822486], "k_pid_yaw": [0.5, 1e-06, 0.1], "k_pid_hsp": [5.414562538620252, 0.0, 0.0], "k_pid_vsp": [400.0, 1e-06, 5.076785618608603]}, "datetime": {"datetime": "2025-08-21 11:42:16", "elapsed": 10652.757118940353, "delta": 16.51464867591858}, "costs": {"total_cost": 193.6151283085607, "time_cost": 71.208, "final_distance_cost": 1.8364183106316485, "oscillation_cost": 49.40006269677439, "completition_cost": 0.0, "overshoot_cost": 50.62570725160663, "power_cost": 10.098229870605469, "noise_cost": 10.44671017894256, "n_waypoints_completed": 9, "tot_waypoints": 9}}
{"target": -199.3884073503885, "params": {"k_pid_pos": [1.0935530713157988, 0.0, 0.1911375174459386], "k_pid_alt": [1.0293861341251223, 0.0, 0.011024635749315755], "k_pid_att": [7.780321359500526, 0.0001, 0.320365899190471], "k_pid_yaw": [0.5, 1e-06, 0.1], "k_pid_hsp": [0.5402844141694021, 0.0, 0.0], "k_pid_vsp": [375.21115312227005, 32.32889353996086, 26.731625244142965]}, "datetime": {"datetime": "2025-08-21 11:42:33", "elapsed": 10669.692816257477, "delta": 16.935697317123413}, "costs": {"total_cost": 199.3884073503885, "time_cost": 73.592, "final_distance_cost": 1.8430179955863102, "oscillation_cost": 32.22411855468226, "completition_cost": 0.0, "overshoot_cost": 52.588073094341574, "power_cost": 22.363905529785157, "noise_cost": 16.777292175993175, "n_waypoints_completed": 9, "tot_waypoints": 9}}
{"target": -195.06783842417988, "params": {"k_pid_pos": [1.2165981874102882, 0.0, 0.0], "k_pid_alt": [0.862340886125948, 0.0, 0.010599885655065682], "k_pid_att": [18.741532397692232, 0.0001, 0.560716156608822], "k_pid_yaw": [0.5, 1e-06, 0.1], "k_pid_hsp": [0.8924019294361942, 0.0, 0.0], "k_pid_vsp": [400.0, 13.07506483411085, 22.675381781810078]}, "datetime": {"datetime": "2025-08-21 11:42:50", "elapsed": 10687.13452243805, "delta": 17.44170618057251}, "costs": {"total_cost": 195.06783842417988, "time_cost": 76.408, "final_distance_cost": 1.8124344328082957, "oscillation_cost": 32.73760051556535, "completition_cost": 0.0, "overshoot_cost": 54.24661379704565, "power_cost": 16.440097326660158, "noise_cost": 13.42309235210043, "n_waypoints_completed": 9, "tot_waypoints": 9}}
{"target": -191.50389383692865, "params": {"k_pid_pos": [1.4809757653293514, 0.0, 0.05238841661176721], "k_pid_alt": [0.7559261311100236, 0.0, 0.0], "k_pid_att": [58.7299858272284, 0.0001, 0.4677060040286572], "k_pid_yaw": [0.5, 1e-06, 0.1], "k_pid_hsp": [1.842823213227098, 0.0, 0.0], "k_pid_vsp": [400.0, 26.297013902465377, 14.096884392763991]}, "datetime": {"datetime": "2025-08-21 11:43:07", "elapsed": 10703.775302648544, "delta": 16.640780210494995}, "costs": {"total_cost": 191.50389383692865, "time_cost": 71.04, "final_distance_cost": 1.8027755892511081, "oscillation_cost": 44.144032636917366, "completition_cost": 0.0, "overshoot_cost": 50.75903150823896, "power_cost": 12.913486596679688, "noise_cost": 10.844567505841516, "n_waypoints_completed": 9, "tot_waypoints": 9}}
{"target": -185.43564197333194, "params": {"k_pid_pos": [1.2468980590069858, 0.0, 0.049934480395605114], "k_pid_alt": [0.8029767782441898, 0.0, 0.004538076184742303], "k_pid_att": [34.05491000831779, 0.0001, 0.20192896397651366], "k_pid_yaw": [0.5, 1e-06, 0.1], "k_pid_hsp": [0.5509090951647108, 0.007440206407808661, 0.0], "k_pid_vsp": [367.4014118971703, 22.905140379010767, 34.92520637512761]}, "datetime": {"datetime": "2025-08-21 11:43:23", "elapsed": 10720.03898692131, "delta": 16.263684272766113}, "costs": {"total_cost": 185.43564197333194, "time_cost": 70.47200000000001, "final_distance_cost": 1.8227066144815107, "oscillation_cost": 31.509402377435183, "completition_cost": 0.0, "overshoot_cost": 50.66840885442616, "power_cost": 17.669226318359375, "noise_cost": 13.293897808629744, "n_waypoints_completed": 9, "tot_waypoints": 9}}
{"target": -209.32626657142242, "params": {"k_pid_pos": [1.4879616026338776, 0.0, 0.21723191222027252], "k_pid_alt": [0.7728890386101797, 0.0, 0.008368555806327688], "k_pid_att": [28.3665901623579, 0.0001, 0.6286809711816677], "k_pid_yaw": [0.5, 1e-06, 0.1], "k_pid_hsp": [0.9965604339668026, 0.0, 0.028030121469805012], "k_pid_vsp": [400.0, 12.390649646820314, 24.497971960816674]}, "datetime": {"datetime": "2025-08-21 11:43:40", "elapsed": 10736.463807582855, "delta": 16.4248206615448}, "costs": {"total_cost": 209.32626657142242, "time_cost": 72.264, "final_distance_cost": 1.7999099420780815, "oscillation_cost": 50.47630241632717, "completition_cost": 0.0, "overshoot_cost": 52.11006675425253, "power_cost": 18.741947424316407, "noise_cost": 13.934040034448216, "n_waypoints_completed": 9, "tot_waypoints": 9}}
{"target": -180.0380102859517, "params": {"k_pid_pos": [1.1658942344853824, 0.0, 0.08836273633157173], "k_pid_alt": [0.861502946946515, 0.0, 0.003382742576110308], "k_pid_att": [32.73278216333996, 0.0001, 0.5394193082100104], "k_pid_yaw": [0.5, 1e-06, 0.1], "k_pid_hsp": [0.9370287384171273, 0.0, 0.0], "k_pid_vsp": [400.0, 37.727027105063435, 17.966349805886487]}, "datetime": {"datetime": "2025-08-21 11:43:56", "elapsed": 10752.802503585815, "delta": 16.338696002960205}, "costs": {"total_cost": 180.0380102859517, "time_cost": 71.47200000000001, "final_distance_cost": 1.8490965245677315, "oscillation_cost": 32.54032604310684, "completition_cost": 0.0, "overshoot_cost": 51.10196864785717, "power_cost": 12.585112731933595, "noise_cost": 10.489506338486363, "n_waypoints_completed": 9, "tot_waypoints": 9}}
{"target": -207.5779865098736, "params": {"k_pid_pos": [0.8291803163232949, 0.0, 0.29699234062229507], "k_pid_alt": [0.40393353171224045, 0.0008915083643825604, 0.022720654439622623], "k_pid_att": [27.727196257214217, 0.0001, 0.2726873060440868], "k_pid_yaw": [0.5, 1e-06, 0.1], "k_pid_hsp": [0.6958532987253694, 0.012148197152368116, 0.0], "k_pid_vsp": [236.2453233312088, 31.59510522937543, 10.784015106415456]}, "datetime": {"datetime": "2025-08-21 11:44:16", "elapsed": 10772.832510471344, "delta": 20.030006885528564}, "costs": {"total_cost": 207.5779865098736, "time_cost": 86.04, "final_distance_cost": 1.8559656228521115, "oscillation_cost": 29.19654772403492, "completition_cost": 0.0, "overshoot_cost": 51.38827542560978, "power_cost": 22.109920068359376, "noise_cost": 16.98727766901741, "n_waypoints_completed": 9, "tot_waypoints": 9}}
{"target": -186.5037211562354, "params": {"k_pid_pos": [1.1113855213498078, 0.04548584228404401, 0.13261973565422658], "k_pid_alt": [0.9255447282798346, 0.0, 0.009684226635312878], "k_pid_att": [31.192830052387237, 0.4743005292023373, 0.6997411307080605], "k_pid_yaw": [0.5, 1e-06, 0.1], "k_pid_hsp": [0.4978533675510025, 0.0, 0.0], "k_pid_vsp": [400.0, 18.41728841702584, 25.329703783715058]}, "datetime": {"datetime": "2025-08-21 11:44:33", "elapsed": 10789.453130722046, "delta": 16.620620250701904}, "costs": {"total_cost": 186.5037211562354, "time_cost": 71.544, "final_distance_cost": 1.8390873576109872, "oscillation_cost": 31.710913724541072, "completition_cost": 0.0, "overshoot_cost": 50.76018768926659, "power_cost": 17.388860461425782, "noise_cost": 13.260671923390946, "n_waypoints_completed": 9, "tot_waypoints": 9}}
{"target": -189.84181744553646, "params": {"k_pid_pos": [1.1348680060725154, 0.0, 0.05706781330464512], "k_pid_alt": [1.2471336704572835, 0.0, 0.051738635287548615], "k_pid_att": [59.38655973055927, 0.0001, 0.16691259576284848], "k_pid_yaw": [0.5, 1e-06, 0.1], "k_pid_hsp": [0.6425939666936067, 0.0, 0.0], "k_pid_vsp": [400.0, 1e-06, 22.84587271295161]}, "datetime": {"datetime": "2025-08-21 11:44:49", "elapsed": 10805.807804346085, "delta": 16.354673624038696}, "costs": {"total_cost": 189.84181744553646, "time_cost": 71.288, "final_distance_cost": 1.8447528099136175, "oscillation_cost": 34.76873219722229, "completition_cost": 0.0, "overshoot_cost": 51.735724790431284, "power_cost": 17.179294677734376, "noise_cost": 13.025312970234925, "n_waypoints_completed": 9, "tot_waypoints": 9}}
{"target": -198.06044496394875, "params": {"k_pid_pos": [1.6155223863867179, 0.0, 0.22042264504233877], "k_pid_alt": [1.0627129506030313, 0.0, 0.0066177719699403075], "k_pid_att": [19.857123709866052, 0.22523286945048637, 0.7059897613120671], "k_pid_yaw": [0.5, 1e-06, 0.1], "k_pid_hsp": [0.7573032543433986, 0.0, 0.0], "k_pid_vsp": [400.0, 21.397758331003438, 21.147507289325517]}, "datetime": {"datetime": "2025-08-21 11:45:06", "elapsed": 10822.62044596672, "delta": 16.812641620635986}, "costs": {"total_cost": 198.06044496394875, "time_cost": 73.912, "final_distance_cost": 1.7778792870738693, "oscillation_cost": 33.801815472877834, "completition_cost": 0.0, "overshoot_cost": 53.065595437438695, "power_cost": 20.338307849121094, "noise_cost": 15.164846917437234, "n_waypoints_completed": 9, "tot_waypoints": 9}}
