{"target": -181.1588004272965, "params": {"k_pid_pos": [1.0319325429439072, 0.0, 0.09629727357515805], "k_pid_alt": [0.8898034429892248, 0.0, 0.0056169963521215515], "k_pid_att": [10.80748763988855, 0.0001, 0.6623868160415016], "k_pid_yaw": [0.5, 1e-06, 0.1], "k_pid_hsp": [0.3247590410921313, 0.0, 0.0], "k_pid_vsp": [400.0, 38.51979843810072, 16.24621506170252]}, "datetime": {"datetime": "2025-08-21 12:27:32", "elapsed": 13369.21975684166, "delta": 16.350152492523193}, "costs": {"total_cost": 181.1588004272965, "time_cost": 71.144, "final_distance_cost": 1.8444493773476427, "oscillation_cost": 29.45749459714516, "completition_cost": 0.0, "overshoot_cost": 50.98463410014353, "power_cost": 15.260927770996094, "noise_cost": 12.467294581664074, "n_waypoints_completed": 9, "tot_waypoints": 9}}
{"target": -183.8035569796532, "params": {"k_pid_pos": [2.0, 0.0, 0.2794536175115447], "k_pid_alt": [1.2008166135459952, 0.0, 0.005631891516593969], "k_pid_att": [22.33682948123379, 0.0001, 0.6181842514635565], "k_pid_yaw": [0.5, 1e-06, 0.1], "k_pid_hsp": [0.2990585024742154, 0.0, 0.0], "k_pid_vsp": [399.10143729601043, 28.38841760552318, 32.354199277815255]}, "datetime": {"datetime": "2025-08-21 12:27:48", "elapsed": 13385.428657054901, "delta": 16.208900213241577}, "costs": {"total_cost": 183.8035569796532, "time_cost": 70.384, "final_distance_cost": 1.7749967072703352, "oscillation_cost": 32.29387056067212, "completition_cost": 0.0, "overshoot_cost": 51.34308971944005, "power_cost": 15.919645617675782, "noise_cost": 12.08795437459492, "n_waypoints_completed": 9, "tot_waypoints": 9}}
{"target": -183.43723403679306, "params": {"k_pid_pos": [1.0628500053933156, 0.0, 0.17640172883748506], "k_pid_alt": [0.9635922788644662, 0.0, 0.002899926837033738], "k_pid_att": [20.13148905463193, 0.13648180327171971, 0.5277536706782202], "k_pid_yaw": [0.5, 1e-06, 0.1], "k_pid_hsp": [0.09935076863333737, 0.0, 0.0], "k_pid_vsp": [400.0, 16.69778954766458, 29.529685506498097]}, "datetime": {"datetime": "2025-08-21 12:28:06", "elapsed": 13402.753922700882, "delta": 17.325265645980835}, "costs": {"total_cost": 183.43723403679306, "time_cost": 75.528, "final_distance_cost": 1.7767116546824693, "oscillation_cost": 26.783267236096716, "completition_cost": 0.0, "overshoot_cost": 53.80198589387337, "power_cost": 13.695057421875001, "noise_cost": 11.852211830265505, "n_waypoints_completed": 9, "tot_waypoints": 9}}
{"target": -197.4806148250578, "params": {"k_pid_pos": [1.1606830143680698, 0.0, 0.14530597210751137], "k_pid_alt": [1.072976807421822, 0.0, 0.00560031164896986], "k_pid_att": [11.206647340516366, 0.0001, 0.46347078365304833], "k_pid_yaw": [0.5, 1e-06, 0.1], "k_pid_hsp": [0.7308218163368287, 0.0, 0.0], "k_pid_vsp": [400.0, 37.62707082740022, 24.947205611875027]}, "datetime": {"datetime": "2025-08-21 12:28:23", "elapsed": 13419.501551151276, "delta": 16.747628450393677}, "costs": {"total_cost": 197.4806148250578, "time_cost": 72.408, "final_distance_cost": 1.8360974986148544, "oscillation_cost": 31.318888444398798, "completition_cost": 0.0, "overshoot_cost": 52.559007334882466, "power_cost": 22.691772888183596, "noise_cost": 16.666848658978104, "n_waypoints_completed": 9, "tot_waypoints": 9}}
{"target": -205.12752770970482, "params": {"k_pid_pos": [1.2920419116910178, 0.0, 0.1527382130295023], "k_pid_alt": [0.9896228371479687, 0.0, 0.008225991030378126], "k_pid_att": [10.543405722303206, 0.0001, 0.0], "k_pid_yaw": [0.5, 1e-06, 0.1], "k_pid_hsp": [3.5941356186791733, 0.0, 0.0], "k_pid_vsp": [400.0, 22.160252723410817, 10.386004575633937]}, "datetime": {"datetime": "2025-08-21 12:28:39", "elapsed": 13435.724653244019, "delta": 16.22310209274292}, "costs": {"total_cost": 205.12752770970482, "time_cost": 71.072, "final_distance_cost": 1.8380880509409938, "oscillation_cost": 53.13439853498641, "completition_cost": 0.0, "overshoot_cost": 51.07352943395198, "power_cost": 15.636562268066408, "noise_cost": 12.372949421759015, "n_waypoints_completed": 9, "tot_waypoints": 9}}
{"target": -196.9904205856796, "params": {"k_pid_pos": [0.8927595940963351, 0.0, 0.21396381935413844], "k_pid_alt": [1.0493183653104508, 0.0, 0.009596022049848225], "k_pid_att": [21.396407658041294, 0.0001, 0.5469515725193903], "k_pid_yaw": [0.5, 1e-06, 0.1], "k_pid_hsp": [0.5507974758342482, 0.17042970241208327, 0.0], "k_pid_vsp": [372.0311919223209, 26.698810013656107, 20.78754332808017]}, "datetime": {"datetime": "2025-08-21 12:28:56", "elapsed": 13452.779277324677, "delta": 17.05462408065796}, "costs": {"total_cost": 196.9904205856796, "time_cost": 75.06400000000001, "final_distance_cost": 1.8541326460680174, "oscillation_cost": 32.83338660786568, "completition_cost": 0.0, "overshoot_cost": 52.07397808377544, "power_cost": 19.46392564697266, "noise_cost": 15.700997600997802, "n_waypoints_completed": 9, "tot_waypoints": 9}}
{"target": -190.69532852972551, "params": {"k_pid_pos": [1.1752120467090592, 0.0, 0.0], "k_pid_alt": [0.6287386789574665, 0.0, 0.010629049035474106], "k_pid_att": [37.3943252007061, 0.0001, 0.4904663551589385], "k_pid_yaw": [0.5, 1e-06, 0.1], "k_pid_hsp": [0.7323231371871575, 0.0, 0.0], "k_pid_vsp": [388.86795351510364, 24.56211793424422, 23.394593803555345]}, "datetime": {"datetime": "2025-08-21 12:29:12", "elapsed": 13469.270107030869, "delta": 16.490829706192017}, "costs": {"total_cost": 190.69532852972551, "time_cost": 72.60000000000001, "final_distance_cost": 1.8273895713520951, "oscillation_cost": 34.84488747148769, "completition_cost": 0.0, "overshoot_cost": 50.568986060196224, "power_cost": 17.53461805419922, "noise_cost": 13.319447372490279, "n_waypoints_completed": 9, "tot_waypoints": 9}}
{"target": -180.05381960170294, "params": {"k_pid_pos": [1.42080046834256, 0.0, 0.11794095708308672], "k_pid_alt": [1.08465587244311, 0.0, 0.0], "k_pid_att": [14.171539652793596, 0.0001, 0.5804267668220358], "k_pid_yaw": [0.5, 1e-06, 0.1], "k_pid_hsp": [0.2973934330168779, 0.0, 0.0], "k_pid_vsp": [400.0, 9.003455843279362, 8.300912359662734]}, "datetime": {"datetime": "2025-08-21 12:29:29", "elapsed": 13485.515891075134, "delta": 16.245784044265747}, "costs": {"total_cost": 180.05381960170294, "time_cost": 70.736, "final_distance_cost": 1.8089867200052874, "oscillation_cost": 30.89511948006853, "completition_cost": 0.0, "overshoot_cost": 51.324587749364674, "power_cost": 13.674282751464844, "noise_cost": 11.61484290079958, "n_waypoints_completed": 9, "tot_waypoints": 9}}
{"target": -192.29236219778377, "params": {"k_pid_pos": [1.1551529353027874, 0.0, 0.040706733522639926], "k_pid_alt": [0.8278705803263764, 0.0, 0.0019499159235824518], "k_pid_att": [28.053432504335007, 0.0001, 0.2901485724960081], "k_pid_yaw": [0.5, 1e-06, 0.1], "k_pid_hsp": [0.27404998601362673, 0.01345746916233509, 0.0], "k_pid_vsp": [368.5752227523941, 19.872312333439645, 29.560475243561726]}, "datetime": {"datetime": "2025-08-21 12:29:46", "elapsed": 13502.636317014694, "delta": 17.120425939559937}, "costs": {"total_cost": 192.29236219778377, "time_cost": 73.528, "final_distance_cost": 1.7983138498513827, "oscillation_cost": 31.421961784435922, "completition_cost": 0.0, "overshoot_cost": 51.171971613736325, "power_cost": 19.46500634765625, "noise_cost": 14.907108602103897, "n_waypoints_completed": 9, "tot_waypoints": 9}}
{"target": -192.3668536428793, "params": {"k_pid_pos": [1.3681994183173847, 0.0, 0.1338606713125991], "k_pid_alt": [0.949649329712034, 0.0, 0.010097816682440709], "k_pid_att": [18.806288688466573, 0.0001, 0.46326764636305556], "k_pid_yaw": [0.5, 1e-06, 0.1], "k_pid_hsp": [0.3698379621595672, 0.0, 0.0], "k_pid_vsp": [400.0, 19.838481280705295, 25.60104443927194]}, "datetime": {"datetime": "2025-08-21 12:30:03", "elapsed": 13519.679879188538, "delta": 17.043562173843384}, "costs": {"total_cost": 192.3668536428793, "time_cost": 71.264, "final_distance_cost": 1.8191452658128624, "oscillation_cost": 31.280452217784124, "completition_cost": 0.0, "overshoot_cost": 51.62485062525324, "power_cost": 21.10705625, "noise_cost": 15.271349284029109, "n_waypoints_completed": 9, "tot_waypoints": 9}}
{"target": -188.44139213188933, "params": {"k_pid_pos": [1.1827425301968142, 0.0, 0.14608673621790633], "k_pid_alt": [0.9662099038580972, 0.0, 0.011361516149621961], "k_pid_att": [23.219301262741716, 0.0001, 0.5940025888144478], "k_pid_yaw": [0.5, 1e-06, 0.1], "k_pid_hsp": [0.49490343000807596, 0.0, 0.0], "k_pid_vsp": [400.0, 29.52025399890949, 18.740530485069137]}, "datetime": {"datetime": "2025-08-21 12:30:19", "elapsed": 13536.07211637497, "delta": 16.392237186431885}, "costs": {"total_cost": 188.44139213188933, "time_cost": 70.968, "final_distance_cost": 1.8319352764849501, "oscillation_cost": 31.147155110133504, "completition_cost": 0.0, "overshoot_cost": 50.57896906434309, "power_cost": 19.640596801757813, "noise_cost": 14.274735879169949, "n_waypoints_completed": 9, "tot_waypoints": 9}}
{"target": -186.43797930950225, "params": {"k_pid_pos": [0.7622851365539612, 0.0, 0.16825478284224005], "k_pid_alt": [0.4775200891917388, 0.0, 0.03486631905050327], "k_pid_att": [24.030953088668827, 0.0001, 0.2483608693043682], "k_pid_yaw": [0.5, 1e-06, 0.1], "k_pid_hsp": [0.6174981127956338, 0.0, 0.0], "k_pid_vsp": [400.0, 31.84415058379442, 1e-06]}, "datetime": {"datetime": "2025-08-21 12:30:39", "elapsed": 13555.493654251099, "delta": 19.42153787612915}, "costs": {"total_cost": 186.43797930950225, "time_cost": 83.85600000000001, "final_distance_cost": 1.8519413939436034, "oscillation_cost": 28.19376753400849, "completition_cost": 0.0, "overshoot_cost": 51.95921679914776, "power_cost": 9.813081494140626, "noise_cost": 10.763972088261758, "n_waypoints_completed": 9, "tot_waypoints": 9}}
{"target": -1227.698424777928, "params": {"k_pid_pos": [1.1659199793110813, 0.07399883488702794, 0.176581285541932], "k_pid_alt": [1.011785926750037, 0.0, 0.002957292271363509], "k_pid_att": [25.119742852862608, 0.21899849686740924, 0.6171749942985866], "k_pid_yaw": [0.5, 1e-06, 0.1], "k_pid_hsp": [0.0001, 0.0, 0.0], "k_pid_vsp": [349.372316507461, 18.198190771181366, 16.32499331920978]}, "datetime": {"datetime": "2025-08-21 12:31:01", "elapsed": 13578.094706773758, "delta": 22.6010525226593}, "costs": {"total_cost": 1227.698424777928, "time_cost": 150, "final_distance_cost": 46.60430477356997, "oscillation_cost": 1.392495292459761, "completition_cost": 888.8888888888888, "overshoot_cost": 83.08165843186619, "power_cost": 34.739481481933595, "noise_cost": 22.991595909209803, "n_waypoints_completed": 1, "tot_waypoints": 9}}
{"target": -195.20175406015605, "params": {"k_pid_pos": [0.9465096153101296, 0.0, 0.10401195513533654], "k_pid_alt": [0.861965204582972, 0.0, 0.009701377443209336], "k_pid_att": [31.237486131306326, 0.0001, 0.5375585948542613], "k_pid_yaw": [0.5, 1e-06, 0.1], "k_pid_hsp": [0.048201359809731406, 0.0, 0.0], "k_pid_vsp": [400.0, 18.34751038934347, 21.172241672256987]}, "datetime": {"datetime": "2025-08-21 12:31:20", "elapsed": 13596.663572788239, "delta": 18.56886601448059}, "costs": {"total_cost": 195.20175406015605, "time_cost": 81.136, "final_distance_cost": 1.7575073697448476, "oscillation_cost": 20.506969483162408, "completition_cost": 0.0, "overshoot_cost": 56.163468622560345, "power_cost": 20.33323975830078, "noise_cost": 15.304568826387674, "n_waypoints_completed": 9, "tot_waypoints": 9}}
{"target": -175.98353840035227, "params": {"k_pid_pos": [1.4631069888779307, 0.0007698703515457341, 0.07589267124335658], "k_pid_alt": [1.1531940915910495, 0.0, 0.010459608553990132], "k_pid_att": [7.1707850888659195, 0.6263475747189693, 0.5838154045751127], "k_pid_yaw": [0.5, 1e-06, 0.1], "k_pid_hsp": [0.21550471144001918, 0.0, 0.0], "k_pid_vsp": [400.0, 8.205606004221075, 10.69411029645314]}, "datetime": {"datetime": "2025-08-21 12:31:36", "elapsed": 13612.874148130417, "delta": 16.210575342178345}, "costs": {"total_cost": 175.98353840035227, "time_cost": 70.72, "final_distance_cost": 1.76000937460148, "oscillation_cost": 30.919564608023457, "completition_cost": 0.0, "overshoot_cost": 51.77304915613633, "power_cost": 11.009369006347656, "noise_cost": 9.801546255243343, "n_waypoints_completed": 9, "tot_waypoints": 9}}
{"target": -176.31657505892912, "params": {"k_pid_pos": [1.2286037065043984, 0.0, 0.04085147817391617], "k_pid_alt": [1.101087244697554, 0.0, 0.0074198547457587595], "k_pid_att": [21.012376446019218, 0.0001, 0.6134025899682137], "k_pid_yaw": [0.5, 1e-06, 0.1], "k_pid_hsp": [0.5864159762972279, 0.0, 0.0], "k_pid_vsp": [395.77948154457727, 14.465448517691033, 35.87904230922972]}, "datetime": {"datetime": "2025-08-21 12:31:52", "elapsed": 13629.129289150238, "delta": 16.255141019821167}, "costs": {"total_cost": 176.31657505892912, "time_cost": 70.656, "final_distance_cost": 1.801039901839664, "oscillation_cost": 31.17892486295837, "completition_cost": 0.0, "overshoot_cost": 51.38829277028017, "power_cost": 11.434682177734375, "noise_cost": 9.857635346116538, "n_waypoints_completed": 9, "tot_waypoints": 9}}
{"target": -179.78672174926496, "params": {"k_pid_pos": [1.2675160140626551, 0.0, 0.06150737183935727], "k_pid_alt": [1.322287574915108, 0.0, 0.008833682071082618], "k_pid_att": [14.251254122634741, 0.0018073800052960793, 0.8008077421539115], "k_pid_yaw": [0.5, 1e-06, 0.1], "k_pid_hsp": [0.21851488471636119, 0.0, 0.0], "k_pid_vsp": [400.0, 21.98667048662886, 15.437030020310027]}, "datetime": {"datetime": "2025-08-21 12:32:08", "elapsed": 13645.147430896759, "delta": 16.018141746520996}, "costs": {"total_cost": 179.78672174926496, "time_cost": 69.872, "final_distance_cost": 1.7887509762295635, "oscillation_cost": 30.71555951328913, "completition_cost": 0.0, "overshoot_cost": 51.254304086167885, "power_cost": 14.66795263671875, "noise_cost": 11.48815453685965, "n_waypoints_completed": 9, "tot_waypoints": 9}}
{"target": -1202.994395825848, "params": {"k_pid_pos": [1.2445420003155325, 0.009709710298959357, 0.27592055947384275], "k_pid_alt": [1.1440369275761952, 0.0, 0.0025405655815482937], "k_pid_att": [19.394885251864128, 0.0001, 0.5652113536657495], "k_pid_yaw": [0.5, 1e-06, 0.1], "k_pid_hsp": [0.0001, 0.0, 0.0], "k_pid_vsp": [394.7151561029226, 21.668087731264215, 1e-06]}, "datetime": {"datetime": "2025-08-21 12:32:31", "elapsed": 13667.962698936462, "delta": 22.81526803970337}, "costs": {"total_cost": 1202.994395825848, "time_cost": 150, "final_distance_cost": 46.497473433477246, "oscillation_cost": 0.21752071589580974, "completition_cost": 888.8888888888888, "overshoot_cost": 82.62021893584449, "power_cost": 19.13202841796875, "noise_cost": 15.638265433772924, "n_waypoints_completed": 1, "tot_waypoints": 9}}
{"target": -175.03146600810928, "params": {"k_pid_pos": [1.1321395375958072, 0.0, 0.14443454349193385], "k_pid_alt": [0.9579064004500131, 0.0, 0.012569497699278133], "k_pid_att": [36.254851145960856, 0.0001, 0.299971791300608], "k_pid_yaw": [0.5, 1e-06, 0.1], "k_pid_hsp": [0.377511347047476, 0.0, 0.0], "k_pid_vsp": [400.0, 31.023336244104392, 22.171181803329645]}, "datetime": {"datetime": "2025-08-21 12:32:47", "elapsed": 13684.096592664719, "delta": 16.133893728256226}, "costs": {"total_cost": 175.03146600810928, "time_cost": 70.792, "final_distance_cost": 1.8473739548611485, "oscillation_cost": 29.934586028721355, "completition_cost": 0.0, "overshoot_cost": 50.66608909847553, "power_cost": 11.693213134765626, "noise_cost": 10.098203791285625, "n_waypoints_completed": 9, "tot_waypoints": 9}}
{"target": -192.8762577734747, "params": {"k_pid_pos": [1.2364783030071234, 0.0, 0.13538085138999326], "k_pid_alt": [0.7389351075921123, 0.0, 0.00930236427923725], "k_pid_att": [17.66420543441636, 0.0001, 0.7037919045863918], "k_pid_yaw": [0.5, 1e-06, 0.1], "k_pid_hsp": [0.13750402809936388, 0.0, 0.0], "k_pid_vsp": [400.0, 29.585679778734967, 24.59574562583078]}, "datetime": {"datetime": "2025-08-21 12:33:04", "elapsed": 13700.891089439392, "delta": 16.794496774673462}, "costs": {"total_cost": 192.8762577734747, "time_cost": 72.88, "final_distance_cost": 1.783162003654889, "oscillation_cost": 28.27156302090264, "completition_cost": 0.0, "overshoot_cost": 51.22601877283671, "power_cost": 21.851694763183595, "noise_cost": 16.863819212896864, "n_waypoints_completed": 9, "tot_waypoints": 9}}
{"target": -181.05333005109088, "params": {"k_pid_pos": [1.1697060882808101, 0.0, 0.15801616513648778], "k_pid_alt": [0.8203372930857751, 0.0, 0.0], "k_pid_att": [18.18960670975624, 0.03301231194846194, 0.5390032937121894], "k_pid_yaw": [0.5, 1e-06, 0.1], "k_pid_hsp": [0.9943434574244829, 0.0, 0.0], "k_pid_vsp": [388.9649924648992, 30.923440040820065, 13.968072267041993]}, "datetime": {"datetime": "2025-08-21 12:33:20", "elapsed": 13717.36832332611, "delta": 16.47723388671875}, "costs": {"total_cost": 181.05333005109088, "time_cost": 71.83200000000001, "final_distance_cost": 1.8398251096589184, "oscillation_cost": 32.17112883294043, "completition_cost": 0.0, "overshoot_cost": 50.77531873020227, "power_cost": 13.326681433105469, "noise_cost": 11.10837594518374, "n_waypoints_completed": 9, "tot_waypoints": 9}}
{"target": -171.30551396375182, "params": {"k_pid_pos": [1.2113897801795086, 0.0, 0.13193736993591623], "k_pid_alt": [1.1221348530300885, 0.0, 0.010209231835001976], "k_pid_att": [22.164305524851503, 0.0001, 0.5502967414051289], "k_pid_yaw": [0.5, 1e-06, 0.1], "k_pid_hsp": [0.5658628637958192, 0.0, 0.0], "k_pid_vsp": [400.0, 28.64637808694097, 19.978253751160207]}, "datetime": {"datetime": "2025-08-21 12:33:36", "elapsed": 13733.384597539902, "delta": 16.016274213790894}, "costs": {"total_cost": 171.30551396375182, "time_cost": 69.8, "final_distance_cost": 1.8450867158158966, "oscillation_cost": 30.995403870142745, "completition_cost": 0.0, "overshoot_cost": 50.30762649088352, "power_cost": 9.708861413574219, "noise_cost": 8.648535473335444, "n_waypoints_completed": 9, "tot_waypoints": 9}}
{"target": -180.47196726152507, "params": {"k_pid_pos": [1.1637915504665302, 0.0, 0.09298595546343405], "k_pid_alt": [1.2390850105951547, 0.0, 0.008203902279916188], "k_pid_att": [18.163605054267755, 0.0001, 0.6235513534136528], "k_pid_yaw": [0.5, 1e-06, 0.1], "k_pid_hsp": [0.2412595847878328, 0.0, 0.0], "k_pid_vsp": [400.0, 36.56171406214136, 25.339046722338914]}, "datetime": {"datetime": "2025-08-21 12:33:53", "elapsed": 13749.597992897034, "delta": 16.213395357131958}, "costs": {"total_cost": 180.47196726152507, "time_cost": 70.368, "final_distance_cost": 1.8059083273857899, "oscillation_cost": 29.16918523406843, "completition_cost": 0.0, "overshoot_cost": 51.06158038055778, "power_cost": 15.550516906738283, "noise_cost": 12.516776412774766, "n_waypoints_completed": 9, "tot_waypoints": 9}}
{"target": -183.8131785070915, "params": {"k_pid_pos": [0.9842440266581832, 0.0, 0.055815818733933355], "k_pid_alt": [1.1040941788496876, 0.0, 0.010423595640157579], "k_pid_att": [15.279734138867534, 0.0001, 0.5500414003155002], "k_pid_yaw": [0.5, 1e-06, 0.1], "k_pid_hsp": [0.3983085325228421, 0.0013166294934004235, 0.0], "k_pid_vsp": [356.46197311608256, 37.520486399948865, 24.588365923847324]}, "datetime": {"datetime": "2025-08-21 12:34:09", "elapsed": 13765.822959423065, "delta": 16.224966526031494}, "costs": {"total_cost": 183.8131785070915, "time_cost": 71.152, "final_distance_cost": 1.8462360554251396, "oscillation_cost": 29.360583011559257, "completition_cost": 0.0, "overshoot_cost": 50.97091102020959, "power_cost": 17.437862634277344, "noise_cost": 13.04558578562017, "n_waypoints_completed": 9, "tot_waypoints": 9}}
{"target": -172.44917050679163, "params": {"k_pid_pos": [1.1734104594411752, 0.0, 0.04528339492525432], "k_pid_alt": [1.3008311859189625, 0.0, 0.008395708314379424], "k_pid_att": [20.436483348933386, 0.0001, 0.7013718950010216], "k_pid_yaw": [0.5, 1e-06, 0.1], "k_pid_hsp": [0.12677537984367976, 0.0, 0.0], "k_pid_vsp": [400.0, 26.05886770155908, 15.577715974534748]}, "datetime": {"datetime": "2025-08-21 12:34:25", "elapsed": 13782.111802339554, "delta": 16.288842916488647}, "costs": {"total_cost": 172.44917050679163, "time_cost": 70.912, "final_distance_cost": 1.7858221218480699, "oscillation_cost": 28.66314280025919, "completition_cost": 0.0, "overshoot_cost": 51.903432775720006, "power_cost": 9.960138146972657, "noise_cost": 9.224634661991686, "n_waypoints_completed": 9, "tot_waypoints": 9}}
{"target": -176.75229049945764, "params": {"k_pid_pos": [1.0296292354081449, 0.0, 0.00438462196481515], "k_pid_alt": [0.836803585181698, 0.0, 0.00753896464541536], "k_pid_att": [19.478729757340783, 0.0001, 0.7566259442230778], "k_pid_yaw": [0.5, 1e-06, 0.1], "k_pid_hsp": [0.4609150532851579, 0.0034423409460271406, 0.0], "k_pid_vsp": [399.22164423008314, 7.581380466907046, 6.199738572523806]}, "datetime": {"datetime": "2025-08-21 12:34:42", "elapsed": 13798.842514038086, "delta": 16.730711698532104}, "costs": {"total_cost": 176.75229049945764, "time_cost": 71.968, "final_distance_cost": 1.8396601589055583, "oscillation_cost": 30.26755149556827, "completition_cost": 0.0, "overshoot_cost": 51.27571456834595, "power_cost": 10.929369335937501, "noise_cost": 10.471994940700343, "n_waypoints_completed": 9, "tot_waypoints": 9}}
{"target": -180.04286062531105, "params": {"k_pid_pos": [1.1102603221178997, 0.0, 0.12987926151622217], "k_pid_alt": [1.092264927455909, 0.0, 0.008239575442329646], "k_pid_att": [26.792182811513975, 0.0001, 0.5273607527219276], "k_pid_yaw": [0.5, 1e-06, 0.1], "k_pid_hsp": [0.651336688058066, 0.0, 0.0], "k_pid_vsp": [400.0, 40.66258517978075, 12.291854872537757]}, "datetime": {"datetime": "2025-08-21 12:34:58", "elapsed": 13815.289067745209, "delta": 16.446553707122803}, "costs": {"total_cost": 180.04286062531105, "time_cost": 71.296, "final_distance_cost": 1.8391354838894838, "oscillation_cost": 30.782716153302868, "completition_cost": 0.0, "overshoot_cost": 50.95899757920518, "power_cost": 13.48120574951172, "noise_cost": 11.684805659401786, "n_waypoints_completed": 9, "tot_waypoints": 9}}
