{"target": -179.20519238807222, "params": {"k_pid_pos": [1.1626945760105136, 0.0, 0.12705429705659302], "k_pid_alt": [1.2339930413925624, 0.0, 0.014112836424255997], "k_pid_att": [15.245485106435705, 0.0001, 0.6408472333549405], "k_pid_yaw": [0.5, 1e-06, 0.1], "k_pid_hsp": [0.1253473525724651, 0.0032743805954519125, 0.0], "k_pid_vsp": [400.0, 38.04683639715455, 18.519480219626008]}, "datetime": {"datetime": "2025-08-21 21:01:34", "elapsed": 44210.53903889656, "delta": 18.522493839263916}, "costs": {"total_cost": 179.20519238807222, "time_cost": 70.84, "final_distance_cost": 1.799884448979, "oscillation_cost": 27.736485732917526, "completition_cost": 0.0, "overshoot_cost": 51.61881610263397, "power_cost": 15.18165047607422, "noise_cost": 12.028355627467475, "n_waypoints_completed": 9, "tot_waypoints": 9}}
{"target": -176.0993012652135, "params": {"k_pid_pos": [1.1385908765418118, 0.0, 0.13329189069860117], "k_pid_alt": [1.1287883876367417, 0.0, 0.018246731532707526], "k_pid_att": [15.193087316006013, 0.0001, 0.6524008426738986], "k_pid_yaw": [0.5, 1e-06, 0.1], "k_pid_hsp": [0.11315082229308408, 0.0029436204099923067, 0.0], "k_pid_vsp": [398.8312977475328, 37.835370694735076, 17.022288951289756]}, "datetime": {"datetime": "2025-08-21 21:01:50", "elapsed": 44226.88253188133, "delta": 16.34349298477173}, "costs": {"total_cost": 176.0993012652135, "time_cost": 70.944, "final_distance_cost": 1.8127933259232731, "oscillation_cost": 27.604351090991358, "completition_cost": 0.0, "overshoot_cost": 51.3964140978019, "power_cost": 13.186774731445313, "noise_cost": 11.154968019051662, "n_waypoints_completed": 9, "tot_waypoints": 9}}
{"target": -178.17023698164516, "params": {"k_pid_pos": [1.124195060075132, 0.0, 0.12676321112826355], "k_pid_alt": [1.1994395849360284, 0.0, 0.020094259515984043], "k_pid_att": [15.247598506519136, 0.0001, 0.6426530811567029], "k_pid_yaw": [0.5, 1e-06, 0.1], "k_pid_hsp": [0.12663769478240275, 0.0034038434078964156, 0.0], "k_pid_vsp": [400.0, 38.175564261667525, 17.45757250048025]}, "datetime": {"datetime": "2025-08-21 21:02:08", "elapsed": 44244.437205553055, "delta": 17.554673671722412}, "costs": {"total_cost": 178.17023698164516, "time_cost": 71.248, "final_distance_cost": 1.7821857209264496, "oscillation_cost": 27.433058170359086, "completition_cost": 0.0, "overshoot_cost": 52.06385882122631, "power_cost": 13.910956542968751, "noise_cost": 11.732177726164533, "n_waypoints_completed": 9, "tot_waypoints": 9}}
{"target": -176.97867569097028, "params": {"k_pid_pos": [1.1204950377116085, 0.0, 0.11275170162205864], "k_pid_alt": [1.7573735917996176, 0.0, 0.016183232237747692], "k_pid_att": [15.120151846507962, 0.008085242002641232, 0.6281300077133235], "k_pid_yaw": [0.5, 1e-06, 0.1], "k_pid_hsp": [0.4503380724980135, 0.0032867224993311916, 0.0], "k_pid_vsp": [400.0, 42.925141445943865, 18.618244171189655]}, "datetime": {"datetime": "2025-08-21 21:02:25", "elapsed": 44261.537276506424, "delta": 17.10007095336914}, "costs": {"total_cost": 176.97867569097028, "time_cost": 70.048, "final_distance_cost": 1.8317134192537081, "oscillation_cost": 30.527838705978134, "completition_cost": 0.0, "overshoot_cost": 50.93828835812749, "power_cost": 13.000611987304689, "noise_cost": 10.632223220306267, "n_waypoints_completed": 9, "tot_waypoints": 9}}
{"target": -177.08016895590544, "params": {"k_pid_pos": [1.1261647320523676, 0.0, 0.20595724541901855], "k_pid_alt": [1.08925553486515, 0.0, 0.016272103224364662], "k_pid_att": [15.333102342287626, 0.0001, 0.633926333122154], "k_pid_yaw": [0.5, 1e-06, 0.1], "k_pid_hsp": [0.12451341676303102, 0.00302251289528703, 0.0], "k_pid_vsp": [392.35824543603655, 49.54005133869678, 7.908862916609687]}, "datetime": {"datetime": "2025-08-21 21:02:42", "elapsed": 44278.7653131485, "delta": 17.228036642074585}, "costs": {"total_cost": 177.08016895590544, "time_cost": 70.824, "final_distance_cost": 1.799443235809887, "oscillation_cost": 27.19604407762054, "completition_cost": 0.0, "overshoot_cost": 50.977164043674755, "power_cost": 14.117591796875, "noise_cost": 12.165925801925253, "n_waypoints_completed": 9, "tot_waypoints": 9}}
{"target": -167.70582895688412, "params": {"k_pid_pos": [1.1715181043219083, 0.0, 0.14027756790801976], "k_pid_alt": [1.1872867999613244, 0.0, 0.013978882480652615], "k_pid_att": [11.326727988301831, 0.0001, 0.6536873253323295], "k_pid_yaw": [0.5, 1e-06, 0.1], "k_pid_hsp": [0.1824890068079585, 0.002985746352192934, 0.0], "k_pid_vsp": [400.0, 37.131982557363614, 17.68257466868772]}, "datetime": {"datetime": "2025-08-21 21:03:01", "elapsed": 44297.65417718887, "delta": 18.888864040374756}, "costs": {"total_cost": 167.70582895688412, "time_cost": 70.416, "final_distance_cost": 1.815932798405746, "oscillation_cost": 28.834658037949136, "completition_cost": 0.0, "overshoot_cost": 51.07769300071446, "power_cost": 7.610798718261719, "noise_cost": 7.9507464015530624, "n_waypoints_completed": 9, "tot_waypoints": 9}}
{"target": -179.7733547161945, "params": {"k_pid_pos": [1.1418118744434738, 0.0, 0.1377416777987635], "k_pid_alt": [1.2037439537600088, 0.0, 0.010040003636003136], "k_pid_att": [19.96576746368726, 0.0001, 0.7791559630478544], "k_pid_yaw": [0.5, 1e-06, 0.1], "k_pid_hsp": [0.1254894348556041, 0.0007807192591031045, 0.0], "k_pid_vsp": [400.0, 29.79595226473502, 17.735563875015654]}, "datetime": {"datetime": "2025-08-21 21:03:18", "elapsed": 44314.49245285988, "delta": 16.83827567100525}, "costs": {"total_cost": 179.7733547161945, "time_cost": 70.83200000000001, "final_distance_cost": 1.8191218100199869, "oscillation_cost": 27.852224942864055, "completition_cost": 0.0, "overshoot_cost": 51.65022229383456, "power_cost": 15.370167492675781, "noise_cost": 12.249618176800077, "n_waypoints_completed": 9, "tot_waypoints": 9}}
{"target": -181.47932622543595, "params": {"k_pid_pos": [1.1795013373441905, 0.0, 0.14084839044387099], "k_pid_alt": [1.1905648228806343, 0.0, 0.015813584222457416], "k_pid_att": [17.361186349991645, 0.0001, 0.6065453367681393], "k_pid_yaw": [0.5, 1e-06, 0.1], "k_pid_hsp": [0.0972509758823005, 0.0033675020692826812, 0.0], "k_pid_vsp": [400.0, 48.28184264422268, 17.26885158389725]}, "datetime": {"datetime": "2025-08-21 21:03:35", "elapsed": 44332.084760427475, "delta": 17.592307567596436}, "costs": {"total_cost": 181.47932622543595, "time_cost": 70.936, "final_distance_cost": 1.808626097612572, "oscillation_cost": 27.41986044606208, "completition_cost": 0.0, "overshoot_cost": 51.38235884993661, "power_cost": 16.944396838378907, "noise_cost": 12.988083993445796, "n_waypoints_completed": 9, "tot_waypoints": 9}}
{"target": -181.49516866385434, "params": {"k_pid_pos": [1.117970104755777, 0.0, 0.12219424269914025], "k_pid_alt": [1.1527594794459524, 0.0, 0.01757237835249927], "k_pid_att": [15.206187087320508, 0.0001, 0.6469581972949143], "k_pid_yaw": [0.5, 1e-06, 0.1], "k_pid_hsp": [0.1260050104356834, 0.0033269964302028473, 0.0], "k_pid_vsp": [400.0, 45.13251253882552, 17.052028539842084]}, "datetime": {"datetime": "2025-08-21 21:03:53", "elapsed": 44350.068179130554, "delta": 17.983418703079224}, "costs": {"total_cost": 181.49516866385434, "time_cost": 70.672, "final_distance_cost": 1.7868400821886363, "oscillation_cost": 27.785758659075103, "completition_cost": 0.0, "overshoot_cost": 51.39279131195536, "power_cost": 17.30474528808594, "noise_cost": 12.553033322549304, "n_waypoints_completed": 9, "tot_waypoints": 9}}
{"target": -165.91844276946603, "params": {"k_pid_pos": [1.1337165581421704, 0.0, 0.14028263204158123], "k_pid_alt": [1.1675844006728382, 0.0, 0.00575188322755982], "k_pid_att": [14.415964539048726, 0.0001, 0.6465516738463686], "k_pid_yaw": [0.5, 1e-06, 0.1], "k_pid_hsp": [0.1040455336704662, 0.0008146718916503988, 0.0], "k_pid_vsp": [400.0, 47.9202554487464, 17.318079967106314]}, "datetime": {"datetime": "2025-08-21 21:04:09", "elapsed": 44365.94053173065, "delta": 15.872352600097656}, "costs": {"total_cost": 165.91844276946603, "time_cost": 70.592, "final_distance_cost": 1.7857946184353015, "oscillation_cost": 26.839753401264417, "completition_cost": 0.0, "overshoot_cost": 50.97185425554082, "power_cost": 7.674908251953125, "noise_cost": 8.054132242272383, "n_waypoints_completed": 9, "tot_waypoints": 9}}
{"target": -172.41741605297403, "params": {"k_pid_pos": [1.1144060953875092, 0.0, 0.12511138801064245], "k_pid_alt": [1.2005626923463626, 0.0, 0.017188264125583417], "k_pid_att": [15.38733708954369, 0.0001, 0.6226082328144237], "k_pid_yaw": [0.5, 1e-06, 0.1], "k_pid_hsp": [0.12344208196482863, 0.003505271306905959, 0.0], "k_pid_vsp": [400.0, 48.84458566469339, 16.67624667898961]}, "datetime": {"datetime": "2025-08-21 21:04:27", "elapsed": 44383.57021522522, "delta": 17.62968349456787}, "costs": {"total_cost": 172.41741605297403, "time_cost": 70.4, "final_distance_cost": 1.7976329247977267, "oscillation_cost": 27.698133072222376, "completition_cost": 0.0, "overshoot_cost": 51.167778774411346, "power_cost": 11.314795581054687, "noise_cost": 10.039075700487887, "n_waypoints_completed": 9, "tot_waypoints": 9}}
{"target": -189.75166891074605, "params": {"k_pid_pos": [1.1258000148069633, 0.0, 0.14153022304643953], "k_pid_alt": [1.193376693824997, 0.0, 0.016403136937760087], "k_pid_att": [16.026103435255386, 0.0001, 0.6356528940395039], "k_pid_yaw": [0.5, 1e-06, 0.1], "k_pid_hsp": [0.09659788277213409, 0.0019537762147315316, 0.0], "k_pid_vsp": [400.0, 35.20604217894133, 17.229964800187318]}, "datetime": {"datetime": "2025-08-21 21:04:43", "elapsed": 44400.33302426338, "delta": 16.76280903816223}, "costs": {"total_cost": 189.75166891074605, "time_cost": 71.608, "final_distance_cost": 1.7896097866519867, "oscillation_cost": 26.37334736823115, "completition_cost": 0.0, "overshoot_cost": 51.6741334933618, "power_cost": 22.328252392578126, "noise_cost": 15.978325869922982, "n_waypoints_completed": 9, "tot_waypoints": 9}}
{"target": -174.88522218168526, "params": {"k_pid_pos": [1.1547710946578609, 0.0, 0.12346882893494882], "k_pid_alt": [1.3350072493480407, 0.0, 0.014736240485340581], "k_pid_att": [16.21099387477854, 0.0001, 0.5335781431284959], "k_pid_yaw": [0.5, 1e-06, 0.1], "k_pid_hsp": [0.17475291919471997, 0.008325440937302125, 0.0], "k_pid_vsp": [399.99667856786255, 48.013670473437124, 25.133886535635533]}, "datetime": {"datetime": "2025-08-21 21:05:00", "elapsed": 44417.2850022316, "delta": 16.951977968215942}, "costs": {"total_cost": 174.88522218168526, "time_cost": 70.08, "final_distance_cost": 1.8068700824137864, "oscillation_cost": 29.077389078222883, "completition_cost": 0.0, "overshoot_cost": 51.385144918473905, "power_cost": 12.42271649169922, "noise_cost": 10.113101610875479, "n_waypoints_completed": 9, "tot_waypoints": 9}}
{"target": -227.64618855319318, "params": {"k_pid_pos": [1.124579652907891, 0.0, 0.1364396271443373], "k_pid_alt": [1.2201357453758712, 0.0, 0.0027782883754631556], "k_pid_att": [19.666923421498502, 0.0001, 0.6143134811904187], "k_pid_yaw": [0.5, 1e-06, 0.1], "k_pid_hsp": [0.10560990515450022, 0.0025802086871674497, 0.0], "k_pid_vsp": [399.1703672973734, 0.42090816362495787, 23.25592370131004]}, "datetime": {"datetime": "2025-08-21 21:05:21", "elapsed": 44438.36991858482, "delta": 21.084916353225708}, "costs": {"total_cost": 227.64618855319318, "time_cost": 84.44, "final_distance_cost": 1.801879155538952, "oscillation_cost": 28.63413812606244, "completition_cost": 0.0, "overshoot_cost": 60.94887927752015, "power_cost": 27.55294285888672, "noise_cost": 24.268349135184906, "n_waypoints_completed": 9, "tot_waypoints": 9}}
{"target": -172.9811317317221, "params": {"k_pid_pos": [1.1217333764215576, 0.0, 0.1393896152452903], "k_pid_alt": [1.1672404812358312, 0.0, 0.015194417258025414], "k_pid_att": [15.449965361062617, 0.0001, 0.6409053002428035], "k_pid_yaw": [0.5, 1e-06, 0.1], "k_pid_hsp": [0.1276647327712078, 0.002896865000435822, 0.0], "k_pid_vsp": [395.41597699847836, 32.18551793744749, 20.162648759238657]}, "datetime": {"datetime": "2025-08-21 21:05:38", "elapsed": 44455.296802043915, "delta": 16.926883459091187}, "costs": {"total_cost": 172.9811317317221, "time_cost": 71.392, "final_distance_cost": 1.7826263837075802, "oscillation_cost": 27.34883501137151, "completition_cost": 0.0, "overshoot_cost": 52.15841150368379, "power_cost": 10.751362817382812, "noise_cost": 9.547896015576423, "n_waypoints_completed": 9, "tot_waypoints": 9}}
{"target": -169.707375159299, "params": {"k_pid_pos": [1.1226802463998826, 0.0, 0.1605668073058592], "k_pid_alt": [1.1846781654359788, 0.0, 0.011093621554110759], "k_pid_att": [13.761694082438774, 0.0001, 0.6333803737104634], "k_pid_yaw": [0.5, 1e-06, 0.1], "k_pid_hsp": [0.12975227505147663, 0.0034220864092828394, 0.0], "k_pid_vsp": [396.00825669636913, 30.751835096854435, 18.332405584145913]}, "datetime": {"datetime": "2025-08-21 21:05:56", "elapsed": 44472.50184440613, "delta": 17.205042362213135}, "costs": {"total_cost": 169.707375159299, "time_cost": 71.06400000000001, "final_distance_cost": 1.7950161339508657, "oscillation_cost": 27.54047025962359, "completition_cost": 0.0, "overshoot_cost": 51.55496257331735, "power_cost": 9.448571057128907, "noise_cost": 8.304355135278282, "n_waypoints_completed": 9, "tot_waypoints": 9}}
{"target": -168.82696697652474, "params": {"k_pid_pos": [1.142413440579648, 0.0, 0.33577488792576926], "k_pid_alt": [1.5913868504917523, 0.0, 0.00913591442735519], "k_pid_att": [14.771601304096448, 0.0001, 0.6487203304793117], "k_pid_yaw": [0.5, 1e-06, 0.1], "k_pid_hsp": [0.1479862738040476, 0.002781056987574513, 0.0], "k_pid_vsp": [400.0, 28.046543309023978, 37.406870283601066]}, "datetime": {"datetime": "2025-08-21 21:06:12", "elapsed": 44488.64915728569, "delta": 16.147312879562378}, "costs": {"total_cost": 168.82696697652474, "time_cost": 70.584, "final_distance_cost": 1.8188147734892728, "oscillation_cost": 26.705212553513814, "completition_cost": 0.0, "overshoot_cost": 51.400099663180484, "power_cost": 9.522445678710938, "noise_cost": 8.796394307630196, "n_waypoints_completed": 9, "tot_waypoints": 9}}
{"target": -188.13731515157502, "params": {"k_pid_pos": [1.134641281801848, 0.0, 0.11930110800743192], "k_pid_alt": [1.2348648454417774, 0.0, 0.01553060002494307], "k_pid_att": [10.988790995149547, 0.0001, 0.6165052135000461], "k_pid_yaw": [0.5, 1e-06, 0.1], "k_pid_hsp": [0.11947091810644972, 0.0016036654491942313, 0.0], "k_pid_vsp": [400.0, 33.7546140605482, 15.152336376673272]}, "datetime": {"datetime": "2025-08-21 21:06:30", "elapsed": 44507.27902150154, "delta": 18.62986421585083}, "costs": {"total_cost": 188.13731515157502, "time_cost": 70.76, "final_distance_cost": 1.8068281135932063, "oscillation_cost": 27.6795374413474, "completition_cost": 0.0, "overshoot_cost": 51.23421655503453, "power_cost": 21.245134777832032, "noise_cost": 15.411598263767873, "n_waypoints_completed": 9, "tot_waypoints": 9}}
{"target": -172.1634977455829, "params": {"k_pid_pos": [1.1387374867594375, 0.0, 0.10171028478272753], "k_pid_alt": [1.1980388716003556, 0.0, 0.02069144843243293], "k_pid_att": [15.747266731610054, 0.0001, 0.6372804178895477], "k_pid_yaw": [0.5, 1e-06, 0.1], "k_pid_hsp": [0.0943167605312974, 0.003979216532167125, 0.0], "k_pid_vsp": [399.9853003322818, 75.8713630012811, 5.833277911796699]}, "datetime": {"datetime": "2025-08-21 21:06:47", "elapsed": 44523.705669641495, "delta": 16.426648139953613}, "costs": {"total_cost": 172.1634977455829, "time_cost": 70.896, "final_distance_cost": 1.7778827566084998, "oscillation_cost": 27.223335670484655, "completition_cost": 0.0, "overshoot_cost": 51.38205817036007, "power_cost": 10.511491906738282, "noise_cost": 10.372729241391372, "n_waypoints_completed": 9, "tot_waypoints": 9}}
{"target": -185.8496292243913, "params": {"k_pid_pos": [1.1167221057953538, 0.0, 0.13123415614937636], "k_pid_alt": [1.2244859951581246, 0.0, 0.014740460901359484], "k_pid_att": [15.045251836720695, 0.0001, 0.6406142343337793], "k_pid_yaw": [0.5, 1e-06, 0.1], "k_pid_hsp": [0.07306300423767391, 0.0034473969327280317, 0.0], "k_pid_vsp": [400.0, 42.708487380735086, 15.667385125661276]}, "datetime": {"datetime": "2025-08-21 21:07:06", "elapsed": 44542.66769385338, "delta": 18.962024211883545}, "costs": {"total_cost": 185.8496292243913, "time_cost": 73.392, "final_distance_cost": 1.7568458371001416, "oscillation_cost": 25.536591034261185, "completition_cost": 0.0, "overshoot_cost": 53.48181185209449, "power_cost": 18.21422225341797, "noise_cost": 13.468158247517504, "n_waypoints_completed": 9, "tot_waypoints": 9}}
{"target": -179.0478452718849, "params": {"k_pid_pos": [1.1489865325085797, 0.0, 0.127011806825333], "k_pid_alt": [1.165853096048085, 0.0, 0.0], "k_pid_att": [15.39003225412238, 0.0001, 0.5752272467368011], "k_pid_yaw": [0.5, 1e-06, 0.1], "k_pid_hsp": [0.20499307117405624, 0.0007503287160716156, 0.0], "k_pid_vsp": [400.0, 43.18514670856712, 17.335870204028783]}, "datetime": {"datetime": "2025-08-21 21:07:22", "elapsed": 44559.202068567276, "delta": 16.534374713897705}, "costs": {"total_cost": 179.0478452718849, "time_cost": 69.792, "final_distance_cost": 1.8271385281265122, "oscillation_cost": 29.127341317742943, "completition_cost": 0.0, "overshoot_cost": 50.73971380182927, "power_cost": 15.17532205810547, "noise_cost": 12.386329566080704, "n_waypoints_completed": 9, "tot_waypoints": 9}}
{"target": -175.246507485819, "params": {"k_pid_pos": [1.109969030285075, 0.0, 0.1400627816505414], "k_pid_alt": [1.1915247878015187, 0.0, 0.01619252862201892], "k_pid_att": [13.900275436831581, 0.0001, 0.6268820540098573], "k_pid_yaw": [0.5, 1e-06, 0.1], "k_pid_hsp": [0.3024134110357716, 0.0033392243354254665, 0.0], "k_pid_vsp": [400.0, 47.2856414639682, 16.077717869763468]}, "datetime": {"datetime": "2025-08-21 21:07:40", "elapsed": 44576.46331334114, "delta": 17.261244773864746}, "costs": {"total_cost": 175.246507485819, "time_cost": 70.016, "final_distance_cost": 1.8298137252581639, "oscillation_cost": 29.742070337780415, "completition_cost": 0.0, "overshoot_cost": 50.0645985922877, "power_cost": 13.137398193359376, "noise_cost": 10.456626637133335, "n_waypoints_completed": 9, "tot_waypoints": 9}}
{"target": -177.0585231089926, "params": {"k_pid_pos": [1.1238482603631854, 0.0, 0.13756854323388182], "k_pid_alt": [1.1775633256003282, 0.0, 0.01599471948364197], "k_pid_att": [15.612621682708989, 0.0001, 0.630867322800845], "k_pid_yaw": [0.5, 1e-06, 0.1], "k_pid_hsp": [0.12712864292351186, 0.003396551722929783, 0.0], "k_pid_vsp": [400.0, 43.80092312616221, 17.48202542616617]}, "datetime": {"datetime": "2025-08-21 21:07:57", "elapsed": 44593.7236225605, "delta": 17.26030921936035}, "costs": {"total_cost": 177.0585231089926, "time_cost": 70.70400000000001, "final_distance_cost": 1.8112230526690216, "oscillation_cost": 27.627463681091985, "completition_cost": 0.0, "overshoot_cost": 51.33438395550349, "power_cost": 14.183516662597658, "noise_cost": 11.39793575713043, "n_waypoints_completed": 9, "tot_waypoints": 9}}
{"target": -172.2385680866526, "params": {"k_pid_pos": [1.1288981613841675, 0.0, 0.14603414311797522], "k_pid_alt": [1.2933989645219246, 0.0, 0.01265873200582533], "k_pid_att": [14.6712636673807, 0.0001, 0.6654607686040056], "k_pid_yaw": [0.5, 1e-06, 0.1], "k_pid_hsp": [0.12128303907582316, 0.0021088642197050634, 0.0], "k_pid_vsp": [399.2204070888449, 54.28935113775174, 17.22665527198339]}, "datetime": {"datetime": "2025-08-21 21:08:13", "elapsed": 44609.895404577255, "delta": 16.17178201675415}, "costs": {"total_cost": 172.2385680866526, "time_cost": 69.992, "final_distance_cost": 1.7849557298592247, "oscillation_cost": 27.4893915178218, "completition_cost": 0.0, "overshoot_cost": 50.650701203287625, "power_cost": 11.933733581542969, "noise_cost": 10.387786054140973, "n_waypoints_completed": 9, "tot_waypoints": 9}}
{"target": -165.76497884956729, "params": {"k_pid_pos": [1.1240434194034092, 0.0, 0.13874522344859314], "k_pid_alt": [1.1929457604730327, 0.0, 0.01594404919183033], "k_pid_att": [15.314842488375335, 0.0001, 0.6367857441339009], "k_pid_yaw": [0.5, 1e-06, 0.1], "k_pid_hsp": [0.1279034356248491, 0.003236825608047637, 0.0], "k_pid_vsp": [400.0, 43.911930801044605, 17.516733096013837]}, "datetime": {"datetime": "2025-08-21 21:08:33", "elapsed": 44630.36975622177, "delta": 20.47435164451599}, "costs": {"total_cost": 165.76497884956729, "time_cost": 70.08800000000001, "final_distance_cost": 1.7981256913461798, "oscillation_cost": 27.605685622293304, "completition_cost": 0.0, "overshoot_cost": 50.36471948070767, "power_cost": 7.924520690917969, "noise_cost": 7.983927364302122, "n_waypoints_completed": 9, "tot_waypoints": 9}}
{"target": -174.6375849776734, "params": {"k_pid_pos": [1.1294406523054632, 0.0, 0.02857558007392115], "k_pid_alt": [1.3830409503978214, 0.0, 0.0], "k_pid_att": [11.001413046835651, 0.0001, 0.052163572903172195], "k_pid_yaw": [0.5, 1e-06, 0.1], "k_pid_hsp": [0.29779069486237786, 0.004262202373115805, 0.0], "k_pid_vsp": [356.6132576479703, 43.73286082543128, 28.6495897745909]}, "datetime": {"datetime": "2025-08-21 21:08:53", "elapsed": 44650.39448976517, "delta": 20.024733543395996}, "costs": {"total_cost": 174.6375849776734, "time_cost": 69.936, "final_distance_cost": 1.8014875359162528, "oscillation_cost": 31.494598273582103, "completition_cost": 0.0, "overshoot_cost": 51.115845086335234, "power_cost": 10.896335668945312, "noise_cost": 9.393318412894496, "n_waypoints_completed": 9, "tot_waypoints": 9}}
