{"target": -193.24021672440293, "params": {"k_pid_pos": [1.1971735785282407, 0.0, 0.08863576617998283], "k_pid_alt": [1.2613551712195887, 0.0, 0.006860521077829779], "k_pid_att": [19.65960747473734, 0.0001, 0.7523423643428332], "k_pid_yaw": [0.5, 1e-06, 0.1], "k_pid_hsp": [0.21419692664202344, 0.0, 0.0], "k_pid_vsp": [400.0, 24.551549021308638, 14.09812042229864]}, "datetime": {"datetime": "2025-08-21 12:43:17", "elapsed": 14313.747790813446, "delta": 16.080259561538696}, "costs": {"total_cost": 193.24021672440293, "time_cost": 70.752, "final_distance_cost": 1.798552620076194, "oscillation_cost": 29.727252994844854, "completition_cost": 0.0, "overshoot_cost": 51.64339622836342, "power_cost": 22.941714160156252, "noise_cost": 16.37730072096221, "n_waypoints_completed": 9, "tot_waypoints": 9}}
{"target": -176.7690092629369, "params": {"k_pid_pos": [1.1817868062355603, 0.0, 0.0], "k_pid_alt": [1.5928996429958633, 0.0, 0.01127593270903314], "k_pid_att": [40.00852157586344, 0.0001, 0.4891532232235733], "k_pid_yaw": [0.5, 1e-06, 0.1], "k_pid_hsp": [0.13293024766954437, 0.0005017431685933561, 0.0], "k_pid_vsp": [398.64085790935866, 38.11482158752695, 7.214269504375665]}, "datetime": {"datetime": "2025-08-21 12:43:33", "elapsed": 14329.935709953308, "delta": 16.18791913986206}, "costs": {"total_cost": 176.7690092629369, "time_cost": 70.304, "final_distance_cost": 1.7873500240066822, "oscillation_cost": 28.880270026041135, "completition_cost": 0.0, "overshoot_cost": 51.779938250456915, "power_cost": 12.643559838867189, "noise_cost": 11.373891123564952, "n_waypoints_completed": 9, "tot_waypoints": 9}}
{"target": -183.82476247029138, "params": {"k_pid_pos": [1.0967343925755753, 0.0, 0.14607778655685083], "k_pid_alt": [1.02952098657672, 0.0, 0.008068419104622294], "k_pid_att": [16.88794790739377, 0.0001, 0.45153641955011575], "k_pid_yaw": [0.5, 1e-06, 0.1], "k_pid_hsp": [0.514748024044229, 0.0, 0.0], "k_pid_vsp": [400.0, 34.314469937762446, 31.487894156869906]}, "datetime": {"datetime": "2025-08-21 12:43:49", "elapsed": 14345.99889755249, "delta": 16.06318759918213}, "costs": {"total_cost": 183.82476247029138, "time_cost": 70.584, "final_distance_cost": 1.8455015059593731, "oscillation_cost": 30.364672997986965, "completition_cost": 0.0, "overshoot_cost": 50.51288782773115, "power_cost": 17.04470477294922, "noise_cost": 13.472995365664646, "n_waypoints_completed": 9, "tot_waypoints": 9}}
{"target": -186.94478031180012, "params": {"k_pid_pos": [1.1747241252330654, 0.0, 0.12780765514817408], "k_pid_alt": [0.9657165575916212, 0.0, 0.010146722789004138], "k_pid_att": [27.896093000520494, 0.0001, 0.46385451623646035], "k_pid_yaw": [0.5, 1e-06, 0.1], "k_pid_hsp": [0.12347437561707507, 0.0, 0.0], "k_pid_vsp": [400.0, 9.257547971943213, 21.86658962896833]}, "datetime": {"datetime": "2025-08-21 12:44:06", "elapsed": 14362.54212975502, "delta": 16.543232202529907}, "costs": {"total_cost": 186.94478031180012, "time_cost": 72.208, "final_distance_cost": 1.8014471474318436, "oscillation_cost": 27.367863531820984, "completition_cost": 0.0, "overshoot_cost": 52.212371302206506, "power_cost": 18.960332812500003, "noise_cost": 14.394765517840765, "n_waypoints_completed": 9, "tot_waypoints": 9}}
{"target": -183.27664870500854, "params": {"k_pid_pos": [1.1541823387711492, 0.0, 0.1553748895948389], "k_pid_alt": [0.9866271037014819, 0.0, 0.009562760198060433], "k_pid_att": [61.00815990924471, 0.0001, 0.45052561019006954], "k_pid_yaw": [0.5, 1e-06, 0.1], "k_pid_hsp": [0.20514455550572433, 0.0, 0.0], "k_pid_vsp": [386.45333178692175, 22.93736616581507, 11.202349863462791]}, "datetime": {"datetime": "2025-08-21 12:44:22", "elapsed": 14378.960020542145, "delta": 16.417890787124634}, "costs": {"total_cost": 183.27664870500854, "time_cost": 71.2, "final_distance_cost": 1.8160877995126667, "oscillation_cost": 34.12271673555139, "completition_cost": 0.0, "overshoot_cost": 50.86851668537809, "power_cost": 13.681709411621094, "noise_cost": 11.587618072945311, "n_waypoints_completed": 9, "tot_waypoints": 9}}
{"target": -177.74527984449742, "params": {"k_pid_pos": [1.1647422634137994, 0.0, 0.26380537191970643], "k_pid_alt": [0.9336952213682328, 0.0, 0.0018630681353604575], "k_pid_att": [19.658571580185544, 0.0001, 0.5881225983448448], "k_pid_yaw": [0.5, 1e-06, 0.1], "k_pid_hsp": [0.14580135656757692, 0.0, 0.0], "k_pid_vsp": [396.24832186174785, 26.711297797130236, 1e-06]}, "datetime": {"datetime": "2025-08-21 12:44:39", "elapsed": 14395.452821731567, "delta": 16.492801189422607}, "costs": {"total_cost": 177.74527984449742, "time_cost": 71.984, "final_distance_cost": 1.8100391679401768, "oscillation_cost": 26.84698059909963, "completition_cost": 0.0, "overshoot_cost": 51.58958566305558, "power_cost": 13.436516076660157, "noise_cost": 12.078158337741883, "n_waypoints_completed": 9, "tot_waypoints": 9}}
{"target": -179.0671927528597, "params": {"k_pid_pos": [0.9087679427191842, 0.0, 0.09140612520001218], "k_pid_alt": [1.0424463811935445, 0.0, 0.005021852603891939], "k_pid_att": [2.413053736062876, 0.0001, 0.43899884063622147], "k_pid_yaw": [0.5, 1e-06, 0.1], "k_pid_hsp": [0.6153670635752233, 0.0, 0.0], "k_pid_vsp": [364.72272185757834, 21.48537026218069, 10.507639189662928]}, "datetime": {"datetime": "2025-08-21 12:44:55", "elapsed": 14412.269926786423, "delta": 16.817105054855347}, "costs": {"total_cost": 179.0671927528597, "time_cost": 72.16, "final_distance_cost": 1.8490471698528523, "oscillation_cost": 30.849611856341635, "completition_cost": 0.0, "overshoot_cost": 51.62575978502832, "power_cost": 12.12084375, "noise_cost": 10.461930191636885, "n_waypoints_completed": 9, "tot_waypoints": 9}}
{"target": -199.93333642116625, "params": {"k_pid_pos": [0.6137211420134607, 0.0, 0.1290761459472484], "k_pid_alt": [1.0342362821859723, 0.0, 0.006055838754681246], "k_pid_att": [18.77840691169353, 0.0001, 0.6071052553026696], "k_pid_yaw": [0.5, 1e-06, 0.1], "k_pid_hsp": [1.278673921118751, 0.0, 0.0], "k_pid_vsp": [399.2217763082238, 25.761187892163896, 25.686510552870597]}, "datetime": {"datetime": "2025-08-21 12:45:14", "elapsed": 14430.593439340591, "delta": 18.3235125541687}, "costs": {"total_cost": 199.93333642116625, "time_cost": 81.896, "final_distance_cost": 1.854352990816635, "oscillation_cost": 28.905478339301897, "completition_cost": 0.0, "overshoot_cost": 52.19214815774858, "power_cost": 19.119012829589845, "noise_cost": 15.96634410370927, "n_waypoints_completed": 9, "tot_waypoints": 9}}
{"target": -179.26710236555664, "params": {"k_pid_pos": [1.1489798986177324, 0.0, 0.1036523067654257], "k_pid_alt": [1.0349202560559174, 0.0, 0.0017759374369123943], "k_pid_att": [29.911226144526637, 0.33015047013148163, 0.7303862933279242], "k_pid_yaw": [0.5, 1e-06, 0.1], "k_pid_hsp": [0.6568204662420165, 0.0, 0.0], "k_pid_vsp": [400.0, 31.327617096813338, 48.522907805126735]}, "datetime": {"datetime": "2025-08-21 12:45:30", "elapsed": 14446.84252691269, "delta": 16.24908757209778}, "costs": {"total_cost": 179.26710236555664, "time_cost": 70.4, "final_distance_cost": 1.8383135860308861, "oscillation_cost": 34.33931796447355, "completition_cost": 0.0, "overshoot_cost": 50.55490394627751, "power_cost": 11.898900830078125, "noise_cost": 10.235666038696547, "n_waypoints_completed": 9, "tot_waypoints": 9}}
{"target": -183.98564772689863, "params": {"k_pid_pos": [1.1769638748478324, 0.0, 0.08847276310620603], "k_pid_alt": [1.0923764731370618, 0.0, 0.004968934666998188], "k_pid_att": [21.725481778050934, 0.0001, 0.6609765102138263], "k_pid_yaw": [0.5, 1e-06, 0.1], "k_pid_hsp": [0.22254747143384268, 0.0, 0.0], "k_pid_vsp": [400.0, 32.656585598906545, 11.444348025380936]}, "datetime": {"datetime": "2025-08-21 12:45:46", "elapsed": 14462.86263179779, "delta": 16.02010488510132}, "costs": {"total_cost": 183.98564772689863, "time_cost": 70.224, "final_distance_cost": 1.8017728149717172, "oscillation_cost": 29.628826720793487, "completition_cost": 0.0, "overshoot_cost": 50.808084572162905, "power_cost": 17.793806384277346, "noise_cost": 13.729157234693194, "n_waypoints_completed": 9, "tot_waypoints": 9}}
{"target": -217.7797140173306, "params": {"k_pid_pos": [1.0569231902381524, 0.0, 0.11769243942316822], "k_pid_alt": [1.0421569628651397, 0.0, 0.010753135547133072], "k_pid_att": [59.52403939776034, 0.0001, 0.22815212519802375], "k_pid_yaw": [0.5, 1e-06, 0.1], "k_pid_hsp": [6.184040681181922, 0.0, 0.0], "k_pid_vsp": [400.0, 9.450473553761888, 17.694567825580542]}, "datetime": {"datetime": "2025-08-21 12:46:04", "elapsed": 14480.618680715561, "delta": 17.756048917770386}, "costs": {"total_cost": 217.7797140173306, "time_cost": 75.912, "final_distance_cost": 1.8429325590561487, "oscillation_cost": 49.658873712753284, "completition_cost": 0.0, "overshoot_cost": 52.729149588648056, "power_cost": 21.56914517822266, "noise_cost": 16.067612978650445, "n_waypoints_completed": 9, "tot_waypoints": 9}}
{"target": -176.37567360054243, "params": {"k_pid_pos": [1.0122136350431026, 0.0, 0.0], "k_pid_alt": [0.9697195194053195, 0.0, 0.0], "k_pid_att": [21.408998311635123, 0.0001, 0.6039817851561239], "k_pid_yaw": [0.5, 1e-06, 0.1], "k_pid_hsp": [0.5044307858556488, 0.07679661370680074, 0.0], "k_pid_vsp": [351.1818633162484, 33.77602482384513, 19.33966735905699]}, "datetime": {"datetime": "2025-08-21 12:46:20", "elapsed": 14497.225220680237, "delta": 16.606539964675903}, "costs": {"total_cost": 176.37567360054243, "time_cost": 70.008, "final_distance_cost": 1.8476796144309435, "oscillation_cost": 31.98509291794014, "completition_cost": 0.0, "overshoot_cost": 50.20779921767747, "power_cost": 12.141353369140626, "noise_cost": 10.185748481353254, "n_waypoints_completed": 9, "tot_waypoints": 9}}
{"target": -1198.0760512218967, "params": {"k_pid_pos": [1.1468755309620766, 0.0, 0.12812165846589196], "k_pid_alt": [1.2400166600889146, 0.0, 0.002571518426997304], "k_pid_att": [16.876517954203663, 0.0001, 0.4538650670177711], "k_pid_yaw": [0.5, 1e-06, 0.1], "k_pid_hsp": [0.0001, 0.0, 0.0], "k_pid_vsp": [346.8172431398883, 31.054678223377056, 6.346806196577566]}, "datetime": {"datetime": "2025-08-21 12:46:43", "elapsed": 14520.181718111038, "delta": 22.95649743080139}, "costs": {"total_cost": 1198.0760512218967, "time_cost": 150, "final_distance_cost": 46.33292919787047, "oscillation_cost": 0.21693083396450666, "completition_cost": 888.8888888888888, "overshoot_cost": 81.38744220434616, "power_cost": 16.795479650878907, "noise_cost": 14.45438044594799, "n_waypoints_completed": 1, "tot_waypoints": 9}}
{"target": -185.2212138189958, "params": {"k_pid_pos": [1.0537976913981004, 0.0, 0.002189407507820887], "k_pid_alt": [1.131352440745798, 0.0, 0.00047542377205839724], "k_pid_att": [14.886570060981716, 0.0001, 0.46885787633479364], "k_pid_yaw": [0.5, 1e-06, 0.1], "k_pid_hsp": [0.18148615053825315, 0.0, 0.0], "k_pid_vsp": [400.0, 1e-06, 8.278067128172932]}, "datetime": {"datetime": "2025-08-21 12:47:00", "elapsed": 14536.678867578506, "delta": 16.49714946746826}, "costs": {"total_cost": 185.2212138189958, "time_cost": 71.608, "final_distance_cost": 1.8050948594146128, "oscillation_cost": 28.793237907502547, "completition_cost": 0.0, "overshoot_cost": 51.923248537525545, "power_cost": 17.555859716796874, "noise_cost": 13.535772797756236, "n_waypoints_completed": 9, "tot_waypoints": 9}}
{"target": -182.1776607476426, "params": {"k_pid_pos": [1.194311859888036, 0.0, 0.06604168072038248], "k_pid_alt": [1.0177493091493461, 0.0, 0.008895584473425443], "k_pid_att": [39.66347845173936, 0.0001, 0.26447575062465606], "k_pid_yaw": [0.5, 1e-06, 0.1], "k_pid_hsp": [0.2683475487882821, 0.01512145875443262, 0.0], "k_pid_vsp": [388.29205184122577, 45.821659264360115, 24.131111012931576]}, "datetime": {"datetime": "2025-08-21 12:47:16", "elapsed": 14552.650057554245, "delta": 15.971189975738525}, "costs": {"total_cost": 182.1776607476426, "time_cost": 70.776, "final_distance_cost": 1.8258262738689854, "oscillation_cost": 30.381850314966538, "completition_cost": 0.0, "overshoot_cost": 50.84655850769111, "power_cost": 15.751466650390626, "noise_cost": 12.595959000725333, "n_waypoints_completed": 9, "tot_waypoints": 9}}
{"target": -1181.797838105179, "params": {"k_pid_pos": [1.135854160211578, 0.0, 0.10456918135538154], "k_pid_alt": [1.088814544596712, 0.0, 0.011561705463909992], "k_pid_att": [25.28755463353742, 0.0001, 0.46881761082868345], "k_pid_yaw": [0.5, 1e-06, 0.1], "k_pid_hsp": [0.0001, 0.0, 0.0], "k_pid_vsp": [400.0, 32.61968314833021, 24.03660581539135]}, "datetime": {"datetime": "2025-08-21 12:47:38", "elapsed": 14575.401389598846, "delta": 22.75133204460144}, "costs": {"total_cost": 1181.797838105179, "time_cost": 150, "final_distance_cost": 46.259977925864796, "oscillation_cost": 0.949743187529638, "completition_cost": 888.8888888888888, "overshoot_cost": 81.30301044732428, "power_cost": 7.2029074096679695, "noise_cost": 7.193310245903439, "n_waypoints_completed": 1, "tot_waypoints": 9}}
{"target": -173.34404761627133, "params": {"k_pid_pos": [1.1180113693739364, 0.0, 0.0], "k_pid_alt": [0.9353011337821289, 0.0, 0.009372643864396155], "k_pid_att": [20.509511869197304, 0.0001, 0.7743520743806593], "k_pid_yaw": [0.5, 1e-06, 0.1], "k_pid_hsp": [0.4867078143946145, 0.0, 0.0], "k_pid_vsp": [400.0, 2.1264806776548806, 1e-06]}, "datetime": {"datetime": "2025-08-21 12:47:55", "elapsed": 14592.17079091072, "delta": 16.76940131187439}, "costs": {"total_cost": 173.34404761627133, "time_cost": 71.08, "final_distance_cost": 1.8415798267251566, "oscillation_cost": 30.699170504981847, "completition_cost": 0.0, "overshoot_cost": 51.175106278597326, "power_cost": 8.888472998046876, "noise_cost": 9.659718007920121, "n_waypoints_completed": 9, "tot_waypoints": 9}}
{"target": -1176.0867291937302, "params": {"k_pid_pos": [1.2559360585538148, 0.0, 0.1332604017732991], "k_pid_alt": [1.9576482463682754, 0.0, 0.0024065379814299723], "k_pid_att": [19.555723470505765, 0.0001, 0.7608953625231716], "k_pid_yaw": [0.5, 1e-06, 0.1], "k_pid_hsp": [0.0001, 0.0, 0.0], "k_pid_vsp": [400.0, 20.008165778379595, 25.622047893101396]}, "datetime": {"datetime": "2025-08-21 12:48:19", "elapsed": 14615.52889251709, "delta": 23.35810160636902}, "costs": {"total_cost": 1176.0867291937302, "time_cost": 150, "final_distance_cost": 46.6020330561802, "oscillation_cost": 2.363375213607353, "completition_cost": 888.8888888888888, "overshoot_cost": 82.83361433963546, "power_cost": 1.8905356201171877, "noise_cost": 3.5082820753011847, "n_waypoints_completed": 1, "tot_waypoints": 9}}
{"target": -187.49148405917026, "params": {"k_pid_pos": [1.1066785833655897, 0.051151586067930965, 0.0954851102228278], "k_pid_alt": [1.2542019028538118, 0.0, 0.002911891512047086], "k_pid_att": [14.109156179464751, 0.07983080001947011, 0.36603137093259086], "k_pid_yaw": [0.5, 1e-06, 0.1], "k_pid_hsp": [0.16755108879183528, 0.0, 0.0], "k_pid_vsp": [375.77002349127014, 20.43335844635888, 15.910315959853879]}, "datetime": {"datetime": "2025-08-21 12:48:35", "elapsed": 14631.953944444656, "delta": 16.42505192756653}, "costs": {"total_cost": 187.49148405917026, "time_cost": 70.528, "final_distance_cost": 1.794069302078956, "oscillation_cost": 28.52824791780349, "completition_cost": 0.0, "overshoot_cost": 51.10902586142921, "power_cost": 20.47629405517578, "noise_cost": 15.055846922682818, "n_waypoints_completed": 9, "tot_waypoints": 9}}
{"target": -175.98735853764535, "params": {"k_pid_pos": [1.446999946992928, 0.0, 0.19493410298960634], "k_pid_alt": [0.7538903703141536, 0.0, 0.0], "k_pid_att": [9.460959678217698, 0.0001, 0.7406451588113705], "k_pid_yaw": [0.5, 1e-06, 0.1], "k_pid_hsp": [0.13113713748263314, 0.0, 0.0], "k_pid_vsp": [400.0, 29.578530699629926, 16.774995642452208]}, "datetime": {"datetime": "2025-08-21 12:48:52", "elapsed": 14648.995071411133, "delta": 17.04112696647644}, "costs": {"total_cost": 175.98735853764535, "time_cost": 73.32000000000001, "final_distance_cost": 1.7953449786308386, "oscillation_cost": 28.98711406906653, "completition_cost": 0.0, "overshoot_cost": 52.231813085304395, "power_cost": 10.202839331054689, "noise_cost": 9.45024707358888, "n_waypoints_completed": 9, "tot_waypoints": 9}}
{"target": -188.98683452868872, "params": {"k_pid_pos": [1.1219941351200036, 0.0002991614688154909, 0.17666254978801343], "k_pid_alt": [1.1121922342056723, 0.0, 0.010309986500382687], "k_pid_att": [11.505436909791666, 0.42958077699574027, 0.5784760879142758], "k_pid_yaw": [0.5, 1e-06, 0.1], "k_pid_hsp": [0.09348093438793398, 0.0, 0.0], "k_pid_vsp": [400.0, 13.827449584097225, 15.233210958811455]}, "datetime": {"datetime": "2025-08-21 12:49:09", "elapsed": 14665.594243526459, "delta": 16.599172115325928}, "costs": {"total_cost": 188.98683452868872, "time_cost": 72.728, "final_distance_cost": 1.778836291215585, "oscillation_cost": 26.107929423512083, "completition_cost": 0.0, "overshoot_cost": 52.819538779487694, "power_cost": 20.496070446777345, "noise_cost": 15.05645958769602, "n_waypoints_completed": 9, "tot_waypoints": 9}}
{"target": -1192.3599760418256, "params": {"k_pid_pos": [1.0733205427986667, 0.0, 0.22072962235085175], "k_pid_alt": [1.2387494964888945, 0.0, 0.011047288816942682], "k_pid_att": [14.859495006673598, 0.0001, 0.5960189744323933], "k_pid_yaw": [0.5, 1e-06, 0.1], "k_pid_hsp": [0.0001, 0.0, 0.0], "k_pid_vsp": [400.0, 28.773540454676265, 6.732808767433159]}, "datetime": {"datetime": "2025-08-21 12:49:32", "elapsed": 14688.72216296196, "delta": 23.1279194355011}, "costs": {"total_cost": 1192.3599760418256, "time_cost": 150, "final_distance_cost": 46.21118358164669, "oscillation_cost": 0.2015456356186596, "completition_cost": 888.8888888888888, "overshoot_cost": 80.11664732904866, "power_cost": 13.960452880859375, "noise_cost": 12.981257725763394, "n_waypoints_completed": 1, "tot_waypoints": 9}}
{"target": -178.2603301162671, "params": {"k_pid_pos": [1.1104254735059167, 0.0, 0.16232601432272137], "k_pid_alt": [0.9536506110534109, 0.0, 0.009842660750118037], "k_pid_att": [27.438827287545507, 0.007477750515535462, 0.5594631818521801], "k_pid_yaw": [0.5, 1e-06, 0.1], "k_pid_hsp": [0.17134502076382058, 0.0, 0.0], "k_pid_vsp": [400.0, 27.836652768120413, 17.603728422821828]}, "datetime": {"datetime": "2025-08-21 12:49:49", "elapsed": 14705.96980881691, "delta": 17.24764585494995}, "costs": {"total_cost": 178.2603301162671, "time_cost": 71.44800000000001, "final_distance_cost": 1.827593549324326, "oscillation_cost": 28.092722591556882, "completition_cost": 0.0, "overshoot_cost": 51.217459304170234, "power_cost": 14.275381286621094, "noise_cost": 11.399173384594572, "n_waypoints_completed": 9, "tot_waypoints": 9}}
{"target": -181.55750686065025, "params": {"k_pid_pos": [1.0774024818505334, 0.000498337295791925, 0.10671685794424471], "k_pid_alt": [1.0974974399704263, 0.0, 0.006447750770599489], "k_pid_att": [18.001199623740213, 0.0001, 0.593681502236267], "k_pid_yaw": [0.5, 1e-06, 0.1], "k_pid_hsp": [0.5024400246227987, 0.0, 0.0], "k_pid_vsp": [397.43916393706365, 27.100689564279534, 2.8058256695242547]}, "datetime": {"datetime": "2025-08-21 12:50:05", "elapsed": 14722.275532722473, "delta": 16.305723905563354}, "costs": {"total_cost": 181.55750686065025, "time_cost": 71.648, "final_distance_cost": 1.8479346675786645, "oscillation_cost": 30.029031551503145, "completition_cost": 0.0, "overshoot_cost": 51.07900245245776, "power_cost": 14.149005554199219, "noise_cost": 12.804532634911466, "n_waypoints_completed": 9, "tot_waypoints": 9}}
{"target": -165.08876184791748, "params": {"k_pid_pos": [1.2843067847404752, 0.0, 0.12688918149299747], "k_pid_alt": [1.1875759841602391, 0.0, 0.011962191638720443], "k_pid_att": [3.021616089097611, 0.0001, 0.6158337657411691], "k_pid_yaw": [0.5, 1e-06, 0.1], "k_pid_hsp": [0.2646552298961394, 0.0, 0.0], "k_pid_vsp": [400.0, 21.907960835844776, 17.457150575436]}, "datetime": {"datetime": "2025-08-21 12:50:22", "elapsed": 14738.725089550018, "delta": 16.449556827545166}, "costs": {"total_cost": 165.08876184791748, "time_cost": 70.736, "final_distance_cost": 1.7854484858078365, "oscillation_cost": 29.132335338262653, "completition_cost": 0.0, "overshoot_cost": 51.93923139541796, "power_cost": 5.566243652343751, "noise_cost": 5.929502976085279, "n_waypoints_completed": 9, "tot_waypoints": 9}}
{"target": -183.87015065346995, "params": {"k_pid_pos": [1.063583850861012, 0.0, 0.13254829538814178], "k_pid_alt": [1.170370851188479, 0.0, 0.008949427461311546], "k_pid_att": [18.438359293288077, 0.0001, 0.49501120943733523], "k_pid_yaw": [0.5, 1e-06, 0.1], "k_pid_hsp": [0.08824002311169692, 0.0, 0.0], "k_pid_vsp": [400.0, 23.13798122087145, 13.886162018491365]}, "datetime": {"datetime": "2025-08-21 12:50:38", "elapsed": 14755.171171188354, "delta": 16.44608163833618}, "costs": {"total_cost": 183.87015065346995, "time_cost": 72.152, "final_distance_cost": 1.8083530916044708, "oscillation_cost": 25.62810131091894, "completition_cost": 0.0, "overshoot_cost": 51.95651252315589, "power_cost": 18.665515551757814, "noise_cost": 13.659668176032842, "n_waypoints_completed": 9, "tot_waypoints": 9}}
{"target": -188.24777435928868, "params": {"k_pid_pos": [1.1555458505927436, 0.0, 0.09323091127108579], "k_pid_alt": [1.165452632036663, 0.0, 0.007176212020546184], "k_pid_att": [26.332212454197624, 0.004879952407064098, 0.321844484757406], "k_pid_yaw": [0.5, 1e-06, 0.1], "k_pid_hsp": [0.13007574839656136, 0.0, 0.0], "k_pid_vsp": [294.5669175070244, 25.91887186317299, 11.425112587180216]}, "datetime": {"datetime": "2025-08-21 12:50:55", "elapsed": 14771.72851228714, "delta": 16.5573410987854}, "costs": {"total_cost": 188.24777435928868, "time_cost": 70.752, "final_distance_cost": 1.812525197962767, "oscillation_cost": 27.91823145021559, "completition_cost": 0.0, "overshoot_cost": 51.261428339672115, "power_cost": 20.924530920410156, "noise_cost": 15.57905845102806, "n_waypoints_completed": 9, "tot_waypoints": 9}}
