{"target": -317.57596939902993, "params": {"k_pid_pos": [0.5464652821712384, 0.0458041194400237, 0.0], "k_pid_alt": [0.587741182221458, 0.0, 0.05284077910332481], "k_pid_att": [43.23460631911918, 0.011811925528115039, 0.0], "k_pid_yaw": [0.5, 1e-06, 0.1], "k_pid_hsp": [0.1090073965900199, 0.14645461698336257, 0.06914883380853928], "k_pid_vsp": [159.9241989656513, 72.7048726840545, 11.136530603176485]}, "datetime": {"datetime": "2025-08-21 10:39:01", "elapsed": 6857.760706663132, "delta": 22.568076610565186}, "costs": {"total_cost": 317.57596939902993, "time_cost": 90.096, "final_distance_cost": 1.7923087147533512, "oscillation_cost": 144.5635567282964, "completition_cost": 0.0, "overshoot_cost": 53.31363071531207, "power_cost": 14.308308264160157, "noise_cost": 13.502164976507967, "n_waypoints_completed": 9, "tot_waypoints": 9}}
{"target": -193.75214359720968, "params": {"k_pid_pos": [1.0876894454407768, 0.0, 0.0], "k_pid_alt": [0.754196681463311, 0.15833183000524664, 0.038433686522382174], "k_pid_att": [42.13500238053311, 0.8953108759689261, 0.469393178339547], "k_pid_yaw": [0.5, 1e-06, 0.1], "k_pid_hsp": [0.1794319554469651, 0.05933474861800641, 0.0], "k_pid_vsp": [368.5664822010341, 39.24738185599489, 1.4388899638923414]}, "datetime": {"datetime": "2025-08-21 10:39:24", "elapsed": 6881.198140859604, "delta": 23.437434196472168}, "costs": {"total_cost": 193.75214359720968, "time_cost": 79.528, "final_distance_cost": 1.7466382070100177, "oscillation_cost": 38.4506040851693, "completition_cost": 0.0, "overshoot_cost": 51.58558531627983, "power_cost": 11.380178845214845, "noise_cost": 11.061137143535653, "n_waypoints_completed": 9, "tot_waypoints": 9}}
{"target": -1210.8660069036023, "params": {"k_pid_pos": [1.033240172749715, 0.0, 1.0], "k_pid_alt": [1.640419280256911, 0.0012342900165384838, 0.0], "k_pid_att": [27.395983773743687, 0.0001, 0.0508291075722139], "k_pid_yaw": [0.5, 1e-06, 0.1], "k_pid_hsp": [0.0001, 0.06675547587680108, 0.0], "k_pid_vsp": [400.0, 33.987272915032364, 1e-06]}, "datetime": {"datetime": "2025-08-21 10:39:52", "elapsed": 6908.796502113342, "delta": 27.598361253738403}, "costs": {"total_cost": 1210.8660069036023, "time_cost": 150, "final_distance_cost": 97.1375572404554, "oscillation_cost": 63.58312010544105, "completition_cost": 777.7777777777778, "overshoot_cost": 87.45559113169678, "power_cost": 19.222383471679688, "noise_cost": 15.689577176551358, "n_waypoints_completed": 2, "tot_waypoints": 9}}
{"target": -1088.3519840647002, "params": {"k_pid_pos": [0.06190163315702879, 0.0, 0.0], "k_pid_alt": [1.0736791651613133, 0.0, 0.0], "k_pid_att": [26.551493726272465, 0.8789872945427329, 0.0], "k_pid_yaw": [0.5, 1e-06, 0.1], "k_pid_hsp": [0.6259770516797911, 0.028460681094206117, 0.0], "k_pid_vsp": [367.1979867870229, 23.239018658708673, 4.666242323903812]}, "datetime": {"datetime": "2025-08-21 10:40:21", "elapsed": 6937.994653701782, "delta": 29.19815158843994}, "costs": {"total_cost": 1088.3519840647002, "time_cost": 150, "final_distance_cost": 76.36154555802155, "oscillation_cost": 13.722304782558783, "completition_cost": 777.7777777777778, "overshoot_cost": 43.31982097231724, "power_cost": 13.951086254882814, "noise_cost": 13.219448719142143, "n_waypoints_completed": 2, "tot_waypoints": 9}}
{"target": -1179.7895106505375, "params": {"k_pid_pos": [1.508557018349114, 0.0, 0.0], "k_pid_alt": [0.8188080788500932, 0.0, 0.0], "k_pid_att": [39.10649673787522, 0.0001, 0.4149739569179942], "k_pid_yaw": [0.5, 1e-06, 0.1], "k_pid_hsp": [0.0001, 0.0, 0.0], "k_pid_vsp": [368.0023126796783, 1e-06, 34.41417292019031]}, "datetime": {"datetime": "2025-08-21 10:40:47", "elapsed": 6963.67880988121, "delta": 25.6841561794281}, "costs": {"total_cost": 1179.7895106505375, "time_cost": 150, "final_distance_cost": 46.22852943381543, "oscillation_cost": 1.699278692866223, "completition_cost": 888.8888888888888, "overshoot_cost": 84.1444035031842, "power_cost": 3.430704479980469, "noise_cost": 5.397705651802488, "n_waypoints_completed": 1, "tot_waypoints": 9}}
{"target": -194.93789522328402, "params": {"k_pid_pos": [1.6649192360583287, 0.0, 0.0], "k_pid_alt": [0.5430281855947918, 0.0, 0.0], "k_pid_att": [33.31813412881665, 0.33056056000315703, 0.23522586110854551], "k_pid_yaw": [0.5, 1e-06, 0.1], "k_pid_hsp": [0.11580096454259614, 0.04540536077627829, 0.0], "k_pid_vsp": [371.6353097519595, 22.953049907232526, 36.2413606218181]}, "datetime": {"datetime": "2025-08-21 10:41:09", "elapsed": 6985.7896111011505, "delta": 22.110801219940186}, "costs": {"total_cost": 194.93789522328402, "time_cost": 77.144, "final_distance_cost": 1.814784811949844, "oscillation_cost": 40.62829089989076, "completition_cost": 0.0, "overshoot_cost": 51.71604152826704, "power_cost": 13.228942712402345, "noise_cost": 10.405835270773979, "n_waypoints_completed": 9, "tot_waypoints": 9}}
{"target": -186.59214947180433, "params": {"k_pid_pos": [1.4238168433873706, 0.0, 0.0], "k_pid_alt": [1.3227509226466938, 0.0, 0.0], "k_pid_att": [32.89760232920068, 0.0001, 0.0], "k_pid_yaw": [0.5, 1e-06, 0.1], "k_pid_hsp": [0.24237013912087274, 0.05825569542809974, 0.0], "k_pid_vsp": [385.64632657015227, 28.39497471078312, 8.65458994660677]}, "datetime": {"datetime": "2025-08-21 10:41:31", "elapsed": 7007.988045930862, "delta": 22.198434829711914}, "costs": {"total_cost": 186.59214947180433, "time_cost": 69.912, "final_distance_cost": 1.765273072326708, "oscillation_cost": 39.19552313470855, "completition_cost": 0.0, "overshoot_cost": 50.50404606204613, "power_cost": 13.710961865234376, "noise_cost": 11.504345337488571, "n_waypoints_completed": 9, "tot_waypoints": 9}}
{"target": -189.88990260748434, "params": {"k_pid_pos": [1.1475692793216372, 0.0, 0.0], "k_pid_alt": [1.0762522859912997, 0.0, 0.0], "k_pid_att": [43.166502026106514, 0.04622304846610936, 0.16981342760101337], "k_pid_yaw": [0.5, 1e-06, 0.1], "k_pid_hsp": [0.517155754104396, 0.07017645983484115, 0.0], "k_pid_vsp": [365.43326380770003, 38.75608023772558, 30.868376797588965]}, "datetime": {"datetime": "2025-08-21 10:41:50", "elapsed": 7027.3024117946625, "delta": 19.31436586380005}, "costs": {"total_cost": 189.88990260748434, "time_cost": 71.032, "final_distance_cost": 1.8389602447454751, "oscillation_cost": 32.85483333269021, "completition_cost": 0.0, "overshoot_cost": 51.150839634303665, "power_cost": 19.199898010253907, "noise_cost": 13.813371385491054, "n_waypoints_completed": 9, "tot_waypoints": 9}}
{"target": -181.70035824409396, "params": {"k_pid_pos": [1.2261867904670836, 0.0012449569874414517, 0.0491780529892253], "k_pid_alt": [0.8170885727336924, 0.0, 0.0], "k_pid_att": [42.61472461975005, 0.8899025825058698, 0.03811826794911091], "k_pid_yaw": [0.5, 1e-06, 0.1], "k_pid_hsp": [0.33514027335053986, 0.016577146024546525, 0.0], "k_pid_vsp": [394.9535176521369, 46.94670453738392, 7.3377336538814575]}, "datetime": {"datetime": "2025-08-21 10:42:08", "elapsed": 7045.186339855194, "delta": 17.883928060531616}, "costs": {"total_cost": 181.70035824409396, "time_cost": 71.34400000000001, "final_distance_cost": 1.8140139578790946, "oscillation_cost": 33.1418652185629, "completition_cost": 0.0, "overshoot_cost": 51.262127237335015, "power_cost": 12.761244287109376, "noise_cost": 11.377107543207565, "n_waypoints_completed": 9, "tot_waypoints": 9}}
{"target": -195.96289159101667, "params": {"k_pid_pos": [1.1329492127487142, 0.0, 0.0], "k_pid_alt": [0.763855424185941, 0.0010096568252376883, 0.011918919959375468], "k_pid_att": [50.72203617642234, 0.0001, 0.21609305628508194], "k_pid_yaw": [0.5, 1e-06, 0.1], "k_pid_hsp": [0.8967047303669374, 0.0, 0.0], "k_pid_vsp": [361.2612244820216, 45.44901247674215, 25.942721222261184]}, "datetime": {"datetime": "2025-08-21 10:42:31", "elapsed": 7068.154546022415, "delta": 22.96820616722107}, "costs": {"total_cost": 195.96289159101667, "time_cost": 70.568, "final_distance_cost": 1.8251032907085019, "oscillation_cost": 35.17676004685241, "completition_cost": 0.0, "overshoot_cost": 50.40316615110054, "power_cost": 22.008136169433595, "noise_cost": 15.981725932921638, "n_waypoints_completed": 9, "tot_waypoints": 9}}
{"target": -180.3738150863104, "params": {"k_pid_pos": [1.1222202606274512, 0.0, 0.0], "k_pid_alt": [1.078570846696743, 0.0, 0.0], "k_pid_att": [41.19405387234491, 0.0001, 0.026242834392792236], "k_pid_yaw": [0.5, 1e-06, 0.1], "k_pid_hsp": [0.3917073692393097, 0.050028124616000466, 0.0], "k_pid_vsp": [374.7091935494635, 20.88292685092633, 1e-06]}, "datetime": {"datetime": "2025-08-21 10:42:52", "elapsed": 7088.598748922348, "delta": 20.44420289993286}, "costs": {"total_cost": 180.3738150863104, "time_cost": 70.06400000000001, "final_distance_cost": 1.8282062595880881, "oscillation_cost": 34.0414650922286, "completition_cost": 0.0, "overshoot_cost": 49.84926133315003, "power_cost": 12.944388903808594, "noise_cost": 11.646493497535095, "n_waypoints_completed": 9, "tot_waypoints": 9}}
{"target": -646.435237687662, "params": {"k_pid_pos": [0.8141514410271433, 0.0, 0.0], "k_pid_alt": [0.9527791105638148, 0.0, 0.0], "k_pid_att": [24.650018631958332, 0.0001, 0.07250522367139772], "k_pid_yaw": [0.5, 1e-06, 0.1], "k_pid_hsp": [0.03653541221925494, 0.010918678577127233, 0.0], "k_pid_vsp": [400.0, 30.822967951781578, 25.903874349941454]}, "datetime": {"datetime": "2025-08-21 10:43:17", "elapsed": 7114.089071989059, "delta": 25.490323066711426}, "costs": {"total_cost": 646.435237687662, "time_cost": 150, "final_distance_cost": 71.32710710240826, "oscillation_cost": 19.048329066284005, "completition_cost": 333.33333333333337, "overshoot_cost": 44.83587163825294, "power_cost": 15.74525760498047, "noise_cost": 12.145338942402967, "n_waypoints_completed": 6, "tot_waypoints": 9}}
{"target": -1350.5257244297147, "params": {"k_pid_pos": [1.0016623259459243, 0.0, 0.0], "k_pid_alt": [1.0967472215433693, 0.0, 0.0], "k_pid_att": [45.24508263342908, 0.0001, 0.1646875270515804], "k_pid_yaw": [0.5, 1e-06, 0.1], "k_pid_hsp": [0.0001, 0.0, 0.05569831725345059], "k_pid_vsp": [367.45230738748126, 18.810205224783765, 10.27838805312374]}, "datetime": {"datetime": "2025-08-21 10:43:47", "elapsed": 7143.724662065506, "delta": 29.635590076446533}, "costs": {"total_cost": 1350.5257244297147, "time_cost": 150, "final_distance_cost": 45.23930342754036, "oscillation_cost": 91.30880023493616, "completition_cost": 1000.0, "overshoot_cost": 24.516606656802306, "power_cost": 22.559356091308594, "noise_cost": 16.901658019127346, "n_waypoints_completed": 0, "tot_waypoints": 9}}
{"target": -187.18544567954186, "params": {"k_pid_pos": [0.8249491335066917, 0.0, 0.0], "k_pid_alt": [0.7971632226201593, 0.0, 0.0], "k_pid_att": [22.313639846180592, 0.2170412759623715, 0.0], "k_pid_yaw": [0.5, 1e-06, 0.1], "k_pid_hsp": [0.48094313306349684, 0.03225118026139634, 0.0], "k_pid_vsp": [317.0102567549956, 1e-06, 13.552897688736968]}, "datetime": {"datetime": "2025-08-21 10:44:05", "elapsed": 7162.315096616745, "delta": 18.590434551239014}, "costs": {"total_cost": 187.18544567954186, "time_cost": 73.408, "final_distance_cost": 1.8486394492558376, "oscillation_cost": 33.12603335666833, "completition_cost": 0.0, "overshoot_cost": 51.13226651686074, "power_cost": 15.644659460449219, "noise_cost": 12.02584689630771, "n_waypoints_completed": 9, "tot_waypoints": 9}}
{"target": -178.65526394290757, "params": {"k_pid_pos": [1.1115443698130012, 0.0, 0.0], "k_pid_alt": [0.7935304692440922, 0.001413934771985343, 0.0], "k_pid_att": [38.55183613965389, 0.2239325979110489, 0.27458073441015063], "k_pid_yaw": [0.5, 1e-06, 0.1], "k_pid_hsp": [0.4222733939630037, 0.03647311712624536, 0.0], "k_pid_vsp": [355.7907256138116, 27.062046309706602, 14.896026983046134]}, "datetime": {"datetime": "2025-08-21 10:44:23", "elapsed": 7179.749385356903, "delta": 17.43428874015808}, "costs": {"total_cost": 178.65526394290757, "time_cost": 70.624, "final_distance_cost": 1.8199552888283999, "oscillation_cost": 32.19293919363631, "completition_cost": 0.0, "overshoot_cost": 50.322506639916845, "power_cost": 13.204901708984375, "noise_cost": 10.490961111541663, "n_waypoints_completed": 9, "tot_waypoints": 9}}
{"target": -1176.5494076229495, "params": {"k_pid_pos": [0.0001, 0.4375639124944562, 0.0], "k_pid_alt": [0.7289919352132173, 0.0, 0.0], "k_pid_att": [35.14533091062829, 0.0001, 0.025781105833599383], "k_pid_yaw": [0.5, 1e-06, 0.1], "k_pid_hsp": [0.924192710533674, 0.05552344120408304, 0.0], "k_pid_vsp": [351.0520375821332, 41.40915143634596, 23.065364686107245]}, "datetime": {"datetime": "2025-08-21 10:44:55", "elapsed": 7211.710799455643, "delta": 31.961414098739624}, "costs": {"total_cost": 1176.5494076229495, "time_cost": 150, "final_distance_cost": 66.14190286244826, "oscillation_cost": 31.604729129147096, "completition_cost": 888.8888888888888, "overshoot_cost": 31.974825532883084, "power_cost": 2.895810485839844, "noise_cost": 5.043250723742403, "n_waypoints_completed": 1, "tot_waypoints": 9}}
{"target": -185.48727582393914, "params": {"k_pid_pos": [1.9423386275271088, 0.0, 0.0235195416387076], "k_pid_alt": [0.9440331313688998, 0.0, 0.005137493118771012], "k_pid_att": [16.506841422016066, 0.0001, 0.0], "k_pid_yaw": [0.5, 1e-06, 0.1], "k_pid_hsp": [0.3353903300409596, 0.04684482839677134, 0.0], "k_pid_vsp": [400.0, 1e-06, 56.147327472127735]}, "datetime": {"datetime": "2025-08-21 10:45:14", "elapsed": 7230.635994672775, "delta": 18.92519521713257}, "costs": {"total_cost": 185.48727582393914, "time_cost": 71.872, "final_distance_cost": 1.7616411501936438, "oscillation_cost": 42.34128510287632, "completition_cost": 0.0, "overshoot_cost": 52.354477356034735, "power_cost": 9.21006259765625, "noise_cost": 7.947809617178189, "n_waypoints_completed": 9, "tot_waypoints": 9}}
{"target": -180.3519143802333, "params": {"k_pid_pos": [1.288003545653522, 0.0, 0.012327858648210017], "k_pid_alt": [0.9935700611290302, 0.0, 0.0], "k_pid_att": [37.805404046707594, 0.0001, 0.17154992741941863], "k_pid_yaw": [0.5, 1e-06, 0.1], "k_pid_hsp": [0.2786291238558038, 0.043058324000365994, 0.0], "k_pid_vsp": [346.49312682942366, 1e-06, 21.988876732784604]}, "datetime": {"datetime": "2025-08-21 10:45:35", "elapsed": 7252.152188062668, "delta": 21.516193389892578}, "costs": {"total_cost": 180.3519143802333, "time_cost": 70.28, "final_distance_cost": 1.8011403726943418, "oscillation_cost": 33.62458374454093, "completition_cost": 0.0, "overshoot_cost": 50.69002775288404, "power_cost": 13.241642346191407, "noise_cost": 10.71452016392257, "n_waypoints_completed": 9, "tot_waypoints": 9}}
{"target": -189.64798598999903, "params": {"k_pid_pos": [0.9582598454240592, 0.0, 0.0], "k_pid_alt": [0.8824732824012189, 0.0, 0.0], "k_pid_att": [55.12681956256864, 0.0001, 0.11723127284644695], "k_pid_yaw": [0.5, 1e-06, 0.1], "k_pid_hsp": [0.2610963803857726, 0.053530243222665495, 0.0], "k_pid_vsp": [369.1158063894935, 1e-06, 22.020885808651933]}, "datetime": {"datetime": "2025-08-21 10:45:54", "elapsed": 7270.6774344444275, "delta": 18.525246381759644}, "costs": {"total_cost": 189.64798598999903, "time_cost": 72.096, "final_distance_cost": 1.8400936814563902, "oscillation_cost": 33.647374605703064, "completition_cost": 0.0, "overshoot_cost": 51.05946322885114, "power_cost": 17.554273449707033, "noise_cost": 13.450781024281381, "n_waypoints_completed": 9, "tot_waypoints": 9}}
{"target": -192.6787998856156, "params": {"k_pid_pos": [1.1101625795286914, 0.0, 0.0], "k_pid_alt": [0.7947166431223153, 0.0, 0.0], "k_pid_att": [36.51722580092098, 0.0001, 0.0], "k_pid_yaw": [0.5, 1e-06, 0.1], "k_pid_hsp": [0.3979626501817379, 0.09071422199778627, 0.0], "k_pid_vsp": [333.57695731457665, 41.06416922149248, 31.01629281231637]}, "datetime": {"datetime": "2025-08-21 10:46:12", "elapsed": 7289.240917682648, "delta": 18.563483238220215}, "costs": {"total_cost": 192.6787998856156, "time_cost": 70.312, "final_distance_cost": 1.828522893642769, "oscillation_cost": 36.09942393591719, "completition_cost": 0.0, "overshoot_cost": 49.66844814613311, "power_cost": 20.053009838867187, "noise_cost": 14.717395071055376, "n_waypoints_completed": 9, "tot_waypoints": 9}}
{"target": -182.05797883398566, "params": {"k_pid_pos": [1.3862806771442469, 0.0, 0.003273159634889708], "k_pid_alt": [1.1787480304553832, 0.0, 0.0], "k_pid_att": [17.94166377303375, 0.0001, 0.6104829716984176], "k_pid_yaw": [0.5, 1e-06, 0.1], "k_pid_hsp": [0.6176782755660447, 0.06327956680553976, 0.0], "k_pid_vsp": [379.18452695250517, 8.871669128897588, 42.45139541123369]}, "datetime": {"datetime": "2025-08-21 10:46:29", "elapsed": 7305.691854000092, "delta": 16.450936317443848}, "costs": {"total_cost": 182.05797883398566, "time_cost": 69.624, "final_distance_cost": 1.8016885121223858, "oscillation_cost": 33.94085151305743, "completition_cost": 0.0, "overshoot_cost": 50.85509584636196, "power_cost": 14.776560900878907, "noise_cost": 11.059782061564992, "n_waypoints_completed": 9, "tot_waypoints": 9}}
{"target": -217.04723333906838, "params": {"k_pid_pos": [1.0396836810900643, 0.0, 0.0], "k_pid_alt": [0.9017418776229074, 0.0, 0.007678139916590984], "k_pid_att": [41.84767954110326, 0.0001, 0.19580209009349855], "k_pid_yaw": [0.5, 1e-06, 0.1], "k_pid_hsp": [0.6204385916791159, 0.09469637040645912, 0.02204514626571668], "k_pid_vsp": [354.87581796136453, 31.977693729947827, 1e-06]}, "datetime": {"datetime": "2025-08-21 10:46:47", "elapsed": 7323.833376646042, "delta": 18.141522645950317}, "costs": {"total_cost": 217.04723333906838, "time_cost": 78.696, "final_distance_cost": 1.8471499168924372, "oscillation_cost": 50.82399803627515, "completition_cost": 0.0, "overshoot_cost": 52.314665997509984, "power_cost": 18.55707644042969, "noise_cost": 14.808342947961151, "n_waypoints_completed": 9, "tot_waypoints": 9}}
{"target": -185.31140945989577, "params": {"k_pid_pos": [1.1480396935401274, 0.0, 0.5793352538821857], "k_pid_alt": [0.9362467162449404, 0.0, 0.0], "k_pid_att": [55.36569699625376, 0.27158011446199776, 0.0], "k_pid_yaw": [0.5, 1e-06, 0.1], "k_pid_hsp": [0.9524935061513927, 0.05320048060626102, 0.0], "k_pid_vsp": [400.0, 43.44109938117338, 9.050219898854227]}, "datetime": {"datetime": "2025-08-21 10:47:04", "elapsed": 7341.151002407074, "delta": 17.317625761032104}, "costs": {"total_cost": 185.31140945989577, "time_cost": 74.408, "final_distance_cost": 1.8499372745216915, "oscillation_cost": 36.36373293263158, "completition_cost": 0.0, "overshoot_cost": 50.295202110769395, "power_cost": 11.229738989257813, "noise_cost": 11.164798152715298, "n_waypoints_completed": 9, "tot_waypoints": 9}}
{"target": -402.4093164987987, "params": {"k_pid_pos": [1.2193188096403882, 0.0, 0.0], "k_pid_alt": [0.7313366183081119, 0.0333842702722991, 0.014856644438673789], "k_pid_att": [81.77669113088092, 1.2604769870607822, 0.0], "k_pid_yaw": [0.5, 1e-06, 0.1], "k_pid_hsp": [0.722508163813598, 0.02755187913526037, 0.10474083277621701], "k_pid_vsp": [385.05160843778185, 12.181408249311481, 9.54060678909034]}, "datetime": {"datetime": "2025-08-21 10:47:26", "elapsed": 7363.10210108757, "delta": 21.951098680496216}, "costs": {"total_cost": 402.4093164987987, "time_cost": 95.928, "final_distance_cost": 1.8095112139125562, "oscillation_cost": 218.97617303659013, "completition_cost": 0.0, "overshoot_cost": 54.69002765222915, "power_cost": 16.523714294433596, "noise_cost": 14.481890301633275, "n_waypoints_completed": 9, "tot_waypoints": 9}}
{"target": -180.79921541897937, "params": {"k_pid_pos": [0.9660661099777135, 0.0, 0.0], "k_pid_alt": [1.0506866913540822, 0.0, 0.0], "k_pid_att": [43.95146797797479, 0.18521797087956157, 0.0], "k_pid_yaw": [0.5, 1e-06, 0.1], "k_pid_hsp": [0.33766887600132417, 0.0259766985683967, 0.0], "k_pid_vsp": [400.0, 91.59270842691689, 30.028450276539974]}, "datetime": {"datetime": "2025-08-21 10:47:42", "elapsed": 7379.352887392044, "delta": 16.250786304473877}, "costs": {"total_cost": 180.79921541897937, "time_cost": 70.936, "final_distance_cost": 1.8403036369907255, "oscillation_cost": 32.846899063515984, "completition_cost": 0.0, "overshoot_cost": 50.82997817338907, "power_cost": 13.136013073730469, "noise_cost": 11.210021471353118, "n_waypoints_completed": 9, "tot_waypoints": 9}}
{"target": -821.1582687950088, "params": {"k_pid_pos": [1.2409910034079128, 0.034715086391580954, 0.10382196467723231], "k_pid_alt": [0.7889600293899734, 0.08940985512180297, 0.0], "k_pid_att": [25.97195614428627, 0.0001, 0.0], "k_pid_yaw": [0.5, 1e-06, 0.1], "k_pid_hsp": [7.43193500036843, 0.6266679252203577, 0.8065560014755844], "k_pid_vsp": [354.64168875374025, 171.42833429789252, 319.7376552603923]}, "datetime": {"datetime": "2025-08-21 10:48:05", "elapsed": 7402.1871173381805, "delta": 22.834229946136475}, "costs": {"total_cost": 821.1582687950088, "time_cost": 150, "final_distance_cost": 75.01904896257618, "oscillation_cost": 293.5444478295332, "completition_cost": 222.2222222222222, "overshoot_cost": 51.38183560809381, "power_cost": 16.129559216308593, "noise_cost": 12.861154956274856, "n_waypoints_completed": 7, "tot_waypoints": 9}}
{"target": -181.07971461364428, "params": {"k_pid_pos": [1.5038529104600271, 0.0, 0.0], "k_pid_alt": [0.7698896835458328, 0.0, 0.0], "k_pid_att": [40.71362650100265, 0.0001, 0.25472202607927535], "k_pid_yaw": [0.5, 1e-06, 0.1], "k_pid_hsp": [0.5957130829348048, 0.016985565268867006, 0.0], "k_pid_vsp": [348.65770814265284, 32.65526697923215, 25.278653012289475]}, "datetime": {"datetime": "2025-08-21 10:48:22", "elapsed": 7419.281821489334, "delta": 17.094704151153564}, "costs": {"total_cost": 181.07971461364428, "time_cost": 72.96000000000001, "final_distance_cost": 1.7896169860880378, "oscillation_cost": 35.084399353101546, "completition_cost": 0.0, "overshoot_cost": 51.20948943300855, "power_cost": 10.518709094238282, "noise_cost": 9.517499747207872, "n_waypoints_completed": 9, "tot_waypoints": 9}}
