{"target": -177.91785678527802, "params": {"k_pid_pos": [1.108625652232369, 0.0, 0.1403926893026483], "k_pid_alt": [1.0865873146534835, 0.0, 0.013137672131044689], "k_pid_att": [15.376484409392923, 0.0001, 0.7989028787196448], "k_pid_yaw": [0.5, 1e-06, 0.1], "k_pid_hsp": [0.1183061504005997, 0.005811032512145086, 0.0], "k_pid_vsp": [400.0, 43.2108177296357, 19.0540554635133]}, "datetime": {"datetime": "2025-08-21 17:58:38", "elapsed": 33234.92559957504, "delta": 16.09827995300293}, "costs": {"total_cost": 177.91785678527802, "time_cost": 71.336, "final_distance_cost": 1.8063008923523252, "oscillation_cost": 27.538246654585976, "completition_cost": 0.0, "overshoot_cost": 52.06054235445774, "power_cost": 13.735934619140625, "noise_cost": 11.44083226474135, "n_waypoints_completed": 9, "tot_waypoints": 9}}
{"target": -1248.01197216867, "params": {"k_pid_pos": [1.1630877383596863, 0.0, 0.13812979916135862], "k_pid_alt": [1.2037719467960646, 0.0, 0.015973525776451246], "k_pid_att": [8.977825521080998, 0.0001, 0.6120162886396332], "k_pid_yaw": [0.5, 1e-06, 0.1], "k_pid_hsp": [0.0001, 0.003286501462790725, 0.0], "k_pid_vsp": [400.0, 54.599642653541814, 13.555608935574949]}, "datetime": {"datetime": "2025-08-21 17:59:02", "elapsed": 33258.891832351685, "delta": 23.966232776641846}, "costs": {"total_cost": 1248.01197216867, "time_cost": 150, "final_distance_cost": 53.32430687752586, "oscillation_cost": 0.7205677957652232, "completition_cost": 888.8888888888888, "overshoot_cost": 94.4146090973013, "power_cost": 36.896710693359374, "noise_cost": 23.766888815829315, "n_waypoints_completed": 1, "tot_waypoints": 9}}
{"target": -189.37267791392446, "params": {"k_pid_pos": [1.1189896127846295, 0.0, 0.13648599031534722], "k_pid_alt": [1.0269089259537394, 0.0, 0.013674970591054707], "k_pid_att": [16.6055244246409, 0.0001, 0.625391505436831], "k_pid_yaw": [0.5, 1e-06, 0.1], "k_pid_hsp": [0.11618439059379365, 0.00362384859695933, 0.0], "k_pid_vsp": [400.0, 45.876004023700304, 16.688021769159565]}, "datetime": {"datetime": "2025-08-21 17:59:20", "elapsed": 33276.48224210739, "delta": 17.590409755706787}, "costs": {"total_cost": 189.37267791392446, "time_cost": 71.104, "final_distance_cost": 1.7784371256056433, "oscillation_cost": 27.532165665036125, "completition_cost": 0.0, "overshoot_cost": 51.18577865779729, "power_cost": 22.138507568359376, "noise_cost": 15.633788897126015, "n_waypoints_completed": 9, "tot_waypoints": 9}}
{"target": -185.97724854198776, "params": {"k_pid_pos": [1.2089064491172734, 0.0, 0.13985131427812258], "k_pid_alt": [1.0972512525222364, 0.0, 0.015509921592780702], "k_pid_att": [22.10944612920351, 0.0001, 0.6429382251398023], "k_pid_yaw": [0.5, 1e-06, 0.1], "k_pid_hsp": [0.1485822043802495, 0.0020226365617034454, 0.0], "k_pid_vsp": [400.0, 38.61636611112617, 17.731209249095333]}, "datetime": {"datetime": "2025-08-21 17:59:36", "elapsed": 33292.731223106384, "delta": 16.24898099899292}, "costs": {"total_cost": 185.97724854198776, "time_cost": 70.592, "final_distance_cost": 1.80688893543226, "oscillation_cost": 28.546147273416818, "completition_cost": 0.0, "overshoot_cost": 51.5763471263966, "power_cost": 19.08396922607422, "noise_cost": 14.371895980667873, "n_waypoints_completed": 9, "tot_waypoints": 9}}
{"target": -171.55571472854783, "params": {"k_pid_pos": [1.122205491761099, 0.0, 0.12305475323956377], "k_pid_alt": [1.186988333232028, 0.0, 0.012449036651443165], "k_pid_att": [16.002571439618343, 0.0001, 0.6256368908324355], "k_pid_yaw": [0.5, 1e-06, 0.1], "k_pid_hsp": [0.11983591323843243, 0.003343405951437796, 0.0], "k_pid_vsp": [400.0, 43.69945075280711, 22.900368393411167]}, "datetime": {"datetime": "2025-08-21 17:59:53", "elapsed": 33310.15280675888, "delta": 17.421583652496338}, "costs": {"total_cost": 171.55571472854783, "time_cost": 70.696, "final_distance_cost": 1.789009693756379, "oscillation_cost": 27.604521806433194, "completition_cost": 0.0, "overshoot_cost": 50.50190677216577, "power_cost": 11.536415258789063, "noise_cost": 9.42786119740342, "n_waypoints_completed": 9, "tot_waypoints": 9}}
{"target": -191.57032192110088, "params": {"k_pid_pos": [1.12850290745295, 0.0, 0.13808987961931368], "k_pid_alt": [1.2075696622076109, 0.0, 0.015689890545969587], "k_pid_att": [19.138700842402734, 0.0001, 0.6248169111717359], "k_pid_yaw": [0.5, 1e-06, 0.1], "k_pid_hsp": [0.16140930611675666, 0.0013096336957611368, 0.0], "k_pid_vsp": [400.0, 34.19306594040178, 23.688090605636024]}, "datetime": {"datetime": "2025-08-21 18:00:11", "elapsed": 33327.90592932701, "delta": 17.753122568130493}, "costs": {"total_cost": 191.57032192110088, "time_cost": 72.08, "final_distance_cost": 1.8182660596290239, "oscillation_cost": 28.621651130421036, "completition_cost": 0.0, "overshoot_cost": 52.76655863121471, "power_cost": 20.953635070800782, "noise_cost": 15.330211029035352, "n_waypoints_completed": 9, "tot_waypoints": 9}}
{"target": -189.39367089131682, "params": {"k_pid_pos": [1.1447769146862883, 0.0, 0.10885862740733335], "k_pid_alt": [1.1639661720593346, 0.0, 0.020201056853900817], "k_pid_att": [17.204036339514793, 0.0001, 0.20680416322052403], "k_pid_yaw": [0.5, 1e-06, 0.1], "k_pid_hsp": [0.24983141779003487, 0.016623089450031554, 0.0], "k_pid_vsp": [399.8042127265843, 65.18251362638019, 30.528479321985763]}, "datetime": {"datetime": "2025-08-21 18:00:27", "elapsed": 33343.77415585518, "delta": 15.868226528167725}, "costs": {"total_cost": 189.39367089131682, "time_cost": 70.92, "final_distance_cost": 1.8314784315781647, "oscillation_cost": 29.767179550395632, "completition_cost": 0.0, "overshoot_cost": 50.989269228224664, "power_cost": 20.58264097900391, "noise_cost": 15.303102702114455, "n_waypoints_completed": 9, "tot_waypoints": 9}}
{"target": -186.28955944228818, "params": {"k_pid_pos": [1.0994177440510955, 0.0, 0.13536975632027043], "k_pid_alt": [1.2495273664294277, 0.0, 0.018236598461280132], "k_pid_att": [21.922966602950783, 0.0001, 0.6119192489017092], "k_pid_yaw": [0.5, 1e-06, 0.1], "k_pid_hsp": [0.4028422727370118, 0.0031152297389200065, 0.0], "k_pid_vsp": [394.5067254548656, 29.745497763401353, 19.471480850615457]}, "datetime": {"datetime": "2025-08-21 18:00:44", "elapsed": 33361.39099407196, "delta": 17.616838216781616}, "costs": {"total_cost": 186.28955944228818, "time_cost": 71.752, "final_distance_cost": 1.8451035043767423, "oscillation_cost": 29.294601245667177, "completition_cost": 0.0, "overshoot_cost": 51.809852254400674, "power_cost": 17.91104970703125, "noise_cost": 13.676952730812328, "n_waypoints_completed": 9, "tot_waypoints": 9}}
{"target": -180.55743297578815, "params": {"k_pid_pos": [1.1203903121721472, 0.0, 0.13708091143829565], "k_pid_alt": [0.8659083029708032, 0.0, 0.017522532593653394], "k_pid_att": [14.474675069241517, 0.0001, 0.6342225465425526], "k_pid_yaw": [0.5, 1e-06, 0.1], "k_pid_hsp": [0.12780526198710923, 0.002645613527129931, 0.0], "k_pid_vsp": [386.53046472796433, 2.3409170086112248, 13.50943645441339]}, "datetime": {"datetime": "2025-08-21 18:01:01", "elapsed": 33377.72767210007, "delta": 16.33667802810669}, "costs": {"total_cost": 180.55743297578815, "time_cost": 72.544, "final_distance_cost": 1.8208820640292813, "oscillation_cost": 27.56122621391893, "completition_cost": 0.0, "overshoot_cost": 51.787396846360714, "power_cost": 14.645707360839845, "noise_cost": 12.198220490639374, "n_waypoints_completed": 9, "tot_waypoints": 9}}
{"target": -176.45103482254436, "params": {"k_pid_pos": [1.1185633409697906, 0.0, 0.16363748689476154], "k_pid_alt": [1.190684118503006, 0.0, 0.02193094066950303], "k_pid_att": [15.086891165067854, 0.0001, 0.6352624873352544], "k_pid_yaw": [0.5, 1e-06, 0.1], "k_pid_hsp": [0.1381331904690761, 0.004303294342224346, 0.0], "k_pid_vsp": [396.1797697610865, 26.08623858264073, 17.621217714187544]}, "datetime": {"datetime": "2025-08-21 18:01:19", "elapsed": 33395.480026483536, "delta": 17.752354383468628}, "costs": {"total_cost": 176.45103482254436, "time_cost": 71.416, "final_distance_cost": 1.8238480311567187, "oscillation_cost": 27.513158482167608, "completition_cost": 0.0, "overshoot_cost": 51.59455631666494, "power_cost": 12.796028967285157, "noise_cost": 11.307443025269906, "n_waypoints_completed": 9, "tot_waypoints": 9}}
{"target": -186.52093386110053, "params": {"k_pid_pos": [1.1772528296631155, 0.0, 0.3180468430295621], "k_pid_alt": [1.2670510067915581, 0.0, 0.013632849751865092], "k_pid_att": [18.37840050959902, 0.0001, 0.657252806035007], "k_pid_yaw": [0.5, 1e-06, 0.1], "k_pid_hsp": [0.15384654437870932, 0.002877480538979747, 0.0], "k_pid_vsp": [400.0, 39.46666674963584, 38.55341482947874]}, "datetime": {"datetime": "2025-08-21 18:01:35", "elapsed": 33411.69176530838, "delta": 16.21173882484436}, "costs": {"total_cost": 186.52093386110053, "time_cost": 71.34400000000001, "final_distance_cost": 1.8134913842948985, "oscillation_cost": 27.221878379989285, "completition_cost": 0.0, "overshoot_cost": 51.83865851295191, "power_cost": 19.671939318847656, "noise_cost": 14.630966265016776, "n_waypoints_completed": 9, "tot_waypoints": 9}}
{"target": -185.35428571384404, "params": {"k_pid_pos": [1.1458179675727922, 0.0, 0.11568408210031407], "k_pid_alt": [1.4489682267230628, 0.0, 0.011624725108611834], "k_pid_att": [16.704770912108373, 0.0001, 0.6155529797489182], "k_pid_yaw": [0.5, 1e-06, 0.1], "k_pid_hsp": [0.16819545806235392, 0.0003577683243555247, 0.0], "k_pid_vsp": [400.0, 38.91542577803386, 13.699006943760299]}, "datetime": {"datetime": "2025-08-21 18:01:52", "elapsed": 33429.23421168327, "delta": 17.54244637489319}, "costs": {"total_cost": 185.35428571384404, "time_cost": 69.912, "final_distance_cost": 1.825738930290208, "oscillation_cost": 28.62345300884046, "completition_cost": 0.0, "overshoot_cost": 51.517100422180484, "power_cost": 18.978972802734376, "noise_cost": 14.497020549798478, "n_waypoints_completed": 9, "tot_waypoints": 9}}
{"target": -200.15758600736206, "params": {"k_pid_pos": [1.163070453457127, 0.0, 0.2632108429154819], "k_pid_alt": [1.141222844956756, 0.0, 0.021591989328893356], "k_pid_att": [20.026759668492666, 0.0001, 0.659537822696594], "k_pid_yaw": [0.5, 1e-06, 0.1], "k_pid_hsp": [1.0080235278931726, 0.00052846425448129, 0.0], "k_pid_vsp": [400.0, 38.20016371637599, 9.649840677273717]}, "datetime": {"datetime": "2025-08-21 18:02:09", "elapsed": 33446.310503959656, "delta": 17.076292276382446}, "costs": {"total_cost": 200.15758600736206, "time_cost": 74.296, "final_distance_cost": 1.8439932444466742, "oscillation_cost": 32.31847789763753, "completition_cost": 0.0, "overshoot_cost": 52.85110959693614, "power_cost": 22.294374584960938, "noise_cost": 16.55363068338076, "n_waypoints_completed": 9, "tot_waypoints": 9}}
{"target": -173.37821719937762, "params": {"k_pid_pos": [1.1519244207111716, 0.0, 0.13700724429301073], "k_pid_alt": [1.1947363082111147, 0.0, 0.015802046273185887], "k_pid_att": [19.450473552463574, 0.0001, 0.6376035561543051], "k_pid_yaw": [0.5, 1e-06, 0.1], "k_pid_hsp": [0.22821522725310087, 0.0031724065608895935, 0.0], "k_pid_vsp": [400.0, 43.476264170013636, 17.44420732851519]}, "datetime": {"datetime": "2025-08-21 18:02:27", "elapsed": 33463.434915304184, "delta": 17.1244113445282}, "costs": {"total_cost": 173.37821719937762, "time_cost": 70.648, "final_distance_cost": 1.8259309965666217, "oscillation_cost": 28.719620972951727, "completition_cost": 0.0, "overshoot_cost": 51.14036207872987, "power_cost": 11.063616308593751, "noise_cost": 9.980686842535654, "n_waypoints_completed": 9, "tot_waypoints": 9}}
{"target": -191.49546033033593, "params": {"k_pid_pos": [1.1413546128322998, 0.0, 0.1032518478909216], "k_pid_alt": [1.1769129682921178, 0.0, 0.0062934715293167815], "k_pid_att": [15.886030906168116, 0.0001, 0.8246794710547041], "k_pid_yaw": [0.5, 1e-06, 0.1], "k_pid_hsp": [0.32335581007220976, 0.002030448750148079, 0.0], "k_pid_vsp": [400.0, 36.209194027826385, 17.851687311123932]}, "datetime": {"datetime": "2025-08-21 18:02:43", "elapsed": 33480.280161857605, "delta": 16.84524655342102}, "costs": {"total_cost": 191.49546033033593, "time_cost": 72.496, "final_distance_cost": 1.8269320219220928, "oscillation_cost": 29.845549803937374, "completition_cost": 0.0, "overshoot_cost": 52.53458256715231, "power_cost": 19.54308291015625, "noise_cost": 15.249313027167908, "n_waypoints_completed": 9, "tot_waypoints": 9}}
{"target": -178.12650309515638, "params": {"k_pid_pos": [1.153964035227264, 0.0, 0.1380049354373245], "k_pid_alt": [1.1703000184371217, 0.0, 0.016498953103234515], "k_pid_att": [14.325396021914814, 0.0001, 0.5734939314004642], "k_pid_yaw": [0.5, 1e-06, 0.1], "k_pid_hsp": [0.11148975533203723, 0.0034151573131797207, 0.0], "k_pid_vsp": [400.0, 57.256286166134615, 18.152209155058355]}, "datetime": {"datetime": "2025-08-21 18:03:00", "elapsed": 33497.32223320007, "delta": 17.04207134246826}, "costs": {"total_cost": 178.12650309515638, "time_cost": 70.224, "final_distance_cost": 1.7663667908683618, "oscillation_cost": 27.71600803173565, "completition_cost": 0.0, "overshoot_cost": 50.927609316867475, "power_cost": 15.558600427246095, "noise_cost": 11.933918528438804, "n_waypoints_completed": 9, "tot_waypoints": 9}}
{"target": -173.86725803837837, "params": {"k_pid_pos": [1.1274732068754294, 0.0, 0.13898756150061303], "k_pid_alt": [1.1018441526147857, 0.0, 0.01594558325385961], "k_pid_att": [15.977917798934707, 0.0001, 0.636476305456999], "k_pid_yaw": [0.5, 1e-06, 0.1], "k_pid_hsp": [0.12244967955684952, 0.00656196848694404, 0.0], "k_pid_vsp": [399.98220677741074, 28.220530122395864, 16.50298627070759]}, "datetime": {"datetime": "2025-08-21 18:03:17", "elapsed": 33513.91139793396, "delta": 16.58916473388672}, "costs": {"total_cost": 173.86725803837837, "time_cost": 71.056, "final_distance_cost": 1.8130009850223903, "oscillation_cost": 28.216346222019073, "completition_cost": 0.0, "overshoot_cost": 51.58072814778366, "power_cost": 11.73428563232422, "noise_cost": 9.466897051229017, "n_waypoints_completed": 9, "tot_waypoints": 9}}
{"target": -176.77216842393796, "params": {"k_pid_pos": [1.1167770425427623, 0.0, 0.151486900894372], "k_pid_alt": [1.1418650513581285, 0.0, 0.016558563922077354], "k_pid_att": [14.463093752913991, 0.0001, 0.6740750990647921], "k_pid_yaw": [0.5, 1e-06, 0.1], "k_pid_hsp": [0.05877259042296573, 0.0, 0.0], "k_pid_vsp": [398.36982353958865, 47.47234093608762, 19.853080003858548]}, "datetime": {"datetime": "2025-08-21 18:03:36", "elapsed": 33532.63906264305, "delta": 18.727664709091187}, "costs": {"total_cost": 176.77216842393796, "time_cost": 76.504, "final_distance_cost": 1.75947221700639, "oscillation_cost": 23.870240678539204, "completition_cost": 0.0, "overshoot_cost": 53.44332672754617, "power_cost": 11.652014172363282, "noise_cost": 9.543114628482897, "n_waypoints_completed": 9, "tot_waypoints": 9}}
{"target": -180.96704810801742, "params": {"k_pid_pos": [1.1239114393542642, 0.0, 0.13833265244821172], "k_pid_alt": [1.1298562620366719, 0.0, 0.01597307524962654], "k_pid_att": [15.33485091475052, 0.0001, 0.6370491841222958], "k_pid_yaw": [0.5, 1e-06, 0.1], "k_pid_hsp": [0.12789765108198417, 0.002979936249636322, 0.0], "k_pid_vsp": [400.0, 43.947472888593374, 17.43889971830569]}, "datetime": {"datetime": "2025-08-21 18:03:53", "elapsed": 33549.45455121994, "delta": 16.815488576889038}, "costs": {"total_cost": 180.96704810801742, "time_cost": 72.752, "final_distance_cost": 1.8141493514533402, "oscillation_cost": 28.58593667310876, "completition_cost": 0.0, "overshoot_cost": 51.71530297938397, "power_cost": 14.114555505371094, "noise_cost": 11.985103598700247, "n_waypoints_completed": 9, "tot_waypoints": 9}}
{"target": -180.17515329770828, "params": {"k_pid_pos": [1.1204060418116901, 0.0, 0.04252046112556063], "k_pid_alt": [1.243826801364433, 0.0, 0.012995943143523139], "k_pid_att": [38.8678858973964, 0.0001, 0.21038031142745084], "k_pid_yaw": [0.5, 1e-06, 0.1], "k_pid_hsp": [0.22226612887037492, 0.03406092873265691, 0.0], "k_pid_vsp": [378.47046233541636, 37.16509245837452, 24.01722253156547]}, "datetime": {"datetime": "2025-08-21 18:04:10", "elapsed": 33566.72097110748, "delta": 17.266419887542725}, "costs": {"total_cost": 180.17515329770828, "time_cost": 70.048, "final_distance_cost": 1.80607208423298, "oscillation_cost": 31.13288828247393, "completition_cost": 0.0, "overshoot_cost": 50.6214066446694, "power_cost": 14.666868298339844, "noise_cost": 11.899917987992112, "n_waypoints_completed": 9, "tot_waypoints": 9}}
{"target": -190.82244287842113, "params": {"k_pid_pos": [1.1293193642303985, 0.0, 0.13778375097459358], "k_pid_alt": [1.1946409132924094, 0.0, 0.016732707106226173], "k_pid_att": [12.894458172429793, 0.0001, 0.49270530884483266], "k_pid_yaw": [0.5, 1e-06, 0.1], "k_pid_hsp": [0.1562922682945982, 0.0033913135287590166, 0.0], "k_pid_vsp": [400.0, 41.96962692642916, 17.762537874577827]}, "datetime": {"datetime": "2025-08-21 18:04:26", "elapsed": 33583.27957415581, "delta": 16.558603048324585}, "costs": {"total_cost": 190.82244287842113, "time_cost": 71.592, "final_distance_cost": 1.8084958489441036, "oscillation_cost": 27.597045138789152, "completition_cost": 0.0, "overshoot_cost": 51.744785154843925, "power_cost": 21.987682958984376, "noise_cost": 16.092433776859554, "n_waypoints_completed": 9, "tot_waypoints": 9}}
{"target": -189.76947158643077, "params": {"k_pid_pos": [1.1215052331083244, 0.0, 0.1418719518090345], "k_pid_alt": [0.8678174980767431, 0.0, 0.01539148366796715], "k_pid_att": [16.270359635087573, 0.0001, 0.8735145501680407], "k_pid_yaw": [0.5, 1e-06, 0.1], "k_pid_hsp": [0.30834450449487955, 0.003710261920290817, 0.0], "k_pid_vsp": [399.99750952690584, 28.171116058941376, 15.784129472737323]}, "datetime": {"datetime": "2025-08-21 18:04:44", "elapsed": 33601.158386945724, "delta": 17.878812789916992}, "costs": {"total_cost": 189.76947158643077, "time_cost": 71.664, "final_distance_cost": 1.842526853717801, "oscillation_cost": 30.463808283519477, "completition_cost": 0.0, "overshoot_cost": 50.84376063618898, "power_cost": 20.262764428710938, "noise_cost": 14.692611384293572, "n_waypoints_completed": 9, "tot_waypoints": 9}}
{"target": -543.8637094935111, "params": {"k_pid_pos": [1.1136062321312472, 0.0, 0.1325040906580688], "k_pid_alt": [1.1845943748758057, 0.0, 0.013735669097719784], "k_pid_att": [16.33322022145534, 0.0001, 0.6666975950091922], "k_pid_yaw": [0.5, 1e-06, 0.1], "k_pid_hsp": [0.024316673226420726, 0.0026172176090712984, 0.0], "k_pid_vsp": [400.0, 42.68366304824991, 16.45157577965889]}, "datetime": {"datetime": "2025-08-21 18:05:08", "elapsed": 33624.702620744705, "delta": 23.544233798980713}, "costs": {"total_cost": 543.8637094935111, "time_cost": 150, "final_distance_cost": 68.08039420626788, "oscillation_cost": 13.809447277167132, "completition_cost": 222.2222222222222, "overshoot_cost": 53.19866253172802, "power_cost": 21.276114184570314, "noise_cost": 15.27686907155555, "n_waypoints_completed": 7, "tot_waypoints": 9}}
{"target": -183.99654978446978, "params": {"k_pid_pos": [1.1245722835920358, 0.0038890342518927527, 0.1376120277130039], "k_pid_alt": [1.1947727775547765, 0.0, 0.018421866505096182], "k_pid_att": [16.21451109878022, 0.13422697100173817, 0.6554171826070373], "k_pid_yaw": [0.5, 1e-06, 0.1], "k_pid_hsp": [0.20990024972754523, 0.0033366180943440724, 0.0], "k_pid_vsp": [390.98419048623043, 44.82678463616724, 18.03096807349122]}, "datetime": {"datetime": "2025-08-21 18:05:25", "elapsed": 33641.49364590645, "delta": 16.791025161743164}, "costs": {"total_cost": 183.99654978446978, "time_cost": 72.648, "final_distance_cost": 1.8298637402135873, "oscillation_cost": 29.00075758747904, "completition_cost": 0.0, "overshoot_cost": 52.420451613743, "power_cost": 15.422353552246095, "noise_cost": 12.675123290788035, "n_waypoints_completed": 9, "tot_waypoints": 9}}
{"target": -189.96595531111498, "params": {"k_pid_pos": [1.3603798035376067, 0.0, 0.19479677519007269], "k_pid_alt": [1.005350734211587, 0.0, 0.01517868532895694], "k_pid_att": [10.941062207798685, 0.0001, 0.6453061986407093], "k_pid_yaw": [0.5, 1e-06, 0.1], "k_pid_hsp": [0.12783970176670323, 0.0033594654523871237, 0.0], "k_pid_vsp": [400.0, 33.701591040069374, 16.79299258728593]}, "datetime": {"datetime": "2025-08-21 18:05:42", "elapsed": 33658.827328681946, "delta": 17.333682775497437}, "costs": {"total_cost": 189.96595531111498, "time_cost": 71.08800000000001, "final_distance_cost": 1.779290840431063, "oscillation_cost": 29.168454343594586, "completition_cost": 0.0, "overshoot_cost": 51.31678945292739, "power_cost": 21.16196364746094, "noise_cost": 15.451457026700997, "n_waypoints_completed": 9, "tot_waypoints": 9}}
{"target": -181.9212226473462, "params": {"k_pid_pos": [1.3746360776909752, 0.0, 0.15171738603068674], "k_pid_alt": [1.0358740976701315, 0.0, 0.01221008803984302], "k_pid_att": [14.24916708346758, 0.0001, 0.5965896406734424], "k_pid_yaw": [0.5, 1e-06, 0.1], "k_pid_hsp": [0.22546046990670315, 0.0035813934830811393, 0.0], "k_pid_vsp": [400.0, 21.92478011197276, 14.951849368093267]}, "datetime": {"datetime": "2025-08-21 18:05:58", "elapsed": 33675.14813518524, "delta": 16.3208065032959}, "costs": {"total_cost": 181.9212226473462, "time_cost": 70.824, "final_distance_cost": 1.8046783162257736, "oscillation_cost": 30.52421151334991, "completition_cost": 0.0, "overshoot_cost": 51.17758192760374, "power_cost": 15.538128771972657, "noise_cost": 12.052622118194144, "n_waypoints_completed": 9, "tot_waypoints": 9}}
