{"target": -189.39876734334956, "params": {"k_pid_pos": [1.0914334080416788, 0.0, 0.1328594551135848], "k_pid_alt": [1.033204396323548, 0.0, 0.009548849537748979], "k_pid_att": [12.804525130366194, 0.0001, 0.6187225561218309], "k_pid_yaw": [0.5, 1e-06, 0.1], "k_pid_hsp": [0.4218326673980261, 0.002703879602878963, 0.0], "k_pid_vsp": [397.7198350329895, 17.27700118457985, 14.813724345082175]}, "datetime": {"datetime": "2025-08-21 15:04:35", "elapsed": 22791.938162088394, "delta": 15.745344400405884}, "costs": {"total_cost": 189.39876734334956, "time_cost": 71.144, "final_distance_cost": 1.8430350543695464, "oscillation_cost": 30.619877539006637, "completition_cost": 0.0, "overshoot_cost": 50.55926920476674, "power_cost": 20.072144470214845, "noise_cost": 15.160441074991766, "n_waypoints_completed": 9, "tot_waypoints": 9}}
{"target": -189.49600030132018, "params": {"k_pid_pos": [1.1161687523017136, 0.0, 0.15054763381848033], "k_pid_alt": [0.976999512742192, 0.0, 0.00784304225219455], "k_pid_att": [18.494289459474686, 0.0001, 0.6265955554935911], "k_pid_yaw": [0.5, 1e-06, 0.1], "k_pid_hsp": [0.23991208448344722, 0.002017786073130498, 0.0], "k_pid_vsp": [377.1882902035742, 1e-06, 16.574682022080662]}, "datetime": {"datetime": "2025-08-21 15:04:52", "elapsed": 22808.66069459915, "delta": 16.722532510757446}, "costs": {"total_cost": 189.49600030132018, "time_cost": 71.504, "final_distance_cost": 1.8366848173136918, "oscillation_cost": 28.792166411852676, "completition_cost": 0.0, "overshoot_cost": 51.43949601548839, "power_cost": 20.669470153808593, "noise_cost": 15.254182902856817, "n_waypoints_completed": 9, "tot_waypoints": 9}}
{"target": -173.99083397736055, "params": {"k_pid_pos": [1.1419487866916, 0.0, 0.10540843519003305], "k_pid_alt": [0.9486614580540124, 0.0, 0.010501417985671087], "k_pid_att": [28.13818184482772, 0.0001, 0.2781752517467756], "k_pid_yaw": [0.5, 1e-06, 0.1], "k_pid_hsp": [0.08455338212623208, 0.004491425104661534, 0.0], "k_pid_vsp": [373.6460264059946, 4.431537023243994, 15.117598590292895]}, "datetime": {"datetime": "2025-08-21 15:05:09", "elapsed": 22825.800530672073, "delta": 17.139836072921753}, "costs": {"total_cost": 173.99083397736055, "time_cost": 72.784, "final_distance_cost": 1.7913502384546045, "oscillation_cost": 27.16591858785987, "completition_cost": 0.0, "overshoot_cost": 51.839944997381025, "power_cost": 10.734994763183595, "noise_cost": 9.674625390481465, "n_waypoints_completed": 9, "tot_waypoints": 9}}
{"target": -168.4645534964195, "params": {"k_pid_pos": [1.1318429301258717, 0.0, 0.11979839625736427], "k_pid_alt": [1.0054194235075955, 0.0, 0.008192410675666777], "k_pid_att": [14.523798259124458, 0.0001, 0.549816416624083], "k_pid_yaw": [0.5, 1e-06, 0.1], "k_pid_hsp": [0.11450587829036024, 0.0007220418911981661, 0.0], "k_pid_vsp": [388.61527368153526, 28.59364072810058, 20.46720513830178]}, "datetime": {"datetime": "2025-08-21 15:05:25", "elapsed": 22841.8061439991, "delta": 16.005613327026367}, "costs": {"total_cost": 168.4645534964195, "time_cost": 71.12, "final_distance_cost": 1.8070002330332513, "oscillation_cost": 27.447596077023572, "completition_cost": 0.0, "overshoot_cost": 51.510257836700475, "power_cost": 8.309139221191407, "noise_cost": 8.27056012847081, "n_waypoints_completed": 9, "tot_waypoints": 9}}
{"target": -186.88077543823886, "params": {"k_pid_pos": [1.1265140131869968, 0.0, 0.1336450398885323], "k_pid_alt": [0.6174422477040211, 0.0, 0.009491865797606216], "k_pid_att": [22.519144561053267, 0.0001, 0.472497895195111], "k_pid_yaw": [0.5, 1e-06, 0.1], "k_pid_hsp": [0.08198778704950455, 0.01636114838004117, 0.0], "k_pid_vsp": [393.3334721658059, 7.777067576933369, 15.540996470148224]}, "datetime": {"datetime": "2025-08-21 15:05:43", "elapsed": 22859.594546079636, "delta": 17.78840208053589}, "costs": {"total_cost": 186.88077543823886, "time_cost": 76.44800000000001, "final_distance_cost": 1.8166946183413117, "oscillation_cost": 29.349522612476566, "completition_cost": 0.0, "overshoot_cost": 52.262941213734514, "power_cost": 15.437024963378907, "noise_cost": 11.566592030307518, "n_waypoints_completed": 9, "tot_waypoints": 9}}
{"target": -174.97804765245982, "params": {"k_pid_pos": [1.2525461787362295, 0.0, 0.12902821941147744], "k_pid_alt": [1.0687538947594333, 0.0, 0.008943255104328264], "k_pid_att": [18.73418493964475, 0.0001, 0.6234733481397589], "k_pid_yaw": [0.5, 1e-06, 0.1], "k_pid_hsp": [0.3454195591587122, 0.0006790639246371088, 0.0], "k_pid_vsp": [397.0263826931655, 21.028309671936604, 23.497943786388873]}, "datetime": {"datetime": "2025-08-21 15:05:59", "elapsed": 22876.076175689697, "delta": 16.481629610061646}, "costs": {"total_cost": 174.97804765245982, "time_cost": 71.312, "final_distance_cost": 1.8174645653597008, "oscillation_cost": 30.3512019796458, "completition_cost": 0.0, "overshoot_cost": 51.26838119612092, "power_cost": 10.410654736328125, "noise_cost": 9.818345175005287, "n_waypoints_completed": 9, "tot_waypoints": 9}}
{"target": -178.7271836374275, "params": {"k_pid_pos": [1.1221074882781508, 0.0, 0.12780837482551177], "k_pid_alt": [0.9767430333567033, 0.0, 0.009769622819432645], "k_pid_att": [18.210637369726445, 0.0001, 0.6461696643701385], "k_pid_yaw": [0.5, 1e-06, 0.1], "k_pid_hsp": [0.1282873074283149, 0.004246671035085583, 0.0], "k_pid_vsp": [388.175658938247, 25.34108845518463, 17.556493939004206]}, "datetime": {"datetime": "2025-08-21 15:06:15", "elapsed": 22892.329642295837, "delta": 16.253466606140137}, "costs": {"total_cost": 178.7271836374275, "time_cost": 71.232, "final_distance_cost": 1.8162032424495986, "oscillation_cost": 27.7803159659606, "completition_cost": 0.0, "overshoot_cost": 51.123661060939384, "power_cost": 14.827472692871094, "noise_cost": 11.947530675206828, "n_waypoints_completed": 9, "tot_waypoints": 9}}
{"target": -189.5920964527616, "params": {"k_pid_pos": [1.1370486984107062, 0.0, 0.10000423597498874], "k_pid_alt": [1.0400702713512442, 0.0, 0.018613263761697394], "k_pid_att": [8.406713782646985, 0.0001, 0.6426092115463864], "k_pid_yaw": [0.5, 1e-06, 0.1], "k_pid_hsp": [0.12285521102725747, 0.002542141480992539, 0.0], "k_pid_vsp": [382.7561924383602, 17.662485744150697, 21.39149414064788]}, "datetime": {"datetime": "2025-08-21 15:06:32", "elapsed": 22909.376527786255, "delta": 17.04688549041748}, "costs": {"total_cost": 189.5920964527616, "time_cost": 71.944, "final_distance_cost": 1.8177719886923058, "oscillation_cost": 27.92615051025122, "completition_cost": 0.0, "overshoot_cost": 51.898257358963946, "power_cost": 20.768340783691407, "noise_cost": 15.237575811162754, "n_waypoints_completed": 9, "tot_waypoints": 9}}
{"target": -191.41426241986522, "params": {"k_pid_pos": [1.2152785320083463, 0.0, 0.16534805946467174], "k_pid_alt": [1.1461950124789184, 0.0, 0.000331960955529881], "k_pid_att": [16.61864614271563, 0.0001, 0.5634829185687947], "k_pid_yaw": [0.5, 1e-06, 0.1], "k_pid_hsp": [1.0860156887236068, 0.00012079285901521897, 0.0], "k_pid_vsp": [385.1598942835208, 65.53590650531876, 18.269536396626563]}, "datetime": {"datetime": "2025-08-21 15:06:50", "elapsed": 22926.73097038269, "delta": 17.354442596435547}, "costs": {"total_cost": 191.41426241986522, "time_cost": 73.21600000000001, "final_distance_cost": 1.8412748718757228, "oscillation_cost": 32.73300380556908, "completition_cost": 0.0, "overshoot_cost": 52.384271926934524, "power_cost": 17.44480614013672, "noise_cost": 13.794905675349199, "n_waypoints_completed": 9, "tot_waypoints": 9}}
{"target": -177.11792802019124, "params": {"k_pid_pos": [1.1541277585735732, 0.0, 0.18025375086913234], "k_pid_alt": [0.9593642365862036, 0.0, 0.009906285441121276], "k_pid_att": [19.526594098028053, 0.0001, 0.6322495838667209], "k_pid_yaw": [0.5, 1e-06, 0.1], "k_pid_hsp": [0.11946276685391835, 0.0011551158090609601, 0.0], "k_pid_vsp": [400.0, 22.14298002991674, 14.03518297548404]}, "datetime": {"datetime": "2025-08-21 15:07:07", "elapsed": 22943.509531974792, "delta": 16.77856159210205}, "costs": {"total_cost": 177.11792802019124, "time_cost": 71.432, "final_distance_cost": 1.7898151785312182, "oscillation_cost": 27.291870673296895, "completition_cost": 0.0, "overshoot_cost": 51.592009293507346, "power_cost": 14.045772497558595, "noise_cost": 10.966460377297192, "n_waypoints_completed": 9, "tot_waypoints": 9}}
{"target": -188.70598416038138, "params": {"k_pid_pos": [1.4664745728679816, 0.0, 0.20100081512674284], "k_pid_alt": [1.136335267047758, 0.0, 0.008200303433380192], "k_pid_att": [24.816848153359427, 0.0001, 0.6392723772346177], "k_pid_yaw": [0.5, 1e-06, 0.1], "k_pid_hsp": [1.3424691411763452, 0.0016163936049953314, 0.0], "k_pid_vsp": [388.62233807142565, 23.409554980063607, 26.27740276261629]}, "datetime": {"datetime": "2025-08-21 15:07:23", "elapsed": 22960.30041885376, "delta": 16.790886878967285}, "costs": {"total_cost": 188.70598416038138, "time_cost": 72.256, "final_distance_cost": 1.8108304917487952, "oscillation_cost": 34.33081785142652, "completition_cost": 0.0, "overshoot_cost": 51.118468010483824, "power_cost": 16.189345959472657, "noise_cost": 13.0005218472496, "n_waypoints_completed": 9, "tot_waypoints": 9}}
{"target": -180.41124491801995, "params": {"k_pid_pos": [1.3000480279846955, 0.0, 0.1242670476218282], "k_pid_alt": [0.9926663085498703, 0.0, 0.012131425575136082], "k_pid_att": [26.10216111294124, 0.29556269498466087, 0.6320760501554535], "k_pid_yaw": [0.5, 1e-06, 0.1], "k_pid_hsp": [0.7770116786234118, 0.00285924028007358, 0.0], "k_pid_vsp": [400.0, 17.7890157909341, 14.53786232901781]}, "datetime": {"datetime": "2025-08-21 15:07:39", "elapsed": 22976.10204386711, "delta": 15.80162501335144}, "costs": {"total_cost": 180.41124491801995, "time_cost": 70.336, "final_distance_cost": 1.8211398082487062, "oscillation_cost": 33.035254270075, "completition_cost": 0.0, "overshoot_cost": 50.24844156302301, "power_cost": 13.565532238769531, "noise_cost": 11.404877037903699, "n_waypoints_completed": 9, "tot_waypoints": 9}}
{"target": -972.9198430281231, "params": {"k_pid_pos": [1.1564325157401292, 0.0, 0.10921692799126281], "k_pid_alt": [0.9807544223825799, 0.0, 0.012630520884285068], "k_pid_att": [17.186068309152812, 0.0001, 0.4953621818885233], "k_pid_yaw": [0.5, 1e-06, 0.1], "k_pid_hsp": [0.010749257735254689, 0.00441241559901541, 0.0], "k_pid_vsp": [400.0, 26.36665435613554, 16.516692469082454]}, "datetime": {"datetime": "2025-08-21 15:08:02", "elapsed": 22999.26549553871, "delta": 23.163451671600342}, "costs": {"total_cost": 972.9198430281231, "time_cost": 150, "final_distance_cost": 66.58510860679253, "oscillation_cost": 5.789803475406177, "completition_cost": 666.6666666666667, "overshoot_cost": 54.27953120868686, "power_cost": 16.850786450195315, "noise_cost": 12.747946620375352, "n_waypoints_completed": 3, "tot_waypoints": 9}}
{"target": -180.0709549616748, "params": {"k_pid_pos": [1.0519688532121545, 0.0, 0.11737859413530066], "k_pid_alt": [0.9852087126313875, 0.0, 0.009357373639940065], "k_pid_att": [23.849303376237277, 0.0001, 0.8111655034599714], "k_pid_yaw": [0.5, 1e-06, 0.1], "k_pid_hsp": [1.1892864658922218, 0.004945814443289303, 0.0], "k_pid_vsp": [383.6458426549651, 2.544755199979028, 0.6673896604411009]}, "datetime": {"datetime": "2025-08-21 15:08:20", "elapsed": 23016.556631088257, "delta": 17.291135549545288}, "costs": {"total_cost": 180.0709549616748, "time_cost": 71.96000000000001, "final_distance_cost": 1.8442255830120229, "oscillation_cost": 31.16799206886733, "completition_cost": 0.0, "overshoot_cost": 50.9952341847084, "power_cost": 12.371873205566407, "noise_cost": 11.731629919520639, "n_waypoints_completed": 9, "tot_waypoints": 9}}
{"target": -168.9043976822228, "params": {"k_pid_pos": [1.1259359385626346, 0.0, 0.15584014399299057], "k_pid_alt": [0.9415028203373076, 0.0, 0.010514364836177886], "k_pid_att": [18.475022296823553, 0.0001, 0.6283656935597288], "k_pid_yaw": [0.5, 1e-06, 0.1], "k_pid_hsp": [0.14837724106128672, 9.529658474332443e-05, 0.0], "k_pid_vsp": [400.0, 26.003770334706406, 15.155663717792542]}, "datetime": {"datetime": "2025-08-21 15:08:37", "elapsed": 23033.787359714508, "delta": 17.23072862625122}, "costs": {"total_cost": 168.9043976822228, "time_cost": 71.656, "final_distance_cost": 1.797434622850781, "oscillation_cost": 27.734330518434657, "completition_cost": 0.0, "overshoot_cost": 51.32547620505962, "power_cost": 8.17834403076172, "noise_cost": 8.212812305116007, "n_waypoints_completed": 9, "tot_waypoints": 9}}
{"target": -172.04203002162217, "params": {"k_pid_pos": [1.117410125588805, 0.0, 0.14189297248489843], "k_pid_alt": [0.7242604935590464, 0.0, 0.006188910882389931], "k_pid_att": [16.724502096522105, 0.0001, 0.7061678774971317], "k_pid_yaw": [0.5, 1e-06, 0.1], "k_pid_hsp": [0.3445917234983362, 0.005113745831438244, 0.0], "k_pid_vsp": [385.4798670921861, 11.103385263699387, 12.6460284842066]}, "datetime": {"datetime": "2025-08-21 15:08:53", "elapsed": 23049.985324144363, "delta": 16.197964429855347}, "costs": {"total_cost": 172.04203002162217, "time_cost": 72.616, "final_distance_cost": 1.8459724727006188, "oscillation_cost": 30.4090823131125, "completition_cost": 0.0, "overshoot_cost": 50.697728173767636, "power_cost": 8.333343994140625, "noise_cost": 8.139903067900761, "n_waypoints_completed": 9, "tot_waypoints": 9}}
{"target": -185.7217459017895, "params": {"k_pid_pos": [1.1295483911997142, 0.0, 0.13675036001416], "k_pid_alt": [1.1344181586389843, 0.0, 0.0155636671466909], "k_pid_att": [15.405066393266736, 0.0001, 0.6385877245012056], "k_pid_yaw": [0.5, 1e-06, 0.1], "k_pid_hsp": [0.12903981589599783, 0.0012989324959012973, 0.0], "k_pid_vsp": [394.0488647470983, 46.482480615091326, 22.388775669548934]}, "datetime": {"datetime": "2025-08-21 15:09:10", "elapsed": 23066.864668130875, "delta": 16.87934398651123}, "costs": {"total_cost": 185.7217459017895, "time_cost": 70.696, "final_distance_cost": 1.778746605822148, "oscillation_cost": 27.659393028071776, "completition_cost": 0.0, "overshoot_cost": 51.21308727482132, "power_cost": 19.796677734375002, "noise_cost": 14.57784125869925, "n_waypoints_completed": 9, "tot_waypoints": 9}}
{"target": -175.32225983376128, "params": {"k_pid_pos": [1.2852828274713415, 0.0, 0.10703641863163116], "k_pid_alt": [0.6295599880007976, 0.0, 0.0073121267269929575], "k_pid_att": [23.01823788134574, 0.0001, 0.6309526142716311], "k_pid_yaw": [0.5, 1e-06, 0.1], "k_pid_hsp": [0.311991944296131, 0.022912076350212165, 0.0], "k_pid_vsp": [392.39154554214, 18.49707331344762, 22.29306365702172]}, "datetime": {"datetime": "2025-08-21 15:09:27", "elapsed": 23083.682045459747, "delta": 16.81737732887268}, "costs": {"total_cost": 175.32225983376128, "time_cost": 73.072, "final_distance_cost": 1.8320929274572335, "oscillation_cost": 32.17535810040323, "completition_cost": 0.0, "overshoot_cost": 51.161454469225326, "power_cost": 9.116876721191407, "noise_cost": 7.96447761548406, "n_waypoints_completed": 9, "tot_waypoints": 9}}
{"target": -1099.0971309613062, "params": {"k_pid_pos": [1.6399726447893608, 0.0, 0.12526880020507145], "k_pid_alt": [0.9876708324677013, 0.0, 0.010775159985302662], "k_pid_att": [37.81397096223989, 0.0001, 0.4630698105991103], "k_pid_yaw": [0.5, 1e-06, 0.1], "k_pid_hsp": [0.00654087898133533, 0.00297774125765811, 0.0], "k_pid_vsp": [397.5628238072783, 14.316296831838923, 24.441761025994307]}, "datetime": {"datetime": "2025-08-21 15:09:50", "elapsed": 23107.392781972885, "delta": 23.710736513137817}, "costs": {"total_cost": 1099.0971309613062, "time_cost": 150, "final_distance_cost": 92.01484994747794, "oscillation_cost": 5.671129205290737, "completition_cost": 777.7777777777778, "overshoot_cost": 53.21658763283865, "power_cost": 10.850080627441407, "noise_cost": 9.566705770479665, "n_waypoints_completed": 2, "tot_waypoints": 9}}
{"target": -180.7980466951213, "params": {"k_pid_pos": [1.1161595022221444, 0.0, 0.1029121382461445], "k_pid_alt": [1.005325887597202, 0.0, 0.009225773001560274], "k_pid_att": [3.5709681950316785, 0.0001, 0.5683206930485571], "k_pid_yaw": [0.5, 1e-06, 0.1], "k_pid_hsp": [0.1012002182214718, 0.0014774638025559252, 0.0], "k_pid_vsp": [378.80961401658965, 26.84253581103908, 9.21605688129571]}, "datetime": {"datetime": "2025-08-21 15:10:08", "elapsed": 23124.6463201046, "delta": 17.253538131713867}, "costs": {"total_cost": 180.7980466951213, "time_cost": 72.44, "final_distance_cost": 1.7765126232682542, "oscillation_cost": 27.352733445772603, "completition_cost": 0.0, "overshoot_cost": 52.67656993558872, "power_cost": 14.679253100585939, "noise_cost": 11.872977589905762, "n_waypoints_completed": 9, "tot_waypoints": 9}}
{"target": -186.49455526575576, "params": {"k_pid_pos": [1.0996326610606433, 0.0, 0.13101928888851871], "k_pid_alt": [1.1981152332890566, 0.0, 0.010979473976242576], "k_pid_att": [18.33419388614083, 0.0001, 0.39523753075650003], "k_pid_yaw": [0.5, 1e-06, 0.1], "k_pid_hsp": [0.12812451588964893, 0.0043262200712033145, 0.0], "k_pid_vsp": [399.1113670362931, 15.163655143474758, 18.843884287863347]}, "datetime": {"datetime": "2025-08-21 15:10:24", "elapsed": 23141.389239549637, "delta": 16.742919445037842}, "costs": {"total_cost": 186.49455526575576, "time_cost": 71.768, "final_distance_cost": 1.7973255505659882, "oscillation_cost": 27.845991448354667, "completition_cost": 0.0, "overshoot_cost": 51.96800982690972, "power_cost": 19.34916744384766, "noise_cost": 13.766060996077725, "n_waypoints_completed": 9, "tot_waypoints": 9}}
{"target": -183.4112187607957, "params": {"k_pid_pos": [1.1311922270424293, 0.14754018858710577, 0.11886122507426414], "k_pid_alt": [1.0306500802895369, 0.0, 0.009549666843807777], "k_pid_att": [16.49745915599712, 0.06848638566171034, 0.6007650239598614], "k_pid_yaw": [0.5, 1e-06, 0.1], "k_pid_hsp": [0.2893885337509792, 0.0006866631211224624, 0.0], "k_pid_vsp": [400.0, 21.93537352101738, 14.785407220727501]}, "datetime": {"datetime": "2025-08-21 15:10:40", "elapsed": 23157.363985300064, "delta": 15.974745750427246}, "costs": {"total_cost": 183.4112187607957, "time_cost": 71.808, "final_distance_cost": 1.812363123903982, "oscillation_cost": 29.277798809338485, "completition_cost": 0.0, "overshoot_cost": 51.390391906946505, "power_cost": 16.6134822265625, "noise_cost": 12.509182694044219, "n_waypoints_completed": 9, "tot_waypoints": 9}}
{"target": -164.9361859983101, "params": {"k_pid_pos": [1.3184953649777758, 0.0, 0.004952009342340087], "k_pid_alt": [1.0716860571601723, 0.0, 0.00013527889551014083], "k_pid_att": [13.550851283685775, 0.0001, 0.6425586957858407], "k_pid_yaw": [0.5, 1e-06, 0.1], "k_pid_hsp": [0.12575521095295306, 0.003241163688208172, 0.0], "k_pid_vsp": [400.0, 21.905945524218932, 22.11170808229659]}, "datetime": {"datetime": "2025-08-21 15:10:57", "elapsed": 23174.307750225067, "delta": 16.94376492500305}, "costs": {"total_cost": 164.9361859983101, "time_cost": 70.288, "final_distance_cost": 1.7480013670763477, "oscillation_cost": 29.999953899495882, "completition_cost": 0.0, "overshoot_cost": 51.084834729832856, "power_cost": 5.77466748046875, "noise_cost": 6.040728521436257, "n_waypoints_completed": 9, "tot_waypoints": 9}}
{"target": -175.31445633191694, "params": {"k_pid_pos": [1.3783409472168235, 0.00028032449722391887, 0.1547408750147127], "k_pid_alt": [0.9736284319637835, 0.0, 0.009364854759188147], "k_pid_att": [11.69314635529362, 0.0001, 0.651364218194776], "k_pid_yaw": [0.5, 1e-06, 0.1], "k_pid_hsp": [0.10912665262194648, 0.0041904609711292656, 0.0], "k_pid_vsp": [386.4015882917695, 16.97424863261476, 21.319629254494856]}, "datetime": {"datetime": "2025-08-21 15:11:14", "elapsed": 23190.8565826416, "delta": 16.548832416534424}, "costs": {"total_cost": 175.31445633191694, "time_cost": 71.608, "final_distance_cost": 1.772557275859081, "oscillation_cost": 29.494589103459802, "completition_cost": 0.0, "overshoot_cost": 51.73926226087234, "power_cost": 11.061989794921876, "noise_cost": 9.638057896803803, "n_waypoints_completed": 9, "tot_waypoints": 9}}
{"target": -166.39353132017976, "params": {"k_pid_pos": [1.1258917299137454, 0.0, 0.023081566082358007], "k_pid_alt": [1.202142399350518, 0.0, 0.009706538473352228], "k_pid_att": [15.186694839174969, 0.0001, 0.6486352459554154], "k_pid_yaw": [0.5, 1e-06, 0.1], "k_pid_hsp": [0.1387933584364626, 0.0038436243633028625, 0.0], "k_pid_vsp": [388.15570095778077, 20.88629175785306, 13.783128392340878]}, "datetime": {"datetime": "2025-08-21 15:11:31", "elapsed": 23207.503256082535, "delta": 16.646673440933228}, "costs": {"total_cost": 166.39353132017976, "time_cost": 70.568, "final_distance_cost": 1.7704037218783637, "oscillation_cost": 28.943345634510425, "completition_cost": 0.0, "overshoot_cost": 51.3124679991022, "power_cost": 6.58341845703125, "noise_cost": 7.215895507657519, "n_waypoints_completed": 9, "tot_waypoints": 9}}
{"target": -1205.0554140283957, "params": {"k_pid_pos": [1.1290355379855757, 0.0, 0.1663564504915624], "k_pid_alt": [1.1129235532342068, 0.0, 0.0097120451870901], "k_pid_att": [14.596680028214731, 0.0001, 0.6594779714566538], "k_pid_yaw": [0.5, 1e-06, 0.1], "k_pid_hsp": [0.0001, 0.001570256041018235, 0.0], "k_pid_vsp": [400.0, 15.545060163644141, 15.76607372825152]}, "datetime": {"datetime": "2025-08-21 15:11:53", "elapsed": 23230.408079862595, "delta": 22.904823780059814}, "costs": {"total_cost": 1205.0554140283957, "time_cost": 150, "final_distance_cost": 54.580234098600215, "oscillation_cost": 0.2671389612113155, "completition_cost": 888.8888888888888, "overshoot_cost": 94.80025776253142, "power_cost": 7.838699743652344, "noise_cost": 8.680194573511736, "n_waypoints_completed": 1, "tot_waypoints": 9}}
