{"target": -1167.0433881642819, "params": {"k_pid_pos": [1.1833834863659611, 0.0, 0.10757713485751903], "k_pid_alt": [0.989500767101744, 0.0, 0.012744750850952401], "k_pid_att": [16.810975413823748, 0.0001, 0.7868048856773805], "k_pid_yaw": [0.5, 1e-06, 0.1], "k_pid_hsp": [0.001990132367407485, 0.0, 0.0], "k_pid_vsp": [400.0, 37.352552814309064, 18.359792716406613]}, "datetime": {"datetime": "2025-08-21 13:47:55", "elapsed": 18191.62543463707, "delta": 22.89283776283264}, "costs": {"total_cost": 1167.0433881642819, "time_cost": 150, "final_distance_cost": 60.64275430615565, "oscillation_cost": 6.523850822137697, "completition_cost": 888.8888888888888, "overshoot_cost": 54.545726108597684, "power_cost": 2.363806286621094, "noise_cost": 4.078361751880968, "n_waypoints_completed": 1, "tot_waypoints": 9}}
{"target": -185.1543520147691, "params": {"k_pid_pos": [1.677520067328771, 0.0, 0.25090290362680123], "k_pid_alt": [1.1085895660640832, 0.0, 0.013032635330096368], "k_pid_att": [21.83535442015481, 0.0001, 0.5767136263424487], "k_pid_yaw": [0.5, 1e-06, 0.1], "k_pid_hsp": [1.0367502274102878, 0.0, 0.0], "k_pid_vsp": [400.0, 25.641707283358187, 23.175815914215605]}, "datetime": {"datetime": "2025-08-21 13:48:11", "elapsed": 18208.209289312363, "delta": 16.58385467529297}, "costs": {"total_cost": 185.1543520147691, "time_cost": 72.168, "final_distance_cost": 1.7808818312023276, "oscillation_cost": 34.68789743596173, "completition_cost": 0.0, "overshoot_cost": 51.01618491978485, "power_cost": 13.831521899414064, "noise_cost": 11.669865928406118, "n_waypoints_completed": 9, "tot_waypoints": 9}}
{"target": -179.7967893490783, "params": {"k_pid_pos": [1.1543055358092085, 0.0, 0.11806598204739539], "k_pid_alt": [1.006483557757438, 0.0, 0.004130862214397884], "k_pid_att": [32.34086895376315, 0.02735759482716911, 0.63456306044673], "k_pid_yaw": [0.5, 1e-06, 0.1], "k_pid_hsp": [0.6548708997907682, 0.0, 0.0], "k_pid_vsp": [400.0, 28.55487918050715, 36.14827139074761]}, "datetime": {"datetime": "2025-08-21 13:48:28", "elapsed": 18224.779366731644, "delta": 16.570077419281006}, "costs": {"total_cost": 179.7967893490783, "time_cost": 70.136, "final_distance_cost": 1.8414589985211178, "oscillation_cost": 33.31716265660166, "completition_cost": 0.0, "overshoot_cost": 50.510279385894826, "power_cost": 13.247679138183594, "noise_cost": 10.744209169877106, "n_waypoints_completed": 9, "tot_waypoints": 9}}
{"target": -178.55670143439187, "params": {"k_pid_pos": [1.1085448509675566, 0.0, 0.1183808681061605], "k_pid_alt": [1.0862005079714296, 0.0, 0.008379782979086765], "k_pid_att": [14.641472591733907, 0.0001, 0.6038872325747562], "k_pid_yaw": [0.5, 1e-06, 0.1], "k_pid_hsp": [0.46041252811817646, 0.0, 0.0], "k_pid_vsp": [400.0, 26.003075922963063, 19.563454032240788]}, "datetime": {"datetime": "2025-08-21 13:48:44", "elapsed": 18241.12955737114, "delta": 16.35019063949585}, "costs": {"total_cost": 178.55670143439187, "time_cost": 70.912, "final_distance_cost": 1.840382193475575, "oscillation_cost": 30.893535152078144, "completition_cost": 0.0, "overshoot_cost": 50.79575154641945, "power_cost": 12.946169348144531, "noise_cost": 11.168863194274179, "n_waypoints_completed": 9, "tot_waypoints": 9}}
{"target": -889.0752713167692, "params": {"k_pid_pos": [1.1897222675902583, 0.0, 0.1272373263755537], "k_pid_alt": [1.029203120495632, 0.0, 0.009312113297183981], "k_pid_att": [0.0, 0.0001, 0.5385370416073472], "k_pid_yaw": [0.5, 1e-06, 0.1], "k_pid_hsp": [3.138142919653066, 0.0, 0.0], "k_pid_vsp": [400.0, 1e-06, 1e-06]}, "datetime": {"datetime": "2025-08-21 13:49:07", "elapsed": 18264.223145246506, "delta": 23.09358787536621}, "costs": {"total_cost": 889.0752713167692, "time_cost": 150, "final_distance_cost": 52.94498835500941, "oscillation_cost": 2.8208268081280408, "completition_cost": 555.5555555555555, "overshoot_cost": 102.15845714493065, "power_cost": 12.883629455566407, "noise_cost": 12.711813997579267, "n_waypoints_completed": 4, "tot_waypoints": 9}}
{"target": -176.48064964079182, "params": {"k_pid_pos": [1.1298548702843005, 0.0, 0.17801383087602876], "k_pid_alt": [1.1099694878959072, 0.0, 0.00952885349405656], "k_pid_att": [18.106469362883363, 0.0001, 0.5818932957866951], "k_pid_yaw": [0.5, 1e-06, 0.1], "k_pid_hsp": [0.09210613799204628, 0.0, 0.0], "k_pid_vsp": [400.0, 26.310706372914073, 18.082008236229708]}, "datetime": {"datetime": "2025-08-21 13:49:24", "elapsed": 18280.63908314705, "delta": 16.415937900543213}, "costs": {"total_cost": 176.48064964079182, "time_cost": 71.92, "final_distance_cost": 1.8005939894948895, "oscillation_cost": 26.002549820415414, "completition_cost": 0.0, "overshoot_cost": 52.040484981397185, "power_cost": 13.39164705810547, "noise_cost": 11.325373791378862, "n_waypoints_completed": 9, "tot_waypoints": 9}}
{"target": -176.9465571832787, "params": {"k_pid_pos": [1.1684354475307799, 0.0, 0.16145422566711348], "k_pid_alt": [1.1994563638159454, 0.0, 0.002218838953007389], "k_pid_att": [19.659479122546788, 0.0001, 0.6731175511244847], "k_pid_yaw": [0.5, 1e-06, 0.1], "k_pid_hsp": [0.8973762567329456, 0.0, 0.0], "k_pid_vsp": [400.0, 34.1272935235987, 22.32903921916059]}, "datetime": {"datetime": "2025-08-21 13:49:40", "elapsed": 18297.14969587326, "delta": 16.510612726211548}, "costs": {"total_cost": 176.9465571832787, "time_cost": 70.04, "final_distance_cost": 1.8482054897065618, "oscillation_cost": 32.08008268796479, "completition_cost": 0.0, "overshoot_cost": 50.286158123699465, "power_cost": 11.941864501953125, "noise_cost": 10.750246379954785, "n_waypoints_completed": 9, "tot_waypoints": 9}}
{"target": -173.0286457070088, "params": {"k_pid_pos": [1.1409755284773426, 0.0, 0.13925039588032087], "k_pid_alt": [1.0901313592462403, 0.0, 0.01186007057864761], "k_pid_att": [18.691385726091124, 0.0001, 0.5796041019062868], "k_pid_yaw": [0.5, 1e-06, 0.1], "k_pid_hsp": [0.10866956911129688, 0.0, 0.0], "k_pid_vsp": [400.0, 36.015859007135774, 20.885182986880253]}, "datetime": {"datetime": "2025-08-21 13:49:57", "elapsed": 18314.153012752533, "delta": 17.00331687927246}, "costs": {"total_cost": 173.0286457070088, "time_cost": 70.968, "final_distance_cost": 1.7730773066358252, "oscillation_cost": 26.958191993738073, "completition_cost": 0.0, "overshoot_cost": 51.31006045194947, "power_cost": 11.668161010742189, "noise_cost": 10.351154943943232, "n_waypoints_completed": 9, "tot_waypoints": 9}}
{"target": -171.87808729832665, "params": {"k_pid_pos": [1.1979271453016946, 0.0, 0.03350406773222917], "k_pid_alt": [0.8738934967542219, 0.0, 0.0005028252695122746], "k_pid_att": [22.343988227155876, 0.0001, 0.6367348293153234], "k_pid_yaw": [0.5, 1e-06, 0.1], "k_pid_hsp": [0.17138601431215544, 0.0, 0.0], "k_pid_vsp": [400.0, 33.69150475784585, 17.24529841915974]}, "datetime": {"datetime": "2025-08-21 13:50:13", "elapsed": 18330.202568769455, "delta": 16.049556016921997}, "costs": {"total_cost": 171.87808729832665, "time_cost": 70.96000000000001, "final_distance_cost": 1.8178874840028119, "oscillation_cost": 30.536199661629386, "completition_cost": 0.0, "overshoot_cost": 51.316380329067634, "power_cost": 8.771223010253907, "noise_cost": 8.476396813372906, "n_waypoints_completed": 9, "tot_waypoints": 9}}
{"target": -1168.1386156355438, "params": {"k_pid_pos": [0.8744031606573587, 0.0, 0.1616016934822741], "k_pid_alt": [0.9906883555976697, 0.0, 0.009622697235043144], "k_pid_att": [23.895260314981485, 0.0001, 0.3411231807282478], "k_pid_yaw": [0.5, 1e-06, 0.1], "k_pid_hsp": [0.0001, 0.0, 0.0], "k_pid_vsp": [400.0, 27.872346820603006, 19.48845826575634]}, "datetime": {"datetime": "2025-08-21 13:50:36", "elapsed": 18353.324075460434, "delta": 23.121506690979004}, "costs": {"total_cost": 1168.1386156355438, "time_cost": 150, "final_distance_cost": 45.621217344090994, "oscillation_cost": 0.1631827688485826, "completition_cost": 888.8888888888888, "overshoot_cost": 72.56786121721267, "power_cost": 4.669871862792969, "noise_cost": 6.227593553709957, "n_waypoints_completed": 1, "tot_waypoints": 9}}
{"target": -1174.2309899339425, "params": {"k_pid_pos": [1.1532434293447196, 0.0, 0.022774474675222867], "k_pid_alt": [1.0648873134946841, 0.0, 0.00905325082872535], "k_pid_att": [23.945788357253107, 0.0001, 0.6476041089388416], "k_pid_yaw": [0.5, 1e-06, 0.1], "k_pid_hsp": [0.0001, 0.0, 0.0], "k_pid_vsp": [400.0, 1e-06, 14.566807301482445]}, "datetime": {"datetime": "2025-08-21 13:51:00", "elapsed": 18376.4781665802, "delta": 23.154091119766235}, "costs": {"total_cost": 1174.2309899339425, "time_cost": 150, "final_distance_cost": 46.187464988924084, "oscillation_cost": 0.5623923351479365, "completition_cost": 888.8888888888888, "overshoot_cost": 81.3220216884891, "power_cost": 2.6597520263671877, "noise_cost": 4.610470006125628, "n_waypoints_completed": 1, "tot_waypoints": 9}}
{"target": -177.8528116508652, "params": {"k_pid_pos": [1.0931616541681888, 0.0, 0.12965881719157793], "k_pid_alt": [1.0847675931721867, 0.0, 0.011391758001323027], "k_pid_att": [18.897951990671828, 0.0001, 0.41020862387842494], "k_pid_yaw": [0.5, 1e-06, 0.1], "k_pid_hsp": [0.5452302831307198, 0.0, 0.0], "k_pid_vsp": [400.0, 26.936604952436998, 17.72599356512655]}, "datetime": {"datetime": "2025-08-21 13:51:16", "elapsed": 18393.424806833267, "delta": 16.946640253067017}, "costs": {"total_cost": 177.8528116508652, "time_cost": 71.136, "final_distance_cost": 1.83978645981274, "oscillation_cost": 30.728886180598188, "completition_cost": 0.0, "overshoot_cost": 51.03695018804876, "power_cost": 12.761292236328126, "noise_cost": 10.349896586077378, "n_waypoints_completed": 9, "tot_waypoints": 9}}
{"target": -180.70375610131654, "params": {"k_pid_pos": [1.133936542496334, 3.4833099745765206e-05, 0.13555233308264256], "k_pid_alt": [0.9797944177345905, 0.0, 0.010735898325389126], "k_pid_att": [25.488353299260048, 0.03367858059706036, 0.5252192547303087], "k_pid_yaw": [0.5, 1e-06, 0.1], "k_pid_hsp": [0.36348748006088083, 0.0, 0.0], "k_pid_vsp": [368.3197281711856, 32.01837044738077, 16.439224242835373]}, "datetime": {"datetime": "2025-08-21 13:51:33", "elapsed": 18409.8444108963, "delta": 16.419604063034058}, "costs": {"total_cost": 180.70375610131654, "time_cost": 70.912, "final_distance_cost": 1.8431806667786326, "oscillation_cost": 29.96731220010115, "completition_cost": 0.0, "overshoot_cost": 50.51413159277431, "power_cost": 15.111710742187501, "noise_cost": 12.35542089947491, "n_waypoints_completed": 9, "tot_waypoints": 9}}
{"target": -174.32613099308193, "params": {"k_pid_pos": [0.7908843103552251, 0.0, 0.06488177235979198], "k_pid_alt": [0.6673907093695624, 0.0, 0.0], "k_pid_att": [12.48819269185734, 0.0001, 0.6235897600933599], "k_pid_yaw": [0.5, 1e-06, 0.1], "k_pid_hsp": [0.1597345125595992, 0.0, 0.0], "k_pid_vsp": [400.0, 24.63241337657613, 18.991176489826977]}, "datetime": {"datetime": "2025-08-21 13:51:50", "elapsed": 18426.976313591003, "delta": 17.13190269470215}, "costs": {"total_cost": 174.32613099308193, "time_cost": 73.976, "final_distance_cost": 1.818798178982001, "oscillation_cost": 25.283930202917727, "completition_cost": 0.0, "overshoot_cost": 50.69032401433402, "power_cost": 11.893970788574219, "noise_cost": 10.66310780827397, "n_waypoints_completed": 9, "tot_waypoints": 9}}
{"target": -172.85662315027122, "params": {"k_pid_pos": [1.4723891784488314, 0.0002693629268362222, 0.03616927866395067], "k_pid_alt": [1.0871883454368063, 0.0, 0.00961258002766278], "k_pid_att": [22.442114017981353, 0.5739191090961564, 0.5799033059044754], "k_pid_yaw": [0.5, 1e-06, 0.1], "k_pid_hsp": [0.13121196314785843, 0.0, 0.0], "k_pid_vsp": [400.0, 19.215740241572412, 19.266946834896324]}, "datetime": {"datetime": "2025-08-21 13:52:07", "elapsed": 18443.930471658707, "delta": 16.954158067703247}, "costs": {"total_cost": 172.85662315027122, "time_cost": 71.384, "final_distance_cost": 1.742987430011665, "oscillation_cost": 31.333349503322, "completition_cost": 0.0, "overshoot_cost": 52.094281923790184, "power_cost": 8.133624047851562, "noise_cost": 8.16838024529581, "n_waypoints_completed": 9, "tot_waypoints": 9}}
{"target": -176.55430921386258, "params": {"k_pid_pos": [1.0907503814884576, 0.0, 0.4047071042325971], "k_pid_alt": [1.1026982343225968, 0.0, 0.00965550723932749], "k_pid_att": [17.26252971228276, 0.0001, 0.599714418762872], "k_pid_yaw": [0.5, 1e-06, 0.1], "k_pid_hsp": [0.29488233015944687, 0.0, 0.0], "k_pid_vsp": [400.0, 21.89232701875264, 27.335706154276984]}, "datetime": {"datetime": "2025-08-21 13:52:24", "elapsed": 18460.872113466263, "delta": 16.941641807556152}, "costs": {"total_cost": 176.55430921386258, "time_cost": 72.16, "final_distance_cost": 1.8399609206468184, "oscillation_cost": 28.073446765059735, "completition_cost": 0.0, "overshoot_cost": 50.11987739230602, "power_cost": 13.697260424804687, "noise_cost": 10.663763711045323, "n_waypoints_completed": 9, "tot_waypoints": 9}}
{"target": -183.89530949988435, "params": {"k_pid_pos": [1.131085445734835, 0.0, 0.09606908809212959], "k_pid_alt": [1.0457918761138014, 0.0, 0.011348834499867986], "k_pid_att": [21.447412151303997, 0.0001, 0.6708567067902259], "k_pid_yaw": [0.5, 1e-06, 0.1], "k_pid_hsp": [0.5762002832695063, 0.0, 0.0], "k_pid_vsp": [400.0, 25.061192445628652, 18.038407685261173]}, "datetime": {"datetime": "2025-08-21 13:52:40", "elapsed": 18477.35753750801, "delta": 16.485424041748047}, "costs": {"total_cost": 183.89530949988435, "time_cost": 72.08, "final_distance_cost": 1.8427236968735057, "oscillation_cost": 30.77722905298073, "completition_cost": 0.0, "overshoot_cost": 51.345124865874496, "power_cost": 15.28214736328125, "noise_cost": 12.568084520874391, "n_waypoints_completed": 9, "tot_waypoints": 9}}
{"target": -171.7335190424638, "params": {"k_pid_pos": [1.1861681505643544, 0.00714284114226763, 0.19785879573441434], "k_pid_alt": [1.2496525629799766, 0.0, 0.006772362759825599], "k_pid_att": [18.593911446124437, 0.0001, 0.624439613280907], "k_pid_yaw": [0.5, 1e-06, 0.1], "k_pid_hsp": [0.065293099247337, 0.0, 0.0], "k_pid_vsp": [399.32031909571026, 23.785994685569296, 11.071677923647643]}, "datetime": {"datetime": "2025-08-21 13:52:58", "elapsed": 18494.655681610107, "delta": 17.298144102096558}, "costs": {"total_cost": 171.7335190424638, "time_cost": 75.72800000000001, "final_distance_cost": 1.7535420169759017, "oscillation_cost": 24.829185544927455, "completition_cost": 0.0, "overshoot_cost": 53.23943148074791, "power_cost": 8.316199816894532, "noise_cost": 7.86716018291799, "n_waypoints_completed": 9, "tot_waypoints": 9}}
{"target": -178.0068522173052, "params": {"k_pid_pos": [1.2179188320106349, 0.0, 0.1346771104677374], "k_pid_alt": [1.0701277470384034, 0.0, 0.012365572737440475], "k_pid_att": [0.8244312965358773, 0.0001, 0.538818460176091], "k_pid_yaw": [0.5, 1e-06, 0.1], "k_pid_hsp": [0.206882860510751, 0.0, 0.0], "k_pid_vsp": [400.0, 21.479193939375126, 18.646357243077727]}, "datetime": {"datetime": "2025-08-21 13:53:15", "elapsed": 18512.259359121323, "delta": 17.60367751121521}, "costs": {"total_cost": 178.0068522173052, "time_cost": 72.96000000000001, "final_distance_cost": 1.7837992070345317, "oscillation_cost": 25.53366398197219, "completition_cost": 0.0, "overshoot_cost": 54.422282271001706, "power_cost": 12.573342590332032, "noise_cost": 10.733764166964722, "n_waypoints_completed": 9, "tot_waypoints": 9}}
{"target": -194.337914869491, "params": {"k_pid_pos": [1.220929198101688, 0.0, 0.13106496802309442], "k_pid_alt": [1.1279765144872913, 0.0, 0.008982246157130967], "k_pid_att": [18.963230022959344, 0.0001, 0.6382216490358399], "k_pid_yaw": [0.5, 1e-06, 0.1], "k_pid_hsp": [0.08885305978428172, 0.0, 0.0], "k_pid_vsp": [400.0, 26.413741694084553, 18.623223917696908]}, "datetime": {"datetime": "2025-08-21 13:53:32", "elapsed": 18529.227134227753, "delta": 16.967775106430054}, "costs": {"total_cost": 194.337914869491, "time_cost": 73.848, "final_distance_cost": 1.7601537006485493, "oscillation_cost": 28.080680998136728, "completition_cost": 0.0, "overshoot_cost": 53.55258704765014, "power_cost": 21.101216125488282, "noise_cost": 15.9952769975673, "n_waypoints_completed": 9, "tot_waypoints": 9}}
{"target": -177.2526682143412, "params": {"k_pid_pos": [1.247528638182401, 0.0, 0.05501236138462634], "k_pid_alt": [1.2074393288186231, 0.0, 0.010446113252904099], "k_pid_att": [35.21346169692908, 0.06328691391505122, 0.0], "k_pid_yaw": [0.5, 1e-06, 0.1], "k_pid_hsp": [1.6411299516154076, 0.0, 0.0], "k_pid_vsp": [277.3920901672129, 24.617368546207462, 11.16621271066707]}, "datetime": {"datetime": "2025-08-21 13:53:48", "elapsed": 18545.195786714554, "delta": 15.968652486801147}, "costs": {"total_cost": 177.2526682143412, "time_cost": 70.008, "final_distance_cost": 1.8397150558927153, "oscillation_cost": 39.00064550197429, "completition_cost": 0.0, "overshoot_cost": 50.40023890249594, "power_cost": 7.947177355957032, "noise_cost": 8.05689139802125, "n_waypoints_completed": 9, "tot_waypoints": 9}}
{"target": -189.79247551633824, "params": {"k_pid_pos": [1.2150177693032458, 0.0, 0.13501284232048], "k_pid_alt": [1.1521457946517002, 0.0, 0.009658984465595136], "k_pid_att": [16.613681122601044, 0.0001, 0.5624099912862918], "k_pid_yaw": [0.5, 1e-06, 0.1], "k_pid_hsp": [0.30156837974692063, 0.0, 0.0], "k_pid_vsp": [400.0, 26.330594658383482, 17.42309810944208]}, "datetime": {"datetime": "2025-08-21 13:54:05", "elapsed": 18561.714319467545, "delta": 16.518532752990723}, "costs": {"total_cost": 189.79247551633824, "time_cost": 70.816, "final_distance_cost": 1.834066348819776, "oscillation_cost": 29.72970108455908, "completition_cost": 0.0, "overshoot_cost": 50.52434844904805, "power_cost": 21.24067823486328, "noise_cost": 15.647681399048054, "n_waypoints_completed": 9, "tot_waypoints": 9}}
{"target": -166.2004906494918, "params": {"k_pid_pos": [1.1751618650175324, 0.0, 0.14427118625636237], "k_pid_alt": [1.0469522873407127, 0.0, 0.006644461701119415], "k_pid_att": [20.75647995948724, 0.0001, 0.5522056101361568], "k_pid_yaw": [0.5, 1e-06, 0.1], "k_pid_hsp": [0.202079573744331, 0.0, 0.0], "k_pid_vsp": [400.0, 5.27218441468829, 17.272453717981534]}, "datetime": {"datetime": "2025-08-21 13:54:21", "elapsed": 18578.137293577194, "delta": 16.422974109649658}, "costs": {"total_cost": 166.2004906494918, "time_cost": 70.92, "final_distance_cost": 1.8134048431832883, "oscillation_cost": 29.139012668691105, "completition_cost": 0.0, "overshoot_cost": 50.97699556567304, "power_cost": 6.438095849609375, "noise_cost": 6.912981722335003, "n_waypoints_completed": 9, "tot_waypoints": 9}}
{"target": -181.57761675746534, "params": {"k_pid_pos": [1.0564057095278478, 0.0, 0.028463417442835044], "k_pid_alt": [1.0788642089658471, 0.0, 0.010325062974608556], "k_pid_att": [2.2337490823693287, 0.0001, 0.7810962026256678], "k_pid_yaw": [0.5, 1e-06, 0.1], "k_pid_hsp": [0.1614779649435002, 0.002418565690410682, 0.0], "k_pid_vsp": [373.9460217777703, 37.297638592561064, 26.062969322130975]}, "datetime": {"datetime": "2025-08-21 13:54:38", "elapsed": 18594.983183145523, "delta": 16.845889568328857}, "costs": {"total_cost": 181.57761675746534, "time_cost": 71.12, "final_distance_cost": 1.792119715151201, "oscillation_cost": 27.08838231836636, "completition_cost": 0.0, "overshoot_cost": 52.58176048167528, "power_cost": 16.148759094238283, "noise_cost": 12.846595148034215, "n_waypoints_completed": 9, "tot_waypoints": 9}}
{"target": -713.8417721847352, "params": {"k_pid_pos": [1.1345062520156575, 0.0, 0.13155722949547458], "k_pid_alt": [1.1338970679757243, 0.0, 0.008640836237031357], "k_pid_att": [19.088576612583992, 0.0001, 0.6040424115214822], "k_pid_yaw": [0.5, 1e-06, 0.1], "k_pid_hsp": [0.08725469417145901, 0.0, 0.0], "k_pid_vsp": [400.0, 26.41704178387245, 17.714977670836756]}, "datetime": {"datetime": "2025-08-21 13:55:01", "elapsed": 18618.116818666458, "delta": 23.13363552093506}, "costs": {"total_cost": 713.8417721847352, "time_cost": 150, "final_distance_cost": 65.02467035679301, "oscillation_cost": 21.237707062895286, "completition_cost": 333.33333333333337, "overshoot_cost": 84.22106646017279, "power_cost": 31.091353955078127, "noise_cost": 28.93364101646258, "n_waypoints_completed": 6, "tot_waypoints": 9}}
{"target": -176.48682518706156, "params": {"k_pid_pos": [1.1539622207749634, 0.0, 0.13668029508644056], "k_pid_alt": [1.0801050955058238, 0.0, 0.00862835071306071], "k_pid_att": [13.448362845623858, 0.0001, 0.46909617624372413], "k_pid_yaw": [0.5, 1e-06, 0.1], "k_pid_hsp": [0.14971287307419887, 0.0019773809789372272, 0.0], "k_pid_vsp": [399.934948963908, 23.451407735186937, 18.199648586699265]}, "datetime": {"datetime": "2025-08-21 13:55:17", "elapsed": 18634.02115058899, "delta": 15.904331922531128}, "costs": {"total_cost": 176.48682518706156, "time_cost": 70.776, "final_distance_cost": 1.8190456390677952, "oscillation_cost": 28.396316280182557, "completition_cost": 0.0, "overshoot_cost": 51.033703520776925, "power_cost": 13.831246618652344, "noise_cost": 10.63051312838193, "n_waypoints_completed": 9, "tot_waypoints": 9}}
{"target": -188.60956065909028, "params": {"k_pid_pos": [1.1687654070047955, 0.0, 0.1305380984303791], "k_pid_alt": [0.9967679504985121, 0.0, 0.00894269779702915], "k_pid_att": [16.794205804246694, 0.0001, 0.6358227784600408], "k_pid_yaw": [0.5, 1e-06, 0.1], "k_pid_hsp": [0.5830339944457342, 0.0, 0.0], "k_pid_vsp": [400.0, 20.797741964598487, 27.539268023375165]}, "datetime": {"datetime": "2025-08-21 13:55:34", "elapsed": 18650.53047966957, "delta": 16.509329080581665}, "costs": {"total_cost": 188.60956065909028, "time_cost": 71.608, "final_distance_cost": 1.8435120777279832, "oscillation_cost": 30.917579208257234, "completition_cost": 0.0, "overshoot_cost": 51.45595792954883, "power_cost": 18.312514074707032, "noise_cost": 14.471997368849188, "n_waypoints_completed": 9, "tot_waypoints": 9}}
