{"target": -1195.5031020160588, "params": {"k_pid_pos": [1.1454992605193477, 0.0, 0.0], "k_pid_alt": [0.8758973741139751, 0.0, 0.0], "k_pid_att": [40.37734314666421, 0.0001, 0.0778518525253501], "k_pid_yaw": [0.5, 1e-06, 0.1], "k_pid_hsp": [0.00044645341472482336, 0.0, 0.0], "k_pid_vsp": [400.0, 56.017078202789534, 26.635261850686994]}, "datetime": {"datetime": "2025-08-21 10:48:45", "elapsed": 7442.199573516846, "delta": 22.917752027511597}, "costs": {"total_cost": 1195.5031020160588, "time_cost": 150, "final_distance_cost": 75.9775408358982, "oscillation_cost": 4.7677505580096105, "completition_cost": 888.8888888888888, "overshoot_cost": 67.18533416670113, "power_cost": 3.293791259765625, "noise_cost": 5.389796306795541, "n_waypoints_completed": 1, "tot_waypoints": 9}}
{"target": -800.6398969668071, "params": {"k_pid_pos": [1.1321301431745068, 0.08821703848059335, 0.0], "k_pid_alt": [0.7332293276785247, 0.0, 0.5407215558093401], "k_pid_att": [46.10595484857884, 9.231460018883688, 0.08416479176073467], "k_pid_yaw": [0.5, 1e-06, 0.1], "k_pid_hsp": [7.051249906118711, 0.03019190960983692, 0.022477831973157003], "k_pid_vsp": [323.1430938086611, 190.83255311936034, 162.72515027702033]}, "datetime": {"datetime": "2025-08-21 10:49:08", "elapsed": 7465.390039682388, "delta": 23.190466165542603}, "costs": {"total_cost": 800.6398969668071, "time_cost": 150, "final_distance_cost": 70.9797811802835, "oscillation_cost": 129.7065960220659, "completition_cost": 333.33333333333337, "overshoot_cost": 56.7324655307286, "power_cost": 28.957631262207034, "noise_cost": 30.93008963818858, "n_waypoints_completed": 6, "tot_waypoints": 9}}
{"target": -177.90878661878662, "params": {"k_pid_pos": [1.1013820282247662, 0.0, 0.0], "k_pid_alt": [0.772012404619633, 0.0, 0.0], "k_pid_att": [40.22550721314486, 0.0001, 0.0], "k_pid_yaw": [0.5, 1e-06, 0.1], "k_pid_hsp": [0.367513837497618, 0.009343527991677827, 0.0], "k_pid_vsp": [348.1098706423672, 33.221864249291905, 19.150843312798717]}, "datetime": {"datetime": "2025-08-21 10:49:25", "elapsed": 7481.541941642761, "delta": 16.151901960372925}, "costs": {"total_cost": 177.90878661878662, "time_cost": 71.56, "final_distance_cost": 1.8400435101035628, "oscillation_cost": 35.13282167993954, "completition_cost": 0.0, "overshoot_cost": 50.46355672217016, "power_cost": 10.122741149902344, "noise_cost": 8.789623556671014, "n_waypoints_completed": 9, "tot_waypoints": 9}}
{"target": -1206.180444229837, "params": {"k_pid_pos": [1.1488072871111947, 0.010991563751618298, 0.0], "k_pid_alt": [0.7260622453365866, 0.0, 0.0], "k_pid_att": [45.477945405991306, 0.0001, 0.0], "k_pid_yaw": [0.5, 1e-06, 0.1], "k_pid_hsp": [0.0001, 0.0, 0.000450849011314175], "k_pid_vsp": [306.5206888444311, 48.17845994591187, 32.33470800553954]}, "datetime": {"datetime": "2025-08-21 10:49:47", "elapsed": 7504.375553369522, "delta": 22.833611726760864}, "costs": {"total_cost": 1206.180444229837, "time_cost": 150, "final_distance_cost": 56.84827289165287, "oscillation_cost": 10.218245891148955, "completition_cost": 888.8888888888888, "overshoot_cost": 64.84530971181809, "power_cost": 20.478007250976564, "noise_cost": 14.901719595351569, "n_waypoints_completed": 1, "tot_waypoints": 9}}
{"target": -199.96420036262455, "params": {"k_pid_pos": [1.3875562280229996, 0.0, 0.0], "k_pid_alt": [0.7930075590113818, 0.12995883872490516, 0.046838409976831724], "k_pid_att": [6.2528687805212115, 0.0001, 0.0], "k_pid_yaw": [0.5, 1e-06, 0.1], "k_pid_hsp": [0.41357250953147306, 0.06977778944659796, 0.0], "k_pid_vsp": [400.0, 22.10937008981706, 25.365651531631254]}, "datetime": {"datetime": "2025-08-21 10:50:06", "elapsed": 7523.343131065369, "delta": 18.967577695846558}, "costs": {"total_cost": 199.96420036262455, "time_cost": 81.70400000000001, "final_distance_cost": 1.790560870468768, "oscillation_cost": 45.82858103118222, "completition_cost": 0.0, "overshoot_cost": 52.37789047321047, "power_cost": 9.5084177734375, "noise_cost": 8.754750214325576, "n_waypoints_completed": 9, "tot_waypoints": 9}}
{"target": -1184.1280023123963, "params": {"k_pid_pos": [1.113802337442259, 0.0, 0.05298408638345031], "k_pid_alt": [1.346416099557592, 0.0, 0.0], "k_pid_att": [26.93663533317425, 0.0001, 0.26085120782006166], "k_pid_yaw": [0.5, 1e-06, 0.1], "k_pid_hsp": [0.0001, 0.0419856952938787, 0.0], "k_pid_vsp": [400.0, 36.228265673554354, 22.345103473267628]}, "datetime": {"datetime": "2025-08-21 10:50:29", "elapsed": 7546.3878581523895, "delta": 23.044727087020874}, "costs": {"total_cost": 1184.1280023123963, "time_cost": 150, "final_distance_cost": 95.09684822320834, "oscillation_cost": 23.072622872329273, "completition_cost": 777.7777777777778, "overshoot_cost": 77.52673226774714, "power_cost": 36.86309890136719, "noise_cost": 23.79092226996649, "n_waypoints_completed": 2, "tot_waypoints": 9}}
{"target": -194.62665045470393, "params": {"k_pid_pos": [0.730438925644817, 0.17722451638597092, 0.16984602925291187], "k_pid_alt": [0.9950130325076176, 0.0, 0.0], "k_pid_att": [42.570583898299645, 0.37782267961757343, 0.0], "k_pid_yaw": [0.5, 1e-06, 0.1], "k_pid_hsp": [0.4592195884810841, 0.03464017081431952, 0.0], "k_pid_vsp": [356.82262376750475, 34.17067030774129, 29.942270868677156]}, "datetime": {"datetime": "2025-08-21 10:50:47", "elapsed": 7564.144980192184, "delta": 17.757122039794922}, "costs": {"total_cost": 194.62665045470393, "time_cost": 74.504, "final_distance_cost": 1.8210108781118401, "oscillation_cost": 31.744306556004048, "completition_cost": 0.0, "overshoot_cost": 51.2917087609637, "power_cost": 20.590234790039062, "noise_cost": 14.675389469585257, "n_waypoints_completed": 9, "tot_waypoints": 9}}
{"target": -1236.3091444094075, "params": {"k_pid_pos": [1.6267071193378873, 0.0, 0.0], "k_pid_alt": [0.8901987852185961, 0.0, 0.0], "k_pid_att": [41.232884126598314, 0.0001, 0.03709628418726413], "k_pid_yaw": [0.5, 1e-06, 0.1], "k_pid_hsp": [0.0001, 0.0, 0.0], "k_pid_vsp": [352.9207655291623, 1e-06, 31.54874901432606]}, "datetime": {"datetime": "2025-08-21 10:51:11", "elapsed": 7588.22970366478, "delta": 24.084723472595215}, "costs": {"total_cost": 1236.3091444094075, "time_cost": 150, "final_distance_cost": 46.27545245871704, "oscillation_cost": 7.448507069019975, "completition_cost": 888.8888888888888, "overshoot_cost": 84.40956893250343, "power_cost": 35.88880545654297, "noise_cost": 23.397921603735238, "n_waypoints_completed": 1, "tot_waypoints": 9}}
{"target": -1218.717967779521, "params": {"k_pid_pos": [0.799655557093921, 0.0, 0.264672706448595], "k_pid_alt": [0.8371803273144142, 0.0, 0.0], "k_pid_att": [22.32748290784883, 0.3034291031312213, 0.0], "k_pid_yaw": [0.5, 1e-06, 0.1], "k_pid_hsp": [0.0001, 0.024838152540086957, 0.0], "k_pid_vsp": [363.8603785035265, 11.07708689105238, 1.230238700376546]}, "datetime": {"datetime": "2025-08-21 10:51:35", "elapsed": 7611.944939613342, "delta": 23.715235948562622}, "costs": {"total_cost": 1218.717967779521, "time_cost": 150, "final_distance_cost": 66.76564687224901, "oscillation_cost": 12.59686918059562, "completition_cost": 888.8888888888888, "overshoot_cost": 69.13922524919097, "power_cost": 16.738628161621094, "noise_cost": 14.5887094269753, "n_waypoints_completed": 1, "tot_waypoints": 9}}
{"target": -199.0748367565546, "params": {"k_pid_pos": [1.2689707361023537, 0.0, 0.0], "k_pid_alt": [0.6514641079795279, 8.856546845205197e-07, 0.0], "k_pid_att": [45.86569370742642, 0.0001, 0.0], "k_pid_yaw": [0.5, 1e-06, 0.1], "k_pid_hsp": [0.5527317529019131, 0.04597826137053619, 0.0], "k_pid_vsp": [369.6315991720277, 33.05059964051268, 11.427929406002145]}, "datetime": {"datetime": "2025-08-21 10:51:52", "elapsed": 7629.031705856323, "delta": 17.086766242980957}, "costs": {"total_cost": 199.0748367565546, "time_cost": 73.8, "final_distance_cost": 1.8164959533070781, "oscillation_cost": 38.8310354287495, "completition_cost": 0.0, "overshoot_cost": 50.73684045640213, "power_cost": 19.560496936035157, "noise_cost": 14.329967982060737, "n_waypoints_completed": 9, "tot_waypoints": 9}}
{"target": -205.97261584844557, "params": {"k_pid_pos": [1.16961034236155, 0.0, 0.0], "k_pid_alt": [1.1737314471395073, 0.0, 0.0], "k_pid_att": [42.18210053159016, 0.07914818986366268, 0.04338553247591792], "k_pid_yaw": [0.5, 1e-06, 0.1], "k_pid_hsp": [0.07117392112516369, 0.03434331478358334, 0.0], "k_pid_vsp": [383.6606135420368, 22.46823902175922, 40.261305690279755]}, "datetime": {"datetime": "2025-08-21 10:52:11", "elapsed": 7647.582216024399, "delta": 18.55051016807556}, "costs": {"total_cost": 205.97261584844557, "time_cost": 80.824, "final_distance_cost": 1.7624434314473396, "oscillation_cost": 39.951649300936346, "completition_cost": 0.0, "overshoot_cost": 54.032539861107146, "power_cost": 16.677862866210937, "noise_cost": 12.724120388743799, "n_waypoints_completed": 9, "tot_waypoints": 9}}
{"target": -181.03140210862065, "params": {"k_pid_pos": [1.3077076666694034, 0.01464174033048287, 0.20111430178836676], "k_pid_alt": [0.8435848159198184, 0.0, 0.0], "k_pid_att": [35.33696691989978, 1.5527350184751376, 0.13163629637751367], "k_pid_yaw": [0.5, 1e-06, 0.1], "k_pid_hsp": [0.1408318216691437, 0.024888169030345263, 0.0], "k_pid_vsp": [383.2519454781149, 14.497184033414513, 1e-06]}, "datetime": {"datetime": "2025-08-21 10:52:27", "elapsed": 7664.207802534103, "delta": 16.62558650970459}, "costs": {"total_cost": 181.03140210862065, "time_cost": 71.696, "final_distance_cost": 1.8227165906600453, "oscillation_cost": 31.709605180091458, "completition_cost": 0.0, "overshoot_cost": 50.43826697248049, "power_cost": 13.510487817382813, "noise_cost": 11.854325548005807, "n_waypoints_completed": 9, "tot_waypoints": 9}}
{"target": -181.14573974599583, "params": {"k_pid_pos": [0.8883378354364266, 0.0, 0.0], "k_pid_alt": [0.9340522843354913, 0.0, 0.0], "k_pid_att": [47.661254781745825, 0.0001, 0.11161940720029749], "k_pid_yaw": [0.5, 1e-06, 0.1], "k_pid_hsp": [0.8979202485475695, 0.041043629730079655, 0.0], "k_pid_vsp": [377.2252117176348, 42.42706328898538, 19.182531378250868]}, "datetime": {"datetime": "2025-08-21 10:52:44", "elapsed": 7680.729558944702, "delta": 16.521756410598755}, "costs": {"total_cost": 181.14573974599583, "time_cost": 71.232, "final_distance_cost": 1.8417280615553842, "oscillation_cost": 32.52377127271389, "completition_cost": 0.0, "overshoot_cost": 50.30349512209331, "power_cost": 14.21553837890625, "noise_cost": 11.02920691072699, "n_waypoints_completed": 9, "tot_waypoints": 9}}
{"target": -205.4594728860605, "params": {"k_pid_pos": [1.100996154430329, 0.0, 0.0], "k_pid_alt": [1.4725607135989418, 0.0, 0.0], "k_pid_att": [43.91110929142509, 0.0001, 0.0], "k_pid_yaw": [0.5, 1e-06, 0.1], "k_pid_hsp": [0.06009265643411904, 0.059559291186061555, 0.0], "k_pid_vsp": [400.0, 19.551372260535786, 1e-06]}, "datetime": {"datetime": "2025-08-21 10:53:02", "elapsed": 7699.184951066971, "delta": 18.455392122268677}, "costs": {"total_cost": 205.4594728860605, "time_cost": 77.0, "final_distance_cost": 1.8000624565697956, "oscillation_cost": 49.23162856046943, "completition_cost": 0.0, "overshoot_cost": 55.231446562117064, "power_cost": 11.007167370605469, "noise_cost": 11.189167936298727, "n_waypoints_completed": 9, "tot_waypoints": 9}}
{"target": -180.31987280229907, "params": {"k_pid_pos": [0.8698066106094045, 0.0, 0.0], "k_pid_alt": [0.9683106581323115, 0.0, 0.0], "k_pid_att": [31.381142359588992, 0.0001, 0.18468778464567304], "k_pid_yaw": [0.5, 1e-06, 0.1], "k_pid_hsp": [0.5956561170270693, 0.03350891801080326, 0.0], "k_pid_vsp": [174.0464180550806, 25.794384105687072, 19.366610814066025]}, "datetime": {"datetime": "2025-08-21 10:53:19", "elapsed": 7715.979672431946, "delta": 16.794721364974976}, "costs": {"total_cost": 180.31987280229907, "time_cost": 71.248, "final_distance_cost": 1.848774119519439, "oscillation_cost": 29.58771504110042, "completition_cost": 0.0, "overshoot_cost": 50.57235235822971, "power_cost": 14.78211707763672, "noise_cost": 12.280914205812797, "n_waypoints_completed": 9, "tot_waypoints": 9}}
{"target": -1368.5955945777894, "params": {"k_pid_pos": [1.0600972008093559, 0.0, 0.0], "k_pid_alt": [0.7296527825098567, 0.0, 0.0], "k_pid_att": [41.82504626375729, 0.0001, 0.16451640781671398], "k_pid_yaw": [0.5, 1e-06, 0.1], "k_pid_hsp": [0.0001, 0.0, 0.08158078175934125], "k_pid_vsp": [368.3189489198851, 43.39413197252607, 13.635142832589086]}, "datetime": {"datetime": "2025-08-21 10:53:42", "elapsed": 7738.9638657569885, "delta": 22.984193325042725}, "costs": {"total_cost": 1368.5955945777894, "time_cost": 150, "final_distance_cost": 96.21118079859497, "oscillation_cost": 324.32203775658655, "completition_cost": 666.6666666666667, "overshoot_cost": 93.3733566294178, "power_cost": 21.608196594238283, "noise_cost": 16.41415613228498, "n_waypoints_completed": 3, "tot_waypoints": 9}}
{"target": -180.64568175841322, "params": {"k_pid_pos": [0.7304164113071515, 0.0, 0.0], "k_pid_alt": [0.48050225099327526, 0.0, 0.0], "k_pid_att": [23.759121513074586, 1.7341878552072634, 0.0], "k_pid_yaw": [0.5, 1e-06, 0.1], "k_pid_hsp": [0.4872743602291723, 0.048834584725090335, 0.0], "k_pid_vsp": [316.0858183586047, 16.56349018869009, 15.341212323892144]}, "datetime": {"datetime": "2025-08-21 10:54:00", "elapsed": 7757.300917863846, "delta": 18.3370521068573}, "costs": {"total_cost": 180.64568175841322, "time_cost": 79.256, "final_distance_cost": 1.855468928631488, "oscillation_cost": 32.98520779668246, "completition_cost": 0.0, "overshoot_cost": 50.873982843871374, "power_cost": 8.013578588867189, "noise_cost": 7.661443600360719, "n_waypoints_completed": 9, "tot_waypoints": 9}}
{"target": -188.1075570160018, "params": {"k_pid_pos": [1.2181301587484021, 0.0, 0.0], "k_pid_alt": [0.7820728550937278, 0.0, 0.0], "k_pid_att": [42.01598632846167, 0.0001, 0.21499702304636747], "k_pid_yaw": [0.5, 1e-06, 0.1], "k_pid_hsp": [0.46539841384464825, 0.014111636419229155, 0.0], "k_pid_vsp": [360.4352837339314, 56.95968463665659, 37.0586874141643]}, "datetime": {"datetime": "2025-08-21 10:54:18", "elapsed": 7774.732049226761, "delta": 17.43113136291504}, "costs": {"total_cost": 188.1075570160018, "time_cost": 71.168, "final_distance_cost": 1.8262853267769144, "oscillation_cost": 31.560503080910227, "completition_cost": 0.0, "overshoot_cost": 50.52996758068843, "power_cost": 18.914687609863282, "noise_cost": 14.108113417762956, "n_waypoints_completed": 9, "tot_waypoints": 9}}
{"target": -1252.8558333434025, "params": {"k_pid_pos": [0.0001, 0.024166161431735333, 0.0], "k_pid_alt": [0.7632199043862239, 0.0, 0.0], "k_pid_att": [34.404589917816054, 0.0001, 0.07839339182048613], "k_pid_yaw": [0.5, 1e-06, 0.1], "k_pid_hsp": [0.14858824278402172, 0.044926882956585174, 0.0], "k_pid_vsp": [358.49321069718997, 34.906161473463264, 29.22431050699818]}, "datetime": {"datetime": "2025-08-21 10:54:41", "elapsed": 7797.533550977707, "delta": 22.801501750946045}, "costs": {"total_cost": 1252.8558333434025, "time_cost": 150, "final_distance_cost": 46.40666049699269, "oscillation_cost": 2.9386688736667312, "completition_cost": 888.8888888888888, "overshoot_cost": 107.06085517417756, "power_cost": 34.74034324951172, "noise_cost": 22.820416660165094, "n_waypoints_completed": 1, "tot_waypoints": 9}}
{"target": -222.57746851349353, "params": {"k_pid_pos": [1.9267694706794298, 0.0, 0.0], "k_pid_alt": [0.883194800305211, 0.0, 0.0], "k_pid_att": [42.402299134928626, 0.0001, 0.0], "k_pid_yaw": [0.5, 1e-06, 0.1], "k_pid_hsp": [0.10573020483665771, 0.06085974880695753, 0.0], "k_pid_vsp": [400.0, 1e-06, 47.321317972245126]}, "datetime": {"datetime": "2025-08-21 10:54:58", "elapsed": 7815.357218980789, "delta": 17.823668003082275}, "costs": {"total_cost": 222.57746851349353, "time_cost": 79.024, "final_distance_cost": 1.8062575962649885, "oscillation_cost": 52.36321441790989, "completition_cost": 0.0, "overshoot_cost": 53.59279999121173, "power_cost": 20.913348193359376, "noise_cost": 14.877848314747547, "n_waypoints_completed": 9, "tot_waypoints": 9}}
{"target": -190.4963707482354, "params": {"k_pid_pos": [1.3173098886247374, 0.0, 0.01144894265255866], "k_pid_alt": [0.9570286697673471, 0.0, 0.0], "k_pid_att": [45.48147021140666, 0.0001, 0.15360120737320943], "k_pid_yaw": [0.5, 1e-06, 0.1], "k_pid_hsp": [0.3246374080913955, 0.03362170147825236, 0.0], "k_pid_vsp": [382.5145745225801, 1e-06, 26.244210851765118]}, "datetime": {"datetime": "2025-08-21 10:55:16", "elapsed": 7833.283278942108, "delta": 17.92605996131897}, "costs": {"total_cost": 190.4963707482354, "time_cost": 69.96000000000001, "final_distance_cost": 1.7961234279712353, "oscillation_cost": 33.49005783652208, "completition_cost": 0.0, "overshoot_cost": 50.40448453951579, "power_cost": 20.274355493164062, "noise_cost": 14.571349451062206, "n_waypoints_completed": 9, "tot_waypoints": 9}}
{"target": -178.20734443014837, "params": {"k_pid_pos": [1.1388752438615193, 0.0, 0.0], "k_pid_alt": [0.8295915306450581, 0.0, 0.0], "k_pid_att": [60.4166960087347, 0.0001, 0.0], "k_pid_yaw": [0.5, 1e-06, 0.1], "k_pid_hsp": [0.2941275150713589, 0.04493794207851986, 0.0], "k_pid_vsp": [378.8593608304053, 10.8708584915326, 11.025172094978]}, "datetime": {"datetime": "2025-08-21 10:55:33", "elapsed": 7849.646977901459, "delta": 16.363698959350586}, "costs": {"total_cost": 178.20734443014837, "time_cost": 71.24, "final_distance_cost": 1.8090289372782813, "oscillation_cost": 35.98651550737503, "completition_cost": 0.0, "overshoot_cost": 50.590815000609695, "power_cost": 9.653837084960937, "noise_cost": 8.927147899924408, "n_waypoints_completed": 9, "tot_waypoints": 9}}
{"target": -191.9340579497634, "params": {"k_pid_pos": [1.1491966644899456, 0.0, 0.0], "k_pid_alt": [0.7777261725563774, 0.0, 0.0], "k_pid_att": [42.7699473174433, 0.0001, 0.0], "k_pid_yaw": [0.5, 1e-06, 0.1], "k_pid_hsp": [0.33363456007020026, 0.08078277058756228, 0.0], "k_pid_vsp": [349.8062201375389, 26.830250657342614, 27.785035502966362]}, "datetime": {"datetime": "2025-08-21 10:55:49", "elapsed": 7866.199159860611, "delta": 16.55218195915222}, "costs": {"total_cost": 191.9340579497634, "time_cost": 72.64, "final_distance_cost": 1.8328438110056935, "oscillation_cost": 37.34030219756345, "completition_cost": 0.0, "overshoot_cost": 50.339434778320395, "power_cost": 16.923747229003908, "noise_cost": 12.857729933869974, "n_waypoints_completed": 9, "tot_waypoints": 9}}
{"target": -166.99543143376067, "params": {"k_pid_pos": [1.220885084490441, 0.0, 0.25447318664229535], "k_pid_alt": [1.437699843617652, 0.0, 0.0], "k_pid_att": [21.058196020878974, 0.0001, 0.5487337897365487], "k_pid_yaw": [0.5, 1e-06, 0.1], "k_pid_hsp": [0.8084921258441359, 0.0, 0.0], "k_pid_vsp": [391.17438398880654, 44.368618462534776, 28.475392207146925]}, "datetime": {"datetime": "2025-08-21 10:56:06", "elapsed": 7882.710687160492, "delta": 16.51152729988098}, "costs": {"total_cost": 166.99543143376067, "time_cost": 70.19200000000001, "final_distance_cost": 1.8497050482383235, "oscillation_cost": 31.201157564620104, "completition_cost": 0.0, "overshoot_cost": 50.2671274839216, "power_cost": 6.762288488769531, "noise_cost": 6.723152848211087, "n_waypoints_completed": 9, "tot_waypoints": 9}}
{"target": -181.3674024157095, "params": {"k_pid_pos": [0.8520512825010906, 0.0, 0.0], "k_pid_alt": [0.7630373510423616, 0.0, 0.0], "k_pid_att": [48.0644572180835, 0.0001, 0.15541415794986826], "k_pid_yaw": [0.5, 1e-06, 0.1], "k_pid_hsp": [0.6400713447314086, 0.0, 0.0], "k_pid_vsp": [367.57327454764453, 26.248792984182735, 1e-06]}, "datetime": {"datetime": "2025-08-21 10:56:23", "elapsed": 7899.7112600803375, "delta": 17.00057291984558}, "costs": {"total_cost": 181.3674024157095, "time_cost": 73.816, "final_distance_cost": 1.8471730508894983, "oscillation_cost": 32.401588976169535, "completition_cost": 0.0, "overshoot_cost": 50.645714123245696, "power_cost": 11.342881994628907, "noise_cost": 11.314044270775883, "n_waypoints_completed": 9, "tot_waypoints": 9}}
{"target": -194.85605222633993, "params": {"k_pid_pos": [1.3234727935236603, 0.0, 0.5211679984100313], "k_pid_alt": [0.7941308760296056, 0.0, 0.0], "k_pid_att": [61.54863163053078, 0.0001, 0.06714766222567514], "k_pid_yaw": [0.5, 1e-06, 0.1], "k_pid_hsp": [0.17778135345552404, 0.07819429686309774, 0.0], "k_pid_vsp": [364.9165594759604, 48.03099586530795, 28.53412493728011]}, "datetime": {"datetime": "2025-08-21 10:56:39", "elapsed": 7916.399876117706, "delta": 16.688616037368774}, "costs": {"total_cost": 194.85605222633993, "time_cost": 72.432, "final_distance_cost": 1.8533486790433722, "oscillation_cost": 37.81209238693267, "completition_cost": 0.0, "overshoot_cost": 50.40131137625135, "power_cost": 18.682398107910156, "noise_cost": 13.674901676202365, "n_waypoints_completed": 9, "tot_waypoints": 9}}
{"target": -684.9556357535795, "params": {"k_pid_pos": [0.6838407955686941, 0.0, 0.0], "k_pid_alt": [0.2942992302339826, 0.02441952029135311, 0.026697751004766717], "k_pid_att": [100.0, 1.257562851639371, 0.0], "k_pid_yaw": [0.5, 1e-06, 0.1], "k_pid_hsp": [1.5496556944782347, 0.03256071155237102, 0.0890780605429003], "k_pid_vsp": [366.21120382773074, 1.7370201707899149, 16.290937720365886]}, "datetime": {"datetime": "2025-08-21 10:57:02", "elapsed": 7939.237565755844, "delta": 22.837689638137817}, "costs": {"total_cost": 684.9556357535795, "time_cost": 150, "final_distance_cost": 69.22757990843985, "oscillation_cost": 149.25859117635957, "completition_cost": 222.2222222222222, "overshoot_cost": 62.722505951263884, "power_cost": 17.209174499511718, "noise_cost": 14.315561995782213, "n_waypoints_completed": 7, "tot_waypoints": 9}}
