{"target": -171.7567233713703, "params": {"k_pid_pos": [1.124172590947229, 0.0, 0.13418826205103113], "k_pid_alt": [1.1974547618314673, 0.0, 0.016053257618456527], "k_pid_att": [15.414294449301975, 0.0001, 0.6237834134653404], "k_pid_yaw": [0.5, 1e-06, 0.1], "k_pid_hsp": [0.1280707043628122, 0.0029918893071386957, 0.0], "k_pid_vsp": [400.0, 43.100781598456535, 17.39972099718311]}, "datetime": {"datetime": "2025-08-21 21:16:45", "elapsed": 45121.87380003929, "delta": 17.539811849594116}, "costs": {"total_cost": 171.7567233713703, "time_cost": 70.224, "final_distance_cost": 1.820256600335989, "oscillation_cost": 27.633203240027644, "completition_cost": 0.0, "overshoot_cost": 50.98584181418754, "power_cost": 11.388729931640626, "noise_cost": 9.704691785178504, "n_waypoints_completed": 9, "tot_waypoints": 9}}
{"target": -180.87009905222374, "params": {"k_pid_pos": [1.1108507891503687, 0.0, 0.13343923281726902], "k_pid_alt": [1.224690931433843, 0.0, 0.015489324427070818], "k_pid_att": [14.25355442173802, 0.0001, 0.6295858929257944], "k_pid_yaw": [0.5, 1e-06, 0.1], "k_pid_hsp": [0.10003231802120038, 0.0005046628156280433, 0.0], "k_pid_vsp": [399.7955562257786, 37.30943834149054, 17.25236454928355]}, "datetime": {"datetime": "2025-08-21 21:17:02", "elapsed": 45138.920605421066, "delta": 17.046805381774902}, "costs": {"total_cost": 180.87009905222374, "time_cost": 71.512, "final_distance_cost": 1.7881839817982073, "oscillation_cost": 26.33914963876359, "completition_cost": 0.0, "overshoot_cost": 52.555549010124224, "power_cost": 15.854883374023439, "noise_cost": 12.820333047514245, "n_waypoints_completed": 9, "tot_waypoints": 9}}
{"target": -177.5530277870114, "params": {"k_pid_pos": [1.1239286321967326, 0.0, 0.13874598251093045], "k_pid_alt": [1.1910747622249278, 0.0, 0.015932581703124605], "k_pid_att": [15.30597540979028, 0.0001, 0.6367657801667322], "k_pid_yaw": [0.5, 1e-06, 0.1], "k_pid_hsp": [0.12787531406770253, 0.00303386909520363, 0.0], "k_pid_vsp": [400.0, 43.92491092451753, 17.227617662571376]}, "datetime": {"datetime": "2025-08-21 21:17:20", "elapsed": 45157.262634038925, "delta": 18.342028617858887}, "costs": {"total_cost": 177.5530277870114, "time_cost": 70.64, "final_distance_cost": 1.8135480231627836, "oscillation_cost": 27.513072021499404, "completition_cost": 0.0, "overshoot_cost": 51.16149725813407, "power_cost": 14.754750512695313, "noise_cost": 11.670159971519817, "n_waypoints_completed": 9, "tot_waypoints": 9}}
{"target": -182.76805532671682, "params": {"k_pid_pos": [1.0945767361389311, 0.0, 0.0], "k_pid_alt": [1.6533775203349101, 0.0, 0.006639563270979911], "k_pid_att": [17.822696515870653, 0.0001, 0.0], "k_pid_yaw": [0.5, 1e-06, 0.1], "k_pid_hsp": [0.12865897900909717, 0.0, 0.0], "k_pid_vsp": [400.0, 36.666853983196695, 27.567128431006438]}, "datetime": {"datetime": "2025-08-21 21:17:37", "elapsed": 45174.22900438309, "delta": 16.966370344161987}, "costs": {"total_cost": 182.76805532671682, "time_cost": 71.032, "final_distance_cost": 1.780895221010184, "oscillation_cost": 30.772575834119905, "completition_cost": 0.0, "overshoot_cost": 51.843612088829026, "power_cost": 15.16911053466797, "noise_cost": 12.169861648089737, "n_waypoints_completed": 9, "tot_waypoints": 9}}
{"target": -180.72530317538013, "params": {"k_pid_pos": [1.1371489914663775, 0.0, 0.1385874696924474], "k_pid_alt": [1.1816281638539468, 0.0, 2.679277066226088e-06], "k_pid_att": [25.978566836639637, 0.0001, 0.4203266841755846], "k_pid_yaw": [0.5, 1e-06, 0.1], "k_pid_hsp": [0.1593468910074291, 0.0034915610171269537, 0.0], "k_pid_vsp": [400.0, 45.8779624236095, 17.74234133726719]}, "datetime": {"datetime": "2025-08-21 21:17:53", "elapsed": 45190.23349738121, "delta": 16.00449299812317}, "costs": {"total_cost": 180.72530317538013, "time_cost": 70.872, "final_distance_cost": 1.8134266442866818, "oscillation_cost": 27.83299663413238, "completition_cost": 0.0, "overshoot_cost": 51.7689240622131, "power_cost": 15.795244665527344, "noise_cost": 12.642711169220624, "n_waypoints_completed": 9, "tot_waypoints": 9}}
{"target": -173.14145881707162, "params": {"k_pid_pos": [1.1200531101544955, 0.0, 0.09662925577265252], "k_pid_alt": [1.9774198647559567, 0.0, 0.01633077933866306], "k_pid_att": [15.45174205709975, 0.0001, 0.6198522150508741], "k_pid_yaw": [0.5, 1e-06, 0.1], "k_pid_hsp": [0.37659087721407064, 0.002416420284386911, 0.0], "k_pid_vsp": [399.47800887290515, 23.916799113076213, 17.31397032455449]}, "datetime": {"datetime": "2025-08-21 21:18:12", "elapsed": 45208.45930171013, "delta": 18.225804328918457}, "costs": {"total_cost": 173.14145881707162, "time_cost": 71.032, "final_distance_cost": 1.8402133720694043, "oscillation_cost": 30.32791871821417, "completition_cost": 0.0, "overshoot_cost": 51.61032008434531, "power_cost": 9.292449816894532, "noise_cost": 9.038556825548197, "n_waypoints_completed": 9, "tot_waypoints": 9}}
{"target": -182.8558253989091, "params": {"k_pid_pos": [1.1298033462860109, 0.0, 0.12998705511230105], "k_pid_alt": [1.2232736503164148, 0.0, 0.01013673376056834], "k_pid_att": [18.620469141587392, 0.0001, 1.0], "k_pid_yaw": [0.5, 1e-06, 0.1], "k_pid_hsp": [0.29943022530957686, 0.004709930115929091, 0.0], "k_pid_vsp": [400.0, 43.44334912205717, 19.155936797097063]}, "datetime": {"datetime": "2025-08-21 21:18:28", "elapsed": 45224.94754695892, "delta": 16.488245248794556}, "costs": {"total_cost": 182.8558253989091, "time_cost": 71.4, "final_distance_cost": 1.8274939760562166, "oscillation_cost": 29.105807645922727, "completition_cost": 0.0, "overshoot_cost": 51.43021403016104, "power_cost": 16.08899688720703, "noise_cost": 13.003312859562097, "n_waypoints_completed": 9, "tot_waypoints": 9}}
{"target": -183.1750932527329, "params": {"k_pid_pos": [1.1274178526057457, 0.05473031293921213, 0.13806436664419222], "k_pid_alt": [1.1914511722638819, 0.0, 0.018247687858285407], "k_pid_att": [19.24964050361919, 0.0001, 0.6238212774498401], "k_pid_yaw": [0.5, 1e-06, 0.1], "k_pid_hsp": [0.06073021927972484, 0.003284709194632997, 0.0], "k_pid_vsp": [385.19791457740956, 44.36830957558332, 17.807467950008803]}, "datetime": {"datetime": "2025-08-21 21:18:48", "elapsed": 45244.540648937225, "delta": 19.593101978302002}, "costs": {"total_cost": 183.1750932527329, "time_cost": 76.912, "final_distance_cost": 1.7813184541638252, "oscillation_cost": 25.221607673411274, "completition_cost": 0.0, "overshoot_cost": 53.83496244892659, "power_cost": 13.616935913085937, "noise_cost": 11.80826876314526, "n_waypoints_completed": 9, "tot_waypoints": 9}}
{"target": -179.5964752445802, "params": {"k_pid_pos": [1.114758635471462, 0.0, 0.07074394899112009], "k_pid_alt": [1.1747332280907914, 0.0, 0.0], "k_pid_att": [15.500755647279641, 0.0001, 0.6393457375049952], "k_pid_yaw": [0.5, 1e-06, 0.1], "k_pid_hsp": [0.12741834191058338, 0.003282672665785392, 0.0], "k_pid_vsp": [400.0, 36.488058151840285, 17.179011922693856]}, "datetime": {"datetime": "2025-08-21 21:19:05", "elapsed": 45261.619408369064, "delta": 17.07875943183899}, "costs": {"total_cost": 179.5964752445802, "time_cost": 70.544, "final_distance_cost": 1.7687119236865823, "oscillation_cost": 28.066867562538036, "completition_cost": 0.0, "overshoot_cost": 51.54416153728171, "power_cost": 15.484411865234376, "noise_cost": 12.188322355839514, "n_waypoints_completed": 9, "tot_waypoints": 9}}
{"target": -173.18710291788474, "params": {"k_pid_pos": [1.0653677465660074, 2.208434806459711e-06, 0.21157200307762417], "k_pid_alt": [1.5160010472490033, 0.0, 0.015964695688537683], "k_pid_att": [15.801481188251024, 0.0001, 0.640891827255317], "k_pid_yaw": [0.5, 1e-06, 0.1], "k_pid_hsp": [0.15910713676604604, 0.003486367238017081, 0.0], "k_pid_vsp": [400.0, 40.395651821725025, 17.793779250511268]}, "datetime": {"datetime": "2025-08-21 21:19:22", "elapsed": 45278.661776304245, "delta": 17.042367935180664}, "costs": {"total_cost": 173.18710291788474, "time_cost": 71.36, "final_distance_cost": 1.8279877085952299, "oscillation_cost": 26.964639856133232, "completition_cost": 0.0, "overshoot_cost": 51.40163612878356, "power_cost": 11.554096093750001, "noise_cost": 10.078743130622751, "n_waypoints_completed": 9, "tot_waypoints": 9}}
{"target": -181.19675109096713, "params": {"k_pid_pos": [1.125607589687091, 0.0, 0.14519308566431488], "k_pid_alt": [1.1903735445248318, 0.0, 0.016492781828364927], "k_pid_att": [15.305889928701287, 0.0001, 0.6207532729901885], "k_pid_yaw": [0.5, 1e-06, 0.1], "k_pid_hsp": [0.14438885798521536, 0.003346753702784484, 0.0], "k_pid_vsp": [395.5246947388871, 24.704248694777956, 15.56154207348152]}, "datetime": {"datetime": "2025-08-21 21:19:39", "elapsed": 45295.91211986542, "delta": 17.250343561172485}, "costs": {"total_cost": 181.19675109096713, "time_cost": 70.792, "final_distance_cost": 1.821171505294767, "oscillation_cost": 27.600054354753738, "completition_cost": 0.0, "overshoot_cost": 51.49022559106582, "power_cost": 16.608192529296876, "noise_cost": 12.885107110555909, "n_waypoints_completed": 9, "tot_waypoints": 9}}
{"target": -190.51579831016633, "params": {"k_pid_pos": [1.123780474318722, 0.0, 0.13000725048901957], "k_pid_alt": [1.1148948649615005, 0.0, 0.012811227158115134], "k_pid_att": [15.311588644614165, 0.004223441985791913, 0.6346416219687793], "k_pid_yaw": [0.5, 1e-06, 0.1], "k_pid_hsp": [0.041843198012788796, 0.0033665999147972927, 0.0], "k_pid_vsp": [400.0, 44.440554038356545, 19.537439194558456]}, "datetime": {"datetime": "2025-08-21 21:19:59", "elapsed": 45315.7955622673, "delta": 19.883442401885986}, "costs": {"total_cost": 190.51579831016633, "time_cost": 80.616, "final_distance_cost": 1.7280174584318004, "oscillation_cost": 20.883533647513474, "completition_cost": 0.0, "overshoot_cost": 55.78479052572051, "power_cost": 17.307266845703126, "noise_cost": 14.196189832797453, "n_waypoints_completed": 9, "tot_waypoints": 9}}
{"target": -166.58831148520812, "params": {"k_pid_pos": [1.2167745522730269, 0.0, 0.15520821561192355], "k_pid_alt": [1.3957201404241797, 0.0, 0.01583982832917664], "k_pid_att": [15.345192966379997, 0.0001, 0.632160474278451], "k_pid_yaw": [0.5, 1e-06, 0.1], "k_pid_hsp": [0.13351916272685932, 0.0032887231482588023, 0.0], "k_pid_vsp": [400.0, 14.582421461234862, 19.76217954904355]}, "datetime": {"datetime": "2025-08-21 21:20:16", "elapsed": 45332.5655605793, "delta": 16.76999831199646}, "costs": {"total_cost": 166.58831148520812, "time_cost": 70.48, "final_distance_cost": 1.8096313495784986, "oscillation_cost": 28.112165069643407, "completition_cost": 0.0, "overshoot_cost": 51.12445867921915, "power_cost": 7.714466125488282, "noise_cost": 7.347590261278779, "n_waypoints_completed": 9, "tot_waypoints": 9}}
{"target": -184.95079627280882, "params": {"k_pid_pos": [1.2733468435189979, 0.0, 0.12268090607338825], "k_pid_alt": [1.1891792483049317, 0.0, 0.015285029394052067], "k_pid_att": [7.513453279902707, 0.0001, 0.5982998632704565], "k_pid_yaw": [0.5, 1e-06, 0.1], "k_pid_hsp": [0.28148844139109674, 0.0, 0.0], "k_pid_vsp": [400.0, 40.44868892511482, 17.018011473163032]}, "datetime": {"datetime": "2025-08-21 21:20:32", "elapsed": 45349.18692588806, "delta": 16.621365308761597}, "costs": {"total_cost": 184.95079627280882, "time_cost": 72.392, "final_distance_cost": 1.7991290263469835, "oscillation_cost": 31.92235719316112, "completition_cost": 0.0, "overshoot_cost": 51.31507618211211, "power_cost": 15.565787121582032, "noise_cost": 11.95644674960658, "n_waypoints_completed": 9, "tot_waypoints": 9}}
{"target": -173.15582163292854, "params": {"k_pid_pos": [1.1169056508895483, 0.0, 0.13788555977994377], "k_pid_alt": [1.1377948391634831, 0.0, 0.013041556954276765], "k_pid_att": [18.16914863332263, 0.0001, 0.7449915093864914], "k_pid_yaw": [0.5, 1e-06, 0.1], "k_pid_hsp": [0.12957625549208984, 0.00014135544358884048, 0.0], "k_pid_vsp": [400.0, 24.055991491402878, 18.125543917480012]}, "datetime": {"datetime": "2025-08-21 21:20:50", "elapsed": 45366.66998195648, "delta": 17.48305606842041}, "costs": {"total_cost": 173.15582163292854, "time_cost": 70.672, "final_distance_cost": 1.8059684834727607, "oscillation_cost": 27.455756172611068, "completition_cost": 0.0, "overshoot_cost": 51.24655693026137, "power_cost": 11.807363354492187, "noise_cost": 10.16817669209114, "n_waypoints_completed": 9, "tot_waypoints": 9}}
{"target": -192.63785308854597, "params": {"k_pid_pos": [1.2353040340622026, 0.0, 0.13982990939529702], "k_pid_alt": [1.1942396485977835, 0.0, 0.01775722459494361], "k_pid_att": [13.74118344283979, 0.0001, 0.674893722809426], "k_pid_yaw": [0.5, 1e-06, 0.1], "k_pid_hsp": [0.13869249692795516, 0.0033746179967584318, 0.0], "k_pid_vsp": [400.0, 67.51507995716435, 17.288010349411522]}, "datetime": {"datetime": "2025-08-21 21:21:07", "elapsed": 45383.52461028099, "delta": 16.854628324508667}, "costs": {"total_cost": 192.63785308854597, "time_cost": 70.608, "final_distance_cost": 1.7924353310689278, "oscillation_cost": 28.658749626102964, "completition_cost": 0.0, "overshoot_cost": 51.86651703248252, "power_cost": 23.236360754394532, "noise_cost": 16.47579034449703, "n_waypoints_completed": 9, "tot_waypoints": 9}}
{"target": -171.35717251949023, "params": {"k_pid_pos": [1.1160295614370948, 0.0, 0.1450475447264787], "k_pid_alt": [1.1646459853390654, 0.0, 0.01877329021020531], "k_pid_att": [13.940882935362847, 0.0001, 0.6370088788577934], "k_pid_yaw": [0.5, 1e-06, 0.1], "k_pid_hsp": [0.13025391381075074, 0.003268412646497446, 0.0], "k_pid_vsp": [400.0, 49.276696237482334, 17.368839225688127]}, "datetime": {"datetime": "2025-08-21 21:21:22", "elapsed": 45399.4101793766, "delta": 15.885569095611572}, "costs": {"total_cost": 171.35717251949023, "time_cost": 70.512, "final_distance_cost": 1.8163121903913675, "oscillation_cost": 27.67331133290586, "completition_cost": 0.0, "overshoot_cost": 51.36660606428953, "power_cost": 10.530096398925782, "noise_cost": 9.45884653297768, "n_waypoints_completed": 9, "tot_waypoints": 9}}
{"target": -171.77852107952612, "params": {"k_pid_pos": [1.1437129315667351, 0.0, 0.13912035231495873], "k_pid_alt": [1.0185674405868679, 0.0, 0.013435754877769763], "k_pid_att": [10.173036914398612, 0.0001, 0.6249633537387818], "k_pid_yaw": [0.5, 1e-06, 0.1], "k_pid_hsp": [0.117712413477706, 0.002376420076100232, 0.0], "k_pid_vsp": [400.0, 36.15488744034715, 17.710585446261316]}, "datetime": {"datetime": "2025-08-21 21:21:42", "elapsed": 45418.55031347275, "delta": 19.14013409614563}, "costs": {"total_cost": 171.77852107952612, "time_cost": 70.856, "final_distance_cost": 1.81304214786957, "oscillation_cost": 27.28007131767878, "completition_cost": 0.0, "overshoot_cost": 50.78523019530838, "power_cost": 11.47090556640625, "noise_cost": 9.573271852263128, "n_waypoints_completed": 9, "tot_waypoints": 9}}
{"target": -188.25164972482227, "params": {"k_pid_pos": [1.1243297074657366, 0.0, 0.10982068926151595], "k_pid_alt": [1.1978008607673871, 0.0, 0.008786964336124806], "k_pid_att": [15.554325303288955, 0.0001, 0.6315778009826515], "k_pid_yaw": [0.5, 1e-06, 0.1], "k_pid_hsp": [0.12248490188613542, 0.0033784793068895665, 0.0], "k_pid_vsp": [400.0, 51.05938454412173, 17.335924306109895]}, "datetime": {"datetime": "2025-08-21 21:21:58", "elapsed": 45435.23297905922, "delta": 16.682665586471558}, "costs": {"total_cost": 188.25164972482227, "time_cost": 71.224, "final_distance_cost": 1.8035893222771933, "oscillation_cost": 27.56624295536912, "completition_cost": 0.0, "overshoot_cost": 52.04786003196688, "power_cost": 21.00451804199219, "noise_cost": 14.605439373216923, "n_waypoints_completed": 9, "tot_waypoints": 9}}
{"target": -176.7145847214878, "params": {"k_pid_pos": [1.1219416995963327, 0.0, 0.12839130516155403], "k_pid_alt": [1.2890346556251429, 0.0, 0.014647874351252288], "k_pid_att": [15.615262538123241, 0.0001, 0.6124397503010537], "k_pid_yaw": [0.5, 1e-06, 0.1], "k_pid_hsp": [0.17544888936934425, 0.003469174093002886, 0.0], "k_pid_vsp": [400.0, 34.244431423339094, 19.896135990643224]}, "datetime": {"datetime": "2025-08-21 21:22:15", "elapsed": 45451.72736239433, "delta": 16.494383335113525}, "costs": {"total_cost": 176.7145847214878, "time_cost": 70.128, "final_distance_cost": 1.813967040604914, "oscillation_cost": 28.39350190374481, "completition_cost": 0.0, "overshoot_cost": 50.44586601680491, "power_cost": 14.605654772949219, "noise_cost": 11.327594987383966, "n_waypoints_completed": 9, "tot_waypoints": 9}}
