{"target": -184.56178827764813, "params": {"k_pid_pos": [1.6638735491946688, 0.0, 0.2593210393549303], "k_pid_alt": [1.2292854853686277, 0.0, 0.012161594049671678], "k_pid_att": [13.059405981866583, 0.0001, 0.6539142076750621], "k_pid_yaw": [0.5, 1e-06, 0.1], "k_pid_hsp": [0.5213982961872228, 0.0028671444364030216, 0.0], "k_pid_vsp": [400.0, 45.450466555748555, 39.7903991035425]}, "datetime": {"datetime": "2025-08-21 15:41:56", "elapsed": 25032.977663755417, "delta": 16.34096336364746}, "costs": {"total_cost": 184.56178827764813, "time_cost": 69.136, "final_distance_cost": 1.8039715929400646, "oscillation_cost": 31.21314327551537, "completition_cost": 0.0, "overshoot_cost": 50.86589119026891, "power_cost": 17.921464001464845, "noise_cost": 13.621318217458954, "n_waypoints_completed": 9, "tot_waypoints": 9}}
{"target": -171.86928406718323, "params": {"k_pid_pos": [1.2805825560167095, 0.0, 0.12780568472238135], "k_pid_alt": [1.2284197111052293, 0.0, 0.014247504132122508], "k_pid_att": [21.14942316289106, 0.0001, 0.6256226295458756], "k_pid_yaw": [0.5, 1e-06, 0.1], "k_pid_hsp": [0.16522552521368616, 0.0029381505139414177, 0.0], "k_pid_vsp": [400.0, 43.25459443876, 52.21071445275605]}, "datetime": {"datetime": "2025-08-21 15:42:12", "elapsed": 25049.097200393677, "delta": 16.119536638259888}, "costs": {"total_cost": 171.86928406718323, "time_cost": 70.392, "final_distance_cost": 1.8229314797552658, "oscillation_cost": 29.36556683910539, "completition_cost": 0.0, "overshoot_cost": 51.27830487579165, "power_cost": 10.356394848632814, "noise_cost": 8.654086023898117, "n_waypoints_completed": 9, "tot_waypoints": 9}}
{"target": -1203.8364312848473, "params": {"k_pid_pos": [1.1358804679834709, 0.0, 0.1392610180061586], "k_pid_alt": [1.01346932750688, 0.0, 0.024590894695363952], "k_pid_att": [16.328357627495965, 0.0001, 0.5896208994102636], "k_pid_yaw": [0.5, 1e-06, 0.1], "k_pid_hsp": [0.0001, 0.004968894713627533, 0.0], "k_pid_vsp": [400.0, 24.104302044141857, 21.034248694462327]}, "datetime": {"datetime": "2025-08-21 15:42:35", "elapsed": 25072.408989191055, "delta": 23.31178879737854}, "costs": {"total_cost": 1203.8364312848473, "time_cost": 150, "final_distance_cost": 62.560118961238416, "oscillation_cost": 0.676692221614049, "completition_cost": 888.8888888888888, "overshoot_cost": 93.99919822250322, "power_cost": 2.838460205078125, "noise_cost": 4.873072785524736, "n_waypoints_completed": 1, "tot_waypoints": 9}}
{"target": -170.55549102186558, "params": {"k_pid_pos": [1.152276981402469, 0.0, 0.13254256720245822], "k_pid_alt": [1.2209949108979974, 0.0, 0.017746743156625562], "k_pid_att": [8.47346157465857, 0.0001, 0.24786595642335388], "k_pid_yaw": [0.5, 1e-06, 0.1], "k_pid_hsp": [0.4030970254461146, 0.0039046736944014573, 0.0], "k_pid_vsp": [400.0, 78.94593317517443, 19.55304257245026]}, "datetime": {"datetime": "2025-08-21 15:42:52", "elapsed": 25089.1550655365, "delta": 16.746076345443726}, "costs": {"total_cost": 170.55549102186558, "time_cost": 70.528, "final_distance_cost": 1.8464464568825476, "oscillation_cost": 30.221236052372085, "completition_cost": 0.0, "overshoot_cost": 50.931182226782404, "power_cost": 8.629546545410157, "noise_cost": 8.399079740418387, "n_waypoints_completed": 9, "tot_waypoints": 9}}
{"target": -176.53073672013167, "params": {"k_pid_pos": [1.1420647676999185, 0.0, 0.18002269242434527], "k_pid_alt": [1.2552127233926909, 0.0, 0.015230617056587667], "k_pid_att": [21.983125906015893, 0.0001, 0.6176569021526945], "k_pid_yaw": [0.5, 1e-06, 0.1], "k_pid_hsp": [0.18865228419087526, 0.0035348694301506832, 0.0], "k_pid_vsp": [400.0, 48.7178204759855, 15.735930298189547]}, "datetime": {"datetime": "2025-08-21 15:43:09", "elapsed": 25105.528661251068, "delta": 16.373595714569092}, "costs": {"total_cost": 176.53073672013167, "time_cost": 70.272, "final_distance_cost": 1.8297276597099876, "oscillation_cost": 28.24379346816855, "completition_cost": 0.0, "overshoot_cost": 51.26986530065798, "power_cost": 13.925243359375001, "noise_cost": 10.990106932220154, "n_waypoints_completed": 9, "tot_waypoints": 9}}
{"target": -170.5240347451333, "params": {"k_pid_pos": [1.143419234231125, 0.0, 0.14454561247113154], "k_pid_alt": [0.954068666516954, 0.0, 0.0063501697628281974], "k_pid_att": [11.018273623211613, 0.0001, 0.7208519585487712], "k_pid_yaw": [0.5, 1e-06, 0.1], "k_pid_hsp": [0.3858349454613161, 0.004848903006734337, 0.0], "k_pid_vsp": [392.3344665595924, 38.27919794736331, 13.578675962989596]}, "datetime": {"datetime": "2025-08-21 15:43:25", "elapsed": 25121.928935050964, "delta": 16.40027379989624}, "costs": {"total_cost": 170.5240347451333, "time_cost": 70.648, "final_distance_cost": 1.837452357940158, "oscillation_cost": 30.814566002024367, "completition_cost": 0.0, "overshoot_cost": 50.79684353964548, "power_cost": 8.111573583984375, "noise_cost": 8.315599261538923, "n_waypoints_completed": 9, "tot_waypoints": 9}}
{"target": -181.35671192406312, "params": {"k_pid_pos": [1.1279310593776033, 0.0, 0.13785173085533356], "k_pid_alt": [1.1710203651648794, 0.0, 0.015776311521273297], "k_pid_att": [15.149481038349327, 0.0001, 0.635969979495131], "k_pid_yaw": [0.5, 1e-06, 0.1], "k_pid_hsp": [0.12711347565630496, 0.002594848547141651, 0.0], "k_pid_vsp": [400.0, 42.93593244113246, 21.424968330317885]}, "datetime": {"datetime": "2025-08-21 15:43:42", "elapsed": 25138.660053253174, "delta": 16.731118202209473}, "costs": {"total_cost": 181.35671192406312, "time_cost": 70.488, "final_distance_cost": 1.818424163730747, "oscillation_cost": 27.826901841788644, "completition_cost": 0.0, "overshoot_cost": 50.75667845182001, "power_cost": 17.210985766601564, "noise_cost": 13.255721700122171, "n_waypoints_completed": 9, "tot_waypoints": 9}}
{"target": -183.17370268928306, "params": {"k_pid_pos": [1.2506187317370676, 0.0, 0.0], "k_pid_alt": [0.6940221416706644, 0.0, 0.004949951137068036], "k_pid_att": [13.478355948560143, 0.0001, 0.7225320749436254], "k_pid_yaw": [0.5, 1e-06, 0.1], "k_pid_hsp": [0.24522744659775209, 0.0, 0.0], "k_pid_vsp": [380.0093825918487, 27.450173825456655, 1.7202564994341074]}, "datetime": {"datetime": "2025-08-21 15:43:58", "elapsed": 25155.060316324234, "delta": 16.40026307106018}, "costs": {"total_cost": 183.17370268928306, "time_cost": 73.056, "final_distance_cost": 1.8068177439828086, "oscillation_cost": 30.70579320886233, "completition_cost": 0.0, "overshoot_cost": 51.216225267719054, "power_cost": 14.161572326660156, "noise_cost": 12.227294142058732, "n_waypoints_completed": 9, "tot_waypoints": 9}}
{"target": -182.82227444375962, "params": {"k_pid_pos": [1.1235091854619637, 0.0, 0.14145377025977848], "k_pid_alt": [0.9657820824397575, 0.0, 0.021362297659933513], "k_pid_att": [8.69627363760579, 0.0001, 0.5105042874863202], "k_pid_yaw": [0.5, 1e-06, 0.1], "k_pid_hsp": [0.1690265472752795, 0.004699000761715972, 0.0], "k_pid_vsp": [400.0, 33.20553188539047, 17.516718147742953]}, "datetime": {"datetime": "2025-08-21 15:44:15", "elapsed": 25172.29351258278, "delta": 17.233196258544922}, "costs": {"total_cost": 182.82227444375962, "time_cost": 70.536, "final_distance_cost": 1.819806605610691, "oscillation_cost": 28.505175875311167, "completition_cost": 0.0, "overshoot_cost": 51.065175142411874, "power_cost": 17.492267370605468, "noise_cost": 13.403849449820418, "n_waypoints_completed": 9, "tot_waypoints": 9}}
{"target": -1248.761066464308, "params": {"k_pid_pos": [1.1142851626392027, 0.0, 0.1317761745877127], "k_pid_alt": [0.9666689884689901, 0.0, 0.009227082253843345], "k_pid_att": [3.3171726988984602, 0.0001, 0.6552924668165409], "k_pid_yaw": [0.5, 1e-06, 0.1], "k_pid_hsp": [0.0001, 0.003150570778702371, 0.0], "k_pid_vsp": [396.53235792537765, 9.536192593065593, 16.797801674757018]}, "datetime": {"datetime": "2025-08-21 15:44:40", "elapsed": 25196.715681552887, "delta": 24.422168970108032}, "costs": {"total_cost": 1248.761066464308, "time_cost": 150, "final_distance_cost": 54.00551675972317, "oscillation_cost": 0.661771753792159, "completition_cost": 888.8888888888888, "overshoot_cost": 94.398484028797, "power_cost": 36.98440740966797, "noise_cost": 23.821997623438996, "n_waypoints_completed": 1, "tot_waypoints": 9}}
{"target": -1205.3733379167015, "params": {"k_pid_pos": [1.139537578300673, 0.0, 0.12458128324693216], "k_pid_alt": [1.2605670476875732, 0.0, 0.011226243773211587], "k_pid_att": [18.47071608323705, 0.0001, 0.47153712124373215], "k_pid_yaw": [0.5, 1e-06, 0.1], "k_pid_hsp": [0.0001, 0.0007321473053668913, 0.0], "k_pid_vsp": [400.0, 21.775050258478757, 20.606222194827048]}, "datetime": {"datetime": "2025-08-21 15:45:02", "elapsed": 25219.24946284294, "delta": 22.53378129005432}, "costs": {"total_cost": 1205.3733379167015, "time_cost": 150, "final_distance_cost": 63.94029609901178, "oscillation_cost": 0.1241007400908077, "completition_cost": 888.8888888888888, "overshoot_cost": 94.13950627238316, "power_cost": 3.0842436157226563, "noise_cost": 5.19630230060409, "n_waypoints_completed": 1, "tot_waypoints": 9}}
{"target": -187.42227309211123, "params": {"k_pid_pos": [1.1343547551004487, 0.16622479544022845, 0.1342364720272369], "k_pid_alt": [0.8657997528658996, 0.0, 0.010993992159532086], "k_pid_att": [14.4897255791657, 0.09257848178999414, 0.6975383002836977], "k_pid_yaw": [0.5, 1e-06, 0.1], "k_pid_hsp": [0.23406588170607073, 0.00029038471658915377, 0.0], "k_pid_vsp": [390.3736771758875, 1e-06, 16.506322850718828]}, "datetime": {"datetime": "2025-08-21 15:45:20", "elapsed": 25236.80490040779, "delta": 17.555437564849854}, "costs": {"total_cost": 187.42227309211123, "time_cost": 75.712, "final_distance_cost": 1.7878937986278036, "oscillation_cost": 30.180009562225344, "completition_cost": 0.0, "overshoot_cost": 52.58406053064488, "power_cost": 14.580347192382813, "noise_cost": 12.577962008230372, "n_waypoints_completed": 9, "tot_waypoints": 9}}
{"target": -180.11336934207665, "params": {"k_pid_pos": [1.2546038047874364, 0.0, 0.1595612348427068], "k_pid_alt": [0.952087801112561, 0.0, 0.0], "k_pid_att": [13.293476945797652, 0.0001, 0.6410517461699687], "k_pid_yaw": [0.5, 1e-06, 0.1], "k_pid_hsp": [0.1366883953573846, 0.0030773310252484106, 0.0], "k_pid_vsp": [400.0, 27.801717334193768, 23.651298752306147]}, "datetime": {"datetime": "2025-08-21 15:45:37", "elapsed": 25254.061052560806, "delta": 17.256152153015137}, "costs": {"total_cost": 180.11336934207665, "time_cost": 70.856, "final_distance_cost": 1.8040218042035823, "oscillation_cost": 28.80638673339947, "completition_cost": 0.0, "overshoot_cost": 51.52875137986365, "power_cost": 15.331881323242188, "noise_cost": 11.786328101367753, "n_waypoints_completed": 9, "tot_waypoints": 9}}
{"target": -178.0183745828382, "params": {"k_pid_pos": [1.246382909067421, 9.12875596448523e-05, 0.1626736347548193], "k_pid_alt": [1.1256984619012025, 0.0, 0.009947278676219844], "k_pid_att": [13.283047338451459, 0.0001, 0.6172714447579348], "k_pid_yaw": [0.5, 1e-06, 0.1], "k_pid_hsp": [0.16719553714816476, 0.004291595890916668, 0.0], "k_pid_vsp": [397.6404495887397, 22.38363784763468, 12.525913006502424]}, "datetime": {"datetime": "2025-08-21 15:45:53", "elapsed": 25269.583496809006, "delta": 15.522444248199463}, "costs": {"total_cost": 178.0183745828382, "time_cost": 70.912, "final_distance_cost": 1.824981588201636, "oscillation_cost": 28.9404926203098, "completition_cost": 0.0, "overshoot_cost": 51.3183670455639, "power_cost": 13.609910961914062, "noise_cost": 11.41262236684878, "n_waypoints_completed": 9, "tot_waypoints": 9}}
{"target": -180.9507265331609, "params": {"k_pid_pos": [1.1266317293134143, 0.0, 0.0], "k_pid_alt": [1.1028608936589561, 0.0, 0.011868237234296823], "k_pid_att": [15.078209146753682, 0.0001, 0.6477693395251167], "k_pid_yaw": [0.5, 1e-06, 0.1], "k_pid_hsp": [0.13415749057294793, 0.003446717795687819, 0.0], "k_pid_vsp": [383.38945237647874, 50.34362775622688, 9.299159904684634]}, "datetime": {"datetime": "2025-08-21 15:46:10", "elapsed": 25286.458018541336, "delta": 16.874521732330322}, "costs": {"total_cost": 180.9507265331609, "time_cost": 71.048, "final_distance_cost": 1.794102235392183, "oscillation_cost": 28.7235715827358, "completition_cost": 0.0, "overshoot_cost": 52.03554615443232, "power_cost": 15.069139172363283, "noise_cost": 12.2803673882373, "n_waypoints_completed": 9, "tot_waypoints": 9}}
{"target": -180.70550683739432, "params": {"k_pid_pos": [1.1292221863808667, 0.0, 0.11167681507771425], "k_pid_alt": [1.073998381193991, 0.0, 0.01387057778572965], "k_pid_att": [19.28735083931778, 0.00667252407545019, 0.6223383574464391], "k_pid_yaw": [0.5, 1e-06, 0.1], "k_pid_hsp": [0.06376385983550958, 0.0035950894714846023, 0.0], "k_pid_vsp": [400.0, 49.92517257230537, 18.071649373898595]}, "datetime": {"datetime": "2025-08-21 15:46:27", "elapsed": 25304.093205690384, "delta": 17.63518714904785}, "costs": {"total_cost": 180.70550683739432, "time_cost": 75.488, "final_distance_cost": 1.7497914293151002, "oscillation_cost": 25.829873968278637, "completition_cost": 0.0, "overshoot_cost": 52.300144669926794, "power_cost": 13.645345446777345, "noise_cost": 11.692351323096467, "n_waypoints_completed": 9, "tot_waypoints": 9}}
{"target": -185.49101778294744, "params": {"k_pid_pos": [1.1925966539122839, 0.0, 0.18386105631590005], "k_pid_alt": [0.49379270584967144, 0.0, 0.00829217404002448], "k_pid_att": [15.187189874596934, 0.0001, 0.6282500180262798], "k_pid_yaw": [0.5, 1e-06, 0.1], "k_pid_hsp": [0.10732298965132339, 0.003346492515202826, 0.0], "k_pid_vsp": [397.85981990369606, 36.654228778529266, 10.555468458168361]}, "datetime": {"datetime": "2025-08-21 15:46:45", "elapsed": 25321.68611717224, "delta": 17.5929114818573}, "costs": {"total_cost": 185.49101778294744, "time_cost": 76.744, "final_distance_cost": 1.827490180280073, "oscillation_cost": 27.597199490873187, "completition_cost": 0.0, "overshoot_cost": 51.304356987443725, "power_cost": 15.443809082031251, "noise_cost": 12.574162042319186, "n_waypoints_completed": 9, "tot_waypoints": 9}}
{"target": -178.45861300270394, "params": {"k_pid_pos": [1.1716794827988313, 0.0, 0.13345339981934876], "k_pid_alt": [1.19459736689881, 0.0, 0.011838837790396215], "k_pid_att": [10.783357071085716, 0.0001, 0.6165494330782431], "k_pid_yaw": [0.5, 1e-06, 0.1], "k_pid_hsp": [0.18176586654035298, 0.0027599534859761034, 0.0], "k_pid_vsp": [400.0, 13.11036999488692, 15.705540768337817]}, "datetime": {"datetime": "2025-08-21 15:47:02", "elapsed": 25338.882020950317, "delta": 17.195903778076172}, "costs": {"total_cost": 178.45861300270394, "time_cost": 70.28, "final_distance_cost": 1.8194909234690289, "oscillation_cost": 29.051389536440066, "completition_cost": 0.0, "overshoot_cost": 51.20339425484883, "power_cost": 14.376466650390626, "noise_cost": 11.727871637555387, "n_waypoints_completed": 9, "tot_waypoints": 9}}
{"target": -172.38951401888573, "params": {"k_pid_pos": [1.3293657764332978, 0.0, 0.12671996543803424], "k_pid_alt": [1.173035899420639, 0.0, 0.008604855610863826], "k_pid_att": [17.06776937692431, 0.0001, 0.7169281969980017], "k_pid_yaw": [0.5, 1e-06, 0.1], "k_pid_hsp": [0.10355414325759085, 0.0, 0.0], "k_pid_vsp": [400.0, 26.724022008275984, 18.29239055248549]}, "datetime": {"datetime": "2025-08-21 15:47:18", "elapsed": 25354.85572719574, "delta": 15.973706245422363}, "costs": {"total_cost": 172.38951401888573, "time_cost": 71.52, "final_distance_cost": 1.761384412344599, "oscillation_cost": 28.00458511258321, "completition_cost": 0.0, "overshoot_cost": 51.89109702441461, "power_cost": 10.308964819335937, "noise_cost": 8.903482650207385, "n_waypoints_completed": 9, "tot_waypoints": 9}}
{"target": -182.3182938354053, "params": {"k_pid_pos": [1.0813202537880897, 0.0, 0.13410410340014647], "k_pid_alt": [1.1015876520897, 0.0, 0.005608711691795729], "k_pid_att": [11.997729691359577, 0.0001, 0.5763513668937091], "k_pid_yaw": [0.5, 1e-06, 0.1], "k_pid_hsp": [0.39691342158148646, 0.002852702947094683, 0.0], "k_pid_vsp": [400.0, 24.327876462340193, 19.57225171480458]}, "datetime": {"datetime": "2025-08-21 15:47:35", "elapsed": 25371.85136961937, "delta": 16.99564242362976}, "costs": {"total_cost": 182.3182938354053, "time_cost": 70.536, "final_distance_cost": 1.8323408316555898, "oscillation_cost": 30.373937364442277, "completition_cost": 0.0, "overshoot_cost": 50.45990235205889, "power_cost": 16.609688708496094, "noise_cost": 12.506424578752465, "n_waypoints_completed": 9, "tot_waypoints": 9}}
{"target": -170.4485588309613, "params": {"k_pid_pos": [1.1196106035796105, 0.0, 0.13690293087808897], "k_pid_alt": [0.9733034497986233, 0.0, 0.00614325462785265], "k_pid_att": [14.638512921509477, 0.0001, 0.6300203313495503], "k_pid_yaw": [0.5, 1e-06, 0.1], "k_pid_hsp": [0.2368357898518074, 0.002970584624761425, 0.0], "k_pid_vsp": [400.0, 19.64681306306511, 12.96378381576282]}, "datetime": {"datetime": "2025-08-21 15:47:51", "elapsed": 25388.432299137115, "delta": 16.58092951774597}, "costs": {"total_cost": 170.4485588309613, "time_cost": 70.784, "final_distance_cost": 1.8263819582282128, "oscillation_cost": 29.018764397198858, "completition_cost": 0.0, "overshoot_cost": 50.61367159331689, "power_cost": 9.2679859375, "noise_cost": 8.937754944717309, "n_waypoints_completed": 9, "tot_waypoints": 9}}
{"target": -179.06584930716903, "params": {"k_pid_pos": [1.1264560684308387, 0.0, 0.13663819172875957], "k_pid_alt": [1.2094564230071532, 0.0, 0.008629914185846793], "k_pid_att": [15.831299010760336, 0.0001, 0.5551349737827974], "k_pid_yaw": [0.5, 1e-06, 0.1], "k_pid_hsp": [0.23424996238711082, 0.0010307736608003576, 0.0], "k_pid_vsp": [400.0, 39.884330772842254, 18.83342240261241]}, "datetime": {"datetime": "2025-08-21 15:48:08", "elapsed": 25405.400609254837, "delta": 16.968310117721558}, "costs": {"total_cost": 179.06584930716903, "time_cost": 70.024, "final_distance_cost": 1.8266299459748196, "oscillation_cost": 28.930220167560435, "completition_cost": 0.0, "overshoot_cost": 50.45138947543239, "power_cost": 15.40573055419922, "noise_cost": 12.427879164002169, "n_waypoints_completed": 9, "tot_waypoints": 9}}
{"target": -178.47435555104158, "params": {"k_pid_pos": [1.1222173529447186, 0.0, 0.1441968111537264], "k_pid_alt": [0.8708143530875818, 0.0, 0.017774545069538336], "k_pid_att": [21.966326102081794, 0.0001, 0.37856105548766894], "k_pid_yaw": [0.5, 1e-06, 0.1], "k_pid_hsp": [0.1721326814412039, 0.003668385061224284, 0.0], "k_pid_vsp": [389.9333779309879, 19.826914416078807, 15.962730168948244]}, "datetime": {"datetime": "2025-08-21 15:48:26", "elapsed": 25422.493691921234, "delta": 17.093082666397095}, "costs": {"total_cost": 178.47435555104158, "time_cost": 71.336, "final_distance_cost": 1.8281822155629064, "oscillation_cost": 28.506086714547074, "completition_cost": 0.0, "overshoot_cost": 50.79176344798492, "power_cost": 14.280611450195313, "noise_cost": 11.73171172275136, "n_waypoints_completed": 9, "tot_waypoints": 9}}
{"target": -175.04622785643002, "params": {"k_pid_pos": [1.1331624551748471, 0.0, 0.12909616440695415], "k_pid_alt": [1.152643686522385, 0.0, 0.012740510909340003], "k_pid_att": [12.352175049671855, 0.0001, 0.6171824946508867], "k_pid_yaw": [0.5, 1e-06, 0.1], "k_pid_hsp": [0.10628988030911098, 0.004093952054224328, 0.0], "k_pid_vsp": [400.0, 32.56391843712973, 19.477836308423203]}, "datetime": {"datetime": "2025-08-21 15:48:42", "elapsed": 25439.32363629341, "delta": 16.829944372177124}, "costs": {"total_cost": 175.04622785643002, "time_cost": 71.136, "final_distance_cost": 1.7821164150907678, "oscillation_cost": 27.284326136977718, "completition_cost": 0.0, "overshoot_cost": 51.677099554508054, "power_cost": 12.556376123046876, "noise_cost": 10.610309626806618, "n_waypoints_completed": 9, "tot_waypoints": 9}}
{"target": -1248.395445576619, "params": {"k_pid_pos": [1.1120978626780562, 0.0, 0.11479182339728888], "k_pid_alt": [0.833032511518547, 0.0, 0.010379601229254288], "k_pid_att": [23.98518255858351, 0.0001, 0.6386231218403785], "k_pid_yaw": [0.5, 1e-06, 0.1], "k_pid_hsp": [0.0001, 0.012748455618693488, 0.0], "k_pid_vsp": [400.0, 34.974922583304945, 20.16970638096899]}, "datetime": {"datetime": "2025-08-21 15:49:06", "elapsed": 25463.271864891052, "delta": 23.94822859764099}, "costs": {"total_cost": 1248.395445576619, "time_cost": 150, "final_distance_cost": 63.947358733183954, "oscillation_cost": 6.308171151859574, "completition_cost": 888.8888888888888, "overshoot_cost": 87.23638968061076, "power_cost": 30.500481359863283, "noise_cost": 21.514155762212738, "n_waypoints_completed": 1, "tot_waypoints": 9}}
{"target": -167.8059855328704, "params": {"k_pid_pos": [1.2109267042983456, 0.0, 0.13419610748513688], "k_pid_alt": [0.9203839088229142, 0.0, 0.011371099241941499], "k_pid_att": [21.38520172456946, 0.0001, 0.6130882886871908], "k_pid_yaw": [0.5, 1e-06, 0.1], "k_pid_hsp": [0.18833420885316488, 0.0006448258870464796, 0.0], "k_pid_vsp": [394.6872848402684, 18.03011849700586, 24.671177974006035]}, "datetime": {"datetime": "2025-08-21 15:49:26", "elapsed": 25482.701358556747, "delta": 19.42949366569519}, "costs": {"total_cost": 167.8059855328704, "time_cost": 70.8, "final_distance_cost": 1.8110998936580183, "oscillation_cost": 29.31267689354177, "completition_cost": 0.0, "overshoot_cost": 51.06313921502933, "power_cost": 7.209228930664063, "noise_cost": 7.609840599977214, "n_waypoints_completed": 9, "tot_waypoints": 9}}
