{"target": -185.0904545147611, "params": {"k_pid_pos": [0.7714502794839668, 0.0, 0.1455967809306285], "k_pid_alt": [1.1035956251583037, 0.0, 0.01627635510805585], "k_pid_att": [16.9208923342908, 0.0001, 0.48732035681730296], "k_pid_yaw": [0.5, 1e-06, 0.1], "k_pid_hsp": [0.11303778010843049, 0.002271326667891727, 0.0], "k_pid_vsp": [400.0, 50.1954873587516, 17.320458902413357]}, "datetime": {"datetime": "2025-08-21 16:04:54", "elapsed": 26410.71853995323, "delta": 17.507444858551025}, "costs": {"total_cost": 185.0904545147611, "time_cost": 72.57600000000001, "final_distance_cost": 1.8301682292075618, "oscillation_cost": 23.562029265928455, "completition_cost": 0.0, "overshoot_cost": 51.36501956860336, "power_cost": 20.384431115722656, "noise_cost": 15.372806335299057, "n_waypoints_completed": 9, "tot_waypoints": 9}}
{"target": -176.36653660961807, "params": {"k_pid_pos": [0.989547496438691, 0.0, 0.13630878262678625], "k_pid_alt": [1.169132561875889, 0.0, 0.0168720469267728], "k_pid_att": [30.652462030747614, 0.0001, 0.6454384833957105], "k_pid_yaw": [0.5, 1e-06, 0.1], "k_pid_hsp": [0.13534957463177671, 0.0032362618233122116, 0.0], "k_pid_vsp": [400.0, 81.0881716253306, 13.434081473398653]}, "datetime": {"datetime": "2025-08-21 16:05:09", "elapsed": 26426.32076239586, "delta": 15.602222442626953}, "costs": {"total_cost": 176.36653660961807, "time_cost": 70.392, "final_distance_cost": 1.799526215572699, "oscillation_cost": 27.470004559729453, "completition_cost": 0.0, "overshoot_cost": 50.991092942399405, "power_cost": 14.016391943359375, "noise_cost": 11.697520948557159, "n_waypoints_completed": 9, "tot_waypoints": 9}}
{"target": -1242.49096698894, "params": {"k_pid_pos": [1.1221557549704673, 0.0, 0.135225641725217], "k_pid_alt": [1.3073301946361982, 0.0, 0.015364834229255508], "k_pid_att": [13.267244266127184, 0.0001, 0.6225522504123315], "k_pid_yaw": [0.5, 1e-06, 0.1], "k_pid_hsp": [0.0001, 0.003856113223162887, 0.0], "k_pid_vsp": [400.0, 50.203859318579525, 20.199299410286955]}, "datetime": {"datetime": "2025-08-21 16:05:33", "elapsed": 26450.006191253662, "delta": 23.685428857803345}, "costs": {"total_cost": 1242.49096698894, "time_cost": 150, "final_distance_cost": 53.350358502633874, "oscillation_cost": 0.7403904399675612, "completition_cost": 888.8888888888888, "overshoot_cost": 94.564776762033, "power_cost": 33.41170151367188, "noise_cost": 21.534850881744987, "n_waypoints_completed": 1, "tot_waypoints": 9}}
{"target": -174.27491670770638, "params": {"k_pid_pos": [1.155969668464096, 0.0, 0.14449141185233846], "k_pid_alt": [1.0064783623046947, 0.0, 0.0181206236440443], "k_pid_att": [23.417034272402127, 0.0001, 0.5940815701852181], "k_pid_yaw": [0.5, 1e-06, 0.1], "k_pid_hsp": [0.15998410746511738, 0.004047248102520246, 0.0], "k_pid_vsp": [400.0, 1e-06, 16.47572911625568]}, "datetime": {"datetime": "2025-08-21 16:05:51", "elapsed": 26468.15905404091, "delta": 18.152862787246704}, "costs": {"total_cost": 174.27491670770638, "time_cost": 71.32000000000001, "final_distance_cost": 1.8169050466501713, "oscillation_cost": 28.717450378915174, "completition_cost": 0.0, "overshoot_cost": 51.584090594375134, "power_cost": 11.347539819335939, "noise_cost": 9.488930868429946, "n_waypoints_completed": 9, "tot_waypoints": 9}}
{"target": -187.93753548740136, "params": {"k_pid_pos": [1.1071829670277027, 0.0, 0.17161264620881794], "k_pid_alt": [1.186818881037697, 0.0, 0.006853764121008179], "k_pid_att": [19.088502496683468, 0.0001, 1.0], "k_pid_yaw": [0.5, 1e-06, 0.1], "k_pid_hsp": [0.10655735530640051, 0.003666919340907991, 0.0], "k_pid_vsp": [376.2789172828076, 51.95148413197205, 15.233822225155308]}, "datetime": {"datetime": "2025-08-21 16:06:07", "elapsed": 26484.111621379852, "delta": 15.952567338943481}, "costs": {"total_cost": 187.93753548740136, "time_cost": 70.56, "final_distance_cost": 1.7809086158585585, "oscillation_cost": 27.843997996557125, "completition_cost": 0.0, "overshoot_cost": 51.13853480907813, "power_cost": 20.920978369140627, "noise_cost": 15.693115696766936, "n_waypoints_completed": 9, "tot_waypoints": 9}}
{"target": -176.49916765610442, "params": {"k_pid_pos": [1.1234254948312876, 0.0, 0.13858613541555054], "k_pid_alt": [1.2953340489472542, 0.0, 0.01819766394650764], "k_pid_att": [21.564446217237638, 0.0001, 0.6438248740651739], "k_pid_yaw": [0.5, 1e-06, 0.1], "k_pid_hsp": [0.14647962337567266, 0.0008451689496677319, 0.0], "k_pid_vsp": [400.0, 32.824697381851934, 20.958002441248347]}, "datetime": {"datetime": "2025-08-21 16:06:25", "elapsed": 26501.4572930336, "delta": 17.34567165374756}, "costs": {"total_cost": 176.49916765610442, "time_cost": 71.408, "final_distance_cost": 1.8091335039127237, "oscillation_cost": 27.50892808282862, "completition_cost": 0.0, "overshoot_cost": 52.31858892984369, "power_cost": 12.701453161621094, "noise_cost": 10.753063977898298, "n_waypoints_completed": 9, "tot_waypoints": 9}}
{"target": -177.5552629142974, "params": {"k_pid_pos": [1.057101141501457, 0.0, 0.1324901225729206], "k_pid_alt": [1.2297042060081547, 0.0, 0.016964249081515954], "k_pid_att": [34.49525423989002, 0.0001, 0.2914719573299614], "k_pid_yaw": [0.5, 1e-06, 0.1], "k_pid_hsp": [0.21153465300051671, 0.012138453567481885, 0.0], "k_pid_vsp": [400.0, 11.755176968656297, 22.311667974556496]}, "datetime": {"datetime": "2025-08-21 16:06:41", "elapsed": 26518.155460596085, "delta": 16.69816756248474}, "costs": {"total_cost": 177.5552629142974, "time_cost": 70.68, "final_distance_cost": 1.8383549409044726, "oscillation_cost": 28.345901633914828, "completition_cost": 0.0, "overshoot_cost": 50.98637841493945, "power_cost": 14.05979002685547, "noise_cost": 11.644837897683166, "n_waypoints_completed": 9, "tot_waypoints": 9}}
{"target": -185.904911508787, "params": {"k_pid_pos": [1.150375618512728, 0.0, 0.14128778774058004], "k_pid_alt": [1.4035105874377953, 0.0, 0.0037008925810917198], "k_pid_att": [16.562321301875716, 0.0001, 0.5851897846629567], "k_pid_yaw": [0.5, 1e-06, 0.1], "k_pid_hsp": [0.377429859950575, 0.005379841089355339, 0.0], "k_pid_vsp": [400.0, 44.03568247917457, 20.308374867401536]}, "datetime": {"datetime": "2025-08-21 16:06:58", "elapsed": 26534.679247379303, "delta": 16.523786783218384}, "costs": {"total_cost": 185.904911508787, "time_cost": 70.304, "final_distance_cost": 1.8387097240942107, "oscillation_cost": 29.773135873831563, "completition_cost": 0.0, "overshoot_cost": 51.25323866989301, "power_cost": 18.604763879394532, "noise_cost": 14.131063361573677, "n_waypoints_completed": 9, "tot_waypoints": 9}}
{"target": -186.54326136796467, "params": {"k_pid_pos": [1.1190767227611556, 0.0, 0.13546212728676352], "k_pid_alt": [1.224827934164355, 0.0, 0.017593245201376433], "k_pid_att": [14.564525670404002, 0.0001, 0.6431407641128603], "k_pid_yaw": [0.5, 1e-06, 0.1], "k_pid_hsp": [0.1218000639099719, 0.003046457978137269, 0.0], "k_pid_vsp": [397.2437282479129, 4.412368090922249, 20.14963119792972]}, "datetime": {"datetime": "2025-08-21 16:07:15", "elapsed": 26551.478036880493, "delta": 16.798789501190186}, "costs": {"total_cost": 186.54326136796467, "time_cost": 71.528, "final_distance_cost": 1.777551854602952, "oscillation_cost": 27.715698958786508, "completition_cost": 0.0, "overshoot_cost": 51.88866218442603, "power_cost": 19.24593035888672, "noise_cost": 14.38741801126246, "n_waypoints_completed": 9, "tot_waypoints": 9}}
{"target": -168.9246612153266, "params": {"k_pid_pos": [1.106947610667645, 0.0, 0.1756481201665384], "k_pid_alt": [1.2606166002466654, 0.0, 0.018173554357749682], "k_pid_att": [13.054279401498096, 0.0001, 0.6238304884966993], "k_pid_yaw": [0.5, 1e-06, 0.1], "k_pid_hsp": [0.14341464886123964, 0.005725477593000877, 0.0], "k_pid_vsp": [393.2594102065415, 56.75372040398305, 16.382387322487297]}, "datetime": {"datetime": "2025-08-21 16:07:31", "elapsed": 26567.665190935135, "delta": 16.187154054641724}, "costs": {"total_cost": 168.9246612153266, "time_cost": 70.016, "final_distance_cost": 1.8067758953448918, "oscillation_cost": 27.619489982668025, "completition_cost": 0.0, "overshoot_cost": 50.73861121301478, "power_cost": 9.735274609375, "noise_cost": 9.008509514923897, "n_waypoints_completed": 9, "tot_waypoints": 9}}
{"target": -172.19987055159183, "params": {"k_pid_pos": [1.1746242156429751, 0.0, 0.1778213642106362], "k_pid_alt": [1.2431617477861263, 0.0, 0.0], "k_pid_att": [17.547452979899127, 0.0001, 0.6687475056496214], "k_pid_yaw": [0.5, 1e-06, 0.1], "k_pid_hsp": [0.2522969102907233, 0.0, 0.0], "k_pid_vsp": [399.9649988880151, 16.73472197524092, 22.674233010089086]}, "datetime": {"datetime": "2025-08-21 16:07:48", "elapsed": 26584.673300266266, "delta": 17.00810933113098}, "costs": {"total_cost": 172.19987055159183, "time_cost": 70.984, "final_distance_cost": 1.8258810918722603, "oscillation_cost": 29.3011407293714, "completition_cost": 0.0, "overshoot_cost": 51.51331103963733, "power_cost": 9.567088452148438, "noise_cost": 9.00844923856241, "n_waypoints_completed": 9, "tot_waypoints": 9}}
{"target": -173.28429335351257, "params": {"k_pid_pos": [1.1302092550886143, 0.0, 0.14131637745653491], "k_pid_alt": [1.4311404828037226, 0.0, 0.013463333560109932], "k_pid_att": [30.88734157073944, 0.0001, 0.6618160279689418], "k_pid_yaw": [0.5, 1e-06, 0.1], "k_pid_hsp": [0.1390747562495153, 0.0, 0.0], "k_pid_vsp": [400.0, 53.45461522036457, 19.20122159586193]}, "datetime": {"datetime": "2025-08-21 16:08:05", "elapsed": 26601.789276123047, "delta": 17.115975856781006}, "costs": {"total_cost": 173.28429335351257, "time_cost": 70.872, "final_distance_cost": 1.8174079037405715, "oscillation_cost": 28.086246621957322, "completition_cost": 0.0, "overshoot_cost": 51.55159825839912, "power_cost": 10.934191247558594, "noise_cost": 10.022849321856969, "n_waypoints_completed": 9, "tot_waypoints": 9}}
{"target": -194.47287214943748, "params": {"k_pid_pos": [1.4765272635423052, 0.0, 0.20990651609036834], "k_pid_alt": [1.2026211617811897, 0.0, 0.015694696816308175], "k_pid_att": [19.95369213839222, 0.0001, 0.6536869550373078], "k_pid_yaw": [0.5, 1e-06, 0.1], "k_pid_hsp": [0.6457336195404115, 0.0, 0.0], "k_pid_vsp": [398.8270321241935, 29.868345996457776, 33.137113805145475]}, "datetime": {"datetime": "2025-08-21 16:08:21", "elapsed": 26618.116902828217, "delta": 16.327626705169678}, "costs": {"total_cost": 194.47287214943748, "time_cost": 71.984, "final_distance_cost": 1.821260137655024, "oscillation_cost": 32.513633529574335, "completition_cost": 0.0, "overshoot_cost": 51.47192918539281, "power_cost": 21.390398767089845, "noise_cost": 15.29165052972548, "n_waypoints_completed": 9, "tot_waypoints": 9}}
{"target": -1089.1164403882342, "params": {"k_pid_pos": [1.1482425174733508, 0.0, 0.13948529690166547], "k_pid_alt": [1.1327259571254025, 0.0, 0.017816036825512957], "k_pid_att": [20.749311454576556, 0.0001, 0.6407263877682285], "k_pid_yaw": [0.5, 1e-06, 0.1], "k_pid_hsp": [0.005780382711896848, 0.003492935042268268, 0.0], "k_pid_vsp": [400.0, 44.26210446071513, 1.5960472484552202]}, "datetime": {"datetime": "2025-08-21 16:08:45", "elapsed": 26642.202839374542, "delta": 24.085936546325684}, "costs": {"total_cost": 1089.1164403882342, "time_cost": 150, "final_distance_cost": 85.41358660965767, "oscillation_cost": 2.6522648545572824, "completition_cost": 777.7777777777778, "overshoot_cost": 51.74305398363909, "power_cost": 10.235507397460937, "noise_cost": 11.294249765141629, "n_waypoints_completed": 2, "tot_waypoints": 9}}
{"target": -175.78971524590506, "params": {"k_pid_pos": [1.1749274443004685, 0.0, 0.13756735190122718], "k_pid_alt": [1.1546704796488705, 0.0, 0.006550277228968918], "k_pid_att": [16.568372348281567, 0.0001, 0.6253733800411598], "k_pid_yaw": [0.5, 1e-06, 0.1], "k_pid_hsp": [0.25583195733677894, 0.003707432350672026, 0.0], "k_pid_vsp": [400.0, 42.044938827908844, 16.230276507786336]}, "datetime": {"datetime": "2025-08-21 16:09:02", "elapsed": 26659.030791282654, "delta": 16.827951908111572}, "costs": {"total_cost": 175.78971524590506, "time_cost": 70.47200000000001, "final_distance_cost": 1.8161547484964782, "oscillation_cost": 29.84459809877805, "completition_cost": 0.0, "overshoot_cost": 51.24571604262511, "power_cost": 11.904620495605469, "noise_cost": 10.506625860399957, "n_waypoints_completed": 9, "tot_waypoints": 9}}
{"target": -172.23564887262634, "params": {"k_pid_pos": [1.181711493336057, 0.0, 0.13687968165041883], "k_pid_alt": [1.2897955530103768, 0.0, 0.01599981413974756], "k_pid_att": [5.428840841171226, 0.0001, 0.6761697518690585], "k_pid_yaw": [0.5, 1e-06, 0.1], "k_pid_hsp": [0.25760119497646383, 0.0032512141519458245, 0.0], "k_pid_vsp": [400.0, 82.43824391130762, 17.85886146865889]}, "datetime": {"datetime": "2025-08-21 16:09:18", "elapsed": 26675.142252206802, "delta": 16.11146092414856}, "costs": {"total_cost": 172.23564887262634, "time_cost": 70.57600000000001, "final_distance_cost": 1.8334762638099933, "oscillation_cost": 30.096227587954118, "completition_cost": 0.0, "overshoot_cost": 51.49088368400202, "power_cost": 9.595367224121095, "noise_cost": 8.643694112739096, "n_waypoints_completed": 9, "tot_waypoints": 9}}
{"target": -165.50167860225665, "params": {"k_pid_pos": [1.1286005732603166, 0.0, 0.12974903859287326], "k_pid_alt": [1.0548817096685377, 0.0, 0.014897480758932418], "k_pid_att": [14.11254335663524, 0.0001, 0.6117637942935299], "k_pid_yaw": [0.5, 1e-06, 0.1], "k_pid_hsp": [0.09475971663097806, 0.0024259676362813056, 0.0], "k_pid_vsp": [399.828998617309, 13.685364835980659, 15.949495615022743]}, "datetime": {"datetime": "2025-08-21 16:09:36", "elapsed": 26692.702662229538, "delta": 17.560410022735596}, "costs": {"total_cost": 165.50167860225665, "time_cost": 71.952, "final_distance_cost": 1.7716263914185657, "oscillation_cost": 26.59923968046672, "completition_cost": 0.0, "overshoot_cost": 52.21180094364816, "power_cost": 6.417204809570313, "noise_cost": 6.549806777152896, "n_waypoints_completed": 9, "tot_waypoints": 9}}
{"target": -174.6244725924959, "params": {"k_pid_pos": [1.1261532061064703, 0.0, 0.14209795534707403], "k_pid_alt": [1.2820805366939136, 0.0, 0.01818027292653262], "k_pid_att": [20.1398648038548, 0.0001, 0.7079422694780972], "k_pid_yaw": [0.5, 1e-06, 0.1], "k_pid_hsp": [0.13353046792424364, 0.001728235635048119, 0.0], "k_pid_vsp": [400.0, 34.608090753433466, 22.132305682322453]}, "datetime": {"datetime": "2025-08-21 16:09:53", "elapsed": 26709.523621082306, "delta": 16.820958852767944}, "costs": {"total_cost": 174.6244725924959, "time_cost": 70.96000000000001, "final_distance_cost": 1.8054000343071026, "oscillation_cost": 27.866346163691723, "completition_cost": 0.0, "overshoot_cost": 51.36749219714859, "power_cost": 12.559017395019533, "noise_cost": 10.066216802328944, "n_waypoints_completed": 9, "tot_waypoints": 9}}
{"target": -183.0798533457666, "params": {"k_pid_pos": [1.1244978360607756, 0.0, 0.13895808983294095], "k_pid_alt": [1.2014665120885282, 0.0, 0.016023613469107544], "k_pid_att": [15.377248260314161, 0.0001, 0.6368507376864988], "k_pid_yaw": [0.5, 1e-06, 0.1], "k_pid_hsp": [0.12761432305423046, 0.0030412200055531524, 0.0], "k_pid_vsp": [400.0, 44.13268119485326, 17.633167937848985]}, "datetime": {"datetime": "2025-08-21 16:10:09", "elapsed": 26726.13301873207, "delta": 16.609397649765015}, "costs": {"total_cost": 183.0798533457666, "time_cost": 70.12, "final_distance_cost": 1.7914867874988318, "oscillation_cost": 27.74730211856911, "completition_cost": 0.0, "overshoot_cost": 50.98318265443391, "power_cost": 18.65752078857422, "noise_cost": 13.780360996690524, "n_waypoints_completed": 9, "tot_waypoints": 9}}
{"target": -188.9004083525216, "params": {"k_pid_pos": [1.0800723518873114, 0.0, 0.029793778377698435], "k_pid_alt": [1.0457118592641828, 0.0, 0.0210696894604697], "k_pid_att": [48.22926539703544, 0.0001, 0.31500005409034004], "k_pid_yaw": [0.5, 1e-06, 0.1], "k_pid_hsp": [0.6347261664013701, 0.01365870896112354, 0.0], "k_pid_vsp": [376.722465107156, 44.984549003003714, 51.3577496655689]}, "datetime": {"datetime": "2025-08-21 16:10:26", "elapsed": 26742.93231511116, "delta": 16.799296379089355}, "costs": {"total_cost": 188.9004083525216, "time_cost": 70.304, "final_distance_cost": 1.8424386765709597, "oscillation_cost": 33.82472008138576, "completition_cost": 0.0, "overshoot_cost": 50.514927635795175, "power_cost": 18.702049047851563, "noise_cost": 13.71227291091809, "n_waypoints_completed": 9, "tot_waypoints": 9}}
{"target": -188.1475462922968, "params": {"k_pid_pos": [1.1320943083721966, 0.0, 0.13695476922886846], "k_pid_alt": [1.4485270068975389, 0.0, 0.015169878096029599], "k_pid_att": [13.869092695982815, 0.0001, 0.5607496188872251], "k_pid_yaw": [0.5, 1e-06, 0.1], "k_pid_hsp": [0.19101594181426065, 0.0036581960544063447, 0.0], "k_pid_vsp": [400.0, 60.749124577760995, 19.183829340896622]}, "datetime": {"datetime": "2025-08-21 16:10:42", "elapsed": 26758.763421297073, "delta": 15.831106185913086}, "costs": {"total_cost": 188.1475462922968, "time_cost": 70.912, "final_distance_cost": 1.8054594308448764, "oscillation_cost": 28.563249795527543, "completition_cost": 0.0, "overshoot_cost": 52.029860329900984, "power_cost": 20.0405421875, "noise_cost": 14.796434548523399, "n_waypoints_completed": 9, "tot_waypoints": 9}}
{"target": -167.97484187927253, "params": {"k_pid_pos": [1.121065703232028, 0.0, 0.10401122895177937], "k_pid_alt": [0.9033948365027689, 0.0, 0.01625842844115314], "k_pid_att": [15.570061365420845, 0.0001, 0.8062380662869921], "k_pid_yaw": [0.5, 1e-06, 0.1], "k_pid_hsp": [0.5553958292000256, 0.0021879790089082006, 0.0], "k_pid_vsp": [399.26257742719, 22.280788742745077, 14.381428889330259]}, "datetime": {"datetime": "2025-08-21 16:10:59", "elapsed": 26776.09529209137, "delta": 17.331870794296265}, "costs": {"total_cost": 167.97484187927253, "time_cost": 71.16, "final_distance_cost": 1.840999736050215, "oscillation_cost": 31.764201824191048, "completition_cost": 0.0, "overshoot_cost": 50.69164880011242, "power_cost": 5.6066923950195315, "noise_cost": 6.9112991238993216, "n_waypoints_completed": 9, "tot_waypoints": 9}}
{"target": -171.26877894835167, "params": {"k_pid_pos": [0.8949744849955399, 0.0, 0.12985944641740105], "k_pid_alt": [1.1858108387047128, 0.0, 0.0034614543229442296], "k_pid_att": [11.852985361093843, 0.0001, 0.1717718905643092], "k_pid_yaw": [0.5, 1e-06, 0.1], "k_pid_hsp": [0.1574439617114943, 0.0, 0.0], "k_pid_vsp": [400.0, 46.35861844674482, 17.122533555642892]}, "datetime": {"datetime": "2025-08-21 16:11:15", "elapsed": 26792.230660438538, "delta": 16.13536834716797}, "costs": {"total_cost": 171.26877894835167, "time_cost": 70.616, "final_distance_cost": 1.8357250772651699, "oscillation_cost": 26.23686714923934, "completition_cost": 0.0, "overshoot_cost": 50.7683346544267, "power_cost": 11.410424133300781, "noise_cost": 10.40142793411969, "n_waypoints_completed": 9, "tot_waypoints": 9}}
{"target": -173.8705130502779, "params": {"k_pid_pos": [1.127487738051467, 0.03528516817390197, 0.13946222741755418], "k_pid_alt": [1.214457896912325, 0.0, 0.019096880751805413], "k_pid_att": [24.042777368960508, 0.19414692239681924, 0.6249490262301871], "k_pid_yaw": [0.5, 1e-06, 0.1], "k_pid_hsp": [0.21582066945712888, 0.0029326828212219306, 0.0], "k_pid_vsp": [362.45295667856703, 44.62099881471133, 17.065352915331733]}, "datetime": {"datetime": "2025-08-21 16:11:32", "elapsed": 26808.84935426712, "delta": 16.618693828582764}, "costs": {"total_cost": 173.8705130502779, "time_cost": 70.144, "final_distance_cost": 1.8042426263138538, "oscillation_cost": 29.88687866251239, "completition_cost": 0.0, "overshoot_cost": 50.68588114054306, "power_cost": 11.214037719726562, "noise_cost": 10.135472901182016, "n_waypoints_completed": 9, "tot_waypoints": 9}}
{"target": -170.34326998339645, "params": {"k_pid_pos": [1.1191425065376077, 0.0, 0.008481275336417328], "k_pid_alt": [1.0429158165121009, 0.0, 0.010810824531810204], "k_pid_att": [14.273501659798328, 0.0001, 0.6348868004929056], "k_pid_yaw": [0.5, 1e-06, 0.1], "k_pid_hsp": [0.11448306412216118, 0.0029116760048134103, 0.0], "k_pid_vsp": [400.0, 38.19624486809724, 20.246837369889317]}, "datetime": {"datetime": "2025-08-21 16:11:49", "elapsed": 26825.65120768547, "delta": 16.80185341835022}, "costs": {"total_cost": 170.34326998339645, "time_cost": 70.768, "final_distance_cost": 1.7659664938179696, "oscillation_cost": 28.20553048281922, "completition_cost": 0.0, "overshoot_cost": 51.105544518162176, "power_cost": 9.959037902832032, "noise_cost": 8.53919058576505, "n_waypoints_completed": 9, "tot_waypoints": 9}}
{"target": -179.63649799112736, "params": {"k_pid_pos": [1.3698095640374741, 0.00020857957598413945, 0.1425071642626319], "k_pid_alt": [1.0335534637873987, 0.0, 0.01427258103435681], "k_pid_att": [17.7669690136211, 0.0001, 0.592019007517746], "k_pid_yaw": [0.5, 1e-06, 0.1], "k_pid_hsp": [0.1829290943272967, 0.003975753448663851, 0.0], "k_pid_vsp": [398.135321461368, 40.15414401452415, 12.093554557300402]}, "datetime": {"datetime": "2025-08-21 16:12:05", "elapsed": 26841.516277313232, "delta": 15.86506962776184}, "costs": {"total_cost": 179.63649799112736, "time_cost": 70.21600000000001, "final_distance_cost": 1.775639280551603, "oscillation_cost": 30.511623716608174, "completition_cost": 0.0, "overshoot_cost": 50.27043094286474, "power_cost": 15.086738879394533, "noise_cost": 11.776065171708284, "n_waypoints_completed": 9, "tot_waypoints": 9}}
