{"target": -188.38426211066843, "params": {"k_pid_pos": [1.0915839219390613, 0.0, 0.13848975589914372], "k_pid_alt": [1.2039139127682912, 0.0, 0.009684139273782652], "k_pid_att": [18.476942256781133, 0.0001, 0.865357444264579], "k_pid_yaw": [0.5, 1e-06, 0.1], "k_pid_hsp": [0.4197219098454006, 0.003432277060070409, 0.0], "k_pid_vsp": [400.0, 40.38180082853607, 18.145254884271235]}, "datetime": {"datetime": "2025-08-21 20:07:42", "elapsed": 40979.30269241333, "delta": 16.26180648803711}, "costs": {"total_cost": 188.38426211066843, "time_cost": 70.976, "final_distance_cost": 1.841463557643021, "oscillation_cost": 30.77668930516201, "completition_cost": 0.0, "overshoot_cost": 50.84719805264867, "power_cost": 19.854689501953125, "noise_cost": 14.088221693261604, "n_waypoints_completed": 9, "tot_waypoints": 9}}
{"target": -186.2544375948775, "params": {"k_pid_pos": [1.1269696136551046, 0.0, 0.13760607673553524], "k_pid_alt": [1.1912498749505305, 0.0, 0.024241802462084232], "k_pid_att": [15.614176275840743, 0.04849282291319831, 0.6364080310668496], "k_pid_yaw": [0.5, 1e-06, 0.1], "k_pid_hsp": [0.27458988483306634, 0.003289324942831671, 0.0], "k_pid_vsp": [386.28836158091013, 42.51432883859762, 17.195123850986587]}, "datetime": {"datetime": "2025-08-21 20:08:04", "elapsed": 41001.04303359985, "delta": 21.740341186523438}, "costs": {"total_cost": 186.2544375948775, "time_cost": 70.856, "final_distance_cost": 1.8264769293685117, "oscillation_cost": 29.08888441203615, "completition_cost": 0.0, "overshoot_cost": 51.31660002926011, "power_cost": 18.845227832031252, "noise_cost": 14.321248392181472, "n_waypoints_completed": 9, "tot_waypoints": 9}}
{"target": -182.38846617490717, "params": {"k_pid_pos": [1.1937071927265572, 0.0, 0.14726986679110515], "k_pid_alt": [1.192252962871879, 0.0, 0.020335386526645436], "k_pid_att": [15.726038816288026, 0.0001, 0.6342803671057825], "k_pid_yaw": [0.5, 1e-06, 0.1], "k_pid_hsp": [0.1267713538253222, 0.003257580159237038, 0.0], "k_pid_vsp": [400.0, 36.84427229531807, 18.406903642070947]}, "datetime": {"datetime": "2025-08-21 20:08:25", "elapsed": 41022.33471870422, "delta": 21.291685104370117}, "costs": {"total_cost": 182.38846617490717, "time_cost": 70.4, "final_distance_cost": 1.7744042672938114, "oscillation_cost": 28.305525103881468, "completition_cost": 0.0, "overshoot_cost": 51.46166056928658, "power_cost": 17.148312414550784, "noise_cost": 13.298563819894492, "n_waypoints_completed": 9, "tot_waypoints": 9}}
{"target": -166.30946110966946, "params": {"k_pid_pos": [1.262618880719208, 5.1409314967452776e-05, 0.17003381998516384], "k_pid_alt": [0.9737835211578671, 0.0, 0.01677209147700465], "k_pid_att": [15.547278138754, 0.0001, 0.62416487688928], "k_pid_yaw": [0.5, 1e-06, 0.1], "k_pid_hsp": [0.16626909448607174, 0.004331708022398157, 0.0], "k_pid_vsp": [392.68560069878754, 18.313611223695204, 17.387952274123215]}, "datetime": {"datetime": "2025-08-21 20:08:43", "elapsed": 41040.387523412704, "delta": 18.052804708480835}, "costs": {"total_cost": 166.30946110966946, "time_cost": 71.272, "final_distance_cost": 1.815300904731792, "oscillation_cost": 29.10074532445768, "completition_cost": 0.0, "overshoot_cost": 51.19426773988078, "power_cost": 6.360174499511719, "noise_cost": 6.566972641087486, "n_waypoints_completed": 9, "tot_waypoints": 9}}
{"target": -182.2560083863074, "params": {"k_pid_pos": [1.1253228512624112, 0.0, 0.051243058725109626], "k_pid_alt": [1.1890840810107433, 0.0, 0.007321748488571546], "k_pid_att": [15.273654153649964, 0.0001, 0.6522766128220209], "k_pid_yaw": [0.5, 1e-06, 0.1], "k_pid_hsp": [0.13600565616145976, 0.003583252110211766, 0.0], "k_pid_vsp": [396.9089361923383, 33.4729655256223, 12.45064012991562]}, "datetime": {"datetime": "2025-08-21 20:09:00", "elapsed": 41056.53066086769, "delta": 16.143137454986572}, "costs": {"total_cost": 182.2560083863074, "time_cost": 70.64, "final_distance_cost": 1.792370844690189, "oscillation_cost": 28.605839230819537, "completition_cost": 0.0, "overshoot_cost": 50.88491892531482, "power_cost": 17.376808251953126, "noise_cost": 12.956071133529758, "n_waypoints_completed": 9, "tot_waypoints": 9}}
{"target": -189.01971132895383, "params": {"k_pid_pos": [1.115314563670179, 0.0, 0.14264572445497212], "k_pid_alt": [1.5646642326845246, 0.0, 0.013679385915130791], "k_pid_att": [15.136324558475332, 0.014092499697195116, 0.6406183776136326], "k_pid_yaw": [0.5, 1e-06, 0.1], "k_pid_hsp": [0.631182309941973, 0.003293880056813051, 0.0], "k_pid_vsp": [400.0, 43.73922860347473, 16.991601379976274]}, "datetime": {"datetime": "2025-08-21 20:09:17", "elapsed": 41073.98339724541, "delta": 17.452736377716064}, "costs": {"total_cost": 189.01971132895383, "time_cost": 70.648, "final_distance_cost": 1.8393266625628244, "oscillation_cost": 31.138325824934448, "completition_cost": 0.0, "overshoot_cost": 51.455703069396804, "power_cost": 19.010349108886718, "noise_cost": 14.928006663173058, "n_waypoints_completed": 9, "tot_waypoints": 9}}
{"target": -178.2240059791241, "params": {"k_pid_pos": [1.1974874152920194, 0.0, 0.1249052453196583], "k_pid_alt": [1.3442560662005816, 0.0, 0.016139508341267622], "k_pid_att": [15.525935721311942, 0.0001, 0.6361512512702748], "k_pid_yaw": [0.5, 1e-06, 0.1], "k_pid_hsp": [0.13464792345941753, 0.003182631500077275, 0.0], "k_pid_vsp": [398.1672452846458, 26.669835123322574, 13.675558674295736]}, "datetime": {"datetime": "2025-08-21 20:09:33", "elapsed": 41090.147783756256, "delta": 16.164386510849}, "costs": {"total_cost": 178.2240059791241, "time_cost": 70.136, "final_distance_cost": 1.7786711074642072, "oscillation_cost": 28.38149652540887, "completition_cost": 0.0, "overshoot_cost": 51.49435933511644, "power_cost": 14.408675915527345, "noise_cost": 12.024803095607218, "n_waypoints_completed": 9, "tot_waypoints": 9}}
{"target": -192.1896008525265, "params": {"k_pid_pos": [1.3095932757162898, 0.0, 0.12512091400485525], "k_pid_alt": [1.1883765077444957, 0.0, 0.013697546253449908], "k_pid_att": [9.993074171640554, 0.0001, 0.6207982682332893], "k_pid_yaw": [0.5, 1e-06, 0.1], "k_pid_hsp": [0.1398166815347154, 0.0, 0.0], "k_pid_vsp": [400.0, 9.891904704998137, 17.207370609711443]}, "datetime": {"datetime": "2025-08-21 20:09:51", "elapsed": 41107.94273471832, "delta": 17.79495096206665}, "costs": {"total_cost": 192.1896008525265, "time_cost": 71.552, "final_distance_cost": 1.769882433876523, "oscillation_cost": 28.64146337900007, "completition_cost": 0.0, "overshoot_cost": 52.58859510127499, "power_cost": 21.840671618652344, "noise_cost": 15.796988319722542, "n_waypoints_completed": 9, "tot_waypoints": 9}}
{"target": -171.91650063888514, "params": {"k_pid_pos": [1.146838480897044, 0.0, 0.13218942722403684], "k_pid_alt": [1.1666585577852022, 0.0, 0.012620197074611879], "k_pid_att": [16.800683899853222, 0.0001, 0.47963784555113687], "k_pid_yaw": [0.5, 1e-06, 0.1], "k_pid_hsp": [0.08298242203241965, 0.0, 0.0], "k_pid_vsp": [400.0, 37.69249097370005, 16.896445229764744]}, "datetime": {"datetime": "2025-08-21 20:10:09", "elapsed": 41125.92035508156, "delta": 17.977620363235474}, "costs": {"total_cost": 171.91650063888514, "time_cost": 71.792, "final_distance_cost": 1.7988261633162423, "oscillation_cost": 25.92424660522554, "completition_cost": 0.0, "overshoot_cost": 52.43319812636069, "power_cost": 10.841734289550782, "noise_cost": 9.126495454431906, "n_waypoints_completed": 9, "tot_waypoints": 9}}
{"target": -184.60248921130727, "params": {"k_pid_pos": [1.0120150963586947, 0.0, 0.13971221343928666], "k_pid_alt": [1.1615890183228352, 0.0, 0.017212281401670394], "k_pid_att": [24.850660373589896, 0.0001, 0.6148926114716108], "k_pid_yaw": [0.5, 1e-06, 0.1], "k_pid_hsp": [0.20508670657968953, 0.003229066406713871, 0.0], "k_pid_vsp": [400.0, 48.83915828248078, 17.273307321616596]}, "datetime": {"datetime": "2025-08-21 20:10:25", "elapsed": 41142.04524850845, "delta": 16.12489342689514}, "costs": {"total_cost": 184.60248921130727, "time_cost": 71.264, "final_distance_cost": 1.8198651078496673, "oscillation_cost": 27.433816296460833, "completition_cost": 0.0, "overshoot_cost": 50.873740236897106, "power_cost": 18.780197094726564, "noise_cost": 14.430870475373085, "n_waypoints_completed": 9, "tot_waypoints": 9}}
{"target": -937.3704429062018, "params": {"k_pid_pos": [1.1278341113936654, 0.0, 0.14000204433782934], "k_pid_alt": [1.1944202805803092, 0.0, 0.02212471412599721], "k_pid_att": [16.627084646849923, 0.0001, 0.6554141137150954], "k_pid_yaw": [0.5, 1e-06, 0.1], "k_pid_hsp": [0.13596393553899538, 0.003124561000533778, 0.0], "k_pid_vsp": [400.0, 44.3326672654802, 17.16872282201669]}, "datetime": {"datetime": "2025-08-21 20:10:49", "elapsed": 41166.39008188248, "delta": 24.344833374023438}, "costs": {"total_cost": 937.3704429062018, "time_cost": 150, "final_distance_cost": 37.78804207195146, "oscillation_cost": 16.17939569766589, "completition_cost": 555.5555555555555, "overshoot_cost": 80.5724513317237, "power_cost": 28.78596181640625, "noise_cost": 68.48903643289904, "n_waypoints_completed": 4, "tot_waypoints": 9}}
{"target": -170.73288336156597, "params": {"k_pid_pos": [1.1318216845408529, 0.0, 0.14055770409906432], "k_pid_alt": [1.1651032761523463, 0.0, 0.008668456275544469], "k_pid_att": [16.31370920280183, 0.0001, 0.6159688421281801], "k_pid_yaw": [0.5, 1e-06, 0.1], "k_pid_hsp": [0.11589575173092485, 0.0, 0.0], "k_pid_vsp": [400.0, 18.164059926527163, 17.494644554229325]}, "datetime": {"datetime": "2025-08-21 20:11:06", "elapsed": 41183.03206515312, "delta": 16.64198327064514}, "costs": {"total_cost": 170.73288336156597, "time_cost": 72.04, "final_distance_cost": 1.7862992913532563, "oscillation_cost": 26.984980818543328, "completition_cost": 0.0, "overshoot_cost": 51.800098045077114, "power_cost": 9.158681042480469, "noise_cost": 8.962824164111787, "n_waypoints_completed": 9, "tot_waypoints": 9}}
{"target": -173.1030873725322, "params": {"k_pid_pos": [1.1254399713032215, 0.0, 0.1342430364923322], "k_pid_alt": [1.1935554571261664, 0.0, 0.0122653419469315], "k_pid_att": [15.299277526203205, 0.0001, 0.6247205942551619], "k_pid_yaw": [0.5, 1e-06, 0.1], "k_pid_hsp": [0.12866003939920806, 0.0037295228298280967, 0.0], "k_pid_vsp": [400.0, 63.73015860125881, 20.543485039653287]}, "datetime": {"datetime": "2025-08-21 20:11:24", "elapsed": 41200.83461546898, "delta": 17.802550315856934}, "costs": {"total_cost": 173.1030873725322, "time_cost": 71.296, "final_distance_cost": 1.7875943445615234, "oscillation_cost": 27.297269487008048, "completition_cost": 0.0, "overshoot_cost": 51.80190989222169, "power_cost": 10.909732238769532, "noise_cost": 10.010581409971401, "n_waypoints_completed": 9, "tot_waypoints": 9}}
{"target": -183.9128569291811, "params": {"k_pid_pos": [1.1209446947067558, 0.0, 0.132040812539522], "k_pid_alt": [1.1207974336924797, 0.0, 0.014860187928517225], "k_pid_att": [17.60213331504878, 0.0001, 0.645932271081113], "k_pid_yaw": [0.5, 1e-06, 0.1], "k_pid_hsp": [0.14885716710079613, 0.0025004169073512316, 0.0], "k_pid_vsp": [400.0, 41.264171435303176, 23.016410334602778]}, "datetime": {"datetime": "2025-08-21 20:11:41", "elapsed": 41217.542733192444, "delta": 16.708117723464966}, "costs": {"total_cost": 183.9128569291811, "time_cost": 70.168, "final_distance_cost": 1.809035700814495, "oscillation_cost": 28.251331310575008, "completition_cost": 0.0, "overshoot_cost": 51.01712011887989, "power_cost": 18.451418505859376, "noise_cost": 14.215951293052324, "n_waypoints_completed": 9, "tot_waypoints": 9}}
{"target": -187.3432380734362, "params": {"k_pid_pos": [1.1187289708213093, 0.0, 0.10745239518708813], "k_pid_alt": [0.6365355597783691, 0.0, 0.0158833323129792], "k_pid_att": [20.623909222139034, 0.0001, 0.4004558979108257], "k_pid_yaw": [0.5, 1e-06, 0.1], "k_pid_hsp": [0.17533015256526308, 0.024332997935867032, 0.0], "k_pid_vsp": [399.78099070622153, 40.28847329478852, 24.209206046739784]}, "datetime": {"datetime": "2025-08-21 20:11:59", "elapsed": 41236.30639863014, "delta": 18.763665437698364}, "costs": {"total_cost": 187.3432380734362, "time_cost": 75.288, "final_distance_cost": 1.826978174322558, "oscillation_cost": 30.59612719760799, "completition_cost": 0.0, "overshoot_cost": 51.878399606508545, "power_cost": 15.512466235351564, "noise_cost": 12.241266859645542, "n_waypoints_completed": 9, "tot_waypoints": 9}}
{"target": -187.41952769831175, "params": {"k_pid_pos": [1.2130713149033157, 0.0, 0.1381819604108056], "k_pid_alt": [1.1544281738658284, 0.0, 0.016055213613807528], "k_pid_att": [20.953210131814732, 0.0001, 0.6027783770975518], "k_pid_yaw": [0.5, 1e-06, 0.1], "k_pid_hsp": [0.28916308812078645, 0.0027280598046226815, 0.0], "k_pid_vsp": [397.64380423509414, 62.10281473653625, 16.503813506920157]}, "datetime": {"datetime": "2025-08-21 20:12:16", "elapsed": 41253.13847184181, "delta": 16.832073211669922}, "costs": {"total_cost": 187.41952769831175, "time_cost": 70.0, "final_distance_cost": 1.820326716632977, "oscillation_cost": 29.706869962372096, "completition_cost": 0.0, "overshoot_cost": 50.42050019796196, "power_cost": 20.382279321289065, "noise_cost": 15.089551500055649, "n_waypoints_completed": 9, "tot_waypoints": 9}}
{"target": -188.19324766650033, "params": {"k_pid_pos": [1.124777526416695, 0.0, 0.13868370786260376], "k_pid_alt": [1.147796696900712, 0.0, 0.015566421048407976], "k_pid_att": [14.278435137337521, 0.0001, 0.6366263255582817], "k_pid_yaw": [0.5, 1e-06, 0.1], "k_pid_hsp": [0.12719522901596056, 0.0029138607461264157, 0.0], "k_pid_vsp": [394.12026603240196, 10.400137071973617, 19.748872859310517]}, "datetime": {"datetime": "2025-08-21 20:12:34", "elapsed": 41270.54914188385, "delta": 17.410670042037964}, "costs": {"total_cost": 188.19324766650033, "time_cost": 72.296, "final_distance_cost": 1.7809647633227434, "oscillation_cost": 27.5618941833574, "completition_cost": 0.0, "overshoot_cost": 52.58828608299341, "power_cost": 19.39831915283203, "noise_cost": 14.567783483994738, "n_waypoints_completed": 9, "tot_waypoints": 9}}
{"target": -184.17206647291445, "params": {"k_pid_pos": [1.1241989831599521, 0.0, 0.13477612850136395], "k_pid_alt": [1.2264355491117749, 0.0, 0.015766858093212353], "k_pid_att": [13.835478690393478, 0.0001, 0.6351228094255349], "k_pid_yaw": [0.5, 1e-06, 0.1], "k_pid_hsp": [0.1343086228161788, 0.003405336577709203, 0.0], "k_pid_vsp": [398.43883608740447, 37.276045099003085, 19.185875483569742]}, "datetime": {"datetime": "2025-08-21 20:12:50", "elapsed": 41287.30800628662, "delta": 16.758864402770996}, "costs": {"total_cost": 184.17206647291445, "time_cost": 70.152, "final_distance_cost": 1.8152099789563831, "oscillation_cost": 27.917911110108133, "completition_cost": 0.0, "overshoot_cost": 50.90966876672775, "power_cost": 19.06080368652344, "noise_cost": 14.316472930598751, "n_waypoints_completed": 9, "tot_waypoints": 9}}
{"target": -177.85489547690278, "params": {"k_pid_pos": [1.2297676040394887, 0.0, 0.26363116724699287], "k_pid_alt": [1.3116195152320829, 0.0, 0.0], "k_pid_att": [23.52428171138068, 0.0001, 0.6607094439500124], "k_pid_yaw": [0.5, 1e-06, 0.1], "k_pid_hsp": [0.0696405379420807, 0.0017073190076379774, 0.0], "k_pid_vsp": [396.9406270013865, 1e-06, 21.220718996138704]}, "datetime": {"datetime": "2025-08-21 20:13:07", "elapsed": 41304.083537340164, "delta": 16.77553105354309}, "costs": {"total_cost": 177.85489547690278, "time_cost": 72.992, "final_distance_cost": 1.7597318320496893, "oscillation_cost": 25.546618579228912, "completition_cost": 0.0, "overshoot_cost": 53.30062164800195, "power_cost": 13.024290539550782, "noise_cost": 11.231632878071423, "n_waypoints_completed": 9, "tot_waypoints": 9}}
{"target": -1223.6323025668532, "params": {"k_pid_pos": [1.1230936016094364, 0.0, 0.17305940950054818], "k_pid_alt": [1.1784800236846098, 0.0, 0.017589174853942246], "k_pid_att": [0.0, 0.0001, 0.5977163270743495], "k_pid_yaw": [0.5, 1e-06, 0.1], "k_pid_hsp": [0.10912891801292697, 0.0003476993061696794, 0.0], "k_pid_vsp": [400.0, 40.72555240211107, 16.83717253944245]}, "datetime": {"datetime": "2025-08-21 20:13:32", "elapsed": 41328.44116139412, "delta": 24.357624053955078}, "costs": {"total_cost": 1223.6323025668532, "time_cost": 150, "final_distance_cost": 45.15176293615847, "oscillation_cost": 0.653764066885753, "completition_cost": 1000.0, "overshoot_cost": 14.233089133902695, "power_cost": 6.458737060546875, "noise_cost": 7.134949369359549, "n_waypoints_completed": 0, "tot_waypoints": 9}}
{"target": -180.52329215081903, "params": {"k_pid_pos": [1.0362902006795895, 0.0, 0.10662715376337861], "k_pid_alt": [1.1778764931093642, 0.0, 0.003362308788580664], "k_pid_att": [15.166368407184057, 0.0001, 0.6404616684053063], "k_pid_yaw": [0.5, 1e-06, 0.1], "k_pid_hsp": [0.11159729702413393, 0.00237938309682421, 0.0], "k_pid_vsp": [399.7796152082098, 25.140630253472537, 27.048663688535616]}, "datetime": {"datetime": "2025-08-21 20:13:48", "elapsed": 41345.29949879646, "delta": 16.85833740234375}, "costs": {"total_cost": 180.52329215081903, "time_cost": 71.08800000000001, "final_distance_cost": 1.8149915415146562, "oscillation_cost": 26.379656408120525, "completition_cost": 0.0, "overshoot_cost": 52.07953395631576, "power_cost": 16.434456030273438, "noise_cost": 12.726654214594657, "n_waypoints_completed": 9, "tot_waypoints": 9}}
{"target": -182.04389648857415, "params": {"k_pid_pos": [1.1240160116335813, 0.0, 0.1415068782356283], "k_pid_alt": [1.2092772824962066, 0.0, 0.016174881123130674], "k_pid_att": [17.577853248488967, 0.0001, 0.6394142859225075], "k_pid_yaw": [0.5, 1e-06, 0.1], "k_pid_hsp": [0.08361545856694787, 0.003439180225064327, 0.0], "k_pid_vsp": [400.0, 43.6843981932434, 16.722433820138612]}, "datetime": {"datetime": "2025-08-21 20:14:06", "elapsed": 41363.01031732559, "delta": 17.71081852912903}, "costs": {"total_cost": 182.04389648857415, "time_cost": 71.928, "final_distance_cost": 1.767106383756197, "oscillation_cost": 26.412214770240414, "completition_cost": 0.0, "overshoot_cost": 52.441843374996424, "power_cost": 16.34726903076172, "noise_cost": 13.147462928819404, "n_waypoints_completed": 9, "tot_waypoints": 9}}
{"target": -181.82707125939083, "params": {"k_pid_pos": [1.1306359554841627, 0.0, 0.005910227000910026], "k_pid_alt": [1.1706799956263385, 0.0, 0.012343267403936698], "k_pid_att": [15.376371627285152, 0.0001, 0.6609973262405742], "k_pid_yaw": [0.5, 1e-06, 0.1], "k_pid_hsp": [0.2339454259122845, 0.0026090178939801472, 0.0], "k_pid_vsp": [400.0, 37.688380602324116, 17.342264163607584]}, "datetime": {"datetime": "2025-08-21 20:14:22", "elapsed": 41379.03534936905, "delta": 16.02503204345703}, "costs": {"total_cost": 181.82707125939083, "time_cost": 70.4, "final_distance_cost": 1.8221861137294348, "oscillation_cost": 30.385842343686182, "completition_cost": 0.0, "overshoot_cost": 51.16647146114403, "power_cost": 15.593391711425783, "noise_cost": 12.4591796294054, "n_waypoints_completed": 9, "tot_waypoints": 9}}
{"target": -180.00853777723086, "params": {"k_pid_pos": [1.18045635136576, 0.0, 0.13886692619218577], "k_pid_alt": [1.188556706150008, 0.0, 0.01625227158214462], "k_pid_att": [15.039994961200302, 0.0001, 0.6277445660620239], "k_pid_yaw": [0.5, 1e-06, 0.1], "k_pid_hsp": [0.3022733272378392, 0.0033887777505459777, 0.0], "k_pid_vsp": [400.0, 45.567802831711006, 19.103123532027503]}, "datetime": {"datetime": "2025-08-21 20:14:40", "elapsed": 41397.33976364136, "delta": 18.30441427230835}, "costs": {"total_cost": 180.00853777723086, "time_cost": 71.696, "final_distance_cost": 1.8226306946567625, "oscillation_cost": 29.58689579377474, "completition_cost": 0.0, "overshoot_cost": 51.63810211839245, "power_cost": 13.708491320800782, "noise_cost": 11.556417849606095, "n_waypoints_completed": 9, "tot_waypoints": 9}}
{"target": -184.25033149561924, "params": {"k_pid_pos": [1.1236593166033424, 0.0, 0.1370467261764819], "k_pid_alt": [1.1907942644233203, 0.0, 0.015732033873648094], "k_pid_att": [15.65355387040337, 0.0001, 0.6390780079786921], "k_pid_yaw": [0.5, 1e-06, 0.1], "k_pid_hsp": [0.12598011660909356, 0.0018146634403425777, 0.0], "k_pid_vsp": [400.0, 43.725318082922136, 17.007224607584014]}, "datetime": {"datetime": "2025-08-21 20:14:57", "elapsed": 41413.70692920685, "delta": 16.367165565490723}, "costs": {"total_cost": 184.25033149561924, "time_cost": 71.128, "final_distance_cost": 1.7858685919184536, "oscillation_cost": 27.287117088245335, "completition_cost": 0.0, "overshoot_cost": 51.476501003524085, "power_cost": 18.46553015136719, "noise_cost": 14.107314660564196, "n_waypoints_completed": 9, "tot_waypoints": 9}}
{"target": -178.06739679052836, "params": {"k_pid_pos": [1.1182491420003815, 0.0, 0.1305919924219966], "k_pid_alt": [1.4648422911273726, 0.0, 0.014415460890292274], "k_pid_att": [15.19551020142594, 0.0001, 0.631186545934798], "k_pid_yaw": [0.5, 1e-06, 0.1], "k_pid_hsp": [0.10962953302907148, 0.003631662274615313, 0.0], "k_pid_vsp": [400.0, 44.06977154794695, 17.758495849397857]}, "datetime": {"datetime": "2025-08-21 20:15:15", "elapsed": 41431.88777804375, "delta": 18.180848836898804}, "costs": {"total_cost": 178.06739679052836, "time_cost": 70.84, "final_distance_cost": 1.7895762493445064, "oscillation_cost": 27.02258113463971, "completition_cost": 0.0, "overshoot_cost": 51.735484835068746, "power_cost": 15.067171801757814, "noise_cost": 11.61258276971759, "n_waypoints_completed": 9, "tot_waypoints": 9}}
