{"target": -183.27560311830695, "params": {"k_pid_pos": [1.7616743936120067, 0.0, 0.0], "k_pid_alt": [0.8846620439122235, 0.0, 0.0], "k_pid_att": [27.11812516377031, 0.054915644628449264, 0.4413304493710523], "k_pid_yaw": [0.5, 1e-06, 0.1], "k_pid_hsp": [0.8983559256264628, 0.020940620982832954, 0.0], "k_pid_vsp": [354.68546049222715, 30.367371174129325, 1e-06]}, "datetime": {"datetime": "2025-08-21 10:28:46", "elapsed": 6242.703131198883, "delta": 17.832605600357056}, "costs": {"total_cost": 183.27560311830695, "time_cost": 70.688, "final_distance_cost": 1.7790532036669524, "oscillation_cost": 35.80419206270049, "completition_cost": 0.0, "overshoot_cost": 50.809168494597905, "power_cost": 12.799907824707033, "noise_cost": 11.395281532634579, "n_waypoints_completed": 9, "tot_waypoints": 9}}
{"target": -190.1952167271396, "params": {"k_pid_pos": [0.8583766718977351, 0.0, 0.0], "k_pid_alt": [1.0044220717312444, 0.0, 0.33008446637756855], "k_pid_att": [36.766002509527105, 0.0001, 0.5470221556976647], "k_pid_yaw": [0.5, 1e-06, 0.1], "k_pid_hsp": [0.17745912787109752, 0.0, 0.0], "k_pid_vsp": [400.0, 1e-06, 29.044657813292076]}, "datetime": {"datetime": "2025-08-21 10:29:08", "elapsed": 6265.350564956665, "delta": 22.647433757781982}, "costs": {"total_cost": 190.1952167271396, "time_cost": 74.792, "final_distance_cost": 1.8144895127486635, "oscillation_cost": 27.74510792000115, "completition_cost": 0.0, "overshoot_cost": 52.101539604410235, "power_cost": 19.113483532714845, "noise_cost": 14.628596157264726, "n_waypoints_completed": 9, "tot_waypoints": 9}}
{"target": -216.15675537233722, "params": {"k_pid_pos": [1.5082840835368958, 0.0, 0.0], "k_pid_alt": [0.43229046988825803, 0.0, 0.0], "k_pid_att": [38.10099435637699, 0.6073954592010544, 0.4317913626125368], "k_pid_yaw": [0.5, 1e-06, 0.1], "k_pid_hsp": [1.1401796849189494, 0.04820210342201367, 0.0], "k_pid_vsp": [379.4638370147004, 15.610970734939626, 16.07459794144439]}, "datetime": {"datetime": "2025-08-21 10:29:29", "elapsed": 6285.782521724701, "delta": 20.43195676803589}, "costs": {"total_cost": 216.15675537233722, "time_cost": 80.312, "final_distance_cost": 1.841095067449441, "oscillation_cost": 41.47881419040582, "completition_cost": 0.0, "overshoot_cost": 51.12929192302534, "power_cost": 24.35128444824219, "noise_cost": 17.044269743214436, "n_waypoints_completed": 9, "tot_waypoints": 9}}
{"target": -178.11878454175874, "params": {"k_pid_pos": [1.312344621910832, 0.0, 0.0], "k_pid_alt": [1.0138461452547816, 0.0012785821477488007, 0.0], "k_pid_att": [40.19207598733051, 0.0001, 0.0], "k_pid_yaw": [0.5, 1e-06, 0.1], "k_pid_hsp": [0.4038074785131461, 0.06393117182766855, 0.0], "k_pid_vsp": [371.6518972457566, 37.136454594435904, 29.45622569526936]}, "datetime": {"datetime": "2025-08-21 10:29:46", "elapsed": 6303.233557701111, "delta": 17.451035976409912}, "costs": {"total_cost": 178.11878454175874, "time_cost": 69.144, "final_distance_cost": 1.8170438615234201, "oscillation_cost": 37.75752805916177, "completition_cost": 0.0, "overshoot_cost": 49.87437369819267, "power_cost": 10.499461694335938, "noise_cost": 9.026377228544922, "n_waypoints_completed": 9, "tot_waypoints": 9}}
{"target": -197.2354083165812, "params": {"k_pid_pos": [1.5132871563325048, 0.0, 0.0], "k_pid_alt": [0.6730193636947761, 0.0, 0.0], "k_pid_att": [50.6027254841744, 0.11379718842043066, 0.47416428564282986], "k_pid_yaw": [0.5, 1e-06, 0.1], "k_pid_hsp": [0.5969487927111721, 0.08126030416047747, 0.0], "k_pid_vsp": [367.39280914199594, 22.839803267333178, 11.092157369890645]}, "datetime": {"datetime": "2025-08-21 10:30:11", "elapsed": 6327.445024013519, "delta": 24.211466312408447}, "costs": {"total_cost": 197.2354083165812, "time_cost": 74.696, "final_distance_cost": 1.8198755761597774, "oscillation_cost": 37.30379199033139, "completition_cost": 0.0, "overshoot_cost": 51.86762247219713, "power_cost": 17.794608630371094, "noise_cost": 13.753509647521842, "n_waypoints_completed": 9, "tot_waypoints": 9}}
{"target": -197.51515874507984, "params": {"k_pid_pos": [1.183835906072299, 0.0, 0.0], "k_pid_alt": [0.74635782632005, 0.0, 0.0], "k_pid_att": [40.709073898372765, 0.16457201059369053, 0.1134796330718097], "k_pid_yaw": [0.5, 1e-06, 0.1], "k_pid_hsp": [0.20885969276589575, 0.0, 0.0], "k_pid_vsp": [364.75775051304925, 43.30279775623001, 35.12938059045667]}, "datetime": {"datetime": "2025-08-21 10:30:31", "elapsed": 6347.535852193832, "delta": 20.09082818031311}, "costs": {"total_cost": 197.51515874507984, "time_cost": 73.08, "final_distance_cost": 1.7930265310362306, "oscillation_cost": 30.534720023668932, "completition_cost": 0.0, "overshoot_cost": 52.01742846465495, "power_cost": 23.378126806640626, "noise_cost": 16.71185691907909, "n_waypoints_completed": 9, "tot_waypoints": 9}}
{"target": -200.26366905620628, "params": {"k_pid_pos": [1.5061393262069978, 0.0, 0.0], "k_pid_alt": [0.548120128152783, 0.02092439621877004, 0.07600198473769731], "k_pid_att": [48.94844779959453, 0.0001, 0.21509901757386418], "k_pid_yaw": [0.5, 1e-06, 0.1], "k_pid_hsp": [0.8126752307712201, 0.0, 0.0], "k_pid_vsp": [345.652266286061, 38.286918771386155, 38.056633681421864]}, "datetime": {"datetime": "2025-08-21 10:30:49", "elapsed": 6365.836611747742, "delta": 18.3007595539093}, "costs": {"total_cost": 200.26366905620628, "time_cost": 72.336, "final_distance_cost": 1.7870444233653562, "oscillation_cost": 36.833752472909076, "completition_cost": 0.0, "overshoot_cost": 51.64029980610062, "power_cost": 21.821424255371095, "noise_cost": 15.845148098460145, "n_waypoints_completed": 9, "tot_waypoints": 9}}
{"target": -183.96688808249712, "params": {"k_pid_pos": [1.1700195781920324, 0.0, 0.0], "k_pid_alt": [0.4957470864093706, 0.0, 0.0], "k_pid_att": [36.776225450890145, 0.0001, 0.24495287467027943], "k_pid_yaw": [0.5, 1e-06, 0.1], "k_pid_hsp": [0.8637708747333078, 0.030511320149546075, 0.0], "k_pid_vsp": [331.20132565878436, 28.30836725910138, 8.799368297279749]}, "datetime": {"datetime": "2025-08-21 10:31:12", "elapsed": 6389.037714481354, "delta": 23.20110273361206}, "costs": {"total_cost": 183.96688808249712, "time_cost": 75.536, "final_distance_cost": 1.8480821960597416, "oscillation_cost": 32.2942352938979, "completition_cost": 0.0, "overshoot_cost": 50.49791581487586, "power_cost": 12.58768074951172, "noise_cost": 11.202974028151912, "n_waypoints_completed": 9, "tot_waypoints": 9}}
{"target": -180.16553162986355, "params": {"k_pid_pos": [1.07999459958515, 0.0, 0.0], "k_pid_alt": [0.7147661469087888, 0.0, 0.0], "k_pid_att": [32.37074925050903, 0.016537874685878876, 0.03650280470222289], "k_pid_yaw": [0.5, 1e-06, 0.1], "k_pid_hsp": [0.6537603529802627, 0.028229468275967447, 0.0], "k_pid_vsp": [400.0, 32.53286595718284, 36.05758333182315]}, "datetime": {"datetime": "2025-08-21 10:31:32", "elapsed": 6408.63926243782, "delta": 19.601547956466675}, "costs": {"total_cost": 180.16553162986355, "time_cost": 70.816, "final_distance_cost": 1.834859298664645, "oscillation_cost": 36.066251549901025, "completition_cost": 0.0, "overshoot_cost": 49.87559857391273, "power_cost": 11.74984530029297, "noise_cost": 9.822976907092166, "n_waypoints_completed": 9, "tot_waypoints": 9}}
{"target": -338.37374866632877, "params": {"k_pid_pos": [1.1461042466786198, 0.0, 0.0], "k_pid_alt": [0.867849916496395, 0.0, 0.0], "k_pid_att": [41.20483602728836, 0.0001, 0.22814572998356714], "k_pid_yaw": [0.5, 1e-06, 0.1], "k_pid_hsp": [0.7241712782292185, 0.2669899253853887, 0.2226861862702042], "k_pid_vsp": [364.7669680596741, 55.485334042992854, 1e-06]}, "datetime": {"datetime": "2025-08-21 10:31:59", "elapsed": 6435.690404415131, "delta": 27.05114197731018}, "costs": {"total_cost": 338.37374866632877, "time_cost": 87.568, "final_distance_cost": 1.818434944369934, "oscillation_cost": 167.62299220098916, "completition_cost": 0.0, "overshoot_cost": 53.02113888723371, "power_cost": 14.673888903808594, "noise_cost": 13.669293729927395, "n_waypoints_completed": 9, "tot_waypoints": 9}}
{"target": -189.30825342033728, "params": {"k_pid_pos": [1.1060564019702108, 0.0, 0.0], "k_pid_alt": [0.941748246533338, 0.0, 0.0], "k_pid_att": [28.80115573916064, 0.0001, 0.0], "k_pid_yaw": [0.5, 1e-06, 0.1], "k_pid_hsp": [0.2951687892914552, 0.007468039509813791, 0.0], "k_pid_vsp": [288.1165104446283, 1e-06, 15.374386053159341]}, "datetime": {"datetime": "2025-08-21 10:32:23", "elapsed": 6460.103192806244, "delta": 24.41278839111328}, "costs": {"total_cost": 189.30825342033728, "time_cost": 71.608, "final_distance_cost": 1.8254759147008155, "oscillation_cost": 31.988097464645953, "completition_cost": 0.0, "overshoot_cost": 51.589425504820476, "power_cost": 18.343283264160156, "noise_cost": 13.953971272009868, "n_waypoints_completed": 9, "tot_waypoints": 9}}
{"target": -186.64529042628894, "params": {"k_pid_pos": [1.047276375667601, 0.0, 0.0], "k_pid_alt": [0.7962678591032526, 0.003184354795017503, 0.0], "k_pid_att": [37.591689395879875, 0.3585654003985791, 0.0824873895862053], "k_pid_yaw": [0.5, 1e-06, 0.1], "k_pid_hsp": [0.29651693142147617, 0.07374210062612789, 0.0], "k_pid_vsp": [366.72516529135896, 1e-06, 6.927296510277123]}, "datetime": {"datetime": "2025-08-21 10:32:43", "elapsed": 6479.718311548233, "delta": 19.615118741989136}, "costs": {"total_cost": 186.64529042628894, "time_cost": 71.736, "final_distance_cost": 1.8334597567820785, "oscillation_cost": 33.9025623921614, "completition_cost": 0.0, "overshoot_cost": 50.823131513184315, "power_cost": 15.449377893066407, "noise_cost": 12.90075887109473, "n_waypoints_completed": 9, "tot_waypoints": 9}}
{"target": -195.5164880416014, "params": {"k_pid_pos": [0.2377948168931383, 0.31755460245149875, 0.0011861405292594718], "k_pid_alt": [0.7761828871696005, 0.00011797084701806214, 0.0], "k_pid_att": [30.35636461297336, 0.0001, 0.14195697548757388], "k_pid_yaw": [0.5, 1e-06, 0.1], "k_pid_hsp": [0.7141161494618724, 0.056586311797357826, 0.0], "k_pid_vsp": [361.57508792139987, 37.44725394186959, 22.57825458327336]}, "datetime": {"datetime": "2025-08-21 10:33:07", "elapsed": 6504.193305969238, "delta": 24.47499442100525}, "costs": {"total_cost": 195.5164880416014, "time_cost": 94.888, "final_distance_cost": 1.8059526234863552, "oscillation_cost": 28.063877997656324, "completition_cost": 0.0, "overshoot_cost": 52.52724833629258, "power_cost": 8.874136291503907, "noise_cost": 9.357272792662245, "n_waypoints_completed": 9, "tot_waypoints": 9}}
{"target": -190.21290440237615, "params": {"k_pid_pos": [1.1982451332186672, 0.38604498215642313, 0.05504029248656382], "k_pid_alt": [0.8947597390416506, 0.0, 0.0069004614648483925], "k_pid_att": [24.35256334855616, 0.0001, 0.0], "k_pid_yaw": [0.5, 1e-06, 0.1], "k_pid_hsp": [0.666162826593608, 0.02523255265198602, 0.0], "k_pid_vsp": [381.5199817880275, 91.03916720399576, 38.34605539260087]}, "datetime": {"datetime": "2025-08-21 10:33:31", "elapsed": 6527.46609210968, "delta": 23.272786140441895}, "costs": {"total_cost": 190.21290440237615, "time_cost": 74.616, "final_distance_cost": 1.7332587929598633, "oscillation_cost": 38.55423932206129, "completition_cost": 0.0, "overshoot_cost": 50.47072528217307, "power_cost": 13.829827270507813, "noise_cost": 11.00885373467413, "n_waypoints_completed": 9, "tot_waypoints": 9}}
{"target": -176.4726682782548, "params": {"k_pid_pos": [1.412299153878122, 0.0, 0.031097433351139514], "k_pid_alt": [0.8990586074061142, 0.0, 0.01468002046110782], "k_pid_att": [31.232362114783182, 0.0001, 0.16780500849375107], "k_pid_yaw": [0.5, 1e-06, 0.1], "k_pid_hsp": [0.45408627463364426, 0.022192640026066017, 0.0], "k_pid_vsp": [374.64935143107107, 89.81237634562154, 1e-06]}, "datetime": {"datetime": "2025-08-21 10:33:50", "elapsed": 6546.677952528, "delta": 19.211860418319702}, "costs": {"total_cost": 176.4726682782548, "time_cost": 70.016, "final_distance_cost": 1.7927460917768083, "oscillation_cost": 32.87165490922559, "completition_cost": 0.0, "overshoot_cost": 49.80273992717213, "power_cost": 11.333818701171875, "noise_cost": 10.65570864890839, "n_waypoints_completed": 9, "tot_waypoints": 9}}
{"target": -192.19348145986797, "params": {"k_pid_pos": [0.9509559572069758, 0.0, 0.0], "k_pid_alt": [0.8365352282516325, 0.0, 0.0], "k_pid_att": [38.985450567104046, 0.0001, 0.14688527019378478], "k_pid_yaw": [0.5, 1e-06, 0.1], "k_pid_hsp": [0.23395454627309759, 0.0, 0.0], "k_pid_vsp": [354.7433709430622, 17.461952100721824, 27.377306802594912]}, "datetime": {"datetime": "2025-08-21 10:34:08", "elapsed": 6564.852608680725, "delta": 18.17465615272522}, "costs": {"total_cost": 192.19348145986797, "time_cost": 71.24, "final_distance_cost": 1.8348806311876762, "oscillation_cost": 29.62165009100696, "completition_cost": 0.0, "overshoot_cost": 50.64599674918217, "power_cost": 22.461582080078127, "noise_cost": 16.389371908413047, "n_waypoints_completed": 9, "tot_waypoints": 9}}
{"target": -180.44101397771658, "params": {"k_pid_pos": [1.117125450065765, 0.0, 0.0], "k_pid_alt": [0.7568182828866794, 0.0, 0.0], "k_pid_att": [29.982960002577922, 0.0001, 0.1766954063318013], "k_pid_yaw": [0.5, 1e-06, 0.1], "k_pid_hsp": [0.5282090966678948, 0.08411698746682233, 0.0], "k_pid_vsp": [330.5046783749532, 30.529141243118374, 14.67337630817251]}, "datetime": {"datetime": "2025-08-21 10:34:32", "elapsed": 6588.631417989731, "delta": 23.778809309005737}, "costs": {"total_cost": 180.44101397771658, "time_cost": 71.008, "final_distance_cost": 1.825011504636716, "oscillation_cost": 33.09956879886268, "completition_cost": 0.0, "overshoot_cost": 50.266991833858945, "power_cost": 13.18808572998047, "noise_cost": 11.05335611037779, "n_waypoints_completed": 9, "tot_waypoints": 9}}
{"target": -1191.6500736225307, "params": {"k_pid_pos": [1.1331147535516144, 0.0, 0.0], "k_pid_alt": [0.7776736260851274, 0.0, 0.0], "k_pid_att": [25.437028289283738, 0.0001, 0.5982785425269048], "k_pid_yaw": [0.5, 1e-06, 0.1], "k_pid_hsp": [0.0001, 0.06331395678013757, 0.0], "k_pid_vsp": [377.5691669445207, 1e-06, 9.581737924339608]}, "datetime": {"datetime": "2025-08-21 10:34:59", "elapsed": 6615.732009649277, "delta": 27.1005916595459}, "costs": {"total_cost": 1191.6500736225307, "time_cost": 150, "final_distance_cost": 96.18236893515315, "oscillation_cost": 43.73035254784441, "completition_cost": 777.7777777777778, "overshoot_cost": 87.42986432049898, "power_cost": 20.594578039550782, "noise_cost": 15.935132001705503, "n_waypoints_completed": 2, "tot_waypoints": 9}}
{"target": -225.4679043262431, "params": {"k_pid_pos": [1.572941402948276, 0.0, 0.0], "k_pid_alt": [0.92434005157586, 0.01265287368314481, 0.05411489777297565], "k_pid_att": [29.945790778017738, 0.0001, 0.19563909570788807], "k_pid_yaw": [0.5, 1e-06, 0.1], "k_pid_hsp": [0.23658056047710854, 0.18086703250022354, 0.034858776833109305], "k_pid_vsp": [356.69252318940534, 40.38565119499907, 2.0872052994544106]}, "datetime": {"datetime": "2025-08-21 10:35:20", "elapsed": 6636.454060316086, "delta": 20.722050666809082}, "costs": {"total_cost": 225.4679043262431, "time_cost": 73.19200000000001, "final_distance_cost": 1.754936684108735, "oscillation_cost": 69.1678132084003, "completition_cost": 0.0, "overshoot_cost": 51.712579642726666, "power_cost": 16.361318566894532, "noise_cost": 13.27925622411282, "n_waypoints_completed": 9, "tot_waypoints": 9}}
{"target": -191.11095890787468, "params": {"k_pid_pos": [0.9027836709766838, 0.0, 0.1550805731690138], "k_pid_alt": [0.820941214492662, 0.0, 0.0], "k_pid_att": [27.93157978874113, 0.3692409968954096, 0.1059065667362068], "k_pid_yaw": [0.5, 1e-06, 0.1], "k_pid_hsp": [1.0525907569186388, 0.0, 0.0], "k_pid_vsp": [387.05610821060066, 36.38732122303937, 13.741964703637276]}, "datetime": {"datetime": "2025-08-21 10:35:42", "elapsed": 6659.176822423935, "delta": 22.72276210784912}, "costs": {"total_cost": 191.11095890787468, "time_cost": 74.224, "final_distance_cost": 1.8488687371322383, "oscillation_cost": 33.00306434129085, "completition_cost": 0.0, "overshoot_cost": 50.804689389975806, "power_cost": 17.162033044433596, "noise_cost": 14.068303395042191, "n_waypoints_completed": 9, "tot_waypoints": 9}}
{"target": -9191.98583312804, "params": {"k_pid_pos": [1.4446604513424228, 0.0, 0.0], "k_pid_alt": [0.8774821650841592, 0.037544465562136725, 0.0], "k_pid_att": [0.0, 0.8110212824833213, 0.0], "k_pid_yaw": [0.5, 1e-06, 0.1], "k_pid_hsp": [0.0001, 0.010991101968397084, 0.06069425318629039], "k_pid_vsp": [400.0, 36.849398210811195, 0.8343165804972159]}, "datetime": {"datetime": "2025-08-21 10:36:08", "elapsed": 6684.44761300087, "delta": 25.270790576934814}, "costs": {"total_cost": 9191.98583312804, "time_cost": 150, "final_distance_cost": 2235.5937348662524, "oscillation_cost": 1586.461955188592, "completition_cost": 1000.0, "overshoot_cost": 4091.8339395566404, "power_cost": 35.90661108398438, "noise_cost": 92.18959243256879, "n_waypoints_completed": 0, "tot_waypoints": 9}}
{"target": -220.21432157728518, "params": {"k_pid_pos": [1.2329350139101898, 0.0, 0.0], "k_pid_alt": [0.6914984079780488, 0.0, 0.0], "k_pid_att": [22.73870655820946, 0.0001, 0.0], "k_pid_yaw": [0.5, 1e-06, 0.1], "k_pid_hsp": [0.1244971349113288, 0.043788459365125446, 0.0], "k_pid_vsp": [400.0, 1e-06, 15.496753048081764]}, "datetime": {"datetime": "2025-08-21 10:36:33", "elapsed": 6710.136820554733, "delta": 25.689207553863525}, "costs": {"total_cost": 220.21432157728518, "time_cost": 83.976, "final_distance_cost": 1.784215077089805, "oscillation_cost": 39.15348451180616, "completition_cost": 0.0, "overshoot_cost": 55.16710712774237, "power_cost": 23.487843029785157, "noise_cost": 16.64567183086168, "n_waypoints_completed": 9, "tot_waypoints": 9}}
{"target": -2725.499669608439, "params": {"k_pid_pos": [1.1609472440525601, 0.0, 0.3426537418566624], "k_pid_alt": [1.1304534649636424, 0.0837796776253314, 0.0], "k_pid_att": [0.3780949668506324, 3.518797833694802, 0.2325802349838092], "k_pid_yaw": [0.5, 1e-06, 0.1], "k_pid_hsp": [2.025854552485106, 0.5047720968959071, 0.8269258346881918], "k_pid_vsp": [355.2122664873938, 400.0, 135.0072215067534]}, "datetime": {"datetime": "2025-08-21 10:37:00", "elapsed": 6737.1544325351715, "delta": 27.017611980438232}, "costs": {"total_cost": 2725.499669608439, "time_cost": 150, "final_distance_cost": 195.20465377301184, "oscillation_cost": 836.4698018302753, "completition_cost": 1000.0, "overshoot_cost": 419.7133844061869, "power_cost": 34.05149704589844, "noise_cost": 90.06033255306625, "n_waypoints_completed": 0, "tot_waypoints": 9}}
{"target": -194.4070589506676, "params": {"k_pid_pos": [0.351125454818087, 0.0, 0.0], "k_pid_alt": [0.8433314579991642, 0.0, 0.0], "k_pid_att": [54.664074019008204, 0.0001, 0.057168753916667536], "k_pid_yaw": [0.5, 1e-06, 0.1], "k_pid_hsp": [0.7739404371405972, 0.02765298056248608, 0.0], "k_pid_vsp": [381.0555612039541, 42.73572267596842, 22.37491182090068]}, "datetime": {"datetime": "2025-08-21 10:37:27", "elapsed": 6764.367062091827, "delta": 27.212629556655884}, "costs": {"total_cost": 194.4070589506676, "time_cost": 94.408, "final_distance_cost": 1.8563256631095542, "oscillation_cost": 27.07169107750544, "completition_cost": 0.0, "overshoot_cost": 53.81693338537141, "power_cost": 8.119611279296876, "noise_cost": 9.13449754538432, "n_waypoints_completed": 9, "tot_waypoints": 9}}
{"target": -178.6968822701465, "params": {"k_pid_pos": [1.189415102792253, 0.0, 0.0], "k_pid_alt": [0.7913783250524745, 0.0, 0.0], "k_pid_att": [37.67450164102076, 0.0001, 0.36567577392469786], "k_pid_yaw": [0.5, 1e-06, 0.1], "k_pid_hsp": [0.4470755520613744, 0.0, 0.0], "k_pid_vsp": [322.6572831130359, 31.237974503469104, 11.429975671244195]}, "datetime": {"datetime": "2025-08-21 10:37:47", "elapsed": 6784.190596580505, "delta": 19.82353448867798}, "costs": {"total_cost": 178.6968822701465, "time_cost": 71.47200000000001, "final_distance_cost": 1.8112385162854685, "oscillation_cost": 31.004817533523095, "completition_cost": 0.0, "overshoot_cost": 50.868226560000565, "power_cost": 12.81789794921875, "noise_cost": 10.72270171111862, "n_waypoints_completed": 9, "tot_waypoints": 9}}
{"target": -1446.454790191566, "params": {"k_pid_pos": [1.8766074013832725, 0.0, 0.0], "k_pid_alt": [1.0767293491655168, 0.009630191491525247, 0.36766865988547215], "k_pid_att": [9.093445229551527, 4.790985917444998, 0.14326148831177016], "k_pid_yaw": [0.5, 1e-06, 0.1], "k_pid_hsp": [1.2323482199180928, 0.20130901443371363, 0.7224312505889977], "k_pid_vsp": [321.1891806788301, 89.18926050885145, 379.1653038994566]}, "datetime": {"datetime": "2025-08-21 10:38:13", "elapsed": 6810.408316850662, "delta": 26.21772027015686}, "costs": {"total_cost": 1446.454790191566, "time_cost": 150, "final_distance_cost": 84.7920990495322, "oscillation_cost": 338.40217065321923, "completition_cost": 777.7777777777778, "overshoot_cost": 56.241869189365936, "power_cost": 21.60885416259766, "noise_cost": 17.63201935907328, "n_waypoints_completed": 2, "tot_waypoints": 9}}
{"target": -190.3418276732101, "params": {"k_pid_pos": [0.8602268860925861, 0.0, 0.0], "k_pid_alt": [0.8692926070901423, 0.0, 0.0], "k_pid_att": [40.76951534785261, 0.0001, 0.0], "k_pid_yaw": [0.5, 1e-06, 0.1], "k_pid_hsp": [0.3614698973709187, 0.07548831316092207, 0.0], "k_pid_vsp": [394.0077146792122, 32.856722966859216, 16.255770367362377]}, "datetime": {"datetime": "2025-08-21 10:38:38", "elapsed": 6835.1926300525665, "delta": 24.784313201904297}, "costs": {"total_cost": 190.3418276732101, "time_cost": 71.376, "final_distance_cost": 1.8456547807943455, "oscillation_cost": 36.70219927557717, "completition_cost": 0.0, "overshoot_cost": 49.58613037794495, "power_cost": 17.138331665039065, "noise_cost": 13.69351157385459, "n_waypoints_completed": 9, "tot_waypoints": 9}}
