{"target": -183.46999051126423, "params": {"k_pid_pos": [1.4598378081148964, 0.0, 0.11324783967360837], "k_pid_alt": [1.1952417137506794, 0.0, 0.001922615075726753], "k_pid_att": [20.585488860017172, 0.0001, 0.6455309286794444], "k_pid_yaw": [0.5, 1e-06, 0.1], "k_pid_hsp": [0.13613954904900555, 0.0023019820664368076, 0.0], "k_pid_vsp": [400.0, 26.422246264805484, 10.606809867612396]}, "datetime": {"datetime": "2025-08-21 19:30:03", "elapsed": 38720.27129435539, "delta": 18.136425733566284}, "costs": {"total_cost": 183.46999051126423, "time_cost": 72.048, "final_distance_cost": 1.7991271613265225, "oscillation_cost": 29.99939198946502, "completition_cost": 0.0, "overshoot_cost": 52.27385126050138, "power_cost": 15.099391284179688, "noise_cost": 12.25022881579162, "n_waypoints_completed": 9, "tot_waypoints": 9}}
{"target": -171.18325333307104, "params": {"k_pid_pos": [1.1159085694513065, 0.0, 0.11340593490680222], "k_pid_alt": [1.2044369846040335, 0.0, 0.01591303503308511], "k_pid_att": [20.95630083245937, 0.0001, 0.6368791920785756], "k_pid_yaw": [0.5, 1e-06, 0.1], "k_pid_hsp": [0.11631573090175534, 0.0035407212739282305, 0.0], "k_pid_vsp": [400.0, 43.15377742325418, 17.273846469233124]}, "datetime": {"datetime": "2025-08-21 19:30:19", "elapsed": 38736.13911795616, "delta": 15.867823600769043}, "costs": {"total_cost": 171.18325333307104, "time_cost": 70.792, "final_distance_cost": 1.813656435177433, "oscillation_cost": 27.898063094779708, "completition_cost": 0.0, "overshoot_cost": 51.1730075316909, "power_cost": 10.650200024414064, "noise_cost": 8.856326247008935, "n_waypoints_completed": 9, "tot_waypoints": 9}}
{"target": -187.9037813714678, "params": {"k_pid_pos": [1.1344381349776465, 0.0, 0.044769726669986215], "k_pid_alt": [1.1474849596297467, 0.0, 0.0], "k_pid_att": [15.60478612029291, 0.0001, 0.2753736796876094], "k_pid_yaw": [0.5, 1e-06, 0.1], "k_pid_hsp": [0.2028575900936988, 0.00038395736785031193, 0.0], "k_pid_vsp": [400.0, 43.478123193947255, 17.506489389772824]}, "datetime": {"datetime": "2025-08-21 19:30:37", "elapsed": 38754.207560777664, "delta": 18.068442821502686}, "costs": {"total_cost": 187.9037813714678, "time_cost": 71.256, "final_distance_cost": 1.7953404815929568, "oscillation_cost": 28.743072740708914, "completition_cost": 0.0, "overshoot_cost": 51.76944846264435, "power_cost": 19.733456298828127, "noise_cost": 14.606463387693458, "n_waypoints_completed": 9, "tot_waypoints": 9}}
{"target": -182.2419146898503, "params": {"k_pid_pos": [1.1558051905898339, 0.0, 0.1382302953153372], "k_pid_alt": [1.1886213579974416, 0.0, 0.016419072358333862], "k_pid_att": [15.478429668916322, 0.0001, 0.6176482233129964], "k_pid_yaw": [0.5, 1e-06, 0.1], "k_pid_hsp": [0.10020310292423813, 0.003411497448641668, 0.0], "k_pid_vsp": [400.0, 42.77886048034161, 18.484590904416756]}, "datetime": {"datetime": "2025-08-21 19:30:53", "elapsed": 38770.39963078499, "delta": 16.19207000732422}, "costs": {"total_cost": 182.2419146898503, "time_cost": 71.584, "final_distance_cost": 1.7683301505991937, "oscillation_cost": 27.186778956805565, "completition_cost": 0.0, "overshoot_cost": 51.848830358381065, "power_cost": 17.068289721679687, "noise_cost": 12.78568550238475, "n_waypoints_completed": 9, "tot_waypoints": 9}}
{"target": -171.6502183704308, "params": {"k_pid_pos": [1.123315733358058, 0.0, 0.12966099493040356], "k_pid_alt": [1.1872805226715593, 0.0, 0.015743859305247417], "k_pid_att": [15.27706670346519, 0.0001, 0.6359166288422416], "k_pid_yaw": [0.5, 1e-06, 0.1], "k_pid_hsp": [0.1304874256482779, 0.00021701555386303452, 0.0], "k_pid_vsp": [400.0, 47.27291934928113, 18.103944433814885]}, "datetime": {"datetime": "2025-08-21 19:31:11", "elapsed": 38787.667305231094, "delta": 17.267674446105957}, "costs": {"total_cost": 171.6502183704308, "time_cost": 70.264, "final_distance_cost": 1.8032018876334948, "oscillation_cost": 27.441715979925256, "completition_cost": 0.0, "overshoot_cost": 51.20789507091061, "power_cost": 11.295664282226562, "noise_cost": 9.637741149734856, "n_waypoints_completed": 9, "tot_waypoints": 9}}
{"target": -182.3013458234358, "params": {"k_pid_pos": [1.1222373605112463, 0.0, 0.12069437183122007], "k_pid_alt": [1.1624070198805259, 0.0, 0.015827355724015873], "k_pid_att": [13.062467426484144, 0.0001, 0.6295742129397542], "k_pid_yaw": [0.5, 1e-06, 0.1], "k_pid_hsp": [0.11662846471236507, 0.00463273134652146, 0.0], "k_pid_vsp": [399.98402354689796, 26.30039419799698, 18.360263616045856]}, "datetime": {"datetime": "2025-08-21 19:31:27", "elapsed": 38803.87299537659, "delta": 16.205690145492554}, "costs": {"total_cost": 182.3013458234358, "time_cost": 71.312, "final_distance_cost": 1.8037875441711766, "oscillation_cost": 27.40974264961657, "completition_cost": 0.0, "overshoot_cost": 52.028525727215545, "power_cost": 16.775617114257813, "noise_cost": 12.971672788174704, "n_waypoints_completed": 9, "tot_waypoints": 9}}
{"target": -176.0528685302839, "params": {"k_pid_pos": [1.1243789944231264, 0.0, 0.13877289469663745], "k_pid_alt": [1.18541616744666, 0.0, 0.015931983413933655], "k_pid_att": [15.295804202805416, 0.0001, 0.636703511301493], "k_pid_yaw": [0.5, 1e-06, 0.1], "k_pid_hsp": [0.12774619907763052, 0.0036134588190943405, 0.0], "k_pid_vsp": [400.0, 43.94572337538739, 17.754083691094436]}, "datetime": {"datetime": "2025-08-21 19:31:44", "elapsed": 38821.33960604668, "delta": 17.46661067008972}, "costs": {"total_cost": 176.0528685302839, "time_cost": 70.44, "final_distance_cost": 1.8124949776035655, "oscillation_cost": 27.66896672558316, "completition_cost": 0.0, "overshoot_cost": 51.05350265310484, "power_cost": 13.690824584960938, "noise_cost": 11.38707958903138, "n_waypoints_completed": 9, "tot_waypoints": 9}}
{"target": -219.47472636895424, "params": {"k_pid_pos": [1.1781036816416812, 0.0, 0.21496584711957178], "k_pid_alt": [1.0465273750055006, 0.0, 0.004077207560366851], "k_pid_att": [17.694105375496235, 0.0001, 0.571795649879463], "k_pid_yaw": [0.5, 1e-06, 0.1], "k_pid_hsp": [0.0358656985432374, 0.0, 0.0], "k_pid_vsp": [374.1192822126604, 35.94991579196664, 17.40954803977241]}, "datetime": {"datetime": "2025-08-21 19:32:07", "elapsed": 38843.45164132118, "delta": 22.112035274505615}, "costs": {"total_cost": 219.47472636895424, "time_cost": 89.70400000000001, "final_distance_cost": 1.763347450067168, "oscillation_cost": 18.506635166395977, "completition_cost": 0.0, "overshoot_cost": 60.106205227881055, "power_cost": 28.31677458496094, "noise_cost": 21.077763939649078, "n_waypoints_completed": 9, "tot_waypoints": 9}}
{"target": -181.25298624798694, "params": {"k_pid_pos": [1.1270849385327653, 0.0, 0.13681810591429897], "k_pid_alt": [1.0971146669014071, 0.0, 0.008725706825782956], "k_pid_att": [30.798214330025484, 0.0001, 0.6417539487269289], "k_pid_yaw": [0.5, 1e-06, 0.1], "k_pid_hsp": [0.10634181716840702, 0.0033789368342592315, 0.0], "k_pid_vsp": [400.0, 44.94616599918501, 17.184550491517346]}, "datetime": {"datetime": "2025-08-21 19:32:23", "elapsed": 38859.83441948891, "delta": 16.38277816772461}, "costs": {"total_cost": 181.25298624798694, "time_cost": 72.384, "final_distance_cost": 1.7691031094315346, "oscillation_cost": 26.876448117547074, "completition_cost": 0.0, "overshoot_cost": 52.109054157417745, "power_cost": 15.583134277343751, "noise_cost": 12.531246586246818, "n_waypoints_completed": 9, "tot_waypoints": 9}}
{"target": -171.25332488884712, "params": {"k_pid_pos": [1.1199370533612278, 0.0, 0.16372939186151125], "k_pid_alt": [1.6137560497733863, 0.0, 0.015744175018328397], "k_pid_att": [15.396744350149868, 0.0001, 0.6417127325621459], "k_pid_yaw": [0.5, 1e-06, 0.1], "k_pid_hsp": [0.272866012683874, 0.0025298614817844006, 0.0], "k_pid_vsp": [399.3893441813431, 35.28603380433302, 19.524049756749136]}, "datetime": {"datetime": "2025-08-21 19:32:41", "elapsed": 38878.173748254776, "delta": 18.33932876586914}, "costs": {"total_cost": 171.25332488884712, "time_cost": 69.592, "final_distance_cost": 1.830431773811301, "oscillation_cost": 29.321433163747788, "completition_cost": 0.0, "overshoot_cost": 50.24777656223113, "power_cost": 10.523957873535156, "noise_cost": 9.737725515521753, "n_waypoints_completed": 9, "tot_waypoints": 9}}
{"target": -168.16562399971838, "params": {"k_pid_pos": [1.1189863608285122, 0.0, 0.13093311677369301], "k_pid_alt": [1.2458747425751437, 0.0, 0.004181226599684644], "k_pid_att": [19.40457415929216, 0.0001, 0.9153646008866021], "k_pid_yaw": [0.5, 1e-06, 0.1], "k_pid_hsp": [0.3202679786632254, 0.003147325652785601, 0.0], "k_pid_vsp": [400.0, 38.44871545149627, 18.262177042702]}, "datetime": {"datetime": "2025-08-21 19:32:57", "elapsed": 38893.84195804596, "delta": 15.668209791183472}, "costs": {"total_cost": 168.16562399971838, "time_cost": 70.592, "final_distance_cost": 1.8424993829013194, "oscillation_cost": 30.40414798680023, "completition_cost": 0.0, "overshoot_cost": 51.098835959769005, "power_cost": 6.603262658691406, "noise_cost": 7.624878011556414, "n_waypoints_completed": 9, "tot_waypoints": 9}}
{"target": -180.0270627184312, "params": {"k_pid_pos": [1.1286074161043365, 0.03987253191912066, 0.13806586966112383], "k_pid_alt": [1.189177217834573, 0.0, 0.020526801089532164], "k_pid_att": [17.98004086827926, 0.059867636726882334, 0.6357580911153967], "k_pid_yaw": [0.5, 1e-06, 0.1], "k_pid_hsp": [0.26933852014630566, 0.0032905644457456285, 0.0], "k_pid_vsp": [368.11579065641274, 42.08419291898657, 17.392079055326008]}, "datetime": {"datetime": "2025-08-21 19:33:15", "elapsed": 38911.69496202469, "delta": 17.853003978729248}, "costs": {"total_cost": 180.0270627184312, "time_cost": 70.60000000000001, "final_distance_cost": 1.8314999434281565, "oscillation_cost": 29.02795829477898, "completition_cost": 0.0, "overshoot_cost": 51.11756566571301, "power_cost": 15.255793762207032, "noise_cost": 12.19424505230404, "n_waypoints_completed": 9, "tot_waypoints": 9}}
{"target": -187.10659032151722, "params": {"k_pid_pos": [1.2724125251984477, 0.0, 0.0], "k_pid_alt": [1.1829828866195118, 0.0, 0.00025099832598643804], "k_pid_att": [15.538843811869397, 0.0001, 0.6377506278270725], "k_pid_yaw": [0.5, 1e-06, 0.1], "k_pid_hsp": [0.1268284037039616, 0.003219940429176093, 0.0], "k_pid_vsp": [400.0, 51.74132126921017, 19.42886147519973]}, "datetime": {"datetime": "2025-08-21 19:33:32", "elapsed": 38928.5472369194, "delta": 16.852274894714355}, "costs": {"total_cost": 187.10659032151722, "time_cost": 70.928, "final_distance_cost": 1.755800954033566, "oscillation_cost": 29.831031175621764, "completition_cost": 0.0, "overshoot_cost": 51.58871194285051, "power_cost": 19.01916915283203, "noise_cost": 13.98387709617936, "n_waypoints_completed": 9, "tot_waypoints": 9}}
{"target": -183.25798690136335, "params": {"k_pid_pos": [1.6989749594570807, 8.802313814157932e-05, 0.16179762428286815], "k_pid_alt": [1.033109376537753, 0.0, 0.015793344394266905], "k_pid_att": [15.776312740665356, 0.0001, 0.6127336957397885], "k_pid_yaw": [0.5, 1e-06, 0.1], "k_pid_hsp": [0.0956032398328386, 0.0032659532557787353, 0.0], "k_pid_vsp": [392.3552583452197, 30.241842915890167, 17.61171171457147]}, "datetime": {"datetime": "2025-08-21 19:33:48", "elapsed": 38945.197175979614, "delta": 16.64993906021118}, "costs": {"total_cost": 183.25798690136335, "time_cost": 71.328, "final_distance_cost": 1.7289013158242186, "oscillation_cost": 30.495347255112918, "completition_cost": 0.0, "overshoot_cost": 51.95393597195424, "power_cost": 15.385109997558594, "noise_cost": 12.366692360913369, "n_waypoints_completed": 9, "tot_waypoints": 9}}
{"target": -182.4556637379231, "params": {"k_pid_pos": [1.124872446573045, 0.0, 0.17664081318040578], "k_pid_alt": [1.1802843862602082, 0.0, 0.006403490963704796], "k_pid_att": [15.193571496468511, 0.0001, 0.6409134298946493], "k_pid_yaw": [0.5, 1e-06, 0.1], "k_pid_hsp": [0.14410409854294257, 0.0037396477732392613, 0.0], "k_pid_vsp": [400.0, 48.160541561451176, 15.905566806406991]}, "datetime": {"datetime": "2025-08-21 19:34:05", "elapsed": 38961.8287396431, "delta": 16.631563663482666}, "costs": {"total_cost": 182.4556637379231, "time_cost": 70.104, "final_distance_cost": 1.8286320547167065, "oscillation_cost": 28.07558348790516, "completition_cost": 0.0, "overshoot_cost": 50.70990106102782, "power_cost": 17.779660412597657, "noise_cost": 13.957886721675736, "n_waypoints_completed": 9, "tot_waypoints": 9}}
{"target": -196.22174952688277, "params": {"k_pid_pos": [1.114614958526463, 0.0, 0.09989570336307613], "k_pid_alt": [1.2924345613845836, 0.0, 0.014589797603371374], "k_pid_att": [15.098895244582266, 0.01292652835517923, 0.6397453584073164], "k_pid_yaw": [0.5, 1e-06, 0.1], "k_pid_hsp": [0.4634623279476382, 0.0031139985091984375, 0.0], "k_pid_vsp": [400.0, 43.05303844532289, 16.548317689627897]}, "datetime": {"datetime": "2025-08-21 19:34:21", "elapsed": 38977.61160111427, "delta": 15.782861471176147}, "costs": {"total_cost": 196.22174952688277, "time_cost": 71.912, "final_distance_cost": 1.8325616415633672, "oscillation_cost": 30.24091418097835, "completition_cost": 0.0, "overshoot_cost": 51.97080135439757, "power_cost": 23.304230395507815, "noise_cost": 16.961241954435653, "n_waypoints_completed": 9, "tot_waypoints": 9}}
{"target": -174.48433712253615, "params": {"k_pid_pos": [1.2843198195244505, 0.0, 0.10009679381847299], "k_pid_alt": [1.3571289156690547, 0.0, 0.016360275275755953], "k_pid_att": [15.527662143771307, 0.0001, 0.6341143246692178], "k_pid_yaw": [0.5, 1e-06, 0.1], "k_pid_hsp": [0.12900524310762218, 0.0029459483242457417, 0.0], "k_pid_vsp": [400.0, 45.097078129782744, 16.45146881594919]}, "datetime": {"datetime": "2025-08-21 19:34:38", "elapsed": 38995.28114128113, "delta": 17.66954016685486}, "costs": {"total_cost": 174.48433712253615, "time_cost": 69.83200000000001, "final_distance_cost": 1.8050870868183568, "oscillation_cost": 29.420270456855647, "completition_cost": 0.0, "overshoot_cost": 51.27180138800821, "power_cost": 11.934494555664063, "noise_cost": 10.220683635189847, "n_waypoints_completed": 9, "tot_waypoints": 9}}
{"target": -1216.5906822483091, "params": {"k_pid_pos": [1.1966410105672363, 0.0, 0.13363835094366658], "k_pid_alt": [1.1870278621293349, 0.0, 0.013704306668118392], "k_pid_att": [0.0, 0.0001, 0.6257515164243517], "k_pid_yaw": [0.5, 1e-06, 0.1], "k_pid_hsp": [0.16006666359833638, 0.003248407010872713, 0.0], "k_pid_vsp": [400.0, 23.36332247440729, 17.51822784656573]}, "datetime": {"datetime": "2025-08-21 19:35:01", "elapsed": 39017.735527038574, "delta": 22.45438575744629}, "costs": {"total_cost": 1216.5906822483091, "time_cost": 150, "final_distance_cost": 45.20982803331655, "oscillation_cost": 0.9639480009376592, "completition_cost": 1000.0, "overshoot_cost": 12.321448349113668, "power_cost": 2.9739654418945314, "noise_cost": 5.121492423046624, "n_waypoints_completed": 0, "tot_waypoints": 9}}
{"target": -179.8253872790975, "params": {"k_pid_pos": [1.1306844169706014, 0.0, 0.13335144175007146], "k_pid_alt": [1.198982332901037, 0.0, 0.015217293278669468], "k_pid_att": [17.00462709396936, 0.0001, 0.5179054085850835], "k_pid_yaw": [0.5, 1e-06, 0.1], "k_pid_hsp": [0.09352539034668617, 0.00025452380574143754, 0.0], "k_pid_vsp": [400.0, 39.66004504950029, 17.93608074260349]}, "datetime": {"datetime": "2025-08-21 19:35:19", "elapsed": 39035.5539188385, "delta": 17.818391799926758}, "costs": {"total_cost": 179.8253872790975, "time_cost": 71.608, "final_distance_cost": 1.803819386419022, "oscillation_cost": 26.498298885488687, "completition_cost": 0.0, "overshoot_cost": 51.83680457537651, "power_cost": 15.650301379394532, "noise_cost": 12.428163052418732, "n_waypoints_completed": 9, "tot_waypoints": 9}}
{"target": -180.5441777226788, "params": {"k_pid_pos": [1.0753576807294472, 0.0, 0.13939516544070316], "k_pid_alt": [1.1667142095020655, 0.0, 0.016604299286135896], "k_pid_att": [27.233140679942558, 0.0001, 0.6264333615195575], "k_pid_yaw": [0.5, 1e-06, 0.1], "k_pid_hsp": [0.25661123575655875, 0.003517628007956031, 0.0], "k_pid_vsp": [400.0, 53.4485341290835, 18.083332916506272]}, "datetime": {"datetime": "2025-08-21 19:35:35", "elapsed": 39051.52666425705, "delta": 15.972745418548584}, "costs": {"total_cost": 180.5441777226788, "time_cost": 70.2, "final_distance_cost": 1.8273649370876879, "oscillation_cost": 29.779426365441747, "completition_cost": 0.0, "overshoot_cost": 50.80011634422409, "power_cost": 15.991065051269532, "noise_cost": 11.946205024655722, "n_waypoints_completed": 9, "tot_waypoints": 9}}
{"target": -172.54308761922834, "params": {"k_pid_pos": [1.1211966196909733, 0.0, 0.13784173187253815], "k_pid_alt": [1.0885085980179532, 0.0, 0.017474900776661622], "k_pid_att": [9.364474122466543, 0.0001, 0.6187774675205215], "k_pid_yaw": [0.5, 1e-06, 0.1], "k_pid_hsp": [0.11921482749628629, 0.003354710928067621, 0.0], "k_pid_vsp": [400.0, 1.1056319376933423, 16.155264759543105]}, "datetime": {"datetime": "2025-08-21 19:35:53", "elapsed": 39069.462377786636, "delta": 17.935713529586792}, "costs": {"total_cost": 172.54308761922834, "time_cost": 71.456, "final_distance_cost": 1.794531723526414, "oscillation_cost": 27.190652258799506, "completition_cost": 0.0, "overshoot_cost": 51.689328614217224, "power_cost": 10.828280383300783, "noise_cost": 9.584294639384414, "n_waypoints_completed": 9, "tot_waypoints": 9}}
{"target": -171.93683896940723, "params": {"k_pid_pos": [1.1395912759551257, 0.0, 0.13970397106627058], "k_pid_alt": [1.174233782982714, 0.0, 0.004601363927317961], "k_pid_att": [17.410876039413736, 0.0001, 0.6241614067429937], "k_pid_yaw": [0.5, 1e-06, 0.1], "k_pid_hsp": [0.11816285678444069, 0.001557223420208283, 0.0], "k_pid_vsp": [400.0, 28.71292092335458, 17.468900960279925]}, "datetime": {"datetime": "2025-08-21 19:36:09", "elapsed": 39085.43987822533, "delta": 15.977500438690186}, "costs": {"total_cost": 171.93683896940723, "time_cost": 70.696, "final_distance_cost": 1.7897044577920584, "oscillation_cost": 27.727492486647687, "completition_cost": 0.0, "overshoot_cost": 51.256072423932395, "power_cost": 10.73362196044922, "noise_cost": 9.733947640585889, "n_waypoints_completed": 9, "tot_waypoints": 9}}
{"target": -180.37852880079265, "params": {"k_pid_pos": [1.121172057318842, 0.0, 0.13490990439895625], "k_pid_alt": [1.1956420089922843, 0.0, 0.007781690798345097], "k_pid_att": [15.18096496301068, 0.0001, 0.6251390108324929], "k_pid_yaw": [0.5, 1e-06, 0.1], "k_pid_hsp": [0.12729743595207146, 0.003906322498366835, 0.0], "k_pid_vsp": [400.0, 70.142948336166, 17.52705312581921]}, "datetime": {"datetime": "2025-08-21 19:36:26", "elapsed": 39103.07842206955, "delta": 17.638543844223022}, "costs": {"total_cost": 180.37852880079265, "time_cost": 70.76, "final_distance_cost": 1.8222011106522575, "oscillation_cost": 27.504117309038, "completition_cost": 0.0, "overshoot_cost": 51.25511263019618, "power_cost": 16.505904125976564, "noise_cost": 12.531193624929628, "n_waypoints_completed": 9, "tot_waypoints": 9}}
{"target": -173.94581131469542, "params": {"k_pid_pos": [1.1127688570158358, 0.0, 0.12177575598316223], "k_pid_alt": [1.22567320906436, 0.0, 0.0163573981597098], "k_pid_att": [10.990945002780698, 0.0001, 0.6306741618776659], "k_pid_yaw": [0.5, 1e-06, 0.1], "k_pid_hsp": [0.1365558113167337, 0.003957270924465659, 0.0], "k_pid_vsp": [400.0, 42.04093680550177, 21.653715624680157]}, "datetime": {"datetime": "2025-08-21 19:36:43", "elapsed": 39119.6454846859, "delta": 16.567062616348267}, "costs": {"total_cost": 173.94581131469542, "time_cost": 70.888, "final_distance_cost": 1.8180083122180477, "oscillation_cost": 27.69889335448716, "completition_cost": 0.0, "overshoot_cost": 52.05404327255379, "power_cost": 11.456788842773438, "noise_cost": 10.030077532662968, "n_waypoints_completed": 9, "tot_waypoints": 9}}
{"target": -174.5104928869903, "params": {"k_pid_pos": [1.112909917936342, 0.0, 0.1239910821496268], "k_pid_alt": [0.8469685011743868, 0.0, 0.01510017336276483], "k_pid_att": [18.019923036641543, 0.0001, 0.4146211815491814], "k_pid_yaw": [0.5, 1e-06, 0.1], "k_pid_hsp": [0.21454084200349316, 0.014351449562470553, 0.0], "k_pid_vsp": [399.9337416769112, 40.19797478011791, 30.068592690613663]}, "datetime": {"datetime": "2025-08-21 19:37:00", "elapsed": 39137.31645154953, "delta": 17.670966863632202}, "costs": {"total_cost": 174.5104928869903, "time_cost": 70.104, "final_distance_cost": 1.8161641555399584, "oscillation_cost": 29.528182645603756, "completition_cost": 0.0, "overshoot_cost": 49.86447872519713, "power_cost": 12.71496131591797, "noise_cost": 10.482706044731488, "n_waypoints_completed": 9, "tot_waypoints": 9}}
{"target": -189.6789953627923, "params": {"k_pid_pos": [1.2243717223630366, 0.0, 0.13812506483343567], "k_pid_alt": [0.9114563522738887, 0.0, 0.012807930645158795], "k_pid_att": [12.677984740172656, 0.0001, 0.57121181890661], "k_pid_yaw": [0.5, 1e-06, 0.1], "k_pid_hsp": [0.36777815656229074, 0.00211507266315008, 0.0], "k_pid_vsp": [394.01376407842207, 46.39910583521227, 19.597645374931837]}, "datetime": {"datetime": "2025-08-21 19:37:16", "elapsed": 39153.42047405243, "delta": 16.10402250289917}, "costs": {"total_cost": 189.6789953627923, "time_cost": 70.70400000000001, "final_distance_cost": 1.8194765559595165, "oscillation_cost": 30.423646494844963, "completition_cost": 0.0, "overshoot_cost": 50.883369388986424, "power_cost": 20.617347119140625, "noise_cost": 15.231155803860792, "n_waypoints_completed": 9, "tot_waypoints": 9}}
