{"target": -193.5741225550837, "params": {"k_pid_pos": [1.1256292511477002, 0.0, 0.0], "k_pid_alt": [1.2210214304203013, 0.0, 0.013400366164791308], "k_pid_att": [15.29220681241329, 0.0001, 0.6352213889849845], "k_pid_yaw": [0.5, 1e-06, 0.1], "k_pid_hsp": [0.13806297353915967, 0.004143664922715937, 0.0], "k_pid_vsp": [387.89865971196554, 14.758155549699694, 15.880643270621093]}, "datetime": {"datetime": "2025-08-21 18:06:16", "elapsed": 33693.2275454998, "delta": 18.079410314559937}, "costs": {"total_cost": 193.5741225550837, "time_cost": 72.544, "final_distance_cost": 1.762146298450769, "oscillation_cost": 30.30398034408663, "completition_cost": 0.0, "overshoot_cost": 52.05497688584894, "power_cost": 21.10262703857422, "noise_cost": 15.806391988123139, "n_waypoints_completed": 9, "tot_waypoints": 9}}
{"target": -173.72675009013398, "params": {"k_pid_pos": [1.111681341797839, 0.0, 0.12899515716915258], "k_pid_alt": [1.0023188694528007, 0.0, 0.015166292663390282], "k_pid_att": [15.054261577984041, 0.0018185310012512855, 0.6375355305992649], "k_pid_yaw": [0.5, 1e-06, 0.1], "k_pid_hsp": [0.4054042726839737, 0.00322397745537931, 0.0], "k_pid_vsp": [400.0, 43.11217667135417, 18.165769716480852]}, "datetime": {"datetime": "2025-08-21 18:06:32", "elapsed": 33709.2670776844, "delta": 16.03953218460083}, "costs": {"total_cost": 173.72675009013398, "time_cost": 70.296, "final_distance_cost": 1.8321721346930546, "oscillation_cost": 30.530612960176278, "completition_cost": 0.0, "overshoot_cost": 50.18693391443434, "power_cost": 11.256841906738282, "noise_cost": 9.624189174091995, "n_waypoints_completed": 9, "tot_waypoints": 9}}
{"target": -178.3025935694589, "params": {"k_pid_pos": [1.130134913838923, 0.0, 0.1341713668489929], "k_pid_alt": [1.2555691571175385, 0.0, 0.016737415467307462], "k_pid_att": [15.231287310187346, 0.0001, 0.6328019332863891], "k_pid_yaw": [0.5, 1e-06, 0.1], "k_pid_hsp": [0.12517929621400017, 0.0035198342291594023, 0.0], "k_pid_vsp": [400.0, 52.77806894421708, 22.753081035978703]}, "datetime": {"datetime": "2025-08-21 18:06:50", "elapsed": 33727.24939918518, "delta": 17.9823215007782}, "costs": {"total_cost": 178.3025935694589, "time_cost": 71.432, "final_distance_cost": 1.7958899519279086, "oscillation_cost": 27.32831488567109, "completition_cost": 0.0, "overshoot_cost": 51.75298874426289, "power_cost": 14.174707971191406, "noise_cost": 11.818692016405603, "n_waypoints_completed": 9, "tot_waypoints": 9}}
{"target": -177.67422914325948, "params": {"k_pid_pos": [1.0953263035026548, 0.0, 0.13017650842537787], "k_pid_alt": [1.194076951177712, 0.0, 0.015919325518562153], "k_pid_att": [8.090070015347077, 0.0001, 0.6399865169613557], "k_pid_yaw": [0.5, 1e-06, 0.1], "k_pid_hsp": [0.21401401451733215, 0.0005966752761413885, 0.0], "k_pid_vsp": [400.0, 53.875102620021906, 16.68217622247975]}, "datetime": {"datetime": "2025-08-21 18:07:06", "elapsed": 33743.21549129486, "delta": 15.966092109680176}, "costs": {"total_cost": 177.67422914325948, "time_cost": 70.88, "final_distance_cost": 1.8175706685354045, "oscillation_cost": 28.267460897453525, "completition_cost": 0.0, "overshoot_cost": 51.59446486480936, "power_cost": 13.883400903320313, "noise_cost": 11.231331809140881, "n_waypoints_completed": 9, "tot_waypoints": 9}}
{"target": -187.79358520220424, "params": {"k_pid_pos": [1.1353498331033804, 0.0, 0.12848253766100243], "k_pid_alt": [1.1666515927303063, 0.0, 0.014259839055934916], "k_pid_att": [16.569206551142077, 0.0001, 0.6082521904265261], "k_pid_yaw": [0.5, 1e-06, 0.1], "k_pid_hsp": [0.10512756713818316, 0.0, 0.0], "k_pid_vsp": [400.0, 44.40284656222358, 17.695322450131393]}, "datetime": {"datetime": "2025-08-21 18:07:25", "elapsed": 33761.53561258316, "delta": 18.32012128829956}, "costs": {"total_cost": 187.79358520220424, "time_cost": 71.44, "final_distance_cost": 1.8099019164821695, "oscillation_cost": 26.973913289276965, "completition_cost": 0.0, "overshoot_cost": 51.97708763729532, "power_cost": 20.517860375976564, "noise_cost": 15.074821983173221, "n_waypoints_completed": 9, "tot_waypoints": 9}}
{"target": -1245.467660393071, "params": {"k_pid_pos": [1.150848361880904, 0.0, 0.1405191839302089], "k_pid_alt": [1.1255084182105395, 0.0, 0.017276847900209905], "k_pid_att": [27.544567792169662, 0.0001, 0.612891395812971], "k_pid_yaw": [0.5, 1e-06, 0.1], "k_pid_hsp": [0.0001, 0.0033592834343740942, 0.0], "k_pid_vsp": [400.0, 58.49704437744315, 11.670430207177613]}, "datetime": {"datetime": "2025-08-21 18:07:48", "elapsed": 33784.980705976486, "delta": 23.445093393325806}, "costs": {"total_cost": 1245.467660393071, "time_cost": 150, "final_distance_cost": 53.03548555875334, "oscillation_cost": 2.6469436997295874, "completition_cost": 888.8888888888888, "overshoot_cost": 94.3487279633657, "power_cost": 33.811653515625004, "noise_cost": 22.735960766708263, "n_waypoints_completed": 1, "tot_waypoints": 9}}
{"target": -208.21164469105716, "params": {"k_pid_pos": [1.1181065443078553, 0.0, 0.1300195528188814], "k_pid_alt": [1.179547715305387, 0.0, 0.009723425996865922], "k_pid_att": [15.195880856307822, 0.0001, 0.6159535800904973], "k_pid_yaw": [0.5, 1e-06, 0.1], "k_pid_hsp": [0.08182233920822055, 0.0035122413617405487, 0.0], "k_pid_vsp": [400.0, 31.450182621131304, 16.321004428234847]}, "datetime": {"datetime": "2025-08-21 18:08:07", "elapsed": 33804.32824063301, "delta": 19.347534656524658}, "costs": {"total_cost": 208.21164469105716, "time_cost": 78.736, "final_distance_cost": 1.7859830527781544, "oscillation_cost": 27.81138007933074, "completition_cost": 0.0, "overshoot_cost": 56.320773916499185, "power_cost": 25.4573296875, "noise_cost": 18.100177954949082, "n_waypoints_completed": 9, "tot_waypoints": 9}}
{"target": -166.59775687441973, "params": {"k_pid_pos": [1.1917755882766632, 0.0, 0.14049246514982905], "k_pid_alt": [1.0036610032562754, 0.0, 0.025696748394665434], "k_pid_att": [14.0315731335197, 0.0001, 0.6341199845184555], "k_pid_yaw": [0.5, 1e-06, 0.1], "k_pid_hsp": [0.11035760237965878, 0.00010534515207250581, 0.0], "k_pid_vsp": [400.0, 30.816106469896525, 17.47354728497739]}, "datetime": {"datetime": "2025-08-21 18:08:23", "elapsed": 33820.406949043274, "delta": 16.07870841026306}, "costs": {"total_cost": 166.59775687441973, "time_cost": 71.392, "final_distance_cost": 1.8153578964015757, "oscillation_cost": 28.37657794174157, "completition_cost": 0.0, "overshoot_cost": 51.18318655632324, "power_cost": 7.298085388183594, "noise_cost": 6.5325490917697575, "n_waypoints_completed": 9, "tot_waypoints": 9}}
{"target": -184.86584960014915, "params": {"k_pid_pos": [1.1219857245540854, 0.0, 0.12270057388885192], "k_pid_alt": [1.1996395802691024, 0.0, 0.015535353156593521], "k_pid_att": [15.911754005961107, 0.0001, 0.6208881196146867], "k_pid_yaw": [0.5, 1e-06, 0.1], "k_pid_hsp": [0.1248887175087748, 0.003233286566762641, 0.0], "k_pid_vsp": [400.0, 44.46839550537412, 21.297549558672635]}, "datetime": {"datetime": "2025-08-21 18:08:41", "elapsed": 33837.56145572662, "delta": 17.15450668334961}, "costs": {"total_cost": 184.86584960014915, "time_cost": 69.848, "final_distance_cost": 1.806255918660743, "oscillation_cost": 27.782733232947557, "completition_cost": 0.0, "overshoot_cost": 50.82967842486007, "power_cost": 19.766147387695312, "noise_cost": 14.833034635985484, "n_waypoints_completed": 9, "tot_waypoints": 9}}
{"target": -173.5958759394028, "params": {"k_pid_pos": [1.1325257532217323, 0.0, 0.12794675111667494], "k_pid_alt": [1.323755845146169, 0.0, 0.015232547324202064], "k_pid_att": [19.037395815436813, 0.0001, 0.6414938663204036], "k_pid_yaw": [0.5, 1e-06, 0.1], "k_pid_hsp": [0.15067767695241036, 0.0022877532926321863, 0.0], "k_pid_vsp": [400.0, 39.974689470116104, 22.23177191158538]}, "datetime": {"datetime": "2025-08-21 18:08:57", "elapsed": 33853.59109687805, "delta": 16.029641151428223}, "costs": {"total_cost": 173.5958759394028, "time_cost": 70.688, "final_distance_cost": 1.807050918141008, "oscillation_cost": 28.224416933208566, "completition_cost": 0.0, "overshoot_cost": 51.70298750827136, "power_cost": 11.235461596679688, "noise_cost": 9.937958983102153, "n_waypoints_completed": 9, "tot_waypoints": 9}}
{"target": -177.6999488115098, "params": {"k_pid_pos": [1.1432057539949743, 0.0, 0.10729214009472554], "k_pid_alt": [1.0978570860811123, 0.0, 0.019333445591541754], "k_pid_att": [17.072234734300828, 0.0001, 0.35887561967808923], "k_pid_yaw": [0.5, 1e-06, 0.1], "k_pid_hsp": [0.25432338532459203, 0.0, 0.0], "k_pid_vsp": [400.0, 56.55693524629524, 20.21033145621582]}, "datetime": {"datetime": "2025-08-21 18:09:14", "elapsed": 33870.49642825127, "delta": 16.90533137321472}, "costs": {"total_cost": 177.6999488115098, "time_cost": 70.024, "final_distance_cost": 1.8300953702743845, "oscillation_cost": 29.49527075080162, "completition_cost": 0.0, "overshoot_cost": 51.09055789790857, "power_cost": 13.749692749023438, "noise_cost": 11.510332043501796, "n_waypoints_completed": 9, "tot_waypoints": 9}}
{"target": -1204.5317416514579, "params": {"k_pid_pos": [1.1166867528460047, 0.0, 0.13824866958523782], "k_pid_alt": [1.2501768434683367, 0.0, 0.016110615474956933], "k_pid_att": [20.67916603855218, 0.0001, 0.6157106709726322], "k_pid_yaw": [0.5, 1e-06, 0.1], "k_pid_hsp": [0.0001, 0.004469036782502222, 0.0], "k_pid_vsp": [400.0, 17.066542999193178, 19.469210929835548]}, "datetime": {"datetime": "2025-08-21 18:09:36", "elapsed": 33893.33071446419, "delta": 22.834286212921143}, "costs": {"total_cost": 1204.5317416514579, "time_cost": 150, "final_distance_cost": 59.095633658738784, "oscillation_cost": 0.6738338046108128, "completition_cost": 888.8888888888888, "overshoot_cost": 94.51142391309591, "power_cost": 4.7504898437500005, "noise_cost": 6.611471542373387, "n_waypoints_completed": 1, "tot_waypoints": 9}}
{"target": -177.83484536081488, "params": {"k_pid_pos": [1.1229542500341627, 0.0, 0.13196179735899433], "k_pid_alt": [1.1943001943972638, 0.0, 0.01734506005432716], "k_pid_att": [13.896771873862038, 0.0001, 0.6313740927948961], "k_pid_yaw": [0.5, 1e-06, 0.1], "k_pid_hsp": [0.12639921449895947, 0.003748798771933902, 0.0], "k_pid_vsp": [393.0505592857071, 35.59048336624774, 15.865922562222579]}, "datetime": {"datetime": "2025-08-21 18:09:55", "elapsed": 33911.49057650566, "delta": 18.15986204147339}, "costs": {"total_cost": 177.83484536081488, "time_cost": 71.616, "final_distance_cost": 1.7772178060911439, "oscillation_cost": 27.471769441740854, "completition_cost": 0.0, "overshoot_cost": 52.436748112005716, "power_cost": 13.257469836425782, "noise_cost": 11.275640164551383, "n_waypoints_completed": 9, "tot_waypoints": 9}}
{"target": -179.5179690423659, "params": {"k_pid_pos": [1.1280010637615716, 0.0, 0.15738193888108734], "k_pid_alt": [1.1634766724274763, 0.0, 0.023167222952955736], "k_pid_att": [14.98198183080292, 0.0001, 0.637443695788797], "k_pid_yaw": [0.5, 1e-06, 0.1], "k_pid_hsp": [0.14126388338942097, 0.003716992709426695, 0.0], "k_pid_vsp": [398.2739777597135, 27.975309131747863, 18.491580701382464]}, "datetime": {"datetime": "2025-08-21 18:10:10", "elapsed": 33927.210555553436, "delta": 15.719979047775269}, "costs": {"total_cost": 179.5179690423659, "time_cost": 70.76, "final_distance_cost": 1.820383314179739, "oscillation_cost": 27.774948744202977, "completition_cost": 0.0, "overshoot_cost": 51.02873663238718, "power_cost": 15.675777209472656, "noise_cost": 12.458123142123391, "n_waypoints_completed": 9, "tot_waypoints": 9}}
{"target": -197.56531604055618, "params": {"k_pid_pos": [1.199238399911229, 0.0, 0.05332499597549617], "k_pid_alt": [1.1802884829841296, 0.0, 0.017451578786255112], "k_pid_att": [14.446032111039214, 0.0001, 0.6411164869180772], "k_pid_yaw": [0.5, 1e-06, 0.1], "k_pid_hsp": [0.1640452300131604, 0.0013529929885140017, 0.0], "k_pid_vsp": [398.63037838176064, 11.784608704191132, 19.6199046303282]}, "datetime": {"datetime": "2025-08-21 18:10:30", "elapsed": 33947.00457406044, "delta": 19.794018507003784}, "costs": {"total_cost": 197.56531604055618, "time_cost": 73.048, "final_distance_cost": 1.8155523649919514, "oscillation_cost": 30.412053222236793, "completition_cost": 0.0, "overshoot_cost": 51.86766633917763, "power_cost": 23.46225975341797, "noise_cost": 16.95978436073181, "n_waypoints_completed": 9, "tot_waypoints": 9}}
{"target": -182.29233262891958, "params": {"k_pid_pos": [1.1564619864589598, 0.0, 0.12022410487864432], "k_pid_alt": [1.1188041203026895, 0.0, 0.017693949881861994], "k_pid_att": [17.467697727796228, 0.0001, 0.5952875119790736], "k_pid_yaw": [0.5, 1e-06, 0.1], "k_pid_hsp": [0.12281093619091704, 0.001365064595943307, 0.0], "k_pid_vsp": [400.0, 32.447864508787525, 17.27428895211041]}, "datetime": {"datetime": "2025-08-21 18:10:46", "elapsed": 33963.32633662224, "delta": 16.321762561798096}, "costs": {"total_cost": 182.29233262891958, "time_cost": 71.312, "final_distance_cost": 1.7808507548377113, "oscillation_cost": 27.582833365638145, "completition_cost": 0.0, "overshoot_cost": 51.835316677896806, "power_cost": 16.608717102050782, "noise_cost": 13.172614728496136, "n_waypoints_completed": 9, "tot_waypoints": 9}}
{"target": -183.27802831071128, "params": {"k_pid_pos": [1.3138871874711473, 0.0, 0.11351741458266437], "k_pid_alt": [1.204223544069245, 0.0, 0.007824822700752954], "k_pid_att": [24.106483591073815, 0.0001, 0.6534074808111083], "k_pid_yaw": [0.5, 1e-06, 0.1], "k_pid_hsp": [0.4960038632570012, 0.000538329315951846, 0.0], "k_pid_vsp": [399.9289451681049, 36.93620320797279, 23.363239784347822]}, "datetime": {"datetime": "2025-08-21 18:11:04", "elapsed": 33981.38510155678, "delta": 18.058764934539795}, "costs": {"total_cost": 183.27802831071128, "time_cost": 70.416, "final_distance_cost": 1.8109194510770963, "oscillation_cost": 30.919531681083615, "completition_cost": 0.0, "overshoot_cost": 50.30056947440593, "power_cost": 16.751610583496095, "noise_cost": 13.079397120648546, "n_waypoints_completed": 9, "tot_waypoints": 9}}
{"target": -162.48130254472872, "params": {"k_pid_pos": [1.1163691068379997, 0.0, 0.1248898909528032], "k_pid_alt": [1.211585031897938, 0.0, 0.01428537180796705], "k_pid_att": [21.717837480110532, 0.0001, 0.6401342226312456], "k_pid_yaw": [0.5, 1e-06, 0.1], "k_pid_hsp": [0.0873521375767923, 0.003543668346988258, 0.0], "k_pid_vsp": [400.0, 43.073626616146676, 15.099631570654951]}, "datetime": {"datetime": "2025-08-21 18:11:20", "elapsed": 33997.41533088684, "delta": 16.030229330062866}, "costs": {"total_cost": 162.48130254472872, "time_cost": 71.312, "final_distance_cost": 1.7617228280967718, "oscillation_cost": 26.455581971049916, "completition_cost": 0.0, "overshoot_cost": 51.3784492380135, "power_cost": 5.508256958007813, "noise_cost": 6.065291549560723, "n_waypoints_completed": 9, "tot_waypoints": 9}}
{"target": -172.7454372542888, "params": {"k_pid_pos": [1.0998082630919863, 0.0, 0.08500994265833944], "k_pid_alt": [1.1958958204573755, 0.0, 0.003559179084145058], "k_pid_att": [15.844971966332112, 0.0001, 0.5467015979837679], "k_pid_yaw": [0.5, 1e-06, 0.1], "k_pid_hsp": [0.1434289784096183, 0.0, 0.0], "k_pid_vsp": [400.0, 44.49787614558072, 17.09515088528835]}, "datetime": {"datetime": "2025-08-21 18:11:38", "elapsed": 34015.15173316002, "delta": 17.7364022731781}, "costs": {"total_cost": 172.7454372542888, "time_cost": 70.264, "final_distance_cost": 1.8047855016590366, "oscillation_cost": 27.85940431001825, "completition_cost": 0.0, "overshoot_cost": 51.081458277051986, "power_cost": 11.994997998046875, "noise_cost": 9.74079116751264, "n_waypoints_completed": 9, "tot_waypoints": 9}}
{"target": -182.86886433279835, "params": {"k_pid_pos": [1.1524132057767178, 0.0, 0.13618503236086635], "k_pid_alt": [1.1779129813204474, 0.0, 0.016214556423681286], "k_pid_att": [15.22290311355158, 0.0001, 0.5553478286745204], "k_pid_yaw": [0.5, 1e-06, 0.1], "k_pid_hsp": [0.207006326241408, 0.0035015027441882584, 0.0], "k_pid_vsp": [400.0, 63.67526352518892, 19.712128344750262]}, "datetime": {"datetime": "2025-08-21 18:11:55", "elapsed": 34031.466541051865, "delta": 16.314807891845703}, "costs": {"total_cost": 182.86886433279835, "time_cost": 70.592, "final_distance_cost": 1.8178357615137832, "oscillation_cost": 29.022508994064594, "completition_cost": 0.0, "overshoot_cost": 51.16606355882801, "power_cost": 17.064390832519532, "noise_cost": 13.206065185872447, "n_waypoints_completed": 9, "tot_waypoints": 9}}
{"target": -171.87024090115318, "params": {"k_pid_pos": [1.1252343600795176, 0.0, 0.12637985881972408], "k_pid_alt": [1.1076507143775582, 0.0, 0.015805357417602913], "k_pid_att": [15.342578552785158, 0.0001, 0.6373005798293324], "k_pid_yaw": [0.5, 1e-06, 0.1], "k_pid_hsp": [0.11677170850713106, 0.004480939816212885, 0.0], "k_pid_vsp": [399.96655358234784, 32.33481994925128, 16.374146701406858]}, "datetime": {"datetime": "2025-08-21 18:12:12", "elapsed": 34049.00976896286, "delta": 17.543227910995483}, "costs": {"total_cost": 171.87024090115318, "time_cost": 71.296, "final_distance_cost": 1.816386441597565, "oscillation_cost": 27.30884610882659, "completition_cost": 0.0, "overshoot_cost": 52.2249125207596, "power_cost": 9.929440844726564, "noise_cost": 9.294654985242863, "n_waypoints_completed": 9, "tot_waypoints": 9}}
{"target": -191.438687236181, "params": {"k_pid_pos": [1.1215803596639522, 0.0, 0.11626802778015748], "k_pid_alt": [1.1663580564898508, 0.0, 0.016903016970780727], "k_pid_att": [16.4555784041071, 0.0001, 0.6552495995357275], "k_pid_yaw": [0.5, 1e-06, 0.1], "k_pid_hsp": [0.16655410099826806, 0.0, 0.0], "k_pid_vsp": [397.1616821659103, 43.55553719921315, 19.743853540844544]}, "datetime": {"datetime": "2025-08-21 18:12:29", "elapsed": 34065.525713682175, "delta": 16.515944719314575}, "costs": {"total_cost": 191.438687236181, "time_cost": 71.888, "final_distance_cost": 1.7996238778557272, "oscillation_cost": 28.650412931582665, "completition_cost": 0.0, "overshoot_cost": 51.71069945452511, "power_cost": 21.435159033203124, "noise_cost": 15.954791939014367, "n_waypoints_completed": 9, "tot_waypoints": 9}}
{"target": -180.9316719831108, "params": {"k_pid_pos": [1.125053217249914, 0.0, 0.13879764637943204], "k_pid_alt": [1.1471909463476218, 0.0, 0.01591470667946127], "k_pid_att": [15.352820989458728, 0.0001, 0.6368580303827808], "k_pid_yaw": [0.5, 1e-06, 0.1], "k_pid_hsp": [0.1278056774466341, 0.0033015220232670748, 0.0], "k_pid_vsp": [400.0, 43.87019558629727, 17.894821444998758]}, "datetime": {"datetime": "2025-08-21 18:12:46", "elapsed": 34082.64457440376, "delta": 17.118860721588135}, "costs": {"total_cost": 180.9316719831108, "time_cost": 70.176, "final_distance_cost": 1.8183401449172951, "oscillation_cost": 27.84434020040202, "completition_cost": 0.0, "overshoot_cost": 51.22191454625657, "power_cost": 17.37552108154297, "noise_cost": 12.495556009991969, "n_waypoints_completed": 9, "tot_waypoints": 9}}
{"target": -179.06786710721755, "params": {"k_pid_pos": [1.1960644045062332, 0.0, 0.04434848409673927], "k_pid_alt": [1.156750494595017, 0.0, 0.004487495266968525], "k_pid_att": [41.0455935752735, 0.0001, 0.11855295724313528], "k_pid_yaw": [0.5, 1e-06, 0.1], "k_pid_hsp": [0.23608042244571248, 0.015692557749286008, 0.0], "k_pid_vsp": [397.3008323601076, 39.75611335269047, 30.395024041916653]}, "datetime": {"datetime": "2025-08-21 18:13:02", "elapsed": 34098.694157123566, "delta": 16.049582719802856}, "costs": {"total_cost": 179.06786710721755, "time_cost": 70.128, "final_distance_cost": 1.8059912323671377, "oscillation_cost": 32.206621782734736, "completition_cost": 0.0, "overshoot_cost": 50.71033422057504, "power_cost": 13.41387391357422, "noise_cost": 10.80304595796641, "n_waypoints_completed": 9, "tot_waypoints": 9}}
{"target": -191.56091316479316, "params": {"k_pid_pos": [1.1313777961671, 0.0, 0.13666660534715622], "k_pid_alt": [1.1385546957302302, 0.0, 0.012257475282201755], "k_pid_att": [25.170313249666076, 0.0001, 0.5950603580660226], "k_pid_yaw": [0.5, 1e-06, 0.1], "k_pid_hsp": [0.36422328743851173, 0.0035153966980429443, 0.0], "k_pid_vsp": [400.0, 37.58710039173705, 17.173324925780456]}, "datetime": {"datetime": "2025-08-21 18:13:19", "elapsed": 34116.42925977707, "delta": 17.735102653503418}, "costs": {"total_cost": 191.56091316479316, "time_cost": 71.096, "final_distance_cost": 1.8417280590472518, "oscillation_cost": 29.69080179977036, "completition_cost": 0.0, "overshoot_cost": 51.21003985421352, "power_cost": 21.631436389160157, "noise_cost": 16.09090706260186, "n_waypoints_completed": 9, "tot_waypoints": 9}}
{"target": -179.3709547633595, "params": {"k_pid_pos": [1.1196912666710461, 0.0, 0.17142127278455854], "k_pid_alt": [1.2493197231417075, 0.0, 0.015805161411822605], "k_pid_att": [15.883583652873607, 0.0001, 0.5792638721449095], "k_pid_yaw": [0.5, 1e-06, 0.1], "k_pid_hsp": [0.12960710396223105, 0.003992216791231027, 0.0], "k_pid_vsp": [400.0, 50.960455809816935, 16.52536643717578]}, "datetime": {"datetime": "2025-08-21 18:13:35", "elapsed": 34132.34876823425, "delta": 15.919508457183838}, "costs": {"total_cost": 179.3709547633595, "time_cost": 70.416, "final_distance_cost": 1.8068379297580326, "oscillation_cost": 27.36999251065609, "completition_cost": 0.0, "overshoot_cost": 50.85413533620425, "power_cost": 16.074325769042968, "noise_cost": 12.849663217698172, "n_waypoints_completed": 9, "tot_waypoints": 9}}
