{"target": -177.0798532565039, "params": {"k_pid_pos": [1.2217683201375427, 0.0, 0.12643903342659993], "k_pid_alt": [1.4008017658628544, 0.0, 0.015937655486647866], "k_pid_att": [15.472537758303709, 0.0001, 0.6339465339867623], "k_pid_yaw": [0.5, 1e-06, 0.1], "k_pid_hsp": [0.12156104173896347, 0.0028419658487763293, 0.0], "k_pid_vsp": [394.2834754384817, 55.20067764508191, 20.84008093022429]}, "datetime": {"datetime": "2025-08-21 18:59:46", "elapsed": 36903.25396490097, "delta": 18.737889051437378}, "costs": {"total_cost": 177.0798532565039, "time_cost": 71.04, "final_distance_cost": 1.810363574021398, "oscillation_cost": 27.900635891087493, "completition_cost": 0.0, "overshoot_cost": 51.68690645985432, "power_cost": 13.3978423828125, "noise_cost": 11.24410494872815, "n_waypoints_completed": 9, "tot_waypoints": 9}}
{"target": -196.38807816095257, "params": {"k_pid_pos": [1.2532178455211984, 0.0, 0.13626763790044552], "k_pid_alt": [1.1847369178065985, 0.0, 0.011123944838745297], "k_pid_att": [0.26250474012360314, 0.0001, 0.6455483146488743], "k_pid_yaw": [0.5, 1e-06, 0.1], "k_pid_hsp": [0.16215810413187623, 0.004586866968973624, 0.0], "k_pid_vsp": [400.0, 13.87048826054515, 17.938763039238488]}, "datetime": {"datetime": "2025-08-21 19:00:05", "elapsed": 36921.935423612595, "delta": 18.681458711624146}, "costs": {"total_cost": 196.38807816095257, "time_cost": 79.688, "final_distance_cost": 1.8004071972494797, "oscillation_cost": 20.09528319135799, "completition_cost": 0.0, "overshoot_cost": 63.86755305721616, "power_cost": 16.802320849609377, "noise_cost": 14.13451386551954, "n_waypoints_completed": 9, "tot_waypoints": 9}}
{"target": -185.54943031797202, "params": {"k_pid_pos": [1.1277749869703044, 0.0, 0.13782983123891293], "k_pid_alt": [1.222573027160972, 0.0, 0.014047754520637917], "k_pid_att": [15.377547885878723, 0.0001, 0.5978155779318688], "k_pid_yaw": [0.5, 1e-06, 0.1], "k_pid_hsp": [0.1161240238778068, 0.0010808014890009955, 0.0], "k_pid_vsp": [400.0, 28.918808784750404, 18.078921651307716]}, "datetime": {"datetime": "2025-08-21 19:00:23", "elapsed": 36939.98972916603, "delta": 18.05430555343628}, "costs": {"total_cost": 185.54943031797202, "time_cost": 71.68, "final_distance_cost": 1.8052560776722588, "oscillation_cost": 26.832297186518435, "completition_cost": 0.0, "overshoot_cost": 52.480216913351654, "power_cost": 18.953922290039063, "noise_cost": 13.797737850390595, "n_waypoints_completed": 9, "tot_waypoints": 9}}
{"target": -181.30214872942005, "params": {"k_pid_pos": [1.1005015209868836, 0.0, 0.1391755746221477], "k_pid_alt": [1.206456653776546, 0.0, 0.01670957808055594], "k_pid_att": [20.80310966540407, 0.0001, 0.6167360863885618], "k_pid_yaw": [0.5, 1e-06, 0.1], "k_pid_hsp": [0.23121938393007946, 0.00342403375778127, 0.0], "k_pid_vsp": [400.0, 55.82169460356081, 16.359763888570562]}, "datetime": {"datetime": "2025-08-21 19:00:39", "elapsed": 36956.16821599007, "delta": 16.178486824035645}, "costs": {"total_cost": 181.30214872942005, "time_cost": 70.392, "final_distance_cost": 1.8214836702653068, "oscillation_cost": 28.771529184429497, "completition_cost": 0.0, "overshoot_cost": 51.40906994720902, "power_cost": 16.220472509765624, "noise_cost": 12.687593417750612, "n_waypoints_completed": 9, "tot_waypoints": 9}}
{"target": -190.92291036477235, "params": {"k_pid_pos": [1.120300653510912, 0.0, 0.13199029844475815], "k_pid_alt": [1.1379283590216294, 0.0, 0.02448246561841657], "k_pid_att": [8.670916014982073, 0.0001, 0.6279579547980451], "k_pid_yaw": [0.5, 1e-06, 0.1], "k_pid_hsp": [0.12181358786252217, 0.003400025727567014, 0.0], "k_pid_vsp": [400.0, 22.05062218746247, 15.726037327924693]}, "datetime": {"datetime": "2025-08-21 19:00:57", "elapsed": 36973.976815223694, "delta": 17.80859923362732}, "costs": {"total_cost": 190.92291036477235, "time_cost": 71.672, "final_distance_cost": 1.8056491045429592, "oscillation_cost": 27.597942735672557, "completition_cost": 0.0, "overshoot_cost": 52.31968930463439, "power_cost": 21.121762524414063, "noise_cost": 16.405866695508376, "n_waypoints_completed": 9, "tot_waypoints": 9}}
{"target": -173.63957571281878, "params": {"k_pid_pos": [1.0997529067922371, 0.0, 0.1390253546815186], "k_pid_alt": [1.1706798477960045, 0.0, 0.0024209140282681688], "k_pid_att": [17.033011924297348, 0.0001, 0.6274560201046332], "k_pid_yaw": [0.5, 1e-06, 0.1], "k_pid_hsp": [0.09345755546878615, 0.0033489426628993562, 0.0], "k_pid_vsp": [400.0, 29.96866516835737, 17.535987191658972]}, "datetime": {"datetime": "2025-08-21 19:01:13", "elapsed": 36990.11412811279, "delta": 16.13731288909912}, "costs": {"total_cost": 173.63957571281878, "time_cost": 71.248, "final_distance_cost": 1.760818128619713, "oscillation_cost": 26.691085132614372, "completition_cost": 0.0, "overshoot_cost": 52.01493594078906, "power_cost": 11.820445629882814, "noise_cost": 10.10429088091283, "n_waypoints_completed": 9, "tot_waypoints": 9}}
{"target": -174.51916810879146, "params": {"k_pid_pos": [1.1149160709125336, 0.0, 0.09887032025420814], "k_pid_alt": [1.2064229657555465, 0.0, 0.013247777181348855], "k_pid_att": [15.177617566436188, 0.0001, 0.6268119066215425], "k_pid_yaw": [0.5, 1e-06, 0.1], "k_pid_hsp": [0.12715370039271917, 0.003878900845104829, 0.0], "k_pid_vsp": [400.0, 57.824819173454344, 18.540143803008363]}, "datetime": {"datetime": "2025-08-21 19:01:31", "elapsed": 37007.84597110748, "delta": 17.73184299468994}, "costs": {"total_cost": 174.51916810879146, "time_cost": 69.928, "final_distance_cost": 1.793655442620822, "oscillation_cost": 28.02860072606061, "completition_cost": 0.0, "overshoot_cost": 50.61125435336598, "power_cost": 13.04448154296875, "noise_cost": 11.113176043775292, "n_waypoints_completed": 9, "tot_waypoints": 9}}
{"target": -169.91966243133209, "params": {"k_pid_pos": [1.1219883277158005, 0.0, 0.12283990350680705], "k_pid_alt": [1.2061120481885748, 0.0, 0.016122138882008766], "k_pid_att": [15.343931514702032, 0.0001, 0.6327430786354131], "k_pid_yaw": [0.5, 1e-06, 0.1], "k_pid_hsp": [0.1319868057802942, 0.003433098757452495, 0.0], "k_pid_vsp": [400.0, 24.0063082419658, 20.338005524674728]}, "datetime": {"datetime": "2025-08-21 19:01:48", "elapsed": 37025.14149475098, "delta": 17.295523643493652}, "costs": {"total_cost": 169.91966243133209, "time_cost": 70.44, "final_distance_cost": 1.8229632357602132, "oscillation_cost": 27.925121942153638, "completition_cost": 0.0, "overshoot_cost": 51.63782639234097, "power_cost": 9.6188423828125, "noise_cost": 8.474908478264789, "n_waypoints_completed": 9, "tot_waypoints": 9}}
{"target": -188.09683899542364, "params": {"k_pid_pos": [1.1577907334626716, 0.0, 0.1264978900043225], "k_pid_alt": [0.8440134315802417, 0.0, 0.015089636680938892], "k_pid_att": [16.8832201021795, 0.0001, 0.496294095941476], "k_pid_yaw": [0.5, 1e-06, 0.1], "k_pid_hsp": [0.08014229576319859, 0.010719474699206453, 0.0], "k_pid_vsp": [399.78035389284963, 36.60634679321869, 16.775295123176605]}, "datetime": {"datetime": "2025-08-21 19:02:05", "elapsed": 37042.04792714119, "delta": 16.906432390213013}, "costs": {"total_cost": 188.09683899542364, "time_cost": 74.496, "final_distance_cost": 1.7542134960054059, "oscillation_cost": 28.514656969260972, "completition_cost": 0.0, "overshoot_cost": 52.15254510553368, "power_cost": 18.039253723144533, "noise_cost": 13.140169701479055, "n_waypoints_completed": 9, "tot_waypoints": 9}}
{"target": -1204.0501207726552, "params": {"k_pid_pos": [1.1670112297784738, 0.0, 0.13737251885558294], "k_pid_alt": [0.7650712526956189, 0.0, 0.00890267351687563], "k_pid_att": [14.396553454824762, 0.0001, 0.5722141177717195], "k_pid_yaw": [0.5, 1e-06, 0.1], "k_pid_hsp": [0.0001, 0.002398237824146578, 0.0], "k_pid_vsp": [400.0, 45.79928896728986, 13.69078633740814]}, "datetime": {"datetime": "2025-08-21 19:02:30", "elapsed": 37067.07722210884, "delta": 25.029294967651367}, "costs": {"total_cost": 1204.0501207726552, "time_cost": 150, "final_distance_cost": 63.568225384388214, "oscillation_cost": 0.31490658204634925, "completition_cost": 888.8888888888888, "overshoot_cost": 92.93595668682894, "power_cost": 3.0882900024414064, "noise_cost": 5.253853228061671, "n_waypoints_completed": 1, "tot_waypoints": 9}}
{"target": -167.0447250476704, "params": {"k_pid_pos": [1.1246262166067833, 0.0, 0.1388928737417147], "k_pid_alt": [1.2530854156519675, 0.0, 0.01543897877306568], "k_pid_att": [14.504992221829653, 0.0001, 0.6331772794910543], "k_pid_yaw": [0.5, 1e-06, 0.1], "k_pid_hsp": [0.12675313577967157, 0.0031361534053327765, 0.0], "k_pid_vsp": [396.7008603474803, 27.629074562790468, 16.224869850457136]}, "datetime": {"datetime": "2025-08-21 19:02:46", "elapsed": 37082.9267449379, "delta": 15.849522829055786}, "costs": {"total_cost": 167.0447250476704, "time_cost": 71.144, "final_distance_cost": 1.8118899818893663, "oscillation_cost": 27.272414618042983, "completition_cost": 0.0, "overshoot_cost": 51.98824355415432, "power_cost": 7.569621508789063, "noise_cost": 7.258555384794634, "n_waypoints_completed": 9, "tot_waypoints": 9}}
{"target": -180.01223356724674, "params": {"k_pid_pos": [1.126720174728211, 0.0, 0.14653237334434002], "k_pid_alt": [1.2344250649297535, 0.0, 0.010669850312848419], "k_pid_att": [14.061784715455648, 0.0001, 0.6335099323345832], "k_pid_yaw": [0.5, 1e-06, 0.1], "k_pid_hsp": [0.12913562071654527, 0.004135587070610053, 0.0], "k_pid_vsp": [395.19547094625335, 27.78359979272053, 18.092084064767054]}, "datetime": {"datetime": "2025-08-21 19:03:05", "elapsed": 37101.4812669754, "delta": 18.554522037506104}, "costs": {"total_cost": 180.01223356724674, "time_cost": 70.44, "final_distance_cost": 1.7885340681050501, "oscillation_cost": 27.715191389278484, "completition_cost": 0.0, "overshoot_cost": 51.65027745934353, "power_cost": 15.804020080566406, "noise_cost": 12.614210569953276, "n_waypoints_completed": 9, "tot_waypoints": 9}}
{"target": -662.7788930385466, "params": {"k_pid_pos": [1.1498842682361294, 0.0, 0.2612933525855968], "k_pid_alt": [1.4116676342759267, 0.0, 0.007687537317035031], "k_pid_att": [26.107774279886417, 0.0001, 0.6746193890633368], "k_pid_yaw": [0.5, 1e-06, 0.1], "k_pid_hsp": [0.02281364233098715, 0.0038874226829616835, 0.0], "k_pid_vsp": [397.7741688287789, 7.791778816151634, 29.629785443931183]}, "datetime": {"datetime": "2025-08-21 19:03:28", "elapsed": 37124.522169828415, "delta": 23.040902853012085}, "costs": {"total_cost": 662.7788930385466, "time_cost": 150, "final_distance_cost": 73.02712481808466, "oscillation_cost": 12.823375663206194, "completition_cost": 333.33333333333337, "overshoot_cost": 49.52264540539487, "power_cost": 26.38489482421875, "noise_cost": 17.68751899430871, "n_waypoints_completed": 6, "tot_waypoints": 9}}
{"target": -179.19740033027634, "params": {"k_pid_pos": [1.1302174338965163, 0.0, 0.2291591945442771], "k_pid_alt": [1.2309989979366938, 0.0, 0.014133136837278239], "k_pid_att": [19.057870048362364, 0.0001, 0.6486555171190312], "k_pid_yaw": [0.5, 1e-06, 0.1], "k_pid_hsp": [0.10541730833515796, 0.0023798607098601296, 0.0], "k_pid_vsp": [400.0, 42.05602085353952, 16.027340065797702]}, "datetime": {"datetime": "2025-08-21 19:03:46", "elapsed": 37142.5104238987, "delta": 17.988254070281982}, "costs": {"total_cost": 179.19740033027634, "time_cost": 70.952, "final_distance_cost": 1.7925704524018322, "oscillation_cost": 27.12008591062351, "completition_cost": 0.0, "overshoot_cost": 51.518614897269835, "power_cost": 15.977353137207032, "noise_cost": 11.836775932774154, "n_waypoints_completed": 9, "tot_waypoints": 9}}
{"target": -177.95703653570575, "params": {"k_pid_pos": [1.2715869508118396, 0.0, 0.06181782275184747], "k_pid_alt": [1.177564824427388, 0.0, 0.000909994997912977], "k_pid_att": [12.04858346420696, 0.0001, 0.6314596340747504], "k_pid_yaw": [0.5, 1e-06, 0.1], "k_pid_hsp": [0.20600126275955444, 0.003069908135821485, 0.0], "k_pid_vsp": [399.81596445851153, 43.163707579422294, 49.22993332048148]}, "datetime": {"datetime": "2025-08-21 19:04:02", "elapsed": 37159.26772785187, "delta": 16.757303953170776}, "costs": {"total_cost": 177.95703653570575, "time_cost": 72.256, "final_distance_cost": 1.7774226104491229, "oscillation_cost": 30.20588124912358, "completition_cost": 0.0, "overshoot_cost": 53.07919374483947, "power_cost": 10.750509191894531, "noise_cost": 9.888029739399029, "n_waypoints_completed": 9, "tot_waypoints": 9}}
{"target": -176.00424358970668, "params": {"k_pid_pos": [1.1198959763758654, 0.0, 0.14259141026998806], "k_pid_alt": [1.186847064080035, 0.0, 0.014506163075698759], "k_pid_att": [20.729823183916498, 0.0001, 0.639625183603134], "k_pid_yaw": [0.5, 1e-06, 0.1], "k_pid_hsp": [0.08136478748949161, 0.0033561697863309153, 0.0], "k_pid_vsp": [400.0, 44.38014961457161, 14.868258646381067]}, "datetime": {"datetime": "2025-08-21 19:04:19", "elapsed": 37176.4256336689, "delta": 17.15790581703186}, "costs": {"total_cost": 176.00424358970668, "time_cost": 71.568, "final_distance_cost": 1.7659034912194196, "oscillation_cost": 26.233156935017035, "completition_cost": 0.0, "overshoot_cost": 51.38122802389634, "power_cost": 13.630751477050781, "noise_cost": 11.425203662523101, "n_waypoints_completed": 9, "tot_waypoints": 9}}
{"target": -168.8690694547995, "params": {"k_pid_pos": [1.1188385401260876, 0.0, 0.1463855427190591], "k_pid_alt": [1.1711591507913903, 0.0, 0.010825850501608648], "k_pid_att": [14.865586798453425, 0.0001, 0.4110572487259446], "k_pid_yaw": [0.5, 1e-06, 0.1], "k_pid_hsp": [0.21195857956778963, 0.0019787931207351146, 0.0], "k_pid_vsp": [400.0, 40.42215908695628, 17.80696440833855]}, "datetime": {"datetime": "2025-08-21 19:04:37", "elapsed": 37193.46393966675, "delta": 17.03830599784851}, "costs": {"total_cost": 168.8690694547995, "time_cost": 70.656, "final_distance_cost": 1.83909904895851, "oscillation_cost": 28.66966801802986, "completition_cost": 0.0, "overshoot_cost": 50.98199032031398, "power_cost": 8.368592895507813, "noise_cost": 8.353719171989297, "n_waypoints_completed": 9, "tot_waypoints": 9}}
{"target": -169.71772206695678, "params": {"k_pid_pos": [1.1042791789730038, 0.0, 0.13668510378135973], "k_pid_alt": [1.1925271014308982, 0.0, 0.016305812040654944], "k_pid_att": [14.574526745306907, 0.0001, 0.6343114362136163], "k_pid_yaw": [0.5, 1e-06, 0.1], "k_pid_hsp": [0.19615144556584965, 0.0033958376039841137, 0.0], "k_pid_vsp": [400.0, 26.033407437871368, 19.413812995293014]}, "datetime": {"datetime": "2025-08-21 19:04:53", "elapsed": 37209.63054084778, "delta": 16.166601181030273}, "costs": {"total_cost": 169.71772206695678, "time_cost": 70.352, "final_distance_cost": 1.8139716077040262, "oscillation_cost": 28.72835204459426, "completition_cost": 0.0, "overshoot_cost": 50.817997524462164, "power_cost": 9.675467504882812, "noise_cost": 8.329933385313518, "n_waypoints_completed": 9, "tot_waypoints": 9}}
{"target": -172.84300776275654, "params": {"k_pid_pos": [1.1272183081661358, 0.0, 0.138790051499649], "k_pid_alt": [1.177464313591788, 0.0, 0.016622974527250527], "k_pid_att": [16.519310388740116, 0.0001, 0.6337407311342445], "k_pid_yaw": [0.5, 1e-06, 0.1], "k_pid_hsp": [0.1183258682651104, 0.007345596659864887, 0.0], "k_pid_vsp": [399.9635108404871, 40.465384120332935, 15.07156478168863]}, "datetime": {"datetime": "2025-08-21 19:05:11", "elapsed": 37227.691952228546, "delta": 18.061411380767822}, "costs": {"total_cost": 172.84300776275654, "time_cost": 71.04, "final_distance_cost": 1.7961904287030983, "oscillation_cost": 27.962397406608005, "completition_cost": 0.0, "overshoot_cost": 51.94031530085414, "power_cost": 10.322697045898439, "noise_cost": 9.78140758069284, "n_waypoints_completed": 9, "tot_waypoints": 9}}
{"target": -188.2904232953008, "params": {"k_pid_pos": [1.1170967793877686, 0.0, 0.11896967645747505], "k_pid_alt": [1.5590845620497966, 0.0, 0.015831194174167534], "k_pid_att": [13.171945487882834, 0.0001, 0.6554598083827259], "k_pid_yaw": [0.5, 1e-06, 0.1], "k_pid_hsp": [0.17206770465203208, 0.005550009308202056, 0.0], "k_pid_vsp": [399.23778843071943, 49.97801013855015, 17.230240212187727]}, "datetime": {"datetime": "2025-08-21 19:05:27", "elapsed": 37244.12092542648, "delta": 16.42897319793701}, "costs": {"total_cost": 188.2904232953008, "time_cost": 70.664, "final_distance_cost": 1.805089610722117, "oscillation_cost": 28.53768656265992, "completition_cost": 0.0, "overshoot_cost": 51.09370696451195, "power_cost": 20.851951135253906, "noise_cost": 15.337989022152902, "n_waypoints_completed": 9, "tot_waypoints": 9}}
{"target": -176.99483683034381, "params": {"k_pid_pos": [1.1240541758465257, 0.0, 0.13880827994737377], "k_pid_alt": [1.1659084257591574, 0.0, 0.015935526784419167], "k_pid_att": [15.297047997205862, 0.0001, 0.6367213067994828], "k_pid_yaw": [0.5, 1e-06, 0.1], "k_pid_hsp": [0.12772914101299654, 0.0037768877201503678, 0.0], "k_pid_vsp": [400.0, 43.91994980605411, 16.943560293009373]}, "datetime": {"datetime": "2025-08-21 19:05:45", "elapsed": 37262.14649653435, "delta": 18.02557110786438}, "costs": {"total_cost": 176.99483683034381, "time_cost": 71.048, "final_distance_cost": 1.7900196399194694, "oscillation_cost": 27.520303828891738, "completition_cost": 0.0, "overshoot_cost": 51.3371663527757, "power_cost": 13.848842663574219, "noise_cost": 11.450504345182681, "n_waypoints_completed": 9, "tot_waypoints": 9}}
{"target": -1248.8499508964524, "params": {"k_pid_pos": [1.128080560654644, 0.0, 0.018707803326601033], "k_pid_alt": [0.9976820318677179, 0.0, 0.007570601291940293], "k_pid_att": [4.755851522739867, 0.0001, 0.5681794542278014], "k_pid_yaw": [0.5, 1e-06, 0.1], "k_pid_hsp": [0.0001, 0.011616201427610226, 0.0], "k_pid_vsp": [400.0, 44.51697602281472, 23.60635364315127]}, "datetime": {"datetime": "2025-08-21 19:06:09", "elapsed": 37285.85889983177, "delta": 23.712403297424316}, "costs": {"total_cost": 1248.8499508964524, "time_cost": 150, "final_distance_cost": 58.010897919853555, "oscillation_cost": 3.1907545370466828, "completition_cost": 888.8888888888888, "overshoot_cost": 88.71915428305991, "power_cost": 36.46321737060547, "noise_cost": 23.577037896998064, "n_waypoints_completed": 1, "tot_waypoints": 9}}
{"target": -177.50463536528085, "params": {"k_pid_pos": [1.1217399896412243, 0.0, 0.13900609670535813], "k_pid_alt": [1.203874274677297, 0.0, 0.00710016125260347], "k_pid_att": [22.46766984306165, 0.0001, 0.5604956758078392], "k_pid_yaw": [0.5, 1e-06, 0.1], "k_pid_hsp": [0.3069994018704823, 0.0033700210117971036, 0.0], "k_pid_vsp": [400.0, 32.578825647555284, 17.98802102016122]}, "datetime": {"datetime": "2025-08-21 19:06:26", "elapsed": 37302.62449455261, "delta": 16.765594720840454}, "costs": {"total_cost": 177.50463536528085, "time_cost": 70.92, "final_distance_cost": 1.8301870616419424, "oscillation_cost": 29.49862440942994, "completition_cost": 0.0, "overshoot_cost": 51.65412643632336, "power_cost": 12.61214189453125, "noise_cost": 10.989555563354381, "n_waypoints_completed": 9, "tot_waypoints": 9}}
{"target": -183.65849112797235, "params": {"k_pid_pos": [1.1234682009091783, 0.0, 0.13801839184420134], "k_pid_alt": [1.3655715220450761, 0.0, 0.016596515711140243], "k_pid_att": [15.528269545518462, 0.0001, 0.8533812730447073], "k_pid_yaw": [0.5, 1e-06, 0.1], "k_pid_hsp": [0.3529566740457875, 0.0019722037200006265, 0.0], "k_pid_vsp": [399.7072588018175, 6.949152151125297, 13.80324822769201]}, "datetime": {"datetime": "2025-08-21 19:06:43", "elapsed": 37319.459809064865, "delta": 16.835314512252808}, "costs": {"total_cost": 183.65849112797235, "time_cost": 70.592, "final_distance_cost": 1.833106355931712, "oscillation_cost": 30.755500929883866, "completition_cost": 0.0, "overshoot_cost": 50.514603234713086, "power_cost": 16.64110389404297, "noise_cost": 13.322176713400717, "n_waypoints_completed": 9, "tot_waypoints": 9}}
{"target": -185.75111340340743, "params": {"k_pid_pos": [1.2813885174574138, 0.0, 0.1347149885608083], "k_pid_alt": [1.210116626388731, 0.0, 0.008567043877552373], "k_pid_att": [17.145203718065595, 0.0001, 0.7656667148345211], "k_pid_yaw": [0.5, 1e-06, 0.1], "k_pid_hsp": [0.09368257181320601, 0.0054253153545412835, 0.0], "k_pid_vsp": [400.0, 41.344189199771826, 17.41414886067247]}, "datetime": {"datetime": "2025-08-21 19:07:00", "elapsed": 37336.60537648201, "delta": 17.145567417144775}, "costs": {"total_cost": 185.75111340340743, "time_cost": 70.824, "final_distance_cost": 1.8004919863467355, "oscillation_cost": 28.662145227705782, "completition_cost": 0.0, "overshoot_cost": 51.74016502695816, "power_cost": 18.747604345703127, "noise_cost": 13.976706816693634, "n_waypoints_completed": 9, "tot_waypoints": 9}}
{"target": -174.8773170795693, "params": {"k_pid_pos": [1.1233500031383739, 0.05409210307653786, 0.13891397933547375], "k_pid_alt": [1.1946048467114379, 0.0, 0.015403053307958887], "k_pid_att": [16.792161570374663, 0.0001, 0.6453852441081371], "k_pid_yaw": [0.5, 1e-06, 0.1], "k_pid_hsp": [0.11675688773693248, 0.0033402747389993616, 0.0], "k_pid_vsp": [382.8737366256858, 43.34136049773562, 17.801754557490163]}, "datetime": {"datetime": "2025-08-21 19:07:16", "elapsed": 37352.97450065613, "delta": 16.369124174118042}, "costs": {"total_cost": 174.8773170795693, "time_cost": 71.608, "final_distance_cost": 1.7828503604147334, "oscillation_cost": 27.530651355216694, "completition_cost": 0.0, "overshoot_cost": 51.910239501486956, "power_cost": 11.509909008789062, "noise_cost": 10.535666853661866, "n_waypoints_completed": 9, "tot_waypoints": 9}}
