{"target": -171.75836663799893, "params": {"k_pid_pos": [0.8896944821606079, 0.0, 0.04969100258603572], "k_pid_alt": [0.77519830290294, 0.0, 0.0], "k_pid_att": [30.78094517652652, 0.0001, 0.15118535565644628], "k_pid_yaw": [0.5, 1e-06, 0.1], "k_pid_hsp": [0.6779941893465047, 0.0, 0.0], "k_pid_vsp": [377.6497572833676, 43.82468937206048, 12.804332359330473]}, "datetime": {"datetime": "2025-08-21 11:05:25", "elapsed": 8442.049242019653, "delta": 16.62401509284973}, "costs": {"total_cost": 171.75836663799893, "time_cost": 73.096, "final_distance_cost": 1.8507860227035051, "oscillation_cost": 30.886419876021534, "completition_cost": 0.0, "overshoot_cost": 50.546501055348536, "power_cost": 7.615108422851563, "noise_cost": 7.763551261073777, "n_waypoints_completed": 9, "tot_waypoints": 9}}
{"target": -173.22522109846568, "params": {"k_pid_pos": [1.4210314851121828, 0.0, 0.4275810796006557], "k_pid_alt": [1.3481886328429886, 0.0, 0.0], "k_pid_att": [2.845483176473209, 0.0001, 0.3882684569007906], "k_pid_yaw": [0.5, 1e-06, 0.1], "k_pid_hsp": [1.099688866022536, 0.005929955440351534, 0.0], "k_pid_vsp": [387.03147746080504, 44.84653489079374, 33.1218716398158]}, "datetime": {"datetime": "2025-08-21 11:05:41", "elapsed": 8458.195945739746, "delta": 16.146703720092773}, "costs": {"total_cost": 173.22522109846568, "time_cost": 70.64, "final_distance_cost": 1.844559255416065, "oscillation_cost": 33.503321368118904, "completition_cost": 0.0, "overshoot_cost": 52.11962909790399, "power_cost": 7.786103344726563, "noise_cost": 7.331608032300146, "n_waypoints_completed": 9, "tot_waypoints": 9}}
{"target": -393.0665329603522, "params": {"k_pid_pos": [0.5681705103462266, 0.0, 0.2728353901737496], "k_pid_alt": [0.3910274559788631, 0.014596177291809793, 0.02375038877684435], "k_pid_att": [90.51751734142586, 0.0001, 0.43457907998431367], "k_pid_yaw": [0.5, 1e-06, 0.1], "k_pid_hsp": [1.3042627585696585, 0.0, 0.0], "k_pid_vsp": [400.0, 15.25895827502623, 11.438037756403695]}, "datetime": {"datetime": "2025-08-21 11:06:04", "elapsed": 8480.983434200287, "delta": 22.78748846054077}, "costs": {"total_cost": 393.0665329603522, "time_cost": 150, "final_distance_cost": 3.1618327171165985, "oscillation_cost": 44.227304963362016, "completition_cost": 111.11111111111116, "overshoot_cost": 53.70023539105842, "power_cost": 17.130736584472658, "noise_cost": 13.735312193231396, "n_waypoints_completed": 8, "tot_waypoints": 9}}
{"target": -185.38283399188353, "params": {"k_pid_pos": [1.1923771589266785, 0.0, 0.3695486694142682], "k_pid_alt": [0.9818324578005071, 0.0, 0.0], "k_pid_att": [15.83520923005051, 1.3016406575276063, 0.07502970795758751], "k_pid_yaw": [0.5, 1e-06, 0.1], "k_pid_hsp": [0.9716974654568882, 0.03543222453073227, 0.0], "k_pid_vsp": [376.393996261544, 75.15853363215962, 10.535718510089271]}, "datetime": {"datetime": "2025-08-21 11:06:20", "elapsed": 8497.24710059166, "delta": 16.26366639137268}, "costs": {"total_cost": 185.38283399188353, "time_cost": 70.944, "final_distance_cost": 1.8529492397167582, "oscillation_cost": 37.49947337768264, "completition_cost": 0.0, "overshoot_cost": 50.14134434651996, "power_cost": 13.322387731933594, "noise_cost": 11.622679296030594, "n_waypoints_completed": 9, "tot_waypoints": 9}}
{"target": -200.15631369461084, "params": {"k_pid_pos": [1.212270829188014, 0.0, 0.05234575013657733], "k_pid_alt": [1.077721449005804, 0.0035019918409897044, 0.0], "k_pid_att": [58.78658322616624, 0.0001, 0.4905597825812246], "k_pid_yaw": [0.5, 1e-06, 0.1], "k_pid_hsp": [7.701178752589772, 0.0, 0.0], "k_pid_vsp": [385.92349220082366, 1e-06, 62.75427730592901]}, "datetime": {"datetime": "2025-08-21 11:06:37", "elapsed": 8513.74858212471, "delta": 16.501481533050537}, "costs": {"total_cost": 200.15631369461084, "time_cost": 71.568, "final_distance_cost": 1.847112756655236, "oscillation_cost": 52.808383654495685, "completition_cost": 0.0, "overshoot_cost": 52.21869696856605, "power_cost": 11.772680688476562, "noise_cost": 9.941439626417312, "n_waypoints_completed": 9, "tot_waypoints": 9}}
{"target": -186.9678011271107, "params": {"k_pid_pos": [1.1996009341834188, 0.0, 0.4137421449535055], "k_pid_alt": [1.0465212448629866, 0.0, 0.0], "k_pid_att": [8.451259507935896, 0.0001, 0.5821686637655528], "k_pid_yaw": [0.5, 1e-06, 0.1], "k_pid_hsp": [0.6747269560647537, 0.11168916078595102, 0.0], "k_pid_vsp": [362.67416003976234, 48.41761908164643, 27.505401805826516]}, "datetime": {"datetime": "2025-08-21 11:06:53", "elapsed": 8529.816748857498, "delta": 16.068166732788086}, "costs": {"total_cost": 186.9678011271107, "time_cost": 70.504, "final_distance_cost": 1.8486321465038402, "oscillation_cost": 32.29999128020585, "completition_cost": 0.0, "overshoot_cost": 49.8789658793938, "power_cost": 18.170340576171874, "noise_cost": 14.265871244835335, "n_waypoints_completed": 9, "tot_waypoints": 9}}
{"target": -182.617316117781, "params": {"k_pid_pos": [1.2537290682275086, 0.0, 0.25791413392896945], "k_pid_alt": [0.8663453282200041, 0.0, 0.0], "k_pid_att": [15.740140120779095, 0.0001, 0.7564346828378552], "k_pid_yaw": [0.5, 1e-06, 0.1], "k_pid_hsp": [1.119959844585659, 0.012169616681146418, 0.0], "k_pid_vsp": [390.959318393559, 17.122556452657335, 7.784201207476812]}, "datetime": {"datetime": "2025-08-21 11:07:09", "elapsed": 8546.215035915375, "delta": 16.398287057876587}, "costs": {"total_cost": 182.617316117781, "time_cost": 71.92, "final_distance_cost": 1.8482802544447843, "oscillation_cost": 31.840936383240226, "completition_cost": 0.0, "overshoot_cost": 51.098872460585326, "power_cost": 13.88326728515625, "noise_cost": 12.025959734354398, "n_waypoints_completed": 9, "tot_waypoints": 9}}
{"target": -223.10048064191443, "params": {"k_pid_pos": [0.606070289575035, 0.0, 0.2897207406193077], "k_pid_alt": [0.5946099575022854, 0.0, 0.0], "k_pid_att": [71.60729601429058, 0.0001, 0.6880242460756144], "k_pid_yaw": [0.5, 1e-06, 0.1], "k_pid_hsp": [4.35567154318951, 0.0, 0.0], "k_pid_vsp": [400.0, 1e-06, 1e-06]}, "datetime": {"datetime": "2025-08-21 11:07:30", "elapsed": 8567.220360279083, "delta": 21.005324363708496}, "costs": {"total_cost": 223.10048064191443, "time_cost": 92.136, "final_distance_cost": 1.8596245090808758, "oscillation_cost": 34.21640460502626, "completition_cost": 0.0, "overshoot_cost": 54.77720496377644, "power_cost": 21.134744567871095, "noise_cost": 18.97650199615976, "n_waypoints_completed": 9, "tot_waypoints": 9}}
{"target": -184.09768078515194, "params": {"k_pid_pos": [1.4378862463388078, 0.0, 0.19400485798247244], "k_pid_alt": [1.0374910385916625, 0.0, 0.0], "k_pid_att": [23.934392688871377, 0.0001, 0.5928612507647317], "k_pid_yaw": [0.5, 1e-06, 0.1], "k_pid_hsp": [0.48241987065638336, 0.01924942204708621, 0.0], "k_pid_vsp": [400.0, 48.54237702718793, 47.00510401256557]}, "datetime": {"datetime": "2025-08-21 11:07:46", "elapsed": 8583.076963424683, "delta": 15.856603145599365}, "costs": {"total_cost": 184.09768078515194, "time_cost": 68.696, "final_distance_cost": 1.8389718370736694, "oscillation_cost": 32.26119825178789, "completition_cost": 0.0, "overshoot_cost": 50.98585484807917, "power_cost": 17.381266906738283, "noise_cost": 12.934388941472923, "n_waypoints_completed": 9, "tot_waypoints": 9}}
{"target": -241.3216694950696, "params": {"k_pid_pos": [1.7368809767699505, 0.0020691453078311994, 0.04814131609963901], "k_pid_alt": [0.9917103135033017, 0.0, 0.0], "k_pid_att": [29.146617433419763, 0.0001, 0.40114215213839793], "k_pid_yaw": [0.5, 1e-06, 0.1], "k_pid_hsp": [0.19402078137231543, 0.039736526958212365, 0.0842424889381466], "k_pid_vsp": [400.0, 27.867796758264983, 26.968935973611494]}, "datetime": {"datetime": "2025-08-21 11:08:03", "elapsed": 8599.522365093231, "delta": 16.445401668548584}, "costs": {"total_cost": 241.3216694950696, "time_cost": 70.992, "final_distance_cost": 1.793714581465569, "oscillation_cost": 92.14689948035519, "completition_cost": 0.0, "overshoot_cost": 50.23058655810447, "power_cost": 14.482581018066407, "noise_cost": 11.67588785707798, "n_waypoints_completed": 9, "tot_waypoints": 9}}
{"target": -189.91015144758583, "params": {"k_pid_pos": [1.0056078513680438, 0.0, 0.0], "k_pid_alt": [0.8101424234625454, 0.03883500490985772, 0.0], "k_pid_att": [44.721004469711936, 0.0001, 0.7367305864365213], "k_pid_yaw": [0.5, 1e-06, 0.1], "k_pid_hsp": [0.7216671969922953, 0.0, 0.0], "k_pid_vsp": [400.0, 41.62438952255479, 3.0372226697575684]}, "datetime": {"datetime": "2025-08-21 11:08:22", "elapsed": 8618.692643642426, "delta": 19.170278549194336}, "costs": {"total_cost": 189.91015144758583, "time_cost": 84.28, "final_distance_cost": 1.803682623925039, "oscillation_cost": 31.68956158247656, "completition_cost": 0.0, "overshoot_cost": 50.73948049457395, "power_cost": 10.401868920898439, "noise_cost": 10.995557825711849, "n_waypoints_completed": 9, "tot_waypoints": 9}}
{"target": -1377.223797243343, "params": {"k_pid_pos": [1.1053044734022321, 0.0, 0.332247753034846], "k_pid_alt": [0.0, 0.0005318392094329826, 0.012306114524878542], "k_pid_att": [27.84531367078842, 0.0001, 0.2971073479279003], "k_pid_yaw": [0.5, 1e-06, 0.1], "k_pid_hsp": [1.1827167059025816, 0.0, 0.0], "k_pid_vsp": [195.40233546586398, 42.162197313601304, 20.941967777819663]}, "datetime": {"datetime": "2025-08-21 11:08:45", "elapsed": 8641.590684890747, "delta": 22.898041248321533}, "costs": {"total_cost": 1377.223797243343, "time_cost": 150, "final_distance_cost": 3.15369380341816, "oscillation_cost": 7.232878960883852, "completition_cost": 1000.0, "overshoot_cost": 130.55495393741415, "power_cost": 27.258987341308597, "noise_cost": 59.02328320031831, "n_waypoints_completed": 0, "tot_waypoints": 9}}
{"target": -197.42772517896736, "params": {"k_pid_pos": [1.5164417572528444, 0.12831465356725197, 0.38557756691347156], "k_pid_alt": [0.8331340541159177, 0.0, 0.0], "k_pid_att": [15.061606888005805, 0.3584536155045428, 0.6915525376125479], "k_pid_yaw": [0.5, 1e-06, 0.1], "k_pid_hsp": [1.5080724105075136, 0.0, 0.0], "k_pid_vsp": [393.7287687824247, 34.468268744641, 11.238419444988924]}, "datetime": {"datetime": "2025-08-21 11:09:02", "elapsed": 8658.908200263977, "delta": 17.31751537322998}, "costs": {"total_cost": 197.42772517896736, "time_cost": 74.296, "final_distance_cost": 1.7977027055284915, "oscillation_cost": 34.89351446480934, "completition_cost": 0.0, "overshoot_cost": 51.798264140310586, "power_cost": 19.65628426513672, "noise_cost": 14.985959603182206, "n_waypoints_completed": 9, "tot_waypoints": 9}}
{"target": -1247.135623322701, "params": {"k_pid_pos": [0.5565486963609868, 0.0, 0.0], "k_pid_alt": [1.5244318979206348, 0.0, 0.5164858342528177], "k_pid_att": [21.881523193135333, 0.0001, 0.9239285781786586], "k_pid_yaw": [0.5, 1e-06, 0.1], "k_pid_hsp": [0.0001, 0.0, 0.0], "k_pid_vsp": [400.0, 63.772017649767456, 28.885282274572806]}, "datetime": {"datetime": "2025-08-21 11:09:25", "elapsed": 8681.703840255737, "delta": 22.795639991760254}, "costs": {"total_cost": 1247.135623322701, "time_cost": 150, "final_distance_cost": 45.24991119295897, "oscillation_cost": 1.7289505437758594, "completition_cost": 1000.0, "overshoot_cost": 19.494471519737314, "power_cost": 17.62284645996094, "noise_cost": 13.039443606267614, "n_waypoints_completed": 0, "tot_waypoints": 9}}
{"target": -190.22440808378917, "params": {"k_pid_pos": [1.6358778787881543, 0.0, 0.2655711640418209], "k_pid_alt": [1.16517100842095, 0.0, 0.0], "k_pid_att": [19.905445923370273, 0.22990655533715376, 0.8833912033049995], "k_pid_yaw": [0.5, 1e-06, 0.1], "k_pid_hsp": [1.178902673048333, 0.0, 0.0], "k_pid_vsp": [400.0, 21.49369902313641, 26.731785983862803]}, "datetime": {"datetime": "2025-08-21 11:09:42", "elapsed": 8698.723121881485, "delta": 17.01928162574768}, "costs": {"total_cost": 190.22440808378917, "time_cost": 74.144, "final_distance_cost": 1.8063029241712252, "oscillation_cost": 34.92317727281499, "completition_cost": 0.0, "overshoot_cost": 53.86049681169763, "power_cost": 13.797760656738282, "noise_cost": 11.692670418367033, "n_waypoints_completed": 9, "tot_waypoints": 9}}
{"target": -183.38179836757757, "params": {"k_pid_pos": [1.2258209755630645, 0.0, 0.1144086634453985], "k_pid_alt": [1.1927715045848057, 0.0004046139599935459, 0.0], "k_pid_att": [44.60821874274952, 0.0001, 0.16570582817624238], "k_pid_yaw": [0.5, 1e-06, 0.1], "k_pid_hsp": [0.4858286321472489, 0.04240125268128386, 0.0], "k_pid_vsp": [396.22829538071886, 25.92872096319131, 86.77306044156057]}, "datetime": {"datetime": "2025-08-21 11:09:58", "elapsed": 8715.282361507416, "delta": 16.559239625930786}, "costs": {"total_cost": 183.38179836757757, "time_cost": 70.304, "final_distance_cost": 1.8344864980193745, "oscillation_cost": 32.8404255054143, "completition_cost": 0.0, "overshoot_cost": 51.68713599692561, "power_cost": 14.483235363769532, "noise_cost": 12.232515003448766, "n_waypoints_completed": 9, "tot_waypoints": 9}}
{"target": -209.07772101468586, "params": {"k_pid_pos": [1.636282973830596, 0.0, 0.026464128894270807], "k_pid_alt": [1.0917029261300177, 0.0, 0.0], "k_pid_att": [38.62345481589865, 0.057481962753891114, 0.9299175664013526], "k_pid_yaw": [0.5, 1e-06, 0.1], "k_pid_hsp": [1.0409028937697349, 0.0, 0.0], "k_pid_vsp": [400.0, 14.463444010130523, 34.26629986087491]}, "datetime": {"datetime": "2025-08-21 11:10:15", "elapsed": 8732.029749393463, "delta": 16.747387886047363}, "costs": {"total_cost": 209.07772101468586, "time_cost": 73.752, "final_distance_cost": 1.7821833907686238, "oscillation_cost": 38.90433757223086, "completition_cost": 0.0, "overshoot_cost": 52.58047079477403, "power_cost": 23.22437595214844, "noise_cost": 18.834353304763912, "n_waypoints_completed": 9, "tot_waypoints": 9}}
{"target": -178.41527330482003, "params": {"k_pid_pos": [1.400768202311859, 0.00799949729712864, 0.18987871715601784], "k_pid_alt": [1.6200581577355142, 0.0, 0.0], "k_pid_att": [9.614166866334134, 0.0001, 0.861339002494322], "k_pid_yaw": [0.5, 1e-06, 0.1], "k_pid_hsp": [1.3503652470823535, 0.0, 0.0], "k_pid_vsp": [400.0, 26.408494222437632, 6.792222528429247]}, "datetime": {"datetime": "2025-08-21 11:10:31", "elapsed": 8747.993153810501, "delta": 15.963404417037964}, "costs": {"total_cost": 178.41527330482003, "time_cost": 69.8, "final_distance_cost": 1.8248943139491833, "oscillation_cost": 32.38996431692385, "completition_cost": 0.0, "overshoot_cost": 50.92928046064172, "power_cost": 12.336526721191406, "noise_cost": 11.134607492113865, "n_waypoints_completed": 9, "tot_waypoints": 9}}
{"target": -188.59852911302852, "params": {"k_pid_pos": [1.3297781991957724, 0.0, 0.02548210459050837], "k_pid_alt": [1.037063610864713, 0.0, 0.0], "k_pid_att": [28.553010837695457, 0.0001, 0.7987112064558821], "k_pid_yaw": [0.5, 1e-06, 0.1], "k_pid_hsp": [0.7424728057412345, 0.0, 0.0], "k_pid_vsp": [392.70651654952235, 25.27878398078213, 24.220961056472795]}, "datetime": {"datetime": "2025-08-21 11:10:47", "elapsed": 8764.318713903427, "delta": 16.325560092926025}, "costs": {"total_cost": 188.59852911302852, "time_cost": 72.57600000000001, "final_distance_cost": 1.8185242589091037, "oscillation_cost": 34.447840321981154, "completition_cost": 0.0, "overshoot_cost": 51.44388705984975, "power_cost": 15.721917907714845, "noise_cost": 12.590359564573665, "n_waypoints_completed": 9, "tot_waypoints": 9}}
{"target": -209.1959368702974, "params": {"k_pid_pos": [1.3310109008931106, 0.0, 0.08258438167304073], "k_pid_alt": [0.4033438965545302, 0.0, 0.0], "k_pid_att": [27.89997274797306, 0.0001, 0.7071057897599493], "k_pid_yaw": [0.5, 1e-06, 0.1], "k_pid_hsp": [1.006973422787572, 0.01785982871162499, 0.0], "k_pid_vsp": [373.3087261618167, 13.9725302877401, 30.727331238374678]}, "datetime": {"datetime": "2025-08-21 11:11:09", "elapsed": 8785.498480796814, "delta": 21.17976689338684}, "costs": {"total_cost": 209.1959368702974, "time_cost": 91.408, "final_distance_cost": 1.8386451651275038, "oscillation_cost": 34.22868303984089, "completition_cost": 0.0, "overshoot_cost": 52.45899349232481, "power_cost": 15.959037377929688, "noise_cost": 13.302577795074505, "n_waypoints_completed": 9, "tot_waypoints": 9}}
{"target": -177.6745500920557, "params": {"k_pid_pos": [1.8337888515994774, 0.0, 0.02432331751149598], "k_pid_alt": [0.8611760181479655, 0.0, 0.0], "k_pid_att": [22.300401902364165, 0.050296051689496996, 1.0], "k_pid_yaw": [0.5, 1e-06, 0.1], "k_pid_hsp": [0.7947764623257143, 0.0, 0.0], "k_pid_vsp": [385.56088149319663, 46.46159992884358, 1e-06]}, "datetime": {"datetime": "2025-08-21 11:11:25", "elapsed": 8801.85781788826, "delta": 16.359337091445923}, "costs": {"total_cost": 177.6745500920557, "time_cost": 70.512, "final_distance_cost": 1.7745544499246666, "oscillation_cost": 35.194203839051916, "completition_cost": 0.0, "overshoot_cost": 50.55090405817081, "power_cost": 9.77157352294922, "noise_cost": 9.871314221959123, "n_waypoints_completed": 9, "tot_waypoints": 9}}
{"target": -274.3861917218059, "params": {"k_pid_pos": [1.2626795396761905, 0.0, 0.1673548776727225], "k_pid_alt": [1.0607840945333475, 0.0, 0.0], "k_pid_att": [25.878424138252733, 0.0001, 0.6240661597124166], "k_pid_yaw": [0.5, 1e-06, 0.1], "k_pid_hsp": [1.5459897269681526, 0.36703690112166965, 0.1323472619900139], "k_pid_vsp": [367.5462399935214, 15.449360070645952, 21.621780908496973]}, "datetime": {"datetime": "2025-08-21 11:11:42", "elapsed": 8818.920475006104, "delta": 17.062657117843628}, "costs": {"total_cost": 274.3861917218059, "time_cost": 76.112, "final_distance_cost": 1.8306305627642006, "oscillation_cost": 116.61369077799185, "completition_cost": 0.0, "overshoot_cost": 51.026621581041894, "power_cost": 15.96028162841797, "noise_cost": 12.842967171590049, "n_waypoints_completed": 9, "tot_waypoints": 9}}
{"target": -177.81094964028964, "params": {"k_pid_pos": [1.2942300445570578, 0.0, 0.27078749341757646], "k_pid_alt": [1.1348859983815214, 0.0, 0.0], "k_pid_att": [24.886424307402343, 0.0001, 0.601822259012126], "k_pid_yaw": [0.5, 1e-06, 0.1], "k_pid_hsp": [0.6977795526093493, 0.006292423447813167, 0.0], "k_pid_vsp": [400.0, 40.480832666487586, 26.57539937852717]}, "datetime": {"datetime": "2025-08-21 11:11:58", "elapsed": 8834.98311471939, "delta": 16.062639713287354}, "costs": {"total_cost": 177.81094964028964, "time_cost": 70.496, "final_distance_cost": 1.8387876405710732, "oscillation_cost": 31.957223765802013, "completition_cost": 0.0, "overshoot_cost": 50.57481233473322, "power_cost": 12.718008361816407, "noise_cost": 10.226117537366942, "n_waypoints_completed": 9, "tot_waypoints": 9}}
{"target": -187.05845920911727, "params": {"k_pid_pos": [1.2232864878024436, 0.0, 0.0030617203846045604], "k_pid_alt": [0.7522577127425352, 0.0009953459277960413, 0.0], "k_pid_att": [22.03656549514272, 0.115917704900747, 0.8121415580443871], "k_pid_yaw": [0.5, 1e-06, 0.1], "k_pid_hsp": [0.5996922131750277, 0.023327273838648355, 0.0], "k_pid_vsp": [394.28328188324383, 1e-06, 7.167420396138567]}, "datetime": {"datetime": "2025-08-21 11:12:17", "elapsed": 8853.664449214935, "delta": 18.681334495544434}, "costs": {"total_cost": 187.05845920911727, "time_cost": 73.792, "final_distance_cost": 1.8261825464196977, "oscillation_cost": 32.59927540021338, "completition_cost": 0.0, "overshoot_cost": 51.355398451165314, "power_cost": 14.89657489013672, "noise_cost": 12.589027921182163, "n_waypoints_completed": 9, "tot_waypoints": 9}}
{"target": -185.92692347426717, "params": {"k_pid_pos": [2.0, 0.02469357340072506, 0.11458484645399258], "k_pid_alt": [1.5002190577943513, 0.0, 0.0], "k_pid_att": [17.06924005882812, 0.0001, 0.940844210916516], "k_pid_yaw": [0.5, 1e-06, 0.1], "k_pid_hsp": [1.452291231090925, 0.0, 0.0], "k_pid_vsp": [400.0, 39.3642734234492, 32.089878682032904]}, "datetime": {"datetime": "2025-08-21 11:12:36", "elapsed": 8872.660822153091, "delta": 18.996372938156128}, "costs": {"total_cost": 185.92692347426717, "time_cost": 69.752, "final_distance_cost": 1.7750422013441352, "oscillation_cost": 40.32681553828924, "completition_cost": 0.0, "overshoot_cost": 51.34438025904037, "power_cost": 12.49546942138672, "noise_cost": 10.233216054206707, "n_waypoints_completed": 9, "tot_waypoints": 9}}
{"target": -191.89030262639636, "params": {"k_pid_pos": [0.8966428087072618, 0.0, 0.394477959660431], "k_pid_alt": [1.6689429920411096, 0.0, 0.0020080761754711664], "k_pid_att": [2.817464205095824, 0.0001, 0.8717243541644046], "k_pid_yaw": [0.5, 1e-06, 0.1], "k_pid_hsp": [1.1501058378117404, 0.0, 0.0], "k_pid_vsp": [397.23703695060897, 6.779579113307482, 7.952101499158719]}, "datetime": {"datetime": "2025-08-21 11:12:54", "elapsed": 8891.252511262894, "delta": 18.591689109802246}, "costs": {"total_cost": 191.89030262639636, "time_cost": 76.784, "final_distance_cost": 1.8567757231358104, "oscillation_cost": 30.957866511122994, "completition_cost": 0.0, "overshoot_cost": 53.11585772445577, "power_cost": 15.705423864746095, "noise_cost": 13.470378802935677, "n_waypoints_completed": 9, "tot_waypoints": 9}}
{"target": -181.72078394241944, "params": {"k_pid_pos": [1.246487379001536, 0.0, 0.22121169359376439], "k_pid_alt": [0.9517721517476319, 0.0, 0.013434382483412288], "k_pid_att": [8.986611106941405, 0.0001, 0.8769649569280109], "k_pid_yaw": [0.5, 1e-06, 0.1], "k_pid_hsp": [0.9542453621056717, 0.0, 0.0], "k_pid_vsp": [400.0, 33.81421870039435, 22.854743730035473]}, "datetime": {"datetime": "2025-08-21 11:13:11", "elapsed": 8908.056247472763, "delta": 16.803736209869385}, "costs": {"total_cost": 181.72078394241944, "time_cost": 70.784, "final_distance_cost": 1.8386796766059166, "oscillation_cost": 32.920614465074955, "completition_cost": 0.0, "overshoot_cost": 50.618190358376616, "power_cost": 14.014882092285157, "noise_cost": 11.544417350076806, "n_waypoints_completed": 9, "tot_waypoints": 9}}
