{"target": -163.12232550394995, "params": {"k_pid_pos": [1.1235516196758555, 0.0, 0.13921398701938795], "k_pid_alt": [1.1862048550614994, 0.0, 0.015858369481152552], "k_pid_att": [15.263107573229874, 0.0001, 0.6362612904061755], "k_pid_yaw": [0.5, 1e-06, 0.1], "k_pid_hsp": [0.1272892668401065, 0.0035081997469811658, 0.0], "k_pid_vsp": [400.0, 44.10384362725014, 17.160094627644607]}, "datetime": {"datetime": "2025-08-21 16:27:13", "elapsed": 27750.175638198853, "delta": 17.058693885803223}, "costs": {"total_cost": 163.12232550394995, "time_cost": 70.168, "final_distance_cost": 1.820175836236064, "oscillation_cost": 27.599478175567082, "completition_cost": 0.0, "overshoot_cost": 50.928572020900106, "power_cost": 6.022025610351562, "noise_cost": 6.584073860895135, "n_waypoints_completed": 9, "tot_waypoints": 9}}
{"target": -403.1645093853734, "params": {"k_pid_pos": [1.169073307207568, 0.0, 0.040358807032350764], "k_pid_alt": [1.0571591227838244, 0.0, 0.004859614471326247], "k_pid_att": [17.41027619923035, 0.0001, 0.43259039291895385], "k_pid_yaw": [0.5, 1e-06, 0.1], "k_pid_hsp": [0.027492056324883052, 0.02415613573024558, 0.0], "k_pid_vsp": [383.68891521412905, 34.489299832188294, 13.313123192754189]}, "datetime": {"datetime": "2025-08-21 16:27:37", "elapsed": 27773.685428857803, "delta": 23.509790658950806}, "costs": {"total_cost": 403.1645093853734, "time_cost": 150, "final_distance_cost": 27.143784560599386, "oscillation_cost": 29.346569577292424, "completition_cost": 111.11111111111116, "overshoot_cost": 59.91054456196067, "power_cost": 13.892599084472657, "noise_cost": 11.759900489937138, "n_waypoints_completed": 8, "tot_waypoints": 9}}
{"target": -192.60724702948968, "params": {"k_pid_pos": [1.1235787543304254, 0.0, 0.1356420115783235], "k_pid_alt": [0.9236018878153862, 0.0, 0.013759374847436558], "k_pid_att": [34.750493877287795, 0.0001, 0.5161064789152795], "k_pid_yaw": [0.5, 1e-06, 0.1], "k_pid_hsp": [0.25737959519806763, 0.003378444183009444, 0.0], "k_pid_vsp": [400.0, 27.081861989343793, 18.292010538887393]}, "datetime": {"datetime": "2025-08-21 16:27:53", "elapsed": 27789.97983646393, "delta": 16.294407606124878}, "costs": {"total_cost": 192.60724702948968, "time_cost": 71.176, "final_distance_cost": 1.8205623618367153, "oscillation_cost": 30.152521143214834, "completition_cost": 0.0, "overshoot_cost": 50.60361396446449, "power_cost": 22.748631359863282, "noise_cost": 16.10591820011036, "n_waypoints_completed": 9, "tot_waypoints": 9}}
{"target": -187.7535016481802, "params": {"k_pid_pos": [1.1213895097815767, 0.0, 0.11845210645092454], "k_pid_alt": [1.1288015561258078, 0.0, 0.01593648757092734], "k_pid_att": [18.04030240266592, 0.0001, 0.5916323739441585], "k_pid_yaw": [0.5, 1e-06, 0.1], "k_pid_hsp": [0.1345233581876605, 0.00290620253251508, 0.0], "k_pid_vsp": [400.0, 57.242781952653445, 17.05202778733172]}, "datetime": {"datetime": "2025-08-21 16:28:11", "elapsed": 27808.052716970444, "delta": 18.072880506515503}, "costs": {"total_cost": 187.7535016481802, "time_cost": 70.56, "final_distance_cost": 1.8011015412041818, "oscillation_cost": 27.944360780628607, "completition_cost": 0.0, "overshoot_cost": 50.92623339709794, "power_cost": 21.154549780273438, "noise_cost": 15.367256148976017, "n_waypoints_completed": 9, "tot_waypoints": 9}}
{"target": -168.08064618277766, "params": {"k_pid_pos": [1.2758202633481888, 0.0, 0.13263741231169357], "k_pid_alt": [1.2491760538990733, 0.0, 0.006538413913721304], "k_pid_att": [19.20708098491462, 0.0001, 0.9516250066325782], "k_pid_yaw": [0.5, 1e-06, 0.1], "k_pid_hsp": [0.43731036383932975, 0.004310425409253322, 0.0], "k_pid_vsp": [400.0, 39.6072489035422, 18.589596033340893]}, "datetime": {"datetime": "2025-08-21 16:28:27", "elapsed": 27824.080400705338, "delta": 16.0276837348938}, "costs": {"total_cost": 168.08064618277766, "time_cost": 69.568, "final_distance_cost": 1.8347733559560162, "oscillation_cost": 33.18364104775286, "completition_cost": 0.0, "overshoot_cost": 50.199838316297885, "power_cost": 6.7249627197265625, "noise_cost": 6.569430743044325, "n_waypoints_completed": 9, "tot_waypoints": 9}}
{"target": -174.18348514056098, "params": {"k_pid_pos": [1.12222582215903, 0.00025097764320913926, 0.14755439428827632], "k_pid_alt": [1.1988902782693671, 0.0, 0.016078062377257483], "k_pid_att": [21.02311114652593, 0.0691357954032253, 0.5483446002216059], "k_pid_yaw": [0.5, 1e-06, 0.1], "k_pid_hsp": [0.19322249179532358, 0.0030022304436362487, 0.0], "k_pid_vsp": [387.77387218292074, 49.66968047391066, 17.586263664994085]}, "datetime": {"datetime": "2025-08-21 16:28:44", "elapsed": 27841.232474803925, "delta": 17.152074098587036}, "costs": {"total_cost": 174.18348514056098, "time_cost": 70.096, "final_distance_cost": 1.832586049585334, "oscillation_cost": 28.673455127670838, "completition_cost": 0.0, "overshoot_cost": 50.88923785405494, "power_cost": 12.591200158691407, "noise_cost": 10.10100595055846, "n_waypoints_completed": 9, "tot_waypoints": 9}}
{"target": -174.90259393463276, "params": {"k_pid_pos": [1.3460013658933114, 0.0, 0.09663308015142544], "k_pid_alt": [1.2394925321404453, 0.0, 0.006209448252058012], "k_pid_att": [15.023707159783301, 0.0001, 0.6435759592684467], "k_pid_yaw": [0.5, 1e-06, 0.1], "k_pid_hsp": [0.13668567232846915, 0.003066363335564451, 0.0], "k_pid_vsp": [400.0, 37.13728227314308, 22.193805784817766]}, "datetime": {"datetime": "2025-08-21 16:29:01", "elapsed": 27857.946994543076, "delta": 16.714519739151}, "costs": {"total_cost": 174.90259393463276, "time_cost": 70.512, "final_distance_cost": 1.788067220875607, "oscillation_cost": 30.005000275431286, "completition_cost": 0.0, "overshoot_cost": 51.249155434741205, "power_cost": 11.78382655029297, "noise_cost": 9.564544453291703, "n_waypoints_completed": 9, "tot_waypoints": 9}}
{"target": -175.47910799682168, "params": {"k_pid_pos": [1.1015625977922059, 0.0, 0.14835882573544718], "k_pid_alt": [1.1305474345649131, 0.0, 0.012384192930001247], "k_pid_att": [14.250123192541611, 0.0001, 0.6535672797473734], "k_pid_yaw": [0.5, 1e-06, 0.1], "k_pid_hsp": [0.10393309563480427, 0.005459383713447391, 0.0], "k_pid_vsp": [397.0471615363866, 21.945533717951424, 20.35591909317141]}, "datetime": {"datetime": "2025-08-21 16:29:19", "elapsed": 27875.43999195099, "delta": 17.492997407913208}, "costs": {"total_cost": 175.47910799682168, "time_cost": 72.28, "final_distance_cost": 1.782295932866981, "oscillation_cost": 26.967747813152528, "completition_cost": 0.0, "overshoot_cost": 52.920110621376615, "power_cost": 11.12664912109375, "noise_cost": 10.402304508331815, "n_waypoints_completed": 9, "tot_waypoints": 9}}
{"target": -182.80069451125215, "params": {"k_pid_pos": [1.1247386845740424, 0.0, 0.14468161193061008], "k_pid_alt": [1.2835776435488457, 0.0, 0.009122696015940962], "k_pid_att": [15.17958822917803, 0.0001, 0.6516276453983272], "k_pid_yaw": [0.5, 1e-06, 0.1], "k_pid_hsp": [0.13505373226736025, 0.0038042128997006377, 0.0], "k_pid_vsp": [391.4737940047229, 1e-06, 14.101388381428384]}, "datetime": {"datetime": "2025-08-21 16:29:36", "elapsed": 27892.766746997833, "delta": 17.326755046844482}, "costs": {"total_cost": 182.80069451125215, "time_cost": 71.416, "final_distance_cost": 1.7997597243860228, "oscillation_cost": 27.69971207359556, "completition_cost": 0.0, "overshoot_cost": 50.82335509298716, "power_cost": 17.76262165527344, "noise_cost": 13.299245965009966, "n_waypoints_completed": 9, "tot_waypoints": 9}}
{"target": -213.49615499974811, "params": {"k_pid_pos": [1.114086912984802, 0.0, 0.110775860407872], "k_pid_alt": [1.374206198256204, 0.0, 0.016549765665552826], "k_pid_att": [15.874176317200288, 0.0005322926434321313, 0.6309267482582886], "k_pid_yaw": [0.5, 1e-06, 0.1], "k_pid_hsp": [0.02904812801084658, 0.0035023724797593136, 0.0], "k_pid_vsp": [400.0, 46.73600481170105, 18.412550042749597]}, "datetime": {"datetime": "2025-08-21 16:29:59", "elapsed": 27916.330427885056, "delta": 23.56368088722229}, "costs": {"total_cost": 213.49615499974811, "time_cost": 98.056, "final_distance_cost": 1.743251656524705, "oscillation_cost": 17.39041298397021, "completition_cost": 0.0, "overshoot_cost": 63.19700354654024, "power_cost": 17.29546229248047, "noise_cost": 15.814024520232506, "n_waypoints_completed": 9, "tot_waypoints": 9}}
{"target": -191.58141873306013, "params": {"k_pid_pos": [1.1272867084770586, 0.0, 0.16091329784680083], "k_pid_alt": [0.8545186637728481, 0.0, 0.017109414786586716], "k_pid_att": [16.004378199058472, 0.0001, 0.6343177573139823], "k_pid_yaw": [0.5, 1e-06, 0.1], "k_pid_hsp": [0.10804664430836218, 0.002607371655757983, 0.0], "k_pid_vsp": [395.8275937257509, 79.14740549189884, 17.033954980952544]}, "datetime": {"datetime": "2025-08-21 16:30:17", "elapsed": 27933.67144536972, "delta": 17.341017484664917}, "costs": {"total_cost": 191.58141873306013, "time_cost": 72.2, "final_distance_cost": 1.8137711928132132, "oscillation_cost": 27.119719547538956, "completition_cost": 0.0, "overshoot_cost": 51.960336444676706, "power_cost": 22.334917053222657, "noise_cost": 16.152674494808625, "n_waypoints_completed": 9, "tot_waypoints": 9}}
{"target": -180.42570781885547, "params": {"k_pid_pos": [1.2613726883624035, 0.0, 0.13105409584903915], "k_pid_alt": [1.1526904200822878, 0.0, 0.009709371263710444], "k_pid_att": [3.988316474365895, 0.0001, 0.6155417368214627], "k_pid_yaw": [0.5, 1e-06, 0.1], "k_pid_hsp": [0.104150508483836, 0.0037580249727056825, 0.0], "k_pid_vsp": [400.0, 28.66171201774815, 17.28235408096004]}, "datetime": {"datetime": "2025-08-21 16:30:34", "elapsed": 27950.875584840775, "delta": 17.204139471054077}, "costs": {"total_cost": 180.42570781885547, "time_cost": 71.88, "final_distance_cost": 1.7910369257798655, "oscillation_cost": 27.87573805710035, "completition_cost": 0.0, "overshoot_cost": 52.67557204791085, "power_cost": 14.297918542480469, "noise_cost": 11.905442245583929, "n_waypoints_completed": 9, "tot_waypoints": 9}}
{"target": -173.9448888971318, "params": {"k_pid_pos": [1.2202152423419956, 0.0, 0.13757921905768966], "k_pid_alt": [1.072162945920176, 0.0, 0.01297586965187389], "k_pid_att": [16.629391743219085, 0.0001, 0.7525554960901134], "k_pid_yaw": [0.5, 1e-06, 0.1], "k_pid_hsp": [0.12063395464122766, 0.0033640183776081664, 0.0], "k_pid_vsp": [400.0, 27.840886938974556, 18.265346190777883]}, "datetime": {"datetime": "2025-08-21 16:30:50", "elapsed": 27966.722130537033, "delta": 15.846545696258545}, "costs": {"total_cost": 173.9448888971318, "time_cost": 71.432, "final_distance_cost": 1.7704776156167252, "oscillation_cost": 28.45457658783553, "completition_cost": 0.0, "overshoot_cost": 52.59475824149236, "power_cost": 10.298238403320314, "noise_cost": 9.394838048866868, "n_waypoints_completed": 9, "tot_waypoints": 9}}
{"target": -185.1007642731886, "params": {"k_pid_pos": [1.027475040982435, 0.0, 0.14129680529027672], "k_pid_alt": [1.1010669861210625, 0.0, 0.012483887622174544], "k_pid_att": [14.459821698759502, 0.0001, 0.6346666633772715], "k_pid_yaw": [0.5, 1e-06, 0.1], "k_pid_hsp": [0.3515620696770124, 0.0019711873892320018, 0.0], "k_pid_vsp": [400.0, 20.0151386199337, 13.802494670788015]}, "datetime": {"datetime": "2025-08-21 16:31:08", "elapsed": 27984.905878543854, "delta": 18.18374800682068}, "costs": {"total_cost": 185.1007642731886, "time_cost": 71.808, "final_distance_cost": 1.836116889757762, "oscillation_cost": 28.559992549473645, "completition_cost": 0.0, "overshoot_cost": 51.33722220116628, "power_cost": 17.311883105468752, "noise_cost": 14.247549527322144, "n_waypoints_completed": 9, "tot_waypoints": 9}}
{"target": -179.75426818908912, "params": {"k_pid_pos": [1.120839848390767, 0.0, 0.132354481392824], "k_pid_alt": [0.9999075118845042, 0.0, 0.012717040107368262], "k_pid_att": [9.498539179932353, 0.0001, 0.6456001765327289], "k_pid_yaw": [0.5, 1e-06, 0.1], "k_pid_hsp": [0.21427641409790654, 0.0029482721085832457, 0.0], "k_pid_vsp": [400.0, 29.087544516494113, 12.155096272958087]}, "datetime": {"datetime": "2025-08-21 16:31:24", "elapsed": 28000.785811901093, "delta": 15.87993335723877}, "costs": {"total_cost": 179.75426818908912, "time_cost": 71.328, "final_distance_cost": 1.8325631697434133, "oscillation_cost": 28.75956204711267, "completition_cost": 0.0, "overshoot_cost": 51.17144847246836, "power_cost": 14.764389550781251, "noise_cost": 11.898304948983416, "n_waypoints_completed": 9, "tot_waypoints": 9}}
{"target": -178.35463372019004, "params": {"k_pid_pos": [1.145536025757552, 0.0, 0.13889981731363815], "k_pid_alt": [1.1920758489847105, 0.0, 0.015478137941769065], "k_pid_att": [8.641028759520903, 0.0001, 0.558624407516943], "k_pid_yaw": [0.5, 1e-06, 0.1], "k_pid_hsp": [0.16186355415142512, 0.002935750758268258, 0.0], "k_pid_vsp": [400.0, 39.278546768085604, 17.948900799871566]}, "datetime": {"datetime": "2025-08-21 16:31:40", "elapsed": 28017.189581394196, "delta": 16.403769493103027}, "costs": {"total_cost": 178.35463372019004, "time_cost": 69.936, "final_distance_cost": 1.8067802519333198, "oscillation_cost": 28.713668842178436, "completition_cost": 0.0, "overshoot_cost": 50.62551340823298, "power_cost": 15.105681774902344, "noise_cost": 12.16698944294297, "n_waypoints_completed": 9, "tot_waypoints": 9}}
{"target": -180.53527518470472, "params": {"k_pid_pos": [1.1210510196438361, 0.0, 0.1313112947990332], "k_pid_alt": [1.1890402425627926, 0.0, 0.013004202998308248], "k_pid_att": [11.933084578991311, 0.0001, 0.5185133073984584], "k_pid_yaw": [0.5, 1e-06, 0.1], "k_pid_hsp": [0.14702201270661192, 0.00350549691560874, 0.0], "k_pid_vsp": [400.0, 41.667701300931824, 19.3664532219363]}, "datetime": {"datetime": "2025-08-21 16:31:58", "elapsed": 28034.769321918488, "delta": 17.579740524291992}, "costs": {"total_cost": 180.53527518470472, "time_cost": 69.984, "final_distance_cost": 1.7886782736767095, "oscillation_cost": 28.238840953153122, "completition_cost": 0.0, "overshoot_cost": 50.729338194184656, "power_cost": 17.172379626464846, "noise_cost": 12.622038137225388, "n_waypoints_completed": 9, "tot_waypoints": 9}}
{"target": -179.3486686147805, "params": {"k_pid_pos": [1.1278252404098077, 0.0, 0.1362169473394418], "k_pid_alt": [1.2927517730270943, 0.0, 0.016064020596418555], "k_pid_att": [18.670855200254277, 0.0001, 0.6400527727815103], "k_pid_yaw": [0.5, 1e-06, 0.1], "k_pid_hsp": [0.08890059078617882, 0.004939460456402933, 0.0], "k_pid_vsp": [400.0, 29.69047436883284, 18.325733562809074]}, "datetime": {"datetime": "2025-08-21 16:32:14", "elapsed": 28050.642017126083, "delta": 15.872695207595825}, "costs": {"total_cost": 179.3486686147805, "time_cost": 71.568, "final_distance_cost": 1.7941844120958006, "oscillation_cost": 26.848796569866373, "completition_cost": 0.0, "overshoot_cost": 52.02218117688708, "power_cost": 14.922556079101563, "noise_cost": 12.192950376829721, "n_waypoints_completed": 9, "tot_waypoints": 9}}
{"target": -404.33727801961766, "params": {"k_pid_pos": [1.1069734204013246, 0.0, 0.12235180123917459], "k_pid_alt": [0.7815509826430054, 0.0, 0.014709956489665398], "k_pid_att": [18.4029122678525, 0.0001, 0.3969953725870289], "k_pid_yaw": [0.5, 1e-06, 0.1], "k_pid_hsp": [0.041690719673194855, 0.009688717662403928, 0.0], "k_pid_vsp": [400.0, 50.17963447450733, 12.954991649116618]}, "datetime": {"datetime": "2025-08-21 16:32:37", "elapsed": 28073.77956223488, "delta": 23.137545108795166}, "costs": {"total_cost": 404.33727801961766, "time_cost": 150, "final_distance_cost": 32.769855682704275, "oscillation_cost": 25.693144973797214, "completition_cost": 111.11111111111116, "overshoot_cost": 55.3460432343202, "power_cost": 16.429520446777346, "noise_cost": 12.987602570907455, "n_waypoints_completed": 8, "tot_waypoints": 9}}
{"target": -171.11769845402273, "params": {"k_pid_pos": [1.1460576615381632, 0.0, 0.1350061532508459], "k_pid_alt": [1.5493819509574447, 0.0, 0.014521596283715818], "k_pid_att": [22.176451203098328, 0.0001, 0.5698023592451855], "k_pid_yaw": [0.5, 1e-06, 0.1], "k_pid_hsp": [0.3442060845516059, 0.00011417611012040207, 0.0], "k_pid_vsp": [392.35126008168345, 46.47084078854737, 24.386294396093128]}, "datetime": {"datetime": "2025-08-21 16:32:53", "elapsed": 28090.372171878815, "delta": 16.592609643936157}, "costs": {"total_cost": 171.11769845402273, "time_cost": 69.84, "final_distance_cost": 1.8301064268141325, "oscillation_cost": 30.11728079826314, "completition_cost": 0.0, "overshoot_cost": 50.759709462873474, "power_cost": 9.435981872558594, "noise_cost": 9.13461989351342, "n_waypoints_completed": 9, "tot_waypoints": 9}}
{"target": -176.99152575111071, "params": {"k_pid_pos": [1.1276011238654184, 0.0, 0.13800464752230987], "k_pid_alt": [0.9329770702693873, 0.0, 0.02706879469017231], "k_pid_att": [14.53879158106967, 0.0001, 0.6363169225568126], "k_pid_yaw": [0.5, 1e-06, 0.1], "k_pid_hsp": [0.13197668576774638, 0.0034826699069437465, 0.0], "k_pid_vsp": [387.901129908816, 31.620232334629506, 15.367167445253054]}, "datetime": {"datetime": "2025-08-21 16:33:10", "elapsed": 28106.731972694397, "delta": 16.359800815582275}, "costs": {"total_cost": 176.99152575111071, "time_cost": 71.44, "final_distance_cost": 1.7998590964268413, "oscillation_cost": 27.915490865149525, "completition_cost": 0.0, "overshoot_cost": 51.449657687426324, "power_cost": 13.342789123535157, "noise_cost": 11.043728978572863, "n_waypoints_completed": 9, "tot_waypoints": 9}}
{"target": -179.5747481022267, "params": {"k_pid_pos": [1.1198723197571125, 0.0, 0.15098462974401256], "k_pid_alt": [1.0807301241257798, 0.0, 0.01981180387567011], "k_pid_att": [16.101681105902333, 0.0001, 0.6360926117643877], "k_pid_yaw": [0.5, 1e-06, 0.1], "k_pid_hsp": [0.13306102519021465, 0.003920864676183994, 0.0], "k_pid_vsp": [399.9102176745008, 36.05935759947431, 19.23448359939274]}, "datetime": {"datetime": "2025-08-21 16:33:27", "elapsed": 28123.94561815262, "delta": 17.213645458221436}, "costs": {"total_cost": 179.5747481022267, "time_cost": 71.128, "final_distance_cost": 1.814452994023027, "oscillation_cost": 27.08659530835623, "completition_cost": 0.0, "overshoot_cost": 51.2692896856372, "power_cost": 15.722725891113281, "noise_cost": 12.553684223096948, "n_waypoints_completed": 9, "tot_waypoints": 9}}
{"target": -181.53835566237336, "params": {"k_pid_pos": [1.1572142335714826, 0.0, 0.16426980868109708], "k_pid_alt": [1.1176046929458228, 0.0, 0.0335206435482625], "k_pid_att": [21.096307730345323, 0.0001, 0.6780924505714201], "k_pid_yaw": [0.5, 1e-06, 0.1], "k_pid_hsp": [0.18017160632431994, 0.00018949613280483737, 0.0], "k_pid_vsp": [400.0, 20.197487292890862, 15.630566086466459]}, "datetime": {"datetime": "2025-08-21 16:33:43", "elapsed": 28139.925907611847, "delta": 15.980289459228516}, "costs": {"total_cost": 181.53835566237336, "time_cost": 71.47200000000001, "final_distance_cost": 1.829301782268698, "oscillation_cost": 28.572878344341948, "completition_cost": 0.0, "overshoot_cost": 51.06615333040889, "power_cost": 16.236596923828127, "noise_cost": 12.361425281525706, "n_waypoints_completed": 9, "tot_waypoints": 9}}
{"target": -177.99106161023306, "params": {"k_pid_pos": [1.1173647137302258, 0.0, 0.12657412360375864], "k_pid_alt": [0.8415056912991025, 0.0, 0.013752218850834464], "k_pid_att": [32.79743078150682, 0.0001, 0.6181915539468937], "k_pid_yaw": [0.5, 1e-06, 0.1], "k_pid_hsp": [0.1566996970466229, 0.001432444891884226, 0.0], "k_pid_vsp": [400.0, 31.52477517065984, 16.133717771112472]}, "datetime": {"datetime": "2025-08-21 16:34:00", "elapsed": 28156.976081848145, "delta": 17.050174236297607}, "costs": {"total_cost": 177.99106161023306, "time_cost": 71.376, "final_distance_cost": 1.8080620822302138, "oscillation_cost": 31.186582212305645, "completition_cost": 0.0, "overshoot_cost": 50.97896107709941, "power_cost": 12.39982528076172, "noise_cost": 10.241630957836053, "n_waypoints_completed": 9, "tot_waypoints": 9}}
{"target": -184.33029336858414, "params": {"k_pid_pos": [0.9160236299954763, 0.0, 0.2557798412157975], "k_pid_alt": [1.150589593894788, 0.0, 0.010227533907806435], "k_pid_att": [16.276533454977027, 0.0001, 0.6743501113878478], "k_pid_yaw": [0.5, 1e-06, 0.1], "k_pid_hsp": [0.4879071826698379, 0.0028918897718933196, 0.0], "k_pid_vsp": [399.60557509177795, 44.03200256740021, 27.372485689596846]}, "datetime": {"datetime": "2025-08-21 16:34:20", "elapsed": 28176.75775027275, "delta": 19.781668424606323}, "costs": {"total_cost": 184.33029336858414, "time_cost": 72.696, "final_distance_cost": 1.845005804466081, "oscillation_cost": 28.30347125557692, "completition_cost": 0.0, "overshoot_cost": 50.49050155734647, "power_cost": 17.983167346191408, "noise_cost": 13.012147405003258, "n_waypoints_completed": 9, "tot_waypoints": 9}}
{"target": -202.88249350926117, "params": {"k_pid_pos": [1.218740603080595, 0.0, 0.1314668462233364], "k_pid_alt": [1.2542225016658075, 0.0, 0.016133413822665178], "k_pid_att": [12.646783476179976, 0.0001, 0.6277488213213468], "k_pid_yaw": [0.5, 1e-06, 0.1], "k_pid_hsp": [0.06066913711738403, 0.0029124478786460672, 0.0], "k_pid_vsp": [400.0, 43.29704632495897, 54.315615100975734]}, "datetime": {"datetime": "2025-08-21 16:34:40", "elapsed": 28197.4035282135, "delta": 20.645777940750122}, "costs": {"total_cost": 202.88249350926117, "time_cost": 78.112, "final_distance_cost": 1.7821320469234838, "oscillation_cost": 25.2678001008678, "completition_cost": 0.0, "overshoot_cost": 55.024910840133245, "power_cost": 24.741935900878907, "noise_cost": 17.953714620457735, "n_waypoints_completed": 9, "tot_waypoints": 9}}
