{"target": -176.32565635034638, "params": {"k_pid_pos": [1.1333010607561904, 0.0, 0.0777149636055773], "k_pid_alt": [1.149443526006146, 0.0, 0.002449384895612826], "k_pid_att": [15.230355450321396, 0.0001, 0.7300074845394225], "k_pid_yaw": [0.5, 1e-06, 0.1], "k_pid_hsp": [0.1854722412906466, 0.0011099878052243878, 0.0], "k_pid_vsp": [400.0, 39.95794300105701, 17.430099343537474]}, "datetime": {"datetime": "2025-08-21 20:23:18", "elapsed": 41915.06498479843, "delta": 16.058119535446167}, "costs": {"total_cost": 176.32565635034638, "time_cost": 70.264, "final_distance_cost": 1.8014146414278451, "oscillation_cost": 29.212616511514536, "completition_cost": 0.0, "overshoot_cost": 50.971561514837084, "power_cost": 13.31988572998047, "noise_cost": 10.756177952586429, "n_waypoints_completed": 9, "tot_waypoints": 9}}
{"target": -168.25755624992192, "params": {"k_pid_pos": [1.121935481937744, 0.0, 0.1359030447371505], "k_pid_alt": [1.189090377727201, 0.0, 0.016203333607529145], "k_pid_att": [13.093902634910398, 0.0001, 0.626411059658497], "k_pid_yaw": [0.5, 1e-06, 0.1], "k_pid_hsp": [0.2853224040063171, 0.0033861562347367448, 0.0], "k_pid_vsp": [400.0, 40.43938323533641, 17.291475308153615]}, "datetime": {"datetime": "2025-08-21 20:23:37", "elapsed": 41933.63522553444, "delta": 18.57024073600769}, "costs": {"total_cost": 168.25755624992192, "time_cost": 69.96000000000001, "final_distance_cost": 1.8367746195088634, "oscillation_cost": 29.607197102623527, "completition_cost": 0.0, "overshoot_cost": 50.496126819365536, "power_cost": 8.504005395507813, "noise_cost": 7.853452312916175, "n_waypoints_completed": 9, "tot_waypoints": 9}}
{"target": -183.33624802235119, "params": {"k_pid_pos": [1.1238155283868303, 0.0, 0.13959203393660463], "k_pid_alt": [1.1877291540587356, 0.0, 0.015825704293509053], "k_pid_att": [15.678261957019332, 0.0001, 0.6357754526519683], "k_pid_yaw": [0.5, 1e-06, 0.1], "k_pid_hsp": [0.1241286626298346, 0.003962318277469273, 0.0], "k_pid_vsp": [400.0, 42.871079658958635, 17.259905737535647]}, "datetime": {"datetime": "2025-08-21 20:23:53", "elapsed": 41950.1775097847, "delta": 16.5422842502594}, "costs": {"total_cost": 183.33624802235119, "time_cost": 70.47200000000001, "final_distance_cost": 1.8005889080279078, "oscillation_cost": 27.526344905123832, "completition_cost": 0.0, "overshoot_cost": 50.88898253112685, "power_cost": 18.707448974609378, "noise_cost": 13.940882703463226, "n_waypoints_completed": 9, "tot_waypoints": 9}}
{"target": -171.75043226261215, "params": {"k_pid_pos": [1.126586292273815, 0.0, 0.14166734655583432], "k_pid_alt": [1.3078058210762205, 0.0, 0.015283018916936538], "k_pid_att": [13.755836855765248, 0.0001, 0.649573297867436], "k_pid_yaw": [0.5, 1e-06, 0.1], "k_pid_hsp": [0.09738195743262879, 0.005714422143840998, 0.0], "k_pid_vsp": [398.7024627408342, 54.03059026744256, 17.15620679211644]}, "datetime": {"datetime": "2025-08-21 20:24:11", "elapsed": 41967.774864435196, "delta": 17.597354650497437}, "costs": {"total_cost": 171.75043226261215, "time_cost": 70.632, "final_distance_cost": 1.7730830378421332, "oscillation_cost": 27.444326630277843, "completition_cost": 0.0, "overshoot_cost": 51.44742681542839, "power_cost": 10.766713269042969, "noise_cost": 9.686882510020808, "n_waypoints_completed": 9, "tot_waypoints": 9}}
{"target": -187.354872841932, "params": {"k_pid_pos": [1.124012052478456, 0.0, 0.138784581953944], "k_pid_alt": [1.1925846209756579, 0.0, 0.01594772407950939], "k_pid_att": [15.314275835664196, 0.0001, 0.6367706281990949], "k_pid_yaw": [0.5, 1e-06, 0.1], "k_pid_hsp": [0.12778275776743456, 0.0030714076842538757, 0.0], "k_pid_vsp": [400.0, 43.90361372987861, 17.484402495729178]}, "datetime": {"datetime": "2025-08-21 20:24:28", "elapsed": 41984.62941837311, "delta": 16.854553937911987}, "costs": {"total_cost": 187.354872841932, "time_cost": 71.496, "final_distance_cost": 1.8127704626619583, "oscillation_cost": 26.900733425389657, "completition_cost": 0.0, "overshoot_cost": 51.53307171317302, "power_cost": 20.407384826660156, "noise_cost": 15.20491241404721, "n_waypoints_completed": 9, "tot_waypoints": 9}}
{"target": -186.14557034606693, "params": {"k_pid_pos": [1.1591304008255667, 0.0, 0.11470470818265899], "k_pid_alt": [0.42379872182302136, 0.0, 0.006339740769549551], "k_pid_att": [37.613268692983006, 0.0001, 0.0], "k_pid_yaw": [0.5, 1e-06, 0.1], "k_pid_hsp": [0.4804965609416071, 0.036296338192765065, 0.0], "k_pid_vsp": [381.5436470382155, 44.204589070826984, 25.271081056515456]}, "datetime": {"datetime": "2025-08-21 20:24:47", "elapsed": 42003.896741867065, "delta": 19.26732349395752}, "costs": {"total_cost": 186.14557034606693, "time_cost": 77.144, "final_distance_cost": 1.847740083407503, "oscillation_cost": 37.05891780948174, "completition_cost": 0.0, "overshoot_cost": 50.43446014845552, "power_cost": 10.441319104003906, "noise_cost": 9.219133200718252, "n_waypoints_completed": 9, "tot_waypoints": 9}}
{"target": -174.3883231145039, "params": {"k_pid_pos": [1.1393547630669931, 0.0, 0.13859737665623983], "k_pid_alt": [1.1495609255486894, 0.0, 0.020537335606956045], "k_pid_att": [7.966776938431725, 0.0001, 0.6096667337143826], "k_pid_yaw": [0.5, 1e-06, 0.1], "k_pid_hsp": [0.04259492052848046, 0.0036108024923199376, 0.0], "k_pid_vsp": [400.0, 39.5859791096588, 17.556502898643856]}, "datetime": {"datetime": "2025-08-21 20:25:06", "elapsed": 42023.25348877907, "delta": 19.356746912002563}, "costs": {"total_cost": 174.3883231145039, "time_cost": 80.12, "final_distance_cost": 1.7864789425845262, "oscillation_cost": 20.856714789924652, "completition_cost": 0.0, "overshoot_cost": 56.08505953755307, "power_cost": 7.232654357910157, "noise_cost": 8.307415486531475, "n_waypoints_completed": 9, "tot_waypoints": 9}}
{"target": -933.5888354696651, "params": {"k_pid_pos": [1.1223901528650004, 0.0, 0.11156797726063988], "k_pid_alt": [1.6795229171033839, 0.0, 0.016256590895274176], "k_pid_att": [15.41436285822416, 0.0001, 0.8383419528029878], "k_pid_yaw": [0.5, 1e-06, 0.1], "k_pid_hsp": [0.015464269187713764, 0.003046598696083035, 0.0], "k_pid_vsp": [399.70635747318255, 40.59427770959583, 14.261860240413274]}, "datetime": {"datetime": "2025-08-21 20:25:30", "elapsed": 42047.07538795471, "delta": 23.82189917564392}, "costs": {"total_cost": 933.5888354696651, "time_cost": 150, "final_distance_cost": 51.662826020607866, "oscillation_cost": 6.302216880804633, "completition_cost": 666.6666666666667, "overshoot_cost": 48.01228363877375, "power_cost": 4.525989916992188, "noise_cost": 6.418852345819882, "n_waypoints_completed": 3, "tot_waypoints": 9}}
{"target": -173.32627178195645, "params": {"k_pid_pos": [1.5106665319994357, 0.0, 0.13225118249183251], "k_pid_alt": [1.225641685947036, 0.0, 0.013782896472585652], "k_pid_att": [15.292913369388135, 0.0001, 0.5610831726492325], "k_pid_yaw": [0.5, 1e-06, 0.1], "k_pid_hsp": [0.2141547676395227, 0.003247870709750008, 0.0], "k_pid_vsp": [400.0, 42.78610451093985, 17.73911376152792]}, "datetime": {"datetime": "2025-08-21 20:25:47", "elapsed": 42063.43550515175, "delta": 16.360117197036743}, "costs": {"total_cost": 173.32627178195645, "time_cost": 70.06400000000001, "final_distance_cost": 1.8103507909772996, "oscillation_cost": 31.051479625687616, "completition_cost": 0.0, "overshoot_cost": 50.803935736781234, "power_cost": 10.516604504394532, "noise_cost": 9.07990112411575, "n_waypoints_completed": 9, "tot_waypoints": 9}}
{"target": -182.615595926136, "params": {"k_pid_pos": [1.1212550924514912, 0.02117084667098973, 0.1385157139295866], "k_pid_alt": [1.1901596948098216, 0.0, 0.014359647693542324], "k_pid_att": [19.59268012773142, 0.11039199172240645, 0.65829594165409], "k_pid_yaw": [0.5, 1e-06, 0.1], "k_pid_hsp": [0.21777166662264139, 0.0033777666309891883, 0.0], "k_pid_vsp": [389.6562385918028, 45.135073850003984, 17.84486731370541]}, "datetime": {"datetime": "2025-08-21 20:26:03", "elapsed": 42079.83888936043, "delta": 16.4033842086792}, "costs": {"total_cost": 182.615595926136, "time_cost": 70.592, "final_distance_cost": 1.8088351689472866, "oscillation_cost": 28.83359660968041, "completition_cost": 0.0, "overshoot_cost": 50.628592466795425, "power_cost": 17.40368309326172, "noise_cost": 13.348888587451174, "n_waypoints_completed": 9, "tot_waypoints": 9}}
{"target": -185.29523353051908, "params": {"k_pid_pos": [1.1060236525656995, 0.0, 0.12915320184074647], "k_pid_alt": [1.2420080196097645, 0.0, 0.0], "k_pid_att": [14.115803386748764, 0.0001, 0.6418675398079947], "k_pid_yaw": [0.5, 1e-06, 0.1], "k_pid_hsp": [0.1259024258905232, 0.0032756163989084825, 0.0], "k_pid_vsp": [400.0, 34.86227615007417, 18.51390339034347]}, "datetime": {"datetime": "2025-08-21 20:26:21", "elapsed": 42097.97637629509, "delta": 18.137486934661865}, "costs": {"total_cost": 185.29523353051908, "time_cost": 71.16, "final_distance_cost": 1.8018872834334336, "oscillation_cost": 27.258781371966514, "completition_cost": 0.0, "overshoot_cost": 51.867816947831315, "power_cost": 18.94995866699219, "noise_cost": 14.256789260295614, "n_waypoints_completed": 9, "tot_waypoints": 9}}
{"target": -189.7215287019061, "params": {"k_pid_pos": [1.1577515180188194, 0.0, 0.12478960846101367], "k_pid_alt": [1.176350904651711, 0.0, 0.02037268765618586], "k_pid_att": [15.169771194420113, 0.0001, 0.6524047204866087], "k_pid_yaw": [0.5, 1e-06, 0.1], "k_pid_hsp": [0.17663033542654968, 0.002835611370855504, 0.0], "k_pid_vsp": [398.94991205617697, 16.235798447419498, 17.07000710059153]}, "datetime": {"datetime": "2025-08-21 20:26:38", "elapsed": 42114.855503320694, "delta": 16.879127025604248}, "costs": {"total_cost": 189.7215287019061, "time_cost": 71.144, "final_distance_cost": 1.814121692420591, "oscillation_cost": 28.29094908951564, "completition_cost": 0.0, "overshoot_cost": 51.84707166924728, "power_cost": 20.985899267578127, "noise_cost": 15.63948698314446, "n_waypoints_completed": 9, "tot_waypoints": 9}}
{"target": -187.34605838188048, "params": {"k_pid_pos": [1.1243748411130972, 0.0, 0.1534073528306612], "k_pid_alt": [1.1949376616674372, 0.0, 0.017527927488699968], "k_pid_att": [15.159969160035761, 0.0001, 0.6537774892917572], "k_pid_yaw": [0.5, 1e-06, 0.1], "k_pid_hsp": [0.12665359633074302, 0.0035404891220240766, 0.0], "k_pid_vsp": [395.99769090636494, 38.562119085544765, 16.850525781118478]}, "datetime": {"datetime": "2025-08-21 20:26:56", "elapsed": 42132.65222144127, "delta": 17.79671812057495}, "costs": {"total_cost": 187.34605838188048, "time_cost": 70.944, "final_distance_cost": 1.8098551506812854, "oscillation_cost": 27.565322936779506, "completition_cost": 0.0, "overshoot_cost": 51.710294139008674, "power_cost": 20.565290490722656, "noise_cost": 14.751295664688374, "n_waypoints_completed": 9, "tot_waypoints": 9}}
{"target": -184.37916509883928, "params": {"k_pid_pos": [1.1176581206567893, 0.0, 0.09912188012935605], "k_pid_alt": [1.0350817903511609, 0.0, 0.015239227600644913], "k_pid_att": [15.280353561569957, 0.00042396761897955763, 0.6387315714249853], "k_pid_yaw": [0.5, 1e-06, 0.1], "k_pid_hsp": [0.49241488357436225, 0.003377578842981526, 0.0], "k_pid_vsp": [400.0, 42.77951430555461, 19.909115527134855]}, "datetime": {"datetime": "2025-08-21 20:27:12", "elapsed": 42148.95700454712, "delta": 16.30478310585022}, "costs": {"total_cost": 184.37916509883928, "time_cost": 70.784, "final_distance_cost": 1.8453815954950552, "oscillation_cost": 30.97947814199153, "completition_cost": 0.0, "overshoot_cost": 51.15520232968707, "power_cost": 16.609318090820313, "noise_cost": 13.005784940845308, "n_waypoints_completed": 9, "tot_waypoints": 9}}
{"target": -189.98567024836075, "params": {"k_pid_pos": [1.0999280451183915, 0.0, 0.17744164262175516], "k_pid_alt": [1.109123478153966, 0.0, 0.016155566107116267], "k_pid_att": [15.335876329742087, 0.0001, 0.6334787194382888], "k_pid_yaw": [0.5, 1e-06, 0.1], "k_pid_hsp": [0.12510626957868648, 0.003228344966820695, 0.0], "k_pid_vsp": [395.7233999180452, 45.254313891682685, 11.219759143536912]}, "datetime": {"datetime": "2025-08-21 20:27:30", "elapsed": 42166.43701386452, "delta": 17.48000931739807}, "costs": {"total_cost": 189.98567024836075, "time_cost": 71.736, "final_distance_cost": 1.812834868983895, "oscillation_cost": 26.70809088418989, "completition_cost": 0.0, "overshoot_cost": 51.6198246016902, "power_cost": 22.084464868164062, "noise_cost": 16.0244550253327, "n_waypoints_completed": 9, "tot_waypoints": 9}}
{"target": -186.1901271573674, "params": {"k_pid_pos": [1.0658439206112673, 0.0, 0.14387525949210578], "k_pid_alt": [1.1904420841798957, 0.0, 0.014047684792461098], "k_pid_att": [13.196861748186343, 0.0001, 0.6404810150997938], "k_pid_yaw": [0.5, 1e-06, 0.1], "k_pid_hsp": [0.3429729275723332, 0.003518087601819289, 0.0], "k_pid_vsp": [400.0, 44.01185835796082, 17.704582594605156]}, "datetime": {"datetime": "2025-08-21 20:27:46", "elapsed": 42183.067350149155, "delta": 16.63033628463745}, "costs": {"total_cost": 186.1901271573674, "time_cost": 70.328, "final_distance_cost": 1.8343064906500919, "oscillation_cost": 29.608744451164355, "completition_cost": 0.0, "overshoot_cost": 51.136168901273614, "power_cost": 19.229867163085938, "noise_cost": 14.05304015119342, "n_waypoints_completed": 9, "tot_waypoints": 9}}
{"target": -178.68565203329058, "params": {"k_pid_pos": [1.1467454919028475, 0.0, 0.14110641963372406], "k_pid_alt": [1.1932653719397928, 0.0, 0.012484252910342166], "k_pid_att": [18.494006049230382, 0.0001, 0.7307005074100661], "k_pid_yaw": [0.5, 1e-06, 0.1], "k_pid_hsp": [0.1320709541800162, 0.0038352562404249447, 0.0], "k_pid_vsp": [400.0, 29.51140428528122, 18.469329322063178]}, "datetime": {"datetime": "2025-08-21 20:28:02", "elapsed": 42199.19638514519, "delta": 16.129034996032715}, "costs": {"total_cost": 178.68565203329058, "time_cost": 70.664, "final_distance_cost": 1.804839327129525, "oscillation_cost": 28.36909239638673, "completition_cost": 0.0, "overshoot_cost": 52.21615932782962, "power_cost": 14.077906982421876, "noise_cost": 11.553653999522833, "n_waypoints_completed": 9, "tot_waypoints": 9}}
{"target": -181.57348256616712, "params": {"k_pid_pos": [1.1793159966922584, 0.0, 0.14101098669076784], "k_pid_alt": [1.1961796784131888, 0.0, 0.015827008054751675], "k_pid_att": [16.835346547614208, 0.0001, 0.6102191430366664], "k_pid_yaw": [0.5, 1e-06, 0.1], "k_pid_hsp": [0.11818780522227058, 0.003474329410536182, 0.0], "k_pid_vsp": [400.0, 57.162050786432644, 17.12325588469814]}, "datetime": {"datetime": "2025-08-21 20:28:23", "elapsed": 42219.88111948967, "delta": 20.684734344482422}, "costs": {"total_cost": 181.57348256616712, "time_cost": 70.656, "final_distance_cost": 1.7981185381502314, "oscillation_cost": 27.996197583023946, "completition_cost": 0.0, "overshoot_cost": 51.20163224128967, "power_cost": 17.00561365966797, "noise_cost": 12.91592054403529, "n_waypoints_completed": 9, "tot_waypoints": 9}}
{"target": -187.6027806958172, "params": {"k_pid_pos": [1.1172160254768086, 0.0, 0.1295883340633401], "k_pid_alt": [1.0988212780133886, 0.0, 0.012559734453865193], "k_pid_att": [14.010566973175512, 0.0001, 0.6376347046421528], "k_pid_yaw": [0.5, 1e-06, 0.1], "k_pid_hsp": [0.12454483600206241, 0.0033889126189684065, 0.0], "k_pid_vsp": [400.0, 50.816323276073966, 17.371693110078006]}, "datetime": {"datetime": "2025-08-21 20:28:42", "elapsed": 42239.20558285713, "delta": 19.324463367462158}, "costs": {"total_cost": 187.6027806958172, "time_cost": 73.48, "final_distance_cost": 1.8067358642088525, "oscillation_cost": 28.715780245304124, "completition_cost": 0.0, "overshoot_cost": 52.30880027381823, "power_cost": 17.699090270996095, "noise_cost": 13.592374041489865, "n_waypoints_completed": 9, "tot_waypoints": 9}}
{"target": -173.97318458860863, "params": {"k_pid_pos": [1.1775956174865563, 0.0, 0.1399930811356744], "k_pid_alt": [1.0800487427671321, 0.0, 0.007885840030047194], "k_pid_att": [10.121009849819274, 0.0001, 0.6434040534577681], "k_pid_yaw": [0.5, 1e-06, 0.1], "k_pid_hsp": [0.12065814047452933, 0.002676264641510269, 0.0], "k_pid_vsp": [400.0, 62.90540303364152, 17.39051949257692]}, "datetime": {"datetime": "2025-08-21 20:29:01", "elapsed": 42257.87140583992, "delta": 18.665822982788086}, "costs": {"total_cost": 173.97318458860863, "time_cost": 70.34400000000001, "final_distance_cost": 1.8107282478502116, "oscillation_cost": 27.8573704510152, "completition_cost": 0.0, "overshoot_cost": 51.19461819632318, "power_cost": 12.316551086425783, "noise_cost": 10.449916606994249, "n_waypoints_completed": 9, "tot_waypoints": 9}}
{"target": -181.00534680646626, "params": {"k_pid_pos": [1.1119905100390663, 0.0, 0.12262034171732926], "k_pid_alt": [1.1960025848216458, 0.0, 0.013081674137190052], "k_pid_att": [15.494952264215566, 0.0001, 0.6349663279590584], "k_pid_yaw": [0.5, 1e-06, 0.1], "k_pid_hsp": [0.12133037794954994, 0.0036516238672465143, 0.0], "k_pid_vsp": [400.0, 44.005986552878, 15.003459534286431]}, "datetime": {"datetime": "2025-08-21 20:29:18", "elapsed": 42274.45047831535, "delta": 16.57907247543335}, "costs": {"total_cost": 181.00534680646626, "time_cost": 71.57600000000001, "final_distance_cost": 1.8191177381843784, "oscillation_cost": 27.290707615355362, "completition_cost": 0.0, "overshoot_cost": 52.266415322142514, "power_cost": 15.633473657226563, "noise_cost": 12.419632473557446, "n_waypoints_completed": 9, "tot_waypoints": 9}}
{"target": -181.6970440132068, "params": {"k_pid_pos": [1.1412017131571055, 0.0, 0.13082878519948676], "k_pid_alt": [1.0995099758753255, 0.0, 0.01568866713820025], "k_pid_att": [17.701269006179814, 0.0001, 0.6284867350991445], "k_pid_yaw": [0.5, 1e-06, 0.1], "k_pid_hsp": [0.13320149161825853, 0.002935536552815689, 0.0], "k_pid_vsp": [400.0, 36.7395058096284, 20.34631691672898]}, "datetime": {"datetime": "2025-08-21 20:29:35", "elapsed": 42292.0073287487, "delta": 17.55685043334961}, "costs": {"total_cost": 181.6970440132068, "time_cost": 73.296, "final_distance_cost": 1.8058853349528254, "oscillation_cost": 28.82388809685813, "completition_cost": 0.0, "overshoot_cost": 52.373134073815, "power_cost": 13.66876981201172, "noise_cost": 11.729366695569134, "n_waypoints_completed": 9, "tot_waypoints": 9}}
{"target": -170.87068762315747, "params": {"k_pid_pos": [1.1508807823958622, 0.0, 0.11624227649140963], "k_pid_alt": [1.0822435883363082, 0.0, 0.014759121721030074], "k_pid_att": [18.685419491722687, 0.0001, 0.5685062283968716], "k_pid_yaw": [0.5, 1e-06, 0.1], "k_pid_hsp": [0.10941927800403983, 0.005944436006106906, 0.0], "k_pid_vsp": [399.8662318637625, 55.42156265542257, 24.051005980624847]}, "datetime": {"datetime": "2025-08-21 20:29:53", "elapsed": 42309.823922395706, "delta": 17.816593647003174}, "costs": {"total_cost": 170.87068762315747, "time_cost": 70.408, "final_distance_cost": 1.7828138006774412, "oscillation_cost": 28.015466354375754, "completition_cost": 0.0, "overshoot_cost": 50.645889597481876, "power_cost": 10.531791113281251, "noise_cost": 9.486726757341133, "n_waypoints_completed": 9, "tot_waypoints": 9}}
{"target": -211.91875386316732, "params": {"k_pid_pos": [1.101036319198849, 0.0, 0.1361883124125674], "k_pid_alt": [1.1542419892555846, 0.0, 0.002843798620503638], "k_pid_att": [18.024075097054077, 0.0001, 0.5970825685848901], "k_pid_yaw": [0.5, 1e-06, 0.1], "k_pid_hsp": [0.24306865792761856, 0.002589943375497873, 0.0], "k_pid_vsp": [397.6450080667165, 1e-06, 29.75037915739765]}, "datetime": {"datetime": "2025-08-21 20:30:12", "elapsed": 42328.67741942406, "delta": 18.85349702835083}, "costs": {"total_cost": 211.91875386316732, "time_cost": 80.968, "final_distance_cost": 1.8356155503230183, "oscillation_cost": 29.378669147306777, "completition_cost": 0.0, "overshoot_cost": 57.601599121958465, "power_cost": 22.14794412841797, "noise_cost": 19.986925915161095, "n_waypoints_completed": 9, "tot_waypoints": 9}}
{"target": -168.4831112646213, "params": {"k_pid_pos": [1.1211697801489853, 0.0, 0.13924424455687237], "k_pid_alt": [1.1662689316005574, 0.0, 0.015262290772450981], "k_pid_att": [15.397287172669849, 0.0001, 0.6390167310411645], "k_pid_yaw": [0.5, 1e-06, 0.1], "k_pid_hsp": [0.12710811840974248, 0.0029976327226991176, 0.0], "k_pid_vsp": [399.9458817657287, 50.77224368324166, 12.363091465768399]}, "datetime": {"datetime": "2025-08-21 20:30:30", "elapsed": 42347.349017858505, "delta": 18.671598434448242}, "costs": {"total_cost": 168.4831112646213, "time_cost": 70.336, "final_distance_cost": 1.7972030618816666, "oscillation_cost": 27.694859011266594, "completition_cost": 0.0, "overshoot_cost": 51.53233128463835, "power_cost": 8.534913696289063, "noise_cost": 8.587804210545604, "n_waypoints_completed": 9, "tot_waypoints": 9}}
{"target": -183.1328498340019, "params": {"k_pid_pos": [1.1221885875087123, 0.0, 0.17288844611867385], "k_pid_alt": [1.0803518640313596, 0.0, 0.012978346174634604], "k_pid_att": [15.469780899878574, 0.0001, 0.6336103462693321], "k_pid_yaw": [0.5, 1e-06, 0.1], "k_pid_hsp": [0.13362255666857178, 0.003984410779205197, 0.0], "k_pid_vsp": [396.7316235953729, 22.32936519573163, 17.93251628824905]}, "datetime": {"datetime": "2025-08-21 20:30:47", "elapsed": 42364.42971587181, "delta": 17.080698013305664}, "costs": {"total_cost": 183.1328498340019, "time_cost": 71.104, "final_distance_cost": 1.8048460562574953, "oscillation_cost": 27.71685860347342, "completition_cost": 0.0, "overshoot_cost": 51.728817435656765, "power_cost": 17.368251721191406, "noise_cost": 13.410076017422833, "n_waypoints_completed": 9, "tot_waypoints": 9}}
