{"target": -175.03453844585127, "params": {"k_pid_pos": [1.1430425209198163, 0.0, 0.13944687324377336], "k_pid_alt": [1.288404136677839, 0.0, 0.008854150473856005], "k_pid_att": [18.54541284471344, 0.0001, 0.5958331582444449], "k_pid_yaw": [0.5, 1e-06, 0.1], "k_pid_hsp": [0.1700832998487698, 0.0029721478959220883, 0.0], "k_pid_vsp": [400.0, 40.25440917074347, 18.1211482755069]}, "datetime": {"datetime": "2025-08-21 17:20:39", "elapsed": 30955.941906929016, "delta": 16.589120626449585}, "costs": {"total_cost": 175.03453844585127, "time_cost": 69.912, "final_distance_cost": 1.8240682007224716, "oscillation_cost": 28.2449343158496, "completition_cost": 0.0, "overshoot_cost": 50.69687728265456, "power_cost": 13.452328979492188, "noise_cost": 10.90432966713242, "n_waypoints_completed": 9, "tot_waypoints": 9}}
{"target": -181.72563801804517, "params": {"k_pid_pos": [1.1265703375518323, 0.0, 0.10501866425765305], "k_pid_alt": [0.9520053960685212, 0.0, 0.017898798715339333], "k_pid_att": [16.786378381089584, 0.0001, 0.7254443858143731], "k_pid_yaw": [0.5, 1e-06, 0.1], "k_pid_hsp": [0.08749833247576935, 0.0030331586554742745, 0.0], "k_pid_vsp": [399.0962951258929, 13.298124059217756, 13.360885368423267]}, "datetime": {"datetime": "2025-08-21 17:20:56", "elapsed": 30972.91648387909, "delta": 16.974576950073242}, "costs": {"total_cost": 181.72563801804517, "time_cost": 73.096, "final_distance_cost": 1.7600103016515694, "oscillation_cost": 26.82219062175123, "completition_cost": 0.0, "overshoot_cost": 52.594918720742854, "power_cost": 15.130266906738282, "noise_cost": 12.322251467161243, "n_waypoints_completed": 9, "tot_waypoints": 9}}
{"target": -1246.847668715787, "params": {"k_pid_pos": [1.306386595506205, 0.0, 0.13840152865063382], "k_pid_alt": [1.1881022969073676, 0.0, 0.003958547529199433], "k_pid_att": [16.843901594942935, 0.0001, 0.7423248846038215], "k_pid_yaw": [0.5, 1e-06, 0.1], "k_pid_hsp": [0.0001, 0.0036132437821225945, 0.0], "k_pid_vsp": [400.0, 38.360435467853925, 17.03189686270511]}, "datetime": {"datetime": "2025-08-21 17:21:20", "elapsed": 30996.719565153122, "delta": 23.803081274032593}, "costs": {"total_cost": 1246.847668715787, "time_cost": 150, "final_distance_cost": 52.65811213530953, "oscillation_cost": 0.7251400780054932, "completition_cost": 888.8888888888888, "overshoot_cost": 94.36624630242011, "power_cost": 36.543405712890625, "noise_cost": 23.665875598272084, "n_waypoints_completed": 1, "tot_waypoints": 9}}
{"target": -178.4102553710283, "params": {"k_pid_pos": [1.1282594013860596, 0.03214338287393422, 0.13647031895979025], "k_pid_alt": [1.20182693594893, 0.0, 0.015978376934059804], "k_pid_att": [21.62230468792231, 0.15866549332730967, 0.6217331038245567], "k_pid_yaw": [0.5, 1e-06, 0.1], "k_pid_hsp": [0.17419686176458227, 0.003366236214870151, 0.0], "k_pid_vsp": [394.092675402621, 43.10545742671221, 16.978814576747233]}, "datetime": {"datetime": "2025-08-21 17:21:37", "elapsed": 31013.649070739746, "delta": 16.929505586624146}, "costs": {"total_cost": 178.4102553710283, "time_cost": 70.672, "final_distance_cost": 1.8250626355642579, "oscillation_cost": 28.00657815753766, "completition_cost": 0.0, "overshoot_cost": 51.37449401142036, "power_cost": 14.595296557617187, "noise_cost": 11.936824008888877, "n_waypoints_completed": 9, "tot_waypoints": 9}}
{"target": -169.47081020081743, "params": {"k_pid_pos": [1.0943164507434675, 0.0, 0.09395786379380837], "k_pid_alt": [1.0197762845693088, 0.0, 0.0], "k_pid_att": [13.726555034781914, 0.0001, 0.6357728280465742], "k_pid_yaw": [0.5, 1e-06, 0.1], "k_pid_hsp": [0.1218961181678137, 0.003671413999480802, 0.0], "k_pid_vsp": [400.0, 18.593769097932412, 18.20430216405628]}, "datetime": {"datetime": "2025-08-21 17:21:54", "elapsed": 31030.544823408127, "delta": 16.895752668380737}, "costs": {"total_cost": 169.47081020081743, "time_cost": 70.976, "final_distance_cost": 1.7743928447499238, "oscillation_cost": 27.62841038040281, "completition_cost": 0.0, "overshoot_cost": 51.067782514839585, "power_cost": 9.653155578613282, "noise_cost": 8.371068882211816, "n_waypoints_completed": 9, "tot_waypoints": 9}}
{"target": -179.46863903372673, "params": {"k_pid_pos": [1.2426684470689175, 2.3414246224475653e-05, 0.15159777302081032], "k_pid_alt": [0.9824771423765594, 0.0, 0.013531485905093805], "k_pid_att": [17.106744902832858, 0.0001, 0.6131385518856938], "k_pid_yaw": [0.5, 1e-06, 0.1], "k_pid_hsp": [0.1917517978452459, 0.003123777756121174, 0.0], "k_pid_vsp": [397.26476248519623, 39.86569759077716, 16.739476200548403]}, "datetime": {"datetime": "2025-08-21 17:22:11", "elapsed": 31048.011371850967, "delta": 17.466548442840576}, "costs": {"total_cost": 179.46863903372673, "time_cost": 70.184, "final_distance_cost": 1.8225198113589414, "oscillation_cost": 29.57757361452349, "completition_cost": 0.0, "overshoot_cost": 50.40221756169433, "power_cost": 15.321164074707031, "noise_cost": 12.161163971442942, "n_waypoints_completed": 9, "tot_waypoints": 9}}
{"target": -183.56579294315787, "params": {"k_pid_pos": [1.125319845712276, 0.0, 0.009607640046556822], "k_pid_alt": [1.2792508864703174, 0.0, 0.006801984786588396], "k_pid_att": [15.180836109645186, 0.0001, 0.6501115137117057], "k_pid_yaw": [0.5, 1e-06, 0.1], "k_pid_hsp": [0.1412986074603446, 0.003343410423743842, 0.0], "k_pid_vsp": [394.0921967665554, 1e-06, 13.588626710360382]}, "datetime": {"datetime": "2025-08-21 17:22:28", "elapsed": 31064.62073802948, "delta": 16.609366178512573}, "costs": {"total_cost": 183.56579294315787, "time_cost": 71.4, "final_distance_cost": 1.8010731507290016, "oscillation_cost": 29.01478541374902, "completition_cost": 0.0, "overshoot_cost": 51.92232414194874, "power_cost": 16.494188427734375, "noise_cost": 12.93342180899673, "n_waypoints_completed": 9, "tot_waypoints": 9}}
{"target": -166.34565061348712, "params": {"k_pid_pos": [1.1237405597302614, 0.0, 0.12054579683433808], "k_pid_alt": [1.223638064531909, 0.0, 0.014390762966507119], "k_pid_att": [15.44724884791552, 0.004136282526758902, 0.6305894212482592], "k_pid_yaw": [0.5, 1e-06, 0.1], "k_pid_hsp": [0.33074820482615147, 0.0019570824699667836, 0.0], "k_pid_vsp": [400.0, 42.38784488771897, 18.52384855833574]}, "datetime": {"datetime": "2025-08-21 17:22:45", "elapsed": 31082.06282234192, "delta": 17.442084312438965}, "costs": {"total_cost": 166.34565061348712, "time_cost": 70.488, "final_distance_cost": 1.8270138849821396, "oscillation_cost": 29.832800803357298, "completition_cost": 0.0, "overshoot_cost": 50.95009481555217, "power_cost": 6.575224987792969, "noise_cost": 6.672516121802551, "n_waypoints_completed": 9, "tot_waypoints": 9}}
{"target": -182.42184758188344, "params": {"k_pid_pos": [1.1026259152738995, 0.0, 0.13267045330661606], "k_pid_alt": [1.2067476851694858, 0.0, 0.01577931148188912], "k_pid_att": [15.952261306365676, 0.0001, 0.6321441004170633], "k_pid_yaw": [0.5, 1e-06, 0.1], "k_pid_hsp": [0.13366351761421702, 0.002160293979594657, 0.0], "k_pid_vsp": [398.24043000511796, 14.45721422421714, 15.045210472270638]}, "datetime": {"datetime": "2025-08-21 17:23:01", "elapsed": 31097.926295995712, "delta": 15.863473653793335}, "costs": {"total_cost": 182.42184758188344, "time_cost": 72.152, "final_distance_cost": 1.7929101202380637, "oscillation_cost": 27.027326130377947, "completition_cost": 0.0, "overshoot_cost": 52.1232969525634, "power_cost": 16.4661615234375, "noise_cost": 12.86015285526653, "n_waypoints_completed": 9, "tot_waypoints": 9}}
{"target": -177.51824599646744, "params": {"k_pid_pos": [1.2539734047270004, 0.0, 0.13145057860565842], "k_pid_alt": [1.2030298788385054, 0.0, 0.013476866149150753], "k_pid_att": [9.306657074346761, 0.0001, 0.6373686006288133], "k_pid_yaw": [0.5, 1e-06, 0.1], "k_pid_hsp": [0.275844996846193, 0.0026641132008594394, 0.0], "k_pid_vsp": [400.0, 39.31311444419547, 16.29773009136424]}, "datetime": {"datetime": "2025-08-21 17:23:19", "elapsed": 31115.851691246033, "delta": 17.925395250320435}, "costs": {"total_cost": 177.51824599646744, "time_cost": 70.24, "final_distance_cost": 1.8280444007830305, "oscillation_cost": 30.335277181320503, "completition_cost": 0.0, "overshoot_cost": 51.14967901601675, "power_cost": 13.47681473388672, "noise_cost": 10.488430664460452, "n_waypoints_completed": 9, "tot_waypoints": 9}}
{"target": -191.68297613987716, "params": {"k_pid_pos": [1.153731552920902, 0.0, 0.14451880848322743], "k_pid_alt": [1.1524203519286909, 0.0, 0.011017075256534501], "k_pid_att": [17.59094709206182, 0.0001, 0.6602990222651214], "k_pid_yaw": [0.5, 1e-06, 0.1], "k_pid_hsp": [0.12121290488604056, 0.0018443991026696215, 0.0], "k_pid_vsp": [400.0, 34.65915590820935, 18.333239418860767]}, "datetime": {"datetime": "2025-08-21 17:23:35", "elapsed": 31131.884735822678, "delta": 16.033044576644897}, "costs": {"total_cost": 191.68297613987716, "time_cost": 71.184, "final_distance_cost": 1.789355849837317, "oscillation_cost": 27.627491447432206, "completition_cost": 0.0, "overshoot_cost": 51.96491960434238, "power_cost": 22.836081079101564, "noise_cost": 16.281128159163668, "n_waypoints_completed": 9, "tot_waypoints": 9}}
{"target": -1123.3492740187662, "params": {"k_pid_pos": [1.144999281387284, 0.0, 0.13941147899097336], "k_pid_alt": [1.211178594074632, 0.0, 0.016848876090315393], "k_pid_att": [20.560571067122623, 0.0001, 0.637345979421862], "k_pid_yaw": [0.5, 1e-06, 0.1], "k_pid_hsp": [0.006548676220017466, 0.003153303792149887, 0.0], "k_pid_vsp": [400.0, 46.93788859618651, 14.670739222231825]}, "datetime": {"datetime": "2025-08-21 17:23:59", "elapsed": 31156.0519425869, "delta": 24.16720676422119}, "costs": {"total_cost": 1123.3492740187662, "time_cost": 150, "final_distance_cost": 84.41175820247479, "oscillation_cost": 3.412430229638416, "completition_cost": 777.7777777777778, "overshoot_cost": 49.47924960931297, "power_cost": 35.05189571533203, "noise_cost": 23.216162484230118, "n_waypoints_completed": 2, "tot_waypoints": 9}}
{"target": -182.81316992784332, "params": {"k_pid_pos": [1.120929371737279, 0.0, 0.13781333871673795], "k_pid_alt": [1.1200938561140694, 0.0, 0.011172021283152218], "k_pid_att": [12.676996332526041, 0.0001, 0.6131611108026969], "k_pid_yaw": [0.5, 1e-06, 0.1], "k_pid_hsp": [0.07624680708791, 0.0034006439887499804, 0.0], "k_pid_vsp": [400.0, 19.513850276815756, 15.808698806962733]}, "datetime": {"datetime": "2025-08-21 17:24:18", "elapsed": 31174.888184547424, "delta": 18.836241960525513}, "costs": {"total_cost": 182.81316992784332, "time_cost": 74.184, "final_distance_cost": 1.75613523453233, "oscillation_cost": 26.187564325741345, "completition_cost": 0.0, "overshoot_cost": 52.315004157648254, "power_cost": 16.27530489501953, "noise_cost": 12.09516131490185, "n_waypoints_completed": 9, "tot_waypoints": 9}}
{"target": -173.04534501196895, "params": {"k_pid_pos": [1.19227882663408, 0.0, 0.14160351912082547], "k_pid_alt": [1.0964022782001792, 0.0, 0.02276211845801826], "k_pid_att": [17.88701255876348, 0.0001, 0.6469948170038057], "k_pid_yaw": [0.5, 1e-06, 0.1], "k_pid_hsp": [0.13159094598317805, 0.002853493851713002, 0.0], "k_pid_vsp": [400.0, 32.16265406999287, 17.23903123074094]}, "datetime": {"datetime": "2025-08-21 17:24:34", "elapsed": 31190.868802785873, "delta": 15.980618238449097}, "costs": {"total_cost": 173.04534501196895, "time_cost": 70.512, "final_distance_cost": 1.795899268393889, "oscillation_cost": 28.196116090996135, "completition_cost": 0.0, "overshoot_cost": 50.779448184984204, "power_cost": 11.674434423828126, "noise_cost": 10.087447043766584, "n_waypoints_completed": 9, "tot_waypoints": 9}}
{"target": -175.55389873582317, "params": {"k_pid_pos": [1.1144665388941357, 0.0, 0.12241745947609675], "k_pid_alt": [1.1927672793702717, 0.0, 0.010748236571184608], "k_pid_att": [16.628272131314674, 0.0001, 0.6198322667765828], "k_pid_yaw": [0.5, 1e-06, 0.1], "k_pid_hsp": [0.11237676621396578, 0.003296435295981027, 0.0], "k_pid_vsp": [400.0, 47.444016389421535, 34.23364914725843]}, "datetime": {"datetime": "2025-08-21 17:24:51", "elapsed": 31208.124306201935, "delta": 17.2555034160614}, "costs": {"total_cost": 175.55389873582317, "time_cost": 70.24, "final_distance_cost": 1.798715481394641, "oscillation_cost": 27.1552476052311, "completition_cost": 0.0, "overshoot_cost": 51.217736311306005, "power_cost": 14.494206896972656, "noise_cost": 10.647992440918777, "n_waypoints_completed": 9, "tot_waypoints": 9}}
{"target": -185.6901357441465, "params": {"k_pid_pos": [1.1282088612724686, 0.0, 0.13571887616034337], "k_pid_alt": [1.1459634733799542, 0.0, 0.016095019749507673], "k_pid_att": [10.91900483311946, 0.0001, 0.6240172749518744], "k_pid_yaw": [0.5, 1e-06, 0.1], "k_pid_hsp": [0.14310866913598314, 0.002153294794066552, 0.0], "k_pid_vsp": [400.0, 30.882483030155978, 17.564689036180795]}, "datetime": {"datetime": "2025-08-21 17:25:07", "elapsed": 31224.074311494827, "delta": 15.950005292892456}, "costs": {"total_cost": 185.6901357441465, "time_cost": 71.096, "final_distance_cost": 1.7984639882920892, "oscillation_cost": 27.800609948845853, "completition_cost": 0.0, "overshoot_cost": 51.96111160384341, "power_cost": 18.94292176513672, "noise_cost": 14.0910284380284, "n_waypoints_completed": 9, "tot_waypoints": 9}}
{"target": -180.1110888006092, "params": {"k_pid_pos": [1.0896718853479013, 0.0, 0.128554162697116], "k_pid_alt": [0.9563280264374578, 0.0, 0.014902907440373257], "k_pid_att": [22.46978885553245, 0.0001, 0.6764358558055674], "k_pid_yaw": [0.5, 1e-06, 0.1], "k_pid_hsp": [0.2789324100738283, 0.007904957663648217, 0.0], "k_pid_vsp": [399.7635386176568, 29.874833238676374, 25.88344452217801]}, "datetime": {"datetime": "2025-08-21 17:25:24", "elapsed": 31240.821365118027, "delta": 16.747053623199463}, "costs": {"total_cost": 180.1110888006092, "time_cost": 70.464, "final_distance_cost": 1.8363964732943656, "oscillation_cost": 30.034798183765126, "completition_cost": 0.0, "overshoot_cost": 49.817461296121614, "power_cost": 15.532728686523438, "noise_cost": 12.425704160904637, "n_waypoints_completed": 9, "tot_waypoints": 9}}
{"target": -189.67761857380438, "params": {"k_pid_pos": [1.1033909607051222, 0.0, 0.13608604012495362], "k_pid_alt": [1.0631856258983237, 0.0, 0.015586754985059048], "k_pid_att": [20.455646770277554, 0.0001, 0.6111552064744747], "k_pid_yaw": [0.5, 1e-06, 0.1], "k_pid_hsp": [0.03639399245007696, 0.004805939416775292, 0.0], "k_pid_vsp": [398.87825603857317, 17.107479797067654, 14.298282638808361]}, "datetime": {"datetime": "2025-08-21 17:25:45", "elapsed": 31261.677908420563, "delta": 20.85654330253601}, "costs": {"total_cost": 189.67761857380438, "time_cost": 87.24, "final_distance_cost": 1.7700573992824076, "oscillation_cost": 19.41579354586288, "completition_cost": 0.0, "overshoot_cost": 57.06935838079846, "power_cost": 12.563853186035157, "noise_cost": 11.618556061825505, "n_waypoints_completed": 9, "tot_waypoints": 9}}
{"target": -168.13805309326446, "params": {"k_pid_pos": [1.1223849117247613, 0.0, 0.14542707365694732], "k_pid_alt": [1.0480011501010422, 0.0, 0.01143162588561454], "k_pid_att": [14.781770297724597, 0.0001, 0.6413694540214387], "k_pid_yaw": [0.5, 1e-06, 0.1], "k_pid_hsp": [0.12528275439678185, 0.004003587532954761, 0.0], "k_pid_vsp": [396.9091968314945, 48.352341990590816, 14.891527858800803]}, "datetime": {"datetime": "2025-08-21 17:26:01", "elapsed": 31277.632279872894, "delta": 15.954371452331543}, "costs": {"total_cost": 168.13805309326446, "time_cost": 70.616, "final_distance_cost": 1.807681815012768, "oscillation_cost": 27.90589993865385, "completition_cost": 0.0, "overshoot_cost": 51.00805766919338, "power_cost": 8.868290148925782, "noise_cost": 7.932123521478694, "n_waypoints_completed": 9, "tot_waypoints": 9}}
{"target": -186.5794774136385, "params": {"k_pid_pos": [1.1234150420046558, 0.0, 0.17599956158183588], "k_pid_alt": [1.277975977421506, 0.0, 0.017843498357272693], "k_pid_att": [14.324604390390816, 0.0001, 0.638061801725147], "k_pid_yaw": [0.5, 1e-06, 0.1], "k_pid_hsp": [0.1447446698363787, 0.004263585451919916, 0.0], "k_pid_vsp": [397.6146417955632, 34.153740821045986, 17.334546500467066]}, "datetime": {"datetime": "2025-08-21 17:26:18", "elapsed": 31294.98146533966, "delta": 17.349185466766357}, "costs": {"total_cost": 186.5794774136385, "time_cost": 70.672, "final_distance_cost": 1.821141322346383, "oscillation_cost": 27.609936308447093, "completition_cost": 0.0, "overshoot_cost": 51.21507364140969, "power_cost": 20.42467237548828, "noise_cost": 14.836653765947052, "n_waypoints_completed": 9, "tot_waypoints": 9}}
{"target": -185.06998018705838, "params": {"k_pid_pos": [1.1617974545998557, 0.0, 0.06928180237965509], "k_pid_alt": [1.3702666036702726, 0.0, 0.005654712375823857], "k_pid_att": [19.334737842403964, 0.0001, 0.6469557697256834], "k_pid_yaw": [0.5, 1e-06, 0.1], "k_pid_hsp": [0.18905854354751594, 0.0, 0.0], "k_pid_vsp": [397.2504565893406, 37.58258768961443, 48.65515772303878]}, "datetime": {"datetime": "2025-08-21 17:26:34", "elapsed": 31311.26282787323, "delta": 16.281362533569336}, "costs": {"total_cost": 185.06998018705838, "time_cost": 72.24, "final_distance_cost": 1.7858419109855985, "oscillation_cost": 29.052253653602154, "completition_cost": 0.0, "overshoot_cost": 52.961870134973516, "power_cost": 15.8773896484375, "noise_cost": 13.152624839059612, "n_waypoints_completed": 9, "tot_waypoints": 9}}
{"target": -1259.403829690649, "params": {"k_pid_pos": [1.154016089374593, 0.0, 0.1428343432272676], "k_pid_alt": [1.9619219395067975, 0.0, 0.018314851500452232], "k_pid_att": [0.0, 0.0001, 0.6448479396040734], "k_pid_yaw": [0.5, 1e-06, 0.1], "k_pid_hsp": [0.1314208813141442, 0.0, 0.0], "k_pid_vsp": [400.0, 25.875506079679962, 15.319381586502633]}, "datetime": {"datetime": "2025-08-21 17:26:58", "elapsed": 31335.212093114853, "delta": 23.949265241622925}, "costs": {"total_cost": 1259.403829690649, "time_cost": 150, "final_distance_cost": 45.22083745289883, "oscillation_cost": 0.9736979832494983, "completition_cost": 1000.0, "overshoot_cost": 12.11822540047892, "power_cost": 30.681403051757815, "noise_cost": 20.409665802264076, "n_waypoints_completed": 0, "tot_waypoints": 9}}
{"target": -1217.8725442783284, "params": {"k_pid_pos": [1.2335227763302876, 0.0, 0.23307635111765918], "k_pid_alt": [1.1683981866444584, 0.0, 0.01614587048452633], "k_pid_att": [22.257166016170153, 0.0001, 0.6409063535622946], "k_pid_yaw": [0.5, 1e-06, 0.1], "k_pid_hsp": [0.0001, 0.0, 0.0], "k_pid_vsp": [399.876120623298, 54.526254150375074, 10.485534353710364]}, "datetime": {"datetime": "2025-08-21 17:27:22", "elapsed": 31358.785423517227, "delta": 23.573330402374268}, "costs": {"total_cost": 1217.8725442783284, "time_cost": 150, "final_distance_cost": 46.42662198818249, "oscillation_cost": 3.2400964309498548, "completition_cost": 888.8888888888888, "overshoot_cost": 81.78319113272549, "power_cost": 28.02997976074219, "noise_cost": 19.503766076839725, "n_waypoints_completed": 1, "tot_waypoints": 9}}
{"target": -184.92328328561092, "params": {"k_pid_pos": [1.200961373696754, 0.0, 0.13314189541247065], "k_pid_alt": [1.1639872387397792, 0.0, 0.014332276591273532], "k_pid_att": [15.791221456795913, 0.0001, 0.6372360893510982], "k_pid_yaw": [0.5, 1e-06, 0.1], "k_pid_hsp": [0.2530529602255761, 0.003324236980804469, 0.0], "k_pid_vsp": [400.0, 43.56058943225555, 32.770643995227196]}, "datetime": {"datetime": "2025-08-21 17:27:39", "elapsed": 31376.08777666092, "delta": 17.302353143692017}, "costs": {"total_cost": 184.92328328561092, "time_cost": 70.83200000000001, "final_distance_cost": 1.8207837254836419, "oscillation_cost": 29.60446983375046, "completition_cost": 0.0, "overshoot_cost": 51.62484213326762, "power_cost": 17.564925634765626, "noise_cost": 13.476261958343612, "n_waypoints_completed": 9, "tot_waypoints": 9}}
{"target": -178.65363440068782, "params": {"k_pid_pos": [1.0386749828627935, 0.0, 0.086390017010422], "k_pid_alt": [1.1653470858457955, 0.0, 0.01153644012616712], "k_pid_att": [15.858349102005842, 0.0001, 0.6838563764377796], "k_pid_yaw": [0.5, 1e-06, 0.1], "k_pid_hsp": [0.3424892958772602, 0.0025058326478451377, 0.0], "k_pid_vsp": [400.0, 35.45135500729822, 16.189732840383375]}, "datetime": {"datetime": "2025-08-21 17:27:55", "elapsed": 31391.67305445671, "delta": 15.585277795791626}, "costs": {"total_cost": 178.65363440068782, "time_cost": 70.056, "final_distance_cost": 1.8456286124869674, "oscillation_cost": 29.734162078348554, "completition_cost": 0.0, "overshoot_cost": 50.59485412634711, "power_cost": 14.4630412109375, "noise_cost": 11.959948372567709, "n_waypoints_completed": 9, "tot_waypoints": 9}}
{"target": -177.26674050713328, "params": {"k_pid_pos": [1.1584229419674625, 0.0, 0.1394285375202838], "k_pid_alt": [1.1688939089019275, 0.0, 0.016380106025806702], "k_pid_att": [13.64042848859889, 0.0001, 0.712491895325923], "k_pid_yaw": [0.5, 1e-06, 0.1], "k_pid_hsp": [0.18907402590896555, 0.0034799986686591586, 0.0], "k_pid_vsp": [400.0, 48.27943067560363, 20.488972392556914]}, "datetime": {"datetime": "2025-08-21 17:28:12", "elapsed": 31408.69574379921, "delta": 17.02268934249878}, "costs": {"total_cost": 177.26674050713328, "time_cost": 69.752, "final_distance_cost": 1.8292725035623398, "oscillation_cost": 28.960462223384834, "completition_cost": 0.0, "overshoot_cost": 50.88329203201562, "power_cost": 14.533008020019532, "noise_cost": 11.308705728150949, "n_waypoints_completed": 9, "tot_waypoints": 9}}
