{"target": -182.4873373296302, "params": {"k_pid_pos": [1.1260005901303705, 0.0, 0.06618713793096413], "k_pid_alt": [1.1881622750531, 0.0, 0.01265919887138224], "k_pid_att": [15.236626834082665, 0.0001, 0.6264133822066424], "k_pid_yaw": [0.5, 1e-06, 0.1], "k_pid_hsp": [0.13686910916208572, 0.0036816347759024205, 0.0], "k_pid_vsp": [398.22729713959717, 6.059225867028287, 14.634868239236011]}, "datetime": {"datetime": "2025-08-21 20:00:05", "elapsed": 40522.25566601753, "delta": 15.976890325546265}, "costs": {"total_cost": 182.4873373296302, "time_cost": 70.824, "final_distance_cost": 1.8125826629931423, "oscillation_cost": 28.746183350637423, "completition_cost": 0.0, "overshoot_cost": 51.28779734128446, "power_cost": 16.950850341796876, "noise_cost": 12.86592363291831, "n_waypoints_completed": 9, "tot_waypoints": 9}}
{"target": -189.40893623000363, "params": {"k_pid_pos": [1.1301220137777477, 0.0, 0.09094754084480776], "k_pid_alt": [1.0889557281572837, 0.0, 0.01435385853273804], "k_pid_att": [15.14259965151169, 0.007081540386116029, 0.6358076092809464], "k_pid_yaw": [0.5, 1e-06, 0.1], "k_pid_hsp": [0.16541309969345228, 0.0034161380136775495, 0.0], "k_pid_vsp": [400.0, 44.022241350091136, 19.85988146376918]}, "datetime": {"datetime": "2025-08-21 20:00:23", "elapsed": 40539.80670309067, "delta": 17.551037073135376}, "costs": {"total_cost": 189.40893623000363, "time_cost": 70.392, "final_distance_cost": 1.8061699253534258, "oscillation_cost": 28.892098046744895, "completition_cost": 0.0, "overshoot_cost": 50.99209579529741, "power_cost": 21.488398461914063, "noise_cost": 15.838174000693849, "n_waypoints_completed": 9, "tot_waypoints": 9}}
{"target": -181.45176294581438, "params": {"k_pid_pos": [1.1869071346155278, 0.0, 0.13771597526484206], "k_pid_alt": [1.1876041729845532, 0.0, 0.01584020595797487], "k_pid_att": [15.436647139965093, 0.0001, 0.6330212216901744], "k_pid_yaw": [0.5, 1e-06, 0.1], "k_pid_hsp": [0.135933517811518, 0.0028932150289919943, 0.0], "k_pid_vsp": [393.8143373397096, 25.75132400384339, 9.760366888205539]}, "datetime": {"datetime": "2025-08-21 20:00:39", "elapsed": 40556.087324380875, "delta": 16.28062129020691}, "costs": {"total_cost": 181.45176294581438, "time_cost": 71.296, "final_distance_cost": 1.7787222547248092, "oscillation_cost": 28.246996202881842, "completition_cost": 0.0, "overshoot_cost": 51.65576076122085, "power_cost": 15.922164611816408, "noise_cost": 12.552119115170463, "n_waypoints_completed": 9, "tot_waypoints": 9}}
{"target": -175.55361999697197, "params": {"k_pid_pos": [1.2517023667145437, 0.0, 0.12790452730774612], "k_pid_alt": [1.187765834333063, 0.0, 0.0127859953728149], "k_pid_att": [15.231208200226476, 0.0001, 0.6337202092901005], "k_pid_yaw": [0.5, 1e-06, 0.1], "k_pid_hsp": [0.24879002364124675, 0.0, 0.0], "k_pid_vsp": [400.0, 30.47761590420426, 17.09710296920195]}, "datetime": {"datetime": "2025-08-21 20:00:57", "elapsed": 40573.884759664536, "delta": 17.79743528366089}, "costs": {"total_cost": 175.55361999697197, "time_cost": 70.57600000000001, "final_distance_cost": 1.831242717752933, "oscillation_cost": 29.681865709312223, "completition_cost": 0.0, "overshoot_cost": 50.98134784444905, "power_cost": 11.876863488769532, "noise_cost": 10.606300236688208, "n_waypoints_completed": 9, "tot_waypoints": 9}}
{"target": -170.60706016772207, "params": {"k_pid_pos": [1.1409831663132253, 0.0, 0.13341735558641682], "k_pid_alt": [1.0812732738384638, 0.0, 0.009655716682867792], "k_pid_att": [17.982145432092498, 0.0001, 0.5143936960592532], "k_pid_yaw": [0.5, 1e-06, 0.1], "k_pid_hsp": [0.09410498908269656, 0.0012968260156068071, 0.0], "k_pid_vsp": [400.0, 44.02759006180497, 17.275747869090505]}, "datetime": {"datetime": "2025-08-21 20:01:13", "elapsed": 40590.13078832626, "delta": 16.246028661727905}, "costs": {"total_cost": 170.60706016772207, "time_cost": 71.568, "final_distance_cost": 1.7905088742235304, "oscillation_cost": 26.636912736655923, "completition_cost": 0.0, "overshoot_cost": 51.64484583272058, "power_cost": 9.648351672363281, "noise_cost": 9.318441051758795, "n_waypoints_completed": 9, "tot_waypoints": 9}}
{"target": -177.54844433424577, "params": {"k_pid_pos": [1.22898590624238, 0.0, 0.14067258157414964], "k_pid_alt": [1.2038958456197455, 0.0, 0.017027616285865008], "k_pid_att": [12.037186441020596, 0.0001, 0.6172163423153286], "k_pid_yaw": [0.5, 1e-06, 0.1], "k_pid_hsp": [0.2517621225102501, 0.003188485960740523, 0.0], "k_pid_vsp": [400.0, 49.93539545556675, 17.654144023128012]}, "datetime": {"datetime": "2025-08-21 20:01:31", "elapsed": 40607.93529224396, "delta": 17.804503917694092}, "costs": {"total_cost": 177.54844433424577, "time_cost": 70.04, "final_distance_cost": 1.8328585838842237, "oscillation_cost": 29.70586236582972, "completition_cost": 0.0, "overshoot_cost": 50.71745482291647, "power_cost": 14.29465908203125, "noise_cost": 10.957609479584105, "n_waypoints_completed": 9, "tot_waypoints": 9}}
{"target": -171.94181250170485, "params": {"k_pid_pos": [1.1280400659411394, 0.0, 0.14119864856841438], "k_pid_alt": [1.2524645656674984, 0.0, 0.00738892999211911], "k_pid_att": [17.17137400295902, 0.0001, 0.6565196556032389], "k_pid_yaw": [0.5, 1e-06, 0.1], "k_pid_hsp": [0.13679188066589196, 0.003273224215665025, 0.0], "k_pid_vsp": [400.0, 46.25870087647803, 17.786648763152428]}, "datetime": {"datetime": "2025-08-21 20:01:47", "elapsed": 40623.65053772926, "delta": 15.715245485305786}, "costs": {"total_cost": 171.94181250170485, "time_cost": 70.16, "final_distance_cost": 1.8128807323239189, "oscillation_cost": 27.699780465524476, "completition_cost": 0.0, "overshoot_cost": 50.66984255346131, "power_cost": 11.560906689453125, "noise_cost": 10.038402060942008, "n_waypoints_completed": 9, "tot_waypoints": 9}}
{"target": -185.4363278680718, "params": {"k_pid_pos": [1.1919856876067334, 0.0, 0.13908146853680262], "k_pid_alt": [1.1072571363917654, 0.0, 0.023143381502961777], "k_pid_att": [12.87860949612627, 0.0001, 0.6253301716066098], "k_pid_yaw": [0.5, 1e-06, 0.1], "k_pid_hsp": [0.12276341900549949, 0.0008401281655786655, 0.0], "k_pid_vsp": [400.0, 39.689900015370505, 17.505056089396508]}, "datetime": {"datetime": "2025-08-21 20:02:04", "elapsed": 40641.243901729584, "delta": 17.593364000320435}, "costs": {"total_cost": 185.4363278680718, "time_cost": 71.488, "final_distance_cost": 1.7816276928361217, "oscillation_cost": 27.864918891855382, "completition_cost": 0.0, "overshoot_cost": 51.953011880896966, "power_cost": 18.11928562011719, "noise_cost": 14.22948378236614, "n_waypoints_completed": 9, "tot_waypoints": 9}}
{"target": -179.30953780994207, "params": {"k_pid_pos": [1.1112937727478491, 0.0, 0.12243019772912904], "k_pid_alt": [1.2009117395841444, 0.0, 0.01186859874795171], "k_pid_att": [15.407276758371498, 0.0001, 0.6314968821722003], "k_pid_yaw": [0.5, 1e-06, 0.1], "k_pid_hsp": [0.12581543395527967, 0.003363339452885053, 0.0], "k_pid_vsp": [400.0, 39.07427307751027, 19.60721067777066]}, "datetime": {"datetime": "2025-08-21 20:02:21", "elapsed": 40657.69285130501, "delta": 16.448949575424194}, "costs": {"total_cost": 179.30953780994207, "time_cost": 70.72, "final_distance_cost": 1.7845830584369602, "oscillation_cost": 27.615226356206144, "completition_cost": 0.0, "overshoot_cost": 51.067108485422814, "power_cost": 15.799470776367189, "noise_cost": 12.32314913350897, "n_waypoints_completed": 9, "tot_waypoints": 9}}
{"target": -176.1544674050916, "params": {"k_pid_pos": [1.1308583433223396, 0.0, 0.13294908665652175], "k_pid_alt": [1.5245686565598546, 0.0, 0.014522714504444405], "k_pid_att": [20.875188903988743, 0.0001, 0.6494571318689148], "k_pid_yaw": [0.5, 1e-06, 0.1], "k_pid_hsp": [0.14345054161166138, 0.0005376038099194813, 0.0], "k_pid_vsp": [400.0, 38.019624492320006, 19.80060782880181]}, "datetime": {"datetime": "2025-08-21 20:02:38", "elapsed": 40674.53894686699, "delta": 16.8460955619812}, "costs": {"total_cost": 176.1544674050916, "time_cost": 70.464, "final_distance_cost": 1.7887545253658406, "oscillation_cost": 27.472618095415832, "completition_cost": 0.0, "overshoot_cost": 51.293269672121085, "power_cost": 13.728635766601563, "noise_cost": 11.407189345587247, "n_waypoints_completed": 9, "tot_waypoints": 9}}
{"target": -182.73771656587869, "params": {"k_pid_pos": [1.1386819605050738, 0.0, 0.1419525467863602], "k_pid_alt": [0.7229352538244848, 0.0, 0.015209707148673668], "k_pid_att": [16.759864694131107, 0.0001, 0.22255363600557945], "k_pid_yaw": [0.5, 1e-06, 0.1], "k_pid_hsp": [0.30049272226575274, 0.017942720552835557, 0.0], "k_pid_vsp": [399.8559678326406, 38.68495068058766, 19.720179901653854]}, "datetime": {"datetime": "2025-08-21 20:02:55", "elapsed": 40691.930037260056, "delta": 17.391090393066406}, "costs": {"total_cost": 182.73771656587869, "time_cost": 71.912, "final_distance_cost": 1.8426635685801207, "oscillation_cost": 30.198253256798083, "completition_cost": 0.0, "overshoot_cost": 50.51294577064191, "power_cost": 15.74003291015625, "noise_cost": 12.531821059702319, "n_waypoints_completed": 9, "tot_waypoints": 9}}
{"target": -196.4663893709472, "params": {"k_pid_pos": [1.181632350762793, 0.0, 0.13959722836956429], "k_pid_alt": [1.3118571891483608, 0.0, 0.014478050080030636], "k_pid_att": [19.97539638359734, 0.0001, 0.6201097047312477], "k_pid_yaw": [0.5, 1e-06, 0.1], "k_pid_hsp": [0.34258341489528393, 0.004119680192196005, 0.0], "k_pid_vsp": [398.17489908535515, 36.48420196553627, 16.738705131285663]}, "datetime": {"datetime": "2025-08-21 20:03:13", "elapsed": 40709.598494529724, "delta": 17.66845726966858}, "costs": {"total_cost": 196.4663893709472, "time_cost": 76.968, "final_distance_cost": 1.785894978554526, "oscillation_cost": 30.421242547157036, "completition_cost": 0.0, "overshoot_cost": 54.02211655797077, "power_cost": 18.304003100585938, "noise_cost": 14.965132186678947, "n_waypoints_completed": 9, "tot_waypoints": 9}}
{"target": -183.33616489918415, "params": {"k_pid_pos": [1.122477846562903, 0.0, 0.13971393201800456], "k_pid_alt": [1.204792910219405, 0.0, 0.015503171391168231], "k_pid_att": [14.952808931996529, 0.0001, 0.6388604228260308], "k_pid_yaw": [0.5, 1e-06, 0.1], "k_pid_hsp": [0.1273082010676803, 0.0029329573495559236, 0.0], "k_pid_vsp": [399.40032156601444, 44.86742897288636, 12.727530211739388]}, "datetime": {"datetime": "2025-08-21 20:03:31", "elapsed": 40728.03256893158, "delta": 18.43407440185547}, "costs": {"total_cost": 183.33616489918415, "time_cost": 70.288, "final_distance_cost": 1.7798164312959552, "oscillation_cost": 27.784060579987422, "completition_cost": 0.0, "overshoot_cost": 51.13811296350903, "power_cost": 18.57608005371094, "noise_cost": 13.770094870680794, "n_waypoints_completed": 9, "tot_waypoints": 9}}
{"target": -186.68724721920543, "params": {"k_pid_pos": [1.1208099559329583, 0.0, 0.13511560622009655], "k_pid_alt": [1.1038442011098157, 0.0, 0.015532643365675638], "k_pid_att": [14.59241126639396, 0.0001, 0.6342326503831323], "k_pid_yaw": [0.5, 1e-06, 0.1], "k_pid_hsp": [0.12825346962333098, 0.0033964182262544874, 0.0], "k_pid_vsp": [394.4463950889801, 33.37269140690066, 18.54610449683153]}, "datetime": {"datetime": "2025-08-21 20:03:47", "elapsed": 40744.313682079315, "delta": 16.281113147735596}, "costs": {"total_cost": 186.68724721920543, "time_cost": 71.872, "final_distance_cost": 1.803263016589848, "oscillation_cost": 27.181490556018804, "completition_cost": 0.0, "overshoot_cost": 52.755031578058514, "power_cost": 18.962368310546875, "noise_cost": 14.113093757991379, "n_waypoints_completed": 9, "tot_waypoints": 9}}
{"target": -173.54376586209233, "params": {"k_pid_pos": [1.2728573137839831, 0.0, 0.03773306045920202], "k_pid_alt": [1.1081992475311084, 0.0, 0.0011751616048639203], "k_pid_att": [17.292795277369855, 0.0001, 0.6535970054336449], "k_pid_yaw": [0.5, 1e-06, 0.1], "k_pid_hsp": [0.2808802923760377, 0.0016017840726785222, 0.0], "k_pid_vsp": [397.9636766310667, 30.32025284976862, 6.149293660941336]}, "datetime": {"datetime": "2025-08-21 20:04:05", "elapsed": 40762.180767059326, "delta": 17.867084980010986}, "costs": {"total_cost": 173.54376586209233, "time_cost": 70.048, "final_distance_cost": 1.800939077369759, "oscillation_cost": 31.021938023581978, "completition_cost": 0.0, "overshoot_cost": 50.38479221923074, "power_cost": 10.3215494140625, "noise_cost": 9.966547127847358, "n_waypoints_completed": 9, "tot_waypoints": 9}}
{"target": -169.40026548880311, "params": {"k_pid_pos": [1.1375742479805007, 0.0, 0.1677482240858382], "k_pid_alt": [1.1210025327630182, 0.0, 0.017609016163783974], "k_pid_att": [4.351175613010771, 0.0001, 0.5782793444125374], "k_pid_yaw": [0.5, 1e-06, 0.1], "k_pid_hsp": [0.11144228960014613, 0.0004115584926010778, 0.0], "k_pid_vsp": [400.0, 28.170177636284425, 15.150271999554231]}, "datetime": {"datetime": "2025-08-21 20:04:22", "elapsed": 40778.44483566284, "delta": 16.264068603515625}, "costs": {"total_cost": 169.40026548880311, "time_cost": 71.368, "final_distance_cost": 1.8025155490078872, "oscillation_cost": 26.442285615650427, "completition_cost": 0.0, "overshoot_cost": 51.386364933700314, "power_cost": 9.408940161132813, "noise_cost": 8.992159229311651, "n_waypoints_completed": 9, "tot_waypoints": 9}}
{"target": -184.5136104260801, "params": {"k_pid_pos": [1.4573862333723064, 0.0, 0.13543075866087725], "k_pid_alt": [1.1874093859159263, 0.0, 0.0019771593724116146], "k_pid_att": [19.00018924728557, 0.0001, 0.6420030858667038], "k_pid_yaw": [0.5, 1e-06, 0.1], "k_pid_hsp": [0.1345392059514739, 0.0028129301361056644, 0.0], "k_pid_vsp": [399.5632413611593, 26.585943933341753, 19.826979426986284]}, "datetime": {"datetime": "2025-08-21 20:04:39", "elapsed": 40795.96507573128, "delta": 17.52024006843567}, "costs": {"total_cost": 184.5136104260801, "time_cost": 70.664, "final_distance_cost": 1.7646478602812081, "oscillation_cost": 30.054523772031914, "completition_cost": 0.0, "overshoot_cost": 51.16475519825097, "power_cost": 17.448853833007814, "noise_cost": 13.416829762508208, "n_waypoints_completed": 9, "tot_waypoints": 9}}
{"target": -188.34119897661185, "params": {"k_pid_pos": [1.1166432944080815, 0.0, 0.12570514338415767], "k_pid_alt": [1.1965106008229307, 0.0, 0.016437503873002593], "k_pid_att": [15.118465848847109, 0.0001, 0.6376632288776657], "k_pid_yaw": [0.5, 1e-06, 0.1], "k_pid_hsp": [0.14185062410541122, 0.003852154101264539, 0.0], "k_pid_vsp": [400.0, 43.19010536598609, 16.18176259366674]}, "datetime": {"datetime": "2025-08-21 20:04:56", "elapsed": 40812.87005233765, "delta": 16.90497660636902}, "costs": {"total_cost": 188.34119897661185, "time_cost": 70.032, "final_distance_cost": 1.8141325590052226, "oscillation_cost": 28.16851512267217, "completition_cost": 0.0, "overshoot_cost": 50.480891689382034, "power_cost": 21.84765435791016, "noise_cost": 15.998005247642277, "n_waypoints_completed": 9, "tot_waypoints": 9}}
{"target": -218.04159103879272, "params": {"k_pid_pos": [1.1344124158154376, 0.0, 0.03935340602965398], "k_pid_alt": [1.1866037066295934, 0.0, 0.01164838357627205], "k_pid_att": [15.678738228919919, 0.0001, 0.19325858028397291], "k_pid_yaw": [0.5, 1e-06, 0.1], "k_pid_hsp": [0.14060969495211229, 0.0007436256168667419, 0.0], "k_pid_vsp": [400.0, 43.04438323574175, 17.244675772054272]}, "datetime": {"datetime": "2025-08-21 20:05:15", "elapsed": 40832.009538173676, "delta": 19.139485836029053}, "costs": {"total_cost": 218.04159103879272, "time_cost": 82.632, "final_distance_cost": 1.800205348309988, "oscillation_cost": 30.21694354087183, "completition_cost": 0.0, "overshoot_cost": 55.26369770377312, "power_cost": 25.26942819824219, "noise_cost": 22.859316247595572, "n_waypoints_completed": 9, "tot_waypoints": 9}}
{"target": -178.3057365752602, "params": {"k_pid_pos": [1.1574190270529767, 0.0, 0.13713998560664406], "k_pid_alt": [1.1843659899551684, 0.0, 0.016643860986205163], "k_pid_att": [15.933475188455963, 0.0001, 0.6262756733163981], "k_pid_yaw": [0.5, 1e-06, 0.1], "k_pid_hsp": [0.1812834167372037, 0.0033199251389359123, 0.0], "k_pid_vsp": [400.0, 60.34277743999722, 19.091289831480157]}, "datetime": {"datetime": "2025-08-21 20:05:34", "elapsed": 40850.60507321358, "delta": 18.595535039901733}, "costs": {"total_cost": 178.3057365752602, "time_cost": 71.384, "final_distance_cost": 1.8179432028154012, "oscillation_cost": 28.814770702327962, "completition_cost": 0.0, "overshoot_cost": 52.129521763312276, "power_cost": 13.027767773437501, "noise_cost": 11.131733133367064, "n_waypoints_completed": 9, "tot_waypoints": 9}}
{"target": -170.74078847935075, "params": {"k_pid_pos": [1.1242481260396524, 0.0, 0.13453611394578546], "k_pid_alt": [1.1945798486930341, 0.0, 0.015920429309680573], "k_pid_att": [15.48597464444945, 0.0001, 0.6379627088676683], "k_pid_yaw": [0.5, 1e-06, 0.1], "k_pid_hsp": [0.12711645626082085, 0.002987820570294299, 0.0], "k_pid_vsp": [400.0, 44.60262648384801, 17.558256459704765]}, "datetime": {"datetime": "2025-08-21 20:05:49", "elapsed": 40866.36817526817, "delta": 15.763102054595947}, "costs": {"total_cost": 170.74078847935075, "time_cost": 70.488, "final_distance_cost": 1.8167689357953722, "oscillation_cost": 27.48860466121492, "completition_cost": 0.0, "overshoot_cost": 50.83729578893875, "power_cost": 10.618696203613283, "noise_cost": 9.491422889788423, "n_waypoints_completed": 9, "tot_waypoints": 9}}
{"target": -182.88044743131516, "params": {"k_pid_pos": [1.1138311956818725, 0.0, 0.13172832117443675], "k_pid_alt": [1.212382386474425, 0.0, 0.014459959620899793], "k_pid_att": [16.030291311260246, 0.0001, 0.6399891245032593], "k_pid_yaw": [0.5, 1e-06, 0.1], "k_pid_hsp": [0.12724513147622735, 0.0033246533469330803, 0.0], "k_pid_vsp": [400.0, 38.04309395547645, 17.324233021436925]}, "datetime": {"datetime": "2025-08-21 20:06:07", "elapsed": 40884.19235801697, "delta": 17.824182748794556}, "costs": {"total_cost": 182.88044743131516, "time_cost": 70.424, "final_distance_cost": 1.8034615926575512, "oscillation_cost": 27.92019443773557, "completition_cost": 0.0, "overshoot_cost": 51.532678059579915, "power_cost": 17.78359560546875, "noise_cost": 13.416517735873366, "n_waypoints_completed": 9, "tot_waypoints": 9}}
{"target": -250.88215506902566, "params": {"k_pid_pos": [1.1240524378850971, 0.0, 0.13874576190787055], "k_pid_alt": [1.189394126749335, 0.0, 0.01593517608319989], "k_pid_att": [15.302073940073381, 0.0001, 0.6367537257818147], "k_pid_yaw": [0.5, 1e-06, 0.1], "k_pid_hsp": [0.1278759235951129, 0.003204667834155077, 0.0], "k_pid_vsp": [400.0, 43.93439977769704, 17.186770129346005]}, "datetime": {"datetime": "2025-08-21 20:06:28", "elapsed": 40905.290256500244, "delta": 21.097898483276367}, "costs": {"total_cost": 250.88215506902566, "time_cost": 92.152, "final_distance_cost": 1.8079114042943347, "oscillation_cost": 28.9184539923139, "completition_cost": 0.0, "overshoot_cost": 67.13577197636253, "power_cost": 28.096317138671875, "noise_cost": 32.77170055738303, "n_waypoints_completed": 9, "tot_waypoints": 9}}
{"target": -1194.4560994138328, "params": {"k_pid_pos": [1.1288613453137815, 0.0, 0.0], "k_pid_alt": [1.5324124108359947, 0.0, 0.001159737164373037], "k_pid_att": [27.404737379909527, 0.0001, 0.7153751141344378], "k_pid_yaw": [0.5, 1e-06, 0.1], "k_pid_hsp": [0.0001, 0.024280323592069997, 0.0], "k_pid_vsp": [400.0, 29.65363853909163, 11.235061334416415]}, "datetime": {"datetime": "2025-08-21 20:06:53", "elapsed": 40929.80448746681, "delta": 24.514230966567993}, "costs": {"total_cost": 1194.4560994138328, "time_cost": 150, "final_distance_cost": 64.14041408639737, "oscillation_cost": 13.039871604892834, "completition_cost": 888.8888888888888, "overshoot_cost": 71.05041752189629, "power_cost": 2.688467077636719, "noise_cost": 4.648040234120719, "n_waypoints_completed": 1, "tot_waypoints": 9}}
{"target": -188.25105168126214, "params": {"k_pid_pos": [1.1284495069175167, 0.0, 0.1393216119669047], "k_pid_alt": [1.1553128291325632, 0.0, 0.008906571161072935], "k_pid_att": [47.7084741651438, 0.0001, 0.5621528130552613], "k_pid_yaw": [0.5, 1e-06, 0.1], "k_pid_hsp": [0.2703940108188867, 0.0031724018664981645, 0.0], "k_pid_vsp": [400.0, 46.10429780690052, 17.419963095292566]}, "datetime": {"datetime": "2025-08-21 20:07:09", "elapsed": 40945.45194768906, "delta": 15.647460222244263}, "costs": {"total_cost": 188.25105168126214, "time_cost": 69.824, "final_distance_cost": 1.8232076167484617, "oscillation_cost": 36.27916650884274, "completition_cost": 0.0, "overshoot_cost": 50.36009000073166, "power_cost": 16.679359912109376, "noise_cost": 13.285227642829895, "n_waypoints_completed": 9, "tot_waypoints": 9}}
{"target": -171.0101918419849, "params": {"k_pid_pos": [1.1225448450275206, 0.0, 0.1434611847334068], "k_pid_alt": [0.8799834551814734, 0.0, 0.015859349749137174], "k_pid_att": [15.291112457316522, 0.0001, 0.6611962552382482], "k_pid_yaw": [0.5, 1e-06, 0.1], "k_pid_hsp": [0.4122873147103282, 0.0026375599547444964, 0.0], "k_pid_vsp": [399.83331318354135, 65.22498855722858, 19.30234083725693]}, "datetime": {"datetime": "2025-08-21 20:07:26", "elapsed": 40963.04088592529, "delta": 17.588938236236572}, "costs": {"total_cost": 171.0101918419849, "time_cost": 70.47200000000001, "final_distance_cost": 1.8373582114504967, "oscillation_cost": 30.635001388035825, "completition_cost": 0.0, "overshoot_cost": 49.99658113106338, "power_cost": 9.555187854003906, "noise_cost": 8.514063257431273, "n_waypoints_completed": 9, "tot_waypoints": 9}}
