{"target": -1239.8856393476574, "params": {"k_pid_pos": [1.2115449899415407, 0.0, 0.13331714994649477], "k_pid_alt": [1.2253757543055617, 0.0, 0.012368611847034116], "k_pid_att": [18.292008970480005, 0.0001, 0.5812918924762038], "k_pid_yaw": [0.5, 1e-06, 0.1], "k_pid_hsp": [0.0001, 0.0025409374034529105, 0.0], "k_pid_vsp": [400.0, 43.981640494092886, 19.441194164065834]}, "datetime": {"datetime": "2025-08-21 18:13:59", "elapsed": 34156.415919065475, "delta": 24.067150831222534}, "costs": {"total_cost": 1239.8856393476574, "time_cost": 150, "final_distance_cost": 61.66764152676496, "oscillation_cost": 0.9963633804000016, "completition_cost": 888.8888888888888, "overshoot_cost": 93.38259546608384, "power_cost": 25.99517314453125, "noise_cost": 18.954976940988637, "n_waypoints_completed": 1, "tot_waypoints": 9}}
{"target": -177.44248348238952, "params": {"k_pid_pos": [1.1257103925655796, 0.02980270650950177, 0.13897361721643553], "k_pid_alt": [1.1878369361135972, 0.0, 0.021683482769958587], "k_pid_att": [14.661754879782025, 0.16185135317639512, 0.6557728163618212], "k_pid_yaw": [0.5, 1e-06, 0.1], "k_pid_hsp": [0.16368280332777352, 0.0033833511605706186, 0.0], "k_pid_vsp": [386.6147376411115, 44.1350323752394, 17.556302687082578]}, "datetime": {"datetime": "2025-08-21 18:14:16", "elapsed": 34173.150800704956, "delta": 16.73488163948059}, "costs": {"total_cost": 177.44248348238952, "time_cost": 71.0, "final_distance_cost": 1.824045404946907, "oscillation_cost": 27.727461814506203, "completition_cost": 0.0, "overshoot_cost": 51.30406029311364, "power_cost": 14.275581201171876, "noise_cost": 11.311334768650868, "n_waypoints_completed": 9, "tot_waypoints": 9}}
{"target": -184.7115078350447, "params": {"k_pid_pos": [0.9938600596458739, 0.0, 0.07299633881061279], "k_pid_alt": [1.1938700256141548, 0.0, 0.010627320152958834], "k_pid_att": [16.528010485170377, 0.0001, 0.6408601291672192], "k_pid_yaw": [0.5, 1e-06, 0.1], "k_pid_hsp": [0.12784285930609388, 0.0031196787527517193, 0.0], "k_pid_vsp": [400.0, 29.71861896536878, 13.899873324882268]}, "datetime": {"datetime": "2025-08-21 18:14:33", "elapsed": 34190.3599691391, "delta": 17.209168434143066}, "costs": {"total_cost": 184.7115078350447, "time_cost": 71.008, "final_distance_cost": 1.8023571851322653, "oscillation_cost": 27.002455722937082, "completition_cost": 0.0, "overshoot_cost": 51.21972252302128, "power_cost": 19.599880383300782, "noise_cost": 14.079092020653285, "n_waypoints_completed": 9, "tot_waypoints": 9}}
{"target": -182.52481047364824, "params": {"k_pid_pos": [1.3325843476623158, 0.0, 0.14686079367349716], "k_pid_alt": [1.0795954193774078, 0.0, 0.009606985125094716], "k_pid_att": [14.229446395037108, 0.0001, 0.63739678110921], "k_pid_yaw": [0.5, 1e-06, 0.1], "k_pid_hsp": [0.17693699045706868, 0.004530278790507958, 0.0], "k_pid_vsp": [398.5395705628659, 17.58822695569494, 18.15122163134474]}, "datetime": {"datetime": "2025-08-21 18:14:50", "elapsed": 34206.69461655617, "delta": 16.33464741706848}, "costs": {"total_cost": 182.52481047364824, "time_cost": 71.032, "final_distance_cost": 1.7981360781527576, "oscillation_cost": 29.759139258661943, "completition_cost": 0.0, "overshoot_cost": 51.78664971509146, "power_cost": 15.585060205078126, "noise_cost": 12.563825216663956, "n_waypoints_completed": 9, "tot_waypoints": 9}}
{"target": -178.98469093628765, "params": {"k_pid_pos": [1.1246642338624846, 0.0, 0.13836939256276254], "k_pid_alt": [1.1792183386939736, 0.0, 0.014199145060902542], "k_pid_att": [15.111438621835639, 0.0001, 0.6451137797336038], "k_pid_yaw": [0.5, 1e-06, 0.1], "k_pid_hsp": [0.13856100129497453, 0.003678678837244977, 0.0], "k_pid_vsp": [392.9292020700852, 23.746347390595922, 16.63932865743722]}, "datetime": {"datetime": "2025-08-21 18:15:08", "elapsed": 34224.44254207611, "delta": 17.747925519943237}, "costs": {"total_cost": 178.98469093628765, "time_cost": 72.12, "final_distance_cost": 1.8325422221982959, "oscillation_cost": 27.219792844702578, "completition_cost": 0.0, "overshoot_cost": 52.683528057535455, "power_cost": 13.246273937988281, "noise_cost": 11.882553873863037, "n_waypoints_completed": 9, "tot_waypoints": 9}}
{"target": -183.11419727124155, "params": {"k_pid_pos": [1.117487428667864, 0.0, 0.08727722950547087], "k_pid_alt": [1.7129278196521627, 0.0, 0.015094664703378918], "k_pid_att": [15.049311124101036, 0.005037822543095296, 0.6331773975756907], "k_pid_yaw": [0.5, 1e-06, 0.1], "k_pid_hsp": [0.27831093542154967, 0.003994458161951634, 0.0], "k_pid_vsp": [400.0, 44.242343450730374, 18.857143782821215]}, "datetime": {"datetime": "2025-08-21 18:15:24", "elapsed": 34240.694902181625, "delta": 16.252360105514526}, "costs": {"total_cost": 183.11419727124155, "time_cost": 70.008, "final_distance_cost": 1.824786610663139, "oscillation_cost": 29.341949718223745, "completition_cost": 0.0, "overshoot_cost": 50.72035065293556, "power_cost": 17.395552990722656, "noise_cost": 13.823557298696482, "n_waypoints_completed": 9, "tot_waypoints": 9}}
{"target": -184.228343926854, "params": {"k_pid_pos": [1.2473704883801062, 0.0, 0.13589163882051372], "k_pid_alt": [1.0507499244805818, 0.0, 0.015455690499254389], "k_pid_att": [15.65024150756695, 0.0001, 0.6349710621705112], "k_pid_yaw": [0.5, 1e-06, 0.1], "k_pid_hsp": [0.1228422862964904, 0.003038509506560599, 0.0], "k_pid_vsp": [398.7917756051083, 55.60375769662242, 21.120961312767236]}, "datetime": {"datetime": "2025-08-21 18:15:41", "elapsed": 34257.74960422516, "delta": 17.054702043533325}, "costs": {"total_cost": 184.228343926854, "time_cost": 70.2, "final_distance_cost": 1.7851901235963747, "oscillation_cost": 28.64649222204954, "completition_cost": 0.0, "overshoot_cost": 50.61241644984616, "power_cost": 19.137039074707033, "noise_cost": 13.847206056654906, "n_waypoints_completed": 9, "tot_waypoints": 9}}
{"target": -180.9210214705127, "params": {"k_pid_pos": [1.1802342196162154, 0.0, 0.13704496850145315], "k_pid_alt": [1.1942464348605255, 0.0, 0.012043014735654962], "k_pid_att": [8.518474960161804, 0.0001, 0.6333449911153642], "k_pid_yaw": [0.5, 1e-06, 0.1], "k_pid_hsp": [0.24308225632811295, 0.001701984323908509, 0.0], "k_pid_vsp": [400.0, 22.049441506797265, 16.533187731269628]}, "datetime": {"datetime": "2025-08-21 18:15:57", "elapsed": 34273.830392599106, "delta": 16.080788373947144}, "costs": {"total_cost": 180.9210214705127, "time_cost": 70.328, "final_distance_cost": 1.8276476809872437, "oscillation_cost": 29.98021669862573, "completition_cost": 0.0, "overshoot_cost": 50.28522573097332, "power_cost": 15.955643469238282, "noise_cost": 12.544287890688105, "n_waypoints_completed": 9, "tot_waypoints": 9}}
{"target": -166.62482911857225, "params": {"k_pid_pos": [1.158412749509794, 0.0, 0.12797765185544205], "k_pid_alt": [1.2176103610039508, 0.0, 0.012385256595373458], "k_pid_att": [16.913474569086947, 0.0001, 0.4520151698186393], "k_pid_yaw": [0.5, 1e-06, 0.1], "k_pid_hsp": [0.126497144931732, 0.0, 0.0], "k_pid_vsp": [400.0, 27.93725788769707, 17.11455917826425]}, "datetime": {"datetime": "2025-08-21 18:16:15", "elapsed": 34291.61425256729, "delta": 17.783859968185425}, "costs": {"total_cost": 166.62482911857225, "time_cost": 70.808, "final_distance_cost": 1.7973540441066957, "oscillation_cost": 27.70848888329941, "completition_cost": 0.0, "overshoot_cost": 51.30843961633087, "power_cost": 7.510101489257813, "noise_cost": 7.492445085577449, "n_waypoints_completed": 9, "tot_waypoints": 9}}
{"target": -179.77806263615778, "params": {"k_pid_pos": [1.1297077718645854, 0.0, 0.14196097587558032], "k_pid_alt": [1.1457516341003058, 0.0, 0.017738906434128537], "k_pid_att": [31.24804935397684, 0.0001, 0.616653828486129], "k_pid_yaw": [0.5, 1e-06, 0.1], "k_pid_hsp": [0.22036559871006645, 0.0033778935218811853, 0.0], "k_pid_vsp": [400.0, 54.95549274173306, 25.485766064787523]}, "datetime": {"datetime": "2025-08-21 18:16:31", "elapsed": 34307.559916734695, "delta": 15.945664167404175}, "costs": {"total_cost": 179.77806263615778, "time_cost": 70.784, "final_distance_cost": 1.824814897433379, "oscillation_cost": 29.103911449909173, "completition_cost": 0.0, "overshoot_cost": 51.39407376902007, "power_cost": 14.860496801757813, "noise_cost": 11.810765718037324, "n_waypoints_completed": 9, "tot_waypoints": 9}}
{"target": -170.8761959811641, "params": {"k_pid_pos": [1.122309804853379, 0.0, 0.13195894014045476], "k_pid_alt": [1.231361195215843, 0.0, 0.016196219149574555], "k_pid_att": [11.978157522661265, 0.0001, 0.6112225552083775], "k_pid_yaw": [0.5, 1e-06, 0.1], "k_pid_hsp": [0.15516093258268185, 0.0034250446002935804, 0.0], "k_pid_vsp": [400.0, 21.287645604926873, 14.785938220212563]}, "datetime": {"datetime": "2025-08-21 18:16:48", "elapsed": 34324.936665058136, "delta": 17.37674832344055}, "costs": {"total_cost": 170.8761959811641, "time_cost": 70.456, "final_distance_cost": 1.8037771252157346, "oscillation_cost": 28.119158017811205, "completition_cost": 0.0, "overshoot_cost": 51.087843420982466, "power_cost": 10.564649377441407, "noise_cost": 8.844768039713285, "n_waypoints_completed": 9, "tot_waypoints": 9}}
{"target": -183.7807388010061, "params": {"k_pid_pos": [1.177073128773039, 0.0, 0.14002588209573325], "k_pid_alt": [1.1957327221651322, 0.0, 0.005082359256124155], "k_pid_att": [7.763113044952157, 0.0001, 0.6260370641061099], "k_pid_yaw": [0.5, 1e-06, 0.1], "k_pid_hsp": [0.07856761318614719, 0.0, 0.0], "k_pid_vsp": [400.0, 34.10736517499946, 17.336791017627462]}, "datetime": {"datetime": "2025-08-21 18:17:04", "elapsed": 34341.04746937752, "delta": 16.110804319381714}, "costs": {"total_cost": 183.7807388010061, "time_cost": 71.912, "final_distance_cost": 1.7845568364024305, "oscillation_cost": 25.504685429558762, "completition_cost": 0.0, "overshoot_cost": 52.02467221000418, "power_cost": 18.931098364257814, "noise_cost": 13.623725960782902, "n_waypoints_completed": 9, "tot_waypoints": 9}}
{"target": -167.1551018453152, "params": {"k_pid_pos": [1.110455638103694, 0.0, 0.10546018022460348], "k_pid_alt": [1.2069797375594262, 0.0, 0.01085816185266432], "k_pid_att": [14.65791864059744, 0.0001, 0.6448488155772635], "k_pid_yaw": [0.5, 1e-06, 0.1], "k_pid_hsp": [0.13257769584557788, 0.003516846659130672, 0.0], "k_pid_vsp": [400.0, 52.43587632587984, 18.830673620380423]}, "datetime": {"datetime": "2025-08-21 18:17:22", "elapsed": 34358.505271434784, "delta": 17.457802057266235}, "costs": {"total_cost": 167.1551018453152, "time_cost": 70.76, "final_distance_cost": 1.80340231268339, "oscillation_cost": 27.79852287750073, "completition_cost": 0.0, "overshoot_cost": 51.213140573600626, "power_cost": 7.8954697265625, "noise_cost": 7.684566354967941, "n_waypoints_completed": 9, "tot_waypoints": 9}}
{"target": -177.39959379526354, "params": {"k_pid_pos": [1.1411192633207174, 0.0, 0.1293251719304298], "k_pid_alt": [1.2992538731667391, 0.0, 0.014909422224672828], "k_pid_att": [16.566461417722667, 0.0001, 0.6271771675081554], "k_pid_yaw": [0.5, 1e-06, 0.1], "k_pid_hsp": [0.12075067092481537, 0.003229980497530872, 0.0], "k_pid_vsp": [400.0, 30.258112082486992, 18.11497267800439]}, "datetime": {"datetime": "2025-08-21 18:17:38", "elapsed": 34374.87742495537, "delta": 16.372153520584106}, "costs": {"total_cost": 177.39959379526354, "time_cost": 70.57600000000001, "final_distance_cost": 1.7861542631803673, "oscillation_cost": 27.8657482487499, "completition_cost": 0.0, "overshoot_cost": 51.36371765467948, "power_cost": 14.477868115234376, "noise_cost": 11.330105513419428, "n_waypoints_completed": 9, "tot_waypoints": 9}}
{"target": -185.33696618623503, "params": {"k_pid_pos": [1.1517710311300087, 0.0, 0.13751132089136295], "k_pid_alt": [0.8373752143061401, 0.0, 0.012438198257853264], "k_pid_att": [17.905624429766366, 0.0001, 0.5170353661401632], "k_pid_yaw": [0.5, 1e-06, 0.1], "k_pid_hsp": [0.21756312635160246, 0.004555326358142655, 0.0], "k_pid_vsp": [399.74080987144345, 29.46491698399232, 12.594572390161387]}, "datetime": {"datetime": "2025-08-21 18:17:55", "elapsed": 34392.27565431595, "delta": 17.398229360580444}, "costs": {"total_cost": 185.33696618623503, "time_cost": 71.2, "final_distance_cost": 1.8202671150444845, "oscillation_cost": 29.362907844619386, "completition_cost": 0.0, "overshoot_cost": 50.54190544208666, "power_cost": 18.45236959228516, "noise_cost": 13.959516192199343, "n_waypoints_completed": 9, "tot_waypoints": 9}}
{"target": -1248.8286004281335, "params": {"k_pid_pos": [1.1401633540375788, 0.0, 0.14004544015160247], "k_pid_alt": [0.9953476548131264, 0.0, 0.0024859925628914394], "k_pid_att": [15.559974796459377, 0.0001, 0.6474966632041989], "k_pid_yaw": [0.5, 1e-06, 0.1], "k_pid_hsp": [0.0001, 0.0015647816107910747, 0.0], "k_pid_vsp": [400.0, 38.52085572383719, 30.362910588349447]}, "datetime": {"datetime": "2025-08-21 18:18:20", "elapsed": 34416.58342051506, "delta": 24.30776619911194}, "costs": {"total_cost": 1248.8286004281335, "time_cost": 150, "final_distance_cost": 54.40407597483766, "oscillation_cost": 0.531551988888312, "completition_cost": 888.8888888888888, "overshoot_cost": 95.22430510571166, "power_cost": 36.21697265625, "noise_cost": 23.56280581355723, "n_waypoints_completed": 1, "tot_waypoints": 9}}
{"target": -188.1587010165379, "params": {"k_pid_pos": [1.1284170716177788, 0.0, 0.13344319942708693], "k_pid_alt": [1.084367331928561, 0.0, 0.011326996172947409], "k_pid_att": [15.130887003110004, 0.0001, 0.6304102136901739], "k_pid_yaw": [0.5, 1e-06, 0.1], "k_pid_hsp": [0.12704485801196755, 0.00440018552730025, 0.0], "k_pid_vsp": [393.6357585207021, 49.13842836762071, 18.51188584167561]}, "datetime": {"datetime": "2025-08-21 18:18:38", "elapsed": 34435.048694849014, "delta": 18.465274333953857}, "costs": {"total_cost": 188.1587010165379, "time_cost": 71.12, "final_distance_cost": 1.7834279592591524, "oscillation_cost": 27.603716734302537, "completition_cost": 0.0, "overshoot_cost": 51.89178811943014, "power_cost": 20.846700524902346, "noise_cost": 14.913067678643724, "n_waypoints_completed": 9, "tot_waypoints": 9}}
{"target": -185.10534582658755, "params": {"k_pid_pos": [1.12615110384976, 0.0, 0.16169743982813287], "k_pid_alt": [1.1352797922448281, 0.0, 0.009403245567789053], "k_pid_att": [15.207408198961994, 0.0001, 0.636801055829989], "k_pid_yaw": [0.5, 1e-06, 0.1], "k_pid_hsp": [0.13746862500802878, 0.003580263193825042, 0.0], "k_pid_vsp": [398.08881636958733, 33.14869943970694, 18.460824217150474]}, "datetime": {"datetime": "2025-08-21 18:18:55", "elapsed": 34451.72319340706, "delta": 16.674498558044434}, "costs": {"total_cost": 185.10534582658755, "time_cost": 70.264, "final_distance_cost": 1.8059058286360772, "oscillation_cost": 28.011420806049298, "completition_cost": 0.0, "overshoot_cost": 50.75717465181004, "power_cost": 19.673804565429688, "noise_cost": 14.593039974662439, "n_waypoints_completed": 9, "tot_waypoints": 9}}
{"target": -186.67377278329718, "params": {"k_pid_pos": [1.1817862589872414, 0.0, 0.0], "k_pid_alt": [1.4332526202700504, 0.0, 0.012591824448633826], "k_pid_att": [23.632954170758282, 0.0001, 0.6360513015600604], "k_pid_yaw": [0.5, 1e-06, 0.1], "k_pid_hsp": [0.24044822312829528, 0.0003165850765243486, 0.0], "k_pid_vsp": [394.7040237414848, 21.59515684645195, 21.878406773319153]}, "datetime": {"datetime": "2025-08-21 18:19:11", "elapsed": 34467.850445985794, "delta": 16.12725257873535}, "costs": {"total_cost": 186.67377278329718, "time_cost": 70.648, "final_distance_cost": 1.814440121693386, "oscillation_cost": 30.312197321747703, "completition_cost": 0.0, "overshoot_cost": 50.89217144974282, "power_cost": 18.97563562011719, "noise_cost": 14.031328269996092, "n_waypoints_completed": 9, "tot_waypoints": 9}}
{"target": -186.40500633023234, "params": {"k_pid_pos": [1.1111436247664477, 0.0, 0.16870066905775388], "k_pid_alt": [0.9403791924214959, 0.0, 0.015243213412749737], "k_pid_att": [17.05350557715978, 0.0001, 0.6242403176013066], "k_pid_yaw": [0.5, 1e-06, 0.1], "k_pid_hsp": [0.09580275644085315, 0.0021118781226415516, 0.0], "k_pid_vsp": [400.0, 39.556915612563515, 17.534181260259924]}, "datetime": {"datetime": "2025-08-21 18:19:30", "elapsed": 34486.99612188339, "delta": 19.145675897598267}, "costs": {"total_cost": 186.40500633023234, "time_cost": 72.816, "final_distance_cost": 1.8102034831798455, "oscillation_cost": 26.16280287196689, "completition_cost": 0.0, "overshoot_cost": 52.64145264461924, "power_cost": 18.83480740966797, "noise_cost": 14.139739920798382, "n_waypoints_completed": 9, "tot_waypoints": 9}}
{"target": -170.59403420710754, "params": {"k_pid_pos": [1.3936378391357476, 0.0, 0.10263648258225794], "k_pid_alt": [1.204664893615544, 0.0, 0.004511258893086702], "k_pid_att": [19.19804901230134, 0.0001, 0.6405329910143533], "k_pid_yaw": [0.5, 1e-06, 0.1], "k_pid_hsp": [0.08893233694682268, 0.002885339602063899, 0.0], "k_pid_vsp": [399.6043481315132, 30.60955880628012, 41.06090453304814]}, "datetime": {"datetime": "2025-08-21 18:19:46", "elapsed": 34503.02789282799, "delta": 16.031770944595337}, "costs": {"total_cost": 170.59403420710754, "time_cost": 71.896, "final_distance_cost": 1.7958061318832357, "oscillation_cost": 28.317509116900357, "completition_cost": 0.0, "overshoot_cost": 52.82801227897313, "power_cost": 8.099513854980469, "noise_cost": 7.657192824370341, "n_waypoints_completed": 9, "tot_waypoints": 9}}
{"target": -977.0724130443491, "params": {"k_pid_pos": [1.101346752584533, 0.0, 0.12141199597994343], "k_pid_alt": [1.220015606088342, 0.0, 0.013522683886962202], "k_pid_att": [16.86800461360707, 0.0001, 0.6382280026143924], "k_pid_yaw": [0.5, 1e-06, 0.1], "k_pid_hsp": [0.012591726517891089, 0.0037505066731633625, 0.0], "k_pid_vsp": [400.0, 43.6562255790134, 15.49439277485996]}, "datetime": {"datetime": "2025-08-21 18:20:11", "elapsed": 34528.17588329315, "delta": 25.147990465164185}, "costs": {"total_cost": 977.0724130443491, "time_cost": 150, "final_distance_cost": 71.47488742947793, "oscillation_cost": 5.8710742529093585, "completition_cost": 666.6666666666667, "overshoot_cost": 46.25005834175355, "power_cost": 21.523514074707034, "noise_cost": 15.28621227883453, "n_waypoints_completed": 3, "tot_waypoints": 9}}
{"target": -530.0232165297488, "params": {"k_pid_pos": [1.1308807173491258, 0.0, 0.08758863537318053], "k_pid_alt": [1.0942696244752337, 0.0, 0.006392063559113634], "k_pid_att": [16.083723875425672, 0.0001, 0.3165308069262138], "k_pid_yaw": [0.5, 1e-06, 0.1], "k_pid_hsp": [0.023445286719126573, 0.0, 0.0], "k_pid_vsp": [400.0, 43.438395485027684, 17.056133759584863]}, "datetime": {"datetime": "2025-08-21 18:20:36", "elapsed": 34553.02074718475, "delta": 24.844863891601562}, "costs": {"total_cost": 530.0232165297488, "time_cost": 150, "final_distance_cost": 69.77208138503097, "oscillation_cost": 12.56693506920717, "completition_cost": 222.2222222222222, "overshoot_cost": 54.256006227888086, "power_cost": 11.300364453125, "noise_cost": 9.905607172275355, "n_waypoints_completed": 7, "tot_waypoints": 9}}
{"target": -185.8549532732487, "params": {"k_pid_pos": [1.1329912062193643, 0.0, 0.1364111706891918], "k_pid_alt": [1.19546415978382, 0.0, 0.015961920855239176], "k_pid_att": [14.49114979421543, 0.0001, 0.5816008019369597], "k_pid_yaw": [0.5, 1e-06, 0.1], "k_pid_hsp": [0.25675132639610365, 0.003391508678545164, 0.0], "k_pid_vsp": [400.0, 57.73604262843782, 17.721807167252795]}, "datetime": {"datetime": "2025-08-21 18:20:53", "elapsed": 34569.906690597534, "delta": 16.88594341278076}, "costs": {"total_cost": 185.8549532732487, "time_cost": 69.70400000000001, "final_distance_cost": 1.8421595244129578, "oscillation_cost": 29.66774199623406, "completition_cost": 0.0, "overshoot_cost": 50.47458316575486, "power_cost": 19.55885291748047, "noise_cost": 14.607615669366352, "n_waypoints_completed": 9, "tot_waypoints": 9}}
{"target": -175.47279626992227, "params": {"k_pid_pos": [1.1233239957088927, 0.0, 0.13919983094134372], "k_pid_alt": [1.2446745764299783, 0.0, 0.015907536583661043], "k_pid_att": [16.407262173496413, 0.0001, 0.636204097456822], "k_pid_yaw": [0.5, 1e-06, 0.1], "k_pid_hsp": [0.11693803957781913, 0.0022175856048864714, 0.0], "k_pid_vsp": [399.9603308284178, 33.62842190411444, 16.644440138261604]}, "datetime": {"datetime": "2025-08-21 18:21:10", "elapsed": 34586.64274454117, "delta": 16.736053943634033}, "costs": {"total_cost": 175.47279626992227, "time_cost": 70.83200000000001, "final_distance_cost": 1.7817816480856257, "oscillation_cost": 27.056367516508065, "completition_cost": 0.0, "overshoot_cost": 51.40006324610061, "power_cost": 13.595016943359376, "noise_cost": 10.80756691586858, "n_waypoints_completed": 9, "tot_waypoints": 9}}
{"target": -173.62880652152006, "params": {"k_pid_pos": [1.1238777388129515, 0.0, 0.10475678615644629], "k_pid_alt": [1.3644754128728744, 0.0, 0.01612903562974063], "k_pid_att": [15.94684851760843, 0.0001, 0.6444235534266328], "k_pid_yaw": [0.5, 1e-06, 0.1], "k_pid_hsp": [0.18617798532305055, 0.007137107426939657, 0.0], "k_pid_vsp": [398.61832277320286, 40.14781451240816, 16.379739573851193]}, "datetime": {"datetime": "2025-08-21 18:21:27", "elapsed": 34604.31315255165, "delta": 17.670408010482788}, "costs": {"total_cost": 173.62880652152006, "time_cost": 69.48, "final_distance_cost": 1.8324602797759744, "oscillation_cost": 29.19910777798244, "completition_cost": 0.0, "overshoot_cost": 50.22454340105232, "power_cost": 12.329862121582032, "noise_cost": 10.562832941127287, "n_waypoints_completed": 9, "tot_waypoints": 9}}
