{"target": -179.84522257216082, "params": {"k_pid_pos": [1.1290373243983516, 0.0, 0.12811944079084844], "k_pid_alt": [1.1408874945369802, 0.0, 0.010219970476251925], "k_pid_att": [15.569701674345684, 0.0001, 0.6485554599928226], "k_pid_yaw": [0.5, 1e-06, 0.1], "k_pid_hsp": [0.1279285351254219, 0.0030587932619197556, 0.0], "k_pid_vsp": [396.6572853436406, 40.0903049117466, 20.410392222658334]}, "datetime": {"datetime": "2025-08-21 17:43:51", "elapsed": 32347.437442064285, "delta": 16.991252899169922}, "costs": {"total_cost": 179.84522257216082, "time_cost": 70.696, "final_distance_cost": 1.8094857411446754, "oscillation_cost": 27.74100813345241, "completition_cost": 0.0, "overshoot_cost": 51.134128118458904, "power_cost": 16.186198461914064, "noise_cost": 12.278402117190778, "n_waypoints_completed": 9, "tot_waypoints": 9}}
{"target": -174.8902859596837, "params": {"k_pid_pos": [1.1169061887899432, 0.0, 0.1412831562434049], "k_pid_alt": [1.1079165376086015, 0.0, 0.006075810835159555], "k_pid_att": [15.116895852584543, 0.0001, 0.6357089660081081], "k_pid_yaw": [0.5, 1e-06, 0.1], "k_pid_hsp": [0.12825423701811103, 0.0033967422397082323, 0.0], "k_pid_vsp": [397.4784287203144, 45.45605101915811, 19.314177583886824]}, "datetime": {"datetime": "2025-08-21 17:44:07", "elapsed": 32363.95333838463, "delta": 16.515896320343018}, "costs": {"total_cost": 174.8902859596837, "time_cost": 70.976, "final_distance_cost": 1.7893200127798734, "oscillation_cost": 27.322323400951134, "completition_cost": 0.0, "overshoot_cost": 51.30615526886639, "power_cost": 12.724567553710939, "noise_cost": 10.771919723375397, "n_waypoints_completed": 9, "tot_waypoints": 9}}
{"target": -186.7896406487466, "params": {"k_pid_pos": [1.1355240087530845, 0.0, 0.23213891724952712], "k_pid_alt": [1.3748964681804, 0.0, 0.004815258571974911], "k_pid_att": [17.795285655332716, 0.0001, 0.6558210673793468], "k_pid_yaw": [0.5, 1e-06, 0.1], "k_pid_hsp": [0.39626799393591206, 0.0015034487518013951, 0.0], "k_pid_vsp": [396.69075170285106, 5.408642147593152, 22.777158028104985]}, "datetime": {"datetime": "2025-08-21 17:44:24", "elapsed": 32380.89323234558, "delta": 16.93989396095276}, "costs": {"total_cost": 186.7896406487466, "time_cost": 70.736, "final_distance_cost": 1.8473463476211105, "oscillation_cost": 29.84482716865038, "completition_cost": 0.0, "overshoot_cost": 50.86456802422064, "power_cost": 18.885601196289063, "noise_cost": 14.611297911965416, "n_waypoints_completed": 9, "tot_waypoints": 9}}
{"target": -179.85722032676472, "params": {"k_pid_pos": [1.0772564515121978, 0.0, 0.17492362374772297], "k_pid_alt": [0.43180682359434064, 0.0, 0.017515361488685238], "k_pid_att": [36.305876459484345, 0.0001, 0.5813047553476931], "k_pid_yaw": [0.5, 1e-06, 0.1], "k_pid_hsp": [0.1691170008328893, 0.0019307722919637373, 0.0], "k_pid_vsp": [400.0, 31.195726580198485, 17.609153112146387]}, "datetime": {"datetime": "2025-08-21 17:44:43", "elapsed": 32399.702697992325, "delta": 18.809465646743774}, "costs": {"total_cost": 179.85722032676472, "time_cost": 79.144, "final_distance_cost": 1.8528047394331446, "oscillation_cost": 30.68099758184628, "completition_cost": 0.0, "overshoot_cost": 51.580266243399876, "power_cost": 8.668481115722656, "noise_cost": 7.930670646362731, "n_waypoints_completed": 9, "tot_waypoints": 9}}
{"target": -181.6226933415891, "params": {"k_pid_pos": [1.3219089974339657, 0.0, 0.15090147397113124], "k_pid_alt": [1.2178858868526075, 0.0, 0.0023393594693290123], "k_pid_att": [18.31771148435175, 0.0001, 0.6784051762929295], "k_pid_yaw": [0.5, 1e-06, 0.1], "k_pid_hsp": [0.6066920701526369, 0.0034843683813975007, 0.0], "k_pid_vsp": [397.77861484312547, 29.958763094789955, 27.30114185192573]}, "datetime": {"datetime": "2025-08-21 17:44:58", "elapsed": 32415.190802574158, "delta": 15.488104581832886}, "costs": {"total_cost": 181.6226933415891, "time_cost": 69.816, "final_distance_cost": 1.827882359746129, "oscillation_cost": 31.82025051320727, "completition_cost": 0.0, "overshoot_cost": 50.27384786577297, "power_cost": 15.77677879638672, "noise_cost": 12.10793380647602, "n_waypoints_completed": 9, "tot_waypoints": 9}}
{"target": -1089.163868881963, "params": {"k_pid_pos": [1.0716114755591226, 0.0, 0.13444375375753165], "k_pid_alt": [1.215788739799173, 0.0, 0.015191984058780353], "k_pid_att": [21.435762670878553, 0.0001, 0.6330180019243611], "k_pid_yaw": [0.5, 1e-06, 0.1], "k_pid_hsp": [0.007869193543864311, 0.0034664451933198314, 0.0], "k_pid_vsp": [400.0, 43.53723733198827, 1.5613895843787287]}, "datetime": {"datetime": "2025-08-21 17:45:21", "elapsed": 32437.975021600723, "delta": 22.78421902656555}, "costs": {"total_cost": 1089.163868881963, "time_cost": 150, "final_distance_cost": 89.89329321035889, "oscillation_cost": 3.467045162974558, "completition_cost": 777.7777777777778, "overshoot_cost": 46.46749811957401, "power_cost": 10.223426440429687, "noise_cost": 11.33482817084806, "n_waypoints_completed": 2, "tot_waypoints": 9}}
{"target": -179.22924315359805, "params": {"k_pid_pos": [1.2891126801803539, 0.0, 0.15446695175561526], "k_pid_alt": [1.0944203114475475, 0.0, 0.00887351564724381], "k_pid_att": [15.477343200877337, 0.0001, 0.4143755860182037], "k_pid_yaw": [0.5, 1e-06, 0.1], "k_pid_hsp": [0.39095170557948766, 0.0002860302258425051, 0.0], "k_pid_vsp": [400.0, 36.351970529543514, 18.777359714576374]}, "datetime": {"datetime": "2025-08-21 17:45:38", "elapsed": 32454.835501670837, "delta": 16.860480070114136}, "costs": {"total_cost": 179.22924315359805, "time_cost": 70.536, "final_distance_cost": 1.8160499480059773, "oscillation_cost": 30.561427330271627, "completition_cost": 0.0, "overshoot_cost": 51.42410967201853, "power_cost": 13.980170153808594, "noise_cost": 10.911486049493295, "n_waypoints_completed": 9, "tot_waypoints": 9}}
{"target": -169.71111629151446, "params": {"k_pid_pos": [1.1083516368411042, 0.0, 0.13495951721807203], "k_pid_alt": [1.202178948817968, 0.0, 0.015873567531671857], "k_pid_att": [14.761589280553544, 0.0001, 0.6346874588008631], "k_pid_yaw": [0.5, 1e-06, 0.1], "k_pid_hsp": [0.3283605960273707, 0.0031721649578621215, 0.0], "k_pid_vsp": [400.0, 45.59735312009641, 18.799554071543124]}, "datetime": {"datetime": "2025-08-21 17:45:54", "elapsed": 32471.217166900635, "delta": 16.381665229797363}, "costs": {"total_cost": 169.71111629151446, "time_cost": 70.968, "final_distance_cost": 1.834523847047406, "oscillation_cost": 29.049318903143885, "completition_cost": 0.0, "overshoot_cost": 51.49517023736724, "power_cost": 7.8972215087890625, "noise_cost": 8.466881795166843, "n_waypoints_completed": 9, "tot_waypoints": 9}}
{"target": -171.1702605592042, "params": {"k_pid_pos": [1.1245433114763594, 0.0, 0.1252367540731565], "k_pid_alt": [1.2444813182825254, 0.0, 0.016333010909544515], "k_pid_att": [17.668452019432866, 0.0001, 0.6249943070300189], "k_pid_yaw": [0.5, 1e-06, 0.1], "k_pid_hsp": [0.12826161324378288, 0.004304946784002443, 0.0], "k_pid_vsp": [399.9541420218228, 37.69158408440803, 16.80755718645002]}, "datetime": {"datetime": "2025-08-21 17:46:11", "elapsed": 32488.1368932724, "delta": 16.919726371765137}, "costs": {"total_cost": 171.1702605592042, "time_cost": 70.2, "final_distance_cost": 1.8038921963343186, "oscillation_cost": 27.946132162208798, "completition_cost": 0.0, "overshoot_cost": 50.659955659469546, "power_cost": 10.874717565917969, "noise_cost": 9.685562975273578, "n_waypoints_completed": 9, "tot_waypoints": 9}}
{"target": -182.17298150397644, "params": {"k_pid_pos": [1.1205069626771704, 0.0, 0.11108005195527577], "k_pid_alt": [1.3998885280667288, 0.0, 0.013104914943522864], "k_pid_att": [8.660536117141032, 0.0001, 0.6472257943240091], "k_pid_yaw": [0.5, 1e-06, 0.1], "k_pid_hsp": [0.20141326928371356, 0.012357562450114788, 0.0], "k_pid_vsp": [398.8022931227484, 33.25613253406604, 14.70133806540342]}, "datetime": {"datetime": "2025-08-21 17:46:27", "elapsed": 32503.89865040779, "delta": 15.761757135391235}, "costs": {"total_cost": 182.17298150397644, "time_cost": 69.528, "final_distance_cost": 1.8236828602057333, "oscillation_cost": 29.72972575003737, "completition_cost": 0.0, "overshoot_cost": 50.56496930472557, "power_cost": 17.364457446289062, "noise_cost": 13.162146142718683, "n_waypoints_completed": 9, "tot_waypoints": 9}}
{"target": -175.26651648514994, "params": {"k_pid_pos": [1.1234783303005729, 0.0, 0.13929534965314677], "k_pid_alt": [1.2243325970282062, 0.0, 0.015929863110887475], "k_pid_att": [15.28344622772323, 0.0001, 0.6365554865670452], "k_pid_yaw": [0.5, 1e-06, 0.1], "k_pid_hsp": [0.12745867040318568, 0.003505067259738765, 0.0], "k_pid_vsp": [400.0, 43.946612220404354, 18.183546201919476]}, "datetime": {"datetime": "2025-08-21 17:46:45", "elapsed": 32521.767783641815, "delta": 17.869133234024048}, "costs": {"total_cost": 175.26651648514994, "time_cost": 71.168, "final_distance_cost": 1.8191802335339888, "oscillation_cost": 27.305604219896143, "completition_cost": 0.0, "overshoot_cost": 51.59134542869345, "power_cost": 12.612529809570313, "noise_cost": 10.769856793456054, "n_waypoints_completed": 9, "tot_waypoints": 9}}
{"target": -181.28353072675114, "params": {"k_pid_pos": [1.167674402722069, 0.0, 0.0], "k_pid_alt": [0.8109660076844744, 0.0, 0.0005869325470757129], "k_pid_att": [26.81105194977377, 0.0001, 0.5083170251749076], "k_pid_yaw": [0.5, 1e-06, 0.1], "k_pid_hsp": [0.18935907999427526, 0.020417946686149314, 0.0], "k_pid_vsp": [360.31093390537546, 38.89236668550739, 16.895685529268484]}, "datetime": {"datetime": "2025-08-21 17:47:01", "elapsed": 32537.696001291275, "delta": 15.928217649459839}, "costs": {"total_cost": 181.28353072675114, "time_cost": 71.536, "final_distance_cost": 1.8063999851404855, "oscillation_cost": 31.230256468031197, "completition_cost": 0.0, "overshoot_cost": 50.95424201161916, "power_cost": 14.54833133544922, "noise_cost": 11.208300926511036, "n_waypoints_completed": 9, "tot_waypoints": 9}}
{"target": -192.8943173057418, "params": {"k_pid_pos": [1.1349434119591877, 0.0, 0.1372855908198243], "k_pid_alt": [1.1653568309703224, 0.0, 0.01657982523824726], "k_pid_att": [32.05301417859908, 0.0001, 0.6148114242074261], "k_pid_yaw": [0.5, 1e-06, 0.1], "k_pid_hsp": [0.2347956183031749, 0.0034048860993755497, 0.0], "k_pid_vsp": [400.0, 37.470726873534105, 18.58803989807602]}, "datetime": {"datetime": "2025-08-21 17:47:18", "elapsed": 32555.100202798843, "delta": 17.40420150756836}, "costs": {"total_cost": 192.8943173057418, "time_cost": 71.328, "final_distance_cost": 1.8157148881147538, "oscillation_cost": 29.03606330586454, "completition_cost": 0.0, "overshoot_cost": 51.34488288088888, "power_cost": 22.7852484375, "noise_cost": 16.584407793373604, "n_waypoints_completed": 9, "tot_waypoints": 9}}
{"target": -178.70442821163746, "params": {"k_pid_pos": [1.1245131691871846, 0.0, 0.10826233394247947], "k_pid_alt": [1.1926263923816516, 0.0, 0.017178810233626208], "k_pid_att": [14.27192134949134, 0.0001, 0.6378707470378386], "k_pid_yaw": [0.5, 1e-06, 0.1], "k_pid_hsp": [0.5064317760351769, 0.0016747082959362245, 0.0], "k_pid_vsp": [399.6186048623387, 31.486405895922434, 15.955175023573426]}, "datetime": {"datetime": "2025-08-21 17:47:35", "elapsed": 32571.53251862526, "delta": 16.432315826416016}, "costs": {"total_cost": 178.70442821163746, "time_cost": 71.504, "final_distance_cost": 1.835911129977526, "oscillation_cost": 30.53125384229436, "completition_cost": 0.0, "overshoot_cost": 51.13057814123995, "power_cost": 12.487284155273437, "noise_cost": 11.215400942852176, "n_waypoints_completed": 9, "tot_waypoints": 9}}
{"target": -168.86640381414662, "params": {"k_pid_pos": [1.20648438962132, 0.0, 0.13663593556951917], "k_pid_alt": [1.2387313664802329, 0.0, 0.003375296332124235], "k_pid_att": [17.38649566047247, 0.0001, 0.898331521970033], "k_pid_yaw": [0.5, 1e-06, 0.1], "k_pid_hsp": [0.4271322718221725, 0.004804586488703475, 0.0], "k_pid_vsp": [400.0, 42.968514622399994, 18.529195847969632]}, "datetime": {"datetime": "2025-08-21 17:47:53", "elapsed": 32589.889117240906, "delta": 18.356598615646362}, "costs": {"total_cost": 168.86640381414662, "time_cost": 69.392, "final_distance_cost": 1.8419273969086105, "oscillation_cost": 33.173120152524326, "completition_cost": 0.0, "overshoot_cost": 50.16285038330303, "power_cost": 7.072698608398438, "noise_cost": 7.223807273012209, "n_waypoints_completed": 9, "tot_waypoints": 9}}
{"target": -176.0304668801864, "params": {"k_pid_pos": [1.1256349730932171, 0.0, 0.13878910538116046], "k_pid_alt": [1.1907512746359739, 0.0, 0.01777987312995736], "k_pid_att": [16.683961629632503, 0.010850825294446073, 0.6467882072733611], "k_pid_yaw": [0.5, 1e-06, 0.1], "k_pid_hsp": [0.13656036183074632, 0.003261933857098494, 0.0], "k_pid_vsp": [379.46027753458674, 43.5611787601505, 17.31076799717188]}, "datetime": {"datetime": "2025-08-21 17:48:09", "elapsed": 32605.990704774857, "delta": 16.101587533950806}, "costs": {"total_cost": 176.0304668801864, "time_cost": 71.288, "final_distance_cost": 1.7837743411041498, "oscillation_cost": 27.54843661436619, "completition_cost": 0.0, "overshoot_cost": 51.33458330357956, "power_cost": 13.094367358398438, "noise_cost": 10.981305262738056, "n_waypoints_completed": 9, "tot_waypoints": 9}}
{"target": -185.70307998157722, "params": {"k_pid_pos": [1.4803818249860148, 0.0, 0.10117227542991115], "k_pid_alt": [1.0676269064444848, 0.0, 0.0071721788155603115], "k_pid_att": [16.513258939374857, 0.0001, 0.6372696101152124], "k_pid_yaw": [0.5, 1e-06, 0.1], "k_pid_hsp": [0.12628014256127398, 0.0032388438889406, 0.0], "k_pid_vsp": [400.0, 35.01743710507962, 20.172118800232273]}, "datetime": {"datetime": "2025-08-21 17:48:27", "elapsed": 32623.77089858055, "delta": 17.78019380569458}, "costs": {"total_cost": 185.70307998157722, "time_cost": 70.896, "final_distance_cost": 1.7596538611624781, "oscillation_cost": 30.406076916466453, "completition_cost": 0.0, "overshoot_cost": 51.2571905432022, "power_cost": 17.9872529296875, "noise_cost": 13.3969057310586, "n_waypoints_completed": 9, "tot_waypoints": 9}}
{"target": -203.51284400275048, "params": {"k_pid_pos": [1.282002976071669, 0.000262804749057615, 0.14251222556660834], "k_pid_alt": [1.1824999508495084, 0.0, 0.01600173419503255], "k_pid_att": [16.921212865896234, 0.0001, 0.6269413471599823], "k_pid_yaw": [0.5, 1e-06, 0.1], "k_pid_hsp": [0.039985084366701396, 0.00557262790778287, 0.0], "k_pid_vsp": [391.29240764313124, 45.07946506018599, 19.20051604549322]}, "datetime": {"datetime": "2025-08-21 17:48:47", "elapsed": 32644.202354192734, "delta": 20.431455612182617}, "costs": {"total_cost": 203.51284400275048, "time_cost": 83.776, "final_distance_cost": 1.7527950246652377, "oscillation_cost": 21.924747425918774, "completition_cost": 0.0, "overshoot_cost": 56.24501890075447, "power_cost": 23.542480371093752, "noise_cost": 16.271802280318266, "n_waypoints_completed": 9, "tot_waypoints": 9}}
{"target": -184.3480646087355, "params": {"k_pid_pos": [1.1244401005016302, 0.0, 0.26688023206985356], "k_pid_alt": [1.1912993373819518, 0.0, 0.017013018937919868], "k_pid_att": [15.40997817081327, 0.0001, 0.6544065681392178], "k_pid_yaw": [0.5, 1e-06, 0.1], "k_pid_hsp": [0.1278313306424663, 0.003129552961113013, 0.0], "k_pid_vsp": [400.0, 55.10055808674004, 15.578432773111151]}, "datetime": {"datetime": "2025-08-21 17:49:05", "elapsed": 32661.475833415985, "delta": 17.273479223251343}, "costs": {"total_cost": 184.3480646087355, "time_cost": 71.864, "final_distance_cost": 1.798925098154664, "oscillation_cost": 26.337714342348615, "completition_cost": 0.0, "overshoot_cost": 52.030115330353674, "power_cost": 18.034515954589846, "noise_cost": 14.282793883288715, "n_waypoints_completed": 9, "tot_waypoints": 9}}
{"target": -177.8403592816496, "params": {"k_pid_pos": [1.1261805688575717, 0.0, 0.09489538548454367], "k_pid_alt": [1.6190458548478994, 0.0, 0.014748067126303211], "k_pid_att": [15.170889086877272, 0.000320509683628175, 0.6297889587761712], "k_pid_yaw": [0.5, 1e-06, 0.1], "k_pid_hsp": [0.36815280906687886, 0.003663698582769358, 0.0], "k_pid_vsp": [400.0, 43.73088922167612, 20.82463733948452]}, "datetime": {"datetime": "2025-08-21 17:49:22", "elapsed": 32678.614187955856, "delta": 17.138354539871216}, "costs": {"total_cost": 177.8403592816496, "time_cost": 70.056, "final_distance_cost": 1.8230089590556522, "oscillation_cost": 29.743551023875117, "completition_cost": 0.0, "overshoot_cost": 50.543678134698055, "power_cost": 13.925055883789064, "noise_cost": 11.749065280231695, "n_waypoints_completed": 9, "tot_waypoints": 9}}
{"target": -167.31246561721903, "params": {"k_pid_pos": [1.2375466419593053, 0.0, 0.1876938634515874], "k_pid_alt": [1.2972920504883516, 0.0, 0.01628751050899819], "k_pid_att": [15.495410739433602, 0.0001, 0.6260569515047846], "k_pid_yaw": [0.5, 1e-06, 0.1], "k_pid_hsp": [0.13038930672220897, 0.0027878499828995137, 0.0], "k_pid_vsp": [393.4057292677658, 29.864818289374476, 9.599718132410928]}, "datetime": {"datetime": "2025-08-21 17:49:38", "elapsed": 32694.9994225502, "delta": 16.385234594345093}, "costs": {"total_cost": 167.31246561721903, "time_cost": 70.608, "final_distance_cost": 1.7786745559141306, "oscillation_cost": 28.04951365094273, "completition_cost": 0.0, "overshoot_cost": 51.575205534551294, "power_cost": 7.317520373535157, "noise_cost": 7.983551502275704, "n_waypoints_completed": 9, "tot_waypoints": 9}}
{"target": -192.6829686281171, "params": {"k_pid_pos": [1.2139396032480239, 0.0, 0.13373893903308695], "k_pid_alt": [1.1805659728447773, 0.0, 0.011577849995434288], "k_pid_att": [13.962683196080867, 0.0001, 0.6519302522151245], "k_pid_yaw": [0.5, 1e-06, 0.1], "k_pid_hsp": [0.1266531430323147, 0.00131608842131325, 0.0], "k_pid_vsp": [400.0, 9.405928145361612, 18.216842444190494]}, "datetime": {"datetime": "2025-08-21 17:49:56", "elapsed": 32713.31170153618, "delta": 18.312278985977173}, "costs": {"total_cost": 192.6829686281171, "time_cost": 73.16, "final_distance_cost": 1.7927259538878315, "oscillation_cost": 29.67990423572624, "completition_cost": 0.0, "overshoot_cost": 52.22888370491371, "power_cost": 20.343452966308593, "noise_cost": 15.478001767280707, "n_waypoints_completed": 9, "tot_waypoints": 9}}
{"target": -184.21152778283235, "params": {"k_pid_pos": [1.1199134763214564, 0.0, 0.1484797914676285], "k_pid_alt": [1.134625800743263, 0.0, 0.012081593851564815], "k_pid_att": [18.39307695538585, 0.0001, 0.733046537698045], "k_pid_yaw": [0.5, 1e-06, 0.1], "k_pid_hsp": [0.11807964149899815, 0.003760375280660831, 0.0], "k_pid_vsp": [400.0, 22.902441593047882, 16.78520368134242]}, "datetime": {"datetime": "2025-08-21 17:50:13", "elapsed": 32730.188369512558, "delta": 16.876667976379395}, "costs": {"total_cost": 184.21152778283235, "time_cost": 71.2, "final_distance_cost": 1.8051492292335467, "oscillation_cost": 28.06910360839624, "completition_cost": 0.0, "overshoot_cost": 51.80575719490745, "power_cost": 17.765343823242187, "noise_cost": 13.566173927052946, "n_waypoints_completed": 9, "tot_waypoints": 9}}
{"target": -172.21932184303523, "params": {"k_pid_pos": [1.1393844678321174, 0.0, 0.14066405263407109], "k_pid_alt": [1.1999966768371468, 0.0, 0.01557177114917998], "k_pid_att": [11.971776480246094, 0.0001, 0.6465317380949153], "k_pid_yaw": [0.5, 1e-06, 0.1], "k_pid_hsp": [0.3100077978403512, 0.003367663316577574, 0.0], "k_pid_vsp": [400.0, 46.85590361552468, 20.04057204404557]}, "datetime": {"datetime": "2025-08-21 17:50:31", "elapsed": 32747.94576215744, "delta": 17.757392644882202}, "costs": {"total_cost": 172.21932184303523, "time_cost": 69.8, "final_distance_cost": 1.8326341581728571, "oscillation_cost": 30.047549881340675, "completition_cost": 0.0, "overshoot_cost": 50.65280141088445, "power_cost": 10.348578686523439, "noise_cost": 9.537757706113814, "n_waypoints_completed": 9, "tot_waypoints": 9}}
{"target": -172.99038465517648, "params": {"k_pid_pos": [1.1205313978059677, 0.0, 0.13239075162843228], "k_pid_alt": [0.9896567604103806, 0.0, 0.01597500457604608], "k_pid_att": [16.030348324511436, 0.0001, 0.6488440890210979], "k_pid_yaw": [0.5, 1e-06, 0.1], "k_pid_hsp": [0.20306860228760543, 0.003626977086675214, 0.0], "k_pid_vsp": [400.0, 39.21231729536585, 15.627108884314918]}, "datetime": {"datetime": "2025-08-21 17:50:47", "elapsed": 32764.432421445847, "delta": 16.486659288406372}, "costs": {"total_cost": 172.99038465517648, "time_cost": 71.032, "final_distance_cost": 1.8110861139131067, "oscillation_cost": 28.386294295501497, "completition_cost": 0.0, "overshoot_cost": 51.14641829428252, "power_cost": 10.778470837402343, "noise_cost": 9.83611511407701, "n_waypoints_completed": 9, "tot_waypoints": 9}}
{"target": -186.3659644087877, "params": {"k_pid_pos": [1.1381794197167872, 0.0, 0.13768313442545826], "k_pid_alt": [1.2006253674494998, 0.0, 0.0012853634573378597], "k_pid_att": [8.51510396255285, 0.0001, 0.6144654963720617], "k_pid_yaw": [0.5, 1e-06, 0.1], "k_pid_hsp": [0.13999314833356813, 0.001561060710111673, 0.0], "k_pid_vsp": [400.0, 47.69507631337352, 17.457121811108895]}, "datetime": {"datetime": "2025-08-21 17:51:05", "elapsed": 32781.95320224762, "delta": 17.52078080177307}, "costs": {"total_cost": 186.3659644087877, "time_cost": 71.232, "final_distance_cost": 1.824986408473018, "oscillation_cost": 27.655832967596616, "completition_cost": 0.0, "overshoot_cost": 52.30648862320937, "power_cost": 18.834610583496094, "noise_cost": 14.51204582601262, "n_waypoints_completed": 9, "tot_waypoints": 9}}
