{"target": -671.9318505050369, "params": {"k_pid_pos": [0.9811127732347715, 0.916893322548697, 0.5323707124407784], "k_pid_alt": [0.8701051503327482, 0.028685277822568335, 0.059722725226059425], "k_pid_att": [14.270466589533669, 0.4815282434411241, 0.07074369562473727], "k_pid_yaw": [0.5, 1e-06, 0.1], "k_pid_hsp": [0.0001, 0.34187711054795145, 0.07669843327051412], "k_pid_vsp": [356.2600206579143, 125.57795268962039, 21.410534158606655]}, "datetime": {"datetime": "2025-08-21 09:18:53", "elapsed": 2049.5074095726013, "delta": 26.50358295440674}, "costs": {"total_cost": 671.9318505050369, "time_cost": 150, "final_distance_cost": 76.0867709345434, "oscillation_cost": 104.48255765844185, "completition_cost": 222.2222222222222, "overshoot_cost": 82.41323226809547, "power_cost": 21.08203515625, "noise_cost": 15.645032265483993, "n_waypoints_completed": 7, "tot_waypoints": 9}}
{"target": -401.6620217570516, "params": {"k_pid_pos": [0.7561859444653931, 0.9578813435751439, 0.6037407210071583], "k_pid_alt": [0.4572249589080755, 0.0, 0.0], "k_pid_att": [22.869410813662867, 1.042022643024862, 0.12769083900321043], "k_pid_yaw": [0.5, 1e-06, 0.1], "k_pid_hsp": [3.411399087076022, 0.0, 0.041775538791204214], "k_pid_vsp": [221.2391951120586, 102.50831051742901, 1e-06]}, "datetime": {"datetime": "2025-08-21 09:19:20", "elapsed": 2077.2633168697357, "delta": 27.7559072971344}, "costs": {"total_cost": 401.6620217570516, "time_cost": 99.11200000000001, "final_distance_cost": 1.8254416360992514, "oscillation_cost": 210.32056701860964, "completition_cost": 0.0, "overshoot_cost": 53.535772866403114, "power_cost": 19.326713256835937, "noise_cost": 17.54152697910363, "n_waypoints_completed": 9, "tot_waypoints": 9}}
{"target": -1062.8397791661107, "params": {"k_pid_pos": [0.20460375777203899, 0.08315788652888784, 0.3466093510553233], "k_pid_alt": [1.0008050160221356, 0.0, 0.031064508734338865], "k_pid_att": [0.0, 0.0001, 0.052885725175522605], "k_pid_yaw": [0.5, 1e-06, 0.1], "k_pid_hsp": [3.1058377288482344, 0.0, 0.018077398728066796], "k_pid_vsp": [147.71277351132807, 97.862367071303, 1e-06]}, "datetime": {"datetime": "2025-08-21 09:19:47", "elapsed": 2104.2436599731445, "delta": 26.980343103408813}, "costs": {"total_cost": 1062.8397791661107, "time_cost": 150, "final_distance_cost": 55.2290878001563, "oscillation_cost": 4.110198449705132, "completition_cost": 666.6666666666667, "overshoot_cost": 153.9645493619544, "power_cost": 17.855549548339845, "noise_cost": 15.013727339288208, "n_waypoints_completed": 3, "tot_waypoints": 9}}
{"target": -210.99735304896075, "params": {"k_pid_pos": [0.8759353659525239, 0.3762985013129042, 0.14339041981303802], "k_pid_alt": [0.3479957802335539, 0.0, 0.0], "k_pid_att": [17.86323164808257, 0.0001, 0.0], "k_pid_yaw": [0.5, 1e-06, 0.1], "k_pid_hsp": [1.2435022767634178, 0.029200462908765035, 0.0], "k_pid_vsp": [396.6674186155243, 89.22911556536711, 1e-06]}, "datetime": {"datetime": "2025-08-21 09:20:10", "elapsed": 2126.6268932819366, "delta": 22.383233308792114}, "costs": {"total_cost": 210.99735304896075, "time_cost": 90.136, "final_distance_cost": 1.8571850285983758, "oscillation_cost": 40.155681872892934, "completition_cost": 0.0, "overshoot_cost": 51.07395112977247, "power_cost": 13.88869051513672, "noise_cost": 13.885844502560236, "n_waypoints_completed": 9, "tot_waypoints": 9}}
{"target": -1669.5696560765105, "params": {"k_pid_pos": [0.7116880259441725, 0.5779080642455072, 0.5919092402476451], "k_pid_alt": [0.7399236263565673, 0.07024855452960085, 0.4498098671594424], "k_pid_att": [33.82106567324084, 3.7053158000240902, 0.0], "k_pid_yaw": [0.5, 1e-06, 0.1], "k_pid_hsp": [0.0001, 0.0, 0.5449468571011693], "k_pid_vsp": [400.0, 108.84036658629167, 1e-06]}, "datetime": {"datetime": "2025-08-21 09:20:39", "elapsed": 2155.759240627289, "delta": 29.132347345352173}, "costs": {"total_cost": 1669.5696560765105, "time_cost": 150, "final_distance_cost": 47.2064278817809, "oscillation_cost": 392.0871680470294, "completition_cost": 1000.0, "overshoot_cost": 35.844161422190034, "power_cost": 25.67071022949219, "noise_cost": 18.761188496018235, "n_waypoints_completed": 0, "tot_waypoints": 9}}
{"target": -1231.5381156382023, "params": {"k_pid_pos": [0.0001, 0.8247864086041693, 0.46001805971684545], "k_pid_alt": [0.7884196876788928, 0.0, 0.0], "k_pid_att": [31.44846916608635, 0.0001, 0.0], "k_pid_yaw": [0.5, 1e-06, 0.1], "k_pid_hsp": [0.6982693959356052, 0.0228434477792277, 0.0], "k_pid_vsp": [400.0, 9.60172479092509, 1e-06]}, "datetime": {"datetime": "2025-08-21 09:21:05", "elapsed": 2181.780688047409, "delta": 26.02144742012024}, "costs": {"total_cost": 1231.5381156382023, "time_cost": 150, "final_distance_cost": 67.71002168165248, "oscillation_cost": 49.11152085136402, "completition_cost": 888.8888888888888, "overshoot_cost": 32.67695538432908, "power_cost": 24.795418884277346, "noise_cost": 18.35530994769055, "n_waypoints_completed": 1, "tot_waypoints": 9}}
{"target": -453.33017970500066, "params": {"k_pid_pos": [0.7443645443958211, 0.4077320203677632, 0.0], "k_pid_alt": [0.7950237985014329, 0.0, 0.0], "k_pid_att": [25.747434721221662, 0.0001, 0.0], "k_pid_yaw": [0.5, 1e-06, 0.1], "k_pid_hsp": [4.904909525176437, 0.0, 0.08085232299993561], "k_pid_vsp": [183.63158853437687, 1e-06, 1e-06]}, "datetime": {"datetime": "2025-08-21 09:21:33", "elapsed": 2209.8296999931335, "delta": 28.049011945724487}, "costs": {"total_cost": 453.33017970500066, "time_cost": 95.232, "final_distance_cost": 1.7543300306696186, "oscillation_cost": 257.289537477444, "completition_cost": 0.0, "overshoot_cost": 55.46857593367975, "power_cost": 25.012797094726565, "noise_cost": 18.572939168480737, "n_waypoints_completed": 9, "tot_waypoints": 9}}
{"target": -1149.123901881944, "params": {"k_pid_pos": [0.3649260409473628, 0.9286143025690075, 0.08314633303011548], "k_pid_alt": [0.6705822271269233, 0.0, 0.0], "k_pid_att": [34.50577389407806, 2.736522656073766, 0.0894386609522278], "k_pid_yaw": [0.5, 1e-06, 0.1], "k_pid_hsp": [0.0001, 0.04740873208740962, 0.0], "k_pid_vsp": [142.11731686546415, 99.57220536056639, 1e-06]}, "datetime": {"datetime": "2025-08-21 09:21:58", "elapsed": 2234.766506433487, "delta": 24.936806440353394}, "costs": {"total_cost": 1149.123901881944, "time_cost": 150, "final_distance_cost": 93.93753130849937, "oscillation_cost": 28.486816486028307, "completition_cost": 777.7777777777778, "overshoot_cost": 78.34406282156505, "power_cost": 9.638360559082031, "noise_cost": 10.939352928991513, "n_waypoints_completed": 2, "tot_waypoints": 9}}
{"target": -208.67131556134427, "params": {"k_pid_pos": [0.9141567115722712, 0.8114783995830277, 0.5216187640899473], "k_pid_alt": [1.052463880420965, 0.06255683294138849, 0.0], "k_pid_att": [26.64000277977304, 0.9777597640372253, 0.3192096729764152], "k_pid_yaw": [0.5, 1e-06, 0.1], "k_pid_hsp": [2.2155214911241803, 0.3630837960907501, 0.0], "k_pid_vsp": [398.65071487220035, 124.15775259834126, 43.126887929391216]}, "datetime": {"datetime": "2025-08-21 09:22:24", "elapsed": 2261.284910440445, "delta": 26.518404006958008}, "costs": {"total_cost": 208.67131556134427, "time_cost": 89.376, "final_distance_cost": 1.7586089951690538, "oscillation_cost": 38.17529471546518, "completition_cost": 0.0, "overshoot_cost": 50.789245920023035, "power_cost": 16.12630986328125, "noise_cost": 12.44585606740573, "n_waypoints_completed": 9, "tot_waypoints": 9}}
{"target": -1458.4007799950682, "params": {"k_pid_pos": [0.0001, 0.4090391981360747, 0.3380963440965379], "k_pid_alt": [0.8130788717486999, 0.0, 0.0], "k_pid_att": [10.85227811392275, 0.0001, 0.0], "k_pid_yaw": [0.5, 1e-06, 0.1], "k_pid_hsp": [0.0001, 0.13237537824846435, 0.1130720033003003], "k_pid_vsp": [288.64465174918814, 43.646929100431464, 1e-06]}, "datetime": {"datetime": "2025-08-21 09:22:49", "elapsed": 2286.069317340851, "delta": 24.784406900405884}, "costs": {"total_cost": 1458.4007799950682, "time_cost": 150, "final_distance_cost": 84.65479928661422, "oscillation_cost": 318.8750629320642, "completition_cost": 777.7777777777778, "overshoot_cost": 96.13483067824622, "power_cost": 16.48600283203125, "noise_cost": 14.472306488334373, "n_waypoints_completed": 2, "tot_waypoints": 9}}
{"target": -1645.412850719083, "params": {"k_pid_pos": [0.6292144673431298, 0.40059956691984205, 0.3226471069324739], "k_pid_alt": [0.7478096786341334, 0.43563878064807293, 0.35825308023155433], "k_pid_att": [77.19938472630255, 5.43068587144069, 0.0], "k_pid_yaw": [0.5, 1e-06, 0.1], "k_pid_hsp": [1.8588273151185355, 0.0, 0.15738528656468187], "k_pid_vsp": [202.14646128836358, 19.354636967616617, 277.6808731755758]}, "datetime": {"datetime": "2025-08-21 09:23:18", "elapsed": 2314.65119600296, "delta": 28.581878662109375}, "costs": {"total_cost": 1645.412850719083, "time_cost": 150, "final_distance_cost": 88.79021644343293, "oscillation_cost": 415.55567879600216, "completition_cost": 888.8888888888888, "overshoot_cost": 69.0782827882931, "power_cost": 17.525960766601564, "noise_cost": 15.57382303586433, "n_waypoints_completed": 1, "tot_waypoints": 9}}
{"target": -971.0653641916815, "params": {"k_pid_pos": [0.43208356615233745, 0.0590523974103772, 0.618429850519192], "k_pid_alt": [0.11433184148207787, 0.0, 0.04730385027382367], "k_pid_att": [63.5686933511384, 0.0001, 0.0], "k_pid_yaw": [0.5, 1e-06, 0.1], "k_pid_hsp": [1.3046842093673492, 0.0, 0.0], "k_pid_vsp": [63.918362691515284, 45.31203771423814, 1e-06]}, "datetime": {"datetime": "2025-08-21 09:23:43", "elapsed": 2340.223148584366, "delta": 25.57195258140564}, "costs": {"total_cost": 971.0653641916815, "time_cost": 150, "final_distance_cost": 53.25859956804204, "oscillation_cost": 31.7468275223977, "completition_cost": 666.6666666666667, "overshoot_cost": 42.65673085291499, "power_cost": 13.725059912109376, "noise_cost": 13.011479669550667, "n_waypoints_completed": 3, "tot_waypoints": 9}}
{"target": -220.16923587103446, "params": {"k_pid_pos": [0.44326777471336753, 0.5221781051315635, 0.5274425086817802], "k_pid_alt": [1.2349053891359958, 0.0, 0.0], "k_pid_att": [16.795295392399492, 0.394978667135115, 0.0], "k_pid_yaw": [0.5, 1e-06, 0.1], "k_pid_hsp": [2.162873983740965, 0.0, 0.0], "k_pid_vsp": [264.7590180968247, 23.49132054744379, 1e-06]}, "datetime": {"datetime": "2025-08-21 09:24:05", "elapsed": 2361.959599494934, "delta": 21.736450910568237}, "costs": {"total_cost": 220.16923587103446, "time_cost": 81.688, "final_distance_cost": 1.7877237759833435, "oscillation_cost": 61.03274585750071, "completition_cost": 0.0, "overshoot_cost": 51.319049764945774, "power_cost": 12.16635341796875, "noise_cost": 12.175363054635843, "n_waypoints_completed": 9, "tot_waypoints": 9}}
{"target": -3190.1704571660443, "params": {"k_pid_pos": [0.24000679484539736, 0.8709881912965924, 0.4162421306777174], "k_pid_alt": [0.30936407768955876, 0.0, 0.14130797890654684], "k_pid_att": [27.611598279531965, 0.45663459104492876, 0.09606995748354889], "k_pid_yaw": [0.5, 1e-06, 0.1], "k_pid_hsp": [0.0001, 0.0, 0.560685977443947], "k_pid_vsp": [359.3771321410203, 1e-06, 1e-06]}, "datetime": {"datetime": "2025-08-21 09:24:38", "elapsed": 2395.191372871399, "delta": 33.231773376464844}, "costs": {"total_cost": 3190.1704571660443, "time_cost": 150, "final_distance_cost": 385.59690562628293, "oscillation_cost": 367.30359662461626, "completition_cost": 1000.0, "overshoot_cost": 1248.100418065747, "power_cost": 22.06834490966797, "noise_cost": 17.10119193973058, "n_waypoints_completed": 0, "tot_waypoints": 9}}
{"target": -1185.5436468089315, "params": {"k_pid_pos": [0.7636604751581222, 0.23801215680278265, 0.3447134914583298], "k_pid_alt": [0.1590063781134079, 0.28279352100107163, 0.4078332287247959], "k_pid_att": [20.43351198674886, 0.0001, 0.0], "k_pid_yaw": [0.5, 1e-06, 0.1], "k_pid_hsp": [1.668947921596029, 0.0, 0.3947713996704955], "k_pid_vsp": [295.14923140382143, 65.45176424730877, 116.2265035980408]}, "datetime": {"datetime": "2025-08-21 09:25:05", "elapsed": 2421.57514834404, "delta": 26.38377547264099}, "costs": {"total_cost": 1185.5436468089315, "time_cost": 150, "final_distance_cost": 43.583146907291024, "oscillation_cost": 338.9690908191129, "completition_cost": 555.5555555555555, "overshoot_cost": 53.71759353234217, "power_cost": 25.79414470214844, "noise_cost": 17.924115292481385, "n_waypoints_completed": 4, "tot_waypoints": 9}}
{"target": -197.4662468541613, "params": {"k_pid_pos": [0.7056659969130672, 0.7506474726212558, 0.6370460807113203], "k_pid_alt": [1.0043221980836312, 0.0, 0.0033951579317257202], "k_pid_att": [45.527673815665274, 1.3221618534408568, 0.05092995812430856], "k_pid_yaw": [0.5, 1e-06, 0.1], "k_pid_hsp": [1.262356919708099, 0.014910138998806678, 0.0], "k_pid_vsp": [400.0, 29.379831315231662, 1e-06]}, "datetime": {"datetime": "2025-08-21 09:25:28", "elapsed": 2444.5938844680786, "delta": 23.018736124038696}, "costs": {"total_cost": 197.4662468541613, "time_cost": 81.304, "final_distance_cost": 1.7642431333172761, "oscillation_cost": 37.344825755640635, "completition_cost": 0.0, "overshoot_cost": 50.90946272978245, "power_cost": 13.662387231445313, "noise_cost": 12.481328003975657, "n_waypoints_completed": 9, "tot_waypoints": 9}}
{"target": -1341.9801116584333, "params": {"k_pid_pos": [0.9101329387235735, 0.7125785355904921, 1.0], "k_pid_alt": [0.0, 0.0, 0.0], "k_pid_att": [22.593227362833836, 0.0001, 0.0], "k_pid_yaw": [0.5, 1e-06, 0.1], "k_pid_hsp": [0.0001, 0.0, 0.0], "k_pid_vsp": [309.50316716867906, 53.43599565180758, 1e-06]}, "datetime": {"datetime": "2025-08-21 09:25:55", "elapsed": 2471.7444648742676, "delta": 27.150580406188965}, "costs": {"total_cost": 1341.9801116584333, "time_cost": 150, "final_distance_cost": 3.8738135651268877, "oscillation_cost": 2.7573869804862547, "completition_cost": 1000.0, "overshoot_cost": 136.86495603431075, "power_cost": 6.416025048828125, "noise_cost": 42.067930029681385, "n_waypoints_completed": 0, "tot_waypoints": 9}}
{"target": -425.8174274826511, "params": {"k_pid_pos": [0.2768360862995519, 0.0, 0.07748575958010288], "k_pid_alt": [0.9237829595617502, 0.0, 0.0], "k_pid_att": [47.28027091993862, 0.4188472654715215, 0.0], "k_pid_yaw": [0.5, 1e-06, 0.1], "k_pid_hsp": [1.2564147113403603, 0.0, 0.0], "k_pid_vsp": [245.47953523004165, 1e-06, 1e-06]}, "datetime": {"datetime": "2025-08-21 09:26:22", "elapsed": 2498.6633200645447, "delta": 26.9188551902771}, "costs": {"total_cost": 425.8174274826511, "time_cost": 150, "final_distance_cost": 65.70039521878917, "oscillation_cost": 25.08347258754556, "completition_cost": 111.11111111111116, "overshoot_cost": 47.82226004052189, "power_cost": 13.327458471679687, "noise_cost": 12.772730053003684, "n_waypoints_completed": 8, "tot_waypoints": 9}}
{"target": -1203.8233570183022, "params": {"k_pid_pos": [0.39616233033966897, 0.5239691902514403, 0.5067527289788651], "k_pid_alt": [1.1870630716102342, 0.0, 0.0], "k_pid_att": [18.608092554236674, 0.0001, 0.0], "k_pid_yaw": [0.5, 1e-06, 0.1], "k_pid_hsp": [0.0001, 0.0, 0.0], "k_pid_vsp": [203.18116969732677, 30.087528952108705, 1e-06]}, "datetime": {"datetime": "2025-08-21 09:26:52", "elapsed": 2529.248174905777, "delta": 30.5848548412323}, "costs": {"total_cost": 1203.8233570183022, "time_cost": 150, "final_distance_cost": 46.60862901594387, "oscillation_cost": 4.539266878105089, "completition_cost": 888.8888888888888, "overshoot_cost": 83.07740532235287, "power_cost": 16.333503186035156, "noise_cost": 14.37566372697652, "n_waypoints_completed": 1, "tot_waypoints": 9}}
{"target": -553.4340806244844, "params": {"k_pid_pos": [0.643628674288643, 0.4681096482923798, 0.40139990805856046], "k_pid_alt": [0.7489279967972606, 0.0725624298403173, 0.0], "k_pid_att": [35.49878609142854, 1.1090497626639315, 0.16476216956975137], "k_pid_yaw": [0.5, 1e-06, 0.1], "k_pid_hsp": [1.7558184340254823, 0.06101041012349473, 0.0], "k_pid_vsp": [201.75349376561525, 1e-06, 1e-06]}, "datetime": {"datetime": "2025-08-21 09:27:18", "elapsed": 2554.4596858024597, "delta": 25.21151089668274}, "costs": {"total_cost": 553.4340806244844, "time_cost": 150, "final_distance_cost": 73.17462678797912, "oscillation_cost": 32.1685307371005, "completition_cost": 222.2222222222222, "overshoot_cost": 44.013716697549725, "power_cost": 17.166265893554687, "noise_cost": 14.688718286078158, "n_waypoints_completed": 7, "tot_waypoints": 9}}
{"target": -197.9434668613899, "params": {"k_pid_pos": [0.8628196188950948, 0.1280668896204979, 0.7621384442340899], "k_pid_alt": [0.8224711283067286, 0.0, 0.0], "k_pid_att": [23.58519155000609, 0.0001, 0.025199199031210616], "k_pid_yaw": [0.5, 1e-06, 0.1], "k_pid_hsp": [1.1688296323739076, 0.0, 0.0], "k_pid_vsp": [223.54179168089917, 1e-06, 1e-06]}, "datetime": {"datetime": "2025-08-21 09:27:43", "elapsed": 2580.1674880981445, "delta": 25.707802295684814}, "costs": {"total_cost": 197.9434668613899, "time_cost": 82.68, "final_distance_cost": 1.8463801803937108, "oscillation_cost": 33.92972086640026, "completition_cost": 0.0, "overshoot_cost": 52.60032487004943, "power_cost": 13.564688720703126, "noise_cost": 13.322352223843389, "n_waypoints_completed": 9, "tot_waypoints": 9}}
{"target": -1418.7822167603463, "params": {"k_pid_pos": [0.0001, 0.7067447311607519, 0.8330753525663109], "k_pid_alt": [0.9835851896032507, 0.07737419099199612, 0.4904360923967152], "k_pid_att": [41.56522337004422, 1.3785445417924427, 0.005196003344192693], "k_pid_yaw": [0.5, 1e-06, 0.1], "k_pid_hsp": [10.0, 0.9145037176082268, 0.0], "k_pid_vsp": [320.5151986807234, 238.4987242334625, 109.78542517820884]}, "datetime": {"datetime": "2025-08-21 09:28:11", "elapsed": 2607.52938914299, "delta": 27.36190104484558}, "costs": {"total_cost": 1418.7822167603463, "time_cost": 150, "final_distance_cost": 64.79025490608119, "oscillation_cost": 254.94660531880834, "completition_cost": 888.8888888888888, "overshoot_cost": 29.89647090700162, "power_cost": 16.41376199951172, "noise_cost": 13.846234740054623, "n_waypoints_completed": 1, "tot_waypoints": 9}}
{"target": -562.1571458913461, "params": {"k_pid_pos": [0.32617100308973024, 0.9128066636417096, 1.0], "k_pid_alt": [1.4586743005025742, 0.0, 0.0], "k_pid_att": [33.18770201488571, 0.3512261988464649, 0.0], "k_pid_yaw": [0.5, 1e-06, 0.1], "k_pid_hsp": [0.920287091015298, 0.0, 0.0], "k_pid_vsp": [199.26625042932335, 1e-06, 1e-06]}, "datetime": {"datetime": "2025-08-21 09:28:41", "elapsed": 2638.254014968872, "delta": 30.724625825881958}, "costs": {"total_cost": 562.1571458913461, "time_cost": 150, "final_distance_cost": 67.13351534800965, "oscillation_cost": 49.52001977975456, "completition_cost": 222.2222222222222, "overshoot_cost": 45.66485807651165, "power_cost": 14.327583935546876, "noise_cost": 13.288946529301139, "n_waypoints_completed": 7, "tot_waypoints": 9}}
{"target": -439.39809996148614, "params": {"k_pid_pos": [0.46408062980512677, 0.9574195167189101, 0.96502769863278], "k_pid_alt": [0.901996232602045, 0.006823293179418485, 0.12424910226165056], "k_pid_att": [39.839371432237165, 0.0001, 0.15628855137946315], "k_pid_yaw": [0.5, 1e-06, 0.1], "k_pid_hsp": [0.43922673346412744, 0.0, 0.0], "k_pid_vsp": [334.62617884701626, 164.85422974184547, 1e-06]}, "datetime": {"datetime": "2025-08-21 09:29:10", "elapsed": 2666.500604391098, "delta": 28.246589422225952}, "costs": {"total_cost": 439.39809996148614, "time_cost": 150, "final_distance_cost": 62.342386238453685, "oscillation_cost": 34.72513933538793, "completition_cost": 111.11111111111116, "overshoot_cost": 47.75025365868055, "power_cost": 18.295583715820314, "noise_cost": 15.173625902032487, "n_waypoints_completed": 8, "tot_waypoints": 9}}
{"target": -251.98234438327881, "params": {"k_pid_pos": [0.8926154282999186, 0.5531409028363404, 0.700668376507406], "k_pid_alt": [0.6913519331279286, 0.0, 0.0], "k_pid_att": [34.94117872556435, 0.0001, 0.3454855453373816], "k_pid_yaw": [0.5, 1e-06, 0.1], "k_pid_hsp": [1.0881192420330914, 0.0, 0.03319748742172704], "k_pid_vsp": [234.08106010645085, 1e-06, 1e-06]}, "datetime": {"datetime": "2025-08-21 09:29:32", "elapsed": 2689.256916999817, "delta": 22.756312608718872}, "costs": {"total_cost": 251.98234438327881, "time_cost": 90.488, "final_distance_cost": 1.806447552838267, "oscillation_cost": 80.26379886430108, "completition_cost": 0.0, "overshoot_cost": 52.049338827503725, "power_cost": 14.100562280273438, "noise_cost": 13.274196858362298, "n_waypoints_completed": 9, "tot_waypoints": 9}}
{"target": -1206.2918550269171, "params": {"k_pid_pos": [0.0001, 0.68673619902496, 0.47542985224492185], "k_pid_alt": [0.9283748430465157, 0.0, 0.0], "k_pid_att": [34.837295722692176, 0.0001, 0.0], "k_pid_yaw": [0.5, 1e-06, 0.1], "k_pid_hsp": [0.0001, 0.0, 0.0], "k_pid_vsp": [233.70061465608777, 168.26612253745094, 1e-06]}, "datetime": {"datetime": "2025-08-21 09:30:11", "elapsed": 2728.2202303409576, "delta": 38.96331334114075}, "costs": {"total_cost": 1206.2918550269171, "time_cost": 150, "final_distance_cost": 45.87997462916353, "oscillation_cost": 9.993378434822906, "completition_cost": 888.8888888888888, "overshoot_cost": 79.73733059360184, "power_cost": 17.038796923828126, "noise_cost": 14.753485556611931, "n_waypoints_completed": 1, "tot_waypoints": 9}}
{"target": -212.22130309169737, "params": {"k_pid_pos": [0.5571767758756331, 0.7653993133861525, 0.5321483431892683], "k_pid_alt": [1.092500128398103, 0.0, 0.0], "k_pid_att": [25.74507089160906, 0.08786405600084081, 0.0], "k_pid_yaw": [0.5, 1e-06, 0.1], "k_pid_hsp": [1.4079876638270437, 0.02755028939082678, 0.0], "k_pid_vsp": [253.81936577444753, 1e-06, 1e-06]}, "datetime": {"datetime": "2025-08-21 09:30:38", "elapsed": 2755.2820603847504, "delta": 27.061830043792725}, "costs": {"total_cost": 212.22130309169737, "time_cost": 90.12, "final_distance_cost": 1.7960196058585376, "oscillation_cost": 48.191732610863, "completition_cost": 0.0, "overshoot_cost": 52.25015734080238, "power_cost": 9.145888244628907, "noise_cost": 10.717505289544528, "n_waypoints_completed": 9, "tot_waypoints": 9}}
