{"target": -178.86988058753144, "params": {"k_pid_pos": [1.1381240919130995, 0.0, 0.1158781703072081], "k_pid_alt": [1.015497421511193, 0.0, 0.009349036404587934], "k_pid_att": [17.00772892796022, 0.0001, 0.5978212320981107], "k_pid_yaw": [0.5, 1e-06, 0.1], "k_pid_hsp": [0.3545034551231986, 0.0, 0.0], "k_pid_vsp": [400.0, 22.38825546681482, 30.5326675939464]}, "datetime": {"datetime": "2025-08-21 13:07:42", "elapsed": 15778.564395666122, "delta": 16.309589385986328}, "costs": {"total_cost": 178.86988058753144, "time_cost": 71.168, "final_distance_cost": 1.844493371036007, "oscillation_cost": 29.52166724721361, "completition_cost": 0.0, "overshoot_cost": 51.56966310685245, "power_cost": 13.39483494873047, "noise_cost": 11.371221913698877, "n_waypoints_completed": 9, "tot_waypoints": 9}}
{"target": -180.1450745754185, "params": {"k_pid_pos": [1.1566693254260552, 0.0, 0.08805852411738974], "k_pid_alt": [1.3112388727256983, 0.0, 0.010718982274012953], "k_pid_att": [26.0321744052693, 0.0001, 0.6557539188776753], "k_pid_yaw": [0.5, 1e-06, 0.1], "k_pid_hsp": [0.3948324657278907, 0.0, 0.0], "k_pid_vsp": [400.0, 22.78804726976641, 18.25513948401899]}, "datetime": {"datetime": "2025-08-21 13:07:58", "elapsed": 15794.919031381607, "delta": 16.35463571548462}, "costs": {"total_cost": 180.1450745754185, "time_cost": 70.92, "final_distance_cost": 1.8318803758635676, "oscillation_cost": 30.37926311781733, "completition_cost": 0.0, "overshoot_cost": 51.305366437460165, "power_cost": 13.888716198730469, "noise_cost": 11.819848445546965, "n_waypoints_completed": 9, "tot_waypoints": 9}}
{"target": -1178.453630225854, "params": {"k_pid_pos": [1.1611983719137176, 0.011299219154226693, 0.13956398544134632], "k_pid_alt": [1.1220113191731298, 0.0, 0.008798905488383373], "k_pid_att": [18.52158492523868, 0.0001, 0.6437791252922023], "k_pid_yaw": [0.5, 1e-06, 0.1], "k_pid_hsp": [0.0001, 0.0, 0.0], "k_pid_vsp": [395.3620811997544, 22.714471778225924, 17.60854682212153]}, "datetime": {"datetime": "2025-08-21 13:08:21", "elapsed": 15818.376505613327, "delta": 23.45747423171997}, "costs": {"total_cost": 1178.453630225854, "time_cost": 150, "final_distance_cost": 46.556137104258056, "oscillation_cost": 3.3993037210074855, "completition_cost": 888.8888888888888, "overshoot_cost": 83.78869553227109, "power_cost": 2.158117724609375, "noise_cost": 3.662487254819311, "n_waypoints_completed": 1, "tot_waypoints": 9}}
{"target": -178.42900039441918, "params": {"k_pid_pos": [1.2436701533179066, 0.0, 0.12912511435776286], "k_pid_alt": [1.2131118098947191, 0.0, 0.009043887986139863], "k_pid_att": [16.72510200510918, 0.0001, 0.5661702787739937], "k_pid_yaw": [0.5, 1e-06, 0.1], "k_pid_hsp": [0.1590062305939695, 0.0, 0.0], "k_pid_vsp": [400.0, 24.18148218561594, 16.979827546816573]}, "datetime": {"datetime": "2025-08-21 13:08:37", "elapsed": 15834.390493869781, "delta": 16.013988256454468}, "costs": {"total_cost": 178.42900039441918, "time_cost": 70.656, "final_distance_cost": 1.78962647564849, "oscillation_cost": 28.825504129775258, "completition_cost": 0.0, "overshoot_cost": 51.72128633691011, "power_cost": 13.943318981933594, "noise_cost": 11.493264470151702, "n_waypoints_completed": 9, "tot_waypoints": 9}}
{"target": -192.92489417310242, "params": {"k_pid_pos": [1.183481431716404, 0.0, 0.13522254639192732], "k_pid_alt": [1.4581138269969645, 0.0, 0.010443914823166315], "k_pid_att": [18.355134203249516, 0.0001, 0.49418016783128277], "k_pid_yaw": [0.5, 1e-06, 0.1], "k_pid_hsp": [0.13252289104993822, 0.0, 0.0], "k_pid_vsp": [400.0, 25.93338483958031, 21.473577873274984]}, "datetime": {"datetime": "2025-08-21 13:08:54", "elapsed": 15851.013884544373, "delta": 16.623390674591064}, "costs": {"total_cost": 192.92489417310242, "time_cost": 71.584, "final_distance_cost": 1.7905128121712246, "oscillation_cost": 27.99985715602337, "completition_cost": 0.0, "overshoot_cost": 52.63610839563509, "power_cost": 22.46224278564453, "noise_cost": 16.45217302362822, "n_waypoints_completed": 9, "tot_waypoints": 9}}
{"target": -191.62019349269414, "params": {"k_pid_pos": [1.3189762892432384, 0.0, 0.06679895528371077], "k_pid_alt": [0.7518968210549446, 0.0, 0.0], "k_pid_att": [19.24202046221707, 0.04931889340350483, 0.0], "k_pid_yaw": [0.5, 1e-06, 0.1], "k_pid_hsp": [1.6842261485775971, 0.0, 0.0], "k_pid_vsp": [376.94026710418507, 27.934153708284537, 15.803529254333194]}, "datetime": {"datetime": "2025-08-21 13:09:11", "elapsed": 15867.492021560669, "delta": 16.478137016296387}, "costs": {"total_cost": 191.62019349269414, "time_cost": 72.08800000000001, "final_distance_cost": 1.8056472473426284, "oscillation_cost": 44.45863905746794, "completition_cost": 0.0, "overshoot_cost": 51.156881881317084, "power_cost": 11.69878388671875, "noise_cost": 10.412241419847728, "n_waypoints_completed": 9, "tot_waypoints": 9}}
{"target": -175.7305807023409, "params": {"k_pid_pos": [1.2769841071501549, 0.0, 0.1354248127731625], "k_pid_alt": [1.205702531931232, 0.0, 0.009985347575925858], "k_pid_att": [21.041146451191565, 0.0001, 0.5705421326316974], "k_pid_yaw": [0.5, 1e-06, 0.1], "k_pid_hsp": [0.045536721514875644, 0.0, 0.0], "k_pid_vsp": [400.0, 23.544830886727272, 20.718578861694542]}, "datetime": {"datetime": "2025-08-21 13:09:28", "elapsed": 15885.204154253006, "delta": 17.712132692337036}, "costs": {"total_cost": 175.7305807023409, "time_cost": 79.512, "final_distance_cost": 1.789199568550258, "oscillation_cost": 21.84027193781268, "completition_cost": 0.0, "overshoot_cost": 56.72882404952463, "power_cost": 8.13420849609375, "noise_cost": 7.7260766503595875, "n_waypoints_completed": 9, "tot_waypoints": 9}}
{"target": -735.8584209978555, "params": {"k_pid_pos": [1.13985754254121, 0.0, 0.10196496196041693], "k_pid_alt": [0.926238093933393, 0.0, 0.006430706429122611], "k_pid_att": [19.15475507063178, 0.0001, 0.588569914897956], "k_pid_yaw": [0.5, 1e-06, 0.1], "k_pid_hsp": [0.015914885151944908, 0.0, 0.0], "k_pid_vsp": [400.0, 1e-06, 18.42652522643713]}, "datetime": {"datetime": "2025-08-21 13:09:51", "elapsed": 15907.902690172195, "delta": 22.698535919189453}, "costs": {"total_cost": 735.8584209978555, "time_cost": 150, "final_distance_cost": 46.1230126729061, "oscillation_cost": 7.085169539553264, "completition_cost": 444.4444444444444, "overshoot_cost": 55.08422954883944, "power_cost": 18.981962243652344, "noise_cost": 14.139602548460116, "n_waypoints_completed": 5, "tot_waypoints": 9}}
{"target": -178.30537583701906, "params": {"k_pid_pos": [1.1816767777609858, 0.0, 0.10201467833440989], "k_pid_alt": [1.143437936483499, 0.0, 0.009625507091354886], "k_pid_att": [13.7749076431948, 0.0001, 0.6740237506051613], "k_pid_yaw": [0.5, 1e-06, 0.1], "k_pid_hsp": [0.27972375881876077, 0.002014735284142195, 0.0], "k_pid_vsp": [386.7581092038776, 37.701134747512754, 26.273758131912544]}, "datetime": {"datetime": "2025-08-21 13:10:07", "elapsed": 15923.831133365631, "delta": 15.928443193435669}, "costs": {"total_cost": 178.30537583701906, "time_cost": 69.70400000000001, "final_distance_cost": 1.8346959223469668, "oscillation_cost": 30.21480133042462, "completition_cost": 0.0, "overshoot_cost": 50.483749990514205, "power_cost": 14.807714099121094, "noise_cost": 11.260414494612187, "n_waypoints_completed": 9, "tot_waypoints": 9}}
{"target": -198.60504720367197, "params": {"k_pid_pos": [1.1513950952805112, 0.0, 0.12891332523994012], "k_pid_alt": [0.9579539140573988, 0.0, 0.008116897828390314], "k_pid_att": [19.134801569430998, 0.0001, 0.6510287893524236], "k_pid_yaw": [0.5, 1e-06, 0.1], "k_pid_hsp": [0.06231326768654272, 0.0, 0.0], "k_pid_vsp": [400.0, 25.444599055938628, 17.759869829721328]}, "datetime": {"datetime": "2025-08-21 13:10:24", "elapsed": 15941.238739728928, "delta": 17.40760636329651}, "costs": {"total_cost": 198.60504720367197, "time_cost": 76.32000000000001, "final_distance_cost": 1.7935075387546657, "oscillation_cost": 24.79282209923205, "completition_cost": 0.0, "overshoot_cost": 53.60205885338166, "power_cost": 24.409407421875002, "noise_cost": 17.687251290428534, "n_waypoints_completed": 9, "tot_waypoints": 9}}
{"target": -179.38554280396735, "params": {"k_pid_pos": [1.0677639108394383, 0.0, 0.10933674398573756], "k_pid_alt": [1.335112339140387, 0.0, 0.007007692023590129], "k_pid_att": [3.8797949888888166, 0.0001, 0.4507482263140048], "k_pid_yaw": [0.5, 1e-06, 0.1], "k_pid_hsp": [0.5285917385386056, 0.0, 0.0], "k_pid_vsp": [399.79868945991785, 18.744122570099584, 7.517624665721861]}, "datetime": {"datetime": "2025-08-21 13:10:40", "elapsed": 15957.138528585434, "delta": 15.899788856506348}, "costs": {"total_cost": 179.38554280396735, "time_cost": 70.856, "final_distance_cost": 1.8450868345892375, "oscillation_cost": 31.156916595780505, "completition_cost": 0.0, "overshoot_cost": 50.67387808739974, "power_cost": 12.955268884277345, "noise_cost": 11.898392401920518, "n_waypoints_completed": 9, "tot_waypoints": 9}}
{"target": -180.38670951404205, "params": {"k_pid_pos": [1.360523208249739, 0.0, 0.12578436947744587], "k_pid_alt": [0.9809937256016992, 0.0, 0.008915402921105438], "k_pid_att": [26.931322116238967, 0.0001, 0.6383004263390505], "k_pid_yaw": [0.5, 1e-06, 0.1], "k_pid_hsp": [0.7506796504403089, 0.0, 0.0], "k_pid_vsp": [400.0, 37.967936976782525, 23.46097269311717]}, "datetime": {"datetime": "2025-08-21 13:10:56", "elapsed": 15973.26396894455, "delta": 16.1254403591156}, "costs": {"total_cost": 180.38670951404205, "time_cost": 70.776, "final_distance_cost": 1.8290878516692193, "oscillation_cost": 31.797132871082415, "completition_cost": 0.0, "overshoot_cost": 50.62161902743447, "power_cost": 14.062733752441407, "noise_cost": 11.300136011414569, "n_waypoints_completed": 9, "tot_waypoints": 9}}
{"target": -169.83586155727141, "params": {"k_pid_pos": [1.175785777805896, 0.0, 0.13013279850656184], "k_pid_alt": [0.7814596386277699, 0.0, 0.011302898034230109], "k_pid_att": [14.999504944247978, 0.0001, 0.6234082245825393], "k_pid_yaw": [0.5, 1e-06, 0.1], "k_pid_hsp": [0.11392086203135007, 0.005867098106207935, 0.0], "k_pid_vsp": [364.96078007532043, 1e-06, 24.541418876550264]}, "datetime": {"datetime": "2025-08-21 13:11:13", "elapsed": 15990.228208780289, "delta": 16.964239835739136}, "costs": {"total_cost": 169.83586155727141, "time_cost": 73.056, "final_distance_cost": 1.8019428991546365, "oscillation_cost": 28.20877029244332, "completition_cost": 0.0, "overshoot_cost": 52.12963275632517, "power_cost": 7.591413745117188, "noise_cost": 7.048101864231084, "n_waypoints_completed": 9, "tot_waypoints": 9}}
{"target": -1073.4425989266958, "params": {"k_pid_pos": [1.1764117728758023, 0.0, 0.10475923060872054], "k_pid_alt": [1.2086957197968506, 0.0, 0.010127838272871083], "k_pid_att": [0.0, 0.0001, 0.5590991297754511], "k_pid_yaw": [0.5, 1e-06, 0.1], "k_pid_hsp": [0.23641587078600024, 0.0, 0.0], "k_pid_vsp": [390.15915848895025, 26.718857888455197, 21.80585376273256]}, "datetime": {"datetime": "2025-08-21 13:11:36", "elapsed": 16013.116709947586, "delta": 22.888501167297363}, "costs": {"total_cost": 1073.4425989266958, "time_cost": 150, "final_distance_cost": 73.96054364292873, "oscillation_cost": 2.111486118629323, "completition_cost": 777.7777777777778, "overshoot_cost": 55.39855598041266, "power_cost": 6.722221032714844, "noise_cost": 7.472014374232513, "n_waypoints_completed": 2, "tot_waypoints": 9}}
{"target": -180.42986281007964, "params": {"k_pid_pos": [1.2012964451478996, 0.0, 0.18686124564129097], "k_pid_alt": [1.484852671240927, 0.0, 0.00043114848534289013], "k_pid_att": [20.640162894956447, 0.0001, 0.5784890958506426], "k_pid_yaw": [0.5, 1e-06, 0.1], "k_pid_hsp": [0.374222142207361, 0.0, 0.0], "k_pid_vsp": [397.78604251014923, 24.7334467564624, 36.32314301281791]}, "datetime": {"datetime": "2025-08-21 13:11:52", "elapsed": 16029.09831738472, "delta": 15.981607437133789}, "costs": {"total_cost": 180.42986281007964, "time_cost": 70.936, "final_distance_cost": 1.8447068090058842, "oscillation_cost": 30.586851316953016, "completition_cost": 0.0, "overshoot_cost": 51.6080509759641, "power_cost": 14.016293078613282, "noise_cost": 11.437960629543367, "n_waypoints_completed": 9, "tot_waypoints": 9}}
{"target": -1225.2256673352338, "params": {"k_pid_pos": [1.1038018289289757, 0.0, 0.14392908076644934], "k_pid_alt": [0.9339926398005933, 0.0, 0.012974406815055652], "k_pid_att": [9.11998575087862, 0.0001, 0.9983617908219445], "k_pid_yaw": [0.5, 1e-06, 0.1], "k_pid_hsp": [0.0001, 0.0, 0.0], "k_pid_vsp": [400.0, 44.9898952990093, 16.551470965711367]}, "datetime": {"datetime": "2025-08-21 13:12:15", "elapsed": 16051.832654476166, "delta": 22.734337091445923}, "costs": {"total_cost": 1225.2256673352338, "time_cost": 150, "final_distance_cost": 46.22441298524968, "oscillation_cost": 0.2784185770519401, "completition_cost": 888.8888888888888, "overshoot_cost": 80.60039329070105, "power_cost": 35.70433179931641, "noise_cost": 23.52922179402601, "n_waypoints_completed": 1, "tot_waypoints": 9}}
{"target": -187.96946961186939, "params": {"k_pid_pos": [0.761014345789115, 0.0, 0.2861164151723663], "k_pid_alt": [1.0616452048855027, 0.0, 0.011192936303130053], "k_pid_att": [20.515352425118667, 0.0001, 0.6166442448202284], "k_pid_yaw": [0.5, 1e-06, 0.1], "k_pid_hsp": [1.1133718549605727, 0.0, 0.0], "k_pid_vsp": [399.0146586328718, 24.825583480501933, 21.24179098035187]}, "datetime": {"datetime": "2025-08-21 13:12:33", "elapsed": 16069.936457157135, "delta": 18.10380268096924}, "costs": {"total_cost": 187.96946961186939, "time_cost": 80.048, "final_distance_cost": 1.8569497712338643, "oscillation_cost": 29.865629859246663, "completition_cost": 0.0, "overshoot_cost": 51.41478870258632, "power_cost": 13.519884765625001, "noise_cost": 11.264216513177566, "n_waypoints_completed": 9, "tot_waypoints": 9}}
{"target": -192.7086032127392, "params": {"k_pid_pos": [1.1798147200490676, 0.0, 0.11157295939765183], "k_pid_alt": [1.0115901364066064, 0.0, 0.01014136819901244], "k_pid_att": [26.18226385863305, 0.0001, 0.5885185080718531], "k_pid_yaw": [0.5, 1e-06, 0.1], "k_pid_hsp": [0.4852094023550233, 0.0, 0.0], "k_pid_vsp": [400.0, 31.620656092932414, 40.72356764784649]}, "datetime": {"datetime": "2025-08-21 13:12:49", "elapsed": 16085.773676156998, "delta": 15.837218999862671}, "costs": {"total_cost": 192.7086032127392, "time_cost": 69.496, "final_distance_cost": 1.831318086023552, "oscillation_cost": 31.719235664333173, "completition_cost": 0.0, "overshoot_cost": 50.44979891293713, "power_cost": 22.859085656738284, "noise_cost": 16.35316489270707, "n_waypoints_completed": 9, "tot_waypoints": 9}}
{"target": -173.96790888164608, "params": {"k_pid_pos": [1.1481609819016767, 0.0, 0.11823560754521889], "k_pid_alt": [1.076537253821438, 0.0, 0.007702976010184969], "k_pid_att": [16.172262642419177, 0.0001, 0.5940758607903284], "k_pid_yaw": [0.5, 1e-06, 0.1], "k_pid_hsp": [0.46055159411973356, 0.0, 0.0], "k_pid_vsp": [400.0, 37.130340332196695, 21.39257823889066]}, "datetime": {"datetime": "2025-08-21 13:13:05", "elapsed": 16102.279983520508, "delta": 16.506307363510132}, "costs": {"total_cost": 173.96790888164608, "time_cost": 70.792, "final_distance_cost": 1.8456192907237101, "oscillation_cost": 30.444731439236183, "completition_cost": 0.0, "overshoot_cost": 50.96119840316561, "power_cost": 10.340988708496095, "noise_cost": 9.583371040024474, "n_waypoints_completed": 9, "tot_waypoints": 9}}
{"target": -1206.5805531331748, "params": {"k_pid_pos": [1.258084801215752, 0.0, 0.13723246237179423], "k_pid_alt": [0.9623204421357162, 0.0, 0.008566069463955318], "k_pid_att": [0.0, 0.0001, 0.3204279598190682], "k_pid_yaw": [0.5, 1e-06, 0.1], "k_pid_hsp": [0.0001, 0.0, 0.0], "k_pid_vsp": [400.0, 23.833605462464003, 1e-06]}, "datetime": {"datetime": "2025-08-21 13:13:28", "elapsed": 16125.153900146484, "delta": 22.873916625976562}, "costs": {"total_cost": 1206.5805531331748, "time_cost": 150, "final_distance_cost": 46.33777220349873, "oscillation_cost": 0.22429902632308546, "completition_cost": 888.8888888888888, "overshoot_cost": 82.42958972233426, "power_cost": 21.690559155273437, "noise_cost": 17.00944413685673, "n_waypoints_completed": 1, "tot_waypoints": 9}}
{"target": -174.63090747160055, "params": {"k_pid_pos": [1.1162652401746955, 0.0, 0.1547132353459206], "k_pid_alt": [1.1221265909553981, 0.0, 0.005659968962037955], "k_pid_att": [14.331298285276459, 0.0001, 0.5828634340846109], "k_pid_yaw": [0.5, 1e-06, 0.1], "k_pid_hsp": [0.08405569245545617, 0.0, 0.0], "k_pid_vsp": [400.0, 24.37387340340765, 17.923023973999186]}, "datetime": {"datetime": "2025-08-21 13:13:45", "elapsed": 16141.64098238945, "delta": 16.4870822429657}, "costs": {"total_cost": 174.63090747160055, "time_cost": 73.21600000000001, "final_distance_cost": 1.782378970922746, "oscillation_cost": 25.563744011166655, "completition_cost": 0.0, "overshoot_cost": 52.83798704633211, "power_cost": 11.091523693847657, "noise_cost": 10.139273749331387, "n_waypoints_completed": 9, "tot_waypoints": 9}}
{"target": -225.53244015055168, "params": {"k_pid_pos": [1.1885107775364954, 0.0, 0.04126267606908679], "k_pid_alt": [0.28226468653223025, 0.0, 0.0012426451092014106], "k_pid_att": [31.430646922479895, 0.0001, 0.5052413720518178], "k_pid_yaw": [0.5, 1e-06, 0.1], "k_pid_hsp": [0.26895810625375993, 0.0, 0.0], "k_pid_vsp": [325.44205607874795, 35.90330217394526, 14.573401797633984]}, "datetime": {"datetime": "2025-08-21 13:14:07", "elapsed": 16164.212114810944, "delta": 22.57113242149353}, "costs": {"total_cost": 225.53244015055168, "time_cost": 98.496, "final_distance_cost": 1.8517194020564938, "oscillation_cost": 32.58547622824457, "completition_cost": 0.0, "overshoot_cost": 53.845950418804875, "power_cost": 22.180577160644532, "noise_cost": 16.572716940801243, "n_waypoints_completed": 9, "tot_waypoints": 9}}
{"target": -168.57825091111349, "params": {"k_pid_pos": [1.1353780412654932, 0.0, 0.16839846681957488], "k_pid_alt": [1.0874796919057836, 0.0, 0.015868319672841337], "k_pid_att": [15.482408231823015, 0.0001, 0.668865508025758], "k_pid_yaw": [0.5, 1e-06, 0.1], "k_pid_hsp": [0.12173161694298454, 0.0, 0.0], "k_pid_vsp": [400.0, 43.45207620738775, 5.659913600899888]}, "datetime": {"datetime": "2025-08-21 13:14:24", "elapsed": 16180.911360740662, "delta": 16.699245929718018}, "costs": {"total_cost": 168.57825091111349, "time_cost": 70.888, "final_distance_cost": 1.7947859084986941, "oscillation_cost": 26.96690568061592, "completition_cost": 0.0, "overshoot_cost": 51.214452171118396, "power_cost": 8.514799731445313, "noise_cost": 9.199307419435144, "n_waypoints_completed": 9, "tot_waypoints": 9}}
{"target": -188.6759037848133, "params": {"k_pid_pos": [1.175884376519328, 0.0, 0.16601874771667585], "k_pid_alt": [0.8659101566847074, 0.0, 0.0045501669124552], "k_pid_att": [15.812011821394059, 0.0001, 0.44972324737494324], "k_pid_yaw": [0.5, 1e-06, 0.1], "k_pid_hsp": [0.20007907788325863, 0.0, 0.0], "k_pid_vsp": [400.0, 24.026683673122584, 18.110616518541114]}, "datetime": {"datetime": "2025-08-21 13:14:41", "elapsed": 16197.744129419327, "delta": 16.83276867866516}, "costs": {"total_cost": 188.6759037848133, "time_cost": 72.072, "final_distance_cost": 1.8211947228536116, "oscillation_cost": 28.27886398086613, "completition_cost": 0.0, "overshoot_cost": 51.163416040003284, "power_cost": 20.213478454589843, "noise_cost": 15.126950586500449, "n_waypoints_completed": 9, "tot_waypoints": 9}}
{"target": -193.26678124809843, "params": {"k_pid_pos": [1.154706670045877, 0.0, 0.14613645518448984], "k_pid_alt": [1.025703208308032, 0.0, 0.009382421344021948], "k_pid_att": [27.61335804074284, 0.0001, 0.4291689945158458], "k_pid_yaw": [0.5, 1e-06, 0.1], "k_pid_hsp": [0.3056801971394552, 0.0, 0.0], "k_pid_vsp": [400.0, 28.117448104315898, 17.881695207157353]}, "datetime": {"datetime": "2025-08-21 13:14:57", "elapsed": 16214.360660552979, "delta": 16.616531133651733}, "costs": {"total_cost": 193.26678124809843, "time_cost": 73.304, "final_distance_cost": 1.8338104763231207, "oscillation_cost": 30.0260282220022, "completition_cost": 0.0, "overshoot_cost": 52.345315453405355, "power_cost": 20.65831689453125, "noise_cost": 15.099310201836476, "n_waypoints_completed": 9, "tot_waypoints": 9}}
{"target": -178.16098298119982, "params": {"k_pid_pos": [1.140619728461869, 0.0, 0.04978166755063005], "k_pid_alt": [1.0116559558882101, 0.0, 0.010169797550561748], "k_pid_att": [30.978244081196884, 0.0001, 0.5657903572986958], "k_pid_yaw": [0.5, 1e-06, 0.1], "k_pid_hsp": [0.05792703709762301, 0.0, 0.0], "k_pid_vsp": [400.0, 5.095019068307989, 0.5127213390080527]}, "datetime": {"datetime": "2025-08-21 13:15:16", "elapsed": 16232.532422542572, "delta": 18.171761989593506}, "costs": {"total_cost": 178.16098298119982, "time_cost": 77.912, "final_distance_cost": 1.7791979555257722, "oscillation_cost": 24.411074844243327, "completition_cost": 0.0, "overshoot_cost": 54.24749918640304, "power_cost": 9.374403466796876, "noise_cost": 10.436807528230789, "n_waypoints_completed": 9, "tot_waypoints": 9}}
{"target": -178.8244555502558, "params": {"k_pid_pos": [1.1456435454485052, 0.0, 0.1654425207406269], "k_pid_alt": [1.081155874534316, 0.0, 0.03171720014788976], "k_pid_att": [23.202740972440747, 0.0001, 0.5648441196540515], "k_pid_yaw": [0.5, 1e-06, 0.1], "k_pid_hsp": [0.4980080556030161, 0.0, 0.0], "k_pid_vsp": [400.0, 24.635835980491038, 4.796785374738156]}, "datetime": {"datetime": "2025-08-21 13:15:32", "elapsed": 16248.973180770874, "delta": 16.440758228302002}, "costs": {"total_cost": 178.8244555502558, "time_cost": 71.21600000000001, "final_distance_cost": 1.8338760983122842, "oscillation_cost": 30.261944461345387, "completition_cost": 0.0, "overshoot_cost": 50.79777055304124, "power_cost": 12.86974969482422, "noise_cost": 11.845114742732674, "n_waypoints_completed": 9, "tot_waypoints": 9}}
