{"target": -171.71099791081636, "params": {"k_pid_pos": [1.1552580544573876, 0.0, 0.22680789585334651], "k_pid_alt": [1.2147439678787857, 0.0, 0.025258717123248887], "k_pid_att": [18.872630854320278, 0.0001, 0.6732770444595537], "k_pid_yaw": [0.5, 1e-06, 0.1], "k_pid_hsp": [0.28920867244881304, 0.0, 0.0], "k_pid_vsp": [399.7036719752522, 2.623520397364146, 10.861760602512037]}, "datetime": {"datetime": "2025-08-21 16:42:26", "elapsed": 28663.08353948593, "delta": 15.978822946548462}, "costs": {"total_cost": 171.71099791081636, "time_cost": 70.912, "final_distance_cost": 1.8441172264135375, "oscillation_cost": 29.0016848741734, "completition_cost": 0.0, "overshoot_cost": 50.29940125949661, "power_cost": 9.993800317382814, "noise_cost": 9.65999423334998, "n_waypoints_completed": 9, "tot_waypoints": 9}}
{"target": -181.61836715518868, "params": {"k_pid_pos": [1.1030790542311601, 0.0, 0.13253845920547894], "k_pid_alt": [1.5811282781971427, 0.0, 0.014607611755561183], "k_pid_att": [28.17077143393637, 0.0001, 0.6450924654897006], "k_pid_yaw": [0.5, 1e-06, 0.1], "k_pid_hsp": [0.16044616167804643, 0.0, 0.0], "k_pid_vsp": [400.0, 48.48358225365439, 17.2714427380266]}, "datetime": {"datetime": "2025-08-21 16:42:43", "elapsed": 28680.02134370804, "delta": 16.937804222106934}, "costs": {"total_cost": 181.61836715518868, "time_cost": 70.304, "final_distance_cost": 1.8182400483658359, "oscillation_cost": 28.35993421578197, "completition_cost": 0.0, "overshoot_cost": 50.767678109483526, "power_cost": 17.037569055175783, "noise_cost": 13.330945726381561, "n_waypoints_completed": 9, "tot_waypoints": 9}}
{"target": -1248.4680156563793, "params": {"k_pid_pos": [0.9958606524529335, 0.0, 0.23473569604275699], "k_pid_alt": [1.1400430338487113, 0.0, 0.015841145690174235], "k_pid_att": [16.312324206784137, 0.0001, 0.6901867150542772], "k_pid_yaw": [0.5, 1e-06, 0.1], "k_pid_hsp": [0.0001, 0.0028628984427731237, 0.0], "k_pid_vsp": [399.67828471959615, 31.36754840457141, 20.491613487419507]}, "datetime": {"datetime": "2025-08-21 16:43:07", "elapsed": 28703.731746673584, "delta": 23.710402965545654}, "costs": {"total_cost": 1248.4680156563793, "time_cost": 150, "final_distance_cost": 56.215959011021376, "oscillation_cost": 0.621474210338131, "completition_cost": 888.8888888888888, "overshoot_cost": 93.65144420660798, "power_cost": 35.745908508300786, "noise_cost": 23.344340831222393, "n_waypoints_completed": 1, "tot_waypoints": 9}}
{"target": -1235.9593348109665, "params": {"k_pid_pos": [1.0934849480683693, 0.0, 0.13839129684215304], "k_pid_alt": [1.2004649892496326, 0.0, 0.01676850984909382], "k_pid_att": [11.530814067161138, 0.0001, 0.6324408295519783], "k_pid_yaw": [0.5, 1e-06, 0.1], "k_pid_hsp": [0.0001, 0.003507033078561218, 0.0], "k_pid_vsp": [400.0, 44.169180823829585, 26.973336806266857]}, "datetime": {"datetime": "2025-08-21 16:43:30", "elapsed": 28726.90168261528, "delta": 23.169935941696167}, "costs": {"total_cost": 1235.9593348109665, "time_cost": 150, "final_distance_cost": 52.74368963419552, "oscillation_cost": 0.7850686824701655, "completition_cost": 888.8888888888888, "overshoot_cost": 95.1158270405282, "power_cost": 28.660126000976565, "noise_cost": 19.765734563907348, "n_waypoints_completed": 1, "tot_waypoints": 9}}
{"target": -170.0749716645549, "params": {"k_pid_pos": [1.1542109317191478, 0.0, 0.13153669638295945], "k_pid_alt": [1.1179266783554156, 0.0, 0.008721602127798371], "k_pid_att": [16.22892198235829, 0.0001, 0.5895045068992991], "k_pid_yaw": [0.5, 1e-06, 0.1], "k_pid_hsp": [0.49923533621900335, 0.003332763008103263, 0.0], "k_pid_vsp": [400.0, 34.70280017772842, 16.95976108462716]}, "datetime": {"datetime": "2025-08-21 16:43:47", "elapsed": 28743.489717245102, "delta": 16.588034629821777}, "costs": {"total_cost": 170.0749716645549, "time_cost": 71.408, "final_distance_cost": 1.8398739883333517, "oscillation_cost": 30.801527706414166, "completition_cost": 0.0, "overshoot_cost": 51.16218492636988, "power_cost": 6.962476171875, "noise_cost": 7.900908871562519, "n_waypoints_completed": 9, "tot_waypoints": 9}}
{"target": -175.58233745661127, "params": {"k_pid_pos": [1.1332488510180334, 0.0, 0.13966810152753303], "k_pid_alt": [1.1638529233339874, 0.0, 0.016267073021374787], "k_pid_att": [13.924604578595332, 0.0001, 0.7925123685581043], "k_pid_yaw": [0.5, 1e-06, 0.1], "k_pid_hsp": [0.057986590087245965, 0.0033296237528260826, 0.0], "k_pid_vsp": [400.0, 67.01668337177769, 19.49704442478282]}, "datetime": {"datetime": "2025-08-21 16:44:05", "elapsed": 28761.979554891586, "delta": 18.489837646484375}, "costs": {"total_cost": 175.58233745661127, "time_cost": 75.536, "final_distance_cost": 1.7547210858611384, "oscillation_cost": 24.45360685510312, "completition_cost": 0.0, "overshoot_cost": 53.26006134491845, "power_cost": 11.082075, "noise_cost": 9.495873170728581, "n_waypoints_completed": 9, "tot_waypoints": 9}}
{"target": -192.30458737871183, "params": {"k_pid_pos": [1.1259504861199223, 0.0, 0.13605751862270166], "k_pid_alt": [1.0165718403414368, 0.0, 0.0134303887583208], "k_pid_att": [12.102718304945876, 0.0001, 0.622464054308511], "k_pid_yaw": [0.5, 1e-06, 0.1], "k_pid_hsp": [0.11088739221671425, 0.0007796779154039561, 0.0], "k_pid_vsp": [399.86838165602154, 12.315489652369543, 16.60437338559017]}, "datetime": {"datetime": "2025-08-21 16:44:21", "elapsed": 28778.010328054428, "delta": 16.030773162841797}, "costs": {"total_cost": 192.30458737871183, "time_cost": 72.144, "final_distance_cost": 1.8133871337919258, "oscillation_cost": 26.965449829290336, "completition_cost": 0.0, "overshoot_cost": 52.141062683593674, "power_cost": 23.230834387207032, "noise_cost": 16.009853344828862, "n_waypoints_completed": 9, "tot_waypoints": 9}}
{"target": -176.3716694660117, "params": {"k_pid_pos": [1.1319862403027081, 0.0, 0.11747924770138543], "k_pid_alt": [1.754913184519972, 0.0, 0.02028449719152096], "k_pid_att": [21.236378576678604, 0.0001, 0.6089111920087694], "k_pid_yaw": [0.5, 1e-06, 0.1], "k_pid_hsp": [0.0518804961423173, 0.0014628775221434682, 0.0], "k_pid_vsp": [396.60260664942973, 56.48277543176037, 23.30306388173994]}, "datetime": {"datetime": "2025-08-21 16:44:40", "elapsed": 28797.316255569458, "delta": 19.305927515029907}, "costs": {"total_cost": 176.3716694660117, "time_cost": 76.56, "final_distance_cost": 1.7454204524928176, "oscillation_cost": 23.301337786969558, "completition_cost": 0.0, "overshoot_cost": 54.30475092075769, "power_cost": 11.061592614746095, "noise_cost": 9.39856769104552, "n_waypoints_completed": 9, "tot_waypoints": 9}}
{"target": -184.32028862672723, "params": {"k_pid_pos": [1.1242981257649882, 0.0, 0.13834198339599155], "k_pid_alt": [1.185465694408655, 0.0, 0.01599851513503442], "k_pid_att": [15.35044622008945, 0.0001, 0.6371355520691248], "k_pid_yaw": [0.5, 1e-06, 0.1], "k_pid_hsp": [0.12812148274570836, 0.0027258017418627994, 0.0], "k_pid_vsp": [400.0, 43.76607655332442, 17.026855024470272]}, "datetime": {"datetime": "2025-08-21 16:44:57", "elapsed": 28813.582173347473, "delta": 16.265917778015137}, "costs": {"total_cost": 184.32028862672723, "time_cost": 70.456, "final_distance_cost": 1.795631665917439, "oscillation_cost": 27.713053254871614, "completition_cost": 0.0, "overshoot_cost": 51.16111239172132, "power_cost": 18.860071740722656, "noise_cost": 14.334419573494221, "n_waypoints_completed": 9, "tot_waypoints": 9}}
{"target": -177.3007105609038, "params": {"k_pid_pos": [1.1471681846870465, 0.0, 0.15341988664244055], "k_pid_alt": [0.9568690015064945, 0.0, 0.020951806122207615], "k_pid_att": [39.57801225939801, 0.0001, 0.19785304102352458], "k_pid_yaw": [0.5, 1e-06, 0.1], "k_pid_hsp": [0.5598292415098509, 0.000872991783633828, 0.0], "k_pid_vsp": [363.50130775659755, 48.5358357253978, 23.344592482623682]}, "datetime": {"datetime": "2025-08-21 16:45:13", "elapsed": 28830.409900665283, "delta": 16.82772731781006}, "costs": {"total_cost": 177.3007105609038, "time_cost": 71.096, "final_distance_cost": 1.847170682878804, "oscillation_cost": 31.041040852798847, "completition_cost": 0.0, "overshoot_cost": 51.17776132385363, "power_cost": 11.667692614746095, "noise_cost": 10.471045086626434, "n_waypoints_completed": 9, "tot_waypoints": 9}}
{"target": -186.63369401638556, "params": {"k_pid_pos": [1.1333721941732036, 0.0, 0.14035896142646254], "k_pid_alt": [1.1548903368715644, 0.0, 0.010794653760099995], "k_pid_att": [8.989820040116033, 0.0001, 0.4546557206074527], "k_pid_yaw": [0.5, 1e-06, 0.1], "k_pid_hsp": [0.34816477051639627, 0.0028340805004975433, 0.0], "k_pid_vsp": [400.0, 26.772394139357196, 19.386712933281785]}, "datetime": {"datetime": "2025-08-21 16:45:31", "elapsed": 28847.91291165352, "delta": 17.503010988235474}, "costs": {"total_cost": 186.63369401638556, "time_cost": 70.70400000000001, "final_distance_cost": 1.8385010522151235, "oscillation_cost": 30.307104986693503, "completition_cost": 0.0, "overshoot_cost": 50.775873999697495, "power_cost": 18.893232568359377, "noise_cost": 14.114981409420071, "n_waypoints_completed": 9, "tot_waypoints": 9}}
{"target": -190.68017878692285, "params": {"k_pid_pos": [1.1243644689139916, 0.0, 0.12998894055781562], "k_pid_alt": [1.1219511880340565, 0.0, 0.01707660184668472], "k_pid_att": [14.928674288910624, 0.0001, 0.7008457992175643], "k_pid_yaw": [0.5, 1e-06, 0.1], "k_pid_hsp": [0.3758396292388911, 0.00283436008982719, 0.0], "k_pid_vsp": [400.0, 1e-06, 14.921709627285644]}, "datetime": {"datetime": "2025-08-21 16:45:47", "elapsed": 28863.858669757843, "delta": 15.94575810432434}, "costs": {"total_cost": 190.68017878692285, "time_cost": 71.504, "final_distance_cost": 1.8427054478399907, "oscillation_cost": 29.73956332993632, "completition_cost": 0.0, "overshoot_cost": 51.225480385243536, "power_cost": 20.966645312500003, "noise_cost": 15.401784311403006, "n_waypoints_completed": 9, "tot_waypoints": 9}}
{"target": -178.06744799137, "params": {"k_pid_pos": [1.0776491686874647, 0.0, 0.14178361413472845], "k_pid_alt": [1.1457010212159886, 0.0, 0.007998913327285938], "k_pid_att": [14.216837116645065, 0.0001, 0.5951839288348818], "k_pid_yaw": [0.5, 1e-06, 0.1], "k_pid_hsp": [0.2887398119680353, 0.0046869203015671235, 0.0], "k_pid_vsp": [400.0, 42.40534715085786, 15.284398738150841]}, "datetime": {"datetime": "2025-08-21 16:46:05", "elapsed": 28882.12339401245, "delta": 18.264724254608154}, "costs": {"total_cost": 178.06744799137, "time_cost": 71.64, "final_distance_cost": 1.844881414575016, "oscillation_cost": 28.463952713886908, "completition_cost": 0.0, "overshoot_cost": 51.45900574682073, "power_cost": 13.125342028808594, "noise_cost": 11.534266087278715, "n_waypoints_completed": 9, "tot_waypoints": 9}}
{"target": -185.3442766774322, "params": {"k_pid_pos": [1.124389245954938, 0.05193666902880039, 0.1370095925763125], "k_pid_alt": [1.2011693803501362, 0.0, 0.017414647590841548], "k_pid_att": [19.509315212829808, 0.2035118294518659, 0.6782146562079713], "k_pid_yaw": [0.5, 1e-06, 0.1], "k_pid_hsp": [0.160663436094628, 0.0033484374984610633, 0.0], "k_pid_vsp": [349.25867186881345, 41.16171740225927, 16.831928299020255]}, "datetime": {"datetime": "2025-08-21 16:46:21", "elapsed": 28898.27931523323, "delta": 16.15592122077942}, "costs": {"total_cost": 185.3442766774322, "time_cost": 70.06400000000001, "final_distance_cost": 1.8048407772344746, "oscillation_cost": 28.36414020631201, "completition_cost": 0.0, "overshoot_cost": 50.825406479558836, "power_cost": 20.05056774902344, "noise_cost": 14.235321465303436, "n_waypoints_completed": 9, "tot_waypoints": 9}}
{"target": -182.42904948955814, "params": {"k_pid_pos": [1.1807214006921973, 0.0, 0.08964363234252906], "k_pid_alt": [1.0476957740918316, 0.0, 0.010581729767141756], "k_pid_att": [13.226051789535898, 0.0001, 0.6326366725564638], "k_pid_yaw": [0.5, 1e-06, 0.1], "k_pid_hsp": [0.12134298387850302, 0.0037359518593128786, 0.0], "k_pid_vsp": [400.0, 15.645000990024847, 14.709880401602716]}, "datetime": {"datetime": "2025-08-21 16:46:43", "elapsed": 28919.57744884491, "delta": 21.298133611679077}, "costs": {"total_cost": 182.42904948955814, "time_cost": 73.808, "final_distance_cost": 1.7901950833439395, "oscillation_cost": 29.616284871068345, "completition_cost": 0.0, "overshoot_cost": 51.958029596803044, "power_cost": 13.7229302734375, "noise_cost": 11.533609664905299, "n_waypoints_completed": 9, "tot_waypoints": 9}}
{"target": -178.75973003984132, "params": {"k_pid_pos": [1.6258035647292175, 0.00020597656465129091, 0.15318983048613508], "k_pid_alt": [0.998586395540305, 0.0, 0.015662284703581164], "k_pid_att": [16.29829876490907, 0.0001, 0.581894365460437], "k_pid_yaw": [0.5, 1e-06, 0.1], "k_pid_hsp": [0.19076935093483838, 0.0037090684497109077, 0.0], "k_pid_vsp": [394.2012271969426, 30.172679594448233, 11.538284758892678]}, "datetime": {"datetime": "2025-08-21 16:47:02", "elapsed": 28938.91777420044, "delta": 19.340325355529785}, "costs": {"total_cost": 178.75973003984132, "time_cost": 70.488, "final_distance_cost": 1.7661678052107372, "oscillation_cost": 31.3755819691684, "completition_cost": 0.0, "overshoot_cost": 51.04237155287423, "power_cost": 13.130790051269532, "noise_cost": 10.956818661318422, "n_waypoints_completed": 9, "tot_waypoints": 9}}
{"target": -186.99918131659373, "params": {"k_pid_pos": [1.1237932964936315, 0.0, 0.08558617730957925], "k_pid_alt": [1.147664074620013, 0.0, 0.014631308071191165], "k_pid_att": [15.303358601838498, 0.0001, 0.6315338364617343], "k_pid_yaw": [0.5, 1e-06, 0.1], "k_pid_hsp": [0.126420232351245, 0.0036560345793999957, 0.0], "k_pid_vsp": [398.3961368411832, 1e-06, 15.854263025149566]}, "datetime": {"datetime": "2025-08-21 16:47:18", "elapsed": 28955.33673095703, "delta": 16.418956756591797}, "costs": {"total_cost": 186.99918131659373, "time_cost": 71.408, "final_distance_cost": 1.810505514201089, "oscillation_cost": 28.106294390131087, "completition_cost": 0.0, "overshoot_cost": 51.59614013263139, "power_cost": 19.617234875488283, "noise_cost": 14.461006404141903, "n_waypoints_completed": 9, "tot_waypoints": 9}}
{"target": -180.569932928547, "params": {"k_pid_pos": [1.1243105536351943, 0.0, 0.08882829504566164], "k_pid_alt": [1.374232235590868, 0.0, 0.013926485088975763], "k_pid_att": [16.345809997836803, 0.008114292355547914, 0.6331142001393423], "k_pid_yaw": [0.5, 1e-06, 0.1], "k_pid_hsp": [0.42684152560811867, 0.002686821858399228, 0.0], "k_pid_vsp": [400.0, 42.08585153143298, 19.558208042473087]}, "datetime": {"datetime": "2025-08-21 16:47:36", "elapsed": 28972.521364212036, "delta": 17.184633255004883}, "costs": {"total_cost": 180.569932928547, "time_cost": 69.512, "final_distance_cost": 1.843564789674469, "oscillation_cost": 31.264734457028897, "completition_cost": 0.0, "overshoot_cost": 49.78643684605501, "power_cost": 15.525722668457032, "noise_cost": 12.63747416733159, "n_waypoints_completed": 9, "tot_waypoints": 9}}
{"target": -187.22914550756798, "params": {"k_pid_pos": [1.1705568685681298, 0.0, 0.1400073754622183], "k_pid_alt": [1.4269282136467, 0.0, 0.013930881347560691], "k_pid_att": [15.136684317685042, 0.0001, 0.6247437948322746], "k_pid_yaw": [0.5, 1e-06, 0.1], "k_pid_hsp": [0.1427768605218435, 0.00225378945588571, 0.0], "k_pid_vsp": [392.37086522387983, 3.0860609405893413, 8.05239280959192]}, "datetime": {"datetime": "2025-08-21 16:47:52", "elapsed": 28988.634566783905, "delta": 16.113202571868896}, "costs": {"total_cost": 187.22914550756798, "time_cost": 71.83200000000001, "final_distance_cost": 1.8182970213292189, "oscillation_cost": 27.694434748142715, "completition_cost": 0.0, "overshoot_cost": 52.17612305212469, "power_cost": 18.825519494628907, "noise_cost": 14.882771191342446, "n_waypoints_completed": 9, "tot_waypoints": 9}}
{"target": -191.6704434612849, "params": {"k_pid_pos": [1.2002546101181448, 0.0, 0.13716764923453856], "k_pid_alt": [1.2090717137581328, 0.0, 0.013788840776240412], "k_pid_att": [11.128596915546343, 0.0001, 0.652215520797079], "k_pid_yaw": [0.5, 1e-06, 0.1], "k_pid_hsp": [0.2840351336818674, 0.0, 0.0], "k_pid_vsp": [400.0, 36.74758662734329, 15.842895473457606]}, "datetime": {"datetime": "2025-08-21 16:48:09", "elapsed": 29006.086448669434, "delta": 17.451881885528564}, "costs": {"total_cost": 191.6704434612849, "time_cost": 71.12, "final_distance_cost": 1.8168857214882068, "oscillation_cost": 29.891724724293216, "completition_cost": 0.0, "overshoot_cost": 51.06835796829353, "power_cost": 21.848542248535157, "noise_cost": 15.924932798674766, "n_waypoints_completed": 9, "tot_waypoints": 9}}
{"target": -174.176295938239, "params": {"k_pid_pos": [1.1107997285085462, 0.0, 0.13857415877115548], "k_pid_alt": [1.0265377417056674, 0.0, 0.01304326350954608], "k_pid_att": [16.554583358229383, 0.0001, 0.5223414771505841], "k_pid_yaw": [0.5, 1e-06, 0.1], "k_pid_hsp": [0.11975439747420742, 0.0, 0.0], "k_pid_vsp": [400.0, 52.72092165409488, 17.490077197448265]}, "datetime": {"datetime": "2025-08-21 16:48:26", "elapsed": 29023.14398932457, "delta": 17.05754065513611}, "costs": {"total_cost": 174.176295938239, "time_cost": 71.112, "final_distance_cost": 1.8129184491893466, "oscillation_cost": 27.0671876299325, "completition_cost": 0.0, "overshoot_cost": 51.01760359599246, "power_cost": 12.477299340820313, "noise_cost": 10.689286922304397, "n_waypoints_completed": 9, "tot_waypoints": 9}}
{"target": -184.18971076885313, "params": {"k_pid_pos": [1.0985795960287081, 0.0, 0.12996859191148302], "k_pid_alt": [1.1265511278019125, 0.0, 0.00711151677946526], "k_pid_att": [21.13989330788008, 0.0001, 0.5890809285856946], "k_pid_yaw": [0.5, 1e-06, 0.1], "k_pid_hsp": [0.3948183976417187, 0.004031123784207313, 0.0], "k_pid_vsp": [400.0, 70.94527330846894, 15.44533195018223]}, "datetime": {"datetime": "2025-08-21 16:48:43", "elapsed": 29039.547493219376, "delta": 16.403503894805908}, "costs": {"total_cost": 184.18971076885313, "time_cost": 70.048, "final_distance_cost": 1.8347034389410681, "oscillation_cost": 30.31198058824029, "completition_cost": 0.0, "overshoot_cost": 50.333224472982685, "power_cost": 18.24100047607422, "noise_cost": 13.420801792614865, "n_waypoints_completed": 9, "tot_waypoints": 9}}
{"target": -204.23183454756892, "params": {"k_pid_pos": [1.1224343987918775, 0.0, 0.12663805474233303], "k_pid_alt": [1.1571604666728017, 0.0, 0.013388349413820567], "k_pid_att": [17.635072472236324, 0.0001, 0.6068974557733987], "k_pid_yaw": [0.5, 1e-06, 0.1], "k_pid_hsp": [0.030976729029609143, 0.0030464932614008653, 0.0], "k_pid_vsp": [400.0, 40.95565542742057, 16.972133033647072]}, "datetime": {"datetime": "2025-08-21 16:49:07", "elapsed": 29064.03238606453, "delta": 24.48489284515381}, "costs": {"total_cost": 204.23183454756892, "time_cost": 95.424, "final_distance_cost": 1.777079644450106, "oscillation_cost": 17.4772123033435, "completition_cost": 0.0, "overshoot_cost": 61.87811376953022, "power_cost": 14.604139172363283, "noise_cost": 13.0712896578818, "n_waypoints_completed": 9, "tot_waypoints": 9}}
{"target": -186.182437938612, "params": {"k_pid_pos": [1.1743765977000202, 0.0, 0.14183324456820254], "k_pid_alt": [1.1392388561865456, 0.0, 0.00751845753125896], "k_pid_att": [23.09261836277326, 0.0001, 0.6098035787604091], "k_pid_yaw": [0.5, 1e-06, 0.1], "k_pid_hsp": [0.13818516213258608, 0.0009292319472638984, 0.0], "k_pid_vsp": [400.0, 3.7625668766682763, 16.9735988361564]}, "datetime": {"datetime": "2025-08-21 16:49:24", "elapsed": 29080.711878061295, "delta": 16.679491996765137}, "costs": {"total_cost": 186.182437938612, "time_cost": 71.512, "final_distance_cost": 1.8099366319182162, "oscillation_cost": 27.667888604465432, "completition_cost": 0.0, "overshoot_cost": 51.65070112194581, "power_cost": 19.21021424560547, "noise_cost": 14.331697334677068, "n_waypoints_completed": 9, "tot_waypoints": 9}}
{"target": -184.35190767598527, "params": {"k_pid_pos": [1.1240761921696227, 0.0, 0.12236059735239073], "k_pid_alt": [1.187806594047387, 0.0, 0.01652623036538577], "k_pid_att": [17.844302802978536, 0.0001, 0.573227911353672], "k_pid_yaw": [0.5, 1e-06, 0.1], "k_pid_hsp": [0.10499093986832347, 0.00324623920864212, 0.0], "k_pid_vsp": [400.0, 57.41664455630469, 11.693755569357922]}, "datetime": {"datetime": "2025-08-21 16:49:41", "elapsed": 29097.498780727386, "delta": 16.78690266609192}, "costs": {"total_cost": 184.35190767598527, "time_cost": 70.808, "final_distance_cost": 1.803985006246448, "oscillation_cost": 27.424987928769884, "completition_cost": 0.0, "overshoot_cost": 51.691423326929055, "power_cost": 18.57319521484375, "noise_cost": 14.050316199196127, "n_waypoints_completed": 9, "tot_waypoints": 9}}
{"target": -174.44259136202783, "params": {"k_pid_pos": [1.1323839650252423, 0.0, 0.13765626907488426], "k_pid_alt": [1.1375047063542703, 0.0, 0.016044016328189796], "k_pid_att": [14.221879180056343, 0.0001, 0.6236497882661036], "k_pid_yaw": [0.5, 1e-06, 0.1], "k_pid_hsp": [0.17314029766825617, 0.0017260849311607237, 0.0], "k_pid_vsp": [400.0, 41.684868815540256, 20.13272201967084]}, "datetime": {"datetime": "2025-08-21 16:49:58", "elapsed": 29114.721826553345, "delta": 17.223045825958252}, "costs": {"total_cost": 174.44259136202783, "time_cost": 70.84, "final_distance_cost": 1.830707062107454, "oscillation_cost": 28.306498676543754, "completition_cost": 0.0, "overshoot_cost": 51.076442780831265, "power_cost": 12.334137817382812, "noise_cost": 10.054805025162537, "n_waypoints_completed": 9, "tot_waypoints": 9}}
