{"target": -169.54158050190102, "params": {"k_pid_pos": [1.4719169607160625, 0.0, 0.08805095967625656], "k_pid_alt": [1.150394706732754, 0.0, 0.008065583901552317], "k_pid_att": [14.839521885378463, 0.0001, 0.637805334202814], "k_pid_yaw": [0.5, 1e-06, 0.1], "k_pid_hsp": [0.1259373640944939, 0.0035428227428393492, 0.0], "k_pid_vsp": [400.0, 26.312681675360373, 24.733879797821185]}, "datetime": {"datetime": "2025-08-21 17:12:52", "elapsed": 30488.74058675766, "delta": 16.271352291107178}, "costs": {"total_cost": 169.54158050190102, "time_cost": 70.376, "final_distance_cost": 1.746343520335893, "oscillation_cost": 30.388661064133753, "completition_cost": 0.0, "overshoot_cost": 51.23016042828784, "power_cost": 8.220265991210939, "noise_cost": 7.5801494979325685, "n_waypoints_completed": 9, "tot_waypoints": 9}}
{"target": -211.18987347656272, "params": {"k_pid_pos": [1.060121423936236, 0.0002547949834635438, 0.14661181467442022], "k_pid_alt": [1.1931564609502288, 0.0, 0.010690544832120924], "k_pid_att": [16.52552798041895, 0.0001, 0.6217067696784924], "k_pid_yaw": [0.5, 1e-06, 0.1], "k_pid_hsp": [0.03716223441182232, 0.005851813196954521, 0.0], "k_pid_vsp": [396.64745658291577, 40.799604221952755, 22.65092146105649]}, "datetime": {"datetime": "2025-08-21 17:13:12", "elapsed": 30509.054609775543, "delta": 20.3140230178833}, "costs": {"total_cost": 211.18987347656272, "time_cost": 87.176, "final_distance_cost": 1.7845202310448245, "oscillation_cost": 20.234161645559265, "completition_cost": 0.0, "overshoot_cost": 57.60674943322045, "power_cost": 25.39613825683594, "noise_cost": 18.992303909902237, "n_waypoints_completed": 9, "tot_waypoints": 9}}
{"target": -187.8404456563854, "params": {"k_pid_pos": [1.1252453140361691, 0.0, 0.03983792151019666], "k_pid_alt": [1.2849661490914803, 0.0, 0.00991850855730189], "k_pid_att": [15.271712746644134, 0.0001, 0.6528222440665077], "k_pid_yaw": [0.5, 1e-06, 0.1], "k_pid_hsp": [0.1427225580023286, 0.0032510489054494813, 0.0], "k_pid_vsp": [397.818710466096, 21.75589974088136, 16.220841807745735]}, "datetime": {"datetime": "2025-08-21 17:13:31", "elapsed": 30527.71806883812, "delta": 18.663459062576294}, "costs": {"total_cost": 187.8404456563854, "time_cost": 70.52, "final_distance_cost": 1.7787230410024875, "oscillation_cost": 28.895138542032488, "completition_cost": 0.0, "overshoot_cost": 51.39860438697221, "power_cost": 20.364142114257813, "noise_cost": 14.883837572120397, "n_waypoints_completed": 9, "tot_waypoints": 9}}
{"target": -553.6292771479102, "params": {"k_pid_pos": [1.125088425499051, 0.0, 0.10233638286736046], "k_pid_alt": [1.2914392307051443, 0.0, 0.014439898840665263], "k_pid_att": [14.742642079964368, 0.009155439515534996, 0.6311415926783026], "k_pid_yaw": [0.5, 1e-06, 0.1], "k_pid_hsp": [0.023345060094863368, 0.0027667857757738574, 0.0], "k_pid_vsp": [400.0, 44.02320684097338, 18.858666259143728]}, "datetime": {"datetime": "2025-08-21 17:13:54", "elapsed": 30550.912687540054, "delta": 23.194618701934814}, "costs": {"total_cost": 553.6292771479102, "time_cost": 150, "final_distance_cost": 68.16080650593739, "oscillation_cost": 13.556409470199169, "completition_cost": 222.2222222222222, "overshoot_cost": 55.96507355419085, "power_cost": 25.809042236328125, "noise_cost": 17.915723159032474, "n_waypoints_completed": 7, "tot_waypoints": 9}}
{"target": -176.83747017812297, "params": {"k_pid_pos": [1.099313563288263, 0.0, 0.16801005588442153], "k_pid_alt": [1.1592260428254935, 0.0, 0.014566198879569088], "k_pid_att": [15.227323843025706, 0.0001, 0.6363865934441355], "k_pid_yaw": [0.5, 1e-06, 0.1], "k_pid_hsp": [0.12441471484118942, 0.0025670363891439284, 0.0], "k_pid_vsp": [388.04634322184336, 38.26125803654137, 16.939675283051127]}, "datetime": {"datetime": "2025-08-21 17:14:11", "elapsed": 30567.981600284576, "delta": 17.068912744522095}, "costs": {"total_cost": 176.83747017812297, "time_cost": 72.048, "final_distance_cost": 1.813263446042779, "oscillation_cost": 26.5400174422898, "completition_cost": 0.0, "overshoot_cost": 52.00861119308154, "power_cost": 13.50471697998047, "noise_cost": 10.92286111672841, "n_waypoints_completed": 9, "tot_waypoints": 9}}
{"target": -1265.9294690839188, "params": {"k_pid_pos": [1.13565510554027, 0.0, 0.12603494382901406], "k_pid_alt": [1.1804736716686013, 0.0, 0.009631588761280742], "k_pid_att": [0.0, 0.0001, 0.6645063639439839], "k_pid_yaw": [0.5, 1e-06, 0.1], "k_pid_hsp": [0.15135295427352732, 0.004113182981581206, 0.0], "k_pid_vsp": [400.0, 37.34137872879571, 16.743675879892333]}, "datetime": {"datetime": "2025-08-21 17:14:36", "elapsed": 30592.581033945084, "delta": 24.599433660507202}, "costs": {"total_cost": 1265.9294690839188, "time_cost": 150, "final_distance_cost": 45.211663902870065, "oscillation_cost": 1.1207460448457465, "completition_cost": 1000.0, "overshoot_cost": 11.255931713515782, "power_cost": 35.19600493164063, "noise_cost": 23.145122491046525, "n_waypoints_completed": 0, "tot_waypoints": 9}}
{"target": -177.80983651009154, "params": {"k_pid_pos": [1.0372622708802965, 0.0, 0.14425665969436466], "k_pid_alt": [1.1520425383730688, 0.0, 0.014007929877891295], "k_pid_att": [17.554351406802436, 0.0001, 0.6750083587447875], "k_pid_yaw": [0.5, 1e-06, 0.1], "k_pid_hsp": [0.1028093364726214, 0.0021202298239019245, 0.0], "k_pid_vsp": [400.0, 29.473169738164657, 17.633228346586744]}, "datetime": {"datetime": "2025-08-21 17:14:53", "elapsed": 30609.787321329117, "delta": 17.206287384033203}, "costs": {"total_cost": 177.80983651009154, "time_cost": 72.008, "final_distance_cost": 1.7859939257679953, "oscillation_cost": 25.77866401361117, "completition_cost": 0.0, "overshoot_cost": 52.033092879437746, "power_cost": 14.73626199951172, "noise_cost": 11.467823691762938, "n_waypoints_completed": 9, "tot_waypoints": 9}}
{"target": -175.5482387865146, "params": {"k_pid_pos": [1.0374515000344473, 0.0, 0.1435434476543019], "k_pid_alt": [1.217154987607389, 0.0, 0.016096948707872243], "k_pid_att": [22.52572170104898, 0.0001, 0.6735254754812827], "k_pid_yaw": [0.5, 1e-06, 0.1], "k_pid_hsp": [0.1008550374005184, 0.0027309772697466568, 0.0], "k_pid_vsp": [400.0, 30.397270773988552, 15.98598620557954]}, "datetime": {"datetime": "2025-08-21 17:15:09", "elapsed": 30626.32080745697, "delta": 16.533486127853394}, "costs": {"total_cost": 175.5482387865146, "time_cost": 71.656, "final_distance_cost": 1.7979674302699686, "oscillation_cost": 25.839449927232902, "completition_cost": 0.0, "overshoot_cost": 52.46635034858641, "power_cost": 12.786783056640626, "noise_cost": 11.001688023784693, "n_waypoints_completed": 9, "tot_waypoints": 9}}
{"target": -193.3192952650948, "params": {"k_pid_pos": [1.116441014740551, 0.0, 0.1345377850053472], "k_pid_alt": [1.0743881730839742, 0.0, 0.011920578360833402], "k_pid_att": [12.763150309194664, 0.0001, 0.6393080829516905], "k_pid_yaw": [0.5, 1e-06, 0.1], "k_pid_hsp": [0.19065720742521033, 0.003701179650781596, 0.0], "k_pid_vsp": [400.0, 21.81722781466332, 17.67173862804154]}, "datetime": {"datetime": "2025-08-21 17:15:28", "elapsed": 30644.453890800476, "delta": 18.13308334350586}, "costs": {"total_cost": 193.3192952650948, "time_cost": 73.816, "final_distance_cost": 1.8265148990557325, "oscillation_cost": 29.369421969529203, "completition_cost": 0.0, "overshoot_cost": 53.30753058869835, "power_cost": 19.875031091308596, "noise_cost": 15.12479671650294, "n_waypoints_completed": 9, "tot_waypoints": 9}}
{"target": -182.13115417692674, "params": {"k_pid_pos": [1.1597412529329618, 0.0, 0.138004296290346], "k_pid_alt": [1.166409711136852, 0.0, 0.0171986129886261], "k_pid_att": [20.720059539489178, 0.0001, 0.6463160457014052], "k_pid_yaw": [0.5, 1e-06, 0.1], "k_pid_hsp": [0.16269977175039385, 0.0016939649669050643, 0.0], "k_pid_vsp": [400.0, 44.84309365320746, 17.670879357300244]}, "datetime": {"datetime": "2025-08-21 17:15:43", "elapsed": 30659.73559832573, "delta": 15.281707525253296}, "costs": {"total_cost": 182.13115417692674, "time_cost": 70.256, "final_distance_cost": 1.7965556447728281, "oscillation_cost": 28.546248849913372, "completition_cost": 0.0, "overshoot_cost": 50.83730396602203, "power_cost": 17.321877087402346, "noise_cost": 13.373168628816149, "n_waypoints_completed": 9, "tot_waypoints": 9}}
{"target": -192.51779328428768, "params": {"k_pid_pos": [1.120548506196798, 0.0, 0.12436188115182711], "k_pid_alt": [1.2051241917060285, 0.0, 0.013360740826684302], "k_pid_att": [16.096986232419184, 0.0001, 0.6675803471847969], "k_pid_yaw": [0.5, 1e-06, 0.1], "k_pid_hsp": [0.12463119944615979, 0.003322721078405058, 0.0], "k_pid_vsp": [400.0, 35.03722223012208, 29.739089547314453]}, "datetime": {"datetime": "2025-08-21 17:16:01", "elapsed": 30677.48530268669, "delta": 17.749704360961914}, "costs": {"total_cost": 192.51779328428768, "time_cost": 71.952, "final_distance_cost": 1.8181764940009124, "oscillation_cost": 27.494966168177143, "completition_cost": 0.0, "overshoot_cost": 52.65454367538499, "power_cost": 22.34481298828125, "noise_cost": 16.25329395844339, "n_waypoints_completed": 9, "tot_waypoints": 9}}
{"target": -171.03282157995983, "params": {"k_pid_pos": [1.129192519921899, 0.0, 0.14744032593582002], "k_pid_alt": [1.214792960219914, 0.0, 0.015357897339877675], "k_pid_att": [13.135898492311114, 0.0001, 0.6264089732664925], "k_pid_yaw": [0.5, 1e-06, 0.1], "k_pid_hsp": [0.17201492002451413, 0.0018055355760780362, 0.0], "k_pid_vsp": [400.0, 13.680528811574462, 25.388597738485576]}, "datetime": {"datetime": "2025-08-21 17:16:17", "elapsed": 30693.539377450943, "delta": 16.05407476425171}, "costs": {"total_cost": 171.03282157995983, "time_cost": 70.232, "final_distance_cost": 1.813363616663245, "oscillation_cost": 28.419456687370758, "completition_cost": 0.0, "overshoot_cost": 51.24089902359346, "power_cost": 10.333860510253906, "noise_cost": 8.993241742078489, "n_waypoints_completed": 9, "tot_waypoints": 9}}
{"target": -188.6172416207441, "params": {"k_pid_pos": [1.1039139988503113, 0.0, 0.1108478970957652], "k_pid_alt": [0.8584837541254224, 0.0, 0.019963143837999058], "k_pid_att": [24.680877932687565, 0.0001, 0.38895939167784027], "k_pid_yaw": [0.5, 1e-06, 0.1], "k_pid_hsp": [0.26924050497037555, 0.012878341593671955, 0.0], "k_pid_vsp": [399.84579425236507, 28.99782576531357, 30.611891596399744]}, "datetime": {"datetime": "2025-08-21 17:16:34", "elapsed": 30710.741752386093, "delta": 17.202374935150146}, "costs": {"total_cost": 188.6172416207441, "time_cost": 70.896, "final_distance_cost": 1.8239866699107536, "oscillation_cost": 29.918492008156914, "completition_cost": 0.0, "overshoot_cost": 50.255618158713524, "power_cost": 20.55065135498047, "noise_cost": 15.172493428982445, "n_waypoints_completed": 9, "tot_waypoints": 9}}
{"target": -188.6931647557159, "params": {"k_pid_pos": [1.128704822203416, 0.0, 0.13716233032914305], "k_pid_alt": [1.430933310899869, 0.0, 0.016860730920237814], "k_pid_att": [23.511658863091277, 0.0001, 0.5972510034116949], "k_pid_yaw": [0.5, 1e-06, 0.1], "k_pid_hsp": [0.3200238030440752, 0.0045818757932157925, 0.0], "k_pid_vsp": [395.648793950325, 29.397239631818774, 28.464237629517356]}, "datetime": {"datetime": "2025-08-21 17:16:52", "elapsed": 30728.43665289879, "delta": 17.694900512695312}, "costs": {"total_cost": 188.6931647557159, "time_cost": 71.784, "final_distance_cost": 1.8447882610785071, "oscillation_cost": 29.777986418191357, "completition_cost": 0.0, "overshoot_cost": 51.656807384838324, "power_cost": 19.178579443359375, "noise_cost": 14.451003248248325, "n_waypoints_completed": 9, "tot_waypoints": 9}}
{"target": -164.25944958710716, "params": {"k_pid_pos": [1.1252547962293855, 0.0, 0.13029870816162054], "k_pid_alt": [1.122377352304596, 0.0, 0.016827403244205365], "k_pid_att": [15.246308979641242, 0.0001, 0.6378788355780763], "k_pid_yaw": [0.5, 1e-06, 0.1], "k_pid_hsp": [0.12572570643732275, 0.0038408731425494383, 0.0], "k_pid_vsp": [396.27260124515107, 11.540919543044605, 11.575745558945368]}, "datetime": {"datetime": "2025-08-21 17:17:07", "elapsed": 30744.40943646431, "delta": 15.97278356552124}, "costs": {"total_cost": 164.25944958710716, "time_cost": 70.952, "final_distance_cost": 1.797575387338833, "oscillation_cost": 27.81735605215816, "completition_cost": 0.0, "overshoot_cost": 51.12152880343237, "power_cost": 6.015807153320313, "noise_cost": 6.555182190857488, "n_waypoints_completed": 9, "tot_waypoints": 9}}
{"target": -187.45870714302984, "params": {"k_pid_pos": [1.120447982565615, 0.0, 0.17901598537052762], "k_pid_alt": [1.1619955259085142, 0.0, 0.018400059053027433], "k_pid_att": [14.648668098151209, 0.0001, 0.6360212055984985], "k_pid_yaw": [0.5, 1e-06, 0.1], "k_pid_hsp": [0.13014377813956715, 0.0037562915296062644, 0.0], "k_pid_vsp": [396.22404423677386, 37.70869056749767, 17.140986669648804]}, "datetime": {"datetime": "2025-08-21 17:17:25", "elapsed": 30761.97243618965, "delta": 17.562999725341797}, "costs": {"total_cost": 187.45870714302984, "time_cost": 71.92, "final_distance_cost": 1.78795318705151, "oscillation_cost": 26.788846557993224, "completition_cost": 0.0, "overshoot_cost": 52.396029479235544, "power_cost": 19.84520362548828, "noise_cost": 14.720674293261276, "n_waypoints_completed": 9, "tot_waypoints": 9}}
{"target": -177.60517846280007, "params": {"k_pid_pos": [1.204099759748826, 0.0, 0.34974102171441795], "k_pid_alt": [1.3807428294722193, 0.0, 0.006862847677056826], "k_pid_att": [17.89673514477728, 0.0001, 0.6720085118064509], "k_pid_yaw": [0.5, 1e-06, 0.1], "k_pid_hsp": [0.19934557355177202, 0.0033335610564789045, 0.0], "k_pid_vsp": [395.8986327887716, 12.621629578349381, 1e-06]}, "datetime": {"datetime": "2025-08-21 17:17:41", "elapsed": 30777.85165166855, "delta": 15.879215478897095}, "costs": {"total_cost": 177.60517846280007, "time_cost": 71.264, "final_distance_cost": 1.841225187800975, "oscillation_cost": 27.406122867372623, "completition_cost": 0.0, "overshoot_cost": 51.26255778372609, "power_cost": 13.667090295410157, "noise_cost": 12.16418232849023, "n_waypoints_completed": 9, "tot_waypoints": 9}}
{"target": -183.91738505697361, "params": {"k_pid_pos": [1.1019130368422894, 0.0, 0.15314775716947487], "k_pid_alt": [1.743101152522867, 0.0, 0.010861102368294337], "k_pid_att": [36.65801448703174, 0.0001, 0.6447133693699233], "k_pid_yaw": [0.5, 1e-06, 0.1], "k_pid_hsp": [0.14981225102639065, 0.001289196126106694, 0.0], "k_pid_vsp": [400.0, 48.42526455648157, 16.927682099888894]}, "datetime": {"datetime": "2025-08-21 17:17:58", "elapsed": 30795.15429663658, "delta": 17.302644968032837}, "costs": {"total_cost": 183.91738505697361, "time_cost": 71.904, "final_distance_cost": 1.8264406624010234, "oscillation_cost": 28.870554453872487, "completition_cost": 0.0, "overshoot_cost": 51.96774482536404, "power_cost": 16.23013133544922, "noise_cost": 13.11851377988685, "n_waypoints_completed": 9, "tot_waypoints": 9}}
{"target": -176.9522719078601, "params": {"k_pid_pos": [0.9655443581099941, 0.0, 0.16585216754988397], "k_pid_alt": [1.1325089003207045, 0.0, 0.0061484164020797], "k_pid_att": [16.064259292963662, 0.0001, 0.6785174686288271], "k_pid_yaw": [0.5, 1e-06, 0.1], "k_pid_hsp": [0.7585527452497116, 0.00072431102400075, 0.0], "k_pid_vsp": [400.0, 48.14399757074618, 18.807154607911166]}, "datetime": {"datetime": "2025-08-21 17:18:16", "elapsed": 30812.58822107315, "delta": 17.433924436569214}, "costs": {"total_cost": 176.9522719078601, "time_cost": 71.83200000000001, "final_distance_cost": 1.8458462119369001, "oscillation_cost": 29.46661250504777, "completition_cost": 0.0, "overshoot_cost": 51.45912029705216, "power_cost": 11.558822436523439, "noise_cost": 10.789870457299843, "n_waypoints_completed": 9, "tot_waypoints": 9}}
{"target": -177.0704655002151, "params": {"k_pid_pos": [1.1872054724631025, 0.0, 0.13440004090746493], "k_pid_alt": [1.164058736325254, 0.0, 0.015361931866719612], "k_pid_att": [10.51699910598012, 0.0001, 0.620574783326597], "k_pid_yaw": [0.5, 1e-06, 0.1], "k_pid_hsp": [0.0963333477081812, 0.003033492074820127, 0.0], "k_pid_vsp": [400.0, 43.603750418322775, 55.43958764064594]}, "datetime": {"datetime": "2025-08-21 17:18:32", "elapsed": 30828.990916728973, "delta": 16.402695655822754}, "costs": {"total_cost": 177.0704655002151, "time_cost": 71.68, "final_distance_cost": 1.7859597080636633, "oscillation_cost": 27.094451625794697, "completition_cost": 0.0, "overshoot_cost": 52.36214664890491, "power_cost": 13.495405700683595, "noise_cost": 10.652501816768247, "n_waypoints_completed": 9, "tot_waypoints": 9}}
{"target": -1252.6952532031776, "params": {"k_pid_pos": [1.2428272300967016, 0.0, 0.12280109258696101], "k_pid_alt": [1.2005417843279529, 0.0, 0.01284435446298772], "k_pid_att": [15.320550676122814, 0.0001, 0.6008083286122246], "k_pid_yaw": [0.5, 1e-06, 0.1], "k_pid_hsp": [0.0001, 0.002660426695890926, 0.0], "k_pid_vsp": [400.0, 31.15677689754512, 16.906802040497475]}, "datetime": {"datetime": "2025-08-21 17:18:56", "elapsed": 30852.631200790405, "delta": 23.640284061431885}, "costs": {"total_cost": 1252.6952532031776, "time_cost": 150, "final_distance_cost": 60.55537000573893, "oscillation_cost": 0.6828522554017655, "completition_cost": 888.8888888888888, "overshoot_cost": 93.70606302280682, "power_cost": 35.57336579589844, "noise_cost": 23.288713234442977, "n_waypoints_completed": 1, "tot_waypoints": 9}}
{"target": -177.9386888437171, "params": {"k_pid_pos": [1.110984779498612, 0.0, 0.1374699610360791], "k_pid_alt": [1.1867113462774774, 0.0, 0.015779205973942435], "k_pid_att": [14.396494581847112, 0.0001, 0.6963381262831544], "k_pid_yaw": [0.5, 1e-06, 0.1], "k_pid_hsp": [0.09387294878407329, 0.003433321092378327, 0.0], "k_pid_vsp": [400.0, 56.17529338686422, 18.03555726206422]}, "datetime": {"datetime": "2025-08-21 17:19:12", "elapsed": 30869.417510271072, "delta": 16.786309480667114}, "costs": {"total_cost": 177.9386888437171, "time_cost": 70.928, "final_distance_cost": 1.7917816480715685, "oscillation_cost": 26.750273278425865, "completition_cost": 0.0, "overshoot_cost": 51.161136814599516, "power_cost": 15.134227209472657, "noise_cost": 12.173269893147513, "n_waypoints_completed": 9, "tot_waypoints": 9}}
{"target": -192.95217863909204, "params": {"k_pid_pos": [1.1238384123638898, 0.0, 0.1403475865402438], "k_pid_alt": [1.211985638952456, 0.0, 0.016105285100314785], "k_pid_att": [17.481246171632407, 0.0001, 0.6418874805440278], "k_pid_yaw": [0.5, 1e-06, 0.1], "k_pid_hsp": [0.13813246941408802, 0.0071731395886957825, 0.0], "k_pid_vsp": [400.0, 42.890474957036396, 17.74111511109077]}, "datetime": {"datetime": "2025-08-21 17:19:29", "elapsed": 30885.810916900635, "delta": 16.393406629562378}, "costs": {"total_cost": 192.95217863909204, "time_cost": 71.408, "final_distance_cost": 1.7923165143329371, "oscillation_cost": 27.492735160352765, "completition_cost": 0.0, "overshoot_cost": 51.66049202777562, "power_cost": 23.73985457763672, "noise_cost": 16.858780358994007, "n_waypoints_completed": 9, "tot_waypoints": 9}}
{"target": -199.70195526165304, "params": {"k_pid_pos": [1.1132773019804965, 0.0, 0.1315329742928306], "k_pid_alt": [1.6295384024315052, 0.0, 0.016465593751739296], "k_pid_att": [16.2681813693578, 0.0001, 0.631602579367351], "k_pid_yaw": [0.5, 1e-06, 0.1], "k_pid_hsp": [0.04548495512673787, 0.0018296259131037433, 0.0], "k_pid_vsp": [400.0, 57.09465653312448, 22.06058792740538]}, "datetime": {"datetime": "2025-08-21 17:19:49", "elapsed": 30905.805021762848, "delta": 19.994104862213135}, "costs": {"total_cost": 199.70195526165304, "time_cost": 78.456, "final_distance_cost": 1.7894277548923954, "oscillation_cost": 21.35595536375477, "completition_cost": 0.0, "overshoot_cost": 55.56068656786055, "power_cost": 24.27078231201172, "noise_cost": 18.2691032631336, "n_waypoints_completed": 9, "tot_waypoints": 9}}
{"target": -171.30324712126298, "params": {"k_pid_pos": [1.1235035974742416, 0.0, 0.13836974984703662], "k_pid_alt": [1.1736157407067846, 0.0, 0.016053899509125096], "k_pid_att": [15.346301128671163, 0.0001, 0.6370079733598255], "k_pid_yaw": [0.5, 1e-06, 0.1], "k_pid_hsp": [0.12794535158062958, 0.0031569605065460676, 0.0], "k_pid_vsp": [400.0, 43.85451888116462, 16.4274630365152]}, "datetime": {"datetime": "2025-08-21 17:20:05", "elapsed": 30921.741658449173, "delta": 15.936636686325073}, "costs": {"total_cost": 171.30324712126298, "time_cost": 70.24, "final_distance_cost": 1.8019287164593574, "oscillation_cost": 28.11900215493707, "completition_cost": 0.0, "overshoot_cost": 51.634717212815815, "power_cost": 10.650009826660156, "noise_cost": 8.857589210390586, "n_waypoints_completed": 9, "tot_waypoints": 9}}
{"target": -185.40301971307292, "params": {"k_pid_pos": [1.144148469522742, 0.0, 0.1064924996977755], "k_pid_alt": [1.064619866841522, 0.0, 0.02587447881306476], "k_pid_att": [23.93235505826424, 0.0001, 0.3235520546136737], "k_pid_yaw": [0.5, 1e-06, 0.1], "k_pid_hsp": [0.2052696285204308, 0.019681729963977664, 0.0], "k_pid_vsp": [400.0, 39.48053676967196, 22.902044043642125]}, "datetime": {"datetime": "2025-08-21 17:20:22", "elapsed": 30939.352786302567, "delta": 17.611127853393555}, "costs": {"total_cost": 185.40301971307292, "time_cost": 72.664, "final_distance_cost": 1.8171893005237234, "oscillation_cost": 30.73317624683825, "completition_cost": 0.0, "overshoot_cost": 51.69230085822716, "power_cost": 16.024419921875, "noise_cost": 12.471933385608795, "n_waypoints_completed": 9, "tot_waypoints": 9}}
