{"target": -174.87003419834014, "params": {"k_pid_pos": [1.1853508951958176, 0.0, 0.1131657630915129], "k_pid_alt": [1.0035069291536463, 0.0, 0.0010960026561046884], "k_pid_att": [15.72764150986958, 0.0001, 0.6406269456006787], "k_pid_yaw": [0.5, 1e-06, 0.1], "k_pid_hsp": [0.23833106602472487, 0.0013466218849968658, 0.0], "k_pid_vsp": [400.0, 40.60458256356709, 14.360699475345083]}, "datetime": {"datetime": "2025-08-21 14:42:12", "elapsed": 21448.470620393753, "delta": 16.146451950073242}, "costs": {"total_cost": 174.87003419834014, "time_cost": 70.616, "final_distance_cost": 1.8257867549330953, "oscillation_cost": 29.69644590301555, "completition_cost": 0.0, "overshoot_cost": 50.8284718123042, "power_cost": 12.1153400390625, "noise_cost": 9.787989689024824, "n_waypoints_completed": 9, "tot_waypoints": 9}}
{"target": -1210.3893228609868, "params": {"k_pid_pos": [1.0582615331212688, 0.0, 0.13130477952973327], "k_pid_alt": [0.9798169183168235, 0.0, 0.009593048042607685], "k_pid_att": [38.61731191694642, 0.0001, 1.0], "k_pid_yaw": [0.5, 1e-06, 0.1], "k_pid_hsp": [0.0001, 0.004539147202897763, 0.0], "k_pid_vsp": [385.7468153406405, 16.785822382181713, 16.594249758108578]}, "datetime": {"datetime": "2025-08-21 14:42:35", "elapsed": 21471.5142724514, "delta": 23.043652057647705}, "costs": {"total_cost": 1210.3893228609868, "time_cost": 150, "final_distance_cost": 59.88437786508752, "oscillation_cost": 9.653512413380994, "completition_cost": 888.8888888888888, "overshoot_cost": 94.55546801153238, "power_cost": 2.6999941406250003, "noise_cost": 4.707081541472045, "n_waypoints_completed": 1, "tot_waypoints": 9}}
{"target": -175.42790509947062, "params": {"k_pid_pos": [1.1265211341039283, 0.0, 0.1335338165413847], "k_pid_alt": [0.9617442329486611, 0.0, 0.009077458959064626], "k_pid_att": [11.688768789668455, 0.0001, 0.6460929788880989], "k_pid_yaw": [0.5, 1e-06, 0.1], "k_pid_hsp": [0.15053649382124212, 0.004992383305237444, 0.0], "k_pid_vsp": [384.9089306469178, 16.23985711238609, 14.407101424154021]}, "datetime": {"datetime": "2025-08-21 14:42:51", "elapsed": 21488.137737751007, "delta": 16.623465299606323}, "costs": {"total_cost": 175.42790509947062, "time_cost": 71.04, "final_distance_cost": 1.8107652947736608, "oscillation_cost": 28.451774610093576, "completition_cost": 0.0, "overshoot_cost": 51.33696383662315, "power_cost": 12.286489550781251, "noise_cost": 10.501911807198981, "n_waypoints_completed": 9, "tot_waypoints": 9}}
{"target": -175.29750446650002, "params": {"k_pid_pos": [1.1413741460094495, 0.0, 0.10970091694845421], "k_pid_alt": [1.4507241127240633, 0.0, 0.008304856020800814], "k_pid_att": [28.15914988842016, 0.0001, 0.5285485084382173], "k_pid_yaw": [0.5, 1e-06, 0.1], "k_pid_hsp": [0.2905342851808739, 0.0, 0.0], "k_pid_vsp": [394.11952796104674, 6.540285637106955, 19.71435600598459]}, "datetime": {"datetime": "2025-08-21 14:43:08", "elapsed": 21505.090946912766, "delta": 16.953209161758423}, "costs": {"total_cost": 175.29750446650002, "time_cost": 70.624, "final_distance_cost": 1.8195170045716826, "oscillation_cost": 29.7115165410666, "completition_cost": 0.0, "overshoot_cost": 51.28257757874645, "power_cost": 11.398950561523439, "noise_cost": 10.460942780591877, "n_waypoints_completed": 9, "tot_waypoints": 9}}
{"target": -170.05694130503852, "params": {"k_pid_pos": [1.1277938647291121, 0.0, 0.1335401062903537], "k_pid_alt": [1.0836914928805608, 0.0, 0.01033583037137356], "k_pid_att": [15.389977181745614, 0.0001, 0.6487147187669966], "k_pid_yaw": [0.5, 1e-06, 0.1], "k_pid_hsp": [0.08559224327401511, 0.0023836496082671353, 0.0], "k_pid_vsp": [397.5472439788716, 26.38817990127852, 13.339772023660023]}, "datetime": {"datetime": "2025-08-21 14:43:25", "elapsed": 21521.592594623566, "delta": 16.50164771080017}, "costs": {"total_cost": 170.05694130503852, "time_cost": 72.184, "final_distance_cost": 1.7846359980930333, "oscillation_cost": 26.232925322243414, "completition_cost": 0.0, "overshoot_cost": 52.07834710129258, "power_cost": 9.352830041503907, "noise_cost": 8.424202841905544, "n_waypoints_completed": 9, "tot_waypoints": 9}}
{"target": -195.6339187117676, "params": {"k_pid_pos": [1.0944137228463868, 0.0, 0.10013377583092586], "k_pid_alt": [0.9676403036467324, 0.0, 0.00976518024007472], "k_pid_att": [18.649681214124026, 0.0001, 0.607392685036405], "k_pid_yaw": [0.5, 1e-06, 0.1], "k_pid_hsp": [0.11461558798968646, 0.05112065058486576, 0.0], "k_pid_vsp": [354.6188782272032, 15.7241151323434, 12.102612106020683]}, "datetime": {"datetime": "2025-08-21 14:43:42", "elapsed": 21538.788599014282, "delta": 17.196004390716553}, "costs": {"total_cost": 195.6339187117676, "time_cost": 72.824, "final_distance_cost": 1.8107054986017925, "oscillation_cost": 35.5818955701587, "completition_cost": 0.0, "overshoot_cost": 51.492302668867886, "power_cost": 19.60065732421875, "noise_cost": 14.324357649920458, "n_waypoints_completed": 9, "tot_waypoints": 9}}
{"target": -188.1640686524018, "params": {"k_pid_pos": [0.6854450213077111, 0.0, 0.1357209551015781], "k_pid_alt": [0.8534975486308195, 0.0, 0.010948572392628692], "k_pid_att": [31.874518471752623, 0.0001, 0.29861495713876096], "k_pid_yaw": [0.5, 1e-06, 0.1], "k_pid_hsp": [0.984370505481455, 2.983069407182194e-05, 0.0], "k_pid_vsp": [400.0, 11.539296161753173, 18.50188035659277]}, "datetime": {"datetime": "2025-08-21 14:44:01", "elapsed": 21557.904166698456, "delta": 19.115567684173584}, "costs": {"total_cost": 188.1640686524018, "time_cost": 79.70400000000001, "final_distance_cost": 1.8513118536026756, "oscillation_cost": 28.53503347545029, "completition_cost": 0.0, "overshoot_cost": 51.65861140093051, "power_cost": 13.75719989013672, "noise_cost": 12.65791203228159, "n_waypoints_completed": 9, "tot_waypoints": 9}}
{"target": -178.44650770018896, "params": {"k_pid_pos": [1.1353277238447943, 0.0, 0.04085044045825717], "k_pid_alt": [1.0705159329182135, 0.0, 0.00980499959994465], "k_pid_att": [24.734711284690157, 0.0001, 0.800092896350237], "k_pid_yaw": [0.5, 1e-06, 0.1], "k_pid_hsp": [0.37248679059026657, 0.001985863160818173, 0.0], "k_pid_vsp": [400.0, 1e-06, 0.9254252522826274]}, "datetime": {"datetime": "2025-08-21 14:44:17", "elapsed": 21573.730409145355, "delta": 15.826242446899414}, "costs": {"total_cost": 178.44650770018896, "time_cost": 70.968, "final_distance_cost": 1.8247748160467447, "oscillation_cost": 30.470442246487835, "completition_cost": 0.0, "overshoot_cost": 50.66971353519017, "power_cost": 12.809417700195313, "noise_cost": 11.704159402268873, "n_waypoints_completed": 9, "tot_waypoints": 9}}
{"target": -173.32063137992978, "params": {"k_pid_pos": [0.966339578616443, 0.0, 0.12286393370433528], "k_pid_alt": [1.0274471631797413, 0.0, 0.009658677585039351], "k_pid_att": [17.410067264039004, 0.0001, 0.5119570540399072], "k_pid_yaw": [0.5, 1e-06, 0.1], "k_pid_hsp": [0.3131119429822514, 0.0008510757882157573, 0.0], "k_pid_vsp": [400.0, 27.47665966960503, 19.974589384023368]}, "datetime": {"datetime": "2025-08-21 14:44:34", "elapsed": 21590.44638133049, "delta": 16.715972185134888}, "costs": {"total_cost": 173.32063137992978, "time_cost": 70.96000000000001, "final_distance_cost": 1.8486004727348713, "oscillation_cost": 28.079694280184636, "completition_cost": 0.0, "overshoot_cost": 50.52334996644861, "power_cost": 11.775492932128907, "noise_cost": 10.133493728432752, "n_waypoints_completed": 9, "tot_waypoints": 9}}
{"target": -187.54477966095504, "params": {"k_pid_pos": [1.1296480923102188, 0.0, 0.1295136335881007], "k_pid_alt": [0.9304730767735276, 0.0, 0.010063392069193454], "k_pid_att": [18.647783521087195, 0.11050680399770763, 0.5388923150109934], "k_pid_yaw": [0.5, 1e-06, 0.1], "k_pid_hsp": [0.18646745574897147, 0.0025584958946301105, 0.0], "k_pid_vsp": [353.2049203948091, 24.353425923289123, 14.54067929355571]}, "datetime": {"datetime": "2025-08-21 14:44:50", "elapsed": 21607.149332761765, "delta": 16.702951431274414}, "costs": {"total_cost": 187.54477966095504, "time_cost": 71.60000000000001, "final_distance_cost": 1.8279223303401153, "oscillation_cost": 28.190221792816526, "completition_cost": 0.0, "overshoot_cost": 51.32242273014906, "power_cost": 19.945167602539062, "noise_cost": 14.659045205110266, "n_waypoints_completed": 9, "tot_waypoints": 9}}
{"target": -188.3358750431098, "params": {"k_pid_pos": [0.8767040147046757, 0.0, 0.1589218235401658], "k_pid_alt": [0.9146711710415959, 0.0, 0.01889240695068447], "k_pid_att": [14.18906141506275, 0.0001, 0.6636971761585255], "k_pid_yaw": [0.5, 1e-06, 0.1], "k_pid_hsp": [0.1389240656174855, 0.0028046405784589046, 0.0], "k_pid_vsp": [381.4476046682588, 19.321371705923312, 13.519809284388263]}, "datetime": {"datetime": "2025-08-21 14:45:07", "elapsed": 21624.101161956787, "delta": 16.951829195022583}, "costs": {"total_cost": 188.3358750431098, "time_cost": 72.432, "final_distance_cost": 1.812319746715117, "oscillation_cost": 25.223774733251467, "completition_cost": 0.0, "overshoot_cost": 51.65314526192177, "power_cost": 21.340847595214846, "noise_cost": 15.873787706006606, "n_waypoints_completed": 9, "tot_waypoints": 9}}
{"target": -177.84661580922958, "params": {"k_pid_pos": [1.1302988760573403, 0.00011724604530014492, 0.15637575806678589], "k_pid_alt": [0.9531683381876133, 0.0, 0.009865621317407716], "k_pid_att": [6.580009814117695, 0.8063545060825581, 0.650640875792737], "k_pid_yaw": [0.5, 1e-06, 0.1], "k_pid_hsp": [0.19341920832610476, 0.0005487571232153125, 0.0], "k_pid_vsp": [397.4360930322071, 16.94767285254601, 10.106394168656248]}, "datetime": {"datetime": "2025-08-21 14:45:25", "elapsed": 21641.51952624321, "delta": 17.41836428642273}, "costs": {"total_cost": 177.84661580922958, "time_cost": 72.184, "final_distance_cost": 1.8277233885883695, "oscillation_cost": 28.748356086504923, "completition_cost": 0.0, "overshoot_cost": 51.79968470474451, "power_cost": 12.45710634765625, "noise_cost": 10.829745281735525, "n_waypoints_completed": 9, "tot_waypoints": 9}}
{"target": -174.94634288564228, "params": {"k_pid_pos": [1.123483894006724, 0.0, 0.15382222243941346], "k_pid_alt": [0.9931582541501437, 0.0, 0.00968456521136023], "k_pid_att": [14.028227459446509, 0.0001, 0.6398930307667265], "k_pid_yaw": [0.5, 1e-06, 0.1], "k_pid_hsp": [0.22547524905839653, 0.004698230636765061, 0.0], "k_pid_vsp": [386.9847169275996, 21.235865989598434, 10.676738273035461]}, "datetime": {"datetime": "2025-08-21 14:45:41", "elapsed": 21657.46149635315, "delta": 15.941970109939575}, "costs": {"total_cost": 174.94634288564228, "time_cost": 70.872, "final_distance_cost": 1.8318141857339576, "oscillation_cost": 28.885978070390028, "completition_cost": 0.0, "overshoot_cost": 51.35211216234438, "power_cost": 11.784482690429687, "noise_cost": 10.21995577674423, "n_waypoints_completed": 9, "tot_waypoints": 9}}
{"target": -1178.7950450237875, "params": {"k_pid_pos": [1.117619882957784, 0.0, 0.0941678418569403], "k_pid_alt": [1.2440215782534871, 0.0, 0.010085464079687174], "k_pid_att": [15.254806352408558, 0.007395962497381524, 0.6324431732381554], "k_pid_yaw": [0.5, 1e-06, 0.1], "k_pid_hsp": [0.0001, 0.0, 0.0], "k_pid_vsp": [386.2669323685133, 22.590564971816775, 14.847011919552894]}, "datetime": {"datetime": "2025-08-21 14:46:04", "elapsed": 21680.798454761505, "delta": 23.336958408355713}, "costs": {"total_cost": 1178.7950450237875, "time_cost": 150, "final_distance_cost": 46.2421243933776, "oscillation_cost": 0.14909689537896909, "completition_cost": 888.8888888888888, "overshoot_cost": 81.53986348437185, "power_cost": 5.178802368164063, "noise_cost": 6.796268993606222, "n_waypoints_completed": 1, "tot_waypoints": 9}}
{"target": -176.80794603659336, "params": {"k_pid_pos": [1.1762377922917837, 0.0, 0.05870791743714043], "k_pid_alt": [0.9070528123406363, 0.0, 0.014089410209793245], "k_pid_att": [15.144324237775995, 0.0001, 0.6213122351543511], "k_pid_yaw": [0.5, 1e-06, 0.1], "k_pid_hsp": [0.09363048645036541, 0.002800696786017116, 0.0], "k_pid_vsp": [386.0638684904568, 16.09784852567198, 16.490595951731063]}, "datetime": {"datetime": "2025-08-21 14:46:21", "elapsed": 21697.902544736862, "delta": 17.104089975357056}, "costs": {"total_cost": 176.80794603659336, "time_cost": 72.904, "final_distance_cost": 1.7601982733962596, "oscillation_cost": 27.660376915552966, "completition_cost": 0.0, "overshoot_cost": 52.21345909841342, "power_cost": 11.9556751953125, "noise_cost": 10.314236553918256, "n_waypoints_completed": 9, "tot_waypoints": 9}}
{"target": -173.27415685621182, "params": {"k_pid_pos": [0.9316991648047759, 0.0, 0.12454797698665696], "k_pid_alt": [1.2459412974224038, 0.0, 0.01120436535421106], "k_pid_att": [7.531679336345551, 0.0001, 0.5867704733835537], "k_pid_yaw": [0.5, 1e-06, 0.1], "k_pid_hsp": [0.23777457891146148, 0.0005753199936532, 0.0], "k_pid_vsp": [393.6236390363773, 22.52714230419778, 15.31612807028699]}, "datetime": {"datetime": "2025-08-21 14:46:38", "elapsed": 21714.710046052933, "delta": 16.807501316070557}, "costs": {"total_cost": 173.27415685621182, "time_cost": 71.56, "final_distance_cost": 1.8457886912144745, "oscillation_cost": 27.204442470651404, "completition_cost": 0.0, "overshoot_cost": 51.80416117035532, "power_cost": 10.610131176757813, "noise_cost": 10.249633347232784, "n_waypoints_completed": 9, "tot_waypoints": 9}}
{"target": -172.60045985099336, "params": {"k_pid_pos": [0.8811363119987189, 0.0, 0.13831921274834327], "k_pid_alt": [0.7917062930193519, 0.0, 0.009903288546768139], "k_pid_att": [16.350661704954174, 0.0001, 0.556739622725384], "k_pid_yaw": [0.5, 1e-06, 0.1], "k_pid_hsp": [0.1077711708425042, 0.0035508059068826343, 0.0], "k_pid_vsp": [388.2672579287558, 29.813413489318833, 14.591353663994813]}, "datetime": {"datetime": "2025-08-21 14:46:55", "elapsed": 21731.95739507675, "delta": 17.24734902381897}, "costs": {"total_cost": 172.60045985099336, "time_cost": 73.21600000000001, "final_distance_cost": 1.809101490379024, "oscillation_cost": 24.67495909967151, "completition_cost": 0.0, "overshoot_cost": 51.54435902764813, "power_cost": 11.345424841308594, "noise_cost": 10.010615391986104, "n_waypoints_completed": 9, "tot_waypoints": 9}}
{"target": -183.9794951210596, "params": {"k_pid_pos": [0.9486400322693775, 0.0, 0.1417675101685384], "k_pid_alt": [0.6930369152925184, 0.0, 0.006189691190136648], "k_pid_att": [7.847878195339584, 0.0001, 0.5551108005099052], "k_pid_yaw": [0.5, 1e-06, 0.1], "k_pid_hsp": [0.4692856029815613, 0.0050909640984630865, 0.0], "k_pid_vsp": [254.01397183756666, 20.983464219200734, 1.1500503797577197]}, "datetime": {"datetime": "2025-08-21 14:47:12", "elapsed": 21749.346090078354, "delta": 17.388695001602173}, "costs": {"total_cost": 183.9794951210596, "time_cost": 74.68, "final_distance_cost": 1.8492196462698367, "oscillation_cost": 29.66313588646297, "completition_cost": 0.0, "overshoot_cost": 50.99800675292391, "power_cost": 14.13928671875, "noise_cost": 12.64984611665292, "n_waypoints_completed": 9, "tot_waypoints": 9}}
{"target": -186.268835972717, "params": {"k_pid_pos": [1.1526311936370726, 0.0, 0.12099831421665373], "k_pid_alt": [0.8667645241305871, 0.0, 0.00968515758641777], "k_pid_att": [11.541004530537801, 0.0001, 0.6489610264790575], "k_pid_yaw": [0.5, 1e-06, 0.1], "k_pid_hsp": [0.24817962570893118, 0.003038567249582416, 0.0], "k_pid_vsp": [386.8911083242258, 16.924719361207295, 12.221292729535902]}, "datetime": {"datetime": "2025-08-21 14:47:29", "elapsed": 21765.720371961594, "delta": 16.374281883239746}, "costs": {"total_cost": 186.268835972717, "time_cost": 72.152, "final_distance_cost": 1.8273816126142493, "oscillation_cost": 29.49589736619549, "completition_cost": 0.0, "overshoot_cost": 51.52174685675653, "power_cost": 17.72106951904297, "noise_cost": 13.550740618107781, "n_waypoints_completed": 9, "tot_waypoints": 9}}
{"target": -178.41293437749408, "params": {"k_pid_pos": [1.1445809710178247, 0.0, 0.11744576496148286], "k_pid_alt": [1.0334612475438307, 0.0, 0.007072193659412831], "k_pid_att": [17.640490251411848, 0.0001, 0.5913957786509247], "k_pid_yaw": [0.5, 1e-06, 0.1], "k_pid_hsp": [0.0952406269955717, 0.0019188585159007465, 0.0], "k_pid_vsp": [395.67534266747265, 18.271576181328655, 14.840859957108785]}, "datetime": {"datetime": "2025-08-21 14:47:46", "elapsed": 21782.97551202774, "delta": 17.25514006614685}, "costs": {"total_cost": 178.41293437749408, "time_cost": 72.528, "final_distance_cost": 1.7876257177636543, "oscillation_cost": 26.560405796823613, "completition_cost": 0.0, "overshoot_cost": 52.72446352527806, "power_cost": 13.573444104003906, "noise_cost": 11.238995233624852, "n_waypoints_completed": 9, "tot_waypoints": 9}}
{"target": -182.16533171282393, "params": {"k_pid_pos": [1.1325121386163461, 0.0, 0.0618749186742467], "k_pid_alt": [0.9689531445528327, 0.0, 0.009669689971264136], "k_pid_att": [26.558524113453025, 0.0001, 0.18696637067780808], "k_pid_yaw": [0.5, 1e-06, 0.1], "k_pid_hsp": [0.1428815089977141, 0.004498763708229379, 0.0], "k_pid_vsp": [396.11551839611275, 28.01362631447206, 11.773170598380556]}, "datetime": {"datetime": "2025-08-21 14:48:04", "elapsed": 21801.138874530792, "delta": 18.163362503051758}, "costs": {"total_cost": 182.16533171282393, "time_cost": 73.56, "final_distance_cost": 1.8028349756643347, "oscillation_cost": 29.912797924205048, "completition_cost": 0.0, "overshoot_cost": 51.36738681428255, "power_cost": 13.779645129394533, "noise_cost": 11.742666869277445, "n_waypoints_completed": 9, "tot_waypoints": 9}}
{"target": -179.51556269169924, "params": {"k_pid_pos": [1.1295592317551366, 0.0, 0.13266948345690363], "k_pid_alt": [1.1132963945582586, 0.0, 0.009361311980711152], "k_pid_att": [17.561018865024693, 0.0001, 0.6168015017017989], "k_pid_yaw": [0.5, 1e-06, 0.1], "k_pid_hsp": [0.14398228892059586, 0.0037148678363703204, 0.0], "k_pid_vsp": [397.12015697234443, 16.794701988629804, 18.004483773821185]}, "datetime": {"datetime": "2025-08-21 14:48:20", "elapsed": 21817.284042835236, "delta": 16.14516830444336}, "costs": {"total_cost": 179.51556269169924, "time_cost": 71.52, "final_distance_cost": 1.8050349421072258, "oscillation_cost": 27.77848971707347, "completition_cost": 0.0, "overshoot_cost": 51.681684373384726, "power_cost": 14.636782202148439, "noise_cost": 12.09357145698538, "n_waypoints_completed": 9, "tot_waypoints": 9}}
{"target": -176.74211008955425, "params": {"k_pid_pos": [0.987104825641823, 0.0, 0.11240449961367527], "k_pid_alt": [1.5677251484528447, 0.0, 0.009772080762845595], "k_pid_att": [28.149146455607735, 0.0001, 0.5658568456749942], "k_pid_yaw": [0.5, 1e-06, 0.1], "k_pid_hsp": [0.24454298696070353, 0.018047187418451627, 0.0], "k_pid_vsp": [400.0, 9.719072898183498, 19.63829594643645]}, "datetime": {"datetime": "2025-08-21 14:48:37", "elapsed": 21833.64807486534, "delta": 16.36403203010559}, "costs": {"total_cost": 176.74211008955425, "time_cost": 71.336, "final_distance_cost": 1.8385379241035915, "oscillation_cost": 28.45600478167369, "completition_cost": 0.0, "overshoot_cost": 51.6944656313313, "power_cost": 12.723952172851563, "noise_cost": 10.693149579594085, "n_waypoints_completed": 9, "tot_waypoints": 9}}
{"target": -186.08847520496727, "params": {"k_pid_pos": [1.1586347172387186, 0.0, 0.1310786069796754], "k_pid_alt": [0.8917985489241883, 0.0, 0.009000730388908897], "k_pid_att": [26.314378092799316, 0.0001, 0.6557279922667173], "k_pid_yaw": [0.5, 1e-06, 0.1], "k_pid_hsp": [0.693154429757423, 0.003342963290491344, 0.0], "k_pid_vsp": [399.9933453917461, 20.93720001060717, 16.49479344294975]}, "datetime": {"datetime": "2025-08-21 14:48:54", "elapsed": 21850.472360610962, "delta": 16.824285745620728}, "costs": {"total_cost": 186.08847520496727, "time_cost": 71.21600000000001, "final_distance_cost": 1.8349767077230799, "oscillation_cost": 34.64149836549028, "completition_cost": 0.0, "overshoot_cost": 50.157905505573964, "power_cost": 16.015071008300783, "noise_cost": 12.223023617879146, "n_waypoints_completed": 9, "tot_waypoints": 9}}
{"target": -178.83704385805763, "params": {"k_pid_pos": [1.1174485844408741, 0.0, 0.12987218637173525], "k_pid_alt": [0.9480745361081696, 0.0, 0.009720722162875521], "k_pid_att": [10.929755643322393, 0.0001, 0.6436805123815029], "k_pid_yaw": [0.5, 1e-06, 0.1], "k_pid_hsp": [0.11871684801572535, 0.0034572720671898136, 0.0], "k_pid_vsp": [384.3545749699503, 11.356281686509863, 10.551102193621674]}, "datetime": {"datetime": "2025-08-21 14:49:10", "elapsed": 21866.59371638298, "delta": 16.121355772018433}, "costs": {"total_cost": 178.83704385805763, "time_cost": 71.912, "final_distance_cost": 1.8011464819529936, "oscillation_cost": 27.576138075220992, "completition_cost": 0.0, "overshoot_cost": 51.778418061058375, "power_cost": 14.321953259277345, "noise_cost": 11.447387980547923, "n_waypoints_completed": 9, "tot_waypoints": 9}}
{"target": -183.50925223811788, "params": {"k_pid_pos": [1.1043958627218813, 0.0, 0.14241787707821837], "k_pid_alt": [1.1174569763014717, 0.0, 0.005211323932513633], "k_pid_att": [14.077812744097594, 0.0001, 0.6337524425993089], "k_pid_yaw": [0.5, 1e-06, 0.1], "k_pid_hsp": [0.12064315727922559, 0.01018307429158058, 0.0], "k_pid_vsp": [386.5748796896432, 20.932963879811567, 19.16479767498071]}, "datetime": {"datetime": "2025-08-21 14:49:27", "elapsed": 21883.572331428528, "delta": 16.978615045547485}, "costs": {"total_cost": 183.50925223811788, "time_cost": 70.736, "final_distance_cost": 1.798047909749735, "oscillation_cost": 28.033153916315964, "completition_cost": 0.0, "overshoot_cost": 51.12903910986243, "power_cost": 18.208205029296877, "noise_cost": 13.604806272892844, "n_waypoints_completed": 9, "tot_waypoints": 9}}
