{"target": -232.008570069195, "params": {"k_pid_pos": [1.0312530827382922, 0.0, 0.0], "k_pid_alt": [0.264463467732614, 0.0029738318163192003, 0.0], "k_pid_att": [50.700580688568486, 0.0001, 0.6207285585698752], "k_pid_yaw": [0.5, 1e-06, 0.1], "k_pid_hsp": [0.6213106611371753, 0.049921218172346446, 0.0], "k_pid_vsp": [340.2716258636006, 48.332959025828856, 54.535489070085916]}, "datetime": {"datetime": "2025-08-21 10:18:03", "elapsed": 5600.211581468582, "delta": 29.00972557067871}, "costs": {"total_cost": 232.008570069195, "time_cost": 96.384, "final_distance_cost": 1.8613926732074582, "oscillation_cost": 42.86808470592593, "completition_cost": 0.0, "overshoot_cost": 53.26907413657691, "power_cost": 21.407978076171876, "noise_cost": 16.218040477312815, "n_waypoints_completed": 9, "tot_waypoints": 9}}
{"target": -183.01721367406205, "params": {"k_pid_pos": [1.4137770869602209, 0.0, 0.0], "k_pid_alt": [1.3400323943366044, 0.0, 0.0], "k_pid_att": [64.23218276656783, 0.1998451091487577, 0.34878766199136957], "k_pid_yaw": [0.5, 1e-06, 0.1], "k_pid_hsp": [0.2404677218460562, 0.05507871166916512, 0.0], "k_pid_vsp": [379.82390083630855, 1e-06, 1e-06]}, "datetime": {"datetime": "2025-08-21 10:18:21", "elapsed": 5617.882957696915, "delta": 17.67137622833252}, "costs": {"total_cost": 183.01721367406205, "time_cost": 70.24, "final_distance_cost": 1.7976627086505155, "oscillation_cost": 36.21795377640978, "completition_cost": 0.0, "overshoot_cost": 51.01004518118968, "power_cost": 12.475745141601562, "noise_cost": 11.275806866210534, "n_waypoints_completed": 9, "tot_waypoints": 9}}
{"target": -183.26465408609772, "params": {"k_pid_pos": [1.3852355976305484, 0.0, 0.0], "k_pid_alt": [0.7125724787797544, 0.0, 0.0], "k_pid_att": [30.5873328872273, 0.5823699874178317, 0.41144301369486613], "k_pid_yaw": [0.5, 1e-06, 0.1], "k_pid_hsp": [0.21670631003353769, 0.0, 0.0], "k_pid_vsp": [320.02960391086, 17.575899541287505, 2.893307482673655]}, "datetime": {"datetime": "2025-08-21 10:18:40", "elapsed": 5637.417608499527, "delta": 19.534650802612305}, "costs": {"total_cost": 183.26465408609772, "time_cost": 72.816, "final_distance_cost": 1.8107688464446172, "oscillation_cost": 31.377793972450956, "completition_cost": 0.0, "overshoot_cost": 51.58063992238297, "power_cost": 13.601187304687501, "noise_cost": 12.078264040131657, "n_waypoints_completed": 9, "tot_waypoints": 9}}
{"target": -213.60609917187983, "params": {"k_pid_pos": [1.4161323074557837, 0.0, 0.0], "k_pid_alt": [0.41764916802163843, 0.024021022641315202, 0.11031278536550708], "k_pid_att": [29.213982877192468, 0.0001, 0.16853678984676024], "k_pid_yaw": [0.5, 1e-06, 0.1], "k_pid_hsp": [0.11863263531086399, 0.0, 0.0], "k_pid_vsp": [339.9230717451589, 24.25973678946939, 39.324133026991106]}, "datetime": {"datetime": "2025-08-21 10:19:05", "elapsed": 5661.739739179611, "delta": 24.32213068008423}, "costs": {"total_cost": 213.60609917187983, "time_cost": 82.432, "final_distance_cost": 1.8108863447534673, "oscillation_cost": 33.407574446758275, "completition_cost": 0.0, "overshoot_cost": 53.616843894694256, "power_cost": 24.73675673828125, "noise_cost": 17.60203774739259, "n_waypoints_completed": 9, "tot_waypoints": 9}}
{"target": -1337.160201024061, "params": {"k_pid_pos": [1.2718320017736695, 0.0, 0.0], "k_pid_alt": [0.0, 0.0, 0.0], "k_pid_att": [34.38189049199557, 0.0001, 0.46480571368173823], "k_pid_yaw": [0.5, 1e-06, 0.1], "k_pid_hsp": [0.894626381262303, 0.024522423591079492, 0.0], "k_pid_vsp": [334.626212239603, 45.55851441434917, 44.661846131136905]}, "datetime": {"datetime": "2025-08-21 10:19:30", "elapsed": 5687.144819021225, "delta": 25.40507984161377}, "costs": {"total_cost": 1337.160201024061, "time_cost": 150, "final_distance_cost": 7.332450422989995, "oscillation_cost": 13.809445497282312, "completition_cost": 1000.0, "overshoot_cost": 129.52599170907527, "power_cost": 9.45827957763672, "noise_cost": 27.03403381707684, "n_waypoints_completed": 0, "tot_waypoints": 9}}
{"target": -180.94754058467566, "params": {"k_pid_pos": [1.649913993094156, 0.0, 0.0], "k_pid_alt": [0.7335721711017551, 0.0, 0.0], "k_pid_att": [44.525597953373094, 0.1375301675447197, 0.5242014597299998], "k_pid_yaw": [0.5, 1e-06, 0.1], "k_pid_hsp": [1.0283637590578287, 0.05208704874930689, 0.0], "k_pid_vsp": [84.73104266064037, 38.40098180705197, 4.2393400618131745]}, "datetime": {"datetime": "2025-08-21 10:19:52", "elapsed": 5708.994199037552, "delta": 21.849380016326904}, "costs": {"total_cost": 180.94754058467566, "time_cost": 70.712, "final_distance_cost": 1.7689062932154271, "oscillation_cost": 36.22032083728636, "completition_cost": 0.0, "overshoot_cost": 49.84913773030396, "power_cost": 11.560056164550781, "noise_cost": 10.83711955931913, "n_waypoints_completed": 9, "tot_waypoints": 9}}
{"target": -375.81032515049367, "params": {"k_pid_pos": [1.376239088098794, 0.0, 0.0], "k_pid_alt": [0.5033920666198661, 0.05332109912372892, 0.0], "k_pid_att": [34.03479291310717, 0.0001, 0.22767841715353643], "k_pid_yaw": [0.5, 1e-06, 0.1], "k_pid_hsp": [7.31292821232384, 0.7887282781249855, 0.3672964546847787], "k_pid_vsp": [361.64187998116495, 73.59563304759985, 1e-06]}, "datetime": {"datetime": "2025-08-21 10:20:20", "elapsed": 5736.5890736579895, "delta": 27.594874620437622}, "costs": {"total_cost": 375.81032515049367, "time_cost": 87.04, "final_distance_cost": 1.7834569694520226, "oscillation_cost": 210.41540755597643, "completition_cost": 0.0, "overshoot_cost": 51.54711652655033, "power_cost": 12.817939587402345, "noise_cost": 12.206404511112568, "n_waypoints_completed": 9, "tot_waypoints": 9}}
{"target": -1186.327121656, "params": {"k_pid_pos": [1.1669211541348075, 0.0, 0.0], "k_pid_alt": [0.4542101279651505, 0.0, 0.0], "k_pid_att": [38.61454230250596, 0.06320392749891102, 0.3236308023660982], "k_pid_yaw": [0.5, 1e-06, 0.1], "k_pid_hsp": [0.0001, 0.0, 0.0], "k_pid_vsp": [261.36689854745845, 45.76762128456704, 16.868939442488017]}, "datetime": {"datetime": "2025-08-21 10:20:45", "elapsed": 5762.006664991379, "delta": 25.417591333389282}, "costs": {"total_cost": 1186.327121656, "time_cost": 150, "final_distance_cost": 46.23246454149236, "oscillation_cost": 0.25634017051573355, "completition_cost": 888.8888888888888, "overshoot_cost": 81.51298293081635, "power_cost": 10.233385583496094, "noise_cost": 9.20305954079054, "n_waypoints_completed": 1, "tot_waypoints": 9}}
{"target": -181.3728469464709, "params": {"k_pid_pos": [1.2910551505049837, 0.0, 0.0], "k_pid_alt": [0.7863975456838403, 0.0035086940306285736, 0.0], "k_pid_att": [39.63782149070085, 0.21199051192576923, 0.24042919274898392], "k_pid_yaw": [0.5, 1e-06, 0.1], "k_pid_hsp": [0.3026627703134487, 0.037382738061757494, 0.0], "k_pid_vsp": [351.5534393439699, 1e-06, 1e-06]}, "datetime": {"datetime": "2025-08-21 10:21:07", "elapsed": 5783.741423606873, "delta": 21.734758615493774}, "costs": {"total_cost": 181.3728469464709, "time_cost": 71.824, "final_distance_cost": 1.8172617940210747, "oscillation_cost": 32.176386084825324, "completition_cost": 0.0, "overshoot_cost": 51.27881044284604, "power_cost": 12.731226794433594, "noise_cost": 11.545161830344894, "n_waypoints_completed": 9, "tot_waypoints": 9}}
{"target": -1159.6049910383983, "params": {"k_pid_pos": [1.6257241387971268, 0.0, 0.4810598489004743], "k_pid_alt": [0.8483644980829602, 0.0007399320429741446, 0.0], "k_pid_att": [31.34278707559733, 0.0001, 0.3059739190573422], "k_pid_yaw": [0.5, 1e-06, 0.1], "k_pid_hsp": [0.0001, 0.051555261805611693, 0.0], "k_pid_vsp": [380.65387177627093, 31.189734676423264, 30.900325857278837]}, "datetime": {"datetime": "2025-08-21 10:21:35", "elapsed": 5811.608494758606, "delta": 27.8670711517334}, "costs": {"total_cost": 1159.6049910383983, "time_cost": 150, "final_distance_cost": 96.64756889056781, "oscillation_cost": 34.120893454469915, "completition_cost": 777.7777777777778, "overshoot_cost": 80.94861928999218, "power_cost": 10.401246716308595, "noise_cost": 9.708884909281956, "n_waypoints_completed": 2, "tot_waypoints": 9}}
{"target": -973.8332752286984, "params": {"k_pid_pos": [0.11429506307000903, 0.5615503854484357, 0.0], "k_pid_alt": [0.8041270565250369, 0.0, 0.0], "k_pid_att": [40.72859852319591, 0.0001, 0.4795661922249356], "k_pid_yaw": [0.5, 1e-06, 0.1], "k_pid_hsp": [0.6783588503762696, 0.03131379293628174, 0.0], "k_pid_vsp": [266.9966447664152, 131.8980057662985, 2.3408704344977975]}, "datetime": {"datetime": "2025-08-21 10:21:59", "elapsed": 5836.2605676651, "delta": 24.65207290649414}, "costs": {"total_cost": 973.8332752286984, "time_cost": 150, "final_distance_cost": 53.997732074688315, "oscillation_cost": 33.406542232282035, "completition_cost": 666.6666666666667, "overshoot_cost": 38.89898526219051, "power_cost": 16.492584716796877, "noise_cost": 14.370764276073912, "n_waypoints_completed": 3, "tot_waypoints": 9}}
{"target": -183.5168029951242, "params": {"k_pid_pos": [1.4255901219213225, 0.0, 0.02598281520377277], "k_pid_alt": [0.70804323835885, 0.0, 0.02190678826167191], "k_pid_att": [39.53165167213541, 0.004707125808948609, 0.16091771801628846], "k_pid_yaw": [0.5, 1e-06, 0.1], "k_pid_hsp": [0.5994222450178395, 0.025816066261118927, 0.0], "k_pid_vsp": [400.0, 155.7214649598596, 1e-06]}, "datetime": {"datetime": "2025-08-21 10:22:22", "elapsed": 5859.3775243759155, "delta": 23.11695671081543}, "costs": {"total_cost": 183.5168029951242, "time_cost": 71.712, "final_distance_cost": 1.8062393914087063, "oscillation_cost": 33.18886581997606, "completition_cost": 0.0, "overshoot_cost": 50.79918486109921, "power_cost": 14.040424389648438, "noise_cost": 11.970088532991783, "n_waypoints_completed": 9, "tot_waypoints": 9}}
{"target": -207.31192431975182, "params": {"k_pid_pos": [1.2568301501304542, 0.0, 0.0], "k_pid_alt": [0.6647656385095408, 0.0, 0.0], "k_pid_att": [43.86863348441662, 0.0001, 0.08047385760481972], "k_pid_yaw": [0.5, 1e-06, 0.1], "k_pid_hsp": [0.06048849769516561, 0.0, 0.0], "k_pid_vsp": [329.4426681731849, 32.04226508096801, 20.396067629022966]}, "datetime": {"datetime": "2025-08-21 10:22:46", "elapsed": 5882.929785251617, "delta": 23.552260875701904}, "costs": {"total_cost": 207.31192431975182, "time_cost": 80.04, "final_distance_cost": 1.740540144752265, "oscillation_cost": 27.80696991528392, "completition_cost": 0.0, "overshoot_cost": 53.44928113777925, "power_cost": 25.959471716308595, "noise_cost": 18.315661405627793, "n_waypoints_completed": 9, "tot_waypoints": 9}}
{"target": -181.97887529619692, "params": {"k_pid_pos": [1.2142421154639487, 0.0, 0.2086104627154207], "k_pid_alt": [0.7478679118429173, 0.0, 0.0], "k_pid_att": [25.86413320707289, 0.9094800869677213, 0.6097485747676699], "k_pid_yaw": [0.5, 1e-06, 0.1], "k_pid_hsp": [0.43752689985863386, 0.06136645763689632, 0.0], "k_pid_vsp": [357.64596891975316, 17.079614503708108, 17.71070190594417]}, "datetime": {"datetime": "2025-08-21 10:23:04", "elapsed": 5901.380326271057, "delta": 18.450541019439697}, "costs": {"total_cost": 181.97887529619692, "time_cost": 71.784, "final_distance_cost": 1.8428881148350806, "oscillation_cost": 32.419143975032206, "completition_cost": 0.0, "overshoot_cost": 50.04723120976758, "power_cost": 14.629339501953126, "noise_cost": 11.256272494608934, "n_waypoints_completed": 9, "tot_waypoints": 9}}
{"target": -1203.3847694653577, "params": {"k_pid_pos": [1.0122304219564198, 0.0, 0.0], "k_pid_alt": [0.5650591143877742, 0.0, 0.0], "k_pid_att": [38.999949864978525, 0.0001, 0.0], "k_pid_yaw": [0.5, 1e-06, 0.1], "k_pid_hsp": [0.0001, 0.0, 0.0], "k_pid_vsp": [365.99904687034814, 1e-06, 1e-06]}, "datetime": {"datetime": "2025-08-21 10:23:32", "elapsed": 5929.019425153732, "delta": 27.63909888267517}, "costs": {"total_cost": 1203.3847694653577, "time_cost": 150, "final_distance_cost": 45.97623790829112, "oscillation_cost": 9.301743783430641, "completition_cost": 888.8888888888888, "overshoot_cost": 77.49153469711979, "power_cost": 17.002944006347658, "noise_cost": 14.723420181279893, "n_waypoints_completed": 1, "tot_waypoints": 9}}
{"target": -290.41832976576455, "params": {"k_pid_pos": [1.5576931932043703, 0.0, 0.0], "k_pid_alt": [0.839350373564878, 0.01624647849559647, 0.07682036025189898], "k_pid_att": [25.94254243609075, 0.0001, 0.17219050718325002], "k_pid_yaw": [0.5, 1e-06, 0.1], "k_pid_hsp": [0.0001, 0.19981633665573745, 0.021837768215705378], "k_pid_vsp": [373.4244102603187, 47.295834539698234, 58.39552603265068]}, "datetime": {"datetime": "2025-08-21 10:23:58", "elapsed": 5955.349489927292, "delta": 26.33006477355957}, "costs": {"total_cost": 290.41832976576455, "time_cost": 93.0, "final_distance_cost": 1.8118596099982778, "oscillation_cost": 76.72795592371774, "completition_cost": 0.0, "overshoot_cost": 72.50726557752552, "power_cost": 26.69750905761719, "noise_cost": 19.673739596905836, "n_waypoints_completed": 9, "tot_waypoints": 9}}
{"target": -1222.2900600913279, "params": {"k_pid_pos": [1.295839200436069, 0.0, 0.01551188477381904], "k_pid_alt": [0.778169739370125, 0.0, 0.0], "k_pid_att": [27.83205717274552, 0.0767755601369342, 0.26885064797418157], "k_pid_yaw": [0.5, 1e-06, 0.1], "k_pid_hsp": [0.0001, 0.0, 0.0], "k_pid_vsp": [353.7528909302967, 1e-06, 12.60050381860812]}, "datetime": {"datetime": "2025-08-21 10:24:25", "elapsed": 5981.634295940399, "delta": 26.2848060131073}, "costs": {"total_cost": 1222.2900600913279, "time_cost": 150, "final_distance_cost": 46.52398812581028, "oscillation_cost": 0.5490112441129738, "completition_cost": 888.8888888888888, "overshoot_cost": 82.8968464444573, "power_cost": 31.432071325683594, "noise_cost": 21.999254062375115, "n_waypoints_completed": 1, "tot_waypoints": 9}}
{"target": -1252.3614725500072, "params": {"k_pid_pos": [0.8403713843508471, 0.0, 0.0], "k_pid_alt": [0.7755006948309735, 0.03858915793072956, 0.0], "k_pid_att": [18.566731316079142, 0.0001, 0.3098575578327607], "k_pid_yaw": [0.5, 1e-06, 0.1], "k_pid_hsp": [0.0001, 0.031101341317995856, 0.0], "k_pid_vsp": [400.0, 28.97714796917743, 33.60942163775586]}, "datetime": {"datetime": "2025-08-21 10:24:56", "elapsed": 6012.919509887695, "delta": 31.285213947296143}, "costs": {"total_cost": 1252.3614725500072, "time_cost": 150, "final_distance_cost": 65.70773027938748, "oscillation_cost": 13.903360713967336, "completition_cost": 888.8888888888888, "overshoot_cost": 72.95409669050669, "power_cost": 37.04834063720703, "noise_cost": 23.859055340049647, "n_waypoints_completed": 1, "tot_waypoints": 9}}
{"target": -194.57292501948936, "params": {"k_pid_pos": [1.303763279986555, 0.0, 0.0], "k_pid_alt": [0.7349039644517548, 0.0, 0.0], "k_pid_att": [29.408263754120146, 0.05205674286900763, 0.43129845963630115], "k_pid_yaw": [0.5, 1e-06, 0.1], "k_pid_hsp": [0.26273514216154736, 0.06878292972733749, 0.0], "k_pid_vsp": [345.3217147502159, 1e-06, 5.184930120578467]}, "datetime": {"datetime": "2025-08-21 10:25:18", "elapsed": 6034.910280704498, "delta": 21.99077081680298}, "costs": {"total_cost": 194.57292501948936, "time_cost": 74.72800000000001, "final_distance_cost": 1.8195652940395344, "oscillation_cost": 35.73015880938704, "completition_cost": 0.0, "overshoot_cost": 51.169889130974944, "power_cost": 17.29933153076172, "noise_cost": 13.825980254326112, "n_waypoints_completed": 9, "tot_waypoints": 9}}
{"target": -1401.6532964621001, "params": {"k_pid_pos": [0.8340350674370817, 0.0, 0.32374995435045717], "k_pid_alt": [0.962015629074247, 0.01906900309780868, 0.0], "k_pid_att": [53.236886874496584, 3.595923308562496, 0.32941858680530395], "k_pid_yaw": [0.5, 1e-06, 0.1], "k_pid_hsp": [0.0001, 0.36200533690357384, 0.6502310958436306], "k_pid_vsp": [289.6323518868711, 332.19687028181556, 92.64902927699544]}, "datetime": {"datetime": "2025-08-21 10:25:43", "elapsed": 6059.571491956711, "delta": 24.661211252212524}, "costs": {"total_cost": 1401.6532964621001, "time_cost": 150, "final_distance_cost": 62.69423531607566, "oscillation_cost": 417.2516512258252, "completition_cost": 666.6666666666667, "overshoot_cost": 64.74610652543068, "power_cost": 23.433303430175783, "noise_cost": 16.861333297926304, "n_waypoints_completed": 3, "tot_waypoints": 9}}
{"target": -177.02684542195348, "params": {"k_pid_pos": [0.8650729761035157, 0.0, 0.06412085137005105], "k_pid_alt": [0.8230643305931804, 0.0, 0.0], "k_pid_att": [31.125996956432225, 0.0001, 0.30107038884634174], "k_pid_yaw": [0.5, 1e-06, 0.1], "k_pid_hsp": [0.6097967923496076, 0.16105885008482748, 0.0], "k_pid_vsp": [352.1055241105889, 40.77992802058463, 24.255005597586297]}, "datetime": {"datetime": "2025-08-21 10:26:03", "elapsed": 6080.403099060059, "delta": 20.83160710334778}, "costs": {"total_cost": 177.02684542195348, "time_cost": 72.136, "final_distance_cost": 1.8545605161199585, "oscillation_cost": 32.28778579896083, "completition_cost": 0.0, "overshoot_cost": 50.0589475607782, "power_cost": 10.55125174560547, "noise_cost": 10.138299800489017, "n_waypoints_completed": 9, "tot_waypoints": 9}}
{"target": -202.61339791376395, "params": {"k_pid_pos": [1.2493200760777265, 0.0, 0.0], "k_pid_alt": [0.670611840137103, 0.0, 0.0], "k_pid_att": [36.13264076703088, 0.04476067721549978, 0.5526489225768741], "k_pid_yaw": [0.5, 1e-06, 0.1], "k_pid_hsp": [0.9942670477338565, 0.0, 0.0], "k_pid_vsp": [157.5858979915588, 1e-06, 22.564858427886843]}, "datetime": {"datetime": "2025-08-21 10:26:26", "elapsed": 6103.240486383438, "delta": 22.837387323379517}, "costs": {"total_cost": 202.61339791376395, "time_cost": 77.184, "final_distance_cost": 1.8081288832945377, "oscillation_cost": 35.49596022841138, "completition_cost": 0.0, "overshoot_cost": 52.394383922760866, "power_cost": 20.219853479003906, "noise_cost": 15.511071400293257, "n_waypoints_completed": 9, "tot_waypoints": 9}}
{"target": -4455.982645425856, "params": {"k_pid_pos": [1.8433649302463102, 0.0, 0.0], "k_pid_alt": [1.4950545084190239, 0.08408173647195342, 0.258674310667893], "k_pid_att": [0.0, 2.2227598274934603, 0.18531990894907585], "k_pid_yaw": [0.5, 1e-06, 0.1], "k_pid_hsp": [0.0001, 0.21046679694886808, 0.7162132581928878], "k_pid_vsp": [328.8334814909766, 197.01337033750335, 12.361196265704857]}, "datetime": {"datetime": "2025-08-21 10:26:51", "elapsed": 6127.808184146881, "delta": 24.567697763442993}, "costs": {"total_cost": 4455.982645425856, "time_cost": 150, "final_distance_cost": 404.3719971719398, "oscillation_cost": 1513.7549888791173, "completition_cost": 1000.0, "overshoot_cost": 1256.2741895546565, "power_cost": 35.99090092773438, "noise_cost": 95.59056889240834, "n_waypoints_completed": 0, "tot_waypoints": 9}}
{"target": -170.25897922077036, "params": {"k_pid_pos": [1.1862310536676346, 0.0, 0.0], "k_pid_alt": [0.7865363165488424, 0.0, 0.0], "k_pid_att": [40.42780281233153, 0.0001, 0.1401866996977461], "k_pid_yaw": [0.5, 1e-06, 0.1], "k_pid_hsp": [0.3907230773713165, 0.04440489009466004, 0.0], "k_pid_vsp": [366.136963348696, 36.47531766240779, 27.231855688653244]}, "datetime": {"datetime": "2025-08-21 10:27:12", "elapsed": 6149.336881160736, "delta": 21.52869701385498}, "costs": {"total_cost": 170.25897922077036, "time_cost": 70.21600000000001, "final_distance_cost": 1.816812006883877, "oscillation_cost": 33.05644413492191, "completition_cost": 0.0, "overshoot_cost": 49.985787505154825, "power_cost": 7.592496533203126, "noise_cost": 7.591439040606594, "n_waypoints_completed": 9, "tot_waypoints": 9}}
{"target": -812.8058798018508, "params": {"k_pid_pos": [0.21495253979653417, 0.0, 0.0], "k_pid_alt": [0.5730517140504917, 0.0, 0.12215287177972899], "k_pid_att": [37.413774253474145, 0.08099541880798634, 0.06013572827999586], "k_pid_yaw": [0.5, 1e-06, 0.1], "k_pid_hsp": [0.4134010014410943, 0.25291925003149907, 0.08618792653493251], "k_pid_vsp": [284.89773282540114, 31.45521490672962, 8.29898856049623]}, "datetime": {"datetime": "2025-08-21 10:27:38", "elapsed": 6174.493813753128, "delta": 25.156932592391968}, "costs": {"total_cost": 812.8058798018508, "time_cost": 150, "final_distance_cost": 61.96758930852555, "oscillation_cost": 188.11191141791014, "completition_cost": 333.33333333333337, "overshoot_cost": 45.74539793174057, "power_cost": 18.373393249511718, "noise_cost": 15.274254560829355, "n_waypoints_completed": 6, "tot_waypoints": 9}}
{"target": -1226.1301247342055, "params": {"k_pid_pos": [0.8340890943239273, 0.0, 0.0], "k_pid_alt": [0.7218925188504616, 0.16713153179733756, 0.003355329502216259], "k_pid_att": [90.31186140273365, 8.503846252302559, 0.6501500863163829], "k_pid_yaw": [0.5, 1e-06, 0.1], "k_pid_hsp": [0.0001, 0.026773117286752607, 0.0], "k_pid_vsp": [274.8831360172058, 58.003428740212456, 1e-06]}, "datetime": {"datetime": "2025-08-21 10:28:07", "elapsed": 6203.47922539711, "delta": 28.985411643981934}, "costs": {"total_cost": 1226.1301247342055, "time_cost": 150, "final_distance_cost": 61.41863037044876, "oscillation_cost": 11.689027153256253, "completition_cost": 888.8888888888888, "overshoot_cost": 74.85958605658767, "power_cost": 22.141945312500003, "noise_cost": 17.132046952524036, "n_waypoints_completed": 1, "tot_waypoints": 9}}
{"target": -190.2900634226579, "params": {"k_pid_pos": [0.9235254333296814, 0.0, 0.7952251697395969], "k_pid_alt": [1.0709244404351468, 0.0007306762652496719, 0.028773136851866082], "k_pid_att": [59.66992415086262, 0.0001, 0.16332772913226123], "k_pid_yaw": [0.5, 1e-06, 0.1], "k_pid_hsp": [0.5244924461089848, 0.01717450197636467, 0.0], "k_pid_vsp": [261.08947099042757, 36.53734740610038, 1e-06]}, "datetime": {"datetime": "2025-08-21 10:28:28", "elapsed": 6224.870525598526, "delta": 21.391300201416016}, "costs": {"total_cost": 190.2900634226579, "time_cost": 81.816, "final_distance_cost": 1.8566996576920203, "oscillation_cost": 30.81911996652625, "completition_cost": 0.0, "overshoot_cost": 51.82660784722354, "power_cost": 11.461030383300782, "noise_cost": 12.510605567915327, "n_waypoints_completed": 9, "tot_waypoints": 9}}
