{"target": -174.3941915726356, "params": {"k_pid_pos": [1.1229272716799967, 0.0, 0.14071156696795145], "k_pid_alt": [1.1427937741033296, 0.0, 0.007925791063279498], "k_pid_att": [16.76088742142097, 0.0001, 0.7324001387602437], "k_pid_yaw": [0.5, 1e-06, 0.1], "k_pid_hsp": [0.1569866972203921, 0.0033089865235176033, 0.0], "k_pid_vsp": [400.0, 36.84622349068581, 18.025312181123777]}, "datetime": {"datetime": "2025-08-21 19:52:42", "elapsed": 40078.54546236992, "delta": 16.066802740097046}, "costs": {"total_cost": 174.3941915726356, "time_cost": 70.128, "final_distance_cost": 1.8157584749654136, "oscillation_cost": 28.451166502940442, "completition_cost": 0.0, "overshoot_cost": 50.73666291769096, "power_cost": 13.125875537109376, "noise_cost": 10.1367281399294, "n_waypoints_completed": 9, "tot_waypoints": 9}}
{"target": -175.46095153474076, "params": {"k_pid_pos": [1.246956372125716, 0.0, 0.1418950483244632], "k_pid_alt": [1.1668163292544893, 0.0, 0.015550875534455447], "k_pid_att": [11.583238460772037, 0.0001, 0.6318027276724582], "k_pid_yaw": [0.5, 1e-06, 0.1], "k_pid_hsp": [0.15816187873766768, 0.003234631047945475, 0.0], "k_pid_vsp": [400.0, 44.02245675406143, 17.079894038410565]}, "datetime": {"datetime": "2025-08-21 19:52:59", "elapsed": 40096.11636686325, "delta": 17.57090449333191}, "costs": {"total_cost": 175.46095153474076, "time_cost": 71.856, "final_distance_cost": 1.7823338980852839, "oscillation_cost": 28.344648398293426, "completition_cost": 0.0, "overshoot_cost": 52.33612704424831, "power_cost": 11.047283776855469, "noise_cost": 10.094558417258265, "n_waypoints_completed": 9, "tot_waypoints": 9}}
{"target": -164.0309992976665, "params": {"k_pid_pos": [1.123387850820065, 0.0, 0.12951444507432947], "k_pid_alt": [1.113575858234219, 0.0, 0.011677370488021584], "k_pid_att": [14.773265991386051, 0.0001, 0.638920914219892], "k_pid_yaw": [0.5, 1e-06, 0.1], "k_pid_hsp": [0.13832149326128546, 0.0036493268476590736, 0.0], "k_pid_vsp": [400.0, 50.5121326620013, 16.397772986544098]}, "datetime": {"datetime": "2025-08-21 19:53:16", "elapsed": 40113.42239570618, "delta": 17.306028842926025}, "costs": {"total_cost": 164.0309992976665, "time_cost": 70.52, "final_distance_cost": 1.808740362583412, "oscillation_cost": 27.707160930418063, "completition_cost": 0.0, "overshoot_cost": 51.236619852399116, "power_cost": 5.888001818847656, "noise_cost": 6.870476333418249, "n_waypoints_completed": 9, "tot_waypoints": 9}}
{"target": -175.65514055940022, "params": {"k_pid_pos": [1.133206343382814, 0.0, 0.13958380525762612], "k_pid_alt": [1.1043770067079743, 0.0, 0.007171492222603857], "k_pid_att": [10.73485352116289, 0.0001, 0.640711820006834], "k_pid_yaw": [0.5, 1e-06, 0.1], "k_pid_hsp": [0.12053514320235624, 0.0010073038263846705, 0.0], "k_pid_vsp": [400.0, 59.436148221538176, 17.51790434385971]}, "datetime": {"datetime": "2025-08-21 19:53:33", "elapsed": 40129.99465560913, "delta": 16.5722599029541}, "costs": {"total_cost": 175.65514055940022, "time_cost": 70.736, "final_distance_cost": 1.8141372534987437, "oscillation_cost": 27.292413963124414, "completition_cost": 0.0, "overshoot_cost": 51.32879565523745, "power_cost": 13.325568420410157, "noise_cost": 11.158225267129469, "n_waypoints_completed": 9, "tot_waypoints": 9}}
{"target": -170.8404655991794, "params": {"k_pid_pos": [1.112323953408121, 0.0, 0.10500349834680481], "k_pid_alt": [1.1984279497764383, 0.0, 0.01735628601844071], "k_pid_att": [15.477300537827098, 0.0001, 0.6358642688588565], "k_pid_yaw": [0.5, 1e-06, 0.1], "k_pid_hsp": [0.12300571764145854, 0.0032842635994325712, 0.0], "k_pid_vsp": [400.0, 45.556379815862016, 15.245312043669612]}, "datetime": {"datetime": "2025-08-21 19:53:51", "elapsed": 40148.35476565361, "delta": 18.36011004447937}, "costs": {"total_cost": 170.8404655991794, "time_cost": 70.616, "final_distance_cost": 1.7958260795140406, "oscillation_cost": 27.593262432588553, "completition_cost": 0.0, "overshoot_cost": 51.36195070952356, "power_cost": 10.250991369628906, "noise_cost": 9.222435007924332, "n_waypoints_completed": 9, "tot_waypoints": 9}}
{"target": -174.37032469099566, "params": {"k_pid_pos": [1.152156011981717, 0.0, 0.1405272883777462], "k_pid_alt": [1.3424046086268935, 0.0, 0.01621728441340505], "k_pid_att": [13.087998966275245, 0.0001, 0.6297980732683888], "k_pid_yaw": [0.5, 1e-06, 0.1], "k_pid_hsp": [0.14345798115918645, 0.0008508593347497893, 0.0], "k_pid_vsp": [400.0, 31.791987304728828, 17.067546282682258]}, "datetime": {"datetime": "2025-08-21 19:54:07", "elapsed": 40164.26989150047, "delta": 15.915125846862793}, "costs": {"total_cost": 174.37032469099566, "time_cost": 70.952, "final_distance_cost": 1.821155128006951, "oscillation_cost": 27.431282988529517, "completition_cost": 0.0, "overshoot_cost": 51.56566056569236, "power_cost": 12.114825720214844, "noise_cost": 10.485400288552011, "n_waypoints_completed": 9, "tot_waypoints": 9}}
{"target": -181.19372091860944, "params": {"k_pid_pos": [1.1490558174830952, 0.0, 0.13303016773502216], "k_pid_alt": [1.25897856580645, 0.0, 0.014338508229739214], "k_pid_att": [19.86456716624002, 0.0001, 0.16126068865427481], "k_pid_yaw": [0.5, 1e-06, 0.1], "k_pid_hsp": [0.13385062039025614, 0.019354649068558195, 0.0], "k_pid_vsp": [399.9461091518003, 51.01222504333018, 17.36390297666931]}, "datetime": {"datetime": "2025-08-21 19:54:25", "elapsed": 40181.781406879425, "delta": 17.511515378952026}, "costs": {"total_cost": 181.19372091860944, "time_cost": 72.48, "final_distance_cost": 1.8014820238964893, "oscillation_cost": 30.42014686246968, "completition_cost": 0.0, "overshoot_cost": 52.23096953181437, "power_cost": 12.754696020507813, "noise_cost": 11.506426479921082, "n_waypoints_completed": 9, "tot_waypoints": 9}}
{"target": -171.51375163160802, "params": {"k_pid_pos": [1.0894556195622183, 0.0, 0.13848937030630323], "k_pid_alt": [1.3922546249691812, 0.0, 0.012679031822708846], "k_pid_att": [19.75647022700727, 0.0001, 0.6630734324747161], "k_pid_yaw": [0.5, 1e-06, 0.1], "k_pid_hsp": [0.182469353899176, 0.003997204663983305, 0.0], "k_pid_vsp": [398.8243170854561, 8.418504027470757, 30.917249233648832]}, "datetime": {"datetime": "2025-08-21 19:54:41", "elapsed": 40198.07513022423, "delta": 16.293723344802856}, "costs": {"total_cost": 171.51375163160802, "time_cost": 70.416, "final_distance_cost": 1.8185145111412968, "oscillation_cost": 28.54369134615779, "completition_cost": 0.0, "overshoot_cost": 50.73411048052417, "power_cost": 10.772207873535157, "noise_cost": 9.229227420249611, "n_waypoints_completed": 9, "tot_waypoints": 9}}
{"target": -185.45716407666848, "params": {"k_pid_pos": [1.121687177798663, 0.0, 0.13937071275282145], "k_pid_alt": [1.1677844269046505, 0.0, 0.01473603864228812], "k_pid_att": [15.261129794841652, 0.0001, 0.6420483242521565], "k_pid_yaw": [0.5, 1e-06, 0.1], "k_pid_hsp": [0.12741452613088816, 0.003388990123828953, 0.0], "k_pid_vsp": [394.880525856228, 44.049386863360105, 13.082402739820768]}, "datetime": {"datetime": "2025-08-21 19:54:58", "elapsed": 40214.59587430954, "delta": 16.52074408531189}, "costs": {"total_cost": 185.45716407666848, "time_cost": 71.248, "final_distance_cost": 1.7964834120812478, "oscillation_cost": 27.322317445031267, "completition_cost": 0.0, "overshoot_cost": 51.751269233209605, "power_cost": 18.998460852050783, "noise_cost": 14.34063313429559, "n_waypoints_completed": 9, "tot_waypoints": 9}}
{"target": -174.28945995946123, "params": {"k_pid_pos": [1.1183876650845934, 0.0, 0.1887838450984029], "k_pid_alt": [1.1469333077319872, 0.0, 0.013306706259591196], "k_pid_att": [15.996687297483446, 0.0001, 0.6340440596297833], "k_pid_yaw": [0.5, 1e-06, 0.1], "k_pid_hsp": [0.13053415672866406, 0.004250603367641992, 0.0], "k_pid_vsp": [397.84747024893346, 38.39838622168436, 17.93475191701471]}, "datetime": {"datetime": "2025-08-21 19:55:15", "elapsed": 40231.67085027695, "delta": 17.074975967407227}, "costs": {"total_cost": 174.28945995946123, "time_cost": 71.584, "final_distance_cost": 1.7945547208081403, "oscillation_cost": 27.209079875216233, "completition_cost": 0.0, "overshoot_cost": 51.47543519439171, "power_cost": 12.264212158203126, "noise_cost": 9.962178010842011, "n_waypoints_completed": 9, "tot_waypoints": 9}}
{"target": -173.0782427347496, "params": {"k_pid_pos": [1.2419517060080318, 0.0, 0.13793221371844894], "k_pid_alt": [1.5142849515564178, 0.0, 0.013187655075089802], "k_pid_att": [17.456878280430118, 0.0001, 0.6414021611211608], "k_pid_yaw": [0.5, 1e-06, 0.1], "k_pid_hsp": [0.2913126080150533, 0.0016255299894936922, 0.0], "k_pid_vsp": [400.0, 63.074340098766925, 17.657763147298404]}, "datetime": {"datetime": "2025-08-21 19:55:30", "elapsed": 40247.06252908707, "delta": 15.391678810119629}, "costs": {"total_cost": 173.0782427347496, "time_cost": 69.528, "final_distance_cost": 1.8236824394027484, "oscillation_cost": 30.517262360416154, "completition_cost": 0.0, "overshoot_cost": 50.091294204220134, "power_cost": 11.19345203857422, "noise_cost": 9.924551692136362, "n_waypoints_completed": 9, "tot_waypoints": 9}}
{"target": -186.9518368323271, "params": {"k_pid_pos": [1.1362098184505312, 0.0, 0.11865348244877227], "k_pid_alt": [1.1144793272929943, 0.0, 0.015883617940596038], "k_pid_att": [31.082380699279714, 0.0001, 0.6284425291909043], "k_pid_yaw": [0.5, 1e-06, 0.1], "k_pid_hsp": [0.14894859358489893, 0.002684055477192345, 0.0], "k_pid_vsp": [400.0, 30.60297234859727, 17.02669953893454]}, "datetime": {"datetime": "2025-08-21 19:55:48", "elapsed": 40264.66064786911, "delta": 17.598118782043457}, "costs": {"total_cost": 186.9518368323271, "time_cost": 71.256, "final_distance_cost": 1.7961096953724685, "oscillation_cost": 28.296278491875302, "completition_cost": 0.0, "overshoot_cost": 51.51437293980315, "power_cost": 19.533981872558595, "noise_cost": 14.555093832717578, "n_waypoints_completed": 9, "tot_waypoints": 9}}
{"target": -177.7305873870403, "params": {"k_pid_pos": [1.2451639294083516, 0.0, 0.14935807721623362], "k_pid_alt": [1.2100382816456219, 0.0, 0.02908239292758355], "k_pid_att": [20.163401085509555, 0.0001, 0.6347814005942632], "k_pid_yaw": [0.5, 1e-06, 0.1], "k_pid_hsp": [0.09143950422199973, 0.0035752101676335187, 0.0], "k_pid_vsp": [399.4173657025572, 42.17014733321558, 15.231271573791808]}, "datetime": {"datetime": "2025-08-21 19:56:04", "elapsed": 40280.93555736542, "delta": 16.274909496307373}, "costs": {"total_cost": 177.7305873870403, "time_cost": 71.792, "final_distance_cost": 1.8036371619060203, "oscillation_cost": 27.273850621204353, "completition_cost": 0.0, "overshoot_cost": 52.636734366391266, "power_cost": 13.284303564453126, "noise_cost": 10.940061673085534, "n_waypoints_completed": 9, "tot_waypoints": 9}}
{"target": -165.74044660789303, "params": {"k_pid_pos": [1.1207570321442109, 0.0, 0.10814633062772448], "k_pid_alt": [1.1981536432127884, 0.0, 0.014821269254947483], "k_pid_att": [18.197955437211153, 0.0001, 0.6377713484979983], "k_pid_yaw": [0.5, 1e-06, 0.1], "k_pid_hsp": [0.1590342915167794, 0.003138001715186983, 0.0], "k_pid_vsp": [400.0, 43.146996826653314, 16.467844923832185]}, "datetime": {"datetime": "2025-08-21 19:56:21", "elapsed": 40298.38226437569, "delta": 17.446707010269165}, "costs": {"total_cost": 165.74044660789303, "time_cost": 69.96000000000001, "final_distance_cost": 1.8206218871819175, "oscillation_cost": 28.377477449692613, "completition_cost": 0.0, "overshoot_cost": 50.649261705105665, "power_cost": 7.555669567871094, "noise_cost": 7.377415998041769, "n_waypoints_completed": 9, "tot_waypoints": 9}}
{"target": -173.32071396340493, "params": {"k_pid_pos": [1.1409909840457617, 0.0, 0.14553505746049522], "k_pid_alt": [1.182604729634664, 0.0, 0.004796051628284985], "k_pid_att": [15.236671752110034, 0.0001, 0.17787726484872868], "k_pid_yaw": [0.5, 1e-06, 0.1], "k_pid_hsp": [0.1117475009030654, 0.0012706606186233243, 0.0], "k_pid_vsp": [400.0, 41.03356581992959, 17.275988457555776]}, "datetime": {"datetime": "2025-08-21 19:56:38", "elapsed": 40314.947603940964, "delta": 16.5653395652771}, "costs": {"total_cost": 173.32071396340493, "time_cost": 70.68, "final_distance_cost": 1.8076513129042378, "oscillation_cost": 27.49919556790196, "completition_cost": 0.0, "overshoot_cost": 51.3102170199038, "power_cost": 11.789105932617188, "noise_cost": 10.234544130077726, "n_waypoints_completed": 9, "tot_waypoints": 9}}
{"target": -184.70668694354717, "params": {"k_pid_pos": [1.109683745448404, 0.0, 0.13600517546357366], "k_pid_alt": [1.1805497190805576, 0.0, 0.015638588069678713], "k_pid_att": [14.338370992543517, 0.0001, 0.6368775321453652], "k_pid_yaw": [0.5, 1e-06, 0.1], "k_pid_hsp": [0.0645265280402164, 0.0032560538993670445, 0.0], "k_pid_vsp": [400.0, 50.79471004779265, 18.457674822592438]}, "datetime": {"datetime": "2025-08-21 19:56:56", "elapsed": 40333.28541612625, "delta": 18.337812185287476}, "costs": {"total_cost": 184.70668694354717, "time_cost": 76.384, "final_distance_cost": 1.7598412921931317, "oscillation_cost": 25.344903868109384, "completition_cost": 0.0, "overshoot_cost": 53.80866018530027, "power_cost": 15.153899072265625, "noise_cost": 12.255382525678744, "n_waypoints_completed": 9, "tot_waypoints": 9}}
{"target": -175.77446553162997, "params": {"k_pid_pos": [1.1243580388024272, 0.0, 0.13093500865769173], "k_pid_alt": [1.1805826984977532, 0.0, 0.01630451809707035], "k_pid_att": [15.50211187729933, 0.0001, 0.6310102825487592], "k_pid_yaw": [0.5, 1e-06, 0.1], "k_pid_hsp": [0.12543086550465432, 0.003656943034936322, 0.0], "k_pid_vsp": [400.0, 42.09626903353851, 18.0076668962557]}, "datetime": {"datetime": "2025-08-21 19:57:14", "elapsed": 40350.962983608246, "delta": 17.67756748199463}, "costs": {"total_cost": 175.77446553162997, "time_cost": 70.84, "final_distance_cost": 1.8188432686738987, "oscillation_cost": 27.532154418573782, "completition_cost": 0.0, "overshoot_cost": 51.6026639484301, "power_cost": 13.356544592285157, "noise_cost": 10.62425930366704, "n_waypoints_completed": 9, "tot_waypoints": 9}}
{"target": -169.37913605686987, "params": {"k_pid_pos": [1.1154322158796495, 0.0, 0.1393664518425905], "k_pid_alt": [1.06624936397664, 0.0, 0.015270231667347069], "k_pid_att": [15.713908891477129, 0.0001, 0.658011176261091], "k_pid_yaw": [0.5, 1e-06, 0.1], "k_pid_hsp": [0.08574260168512986, 0.004160110031994153, 0.0], "k_pid_vsp": [400.0, 39.16353620915173, 16.75162357500822]}, "datetime": {"datetime": "2025-08-21 19:57:30", "elapsed": 40366.96942400932, "delta": 16.00644040107727}, "costs": {"total_cost": 169.37913605686987, "time_cost": 71.688, "final_distance_cost": 1.8027365227722847, "oscillation_cost": 26.33144917771952, "completition_cost": 0.0, "overshoot_cost": 52.37497215465994, "power_cost": 9.036472998046875, "noise_cost": 8.14550520367122, "n_waypoints_completed": 9, "tot_waypoints": 9}}
{"target": -182.388291278516, "params": {"k_pid_pos": [1.1237893206736185, 0.0, 0.13871514552000183], "k_pid_alt": [1.1958428309404616, 0.0, 0.015939881207417617], "k_pid_att": [15.313248393433962, 0.0001, 0.63678888876701], "k_pid_yaw": [0.5, 1e-06, 0.1], "k_pid_hsp": [0.12783658851198632, 0.0027984657574327016, 0.0], "k_pid_vsp": [400.0, 43.94795561489553, 17.60959385840231]}, "datetime": {"datetime": "2025-08-21 19:57:48", "elapsed": 40385.099633932114, "delta": 18.130209922790527}, "costs": {"total_cost": 182.388291278516, "time_cost": 71.96000000000001, "final_distance_cost": 1.8106452456466537, "oscillation_cost": 28.79817136653384, "completition_cost": 0.0, "overshoot_cost": 51.36895601961387, "power_cost": 14.634836975097658, "noise_cost": 13.815681671623953, "n_waypoints_completed": 9, "tot_waypoints": 9}}
{"target": -192.60174545767728, "params": {"k_pid_pos": [1.140295632759755, 0.0, 0.0], "k_pid_alt": [1.3952121170486185, 0.0, 0.003319515677240186], "k_pid_att": [35.57463177144842, 0.0001, 0.02553073298267919], "k_pid_yaw": [0.5, 1e-06, 0.1], "k_pid_hsp": [0.5848327332195331, 0.02688535383621534, 0.0], "k_pid_vsp": [400.0, 46.022896545084905, 29.237980486228494]}, "datetime": {"datetime": "2025-08-21 19:58:04", "elapsed": 40401.39184427261, "delta": 16.292210340499878}, "costs": {"total_cost": 192.60174545767728, "time_cost": 69.264, "final_distance_cost": 1.8397396488732505, "oscillation_cost": 36.48798231293615, "completition_cost": 0.0, "overshoot_cost": 50.104641236495866, "power_cost": 20.077157995605468, "noise_cost": 14.828224263766565, "n_waypoints_completed": 9, "tot_waypoints": 9}}
{"target": -171.5079415411256, "params": {"k_pid_pos": [1.1448789576158467, 0.0, 0.13957074857083912], "k_pid_alt": [1.151814283010189, 0.0, 0.01776813903912644], "k_pid_att": [36.5891259988067, 0.0001, 0.5532019884752356], "k_pid_yaw": [0.5, 1e-06, 0.1], "k_pid_hsp": [0.3834244381447913, 0.003216353657586194, 0.0], "k_pid_vsp": [400.0, 39.348365710448526, 17.30967646374777]}, "datetime": {"datetime": "2025-08-21 19:58:22", "elapsed": 40419.236008644104, "delta": 17.84416437149048}, "costs": {"total_cost": 171.5079415411256, "time_cost": 70.616, "final_distance_cost": 1.8293460870049352, "oscillation_cost": 31.65901201209775, "completition_cost": 0.0, "overshoot_cost": 50.91336043419045, "power_cost": 8.195320080566407, "noise_cost": 8.294902927266076, "n_waypoints_completed": 9, "tot_waypoints": 9}}
{"target": -191.81740709103823, "params": {"k_pid_pos": [1.1238942330728605, 0.0, 0.09460011120849203], "k_pid_alt": [0.7123350906916229, 0.0, 0.016138146039838815], "k_pid_att": [15.507649218303195, 0.0001, 0.6546776115132711], "k_pid_yaw": [0.5, 1e-06, 0.1], "k_pid_hsp": [0.6229782775758853, 0.0029800364699911585, 0.0], "k_pid_vsp": [399.2128449738123, 15.230521710267148, 14.774412873198]}, "datetime": {"datetime": "2025-08-21 19:58:39", "elapsed": 40435.86406874657, "delta": 16.62806010246277}, "costs": {"total_cost": 191.81740709103823, "time_cost": 72.568, "final_distance_cost": 1.8481734853691099, "oscillation_cost": 31.453225803719683, "completition_cost": 0.0, "overshoot_cost": 50.5611049206472, "power_cost": 20.113260546875, "noise_cost": 15.273642334427217, "n_waypoints_completed": 9, "tot_waypoints": 9}}
{"target": -176.43466867919588, "params": {"k_pid_pos": [1.057170734191494, 0.0, 0.13409638412836578], "k_pid_alt": [1.260922985595553, 0.0, 0.011230140711658051], "k_pid_att": [19.613434097691304, 0.0001, 0.8799152658258622], "k_pid_yaw": [0.5, 1e-06, 0.1], "k_pid_hsp": [0.27372957004274057, 0.004589973220432545, 0.0], "k_pid_vsp": [400.0, 43.252211366403785, 18.453082433964838]}, "datetime": {"datetime": "2025-08-21 19:58:57", "elapsed": 40454.43217921257, "delta": 18.568110466003418}, "costs": {"total_cost": 176.43466867919588, "time_cost": 71.0, "final_distance_cost": 1.8390759759426836, "oscillation_cost": 29.891274006580204, "completition_cost": 0.0, "overshoot_cost": 50.85867635606041, "power_cost": 12.561947839355469, "noise_cost": 10.283694501257118, "n_waypoints_completed": 9, "tot_waypoints": 9}}
{"target": -170.4268235071797, "params": {"k_pid_pos": [1.1220659571210452, 0.011848878196438324, 0.1386410695160608], "k_pid_alt": [1.1920007193604623, 0.0, 0.020194981336864343], "k_pid_att": [16.88940029051632, 0.011586298430404112, 0.6427251515232351], "k_pid_yaw": [0.5, 1e-06, 0.1], "k_pid_hsp": [0.2510554286392924, 0.003383615290042626, 0.0], "k_pid_vsp": [399.25898660407006, 43.457836422838696, 17.445762615037573]}, "datetime": {"datetime": "2025-08-21 19:59:14", "elapsed": 40470.587826013565, "delta": 16.155646800994873}, "costs": {"total_cost": 170.4268235071797, "time_cost": 71.136, "final_distance_cost": 1.8341187748302974, "oscillation_cost": 28.41302460139128, "completition_cost": 0.0, "overshoot_cost": 51.105727042242826, "power_cost": 9.049044702148437, "noise_cost": 8.88890838656684, "n_waypoints_completed": 9, "tot_waypoints": 9}}
{"target": -176.01916034851274, "params": {"k_pid_pos": [1.2001253120520703, 0.0, 0.20703046899079156], "k_pid_alt": [1.176524337507229, 0.0, 0.0193206061529797], "k_pid_att": [16.280142440461205, 0.0001, 0.6354421685311727], "k_pid_yaw": [0.5, 1e-06, 0.1], "k_pid_hsp": [0.12753937735765988, 0.003285707292646279, 0.0], "k_pid_vsp": [400.0, 46.96906514615068, 15.735635651502994]}, "datetime": {"datetime": "2025-08-21 19:59:32", "elapsed": 40488.7888507843, "delta": 18.201024770736694}, "costs": {"total_cost": 176.01916034851274, "time_cost": 70.608, "final_distance_cost": 1.783660310056632, "oscillation_cost": 27.640043691363445, "completition_cost": 0.0, "overshoot_cost": 50.9561247804929, "power_cost": 13.787998669433595, "noise_cost": 11.243332897166168, "n_waypoints_completed": 9, "tot_waypoints": 9}}
{"target": -189.9540753582318, "params": {"k_pid_pos": [1.2983116450324947, 0.00010721989464923691, 0.15608677719411534], "k_pid_alt": [1.2887777174511832, 0.0, 0.012090035651345445], "k_pid_att": [15.83709483227892, 0.0001, 0.6170979403981529], "k_pid_yaw": [0.5, 1e-06, 0.1], "k_pid_hsp": [0.19748729268092724, 0.005440041506529577, 0.0], "k_pid_vsp": [398.4073422355501, 57.450871511428716, 17.725168229325966]}, "datetime": {"datetime": "2025-08-21 19:59:49", "elapsed": 40506.278775691986, "delta": 17.489924907684326}, "costs": {"total_cost": 189.9540753582318, "time_cost": 70.12, "final_distance_cost": 1.8165048866588371, "oscillation_cost": 29.27471956334784, "completition_cost": 0.0, "overshoot_cost": 50.99586325817609, "power_cost": 21.88899207763672, "noise_cost": 15.857995572412317, "n_waypoints_completed": 9, "tot_waypoints": 9}}
