{"target": -177.0149230008373, "params": {"k_pid_pos": [1.1152471731866265, 0.0, 0.16288864457242586], "k_pid_alt": [1.1406492129324521, 0.0, 0.012781045575992253], "k_pid_att": [15.631332308574667, 0.0001, 1.0], "k_pid_yaw": [0.5, 1e-06, 0.1], "k_pid_hsp": [0.16853983924725416, 0.004071459587101318, 0.0], "k_pid_vsp": [388.11226719023085, 31.03167108868517, 17.516731852010533]}, "datetime": {"datetime": "2025-08-21 15:57:15", "elapsed": 25952.06739139557, "delta": 15.7183256149292}, "costs": {"total_cost": 177.0149230008373, "time_cost": 71.584, "final_distance_cost": 1.8177301573291287, "oscillation_cost": 27.957030256287823, "completition_cost": 0.0, "overshoot_cost": 52.28992907684019, "power_cost": 12.61691298828125, "noise_cost": 10.749320522098927, "n_waypoints_completed": 9, "tot_waypoints": 9}}
{"target": -170.57039352719494, "params": {"k_pid_pos": [1.1320056367813585, 0.0, 0.12950402099208758], "k_pid_alt": [1.3645017567670292, 0.0, 0.017016324474170334], "k_pid_att": [16.81098465321829, 0.0001, 0.6326140114606447], "k_pid_yaw": [0.5, 1e-06, 0.1], "k_pid_hsp": [0.11770047759531993, 0.0029583615053792502, 0.0], "k_pid_vsp": [400.0, 38.19104854759506, 17.734849251874557]}, "datetime": {"datetime": "2025-08-21 15:57:33", "elapsed": 25969.54098391533, "delta": 17.473592519760132}, "costs": {"total_cost": 170.57039352719494, "time_cost": 70.112, "final_distance_cost": 1.779352993168282, "oscillation_cost": 27.54200423178037, "completition_cost": 0.0, "overshoot_cost": 50.72327813379167, "power_cost": 11.078547412109376, "noise_cost": 9.335210756345262, "n_waypoints_completed": 9, "tot_waypoints": 9}}
{"target": -196.6616785898431, "params": {"k_pid_pos": [1.0899724056005378, 0.0, 0.1128653169771716], "k_pid_alt": [0.9318333784923682, 0.0, 0.00850345114326374], "k_pid_att": [30.699984191926312, 0.0001, 0.6683675325070408], "k_pid_yaw": [0.5, 1e-06, 0.1], "k_pid_hsp": [0.043436964273895595, 0.00896800809103851, 0.0], "k_pid_vsp": [400.0, 34.07890668352689, 20.752888959049976]}, "datetime": {"datetime": "2025-08-21 15:57:52", "elapsed": 25989.407052993774, "delta": 19.866069078445435}, "costs": {"total_cost": 196.6616785898431, "time_cost": 85.048, "final_distance_cost": 1.7287053157989956, "oscillation_cost": 23.967494517854067, "completition_cost": 0.0, "overshoot_cost": 55.381366865948095, "power_cost": 17.22863787841797, "noise_cost": 13.307474011823967, "n_waypoints_completed": 9, "tot_waypoints": 9}}
{"target": -197.7967260262824, "params": {"k_pid_pos": [1.200534574115989, 0.0, 0.13859929940912633], "k_pid_alt": [0.9757887854831089, 0.0, 0.00645742896408866], "k_pid_att": [18.96587241911064, 0.0001, 0.5609762619106553], "k_pid_yaw": [0.5, 1e-06, 0.1], "k_pid_hsp": [0.07762089826612686, 0.000861536196524299, 0.0], "k_pid_vsp": [395.06375516267764, 49.497120285921135, 21.21301213168939]}, "datetime": {"datetime": "2025-08-21 15:58:09", "elapsed": 26005.777122735977, "delta": 16.37006974220276}, "costs": {"total_cost": 197.7967260262824, "time_cost": 72.904, "final_distance_cost": 1.752651372718663, "oscillation_cost": 26.338695040964694, "completition_cost": 0.0, "overshoot_cost": 52.60089406402064, "power_cost": 26.096752661132815, "noise_cost": 18.103732887445595, "n_waypoints_completed": 9, "tot_waypoints": 9}}
{"target": -176.54360757390464, "params": {"k_pid_pos": [1.1195324534609052, 0.0, 0.13216281856895257], "k_pid_alt": [0.9419506292709252, 0.0, 0.014077700113968956], "k_pid_att": [12.414758618521834, 0.0001, 0.6354716565730296], "k_pid_yaw": [0.5, 1e-06, 0.1], "k_pid_hsp": [0.12293210636275238, 0.003518671921125237, 0.0], "k_pid_vsp": [390.61428122921365, 1e-06, 18.380406460138783]}, "datetime": {"datetime": "2025-08-21 15:58:27", "elapsed": 26023.61206316948, "delta": 17.834940433502197}, "costs": {"total_cost": 176.54360757390464, "time_cost": 72.2, "final_distance_cost": 1.7880761433367156, "oscillation_cost": 27.206770852929896, "completition_cost": 0.0, "overshoot_cost": 51.652472732947224, "power_cost": 12.975499768066406, "noise_cost": 10.720788076624384, "n_waypoints_completed": 9, "tot_waypoints": 9}}
{"target": -174.33803271875055, "params": {"k_pid_pos": [1.1116553146936596, 0.0, 0.16071835919694374], "k_pid_alt": [1.1813866176109973, 0.0, 0.022309299199103877], "k_pid_att": [9.668025501680088, 0.0001, 0.6191589694820587], "k_pid_yaw": [0.5, 1e-06, 0.1], "k_pid_hsp": [0.13148952108356396, 0.005969094858812935, 0.0], "k_pid_vsp": [393.62317568193885, 46.226643488559176, 20.409927443427026]}, "datetime": {"datetime": "2025-08-21 15:58:42", "elapsed": 26039.3621301651, "delta": 15.750066995620728}, "costs": {"total_cost": 174.33803271875055, "time_cost": 70.528, "final_distance_cost": 1.7933336104963544, "oscillation_cost": 27.747259542276186, "completition_cost": 0.0, "overshoot_cost": 50.87882378688306, "power_cost": 13.030484313964845, "noise_cost": 10.360131465130072, "n_waypoints_completed": 9, "tot_waypoints": 9}}
{"target": -174.28377388359246, "params": {"k_pid_pos": [1.1661929947649132, 0.0, 0.2231140021526604], "k_pid_alt": [1.435522282618013, 0.0, 0.001695276889652337], "k_pid_att": [20.449157550897013, 0.0001, 0.6620433842419583], "k_pid_yaw": [0.5, 1e-06, 0.1], "k_pid_hsp": [0.34383540162302384, 5.765017606396833e-05, 0.0], "k_pid_vsp": [399.1998314190473, 1e-06, 31.12038891974466]}, "datetime": {"datetime": "2025-08-21 15:59:00", "elapsed": 26056.467725276947, "delta": 17.105595111846924}, "costs": {"total_cost": 174.28377388359246, "time_cost": 70.136, "final_distance_cost": 1.8431142437552877, "oscillation_cost": 29.317642026339865, "completition_cost": 0.0, "overshoot_cost": 50.87579799453397, "power_cost": 11.516596044921876, "noise_cost": 10.594623574041469, "n_waypoints_completed": 9, "tot_waypoints": 9}}
{"target": -188.54195400635604, "params": {"k_pid_pos": [1.117650749103928, 0.0, 0.12142561707179768], "k_pid_alt": [0.7496933873895985, 0.0, 0.01761971716752206], "k_pid_att": [26.216561747270518, 0.0001, 0.6429613497676598], "k_pid_yaw": [0.5, 1e-06, 0.1], "k_pid_hsp": [0.15391321797083662, 0.0, 0.0], "k_pid_vsp": [400.0, 45.499679845626105, 19.014767632647995]}, "datetime": {"datetime": "2025-08-21 15:59:17", "elapsed": 26074.02113842964, "delta": 17.553413152694702}, "costs": {"total_cost": 188.54195400635604, "time_cost": 71.984, "final_distance_cost": 1.8299710880761912, "oscillation_cost": 28.597802998995952, "completition_cost": 0.0, "overshoot_cost": 50.92580080171359, "power_cost": 20.258741955566407, "noise_cost": 14.945637162003898, "n_waypoints_completed": 9, "tot_waypoints": 9}}
{"target": -176.43946553186686, "params": {"k_pid_pos": [0.9017685389111338, 0.0, 0.09706543930701], "k_pid_alt": [1.1344707017332791, 0.0, 0.011385678790230952], "k_pid_att": [22.040663801152654, 0.0001, 0.6554832420025574], "k_pid_yaw": [0.5, 1e-06, 0.1], "k_pid_hsp": [0.4893271839774217, 0.0, 0.0], "k_pid_vsp": [399.12720175014744, 27.880691799861104, 9.640324337366525]}, "datetime": {"datetime": "2025-08-21 15:59:34", "elapsed": 26090.93682861328, "delta": 16.915690183639526}, "costs": {"total_cost": 176.43946553186686, "time_cost": 71.84, "final_distance_cost": 1.8474419240405222, "oscillation_cost": 29.522823395424428, "completition_cost": 0.0, "overshoot_cost": 50.46526042714124, "power_cost": 11.8100787109375, "noise_cost": 10.953861074323193, "n_waypoints_completed": 9, "tot_waypoints": 9}}
{"target": -177.02855620254348, "params": {"k_pid_pos": [1.224589885087274, 0.0, 0.1397521844784536], "k_pid_alt": [1.2604783990957205, 0.0, 0.016470702039523902], "k_pid_att": [17.116905223623093, 0.0001, 0.6367452382742086], "k_pid_yaw": [0.5, 1e-06, 0.1], "k_pid_hsp": [0.05907630807144593, 0.0031907329325867235, 0.0], "k_pid_vsp": [400.0, 43.849964269799734, 1e-06]}, "datetime": {"datetime": "2025-08-21 15:59:52", "elapsed": 26109.40854382515, "delta": 18.471715211868286}, "costs": {"total_cost": 177.02855620254348, "time_cost": 75.912, "final_distance_cost": 1.7327984529482108, "oscillation_cost": 25.30554111960073, "completition_cost": 0.0, "overshoot_cost": 53.385182890538225, "power_cost": 10.05530242919922, "noise_cost": 10.637731310257053, "n_waypoints_completed": 9, "tot_waypoints": 9}}
{"target": -180.20470697325422, "params": {"k_pid_pos": [1.2121396930464634, 0.0, 0.08861713355286302], "k_pid_alt": [1.1959637492753203, 0.0, 0.011945769643633244], "k_pid_att": [15.69707607889261, 0.0001, 0.5740906734984513], "k_pid_yaw": [0.5, 1e-06, 0.1], "k_pid_hsp": [0.43509222908017714, 0.0005233711172250299, 0.0], "k_pid_vsp": [400.0, 50.89193645491364, 16.87498592653983]}, "datetime": {"datetime": "2025-08-21 16:00:08", "elapsed": 26125.017373800278, "delta": 15.608829975128174}, "costs": {"total_cost": 180.20470697325422, "time_cost": 70.456, "final_distance_cost": 1.8296299200751178, "oscillation_cost": 30.30539285560556, "completition_cost": 0.0, "overshoot_cost": 51.224496676611615, "power_cost": 14.698795544433594, "noise_cost": 11.690391976528332, "n_waypoints_completed": 9, "tot_waypoints": 9}}
{"target": -185.7040912090958, "params": {"k_pid_pos": [1.126182738823466, 0.0, 0.13991973427205331], "k_pid_alt": [1.2144794760997866, 0.0, 0.015681434779699684], "k_pid_att": [13.095281885175128, 0.0001, 0.4617669886845723], "k_pid_yaw": [0.5, 1e-06, 0.1], "k_pid_hsp": [0.27163543687513325, 0.003835647563719393, 0.0], "k_pid_vsp": [400.0, 71.5077698405858, 16.46074387837524]}, "datetime": {"datetime": "2025-08-21 16:00:25", "elapsed": 26141.94842195511, "delta": 16.931048154830933}, "costs": {"total_cost": 185.7040912090958, "time_cost": 70.104, "final_distance_cost": 1.8340187255799256, "oscillation_cost": 29.793129772497103, "completition_cost": 0.0, "overshoot_cost": 50.9409996475208, "power_cost": 18.758547863769532, "noise_cost": 14.273395199728453, "n_waypoints_completed": 9, "tot_waypoints": 9}}
{"target": -170.60902453698, "params": {"k_pid_pos": [1.1260447583021722, 0.0, 0.1485708083373365], "k_pid_alt": [1.0630777086410321, 0.0, 0.011822861938765989], "k_pid_att": [18.205135175000652, 0.0001, 0.6239599564896179], "k_pid_yaw": [0.5, 1e-06, 0.1], "k_pid_hsp": [0.0956646681955525, 0.0, 0.0], "k_pid_vsp": [399.60323016465793, 11.859054956615068, 16.735701262256732]}, "datetime": {"datetime": "2025-08-21 16:00:42", "elapsed": 26158.85695385933, "delta": 16.90853190422058}, "costs": {"total_cost": 170.60902453698, "time_cost": 71.976, "final_distance_cost": 1.7894282319778148, "oscillation_cost": 26.393545453671305, "completition_cost": 0.0, "overshoot_cost": 52.18563957352427, "power_cost": 9.666621606445313, "noise_cost": 8.597789671361276, "n_waypoints_completed": 9, "tot_waypoints": 9}}
{"target": -1202.9996791524209, "params": {"k_pid_pos": [1.0949918363371276, 0.0, 0.12360261132820777], "k_pid_alt": [1.2687014538000732, 0.0, 0.017157586034554008], "k_pid_att": [14.877083731024438, 0.0001, 0.7134939244897364], "k_pid_yaw": [0.5, 1e-06, 0.1], "k_pid_hsp": [0.0001, 0.006300434091120028, 0.0], "k_pid_vsp": [400.0, 39.397878772854156, 18.821208325949332]}, "datetime": {"datetime": "2025-08-21 16:01:05", "elapsed": 26181.684123277664, "delta": 22.82716941833496}, "costs": {"total_cost": 1202.9996791524209, "time_cost": 150, "final_distance_cost": 56.1110289898412, "oscillation_cost": 1.2396421097278572, "completition_cost": 888.8888888888888, "overshoot_cost": 93.0450387327605, "power_cost": 6.596157409667969, "noise_cost": 7.118923021534639, "n_waypoints_completed": 1, "tot_waypoints": 9}}
{"target": -183.21698273257306, "params": {"k_pid_pos": [1.1212707645358924, 0.0, 0.1394037352662573], "k_pid_alt": [1.2043269555379343, 0.0, 0.01605520903779364], "k_pid_att": [15.419792451105078, 0.0001, 0.6373340311020935], "k_pid_yaw": [0.5, 1e-06, 0.1], "k_pid_hsp": [0.12823796796248296, 0.003768515459291626, 0.0], "k_pid_vsp": [400.0, 44.60004917243918, 14.535273285104521]}, "datetime": {"datetime": "2025-08-21 16:01:21", "elapsed": 26197.974378347397, "delta": 16.290255069732666}, "costs": {"total_cost": 183.21698273257306, "time_cost": 70.288, "final_distance_cost": 1.813315975285794, "oscillation_cost": 27.651936874018404, "completition_cost": 0.0, "overshoot_cost": 51.180391017492354, "power_cost": 18.562104504394533, "noise_cost": 13.721234361381947, "n_waypoints_completed": 9, "tot_waypoints": 9}}
{"target": -216.59628143424075, "params": {"k_pid_pos": [1.1125253926476648, 0.0, 0.05136973334622813], "k_pid_alt": [1.052262641035901, 0.0, 0.00474952996787417], "k_pid_att": [54.52833243902796, 0.0001, 0.21821006865945355], "k_pid_yaw": [0.5, 1e-06, 0.1], "k_pid_hsp": [0.030430154590730465, 0.02299792439459057, 0.0], "k_pid_vsp": [387.8061980863589, 43.531242067058926, 42.29265419168153]}, "datetime": {"datetime": "2025-08-21 16:01:44", "elapsed": 26221.245599985123, "delta": 23.27122163772583}, "costs": {"total_cost": 216.59628143424075, "time_cost": 98.936, "final_distance_cost": 1.7347403041129186, "oscillation_cost": 33.30550246356616, "completition_cost": 0.0, "overshoot_cost": 59.3907603609126, "power_cost": 12.546103820800782, "noise_cost": 10.68317448484827, "n_waypoints_completed": 9, "tot_waypoints": 9}}
{"target": -177.81948598662038, "params": {"k_pid_pos": [1.1338576055185923, 0.0, 0.13245267493819265], "k_pid_alt": [1.3465748113355853, 0.0, 0.009472961631528021], "k_pid_att": [22.84393265995211, 0.0001, 0.43879852768234795], "k_pid_yaw": [0.5, 1e-06, 0.1], "k_pid_hsp": [0.2870773965822913, 0.0024292213160501163, 0.0], "k_pid_vsp": [400.0, 12.48463622469761, 19.064090606823747]}, "datetime": {"datetime": "2025-08-21 16:02:01", "elapsed": 26237.839866638184, "delta": 16.594266653060913}, "costs": {"total_cost": 177.81948598662038, "time_cost": 70.376, "final_distance_cost": 1.8261857288984218, "oscillation_cost": 29.666883331390153, "completition_cost": 0.0, "overshoot_cost": 51.233170378458226, "power_cost": 13.362061401367189, "noise_cost": 11.355185146506383, "n_waypoints_completed": 9, "tot_waypoints": 9}}
{"target": -437.55274389831504, "params": {"k_pid_pos": [1.1161170759098238, 0.0, 0.11068257796976894], "k_pid_alt": [0.9340188799492499, 0.0, 0.017994323265115127], "k_pid_att": [19.065709236275012, 0.0001, 0.7090143358801358], "k_pid_yaw": [0.5, 1e-06, 0.1], "k_pid_hsp": [0.61200961332237, 0.003008246717669397, 0.0], "k_pid_vsp": [393.8557036112783, 22.16340934289026, 16.666178869327613]}, "datetime": {"datetime": "2025-08-21 16:02:24", "elapsed": 26260.474068164825, "delta": 22.634201526641846}, "costs": {"total_cost": 437.55274389831504, "time_cost": 150, "final_distance_cost": 27.580582080800077, "oscillation_cost": 30.388253425255442, "completition_cost": 111.11111111111116, "overshoot_cost": 70.66787065843951, "power_cost": 23.758091943359375, "noise_cost": 24.046834679349484, "n_waypoints_completed": 8, "tot_waypoints": 9}}
{"target": -184.06578056558934, "params": {"k_pid_pos": [0.9543287714877384, 0.0, 0.1416329334883405], "k_pid_alt": [1.1340058422674286, 0.0, 0.01440121212002344], "k_pid_att": [12.490406143734575, 0.0001, 0.7955115174143893], "k_pid_yaw": [0.5, 1e-06, 0.1], "k_pid_hsp": [0.29060832256264113, 0.004120300585657675, 0.0], "k_pid_vsp": [400.0, 15.608601742644124, 18.283624905841755]}, "datetime": {"datetime": "2025-08-21 16:02:40", "elapsed": 26277.35293364525, "delta": 16.878865480422974}, "costs": {"total_cost": 184.06578056558934, "time_cost": 71.024, "final_distance_cost": 1.8443026256136184, "oscillation_cost": 28.048490294668536, "completition_cost": 0.0, "overshoot_cost": 50.61449409021049, "power_cost": 18.296447387695313, "noise_cost": 14.238046167401368, "n_waypoints_completed": 9, "tot_waypoints": 9}}
{"target": -180.31473086562136, "params": {"k_pid_pos": [1.1328495741213669, 0.02547992450385611, 0.11804817251076644], "k_pid_alt": [1.2993524539158328, 0.0, 0.014345793477424361], "k_pid_att": [23.405295721986942, 0.09983966936908058, 0.4956984543937683], "k_pid_yaw": [0.5, 1e-06, 0.1], "k_pid_hsp": [0.178598634141669, 0.0031026095783329333, 0.0], "k_pid_vsp": [320.01760441609105, 34.403013496728455, 16.572331698393054]}, "datetime": {"datetime": "2025-08-21 16:02:57", "elapsed": 26294.304277658463, "delta": 16.95134401321411}, "costs": {"total_cost": 180.31473086562136, "time_cost": 70.432, "final_distance_cost": 1.8227187623716994, "oscillation_cost": 28.071265150353625, "completition_cost": 0.0, "overshoot_cost": 51.66803862152634, "power_cost": 15.43551473388672, "noise_cost": 12.885193597482969, "n_waypoints_completed": 9, "tot_waypoints": 9}}
{"target": -173.6152621583444, "params": {"k_pid_pos": [1.2132902300777948, 0.0, 0.04390982630196594], "k_pid_alt": [1.2236387304555227, 0.0, 0.0069017552214642505], "k_pid_att": [14.91539218746436, 0.0001, 0.6336086003159288], "k_pid_yaw": [0.5, 1e-06, 0.1], "k_pid_hsp": [0.11772234360826188, 0.003581105649722409, 0.0], "k_pid_vsp": [400.0, 28.061900500933632, 18.557521247526832]}, "datetime": {"datetime": "2025-08-21 16:03:14", "elapsed": 26310.479367494583, "delta": 16.175089836120605}, "costs": {"total_cost": 173.6152621583444, "time_cost": 70.34400000000001, "final_distance_cost": 1.7970933898971015, "oscillation_cost": 29.216801932147824, "completition_cost": 0.0, "overshoot_cost": 51.44239965939002, "power_cost": 11.419939599609375, "noise_cost": 9.395027577300082, "n_waypoints_completed": 9, "tot_waypoints": 9}}
{"target": -174.5097469159566, "params": {"k_pid_pos": [0.9803689504222247, 0.0002260691185195861, 0.14589775522823187], "k_pid_alt": [1.1702365441590483, 0.0, 0.012035502373563394], "k_pid_att": [17.648198035696097, 0.0001, 0.6296648134509252], "k_pid_yaw": [0.5, 1e-06, 0.1], "k_pid_hsp": [0.1625068195113305, 0.005874239684262313, 0.0], "k_pid_vsp": [393.1020523071248, 40.545832891736154, 19.238037260517196]}, "datetime": {"datetime": "2025-08-21 16:03:31", "elapsed": 26327.649132966995, "delta": 17.16976547241211}, "costs": {"total_cost": 174.5097469159566, "time_cost": 71.888, "final_distance_cost": 1.8232527095205437, "oscillation_cost": 26.950053022690003, "completition_cost": 0.0, "overshoot_cost": 51.34411850869238, "power_cost": 11.883769824218751, "noise_cost": 10.620552850834947, "n_waypoints_completed": 9, "tot_waypoints": 9}}
{"target": -187.979540566957, "params": {"k_pid_pos": [1.1226234684998697, 0.0, 0.1219966781031584], "k_pid_alt": [1.2742334085938567, 0.0, 0.014035534587364232], "k_pid_att": [15.369976359185385, 0.0001, 0.6479707284950164], "k_pid_yaw": [0.5, 1e-06, 0.1], "k_pid_hsp": [0.137370871387867, 0.0035778949921629957, 0.0], "k_pid_vsp": [400.0, 1e-06, 18.76513485049722]}, "datetime": {"datetime": "2025-08-21 16:03:47", "elapsed": 26343.775272369385, "delta": 16.126139402389526}, "costs": {"total_cost": 187.979540566957, "time_cost": 71.168, "final_distance_cost": 1.8015843990103284, "oscillation_cost": 28.03772910794171, "completition_cost": 0.0, "overshoot_cost": 51.38673575689255, "power_cost": 20.868365844726565, "noise_cost": 14.717125458385892, "n_waypoints_completed": 9, "tot_waypoints": 9}}
{"target": -180.5225129122482, "params": {"k_pid_pos": [1.1113772309908387, 0.0, 0.10943533569499636], "k_pid_alt": [1.5094732130411213, 0.0, 0.01666566555452278], "k_pid_att": [12.840180639542416, 0.010951127111286115, 0.6386176866182808], "k_pid_yaw": [0.5, 1e-06, 0.1], "k_pid_hsp": [0.3945525851621917, 0.002028786224378858, 0.0], "k_pid_vsp": [400.0, 35.07800119662982, 20.55925101090641]}, "datetime": {"datetime": "2025-08-21 16:04:03", "elapsed": 26360.38845038414, "delta": 16.61317801475525}, "costs": {"total_cost": 180.5225129122482, "time_cost": 69.70400000000001, "final_distance_cost": 1.8319271174413225, "oscillation_cost": 30.672041280415062, "completition_cost": 0.0, "overshoot_cost": 50.67545475000198, "power_cost": 15.237485607910157, "noise_cost": 12.401604156479705, "n_waypoints_completed": 9, "tot_waypoints": 9}}
{"target": -176.64333386643514, "params": {"k_pid_pos": [1.1506717464698653, 0.0, 0.13114113107811298], "k_pid_alt": [1.2165331919698348, 0.0, 0.01659744712768798], "k_pid_att": [15.62821217838902, 0.0001, 0.631506642847807], "k_pid_yaw": [0.5, 1e-06, 0.1], "k_pid_hsp": [0.13297989471095117, 0.00102900985800707, 0.0], "k_pid_vsp": [387.6136072075171, 14.754744565291094, 15.263603541053815]}, "datetime": {"datetime": "2025-08-21 16:04:20", "elapsed": 26377.18472623825, "delta": 16.796275854110718}, "costs": {"total_cost": 176.64333386643514, "time_cost": 71.28, "final_distance_cost": 1.8137041401831242, "oscillation_cost": 27.91503527416452, "completition_cost": 0.0, "overshoot_cost": 51.89879172991047, "power_cost": 13.10266668701172, "noise_cost": 10.63313603516532, "n_waypoints_completed": 9, "tot_waypoints": 9}}
{"target": -178.10128320332535, "params": {"k_pid_pos": [1.237315185605837, 0.0, 0.1267519899215061], "k_pid_alt": [1.1700742842320189, 0.0, 0.017025519712389085], "k_pid_att": [8.618612449320839, 0.0001, 0.6447954489333432], "k_pid_yaw": [0.5, 1e-06, 0.1], "k_pid_hsp": [0.163866127022181, 0.0028662764399505877, 0.0], "k_pid_vsp": [400.0, 50.19315935997778, 15.031001977978072]}, "datetime": {"datetime": "2025-08-21 16:04:36", "elapsed": 26393.21109509468, "delta": 16.026368856430054}, "costs": {"total_cost": 178.10128320332535, "time_cost": 70.368, "final_distance_cost": 1.8069195233409445, "oscillation_cost": 29.2621356036801, "completition_cost": 0.0, "overshoot_cost": 51.068897432821586, "power_cost": 14.121372973632813, "noise_cost": 11.473957669849897, "n_waypoints_completed": 9, "tot_waypoints": 9}}
