{"target": -180.82633189952398, "params": {"k_pid_pos": [1.4698128353043505, 0.024859491386256316, 0.11401919133455096], "k_pid_alt": [1.2679502233621702, 0.0, 0.1], "k_pid_att": [43.948176657889235, 3.7802132718527557, 0.9274604585040267], "k_pid_yaw": [0.5, 1e-06, 0.1], "k_pid_hsp": [1.0, 0.01, 0.01], "k_pid_vsp": [111.20884264032553, 93.09285943774285, 1.0]}, "datetime": {"datetime": "2025-08-20 14:49:37", "elapsed": 10632.22330737114, "delta": 15.059854984283447}, "costs": {"total_cost": 180.82633189952398, "time_cost": 68.456, "final_distance_cost": 1.8129035550535026, "oscillation_cost": 37.19502557670047, "completition_cost": 0.0, "overshoot_cost": 50.071586228309805, "power_cost": 12.12881405029297, "noise_cost": 11.162002489167234, "n_waypoints_completed": 9, "tot_waypoints": 9}}
{"target": -180.82633189952398, "params": {"k_pid_pos": [1.4698128353043505, 0.024859491386256316, 0.11401919133455096], "k_pid_alt": [1.2679502233621702, 0.0, 0.1], "k_pid_att": [43.948176657889235, 3.7802132718527557, 0.9274604585040267], "k_pid_yaw": [0.5, 1e-06, 0.1], "k_pid_hsp": [1.0, 0.01, 0.01], "k_pid_vsp": [111.20884264032553, 93.09285943774285, 1.0]}, "datetime": {"datetime": "2025-08-20 14:49:53", "elapsed": 10647.65288734436, "delta": 15.429579973220825}, "costs": {"total_cost": 180.82633189952398, "time_cost": 68.456, "final_distance_cost": 1.8129035550535026, "oscillation_cost": 37.19502557670047, "completition_cost": 0.0, "overshoot_cost": 50.071586228309805, "power_cost": 12.12881405029297, "noise_cost": 11.162002489167234, "n_waypoints_completed": 9, "tot_waypoints": 9}}
{"target": -181.17260354989486, "params": {"k_pid_pos": [1.4698128353043505, 0.024859491386256316, 0.11401919133455096], "k_pid_alt": [1.2679502233621702, 0.0, 0.1], "k_pid_att": [43.948176657889235, 1.109420231168994, 0.9274604585040267], "k_pid_yaw": [0.5, 1e-06, 0.1], "k_pid_hsp": [1.0, 0.01, 0.01], "k_pid_vsp": [105.92349492693351, 93.09285943774285, 1.0]}, "datetime": {"datetime": "2025-08-20 14:50:09", "elapsed": 10663.576006889343, "delta": 15.92311954498291}, "costs": {"total_cost": 181.17260354989486, "time_cost": 68.504, "final_distance_cost": 1.7836191273021302, "oscillation_cost": 37.36817261231832, "completition_cost": 0.0, "overshoot_cost": 50.21957240584758, "power_cost": 12.198213549804688, "noise_cost": 11.099025854622147, "n_waypoints_completed": 9, "tot_waypoints": 9}}
{"target": -212.89093261452103, "params": {"k_pid_pos": [1.4698128353043505, 0.024859491386256316, 0.11401919133455096], "k_pid_alt": [0.547453248924693, 0.0, 0.1], "k_pid_att": [43.948176657889235, 3.7802132718527557, 0.9274604585040267], "k_pid_yaw": [0.5, 1e-06, 0.1], "k_pid_hsp": [1.0, 0.01, 0.01], "k_pid_vsp": [7.747626412356867, 145.94729102544082, 1.0]}, "datetime": {"datetime": "2025-08-20 14:50:27", "elapsed": 10681.496012449265, "delta": 17.920005559921265}, "costs": {"total_cost": 212.89093261452103, "time_cost": 78.016, "final_distance_cost": 1.862202249963924, "oscillation_cost": 55.85226508668887, "completition_cost": 0.0, "overshoot_cost": 50.010162013328326, "power_cost": 14.900419897460939, "noise_cost": 12.249883367078942, "n_waypoints_completed": 9, "tot_waypoints": 9}}
{"target": -180.82633189952398, "params": {"k_pid_pos": [1.4698128353043505, 0.024859491386256316, 0.11401919133455096], "k_pid_alt": [1.2679502233621702, 0.0, 0.1], "k_pid_att": [43.948176657889235, 3.7802132718527557, 0.9274604585040267], "k_pid_yaw": [0.5, 1e-06, 0.1], "k_pid_hsp": [1.0, 0.01, 0.01], "k_pid_vsp": [111.20884264032553, 93.09285943774285, 1.0]}, "datetime": {"datetime": "2025-08-20 14:50:42", "elapsed": 10696.638841629028, "delta": 15.142829179763794}, "costs": {"total_cost": 180.82633189952398, "time_cost": 68.456, "final_distance_cost": 1.8129035550535026, "oscillation_cost": 37.19502557670047, "completition_cost": 0.0, "overshoot_cost": 50.071586228309805, "power_cost": 12.12881405029297, "noise_cost": 11.162002489167234, "n_waypoints_completed": 9, "tot_waypoints": 9}}
{"target": -195.9659204485808, "params": {"k_pid_pos": [1.4698128353043505, 0.10799311464906103, 0.11401919133455096], "k_pid_alt": [1.2679502233621702, 0.0, 0.1], "k_pid_att": [43.948176657889235, 3.7802132718527557, 0.9274604585040267], "k_pid_yaw": [0.5, 1e-06, 0.1], "k_pid_hsp": [1.0, 0.01, 0.01], "k_pid_vsp": [14.740616244021254, 236.48000513664874, 1.0]}, "datetime": {"datetime": "2025-08-20 14:50:57", "elapsed": 10712.306260585785, "delta": 15.667418956756592}, "costs": {"total_cost": 195.9659204485808, "time_cost": 68.84, "final_distance_cost": 1.8088371383632977, "oscillation_cost": 52.248779875826145, "completition_cost": 0.0, "overshoot_cost": 48.75350595947308, "power_cost": 13.402188452148438, "noise_cost": 10.91260902276984, "n_waypoints_completed": 9, "tot_waypoints": 9}}
{"target": -309.5064614289798, "params": {"k_pid_pos": [1.4698128353043505, 0.024859491386256316, 0.11401919133455096], "k_pid_alt": [1.2679502233621702, 0.0, 0.1], "k_pid_att": [94.70626418914286, 3.7802132718527557, 0.9274604585040267], "k_pid_yaw": [0.5, 1e-06, 0.1], "k_pid_hsp": [1.0, 0.5109994145616105, 0.5737506849528418], "k_pid_vsp": [111.20884264032553, 326.3442374308485, 1.0]}, "datetime": {"datetime": "2025-08-20 14:51:14", "elapsed": 10729.089666843414, "delta": 16.783406257629395}, "costs": {"total_cost": 309.5064614289798, "time_cost": 72.624, "final_distance_cost": 1.7608925231893078, "oscillation_cost": 157.08241631791913, "completition_cost": 0.0, "overshoot_cost": 50.069496232327545, "power_cost": 15.232344409179689, "noise_cost": 12.737311946364096, "n_waypoints_completed": 9, "tot_waypoints": 9}}
{"target": -224.08952651595268, "params": {"k_pid_pos": [1.4698128353043505, 0.024859491386256316, 0.11401919133455096], "k_pid_alt": [1.2679502233621702, 0.9860503566836593, 0.1], "k_pid_att": [43.948176657889235, 3.7802132718527557, 0.9274604585040267], "k_pid_yaw": [0.5, 1e-06, 0.1], "k_pid_hsp": [1.0, 0.01, 0.01], "k_pid_vsp": [111.20884264032553, 93.09285943774285, 1.0]}, "datetime": {"datetime": "2025-08-20 14:51:34", "elapsed": 10749.46712756157, "delta": 20.377460718154907}, "costs": {"total_cost": 224.08952651595268, "time_cost": 86.208, "final_distance_cost": 1.7918692346191174, "oscillation_cost": 51.182238117392195, "completition_cost": 0.0, "overshoot_cost": 55.92257154863948, "power_cost": 15.725014709472656, "noise_cost": 13.259832905829242, "n_waypoints_completed": 9, "tot_waypoints": 9}}
{"target": -180.82633189952398, "params": {"k_pid_pos": [1.4698128353043505, 0.024859491386256316, 0.11401919133455096], "k_pid_alt": [1.2679502233621702, 0.0, 0.1], "k_pid_att": [43.948176657889235, 3.7802132718527557, 0.9274604585040267], "k_pid_yaw": [0.5, 1e-06, 0.1], "k_pid_hsp": [1.0, 0.01, 0.01], "k_pid_vsp": [111.20884264032553, 93.09285943774285, 1.0]}, "datetime": {"datetime": "2025-08-20 14:51:52", "elapsed": 10766.81722664833, "delta": 17.350099086761475}, "costs": {"total_cost": 180.82633189952398, "time_cost": 68.456, "final_distance_cost": 1.8129035550535026, "oscillation_cost": 37.19502557670047, "completition_cost": 0.0, "overshoot_cost": 50.071586228309805, "power_cost": 12.12881405029297, "noise_cost": 11.162002489167234, "n_waypoints_completed": 9, "tot_waypoints": 9}}
{"target": -180.82633189952398, "params": {"k_pid_pos": [1.4698128353043505, 0.024859491386256316, 0.11401919133455096], "k_pid_alt": [1.2679502233621702, 0.0, 0.1], "k_pid_att": [43.948176657889235, 3.7802132718527557, 0.9274604585040267], "k_pid_yaw": [0.5, 1e-06, 0.1], "k_pid_hsp": [1.0, 0.01, 0.01], "k_pid_vsp": [111.20884264032553, 93.09285943774285, 1.0]}, "datetime": {"datetime": "2025-08-20 14:52:10", "elapsed": 10784.647042512894, "delta": 17.82981586456299}, "costs": {"total_cost": 180.82633189952398, "time_cost": 68.456, "final_distance_cost": 1.8129035550535026, "oscillation_cost": 37.19502557670047, "completition_cost": 0.0, "overshoot_cost": 50.071586228309805, "power_cost": 12.12881405029297, "noise_cost": 11.162002489167234, "n_waypoints_completed": 9, "tot_waypoints": 9}}
{"target": -180.82633189952398, "params": {"k_pid_pos": [1.4698128353043505, 0.024859491386256316, 0.11401919133455096], "k_pid_alt": [1.2679502233621702, 0.0, 0.1], "k_pid_att": [43.948176657889235, 3.7802132718527557, 0.9274604585040267], "k_pid_yaw": [0.5, 1e-06, 0.1], "k_pid_hsp": [1.0, 0.01, 0.01], "k_pid_vsp": [111.20884264032553, 93.09285943774285, 1.0]}, "datetime": {"datetime": "2025-08-20 14:52:26", "elapsed": 10800.916960716248, "delta": 16.269918203353882}, "costs": {"total_cost": 180.82633189952398, "time_cost": 68.456, "final_distance_cost": 1.8129035550535026, "oscillation_cost": 37.19502557670047, "completition_cost": 0.0, "overshoot_cost": 50.071586228309805, "power_cost": 12.12881405029297, "noise_cost": 11.162002489167234, "n_waypoints_completed": 9, "tot_waypoints": 9}}
{"target": -507.2073692841185, "params": {"k_pid_pos": [0.7267918313051335, 0.024859491386256316, 0.11401919133455096], "k_pid_alt": [1.2679502233621702, 0.0, 0.1], "k_pid_att": [62.535814043466985, 3.7802132718527557, 0.9274604585040267], "k_pid_yaw": [0.5, 1e-06, 0.1], "k_pid_hsp": [1.0, 0.01, 0.6323117893213593], "k_pid_vsp": [111.20884264032553, 93.09285943774285, 1.0]}, "datetime": {"datetime": "2025-08-20 14:52:49", "elapsed": 10824.203338623047, "delta": 23.286377906799316}, "costs": {"total_cost": 507.2073692841185, "time_cost": 99.96000000000001, "final_distance_cost": 1.740700940098404, "oscillation_cost": 313.8229209540137, "completition_cost": 0.0, "overshoot_cost": 55.1540800986196, "power_cost": 20.182542150878906, "noise_cost": 16.347125140507853, "n_waypoints_completed": 9, "tot_waypoints": 9}}
{"target": -219.28872544424783, "params": {"k_pid_pos": [1.4698128353043505, 0.555082988480368, 0.11401919133455096], "k_pid_alt": [1.2679502233621702, 0.0, 0.7131227981836126], "k_pid_att": [22.453081793151608, 3.7802132718527557, 0.6954414552103283], "k_pid_yaw": [0.5, 1e-06, 0.1], "k_pid_hsp": [1.0, 0.01, 0.01], "k_pid_vsp": [111.20884264032553, 93.09285943774285, 1.0]}, "datetime": {"datetime": "2025-08-20 14:53:13", "elapsed": 10848.34288740158, "delta": 24.139548778533936}, "costs": {"total_cost": 219.28872544424783, "time_cost": 84.376, "final_distance_cost": 1.763639827003041, "oscillation_cost": 50.93648947628161, "completition_cost": 0.0, "overshoot_cost": 52.18451413638748, "power_cost": 16.258552233886718, "noise_cost": 13.769529770688973, "n_waypoints_completed": 9, "tot_waypoints": 9}}
{"target": -181.603759337142, "params": {"k_pid_pos": [1.4698128353043505, 0.024859491386256316, 0.11401919133455096], "k_pid_alt": [1.2679502233621702, 0.0, 0.1], "k_pid_att": [43.948176657889235, 2.79325987156934, 0.9274604585040267], "k_pid_yaw": [0.5, 1e-06, 0.1], "k_pid_hsp": [1.0, 0.01, 0.01], "k_pid_vsp": [111.20884264032553, 93.09285943774285, 1.0]}, "datetime": {"datetime": "2025-08-20 14:53:32", "elapsed": 10866.645603656769, "delta": 18.30271625518799}, "costs": {"total_cost": 181.603759337142, "time_cost": 68.504, "final_distance_cost": 1.806850495924542, "oscillation_cost": 37.38541722746381, "completition_cost": 0.0, "overshoot_cost": 50.30160174490263, "power_cost": 12.406251977539062, "noise_cost": 11.199637891311953, "n_waypoints_completed": 9, "tot_waypoints": 9}}
{"target": -219.0420110631625, "params": {"k_pid_pos": [1.4698128353043505, 0.024859491386256316, 0.11401919133455096], "k_pid_alt": [0.8755676765702776, 0.07100251077038344, 0.1], "k_pid_att": [43.948176657889235, 3.7802132718527557, 0.9274604585040267], "k_pid_yaw": [0.5, 1e-06, 0.1], "k_pid_hsp": [1.0, 0.01, 0.01], "k_pid_vsp": [111.20884264032553, 93.09285943774285, 1.0]}, "datetime": {"datetime": "2025-08-20 14:53:54", "elapsed": 10889.25637102127, "delta": 22.610767364501953}, "costs": {"total_cost": 219.0420110631625, "time_cost": 86.72, "final_distance_cost": 1.8035504829065845, "oscillation_cost": 49.83671035277019, "completition_cost": 0.0, "overshoot_cost": 51.66114987786964, "power_cost": 15.519601733398439, "noise_cost": 13.500998616217656, "n_waypoints_completed": 9, "tot_waypoints": 9}}
{"target": -182.07768348570409, "params": {"k_pid_pos": [1.4999912498542303, 0.024859491386256316, 0.11401919133455096], "k_pid_alt": [1.1424381546674114, 0.0, 0.1], "k_pid_att": [43.948176657889235, 0.0889010446451618, 0.9274604585040267], "k_pid_yaw": [0.5, 1e-06, 0.1], "k_pid_hsp": [1.0, 0.01, 0.01], "k_pid_vsp": [179.49655965827282, 93.09285943774285, 1.0]}, "datetime": {"datetime": "2025-08-20 14:54:13", "elapsed": 10907.920815229416, "delta": 18.66444420814514}, "costs": {"total_cost": 182.07768348570409, "time_cost": 68.88, "final_distance_cost": 1.7815336989399713, "oscillation_cost": 37.35957561985621, "completition_cost": 0.0, "overshoot_cost": 50.7020438459171, "power_cost": 12.114979760742187, "noise_cost": 11.239550560248643, "n_waypoints_completed": 9, "tot_waypoints": 9}}
{"target": -204.54208352847158, "params": {"k_pid_pos": [1.4698128353043505, 0.024859491386256316, 0.11401919133455096], "k_pid_alt": [1.2679502233621702, 0.0, 0.1], "k_pid_att": [43.948176657889235, 2.79325987156934, 0.9274604585040267], "k_pid_yaw": [0.5, 1e-06, 0.1], "k_pid_hsp": [9.311701112795195, 0.01, 0.01], "k_pid_vsp": [111.20884264032553, 93.09285943774285, 1.0]}, "datetime": {"datetime": "2025-08-20 14:54:31", "elapsed": 10925.733289718628, "delta": 17.812474489212036}, "costs": {"total_cost": 204.54208352847158, "time_cost": 68.784, "final_distance_cost": 1.779448692331906, "oscillation_cost": 60.7377638926137, "completition_cost": 0.0, "overshoot_cost": 50.19736558660779, "power_cost": 11.968565991210937, "noise_cost": 11.07493936570723, "n_waypoints_completed": 9, "tot_waypoints": 9}}
{"target": -181.75606582136112, "params": {"k_pid_pos": [1.4698128353043505, 0.024859491386256316, 0.11401919133455096], "k_pid_alt": [1.2679502233621702, 0.0, 0.1], "k_pid_att": [43.948176657889235, 3.7802132718527557, 0.9274604585040267], "k_pid_yaw": [0.5, 1e-06, 0.1], "k_pid_hsp": [1.0, 0.01, 0.01], "k_pid_vsp": [111.20884264032553, 383.1463585968337, 1.0]}, "datetime": {"datetime": "2025-08-20 14:54:49", "elapsed": 10943.685624837875, "delta": 17.952335119247437}, "costs": {"total_cost": 181.75606582136112, "time_cost": 68.48, "final_distance_cost": 1.8098408325439448, "oscillation_cost": 38.412775677795025, "completition_cost": 0.0, "overshoot_cost": 49.66786340622668, "power_cost": 12.318301928710937, "noise_cost": 11.067283976084513, "n_waypoints_completed": 9, "tot_waypoints": 9}}
{"target": -577.3741507490803, "params": {"k_pid_pos": [1.4698128353043505, 0.8568915413857133, 0.11401919133455096], "k_pid_alt": [0.304482605777602, 0.0, 0.1], "k_pid_att": [43.948176657889235, 5.497138352925422, 0.9274604585040267], "k_pid_yaw": [0.5, 1e-06, 0.1], "k_pid_hsp": [1.0, 0.01, 0.01], "k_pid_vsp": [111.20884264032553, 46.11423100434292, 1.0]}, "datetime": {"datetime": "2025-08-20 14:55:14", "elapsed": 10969.165002822876, "delta": 25.47937798500061}, "costs": {"total_cost": 577.3741507490803, "time_cost": 150, "final_distance_cost": 67.58069298190672, "oscillation_cost": 58.28378758975535, "completition_cost": 222.2222222222222, "overshoot_cost": 44.29368075367807, "power_cost": 19.265571484375002, "noise_cost": 15.728195717143027, "n_waypoints_completed": 7, "tot_waypoints": 9}}
{"target": -208.9687401750403, "params": {"k_pid_pos": [1.4698128353043505, 0.024859491386256316, 0.31939348815736834], "k_pid_alt": [1.2679502233621702, 0.0, 0.1], "k_pid_att": [43.948176657889235, 4.877992569761678, 0.9274604585040267], "k_pid_yaw": [0.5, 1e-06, 0.1], "k_pid_hsp": [8.461975807873474, 0.7301635020553603, 0.01], "k_pid_vsp": [111.20884264032553, 93.09285943774285, 1.0]}, "datetime": {"datetime": "2025-08-20 14:55:29", "elapsed": 10984.436747074127, "delta": 15.27174425125122}, "costs": {"total_cost": 208.9687401750403, "time_cost": 68.8, "final_distance_cost": 1.8375185176306457, "oscillation_cost": 65.81552289535016, "completition_cost": 0.0, "overshoot_cost": 49.21242555317219, "power_cost": 12.050958056640626, "noise_cost": 11.25231515224669, "n_waypoints_completed": 9, "tot_waypoints": 9}}
{"target": -199.3491768679748, "params": {"k_pid_pos": [0.5692387081849184, 0.024859491386256316, 0.11401919133455096], "k_pid_alt": [1.2679502233621702, 0.0, 0.1], "k_pid_att": [43.948176657889235, 3.7802132718527557, 0.9274604585040267], "k_pid_yaw": [0.5, 1e-06, 0.1], "k_pid_hsp": [5.897593413282173, 0.1804332312748227, 0.01], "k_pid_vsp": [111.20884264032553, 93.09285943774285, 1.0]}, "datetime": {"datetime": "2025-08-20 14:55:47", "elapsed": 11002.170972585678, "delta": 17.734225511550903}, "costs": {"total_cost": 199.3491768679748, "time_cost": 79.872, "final_distance_cost": 1.8480563701992234, "oscillation_cost": 41.22889461466923, "completition_cost": 0.0, "overshoot_cost": 51.00414800832838, "power_cost": 12.45879794921875, "noise_cost": 12.937279925559206, "n_waypoints_completed": 9, "tot_waypoints": 9}}
{"target": -188.51395850283248, "params": {"k_pid_pos": [1.4698128353043505, 0.024859491386256316, 0.11401919133455096], "k_pid_alt": [1.2679502233621702, 0.0, 0.1], "k_pid_att": [60.39759467582875, 3.7802132718527557, 0.9274604585040267], "k_pid_yaw": [0.5, 1e-06, 0.1], "k_pid_hsp": [1.0, 0.24468742025477586, 0.01], "k_pid_vsp": [294.66786775931484, 93.09285943774285, 1.0]}, "datetime": {"datetime": "2025-08-20 14:56:03", "elapsed": 11017.731575489044, "delta": 15.560602903366089}, "costs": {"total_cost": 188.51395850283248, "time_cost": 68.60000000000001, "final_distance_cost": 1.78693726603022, "oscillation_cost": 44.66278149028343, "completition_cost": 0.0, "overshoot_cost": 50.37470730468356, "power_cost": 12.057884899902344, "noise_cost": 11.031647541932886, "n_waypoints_completed": 9, "tot_waypoints": 9}}
{"target": -214.29220387151514, "params": {"k_pid_pos": [1.4698128353043505, 0.024859491386256316, 0.11401919133455096], "k_pid_alt": [1.2679502233621702, 0.3739270758514206, 0.1], "k_pid_att": [74.0360908705424, 0.0889010446451618, 0.9274604585040267], "k_pid_yaw": [0.5, 1e-06, 0.1], "k_pid_hsp": [3.226465079465205, 0.029631885976391104, 0.01], "k_pid_vsp": [14.740616244021254, 20.55210058569056, 1.0]}, "datetime": {"datetime": "2025-08-20 14:56:20", "elapsed": 11035.447444915771, "delta": 17.715869426727295}, "costs": {"total_cost": 214.29220387151514, "time_cost": 80.52, "final_distance_cost": 1.7316856847374358, "oscillation_cost": 54.04212219148733, "completition_cost": 0.0, "overshoot_cost": 52.339516276018706, "power_cost": 13.336468200683594, "noise_cost": 12.322411518588058, "n_waypoints_completed": 9, "tot_waypoints": 9}}
{"target": -311.20705473177804, "params": {"k_pid_pos": [1.4698128353043505, 0.024859491386256316, 0.11401919133455096], "k_pid_alt": [1.2679502233621702, 0.0, 0.1], "k_pid_att": [43.948176657889235, 0.4496302287662606, 0.9274604585040267], "k_pid_yaw": [0.5, 1e-06, 0.1], "k_pid_hsp": [1.0, 0.28674392475714716, 0.40365877029916764], "k_pid_vsp": [243.01671064833118, 93.09285943774285, 1.0]}, "datetime": {"datetime": "2025-08-20 14:56:38", "elapsed": 11053.489797115326, "delta": 18.042352199554443}, "costs": {"total_cost": 311.20705473177804, "time_cost": 81.624, "final_distance_cost": 1.7493999828974818, "oscillation_cost": 142.43572881053592, "completition_cost": 0.0, "overshoot_cost": 54.87309295578275, "power_cost": 16.57189686279297, "noise_cost": 13.952936119768946, "n_waypoints_completed": 9, "tot_waypoints": 9}}
{"target": -182.41764462254653, "params": {"k_pid_pos": [1.4698128353043505, 0.024859491386256316, 0.11401919133455096], "k_pid_alt": [0.8815334174028542, 0.0, 0.1], "k_pid_att": [43.948176657889235, 3.7802132718527557, 0.9669350405079173], "k_pid_yaw": [0.5, 1e-06, 0.1], "k_pid_hsp": [1.0, 0.005322982040420254, 0.01], "k_pid_vsp": [111.20884264032553, 93.09285943774285, 1.0]}, "datetime": {"datetime": "2025-08-20 14:56:55", "elapsed": 11069.820912361145, "delta": 16.331115245819092}, "costs": {"total_cost": 182.41764462254653, "time_cost": 70.016, "final_distance_cost": 1.8013498573391884, "oscillation_cost": 36.67708598059368, "completition_cost": 0.0, "overshoot_cost": 49.99213315557506, "power_cost": 12.614859094238282, "noise_cost": 11.316216534800299, "n_waypoints_completed": 9, "tot_waypoints": 9}}
{"target": -184.50871616809314, "params": {"k_pid_pos": [1.4698128353043505, 0.024859491386256316, 0.11401919133455096], "k_pid_alt": [1.394383142748206, 0.0, 0.1], "k_pid_att": [43.948176657889235, 1.109420231168994, 0.17039554323513206], "k_pid_yaw": [0.5, 1e-06, 0.1], "k_pid_hsp": [1.0, 0.01, 0.01], "k_pid_vsp": [111.20884264032553, 93.09285943774285, 1.0]}, "datetime": {"datetime": "2025-08-20 14:57:11", "elapsed": 11086.358654022217, "delta": 16.537741661071777}, "costs": {"total_cost": 184.50871616809314, "time_cost": 68.36, "final_distance_cost": 1.8072389608296755, "oscillation_cost": 40.07278369030694, "completition_cost": 0.0, "overshoot_cost": 50.481785144469114, "power_cost": 12.551970288085938, "noise_cost": 11.23493808440149, "n_waypoints_completed": 9, "tot_waypoints": 9}}
{"target": -477.5132026995562, "params": {"k_pid_pos": [1.3078103269235994, 0.024859491386256316, 0.11401919133455096], "k_pid_alt": [1.2679502233621702, 0.0, 0.1], "k_pid_att": [25.40845784245549, 1.0, 0.9274604585040267], "k_pid_yaw": [0.5, 1e-06, 0.1], "k_pid_hsp": [1.0, 0.01, 0.6591334331178952], "k_pid_vsp": [105.92349492693351, 93.09285943774285, 1.0]}, "datetime": {"datetime": "2025-08-20 14:57:33", "elapsed": 11108.459877490997, "delta": 22.101223468780518}, "costs": {"total_cost": 477.5132026995562, "time_cost": 94.032, "final_distance_cost": 1.7377135158044672, "oscillation_cost": 286.76289858505623, "completition_cost": 0.0, "overshoot_cost": 61.63811613126887, "power_cost": 17.747138305664063, "noise_cost": 15.595336161762537, "n_waypoints_completed": 9, "tot_waypoints": 9}}
