{"target": -180.82633189952398, "params": {"k_pid_pos": [1.4698128353043505, 0.024859491386256316, 0.11401919133455096], "k_pid_alt": [1.2679502233621702, 0.0, 0.1], "k_pid_att": [43.948176657889235, 3.7802132718527557, 0.9274604585040267], "k_pid_yaw": [0.5, 1e-06, 0.1], "k_pid_hsp": [1.0, 0.01, 0.01], "k_pid_vsp": [111.20884264032553, 93.09285943774285, 1.0]}, "datetime": {"datetime": "2025-08-20 14:25:43", "elapsed": 9197.630088806152, "delta": 15.884598016738892}, "costs": {"total_cost": 180.82633189952398, "time_cost": 68.456, "final_distance_cost": 1.8129035550535026, "oscillation_cost": 37.19502557670047, "completition_cost": 0.0, "overshoot_cost": 50.071586228309805, "power_cost": 12.12881405029297, "noise_cost": 11.162002489167234, "n_waypoints_completed": 9, "tot_waypoints": 9}}
{"target": -183.10889847711942, "params": {"k_pid_pos": [1.3078103269235994, 0.024859491386256316, 0.11401919133455096], "k_pid_alt": [1.2679502233621702, 0.0, 0.1], "k_pid_att": [24.0942673894178, 1.0, 0.837110513405392], "k_pid_yaw": [0.5, 1e-06, 0.1], "k_pid_hsp": [1.0, 0.01, 0.01], "k_pid_vsp": [111.20884264032553, 93.09285943774285, 1.0]}, "datetime": {"datetime": "2025-08-20 14:25:59", "elapsed": 9213.69123506546, "delta": 16.06114625930786}, "costs": {"total_cost": 183.10889847711942, "time_cost": 68.752, "final_distance_cost": 1.8064741063914558, "oscillation_cost": 38.05476311964983, "completition_cost": 0.0, "overshoot_cost": 50.41841834430537, "power_cost": 12.664307690429688, "noise_cost": 11.412935216343081, "n_waypoints_completed": 9, "tot_waypoints": 9}}
{"target": -303.951566503404, "params": {"k_pid_pos": [1.9188042305344217, 0.024859491386256316, 0.11401919133455096], "k_pid_alt": [1.2679502233621702, 0.0, 0.8660961728784851], "k_pid_att": [43.948176657889235, 4.028010644934719, 0.9274604585040267], "k_pid_yaw": [0.5, 1e-06, 0.1], "k_pid_hsp": [1.0, 0.029631885976391104, 0.24252753025063056], "k_pid_vsp": [397.63618790684643, 93.09285943774285, 1.0]}, "datetime": {"datetime": "2025-08-20 14:26:17", "elapsed": 9231.981501340866, "delta": 18.290266275405884}, "costs": {"total_cost": 303.951566503404, "time_cost": 77.184, "final_distance_cost": 1.778694828252704, "oscillation_cost": 144.69278531720877, "completition_cost": 0.0, "overshoot_cost": 51.440989202949325, "power_cost": 15.726046936035157, "noise_cost": 13.129050218958055, "n_waypoints_completed": 9, "tot_waypoints": 9}}
{"target": -184.51001401259074, "params": {"k_pid_pos": [1.4999912498542303, 0.11906128738229915, 0.11401919133455096], "k_pid_alt": [1.2679502233621702, 0.0, 0.26454652801742706], "k_pid_att": [43.948176657889235, 8.589697399353744, 0.5289969311173601], "k_pid_yaw": [0.5, 1e-06, 0.1], "k_pid_hsp": [1.0, 0.01, 0.01], "k_pid_vsp": [111.20884264032553, 93.09285943774285, 1.0]}, "datetime": {"datetime": "2025-08-20 14:26:36", "elapsed": 9250.816170215607, "delta": 18.8346688747406}, "costs": {"total_cost": 184.51001401259074, "time_cost": 69.104, "final_distance_cost": 1.797251950569877, "oscillation_cost": 39.8473862325564, "completition_cost": 0.0, "overshoot_cost": 50.221465708251145, "power_cost": 12.334837805175782, "noise_cost": 11.205072316037528, "n_waypoints_completed": 9, "tot_waypoints": 9}}
{"target": -201.8355370469122, "params": {"k_pid_pos": [1.4698128353043505, 0.25995968672490866, 0.11401919133455096], "k_pid_alt": [1.2679502233621702, 0.0, 0.1], "k_pid_att": [43.948176657889235, 3.7802132718527557, 0.9274604585040267], "k_pid_yaw": [0.5, 1e-06, 0.1], "k_pid_hsp": [1.0, 0.01, 0.01], "k_pid_vsp": [42.24848860435038, 93.09285943774285, 1.0]}, "datetime": {"datetime": "2025-08-20 14:26:55", "elapsed": 9270.35109758377, "delta": 19.534927368164062}, "costs": {"total_cost": 201.8355370469122, "time_cost": 77.848, "final_distance_cost": 1.7886236028831117, "oscillation_cost": 44.43862336945524, "completition_cost": 0.0, "overshoot_cost": 50.89116067539255, "power_cost": 14.220003466796875, "noise_cost": 12.649125932384425, "n_waypoints_completed": 9, "tot_waypoints": 9}}
{"target": -185.8607568572189, "params": {"k_pid_pos": [1.4698128353043505, 0.024859491386256316, 0.11401919133455096], "k_pid_alt": [1.2679502233621702, 0.0, 0.16072894317769304], "k_pid_att": [94.70626418914286, 3.7802132718527557, 0.9274604585040267], "k_pid_yaw": [0.5, 1e-06, 0.1], "k_pid_hsp": [1.0, 0.029631885976391104, 0.01], "k_pid_vsp": [111.20884264032553, 307.91687238113764, 1.0]}, "datetime": {"datetime": "2025-08-20 14:27:11", "elapsed": 9286.17157959938, "delta": 15.820482015609741}, "costs": {"total_cost": 185.8607568572189, "time_cost": 68.752, "final_distance_cost": 1.7799883916650694, "oscillation_cost": 41.09115708521739, "completition_cost": 0.0, "overshoot_cost": 50.28757833688691, "power_cost": 12.63867293701172, "noise_cost": 11.311360106437764, "n_waypoints_completed": 9, "tot_waypoints": 9}}
{"target": -185.14736211308644, "params": {"k_pid_pos": [1.4698128353043505, 0.024859491386256316, 0.11401919133455096], "k_pid_alt": [1.2679502233621702, 0.0, 0.13294310327404035], "k_pid_att": [43.948176657889235, 3.7802132718527557, 0.9274604585040267], "k_pid_yaw": [0.5, 1e-06, 0.1], "k_pid_hsp": [5.128277129725155, 0.01, 0.01], "k_pid_vsp": [111.20884264032553, 93.09285943774285, 1.0]}, "datetime": {"datetime": "2025-08-20 14:27:27", "elapsed": 9302.418734312057, "delta": 16.247154712677002}, "costs": {"total_cost": 185.14736211308644, "time_cost": 68.856, "final_distance_cost": 1.7811251513716608, "oscillation_cost": 42.25143561854932, "completition_cost": 0.0, "overshoot_cost": 50.08981399113059, "power_cost": 11.310119970703125, "noise_cost": 10.858867381331779, "n_waypoints_completed": 9, "tot_waypoints": 9}}
{"target": -183.0672614269291, "params": {"k_pid_pos": [1.4698128353043505, 0.024859491386256316, 0.11401919133455096], "k_pid_alt": [1.5598585210964004, 0.0, 0.1], "k_pid_att": [52.781640202125004, 1.0, 0.9274604585040267], "k_pid_yaw": [0.5, 1e-06, 0.1], "k_pid_hsp": [1.0, 0.029631885976391104, 0.01], "k_pid_vsp": [111.20884264032553, 357.3495236329903, 1.0]}, "datetime": {"datetime": "2025-08-20 14:27:43", "elapsed": 9318.02007651329, "delta": 15.60134220123291}, "costs": {"total_cost": 183.0672614269291, "time_cost": 67.992, "final_distance_cost": 1.8072470840059842, "oscillation_cost": 39.231217319548136, "completition_cost": 0.0, "overshoot_cost": 50.17558767353975, "power_cost": 12.626234887695313, "noise_cost": 11.234974462139887, "n_waypoints_completed": 9, "tot_waypoints": 9}}
{"target": -188.94053519198346, "params": {"k_pid_pos": [1.4999912498542303, 0.024859491386256316, 0.11401919133455096], "k_pid_alt": [1.2679502233621702, 0.0, 0.1576465649121419], "k_pid_att": [39.909449977216326, 1.0, 0.9274604585040267], "k_pid_yaw": [0.5, 1e-06, 0.1], "k_pid_hsp": [3.226465079465205, 0.029631885976391104, 0.01], "k_pid_vsp": [14.740616244021254, 139.20520652041523, 1.0]}, "datetime": {"datetime": "2025-08-20 14:28:00", "elapsed": 9334.669959545135, "delta": 16.649883031845093}, "costs": {"total_cost": 188.94053519198346, "time_cost": 68.528, "final_distance_cost": 1.7788420973652272, "oscillation_cost": 45.7497247386295, "completition_cost": 0.0, "overshoot_cost": 49.51432487658351, "power_cost": 12.467707141113282, "noise_cost": 10.90193633829191, "n_waypoints_completed": 9, "tot_waypoints": 9}}
{"target": -249.19250677324047, "params": {"k_pid_pos": [1.4698128353043505, 0.024859491386256316, 0.11401919133455096], "k_pid_alt": [1.961806136254105, 0.0, 0.1], "k_pid_att": [43.948176657889235, 3.7802132718527557, 0.9274604585040267], "k_pid_yaw": [0.5, 1e-06, 0.1], "k_pid_hsp": [1.0, 0.3912792508993721, 0.333635037126335], "k_pid_vsp": [111.20884264032553, 93.09285943774285, 17.132000594645874]}, "datetime": {"datetime": "2025-08-20 14:28:16", "elapsed": 9351.13264465332, "delta": 16.462685108184814}, "costs": {"total_cost": 249.19250677324047, "time_cost": 71.656, "final_distance_cost": 1.7336192655944036, "oscillation_cost": 97.81377378434976, "completition_cost": 0.0, "overshoot_cost": 52.865043672202475, "power_cost": 13.693811193847656, "noise_cost": 11.43025885724614, "n_waypoints_completed": 9, "tot_waypoints": 9}}
{"target": -260.32804985267796, "params": {"k_pid_pos": [0.7036613434574084, 0.024859491386256316, 0.8519347702918288], "k_pid_alt": [1.2679502233621702, 0.0, 0.1], "k_pid_att": [43.948176657889235, 1.0, 0.9274604585040267], "k_pid_yaw": [0.5, 1e-06, 0.1], "k_pid_hsp": [9.822050525885613, 0.01, 0.01], "k_pid_vsp": [111.20884264032553, 69.46038294301658, 1.0]}, "datetime": {"datetime": "2025-08-20 14:28:36", "elapsed": 9371.380172252655, "delta": 20.247527599334717}, "costs": {"total_cost": 260.32804985267796, "time_cost": 89.4, "final_distance_cost": 1.8572714649049304, "oscillation_cost": 85.91109515224201, "completition_cost": 0.0, "overshoot_cost": 52.94152112140522, "power_cost": 14.861868518066407, "noise_cost": 15.356293596059379, "n_waypoints_completed": 9, "tot_waypoints": 9}}
{"target": -1048.1792093912966, "params": {"k_pid_pos": [1.4698128353043505, 0.024859491386256316, 0.11401919133455096], "k_pid_alt": [1.2679502233621702, 0.0, 0.1], "k_pid_att": [52.781640202125004, 9.579728616174156, 0.9274604585040267], "k_pid_yaw": [0.5, 1e-06, 0.1], "k_pid_hsp": [1.0, 0.029631885976391104, 0.01], "k_pid_vsp": [14.740616244021254, 156.5077636423909, 157.86287645050152]}, "datetime": {"datetime": "2025-08-20 14:29:04", "elapsed": 9398.688760995865, "delta": 27.30858874320984}, "costs": {"total_cost": 1048.1792093912966, "time_cost": 150, "final_distance_cost": 62.52035873866572, "oscillation_cost": 42.870963868284555, "completition_cost": 666.6666666666667, "overshoot_cost": 109.65843667287065, "power_cost": 7.433583496093751, "noise_cost": 9.029199948715128, "n_waypoints_completed": 3, "tot_waypoints": 9}}
{"target": -204.7017715481723, "params": {"k_pid_pos": [1.4698128353043505, 0.024859491386256316, 0.11401919133455096], "k_pid_alt": [1.2679502233621702, 0.0, 0.1576465649121419], "k_pid_att": [52.781640202125004, 1.0, 0.9274604585040267], "k_pid_yaw": [0.5, 1e-06, 0.1], "k_pid_hsp": [1.0, 0.8275095098070258, 0.01], "k_pid_vsp": [111.20884264032553, 93.09285943774285, 1.0]}, "datetime": {"datetime": "2025-08-20 14:29:19", "elapsed": 9414.183494091034, "delta": 15.494733095169067}, "costs": {"total_cost": 204.7017715481723, "time_cost": 69.312, "final_distance_cost": 1.7737779676689431, "oscillation_cost": 58.83786875951478, "completition_cost": 0.0, "overshoot_cost": 50.643930645378916, "power_cost": 12.641950500488282, "noise_cost": 11.492243675121346, "n_waypoints_completed": 9, "tot_waypoints": 9}}
{"target": -184.42584275041364, "params": {"k_pid_pos": [1.4698128353043505, 0.024859491386256316, 0.11401919133455096], "k_pid_alt": [1.2679502233621702, 0.0, 0.1], "k_pid_att": [94.70626418914286, 3.7802132718527557, 0.9274604585040267], "k_pid_yaw": [0.5, 1e-06, 0.1], "k_pid_hsp": [1.0, 0.01, 0.01], "k_pid_vsp": [111.20884264032553, 93.09285943774285, 1.0]}, "datetime": {"datetime": "2025-08-20 14:29:35", "elapsed": 9430.043530702591, "delta": 15.860036611557007}, "costs": {"total_cost": 184.42584275041364, "time_cost": 68.736, "final_distance_cost": 1.812574981055989, "oscillation_cost": 39.42741535161364, "completition_cost": 0.0, "overshoot_cost": 50.59154614324223, "power_cost": 12.516178039550782, "noise_cost": 11.342128234950998, "n_waypoints_completed": 9, "tot_waypoints": 9}}
{"target": -190.68343882515842, "params": {"k_pid_pos": [1.4698128353043505, 0.024859491386256316, 0.11401919133455096], "k_pid_alt": [1.2679502233621702, 0.0, 0.16072894317769304], "k_pid_att": [68.8149331475618, 4.028010644934719, 0.9274604585040267], "k_pid_yaw": [0.5, 1e-06, 0.1], "k_pid_hsp": [1.0, 0.34449621874560377, 0.01], "k_pid_vsp": [111.20884264032553, 93.09285943774285, 1.0]}, "datetime": {"datetime": "2025-08-20 14:29:53", "elapsed": 9448.394782543182, "delta": 18.35125184059143}, "costs": {"total_cost": 190.68343882515842, "time_cost": 68.528, "final_distance_cost": 1.791387314254164, "oscillation_cost": 47.221879025387615, "completition_cost": 0.0, "overshoot_cost": 49.883504350493425, "power_cost": 12.154462268066407, "noise_cost": 11.104205866956798, "n_waypoints_completed": 9, "tot_waypoints": 9}}
{"target": -570.6528651623238, "params": {"k_pid_pos": [1.9168537650125603, 0.024859491386256316, 0.11401919133455096], "k_pid_alt": [1.2679502233621702, 0.30830480674507665, 0.1], "k_pid_att": [43.948176657889235, 3.7802132718527557, 0.9274604585040267], "k_pid_yaw": [0.5, 1e-06, 0.1], "k_pid_hsp": [1.0, 0.029631885976391104, 0.5441635076491494], "k_pid_vsp": [375.44246649163983, 93.09285943774285, 1.0]}, "datetime": {"datetime": "2025-08-20 14:30:17", "elapsed": 9471.84851717949, "delta": 23.453734636306763}, "costs": {"total_cost": 570.6528651623238, "time_cost": 150, "final_distance_cost": 27.72722169541917, "oscillation_cost": 183.22828229527698, "completition_cost": 111.11111111111116, "overshoot_cost": 62.8182115884831, "power_cost": 19.773259667968752, "noise_cost": 15.994778804064728, "n_waypoints_completed": 8, "tot_waypoints": 9}}
{"target": -181.72960953072592, "params": {"k_pid_pos": [1.4698128353043505, 0.024859491386256316, 0.11401919133455096], "k_pid_alt": [1.2679502233621702, 0.0, 0.1], "k_pid_att": [58.45879911684221, 4.405115701075087, 0.9274604585040267], "k_pid_yaw": [0.5, 1e-06, 0.1], "k_pid_hsp": [1.0, 0.01, 0.01], "k_pid_vsp": [111.20884264032553, 93.09285943774285, 1.0]}, "datetime": {"datetime": "2025-08-20 14:30:32", "elapsed": 9487.17800951004, "delta": 15.329492330551147}, "costs": {"total_cost": 181.72960953072592, "time_cost": 68.57600000000001, "final_distance_cost": 1.777644214780346, "oscillation_cost": 37.68756800760195, "completition_cost": 0.0, "overshoot_cost": 50.28475323869464, "power_cost": 12.265216076660156, "noise_cost": 11.138427992988813, "n_waypoints_completed": 9, "tot_waypoints": 9}}
{"target": -185.82063974228984, "params": {"k_pid_pos": [1.9188042305344217, 0.050748570824986294, 0.11401919133455096], "k_pid_alt": [1.2679502233621702, 0.0, 0.1576465649121419], "k_pid_att": [52.781640202125004, 1.0, 0.9274604585040267], "k_pid_yaw": [0.5, 1e-06, 0.1], "k_pid_hsp": [1.0, 0.029631885976391104, 0.01], "k_pid_vsp": [111.20884264032553, 93.09285943774285, 1.0]}, "datetime": {"datetime": "2025-08-20 14:30:49", "elapsed": 9503.69551706314, "delta": 16.517507553100586}, "costs": {"total_cost": 185.82063974228984, "time_cost": 68.656, "final_distance_cost": 1.7613928634563605, "oscillation_cost": 41.49417510856211, "completition_cost": 0.0, "overshoot_cost": 50.04073176517724, "power_cost": 12.568281213378906, "noise_cost": 11.300058791715236, "n_waypoints_completed": 9, "tot_waypoints": 9}}
{"target": -204.86668623805653, "params": {"k_pid_pos": [1.4698128353043505, 0.024859491386256316, 0.11401919133455096], "k_pid_alt": [1.2679502233621702, 0.0, 0.1], "k_pid_att": [59.499437225992025, 3.7802132718527557, 0.9274604585040267], "k_pid_yaw": [0.5, 1e-06, 0.1], "k_pid_hsp": [1.0, 0.8344040447135034, 0.01], "k_pid_vsp": [111.20884264032553, 93.09285943774285, 1.0]}, "datetime": {"datetime": "2025-08-20 14:31:07", "elapsed": 9521.916179895401, "delta": 18.220662832260132}, "costs": {"total_cost": 204.86668623805653, "time_cost": 69.08800000000001, "final_distance_cost": 1.8189452086790985, "oscillation_cost": 59.236126568507295, "completition_cost": 0.0, "overshoot_cost": 50.73040514878879, "power_cost": 12.546569433593751, "noise_cost": 11.446639878487575, "n_waypoints_completed": 9, "tot_waypoints": 9}}
{"target": -232.5648386089107, "params": {"k_pid_pos": [1.4698128353043505, 0.024859491386256316, 0.9062157365473852], "k_pid_alt": [1.2679502233621702, 0.21279159204151088, 0.1], "k_pid_att": [43.948176657889235, 3.7802132718527557, 0.9274604585040267], "k_pid_yaw": [0.5, 1e-06, 0.1], "k_pid_hsp": [9.822050525885613, 0.01, 0.01], "k_pid_vsp": [216.03222731533768, 69.46038294301658, 1.0]}, "datetime": {"datetime": "2025-08-20 14:31:29", "elapsed": 9544.114385128021, "delta": 22.19820523262024}, "costs": {"total_cost": 232.5648386089107, "time_cost": 80.624, "final_distance_cost": 1.7988820762360143, "oscillation_cost": 72.9845162745031, "completition_cost": 0.0, "overshoot_cost": 51.32007105379462, "power_cost": 13.61452049560547, "noise_cost": 12.2228487087715, "n_waypoints_completed": 9, "tot_waypoints": 9}}
{"target": -182.60458782835116, "params": {"k_pid_pos": [1.4698128353043505, 0.024859491386256316, 0.11401919133455096], "k_pid_alt": [1.2679502233621702, 0.0, 0.1], "k_pid_att": [43.948176657889235, 4.028010644934719, 0.9274604585040267], "k_pid_yaw": [0.5, 1e-06, 0.1], "k_pid_hsp": [1.0, 0.01, 0.01], "k_pid_vsp": [277.2708477836043, 93.09285943774285, 1.0]}, "datetime": {"datetime": "2025-08-20 14:31:50", "elapsed": 9564.866353273392, "delta": 20.751968145370483}, "costs": {"total_cost": 182.60458782835116, "time_cost": 68.70400000000001, "final_distance_cost": 1.7848321692548808, "oscillation_cost": 37.80188103678143, "completition_cost": 0.0, "overshoot_cost": 50.49299837153739, "power_cost": 12.48530625, "noise_cost": 11.335570000777428, "n_waypoints_completed": 9, "tot_waypoints": 9}}
{"target": -216.0224486750098, "params": {"k_pid_pos": [1.4698128353043505, 0.5998678448275786, 0.2801383876314065], "k_pid_alt": [1.2679502233621702, 0.0, 0.1], "k_pid_att": [43.948176657889235, 3.7802132718527557, 0.9274604585040267], "k_pid_yaw": [0.5, 1e-06, 0.1], "k_pid_hsp": [1.0, 0.01, 0.01], "k_pid_vsp": [10.061310251204958, 93.09285943774285, 1.0]}, "datetime": {"datetime": "2025-08-20 14:32:12", "elapsed": 9587.149764060974, "delta": 22.283410787582397}, "costs": {"total_cost": 216.0224486750098, "time_cost": 82.176, "final_distance_cost": 1.7940756518586864, "oscillation_cost": 52.06433620093128, "completition_cost": 0.0, "overshoot_cost": 51.371997326179745, "power_cost": 15.50758896484375, "noise_cost": 13.108450531196313, "n_waypoints_completed": 9, "tot_waypoints": 9}}
{"target": -300.269257103092, "params": {"k_pid_pos": [1.4698128353043505, 0.024859491386256316, 0.11401919133455096], "k_pid_alt": [1.2679502233621702, 0.0, 0.1], "k_pid_att": [43.948176657889235, 3.7802132718527557, 0.9274604585040267], "k_pid_yaw": [0.5, 1e-06, 0.1], "k_pid_hsp": [1.0, 0.01, 0.43392620681026395], "k_pid_vsp": [111.20884264032553, 93.09285943774285, 1.0]}, "datetime": {"datetime": "2025-08-20 14:32:31", "elapsed": 9606.03398346901, "delta": 18.88421940803528}, "costs": {"total_cost": 300.269257103092, "time_cost": 73.856, "final_distance_cost": 1.774365625695435, "oscillation_cost": 146.54780509437174, "completition_cost": 0.0, "overshoot_cost": 50.308027897896956, "power_cost": 14.83244647216797, "noise_cost": 12.950612012959903, "n_waypoints_completed": 9, "tot_waypoints": 9}}
{"target": -259.0234473011019, "params": {"k_pid_pos": [1.4698128353043505, 0.9521925363959002, 0.11401919133455096], "k_pid_alt": [1.2679502233621702, 0.0, 0.13294310327404035], "k_pid_att": [43.948176657889235, 3.7802132718527557, 0.9274604585040267], "k_pid_yaw": [0.5, 1e-06, 0.1], "k_pid_hsp": [1.0, 0.029631885976391104, 0.01], "k_pid_vsp": [111.20884264032553, 93.09285943774285, 1.0]}, "datetime": {"datetime": "2025-08-20 14:32:55", "elapsed": 9630.018731117249, "delta": 23.984747648239136}, "costs": {"total_cost": 259.0234473011019, "time_cost": 99.864, "final_distance_cost": 1.7646469232683342, "oscillation_cost": 54.24690077262498, "completition_cost": 0.0, "overshoot_cost": 65.47506153540509, "power_cost": 19.77189149169922, "noise_cost": 17.90094657810429, "n_waypoints_completed": 9, "tot_waypoints": 9}}
{"target": -193.7106082138559, "params": {"k_pid_pos": [1.4698128353043505, 0.024859491386256316, 0.11401919133455096], "k_pid_alt": [0.5660386435476983, 0.0, 0.1], "k_pid_att": [43.948176657889235, 3.7802132718527557, 0.9274604585040267], "k_pid_yaw": [0.5, 1e-06, 0.1], "k_pid_hsp": [1.742591002227903, 0.01, 0.01], "k_pid_vsp": [111.20884264032553, 93.09285943774285, 1.0]}, "datetime": {"datetime": "2025-08-20 14:33:14", "elapsed": 9648.800348043442, "delta": 18.781616926193237}, "costs": {"total_cost": 193.7106082138559, "time_cost": 75.456, "final_distance_cost": 1.8455247458577875, "oscillation_cost": 41.89968703268964, "completition_cost": 0.0, "overshoot_cost": 50.45267416960937, "power_cost": 12.49964638671875, "noise_cost": 11.55707587898032, "n_waypoints_completed": 9, "tot_waypoints": 9}}
{"target": -196.84063258090842, "params": {"k_pid_pos": [1.4698128353043505, 0.024859491386256316, 0.11401919133455096], "k_pid_alt": [1.2679502233621702, 0.0, 0.1], "k_pid_att": [43.948176657889235, 0.1829435822487251, 0.9274604585040267], "k_pid_yaw": [0.5, 1e-06, 0.1], "k_pid_hsp": [9.822050525885613, 0.6928529548962581, 0.01], "k_pid_vsp": [111.20884264032553, 68.25774458243322, 1.0]}, "datetime": {"datetime": "2025-08-20 14:33:30", "elapsed": 9665.420147895813, "delta": 16.619799852371216}, "costs": {"total_cost": 196.84063258090842, "time_cost": 68.592, "final_distance_cost": 1.7856097941740703, "oscillation_cost": 53.00302364378941, "completition_cost": 0.0, "overshoot_cost": 50.171768119311544, "power_cost": 12.176217199707033, "noise_cost": 11.112013823926393, "n_waypoints_completed": 9, "tot_waypoints": 9}}
