{"target": -183.7251264572996, "params": {"k_pid_pos": [1.4698128353043505, 0.024859491386256316, 0.8672549058211023], "k_pid_alt": [1.2679502233621702, 0.0, 0.1], "k_pid_att": [43.948176657889235, 5.3753599788647985, 0.9274604585040267], "k_pid_yaw": [0.5, 1e-06, 0.1], "k_pid_hsp": [2.82373402557605, 0.01, 0.01], "k_pid_vsp": [111.20884264032553, 102.7157397860675, 1.0]}, "datetime": {"datetime": "2025-08-20 20:14:52", "elapsed": 30147.343813180923, "delta": 17.20080327987671}, "costs": {"total_cost": 183.7251264572996, "time_cost": 71.248, "final_distance_cost": 1.8503312008518509, "oscillation_cost": 36.7303062907793, "completition_cost": 0.0, "overshoot_cost": 50.50055220569893, "power_cost": 11.7562134765625, "noise_cost": 11.639723283407035, "n_waypoints_completed": 9, "tot_waypoints": 9}}
{"target": -180.01504197469558, "params": {"k_pid_pos": [1.4698128353043505, 0.024859491386256316, 0.3434561031905483], "k_pid_alt": [1.440715734429763, 0.0, 0.1], "k_pid_att": [43.948176657889235, 1.326856224425946, 0.9274604585040267], "k_pid_yaw": [0.5, 1e-06, 0.1], "k_pid_hsp": [2.82373402557605, 0.01, 0.01], "k_pid_vsp": [111.20884264032553, 102.7157397860675, 1.0]}, "datetime": {"datetime": "2025-08-20 20:15:08", "elapsed": 30162.957827091217, "delta": 15.614013910293579}, "costs": {"total_cost": 180.01504197469558, "time_cost": 68.96000000000001, "final_distance_cost": 1.8349121191929907, "oscillation_cost": 36.92064982931967, "completition_cost": 0.0, "overshoot_cost": 49.908713510204336, "power_cost": 11.33867919921875, "noise_cost": 11.052087316759804, "n_waypoints_completed": 9, "tot_waypoints": 9}}
{"target": -194.26128065624778, "params": {"k_pid_pos": [1.4698128353043505, 0.7626829481589051, 0.880416601094507], "k_pid_alt": [1.411112159818204, 0.0, 0.1], "k_pid_att": [43.948176657889235, 1.326856224425946, 0.9274604585040267], "k_pid_yaw": [0.5, 1e-06, 0.1], "k_pid_hsp": [2.82373402557605, 0.01, 0.01], "k_pid_vsp": [111.20884264032553, 102.7157397860675, 1.0]}, "datetime": {"datetime": "2025-08-20 20:15:26", "elapsed": 30180.503298044205, "delta": 17.54547095298767}, "costs": {"total_cost": 194.26128065624778, "time_cost": 77.47200000000001, "final_distance_cost": 1.794040142843471, "oscillation_cost": 38.27222584737447, "completition_cost": 0.0, "overshoot_cost": 51.447580947733954, "power_cost": 13.103449536132812, "noise_cost": 12.171984182163047, "n_waypoints_completed": 9, "tot_waypoints": 9}}
{"target": -212.91327970014717, "params": {"k_pid_pos": [1.4698128353043505, 0.024859491386256316, 0.3434561031905483], "k_pid_alt": [1.2679502233621702, 0.5971434533176183, 0.1], "k_pid_att": [43.948176657889235, 1.326856224425946, 0.21500662963158956], "k_pid_yaw": [0.5, 1e-06, 0.1], "k_pid_hsp": [2.82373402557605, 0.37907839731060067, 0.01], "k_pid_vsp": [278.48014832846997, 102.7157397860675, 1.0]}, "datetime": {"datetime": "2025-08-20 20:15:44", "elapsed": 30198.748811006546, "delta": 18.24551296234131}, "costs": {"total_cost": 212.91327970014717, "time_cost": 78.248, "final_distance_cost": 1.8023654510880274, "oscillation_cost": 55.872406574815194, "completition_cost": 0.0, "overshoot_cost": 51.905658215612924, "power_cost": 13.175289270019531, "noise_cost": 11.909560188611485, "n_waypoints_completed": 9, "tot_waypoints": 9}}
{"target": -177.6739252695265, "params": {"k_pid_pos": [1.4698128353043505, 0.024859491386256316, 0.3434561031905483], "k_pid_alt": [1.2679502233621702, 0.0, 0.1], "k_pid_att": [43.948176657889235, 1.326856224425946, 0.9274604585040267], "k_pid_yaw": [0.5, 1e-06, 0.1], "k_pid_hsp": [2.82373402557605, 0.01, 0.01], "k_pid_vsp": [111.20884264032553, 102.7157397860675, 1.0]}, "datetime": {"datetime": "2025-08-20 20:15:59", "elapsed": 30213.96117568016, "delta": 15.212364673614502}, "costs": {"total_cost": 177.6739252695265, "time_cost": 69.152, "final_distance_cost": 1.8262656886158488, "oscillation_cost": 34.33594552183275, "completition_cost": 0.0, "overshoot_cost": 50.065815663241324, "power_cost": 11.237653356933594, "noise_cost": 11.056245038902981, "n_waypoints_completed": 9, "tot_waypoints": 9}}
{"target": -599.181168600436, "params": {"k_pid_pos": [1.4698128353043505, 0.024859491386256316, 0.3434561031905483], "k_pid_alt": [1.2679502233621702, 0.0, 0.1], "k_pid_att": [43.948176657889235, 1.326856224425946, 0.9274604585040267], "k_pid_yaw": [0.5, 1e-06, 0.1], "k_pid_hsp": [2.82373402557605, 0.01, 0.01], "k_pid_vsp": [111.20884264032553, 102.7157397860675, 130.14958620146152]}, "datetime": {"datetime": "2025-08-20 20:16:22", "elapsed": 30237.297847032547, "delta": 23.336671352386475}, "costs": {"total_cost": 599.181168600436, "time_cost": 150, "final_distance_cost": 74.2507643035721, "oscillation_cost": 56.01727023857802, "completition_cost": 222.2222222222222, "overshoot_cost": 66.27054548233326, "power_cost": 17.082342260742188, "noise_cost": 13.338024092988102, "n_waypoints_completed": 7, "tot_waypoints": 9}}
{"target": -1731.2023357827024, "params": {"k_pid_pos": [1.4698128353043505, 0.024859491386256316, 0.45183138031506087], "k_pid_alt": [0.747058922102781, 0.0, 0.1], "k_pid_att": [43.948176657889235, 1.326856224425946, 0.9274604585040267], "k_pid_yaw": [0.5, 1e-06, 0.1], "k_pid_hsp": [2.82373402557605, 0.01, 0.0933370746102804], "k_pid_vsp": [111.20884264032553, 102.7157397860675, 378.0276463997573]}, "datetime": {"datetime": "2025-08-20 20:16:45", "elapsed": 30260.1535987854, "delta": 22.855751752853394}, "costs": {"total_cost": 1731.2023357827024, "time_cost": 150, "final_distance_cost": 217.6966759000704, "oscillation_cost": 162.78460612066803, "completition_cost": 888.8888888888888, "overshoot_cost": 277.35198232819226, "power_cost": 18.813259558105468, "noise_cost": 15.66692298677755, "n_waypoints_completed": 1, "tot_waypoints": 9}}
{"target": -188.5971110010537, "params": {"k_pid_pos": [1.4698128353043505, 0.024859491386256316, 0.3434561031905483], "k_pid_alt": [1.411112159818204, 0.0, 0.1], "k_pid_att": [60.80703776507656, 1.326856224425946, 0.9274604585040267], "k_pid_yaw": [0.5, 1e-06, 0.1], "k_pid_hsp": [2.82373402557605, 0.01, 0.01], "k_pid_vsp": [111.20884264032553, 102.7157397860675, 63.37118315844313]}, "datetime": {"datetime": "2025-08-20 20:17:00", "elapsed": 30275.108948469162, "delta": 14.955349683761597}, "costs": {"total_cost": 188.5971110010537, "time_cost": 69.096, "final_distance_cost": 1.8327539341323003, "oscillation_cost": 47.74811096602089, "completition_cost": 0.0, "overshoot_cost": 50.58642862731738, "power_cost": 10.146641528320313, "noise_cost": 9.1871759452628, "n_waypoints_completed": 9, "tot_waypoints": 9}}
{"target": -184.15753124245697, "params": {"k_pid_pos": [1.4698128353043505, 0.024859491386256316, 0.3434561031905483], "k_pid_alt": [1.2679502233621702, 0.0, 0.1], "k_pid_att": [43.948176657889235, 1.326856224425946, 0.9274604585040267], "k_pid_yaw": [0.5, 1e-06, 0.1], "k_pid_hsp": [2.82373402557605, 0.758576650728263, 0.01], "k_pid_vsp": [111.20884264032553, 102.7157397860675, 1.0]}, "datetime": {"datetime": "2025-08-20 20:17:16", "elapsed": 30291.306411981583, "delta": 16.197463512420654}, "costs": {"total_cost": 184.15753124245697, "time_cost": 68.824, "final_distance_cost": 1.8369820051542163, "oscillation_cost": 41.94878637044391, "completition_cost": 0.0, "overshoot_cost": 49.12492441986006, "power_cost": 11.427520434570313, "noise_cost": 10.995318012428456, "n_waypoints_completed": 9, "tot_waypoints": 9}}
{"target": -1095.7304370119607, "params": {"k_pid_pos": [1.6248320196330406, 0.024859491386256316, 0.3434561031905483], "k_pid_alt": [1.2679502233621702, 0.0, 0.1], "k_pid_att": [43.948176657889235, 1.326856224425946, 0.9274604585040267], "k_pid_yaw": [0.5, 1e-06, 0.1], "k_pid_hsp": [2.82373402557605, 0.01, 0.01], "k_pid_vsp": [111.20884264032553, 102.7157397860675, 362.9814901044949]}, "datetime": {"datetime": "2025-08-20 20:17:41", "elapsed": 30315.712938785553, "delta": 24.406526803970337}, "costs": {"total_cost": 1095.7304370119607, "time_cost": 150, "final_distance_cost": 80.11598398620166, "oscillation_cost": 45.66874971799061, "completition_cost": 666.6666666666667, "overshoot_cost": 115.38196949327538, "power_cost": 18.72118388671875, "noise_cost": 19.175883261107607, "n_waypoints_completed": 3, "tot_waypoints": 9}}
{"target": -177.6739252695265, "params": {"k_pid_pos": [1.4698128353043505, 0.024859491386256316, 0.3434561031905483], "k_pid_alt": [1.2679502233621702, 0.0, 0.1], "k_pid_att": [43.948176657889235, 1.326856224425946, 0.9274604585040267], "k_pid_yaw": [0.5, 1e-06, 0.1], "k_pid_hsp": [2.82373402557605, 0.01, 0.01], "k_pid_vsp": [111.20884264032553, 102.7157397860675, 1.0]}, "datetime": {"datetime": "2025-08-20 20:17:57", "elapsed": 30331.606038331985, "delta": 15.893099546432495}, "costs": {"total_cost": 177.6739252695265, "time_cost": 69.152, "final_distance_cost": 1.8262656886158488, "oscillation_cost": 34.33594552183275, "completition_cost": 0.0, "overshoot_cost": 50.065815663241324, "power_cost": 11.237653356933594, "noise_cost": 11.056245038902981, "n_waypoints_completed": 9, "tot_waypoints": 9}}
{"target": -177.6739252695265, "params": {"k_pid_pos": [1.4698128353043505, 0.024859491386256316, 0.3434561031905483], "k_pid_alt": [1.2679502233621702, 0.0, 0.1], "k_pid_att": [43.948176657889235, 1.326856224425946, 0.9274604585040267], "k_pid_yaw": [0.5, 1e-06, 0.1], "k_pid_hsp": [2.82373402557605, 0.01, 0.01], "k_pid_vsp": [111.20884264032553, 102.7157397860675, 1.0]}, "datetime": {"datetime": "2025-08-20 20:18:13", "elapsed": 30347.613837718964, "delta": 16.00779938697815}, "costs": {"total_cost": 177.6739252695265, "time_cost": 69.152, "final_distance_cost": 1.8262656886158488, "oscillation_cost": 34.33594552183275, "completition_cost": 0.0, "overshoot_cost": 50.065815663241324, "power_cost": 11.237653356933594, "noise_cost": 11.056245038902981, "n_waypoints_completed": 9, "tot_waypoints": 9}}
{"target": -177.6739252695265, "params": {"k_pid_pos": [1.4698128353043505, 0.024859491386256316, 0.3434561031905483], "k_pid_alt": [1.2679502233621702, 0.0, 0.1], "k_pid_att": [43.948176657889235, 1.326856224425946, 0.9274604585040267], "k_pid_yaw": [0.5, 1e-06, 0.1], "k_pid_hsp": [2.82373402557605, 0.01, 0.01], "k_pid_vsp": [111.20884264032553, 102.7157397860675, 1.0]}, "datetime": {"datetime": "2025-08-20 20:18:28", "elapsed": 30362.670419454575, "delta": 15.056581735610962}, "costs": {"total_cost": 177.6739252695265, "time_cost": 69.152, "final_distance_cost": 1.8262656886158488, "oscillation_cost": 34.33594552183275, "completition_cost": 0.0, "overshoot_cost": 50.065815663241324, "power_cost": 11.237653356933594, "noise_cost": 11.056245038902981, "n_waypoints_completed": 9, "tot_waypoints": 9}}
{"target": -181.6480425608603, "params": {"k_pid_pos": [1.4698128353043505, 0.024859491386256316, 0.15504459629470158], "k_pid_alt": [1.2679502233621702, 0.0, 0.1], "k_pid_att": [43.948176657889235, 1.326856224425946, 0.9274604585040267], "k_pid_yaw": [0.5, 1e-06, 0.1], "k_pid_hsp": [2.82373402557605, 0.01, 0.01], "k_pid_vsp": [111.20884264032553, 250.21609499067577, 1.0]}, "datetime": {"datetime": "2025-08-20 20:18:44", "elapsed": 30378.888609170914, "delta": 16.21818971633911}, "costs": {"total_cost": 181.6480425608603, "time_cost": 68.744, "final_distance_cost": 1.7919019742383406, "oscillation_cost": 38.65717686430366, "completition_cost": 0.0, "overshoot_cost": 49.8397688155033, "power_cost": 11.652055554199219, "noise_cost": 10.963139352615762, "n_waypoints_completed": 9, "tot_waypoints": 9}}
{"target": -185.38469304930857, "params": {"k_pid_pos": [1.4698128353043505, 0.024859491386256316, 0.3434561031905483], "k_pid_alt": [0.7503000084241305, 0.0, 0.1], "k_pid_att": [11.246502653247227, 1.326856224425946, 0.9274604585040267], "k_pid_yaw": [0.5, 1e-06, 0.1], "k_pid_hsp": [2.82373402557605, 0.01, 0.01], "k_pid_vsp": [111.20884264032553, 102.7157397860675, 1.0]}, "datetime": {"datetime": "2025-08-20 20:18:59", "elapsed": 30394.01793384552, "delta": 15.129324674606323}, "costs": {"total_cost": 185.38469304930857, "time_cost": 71.616, "final_distance_cost": 1.828238181311249, "oscillation_cost": 38.72206451742366, "completition_cost": 0.0, "overshoot_cost": 49.394032390009734, "power_cost": 12.457629309082032, "noise_cost": 11.366728651481905, "n_waypoints_completed": 9, "tot_waypoints": 9}}
{"target": -220.902954413337, "params": {"k_pid_pos": [1.4698128353043505, 0.024859491386256316, 0.3434561031905483], "k_pid_alt": [1.2679502233621702, 0.972950519011735, 0.8561296716900385], "k_pid_att": [43.948176657889235, 1.326856224425946, 0.9274604585040267], "k_pid_yaw": [0.5, 1e-06, 0.1], "k_pid_hsp": [2.82373402557605, 0.01, 0.01], "k_pid_vsp": [111.20884264032553, 102.7157397860675, 1.0]}, "datetime": {"datetime": "2025-08-20 20:19:19", "elapsed": 30413.824388742447, "delta": 19.80645489692688}, "costs": {"total_cost": 220.902954413337, "time_cost": 85.848, "final_distance_cost": 1.7927485187911956, "oscillation_cost": 51.96537238919276, "completition_cost": 0.0, "overshoot_cost": 54.336118580734556, "power_cost": 14.218601220703126, "noise_cost": 12.74211370391536, "n_waypoints_completed": 9, "tot_waypoints": 9}}
{"target": -181.60112027617095, "params": {"k_pid_pos": [1.4698128353043505, 0.024859491386256316, 0.3434561031905483], "k_pid_alt": [1.2679502233621702, 0.0, 0.04765230386150865], "k_pid_att": [43.948176657889235, 1.326856224425946, 0.9274604585040267], "k_pid_yaw": [0.5, 1e-06, 0.1], "k_pid_hsp": [2.82373402557605, 0.5286484062691404, 0.01], "k_pid_vsp": [111.20884264032553, 102.7157397860675, 1.0]}, "datetime": {"datetime": "2025-08-20 20:19:34", "elapsed": 30428.57590198517, "delta": 14.751513242721558}, "costs": {"total_cost": 181.60112027617095, "time_cost": 68.752, "final_distance_cost": 1.8438552537302155, "oscillation_cost": 39.26396098259649, "completition_cost": 0.0, "overshoot_cost": 49.45605704698615, "power_cost": 11.311944702148438, "noise_cost": 10.973302290709688, "n_waypoints_completed": 9, "tot_waypoints": 9}}
{"target": -184.39057245138457, "params": {"k_pid_pos": [1.4698128353043505, 0.024859491386256316, 0.3434561031905483], "k_pid_alt": [1.2679502233621702, 0.0, 0.02282466901291924], "k_pid_att": [43.948176657889235, 1.326856224425946, 0.20497828334174084], "k_pid_yaw": [0.5, 1e-06, 0.1], "k_pid_hsp": [2.82373402557605, 0.01, 0.01], "k_pid_vsp": [121.11927891757475, 102.7157397860675, 1.0]}, "datetime": {"datetime": "2025-08-20 20:19:50", "elapsed": 30444.590031147003, "delta": 16.014129161834717}, "costs": {"total_cost": 184.39057245138457, "time_cost": 69.096, "final_distance_cost": 1.8312213604468015, "oscillation_cost": 40.3148871851524, "completition_cost": 0.0, "overshoot_cost": 50.137779871527385, "power_cost": 11.818356213378907, "noise_cost": 11.192327820879044, "n_waypoints_completed": 9, "tot_waypoints": 9}}
{"target": -332.64163968364215, "params": {"k_pid_pos": [1.4698128353043505, 0.024859491386256316, 0.3434561031905483], "k_pid_alt": [1.440715734429763, 0.0, 0.1], "k_pid_att": [43.948176657889235, 1.326856224425946, 0.07467988019100957], "k_pid_yaw": [0.5, 1e-06, 0.1], "k_pid_hsp": [2.801807545737723, 0.01, 0.14758719081210547], "k_pid_vsp": [137.42066172705395, 102.7157397860675, 1.0]}, "datetime": {"datetime": "2025-08-20 20:20:07", "elapsed": 30461.593589782715, "delta": 17.00355863571167}, "costs": {"total_cost": 332.64163968364215, "time_cost": 72.312, "final_distance_cost": 1.791158325933758, "oscillation_cost": 178.0563277872949, "completition_cost": 0.0, "overshoot_cost": 52.603489072600425, "power_cost": 14.993012695312501, "noise_cost": 12.88565180250058, "n_waypoints_completed": 9, "tot_waypoints": 9}}
{"target": -216.9532031795074, "params": {"k_pid_pos": [1.4698128353043505, 0.024859491386256316, 0.3434561031905483], "k_pid_alt": [1.2679502233621702, 0.05522870589016149, 0.1], "k_pid_att": [43.948176657889235, 1.326856224425946, 0.9274604585040267], "k_pid_yaw": [0.5, 1e-06, 0.1], "k_pid_hsp": [2.82373402557605, 0.7143847214026764, 0.01], "k_pid_vsp": [111.20884264032553, 250.21609499067577, 22.211825688563795]}, "datetime": {"datetime": "2025-08-20 20:20:24", "elapsed": 30478.912930250168, "delta": 17.319340467453003}, "costs": {"total_cost": 216.9532031795074, "time_cost": 81.336, "final_distance_cost": 1.810136592125523, "oscillation_cost": 53.89856404387819, "completition_cost": 0.0, "overshoot_cost": 50.068555024004674, "power_cost": 16.93041209716797, "noise_cost": 12.909535422331068, "n_waypoints_completed": 9, "tot_waypoints": 9}}
{"target": -1134.4057813553077, "params": {"k_pid_pos": [1.4698128353043505, 0.024859491386256316, 0.3434561031905483], "k_pid_alt": [0.7503000084241305, 0.0, 0.1], "k_pid_att": [43.948176657889235, 1.326856224425946, 0.9274604585040267], "k_pid_yaw": [0.5, 1e-06, 0.1], "k_pid_hsp": [2.82373402557605, 0.01, 0.01], "k_pid_vsp": [344.0600164616191, 102.7157397860675, 211.66936240402038]}, "datetime": {"datetime": "2025-08-20 20:20:47", "elapsed": 30502.152634859085, "delta": 23.239704608917236}, "costs": {"total_cost": 1134.4057813553077, "time_cost": 150, "final_distance_cost": 89.27943064855313, "oscillation_cost": 35.903087414673976, "completition_cost": 777.7777777777778, "overshoot_cost": 28.74160824771053, "power_cost": 31.631090576171875, "noise_cost": 21.072786690420394, "n_waypoints_completed": 2, "tot_waypoints": 9}}
{"target": -179.76493342701232, "params": {"k_pid_pos": [1.4698128353043505, 0.024859491386256316, 0.3434561031905483], "k_pid_alt": [1.411112159818204, 0.0, 0.1], "k_pid_att": [43.948176657889235, 1.326856224425946, 0.9274604585040267], "k_pid_yaw": [0.5, 1e-06, 0.1], "k_pid_hsp": [2.82373402557605, 0.01, 0.01], "k_pid_vsp": [111.20884264032553, 130.53254854158118, 1.0]}, "datetime": {"datetime": "2025-08-20 20:21:04", "elapsed": 30518.56601166725, "delta": 16.413376808166504}, "costs": {"total_cost": 179.76493342701232, "time_cost": 69.008, "final_distance_cost": 1.8251813888561224, "oscillation_cost": 36.502229641370775, "completition_cost": 0.0, "overshoot_cost": 50.031720378306034, "power_cost": 11.35362978515625, "noise_cost": 11.044172233323133, "n_waypoints_completed": 9, "tot_waypoints": 9}}
{"target": -187.15720139444448, "params": {"k_pid_pos": [1.4698128353043505, 0.024859491386256316, 0.3434561031905483], "k_pid_alt": [0.8511837275376319, 0.0, 0.1], "k_pid_att": [43.948176657889235, 8.451705289372699, 0.8267899093225144], "k_pid_yaw": [0.5, 1e-06, 0.1], "k_pid_hsp": [3.8165853135157835, 0.01, 0.01], "k_pid_vsp": [111.20884264032553, 102.7157397860675, 1.0]}, "datetime": {"datetime": "2025-08-20 20:21:19", "elapsed": 30534.148838043213, "delta": 15.582826375961304}, "costs": {"total_cost": 187.15720139444448, "time_cost": 70.752, "final_distance_cost": 1.829080670523748, "oscillation_cost": 42.21106484608692, "completition_cost": 0.0, "overshoot_cost": 49.681684956474626, "power_cost": 11.559197961425781, "noise_cost": 11.124172959933432, "n_waypoints_completed": 9, "tot_waypoints": 9}}
{"target": -177.6739252695265, "params": {"k_pid_pos": [1.4698128353043505, 0.024859491386256316, 0.3434561031905483], "k_pid_alt": [1.2679502233621702, 0.0, 0.1], "k_pid_att": [43.948176657889235, 1.326856224425946, 0.9274604585040267], "k_pid_yaw": [0.5, 1e-06, 0.1], "k_pid_hsp": [2.82373402557605, 0.01, 0.01], "k_pid_vsp": [111.20884264032553, 102.7157397860675, 1.0]}, "datetime": {"datetime": "2025-08-20 20:21:36", "elapsed": 30550.62791275978, "delta": 16.479074716567993}, "costs": {"total_cost": 177.6739252695265, "time_cost": 69.152, "final_distance_cost": 1.8262656886158488, "oscillation_cost": 34.33594552183275, "completition_cost": 0.0, "overshoot_cost": 50.065815663241324, "power_cost": 11.237653356933594, "noise_cost": 11.056245038902981, "n_waypoints_completed": 9, "tot_waypoints": 9}}
{"target": -186.5019616414196, "params": {"k_pid_pos": [1.4698128353043505, 0.024859491386256316, 0.3434561031905483], "k_pid_alt": [0.8511837275376319, 0.0, 0.1], "k_pid_att": [43.948176657889235, 8.451705289372699, 0.9274604585040267], "k_pid_yaw": [0.5, 1e-06, 0.1], "k_pid_hsp": [4.3372224232348895, 0.01, 0.01], "k_pid_vsp": [111.20884264032553, 102.7157397860675, 1.0]}, "datetime": {"datetime": "2025-08-20 20:21:56", "elapsed": 30570.997268915176, "delta": 20.369356155395508}, "costs": {"total_cost": 186.5019616414196, "time_cost": 70.72, "final_distance_cost": 1.827517417290177, "oscillation_cost": 41.40346632142919, "completition_cost": 0.0, "overshoot_cost": 50.039413258543384, "power_cost": 11.43823826904297, "noise_cost": 11.073326375113867, "n_waypoints_completed": 9, "tot_waypoints": 9}}
{"target": -177.6739252695265, "params": {"k_pid_pos": [1.4698128353043505, 0.024859491386256316, 0.3434561031905483], "k_pid_alt": [1.2679502233621702, 0.0, 0.1], "k_pid_att": [43.948176657889235, 1.326856224425946, 0.9274604585040267], "k_pid_yaw": [0.5, 1e-06, 0.1], "k_pid_hsp": [2.82373402557605, 0.01, 0.01], "k_pid_vsp": [111.20884264032553, 102.7157397860675, 1.0]}, "datetime": {"datetime": "2025-08-20 20:22:23", "elapsed": 30597.55895447731, "delta": 26.56168556213379}, "costs": {"total_cost": 177.6739252695265, "time_cost": 69.152, "final_distance_cost": 1.8262656886158488, "oscillation_cost": 34.33594552183275, "completition_cost": 0.0, "overshoot_cost": 50.065815663241324, "power_cost": 11.237653356933594, "noise_cost": 11.056245038902981, "n_waypoints_completed": 9, "tot_waypoints": 9}}
