{"target": -344.6085250586259, "params": {"k_pid_pos": [1.4698128353043505, 0.024859491386256316, 0.11401919133455096], "k_pid_alt": [0.9092830241607659, 0.0, 0.1], "k_pid_att": [33.41589308538913, 3.7802132718527557, 0.9274604585040267], "k_pid_yaw": [0.5, 1e-06, 0.1], "k_pid_hsp": [3.022941925987454, 0.01, 0.3427828889311625], "k_pid_vsp": [111.20884264032553, 93.09285943774285, 1.0]}, "datetime": {"datetime": "2025-08-20 15:38:31", "elapsed": 13565.66523551941, "delta": 16.150798320770264}, "costs": {"total_cost": 344.6085250586259, "time_cost": 73.712, "final_distance_cost": 1.729955503565448, "oscillation_cost": 192.76323773339823, "completition_cost": 0.0, "overshoot_cost": 49.0084766521309, "power_cost": 14.764340002441408, "noise_cost": 12.630515167089884, "n_waypoints_completed": 9, "tot_waypoints": 9}}
{"target": -237.02622065227104, "params": {"k_pid_pos": [1.4698128353043505, 0.8712793157065106, 0.11401919133455096], "k_pid_alt": [1.2679502233621702, 0.0, 0.1], "k_pid_att": [43.948176657889235, 3.7802132718527557, 0.4533553111744568], "k_pid_yaw": [0.5, 1e-06, 0.1], "k_pid_hsp": [1.0, 0.01, 0.01], "k_pid_vsp": [111.20884264032553, 93.09285943774285, 1.0]}, "datetime": {"datetime": "2025-08-20 15:38:51", "elapsed": 13586.049476385117, "delta": 20.384240865707397}, "costs": {"total_cost": 237.02622065227104, "time_cost": 92.368, "final_distance_cost": 1.7257989809509855, "oscillation_cost": 55.78155109858716, "completition_cost": 0.0, "overshoot_cost": 54.20531136766327, "power_cost": 17.706031091308596, "noise_cost": 15.23952811376103, "n_waypoints_completed": 9, "tot_waypoints": 9}}
{"target": -186.23659519995385, "params": {"k_pid_pos": [1.4698128353043505, 0.024859491386256316, 0.4088772856873999], "k_pid_alt": [1.113216515173282, 0.0, 0.1], "k_pid_att": [89.76499907316582, 3.7802132718527557, 0.9274604585040267], "k_pid_yaw": [0.5, 1e-06, 0.1], "k_pid_hsp": [1.0, 0.01, 0.01], "k_pid_vsp": [111.20884264032553, 87.58200976551859, 1.0]}, "datetime": {"datetime": "2025-08-20 15:39:07", "elapsed": 13601.750280618668, "delta": 15.700804233551025}, "costs": {"total_cost": 186.23659519995385, "time_cost": 69.92, "final_distance_cost": 1.8367424486676627, "oscillation_cost": 40.48762429842029, "completition_cost": 0.0, "overshoot_cost": 50.33391745117149, "power_cost": 12.214258618164063, "noise_cost": 11.444052383530353, "n_waypoints_completed": 9, "tot_waypoints": 9}}
{"target": -184.6450390899762, "params": {"k_pid_pos": [0.9326368519522082, 0.024859491386256316, 0.11401919133455096], "k_pid_alt": [1.2679502233621702, 0.0, 0.1], "k_pid_att": [43.948176657889235, 8.039636722459171, 0.8792759721912583], "k_pid_yaw": [0.5, 1e-06, 0.1], "k_pid_hsp": [1.212585439599864, 0.01, 0.01], "k_pid_vsp": [111.20884264032553, 87.58200976551859, 1.0]}, "datetime": {"datetime": "2025-08-20 15:39:23", "elapsed": 13617.617659330368, "delta": 15.86737871170044}, "costs": {"total_cost": 184.6450390899762, "time_cost": 70.8, "final_distance_cost": 1.838217406297395, "oscillation_cost": 37.93302919038782, "completition_cost": 0.0, "overshoot_cost": 49.723925732806464, "power_cost": 12.496879797363281, "noise_cost": 11.852986963121243, "n_waypoints_completed": 9, "tot_waypoints": 9}}
{"target": -190.32717775910854, "params": {"k_pid_pos": [1.4698128353043505, 0.024859491386256316, 0.11401919133455096], "k_pid_alt": [1.2679502233621702, 0.0, 0.1739375988235733], "k_pid_att": [43.948176657889235, 3.7802132718527557, 0.9274604585040267], "k_pid_yaw": [0.5, 1e-06, 0.1], "k_pid_hsp": [1.0, 0.3825815065618582, 0.01], "k_pid_vsp": [111.20884264032553, 93.09285943774285, 1.0]}, "datetime": {"datetime": "2025-08-20 15:39:38", "elapsed": 13632.782418251038, "delta": 15.164758920669556}, "costs": {"total_cost": 190.32717775910854, "time_cost": 68.4, "final_distance_cost": 1.8169372562241066, "oscillation_cost": 45.896462925377584, "completition_cost": 0.0, "overshoot_cost": 50.17529867210371, "power_cost": 12.728594372558595, "noise_cost": 11.309884532844546, "n_waypoints_completed": 9, "tot_waypoints": 9}}
{"target": -188.97956134850315, "params": {"k_pid_pos": [1.4698128353043505, 0.024859491386256316, 0.11401919133455096], "k_pid_alt": [1.2679502233621702, 0.0, 0.1], "k_pid_att": [43.948176657889235, 3.7802132718527557, 0.9274604585040267], "k_pid_yaw": [0.5, 1e-06, 0.1], "k_pid_hsp": [6.746884969120823, 0.01, 0.01], "k_pid_vsp": [171.36698465475635, 93.09285943774285, 1.0]}, "datetime": {"datetime": "2025-08-20 15:39:53", "elapsed": 13648.16918683052, "delta": 15.386768579483032}, "costs": {"total_cost": 188.97956134850315, "time_cost": 68.856, "final_distance_cost": 1.8016905794528022, "oscillation_cost": 46.23918798153007, "completition_cost": 0.0, "overshoot_cost": 49.63348765471889, "power_cost": 11.530126586914063, "noise_cost": 10.919068545887345, "n_waypoints_completed": 9, "tot_waypoints": 9}}
{"target": -184.77128428139878, "params": {"k_pid_pos": [1.4698128353043505, 0.024859491386256316, 0.11401919133455096], "k_pid_alt": [1.2679502233621702, 0.0, 0.22260652447727036], "k_pid_att": [50.98074059285719, 3.7802132718527557, 0.9274604585040267], "k_pid_yaw": [0.5, 1e-06, 0.1], "k_pid_hsp": [1.0, 0.01, 0.01], "k_pid_vsp": [366.9222945638871, 93.09285943774285, 1.0]}, "datetime": {"datetime": "2025-08-20 15:40:08", "elapsed": 13663.186738491058, "delta": 15.01755166053772}, "costs": {"total_cost": 184.77128428139878, "time_cost": 69.19200000000001, "final_distance_cost": 1.7965458510826047, "oscillation_cost": 39.38274151079495, "completition_cost": 0.0, "overshoot_cost": 50.396867764987235, "power_cost": 12.611115576171876, "noise_cost": 11.392013578362112, "n_waypoints_completed": 9, "tot_waypoints": 9}}
{"target": -185.75952650420632, "params": {"k_pid_pos": [1.4698128353043505, 0.024859491386256316, 0.11401919133455096], "k_pid_alt": [1.2679502233621702, 0.0, 0.1], "k_pid_att": [43.948176657889235, 3.7802132718527557, 0.12604967571558012], "k_pid_yaw": [0.5, 1e-06, 0.1], "k_pid_hsp": [1.0, 0.05230502579760865, 0.01], "k_pid_vsp": [111.20884264032553, 124.81735042990572, 1.0]}, "datetime": {"datetime": "2025-08-20 15:40:23", "elapsed": 13678.087451934814, "delta": 14.900713443756104}, "costs": {"total_cost": 185.75952650420632, "time_cost": 68.352, "final_distance_cost": 1.7898381330817363, "oscillation_cost": 41.98675040976748, "completition_cost": 0.0, "overshoot_cost": 50.231066553603405, "power_cost": 12.30479578857422, "noise_cost": 11.095075619179493, "n_waypoints_completed": 9, "tot_waypoints": 9}}
{"target": -183.14820904300885, "params": {"k_pid_pos": [1.4698128353043505, 0.024859491386256316, 0.11401919133455096], "k_pid_alt": [1.2679502233621702, 0.0, 0.1], "k_pid_att": [43.948176657889235, 3.7802132718527557, 0.1432438844471683], "k_pid_yaw": [0.5, 1e-06, 0.1], "k_pid_hsp": [1.0, 0.01, 0.01], "k_pid_vsp": [86.28438231591274, 93.09285943774285, 1.0]}, "datetime": {"datetime": "2025-08-20 15:40:39", "elapsed": 13693.604729890823, "delta": 15.517277956008911}, "costs": {"total_cost": 183.14820904300885, "time_cost": 68.496, "final_distance_cost": 1.8052365824661656, "oscillation_cost": 39.24494353433824, "completition_cost": 0.0, "overshoot_cost": 50.20998295825567, "power_cost": 12.229998608398438, "noise_cost": 11.162047359550334, "n_waypoints_completed": 9, "tot_waypoints": 9}}
{"target": -183.8548858648709, "params": {"k_pid_pos": [1.901325454231368, 0.024859491386256316, 0.11401919133455096], "k_pid_alt": [1.2679502233621702, 0.0, 0.1], "k_pid_att": [43.948176657889235, 3.7802132718527557, 0.9274604585040267], "k_pid_yaw": [0.5, 1e-06, 0.1], "k_pid_hsp": [1.0, 0.01, 0.01], "k_pid_vsp": [111.20884264032553, 93.09285943774285, 1.0]}, "datetime": {"datetime": "2025-08-20 15:40:53", "elapsed": 13708.455606937408, "delta": 14.850877046585083}, "costs": {"total_cost": 183.8548858648709, "time_cost": 68.36, "final_distance_cost": 1.7801858091724112, "oscillation_cost": 40.75427696033313, "completition_cost": 0.0, "overshoot_cost": 49.916884014287156, "power_cost": 12.077589135742189, "noise_cost": 10.965949945336028, "n_waypoints_completed": 9, "tot_waypoints": 9}}
{"target": -201.63881709884106, "params": {"k_pid_pos": [1.4698128353043505, 0.20230504367755808, 0.11401919133455096], "k_pid_alt": [1.2679502233621702, 0.0, 0.1], "k_pid_att": [43.948176657889235, 3.7802132718527557, 0.9274604585040267], "k_pid_yaw": [0.5, 1e-06, 0.1], "k_pid_hsp": [1.0, 0.01, 0.01], "k_pid_vsp": [111.20884264032553, 93.09285943774285, 1.0]}, "datetime": {"datetime": "2025-08-20 15:41:11", "elapsed": 13726.273022413254, "delta": 17.817415475845337}, "costs": {"total_cost": 201.63881709884106, "time_cost": 77.264, "final_distance_cost": 1.762047852400709, "oscillation_cost": 44.82956170751405, "completition_cost": 0.0, "overshoot_cost": 51.46988174259386, "power_cost": 13.862164331054688, "noise_cost": 12.451161465277764, "n_waypoints_completed": 9, "tot_waypoints": 9}}
{"target": -180.82633189952398, "params": {"k_pid_pos": [1.4698128353043505, 0.024859491386256316, 0.11401919133455096], "k_pid_alt": [1.2679502233621702, 0.0, 0.1], "k_pid_att": [43.948176657889235, 3.7802132718527557, 0.9274604585040267], "k_pid_yaw": [0.5, 1e-06, 0.1], "k_pid_hsp": [1.0, 0.01, 0.01], "k_pid_vsp": [111.20884264032553, 93.09285943774285, 1.0]}, "datetime": {"datetime": "2025-08-20 15:41:27", "elapsed": 13741.707176685333, "delta": 15.434154272079468}, "costs": {"total_cost": 180.82633189952398, "time_cost": 68.456, "final_distance_cost": 1.8129035550535026, "oscillation_cost": 37.19502557670047, "completition_cost": 0.0, "overshoot_cost": 50.071586228309805, "power_cost": 12.12881405029297, "noise_cost": 11.162002489167234, "n_waypoints_completed": 9, "tot_waypoints": 9}}
{"target": -190.64083028335213, "params": {"k_pid_pos": [1.4698128353043505, 0.024859491386256316, 0.4894518338289183], "k_pid_alt": [1.0304713630477362, 0.0, 0.1], "k_pid_att": [43.948176657889235, 3.7802132718527557, 0.9274604585040267], "k_pid_yaw": [0.5, 1e-06, 0.1], "k_pid_hsp": [1.0, 0.01, 0.01], "k_pid_vsp": [111.20884264032553, 93.09285943774285, 1.0]}, "datetime": {"datetime": "2025-08-20 15:41:43", "elapsed": 13757.92461681366, "delta": 16.217440128326416}, "costs": {"total_cost": 190.64083028335213, "time_cost": 72.57600000000001, "final_distance_cost": 1.8461324297905812, "oscillation_cost": 41.97104465409817, "completition_cost": 0.0, "overshoot_cost": 49.34684069205711, "power_cost": 12.946049536132813, "noise_cost": 11.954762971273446, "n_waypoints_completed": 9, "tot_waypoints": 9}}
{"target": -181.30991781761864, "params": {"k_pid_pos": [1.4698128353043505, 0.024859491386256316, 0.11401919133455096], "k_pid_alt": [1.2679502233621702, 0.0, 0.1], "k_pid_att": [43.948176657889235, 5.313838088001456, 0.9274604585040267], "k_pid_yaw": [0.5, 1e-06, 0.1], "k_pid_hsp": [3.022941925987454, 0.01, 0.01], "k_pid_vsp": [111.20884264032553, 93.09285943774285, 1.0]}, "datetime": {"datetime": "2025-08-20 15:41:58", "elapsed": 13772.992042303085, "delta": 15.06742548942566}, "costs": {"total_cost": 181.30991781761864, "time_cost": 68.70400000000001, "final_distance_cost": 1.7810716175610788, "oscillation_cost": 38.17066959979512, "completition_cost": 0.0, "overshoot_cost": 50.18049694632342, "power_cost": 11.467453149414062, "noise_cost": 11.006226504524932, "n_waypoints_completed": 9, "tot_waypoints": 9}}
{"target": -214.3256717098139, "params": {"k_pid_pos": [1.4698128353043505, 0.024859491386256316, 0.11401919133455096], "k_pid_alt": [1.2679502233621702, 0.18194786008662167, 0.1], "k_pid_att": [86.77411034131589, 3.7802132718527557, 0.9274604585040267], "k_pid_yaw": [0.5, 1e-06, 0.1], "k_pid_hsp": [1.0, 0.01, 0.01], "k_pid_vsp": [86.28438231591274, 93.09285943774285, 1.0]}, "datetime": {"datetime": "2025-08-20 15:42:16", "elapsed": 13790.942784309387, "delta": 17.95074200630188}, "costs": {"total_cost": 214.3256717098139, "time_cost": 82.376, "final_distance_cost": 1.7482804122439153, "oscillation_cost": 50.92111270991945, "completition_cost": 0.0, "overshoot_cost": 51.70915833665767, "power_cost": 14.7475833984375, "noise_cost": 12.823536852555318, "n_waypoints_completed": 9, "tot_waypoints": 9}}
{"target": -183.38753032473448, "params": {"k_pid_pos": [1.4698128353043505, 0.024859491386256316, 0.07188833330086031], "k_pid_alt": [1.2679502233621702, 0.0, 0.1], "k_pid_att": [59.20080306752875, 3.7802132718527557, 0.9274604585040267], "k_pid_yaw": [0.5, 1e-06, 0.1], "k_pid_hsp": [1.0, 0.01, 0.01], "k_pid_vsp": [111.20884264032553, 93.09285943774285, 1.0]}, "datetime": {"datetime": "2025-08-20 15:42:31", "elapsed": 13805.758084535599, "delta": 14.815300226211548}, "costs": {"total_cost": 183.38753032473448, "time_cost": 68.496, "final_distance_cost": 1.7887454689990956, "oscillation_cost": 38.744696932102734, "completition_cost": 0.0, "overshoot_cost": 50.54345077371302, "power_cost": 12.532670666503908, "noise_cost": 11.281966483415703, "n_waypoints_completed": 9, "tot_waypoints": 9}}
{"target": -597.9128949696233, "params": {"k_pid_pos": [1.4698128353043505, 0.024859491386256316, 0.11401919133455096], "k_pid_alt": [1.2679502233621702, 0.0, 0.1], "k_pid_att": [43.948176657889235, 3.7802132718527557, 0.9274604585040267], "k_pid_yaw": [0.5, 1e-06, 0.1], "k_pid_hsp": [6.3762109007134535, 0.01, 0.01], "k_pid_vsp": [86.28438231591274, 93.09285943774285, 94.3185639740662]}, "datetime": {"datetime": "2025-08-20 15:42:53", "elapsed": 13828.211380004883, "delta": 22.453295469284058}, "costs": {"total_cost": 597.9128949696233, "time_cost": 150, "final_distance_cost": 67.56470530953304, "oscillation_cost": 68.63166135914275, "completition_cost": 222.2222222222222, "overshoot_cost": 56.10711663705653, "power_cost": 18.925174865722656, "noise_cost": 14.462014575946109, "n_waypoints_completed": 7, "tot_waypoints": 9}}
{"target": -181.44439595217506, "params": {"k_pid_pos": [1.4698128353043505, 0.024859491386256316, 0.11401919133455096], "k_pid_alt": [1.2679502233621702, 0.0, 0.1], "k_pid_att": [43.948176657889235, 0.18205753750414305, 0.9274604585040267], "k_pid_yaw": [0.5, 1e-06, 0.1], "k_pid_hsp": [1.0, 0.01, 0.01], "k_pid_vsp": [111.20884264032553, 93.09285943774285, 1.0]}, "datetime": {"datetime": "2025-08-20 15:43:09", "elapsed": 13843.562115907669, "delta": 15.350735902786255}, "costs": {"total_cost": 181.44439595217506, "time_cost": 68.52, "final_distance_cost": 1.8129851390213318, "oscillation_cost": 37.442423075445866, "completition_cost": 0.0, "overshoot_cost": 50.19150424210218, "power_cost": 12.2890537109375, "noise_cost": 11.188429784668172, "n_waypoints_completed": 9, "tot_waypoints": 9}}
{"target": -180.82633189952398, "params": {"k_pid_pos": [1.4698128353043505, 0.024859491386256316, 0.11401919133455096], "k_pid_alt": [1.2679502233621702, 0.0, 0.1], "k_pid_att": [43.948176657889235, 3.7802132718527557, 0.9274604585040267], "k_pid_yaw": [0.5, 1e-06, 0.1], "k_pid_hsp": [1.0, 0.01, 0.01], "k_pid_vsp": [111.20884264032553, 93.09285943774285, 1.0]}, "datetime": {"datetime": "2025-08-20 15:43:24", "elapsed": 13858.70812010765, "delta": 15.14600419998169}, "costs": {"total_cost": 180.82633189952398, "time_cost": 68.456, "final_distance_cost": 1.8129035550535026, "oscillation_cost": 37.19502557670047, "completition_cost": 0.0, "overshoot_cost": 50.071586228309805, "power_cost": 12.12881405029297, "noise_cost": 11.162002489167234, "n_waypoints_completed": 9, "tot_waypoints": 9}}
{"target": -186.28886132740408, "params": {"k_pid_pos": [1.4698128353043505, 0.024859491386256316, 0.11401919133455096], "k_pid_alt": [1.2679502233621702, 0.0, 0.1], "k_pid_att": [43.948176657889235, 3.7802132718527557, 0.9274604585040267], "k_pid_yaw": [0.5, 1e-06, 0.1], "k_pid_hsp": [5.96863719712635, 0.01, 0.01], "k_pid_vsp": [111.20884264032553, 93.09285943774285, 1.0]}, "datetime": {"datetime": "2025-08-20 15:43:39", "elapsed": 13873.93021774292, "delta": 15.222097635269165}, "costs": {"total_cost": 186.28886132740408, "time_cost": 68.8, "final_distance_cost": 1.8016370719146269, "oscillation_cost": 43.59323405855639, "completition_cost": 0.0, "overshoot_cost": 49.921521197218375, "power_cost": 11.29867264404297, "noise_cost": 10.873796355671711, "n_waypoints_completed": 9, "tot_waypoints": 9}}
{"target": -182.5295491738134, "params": {"k_pid_pos": [1.4698128353043505, 0.024859491386256316, 0.8100884609760892], "k_pid_alt": [1.2679502233621702, 0.0, 0.1], "k_pid_att": [43.948176657889235, 3.7802132718527557, 0.9274604585040267], "k_pid_yaw": [0.5, 1e-06, 0.1], "k_pid_hsp": [2.575161370303539, 0.01, 0.01], "k_pid_vsp": [111.20884264032553, 93.09285943774285, 1.0]}, "datetime": {"datetime": "2025-08-20 15:43:55", "elapsed": 13889.864569664001, "delta": 15.934351921081543}, "costs": {"total_cost": 182.5295491738134, "time_cost": 71.032, "final_distance_cost": 1.8416918285868196, "oscillation_cost": 36.79501989953958, "completition_cost": 0.0, "overshoot_cost": 49.57982520265815, "power_cost": 11.69966434326172, "noise_cost": 11.581347899767108, "n_waypoints_completed": 9, "tot_waypoints": 9}}
{"target": -181.92079338785, "params": {"k_pid_pos": [1.4698128353043505, 0.024859491386256316, 0.11401919133455096], "k_pid_alt": [1.408510096659571, 0.0, 0.1], "k_pid_att": [43.948176657889235, 2.057470297840489, 0.9274604585040267], "k_pid_yaw": [0.5, 1e-06, 0.1], "k_pid_hsp": [1.0, 0.01, 0.01], "k_pid_vsp": [111.20884264032553, 93.09285943774285, 1.0]}, "datetime": {"datetime": "2025-08-20 15:44:10", "elapsed": 13905.315060853958, "delta": 15.450491189956665}, "costs": {"total_cost": 181.92079338785, "time_cost": 68.288, "final_distance_cost": 1.7741434114927113, "oscillation_cost": 38.00606790341804, "completition_cost": 0.0, "overshoot_cost": 50.10173023914782, "power_cost": 12.484069848632814, "noise_cost": 11.266781985158648, "n_waypoints_completed": 9, "tot_waypoints": 9}}
{"target": -180.97553297343384, "params": {"k_pid_pos": [1.4698128353043505, 0.024859491386256316, 0.11401919133455096], "k_pid_alt": [1.2679502233621702, 0.0, 0.1], "k_pid_att": [43.948176657889235, 3.7802132718527557, 0.6559199499296157], "k_pid_yaw": [0.5, 1e-06, 0.1], "k_pid_hsp": [1.0, 0.01, 0.01], "k_pid_vsp": [111.20884264032553, 93.09285943774285, 1.0]}, "datetime": {"datetime": "2025-08-20 15:44:25", "elapsed": 13920.182615995407, "delta": 14.867555141448975}, "costs": {"total_cost": 180.97553297343384, "time_cost": 68.456, "final_distance_cost": 1.808258288252867, "oscillation_cost": 37.08700429738366, "completition_cost": 0.0, "overshoot_cost": 50.005551013875376, "power_cost": 12.378533935546876, "noise_cost": 11.240185438375091, "n_waypoints_completed": 9, "tot_waypoints": 9}}
{"target": -183.6447023560707, "params": {"k_pid_pos": [1.4698128353043505, 0.024859491386256316, 0.11401919133455096], "k_pid_alt": [1.0913728054153844, 0.0, 0.1], "k_pid_att": [43.948176657889235, 3.7802132718527557, 0.3905569812448356], "k_pid_yaw": [0.5, 1e-06, 0.1], "k_pid_hsp": [1.0, 0.01, 0.01], "k_pid_vsp": [111.20884264032553, 93.09285943774285, 1.0]}, "datetime": {"datetime": "2025-08-20 15:44:41", "elapsed": 13935.750090360641, "delta": 15.567474365234375}, "costs": {"total_cost": 183.6447023560707, "time_cost": 68.968, "final_distance_cost": 1.7945415608124307, "oscillation_cost": 39.35487500377881, "completition_cost": 0.0, "overshoot_cost": 49.84639594867038, "power_cost": 12.41998846435547, "noise_cost": 11.260901378453573, "n_waypoints_completed": 9, "tot_waypoints": 9}}
{"target": -192.30320681030742, "params": {"k_pid_pos": [0.60393984878084, 0.024859491386256316, 0.11401919133455096], "k_pid_alt": [1.2679502233621702, 0.0, 0.1], "k_pid_att": [43.948176657889235, 3.7802132718527557, 0.9274604585040267], "k_pid_yaw": [0.5, 1e-06, 0.1], "k_pid_hsp": [1.0, 0.01, 0.01], "k_pid_vsp": [86.28438231591274, 93.09285943774285, 1.0]}, "datetime": {"datetime": "2025-08-20 15:44:59", "elapsed": 13954.000920772552, "delta": 18.25083041191101}, "costs": {"total_cost": 192.30320681030742, "time_cost": 78.512, "final_distance_cost": 1.846633703025985, "oscillation_cost": 34.43678563887796, "completition_cost": 0.0, "overshoot_cost": 50.707953353760104, "power_cost": 13.574397692871095, "noise_cost": 13.225436421772276, "n_waypoints_completed": 9, "tot_waypoints": 9}}
{"target": -188.83774576968375, "params": {"k_pid_pos": [1.0011422296428567, 0.024859491386256316, 0.11401919133455096], "k_pid_alt": [1.2679502233621702, 0.0, 0.1], "k_pid_att": [43.948176657889235, 6.08943583941259, 0.8299786351622237], "k_pid_yaw": [0.5, 1e-06, 0.1], "k_pid_hsp": [1.0, 0.4702638621486921, 0.01], "k_pid_vsp": [86.28438231591274, 93.09285943774285, 1.0]}, "datetime": {"datetime": "2025-08-20 15:45:14", "elapsed": 13969.018570661545, "delta": 15.01764988899231}, "costs": {"total_cost": 188.83774576968375, "time_cost": 69.336, "final_distance_cost": 1.8483712208590177, "oscillation_cost": 44.58638344576049, "completition_cost": 0.0, "overshoot_cost": 49.122206588170805, "power_cost": 12.433638317871095, "noise_cost": 11.511146197022338, "n_waypoints_completed": 9, "tot_waypoints": 9}}
{"target": -180.82633189952398, "params": {"k_pid_pos": [1.4698128353043505, 0.024859491386256316, 0.11401919133455096], "k_pid_alt": [1.2679502233621702, 0.0, 0.1], "k_pid_att": [43.948176657889235, 3.7802132718527557, 0.9274604585040267], "k_pid_yaw": [0.5, 1e-06, 0.1], "k_pid_hsp": [1.0, 0.01, 0.01], "k_pid_vsp": [111.20884264032553, 93.09285943774285, 1.0]}, "datetime": {"datetime": "2025-08-20 15:45:29", "elapsed": 13984.152444839478, "delta": 15.13387417793274}, "costs": {"total_cost": 180.82633189952398, "time_cost": 68.456, "final_distance_cost": 1.8129035550535026, "oscillation_cost": 37.19502557670047, "completition_cost": 0.0, "overshoot_cost": 50.071586228309805, "power_cost": 12.12881405029297, "noise_cost": 11.162002489167234, "n_waypoints_completed": 9, "tot_waypoints": 9}}
