{"target": -186.95707299029382, "params": {"k_pid_pos": [1.4698128353043505, 0.0822904257601288, 0.3434561031905483], "k_pid_alt": [0.9020104990244227, 0.0, 0.1], "k_pid_att": [97.15749504346589, 1.326856224425946, 0.9808211468183533], "k_pid_yaw": [0.5, 1e-06, 0.1], "k_pid_hsp": [2.82373402557605, 0.01, 0.01], "k_pid_vsp": [111.20884264032553, 102.7157397860675, 1.0]}, "datetime": {"datetime": "2025-08-20 22:31:25", "elapsed": 38340.39504146576, "delta": 17.039371967315674}, "costs": {"total_cost": 186.95707299029382, "time_cost": 70.824, "final_distance_cost": 1.8239923982033026, "oscillation_cost": 40.5078329691321, "completition_cost": 0.0, "overshoot_cost": 50.5061138688691, "power_cost": 11.932799645996095, "noise_cost": 11.362334108093231, "n_waypoints_completed": 9, "tot_waypoints": 9}}
{"target": -187.26733111845184, "params": {"k_pid_pos": [1.4698128353043505, 0.0822904257601288, 0.6493189868694299], "k_pid_alt": [1.2679502233621702, 0.0, 0.1], "k_pid_att": [43.948176657889235, 1.326856224425946, 0.9808211468183533], "k_pid_yaw": [0.5, 1e-06, 0.1], "k_pid_hsp": [4.45834881839946, 0.01, 0.01], "k_pid_vsp": [111.20884264032553, 102.7157397860675, 1.0]}, "datetime": {"datetime": "2025-08-20 22:31:40", "elapsed": 38355.47024226189, "delta": 15.07520079612732}, "costs": {"total_cost": 187.26733111845184, "time_cost": 70.128, "final_distance_cost": 1.8414063309608095, "oscillation_cost": 42.65515178656845, "completition_cost": 0.0, "overshoot_cost": 50.00298291252566, "power_cost": 11.303739392089843, "noise_cost": 11.336050696307058, "n_waypoints_completed": 9, "tot_waypoints": 9}}
{"target": -183.84354501937426, "params": {"k_pid_pos": [1.4698128353043505, 0.0822904257601288, 0.4802608558925999], "k_pid_alt": [0.9997830193370283, 0.0, 0.13882932479520194], "k_pid_att": [93.20553315477635, 1.326856224425946, 0.9808211468183533], "k_pid_yaw": [0.5, 1e-06, 0.1], "k_pid_hsp": [2.82373402557605, 0.01, 0.01], "k_pid_vsp": [111.20884264032553, 97.47868520206696, 1.0]}, "datetime": {"datetime": "2025-08-20 22:31:58", "elapsed": 38372.73861479759, "delta": 17.268372535705566}, "costs": {"total_cost": 183.84354501937426, "time_cost": 70.83200000000001, "final_distance_cost": 1.8263578021736495, "oscillation_cost": 37.90069526167904, "completition_cost": 0.0, "overshoot_cost": 49.96680552008413, "power_cost": 11.879502954101563, "noise_cost": 11.43818348133588, "n_waypoints_completed": 9, "tot_waypoints": 9}}
{"target": -185.24217068304714, "params": {"k_pid_pos": [1.4698128353043505, 0.0822904257601288, 0.3434561031905483], "k_pid_alt": [1.2679502233621702, 0.0, 0.1], "k_pid_att": [43.948176657889235, 1.326856224425946, 0.9808211468183533], "k_pid_yaw": [0.5, 1e-06, 0.1], "k_pid_hsp": [2.82373402557605, 0.7156656356539504, 0.01], "k_pid_vsp": [111.20884264032553, 102.7157397860675, 1.0]}, "datetime": {"datetime": "2025-08-20 22:32:12", "elapsed": 38387.4655482769, "delta": 14.726933479309082}, "costs": {"total_cost": 185.24217068304714, "time_cost": 68.768, "final_distance_cost": 1.8295907850577826, "oscillation_cost": 42.71827824578145, "completition_cost": 0.0, "overshoot_cost": 49.3623138525038, "power_cost": 11.558764794921876, "noise_cost": 11.00522300478223, "n_waypoints_completed": 9, "tot_waypoints": 9}}
{"target": -182.6526809919335, "params": {"k_pid_pos": [1.6847188596925242, 0.0822904257601288, 0.3434561031905483], "k_pid_alt": [1.2679502233621702, 0.0, 0.1], "k_pid_att": [43.948176657889235, 1.326856224425946, 0.9808211468183533], "k_pid_yaw": [0.5, 1e-06, 0.1], "k_pid_hsp": [2.82373402557605, 0.01, 0.01], "k_pid_vsp": [111.20884264032553, 102.7157397860675, 1.0]}, "datetime": {"datetime": "2025-08-20 22:32:29", "elapsed": 38404.3907828331, "delta": 16.92523455619812}, "costs": {"total_cost": 182.6526809919335, "time_cost": 68.824, "final_distance_cost": 1.8027089940354974, "oscillation_cost": 39.323073159376726, "completition_cost": 0.0, "overshoot_cost": 50.54143919942424, "power_cost": 11.317339868164064, "noise_cost": 10.84411977093297, "n_waypoints_completed": 9, "tot_waypoints": 9}}
{"target": -178.63528812248185, "params": {"k_pid_pos": [1.4698128353043505, 0.0822904257601288, 0.3434561031905483], "k_pid_alt": [1.2679502233621702, 0.0, 0.03027788721554503], "k_pid_att": [43.948176657889235, 1.326856224425946, 0.9808211468183533], "k_pid_yaw": [0.5, 1e-06, 0.1], "k_pid_hsp": [2.82373402557605, 0.01, 0.01], "k_pid_vsp": [111.20884264032553, 102.7157397860675, 1.0]}, "datetime": {"datetime": "2025-08-20 22:32:44", "elapsed": 38419.07869744301, "delta": 14.687914609909058}, "costs": {"total_cost": 178.63528812248185, "time_cost": 69.016, "final_distance_cost": 1.828954384968673, "oscillation_cost": 35.142272924472486, "completition_cost": 0.0, "overshoot_cost": 50.39492650454869, "power_cost": 11.265532580566406, "noise_cost": 10.987601727925599, "n_waypoints_completed": 9, "tot_waypoints": 9}}
{"target": -1062.3944665482868, "params": {"k_pid_pos": [1.4698128353043505, 0.26626295871360073, 0.3434561031905483], "k_pid_alt": [1.2679502233621702, 0.0, 0.1], "k_pid_att": [43.948176657889235, 1.326856224425946, 0.9808211468183533], "k_pid_yaw": [0.5, 1e-06, 0.1], "k_pid_hsp": [2.82373402557605, 0.01, 0.01], "k_pid_vsp": [111.20884264032553, 102.7157397860675, 344.2278661105134]}, "datetime": {"datetime": "2025-08-20 22:33:09", "elapsed": 38444.38637590408, "delta": 25.30767846107483}, "costs": {"total_cost": 1062.3944665482868, "time_cost": 150, "final_distance_cost": 76.69291032438487, "oscillation_cost": 40.925020920097154, "completition_cost": 666.6666666666667, "overshoot_cost": 95.2901794494997, "power_cost": 15.314868286132814, "noise_cost": 17.504820901505518, "n_waypoints_completed": 3, "tot_waypoints": 9}}
{"target": -177.60937995499717, "params": {"k_pid_pos": [1.4698128353043505, 0.0822904257601288, 0.3434561031905483], "k_pid_alt": [1.2679502233621702, 0.0, 0.1], "k_pid_att": [43.948176657889235, 1.326856224425946, 0.9808211468183533], "k_pid_yaw": [0.5, 1e-06, 0.1], "k_pid_hsp": [2.82373402557605, 0.01, 0.01], "k_pid_vsp": [111.20884264032553, 102.7157397860675, 1.0]}, "datetime": {"datetime": "2025-08-20 22:33:24", "elapsed": 38459.37585353851, "delta": 14.989477634429932}, "costs": {"total_cost": 177.60937995499717, "time_cost": 69.168, "final_distance_cost": 1.8236531971998164, "oscillation_cost": 34.65964045638309, "completition_cost": 0.0, "overshoot_cost": 49.90985172465229, "power_cost": 11.13902373046875, "noise_cost": 10.909210846293195, "n_waypoints_completed": 9, "tot_waypoints": 9}}
{"target": -177.9630468802424, "params": {"k_pid_pos": [1.4698128353043505, 0.0822904257601288, 0.3434561031905483], "k_pid_alt": [1.2679502233621702, 0.0, 0.1], "k_pid_att": [43.948176657889235, 1.326856224425946, 0.9808211468183533], "k_pid_yaw": [0.5, 1e-06, 0.1], "k_pid_hsp": [2.82373402557605, 0.032377942493985734, 0.01], "k_pid_vsp": [111.20884264032553, 102.7157397860675, 1.0]}, "datetime": {"datetime": "2025-08-20 22:33:41", "elapsed": 38475.94637322426, "delta": 16.57051968574524}, "costs": {"total_cost": 177.9630468802424, "time_cost": 69.16, "final_distance_cost": 1.8287837834372134, "oscillation_cost": 34.974457335284235, "completition_cost": 0.0, "overshoot_cost": 49.87033260128908, "power_cost": 11.17343349609375, "noise_cost": 10.956039664138116, "n_waypoints_completed": 9, "tot_waypoints": 9}}
{"target": -180.68433811977303, "params": {"k_pid_pos": [1.4698128353043505, 0.0822904257601288, 0.3434561031905483], "k_pid_alt": [1.2679502233621702, 0.0, 0.1], "k_pid_att": [43.948176657889235, 1.326856224425946, 0.9808211468183533], "k_pid_yaw": [0.5, 1e-06, 0.1], "k_pid_hsp": [1.380453583829348, 0.032377942493985734, 0.01], "k_pid_vsp": [111.20884264032553, 102.7157397860675, 1.0]}, "datetime": {"datetime": "2025-08-20 22:33:56", "elapsed": 38490.60298395157, "delta": 14.65661072731018}, "costs": {"total_cost": 180.68433811977303, "time_cost": 69.008, "final_distance_cost": 1.8037011802927359, "oscillation_cost": 36.11627233525083, "completition_cost": 0.0, "overshoot_cost": 50.266300676425935, "power_cost": 12.237763378906251, "noise_cost": 11.252300548897272, "n_waypoints_completed": 9, "tot_waypoints": 9}}
{"target": -177.60937995499717, "params": {"k_pid_pos": [1.4698128353043505, 0.0822904257601288, 0.3434561031905483], "k_pid_alt": [1.2679502233621702, 0.0, 0.1], "k_pid_att": [43.948176657889235, 1.326856224425946, 0.9808211468183533], "k_pid_yaw": [0.5, 1e-06, 0.1], "k_pid_hsp": [2.82373402557605, 0.01, 0.01], "k_pid_vsp": [111.20884264032553, 102.7157397860675, 1.0]}, "datetime": {"datetime": "2025-08-20 22:34:12", "elapsed": 38507.23979473114, "delta": 16.636810779571533}, "costs": {"total_cost": 177.60937995499717, "time_cost": 69.168, "final_distance_cost": 1.8236531971998164, "oscillation_cost": 34.65964045638309, "completition_cost": 0.0, "overshoot_cost": 49.90985172465229, "power_cost": 11.13902373046875, "noise_cost": 10.909210846293195, "n_waypoints_completed": 9, "tot_waypoints": 9}}
{"target": -189.89743939794386, "params": {"k_pid_pos": [1.4698128353043505, 0.0822904257601288, 0.3434561031905483], "k_pid_alt": [0.9997830193370283, 0.0, 0.74340065784831], "k_pid_att": [93.20553315477635, 1.326856224425946, 0.9808211468183533], "k_pid_yaw": [0.5, 1e-06, 0.1], "k_pid_hsp": [2.82373402557605, 0.639270375506938, 0.01], "k_pid_vsp": [111.20884264032553, 102.7157397860675, 1.0]}, "datetime": {"datetime": "2025-08-20 22:34:29", "elapsed": 38523.859117269516, "delta": 16.619322538375854}, "costs": {"total_cost": 189.89743939794386, "time_cost": 73.432, "final_distance_cost": 1.845089319886184, "oscillation_cost": 40.88798799859776, "completition_cost": 0.0, "overshoot_cost": 50.3465329917453, "power_cost": 12.079643334960938, "noise_cost": 11.306185752753665, "n_waypoints_completed": 9, "tot_waypoints": 9}}
{"target": -180.2639682100556, "params": {"k_pid_pos": [1.4698128353043505, 0.0822904257601288, 0.3434561031905483], "k_pid_alt": [1.152369602102883, 0.0, 0.1], "k_pid_att": [43.948176657889235, 1.326856224425946, 0.9808211468183533], "k_pid_yaw": [0.5, 1e-06, 0.1], "k_pid_hsp": [2.82373402557605, 0.01, 0.01], "k_pid_vsp": [111.20884264032553, 102.7157397860675, 1.0]}, "datetime": {"datetime": "2025-08-20 22:34:46", "elapsed": 38540.720322847366, "delta": 16.861205577850342}, "costs": {"total_cost": 180.2639682100556, "time_cost": 69.44, "final_distance_cost": 1.8114035047230521, "oscillation_cost": 36.95253369180364, "completition_cost": 0.0, "overshoot_cost": 49.80120914963898, "power_cost": 11.243752661132813, "noise_cost": 11.01506920275712, "n_waypoints_completed": 9, "tot_waypoints": 9}}
{"target": -548.9023337172138, "params": {"k_pid_pos": [0.20220650108004948, 0.0822904257601288, 0.3434561031905483], "k_pid_alt": [1.2679502233621702, 0.0, 0.8208956917783976], "k_pid_att": [43.948176657889235, 1.1105074131954076, 0.9808211468183533], "k_pid_yaw": [0.5, 1e-06, 0.1], "k_pid_hsp": [2.82373402557605, 0.01, 0.01], "k_pid_vsp": [111.20884264032553, 102.7157397860675, 1.0]}, "datetime": {"datetime": "2025-08-20 22:35:09", "elapsed": 38564.07234239578, "delta": 23.352019548416138}, "costs": {"total_cost": 548.9023337172138, "time_cost": 150, "final_distance_cost": 68.81737293401137, "oscillation_cost": 29.190741513465056, "completition_cost": 222.2222222222222, "overshoot_cost": 50.788804637615016, "power_cost": 14.404849060058595, "noise_cost": 13.478343349841417, "n_waypoints_completed": 7, "tot_waypoints": 9}}
{"target": -184.47829583162928, "params": {"k_pid_pos": [1.4698128353043505, 0.0822904257601288, 0.3434561031905483], "k_pid_alt": [1.2679502233621702, 0.0, 0.1], "k_pid_att": [43.948176657889235, 1.326856224425946, 0.9808211468183533], "k_pid_yaw": [0.5, 1e-06, 0.1], "k_pid_hsp": [2.82373402557605, 0.5904477871505759, 0.01], "k_pid_vsp": [111.20884264032553, 20.252314050740118, 1.0]}, "datetime": {"datetime": "2025-08-20 22:35:26", "elapsed": 38580.79800748825, "delta": 16.72566509246826}, "costs": {"total_cost": 184.47829583162928, "time_cost": 69.52, "final_distance_cost": 1.8144244627619832, "oscillation_cost": 41.071218661771724, "completition_cost": 0.0, "overshoot_cost": 49.749278456835036, "power_cost": 11.30407322998047, "noise_cost": 11.01930102028006, "n_waypoints_completed": 9, "tot_waypoints": 9}}
{"target": -177.9630468802424, "params": {"k_pid_pos": [1.4698128353043505, 0.0822904257601288, 0.3434561031905483], "k_pid_alt": [1.2679502233621702, 0.0, 0.1], "k_pid_att": [43.948176657889235, 1.326856224425946, 0.9808211468183533], "k_pid_yaw": [0.5, 1e-06, 0.1], "k_pid_hsp": [2.82373402557605, 0.032377942493985734, 0.01], "k_pid_vsp": [111.20884264032553, 102.7157397860675, 1.0]}, "datetime": {"datetime": "2025-08-20 22:35:41", "elapsed": 38596.331177949905, "delta": 15.533170461654663}, "costs": {"total_cost": 177.9630468802424, "time_cost": 69.16, "final_distance_cost": 1.8287837834372134, "oscillation_cost": 34.974457335284235, "completition_cost": 0.0, "overshoot_cost": 49.87033260128908, "power_cost": 11.17343349609375, "noise_cost": 10.956039664138116, "n_waypoints_completed": 9, "tot_waypoints": 9}}
{"target": -1083.1208035402935, "params": {"k_pid_pos": [1.4698128353043505, 0.0822904257601288, 0.5271164669865139], "k_pid_alt": [1.7035415647774235, 0.0, 0.5933646034205271], "k_pid_att": [43.948176657889235, 9.558220849338536, 0.9808211468183533], "k_pid_yaw": [0.5, 1e-06, 0.1], "k_pid_hsp": [2.957956300852597, 0.01, 0.01], "k_pid_vsp": [45.71204711072294, 127.91747472228406, 216.498158482474]}, "datetime": {"datetime": "2025-08-20 22:36:06", "elapsed": 38621.41679883003, "delta": 25.085620880126953}, "costs": {"total_cost": 1083.1208035402935, "time_cost": 150, "final_distance_cost": 82.69936607816797, "oscillation_cost": 47.62556460563743, "completition_cost": 666.6666666666667, "overshoot_cost": 103.65878060244886, "power_cost": 15.78994559326172, "noise_cost": 16.68047999411087, "n_waypoints_completed": 3, "tot_waypoints": 9}}
{"target": -188.72368368057062, "params": {"k_pid_pos": [1.4698128353043505, 0.0822904257601288, 0.3434561031905483], "k_pid_alt": [1.2679502233621702, 0.0, 0.1], "k_pid_att": [43.948176657889235, 1.326856224425946, 0.9808211468183533], "k_pid_yaw": [0.5, 1e-06, 0.1], "k_pid_hsp": [7.526622201336775, 0.01, 0.01], "k_pid_vsp": [111.20884264032553, 102.7157397860675, 1.0]}, "datetime": {"datetime": "2025-08-20 22:36:23", "elapsed": 38638.334987163544, "delta": 16.918188333511353}, "costs": {"total_cost": 188.72368368057062, "time_cost": 69.144, "final_distance_cost": 1.82873639095862, "oscillation_cost": 44.68925381317501, "completition_cost": 0.0, "overshoot_cost": 50.013800184024056, "power_cost": 11.809479833984376, "noise_cost": 11.238413458428534, "n_waypoints_completed": 9, "tot_waypoints": 9}}
{"target": -218.5877354869118, "params": {"k_pid_pos": [1.4698128353043505, 0.0822904257601288, 0.7750234245648642], "k_pid_alt": [1.2679502233621702, 0.2574306951579124, 0.1], "k_pid_att": [43.948176657889235, 1.326856224425946, 0.9808211468183533], "k_pid_yaw": [0.5, 1e-06, 0.1], "k_pid_hsp": [2.82373402557605, 0.01, 0.01], "k_pid_vsp": [2.422256263862943, 102.7157397860675, 17.391158871452284]}, "datetime": {"datetime": "2025-08-20 22:36:42", "elapsed": 38656.87052512169, "delta": 18.53553795814514}, "costs": {"total_cost": 218.5877354869118, "time_cost": 82.336, "final_distance_cost": 1.8062738427420701, "oscillation_cost": 52.928007317497304, "completition_cost": 0.0, "overshoot_cost": 52.46745533192515, "power_cost": 16.304036181640626, "noise_cost": 12.745962813106631, "n_waypoints_completed": 9, "tot_waypoints": 9}}
{"target": -184.6006674473929, "params": {"k_pid_pos": [1.4698128353043505, 0.0822904257601288, 0.5271164669865139], "k_pid_alt": [1.7035415647774235, 0.0, 0.5933646034205271], "k_pid_att": [43.948176657889235, 1.326856224425946, 0.9808211468183533], "k_pid_yaw": [0.5, 1e-06, 0.1], "k_pid_hsp": [2.957956300852597, 0.01, 0.01], "k_pid_vsp": [111.20884264032553, 127.91747472228406, 1.0]}, "datetime": {"datetime": "2025-08-20 22:36:59", "elapsed": 38674.16500210762, "delta": 17.294476985931396}, "costs": {"total_cost": 184.6006674473929, "time_cost": 69.952, "final_distance_cost": 1.8446254533982902, "oscillation_cost": 40.27504249163769, "completition_cost": 0.0, "overshoot_cost": 49.6402890859744, "power_cost": 11.630153698730469, "noise_cost": 11.258556717652015, "n_waypoints_completed": 9, "tot_waypoints": 9}}
{"target": -188.96664629204346, "params": {"k_pid_pos": [1.4698128353043505, 0.43727115131929417, 0.5271164669865139], "k_pid_alt": [1.7035415647774235, 0.0, 0.6182064035467875], "k_pid_att": [43.948176657889235, 1.326856224425946, 0.9808211468183533], "k_pid_yaw": [0.5, 1e-06, 0.1], "k_pid_hsp": [2.957956300852597, 0.01, 0.01], "k_pid_vsp": [111.20884264032553, 127.91747472228406, 1.0]}, "datetime": {"datetime": "2025-08-20 22:37:18", "elapsed": 38693.013732910156, "delta": 18.84873080253601}, "costs": {"total_cost": 188.96664629204346, "time_cost": 73.896, "final_distance_cost": 1.7790870596743094, "oscillation_cost": 38.50185515613579, "completition_cost": 0.0, "overshoot_cost": 50.97379118063826, "power_cost": 12.208712817382812, "noise_cost": 11.607200078212307, "n_waypoints_completed": 9, "tot_waypoints": 9}}
{"target": -177.60937995499717, "params": {"k_pid_pos": [1.4698128353043505, 0.0822904257601288, 0.3434561031905483], "k_pid_alt": [1.2679502233621702, 0.0, 0.1], "k_pid_att": [43.948176657889235, 1.326856224425946, 0.9808211468183533], "k_pid_yaw": [0.5, 1e-06, 0.1], "k_pid_hsp": [2.82373402557605, 0.01, 0.01], "k_pid_vsp": [111.20884264032553, 102.7157397860675, 1.0]}, "datetime": {"datetime": "2025-08-20 22:37:33", "elapsed": 38708.01995539665, "delta": 15.006222486495972}, "costs": {"total_cost": 177.60937995499717, "time_cost": 69.168, "final_distance_cost": 1.8236531971998164, "oscillation_cost": 34.65964045638309, "completition_cost": 0.0, "overshoot_cost": 49.90985172465229, "power_cost": 11.13902373046875, "noise_cost": 10.909210846293195, "n_waypoints_completed": 9, "tot_waypoints": 9}}
{"target": -177.60937995499717, "params": {"k_pid_pos": [1.4698128353043505, 0.0822904257601288, 0.3434561031905483], "k_pid_alt": [1.2679502233621702, 0.0, 0.1], "k_pid_att": [43.948176657889235, 1.326856224425946, 0.9808211468183533], "k_pid_yaw": [0.5, 1e-06, 0.1], "k_pid_hsp": [2.82373402557605, 0.01, 0.01], "k_pid_vsp": [111.20884264032553, 102.7157397860675, 1.0]}, "datetime": {"datetime": "2025-08-20 22:37:51", "elapsed": 38726.2348883152, "delta": 18.214932918548584}, "costs": {"total_cost": 177.60937995499717, "time_cost": 69.168, "final_distance_cost": 1.8236531971998164, "oscillation_cost": 34.65964045638309, "completition_cost": 0.0, "overshoot_cost": 49.90985172465229, "power_cost": 11.13902373046875, "noise_cost": 10.909210846293195, "n_waypoints_completed": 9, "tot_waypoints": 9}}
{"target": -177.60937995499717, "params": {"k_pid_pos": [1.4698128353043505, 0.0822904257601288, 0.3434561031905483], "k_pid_alt": [1.2679502233621702, 0.0, 0.1], "k_pid_att": [43.948176657889235, 1.326856224425946, 0.9808211468183533], "k_pid_yaw": [0.5, 1e-06, 0.1], "k_pid_hsp": [2.82373402557605, 0.01, 0.01], "k_pid_vsp": [111.20884264032553, 102.7157397860675, 1.0]}, "datetime": {"datetime": "2025-08-20 22:38:06", "elapsed": 38741.40333199501, "delta": 15.16844367980957}, "costs": {"total_cost": 177.60937995499717, "time_cost": 69.168, "final_distance_cost": 1.8236531971998164, "oscillation_cost": 34.65964045638309, "completition_cost": 0.0, "overshoot_cost": 49.90985172465229, "power_cost": 11.13902373046875, "noise_cost": 10.909210846293195, "n_waypoints_completed": 9, "tot_waypoints": 9}}
{"target": -177.60937995499717, "params": {"k_pid_pos": [1.4698128353043505, 0.0822904257601288, 0.3434561031905483], "k_pid_alt": [1.2679502233621702, 0.0, 0.1], "k_pid_att": [43.948176657889235, 1.326856224425946, 0.9808211468183533], "k_pid_yaw": [0.5, 1e-06, 0.1], "k_pid_hsp": [2.82373402557605, 0.01, 0.01], "k_pid_vsp": [111.20884264032553, 102.7157397860675, 1.0]}, "datetime": {"datetime": "2025-08-20 22:38:24", "elapsed": 38758.53664946556, "delta": 17.133317470550537}, "costs": {"total_cost": 177.60937995499717, "time_cost": 69.168, "final_distance_cost": 1.8236531971998164, "oscillation_cost": 34.65964045638309, "completition_cost": 0.0, "overshoot_cost": 49.90985172465229, "power_cost": 11.13902373046875, "noise_cost": 10.909210846293195, "n_waypoints_completed": 9, "tot_waypoints": 9}}
{"target": -1480.6522056634958, "params": {"k_pid_pos": [1.4698128353043505, 0.0822904257601288, 0.3434561031905483], "k_pid_alt": [0.019546390430125626, 0.0, 0.1], "k_pid_att": [43.948176657889235, 1.326856224425946, 0.9808211468183533], "k_pid_yaw": [0.5, 1e-06, 0.1], "k_pid_hsp": [2.82373402557605, 0.01, 0.7413381919183852], "k_pid_vsp": [111.20884264032553, 102.7157397860675, 1.0]}, "datetime": {"datetime": "2025-08-20 22:38:45", "elapsed": 38780.43151760101, "delta": 21.89486813545227}, "costs": {"total_cost": 1480.6522056634958, "time_cost": 150, "final_distance_cost": 38.26436382573655, "oscillation_cost": 194.30886508731516, "completition_cost": 1000.0, "overshoot_cost": 61.85135695523987, "power_cost": 19.29971033935547, "noise_cost": 16.927909455848745, "n_waypoints_completed": 0, "tot_waypoints": 9}}
