{"target": -260.20457432019606, "params": {"k_pid_pos": [1.4698128353043505, 0.509734659876444, 0.11401919133455096], "k_pid_alt": [1.2679502233621702, 0.0, 0.1], "k_pid_att": [82.92211412031192, 1.0, 0.01], "k_pid_yaw": [0.5, 1e-06, 0.1], "k_pid_hsp": [1.0, 0.7744178344487831, 0.01], "k_pid_vsp": [150.0, 300.33453362374865, 1.0]}, "datetime": {"datetime": "2025-08-20 12:52:39", "elapsed": 3613.640947341919, "delta": 20.111498832702637}, "costs": {"total_cost": 260.20457432019606, "time_cost": 90.864, "final_distance_cost": 1.7016754924714799, "oscillation_cost": 73.64949344901619, "completition_cost": 0.0, "overshoot_cost": 60.559878038729266, "power_cost": 17.7633697265625, "noise_cost": 15.666157613416633, "n_waypoints_completed": 9, "tot_waypoints": 9}}
{"target": -195.75325787414036, "params": {"k_pid_pos": [1.849624377781123, 0.024859491386256316, 0.44963268842268056], "k_pid_alt": [1.2679502233621702, 0.02520494712616217, 0.1], "k_pid_att": [32.6162642003566, 1.0, 0.01], "k_pid_yaw": [0.5, 1e-06, 0.1], "k_pid_hsp": [1.0, 0.01, 0.01], "k_pid_vsp": [150.0, 10.0, 1.0]}, "datetime": {"datetime": "2025-08-20 12:52:54", "elapsed": 3628.552730321884, "delta": 14.91178297996521}, "costs": {"total_cost": 195.75325787414036, "time_cost": 69.944, "final_distance_cost": 1.8322019149625208, "oscillation_cost": 48.42930466380264, "completition_cost": 0.0, "overshoot_cost": 51.309632881843676, "power_cost": 12.563716833496095, "noise_cost": 11.674401580035411, "n_waypoints_completed": 9, "tot_waypoints": 9}}
{"target": -204.34609513164622, "params": {"k_pid_pos": [1.4698128353043505, 0.024859491386256316, 0.11401919133455096], "k_pid_alt": [1.2679502233621702, 0.0, 0.18431000208985737], "k_pid_att": [20.0, 3.6888469195366334, 0.01], "k_pid_yaw": [0.5, 1e-06, 0.1], "k_pid_hsp": [1.0, 0.01, 0.01], "k_pid_vsp": [295.9324376154018, 15.500533572620455, 1.0]}, "datetime": {"datetime": "2025-08-20 12:53:09", "elapsed": 3643.7244205474854, "delta": 15.171690225601196}, "costs": {"total_cost": 204.34609513164622, "time_cost": 69.976, "final_distance_cost": 1.7764186855078374, "oscillation_cost": 57.13905919211397, "completition_cost": 0.0, "overshoot_cost": 51.05742205211134, "power_cost": 12.848163293457032, "noise_cost": 11.549031908456046, "n_waypoints_completed": 9, "tot_waypoints": 9}}
{"target": -212.23173555182413, "params": {"k_pid_pos": [1.849624377781123, 0.024859491386256316, 0.44963268842268056], "k_pid_alt": [1.296896341175293, 0.0, 0.1], "k_pid_att": [20.0, 1.0, 0.01], "k_pid_yaw": [0.5, 1e-06, 0.1], "k_pid_hsp": [1.0, 0.01, 0.01], "k_pid_vsp": [150.0, 15.500533572620455, 1.0]}, "datetime": {"datetime": "2025-08-20 12:53:24", "elapsed": 3658.735686779022, "delta": 15.011266231536865}, "costs": {"total_cost": 212.23173555182413, "time_cost": 69.552, "final_distance_cost": 1.8206618678116835, "oscillation_cost": 65.64156016554128, "completition_cost": 0.0, "overshoot_cost": 50.890711113584956, "power_cost": 12.801108911132813, "noise_cost": 11.525693493753401, "n_waypoints_completed": 9, "tot_waypoints": 9}}
{"target": -260.7163390968152, "params": {"k_pid_pos": [1.849624377781123, 0.024859491386256316, 0.964013702359797], "k_pid_alt": [1.6444270921876138, 0.0, 0.1], "k_pid_att": [20.0, 1.0, 0.01], "k_pid_yaw": [0.5, 1e-06, 0.1], "k_pid_hsp": [1.0, 0.01, 0.01], "k_pid_vsp": [150.0, 15.500533572620455, 1.0]}, "datetime": {"datetime": "2025-08-20 12:53:39", "elapsed": 3674.4382565021515, "delta": 15.702569723129272}, "costs": {"total_cost": 260.7163390968152, "time_cost": 72.8, "final_distance_cost": 1.8505244634436695, "oscillation_cost": 108.8129183185831, "completition_cost": 0.0, "overshoot_cost": 51.27875206393471, "power_cost": 13.483798608398438, "noise_cost": 12.49034564245526, "n_waypoints_completed": 9, "tot_waypoints": 9}}
{"target": -365.7206049607555, "params": {"k_pid_pos": [1.1496839804071068, 0.024859491386256316, 0.11401919133455096], "k_pid_alt": [1.2679502233621702, 0.0, 0.1], "k_pid_att": [20.0, 1.0, 0.01], "k_pid_yaw": [0.5, 1e-06, 0.1], "k_pid_hsp": [1.0, 0.01, 0.08356203214847824], "k_pid_vsp": [150.0, 10.0, 1.0]}, "datetime": {"datetime": "2025-08-20 12:53:56", "elapsed": 3690.724129676819, "delta": 16.28587317466736}, "costs": {"total_cost": 365.7206049607555, "time_cost": 76.32000000000001, "final_distance_cost": 1.7484342428023285, "oscillation_cost": 207.9491473014811, "completition_cost": 0.0, "overshoot_cost": 51.67385392797548, "power_cost": 14.964505712890626, "noise_cost": 13.064663775605998, "n_waypoints_completed": 9, "tot_waypoints": 9}}
{"target": -216.5154682111706, "params": {"k_pid_pos": [1.849624377781123, 0.024859491386256316, 0.44963268842268056], "k_pid_alt": [1.2679502233621702, 0.0, 0.1], "k_pid_att": [20.0, 1.0, 0.01], "k_pid_yaw": [0.5, 1e-06, 0.1], "k_pid_hsp": [1.0, 0.01, 0.01], "k_pid_vsp": [383.23703166425986, 15.500533572620455, 1.0]}, "datetime": {"datetime": "2025-08-20 12:54:11", "elapsed": 3705.8533430099487, "delta": 15.129213333129883}, "costs": {"total_cost": 216.5154682111706, "time_cost": 69.904, "final_distance_cost": 1.7933800352404374, "oscillation_cost": 69.71889745623061, "completition_cost": 0.0, "overshoot_cost": 50.577571449700166, "power_cost": 12.87935506591797, "noise_cost": 11.642264204081444, "n_waypoints_completed": 9, "tot_waypoints": 9}}
{"target": -227.61545595115712, "params": {"k_pid_pos": [1.849624377781123, 0.024859491386256316, 0.44963268842268056], "k_pid_alt": [1.6444270921876138, 0.0, 0.1], "k_pid_att": [20.0, 2.479545121909682, 0.004857337777279036], "k_pid_yaw": [0.5, 1e-06, 0.1], "k_pid_hsp": [1.0, 0.01, 0.01], "k_pid_vsp": [17.18305095025783, 10.0, 1.0]}, "datetime": {"datetime": "2025-08-20 12:54:26", "elapsed": 3721.3990511894226, "delta": 15.545708179473877}, "costs": {"total_cost": 227.61545595115712, "time_cost": 72.56, "final_distance_cost": 1.7919550138746985, "oscillation_cost": 74.50083227306673, "completition_cost": 0.0, "overshoot_cost": 52.70583281725601, "power_cost": 13.344190368652344, "noise_cost": 12.712645478307346, "n_waypoints_completed": 9, "tot_waypoints": 9}}
{"target": -334.94379619701516, "params": {"k_pid_pos": [1.849624377781123, 0.024859491386256316, 0.44963268842268056], "k_pid_alt": [1.6540160292159989, 0.0, 0.1], "k_pid_att": [20.0, 3.6888469195366334, 0.01], "k_pid_yaw": [0.5, 1e-06, 0.1], "k_pid_hsp": [5.985325037583757, 0.01, 0.01], "k_pid_vsp": [150.0, 10.0, 22.765281794467143]}, "datetime": {"datetime": "2025-08-20 12:54:42", "elapsed": 3736.656580686569, "delta": 15.257529497146606}, "costs": {"total_cost": 334.94379619701516, "time_cost": 70.512, "final_distance_cost": 1.815316022444356, "oscillation_cost": 189.0763926112516, "completition_cost": 0.0, "overshoot_cost": 51.22412411473559, "power_cost": 12.075746569824219, "noise_cost": 10.240216878759464, "n_waypoints_completed": 9, "tot_waypoints": 9}}
{"target": -273.7932467879555, "params": {"k_pid_pos": [1.849624377781123, 0.024859491386256316, 0.44963268842268056], "k_pid_alt": [1.6444270921876138, 0.0, 0.1], "k_pid_att": [20.0, 1.0, 0.18856007863455804], "k_pid_yaw": [0.5, 1e-06, 0.1], "k_pid_hsp": [6.04138163875019, 0.01, 0.01], "k_pid_vsp": [295.9324376154018, 15.500533572620455, 1.0]}, "datetime": {"datetime": "2025-08-20 12:54:57", "elapsed": 3751.866008043289, "delta": 15.20942735671997}, "costs": {"total_cost": 273.7932467879555, "time_cost": 69.936, "final_distance_cost": 1.8112594851979391, "oscillation_cost": 126.67341214180693, "completition_cost": 0.0, "overshoot_cost": 51.12429685491972, "power_cost": 12.615146801757813, "noise_cost": 11.633131504273164, "n_waypoints_completed": 9, "tot_waypoints": 9}}
{"target": -231.70776321232705, "params": {"k_pid_pos": [1.849624377781123, 0.024859491386256316, 0.44963268842268056], "k_pid_alt": [1.6444270921876138, 0.08054494671311319, 0.1], "k_pid_att": [78.69411358121238, 1.0, 0.004857337777279036], "k_pid_yaw": [0.5, 1e-06, 0.1], "k_pid_hsp": [1.0, 0.5534313698869836, 0.01], "k_pid_vsp": [150.0, 307.0029666248519, 1.0]}, "datetime": {"datetime": "2025-08-20 12:55:15", "elapsed": 3769.84841632843, "delta": 17.98240828514099}, "costs": {"total_cost": 231.70776321232705, "time_cost": 81.464, "final_distance_cost": 1.7794572860620748, "oscillation_cost": 70.71734431745813, "completition_cost": 0.0, "overshoot_cost": 50.46423478622487, "power_cost": 14.460801281738282, "noise_cost": 12.821925540843713, "n_waypoints_completed": 9, "tot_waypoints": 9}}
{"target": -581.5503629483475, "params": {"k_pid_pos": [0.3086920070734966, 0.024859491386256316, 0.44963268842268056], "k_pid_alt": [1.6444270921876138, 0.0, 0.1], "k_pid_att": [20.0, 1.0, 0.06257111584615938], "k_pid_yaw": [0.5, 1e-06, 0.1], "k_pid_hsp": [1.0, 0.35170239085026345, 0.01], "k_pid_vsp": [150.0, 10.0, 1.0]}, "datetime": {"datetime": "2025-08-20 12:55:37", "elapsed": 3791.562704563141, "delta": 21.714288234710693}, "costs": {"total_cost": 581.5503629483475, "time_cost": 150, "final_distance_cost": 65.95634495349842, "oscillation_cost": 63.399748216850774, "completition_cost": 222.2222222222222, "overshoot_cost": 48.64466483080336, "power_cost": 16.893291625976563, "noise_cost": 14.43409109899624, "n_waypoints_completed": 7, "tot_waypoints": 9}}
{"target": -286.3088326318222, "params": {"k_pid_pos": [1.849624377781123, 0.01, 0.09], "k_pid_alt": [0.7, 0.0, 0.1], "k_pid_att": [20.0, 1.0, 0.01], "k_pid_yaw": [0.5, 1e-06, 0.1], "k_pid_hsp": [1.0, 0.01, 0.01], "k_pid_vsp": [150.0, 10.0, 65.70135573745327]}, "datetime": {"datetime": "2025-08-20 12:55:58", "elapsed": 3812.4919164180756, "delta": 20.929211854934692}, "costs": {"total_cost": 286.3088326318222, "time_cost": 95.568, "final_distance_cost": 1.7957734123469302, "oscillation_cost": 89.18005067736529, "completition_cost": 0.0, "overshoot_cost": 57.76074277050626, "power_cost": 24.425786840820315, "noise_cost": 17.578478930783415, "n_waypoints_completed": 9, "tot_waypoints": 9}}
{"target": -218.51971615680785, "params": {"k_pid_pos": [0.7, 0.024859491386256316, 0.44963268842268056], "k_pid_alt": [1.6444270921876138, 0.0, 0.1], "k_pid_att": [78.69411358121238, 1.0, 0.004857337777279036], "k_pid_yaw": [0.5, 1e-06, 0.1], "k_pid_hsp": [1.0, 0.01, 0.01], "k_pid_vsp": [150.0, 307.0029666248519, 1.0]}, "datetime": {"datetime": "2025-08-20 12:56:15", "elapsed": 3830.207681655884, "delta": 17.715765237808228}, "costs": {"total_cost": 218.51971615680785, "time_cost": 81.144, "final_distance_cost": 1.856863170441942, "oscillation_cost": 55.977415119857554, "completition_cost": 0.0, "overshoot_cost": 51.86389129861641, "power_cost": 13.909332177734376, "noise_cost": 13.768214390157555, "n_waypoints_completed": 9, "tot_waypoints": 9}}
{"target": -247.32065603075495, "params": {"k_pid_pos": [1.8624793477566346, 0.04925411992759399, 0.3736141384595716], "k_pid_alt": [0.7, 0.07931689918144824, 0.1], "k_pid_att": [47.70828662473765, 1.0, 0.004857337777279036], "k_pid_yaw": [0.5, 1e-06, 0.1], "k_pid_hsp": [1.0, 0.01, 0.01], "k_pid_vsp": [111.20884264032553, 10.0, 1.0]}, "datetime": {"datetime": "2025-08-20 12:56:34", "elapsed": 3849.0001323223114, "delta": 18.792450666427612}, "costs": {"total_cost": 247.32065603075495, "time_cost": 86.70400000000001, "final_distance_cost": 1.7301952909742524, "oscillation_cost": 77.93503015613165, "completition_cost": 0.0, "overshoot_cost": 52.631508411519164, "power_cost": 14.902754846191407, "noise_cost": 13.417167325938427, "n_waypoints_completed": 9, "tot_waypoints": 9}}
{"target": -1210.3747352300604, "params": {"k_pid_pos": [1.4698128353043505, 0.024859491386256316, 0.11401919133455096], "k_pid_alt": [1.2679502233621702, 0.0, 0.8361997509577753], "k_pid_att": [19.462821160492226, 4.452622529689853, 0.01], "k_pid_yaw": [0.5, 1e-06, 0.1], "k_pid_hsp": [2.756422947328575, 0.19072715732271805, 0.01], "k_pid_vsp": [150.0, 10.0, 173.34956715038942]}, "datetime": {"datetime": "2025-08-20 12:56:56", "elapsed": 3871.064418554306, "delta": 22.06428623199463}, "costs": {"total_cost": 1210.3747352300604, "time_cost": 150, "final_distance_cost": 77.7792301240873, "oscillation_cost": 82.74048611912787, "completition_cost": 777.7777777777778, "overshoot_cost": 69.07037149166295, "power_cost": 25.266993286132813, "noise_cost": 27.739876431271774, "n_waypoints_completed": 2, "tot_waypoints": 9}}
{"target": -436.4229343906769, "params": {"k_pid_pos": [1.1496839804071068, 0.024859491386256316, 0.11401919133455096], "k_pid_alt": [1.2679502233621702, 0.0, 0.9425092633198067], "k_pid_att": [20.0, 1.0, 0.01], "k_pid_yaw": [0.5, 1e-06, 0.1], "k_pid_hsp": [1.0, 0.06188547702557645, 0.5996188995128691], "k_pid_vsp": [373.35534273797225, 10.0, 1.0]}, "datetime": {"datetime": "2025-08-20 12:57:17", "elapsed": 3892.1001493930817, "delta": 21.035730838775635}, "costs": {"total_cost": 436.4229343906769, "time_cost": 98.648, "final_distance_cost": 1.7383854081089982, "oscillation_cost": 231.69442681348553, "completition_cost": 0.0, "overshoot_cost": 67.16505624967465, "power_cost": 19.337350012207033, "noise_cost": 17.839715907200674, "n_waypoints_completed": 9, "tot_waypoints": 9}}
{"target": -255.905917428306, "params": {"k_pid_pos": [1.849624377781123, 0.024859491386256316, 0.7374604451918155], "k_pid_alt": [1.2679502233621702, 0.3112231092042238, 0.434035615756316], "k_pid_att": [20.0, 7.284845820832624, 0.01], "k_pid_yaw": [0.5, 1e-06, 0.1], "k_pid_hsp": [1.0, 0.01, 0.01], "k_pid_vsp": [150.0, 15.500533572620455, 1.0]}, "datetime": {"datetime": "2025-08-20 12:57:34", "elapsed": 3908.700250148773, "delta": 16.60010075569153}, "costs": {"total_cost": 255.905917428306, "time_cost": 77.968, "final_distance_cost": 1.7654771791063486, "oscillation_cost": 98.7056248710461, "completition_cost": 0.0, "overshoot_cost": 51.353415503790096, "power_cost": 13.885412170410158, "noise_cost": 12.227987703953303, "n_waypoints_completed": 9, "tot_waypoints": 9}}
{"target": -230.59443581343666, "params": {"k_pid_pos": [1.4698128353043505, 0.024859491386256316, 0.11401919133455096], "k_pid_alt": [1.2679502233621702, 0.0, 0.1], "k_pid_att": [20.0, 1.0, 0.01], "k_pid_yaw": [0.5, 1e-06, 0.1], "k_pid_hsp": [1.0, 0.01, 0.01], "k_pid_vsp": [150.0, 15.500533572620455, 46.4397240445233]}, "datetime": {"datetime": "2025-08-20 12:57:49", "elapsed": 3924.297823905945, "delta": 15.59757375717163}, "costs": {"total_cost": 230.59443581343666, "time_cost": 72.408, "final_distance_cost": 1.8248214352630454, "oscillation_cost": 68.91234705618291, "completition_cost": 0.0, "overshoot_cost": 52.58648701792439, "power_cost": 20.003883837890626, "noise_cost": 14.858896466175702, "n_waypoints_completed": 9, "tot_waypoints": 9}}
{"target": -224.44130294475826, "params": {"k_pid_pos": [0.6579544065879377, 0.024859491386256316, 0.11401919133455096], "k_pid_alt": [1.2679502233621702, 0.0, 0.8361997509577753], "k_pid_att": [19.462821160492226, 4.452622529689853, 0.01], "k_pid_yaw": [0.5, 1e-06, 0.1], "k_pid_hsp": [1.0, 0.01, 0.01], "k_pid_vsp": [111.20884264032553, 10.0, 1.0]}, "datetime": {"datetime": "2025-08-20 12:58:07", "elapsed": 3941.817096710205, "delta": 17.519272804260254}, "costs": {"total_cost": 224.44130294475826, "time_cost": 80.92, "final_distance_cost": 1.8546123400679402, "oscillation_cost": 63.89640587935132, "completition_cost": 0.0, "overshoot_cost": 50.923404389153056, "power_cost": 13.652710900878906, "noise_cost": 13.194169435307018, "n_waypoints_completed": 9, "tot_waypoints": 9}}
{"target": -244.2144404589511, "params": {"k_pid_pos": [1.8624793477566346, 0.04925411992759399, 0.6830149564489978], "k_pid_alt": [0.7, 0.915396937089632, 0.1], "k_pid_att": [94.03514125381805, 1.0, 0.9274604585040267], "k_pid_yaw": [0.5, 1e-06, 0.1], "k_pid_hsp": [1.0, 0.01, 0.01], "k_pid_vsp": [111.20884264032553, 15.500533572620455, 1.0]}, "datetime": {"datetime": "2025-08-20 12:58:28", "elapsed": 3962.565101623535, "delta": 20.748004913330078}, "costs": {"total_cost": 244.2144404589511, "time_cost": 95.288, "final_distance_cost": 1.7437259682415127, "oscillation_cost": 57.63457651055176, "completition_cost": 0.0, "overshoot_cost": 59.52317300005074, "power_cost": 15.922077062988283, "noise_cost": 14.102887917118808, "n_waypoints_completed": 9, "tot_waypoints": 9}}
{"target": -214.4327184937378, "params": {"k_pid_pos": [1.4698128353043505, 0.024859491386256316, 0.11401919133455096], "k_pid_alt": [1.2679502233621702, 0.0, 0.7404453547781268], "k_pid_att": [20.0, 1.1017894340568208, 0.01], "k_pid_yaw": [0.5, 1e-06, 0.1], "k_pid_hsp": [1.0, 0.8344227521511565, 0.01], "k_pid_vsp": [150.0, 93.09285943774285, 1.0]}, "datetime": {"datetime": "2025-08-20 12:58:43", "elapsed": 3978.158251285553, "delta": 15.593149662017822}, "costs": {"total_cost": 214.4327184937378, "time_cost": 71.744, "final_distance_cost": 1.801556670659724, "oscillation_cost": 64.7482276974452, "completition_cost": 0.0, "overshoot_cost": 50.56448302011186, "power_cost": 13.6153556640625, "noise_cost": 11.95909544145855, "n_waypoints_completed": 9, "tot_waypoints": 9}}
{"target": -198.8191154017764, "params": {"k_pid_pos": [1.849624377781123, 0.024859491386256316, 0.2995124902746459], "k_pid_alt": [1.2679502233621702, 0.0, 0.1], "k_pid_att": [85.02836851553842, 1.0, 0.01], "k_pid_yaw": [0.5, 1e-06, 0.1], "k_pid_hsp": [1.0, 0.01, 0.01], "k_pid_vsp": [150.0, 351.388862279923, 1.0]}, "datetime": {"datetime": "2025-08-20 12:58:59", "elapsed": 3994.234744787216, "delta": 16.076493501663208}, "costs": {"total_cost": 198.8191154017764, "time_cost": 68.616, "final_distance_cost": 1.7871946584572207, "oscillation_cost": 54.60082567657331, "completition_cost": 0.0, "overshoot_cost": 50.47284972818464, "power_cost": 12.241206127929688, "noise_cost": 11.10103921063152, "n_waypoints_completed": 9, "tot_waypoints": 9}}
{"target": -388.31337257479197, "params": {"k_pid_pos": [1.8624793477566346, 0.04925411992759399, 0.3736141384595716], "k_pid_alt": [0.7, 0.0, 0.5619409236011778], "k_pid_att": [40.4276456330449, 1.0, 0.596239409547933], "k_pid_yaw": [0.5, 1e-06, 0.1], "k_pid_hsp": [1.0, 0.01, 0.3643615764756113], "k_pid_vsp": [150.0, 10.0, 1.0]}, "datetime": {"datetime": "2025-08-20 12:59:19", "elapsed": 4014.0981392860413, "delta": 19.863394498825073}, "costs": {"total_cost": 388.31337257479197, "time_cost": 91.808, "final_distance_cost": 1.8141317874237417, "oscillation_cost": 203.68606540477154, "completition_cost": 0.0, "overshoot_cost": 57.04145103163208, "power_cost": 18.53751522216797, "noise_cost": 15.426209128796698, "n_waypoints_completed": 9, "tot_waypoints": 9}}
{"target": -214.7260920231711, "params": {"k_pid_pos": [1.849624377781123, 0.03509076592280813, 0.44963268842268056], "k_pid_alt": [1.6444270921876138, 0.0, 0.1], "k_pid_att": [79.18472897910739, 1.0, 0.004857337777279036], "k_pid_yaw": [0.5, 1e-06, 0.1], "k_pid_hsp": [2.882064192075523, 0.01, 0.01], "k_pid_vsp": [150.0, 10.0, 1.0]}, "datetime": {"datetime": "2025-08-20 12:59:34", "elapsed": 4028.931898355484, "delta": 14.833759069442749}, "costs": {"total_cost": 214.7260920231711, "time_cost": 69.992, "final_distance_cost": 1.8038570376337968, "oscillation_cost": 67.53552812341816, "completition_cost": 0.0, "overshoot_cost": 51.32306841787292, "power_cost": 12.470799096679688, "noise_cost": 11.600839347566538, "n_waypoints_completed": 9, "tot_waypoints": 9}}
{"target": -214.55244623867443, "params": {"k_pid_pos": [1.849624377781123, 0.024859491386256316, 0.44963268842268056], "k_pid_alt": [1.2679502233621702, 0.0, 0.1], "k_pid_att": [20.0, 2.479545121909682, 0.004857337777279036], "k_pid_yaw": [0.5, 1e-06, 0.1], "k_pid_hsp": [1.0, 0.01, 0.01], "k_pid_vsp": [150.0, 307.0029666248519, 1.0]}, "datetime": {"datetime": "2025-08-20 12:59:49", "elapsed": 4043.8010807037354, "delta": 14.869182348251343}, "costs": {"total_cost": 214.55244623867443, "time_cost": 68.536, "final_distance_cost": 1.8088468082454991, "oscillation_cost": 70.34867645847065, "completition_cost": 0.0, "overshoot_cost": 50.02082673371029, "power_cost": 12.593645910644533, "noise_cost": 11.244450327603419, "n_waypoints_completed": 9, "tot_waypoints": 9}}
{"target": -233.17412685688672, "params": {"k_pid_pos": [1.849624377781123, 0.024859491386256316, 0.855962508813682], "k_pid_alt": [1.6444270921876138, 0.0, 0.1], "k_pid_att": [20.0, 1.0, 0.01], "k_pid_yaw": [0.5, 1e-06, 0.1], "k_pid_hsp": [1.0, 0.01, 0.01], "k_pid_vsp": [257.9492458711449, 307.0029666248519, 1.0]}, "datetime": {"datetime": "2025-08-20 13:00:04", "elapsed": 4058.853568792343, "delta": 15.052488088607788}, "costs": {"total_cost": 233.17412685688672, "time_cost": 69.36, "final_distance_cost": 1.8493488426520266, "oscillation_cost": 86.91916870354767, "completition_cost": 0.0, "overshoot_cost": 50.53589152550301, "power_cost": 12.732215502929687, "noise_cost": 11.77750228225432, "n_waypoints_completed": 9, "tot_waypoints": 9}}
{"target": -190.28725707726147, "params": {"k_pid_pos": [1.8624793477566346, 0.04925411992759399, 0.6830149564489978], "k_pid_alt": [0.7, 0.0, 0.1], "k_pid_att": [94.03514125381805, 1.0, 0.9274604585040267], "k_pid_yaw": [0.5, 1e-06, 0.1], "k_pid_hsp": [1.0, 0.01, 0.01], "k_pid_vsp": [111.20884264032553, 93.09285943774285, 1.0]}, "datetime": {"datetime": "2025-08-20 13:00:19", "elapsed": 4074.2755722999573, "delta": 15.422003507614136}, "costs": {"total_cost": 190.28725707726147, "time_cost": 72.536, "final_distance_cost": 1.8187780250188148, "oscillation_cost": 41.248122272737824, "completition_cost": 0.0, "overshoot_cost": 50.55159636032297, "power_cost": 12.582693212890625, "noise_cost": 11.55006720629124, "n_waypoints_completed": 9, "tot_waypoints": 9}}
