{"target": -306.83503346909373, "params": {"k_pid_pos": [1.3885554450422086, 0.5811166092209024, 0.19977565166005762], "k_pid_alt": [1.6082490523645254, 0.3944815179387544, 0.8014818108594153], "k_pid_att": [13.105775155731326, 1.2376256611230811, 0.9275625510065076], "k_pid_yaw": [0.5, 1e-06, 0.1], "k_pid_hsp": [3.9758421804300244, 0.30094869178093975, 0.28472008233793555], "k_pid_vsp": [61.44535807682345, 46.19602635065192, 8.459207513427996]}, "datetime": {"datetime": "2025-08-20 12:19:37", "elapsed": 1631.7040221691132, "delta": 20.708876371383667}, "costs": {"total_cost": 306.83503346909373, "time_cost": 96.432, "final_distance_cost": 1.72085581669425, "oscillation_cost": 118.37554428313942, "completition_cost": 0.0, "overshoot_cost": 56.812457478475764, "power_cost": 18.17767579345703, "noise_cost": 15.316500097327255, "n_waypoints_completed": 9, "tot_waypoints": 9}}
{"target": -293.8072338611169, "params": {"k_pid_pos": [1.8624793477566346, 0.5811166092209024, 0.19977565166005762], "k_pid_alt": [1.6082490523645254, 0.7154071296158017, 0.7389840039155418], "k_pid_att": [13.105775155731326, 1.2376256611230811, 0.9275625510065076], "k_pid_yaw": [0.5, 1e-06, 0.1], "k_pid_hsp": [4.3672302205847, 0.2145846728195292, 0.40852864372463615], "k_pid_vsp": [341.36122930726646, 93.57579511219681, 23.321097617323666]}, "datetime": {"datetime": "2025-08-20 12:19:57", "elapsed": 1651.733571767807, "delta": 20.029549598693848}, "costs": {"total_cost": 293.8072338611169, "time_cost": 92.584, "final_distance_cost": 1.7511972085179792, "oscillation_cost": 106.28744576672895, "completition_cost": 0.0, "overshoot_cost": 59.98782165967362, "power_cost": 18.320678430175782, "noise_cost": 14.876090796020549, "n_waypoints_completed": 9, "tot_waypoints": 9}}
{"target": -786.8074012803919, "params": {"k_pid_pos": [1.3885554450422086, 0.04925411992759399, 0.3736141384595716], "k_pid_alt": [0.09891827429203137, 0.10167190290371597, 0.8334585537885597], "k_pid_att": [5.196186646510426, 5.945716632147755, 0.0991131415798755], "k_pid_yaw": [0.5, 1e-06, 0.1], "k_pid_hsp": [8.435765158482369, 0.9026531439276171, 0.5957137746857274], "k_pid_vsp": [320.8103521094374, 311.79101652905405, 256.99331075573576]}, "datetime": {"datetime": "2025-08-20 12:20:18", "elapsed": 1673.3508622646332, "delta": 21.617290496826172}, "costs": {"total_cost": 786.8074012803919, "time_cost": 150, "final_distance_cost": 76.61720560170244, "oscillation_cost": 244.50924560732676, "completition_cost": 222.2222222222222, "overshoot_cost": 55.38038305184523, "power_cost": 22.37482282714844, "noise_cost": 15.703521970146804, "n_waypoints_completed": 7, "tot_waypoints": 9}}
{"target": -246.50128484116283, "params": {"k_pid_pos": [1.4698128353043505, 0.9460270628173303, 0.2533833538391872], "k_pid_alt": [0.7, 0.0, 0.1], "k_pid_att": [20.0, 1.0, 0.21517827462871852], "k_pid_yaw": [0.5, 1e-06, 0.1], "k_pid_hsp": [1.0, 0.01, 0.01], "k_pid_vsp": [150.0, 82.79406464935073, 1.0]}, "datetime": {"datetime": "2025-08-20 12:20:39", "elapsed": 1694.3926420211792, "delta": 21.04177975654602}, "costs": {"total_cost": 246.50128484116283, "time_cost": 97.544, "final_distance_cost": 1.7919493485912452, "oscillation_cost": 58.62821727421317, "completition_cost": 0.0, "overshoot_cost": 53.68915331974274, "power_cost": 19.02056287841797, "noise_cost": 15.827402020197688, "n_waypoints_completed": 9, "tot_waypoints": 9}}
{"target": -894.2383579907985, "params": {"k_pid_pos": [1.9584513449511884, 0.20240459312571835, 0.23453515044129858], "k_pid_alt": [1.7214381366517881, 0.13210283730154393, 0.35736962350205415], "k_pid_att": [9.50957482299346, 4.013615439978124, 0.08449321882352023], "k_pid_yaw": [0.5, 1e-06, 0.1], "k_pid_hsp": [9.35940463302399, 0.13740793003780216, 0.10740295628857721], "k_pid_vsp": [320.3536704340387, 237.47280219285963, 313.04964206919465]}, "datetime": {"datetime": "2025-08-20 12:21:01", "elapsed": 1716.4577445983887, "delta": 22.065102577209473}, "costs": {"total_cost": 894.2383579907985, "time_cost": 150, "final_distance_cost": 61.487308767026626, "oscillation_cost": 264.73890003905484, "completition_cost": 333.33333333333337, "overshoot_cost": 52.77930188929056, "power_cost": 18.08520047607422, "noise_cost": 13.814313486018937, "n_waypoints_completed": 6, "tot_waypoints": 9}}
{"target": -1011.740313922218, "params": {"k_pid_pos": [0.8025898018758081, 0.9460270628173303, 0.2533833538391872], "k_pid_alt": [1.0475058974352744, 0.10167190290371597, 0.8334585537885597], "k_pid_att": [5.196186646510426, 5.945716632147755, 0.0991131415798755], "k_pid_yaw": [0.5, 1e-06, 0.1], "k_pid_hsp": [8.435765158482369, 0.9026531439276171, 0.5957137746857274], "k_pid_vsp": [320.8103521094374, 311.79101652905405, 256.99331075573576]}, "datetime": {"datetime": "2025-08-20 12:21:23", "elapsed": 1737.945229768753, "delta": 21.48748517036438}, "costs": {"total_cost": 1011.740313922218, "time_cost": 150, "final_distance_cost": 45.607465760937934, "oscillation_cost": 179.66555881346247, "completition_cost": 555.5555555555555, "overshoot_cost": 44.46788810573961, "power_cost": 21.311801147460937, "noise_cost": 15.132044539061429, "n_waypoints_completed": 4, "tot_waypoints": 9}}
{"target": -221.71370530165854, "params": {"k_pid_pos": [1.8624793477566346, 0.04925411992759399, 0.3736141384595716], "k_pid_alt": [0.7, 0.0, 0.1], "k_pid_att": [20.0, 1.0, 0.01], "k_pid_yaw": [0.5, 1e-06, 0.1], "k_pid_hsp": [1.0, 0.01, 0.01], "k_pid_vsp": [150.0, 10.0, 1.0]}, "datetime": {"datetime": "2025-08-20 12:21:39", "elapsed": 1753.902394771576, "delta": 15.957165002822876}, "costs": {"total_cost": 221.71370530165854, "time_cost": 73.976, "final_distance_cost": 1.7860063755626558, "oscillation_cost": 69.05021664445357, "completition_cost": 0.0, "overshoot_cost": 51.47324489982789, "power_cost": 13.444682934570313, "noise_cost": 11.983554447244105, "n_waypoints_completed": 9, "tot_waypoints": 9}}
{"target": -345.4819170454857, "params": {"k_pid_pos": [1.849624377781123, 0.16606263241397312, 0.5551980423268247], "k_pid_alt": [1.2679502233621702, 0.7553301727947445, 0.8334585537885597], "k_pid_att": [5.196186646510426, 6.712347009944595, 0.33363775832823817], "k_pid_yaw": [0.5, 1e-06, 0.1], "k_pid_hsp": [8.983675636960621, 0.7625321470706523, 0.2705349409101757], "k_pid_vsp": [378.2079564087626, 125.77599276726518, 63.04466029238821]}, "datetime": {"datetime": "2025-08-20 12:21:58", "elapsed": 1772.533061504364, "delta": 18.630666732788086}, "costs": {"total_cost": 345.4819170454857, "time_cost": 84.136, "final_distance_cost": 1.7375525774507998, "oscillation_cost": 171.4165892804301, "completition_cost": 0.0, "overshoot_cost": 53.144560914401026, "power_cost": 20.376667492675782, "noise_cost": 14.670546780528014, "n_waypoints_completed": 9, "tot_waypoints": 9}}
{"target": -392.53891197436724, "params": {"k_pid_pos": [0.8325832251638142, 0.038541999323435716, 0.3736141384595716], "k_pid_alt": [1.0475058974352744, 0.7434599612223853, 0.14033959706391264], "k_pid_att": [41.91143193163038, 9.662322498240602, 0.7866497124935993], "k_pid_yaw": [0.5, 1e-06, 0.1], "k_pid_hsp": [9.330238913679953, 0.23285228494370624, 0.4673816015552915], "k_pid_vsp": [313.90537970087496, 7.134714572958311, 43.657599597149975]}, "datetime": {"datetime": "2025-08-20 12:22:16", "elapsed": 1791.3447456359863, "delta": 18.811684131622314}, "costs": {"total_cost": 392.53891197436724, "time_cost": 87.24, "final_distance_cost": 1.79513456106644, "oscillation_cost": 216.23988123867505, "completition_cost": 0.0, "overshoot_cost": 56.33415100255983, "power_cost": 17.490196520996093, "noise_cost": 13.439548651069794, "n_waypoints_completed": 9, "tot_waypoints": 9}}
{"target": -732.4068180086516, "params": {"k_pid_pos": [0.5628396456547908, 0.2935937577666836, 0.6619165147268951], "k_pid_alt": [1.1140643046825567, 0.7838982091064135, 0.7960285563103784], "k_pid_att": [40.63868614400705, 8.14022244462188, 0.8896564216753973], "k_pid_yaw": [0.5, 1e-06, 0.1], "k_pid_hsp": [9.330238913679953, 0.8043609156129707, 0.4673816015552915], "k_pid_vsp": [313.90537970087496, 7.134714572958311, 43.657599597149975]}, "datetime": {"datetime": "2025-08-20 12:22:38", "elapsed": 1812.7890117168427, "delta": 21.444266080856323}, "costs": {"total_cost": 732.4068180086516, "time_cost": 150, "final_distance_cost": 69.92724217016664, "oscillation_cost": 207.16673422843505, "completition_cost": 222.2222222222222, "overshoot_cost": 47.85378925256946, "power_cost": 19.472709765625, "noise_cost": 15.7641203696332, "n_waypoints_completed": 7, "tot_waypoints": 9}}
{"target": -777.539553513902, "params": {"k_pid_pos": [1.3368390832847643, 0.4710962061431325, 0.5652361064811888], "k_pid_alt": [1.5299977148320512, 0.6347183200005908, 0.8419932110394631], "k_pid_att": [52.045744376722766, 3.0395705856163158, 0.030817834567939406], "k_pid_yaw": [0.5, 1e-06, 0.1], "k_pid_hsp": [3.9758421804300244, 0.30094869178093975, 0.8271734245206864], "k_pid_vsp": [265.14568510543296, 184.69087941207655, 114.57849146637578]}, "datetime": {"datetime": "2025-08-20 12:23:00", "elapsed": 1834.6235690116882, "delta": 21.83455729484558}, "costs": {"total_cost": 777.539553513902, "time_cost": 150, "final_distance_cost": 66.99935011325378, "oscillation_cost": 248.00197310188085, "completition_cost": 222.2222222222222, "overshoot_cost": 50.259573857190105, "power_cost": 23.005100134277345, "noise_cost": 17.05133408507776, "n_waypoints_completed": 7, "tot_waypoints": 9}}
{"target": -320.1840913777933, "params": {"k_pid_pos": [1.3368390832847643, 0.4710962061431325, 0.5652361064811888], "k_pid_alt": [1.6082490523645254, 0.651669467934994, 0.7389840039155418], "k_pid_att": [13.105775155731326, 1.2376256611230811, 0.9275625510065076], "k_pid_yaw": [0.5, 1e-06, 0.1], "k_pid_hsp": [5.346054052817624, 0.2145846728195292, 0.40852864372463615], "k_pid_vsp": [282.31880145179525, 93.57579511219681, 23.321097617323666]}, "datetime": {"datetime": "2025-08-20 12:23:19", "elapsed": 1853.839171409607, "delta": 19.2156023979187}, "costs": {"total_cost": 320.1840913777933, "time_cost": 88.8, "final_distance_cost": 1.722748114481775, "oscillation_cost": 143.81192929773616, "completition_cost": 0.0, "overshoot_cost": 53.50784876299426, "power_cost": 18.23375595703125, "noise_cost": 14.107809245549877, "n_waypoints_completed": 9, "tot_waypoints": 9}}
{"target": -688.7409470147211, "params": {"k_pid_pos": [1.87175461661196, 0.5811166092209024, 0.19977565166005762], "k_pid_alt": [1.6694153286538718, 0.6347183200005908, 0.8419932110394631], "k_pid_att": [28.06114361336559, 3.0395705856163158, 0.030817834567939406], "k_pid_yaw": [0.5, 1e-06, 0.1], "k_pid_hsp": [3.9758421804300244, 0.9687523213615988, 0.8271734245206864], "k_pid_vsp": [265.14568510543296, 382.2493028631647, 114.57849146637578]}, "datetime": {"datetime": "2025-08-20 12:23:41", "elapsed": 1875.5097513198853, "delta": 21.67057991027832}, "costs": {"total_cost": 688.7409470147211, "time_cost": 150, "final_distance_cost": 67.17616413930027, "oscillation_cost": 153.29226413702514, "completition_cost": 222.2222222222222, "overshoot_cost": 56.54990137009473, "power_cost": 22.860909802246095, "noise_cost": 16.63948534383272, "n_waypoints_completed": 7, "tot_waypoints": 9}}
{"target": -309.2665401147255, "params": {"k_pid_pos": [1.3885554450422086, 0.5811166092209024, 0.19977565166005762], "k_pid_alt": [1.6082490523645254, 0.7154071296158017, 0.7389840039155418], "k_pid_att": [13.105775155731326, 1.2376256611230811, 0.9275625510065076], "k_pid_yaw": [0.5, 1e-06, 0.1], "k_pid_hsp": [4.3672302205847, 0.2145846728195292, 0.40852864372463615], "k_pid_vsp": [341.36122930726646, 93.57579511219681, 23.321097617323666]}, "datetime": {"datetime": "2025-08-20 12:24:01", "elapsed": 1896.2276272773743, "delta": 20.717875957489014}, "costs": {"total_cost": 309.2665401147255, "time_cost": 92.168, "final_distance_cost": 1.723225331148578, "oscillation_cost": 123.91512201609676, "completition_cost": 0.0, "overshoot_cost": 54.44676530369783, "power_cost": 20.907327990722656, "noise_cost": 16.10609947305966, "n_waypoints_completed": 9, "tot_waypoints": 9}}
{"target": -1071.1011322782138, "params": {"k_pid_pos": [0.15496442691235038, 0.5811166092209024, 0.19977565166005762], "k_pid_alt": [1.6082490523645254, 0.7154071296158017, 0.15752334131747947], "k_pid_att": [13.105775155731326, 1.2376256611230811, 0.9275625510065076], "k_pid_yaw": [0.5, 1e-06, 0.1], "k_pid_hsp": [3.9758421804300244, 0.30094869178093975, 0.28472008233793555], "k_pid_vsp": [61.44535807682345, 61.44073386150156, 78.0496972418103]}, "datetime": {"datetime": "2025-08-20 12:24:23", "elapsed": 1917.8355145454407, "delta": 21.607887268066406}, "costs": {"total_cost": 1071.1011322782138, "time_cost": 150, "final_distance_cost": 54.77070124419517, "oscillation_cost": 115.90090348047461, "completition_cost": 666.6666666666667, "overshoot_cost": 50.32352250956852, "power_cost": 18.919352807617187, "noise_cost": 14.519985569691634, "n_waypoints_completed": 3, "tot_waypoints": 9}}
{"target": -222.42560732566758, "params": {"k_pid_pos": [1.3368390832847643, 0.4710962061431325, 0.5652361064811888], "k_pid_alt": [1.5299977148320512, 0.6347183200005908, 0.5535794006579958], "k_pid_att": [22.592895791678245, 9.597749245839971, 0.9274604585040267], "k_pid_yaw": [0.5, 1e-06, 0.1], "k_pid_hsp": [1.0, 0.01, 0.01], "k_pid_vsp": [111.20884264032553, 10.0, 1.0]}, "datetime": {"datetime": "2025-08-20 12:24:43", "elapsed": 1938.2342932224274, "delta": 20.398778676986694}, "costs": {"total_cost": 222.42560732566758, "time_cost": 91.34400000000001, "final_distance_cost": 1.7197923686512073, "oscillation_cost": 45.63212255707406, "completition_cost": 0.0, "overshoot_cost": 54.216880833826416, "power_cost": 15.77245819091797, "noise_cost": 13.740353375197904, "n_waypoints_completed": 9, "tot_waypoints": 9}}
{"target": -212.68723733833556, "params": {"k_pid_pos": [1.849624377781123, 0.024859491386256316, 0.44963268842268056], "k_pid_alt": [1.2679502233621702, 0.0, 0.1], "k_pid_att": [20.0, 1.0, 0.01], "k_pid_yaw": [0.5, 1e-06, 0.1], "k_pid_hsp": [1.0, 0.01, 0.01], "k_pid_vsp": [150.0, 10.0, 1.0]}, "datetime": {"datetime": "2025-08-20 12:24:58", "elapsed": 1953.27384018898, "delta": 15.039546966552734}, "costs": {"total_cost": 212.68723733833556, "time_cost": 69.848, "final_distance_cost": 1.7800340884785602, "oscillation_cost": 65.82783768181164, "completition_cost": 0.0, "overshoot_cost": 50.80162318905737, "power_cost": 12.766920861816407, "noise_cost": 11.662821517171592, "n_waypoints_completed": 9, "tot_waypoints": 9}}
{"target": -218.09531696141852, "params": {"k_pid_pos": [0.7, 0.01, 0.09], "k_pid_alt": [0.7, 0.0, 0.1], "k_pid_att": [20.0, 1.0, 0.01], "k_pid_yaw": [0.5, 1e-06, 0.1], "k_pid_hsp": [1.0, 0.01, 0.01], "k_pid_vsp": [150.0, 10.0, 1.0]}, "datetime": {"datetime": "2025-08-20 12:25:16", "elapsed": 1970.5912585258484, "delta": 17.317418336868286}, "costs": {"total_cost": 218.09531696141852, "time_cost": 80.52, "final_distance_cost": 1.846802047158783, "oscillation_cost": 57.276179474947774, "completition_cost": 0.0, "overshoot_cost": 51.66750285084266, "power_cost": 13.680444506835938, "noise_cost": 13.10438808163336, "n_waypoints_completed": 9, "tot_waypoints": 9}}
{"target": -221.71370530165854, "params": {"k_pid_pos": [1.8624793477566346, 0.04925411992759399, 0.3736141384595716], "k_pid_alt": [0.7, 0.0, 0.1], "k_pid_att": [20.0, 1.0, 0.01], "k_pid_yaw": [0.5, 1e-06, 0.1], "k_pid_hsp": [1.0, 0.01, 0.01], "k_pid_vsp": [150.0, 10.0, 1.0]}, "datetime": {"datetime": "2025-08-20 12:25:32", "elapsed": 1986.787770986557, "delta": 16.196512460708618}, "costs": {"total_cost": 221.71370530165854, "time_cost": 73.976, "final_distance_cost": 1.7860063755626558, "oscillation_cost": 69.05021664445357, "completition_cost": 0.0, "overshoot_cost": 51.47324489982789, "power_cost": 13.444682934570313, "noise_cost": 11.983554447244105, "n_waypoints_completed": 9, "tot_waypoints": 9}}
{"target": -1848.9758681846474, "params": {"k_pid_pos": [1.8624793477566346, 0.04925411992759399, 0.3736141384595716], "k_pid_alt": [0.7, 0.0, 0.1], "k_pid_att": [20.0, 1.0, 0.01], "k_pid_yaw": [0.5, 1e-06, 0.1], "k_pid_hsp": [1.0, 0.01, 0.592956631149616], "k_pid_vsp": [150.0, 10.0, 392.5548405198136]}, "datetime": {"datetime": "2025-08-20 12:25:54", "elapsed": 2008.7827231884003, "delta": 21.99495220184326}, "costs": {"total_cost": 1848.9758681846474, "time_cost": 150, "final_distance_cost": 1.131511402489761, "oscillation_cost": 506.27538257316405, "completition_cost": 1000.0, "overshoot_cost": 126.49811010754883, "power_cost": 20.789582580566407, "noise_cost": 44.281281520878196, "n_waypoints_completed": 0, "tot_waypoints": 9}}
{"target": -211.0195224250069, "params": {"k_pid_pos": [1.849624377781123, 0.024859491386256316, 0.44963268842268056], "k_pid_alt": [1.6444270921876138, 0.0, 0.1], "k_pid_att": [20.0, 1.0, 0.01], "k_pid_yaw": [0.5, 1e-06, 0.1], "k_pid_hsp": [1.0, 0.01, 0.01], "k_pid_vsp": [150.0, 10.0, 1.0]}, "datetime": {"datetime": "2025-08-20 12:26:09", "elapsed": 2023.8910553455353, "delta": 15.10833215713501}, "costs": {"total_cost": 211.0195224250069, "time_cost": 69.648, "final_distance_cost": 1.7987252604614086, "oscillation_cost": 63.63376458551519, "completition_cost": 0.0, "overshoot_cost": 51.55555907343341, "power_cost": 12.736406518554688, "noise_cost": 11.647066987042214, "n_waypoints_completed": 9, "tot_waypoints": 9}}
{"target": -320.1542520515125, "params": {"k_pid_pos": [1.4698128353043505, 0.9460270628173303, 0.2533833538391872], "k_pid_alt": [0.7, 0.0, 0.1], "k_pid_att": [20.0, 1.0, 0.9275625510065076], "k_pid_yaw": [0.5, 1e-06, 0.1], "k_pid_hsp": [3.9758421804300244, 0.30094869178093975, 0.28472008233793555], "k_pid_vsp": [61.44535807682345, 46.19602635065192, 8.459207513427996]}, "datetime": {"datetime": "2025-08-20 12:26:29", "elapsed": 2044.325851202011, "delta": 20.43479585647583}, "costs": {"total_cost": 320.1542520515125, "time_cost": 94.76, "final_distance_cost": 1.7431787308440887, "oscillation_cost": 122.81949929665815, "completition_cost": 0.0, "overshoot_cost": 65.69354927995114, "power_cost": 18.65159384765625, "noise_cost": 16.486430896402855, "n_waypoints_completed": 9, "tot_waypoints": 9}}
{"target": -226.26499283208776, "params": {"k_pid_pos": [1.3885554450422086, 0.5811166092209024, 0.19977565166005762], "k_pid_alt": [1.6082490523645254, 0.7154071296158017, 0.7389840039155418], "k_pid_att": [13.799751734790533, 1.2376256611230811, 0.21517827462871852], "k_pid_yaw": [0.5, 1e-06, 0.1], "k_pid_hsp": [1.0, 0.01, 0.01], "k_pid_vsp": [192.4492407052599, 82.79406464935073, 1.0]}, "datetime": {"datetime": "2025-08-20 12:26:48", "elapsed": 2063.2103264331818, "delta": 18.884475231170654}, "costs": {"total_cost": 226.26499283208776, "time_cost": 88.752, "final_distance_cost": 1.7328520725094259, "oscillation_cost": 51.76877967324342, "completition_cost": 0.0, "overshoot_cost": 53.08845838833141, "power_cost": 16.492151232910157, "noise_cost": 14.43075146509335, "n_waypoints_completed": 9, "tot_waypoints": 9}}
{"target": -360.27565398674477, "params": {"k_pid_pos": [1.849624377781123, 0.024859491386256316, 0.44963268842268056], "k_pid_alt": [1.2679502233621702, 0.0, 0.7389840039155418], "k_pid_att": [15.35255220546139, 8.494103488346438, 0.05280710140011036], "k_pid_yaw": [0.5, 1e-06, 0.1], "k_pid_hsp": [4.363222965276662, 0.9277954301722804, 0.6522576064658554], "k_pid_vsp": [279.24831359145486, 335.19208762417304, 16.06052077867527]}, "datetime": {"datetime": "2025-08-20 12:27:05", "elapsed": 2080.2898988723755, "delta": 17.079572439193726}, "costs": {"total_cost": 360.27565398674477, "time_cost": 77.184, "final_distance_cost": 1.7739295896323775, "oscillation_cost": 206.1698038775636, "completition_cost": 0.0, "overshoot_cost": 50.71055037765052, "power_cost": 13.356370043945313, "noise_cost": 11.08100009795293, "n_waypoints_completed": 9, "tot_waypoints": 9}}
{"target": -249.44654853326318, "params": {"k_pid_pos": [1.3885554450422086, 0.5811166092209024, 0.19977565166005762], "k_pid_alt": [1.6082490523645254, 0.7154071296158017, 0.1], "k_pid_att": [20.0, 1.0, 0.015805555440133845], "k_pid_yaw": [0.5, 1e-06, 0.1], "k_pid_hsp": [1.0, 0.01, 0.01], "k_pid_vsp": [150.0, 10.0, 1.0]}, "datetime": {"datetime": "2025-08-20 12:27:24", "elapsed": 2099.19743847847, "delta": 18.90753960609436}, "costs": {"total_cost": 249.44654853326318, "time_cost": 89.232, "final_distance_cost": 1.755576145956605, "oscillation_cost": 73.22927668224814, "completition_cost": 0.0, "overshoot_cost": 54.11674679512469, "power_cost": 16.52114901123047, "noise_cost": 14.591799898703242, "n_waypoints_completed": 9, "tot_waypoints": 9}}
{"target": -225.11808122909898, "params": {"k_pid_pos": [1.3368390832847643, 0.4710962061431325, 0.5652361064811888], "k_pid_alt": [1.5299977148320512, 0.6347183200005908, 0.5535794006579958], "k_pid_att": [22.592895791678245, 9.597749245839971, 0.9274604585040267], "k_pid_yaw": [0.5, 1e-06, 0.1], "k_pid_hsp": [1.0, 0.01, 0.01], "k_pid_vsp": [111.20884264032553, 379.71740925440946, 1.0]}, "datetime": {"datetime": "2025-08-20 12:27:44", "elapsed": 2118.787259578705, "delta": 19.589821100234985}, "costs": {"total_cost": 225.11808122909898, "time_cost": 90.152, "final_distance_cost": 1.7259215117224511, "oscillation_cost": 50.38674143751827, "completition_cost": 0.0, "overshoot_cost": 53.67209248948826, "power_cost": 15.770517675781251, "noise_cost": 13.41080811458874, "n_waypoints_completed": 9, "tot_waypoints": 9}}
