{"target": -774.528443953208, "params": {"k_pid_pos": [1.4920539590588684, 0.4607696052395662, 0.10527807985412496], "k_pid_alt": [0.13311771391035632, 0.13820537163853075, 0.14617324419269828], "k_pid_att": [18.832197481135182, 1.1063836126752764, 0.14387193297114265], "k_pid_yaw": [0.5, 1e-06, 0.1], "k_pid_hsp": [9.209712627827253, 0.16553172273527816, 0.4885840453515333], "k_pid_vsp": [265.14568510543296, 341.3477838835772, 114.57849146637578]}, "datetime": {"datetime": "2025-08-20 12:11:02", "elapsed": 1116.6982245445251, "delta": 22.183739185333252}, "costs": {"total_cost": 774.528443953208, "time_cost": 150, "final_distance_cost": 75.78496993828279, "oscillation_cost": 236.88830652580558, "completition_cost": 222.2222222222222, "overshoot_cost": 51.456104526624515, "power_cost": 22.29735994873047, "noise_cost": 15.879480791542537, "n_waypoints_completed": 7, "tot_waypoints": 9}}
{"target": -318.5145005013731, "params": {"k_pid_pos": [1.3885554450422086, 0.5811166092209024, 0.19977565166005762], "k_pid_alt": [1.6082490523645254, 0.7154071296158017, 0.7389840039155418], "k_pid_att": [13.105775155731326, 1.2376256611230811, 0.9275625510065076], "k_pid_yaw": [0.5, 1e-06, 0.1], "k_pid_hsp": [3.9758421804300244, 0.30094869178093975, 0.28472008233793555], "k_pid_vsp": [61.44535807682345, 46.19602635065192, 8.459207513427996]}, "datetime": {"datetime": "2025-08-20 12:11:22", "elapsed": 1136.7283704280853, "delta": 20.03014588356018}, "costs": {"total_cost": 318.5145005013731, "time_cost": 92.688, "final_distance_cost": 1.7334058702731046, "oscillation_cost": 134.98441687262536, "completition_cost": 0.0, "overshoot_cost": 56.251619370774826, "power_cost": 17.6007515625, "noise_cost": 15.256306825199784, "n_waypoints_completed": 9, "tot_waypoints": 9}}
{"target": -1088.839471809135, "params": {"k_pid_pos": [0.33105896638779186, 0.11973358850112281, 0.1171035659001105], "k_pid_alt": [0.17541802382153682, 0.6578632850405278, 0.4186083007903795], "k_pid_att": [77.43214161418433, 6.712347009944595, 0.33363775832823817], "k_pid_yaw": [0.5, 1e-06, 0.1], "k_pid_hsp": [8.983675636960621, 0.7625321470706523, 0.2705349409101757], "k_pid_vsp": [145.6768071088216, 6.631921742442968, 63.04466029238821]}, "datetime": {"datetime": "2025-08-20 12:11:43", "elapsed": 1158.4357113838196, "delta": 21.707340955734253}, "costs": {"total_cost": 1088.839471809135, "time_cost": 150, "final_distance_cost": 57.062751339968194, "oscillation_cost": 345.5284727961803, "completition_cost": 444.4444444444444, "overshoot_cost": 52.58849118587741, "power_cost": 21.64877529296875, "noise_cost": 17.566536749695707, "n_waypoints_completed": 5, "tot_waypoints": 9}}
{"target": -385.570056784485, "params": {"k_pid_pos": [1.8624793477566346, 0.04925411992759399, 0.3736141384595716], "k_pid_alt": [1.0475058974352744, 0.10167190290371597, 0.8334585537885597], "k_pid_att": [5.196186646510426, 5.945716632147755, 0.0991131415798755], "k_pid_yaw": [0.5, 1e-06, 0.1], "k_pid_hsp": [8.435765158482369, 0.9026531439276171, 0.5957137746857274], "k_pid_vsp": [320.8103521094374, 311.79101652905405, 256.99331075573576]}, "datetime": {"datetime": "2025-08-20 12:12:03", "elapsed": 1178.3590033054352, "delta": 19.9232919216156}, "costs": {"total_cost": 385.570056784485, "time_cost": 92.816, "final_distance_cost": 1.7193689525258216, "oscillation_cost": 200.72507240815213, "completition_cost": 0.0, "overshoot_cost": 58.82662892066241, "power_cost": 17.972288256835938, "noise_cost": 13.510698246308662, "n_waypoints_completed": 9, "tot_waypoints": 9}}
{"target": -732.4068180086516, "params": {"k_pid_pos": [0.5628396456547908, 0.2935937577666836, 0.6619165147268951], "k_pid_alt": [1.1140643046825567, 0.7838982091064135, 0.7960285563103784], "k_pid_att": [40.63868614400705, 8.14022244462188, 0.8896564216753973], "k_pid_yaw": [0.5, 1e-06, 0.1], "k_pid_hsp": [9.330238913679953, 0.8043609156129707, 0.4673816015552915], "k_pid_vsp": [313.90537970087496, 7.134714572958311, 43.657599597149975]}, "datetime": {"datetime": "2025-08-20 12:12:25", "elapsed": 1199.7543082237244, "delta": 21.395304918289185}, "costs": {"total_cost": 732.4068180086516, "time_cost": 150, "final_distance_cost": 69.92724217016664, "oscillation_cost": 207.16673422843505, "completition_cost": 222.2222222222222, "overshoot_cost": 47.85378925256946, "power_cost": 19.472709765625, "noise_cost": 15.7641203696332, "n_waypoints_completed": 7, "tot_waypoints": 9}}
{"target": -1563.0009103578288, "params": {"k_pid_pos": [1.849624377781123, 0.024859491386256316, 0.5551980423268247], "k_pid_alt": [1.2679502233621702, 0.1058974037507533, 0.14033959706391264], "k_pid_att": [41.91143193163038, 9.662322498240602, 0.1669729199077039], "k_pid_yaw": [0.5, 1e-06, 0.1], "k_pid_hsp": [0.22721846013129138, 0.09004786077564175, 0.7223593505964503], "k_pid_vsp": [184.75089210055495, 64.50871245216894, 200.41791054030062]}, "datetime": {"datetime": "2025-08-20 12:12:47", "elapsed": 1221.5551810264587, "delta": 21.800872802734375}, "costs": {"total_cost": 1563.0009103578288, "time_cost": 150, "final_distance_cost": 100.69446771911082, "oscillation_cost": 431.53364413032836, "completition_cost": 777.7777777777778, "overshoot_cost": 66.056503558597, "power_cost": 20.78075084228516, "noise_cost": 16.157766329729615, "n_waypoints_completed": 2, "tot_waypoints": 9}}
{"target": -265.78996369865195, "params": {"k_pid_pos": [1.9584513449511884, 0.9460270628173303, 0.2533833538391872], "k_pid_alt": [0.7, 0.0, 0.1], "k_pid_att": [20.0, 1.0, 0.01], "k_pid_yaw": [0.5, 1e-06, 0.1], "k_pid_hsp": [1.0, 0.01, 0.01], "k_pid_vsp": [150.0, 10.0, 1.0]}, "datetime": {"datetime": "2025-08-20 12:13:08", "elapsed": 1242.722160577774, "delta": 21.166979551315308}, "costs": {"total_cost": 265.78996369865195, "time_cost": 98.096, "final_distance_cost": 1.6992665068640436, "oscillation_cost": 66.19365326212184, "completition_cost": 0.0, "overshoot_cost": 63.05165609208749, "power_cost": 19.583515991210938, "noise_cost": 17.165871846367647, "n_waypoints_completed": 9, "tot_waypoints": 9}}
{"target": -491.9053113368615, "params": {"k_pid_pos": [0.7, 0.01, 0.09], "k_pid_alt": [1.1801517907166184, 0.09504919756440122, 0.6161657000241213], "k_pid_att": [75.3504563000258, 5.649549619663271, 0.5724305140338497], "k_pid_yaw": [0.5, 1e-06, 0.1], "k_pid_hsp": [4.659904931296975, 0.5226317755131228, 0.7639233900065879], "k_pid_vsp": [319.69788660482664, 196.86128673801844, 192.59653664902095]}, "datetime": {"datetime": "2025-08-20 12:13:29", "elapsed": 1264.4141566753387, "delta": 21.691996097564697}, "costs": {"total_cost": 491.9053113368615, "time_cost": 99.288, "final_distance_cost": 1.7966071690086116, "oscillation_cost": 299.27297537580387, "completition_cost": 0.0, "overshoot_cost": 54.50118038164658, "power_cost": 20.696838500976565, "noise_cost": 16.349709909425826, "n_waypoints_completed": 9, "tot_waypoints": 9}}
{"target": -806.836985696166, "params": {"k_pid_pos": [1.3125724517510475, 0.036162710494696215, 0.0054298341287004614], "k_pid_alt": [0.10331583402879785, 0.7154071296158017, 0.7389840039155418], "k_pid_att": [13.105775155731326, 1.378021579924459, 0.9275625510065076], "k_pid_yaw": [0.5, 1e-06, 0.1], "k_pid_hsp": [3.9758421804300244, 0.8457969578021425, 0.4885840453515333], "k_pid_vsp": [265.14568510543296, 382.2493028631647, 114.57849146637578]}, "datetime": {"datetime": "2025-08-20 12:13:51", "elapsed": 1286.0158717632294, "delta": 21.601715087890625}, "costs": {"total_cost": 806.836985696166, "time_cost": 150, "final_distance_cost": 61.30352645634702, "oscillation_cost": 173.59138058778538, "completition_cost": 333.33333333333337, "overshoot_cost": 53.63833957491332, "power_cost": 19.581477099609376, "noise_cost": 15.388928644177557, "n_waypoints_completed": 6, "tot_waypoints": 9}}
{"target": -617.2847097459377, "params": {"k_pid_pos": [1.3885554450422086, 0.5811166092209024, 0.19977565166005762], "k_pid_alt": [1.6082490523645254, 0.6059251776477277, 0.8014818108594153], "k_pid_att": [23.855282062738848, 8.494103488346438, 0.057231940153260386], "k_pid_yaw": [0.5, 1e-06, 0.1], "k_pid_hsp": [8.009658440031398, 0.9277954301722804, 0.7721083991043806], "k_pid_vsp": [279.24831359145486, 335.19208762417304, 16.06052077867527]}, "datetime": {"datetime": "2025-08-20 12:14:13", "elapsed": 1307.6916799545288, "delta": 21.67580819129944}, "costs": {"total_cost": 617.2847097459377, "time_cost": 150, "final_distance_cost": 7.221557225043611, "oscillation_cost": 257.0377000389511, "completition_cost": 111.11111111111116, "overshoot_cost": 55.31569891829304, "power_cost": 20.723905236816407, "noise_cost": 15.874737215722371, "n_waypoints_completed": 8, "tot_waypoints": 9}}
{"target": -873.951401099024, "params": {"k_pid_pos": [1.4338086892990753, 0.44936150214378867, 0.272241561845159], "k_pid_alt": [0.1927819243069986, 0.9026023965438417, 0.45577628983361107], "k_pid_att": [5.196186646510426, 9.248426205993718, 0.0991131415798755], "k_pid_yaw": [0.5, 1e-06, 0.1], "k_pid_hsp": [8.435765158482369, 0.9026531439276171, 0.9795706805865927], "k_pid_vsp": [320.8103521094374, 311.79101652905405, 256.99331075573576]}, "datetime": {"datetime": "2025-08-20 12:14:35", "elapsed": 1329.5195121765137, "delta": 21.827832221984863}, "costs": {"total_cost": 873.951401099024, "time_cost": 150, "final_distance_cost": 60.12682874517185, "oscillation_cost": 236.03275522325444, "completition_cost": 333.33333333333337, "overshoot_cost": 57.18545719856722, "power_cost": 20.97218767089844, "noise_cost": 16.300838927798747, "n_waypoints_completed": 6, "tot_waypoints": 9}}
{"target": -218.09531696141852, "params": {"k_pid_pos": [0.7, 0.01, 0.09], "k_pid_alt": [0.7, 0.0, 0.1], "k_pid_att": [20.0, 1.0, 0.01], "k_pid_yaw": [0.5, 1e-06, 0.1], "k_pid_hsp": [1.0, 0.01, 0.01], "k_pid_vsp": [150.0, 10.0, 1.0]}, "datetime": {"datetime": "2025-08-20 12:14:52", "elapsed": 1347.4192368984222, "delta": 17.89972472190857}, "costs": {"total_cost": 218.09531696141852, "time_cost": 80.52, "final_distance_cost": 1.846802047158783, "oscillation_cost": 57.276179474947774, "completition_cost": 0.0, "overshoot_cost": 51.66750285084266, "power_cost": 13.680444506835938, "noise_cost": 13.10438808163336, "n_waypoints_completed": 9, "tot_waypoints": 9}}
{"target": -265.78996369865195, "params": {"k_pid_pos": [1.9584513449511884, 0.9460270628173303, 0.2533833538391872], "k_pid_alt": [0.7, 0.0, 0.1], "k_pid_att": [20.0, 1.0, 0.01], "k_pid_yaw": [0.5, 1e-06, 0.1], "k_pid_hsp": [1.0, 0.01, 0.01], "k_pid_vsp": [150.0, 10.0, 1.0]}, "datetime": {"datetime": "2025-08-20 12:15:13", "elapsed": 1368.4118366241455, "delta": 20.992599725723267}, "costs": {"total_cost": 265.78996369865195, "time_cost": 98.096, "final_distance_cost": 1.6992665068640436, "oscillation_cost": 66.19365326212184, "completition_cost": 0.0, "overshoot_cost": 63.05165609208749, "power_cost": 19.583515991210938, "noise_cost": 17.165871846367647, "n_waypoints_completed": 9, "tot_waypoints": 9}}
{"target": -309.2665401147255, "params": {"k_pid_pos": [1.3885554450422086, 0.5811166092209024, 0.19977565166005762], "k_pid_alt": [1.6082490523645254, 0.7154071296158017, 0.7389840039155418], "k_pid_att": [13.105775155731326, 1.2376256611230811, 0.9275625510065076], "k_pid_yaw": [0.5, 1e-06, 0.1], "k_pid_hsp": [4.3672302205847, 0.2145846728195292, 0.40852864372463615], "k_pid_vsp": [341.36122930726646, 93.57579511219681, 23.321097617323666]}, "datetime": {"datetime": "2025-08-20 12:15:34", "elapsed": 1388.5813410282135, "delta": 20.169504404067993}, "costs": {"total_cost": 309.2665401147255, "time_cost": 92.168, "final_distance_cost": 1.723225331148578, "oscillation_cost": 123.91512201609676, "completition_cost": 0.0, "overshoot_cost": 54.44676530369783, "power_cost": 20.907327990722656, "noise_cost": 16.10609947305966, "n_waypoints_completed": 9, "tot_waypoints": 9}}
{"target": -227.82536099023224, "params": {"k_pid_pos": [0.8325832251638142, 0.04925411992759399, 0.3736141384595716], "k_pid_alt": [0.1927819243069986, 0.9026023965438417, 0.45577628983361107], "k_pid_att": [11.895331074021131, 3.0596356458441103, 0.9274604585040267], "k_pid_yaw": [0.5, 1e-06, 0.1], "k_pid_hsp": [1.0, 0.01, 0.01], "k_pid_vsp": [111.20884264032553, 10.0, 1.0]}, "datetime": {"datetime": "2025-08-20 12:15:54", "elapsed": 1408.5755689144135, "delta": 19.99422788619995}, "costs": {"total_cost": 227.82536099023224, "time_cost": 91.76, "final_distance_cost": 1.7906156519884848, "oscillation_cost": 41.20849600080096, "completition_cost": 0.0, "overshoot_cost": 63.60878577257211, "power_cost": 15.790731274414064, "noise_cost": 13.666732290456617, "n_waypoints_completed": 9, "tot_waypoints": 9}}
{"target": -804.2364871521293, "params": {"k_pid_pos": [1.4338086892990753, 0.44936150214378867, 0.272241561845159], "k_pid_alt": [1.0475058974352744, 0.10167190290371597, 0.8334585537885597], "k_pid_att": [34.240367681062864, 6.712347009944595, 0.33363775832823817], "k_pid_yaw": [0.5, 1e-06, 0.1], "k_pid_hsp": [8.983675636960621, 0.7625321470706523, 0.2705349409101757], "k_pid_vsp": [145.6768071088216, 125.77599276726518, 63.04466029238821]}, "datetime": {"datetime": "2025-08-20 12:16:15", "elapsed": 1430.1238689422607, "delta": 21.54830002784729}, "costs": {"total_cost": 804.2364871521293, "time_cost": 150, "final_distance_cost": 67.93852531529954, "oscillation_cost": 279.8534540733157, "completition_cost": 222.2222222222222, "overshoot_cost": 43.98034849252577, "power_cost": 23.544969067382812, "noise_cost": 16.696967981383274, "n_waypoints_completed": 7, "tot_waypoints": 9}}
{"target": -418.5632319001963, "params": {"k_pid_pos": [0.7, 0.01, 0.09], "k_pid_alt": [0.7, 0.7553301727947445, 0.14033959706391264], "k_pid_att": [41.91143193163038, 9.662322498240602, 0.5960425532343728], "k_pid_yaw": [0.5, 1e-06, 0.1], "k_pid_hsp": [9.330238913679953, 0.23285228494370624, 0.4673816015552915], "k_pid_vsp": [313.90537970087496, 7.134714572958311, 43.657599597149975]}, "datetime": {"datetime": "2025-08-20 12:16:35", "elapsed": 1450.1334955692291, "delta": 20.009626626968384}, "costs": {"total_cost": 418.5632319001963, "time_cost": 93.056, "final_distance_cost": 1.7442797836917852, "oscillation_cost": 232.79284995708002, "completition_cost": 0.0, "overshoot_cost": 59.359827828203365, "power_cost": 17.596240563964844, "noise_cost": 14.014033767256242, "n_waypoints_completed": 9, "tot_waypoints": 9}}
{"target": -212.68723733833556, "params": {"k_pid_pos": [1.849624377781123, 0.024859491386256316, 0.44963268842268056], "k_pid_alt": [1.2679502233621702, 0.0, 0.1], "k_pid_att": [20.0, 1.0, 0.01], "k_pid_yaw": [0.5, 1e-06, 0.1], "k_pid_hsp": [1.0, 0.01, 0.01], "k_pid_vsp": [150.0, 10.0, 1.0]}, "datetime": {"datetime": "2025-08-20 12:16:50", "elapsed": 1465.3214721679688, "delta": 15.187976598739624}, "costs": {"total_cost": 212.68723733833556, "time_cost": 69.848, "final_distance_cost": 1.7800340884785602, "oscillation_cost": 65.82783768181164, "completition_cost": 0.0, "overshoot_cost": 50.80162318905737, "power_cost": 12.766920861816407, "noise_cost": 11.662821517171592, "n_waypoints_completed": 9, "tot_waypoints": 9}}
{"target": -361.0252404736934, "params": {"k_pid_pos": [1.4698128353043505, 0.20197903768878156, 0.4532799165001634], "k_pid_alt": [1.3349798462935158, 0.13210283730154393, 0.7389840039155418], "k_pid_att": [32.65468426717799, 1.378021579924459, 0.9275625510065076], "k_pid_yaw": [0.5, 1e-06, 0.1], "k_pid_hsp": [3.9758421804300244, 0.8457969578021425, 0.4885840453515333], "k_pid_vsp": [265.14568510543296, 382.2493028631647, 114.57849146637578]}, "datetime": {"datetime": "2025-08-20 12:17:10", "elapsed": 1485.4778661727905, "delta": 20.156394004821777}, "costs": {"total_cost": 361.0252404736934, "time_cost": 88.632, "final_distance_cost": 1.7695237031127868, "oscillation_cost": 183.66425272898005, "completition_cost": 0.0, "overshoot_cost": 53.41527290947407, "power_cost": 19.240116650390625, "noise_cost": 14.304074481735812, "n_waypoints_completed": 9, "tot_waypoints": 9}}
{"target": -585.8553737742484, "params": {"k_pid_pos": [1.3125724517510475, 0.036162710494696215, 0.0054298341287004614], "k_pid_alt": [0.10331583402879785, 0.7154071296158017, 0.7389840039155418], "k_pid_att": [13.105775155731326, 1.2376256611230811, 0.9275625510065076], "k_pid_yaw": [0.5, 1e-06, 0.1], "k_pid_hsp": [3.9758421804300244, 0.30094869178093975, 0.4885840453515333], "k_pid_vsp": [265.14568510543296, 382.2493028631647, 160.0245790538407]}, "datetime": {"datetime": "2025-08-20 12:17:32", "elapsed": 1507.2116894721985, "delta": 21.73382329940796}, "costs": {"total_cost": 585.8553737742484, "time_cost": 150, "final_distance_cost": 60.67829665890173, "oscillation_cost": 167.68169456028974, "completition_cost": 111.11111111111116, "overshoot_cost": 61.43480119648847, "power_cost": 20.320226086425784, "noise_cost": 14.629244161031542, "n_waypoints_completed": 8, "tot_waypoints": 9}}
{"target": -491.9053113368615, "params": {"k_pid_pos": [0.7, 0.01, 0.09], "k_pid_alt": [1.1801517907166184, 0.09504919756440122, 0.6161657000241213], "k_pid_att": [75.3504563000258, 5.649549619663271, 0.5724305140338497], "k_pid_yaw": [0.5, 1e-06, 0.1], "k_pid_hsp": [4.659904931296975, 0.5226317755131228, 0.7639233900065879], "k_pid_vsp": [319.69788660482664, 196.86128673801844, 192.59653664902095]}, "datetime": {"datetime": "2025-08-20 12:17:54", "elapsed": 1528.7660479545593, "delta": 21.55435848236084}, "costs": {"total_cost": 491.9053113368615, "time_cost": 99.288, "final_distance_cost": 1.7966071690086116, "oscillation_cost": 299.27297537580387, "completition_cost": 0.0, "overshoot_cost": 54.50118038164658, "power_cost": 20.696838500976565, "noise_cost": 16.349709909425826, "n_waypoints_completed": 9, "tot_waypoints": 9}}
{"target": -464.0447406258539, "params": {"k_pid_pos": [1.3885554450422086, 0.5811166092209024, 0.19977565166005762], "k_pid_alt": [1.6082490523645254, 0.6059251776477277, 0.8014818108594153], "k_pid_att": [23.855282062738848, 8.494103488346438, 0.057231940153260386], "k_pid_yaw": [0.5, 1e-06, 0.1], "k_pid_hsp": [8.009658440031398, 0.9277954301722804, 0.3361299685293737], "k_pid_vsp": [279.24831359145486, 335.19208762417304, 16.06052077867527]}, "datetime": {"datetime": "2025-08-20 12:18:15", "elapsed": 1550.4548861980438, "delta": 21.688838243484497}, "costs": {"total_cost": 464.0447406258539, "time_cost": 99.528, "final_distance_cost": 1.7648781194872156, "oscillation_cost": 267.143089756727, "completition_cost": 0.0, "overshoot_cost": 55.35351413546232, "power_cost": 23.103217517089846, "noise_cost": 17.152041097087494, "n_waypoints_completed": 9, "tot_waypoints": 9}}
{"target": -303.3332662454046, "params": {"k_pid_pos": [1.3885554450422086, 0.5811166092209024, 0.19977565166005762], "k_pid_alt": [1.6082490523645254, 0.7154071296158017, 0.7389840039155418], "k_pid_att": [13.799751734790533, 1.2376256611230811, 0.9275625510065076], "k_pid_yaw": [0.5, 1e-06, 0.1], "k_pid_hsp": [3.9758421804300244, 0.30094869178093975, 0.28472008233793555], "k_pid_vsp": [61.44535807682345, 46.19602635065192, 8.459207513427996]}, "datetime": {"datetime": "2025-08-20 12:18:35", "elapsed": 1569.9084227085114, "delta": 19.45353651046753}, "costs": {"total_cost": 303.3332662454046, "time_cost": 91.424, "final_distance_cost": 1.765649188487071, "oscillation_cost": 123.03015303830382, "completition_cost": 0.0, "overshoot_cost": 55.27587882593487, "power_cost": 16.97928779296875, "noise_cost": 14.858297399710066, "n_waypoints_completed": 9, "tot_waypoints": 9}}
{"target": -656.5810417028341, "params": {"k_pid_pos": [1.3964096322472659, 0.11973358850112281, 0.1171035659001105], "k_pid_alt": [0.17541802382153682, 0.6578632850405278, 0.11207037099869754], "k_pid_att": [77.43214161418433, 7.278460205357287, 0.33363775832823817], "k_pid_yaw": [0.5, 1e-06, 0.1], "k_pid_hsp": [8.983675636960621, 0.7625321470706523, 0.2705349409101757], "k_pid_vsp": [268.9057724893779, 93.57579511219681, 23.321097617323666]}, "datetime": {"datetime": "2025-08-20 12:18:57", "elapsed": 1592.101645231247, "delta": 22.193222522735596}, "costs": {"total_cost": 656.5810417028341, "time_cost": 150, "final_distance_cost": 34.79319114945296, "oscillation_cost": 258.63214604149164, "completition_cost": 111.11111111111116, "overshoot_cost": 63.54276244603887, "power_cost": 22.07067413330078, "noise_cost": 16.431156821438677, "n_waypoints_completed": 8, "tot_waypoints": 9}}
{"target": -348.2669003264554, "params": {"k_pid_pos": [1.3885554450422086, 0.5811166092209024, 0.19977565166005762], "k_pid_alt": [1.6082490523645254, 0.7154071296158017, 0.7389840039155418], "k_pid_att": [15.35255220546139, 8.494103488346438, 0.05280710140011036], "k_pid_yaw": [0.5, 1e-06, 0.1], "k_pid_hsp": [4.363222965276662, 0.9277954301722804, 0.6522576064658554], "k_pid_vsp": [279.24831359145486, 335.19208762417304, 16.06052077867527]}, "datetime": {"datetime": "2025-08-20 12:19:16", "elapsed": 1610.9951457977295, "delta": 18.893500566482544}, "costs": {"total_cost": 348.2669003264554, "time_cost": 88.296, "final_distance_cost": 1.765338412582148, "oscillation_cost": 173.86831607061583, "completition_cost": 0.0, "overshoot_cost": 53.02769876891455, "power_cost": 17.770300439453127, "noise_cost": 13.539246634889778, "n_waypoints_completed": 9, "tot_waypoints": 9}}
