{"target": -195.08319259555864, "params": {"k_pid_pos": [1.4698128353043505, 0.024859491386256316, 0.44963268842268056], "k_pid_alt": [1.1302962253917743, 0.0, 0.8361997509577753], "k_pid_att": [19.462821160492226, 7.212729332224264, 0.737857181360408], "k_pid_yaw": [0.5, 1e-06, 0.1], "k_pid_hsp": [1.0, 0.01, 0.01], "k_pid_vsp": [111.20884264032553, 139.20520652041523, 1.0]}, "datetime": {"datetime": "2025-08-20 13:34:02", "elapsed": 6097.119131565094, "delta": 18.483510971069336}, "costs": {"total_cost": 195.08319259555864, "time_cost": 75.504, "final_distance_cost": 1.846220785776168, "oscillation_cost": 42.966208236492825, "completition_cost": 0.0, "overshoot_cost": 49.28250559975305, "power_cost": 13.396039697265625, "noise_cost": 12.088218276270965, "n_waypoints_completed": 9, "tot_waypoints": 9}}
{"target": -205.37980198712685, "params": {"k_pid_pos": [1.8624793477566346, 0.7234095031624597, 0.6830149564489978], "k_pid_alt": [1.4458679973838424, 0.0, 0.8361997509577753], "k_pid_att": [19.462821160492226, 7.212729332224264, 0.737857181360408], "k_pid_yaw": [0.5, 1e-06, 0.1], "k_pid_hsp": [1.0, 0.01, 0.01], "k_pid_vsp": [175.8349501205355, 139.20520652041523, 1.0]}, "datetime": {"datetime": "2025-08-20 13:34:23", "elapsed": 6117.904419898987, "delta": 20.785288333892822}, "costs": {"total_cost": 205.37980198712685, "time_cost": 79.848, "final_distance_cost": 1.7550536565904218, "oscillation_cost": 44.94568715874414, "completition_cost": 0.0, "overshoot_cost": 50.999639273660506, "power_cost": 14.974541613769532, "noise_cost": 12.85688028436226, "n_waypoints_completed": 9, "tot_waypoints": 9}}
{"target": -428.9825770690802, "params": {"k_pid_pos": [1.849624377781123, 0.1421860130150272, 0.44963268842268056], "k_pid_alt": [1.296896341175293, 0.0, 0.8361997509577753], "k_pid_att": [19.462821160492226, 4.452622529689853, 0.737857181360408], "k_pid_yaw": [0.5, 1e-06, 0.1], "k_pid_hsp": [1.0, 0.01, 0.597335918711443], "k_pid_vsp": [111.20884264032553, 139.20520652041523, 1.0]}, "datetime": {"datetime": "2025-08-20 13:34:45", "elapsed": 6140.089109659195, "delta": 22.18468976020813}, "costs": {"total_cost": 428.9825770690802, "time_cost": 93.64, "final_distance_cost": 1.7601012644422693, "oscillation_cost": 231.22055100378736, "completition_cost": 0.0, "overshoot_cost": 68.01207704700934, "power_cost": 17.74385321044922, "noise_cost": 16.60599454339198, "n_waypoints_completed": 9, "tot_waypoints": 9}}
{"target": -213.33248131915914, "params": {"k_pid_pos": [1.4698128353043505, 0.024859491386256316, 0.11401919133455096], "k_pid_alt": [1.2679502233621702, 0.19076095246666414, 0.1], "k_pid_att": [66.62171653053798, 1.0, 0.9274604585040267], "k_pid_yaw": [0.5, 1e-06, 0.1], "k_pid_hsp": [1.0, 0.029631885976391104, 0.01], "k_pid_vsp": [150.0, 307.0029666248519, 1.0]}, "datetime": {"datetime": "2025-08-20 13:35:06", "elapsed": 6160.794142484665, "delta": 20.70503282546997}, "costs": {"total_cost": 213.33248131915914, "time_cost": 81.52, "final_distance_cost": 1.7531805356027321, "oscillation_cost": 50.712302861069766, "completition_cost": 0.0, "overshoot_cost": 51.271313918184724, "power_cost": 15.106687145996094, "noise_cost": 12.968996858305845, "n_waypoints_completed": 9, "tot_waypoints": 9}}
{"target": -226.94485913602577, "params": {"k_pid_pos": [1.4698128353043505, 0.6818167256463189, 0.11401919133455096], "k_pid_alt": [1.2679502233621702, 0.0, 0.06527723447865985], "k_pid_att": [58.989274729095186, 1.0, 0.004857337777279036], "k_pid_yaw": [0.5, 1e-06, 0.1], "k_pid_hsp": [1.0, 0.01, 0.01], "k_pid_vsp": [111.20884264032553, 93.09285943774285, 1.0]}, "datetime": {"datetime": "2025-08-20 13:35:27", "elapsed": 6181.657710313797, "delta": 20.86356782913208}, "costs": {"total_cost": 226.94485913602577, "time_cost": 83.88, "final_distance_cost": 1.7742711178974468, "oscillation_cost": 57.602500668190544, "completition_cost": 0.0, "overshoot_cost": 53.72815244986655, "power_cost": 16.12965574951172, "noise_cost": 13.830279150559512, "n_waypoints_completed": 9, "tot_waypoints": 9}}
{"target": -195.1382324890566, "params": {"k_pid_pos": [1.8624793477566346, 0.04925411992759399, 0.6830149564489978], "k_pid_alt": [1.4458679973838424, 0.0, 0.9324720513360747], "k_pid_att": [94.03514125381805, 0.10763610062849525, 0.9274604585040267], "k_pid_yaw": [0.5, 1e-06, 0.1], "k_pid_hsp": [1.0, 0.01, 0.01], "k_pid_vsp": [17.18305095025783, 15.500533572620455, 1.0]}, "datetime": {"datetime": "2025-08-20 13:35:44", "elapsed": 6199.027319192886, "delta": 17.369608879089355}, "costs": {"total_cost": 195.1382324890566, "time_cost": 74.232, "final_distance_cost": 1.8273426761172817, "oscillation_cost": 43.98319275782212, "completition_cost": 0.0, "overshoot_cost": 50.168838722065814, "power_cost": 12.810428784179688, "noise_cost": 12.116429548871698, "n_waypoints_completed": 9, "tot_waypoints": 9}}
{"target": -240.69960921145335, "params": {"k_pid_pos": [1.849624377781123, 0.8299866489848887, 0.11401919133455096], "k_pid_alt": [1.2679502233621702, 0.0, 0.1], "k_pid_att": [78.69411358121238, 1.0, 0.6196773621357177], "k_pid_yaw": [0.5, 1e-06, 0.1], "k_pid_hsp": [1.0, 0.01, 0.01], "k_pid_vsp": [150.0, 307.0029666248519, 1.0]}, "datetime": {"datetime": "2025-08-20 13:36:06", "elapsed": 6221.393051624298, "delta": 22.365732431411743}, "costs": {"total_cost": 240.69960921145335, "time_cost": 93.2, "final_distance_cost": 1.705652831397534, "oscillation_cost": 52.677165202480666, "completition_cost": 0.0, "overshoot_cost": 60.410303120343706, "power_cost": 17.65625496826172, "noise_cost": 15.05023308896972, "n_waypoints_completed": 9, "tot_waypoints": 9}}
{"target": -1880.6662593405308, "params": {"k_pid_pos": [1.4698128353043505, 0.024859491386256316, 0.11401919133455096], "k_pid_alt": [1.2679502233621702, 0.0, 0.6853152424192422], "k_pid_att": [94.03514125381805, 1.0, 0.9274604585040267], "k_pid_yaw": [0.5, 1e-06, 0.1], "k_pid_hsp": [8.097710813561642, 0.01, 0.01], "k_pid_vsp": [111.20884264032553, 253.02848828182366, 377.79234258461804]}, "datetime": {"datetime": "2025-08-20 13:36:30", "elapsed": 6244.810935258865, "delta": 23.41788363456726}, "costs": {"total_cost": 1880.6662593405308, "time_cost": 150, "final_distance_cost": 348.4643877174025, "oscillation_cost": 43.83567039902187, "completition_cost": 888.8888888888888, "overshoot_cost": 414.2251009532455, "power_cost": 18.469061975097656, "noise_cost": 16.783149406874635, "n_waypoints_completed": 1, "tot_waypoints": 9}}
{"target": -185.25832106902004, "params": {"k_pid_pos": [1.849624377781123, 0.024859491386256316, 0.44963268842268056], "k_pid_alt": [1.296896341175293, 0.0, 0.8361997509577753], "k_pid_att": [19.462821160492226, 0.0032441649989051976, 0.737857181360408], "k_pid_yaw": [0.5, 1e-06, 0.1], "k_pid_hsp": [1.0, 0.01, 0.01], "k_pid_vsp": [111.20884264032553, 93.09285943774285, 1.0]}, "datetime": {"datetime": "2025-08-20 13:36:47", "elapsed": 6262.2813675403595, "delta": 17.47043228149414}, "costs": {"total_cost": 185.25832106902004, "time_cost": 71.04, "final_distance_cost": 1.8272046897961631, "oscillation_cost": 37.90748666308723, "completition_cost": 0.0, "overshoot_cost": 50.233960187384696, "power_cost": 12.773602429199219, "noise_cost": 11.476067099552719, "n_waypoints_completed": 9, "tot_waypoints": 9}}
{"target": -211.2607997429505, "params": {"k_pid_pos": [1.849624377781123, 0.024859491386256316, 0.44963268842268056], "k_pid_alt": [1.1302962253917743, 0.25490090380257047, 0.8361997509577753], "k_pid_att": [19.462821160492226, 7.212729332224264, 0.737857181360408], "k_pid_yaw": [0.5, 1e-06, 0.1], "k_pid_hsp": [1.0, 0.01, 0.01], "k_pid_vsp": [176.4074495617074, 10.0, 1.0]}, "datetime": {"datetime": "2025-08-20 13:37:08", "elapsed": 6282.646110773087, "delta": 20.36474323272705}, "costs": {"total_cost": 211.2607997429505, "time_cost": 79.984, "final_distance_cost": 1.7827906087453513, "oscillation_cost": 50.60287034635777, "completition_cost": 0.0, "overshoot_cost": 51.95318201733074, "power_cost": 14.41989697265625, "noise_cost": 12.518059797860388, "n_waypoints_completed": 9, "tot_waypoints": 9}}
{"target": -181.61196504985168, "params": {"k_pid_pos": [1.4698128353043505, 0.024859491386256316, 0.11401919133455096], "k_pid_alt": [1.2679502233621702, 0.0, 0.1], "k_pid_att": [43.948176657889235, 1.0, 0.9274604585040267], "k_pid_yaw": [0.5, 1e-06, 0.1], "k_pid_hsp": [1.0, 0.01, 0.01], "k_pid_vsp": [150.0, 307.0029666248519, 1.0]}, "datetime": {"datetime": "2025-08-20 13:37:24", "elapsed": 6298.56360077858, "delta": 15.917490005493164}, "costs": {"total_cost": 181.61196504985168, "time_cost": 68.512, "final_distance_cost": 1.8056572823648742, "oscillation_cost": 37.517097350675485, "completition_cost": 0.0, "overshoot_cost": 49.940026926796484, "power_cost": 12.557937060546875, "noise_cost": 11.279246429467978, "n_waypoints_completed": 9, "tot_waypoints": 9}}
{"target": -182.08285855576855, "params": {"k_pid_pos": [1.4698128353043505, 0.024859491386256316, 0.11401919133455096], "k_pid_alt": [1.2679502233621702, 0.0, 0.1], "k_pid_att": [66.62171653053798, 1.0, 0.9274604585040267], "k_pid_yaw": [0.5, 1e-06, 0.1], "k_pid_hsp": [1.0, 0.029631885976391104, 0.01], "k_pid_vsp": [111.20884264032553, 221.6078012742647, 1.0]}, "datetime": {"datetime": "2025-08-20 13:37:39", "elapsed": 6314.180464029312, "delta": 15.616863250732422}, "costs": {"total_cost": 182.08285855576855, "time_cost": 68.512, "final_distance_cost": 1.7956122364561096, "oscillation_cost": 37.99528523839008, "completition_cost": 0.0, "overshoot_cost": 50.15743010538646, "power_cost": 12.436513598632812, "noise_cost": 11.18601737690311, "n_waypoints_completed": 9, "tot_waypoints": 9}}
{"target": -182.53001576745743, "params": {"k_pid_pos": [1.4698128353043505, 0.024859491386256316, 0.11401919133455096], "k_pid_alt": [1.2679502233621702, 0.0, 0.1], "k_pid_att": [66.62171653053798, 1.0, 0.9274604585040267], "k_pid_yaw": [0.5, 1e-06, 0.1], "k_pid_hsp": [1.0, 0.029631885976391104, 0.01], "k_pid_vsp": [111.20884264032553, 93.09285943774285, 1.0]}, "datetime": {"datetime": "2025-08-20 13:37:56", "elapsed": 6330.682159423828, "delta": 16.50169539451599}, "costs": {"total_cost": 182.53001576745743, "time_cost": 68.536, "final_distance_cost": 1.8096938775986229, "oscillation_cost": 38.56978378572907, "completition_cost": 0.0, "overshoot_cost": 50.247141307965634, "power_cost": 12.248519226074219, "noise_cost": 11.118877570089877, "n_waypoints_completed": 9, "tot_waypoints": 9}}
{"target": -181.29403660663945, "params": {"k_pid_pos": [1.4698128353043505, 0.024859491386256316, 0.11401919133455096], "k_pid_alt": [1.2679502233621702, 0.0, 0.1], "k_pid_att": [43.948176657889235, 4.452622529689853, 0.737857181360408], "k_pid_yaw": [0.5, 1e-06, 0.1], "k_pid_hsp": [1.0, 0.01, 0.01], "k_pid_vsp": [111.20884264032553, 139.20520652041523, 1.0]}, "datetime": {"datetime": "2025-08-20 13:38:12", "elapsed": 6347.031513929367, "delta": 16.34935450553894}, "costs": {"total_cost": 181.29403660663945, "time_cost": 68.432, "final_distance_cost": 1.7872494674007047, "oscillation_cost": 37.450995147453554, "completition_cost": 0.0, "overshoot_cost": 49.769694062561456, "power_cost": 12.558518322753907, "noise_cost": 11.295579606469817, "n_waypoints_completed": 9, "tot_waypoints": 9}}
{"target": -209.21862449292726, "params": {"k_pid_pos": [1.849624377781123, 0.024859491386256316, 0.44963268842268056], "k_pid_alt": [1.296896341175293, 0.0, 0.8361997509577753], "k_pid_att": [19.462821160492226, 1.0, 0.9274604585040267], "k_pid_yaw": [0.5, 1e-06, 0.1], "k_pid_hsp": [1.0, 0.9618157414002794, 0.01], "k_pid_vsp": [150.0, 307.0029666248519, 1.0]}, "datetime": {"datetime": "2025-08-20 13:38:32", "elapsed": 6366.933924913406, "delta": 19.902410984039307}, "costs": {"total_cost": 209.21862449292726, "time_cost": 71.032, "final_distance_cost": 1.8059920810373764, "oscillation_cost": 61.77500865692902, "completition_cost": 0.0, "overshoot_cost": 49.168382494742055, "power_cost": 13.705495141601563, "noise_cost": 11.731746118617265, "n_waypoints_completed": 9, "tot_waypoints": 9}}
{"target": -204.8772388231519, "params": {"k_pid_pos": [1.4698128353043505, 0.35023019656788623, 0.11401919133455096], "k_pid_alt": [1.2679502233621702, 0.0, 0.1], "k_pid_att": [66.62171653053798, 1.0, 0.9274604585040267], "k_pid_yaw": [0.5, 1e-06, 0.1], "k_pid_hsp": [1.0, 0.029631885976391104, 0.01], "k_pid_vsp": [111.20884264032553, 221.6078012742647, 1.0]}, "datetime": {"datetime": "2025-08-20 13:38:53", "elapsed": 6388.178720235825, "delta": 21.244795322418213}, "costs": {"total_cost": 204.8772388231519, "time_cost": 78.608, "final_distance_cost": 1.741123709629973, "oscillation_cost": 46.39086700381695, "completition_cost": 0.0, "overshoot_cost": 51.37299071053758, "power_cost": 14.184107739257813, "noise_cost": 12.580149659909578, "n_waypoints_completed": 9, "tot_waypoints": 9}}
{"target": -185.880606217324, "params": {"k_pid_pos": [1.4698128353043505, 0.024859491386256316, 0.11401919133455096], "k_pid_alt": [1.2679502233621702, 0.0, 0.5012331895262763], "k_pid_att": [94.03514125381805, 1.0, 0.9274604585040267], "k_pid_yaw": [0.5, 1e-06, 0.1], "k_pid_hsp": [1.0, 0.01, 0.01], "k_pid_vsp": [111.20884264032553, 93.09285943774285, 1.0]}, "datetime": {"datetime": "2025-08-20 13:39:12", "elapsed": 6406.969643115997, "delta": 18.79092288017273}, "costs": {"total_cost": 185.880606217324, "time_cost": 69.968, "final_distance_cost": 1.7905939783382734, "oscillation_cost": 39.370087043945034, "completition_cost": 0.0, "overshoot_cost": 50.855689384460355, "power_cost": 12.54174189453125, "noise_cost": 11.354493916049067, "n_waypoints_completed": 9, "tot_waypoints": 9}}
{"target": -886.0479026175102, "params": {"k_pid_pos": [1.4698128353043505, 0.024859491386256316, 0.11401919133455096], "k_pid_alt": [1.2679502233621702, 0.0, 0.1], "k_pid_att": [43.948176657889235, 5.698441898331262, 0.9274604585040267], "k_pid_yaw": [0.5, 1e-06, 0.1], "k_pid_hsp": [1.0, 0.01, 0.01], "k_pid_vsp": [150.0, 307.0029666248519, 358.91346711595696]}, "datetime": {"datetime": "2025-08-20 13:39:36", "elapsed": 6430.651134490967, "delta": 23.681491374969482}, "costs": {"total_cost": 886.0479026175102, "time_cost": 150, "final_distance_cost": 39.32842283616712, "oscillation_cost": 45.9804089444877, "completition_cost": 555.5555555555555, "overshoot_cost": 79.37844990544656, "power_cost": 7.834800708007813, "noise_cost": 7.970264667845377, "n_waypoints_completed": 4, "tot_waypoints": 9}}
{"target": -901.8293283755672, "params": {"k_pid_pos": [1.849624377781123, 0.024859491386256316, 0.44963268842268056], "k_pid_alt": [1.1959010262395136, 0.0, 0.8361997509577753], "k_pid_att": [71.08876827294898, 0.0032441649989051976, 0.737857181360408], "k_pid_yaw": [0.5, 1e-06, 0.1], "k_pid_hsp": [1.0, 0.01, 0.01], "k_pid_vsp": [111.20884264032553, 93.09285943774285, 177.16353308542304]}, "datetime": {"datetime": "2025-08-20 13:39:59", "elapsed": 6454.4781665802, "delta": 23.8270320892334}, "costs": {"total_cost": 901.8293283755672, "time_cost": 150, "final_distance_cost": 42.173078720282106, "oscillation_cost": 56.30736138152374, "completition_cost": 555.5555555555555, "overshoot_cost": 68.2121377880579, "power_cost": 15.677377539062501, "noise_cost": 13.90381739108542, "n_waypoints_completed": 4, "tot_waypoints": 9}}
{"target": -313.3546871908647, "params": {"k_pid_pos": [1.4698128353043505, 0.024859491386256316, 0.11401919133455096], "k_pid_alt": [0.6073168342197379, 0.0, 0.1], "k_pid_att": [43.948176657889235, 1.1322615083422152, 0.9274604585040267], "k_pid_yaw": [0.5, 1e-06, 0.1], "k_pid_hsp": [9.179433221978535, 0.029631885976391104, 0.5627030530435029], "k_pid_vsp": [253.67328615807344, 93.09285943774285, 58.10898780114173]}, "datetime": {"datetime": "2025-08-20 13:40:17", "elapsed": 6472.396597146988, "delta": 17.91843056678772}, "costs": {"total_cost": 313.3546871908647, "time_cost": 72.0, "final_distance_cost": 1.7782617020582066, "oscillation_cost": 162.12533520535248, "completition_cost": 0.0, "overshoot_cost": 50.87130430968866, "power_cost": 14.871678112792969, "noise_cost": 11.708107860972422, "n_waypoints_completed": 9, "tot_waypoints": 9}}
{"target": -213.18943109488612, "params": {"k_pid_pos": [1.849624377781123, 0.024859491386256316, 0.11401919133455096], "k_pid_alt": [1.2679502233621702, 0.4346042841186101, 0.1], "k_pid_att": [66.62171653053798, 1.0, 0.9274604585040267], "k_pid_yaw": [0.5, 1e-06, 0.1], "k_pid_hsp": [1.0, 0.01, 0.01], "k_pid_vsp": [150.0, 307.0029666248519, 1.0]}, "datetime": {"datetime": "2025-08-20 13:40:38", "elapsed": 6492.890598535538, "delta": 20.494001388549805}, "costs": {"total_cost": 213.18943109488612, "time_cost": 78.952, "final_distance_cost": 1.778965570666017, "oscillation_cost": 54.55257188451477, "completition_cost": 0.0, "overshoot_cost": 51.74444075481997, "power_cost": 13.899633666992187, "noise_cost": 12.26181921789316, "n_waypoints_completed": 9, "tot_waypoints": 9}}
{"target": -182.53001576745743, "params": {"k_pid_pos": [1.4698128353043505, 0.024859491386256316, 0.11401919133455096], "k_pid_alt": [1.2679502233621702, 0.0, 0.1], "k_pid_att": [66.62171653053798, 1.0, 0.9274604585040267], "k_pid_yaw": [0.5, 1e-06, 0.1], "k_pid_hsp": [1.0, 0.029631885976391104, 0.01], "k_pid_vsp": [111.20884264032553, 93.09285943774285, 1.0]}, "datetime": {"datetime": "2025-08-20 13:40:55", "elapsed": 6509.950409889221, "delta": 17.05981135368347}, "costs": {"total_cost": 182.53001576745743, "time_cost": 68.536, "final_distance_cost": 1.8096938775986229, "oscillation_cost": 38.56978378572907, "completition_cost": 0.0, "overshoot_cost": 50.247141307965634, "power_cost": 12.248519226074219, "noise_cost": 11.118877570089877, "n_waypoints_completed": 9, "tot_waypoints": 9}}
{"target": -215.1562302429927, "params": {"k_pid_pos": [1.4698128353043505, 0.024859491386256316, 0.11401919133455096], "k_pid_alt": [1.2679502233621702, 0.19076095246666414, 0.1], "k_pid_att": [6.9838592493503215, 1.0, 0.9274604585040267], "k_pid_yaw": [0.5, 1e-06, 0.1], "k_pid_hsp": [1.0, 0.029631885976391104, 0.01], "k_pid_vsp": [150.0, 307.0029666248519, 1.0]}, "datetime": {"datetime": "2025-08-20 13:41:16", "elapsed": 6530.77404999733, "delta": 20.82364010810852}, "costs": {"total_cost": 215.1562302429927, "time_cost": 80.864, "final_distance_cost": 1.7533139645413702, "oscillation_cost": 53.04816542723567, "completition_cost": 0.0, "overshoot_cost": 51.51039123287983, "power_cost": 15.160597619628907, "noise_cost": 12.819761998706909, "n_waypoints_completed": 9, "tot_waypoints": 9}}
{"target": -184.16814197652567, "params": {"k_pid_pos": [1.647366612200146, 0.06328363340203702, 0.11401919133455096], "k_pid_alt": [1.2679502233621702, 0.0, 0.1], "k_pid_att": [66.62171653053798, 6.16091081068753, 0.9274604585040267], "k_pid_yaw": [0.5, 1e-06, 0.1], "k_pid_hsp": [1.0, 0.029631885976391104, 0.01], "k_pid_vsp": [111.20884264032553, 93.09285943774285, 1.0]}, "datetime": {"datetime": "2025-08-20 13:41:34", "elapsed": 6548.694757223129, "delta": 17.92070722579956}, "costs": {"total_cost": 184.16814197652567, "time_cost": 68.416, "final_distance_cost": 1.7881595957441192, "oscillation_cost": 40.517373685891855, "completition_cost": 0.0, "overshoot_cost": 50.449276833630975, "power_cost": 11.922592187500001, "noise_cost": 11.074739673758723, "n_waypoints_completed": 9, "tot_waypoints": 9}}
{"target": -977.8359981020884, "params": {"k_pid_pos": [1.849624377781123, 0.1003293178450484, 0.44963268842268056], "k_pid_alt": [0.13712023212969493, 0.0, 0.8361997509577753], "k_pid_att": [19.462821160492226, 5.9521973635976435, 0.737857181360408], "k_pid_yaw": [0.5, 1e-06, 0.1], "k_pid_hsp": [1.0, 0.01, 0.01], "k_pid_vsp": [111.20884264032553, 139.20520652041523, 1.0]}, "datetime": {"datetime": "2025-08-20 13:41:58", "elapsed": 6573.028095006943, "delta": 24.333337783813477}, "costs": {"total_cost": 977.8359981020884, "time_cost": 150, "final_distance_cost": 59.12216741654299, "oscillation_cost": 26.30301059038371, "completition_cost": 666.6666666666667, "overshoot_cost": 43.81423103998186, "power_cost": 17.163799707031252, "noise_cost": 14.766122681481901, "n_waypoints_completed": 3, "tot_waypoints": 9}}
{"target": -1269.6292303437097, "params": {"k_pid_pos": [1.4698128353043505, 0.024859491386256316, 0.007456431423803034], "k_pid_alt": [1.2679502233621702, 0.5247951503334181, 0.1], "k_pid_att": [94.03514125381805, 1.8314851444632174, 0.9274604585040267], "k_pid_yaw": [0.5, 1e-06, 0.1], "k_pid_hsp": [1.0, 0.01, 0.38244816794941827], "k_pid_vsp": [111.20884264032553, 93.09285943774285, 243.7955552263187]}, "datetime": {"datetime": "2025-08-20 13:42:26", "elapsed": 6600.9630789756775, "delta": 27.93498396873474}, "costs": {"total_cost": 1269.6292303437097, "time_cost": 150, "final_distance_cost": 61.84996359135633, "oscillation_cost": 292.19717180096694, "completition_cost": 666.6666666666667, "overshoot_cost": 60.429641218730744, "power_cost": 21.651066442871095, "noise_cost": 16.834720623117892, "n_waypoints_completed": 3, "tot_waypoints": 9}}
{"target": -971.1724718694608, "params": {"k_pid_pos": [1.849624377781123, 0.024859491386256316, 0.44963268842268056], "k_pid_alt": [0.16003885105321913, 0.0, 0.8361997509577753], "k_pid_att": [19.462821160492226, 0.0032441649989051976, 0.737857181360408], "k_pid_yaw": [0.5, 1e-06, 0.1], "k_pid_hsp": [1.0, 0.01, 0.01], "k_pid_vsp": [111.20884264032553, 93.09285943774285, 1.0]}, "datetime": {"datetime": "2025-08-20 13:42:53", "elapsed": 6627.708278656006, "delta": 26.74519968032837}, "costs": {"total_cost": 971.1724718694608, "time_cost": 150, "final_distance_cost": 54.17786819107511, "oscillation_cost": 24.51718716853972, "completition_cost": 666.6666666666667, "overshoot_cost": 43.74882244918695, "power_cost": 17.2774822265625, "noise_cost": 14.784445167429757, "n_waypoints_completed": 3, "tot_waypoints": 9}}
