{"target": -179.43061469086348, "params": {"k_pid_pos": [1.4698128353043505, 0.024859491386256316, 0.3434561031905483], "k_pid_alt": [1.2679502233621702, 0.0, 0.1], "k_pid_att": [32.194164172814396, 3.7802132718527557, 0.9274604585040267], "k_pid_yaw": [0.5, 1e-06, 0.1], "k_pid_hsp": [2.395389635608916, 0.01, 0.01], "k_pid_vsp": [111.20884264032553, 102.7157397860675, 1.0]}, "datetime": {"datetime": "2025-08-20 19:23:24", "elapsed": 27059.129638195038, "delta": 16.08989715576172}, "costs": {"total_cost": 179.43061469086348, "time_cost": 69.168, "final_distance_cost": 1.8308394835546955, "oscillation_cost": 36.12436774661707, "completition_cost": 0.0, "overshoot_cost": 49.78905086435308, "power_cost": 11.434627966308595, "noise_cost": 11.083728630030047, "n_waypoints_completed": 9, "tot_waypoints": 9}}
{"target": -184.49539073349553, "params": {"k_pid_pos": [1.4698128353043505, 0.024859491386256316, 0.3434561031905483], "k_pid_alt": [1.2679502233621702, 0.0, 0.1], "k_pid_att": [43.948176657889235, 1.326856224425946, 0.9274604585040267], "k_pid_yaw": [0.5, 1e-06, 0.1], "k_pid_hsp": [2.82373402557605, 0.7709548990052254, 0.01], "k_pid_vsp": [111.20884264032553, 102.7157397860675, 1.0]}, "datetime": {"datetime": "2025-08-20 19:23:39", "elapsed": 27074.00779891014, "delta": 14.87816071510315}, "costs": {"total_cost": 184.49539073349553, "time_cost": 68.824, "final_distance_cost": 1.847089730938011, "oscillation_cost": 42.13014615317597, "completition_cost": 0.0, "overshoot_cost": 49.22511002405257, "power_cost": 11.444428076171876, "noise_cost": 11.024616749157095, "n_waypoints_completed": 9, "tot_waypoints": 9}}
{"target": -179.1189733089456, "params": {"k_pid_pos": [1.4698128353043505, 0.024859491386256316, 0.3434561031905483], "k_pid_alt": [1.2679502233621702, 0.0, 0.1], "k_pid_att": [43.948176657889235, 1.326856224425946, 0.9274604585040267], "k_pid_yaw": [0.5, 1e-06, 0.1], "k_pid_hsp": [2.82373402557605, 0.01, 0.01], "k_pid_vsp": [111.20884264032553, 273.5353972576295, 1.0]}, "datetime": {"datetime": "2025-08-20 19:23:57", "elapsed": 27092.09577846527, "delta": 18.087979555130005}, "costs": {"total_cost": 179.1189733089456, "time_cost": 69.08, "final_distance_cost": 1.82789680896276, "oscillation_cost": 36.053956851540036, "completition_cost": 0.0, "overshoot_cost": 49.967857002434926, "power_cost": 11.306078613281251, "noise_cost": 10.883184032726623, "n_waypoints_completed": 9, "tot_waypoints": 9}}
{"target": -200.7876980228588, "params": {"k_pid_pos": [1.4698128353043505, 0.623941579046508, 0.3434561031905483], "k_pid_alt": [1.2679502233621702, 0.0, 0.1], "k_pid_att": [43.948176657889235, 3.7802132718527557, 0.9274604585040267], "k_pid_yaw": [0.5, 1e-06, 0.1], "k_pid_hsp": [2.82373402557605, 0.5338140877098506, 0.01], "k_pid_vsp": [111.20884264032553, 102.7157397860675, 1.0]}, "datetime": {"datetime": "2025-08-20 19:24:14", "elapsed": 27108.831027269363, "delta": 16.735248804092407}, "costs": {"total_cost": 200.7876980228588, "time_cost": 77.024, "final_distance_cost": 1.718634746821151, "oscillation_cost": 46.09538750454366, "completition_cost": 0.0, "overshoot_cost": 50.22300872484792, "power_cost": 13.624204602050781, "noise_cost": 12.102462444595295, "n_waypoints_completed": 9, "tot_waypoints": 9}}
{"target": -187.05787172837196, "params": {"k_pid_pos": [1.8034346552870686, 0.024859491386256316, 0.3434561031905483], "k_pid_alt": [1.2679502233621702, 0.0, 0.6683949116493773], "k_pid_att": [83.24205936752172, 1.326856224425946, 0.9274604585040267], "k_pid_yaw": [0.5, 1e-06, 0.1], "k_pid_hsp": [2.82373402557605, 0.01, 0.01], "k_pid_vsp": [170.97439258889042, 102.7157397860675, 1.0]}, "datetime": {"datetime": "2025-08-20 19:24:32", "elapsed": 27126.99131655693, "delta": 18.16028928756714}, "costs": {"total_cost": 187.05787172837196, "time_cost": 70.784, "final_distance_cost": 1.8096005083619784, "oscillation_cost": 41.143953783435514, "completition_cost": 0.0, "overshoot_cost": 50.56597266919064, "power_cost": 11.67712705078125, "noise_cost": 11.077217716602565, "n_waypoints_completed": 9, "tot_waypoints": 9}}
{"target": -181.16151794196074, "params": {"k_pid_pos": [1.4698128353043505, 0.024859491386256316, 0.3434561031905483], "k_pid_alt": [1.2679502233621702, 0.028806210149256217, 0.1], "k_pid_att": [43.948176657889235, 5.6580295118978245, 0.9623745068707039], "k_pid_yaw": [0.5, 1e-06, 0.1], "k_pid_hsp": [2.82373402557605, 0.01, 0.01], "k_pid_vsp": [111.20884264032553, 102.7157397860675, 1.0]}, "datetime": {"datetime": "2025-08-20 19:24:48", "elapsed": 27142.63076376915, "delta": 15.639447212219238}, "costs": {"total_cost": 181.16151794196074, "time_cost": 69.632, "final_distance_cost": 1.8457313305198895, "oscillation_cost": 36.344984317332084, "completition_cost": 0.0, "overshoot_cost": 50.873154890862644, "power_cost": 11.186017150878907, "noise_cost": 11.279630252367193, "n_waypoints_completed": 9, "tot_waypoints": 9}}
{"target": -318.6526713958932, "params": {"k_pid_pos": [1.8792899704868669, 0.5863322269513203, 0.5978464708832673], "k_pid_alt": [1.2679502233621702, 0.0, 0.07336557510105324], "k_pid_att": [43.948176657889235, 1.326856224425946, 0.9274604585040267], "k_pid_yaw": [0.5, 1e-06, 0.1], "k_pid_hsp": [2.82373402557605, 0.01, 0.44244848811851867], "k_pid_vsp": [111.20884264032553, 102.7157397860675, 1.0]}, "datetime": {"datetime": "2025-08-20 19:25:07", "elapsed": 27162.311084270477, "delta": 19.680320501327515}, "costs": {"total_cost": 318.6526713958932, "time_cost": 81.392, "final_distance_cost": 1.7572142596560951, "oscillation_cost": 151.99894028308495, "completition_cost": 0.0, "overshoot_cost": 53.34273025117902, "power_cost": 16.498759033203125, "noise_cost": 13.663027568770007, "n_waypoints_completed": 9, "tot_waypoints": 9}}
{"target": -182.79440046838957, "params": {"k_pid_pos": [1.5073823265605182, 0.024859491386256316, 0.3434561031905483], "k_pid_alt": [1.9294269632989844, 0.03163609357351849, 0.3787621482452719], "k_pid_att": [43.948176657889235, 6.380071371307885, 0.71995891973172], "k_pid_yaw": [0.5, 1e-06, 0.1], "k_pid_hsp": [2.82373402557605, 0.041997352724737036, 0.01], "k_pid_vsp": [111.20884264032553, 102.7157397860675, 1.0]}, "datetime": {"datetime": "2025-08-20 19:25:22", "elapsed": 27177.201337337494, "delta": 14.890253067016602}, "costs": {"total_cost": 182.79440046838957, "time_cost": 69.44800000000001, "final_distance_cost": 1.8434181745349993, "oscillation_cost": 38.32634728339512, "completition_cost": 0.0, "overshoot_cost": 50.55066024783462, "power_cost": 11.382678186035157, "noise_cost": 11.24329657658968, "n_waypoints_completed": 9, "tot_waypoints": 9}}
{"target": -179.0980291720653, "params": {"k_pid_pos": [1.5164821318119608, 0.024859491386256316, 0.3434561031905483], "k_pid_alt": [1.2679502233621702, 0.0, 0.1], "k_pid_att": [25.997073188089082, 3.7802132718527557, 0.9274604585040267], "k_pid_yaw": [0.5, 1e-06, 0.1], "k_pid_hsp": [2.395389635608916, 0.01, 0.01], "k_pid_vsp": [111.20884264032553, 98.63337078029946, 1.0]}, "datetime": {"datetime": "2025-08-20 19:25:39", "elapsed": 27194.159433841705, "delta": 16.958096504211426}, "costs": {"total_cost": 179.0980291720653, "time_cost": 68.992, "final_distance_cost": 1.83658750891651, "oscillation_cost": 36.26267761198999, "completition_cost": 0.0, "overshoot_cost": 49.90040667783079, "power_cost": 11.171330883789063, "noise_cost": 10.935026489538947, "n_waypoints_completed": 9, "tot_waypoints": 9}}
{"target": -1076.7282288536376, "params": {"k_pid_pos": [1.4698128353043505, 0.12166711107490247, 0.3434561031905483], "k_pid_alt": [1.2679502233621702, 0.0, 0.1], "k_pid_att": [43.948176657889235, 1.326856224425946, 0.9274604585040267], "k_pid_yaw": [0.5, 1e-06, 0.1], "k_pid_hsp": [2.3991572605295537, 0.01, 0.01], "k_pid_vsp": [117.53724514392157, 376.6167462867098, 375.44518739821063]}, "datetime": {"datetime": "2025-08-20 19:26:02", "elapsed": 27216.9394698143, "delta": 22.780035972595215}, "costs": {"total_cost": 1076.7282288536376, "time_cost": 150, "final_distance_cost": 71.84639493965663, "oscillation_cost": 44.27862703803926, "completition_cost": 666.6666666666667, "overshoot_cost": 102.97140874349098, "power_cost": 21.76810173339844, "noise_cost": 19.19702973238544, "n_waypoints_completed": 3, "tot_waypoints": 9}}
{"target": -195.18771746069385, "params": {"k_pid_pos": [1.9633392782387096, 0.10920718465865398, 0.3936288181756814], "k_pid_alt": [1.2679502233621702, 0.0, 0.43738161972271916], "k_pid_att": [59.0149162219073, 8.491440198406547, 0.3297423310025197], "k_pid_yaw": [0.5, 1e-06, 0.1], "k_pid_hsp": [2.82373402557605, 0.4017820065842225, 0.01], "k_pid_vsp": [111.20884264032553, 220.49899307650495, 1.0]}, "datetime": {"datetime": "2025-08-20 19:26:17", "elapsed": 27232.126452445984, "delta": 15.18698263168335}, "costs": {"total_cost": 195.18771746069385, "time_cost": 69.624, "final_distance_cost": 1.7856526958612606, "oscillation_cost": 51.09883414591207, "completition_cost": 0.0, "overshoot_cost": 49.77591326736514, "power_cost": 11.850442993164062, "noise_cost": 11.052874358391328, "n_waypoints_completed": 9, "tot_waypoints": 9}}
{"target": -330.53020845117766, "params": {"k_pid_pos": [1.4698128353043505, 0.08721639792057734, 0.3434561031905483], "k_pid_alt": [1.2679502233621702, 0.0, 0.1], "k_pid_att": [75.73778624120506, 1.326856224425946, 0.9274604585040267], "k_pid_yaw": [0.5, 1e-06, 0.1], "k_pid_hsp": [2.82373402557605, 0.6256052011296894, 0.9094015404729765], "k_pid_vsp": [111.20884264032553, 102.7157397860675, 1.0]}, "datetime": {"datetime": "2025-08-20 19:26:36", "elapsed": 27251.179065704346, "delta": 19.052613258361816}, "costs": {"total_cost": 330.53020845117766, "time_cost": 83.32000000000001, "final_distance_cost": 1.743563761785716, "oscillation_cost": 161.1224279110934, "completition_cost": 0.0, "overshoot_cost": 52.18530409437543, "power_cost": 17.346106262207034, "noise_cost": 14.812806421716022, "n_waypoints_completed": 9, "tot_waypoints": 9}}
{"target": -177.6739252695265, "params": {"k_pid_pos": [1.4698128353043505, 0.024859491386256316, 0.3434561031905483], "k_pid_alt": [1.2679502233621702, 0.0, 0.1], "k_pid_att": [43.948176657889235, 1.326856224425946, 0.9274604585040267], "k_pid_yaw": [0.5, 1e-06, 0.1], "k_pid_hsp": [2.82373402557605, 0.01, 0.01], "k_pid_vsp": [111.20884264032553, 102.7157397860675, 1.0]}, "datetime": {"datetime": "2025-08-20 19:26:52", "elapsed": 27267.180958271027, "delta": 16.001892566680908}, "costs": {"total_cost": 177.6739252695265, "time_cost": 69.152, "final_distance_cost": 1.8262656886158488, "oscillation_cost": 34.33594552183275, "completition_cost": 0.0, "overshoot_cost": 50.065815663241324, "power_cost": 11.237653356933594, "noise_cost": 11.056245038902981, "n_waypoints_completed": 9, "tot_waypoints": 9}}
{"target": -177.6739252695265, "params": {"k_pid_pos": [1.4698128353043505, 0.024859491386256316, 0.3434561031905483], "k_pid_alt": [1.2679502233621702, 0.0, 0.1], "k_pid_att": [43.948176657889235, 1.326856224425946, 0.9274604585040267], "k_pid_yaw": [0.5, 1e-06, 0.1], "k_pid_hsp": [2.82373402557605, 0.01, 0.01], "k_pid_vsp": [111.20884264032553, 102.7157397860675, 1.0]}, "datetime": {"datetime": "2025-08-20 19:27:08", "elapsed": 27283.34410214424, "delta": 16.16314387321472}, "costs": {"total_cost": 177.6739252695265, "time_cost": 69.152, "final_distance_cost": 1.8262656886158488, "oscillation_cost": 34.33594552183275, "completition_cost": 0.0, "overshoot_cost": 50.065815663241324, "power_cost": 11.237653356933594, "noise_cost": 11.056245038902981, "n_waypoints_completed": 9, "tot_waypoints": 9}}
{"target": -177.6739252695265, "params": {"k_pid_pos": [1.4698128353043505, 0.024859491386256316, 0.3434561031905483], "k_pid_alt": [1.2679502233621702, 0.0, 0.1], "k_pid_att": [43.948176657889235, 1.326856224425946, 0.9274604585040267], "k_pid_yaw": [0.5, 1e-06, 0.1], "k_pid_hsp": [2.82373402557605, 0.01, 0.01], "k_pid_vsp": [111.20884264032553, 102.7157397860675, 1.0]}, "datetime": {"datetime": "2025-08-20 19:27:25", "elapsed": 27299.674822330475, "delta": 16.33072018623352}, "costs": {"total_cost": 177.6739252695265, "time_cost": 69.152, "final_distance_cost": 1.8262656886158488, "oscillation_cost": 34.33594552183275, "completition_cost": 0.0, "overshoot_cost": 50.065815663241324, "power_cost": 11.237653356933594, "noise_cost": 11.056245038902981, "n_waypoints_completed": 9, "tot_waypoints": 9}}
{"target": -278.9635062468574, "params": {"k_pid_pos": [1.8034346552870686, 0.024859491386256316, 0.3434561031905483], "k_pid_alt": [1.2679502233621702, 0.0, 0.1], "k_pid_att": [75.73778624120506, 0.45878646222833935, 0.9274604585040267], "k_pid_yaw": [0.5, 1e-06, 0.1], "k_pid_hsp": [2.82373402557605, 0.6256052011296894, 0.9094015404729765], "k_pid_vsp": [111.20884264032553, 102.7157397860675, 1.0]}, "datetime": {"datetime": "2025-08-20 19:27:41", "elapsed": 27316.388118505478, "delta": 16.71329617500305}, "costs": {"total_cost": 278.9635062468574, "time_cost": 74.824, "final_distance_cost": 1.7827753927718488, "oscillation_cost": 121.81470130299428, "completition_cost": 0.0, "overshoot_cost": 52.45658461480836, "power_cost": 15.42387987060547, "noise_cost": 12.661565065677479, "n_waypoints_completed": 9, "tot_waypoints": 9}}
{"target": -178.1345527043579, "params": {"k_pid_pos": [1.4698128353043505, 0.08721639792057734, 0.3434561031905483], "k_pid_alt": [1.2679502233621702, 0.0, 0.1], "k_pid_att": [43.948176657889235, 7.262158112886176, 0.9274604585040267], "k_pid_yaw": [0.5, 1e-06, 0.1], "k_pid_hsp": [2.82373402557605, 0.01, 0.01], "k_pid_vsp": [111.20884264032553, 102.7157397860675, 1.0]}, "datetime": {"datetime": "2025-08-20 19:27:58", "elapsed": 27332.88548731804, "delta": 16.497368812561035}, "costs": {"total_cost": 178.1345527043579, "time_cost": 69.21600000000001, "final_distance_cost": 1.829331586459232, "oscillation_cost": 34.71941549065177, "completition_cost": 0.0, "overshoot_cost": 50.12209124109616, "power_cost": 11.28505682373047, "noise_cost": 10.962657562420288, "n_waypoints_completed": 9, "tot_waypoints": 9}}
{"target": -228.13632294900964, "params": {"k_pid_pos": [1.5164821318119608, 0.024859491386256316, 0.3434561031905483], "k_pid_alt": [1.2679502233621702, 0.0, 0.1], "k_pid_att": [25.997073188089082, 3.7802132718527557, 0.08105699149151435], "k_pid_yaw": [0.5, 1e-06, 0.1], "k_pid_hsp": [2.82373402557605, 0.01, 0.01], "k_pid_vsp": [111.20884264032553, 102.7157397860675, 19.905301600864938]}, "datetime": {"datetime": "2025-08-20 19:28:13", "elapsed": 27348.228382349014, "delta": 15.342895030975342}, "costs": {"total_cost": 228.13632294900964, "time_cost": 68.784, "final_distance_cost": 1.8412506412775573, "oscillation_cost": 77.17974518186215, "completition_cost": 0.0, "overshoot_cost": 49.44823279008186, "power_cost": 17.454352722167968, "noise_cost": 13.428741613620106, "n_waypoints_completed": 9, "tot_waypoints": 9}}
{"target": -203.18919921314193, "params": {"k_pid_pos": [1.4698128353043505, 0.5018475733175067, 0.28139544479454803], "k_pid_alt": [1.2679502233621702, 0.0, 0.7538195562388602], "k_pid_att": [43.948176657889235, 3.7802132718527557, 0.9274604585040267], "k_pid_yaw": [0.5, 1e-06, 0.1], "k_pid_hsp": [2.395389635608916, 0.01, 0.01], "k_pid_vsp": [111.20884264032553, 98.63337078029946, 1.0]}, "datetime": {"datetime": "2025-08-20 19:28:32", "elapsed": 27366.703602313995, "delta": 18.47521996498108}, "costs": {"total_cost": 203.18919921314193, "time_cost": 80.984, "final_distance_cost": 1.759008198523542, "oscillation_cost": 42.16978479098943, "completition_cost": 0.0, "overshoot_cost": 52.316237448388286, "power_cost": 13.517173767089844, "noise_cost": 12.442995008150842, "n_waypoints_completed": 9, "tot_waypoints": 9}}
{"target": -188.4955079213661, "params": {"k_pid_pos": [1.8034346552870686, 0.024859491386256316, 0.8020463410107419], "k_pid_alt": [1.2679502233621702, 0.0, 0.1], "k_pid_att": [84.10270905397581, 3.7802132718527557, 0.9274604585040267], "k_pid_yaw": [0.5, 1e-06, 0.1], "k_pid_hsp": [2.82373402557605, 0.01, 0.01], "k_pid_vsp": [111.20884264032553, 102.7157397860675, 1.0]}, "datetime": {"datetime": "2025-08-20 19:28:47", "elapsed": 27382.35480618477, "delta": 15.651203870773315}, "costs": {"total_cost": 188.4955079213661, "time_cost": 69.912, "final_distance_cost": 1.8487654569833873, "oscillation_cost": 43.65637991580729, "completition_cost": 0.0, "overshoot_cost": 49.93328752122864, "power_cost": 11.740264685058595, "noise_cost": 11.404810342288195, "n_waypoints_completed": 9, "tot_waypoints": 9}}
{"target": -182.53451189345432, "params": {"k_pid_pos": [1.8034346552870686, 0.024859491386256316, 0.3434561031905483], "k_pid_alt": [1.2679502233621702, 0.0, 0.1], "k_pid_att": [47.80141503152684, 1.326856224425946, 0.9274604585040267], "k_pid_yaw": [0.5, 1e-06, 0.1], "k_pid_hsp": [2.82373402557605, 0.11140066133917204, 0.01], "k_pid_vsp": [111.20884264032553, 102.7157397860675, 1.0]}, "datetime": {"datetime": "2025-08-20 19:29:02", "elapsed": 27397.43871498108, "delta": 15.083908796310425}, "costs": {"total_cost": 182.53451189345432, "time_cost": 68.52, "final_distance_cost": 1.7891217806486779, "oscillation_cost": 40.324644308412594, "completition_cost": 0.0, "overshoot_cost": 49.62154716519865, "power_cost": 11.40474129638672, "noise_cost": 10.874457342807696, "n_waypoints_completed": 9, "tot_waypoints": 9}}
{"target": -182.7271850088092, "params": {"k_pid_pos": [1.4698128353043505, 0.024859491386256316, 0.3434561031905483], "k_pid_alt": [1.1098775236402525, 0.0, 0.1], "k_pid_att": [43.948176657889235, 1.326856224425946, 0.9274604585040267], "k_pid_yaw": [0.5, 1e-06, 0.1], "k_pid_hsp": [2.82373402557605, 0.01, 0.01], "k_pid_vsp": [264.57255645423925, 102.7157397860675, 1.0]}, "datetime": {"datetime": "2025-08-20 19:29:18", "elapsed": 27413.430448055267, "delta": 15.991733074188232}, "costs": {"total_cost": 182.7271850088092, "time_cost": 69.70400000000001, "final_distance_cost": 1.8406799376998695, "oscillation_cost": 38.68427759518566, "completition_cost": 0.0, "overshoot_cost": 50.09315352952603, "power_cost": 11.295984729003907, "noise_cost": 11.109089217393683, "n_waypoints_completed": 9, "tot_waypoints": 9}}
{"target": -177.6739252695265, "params": {"k_pid_pos": [1.4698128353043505, 0.024859491386256316, 0.3434561031905483], "k_pid_alt": [1.2679502233621702, 0.0, 0.1], "k_pid_att": [43.948176657889235, 1.326856224425946, 0.9274604585040267], "k_pid_yaw": [0.5, 1e-06, 0.1], "k_pid_hsp": [2.82373402557605, 0.01, 0.01], "k_pid_vsp": [111.20884264032553, 102.7157397860675, 1.0]}, "datetime": {"datetime": "2025-08-20 19:29:33", "elapsed": 27428.01708841324, "delta": 14.586640357971191}, "costs": {"total_cost": 177.6739252695265, "time_cost": 69.152, "final_distance_cost": 1.8262656886158488, "oscillation_cost": 34.33594552183275, "completition_cost": 0.0, "overshoot_cost": 50.065815663241324, "power_cost": 11.237653356933594, "noise_cost": 11.056245038902981, "n_waypoints_completed": 9, "tot_waypoints": 9}}
{"target": -182.3789556252093, "params": {"k_pid_pos": [1.4698128353043505, 0.024859491386256316, 0.3434561031905483], "k_pid_alt": [1.2679502233621702, 0.0, 0.1], "k_pid_att": [43.948176657889235, 1.326856224425946, 0.9274604585040267], "k_pid_yaw": [0.5, 1e-06, 0.1], "k_pid_hsp": [1.0498148400696388, 0.01, 0.01], "k_pid_vsp": [131.89521188480865, 102.7157397860675, 1.0]}, "datetime": {"datetime": "2025-08-20 19:29:49", "elapsed": 27443.89642906189, "delta": 15.879340648651123}, "costs": {"total_cost": 182.3789556252093, "time_cost": 69.08, "final_distance_cost": 1.837186897659435, "oscillation_cost": 37.51051798664588, "completition_cost": 0.0, "overshoot_cost": 50.392033638776496, "power_cost": 12.26936435546875, "noise_cost": 11.289852746658745, "n_waypoints_completed": 9, "tot_waypoints": 9}}
{"target": -179.1189733089456, "params": {"k_pid_pos": [1.4698128353043505, 0.024859491386256316, 0.3434561031905483], "k_pid_alt": [1.2679502233621702, 0.0, 0.1], "k_pid_att": [43.948176657889235, 1.326856224425946, 0.9274604585040267], "k_pid_yaw": [0.5, 1e-06, 0.1], "k_pid_hsp": [2.82373402557605, 0.01, 0.01], "k_pid_vsp": [111.20884264032553, 273.5353972576295, 1.0]}, "datetime": {"datetime": "2025-08-20 19:30:03", "elapsed": 27458.446080684662, "delta": 14.549651622772217}, "costs": {"total_cost": 179.1189733089456, "time_cost": 69.08, "final_distance_cost": 1.82789680896276, "oscillation_cost": 36.053956851540036, "completition_cost": 0.0, "overshoot_cost": 49.967857002434926, "power_cost": 11.306078613281251, "noise_cost": 10.883184032726623, "n_waypoints_completed": 9, "tot_waypoints": 9}}
{"target": -317.9758452640818, "params": {"k_pid_pos": [1.4698128353043505, 0.024859491386256316, 0.3434561031905483], "k_pid_alt": [1.2679502233621702, 0.028806210149256217, 0.1], "k_pid_att": [43.948176657889235, 5.6580295118978245, 0.9623745068707039], "k_pid_yaw": [0.5, 1e-06, 0.1], "k_pid_hsp": [2.82373402557605, 0.01, 0.6932038567302682], "k_pid_vsp": [192.4409163819477, 273.5353972576295, 1.0]}, "datetime": {"datetime": "2025-08-20 19:30:21", "elapsed": 27476.054889678955, "delta": 17.608808994293213}, "costs": {"total_cost": 317.9758452640818, "time_cost": 77.744, "final_distance_cost": 1.7723023266036209, "oscillation_cost": 156.49237638574814, "completition_cost": 0.0, "overshoot_cost": 53.4467838364025, "power_cost": 15.057205432128907, "noise_cost": 13.463177283198627, "n_waypoints_completed": 9, "tot_waypoints": 9}}
