{"target": -215.2290761200592, "params": {"k_pid_pos": [1.8624793477566346, 0.024859491386256316, 0.11401919133455096], "k_pid_alt": [0.647146874498667, 0.0, 0.0952336102883754], "k_pid_att": [20.0, 1.0, 0.01], "k_pid_yaw": [0.5, 1e-06, 0.1], "k_pid_hsp": [1.0, 0.01, 0.01], "k_pid_vsp": [150.0, 15.500533572620455, 1.0]}, "datetime": {"datetime": "2025-08-20 13:08:34", "elapsed": 4568.835879564285, "delta": 18.847550630569458}, "costs": {"total_cost": 215.2290761200592, "time_cost": 74.648, "final_distance_cost": 1.7891267572485754, "oscillation_cost": 61.877338344255975, "completition_cost": 0.0, "overshoot_cost": 50.971276513505885, "power_cost": 13.842564868164063, "noise_cost": 12.10076963688473, "n_waypoints_completed": 9, "tot_waypoints": 9}}
{"target": -185.2670460122475, "params": {"k_pid_pos": [1.849624377781123, 0.024859491386256316, 0.44963268842268056], "k_pid_alt": [1.296896341175293, 0.0, 0.8361997509577753], "k_pid_att": [19.462821160492226, 4.452622529689853, 0.737857181360408], "k_pid_yaw": [0.5, 1e-06, 0.1], "k_pid_hsp": [1.0, 0.01, 0.01], "k_pid_vsp": [111.20884264032553, 139.20520652041523, 1.0]}, "datetime": {"datetime": "2025-08-20 13:08:51", "elapsed": 4586.373316049576, "delta": 17.537436485290527}, "costs": {"total_cost": 185.2670460122475, "time_cost": 70.944, "final_distance_cost": 1.7984676792008991, "oscillation_cost": 37.66746531935103, "completition_cost": 0.0, "overshoot_cost": 50.36145627965783, "power_cost": 12.996700512695313, "noise_cost": 11.498956221342402, "n_waypoints_completed": 9, "tot_waypoints": 9}}
{"target": -187.5204735219136, "params": {"k_pid_pos": [1.8624793477566346, 0.04925411992759399, 0.6830149564489978], "k_pid_alt": [1.4458679973838424, 0.0, 0.1], "k_pid_att": [94.03514125381805, 1.0, 0.9274604585040267], "k_pid_yaw": [0.5, 1e-06, 0.1], "k_pid_hsp": [1.0, 0.01, 0.01], "k_pid_vsp": [111.20884264032553, 93.09285943774285, 1.0]}, "datetime": {"datetime": "2025-08-20 13:09:10", "elapsed": 4604.620185375214, "delta": 18.246869325637817}, "costs": {"total_cost": 187.5204735219136, "time_cost": 69.032, "final_distance_cost": 1.8134888807361969, "oscillation_cost": 41.939438383341894, "completition_cost": 0.0, "overshoot_cost": 50.88847682488224, "power_cost": 12.414615942382813, "noise_cost": 11.432453490570461, "n_waypoints_completed": 9, "tot_waypoints": 9}}
{"target": -190.28725707726147, "params": {"k_pid_pos": [1.8624793477566346, 0.04925411992759399, 0.6830149564489978], "k_pid_alt": [0.7, 0.0, 0.1], "k_pid_att": [94.03514125381805, 1.0, 0.9274604585040267], "k_pid_yaw": [0.5, 1e-06, 0.1], "k_pid_hsp": [1.0, 0.01, 0.01], "k_pid_vsp": [111.20884264032553, 93.09285943774285, 1.0]}, "datetime": {"datetime": "2025-08-20 13:09:28", "elapsed": 4623.392687320709, "delta": 18.772501945495605}, "costs": {"total_cost": 190.28725707726147, "time_cost": 72.536, "final_distance_cost": 1.8187780250188148, "oscillation_cost": 41.248122272737824, "completition_cost": 0.0, "overshoot_cost": 50.55159636032297, "power_cost": 12.582693212890625, "noise_cost": 11.55006720629124, "n_waypoints_completed": 9, "tot_waypoints": 9}}
{"target": -187.6969520281645, "params": {"k_pid_pos": [1.849624377781123, 0.024859491386256316, 0.44963268842268056], "k_pid_alt": [1.1302962253917743, 0.0, 0.8361997509577753], "k_pid_att": [19.462821160492226, 7.212729332224264, 0.737857181360408], "k_pid_yaw": [0.5, 1e-06, 0.1], "k_pid_hsp": [1.0, 0.01, 0.01], "k_pid_vsp": [111.20884264032553, 139.20520652041523, 1.0]}, "datetime": {"datetime": "2025-08-20 13:09:47", "elapsed": 4642.131103754044, "delta": 18.73841643333435}, "costs": {"total_cost": 187.6969520281645, "time_cost": 72.176, "final_distance_cost": 1.8139742290091991, "oscillation_cost": 39.110886226331864, "completition_cost": 0.0, "overshoot_cost": 49.97427560746376, "power_cost": 13.070229858398438, "noise_cost": 11.551586106961228, "n_waypoints_completed": 9, "tot_waypoints": 9}}
{"target": -195.75325787414036, "params": {"k_pid_pos": [1.849624377781123, 0.024859491386256316, 0.44963268842268056], "k_pid_alt": [1.2679502233621702, 0.02520494712616217, 0.1], "k_pid_att": [32.6162642003566, 1.0, 0.01], "k_pid_yaw": [0.5, 1e-06, 0.1], "k_pid_hsp": [1.0, 0.01, 0.01], "k_pid_vsp": [150.0, 10.0, 1.0]}, "datetime": {"datetime": "2025-08-20 13:10:04", "elapsed": 4659.143667936325, "delta": 17.012564182281494}, "costs": {"total_cost": 195.75325787414036, "time_cost": 69.944, "final_distance_cost": 1.8322019149625208, "oscillation_cost": 48.42930466380264, "completition_cost": 0.0, "overshoot_cost": 51.309632881843676, "power_cost": 12.563716833496095, "noise_cost": 11.674401580035411, "n_waypoints_completed": 9, "tot_waypoints": 9}}
{"target": -192.22909757978564, "params": {"k_pid_pos": [1.8624793477566346, 0.04925411992759399, 0.6830149564489978], "k_pid_alt": [1.4458679973838424, 0.0, 0.1], "k_pid_att": [94.03514125381805, 1.0, 0.9274604585040267], "k_pid_yaw": [0.5, 1e-06, 0.1], "k_pid_hsp": [1.0, 0.01, 0.01], "k_pid_vsp": [17.18305095025783, 10.0, 1.0]}, "datetime": {"datetime": "2025-08-20 13:10:22", "elapsed": 4677.099373102188, "delta": 17.955705165863037}, "costs": {"total_cost": 192.22909757978564, "time_cost": 72.60000000000001, "final_distance_cost": 1.820392297521549, "oscillation_cost": 39.83552954833013, "completition_cost": 0.0, "overshoot_cost": 53.009133067776176, "power_cost": 12.547372656250001, "noise_cost": 12.416670009907794, "n_waypoints_completed": 9, "tot_waypoints": 9}}
{"target": -198.85363603148792, "params": {"k_pid_pos": [1.849624377781123, 0.024859491386256316, 0.44963268842268056], "k_pid_alt": [1.6444270921876138, 0.0, 0.1], "k_pid_att": [78.69411358121238, 1.0, 0.004857337777279036], "k_pid_yaw": [0.5, 1e-06, 0.1], "k_pid_hsp": [1.0, 0.01, 0.01], "k_pid_vsp": [162.63925748078515, 93.09285943774285, 1.0]}, "datetime": {"datetime": "2025-08-20 13:10:41", "elapsed": 4695.665634155273, "delta": 18.566261053085327}, "costs": {"total_cost": 198.85363603148792, "time_cost": 68.688, "final_distance_cost": 1.8210229339391477, "oscillation_cost": 53.978207675185274, "completition_cost": 0.0, "overshoot_cost": 50.7584805642112, "power_cost": 12.316217968750001, "noise_cost": 11.291706889402304, "n_waypoints_completed": 9, "tot_waypoints": 9}}
{"target": -231.48667545346612, "params": {"k_pid_pos": [1.849624377781123, 0.024859491386256316, 0.44963268842268056], "k_pid_alt": [1.2679502233621702, 0.02520494712616217, 0.1], "k_pid_att": [17.813414374173632, 2.479545121909682, 0.004857337777279036], "k_pid_yaw": [0.5, 1e-06, 0.1], "k_pid_hsp": [1.0, 0.1531003758033771, 0.01], "k_pid_vsp": [150.0, 307.0029666248519, 1.0]}, "datetime": {"datetime": "2025-08-20 13:11:00", "elapsed": 4715.397026062012, "delta": 19.73139190673828}, "costs": {"total_cost": 231.48667545346612, "time_cost": 74.744, "final_distance_cost": 1.8143275359948918, "oscillation_cost": 78.71404667300963, "completition_cost": 0.0, "overshoot_cost": 50.28232835771959, "power_cost": 13.75056414794922, "noise_cost": 12.181408738792776, "n_waypoints_completed": 9, "tot_waypoints": 9}}
{"target": -197.86389778846342, "params": {"k_pid_pos": [1.849624377781123, 0.024859491386256316, 0.44963268842268056], "k_pid_alt": [1.6444270921876138, 0.024777875161596796, 0.1], "k_pid_att": [32.6162642003566, 7.120039068217832, 0.01], "k_pid_yaw": [0.5, 1e-06, 0.1], "k_pid_hsp": [1.0, 0.01, 0.01], "k_pid_vsp": [150.0, 10.0, 1.0]}, "datetime": {"datetime": "2025-08-20 13:11:18", "elapsed": 4732.647822141647, "delta": 17.25079607963562}, "costs": {"total_cost": 197.86389778846342, "time_cost": 69.8, "final_distance_cost": 1.833167153203001, "oscillation_cost": 50.94134780030977, "completition_cost": 0.0, "overshoot_cost": 51.29352344082593, "power_cost": 12.416752160644531, "noise_cost": 11.57910723348018, "n_waypoints_completed": 9, "tot_waypoints": 9}}
{"target": -201.01148348440768, "params": {"k_pid_pos": [1.849624377781123, 0.03509076592280813, 0.44963268842268056], "k_pid_alt": [1.6442545478082136, 0.0, 0.1], "k_pid_att": [79.18472897910739, 1.0, 0.8158333553266057], "k_pid_yaw": [0.5, 1e-06, 0.1], "k_pid_hsp": [1.0, 0.7558777308258808, 0.01], "k_pid_vsp": [111.20884264032553, 93.09285943774285, 1.0]}, "datetime": {"datetime": "2025-08-20 13:11:36", "elapsed": 4750.816518306732, "delta": 18.16869616508484}, "costs": {"total_cost": 201.01148348440768, "time_cost": 68.488, "final_distance_cost": 1.824577508451662, "oscillation_cost": 57.20437524475471, "completition_cost": 0.0, "overshoot_cost": 50.05638637547295, "power_cost": 12.197629223632813, "noise_cost": 11.240515132095533, "n_waypoints_completed": 9, "tot_waypoints": 9}}
{"target": -807.2672395284608, "params": {"k_pid_pos": [1.8624793477566346, 0.04925411992759399, 0.5030458048276777], "k_pid_alt": [0.7, 0.0, 0.4970906618065981], "k_pid_att": [94.03514125381805, 1.0, 0.3829979421693436], "k_pid_yaw": [0.5, 1e-06, 0.1], "k_pid_hsp": [1.0, 0.07304127476175892, 0.6904081087789521], "k_pid_vsp": [111.20884264032553, 93.09285943774285, 1.0]}, "datetime": {"datetime": "2025-08-20 13:12:03", "elapsed": 4777.752662420273, "delta": 26.93614411354065}, "costs": {"total_cost": 807.2672395284608, "time_cost": 150, "final_distance_cost": 73.89832370503936, "oscillation_cost": 262.8867503596412, "completition_cost": 222.2222222222222, "overshoot_cost": 61.0092706272302, "power_cost": 20.715384729003908, "noise_cost": 16.53528788532401, "n_waypoints_completed": 7, "tot_waypoints": 9}}
{"target": -231.35827830832767, "params": {"k_pid_pos": [1.849624377781123, 0.4509247473159945, 0.44963268842268056], "k_pid_alt": [1.6444270921876138, 0.0, 0.1], "k_pid_att": [78.69411358121238, 1.0, 0.004857337777279036], "k_pid_yaw": [0.5, 1e-06, 0.1], "k_pid_hsp": [4.041604940679199, 0.01, 0.01], "k_pid_vsp": [17.18305095025783, 10.0, 1.0]}, "datetime": {"datetime": "2025-08-20 13:12:25", "elapsed": 4799.502494335175, "delta": 21.749831914901733}, "costs": {"total_cost": 231.35827830832767, "time_cost": 78.84, "final_distance_cost": 1.772589147445638, "oscillation_cost": 68.82035094958668, "completition_cost": 0.0, "overshoot_cost": 54.07814621592128, "power_cost": 14.159193298339844, "noise_cost": 13.687998697034221, "n_waypoints_completed": 9, "tot_waypoints": 9}}
{"target": -205.73577035135332, "params": {"k_pid_pos": [1.849624377781123, 0.024859491386256316, 0.44963268842268056], "k_pid_alt": [1.6444270921876138, 0.0, 0.1], "k_pid_att": [78.69411358121238, 1.0, 0.004857337777279036], "k_pid_yaw": [0.5, 1e-06, 0.1], "k_pid_hsp": [1.0, 0.01, 0.01], "k_pid_vsp": [17.18305095025783, 10.0, 1.0]}, "datetime": {"datetime": "2025-08-20 13:12:43", "elapsed": 4818.035797119141, "delta": 18.533302783966064}, "costs": {"total_cost": 205.73577035135332, "time_cost": 72.368, "final_distance_cost": 1.8020398470052859, "oscillation_cost": 54.21589273075236, "completition_cost": 0.0, "overshoot_cost": 52.54034389902198, "power_cost": 12.513573022460939, "noise_cost": 12.295920852112786, "n_waypoints_completed": 9, "tot_waypoints": 9}}
{"target": -193.71620868129094, "params": {"k_pid_pos": [1.8624793477566346, 0.04925411992759399, 0.11401919133455096], "k_pid_alt": [1.2679502233621702, 0.0, 0.1], "k_pid_att": [20.0, 1.0, 0.20230861884209816], "k_pid_yaw": [0.5, 1e-06, 0.1], "k_pid_hsp": [1.394059891471576, 0.01, 0.01], "k_pid_vsp": [176.4074495617074, 15.500533572620455, 1.0]}, "datetime": {"datetime": "2025-08-20 13:12:59", "elapsed": 4834.169831037521, "delta": 16.134033918380737}, "costs": {"total_cost": 193.71620868129094, "time_cost": 69.544, "final_distance_cost": 1.764267937198741, "oscillation_cost": 47.45200129553879, "completition_cost": 0.0, "overshoot_cost": 50.6730715419385, "power_cost": 12.817747326660157, "noise_cost": 11.465120579954755, "n_waypoints_completed": 9, "tot_waypoints": 9}}
{"target": -261.07589268197876, "params": {"k_pid_pos": [0.8976678869060579, 0.024859491386256316, 0.6830149564489978], "k_pid_alt": [0.7, 0.0, 0.1], "k_pid_att": [94.03514125381805, 1.0, 0.9274604585040267], "k_pid_yaw": [0.5, 1e-06, 0.1], "k_pid_hsp": [9.758948333354006, 0.01, 0.01], "k_pid_vsp": [133.7851568820875, 93.09285943774285, 1.0]}, "datetime": {"datetime": "2025-08-20 13:13:19", "elapsed": 4853.879053592682, "delta": 19.709222555160522}, "costs": {"total_cost": 261.07589268197876, "time_cost": 83.648, "final_distance_cost": 1.855101239734692, "oscillation_cost": 94.99884264136584, "completition_cost": 0.0, "overshoot_cost": 51.07589330641393, "power_cost": 15.188944140625, "noise_cost": 14.309111353839237, "n_waypoints_completed": 9, "tot_waypoints": 9}}
{"target": -418.1336741746449, "params": {"k_pid_pos": [1.4698128353043505, 0.7323184221678151, 0.11401919133455096], "k_pid_alt": [0.34373872846270315, 0.0, 0.1], "k_pid_att": [94.03514125381805, 1.0, 0.9274604585040267], "k_pid_yaw": [0.5, 1e-06, 0.1], "k_pid_hsp": [1.0, 0.07304127476175892, 0.01], "k_pid_vsp": [111.20884264032553, 93.09285943774285, 1.0]}, "datetime": {"datetime": "2025-08-20 13:13:42", "elapsed": 4876.988989830017, "delta": 23.109936237335205}, "costs": {"total_cost": 418.1336741746449, "time_cost": 150, "final_distance_cost": 8.564918695156583, "oscillation_cost": 59.94709659325483, "completition_cost": 111.11111111111116, "overshoot_cost": 54.98886865493598, "power_cost": 18.19086942138672, "noise_cost": 15.330809698799671, "n_waypoints_completed": 8, "tot_waypoints": 9}}
{"target": -438.3023568636888, "params": {"k_pid_pos": [0.39162362725922834, 0.04925411992759399, 0.6830149564489978], "k_pid_alt": [0.7, 0.0, 0.4970906618065981], "k_pid_att": [78.69411358121238, 0.30490604315558156, 0.004857337777279036], "k_pid_yaw": [0.5, 1e-06, 0.1], "k_pid_hsp": [1.0, 0.01, 0.01], "k_pid_vsp": [150.0, 307.0029666248519, 1.0]}, "datetime": {"datetime": "2025-08-20 13:14:09", "elapsed": 4903.994327068329, "delta": 27.005337238311768}, "costs": {"total_cost": 438.3023568636888, "time_cost": 150, "final_distance_cost": 47.78253182282922, "oscillation_cost": 46.52897964666875, "completition_cost": 111.11111111111116, "overshoot_cost": 52.70298636175626, "power_cost": 16.113577014160157, "noise_cost": 14.0631709071632, "n_waypoints_completed": 8, "tot_waypoints": 9}}
{"target": -363.1933437889517, "params": {"k_pid_pos": [1.8624793477566346, 0.04925411992759399, 0.6830149564489978], "k_pid_alt": [1.4458679973838424, 0.0, 0.1], "k_pid_att": [94.03514125381805, 4.047543547045578, 0.9274604585040267], "k_pid_yaw": [0.5, 1e-06, 0.1], "k_pid_hsp": [1.0, 0.01, 0.35536443232023773], "k_pid_vsp": [111.20884264032553, 93.09285943774285, 1.0]}, "datetime": {"datetime": "2025-08-20 13:14:29", "elapsed": 4923.724859714508, "delta": 19.7305326461792}, "costs": {"total_cost": 363.1933437889517, "time_cost": 78.888, "final_distance_cost": 1.720054335810162, "oscillation_cost": 192.8632082430617, "completition_cost": 0.0, "overshoot_cost": 58.34348587656353, "power_cost": 16.897212268066408, "noise_cost": 14.481383065449883, "n_waypoints_completed": 9, "tot_waypoints": 9}}
{"target": -189.1099159825422, "params": {"k_pid_pos": [1.4698128353043505, 0.024859491386256316, 0.11401919133455096], "k_pid_alt": [1.2679502233621702, 0.0, 0.06527723447865985], "k_pid_att": [58.989274729095186, 1.0, 0.004857337777279036], "k_pid_yaw": [0.5, 1e-06, 0.1], "k_pid_hsp": [1.0, 0.01, 0.01], "k_pid_vsp": [150.0, 307.0029666248519, 1.0]}, "datetime": {"datetime": "2025-08-20 13:14:44", "elapsed": 4939.3254635334015, "delta": 15.600603818893433}, "costs": {"total_cost": 189.1099159825422, "time_cost": 68.57600000000001, "final_distance_cost": 1.81365742049795, "oscillation_cost": 44.80440093073586, "completition_cost": 0.0, "overshoot_cost": 50.19680782712766, "power_cost": 12.461296142578126, "noise_cost": 11.257753661602566, "n_waypoints_completed": 9, "tot_waypoints": 9}}
{"target": -185.45463571536965, "params": {"k_pid_pos": [1.849624377781123, 0.024859491386256316, 0.11401919133455096], "k_pid_alt": [1.2679502233621702, 0.0, 0.1], "k_pid_att": [78.69411358121238, 1.0, 0.6196773621357177], "k_pid_yaw": [0.5, 1e-06, 0.1], "k_pid_hsp": [1.0, 0.01, 0.01], "k_pid_vsp": [150.0, 307.0029666248519, 1.0]}, "datetime": {"datetime": "2025-08-20 13:15:00", "elapsed": 4954.642981290817, "delta": 15.317517757415771}, "costs": {"total_cost": 185.45463571536965, "time_cost": 68.504, "final_distance_cost": 1.7828650564490147, "oscillation_cost": 41.90594664754444, "completition_cost": 0.0, "overshoot_cost": 50.22202394353871, "power_cost": 11.990885595703126, "noise_cost": 11.048914472134358, "n_waypoints_completed": 9, "tot_waypoints": 9}}
{"target": -560.7877997385852, "params": {"k_pid_pos": [1.4698128353043505, 0.20155169717439214, 0.44963268842268056], "k_pid_alt": [1.4828936131754265, 0.0, 0.8361997509577753], "k_pid_att": [19.462821160492226, 4.452622529689853, 0.4740562159278153], "k_pid_yaw": [0.5, 1e-06, 0.1], "k_pid_hsp": [1.0, 0.018231072988983632, 0.5112702394360336], "k_pid_vsp": [111.20884264032553, 139.20520652041523, 1.0]}, "datetime": {"datetime": "2025-08-20 13:15:23", "elapsed": 4978.094233751297, "delta": 23.451252460479736}, "costs": {"total_cost": 560.7877997385852, "time_cost": 99.56, "final_distance_cost": 1.7586434313740578, "oscillation_cost": 358.11655604557666, "completition_cost": 0.0, "overshoot_cost": 65.66374804310233, "power_cost": 18.595298461914062, "noise_cost": 17.0935537566181, "n_waypoints_completed": 9, "tot_waypoints": 9}}
{"target": -186.82229386100454, "params": {"k_pid_pos": [1.8624793477566346, 0.04925411992759399, 0.6830149564489978], "k_pid_alt": [1.4458679973838424, 0.0, 0.6559531101246859], "k_pid_att": [89.24814191396806, 1.0, 0.9274604585040267], "k_pid_yaw": [0.5, 1e-06, 0.1], "k_pid_hsp": [1.0, 0.01, 0.01], "k_pid_vsp": [111.20884264032553, 93.09285943774285, 1.0]}, "datetime": {"datetime": "2025-08-20 13:15:39", "elapsed": 4994.461311817169, "delta": 16.367078065872192}, "costs": {"total_cost": 186.82229386100454, "time_cost": 70.248, "final_distance_cost": 1.8344795138203966, "oscillation_cost": 41.11136346173422, "completition_cost": 0.0, "overshoot_cost": 50.19651398968741, "power_cost": 12.141405786132813, "noise_cost": 11.290531109629674, "n_waypoints_completed": 9, "tot_waypoints": 9}}
{"target": -195.9084399922597, "params": {"k_pid_pos": [1.4698128353043505, 0.024859491386256316, 0.11401919133455096], "k_pid_alt": [1.2679502233621702, 0.0, 0.1], "k_pid_att": [78.69411358121238, 1.0, 0.004857337777279036], "k_pid_yaw": [0.5, 1e-06, 0.1], "k_pid_hsp": [1.0, 0.01, 0.01], "k_pid_vsp": [150.0, 307.0029666248519, 1.0]}, "datetime": {"datetime": "2025-08-20 13:15:57", "elapsed": 5012.456608772278, "delta": 17.995296955108643}, "costs": {"total_cost": 195.9084399922597, "time_cost": 68.76, "final_distance_cost": 1.7829423548526797, "oscillation_cost": 51.54768759875537, "completition_cost": 0.0, "overshoot_cost": 50.19615042418982, "power_cost": 12.386855090332032, "noise_cost": 11.234804524129794, "n_waypoints_completed": 9, "tot_waypoints": 9}}
{"target": -183.66943023793917, "params": {"k_pid_pos": [1.4698128353043505, 0.024859491386256316, 0.11401919133455096], "k_pid_alt": [1.2679502233621702, 0.0, 0.1], "k_pid_att": [94.03514125381805, 1.0, 0.9274604585040267], "k_pid_yaw": [0.5, 1e-06, 0.1], "k_pid_hsp": [1.0, 0.01, 0.01], "k_pid_vsp": [111.20884264032553, 93.09285943774285, 1.0]}, "datetime": {"datetime": "2025-08-20 13:16:15", "elapsed": 5030.458067893982, "delta": 18.0014591217041}, "costs": {"total_cost": 183.66943023793917, "time_cost": 68.744, "final_distance_cost": 1.8095891275857532, "oscillation_cost": 39.35272485938593, "completition_cost": 0.0, "overshoot_cost": 50.503678177361664, "power_cost": 12.082669409179688, "noise_cost": 11.176768664426131, "n_waypoints_completed": 9, "tot_waypoints": 9}}
{"target": -209.8586525185658, "params": {"k_pid_pos": [1.8624793477566346, 0.04925411992759399, 0.6830149564489978], "k_pid_alt": [0.7, 0.27313321260667356, 0.1], "k_pid_att": [78.69411358121238, 1.0, 0.004857337777279036], "k_pid_yaw": [0.5, 1e-06, 0.1], "k_pid_hsp": [1.0, 0.01, 0.01], "k_pid_vsp": [296.9957164222489, 307.0029666248519, 1.0]}, "datetime": {"datetime": "2025-08-20 13:16:36", "elapsed": 5050.830565690994, "delta": 20.37249779701233}, "costs": {"total_cost": 209.8586525185658, "time_cost": 76.28, "final_distance_cost": 1.7973101182979971, "oscillation_cost": 56.24986855302697, "completition_cost": 0.0, "overshoot_cost": 50.587036440199846, "power_cost": 13.194559875488283, "noise_cost": 11.749877531552679, "n_waypoints_completed": 9, "tot_waypoints": 9}}
{"target": -189.79293795629434, "params": {"k_pid_pos": [0.9959853208014533, 0.024859491386256316, 0.11401919133455096], "k_pid_alt": [1.2679502233621702, 0.0, 0.1], "k_pid_att": [20.0, 1.0, 0.20230861884209816], "k_pid_yaw": [0.5, 1e-06, 0.1], "k_pid_hsp": [1.394059891471576, 0.30812696203626844, 0.01], "k_pid_vsp": [176.4074495617074, 15.500533572620455, 1.0]}, "datetime": {"datetime": "2025-08-20 13:16:55", "elapsed": 5070.052159786224, "delta": 19.221594095230103}, "costs": {"total_cost": 189.79293795629434, "time_cost": 70.744, "final_distance_cost": 1.8382964085736144, "oscillation_cost": 42.24146216499118, "completition_cost": 0.0, "overshoot_cost": 50.29937469604836, "power_cost": 12.763320922851562, "noise_cost": 11.90648376382961, "n_waypoints_completed": 9, "tot_waypoints": 9}}
