{"target": -216.8685196543508, "params": {"k_pid_pos": [1.8792899704868669, 0.024859491386256316, 0.3434561031905483], "k_pid_alt": [1.2679502233621702, 0.7250575884392712, 0.1], "k_pid_att": [43.948176657889235, 3.7802132718527557, 0.9274604585040267], "k_pid_yaw": [0.5, 1e-06, 0.1], "k_pid_hsp": [2.395389635608916, 0.27003811317705173, 0.01], "k_pid_vsp": [110.56511661686339, 332.01127736028326, 1.0]}, "datetime": {"datetime": "2025-08-20 19:08:30", "elapsed": 26164.74689745903, "delta": 19.265660047531128}, "costs": {"total_cost": 216.8685196543508, "time_cost": 79.944, "final_distance_cost": 1.7501077729772234, "oscillation_cost": 56.98953855057262, "completition_cost": 0.0, "overshoot_cost": 51.97887735735757, "power_cost": 13.954320361328126, "noise_cost": 12.251675612115253, "n_waypoints_completed": 9, "tot_waypoints": 9}}
{"target": -177.6739252695265, "params": {"k_pid_pos": [1.4698128353043505, 0.024859491386256316, 0.3434561031905483], "k_pid_alt": [1.2679502233621702, 0.0, 0.1], "k_pid_att": [43.948176657889235, 1.326856224425946, 0.9274604585040267], "k_pid_yaw": [0.5, 1e-06, 0.1], "k_pid_hsp": [2.82373402557605, 0.01, 0.01], "k_pid_vsp": [111.20884264032553, 102.7157397860675, 1.0]}, "datetime": {"datetime": "2025-08-20 19:08:45", "elapsed": 26180.08958339691, "delta": 15.34268593788147}, "costs": {"total_cost": 177.6739252695265, "time_cost": 69.152, "final_distance_cost": 1.8262656886158488, "oscillation_cost": 34.33594552183275, "completition_cost": 0.0, "overshoot_cost": 50.065815663241324, "power_cost": 11.237653356933594, "noise_cost": 11.056245038902981, "n_waypoints_completed": 9, "tot_waypoints": 9}}
{"target": -182.57944037503398, "params": {"k_pid_pos": [1.4698128353043505, 0.024859491386256316, 0.3434561031905483], "k_pid_alt": [1.2679502233621702, 0.0, 0.5135675105756947], "k_pid_att": [43.948176657889235, 3.449784554492145, 0.9274604585040267], "k_pid_yaw": [0.5, 1e-06, 0.1], "k_pid_hsp": [2.82373402557605, 0.01, 0.01], "k_pid_vsp": [111.20884264032553, 237.12935625335746, 1.0]}, "datetime": {"datetime": "2025-08-20 19:09:01", "elapsed": 26195.76789546013, "delta": 15.678312063217163}, "costs": {"total_cost": 182.57944037503398, "time_cost": 70.368, "final_distance_cost": 1.835730934681342, "oscillation_cost": 37.55148311193233, "completition_cost": 0.0, "overshoot_cost": 49.84517866985638, "power_cost": 11.799963134765626, "noise_cost": 11.179084523798336, "n_waypoints_completed": 9, "tot_waypoints": 9}}
{"target": -188.40356654439043, "params": {"k_pid_pos": [1.4698128353043505, 0.10920718465865398, 0.3434561031905483], "k_pid_alt": [1.2679502233621702, 0.0, 0.43738161972271916], "k_pid_att": [94.76565117582825, 8.491440198406547, 0.9274604585040267], "k_pid_yaw": [0.5, 1e-06, 0.1], "k_pid_hsp": [2.82373402557605, 0.4017820065842225, 0.01], "k_pid_vsp": [111.20884264032553, 376.6167462867098, 1.0]}, "datetime": {"datetime": "2025-08-20 19:09:17", "elapsed": 26212.48566031456, "delta": 16.717764854431152}, "costs": {"total_cost": 188.40356654439043, "time_cost": 70.208, "final_distance_cost": 1.8199080375218566, "oscillation_cost": 44.78679096454352, "completition_cost": 0.0, "overshoot_cost": 48.941097380650646, "power_cost": 11.637216418457031, "noise_cost": 11.01055374321736, "n_waypoints_completed": 9, "tot_waypoints": 9}}
{"target": -177.6739252695265, "params": {"k_pid_pos": [1.4698128353043505, 0.024859491386256316, 0.3434561031905483], "k_pid_alt": [1.2679502233621702, 0.0, 0.1], "k_pid_att": [43.948176657889235, 1.326856224425946, 0.9274604585040267], "k_pid_yaw": [0.5, 1e-06, 0.1], "k_pid_hsp": [2.82373402557605, 0.01, 0.01], "k_pid_vsp": [111.20884264032553, 102.7157397860675, 1.0]}, "datetime": {"datetime": "2025-08-20 19:09:32", "elapsed": 26227.322137117386, "delta": 14.836476802825928}, "costs": {"total_cost": 177.6739252695265, "time_cost": 69.152, "final_distance_cost": 1.8262656886158488, "oscillation_cost": 34.33594552183275, "completition_cost": 0.0, "overshoot_cost": 50.065815663241324, "power_cost": 11.237653356933594, "noise_cost": 11.056245038902981, "n_waypoints_completed": 9, "tot_waypoints": 9}}
{"target": -177.6739252695265, "params": {"k_pid_pos": [1.4698128353043505, 0.024859491386256316, 0.3434561031905483], "k_pid_alt": [1.2679502233621702, 0.0, 0.1], "k_pid_att": [43.948176657889235, 1.326856224425946, 0.9274604585040267], "k_pid_yaw": [0.5, 1e-06, 0.1], "k_pid_hsp": [2.82373402557605, 0.01, 0.01], "k_pid_vsp": [111.20884264032553, 102.7157397860675, 1.0]}, "datetime": {"datetime": "2025-08-20 19:09:49", "elapsed": 26244.06694483757, "delta": 16.744807720184326}, "costs": {"total_cost": 177.6739252695265, "time_cost": 69.152, "final_distance_cost": 1.8262656886158488, "oscillation_cost": 34.33594552183275, "completition_cost": 0.0, "overshoot_cost": 50.065815663241324, "power_cost": 11.237653356933594, "noise_cost": 11.056245038902981, "n_waypoints_completed": 9, "tot_waypoints": 9}}
{"target": -177.6739252695265, "params": {"k_pid_pos": [1.4698128353043505, 0.024859491386256316, 0.3434561031905483], "k_pid_alt": [1.2679502233621702, 0.0, 0.1], "k_pid_att": [43.948176657889235, 1.326856224425946, 0.9274604585040267], "k_pid_yaw": [0.5, 1e-06, 0.1], "k_pid_hsp": [2.82373402557605, 0.01, 0.01], "k_pid_vsp": [111.20884264032553, 102.7157397860675, 1.0]}, "datetime": {"datetime": "2025-08-20 19:10:04", "elapsed": 26258.864665985107, "delta": 14.797721147537231}, "costs": {"total_cost": 177.6739252695265, "time_cost": 69.152, "final_distance_cost": 1.8262656886158488, "oscillation_cost": 34.33594552183275, "completition_cost": 0.0, "overshoot_cost": 50.065815663241324, "power_cost": 11.237653356933594, "noise_cost": 11.056245038902981, "n_waypoints_completed": 9, "tot_waypoints": 9}}
{"target": -177.6739252695265, "params": {"k_pid_pos": [1.4698128353043505, 0.024859491386256316, 0.3434561031905483], "k_pid_alt": [1.2679502233621702, 0.0, 0.1], "k_pid_att": [43.948176657889235, 1.326856224425946, 0.9274604585040267], "k_pid_yaw": [0.5, 1e-06, 0.1], "k_pid_hsp": [2.82373402557605, 0.01, 0.01], "k_pid_vsp": [111.20884264032553, 102.7157397860675, 1.0]}, "datetime": {"datetime": "2025-08-20 19:10:22", "elapsed": 26276.812590122223, "delta": 17.94792413711548}, "costs": {"total_cost": 177.6739252695265, "time_cost": 69.152, "final_distance_cost": 1.8262656886158488, "oscillation_cost": 34.33594552183275, "completition_cost": 0.0, "overshoot_cost": 50.065815663241324, "power_cost": 11.237653356933594, "noise_cost": 11.056245038902981, "n_waypoints_completed": 9, "tot_waypoints": 9}}
{"target": -345.6931425701025, "params": {"k_pid_pos": [1.4698128353043505, 0.024859491386256316, 0.3434561031905483], "k_pid_alt": [1.2679502233621702, 0.0, 0.1], "k_pid_att": [43.948176657889235, 3.013314939118704, 0.9274604585040267], "k_pid_yaw": [0.5, 1e-06, 0.1], "k_pid_hsp": [2.82373402557605, 0.01, 0.9169413006688895], "k_pid_vsp": [111.20884264032553, 102.7157397860675, 1.0]}, "datetime": {"datetime": "2025-08-20 19:10:41", "elapsed": 26295.584313869476, "delta": 18.771723747253418}, "costs": {"total_cost": 345.6931425701025, "time_cost": 85.112, "final_distance_cost": 1.707520552552813, "oscillation_cost": 170.1749798004403, "completition_cost": 0.0, "overshoot_cost": 57.16957970080046, "power_cost": 16.902983398437502, "noise_cost": 14.626079117871404, "n_waypoints_completed": 9, "tot_waypoints": 9}}
{"target": -182.00284076483356, "params": {"k_pid_pos": [1.4698128353043505, 0.024859491386256316, 0.483273595217213], "k_pid_alt": [1.2679502233621702, 0.0, 0.1], "k_pid_att": [32.194164172814396, 3.7802132718527557, 0.9274604585040267], "k_pid_yaw": [0.5, 1e-06, 0.1], "k_pid_hsp": [2.395389635608916, 0.01, 0.01], "k_pid_vsp": [111.20884264032553, 102.7157397860675, 1.0]}, "datetime": {"datetime": "2025-08-20 19:10:57", "elapsed": 26311.653607845306, "delta": 16.069293975830078}, "costs": {"total_cost": 182.00284076483356, "time_cost": 69.64, "final_distance_cost": 1.8371096229917219, "oscillation_cost": 38.034912925416954, "completition_cost": 0.0, "overshoot_cost": 50.02101085749411, "power_cost": 11.261848742675781, "noise_cost": 11.207958616255018, "n_waypoints_completed": 9, "tot_waypoints": 9}}
{"target": -186.86614553840485, "params": {"k_pid_pos": [1.4698128353043505, 0.024859491386256316, 0.3434561031905483], "k_pid_alt": [1.2679502233621702, 0.0, 0.6683949116493773], "k_pid_att": [83.24205936752172, 1.326856224425946, 0.9274604585040267], "k_pid_yaw": [0.5, 1e-06, 0.1], "k_pid_hsp": [2.82373402557605, 0.01, 0.01], "k_pid_vsp": [111.20884264032553, 102.7157397860675, 1.0]}, "datetime": {"datetime": "2025-08-20 19:11:13", "elapsed": 26327.880563735962, "delta": 16.226955890655518}, "costs": {"total_cost": 186.86614553840485, "time_cost": 71.208, "final_distance_cost": 1.82641941815697, "oscillation_cost": 40.03985323779936, "completition_cost": 0.0, "overshoot_cost": 50.644504952405285, "power_cost": 11.90936229248047, "noise_cost": 11.238005637562754, "n_waypoints_completed": 9, "tot_waypoints": 9}}
{"target": -177.6739252695265, "params": {"k_pid_pos": [1.4698128353043505, 0.024859491386256316, 0.3434561031905483], "k_pid_alt": [1.2679502233621702, 0.0, 0.1], "k_pid_att": [43.948176657889235, 1.326856224425946, 0.9274604585040267], "k_pid_yaw": [0.5, 1e-06, 0.1], "k_pid_hsp": [2.82373402557605, 0.01, 0.01], "k_pid_vsp": [111.20884264032553, 102.7157397860675, 1.0]}, "datetime": {"datetime": "2025-08-20 19:11:28", "elapsed": 26342.984648942947, "delta": 15.104085206985474}, "costs": {"total_cost": 177.6739252695265, "time_cost": 69.152, "final_distance_cost": 1.8262656886158488, "oscillation_cost": 34.33594552183275, "completition_cost": 0.0, "overshoot_cost": 50.065815663241324, "power_cost": 11.237653356933594, "noise_cost": 11.056245038902981, "n_waypoints_completed": 9, "tot_waypoints": 9}}
{"target": -348.8470770604035, "params": {"k_pid_pos": [1.4698128353043505, 0.024859491386256316, 0.3434561031905483], "k_pid_alt": [1.2679502233621702, 0.0, 0.1], "k_pid_att": [43.948176657889235, 1.326856224425946, 0.9274604585040267], "k_pid_yaw": [0.5, 1e-06, 0.1], "k_pid_hsp": [2.82373402557605, 0.01, 0.4604506563081415], "k_pid_vsp": [111.20884264032553, 102.7157397860675, 1.0]}, "datetime": {"datetime": "2025-08-20 19:11:46", "elapsed": 26360.93563055992, "delta": 17.950981616973877}, "costs": {"total_cost": 348.8470770604035, "time_cost": 79.19200000000001, "final_distance_cost": 1.8041384050540776, "oscillation_cost": 186.52268280418687, "completition_cost": 0.0, "overshoot_cost": 52.7285583005224, "power_cost": 15.2876955078125, "noise_cost": 13.312002042827595, "n_waypoints_completed": 9, "tot_waypoints": 9}}
{"target": -226.8652876957632, "params": {"k_pid_pos": [1.4698128353043505, 0.024859491386256316, 0.3434561031905483], "k_pid_alt": [1.2679502233621702, 0.17835581427998304, 0.1], "k_pid_att": [32.194164172814396, 3.7802132718527557, 0.9274604585040267], "k_pid_yaw": [0.5, 1e-06, 0.1], "k_pid_hsp": [2.395389635608916, 0.935084305233137, 0.01], "k_pid_vsp": [111.20884264032553, 102.7157397860675, 25.128824436268147]}, "datetime": {"datetime": "2025-08-20 19:12:04", "elapsed": 26379.104443073273, "delta": 18.16881251335144}, "costs": {"total_cost": 226.8652876957632, "time_cost": 81.64, "final_distance_cost": 1.7705058434003123, "oscillation_cost": 61.5286485906259, "completition_cost": 0.0, "overshoot_cost": 50.19591308985884, "power_cost": 18.10741993408203, "noise_cost": 13.6228002377961, "n_waypoints_completed": 9, "tot_waypoints": 9}}
{"target": -185.01962980317526, "params": {"k_pid_pos": [1.4698128353043505, 0.024859491386256316, 0.3434561031905483], "k_pid_alt": [1.2679502233621702, 0.0, 0.1], "k_pid_att": [54.227890723214855, 1.326856224425946, 0.9274604585040267], "k_pid_yaw": [0.5, 1e-06, 0.1], "k_pid_hsp": [2.82373402557605, 0.01, 0.01], "k_pid_vsp": [29.96849041048857, 140.03862743104432, 2.77343605205192]}, "datetime": {"datetime": "2025-08-20 19:12:20", "elapsed": 26395.16978406906, "delta": 16.065340995788574}, "costs": {"total_cost": 185.01962980317526, "time_cost": 68.904, "final_distance_cost": 1.8284367895637328, "oscillation_cost": 41.57004814180316, "completition_cost": 0.0, "overshoot_cost": 49.75801463019072, "power_cost": 11.860995910644531, "noise_cost": 11.098134330973101, "n_waypoints_completed": 9, "tot_waypoints": 9}}
{"target": -217.09792262353457, "params": {"k_pid_pos": [1.4698128353043505, 0.5732451962534887, 0.10919481357840499], "k_pid_alt": [1.2679502233621702, 0.0, 0.8503145185919957], "k_pid_att": [43.948176657889235, 1.326856224425946, 0.9274604585040267], "k_pid_yaw": [0.5, 1e-06, 0.1], "k_pid_hsp": [2.82373402557605, 0.01, 0.01], "k_pid_vsp": [111.20884264032553, 102.7157397860675, 1.0]}, "datetime": {"datetime": "2025-08-20 19:12:41", "elapsed": 26415.621223449707, "delta": 20.451439380645752}, "costs": {"total_cost": 217.09792262353457, "time_cost": 86.72, "final_distance_cost": 1.8046713764298676, "oscillation_cost": 47.28469531383203, "completition_cost": 0.0, "overshoot_cost": 52.59793486000441, "power_cost": 15.15518358154297, "noise_cost": 13.535437491725311, "n_waypoints_completed": 9, "tot_waypoints": 9}}
{"target": -238.6300401087365, "params": {"k_pid_pos": [0.717243989965503, 0.06327641863522837, 0.3434561031905483], "k_pid_alt": [1.2679502233621702, 0.0, 0.1], "k_pid_att": [43.948176657889235, 1.326856224425946, 0.9274604585040267], "k_pid_yaw": [0.5, 1e-06, 0.1], "k_pid_hsp": [2.82373402557605, 0.01, 0.01], "k_pid_vsp": [111.20884264032553, 102.7157397860675, 75.33060670822715]}, "datetime": {"datetime": "2025-08-20 19:13:01", "elapsed": 26436.436972618103, "delta": 20.815749168395996}, "costs": {"total_cost": 238.6300401087365, "time_cost": 93.816, "final_distance_cost": 1.8516837944495697, "oscillation_cost": 48.82362283957871, "completition_cost": 0.0, "overshoot_cost": 58.162120855960694, "power_cost": 19.976906396484377, "noise_cost": 15.999706222263136, "n_waypoints_completed": 9, "tot_waypoints": 9}}
{"target": -181.84093214997856, "params": {"k_pid_pos": [1.8034346552870686, 0.024859491386256316, 0.3434561031905483], "k_pid_alt": [1.2679502233621702, 0.0, 0.1], "k_pid_att": [43.948176657889235, 3.7802132718527557, 0.9274604585040267], "k_pid_yaw": [0.5, 1e-06, 0.1], "k_pid_hsp": [2.82373402557605, 0.01, 0.01], "k_pid_vsp": [111.20884264032553, 102.7157397860675, 1.0]}, "datetime": {"datetime": "2025-08-20 19:13:18", "elapsed": 26452.947994470596, "delta": 16.511021852493286}, "costs": {"total_cost": 181.84093214997856, "time_cost": 68.648, "final_distance_cost": 1.7889837764256082, "oscillation_cost": 39.34529666357732, "completition_cost": 0.0, "overshoot_cost": 49.94356797888683, "power_cost": 11.249162890625001, "noise_cost": 10.86592084046378, "n_waypoints_completed": 9, "tot_waypoints": 9}}
{"target": -311.04813140373614, "params": {"k_pid_pos": [1.4698128353043505, 0.024859491386256316, 0.3434561031905483], "k_pid_alt": [1.2679502233621702, 0.00018965351824429266, 0.1], "k_pid_att": [43.948176657889235, 9.729901288586815, 0.9274604585040267], "k_pid_yaw": [0.5, 1e-06, 0.1], "k_pid_hsp": [2.395389635608916, 0.16639970095773426, 0.39645726625640054], "k_pid_vsp": [110.56511661686339, 102.7157397860675, 1.0]}, "datetime": {"datetime": "2025-08-20 19:13:35", "elapsed": 26470.12489080429, "delta": 17.176896333694458}, "costs": {"total_cost": 311.04813140373614, "time_cost": 75.16, "final_distance_cost": 1.7631404138391025, "oscillation_cost": 154.2675979346754, "completition_cost": 0.0, "overshoot_cost": 51.223482364903795, "power_cost": 15.328079431152345, "noise_cost": 13.305831259165517, "n_waypoints_completed": 9, "tot_waypoints": 9}}
{"target": -185.34179267108235, "params": {"k_pid_pos": [1.4698128353043505, 0.024859491386256316, 0.3434561031905483], "k_pid_alt": [1.2679502233621702, 0.0, 0.1], "k_pid_att": [43.948176657889235, 1.326856224425946, 0.9274604585040267], "k_pid_yaw": [0.5, 1e-06, 0.1], "k_pid_hsp": [2.82373402557605, 0.6256052011296894, 0.01], "k_pid_vsp": [111.20884264032553, 102.7157397860675, 1.0]}, "datetime": {"datetime": "2025-08-20 19:13:50", "elapsed": 26484.88460445404, "delta": 14.759713649749756}, "costs": {"total_cost": 185.34179267108235, "time_cost": 68.84, "final_distance_cost": 1.842220270277313, "oscillation_cost": 42.92397538758447, "completition_cost": 0.0, "overshoot_cost": 49.45035881667488, "power_cost": 11.337315588378907, "noise_cost": 10.94792260816679, "n_waypoints_completed": 9, "tot_waypoints": 9}}
{"target": -321.4346104540543, "params": {"k_pid_pos": [1.4698128353043505, 0.024859491386256316, 0.3434561031905483], "k_pid_alt": [1.2679502233621702, 0.00018965351824429266, 0.1], "k_pid_att": [43.948176657889235, 1.326856224425946, 0.9274604585040267], "k_pid_yaw": [0.5, 1e-06, 0.1], "k_pid_hsp": [2.82373402557605, 0.01, 0.6790388124067489], "k_pid_vsp": [111.20884264032553, 275.4244891807572, 1.0]}, "datetime": {"datetime": "2025-08-20 19:14:09", "elapsed": 26504.043451547623, "delta": 19.158847093582153}, "costs": {"total_cost": 321.4346104540543, "time_cost": 79.96000000000001, "final_distance_cost": 1.7267376225881301, "oscillation_cost": 157.01682026999552, "completition_cost": 0.0, "overshoot_cost": 52.8913913142914, "power_cost": 15.998356005859376, "noise_cost": 13.841305241319844, "n_waypoints_completed": 9, "tot_waypoints": 9}}
{"target": -182.42123028301162, "params": {"k_pid_pos": [1.8922997940790476, 0.024859491386256316, 0.3434561031905483], "k_pid_alt": [1.2679502233621702, 0.0, 0.1], "k_pid_att": [43.948176657889235, 1.326856224425946, 0.9274604585040267], "k_pid_yaw": [0.5, 1e-06, 0.1], "k_pid_hsp": [2.82373402557605, 0.01, 0.006163336151336907], "k_pid_vsp": [111.20884264032553, 102.7157397860675, 1.0]}, "datetime": {"datetime": "2025-08-20 19:14:24", "elapsed": 26519.316693782806, "delta": 15.273242235183716}, "costs": {"total_cost": 182.42123028301162, "time_cost": 68.688, "final_distance_cost": 1.7813533822760956, "oscillation_cost": 39.1114613235981, "completition_cost": 0.0, "overshoot_cost": 50.29244781128181, "power_cost": 11.573934692382814, "noise_cost": 10.974033073472818, "n_waypoints_completed": 9, "tot_waypoints": 9}}
{"target": -569.1988351812626, "params": {"k_pid_pos": [0.2939195268515839, 0.024859491386256316, 0.3434561031905483], "k_pid_alt": [0.33527394673787403, 0.0, 0.1], "k_pid_att": [43.948176657889235, 1.326856224425946, 0.9274604585040267], "k_pid_yaw": [0.5, 1e-06, 0.1], "k_pid_hsp": [2.82373402557605, 0.01, 0.01], "k_pid_vsp": [111.20884264032553, 216.29307082677042, 29.14258142942486]}, "datetime": {"datetime": "2025-08-20 19:14:47", "elapsed": 26541.92145371437, "delta": 22.60475993156433}, "costs": {"total_cost": 569.1988351812626, "time_cost": 150, "final_distance_cost": 71.18674215271376, "oscillation_cost": 41.16991201321084, "completition_cost": 222.2222222222222, "overshoot_cost": 45.66900607935824, "power_cost": 22.75121953125, "noise_cost": 16.199733182507472, "n_waypoints_completed": 7, "tot_waypoints": 9}}
{"target": -296.2605625709956, "params": {"k_pid_pos": [1.8792899704868669, 0.024859491386256316, 0.5978464708832673], "k_pid_alt": [1.2679502233621702, 0.0, 0.07336557510105324], "k_pid_att": [43.948176657889235, 1.326856224425946, 0.9274604585040267], "k_pid_yaw": [0.5, 1e-06, 0.1], "k_pid_hsp": [2.82373402557605, 0.01, 0.44244848811851867], "k_pid_vsp": [111.20884264032553, 102.7157397860675, 1.0]}, "datetime": {"datetime": "2025-08-20 19:15:04", "elapsed": 26558.571576595306, "delta": 16.65012288093567}, "costs": {"total_cost": 296.2605625709956, "time_cost": 73.152, "final_distance_cost": 1.7562291175143978, "oscillation_cost": 144.72760166066948, "completition_cost": 0.0, "overshoot_cost": 49.73162010244354, "power_cost": 14.44069539794922, "noise_cost": 12.452416292418919, "n_waypoints_completed": 9, "tot_waypoints": 9}}
{"target": -185.01886909799487, "params": {"k_pid_pos": [1.4698128353043505, 0.024859491386256316, 0.3434561031905483], "k_pid_alt": [1.2679502233621702, 0.00018965351824429266, 0.1], "k_pid_att": [43.948176657889235, 3.7802132718527557, 0.9274604585040267], "k_pid_yaw": [0.5, 1e-06, 0.1], "k_pid_hsp": [2.395389635608916, 0.7129502841202989, 0.01], "k_pid_vsp": [110.56511661686339, 102.7157397860675, 1.0]}, "datetime": {"datetime": "2025-08-20 19:15:18", "elapsed": 26573.302155017853, "delta": 14.730578422546387}, "costs": {"total_cost": 185.01886909799487, "time_cost": 68.768, "final_distance_cost": 1.8461891831640556, "oscillation_cost": 42.47473724475747, "completition_cost": 0.0, "overshoot_cost": 49.67043786321979, "power_cost": 11.298476672363282, "noise_cost": 10.961028134490286, "n_waypoints_completed": 9, "tot_waypoints": 9}}
{"target": -338.2799953810827, "params": {"k_pid_pos": [1.4698128353043505, 0.024859491386256316, 0.3434561031905483], "k_pid_alt": [1.2679502233621702, 0.0, 0.1], "k_pid_att": [32.194164172814396, 3.7802132718527557, 0.9274604585040267], "k_pid_yaw": [0.5, 1e-06, 0.1], "k_pid_hsp": [2.395389635608916, 0.01, 0.4991643292237482], "k_pid_vsp": [110.56511661686339, 102.7157397860675, 1.0]}, "datetime": {"datetime": "2025-08-20 19:15:37", "elapsed": 26591.662065029144, "delta": 18.359910011291504}, "costs": {"total_cost": 338.2799953810827, "time_cost": 76.232, "final_distance_cost": 1.754716716621777, "oscillation_cost": 177.2107383930246, "completition_cost": 0.0, "overshoot_cost": 54.92671426931918, "power_cost": 15.057528698730469, "noise_cost": 13.098297303386623, "n_waypoints_completed": 9, "tot_waypoints": 9}}
