{"target": -197.4167898455125, "params": {"k_pid_pos": [1.4698128353043505, 0.0822904257601288, 0.3434561031905483], "k_pid_alt": [1.2679502233621702, 0.0, 0.1], "k_pid_att": [43.948176657889235, 1.326856224425946, 0.9808211468183533], "k_pid_yaw": [0.5, 1e-06, 0.1], "k_pid_hsp": [9.537262669247347, 0.01, 0.01], "k_pid_vsp": [299.3011658520056, 102.7157397860675, 1.0]}, "datetime": {"datetime": "2025-08-20 23:26:00", "elapsed": 41615.013212919235, "delta": 17.408841133117676}, "costs": {"total_cost": 197.4167898455125, "time_cost": 69.456, "final_distance_cost": 1.829065339535849, "oscillation_cost": 52.4761844578969, "completition_cost": 0.0, "overshoot_cost": 50.25247264104408, "power_cost": 12.023242065429688, "noise_cost": 11.379825341605992, "n_waypoints_completed": 9, "tot_waypoints": 9}}
{"target": -177.60937995499717, "params": {"k_pid_pos": [1.4698128353043505, 0.0822904257601288, 0.3434561031905483], "k_pid_alt": [1.2679502233621702, 0.0, 0.1], "k_pid_att": [43.948176657889235, 1.326856224425946, 0.9808211468183533], "k_pid_yaw": [0.5, 1e-06, 0.1], "k_pid_hsp": [2.82373402557605, 0.01, 0.01], "k_pid_vsp": [111.20884264032553, 102.7157397860675, 1.0]}, "datetime": {"datetime": "2025-08-20 23:26:15", "elapsed": 41630.11201739311, "delta": 15.098804473876953}, "costs": {"total_cost": 177.60937995499717, "time_cost": 69.168, "final_distance_cost": 1.8236531971998164, "oscillation_cost": 34.65964045638309, "completition_cost": 0.0, "overshoot_cost": 49.90985172465229, "power_cost": 11.13902373046875, "noise_cost": 10.909210846293195, "n_waypoints_completed": 9, "tot_waypoints": 9}}
{"target": -199.30884652597413, "params": {"k_pid_pos": [0.8121705585360508, 0.0822904257601288, 0.3434561031905483], "k_pid_alt": [0.6369755603336782, 0.0, 0.1], "k_pid_att": [43.948176657889235, 1.326856224425946, 0.9808211468183533], "k_pid_yaw": [0.5, 1e-06, 0.1], "k_pid_hsp": [2.82373402557605, 0.01, 0.01], "k_pid_vsp": [111.20884264032553, 102.7157397860675, 1.0]}, "datetime": {"datetime": "2025-08-20 23:26:35", "elapsed": 41649.60523676872, "delta": 19.49321937561035}, "costs": {"total_cost": 199.30884652597413, "time_cost": 81.288, "final_distance_cost": 1.8435037972239983, "oscillation_cost": 39.801730448579775, "completition_cost": 0.0, "overshoot_cost": 50.685920534787094, "power_cost": 13.010279846191407, "noise_cost": 12.679411899191868, "n_waypoints_completed": 9, "tot_waypoints": 9}}
{"target": -228.3301531837334, "params": {"k_pid_pos": [1.2048953097984418, 0.5931963056508585, 0.3434561031905483], "k_pid_alt": [1.2679502233621702, 0.283916503034339, 0.5245075356624515], "k_pid_att": [43.948176657889235, 1.326856224425946, 0.9808211468183533], "k_pid_yaw": [0.5, 1e-06, 0.1], "k_pid_hsp": [3.962162460232154, 0.6112953616398312, 0.01], "k_pid_vsp": [111.20884264032553, 102.7157397860675, 1.0]}, "datetime": {"datetime": "2025-08-20 23:26:57", "elapsed": 41672.023463726044, "delta": 22.418226957321167}, "costs": {"total_cost": 228.3301531837334, "time_cost": 94.992, "final_distance_cost": 1.7371856227447693, "oscillation_cost": 49.66464768276539, "completition_cost": 0.0, "overshoot_cost": 52.233034081437886, "power_cost": 15.543197412109375, "noise_cost": 14.160088384675971, "n_waypoints_completed": 9, "tot_waypoints": 9}}
{"target": -183.6725046248028, "params": {"k_pid_pos": [1.2231345170825065, 0.0822904257601288, 0.027766713950817756], "k_pid_alt": [1.2679502233621702, 0.0, 0.5044609676242398], "k_pid_att": [68.49694692215903, 1.326856224425946, 0.9808211468183533], "k_pid_yaw": [0.5, 1e-06, 0.1], "k_pid_hsp": [2.82373402557605, 0.01, 0.01], "k_pid_vsp": [111.20884264032553, 102.7157397860675, 1.0]}, "datetime": {"datetime": "2025-08-20 23:27:14", "elapsed": 41688.91187930107, "delta": 16.888415575027466}, "costs": {"total_cost": 183.6725046248028, "time_cost": 70.48, "final_distance_cost": 1.8008390859332788, "oscillation_cost": 38.7713015227413, "completition_cost": 0.0, "overshoot_cost": 50.047088526969354, "power_cost": 11.509579626464845, "noise_cost": 11.063695862694026, "n_waypoints_completed": 9, "tot_waypoints": 9}}
{"target": -366.62025654579304, "params": {"k_pid_pos": [1.4698128353043505, 0.0822904257601288, 0.5199895334660821], "k_pid_alt": [0.8427743855844962, 0.0, 0.6418891260112738], "k_pid_att": [43.948176657889235, 8.164782527102767, 0.9808211468183533], "k_pid_yaw": [0.5, 1e-06, 0.1], "k_pid_hsp": [8.33097044068181, 0.01, 0.5288320268426359], "k_pid_vsp": [111.20884264032553, 102.7157397860675, 1.0]}, "datetime": {"datetime": "2025-08-20 23:27:32", "elapsed": 41706.88430428505, "delta": 17.97242498397827}, "costs": {"total_cost": 366.62025654579304, "time_cost": 82.47200000000001, "final_distance_cost": 1.8160130005582975, "oscillation_cost": 201.15468896739202, "completition_cost": 0.0, "overshoot_cost": 51.309617220322544, "power_cost": 16.1626142578125, "noise_cost": 13.705323099707705, "n_waypoints_completed": 9, "tot_waypoints": 9}}
{"target": -177.60937995499717, "params": {"k_pid_pos": [1.4698128353043505, 0.0822904257601288, 0.3434561031905483], "k_pid_alt": [1.2679502233621702, 0.0, 0.1], "k_pid_att": [43.948176657889235, 1.326856224425946, 0.9808211468183533], "k_pid_yaw": [0.5, 1e-06, 0.1], "k_pid_hsp": [2.82373402557605, 0.01, 0.01], "k_pid_vsp": [111.20884264032553, 102.7157397860675, 1.0]}, "datetime": {"datetime": "2025-08-20 23:27:49", "elapsed": 41724.14225816727, "delta": 17.257953882217407}, "costs": {"total_cost": 177.60937995499717, "time_cost": 69.168, "final_distance_cost": 1.8236531971998164, "oscillation_cost": 34.65964045638309, "completition_cost": 0.0, "overshoot_cost": 49.90985172465229, "power_cost": 11.13902373046875, "noise_cost": 10.909210846293195, "n_waypoints_completed": 9, "tot_waypoints": 9}}
{"target": -177.60937995499717, "params": {"k_pid_pos": [1.4698128353043505, 0.0822904257601288, 0.3434561031905483], "k_pid_alt": [1.2679502233621702, 0.0, 0.1], "k_pid_att": [43.948176657889235, 1.326856224425946, 0.9808211468183533], "k_pid_yaw": [0.5, 1e-06, 0.1], "k_pid_hsp": [2.82373402557605, 0.01, 0.01], "k_pid_vsp": [111.20884264032553, 102.7157397860675, 1.0]}, "datetime": {"datetime": "2025-08-20 23:28:04", "elapsed": 41739.45802855492, "delta": 15.315770387649536}, "costs": {"total_cost": 177.60937995499717, "time_cost": 69.168, "final_distance_cost": 1.8236531971998164, "oscillation_cost": 34.65964045638309, "completition_cost": 0.0, "overshoot_cost": 49.90985172465229, "power_cost": 11.13902373046875, "noise_cost": 10.909210846293195, "n_waypoints_completed": 9, "tot_waypoints": 9}}
{"target": -207.25108113451125, "params": {"k_pid_pos": [0.7352486228235602, 0.0822904257601288, 0.7446942123517517], "k_pid_alt": [1.0453735240084545, 0.0, 0.1], "k_pid_att": [43.948176657889235, 3.9680341734489906, 0.6778899770175615], "k_pid_yaw": [0.5, 1e-06, 0.1], "k_pid_hsp": [2.82373402557605, 0.5263296875538763, 0.01], "k_pid_vsp": [111.20884264032553, 102.7157397860675, 1.0]}, "datetime": {"datetime": "2025-08-20 23:28:25", "elapsed": 41760.09901428223, "delta": 20.64098572731018}, "costs": {"total_cost": 207.25108113451125, "time_cost": 82.68, "final_distance_cost": 1.8509236578112263, "oscillation_cost": 44.97673228417854, "completition_cost": 0.0, "overshoot_cost": 50.79155833114627, "power_cost": 13.357601391601563, "noise_cost": 13.594265469773703, "n_waypoints_completed": 9, "tot_waypoints": 9}}
{"target": -184.12392395082148, "params": {"k_pid_pos": [1.4698128353043505, 0.0822904257601288, 0.3434561031905483], "k_pid_alt": [1.2679502233621702, 0.0, 0.1], "k_pid_att": [43.948176657889235, 1.326856224425946, 0.8819472837674749], "k_pid_yaw": [0.5, 1e-06, 0.1], "k_pid_hsp": [2.82373402557605, 0.6275733420596762, 0.01], "k_pid_vsp": [111.20884264032553, 102.7157397860675, 1.0]}, "datetime": {"datetime": "2025-08-20 23:28:40", "elapsed": 41775.41935324669, "delta": 15.32033896446228}, "costs": {"total_cost": 184.12392395082148, "time_cost": 68.824, "final_distance_cost": 1.8341986201471931, "oscillation_cost": 41.46727995249072, "completition_cost": 0.0, "overshoot_cost": 49.64633586144976, "power_cost": 11.411574426269532, "noise_cost": 10.940535090464278, "n_waypoints_completed": 9, "tot_waypoints": 9}}
{"target": -182.94689624257413, "params": {"k_pid_pos": [1.4698128353043505, 0.0822904257601288, 0.3434561031905483], "k_pid_alt": [1.2679502233621702, 0.0, 0.1], "k_pid_att": [43.948176657889235, 1.326856224425946, 0.5155183737788994], "k_pid_yaw": [0.5, 1e-06, 0.1], "k_pid_hsp": [2.82373402557605, 0.01, 0.01], "k_pid_vsp": [111.20884264032553, 362.5506690642943, 1.0]}, "datetime": {"datetime": "2025-08-20 23:28:56", "elapsed": 41790.526025772095, "delta": 15.106672525405884}, "costs": {"total_cost": 182.94689624257413, "time_cost": 69.21600000000001, "final_distance_cost": 1.8356381566746045, "oscillation_cost": 39.492418314265585, "completition_cost": 0.0, "overshoot_cost": 49.89428042570697, "power_cost": 11.48755135498047, "noise_cost": 11.021007990946476, "n_waypoints_completed": 9, "tot_waypoints": 9}}
{"target": -272.8412080086811, "params": {"k_pid_pos": [1.4698128353043505, 0.0822904257601288, 0.3434561031905483], "k_pid_alt": [0.8427743855844962, 0.0, 0.6418891260112738], "k_pid_att": [43.948176657889235, 8.164782527102767, 0.9808211468183533], "k_pid_yaw": [0.5, 1e-06, 0.1], "k_pid_hsp": [8.33097044068181, 0.01, 0.1346126266332056], "k_pid_vsp": [111.20884264032553, 102.7157397860675, 1.0]}, "datetime": {"datetime": "2025-08-20 23:29:16", "elapsed": 41811.07509422302, "delta": 20.549068450927734}, "costs": {"total_cost": 272.8412080086811, "time_cost": 81.632, "final_distance_cost": 1.829509960340104, "oscillation_cost": 109.07677421388047, "completition_cost": 0.0, "overshoot_cost": 50.830507393104554, "power_cost": 15.868468237304688, "noise_cost": 13.603948204051346, "n_waypoints_completed": 9, "tot_waypoints": 9}}
{"target": -189.84783908185878, "params": {"k_pid_pos": [1.1914295293150936, 0.202199995056924, 0.11242249713100771], "k_pid_alt": [1.2679502233621702, 0.0, 0.1], "k_pid_att": [43.948176657889235, 1.326856224425946, 0.9808211468183533], "k_pid_yaw": [0.5, 1e-06, 0.1], "k_pid_hsp": [2.82373402557605, 0.01, 0.01], "k_pid_vsp": [111.20884264032553, 102.7157397860675, 1.0]}, "datetime": {"datetime": "2025-08-20 23:29:32", "elapsed": 41827.330256938934, "delta": 16.255162715911865}, "costs": {"total_cost": 189.84783908185878, "time_cost": 73.36, "final_distance_cost": 1.7898652952107121, "oscillation_cost": 39.72391263519582, "completition_cost": 0.0, "overshoot_cost": 51.575352074992324, "power_cost": 11.863601855468751, "noise_cost": 11.535107220991181, "n_waypoints_completed": 9, "tot_waypoints": 9}}
{"target": -185.55737127423492, "params": {"k_pid_pos": [1.4698128353043505, 0.0822904257601288, 0.11838016897587333], "k_pid_alt": [1.982159599922034, 0.0, 0.8325386616406555], "k_pid_att": [32.5006215253743, 1.326856224425946, 0.9808211468183533], "k_pid_yaw": [0.5, 1e-06, 0.1], "k_pid_hsp": [2.82373402557605, 0.8009836977913036, 0.01], "k_pid_vsp": [111.20884264032553, 102.7157397860675, 1.0]}, "datetime": {"datetime": "2025-08-20 23:29:50", "elapsed": 41844.80779480934, "delta": 17.477537870407104}, "costs": {"total_cost": 185.55737127423492, "time_cost": 68.72, "final_distance_cost": 1.7869239161766741, "oscillation_cost": 43.580402583210905, "completition_cost": 0.0, "overshoot_cost": 48.988558735925885, "power_cost": 11.571639697265626, "noise_cost": 10.909846341655808, "n_waypoints_completed": 9, "tot_waypoints": 9}}
{"target": -284.9861335505483, "params": {"k_pid_pos": [1.4698128353043505, 0.0822904257601288, 0.3434561031905483], "k_pid_alt": [1.2679502233621702, 0.0, 0.1], "k_pid_att": [43.948176657889235, 1.326856224425946, 0.5155183737788994], "k_pid_yaw": [0.5, 1e-06, 0.1], "k_pid_hsp": [2.82373402557605, 0.5024897330046606, 0.2531560531347421], "k_pid_vsp": [349.886712726164, 102.7157397860675, 1.0]}, "datetime": {"datetime": "2025-08-20 23:30:06", "elapsed": 41860.99640464783, "delta": 16.188609838485718}, "costs": {"total_cost": 284.9861335505483, "time_cost": 75.08800000000001, "final_distance_cost": 1.7800320423897975, "oscillation_cost": 129.7333415047928, "completition_cost": 0.0, "overshoot_cost": 50.14682979763534, "power_cost": 15.328176855468751, "noise_cost": 12.909753350261543, "n_waypoints_completed": 9, "tot_waypoints": 9}}
{"target": -367.1229340780632, "params": {"k_pid_pos": [1.4698128353043505, 0.0822904257601288, 0.3434561031905483], "k_pid_alt": [0.8427743855844962, 0.0, 0.6418891260112738], "k_pid_att": [43.948176657889235, 8.164782527102767, 0.9808211468183533], "k_pid_yaw": [0.5, 1e-06, 0.1], "k_pid_hsp": [8.33097044068181, 0.01, 0.5288320268426359], "k_pid_vsp": [111.20884264032553, 386.8486116088373, 1.0]}, "datetime": {"datetime": "2025-08-20 23:30:27", "elapsed": 41881.52497291565, "delta": 20.528568267822266}, "costs": {"total_cost": 367.1229340780632, "time_cost": 82.976, "final_distance_cost": 1.835300448617549, "oscillation_cost": 201.83252356311215, "completition_cost": 0.0, "overshoot_cost": 50.37320914784175, "power_cost": 16.45369245605469, "noise_cost": 13.652208462437097, "n_waypoints_completed": 9, "tot_waypoints": 9}}
{"target": -177.60937995499717, "params": {"k_pid_pos": [1.4698128353043505, 0.0822904257601288, 0.3434561031905483], "k_pid_alt": [1.2679502233621702, 0.0, 0.1], "k_pid_att": [43.948176657889235, 1.326856224425946, 0.9808211468183533], "k_pid_yaw": [0.5, 1e-06, 0.1], "k_pid_hsp": [2.82373402557605, 0.01, 0.01], "k_pid_vsp": [111.20884264032553, 102.7157397860675, 1.0]}, "datetime": {"datetime": "2025-08-20 23:30:42", "elapsed": 41896.92258930206, "delta": 15.397616386413574}, "costs": {"total_cost": 177.60937995499717, "time_cost": 69.168, "final_distance_cost": 1.8236531971998164, "oscillation_cost": 34.65964045638309, "completition_cost": 0.0, "overshoot_cost": 49.90985172465229, "power_cost": 11.13902373046875, "noise_cost": 10.909210846293195, "n_waypoints_completed": 9, "tot_waypoints": 9}}
{"target": -187.5017671007266, "params": {"k_pid_pos": [1.4698128353043505, 0.0822904257601288, 0.11838016897587333], "k_pid_alt": [1.2679502233621702, 0.0, 0.8325386616406555], "k_pid_att": [32.5006215253743, 1.326856224425946, 0.9808211468183533], "k_pid_yaw": [0.5, 1e-06, 0.1], "k_pid_hsp": [2.82373402557605, 0.5024897330046606, 0.01], "k_pid_vsp": [349.886712726164, 102.7157397860675, 1.0]}, "datetime": {"datetime": "2025-08-20 23:30:59", "elapsed": 41913.67981147766, "delta": 16.757222175598145}, "costs": {"total_cost": 187.5017671007266, "time_cost": 71.296, "final_distance_cost": 1.809505225474757, "oscillation_cost": 41.562800956079364, "completition_cost": 0.0, "overshoot_cost": 49.78044523141419, "power_cost": 11.91022606201172, "noise_cost": 11.142789625746547, "n_waypoints_completed": 9, "tot_waypoints": 9}}
{"target": -179.4927730631234, "params": {"k_pid_pos": [1.4698128353043505, 0.0822904257601288, 0.3434561031905483], "k_pid_alt": [1.2679502233621702, 0.0, 0.1], "k_pid_att": [43.948176657889235, 1.326856224425946, 0.9808211468183533], "k_pid_yaw": [0.5, 1e-06, 0.1], "k_pid_hsp": [1.3066227922266478, 0.01, 0.01], "k_pid_vsp": [111.20884264032553, 102.7157397860675, 1.0]}, "datetime": {"datetime": "2025-08-20 23:31:16", "elapsed": 41930.717054367065, "delta": 17.037242889404297}, "costs": {"total_cost": 179.4927730631234, "time_cost": 69.08800000000001, "final_distance_cost": 1.8242834572643656, "oscillation_cost": 35.46507097236829, "completition_cost": 0.0, "overshoot_cost": 49.60530408903711, "power_cost": 12.26911239013672, "noise_cost": 11.241002154316915, "n_waypoints_completed": 9, "tot_waypoints": 9}}
{"target": -181.5141744467664, "params": {"k_pid_pos": [1.4698128353043505, 0.0822904257601288, 0.3434561031905483], "k_pid_alt": [1.2679502233621702, 0.0, 0.1], "k_pid_att": [43.948176657889235, 7.469019292422298, 0.5155183737788994], "k_pid_yaw": [0.5, 1e-06, 0.1], "k_pid_hsp": [2.82373402557605, 0.01, 0.01], "k_pid_vsp": [111.20884264032553, 102.7157397860675, 1.0]}, "datetime": {"datetime": "2025-08-20 23:31:31", "elapsed": 41945.67964935303, "delta": 14.962594985961914}, "costs": {"total_cost": 181.5141744467664, "time_cost": 69.21600000000001, "final_distance_cost": 1.815632098218988, "oscillation_cost": 38.079813052373154, "completition_cost": 0.0, "overshoot_cost": 50.06686028025702, "power_cost": 11.324735217285157, "noise_cost": 11.01113379863208, "n_waypoints_completed": 9, "tot_waypoints": 9}}
{"target": -177.60937995499717, "params": {"k_pid_pos": [1.4698128353043505, 0.0822904257601288, 0.3434561031905483], "k_pid_alt": [1.2679502233621702, 0.0, 0.1], "k_pid_att": [43.948176657889235, 1.326856224425946, 0.9808211468183533], "k_pid_yaw": [0.5, 1e-06, 0.1], "k_pid_hsp": [2.82373402557605, 0.01, 0.01], "k_pid_vsp": [111.20884264032553, 102.7157397860675, 1.0]}, "datetime": {"datetime": "2025-08-20 23:31:48", "elapsed": 41963.05551195145, "delta": 17.37586259841919}, "costs": {"total_cost": 177.60937995499717, "time_cost": 69.168, "final_distance_cost": 1.8236531971998164, "oscillation_cost": 34.65964045638309, "completition_cost": 0.0, "overshoot_cost": 49.90985172465229, "power_cost": 11.13902373046875, "noise_cost": 10.909210846293195, "n_waypoints_completed": 9, "tot_waypoints": 9}}
{"target": -177.60937995499717, "params": {"k_pid_pos": [1.4698128353043505, 0.0822904257601288, 0.3434561031905483], "k_pid_alt": [1.2679502233621702, 0.0, 0.1], "k_pid_att": [43.948176657889235, 1.326856224425946, 0.9808211468183533], "k_pid_yaw": [0.5, 1e-06, 0.1], "k_pid_hsp": [2.82373402557605, 0.01, 0.01], "k_pid_vsp": [111.20884264032553, 102.7157397860675, 1.0]}, "datetime": {"datetime": "2025-08-20 23:32:04", "elapsed": 41979.04843664169, "delta": 15.992924690246582}, "costs": {"total_cost": 177.60937995499717, "time_cost": 69.168, "final_distance_cost": 1.8236531971998164, "oscillation_cost": 34.65964045638309, "completition_cost": 0.0, "overshoot_cost": 49.90985172465229, "power_cost": 11.13902373046875, "noise_cost": 10.909210846293195, "n_waypoints_completed": 9, "tot_waypoints": 9}}
{"target": -177.60937995499717, "params": {"k_pid_pos": [1.4698128353043505, 0.0822904257601288, 0.3434561031905483], "k_pid_alt": [1.2679502233621702, 0.0, 0.1], "k_pid_att": [43.948176657889235, 1.326856224425946, 0.9808211468183533], "k_pid_yaw": [0.5, 1e-06, 0.1], "k_pid_hsp": [2.82373402557605, 0.01, 0.01], "k_pid_vsp": [111.20884264032553, 102.7157397860675, 1.0]}, "datetime": {"datetime": "2025-08-20 23:32:19", "elapsed": 41994.30058550835, "delta": 15.252148866653442}, "costs": {"total_cost": 177.60937995499717, "time_cost": 69.168, "final_distance_cost": 1.8236531971998164, "oscillation_cost": 34.65964045638309, "completition_cost": 0.0, "overshoot_cost": 49.90985172465229, "power_cost": 11.13902373046875, "noise_cost": 10.909210846293195, "n_waypoints_completed": 9, "tot_waypoints": 9}}
{"target": -178.8149066678021, "params": {"k_pid_pos": [1.4698128353043505, 0.0822904257601288, 0.3434561031905483], "k_pid_alt": [1.2679502233621702, 0.0, 0.1], "k_pid_att": [48.72034828741394, 1.326856224425946, 0.9808211468183533], "k_pid_yaw": [0.5, 1e-06, 0.1], "k_pid_hsp": [2.82373402557605, 0.01, 0.01], "k_pid_vsp": [111.20884264032553, 102.7157397860675, 1.0]}, "datetime": {"datetime": "2025-08-20 23:32:36", "elapsed": 42011.10254788399, "delta": 16.80196237564087}, "costs": {"total_cost": 178.8149066678021, "time_cost": 69.232, "final_distance_cost": 1.8277332665826564, "oscillation_cost": 35.04125727744086, "completition_cost": 0.0, "overshoot_cost": 50.28247288718755, "power_cost": 11.370992810058594, "noise_cost": 11.060450426532451, "n_waypoints_completed": 9, "tot_waypoints": 9}}
{"target": -177.60937995499717, "params": {"k_pid_pos": [1.4698128353043505, 0.0822904257601288, 0.3434561031905483], "k_pid_alt": [1.2679502233621702, 0.0, 0.1], "k_pid_att": [43.948176657889235, 1.326856224425946, 0.9808211468183533], "k_pid_yaw": [0.5, 1e-06, 0.1], "k_pid_hsp": [2.82373402557605, 0.01, 0.01], "k_pid_vsp": [111.20884264032553, 102.7157397860675, 1.0]}, "datetime": {"datetime": "2025-08-20 23:32:51", "elapsed": 42025.811846256256, "delta": 14.709298372268677}, "costs": {"total_cost": 177.60937995499717, "time_cost": 69.168, "final_distance_cost": 1.8236531971998164, "oscillation_cost": 34.65964045638309, "completition_cost": 0.0, "overshoot_cost": 49.90985172465229, "power_cost": 11.13902373046875, "noise_cost": 10.909210846293195, "n_waypoints_completed": 9, "tot_waypoints": 9}}
{"target": -177.60937995499717, "params": {"k_pid_pos": [1.4698128353043505, 0.0822904257601288, 0.3434561031905483], "k_pid_alt": [1.2679502233621702, 0.0, 0.1], "k_pid_att": [43.948176657889235, 1.326856224425946, 0.9808211468183533], "k_pid_yaw": [0.5, 1e-06, 0.1], "k_pid_hsp": [2.82373402557605, 0.01, 0.01], "k_pid_vsp": [111.20884264032553, 102.7157397860675, 1.0]}, "datetime": {"datetime": "2025-08-20 23:33:09", "elapsed": 42044.209520339966, "delta": 18.397674083709717}, "costs": {"total_cost": 177.60937995499717, "time_cost": 69.168, "final_distance_cost": 1.8236531971998164, "oscillation_cost": 34.65964045638309, "completition_cost": 0.0, "overshoot_cost": 49.90985172465229, "power_cost": 11.13902373046875, "noise_cost": 10.909210846293195, "n_waypoints_completed": 9, "tot_waypoints": 9}}
