{"target": -179.31472269463347, "params": {"k_pid_pos": [1.6539202065587246, 0.0822904257601288, 0.3434561031905483], "k_pid_alt": [1.2679502233621702, 0.0, 0.1], "k_pid_att": [43.948176657889235, 1.326856224425946, 0.9808211468183533], "k_pid_yaw": [0.5, 1e-06, 0.1], "k_pid_hsp": [2.82373402557605, 0.01, 0.01], "k_pid_vsp": [27.820441695830667, 102.7157397860675, 1.0]}, "datetime": {"datetime": "2025-08-20 23:02:34", "elapsed": 40208.69714307785, "delta": 15.994226932525635}, "costs": {"total_cost": 179.31472269463347, "time_cost": 68.536, "final_distance_cost": 1.79180820686537, "oscillation_cost": 36.828285665607396, "completition_cost": 0.0, "overshoot_cost": 49.83851721190866, "power_cost": 11.488723657226563, "noise_cost": 10.831387953025493, "n_waypoints_completed": 9, "tot_waypoints": 9}}
{"target": -186.85712299512517, "params": {"k_pid_pos": [1.4698128353043505, 0.0822904257601288, 0.01996994222856363], "k_pid_alt": [0.9020104990244227, 0.0, 0.1], "k_pid_att": [43.948176657889235, 1.326856224425946, 0.9808211468183533], "k_pid_yaw": [0.5, 1e-06, 0.1], "k_pid_hsp": [2.82373402557605, 0.01, 0.01], "k_pid_vsp": [111.20884264032553, 102.7157397860675, 1.0]}, "datetime": {"datetime": "2025-08-20 23:02:49", "elapsed": 40224.49061822891, "delta": 15.793475151062012}, "costs": {"total_cost": 186.85712299512517, "time_cost": 70.12, "final_distance_cost": 1.8064203709583406, "oscillation_cost": 41.996054401479455, "completition_cost": 0.0, "overshoot_cost": 50.24064604651673, "power_cost": 11.653939123535157, "noise_cost": 11.040063052635462, "n_waypoints_completed": 9, "tot_waypoints": 9}}
{"target": -1067.1177391972258, "params": {"k_pid_pos": [1.4698128353043505, 0.0822904257601288, 0.3434561031905483], "k_pid_alt": [1.2679502233621702, 0.0, 0.1], "k_pid_att": [43.948176657889235, 1.326856224425946, 0.9808211468183533], "k_pid_yaw": [0.5, 1e-06, 0.1], "k_pid_hsp": [2.82373402557605, 0.8686130970522099, 0.01], "k_pid_vsp": [111.20884264032553, 102.7157397860675, 380.31210303127]}, "datetime": {"datetime": "2025-08-20 23:03:13", "elapsed": 40248.342336416245, "delta": 23.851718187332153}, "costs": {"total_cost": 1067.1177391972258, "time_cost": 150, "final_distance_cost": 79.8331289040351, "oscillation_cost": 47.28442174942911, "completition_cost": 666.6666666666667, "overshoot_cost": 106.2298957354849, "power_cost": 7.570878247070313, "noise_cost": 9.532747894539705, "n_waypoints_completed": 3, "tot_waypoints": 9}}
{"target": -184.20748836433273, "params": {"k_pid_pos": [1.4698128353043505, 0.0822904257601288, 0.6428149468543811], "k_pid_alt": [1.2679502233621702, 0.0, 0.1], "k_pid_att": [43.948176657889235, 1.326856224425946, 0.9808211468183533], "k_pid_yaw": [0.5, 1e-06, 0.1], "k_pid_hsp": [2.82373402557605, 0.01, 0.01], "k_pid_vsp": [111.20884264032553, 102.7157397860675, 1.0]}, "datetime": {"datetime": "2025-08-20 23:03:29", "elapsed": 40263.590217113495, "delta": 15.247880697250366}, "costs": {"total_cost": 184.20748836433273, "time_cost": 70.19200000000001, "final_distance_cost": 1.8406544840417902, "oscillation_cost": 38.96986539305255, "completition_cost": 0.0, "overshoot_cost": 50.057721152795516, "power_cost": 11.730949694824218, "noise_cost": 11.41629763961861, "n_waypoints_completed": 9, "tot_waypoints": 9}}
{"target": -181.98064325525297, "params": {"k_pid_pos": [1.4698128353043505, 0.0822904257601288, 0.11242249713100771], "k_pid_alt": [1.2679502233621702, 0.0, 0.1], "k_pid_att": [43.948176657889235, 1.326856224425946, 0.9808211468183533], "k_pid_yaw": [0.5, 1e-06, 0.1], "k_pid_hsp": [2.82373402557605, 0.01, 0.01], "k_pid_vsp": [111.20884264032553, 102.7157397860675, 1.0]}, "datetime": {"datetime": "2025-08-20 23:03:46", "elapsed": 40280.64004445076, "delta": 17.049827337265015}, "costs": {"total_cost": 181.98064325525297, "time_cost": 68.752, "final_distance_cost": 1.8058418131880916, "oscillation_cost": 38.908349556692656, "completition_cost": 0.0, "overshoot_cost": 50.120039330951, "power_cost": 11.47061629638672, "noise_cost": 10.923796258034502, "n_waypoints_completed": 9, "tot_waypoints": 9}}
{"target": -177.60937995499717, "params": {"k_pid_pos": [1.4698128353043505, 0.0822904257601288, 0.3434561031905483], "k_pid_alt": [1.2679502233621702, 0.0, 0.1], "k_pid_att": [43.948176657889235, 1.326856224425946, 0.9808211468183533], "k_pid_yaw": [0.5, 1e-06, 0.1], "k_pid_hsp": [2.82373402557605, 0.01, 0.01], "k_pid_vsp": [111.20884264032553, 102.7157397860675, 1.0]}, "datetime": {"datetime": "2025-08-20 23:04:01", "elapsed": 40295.716388225555, "delta": 15.076343774795532}, "costs": {"total_cost": 177.60937995499717, "time_cost": 69.168, "final_distance_cost": 1.8236531971998164, "oscillation_cost": 34.65964045638309, "completition_cost": 0.0, "overshoot_cost": 49.90985172465229, "power_cost": 11.13902373046875, "noise_cost": 10.909210846293195, "n_waypoints_completed": 9, "tot_waypoints": 9}}
{"target": -227.92305873765096, "params": {"k_pid_pos": [1.4698128353043505, 0.5434663007892857, 0.6233375984123564], "k_pid_alt": [1.2679502233621702, 0.4198651078026976, 0.1], "k_pid_att": [43.948176657889235, 1.326856224425946, 0.9808211468183533], "k_pid_yaw": [0.5, 1e-06, 0.1], "k_pid_hsp": [8.976555834805225, 0.01, 0.01], "k_pid_vsp": [111.20884264032553, 389.94840056141436, 1.0]}, "datetime": {"datetime": "2025-08-20 23:04:20", "elapsed": 40315.1572637558, "delta": 19.44087553024292}, "costs": {"total_cost": 227.92305873765096, "time_cost": 78.384, "final_distance_cost": 1.731401616026314, "oscillation_cost": 71.81578652875886, "completition_cost": 0.0, "overshoot_cost": 50.66669516880259, "power_cost": 13.447668286132814, "noise_cost": 11.877507137930372, "n_waypoints_completed": 9, "tot_waypoints": 9}}
{"target": -185.7958761906731, "params": {"k_pid_pos": [1.4698128353043505, 0.0822904257601288, 0.3434561031905483], "k_pid_alt": [1.104475134326496, 0.0, 0.5449280578686585], "k_pid_att": [43.948176657889235, 1.326856224425946, 0.9808211468183533], "k_pid_yaw": [0.5, 1e-06, 0.1], "k_pid_hsp": [2.82373402557605, 0.01, 0.01], "k_pid_vsp": [111.20884264032553, 306.5653082406949, 1.0]}, "datetime": {"datetime": "2025-08-20 23:04:37", "elapsed": 40331.926371097565, "delta": 16.769107341766357}, "costs": {"total_cost": 185.7958761906731, "time_cost": 71.584, "final_distance_cost": 1.8201967486616708, "oscillation_cost": 39.99001493977228, "completition_cost": 0.0, "overshoot_cost": 49.716496699445024, "power_cost": 11.566164672851563, "noise_cost": 11.119003129942566, "n_waypoints_completed": 9, "tot_waypoints": 9}}
{"target": -177.60937995499717, "params": {"k_pid_pos": [1.4698128353043505, 0.0822904257601288, 0.3434561031905483], "k_pid_alt": [1.2679502233621702, 0.0, 0.1], "k_pid_att": [43.948176657889235, 1.326856224425946, 0.9808211468183533], "k_pid_yaw": [0.5, 1e-06, 0.1], "k_pid_hsp": [2.82373402557605, 0.01, 0.01], "k_pid_vsp": [111.20884264032553, 102.7157397860675, 1.0]}, "datetime": {"datetime": "2025-08-20 23:04:53", "elapsed": 40348.45348739624, "delta": 16.527116298675537}, "costs": {"total_cost": 177.60937995499717, "time_cost": 69.168, "final_distance_cost": 1.8236531971998164, "oscillation_cost": 34.65964045638309, "completition_cost": 0.0, "overshoot_cost": 49.90985172465229, "power_cost": 11.13902373046875, "noise_cost": 10.909210846293195, "n_waypoints_completed": 9, "tot_waypoints": 9}}
{"target": -177.60937995499717, "params": {"k_pid_pos": [1.4698128353043505, 0.0822904257601288, 0.3434561031905483], "k_pid_alt": [1.2679502233621702, 0.0, 0.1], "k_pid_att": [43.948176657889235, 1.326856224425946, 0.9808211468183533], "k_pid_yaw": [0.5, 1e-06, 0.1], "k_pid_hsp": [2.82373402557605, 0.01, 0.01], "k_pid_vsp": [111.20884264032553, 102.7157397860675, 1.0]}, "datetime": {"datetime": "2025-08-20 23:05:09", "elapsed": 40364.120210886, "delta": 15.666723489761353}, "costs": {"total_cost": 177.60937995499717, "time_cost": 69.168, "final_distance_cost": 1.8236531971998164, "oscillation_cost": 34.65964045638309, "completition_cost": 0.0, "overshoot_cost": 49.90985172465229, "power_cost": 11.13902373046875, "noise_cost": 10.909210846293195, "n_waypoints_completed": 9, "tot_waypoints": 9}}
{"target": -177.60937995499717, "params": {"k_pid_pos": [1.4698128353043505, 0.0822904257601288, 0.3434561031905483], "k_pid_alt": [1.2679502233621702, 0.0, 0.1], "k_pid_att": [43.948176657889235, 1.326856224425946, 0.9808211468183533], "k_pid_yaw": [0.5, 1e-06, 0.1], "k_pid_hsp": [2.82373402557605, 0.01, 0.01], "k_pid_vsp": [111.20884264032553, 102.7157397860675, 1.0]}, "datetime": {"datetime": "2025-08-20 23:05:25", "elapsed": 40380.10992527008, "delta": 15.98971438407898}, "costs": {"total_cost": 177.60937995499717, "time_cost": 69.168, "final_distance_cost": 1.8236531971998164, "oscillation_cost": 34.65964045638309, "completition_cost": 0.0, "overshoot_cost": 49.90985172465229, "power_cost": 11.13902373046875, "noise_cost": 10.909210846293195, "n_waypoints_completed": 9, "tot_waypoints": 9}}
{"target": -186.3954751412175, "params": {"k_pid_pos": [1.033967693808597, 0.0822904257601288, 0.3434561031905483], "k_pid_alt": [1.2679502233621702, 0.0, 0.1], "k_pid_att": [86.70916919633552, 1.326856224425946, 0.9808211468183533], "k_pid_yaw": [0.5, 1e-06, 0.1], "k_pid_hsp": [2.82373402557605, 0.01, 0.01], "k_pid_vsp": [111.20884264032553, 102.7157397860675, 1.0]}, "datetime": {"datetime": "2025-08-20 23:05:41", "elapsed": 40396.33319592476, "delta": 16.223270654678345}, "costs": {"total_cost": 186.3954751412175, "time_cost": 71.488, "final_distance_cost": 1.8350526103142117, "oscillation_cost": 39.14888491331298, "completition_cost": 0.0, "overshoot_cost": 50.33472609154186, "power_cost": 11.904703845214843, "noise_cost": 11.684107680833606, "n_waypoints_completed": 9, "tot_waypoints": 9}}
{"target": -207.12028510568882, "params": {"k_pid_pos": [1.4698128353043505, 0.0822904257601288, 0.19730102139317784], "k_pid_alt": [1.2679502233621702, 0.0, 0.1], "k_pid_att": [43.948176657889235, 1.326856224425946, 0.06319566790747466], "k_pid_yaw": [0.5, 1e-06, 0.1], "k_pid_hsp": [2.82373402557605, 0.949040563752366, 0.01], "k_pid_vsp": [111.20884264032553, 102.7157397860675, 1.0]}, "datetime": {"datetime": "2025-08-20 23:05:58", "elapsed": 40412.712925195694, "delta": 16.37972927093506}, "costs": {"total_cost": 207.12028510568882, "time_cost": 68.57600000000001, "final_distance_cost": 1.808106252215504, "oscillation_cost": 64.14915394887608, "completition_cost": 0.0, "overshoot_cost": 49.92974936246512, "power_cost": 11.714730566406251, "noise_cost": 10.94254497572588, "n_waypoints_completed": 9, "tot_waypoints": 9}}
{"target": -183.66975797076628, "params": {"k_pid_pos": [1.729996457732455, 0.0822904257601288, 0.027766713950817756], "k_pid_alt": [1.2679502233621702, 0.0, 0.1], "k_pid_att": [43.948176657889235, 1.326856224425946, 0.9808211468183533], "k_pid_yaw": [0.5, 1e-06, 0.1], "k_pid_hsp": [2.82373402557605, 0.01, 0.01], "k_pid_vsp": [111.20884264032553, 102.7157397860675, 1.0]}, "datetime": {"datetime": "2025-08-20 23:06:14", "elapsed": 40429.423258543015, "delta": 16.710333347320557}, "costs": {"total_cost": 183.66975797076628, "time_cost": 68.92, "final_distance_cost": 1.738721783111359, "oscillation_cost": 40.230703520922916, "completition_cost": 0.0, "overshoot_cost": 50.05214898714976, "power_cost": 11.674766479492188, "noise_cost": 11.053417200090074, "n_waypoints_completed": 9, "tot_waypoints": 9}}
{"target": -182.3283341207165, "params": {"k_pid_pos": [1.4698128353043505, 0.0822904257601288, 0.3434561031905483], "k_pid_alt": [1.2679502233621702, 0.0, 0.9040352588026142], "k_pid_att": [43.948176657889235, 1.326856224425946, 0.9808211468183533], "k_pid_yaw": [0.5, 1e-06, 0.1], "k_pid_hsp": [2.82373402557605, 0.01, 0.01], "k_pid_vsp": [192.0752855763678, 132.26915185465117, 1.0]}, "datetime": {"datetime": "2025-08-20 23:06:31", "elapsed": 40446.3621468544, "delta": 16.93888831138611}, "costs": {"total_cost": 182.3283341207165, "time_cost": 72.16, "final_distance_cost": 1.8244195548532458, "oscillation_cost": 36.19774586587886, "completition_cost": 0.0, "overshoot_cost": 49.54708641759462, "power_cost": 11.480560900878906, "noise_cost": 11.118521381510876, "n_waypoints_completed": 9, "tot_waypoints": 9}}
{"target": -181.98064325525297, "params": {"k_pid_pos": [1.4698128353043505, 0.0822904257601288, 0.11242249713100771], "k_pid_alt": [1.2679502233621702, 0.0, 0.1], "k_pid_att": [43.948176657889235, 1.326856224425946, 0.9808211468183533], "k_pid_yaw": [0.5, 1e-06, 0.1], "k_pid_hsp": [2.82373402557605, 0.01, 0.01], "k_pid_vsp": [111.20884264032553, 102.7157397860675, 1.0]}, "datetime": {"datetime": "2025-08-20 23:06:48", "elapsed": 40463.11485028267, "delta": 16.752703428268433}, "costs": {"total_cost": 181.98064325525297, "time_cost": 68.752, "final_distance_cost": 1.8058418131880916, "oscillation_cost": 38.908349556692656, "completition_cost": 0.0, "overshoot_cost": 50.120039330951, "power_cost": 11.47061629638672, "noise_cost": 10.923796258034502, "n_waypoints_completed": 9, "tot_waypoints": 9}}
{"target": -177.60937995499717, "params": {"k_pid_pos": [1.4698128353043505, 0.0822904257601288, 0.3434561031905483], "k_pid_alt": [1.2679502233621702, 0.0, 0.1], "k_pid_att": [43.948176657889235, 1.326856224425946, 0.9808211468183533], "k_pid_yaw": [0.5, 1e-06, 0.1], "k_pid_hsp": [2.82373402557605, 0.01, 0.01], "k_pid_vsp": [111.20884264032553, 102.7157397860675, 1.0]}, "datetime": {"datetime": "2025-08-20 23:07:04", "elapsed": 40479.28068137169, "delta": 16.165831089019775}, "costs": {"total_cost": 177.60937995499717, "time_cost": 69.168, "final_distance_cost": 1.8236531971998164, "oscillation_cost": 34.65964045638309, "completition_cost": 0.0, "overshoot_cost": 49.90985172465229, "power_cost": 11.13902373046875, "noise_cost": 10.909210846293195, "n_waypoints_completed": 9, "tot_waypoints": 9}}
{"target": -213.05006713190895, "params": {"k_pid_pos": [0.5060692904340539, 0.517989997140969, 0.3434561031905483], "k_pid_alt": [0.8737548644081292, 0.0, 0.1], "k_pid_att": [74.86132892719988, 2.771467938851939, 0.08472123156462463], "k_pid_yaw": [0.5, 1e-06, 0.1], "k_pid_hsp": [2.82373402557605, 0.01, 0.01], "k_pid_vsp": [94.78420374824373, 102.7157397860675, 1.0]}, "datetime": {"datetime": "2025-08-20 23:07:21", "elapsed": 40496.44208288193, "delta": 17.161401510238647}, "costs": {"total_cost": 213.05006713190895, "time_cost": 78.968, "final_distance_cost": 1.7885632436437697, "oscillation_cost": 56.501391894154715, "completition_cost": 0.0, "overshoot_cost": 50.22327483191107, "power_cost": 13.247693603515625, "noise_cost": 12.321143558683794, "n_waypoints_completed": 9, "tot_waypoints": 9}}
{"target": -183.80992741629942, "params": {"k_pid_pos": [1.4698128353043505, 0.0822904257601288, 0.3434561031905483], "k_pid_alt": [1.2679502233621702, 0.0, 0.1], "k_pid_att": [32.5006215253743, 1.326856224425946, 0.9808211468183533], "k_pid_yaw": [0.5, 1e-06, 0.1], "k_pid_hsp": [2.82373402557605, 0.5024897330046606, 0.01], "k_pid_vsp": [111.20884264032553, 102.7157397860675, 1.0]}, "datetime": {"datetime": "2025-08-20 23:07:39", "elapsed": 40513.60082912445, "delta": 17.158746242523193}, "costs": {"total_cost": 183.80992741629942, "time_cost": 68.72, "final_distance_cost": 1.8257561438240528, "oscillation_cost": 41.434077631815775, "completition_cost": 0.0, "overshoot_cost": 49.462261998030634, "power_cost": 11.41826484375, "noise_cost": 10.949566798878951, "n_waypoints_completed": 9, "tot_waypoints": 9}}
{"target": -180.43498879224703, "params": {"k_pid_pos": [1.4698128353043505, 0.0822904257601288, 0.37258641482387045], "k_pid_alt": [1.2679502233621702, 0.0, 0.1], "k_pid_att": [43.948176657889235, 1.326856224425946, 0.9808211468183533], "k_pid_yaw": [0.5, 1e-06, 0.1], "k_pid_hsp": [2.82373402557605, 0.01, 0.01], "k_pid_vsp": [246.19246811454866, 102.7157397860675, 1.0]}, "datetime": {"datetime": "2025-08-20 23:07:54", "elapsed": 40528.72840285301, "delta": 15.127573728561401}, "costs": {"total_cost": 180.43498879224703, "time_cost": 69.44, "final_distance_cost": 1.814414675172852, "oscillation_cost": 37.03158424335919, "completition_cost": 0.0, "overshoot_cost": 50.105359931181624, "power_cost": 11.097754516601563, "noise_cost": 10.945875425931797, "n_waypoints_completed": 9, "tot_waypoints": 9}}
{"target": -1150.1338682544745, "params": {"k_pid_pos": [1.1909336948537048, 0.0822904257601288, 0.19730102139317784], "k_pid_alt": [1.2679502233621702, 0.0, 0.1], "k_pid_att": [43.948176657889235, 1.5644695049037831, 0.9808211468183533], "k_pid_yaw": [0.5, 1e-06, 0.1], "k_pid_hsp": [5.427872288198201, 0.4577334205577319, 0.01], "k_pid_vsp": [111.20884264032553, 102.7157397860675, 198.53847987692703]}, "datetime": {"datetime": "2025-08-20 23:08:18", "elapsed": 40552.58454704285, "delta": 23.856144189834595}, "costs": {"total_cost": 1150.1338682544745, "time_cost": 150, "final_distance_cost": 124.15602306179842, "oscillation_cost": 49.20098359975562, "completition_cost": 666.6666666666667, "overshoot_cost": 128.57604351637568, "power_cost": 15.599807421875001, "noise_cost": 15.934343988002919, "n_waypoints_completed": 3, "tot_waypoints": 9}}
{"target": -182.97666125695747, "params": {"k_pid_pos": [1.4698128353043505, 0.0822904257601288, 0.3434561031905483], "k_pid_alt": [1.2679502233621702, 0.0, 0.1], "k_pid_att": [9.353998950407705, 1.2169696906303682, 0.9808211468183533], "k_pid_yaw": [0.5, 1e-06, 0.1], "k_pid_hsp": [2.82373402557605, 0.01, 0.01], "k_pid_vsp": [103.0527854068954, 102.7157397860675, 1.0]}, "datetime": {"datetime": "2025-08-20 23:08:34", "elapsed": 40569.16020798683, "delta": 16.575660943984985}, "costs": {"total_cost": 182.97666125695747, "time_cost": 68.904, "final_distance_cost": 1.78797375617749, "oscillation_cost": 38.89315094098554, "completition_cost": 0.0, "overshoot_cost": 49.98546636001673, "power_cost": 12.179738647460939, "noise_cost": 11.226331552316797, "n_waypoints_completed": 9, "tot_waypoints": 9}}
{"target": -192.66024823055415, "params": {"k_pid_pos": [1.4698128353043505, 0.5731276815533257, 0.6428149468543811], "k_pid_alt": [1.2679502233621702, 0.0, 0.1], "k_pid_att": [43.948176657889235, 1.326856224425946, 0.9808211468183533], "k_pid_yaw": [0.5, 1e-06, 0.1], "k_pid_hsp": [2.82373402557605, 0.01, 0.01], "k_pid_vsp": [111.20884264032553, 102.7157397860675, 1.0]}, "datetime": {"datetime": "2025-08-20 23:08:53", "elapsed": 40587.55702447891, "delta": 18.39681649208069}, "costs": {"total_cost": 192.66024823055415, "time_cost": 77.568, "final_distance_cost": 1.75876360109568, "oscillation_cost": 36.851408170940886, "completition_cost": 0.0, "overshoot_cost": 51.472906314901124, "power_cost": 12.803986254882814, "noise_cost": 12.205183888733679, "n_waypoints_completed": 9, "tot_waypoints": 9}}
{"target": -184.74663160121975, "params": {"k_pid_pos": [1.4698128353043505, 0.0822904257601288, 0.3434561031905483], "k_pid_alt": [1.2679502233621702, 0.0, 0.3157032531275451], "k_pid_att": [9.14477148846079, 1.4171773283956124, 0.9808211468183533], "k_pid_yaw": [0.5, 1e-06, 0.1], "k_pid_hsp": [2.82373402557605, 0.30087628819501033, 0.01], "k_pid_vsp": [111.20884264032553, 102.7157397860675, 1.0]}, "datetime": {"datetime": "2025-08-20 23:09:08", "elapsed": 40602.61293506622, "delta": 15.055910587310791}, "costs": {"total_cost": 184.74663160121975, "time_cost": 69.184, "final_distance_cost": 1.8180324182895578, "oscillation_cost": 40.38129187077089, "completition_cost": 0.0, "overshoot_cost": 49.859839100626395, "power_cost": 12.324337036132814, "noise_cost": 11.17913117540008, "n_waypoints_completed": 9, "tot_waypoints": 9}}
{"target": -745.5240621645183, "params": {"k_pid_pos": [0.1503089134600384, 0.0822904257601288, 0.3434561031905483], "k_pid_alt": [1.2679502233621702, 0.0, 0.1], "k_pid_att": [43.948176657889235, 1.326856224425946, 0.9808211468183533], "k_pid_yaw": [0.5, 1e-06, 0.1], "k_pid_hsp": [2.82373402557605, 0.01, 0.01], "k_pid_vsp": [111.20884264032553, 102.7157397860675, 1.0]}, "datetime": {"datetime": "2025-08-20 23:09:32", "elapsed": 40627.14538884163, "delta": 24.532453775405884}, "costs": {"total_cost": 745.5240621645183, "time_cost": 150, "final_distance_cost": 46.01736423096661, "oscillation_cost": 23.270763960111626, "completition_cost": 444.4444444444444, "overshoot_cost": 53.23703672088919, "power_cost": 14.875039282226563, "noise_cost": 13.6794135258799, "n_waypoints_completed": 5, "tot_waypoints": 9}}
{"target": -333.8825625369845, "params": {"k_pid_pos": [1.4698128353043505, 0.0822904257601288, 0.11242249713100771], "k_pid_alt": [1.2679502233621702, 0.830663062962654, 0.1], "k_pid_att": [43.948176657889235, 1.326856224425946, 0.9808211468183533], "k_pid_yaw": [0.5, 1e-06, 0.1], "k_pid_hsp": [2.82373402557605, 0.3858464249157715, 0.4637715305365492], "k_pid_vsp": [111.20884264032553, 358.6849875786727, 1.0]}, "datetime": {"datetime": "2025-08-20 23:09:53", "elapsed": 40647.84642004967, "delta": 20.70103120803833}, "costs": {"total_cost": 333.8825625369845, "time_cost": 89.04, "final_distance_cost": 1.7594080564865502, "oscillation_cost": 156.79378848946416, "completition_cost": 0.0, "overshoot_cost": 53.228910529852214, "power_cost": 18.438217236328125, "noise_cost": 14.622238224853454, "n_waypoints_completed": 9, "tot_waypoints": 9}}
