{"target": -205.83492415722722, "params": {"k_pid_pos": [1.4698128353043505, 0.0972045644645837, 0.3434561031905483], "k_pid_alt": [1.2679502233621702, 0.08856016207044592, 0.1], "k_pid_att": [43.948176657889235, 6.395338907395326, 0.9274604585040267], "k_pid_yaw": [0.5, 1e-06, 0.1], "k_pid_hsp": [2.82373402557605, 0.01, 0.01], "k_pid_vsp": [111.20884264032553, 232.67684986572337, 1.0]}, "datetime": {"datetime": "2025-08-20 21:14:58", "elapsed": 33752.93209981918, "delta": 18.612468242645264}, "costs": {"total_cost": 205.83492415722722, "time_cost": 84.44, "final_distance_cost": 1.7782376953889645, "oscillation_cost": 42.087242176424176, "completition_cost": 0.0, "overshoot_cost": 50.92924417557376, "power_cost": 13.940026159667969, "noise_cost": 12.660173950172354, "n_waypoints_completed": 9, "tot_waypoints": 9}}
{"target": -181.55672517225258, "params": {"k_pid_pos": [1.4698128353043505, 0.024859491386256316, 0.3434561031905483], "k_pid_alt": [1.2679502233621702, 0.0, 0.1], "k_pid_att": [12.43088436511497, 1.1166001057131414, 0.9274604585040267], "k_pid_yaw": [0.5, 1e-06, 0.1], "k_pid_hsp": [2.82373402557605, 0.01, 0.01], "k_pid_vsp": [305.67975269326223, 102.7157397860675, 1.0]}, "datetime": {"datetime": "2025-08-20 21:15:16", "elapsed": 33770.57572007179, "delta": 17.643620252609253}, "costs": {"total_cost": 181.55672517225258, "time_cost": 69.304, "final_distance_cost": 1.814891648767292, "oscillation_cost": 37.86085804853325, "completition_cost": 0.0, "overshoot_cost": 50.10821929147632, "power_cost": 11.428036938476563, "noise_cost": 11.040719244999135, "n_waypoints_completed": 9, "tot_waypoints": 9}}
{"target": -283.5525708418725, "params": {"k_pid_pos": [1.4698128353043505, 0.024859491386256316, 0.3434561031905483], "k_pid_alt": [1.2679502233621702, 0.0, 0.1], "k_pid_att": [43.948176657889235, 1.326856224425946, 0.9274604585040267], "k_pid_yaw": [0.5, 1e-06, 0.1], "k_pid_hsp": [2.82373402557605, 0.01, 0.1960627896638205], "k_pid_vsp": [111.20884264032553, 102.7157397860675, 1.0]}, "datetime": {"datetime": "2025-08-20 21:15:32", "elapsed": 33786.62579584122, "delta": 16.05007576942444}, "costs": {"total_cost": 283.5525708418725, "time_cost": 75.432, "final_distance_cost": 1.8249156021054311, "oscillation_cost": 127.91980048780239, "completition_cost": 0.0, "overshoot_cost": 50.360119928327066, "power_cost": 14.904167846679687, "noise_cost": 13.111566976957915, "n_waypoints_completed": 9, "tot_waypoints": 9}}
{"target": -183.79476325287388, "params": {"k_pid_pos": [1.4698128353043505, 0.024859491386256316, 0.3434561031905483], "k_pid_alt": [1.2679502233621702, 0.0, 0.053878507660848673], "k_pid_att": [43.948176657889235, 1.326856224425946, 0.9274604585040267], "k_pid_yaw": [0.5, 1e-06, 0.1], "k_pid_hsp": [5.965584885969634, 0.01, 0.01], "k_pid_vsp": [104.30040172718557, 102.7157397860675, 1.0]}, "datetime": {"datetime": "2025-08-20 21:15:50", "elapsed": 33804.5771355629, "delta": 17.951339721679688}, "costs": {"total_cost": 183.79476325287388, "time_cost": 69.128, "final_distance_cost": 1.8440138772042882, "oscillation_cost": 40.482992204365424, "completition_cost": 0.0, "overshoot_cost": 50.01469391006516, "power_cost": 11.22042137451172, "noise_cost": 11.104641886727297, "n_waypoints_completed": 9, "tot_waypoints": 9}}
{"target": -342.04381723089097, "params": {"k_pid_pos": [1.4698128353043505, 0.16784794688345817, 0.3434561031905483], "k_pid_alt": [1.2679502233621702, 0.0, 0.1], "k_pid_att": [43.948176657889235, 3.4126860594551975, 0.9274604585040267], "k_pid_yaw": [0.5, 1e-06, 0.1], "k_pid_hsp": [9.459965195844077, 0.01, 0.6729314570966927], "k_pid_vsp": [111.20884264032553, 102.7157397860675, 1.0]}, "datetime": {"datetime": "2025-08-20 21:16:06", "elapsed": 33821.19071674347, "delta": 16.61358118057251}, "costs": {"total_cost": 342.04381723089097, "time_cost": 76.032, "final_distance_cost": 1.7673644412542802, "oscillation_cost": 183.99844343726076, "completition_cost": 0.0, "overshoot_cost": 51.857109018722134, "power_cost": 15.228896191406252, "noise_cost": 13.160004142247494, "n_waypoints_completed": 9, "tot_waypoints": 9}}
{"target": -192.16803090665863, "params": {"k_pid_pos": [1.4698128353043505, 0.19767101818116828, 0.37255195504867966], "k_pid_alt": [1.5262749023082662, 0.0, 0.1], "k_pid_att": [43.948176657889235, 3.4126860594551975, 0.9274604585040267], "k_pid_yaw": [0.5, 1e-06, 0.1], "k_pid_hsp": [2.82373402557605, 0.5193865039718747, 0.01], "k_pid_vsp": [111.20884264032553, 102.7157397860675, 14.06315075987657]}, "datetime": {"datetime": "2025-08-20 21:16:23", "elapsed": 33838.17943763733, "delta": 16.988720893859863}, "costs": {"total_cost": 192.16803090665863, "time_cost": 68.648, "final_distance_cost": 1.8192403329154445, "oscillation_cost": 46.29533353428885, "completition_cost": 0.0, "overshoot_cost": 49.35499655555059, "power_cost": 14.378355725097657, "noise_cost": 11.672104758806087, "n_waypoints_completed": 9, "tot_waypoints": 9}}
{"target": -184.49541988935695, "params": {"k_pid_pos": [1.4698128353043505, 0.024859491386256316, 0.3434561031905483], "k_pid_alt": [1.3847393439894995, 0.0, 0.1], "k_pid_att": [75.32453388817156, 1.326856224425946, 0.6173222920818365], "k_pid_yaw": [0.5, 1e-06, 0.1], "k_pid_hsp": [2.82373402557605, 0.01, 0.01], "k_pid_vsp": [111.20884264032553, 102.7157397860675, 1.0]}, "datetime": {"datetime": "2025-08-20 21:16:38", "elapsed": 33853.271852731705, "delta": 15.09241509437561}, "costs": {"total_cost": 184.49541988935695, "time_cost": 69.288, "final_distance_cost": 1.8381626391062487, "oscillation_cost": 40.49580008946238, "completition_cost": 0.0, "overshoot_cost": 50.238604417722684, "power_cost": 11.540725415039063, "noise_cost": 11.09412732802658, "n_waypoints_completed": 9, "tot_waypoints": 9}}
{"target": -202.5452890613749, "params": {"k_pid_pos": [1.4698128353043505, 0.024859491386256316, 0.3434561031905483], "k_pid_alt": [1.2679502233621702, 0.045049390821834456, 0.921307692212677], "k_pid_att": [43.948176657889235, 1.326856224425946, 0.9274604585040267], "k_pid_yaw": [0.5, 1e-06, 0.1], "k_pid_hsp": [2.82373402557605, 0.01, 0.01], "k_pid_vsp": [104.30040172718557, 102.7157397860675, 1.0]}, "datetime": {"datetime": "2025-08-20 21:16:57", "elapsed": 33871.58451128006, "delta": 18.312658548355103}, "costs": {"total_cost": 202.5452890613749, "time_cost": 79.2, "final_distance_cost": 1.8448235160834985, "oscillation_cost": 45.720028276525355, "completition_cost": 0.0, "overshoot_cost": 50.538603119728236, "power_cost": 12.778022680664064, "noise_cost": 12.463811468373745, "n_waypoints_completed": 9, "tot_waypoints": 9}}
{"target": -197.43749628506922, "params": {"k_pid_pos": [1.4698128353043505, 0.024859491386256316, 0.3434561031905483], "k_pid_alt": [1.2679502233621702, 0.0, 0.20116253882959134], "k_pid_att": [43.948176657889235, 5.642133202559823, 0.9274604585040267], "k_pid_yaw": [0.5, 1e-06, 0.1], "k_pid_hsp": [0.5113636529196418, 0.01, 0.01066281316812523], "k_pid_vsp": [159.45001298599757, 210.91861290663223, 1.0]}, "datetime": {"datetime": "2025-08-20 21:17:13", "elapsed": 33888.059196949005, "delta": 16.474685668945312}, "costs": {"total_cost": 197.43749628506922, "time_cost": 75.2, "final_distance_cost": 1.8339295064710863, "oscillation_cost": 44.749476238033964, "completition_cost": 0.0, "overshoot_cost": 49.77784247007583, "power_cost": 13.611358557128908, "noise_cost": 12.264889513359423, "n_waypoints_completed": 9, "tot_waypoints": 9}}
{"target": -177.6739252695265, "params": {"k_pid_pos": [1.4698128353043505, 0.024859491386256316, 0.3434561031905483], "k_pid_alt": [1.2679502233621702, 0.0, 0.1], "k_pid_att": [43.948176657889235, 1.326856224425946, 0.9274604585040267], "k_pid_yaw": [0.5, 1e-06, 0.1], "k_pid_hsp": [2.82373402557605, 0.01, 0.01], "k_pid_vsp": [111.20884264032553, 102.7157397860675, 1.0]}, "datetime": {"datetime": "2025-08-20 21:17:30", "elapsed": 33904.80760717392, "delta": 16.74841022491455}, "costs": {"total_cost": 177.6739252695265, "time_cost": 69.152, "final_distance_cost": 1.8262656886158488, "oscillation_cost": 34.33594552183275, "completition_cost": 0.0, "overshoot_cost": 50.065815663241324, "power_cost": 11.237653356933594, "noise_cost": 11.056245038902981, "n_waypoints_completed": 9, "tot_waypoints": 9}}
{"target": -179.22283434638496, "params": {"k_pid_pos": [1.4698128353043505, 0.024859491386256316, 0.3434561031905483], "k_pid_alt": [1.2679502233621702, 0.0, 0.1], "k_pid_att": [43.948176657889235, 1.1166001057131414, 0.9274604585040267], "k_pid_yaw": [0.5, 1e-06, 0.1], "k_pid_hsp": [1.8683835514128975, 0.01, 0.01], "k_pid_vsp": [111.20884264032553, 102.7157397860675, 1.0]}, "datetime": {"datetime": "2025-08-20 21:17:45", "elapsed": 33919.79555225372, "delta": 14.987945079803467}, "costs": {"total_cost": 179.22283434638496, "time_cost": 69.096, "final_distance_cost": 1.8419592841405843, "oscillation_cost": 35.7091957549882, "completition_cost": 0.0, "overshoot_cost": 50.09350599315607, "power_cost": 11.461971740722657, "noise_cost": 11.020201573377445, "n_waypoints_completed": 9, "tot_waypoints": 9}}
{"target": -199.246112884218, "params": {"k_pid_pos": [1.4698128353043505, 0.5106348250941788, 0.3434561031905483], "k_pid_alt": [1.2679502233621702, 0.0, 0.30701401744436285], "k_pid_att": [43.948176657889235, 1.326856224425946, 0.9274604585040267], "k_pid_yaw": [0.5, 1e-06, 0.1], "k_pid_hsp": [2.82373402557605, 0.01, 0.01], "k_pid_vsp": [111.20884264032553, 102.7157397860675, 1.0]}, "datetime": {"datetime": "2025-08-20 21:18:04", "elapsed": 33938.523686409, "delta": 18.728134155273438}, "costs": {"total_cost": 199.246112884218, "time_cost": 79.512, "final_distance_cost": 1.748688087462443, "oscillation_cost": 39.96518684757764, "completition_cost": 0.0, "overshoot_cost": 52.00674007580252, "power_cost": 13.529266320800781, "noise_cost": 12.4842315525746, "n_waypoints_completed": 9, "tot_waypoints": 9}}
{"target": -177.6739252695265, "params": {"k_pid_pos": [1.4698128353043505, 0.024859491386256316, 0.3434561031905483], "k_pid_alt": [1.2679502233621702, 0.0, 0.1], "k_pid_att": [43.948176657889235, 1.326856224425946, 0.9274604585040267], "k_pid_yaw": [0.5, 1e-06, 0.1], "k_pid_hsp": [2.82373402557605, 0.01, 0.01], "k_pid_vsp": [111.20884264032553, 102.7157397860675, 1.0]}, "datetime": {"datetime": "2025-08-20 21:18:20", "elapsed": 33954.53675317764, "delta": 16.01306676864624}, "costs": {"total_cost": 177.6739252695265, "time_cost": 69.152, "final_distance_cost": 1.8262656886158488, "oscillation_cost": 34.33594552183275, "completition_cost": 0.0, "overshoot_cost": 50.065815663241324, "power_cost": 11.237653356933594, "noise_cost": 11.056245038902981, "n_waypoints_completed": 9, "tot_waypoints": 9}}
{"target": -177.6739252695265, "params": {"k_pid_pos": [1.4698128353043505, 0.024859491386256316, 0.3434561031905483], "k_pid_alt": [1.2679502233621702, 0.0, 0.1], "k_pid_att": [43.948176657889235, 1.326856224425946, 0.9274604585040267], "k_pid_yaw": [0.5, 1e-06, 0.1], "k_pid_hsp": [2.82373402557605, 0.01, 0.01], "k_pid_vsp": [111.20884264032553, 102.7157397860675, 1.0]}, "datetime": {"datetime": "2025-08-20 21:18:36", "elapsed": 33971.38663840294, "delta": 16.84988522529602}, "costs": {"total_cost": 177.6739252695265, "time_cost": 69.152, "final_distance_cost": 1.8262656886158488, "oscillation_cost": 34.33594552183275, "completition_cost": 0.0, "overshoot_cost": 50.065815663241324, "power_cost": 11.237653356933594, "noise_cost": 11.056245038902981, "n_waypoints_completed": 9, "tot_waypoints": 9}}
{"target": -177.6739252695265, "params": {"k_pid_pos": [1.4698128353043505, 0.024859491386256316, 0.3434561031905483], "k_pid_alt": [1.2679502233621702, 0.0, 0.1], "k_pid_att": [43.948176657889235, 1.326856224425946, 0.9274604585040267], "k_pid_yaw": [0.5, 1e-06, 0.1], "k_pid_hsp": [2.82373402557605, 0.01, 0.01], "k_pid_vsp": [111.20884264032553, 102.7157397860675, 1.0]}, "datetime": {"datetime": "2025-08-20 21:18:51", "elapsed": 33986.21429300308, "delta": 14.827654600143433}, "costs": {"total_cost": 177.6739252695265, "time_cost": 69.152, "final_distance_cost": 1.8262656886158488, "oscillation_cost": 34.33594552183275, "completition_cost": 0.0, "overshoot_cost": 50.065815663241324, "power_cost": 11.237653356933594, "noise_cost": 11.056245038902981, "n_waypoints_completed": 9, "tot_waypoints": 9}}
{"target": -1011.5231077654138, "params": {"k_pid_pos": [1.4698128353043505, 0.024859491386256316, 0.3434561031905483], "k_pid_alt": [1.2679502233621702, 0.0, 0.1], "k_pid_att": [43.948176657889235, 3.4126860594551975, 0.8045953967355457], "k_pid_yaw": [0.5, 1e-06, 0.1], "k_pid_hsp": [2.8438758747997364, 0.01, 0.01], "k_pid_vsp": [371.8706581382205, 102.7157397860675, 309.88473966513897]}, "datetime": {"datetime": "2025-08-20 21:19:14", "elapsed": 34009.10911798477, "delta": 22.894824981689453}, "costs": {"total_cost": 1011.5231077654138, "time_cost": 150, "final_distance_cost": 53.5229496982498, "oscillation_cost": 43.50975260094562, "completition_cost": 666.6666666666667, "overshoot_cost": 47.054936292284594, "power_cost": 30.525331274414064, "noise_cost": 20.243471232852876, "n_waypoints_completed": 3, "tot_waypoints": 9}}
{"target": -300.3576093967703, "params": {"k_pid_pos": [1.4698128353043505, 0.024859491386256316, 0.2784378006036795], "k_pid_alt": [1.2679502233621702, 0.0, 0.1], "k_pid_att": [43.948176657889235, 1.326856224425946, 0.9274604585040267], "k_pid_yaw": [0.5, 1e-06, 0.1], "k_pid_hsp": [2.82373402557605, 0.01, 0.37654045557379967], "k_pid_vsp": [111.20884264032553, 102.7157397860675, 1.0]}, "datetime": {"datetime": "2025-08-20 21:19:30", "elapsed": 34025.457280159, "delta": 16.348162174224854}, "costs": {"total_cost": 300.3576093967703, "time_cost": 68.624, "final_distance_cost": 1.7940888812444922, "oscillation_cost": 154.6449572755853, "completition_cost": 0.0, "overshoot_cost": 49.74579403252899, "power_cost": 13.681880590820313, "noise_cost": 11.866888616591218, "n_waypoints_completed": 9, "tot_waypoints": 9}}
{"target": -181.42671042653478, "params": {"k_pid_pos": [1.4698128353043505, 0.024859491386256316, 0.3434561031905483], "k_pid_alt": [1.2679502233621702, 0.0, 0.1], "k_pid_att": [43.948176657889235, 1.326856224425946, 0.9274604585040267], "k_pid_yaw": [0.5, 1e-06, 0.1], "k_pid_hsp": [2.82373402557605, 0.01, 0.01], "k_pid_vsp": [303.00008221409286, 102.7157397860675, 1.0]}, "datetime": {"datetime": "2025-08-20 21:19:45", "elapsed": 34040.346032857895, "delta": 14.888752698898315}, "costs": {"total_cost": 181.42671042653478, "time_cost": 69.408, "final_distance_cost": 1.8403418482492275, "oscillation_cost": 37.04690772282804, "completition_cost": 0.0, "overshoot_cost": 50.83552679355589, "power_cost": 11.229801672363282, "noise_cost": 11.06613238953833, "n_waypoints_completed": 9, "tot_waypoints": 9}}
{"target": -1173.3090827033477, "params": {"k_pid_pos": [1.4698128353043505, 0.024859491386256316, 0.3434561031905483], "k_pid_alt": [1.2679502233621702, 0.0, 0.1], "k_pid_att": [43.948176657889235, 1.326856224425946, 0.9274604585040267], "k_pid_yaw": [0.5, 1e-06, 0.1], "k_pid_hsp": [1.4187022930847046, 0.17872871651145927, 0.01], "k_pid_vsp": [111.20884264032553, 102.7157397860675, 242.94605271048886]}, "datetime": {"datetime": "2025-08-20 21:20:11", "elapsed": 34065.82483100891, "delta": 25.478798151016235}, "costs": {"total_cost": 1173.3090827033477, "time_cost": 150, "final_distance_cost": 84.98759314237626, "oscillation_cost": 37.10291666955767, "completition_cost": 777.7777777777778, "overshoot_cost": 61.32206890427782, "power_cost": 34.944281091308596, "noise_cost": 27.17444511804964, "n_waypoints_completed": 2, "tot_waypoints": 9}}
{"target": -321.27421893637705, "params": {"k_pid_pos": [1.4698128353043505, 0.7323733489896951, 0.3434561031905483], "k_pid_alt": [1.2679502233621702, 0.0, 0.1], "k_pid_att": [13.107192077287921, 0.5364822422922942, 0.9274604585040267], "k_pid_yaw": [0.5, 1e-06, 0.1], "k_pid_hsp": [4.250673906138699, 0.01, 0.6388775990814546], "k_pid_vsp": [111.20884264032553, 102.7157397860675, 1.0]}, "datetime": {"datetime": "2025-08-20 21:20:31", "elapsed": 34085.542659282684, "delta": 19.717828273773193}, "costs": {"total_cost": 321.27421893637705, "time_cost": 90.808, "final_distance_cost": 1.732824848631384, "oscillation_cost": 137.52780544385547, "completition_cost": 0.0, "overshoot_cost": 58.68097057401194, "power_cost": 17.37923892822266, "noise_cost": 15.145379141655605, "n_waypoints_completed": 9, "tot_waypoints": 9}}
{"target": -182.36554798328095, "params": {"k_pid_pos": [1.4698128353043505, 0.024859491386256316, 0.416330797462678], "k_pid_alt": [1.2679502233621702, 0.0, 0.1], "k_pid_att": [43.948176657889235, 3.4126860594551975, 0.9274604585040267], "k_pid_yaw": [0.5, 1e-06, 0.1], "k_pid_hsp": [2.82373402557605, 0.0953687395585695, 0.01], "k_pid_vsp": [371.8706581382205, 102.7157397860675, 1.0]}, "datetime": {"datetime": "2025-08-20 21:20:47", "elapsed": 34101.7121322155, "delta": 16.16947293281555}, "costs": {"total_cost": 182.36554798328095, "time_cost": 69.57600000000001, "final_distance_cost": 1.8414179658002894, "oscillation_cost": 38.17977878104416, "completition_cost": 0.0, "overshoot_cost": 50.52722385146183, "power_cost": 11.213475195312501, "noise_cost": 11.02765218966214, "n_waypoints_completed": 9, "tot_waypoints": 9}}
{"target": -191.13378815364433, "params": {"k_pid_pos": [1.4698128353043505, 0.024859491386256316, 0.7514874916619558], "k_pid_alt": [1.2679502233621702, 0.0, 0.1], "k_pid_att": [43.948176657889235, 1.326856224425946, 0.9274604585040267], "k_pid_yaw": [0.5, 1e-06, 0.1], "k_pid_hsp": [2.82373402557605, 0.5193865039718747, 0.01], "k_pid_vsp": [314.35290507228956, 102.7157397860675, 14.06315075987657]}, "datetime": {"datetime": "2025-08-20 21:21:03", "elapsed": 34118.00440740585, "delta": 16.292275190353394}, "costs": {"total_cost": 191.13378815364433, "time_cost": 70.184, "final_distance_cost": 1.8515831434188825, "oscillation_cost": 44.1099339206499, "completition_cost": 0.0, "overshoot_cost": 49.841528364595014, "power_cost": 13.424922131347657, "noise_cost": 11.72182059363291, "n_waypoints_completed": 9, "tot_waypoints": 9}}
{"target": -186.5310864362558, "params": {"k_pid_pos": [1.4698128353043505, 0.19767101818116828, 0.37255195504867966], "k_pid_alt": [1.5262749023082662, 0.0, 0.1], "k_pid_att": [43.948176657889235, 3.4126860594551975, 0.9274604585040267], "k_pid_yaw": [0.5, 1e-06, 0.1], "k_pid_hsp": [2.82373402557605, 0.01, 0.01], "k_pid_vsp": [111.20884264032553, 102.7157397860675, 1.0]}, "datetime": {"datetime": "2025-08-20 21:21:21", "elapsed": 34135.6236307621, "delta": 17.61922335624695}, "costs": {"total_cost": 186.5310864362558, "time_cost": 72.768, "final_distance_cost": 1.7928876792444692, "oscillation_cost": 37.557203051803356, "completition_cost": 0.0, "overshoot_cost": 50.93713393892079, "power_cost": 11.938065844726562, "noise_cost": 11.537795921560626, "n_waypoints_completed": 9, "tot_waypoints": 9}}
{"target": -326.2681023163039, "params": {"k_pid_pos": [1.4698128353043505, 0.19767101818116828, 0.37255195504867966], "k_pid_alt": [1.5262749023082662, 0.0, 0.1], "k_pid_att": [43.948176657889235, 3.4126860594551975, 0.9274604585040267], "k_pid_yaw": [0.5, 1e-06, 0.1], "k_pid_hsp": [2.82373402557605, 0.16465226679640355, 0.24239819548673525], "k_pid_vsp": [110.77629478874829, 102.7157397860675, 14.06315075987657]}, "datetime": {"datetime": "2025-08-20 21:21:38", "elapsed": 34153.092822790146, "delta": 17.469192028045654}, "costs": {"total_cost": 326.2681023163039, "time_cost": 77.904, "final_distance_cost": 1.7839420695883315, "oscillation_cost": 162.8001509014211, "completition_cost": 0.0, "overshoot_cost": 52.56012608977873, "power_cost": 17.410531481933596, "noise_cost": 13.80935177358214, "n_waypoints_completed": 9, "tot_waypoints": 9}}
{"target": -193.73449528353808, "params": {"k_pid_pos": [1.6397186260693044, 0.19767101818116828, 0.6760985883499703], "k_pid_alt": [1.2679502233621702, 0.0, 0.07444874772262577], "k_pid_att": [43.948176657889235, 3.4126860594551975, 0.218246450578637], "k_pid_yaw": [0.5, 1e-06, 0.1], "k_pid_hsp": [2.82373402557605, 0.01, 0.01], "k_pid_vsp": [18.79289508575375, 102.7157397860675, 1.0]}, "datetime": {"datetime": "2025-08-20 21:21:54", "elapsed": 34168.73492908478, "delta": 15.642106294631958}, "costs": {"total_cost": 193.73449528353808, "time_cost": 69.968, "final_distance_cost": 1.823013899600729, "oscillation_cost": 47.54622183337009, "completition_cost": 0.0, "overshoot_cost": 50.637798538794925, "power_cost": 12.346307470703126, "noise_cost": 11.41315354106923, "n_waypoints_completed": 9, "tot_waypoints": 9}}
{"target": -349.84807488109703, "params": {"k_pid_pos": [1.4698128353043505, 0.024859491386256316, 0.3434561031905483], "k_pid_alt": [1.2679502233621702, 0.0, 0.1], "k_pid_att": [43.948176657889235, 1.326856224425946, 0.8721200333468756], "k_pid_yaw": [0.5, 1e-06, 0.1], "k_pid_hsp": [2.82373402557605, 0.01, 0.6508382101917022], "k_pid_vsp": [111.20884264032553, 102.7157397860675, 1.0]}, "datetime": {"datetime": "2025-08-20 21:22:14", "elapsed": 34189.12258577347, "delta": 20.387656688690186}, "costs": {"total_cost": 349.84807488109703, "time_cost": 84.48, "final_distance_cost": 1.7432019972162642, "oscillation_cost": 175.95131316517342, "completition_cost": 0.0, "overshoot_cost": 55.92259406666328, "power_cost": 17.087135986328125, "noise_cost": 14.66382966571593, "n_waypoints_completed": 9, "tot_waypoints": 9}}
