{"target": -180.40810129406827, "params": {"k_pid_pos": [1.4698128353043505, 0.024859491386256316, 0.11401919133455096], "k_pid_alt": [1.2679502233621702, 0.0, 0.1], "k_pid_att": [43.948176657889235, 3.7802132718527557, 0.9274604585040267], "k_pid_yaw": [0.5, 1e-06, 0.1], "k_pid_hsp": [2.395389635608916, 0.01, 0.01], "k_pid_vsp": [111.20884264032553, 102.7157397860675, 1.0]}, "datetime": {"datetime": "2025-08-20 17:48:03", "elapsed": 21338.456723690033, "delta": 14.872698545455933}, "costs": {"total_cost": 180.40810129406827, "time_cost": 68.656, "final_distance_cost": 1.7855036050235287, "oscillation_cost": 37.645407527558994, "completition_cost": 0.0, "overshoot_cost": 49.9598019448747, "power_cost": 11.380489074707032, "noise_cost": 10.980899141904002, "n_waypoints_completed": 9, "tot_waypoints": 9}}
{"target": -182.75655586759308, "params": {"k_pid_pos": [1.4698128353043505, 0.024859491386256316, 0.11401919133455096], "k_pid_alt": [1.2679502233621702, 0.0, 0.1], "k_pid_att": [43.948176657889235, 8.523668343376618, 0.5074717254068946], "k_pid_yaw": [0.5, 1e-06, 0.1], "k_pid_hsp": [1.5859581202077546, 0.01, 0.01], "k_pid_vsp": [111.20884264032553, 102.7157397860675, 1.0]}, "datetime": {"datetime": "2025-08-20 17:48:19", "elapsed": 21353.889246463776, "delta": 15.432522773742676}, "costs": {"total_cost": 182.75655586759308, "time_cost": 68.56, "final_distance_cost": 1.806252003094222, "oscillation_cost": 39.611561662454896, "completition_cost": 0.0, "overshoot_cost": 50.10914993635535, "power_cost": 11.681747607421876, "noise_cost": 10.987844658266749, "n_waypoints_completed": 9, "tot_waypoints": 9}}
{"target": -1010.644950477843, "params": {"k_pid_pos": [1.4698128353043505, 0.024859491386256316, 0.11401919133455096], "k_pid_alt": [1.6714132940641002, 0.0, 0.1], "k_pid_att": [43.948176657889235, 5.824334032821091, 0.9274604585040267], "k_pid_yaw": [0.5, 1e-06, 0.1], "k_pid_hsp": [2.395389635608916, 0.01, 0.01], "k_pid_vsp": [110.56511661686339, 102.7157397860675, 195.0006501476584]}, "datetime": {"datetime": "2025-08-20 17:48:41", "elapsed": 21376.094787836075, "delta": 22.205541372299194}, "costs": {"total_cost": 1010.644950477843, "time_cost": 150, "final_distance_cost": 56.17830763140441, "oscillation_cost": 46.724645636243146, "completition_cost": 666.6666666666667, "overshoot_cost": 72.85050297515552, "power_cost": 8.908462768554688, "noise_cost": 9.316364799818517, "n_waypoints_completed": 3, "tot_waypoints": 9}}
{"target": -183.10000383531218, "params": {"k_pid_pos": [1.4698128353043505, 0.024859491386256316, 0.11401919133455096], "k_pid_alt": [1.6714132940641002, 0.0, 0.1], "k_pid_att": [43.948176657889235, 3.7802132718527557, 0.9274604585040267], "k_pid_yaw": [0.5, 1e-06, 0.1], "k_pid_hsp": [2.395389635608916, 0.2900343745958267, 0.01], "k_pid_vsp": [111.20884264032553, 102.7157397860675, 1.0]}, "datetime": {"datetime": "2025-08-20 17:48:57", "elapsed": 21392.141960144043, "delta": 16.04717230796814}, "costs": {"total_cost": 183.10000383531218, "time_cost": 68.152, "final_distance_cost": 1.7889340717002702, "oscillation_cost": 41.4762240653574, "completition_cost": 0.0, "overshoot_cost": 49.41609255792202, "power_cost": 11.496197070312501, "noise_cost": 10.770556070020021, "n_waypoints_completed": 9, "tot_waypoints": 9}}
{"target": -288.9956511812847, "params": {"k_pid_pos": [1.4698128353043505, 0.024859491386256316, 0.11401919133455096], "k_pid_alt": [1.2679502233621702, 0.0, 0.1], "k_pid_att": [43.13617674596804, 5.824334032821091, 0.9274604585040267], "k_pid_yaw": [0.5, 1e-06, 0.1], "k_pid_hsp": [2.395389635608916, 0.01, 0.9291573179187896], "k_pid_vsp": [375.4159375947967, 349.0334411507856, 1.0]}, "datetime": {"datetime": "2025-08-20 17:49:15", "elapsed": 21410.319900035858, "delta": 18.177939891815186}, "costs": {"total_cost": 288.9956511812847, "time_cost": 76.872, "final_distance_cost": 1.7983133149223616, "oscillation_cost": 126.44484118979541, "completition_cost": 0.0, "overshoot_cost": 55.15042023395436, "power_cost": 15.779060668945313, "noise_cost": 12.95101577366721, "n_waypoints_completed": 9, "tot_waypoints": 9}}
{"target": -1545.5410060109762, "params": {"k_pid_pos": [1.7041340386651447, 0.024859491386256316, 0.3434561031905483], "k_pid_alt": [1.2679502233621702, 0.13396904364517792, 0.1], "k_pid_att": [43.948176657889235, 3.7802132718527557, 0.3530445525049485], "k_pid_yaw": [0.5, 1e-06, 0.1], "k_pid_hsp": [2.395389635608916, 0.01, 0.01], "k_pid_vsp": [111.20884264032553, 102.7157397860675, 261.2242035915192]}, "datetime": {"datetime": "2025-08-20 17:49:42", "elapsed": 21437.12635231018, "delta": 26.80645227432251}, "costs": {"total_cost": 1545.5410060109762, "time_cost": 150, "final_distance_cost": 240.74954132340403, "oscillation_cost": 26.717116844098108, "completition_cost": 888.8888888888888, "overshoot_cost": 189.93729287873472, "power_cost": 29.343756774902346, "noise_cost": 19.90440930094795, "n_waypoints_completed": 1, "tot_waypoints": 9}}
{"target": -199.99354210900358, "params": {"k_pid_pos": [1.4698128353043505, 0.3355199412987626, 0.11401919133455096], "k_pid_alt": [1.2679502233621702, 0.0, 0.1], "k_pid_att": [43.948176657889235, 3.7802132718527557, 0.9274604585040267], "k_pid_yaw": [0.5, 1e-06, 0.1], "k_pid_hsp": [2.1215903484698817, 0.8679176146891754, 0.01], "k_pid_vsp": [111.20884264032553, 102.7157397860675, 1.0]}, "datetime": {"datetime": "2025-08-20 17:50:00", "elapsed": 21455.37159204483, "delta": 18.245239734649658}, "costs": {"total_cost": 199.99354210900358, "time_cost": 73.456, "final_distance_cost": 1.784201009621047, "oscillation_cost": 49.45591419989908, "completition_cost": 0.0, "overshoot_cost": 50.330656387438175, "power_cost": 13.117297045898438, "noise_cost": 11.849473466146858, "n_waypoints_completed": 9, "tot_waypoints": 9}}
{"target": -183.07474753204042, "params": {"k_pid_pos": [1.4698128353043505, 0.024859491386256316, 0.11401919133455096], "k_pid_alt": [0.8257095450628977, 0.0, 0.1], "k_pid_att": [43.948176657889235, 3.7802132718527557, 0.9274604585040267], "k_pid_yaw": [0.5, 1e-06, 0.1], "k_pid_hsp": [2.395389635608916, 0.01, 0.01], "k_pid_vsp": [110.56511661686339, 102.7157397860675, 1.0]}, "datetime": {"datetime": "2025-08-20 17:50:15", "elapsed": 21470.34927868843, "delta": 14.977686643600464}, "costs": {"total_cost": 183.07474753204042, "time_cost": 70.616, "final_distance_cost": 1.8216886186667216, "oscillation_cost": 37.98054676014, "completition_cost": 0.0, "overshoot_cost": 50.06858801660497, "power_cost": 11.574588513183594, "noise_cost": 11.01333562344512, "n_waypoints_completed": 9, "tot_waypoints": 9}}
{"target": -181.1339286878704, "params": {"k_pid_pos": [1.4698128353043505, 0.024859491386256316, 0.11401919133455096], "k_pid_alt": [1.2679502233621702, 0.0, 0.1], "k_pid_att": [43.948176657889235, 3.7802132718527557, 0.666719676683535], "k_pid_yaw": [0.5, 1e-06, 0.1], "k_pid_hsp": [2.395389635608916, 0.01, 0.01], "k_pid_vsp": [111.20884264032553, 102.7157397860675, 1.0]}, "datetime": {"datetime": "2025-08-20 17:50:31", "elapsed": 21485.52135705948, "delta": 15.172078371047974}, "costs": {"total_cost": 181.1339286878704, "time_cost": 68.70400000000001, "final_distance_cost": 1.7845962711993058, "oscillation_cost": 37.975169841525755, "completition_cost": 0.0, "overshoot_cost": 50.24351668101399, "power_cost": 11.456028186035157, "noise_cost": 10.97061770809616, "n_waypoints_completed": 9, "tot_waypoints": 9}}
{"target": -203.2446207400125, "params": {"k_pid_pos": [1.4698128353043505, 0.024859491386256316, 0.8092599635047751], "k_pid_alt": [0.9507522332047484, 0.0, 0.4406160699284484], "k_pid_att": [43.948176657889235, 6.806811407577699, 0.6711777735375999], "k_pid_yaw": [0.5, 1e-06, 0.1], "k_pid_hsp": [2.241816533453477, 0.01, 0.01], "k_pid_vsp": [111.20884264032553, 369.48810340511164, 29.020453107259044]}, "datetime": {"datetime": "2025-08-20 17:50:49", "elapsed": 21503.523276805878, "delta": 18.001919746398926}, "costs": {"total_cost": 203.2446207400125, "time_cost": 74.70400000000001, "final_distance_cost": 1.8470543674049142, "oscillation_cost": 50.848817877659584, "completition_cost": 0.0, "overshoot_cost": 50.080626292110956, "power_cost": 13.929317712402344, "noise_cost": 11.834804490434692, "n_waypoints_completed": 9, "tot_waypoints": 9}}
{"target": -182.11426434648303, "params": {"k_pid_pos": [1.9648629373893673, 0.024859491386256316, 0.8544707697037623], "k_pid_alt": [1.2679502233621702, 0.0, 0.1], "k_pid_att": [43.948176657889235, 3.7802132718527557, 0.9274604585040267], "k_pid_yaw": [0.5, 1e-06, 0.1], "k_pid_hsp": [2.395389635608916, 0.01, 0.01], "k_pid_vsp": [111.20884264032553, 102.7157397860675, 1.0]}, "datetime": {"datetime": "2025-08-20 17:51:04", "elapsed": 21518.60567188263, "delta": 15.082395076751709}, "costs": {"total_cost": 182.11426434648303, "time_cost": 69.28, "final_distance_cost": 1.8418189044654714, "oscillation_cost": 38.56481281328298, "completition_cost": 0.0, "overshoot_cost": 50.40799046333469, "power_cost": 11.064625524902345, "noise_cost": 10.95501664049756, "n_waypoints_completed": 9, "tot_waypoints": 9}}
{"target": -181.22622065394637, "params": {"k_pid_pos": [1.4698128353043505, 0.024859491386256316, 0.11401919133455096], "k_pid_alt": [1.3959173657108794, 0.0, 0.1], "k_pid_att": [43.948176657889235, 3.7802132718527557, 0.9274604585040267], "k_pid_yaw": [0.5, 1e-06, 0.1], "k_pid_hsp": [2.395389635608916, 0.01, 0.01], "k_pid_vsp": [337.79764923111304, 359.530474216699, 1.0]}, "datetime": {"datetime": "2025-08-20 17:51:19", "elapsed": 21534.000816106796, "delta": 15.39514422416687}, "costs": {"total_cost": 181.22622065394637, "time_cost": 68.48, "final_distance_cost": 1.8045012043062834, "oscillation_cost": 39.11165015871948, "completition_cost": 0.0, "overshoot_cost": 49.519047942703786, "power_cost": 11.42520037841797, "noise_cost": 10.885820969798855, "n_waypoints_completed": 9, "tot_waypoints": 9}}
{"target": -274.03213095316227, "params": {"k_pid_pos": [1.9648629373893673, 0.024859491386256316, 0.8092599635047751], "k_pid_alt": [0.007621888404933719, 0.4519069599193807, 0.1], "k_pid_att": [43.948176657889235, 6.806811407577699, 0.6711777735375999], "k_pid_yaw": [0.5, 1e-06, 0.1], "k_pid_hsp": [2.2617444318397215, 0.01, 0.01], "k_pid_vsp": [111.20884264032553, 369.48810340511164, 29.020453107259044]}, "datetime": {"datetime": "2025-08-20 17:51:41", "elapsed": 21556.457082748413, "delta": 22.45626664161682}, "costs": {"total_cost": 274.03213095316227, "time_cost": 98.616, "final_distance_cost": 1.7468483763587905, "oscillation_cost": 66.5723523254469, "completition_cost": 0.0, "overshoot_cost": 62.5973407554547, "power_cost": 26.19380733642578, "noise_cost": 18.305782159476113, "n_waypoints_completed": 9, "tot_waypoints": 9}}
{"target": -1027.4257852553806, "params": {"k_pid_pos": [1.4698128353043505, 0.024859491386256316, 0.11401919133455096], "k_pid_alt": [1.6714132940641002, 0.0, 0.1], "k_pid_att": [43.948176657889235, 5.824334032821091, 0.9274604585040267], "k_pid_yaw": [0.5, 1e-06, 0.1], "k_pid_hsp": [2.395389635608916, 0.01, 0.01], "k_pid_vsp": [110.56511661686339, 70.08228449677209, 338.805827852657]}, "datetime": {"datetime": "2025-08-20 17:52:04", "elapsed": 21578.581563472748, "delta": 22.124480724334717}, "costs": {"total_cost": 1027.4257852553806, "time_cost": 150, "final_distance_cost": 69.98876602334663, "oscillation_cost": 45.54091778826846, "completition_cost": 666.6666666666667, "overshoot_cost": 71.05401877381313, "power_cost": 13.064401000976563, "noise_cost": 11.111015002309077, "n_waypoints_completed": 3, "tot_waypoints": 9}}
{"target": -364.81701946100117, "params": {"k_pid_pos": [1.4698128353043505, 0.024859491386256316, 0.11401919133455096], "k_pid_alt": [1.957714269797994, 0.0, 0.1], "k_pid_att": [43.948176657889235, 8.523668343376618, 0.9274604585040267], "k_pid_yaw": [0.5, 1e-06, 0.1], "k_pid_hsp": [1.5859581202077546, 0.01, 0.9077837455283392], "k_pid_vsp": [111.20884264032553, 102.7157397860675, 1.0]}, "datetime": {"datetime": "2025-08-20 17:52:22", "elapsed": 21596.516044139862, "delta": 17.934480667114258}, "costs": {"total_cost": 364.81701946100117, "time_cost": 80.52, "final_distance_cost": 1.7377838927425104, "oscillation_cost": 196.48410457870253, "completition_cost": 0.0, "overshoot_cost": 55.79548953113709, "power_cost": 16.086485070800784, "noise_cost": 14.193156387618263, "n_waypoints_completed": 9, "tot_waypoints": 9}}
{"target": -181.85241704923763, "params": {"k_pid_pos": [1.4698128353043505, 0.024859491386256316, 0.11401919133455096], "k_pid_alt": [1.2679502233621702, 0.0, 0.1], "k_pid_att": [43.948176657889235, 3.7802132718527557, 0.9274604585040267], "k_pid_yaw": [0.5, 1e-06, 0.1], "k_pid_hsp": [1.0076768036881465, 0.01, 0.01], "k_pid_vsp": [111.20884264032553, 313.0622943974321, 1.0]}, "datetime": {"datetime": "2025-08-20 17:52:37", "elapsed": 21612.236785888672, "delta": 15.720741748809814}, "costs": {"total_cost": 181.85241704923763, "time_cost": 68.47200000000001, "final_distance_cost": 1.7962368169900824, "oscillation_cost": 38.174472293733736, "completition_cost": 0.0, "overshoot_cost": 49.75070449111245, "power_cost": 12.482201416015625, "noise_cost": 11.176802031385746, "n_waypoints_completed": 9, "tot_waypoints": 9}}
{"target": -191.89908189303628, "params": {"k_pid_pos": [1.4698128353043505, 0.0544130249557343, 0.11401919133455096], "k_pid_alt": [1.2679502233621702, 0.0, 0.5680103492534012], "k_pid_att": [81.31192509329654, 7.364770926492336, 0.9274604585040267], "k_pid_yaw": [0.5, 1e-06, 0.1], "k_pid_hsp": [7.137108184502412, 0.9235714163922957, 0.01], "k_pid_vsp": [91.91679249959628, 102.7157397860675, 1.0]}, "datetime": {"datetime": "2025-08-20 17:52:53", "elapsed": 21627.652306079865, "delta": 15.415520191192627}, "costs": {"total_cost": 191.89908189303628, "time_cost": 70.24, "final_distance_cost": 1.8051601164612212, "oscillation_cost": 46.47468502338322, "completition_cost": 0.0, "overshoot_cost": 49.8920607029364, "power_cost": 12.291351208496094, "noise_cost": 11.195824841759363, "n_waypoints_completed": 9, "tot_waypoints": 9}}
{"target": -188.78693901137905, "params": {"k_pid_pos": [1.4698128353043505, 0.024859491386256316, 0.11401919133455096], "k_pid_alt": [0.8287604735407312, 0.0, 0.2915903713486512], "k_pid_att": [43.948176657889235, 1.7717243195899302, 0.9274604585040267], "k_pid_yaw": [0.5, 1e-06, 0.1], "k_pid_hsp": [2.395389635608916, 0.6870351602694771, 0.01], "k_pid_vsp": [111.20884264032553, 102.7157397860675, 1.0]}, "datetime": {"datetime": "2025-08-20 17:53:09", "elapsed": 21643.924401521683, "delta": 16.272095441818237}, "costs": {"total_cost": 188.78693901137905, "time_cost": 71.64, "final_distance_cost": 1.835084548394093, "oscillation_cost": 42.711125367653196, "completition_cost": 0.0, "overshoot_cost": 49.54895599112815, "power_cost": 11.96501004638672, "noise_cost": 11.086763057816919, "n_waypoints_completed": 9, "tot_waypoints": 9}}
{"target": -186.87624924530874, "params": {"k_pid_pos": [1.4698128353043505, 0.024859491386256316, 0.11401919133455096], "k_pid_alt": [1.2679502233621702, 0.0, 0.2915903713486512], "k_pid_att": [43.948176657889235, 6.766944352677465, 0.9274604585040267], "k_pid_yaw": [0.5, 1e-06, 0.1], "k_pid_hsp": [2.395389635608916, 0.6870351602694771, 0.01], "k_pid_vsp": [111.20884264032553, 102.7157397860675, 1.0]}, "datetime": {"datetime": "2025-08-20 17:53:24", "elapsed": 21658.87900042534, "delta": 14.954598903656006}, "costs": {"total_cost": 186.87624924530874, "time_cost": 68.848, "final_distance_cost": 1.80835424086897, "oscillation_cost": 44.080514574766404, "completition_cost": 0.0, "overshoot_cost": 49.548392738253874, "power_cost": 11.71733505859375, "noise_cost": 10.873652632825713, "n_waypoints_completed": 9, "tot_waypoints": 9}}
{"target": -181.33275956670542, "params": {"k_pid_pos": [1.4698128353043505, 0.024859491386256316, 0.5374545101912236], "k_pid_alt": [1.2679502233621702, 0.0, 0.1], "k_pid_att": [43.948176657889235, 5.824334032821091, 0.9274604585040267], "k_pid_yaw": [0.5, 1e-06, 0.1], "k_pid_hsp": [2.395389635608916, 0.01, 0.01], "k_pid_vsp": [110.56511661686339, 102.7157397860675, 1.0]}, "datetime": {"datetime": "2025-08-20 17:53:39", "elapsed": 21673.971611499786, "delta": 15.092611074447632}, "costs": {"total_cost": 181.33275956670542, "time_cost": 69.952, "final_distance_cost": 1.838496002976216, "oscillation_cost": 36.59554792835733, "completition_cost": 0.0, "overshoot_cost": 49.81100320653539, "power_cost": 11.70324061279297, "noise_cost": 11.432471816043504, "n_waypoints_completed": 9, "tot_waypoints": 9}}
{"target": -178.70478725309496, "params": {"k_pid_pos": [1.4698128353043505, 0.024859491386256316, 0.3434561031905483], "k_pid_alt": [1.2679502233621702, 0.0, 0.1], "k_pid_att": [43.948176657889235, 3.7802132718527557, 0.9274604585040267], "k_pid_yaw": [0.5, 1e-06, 0.1], "k_pid_hsp": [2.395389635608916, 0.01, 0.01], "k_pid_vsp": [111.20884264032553, 102.7157397860675, 1.0]}, "datetime": {"datetime": "2025-08-20 17:53:55", "elapsed": 21689.561215639114, "delta": 15.589604139328003}, "costs": {"total_cost": 178.70478725309496, "time_cost": 69.12, "final_distance_cost": 1.8299338179061795, "oscillation_cost": 35.21687367722384, "completition_cost": 0.0, "overshoot_cost": 50.090394500534366, "power_cost": 11.321949291992189, "noise_cost": 11.125635965438402, "n_waypoints_completed": 9, "tot_waypoints": 9}}
{"target": -180.40810129406827, "params": {"k_pid_pos": [1.4698128353043505, 0.024859491386256316, 0.11401919133455096], "k_pid_alt": [1.2679502233621702, 0.0, 0.1], "k_pid_att": [43.948176657889235, 3.7802132718527557, 0.9274604585040267], "k_pid_yaw": [0.5, 1e-06, 0.1], "k_pid_hsp": [2.395389635608916, 0.01, 0.01], "k_pid_vsp": [111.20884264032553, 102.7157397860675, 1.0]}, "datetime": {"datetime": "2025-08-20 17:54:09", "elapsed": 21704.274159908295, "delta": 14.712944269180298}, "costs": {"total_cost": 180.40810129406827, "time_cost": 68.656, "final_distance_cost": 1.7855036050235287, "oscillation_cost": 37.645407527558994, "completition_cost": 0.0, "overshoot_cost": 49.9598019448747, "power_cost": 11.380489074707032, "noise_cost": 10.980899141904002, "n_waypoints_completed": 9, "tot_waypoints": 9}}
{"target": -180.40810129406827, "params": {"k_pid_pos": [1.4698128353043505, 0.024859491386256316, 0.11401919133455096], "k_pid_alt": [1.2679502233621702, 0.0, 0.1], "k_pid_att": [43.948176657889235, 3.7802132718527557, 0.9274604585040267], "k_pid_yaw": [0.5, 1e-06, 0.1], "k_pid_hsp": [2.395389635608916, 0.01, 0.01], "k_pid_vsp": [111.20884264032553, 102.7157397860675, 1.0]}, "datetime": {"datetime": "2025-08-20 17:54:25", "elapsed": 21719.981383562088, "delta": 15.707223653793335}, "costs": {"total_cost": 180.40810129406827, "time_cost": 68.656, "final_distance_cost": 1.7855036050235287, "oscillation_cost": 37.645407527558994, "completition_cost": 0.0, "overshoot_cost": 49.9598019448747, "power_cost": 11.380489074707032, "noise_cost": 10.980899141904002, "n_waypoints_completed": 9, "tot_waypoints": 9}}
{"target": -185.46042874179577, "params": {"k_pid_pos": [1.9648629373893673, 0.024859491386256316, 0.8544707697037623], "k_pid_alt": [1.2679502233621702, 0.0, 0.7744198440366786], "k_pid_att": [43.948176657889235, 3.7802132718527557, 0.9274604585040267], "k_pid_yaw": [0.5, 1e-06, 0.1], "k_pid_hsp": [2.395389635608916, 0.01, 0.01], "k_pid_vsp": [111.20884264032553, 102.7157397860675, 1.0]}, "datetime": {"datetime": "2025-08-20 17:54:41", "elapsed": 21736.03258395195, "delta": 16.05120038986206}, "costs": {"total_cost": 185.46042874179577, "time_cost": 71.512, "final_distance_cost": 1.8373368825459444, "oscillation_cost": 39.85785996282007, "completition_cost": 0.0, "overshoot_cost": 49.61549544618836, "power_cost": 11.482158508300781, "noise_cost": 11.155577941940603, "n_waypoints_completed": 9, "tot_waypoints": 9}}
{"target": -225.11994886181083, "params": {"k_pid_pos": [1.4698128353043505, 0.024859491386256316, 0.3434561031905483], "k_pid_alt": [1.2679502233621702, 0.0, 0.1], "k_pid_att": [43.948176657889235, 3.7802132718527557, 0.9274604585040267], "k_pid_yaw": [0.5, 1e-06, 0.1], "k_pid_hsp": [2.395389635608916, 0.01, 0.01], "k_pid_vsp": [111.20884264032553, 102.7157397860675, 80.3853412781648]}, "datetime": {"datetime": "2025-08-20 17:54:59", "elapsed": 21754.04339981079, "delta": 18.010815858840942}, "costs": {"total_cost": 225.11994886181083, "time_cost": 82.912, "final_distance_cost": 1.828824383108084, "oscillation_cost": 55.21180341619434, "completition_cost": 0.0, "overshoot_cost": 55.78936046795753, "power_cost": 16.201853881835937, "noise_cost": 13.176106712714915, "n_waypoints_completed": 9, "tot_waypoints": 9}}
{"target": -198.92319152060716, "params": {"k_pid_pos": [1.4698128353043505, 0.024859491386256316, 0.12160810604364847], "k_pid_alt": [1.2679502233621702, 0.0, 0.1], "k_pid_att": [43.948176657889235, 3.7802132718527557, 0.9274604585040267], "k_pid_yaw": [0.5, 1e-06, 0.1], "k_pid_hsp": [2.395389635608916, 0.01, 0.01], "k_pid_vsp": [111.20884264032553, 310.16448939208084, 134.66477494021115]}, "datetime": {"datetime": "2025-08-20 17:55:15", "elapsed": 21769.921869039536, "delta": 15.878469228744507}, "costs": {"total_cost": 198.92319152060716, "time_cost": 70.008, "final_distance_cost": 1.8298896265601174, "oscillation_cost": 47.98998754605259, "completition_cost": 0.0, "overshoot_cost": 52.435000840289895, "power_cost": 14.951119702148437, "noise_cost": 11.709193805556122, "n_waypoints_completed": 9, "tot_waypoints": 9}}
