{"target": -206.85253651652283, "params": {"k_pid_pos": [1.4698128353043505, 0.3450134284667753, 0.11401919133455096], "k_pid_alt": [1.2679502233621702, 0.0, 0.1], "k_pid_att": [43.948176657889235, 3.7802132718527557, 0.9274604585040267], "k_pid_yaw": [0.5, 1e-06, 0.1], "k_pid_hsp": [1.0, 0.01, 0.01], "k_pid_vsp": [62.378385226605545, 354.88477252185925, 1.0]}, "datetime": {"datetime": "2025-08-20 15:22:29", "elapsed": 12603.525879621506, "delta": 19.959057807922363}, "costs": {"total_cost": 206.85253651652283, "time_cost": 78.44800000000001, "final_distance_cost": 1.7292968393162909, "oscillation_cost": 48.72876859717543, "completition_cost": 0.0, "overshoot_cost": 51.200650048765, "power_cost": 14.358575793457032, "noise_cost": 12.387245237809086, "n_waypoints_completed": 9, "tot_waypoints": 9}}
{"target": -199.22768672691026, "params": {"k_pid_pos": [0.961863204572444, 0.24828414068022808, 0.11401919133455096], "k_pid_alt": [1.2679502233621702, 0.0, 0.1], "k_pid_att": [99.39142121730468, 8.257495339612396, 0.9274604585040267], "k_pid_yaw": [0.5, 1e-06, 0.1], "k_pid_hsp": [1.0, 0.01, 0.01], "k_pid_vsp": [111.20884264032553, 93.09285943774285, 1.0]}, "datetime": {"datetime": "2025-08-20 15:22:47", "elapsed": 12622.285173416138, "delta": 18.759293794631958}, "costs": {"total_cost": 199.22768672691026, "time_cost": 77.60000000000001, "final_distance_cost": 1.820830361592449, "oscillation_cost": 42.34169362977885, "completition_cost": 0.0, "overshoot_cost": 51.359173646791895, "power_cost": 13.487459008789063, "noise_cost": 12.618530079957981, "n_waypoints_completed": 9, "tot_waypoints": 9}}
{"target": -187.37242937290247, "params": {"k_pid_pos": [1.0011422296428567, 0.024859491386256316, 0.11401919133455096], "k_pid_alt": [1.2679502233621702, 0.0, 0.1], "k_pid_att": [43.948176657889235, 3.7802132718527557, 0.9274604585040267], "k_pid_yaw": [0.5, 1e-06, 0.1], "k_pid_hsp": [1.0, 0.01, 0.01], "k_pid_vsp": [111.20884264032553, 91.73625214486171, 1.0]}, "datetime": {"datetime": "2025-08-20 15:23:04", "elapsed": 12638.802481174469, "delta": 16.5173077583313}, "costs": {"total_cost": 187.37242937290247, "time_cost": 72.08800000000001, "final_distance_cost": 1.8432896439751902, "oscillation_cost": 39.158834752768506, "completition_cost": 0.0, "overshoot_cost": 49.592887347968045, "power_cost": 12.78769080810547, "noise_cost": 11.90172682008527, "n_waypoints_completed": 9, "tot_waypoints": 9}}
{"target": -188.72658312277719, "params": {"k_pid_pos": [1.4698128353043505, 0.024859491386256316, 0.13666630474832364], "k_pid_alt": [1.2679502233621702, 0.0, 0.18554982971348166], "k_pid_att": [43.948176657889235, 3.7802132718527557, 0.9274604585040267], "k_pid_yaw": [0.5, 1e-06, 0.1], "k_pid_hsp": [1.0, 0.3530148293123191, 0.01], "k_pid_vsp": [111.20884264032553, 93.09285943774285, 1.0]}, "datetime": {"datetime": "2025-08-20 15:23:20", "elapsed": 12655.37999033928, "delta": 16.57750916481018}, "costs": {"total_cost": 188.72658312277719, "time_cost": 68.488, "final_distance_cost": 1.786824059576865, "oscillation_cost": 45.29593803119404, "completition_cost": 0.0, "overshoot_cost": 49.673624025830875, "power_cost": 12.275917944335939, "noise_cost": 11.206279061839474, "n_waypoints_completed": 9, "tot_waypoints": 9}}
{"target": -198.3371982979005, "params": {"k_pid_pos": [1.2086464285119558, 0.024859491386256316, 0.8627444740141443], "k_pid_alt": [1.2679502233621702, 0.0, 0.1], "k_pid_att": [43.948176657889235, 3.7802132718527557, 0.9274604585040267], "k_pid_yaw": [0.5, 1e-06, 0.1], "k_pid_hsp": [1.0, 0.42821208748488515, 0.01], "k_pid_vsp": [111.20884264032553, 93.09285943774285, 1.0]}, "datetime": {"datetime": "2025-08-20 15:23:38", "elapsed": 12673.137774705887, "delta": 17.757784366607666}, "costs": {"total_cost": 198.3371982979005, "time_cost": 75.528, "final_distance_cost": 1.8501587557034034, "oscillation_cost": 45.646643251666575, "completition_cost": 0.0, "overshoot_cost": 49.55933515744729, "power_cost": 13.144259533691407, "noise_cost": 12.608801599391823, "n_waypoints_completed": 9, "tot_waypoints": 9}}
{"target": -1153.6729666006947, "params": {"k_pid_pos": [1.4698128353043505, 0.024859491386256316, 0.11401919133455096], "k_pid_alt": [1.2679502233621702, 0.0, 0.1], "k_pid_att": [22.74399667939332, 3.7802132718527557, 0.9274604585040267], "k_pid_yaw": [0.5, 1e-06, 0.1], "k_pid_hsp": [1.0, 0.01, 0.01], "k_pid_vsp": [111.20884264032553, 93.09285943774285, 276.9823285274865]}, "datetime": {"datetime": "2025-08-20 15:24:01", "elapsed": 12696.438922643661, "delta": 23.301147937774658}, "costs": {"total_cost": 1153.6729666006947, "time_cost": 150, "final_distance_cost": 75.34160562130009, "oscillation_cost": 35.7872052558598, "completition_cost": 777.7777777777778, "overshoot_cost": 82.88866101733583, "power_cost": 17.403816638183596, "noise_cost": 14.473900290237784, "n_waypoints_completed": 2, "tot_waypoints": 9}}
{"target": -181.2450901455256, "params": {"k_pid_pos": [1.4698128353043505, 0.024859491386256316, 0.11401919133455096], "k_pid_alt": [1.2679502233621702, 0.0, 0.1], "k_pid_att": [43.948176657889235, 3.7802132718527557, 0.8299786351622237], "k_pid_yaw": [0.5, 1e-06, 0.1], "k_pid_hsp": [1.0, 0.01, 0.01], "k_pid_vsp": [111.20884264032553, 87.58200976551859, 1.0]}, "datetime": {"datetime": "2025-08-20 15:24:17", "elapsed": 12711.76706981659, "delta": 15.328147172927856}, "costs": {"total_cost": 181.2450901455256, "time_cost": 68.512, "final_distance_cost": 1.7910890882824617, "oscillation_cost": 37.44211584827496, "completition_cost": 0.0, "overshoot_cost": 50.37807724986156, "power_cost": 12.057168884277344, "noise_cost": 11.064639074829296, "n_waypoints_completed": 9, "tot_waypoints": 9}}
{"target": -284.73252428175454, "params": {"k_pid_pos": [1.4698128353043505, 0.024859491386256316, 0.11401919133455096], "k_pid_alt": [1.2679502233621702, 0.0, 0.1], "k_pid_att": [43.948176657889235, 0.0889010446451618, 0.42536208023514144], "k_pid_yaw": [0.5, 1e-06, 0.1], "k_pid_hsp": [1.0, 0.41837868969596215, 0.14665332097079997], "k_pid_vsp": [111.20884264032553, 93.09285943774285, 1.0]}, "datetime": {"datetime": "2025-08-20 15:24:35", "elapsed": 12729.724155664444, "delta": 17.957085847854614}, "costs": {"total_cost": 284.73252428175454, "time_cost": 75.76, "final_distance_cost": 1.7994951138739057, "oscillation_cost": 124.73561286142304, "completition_cost": 0.0, "overshoot_cost": 54.68219444107837, "power_cost": 14.956803540039063, "noise_cost": 12.798418325340148, "n_waypoints_completed": 9, "tot_waypoints": 9}}
{"target": -181.81426156536187, "params": {"k_pid_pos": [1.4999912498542303, 0.024859491386256316, 0.06327155149462471], "k_pid_alt": [1.1424381546674114, 0.0, 0.1], "k_pid_att": [43.948176657889235, 3.7802132718527557, 0.9274604585040267], "k_pid_yaw": [0.5, 1e-06, 0.1], "k_pid_hsp": [1.0, 0.01, 0.01], "k_pid_vsp": [111.20884264032553, 93.09285943774285, 1.0]}, "datetime": {"datetime": "2025-08-20 15:24:52", "elapsed": 12747.081253767014, "delta": 17.35709810256958}, "costs": {"total_cost": 181.81426156536187, "time_cost": 68.664, "final_distance_cost": 1.7713191627477591, "oscillation_cost": 38.18179044674907, "completition_cost": 0.0, "overshoot_cost": 50.08586594676425, "power_cost": 12.000709326171876, "noise_cost": 11.110576682928924, "n_waypoints_completed": 9, "tot_waypoints": 9}}
{"target": -180.82633189952398, "params": {"k_pid_pos": [1.4698128353043505, 0.024859491386256316, 0.11401919133455096], "k_pid_alt": [1.2679502233621702, 0.0, 0.1], "k_pid_att": [43.948176657889235, 3.7802132718527557, 0.9274604585040267], "k_pid_yaw": [0.5, 1e-06, 0.1], "k_pid_hsp": [1.0, 0.01, 0.01], "k_pid_vsp": [111.20884264032553, 93.09285943774285, 1.0]}, "datetime": {"datetime": "2025-08-20 15:25:08", "elapsed": 12763.408007621765, "delta": 16.326753854751587}, "costs": {"total_cost": 180.82633189952398, "time_cost": 68.456, "final_distance_cost": 1.8129035550535026, "oscillation_cost": 37.19502557670047, "completition_cost": 0.0, "overshoot_cost": 50.071586228309805, "power_cost": 12.12881405029297, "noise_cost": 11.162002489167234, "n_waypoints_completed": 9, "tot_waypoints": 9}}
{"target": -180.82633189952398, "params": {"k_pid_pos": [1.4698128353043505, 0.024859491386256316, 0.11401919133455096], "k_pid_alt": [1.2679502233621702, 0.0, 0.1], "k_pid_att": [43.948176657889235, 3.7802132718527557, 0.9274604585040267], "k_pid_yaw": [0.5, 1e-06, 0.1], "k_pid_hsp": [1.0, 0.01, 0.01], "k_pid_vsp": [111.20884264032553, 93.09285943774285, 1.0]}, "datetime": {"datetime": "2025-08-20 15:25:25", "elapsed": 12780.459787845612, "delta": 17.051780223846436}, "costs": {"total_cost": 180.82633189952398, "time_cost": 68.456, "final_distance_cost": 1.8129035550535026, "oscillation_cost": 37.19502557670047, "completition_cost": 0.0, "overshoot_cost": 50.071586228309805, "power_cost": 12.12881405029297, "noise_cost": 11.162002489167234, "n_waypoints_completed": 9, "tot_waypoints": 9}}
{"target": -182.46374564650642, "params": {"k_pid_pos": [1.6392966458666147, 0.024859491386256316, 0.11401919133455096], "k_pid_alt": [1.2679502233621702, 0.0, 0.1], "k_pid_att": [43.948176657889235, 3.7802132718527557, 0.9274604585040267], "k_pid_yaw": [0.5, 1e-06, 0.1], "k_pid_hsp": [1.0, 0.01, 0.01], "k_pid_vsp": [277.1601620463752, 93.09285943774285, 1.0]}, "datetime": {"datetime": "2025-08-20 15:25:41", "elapsed": 12795.743693590164, "delta": 15.283905744552612}, "costs": {"total_cost": 182.46374564650642, "time_cost": 68.608, "final_distance_cost": 1.7837937727079316, "oscillation_cost": 39.038658657438184, "completition_cost": 0.0, "overshoot_cost": 50.411173898448546, "power_cost": 11.719075952148438, "noise_cost": 10.90304336576332, "n_waypoints_completed": 9, "tot_waypoints": 9}}
{"target": -1048.8933729307507, "params": {"k_pid_pos": [1.7730571360946685, 0.024859491386256316, 0.721054368766489], "k_pid_alt": [1.2679502233621702, 0.0, 0.1], "k_pid_att": [43.948176657889235, 3.7802132718527557, 0.8792759721912583], "k_pid_yaw": [0.5, 1e-06, 0.1], "k_pid_hsp": [1.0, 0.01, 0.01], "k_pid_vsp": [111.20884264032553, 112.4300106550774, 315.3630491989415]}, "datetime": {"datetime": "2025-08-20 15:26:04", "elapsed": 12819.01156282425, "delta": 23.267869234085083}, "costs": {"total_cost": 1048.8933729307507, "time_cost": 150, "final_distance_cost": 76.80245757181018, "oscillation_cost": 42.588190323995114, "completition_cost": 666.6666666666667, "overshoot_cost": 73.88563331797472, "power_cost": 22.77562431640625, "noise_cost": 16.17480073389783, "n_waypoints_completed": 3, "tot_waypoints": 9}}
{"target": -228.01095133321002, "params": {"k_pid_pos": [1.4698128353043505, 0.024859491386256316, 0.7496457643859228], "k_pid_alt": [0.44592666897249256, 0.8981483716198154, 0.4927421650152318], "k_pid_att": [43.948176657889235, 3.7802132718527557, 0.9274604585040267], "k_pid_yaw": [0.5, 1e-06, 0.1], "k_pid_hsp": [1.0, 0.01, 0.01], "k_pid_vsp": [111.20884264032553, 93.09285943774285, 1.0]}, "datetime": {"datetime": "2025-08-20 15:26:26", "elapsed": 12840.729187726974, "delta": 21.71762490272522}, "costs": {"total_cost": 228.01095133321002, "time_cost": 91.952, "final_distance_cost": 1.7730665161422292, "oscillation_cost": 45.95706275235817, "completition_cost": 0.0, "overshoot_cost": 59.09407703720427, "power_cost": 15.598080859375, "noise_cost": 13.636664168130379, "n_waypoints_completed": 9, "tot_waypoints": 9}}
{"target": -1096.8993692944714, "params": {"k_pid_pos": [1.4698128353043505, 0.024859491386256316, 0.08170724544014563], "k_pid_alt": [0.04883097269605363, 0.0, 0.1], "k_pid_att": [43.948176657889235, 3.7802132718527557, 0.9274604585040267], "k_pid_yaw": [0.5, 1e-06, 0.1], "k_pid_hsp": [3.022941925987454, 0.01, 0.01], "k_pid_vsp": [111.20884264032553, 93.09285943774285, 1.0]}, "datetime": {"datetime": "2025-08-20 15:26:51", "elapsed": 12865.580847263336, "delta": 24.851659536361694}, "costs": {"total_cost": 1096.8993692944714, "time_cost": 150, "final_distance_cost": 83.54789574123146, "oscillation_cost": 16.829645792562516, "completition_cost": 777.7777777777778, "overshoot_cost": 41.296976120678046, "power_cost": 13.779824829101564, "noise_cost": 13.667249033120017, "n_waypoints_completed": 2, "tot_waypoints": 9}}
{"target": -215.51636095122203, "params": {"k_pid_pos": [0.3405759437876029, 0.024859491386256316, 0.11401919133455096], "k_pid_alt": [1.9760452627536838, 0.0, 0.1], "k_pid_att": [43.948176657889235, 3.7802132718527557, 0.8792759721912583], "k_pid_yaw": [0.5, 1e-06, 0.1], "k_pid_hsp": [1.0, 0.01, 0.01], "k_pid_vsp": [111.20884264032553, 343.92571266746677, 1.0]}, "datetime": {"datetime": "2025-08-20 15:27:14", "elapsed": 12888.682262182236, "delta": 23.101414918899536}, "costs": {"total_cost": 215.51636095122203, "time_cost": 93.808, "final_distance_cost": 1.8576474765448512, "oscillation_cost": 33.52741142178173, "completition_cost": 0.0, "overshoot_cost": 54.034702965434, "power_cost": 15.9938205078125, "noise_cost": 16.294778579648913, "n_waypoints_completed": 9, "tot_waypoints": 9}}
{"target": -657.8459343651035, "params": {"k_pid_pos": [1.4698128353043505, 0.024859491386256316, 0.11401919133455096], "k_pid_alt": [1.2679502233621702, 0.0, 0.1], "k_pid_att": [43.948176657889235, 3.7802132718527557, 0.9274604585040267], "k_pid_yaw": [0.5, 1e-06, 0.1], "k_pid_hsp": [1.0, 0.01, 0.8609196124543255], "k_pid_vsp": [359.39345429819065, 87.58200976551859, 289.4444314016105]}, "datetime": {"datetime": "2025-08-20 15:27:38", "elapsed": 12913.320925712585, "delta": 24.63866353034973}, "costs": {"total_cost": 657.8459343651035, "time_cost": 150, "final_distance_cost": 59.25057433598361, "oscillation_cost": 224.55681961810663, "completition_cost": 111.11111111111116, "overshoot_cost": 75.11430151724092, "power_cost": 21.95483302001953, "noise_cost": 15.858294762641563, "n_waypoints_completed": 8, "tot_waypoints": 9}}
{"target": -183.3681951666823, "params": {"k_pid_pos": [1.4546045708064101, 0.024859491386256316, 0.11401919133455096], "k_pid_alt": [1.2679502233621702, 0.0, 0.1], "k_pid_att": [43.948176657889235, 3.7802132718527557, 0.4278731612336244], "k_pid_yaw": [0.5, 1e-06, 0.1], "k_pid_hsp": [1.0, 0.01, 0.01], "k_pid_vsp": [111.20884264032553, 93.09285943774285, 1.0]}, "datetime": {"datetime": "2025-08-20 15:27:55", "elapsed": 12930.1843354702, "delta": 16.863409757614136}, "costs": {"total_cost": 183.3681951666823, "time_cost": 68.512, "final_distance_cost": 1.7954061134904715, "oscillation_cost": 38.87596755156194, "completition_cost": 0.0, "overshoot_cost": 50.28650767573137, "power_cost": 12.570477770996094, "noise_cost": 11.32783605490242, "n_waypoints_completed": 9, "tot_waypoints": 9}}
{"target": -180.82633189952398, "params": {"k_pid_pos": [1.4698128353043505, 0.024859491386256316, 0.11401919133455096], "k_pid_alt": [1.2679502233621702, 0.0, 0.1], "k_pid_att": [43.948176657889235, 3.7802132718527557, 0.9274604585040267], "k_pid_yaw": [0.5, 1e-06, 0.1], "k_pid_hsp": [1.0, 0.01, 0.01], "k_pid_vsp": [111.20884264032553, 93.09285943774285, 1.0]}, "datetime": {"datetime": "2025-08-20 15:28:11", "elapsed": 12946.284559726715, "delta": 16.100224256515503}, "costs": {"total_cost": 180.82633189952398, "time_cost": 68.456, "final_distance_cost": 1.8129035550535026, "oscillation_cost": 37.19502557670047, "completition_cost": 0.0, "overshoot_cost": 50.071586228309805, "power_cost": 12.12881405029297, "noise_cost": 11.162002489167234, "n_waypoints_completed": 9, "tot_waypoints": 9}}
{"target": -183.6129621903332, "params": {"k_pid_pos": [1.4698128353043505, 0.024859491386256316, 0.11401919133455096], "k_pid_alt": [1.2679502233621702, 0.0, 0.1], "k_pid_att": [33.41589308538913, 3.7802132718527557, 0.9274604585040267], "k_pid_yaw": [0.5, 1e-06, 0.1], "k_pid_hsp": [3.022941925987454, 0.01, 0.01], "k_pid_vsp": [111.20884264032553, 93.09285943774285, 1.0]}, "datetime": {"datetime": "2025-08-20 15:28:28", "elapsed": 12963.288043260574, "delta": 17.003483533859253}, "costs": {"total_cost": 183.6129621903332, "time_cost": 68.648, "final_distance_cost": 1.8187081739518833, "oscillation_cost": 40.405386122133784, "completition_cost": 0.0, "overshoot_cost": 50.18084012200101, "power_cost": 11.532902954101562, "noise_cost": 11.027124818144996, "n_waypoints_completed": 9, "tot_waypoints": 9}}
{"target": -180.82633189952398, "params": {"k_pid_pos": [1.4698128353043505, 0.024859491386256316, 0.11401919133455096], "k_pid_alt": [1.2679502233621702, 0.0, 0.1], "k_pid_att": [43.948176657889235, 3.7802132718527557, 0.9274604585040267], "k_pid_yaw": [0.5, 1e-06, 0.1], "k_pid_hsp": [1.0, 0.01, 0.01], "k_pid_vsp": [111.20884264032553, 93.09285943774285, 1.0]}, "datetime": {"datetime": "2025-08-20 15:28:45", "elapsed": 12979.736460447311, "delta": 16.44841718673706}, "costs": {"total_cost": 180.82633189952398, "time_cost": 68.456, "final_distance_cost": 1.8129035550535026, "oscillation_cost": 37.19502557670047, "completition_cost": 0.0, "overshoot_cost": 50.071586228309805, "power_cost": 12.12881405029297, "noise_cost": 11.162002489167234, "n_waypoints_completed": 9, "tot_waypoints": 9}}
{"target": -180.82633189952398, "params": {"k_pid_pos": [1.4698128353043505, 0.024859491386256316, 0.11401919133455096], "k_pid_alt": [1.2679502233621702, 0.0, 0.1], "k_pid_att": [43.948176657889235, 3.7802132718527557, 0.9274604585040267], "k_pid_yaw": [0.5, 1e-06, 0.1], "k_pid_hsp": [1.0, 0.01, 0.01], "k_pid_vsp": [111.20884264032553, 93.09285943774285, 1.0]}, "datetime": {"datetime": "2025-08-20 15:29:01", "elapsed": 12995.58688735962, "delta": 15.85042691230774}, "costs": {"total_cost": 180.82633189952398, "time_cost": 68.456, "final_distance_cost": 1.8129035550535026, "oscillation_cost": 37.19502557670047, "completition_cost": 0.0, "overshoot_cost": 50.071586228309805, "power_cost": 12.12881405029297, "noise_cost": 11.162002489167234, "n_waypoints_completed": 9, "tot_waypoints": 9}}
{"target": -180.82633189952398, "params": {"k_pid_pos": [1.4698128353043505, 0.024859491386256316, 0.11401919133455096], "k_pid_alt": [1.2679502233621702, 0.0, 0.1], "k_pid_att": [43.948176657889235, 3.7802132718527557, 0.9274604585040267], "k_pid_yaw": [0.5, 1e-06, 0.1], "k_pid_hsp": [1.0, 0.01, 0.01], "k_pid_vsp": [111.20884264032553, 93.09285943774285, 1.0]}, "datetime": {"datetime": "2025-08-20 15:29:17", "elapsed": 13012.28797864914, "delta": 16.701091289520264}, "costs": {"total_cost": 180.82633189952398, "time_cost": 68.456, "final_distance_cost": 1.8129035550535026, "oscillation_cost": 37.19502557670047, "completition_cost": 0.0, "overshoot_cost": 50.071586228309805, "power_cost": 12.12881405029297, "noise_cost": 11.162002489167234, "n_waypoints_completed": 9, "tot_waypoints": 9}}
{"target": -206.09634215594923, "params": {"k_pid_pos": [1.4698128353043505, 0.024859491386256316, 0.11401919133455096], "k_pid_alt": [1.2679502233621702, 0.0, 0.1], "k_pid_att": [43.948176657889235, 3.7802132718527557, 0.9274604585040267], "k_pid_yaw": [0.5, 1e-06, 0.1], "k_pid_hsp": [1.0, 0.8488329397889457, 0.01], "k_pid_vsp": [111.20884264032553, 93.09285943774285, 1.0]}, "datetime": {"datetime": "2025-08-20 15:29:37", "elapsed": 13031.955405950546, "delta": 19.66742730140686}, "costs": {"total_cost": 206.09634215594923, "time_cost": 69.768, "final_distance_cost": 1.814706443705122, "oscillation_cost": 57.89190486550791, "completition_cost": 0.0, "overshoot_cost": 51.85617838009335, "power_cost": 12.955693994140626, "noise_cost": 11.80985847250222, "n_waypoints_completed": 9, "tot_waypoints": 9}}
{"target": -254.33715524263224, "params": {"k_pid_pos": [1.4999912498542303, 0.024859491386256316, 0.06327155149462471], "k_pid_alt": [0.00748485669809007, 0.5227355787719067, 0.1], "k_pid_att": [33.41589308538913, 3.7802132718527557, 0.9274604585040267], "k_pid_yaw": [0.5, 1e-06, 0.1], "k_pid_hsp": [3.022941925987454, 0.01, 0.01], "k_pid_vsp": [111.20884264032553, 93.09285943774285, 1.0]}, "datetime": {"datetime": "2025-08-20 15:30:02", "elapsed": 13056.623402118683, "delta": 24.667996168136597}, "costs": {"total_cost": 254.33715524263224, "time_cost": 99.70400000000001, "final_distance_cost": 1.7682142919658819, "oscillation_cost": 57.06760839543651, "completition_cost": 0.0, "overshoot_cost": 64.22493910948637, "power_cost": 16.808804724121096, "noise_cost": 14.763588721622362, "n_waypoints_completed": 9, "tot_waypoints": 9}}
{"target": -910.5941578587141, "params": {"k_pid_pos": [1.4698128353043505, 0.024859491386256316, 0.11401919133455096], "k_pid_alt": [1.2679502233621702, 0.0, 0.1], "k_pid_att": [43.948176657889235, 3.7802132718527557, 0.9274604585040267], "k_pid_yaw": [0.5, 1e-06, 0.1], "k_pid_hsp": [1.0, 0.01, 0.01], "k_pid_vsp": [111.20884264032553, 93.09285943774285, 162.04732428172272]}, "datetime": {"datetime": "2025-08-20 15:30:26", "elapsed": 13080.507716417313, "delta": 23.88431429862976}, "costs": {"total_cost": 910.5941578587141, "time_cost": 150, "final_distance_cost": 44.27347233884565, "oscillation_cost": 46.86201950296437, "completition_cost": 555.5555555555555, "overshoot_cost": 67.53219073224469, "power_cost": 24.287373083496096, "noise_cost": 22.08354664560786, "n_waypoints_completed": 4, "tot_waypoints": 9}}
{"target": -180.82633189952398, "params": {"k_pid_pos": [1.4698128353043505, 0.024859491386256316, 0.11401919133455096], "k_pid_alt": [1.2679502233621702, 0.0, 0.1], "k_pid_att": [43.948176657889235, 3.7802132718527557, 0.9274604585040267], "k_pid_yaw": [0.5, 1e-06, 0.1], "k_pid_hsp": [1.0, 0.01, 0.01], "k_pid_vsp": [111.20884264032553, 93.09285943774285, 1.0]}, "datetime": {"datetime": "2025-08-20 15:30:41", "elapsed": 13096.086061477661, "delta": 15.57834506034851}, "costs": {"total_cost": 180.82633189952398, "time_cost": 68.456, "final_distance_cost": 1.8129035550535026, "oscillation_cost": 37.19502557670047, "completition_cost": 0.0, "overshoot_cost": 50.071586228309805, "power_cost": 12.12881405029297, "noise_cost": 11.162002489167234, "n_waypoints_completed": 9, "tot_waypoints": 9}}
