{"target": -190.82192327020775, "params": {"k_pid_pos": [0.7352486228235602, 0.0822904257601288, 0.11242249713100771], "k_pid_alt": [1.0453735240084545, 0.0, 0.1], "k_pid_att": [43.948176657889235, 1.326856224425946, 0.9808211468183533], "k_pid_yaw": [0.5, 1e-06, 0.1], "k_pid_hsp": [2.82373402557605, 0.01, 0.01], "k_pid_vsp": [111.20884264032553, 102.7157397860675, 1.0]}, "datetime": {"datetime": "2025-08-20 23:18:04", "elapsed": 41139.403334617615, "delta": 19.886882781982422}, "costs": {"total_cost": 190.82192327020775, "time_cost": 75.272, "final_distance_cost": 1.8310760875960022, "oscillation_cost": 38.83450413161298, "completition_cost": 0.0, "overshoot_cost": 50.300714069805444, "power_cost": 12.360596911621094, "noise_cost": 12.223032069572222, "n_waypoints_completed": 9, "tot_waypoints": 9}}
{"target": -195.81151348973333, "params": {"k_pid_pos": [1.4698128353043505, 0.0822904257601288, 0.3434561031905483], "k_pid_alt": [1.2679502233621702, 0.33778499575459064, 0.1], "k_pid_att": [43.948176657889235, 1.326856224425946, 0.9808211468183533], "k_pid_yaw": [0.5, 1e-06, 0.1], "k_pid_hsp": [2.82373402557605, 0.01, 0.01], "k_pid_vsp": [246.19246811454866, 102.7157397860675, 1.0]}, "datetime": {"datetime": "2025-08-20 23:18:21", "elapsed": 41156.010367393494, "delta": 16.607032775878906}, "costs": {"total_cost": 195.81151348973333, "time_cost": 76.56, "final_distance_cost": 1.7305202556326824, "oscillation_cost": 43.0392514591479, "completition_cost": 0.0, "overshoot_cost": 51.04511111337442, "power_cost": 12.0911521484375, "noise_cost": 11.34547851314084, "n_waypoints_completed": 9, "tot_waypoints": 9}}
{"target": -1080.5317190129276, "params": {"k_pid_pos": [1.4698128353043505, 0.0822904257601288, 0.37258641482387045], "k_pid_alt": [1.2679502233621702, 0.0, 0.3157032531275451], "k_pid_att": [9.14477148846079, 1.4171773283956124, 0.9808211468183533], "k_pid_yaw": [0.5, 1e-06, 0.1], "k_pid_hsp": [2.82373402557605, 0.30087628819501033, 0.01], "k_pid_vsp": [111.20884264032553, 102.7157397860675, 374.50565937352724]}, "datetime": {"datetime": "2025-08-20 23:18:45", "elapsed": 41179.77848601341, "delta": 23.768118619918823}, "costs": {"total_cost": 1080.5317190129276, "time_cost": 150, "final_distance_cost": 73.96214623833416, "oscillation_cost": 43.4473146052772, "completition_cost": 666.6666666666667, "overshoot_cost": 114.8888186609195, "power_cost": 15.699464025878907, "noise_cost": 15.867308815851171, "n_waypoints_completed": 3, "tot_waypoints": 9}}
{"target": -184.09909935101416, "params": {"k_pid_pos": [1.4698128353043505, 0.0822904257601288, 0.3434561031905483], "k_pid_alt": [1.2679502233621702, 0.0, 0.1], "k_pid_att": [43.948176657889235, 1.326856224425946, 0.9808211468183533], "k_pid_yaw": [0.5, 1e-06, 0.1], "k_pid_hsp": [5.304349714991353, 0.01, 0.01], "k_pid_vsp": [111.20884264032553, 102.7157397860675, 1.0]}, "datetime": {"datetime": "2025-08-20 23:19:01", "elapsed": 41196.29795694351, "delta": 16.519470930099487}, "costs": {"total_cost": 184.09909935101416, "time_cost": 69.16, "final_distance_cost": 1.8348300926036214, "oscillation_cost": 40.64611539732343, "completition_cost": 0.0, "overshoot_cost": 49.867251243121046, "power_cost": 11.424542028808593, "noise_cost": 11.166360589157467, "n_waypoints_completed": 9, "tot_waypoints": 9}}
{"target": -181.98064325525297, "params": {"k_pid_pos": [1.4698128353043505, 0.0822904257601288, 0.11242249713100771], "k_pid_alt": [1.2679502233621702, 0.0, 0.1], "k_pid_att": [43.948176657889235, 1.326856224425946, 0.9808211468183533], "k_pid_yaw": [0.5, 1e-06, 0.1], "k_pid_hsp": [2.82373402557605, 0.01, 0.01], "k_pid_vsp": [111.20884264032553, 102.7157397860675, 1.0]}, "datetime": {"datetime": "2025-08-20 23:19:16", "elapsed": 41211.415506362915, "delta": 15.117549419403076}, "costs": {"total_cost": 181.98064325525297, "time_cost": 68.752, "final_distance_cost": 1.8058418131880916, "oscillation_cost": 38.908349556692656, "completition_cost": 0.0, "overshoot_cost": 50.120039330951, "power_cost": 11.47061629638672, "noise_cost": 10.923796258034502, "n_waypoints_completed": 9, "tot_waypoints": 9}}
{"target": -1181.388080666756, "params": {"k_pid_pos": [1.852513309051038, 0.0822904257601288, 0.3434561031905483], "k_pid_alt": [1.2679502233621702, 0.0, 0.1], "k_pid_att": [9.353998950407705, 1.2169696906303682, 0.9808211468183533], "k_pid_yaw": [0.5, 1e-06, 0.1], "k_pid_hsp": [0.960324752385412, 0.5949294650139106, 0.01], "k_pid_vsp": [103.0527854068954, 102.7157397860675, 318.4235488048135]}, "datetime": {"datetime": "2025-08-20 23:19:40", "elapsed": 41234.83888435364, "delta": 23.423377990722656}, "costs": {"total_cost": 1181.388080666756, "time_cost": 150, "final_distance_cost": 70.6941519215306, "oscillation_cost": 55.01263021260356, "completition_cost": 777.7777777777778, "overshoot_cost": 86.49876722918958, "power_cost": 20.182613061523437, "noise_cost": 21.22214046413117, "n_waypoints_completed": 2, "tot_waypoints": 9}}
{"target": -200.87169899369442, "params": {"k_pid_pos": [1.4698128353043505, 0.0822904257601288, 0.6517181013494654], "k_pid_alt": [0.8737548644081292, 0.0, 0.7467085957769766], "k_pid_att": [7.172912009148735, 2.771467938851939, 0.9808211468183533], "k_pid_yaw": [0.5, 1e-06, 0.1], "k_pid_hsp": [5.296481641933337, 0.01, 0.01], "k_pid_vsp": [111.20884264032553, 102.7157397860675, 1.0]}, "datetime": {"datetime": "2025-08-20 23:19:56", "elapsed": 41251.4906167984, "delta": 16.651732444763184}, "costs": {"total_cost": 200.87169899369442, "time_cost": 76.57600000000001, "final_distance_cost": 1.8480832231806097, "oscillation_cost": 47.730113662914135, "completition_cost": 0.0, "overshoot_cost": 50.182700652947105, "power_cost": 12.686601770019532, "noise_cost": 11.848199684633032, "n_waypoints_completed": 9, "tot_waypoints": 9}}
{"target": -228.3301531837334, "params": {"k_pid_pos": [1.2048953097984418, 0.5931963056508585, 0.3434561031905483], "k_pid_alt": [1.2679502233621702, 0.283916503034339, 0.5245075356624515], "k_pid_att": [43.948176657889235, 1.326856224425946, 0.9808211468183533], "k_pid_yaw": [0.5, 1e-06, 0.1], "k_pid_hsp": [3.962162460232154, 0.6112953616398312, 0.01], "k_pid_vsp": [111.20884264032553, 102.7157397860675, 1.0]}, "datetime": {"datetime": "2025-08-20 23:20:19", "elapsed": 41274.32724547386, "delta": 22.836628675460815}, "costs": {"total_cost": 228.3301531837334, "time_cost": 94.992, "final_distance_cost": 1.7371856227447693, "oscillation_cost": 49.66464768276539, "completition_cost": 0.0, "overshoot_cost": 52.233034081437886, "power_cost": 15.543197412109375, "noise_cost": 14.160088384675971, "n_waypoints_completed": 9, "tot_waypoints": 9}}
{"target": -177.60937995499717, "params": {"k_pid_pos": [1.4698128353043505, 0.0822904257601288, 0.3434561031905483], "k_pid_alt": [1.2679502233621702, 0.0, 0.1], "k_pid_att": [43.948176657889235, 1.326856224425946, 0.9808211468183533], "k_pid_yaw": [0.5, 1e-06, 0.1], "k_pid_hsp": [2.82373402557605, 0.01, 0.01], "k_pid_vsp": [111.20884264032553, 102.7157397860675, 1.0]}, "datetime": {"datetime": "2025-08-20 23:20:36", "elapsed": 41290.67029118538, "delta": 16.343045711517334}, "costs": {"total_cost": 177.60937995499717, "time_cost": 69.168, "final_distance_cost": 1.8236531971998164, "oscillation_cost": 34.65964045638309, "completition_cost": 0.0, "overshoot_cost": 49.90985172465229, "power_cost": 11.13902373046875, "noise_cost": 10.909210846293195, "n_waypoints_completed": 9, "tot_waypoints": 9}}
{"target": -363.38719989831316, "params": {"k_pid_pos": [1.4698128353043505, 0.0822904257601288, 0.3434561031905483], "k_pid_alt": [0.8427743855844962, 0.0, 0.6418891260112738], "k_pid_att": [43.948176657889235, 8.164782527102767, 0.9808211468183533], "k_pid_yaw": [0.5, 1e-06, 0.1], "k_pid_hsp": [8.33097044068181, 0.01, 0.5288320268426359], "k_pid_vsp": [111.20884264032553, 102.7157397860675, 1.0]}, "datetime": {"datetime": "2025-08-20 23:20:54", "elapsed": 41308.96348953247, "delta": 18.293198347091675}, "costs": {"total_cost": 363.38719989831316, "time_cost": 82.712, "final_distance_cost": 1.818252020520578, "oscillation_cost": 197.5334915549076, "completition_cost": 0.0, "overshoot_cost": 51.54913050291794, "power_cost": 16.104213525390627, "noise_cost": 13.670112294576413, "n_waypoints_completed": 9, "tot_waypoints": 9}}
{"target": -177.60937995499717, "params": {"k_pid_pos": [1.4698128353043505, 0.0822904257601288, 0.3434561031905483], "k_pid_alt": [1.2679502233621702, 0.0, 0.1], "k_pid_att": [43.948176657889235, 1.326856224425946, 0.9808211468183533], "k_pid_yaw": [0.5, 1e-06, 0.1], "k_pid_hsp": [2.82373402557605, 0.01, 0.01], "k_pid_vsp": [111.20884264032553, 102.7157397860675, 1.0]}, "datetime": {"datetime": "2025-08-20 23:21:11", "elapsed": 41326.05370378494, "delta": 17.090214252471924}, "costs": {"total_cost": 177.60937995499717, "time_cost": 69.168, "final_distance_cost": 1.8236531971998164, "oscillation_cost": 34.65964045638309, "completition_cost": 0.0, "overshoot_cost": 49.90985172465229, "power_cost": 11.13902373046875, "noise_cost": 10.909210846293195, "n_waypoints_completed": 9, "tot_waypoints": 9}}
{"target": -182.80453574604095, "params": {"k_pid_pos": [1.7462825225507939, 0.0822904257601288, 0.3434561031905483], "k_pid_alt": [1.2679502233621702, 0.0, 0.1], "k_pid_att": [43.948176657889235, 1.326856224425946, 0.9808211468183533], "k_pid_yaw": [0.5, 1e-06, 0.1], "k_pid_hsp": [2.82373402557605, 0.01, 0.01], "k_pid_vsp": [111.20884264032553, 102.7157397860675, 1.0]}, "datetime": {"datetime": "2025-08-20 23:21:27", "elapsed": 41341.640649318695, "delta": 15.586945533752441}, "costs": {"total_cost": 182.80453574604095, "time_cost": 68.76, "final_distance_cost": 1.77390132992952, "oscillation_cost": 39.72745608990331, "completition_cost": 0.0, "overshoot_cost": 50.24319479539303, "power_cost": 11.389333947753906, "noise_cost": 10.910649583061195, "n_waypoints_completed": 9, "tot_waypoints": 9}}
{"target": -381.1388908517249, "params": {"k_pid_pos": [0.9681700889391018, 0.0822904257601288, 0.3434561031905483], "k_pid_alt": [1.2679502233621702, 0.0, 0.9040352588026142], "k_pid_att": [87.98611429478062, 1.326856224425946, 0.9808211468183533], "k_pid_yaw": [0.5, 1e-06, 0.1], "k_pid_hsp": [2.82373402557605, 0.01, 0.26260478885128147], "k_pid_vsp": [194.71633074675339, 132.26915185465117, 91.54544093732527]}, "datetime": {"datetime": "2025-08-20 23:21:45", "elapsed": 41359.590552806854, "delta": 17.94990348815918}, "costs": {"total_cost": 381.1388908517249, "time_cost": 77.06400000000001, "final_distance_cost": 1.839163794880762, "oscillation_cost": 220.34137995244606, "completition_cost": 0.0, "overshoot_cost": 51.69692986574528, "power_cost": 17.002077185058596, "noise_cost": 13.195340053594222, "n_waypoints_completed": 9, "tot_waypoints": 9}}
{"target": -707.9652469791819, "params": {"k_pid_pos": [1.4698128353043505, 0.0822904257601288, 0.3434561031905483], "k_pid_alt": [1.2679502233621702, 0.0, 0.1], "k_pid_att": [43.948176657889235, 1.326856224425946, 0.9808211468183533], "k_pid_yaw": [0.5, 1e-06, 0.1], "k_pid_hsp": [2.82373402557605, 0.01, 0.01], "k_pid_vsp": [181.85752007040014, 102.7157397860675, 207.66992582546064]}, "datetime": {"datetime": "2025-08-20 23:22:08", "elapsed": 41383.4400575161, "delta": 23.849504709243774}, "costs": {"total_cost": 707.9652469791819, "time_cost": 150, "final_distance_cost": 60.55879274354228, "oscillation_cost": 54.87712418211147, "completition_cost": 333.33333333333337, "overshoot_cost": 62.85506600684838, "power_cost": 27.112641711425784, "noise_cost": 19.22828900192064, "n_waypoints_completed": 6, "tot_waypoints": 9}}
{"target": -200.3322699836331, "params": {"k_pid_pos": [1.4698128353043505, 0.0822904257601288, 0.3434561031905483], "k_pid_alt": [0.8737548644081292, 0.0, 0.7800110002169149], "k_pid_att": [7.172912009148735, 2.771467938851939, 0.9808211468183533], "k_pid_yaw": [0.5, 1e-06, 0.1], "k_pid_hsp": [2.82373402557605, 0.01, 0.01], "k_pid_vsp": [111.20884264032553, 102.7157397860675, 1.0]}, "datetime": {"datetime": "2025-08-20 23:22:27", "elapsed": 41401.70078635216, "delta": 18.26072883605957}, "costs": {"total_cost": 200.3322699836331, "time_cost": 76.328, "final_distance_cost": 1.8513467198925264, "oscillation_cost": 46.379738764688256, "completition_cost": 0.0, "overshoot_cost": 49.76943741327689, "power_cost": 13.859279602050782, "noise_cost": 12.144467483724647, "n_waypoints_completed": 9, "tot_waypoints": 9}}
{"target": -974.7697232193874, "params": {"k_pid_pos": [1.4698128353043505, 0.0822904257601288, 0.3434561031905483], "k_pid_alt": [0.10928085779795627, 0.0, 0.1], "k_pid_att": [2.443726797750978, 1.326856224425946, 0.9808211468183533], "k_pid_yaw": [0.5, 1e-06, 0.1], "k_pid_hsp": [2.82373402557605, 0.01, 0.01], "k_pid_vsp": [111.20884264032553, 102.7157397860675, 1.0]}, "datetime": {"datetime": "2025-08-20 23:22:50", "elapsed": 41424.541046381, "delta": 22.84026002883911}, "costs": {"total_cost": 974.7697232193874, "time_cost": 150, "final_distance_cost": 53.23609681426038, "oscillation_cost": 33.1150884044623, "completition_cost": 666.6666666666667, "overshoot_cost": 41.597366317060334, "power_cost": 15.998697631835938, "noise_cost": 14.155807385101667, "n_waypoints_completed": 3, "tot_waypoints": 9}}
{"target": -177.60937995499717, "params": {"k_pid_pos": [1.4698128353043505, 0.0822904257601288, 0.3434561031905483], "k_pid_alt": [1.2679502233621702, 0.0, 0.1], "k_pid_att": [43.948176657889235, 1.326856224425946, 0.9808211468183533], "k_pid_yaw": [0.5, 1e-06, 0.1], "k_pid_hsp": [2.82373402557605, 0.01, 0.01], "k_pid_vsp": [111.20884264032553, 102.7157397860675, 1.0]}, "datetime": {"datetime": "2025-08-20 23:23:07", "elapsed": 41441.72205209732, "delta": 17.181005716323853}, "costs": {"total_cost": 177.60937995499717, "time_cost": 69.168, "final_distance_cost": 1.8236531971998164, "oscillation_cost": 34.65964045638309, "completition_cost": 0.0, "overshoot_cost": 49.90985172465229, "power_cost": 11.13902373046875, "noise_cost": 10.909210846293195, "n_waypoints_completed": 9, "tot_waypoints": 9}}
{"target": -177.60937995499717, "params": {"k_pid_pos": [1.4698128353043505, 0.0822904257601288, 0.3434561031905483], "k_pid_alt": [1.2679502233621702, 0.0, 0.1], "k_pid_att": [43.948176657889235, 1.326856224425946, 0.9808211468183533], "k_pid_yaw": [0.5, 1e-06, 0.1], "k_pid_hsp": [2.82373402557605, 0.01, 0.01], "k_pid_vsp": [111.20884264032553, 102.7157397860675, 1.0]}, "datetime": {"datetime": "2025-08-20 23:23:22", "elapsed": 41456.71578335762, "delta": 14.993731260299683}, "costs": {"total_cost": 177.60937995499717, "time_cost": 69.168, "final_distance_cost": 1.8236531971998164, "oscillation_cost": 34.65964045638309, "completition_cost": 0.0, "overshoot_cost": 49.90985172465229, "power_cost": 11.13902373046875, "noise_cost": 10.909210846293195, "n_waypoints_completed": 9, "tot_waypoints": 9}}
{"target": -177.60937995499717, "params": {"k_pid_pos": [1.4698128353043505, 0.0822904257601288, 0.3434561031905483], "k_pid_alt": [1.2679502233621702, 0.0, 0.1], "k_pid_att": [43.948176657889235, 1.326856224425946, 0.9808211468183533], "k_pid_yaw": [0.5, 1e-06, 0.1], "k_pid_hsp": [2.82373402557605, 0.01, 0.01], "k_pid_vsp": [111.20884264032553, 102.7157397860675, 1.0]}, "datetime": {"datetime": "2025-08-20 23:23:39", "elapsed": 41473.775598526, "delta": 17.059815168380737}, "costs": {"total_cost": 177.60937995499717, "time_cost": 69.168, "final_distance_cost": 1.8236531971998164, "oscillation_cost": 34.65964045638309, "completition_cost": 0.0, "overshoot_cost": 49.90985172465229, "power_cost": 11.13902373046875, "noise_cost": 10.909210846293195, "n_waypoints_completed": 9, "tot_waypoints": 9}}
{"target": -188.1245280189829, "params": {"k_pid_pos": [1.4698128353043505, 0.07739255916577548, 0.4590198317865567], "k_pid_alt": [0.8253384436805415, 0.0, 0.1], "k_pid_att": [9.353998950407705, 1.2169696906303682, 0.9808211468183533], "k_pid_yaw": [0.5, 1e-06, 0.1], "k_pid_hsp": [2.82373402557605, 0.01, 0.01], "k_pid_vsp": [383.97622601200516, 102.7157397860675, 1.0]}, "datetime": {"datetime": "2025-08-20 23:23:55", "elapsed": 41490.21129488945, "delta": 16.435696363449097}, "costs": {"total_cost": 188.1245280189829, "time_cost": 71.432, "final_distance_cost": 1.8272763578901396, "oscillation_cost": 39.611426561646454, "completition_cost": 0.0, "overshoot_cost": 50.52562535465526, "power_cost": 13.040804577636719, "noise_cost": 11.687395167154298, "n_waypoints_completed": 9, "tot_waypoints": 9}}
{"target": -198.1147944201041, "params": {"k_pid_pos": [1.4698128353043505, 0.0822904257601288, 0.3434561031905483], "k_pid_alt": [1.2679502233621702, 0.2537110980346592, 0.006412899439814712], "k_pid_att": [43.948176657889235, 1.326856224425946, 0.9808211468183533], "k_pid_yaw": [0.5, 1e-06, 0.1], "k_pid_hsp": [2.82373402557605, 0.01, 0.01], "k_pid_vsp": [111.20884264032553, 102.7157397860675, 1.0]}, "datetime": {"datetime": "2025-08-20 23:24:14", "elapsed": 41508.92220664024, "delta": 18.710911750793457}, "costs": {"total_cost": 198.1147944201041, "time_cost": 78.024, "final_distance_cost": 1.7645261795521445, "oscillation_cost": 43.47574394781523, "completition_cost": 0.0, "overshoot_cost": 50.90088477722683, "power_cost": 12.413352050781251, "noise_cost": 11.536287464728636, "n_waypoints_completed": 9, "tot_waypoints": 9}}
{"target": -177.60937995499717, "params": {"k_pid_pos": [1.4698128353043505, 0.0822904257601288, 0.3434561031905483], "k_pid_alt": [1.2679502233621702, 0.0, 0.1], "k_pid_att": [43.948176657889235, 1.326856224425946, 0.9808211468183533], "k_pid_yaw": [0.5, 1e-06, 0.1], "k_pid_hsp": [2.82373402557605, 0.01, 0.01], "k_pid_vsp": [111.20884264032553, 102.7157397860675, 1.0]}, "datetime": {"datetime": "2025-08-20 23:24:31", "elapsed": 41526.19697356224, "delta": 17.27476692199707}, "costs": {"total_cost": 177.60937995499717, "time_cost": 69.168, "final_distance_cost": 1.8236531971998164, "oscillation_cost": 34.65964045638309, "completition_cost": 0.0, "overshoot_cost": 49.90985172465229, "power_cost": 11.13902373046875, "noise_cost": 10.909210846293195, "n_waypoints_completed": 9, "tot_waypoints": 9}}
{"target": -570.5516088060134, "params": {"k_pid_pos": [1.4698128353043505, 0.0822904257601288, 0.3434561031905483], "k_pid_alt": [1.2679502233621702, 0.33778499575459064, 0.1], "k_pid_att": [43.948176657889235, 1.326856224425946, 0.9808211468183533], "k_pid_yaw": [0.5, 1e-06, 0.1], "k_pid_hsp": [2.82373402557605, 0.01, 0.780469804098397], "k_pid_vsp": [246.19246811454866, 345.4388820344691, 1.0]}, "datetime": {"datetime": "2025-08-20 23:24:53", "elapsed": 41548.15779089928, "delta": 21.960817337036133}, "costs": {"total_cost": 570.5516088060134, "time_cost": 150, "final_distance_cost": 35.771354172548975, "oscillation_cost": 183.83206058079293, "completition_cost": 111.11111111111116, "overshoot_cost": 53.69955894372454, "power_cost": 20.0206986328125, "noise_cost": 16.116825365023416, "n_waypoints_completed": 8, "tot_waypoints": 9}}
{"target": -182.5485574845906, "params": {"k_pid_pos": [1.4698128353043505, 0.0822904257601288, 0.3434561031905483], "k_pid_alt": [1.2679502233621702, 0.0, 0.1], "k_pid_att": [43.948176657889235, 1.326856224425946, 0.9808211468183533], "k_pid_yaw": [0.5, 1e-06, 0.1], "k_pid_hsp": [2.82373402557605, 0.40551902945836993, 0.01], "k_pid_vsp": [218.5283772298115, 102.7157397860675, 1.0]}, "datetime": {"datetime": "2025-08-20 23:25:11", "elapsed": 41566.09578895569, "delta": 17.937998056411743}, "costs": {"total_cost": 182.5485574845906, "time_cost": 69.0, "final_distance_cost": 1.826893044531637, "oscillation_cost": 39.823010753705596, "completition_cost": 0.0, "overshoot_cost": 49.47180234842442, "power_cost": 11.462447961425783, "noise_cost": 10.964403376503117, "n_waypoints_completed": 9, "tot_waypoints": 9}}
{"target": -177.60937995499717, "params": {"k_pid_pos": [1.4698128353043505, 0.0822904257601288, 0.3434561031905483], "k_pid_alt": [1.2679502233621702, 0.0, 0.1], "k_pid_att": [43.948176657889235, 1.326856224425946, 0.9808211468183533], "k_pid_yaw": [0.5, 1e-06, 0.1], "k_pid_hsp": [2.82373402557605, 0.01, 0.01], "k_pid_vsp": [111.20884264032553, 102.7157397860675, 1.0]}, "datetime": {"datetime": "2025-08-20 23:25:26", "elapsed": 41581.01034808159, "delta": 14.914559125900269}, "costs": {"total_cost": 177.60937995499717, "time_cost": 69.168, "final_distance_cost": 1.8236531971998164, "oscillation_cost": 34.65964045638309, "completition_cost": 0.0, "overshoot_cost": 49.90985172465229, "power_cost": 11.13902373046875, "noise_cost": 10.909210846293195, "n_waypoints_completed": 9, "tot_waypoints": 9}}
{"target": -183.21458102049422, "params": {"k_pid_pos": [1.4698128353043505, 0.07739255916577548, 0.4590198317865567], "k_pid_alt": [0.8253384436805415, 0.0, 0.1], "k_pid_att": [9.353998950407705, 1.2169696906303682, 0.9808211468183533], "k_pid_yaw": [0.5, 1e-06, 0.1], "k_pid_hsp": [2.82373402557605, 0.01, 0.01], "k_pid_vsp": [111.20884264032553, 102.7157397860675, 1.0]}, "datetime": {"datetime": "2025-08-20 23:25:43", "elapsed": 41597.60437178612, "delta": 16.59402370452881}, "costs": {"total_cost": 183.21458102049422, "time_cost": 71.19200000000001, "final_distance_cost": 1.818141613428697, "oscillation_cost": 37.408041879503784, "completition_cost": 0.0, "overshoot_cost": 50.046387607748464, "power_cost": 11.649985009765626, "noise_cost": 11.100024910047633, "n_waypoints_completed": 9, "tot_waypoints": 9}}
