{"target": -178.26694439441454, "params": {"k_pid_pos": [1.4698128353043505, 0.0822904257601288, 0.3434561031905483], "k_pid_alt": [1.2679502233621702, 0.0, 0.1], "k_pid_att": [23.08752834258585, 4.077532668255645, 0.9808211468183533], "k_pid_yaw": [0.5, 1e-06, 0.1], "k_pid_hsp": [2.82373402557605, 0.01, 0.01], "k_pid_vsp": [111.20884264032553, 102.7157397860675, 1.0]}, "datetime": {"datetime": "2025-08-20 22:08:26", "elapsed": 36960.87245178223, "delta": 14.786439180374146}, "costs": {"total_cost": 178.26694439441454, "time_cost": 69.152, "final_distance_cost": 1.8180258026276088, "oscillation_cost": 35.293259520145355, "completition_cost": 0.0, "overshoot_cost": 49.8714590122637, "power_cost": 11.181107153320314, "noise_cost": 10.951092906057573, "n_waypoints_completed": 9, "tot_waypoints": 9}}
{"target": -186.89113963392856, "params": {"k_pid_pos": [1.4698128353043505, 0.0822904257601288, 0.5271164669865139], "k_pid_alt": [1.2679502233621702, 0.0, 0.5933646034205271], "k_pid_att": [43.948176657889235, 1.326856224425946, 0.9808211468183533], "k_pid_yaw": [0.5, 1e-06, 0.1], "k_pid_hsp": [2.957956300852597, 0.01, 0.01], "k_pid_vsp": [111.20884264032553, 102.7157397860675, 1.0]}, "datetime": {"datetime": "2025-08-20 22:08:43", "elapsed": 36978.113716840744, "delta": 17.241265058517456}, "costs": {"total_cost": 186.89113963392856, "time_cost": 71.328, "final_distance_cost": 1.8375845091945664, "oscillation_cost": 40.204758918207595, "completition_cost": 0.0, "overshoot_cost": 50.38691151337908, "power_cost": 11.741960424804688, "noise_cost": 11.391924268342631, "n_waypoints_completed": 9, "tot_waypoints": 9}}
{"target": -183.43443135791648, "params": {"k_pid_pos": [1.1837130645794225, 0.0822904257601288, 0.3434561031905483], "k_pid_alt": [1.688733796848813, 0.0, 0.5780287087253008], "k_pid_att": [43.948176657889235, 2.8711836120640575, 0.9808211468183533], "k_pid_yaw": [0.5, 1e-06, 0.1], "k_pid_hsp": [2.82373402557605, 0.01, 0.01], "k_pid_vsp": [111.20884264032553, 102.7157397860675, 1.0]}, "datetime": {"datetime": "2025-08-20 22:08:58", "elapsed": 36993.16889214516, "delta": 15.055175304412842}, "costs": {"total_cost": 183.43443135791648, "time_cost": 70.496, "final_distance_cost": 1.841940791268199, "oscillation_cost": 37.749910313328265, "completition_cost": 0.0, "overshoot_cost": 50.01477495033539, "power_cost": 11.879642126464844, "noise_cost": 11.45216317651978, "n_waypoints_completed": 9, "tot_waypoints": 9}}
{"target": -1076.8907760232994, "params": {"k_pid_pos": [1.4698128353043505, 0.0822904257601288, 0.3434561031905483], "k_pid_alt": [1.2679502233621702, 0.0, 0.1], "k_pid_att": [43.948176657889235, 1.326856224425946, 0.9808211468183533], "k_pid_yaw": [0.5, 1e-06, 0.1], "k_pid_hsp": [2.82373402557605, 0.01, 0.01], "k_pid_vsp": [111.20884264032553, 102.7157397860675, 283.7614298093312]}, "datetime": {"datetime": "2025-08-20 22:09:22", "elapsed": 37016.85690546036, "delta": 23.688013315200806}, "costs": {"total_cost": 1076.8907760232994, "time_cost": 150, "final_distance_cost": 76.47193868944014, "oscillation_cost": 44.28046816888544, "completition_cost": 666.6666666666667, "overshoot_cost": 103.3992482074574, "power_cost": 17.739707739257813, "noise_cost": 18.332746551591878, "n_waypoints_completed": 3, "tot_waypoints": 9}}
{"target": -177.60937995499717, "params": {"k_pid_pos": [1.4698128353043505, 0.0822904257601288, 0.3434561031905483], "k_pid_alt": [1.2679502233621702, 0.0, 0.1], "k_pid_att": [43.948176657889235, 1.326856224425946, 0.9808211468183533], "k_pid_yaw": [0.5, 1e-06, 0.1], "k_pid_hsp": [2.82373402557605, 0.01, 0.01], "k_pid_vsp": [111.20884264032553, 102.7157397860675, 1.0]}, "datetime": {"datetime": "2025-08-20 22:09:38", "elapsed": 37032.98905849457, "delta": 16.132153034210205}, "costs": {"total_cost": 177.60937995499717, "time_cost": 69.168, "final_distance_cost": 1.8236531971998164, "oscillation_cost": 34.65964045638309, "completition_cost": 0.0, "overshoot_cost": 49.90985172465229, "power_cost": 11.13902373046875, "noise_cost": 10.909210846293195, "n_waypoints_completed": 9, "tot_waypoints": 9}}
{"target": -178.02126286146733, "params": {"k_pid_pos": [1.4698128353043505, 0.0822904257601288, 0.3434561031905483], "k_pid_alt": [1.2679502233621702, 0.0, 0.1], "k_pid_att": [43.948176657889235, 9.874008014726847, 0.9808211468183533], "k_pid_yaw": [0.5, 1e-06, 0.1], "k_pid_hsp": [2.82373402557605, 0.01, 0.01], "k_pid_vsp": [111.20884264032553, 102.7157397860675, 1.0]}, "datetime": {"datetime": "2025-08-20 22:09:53", "elapsed": 37048.023312568665, "delta": 15.03425407409668}, "costs": {"total_cost": 178.02126286146733, "time_cost": 69.168, "final_distance_cost": 1.808229609441145, "oscillation_cost": 34.83196673947084, "completition_cost": 0.0, "overshoot_cost": 50.02761487145939, "power_cost": 11.160244653320314, "noise_cost": 11.025206987775615, "n_waypoints_completed": 9, "tot_waypoints": 9}}
{"target": -177.60937995499717, "params": {"k_pid_pos": [1.4698128353043505, 0.0822904257601288, 0.3434561031905483], "k_pid_alt": [1.2679502233621702, 0.0, 0.1], "k_pid_att": [43.948176657889235, 1.326856224425946, 0.9808211468183533], "k_pid_yaw": [0.5, 1e-06, 0.1], "k_pid_hsp": [2.82373402557605, 0.01, 0.01], "k_pid_vsp": [111.20884264032553, 102.7157397860675, 1.0]}, "datetime": {"datetime": "2025-08-20 22:10:10", "elapsed": 37064.517062187195, "delta": 16.493749618530273}, "costs": {"total_cost": 177.60937995499717, "time_cost": 69.168, "final_distance_cost": 1.8236531971998164, "oscillation_cost": 34.65964045638309, "completition_cost": 0.0, "overshoot_cost": 49.90985172465229, "power_cost": 11.13902373046875, "noise_cost": 10.909210846293195, "n_waypoints_completed": 9, "tot_waypoints": 9}}
{"target": -195.23649643070223, "params": {"k_pid_pos": [1.4698128353043505, 0.0822904257601288, 0.3434561031905483], "k_pid_alt": [1.2679502233621702, 0.4149186621504757, 0.1], "k_pid_att": [43.948176657889235, 1.326856224425946, 0.9808211468183533], "k_pid_yaw": [0.5, 1e-06, 0.1], "k_pid_hsp": [2.82373402557605, 0.01, 0.01], "k_pid_vsp": [205.46647479918613, 102.7157397860675, 1.0]}, "datetime": {"datetime": "2025-08-20 22:10:26", "elapsed": 37080.666857242584, "delta": 16.149795055389404}, "costs": {"total_cost": 195.23649643070223, "time_cost": 75.736, "final_distance_cost": 1.7350663908769244, "oscillation_cost": 42.98933453311208, "completition_cost": 0.0, "overshoot_cost": 51.37490126424053, "power_cost": 12.080502038574219, "noise_cost": 11.32069220389849, "n_waypoints_completed": 9, "tot_waypoints": 9}}
{"target": -187.54983822564466, "params": {"k_pid_pos": [1.4698128353043505, 0.41226481905908063, 0.3434561031905483], "k_pid_alt": [1.2679502233621702, 0.0, 0.1], "k_pid_att": [43.948176657889235, 1.326856224425946, 0.9808211468183533], "k_pid_yaw": [0.5, 1e-06, 0.1], "k_pid_hsp": [2.82373402557605, 0.01, 0.01], "k_pid_vsp": [339.77333032584096, 102.7157397860675, 1.0]}, "datetime": {"datetime": "2025-08-20 22:10:43", "elapsed": 37098.20377087593, "delta": 17.536913633346558}, "costs": {"total_cost": 187.54983822564466, "time_cost": 73.608, "final_distance_cost": 1.7421709600746915, "oscillation_cost": 36.32180794251059, "completition_cost": 0.0, "overshoot_cost": 52.16554077512812, "power_cost": 12.167535900878907, "noise_cost": 11.544782647052369, "n_waypoints_completed": 9, "tot_waypoints": 9}}
{"target": -360.89616750929844, "params": {"k_pid_pos": [1.4698128353043505, 0.0822904257601288, 0.3434561031905483], "k_pid_alt": [1.2679502233621702, 0.0, 0.1], "k_pid_att": [72.04073384860645, 1.4953935029224072, 0.332604625203343], "k_pid_yaw": [0.5, 1e-06, 0.1], "k_pid_hsp": [2.82373402557605, 0.9682737338557164, 0.6712446444139886], "k_pid_vsp": [119.32291780727789, 163.66429167332532, 117.19951970595275]}, "datetime": {"datetime": "2025-08-20 22:11:02", "elapsed": 37117.105164289474, "delta": 18.9013934135437}, "costs": {"total_cost": 360.89616750929844, "time_cost": 87.208, "final_distance_cost": 1.7930470323005463, "oscillation_cost": 178.27589240475655, "completition_cost": 0.0, "overshoot_cost": 60.27591342696645, "power_cost": 18.99501776123047, "noise_cost": 14.348296884044409, "n_waypoints_completed": 9, "tot_waypoints": 9}}
{"target": -177.60937995499717, "params": {"k_pid_pos": [1.4698128353043505, 0.0822904257601288, 0.3434561031905483], "k_pid_alt": [1.2679502233621702, 0.0, 0.1], "k_pid_att": [43.948176657889235, 1.326856224425946, 0.9808211468183533], "k_pid_yaw": [0.5, 1e-06, 0.1], "k_pid_hsp": [2.82373402557605, 0.01, 0.01], "k_pid_vsp": [111.20884264032553, 102.7157397860675, 1.0]}, "datetime": {"datetime": "2025-08-20 22:11:20", "elapsed": 37135.33196306229, "delta": 18.22679877281189}, "costs": {"total_cost": 177.60937995499717, "time_cost": 69.168, "final_distance_cost": 1.8236531971998164, "oscillation_cost": 34.65964045638309, "completition_cost": 0.0, "overshoot_cost": 49.90985172465229, "power_cost": 11.13902373046875, "noise_cost": 10.909210846293195, "n_waypoints_completed": 9, "tot_waypoints": 9}}
{"target": -177.60937995499717, "params": {"k_pid_pos": [1.4698128353043505, 0.0822904257601288, 0.3434561031905483], "k_pid_alt": [1.2679502233621702, 0.0, 0.1], "k_pid_att": [43.948176657889235, 1.326856224425946, 0.9808211468183533], "k_pid_yaw": [0.5, 1e-06, 0.1], "k_pid_hsp": [2.82373402557605, 0.01, 0.01], "k_pid_vsp": [111.20884264032553, 102.7157397860675, 1.0]}, "datetime": {"datetime": "2025-08-20 22:11:35", "elapsed": 37150.22436141968, "delta": 14.892398357391357}, "costs": {"total_cost": 177.60937995499717, "time_cost": 69.168, "final_distance_cost": 1.8236531971998164, "oscillation_cost": 34.65964045638309, "completition_cost": 0.0, "overshoot_cost": 49.90985172465229, "power_cost": 11.13902373046875, "noise_cost": 10.909210846293195, "n_waypoints_completed": 9, "tot_waypoints": 9}}
{"target": -177.60937995499717, "params": {"k_pid_pos": [1.4698128353043505, 0.0822904257601288, 0.3434561031905483], "k_pid_alt": [1.2679502233621702, 0.0, 0.1], "k_pid_att": [43.948176657889235, 1.326856224425946, 0.9808211468183533], "k_pid_yaw": [0.5, 1e-06, 0.1], "k_pid_hsp": [2.82373402557605, 0.01, 0.01], "k_pid_vsp": [111.20884264032553, 102.7157397860675, 1.0]}, "datetime": {"datetime": "2025-08-20 22:11:52", "elapsed": 37166.65214276314, "delta": 16.427781343460083}, "costs": {"total_cost": 177.60937995499717, "time_cost": 69.168, "final_distance_cost": 1.8236531971998164, "oscillation_cost": 34.65964045638309, "completition_cost": 0.0, "overshoot_cost": 49.90985172465229, "power_cost": 11.13902373046875, "noise_cost": 10.909210846293195, "n_waypoints_completed": 9, "tot_waypoints": 9}}
{"target": -211.79642613174127, "params": {"k_pid_pos": [0.6766360078800605, 0.0822904257601288, 0.3434561031905483], "k_pid_alt": [1.2679502233621702, 0.9190004771393835, 0.1], "k_pid_att": [43.948176657889235, 9.874008014726847, 0.9808211468183533], "k_pid_yaw": [0.5, 1e-06, 0.1], "k_pid_hsp": [2.82373402557605, 0.01, 0.01], "k_pid_vsp": [387.81499297641176, 102.7157397860675, 1.0]}, "datetime": {"datetime": "2025-08-20 22:12:10", "elapsed": 37185.07336449623, "delta": 18.42122173309326}, "costs": {"total_cost": 211.79642613174127, "time_cost": 85.328, "final_distance_cost": 1.7847814912441775, "oscillation_cost": 43.72085061495993, "completition_cost": 0.0, "overshoot_cost": 54.678035047587585, "power_cost": 13.8661458984375, "noise_cost": 12.418613079512093, "n_waypoints_completed": 9, "tot_waypoints": 9}}
{"target": -204.33698527656728, "params": {"k_pid_pos": [1.4698128353043505, 0.0822904257601288, 0.3434561031905483], "k_pid_alt": [1.2679502233621702, 0.25318577007700516, 0.1], "k_pid_att": [23.08752834258585, 4.077532668255645, 0.9808211468183533], "k_pid_yaw": [0.5, 1e-06, 0.1], "k_pid_hsp": [2.82373402557605, 0.01, 0.01], "k_pid_vsp": [111.20884264032553, 102.7157397860675, 1.0]}, "datetime": {"datetime": "2025-08-20 22:12:32", "elapsed": 37206.6275434494, "delta": 21.554178953170776}, "costs": {"total_cost": 204.33698527656728, "time_cost": 79.584, "final_distance_cost": 1.7897976348158613, "oscillation_cost": 47.03406615168463, "completition_cost": 0.0, "overshoot_cost": 50.723024763353706, "power_cost": 13.208450695800781, "noise_cost": 11.997646030912266, "n_waypoints_completed": 9, "tot_waypoints": 9}}
{"target": -183.8949248520059, "params": {"k_pid_pos": [1.4698128353043505, 0.0822904257601288, 0.3434561031905483], "k_pid_alt": [1.2679502233621702, 0.0, 0.1], "k_pid_att": [43.948176657889235, 4.2484062323494, 0.9808211468183533], "k_pid_yaw": [0.5, 1e-06, 0.1], "k_pid_hsp": [2.82373402557605, 0.45355930965991464, 0.01], "k_pid_vsp": [111.20884264032553, 118.24276490396839, 1.0]}, "datetime": {"datetime": "2025-08-20 22:12:47", "elapsed": 37221.6784055233, "delta": 15.050862073898315}, "costs": {"total_cost": 183.8949248520059, "time_cost": 68.768, "final_distance_cost": 1.8329288949327167, "oscillation_cost": 41.125314929642116, "completition_cost": 0.0, "overshoot_cost": 49.81200713542837, "power_cost": 11.420714953613281, "noise_cost": 10.935958938389419, "n_waypoints_completed": 9, "tot_waypoints": 9}}
{"target": -183.43443135791648, "params": {"k_pid_pos": [1.1837130645794225, 0.0822904257601288, 0.3434561031905483], "k_pid_alt": [1.688733796848813, 0.0, 0.5780287087253008], "k_pid_att": [43.948176657889235, 2.8711836120640575, 0.9808211468183533], "k_pid_yaw": [0.5, 1e-06, 0.1], "k_pid_hsp": [2.82373402557605, 0.01, 0.01], "k_pid_vsp": [111.20884264032553, 102.7157397860675, 1.0]}, "datetime": {"datetime": "2025-08-20 22:13:04", "elapsed": 37238.85060429573, "delta": 17.17219877243042}, "costs": {"total_cost": 183.43443135791648, "time_cost": 70.496, "final_distance_cost": 1.841940791268199, "oscillation_cost": 37.749910313328265, "completition_cost": 0.0, "overshoot_cost": 50.01477495033539, "power_cost": 11.879642126464844, "noise_cost": 11.45216317651978, "n_waypoints_completed": 9, "tot_waypoints": 9}}
{"target": -180.99760351774395, "params": {"k_pid_pos": [1.4698128353043505, 0.0822904257601288, 0.3434561031905483], "k_pid_alt": [1.2679502233621702, 0.0, 0.1], "k_pid_att": [43.948176657889235, 1.326856224425946, 0.9808211468183533], "k_pid_yaw": [0.5, 1e-06, 0.1], "k_pid_hsp": [2.82373402557605, 0.01, 0.01], "k_pid_vsp": [25.602684686128807, 102.7157397860675, 1.0]}, "datetime": {"datetime": "2025-08-20 22:13:19", "elapsed": 37254.489809036255, "delta": 15.639204740524292}, "costs": {"total_cost": 180.99760351774395, "time_cost": 68.848, "final_distance_cost": 1.7988770906346458, "oscillation_cost": 37.80956219733112, "completition_cost": 0.0, "overshoot_cost": 49.63478529723755, "power_cost": 11.897135498046875, "noise_cost": 11.009243434493767, "n_waypoints_completed": 9, "tot_waypoints": 9}}
{"target": -200.8713740747574, "params": {"k_pid_pos": [1.4698128353043505, 0.0822904257601288, 0.9753488518740228], "k_pid_alt": [0.4752955706577131, 0.0, 0.1], "k_pid_att": [43.948176657889235, 1.326856224425946, 0.9808211468183533], "k_pid_yaw": [0.5, 1e-06, 0.1], "k_pid_hsp": [2.82373402557605, 0.8648168268977217, 0.01], "k_pid_vsp": [111.20884264032553, 102.7157397860675, 1.0]}, "datetime": {"datetime": "2025-08-20 22:13:39", "elapsed": 37273.57575559616, "delta": 19.085946559906006}, "costs": {"total_cost": 200.8713740747574, "time_cost": 81.112, "final_distance_cost": 1.8552937305858337, "oscillation_cost": 42.68912604308336, "completition_cost": 0.0, "overshoot_cost": 50.114735605706926, "power_cost": 12.827623779296875, "noise_cost": 12.272594916084381, "n_waypoints_completed": 9, "tot_waypoints": 9}}
{"target": -177.60937995499717, "params": {"k_pid_pos": [1.4698128353043505, 0.0822904257601288, 0.3434561031905483], "k_pid_alt": [1.2679502233621702, 0.0, 0.1], "k_pid_att": [43.948176657889235, 1.326856224425946, 0.9808211468183533], "k_pid_yaw": [0.5, 1e-06, 0.1], "k_pid_hsp": [2.82373402557605, 0.01, 0.01], "k_pid_vsp": [111.20884264032553, 102.7157397860675, 1.0]}, "datetime": {"datetime": "2025-08-20 22:13:53", "elapsed": 37288.454795598984, "delta": 14.879040002822876}, "costs": {"total_cost": 177.60937995499717, "time_cost": 69.168, "final_distance_cost": 1.8236531971998164, "oscillation_cost": 34.65964045638309, "completition_cost": 0.0, "overshoot_cost": 49.90985172465229, "power_cost": 11.13902373046875, "noise_cost": 10.909210846293195, "n_waypoints_completed": 9, "tot_waypoints": 9}}
{"target": -186.85351452863827, "params": {"k_pid_pos": [1.4698128353043505, 0.0822904257601288, 0.3434561031905483], "k_pid_alt": [1.2679502233621702, 0.0, 0.1], "k_pid_att": [43.948176657889235, 1.326856224425946, 0.3208883335954925], "k_pid_yaw": [0.5, 1e-06, 0.1], "k_pid_hsp": [2.82373402557605, 0.01, 0.01], "k_pid_vsp": [111.20884264032553, 102.7157397860675, 1.0]}, "datetime": {"datetime": "2025-08-20 22:14:10", "elapsed": 37305.40642237663, "delta": 16.951626777648926}, "costs": {"total_cost": 186.85351452863827, "time_cost": 69.232, "final_distance_cost": 1.8250606096181436, "oscillation_cost": 42.5183405158581, "completition_cost": 0.0, "overshoot_cost": 50.309360293015146, "power_cost": 11.785956689453126, "noise_cost": 11.182796420693755, "n_waypoints_completed": 9, "tot_waypoints": 9}}
{"target": -1085.9784355892007, "params": {"k_pid_pos": [1.4698128353043505, 0.0822904257601288, 0.3434561031905483], "k_pid_alt": [1.2679502233621702, 0.12522842473991602, 0.1], "k_pid_att": [43.948176657889235, 1.326856224425946, 0.9808211468183533], "k_pid_yaw": [0.5, 1e-06, 0.1], "k_pid_hsp": [2.82373402557605, 0.01, 0.01], "k_pid_vsp": [111.20884264032553, 102.7157397860675, 278.9618327909841]}, "datetime": {"datetime": "2025-08-20 22:14:33", "elapsed": 37327.940230846405, "delta": 22.53380846977234}, "costs": {"total_cost": 1085.9784355892007, "time_cost": 150, "final_distance_cost": 75.63439127936003, "oscillation_cost": 42.4683151869635, "completition_cost": 666.6666666666667, "overshoot_cost": 102.68748410353295, "power_cost": 25.716627758789063, "noise_cost": 22.804950593888105, "n_waypoints_completed": 3, "tot_waypoints": 9}}
{"target": -179.13469636012746, "params": {"k_pid_pos": [1.4698128353043505, 0.0822904257601288, 0.3434561031905483], "k_pid_alt": [1.2679502233621702, 0.0, 0.1], "k_pid_att": [43.948176657889235, 7.7877181803899305, 0.9808211468183533], "k_pid_yaw": [0.5, 1e-06, 0.1], "k_pid_hsp": [2.82373402557605, 0.01, 0.01], "k_pid_vsp": [111.20884264032553, 102.7157397860675, 1.0]}, "datetime": {"datetime": "2025-08-20 22:14:51", "elapsed": 37346.295731306076, "delta": 18.35550045967102}, "costs": {"total_cost": 179.13469636012746, "time_cost": 69.128, "final_distance_cost": 1.8180755956396901, "oscillation_cost": 35.95398645226839, "completition_cost": 0.0, "overshoot_cost": 49.7502141576434, "power_cost": 11.412841601562501, "noise_cost": 11.071578553013488, "n_waypoints_completed": 9, "tot_waypoints": 9}}
{"target": -187.75210287375077, "params": {"k_pid_pos": [1.402943601129983, 0.0822904257601288, 0.3434561031905483], "k_pid_alt": [1.2679502233621702, 0.0, 0.1], "k_pid_att": [9.14477148846079, 1.326856224425946, 0.9808211468183533], "k_pid_yaw": [0.5, 1e-06, 0.1], "k_pid_hsp": [2.82373402557605, 0.918910454481374, 0.01], "k_pid_vsp": [111.20884264032553, 102.7157397860675, 1.0]}, "datetime": {"datetime": "2025-08-20 22:15:06", "elapsed": 37360.89118552208, "delta": 14.595454216003418}, "costs": {"total_cost": 187.75210287375077, "time_cost": 68.512, "final_distance_cost": 1.8170835855456464, "oscillation_cost": 44.760408845808115, "completition_cost": 0.0, "overshoot_cost": 49.85752044438052, "power_cost": 11.819493237304687, "noise_cost": 10.985596760711797, "n_waypoints_completed": 9, "tot_waypoints": 9}}
{"target": -184.8831852159147, "params": {"k_pid_pos": [1.4698128353043505, 0.024859491386256316, 0.3434561031905483], "k_pid_alt": [1.5873271883648092, 0.0, 0.7458075116847572], "k_pid_att": [43.948176657889235, 1.326856224425946, 0.9808211468183533], "k_pid_yaw": [0.5, 1e-06, 0.1], "k_pid_hsp": [2.82373402557605, 0.01, 0.01], "k_pid_vsp": [111.20884264032553, 1.6985791875978455, 1.0]}, "datetime": {"datetime": "2025-08-20 22:15:23", "elapsed": 37378.04125356674, "delta": 17.150068044662476}, "costs": {"total_cost": 184.8831852159147, "time_cost": 71.528, "final_distance_cost": 1.8196711980809768, "oscillation_cost": 37.32551490862177, "completition_cost": 0.0, "overshoot_cost": 51.34923814364555, "power_cost": 11.508543859863282, "noise_cost": 11.352217105703087, "n_waypoints_completed": 9, "tot_waypoints": 9}}
{"target": -186.47837100406926, "params": {"k_pid_pos": [1.1837130645794225, 0.0822904257601288, 0.3434561031905483], "k_pid_alt": [1.688733796848813, 0.0, 0.41195016711788457], "k_pid_att": [43.948176657889235, 3.907559788299492, 0.9274604585040267], "k_pid_yaw": [0.5, 1e-06, 0.1], "k_pid_hsp": [2.82373402557605, 0.8931988642486959, 0.01], "k_pid_vsp": [111.20884264032553, 102.7157397860675, 1.0]}, "datetime": {"datetime": "2025-08-20 22:15:38", "elapsed": 37393.00200724602, "delta": 14.960753679275513}, "costs": {"total_cost": 186.47837100406926, "time_cost": 69.424, "final_distance_cost": 1.8407248857122793, "oscillation_cost": 42.98375376275676, "completition_cost": 0.0, "overshoot_cost": 49.69631098148636, "power_cost": 11.339443835449218, "noise_cost": 11.194137538664624, "n_waypoints_completed": 9, "tot_waypoints": 9}}
