{"target": -1151.2080441942117, "params": {"k_pid_pos": [1.4698128353043505, 0.024859491386256316, 0.11401919133455096], "k_pid_alt": [1.2679502233621702, 0.0, 0.1576465649121419], "k_pid_att": [52.781640202125004, 1.0, 0.9274604585040267], "k_pid_yaw": [0.5, 1e-06, 0.1], "k_pid_hsp": [1.0, 0.01, 0.01], "k_pid_vsp": [42.24848860435038, 93.09285943774285, 119.24761092908695]}, "datetime": {"datetime": "2025-08-20 14:41:54", "elapsed": 10169.32685136795, "delta": 27.969545125961304}, "costs": {"total_cost": 1151.2080441942117, "time_cost": 150, "final_distance_cost": 78.52358448897279, "oscillation_cost": 36.59036729500232, "completition_cost": 777.7777777777778, "overshoot_cost": 73.41457970602465, "power_cost": 20.137442224121095, "noise_cost": 14.764292702312906, "n_waypoints_completed": 2, "tot_waypoints": 9}}
{"target": -856.2051642413207, "params": {"k_pid_pos": [0.06339719641167633, 0.25995968672490866, 0.11401919133455096], "k_pid_alt": [1.2679502233621702, 0.0, 0.1], "k_pid_att": [43.948176657889235, 3.7802132718527557, 0.9274604585040267], "k_pid_yaw": [0.5, 1e-06, 0.1], "k_pid_hsp": [1.0, 0.8275095098070258, 0.01], "k_pid_vsp": [154.63063811092618, 93.09285943774285, 1.0]}, "datetime": {"datetime": "2025-08-20 14:42:23", "elapsed": 10197.93041753769, "delta": 28.60356616973877}, "costs": {"total_cost": 856.2051642413207, "time_cost": 150, "final_distance_cost": 47.49185200041764, "oscillation_cost": 23.785696551136887, "completition_cost": 555.5555555555555, "overshoot_cost": 51.41485514489759, "power_cost": 14.413311450195312, "noise_cost": 13.54389353911773, "n_waypoints_completed": 4, "tot_waypoints": 9}}
{"target": -181.29560821270312, "params": {"k_pid_pos": [1.4698128353043505, 0.024859491386256316, 0.11401919133455096], "k_pid_alt": [1.2679502233621702, 0.0, 0.1], "k_pid_att": [43.948176657889235, 0.0889010446451618, 0.9274604585040267], "k_pid_yaw": [0.5, 1e-06, 0.1], "k_pid_hsp": [1.0, 0.01, 0.01], "k_pid_vsp": [179.49655965827282, 93.09285943774285, 1.0]}, "datetime": {"datetime": "2025-08-20 14:42:41", "elapsed": 10215.700739383698, "delta": 17.7703218460083}, "costs": {"total_cost": 181.29560821270312, "time_cost": 68.656, "final_distance_cost": 1.7901149823033207, "oscillation_cost": 37.49001134331452, "completition_cost": 0.0, "overshoot_cost": 50.2485852509763, "power_cost": 11.984322314453125, "noise_cost": 11.126574321655857, "n_waypoints_completed": 9, "tot_waypoints": 9}}
{"target": -180.82633189952398, "params": {"k_pid_pos": [1.4698128353043505, 0.024859491386256316, 0.11401919133455096], "k_pid_alt": [1.2679502233621702, 0.0, 0.1], "k_pid_att": [43.948176657889235, 3.7802132718527557, 0.9274604585040267], "k_pid_yaw": [0.5, 1e-06, 0.1], "k_pid_hsp": [1.0, 0.01, 0.01], "k_pid_vsp": [111.20884264032553, 93.09285943774285, 1.0]}, "datetime": {"datetime": "2025-08-20 14:42:56", "elapsed": 10231.431888103485, "delta": 15.731148719787598}, "costs": {"total_cost": 180.82633189952398, "time_cost": 68.456, "final_distance_cost": 1.8129035550535026, "oscillation_cost": 37.19502557670047, "completition_cost": 0.0, "overshoot_cost": 50.071586228309805, "power_cost": 12.12881405029297, "noise_cost": 11.162002489167234, "n_waypoints_completed": 9, "tot_waypoints": 9}}
{"target": -181.17260354989486, "params": {"k_pid_pos": [1.4698128353043505, 0.024859491386256316, 0.11401919133455096], "k_pid_alt": [1.2679502233621702, 0.0, 0.1], "k_pid_att": [43.948176657889235, 1.109420231168994, 0.9274604585040267], "k_pid_yaw": [0.5, 1e-06, 0.1], "k_pid_hsp": [1.0, 0.01, 0.01], "k_pid_vsp": [105.92349492693351, 93.09285943774285, 1.0]}, "datetime": {"datetime": "2025-08-20 14:43:12", "elapsed": 10246.62977027893, "delta": 15.197882175445557}, "costs": {"total_cost": 181.17260354989486, "time_cost": 68.504, "final_distance_cost": 1.7836191273021302, "oscillation_cost": 37.36817261231832, "completition_cost": 0.0, "overshoot_cost": 50.21957240584758, "power_cost": 12.198213549804688, "noise_cost": 11.099025854622147, "n_waypoints_completed": 9, "tot_waypoints": 9}}
{"target": -180.82633189952398, "params": {"k_pid_pos": [1.4698128353043505, 0.024859491386256316, 0.11401919133455096], "k_pid_alt": [1.2679502233621702, 0.0, 0.1], "k_pid_att": [43.948176657889235, 3.7802132718527557, 0.9274604585040267], "k_pid_yaw": [0.5, 1e-06, 0.1], "k_pid_hsp": [1.0, 0.01, 0.01], "k_pid_vsp": [111.20884264032553, 93.09285943774285, 1.0]}, "datetime": {"datetime": "2025-08-20 14:43:26", "elapsed": 10261.298890829086, "delta": 14.66912055015564}, "costs": {"total_cost": 180.82633189952398, "time_cost": 68.456, "final_distance_cost": 1.8129035550535026, "oscillation_cost": 37.19502557670047, "completition_cost": 0.0, "overshoot_cost": 50.071586228309805, "power_cost": 12.12881405029297, "noise_cost": 11.162002489167234, "n_waypoints_completed": 9, "tot_waypoints": 9}}
{"target": -180.82633189952398, "params": {"k_pid_pos": [1.4698128353043505, 0.024859491386256316, 0.11401919133455096], "k_pid_alt": [1.2679502233621702, 0.0, 0.1], "k_pid_att": [43.948176657889235, 3.7802132718527557, 0.9274604585040267], "k_pid_yaw": [0.5, 1e-06, 0.1], "k_pid_hsp": [1.0, 0.01, 0.01], "k_pid_vsp": [111.20884264032553, 93.09285943774285, 1.0]}, "datetime": {"datetime": "2025-08-20 14:43:41", "elapsed": 10276.348085403442, "delta": 15.049194574356079}, "costs": {"total_cost": 180.82633189952398, "time_cost": 68.456, "final_distance_cost": 1.8129035550535026, "oscillation_cost": 37.19502557670047, "completition_cost": 0.0, "overshoot_cost": 50.071586228309805, "power_cost": 12.12881405029297, "noise_cost": 11.162002489167234, "n_waypoints_completed": 9, "tot_waypoints": 9}}
{"target": -180.82633189952398, "params": {"k_pid_pos": [1.4698128353043505, 0.024859491386256316, 0.11401919133455096], "k_pid_alt": [1.2679502233621702, 0.0, 0.1], "k_pid_att": [43.948176657889235, 3.7802132718527557, 0.9274604585040267], "k_pid_yaw": [0.5, 1e-06, 0.1], "k_pid_hsp": [1.0, 0.01, 0.01], "k_pid_vsp": [111.20884264032553, 93.09285943774285, 1.0]}, "datetime": {"datetime": "2025-08-20 14:43:57", "elapsed": 10291.560722112656, "delta": 15.212636709213257}, "costs": {"total_cost": 180.82633189952398, "time_cost": 68.456, "final_distance_cost": 1.8129035550535026, "oscillation_cost": 37.19502557670047, "completition_cost": 0.0, "overshoot_cost": 50.071586228309805, "power_cost": 12.12881405029297, "noise_cost": 11.162002489167234, "n_waypoints_completed": 9, "tot_waypoints": 9}}
{"target": -192.52117274109838, "params": {"k_pid_pos": [1.4698128353043505, 0.024859491386256316, 0.11401919133455096], "k_pid_alt": [1.2679502233621702, 0.0, 0.8348396761435622], "k_pid_att": [43.948176657889235, 3.7802132718527557, 0.03545872694893892], "k_pid_yaw": [0.5, 1e-06, 0.1], "k_pid_hsp": [1.0, 0.01, 0.01], "k_pid_vsp": [42.24848860435038, 93.09285943774285, 10.69915016599017]}, "datetime": {"datetime": "2025-08-20 14:44:12", "elapsed": 10307.029386281967, "delta": 15.468664169311523}, "costs": {"total_cost": 192.52117274109838, "time_cost": 71.168, "final_distance_cost": 1.8122907576446425, "oscillation_cost": 43.68230338024559, "completition_cost": 0.0, "overshoot_cost": 50.453049217627814, "power_cost": 14.016062561035158, "noise_cost": 11.389466824545167, "n_waypoints_completed": 9, "tot_waypoints": 9}}
{"target": -192.05995305478106, "params": {"k_pid_pos": [1.4698128353043505, 0.024859491386256316, 0.11401919133455096], "k_pid_alt": [1.2679502233621702, 0.0, 0.1], "k_pid_att": [43.948176657889235, 3.7802132718527557, 0.9274604585040267], "k_pid_yaw": [0.5, 1e-06, 0.1], "k_pid_hsp": [3.3560449345655647, 0.01, 0.01], "k_pid_vsp": [111.20884264032553, 93.09285943774285, 37.23086544794797]}, "datetime": {"datetime": "2025-08-20 14:44:27", "elapsed": 10321.961201429367, "delta": 14.931815147399902}, "costs": {"total_cost": 192.05995305478106, "time_cost": 68.416, "final_distance_cost": 1.811598229171906, "oscillation_cost": 47.53932534625213, "completition_cost": 0.0, "overshoot_cost": 50.11268983941635, "power_cost": 13.342787536621094, "noise_cost": 10.83755210331957, "n_waypoints_completed": 9, "tot_waypoints": 9}}
{"target": -182.90005187121332, "params": {"k_pid_pos": [1.3078103269235994, 0.024859491386256316, 0.11401919133455096], "k_pid_alt": [1.2679502233621702, 0.0, 0.1], "k_pid_att": [24.0942673894178, 1.0, 0.9274604585040267], "k_pid_yaw": [0.5, 1e-06, 0.1], "k_pid_hsp": [1.0, 0.01, 0.01], "k_pid_vsp": [111.20884264032553, 93.09285943774285, 1.0]}, "datetime": {"datetime": "2025-08-20 14:44:42", "elapsed": 10336.989807844162, "delta": 15.028606414794922}, "costs": {"total_cost": 182.90005187121332, "time_cost": 68.776, "final_distance_cost": 1.813727401043516, "oscillation_cost": 37.95420726294139, "completition_cost": 0.0, "overshoot_cost": 50.51193962430355, "power_cost": 12.516585351562501, "noise_cost": 11.327592231362363, "n_waypoints_completed": 9, "tot_waypoints": 9}}
{"target": -181.74049532208525, "params": {"k_pid_pos": [1.4698128353043505, 0.024859491386256316, 0.11401919133455096], "k_pid_alt": [1.2679502233621702, 0.0, 0.1], "k_pid_att": [43.948176657889235, 3.7802132718527557, 0.837110513405392], "k_pid_yaw": [0.5, 1e-06, 0.1], "k_pid_hsp": [1.0, 0.01, 0.01], "k_pid_vsp": [111.20884264032553, 93.09285943774285, 1.0]}, "datetime": {"datetime": "2025-08-20 14:44:57", "elapsed": 10352.33053779602, "delta": 15.34072995185852}, "costs": {"total_cost": 181.74049532208525, "time_cost": 68.488, "final_distance_cost": 1.7992112875756303, "oscillation_cost": 37.3911810123878, "completition_cost": 0.0, "overshoot_cost": 50.27052209686794, "power_cost": 12.521107824707032, "noise_cost": 11.270473100546836, "n_waypoints_completed": 9, "tot_waypoints": 9}}
{"target": -184.75505640067038, "params": {"k_pid_pos": [1.4698128353043505, 0.024859491386256316, 0.11401919133455096], "k_pid_alt": [1.2679502233621702, 0.0, 0.7341880218690575], "k_pid_att": [43.948176657889235, 3.7802132718527557, 0.6954414552103283], "k_pid_yaw": [0.5, 1e-06, 0.1], "k_pid_hsp": [1.0, 0.01, 0.01], "k_pid_vsp": [111.20884264032553, 93.09285943774285, 1.0]}, "datetime": {"datetime": "2025-08-20 14:45:13", "elapsed": 10367.699825525284, "delta": 15.369287729263306}, "costs": {"total_cost": 184.75505640067038, "time_cost": 70.68, "final_distance_cost": 1.8164233670870897, "oscillation_cost": 37.68125298652987, "completition_cost": 0.0, "overshoot_cost": 50.54502098173088, "power_cost": 12.689391137695313, "noise_cost": 11.34296792762722, "n_waypoints_completed": 9, "tot_waypoints": 9}}
{"target": -202.92790653859194, "params": {"k_pid_pos": [1.4698128353043505, 0.024859491386256316, 0.7180997852669284], "k_pid_alt": [0.6046773907049969, 0.0, 0.1], "k_pid_att": [43.948176657889235, 3.7802132718527557, 0.9274604585040267], "k_pid_yaw": [0.5, 1e-06, 0.1], "k_pid_hsp": [6.3710770224823925, 0.01, 0.01], "k_pid_vsp": [111.20884264032553, 93.09285943774285, 1.0]}, "datetime": {"datetime": "2025-08-20 14:45:29", "elapsed": 10384.48702955246, "delta": 16.787204027175903}, "costs": {"total_cost": 202.92790653859194, "time_cost": 76.208, "final_distance_cost": 1.8477542689173145, "oscillation_cost": 50.24964980197337, "completition_cost": 0.0, "overshoot_cost": 50.02779641279675, "power_cost": 12.621239270019531, "noise_cost": 11.973466784884938, "n_waypoints_completed": 9, "tot_waypoints": 9}}
{"target": -199.15858978184772, "params": {"k_pid_pos": [0.5692387081849184, 0.024859491386256316, 0.31939348815736834], "k_pid_alt": [1.2679502233621702, 0.0, 0.1], "k_pid_att": [43.948176657889235, 3.7802132718527557, 0.9274604585040267], "k_pid_yaw": [0.5, 1e-06, 0.1], "k_pid_hsp": [1.0, 0.1601774916667501, 0.01], "k_pid_vsp": [111.20884264032553, 93.09285943774285, 1.0]}, "datetime": {"datetime": "2025-08-20 14:45:48", "elapsed": 10402.927920103073, "delta": 18.440890550613403}, "costs": {"total_cost": 199.15858978184772, "time_cost": 83.104, "final_distance_cost": 1.8545848298732281, "oscillation_cost": 35.328672321592094, "completition_cost": 0.0, "overshoot_cost": 50.88710577984756, "power_cost": 13.909325256347657, "noise_cost": 14.0749015941872, "n_waypoints_completed": 9, "tot_waypoints": 9}}
{"target": -200.54264676243642, "params": {"k_pid_pos": [1.4698128353043505, 0.4270214819009781, 0.40092638265648595], "k_pid_alt": [1.2679502233621702, 0.0, 0.1], "k_pid_att": [43.948176657889235, 3.7802132718527557, 0.9274604585040267], "k_pid_yaw": [0.5, 1e-06, 0.1], "k_pid_hsp": [1.0, 0.01, 0.01], "k_pid_vsp": [111.20884264032553, 93.09285943774285, 1.0]}, "datetime": {"datetime": "2025-08-20 14:46:05", "elapsed": 10420.350081443787, "delta": 17.4221613407135}, "costs": {"total_cost": 200.54264676243642, "time_cost": 77.624, "final_distance_cost": 1.7955426677853354, "oscillation_cost": 43.342963328701195, "completition_cost": 0.0, "overshoot_cost": 50.953832616111676, "power_cost": 14.206124182128907, "noise_cost": 12.620183967709288, "n_waypoints_completed": 9, "tot_waypoints": 9}}
{"target": -1160.2025567180779, "params": {"k_pid_pos": [1.4999912498542303, 0.11906128738229915, 0.11401919133455096], "k_pid_alt": [1.3131013039922512, 0.0, 0.8432543631122329], "k_pid_att": [24.0942673894178, 1.0, 0.837110513405392], "k_pid_yaw": [0.5, 1e-06, 0.1], "k_pid_hsp": [1.0, 0.01, 0.01], "k_pid_vsp": [111.20884264032553, 93.09285943774285, 297.58217656473335]}, "datetime": {"datetime": "2025-08-20 14:46:27", "elapsed": 10442.294221162796, "delta": 21.9441397190094}, "costs": {"total_cost": 1160.2025567180779, "time_cost": 150, "final_distance_cost": 72.04683417252805, "oscillation_cost": 38.07951024351878, "completition_cost": 777.7777777777778, "overshoot_cost": 76.05328075957584, "power_cost": 27.517595178222656, "noise_cost": 18.727558586454702, "n_waypoints_completed": 2, "tot_waypoints": 9}}
{"target": -183.87692831297431, "params": {"k_pid_pos": [1.3078103269235994, 0.024859491386256316, 0.11401919133455096], "k_pid_alt": [1.2679502233621702, 0.0, 0.1], "k_pid_att": [43.948176657889235, 3.7802132718527557, 0.8257697299075593], "k_pid_yaw": [0.5, 1e-06, 0.1], "k_pid_hsp": [1.0, 0.01, 0.01], "k_pid_vsp": [111.20884264032553, 317.0669739011019, 1.0]}, "datetime": {"datetime": "2025-08-20 14:46:44", "elapsed": 10458.513881921768, "delta": 16.219660758972168}, "costs": {"total_cost": 183.87692831297431, "time_cost": 68.752, "final_distance_cost": 1.8169343344201652, "oscillation_cost": 39.33055864852447, "completition_cost": 0.0, "overshoot_cost": 50.4027015063952, "power_cost": 12.376164807128907, "noise_cost": 11.198569016505544, "n_waypoints_completed": 9, "tot_waypoints": 9}}
{"target": -206.36079984978153, "params": {"k_pid_pos": [1.4698128353043505, 0.024859491386256316, 0.11401919133455096], "k_pid_alt": [1.2679502233621702, 0.2529878781088879, 0.1576465649121419], "k_pid_att": [39.909449977216326, 1.0, 0.9274604585040267], "k_pid_yaw": [0.5, 1e-06, 0.1], "k_pid_hsp": [3.226465079465205, 0.029631885976391104, 0.01], "k_pid_vsp": [111.20884264032553, 93.09285943774285, 1.0]}, "datetime": {"datetime": "2025-08-20 14:47:02", "elapsed": 10477.215478420258, "delta": 18.70159649848938}, "costs": {"total_cost": 206.36079984978153, "time_cost": 79.368, "final_distance_cost": 1.7341196848165668, "oscillation_cost": 48.97721190638064, "completition_cost": 0.0, "overshoot_cost": 50.97159876041226, "power_cost": 13.288364843750001, "noise_cost": 12.021504654422067, "n_waypoints_completed": 9, "tot_waypoints": 9}}
{"target": -181.76982630377134, "params": {"k_pid_pos": [1.4999912498542303, 0.024859491386256316, 0.11401919133455096], "k_pid_alt": [1.2679502233621702, 0.0, 0.1], "k_pid_att": [43.948176657889235, 0.0889010446451618, 0.9274604585040267], "k_pid_yaw": [0.5, 1e-06, 0.1], "k_pid_hsp": [1.0, 0.01, 0.01], "k_pid_vsp": [179.49655965827282, 93.09285943774285, 1.0]}, "datetime": {"datetime": "2025-08-20 14:47:18", "elapsed": 10492.995854139328, "delta": 15.780375719070435}, "costs": {"total_cost": 181.76982630377134, "time_cost": 68.608, "final_distance_cost": 1.8126799778440343, "oscillation_cost": 38.00903128883084, "completition_cost": 0.0, "overshoot_cost": 50.49713495446033, "power_cost": 11.877283850097657, "noise_cost": 10.965696232538482, "n_waypoints_completed": 9, "tot_waypoints": 9}}
{"target": -1056.980469493966, "params": {"k_pid_pos": [1.4999912498542303, 0.11906128738229915, 0.8560330222059385], "k_pid_alt": [0.6270192127693479, 0.0, 0.1], "k_pid_att": [43.948176657889235, 3.7802132718527557, 0.3495979120577055], "k_pid_yaw": [0.5, 1e-06, 0.1], "k_pid_hsp": [1.0, 0.01, 0.01], "k_pid_vsp": [111.20884264032553, 93.09285943774285, 162.0962713214115]}, "datetime": {"datetime": "2025-08-20 14:47:41", "elapsed": 10515.961970329285, "delta": 22.966116189956665}, "costs": {"total_cost": 1056.980469493966, "time_cost": 150, "final_distance_cost": 83.98101462635272, "oscillation_cost": 46.06932074506258, "completition_cost": 666.6666666666667, "overshoot_cost": 89.303123229047, "power_cost": 10.86024862060547, "noise_cost": 10.100095606231324, "n_waypoints_completed": 3, "tot_waypoints": 9}}
{"target": -312.4342811462795, "params": {"k_pid_pos": [1.4698128353043505, 0.024859491386256316, 0.15990719972617584], "k_pid_alt": [1.2679502233621702, 0.0, 0.1], "k_pid_att": [43.948176657889235, 7.880595818058369, 0.9274604585040267], "k_pid_yaw": [0.5, 1e-06, 0.1], "k_pid_hsp": [1.0, 0.01, 0.465397660104255], "k_pid_vsp": [111.20884264032553, 93.09285943774285, 1.0]}, "datetime": {"datetime": "2025-08-20 14:47:58", "elapsed": 10533.123637199402, "delta": 17.161666870117188}, "costs": {"total_cost": 312.4342811462795, "time_cost": 75.2, "final_distance_cost": 1.788672695106908, "oscillation_cost": 155.42335396286103, "completition_cost": 0.0, "overshoot_cost": 51.69720281668444, "power_cost": 15.256181262207033, "noise_cost": 13.068870409420112, "n_waypoints_completed": 9, "tot_waypoints": 9}}
{"target": -186.40215001184043, "params": {"k_pid_pos": [1.4698128353043505, 0.024859491386256316, 0.11401919133455096], "k_pid_alt": [1.2679502233621702, 0.0, 0.1], "k_pid_att": [74.0360908705424, 0.0889010446451618, 0.9274604585040267], "k_pid_yaw": [0.5, 1e-06, 0.1], "k_pid_hsp": [3.226465079465205, 0.029631885976391104, 0.01], "k_pid_vsp": [14.740616244021254, 20.55210058569056, 1.0]}, "datetime": {"datetime": "2025-08-20 14:48:14", "elapsed": 10549.312727928162, "delta": 16.189090728759766}, "costs": {"total_cost": 186.40215001184043, "time_cost": 69.616, "final_distance_cost": 1.8122577521859504, "oscillation_cost": 40.825216545239165, "completition_cost": 0.0, "overshoot_cost": 51.52012097099408, "power_cost": 11.397087048339845, "noise_cost": 11.23146769508139, "n_waypoints_completed": 9, "tot_waypoints": 9}}
{"target": -193.11298222106637, "params": {"k_pid_pos": [1.8595400226050138, 0.37843933188781775, 0.11401919133455096], "k_pid_alt": [1.2679502233621702, 0.0, 0.1576465649121419], "k_pid_att": [39.909449977216326, 1.0, 0.9274604585040267], "k_pid_yaw": [0.5, 1e-06, 0.1], "k_pid_hsp": [0.04235883945842596, 0.01, 0.01], "k_pid_vsp": [179.49655965827282, 93.09285943774285, 1.0]}, "datetime": {"datetime": "2025-08-20 14:48:32", "elapsed": 10567.128665924072, "delta": 17.815937995910645}, "costs": {"total_cost": 193.11298222106637, "time_cost": 75.8, "final_distance_cost": 1.7571280299608094, "oscillation_cost": 33.70268954362479, "completition_cost": 0.0, "overshoot_cost": 55.67901072645165, "power_cost": 13.520171240234376, "noise_cost": 12.653982680794728, "n_waypoints_completed": 9, "tot_waypoints": 9}}
{"target": -181.603759337142, "params": {"k_pid_pos": [1.4698128353043505, 0.024859491386256316, 0.11401919133455096], "k_pid_alt": [1.2679502233621702, 0.0, 0.1], "k_pid_att": [43.948176657889235, 2.79325987156934, 0.9274604585040267], "k_pid_yaw": [0.5, 1e-06, 0.1], "k_pid_hsp": [1.0, 0.01, 0.01], "k_pid_vsp": [111.20884264032553, 93.09285943774285, 1.0]}, "datetime": {"datetime": "2025-08-20 14:48:48", "elapsed": 10582.608136177063, "delta": 15.479470252990723}, "costs": {"total_cost": 181.603759337142, "time_cost": 68.504, "final_distance_cost": 1.806850495924542, "oscillation_cost": 37.38541722746381, "completition_cost": 0.0, "overshoot_cost": 50.30160174490263, "power_cost": 12.406251977539062, "noise_cost": 11.199637891311953, "n_waypoints_completed": 9, "tot_waypoints": 9}}
{"target": -181.4021686109112, "params": {"k_pid_pos": [1.4698128353043505, 0.024859491386256316, 0.11401919133455096], "k_pid_alt": [1.394383142748206, 0.0, 0.1], "k_pid_att": [43.948176657889235, 1.109420231168994, 0.9274604585040267], "k_pid_yaw": [0.5, 1e-06, 0.1], "k_pid_hsp": [1.0, 0.01, 0.01], "k_pid_vsp": [105.92349492693351, 93.09285943774285, 1.0]}, "datetime": {"datetime": "2025-08-20 14:49:03", "elapsed": 10598.480375528336, "delta": 15.872239351272583}, "costs": {"total_cost": 181.4021686109112, "time_cost": 68.312, "final_distance_cost": 1.805346555428318, "oscillation_cost": 37.55503124966576, "completition_cost": 0.0, "overshoot_cost": 50.19086795227939, "power_cost": 12.35752860107422, "noise_cost": 11.181394252463495, "n_waypoints_completed": 9, "tot_waypoints": 9}}
{"target": -217.6365830675345, "params": {"k_pid_pos": [1.4698128353043505, 0.6294995922020511, 0.11401919133455096], "k_pid_alt": [1.2679502233621702, 0.0, 0.1], "k_pid_att": [43.948176657889235, 3.7802132718527557, 0.9274604585040267], "k_pid_yaw": [0.5, 1e-06, 0.1], "k_pid_hsp": [1.0, 0.01, 0.01], "k_pid_vsp": [111.20884264032553, 93.09285943774285, 1.0]}, "datetime": {"datetime": "2025-08-20 14:49:22", "elapsed": 10617.163452386856, "delta": 18.683076858520508}, "costs": {"total_cost": 217.6365830675345, "time_cost": 82.848, "final_distance_cost": 1.7042023678102827, "oscillation_cost": 49.80660270536194, "completition_cost": 0.0, "overshoot_cost": 53.685294555364734, "power_cost": 15.962563037109376, "noise_cost": 13.629920401888182, "n_waypoints_completed": 9, "tot_waypoints": 9}}
