{"target": -183.5887020522406, "params": {"k_pid_pos": [1.9475525933111357, 0.024859491386256316, 0.3434561031905483], "k_pid_alt": [1.2679502233621702, 0.0, 0.1], "k_pid_att": [43.948176657889235, 3.7802132718527557, 0.9274604585040267], "k_pid_yaw": [0.5, 1e-06, 0.1], "k_pid_hsp": [2.395389635608916, 0.01, 0.01], "k_pid_vsp": [315.6746539590211, 102.7157397860675, 1.0]}, "datetime": {"datetime": "2025-08-20 18:09:51", "elapsed": 22646.354429006577, "delta": 15.328515768051147}, "costs": {"total_cost": 183.5887020522406, "time_cost": 68.824, "final_distance_cost": 1.7646393055036609, "oscillation_cost": 40.548234144025734, "completition_cost": 0.0, "overshoot_cost": 50.222363164549535, "power_cost": 11.380817883300782, "noise_cost": 10.848647554860882, "n_waypoints_completed": 9, "tot_waypoints": 9}}
{"target": -183.83712275248666, "params": {"k_pid_pos": [1.3873324295523621, 0.024859491386256316, 0.5374545101912236], "k_pid_alt": [1.2547444455457333, 0.0, 0.2915903713486512], "k_pid_att": [43.948176657889235, 6.766944352677465, 0.9274604585040267], "k_pid_yaw": [0.5, 1e-06, 0.1], "k_pid_hsp": [2.801925256194032, 0.01, 0.01], "k_pid_vsp": [111.20884264032553, 205.38401218364257, 1.0]}, "datetime": {"datetime": "2025-08-20 18:10:07", "elapsed": 22661.743238687515, "delta": 15.38880968093872}, "costs": {"total_cost": 183.83712275248666, "time_cost": 70.88, "final_distance_cost": 1.8424794727694243, "oscillation_cost": 38.09379862790361, "completition_cost": 0.0, "overshoot_cost": 49.58466980243575, "power_cost": 11.88937412109375, "noise_cost": 11.546800728284152, "n_waypoints_completed": 9, "tot_waypoints": 9}}
{"target": -178.68955258574186, "params": {"k_pid_pos": [1.4698128353043505, 0.024859491386256316, 0.2662270978845458], "k_pid_alt": [1.2679502233621702, 0.0, 0.1], "k_pid_att": [43.948176657889235, 3.7802132718527557, 0.9274604585040267], "k_pid_yaw": [0.5, 1e-06, 0.1], "k_pid_hsp": [2.395389635608916, 0.01, 0.01], "k_pid_vsp": [110.56511661686339, 102.7157397860675, 1.0]}, "datetime": {"datetime": "2025-08-20 18:10:22", "elapsed": 22677.24739909172, "delta": 15.504160404205322}, "costs": {"total_cost": 178.68955258574186, "time_cost": 68.92, "final_distance_cost": 1.8212740937025527, "oscillation_cost": 35.72949926253249, "completition_cost": 0.0, "overshoot_cost": 49.95417545447319, "power_cost": 11.299898352050782, "noise_cost": 10.964705422982869, "n_waypoints_completed": 9, "tot_waypoints": 9}}
{"target": -178.70478725309496, "params": {"k_pid_pos": [1.4698128353043505, 0.024859491386256316, 0.3434561031905483], "k_pid_alt": [1.2679502233621702, 0.0, 0.1], "k_pid_att": [43.948176657889235, 3.7802132718527557, 0.9274604585040267], "k_pid_yaw": [0.5, 1e-06, 0.1], "k_pid_hsp": [2.395389635608916, 0.01, 0.01], "k_pid_vsp": [111.20884264032553, 102.7157397860675, 1.0]}, "datetime": {"datetime": "2025-08-20 18:10:38", "elapsed": 22692.598160505295, "delta": 15.350761413574219}, "costs": {"total_cost": 178.70478725309496, "time_cost": 69.12, "final_distance_cost": 1.8299338179061795, "oscillation_cost": 35.21687367722384, "completition_cost": 0.0, "overshoot_cost": 50.090394500534366, "power_cost": 11.321949291992189, "noise_cost": 11.125635965438402, "n_waypoints_completed": 9, "tot_waypoints": 9}}
{"target": -178.70478725309496, "params": {"k_pid_pos": [1.4698128353043505, 0.024859491386256316, 0.3434561031905483], "k_pid_alt": [1.2679502233621702, 0.0, 0.1], "k_pid_att": [43.948176657889235, 3.7802132718527557, 0.9274604585040267], "k_pid_yaw": [0.5, 1e-06, 0.1], "k_pid_hsp": [2.395389635608916, 0.01, 0.01], "k_pid_vsp": [111.20884264032553, 102.7157397860675, 1.0]}, "datetime": {"datetime": "2025-08-20 18:10:53", "elapsed": 22707.59185385704, "delta": 14.993693351745605}, "costs": {"total_cost": 178.70478725309496, "time_cost": 69.12, "final_distance_cost": 1.8299338179061795, "oscillation_cost": 35.21687367722384, "completition_cost": 0.0, "overshoot_cost": 50.090394500534366, "power_cost": 11.321949291992189, "noise_cost": 11.125635965438402, "n_waypoints_completed": 9, "tot_waypoints": 9}}
{"target": -181.01462245747607, "params": {"k_pid_pos": [1.4698128353043505, 0.024859491386256316, 0.2662270978845458], "k_pid_alt": [1.2679502233621702, 0.0, 0.1], "k_pid_att": [43.948176657889235, 5.859554809351448, 0.9274604585040267], "k_pid_yaw": [0.5, 1e-06, 0.1], "k_pid_hsp": [2.395389635608916, 0.01, 0.01], "k_pid_vsp": [264.9966777379314, 102.7157397860675, 1.0]}, "datetime": {"datetime": "2025-08-20 18:11:09", "elapsed": 22724.232328653336, "delta": 16.640474796295166}, "costs": {"total_cost": 181.01462245747607, "time_cost": 69.144, "final_distance_cost": 1.822335345182496, "oscillation_cost": 37.496664879878445, "completition_cost": 0.0, "overshoot_cost": 50.26051964265674, "power_cost": 11.260996252441407, "noise_cost": 11.03010633731699, "n_waypoints_completed": 9, "tot_waypoints": 9}}
{"target": -181.21226342112587, "params": {"k_pid_pos": [1.4698128353043505, 0.024859491386256316, 0.3434561031905483], "k_pid_alt": [1.2679502233621702, 0.0, 0.1], "k_pid_att": [43.948176657889235, 9.862826079085128, 0.9274604585040267], "k_pid_yaw": [0.5, 1e-06, 0.1], "k_pid_hsp": [2.395389635608916, 0.01, 0.01], "k_pid_vsp": [78.76564955932119, 102.7157397860675, 1.0]}, "datetime": {"datetime": "2025-08-20 18:11:24", "elapsed": 22738.876487970352, "delta": 14.644159317016602}, "costs": {"total_cost": 181.21226342112587, "time_cost": 69.032, "final_distance_cost": 1.824896004014284, "oscillation_cost": 37.22811494249088, "completition_cost": 0.0, "overshoot_cost": 49.93617144741154, "power_cost": 11.953705969238282, "noise_cost": 11.237375057970906, "n_waypoints_completed": 9, "tot_waypoints": 9}}
{"target": -223.62740283491266, "params": {"k_pid_pos": [1.4698128353043505, 0.024859491386256316, 0.3434561031905483], "k_pid_alt": [1.2679502233621702, 0.0, 0.2915903713486512], "k_pid_att": [29.46763110571006, 6.766944352677465, 0.73590781336997], "k_pid_yaw": [0.5, 1e-06, 0.1], "k_pid_hsp": [9.661409074882902, 0.01, 0.01], "k_pid_vsp": [360.3759557007902, 235.29707175635923, 1.0]}, "datetime": {"datetime": "2025-08-20 18:11:39", "elapsed": 22754.40197658539, "delta": 15.52548861503601}, "costs": {"total_cost": 223.62740283491266, "time_cost": 69.48, "final_distance_cost": 1.8432948081147265, "oscillation_cost": 78.65894047068406, "completition_cost": 0.0, "overshoot_cost": 50.21716326101708, "power_cost": 12.047326501464845, "noise_cost": 11.380677793631936, "n_waypoints_completed": 9, "tot_waypoints": 9}}
{"target": -190.7023763793723, "params": {"k_pid_pos": [1.9475525933111357, 0.024859491386256316, 0.3434561031905483], "k_pid_alt": [1.2679502233621702, 0.0, 0.1], "k_pid_att": [5.660560806625048, 3.7802132718527557, 0.9274604585040267], "k_pid_yaw": [0.5, 1e-06, 0.1], "k_pid_hsp": [2.395389635608916, 0.01, 0.01], "k_pid_vsp": [110.56511661686339, 163.84421639189063, 1.0]}, "datetime": {"datetime": "2025-08-20 18:11:55", "elapsed": 22769.561061143875, "delta": 15.159084558486938}, "costs": {"total_cost": 190.7023763793723, "time_cost": 68.16, "final_distance_cost": 1.8002128619886042, "oscillation_cost": 46.71383480114402, "completition_cost": 0.0, "overshoot_cost": 50.079815025357185, "power_cost": 12.704320861816408, "noise_cost": 11.244192829066117, "n_waypoints_completed": 9, "tot_waypoints": 9}}
{"target": -182.52442199361147, "params": {"k_pid_pos": [1.4698128353043505, 0.024859491386256316, 0.3434561031905483], "k_pid_alt": [1.2679502233621702, 0.0, 0.1], "k_pid_att": [84.98699684477904, 3.7802132718527557, 0.9274604585040267], "k_pid_yaw": [0.5, 1e-06, 0.1], "k_pid_hsp": [2.395389635608916, 0.01, 0.01], "k_pid_vsp": [111.20884264032553, 102.7157397860675, 1.0]}, "datetime": {"datetime": "2025-08-20 18:12:10", "elapsed": 22784.757442712784, "delta": 15.196381568908691}, "costs": {"total_cost": 182.52442199361147, "time_cost": 69.304, "final_distance_cost": 1.8320861761753384, "oscillation_cost": 38.51620433581609, "completition_cost": 0.0, "overshoot_cost": 50.15223941411058, "power_cost": 11.605419946289063, "noise_cost": 11.114472121220377, "n_waypoints_completed": 9, "tot_waypoints": 9}}
{"target": -183.63466815327834, "params": {"k_pid_pos": [1.9475525933111357, 0.024859491386256316, 0.11401919133455096], "k_pid_alt": [1.2679502233621702, 0.0, 0.1], "k_pid_att": [43.948176657889235, 3.7802132718527557, 0.9786068342296788], "k_pid_yaw": [0.5, 1e-06, 0.1], "k_pid_hsp": [2.395389635608916, 0.01, 0.01], "k_pid_vsp": [111.20884264032553, 102.7157397860675, 1.0]}, "datetime": {"datetime": "2025-08-20 18:12:25", "elapsed": 22799.988230466843, "delta": 15.230787754058838}, "costs": {"total_cost": 183.63466815327834, "time_cost": 68.688, "final_distance_cost": 1.776062439309813, "oscillation_cost": 40.6661253350711, "completition_cost": 0.0, "overshoot_cost": 49.75323938270249, "power_cost": 11.750418188476564, "noise_cost": 11.000822807718349, "n_waypoints_completed": 9, "tot_waypoints": 9}}
{"target": -211.24004257460908, "params": {"k_pid_pos": [1.4698128353043505, 0.024859491386256316, 0.5374545101912236], "k_pid_alt": [1.2679502233621702, 0.0, 0.1], "k_pid_att": [43.948176657889235, 5.8998316386557885, 0.9274604585040267], "k_pid_yaw": [0.5, 1e-06, 0.1], "k_pid_hsp": [2.395389635608916, 0.02741548690539819, 0.01], "k_pid_vsp": [111.20884264032553, 102.7157397860675, 64.74280647471554]}, "datetime": {"datetime": "2025-08-20 18:12:40", "elapsed": 22815.47901725769, "delta": 15.490786790847778}, "costs": {"total_cost": 211.24004257460908, "time_cost": 72.232, "final_distance_cost": 1.8511175250591565, "oscillation_cost": 49.1471877579127, "completition_cost": 0.0, "overshoot_cost": 52.38528387475289, "power_cost": 19.672581018066406, "noise_cost": 15.951872398817931, "n_waypoints_completed": 9, "tot_waypoints": 9}}
{"target": -181.35146075722315, "params": {"k_pid_pos": [1.4698128353043505, 0.024859491386256316, 0.11401919133455096], "k_pid_alt": [1.2679502233621702, 0.0, 0.1], "k_pid_att": [43.948176657889235, 6.766944352677465, 0.73590781336997], "k_pid_yaw": [0.5, 1e-06, 0.1], "k_pid_hsp": [2.395389635608916, 0.01, 0.01], "k_pid_vsp": [33.09370770872002, 102.7157397860675, 1.0]}, "datetime": {"datetime": "2025-08-20 18:12:58", "elapsed": 22832.604870080948, "delta": 17.125852823257446}, "costs": {"total_cost": 181.35146075722315, "time_cost": 68.36, "final_distance_cost": 1.7699421982701797, "oscillation_cost": 38.79455679120638, "completition_cost": 0.0, "overshoot_cost": 50.10126492597943, "power_cost": 11.54145164794922, "noise_cost": 10.784245193817918, "n_waypoints_completed": 9, "tot_waypoints": 9}}
{"target": -178.70478725309496, "params": {"k_pid_pos": [1.4698128353043505, 0.024859491386256316, 0.3434561031905483], "k_pid_alt": [1.2679502233621702, 0.0, 0.1], "k_pid_att": [43.948176657889235, 3.7802132718527557, 0.9274604585040267], "k_pid_yaw": [0.5, 1e-06, 0.1], "k_pid_hsp": [2.395389635608916, 0.01, 0.01], "k_pid_vsp": [111.20884264032553, 102.7157397860675, 1.0]}, "datetime": {"datetime": "2025-08-20 18:13:12", "elapsed": 22847.29032945633, "delta": 14.68545937538147}, "costs": {"total_cost": 178.70478725309496, "time_cost": 69.12, "final_distance_cost": 1.8299338179061795, "oscillation_cost": 35.21687367722384, "completition_cost": 0.0, "overshoot_cost": 50.090394500534366, "power_cost": 11.321949291992189, "noise_cost": 11.125635965438402, "n_waypoints_completed": 9, "tot_waypoints": 9}}
{"target": -194.50613385870776, "params": {"k_pid_pos": [1.3873324295523621, 0.31277452455499244, 0.5374545101912236], "k_pid_alt": [1.1322102414463147, 0.0, 0.2915903713486512], "k_pid_att": [43.948176657889235, 0.4746071483446615, 0.9274604585040267], "k_pid_yaw": [0.5, 1e-06, 0.1], "k_pid_hsp": [2.801925256194032, 0.01, 0.01], "k_pid_vsp": [111.20884264032553, 205.38401218364257, 1.0]}, "datetime": {"datetime": "2025-08-20 18:13:30", "elapsed": 22864.532658100128, "delta": 17.242328643798828}, "costs": {"total_cost": 194.50613385870776, "time_cost": 75.128, "final_distance_cost": 1.7885059942477775, "oscillation_cost": 42.37381227053971, "completition_cost": 0.0, "overshoot_cost": 50.70416906051575, "power_cost": 12.567778845214844, "noise_cost": 11.943867688189705, "n_waypoints_completed": 9, "tot_waypoints": 9}}
{"target": -192.61097384002693, "params": {"k_pid_pos": [1.4698128353043505, 0.024859491386256316, 0.9837022460713571], "k_pid_alt": [1.2679502233621702, 0.0, 0.26930141191004886], "k_pid_att": [43.948176657889235, 3.7802132718527557, 0.8073907050301506], "k_pid_yaw": [0.5, 1e-06, 0.1], "k_pid_hsp": [2.395389635608916, 0.7315990604468636, 0.01], "k_pid_vsp": [111.20884264032553, 102.7157397860675, 1.0]}, "datetime": {"datetime": "2025-08-20 18:13:46", "elapsed": 22881.117574453354, "delta": 16.584916353225708}, "costs": {"total_cost": 192.61097384002693, "time_cost": 72.312, "final_distance_cost": 1.8468332803854495, "oscillation_cost": 45.76641837738142, "completition_cost": 0.0, "overshoot_cost": 48.89623243007227, "power_cost": 11.974394946289063, "noise_cost": 11.815094805898733, "n_waypoints_completed": 9, "tot_waypoints": 9}}
{"target": -1086.9215420770859, "params": {"k_pid_pos": [1.9475525933111357, 0.024859491386256316, 0.11401919133455096], "k_pid_alt": [1.2679502233621702, 0.0, 0.6309970689692205], "k_pid_att": [78.08713442726881, 4.514399977632767, 0.9274604585040267], "k_pid_yaw": [0.5, 1e-06, 0.1], "k_pid_hsp": [2.395389635608916, 0.01, 0.01], "k_pid_vsp": [110.56511661686339, 102.7157397860675, 242.3589635706049]}, "datetime": {"datetime": "2025-08-20 18:14:08", "elapsed": 22903.282855033875, "delta": 22.16528058052063}, "costs": {"total_cost": 1086.9215420770859, "time_cost": 150, "final_distance_cost": 87.47054649428588, "oscillation_cost": 42.087711760242335, "completition_cost": 666.6666666666667, "overshoot_cost": 82.58238629961929, "power_cost": 31.88741102294922, "noise_cost": 26.22681983332244, "n_waypoints_completed": 3, "tot_waypoints": 9}}
{"target": -291.4713762082682, "params": {"k_pid_pos": [1.9475525933111357, 0.024859491386256316, 0.07756297750739305], "k_pid_alt": [1.2679502233621702, 0.0, 0.1], "k_pid_att": [43.948176657889235, 3.7802132718527557, 0.9274604585040267], "k_pid_yaw": [0.5, 1e-06, 0.1], "k_pid_hsp": [2.395389635608916, 0.01, 0.38180230248846925], "k_pid_vsp": [111.20884264032553, 102.7157397860675, 1.0]}, "datetime": {"datetime": "2025-08-20 18:14:25", "elapsed": 22919.845304965973, "delta": 16.56244993209839}, "costs": {"total_cost": 291.4713762082682, "time_cost": 69.16, "final_distance_cost": 1.74175759789468, "oscillation_cost": 144.46871496194805, "completition_cost": 0.0, "overshoot_cost": 49.96759169197825, "power_cost": 14.100511450195313, "noise_cost": 12.03280050625192, "n_waypoints_completed": 9, "tot_waypoints": 9}}
{"target": -182.79926436904623, "params": {"k_pid_pos": [1.4698128353043505, 0.024859491386256316, 0.3434561031905483], "k_pid_alt": [1.2679502233621702, 0.0, 0.6853371560380503], "k_pid_att": [43.948176657889235, 3.7802132718527557, 0.9274604585040267], "k_pid_yaw": [0.5, 1e-06, 0.1], "k_pid_hsp": [2.395389635608916, 0.01, 0.01], "k_pid_vsp": [111.20884264032553, 102.7157397860675, 1.0]}, "datetime": {"datetime": "2025-08-20 18:14:42", "elapsed": 22936.65444970131, "delta": 16.809144735336304}, "costs": {"total_cost": 182.79926436904623, "time_cost": 71.0, "final_distance_cost": 1.8366145723438165, "oscillation_cost": 37.58926892421397, "completition_cost": 0.0, "overshoot_cost": 49.90359389410831, "power_cost": 11.43420457763672, "noise_cost": 11.0355824007434, "n_waypoints_completed": 9, "tot_waypoints": 9}}
{"target": -181.35146075722315, "params": {"k_pid_pos": [1.4698128353043505, 0.024859491386256316, 0.11401919133455096], "k_pid_alt": [1.2679502233621702, 0.0, 0.1], "k_pid_att": [43.948176657889235, 6.766944352677465, 0.73590781336997], "k_pid_yaw": [0.5, 1e-06, 0.1], "k_pid_hsp": [2.395389635608916, 0.01, 0.01], "k_pid_vsp": [33.09370770872002, 102.7157397860675, 1.0]}, "datetime": {"datetime": "2025-08-20 18:14:57", "elapsed": 22951.54772567749, "delta": 14.89327597618103}, "costs": {"total_cost": 181.35146075722315, "time_cost": 68.36, "final_distance_cost": 1.7699421982701797, "oscillation_cost": 38.79455679120638, "completition_cost": 0.0, "overshoot_cost": 50.10126492597943, "power_cost": 11.54145164794922, "noise_cost": 10.784245193817918, "n_waypoints_completed": 9, "tot_waypoints": 9}}
{"target": -178.70478725309496, "params": {"k_pid_pos": [1.4698128353043505, 0.024859491386256316, 0.3434561031905483], "k_pid_alt": [1.2679502233621702, 0.0, 0.1], "k_pid_att": [43.948176657889235, 3.7802132718527557, 0.9274604585040267], "k_pid_yaw": [0.5, 1e-06, 0.1], "k_pid_hsp": [2.395389635608916, 0.01, 0.01], "k_pid_vsp": [111.20884264032553, 102.7157397860675, 1.0]}, "datetime": {"datetime": "2025-08-20 18:15:12", "elapsed": 22967.216924905777, "delta": 15.669199228286743}, "costs": {"total_cost": 178.70478725309496, "time_cost": 69.12, "final_distance_cost": 1.8299338179061795, "oscillation_cost": 35.21687367722384, "completition_cost": 0.0, "overshoot_cost": 50.090394500534366, "power_cost": 11.321949291992189, "noise_cost": 11.125635965438402, "n_waypoints_completed": 9, "tot_waypoints": 9}}
{"target": -194.67154986705768, "params": {"k_pid_pos": [1.4698128353043505, 0.024859491386256316, 0.3434561031905483], "k_pid_alt": [1.2679502233621702, 0.0, 0.2915903713486512], "k_pid_att": [43.948176657889235, 6.766944352677465, 0.73590781336997], "k_pid_yaw": [0.5, 1e-06, 0.1], "k_pid_hsp": [9.661409074882902, 0.03986108334795646, 0.01], "k_pid_vsp": [360.3759557007902, 32.59246354921366, 1.0]}, "datetime": {"datetime": "2025-08-20 18:15:27", "elapsed": 22982.47594666481, "delta": 15.259021759033203}, "costs": {"total_cost": 194.67154986705768, "time_cost": 70.60000000000001, "final_distance_cost": 1.840114517247724, "oscillation_cost": 48.5969777185104, "completition_cost": 0.0, "overshoot_cost": 50.08529101154776, "power_cost": 12.021794702148439, "noise_cost": 11.527371917603357, "n_waypoints_completed": 9, "tot_waypoints": 9}}
{"target": -183.0002138130949, "params": {"k_pid_pos": [1.8922997940790476, 0.024859491386256316, 0.9451257094832697], "k_pid_alt": [1.2679502233621702, 0.0, 0.2915903713486512], "k_pid_att": [43.948176657889235, 3.7802132718527557, 0.9274604585040267], "k_pid_yaw": [0.5, 1e-06, 0.1], "k_pid_hsp": [2.395389635608916, 0.01, 0.01], "k_pid_vsp": [111.20884264032553, 59.083466427248936, 1.0]}, "datetime": {"datetime": "2025-08-20 18:15:44", "elapsed": 22998.93141388893, "delta": 16.455467224121094}, "costs": {"total_cost": 183.0002138130949, "time_cost": 70.4, "final_distance_cost": 1.849808702172921, "oscillation_cost": 37.97765224693193, "completition_cost": 0.0, "overshoot_cost": 50.239615881544424, "power_cost": 11.233593005371095, "noise_cost": 11.29954397707452, "n_waypoints_completed": 9, "tot_waypoints": 9}}
{"target": -179.9711463602238, "params": {"k_pid_pos": [1.4698128353043505, 0.024859491386256316, 0.11401919133455096], "k_pid_alt": [1.2679502233621702, 0.0, 0.1], "k_pid_att": [43.948176657889235, 2.6889016979653872, 0.9274604585040267], "k_pid_yaw": [0.5, 1e-06, 0.1], "k_pid_hsp": [2.395389635608916, 0.01, 0.01], "k_pid_vsp": [111.20884264032553, 178.623871307833, 1.0]}, "datetime": {"datetime": "2025-08-20 18:16:00", "elapsed": 23014.714534521103, "delta": 15.78312063217163}, "costs": {"total_cost": 179.9711463602238, "time_cost": 68.624, "final_distance_cost": 1.8062305360760642, "oscillation_cost": 37.22147195331873, "completition_cost": 0.0, "overshoot_cost": 50.080911591642575, "power_cost": 11.416762573242188, "noise_cost": 10.821769705944261, "n_waypoints_completed": 9, "tot_waypoints": 9}}
{"target": -217.47374697917303, "params": {"k_pid_pos": [1.4698128353043505, 0.024859491386256316, 0.36618571039493764], "k_pid_alt": [1.2679502233621702, 0.8642589832568949, 0.1], "k_pid_att": [43.948176657889235, 3.7802132718527557, 0.5188756214002959], "k_pid_yaw": [0.5, 1e-06, 0.1], "k_pid_hsp": [2.395389635608916, 0.01, 0.01], "k_pid_vsp": [111.20884264032553, 102.7157397860675, 1.0]}, "datetime": {"datetime": "2025-08-20 18:16:19", "elapsed": 23033.694724321365, "delta": 18.98018980026245}, "costs": {"total_cost": 217.47374697917303, "time_cost": 83.47200000000001, "final_distance_cost": 1.7595473936558848, "oscillation_cost": 51.51325060720665, "completition_cost": 0.0, "overshoot_cost": 53.86665215735439, "power_cost": 14.333232641601564, "noise_cost": 12.529064179354517, "n_waypoints_completed": 9, "tot_waypoints": 9}}
{"target": -348.77644681327934, "params": {"k_pid_pos": [1.4698128353043505, 0.024859491386256316, 0.3434561031905483], "k_pid_alt": [1.2679502233621702, 0.0, 0.1], "k_pid_att": [19.730316366181665, 3.7802132718527557, 0.9274604585040267], "k_pid_yaw": [0.5, 1e-06, 0.1], "k_pid_hsp": [2.395389635608916, 0.01, 0.47510942753891583], "k_pid_vsp": [111.20884264032553, 102.7157397860675, 1.0]}, "datetime": {"datetime": "2025-08-20 18:16:36", "elapsed": 23051.359163045883, "delta": 17.664438724517822}, "costs": {"total_cost": 348.77644681327934, "time_cost": 77.792, "final_distance_cost": 1.7822042998930583, "oscillation_cost": 189.47362488508222, "completition_cost": 0.0, "overshoot_cost": 52.44887527274834, "power_cost": 14.342306518554688, "noise_cost": 12.93743583700101, "n_waypoints_completed": 9, "tot_waypoints": 9}}
