{"target": -226.9772304449771, "params": {"k_pid_pos": [1.4698128353043505, 0.9348414940460628, 0.3434561031905483], "k_pid_alt": [1.2679502233621702, 0.0, 0.1], "k_pid_att": [43.948176657889235, 3.7802132718527557, 0.9274604585040267], "k_pid_yaw": [0.5, 1e-06, 0.1], "k_pid_hsp": [2.395389635608916, 0.01, 0.01], "k_pid_vsp": [155.80135867994494, 102.7157397860675, 1.0]}, "datetime": {"datetime": "2025-08-20 18:16:57", "elapsed": 23072.026072502136, "delta": 20.66690945625305}, "costs": {"total_cost": 226.9772304449771, "time_cost": 90.424, "final_distance_cost": 1.7059596609950436, "oscillation_cost": 49.89636761884131, "completition_cost": 0.0, "overshoot_cost": 54.26641273149341, "power_cost": 16.425381201171877, "noise_cost": 14.259109232475417, "n_waypoints_completed": 9, "tot_waypoints": 9}}
{"target": -196.02122883909894, "params": {"k_pid_pos": [1.4698128353043505, 0.024859491386256316, 0.48736677447475796], "k_pid_alt": [1.2679502233621702, 0.47710597697115553, 0.26930141191004886], "k_pid_att": [43.948176657889235, 4.514399977632767, 0.9274604585040267], "k_pid_yaw": [0.5, 1e-06, 0.1], "k_pid_hsp": [2.395389635608916, 0.01, 0.01], "k_pid_vsp": [110.56511661686339, 102.7157397860675, 1.0]}, "datetime": {"datetime": "2025-08-20 18:17:13", "elapsed": 23088.00134730339, "delta": 15.975274801254272}, "costs": {"total_cost": 196.02122883909894, "time_cost": 74.688, "final_distance_cost": 1.7952831749344043, "oscillation_cost": 45.88525556075361, "completition_cost": 0.0, "overshoot_cost": 50.00713322156513, "power_cost": 12.379707531738282, "noise_cost": 11.265849350107509, "n_waypoints_completed": 9, "tot_waypoints": 9}}
{"target": -180.40810129406827, "params": {"k_pid_pos": [1.4698128353043505, 0.024859491386256316, 0.11401919133455096], "k_pid_alt": [1.2679502233621702, 0.0, 0.1], "k_pid_att": [43.948176657889235, 3.7802132718527557, 0.9274604585040267], "k_pid_yaw": [0.5, 1e-06, 0.1], "k_pid_hsp": [2.395389635608916, 0.01, 0.01], "k_pid_vsp": [111.20884264032553, 102.7157397860675, 1.0]}, "datetime": {"datetime": "2025-08-20 18:17:29", "elapsed": 23103.821282863617, "delta": 15.81993556022644}, "costs": {"total_cost": 180.40810129406827, "time_cost": 68.656, "final_distance_cost": 1.7855036050235287, "oscillation_cost": 37.645407527558994, "completition_cost": 0.0, "overshoot_cost": 49.9598019448747, "power_cost": 11.380489074707032, "noise_cost": 10.980899141904002, "n_waypoints_completed": 9, "tot_waypoints": 9}}
{"target": -190.2593312710505, "params": {"k_pid_pos": [0.9859531625152065, 0.024859491386256316, 0.5374545101912236], "k_pid_alt": [1.2679502233621702, 0.0, 0.1], "k_pid_att": [43.948176657889235, 5.824334032821091, 0.9274604585040267], "k_pid_yaw": [0.5, 1e-06, 0.1], "k_pid_hsp": [2.395389635608916, 0.01, 0.01], "k_pid_vsp": [110.56511661686339, 102.7157397860675, 1.0]}, "datetime": {"datetime": "2025-08-20 18:17:45", "elapsed": 23120.128934383392, "delta": 16.30765151977539}, "costs": {"total_cost": 190.2593312710505, "time_cost": 75.752, "final_distance_cost": 1.8510496457591625, "oscillation_cost": 38.45817633543434, "completition_cost": 0.0, "overshoot_cost": 50.04165664292158, "power_cost": 11.930232580566408, "noise_cost": 12.226216066369037, "n_waypoints_completed": 9, "tot_waypoints": 9}}
{"target": -179.26270339345533, "params": {"k_pid_pos": [1.4698128353043505, 0.024859491386256316, 0.2662270978845458], "k_pid_alt": [1.2679502233621702, 0.0, 0.1], "k_pid_att": [43.948176657889235, 3.7802132718527557, 0.9274604585040267], "k_pid_yaw": [0.5, 1e-06, 0.1], "k_pid_hsp": [2.395389635608916, 0.01, 0.01], "k_pid_vsp": [111.20884264032553, 102.7157397860675, 1.0]}, "datetime": {"datetime": "2025-08-20 18:18:01", "elapsed": 23136.426020145416, "delta": 16.297085762023926}, "costs": {"total_cost": 179.26270339345533, "time_cost": 68.88, "final_distance_cost": 1.8194869214539902, "oscillation_cost": 36.10441612567555, "completition_cost": 0.0, "overshoot_cost": 50.08391801691625, "power_cost": 11.358514489746094, "noise_cost": 11.016367839663474, "n_waypoints_completed": 9, "tot_waypoints": 9}}
{"target": -321.26586439866924, "params": {"k_pid_pos": [1.4698128353043505, 0.024859491386256316, 0.11401919133455096], "k_pid_alt": [1.2679502233621702, 0.0, 0.1], "k_pid_att": [43.948176657889235, 2.6889016979653872, 0.9274604585040267], "k_pid_yaw": [0.5, 1e-06, 0.1], "k_pid_hsp": [2.395389635608916, 0.01, 0.8498210181212253], "k_pid_vsp": [111.20884264032553, 102.7157397860675, 1.0]}, "datetime": {"datetime": "2025-08-20 18:18:20", "elapsed": 23154.527064561844, "delta": 18.101044416427612}, "costs": {"total_cost": 321.26586439866924, "time_cost": 81.592, "final_distance_cost": 1.7512019217991348, "oscillation_cost": 153.26437202203527, "completition_cost": 0.0, "overshoot_cost": 53.894932740199685, "power_cost": 16.519631591796877, "noise_cost": 14.24372612283824, "n_waypoints_completed": 9, "tot_waypoints": 9}}
{"target": -178.68955258574186, "params": {"k_pid_pos": [1.4698128353043505, 0.024859491386256316, 0.2662270978845458], "k_pid_alt": [1.2679502233621702, 0.0, 0.1], "k_pid_att": [43.948176657889235, 3.7802132718527557, 0.9274604585040267], "k_pid_yaw": [0.5, 1e-06, 0.1], "k_pid_hsp": [2.395389635608916, 0.01, 0.01], "k_pid_vsp": [110.56511661686339, 102.7157397860675, 1.0]}, "datetime": {"datetime": "2025-08-20 18:18:34", "elapsed": 23169.31900048256, "delta": 14.791935920715332}, "costs": {"total_cost": 178.68955258574186, "time_cost": 68.92, "final_distance_cost": 1.8212740937025527, "oscillation_cost": 35.72949926253249, "completition_cost": 0.0, "overshoot_cost": 49.95417545447319, "power_cost": 11.299898352050782, "noise_cost": 10.964705422982869, "n_waypoints_completed": 9, "tot_waypoints": 9}}
{"target": -178.70478725309496, "params": {"k_pid_pos": [1.4698128353043505, 0.024859491386256316, 0.3434561031905483], "k_pid_alt": [1.2679502233621702, 0.0, 0.1], "k_pid_att": [43.948176657889235, 3.7802132718527557, 0.9274604585040267], "k_pid_yaw": [0.5, 1e-06, 0.1], "k_pid_hsp": [2.395389635608916, 0.01, 0.01], "k_pid_vsp": [111.20884264032553, 102.7157397860675, 1.0]}, "datetime": {"datetime": "2025-08-20 18:18:50", "elapsed": 23185.065244436264, "delta": 15.746243953704834}, "costs": {"total_cost": 178.70478725309496, "time_cost": 69.12, "final_distance_cost": 1.8299338179061795, "oscillation_cost": 35.21687367722384, "completition_cost": 0.0, "overshoot_cost": 50.090394500534366, "power_cost": 11.321949291992189, "noise_cost": 11.125635965438402, "n_waypoints_completed": 9, "tot_waypoints": 9}}
{"target": -178.70478725309496, "params": {"k_pid_pos": [1.4698128353043505, 0.024859491386256316, 0.3434561031905483], "k_pid_alt": [1.2679502233621702, 0.0, 0.1], "k_pid_att": [43.948176657889235, 3.7802132718527557, 0.9274604585040267], "k_pid_yaw": [0.5, 1e-06, 0.1], "k_pid_hsp": [2.395389635608916, 0.01, 0.01], "k_pid_vsp": [111.20884264032553, 102.7157397860675, 1.0]}, "datetime": {"datetime": "2025-08-20 18:19:05", "elapsed": 23200.27236533165, "delta": 15.207120895385742}, "costs": {"total_cost": 178.70478725309496, "time_cost": 69.12, "final_distance_cost": 1.8299338179061795, "oscillation_cost": 35.21687367722384, "completition_cost": 0.0, "overshoot_cost": 50.090394500534366, "power_cost": 11.321949291992189, "noise_cost": 11.125635965438402, "n_waypoints_completed": 9, "tot_waypoints": 9}}
{"target": -184.42793735163258, "params": {"k_pid_pos": [1.4698128353043505, 0.024859491386256316, 0.10848570257039691], "k_pid_alt": [1.897117145170884, 0.0, 0.1], "k_pid_att": [79.31719665755405, 3.7802132718527557, 0.9274604585040267], "k_pid_yaw": [0.5, 1e-06, 0.1], "k_pid_hsp": [2.395389635608916, 0.01, 0.01], "k_pid_vsp": [111.20884264032553, 102.7157397860675, 1.0]}, "datetime": {"datetime": "2025-08-20 18:19:21", "elapsed": 23215.884741544724, "delta": 15.61237621307373}, "costs": {"total_cost": 184.42793735163258, "time_cost": 68.752, "final_distance_cost": 1.7914751774391848, "oscillation_cost": 41.10651717402163, "completition_cost": 0.0, "overshoot_cost": 50.36910989338797, "power_cost": 11.414469836425782, "noise_cost": 10.994365270358013, "n_waypoints_completed": 9, "tot_waypoints": 9}}
{"target": -209.26816417767049, "params": {"k_pid_pos": [1.4698128353043505, 0.6574188452491182, 0.3434561031905483], "k_pid_alt": [1.2679502233621702, 0.0, 0.1], "k_pid_att": [43.948176657889235, 3.7802132718527557, 0.9274604585040267], "k_pid_yaw": [0.5, 1e-06, 0.1], "k_pid_hsp": [2.395389635608916, 0.7719239526128563, 0.01], "k_pid_vsp": [111.20884264032553, 102.7157397860675, 1.0]}, "datetime": {"datetime": "2025-08-20 18:19:39", "elapsed": 23234.057285308838, "delta": 18.17254376411438}, "costs": {"total_cost": 209.26816417767049, "time_cost": 78.872, "final_distance_cost": 1.7479989952400383, "oscillation_cost": 51.83258839780873, "completition_cost": 0.0, "overshoot_cost": 50.19311217289282, "power_cost": 14.051709777832032, "noise_cost": 12.570754833896856, "n_waypoints_completed": 9, "tot_waypoints": 9}}
{"target": -179.149874906139, "params": {"k_pid_pos": [1.4698128353043505, 0.0005578519329870746, 0.3434561031905483], "k_pid_alt": [1.2679502233621702, 0.0, 0.1], "k_pid_att": [43.948176657889235, 3.7802132718527557, 0.9274604585040267], "k_pid_yaw": [0.5, 1e-06, 0.1], "k_pid_hsp": [2.395389635608916, 0.01, 0.01], "k_pid_vsp": [111.20884264032553, 102.7157397860675, 1.0]}, "datetime": {"datetime": "2025-08-20 18:19:54", "elapsed": 23248.99553012848, "delta": 14.938244819641113}, "costs": {"total_cost": 179.149874906139, "time_cost": 69.21600000000001, "final_distance_cost": 1.84196221854746, "oscillation_cost": 35.280207760951185, "completition_cost": 0.0, "overshoot_cost": 50.35249802926422, "power_cost": 11.330005798339844, "noise_cost": 11.129201099036273, "n_waypoints_completed": 9, "tot_waypoints": 9}}
{"target": -181.35146075722315, "params": {"k_pid_pos": [1.4698128353043505, 0.024859491386256316, 0.11401919133455096], "k_pid_alt": [1.2679502233621702, 0.0, 0.1], "k_pid_att": [43.948176657889235, 6.766944352677465, 0.73590781336997], "k_pid_yaw": [0.5, 1e-06, 0.1], "k_pid_hsp": [2.395389635608916, 0.01, 0.01], "k_pid_vsp": [33.09370770872002, 102.7157397860675, 1.0]}, "datetime": {"datetime": "2025-08-20 18:20:10", "elapsed": 23264.89435863495, "delta": 15.898828506469727}, "costs": {"total_cost": 181.35146075722315, "time_cost": 68.36, "final_distance_cost": 1.7699421982701797, "oscillation_cost": 38.79455679120638, "completition_cost": 0.0, "overshoot_cost": 50.10126492597943, "power_cost": 11.54145164794922, "noise_cost": 10.784245193817918, "n_waypoints_completed": 9, "tot_waypoints": 9}}
{"target": -184.5476309674582, "params": {"k_pid_pos": [1.8922997940790476, 0.024859491386256316, 0.7774444947807966], "k_pid_alt": [1.2679502233621702, 0.0, 0.2915903713486512], "k_pid_att": [43.948176657889235, 2.6889016979653872, 0.9274604585040267], "k_pid_yaw": [0.5, 1e-06, 0.1], "k_pid_hsp": [2.395389635608916, 0.5531972591780506, 0.01], "k_pid_vsp": [111.20884264032553, 178.623871307833, 1.0]}, "datetime": {"datetime": "2025-08-20 18:20:25", "elapsed": 23279.900740623474, "delta": 15.00638198852539}, "costs": {"total_cost": 184.5476309674582, "time_cost": 69.256, "final_distance_cost": 1.8462552882599876, "oscillation_cost": 41.79762779881814, "completition_cost": 0.0, "overshoot_cost": 49.30712384005852, "power_cost": 11.362632922363282, "noise_cost": 10.977991117958263, "n_waypoints_completed": 9, "tot_waypoints": 9}}
{"target": -1201.320883518835, "params": {"k_pid_pos": [0.0161062901931745, 0.024859491386256316, 0.11401919133455096], "k_pid_alt": [1.877939637767743, 0.0, 0.1], "k_pid_att": [43.948176657889235, 3.7802132718527557, 0.9274604585040267], "k_pid_yaw": [0.5, 1e-06, 0.1], "k_pid_hsp": [2.395389635608916, 0.01, 0.01], "k_pid_vsp": [111.20884264032553, 59.083466427248936, 1.0]}, "datetime": {"datetime": "2025-08-20 18:20:47", "elapsed": 23302.071871757507, "delta": 22.171131134033203}, "costs": {"total_cost": 1201.320883518835, "time_cost": 150, "final_distance_cost": 59.999880297116206, "oscillation_cost": 5.074015990228583, "completition_cost": 888.8888888888888, "overshoot_cost": 70.38637798678631, "power_cost": 13.668463244628906, "noise_cost": 13.303257111186122, "n_waypoints_completed": 1, "tot_waypoints": 9}}
{"target": -184.79901341363393, "params": {"k_pid_pos": [1.8922997940790476, 0.024859491386256316, 0.9451257094832697], "k_pid_alt": [1.2679502233621702, 0.0, 0.2915903713486512], "k_pid_att": [43.948176657889235, 3.7802132718527557, 0.9274604585040267], "k_pid_yaw": [0.5, 1e-06, 0.1], "k_pid_hsp": [2.395389635608916, 0.01, 0.01], "k_pid_vsp": [110.56511661686339, 163.84421639189063, 1.0]}, "datetime": {"datetime": "2025-08-20 18:21:04", "elapsed": 23318.495183229446, "delta": 16.423311471939087}, "costs": {"total_cost": 184.79901341363393, "time_cost": 70.248, "final_distance_cost": 1.8378860941718194, "oscillation_cost": 39.36648428379634, "completition_cost": 0.0, "overshoot_cost": 49.85730906840233, "power_cost": 12.017358239746095, "noise_cost": 11.471975727517318, "n_waypoints_completed": 9, "tot_waypoints": 9}}
{"target": -190.34549870528542, "params": {"k_pid_pos": [1.9475525933111357, 0.024859491386256316, 0.3434561031905483], "k_pid_alt": [1.2679502233621702, 0.0, 0.1], "k_pid_att": [5.660560806625048, 3.7802132718527557, 0.9274604585040267], "k_pid_yaw": [0.5, 1e-06, 0.1], "k_pid_hsp": [2.395389635608916, 0.01, 0.01], "k_pid_vsp": [111.20884264032553, 59.083466427248936, 1.0]}, "datetime": {"datetime": "2025-08-20 18:21:18", "elapsed": 23333.353776454926, "delta": 14.858593225479126}, "costs": {"total_cost": 190.34549870528542, "time_cost": 68.264, "final_distance_cost": 1.7573956771552668, "oscillation_cost": 47.19866504075181, "completition_cost": 0.0, "overshoot_cost": 49.30289857370136, "power_cost": 12.625636608886719, "noise_cost": 11.196902804790287, "n_waypoints_completed": 9, "tot_waypoints": 9}}
{"target": -340.4357250189988, "params": {"k_pid_pos": [1.4698128353043505, 0.024859491386256316, 0.2662270978845458], "k_pid_alt": [1.2679502233621702, 0.0, 0.1], "k_pid_att": [43.948176657889235, 3.7802132718527557, 0.9274604585040267], "k_pid_yaw": [0.5, 1e-06, 0.1], "k_pid_hsp": [2.395389635608916, 0.01, 0.9726126856785379], "k_pid_vsp": [111.20884264032553, 178.623871307833, 1.0]}, "datetime": {"datetime": "2025-08-20 18:21:37", "elapsed": 23352.38112139702, "delta": 19.027344942092896}, "costs": {"total_cost": 340.4357250189988, "time_cost": 79.896, "final_distance_cost": 1.7890210315039559, "oscillation_cost": 176.10530008922203, "completition_cost": 0.0, "overshoot_cost": 52.59169408184828, "power_cost": 16.264295361328127, "noise_cost": 13.789414455096384, "n_waypoints_completed": 9, "tot_waypoints": 9}}
{"target": -310.9818887406474, "params": {"k_pid_pos": [1.4698128353043505, 0.024859491386256316, 0.11401919133455096], "k_pid_alt": [1.2679502233621702, 0.0, 0.1], "k_pid_att": [43.948176657889235, 2.6889016979653872, 0.9274604585040267], "k_pid_yaw": [0.5, 1e-06, 0.1], "k_pid_hsp": [2.395389635608916, 0.01, 0.6429271916942968], "k_pid_vsp": [111.20884264032553, 102.7157397860675, 1.0]}, "datetime": {"datetime": "2025-08-20 18:21:55", "elapsed": 23370.164011716843, "delta": 17.78289031982422}, "costs": {"total_cost": 310.9818887406474, "time_cost": 78.744, "final_distance_cost": 1.784098843935105, "oscillation_cost": 145.2995917209906, "completition_cost": 0.0, "overshoot_cost": 54.89024310033652, "power_cost": 16.305753649902343, "noise_cost": 13.958201425482796, "n_waypoints_completed": 9, "tot_waypoints": 9}}
{"target": -178.94494635257902, "params": {"k_pid_pos": [1.4698128353043505, 0.024859491386256316, 0.3434561031905483], "k_pid_alt": [1.2679502233621702, 0.0, 0.1], "k_pid_att": [35.543488255586034, 3.7802132718527557, 0.9274604585040267], "k_pid_yaw": [0.5, 1e-06, 0.1], "k_pid_hsp": [2.395389635608916, 0.01, 0.01], "k_pid_vsp": [111.20884264032553, 102.7157397860675, 1.0]}, "datetime": {"datetime": "2025-08-20 18:22:10", "elapsed": 23384.983075618744, "delta": 14.819063901901245}, "costs": {"total_cost": 178.94494635257902, "time_cost": 69.08, "final_distance_cost": 1.8338806483378645, "oscillation_cost": 35.8940273486239, "completition_cost": 0.0, "overshoot_cost": 49.98640961653681, "power_cost": 11.206406311035156, "noise_cost": 10.944222428045302, "n_waypoints_completed": 9, "tot_waypoints": 9}}
{"target": -183.0255085157319, "params": {"k_pid_pos": [1.4698128353043505, 0.15059658371056506, 0.5553847934559067], "k_pid_alt": [1.2679502233621702, 0.0, 0.1], "k_pid_att": [43.948176657889235, 5.859554809351448, 0.9274604585040267], "k_pid_yaw": [0.5, 1e-06, 0.1], "k_pid_hsp": [2.395389635608916, 0.01, 0.01], "k_pid_vsp": [264.9966777379314, 102.7157397860675, 1.0]}, "datetime": {"datetime": "2025-08-20 18:22:26", "elapsed": 23400.781302928925, "delta": 15.798227310180664}, "costs": {"total_cost": 183.0255085157319, "time_cost": 70.272, "final_distance_cost": 1.8352822937315976, "oscillation_cost": 37.03536374229008, "completition_cost": 0.0, "overshoot_cost": 50.89770848505943, "power_cost": 11.665873022460937, "noise_cost": 11.31928097218983, "n_waypoints_completed": 9, "tot_waypoints": 9}}
{"target": -232.65852285114852, "params": {"k_pid_pos": [1.4698128353043505, 0.024859491386256316, 0.3434561031905483], "k_pid_alt": [1.2679502233621702, 0.0, 0.2915903713486512], "k_pid_att": [29.46763110571006, 5.67849514865483, 0.73590781336997], "k_pid_yaw": [0.5, 1e-06, 0.1], "k_pid_hsp": [9.661409074882902, 0.01, 0.01], "k_pid_vsp": [360.3759557007902, 235.29707175635923, 1.0]}, "datetime": {"datetime": "2025-08-20 18:22:41", "elapsed": 23416.355136156082, "delta": 15.573833227157593}, "costs": {"total_cost": 232.65852285114852, "time_cost": 69.624, "final_distance_cost": 1.8280161249562292, "oscillation_cost": 87.92198810675549, "completition_cost": 0.0, "overshoot_cost": 49.70117192774673, "power_cost": 12.11398280029297, "noise_cost": 11.469363891397093, "n_waypoints_completed": 9, "tot_waypoints": 9}}
{"target": -315.4580951791525, "params": {"k_pid_pos": [1.4698128353043505, 0.024859491386256316, 0.2662270978845458], "k_pid_alt": [1.2679502233621702, 0.0, 0.02574460601302908], "k_pid_att": [43.948176657889235, 3.7802132718527557, 0.9274604585040267], "k_pid_yaw": [0.5, 1e-06, 0.1], "k_pid_hsp": [2.395389635608916, 0.01, 0.158932382533298], "k_pid_vsp": [55.290544575302604, 102.7157397860675, 23.947179864182857]}, "datetime": {"datetime": "2025-08-20 18:22:58", "elapsed": 23433.42286324501, "delta": 17.067727088928223}, "costs": {"total_cost": 315.4580951791525, "time_cost": 75.744, "final_distance_cost": 1.7901151650023006, "oscillation_cost": 158.0928407825446, "completition_cost": 0.0, "overshoot_cost": 51.345008514935856, "power_cost": 15.763564184570313, "noise_cost": 12.722566532099412, "n_waypoints_completed": 9, "tot_waypoints": 9}}
{"target": -180.08214096934753, "params": {"k_pid_pos": [1.4698128353043505, 0.024859491386256316, 0.3434561031905483], "k_pid_alt": [1.2679502233621702, 0.0, 0.1], "k_pid_att": [43.948176657889235, 3.7802132718527557, 0.6718005340770477], "k_pid_yaw": [0.5, 1e-06, 0.1], "k_pid_hsp": [2.395389635608916, 0.01, 0.01], "k_pid_vsp": [111.20884264032553, 102.7157397860675, 1.0]}, "datetime": {"datetime": "2025-08-20 18:23:14", "elapsed": 23449.08624434471, "delta": 15.663381099700928}, "costs": {"total_cost": 180.08214096934753, "time_cost": 69.112, "final_distance_cost": 1.8278400806603459, "oscillation_cost": 36.4936985830888, "completition_cost": 0.0, "overshoot_cost": 50.059528796467184, "power_cost": 11.550525317382814, "noise_cost": 11.038548191748387, "n_waypoints_completed": 9, "tot_waypoints": 9}}
{"target": -207.5658871516723, "params": {"k_pid_pos": [1.4698128353043505, 0.024859491386256316, 0.2662270978845458], "k_pid_alt": [1.2679502233621702, 0.0, 0.23665804942399393], "k_pid_att": [43.948176657889235, 3.7802132718527557, 0.0607414183622893], "k_pid_yaw": [0.5, 1e-06, 0.1], "k_pid_hsp": [2.395389635608916, 0.01, 0.01], "k_pid_vsp": [110.56511661686339, 102.7157397860675, 1.0]}, "datetime": {"datetime": "2025-08-20 18:23:29", "elapsed": 23464.00056219101, "delta": 14.914317846298218}, "costs": {"total_cost": 207.5658871516723, "time_cost": 69.296, "final_distance_cost": 1.8105970473573805, "oscillation_cost": 63.54778739805621, "completition_cost": 0.0, "overshoot_cost": 49.96338827107264, "power_cost": 11.785282507324219, "noise_cost": 11.162831927861859, "n_waypoints_completed": 9, "tot_waypoints": 9}}
{"target": -288.80857328416204, "params": {"k_pid_pos": [1.4698128353043505, 0.024859491386256316, 0.3434561031905483], "k_pid_alt": [1.2679502233621702, 0.0, 0.6853371560380503], "k_pid_att": [43.948176657889235, 3.7802132718527557, 0.9274604585040267], "k_pid_yaw": [0.5, 1e-06, 0.1], "k_pid_hsp": [2.395389635608916, 0.8491439406138563, 0.33433135258726887], "k_pid_vsp": [111.20884264032553, 102.7157397860675, 1.0]}, "datetime": {"datetime": "2025-08-20 18:23:46", "elapsed": 23481.469552516937, "delta": 17.468990325927734}, "costs": {"total_cost": 288.80857328416204, "time_cost": 76.928, "final_distance_cost": 1.7980102297677034, "oscillation_cost": 131.48966003441726, "completition_cost": 0.0, "overshoot_cost": 49.81208225168402, "power_cost": 15.621762634277344, "noise_cost": 13.159058134015698, "n_waypoints_completed": 9, "tot_waypoints": 9}}
