{"target": -192.17528240349483, "params": {"k_pid_pos": [1.8624793477566346, 0.04925411992759399, 0.995526179061942], "k_pid_alt": [1.4458679973838424, 0.0, 0.1], "k_pid_att": [20.0, 1.0, 0.20230861884209816], "k_pid_yaw": [0.5, 1e-06, 0.1], "k_pid_hsp": [1.394059891471576, 0.01, 0.01], "k_pid_vsp": [150.0, 307.0029666248519, 1.0]}, "datetime": {"datetime": "2025-08-20 13:43:11", "elapsed": 6646.200087547302, "delta": 18.491808891296387}, "costs": {"total_cost": 192.17528240349483, "time_cost": 69.83200000000001, "final_distance_cost": 1.8500844441675177, "oscillation_cost": 46.84150397080149, "completition_cost": 0.0, "overshoot_cost": 49.38582476623458, "power_cost": 12.633657385253906, "noise_cost": 11.632211837037326, "n_waypoints_completed": 9, "tot_waypoints": 9}}
{"target": -180.91709668420373, "params": {"k_pid_pos": [1.4698128353043505, 0.024859491386256316, 0.11401919133455096], "k_pid_alt": [1.2679502233621702, 0.0, 0.1], "k_pid_att": [43.948176657889235, 1.0, 0.9274604585040267], "k_pid_yaw": [0.5, 1e-06, 0.1], "k_pid_hsp": [1.0, 0.01, 0.01], "k_pid_vsp": [111.20884264032553, 139.20520652041523, 1.0]}, "datetime": {"datetime": "2025-08-20 13:43:30", "elapsed": 6665.282755613327, "delta": 19.08266806602478}, "costs": {"total_cost": 180.91709668420373, "time_cost": 68.464, "final_distance_cost": 1.7958818672802102, "oscillation_cost": 37.06511457961228, "completition_cost": 0.0, "overshoot_cost": 49.91055072482919, "power_cost": 12.436664782714844, "noise_cost": 11.2448847297672, "n_waypoints_completed": 9, "tot_waypoints": 9}}
{"target": -193.27709098823146, "params": {"k_pid_pos": [1.4698128353043505, 0.024859491386256316, 0.11401919133455096], "k_pid_alt": [1.2679502233621702, 0.0, 0.1], "k_pid_att": [94.03514125381805, 1.0, 0.004857337777279036], "k_pid_yaw": [0.5, 1e-06, 0.1], "k_pid_hsp": [1.0, 0.01, 0.01], "k_pid_vsp": [111.20884264032553, 93.09285943774285, 1.0]}, "datetime": {"datetime": "2025-08-20 13:43:47", "elapsed": 6681.747315406799, "delta": 16.46455979347229}, "costs": {"total_cost": 193.27709098823146, "time_cost": 68.83200000000001, "final_distance_cost": 1.8187008105065234, "oscillation_cost": 48.03381383760483, "completition_cost": 0.0, "overshoot_cost": 50.94350150936647, "power_cost": 12.38352109375, "noise_cost": 11.265553737003653, "n_waypoints_completed": 9, "tot_waypoints": 9}}
{"target": -181.63476653185504, "params": {"k_pid_pos": [1.4698128353043505, 0.03988560271314401, 0.11401919133455096], "k_pid_alt": [1.2679502233621702, 0.0, 0.06527723447865985], "k_pid_att": [58.989274729095186, 1.0, 0.8739915892735461], "k_pid_yaw": [0.5, 1e-06, 0.1], "k_pid_hsp": [1.0, 0.01, 0.01], "k_pid_vsp": [111.20884264032553, 93.09285943774285, 1.0]}, "datetime": {"datetime": "2025-08-20 13:44:04", "elapsed": 6699.36794257164, "delta": 17.6206271648407}, "costs": {"total_cost": 181.63476653185504, "time_cost": 68.528, "final_distance_cost": 1.7833728075684998, "oscillation_cost": 37.34266189174043, "completition_cost": 0.0, "overshoot_cost": 50.38724386424736, "power_cost": 12.382058056640625, "noise_cost": 11.211429911658126, "n_waypoints_completed": 9, "tot_waypoints": 9}}
{"target": -185.64974310492119, "params": {"k_pid_pos": [1.849624377781123, 0.024859491386256316, 0.44963268842268056], "k_pid_alt": [1.1302962253917743, 0.0, 0.251263550706466], "k_pid_att": [82.07793770411665, 5.9521973635976435, 0.737857181360408], "k_pid_yaw": [0.5, 1e-06, 0.1], "k_pid_hsp": [1.0, 0.01, 0.01], "k_pid_vsp": [258.4046895883358, 139.20520652041523, 1.0]}, "datetime": {"datetime": "2025-08-20 13:44:22", "elapsed": 6717.395980834961, "delta": 18.028038263320923}, "costs": {"total_cost": 185.64974310492119, "time_cost": 69.616, "final_distance_cost": 1.8039818426062533, "oscillation_cost": 39.63294021710843, "completition_cost": 0.0, "overshoot_cost": 50.62937805596249, "power_cost": 12.545987133789064, "noise_cost": 11.421455855454974, "n_waypoints_completed": 9, "tot_waypoints": 9}}
{"target": -204.9775623137143, "params": {"k_pid_pos": [1.8624793477566346, 0.04925411992759399, 0.6830149564489978], "k_pid_alt": [1.4458679973838424, 0.0, 0.06527723447865985], "k_pid_att": [58.989274729095186, 1.0, 0.004857337777279036], "k_pid_yaw": [0.5, 1e-06, 0.1], "k_pid_hsp": [1.0, 0.01, 0.01], "k_pid_vsp": [150.0, 307.0029666248519, 1.0]}, "datetime": {"datetime": "2025-08-20 13:44:39", "elapsed": 6734.253173351288, "delta": 16.857192516326904}, "costs": {"total_cost": 204.9775623137143, "time_cost": 68.888, "final_distance_cost": 1.8335051488393121, "oscillation_cost": 60.70289476988687, "completition_cost": 0.0, "overshoot_cost": 49.7685234549457, "power_cost": 12.326848168945313, "noise_cost": 11.45779077109711, "n_waypoints_completed": 9, "tot_waypoints": 9}}
{"target": -426.3039108461889, "params": {"k_pid_pos": [1.4698128353043505, 0.26056931642547587, 0.11401919133455096], "k_pid_alt": [1.2679502233621702, 0.9664762406883838, 0.1], "k_pid_att": [43.948176657889235, 1.0, 0.7771527494070096], "k_pid_yaw": [0.5, 1e-06, 0.1], "k_pid_hsp": [1.0, 0.01, 0.01], "k_pid_vsp": [333.29801552052976, 55.3482780190707, 1.0]}, "datetime": {"datetime": "2025-08-20 13:45:03", "elapsed": 6758.210212469101, "delta": 23.95703911781311}, "costs": {"total_cost": 426.3039108461889, "time_cost": 150, "final_distance_cost": 17.201656567544816, "oscillation_cost": 57.25985764797015, "completition_cost": 111.11111111111116, "overshoot_cost": 57.558177544805275, "power_cost": 17.515900000000002, "noise_cost": 15.657207974757522, "n_waypoints_completed": 8, "tot_waypoints": 9}}
{"target": -187.13295790019853, "params": {"k_pid_pos": [1.8624793477566346, 0.04925411992759399, 0.6830149564489978], "k_pid_alt": [1.4458679973838424, 0.0, 0.8361997509577753], "k_pid_att": [19.462821160492226, 7.212729332224264, 0.737857181360408], "k_pid_yaw": [0.5, 1e-06, 0.1], "k_pid_hsp": [1.0, 0.01, 0.01], "k_pid_vsp": [175.8349501205355, 139.20520652041523, 1.0]}, "datetime": {"datetime": "2025-08-20 13:45:20", "elapsed": 6774.605386734009, "delta": 16.395174264907837}, "costs": {"total_cost": 187.13295790019853, "time_cost": 70.688, "final_distance_cost": 1.8282521851050635, "oscillation_cost": 39.8392768486134, "completition_cost": 0.0, "overshoot_cost": 50.319025975896366, "power_cost": 12.903972204589845, "noise_cost": 11.55443068599384, "n_waypoints_completed": 9, "tot_waypoints": 9}}
{"target": -198.14826995230962, "params": {"k_pid_pos": [1.4698128353043505, 0.024859491386256316, 0.11401919133455096], "k_pid_alt": [1.2679502233621702, 0.0, 0.9924587097750137], "k_pid_att": [19.462821160492226, 7.212729332224264, 0.48922906718999004], "k_pid_yaw": [0.5, 1e-06, 0.1], "k_pid_hsp": [6.779068060256637, 0.01, 0.01], "k_pid_vsp": [111.20884264032553, 93.09285943774285, 1.0]}, "datetime": {"datetime": "2025-08-20 13:45:37", "elapsed": 6792.373512983322, "delta": 17.768126249313354}, "costs": {"total_cost": 198.14826995230962, "time_cost": 72.0, "final_distance_cost": 1.815406573051396, "oscillation_cost": 51.35777759687097, "completition_cost": 0.0, "overshoot_cost": 49.73889267206404, "power_cost": 11.981959545898437, "noise_cost": 11.254233564424805, "n_waypoints_completed": 9, "tot_waypoints": 9}}
{"target": -1180.9701736877776, "params": {"k_pid_pos": [1.4698128353043505, 0.024859491386256316, 0.11401919133455096], "k_pid_alt": [1.2679502233621702, 0.2641916632353021, 0.6674289755844626], "k_pid_att": [66.62171653053798, 1.0, 0.9274604585040267], "k_pid_yaw": [0.5, 1e-06, 0.1], "k_pid_hsp": [1.0, 0.029631885976391104, 0.43022652634600356], "k_pid_vsp": [111.20884264032553, 93.09285943774285, 267.22239460664355]}, "datetime": {"datetime": "2025-08-20 13:46:03", "elapsed": 6817.9075582027435, "delta": 25.534045219421387}, "costs": {"total_cost": 1180.9701736877776, "time_cost": 150, "final_distance_cost": 38.74584079219463, "oscillation_cost": 322.55597897751267, "completition_cost": 555.5555555555555, "overshoot_cost": 76.89766629409766, "power_cost": 20.40696276855469, "noise_cost": 16.808169299862325, "n_waypoints_completed": 4, "tot_waypoints": 9}}
{"target": -184.4606680874183, "params": {"k_pid_pos": [1.4698128353043505, 0.024859491386256316, 0.11401919133455096], "k_pid_alt": [1.2679502233621702, 0.0, 0.1], "k_pid_att": [66.62171653053798, 1.0, 0.5354455210588809], "k_pid_yaw": [0.5, 1e-06, 0.1], "k_pid_hsp": [1.0, 0.029631885976391104, 0.01], "k_pid_vsp": [111.20884264032553, 93.09285943774285, 1.0]}, "datetime": {"datetime": "2025-08-20 13:46:21", "elapsed": 6836.1791706085205, "delta": 18.271612405776978}, "costs": {"total_cost": 184.4606680874183, "time_cost": 68.57600000000001, "final_distance_cost": 1.8157597229846125, "oscillation_cost": 40.04495240462927, "completition_cost": 0.0, "overshoot_cost": 50.35848291931307, "power_cost": 12.45841795654297, "noise_cost": 11.207055083948381, "n_waypoints_completed": 9, "tot_waypoints": 9}}
{"target": -181.54343472295758, "params": {"k_pid_pos": [1.4698128353043505, 0.024859491386256316, 0.11401919133455096], "k_pid_alt": [1.2679502233621702, 0.0, 0.1], "k_pid_att": [43.948176657889235, 3.7802132718527557, 0.9274604585040267], "k_pid_yaw": [0.5, 1e-06, 0.1], "k_pid_hsp": [1.0, 0.01, 0.01], "k_pid_vsp": [150.0, 307.0029666248519, 1.0]}, "datetime": {"datetime": "2025-08-20 13:46:39", "elapsed": 6853.875778198242, "delta": 17.69660758972168}, "costs": {"total_cost": 181.54343472295758, "time_cost": 68.47200000000001, "final_distance_cost": 1.7904633244407946, "oscillation_cost": 37.506039613368884, "completition_cost": 0.0, "overshoot_cost": 49.72251429811044, "power_cost": 12.722600146484375, "noise_cost": 11.329817340553054, "n_waypoints_completed": 9, "tot_waypoints": 9}}
{"target": -186.59004375818256, "params": {"k_pid_pos": [1.849624377781123, 0.024859491386256316, 0.44963268842268056], "k_pid_alt": [1.296896341175293, 0.0, 0.4986678334288609], "k_pid_att": [19.462821160492226, 4.452622529689853, 0.737857181360408], "k_pid_yaw": [0.5, 1e-06, 0.1], "k_pid_hsp": [1.0, 0.01, 0.01], "k_pid_vsp": [250.4409247236842, 139.20520652041523, 62.564861685850005]}, "datetime": {"datetime": "2025-08-20 13:46:58", "elapsed": 6873.380801439285, "delta": 19.50502324104309}, "costs": {"total_cost": 186.59004375818256, "time_cost": 68.784, "final_distance_cost": 1.8251228178575662, "oscillation_cost": 42.31040395951496, "completition_cost": 0.0, "overshoot_cost": 50.15690009219639, "power_cost": 13.110059375, "noise_cost": 10.403557513613677, "n_waypoints_completed": 9, "tot_waypoints": 9}}
{"target": -180.91709668420373, "params": {"k_pid_pos": [1.4698128353043505, 0.024859491386256316, 0.11401919133455096], "k_pid_alt": [1.2679502233621702, 0.0, 0.1], "k_pid_att": [43.948176657889235, 1.0, 0.9274604585040267], "k_pid_yaw": [0.5, 1e-06, 0.1], "k_pid_hsp": [1.0, 0.01, 0.01], "k_pid_vsp": [111.20884264032553, 139.20520652041523, 1.0]}, "datetime": {"datetime": "2025-08-20 13:47:15", "elapsed": 6889.627663612366, "delta": 16.246862173080444}, "costs": {"total_cost": 180.91709668420373, "time_cost": 68.464, "final_distance_cost": 1.7958818672802102, "oscillation_cost": 37.06511457961228, "completition_cost": 0.0, "overshoot_cost": 49.91055072482919, "power_cost": 12.436664782714844, "noise_cost": 11.2448847297672, "n_waypoints_completed": 9, "tot_waypoints": 9}}
{"target": -181.29403660663945, "params": {"k_pid_pos": [1.4698128353043505, 0.024859491386256316, 0.11401919133455096], "k_pid_alt": [1.2679502233621702, 0.0, 0.1], "k_pid_att": [43.948176657889235, 4.452622529689853, 0.737857181360408], "k_pid_yaw": [0.5, 1e-06, 0.1], "k_pid_hsp": [1.0, 0.01, 0.01], "k_pid_vsp": [111.20884264032553, 139.20520652041523, 1.0]}, "datetime": {"datetime": "2025-08-20 13:47:31", "elapsed": 6906.228859424591, "delta": 16.601195812225342}, "costs": {"total_cost": 181.29403660663945, "time_cost": 68.432, "final_distance_cost": 1.7872494674007047, "oscillation_cost": 37.450995147453554, "completition_cost": 0.0, "overshoot_cost": 49.769694062561456, "power_cost": 12.558518322753907, "noise_cost": 11.295579606469817, "n_waypoints_completed": 9, "tot_waypoints": 9}}
{"target": -181.54343472295758, "params": {"k_pid_pos": [1.4698128353043505, 0.024859491386256316, 0.11401919133455096], "k_pid_alt": [1.2679502233621702, 0.0, 0.1], "k_pid_att": [43.948176657889235, 3.7802132718527557, 0.9274604585040267], "k_pid_yaw": [0.5, 1e-06, 0.1], "k_pid_hsp": [1.0, 0.01, 0.01], "k_pid_vsp": [150.0, 307.0029666248519, 1.0]}, "datetime": {"datetime": "2025-08-20 13:47:49", "elapsed": 6923.963165521622, "delta": 17.73430609703064}, "costs": {"total_cost": 181.54343472295758, "time_cost": 68.47200000000001, "final_distance_cost": 1.7904633244407946, "oscillation_cost": 37.506039613368884, "completition_cost": 0.0, "overshoot_cost": 49.72251429811044, "power_cost": 12.722600146484375, "noise_cost": 11.329817340553054, "n_waypoints_completed": 9, "tot_waypoints": 9}}
{"target": -185.85195085185381, "params": {"k_pid_pos": [1.647366612200146, 0.06328363340203702, 0.11401919133455096], "k_pid_alt": [1.2679502233621702, 0.0, 0.1], "k_pid_att": [66.62171653053798, 6.16091081068753, 0.9274604585040267], "k_pid_yaw": [0.5, 1e-06, 0.1], "k_pid_hsp": [1.0, 0.029631885976391104, 0.01], "k_pid_vsp": [397.63618790684643, 93.09285943774285, 1.0]}, "datetime": {"datetime": "2025-08-20 13:48:05", "elapsed": 6939.932111024857, "delta": 15.968945503234863}, "costs": {"total_cost": 185.85195085185381, "time_cost": 68.864, "final_distance_cost": 1.7975787697959504, "oscillation_cost": 41.19145509387645, "completition_cost": 0.0, "overshoot_cost": 50.804731288179795, "power_cost": 12.099744873046875, "noise_cost": 11.094440826954719, "n_waypoints_completed": 9, "tot_waypoints": 9}}
{"target": -210.6690545435584, "params": {"k_pid_pos": [1.4698128353043505, 0.024859491386256316, 0.11401919133455096], "k_pid_alt": [1.2679502233621702, 0.7792531125598329, 0.1], "k_pid_att": [43.948176657889235, 3.7802132718527557, 0.9274604585040267], "k_pid_yaw": [0.5, 1e-06, 0.1], "k_pid_hsp": [2.6616915674582815, 0.01, 0.01], "k_pid_vsp": [150.0, 307.0029666248519, 1.0]}, "datetime": {"datetime": "2025-08-20 13:48:24", "elapsed": 6958.964887142181, "delta": 19.03277611732483}, "costs": {"total_cost": 210.6690545435584, "time_cost": 80.976, "final_distance_cost": 1.761726684309908, "oscillation_cost": 49.91572848457727, "completition_cost": 0.0, "overshoot_cost": 52.199620207095165, "power_cost": 13.7722396484375, "noise_cost": 12.043739519138551, "n_waypoints_completed": 9, "tot_waypoints": 9}}
{"target": -200.67847607784125, "params": {"k_pid_pos": [1.4698128353043505, 0.024859491386256316, 0.11401919133455096], "k_pid_alt": [1.2679502233621702, 0.0, 0.1], "k_pid_att": [43.948176657889235, 3.7802132718527557, 0.9274604585040267], "k_pid_yaw": [0.5, 1e-06, 0.1], "k_pid_hsp": [1.0, 0.01, 0.01], "k_pid_vsp": [5.13849942235769, 307.0029666248519, 1.0]}, "datetime": {"datetime": "2025-08-20 13:48:40", "elapsed": 6975.449302434921, "delta": 16.484415292739868}, "costs": {"total_cost": 200.67847607784125, "time_cost": 69.24, "final_distance_cost": 1.8058620532311334, "oscillation_cost": 55.94601410832838, "completition_cost": 0.0, "overshoot_cost": 49.60480410891598, "power_cost": 13.85306845703125, "noise_cost": 10.228727350334545, "n_waypoints_completed": 9, "tot_waypoints": 9}}
{"target": -187.2882417580228, "params": {"k_pid_pos": [1.4698128353043505, 0.024859491386256316, 0.11401919133455096], "k_pid_alt": [1.7123163249843363, 0.0, 0.5727041359331937], "k_pid_att": [9.576185185983421, 1.0, 0.9274604585040267], "k_pid_yaw": [0.5, 1e-06, 0.1], "k_pid_hsp": [1.0, 0.01, 0.01], "k_pid_vsp": [46.59224637328396, 307.0029666248519, 1.0]}, "datetime": {"datetime": "2025-08-20 13:48:59", "elapsed": 6994.166848421097, "delta": 18.717545986175537}, "costs": {"total_cost": 187.2882417580228, "time_cost": 68.616, "final_distance_cost": 1.768258376967181, "oscillation_cost": 42.73741386018753, "completition_cost": 0.0, "overshoot_cost": 50.02939022164442, "power_cost": 13.029656652832031, "noise_cost": 11.107522646391642, "n_waypoints_completed": 9, "tot_waypoints": 9}}
{"target": -185.3998803501767, "params": {"k_pid_pos": [1.849624377781123, 0.024859491386256316, 0.11401919133455096], "k_pid_alt": [1.2679502233621702, 0.0, 0.1], "k_pid_att": [66.62171653053798, 1.0, 0.9274604585040267], "k_pid_yaw": [0.5, 1e-06, 0.1], "k_pid_hsp": [1.0, 0.029631885976391104, 0.01], "k_pid_vsp": [153.0622015256548, 93.09285943774285, 1.0]}, "datetime": {"datetime": "2025-08-20 13:49:15", "elapsed": 7009.8296048641205, "delta": 15.662756443023682}, "costs": {"total_cost": 185.3998803501767, "time_cost": 68.52, "final_distance_cost": 1.7765789537374836, "oscillation_cost": 41.938572739130365, "completition_cost": 0.0, "overshoot_cost": 50.04727968359341, "power_cost": 12.067721411132814, "noise_cost": 11.049727562582609, "n_waypoints_completed": 9, "tot_waypoints": 9}}
{"target": -339.78054491807137, "params": {"k_pid_pos": [1.4698128353043505, 0.024859491386256316, 0.44963268842268056], "k_pid_alt": [1.296896341175293, 0.0, 0.05594087397445002], "k_pid_att": [19.462821160492226, 4.452622529689853, 0.737857181360408], "k_pid_yaw": [0.5, 1e-06, 0.1], "k_pid_hsp": [3.178468553338115, 0.01, 0.5348019131804018], "k_pid_vsp": [250.4409247236842, 139.20520652041523, 62.564861685850005]}, "datetime": {"datetime": "2025-08-20 13:49:32", "elapsed": 7027.202006578445, "delta": 17.37240171432495}, "costs": {"total_cost": 339.78054491807137, "time_cost": 76.016, "final_distance_cost": 1.7295361643641498, "oscillation_cost": 181.33596505722497, "completition_cost": 0.0, "overshoot_cost": 53.05965786345655, "power_cost": 15.44923406982422, "noise_cost": 12.190151763201456, "n_waypoints_completed": 9, "tot_waypoints": 9}}
{"target": -312.0381288175537, "params": {"k_pid_pos": [1.849624377781123, 0.024859491386256316, 0.44963268842268056], "k_pid_alt": [1.1302962253917743, 0.0, 0.6401712481082494], "k_pid_att": [43.948176657889235, 1.1322615083422152, 0.9274604585040267], "k_pid_yaw": [0.5, 1e-06, 0.1], "k_pid_hsp": [9.179433221978535, 0.029631885976391104, 0.5627030530435029], "k_pid_vsp": [253.67328615807344, 93.09285943774285, 58.10898780114173]}, "datetime": {"datetime": "2025-08-20 13:49:48", "elapsed": 7042.902401447296, "delta": 15.700394868850708}, "costs": {"total_cost": 312.0381288175537, "time_cost": 70.21600000000001, "final_distance_cost": 1.7967536290281345, "oscillation_cost": 163.32568492020437, "completition_cost": 0.0, "overshoot_cost": 50.709181172924254, "power_cost": 14.71276630859375, "noise_cost": 11.27774278680317, "n_waypoints_completed": 9, "tot_waypoints": 9}}
{"target": -1317.211150574972, "params": {"k_pid_pos": [1.4698128353043505, 0.024859491386256316, 0.4512805015659471], "k_pid_alt": [0.00789192005438899, 0.0, 0.251263550706466], "k_pid_att": [82.07793770411665, 5.9521973635976435, 0.737857181360408], "k_pid_yaw": [0.5, 1e-06, 0.1], "k_pid_hsp": [1.0, 0.01, 0.01], "k_pid_vsp": [258.4046895883358, 139.20520652041523, 1.0]}, "datetime": {"datetime": "2025-08-20 13:50:11", "elapsed": 7065.536815404892, "delta": 22.634413957595825}, "costs": {"total_cost": 1317.211150574972, "time_cost": 150, "final_distance_cost": 22.409180664093547, "oscillation_cost": 10.66601891376315, "completition_cost": 1000.0, "overshoot_cost": 99.98882531529391, "power_cost": 16.215904821777343, "noise_cost": 17.9312208600441, "n_waypoints_completed": 0, "tot_waypoints": 9}}
{"target": -180.9493430352725, "params": {"k_pid_pos": [1.4698128353043505, 0.024859491386256316, 0.11401919133455096], "k_pid_alt": [1.2679502233621702, 0.0, 0.1], "k_pid_att": [52.781640202125004, 1.0, 0.9274604585040267], "k_pid_yaw": [0.5, 1e-06, 0.1], "k_pid_hsp": [1.0, 0.029631885976391104, 0.01], "k_pid_vsp": [111.20884264032553, 93.09285943774285, 1.0]}, "datetime": {"datetime": "2025-08-20 13:50:26", "elapsed": 7081.077689886093, "delta": 15.540874481201172}, "costs": {"total_cost": 180.9493430352725, "time_cost": 68.48, "final_distance_cost": 1.8176834925963474, "oscillation_cost": 37.352244017058325, "completition_cost": 0.0, "overshoot_cost": 50.086461184773356, "power_cost": 12.11051033935547, "noise_cost": 11.102444001489003, "n_waypoints_completed": 9, "tot_waypoints": 9}}
{"target": -205.52863595211903, "params": {"k_pid_pos": [1.4698128353043505, 0.024859491386256316, 0.11401919133455096], "k_pid_alt": [1.2679502233621702, 0.41559419760170657, 0.1], "k_pid_att": [43.948176657889235, 3.7802132718527557, 0.9274604585040267], "k_pid_yaw": [0.5, 1e-06, 0.1], "k_pid_hsp": [1.0, 0.01, 0.01], "k_pid_vsp": [150.0, 307.0029666248519, 1.0]}, "datetime": {"datetime": "2025-08-20 13:50:44", "elapsed": 7098.895537853241, "delta": 17.817847967147827}, "costs": {"total_cost": 205.52863595211903, "time_cost": 77.056, "final_distance_cost": 1.7777057464029307, "oscillation_cost": 49.43532618233156, "completition_cost": 0.0, "overshoot_cost": 51.05460314549931, "power_cost": 14.0733724609375, "noise_cost": 12.131628416947756, "n_waypoints_completed": 9, "tot_waypoints": 9}}
{"target": -182.3338684593913, "params": {"k_pid_pos": [1.4999912498542303, 0.024859491386256316, 0.11401919133455096], "k_pid_alt": [1.2679502233621702, 0.0, 0.1], "k_pid_att": [66.62171653053798, 1.0, 0.9274604585040267], "k_pid_yaw": [0.5, 1e-06, 0.1], "k_pid_hsp": [1.0, 0.029631885976391104, 0.01], "k_pid_vsp": [111.20884264032553, 93.09285943774285, 1.0]}, "datetime": {"datetime": "2025-08-20 13:51:00", "elapsed": 7115.106588840485, "delta": 16.211050987243652}, "costs": {"total_cost": 182.3338684593913, "time_cost": 68.52, "final_distance_cost": 1.7805573087161113, "oscillation_cost": 38.32910194023658, "completition_cost": 0.0, "overshoot_cost": 50.290218108589144, "power_cost": 12.264761767578126, "noise_cost": 11.149229334271338, "n_waypoints_completed": 9, "tot_waypoints": 9}}
