{"target": -212.68723733833556, "params": {"k_pid_pos": [1.849624377781123, 0.024859491386256316, 0.44963268842268056], "k_pid_alt": [1.2679502233621702, 0.0, 0.1], "k_pid_att": [20.0, 1.0, 0.01], "k_pid_yaw": [0.5, 1e-06, 0.1], "k_pid_hsp": [1.0, 0.01, 0.01], "k_pid_vsp": [150.0, 10.0, 1.0]}, "datetime": {"datetime": "2025-08-20 12:27:59", "elapsed": 2133.9048006534576, "delta": 15.117541074752808}, "costs": {"total_cost": 212.68723733833556, "time_cost": 69.848, "final_distance_cost": 1.7800340884785602, "oscillation_cost": 65.82783768181164, "completition_cost": 0.0, "overshoot_cost": 50.80162318905737, "power_cost": 12.766920861816407, "noise_cost": 11.662821517171592, "n_waypoints_completed": 9, "tot_waypoints": 9}}
{"target": -227.49241307826284, "params": {"k_pid_pos": [1.3368390832847643, 0.4710962061431325, 0.5652361064811888], "k_pid_alt": [1.142334724111482, 0.6347183200005908, 0.20799807370846057], "k_pid_att": [22.592895791678245, 9.597749245839971, 0.3952346537588943], "k_pid_yaw": [0.5, 1e-06, 0.1], "k_pid_hsp": [1.0, 0.01, 0.01], "k_pid_vsp": [150.0, 10.0, 1.0]}, "datetime": {"datetime": "2025-08-20 12:28:19", "elapsed": 2153.6116819381714, "delta": 19.706881284713745}, "costs": {"total_cost": 227.49241307826284, "time_cost": 93.032, "final_distance_cost": 1.7854039085616835, "oscillation_cost": 47.3646578473639, "completition_cost": 0.0, "overshoot_cost": 55.17259383880274, "power_cost": 16.27950958251953, "noise_cost": 13.858247901014973, "n_waypoints_completed": 9, "tot_waypoints": 9}}
{"target": -222.26985315838843, "params": {"k_pid_pos": [1.8624793477566346, 0.04925411992759399, 0.3736141384595716], "k_pid_alt": [0.7, 0.0, 0.1], "k_pid_att": [20.0, 1.0, 0.01], "k_pid_yaw": [0.5, 1e-06, 0.1], "k_pid_hsp": [1.0, 0.468231405693584, 0.01], "k_pid_vsp": [111.20884264032553, 10.0, 1.0]}, "datetime": {"datetime": "2025-08-20 12:28:35", "elapsed": 2169.8687829971313, "delta": 16.25710105895996}, "costs": {"total_cost": 222.26985315838843, "time_cost": 73.848, "final_distance_cost": 1.8039098929586637, "oscillation_cost": 70.11928585644758, "completition_cost": 0.0, "overshoot_cost": 50.74052359709035, "power_cost": 13.757780883789064, "noise_cost": 12.00035292810282, "n_waypoints_completed": 9, "tot_waypoints": 9}}
{"target": -375.96855572541557, "params": {"k_pid_pos": [1.849624377781123, 0.024859491386256316, 0.44963268842268056], "k_pid_alt": [1.2679502233621702, 0.0, 0.1], "k_pid_att": [20.0, 1.619499508339287, 0.01], "k_pid_yaw": [0.5, 1e-06, 0.1], "k_pid_hsp": [4.3672302205847, 0.2145846728195292, 0.40852864372463615], "k_pid_vsp": [341.36122930726646, 93.57579511219681, 23.321097617323666]}, "datetime": {"datetime": "2025-08-20 12:28:50", "elapsed": 2184.908333301544, "delta": 15.039550304412842}, "costs": {"total_cost": 375.96855572541557, "time_cost": 69.336, "final_distance_cost": 1.7165062372788762, "oscillation_cost": 225.60459830773112, "completition_cost": 0.0, "overshoot_cost": 50.7860006547611, "power_cost": 16.17458935546875, "noise_cost": 12.350861170175756, "n_waypoints_completed": 9, "tot_waypoints": 9}}
{"target": -234.62385982806606, "params": {"k_pid_pos": [1.734860336611219, 0.5811166092209024, 0.19977565166005762], "k_pid_alt": [1.6082490523645254, 0.7154071296158017, 0.7389840039155418], "k_pid_att": [13.105775155731326, 1.2376256611230811, 0.9275625510065076], "k_pid_yaw": [0.5, 1e-06, 0.1], "k_pid_hsp": [1.0, 0.01, 0.01], "k_pid_vsp": [150.0, 10.0, 1.0]}, "datetime": {"datetime": "2025-08-20 12:29:09", "elapsed": 2204.4712212085724, "delta": 19.5628879070282}, "costs": {"total_cost": 234.62385982806606, "time_cost": 91.608, "final_distance_cost": 1.7785491944649963, "oscillation_cost": 54.3264925712623, "completition_cost": 0.0, "overshoot_cost": 55.265205419717695, "power_cost": 16.86574245605469, "noise_cost": 14.77987018656639, "n_waypoints_completed": 9, "tot_waypoints": 9}}
{"target": -227.82536099023224, "params": {"k_pid_pos": [0.8325832251638142, 0.04925411992759399, 0.3736141384595716], "k_pid_alt": [0.1927819243069986, 0.9026023965438417, 0.45577628983361107], "k_pid_att": [11.895331074021131, 3.0596356458441103, 0.9274604585040267], "k_pid_yaw": [0.5, 1e-06, 0.1], "k_pid_hsp": [1.0, 0.01, 0.01], "k_pid_vsp": [111.20884264032553, 10.0, 1.0]}, "datetime": {"datetime": "2025-08-20 12:29:29", "elapsed": 2224.106031894684, "delta": 19.63481068611145}, "costs": {"total_cost": 227.82536099023224, "time_cost": 91.76, "final_distance_cost": 1.7906156519884848, "oscillation_cost": 41.20849600080096, "completition_cost": 0.0, "overshoot_cost": 63.60878577257211, "power_cost": 15.790731274414064, "noise_cost": 13.666732290456617, "n_waypoints_completed": 9, "tot_waypoints": 9}}
{"target": -452.7959157452013, "params": {"k_pid_pos": [1.3368390832847643, 0.4710962061431325, 0.5652361064811888], "k_pid_alt": [0.8247498285944492, 0.6347183200005908, 0.5535794006579958], "k_pid_att": [22.592895791678245, 9.597749245839971, 0.9274604585040267], "k_pid_yaw": [0.5, 1e-06, 0.1], "k_pid_hsp": [1.0, 0.01, 0.01], "k_pid_vsp": [111.20884264032553, 10.0, 1.0]}, "datetime": {"datetime": "2025-08-20 12:29:51", "elapsed": 2245.666296482086, "delta": 21.560264587402344}, "costs": {"total_cost": 452.7959157452013, "time_cost": 150, "final_distance_cost": 61.84667675091174, "oscillation_cost": 44.575370724070005, "completition_cost": 111.11111111111116, "overshoot_cost": 52.68522965976976, "power_cost": 17.810853454589843, "noise_cost": 14.766674044748777, "n_waypoints_completed": 8, "tot_waypoints": 9}}
{"target": -499.0275759930233, "params": {"k_pid_pos": [1.3368390832847643, 0.3482758834614562, 0.5652361064811888], "k_pid_alt": [0.7928724707296242, 0.6347183200005908, 0.7497057510446368], "k_pid_att": [20.0, 1.0, 0.01], "k_pid_yaw": [0.5, 1e-06, 0.1], "k_pid_hsp": [1.0, 0.01, 0.01], "k_pid_vsp": [150.0, 10.0, 1.0]}, "datetime": {"datetime": "2025-08-20 12:30:12", "elapsed": 2267.212033033371, "delta": 21.54573655128479}, "costs": {"total_cost": 499.0275759930233, "time_cost": 150, "final_distance_cost": 32.250323927048775, "oscillation_cost": 117.42712872335886, "completition_cost": 111.11111111111116, "overshoot_cost": 55.816792255807485, "power_cost": 17.639869653320314, "noise_cost": 14.782350322376727, "n_waypoints_completed": 8, "tot_waypoints": 9}}
{"target": -353.47033788577806, "params": {"k_pid_pos": [1.917034736421507, 0.024859491386256316, 0.44963268842268056], "k_pid_alt": [1.2679502233621702, 0.0, 0.8419932110394631], "k_pid_att": [52.045744376722766, 3.0395705856163158, 0.030817834567939406], "k_pid_yaw": [0.5, 1e-06, 0.1], "k_pid_hsp": [3.9758421804300244, 0.30094869178093975, 0.8271734245206864], "k_pid_vsp": [265.14568510543296, 184.69087941207655, 114.57849146637578]}, "datetime": {"datetime": "2025-08-20 12:30:28", "elapsed": 2283.06747341156, "delta": 15.855440378189087}, "costs": {"total_cost": 353.47033788577806, "time_cost": 73.136, "final_distance_cost": 1.7976284109222014, "oscillation_cost": 197.86572777931775, "completition_cost": 0.0, "overshoot_cost": 52.99562003209185, "power_cost": 15.610031616210938, "noise_cost": 12.06533004723532, "n_waypoints_completed": 9, "tot_waypoints": 9}}
{"target": -323.9396131407536, "params": {"k_pid_pos": [1.3885554450422086, 0.12011063010138434, 0.9898230692048735], "k_pid_alt": [0.26508416190282724, 0.7154071296158017, 0.1], "k_pid_att": [20.0, 1.0, 0.01], "k_pid_yaw": [0.5, 1e-06, 0.1], "k_pid_hsp": [1.0, 0.01, 0.01], "k_pid_vsp": [150.0, 10.0, 1.0]}, "datetime": {"datetime": "2025-08-20 12:30:47", "elapsed": 2302.2443614006042, "delta": 19.17688798904419}, "costs": {"total_cost": 323.9396131407536, "time_cost": 89.68, "final_distance_cost": 1.7712825935247867, "oscillation_cost": 140.4305230149472, "completition_cost": 0.0, "overshoot_cost": 62.39208423796124, "power_cost": 15.955442150878907, "noise_cost": 13.710281143441403, "n_waypoints_completed": 9, "tot_waypoints": 9}}
{"target": -304.9595110777149, "params": {"k_pid_pos": [1.8624793477566346, 0.04925411992759399, 0.3736141384595716], "k_pid_alt": [0.7, 0.0, 0.7389840039155418], "k_pid_att": [13.105775155731326, 1.2376256611230811, 0.9275625510065076], "k_pid_yaw": [0.5, 1e-06, 0.1], "k_pid_hsp": [7.650267549339912, 0.2145846728195292, 0.40852864372463615], "k_pid_vsp": [341.36122930726646, 93.57579511219681, 23.321097617323666]}, "datetime": {"datetime": "2025-08-20 12:31:05", "elapsed": 2320.4128432273865, "delta": 18.168481826782227}, "costs": {"total_cost": 304.9595110777149, "time_cost": 84.424, "final_distance_cost": 1.8465298347417303, "oscillation_cost": 139.01035590755737, "completition_cost": 0.0, "overshoot_cost": 49.6029094829519, "power_cost": 16.79134538574219, "noise_cost": 13.284370466721738, "n_waypoints_completed": 9, "tot_waypoints": 9}}
{"target": -389.9526981180249, "params": {"k_pid_pos": [1.3368390832847643, 0.4710962061431325, 0.5652361064811888], "k_pid_alt": [1.5299977148320512, 0.6347183200005908, 0.4468388424141526], "k_pid_att": [22.592895791678245, 2.2237570421753174, 0.057231940153260386], "k_pid_yaw": [0.5, 1e-06, 0.1], "k_pid_hsp": [8.009658440031398, 0.9277954301722804, 0.3361299685293737], "k_pid_vsp": [279.24831359145486, 335.19208762417304, 16.06052077867527]}, "datetime": {"datetime": "2025-08-20 12:31:23", "elapsed": 2337.7472112178802, "delta": 17.334367990493774}, "costs": {"total_cost": 389.9526981180249, "time_cost": 80.168, "final_distance_cost": 1.7506875330783593, "oscillation_cost": 225.50837377036868, "completition_cost": 0.0, "overshoot_cost": 50.46766100746462, "power_cost": 18.141077978515625, "noise_cost": 13.91689782859762, "n_waypoints_completed": 9, "tot_waypoints": 9}}
{"target": -226.37491373080934, "params": {"k_pid_pos": [1.3885554450422086, 0.5811166092209024, 0.19977565166005762], "k_pid_alt": [1.6082490523645254, 0.6059251776477277, 0.8014818108594153], "k_pid_att": [23.855282062738848, 5.156922816475868, 0.9274604585040267], "k_pid_yaw": [0.5, 1e-06, 0.1], "k_pid_hsp": [1.0, 0.01, 0.01], "k_pid_vsp": [111.20884264032553, 10.0, 1.0]}, "datetime": {"datetime": "2025-08-20 12:31:42", "elapsed": 2357.0836474895477, "delta": 19.33643627166748}, "costs": {"total_cost": 226.37491373080934, "time_cost": 90.888, "final_distance_cost": 1.754478784039668, "oscillation_cost": 49.36756969989865, "completition_cost": 0.0, "overshoot_cost": 53.78759007736819, "power_cost": 16.237777709960938, "noise_cost": 14.339497459541905, "n_waypoints_completed": 9, "tot_waypoints": 9}}
{"target": -228.86250671808938, "params": {"k_pid_pos": [1.849624377781123, 0.9460270628173303, 0.5699829035940329], "k_pid_alt": [0.7, 0.0, 0.1], "k_pid_att": [20.0, 1.0, 0.21517827462871852], "k_pid_yaw": [0.5, 1e-06, 0.1], "k_pid_hsp": [1.0, 0.01, 0.01], "k_pid_vsp": [150.0, 82.79406464935073, 1.0]}, "datetime": {"datetime": "2025-08-20 12:32:01", "elapsed": 2376.0853757858276, "delta": 19.001728296279907}, "costs": {"total_cost": 228.86250671808938, "time_cost": 87.136, "final_distance_cost": 1.794817574135843, "oscillation_cost": 54.65381107516067, "completition_cost": 0.0, "overshoot_cost": 54.13287834844514, "power_cost": 16.858693029785158, "noise_cost": 14.286306690562592, "n_waypoints_completed": 9, "tot_waypoints": 9}}
{"target": -217.24323818937523, "params": {"k_pid_pos": [1.4698128353043505, 0.024859491386256316, 0.44963268842268056], "k_pid_alt": [1.2679502233621702, 0.0, 0.1], "k_pid_att": [20.0, 1.0, 0.01], "k_pid_yaw": [0.5, 1e-06, 0.1], "k_pid_hsp": [1.0, 0.01, 0.01], "k_pid_vsp": [150.0, 10.0, 1.0]}, "datetime": {"datetime": "2025-08-20 12:32:16", "elapsed": 2391.415734767914, "delta": 15.330358982086182}, "costs": {"total_cost": 217.24323818937523, "time_cost": 70.872, "final_distance_cost": 1.8486715546338688, "oscillation_cost": 68.27871042924424, "completition_cost": 0.0, "overshoot_cost": 51.48491856944582, "power_cost": 12.844347106933593, "noise_cost": 11.914590529117744, "n_waypoints_completed": 9, "tot_waypoints": 9}}
{"target": -212.68723733833556, "params": {"k_pid_pos": [1.849624377781123, 0.024859491386256316, 0.44963268842268056], "k_pid_alt": [1.2679502233621702, 0.0, 0.1], "k_pid_att": [20.0, 1.0, 0.01], "k_pid_yaw": [0.5, 1e-06, 0.1], "k_pid_hsp": [1.0, 0.01, 0.01], "k_pid_vsp": [150.0, 10.0, 1.0]}, "datetime": {"datetime": "2025-08-20 12:32:31", "elapsed": 2406.22434425354, "delta": 14.80860948562622}, "costs": {"total_cost": 212.68723733833556, "time_cost": 69.848, "final_distance_cost": 1.7800340884785602, "oscillation_cost": 65.82783768181164, "completition_cost": 0.0, "overshoot_cost": 50.80162318905737, "power_cost": 12.766920861816407, "noise_cost": 11.662821517171592, "n_waypoints_completed": 9, "tot_waypoints": 9}}
{"target": -874.8651619863301, "params": {"k_pid_pos": [1.3885554450422086, 0.5811166092209024, 0.19977565166005762], "k_pid_alt": [1.6082490523645254, 0.7154071296158017, 0.31636145733671517], "k_pid_att": [15.35255220546139, 8.494103488346438, 0.05280710140011036], "k_pid_yaw": [0.5, 1e-06, 0.1], "k_pid_hsp": [0.5494443984777728, 0.9277954301722804, 0.8487921131360887], "k_pid_vsp": [279.24831359145486, 335.19208762417304, 16.06052077867527]}, "datetime": {"datetime": "2025-08-20 12:32:53", "elapsed": 2427.6961476802826, "delta": 21.471803426742554}, "costs": {"total_cost": 874.8651619863301, "time_cost": 150, "final_distance_cost": 67.72446848501, "oscillation_cost": 220.4980201424032, "completition_cost": 333.33333333333337, "overshoot_cost": 69.58865659981983, "power_cost": 19.249468884277345, "noise_cost": 14.471214541486354, "n_waypoints_completed": 6, "tot_waypoints": 9}}
{"target": -1085.021132483888, "params": {"k_pid_pos": [0.3572904909766657, 0.04925411992759399, 0.3736141384595716], "k_pid_alt": [0.7, 0.0, 0.1], "k_pid_att": [20.0, 1.0, 0.01], "k_pid_yaw": [0.5, 1e-06, 0.1], "k_pid_hsp": [1.0, 0.01, 0.01], "k_pid_vsp": [150.0, 10.0, 140.88499807383718]}, "datetime": {"datetime": "2025-08-20 12:33:14", "elapsed": 2449.245433807373, "delta": 21.549286127090454}, "costs": {"total_cost": 1085.021132483888, "time_cost": 150, "final_distance_cost": 62.44030491885581, "oscillation_cost": 102.46056737606041, "completition_cost": 666.6666666666667, "overshoot_cost": 69.86284088570105, "power_cost": 19.4698283203125, "noise_cost": 14.120924316291584, "n_waypoints_completed": 3, "tot_waypoints": 9}}
{"target": -280.6110712077221, "params": {"k_pid_pos": [1.3885554450422086, 0.4391785132059347, 0.19977565166005762], "k_pid_alt": [1.6082490523645254, 0.7154071296158017, 0.7389840039155418], "k_pid_att": [13.105775155731326, 1.2376256611230811, 0.9275625510065076], "k_pid_yaw": [0.5, 1e-06, 0.1], "k_pid_hsp": [4.3672302205847, 0.2145846728195292, 0.2235903208760469], "k_pid_vsp": [341.36122930726646, 93.57579511219681, 23.321097617323666]}, "datetime": {"datetime": "2025-08-20 12:33:33", "elapsed": 2468.106442451477, "delta": 18.861008644104004}, "costs": {"total_cost": 280.6110712077221, "time_cost": 88.304, "final_distance_cost": 1.7430947110445838, "oscillation_cost": 107.15116939483832, "completition_cost": 0.0, "overshoot_cost": 52.75614010872156, "power_cost": 16.904506652832033, "noise_cost": 13.752160340285588, "n_waypoints_completed": 9, "tot_waypoints": 9}}
{"target": -1070.58712094002, "params": {"k_pid_pos": [1.8499324491666203, 0.9460270628173303, 0.7630192967767481], "k_pid_alt": [0.7, 0.0, 0.1], "k_pid_att": [20.0, 8.497906999130581, 0.21517827462871852], "k_pid_yaw": [0.5, 1e-06, 0.1], "k_pid_hsp": [1.0, 0.01, 0.01], "k_pid_vsp": [150.0, 82.79406464935073, 291.91230708773605]}, "datetime": {"datetime": "2025-08-20 12:33:55", "elapsed": 2489.652368068695, "delta": 21.545925617218018}, "costs": {"total_cost": 1070.58712094002, "time_cost": 150, "final_distance_cost": 87.14120745462414, "oscillation_cost": 38.93798165106692, "completition_cost": 666.6666666666667, "overshoot_cost": 73.07526513709645, "power_cost": 29.039452014160158, "noise_cost": 25.726548016405648, "n_waypoints_completed": 3, "tot_waypoints": 9}}
{"target": -211.0195224250069, "params": {"k_pid_pos": [1.849624377781123, 0.024859491386256316, 0.44963268842268056], "k_pid_alt": [1.6444270921876138, 0.0, 0.1], "k_pid_att": [20.0, 1.0, 0.01], "k_pid_yaw": [0.5, 1e-06, 0.1], "k_pid_hsp": [1.0, 0.01, 0.01], "k_pid_vsp": [150.0, 10.0, 1.0]}, "datetime": {"datetime": "2025-08-20 12:34:10", "elapsed": 2504.514109134674, "delta": 14.861741065979004}, "costs": {"total_cost": 211.0195224250069, "time_cost": 69.648, "final_distance_cost": 1.7987252604614086, "oscillation_cost": 63.63376458551519, "completition_cost": 0.0, "overshoot_cost": 51.55555907343341, "power_cost": 12.736406518554688, "noise_cost": 11.647066987042214, "n_waypoints_completed": 9, "tot_waypoints": 9}}
{"target": -212.68723733833556, "params": {"k_pid_pos": [1.849624377781123, 0.024859491386256316, 0.44963268842268056], "k_pid_alt": [1.2679502233621702, 0.0, 0.1], "k_pid_att": [20.0, 1.0, 0.01], "k_pid_yaw": [0.5, 1e-06, 0.1], "k_pid_hsp": [1.0, 0.01, 0.01], "k_pid_vsp": [150.0, 10.0, 1.0]}, "datetime": {"datetime": "2025-08-20 12:34:25", "elapsed": 2519.9936940670013, "delta": 15.47958493232727}, "costs": {"total_cost": 212.68723733833556, "time_cost": 69.848, "final_distance_cost": 1.7800340884785602, "oscillation_cost": 65.82783768181164, "completition_cost": 0.0, "overshoot_cost": 50.80162318905737, "power_cost": 12.766920861816407, "noise_cost": 11.662821517171592, "n_waypoints_completed": 9, "tot_waypoints": 9}}
{"target": -212.68723733833556, "params": {"k_pid_pos": [1.849624377781123, 0.024859491386256316, 0.44963268842268056], "k_pid_alt": [1.2679502233621702, 0.0, 0.1], "k_pid_att": [20.0, 1.0, 0.01], "k_pid_yaw": [0.5, 1e-06, 0.1], "k_pid_hsp": [1.0, 0.01, 0.01], "k_pid_vsp": [150.0, 10.0, 1.0]}, "datetime": {"datetime": "2025-08-20 12:34:40", "elapsed": 2534.9138486385345, "delta": 14.920154571533203}, "costs": {"total_cost": 212.68723733833556, "time_cost": 69.848, "final_distance_cost": 1.7800340884785602, "oscillation_cost": 65.82783768181164, "completition_cost": 0.0, "overshoot_cost": 50.80162318905737, "power_cost": 12.766920861816407, "noise_cost": 11.662821517171592, "n_waypoints_completed": 9, "tot_waypoints": 9}}
{"target": -212.68723733833556, "params": {"k_pid_pos": [1.849624377781123, 0.024859491386256316, 0.44963268842268056], "k_pid_alt": [1.2679502233621702, 0.0, 0.1], "k_pid_att": [20.0, 1.0, 0.01], "k_pid_yaw": [0.5, 1e-06, 0.1], "k_pid_hsp": [1.0, 0.01, 0.01], "k_pid_vsp": [150.0, 10.0, 1.0]}, "datetime": {"datetime": "2025-08-20 12:34:55", "elapsed": 2550.465971469879, "delta": 15.552122831344604}, "costs": {"total_cost": 212.68723733833556, "time_cost": 69.848, "final_distance_cost": 1.7800340884785602, "oscillation_cost": 65.82783768181164, "completition_cost": 0.0, "overshoot_cost": 50.80162318905737, "power_cost": 12.766920861816407, "noise_cost": 11.662821517171592, "n_waypoints_completed": 9, "tot_waypoints": 9}}
{"target": -212.16231756687574, "params": {"k_pid_pos": [0.8325832251638142, 0.04925411992759399, 0.3736141384595716], "k_pid_alt": [1.3483903848896324, 0.9026023965438417, 0.47530561788360415], "k_pid_att": [11.895331074021131, 3.0596356458441103, 0.9274604585040267], "k_pid_yaw": [0.5, 1e-06, 0.1], "k_pid_hsp": [1.0, 0.01, 0.01], "k_pid_vsp": [111.20884264032553, 10.0, 1.0]}, "datetime": {"datetime": "2025-08-20 12:35:14", "elapsed": 2568.739581823349, "delta": 18.27361035346985}, "costs": {"total_cost": 212.16231756687574, "time_cost": 84.904, "final_distance_cost": 1.8071705780261078, "oscillation_cost": 43.733025443111444, "completition_cost": 0.0, "overshoot_cost": 54.33081978178052, "power_cost": 14.683099096679689, "noise_cost": 12.704202667278006, "n_waypoints_completed": 9, "tot_waypoints": 9}}
{"target": -234.6933053063624, "params": {"k_pid_pos": [1.4698128353043505, 0.9460270628173303, 0.2865937649138133], "k_pid_alt": [0.7, 0.0, 0.1], "k_pid_att": [20.0, 1.0, 0.6143861065351858], "k_pid_yaw": [0.5, 1e-06, 0.1], "k_pid_hsp": [1.0, 0.01, 0.01], "k_pid_vsp": [99.3176991541171, 10.0, 1.0]}, "datetime": {"datetime": "2025-08-20 12:35:34", "elapsed": 2588.792453765869, "delta": 20.05287194252014}, "costs": {"total_cost": 234.6933053063624, "time_cost": 93.768, "final_distance_cost": 1.7631455354354297, "oscillation_cost": 51.31975792506881, "completition_cost": 0.0, "overshoot_cost": 53.969557863965946, "power_cost": 18.290786547851564, "noise_cost": 15.582057434040651, "n_waypoints_completed": 9, "tot_waypoints": 9}}
{"target": -325.67925589550003, "params": {"k_pid_pos": [1.849624377781123, 0.024859491386256316, 0.44963268842268056], "k_pid_alt": [1.2679502233621702, 0.515133376846189, 0.1], "k_pid_att": [20.0, 1.0, 0.9275625510065076], "k_pid_yaw": [0.5, 1e-06, 0.1], "k_pid_hsp": [3.9758421804300244, 0.6013727628113479, 0.28472008233793555], "k_pid_vsp": [61.44535807682345, 46.19602635065192, 8.459207513427996]}, "datetime": {"datetime": "2025-08-20 12:35:51", "elapsed": 2606.1925983428955, "delta": 17.400144577026367}, "costs": {"total_cost": 325.67925589550003, "time_cost": 79.712, "final_distance_cost": 1.7793283899595584, "oscillation_cost": 164.60509149370378, "completition_cost": 0.0, "overshoot_cost": 51.05641807949953, "power_cost": 15.490457629394532, "noise_cost": 13.035960302942604, "n_waypoints_completed": 9, "tot_waypoints": 9}}
