{"target": -874.0050973059737, "params": {"k_pid_pos": [1.4698128353043505, 0.024859491386256316, 0.11401919133455096], "k_pid_alt": [1.2679502233621702, 0.5662512635348111, 0.1], "k_pid_att": [43.948176657889235, 3.7802132718527557, 0.9274604585040267], "k_pid_yaw": [0.5, 1e-06, 0.1], "k_pid_hsp": [1.0, 0.01, 0.01], "k_pid_vsp": [312.50622598497625, 93.09285943774285, 250.14769175955837]}, "datetime": {"datetime": "2025-08-20 15:53:19", "elapsed": 14453.843535661697, "delta": 22.808605194091797}, "costs": {"total_cost": 874.0050973059737, "time_cost": 150, "final_distance_cost": 39.370848295958716, "oscillation_cost": 45.163915174824616, "completition_cost": 555.5555555555555, "overshoot_cost": 51.68709571794413, "power_cost": 18.36384462890625, "noise_cost": 13.863837932784518, "n_waypoints_completed": 4, "tot_waypoints": 9}}
{"target": -185.32364989190887, "params": {"k_pid_pos": [1.733835489643198, 0.024859491386256316, 0.11401919133455096], "k_pid_alt": [1.2679502233621702, 0.0, 0.1], "k_pid_att": [43.948176657889235, 3.7802132718527557, 0.9274604585040267], "k_pid_yaw": [0.5, 1e-06, 0.1], "k_pid_hsp": [1.0, 0.01, 0.01], "k_pid_vsp": [111.20884264032553, 93.09285943774285, 1.0]}, "datetime": {"datetime": "2025-08-20 15:53:34", "elapsed": 14469.015261411667, "delta": 15.171725749969482}, "costs": {"total_cost": 185.32364989190887, "time_cost": 68.288, "final_distance_cost": 1.7757036807548903, "oscillation_cost": 41.55334183942695, "completition_cost": 0.0, "overshoot_cost": 50.37666748886318, "power_cost": 12.233183544921875, "noise_cost": 11.096753337941992, "n_waypoints_completed": 9, "tot_waypoints": 9}}
{"target": -180.82633189952398, "params": {"k_pid_pos": [1.4698128353043505, 0.024859491386256316, 0.11401919133455096], "k_pid_alt": [1.2679502233621702, 0.0, 0.1], "k_pid_att": [43.948176657889235, 3.7802132718527557, 0.9274604585040267], "k_pid_yaw": [0.5, 1e-06, 0.1], "k_pid_hsp": [1.0, 0.01, 0.01], "k_pid_vsp": [111.20884264032553, 93.09285943774285, 1.0]}, "datetime": {"datetime": "2025-08-20 15:53:49", "elapsed": 14483.728174209595, "delta": 14.712912797927856}, "costs": {"total_cost": 180.82633189952398, "time_cost": 68.456, "final_distance_cost": 1.8129035550535026, "oscillation_cost": 37.19502557670047, "completition_cost": 0.0, "overshoot_cost": 50.071586228309805, "power_cost": 12.12881405029297, "noise_cost": 11.162002489167234, "n_waypoints_completed": 9, "tot_waypoints": 9}}
{"target": -180.82633189952398, "params": {"k_pid_pos": [1.4698128353043505, 0.024859491386256316, 0.11401919133455096], "k_pid_alt": [1.2679502233621702, 0.0, 0.1], "k_pid_att": [43.948176657889235, 3.7802132718527557, 0.9274604585040267], "k_pid_yaw": [0.5, 1e-06, 0.1], "k_pid_hsp": [1.0, 0.01, 0.01], "k_pid_vsp": [111.20884264032553, 93.09285943774285, 1.0]}, "datetime": {"datetime": "2025-08-20 15:54:04", "elapsed": 14499.328914880753, "delta": 15.600740671157837}, "costs": {"total_cost": 180.82633189952398, "time_cost": 68.456, "final_distance_cost": 1.8129035550535026, "oscillation_cost": 37.19502557670047, "completition_cost": 0.0, "overshoot_cost": 50.071586228309805, "power_cost": 12.12881405029297, "noise_cost": 11.162002489167234, "n_waypoints_completed": 9, "tot_waypoints": 9}}
{"target": -180.82633189952398, "params": {"k_pid_pos": [1.4698128353043505, 0.024859491386256316, 0.11401919133455096], "k_pid_alt": [1.2679502233621702, 0.0, 0.1], "k_pid_att": [43.948176657889235, 3.7802132718527557, 0.9274604585040267], "k_pid_yaw": [0.5, 1e-06, 0.1], "k_pid_hsp": [1.0, 0.01, 0.01], "k_pid_vsp": [111.20884264032553, 93.09285943774285, 1.0]}, "datetime": {"datetime": "2025-08-20 15:54:19", "elapsed": 14514.24638390541, "delta": 14.917469024658203}, "costs": {"total_cost": 180.82633189952398, "time_cost": 68.456, "final_distance_cost": 1.8129035550535026, "oscillation_cost": 37.19502557670047, "completition_cost": 0.0, "overshoot_cost": 50.071586228309805, "power_cost": 12.12881405029297, "noise_cost": 11.162002489167234, "n_waypoints_completed": 9, "tot_waypoints": 9}}
{"target": -230.7591639330946, "params": {"k_pid_pos": [1.4698128353043505, 0.17490998158808135, 0.15676371154545432], "k_pid_alt": [1.2679502233621702, 0.16763628571194666, 0.1], "k_pid_att": [43.948176657889235, 0.18205753750414305, 0.9274604585040267], "k_pid_yaw": [0.5, 1e-06, 0.1], "k_pid_hsp": [1.0, 0.01, 0.01], "k_pid_vsp": [111.20884264032553, 93.09285943774285, 21.011196465382298]}, "datetime": {"datetime": "2025-08-20 15:54:39", "elapsed": 14533.864040136337, "delta": 19.617656230926514}, "costs": {"total_cost": 230.7591639330946, "time_cost": 85.536, "final_distance_cost": 1.7685304314468002, "oscillation_cost": 55.780790867202136, "completition_cost": 0.0, "overshoot_cost": 51.91549687916647, "power_cost": 20.848198107910157, "noise_cost": 14.910147647369072, "n_waypoints_completed": 9, "tot_waypoints": 9}}
{"target": -544.4126371776877, "params": {"k_pid_pos": [0.2095935789605647, 0.024859491386256316, 0.11401919133455096], "k_pid_alt": [1.2679502233621702, 0.0, 0.1], "k_pid_att": [43.948176657889235, 5.075554186145011, 0.9274604585040267], "k_pid_yaw": [0.5, 1e-06, 0.1], "k_pid_hsp": [1.0, 0.01, 0.01], "k_pid_vsp": [111.20884264032553, 93.09285943774285, 1.0]}, "datetime": {"datetime": "2025-08-20 15:55:01", "elapsed": 14555.882058620453, "delta": 22.0180184841156}, "costs": {"total_cost": 544.4126371776877, "time_cost": 150, "final_distance_cost": 68.35412749395942, "oscillation_cost": 25.113199412502667, "completition_cost": 222.2222222222222, "overshoot_cost": 48.58337214419369, "power_cost": 16.089533532714846, "noise_cost": 14.050182372094822, "n_waypoints_completed": 7, "tot_waypoints": 9}}
{"target": -357.1384657706915, "params": {"k_pid_pos": [1.4698128353043505, 0.024859491386256316, 0.8100884609760892], "k_pid_alt": [1.2679502233621702, 0.0, 0.1], "k_pid_att": [43.948176657889235, 3.7802132718527557, 0.18356154715941053], "k_pid_yaw": [0.5, 1e-06, 0.1], "k_pid_hsp": [2.575161370303539, 0.01, 0.9639168783200247], "k_pid_vsp": [111.20884264032553, 93.09285943774285, 1.0]}, "datetime": {"datetime": "2025-08-20 15:55:18", "elapsed": 14573.38241481781, "delta": 17.500356197357178}, "costs": {"total_cost": 357.1384657706915, "time_cost": 81.896, "final_distance_cost": 1.7697940506910421, "oscillation_cost": 186.2181009330384, "completition_cost": 0.0, "overshoot_cost": 56.45952549465353, "power_cost": 16.420305859375002, "noise_cost": 14.374739432933525, "n_waypoints_completed": 9, "tot_waypoints": 9}}
{"target": -196.88375220438854, "params": {"k_pid_pos": [1.4698128353043505, 0.024859491386256316, 0.11401919133455096], "k_pid_alt": [1.2679502233621702, 0.0, 0.1], "k_pid_att": [43.948176657889235, 0.18205753750414305, 0.9274604585040267], "k_pid_yaw": [0.5, 1e-06, 0.1], "k_pid_hsp": [0.22821344198103216, 0.01, 0.01], "k_pid_vsp": [111.20884264032553, 93.09285943774285, 1.0]}, "datetime": {"datetime": "2025-08-20 15:55:35", "elapsed": 14589.733544826508, "delta": 16.35113000869751}, "costs": {"total_cost": 196.88375220438854, "time_cost": 73.384, "final_distance_cost": 1.7771103046100283, "oscillation_cost": 42.97886347425113, "completition_cost": 0.0, "overshoot_cost": 53.372435420838336, "power_cost": 13.410618298339845, "noise_cost": 11.96072470634919, "n_waypoints_completed": 9, "tot_waypoints": 9}}
{"target": -182.1359887099476, "params": {"k_pid_pos": [1.4698128353043505, 0.024859491386256316, 0.11401919133455096], "k_pid_alt": [1.2679502233621702, 0.0, 0.1], "k_pid_att": [43.948176657889235, 3.7802132718527557, 0.6426065009168366], "k_pid_yaw": [0.5, 1e-06, 0.1], "k_pid_hsp": [1.0, 0.01, 0.01], "k_pid_vsp": [111.20884264032553, 93.09285943774285, 1.0]}, "datetime": {"datetime": "2025-08-20 15:55:50", "elapsed": 14605.034906864166, "delta": 15.301362037658691}, "costs": {"total_cost": 182.1359887099476, "time_cost": 68.512, "final_distance_cost": 1.77882657789658, "oscillation_cost": 37.940775906674496, "completition_cost": 0.0, "overshoot_cost": 50.32893666876488, "power_cost": 12.385345556640626, "noise_cost": 11.190103999971013, "n_waypoints_completed": 9, "tot_waypoints": 9}}
{"target": -297.35582945544496, "params": {"k_pid_pos": [1.4698128353043505, 0.07627067030716383, 0.11401919133455096], "k_pid_alt": [1.2679502233621702, 0.0, 0.1], "k_pid_att": [43.948176657889235, 3.7802132718527557, 0.9274604585040267], "k_pid_yaw": [0.5, 1e-06, 0.1], "k_pid_hsp": [1.0, 0.01, 0.40925506695826264], "k_pid_vsp": [111.20884264032553, 213.45582935365798, 1.0]}, "datetime": {"datetime": "2025-08-20 15:56:06", "elapsed": 14621.068266153336, "delta": 16.03335928916931}, "costs": {"total_cost": 297.35582945544496, "time_cost": 72.888, "final_distance_cost": 1.774668951434804, "oscillation_cost": 142.93530523331424, "completition_cost": 0.0, "overshoot_cost": 51.69080421471796, "power_cost": 15.109160766601564, "noise_cost": 12.957890289376383, "n_waypoints_completed": 9, "tot_waypoints": 9}}
{"target": -180.82633189952398, "params": {"k_pid_pos": [1.4698128353043505, 0.024859491386256316, 0.11401919133455096], "k_pid_alt": [1.2679502233621702, 0.0, 0.1], "k_pid_att": [43.948176657889235, 3.7802132718527557, 0.9274604585040267], "k_pid_yaw": [0.5, 1e-06, 0.1], "k_pid_hsp": [1.0, 0.01, 0.01], "k_pid_vsp": [111.20884264032553, 93.09285943774285, 1.0]}, "datetime": {"datetime": "2025-08-20 15:56:21", "elapsed": 14635.854690551758, "delta": 14.786424398422241}, "costs": {"total_cost": 180.82633189952398, "time_cost": 68.456, "final_distance_cost": 1.8129035550535026, "oscillation_cost": 37.19502557670047, "completition_cost": 0.0, "overshoot_cost": 50.071586228309805, "power_cost": 12.12881405029297, "noise_cost": 11.162002489167234, "n_waypoints_completed": 9, "tot_waypoints": 9}}
{"target": -180.82633189952398, "params": {"k_pid_pos": [1.4698128353043505, 0.024859491386256316, 0.11401919133455096], "k_pid_alt": [1.2679502233621702, 0.0, 0.1], "k_pid_att": [43.948176657889235, 3.7802132718527557, 0.9274604585040267], "k_pid_yaw": [0.5, 1e-06, 0.1], "k_pid_hsp": [1.0, 0.01, 0.01], "k_pid_vsp": [111.20884264032553, 93.09285943774285, 1.0]}, "datetime": {"datetime": "2025-08-20 15:56:36", "elapsed": 14651.006494283676, "delta": 15.151803731918335}, "costs": {"total_cost": 180.82633189952398, "time_cost": 68.456, "final_distance_cost": 1.8129035550535026, "oscillation_cost": 37.19502557670047, "completition_cost": 0.0, "overshoot_cost": 50.071586228309805, "power_cost": 12.12881405029297, "noise_cost": 11.162002489167234, "n_waypoints_completed": 9, "tot_waypoints": 9}}
{"target": -1740.9198685524607, "params": {"k_pid_pos": [1.4698128353043505, 0.024859491386256316, 0.8100884609760892], "k_pid_alt": [1.2679502233621702, 0.0, 0.1], "k_pid_att": [43.948176657889235, 3.7802132718527557, 0.9274604585040267], "k_pid_yaw": [0.5, 1e-06, 0.1], "k_pid_hsp": [4.066255630446676, 0.01, 0.01], "k_pid_vsp": [185.9606824206132, 93.09285943774285, 358.9600729545887]}, "datetime": {"datetime": "2025-08-20 15:56:59", "elapsed": 14673.570959091187, "delta": 22.564464807510376}, "costs": {"total_cost": 1740.9198685524607, "time_cost": 150, "final_distance_cost": 281.84922404278626, "oscillation_cost": 40.298172418021146, "completition_cost": 888.8888888888888, "overshoot_cost": 329.9596827441347, "power_cost": 29.66061865234375, "noise_cost": 20.26328180628583, "n_waypoints_completed": 1, "tot_waypoints": 9}}
{"target": -181.44439595217506, "params": {"k_pid_pos": [1.4698128353043505, 0.024859491386256316, 0.11401919133455096], "k_pid_alt": [1.2679502233621702, 0.0, 0.1], "k_pid_att": [43.948176657889235, 0.18205753750414305, 0.9274604585040267], "k_pid_yaw": [0.5, 1e-06, 0.1], "k_pid_hsp": [1.0, 0.01, 0.01], "k_pid_vsp": [111.20884264032553, 93.09285943774285, 1.0]}, "datetime": {"datetime": "2025-08-20 15:57:14", "elapsed": 14688.704971075058, "delta": 15.13401198387146}, "costs": {"total_cost": 181.44439595217506, "time_cost": 68.52, "final_distance_cost": 1.8129851390213318, "oscillation_cost": 37.442423075445866, "completition_cost": 0.0, "overshoot_cost": 50.19150424210218, "power_cost": 12.2890537109375, "noise_cost": 11.188429784668172, "n_waypoints_completed": 9, "tot_waypoints": 9}}
{"target": -207.37434090230346, "params": {"k_pid_pos": [1.4698128353043505, 0.9973081004456583, 0.8100884609760892], "k_pid_alt": [1.2679502233621702, 0.0, 0.1], "k_pid_att": [43.948176657889235, 3.7802132718527557, 0.6426065009168366], "k_pid_yaw": [0.5, 1e-06, 0.1], "k_pid_hsp": [1.0, 0.01, 0.01], "k_pid_vsp": [111.20884264032553, 102.7157397860675, 1.0]}, "datetime": {"datetime": "2025-08-20 15:57:32", "elapsed": 14706.674652338028, "delta": 17.96968126296997}, "costs": {"total_cost": 207.37434090230346, "time_cost": 81.408, "final_distance_cost": 1.718959751555976, "oscillation_cost": 44.29484130461262, "completition_cost": 0.0, "overshoot_cost": 51.61916418421499, "power_cost": 15.15141219482422, "noise_cost": 13.181963467095676, "n_waypoints_completed": 9, "tot_waypoints": 9}}
{"target": -181.86860697313915, "params": {"k_pid_pos": [1.4698128353043505, 0.024859491386256316, 0.11401919133455096], "k_pid_alt": [1.2679502233621702, 0.0, 0.1], "k_pid_att": [43.948176657889235, 3.7802132718527557, 0.9274604585040267], "k_pid_yaw": [0.5, 1e-06, 0.1], "k_pid_hsp": [2.575161370303539, 0.01, 0.01], "k_pid_vsp": [111.20884264032553, 93.09285943774285, 1.0]}, "datetime": {"datetime": "2025-08-20 15:57:47", "elapsed": 14721.75641298294, "delta": 15.08176064491272}, "costs": {"total_cost": 181.86860697313915, "time_cost": 68.688, "final_distance_cost": 1.7864582364887325, "oscillation_cost": 38.733493605736726, "completition_cost": 0.0, "overshoot_cost": 50.17932078656968, "power_cost": 11.470076513671875, "noise_cost": 11.011257830672148, "n_waypoints_completed": 9, "tot_waypoints": 9}}
{"target": -263.40587209476905, "params": {"k_pid_pos": [1.4698128353043505, 0.024859491386256316, 0.11401919133455096], "k_pid_alt": [0.39303563678463904, 0.7782994567117663, 0.07734400225577898], "k_pid_att": [43.948176657889235, 3.7802132718527557, 0.9274604585040267], "k_pid_yaw": [0.5, 1e-06, 0.1], "k_pid_hsp": [1.0, 0.5099699049722157, 0.01], "k_pid_vsp": [111.20884264032553, 93.09285943774285, 1.0]}, "datetime": {"datetime": "2025-08-20 15:58:10", "elapsed": 14744.874402999878, "delta": 23.117990016937256}, "costs": {"total_cost": 263.40587209476905, "time_cost": 97.424, "final_distance_cost": 1.7708558783912405, "oscillation_cost": 70.64761388602795, "completition_cost": 0.0, "overshoot_cost": 60.35923049617722, "power_cost": 17.991239489746096, "noise_cost": 15.212932344426491, "n_waypoints_completed": 9, "tot_waypoints": 9}}
{"target": -185.19512115076304, "params": {"k_pid_pos": [1.4698128353043505, 0.024859491386256316, 0.11401919133455096], "k_pid_alt": [1.2679502233621702, 0.0, 0.11578642527130634], "k_pid_att": [6.174354700882767, 1.5712076181287093, 0.9274604585040267], "k_pid_yaw": [0.5, 1e-06, 0.1], "k_pid_hsp": [1.0, 0.01, 0.01], "k_pid_vsp": [111.20884264032553, 93.09285943774285, 1.0]}, "datetime": {"datetime": "2025-08-20 15:58:28", "elapsed": 14763.218977451324, "delta": 18.344574451446533}, "costs": {"total_cost": 185.19512115076304, "time_cost": 68.152, "final_distance_cost": 1.785402320246592, "oscillation_cost": 41.620161471268695, "completition_cost": 0.0, "overshoot_cost": 49.69094593982416, "power_cost": 12.740115344238282, "noise_cost": 11.206496075185298, "n_waypoints_completed": 9, "tot_waypoints": 9}}
{"target": -323.73533062972746, "params": {"k_pid_pos": [0.8381452164077594, 0.16930403155433116, 0.30020629103650986], "k_pid_alt": [1.2679502233621702, 0.0, 0.1], "k_pid_att": [43.948176657889235, 3.7802132718527557, 0.6559199499296157], "k_pid_yaw": [0.5, 1e-06, 0.1], "k_pid_hsp": [1.0, 0.5113231558067851, 0.6773632664142749], "k_pid_vsp": [111.20884264032553, 93.09285943774285, 1.0]}, "datetime": {"datetime": "2025-08-20 15:58:50", "elapsed": 14784.693001031876, "delta": 21.474023580551147}, "costs": {"total_cost": 323.73533062972746, "time_cost": 87.64, "final_distance_cost": 1.7850196063216495, "oscillation_cost": 145.7003314913563, "completition_cost": 0.0, "overshoot_cost": 56.198929893404284, "power_cost": 17.83151162109375, "noise_cost": 14.579538017551519, "n_waypoints_completed": 9, "tot_waypoints": 9}}
{"target": -182.41911297456576, "params": {"k_pid_pos": [1.4698128353043505, 0.024859491386256316, 0.11401919133455096], "k_pid_alt": [1.2679502233621702, 0.0, 0.1], "k_pid_att": [65.90126278649572, 3.7802132718527557, 0.9274604585040267], "k_pid_yaw": [0.5, 1e-06, 0.1], "k_pid_hsp": [1.0, 0.01, 0.01], "k_pid_vsp": [111.20884264032553, 93.09285943774285, 1.0]}, "datetime": {"datetime": "2025-08-20 15:59:07", "elapsed": 14801.498857021332, "delta": 16.805855989456177}, "costs": {"total_cost": 182.41911297456576, "time_cost": 68.60000000000001, "final_distance_cost": 1.804723579938491, "oscillation_cost": 38.196673543513036, "completition_cost": 0.0, "overshoot_cost": 50.331069271420795, "power_cost": 12.327515991210937, "noise_cost": 11.15913058848249, "n_waypoints_completed": 9, "tot_waypoints": 9}}
{"target": -182.7944799727722, "params": {"k_pid_pos": [1.4698128353043505, 0.024859491386256316, 0.8100884609760892], "k_pid_alt": [1.2679502233621702, 0.0, 0.1], "k_pid_att": [43.948176657889235, 4.887637818911249, 0.9274604585040267], "k_pid_yaw": [0.5, 1e-06, 0.1], "k_pid_hsp": [2.575161370303539, 0.01, 0.01], "k_pid_vsp": [111.20884264032553, 93.09285943774285, 1.0]}, "datetime": {"datetime": "2025-08-20 15:59:22", "elapsed": 14817.27798461914, "delta": 15.779127597808838}, "costs": {"total_cost": 182.7944799727722, "time_cost": 71.056, "final_distance_cost": 1.8434967233365962, "oscillation_cost": 37.00552530204261, "completition_cost": 0.0, "overshoot_cost": 49.75588790544047, "power_cost": 11.49714228515625, "noise_cost": 11.636427756796287, "n_waypoints_completed": 9, "tot_waypoints": 9}}
{"target": -180.82633189952398, "params": {"k_pid_pos": [1.4698128353043505, 0.024859491386256316, 0.11401919133455096], "k_pid_alt": [1.2679502233621702, 0.0, 0.1], "k_pid_att": [43.948176657889235, 3.7802132718527557, 0.9274604585040267], "k_pid_yaw": [0.5, 1e-06, 0.1], "k_pid_hsp": [1.0, 0.01, 0.01], "k_pid_vsp": [111.20884264032553, 93.09285943774285, 1.0]}, "datetime": {"datetime": "2025-08-20 15:59:37", "elapsed": 14832.31171989441, "delta": 15.033735275268555}, "costs": {"total_cost": 180.82633189952398, "time_cost": 68.456, "final_distance_cost": 1.8129035550535026, "oscillation_cost": 37.19502557670047, "completition_cost": 0.0, "overshoot_cost": 50.071586228309805, "power_cost": 12.12881405029297, "noise_cost": 11.162002489167234, "n_waypoints_completed": 9, "tot_waypoints": 9}}
{"target": -182.5295491738134, "params": {"k_pid_pos": [1.4698128353043505, 0.024859491386256316, 0.8100884609760892], "k_pid_alt": [1.2679502233621702, 0.0, 0.1], "k_pid_att": [43.948176657889235, 3.7802132718527557, 0.9274604585040267], "k_pid_yaw": [0.5, 1e-06, 0.1], "k_pid_hsp": [2.575161370303539, 0.01, 0.01], "k_pid_vsp": [111.20884264032553, 93.09285943774285, 1.0]}, "datetime": {"datetime": "2025-08-20 15:59:53", "elapsed": 14848.078584909439, "delta": 15.766865015029907}, "costs": {"total_cost": 182.5295491738134, "time_cost": 71.032, "final_distance_cost": 1.8416918285868196, "oscillation_cost": 36.79501989953958, "completition_cost": 0.0, "overshoot_cost": 49.57982520265815, "power_cost": 11.69966434326172, "noise_cost": 11.581347899767108, "n_waypoints_completed": 9, "tot_waypoints": 9}}
{"target": -351.155516858511, "params": {"k_pid_pos": [1.733835489643198, 0.41352941285256994, 0.11401919133455096], "k_pid_alt": [1.2679502233621702, 0.0, 0.1], "k_pid_att": [43.948176657889235, 3.7802132718527557, 0.9274604585040267], "k_pid_yaw": [0.5, 1e-06, 0.1], "k_pid_hsp": [1.0, 0.01, 0.49977433591672227], "k_pid_vsp": [111.20884264032553, 93.09285943774285, 1.0]}, "datetime": {"datetime": "2025-08-20 16:00:12", "elapsed": 14867.463506937027, "delta": 19.38492202758789}, "costs": {"total_cost": 351.155516858511, "time_cost": 87.776, "final_distance_cost": 1.7141088378164289, "oscillation_cost": 165.22699232879378, "completition_cost": 0.0, "overshoot_cost": 63.49802466066536, "power_cost": 17.41245563964844, "noise_cost": 15.527935391587016, "n_waypoints_completed": 9, "tot_waypoints": 9}}
{"target": -416.4196284099142, "params": {"k_pid_pos": [1.4698128353043505, 0.024859491386256316, 0.11401919133455096], "k_pid_alt": [0.25317882650443013, 0.0, 0.1], "k_pid_att": [43.948176657889235, 3.7802132718527557, 0.9274604585040267], "k_pid_yaw": [0.5, 1e-06, 0.1], "k_pid_hsp": [1.0, 0.01, 0.01], "k_pid_vsp": [111.20884264032553, 93.09285943774285, 1.0]}, "datetime": {"datetime": "2025-08-20 16:00:35", "elapsed": 14889.89730811119, "delta": 22.43380117416382}, "costs": {"total_cost": 416.4196284099142, "time_cost": 150, "final_distance_cost": 27.434786438688704, "oscillation_cost": 44.3857399427502, "completition_cost": 111.11111111111116, "overshoot_cost": 50.97331788737819, "power_cost": 17.649490356445312, "noise_cost": 14.865182673540646, "n_waypoints_completed": 8, "tot_waypoints": 9}}
{"target": -187.12680875513757, "params": {"k_pid_pos": [1.4698128353043505, 0.024859491386256316, 0.8100884609760892], "k_pid_alt": [1.2679502233621702, 0.0, 0.1], "k_pid_att": [43.948176657889235, 3.7802132718527557, 0.9274604585040267], "k_pid_yaw": [0.5, 1e-06, 0.1], "k_pid_hsp": [2.575161370303539, 0.01, 0.01], "k_pid_vsp": [111.20884264032553, 282.782445757401, 1.0]}, "datetime": {"datetime": "2025-08-20 16:00:51", "elapsed": 14905.898861646652, "delta": 16.001553535461426}, "costs": {"total_cost": 187.12680875513757, "time_cost": 71.384, "final_distance_cost": 1.8461333342411812, "oscillation_cost": 40.38065581565784, "completition_cost": 0.0, "overshoot_cost": 49.904637077613216, "power_cost": 11.907844750976563, "noise_cost": 11.703537776648787, "n_waypoints_completed": 9, "tot_waypoints": 9}}
