{"target": -184.52933612822517, "params": {"k_pid_pos": [1.4698128353043505, 0.024859491386256316, 0.969378560536396], "k_pid_alt": [1.2679502233621702, 0.0, 0.1], "k_pid_att": [43.948176657889235, 1.3530193656632616, 0.9274604585040267], "k_pid_yaw": [0.5, 1e-06, 0.1], "k_pid_hsp": [2.82373402557605, 0.1855468782182117, 0.01], "k_pid_vsp": [111.20884264032553, 102.7157397860675, 1.0]}, "datetime": {"datetime": "2025-08-20 20:22:40", "elapsed": 30615.39366722107, "delta": 17.834712743759155}, "costs": {"total_cost": 184.52933612822517, "time_cost": 71.424, "final_distance_cost": 1.8455694741353572, "oscillation_cost": 38.09972329313411, "completition_cost": 0.0, "overshoot_cost": 49.69459815839097, "power_cost": 11.766212438964844, "noise_cost": 11.699232763599863, "n_waypoints_completed": 9, "tot_waypoints": 9}}
{"target": -218.87016827296227, "params": {"k_pid_pos": [1.4698128353043505, 0.8340419296703991, 0.3434561031905483], "k_pid_alt": [1.5073007903459947, 0.0, 0.1], "k_pid_att": [43.948176657889235, 1.326856224425946, 0.8896747318008217], "k_pid_yaw": [0.5, 1e-06, 0.1], "k_pid_hsp": [5.443665085475852, 0.01, 0.01], "k_pid_vsp": [216.88603982906818, 102.7157397860675, 1.0]}, "datetime": {"datetime": "2025-08-20 20:23:01", "elapsed": 30636.07522702217, "delta": 20.681559801101685}, "costs": {"total_cost": 218.87016827296227, "time_cost": 87.648, "final_distance_cost": 1.742770137496642, "oscillation_cost": 46.50514658175441, "completition_cost": 0.0, "overshoot_cost": 53.35401539808389, "power_cost": 15.517085803222656, "noise_cost": 14.1031503524047, "n_waypoints_completed": 9, "tot_waypoints": 9}}
{"target": -189.78040432128475, "params": {"k_pid_pos": [1.4698128353043505, 0.024859491386256316, 0.3434561031905483], "k_pid_alt": [1.2679502233621702, 0.0, 0.39033212468778067], "k_pid_att": [79.43924172572177, 3.014715642298994, 0.9274604585040267], "k_pid_yaw": [0.5, 1e-06, 0.1], "k_pid_hsp": [2.82373402557605, 0.6076176839441306, 0.01], "k_pid_vsp": [111.20884264032553, 269.5271781685674, 1.0]}, "datetime": {"datetime": "2025-08-20 20:23:17", "elapsed": 30651.970586538315, "delta": 15.895359516143799}, "costs": {"total_cost": 189.78040432128475, "time_cost": 69.712, "final_distance_cost": 1.844634952370739, "oscillation_cost": 45.549032704566045, "completition_cost": 0.0, "overshoot_cost": 49.87100832658358, "power_cost": 11.708637622070313, "noise_cost": 11.095090715694077, "n_waypoints_completed": 9, "tot_waypoints": 9}}
{"target": -197.22968455632866, "params": {"k_pid_pos": [1.4698128353043505, 0.024859491386256316, 0.8800578400597763], "k_pid_alt": [1.2679502233621702, 0.27875359925262033, 0.1], "k_pid_att": [10.144412392664826, 1.326856224425946, 0.9274604585040267], "k_pid_yaw": [0.5, 1e-06, 0.1], "k_pid_hsp": [2.82373402557605, 0.01, 0.01], "k_pid_vsp": [111.20884264032553, 102.7157397860675, 1.0]}, "datetime": {"datetime": "2025-08-20 20:23:34", "elapsed": 30668.892365932465, "delta": 16.92177939414978}, "costs": {"total_cost": 197.22968455632866, "time_cost": 77.144, "final_distance_cost": 1.7790809395383955, "oscillation_cost": 43.72960844453608, "completition_cost": 0.0, "overshoot_cost": 50.44695380364006, "power_cost": 12.65217703857422, "noise_cost": 11.477864330039901, "n_waypoints_completed": 9, "tot_waypoints": 9}}
{"target": -177.6739252695265, "params": {"k_pid_pos": [1.4698128353043505, 0.024859491386256316, 0.3434561031905483], "k_pid_alt": [1.2679502233621702, 0.0, 0.1], "k_pid_att": [43.948176657889235, 1.326856224425946, 0.9274604585040267], "k_pid_yaw": [0.5, 1e-06, 0.1], "k_pid_hsp": [2.82373402557605, 0.01, 0.01], "k_pid_vsp": [111.20884264032553, 102.7157397860675, 1.0]}, "datetime": {"datetime": "2025-08-20 20:23:51", "elapsed": 30685.56025147438, "delta": 16.667885541915894}, "costs": {"total_cost": 177.6739252695265, "time_cost": 69.152, "final_distance_cost": 1.8262656886158488, "oscillation_cost": 34.33594552183275, "completition_cost": 0.0, "overshoot_cost": 50.065815663241324, "power_cost": 11.237653356933594, "noise_cost": 11.056245038902981, "n_waypoints_completed": 9, "tot_waypoints": 9}}
{"target": -210.21406385835837, "params": {"k_pid_pos": [0.733120299083194, 0.024859491386256316, 0.8672549058211023], "k_pid_alt": [1.2679502233621702, 0.0, 0.1], "k_pid_att": [43.948176657889235, 5.3753599788647985, 0.9351000021083623], "k_pid_yaw": [0.5, 1e-06, 0.1], "k_pid_hsp": [2.82373402557605, 0.01, 0.01], "k_pid_vsp": [111.20884264032553, 102.7157397860675, 1.0]}, "datetime": {"datetime": "2025-08-20 20:24:10", "elapsed": 30705.079661130905, "delta": 19.519409656524658}, "costs": {"total_cost": 210.21406385835837, "time_cost": 88.032, "final_distance_cost": 1.8560468216476984, "oscillation_cost": 39.17274357057195, "completition_cost": 0.0, "overshoot_cost": 52.305853857567, "power_cost": 14.06430234375, "noise_cost": 14.783117264821717, "n_waypoints_completed": 9, "tot_waypoints": 9}}
{"target": -1627.0630625446663, "params": {"k_pid_pos": [0.3357872054297934, 0.024859491386256316, 0.3434561031905483], "k_pid_alt": [1.2679502233621702, 0.0, 0.02282466901291924], "k_pid_att": [47.77631716562736, 1.326856224425946, 0.9274604585040267], "k_pid_yaw": [0.5, 1e-06, 0.1], "k_pid_hsp": [2.82373402557605, 0.01, 0.01], "k_pid_vsp": [111.20884264032553, 102.7157397860675, 297.18221048708995]}, "datetime": {"datetime": "2025-08-20 20:24:34", "elapsed": 30728.986604213715, "delta": 23.90694308280945}, "costs": {"total_cost": 1627.0630625446663, "time_cost": 150, "final_distance_cost": 250.12735083836816, "oscillation_cost": 31.119257905572308, "completition_cost": 888.8888888888888, "overshoot_cost": 259.7069987689149, "power_cost": 28.11448056640625, "noise_cost": 19.106085576515756, "n_waypoints_completed": 1, "tot_waypoints": 9}}
{"target": -209.02105365204696, "params": {"k_pid_pos": [1.4698128353043505, 0.2836793541084326, 0.3434561031905483], "k_pid_alt": [1.2679502233621702, 0.6742641001630488, 0.1], "k_pid_att": [43.948176657889235, 1.326856224425946, 0.9274604585040267], "k_pid_yaw": [0.5, 1e-06, 0.1], "k_pid_hsp": [2.82373402557605, 0.01, 0.01], "k_pid_vsp": [111.20884264032553, 102.7157397860675, 1.0]}, "datetime": {"datetime": "2025-08-20 20:24:55", "elapsed": 30750.19406270981, "delta": 21.20745849609375}, "costs": {"total_cost": 209.02105365204696, "time_cost": 82.496, "final_distance_cost": 1.7506358017511159, "oscillation_cost": 47.13600956364648, "completition_cost": 0.0, "overshoot_cost": 52.32333058321812, "power_cost": 13.283045812988282, "noise_cost": 12.032031890442926, "n_waypoints_completed": 9, "tot_waypoints": 9}}
{"target": -185.81054021958647, "params": {"k_pid_pos": [1.4698128353043505, 0.024859491386256316, 0.3434561031905483], "k_pid_alt": [1.2679502233621702, 0.0, 0.02282466901291924], "k_pid_att": [43.948176657889235, 7.216224919590021, 0.9274604585040267], "k_pid_yaw": [0.5, 1e-06, 0.1], "k_pid_hsp": [2.82373402557605, 0.8100843395034236, 0.01], "k_pid_vsp": [111.20884264032553, 102.7157397860675, 1.0]}, "datetime": {"datetime": "2025-08-20 20:25:11", "elapsed": 30765.50543832779, "delta": 15.311375617980957}, "costs": {"total_cost": 185.81054021958647, "time_cost": 68.776, "final_distance_cost": 1.8521165610438184, "oscillation_cost": 42.749522578628465, "completition_cost": 0.0, "overshoot_cost": 49.92318704157382, "power_cost": 11.472429638671876, "noise_cost": 11.037284399668483, "n_waypoints_completed": 9, "tot_waypoints": 9}}
{"target": -180.18451781313706, "params": {"k_pid_pos": [1.4698128353043505, 0.024859491386256316, 0.3434561031905483], "k_pid_alt": [1.2679502233621702, 0.0, 0.1], "k_pid_att": [43.948176657889235, 1.326856224425946, 0.9274604585040267], "k_pid_yaw": [0.5, 1e-06, 0.1], "k_pid_hsp": [1.1779218432282734, 0.01, 0.01], "k_pid_vsp": [111.20884264032553, 102.7157397860675, 1.0]}, "datetime": {"datetime": "2025-08-20 20:25:26", "elapsed": 30781.352847099304, "delta": 15.847408771514893}, "costs": {"total_cost": 180.18451781313706, "time_cost": 69.016, "final_distance_cost": 1.8210269731452393, "oscillation_cost": 35.15541032059778, "completition_cost": 0.0, "overshoot_cost": 50.28356197490149, "power_cost": 12.521008288574219, "noise_cost": 11.387510255918343, "n_waypoints_completed": 9, "tot_waypoints": 9}}
{"target": -181.7874396616121, "params": {"k_pid_pos": [1.7411990865856197, 0.08329610310830193, 0.3434561031905483], "k_pid_alt": [1.2679502233621702, 0.0, 0.1], "k_pid_att": [43.948176657889235, 3.4126860594551975, 0.9274604585040267], "k_pid_yaw": [0.5, 1e-06, 0.1], "k_pid_hsp": [2.82373402557605, 0.01, 0.01], "k_pid_vsp": [111.20884264032553, 102.7157397860675, 1.0]}, "datetime": {"datetime": "2025-08-20 20:25:41", "elapsed": 30796.202521562576, "delta": 14.849674463272095}, "costs": {"total_cost": 181.7874396616121, "time_cost": 68.744, "final_distance_cost": 1.8009163478220722, "oscillation_cost": 38.854200467724766, "completition_cost": 0.0, "overshoot_cost": 50.16601696378458, "power_cost": 11.326784228515626, "noise_cost": 10.89552165376505, "n_waypoints_completed": 9, "tot_waypoints": 9}}
{"target": -205.3245169895761, "params": {"k_pid_pos": [1.4698128353043505, 0.024859491386256316, 0.3434561031905483], "k_pid_alt": [1.2679502233621702, 0.0, 0.02282466901291924], "k_pid_att": [43.948176657889235, 1.326856224425946, 0.9274604585040267], "k_pid_yaw": [0.5, 1e-06, 0.1], "k_pid_hsp": [9.086286773106698, 0.01, 0.01], "k_pid_vsp": [111.20884264032553, 102.7157397860675, 1.0]}, "datetime": {"datetime": "2025-08-20 20:25:58", "elapsed": 30812.701190710068, "delta": 16.498669147491455}, "costs": {"total_cost": 205.3245169895761, "time_cost": 69.04, "final_distance_cost": 1.8425926907255998, "oscillation_cost": 61.16334675407405, "completition_cost": 0.0, "overshoot_cost": 49.84257089810776, "power_cost": 12.099084191894532, "noise_cost": 11.336922454774164, "n_waypoints_completed": 9, "tot_waypoints": 9}}
{"target": -233.76425497141977, "params": {"k_pid_pos": [1.4698128353043505, 0.024859491386256316, 0.3434561031905483], "k_pid_alt": [1.2679502233621702, 0.0, 0.1], "k_pid_att": [43.948176657889235, 1.326856224425946, 0.9274604585040267], "k_pid_yaw": [0.5, 1e-06, 0.1], "k_pid_hsp": [2.82373402557605, 0.01, 0.01], "k_pid_vsp": [357.7926419362953, 390.57703552990625, 291.87154017034953]}, "datetime": {"datetime": "2025-08-20 20:26:17", "elapsed": 30832.31644010544, "delta": 19.615249395370483}, "costs": {"total_cost": 233.76425497141977, "time_cost": 83.168, "final_distance_cost": 1.847598012085049, "oscillation_cost": 53.89808823575154, "completition_cost": 0.0, "overshoot_cost": 58.801492307377124, "power_cost": 20.478386291503906, "noise_cost": 15.570690124702162, "n_waypoints_completed": 9, "tot_waypoints": 9}}
{"target": -201.84690049988734, "params": {"k_pid_pos": [1.2064217457767001, 0.024859491386256316, 0.9677620586651221], "k_pid_alt": [1.2679502233621702, 0.490519778721512, 0.02282466901291924], "k_pid_att": [43.948176657889235, 3.709223089780779, 0.9274604585040267], "k_pid_yaw": [0.5, 1e-06, 0.1], "k_pid_hsp": [2.82373402557605, 0.7198891318070316, 0.01], "k_pid_vsp": [111.20884264032553, 102.7157397860675, 1.0]}, "datetime": {"datetime": "2025-08-20 20:26:35", "elapsed": 30850.234834432602, "delta": 17.918394327163696}, "costs": {"total_cost": 201.84690049988734, "time_cost": 79.632, "final_distance_cost": 1.8148053134061046, "oscillation_cost": 44.97599593345512, "completition_cost": 0.0, "overshoot_cost": 50.85522349464911, "power_cost": 12.838448474121094, "noise_cost": 11.730427284255876, "n_waypoints_completed": 9, "tot_waypoints": 9}}
{"target": -177.6739252695265, "params": {"k_pid_pos": [1.4698128353043505, 0.024859491386256316, 0.3434561031905483], "k_pid_alt": [1.2679502233621702, 0.0, 0.1], "k_pid_att": [43.948176657889235, 1.326856224425946, 0.9274604585040267], "k_pid_yaw": [0.5, 1e-06, 0.1], "k_pid_hsp": [2.82373402557605, 0.01, 0.01], "k_pid_vsp": [111.20884264032553, 102.7157397860675, 1.0]}, "datetime": {"datetime": "2025-08-20 20:26:51", "elapsed": 30866.32212114334, "delta": 16.087286710739136}, "costs": {"total_cost": 177.6739252695265, "time_cost": 69.152, "final_distance_cost": 1.8262656886158488, "oscillation_cost": 34.33594552183275, "completition_cost": 0.0, "overshoot_cost": 50.065815663241324, "power_cost": 11.237653356933594, "noise_cost": 11.056245038902981, "n_waypoints_completed": 9, "tot_waypoints": 9}}
{"target": -177.6739252695265, "params": {"k_pid_pos": [1.4698128353043505, 0.024859491386256316, 0.3434561031905483], "k_pid_alt": [1.2679502233621702, 0.0, 0.1], "k_pid_att": [43.948176657889235, 1.326856224425946, 0.9274604585040267], "k_pid_yaw": [0.5, 1e-06, 0.1], "k_pid_hsp": [2.82373402557605, 0.01, 0.01], "k_pid_vsp": [111.20884264032553, 102.7157397860675, 1.0]}, "datetime": {"datetime": "2025-08-20 20:27:06", "elapsed": 30881.174676418304, "delta": 14.852555274963379}, "costs": {"total_cost": 177.6739252695265, "time_cost": 69.152, "final_distance_cost": 1.8262656886158488, "oscillation_cost": 34.33594552183275, "completition_cost": 0.0, "overshoot_cost": 50.065815663241324, "power_cost": 11.237653356933594, "noise_cost": 11.056245038902981, "n_waypoints_completed": 9, "tot_waypoints": 9}}
{"target": -177.6739252695265, "params": {"k_pid_pos": [1.4698128353043505, 0.024859491386256316, 0.3434561031905483], "k_pid_alt": [1.2679502233621702, 0.0, 0.1], "k_pid_att": [43.948176657889235, 1.326856224425946, 0.9274604585040267], "k_pid_yaw": [0.5, 1e-06, 0.1], "k_pid_hsp": [2.82373402557605, 0.01, 0.01], "k_pid_vsp": [111.20884264032553, 102.7157397860675, 1.0]}, "datetime": {"datetime": "2025-08-20 20:27:23", "elapsed": 30898.090212345123, "delta": 16.915535926818848}, "costs": {"total_cost": 177.6739252695265, "time_cost": 69.152, "final_distance_cost": 1.8262656886158488, "oscillation_cost": 34.33594552183275, "completition_cost": 0.0, "overshoot_cost": 50.065815663241324, "power_cost": 11.237653356933594, "noise_cost": 11.056245038902981, "n_waypoints_completed": 9, "tot_waypoints": 9}}
{"target": -186.00992002587296, "params": {"k_pid_pos": [1.4698128353043505, 0.024859491386256316, 0.3434561031905483], "k_pid_alt": [1.2679502233621702, 0.0, 0.02282466901291924], "k_pid_att": [43.948176657889235, 7.216224919590021, 0.9274604585040267], "k_pid_yaw": [0.5, 1e-06, 0.1], "k_pid_hsp": [2.82373402557605, 0.8100843395034236, 0.01], "k_pid_vsp": [111.20884264032553, 48.32284493102569, 1.0]}, "datetime": {"datetime": "2025-08-20 20:27:38", "elapsed": 30912.857313394547, "delta": 14.767101049423218}, "costs": {"total_cost": 186.00992002587296, "time_cost": 68.928, "final_distance_cost": 1.84453490167761, "oscillation_cost": 42.84845616507645, "completition_cost": 0.0, "overshoot_cost": 49.833224320644895, "power_cost": 11.439945361328126, "noise_cost": 11.115759277145921, "n_waypoints_completed": 9, "tot_waypoints": 9}}
{"target": -181.60112027617095, "params": {"k_pid_pos": [1.4698128353043505, 0.024859491386256316, 0.3434561031905483], "k_pid_alt": [1.2679502233621702, 0.0, 0.04765230386150865], "k_pid_att": [43.948176657889235, 1.326856224425946, 0.9274604585040267], "k_pid_yaw": [0.5, 1e-06, 0.1], "k_pid_hsp": [2.82373402557605, 0.5286484062691404, 0.01], "k_pid_vsp": [111.20884264032553, 102.7157397860675, 1.0]}, "datetime": {"datetime": "2025-08-20 20:27:54", "elapsed": 30928.97443175316, "delta": 16.11711835861206}, "costs": {"total_cost": 181.60112027617095, "time_cost": 68.752, "final_distance_cost": 1.8438552537302155, "oscillation_cost": 39.26396098259649, "completition_cost": 0.0, "overshoot_cost": 49.45605704698615, "power_cost": 11.311944702148438, "noise_cost": 10.973302290709688, "n_waypoints_completed": 9, "tot_waypoints": 9}}
{"target": -184.7847063809198, "params": {"k_pid_pos": [1.4698128353043505, 0.024859491386256316, 0.3434561031905483], "k_pid_alt": [1.2679502233621702, 0.0, 0.595216579879133], "k_pid_att": [52.211904611383375, 6.272448114604272, 0.9274604585040267], "k_pid_yaw": [0.5, 1e-06, 0.1], "k_pid_hsp": [2.82373402557605, 0.01, 0.01], "k_pid_vsp": [111.20884264032553, 102.7157397860675, 1.0]}, "datetime": {"datetime": "2025-08-20 20:28:10", "elapsed": 30944.56297492981, "delta": 15.588543176651001}, "costs": {"total_cost": 184.7847063809198, "time_cost": 70.744, "final_distance_cost": 1.8394772887839281, "oscillation_cost": 39.680558686917706, "completition_cost": 0.0, "overshoot_cost": 49.843450812632845, "power_cost": 11.540779797363282, "noise_cost": 11.136439795222019, "n_waypoints_completed": 9, "tot_waypoints": 9}}
{"target": -186.5019616414196, "params": {"k_pid_pos": [1.4698128353043505, 0.024859491386256316, 0.3434561031905483], "k_pid_alt": [0.8511837275376319, 0.0, 0.1], "k_pid_att": [43.948176657889235, 8.451705289372699, 0.9274604585040267], "k_pid_yaw": [0.5, 1e-06, 0.1], "k_pid_hsp": [4.3372224232348895, 0.01, 0.01], "k_pid_vsp": [111.20884264032553, 102.7157397860675, 1.0]}, "datetime": {"datetime": "2025-08-20 20:28:27", "elapsed": 30961.53732776642, "delta": 16.974352836608887}, "costs": {"total_cost": 186.5019616414196, "time_cost": 70.72, "final_distance_cost": 1.827517417290177, "oscillation_cost": 41.40346632142919, "completition_cost": 0.0, "overshoot_cost": 50.039413258543384, "power_cost": 11.43823826904297, "noise_cost": 11.073326375113867, "n_waypoints_completed": 9, "tot_waypoints": 9}}
{"target": -202.341389519402, "params": {"k_pid_pos": [1.4698128353043505, 0.024859491386256316, 0.3434561031905483], "k_pid_alt": [1.411112159818204, 0.6593059046539728, 0.1], "k_pid_att": [43.948176657889235, 1.326856224425946, 0.9274604585040267], "k_pid_yaw": [0.5, 1e-06, 0.1], "k_pid_hsp": [2.82373402557605, 0.01, 0.01], "k_pid_vsp": [317.72943350442205, 130.53254854158118, 1.0]}, "datetime": {"datetime": "2025-08-20 20:28:43", "elapsed": 30977.958490610123, "delta": 16.421162843704224}, "costs": {"total_cost": 202.341389519402, "time_cost": 76.696, "final_distance_cost": 1.7513639806537076, "oscillation_cost": 47.74794445965112, "completition_cost": 0.0, "overshoot_cost": 51.66476906167339, "power_cost": 12.875896923828126, "noise_cost": 11.605415093595646, "n_waypoints_completed": 9, "tot_waypoints": 9}}
{"target": -347.72239986041507, "params": {"k_pid_pos": [1.7411990865856197, 0.08329610310830193, 0.3434561031905483], "k_pid_alt": [1.2679502233621702, 0.0, 0.1], "k_pid_att": [43.948176657889235, 3.4126860594551975, 0.9274604585040267], "k_pid_yaw": [0.5, 1e-06, 0.1], "k_pid_hsp": [2.82373402557605, 0.01, 0.7372445000455273], "k_pid_vsp": [111.20884264032553, 102.7157397860675, 1.0]}, "datetime": {"datetime": "2025-08-20 20:29:03", "elapsed": 30997.519694805145, "delta": 19.561204195022583}, "costs": {"total_cost": 347.72239986041507, "time_cost": 79.592, "final_distance_cost": 1.7885149221270158, "oscillation_cost": 181.70898870151476, "completition_cost": 0.0, "overshoot_cost": 55.79258530589319, "power_cost": 15.699702624511719, "noise_cost": 13.140608306368382, "n_waypoints_completed": 9, "tot_waypoints": 9}}
{"target": -177.72854886208927, "params": {"k_pid_pos": [1.4698128353043505, 0.08329610310830193, 0.3434561031905483], "k_pid_alt": [1.2679502233621702, 0.0, 0.1], "k_pid_att": [43.948176657889235, 3.4126860594551975, 0.9274604585040267], "k_pid_yaw": [0.5, 1e-06, 0.1], "k_pid_hsp": [2.82373402557605, 0.01, 0.01], "k_pid_vsp": [111.20884264032553, 102.7157397860675, 1.0]}, "datetime": {"datetime": "2025-08-20 20:29:18", "elapsed": 31013.094160556793, "delta": 15.57446575164795}, "costs": {"total_cost": 177.72854886208927, "time_cost": 69.168, "final_distance_cost": 1.8340050510511656, "oscillation_cost": 34.33470691159361, "completition_cost": 0.0, "overshoot_cost": 50.060534191528745, "power_cost": 11.285305151367188, "noise_cost": 11.045997556548539, "n_waypoints_completed": 9, "tot_waypoints": 9}}
{"target": -184.38150284537633, "params": {"k_pid_pos": [1.7411990865856197, 0.024859491386256316, 0.3434561031905483], "k_pid_alt": [0.8968227290295414, 0.0, 0.1], "k_pid_att": [43.948176657889235, 1.326856224425946, 0.9274604585040267], "k_pid_yaw": [0.5, 1e-06, 0.1], "k_pid_hsp": [2.82373402557605, 0.01, 0.01], "k_pid_vsp": [111.20884264032553, 102.7157397860675, 1.0]}, "datetime": {"datetime": "2025-08-20 20:29:34", "elapsed": 31028.839572429657, "delta": 15.74541187286377}, "costs": {"total_cost": 184.38150284537633, "time_cost": 70.096, "final_distance_cost": 1.8083469653164872, "oscillation_cost": 39.8261236731673, "completition_cost": 0.0, "overshoot_cost": 49.880516411177844, "power_cost": 11.68042734375, "noise_cost": 11.090088451964675, "n_waypoints_completed": 9, "tot_waypoints": 9}}
{"target": -177.88489694718817, "params": {"k_pid_pos": [1.4698128353043505, 0.024859491386256316, 0.3434561031905483], "k_pid_alt": [1.2679502233621702, 0.0, 0.1], "k_pid_att": [43.948176657889235, 1.9360914828558924, 0.9274604585040267], "k_pid_yaw": [0.5, 1e-06, 0.1], "k_pid_hsp": [2.82373402557605, 0.01, 0.01], "k_pid_vsp": [111.20884264032553, 102.7157397860675, 1.0]}, "datetime": {"datetime": "2025-08-20 20:29:50", "elapsed": 31045.474060058594, "delta": 16.634487628936768}, "costs": {"total_cost": 177.88489694718817, "time_cost": 69.144, "final_distance_cost": 1.8371900527711775, "oscillation_cost": 34.31065937016456, "completition_cost": 0.0, "overshoot_cost": 50.20558438928035, "power_cost": 11.296714636230469, "noise_cost": 11.09074849874162, "n_waypoints_completed": 9, "tot_waypoints": 9}}
