{"target": -180.84069495863838, "params": {"k_pid_pos": [1.4698128353043505, 0.024859491386256316, 0.3434561031905483], "k_pid_alt": [1.2679502233621702, 0.0, 0.1], "k_pid_att": [43.948176657889235, 1.326856224425946, 0.9274604585040267], "k_pid_yaw": [0.5, 1e-06, 0.1], "k_pid_hsp": [2.82373402557605, 0.01, 0.01], "k_pid_vsp": [291.03214645110495, 102.7157397860675, 1.0]}, "datetime": {"datetime": "2025-08-20 22:00:53", "elapsed": 36508.48557639122, "delta": 17.119892597198486}, "costs": {"total_cost": 180.84069495863838, "time_cost": 69.376, "final_distance_cost": 1.8277196534505311, "oscillation_cost": 36.154392816920684, "completition_cost": 0.0, "overshoot_cost": 50.90715854158705, "power_cost": 11.412757360839844, "noise_cost": 11.162666585840277, "n_waypoints_completed": 9, "tot_waypoints": 9}}
{"target": -1223.3243921255605, "params": {"k_pid_pos": [0.037296874224611296, 0.024859491386256316, 0.3434561031905483], "k_pid_alt": [1.2679502233621702, 0.0, 0.6137735415975708], "k_pid_att": [43.948176657889235, 1.326856224425946, 0.5197892172528623], "k_pid_yaw": [0.5, 1e-06, 0.1], "k_pid_hsp": [7.6165916525026764, 0.01, 0.01], "k_pid_vsp": [111.20884264032553, 102.7157397860675, 1.0]}, "datetime": {"datetime": "2025-08-20 22:01:17", "elapsed": 36531.81871652603, "delta": 23.3331401348114}, "costs": {"total_cost": 1223.3243921255605, "time_cost": 150, "final_distance_cost": 65.11734338368183, "oscillation_cost": 39.11431726125697, "completition_cost": 888.8888888888888, "overshoot_cost": 50.94555550731876, "power_cost": 15.390518383789063, "noise_cost": 13.867768700625165, "n_waypoints_completed": 1, "tot_waypoints": 9}}
{"target": -335.0508380816108, "params": {"k_pid_pos": [1.4698128353043505, 0.09608651881807295, 0.42495672118777295], "k_pid_alt": [1.2679502233621702, 0.0, 0.1], "k_pid_att": [43.948176657889235, 1.4953935029224072, 0.332604625203343], "k_pid_yaw": [0.5, 1e-06, 0.1], "k_pid_hsp": [2.82373402557605, 0.9682737338557164, 0.8226265404506604], "k_pid_vsp": [119.32291780727789, 102.7157397860675, 1.0]}, "datetime": {"datetime": "2025-08-20 22:01:35", "elapsed": 36549.7497754097, "delta": 17.931058883666992}, "costs": {"total_cost": 335.0508380816108, "time_cost": 82.52, "final_distance_cost": 1.7801598493237094, "oscillation_cost": 168.8689924664423, "completition_cost": 0.0, "overshoot_cost": 49.917553109570534, "power_cost": 17.10908884277344, "noise_cost": 14.855043813500775, "n_waypoints_completed": 9, "tot_waypoints": 9}}
{"target": -378.6000580231625, "params": {"k_pid_pos": [0.7525203546561593, 0.024859491386256316, 0.3434561031905483], "k_pid_alt": [1.2679502233621702, 0.0, 0.2058926762241634], "k_pid_att": [50.917657588734414, 0.92936502564455, 0.9274604585040267], "k_pid_yaw": [0.5, 1e-06, 0.1], "k_pid_hsp": [2.4749177782347553, 0.01, 0.8105938006018973], "k_pid_vsp": [111.20884264032553, 102.7157397860675, 1.0]}, "datetime": {"datetime": "2025-08-20 22:01:55", "elapsed": 36570.484689712524, "delta": 20.734914302825928}, "costs": {"total_cost": 378.6000580231625, "time_cost": 88.432, "final_distance_cost": 1.7661877799664334, "oscillation_cost": 200.88347813644785, "completition_cost": 0.0, "overshoot_cost": 54.79153749371711, "power_cost": 17.81752615966797, "noise_cost": 14.909328453363113, "n_waypoints_completed": 9, "tot_waypoints": 9}}
{"target": -177.60937995499717, "params": {"k_pid_pos": [1.4698128353043505, 0.0822904257601288, 0.3434561031905483], "k_pid_alt": [1.2679502233621702, 0.0, 0.1], "k_pid_att": [43.948176657889235, 1.326856224425946, 0.9808211468183533], "k_pid_yaw": [0.5, 1e-06, 0.1], "k_pid_hsp": [2.82373402557605, 0.01, 0.01], "k_pid_vsp": [111.20884264032553, 102.7157397860675, 1.0]}, "datetime": {"datetime": "2025-08-20 22:02:12", "elapsed": 36586.50125169754, "delta": 16.01656198501587}, "costs": {"total_cost": 177.60937995499717, "time_cost": 69.168, "final_distance_cost": 1.8236531971998164, "oscillation_cost": 34.65964045638309, "completition_cost": 0.0, "overshoot_cost": 49.90985172465229, "power_cost": 11.13902373046875, "noise_cost": 10.909210846293195, "n_waypoints_completed": 9, "tot_waypoints": 9}}
{"target": -186.53198977261388, "params": {"k_pid_pos": [1.4698128353043505, 0.024859491386256316, 0.3434561031905483], "k_pid_alt": [1.2679502233621702, 0.0, 0.7248340866032845], "k_pid_att": [43.948176657889235, 1.326856224425946, 0.9274604585040267], "k_pid_yaw": [0.5, 1e-06, 0.1], "k_pid_hsp": [2.82373402557605, 0.01, 0.01], "k_pid_vsp": [152.1284020564883, 310.3723599325286, 1.0]}, "datetime": {"datetime": "2025-08-20 22:02:30", "elapsed": 36605.220274209976, "delta": 18.719022512435913}, "costs": {"total_cost": 186.53198977261388, "time_cost": 71.224, "final_distance_cost": 1.835165307706029, "oscillation_cost": 39.84939092061401, "completition_cost": 0.0, "overshoot_cost": 50.482985987222776, "power_cost": 11.963154162597657, "noise_cost": 11.177293394473418, "n_waypoints_completed": 9, "tot_waypoints": 9}}
{"target": -177.60937995499717, "params": {"k_pid_pos": [1.4698128353043505, 0.0822904257601288, 0.3434561031905483], "k_pid_alt": [1.2679502233621702, 0.0, 0.1], "k_pid_att": [43.948176657889235, 1.326856224425946, 0.9808211468183533], "k_pid_yaw": [0.5, 1e-06, 0.1], "k_pid_hsp": [2.82373402557605, 0.01, 0.01], "k_pid_vsp": [111.20884264032553, 102.7157397860675, 1.0]}, "datetime": {"datetime": "2025-08-20 22:02:45", "elapsed": 36620.06173157692, "delta": 14.84145736694336}, "costs": {"total_cost": 177.60937995499717, "time_cost": 69.168, "final_distance_cost": 1.8236531971998164, "oscillation_cost": 34.65964045638309, "completition_cost": 0.0, "overshoot_cost": 49.90985172465229, "power_cost": 11.13902373046875, "noise_cost": 10.909210846293195, "n_waypoints_completed": 9, "tot_waypoints": 9}}
{"target": -177.60937995499717, "params": {"k_pid_pos": [1.4698128353043505, 0.0822904257601288, 0.3434561031905483], "k_pid_alt": [1.2679502233621702, 0.0, 0.1], "k_pid_att": [43.948176657889235, 1.326856224425946, 0.9808211468183533], "k_pid_yaw": [0.5, 1e-06, 0.1], "k_pid_hsp": [2.82373402557605, 0.01, 0.01], "k_pid_vsp": [111.20884264032553, 102.7157397860675, 1.0]}, "datetime": {"datetime": "2025-08-20 22:03:04", "elapsed": 36638.56211924553, "delta": 18.50038766860962}, "costs": {"total_cost": 177.60937995499717, "time_cost": 69.168, "final_distance_cost": 1.8236531971998164, "oscillation_cost": 34.65964045638309, "completition_cost": 0.0, "overshoot_cost": 49.90985172465229, "power_cost": 11.13902373046875, "noise_cost": 10.909210846293195, "n_waypoints_completed": 9, "tot_waypoints": 9}}
{"target": -177.60937995499717, "params": {"k_pid_pos": [1.4698128353043505, 0.0822904257601288, 0.3434561031905483], "k_pid_alt": [1.2679502233621702, 0.0, 0.1], "k_pid_att": [43.948176657889235, 1.326856224425946, 0.9808211468183533], "k_pid_yaw": [0.5, 1e-06, 0.1], "k_pid_hsp": [2.82373402557605, 0.01, 0.01], "k_pid_vsp": [111.20884264032553, 102.7157397860675, 1.0]}, "datetime": {"datetime": "2025-08-20 22:03:18", "elapsed": 36653.32156896591, "delta": 14.75944972038269}, "costs": {"total_cost": 177.60937995499717, "time_cost": 69.168, "final_distance_cost": 1.8236531971998164, "oscillation_cost": 34.65964045638309, "completition_cost": 0.0, "overshoot_cost": 49.90985172465229, "power_cost": 11.13902373046875, "noise_cost": 10.909210846293195, "n_waypoints_completed": 9, "tot_waypoints": 9}}
{"target": -182.6297491926074, "params": {"k_pid_pos": [1.4698128353043505, 0.0822904257601288, 0.3434561031905483], "k_pid_alt": [1.2679502233621702, 0.0, 0.3914560168416277], "k_pid_att": [43.948176657889235, 0.6665116933437144, 0.9274604585040267], "k_pid_yaw": [0.5, 1e-06, 0.1], "k_pid_hsp": [2.82373402557605, 0.30091508283602064, 0.01], "k_pid_vsp": [343.8859856159743, 102.7157397860675, 1.0]}, "datetime": {"datetime": "2025-08-20 22:03:35", "elapsed": 36670.09079480171, "delta": 16.76922583580017}, "costs": {"total_cost": 182.6297491926074, "time_cost": 69.96000000000001, "final_distance_cost": 1.8246324234230886, "oscillation_cost": 38.421516766952045, "completition_cost": 0.0, "overshoot_cost": 49.981294679065954, "power_cost": 11.428264367675782, "noise_cost": 11.014040955490502, "n_waypoints_completed": 9, "tot_waypoints": 9}}
{"target": -179.01232016052356, "params": {"k_pid_pos": [1.4698128353043505, 0.024859491386256316, 0.3434561031905483], "k_pid_alt": [1.3427773022103757, 0.0, 0.1], "k_pid_att": [43.948176657889235, 1.326856224425946, 0.9808211468183533], "k_pid_yaw": [0.5, 1e-06, 0.1], "k_pid_hsp": [2.82373402557605, 0.01, 0.01], "k_pid_vsp": [111.20884264032553, 102.7157397860675, 1.0]}, "datetime": {"datetime": "2025-08-20 22:03:50", "elapsed": 36684.810431718826, "delta": 14.719636917114258}, "costs": {"total_cost": 179.01232016052356, "time_cost": 69.016, "final_distance_cost": 1.8339871413389166, "oscillation_cost": 35.86336763407249, "completition_cost": 0.0, "overshoot_cost": 50.077691348991785, "power_cost": 11.233530920410157, "noise_cost": 10.987743115710211, "n_waypoints_completed": 9, "tot_waypoints": 9}}
{"target": -177.60937995499717, "params": {"k_pid_pos": [1.4698128353043505, 0.0822904257601288, 0.3434561031905483], "k_pid_alt": [1.2679502233621702, 0.0, 0.1], "k_pid_att": [43.948176657889235, 1.326856224425946, 0.9808211468183533], "k_pid_yaw": [0.5, 1e-06, 0.1], "k_pid_hsp": [2.82373402557605, 0.01, 0.01], "k_pid_vsp": [111.20884264032553, 102.7157397860675, 1.0]}, "datetime": {"datetime": "2025-08-20 22:04:07", "elapsed": 36701.69747161865, "delta": 16.88703989982605}, "costs": {"total_cost": 177.60937995499717, "time_cost": 69.168, "final_distance_cost": 1.8236531971998164, "oscillation_cost": 34.65964045638309, "completition_cost": 0.0, "overshoot_cost": 49.90985172465229, "power_cost": 11.13902373046875, "noise_cost": 10.909210846293195, "n_waypoints_completed": 9, "tot_waypoints": 9}}
{"target": -177.60937995499717, "params": {"k_pid_pos": [1.4698128353043505, 0.0822904257601288, 0.3434561031905483], "k_pid_alt": [1.2679502233621702, 0.0, 0.1], "k_pid_att": [43.948176657889235, 1.326856224425946, 0.9808211468183533], "k_pid_yaw": [0.5, 1e-06, 0.1], "k_pid_hsp": [2.82373402557605, 0.01, 0.01], "k_pid_vsp": [111.20884264032553, 102.7157397860675, 1.0]}, "datetime": {"datetime": "2025-08-20 22:04:21", "elapsed": 36716.41678071022, "delta": 14.719309091567993}, "costs": {"total_cost": 177.60937995499717, "time_cost": 69.168, "final_distance_cost": 1.8236531971998164, "oscillation_cost": 34.65964045638309, "completition_cost": 0.0, "overshoot_cost": 49.90985172465229, "power_cost": 11.13902373046875, "noise_cost": 10.909210846293195, "n_waypoints_completed": 9, "tot_waypoints": 9}}
{"target": -186.85351452863827, "params": {"k_pid_pos": [1.4698128353043505, 0.0822904257601288, 0.3434561031905483], "k_pid_alt": [1.2679502233621702, 0.0, 0.1], "k_pid_att": [43.948176657889235, 1.326856224425946, 0.3208883335954925], "k_pid_yaw": [0.5, 1e-06, 0.1], "k_pid_hsp": [2.82373402557605, 0.01, 0.01], "k_pid_vsp": [111.20884264032553, 102.7157397860675, 1.0]}, "datetime": {"datetime": "2025-08-20 22:04:40", "elapsed": 36734.7544028759, "delta": 18.33762216567993}, "costs": {"total_cost": 186.85351452863827, "time_cost": 69.232, "final_distance_cost": 1.8250606096181436, "oscillation_cost": 42.5183405158581, "completition_cost": 0.0, "overshoot_cost": 50.309360293015146, "power_cost": 11.785956689453126, "noise_cost": 11.182796420693755, "n_waypoints_completed": 9, "tot_waypoints": 9}}
{"target": -207.70303456482776, "params": {"k_pid_pos": [1.4698128353043505, 0.0822904257601288, 0.3434561031905483], "k_pid_alt": [1.2679502233621702, 0.0, 0.1], "k_pid_att": [43.948176657889235, 7.108257667389705, 0.07172816110251268], "k_pid_yaw": [0.5, 1e-06, 0.1], "k_pid_hsp": [2.82373402557605, 0.01, 0.01], "k_pid_vsp": [111.20884264032553, 102.7157397860675, 1.0]}, "datetime": {"datetime": "2025-08-20 22:04:56", "elapsed": 36751.100722789764, "delta": 16.346319913864136}, "costs": {"total_cost": 207.70303456482776, "time_cost": 69.2, "final_distance_cost": 1.8068987107124448, "oscillation_cost": 63.327217185596275, "completition_cost": 0.0, "overshoot_cost": 50.193563349965125, "power_cost": 11.879084533691406, "noise_cost": 11.296270784862479, "n_waypoints_completed": 9, "tot_waypoints": 9}}
{"target": -177.81050673414487, "params": {"k_pid_pos": [1.4698128353043505, 0.0822904257601288, 0.3434561031905483], "k_pid_alt": [1.2679502233621702, 0.0, 0.1], "k_pid_att": [43.948176657889235, 1.1105074131954076, 0.9808211468183533], "k_pid_yaw": [0.5, 1e-06, 0.1], "k_pid_hsp": [2.82373402557605, 0.01, 0.01], "k_pid_vsp": [111.20884264032553, 102.7157397860675, 1.0]}, "datetime": {"datetime": "2025-08-20 22:05:12", "elapsed": 36767.20928025246, "delta": 16.10855746269226}, "costs": {"total_cost": 177.81050673414487, "time_cost": 69.184, "final_distance_cost": 1.8214406298247212, "oscillation_cost": 34.64992783577374, "completition_cost": 0.0, "overshoot_cost": 49.962224037868395, "power_cost": 11.207556079101563, "noise_cost": 10.985358151576452, "n_waypoints_completed": 9, "tot_waypoints": 9}}
{"target": -186.0282584151151, "params": {"k_pid_pos": [1.4698128353043505, 0.024859491386256316, 0.42495672118777295], "k_pid_alt": [1.85112020821355, 0.0, 0.1], "k_pid_att": [43.948176657889235, 4.819059953965517, 0.9808211468183533], "k_pid_yaw": [0.5, 1e-06, 0.1], "k_pid_hsp": [2.82373402557605, 0.01, 0.01], "k_pid_vsp": [30.277211485852273, 140.20834175906987, 1.0]}, "datetime": {"datetime": "2025-08-20 22:05:30", "elapsed": 36784.948115587234, "delta": 17.738835334777832}, "costs": {"total_cost": 186.0282584151151, "time_cost": 69.592, "final_distance_cost": 1.8413296609001324, "oscillation_cost": 40.98399369501205, "completition_cost": 0.0, "overshoot_cost": 50.381468075394935, "power_cost": 12.00081512451172, "noise_cost": 11.228651859296278, "n_waypoints_completed": 9, "tot_waypoints": 9}}
{"target": -180.2047045078857, "params": {"k_pid_pos": [1.4698128353043505, 0.024859491386256316, 0.3434561031905483], "k_pid_alt": [1.2679502233621702, 0.0, 0.04865678698342779], "k_pid_att": [43.948176657889235, 3.907559788299492, 0.9274604585040267], "k_pid_yaw": [0.5, 1e-06, 0.1], "k_pid_hsp": [2.82373402557605, 0.30091508283602064, 0.01], "k_pid_vsp": [111.20884264032553, 102.7157397860675, 1.0]}, "datetime": {"datetime": "2025-08-20 22:05:45", "elapsed": 36800.14399433136, "delta": 15.195878744125366}, "costs": {"total_cost": 180.2047045078857, "time_cost": 68.784, "final_distance_cost": 1.8284770905593013, "oscillation_cost": 38.176569735762115, "completition_cost": 0.0, "overshoot_cost": 49.2858334186982, "power_cost": 11.203123645019533, "noise_cost": 10.926700617846523, "n_waypoints_completed": 9, "tot_waypoints": 9}}
{"target": -180.2047045078857, "params": {"k_pid_pos": [1.4698128353043505, 0.024859491386256316, 0.3434561031905483], "k_pid_alt": [1.2679502233621702, 0.0, 0.04865678698342779], "k_pid_att": [43.948176657889235, 3.907559788299492, 0.9274604585040267], "k_pid_yaw": [0.5, 1e-06, 0.1], "k_pid_hsp": [2.82373402557605, 0.30091508283602064, 0.01], "k_pid_vsp": [111.20884264032553, 102.7157397860675, 1.0]}, "datetime": {"datetime": "2025-08-20 22:06:04", "elapsed": 36818.65262937546, "delta": 18.5086350440979}, "costs": {"total_cost": 180.2047045078857, "time_cost": 68.784, "final_distance_cost": 1.8284770905593013, "oscillation_cost": 38.176569735762115, "completition_cost": 0.0, "overshoot_cost": 49.2858334186982, "power_cost": 11.203123645019533, "noise_cost": 10.926700617846523, "n_waypoints_completed": 9, "tot_waypoints": 9}}
{"target": -199.39964658067268, "params": {"k_pid_pos": [1.4698128353043505, 0.5335459762000035, 0.3434561031905483], "k_pid_alt": [1.2679502233621702, 0.0, 0.1], "k_pid_att": [57.80223709971288, 1.326856224425946, 0.9808211468183533], "k_pid_yaw": [0.5, 1e-06, 0.1], "k_pid_hsp": [2.82373402557605, 0.01, 0.01], "k_pid_vsp": [111.20884264032553, 102.7157397860675, 1.0]}, "datetime": {"datetime": "2025-08-20 22:06:21", "elapsed": 36835.63861989975, "delta": 16.985990524291992}, "costs": {"total_cost": 199.39964658067268, "time_cost": 79.528, "final_distance_cost": 1.7319294368697111, "oscillation_cost": 39.787644071679516, "completition_cost": 0.0, "overshoot_cost": 52.471306472105034, "power_cost": 13.413694799804688, "noise_cost": 12.467071800213738, "n_waypoints_completed": 9, "tot_waypoints": 9}}
{"target": -423.202539277607, "params": {"k_pid_pos": [1.4698128353043505, 0.5910883108728138, 0.3434561031905483], "k_pid_alt": [1.2679502233621702, 0.07571630374287386, 0.1], "k_pid_att": [43.948176657889235, 1.326856224425946, 0.9274604585040267], "k_pid_yaw": [0.5, 1e-06, 0.1], "k_pid_hsp": [2.82373402557605, 0.01, 0.01], "k_pid_vsp": [291.03214645110495, 102.7157397860675, 1.0]}, "datetime": {"datetime": "2025-08-20 22:06:43", "elapsed": 36858.280745983124, "delta": 22.642126083374023}, "costs": {"total_cost": 423.202539277607, "time_cost": 150, "final_distance_cost": 31.440323215984158, "oscillation_cost": 48.221682487626154, "completition_cost": 111.11111111111116, "overshoot_cost": 51.589330049779264, "power_cost": 16.359583740234378, "noise_cost": 14.480508672871919, "n_waypoints_completed": 8, "tot_waypoints": 9}}
{"target": -999.5663136789034, "params": {"k_pid_pos": [1.4698128353043505, 0.024859491386256316, 0.42495672118777295], "k_pid_alt": [1.85112020821355, 0.0, 0.1], "k_pid_att": [43.948176657889235, 1.326856224425946, 0.9274604585040267], "k_pid_yaw": [0.5, 1e-06, 0.1], "k_pid_hsp": [2.82373402557605, 0.01, 0.01], "k_pid_vsp": [291.03214645110495, 102.7157397860675, 274.54929475110737]}, "datetime": {"datetime": "2025-08-20 22:07:06", "elapsed": 36881.45694541931, "delta": 23.176199436187744}, "costs": {"total_cost": 999.5663136789034, "time_cost": 150, "final_distance_cost": 58.669903835957534, "oscillation_cost": 41.71129267480502, "completition_cost": 666.6666666666667, "overshoot_cost": 57.56024011205782, "power_cost": 13.362148010253907, "noise_cost": 11.59606237916234, "n_waypoints_completed": 3, "tot_waypoints": 9}}
{"target": -185.147947345812, "params": {"k_pid_pos": [1.4698128353043505, 0.024859491386256316, 0.3434561031905483], "k_pid_alt": [1.7485197016556397, 0.0, 0.1], "k_pid_att": [43.948176657889235, 4.819059953965517, 0.6502564009774173], "k_pid_yaw": [0.5, 1e-06, 0.1], "k_pid_hsp": [2.82373402557605, 0.01, 0.01], "k_pid_vsp": [111.20884264032553, 291.9899918266388, 1.0]}, "datetime": {"datetime": "2025-08-20 22:07:21", "elapsed": 36896.35800433159, "delta": 14.901058912277222}, "costs": {"total_cost": 185.147947345812, "time_cost": 68.912, "final_distance_cost": 1.8465005847807285, "oscillation_cost": 40.37140178298329, "completition_cost": 0.0, "overshoot_cost": 50.49771736681768, "power_cost": 12.105869970703125, "noise_cost": 11.41445764052717, "n_waypoints_completed": 9, "tot_waypoints": 9}}
{"target": -188.46783337317453, "params": {"k_pid_pos": [1.4698128353043505, 0.024859491386256316, 0.3434561031905483], "k_pid_alt": [1.85112020821355, 0.0, 0.7458075116847572], "k_pid_att": [9.14477148846079, 1.326856224425946, 0.9808211468183533], "k_pid_yaw": [0.5, 1e-06, 0.1], "k_pid_hsp": [2.82373402557605, 0.918910454481374, 0.01], "k_pid_vsp": [111.20884264032553, 102.7157397860675, 1.0]}, "datetime": {"datetime": "2025-08-20 22:07:38", "elapsed": 36912.694217681885, "delta": 16.33621335029602}, "costs": {"total_cost": 188.46783337317453, "time_cost": 68.728, "final_distance_cost": 1.8346466381373692, "oscillation_cost": 45.672325154069846, "completition_cost": 0.0, "overshoot_cost": 49.106924454674285, "power_cost": 12.03504638671875, "noise_cost": 11.090890739574277, "n_waypoints_completed": 9, "tot_waypoints": 9}}
{"target": -178.0369460094758, "params": {"k_pid_pos": [1.4698128353043505, 0.0822904257601288, 0.3434561031905483], "k_pid_alt": [1.2679502233621702, 0.0, 0.1], "k_pid_att": [43.948176657889235, 1.326856224425946, 0.9808211468183533], "k_pid_yaw": [0.5, 1e-06, 0.1], "k_pid_hsp": [2.82373402557605, 0.01, 0.01], "k_pid_vsp": [86.62925229669689, 102.7157397860675, 1.0]}, "datetime": {"datetime": "2025-08-20 22:07:53", "elapsed": 36927.69509887695, "delta": 15.00088119506836}, "costs": {"total_cost": 178.0369460094758, "time_cost": 69.144, "final_distance_cost": 1.8167744947619529, "oscillation_cost": 35.04311871919064, "completition_cost": 0.0, "overshoot_cost": 49.857125922574454, "power_cost": 11.164651037597658, "noise_cost": 11.011275835351091, "n_waypoints_completed": 9, "tot_waypoints": 9}}
{"target": -202.3078492735037, "params": {"k_pid_pos": [1.4698128353043505, 0.0822904257601288, 0.3434561031905483], "k_pid_alt": [1.2679502233621702, 0.0, 0.3053062226959652], "k_pid_att": [91.00202412209904, 1.326856224425946, 0.0025181163521733607], "k_pid_yaw": [0.5, 1e-06, 0.1], "k_pid_hsp": [2.82373402557605, 0.01, 0.01], "k_pid_vsp": [111.20884264032553, 311.7529422610338, 1.0]}, "datetime": {"datetime": "2025-08-20 22:08:11", "elapsed": 36946.08601260185, "delta": 18.390913724899292}, "costs": {"total_cost": 202.3078492735037, "time_cost": 70.08, "final_distance_cost": 1.81917875296837, "oscillation_cost": 55.909362590812286, "completition_cost": 0.0, "overshoot_cost": 50.577991830878304, "power_cost": 12.423618078613282, "noise_cost": 11.497698020231464, "n_waypoints_completed": 9, "tot_waypoints": 9}}
