{"target": -181.08625407988268, "params": {"k_pid_pos": [1.4698128353043505, 0.024859491386256316, 0.11401919133455096], "k_pid_alt": [1.2679502233621702, 0.0, 0.1], "k_pid_att": [43.948176657889235, 3.7802132718527557, 0.9274604585040267], "k_pid_yaw": [0.5, 1e-06, 0.1], "k_pid_hsp": [1.0, 0.01, 0.01], "k_pid_vsp": [86.28438231591274, 93.09285943774285, 1.0]}, "datetime": {"datetime": "2025-08-20 15:30:57", "elapsed": 13112.242821931839, "delta": 16.156760454177856}, "costs": {"total_cost": 181.08625407988268, "time_cost": 68.432, "final_distance_cost": 1.777139566221147, "oscillation_cost": 37.2126429914814, "completition_cost": 0.0, "overshoot_cost": 49.92656575446965, "power_cost": 12.451821936035158, "noise_cost": 11.286083831675306, "n_waypoints_completed": 9, "tot_waypoints": 9}}
{"target": -183.6129621903332, "params": {"k_pid_pos": [1.4698128353043505, 0.024859491386256316, 0.11401919133455096], "k_pid_alt": [1.2679502233621702, 0.0, 0.1], "k_pid_att": [33.41589308538913, 3.7802132718527557, 0.9274604585040267], "k_pid_yaw": [0.5, 1e-06, 0.1], "k_pid_hsp": [3.022941925987454, 0.01, 0.01], "k_pid_vsp": [111.20884264032553, 93.09285943774285, 1.0]}, "datetime": {"datetime": "2025-08-20 15:31:13", "elapsed": 13127.79379940033, "delta": 15.5509774684906}, "costs": {"total_cost": 183.6129621903332, "time_cost": 68.648, "final_distance_cost": 1.8187081739518833, "oscillation_cost": 40.405386122133784, "completition_cost": 0.0, "overshoot_cost": 50.18084012200101, "power_cost": 11.532902954101562, "noise_cost": 11.027124818144996, "n_waypoints_completed": 9, "tot_waypoints": 9}}
{"target": -188.56734075489152, "params": {"k_pid_pos": [1.4698128353043505, 0.024859491386256316, 0.11401919133455096], "k_pid_alt": [1.2679502233621702, 0.0, 0.1], "k_pid_att": [43.948176657889235, 3.7802132718527557, 0.8792759721912583], "k_pid_yaw": [0.5, 1e-06, 0.1], "k_pid_hsp": [4.626181356041326, 0.01, 0.01], "k_pid_vsp": [38.13587436328043, 343.92571266746677, 1.0]}, "datetime": {"datetime": "2025-08-20 15:31:30", "elapsed": 13145.094450235367, "delta": 17.30065083503723}, "costs": {"total_cost": 188.56734075489152, "time_cost": 68.64, "final_distance_cost": 1.8191975715124533, "oscillation_cost": 44.89330648486798, "completition_cost": 0.0, "overshoot_cost": 50.09180815382686, "power_cost": 12.181099755859375, "noise_cost": 10.941928788824862, "n_waypoints_completed": 9, "tot_waypoints": 9}}
{"target": -237.4648741666227, "params": {"k_pid_pos": [0.3405759437876029, 0.024859491386256316, 0.11401919133455096], "k_pid_alt": [1.9760452627536838, 0.0, 0.5478807422402548], "k_pid_att": [43.948176657889235, 3.7802132718527557, 0.052104535687826026], "k_pid_yaw": [0.5, 1e-06, 0.1], "k_pid_hsp": [1.0, 0.01, 0.01], "k_pid_vsp": [111.20884264032553, 87.58200976551859, 1.0]}, "datetime": {"datetime": "2025-08-20 15:31:53", "elapsed": 13168.462122917175, "delta": 23.36767268180847}, "costs": {"total_cost": 237.4648741666227, "time_cost": 94.248, "final_distance_cost": 1.8580154966680689, "oscillation_cost": 55.48315003208159, "completition_cost": 0.0, "overshoot_cost": 53.80524381877551, "power_cost": 15.718529235839844, "noise_cost": 16.351935583257667, "n_waypoints_completed": 9, "tot_waypoints": 9}}
{"target": -180.82633189952398, "params": {"k_pid_pos": [1.4698128353043505, 0.024859491386256316, 0.11401919133455096], "k_pid_alt": [1.2679502233621702, 0.0, 0.1], "k_pid_att": [43.948176657889235, 3.7802132718527557, 0.9274604585040267], "k_pid_yaw": [0.5, 1e-06, 0.1], "k_pid_hsp": [1.0, 0.01, 0.01], "k_pid_vsp": [111.20884264032553, 93.09285943774285, 1.0]}, "datetime": {"datetime": "2025-08-20 15:32:10", "elapsed": 13184.54688334465, "delta": 16.084760427474976}, "costs": {"total_cost": 180.82633189952398, "time_cost": 68.456, "final_distance_cost": 1.8129035550535026, "oscillation_cost": 37.19502557670047, "completition_cost": 0.0, "overshoot_cost": 50.071586228309805, "power_cost": 12.12881405029297, "noise_cost": 11.162002489167234, "n_waypoints_completed": 9, "tot_waypoints": 9}}
{"target": -219.07002674352944, "params": {"k_pid_pos": [1.4698128353043505, 0.024859491386256316, 0.11401919133455096], "k_pid_alt": [1.2679502233621702, 0.0, 0.1], "k_pid_att": [43.948176657889235, 3.7802132718527557, 0.8299786351622237], "k_pid_yaw": [0.5, 1e-06, 0.1], "k_pid_hsp": [1.0, 0.01, 0.14824217695359299], "k_pid_vsp": [111.20884264032553, 236.05823748210273, 1.0]}, "datetime": {"datetime": "2025-08-20 15:32:27", "elapsed": 13202.247307777405, "delta": 17.700424432754517}, "costs": {"total_cost": 219.07002674352944, "time_cost": 73.952, "final_distance_cost": 1.788419081416545, "oscillation_cost": 63.17834808958754, "completition_cost": 0.0, "overshoot_cost": 53.90359864423959, "power_cost": 13.876385839843751, "noise_cost": 12.371275088442024, "n_waypoints_completed": 9, "tot_waypoints": 9}}
{"target": -1501.2816692614765, "params": {"k_pid_pos": [1.4698128353043505, 0.024859491386256316, 0.11401919133455096], "k_pid_alt": [0.0031421016365082988, 0.0, 0.1], "k_pid_att": [43.948176657889235, 5.300697594845797, 0.9274604585040267], "k_pid_yaw": [0.5, 1e-06, 0.1], "k_pid_hsp": [1.0, 0.01, 0.6318576734090117], "k_pid_vsp": [111.20884264032553, 93.09285943774285, 1.0]}, "datetime": {"datetime": "2025-08-20 15:32:50", "elapsed": 13225.330601930618, "delta": 23.0832941532135}, "costs": {"total_cost": 1501.2816692614765, "time_cost": 150, "final_distance_cost": 12.65809371846365, "oscillation_cost": 174.1850028482351, "completition_cost": 1000.0, "overshoot_cost": 118.51618362033288, "power_cost": 19.786695239257813, "noise_cost": 26.13569383518703, "n_waypoints_completed": 0, "tot_waypoints": 9}}
{"target": -181.81426156536187, "params": {"k_pid_pos": [1.4999912498542303, 0.024859491386256316, 0.06327155149462471], "k_pid_alt": [1.1424381546674114, 0.0, 0.1], "k_pid_att": [43.948176657889235, 3.7802132718527557, 0.9274604585040267], "k_pid_yaw": [0.5, 1e-06, 0.1], "k_pid_hsp": [1.0, 0.01, 0.01], "k_pid_vsp": [111.20884264032553, 93.09285943774285, 1.0]}, "datetime": {"datetime": "2025-08-20 15:33:07", "elapsed": 13241.599239826202, "delta": 16.268637895584106}, "costs": {"total_cost": 181.81426156536187, "time_cost": 68.664, "final_distance_cost": 1.7713191627477591, "oscillation_cost": 38.18179044674907, "completition_cost": 0.0, "overshoot_cost": 50.08586594676425, "power_cost": 12.000709326171876, "noise_cost": 11.110576682928924, "n_waypoints_completed": 9, "tot_waypoints": 9}}
{"target": -182.56831407120262, "params": {"k_pid_pos": [1.4698128353043505, 0.024859491386256316, 0.11401919133455096], "k_pid_alt": [1.2679502233621702, 0.0, 0.1], "k_pid_att": [43.948176657889235, 3.7802132718527557, 0.4533553111744568], "k_pid_yaw": [0.5, 1e-06, 0.1], "k_pid_hsp": [1.0, 0.01, 0.01], "k_pid_vsp": [111.20884264032553, 87.58200976551859, 1.0]}, "datetime": {"datetime": "2025-08-20 15:33:22", "elapsed": 13256.933085680008, "delta": 15.333845853805542}, "costs": {"total_cost": 182.56831407120262, "time_cost": 68.528, "final_distance_cost": 1.79052215750273, "oscillation_cost": 38.633000830049916, "completition_cost": 0.0, "overshoot_cost": 50.29009871388306, "power_cost": 12.212473071289063, "noise_cost": 11.114219298477844, "n_waypoints_completed": 9, "tot_waypoints": 9}}
{"target": -405.92020724264825, "params": {"k_pid_pos": [1.4698128353043505, 0.024859491386256316, 0.11401919133455096], "k_pid_alt": [0.25354681259241607, 0.0, 0.1], "k_pid_att": [43.948176657889235, 5.200466839336723, 0.8792759721912583], "k_pid_yaw": [0.5, 1e-06, 0.1], "k_pid_hsp": [1.0, 0.01, 0.01], "k_pid_vsp": [365.3902764062781, 93.09285943774285, 1.0]}, "datetime": {"datetime": "2025-08-20 15:33:45", "elapsed": 13279.667778491974, "delta": 22.734692811965942}, "costs": {"total_cost": 405.92020724264825, "time_cost": 150, "final_distance_cost": 15.788039966213491, "oscillation_cost": 44.985679853101914, "completition_cost": 111.11111111111116, "overshoot_cost": 51.85718505922253, "power_cost": 17.436364929199218, "noise_cost": 14.74182632379998, "n_waypoints_completed": 8, "tot_waypoints": 9}}
{"target": -181.0464065043154, "params": {"k_pid_pos": [1.4698128353043505, 0.024859491386256316, 0.12618627628651247], "k_pid_alt": [1.2679502233621702, 0.0, 0.1], "k_pid_att": [43.948176657889235, 3.7802132718527557, 0.9274604585040267], "k_pid_yaw": [0.5, 1e-06, 0.1], "k_pid_hsp": [1.0, 0.01, 0.01], "k_pid_vsp": [111.20884264032553, 91.73625214486171, 1.0]}, "datetime": {"datetime": "2025-08-20 15:34:00", "elapsed": 13294.818301677704, "delta": 15.15052318572998}, "costs": {"total_cost": 181.0464065043154, "time_cost": 68.48, "final_distance_cost": 1.7870231843978774, "oscillation_cost": 36.933295244949555, "completition_cost": 0.0, "overshoot_cost": 50.0276874945848, "power_cost": 12.488160498046875, "noise_cost": 11.33024008233627, "n_waypoints_completed": 9, "tot_waypoints": 9}}
{"target": -187.92808888681873, "params": {"k_pid_pos": [1.0011422296428567, 0.024859491386256316, 0.11401919133455096], "k_pid_alt": [1.2679502233621702, 0.0, 0.1], "k_pid_att": [43.948176657889235, 6.08943583941259, 0.8299786351622237], "k_pid_yaw": [0.5, 1e-06, 0.1], "k_pid_hsp": [5.107906561366106, 0.01, 0.01], "k_pid_vsp": [19.426275527231418, 87.58200976551859, 1.0]}, "datetime": {"datetime": "2025-08-20 15:34:15", "elapsed": 13310.45254278183, "delta": 15.634241104125977}, "costs": {"total_cost": 187.92808888681873, "time_cost": 69.912, "final_distance_cost": 1.8481223906989614, "oscillation_cost": 43.05466693238394, "completition_cost": 0.0, "overshoot_cost": 49.744174502185416, "power_cost": 11.937212268066407, "noise_cost": 11.431912793483963, "n_waypoints_completed": 9, "tot_waypoints": 9}}
{"target": -188.39338964775467, "params": {"k_pid_pos": [1.4698128353043505, 0.024859491386256316, 0.13666630474832364], "k_pid_alt": [0.9730264988067046, 0.0, 0.18554982971348166], "k_pid_att": [43.948176657889235, 1.6378108886447933, 0.9274604585040267], "k_pid_yaw": [0.5, 1e-06, 0.1], "k_pid_hsp": [1.0, 0.3530148293123191, 0.01], "k_pid_vsp": [111.20884264032553, 93.09285943774285, 1.0]}, "datetime": {"datetime": "2025-08-20 15:34:31", "elapsed": 13325.703181266785, "delta": 15.250638484954834}, "costs": {"total_cost": 188.39338964775467, "time_cost": 69.616, "final_distance_cost": 1.826528252564525, "oscillation_cost": 44.01346042041553, "completition_cost": 0.0, "overshoot_cost": 49.60674053636883, "power_cost": 12.160667553710939, "noise_cost": 11.169992884694826, "n_waypoints_completed": 9, "tot_waypoints": 9}}
{"target": -180.82633189952398, "params": {"k_pid_pos": [1.4698128353043505, 0.024859491386256316, 0.11401919133455096], "k_pid_alt": [1.2679502233621702, 0.0, 0.1], "k_pid_att": [43.948176657889235, 3.7802132718527557, 0.9274604585040267], "k_pid_yaw": [0.5, 1e-06, 0.1], "k_pid_hsp": [1.0, 0.01, 0.01], "k_pid_vsp": [111.20884264032553, 93.09285943774285, 1.0]}, "datetime": {"datetime": "2025-08-20 15:34:46", "elapsed": 13341.070499897003, "delta": 15.367318630218506}, "costs": {"total_cost": 180.82633189952398, "time_cost": 68.456, "final_distance_cost": 1.8129035550535026, "oscillation_cost": 37.19502557670047, "completition_cost": 0.0, "overshoot_cost": 50.071586228309805, "power_cost": 12.12881405029297, "noise_cost": 11.162002489167234, "n_waypoints_completed": 9, "tot_waypoints": 9}}
{"target": -183.6129621903332, "params": {"k_pid_pos": [1.4698128353043505, 0.024859491386256316, 0.11401919133455096], "k_pid_alt": [1.2679502233621702, 0.0, 0.1], "k_pid_att": [33.41589308538913, 3.7802132718527557, 0.9274604585040267], "k_pid_yaw": [0.5, 1e-06, 0.1], "k_pid_hsp": [3.022941925987454, 0.01, 0.01], "k_pid_vsp": [111.20884264032553, 93.09285943774285, 1.0]}, "datetime": {"datetime": "2025-08-20 15:35:01", "elapsed": 13355.98821425438, "delta": 14.917714357376099}, "costs": {"total_cost": 183.6129621903332, "time_cost": 68.648, "final_distance_cost": 1.8187081739518833, "oscillation_cost": 40.405386122133784, "completition_cost": 0.0, "overshoot_cost": 50.18084012200101, "power_cost": 11.532902954101562, "noise_cost": 11.027124818144996, "n_waypoints_completed": 9, "tot_waypoints": 9}}
{"target": -180.82633189952398, "params": {"k_pid_pos": [1.4698128353043505, 0.024859491386256316, 0.11401919133455096], "k_pid_alt": [1.2679502233621702, 0.0, 0.1], "k_pid_att": [43.948176657889235, 3.7802132718527557, 0.9274604585040267], "k_pid_yaw": [0.5, 1e-06, 0.1], "k_pid_hsp": [1.0, 0.01, 0.01], "k_pid_vsp": [111.20884264032553, 93.09285943774285, 1.0]}, "datetime": {"datetime": "2025-08-20 15:35:16", "elapsed": 13370.655213356018, "delta": 14.666999101638794}, "costs": {"total_cost": 180.82633189952398, "time_cost": 68.456, "final_distance_cost": 1.8129035550535026, "oscillation_cost": 37.19502557670047, "completition_cost": 0.0, "overshoot_cost": 50.071586228309805, "power_cost": 12.12881405029297, "noise_cost": 11.162002489167234, "n_waypoints_completed": 9, "tot_waypoints": 9}}
{"target": -181.71334019087473, "params": {"k_pid_pos": [1.4698128353043505, 0.024859491386256316, 0.11401919133455096], "k_pid_alt": [1.2679502233621702, 0.0, 0.1], "k_pid_att": [43.948176657889235, 3.7802132718527557, 0.9274604585040267], "k_pid_yaw": [0.5, 1e-06, 0.1], "k_pid_hsp": [3.022941925987454, 0.01, 0.01], "k_pid_vsp": [111.20884264032553, 93.09285943774285, 1.0]}, "datetime": {"datetime": "2025-08-20 15:35:31", "elapsed": 13386.139599561691, "delta": 15.484386205673218}, "costs": {"total_cost": 181.71334019087473, "time_cost": 68.712, "final_distance_cost": 1.8037923030471286, "oscillation_cost": 38.47552405718744, "completition_cost": 0.0, "overshoot_cost": 50.34770564979888, "power_cost": 11.420315368652345, "noise_cost": 10.954002812188914, "n_waypoints_completed": 9, "tot_waypoints": 9}}
{"target": -201.06030078550427, "params": {"k_pid_pos": [1.4698128353043505, 0.024859491386256316, 0.11401919133455096], "k_pid_alt": [1.2679502233621702, 0.4687387309924248, 0.1], "k_pid_att": [33.41589308538913, 3.7802132718527557, 0.9274604585040267], "k_pid_yaw": [0.5, 1e-06, 0.1], "k_pid_hsp": [1.0, 0.01, 0.01], "k_pid_vsp": [111.20884264032553, 93.09285943774285, 1.0]}, "datetime": {"datetime": "2025-08-20 15:35:48", "elapsed": 13402.506860256195, "delta": 16.367260694503784}, "costs": {"total_cost": 201.06030078550427, "time_cost": 75.456, "final_distance_cost": 1.7902701595218986, "oscillation_cost": 46.972323245405526, "completition_cost": 0.0, "overshoot_cost": 50.99435976345045, "power_cost": 13.937981616210939, "noise_cost": 11.909366000915462, "n_waypoints_completed": 9, "tot_waypoints": 9}}
{"target": -222.5838804749185, "params": {"k_pid_pos": [1.4698128353043505, 0.024859491386256316, 0.11401919133455096], "k_pid_alt": [1.2679502233621702, 0.40485283893496626, 0.1], "k_pid_att": [43.948176657889235, 3.7802132718527557, 0.9274604585040267], "k_pid_yaw": [0.5, 1e-06, 0.1], "k_pid_hsp": [9.909720763160385, 0.01, 0.01], "k_pid_vsp": [111.20884264032553, 93.09285943774285, 1.0]}, "datetime": {"datetime": "2025-08-20 15:36:05", "elapsed": 13419.904578208923, "delta": 17.39771795272827}, "costs": {"total_cost": 222.5838804749185, "time_cost": 77.616, "final_distance_cost": 1.751695315460477, "oscillation_cost": 66.75153590113005, "completition_cost": 0.0, "overshoot_cost": 50.67470741442961, "power_cost": 13.740058117675781, "noise_cost": 12.04988372622256, "n_waypoints_completed": 9, "tot_waypoints": 9}}
{"target": -1153.7189373985655, "params": {"k_pid_pos": [1.4698128353043505, 0.024859491386256316, 0.8936703812216521], "k_pid_alt": [0.7822613918691275, 0.9989689917576853, 0.1], "k_pid_att": [43.948176657889235, 3.7802132718527557, 0.9274604585040267], "k_pid_yaw": [0.5, 1e-06, 0.1], "k_pid_hsp": [1.0, 0.01, 0.6562560081171346], "k_pid_vsp": [111.20884264032553, 93.09285943774285, 1.0]}, "datetime": {"datetime": "2025-08-20 15:36:27", "elapsed": 13442.075636148453, "delta": 22.17105793952942}, "costs": {"total_cost": 1153.7189373985655, "time_cost": 150, "final_distance_cost": 47.03030437963314, "oscillation_cost": 204.18672122861673, "completition_cost": 666.6666666666667, "overshoot_cost": 49.18788613162005, "power_cost": 19.835929833984377, "noise_cost": 16.811429158044664, "n_waypoints_completed": 3, "tot_waypoints": 9}}
{"target": -181.2529537514306, "params": {"k_pid_pos": [1.4698128353043505, 0.024859491386256316, 0.11401919133455096], "k_pid_alt": [1.2679502233621702, 0.0, 0.1], "k_pid_att": [43.948176657889235, 8.039636722459171, 0.8792759721912583], "k_pid_yaw": [0.5, 1e-06, 0.1], "k_pid_hsp": [1.212585439599864, 0.01, 0.01], "k_pid_vsp": [111.20884264032553, 87.58200976551859, 1.0]}, "datetime": {"datetime": "2025-08-20 15:36:43", "elapsed": 13457.74599480629, "delta": 15.670358657836914}, "costs": {"total_cost": 181.2529537514306, "time_cost": 68.504, "final_distance_cost": 1.807255140702657, "oscillation_cost": 37.57582752669612, "completition_cost": 0.0, "overshoot_cost": 50.15673256592457, "power_cost": 12.093359814453125, "noise_cost": 11.11577870365412, "n_waypoints_completed": 9, "tot_waypoints": 9}}
{"target": -189.53366670546356, "params": {"k_pid_pos": [1.4698128353043505, 0.024859491386256316, 0.4388587351883817], "k_pid_alt": [1.2679502233621702, 0.0, 0.1], "k_pid_att": [43.948176657889235, 3.7802132718527557, 0.8299786351622237], "k_pid_yaw": [0.5, 1e-06, 0.1], "k_pid_hsp": [1.0, 0.01, 0.01], "k_pid_vsp": [111.20884264032553, 87.58200976551859, 1.0]}, "datetime": {"datetime": "2025-08-20 15:36:59", "elapsed": 13473.827394485474, "delta": 16.08139967918396}, "costs": {"total_cost": 189.53366670546356, "time_cost": 71.864, "final_distance_cost": 1.8467129608650765, "oscillation_cost": 41.18422201408502, "completition_cost": 0.0, "overshoot_cost": 49.84526597824398, "power_cost": 12.887903405761719, "noise_cost": 11.905562346507754, "n_waypoints_completed": 9, "tot_waypoints": 9}}
{"target": -182.28267910035086, "params": {"k_pid_pos": [1.4698128353043505, 0.024859491386256316, 0.11401919133455096], "k_pid_alt": [1.113216515173282, 0.0, 0.1], "k_pid_att": [43.948176657889235, 3.7802132718527557, 0.9274604585040267], "k_pid_yaw": [0.5, 1e-06, 0.1], "k_pid_hsp": [1.0, 0.01, 0.01], "k_pid_vsp": [111.20884264032553, 93.09285943774285, 1.0]}, "datetime": {"datetime": "2025-08-20 15:37:14", "elapsed": 13488.844702005386, "delta": 15.01730751991272}, "costs": {"total_cost": 182.28267910035086, "time_cost": 68.88, "final_distance_cost": 1.7823961833751174, "oscillation_cost": 37.17827864610313, "completition_cost": 0.0, "overshoot_cost": 50.73610472217866, "power_cost": 12.44349256591797, "noise_cost": 11.262406982775993, "n_waypoints_completed": 9, "tot_waypoints": 9}}
{"target": -180.82633189952398, "params": {"k_pid_pos": [1.4698128353043505, 0.024859491386256316, 0.11401919133455096], "k_pid_alt": [1.2679502233621702, 0.0, 0.1], "k_pid_att": [43.948176657889235, 3.7802132718527557, 0.9274604585040267], "k_pid_yaw": [0.5, 1e-06, 0.1], "k_pid_hsp": [1.0, 0.01, 0.01], "k_pid_vsp": [111.20884264032553, 93.09285943774285, 1.0]}, "datetime": {"datetime": "2025-08-20 15:37:29", "elapsed": 13504.045557975769, "delta": 15.20085597038269}, "costs": {"total_cost": 180.82633189952398, "time_cost": 68.456, "final_distance_cost": 1.8129035550535026, "oscillation_cost": 37.19502557670047, "completition_cost": 0.0, "overshoot_cost": 50.071586228309805, "power_cost": 12.12881405029297, "noise_cost": 11.162002489167234, "n_waypoints_completed": 9, "tot_waypoints": 9}}
{"target": -180.82633189952398, "params": {"k_pid_pos": [1.4698128353043505, 0.024859491386256316, 0.11401919133455096], "k_pid_alt": [1.2679502233621702, 0.0, 0.1], "k_pid_att": [43.948176657889235, 3.7802132718527557, 0.9274604585040267], "k_pid_yaw": [0.5, 1e-06, 0.1], "k_pid_hsp": [1.0, 0.01, 0.01], "k_pid_vsp": [111.20884264032553, 93.09285943774285, 1.0]}, "datetime": {"datetime": "2025-08-20 15:37:44", "elapsed": 13519.062874555588, "delta": 15.017316579818726}, "costs": {"total_cost": 180.82633189952398, "time_cost": 68.456, "final_distance_cost": 1.8129035550535026, "oscillation_cost": 37.19502557670047, "completition_cost": 0.0, "overshoot_cost": 50.071586228309805, "power_cost": 12.12881405029297, "noise_cost": 11.162002489167234, "n_waypoints_completed": 9, "tot_waypoints": 9}}
{"target": -180.82633189952398, "params": {"k_pid_pos": [1.4698128353043505, 0.024859491386256316, 0.11401919133455096], "k_pid_alt": [1.2679502233621702, 0.0, 0.1], "k_pid_att": [43.948176657889235, 3.7802132718527557, 0.9274604585040267], "k_pid_yaw": [0.5, 1e-06, 0.1], "k_pid_hsp": [1.0, 0.01, 0.01], "k_pid_vsp": [111.20884264032553, 93.09285943774285, 1.0]}, "datetime": {"datetime": "2025-08-20 15:37:59", "elapsed": 13534.430388689041, "delta": 15.36751413345337}, "costs": {"total_cost": 180.82633189952398, "time_cost": 68.456, "final_distance_cost": 1.8129035550535026, "oscillation_cost": 37.19502557670047, "completition_cost": 0.0, "overshoot_cost": 50.071586228309805, "power_cost": 12.12881405029297, "noise_cost": 11.162002489167234, "n_waypoints_completed": 9, "tot_waypoints": 9}}
{"target": -180.82633189952398, "params": {"k_pid_pos": [1.4698128353043505, 0.024859491386256316, 0.11401919133455096], "k_pid_alt": [1.2679502233621702, 0.0, 0.1], "k_pid_att": [43.948176657889235, 3.7802132718527557, 0.9274604585040267], "k_pid_yaw": [0.5, 1e-06, 0.1], "k_pid_hsp": [1.0, 0.01, 0.01], "k_pid_vsp": [111.20884264032553, 93.09285943774285, 1.0]}, "datetime": {"datetime": "2025-08-20 15:38:15", "elapsed": 13549.514437198639, "delta": 15.084048509597778}, "costs": {"total_cost": 180.82633189952398, "time_cost": 68.456, "final_distance_cost": 1.8129035550535026, "oscillation_cost": 37.19502557670047, "completition_cost": 0.0, "overshoot_cost": 50.071586228309805, "power_cost": 12.12881405029297, "noise_cost": 11.162002489167234, "n_waypoints_completed": 9, "tot_waypoints": 9}}
