{"target": -879.3101941771245, "params": {"k_pid_pos": [1.8624793477566346, 0.11973358850112281, 0.1171035659001105], "k_pid_alt": [0.17541802382153682, 0.6578632850405278, 0.4186083007903795], "k_pid_att": [77.43214161418433, 6.712347009944595, 0.33363775832823817], "k_pid_yaw": [0.5, 1e-06, 0.1], "k_pid_hsp": [8.983675636960621, 0.7625321470706523, 0.2705349409101757], "k_pid_vsp": [145.6768071088216, 125.77599276726518, 63.04466029238821]}, "datetime": {"datetime": "2025-08-20 12:02:05", "elapsed": 580.244720697403, "delta": 24.711652755737305}, "costs": {"total_cost": 879.3101941771245, "time_cost": 150, "final_distance_cost": 65.15186327156863, "oscillation_cost": 237.093823486454, "completition_cost": 333.33333333333337, "overshoot_cost": 54.141041717799034, "power_cost": 22.134969470214845, "noise_cost": 17.455162897754583, "n_waypoints_completed": 6, "tot_waypoints": 9}}
{"target": -1273.5905603160666, "params": {"k_pid_pos": [0.29565196674712907, 0.936127463375744, 0.43790403719875326], "k_pid_alt": [0.7666396455548197, 0.7296857086773779, 0.5529930652528999], "k_pid_att": [93.61399868384622, 7.803036908944531, 0.47936956412454035], "k_pid_yaw": [0.5, 1e-06, 0.1], "k_pid_hsp": [3.7636570988609144, 0.986631544924322, 0.7177602360036435], "k_pid_vsp": [380.47786400153643, 47.391431768337966, 340.2134718257794]}, "datetime": {"datetime": "2025-08-20 12:02:29", "elapsed": 604.3858358860016, "delta": 24.141115188598633}, "costs": {"total_cost": 1273.5905603160666, "time_cost": 150, "final_distance_cost": 98.01099155567343, "oscillation_cost": 148.93551308555942, "completition_cost": 777.7777777777778, "overshoot_cost": 59.38724169593309, "power_cost": 22.709227490234376, "noise_cost": 16.769808710888366, "n_waypoints_completed": 2, "tot_waypoints": 9}}
{"target": -949.0331896172913, "params": {"k_pid_pos": [1.274184060594016, 0.12192167833511258, 0.5882579999692207], "k_pid_alt": [1.3721927302108976, 0.012302685888602838, 0.45431796184174655], "k_pid_att": [82.53995111963212, 2.9536607175383645, 0.4585480817985511], "k_pid_yaw": [0.5, 1e-06, 0.1], "k_pid_hsp": [4.423197039266225, 0.3019273914424916, 0.9184418955155542], "k_pid_vsp": [312.51761417260633, 44.235365287855785, 398.8138631379946]}, "datetime": {"datetime": "2025-08-20 12:02:51", "elapsed": 626.3203947544098, "delta": 21.934558868408203}, "costs": {"total_cost": 949.0331896172913, "time_cost": 150, "final_distance_cost": 51.996816369580785, "oscillation_cost": 325.466383966804, "completition_cost": 333.33333333333337, "overshoot_cost": 47.239553235413794, "power_cost": 23.159523559570314, "noise_cost": 17.837579152589026, "n_waypoints_completed": 6, "tot_waypoints": 9}}
{"target": -1319.8060199676756, "params": {"k_pid_pos": [1.7584121286130596, 0.28390843786403896, 0.8368965796609382], "k_pid_alt": [0.21283906374276573, 0.9991047304742386, 0.6656847361065369], "k_pid_att": [65.0125015558797, 0.904498225768629, 0.8970333988966253], "k_pid_yaw": [0.5, 1e-06, 0.1], "k_pid_hsp": [0.2900921320943738, 0.24082805804114704, 0.143021875166635], "k_pid_vsp": [310.7071762768874, 79.28169168695491, 364.2552909417159]}, "datetime": {"datetime": "2025-08-20 12:03:13", "elapsed": 648.3882789611816, "delta": 22.06788420677185}, "costs": {"total_cost": 1319.8060199676756, "time_cost": 150, "final_distance_cost": 92.03555632266449, "oscillation_cost": 213.7900451211329, "completition_cost": 777.7777777777778, "overshoot_cost": 54.2215147930172, "power_cost": 17.14963806152344, "noise_cost": 14.831487891559684, "n_waypoints_completed": 2, "tot_waypoints": 9}}
{"target": -469.178892085754, "params": {"k_pid_pos": [1.3125724517510475, 0.036162710494696215, 0.0054298341287004614], "k_pid_alt": [0.10331583402879785, 0.6059251776477277, 0.8014818108594153], "k_pid_att": [23.855282062738848, 8.494103488346438, 0.057231940153260386], "k_pid_yaw": [0.5, 1e-06, 0.1], "k_pid_hsp": [8.009658440031398, 0.9277954301722804, 0.7721083991043806], "k_pid_vsp": [279.24831359145486, 335.19208762417304, 16.06052077867527]}, "datetime": {"datetime": "2025-08-20 12:03:35", "elapsed": 669.6397511959076, "delta": 21.251472234725952}, "costs": {"total_cost": 469.178892085754, "time_cost": 96.70400000000001, "final_distance_cost": 1.7526241541383205, "oscillation_cost": 281.58708566601666, "completition_cost": 0.0, "overshoot_cost": 61.61952015446215, "power_cost": 14.953190856933594, "noise_cost": 12.56247125420327, "n_waypoints_completed": 9, "tot_waypoints": 9}}
{"target": -1507.6618634889553, "params": {"k_pid_pos": [0.40364404322703884, 0.12492367930564308, 0.5045309901929865], "k_pid_alt": [1.490376256657689, 0.6300118445763987, 0.851131099761935], "k_pid_att": [15.521299244109088, 7.346237457242422, 0.1930414908689041], "k_pid_yaw": [0.5, 1e-06, 0.1], "k_pid_hsp": [2.707660437302871, 0.7099046972813039, 0.9802047848986818], "k_pid_vsp": [244.61744239082782, 21.800126942017926, 246.52358835470415]}, "datetime": {"datetime": "2025-08-20 12:03:56", "elapsed": 691.4738390445709, "delta": 21.83408784866333}, "costs": {"total_cost": 1507.6618634889553, "time_cost": 150, "final_distance_cost": 94.25354639994978, "oscillation_cost": 400.8796741975968, "completition_cost": 777.7777777777778, "overshoot_cost": 49.5746626308218, "power_cost": 19.084225231933594, "noise_cost": 16.091977250875466, "n_waypoints_completed": 2, "tot_waypoints": 9}}
{"target": -218.09531696141852, "params": {"k_pid_pos": [0.7, 0.01, 0.09], "k_pid_alt": [0.7, 0.0, 0.1], "k_pid_att": [20.0, 1.0, 0.01], "k_pid_yaw": [0.5, 1e-06, 0.1], "k_pid_hsp": [1.0, 0.01, 0.01], "k_pid_vsp": [150.0, 10.0, 1.0]}, "datetime": {"datetime": "2025-08-20 12:04:14", "elapsed": 708.7248225212097, "delta": 17.250983476638794}, "costs": {"total_cost": 218.09531696141852, "time_cost": 80.52, "final_distance_cost": 1.846802047158783, "oscillation_cost": 57.276179474947774, "completition_cost": 0.0, "overshoot_cost": 51.66750285084266, "power_cost": 13.680444506835938, "noise_cost": 13.10438808163336, "n_waypoints_completed": 9, "tot_waypoints": 9}}
{"target": -343.2220760171483, "params": {"k_pid_pos": [1.3885554450422086, 0.5811166092209024, 0.19977565166005762], "k_pid_alt": [1.6082490523645254, 0.7154071296158017, 0.7389840039155418], "k_pid_att": [13.105775155731326, 1.2376256611230811, 0.9275625510065076], "k_pid_yaw": [0.5, 1e-06, 0.1], "k_pid_hsp": [3.9758421804300244, 0.30094869178093975, 0.4885840453515333], "k_pid_vsp": [265.14568510543296, 382.2493028631647, 114.57849146637578]}, "datetime": {"datetime": "2025-08-20 12:04:35", "elapsed": 730.1011414527893, "delta": 21.37631893157959}, "costs": {"total_cost": 343.2220760171483, "time_cost": 97.28, "final_distance_cost": 1.7236239072880786, "oscillation_cost": 149.9209230873118, "completition_cost": 0.0, "overshoot_cost": 57.709491916131256, "power_cost": 20.714541564941406, "noise_cost": 15.873495541475771, "n_waypoints_completed": 9, "tot_waypoints": 9}}
{"target": -394.7162811271383, "params": {"k_pid_pos": [1.3368390832847643, 0.4710962061431325, 0.5652361064811888], "k_pid_alt": [1.5299977148320512, 0.6347183200005908, 0.5535794006579958], "k_pid_att": [55.92071607454135, 3.0395705856163158, 0.030817834567939406], "k_pid_yaw": [0.5, 1e-06, 0.1], "k_pid_hsp": [4.3672302205847, 0.2145846728195292, 0.40852864372463615], "k_pid_vsp": [341.36122930726646, 93.57579511219681, 23.321097617323666]}, "datetime": {"datetime": "2025-08-20 12:04:53", "elapsed": 748.3936998844147, "delta": 18.292558431625366}, "costs": {"total_cost": 394.7162811271383, "time_cost": 82.312, "final_distance_cost": 1.7697418151250626, "oscillation_cost": 224.03022522498134, "completition_cost": 0.0, "overshoot_cost": 52.94181088407179, "power_cost": 19.202302392578126, "noise_cost": 14.460200810382009, "n_waypoints_completed": 9, "tot_waypoints": 9}}
{"target": -1703.4081577800694, "params": {"k_pid_pos": [0.7, 0.01, 0.09], "k_pid_alt": [0.7, 0.0, 0.1], "k_pid_att": [82.53995111963212, 2.9536607175383645, 0.4585480817985511], "k_pid_yaw": [0.5, 1e-06, 0.1], "k_pid_hsp": [4.423197039266225, 0.3019273914424916, 0.9184418955155542], "k_pid_vsp": [312.51761417260633, 44.235365287855785, 398.8138631379946]}, "datetime": {"datetime": "2025-08-20 12:05:15", "elapsed": 770.1951985359192, "delta": 21.801498651504517}, "costs": {"total_cost": 1703.4081577800694, "time_cost": 150, "final_distance_cost": 47.08436167597182, "oscillation_cost": 453.68462752307164, "completition_cost": 1000.0, "overshoot_cost": 15.879812684948742, "power_cost": 20.496729370117187, "noise_cost": 16.262626525959824, "n_waypoints_completed": 0, "tot_waypoints": 9}}
{"target": -1340.6647233218328, "params": {"k_pid_pos": [1.274184060594016, 0.12192167833511258, 0.5882579999692207], "k_pid_alt": [1.3721927302108976, 0.012302685888602838, 0.45431796184174655], "k_pid_att": [20.0, 1.0, 0.01], "k_pid_yaw": [0.5, 1e-06, 0.1], "k_pid_hsp": [1.0, 0.01, 0.01], "k_pid_vsp": [150.0, 10.0, 167.3600182443441]}, "datetime": {"datetime": "2025-08-20 12:05:37", "elapsed": 792.3297567367554, "delta": 22.13455820083618}, "costs": {"total_cost": 1340.6647233218328, "time_cost": 150, "final_distance_cost": 63.165970427971, "oscillation_cost": 92.29899839039598, "completition_cost": 888.8888888888888, "overshoot_cost": 73.92605812200534, "power_cost": 36.24150361328125, "noise_cost": 36.14330387929012, "n_waypoints_completed": 1, "tot_waypoints": 9}}
{"target": -309.2665401147255, "params": {"k_pid_pos": [1.3885554450422086, 0.5811166092209024, 0.19977565166005762], "k_pid_alt": [1.6082490523645254, 0.7154071296158017, 0.7389840039155418], "k_pid_att": [13.105775155731326, 1.2376256611230811, 0.9275625510065076], "k_pid_yaw": [0.5, 1e-06, 0.1], "k_pid_hsp": [4.3672302205847, 0.2145846728195292, 0.40852864372463615], "k_pid_vsp": [341.36122930726646, 93.57579511219681, 23.321097617323666]}, "datetime": {"datetime": "2025-08-20 12:05:58", "elapsed": 812.8569052219391, "delta": 20.527148485183716}, "costs": {"total_cost": 309.2665401147255, "time_cost": 92.168, "final_distance_cost": 1.723225331148578, "oscillation_cost": 123.91512201609676, "completition_cost": 0.0, "overshoot_cost": 54.44676530369783, "power_cost": 20.907327990722656, "noise_cost": 16.10609947305966, "n_waypoints_completed": 9, "tot_waypoints": 9}}
{"target": -715.254799031362, "params": {"k_pid_pos": [1.3368390832847643, 0.4710962061431325, 0.5652361064811888], "k_pid_alt": [1.5299977148320512, 0.6347183200005908, 0.8419932110394631], "k_pid_att": [28.06114361336559, 3.0395705856163158, 0.030817834567939406], "k_pid_yaw": [0.5, 1e-06, 0.1], "k_pid_hsp": [3.9758421804300244, 0.30094869178093975, 0.8271734245206864], "k_pid_vsp": [265.14568510543296, 382.2493028631647, 114.57849146637578]}, "datetime": {"datetime": "2025-08-20 12:06:20", "elapsed": 834.6988596916199, "delta": 21.841954469680786}, "costs": {"total_cost": 715.254799031362, "time_cost": 150, "final_distance_cost": 66.17524301982147, "oscillation_cost": 185.67113459807672, "completition_cost": 222.2222222222222, "overshoot_cost": 51.17795470194321, "power_cost": 23.11964755859375, "noise_cost": 16.88859693070473, "n_waypoints_completed": 7, "tot_waypoints": 9}}
{"target": -1205.8763895694935, "params": {"k_pid_pos": [1.5580148095208002, 0.13455220841314708, 0.5360680359476373], "k_pid_alt": [1.028445740380829, 0.8575721441225576, 0.46279936559351587], "k_pid_att": [38.508949610035344, 2.0906556802565546, 0.26646331750084606], "k_pid_yaw": [0.5, 1e-06, 0.1], "k_pid_hsp": [1.3977701326984733, 0.4778772740237458, 0.416889368594885], "k_pid_vsp": [93.02797621154949, 147.0047246785394, 146.5569805641065]}, "datetime": {"datetime": "2025-08-20 12:06:42", "elapsed": 856.583429813385, "delta": 21.884570121765137}, "costs": {"total_cost": 1205.8763895694935, "time_cost": 150, "final_distance_cost": 71.25567655276342, "oscillation_cost": 235.2237776435872, "completition_cost": 666.6666666666667, "overshoot_cost": 44.71617161022501, "power_cost": 21.71614765625, "noise_cost": 16.29794944000095, "n_waypoints_completed": 3, "tot_waypoints": 9}}
{"target": -376.67788224301046, "params": {"k_pid_pos": [1.849624377781123, 0.024859491386256316, 0.5551980423268247], "k_pid_alt": [1.2679502233621702, 0.7553301727947445, 0.14033959706391264], "k_pid_att": [41.91143193163038, 9.662322498240602, 0.5960425532343728], "k_pid_yaw": [0.5, 1e-06, 0.1], "k_pid_hsp": [9.330238913679953, 0.23285228494370624, 0.4673816015552915], "k_pid_vsp": [313.90537970087496, 7.134714572958311, 43.657599597149975]}, "datetime": {"datetime": "2025-08-20 12:07:01", "elapsed": 876.3510780334473, "delta": 19.767648220062256}, "costs": {"total_cost": 376.67788224301046, "time_cost": 87.408, "final_distance_cost": 1.7496697843464297, "oscillation_cost": 196.01654994050543, "completition_cost": 0.0, "overshoot_cost": 55.09152428047436, "power_cost": 21.102018908691406, "noise_cost": 15.310119328992888, "n_waypoints_completed": 9, "tot_waypoints": 9}}
{"target": -1134.6554364078495, "params": {"k_pid_pos": [0.7, 0.01, 0.3666083849326124], "k_pid_alt": [0.7, 0.0, 0.1], "k_pid_att": [20.0, 1.0, 0.579219568941896], "k_pid_yaw": [0.5, 1e-06, 0.1], "k_pid_hsp": [1.7678101521140233, 0.8566142840923755, 0.7585195298352101], "k_pid_vsp": [287.7851823803747, 172.83721647794843, 250.92353665366844]}, "datetime": {"datetime": "2025-08-20 12:07:23", "elapsed": 898.0858476161957, "delta": 21.734769582748413}, "costs": {"total_cost": 1134.6554364078495, "time_cost": 150, "final_distance_cost": 45.84822370512678, "oscillation_cost": 296.13665543080873, "completition_cost": 555.5555555555555, "overshoot_cost": 50.829783106005365, "power_cost": 21.008680114746095, "noise_cost": 15.27653849560686, "n_waypoints_completed": 4, "tot_waypoints": 9}}
{"target": -776.2820199169192, "params": {"k_pid_pos": [1.4338086892990753, 0.44936150214378867, 0.272241561845159], "k_pid_alt": [0.1927819243069986, 0.9026023965438417, 0.45577628983361107], "k_pid_att": [20.236336479523032, 3.0596356458441103, 0.9274604585040267], "k_pid_yaw": [0.5, 1e-06, 0.1], "k_pid_hsp": [1.0, 0.01, 0.01], "k_pid_vsp": [111.20884264032553, 10.0, 1.0]}, "datetime": {"datetime": "2025-08-20 12:07:45", "elapsed": 920.0701560974121, "delta": 21.98430848121643}, "costs": {"total_cost": 776.2820199169192, "time_cost": 150, "final_distance_cost": 50.33387649387597, "oscillation_cost": 45.38998048574743, "completition_cost": 444.4444444444444, "overshoot_cost": 53.0977881800399, "power_cost": 17.41401862792969, "noise_cost": 15.601911684882039, "n_waypoints_completed": 5, "tot_waypoints": 9}}
{"target": -373.9928258695075, "params": {"k_pid_pos": [0.8325832251638142, 0.04925411992759399, 0.3736141384595716], "k_pid_alt": [1.0475058974352744, 0.10167190290371597, 0.8334585537885597], "k_pid_att": [5.196186646510426, 6.712347009944595, 0.33363775832823817], "k_pid_yaw": [0.5, 1e-06, 0.1], "k_pid_hsp": [8.983675636960621, 0.7625321470706523, 0.2705349409101757], "k_pid_vsp": [145.6768071088216, 125.77599276726518, 63.04466029238821]}, "datetime": {"datetime": "2025-08-20 12:08:05", "elapsed": 940.3212487697601, "delta": 20.251092672348022}, "costs": {"total_cost": 373.9928258695075, "time_cost": 91.408, "final_distance_cost": 1.8156350806813621, "oscillation_cost": 191.79161783318085, "completition_cost": 0.0, "overshoot_cost": 51.90433580633348, "power_cost": 21.578622875976563, "noise_cost": 15.494614273335198, "n_waypoints_completed": 9, "tot_waypoints": 9}}
{"target": -1266.6356072489145, "params": {"k_pid_pos": [1.8624793477566346, 0.11973358850112281, 0.7773431275291786], "k_pid_alt": [0.17541802382153682, 0.6578632850405278, 0.4186083007903795], "k_pid_att": [77.43214161418433, 9.248426205993718, 0.0991131415798755], "k_pid_yaw": [0.5, 1e-06, 0.1], "k_pid_hsp": [5.554661555206625, 0.9026531439276171, 0.9795706805865927], "k_pid_vsp": [320.8103521094374, 149.08093714999134, 43.71291733654091]}, "datetime": {"datetime": "2025-08-20 12:08:27", "elapsed": 962.0396564006805, "delta": 21.71840763092041}, "costs": {"total_cost": 1266.6356072489145, "time_cost": 150, "final_distance_cost": 51.3565573299164, "oscillation_cost": 310.43249312211697, "completition_cost": 666.6666666666667, "overshoot_cost": 47.342925454768746, "power_cost": 22.67585915527344, "noise_cost": 18.16110552017223, "n_waypoints_completed": 3, "tot_waypoints": 9}}
{"target": -935.4385393039006, "params": {"k_pid_pos": [1.4698128353043505, 0.20240459312571835, 0.23453515044129858], "k_pid_alt": [1.7214381366517881, 0.13210283730154393, 0.5146293421163498], "k_pid_att": [9.50957482299346, 4.013615439978124, 0.08449321882352023], "k_pid_yaw": [0.5, 1e-06, 0.1], "k_pid_hsp": [9.35940463302399, 0.13740793003780216, 0.9588802459090804], "k_pid_vsp": [320.3536704340387, 237.47280219285963, 313.04964206919465]}, "datetime": {"datetime": "2025-08-20 12:08:49", "elapsed": 983.9927468299866, "delta": 21.95309042930603}, "costs": {"total_cost": 935.4385393039006, "time_cost": 150, "final_distance_cost": 70.26956183161352, "oscillation_cost": 290.5750364300142, "completition_cost": 333.33333333333337, "overshoot_cost": 55.61023396862343, "power_cost": 20.376880102539065, "noise_cost": 15.27349363777694, "n_waypoints_completed": 6, "tot_waypoints": 9}}
{"target": -792.3894456265073, "params": {"k_pid_pos": [1.5902501664822735, 0.9460270628173303, 0.2533833538391872], "k_pid_alt": [1.1801517907166184, 0.09504919756440122, 0.34192693854566036], "k_pid_att": [17.12913040927888, 5.649549619663271, 0.5724305140338497], "k_pid_yaw": [0.5, 1e-06, 0.1], "k_pid_hsp": [4.659904931296975, 0.5226317755131228, 0.7639233900065879], "k_pid_vsp": [319.69788660482664, 196.86128673801844, 239.83737700945147]}, "datetime": {"datetime": "2025-08-20 12:09:11", "elapsed": 1005.9419803619385, "delta": 21.949233531951904}, "costs": {"total_cost": 792.3894456265073, "time_cost": 150, "final_distance_cost": 68.05647331683312, "oscillation_cost": 145.0470039649051, "completition_cost": 333.33333333333337, "overshoot_cost": 56.93109838356482, "power_cost": 22.852580725097656, "noise_cost": 16.16895590277309, "n_waypoints_completed": 6, "tot_waypoints": 9}}
{"target": -351.3231824413162, "params": {"k_pid_pos": [1.4698128353043505, 0.20197903768878156, 0.4532799165001634], "k_pid_alt": [1.7214381366517881, 0.13210283730154393, 0.7389840039155418], "k_pid_att": [13.105775155731326, 1.2376256611230811, 0.9275625510065076], "k_pid_yaw": [0.5, 1e-06, 0.1], "k_pid_hsp": [3.9758421804300244, 0.30094869178093975, 0.4885840453515333], "k_pid_vsp": [265.14568510543296, 382.2493028631647, 114.57849146637578]}, "datetime": {"datetime": "2025-08-20 12:09:34", "elapsed": 1029.0135297775269, "delta": 23.07154941558838}, "costs": {"total_cost": 351.3231824413162, "time_cost": 96.47200000000001, "final_distance_cost": 1.788538056683665, "oscillation_cost": 161.14453454673256, "completition_cost": 0.0, "overshoot_cost": 53.489317334304104, "power_cost": 22.36394772949219, "noise_cost": 16.06484477410366, "n_waypoints_completed": 9, "tot_waypoints": 9}}
{"target": -1128.339866833337, "params": {"k_pid_pos": [1.3885554450422086, 0.5811166092209024, 0.19977565166005762], "k_pid_alt": [1.6082490523645254, 0.7154071296158017, 0.6143797405419198], "k_pid_att": [9.50957482299346, 7.257183711151441, 0.08449321882352023], "k_pid_yaw": [0.5, 1e-06, 0.1], "k_pid_hsp": [9.35940463302399, 0.13740793003780216, 0.9588802459090804], "k_pid_vsp": [320.3536704340387, 237.47280219285963, 313.04964206919465]}, "datetime": {"datetime": "2025-08-20 12:09:56", "elapsed": 1050.861824274063, "delta": 21.848294496536255}, "costs": {"total_cost": 1128.339866833337, "time_cost": 150, "final_distance_cost": 46.67455973878802, "oscillation_cost": 284.03243146635117, "completition_cost": 555.5555555555555, "overshoot_cost": 51.1333883497555, "power_cost": 23.464430627441406, "noise_cost": 17.47950109544547, "n_waypoints_completed": 4, "tot_waypoints": 9}}
{"target": -771.3786477746148, "params": {"k_pid_pos": [1.3368390832847643, 0.4710962061431325, 0.5652361064811888], "k_pid_alt": [1.5299977148320512, 0.6347183200005908, 0.5535794006579958], "k_pid_att": [55.92071607454135, 9.597749245839971, 0.030817834567939406], "k_pid_yaw": [0.5, 1e-06, 0.1], "k_pid_hsp": [2.4607415083882347, 0.45511784241176234, 0.40852864372463615], "k_pid_vsp": [341.36122930726646, 44.64014818809031, 63.04466029238821]}, "datetime": {"datetime": "2025-08-20 12:10:18", "elapsed": 1072.713312625885, "delta": 21.8514883518219}, "costs": {"total_cost": 771.3786477746148, "time_cost": 150, "final_distance_cost": 69.13187860360217, "oscillation_cost": 242.3230648277396, "completition_cost": 222.2222222222222, "overshoot_cost": 48.666441132432084, "power_cost": 22.27797546386719, "noise_cost": 16.757065524751663, "n_waypoints_completed": 7, "tot_waypoints": 9}}
{"target": -680.3043956636791, "params": {"k_pid_pos": [1.3964096322472659, 0.11973358850112281, 0.1171035659001105], "k_pid_alt": [0.17541802382153682, 0.6578632850405278, 0.11207037099869754], "k_pid_att": [77.43214161418433, 5.081722741393169, 0.33363775832823817], "k_pid_yaw": [0.5, 1e-06, 0.1], "k_pid_hsp": [8.983675636960621, 0.7625321470706523, 0.2705349409101757], "k_pid_vsp": [145.6768071088216, 93.57579511219681, 23.321097617323666]}, "datetime": {"datetime": "2025-08-20 12:10:40", "elapsed": 1094.514485359192, "delta": 21.801172733306885}, "costs": {"total_cost": 680.3043956636791, "time_cost": 150, "final_distance_cost": 36.88673135404752, "oscillation_cost": 278.188828354925, "completition_cost": 111.11111111111116, "overshoot_cost": 62.8539876104868, "power_cost": 23.982326403808596, "noise_cost": 17.281410829300103, "n_waypoints_completed": 8, "tot_waypoints": 9}}
