{"target": -597.5025003227975, "params": {"k_pid_pos": [0.8471180367683476, 0.7861504387832445, 0.11401919133455096], "k_pid_alt": [1.2679502233621702, 0.8207873345644269, 0.1], "k_pid_att": [43.948176657889235, 3.7802132718527557, 0.9274604585040267], "k_pid_yaw": [0.5, 1e-06, 0.1], "k_pid_hsp": [3.3560449345655647, 0.01, 0.01], "k_pid_vsp": [111.20884264032553, 93.09285943774285, 37.23086544794797]}, "datetime": {"datetime": "2025-08-20 14:57:57", "elapsed": 11131.5939412117, "delta": 23.134063720703125}, "costs": {"total_cost": 597.5025003227975, "time_cost": 150, "final_distance_cost": 76.05343815814227, "oscillation_cost": 60.37456768116599, "completition_cost": 222.2222222222222, "overshoot_cost": 47.14369488981454, "power_cost": 23.8502599609375, "noise_cost": 17.858317410514875, "n_waypoints_completed": 7, "tot_waypoints": 9}}
{"target": -194.2787808706696, "params": {"k_pid_pos": [1.4698128353043505, 0.024859491386256316, 0.11401919133455096], "k_pid_alt": [1.2679502233621702, 0.0, 0.1], "k_pid_att": [91.51304492310662, 0.0889010446451618, 0.9274604585040267], "k_pid_yaw": [0.5, 1e-06, 0.1], "k_pid_hsp": [8.976632338120003, 0.029631885976391104, 0.01], "k_pid_vsp": [14.740616244021254, 20.55210058569056, 1.0]}, "datetime": {"datetime": "2025-08-20 14:58:13", "elapsed": 11147.56766796112, "delta": 15.973726749420166}, "costs": {"total_cost": 194.2787808706696, "time_cost": 69.776, "final_distance_cost": 1.8145598058680121, "oscillation_cost": 48.29117606236801, "completition_cost": 0.0, "overshoot_cost": 50.78077331932943, "power_cost": 12.207861047363282, "noise_cost": 11.408410635740891, "n_waypoints_completed": 9, "tot_waypoints": 9}}
{"target": -180.82633189952398, "params": {"k_pid_pos": [1.4698128353043505, 0.024859491386256316, 0.11401919133455096], "k_pid_alt": [1.2679502233621702, 0.0, 0.1], "k_pid_att": [43.948176657889235, 3.7802132718527557, 0.9274604585040267], "k_pid_yaw": [0.5, 1e-06, 0.1], "k_pid_hsp": [1.0, 0.01, 0.01], "k_pid_vsp": [111.20884264032553, 93.09285943774285, 1.0]}, "datetime": {"datetime": "2025-08-20 14:58:29", "elapsed": 11164.431033372879, "delta": 16.863365411758423}, "costs": {"total_cost": 180.82633189952398, "time_cost": 68.456, "final_distance_cost": 1.8129035550535026, "oscillation_cost": 37.19502557670047, "completition_cost": 0.0, "overshoot_cost": 50.071586228309805, "power_cost": 12.12881405029297, "noise_cost": 11.162002489167234, "n_waypoints_completed": 9, "tot_waypoints": 9}}
{"target": -200.12837623145663, "params": {"k_pid_pos": [1.4698128353043505, 0.024859491386256316, 0.11401919133455096], "k_pid_alt": [1.2679502233621702, 0.0, 0.09571232765433724], "k_pid_att": [43.948176657889235, 3.7802132718527557, 0.7941992206529987], "k_pid_yaw": [0.5, 1e-06, 0.1], "k_pid_hsp": [1.0, 0.6807520980477912, 0.01], "k_pid_vsp": [111.20884264032553, 93.09285943774285, 1.0]}, "datetime": {"datetime": "2025-08-20 14:58:46", "elapsed": 11181.464665651321, "delta": 17.033632278442383}, "costs": {"total_cost": 200.12837623145663, "time_cost": 68.608, "final_distance_cost": 1.805472729263131, "oscillation_cost": 55.418097122007175, "completition_cost": 0.0, "overshoot_cost": 50.06872487082855, "power_cost": 12.841639770507813, "noise_cost": 11.38644173884996, "n_waypoints_completed": 9, "tot_waypoints": 9}}
{"target": -214.88790090317391, "params": {"k_pid_pos": [1.4698128353043505, 0.024859491386256316, 0.11401919133455096], "k_pid_alt": [1.2679502233621702, 0.8189475498511101, 0.1], "k_pid_att": [43.948176657889235, 3.7802132718527557, 0.9943436299397624], "k_pid_yaw": [0.5, 1e-06, 0.1], "k_pid_hsp": [1.0, 0.01, 0.01], "k_pid_vsp": [111.20884264032553, 93.09285943774285, 1.0]}, "datetime": {"datetime": "2025-08-20 14:59:07", "elapsed": 11201.93344259262, "delta": 20.46877694129944}, "costs": {"total_cost": 214.88790090317391, "time_cost": 82.12, "final_distance_cost": 1.79246678259485, "oscillation_cost": 50.67830459238664, "completition_cost": 0.0, "overshoot_cost": 53.25544943774755, "power_cost": 14.534985546875001, "noise_cost": 12.506694543569852, "n_waypoints_completed": 9, "tot_waypoints": 9}}
{"target": -1689.4226488036848, "params": {"k_pid_pos": [1.4698128353043505, 0.024859491386256316, 0.11401919133455096], "k_pid_alt": [1.2679502233621702, 0.0, 0.1], "k_pid_att": [1.0072944817398843, 3.7802132718527557, 0.9274604585040267], "k_pid_yaw": [0.5, 1e-06, 0.1], "k_pid_hsp": [1.0, 0.01, 0.01], "k_pid_vsp": [393.76896320637337, 93.09285943774285, 1.0]}, "datetime": {"datetime": "2025-08-20 14:59:34", "elapsed": 11228.58276963234, "delta": 26.649327039718628}, "costs": {"total_cost": 1689.4226488036848, "time_cost": 150, "final_distance_cost": 2.2822625882589365, "oscillation_cost": 296.47813928928167, "completition_cost": 1000.0, "overshoot_cost": 128.46331666951482, "power_cost": 35.234488598632815, "noise_cost": 76.96444165799657, "n_waypoints_completed": 0, "tot_waypoints": 9}}
{"target": -217.6856802417531, "params": {"k_pid_pos": [1.4698128353043505, 0.024859491386256316, 0.9860512943372298], "k_pid_alt": [1.2679502233621702, 0.0, 0.8348396761435622], "k_pid_att": [43.948176657889235, 3.7802132718527557, 0.03545872694893892], "k_pid_yaw": [0.5, 1e-06, 0.1], "k_pid_hsp": [1.0, 0.01, 0.01], "k_pid_vsp": [111.20884264032553, 93.09285943774285, 1.0]}, "datetime": {"datetime": "2025-08-20 14:59:53", "elapsed": 11248.284887313843, "delta": 19.702117681503296}, "costs": {"total_cost": 217.6856802417531, "time_cost": 76.008, "final_distance_cost": 1.8496164045955792, "oscillation_cost": 64.15701178303958, "completition_cost": 0.0, "overshoot_cost": 50.04518702271635, "power_cost": 13.168787072753906, "noise_cost": 12.457077958647721, "n_waypoints_completed": 9, "tot_waypoints": 9}}
{"target": -208.43534473033742, "params": {"k_pid_pos": [1.4698128353043505, 0.4270214819009781, 0.40092638265648595], "k_pid_alt": [1.2679502233621702, 0.0, 0.1], "k_pid_att": [43.948176657889235, 3.7802132718527557, 0.30379952180706926], "k_pid_yaw": [0.5, 1e-06, 0.1], "k_pid_hsp": [1.0, 0.01, 0.01], "k_pid_vsp": [42.24848860435038, 93.09285943774285, 10.69915016599017]}, "datetime": {"datetime": "2025-08-20 15:00:14", "elapsed": 11268.882598161697, "delta": 20.597710847854614}, "costs": {"total_cost": 208.43534473033742, "time_cost": 77.808, "final_distance_cost": 1.780593259853966, "oscillation_cost": 47.62494917512223, "completition_cost": 0.0, "overshoot_cost": 50.98319037086583, "power_cost": 16.59602966308594, "noise_cost": 13.642582261409455, "n_waypoints_completed": 9, "tot_waypoints": 9}}
{"target": -180.82633189952398, "params": {"k_pid_pos": [1.4698128353043505, 0.024859491386256316, 0.11401919133455096], "k_pid_alt": [1.2679502233621702, 0.0, 0.1], "k_pid_att": [43.948176657889235, 3.7802132718527557, 0.9274604585040267], "k_pid_yaw": [0.5, 1e-06, 0.1], "k_pid_hsp": [1.0, 0.01, 0.01], "k_pid_vsp": [111.20884264032553, 93.09285943774285, 1.0]}, "datetime": {"datetime": "2025-08-20 15:00:31", "elapsed": 11286.18500828743, "delta": 17.302410125732422}, "costs": {"total_cost": 180.82633189952398, "time_cost": 68.456, "final_distance_cost": 1.8129035550535026, "oscillation_cost": 37.19502557670047, "completition_cost": 0.0, "overshoot_cost": 50.071586228309805, "power_cost": 12.12881405029297, "noise_cost": 11.162002489167234, "n_waypoints_completed": 9, "tot_waypoints": 9}}
{"target": -193.1849463362306, "params": {"k_pid_pos": [1.4698128353043505, 0.024859491386256316, 0.11401919133455096], "k_pid_alt": [1.2679502233621702, 0.0, 0.1], "k_pid_att": [43.948176657889235, 3.7802132718527557, 0.9274604585040267], "k_pid_yaw": [0.5, 1e-06, 0.1], "k_pid_hsp": [1.0, 0.49946950194544293, 0.01], "k_pid_vsp": [111.20884264032553, 93.09285943774285, 1.0]}, "datetime": {"datetime": "2025-08-20 15:00:49", "elapsed": 11303.519439935684, "delta": 17.334431648254395}, "costs": {"total_cost": 193.1849463362306, "time_cost": 68.336, "final_distance_cost": 1.7834213722399355, "oscillation_cost": 49.002414920306926, "completition_cost": 0.0, "overshoot_cost": 49.813650899445605, "power_cost": 12.896061596679688, "noise_cost": 11.353397547558435, "n_waypoints_completed": 9, "tot_waypoints": 9}}
{"target": -211.66138389561797, "params": {"k_pid_pos": [1.380631376916402, 0.024859491386256316, 0.11401919133455096], "k_pid_alt": [1.2679502233621702, 0.3880823501137123, 0.1], "k_pid_att": [43.948176657889235, 3.7802132718527557, 0.8257697299075593], "k_pid_yaw": [0.5, 1e-06, 0.1], "k_pid_hsp": [1.0, 0.5722723475848833, 0.01], "k_pid_vsp": [111.20884264032553, 317.0669739011019, 1.0]}, "datetime": {"datetime": "2025-08-20 15:01:06", "elapsed": 11321.136754989624, "delta": 17.61731505393982}, "costs": {"total_cost": 211.66138389561797, "time_cost": 75.672, "final_distance_cost": 1.7770881970063181, "oscillation_cost": 57.25896260362063, "completition_cost": 0.0, "overshoot_cost": 51.12580274038637, "power_cost": 13.854938781738282, "noise_cost": 11.972591572866381, "n_waypoints_completed": 9, "tot_waypoints": 9}}
{"target": -180.82633189952398, "params": {"k_pid_pos": [1.4698128353043505, 0.024859491386256316, 0.11401919133455096], "k_pid_alt": [1.2679502233621702, 0.0, 0.1], "k_pid_att": [43.948176657889235, 3.7802132718527557, 0.9274604585040267], "k_pid_yaw": [0.5, 1e-06, 0.1], "k_pid_hsp": [1.0, 0.01, 0.01], "k_pid_vsp": [111.20884264032553, 93.09285943774285, 1.0]}, "datetime": {"datetime": "2025-08-20 15:01:22", "elapsed": 11337.223735332489, "delta": 16.08698034286499}, "costs": {"total_cost": 180.82633189952398, "time_cost": 68.456, "final_distance_cost": 1.8129035550535026, "oscillation_cost": 37.19502557670047, "completition_cost": 0.0, "overshoot_cost": 50.071586228309805, "power_cost": 12.12881405029297, "noise_cost": 11.162002489167234, "n_waypoints_completed": 9, "tot_waypoints": 9}}
{"target": -180.82633189952398, "params": {"k_pid_pos": [1.4698128353043505, 0.024859491386256316, 0.11401919133455096], "k_pid_alt": [1.2679502233621702, 0.0, 0.1], "k_pid_att": [43.948176657889235, 3.7802132718527557, 0.9274604585040267], "k_pid_yaw": [0.5, 1e-06, 0.1], "k_pid_hsp": [1.0, 0.01, 0.01], "k_pid_vsp": [111.20884264032553, 93.09285943774285, 1.0]}, "datetime": {"datetime": "2025-08-20 15:01:38", "elapsed": 11352.742461442947, "delta": 15.518726110458374}, "costs": {"total_cost": 180.82633189952398, "time_cost": 68.456, "final_distance_cost": 1.8129035550535026, "oscillation_cost": 37.19502557670047, "completition_cost": 0.0, "overshoot_cost": 50.071586228309805, "power_cost": 12.12881405029297, "noise_cost": 11.162002489167234, "n_waypoints_completed": 9, "tot_waypoints": 9}}
{"target": -180.82633189952398, "params": {"k_pid_pos": [1.4698128353043505, 0.024859491386256316, 0.11401919133455096], "k_pid_alt": [1.2679502233621702, 0.0, 0.1], "k_pid_att": [43.948176657889235, 3.7802132718527557, 0.9274604585040267], "k_pid_yaw": [0.5, 1e-06, 0.1], "k_pid_hsp": [1.0, 0.01, 0.01], "k_pid_vsp": [111.20884264032553, 93.09285943774285, 1.0]}, "datetime": {"datetime": "2025-08-20 15:01:53", "elapsed": 11368.460115909576, "delta": 15.717654466629028}, "costs": {"total_cost": 180.82633189952398, "time_cost": 68.456, "final_distance_cost": 1.8129035550535026, "oscillation_cost": 37.19502557670047, "completition_cost": 0.0, "overshoot_cost": 50.071586228309805, "power_cost": 12.12881405029297, "noise_cost": 11.162002489167234, "n_waypoints_completed": 9, "tot_waypoints": 9}}
{"target": -180.82633189952398, "params": {"k_pid_pos": [1.4698128353043505, 0.024859491386256316, 0.11401919133455096], "k_pid_alt": [1.2679502233621702, 0.0, 0.1], "k_pid_att": [43.948176657889235, 3.7802132718527557, 0.9274604585040267], "k_pid_yaw": [0.5, 1e-06, 0.1], "k_pid_hsp": [1.0, 0.01, 0.01], "k_pid_vsp": [111.20884264032553, 93.09285943774285, 1.0]}, "datetime": {"datetime": "2025-08-20 15:02:10", "elapsed": 11385.147253513336, "delta": 16.687137603759766}, "costs": {"total_cost": 180.82633189952398, "time_cost": 68.456, "final_distance_cost": 1.8129035550535026, "oscillation_cost": 37.19502557670047, "completition_cost": 0.0, "overshoot_cost": 50.071586228309805, "power_cost": 12.12881405029297, "noise_cost": 11.162002489167234, "n_waypoints_completed": 9, "tot_waypoints": 9}}
{"target": -181.7733849733315, "params": {"k_pid_pos": [1.4698128353043505, 0.024859491386256316, 0.11401919133455096], "k_pid_alt": [0.8815334174028542, 0.0, 0.1], "k_pid_att": [43.948176657889235, 3.7802132718527557, 0.970432917090323], "k_pid_yaw": [0.5, 1e-06, 0.1], "k_pid_hsp": [1.0, 0.005322982040420254, 0.01], "k_pid_vsp": [111.20884264032553, 93.09285943774285, 1.0]}, "datetime": {"datetime": "2025-08-20 15:02:27", "elapsed": 11402.157730817795, "delta": 17.010477304458618}, "costs": {"total_cost": 181.7733849733315, "time_cost": 70.0, "final_distance_cost": 1.7836061993475787, "oscillation_cost": 36.23657973642997, "completition_cost": 0.0, "overshoot_cost": 49.929200621719346, "power_cost": 12.550720544433595, "noise_cost": 11.273277871401012, "n_waypoints_completed": 9, "tot_waypoints": 9}}
{"target": -303.77980918066095, "params": {"k_pid_pos": [1.4698128353043505, 0.024859491386256316, 0.11401919133455096], "k_pid_alt": [1.2679502233621702, 0.0, 0.1], "k_pid_att": [43.60526211095247, 3.7802132718527557, 0.9274604585040267], "k_pid_yaw": [0.5, 1e-06, 0.1], "k_pid_hsp": [1.0, 0.01, 0.22448647802751287], "k_pid_vsp": [50.679771886171295, 93.09285943774285, 1.0]}, "datetime": {"datetime": "2025-08-20 15:02:44", "elapsed": 11418.775236606598, "delta": 16.6175057888031}, "costs": {"total_cost": 303.77980918066095, "time_cost": 70.19200000000001, "final_distance_cost": 1.7748328812618999, "oscillation_cost": 153.52838997234204, "completition_cost": 0.0, "overshoot_cost": 51.97940151761789, "power_cost": 14.115156604003907, "noise_cost": 12.190028205435238, "n_waypoints_completed": 9, "tot_waypoints": 9}}
{"target": -1155.15395283585, "params": {"k_pid_pos": [1.900292756797936, 0.024859491386256316, 0.11401919133455096], "k_pid_alt": [1.2679502233621702, 0.0, 0.1], "k_pid_att": [43.948176657889235, 3.7802132718527557, 0.9274604585040267], "k_pid_yaw": [0.5, 1e-06, 0.1], "k_pid_hsp": [1.0, 0.01, 0.01], "k_pid_vsp": [3.1458759584375606, 383.1463585968337, 1.0]}, "datetime": {"datetime": "2025-08-20 15:03:08", "elapsed": 11442.892850160599, "delta": 24.117613554000854}, "costs": {"total_cost": 1155.15395283585, "time_cost": 150, "final_distance_cost": 88.7195723996493, "oscillation_cost": 63.626827117483145, "completition_cost": 777.7777777777778, "overshoot_cost": 39.10702412926609, "power_cost": 21.5125912109375, "noise_cost": 14.410160200736325, "n_waypoints_completed": 2, "tot_waypoints": 9}}
{"target": -207.68458418848192, "params": {"k_pid_pos": [1.4698128353043505, 0.024859491386256316, 0.11401919133455096], "k_pid_alt": [1.2679502233621702, 0.34014086964374357, 0.1], "k_pid_att": [43.948176657889235, 3.7802132718527557, 0.9274604585040267], "k_pid_yaw": [0.5, 1e-06, 0.1], "k_pid_hsp": [1.0, 0.01, 0.01], "k_pid_vsp": [111.20884264032553, 93.09285943774285, 1.0]}, "datetime": {"datetime": "2025-08-20 15:03:27", "elapsed": 11461.92743062973, "delta": 19.03458046913147}, "costs": {"total_cost": 207.68458418848192, "time_cost": 78.32000000000001, "final_distance_cost": 1.7755287782905567, "oscillation_cost": 49.860109122981584, "completition_cost": 0.0, "overshoot_cost": 51.27757612779158, "power_cost": 14.207649755859375, "noise_cost": 12.243720403558816, "n_waypoints_completed": 9, "tot_waypoints": 9}}
{"target": -205.05451447688822, "params": {"k_pid_pos": [1.4698128353043505, 0.024859491386256316, 0.11401919133455096], "k_pid_alt": [1.2679502233621702, 0.0, 0.1], "k_pid_att": [91.51304492310662, 0.0889010446451618, 0.9274604585040267], "k_pid_yaw": [0.5, 1e-06, 0.1], "k_pid_hsp": [8.976632338120003, 0.029631885976391104, 0.01], "k_pid_vsp": [292.94687076665593, 20.55210058569056, 1.0]}, "datetime": {"datetime": "2025-08-20 15:03:44", "elapsed": 11478.928334474564, "delta": 17.000903844833374}, "costs": {"total_cost": 205.05451447688822, "time_cost": 70.136, "final_distance_cost": 1.811292558971187, "oscillation_cost": 58.45844455995071, "completition_cost": 0.0, "overshoot_cost": 50.85102237550827, "power_cost": 12.345057934570313, "noise_cost": 11.45269704788772, "n_waypoints_completed": 9, "tot_waypoints": 9}}
{"target": -660.7701465929366, "params": {"k_pid_pos": [0.17771488283981443, 0.024859491386256316, 0.11401919133455096], "k_pid_alt": [1.2679502233621702, 0.0, 0.1], "k_pid_att": [43.948176657889235, 3.7802132718527557, 0.9274604585040267], "k_pid_yaw": [0.5, 1e-06, 0.1], "k_pid_hsp": [9.209539779438497, 0.6824706006861725, 0.01], "k_pid_vsp": [111.20884264032553, 383.1463585968337, 1.0]}, "datetime": {"datetime": "2025-08-20 15:04:07", "elapsed": 11501.845998048782, "delta": 22.91766357421875}, "costs": {"total_cost": 660.7701465929366, "time_cost": 150, "final_distance_cost": 56.88560805609162, "oscillation_cost": 41.61616234739049, "completition_cost": 333.33333333333337, "overshoot_cost": 48.957823586033946, "power_cost": 15.987251989746095, "noise_cost": 13.98996728034116, "n_waypoints_completed": 6, "tot_waypoints": 9}}
{"target": -194.21926352718202, "params": {"k_pid_pos": [1.4698128353043505, 0.024859491386256316, 0.11401919133455096], "k_pid_alt": [1.2679502233621702, 0.0, 0.1], "k_pid_att": [43.948176657889235, 3.7802132718527557, 0.41736344958023697], "k_pid_yaw": [0.5, 1e-06, 0.1], "k_pid_hsp": [5.650197857669776, 0.01, 0.01], "k_pid_vsp": [111.20884264032553, 23.77679025428185, 1.0]}, "datetime": {"datetime": "2025-08-20 15:04:23", "elapsed": 11518.396753549576, "delta": 16.550755500793457}, "costs": {"total_cost": 194.21926352718202, "time_cost": 69.384, "final_distance_cost": 1.8065229918410073, "oscillation_cost": 50.324765640824666, "completition_cost": 0.0, "overshoot_cost": 50.405300131759226, "power_cost": 11.221511633300782, "noise_cost": 11.077163129456338, "n_waypoints_completed": 9, "tot_waypoints": 9}}
{"target": -182.77126049314305, "params": {"k_pid_pos": [1.4999912498542303, 0.024859491386256316, 0.06327155149462471], "k_pid_alt": [1.1424381546674114, 0.0, 0.1], "k_pid_att": [43.948176657889235, 0.0889010446451618, 0.9274604585040267], "k_pid_yaw": [0.5, 1e-06, 0.1], "k_pid_hsp": [1.0, 0.01, 0.01], "k_pid_vsp": [111.20884264032553, 93.09285943774285, 1.0]}, "datetime": {"datetime": "2025-08-20 15:04:39", "elapsed": 11533.814384937286, "delta": 15.417631387710571}, "costs": {"total_cost": 182.77126049314305, "time_cost": 68.696, "final_distance_cost": 1.811380615981489, "oscillation_cost": 38.556666858721556, "completition_cost": 0.0, "overshoot_cost": 50.31606332994825, "power_cost": 12.235664843750001, "noise_cost": 11.155484844741784, "n_waypoints_completed": 9, "tot_waypoints": 9}}
{"target": -197.26860382091664, "params": {"k_pid_pos": [0.47109496471671364, 0.024859491386256316, 0.11401919133455096], "k_pid_alt": [1.2679502233621702, 0.3889486996552407, 0.9306475661290093], "k_pid_att": [43.948176657889235, 3.7802132718527557, 0.9274604585040267], "k_pid_yaw": [0.5, 1e-06, 0.1], "k_pid_hsp": [1.0, 0.01, 0.01], "k_pid_vsp": [179.49655965827282, 93.09285943774285, 1.0]}, "datetime": {"datetime": "2025-08-20 15:04:59", "elapsed": 11553.98760843277, "delta": 20.1732234954834}, "costs": {"total_cost": 197.26860382091664, "time_cost": 83.536, "final_distance_cost": 1.804359761401066, "oscillation_cost": 33.946606859688956, "completition_cost": 0.0, "overshoot_cost": 52.392167790633586, "power_cost": 13.371836572265625, "noise_cost": 12.217632836927406, "n_waypoints_completed": 9, "tot_waypoints": 9}}
{"target": -180.82633189952398, "params": {"k_pid_pos": [1.4698128353043505, 0.024859491386256316, 0.11401919133455096], "k_pid_alt": [1.2679502233621702, 0.0, 0.1], "k_pid_att": [43.948176657889235, 3.7802132718527557, 0.9274604585040267], "k_pid_yaw": [0.5, 1e-06, 0.1], "k_pid_hsp": [1.0, 0.01, 0.01], "k_pid_vsp": [111.20884264032553, 93.09285943774285, 1.0]}, "datetime": {"datetime": "2025-08-20 15:05:17", "elapsed": 11571.570070505142, "delta": 17.582462072372437}, "costs": {"total_cost": 180.82633189952398, "time_cost": 68.456, "final_distance_cost": 1.8129035550535026, "oscillation_cost": 37.19502557670047, "completition_cost": 0.0, "overshoot_cost": 50.071586228309805, "power_cost": 12.12881405029297, "noise_cost": 11.162002489167234, "n_waypoints_completed": 9, "tot_waypoints": 9}}
{"target": -187.26871500239116, "params": {"k_pid_pos": [1.9676806299345462, 0.024859491386256316, 0.11401919133455096], "k_pid_alt": [1.394383142748206, 0.0, 0.1], "k_pid_att": [43.948176657889235, 1.109420231168994, 0.17039554323513206], "k_pid_yaw": [0.5, 1e-06, 0.1], "k_pid_hsp": [1.0, 0.01, 0.01], "k_pid_vsp": [111.20884264032553, 93.09285943774285, 1.0]}, "datetime": {"datetime": "2025-08-20 15:05:31", "elapsed": 11586.300268173218, "delta": 14.730197668075562}, "costs": {"total_cost": 187.26871500239116, "time_cost": 68.384, "final_distance_cost": 1.7899004400587741, "oscillation_cost": 43.70815421954064, "completition_cost": 0.0, "overshoot_cost": 49.82340711369919, "power_cost": 12.413922888183594, "noise_cost": 11.149330340908923, "n_waypoints_completed": 9, "tot_waypoints": 9}}
{"target": -346.0022874101727, "params": {"k_pid_pos": [1.4698128353043505, 0.024859491386256316, 0.11401919133455096], "k_pid_alt": [1.2679502233621702, 0.0, 0.1], "k_pid_att": [60.39759467582875, 3.7802132718527557, 0.9274604585040267], "k_pid_yaw": [0.5, 1e-06, 0.1], "k_pid_hsp": [1.0, 0.24468742025477586, 0.4885311630634622], "k_pid_vsp": [294.66786775931484, 93.09285943774285, 1.0]}, "datetime": {"datetime": "2025-08-20 15:05:50", "elapsed": 11605.001238822937, "delta": 18.70097064971924}, "costs": {"total_cost": 346.0022874101727, "time_cost": 83.672, "final_distance_cost": 1.7634803017951874, "oscillation_cost": 169.0388683113264, "completition_cost": 0.0, "overshoot_cost": 59.66380739867922, "power_cost": 17.120996337890627, "noise_cost": 14.743135060481222, "n_waypoints_completed": 9, "tot_waypoints": 9}}
