{"target": -181.44439595217506, "params": {"k_pid_pos": [1.4698128353043505, 0.024859491386256316, 0.11401919133455096], "k_pid_alt": [1.2679502233621702, 0.0, 0.1], "k_pid_att": [43.948176657889235, 0.18205753750414305, 0.9274604585040267], "k_pid_yaw": [0.5, 1e-06, 0.1], "k_pid_hsp": [1.0, 0.01, 0.01], "k_pid_vsp": [111.20884264032553, 93.09285943774285, 1.0]}, "datetime": {"datetime": "2025-08-20 16:01:06", "elapsed": 14921.342233896255, "delta": 15.443372249603271}, "costs": {"total_cost": 181.44439595217506, "time_cost": 68.52, "final_distance_cost": 1.8129851390213318, "oscillation_cost": 37.442423075445866, "completition_cost": 0.0, "overshoot_cost": 50.19150424210218, "power_cost": 12.2890537109375, "noise_cost": 11.188429784668172, "n_waypoints_completed": 9, "tot_waypoints": 9}}
{"target": -184.92032427790255, "params": {"k_pid_pos": [1.4698128353043505, 0.024859491386256316, 0.15676371154545432], "k_pid_alt": [1.2679502233621702, 0.0, 0.1], "k_pid_att": [43.948176657889235, 3.7802132718527557, 0.9274604585040267], "k_pid_yaw": [0.5, 1e-06, 0.1], "k_pid_hsp": [1.0, 0.20291134351117135, 0.01], "k_pid_vsp": [111.20884264032553, 93.09285943774285, 1.0]}, "datetime": {"datetime": "2025-08-20 16:01:22", "elapsed": 14936.507508039474, "delta": 15.165274143218994}, "costs": {"total_cost": 184.92032427790255, "time_cost": 68.296, "final_distance_cost": 1.7982974019861195, "oscillation_cost": 42.18597070175414, "completition_cost": 0.0, "overshoot_cost": 49.620172217315904, "power_cost": 12.044068811035157, "noise_cost": 10.975815145811232, "n_waypoints_completed": 9, "tot_waypoints": 9}}
{"target": -209.5215716459422, "params": {"k_pid_pos": [1.4698128353043505, 0.024859491386256316, 0.11401919133455096], "k_pid_alt": [1.6073530137732008, 0.0, 0.1], "k_pid_att": [43.948176657889235, 3.7802132718527557, 0.9274604585040267], "k_pid_yaw": [0.5, 1e-06, 0.1], "k_pid_hsp": [1.0, 0.9677741304742827, 0.01], "k_pid_vsp": [111.20884264032553, 93.09285943774285, 1.0]}, "datetime": {"datetime": "2025-08-20 16:01:37", "elapsed": 14952.300877332687, "delta": 15.79336929321289}, "costs": {"total_cost": 209.5215716459422, "time_cost": 70.072, "final_distance_cost": 1.8008030572475342, "oscillation_cost": 61.05921240370101, "completition_cost": 0.0, "overshoot_cost": 51.525130728051664, "power_cost": 13.17776405029297, "noise_cost": 11.886661406649022, "n_waypoints_completed": 9, "tot_waypoints": 9}}
{"target": -182.22849402473722, "params": {"k_pid_pos": [1.4698128353043505, 0.024859491386256316, 0.06837744536824142], "k_pid_alt": [1.408510096659571, 0.0, 0.1], "k_pid_att": [43.948176657889235, 2.057470297840489, 0.9274604585040267], "k_pid_yaw": [0.5, 1e-06, 0.1], "k_pid_hsp": [1.0, 0.01, 0.01], "k_pid_vsp": [383.6525668739127, 93.09285943774285, 1.0]}, "datetime": {"datetime": "2025-08-20 16:01:53", "elapsed": 14967.635491847992, "delta": 15.334614515304565}, "costs": {"total_cost": 182.22849402473722, "time_cost": 68.64, "final_distance_cost": 1.7860750871376598, "oscillation_cost": 37.780998856500794, "completition_cost": 0.0, "overshoot_cost": 50.26973103209002, "power_cost": 12.432224426269531, "noise_cost": 11.319464622739215, "n_waypoints_completed": 9, "tot_waypoints": 9}}
{"target": -338.53924716119207, "params": {"k_pid_pos": [1.4698128353043505, 0.024859491386256316, 0.11401919133455096], "k_pid_alt": [1.408510096659571, 0.0, 0.1], "k_pid_att": [43.948176657889235, 2.057470297840489, 0.9274604585040267], "k_pid_yaw": [0.5, 1e-06, 0.1], "k_pid_hsp": [1.0, 0.01, 0.6574950238201316], "k_pid_vsp": [146.93843233531743, 93.09285943774285, 1.0]}, "datetime": {"datetime": "2025-08-20 16:02:11", "elapsed": 14986.219692230225, "delta": 18.584200382232666}, "costs": {"total_cost": 338.53924716119207, "time_cost": 82.952, "final_distance_cost": 1.7548653524949251, "oscillation_cost": 157.6739380294016, "completition_cost": 0.0, "overshoot_cost": 64.55273145244638, "power_cost": 16.826523486328124, "noise_cost": 14.779188840520991, "n_waypoints_completed": 9, "tot_waypoints": 9}}
{"target": -180.82633189952398, "params": {"k_pid_pos": [1.4698128353043505, 0.024859491386256316, 0.11401919133455096], "k_pid_alt": [1.2679502233621702, 0.0, 0.1], "k_pid_att": [43.948176657889235, 3.7802132718527557, 0.9274604585040267], "k_pid_yaw": [0.5, 1e-06, 0.1], "k_pid_hsp": [1.0, 0.01, 0.01], "k_pid_vsp": [111.20884264032553, 93.09285943774285, 1.0]}, "datetime": {"datetime": "2025-08-20 16:02:26", "elapsed": 15001.236895799637, "delta": 15.017203569412231}, "costs": {"total_cost": 180.82633189952398, "time_cost": 68.456, "final_distance_cost": 1.8129035550535026, "oscillation_cost": 37.19502557670047, "completition_cost": 0.0, "overshoot_cost": 50.071586228309805, "power_cost": 12.12881405029297, "noise_cost": 11.162002489167234, "n_waypoints_completed": 9, "tot_waypoints": 9}}
{"target": -180.82633189952398, "params": {"k_pid_pos": [1.4698128353043505, 0.024859491386256316, 0.11401919133455096], "k_pid_alt": [1.2679502233621702, 0.0, 0.1], "k_pid_att": [43.948176657889235, 3.7802132718527557, 0.9274604585040267], "k_pid_yaw": [0.5, 1e-06, 0.1], "k_pid_hsp": [1.0, 0.01, 0.01], "k_pid_vsp": [111.20884264032553, 93.09285943774285, 1.0]}, "datetime": {"datetime": "2025-08-20 16:02:41", "elapsed": 15016.171215295792, "delta": 14.934319496154785}, "costs": {"total_cost": 180.82633189952398, "time_cost": 68.456, "final_distance_cost": 1.8129035550535026, "oscillation_cost": 37.19502557670047, "completition_cost": 0.0, "overshoot_cost": 50.071586228309805, "power_cost": 12.12881405029297, "noise_cost": 11.162002489167234, "n_waypoints_completed": 9, "tot_waypoints": 9}}
{"target": -180.82633189952398, "params": {"k_pid_pos": [1.4698128353043505, 0.024859491386256316, 0.11401919133455096], "k_pid_alt": [1.2679502233621702, 0.0, 0.1], "k_pid_att": [43.948176657889235, 3.7802132718527557, 0.9274604585040267], "k_pid_yaw": [0.5, 1e-06, 0.1], "k_pid_hsp": [1.0, 0.01, 0.01], "k_pid_vsp": [111.20884264032553, 93.09285943774285, 1.0]}, "datetime": {"datetime": "2025-08-20 16:02:57", "elapsed": 15031.525672674179, "delta": 15.354457378387451}, "costs": {"total_cost": 180.82633189952398, "time_cost": 68.456, "final_distance_cost": 1.8129035550535026, "oscillation_cost": 37.19502557670047, "completition_cost": 0.0, "overshoot_cost": 50.071586228309805, "power_cost": 12.12881405029297, "noise_cost": 11.162002489167234, "n_waypoints_completed": 9, "tot_waypoints": 9}}
{"target": -1140.1496780745172, "params": {"k_pid_pos": [1.4698128353043505, 0.4228336305747159, 0.11401919133455096], "k_pid_alt": [1.2679502233621702, 0.0, 0.9690789782144964], "k_pid_att": [43.948176657889235, 3.7802132718527557, 0.9274604585040267], "k_pid_yaw": [0.5, 1e-06, 0.1], "k_pid_hsp": [1.0, 0.01, 0.01], "k_pid_vsp": [111.20884264032553, 93.09285943774285, 397.48431374018486]}, "datetime": {"datetime": "2025-08-20 16:03:19", "elapsed": 15053.515235900879, "delta": 21.98956322669983}, "costs": {"total_cost": 1140.1496780745172, "time_cost": 150, "final_distance_cost": 74.13252489076363, "oscillation_cost": 41.29549567612837, "completition_cost": 777.7777777777778, "overshoot_cost": 83.00656163716882, "power_cost": 4.6749773071289065, "noise_cost": 9.262340785549632, "n_waypoints_completed": 2, "tot_waypoints": 9}}
{"target": -183.3080733375347, "params": {"k_pid_pos": [1.4164186877546903, 0.024859491386256316, 0.11401919133455096], "k_pid_alt": [1.2679502233621702, 0.0, 0.6145304926431803], "k_pid_att": [43.948176657889235, 3.7802132718527557, 0.9274604585040267], "k_pid_yaw": [0.5, 1e-06, 0.1], "k_pid_hsp": [2.575161370303539, 0.01, 0.01], "k_pid_vsp": [111.20884264032553, 300.6723471101404, 1.0]}, "datetime": {"datetime": "2025-08-20 16:03:34", "elapsed": 15068.790276527405, "delta": 15.275040626525879}, "costs": {"total_cost": 183.3080733375347, "time_cost": 70.47200000000001, "final_distance_cost": 1.8235780607723737, "oscillation_cost": 38.77851640082633, "completition_cost": 0.0, "overshoot_cost": 49.82274706187448, "power_cost": 11.542900354003907, "noise_cost": 10.868331460057586, "n_waypoints_completed": 9, "tot_waypoints": 9}}
{"target": -182.4766283615163, "params": {"k_pid_pos": [1.4698128353043505, 0.024859491386256316, 0.11401919133455096], "k_pid_alt": [1.2679502233621702, 0.0, 0.1], "k_pid_att": [43.948176657889235, 3.7802132718527557, 0.4581042828497125], "k_pid_yaw": [0.5, 1e-06, 0.1], "k_pid_hsp": [1.0, 0.01, 0.01], "k_pid_vsp": [111.20884264032553, 93.09285943774285, 1.0]}, "datetime": {"datetime": "2025-08-20 16:03:49", "elapsed": 15084.124255895615, "delta": 15.333979368209839}, "costs": {"total_cost": 182.4766283615163, "time_cost": 68.44800000000001, "final_distance_cost": 1.7897236152526221, "oscillation_cost": 38.436259889375584, "completition_cost": 0.0, "overshoot_cost": 49.94170232950015, "power_cost": 12.517165759277344, "noise_cost": 11.34377676811062, "n_waypoints_completed": 9, "tot_waypoints": 9}}
{"target": -180.82633189952398, "params": {"k_pid_pos": [1.4698128353043505, 0.024859491386256316, 0.11401919133455096], "k_pid_alt": [1.2679502233621702, 0.0, 0.1], "k_pid_att": [43.948176657889235, 3.7802132718527557, 0.9274604585040267], "k_pid_yaw": [0.5, 1e-06, 0.1], "k_pid_hsp": [1.0, 0.01, 0.01], "k_pid_vsp": [111.20884264032553, 93.09285943774285, 1.0]}, "datetime": {"datetime": "2025-08-20 16:04:04", "elapsed": 15099.041706562042, "delta": 14.917450666427612}, "costs": {"total_cost": 180.82633189952398, "time_cost": 68.456, "final_distance_cost": 1.8129035550535026, "oscillation_cost": 37.19502557670047, "completition_cost": 0.0, "overshoot_cost": 50.071586228309805, "power_cost": 12.12881405029297, "noise_cost": 11.162002489167234, "n_waypoints_completed": 9, "tot_waypoints": 9}}
{"target": -557.2613164014697, "params": {"k_pid_pos": [1.4698128353043505, 0.024859491386256316, 0.11401919133455096], "k_pid_alt": [0.3544135406198281, 0.0, 0.7222123030452839], "k_pid_att": [43.948176657889235, 3.7802132718527557, 0.9274604585040267], "k_pid_yaw": [0.5, 1e-06, 0.1], "k_pid_hsp": [1.0, 0.01, 0.01], "k_pid_vsp": [275.33154576757, 93.09285943774285, 1.0]}, "datetime": {"datetime": "2025-08-20 16:04:26", "elapsed": 15120.859229564667, "delta": 21.81752300262451}, "costs": {"total_cost": 557.2613164014697, "time_cost": 150, "final_distance_cost": 67.4057483773854, "oscillation_cost": 42.43124142009315, "completition_cost": 222.2222222222222, "overshoot_cost": 43.32205256888727, "power_cost": 17.189123046875, "noise_cost": 14.690928766006612, "n_waypoints_completed": 7, "tot_waypoints": 9}}
{"target": -231.72342864036003, "params": {"k_pid_pos": [1.4698128353043505, 0.024859491386256316, 0.11401919133455096], "k_pid_alt": [1.2679502233621702, 0.0, 0.8705629771698292], "k_pid_att": [43.948176657889235, 5.215311636883334, 0.9274604585040267], "k_pid_yaw": [0.5, 1e-06, 0.1], "k_pid_hsp": [0.22821344198103216, 0.4646359499442313, 0.01], "k_pid_vsp": [111.20884264032553, 93.09285943774285, 1.0]}, "datetime": {"datetime": "2025-08-20 16:04:43", "elapsed": 15138.17674779892, "delta": 17.31751823425293}, "costs": {"total_cost": 231.72342864036003, "time_cost": 77.06400000000001, "final_distance_cost": 1.8556852166856332, "oscillation_cost": 72.8829198629372, "completition_cost": 0.0, "overshoot_cost": 51.11874004621015, "power_cost": 15.756226672363281, "noise_cost": 13.045856842163772, "n_waypoints_completed": 9, "tot_waypoints": 9}}
{"target": -316.3840609668517, "params": {"k_pid_pos": [1.4698128353043505, 0.024859491386256316, 0.11401919133455096], "k_pid_alt": [1.0499380434106582, 0.0, 0.1], "k_pid_att": [43.948176657889235, 3.7802132718527557, 0.9274604585040267], "k_pid_yaw": [0.5, 1e-06, 0.1], "k_pid_hsp": [1.0, 0.5099699049722157, 0.9050870333062111], "k_pid_vsp": [111.20884264032553, 93.09285943774285, 1.0]}, "datetime": {"datetime": "2025-08-20 16:05:00", "elapsed": 15155.244324922562, "delta": 17.067577123641968}, "costs": {"total_cost": 316.3840609668517, "time_cost": 78.44800000000001, "final_distance_cost": 1.8018867789958197, "oscillation_cost": 145.97903180546226, "completition_cost": 0.0, "overshoot_cost": 60.014964872972705, "power_cost": 15.70910770263672, "noise_cost": 14.431069806784157, "n_waypoints_completed": 9, "tot_waypoints": 9}}
{"target": -246.2485650108993, "params": {"k_pid_pos": [1.4698128353043505, 0.024859491386256316, 0.11401919133455096], "k_pid_alt": [0.39303563678463904, 0.7782994567117663, 0.07734400225577898], "k_pid_att": [43.948176657889235, 3.7802132718527557, 0.9274604585040267], "k_pid_yaw": [0.5, 1e-06, 0.1], "k_pid_hsp": [1.0, 0.01, 0.01], "k_pid_vsp": [111.20884264032553, 93.09285943774285, 1.0]}, "datetime": {"datetime": "2025-08-20 16:05:21", "elapsed": 15176.069934368134, "delta": 20.8256094455719}, "costs": {"total_cost": 246.2485650108993, "time_cost": 97.04, "final_distance_cost": 1.7321342480368223, "oscillation_cost": 54.6040461710045, "completition_cost": 0.0, "overshoot_cost": 60.70315933098321, "power_cost": 17.423634118652345, "noise_cost": 14.74559114222245, "n_waypoints_completed": 9, "tot_waypoints": 9}}
{"target": -194.3775585939427, "params": {"k_pid_pos": [0.5749082678199174, 0.024859491386256316, 0.11401919133455096], "k_pid_alt": [1.2679502233621702, 0.0, 0.1], "k_pid_att": [43.948176657889235, 3.7802132718527557, 0.9274604585040267], "k_pid_yaw": [0.5, 1e-06, 0.1], "k_pid_hsp": [1.0, 0.01, 0.01], "k_pid_vsp": [111.20884264032553, 93.09285943774285, 1.0]}, "datetime": {"datetime": "2025-08-20 16:05:39", "elapsed": 15193.813003063202, "delta": 17.74306869506836}, "costs": {"total_cost": 194.3775585939427, "time_cost": 79.488, "final_distance_cost": 1.8504292728531586, "oscillation_cost": 35.35150876601412, "completition_cost": 0.0, "overshoot_cost": 50.849246128946, "power_cost": 13.554233691406251, "noise_cost": 13.284140734723165, "n_waypoints_completed": 9, "tot_waypoints": 9}}
{"target": -1192.9014973905455, "params": {"k_pid_pos": [1.4698128353043505, 0.024859491386256316, 0.11401919133455096], "k_pid_alt": [1.2679502233621702, 0.0, 0.1], "k_pid_att": [65.90126278649572, 3.7802132718527557, 0.9274604585040267], "k_pid_yaw": [0.5, 1e-06, 0.1], "k_pid_hsp": [1.0, 0.01, 0.01], "k_pid_vsp": [111.20884264032553, 93.09285943774285, 335.78956033918365]}, "datetime": {"datetime": "2025-08-20 16:06:01", "elapsed": 15216.414074420929, "delta": 22.60107135772705}, "costs": {"total_cost": 1192.9014973905455, "time_cost": 150, "final_distance_cost": 85.12335106583852, "oscillation_cost": 33.34624311255543, "completition_cost": 777.7777777777778, "overshoot_cost": 86.07794593394834, "power_cost": 29.87318386230469, "noise_cost": 30.70299563812082, "n_waypoints_completed": 2, "tot_waypoints": 9}}
{"target": -191.97816568024106, "params": {"k_pid_pos": [1.4698128353043505, 0.024859491386256316, 0.8100884609760892], "k_pid_alt": [1.2679502233621702, 0.0, 0.11578642527130634], "k_pid_att": [6.174354700882767, 3.917135097401164, 0.9274604585040267], "k_pid_yaw": [0.5, 1e-06, 0.1], "k_pid_hsp": [1.0, 0.01, 0.01], "k_pid_vsp": [111.20884264032553, 93.09285943774285, 1.0]}, "datetime": {"datetime": "2025-08-20 16:06:18", "elapsed": 15232.718186855316, "delta": 16.304112434387207}, "costs": {"total_cost": 191.97816568024106, "time_cost": 72.056, "final_distance_cost": 1.8474729418283764, "oscillation_cost": 43.36081097044394, "completition_cost": 0.0, "overshoot_cost": 49.230428864074874, "power_cost": 13.236009130859376, "noise_cost": 12.247443773034512, "n_waypoints_completed": 9, "tot_waypoints": 9}}
{"target": -1109.8470559941056, "params": {"k_pid_pos": [0.0720678231299122, 0.024859491386256316, 0.11401919133455096], "k_pid_alt": [1.2679502233621702, 0.7031627732108057, 0.1], "k_pid_att": [43.948176657889235, 3.7802132718527557, 0.9274604585040267], "k_pid_yaw": [0.5, 1e-06, 0.1], "k_pid_hsp": [2.575161370303539, 0.01, 0.01], "k_pid_vsp": [111.20884264032553, 93.09285943774285, 1.0]}, "datetime": {"datetime": "2025-08-20 16:06:40", "elapsed": 15255.19934296608, "delta": 22.48115611076355}, "costs": {"total_cost": 1109.8470559941056, "time_cost": 150, "final_distance_cost": 86.74838272305942, "oscillation_cost": 16.218017483693597, "completition_cost": 777.7777777777778, "overshoot_cost": 48.70002690292162, "power_cost": 16.274334313964843, "noise_cost": 14.12851679268842, "n_waypoints_completed": 2, "tot_waypoints": 9}}
{"target": -183.7001471159997, "params": {"k_pid_pos": [1.4698128353043505, 0.024859491386256316, 0.231276554047951], "k_pid_alt": [0.8545398455997026, 0.0, 0.1], "k_pid_att": [43.948176657889235, 3.7802132718527557, 0.9274604585040267], "k_pid_yaw": [0.5, 1e-06, 0.1], "k_pid_hsp": [1.0, 0.01, 0.01], "k_pid_vsp": [111.20884264032553, 93.09285943774285, 1.0]}, "datetime": {"datetime": "2025-08-20 16:06:56", "elapsed": 15271.267121553421, "delta": 16.06777858734131}, "costs": {"total_cost": 183.7001471159997, "time_cost": 70.392, "final_distance_cost": 1.8169118186497843, "oscillation_cost": 37.31637072407488, "completition_cost": 0.0, "overshoot_cost": 50.09580423117728, "power_cost": 12.652608728027344, "noise_cost": 11.426451614070425, "n_waypoints_completed": 9, "tot_waypoints": 9}}
{"target": -180.82633189952398, "params": {"k_pid_pos": [1.4698128353043505, 0.024859491386256316, 0.11401919133455096], "k_pid_alt": [1.2679502233621702, 0.0, 0.1], "k_pid_att": [43.948176657889235, 3.7802132718527557, 0.9274604585040267], "k_pid_yaw": [0.5, 1e-06, 0.1], "k_pid_hsp": [1.0, 0.01, 0.01], "k_pid_vsp": [111.20884264032553, 93.09285943774285, 1.0]}, "datetime": {"datetime": "2025-08-20 16:07:11", "elapsed": 15286.417380332947, "delta": 15.150258779525757}, "costs": {"total_cost": 180.82633189952398, "time_cost": 68.456, "final_distance_cost": 1.8129035550535026, "oscillation_cost": 37.19502557670047, "completition_cost": 0.0, "overshoot_cost": 50.071586228309805, "power_cost": 12.12881405029297, "noise_cost": 11.162002489167234, "n_waypoints_completed": 9, "tot_waypoints": 9}}
{"target": -180.4586778981898, "params": {"k_pid_pos": [1.4698128353043505, 0.024859491386256316, 0.11401919133455096], "k_pid_alt": [1.2679502233621702, 0.0, 0.1], "k_pid_att": [43.948176657889235, 3.7802132718527557, 0.9274604585040267], "k_pid_yaw": [0.5, 1e-06, 0.1], "k_pid_hsp": [1.0, 0.01, 0.01], "k_pid_vsp": [111.20884264032553, 102.7157397860675, 1.0]}, "datetime": {"datetime": "2025-08-20 16:07:26", "elapsed": 15301.388631820679, "delta": 14.971251487731934}, "costs": {"total_cost": 180.4586778981898, "time_cost": 68.456, "final_distance_cost": 1.8018656610788988, "oscillation_cost": 36.88102645014415, "completition_cost": 0.0, "overshoot_cost": 49.96291084832555, "power_cost": 12.191933203125, "noise_cost": 11.164941735516203, "n_waypoints_completed": 9, "tot_waypoints": 9}}
{"target": -206.4875750570558, "params": {"k_pid_pos": [1.4698128353043505, 0.9973081004456583, 0.8100884609760892], "k_pid_alt": [1.2679502233621702, 0.0, 0.1], "k_pid_att": [43.948176657889235, 3.7802132718527557, 0.6426065009168366], "k_pid_yaw": [0.5, 1e-06, 0.1], "k_pid_hsp": [1.0, 0.01, 0.01], "k_pid_vsp": [111.20884264032553, 93.09285943774285, 1.0]}, "datetime": {"datetime": "2025-08-20 16:07:45", "elapsed": 15319.636011838913, "delta": 18.247380018234253}, "costs": {"total_cost": 206.4875750570558, "time_cost": 81.376, "final_distance_cost": 1.7388828496922515, "oscillation_cost": 44.07745898652892, "completition_cost": 0.0, "overshoot_cost": 51.3163184048214, "power_cost": 14.925222143554688, "noise_cost": 13.053692672458542, "n_waypoints_completed": 9, "tot_waypoints": 9}}
{"target": -307.8189819424229, "params": {"k_pid_pos": [1.4698128353043505, 0.024859491386256316, 0.11401919133455096], "k_pid_alt": [1.2679502233621702, 0.0, 0.1], "k_pid_att": [93.65426823711724, 3.7802132718527557, 0.9274604585040267], "k_pid_yaw": [0.5, 1e-06, 0.1], "k_pid_hsp": [1.0, 0.01, 0.40925506695826264], "k_pid_vsp": [349.40333172427154, 213.45582935365798, 1.0]}, "datetime": {"datetime": "2025-08-20 16:08:01", "elapsed": 15335.926364660263, "delta": 16.290352821350098}, "costs": {"total_cost": 307.8189819424229, "time_cost": 72.4, "final_distance_cost": 1.738644493877684, "oscillation_cost": 152.01703356358857, "completition_cost": 0.0, "overshoot_cost": 53.43591639673214, "power_cost": 15.396375158691407, "noise_cost": 12.831012329533106, "n_waypoints_completed": 9, "tot_waypoints": 9}}
{"target": -209.87389147336714, "params": {"k_pid_pos": [1.4698128353043505, 0.562437059426841, 0.11401919133455096], "k_pid_alt": [1.2679502233621702, 0.0, 0.1], "k_pid_att": [43.948176657889235, 3.7802132718527557, 0.9274604585040267], "k_pid_yaw": [0.5, 1e-06, 0.1], "k_pid_hsp": [2.575161370303539, 0.01, 0.01], "k_pid_vsp": [111.20884264032553, 93.09285943774285, 1.0]}, "datetime": {"datetime": "2025-08-20 16:08:19", "elapsed": 15354.340826511383, "delta": 18.414461851119995}, "costs": {"total_cost": 209.87389147336714, "time_cost": 83.752, "final_distance_cost": 1.7044591779366873, "oscillation_cost": 44.098100182034415, "completition_cost": 0.0, "overshoot_cost": 52.55759035075253, "power_cost": 14.623971008300781, "noise_cost": 13.137770754342744, "n_waypoints_completed": 9, "tot_waypoints": 9}}
{"target": -294.38115996059685, "params": {"k_pid_pos": [1.4698128353043505, 0.024859491386256316, 0.11401919133455096], "k_pid_alt": [1.2679502233621702, 0.0, 0.1], "k_pid_att": [43.948176657889235, 3.7802132718527557, 0.9274604585040267], "k_pid_yaw": [0.5, 1e-06, 0.1], "k_pid_hsp": [7.913838258274543, 0.01, 0.9477950138699737], "k_pid_vsp": [111.20884264032553, 93.09285943774285, 1.0]}, "datetime": {"datetime": "2025-08-20 16:08:34", "elapsed": 15369.254699230194, "delta": 14.913872718811035}, "costs": {"total_cost": 294.38115996059685, "time_cost": 69.352, "final_distance_cost": 1.7819265223040528, "oscillation_cost": 146.0049333105783, "completition_cost": 0.0, "overshoot_cost": 51.422250011275466, "power_cost": 13.854912438964844, "noise_cost": 11.965137677474157, "n_waypoints_completed": 9, "tot_waypoints": 9}}
