{"target": -179.32712502089308, "params": {"k_pid_pos": [1.4698128353043505, 0.024859491386256316, 0.3434561031905483], "k_pid_alt": [1.1928857943257507, 0.0, 0.1], "k_pid_att": [43.948176657889235, 1.326856224425946, 0.9274604585040267], "k_pid_yaw": [0.5, 1e-06, 0.1], "k_pid_hsp": [2.82373402557605, 0.01, 0.01], "k_pid_vsp": [111.20884264032553, 102.7157397860675, 1.0]}, "datetime": {"datetime": "2025-08-20 20:30:05", "elapsed": 31060.35994720459, "delta": 14.885887145996094}, "costs": {"total_cost": 179.32712502089308, "time_cost": 69.32000000000001, "final_distance_cost": 1.8220147638995292, "oscillation_cost": 35.72240494197086, "completition_cost": 0.0, "overshoot_cost": 50.3783596355192, "power_cost": 11.168038415527345, "noise_cost": 10.916307263976115, "n_waypoints_completed": 9, "tot_waypoints": 9}}
{"target": -188.0563368145278, "params": {"k_pid_pos": [1.4698128353043505, 0.024859491386256316, 0.3434561031905483], "k_pid_alt": [0.7503000084241305, 0.0, 0.1], "k_pid_att": [11.246502653247227, 8.528454206396269, 0.9274604585040267], "k_pid_yaw": [0.5, 1e-06, 0.1], "k_pid_hsp": [1.3337113251841335, 0.01, 0.01], "k_pid_vsp": [111.20884264032553, 102.7157397860675, 1.0]}, "datetime": {"datetime": "2025-08-20 20:30:23", "elapsed": 31078.02449131012, "delta": 17.664544105529785}, "costs": {"total_cost": 188.0563368145278, "time_cost": 71.536, "final_distance_cost": 1.8315510631085363, "oscillation_cost": 39.93245674793296, "completition_cost": 0.0, "overshoot_cost": 50.209776529923666, "power_cost": 12.965297314453126, "noise_cost": 11.581255159109523, "n_waypoints_completed": 9, "tot_waypoints": 9}}
{"target": -178.8909908992096, "params": {"k_pid_pos": [1.4698128353043505, 0.024859491386256316, 0.3434561031905483], "k_pid_alt": [1.2679502233621702, 0.0, 0.1], "k_pid_att": [43.948176657889235, 4.633477034214585, 0.9274604585040267], "k_pid_yaw": [0.5, 1e-06, 0.1], "k_pid_hsp": [2.82373402557605, 0.01, 0.01], "k_pid_vsp": [80.33785635579704, 102.7157397860675, 1.0]}, "datetime": {"datetime": "2025-08-20 20:30:38", "elapsed": 31093.15689110756, "delta": 15.132399797439575}, "costs": {"total_cost": 178.8909908992096, "time_cost": 69.056, "final_distance_cost": 1.840804268259509, "oscillation_cost": 35.7780189352438, "completition_cost": 0.0, "overshoot_cost": 50.111738572235375, "power_cost": 11.177037292480469, "noise_cost": 10.927391830990464, "n_waypoints_completed": 9, "tot_waypoints": 9}}
{"target": -185.09437908212885, "params": {"k_pid_pos": [1.4698128353043505, 0.024859491386256316, 0.3434561031905483], "k_pid_alt": [1.2679502233621702, 0.0, 0.02282466901291924], "k_pid_att": [12.665511903358361, 1.326856224425946, 0.20497828334174084], "k_pid_yaw": [0.5, 1e-06, 0.1], "k_pid_hsp": [2.82373402557605, 0.01, 0.01], "k_pid_vsp": [121.11927891757475, 102.7157397860675, 1.0]}, "datetime": {"datetime": "2025-08-20 20:30:55", "elapsed": 31109.868233680725, "delta": 16.711342573165894}, "costs": {"total_cost": 185.09437908212885, "time_cost": 68.984, "final_distance_cost": 1.8353402952797357, "oscillation_cost": 39.79225625700523, "completition_cost": 0.0, "overshoot_cost": 49.893224126662794, "power_cost": 12.950569848632814, "noise_cost": 11.638988554548272, "n_waypoints_completed": 9, "tot_waypoints": 9}}
{"target": -179.777631269043, "params": {"k_pid_pos": [1.4698128353043505, 0.024859491386256316, 0.3434561031905483], "k_pid_alt": [1.9160597436741602, 0.0, 0.1], "k_pid_att": [43.948176657889235, 1.326856224425946, 0.9274604585040267], "k_pid_yaw": [0.5, 1e-06, 0.1], "k_pid_hsp": [2.82373402557605, 0.01, 0.01], "k_pid_vsp": [111.20884264032553, 130.53254854158118, 1.0]}, "datetime": {"datetime": "2025-08-20 20:31:10", "elapsed": 31124.847569704056, "delta": 14.979336023330688}, "costs": {"total_cost": 179.777631269043, "time_cost": 69.08800000000001, "final_distance_cost": 1.8353684196066111, "oscillation_cost": 36.576656769466574, "completition_cost": 0.0, "overshoot_cost": 49.96718912036116, "power_cost": 11.322218823242189, "noise_cost": 10.988198136366469, "n_waypoints_completed": 9, "tot_waypoints": 9}}
{"target": -180.93507646168692, "params": {"k_pid_pos": [1.4698128353043505, 0.024859491386256316, 0.15504459629470158], "k_pid_alt": [1.2679502233621702, 0.0, 0.1], "k_pid_att": [43.948176657889235, 1.326856224425946, 0.9274604585040267], "k_pid_yaw": [0.5, 1e-06, 0.1], "k_pid_hsp": [2.82373402557605, 0.01, 0.01], "k_pid_vsp": [111.20884264032553, 102.7157397860675, 1.0]}, "datetime": {"datetime": "2025-08-20 20:31:27", "elapsed": 31141.998582601547, "delta": 17.151012897491455}, "costs": {"total_cost": 180.93507646168692, "time_cost": 68.752, "final_distance_cost": 1.788560525340353, "oscillation_cost": 37.72281149262192, "completition_cost": 0.0, "overshoot_cost": 50.343419898174204, "power_cost": 11.367521447753907, "noise_cost": 10.960763097796534, "n_waypoints_completed": 9, "tot_waypoints": 9}}
{"target": -355.063339901728, "params": {"k_pid_pos": [1.4698128353043505, 0.024859491386256316, 0.3434561031905483], "k_pid_alt": [1.2679502233621702, 0.0, 0.1], "k_pid_att": [43.948176657889235, 1.326856224425946, 0.9274604585040267], "k_pid_yaw": [0.5, 1e-06, 0.1], "k_pid_hsp": [2.82373402557605, 0.01, 0.7672277833605256], "k_pid_vsp": [111.20884264032553, 250.21609499067577, 1.0]}, "datetime": {"datetime": "2025-08-20 20:31:45", "elapsed": 31160.292388916016, "delta": 18.293806314468384}, "costs": {"total_cost": 355.063339901728, "time_cost": 84.16, "final_distance_cost": 1.7588314477105071, "oscillation_cost": 184.18077786583228, "completition_cost": 0.0, "overshoot_cost": 54.124370245891804, "power_cost": 16.526725378417968, "noise_cost": 14.312634963875492, "n_waypoints_completed": 9, "tot_waypoints": 9}}
{"target": -231.28511820820674, "params": {"k_pid_pos": [1.4698128353043505, 0.024859491386256316, 0.3434561031905483], "k_pid_alt": [1.2679502233621702, 0.7740757290553824, 0.02282466901291924], "k_pid_att": [43.948176657889235, 7.855774821596054, 0.4604679356383715], "k_pid_yaw": [0.5, 1e-06, 0.1], "k_pid_hsp": [9.086286773106698, 0.01, 0.01], "k_pid_vsp": [111.20884264032553, 102.7157397860675, 1.0]}, "datetime": {"datetime": "2025-08-20 20:32:05", "elapsed": 31179.62692451477, "delta": 19.334535598754883}, "costs": {"total_cost": 231.28511820820674, "time_cost": 79.4, "final_distance_cost": 1.7867122046161816, "oscillation_cost": 72.7068576448632, "completition_cost": 0.0, "overshoot_cost": 52.25705422934428, "power_cost": 13.32839705810547, "noise_cost": 11.806097071277614, "n_waypoints_completed": 9, "tot_waypoints": 9}}
{"target": -182.62743301831856, "params": {"k_pid_pos": [1.4698128353043505, 0.024859491386256316, 0.3434561031905483], "k_pid_alt": [1.2679502233621702, 0.0, 0.1], "k_pid_att": [43.948176657889235, 1.326856224425946, 0.9274604585040267], "k_pid_yaw": [0.5, 1e-06, 0.1], "k_pid_hsp": [2.82373402557605, 0.01, 0.01], "k_pid_vsp": [111.20884264032553, 304.1795245652576, 1.0]}, "datetime": {"datetime": "2025-08-20 20:32:20", "elapsed": 31194.829976081848, "delta": 15.203051567077637}, "costs": {"total_cost": 182.62743301831856, "time_cost": 69.08, "final_distance_cost": 1.8297673199475817, "oscillation_cost": 38.7936517576656, "completition_cost": 0.0, "overshoot_cost": 49.96432489931405, "power_cost": 11.854709155273438, "noise_cost": 11.104979886117876, "n_waypoints_completed": 9, "tot_waypoints": 9}}
{"target": -182.74831249792726, "params": {"k_pid_pos": [1.4698128353043505, 0.024859491386256316, 0.3434561031905483], "k_pid_alt": [1.2679502233621702, 0.0, 0.5405957282041112], "k_pid_att": [25.463483275157817, 1.326856224425946, 0.9274604585040267], "k_pid_yaw": [0.5, 1e-06, 0.1], "k_pid_hsp": [2.82373402557605, 0.01, 0.01], "k_pid_vsp": [111.20884264032553, 102.7157397860675, 1.0]}, "datetime": {"datetime": "2025-08-20 20:32:36", "elapsed": 31211.104630470276, "delta": 16.274654388427734}, "costs": {"total_cost": 182.74831249792726, "time_cost": 70.456, "final_distance_cost": 1.8223591679448465, "oscillation_cost": 38.375540886978364, "completition_cost": 0.0, "overshoot_cost": 49.547535253089436, "power_cost": 11.483489294433594, "noise_cost": 11.06338789548101, "n_waypoints_completed": 9, "tot_waypoints": 9}}
{"target": -201.84690049988734, "params": {"k_pid_pos": [1.2064217457767001, 0.024859491386256316, 0.9677620586651221], "k_pid_alt": [1.2679502233621702, 0.490519778721512, 0.02282466901291924], "k_pid_att": [43.948176657889235, 3.709223089780779, 0.9274604585040267], "k_pid_yaw": [0.5, 1e-06, 0.1], "k_pid_hsp": [2.82373402557605, 0.7198891318070316, 0.01], "k_pid_vsp": [111.20884264032553, 102.7157397860675, 1.0]}, "datetime": {"datetime": "2025-08-20 20:32:54", "elapsed": 31228.635984659195, "delta": 17.531354188919067}, "costs": {"total_cost": 201.84690049988734, "time_cost": 79.632, "final_distance_cost": 1.8148053134061046, "oscillation_cost": 44.97599593345512, "completition_cost": 0.0, "overshoot_cost": 50.85522349464911, "power_cost": 12.838448474121094, "noise_cost": 11.730427284255876, "n_waypoints_completed": 9, "tot_waypoints": 9}}
{"target": -184.25959021364645, "params": {"k_pid_pos": [1.4698128353043505, 0.00338214545638138, 0.5215242577869234], "k_pid_alt": [1.5967479783170597, 0.0, 0.1], "k_pid_att": [43.948176657889235, 1.326856224425946, 0.9274604585040267], "k_pid_yaw": [0.5, 1e-06, 0.1], "k_pid_hsp": [1.1779218432282734, 0.01, 0.01], "k_pid_vsp": [111.20884264032553, 102.7157397860675, 1.0]}, "datetime": {"datetime": "2025-08-20 20:33:12", "elapsed": 31246.756857395172, "delta": 18.120872735977173}, "costs": {"total_cost": 184.25959021364645, "time_cost": 69.784, "final_distance_cost": 1.8504320991076624, "oscillation_cost": 38.29966315371964, "completition_cost": 0.0, "overshoot_cost": 50.03422187396211, "power_cost": 12.547920617675782, "noise_cost": 11.743352469181238, "n_waypoints_completed": 9, "tot_waypoints": 9}}
{"target": -189.4885267044563, "params": {"k_pid_pos": [1.4698128353043505, 0.024859491386256316, 0.969378560536396], "k_pid_alt": [1.2679502233621702, 0.0, 0.1], "k_pid_att": [43.948176657889235, 1.3530193656632616, 0.9274604585040267], "k_pid_yaw": [0.5, 1e-06, 0.1], "k_pid_hsp": [2.82373402557605, 0.1855468782182117, 0.01], "k_pid_vsp": [111.20884264032553, 187.02738271361417, 1.0]}, "datetime": {"datetime": "2025-08-20 20:33:27", "elapsed": 31262.227105617523, "delta": 15.470248222351074}, "costs": {"total_cost": 189.4885267044563, "time_cost": 71.904, "final_distance_cost": 1.84526876215498, "oscillation_cost": 42.66324629396774, "completition_cost": 0.0, "overshoot_cost": 49.417899048158304, "power_cost": 11.911724121093751, "noise_cost": 11.746388479081505, "n_waypoints_completed": 9, "tot_waypoints": 9}}
{"target": -203.36567203790656, "params": {"k_pid_pos": [1.4698128353043505, 0.024859491386256316, 0.3434561031905483], "k_pid_alt": [1.2679502233621702, 0.27282343391549047, 0.1], "k_pid_att": [43.948176657889235, 1.326856224425946, 0.9274604585040267], "k_pid_yaw": [0.5, 1e-06, 0.1], "k_pid_hsp": [2.82373402557605, 0.01, 0.01], "k_pid_vsp": [111.20884264032553, 250.21609499067577, 1.0]}, "datetime": {"datetime": "2025-08-20 20:33:45", "elapsed": 31280.202545404434, "delta": 17.97543978691101}, "costs": {"total_cost": 203.36567203790656, "time_cost": 78.36, "final_distance_cost": 1.749073159518813, "oscillation_cost": 47.52116278610896, "completition_cost": 0.0, "overshoot_cost": 50.77021581014509, "power_cost": 13.109267724609376, "noise_cost": 11.85595255752434, "n_waypoints_completed": 9, "tot_waypoints": 9}}
{"target": -183.44954387956483, "params": {"k_pid_pos": [1.4698128353043505, 0.024859491386256316, 0.15504459629470158], "k_pid_alt": [1.2679502233621702, 0.0, 0.5775663314924924], "k_pid_att": [43.948176657889235, 1.326856224425946, 0.9274604585040267], "k_pid_yaw": [0.5, 1e-06, 0.1], "k_pid_hsp": [2.82373402557605, 0.01, 0.01], "k_pid_vsp": [111.20884264032553, 48.528358121920796, 1.0]}, "datetime": {"datetime": "2025-08-20 20:34:01", "elapsed": 31296.22414803505, "delta": 16.021602630615234}, "costs": {"total_cost": 183.44954387956483, "time_cost": 70.376, "final_distance_cost": 1.8182480637603233, "oscillation_cost": 37.79671095897333, "completition_cost": 0.0, "overshoot_cost": 50.67250002470186, "power_cost": 11.691791027832032, "noise_cost": 11.094293804297292, "n_waypoints_completed": 9, "tot_waypoints": 9}}
{"target": -1313.5213389791495, "params": {"k_pid_pos": [1.4698128353043505, 0.024859491386256316, 0.3434561031905483], "k_pid_alt": [1.2679502233621702, 0.28508550330050175, 0.1], "k_pid_att": [43.948176657889235, 1.326856224425946, 0.9274604585040267], "k_pid_yaw": [0.5, 1e-06, 0.1], "k_pid_hsp": [2.82373402557605, 0.01, 0.7083694771711668], "k_pid_vsp": [111.20884264032553, 269.5271781685674, 312.89214078752025]}, "datetime": {"datetime": "2025-08-20 20:34:25", "elapsed": 31320.242661476135, "delta": 24.018513441085815}, "costs": {"total_cost": 1313.5213389791495, "time_cost": 150, "final_distance_cost": 56.433566363706085, "oscillation_cost": 336.62560973304784, "completition_cost": 666.6666666666667, "overshoot_cost": 62.22453288586185, "power_cost": 22.79817325439453, "noise_cost": 18.77279007547266, "n_waypoints_completed": 3, "tot_waypoints": 9}}
{"target": -186.6639381292582, "params": {"k_pid_pos": [1.4698128353043505, 0.024859491386256316, 0.3434561031905483], "k_pid_alt": [1.2679502233621702, 0.0, 0.39033212468778067], "k_pid_att": [79.43924172572177, 3.014715642298994, 0.9274604585040267], "k_pid_yaw": [0.5, 1e-06, 0.1], "k_pid_hsp": [2.82373402557605, 0.6076176839441306, 0.01], "k_pid_vsp": [111.20884264032553, 102.7157397860675, 1.0]}, "datetime": {"datetime": "2025-08-20 20:34:43", "elapsed": 31337.602343082428, "delta": 17.359681606292725}, "costs": {"total_cost": 186.6639381292582, "time_cost": 69.72, "final_distance_cost": 1.8290742918857943, "oscillation_cost": 43.25599190769733, "completition_cost": 0.0, "overshoot_cost": 49.50881679483525, "power_cost": 11.358349145507812, "noise_cost": 10.991705989332043, "n_waypoints_completed": 9, "tot_waypoints": 9}}
{"target": -186.5019616414196, "params": {"k_pid_pos": [1.4698128353043505, 0.024859491386256316, 0.3434561031905483], "k_pid_alt": [0.8511837275376319, 0.0, 0.1], "k_pid_att": [43.948176657889235, 8.451705289372699, 0.9274604585040267], "k_pid_yaw": [0.5, 1e-06, 0.1], "k_pid_hsp": [4.3372224232348895, 0.01, 0.01], "k_pid_vsp": [111.20884264032553, 102.7157397860675, 1.0]}, "datetime": {"datetime": "2025-08-20 20:34:58", "elapsed": 31353.141355752945, "delta": 15.539012670516968}, "costs": {"total_cost": 186.5019616414196, "time_cost": 70.72, "final_distance_cost": 1.827517417290177, "oscillation_cost": 41.40346632142919, "completition_cost": 0.0, "overshoot_cost": 50.039413258543384, "power_cost": 11.43823826904297, "noise_cost": 11.073326375113867, "n_waypoints_completed": 9, "tot_waypoints": 9}}
{"target": -177.6739252695265, "params": {"k_pid_pos": [1.4698128353043505, 0.024859491386256316, 0.3434561031905483], "k_pid_alt": [1.2679502233621702, 0.0, 0.1], "k_pid_att": [43.948176657889235, 1.326856224425946, 0.9274604585040267], "k_pid_yaw": [0.5, 1e-06, 0.1], "k_pid_hsp": [2.82373402557605, 0.01, 0.01], "k_pid_vsp": [111.20884264032553, 102.7157397860675, 1.0]}, "datetime": {"datetime": "2025-08-20 20:35:15", "elapsed": 31370.013536453247, "delta": 16.872180700302124}, "costs": {"total_cost": 177.6739252695265, "time_cost": 69.152, "final_distance_cost": 1.8262656886158488, "oscillation_cost": 34.33594552183275, "completition_cost": 0.0, "overshoot_cost": 50.065815663241324, "power_cost": 11.237653356933594, "noise_cost": 11.056245038902981, "n_waypoints_completed": 9, "tot_waypoints": 9}}
{"target": -177.6739252695265, "params": {"k_pid_pos": [1.4698128353043505, 0.024859491386256316, 0.3434561031905483], "k_pid_alt": [1.2679502233621702, 0.0, 0.1], "k_pid_att": [43.948176657889235, 1.326856224425946, 0.9274604585040267], "k_pid_yaw": [0.5, 1e-06, 0.1], "k_pid_hsp": [2.82373402557605, 0.01, 0.01], "k_pid_vsp": [111.20884264032553, 102.7157397860675, 1.0]}, "datetime": {"datetime": "2025-08-20 20:35:30", "elapsed": 31384.899515628815, "delta": 14.885979175567627}, "costs": {"total_cost": 177.6739252695265, "time_cost": 69.152, "final_distance_cost": 1.8262656886158488, "oscillation_cost": 34.33594552183275, "completition_cost": 0.0, "overshoot_cost": 50.065815663241324, "power_cost": 11.237653356933594, "noise_cost": 11.056245038902981, "n_waypoints_completed": 9, "tot_waypoints": 9}}
{"target": -177.6739252695265, "params": {"k_pid_pos": [1.4698128353043505, 0.024859491386256316, 0.3434561031905483], "k_pid_alt": [1.2679502233621702, 0.0, 0.1], "k_pid_att": [43.948176657889235, 1.326856224425946, 0.9274604585040267], "k_pid_yaw": [0.5, 1e-06, 0.1], "k_pid_hsp": [2.82373402557605, 0.01, 0.01], "k_pid_vsp": [111.20884264032553, 102.7157397860675, 1.0]}, "datetime": {"datetime": "2025-08-20 20:35:46", "elapsed": 31400.741415023804, "delta": 15.841899394989014}, "costs": {"total_cost": 177.6739252695265, "time_cost": 69.152, "final_distance_cost": 1.8262656886158488, "oscillation_cost": 34.33594552183275, "completition_cost": 0.0, "overshoot_cost": 50.065815663241324, "power_cost": 11.237653356933594, "noise_cost": 11.056245038902981, "n_waypoints_completed": 9, "tot_waypoints": 9}}
{"target": -1074.6038213381466, "params": {"k_pid_pos": [1.7411990865856197, 0.3331223098073285, 0.3434561031905483], "k_pid_alt": [0.8968227290295414, 0.0, 0.9407694456674522], "k_pid_att": [43.948176657889235, 1.326856224425946, 0.9274604585040267], "k_pid_yaw": [0.5, 1e-06, 0.1], "k_pid_hsp": [2.82373402557605, 0.01, 0.01], "k_pid_vsp": [111.20884264032553, 102.7157397860675, 252.9414997468869]}, "datetime": {"datetime": "2025-08-20 20:36:08", "elapsed": 31422.594754219055, "delta": 21.853339195251465}, "costs": {"total_cost": 1074.6038213381466, "time_cost": 150, "final_distance_cost": 64.65868691610368, "oscillation_cost": 43.44540775547604, "completition_cost": 666.6666666666667, "overshoot_cost": 101.1194506590142, "power_cost": 26.314746008300784, "noise_cost": 22.39886333258502, "n_waypoints_completed": 3, "tot_waypoints": 9}}
{"target": -181.9614395774697, "params": {"k_pid_pos": [1.4698128353043505, 0.024859491386256316, 0.3434561031905483], "k_pid_alt": [1.1928857943257507, 0.0, 0.1], "k_pid_att": [25.01105356203528, 1.326856224425946, 0.9274604585040267], "k_pid_yaw": [0.5, 1e-06, 0.1], "k_pid_hsp": [2.82373402557605, 0.01, 0.01], "k_pid_vsp": [111.20884264032553, 102.7157397860675, 1.0]}, "datetime": {"datetime": "2025-08-20 20:36:23", "elapsed": 31438.270065307617, "delta": 15.675311088562012}, "costs": {"total_cost": 181.9614395774697, "time_cost": 69.24, "final_distance_cost": 1.8329247084917266, "oscillation_cost": 38.05178259689678, "completition_cost": 0.0, "overshoot_cost": 50.325477991877435, "power_cost": 11.467284936523438, "noise_cost": 11.043969343680317, "n_waypoints_completed": 9, "tot_waypoints": 9}}
{"target": -184.83189966796203, "params": {"k_pid_pos": [1.4698128353043505, 0.08329610310830193, 0.3434561031905483], "k_pid_alt": [1.2679502233621702, 0.0, 0.876085735038417], "k_pid_att": [43.948176657889235, 3.4126860594551975, 0.9274604585040267], "k_pid_yaw": [0.5, 1e-06, 0.1], "k_pid_hsp": [2.82373402557605, 0.01, 0.01], "k_pid_vsp": [111.20884264032553, 102.7157397860675, 1.0]}, "datetime": {"datetime": "2025-08-20 20:36:40", "elapsed": 31454.732259511948, "delta": 16.462194204330444}, "costs": {"total_cost": 184.83189966796203, "time_cost": 72.024, "final_distance_cost": 1.8260478681377594, "oscillation_cost": 38.3449167219513, "completition_cost": 0.0, "overshoot_cost": 49.91708000899339, "power_cost": 11.538930700683593, "noise_cost": 11.180924368195967, "n_waypoints_completed": 9, "tot_waypoints": 9}}
{"target": -211.24674948780722, "params": {"k_pid_pos": [1.4698128353043505, 0.660441144008915, 0.22034579123490305], "k_pid_alt": [1.2679502233621702, 0.0, 0.1], "k_pid_att": [35.74062544128562, 3.4126860594551975, 0.9274604585040267], "k_pid_yaw": [0.5, 1e-06, 0.1], "k_pid_hsp": [2.82373402557605, 0.01, 0.01], "k_pid_vsp": [111.20884264032553, 102.7157397860675, 1.0]}, "datetime": {"datetime": "2025-08-20 20:36:58", "elapsed": 31472.837507247925, "delta": 18.105247735977173}, "costs": {"total_cost": 211.24674948780722, "time_cost": 83.96000000000001, "final_distance_cost": 1.7781395076597315, "oscillation_cost": 44.843534621394795, "completition_cost": 0.0, "overshoot_cost": 52.959849304851645, "power_cost": 14.576846301269532, "noise_cost": 13.128379752631503, "n_waypoints_completed": 9, "tot_waypoints": 9}}
{"target": -222.10088017249512, "params": {"k_pid_pos": [1.4698128353043505, 0.024859491386256316, 0.3434561031905483], "k_pid_alt": [1.2679502233621702, 0.9122972269856637, 0.1], "k_pid_att": [66.425021291794, 1.326856224425946, 0.9274604585040267], "k_pid_yaw": [0.5, 1e-06, 0.1], "k_pid_hsp": [2.82373402557605, 0.01, 0.01], "k_pid_vsp": [111.20884264032553, 102.7157397860675, 1.0]}, "datetime": {"datetime": "2025-08-20 20:37:17", "elapsed": 31492.461104869843, "delta": 19.623597621917725}, "costs": {"total_cost": 222.10088017249512, "time_cost": 84.768, "final_distance_cost": 1.7440841562150253, "oscillation_cost": 53.9384832726426, "completition_cost": 0.0, "overshoot_cost": 54.57138287909369, "power_cost": 14.364591467285157, "noise_cost": 12.714338397258636, "n_waypoints_completed": 9, "tot_waypoints": 9}}
