{"target": -177.60937995499717, "params": {"k_pid_pos": [1.4698128353043505, 0.0822904257601288, 0.3434561031905483], "k_pid_alt": [1.2679502233621702, 0.0, 0.1], "k_pid_att": [43.948176657889235, 1.326856224425946, 0.9808211468183533], "k_pid_yaw": [0.5, 1e-06, 0.1], "k_pid_hsp": [2.82373402557605, 0.01, 0.01], "k_pid_vsp": [111.20884264032553, 102.7157397860675, 1.0]}, "datetime": {"datetime": "2025-08-20 22:39:03", "elapsed": 38797.87959742546, "delta": 17.448079824447632}, "costs": {"total_cost": 177.60937995499717, "time_cost": 69.168, "final_distance_cost": 1.8236531971998164, "oscillation_cost": 34.65964045638309, "completition_cost": 0.0, "overshoot_cost": 49.90985172465229, "power_cost": 11.13902373046875, "noise_cost": 10.909210846293195, "n_waypoints_completed": 9, "tot_waypoints": 9}}
{"target": -184.0957615587827, "params": {"k_pid_pos": [1.4698128353043505, 0.0822904257601288, 0.3434561031905483], "k_pid_alt": [0.8737548644081292, 0.0, 0.1], "k_pid_att": [43.948176657889235, 1.326856224425946, 0.9808211468183533], "k_pid_yaw": [0.5, 1e-06, 0.1], "k_pid_hsp": [2.82373402557605, 0.01, 0.01], "k_pid_vsp": [111.20884264032553, 102.7157397860675, 1.0]}, "datetime": {"datetime": "2025-08-20 22:39:21", "elapsed": 38815.50452852249, "delta": 17.62493109703064}, "costs": {"total_cost": 184.0957615587827, "time_cost": 70.808, "final_distance_cost": 1.828241396022273, "oscillation_cost": 38.326799793067565, "completition_cost": 0.0, "overshoot_cost": 50.32697506300013, "power_cost": 11.610682849121094, "noise_cost": 11.195062457571636, "n_waypoints_completed": 9, "tot_waypoints": 9}}
{"target": -179.92694955797816, "params": {"k_pid_pos": [1.4698128353043505, 0.0822904257601288, 0.19730102139317784], "k_pid_alt": [1.2679502233621702, 0.0, 0.1], "k_pid_att": [43.948176657889235, 1.2169696906303682, 0.9808211468183533], "k_pid_yaw": [0.5, 1e-06, 0.1], "k_pid_hsp": [2.82373402557605, 0.01, 0.01], "k_pid_vsp": [103.0527854068954, 102.7157397860675, 1.0]}, "datetime": {"datetime": "2025-08-20 22:39:39", "elapsed": 38833.55486726761, "delta": 18.050338745117188}, "costs": {"total_cost": 179.92694955797816, "time_cost": 68.896, "final_distance_cost": 1.8044226026238754, "oscillation_cost": 36.269639810403866, "completition_cost": 0.0, "overshoot_cost": 50.71140768051284, "power_cost": 11.3071705078125, "noise_cost": 10.938308956625075, "n_waypoints_completed": 9, "tot_waypoints": 9}}
{"target": -348.172079283378, "params": {"k_pid_pos": [1.4698128353043505, 0.0822904257601288, 0.2965273827285604], "k_pid_alt": [1.2679502233621702, 0.0, 0.1], "k_pid_att": [43.948176657889235, 1.326856224425946, 0.9808211468183533], "k_pid_yaw": [0.5, 1e-06, 0.1], "k_pid_hsp": [1.380453583829348, 0.032377942493985734, 0.9878960836656094], "k_pid_vsp": [111.20884264032553, 102.7157397860675, 1.0]}, "datetime": {"datetime": "2025-08-20 22:39:57", "elapsed": 38852.26571846008, "delta": 18.710851192474365}, "costs": {"total_cost": 348.172079283378, "time_cost": 85.824, "final_distance_cost": 1.7256920460597418, "oscillation_cost": 164.61703000557014, "completition_cost": 0.0, "overshoot_cost": 64.17133798162186, "power_cost": 16.987379003906252, "noise_cost": 14.846640246220042, "n_waypoints_completed": 9, "tot_waypoints": 9}}
{"target": -281.2789504034718, "params": {"k_pid_pos": [0.36350179529433674, 0.43727115131929417, 0.5271164669865139], "k_pid_alt": [1.7035415647774235, 0.0, 0.6182064035467875], "k_pid_att": [43.948176657889235, 1.326856224425946, 0.9808211468183533], "k_pid_yaw": [0.5, 1e-06, 0.1], "k_pid_hsp": [2.957956300852597, 0.01, 0.01], "k_pid_vsp": [1.3827598142708286, 127.91747472228406, 1.0]}, "datetime": {"datetime": "2025-08-20 22:40:20", "elapsed": 38874.93177270889, "delta": 22.666054248809814}, "costs": {"total_cost": 281.2789504034718, "time_cost": 96.92, "final_distance_cost": 1.804535498552961, "oscillation_cost": 96.04322123631418, "completition_cost": 0.0, "overshoot_cost": 53.938867454009944, "power_cost": 18.587162426757814, "noise_cost": 13.985163787836942, "n_waypoints_completed": 9, "tot_waypoints": 9}}
{"target": -177.60937995499717, "params": {"k_pid_pos": [1.4698128353043505, 0.0822904257601288, 0.3434561031905483], "k_pid_alt": [1.2679502233621702, 0.0, 0.1], "k_pid_att": [43.948176657889235, 1.326856224425946, 0.9808211468183533], "k_pid_yaw": [0.5, 1e-06, 0.1], "k_pid_hsp": [2.82373402557605, 0.01, 0.01], "k_pid_vsp": [111.20884264032553, 102.7157397860675, 1.0]}, "datetime": {"datetime": "2025-08-20 22:40:36", "elapsed": 38890.84999203682, "delta": 15.918219327926636}, "costs": {"total_cost": 177.60937995499717, "time_cost": 69.168, "final_distance_cost": 1.8236531971998164, "oscillation_cost": 34.65964045638309, "completition_cost": 0.0, "overshoot_cost": 49.90985172465229, "power_cost": 11.13902373046875, "noise_cost": 10.909210846293195, "n_waypoints_completed": 9, "tot_waypoints": 9}}
{"target": -186.5357307532121, "params": {"k_pid_pos": [1.4698128353043505, 0.0822904257601288, 0.3434561031905483], "k_pid_alt": [0.9020104990244227, 0.0, 0.1], "k_pid_att": [97.15749504346589, 5.894529415990727, 0.9808211468183533], "k_pid_yaw": [0.5, 1e-06, 0.1], "k_pid_hsp": [2.82373402557605, 0.01, 0.01], "k_pid_vsp": [111.20884264032553, 102.7157397860675, 1.0]}, "datetime": {"datetime": "2025-08-20 22:40:53", "elapsed": 38907.673589229584, "delta": 16.823597192764282}, "costs": {"total_cost": 186.5357307532121, "time_cost": 70.824, "final_distance_cost": 1.812633831106966, "oscillation_cost": 40.12652085142677, "completition_cost": 0.0, "overshoot_cost": 50.54097076866801, "power_cost": 11.896574291992188, "noise_cost": 11.335031010018193, "n_waypoints_completed": 9, "tot_waypoints": 9}}
{"target": -184.63963346008802, "params": {"k_pid_pos": [1.4698128353043505, 0.15981585111244379, 0.3434561031905483], "k_pid_alt": [1.2679502233621702, 0.0, 0.1], "k_pid_att": [43.948176657889235, 1.326856224425946, 0.9808211468183533], "k_pid_yaw": [0.5, 1e-06, 0.1], "k_pid_hsp": [2.82373402557605, 0.7156656356539504, 0.01], "k_pid_vsp": [111.20884264032553, 102.7157397860675, 1.0]}, "datetime": {"datetime": "2025-08-20 22:41:08", "elapsed": 38923.23814058304, "delta": 15.56455135345459}, "costs": {"total_cost": 184.63963346008802, "time_cost": 68.936, "final_distance_cost": 1.8226964635881502, "oscillation_cost": 41.59877561633488, "completition_cost": 0.0, "overshoot_cost": 49.798258723110024, "power_cost": 11.515573168945313, "noise_cost": 10.96832948810964, "n_waypoints_completed": 9, "tot_waypoints": 9}}
{"target": -194.19640025188224, "params": {"k_pid_pos": [1.4698128353043505, 0.0822904257601288, 0.3434561031905483], "k_pid_alt": [0.7663335954160646, 0.0, 0.1], "k_pid_att": [43.948176657889235, 1.326856224425946, 0.9808211468183533], "k_pid_yaw": [0.5, 1e-06, 0.1], "k_pid_hsp": [7.837403453361883, 0.01, 0.01], "k_pid_vsp": [111.20884264032553, 102.7157397860675, 1.0]}, "datetime": {"datetime": "2025-08-20 22:41:25", "elapsed": 38940.01828122139, "delta": 16.78014063835144}, "costs": {"total_cost": 194.19640025188224, "time_cost": 71.744, "final_distance_cost": 1.827188435459089, "oscillation_cost": 47.537226337717975, "completition_cost": 0.0, "overshoot_cost": 49.731442767517365, "power_cost": 12.087980224609376, "noise_cost": 11.268562486578434, "n_waypoints_completed": 9, "tot_waypoints": 9}}
{"target": -215.59183596548326, "params": {"k_pid_pos": [1.4698128353043505, 0.0822904257601288, 0.3434561031905483], "k_pid_alt": [1.152369602102883, 0.0, 0.09647725790914718], "k_pid_att": [43.948176657889235, 1.326856224425946, 0.022918440282009178], "k_pid_yaw": [0.5, 1e-06, 0.1], "k_pid_hsp": [0.016744376538463668, 0.01, 0.01], "k_pid_vsp": [111.20884264032553, 102.7157397860675, 1.0]}, "datetime": {"datetime": "2025-08-20 22:41:46", "elapsed": 38960.61965894699, "delta": 20.601377725601196}, "costs": {"total_cost": 215.59183596548326, "time_cost": 86.432, "final_distance_cost": 1.769445527410243, "oscillation_cost": 44.46467867590608, "completition_cost": 0.0, "overshoot_cost": 55.60504948740711, "power_cost": 13.614706713867188, "noise_cost": 13.705955560892662, "n_waypoints_completed": 9, "tot_waypoints": 9}}
{"target": -183.25085476920518, "params": {"k_pid_pos": [1.4698128353043505, 0.0822904257601288, 0.3434561031905483], "k_pid_alt": [1.2679502233621702, 0.0, 0.3157032531275451], "k_pid_att": [9.14477148846079, 1.326856224425946, 0.9808211468183533], "k_pid_yaw": [0.5, 1e-06, 0.1], "k_pid_hsp": [2.82373402557605, 0.01, 0.01], "k_pid_vsp": [111.20884264032553, 102.7157397860675, 1.0]}, "datetime": {"datetime": "2025-08-20 22:42:02", "elapsed": 38976.87528800964, "delta": 16.255629062652588}, "costs": {"total_cost": 183.25085476920518, "time_cost": 69.552, "final_distance_cost": 1.8210055374646374, "oscillation_cost": 38.68904941017615, "completition_cost": 0.0, "overshoot_cost": 49.73341703730553, "power_cost": 12.268693041992188, "noise_cost": 11.186689742266642, "n_waypoints_completed": 9, "tot_waypoints": 9}}
{"target": -180.2639682100556, "params": {"k_pid_pos": [1.4698128353043505, 0.0822904257601288, 0.3434561031905483], "k_pid_alt": [1.152369602102883, 0.0, 0.1], "k_pid_att": [43.948176657889235, 1.326856224425946, 0.9808211468183533], "k_pid_yaw": [0.5, 1e-06, 0.1], "k_pid_hsp": [2.82373402557605, 0.01, 0.01], "k_pid_vsp": [111.20884264032553, 102.7157397860675, 1.0]}, "datetime": {"datetime": "2025-08-20 22:42:17", "elapsed": 38992.31155514717, "delta": 15.436267137527466}, "costs": {"total_cost": 180.2639682100556, "time_cost": 69.44, "final_distance_cost": 1.8114035047230521, "oscillation_cost": 36.95253369180364, "completition_cost": 0.0, "overshoot_cost": 49.80120914963898, "power_cost": 11.243752661132813, "noise_cost": 11.01506920275712, "n_waypoints_completed": 9, "tot_waypoints": 9}}
{"target": -1040.0496215564483, "params": {"k_pid_pos": [1.4698128353043505, 0.0822904257601288, 0.3434561031905483], "k_pid_alt": [1.2679502233621702, 0.0, 0.1], "k_pid_att": [43.948176657889235, 1.326856224425946, 0.9808211468183533], "k_pid_yaw": [0.5, 1e-06, 0.1], "k_pid_hsp": [2.82373402557605, 0.01, 0.01], "k_pid_vsp": [111.20884264032553, 102.7157397860675, 384.8148365334953]}, "datetime": {"datetime": "2025-08-20 22:42:42", "elapsed": 39016.663644075394, "delta": 24.352088928222656}, "costs": {"total_cost": 1040.0496215564483, "time_cost": 150, "final_distance_cost": 70.9056779185135, "oscillation_cost": 41.582057788297654, "completition_cost": 666.6666666666667, "overshoot_cost": 64.65597453853873, "power_cost": 24.22732106933594, "noise_cost": 22.01192357509553, "n_waypoints_completed": 3, "tot_waypoints": 9}}
{"target": -178.63528812248185, "params": {"k_pid_pos": [1.4698128353043505, 0.0822904257601288, 0.3434561031905483], "k_pid_alt": [1.2679502233621702, 0.0, 0.03027788721554503], "k_pid_att": [43.948176657889235, 1.326856224425946, 0.9808211468183533], "k_pid_yaw": [0.5, 1e-06, 0.1], "k_pid_hsp": [2.82373402557605, 0.01, 0.01], "k_pid_vsp": [111.20884264032553, 102.7157397860675, 1.0]}, "datetime": {"datetime": "2025-08-20 22:42:57", "elapsed": 39031.66116690636, "delta": 14.997522830963135}, "costs": {"total_cost": 178.63528812248185, "time_cost": 69.016, "final_distance_cost": 1.828954384968673, "oscillation_cost": 35.142272924472486, "completition_cost": 0.0, "overshoot_cost": 50.39492650454869, "power_cost": 11.265532580566406, "noise_cost": 10.987601727925599, "n_waypoints_completed": 9, "tot_waypoints": 9}}
{"target": -189.89328813693834, "params": {"k_pid_pos": [1.4698128353043505, 0.3341965058071453, 0.3434561031905483], "k_pid_alt": [1.2679502233621702, 0.0, 0.1], "k_pid_att": [43.948176657889235, 1.326856224425946, 0.9808211468183533], "k_pid_yaw": [0.5, 1e-06, 0.1], "k_pid_hsp": [1.380453583829348, 0.032377942493985734, 0.01], "k_pid_vsp": [111.20884264032553, 102.7157397860675, 1.0]}, "datetime": {"datetime": "2025-08-20 22:43:15", "elapsed": 39050.39620423317, "delta": 18.735037326812744}, "costs": {"total_cost": 189.89328813693834, "time_cost": 73.408, "final_distance_cost": 1.7848836118876679, "oscillation_cost": 38.187610231504976, "completition_cost": 0.0, "overshoot_cost": 52.08708236072607, "power_cost": 12.683273608398439, "noise_cost": 11.742438324421187, "n_waypoints_completed": 9, "tot_waypoints": 9}}
{"target": -208.16062188245127, "params": {"k_pid_pos": [1.4698128353043505, 0.0822904257601288, 0.3434561031905483], "k_pid_alt": [0.9020104990244227, 0.0, 0.1], "k_pid_att": [97.15749504346589, 1.326856224425946, 0.016202813979795172], "k_pid_yaw": [0.5, 1e-06, 0.1], "k_pid_hsp": [2.82373402557605, 0.01, 0.01], "k_pid_vsp": [111.20884264032553, 102.7157397860675, 1.0]}, "datetime": {"datetime": "2025-08-20 22:43:31", "elapsed": 39066.33538269997, "delta": 15.939178466796875}, "costs": {"total_cost": 208.16062188245127, "time_cost": 70.888, "final_distance_cost": 1.810730369608987, "oscillation_cost": 60.94755682713582, "completition_cost": 0.0, "overshoot_cost": 50.62357781488607, "power_cost": 12.362099829101563, "noise_cost": 11.528657041718809, "n_waypoints_completed": 9, "tot_waypoints": 9}}
{"target": -189.89743939794386, "params": {"k_pid_pos": [1.4698128353043505, 0.0822904257601288, 0.3434561031905483], "k_pid_alt": [0.9997830193370283, 0.0, 0.74340065784831], "k_pid_att": [93.20553315477635, 1.326856224425946, 0.9808211468183533], "k_pid_yaw": [0.5, 1e-06, 0.1], "k_pid_hsp": [2.82373402557605, 0.639270375506938, 0.01], "k_pid_vsp": [111.20884264032553, 102.7157397860675, 1.0]}, "datetime": {"datetime": "2025-08-20 22:43:48", "elapsed": 39083.29631757736, "delta": 16.96093487739563}, "costs": {"total_cost": 189.89743939794386, "time_cost": 73.432, "final_distance_cost": 1.845089319886184, "oscillation_cost": 40.88798799859776, "completition_cost": 0.0, "overshoot_cost": 50.3465329917453, "power_cost": 12.079643334960938, "noise_cost": 11.306185752753665, "n_waypoints_completed": 9, "tot_waypoints": 9}}
{"target": -184.47829583162928, "params": {"k_pid_pos": [1.4698128353043505, 0.0822904257601288, 0.3434561031905483], "k_pid_alt": [1.2679502233621702, 0.0, 0.1], "k_pid_att": [43.948176657889235, 1.326856224425946, 0.9808211468183533], "k_pid_yaw": [0.5, 1e-06, 0.1], "k_pid_hsp": [2.82373402557605, 0.5904477871505759, 0.01], "k_pid_vsp": [111.20884264032553, 20.252314050740118, 1.0]}, "datetime": {"datetime": "2025-08-20 22:44:05", "elapsed": 39099.91316962242, "delta": 16.616852045059204}, "costs": {"total_cost": 184.47829583162928, "time_cost": 69.52, "final_distance_cost": 1.8144244627619832, "oscillation_cost": 41.071218661771724, "completition_cost": 0.0, "overshoot_cost": 49.749278456835036, "power_cost": 11.30407322998047, "noise_cost": 11.01930102028006, "n_waypoints_completed": 9, "tot_waypoints": 9}}
{"target": -335.6821266469543, "params": {"k_pid_pos": [1.4698128353043505, 0.0822904257601288, 0.3434561031905483], "k_pid_alt": [1.2679502233621702, 0.0, 0.1], "k_pid_att": [43.948176657889235, 1.326856224425946, 0.9808211468183533], "k_pid_yaw": [0.5, 1e-06, 0.1], "k_pid_hsp": [2.82373402557605, 0.01, 0.7179535824639705], "k_pid_vsp": [111.20884264032553, 102.7157397860675, 1.0]}, "datetime": {"datetime": "2025-08-20 22:44:22", "elapsed": 39117.11620140076, "delta": 17.20303177833557}, "costs": {"total_cost": 335.6821266469543, "time_cost": 78.384, "final_distance_cost": 1.7468304981414402, "oscillation_cost": 174.7172199366607, "completition_cost": 0.0, "overshoot_cost": 51.89094888569837, "power_cost": 15.73639920654297, "noise_cost": 13.206728119910876, "n_waypoints_completed": 9, "tot_waypoints": 9}}
{"target": -298.75821560935054, "params": {"k_pid_pos": [1.4698128353043505, 0.0822904257601288, 0.3434561031905483], "k_pid_alt": [1.2679502233621702, 0.0, 0.5087214255619901], "k_pid_att": [9.14477148846079, 1.326856224425946, 0.9808211468183533], "k_pid_yaw": [0.5, 1e-06, 0.1], "k_pid_hsp": [2.82373402557605, 0.01, 0.5105532072546003], "k_pid_vsp": [111.20884264032553, 102.7157397860675, 1.0]}, "datetime": {"datetime": "2025-08-20 22:44:41", "elapsed": 39136.45373058319, "delta": 19.337529182434082}, "costs": {"total_cost": 298.75821560935054, "time_cost": 78.57600000000001, "final_distance_cost": 1.7793490943415367, "oscillation_cost": 139.53728730695963, "completition_cost": 0.0, "overshoot_cost": 52.1620963583613, "power_cost": 14.071426904296876, "noise_cost": 12.632055945391224, "n_waypoints_completed": 9, "tot_waypoints": 9}}
{"target": -187.27674922291192, "params": {"k_pid_pos": [1.4698128353043505, 0.0822904257601288, 0.3434561031905483], "k_pid_alt": [1.2679502233621702, 0.0, 0.1], "k_pid_att": [5.87992299052239, 1.326856224425946, 0.9808211468183533], "k_pid_yaw": [0.5, 1e-06, 0.1], "k_pid_hsp": [2.82373402557605, 0.561165201994346, 0.01], "k_pid_vsp": [111.20884264032553, 102.7157397860675, 1.0]}, "datetime": {"datetime": "2025-08-20 22:44:56", "elapsed": 39151.08454990387, "delta": 14.630819320678711}, "costs": {"total_cost": 187.27674922291192, "time_cost": 68.32000000000001, "final_distance_cost": 1.790793510877668, "oscillation_cost": 44.16282873465177, "completition_cost": 0.0, "overshoot_cost": 49.74624586910733, "power_cost": 12.274352197265626, "noise_cost": 10.982528911009538, "n_waypoints_completed": 9, "tot_waypoints": 9}}
{"target": -177.60937995499717, "params": {"k_pid_pos": [1.4698128353043505, 0.0822904257601288, 0.3434561031905483], "k_pid_alt": [1.2679502233621702, 0.0, 0.1], "k_pid_att": [43.948176657889235, 1.326856224425946, 0.9808211468183533], "k_pid_yaw": [0.5, 1e-06, 0.1], "k_pid_hsp": [2.82373402557605, 0.01, 0.01], "k_pid_vsp": [111.20884264032553, 102.7157397860675, 1.0]}, "datetime": {"datetime": "2025-08-20 22:45:13", "elapsed": 39168.2215487957, "delta": 17.136998891830444}, "costs": {"total_cost": 177.60937995499717, "time_cost": 69.168, "final_distance_cost": 1.8236531971998164, "oscillation_cost": 34.65964045638309, "completition_cost": 0.0, "overshoot_cost": 49.90985172465229, "power_cost": 11.13902373046875, "noise_cost": 10.909210846293195, "n_waypoints_completed": 9, "tot_waypoints": 9}}
{"target": -177.60937995499717, "params": {"k_pid_pos": [1.4698128353043505, 0.0822904257601288, 0.3434561031905483], "k_pid_alt": [1.2679502233621702, 0.0, 0.1], "k_pid_att": [43.948176657889235, 1.326856224425946, 0.9808211468183533], "k_pid_yaw": [0.5, 1e-06, 0.1], "k_pid_hsp": [2.82373402557605, 0.01, 0.01], "k_pid_vsp": [111.20884264032553, 102.7157397860675, 1.0]}, "datetime": {"datetime": "2025-08-20 22:45:28", "elapsed": 39183.219821453094, "delta": 14.99827265739441}, "costs": {"total_cost": 177.60937995499717, "time_cost": 69.168, "final_distance_cost": 1.8236531971998164, "oscillation_cost": 34.65964045638309, "completition_cost": 0.0, "overshoot_cost": 49.90985172465229, "power_cost": 11.13902373046875, "noise_cost": 10.909210846293195, "n_waypoints_completed": 9, "tot_waypoints": 9}}
{"target": -179.87074204427046, "params": {"k_pid_pos": [1.4698128353043505, 0.0822904257601288, 0.3434561031905483], "k_pid_alt": [1.2679502233621702, 0.0, 0.1], "k_pid_att": [63.45214009056577, 1.326856224425946, 0.9808211468183533], "k_pid_yaw": [0.5, 1e-06, 0.1], "k_pid_hsp": [2.82373402557605, 0.01, 0.01], "k_pid_vsp": [111.20884264032553, 102.7157397860675, 1.0]}, "datetime": {"datetime": "2025-08-20 22:45:46", "elapsed": 39200.79563832283, "delta": 17.575816869735718}, "costs": {"total_cost": 179.87074204427046, "time_cost": 69.264, "final_distance_cost": 1.8058740123323305, "oscillation_cost": 36.07555286355998, "completition_cost": 0.0, "overshoot_cost": 50.43401797709606, "power_cost": 11.309976489257814, "noise_cost": 10.98132070202428, "n_waypoints_completed": 9, "tot_waypoints": 9}}
{"target": -180.02726746090667, "params": {"k_pid_pos": [1.4698128353043505, 0.027012342981862614, 0.3434561031905483], "k_pid_alt": [1.2679502233621702, 0.0, 0.1], "k_pid_att": [43.948176657889235, 1.326856224425946, 0.9808211468183533], "k_pid_yaw": [0.5, 1e-06, 0.1], "k_pid_hsp": [3.121458039986117, 0.01, 0.01], "k_pid_vsp": [111.20884264032553, 102.7157397860675, 1.0]}, "datetime": {"datetime": "2025-08-20 22:46:03", "elapsed": 39217.95714688301, "delta": 17.161508560180664}, "costs": {"total_cost": 180.02726746090667, "time_cost": 69.176, "final_distance_cost": 1.8266850689585656, "oscillation_cost": 36.35161339442148, "completition_cost": 0.0, "overshoot_cost": 50.24887551118831, "power_cost": 11.374559680175782, "noise_cost": 11.049533806162511, "n_waypoints_completed": 9, "tot_waypoints": 9}}
{"target": -178.14085410750738, "params": {"k_pid_pos": [1.4698128353043505, 0.0822904257601288, 0.3434561031905483], "k_pid_alt": [1.2679502233621702, 0.0, 0.1], "k_pid_att": [43.948176657889235, 2.0014291760421457, 0.9808211468183533], "k_pid_yaw": [0.5, 1e-06, 0.1], "k_pid_hsp": [2.82373402557605, 0.01, 0.01], "k_pid_vsp": [111.20884264032553, 102.7157397860675, 1.0]}, "datetime": {"datetime": "2025-08-20 22:46:20", "elapsed": 39235.01576375961, "delta": 17.058616876602173}, "costs": {"total_cost": 178.14085410750738, "time_cost": 69.168, "final_distance_cost": 1.8263533309477877, "oscillation_cost": 34.976421994439136, "completition_cost": 0.0, "overshoot_cost": 49.95429552979698, "power_cost": 11.218278979492188, "noise_cost": 10.997504272831302, "n_waypoints_completed": 9, "tot_waypoints": 9}}
