{"target": -182.4338650803555, "params": {"k_pid_pos": [1.4531304595830021, 0.024859491386256316, 0.11401919133455096], "k_pid_alt": [1.102349020346133, 0.0, 0.1], "k_pid_att": [43.948176657889235, 3.7802132718527557, 0.9274604585040267], "k_pid_yaw": [0.5, 1e-06, 0.1], "k_pid_hsp": [1.0, 0.01, 0.01], "k_pid_vsp": [241.01872517964944, 102.7157397860675, 1.0]}, "datetime": {"datetime": "2025-08-20 17:18:21", "elapsed": 19556.230026721954, "delta": 15.299144744873047}, "costs": {"total_cost": 182.4338650803555, "time_cost": 69.056, "final_distance_cost": 1.8152885749544139, "oscillation_cost": 37.99680207280525, "completition_cost": 0.0, "overshoot_cost": 50.21217153556867, "power_cost": 12.234669030761719, "noise_cost": 11.118933866265454, "n_waypoints_completed": 9, "tot_waypoints": 9}}
{"target": -1002.539646095166, "params": {"k_pid_pos": [1.4698128353043505, 0.024859491386256316, 0.8017766682930172], "k_pid_alt": [1.2679502233621702, 0.0, 0.7547909499110205], "k_pid_att": [43.948176657889235, 3.7802132718527557, 0.2049938029151538], "k_pid_yaw": [0.5, 1e-06, 0.1], "k_pid_hsp": [1.0, 0.01, 0.9026349469911306], "k_pid_vsp": [111.20884264032553, 102.7157397860675, 1.0]}, "datetime": {"datetime": "2025-08-20 17:18:43", "elapsed": 19578.303852796555, "delta": 22.07382607460022}, "costs": {"total_cost": 1002.539646095166, "time_cost": 150, "final_distance_cost": 87.85585455572583, "oscillation_cost": 334.3166316319781, "completition_cost": 333.33333333333337, "overshoot_cost": 61.0943592397238, "power_cost": 19.866158703613284, "noise_cost": 16.07330863079152, "n_waypoints_completed": 6, "tot_waypoints": 9}}
{"target": -203.60569535688592, "params": {"k_pid_pos": [1.4698128353043505, 0.27758761670996657, 0.11401919133455096], "k_pid_alt": [1.2679502233621702, 0.0, 0.3533802069130071], "k_pid_att": [43.948176657889235, 3.7802132718527557, 0.9274604585040267], "k_pid_yaw": [0.5, 1e-06, 0.1], "k_pid_hsp": [1.0, 0.01, 0.01], "k_pid_vsp": [111.20884264032553, 102.7157397860675, 1.0]}, "datetime": {"datetime": "2025-08-20 17:19:01", "elapsed": 19595.95267391205, "delta": 17.648821115493774}, "costs": {"total_cost": 203.60569535688592, "time_cost": 79.0, "final_distance_cost": 1.7929769656600911, "oscillation_cost": 45.235455330845696, "completition_cost": 0.0, "overshoot_cost": 50.905743486286454, "power_cost": 14.029224829101564, "noise_cost": 12.642294744992121, "n_waypoints_completed": 9, "tot_waypoints": 9}}
{"target": -202.46723313303337, "params": {"k_pid_pos": [1.4698128353043505, 0.18184078163545014, 0.11401919133455096], "k_pid_alt": [1.2679502233621702, 0.0, 0.1], "k_pid_att": [43.948176657889235, 3.7802132718527557, 0.9274604585040267], "k_pid_yaw": [0.5, 1e-06, 0.1], "k_pid_hsp": [1.0, 0.01, 0.01], "k_pid_vsp": [316.2191682070645, 102.7157397860675, 1.0]}, "datetime": {"datetime": "2025-08-20 17:19:18", "elapsed": 19613.082802057266, "delta": 17.130128145217896}, "costs": {"total_cost": 202.46723313303337, "time_cost": 77.056, "final_distance_cost": 1.779836089737585, "oscillation_cost": 45.821901120476326, "completition_cost": 0.0, "overshoot_cost": 50.8919786739324, "power_cost": 14.230380883789064, "noise_cost": 12.687136365098022, "n_waypoints_completed": 9, "tot_waypoints": 9}}
{"target": -191.6456023905842, "params": {"k_pid_pos": [0.6815964110373376, 0.024859491386256316, 0.11401919133455096], "k_pid_alt": [1.2679502233621702, 0.0, 0.1], "k_pid_att": [43.948176657889235, 3.7802132718527557, 0.9274604585040267], "k_pid_yaw": [0.5, 1e-06, 0.1], "k_pid_hsp": [1.0, 0.01, 0.01], "k_pid_vsp": [387.2664617915111, 102.7157397860675, 1.0]}, "datetime": {"datetime": "2025-08-20 17:19:35", "elapsed": 19630.24845123291, "delta": 17.16564917564392}, "costs": {"total_cost": 191.6456023905842, "time_cost": 76.536, "final_distance_cost": 1.847146301600357, "oscillation_cost": 36.387566724639456, "completition_cost": 0.0, "overshoot_cost": 50.86356123019822, "power_cost": 13.296687451171875, "noise_cost": 12.714640682974306, "n_waypoints_completed": 9, "tot_waypoints": 9}}
{"target": -180.40810129406827, "params": {"k_pid_pos": [1.4698128353043505, 0.024859491386256316, 0.11401919133455096], "k_pid_alt": [1.2679502233621702, 0.0, 0.1], "k_pid_att": [43.948176657889235, 3.7802132718527557, 0.9274604585040267], "k_pid_yaw": [0.5, 1e-06, 0.1], "k_pid_hsp": [2.395389635608916, 0.01, 0.01], "k_pid_vsp": [111.20884264032553, 102.7157397860675, 1.0]}, "datetime": {"datetime": "2025-08-20 17:19:50", "elapsed": 19645.13748526573, "delta": 14.889034032821655}, "costs": {"total_cost": 180.40810129406827, "time_cost": 68.656, "final_distance_cost": 1.7855036050235287, "oscillation_cost": 37.645407527558994, "completition_cost": 0.0, "overshoot_cost": 49.9598019448747, "power_cost": 11.380489074707032, "noise_cost": 10.980899141904002, "n_waypoints_completed": 9, "tot_waypoints": 9}}
{"target": -180.4586778981898, "params": {"k_pid_pos": [1.4698128353043505, 0.024859491386256316, 0.11401919133455096], "k_pid_alt": [1.2679502233621702, 0.0, 0.1], "k_pid_att": [43.948176657889235, 3.7802132718527557, 0.9274604585040267], "k_pid_yaw": [0.5, 1e-06, 0.1], "k_pid_hsp": [1.0, 0.01, 0.01], "k_pid_vsp": [111.20884264032553, 102.7157397860675, 1.0]}, "datetime": {"datetime": "2025-08-20 17:20:06", "elapsed": 19661.459631204605, "delta": 16.32214593887329}, "costs": {"total_cost": 180.4586778981898, "time_cost": 68.456, "final_distance_cost": 1.8018656610788988, "oscillation_cost": 36.88102645014415, "completition_cost": 0.0, "overshoot_cost": 49.96291084832555, "power_cost": 12.191933203125, "noise_cost": 11.164941735516203, "n_waypoints_completed": 9, "tot_waypoints": 9}}
{"target": -180.4586778981898, "params": {"k_pid_pos": [1.4698128353043505, 0.024859491386256316, 0.11401919133455096], "k_pid_alt": [1.2679502233621702, 0.0, 0.1], "k_pid_att": [43.948176657889235, 3.7802132718527557, 0.9274604585040267], "k_pid_yaw": [0.5, 1e-06, 0.1], "k_pid_hsp": [1.0, 0.01, 0.01], "k_pid_vsp": [111.20884264032553, 102.7157397860675, 1.0]}, "datetime": {"datetime": "2025-08-20 17:20:21", "elapsed": 19676.076441287994, "delta": 14.616810083389282}, "costs": {"total_cost": 180.4586778981898, "time_cost": 68.456, "final_distance_cost": 1.8018656610788988, "oscillation_cost": 36.88102645014415, "completition_cost": 0.0, "overshoot_cost": 49.96291084832555, "power_cost": 12.191933203125, "noise_cost": 11.164941735516203, "n_waypoints_completed": 9, "tot_waypoints": 9}}
{"target": -180.7374987049438, "params": {"k_pid_pos": [1.4698128353043505, 0.024859491386256316, 0.0386815934960667], "k_pid_alt": [1.2679502233621702, 0.0, 0.1], "k_pid_att": [43.948176657889235, 3.7802132718527557, 0.9274604585040267], "k_pid_yaw": [0.5, 1e-06, 0.1], "k_pid_hsp": [2.395389635608916, 0.01, 0.01], "k_pid_vsp": [111.20884264032553, 102.7157397860675, 1.0]}, "datetime": {"datetime": "2025-08-20 17:20:37", "elapsed": 19692.08448958397, "delta": 16.00804829597473}, "costs": {"total_cost": 180.7374987049438, "time_cost": 68.552, "final_distance_cost": 1.7834548361980693, "oscillation_cost": 38.368011748292965, "completition_cost": 0.0, "overshoot_cost": 50.01738299008557, "power_cost": 11.250304943847658, "noise_cost": 10.766344186519527, "n_waypoints_completed": 9, "tot_waypoints": 9}}
{"target": -210.47205950220166, "params": {"k_pid_pos": [1.4531304595830021, 0.024859491386256316, 0.11401919133455096], "k_pid_alt": [1.2679502233621702, 0.0, 0.1], "k_pid_att": [42.28034808905181, 0.6602261003011337, 0.9274604585040267], "k_pid_yaw": [0.5, 1e-06, 0.1], "k_pid_hsp": [6.590021097612566, 0.700413119967275, 0.01], "k_pid_vsp": [284.5460512203246, 93.09285943774285, 142.1154440228655]}, "datetime": {"datetime": "2025-08-20 17:20:52", "elapsed": 19707.352276086807, "delta": 15.267786502838135}, "costs": {"total_cost": 210.47205950220166, "time_cost": 71.56, "final_distance_cost": 1.819720081396129, "oscillation_cost": 56.97700714117818, "completition_cost": 0.0, "overshoot_cost": 53.24963400723605, "power_cost": 14.987466650390626, "noise_cost": 11.878231622000705, "n_waypoints_completed": 9, "tot_waypoints": 9}}
{"target": -183.80694024256778, "params": {"k_pid_pos": [1.4698128353043505, 0.024859491386256316, 0.07146856680054658], "k_pid_alt": [1.2679502233621702, 0.0, 0.1], "k_pid_att": [43.948176657889235, 3.7802132718527557, 0.9274604585040267], "k_pid_yaw": [0.5, 1e-06, 0.1], "k_pid_hsp": [3.8015553682621426, 0.01, 0.01], "k_pid_vsp": [111.20884264032553, 102.7157397860675, 1.0]}, "datetime": {"datetime": "2025-08-20 17:21:08", "elapsed": 19723.46633052826, "delta": 16.114054441452026}, "costs": {"total_cost": 183.80694024256778, "time_cost": 68.68, "final_distance_cost": 1.7998052657082817, "oscillation_cost": 40.73844223425812, "completition_cost": 0.0, "overshoot_cost": 50.17548682515374, "power_cost": 11.465225231933594, "noise_cost": 10.947980685513999, "n_waypoints_completed": 9, "tot_waypoints": 9}}
{"target": -365.1669697727568, "params": {"k_pid_pos": [1.4698128353043505, 0.36058118701943764, 0.7184847314356495], "k_pid_alt": [0.676571582052889, 0.0, 0.1], "k_pid_att": [43.948176657889235, 3.7802132718527557, 0.9274604585040267], "k_pid_yaw": [0.5, 1e-06, 0.1], "k_pid_hsp": [2.395389635608916, 0.01, 0.44182584981578], "k_pid_vsp": [187.54695804945675, 102.7157397860675, 1.0]}, "datetime": {"datetime": "2025-08-20 17:21:28", "elapsed": 19742.908740997314, "delta": 19.442410469055176}, "costs": {"total_cost": 365.1669697727568, "time_cost": 85.0, "final_distance_cost": 1.7624175044074446, "oscillation_cost": 196.09297331522328, "completition_cost": 0.0, "overshoot_cost": 51.888113606041955, "power_cost": 16.301384289550782, "noise_cost": 14.122081057533288, "n_waypoints_completed": 9, "tot_waypoints": 9}}
{"target": -180.4586778981898, "params": {"k_pid_pos": [1.4698128353043505, 0.024859491386256316, 0.11401919133455096], "k_pid_alt": [1.2679502233621702, 0.0, 0.1], "k_pid_att": [43.948176657889235, 3.7802132718527557, 0.9274604585040267], "k_pid_yaw": [0.5, 1e-06, 0.1], "k_pid_hsp": [1.0, 0.01, 0.01], "k_pid_vsp": [111.20884264032553, 102.7157397860675, 1.0]}, "datetime": {"datetime": "2025-08-20 17:21:43", "elapsed": 19757.721369981766, "delta": 14.812628984451294}, "costs": {"total_cost": 180.4586778981898, "time_cost": 68.456, "final_distance_cost": 1.8018656610788988, "oscillation_cost": 36.88102645014415, "completition_cost": 0.0, "overshoot_cost": 49.96291084832555, "power_cost": 12.191933203125, "noise_cost": 11.164941735516203, "n_waypoints_completed": 9, "tot_waypoints": 9}}
{"target": -186.02452478674167, "params": {"k_pid_pos": [1.4698128353043505, 0.024859491386256316, 0.21152287994165886], "k_pid_alt": [1.6586884955541554, 0.0, 0.1], "k_pid_att": [99.05121608804818, 3.7802132718527557, 0.9274604585040267], "k_pid_yaw": [0.5, 1e-06, 0.1], "k_pid_hsp": [1.0, 0.01, 0.01], "k_pid_vsp": [110.56511661686339, 102.7157397860675, 1.0]}, "datetime": {"datetime": "2025-08-20 17:21:59", "elapsed": 19773.59158682823, "delta": 15.870216846466064}, "costs": {"total_cost": 186.02452478674167, "time_cost": 68.736, "final_distance_cost": 1.8096828923525343, "oscillation_cost": 41.42223679872933, "completition_cost": 0.0, "overshoot_cost": 50.631792312617115, "power_cost": 12.174224157714844, "noise_cost": 11.25058862532784, "n_waypoints_completed": 9, "tot_waypoints": 9}}
{"target": -186.89474991289273, "params": {"k_pid_pos": [1.4698128353043505, 0.024859491386256316, 0.11401919133455096], "k_pid_alt": [1.7297729984189598, 0.0, 0.1], "k_pid_att": [40.6020781270096, 3.7802132718527557, 0.9274604585040267], "k_pid_yaw": [0.5, 1e-06, 0.1], "k_pid_hsp": [6.590021097612566, 0.01, 0.01], "k_pid_vsp": [111.20884264032553, 102.7157397860675, 1.0]}, "datetime": {"datetime": "2025-08-20 17:22:14", "elapsed": 19788.655705451965, "delta": 15.06411862373352}, "costs": {"total_cost": 186.89474991289273, "time_cost": 68.648, "final_distance_cost": 1.8194675457879388, "oscillation_cost": 43.75771203784862, "completition_cost": 0.0, "overshoot_cost": 50.13618223720093, "power_cost": 11.466862219238282, "noise_cost": 11.06652587281696, "n_waypoints_completed": 9, "tot_waypoints": 9}}
{"target": -1095.3298923310933, "params": {"k_pid_pos": [1.4698128353043505, 0.024859491386256316, 0.11401919133455096], "k_pid_alt": [1.2679502233621702, 0.0, 0.1], "k_pid_att": [43.948176657889235, 3.7802132718527557, 0.9274604585040267], "k_pid_yaw": [0.5, 1e-06, 0.1], "k_pid_hsp": [2.996149354500177, 0.01, 0.01], "k_pid_vsp": [36.465762321119, 276.98186102721047, 388.31392717284257]}, "datetime": {"datetime": "2025-08-20 17:22:36", "elapsed": 19810.49403643608, "delta": 21.8383309841156}, "costs": {"total_cost": 1095.3298923310933, "time_cost": 150, "final_distance_cost": 76.69924567059932, "oscillation_cost": 45.762517677866924, "completition_cost": 666.6666666666667, "overshoot_cost": 112.53709624650186, "power_cost": 21.89274298095703, "noise_cost": 21.771623088501276, "n_waypoints_completed": 3, "tot_waypoints": 9}}
{"target": -215.37255017623104, "params": {"k_pid_pos": [1.5233419604839473, 0.024859491386256316, 0.5792642345702999], "k_pid_alt": [1.2679502233621702, 0.8453038121781166, 0.1], "k_pid_att": [43.948176657889235, 3.7802132718527557, 0.7813719867183654], "k_pid_yaw": [0.5, 1e-06, 0.1], "k_pid_hsp": [1.0, 0.01, 0.01], "k_pid_vsp": [111.20884264032553, 102.7157397860675, 1.0]}, "datetime": {"datetime": "2025-08-20 17:22:54", "elapsed": 19829.28839111328, "delta": 18.794354677200317}, "costs": {"total_cost": 215.37255017623104, "time_cost": 83.272, "final_distance_cost": 1.7772173548038668, "oscillation_cost": 48.78384511388725, "completition_cost": 0.0, "overshoot_cost": 53.819744676510716, "power_cost": 14.978231945800783, "noise_cost": 12.741511085228398, "n_waypoints_completed": 9, "tot_waypoints": 9}}
{"target": -180.40810129406827, "params": {"k_pid_pos": [1.4698128353043505, 0.024859491386256316, 0.11401919133455096], "k_pid_alt": [1.2679502233621702, 0.0, 0.1], "k_pid_att": [43.948176657889235, 3.7802132718527557, 0.9274604585040267], "k_pid_yaw": [0.5, 1e-06, 0.1], "k_pid_hsp": [2.395389635608916, 0.01, 0.01], "k_pid_vsp": [111.20884264032553, 102.7157397860675, 1.0]}, "datetime": {"datetime": "2025-08-20 17:23:10", "elapsed": 19845.4567322731, "delta": 16.168341159820557}, "costs": {"total_cost": 180.40810129406827, "time_cost": 68.656, "final_distance_cost": 1.7855036050235287, "oscillation_cost": 37.645407527558994, "completition_cost": 0.0, "overshoot_cost": 49.9598019448747, "power_cost": 11.380489074707032, "noise_cost": 10.980899141904002, "n_waypoints_completed": 9, "tot_waypoints": 9}}
{"target": -1220.3037915994905, "params": {"k_pid_pos": [1.4698128353043505, 0.024859491386256316, 0.8092599635047751], "k_pid_alt": [1.6586884955541554, 0.5939352518004133, 0.1], "k_pid_att": [43.948176657889235, 3.7802132718527557, 0.9274604585040267], "k_pid_yaw": [0.5, 1e-06, 0.1], "k_pid_hsp": [3.4766472509719146, 0.01, 0.01], "k_pid_vsp": [110.56511661686339, 102.7157397860675, 216.22646630461736]}, "datetime": {"datetime": "2025-08-20 17:23:32", "elapsed": 19866.834709882736, "delta": 21.3779776096344}, "costs": {"total_cost": 1220.3037915994905, "time_cost": 150, "final_distance_cost": 162.97798761151722, "oscillation_cost": 49.779324967858564, "completition_cost": 666.6666666666667, "overshoot_cost": 164.67297920800843, "power_cost": 13.997765563964844, "noise_cost": 12.209067581474766, "n_waypoints_completed": 3, "tot_waypoints": 9}}
{"target": -181.6501568091338, "params": {"k_pid_pos": [1.4698128353043505, 0.024859491386256316, 0.11401919133455096], "k_pid_alt": [1.2679502233621702, 0.0, 0.3123089974307902], "k_pid_att": [43.948176657889235, 3.7802132718527557, 0.9274604585040267], "k_pid_yaw": [0.5, 1e-06, 0.1], "k_pid_hsp": [2.395389635608916, 0.01, 0.01], "k_pid_vsp": [111.20884264032553, 93.02116563978787, 1.0]}, "datetime": {"datetime": "2025-08-20 17:23:47", "elapsed": 19881.98899126053, "delta": 15.154281377792358}, "costs": {"total_cost": 181.6501568091338, "time_cost": 69.264, "final_distance_cost": 1.7830729999698056, "oscillation_cost": 38.65450016759067, "completition_cost": 0.0, "overshoot_cost": 49.68413421184858, "power_cost": 11.360331884765625, "noise_cost": 10.90411754495913, "n_waypoints_completed": 9, "tot_waypoints": 9}}
{"target": -183.637735902997, "params": {"k_pid_pos": [1.4698128353043505, 0.024859491386256316, 0.11401919133455096], "k_pid_alt": [1.2679502233621702, 0.0, 0.1], "k_pid_att": [20.82401769786979, 3.7802132718527557, 0.9274604585040267], "k_pid_yaw": [0.5, 1e-06, 0.1], "k_pid_hsp": [1.0, 0.01, 0.01], "k_pid_vsp": [316.2191682070645, 102.7157397860675, 1.0]}, "datetime": {"datetime": "2025-08-20 17:24:03", "elapsed": 19897.69495844841, "delta": 15.70596718788147}, "costs": {"total_cost": 183.637735902997, "time_cost": 68.72, "final_distance_cost": 1.7756571994924284, "oscillation_cost": 38.80239874976644, "completition_cost": 0.0, "overshoot_cost": 50.54432267227538, "power_cost": 12.499214025878906, "noise_cost": 11.296143255583875, "n_waypoints_completed": 9, "tot_waypoints": 9}}
{"target": -1101.798606453589, "params": {"k_pid_pos": [0.031438087518317434, 0.18184078163545014, 0.11401919133455096], "k_pid_alt": [1.2679502233621702, 0.0, 0.1], "k_pid_att": [43.948176657889235, 6.884070437552189, 0.9274604585040267], "k_pid_yaw": [0.5, 1e-06, 0.1], "k_pid_hsp": [1.0, 0.9370803194387888, 0.01], "k_pid_vsp": [111.20884264032553, 102.7157397860675, 1.0]}, "datetime": {"datetime": "2025-08-20 17:24:25", "elapsed": 19920.105526924133, "delta": 22.410568475723267}, "costs": {"total_cost": 1101.798606453589, "time_cost": 150, "final_distance_cost": 86.35240524963349, "oscillation_cost": 11.654228903832854, "completition_cost": 777.7777777777778, "overshoot_cost": 46.60985845677026, "power_cost": 15.427548583984375, "noise_cost": 13.976787481590089, "n_waypoints_completed": 2, "tot_waypoints": 9}}
{"target": -316.13712884377503, "params": {"k_pid_pos": [1.4698128353043505, 0.024859491386256316, 0.11401919133455096], "k_pid_alt": [1.2679502233621702, 0.0, 0.1], "k_pid_att": [43.948176657889235, 3.7802132718527557, 0.9274604585040267], "k_pid_yaw": [0.5, 1e-06, 0.1], "k_pid_hsp": [2.395389635608916, 0.4901041752182733, 0.42869111788928294], "k_pid_vsp": [111.20884264032553, 102.7157397860675, 1.0]}, "datetime": {"datetime": "2025-08-20 17:24:42", "elapsed": 19936.656744003296, "delta": 16.551217079162598}, "costs": {"total_cost": 316.13712884377503, "time_cost": 74.816, "final_distance_cost": 1.7380816173487208, "oscillation_cost": 159.54789860005425, "completition_cost": 0.0, "overshoot_cost": 52.573764297167855, "power_cost": 14.853703540039064, "noise_cost": 12.607680789165101, "n_waypoints_completed": 9, "tot_waypoints": 9}}
{"target": -182.04661362984476, "params": {"k_pid_pos": [1.4698128353043505, 0.024859491386256316, 0.21152287994165886], "k_pid_alt": [1.6586884955541554, 0.0, 0.1], "k_pid_att": [43.948176657889235, 3.7802132718527557, 0.9274604585040267], "k_pid_yaw": [0.5, 1e-06, 0.1], "k_pid_hsp": [1.0, 0.01, 0.01], "k_pid_vsp": [110.56511661686339, 102.7157397860675, 1.0]}, "datetime": {"datetime": "2025-08-20 17:24:57", "elapsed": 19952.09640812874, "delta": 15.439664125442505}, "costs": {"total_cost": 182.04661362984476, "time_cost": 68.392, "final_distance_cost": 1.7967792502081896, "oscillation_cost": 38.50280685842059, "completition_cost": 0.0, "overshoot_cost": 49.842056434817, "power_cost": 12.366397375488281, "noise_cost": 11.146573710910705, "n_waypoints_completed": 9, "tot_waypoints": 9}}
{"target": -181.80362112743404, "params": {"k_pid_pos": [1.4698128353043505, 0.024859491386256316, 0.11401919133455096], "k_pid_alt": [1.2679502233621702, 0.0, 0.1], "k_pid_att": [43.948176657889235, 3.7802132718527557, 0.9274604585040267], "k_pid_yaw": [0.5, 1e-06, 0.1], "k_pid_hsp": [1.0, 0.01, 0.01], "k_pid_vsp": [241.01872517964944, 102.7157397860675, 1.0]}, "datetime": {"datetime": "2025-08-20 17:25:12", "elapsed": 19966.98346543312, "delta": 14.887057304382324}, "costs": {"total_cost": 181.80362112743404, "time_cost": 68.64, "final_distance_cost": 1.796811212067009, "oscillation_cost": 37.48308026659161, "completition_cost": 0.0, "overshoot_cost": 50.12705650647846, "power_cost": 12.45378533935547, "noise_cost": 11.302887802941493, "n_waypoints_completed": 9, "tot_waypoints": 9}}
{"target": -188.5209404526703, "params": {"k_pid_pos": [1.4531304595830021, 0.024859491386256316, 0.11401919133455096], "k_pid_alt": [1.102349020346133, 0.0, 0.9156111886454469], "k_pid_att": [43.948176657889235, 3.7802132718527557, 0.6412714623366417], "k_pid_yaw": [0.5, 1e-06, 0.1], "k_pid_hsp": [1.0, 0.01, 0.01], "k_pid_vsp": [111.20884264032553, 102.7157397860675, 1.0]}, "datetime": {"datetime": "2025-08-20 17:25:29", "elapsed": 19983.569276809692, "delta": 16.585811376571655}, "costs": {"total_cost": 188.5209404526703, "time_cost": 72.944, "final_distance_cost": 1.831689771058981, "oscillation_cost": 37.93471413703255, "completition_cost": 0.0, "overshoot_cost": 50.70854286882565, "power_cost": 13.404826660156251, "noise_cost": 11.697167015596834, "n_waypoints_completed": 9, "tot_waypoints": 9}}
{"target": -188.68956062422257, "params": {"k_pid_pos": [1.4698128353043505, 0.024859491386256316, 0.8092599635047751], "k_pid_alt": [1.6586884955541554, 0.0, 0.1], "k_pid_att": [43.948176657889235, 3.7802132718527557, 0.9274604585040267], "k_pid_yaw": [0.5, 1e-06, 0.1], "k_pid_hsp": [1.0, 0.01, 0.01], "k_pid_vsp": [111.20884264032553, 369.48810340511164, 1.0]}, "datetime": {"datetime": "2025-08-20 17:25:45", "elapsed": 19999.91881465912, "delta": 16.34953784942627}, "costs": {"total_cost": 188.68956062422257, "time_cost": 70.864, "final_distance_cost": 1.8481630136919727, "oscillation_cost": 40.72391326606672, "completition_cost": 0.0, "overshoot_cost": 50.50872447038389, "power_cost": 12.798377368164063, "noise_cost": 11.946382505915922, "n_waypoints_completed": 9, "tot_waypoints": 9}}
