{"target": -177.6739252695265, "params": {"k_pid_pos": [1.4698128353043505, 0.024859491386256316, 0.3434561031905483], "k_pid_alt": [1.2679502233621702, 0.0, 0.1], "k_pid_att": [43.948176657889235, 1.326856224425946, 0.9274604585040267], "k_pid_yaw": [0.5, 1e-06, 0.1], "k_pid_hsp": [2.82373402557605, 0.01, 0.01], "k_pid_vsp": [111.20884264032553, 102.7157397860675, 1.0]}, "datetime": {"datetime": "2025-08-20 21:45:22", "elapsed": 35576.54579782486, "delta": 17.12509846687317}, "costs": {"total_cost": 177.6739252695265, "time_cost": 69.152, "final_distance_cost": 1.8262656886158488, "oscillation_cost": 34.33594552183275, "completition_cost": 0.0, "overshoot_cost": 50.065815663241324, "power_cost": 11.237653356933594, "noise_cost": 11.056245038902981, "n_waypoints_completed": 9, "tot_waypoints": 9}}
{"target": -1388.7879523421618, "params": {"k_pid_pos": [1.4698128353043505, 0.024859491386256316, 0.3434561031905483], "k_pid_alt": [0.04190156986326121, 0.0, 0.1], "k_pid_att": [43.948176657889235, 7.389614396826664, 0.9274604585040267], "k_pid_yaw": [0.5, 1e-06, 0.1], "k_pid_hsp": [9.301600313748095, 0.9469081572723697, 0.01], "k_pid_vsp": [225.4439801313338, 102.7157397860675, 267.13097058534004]}, "datetime": {"datetime": "2025-08-20 21:45:46", "elapsed": 35600.89325976372, "delta": 24.347461938858032}, "costs": {"total_cost": 1388.7879523421618, "time_cost": 150, "final_distance_cost": 127.94580722529409, "oscillation_cost": 43.557003839274095, "completition_cost": 888.8888888888888, "overshoot_cost": 151.23416253408297, "power_cost": 14.16203251953125, "noise_cost": 13.000057335090503, "n_waypoints_completed": 1, "tot_waypoints": 9}}
{"target": -1069.3963975195027, "params": {"k_pid_pos": [1.4698128353043505, 0.024859491386256316, 0.3434561031905483], "k_pid_alt": [1.2679502233621702, 0.0, 0.1], "k_pid_att": [43.948176657889235, 1.4953935029224072, 0.9274604585040267], "k_pid_yaw": [0.5, 1e-06, 0.1], "k_pid_hsp": [2.82373402557605, 0.01, 0.01], "k_pid_vsp": [111.20884264032553, 102.7157397860675, 350.1616155025813]}, "datetime": {"datetime": "2025-08-20 21:46:09", "elapsed": 35623.69755291939, "delta": 22.804293155670166}, "costs": {"total_cost": 1069.3963975195027, "time_cost": 150, "final_distance_cost": 80.13308359812909, "oscillation_cost": 45.83750900817104, "completition_cost": 666.6666666666667, "overshoot_cost": 108.71107827807631, "power_cost": 9.097267553710937, "noise_cost": 8.95079241474865, "n_waypoints_completed": 3, "tot_waypoints": 9}}
{"target": -183.90955861970363, "params": {"k_pid_pos": [1.4698128353043505, 0.024859491386256316, 0.42495672118777295], "k_pid_alt": [1.85112020821355, 0.0, 0.1], "k_pid_att": [50.43782855084127, 7.335409208074745, 0.9274604585040267], "k_pid_yaw": [0.5, 1e-06, 0.1], "k_pid_hsp": [2.82373402557605, 0.01, 0.01], "k_pid_vsp": [111.20884264032553, 102.7157397860675, 1.0]}, "datetime": {"datetime": "2025-08-20 21:46:24", "elapsed": 35639.222663879395, "delta": 15.525110960006714}, "costs": {"total_cost": 183.90955861970363, "time_cost": 69.416, "final_distance_cost": 1.8378585891989512, "oscillation_cost": 39.07930833978988, "completition_cost": 0.0, "overshoot_cost": 50.47605543342331, "power_cost": 11.770868139648439, "noise_cost": 11.329468117643072, "n_waypoints_completed": 9, "tot_waypoints": 9}}
{"target": -179.128644260864, "params": {"k_pid_pos": [1.4698128353043505, 0.024859491386256316, 0.3434561031905483], "k_pid_alt": [1.2679502233621702, 0.0, 0.1], "k_pid_att": [50.917657588734414, 7.347914484943822, 0.9274604585040267], "k_pid_yaw": [0.5, 1e-06, 0.1], "k_pid_hsp": [2.82373402557605, 0.01, 0.01], "k_pid_vsp": [111.20884264032553, 102.7157397860675, 1.0]}, "datetime": {"datetime": "2025-08-20 21:46:41", "elapsed": 35655.78259778023, "delta": 16.55993390083313}, "costs": {"total_cost": 179.128644260864, "time_cost": 69.168, "final_distance_cost": 1.8398569000375977, "oscillation_cost": 35.88597982531558, "completition_cost": 0.0, "overshoot_cost": 49.83295928534179, "power_cost": 11.312696520996095, "noise_cost": 11.089151729172922, "n_waypoints_completed": 9, "tot_waypoints": 9}}
{"target": -600.3339696823393, "params": {"k_pid_pos": [1.4698128353043505, 0.0822904257601288, 0.32288918687658763], "k_pid_alt": [1.2679502233621702, 0.0, 0.1], "k_pid_att": [25.06356558820614, 6.9624546689898885, 0.9274604585040267], "k_pid_yaw": [0.5, 1e-06, 0.1], "k_pid_hsp": [2.82373402557605, 0.01, 0.01], "k_pid_vsp": [111.20884264032553, 102.7157397860675, 143.13937285520035]}, "datetime": {"datetime": "2025-08-20 21:47:03", "elapsed": 35678.107426166534, "delta": 22.324828386306763}, "costs": {"total_cost": 600.3339696823393, "time_cost": 150, "final_distance_cost": 73.94889748581863, "oscillation_cost": 54.66070655313278, "completition_cost": 222.2222222222222, "overshoot_cost": 62.05741248455852, "power_cost": 21.358292333984377, "noise_cost": 16.086438602622675, "n_waypoints_completed": 7, "tot_waypoints": 9}}
{"target": -180.87076320528018, "params": {"k_pid_pos": [1.4698128353043505, 0.024859491386256316, 0.42495672118777295], "k_pid_alt": [1.85112020821355, 0.0, 0.1], "k_pid_att": [43.948176657889235, 1.326856224425946, 0.9808211468183533], "k_pid_yaw": [0.5, 1e-06, 0.1], "k_pid_hsp": [2.82373402557605, 0.01, 0.01], "k_pid_vsp": [111.20884264032553, 102.7157397860675, 1.0]}, "datetime": {"datetime": "2025-08-20 21:47:21", "elapsed": 35695.92967057228, "delta": 17.82224440574646}, "costs": {"total_cost": 180.87076320528018, "time_cost": 69.416, "final_distance_cost": 1.8498180728791787, "oscillation_cost": 36.625067329117776, "completition_cost": 0.0, "overshoot_cost": 50.55147667884151, "power_cost": 11.279588916015626, "noise_cost": 11.148812208426104, "n_waypoints_completed": 9, "tot_waypoints": 9}}
{"target": -195.06051140741994, "params": {"k_pid_pos": [1.4698128353043505, 0.024859491386256316, 0.3434561031905483], "k_pid_alt": [1.2679502233621702, 0.31295298754855216, 0.04865678698342779], "k_pid_att": [43.948176657889235, 1.326856224425946, 0.9274604585040267], "k_pid_yaw": [0.5, 1e-06, 0.1], "k_pid_hsp": [2.82373402557605, 0.30091508283602064, 0.01], "k_pid_vsp": [111.20884264032553, 102.7157397860675, 1.0]}, "datetime": {"datetime": "2025-08-20 21:47:38", "elapsed": 35713.224309682846, "delta": 17.294639110565186}, "costs": {"total_cost": 195.06051140741994, "time_cost": 76.256, "final_distance_cost": 1.8081183584326659, "oscillation_cost": 42.22539154888889, "completition_cost": 0.0, "overshoot_cost": 50.85230689059508, "power_cost": 12.366989001464844, "noise_cost": 11.55170560803845, "n_waypoints_completed": 9, "tot_waypoints": 9}}
{"target": -318.97972094062754, "params": {"k_pid_pos": [1.4698128353043505, 0.024859491386256316, 0.3434561031905483], "k_pid_alt": [1.1118827000593463, 0.0, 0.2589693005001422], "k_pid_att": [43.948176657889235, 1.326856224425946, 0.9274604585040267], "k_pid_yaw": [0.5, 1e-06, 0.1], "k_pid_hsp": [2.82373402557605, 0.8404660548178111, 0.38495788346769555], "k_pid_vsp": [146.08178391043788, 102.7157397860675, 1.0]}, "datetime": {"datetime": "2025-08-20 21:47:58", "elapsed": 35733.044273138046, "delta": 19.819963455200195}, "costs": {"total_cost": 318.97972094062754, "time_cost": 81.128, "final_distance_cost": 1.8040998751286972, "oscillation_cost": 155.6292850721326, "completition_cost": 0.0, "overshoot_cost": 50.06413851097398, "power_cost": 16.491491015625, "noise_cost": 13.862706466767238, "n_waypoints_completed": 9, "tot_waypoints": 9}}
{"target": -394.53300758655496, "params": {"k_pid_pos": [1.4698128353043505, 0.024859491386256316, 0.3434561031905483], "k_pid_alt": [1.2679502233621702, 0.0, 0.6152218162448827], "k_pid_att": [43.948176657889235, 9.289174369187968, 0.9274604585040267], "k_pid_yaw": [0.5, 1e-06, 0.1], "k_pid_hsp": [2.82373402557605, 0.01, 0.8029897720240362], "k_pid_vsp": [111.20884264032553, 102.7157397860675, 1.0]}, "datetime": {"datetime": "2025-08-20 21:48:18", "elapsed": 35752.58549427986, "delta": 19.541221141815186}, "costs": {"total_cost": 394.53300758655496, "time_cost": 86.312, "final_distance_cost": 1.710560425653664, "oscillation_cost": 218.23336635158327, "completition_cost": 0.0, "overshoot_cost": 55.64198780592113, "power_cost": 17.5089951171875, "noise_cost": 15.126097886209385, "n_waypoints_completed": 9, "tot_waypoints": 9}}
{"target": -236.42375440555696, "params": {"k_pid_pos": [1.815522159483175, 0.024859491386256316, 0.3434561031905483], "k_pid_alt": [0.3440167387353117, 0.3977849357679477, 0.1], "k_pid_att": [43.948176657889235, 1.326856224425946, 0.9274604585040267], "k_pid_yaw": [0.5, 1e-06, 0.1], "k_pid_hsp": [2.82373402557605, 0.01, 0.01], "k_pid_vsp": [111.20884264032553, 102.7157397860675, 1.0]}, "datetime": {"datetime": "2025-08-20 21:48:39", "elapsed": 35774.33870482445, "delta": 21.75321054458618}, "costs": {"total_cost": 236.42375440555696, "time_cost": 94.368, "final_distance_cost": 1.7709468563825843, "oscillation_cost": 52.304668734177945, "completition_cost": 0.0, "overshoot_cost": 58.33499482745943, "power_cost": 15.672277514648439, "noise_cost": 13.972866472888562, "n_waypoints_completed": 9, "tot_waypoints": 9}}
{"target": -1016.9873139883149, "params": {"k_pid_pos": [1.4698128353043505, 0.024859491386256316, 0.3813471713810148], "k_pid_alt": [1.2679502233621702, 0.0, 0.1], "k_pid_att": [43.948176657889235, 1.4953935029224072, 0.9274604585040267], "k_pid_yaw": [0.5, 1e-06, 0.1], "k_pid_hsp": [2.82373402557605, 0.01, 0.01], "k_pid_vsp": [100.00506902703879, 102.7157397860675, 120.63999617495661]}, "datetime": {"datetime": "2025-08-20 21:49:03", "elapsed": 35798.04903507233, "delta": 23.71033024787903}, "costs": {"total_cost": 1016.9873139883149, "time_cost": 150, "final_distance_cost": 55.51504891448868, "oscillation_cost": 43.106927226642576, "completition_cost": 666.6666666666667, "overshoot_cost": 53.653055257290966, "power_cost": 28.54464453125, "noise_cost": 19.50097139197605, "n_waypoints_completed": 3, "tot_waypoints": 9}}
{"target": -181.6308995347016, "params": {"k_pid_pos": [1.4698128353043505, 0.024859491386256316, 0.3434561031905483], "k_pid_alt": [1.2679502233621702, 0.0, 0.1], "k_pid_att": [10.85276784655954, 1.4953935029224072, 0.9274604585040267], "k_pid_yaw": [0.5, 1e-06, 0.1], "k_pid_hsp": [2.82373402557605, 0.01, 0.01], "k_pid_vsp": [111.20884264032553, 102.7157397860675, 1.0]}, "datetime": {"datetime": "2025-08-20 21:49:18", "elapsed": 35812.83039402962, "delta": 14.78135895729065}, "costs": {"total_cost": 181.6308995347016, "time_cost": 68.928, "final_distance_cost": 1.8344555880479805, "oscillation_cost": 38.00018129997019, "completition_cost": 0.0, "overshoot_cost": 49.696746310886645, "power_cost": 11.988183435058595, "noise_cost": 11.183332900738185, "n_waypoints_completed": 9, "tot_waypoints": 9}}
{"target": -185.04708067988634, "params": {"k_pid_pos": [1.4698128353043505, 0.0822904257601288, 0.3434561031905483], "k_pid_alt": [1.2679502233621702, 0.0, 0.1], "k_pid_att": [43.948176657889235, 1.326856224425946, 0.9808211468183533], "k_pid_yaw": [0.5, 1e-06, 0.1], "k_pid_hsp": [2.82373402557605, 0.6903644518542994, 0.01], "k_pid_vsp": [111.20884264032553, 102.7157397860675, 1.0]}, "datetime": {"datetime": "2025-08-20 21:49:34", "elapsed": 35828.95765733719, "delta": 16.12726330757141}, "costs": {"total_cost": 185.04708067988634, "time_cost": 68.776, "final_distance_cost": 1.8351532150391696, "oscillation_cost": 42.71333728424109, "completition_cost": 0.0, "overshoot_cost": 49.40930780571686, "power_cost": 11.399638549804688, "noise_cost": 10.913643825084533, "n_waypoints_completed": 9, "tot_waypoints": 9}}
{"target": -197.90025030589612, "params": {"k_pid_pos": [1.4698128353043505, 0.024859491386256316, 0.3434561031905483], "k_pid_alt": [0.4683065483083426, 0.0, 0.1], "k_pid_att": [43.948176657889235, 1.4953935029224072, 0.9274604585040267], "k_pid_yaw": [0.5, 1e-06, 0.1], "k_pid_hsp": [2.82373402557605, 0.01, 0.01], "k_pid_vsp": [111.20884264032553, 102.7157397860675, 1.0]}, "datetime": {"datetime": "2025-08-20 21:49:51", "elapsed": 35845.913589954376, "delta": 16.9559326171875}, "costs": {"total_cost": 197.90025030589612, "time_cost": 79.2, "final_distance_cost": 1.8580725065098072, "oscillation_cost": 41.19685658087056, "completition_cost": 0.0, "overshoot_cost": 50.663812043777924, "power_cost": 12.888712902832031, "noise_cost": 12.092796271905808, "n_waypoints_completed": 9, "tot_waypoints": 9}}
{"target": -197.82232508768257, "params": {"k_pid_pos": [1.4698128353043505, 0.024859491386256316, 0.3434561031905483], "k_pid_alt": [1.2679502233621702, 0.229763914573474, 0.1], "k_pid_att": [43.948176657889235, 1.4953935029224072, 0.9274604585040267], "k_pid_yaw": [0.5, 1e-06, 0.1], "k_pid_hsp": [2.82373402557605, 0.01, 0.01], "k_pid_vsp": [237.37114527084637, 102.7157397860675, 1.0]}, "datetime": {"datetime": "2025-08-20 21:50:09", "elapsed": 35864.48197746277, "delta": 18.568387508392334}, "costs": {"total_cost": 197.82232508768257, "time_cost": 78.568, "final_distance_cost": 1.7949574619264572, "oscillation_cost": 41.72927793561788, "completition_cost": 0.0, "overshoot_cost": 51.6727561705144, "power_cost": 12.37693426513672, "noise_cost": 11.680399254487119, "n_waypoints_completed": 9, "tot_waypoints": 9}}
{"target": -964.643795047008, "params": {"k_pid_pos": [0.14121371977802274, 0.024859491386256316, 0.3434561031905483], "k_pid_alt": [1.2679502233621702, 0.0, 0.1], "k_pid_att": [43.948176657889235, 1.4953935029224072, 0.9274604585040267], "k_pid_yaw": [0.5, 1e-06, 0.1], "k_pid_hsp": [2.82373402557605, 0.01, 0.01], "k_pid_vsp": [111.20884264032553, 102.7157397860675, 1.0]}, "datetime": {"datetime": "2025-08-20 21:50:33", "elapsed": 35888.01278972626, "delta": 23.53081226348877}, "costs": {"total_cost": 964.643795047008, "time_cost": 150, "final_distance_cost": 52.8444868068157, "oscillation_cost": 14.625565810697312, "completition_cost": 666.6666666666667, "overshoot_cost": 52.97701288933444, "power_cost": 14.133958374023438, "noise_cost": 13.396104499470283, "n_waypoints_completed": 3, "tot_waypoints": 9}}
{"target": -181.5752860012411, "params": {"k_pid_pos": [1.4698128353043505, 0.024859491386256316, 0.3434561031905483], "k_pid_alt": [1.2679502233621702, 0.0, 0.1], "k_pid_att": [43.948176657889235, 1.6793952317322878, 0.9274604585040267], "k_pid_yaw": [0.5, 1e-06, 0.1], "k_pid_hsp": [2.82373402557605, 0.3912790898693519, 0.01], "k_pid_vsp": [111.20884264032553, 102.7157397860675, 1.0]}, "datetime": {"datetime": "2025-08-20 21:50:48", "elapsed": 35902.75196814537, "delta": 14.73917841911316}, "costs": {"total_cost": 181.5752860012411, "time_cost": 68.824, "final_distance_cost": 1.8448074983197709, "oscillation_cost": 39.21000699329767, "completition_cost": 0.0, "overshoot_cost": 49.426202674198166, "power_cost": 11.33292947998047, "noise_cost": 10.93733935544502, "n_waypoints_completed": 9, "tot_waypoints": 9}}
{"target": -181.68432790997224, "params": {"k_pid_pos": [1.4698128353043505, 0.024859491386256316, 0.3434561031905483], "k_pid_alt": [1.2331807735298297, 0.0, 0.1], "k_pid_att": [43.948176657889235, 1.326856224425946, 0.9274604585040267], "k_pid_yaw": [0.5, 1e-06, 0.1], "k_pid_hsp": [2.82373402557605, 0.3912790898693519, 0.01], "k_pid_vsp": [111.20884264032553, 102.7157397860675, 1.0]}, "datetime": {"datetime": "2025-08-20 21:51:05", "elapsed": 35919.5949048996, "delta": 16.842936754226685}, "costs": {"total_cost": 181.68432790997224, "time_cost": 68.936, "final_distance_cost": 1.8445472070672957, "oscillation_cost": 39.18956332950636, "completition_cost": 0.0, "overshoot_cost": 49.4710160311488, "power_cost": 11.2529927734375, "noise_cost": 10.990208568812289, "n_waypoints_completed": 9, "tot_waypoints": 9}}
{"target": -182.5483461930302, "params": {"k_pid_pos": [1.4698128353043505, 0.024859491386256316, 0.3434561031905483], "k_pid_alt": [1.2679502233621702, 0.0, 0.1], "k_pid_att": [43.948176657889235, 1.326856224425946, 0.9274604585040267], "k_pid_yaw": [0.5, 1e-06, 0.1], "k_pid_hsp": [2.82373402557605, 0.01, 0.01066281316812523], "k_pid_vsp": [303.00008221409286, 102.7157397860675, 1.0]}, "datetime": {"datetime": "2025-08-20 21:51:20", "elapsed": 35934.687294483185, "delta": 15.092389583587646}, "costs": {"total_cost": 182.5483461930302, "time_cost": 69.408, "final_distance_cost": 1.8385066086725865, "oscillation_cost": 38.49045365874128, "completition_cost": 0.0, "overshoot_cost": 50.500367068357725, "power_cost": 11.236741564941406, "noise_cost": 11.074277292317191, "n_waypoints_completed": 9, "tot_waypoints": 9}}
{"target": -307.6425989203623, "params": {"k_pid_pos": [1.4698128353043505, 0.3070634710282163, 0.3434561031905483], "k_pid_alt": [1.2679502233621702, 0.0, 0.1], "k_pid_att": [43.948176657889235, 1.326856224425946, 0.9274604585040267], "k_pid_yaw": [0.5, 1e-06, 0.1], "k_pid_hsp": [5.102248909689673, 0.3912790898693519, 0.8371457900595851], "k_pid_vsp": [111.20884264032553, 102.7157397860675, 1.0]}, "datetime": {"datetime": "2025-08-20 21:51:39", "elapsed": 35953.49399757385, "delta": 18.806703090667725}, "costs": {"total_cost": 307.6425989203623, "time_cost": 79.872, "final_distance_cost": 1.7614542545411667, "oscillation_cost": 146.38199459503602, "completition_cost": 0.0, "overshoot_cost": 50.39143734003528, "power_cost": 15.863934692382813, "noise_cost": 13.371778038367006, "n_waypoints_completed": 9, "tot_waypoints": 9}}
{"target": -181.12726366948814, "params": {"k_pid_pos": [1.4698128353043505, 0.024859491386256316, 0.42495672118777295], "k_pid_alt": [1.2679502233621702, 0.0, 0.1], "k_pid_att": [43.948176657889235, 1.4953935029224072, 0.9274604585040267], "k_pid_yaw": [0.5, 1e-06, 0.1], "k_pid_hsp": [2.82373402557605, 0.01, 0.01], "k_pid_vsp": [111.20884264032553, 102.7157397860675, 1.0]}, "datetime": {"datetime": "2025-08-20 21:51:53", "elapsed": 35968.198793172836, "delta": 14.704795598983765}, "costs": {"total_cost": 181.12726366948814, "time_cost": 69.504, "final_distance_cost": 1.8339740531248276, "oscillation_cost": 37.148958106901986, "completition_cost": 0.0, "overshoot_cost": 50.44978978024308, "power_cost": 11.138665917968751, "noise_cost": 11.051875811249499, "n_waypoints_completed": 9, "tot_waypoints": 9}}
{"target": -451.7869313578018, "params": {"k_pid_pos": [1.4698128353043505, 0.024859491386256316, 0.3434561031905483], "k_pid_alt": [1.85112020821355, 0.0, 0.1], "k_pid_att": [25.06356558820614, 7.347914484943822, 0.9274604585040267], "k_pid_yaw": [0.5, 1e-06, 0.1], "k_pid_hsp": [2.82373402557605, 0.6263404903738966, 0.9374799016337715], "k_pid_vsp": [111.20884264032553, 102.7157397860675, 1.0]}, "datetime": {"datetime": "2025-08-20 21:52:16", "elapsed": 35991.45360350609, "delta": 23.254810333251953}, "costs": {"total_cost": 451.7869313578018, "time_cost": 93.656, "final_distance_cost": 1.7553625104671446, "oscillation_cost": 268.1859334102221, "completition_cost": 0.0, "overshoot_cost": 54.417317118877904, "power_cost": 17.86143045654297, "noise_cost": 15.91088786169167, "n_waypoints_completed": 9, "tot_waypoints": 9}}
{"target": -198.36371314932794, "params": {"k_pid_pos": [1.4698128353043505, 0.024859491386256316, 0.3434561031905483], "k_pid_alt": [1.2679502233621702, 0.23511992424077377, 0.1], "k_pid_att": [43.948176657889235, 1.326856224425946, 0.9274604585040267], "k_pid_yaw": [0.5, 1e-06, 0.1], "k_pid_hsp": [2.82373402557605, 0.01, 0.01], "k_pid_vsp": [396.0685551233308, 102.7157397860675, 1.0]}, "datetime": {"datetime": "2025-08-20 21:52:34", "elapsed": 36008.510417699814, "delta": 17.056814193725586}, "costs": {"total_cost": 198.36371314932794, "time_cost": 78.568, "final_distance_cost": 1.7575373280232953, "oscillation_cost": 42.54106340574238, "completition_cost": 0.0, "overshoot_cost": 51.34194334905041, "power_cost": 12.419967224121095, "noise_cost": 11.735201842390751, "n_waypoints_completed": 9, "tot_waypoints": 9}}
{"target": -177.60937995499717, "params": {"k_pid_pos": [1.4698128353043505, 0.0822904257601288, 0.3434561031905483], "k_pid_alt": [1.2679502233621702, 0.0, 0.1], "k_pid_att": [43.948176657889235, 1.326856224425946, 0.9808211468183533], "k_pid_yaw": [0.5, 1e-06, 0.1], "k_pid_hsp": [2.82373402557605, 0.01, 0.01], "k_pid_vsp": [111.20884264032553, 102.7157397860675, 1.0]}, "datetime": {"datetime": "2025-08-20 21:52:51", "elapsed": 36025.72416329384, "delta": 17.213745594024658}, "costs": {"total_cost": 177.60937995499717, "time_cost": 69.168, "final_distance_cost": 1.8236531971998164, "oscillation_cost": 34.65964045638309, "completition_cost": 0.0, "overshoot_cost": 49.90985172465229, "power_cost": 11.13902373046875, "noise_cost": 10.909210846293195, "n_waypoints_completed": 9, "tot_waypoints": 9}}
{"target": -188.76715151208828, "params": {"k_pid_pos": [1.4698128353043505, 0.024859491386256316, 0.3434561031905483], "k_pid_alt": [1.2679502233621702, 0.0, 0.6137735415975708], "k_pid_att": [43.948176657889235, 1.326856224425946, 0.332604625203343], "k_pid_yaw": [0.5, 1e-06, 0.1], "k_pid_hsp": [2.82373402557605, 0.01, 0.01], "k_pid_vsp": [119.32291780727789, 102.7157397860675, 1.0]}, "datetime": {"datetime": "2025-08-20 21:53:06", "elapsed": 36041.40123271942, "delta": 15.677069425582886}, "costs": {"total_cost": 188.76715151208828, "time_cost": 70.856, "final_distance_cost": 1.8308387543897422, "oscillation_cost": 43.06169578223126, "completition_cost": 0.0, "overshoot_cost": 50.08086732241775, "power_cost": 11.718817822265626, "noise_cost": 11.21893183078387, "n_waypoints_completed": 9, "tot_waypoints": 9}}
