{"target": -177.6739252695265, "params": {"k_pid_pos": [1.4698128353043505, 0.024859491386256316, 0.3434561031905483], "k_pid_alt": [1.2679502233621702, 0.0, 0.1], "k_pid_att": [43.948176657889235, 1.326856224425946, 0.9274604585040267], "k_pid_yaw": [0.5, 1e-06, 0.1], "k_pid_hsp": [2.82373402557605, 0.01, 0.01], "k_pid_vsp": [111.20884264032553, 102.7157397860675, 1.0]}, "datetime": {"datetime": "2025-08-20 19:52:33", "elapsed": 28807.718942642212, "delta": 15.631455421447754}, "costs": {"total_cost": 177.6739252695265, "time_cost": 69.152, "final_distance_cost": 1.8262656886158488, "oscillation_cost": 34.33594552183275, "completition_cost": 0.0, "overshoot_cost": 50.065815663241324, "power_cost": 11.237653356933594, "noise_cost": 11.056245038902981, "n_waypoints_completed": 9, "tot_waypoints": 9}}
{"target": -217.66511590148687, "params": {"k_pid_pos": [1.2664866621148956, 0.024859491386256316, 0.20685669452838884], "k_pid_alt": [1.140468520258011, 0.8424209510811689, 0.1], "k_pid_att": [43.948176657889235, 1.326856224425946, 0.9274604585040267], "k_pid_yaw": [0.5, 1e-06, 0.1], "k_pid_hsp": [2.82373402557605, 0.01, 0.01], "k_pid_vsp": [111.20884264032553, 102.7157397860675, 1.0]}, "datetime": {"datetime": "2025-08-20 19:52:52", "elapsed": 28827.408401727676, "delta": 19.689459085464478}, "costs": {"total_cost": 217.66511590148687, "time_cost": 85.34400000000001, "final_distance_cost": 1.7813789464236276, "oscillation_cost": 49.155173397711806, "completition_cost": 0.0, "overshoot_cost": 54.809656443917, "power_cost": 14.037541088867188, "noise_cost": 12.537366024567246, "n_waypoints_completed": 9, "tot_waypoints": 9}}
{"target": -179.18928056570573, "params": {"k_pid_pos": [1.4698128353043505, 0.024859491386256316, 0.3434561031905483], "k_pid_alt": [1.2679502233621702, 0.0, 0.02282466901291924], "k_pid_att": [43.948176657889235, 1.326856224425946, 0.9274604585040267], "k_pid_yaw": [0.5, 1e-06, 0.1], "k_pid_hsp": [2.82373402557605, 0.01, 0.01], "k_pid_vsp": [111.20884264032553, 102.7157397860675, 1.0]}, "datetime": {"datetime": "2025-08-20 19:53:09", "elapsed": 28843.989111423492, "delta": 16.58070969581604}, "costs": {"total_cost": 179.18928056570573, "time_cost": 69.056, "final_distance_cost": 1.8237395405889647, "oscillation_cost": 35.97580273456363, "completition_cost": 0.0, "overshoot_cost": 49.93481139893447, "power_cost": 11.355553393554688, "noise_cost": 11.043373498063996, "n_waypoints_completed": 9, "tot_waypoints": 9}}
{"target": -179.18928056570573, "params": {"k_pid_pos": [1.4698128353043505, 0.024859491386256316, 0.3434561031905483], "k_pid_alt": [1.2679502233621702, 0.0, 0.02282466901291924], "k_pid_att": [43.948176657889235, 1.326856224425946, 0.9274604585040267], "k_pid_yaw": [0.5, 1e-06, 0.1], "k_pid_hsp": [2.82373402557605, 0.01, 0.01], "k_pid_vsp": [111.20884264032553, 102.7157397860675, 1.0]}, "datetime": {"datetime": "2025-08-20 19:53:24", "elapsed": 28858.6953728199, "delta": 14.706261396408081}, "costs": {"total_cost": 179.18928056570573, "time_cost": 69.056, "final_distance_cost": 1.8237395405889647, "oscillation_cost": 35.97580273456363, "completition_cost": 0.0, "overshoot_cost": 49.93481139893447, "power_cost": 11.355553393554688, "noise_cost": 11.043373498063996, "n_waypoints_completed": 9, "tot_waypoints": 9}}
{"target": -1080.6421758431502, "params": {"k_pid_pos": [1.4698128353043505, 0.024859491386256316, 0.3434561031905483], "k_pid_alt": [1.2679502233621702, 0.0, 0.1], "k_pid_att": [43.948176657889235, 1.326856224425946, 0.9274604585040267], "k_pid_yaw": [0.5, 1e-06, 0.1], "k_pid_hsp": [2.82373402557605, 0.01, 0.01], "k_pid_vsp": [111.20884264032553, 102.7157397860675, 225.07806705018456]}, "datetime": {"datetime": "2025-08-20 19:53:46", "elapsed": 28881.175487279892, "delta": 22.480114459991455}, "costs": {"total_cost": 1080.6421758431502, "time_cost": 150, "final_distance_cost": 68.98625864157526, "oscillation_cost": 43.83534312498241, "completition_cost": 666.6666666666667, "overshoot_cost": 93.53449011290384, "power_cost": 32.93236018066406, "noise_cost": 24.68705711635792, "n_waypoints_completed": 3, "tot_waypoints": 9}}
{"target": -1165.461227364228, "params": {"k_pid_pos": [1.4698128353043505, 0.024859491386256316, 0.3434561031905483], "k_pid_alt": [1.5344120537351553, 0.0, 0.45660459018404764], "k_pid_att": [43.948176657889235, 1.326856224425946, 0.9274604585040267], "k_pid_yaw": [0.5, 1e-06, 0.1], "k_pid_hsp": [2.82373402557605, 0.01, 0.02241598606202988], "k_pid_vsp": [111.20884264032553, 102.7157397860675, 397.61617008957916]}, "datetime": {"datetime": "2025-08-20 19:54:09", "elapsed": 28904.041884422302, "delta": 22.86639714241028}, "costs": {"total_cost": 1165.461227364228, "time_cost": 150, "final_distance_cost": 134.4336557278053, "oscillation_cost": 53.96348775347704, "completition_cost": 666.6666666666667, "overshoot_cost": 132.6255215129921, "power_cost": 13.715559582519532, "noise_cost": 14.056336120767327, "n_waypoints_completed": 3, "tot_waypoints": 9}}
{"target": -346.4103507420735, "params": {"k_pid_pos": [1.4698128353043505, 0.8604971862547511, 0.3434561031905483], "k_pid_alt": [1.2679502233621702, 0.0, 0.1], "k_pid_att": [69.11861289824857, 1.326856224425946, 0.9274604585040267], "k_pid_yaw": [0.5, 1e-06, 0.1], "k_pid_hsp": [2.82373402557605, 0.01, 0.3116024260922369], "k_pid_vsp": [111.20884264032553, 102.7157397860675, 1.0]}, "datetime": {"datetime": "2025-08-20 19:54:29", "elapsed": 28924.482589006424, "delta": 20.440704584121704}, "costs": {"total_cost": 346.4103507420735, "time_cost": 89.632, "final_distance_cost": 1.689915236166978, "oscillation_cost": 158.02958989116672, "completition_cost": 0.0, "overshoot_cost": 61.57292118610958, "power_cost": 19.034280102539064, "noise_cost": 16.451644326091127, "n_waypoints_completed": 9, "tot_waypoints": 9}}
{"target": -177.6739252695265, "params": {"k_pid_pos": [1.4698128353043505, 0.024859491386256316, 0.3434561031905483], "k_pid_alt": [1.2679502233621702, 0.0, 0.1], "k_pid_att": [43.948176657889235, 1.326856224425946, 0.9274604585040267], "k_pid_yaw": [0.5, 1e-06, 0.1], "k_pid_hsp": [2.82373402557605, 0.01, 0.01], "k_pid_vsp": [111.20884264032553, 102.7157397860675, 1.0]}, "datetime": {"datetime": "2025-08-20 19:54:45", "elapsed": 28939.823154211044, "delta": 15.340565204620361}, "costs": {"total_cost": 177.6739252695265, "time_cost": 69.152, "final_distance_cost": 1.8262656886158488, "oscillation_cost": 34.33594552183275, "completition_cost": 0.0, "overshoot_cost": 50.065815663241324, "power_cost": 11.237653356933594, "noise_cost": 11.056245038902981, "n_waypoints_completed": 9, "tot_waypoints": 9}}
{"target": -182.15510089000193, "params": {"k_pid_pos": [1.4698128353043505, 0.024859491386256316, 0.3434561031905483], "k_pid_alt": [1.2679502233621702, 0.0, 0.1], "k_pid_att": [43.948176657889235, 1.326856224425946, 0.9274604585040267], "k_pid_yaw": [0.5, 1e-06, 0.1], "k_pid_hsp": [2.82373402557605, 0.01, 0.01], "k_pid_vsp": [111.20884264032553, 358.1213955104046, 1.0]}, "datetime": {"datetime": "2025-08-20 19:55:01", "elapsed": 28955.869099855423, "delta": 16.045945644378662}, "costs": {"total_cost": 182.15510089000193, "time_cost": 69.08800000000001, "final_distance_cost": 1.8283930758849756, "oscillation_cost": 39.1809604126078, "completition_cost": 0.0, "overshoot_cost": 49.974928262271085, "power_cost": 11.235088952636719, "noise_cost": 10.847730186601341, "n_waypoints_completed": 9, "tot_waypoints": 9}}
{"target": -182.04530343742468, "params": {"k_pid_pos": [1.4698128353043505, 0.024859491386256316, 0.3434561031905483], "k_pid_alt": [1.2679502233621702, 0.0, 0.1], "k_pid_att": [92.532430894659, 3.2931611945007657, 0.9274604585040267], "k_pid_yaw": [0.5, 1e-06, 0.1], "k_pid_hsp": [2.82373402557605, 0.01, 0.01], "k_pid_vsp": [111.20884264032553, 102.7157397860675, 1.0]}, "datetime": {"datetime": "2025-08-20 19:55:16", "elapsed": 28970.779290676117, "delta": 14.91019082069397}, "costs": {"total_cost": 182.04530343742468, "time_cost": 69.432, "final_distance_cost": 1.8348707642819904, "oscillation_cost": 37.64897150997853, "completition_cost": 0.0, "overshoot_cost": 50.35151088939272, "power_cost": 11.608299255371094, "noise_cost": 11.169651018400353, "n_waypoints_completed": 9, "tot_waypoints": 9}}
{"target": -1014.2679344026743, "params": {"k_pid_pos": [0.13623990408938025, 0.024859491386256316, 0.3434561031905483], "k_pid_alt": [1.2679502233621702, 0.7294692830881829, 0.02282466901291924], "k_pid_att": [43.948176657889235, 1.326856224425946, 0.9274604585040267], "k_pid_yaw": [0.5, 1e-06, 0.1], "k_pid_hsp": [2.82373402557605, 0.01, 0.01], "k_pid_vsp": [131.89521188480865, 102.7157397860675, 53.79072452004026]}, "datetime": {"datetime": "2025-08-20 19:55:38", "elapsed": 28993.235850572586, "delta": 22.456559896469116}, "costs": {"total_cost": 1014.2679344026743, "time_cost": 150, "final_distance_cost": 53.32604392825893, "oscillation_cost": 36.19884064170847, "completition_cost": 666.6666666666667, "overshoot_cost": 57.04817993415986, "power_cost": 30.027324816894534, "noise_cost": 21.000878414985756, "n_waypoints_completed": 3, "tot_waypoints": 9}}
{"target": -180.0268531417461, "params": {"k_pid_pos": [1.4698128353043505, 0.024859491386256316, 0.3434561031905483], "k_pid_alt": [1.2679502233621702, 0.0, 0.1], "k_pid_att": [43.948176657889235, 1.326856224425946, 0.9274604585040267], "k_pid_yaw": [0.5, 1e-06, 0.1], "k_pid_hsp": [2.82373402557605, 0.01, 0.01], "k_pid_vsp": [182.43953563434863, 102.7157397860675, 1.0]}, "datetime": {"datetime": "2025-08-20 19:55:54", "elapsed": 29009.399448871613, "delta": 16.16359829902649}, "costs": {"total_cost": 180.0268531417461, "time_cost": 69.296, "final_distance_cost": 1.835508843236435, "oscillation_cost": 36.100549169101065, "completition_cost": 0.0, "overshoot_cost": 50.433406724013764, "power_cost": 11.3452220703125, "noise_cost": 11.016166335082312, "n_waypoints_completed": 9, "tot_waypoints": 9}}
{"target": -181.92888907407746, "params": {"k_pid_pos": [1.4698128353043505, 0.024859491386256316, 0.3434561031905483], "k_pid_alt": [1.2679502233621702, 0.0, 0.1], "k_pid_att": [11.329609997636037, 6.043751783864618, 0.9274604585040267], "k_pid_yaw": [0.5, 1e-06, 0.1], "k_pid_hsp": [2.82373402557605, 0.01, 0.01], "k_pid_vsp": [111.20884264032553, 102.7157397860675, 1.0]}, "datetime": {"datetime": "2025-08-20 19:56:09", "elapsed": 29024.390421390533, "delta": 14.990972518920898}, "costs": {"total_cost": 181.92888907407746, "time_cost": 68.888, "final_distance_cost": 1.826581783100355, "oscillation_cost": 38.622988607274, "completition_cost": 0.0, "overshoot_cost": 49.619367564752615, "power_cost": 11.860251733398439, "noise_cost": 11.111699385552052, "n_waypoints_completed": 9, "tot_waypoints": 9}}
{"target": -229.79210473833552, "params": {"k_pid_pos": [1.4698128353043505, 0.024859491386256316, 0.3434561031905483], "k_pid_alt": [1.2679502233621702, 0.9576242210153021, 0.1], "k_pid_att": [70.55318086990701, 6.396008733820776, 0.9274604585040267], "k_pid_yaw": [0.5, 1e-06, 0.1], "k_pid_hsp": [2.82373402557605, 0.01, 0.01], "k_pid_vsp": [328.93714994687633, 102.7157397860675, 1.0]}, "datetime": {"datetime": "2025-08-20 19:56:33", "elapsed": 29047.676997184753, "delta": 23.28657579421997}, "costs": {"total_cost": 229.79210473833552, "time_cost": 87.432, "final_distance_cost": 1.7612356492398065, "oscillation_cost": 56.643198656037505, "completition_cost": 0.0, "overshoot_cost": 56.46234768421541, "power_cost": 14.505400036621094, "noise_cost": 12.987922712221696, "n_waypoints_completed": 9, "tot_waypoints": 9}}
{"target": -232.2352959362702, "params": {"k_pid_pos": [1.4698128353043505, 0.9973165502364121, 0.3434561031905483], "k_pid_alt": [1.2679502233621702, 0.0, 0.02282466901291924], "k_pid_att": [30.01335581347805, 1.326856224425946, 0.9274604585040267], "k_pid_yaw": [0.5, 1e-06, 0.1], "k_pid_hsp": [2.82373402557605, 0.01, 0.01], "k_pid_vsp": [111.20884264032553, 102.7157397860675, 1.0]}, "datetime": {"datetime": "2025-08-20 19:56:53", "elapsed": 29068.099700450897, "delta": 20.4227032661438}, "costs": {"total_cost": 232.2352959362702, "time_cost": 92.376, "final_distance_cost": 1.699587092183111, "oscillation_cost": 51.31856401981975, "completition_cost": 0.0, "overshoot_cost": 55.269034456014765, "power_cost": 16.97781295166016, "noise_cost": 14.594297416592415, "n_waypoints_completed": 9, "tot_waypoints": 9}}
{"target": -179.8654786471277, "params": {"k_pid_pos": [1.4698128353043505, 0.024859491386256316, 0.33905951301659876], "k_pid_alt": [1.2679502233621702, 0.0, 0.15791560522360282], "k_pid_att": [43.948176657889235, 1.326856224425946, 0.9274604585040267], "k_pid_yaw": [0.5, 1e-06, 0.1], "k_pid_hsp": [2.82373402557605, 0.01, 0.01], "k_pid_vsp": [111.20884264032553, 102.7157397860675, 1.0]}, "datetime": {"datetime": "2025-08-20 19:57:11", "elapsed": 29085.650985002518, "delta": 17.551284551620483}, "costs": {"total_cost": 179.8654786471277, "time_cost": 69.264, "final_distance_cost": 1.8222752671555147, "oscillation_cost": 36.24931928504865, "completition_cost": 0.0, "overshoot_cost": 50.16366804432239, "power_cost": 11.33716591796875, "noise_cost": 11.029050132632426, "n_waypoints_completed": 9, "tot_waypoints": 9}}
{"target": -177.6739252695265, "params": {"k_pid_pos": [1.4698128353043505, 0.024859491386256316, 0.3434561031905483], "k_pid_alt": [1.2679502233621702, 0.0, 0.1], "k_pid_att": [43.948176657889235, 1.326856224425946, 0.9274604585040267], "k_pid_yaw": [0.5, 1e-06, 0.1], "k_pid_hsp": [2.82373402557605, 0.01, 0.01], "k_pid_vsp": [111.20884264032553, 102.7157397860675, 1.0]}, "datetime": {"datetime": "2025-08-20 19:57:25", "elapsed": 29100.351347208023, "delta": 14.700362205505371}, "costs": {"total_cost": 177.6739252695265, "time_cost": 69.152, "final_distance_cost": 1.8262656886158488, "oscillation_cost": 34.33594552183275, "completition_cost": 0.0, "overshoot_cost": 50.065815663241324, "power_cost": 11.237653356933594, "noise_cost": 11.056245038902981, "n_waypoints_completed": 9, "tot_waypoints": 9}}
{"target": -188.04283592927268, "params": {"k_pid_pos": [1.4698128353043505, 0.024859491386256316, 0.3434561031905483], "k_pid_alt": [1.2679502233621702, 0.0, 0.23086984934879706], "k_pid_att": [43.948176657889235, 1.326856224425946, 0.3529475069797985], "k_pid_yaw": [0.5, 1e-06, 0.1], "k_pid_hsp": [2.82373402557605, 0.01, 0.01], "k_pid_vsp": [111.20884264032553, 289.9420907665546, 16.252805564631274]}, "datetime": {"datetime": "2025-08-20 19:57:43", "elapsed": 29117.762603759766, "delta": 17.411256551742554}, "costs": {"total_cost": 188.04283592927268, "time_cost": 69.288, "final_distance_cost": 1.8401037566072578, "oscillation_cost": 45.53844190150145, "completition_cost": 0.0, "overshoot_cost": 50.001084055884625, "power_cost": 11.39193641357422, "noise_cost": 9.98326980170512, "n_waypoints_completed": 9, "tot_waypoints": 9}}
{"target": -179.8354744057647, "params": {"k_pid_pos": [1.4698128353043505, 0.024859491386256316, 0.3434561031905483], "k_pid_alt": [1.2679502233621702, 0.0, 0.15791560522360282], "k_pid_att": [43.948176657889235, 1.326856224425946, 0.9274604585040267], "k_pid_yaw": [0.5, 1e-06, 0.1], "k_pid_hsp": [2.82373402557605, 0.01, 0.01], "k_pid_vsp": [111.20884264032553, 102.7157397860675, 1.0]}, "datetime": {"datetime": "2025-08-20 19:57:58", "elapsed": 29132.93962407112, "delta": 15.17702031135559}, "costs": {"total_cost": 179.8354744057647, "time_cost": 69.296, "final_distance_cost": 1.8307200645722737, "oscillation_cost": 36.32522330795919, "completition_cost": 0.0, "overshoot_cost": 50.35596674282563, "power_cost": 11.137034655761719, "noise_cost": 10.890529634645867, "n_waypoints_completed": 9, "tot_waypoints": 9}}
{"target": -179.18928056570573, "params": {"k_pid_pos": [1.4698128353043505, 0.024859491386256316, 0.3434561031905483], "k_pid_alt": [1.2679502233621702, 0.0, 0.02282466901291924], "k_pid_att": [43.948176657889235, 1.326856224425946, 0.9274604585040267], "k_pid_yaw": [0.5, 1e-06, 0.1], "k_pid_hsp": [2.82373402557605, 0.01, 0.01], "k_pid_vsp": [111.20884264032553, 102.7157397860675, 1.0]}, "datetime": {"datetime": "2025-08-20 19:58:14", "elapsed": 29149.03231048584, "delta": 16.092686414718628}, "costs": {"total_cost": 179.18928056570573, "time_cost": 69.056, "final_distance_cost": 1.8237395405889647, "oscillation_cost": 35.97580273456363, "completition_cost": 0.0, "overshoot_cost": 49.93481139893447, "power_cost": 11.355553393554688, "noise_cost": 11.043373498063996, "n_waypoints_completed": 9, "tot_waypoints": 9}}
{"target": -179.8354744057647, "params": {"k_pid_pos": [1.4698128353043505, 0.024859491386256316, 0.3434561031905483], "k_pid_alt": [1.2679502233621702, 0.0, 0.15791560522360282], "k_pid_att": [43.948176657889235, 1.326856224425946, 0.9274604585040267], "k_pid_yaw": [0.5, 1e-06, 0.1], "k_pid_hsp": [2.82373402557605, 0.01, 0.01], "k_pid_vsp": [111.20884264032553, 102.7157397860675, 1.0]}, "datetime": {"datetime": "2025-08-20 19:58:30", "elapsed": 29164.93639278412, "delta": 15.904082298278809}, "costs": {"total_cost": 179.8354744057647, "time_cost": 69.296, "final_distance_cost": 1.8307200645722737, "oscillation_cost": 36.32522330795919, "completition_cost": 0.0, "overshoot_cost": 50.35596674282563, "power_cost": 11.137034655761719, "noise_cost": 10.890529634645867, "n_waypoints_completed": 9, "tot_waypoints": 9}}
{"target": -203.4955821295353, "params": {"k_pid_pos": [1.4698128353043505, 0.024859491386256316, 0.3434561031905483], "k_pid_alt": [1.2679502233621702, 0.0, 0.1], "k_pid_att": [43.948176657889235, 1.326856224425946, 0.1273844557339736], "k_pid_yaw": [0.5, 1e-06, 0.1], "k_pid_hsp": [2.82373402557605, 0.3095743154041969, 0.01], "k_pid_vsp": [111.20884264032553, 6.65134314787687, 1.0]}, "datetime": {"datetime": "2025-08-20 19:58:45", "elapsed": 29180.147875785828, "delta": 15.211483001708984}, "costs": {"total_cost": 203.4955821295353, "time_cost": 70.312, "final_distance_cost": 1.823037423856836, "oscillation_cost": 57.72913295354974, "completition_cost": 0.0, "overshoot_cost": 50.84298420568243, "power_cost": 11.53521298828125, "noise_cost": 11.25321455816508, "n_waypoints_completed": 9, "tot_waypoints": 9}}
{"target": -181.92888907407746, "params": {"k_pid_pos": [1.4698128353043505, 0.024859491386256316, 0.3434561031905483], "k_pid_alt": [1.2679502233621702, 0.0, 0.1], "k_pid_att": [11.329609997636037, 6.043751783864618, 0.9274604585040267], "k_pid_yaw": [0.5, 1e-06, 0.1], "k_pid_hsp": [2.82373402557605, 0.01, 0.01], "k_pid_vsp": [111.20884264032553, 102.7157397860675, 1.0]}, "datetime": {"datetime": "2025-08-20 19:59:02", "elapsed": 29197.16644835472, "delta": 17.018572568893433}, "costs": {"total_cost": 181.92888907407746, "time_cost": 68.888, "final_distance_cost": 1.826581783100355, "oscillation_cost": 38.622988607274, "completition_cost": 0.0, "overshoot_cost": 49.619367564752615, "power_cost": 11.860251733398439, "noise_cost": 11.111699385552052, "n_waypoints_completed": 9, "tot_waypoints": 9}}
{"target": -186.15336479130664, "params": {"k_pid_pos": [1.4698128353043505, 0.024859491386256316, 0.3434561031905483], "k_pid_alt": [1.2679502233621702, 0.0, 0.1], "k_pid_att": [11.329609997636037, 6.043751783864618, 0.9274604585040267], "k_pid_yaw": [0.5, 1e-06, 0.1], "k_pid_hsp": [2.82373402557605, 0.6045192319021863, 0.01], "k_pid_vsp": [111.20884264032553, 48.06763425672753, 1.0]}, "datetime": {"datetime": "2025-08-20 19:59:17", "elapsed": 29212.220633745193, "delta": 15.054185390472412}, "costs": {"total_cost": 186.15336479130664, "time_cost": 68.728, "final_distance_cost": 1.844968675129671, "oscillation_cost": 43.62516076780868, "completition_cost": 0.0, "overshoot_cost": 49.23727124588445, "power_cost": 11.663055371093751, "noise_cost": 11.05490873139009, "n_waypoints_completed": 9, "tot_waypoints": 9}}
{"target": -216.0804671961972, "params": {"k_pid_pos": [1.4698128353043505, 0.024859491386256316, 0.3434561031905483], "k_pid_alt": [1.2679502233621702, 0.8410147302395798, 0.02282466901291924], "k_pid_att": [43.948176657889235, 1.326856224425946, 0.9274604585040267], "k_pid_yaw": [0.5, 1e-06, 0.1], "k_pid_hsp": [2.82373402557605, 0.01, 0.01], "k_pid_vsp": [111.20884264032553, 102.7157397860675, 1.0]}, "datetime": {"datetime": "2025-08-20 19:59:37", "elapsed": 29231.837072134018, "delta": 19.616438388824463}, "costs": {"total_cost": 216.0804671961972, "time_cost": 83.04, "final_distance_cost": 1.7980425330944045, "oscillation_cost": 51.13609983474306, "completition_cost": 0.0, "overshoot_cost": 54.043670372395155, "power_cost": 13.791799865722657, "noise_cost": 12.270854590241923, "n_waypoints_completed": 9, "tot_waypoints": 9}}
{"target": -177.6739252695265, "params": {"k_pid_pos": [1.4698128353043505, 0.024859491386256316, 0.3434561031905483], "k_pid_alt": [1.2679502233621702, 0.0, 0.1], "k_pid_att": [43.948176657889235, 1.326856224425946, 0.9274604585040267], "k_pid_yaw": [0.5, 1e-06, 0.1], "k_pid_hsp": [2.82373402557605, 0.01, 0.01], "k_pid_vsp": [111.20884264032553, 102.7157397860675, 1.0]}, "datetime": {"datetime": "2025-08-20 19:59:52", "elapsed": 29246.519919633865, "delta": 14.682847499847412}, "costs": {"total_cost": 177.6739252695265, "time_cost": 69.152, "final_distance_cost": 1.8262656886158488, "oscillation_cost": 34.33594552183275, "completition_cost": 0.0, "overshoot_cost": 50.065815663241324, "power_cost": 11.237653356933594, "noise_cost": 11.056245038902981, "n_waypoints_completed": 9, "tot_waypoints": 9}}
