{"target": -181.56107008810437, "params": {"k_pid_pos": [1.4698128353043505, 0.024859491386256316, 0.3434561031905483], "k_pid_alt": [1.2679502233621702, 0.0, 0.1], "k_pid_att": [43.948176657889235, 1.1166001057131414, 0.9274604585040267], "k_pid_yaw": [0.5, 1e-06, 0.1], "k_pid_hsp": [2.82373402557605, 0.01, 0.01], "k_pid_vsp": [305.67975269326223, 102.7157397860675, 1.0]}, "datetime": {"datetime": "2025-08-20 20:59:54", "elapsed": 32848.58546257019, "delta": 14.857982873916626}, "costs": {"total_cost": 181.56107008810437, "time_cost": 69.44, "final_distance_cost": 1.8271544024086024, "oscillation_cost": 37.23235882176683, "completition_cost": 0.0, "overshoot_cost": 50.59309849254969, "power_cost": 11.369532946777344, "noise_cost": 11.0989254246019, "n_waypoints_completed": 9, "tot_waypoints": 9}}
{"target": -327.6475580642051, "params": {"k_pid_pos": [1.4698128353043505, 0.08329610310830193, 0.37255195504867966], "k_pid_alt": [1.2679502233621702, 0.0, 0.1], "k_pid_att": [43.948176657889235, 1.3893044159523613, 0.9274604585040267], "k_pid_yaw": [0.5, 1e-06, 0.1], "k_pid_hsp": [2.82373402557605, 0.01, 0.22485447213791732], "k_pid_vsp": [111.20884264032553, 102.7157397860675, 1.0]}, "datetime": {"datetime": "2025-08-20 21:00:13", "elapsed": 32867.81091928482, "delta": 19.225456714630127}, "costs": {"total_cost": 327.6475580642051, "time_cost": 76.032, "final_distance_cost": 1.789841112349879, "oscillation_cost": 171.58755833848002, "completition_cost": 0.0, "overshoot_cost": 50.26630818545987, "power_cost": 14.959587927246094, "noise_cost": 13.012262500669248, "n_waypoints_completed": 9, "tot_waypoints": 9}}
{"target": -178.87822759912342, "params": {"k_pid_pos": [1.4698128353043505, 0.024859491386256316, 0.3434561031905483], "k_pid_alt": [1.2679502233621702, 0.0, 0.1], "k_pid_att": [43.948176657889235, 1.1166001057131414, 0.9274604585040267], "k_pid_yaw": [0.5, 1e-06, 0.1], "k_pid_hsp": [2.82373402557605, 0.01, 0.01], "k_pid_vsp": [111.20884264032553, 102.7157397860675, 1.0]}, "datetime": {"datetime": "2025-08-20 21:00:31", "elapsed": 32885.60950231552, "delta": 17.798583030700684}, "costs": {"total_cost": 178.87822759912342, "time_cost": 69.184, "final_distance_cost": 1.8378687669233456, "oscillation_cost": 35.47753792921694, "completition_cost": 0.0, "overshoot_cost": 50.3037701585096, "power_cost": 11.113049768066407, "noise_cost": 10.962000976407118, "n_waypoints_completed": 9, "tot_waypoints": 9}}
{"target": -182.1306579808679, "params": {"k_pid_pos": [1.4698128353043505, 0.08329610310830193, 0.37255195504867966], "k_pid_alt": [1.2679502233621702, 0.0, 0.1], "k_pid_att": [43.948176657889235, 3.4126860594551975, 0.9274604585040267], "k_pid_yaw": [0.5, 1e-06, 0.1], "k_pid_hsp": [2.82373402557605, 0.01, 0.01], "k_pid_vsp": [111.20884264032553, 261.48215325333564, 1.0]}, "datetime": {"datetime": "2025-08-20 21:00:48", "elapsed": 32903.217539310455, "delta": 17.608036994934082}, "costs": {"total_cost": 182.1306579808679, "time_cost": 69.208, "final_distance_cost": 1.8151498434904896, "oscillation_cost": 38.23693945793123, "completition_cost": 0.0, "overshoot_cost": 49.7959369130478, "power_cost": 11.859579040527345, "noise_cost": 11.215052725871047, "n_waypoints_completed": 9, "tot_waypoints": 9}}
{"target": -177.6739252695265, "params": {"k_pid_pos": [1.4698128353043505, 0.024859491386256316, 0.3434561031905483], "k_pid_alt": [1.2679502233621702, 0.0, 0.1], "k_pid_att": [43.948176657889235, 1.326856224425946, 0.9274604585040267], "k_pid_yaw": [0.5, 1e-06, 0.1], "k_pid_hsp": [2.82373402557605, 0.01, 0.01], "k_pid_vsp": [111.20884264032553, 102.7157397860675, 1.0]}, "datetime": {"datetime": "2025-08-20 21:01:04", "elapsed": 32919.22374749184, "delta": 16.006208181381226}, "costs": {"total_cost": 177.6739252695265, "time_cost": 69.152, "final_distance_cost": 1.8262656886158488, "oscillation_cost": 34.33594552183275, "completition_cost": 0.0, "overshoot_cost": 50.065815663241324, "power_cost": 11.237653356933594, "noise_cost": 11.056245038902981, "n_waypoints_completed": 9, "tot_waypoints": 9}}
{"target": -177.6739252695265, "params": {"k_pid_pos": [1.4698128353043505, 0.024859491386256316, 0.3434561031905483], "k_pid_alt": [1.2679502233621702, 0.0, 0.1], "k_pid_att": [43.948176657889235, 1.326856224425946, 0.9274604585040267], "k_pid_yaw": [0.5, 1e-06, 0.1], "k_pid_hsp": [2.82373402557605, 0.01, 0.01], "k_pid_vsp": [111.20884264032553, 102.7157397860675, 1.0]}, "datetime": {"datetime": "2025-08-20 21:01:20", "elapsed": 32935.35763812065, "delta": 16.133890628814697}, "costs": {"total_cost": 177.6739252695265, "time_cost": 69.152, "final_distance_cost": 1.8262656886158488, "oscillation_cost": 34.33594552183275, "completition_cost": 0.0, "overshoot_cost": 50.065815663241324, "power_cost": 11.237653356933594, "noise_cost": 11.056245038902981, "n_waypoints_completed": 9, "tot_waypoints": 9}}
{"target": -177.6739252695265, "params": {"k_pid_pos": [1.4698128353043505, 0.024859491386256316, 0.3434561031905483], "k_pid_alt": [1.2679502233621702, 0.0, 0.1], "k_pid_att": [43.948176657889235, 1.326856224425946, 0.9274604585040267], "k_pid_yaw": [0.5, 1e-06, 0.1], "k_pid_hsp": [2.82373402557605, 0.01, 0.01], "k_pid_vsp": [111.20884264032553, 102.7157397860675, 1.0]}, "datetime": {"datetime": "2025-08-20 21:01:36", "elapsed": 32950.922983169556, "delta": 15.565345048904419}, "costs": {"total_cost": 177.6739252695265, "time_cost": 69.152, "final_distance_cost": 1.8262656886158488, "oscillation_cost": 34.33594552183275, "completition_cost": 0.0, "overshoot_cost": 50.065815663241324, "power_cost": 11.237653356933594, "noise_cost": 11.056245038902981, "n_waypoints_completed": 9, "tot_waypoints": 9}}
{"target": -1470.942286116053, "params": {"k_pid_pos": [0.29610266480697206, 0.0972045644645837, 0.3434561031905483], "k_pid_alt": [1.2679502233621702, 0.8140262380529626, 0.1], "k_pid_att": [43.948176657889235, 3.4126860594551975, 0.9274604585040267], "k_pid_yaw": [0.5, 1e-06, 0.1], "k_pid_hsp": [2.82373402557605, 0.01, 0.01], "k_pid_vsp": [111.20884264032553, 102.7157397860675, 289.52418500563726]}, "datetime": {"datetime": "2025-08-20 21:01:58", "elapsed": 32973.01783823967, "delta": 22.094855070114136}, "costs": {"total_cost": 1470.942286116053, "time_cost": 150, "final_distance_cost": 197.3207930764314, "oscillation_cost": 31.269171157441562, "completition_cost": 888.8888888888888, "overshoot_cost": 159.16699214433925, "power_cost": 26.015511962890628, "noise_cost": 18.280928886061513, "n_waypoints_completed": 1, "tot_waypoints": 9}}
{"target": -179.16557723323632, "params": {"k_pid_pos": [1.4698128353043505, 0.024859491386256316, 0.3434561031905483], "k_pid_alt": [1.2679502233621702, 0.0, 0.1], "k_pid_att": [43.948176657889235, 3.4126860594551975, 0.9274604585040267], "k_pid_yaw": [0.5, 1e-06, 0.1], "k_pid_hsp": [2.82373402557605, 0.01, 0.01066281316812523], "k_pid_vsp": [159.45001298599757, 157.8230240226632, 1.0]}, "datetime": {"datetime": "2025-08-20 21:02:17", "elapsed": 32991.8198196888, "delta": 18.801981449127197}, "costs": {"total_cost": 179.16557723323632, "time_cost": 69.144, "final_distance_cost": 1.8430455262248404, "oscillation_cost": 35.77667282942032, "completition_cost": 0.0, "overshoot_cost": 50.02877651402183, "power_cost": 11.280447705078126, "noise_cost": 11.092634658491193, "n_waypoints_completed": 9, "tot_waypoints": 9}}
{"target": -178.76602283084839, "params": {"k_pid_pos": [1.4698128353043505, 0.024859491386256316, 0.3434561031905483], "k_pid_alt": [1.2679502233621702, 0.0, 0.1], "k_pid_att": [43.948176657889235, 1.326856224425946, 0.9274604585040267], "k_pid_yaw": [0.5, 1e-06, 0.1], "k_pid_hsp": [2.82373402557605, 0.01, 0.01], "k_pid_vsp": [111.20884264032553, 157.8230240226632, 1.0]}, "datetime": {"datetime": "2025-08-20 21:02:32", "elapsed": 33006.79851150513, "delta": 14.978691816329956}, "costs": {"total_cost": 178.76602283084839, "time_cost": 69.104, "final_distance_cost": 1.8346595042655904, "oscillation_cost": 35.449834496495, "completition_cost": 0.0, "overshoot_cost": 50.25433509565779, "power_cost": 11.203845678710938, "noise_cost": 10.919348055719066, "n_waypoints_completed": 9, "tot_waypoints": 9}}
{"target": -197.22765220875033, "params": {"k_pid_pos": [1.4698128353043505, 0.0972045644645837, 0.3434561031905483], "k_pid_alt": [1.2679502233621702, 0.4605234584942962, 0.1], "k_pid_att": [43.948176657889235, 3.4126860594551975, 0.9274604585040267], "k_pid_yaw": [0.5, 1e-06, 0.1], "k_pid_hsp": [2.82373402557605, 0.01, 0.01066281316812523], "k_pid_vsp": [159.45001298599757, 102.7157397860675, 1.0]}, "datetime": {"datetime": "2025-08-20 21:02:50", "elapsed": 33024.97298121452, "delta": 18.174469709396362}, "costs": {"total_cost": 197.22765220875033, "time_cost": 75.296, "final_distance_cost": 1.7560599167606423, "oscillation_cost": 46.31332998840393, "completition_cost": 0.0, "overshoot_cost": 50.8551968561331, "power_cost": 11.879306225585937, "noise_cost": 11.12775922186672, "n_waypoints_completed": 9, "tot_waypoints": 9}}
{"target": -181.56107008810437, "params": {"k_pid_pos": [1.4698128353043505, 0.024859491386256316, 0.3434561031905483], "k_pid_alt": [1.2679502233621702, 0.0, 0.1], "k_pid_att": [43.948176657889235, 1.1166001057131414, 0.9274604585040267], "k_pid_yaw": [0.5, 1e-06, 0.1], "k_pid_hsp": [2.82373402557605, 0.01, 0.01], "k_pid_vsp": [305.67975269326223, 102.7157397860675, 1.0]}, "datetime": {"datetime": "2025-08-20 21:03:06", "elapsed": 33041.19942140579, "delta": 16.22644019126892}, "costs": {"total_cost": 181.56107008810437, "time_cost": 69.44, "final_distance_cost": 1.8271544024086024, "oscillation_cost": 37.23235882176683, "completition_cost": 0.0, "overshoot_cost": 50.59309849254969, "power_cost": 11.369532946777344, "noise_cost": 11.0989254246019, "n_waypoints_completed": 9, "tot_waypoints": 9}}
{"target": -340.5203149871381, "params": {"k_pid_pos": [1.4698128353043505, 0.42648172997891676, 0.3434561031905483], "k_pid_alt": [1.2679502233621702, 0.0, 0.1], "k_pid_att": [43.948176657889235, 1.326856224425946, 0.9274604585040267], "k_pid_yaw": [0.5, 1e-06, 0.1], "k_pid_hsp": [2.82373402557605, 0.01, 0.4355342850246996], "k_pid_vsp": [111.20884264032553, 102.7157397860675, 1.0]}, "datetime": {"datetime": "2025-08-20 21:03:25", "elapsed": 33060.38353395462, "delta": 19.184112548828125}, "costs": {"total_cost": 340.5203149871381, "time_cost": 81.608, "final_distance_cost": 1.7562941338378635, "oscillation_cost": 176.89941824379346, "completition_cost": 0.0, "overshoot_cost": 50.75086305351886, "power_cost": 15.904915307617188, "noise_cost": 13.600824248370639, "n_waypoints_completed": 9, "tot_waypoints": 9}}
{"target": -183.9164111109386, "params": {"k_pid_pos": [1.4698128353043505, 0.024859491386256316, 0.3434561031905483], "k_pid_alt": [1.2679502233621702, 0.0, 0.529244519518045], "k_pid_att": [43.948176657889235, 5.642133202559823, 0.9274604585040267], "k_pid_yaw": [0.5, 1e-06, 0.1], "k_pid_hsp": [2.82373402557605, 0.01, 0.01066281316812523], "k_pid_vsp": [159.45001298599757, 157.8230240226632, 1.0]}, "datetime": {"datetime": "2025-08-20 21:03:41", "elapsed": 33076.05884218216, "delta": 15.675308227539062}, "costs": {"total_cost": 183.9164111109386, "time_cost": 70.392, "final_distance_cost": 1.8376114742183092, "oscillation_cost": 39.02507227384887, "completition_cost": 0.0, "overshoot_cost": 49.84016675742226, "power_cost": 11.596845959472656, "noise_cost": 11.224714645976533, "n_waypoints_completed": 9, "tot_waypoints": 9}}
{"target": -220.85690951009482, "params": {"k_pid_pos": [1.4698128353043505, 0.0972045644645837, 0.8438952038875002], "k_pid_alt": [0.3249148695892172, 0.0, 0.1], "k_pid_att": [43.948176657889235, 3.4126860594551975, 0.9274604585040267], "k_pid_yaw": [0.5, 1e-06, 0.1], "k_pid_hsp": [2.82373402557605, 0.01, 0.01], "k_pid_vsp": [111.20884264032553, 102.7157397860675, 1.0]}, "datetime": {"datetime": "2025-08-20 21:04:04", "elapsed": 33098.799327373505, "delta": 22.740485191345215}, "costs": {"total_cost": 220.85690951009482, "time_cost": 95.52, "final_distance_cost": 1.862605566577646, "oscillation_cost": 43.17199687519539, "completition_cost": 0.0, "overshoot_cost": 51.31769860136608, "power_cost": 14.789130541992188, "noise_cost": 14.195477924963502, "n_waypoints_completed": 9, "tot_waypoints": 9}}
{"target": -178.68845958254076, "params": {"k_pid_pos": [1.4698128353043505, 0.024859491386256316, 0.3434561031905483], "k_pid_alt": [1.2679502233621702, 0.0, 0.1], "k_pid_att": [43.948176657889235, 3.4126860594551975, 0.9274604585040267], "k_pid_yaw": [0.5, 1e-06, 0.1], "k_pid_hsp": [2.82373402557605, 0.01, 0.01], "k_pid_vsp": [111.20884264032553, 102.7157397860675, 1.0]}, "datetime": {"datetime": "2025-08-20 21:04:19", "elapsed": 33114.32000923157, "delta": 15.520681858062744}, "costs": {"total_cost": 178.68845958254076, "time_cost": 69.176, "final_distance_cost": 1.8322434393859444, "oscillation_cost": 35.11274181414861, "completition_cost": 0.0, "overshoot_cost": 50.27670671254896, "power_cost": 11.252723193359376, "noise_cost": 11.038044423097862, "n_waypoints_completed": 9, "tot_waypoints": 9}}
{"target": -178.1720662008559, "params": {"k_pid_pos": [1.4698128353043505, 0.024859491386256316, 0.3434561031905483], "k_pid_alt": [1.2679502233621702, 0.0, 0.053878507660848673], "k_pid_att": [43.948176657889235, 1.326856224425946, 0.9274604585040267], "k_pid_yaw": [0.5, 1e-06, 0.1], "k_pid_hsp": [2.82373402557605, 0.01, 0.01], "k_pid_vsp": [104.30040172718557, 102.7157397860675, 1.0]}, "datetime": {"datetime": "2025-08-20 21:04:38", "elapsed": 33132.82681918144, "delta": 18.506809949874878}, "costs": {"total_cost": 178.1720662008559, "time_cost": 69.056, "final_distance_cost": 1.8396264392277424, "oscillation_cost": 35.42784337673628, "completition_cost": 0.0, "overshoot_cost": 49.831717436246926, "power_cost": 11.132902600097657, "noise_cost": 10.883976348547307, "n_waypoints_completed": 9, "tot_waypoints": 9}}
{"target": -184.75172144953686, "params": {"k_pid_pos": [1.4698128353043505, 0.024859491386256316, 0.3434561031905483], "k_pid_alt": [1.2679502233621702, 0.0, 0.1], "k_pid_att": [43.948176657889235, 1.326856224425946, 0.261380462049589], "k_pid_yaw": [0.5, 1e-06, 0.1], "k_pid_hsp": [2.82373402557605, 0.01, 0.01], "k_pid_vsp": [247.62506162993122, 261.48215325333564, 1.0]}, "datetime": {"datetime": "2025-08-20 21:04:54", "elapsed": 33148.63373351097, "delta": 15.806914329528809}, "costs": {"total_cost": 184.75172144953686, "time_cost": 69.232, "final_distance_cost": 1.8376434679031275, "oscillation_cost": 40.773123458488605, "completition_cost": 0.0, "overshoot_cost": 49.91512333384035, "power_cost": 11.83505760498047, "noise_cost": 11.1587735843243, "n_waypoints_completed": 9, "tot_waypoints": 9}}
{"target": -187.8388515429606, "params": {"k_pid_pos": [1.4698128353043505, 0.19767101818116828, 0.37255195504867966], "k_pid_alt": [1.2679502233621702, 0.0, 0.1], "k_pid_att": [43.948176657889235, 3.4126860594551975, 0.9274604585040267], "k_pid_yaw": [0.5, 1e-06, 0.1], "k_pid_hsp": [2.82373402557605, 0.01, 0.01], "k_pid_vsp": [111.20884264032553, 102.7157397860675, 1.0]}, "datetime": {"datetime": "2025-08-20 21:05:11", "elapsed": 33165.88452935219, "delta": 17.25079584121704}, "costs": {"total_cost": 187.8388515429606, "time_cost": 73.08800000000001, "final_distance_cost": 1.8029423508367892, "oscillation_cost": 38.54984897145467, "completition_cost": 0.0, "overshoot_cost": 50.82187805701498, "power_cost": 11.99039990234375, "noise_cost": 11.585782261310442, "n_waypoints_completed": 9, "tot_waypoints": 9}}
{"target": -314.12291114032547, "params": {"k_pid_pos": [1.4698128353043505, 0.024859491386256316, 0.3303643224147128], "k_pid_alt": [1.2679502233621702, 0.0, 0.1], "k_pid_att": [43.948176657889235, 1.326856224425946, 0.9274604585040267], "k_pid_yaw": [0.5, 1e-06, 0.1], "k_pid_hsp": [8.64516018738754, 0.01, 0.959672251936908], "k_pid_vsp": [111.20884264032553, 170.90862241197195, 1.0]}, "datetime": {"datetime": "2025-08-20 21:05:28", "elapsed": 33183.27986574173, "delta": 17.395336389541626}, "costs": {"total_cost": 314.12291114032547, "time_cost": 74.872, "final_distance_cost": 1.794420095533173, "oscillation_cost": 158.52910425113208, "completition_cost": 0.0, "overshoot_cost": 51.00545453983662, "power_cost": 15.045352575683594, "noise_cost": 12.876579678140065, "n_waypoints_completed": 9, "tot_waypoints": 9}}
{"target": -178.87822759912342, "params": {"k_pid_pos": [1.4698128353043505, 0.024859491386256316, 0.3434561031905483], "k_pid_alt": [1.2679502233621702, 0.0, 0.1], "k_pid_att": [43.948176657889235, 1.1166001057131414, 0.9274604585040267], "k_pid_yaw": [0.5, 1e-06, 0.1], "k_pid_hsp": [2.82373402557605, 0.01, 0.01], "k_pid_vsp": [111.20884264032553, 102.7157397860675, 1.0]}, "datetime": {"datetime": "2025-08-20 21:05:44", "elapsed": 33199.48694014549, "delta": 16.207074403762817}, "costs": {"total_cost": 178.87822759912342, "time_cost": 69.184, "final_distance_cost": 1.8378687669233456, "oscillation_cost": 35.47753792921694, "completition_cost": 0.0, "overshoot_cost": 50.3037701585096, "power_cost": 11.113049768066407, "noise_cost": 10.962000976407118, "n_waypoints_completed": 9, "tot_waypoints": 9}}
{"target": -200.81446188611474, "params": {"k_pid_pos": [1.4698128353043505, 0.024859491386256316, 0.3434561031905483], "k_pid_alt": [1.2679502233621702, 0.2019335548662432, 0.1], "k_pid_att": [43.948176657889235, 1.326856224425946, 0.9274604585040267], "k_pid_yaw": [0.5, 1e-06, 0.1], "k_pid_hsp": [2.82373402557605, 0.01, 0.01], "k_pid_vsp": [111.20884264032553, 232.04965347563177, 1.0]}, "datetime": {"datetime": "2025-08-20 21:06:04", "elapsed": 33218.53425168991, "delta": 19.047311544418335}, "costs": {"total_cost": 200.81446188611474, "time_cost": 79.2, "final_distance_cost": 1.7891094086042552, "oscillation_cost": 44.69516762247726, "completition_cost": 0.0, "overshoot_cost": 50.61061702764515, "power_cost": 12.784448815917969, "noise_cost": 11.73511901147013, "n_waypoints_completed": 9, "tot_waypoints": 9}}
{"target": -180.32783335017683, "params": {"k_pid_pos": [1.4698128353043505, 0.05987593904989075, 0.3434561031905483], "k_pid_alt": [1.2679502233621702, 0.0, 0.1], "k_pid_att": [43.948176657889235, 1.326856224425946, 0.8612643910736462], "k_pid_yaw": [0.5, 1e-06, 0.1], "k_pid_hsp": [2.82373402557605, 0.08333843891839088, 0.01], "k_pid_vsp": [111.20884264032553, 102.7157397860675, 1.0]}, "datetime": {"datetime": "2025-08-20 21:06:19", "elapsed": 33233.76044225693, "delta": 15.226190567016602}, "costs": {"total_cost": 180.32783335017683, "time_cost": 69.048, "final_distance_cost": 1.817526637070251, "oscillation_cost": 37.30169519946228, "completition_cost": 0.0, "overshoot_cost": 50.06543196177651, "power_cost": 11.225271826171875, "noise_cost": 10.869907725695922, "n_waypoints_completed": 9, "tot_waypoints": 9}}
{"target": -829.913196835244, "params": {"k_pid_pos": [1.4698128353043505, 0.5399861953611764, 0.3434561031905483], "k_pid_alt": [1.2679502233621702, 0.0, 0.1], "k_pid_att": [43.948176657889235, 1.1166001057131414, 0.9274604585040267], "k_pid_yaw": [0.5, 1e-06, 0.1], "k_pid_hsp": [2.82373402557605, 0.8627093488844175, 0.02877061880178511], "k_pid_vsp": [111.20884264032553, 35.373638634020004, 352.1114971280501]}, "datetime": {"datetime": "2025-08-20 21:06:44", "elapsed": 33258.67578291893, "delta": 24.915340662002563}, "costs": {"total_cost": 829.913196835244, "time_cost": 150, "final_distance_cost": 54.21696736242286, "oscillation_cost": 72.36530087493608, "completition_cost": 444.4444444444444, "overshoot_cost": 73.08110385541768, "power_cost": 17.070747106933595, "noise_cost": 18.7346331910894, "n_waypoints_completed": 5, "tot_waypoints": 9}}
{"target": -211.7139857893085, "params": {"k_pid_pos": [0.745422360986763, 0.024859491386256316, 0.3434561031905483], "k_pid_alt": [1.2679502233621702, 0.0, 0.1], "k_pid_att": [43.948176657889235, 2.352529590908416, 0.16608962520040438], "k_pid_yaw": [0.5, 1e-06, 0.1], "k_pid_hsp": [2.82373402557605, 0.10522572507436234, 0.01], "k_pid_vsp": [111.20884264032553, 285.19281182393763, 1.0]}, "datetime": {"datetime": "2025-08-20 21:07:01", "elapsed": 33276.06881761551, "delta": 17.39303469657898}, "costs": {"total_cost": 211.7139857893085, "time_cost": 78.34400000000001, "final_distance_cost": 1.853309365790165, "oscillation_cost": 54.95883991933749, "completition_cost": 0.0, "overshoot_cost": 50.591902553586564, "power_cost": 13.010670336914064, "noise_cost": 12.95526361368021, "n_waypoints_completed": 9, "tot_waypoints": 9}}
{"target": -181.66353450056184, "params": {"k_pid_pos": [1.4698128353043505, 0.024859491386256316, 0.3434561031905483], "k_pid_alt": [1.2679502233621702, 0.0, 0.1], "k_pid_att": [43.948176657889235, 3.4126860594551975, 0.9274604585040267], "k_pid_yaw": [0.5, 1e-06, 0.1], "k_pid_hsp": [2.82373402557605, 0.01, 0.01], "k_pid_vsp": [111.20884264032553, 261.48215325333564, 1.0]}, "datetime": {"datetime": "2025-08-20 21:07:18", "elapsed": 33293.31587123871, "delta": 17.247053623199463}, "costs": {"total_cost": 181.66353450056184, "time_cost": 69.096, "final_distance_cost": 1.835567811928463, "oscillation_cost": 38.37570637889726, "completition_cost": 0.0, "overshoot_cost": 50.01561447558419, "power_cost": 11.401457690429687, "noise_cost": 10.939188143722236, "n_waypoints_completed": 9, "tot_waypoints": 9}}
