{"target": -194.67154986705768, "params": {"k_pid_pos": [1.4698128353043505, 0.024859491386256316, 0.3434561031905483], "k_pid_alt": [1.2679502233621702, 0.0, 0.2915903713486512], "k_pid_att": [43.948176657889235, 6.766944352677465, 0.73590781336997], "k_pid_yaw": [0.5, 1e-06, 0.1], "k_pid_hsp": [9.661409074882902, 0.03986108334795646, 0.01], "k_pid_vsp": [360.3759557007902, 32.59246354921366, 1.0]}, "datetime": {"datetime": "2025-08-20 18:24:03", "elapsed": 23497.616661787033, "delta": 16.147109270095825}, "costs": {"total_cost": 194.67154986705768, "time_cost": 70.60000000000001, "final_distance_cost": 1.840114517247724, "oscillation_cost": 48.5969777185104, "completition_cost": 0.0, "overshoot_cost": 50.08529101154776, "power_cost": 12.021794702148439, "noise_cost": 11.527371917603357, "n_waypoints_completed": 9, "tot_waypoints": 9}}
{"target": -180.40810129406827, "params": {"k_pid_pos": [1.4698128353043505, 0.024859491386256316, 0.11401919133455096], "k_pid_alt": [1.2679502233621702, 0.0, 0.1], "k_pid_att": [43.948176657889235, 3.7802132718527557, 0.9274604585040267], "k_pid_yaw": [0.5, 1e-06, 0.1], "k_pid_hsp": [2.395389635608916, 0.01, 0.01], "k_pid_vsp": [111.20884264032553, 102.7157397860675, 1.0]}, "datetime": {"datetime": "2025-08-20 18:24:17", "elapsed": 23512.067036390305, "delta": 14.450374603271484}, "costs": {"total_cost": 180.40810129406827, "time_cost": 68.656, "final_distance_cost": 1.7855036050235287, "oscillation_cost": 37.645407527558994, "completition_cost": 0.0, "overshoot_cost": 49.9598019448747, "power_cost": 11.380489074707032, "noise_cost": 10.980899141904002, "n_waypoints_completed": 9, "tot_waypoints": 9}}
{"target": -180.40810129406827, "params": {"k_pid_pos": [1.4698128353043505, 0.024859491386256316, 0.11401919133455096], "k_pid_alt": [1.2679502233621702, 0.0, 0.1], "k_pid_att": [43.948176657889235, 3.7802132718527557, 0.9274604585040267], "k_pid_yaw": [0.5, 1e-06, 0.1], "k_pid_hsp": [2.395389635608916, 0.01, 0.01], "k_pid_vsp": [111.20884264032553, 102.7157397860675, 1.0]}, "datetime": {"datetime": "2025-08-20 18:24:34", "elapsed": 23528.50793147087, "delta": 16.440895080566406}, "costs": {"total_cost": 180.40810129406827, "time_cost": 68.656, "final_distance_cost": 1.7855036050235287, "oscillation_cost": 37.645407527558994, "completition_cost": 0.0, "overshoot_cost": 49.9598019448747, "power_cost": 11.380489074707032, "noise_cost": 10.980899141904002, "n_waypoints_completed": 9, "tot_waypoints": 9}}
{"target": -219.54423142087535, "params": {"k_pid_pos": [1.4698128353043505, 0.024859491386256316, 0.11401919133455096], "k_pid_alt": [1.2679502233621702, 0.7984273847917338, 0.1], "k_pid_att": [43.948176657889235, 2.6889016979653872, 0.31810659681476605], "k_pid_yaw": [0.5, 1e-06, 0.1], "k_pid_hsp": [2.395389635608916, 0.01, 0.01], "k_pid_vsp": [111.20884264032553, 178.623871307833, 1.0]}, "datetime": {"datetime": "2025-08-20 18:24:52", "elapsed": 23546.781492948532, "delta": 18.273561477661133}, "costs": {"total_cost": 219.54423142087535, "time_cost": 81.408, "final_distance_cost": 1.7886096218049619, "oscillation_cost": 56.66903775341318, "completition_cost": 0.0, "overshoot_cost": 53.3171998630082, "power_cost": 14.084887475585939, "noise_cost": 12.276496707063071, "n_waypoints_completed": 9, "tot_waypoints": 9}}
{"target": -183.8098395011024, "params": {"k_pid_pos": [1.4698128353043505, 0.024859491386256316, 0.3434561031905483], "k_pid_alt": [0.9311547609957027, 0.0, 0.292395508677496], "k_pid_att": [43.948176657889235, 3.7802132718527557, 0.9274604585040267], "k_pid_yaw": [0.5, 1e-06, 0.1], "k_pid_hsp": [2.395389635608916, 0.01, 0.01], "k_pid_vsp": [111.20884264032553, 102.7157397860675, 1.0]}, "datetime": {"datetime": "2025-08-20 18:25:08", "elapsed": 23562.811805963516, "delta": 16.03031301498413}, "costs": {"total_cost": 183.8098395011024, "time_cost": 71.28, "final_distance_cost": 1.8251170181944438, "oscillation_cost": 38.04246165855561, "completition_cost": 0.0, "overshoot_cost": 49.828752579682586, "power_cost": 11.605124499511719, "noise_cost": 11.228383745158034, "n_waypoints_completed": 9, "tot_waypoints": 9}}
{"target": -182.29955015814662, "params": {"k_pid_pos": [1.4698128353043505, 0.024859491386256316, 0.2662270978845458], "k_pid_alt": [1.2679502233621702, 0.0, 0.5352314762690444], "k_pid_att": [43.948176657889235, 3.7802132718527557, 0.9274604585040267], "k_pid_yaw": [0.5, 1e-06, 0.1], "k_pid_hsp": [2.395389635608916, 0.01, 0.01], "k_pid_vsp": [110.56511661686339, 94.28610281764664, 1.0]}, "datetime": {"datetime": "2025-08-20 18:25:23", "elapsed": 23578.406667232513, "delta": 15.594861268997192}, "costs": {"total_cost": 182.29955015814662, "time_cost": 70.248, "final_distance_cost": 1.819482031720879, "oscillation_cost": 37.73708394563473, "completition_cost": 0.0, "overshoot_cost": 49.955428822563555, "power_cost": 11.51140048828125, "noise_cost": 11.028154869946176, "n_waypoints_completed": 9, "tot_waypoints": 9}}
{"target": -189.33911155590678, "params": {"k_pid_pos": [1.4698128353043505, 0.024859491386256316, 0.2662270978845458], "k_pid_alt": [1.2679502233621702, 0.0, 0.1], "k_pid_att": [43.948176657889235, 5.859554809351448, 0.9274604585040267], "k_pid_yaw": [0.5, 1e-06, 0.1], "k_pid_hsp": [2.395389635608916, 0.01, 0.01], "k_pid_vsp": [264.9966777379314, 102.7157397860675, 13.269141705997619]}, "datetime": {"datetime": "2025-08-20 18:25:38", "elapsed": 23593.30518221855, "delta": 14.898514986038208}, "costs": {"total_cost": 189.33911155590678, "time_cost": 69.008, "final_distance_cost": 1.8233048295489422, "oscillation_cost": 43.625079990287816, "completition_cost": 0.0, "overshoot_cost": 50.67339588230573, "power_cost": 13.170945251464845, "noise_cost": 11.038385602299453, "n_waypoints_completed": 9, "tot_waypoints": 9}}
{"target": -192.9219601141157, "params": {"k_pid_pos": [1.4698128353043505, 0.024859491386256316, 0.2662270978845458], "k_pid_alt": [1.2679502233621702, 0.0, 0.1], "k_pid_att": [28.281900831094653, 5.859554809351448, 0.9274604585040267], "k_pid_yaw": [0.5, 1e-06, 0.1], "k_pid_hsp": [2.395389635608916, 0.01, 0.01], "k_pid_vsp": [29.726899196260923, 362.15748629354863, 1.0]}, "datetime": {"datetime": "2025-08-20 18:25:55", "elapsed": 23610.378653287888, "delta": 17.073471069335938}, "costs": {"total_cost": 192.9219601141157, "time_cost": 68.528, "final_distance_cost": 1.824887129874308, "oscillation_cost": 48.74217764222094, "completition_cost": 0.0, "overshoot_cost": 49.89140946312517, "power_cost": 12.888035546875, "noise_cost": 11.047450332020281, "n_waypoints_completed": 9, "tot_waypoints": 9}}
{"target": -209.56805975406863, "params": {"k_pid_pos": [1.4698128353043505, 0.8175948644785515, 0.3434561031905483], "k_pid_alt": [1.2679502233621702, 0.0, 0.1], "k_pid_att": [43.948176657889235, 3.7802132718527557, 0.9274604585040267], "k_pid_yaw": [0.5, 1e-06, 0.1], "k_pid_hsp": [2.395389635608916, 0.7779309970918005, 0.01], "k_pid_vsp": [111.20884264032553, 102.7157397860675, 1.0]}, "datetime": {"datetime": "2025-08-20 18:26:14", "elapsed": 23628.642729759216, "delta": 18.264076471328735}, "costs": {"total_cost": 209.56805975406863, "time_cost": 81.184, "final_distance_cost": 1.7370902317071042, "oscillation_cost": 48.171295623895396, "completition_cost": 0.0, "overshoot_cost": 50.586524416583075, "power_cost": 14.953887414550781, "noise_cost": 12.935262067332275, "n_waypoints_completed": 9, "tot_waypoints": 9}}
{"target": -969.1196188856632, "params": {"k_pid_pos": [1.4698128353043505, 0.024859491386256316, 0.11401919133455096], "k_pid_alt": [0.08287277088409217, 0.0, 0.1], "k_pid_att": [43.948176657889235, 3.7802132718527557, 0.9242347693904343], "k_pid_yaw": [0.5, 1e-06, 0.1], "k_pid_hsp": [2.395389635608916, 0.01, 0.01], "k_pid_vsp": [111.20884264032553, 102.7157397860675, 1.0]}, "datetime": {"datetime": "2025-08-20 18:26:36", "elapsed": 23650.499549388885, "delta": 21.85681962966919}, "costs": {"total_cost": 969.1196188856632, "time_cost": 150, "final_distance_cost": 57.5789132571925, "oscillation_cost": 22.629936978332864, "completition_cost": 666.6666666666667, "overshoot_cost": 44.316068333328715, "power_cost": 14.210903552246094, "noise_cost": 13.717130097896236, "n_waypoints_completed": 3, "tot_waypoints": 9}}
{"target": -178.68955258574186, "params": {"k_pid_pos": [1.4698128353043505, 0.024859491386256316, 0.2662270978845458], "k_pid_alt": [1.2679502233621702, 0.0, 0.1], "k_pid_att": [43.948176657889235, 3.7802132718527557, 0.9274604585040267], "k_pid_yaw": [0.5, 1e-06, 0.1], "k_pid_hsp": [2.395389635608916, 0.01, 0.01], "k_pid_vsp": [110.56511661686339, 102.7157397860675, 1.0]}, "datetime": {"datetime": "2025-08-20 18:26:51", "elapsed": 23665.973261117935, "delta": 15.473711729049683}, "costs": {"total_cost": 178.68955258574186, "time_cost": 68.92, "final_distance_cost": 1.8212740937025527, "oscillation_cost": 35.72949926253249, "completition_cost": 0.0, "overshoot_cost": 49.95417545447319, "power_cost": 11.299898352050782, "noise_cost": 10.964705422982869, "n_waypoints_completed": 9, "tot_waypoints": 9}}
{"target": -178.70478725309496, "params": {"k_pid_pos": [1.4698128353043505, 0.024859491386256316, 0.3434561031905483], "k_pid_alt": [1.2679502233621702, 0.0, 0.1], "k_pid_att": [43.948176657889235, 3.7802132718527557, 0.9274604585040267], "k_pid_yaw": [0.5, 1e-06, 0.1], "k_pid_hsp": [2.395389635608916, 0.01, 0.01], "k_pid_vsp": [111.20884264032553, 102.7157397860675, 1.0]}, "datetime": {"datetime": "2025-08-20 18:27:07", "elapsed": 23682.21901035309, "delta": 16.2457492351532}, "costs": {"total_cost": 178.70478725309496, "time_cost": 69.12, "final_distance_cost": 1.8299338179061795, "oscillation_cost": 35.21687367722384, "completition_cost": 0.0, "overshoot_cost": 50.090394500534366, "power_cost": 11.321949291992189, "noise_cost": 11.125635965438402, "n_waypoints_completed": 9, "tot_waypoints": 9}}
{"target": -178.70478725309496, "params": {"k_pid_pos": [1.4698128353043505, 0.024859491386256316, 0.3434561031905483], "k_pid_alt": [1.2679502233621702, 0.0, 0.1], "k_pid_att": [43.948176657889235, 3.7802132718527557, 0.9274604585040267], "k_pid_yaw": [0.5, 1e-06, 0.1], "k_pid_hsp": [2.395389635608916, 0.01, 0.01], "k_pid_vsp": [111.20884264032553, 102.7157397860675, 1.0]}, "datetime": {"datetime": "2025-08-20 18:27:23", "elapsed": 23697.617416858673, "delta": 15.398406505584717}, "costs": {"total_cost": 178.70478725309496, "time_cost": 69.12, "final_distance_cost": 1.8299338179061795, "oscillation_cost": 35.21687367722384, "completition_cost": 0.0, "overshoot_cost": 50.090394500534366, "power_cost": 11.321949291992189, "noise_cost": 11.125635965438402, "n_waypoints_completed": 9, "tot_waypoints": 9}}
{"target": -180.05461096028097, "params": {"k_pid_pos": [1.4698128353043505, 0.024859491386256316, 0.2662270978845458], "k_pid_alt": [1.2679502233621702, 0.0, 0.1], "k_pid_att": [33.06901212709937, 3.7802132718527557, 0.9274604585040267], "k_pid_yaw": [0.5, 1e-06, 0.1], "k_pid_hsp": [2.395389635608916, 0.01, 0.01], "k_pid_vsp": [111.20884264032553, 102.7157397860675, 1.0]}, "datetime": {"datetime": "2025-08-20 18:27:38", "elapsed": 23713.101432085037, "delta": 15.484015226364136}, "costs": {"total_cost": 180.05461096028097, "time_cost": 68.872, "final_distance_cost": 1.8173658145050287, "oscillation_cost": 37.051858881861584, "completition_cost": 0.0, "overshoot_cost": 50.04389919293001, "power_cost": 11.341356237792969, "noise_cost": 10.928130833191364, "n_waypoints_completed": 9, "tot_waypoints": 9}}
{"target": -180.76658574811003, "params": {"k_pid_pos": [1.4698128353043505, 0.024859491386256316, 0.10532024692005881], "k_pid_alt": [1.2679502233621702, 0.0, 0.1], "k_pid_att": [43.948176657889235, 3.7802132718527557, 0.9274604585040267], "k_pid_yaw": [0.5, 1e-06, 0.1], "k_pid_hsp": [2.395389635608916, 0.01, 0.01], "k_pid_vsp": [110.56511661686339, 102.7157397860675, 1.0]}, "datetime": {"datetime": "2025-08-20 18:27:53", "elapsed": 23727.84954071045, "delta": 14.748108625411987}, "costs": {"total_cost": 180.76658574811003, "time_cost": 68.64, "final_distance_cost": 1.7807469865215462, "oscillation_cost": 38.00557751420563, "completition_cost": 0.0, "overshoot_cost": 49.91587596444252, "power_cost": 11.432590625000001, "noise_cost": 10.991794657940334, "n_waypoints_completed": 9, "tot_waypoints": 9}}
{"target": -214.5672712528446, "params": {"k_pid_pos": [1.4698128353043505, 0.024859491386256316, 0.9818093895928307], "k_pid_alt": [1.2679502233621702, 0.0, 0.2915903713486512], "k_pid_att": [43.948176657889235, 6.766944352677465, 0.73590781336997], "k_pid_yaw": [0.5, 1e-06, 0.1], "k_pid_hsp": [9.661409074882902, 0.036551335399587326, 0.01], "k_pid_vsp": [360.3759557007902, 32.59246354921366, 1.0]}, "datetime": {"datetime": "2025-08-20 18:28:11", "elapsed": 23745.59490132332, "delta": 17.745360612869263}, "costs": {"total_cost": 214.5672712528446, "time_cost": 74.36, "final_distance_cost": 1.8541746421729681, "oscillation_cost": 62.15261348914841, "completition_cost": 0.0, "overshoot_cost": 50.83364944068262, "power_cost": 12.903010180664063, "noise_cost": 12.463823500176531, "n_waypoints_completed": 9, "tot_waypoints": 9}}
{"target": -201.4083839318711, "params": {"k_pid_pos": [1.4698128353043505, 0.0005578519329870746, 0.3434561031905483], "k_pid_alt": [1.2679502233621702, 0.0, 0.1], "k_pid_att": [43.948176657889235, 3.7802132718527557, 0.11689683853528843], "k_pid_yaw": [0.5, 1e-06, 0.1], "k_pid_hsp": [2.395389635608916, 0.01, 0.01], "k_pid_vsp": [387.1470188825909, 102.7157397860675, 1.0]}, "datetime": {"datetime": "2025-08-20 18:28:25", "elapsed": 23760.403706789017, "delta": 14.808805465698242}, "costs": {"total_cost": 201.4083839318711, "time_cost": 69.728, "final_distance_cost": 1.8445578622327046, "oscillation_cost": 56.66095159569799, "completition_cost": 0.0, "overshoot_cost": 50.20606824200124, "power_cost": 11.660570129394532, "noise_cost": 11.30823610254464, "n_waypoints_completed": 9, "tot_waypoints": 9}}
{"target": -221.64599384924034, "params": {"k_pid_pos": [1.4698128353043505, 0.8175948644785515, 0.3434561031905483], "k_pid_alt": [1.2679502233621702, 0.0, 0.1], "k_pid_att": [43.948176657889235, 3.7802132718527557, 0.6249488241409268], "k_pid_yaw": [0.5, 1e-06, 0.1], "k_pid_hsp": [2.395389635608916, 0.7779309970918005, 0.01], "k_pid_vsp": [111.20884264032553, 102.7157397860675, 1.0]}, "datetime": {"datetime": "2025-08-20 18:28:45", "elapsed": 23779.672481298447, "delta": 19.26877450942993}, "costs": {"total_cost": 221.64599384924034, "time_cost": 85.608, "final_distance_cost": 1.7780803877273816, "oscillation_cost": 52.085334802812035, "completition_cost": 0.0, "overshoot_cost": 52.55880002881075, "power_cost": 15.587298510742189, "noise_cost": 14.028480119147995, "n_waypoints_completed": 9, "tot_waypoints": 9}}
{"target": -331.1311508709933, "params": {"k_pid_pos": [1.4698128353043505, 0.024859491386256316, 0.11401919133455096], "k_pid_alt": [1.2679502233621702, 0.0, 0.1], "k_pid_att": [43.948176657889235, 6.766944352677465, 0.73590781336997], "k_pid_yaw": [0.5, 1e-06, 0.1], "k_pid_hsp": [2.395389635608916, 0.01, 0.8374187147485667], "k_pid_vsp": [33.09370770872002, 102.7157397860675, 1.0]}, "datetime": {"datetime": "2025-08-20 18:29:02", "elapsed": 23797.42909359932, "delta": 17.756612300872803}, "costs": {"total_cost": 331.1311508709933, "time_cost": 78.256, "final_distance_cost": 1.7437808175440772, "oscillation_cost": 165.61732099235178, "completition_cost": 0.0, "overshoot_cost": 56.44165014586072, "power_cost": 15.475287573242188, "noise_cost": 13.597111341994474, "n_waypoints_completed": 9, "tot_waypoints": 9}}
{"target": -178.8950858421485, "params": {"k_pid_pos": [1.4698128353043505, 0.024859491386256316, 0.3434561031905483], "k_pid_alt": [1.2679502233621702, 0.0, 0.1], "k_pid_att": [35.543488255586034, 3.7802132718527557, 0.9274604585040267], "k_pid_yaw": [0.5, 1e-06, 0.1], "k_pid_hsp": [2.395389635608916, 0.01, 0.01], "k_pid_vsp": [110.56511661686339, 94.28610281764664, 1.0]}, "datetime": {"datetime": "2025-08-20 18:29:17", "elapsed": 23812.27060031891, "delta": 14.841506719589233}, "costs": {"total_cost": 178.8950858421485, "time_cost": 69.104, "final_distance_cost": 1.8431379863214659, "oscillation_cost": 35.87823791882743, "completition_cost": 0.0, "overshoot_cost": 50.083055455029246, "power_cost": 11.109540075683594, "noise_cost": 10.877114406286793, "n_waypoints_completed": 9, "tot_waypoints": 9}}
{"target": -207.24614541746243, "params": {"k_pid_pos": [1.4698128353043505, 0.5975766577032856, 0.2662270978845458], "k_pid_alt": [1.2679502233621702, 0.0, 0.5352314762690444], "k_pid_att": [43.948176657889235, 3.7802132718527557, 0.9274604585040267], "k_pid_yaw": [0.5, 1e-06, 0.1], "k_pid_hsp": [2.395389635608916, 0.01, 0.01], "k_pid_vsp": [111.20884264032553, 102.7157397860675, 1.0]}, "datetime": {"datetime": "2025-08-20 18:29:36", "elapsed": 23830.942479372025, "delta": 18.671879053115845}, "costs": {"total_cost": 207.24614541746243, "time_cost": 83.224, "final_distance_cost": 1.7741644564648966, "oscillation_cost": 43.67152394586387, "completition_cost": 0.0, "overshoot_cost": 51.64657106548966, "power_cost": 14.145571020507813, "noise_cost": 12.78431492913616, "n_waypoints_completed": 9, "tot_waypoints": 9}}
{"target": -204.96313162159754, "params": {"k_pid_pos": [1.4698128353043505, 0.829171023922357, 0.5553847934559067], "k_pid_alt": [1.2679502233621702, 0.0, 0.1], "k_pid_att": [43.948176657889235, 3.7802132718527557, 0.9274604585040267], "k_pid_yaw": [0.5, 1e-06, 0.1], "k_pid_hsp": [2.395389635608916, 0.01, 0.01], "k_pid_vsp": [111.20884264032553, 102.7157397860675, 1.0]}, "datetime": {"datetime": "2025-08-20 18:29:54", "elapsed": 23849.34134697914, "delta": 18.3988676071167}, "costs": {"total_cost": 204.96313162159754, "time_cost": 81.712, "final_distance_cost": 1.738635063471644, "oscillation_cost": 43.509538278968485, "completition_cost": 0.0, "overshoot_cost": 51.145840420835846, "power_cost": 14.114683666992189, "noise_cost": 12.74243419132939, "n_waypoints_completed": 9, "tot_waypoints": 9}}
{"target": -182.07101124864937, "params": {"k_pid_pos": [1.4698128353043505, 0.024859491386256316, 0.11401919133455096], "k_pid_alt": [1.2679502233621702, 0.0, 0.1], "k_pid_att": [43.948176657889235, 5.859554809351448, 0.9274604585040267], "k_pid_yaw": [0.5, 1e-06, 0.1], "k_pid_hsp": [2.395389635608916, 0.01, 0.01], "k_pid_vsp": [264.9966777379314, 102.7157397860675, 1.0]}, "datetime": {"datetime": "2025-08-20 18:30:09", "elapsed": 23864.280241966248, "delta": 14.938894987106323}, "costs": {"total_cost": 182.07101124864937, "time_cost": 68.872, "final_distance_cost": 1.8004397868086, "oscillation_cost": 38.96555716655747, "completition_cost": 0.0, "overshoot_cost": 50.21539066070782, "power_cost": 11.365582165527345, "noise_cost": 10.852041469048151, "n_waypoints_completed": 9, "tot_waypoints": 9}}
{"target": -178.70478725309496, "params": {"k_pid_pos": [1.4698128353043505, 0.024859491386256316, 0.3434561031905483], "k_pid_alt": [1.2679502233621702, 0.0, 0.1], "k_pid_att": [43.948176657889235, 3.7802132718527557, 0.9274604585040267], "k_pid_yaw": [0.5, 1e-06, 0.1], "k_pid_hsp": [2.395389635608916, 0.01, 0.01], "k_pid_vsp": [111.20884264032553, 102.7157397860675, 1.0]}, "datetime": {"datetime": "2025-08-20 18:30:25", "elapsed": 23879.835550308228, "delta": 15.55530834197998}, "costs": {"total_cost": 178.70478725309496, "time_cost": 69.12, "final_distance_cost": 1.8299338179061795, "oscillation_cost": 35.21687367722384, "completition_cost": 0.0, "overshoot_cost": 50.090394500534366, "power_cost": 11.321949291992189, "noise_cost": 11.125635965438402, "n_waypoints_completed": 9, "tot_waypoints": 9}}
{"target": -193.2175325204054, "params": {"k_pid_pos": [1.4698128353043505, 0.4144180460981123, 0.8805880266982272], "k_pid_alt": [1.2679502233621702, 0.0, 0.1], "k_pid_att": [43.948176657889235, 3.7802132718527557, 0.9274604585040267], "k_pid_yaw": [0.5, 1e-06, 0.1], "k_pid_hsp": [2.395389635608916, 0.01, 0.01], "k_pid_vsp": [111.20884264032553, 191.6355082529379, 1.0]}, "datetime": {"datetime": "2025-08-20 18:30:42", "elapsed": 23896.98712158203, "delta": 17.15157127380371}, "costs": {"total_cost": 193.2175325204054, "time_cost": 75.632, "final_distance_cost": 1.8058755209538888, "oscillation_cost": 40.65252786813209, "completition_cost": 0.0, "overshoot_cost": 50.747332571654155, "power_cost": 12.388553430175781, "noise_cost": 11.991243129489476, "n_waypoints_completed": 9, "tot_waypoints": 9}}
{"target": -177.6739252695265, "params": {"k_pid_pos": [1.4698128353043505, 0.024859491386256316, 0.3434561031905483], "k_pid_alt": [1.2679502233621702, 0.0, 0.1], "k_pid_att": [43.948176657889235, 1.326856224425946, 0.9274604585040267], "k_pid_yaw": [0.5, 1e-06, 0.1], "k_pid_hsp": [2.82373402557605, 0.01, 0.01], "k_pid_vsp": [111.20884264032553, 102.7157397860675, 1.0]}, "datetime": {"datetime": "2025-08-20 18:30:57", "elapsed": 23912.112815380096, "delta": 15.125693798065186}, "costs": {"total_cost": 177.6739252695265, "time_cost": 69.152, "final_distance_cost": 1.8262656886158488, "oscillation_cost": 34.33594552183275, "completition_cost": 0.0, "overshoot_cost": 50.065815663241324, "power_cost": 11.237653356933594, "noise_cost": 11.056245038902981, "n_waypoints_completed": 9, "tot_waypoints": 9}}
