{"target": -177.60937995499717, "params": {"k_pid_pos": [1.4698128353043505, 0.0822904257601288, 0.3434561031905483], "k_pid_alt": [1.2679502233621702, 0.0, 0.1], "k_pid_att": [43.948176657889235, 1.326856224425946, 0.9808211468183533], "k_pid_yaw": [0.5, 1e-06, 0.1], "k_pid_hsp": [2.82373402557605, 0.01, 0.01], "k_pid_vsp": [111.20884264032553, 102.7157397860675, 1.0]}, "datetime": {"datetime": "2025-08-20 23:41:08", "elapsed": 42522.80715036392, "delta": 14.849033832550049}, "costs": {"total_cost": 177.60937995499717, "time_cost": 69.168, "final_distance_cost": 1.8236531971998164, "oscillation_cost": 34.65964045638309, "completition_cost": 0.0, "overshoot_cost": 49.90985172465229, "power_cost": 11.13902373046875, "noise_cost": 10.909210846293195, "n_waypoints_completed": 9, "tot_waypoints": 9}}
{"target": -185.89653010722424, "params": {"k_pid_pos": [1.4698128353043505, 0.0822904257601288, 0.11838016897587333], "k_pid_alt": [1.982159599922034, 0.0, 0.8325386616406555], "k_pid_att": [58.93513073376321, 1.326856224425946, 0.9808211468183533], "k_pid_yaw": [0.5, 1e-06, 0.1], "k_pid_hsp": [2.82373402557605, 0.8009836977913036, 0.01], "k_pid_vsp": [111.20884264032553, 130.7497157006716, 1.0]}, "datetime": {"datetime": "2025-08-20 23:41:25", "elapsed": 42540.06298875809, "delta": 17.25583839416504}, "costs": {"total_cost": 185.89653010722424, "time_cost": 68.83200000000001, "final_distance_cost": 1.8141488284283356, "oscillation_cost": 43.45811375894352, "completition_cost": 0.0, "overshoot_cost": 49.354737801287115, "power_cost": 11.578889489746095, "noise_cost": 10.858640228819166, "n_waypoints_completed": 9, "tot_waypoints": 9}}
{"target": -184.426337089585, "params": {"k_pid_pos": [1.4698128353043505, 0.0822904257601288, 0.6426725997905931], "k_pid_alt": [1.2679502233621702, 0.0, 0.1], "k_pid_att": [43.948176657889235, 1.326856224425946, 0.9808211468183533], "k_pid_yaw": [0.5, 1e-06, 0.1], "k_pid_hsp": [2.82373402557605, 0.01, 0.01], "k_pid_vsp": [111.20884264032553, 102.7157397860675, 1.0]}, "datetime": {"datetime": "2025-08-20 23:41:40", "elapsed": 42555.33545470238, "delta": 15.272465944290161}, "costs": {"total_cost": 184.426337089585, "time_cost": 70.2, "final_distance_cost": 1.8427266349539742, "oscillation_cost": 39.328845431480104, "completition_cost": 0.0, "overshoot_cost": 50.03723197384071, "power_cost": 11.628004333496094, "noise_cost": 11.389528715814082, "n_waypoints_completed": 9, "tot_waypoints": 9}}
{"target": -182.46958548925667, "params": {"k_pid_pos": [1.3676806635977035, 0.0822904257601288, 0.3434561031905483], "k_pid_alt": [1.2679502233621702, 0.0, 0.1], "k_pid_att": [43.948176657889235, 1.326856224425946, 0.9808211468183533], "k_pid_yaw": [0.5, 1e-06, 0.1], "k_pid_hsp": [1.3066227922266478, 0.01, 0.01], "k_pid_vsp": [376.4279218662118, 102.7157397860675, 1.0]}, "datetime": {"datetime": "2025-08-20 23:41:57", "elapsed": 42571.924263477325, "delta": 16.58880877494812}, "costs": {"total_cost": 182.46958548925667, "time_cost": 69.784, "final_distance_cost": 1.8317940480071486, "oscillation_cost": 36.58810640079126, "completition_cost": 0.0, "overshoot_cost": 50.4585796308139, "power_cost": 12.336926794433595, "noise_cost": 11.470178615210758, "n_waypoints_completed": 9, "tot_waypoints": 9}}
{"target": -187.03588361568313, "params": {"k_pid_pos": [1.1962579188677336, 0.0822904257601288, 0.3434561031905483], "k_pid_alt": [1.2679502233621702, 0.0, 0.1], "k_pid_att": [43.948176657889235, 1.326856224425946, 0.9808211468183533], "k_pid_yaw": [0.5, 1e-06, 0.1], "k_pid_hsp": [2.82373402557605, 0.01, 0.01], "k_pid_vsp": [111.20884264032553, 288.03575426390444, 1.0]}, "datetime": {"datetime": "2025-08-20 23:42:13", "elapsed": 42587.71369075775, "delta": 15.789427280426025}, "costs": {"total_cost": 187.03588361568313, "time_cost": 70.144, "final_distance_cost": 1.8291092983304216, "oscillation_cost": 42.10703578802762, "completition_cost": 0.0, "overshoot_cost": 49.8832311600615, "power_cost": 11.702099426269532, "noise_cost": 11.370407942994023, "n_waypoints_completed": 9, "tot_waypoints": 9}}
{"target": -197.49445025952153, "params": {"k_pid_pos": [1.4698128353043505, 0.0822904257601288, 0.3434561031905483], "k_pid_alt": [1.2679502233621702, 0.4135768382239383, 0.1], "k_pid_att": [43.948176657889235, 1.326856224425946, 0.9808211468183533], "k_pid_yaw": [0.5, 1e-06, 0.1], "k_pid_hsp": [2.82373402557605, 0.43100619087786507, 0.01], "k_pid_vsp": [111.20884264032553, 102.7157397860675, 1.0]}, "datetime": {"datetime": "2025-08-20 23:42:30", "elapsed": 42605.407591581345, "delta": 17.69390082359314}, "costs": {"total_cost": 197.49445025952153, "time_cost": 75.272, "final_distance_cost": 1.8034385601521898, "oscillation_cost": 46.34810569440869, "completition_cost": 0.0, "overshoot_cost": 50.61693518228938, "power_cost": 12.096235876464844, "noise_cost": 11.357734946206424, "n_waypoints_completed": 9, "tot_waypoints": 9}}
{"target": -186.90109687198384, "params": {"k_pid_pos": [1.4698128353043505, 0.0822904257601288, 0.3434561031905483], "k_pid_alt": [1.2679502233621702, 0.0, 0.1], "k_pid_att": [43.948176657889235, 1.326856224425946, 0.9808211468183533], "k_pid_yaw": [0.5, 1e-06, 0.1], "k_pid_hsp": [7.044421223357856, 0.01, 0.01], "k_pid_vsp": [111.20884264032553, 102.7157397860675, 1.0]}, "datetime": {"datetime": "2025-08-20 23:42:47", "elapsed": 42621.635843753815, "delta": 16.228252172470093}, "costs": {"total_cost": 186.90109687198384, "time_cost": 69.144, "final_distance_cost": 1.8210403525898258, "oscillation_cost": 42.998676092372605, "completition_cost": 0.0, "overshoot_cost": 49.98155945199027, "power_cost": 11.741974841308595, "noise_cost": 11.213846133722543, "n_waypoints_completed": 9, "tot_waypoints": 9}}
{"target": -187.66332908361022, "params": {"k_pid_pos": [1.4698128353043505, 0.0822904257601288, 0.3434561031905483], "k_pid_alt": [1.2679502233621702, 0.0, 0.1], "k_pid_att": [43.948176657889235, 1.326856224425946, 0.9808211468183533], "k_pid_yaw": [0.5, 1e-06, 0.1], "k_pid_hsp": [2.82373402557605, 0.9705230061166062, 0.01], "k_pid_vsp": [207.52502104309642, 241.3579044095462, 1.0]}, "datetime": {"datetime": "2025-08-20 23:43:03", "elapsed": 42637.59383392334, "delta": 15.957990169525146}, "costs": {"total_cost": 187.66332908361022, "time_cost": 68.768, "final_distance_cost": 1.8289565391548464, "oscillation_cost": 45.0561376482208, "completition_cost": 0.0, "overshoot_cost": 49.512808657401706, "power_cost": 11.533320251464845, "noise_cost": 10.964105987368013, "n_waypoints_completed": 9, "tot_waypoints": 9}}
{"target": -349.20957026398014, "params": {"k_pid_pos": [1.4698128353043505, 0.0822904257601288, 0.3434561031905483], "k_pid_alt": [1.2679502233621702, 0.0, 0.1], "k_pid_att": [43.948176657889235, 1.326856224425946, 0.9808211468183533], "k_pid_yaw": [0.5, 1e-06, 0.1], "k_pid_hsp": [2.82373402557605, 0.01, 0.8261445320930985], "k_pid_vsp": [111.20884264032553, 102.7157397860675, 1.0]}, "datetime": {"datetime": "2025-08-20 23:43:25", "elapsed": 42659.73693275452, "delta": 22.143098831176758}, "costs": {"total_cost": 349.20957026398014, "time_cost": 83.936, "final_distance_cost": 1.786288473851424, "oscillation_cost": 176.95836605240834, "completition_cost": 0.0, "overshoot_cost": 55.70322973051328, "power_cost": 16.845019689941406, "noise_cost": 13.980666317265653, "n_waypoints_completed": 9, "tot_waypoints": 9}}
{"target": -183.59649004565702, "params": {"k_pid_pos": [1.4698128353043505, 0.0822904257601288, 0.4835379607307613], "k_pid_alt": [1.2679502233621702, 0.0, 0.1], "k_pid_att": [43.948176657889235, 7.469019292422298, 0.5155183737788994], "k_pid_yaw": [0.5, 1e-06, 0.1], "k_pid_hsp": [2.82373402557605, 0.01, 0.01], "k_pid_vsp": [111.20884264032553, 102.7157397860675, 1.0]}, "datetime": {"datetime": "2025-08-20 23:43:41", "elapsed": 42675.69812917709, "delta": 15.961196422576904}, "costs": {"total_cost": 183.59649004565702, "time_cost": 69.624, "final_distance_cost": 1.8337945655897774, "oscillation_cost": 38.902568570587015, "completition_cost": 0.0, "overshoot_cost": 50.11434914072561, "power_cost": 11.788814416503907, "noise_cost": 11.332963352250703, "n_waypoints_completed": 9, "tot_waypoints": 9}}
{"target": -178.72140221195505, "params": {"k_pid_pos": [1.4698128353043505, 0.0822904257601288, 0.3434561031905483], "k_pid_alt": [1.2679502233621702, 0.0, 0.1], "k_pid_att": [43.948176657889235, 1.326856224425946, 0.9808211468183533], "k_pid_yaw": [0.5, 1e-06, 0.1], "k_pid_hsp": [2.82373402557605, 0.01, 0.01], "k_pid_vsp": [111.20884264032553, 164.25479589157845, 1.0]}, "datetime": {"datetime": "2025-08-20 23:43:56", "elapsed": 42690.523965358734, "delta": 14.825836181640625}, "costs": {"total_cost": 178.72140221195505, "time_cost": 69.144, "final_distance_cost": 1.8221576534973052, "oscillation_cost": 35.79573241400883, "completition_cost": 0.0, "overshoot_cost": 49.725584272588875, "power_cost": 11.254878588867188, "noise_cost": 10.97904928299286, "n_waypoints_completed": 9, "tot_waypoints": 9}}
{"target": -333.98958321213445, "params": {"k_pid_pos": [1.4698128353043505, 0.0822904257601288, 0.3434561031905483], "k_pid_alt": [1.7619160783285848, 0.0, 0.1], "k_pid_att": [43.948176657889235, 1.326856224425946, 0.9808211468183533], "k_pid_yaw": [0.5, 1e-06, 0.1], "k_pid_hsp": [2.82373402557605, 0.01, 0.8681258499127755], "k_pid_vsp": [111.20884264032553, 102.7157397860675, 1.0]}, "datetime": {"datetime": "2025-08-20 23:44:15", "elapsed": 42710.13632082939, "delta": 19.61235547065735}, "costs": {"total_cost": 333.98958321213445, "time_cost": 78.68, "final_distance_cost": 1.786306855314657, "oscillation_cost": 169.3055522644049, "completition_cost": 0.0, "overshoot_cost": 55.70151365934003, "power_cost": 15.552581896972656, "noise_cost": 12.96362853610219, "n_waypoints_completed": 9, "tot_waypoints": 9}}
{"target": -177.60937995499717, "params": {"k_pid_pos": [1.4698128353043505, 0.0822904257601288, 0.3434561031905483], "k_pid_alt": [1.2679502233621702, 0.0, 0.1], "k_pid_att": [43.948176657889235, 1.326856224425946, 0.9808211468183533], "k_pid_yaw": [0.5, 1e-06, 0.1], "k_pid_hsp": [2.82373402557605, 0.01, 0.01], "k_pid_vsp": [111.20884264032553, 102.7157397860675, 1.0]}, "datetime": {"datetime": "2025-08-20 23:44:31", "elapsed": 42725.66944479942, "delta": 15.533123970031738}, "costs": {"total_cost": 177.60937995499717, "time_cost": 69.168, "final_distance_cost": 1.8236531971998164, "oscillation_cost": 34.65964045638309, "completition_cost": 0.0, "overshoot_cost": 49.90985172465229, "power_cost": 11.13902373046875, "noise_cost": 10.909210846293195, "n_waypoints_completed": 9, "tot_waypoints": 9}}
{"target": -203.4917069411458, "params": {"k_pid_pos": [1.4698128353043505, 0.0822904257601288, 0.3434561031905483], "k_pid_alt": [1.2679502233621702, 0.6655849197813264, 0.1], "k_pid_att": [68.76253016884914, 1.326856224425946, 0.9808211468183533], "k_pid_yaw": [0.5, 1e-06, 0.1], "k_pid_hsp": [2.82373402557605, 0.01, 0.01], "k_pid_vsp": [111.20884264032553, 102.7157397860675, 1.0]}, "datetime": {"datetime": "2025-08-20 23:44:51", "elapsed": 42745.56414413452, "delta": 19.894699335098267}, "costs": {"total_cost": 203.4917069411458, "time_cost": 77.272, "final_distance_cost": 1.7736773545138984, "oscillation_cost": 48.187563891302425, "completition_cost": 0.0, "overshoot_cost": 51.65501463104058, "power_cost": 13.007396508789062, "noise_cost": 11.596054555499807, "n_waypoints_completed": 9, "tot_waypoints": 9}}
{"target": -177.60937995499717, "params": {"k_pid_pos": [1.4698128353043505, 0.0822904257601288, 0.3434561031905483], "k_pid_alt": [1.2679502233621702, 0.0, 0.1], "k_pid_att": [43.948176657889235, 1.326856224425946, 0.9808211468183533], "k_pid_yaw": [0.5, 1e-06, 0.1], "k_pid_hsp": [2.82373402557605, 0.01, 0.01], "k_pid_vsp": [111.20884264032553, 102.7157397860675, 1.0]}, "datetime": {"datetime": "2025-08-20 23:45:05", "elapsed": 42760.24727654457, "delta": 14.683132410049438}, "costs": {"total_cost": 177.60937995499717, "time_cost": 69.168, "final_distance_cost": 1.8236531971998164, "oscillation_cost": 34.65964045638309, "completition_cost": 0.0, "overshoot_cost": 49.90985172465229, "power_cost": 11.13902373046875, "noise_cost": 10.909210846293195, "n_waypoints_completed": 9, "tot_waypoints": 9}}
{"target": -190.10782942623285, "params": {"k_pid_pos": [1.4698128353043505, 0.0822904257601288, 0.3434561031905483], "k_pid_alt": [1.2679502233621702, 0.0, 0.6696586695724378], "k_pid_att": [43.948176657889235, 1.326856224425946, 0.9808211468183533], "k_pid_yaw": [0.5, 1e-06, 0.1], "k_pid_hsp": [2.82373402557605, 0.6008292549165513, 0.01], "k_pid_vsp": [111.20884264032553, 102.7157397860675, 1.0]}, "datetime": {"datetime": "2025-08-20 23:45:23", "elapsed": 42778.26029586792, "delta": 18.013019323349}, "costs": {"total_cost": 190.10782942623285, "time_cost": 70.664, "final_distance_cost": 1.8162713689378465, "oscillation_cost": 45.388854969758796, "completition_cost": 0.0, "overshoot_cost": 49.54783161516602, "power_cost": 11.629944201660157, "noise_cost": 11.060927270710025, "n_waypoints_completed": 9, "tot_waypoints": 9}}
{"target": -178.8149066678021, "params": {"k_pid_pos": [1.4698128353043505, 0.0822904257601288, 0.3434561031905483], "k_pid_alt": [1.2679502233621702, 0.0, 0.1], "k_pid_att": [48.72034828741394, 1.326856224425946, 0.9808211468183533], "k_pid_yaw": [0.5, 1e-06, 0.1], "k_pid_hsp": [2.82373402557605, 0.01, 0.01], "k_pid_vsp": [111.20884264032553, 102.7157397860675, 1.0]}, "datetime": {"datetime": "2025-08-20 23:45:40", "elapsed": 42794.493418216705, "delta": 16.2331223487854}, "costs": {"total_cost": 178.8149066678021, "time_cost": 69.232, "final_distance_cost": 1.8277332665826564, "oscillation_cost": 35.04125727744086, "completition_cost": 0.0, "overshoot_cost": 50.28247288718755, "power_cost": 11.370992810058594, "noise_cost": 11.060450426532451, "n_waypoints_completed": 9, "tot_waypoints": 9}}
{"target": -1320.162859881142, "params": {"k_pid_pos": [1.4698128353043505, 0.0822904257601288, 0.3434561031905483], "k_pid_alt": [0.021028542021824803, 0.0, 0.1], "k_pid_att": [43.948176657889235, 1.326856224425946, 0.9808211468183533], "k_pid_yaw": [0.5, 1e-06, 0.1], "k_pid_hsp": [9.257316765505706, 0.01, 0.01], "k_pid_vsp": [111.20884264032553, 102.7157397860675, 1.0]}, "datetime": {"datetime": "2025-08-20 23:46:02", "elapsed": 42816.50452852249, "delta": 22.011110305786133}, "costs": {"total_cost": 1320.162859881142, "time_cost": 150, "final_distance_cost": 39.00891175759438, "oscillation_cost": 42.4732413779405, "completition_cost": 1000.0, "overshoot_cost": 58.63925206499194, "power_cost": 15.249533459472657, "noise_cost": 14.791921221142482, "n_waypoints_completed": 0, "tot_waypoints": 9}}
{"target": -182.84159295820024, "params": {"k_pid_pos": [1.4698128353043505, 0.0822904257601288, 0.3434561031905483], "k_pid_alt": [1.2679502233621702, 0.0, 0.1], "k_pid_att": [43.948176657889235, 1.326856224425946, 0.9808211468183533], "k_pid_yaw": [0.5, 1e-06, 0.1], "k_pid_hsp": [2.82373402557605, 0.55573453206941, 0.01], "k_pid_vsp": [111.20884264032553, 102.7157397860675, 1.0]}, "datetime": {"datetime": "2025-08-20 23:46:19", "elapsed": 42834.0897166729, "delta": 17.585188150405884}, "costs": {"total_cost": 182.84159295820024, "time_cost": 68.816, "final_distance_cost": 1.8281879028096621, "oscillation_cost": 39.932910569432245, "completition_cost": 0.0, "overshoot_cost": 50.034841227559795, "power_cost": 11.33507060546875, "noise_cost": 10.89458265292976, "n_waypoints_completed": 9, "tot_waypoints": 9}}
{"target": -182.68956692947384, "params": {"k_pid_pos": [1.4698128353043505, 0.0822904257601288, 0.3434561031905483], "k_pid_alt": [1.2679502233621702, 0.0, 0.1], "k_pid_att": [20.751691990093025, 1.326856224425946, 0.9808211468183533], "k_pid_yaw": [0.5, 1e-06, 0.1], "k_pid_hsp": [5.976713255381488, 0.01, 0.01], "k_pid_vsp": [134.16649986656185, 102.7157397860675, 1.0]}, "datetime": {"datetime": "2025-08-20 23:46:34", "elapsed": 42849.283729076385, "delta": 15.19401240348816}, "costs": {"total_cost": 182.68956692947384, "time_cost": 69.136, "final_distance_cost": 1.8190355662406956, "oscillation_cost": 39.31993280466809, "completition_cost": 0.0, "overshoot_cost": 49.995979464335555, "power_cost": 11.384350036621095, "noise_cost": 11.034269057608393, "n_waypoints_completed": 9, "tot_waypoints": 9}}
{"target": -181.83838899347478, "params": {"k_pid_pos": [1.4698128353043505, 0.0822904257601288, 0.3434561031905483], "k_pid_alt": [1.2679502233621702, 0.0, 0.1], "k_pid_att": [43.948176657889235, 7.935037623115764, 0.868834961448951], "k_pid_yaw": [0.5, 1e-06, 0.1], "k_pid_hsp": [2.82373402557605, 0.01, 0.01], "k_pid_vsp": [111.20884264032553, 294.55613088355835, 1.0]}, "datetime": {"datetime": "2025-08-20 23:46:51", "elapsed": 42865.518312215805, "delta": 16.234583139419556}, "costs": {"total_cost": 181.83838899347478, "time_cost": 69.16, "final_distance_cost": 1.832254740507642, "oscillation_cost": 37.916511934200244, "completition_cost": 0.0, "overshoot_cost": 49.80745009359664, "power_cost": 11.89933953857422, "noise_cost": 11.22283268659605, "n_waypoints_completed": 9, "tot_waypoints": 9}}
{"target": -177.60937995499717, "params": {"k_pid_pos": [1.4698128353043505, 0.0822904257601288, 0.3434561031905483], "k_pid_alt": [1.2679502233621702, 0.0, 0.1], "k_pid_att": [43.948176657889235, 1.326856224425946, 0.9808211468183533], "k_pid_yaw": [0.5, 1e-06, 0.1], "k_pid_hsp": [2.82373402557605, 0.01, 0.01], "k_pid_vsp": [111.20884264032553, 102.7157397860675, 1.0]}, "datetime": {"datetime": "2025-08-20 23:47:06", "elapsed": 42881.34028458595, "delta": 15.821972370147705}, "costs": {"total_cost": 177.60937995499717, "time_cost": 69.168, "final_distance_cost": 1.8236531971998164, "oscillation_cost": 34.65964045638309, "completition_cost": 0.0, "overshoot_cost": 49.90985172465229, "power_cost": 11.13902373046875, "noise_cost": 10.909210846293195, "n_waypoints_completed": 9, "tot_waypoints": 9}}
{"target": -186.61023448820288, "params": {"k_pid_pos": [1.4698128353043505, 0.4455476589345837, 0.3434561031905483], "k_pid_alt": [1.2679502233621702, 0.0, 0.1], "k_pid_att": [43.948176657889235, 1.326856224425946, 0.9808211468183533], "k_pid_yaw": [0.5, 1e-06, 0.1], "k_pid_hsp": [2.82373402557605, 0.01, 0.01], "k_pid_vsp": [111.20884264032553, 102.7157397860675, 1.0]}, "datetime": {"datetime": "2025-08-20 23:47:24", "elapsed": 42898.703670978546, "delta": 17.363386392593384}, "costs": {"total_cost": 186.61023448820288, "time_cost": 73.568, "final_distance_cost": 1.7714388862134618, "oscillation_cost": 35.4866914202805, "completition_cost": 0.0, "overshoot_cost": 51.932384971360534, "power_cost": 12.254846801757813, "noise_cost": 11.596872408590567, "n_waypoints_completed": 9, "tot_waypoints": 9}}
{"target": -1082.9862195662768, "params": {"k_pid_pos": [1.4698128353043505, 0.0822904257601288, 0.3434561031905483], "k_pid_alt": [1.2679502233621702, 0.0, 0.1], "k_pid_att": [43.948176657889235, 1.326856224425946, 0.9808211468183533], "k_pid_yaw": [0.5, 1e-06, 0.1], "k_pid_hsp": [2.82373402557605, 0.655325505929925, 0.01], "k_pid_vsp": [9.421784533534128, 102.7157397860675, 214.88090862515918]}, "datetime": {"datetime": "2025-08-20 23:47:46", "elapsed": 42920.59497618675, "delta": 21.891305208206177}, "costs": {"total_cost": 1082.9862195662768, "time_cost": 150, "final_distance_cost": 87.80127718229258, "oscillation_cost": 40.19079957707672, "completition_cost": 666.6666666666667, "overshoot_cost": 95.83014052128371, "power_cost": 23.690017138671877, "noise_cost": 18.80731848028517, "n_waypoints_completed": 3, "tot_waypoints": 9}}
{"target": -182.56080825633313, "params": {"k_pid_pos": [1.4698128353043505, 0.0822904257601288, 0.3434561031905483], "k_pid_alt": [1.2679502233621702, 0.0, 0.1], "k_pid_att": [43.948176657889235, 1.326856224425946, 0.9808211468183533], "k_pid_yaw": [0.5, 1e-06, 0.1], "k_pid_hsp": [2.82373402557605, 0.38287381964741674, 0.01], "k_pid_vsp": [389.547240119663, 102.7157397860675, 1.0]}, "datetime": {"datetime": "2025-08-20 23:48:04", "elapsed": 42938.536741256714, "delta": 17.941765069961548}, "costs": {"total_cost": 182.56080825633313, "time_cost": 69.176, "final_distance_cost": 1.8212236958215828, "oscillation_cost": 39.68073431768679, "completition_cost": 0.0, "overshoot_cost": 49.66761344246258, "power_cost": 11.25310750732422, "noise_cost": 10.962129293037949, "n_waypoints_completed": 9, "tot_waypoints": 9}}
{"target": -349.8217699126177, "params": {"k_pid_pos": [1.4698128353043505, 0.0822904257601288, 0.3434561031905483], "k_pid_alt": [1.2679502233621702, 0.0, 0.1], "k_pid_att": [84.0443421127811, 1.326856224425946, 0.9808211468183533], "k_pid_yaw": [0.5, 1e-06, 0.1], "k_pid_hsp": [2.82373402557605, 0.01, 0.3838047254019724], "k_pid_vsp": [111.20884264032553, 102.7157397860675, 1.0]}, "datetime": {"datetime": "2025-08-20 23:48:20", "elapsed": 42955.28027200699, "delta": 16.743530750274658}, "costs": {"total_cost": 349.8217699126177, "time_cost": 75.968, "final_distance_cost": 1.7326730070389138, "oscillation_cost": 191.09392800003315, "completition_cost": 0.0, "overshoot_cost": 51.64507585624482, "power_cost": 15.893267639160158, "noise_cost": 13.48882541014061, "n_waypoints_completed": 9, "tot_waypoints": 9}}
