{"target": -181.4802123416467, "params": {"k_pid_pos": [1.4698128353043505, 0.024859491386256316, 0.11401919133455096], "k_pid_alt": [1.2679502233621702, 0.0, 0.1], "k_pid_att": [43.948176657889235, 4.028010644934719, 0.9274604585040267], "k_pid_yaw": [0.5, 1e-06, 0.1], "k_pid_hsp": [1.0, 0.01, 0.01], "k_pid_vsp": [111.20884264032553, 93.09285943774285, 1.0]}, "datetime": {"datetime": "2025-08-20 14:17:33", "elapsed": 8707.688291311264, "delta": 16.917588710784912}, "costs": {"total_cost": 181.4802123416467, "time_cost": 68.464, "final_distance_cost": 1.8018037763830503, "oscillation_cost": 37.45865289253258, "completition_cost": 0.0, "overshoot_cost": 50.076347427588175, "power_cost": 12.431372692871093, "noise_cost": 11.248035552271835, "n_waypoints_completed": 9, "tot_waypoints": 9}}
{"target": -183.43384415605493, "params": {"k_pid_pos": [1.4999912498542303, 0.024859491386256316, 0.11401919133455096], "k_pid_alt": [1.2679502233621702, 0.0, 0.1576465649121419], "k_pid_att": [52.781640202125004, 1.0, 0.9274604585040267], "k_pid_yaw": [0.5, 1e-06, 0.1], "k_pid_hsp": [3.226465079465205, 0.029631885976391104, 0.01], "k_pid_vsp": [111.20884264032553, 93.09285943774285, 1.0]}, "datetime": {"datetime": "2025-08-20 14:17:49", "elapsed": 8724.47502875328, "delta": 16.7867374420166}, "costs": {"total_cost": 183.43384415605493, "time_cost": 68.856, "final_distance_cost": 1.779944242847321, "oscillation_cost": 40.010807879975346, "completition_cost": 0.0, "overshoot_cost": 50.621369726412524, "power_cost": 11.347611987304688, "noise_cost": 10.818110319515089, "n_waypoints_completed": 9, "tot_waypoints": 9}}
{"target": -1125.5646458867814, "params": {"k_pid_pos": [1.4999912498542303, 0.024859491386256316, 0.11401919133455096], "k_pid_alt": [1.2679502233621702, 0.0, 0.1], "k_pid_att": [94.76983214653384, 5.887625867895858, 0.8383117218922788], "k_pid_yaw": [0.5, 1e-06, 0.1], "k_pid_hsp": [1.0, 0.01, 0.01], "k_pid_vsp": [111.20884264032553, 201.50022734948823, 198.76861340365707]}, "datetime": {"datetime": "2025-08-20 14:18:14", "elapsed": 8748.501790523529, "delta": 24.026761770248413}, "costs": {"total_cost": 1125.5646458867814, "time_cost": 150, "final_distance_cost": 84.32168845822957, "oscillation_cost": 39.15572807431236, "completition_cost": 777.7777777777778, "overshoot_cost": 59.39874028709613, "power_cost": 7.044222778320313, "noise_cost": 7.866488511044954, "n_waypoints_completed": 2, "tot_waypoints": 9}}
{"target": -268.67315047404156, "params": {"k_pid_pos": [1.4698128353043505, 0.024859491386256316, 0.11401919133455096], "k_pid_alt": [1.8299588345564006, 0.0, 0.1], "k_pid_att": [43.948176657889235, 3.7802132718527557, 0.38500037867184356], "k_pid_yaw": [0.5, 1e-06, 0.1], "k_pid_hsp": [9.822050525885613, 0.01, 0.01], "k_pid_vsp": [111.20884264032553, 69.46038294301658, 85.70232995912893]}, "datetime": {"datetime": "2025-08-20 14:18:34", "elapsed": 8769.16201043129, "delta": 20.66021990776062}, "costs": {"total_cost": 268.67315047404156, "time_cost": 79.19200000000001, "final_distance_cost": 1.8454604521924773, "oscillation_cost": 103.25951521899403, "completition_cost": 0.0, "overshoot_cost": 56.02586477273435, "power_cost": 15.838739184570313, "noise_cost": 12.511570845550349, "n_waypoints_completed": 9, "tot_waypoints": 9}}
{"target": -181.14981710339268, "params": {"k_pid_pos": [1.4999912498542303, 0.11906128738229915, 0.11401919133455096], "k_pid_alt": [1.2679502233621702, 0.0, 0.2242343482792274], "k_pid_att": [43.948176657889235, 2.1609837743181, 0.9274604585040267], "k_pid_yaw": [0.5, 1e-06, 0.1], "k_pid_hsp": [1.0, 0.01, 0.01], "k_pid_vsp": [42.24848860435038, 93.09285943774285, 1.0]}, "datetime": {"datetime": "2025-08-20 14:18:51", "elapsed": 8785.605995893478, "delta": 16.44398546218872}, "costs": {"total_cost": 181.14981710339268, "time_cost": 68.776, "final_distance_cost": 1.7723162248555635, "oscillation_cost": 36.95394558231987, "completition_cost": 0.0, "overshoot_cost": 50.12111902948503, "power_cost": 12.3612828125, "noise_cost": 11.165153454232238, "n_waypoints_completed": 9, "tot_waypoints": 9}}
{"target": -211.20341127877694, "params": {"k_pid_pos": [1.9188042305344217, 0.024859491386256316, 0.11401919133455096], "k_pid_alt": [1.2679502233621702, 0.0, 0.1], "k_pid_att": [59.499437225992025, 3.7802132718527557, 0.9274604585040267], "k_pid_yaw": [0.5, 1e-06, 0.1], "k_pid_hsp": [1.0, 0.8344040447135034, 0.01], "k_pid_vsp": [111.20884264032553, 93.09285943774285, 1.0]}, "datetime": {"datetime": "2025-08-20 14:19:09", "elapsed": 8804.319174528122, "delta": 18.713178634643555}, "costs": {"total_cost": 211.20341127877694, "time_cost": 70.432, "final_distance_cost": 1.8154364872466722, "oscillation_cost": 64.57385666605973, "completition_cost": 0.0, "overshoot_cost": 49.41129371462088, "power_cost": 13.428279992675781, "noise_cost": 11.542544418173879, "n_waypoints_completed": 9, "tot_waypoints": 9}}
{"target": -197.01388610925673, "params": {"k_pid_pos": [1.4698128353043505, 0.024859491386256316, 0.11401919133455096], "k_pid_alt": [1.2679502233621702, 0.0, 0.1], "k_pid_att": [43.948176657889235, 3.7802132718527557, 0.9274604585040267], "k_pid_yaw": [0.5, 1e-06, 0.1], "k_pid_hsp": [9.822050525885613, 0.01, 0.01], "k_pid_vsp": [111.20884264032553, 69.46038294301658, 1.0]}, "datetime": {"datetime": "2025-08-20 14:19:30", "elapsed": 8825.185796260834, "delta": 20.866621732711792}, "costs": {"total_cost": 197.01388610925673, "time_cost": 68.808, "final_distance_cost": 1.8073052044782558, "oscillation_cost": 53.25954527013237, "completition_cost": 0.0, "overshoot_cost": 50.01985257215625, "power_cost": 11.996983264160157, "noise_cost": 11.122199798329696, "n_waypoints_completed": 9, "tot_waypoints": 9}}
{"target": -305.57551995502257, "params": {"k_pid_pos": [1.4999912498542303, 0.024859491386256316, 0.11401919133455096], "k_pid_alt": [1.2679502233621702, 0.0, 0.5399188106009101], "k_pid_att": [43.948176657889235, 3.7802132718527557, 0.9274604585040267], "k_pid_yaw": [0.5, 1e-06, 0.1], "k_pid_hsp": [1.0, 0.01, 0.399222725202494], "k_pid_vsp": [111.20884264032553, 93.09285943774285, 1.0]}, "datetime": {"datetime": "2025-08-20 14:19:50", "elapsed": 8845.213202476501, "delta": 20.027406215667725}, "costs": {"total_cost": 305.57551995502257, "time_cost": 77.16, "final_distance_cost": 1.7602140220150648, "oscillation_cost": 144.81957589024248, "completition_cost": 0.0, "overshoot_cost": 52.58040959022685, "power_cost": 15.59046190185547, "noise_cost": 13.664858550682697, "n_waypoints_completed": 9, "tot_waypoints": 9}}
{"target": -181.86382190226135, "params": {"k_pid_pos": [1.4698128353043505, 0.024859491386256316, 0.11401919133455096], "k_pid_alt": [1.2679502233621702, 0.0, 0.1], "k_pid_att": [52.781640202125004, 4.405115701075087, 0.9274604585040267], "k_pid_yaw": [0.5, 1e-06, 0.1], "k_pid_hsp": [1.0, 0.029631885976391104, 0.01], "k_pid_vsp": [14.740616244021254, 93.09285943774285, 1.0]}, "datetime": {"datetime": "2025-08-20 14:20:07", "elapsed": 8861.829477787018, "delta": 16.616275310516357}, "costs": {"total_cost": 181.86382190226135, "time_cost": 68.096, "final_distance_cost": 1.8131999899891413, "oscillation_cost": 39.01601167070234, "completition_cost": 0.0, "overshoot_cost": 49.3144271267271, "power_cost": 12.565454675292969, "noise_cost": 11.058728439549787, "n_waypoints_completed": 9, "tot_waypoints": 9}}
{"target": -189.47744053936964, "params": {"k_pid_pos": [1.4698128353043505, 0.024859491386256316, 0.11401919133455096], "k_pid_alt": [1.2679502233621702, 0.0, 0.1], "k_pid_att": [43.948176657889235, 4.028010644934719, 0.9274604585040267], "k_pid_yaw": [0.5, 1e-06, 0.1], "k_pid_hsp": [1.0, 0.34786682559405435, 0.01], "k_pid_vsp": [111.20884264032553, 93.09285943774285, 1.0]}, "datetime": {"datetime": "2025-08-20 14:20:24", "elapsed": 8879.013659238815, "delta": 17.184181451797485}, "costs": {"total_cost": 189.47744053936964, "time_cost": 68.264, "final_distance_cost": 1.7886084274671472, "oscillation_cost": 46.042872817773784, "completition_cost": 0.0, "overshoot_cost": 49.76517025330743, "power_cost": 12.456818591308595, "noise_cost": 11.159970449512697, "n_waypoints_completed": 9, "tot_waypoints": 9}}
{"target": -182.8263431475216, "params": {"k_pid_pos": [1.4999912498542303, 0.024859491386256316, 0.09262780874197363], "k_pid_alt": [1.9052445197838874, 0.0, 0.1], "k_pid_att": [43.948176657889235, 3.7802132718527557, 0.9274604585040267], "k_pid_yaw": [0.5, 1e-06, 0.1], "k_pid_hsp": [1.0, 0.01, 0.01], "k_pid_vsp": [111.20884264032553, 93.09285943774285, 1.0]}, "datetime": {"datetime": "2025-08-20 14:20:40", "elapsed": 8895.080829143524, "delta": 16.067169904708862}, "costs": {"total_cost": 182.8263431475216, "time_cost": 68.56, "final_distance_cost": 1.8018200516267904, "oscillation_cost": 38.238688087736115, "completition_cost": 0.0, "overshoot_cost": 50.896246597995685, "power_cost": 12.236290759277344, "noise_cost": 11.093297650885669, "n_waypoints_completed": 9, "tot_waypoints": 9}}
{"target": -181.9370214132226, "params": {"k_pid_pos": [1.4698128353043505, 0.024859491386256316, 0.11401919133455096], "k_pid_alt": [1.2679502233621702, 0.0, 0.1576465649121419], "k_pid_att": [52.781640202125004, 1.0, 0.9274604585040267], "k_pid_yaw": [0.5, 1e-06, 0.1], "k_pid_hsp": [1.0, 0.029631885976391104, 0.01], "k_pid_vsp": [111.20884264032553, 93.09285943774285, 1.0]}, "datetime": {"datetime": "2025-08-20 14:20:56", "elapsed": 8911.381103515625, "delta": 16.30027437210083}, "costs": {"total_cost": 181.9370214132226, "time_cost": 68.584, "final_distance_cost": 1.805720725764161, "oscillation_cost": 37.58649371045808, "completition_cost": 0.0, "overshoot_cost": 50.41925466334904, "power_cost": 12.397263439941407, "noise_cost": 11.144288873709872, "n_waypoints_completed": 9, "tot_waypoints": 9}}
{"target": -180.9101322721285, "params": {"k_pid_pos": [1.4698128353043505, 0.024859491386256316, 0.11401919133455096], "k_pid_alt": [1.2679502233621702, 0.0, 0.13294310327404035], "k_pid_att": [43.948176657889235, 3.7802132718527557, 0.9274604585040267], "k_pid_yaw": [0.5, 1e-06, 0.1], "k_pid_hsp": [1.0, 0.029631885976391104, 0.01], "k_pid_vsp": [111.20884264032553, 93.09285943774285, 1.0]}, "datetime": {"datetime": "2025-08-20 14:21:14", "elapsed": 8929.120296478271, "delta": 17.739192962646484}, "costs": {"total_cost": 180.9101322721285, "time_cost": 68.44, "final_distance_cost": 1.7821346423734323, "oscillation_cost": 37.177531073037294, "completition_cost": 0.0, "overshoot_cost": 50.07460688568378, "power_cost": 12.254236657714845, "noise_cost": 11.181623013319165, "n_waypoints_completed": 9, "tot_waypoints": 9}}
{"target": -200.19367808441058, "params": {"k_pid_pos": [1.4698128353043505, 0.024859491386256316, 0.9062157365473852], "k_pid_alt": [1.2679502233621702, 0.21279159204151088, 0.1], "k_pid_att": [43.948176657889235, 4.028010644934719, 0.9274604585040267], "k_pid_yaw": [0.5, 1e-06, 0.1], "k_pid_hsp": [1.0, 0.01, 0.01], "k_pid_vsp": [277.2708477836043, 93.09285943774285, 1.0]}, "datetime": {"datetime": "2025-08-20 14:21:34", "elapsed": 8948.750547647476, "delta": 19.630251169204712}, "costs": {"total_cost": 200.19367808441058, "time_cost": 80.70400000000001, "final_distance_cost": 1.7901884391691074, "oscillation_cost": 40.90962402624062, "completition_cost": 0.0, "overshoot_cost": 51.094720589207995, "power_cost": 13.54249754638672, "noise_cost": 12.152647483406142, "n_waypoints_completed": 9, "tot_waypoints": 9}}
{"target": -218.3670955874216, "params": {"k_pid_pos": [1.4698128353043505, 0.5998678448275786, 0.11401919133455096], "k_pid_alt": [1.2679502233621702, 0.0, 0.1], "k_pid_att": [43.948176657889235, 3.7802132718527557, 0.9274604585040267], "k_pid_yaw": [0.5, 1e-06, 0.1], "k_pid_hsp": [1.0, 0.01, 0.01], "k_pid_vsp": [111.20884264032553, 93.09285943774285, 1.0]}, "datetime": {"datetime": "2025-08-20 14:21:53", "elapsed": 8967.88480758667, "delta": 19.134259939193726}, "costs": {"total_cost": 218.3670955874216, "time_cost": 83.72, "final_distance_cost": 1.7328443556280715, "oscillation_cost": 49.41310836253171, "completition_cost": 0.0, "overshoot_cost": 53.36401103366415, "power_cost": 16.263662121582033, "noise_cost": 13.873469714015656, "n_waypoints_completed": 9, "tot_waypoints": 9}}
{"target": -246.36992154230555, "params": {"k_pid_pos": [1.4999912498542303, 0.11906128738229915, 0.11401919133455096], "k_pid_alt": [1.2679502233621702, 0.12725761828472648, 0.2242343482792274], "k_pid_att": [43.948176657889235, 2.1609837743181, 0.1842699986668217], "k_pid_yaw": [0.5, 1e-06, 0.1], "k_pid_hsp": [1.0, 0.01, 0.04333175346050033], "k_pid_vsp": [111.20884264032553, 216.77849333539965, 1.0]}, "datetime": {"datetime": "2025-08-20 14:22:13", "elapsed": 8987.861211061478, "delta": 19.97640347480774}, "costs": {"total_cost": 246.36992154230555, "time_cost": 85.864, "final_distance_cost": 1.774920719241536, "oscillation_cost": 77.68105812996478, "completition_cost": 0.0, "overshoot_cost": 51.87999772993834, "power_cost": 15.733946801757813, "noise_cost": 13.435998161403074, "n_waypoints_completed": 9, "tot_waypoints": 9}}
{"target": -206.39523738042863, "params": {"k_pid_pos": [1.4698128353043505, 0.32941221611176796, 0.11401919133455096], "k_pid_alt": [0.7194253153428574, 0.0, 0.1], "k_pid_att": [43.948176657889235, 3.7802132718527557, 0.9274604585040267], "k_pid_yaw": [0.5, 1e-06, 0.1], "k_pid_hsp": [1.0, 0.01, 0.01], "k_pid_vsp": [111.20884264032553, 93.09285943774285, 1.0]}, "datetime": {"datetime": "2025-08-20 14:22:31", "elapsed": 9006.303145647049, "delta": 18.44193458557129}, "costs": {"total_cost": 206.39523738042863, "time_cost": 81.504, "final_distance_cost": 1.8085822659535469, "oscillation_cost": 44.28304924309108, "completition_cost": 0.0, "overshoot_cost": 51.53121122928853, "power_cost": 14.47061748046875, "noise_cost": 12.797777161626737, "n_waypoints_completed": 9, "tot_waypoints": 9}}
{"target": -184.71043447780556, "params": {"k_pid_pos": [1.9168537650125603, 0.024859491386256316, 0.11401919133455096], "k_pid_alt": [1.2679502233621702, 0.0, 0.1], "k_pid_att": [43.948176657889235, 3.7802132718527557, 0.9274604585040267], "k_pid_yaw": [0.5, 1e-06, 0.1], "k_pid_hsp": [1.0, 0.01, 0.01], "k_pid_vsp": [111.20884264032553, 93.09285943774285, 1.0]}, "datetime": {"datetime": "2025-08-20 14:22:47", "elapsed": 9022.370825767517, "delta": 16.06768012046814}, "costs": {"total_cost": 184.71043447780556, "time_cost": 68.34400000000001, "final_distance_cost": 1.7928806657381966, "oscillation_cost": 40.92601729483742, "completition_cost": 0.0, "overshoot_cost": 49.88337134101822, "power_cost": 12.589581079101563, "noise_cost": 11.17458409711015, "n_waypoints_completed": 9, "tot_waypoints": 9}}
{"target": -205.8115966321409, "params": {"k_pid_pos": [1.8595400226050138, 0.024859491386256316, 0.11401919133455096], "k_pid_alt": [1.2679502233621702, 0.0, 0.1], "k_pid_att": [43.948176657889235, 3.7802132718527557, 0.9274604585040267], "k_pid_yaw": [0.5, 1e-06, 0.1], "k_pid_hsp": [9.822050525885613, 0.6928529548962581, 0.01], "k_pid_vsp": [111.20884264032553, 68.25774458243322, 1.0]}, "datetime": {"datetime": "2025-08-20 14:23:05", "elapsed": 9040.46371102333, "delta": 18.0928852558136}, "costs": {"total_cost": 205.8115966321409, "time_cost": 68.72, "final_distance_cost": 1.742462984752412, "oscillation_cost": 62.065592169135215, "completition_cost": 0.0, "overshoot_cost": 49.70932047628727, "power_cost": 12.367391369628907, "noise_cost": 11.206829632337072, "n_waypoints_completed": 9, "tot_waypoints": 9}}
{"target": -184.04100986065637, "params": {"k_pid_pos": [1.4698128353043505, 0.024859491386256316, 0.11401919133455096], "k_pid_alt": [1.2679502233621702, 0.0, 0.16072894317769304], "k_pid_att": [94.70626418914286, 3.7802132718527557, 0.9274604585040267], "k_pid_yaw": [0.5, 1e-06, 0.1], "k_pid_hsp": [1.0, 0.01, 0.01], "k_pid_vsp": [111.20884264032553, 93.09285943774285, 1.0]}, "datetime": {"datetime": "2025-08-20 14:23:22", "elapsed": 9056.774621486664, "delta": 16.31091046333313}, "costs": {"total_cost": 184.04100986065637, "time_cost": 68.84, "final_distance_cost": 1.7884176165314718, "oscillation_cost": 38.97155554788538, "completition_cost": 0.0, "overshoot_cost": 51.02358652865691, "power_cost": 12.256684399414063, "noise_cost": 11.160765768168504, "n_waypoints_completed": 9, "tot_waypoints": 9}}
{"target": -255.28023913257755, "params": {"k_pid_pos": [0.7036613434574084, 0.024859491386256316, 0.11401919133455096], "k_pid_alt": [1.2679502233621702, 0.0, 0.1], "k_pid_att": [43.948176657889235, 1.0, 0.9274604585040267], "k_pid_yaw": [0.5, 1e-06, 0.1], "k_pid_hsp": [1.0, 0.3912792508993721, 0.333635037126335], "k_pid_vsp": [111.20884264032553, 93.09285943774285, 17.132000594645874]}, "datetime": {"datetime": "2025-08-20 14:23:39", "elapsed": 9074.073851823807, "delta": 17.299230337142944}, "costs": {"total_cost": 255.28023913257755, "time_cost": 74.984, "final_distance_cost": 1.7357351198432833, "oscillation_cost": 101.59514725316133, "completition_cost": 0.0, "overshoot_cost": 49.27111192657669, "power_cost": 15.3303943359375, "noise_cost": 12.363850497058749, "n_waypoints_completed": 9, "tot_waypoints": 9}}
{"target": -189.99221198019288, "params": {"k_pid_pos": [1.4698128353043505, 0.024859491386256316, 0.11401919133455096], "k_pid_alt": [1.5598585210964004, 0.0, 0.1], "k_pid_att": [52.781640202125004, 1.0, 0.9274604585040267], "k_pid_yaw": [0.5, 1e-06, 0.1], "k_pid_hsp": [1.0, 0.029631885976391104, 0.01], "k_pid_vsp": [14.740616244021254, 139.20520652041523, 1.0]}, "datetime": {"datetime": "2025-08-20 14:23:57", "elapsed": 9091.601591587067, "delta": 17.527739763259888}, "costs": {"total_cost": 189.99221198019288, "time_cost": 69.352, "final_distance_cost": 1.768739500462315, "oscillation_cost": 45.296930496218884, "completition_cost": 0.0, "overshoot_cost": 49.8614077392767, "power_cost": 12.744217785644532, "noise_cost": 10.968916458590435, "n_waypoints_completed": 9, "tot_waypoints": 9}}
{"target": -633.505017924828, "params": {"k_pid_pos": [1.0031316701085804, 0.024859491386256316, 0.8639636964847707], "k_pid_alt": [0.678214104436041, 0.0, 0.1], "k_pid_att": [43.948176657889235, 3.7802132718527557, 0.9274604585040267], "k_pid_yaw": [0.5, 1e-06, 0.1], "k_pid_hsp": [1.0, 0.01, 0.7756550036839217], "k_pid_vsp": [279.31855783528204, 93.09285943774285, 1.0]}, "datetime": {"datetime": "2025-08-20 14:24:22", "elapsed": 9116.908923149109, "delta": 25.307331562042236}, "costs": {"total_cost": 633.505017924828, "time_cost": 150, "final_distance_cost": 17.36145612046484, "oscillation_cost": 254.66885750575443, "completition_cost": 111.11111111111116, "overshoot_cost": 64.49990342563056, "power_cost": 19.36308369140625, "noise_cost": 16.500606070460755, "n_waypoints_completed": 8, "tot_waypoints": 9}}
{"target": -183.9453041892163, "params": {"k_pid_pos": [1.3078103269235994, 0.024859491386256316, 0.11401919133455096], "k_pid_alt": [1.2679502233621702, 0.0, 0.1], "k_pid_att": [24.0942673894178, 1.0, 0.9274604585040267], "k_pid_yaw": [0.5, 1e-06, 0.1], "k_pid_hsp": [1.0, 0.029631885976391104, 0.01], "k_pid_vsp": [397.63618790684643, 93.09285943774285, 1.0]}, "datetime": {"datetime": "2025-08-20 14:24:38", "elapsed": 9133.126848220825, "delta": 16.21792507171631}, "costs": {"total_cost": 183.9453041892163, "time_cost": 69.136, "final_distance_cost": 1.8200104950923939, "oscillation_cost": 37.52347154610488, "completition_cost": 0.0, "overshoot_cost": 51.29416532651788, "power_cost": 12.642283764648438, "noise_cost": 11.52937305685274, "n_waypoints_completed": 9, "tot_waypoints": 9}}
{"target": -188.9340962842542, "params": {"k_pid_pos": [1.9188042305344217, 0.024859491386256316, 0.11401919133455096], "k_pid_alt": [1.2679502233621702, 0.0, 0.8660961728784851], "k_pid_att": [43.948176657889235, 4.028010644934719, 0.837110513405392], "k_pid_yaw": [0.5, 1e-06, 0.1], "k_pid_hsp": [1.0, 0.01, 0.01], "k_pid_vsp": [111.20884264032553, 93.09285943774285, 1.0]}, "datetime": {"datetime": "2025-08-20 14:24:55", "elapsed": 9150.034479379654, "delta": 16.907631158828735}, "costs": {"total_cost": 188.9340962842542, "time_cost": 71.16, "final_distance_cost": 1.792373412519243, "oscillation_cost": 41.74930270747622, "completition_cost": 0.0, "overshoot_cost": 49.9632625101421, "power_cost": 12.841081164550783, "noise_cost": 11.428076489565859, "n_waypoints_completed": 9, "tot_waypoints": 9}}
{"target": -180.82633189952398, "params": {"k_pid_pos": [1.4698128353043505, 0.024859491386256316, 0.11401919133455096], "k_pid_alt": [1.2679502233621702, 0.0, 0.1], "k_pid_att": [43.948176657889235, 3.7802132718527557, 0.9274604585040267], "k_pid_yaw": [0.5, 1e-06, 0.1], "k_pid_hsp": [1.0, 0.01, 0.01], "k_pid_vsp": [111.20884264032553, 93.09285943774285, 1.0]}, "datetime": {"datetime": "2025-08-20 14:25:11", "elapsed": 9165.945004224777, "delta": 15.910524845123291}, "costs": {"total_cost": 180.82633189952398, "time_cost": 68.456, "final_distance_cost": 1.8129035550535026, "oscillation_cost": 37.19502557670047, "completition_cost": 0.0, "overshoot_cost": 50.071586228309805, "power_cost": 12.12881405029297, "noise_cost": 11.162002489167234, "n_waypoints_completed": 9, "tot_waypoints": 9}}
{"target": -180.82633189952398, "params": {"k_pid_pos": [1.4698128353043505, 0.024859491386256316, 0.11401919133455096], "k_pid_alt": [1.2679502233621702, 0.0, 0.1], "k_pid_att": [43.948176657889235, 3.7802132718527557, 0.9274604585040267], "k_pid_yaw": [0.5, 1e-06, 0.1], "k_pid_hsp": [1.0, 0.01, 0.01], "k_pid_vsp": [111.20884264032553, 93.09285943774285, 1.0]}, "datetime": {"datetime": "2025-08-20 14:25:27", "elapsed": 9181.745490789413, "delta": 15.80048656463623}, "costs": {"total_cost": 180.82633189952398, "time_cost": 68.456, "final_distance_cost": 1.8129035550535026, "oscillation_cost": 37.19502557670047, "completition_cost": 0.0, "overshoot_cost": 50.071586228309805, "power_cost": 12.12881405029297, "noise_cost": 11.162002489167234, "n_waypoints_completed": 9, "tot_waypoints": 9}}
