{"target": -734.30238307297, "params": {"k_pid_pos": [1.3885554450422086, 0.5811166092209024, 0.19977565166005762], "k_pid_alt": [0.9050158630487681, 0.7154071296158017, 0.1], "k_pid_att": [20.0, 1.0, 0.015805555440133845], "k_pid_yaw": [0.5, 1e-06, 0.1], "k_pid_hsp": [1.0, 0.9454165724399485, 0.01], "k_pid_vsp": [150.0, 169.4620487965869, 1.0]}, "datetime": {"datetime": "2025-08-20 12:36:13", "elapsed": 2627.899983406067, "delta": 21.707385063171387}, "costs": {"total_cost": 734.30238307297, "time_cost": 150, "final_distance_cost": 73.99815287673054, "oscillation_cost": 89.12500694656646, "completition_cost": 333.33333333333337, "overshoot_cost": 49.43943796493889, "power_cost": 20.949955419921874, "noise_cost": 17.456496531478916, "n_waypoints_completed": 6, "tot_waypoints": 9}}
{"target": -214.43522044225924, "params": {"k_pid_pos": [0.7, 0.01, 0.09], "k_pid_alt": [0.7, 0.0, 0.1], "k_pid_att": [20.0, 1.0, 0.01], "k_pid_yaw": [0.5, 1e-06, 0.1], "k_pid_hsp": [1.0, 0.01, 0.01], "k_pid_vsp": [150.0, 156.73508457218338, 1.0]}, "datetime": {"datetime": "2025-08-20 12:36:30", "elapsed": 2645.141461133957, "delta": 17.241477727890015}, "costs": {"total_cost": 214.43522044225924, "time_cost": 79.496, "final_distance_cost": 1.846697159683317, "oscillation_cost": 55.96270164516888, "completition_cost": 0.0, "overshoot_cost": 50.086500869814536, "power_cost": 14.003494079589844, "noise_cost": 13.039826688002673, "n_waypoints_completed": 9, "tot_waypoints": 9}}
{"target": -224.8738021399748, "params": {"k_pid_pos": [1.8624793477566346, 0.04925411992759399, 0.3736141384595716], "k_pid_alt": [0.7, 0.0, 0.7389840039155418], "k_pid_att": [13.105775155731326, 1.2376256611230811, 0.9275625510065076], "k_pid_yaw": [0.5, 1e-06, 0.1], "k_pid_hsp": [7.650267549339912, 0.4946002239744529, 0.01], "k_pid_vsp": [111.20884264032553, 10.0, 1.0]}, "datetime": {"datetime": "2025-08-20 12:36:49", "elapsed": 2663.879537820816, "delta": 18.73807668685913}, "costs": {"total_cost": 224.8738021399748, "time_cost": 85.536, "final_distance_cost": 1.840921947797491, "oscillation_cost": 57.76213297618194, "completition_cost": 0.0, "overshoot_cost": 51.48527997590126, "power_cost": 14.774893859863282, "noise_cost": 13.474573380230813, "n_waypoints_completed": 9, "tot_waypoints": 9}}
{"target": -568.7815633161068, "params": {"k_pid_pos": [0.8325832251638142, 0.04925411992759399, 0.3736141384595716], "k_pid_alt": [0.1927819243069986, 0.9026023965438417, 0.45577628983361107], "k_pid_att": [11.895331074021131, 3.0596356458441103, 0.9274604585040267], "k_pid_yaw": [0.5, 1e-06, 0.1], "k_pid_hsp": [1.0, 0.2145846728195292, 0.40852864372463615], "k_pid_vsp": [371.06736098168864, 93.57579511219681, 43.299777481693376]}, "datetime": {"datetime": "2025-08-20 12:37:11", "elapsed": 2686.300114631653, "delta": 22.420576810836792}, "costs": {"total_cost": 568.7815633161068, "time_cost": 150, "final_distance_cost": 40.75471411311341, "oscillation_cost": 165.98558492295723, "completition_cost": 111.11111111111116, "overshoot_cost": 64.132744648323, "power_cost": 21.437834899902345, "noise_cost": 15.359573620699745, "n_waypoints_completed": 8, "tot_waypoints": 9}}
{"target": -213.05237745831974, "params": {"k_pid_pos": [1.849624377781123, 0.024859491386256316, 0.44963268842268056], "k_pid_alt": [1.2679502233621702, 0.02520494712616217, 0.1], "k_pid_att": [20.0, 1.0, 0.01], "k_pid_yaw": [0.5, 1e-06, 0.1], "k_pid_hsp": [1.0, 0.01, 0.01], "k_pid_vsp": [150.0, 10.0, 1.0]}, "datetime": {"datetime": "2025-08-20 12:37:26", "elapsed": 2701.277258872986, "delta": 14.977144241333008}, "costs": {"total_cost": 213.05237745831974, "time_cost": 69.984, "final_distance_cost": 1.8204704251840413, "oscillation_cost": 65.33566844125102, "completition_cost": 0.0, "overshoot_cost": 51.2045528252278, "power_cost": 12.899756408691406, "noise_cost": 11.807929357965456, "n_waypoints_completed": 9, "tot_waypoints": 9}}
{"target": -222.88012006916767, "params": {"k_pid_pos": [1.849624377781123, 0.024859491386256316, 0.44963268842268056], "k_pid_alt": [1.2679502233621702, 0.0, 0.1], "k_pid_att": [99.42691791632828, 1.0, 0.6562296481050006], "k_pid_yaw": [0.5, 1e-06, 0.1], "k_pid_hsp": [7.7018924757468845, 0.01, 0.01], "k_pid_vsp": [150.0, 110.36953754040144, 1.0]}, "datetime": {"datetime": "2025-08-20 12:37:41", "elapsed": 2716.0721368789673, "delta": 14.794878005981445}, "costs": {"total_cost": 222.88012006916767, "time_cost": 69.256, "final_distance_cost": 1.7875601557984695, "oscillation_cost": 77.9923115972152, "completition_cost": 0.0, "overshoot_cost": 50.06520915101161, "power_cost": 12.408018066406251, "noise_cost": 11.371021098736147, "n_waypoints_completed": 9, "tot_waypoints": 9}}
{"target": -247.1466192257129, "params": {"k_pid_pos": [1.849624377781123, 0.024859491386256316, 0.44963268842268056], "k_pid_alt": [1.2679502233621702, 0.7154071296158017, 0.1], "k_pid_att": [20.0, 1.0, 0.01], "k_pid_yaw": [0.5, 1e-06, 0.1], "k_pid_hsp": [1.0, 0.01, 0.01], "k_pid_vsp": [150.0, 10.0, 1.0]}, "datetime": {"datetime": "2025-08-20 12:37:59", "elapsed": 2734.1965675354004, "delta": 18.124430656433105}, "costs": {"total_cost": 247.1466192257129, "time_cost": 82.384, "final_distance_cost": 1.7834018405715635, "oscillation_cost": 82.62722634955735, "completition_cost": 0.0, "overshoot_cost": 52.658758319198625, "power_cost": 14.976901623535158, "noise_cost": 12.716331092850218, "n_waypoints_completed": 9, "tot_waypoints": 9}}
{"target": -612.819004383442, "params": {"k_pid_pos": [1.3885554450422086, 0.12011063010138434, 0.9898230692048735], "k_pid_alt": [0.26508416190282724, 0.0, 0.1], "k_pid_att": [20.0, 1.0, 0.01], "k_pid_yaw": [0.5, 1e-06, 0.1], "k_pid_hsp": [1.0, 0.01, 0.01], "k_pid_vsp": [150.0, 10.0, 1.0]}, "datetime": {"datetime": "2025-08-20 12:38:21", "elapsed": 2755.502056121826, "delta": 21.30548858642578}, "costs": {"total_cost": 612.819004383442, "time_cost": 150, "final_distance_cost": 66.62920315178368, "oscillation_cost": 207.4422449044011, "completition_cost": 111.11111111111116, "overshoot_cost": 44.55917631383438, "power_cost": 18.0054787109375, "noise_cost": 15.071790191374083, "n_waypoints_completed": 8, "tot_waypoints": 9}}
{"target": -212.68723733833556, "params": {"k_pid_pos": [1.849624377781123, 0.024859491386256316, 0.44963268842268056], "k_pid_alt": [1.2679502233621702, 0.0, 0.1], "k_pid_att": [20.0, 1.0, 0.01], "k_pid_yaw": [0.5, 1e-06, 0.1], "k_pid_hsp": [1.0, 0.01, 0.01], "k_pid_vsp": [150.0, 10.0, 1.0]}, "datetime": {"datetime": "2025-08-20 12:38:35", "elapsed": 2770.433773756027, "delta": 14.93171763420105}, "costs": {"total_cost": 212.68723733833556, "time_cost": 69.848, "final_distance_cost": 1.7800340884785602, "oscillation_cost": 65.82783768181164, "completition_cost": 0.0, "overshoot_cost": 50.80162318905737, "power_cost": 12.766920861816407, "noise_cost": 11.662821517171592, "n_waypoints_completed": 9, "tot_waypoints": 9}}
{"target": -203.65888223571991, "params": {"k_pid_pos": [1.4698128353043505, 0.024859491386256316, 0.11401919133455096], "k_pid_alt": [1.2679502233621702, 0.0, 0.1], "k_pid_att": [20.0, 1.0, 0.01], "k_pid_yaw": [0.5, 1e-06, 0.1], "k_pid_hsp": [1.0, 0.01, 0.01], "k_pid_vsp": [150.0, 15.500533572620455, 1.0]}, "datetime": {"datetime": "2025-08-20 12:38:50", "elapsed": 2785.2927486896515, "delta": 14.858974933624268}, "costs": {"total_cost": 203.65888223571991, "time_cost": 69.544, "final_distance_cost": 1.7733345410034977, "oscillation_cost": 56.71752815492505, "completition_cost": 0.0, "overshoot_cost": 51.35323534540575, "power_cost": 12.748058056640625, "noise_cost": 11.522726137744987, "n_waypoints_completed": 9, "tot_waypoints": 9}}
{"target": -214.65544868309937, "params": {"k_pid_pos": [1.849624377781123, 0.024859491386256316, 0.44963268842268056], "k_pid_alt": [1.2679502233621702, 0.0, 0.1], "k_pid_att": [20.0, 3.6888469195366334, 0.01], "k_pid_yaw": [0.5, 1e-06, 0.1], "k_pid_hsp": [1.0, 0.01, 0.01], "k_pid_vsp": [150.0, 10.0, 1.0]}, "datetime": {"datetime": "2025-08-20 12:39:05", "elapsed": 2800.335763692856, "delta": 15.043015003204346}, "costs": {"total_cost": 214.65544868309937, "time_cost": 69.808, "final_distance_cost": 1.7970362220219274, "oscillation_cost": 67.12242559573829, "completition_cost": 0.0, "overshoot_cost": 51.652452489246315, "power_cost": 12.746250378417969, "noise_cost": 11.52928399767487, "n_waypoints_completed": 9, "tot_waypoints": 9}}
{"target": -228.2038851962091, "params": {"k_pid_pos": [1.3885554450422086, 0.12011063010138434, 0.9898230692048735], "k_pid_alt": [0.26508416190282724, 0.7154071296158017, 0.1], "k_pid_att": [20.0, 1.0, 0.42909887146925685], "k_pid_yaw": [0.5, 1e-06, 0.1], "k_pid_hsp": [1.0, 0.01, 0.01], "k_pid_vsp": [224.80366988514712, 10.0, 1.0]}, "datetime": {"datetime": "2025-08-20 12:39:25", "elapsed": 2819.6663117408752, "delta": 19.33054804801941}, "costs": {"total_cost": 228.2038851962091, "time_cost": 89.68, "final_distance_cost": 1.8019402617685238, "oscillation_cost": 45.31915211997934, "completition_cost": 0.0, "overshoot_cost": 62.340435561397356, "power_cost": 15.587559057617188, "noise_cost": 13.47479819544666, "n_waypoints_completed": 9, "tot_waypoints": 9}}
{"target": -235.30164367145485, "params": {"k_pid_pos": [1.849624377781123, 0.024859491386256316, 0.44963268842268056], "k_pid_alt": [1.2679502233621702, 0.5561902967977893, 0.1], "k_pid_att": [20.0, 1.0, 0.01], "k_pid_yaw": [0.5, 1e-06, 0.1], "k_pid_hsp": [1.0, 0.01, 0.01], "k_pid_vsp": [150.0, 355.21150340299164, 1.0]}, "datetime": {"datetime": "2025-08-20 12:39:41", "elapsed": 2836.1772961616516, "delta": 16.510984420776367}, "costs": {"total_cost": 235.30164367145485, "time_cost": 77.376, "final_distance_cost": 1.7793412368531774, "oscillation_cost": 79.0179689414526, "completition_cost": 0.0, "overshoot_cost": 50.89325009851907, "power_cost": 14.15798465576172, "noise_cost": 12.077098738868303, "n_waypoints_completed": 9, "tot_waypoints": 9}}
{"target": -216.65120644537728, "params": {"k_pid_pos": [1.849624377781123, 0.024859491386256316, 0.44963268842268056], "k_pid_alt": [1.2679502233621702, 0.0, 0.1], "k_pid_att": [20.0, 7.284845820832624, 0.004857337777279036], "k_pid_yaw": [0.5, 1e-06, 0.1], "k_pid_hsp": [1.0, 0.01, 0.01], "k_pid_vsp": [150.0, 10.0, 1.0]}, "datetime": {"datetime": "2025-08-20 12:39:56", "elapsed": 2851.2628741264343, "delta": 15.085577964782715}, "costs": {"total_cost": 216.65120644537728, "time_cost": 69.784, "final_distance_cost": 1.7843204865446687, "oscillation_cost": 69.52118706395865, "completition_cost": 0.0, "overshoot_cost": 51.43390043289304, "power_cost": 12.621513818359375, "noise_cost": 11.506284643621527, "n_waypoints_completed": 9, "tot_waypoints": 9}}
{"target": -312.13517539742907, "params": {"k_pid_pos": [1.8624793477566346, 0.3846834726613414, 0.3736141384595716], "k_pid_alt": [0.7, 0.0, 0.1], "k_pid_att": [20.0, 1.0, 0.01], "k_pid_yaw": [0.5, 1e-06, 0.1], "k_pid_hsp": [0.669873433518586, 0.468231405693584, 0.2627295964148335], "k_pid_vsp": [111.20884264032553, 10.0, 1.0]}, "datetime": {"datetime": "2025-08-20 12:40:14", "elapsed": 2869.378137588501, "delta": 18.11526346206665}, "costs": {"total_cost": 312.13517539742907, "time_cost": 84.2, "final_distance_cost": 1.6560952245175056, "oscillation_cost": 135.1120829898636, "completition_cost": 0.0, "overshoot_cost": 59.40717627750508, "power_cost": 17.054420483398438, "noise_cost": 14.705400422144475, "n_waypoints_completed": 9, "tot_waypoints": 9}}
{"target": -366.53708210074, "params": {"k_pid_pos": [1.8624793477566346, 0.04925411992759399, 0.3736141384595716], "k_pid_alt": [0.7, 0.0, 0.1], "k_pid_att": [20.0, 1.0, 0.01], "k_pid_yaw": [0.5, 1e-06, 0.1], "k_pid_hsp": [1.0, 0.01, 0.17031908811182894], "k_pid_vsp": [291.1523567994088, 10.0, 1.0]}, "datetime": {"datetime": "2025-08-20 12:40:31", "elapsed": 2886.059087753296, "delta": 16.680950164794922}, "costs": {"total_cost": 366.53708210074, "time_cost": 77.952, "final_distance_cost": 1.7786321220729921, "oscillation_cost": 206.21178477857194, "completition_cost": 0.0, "overshoot_cost": 52.14636640957145, "power_cost": 15.346126098632814, "noise_cost": 13.102172691890823, "n_waypoints_completed": 9, "tot_waypoints": 9}}
{"target": -1500.1781420897455, "params": {"k_pid_pos": [0.11267199708268416, 0.024859491386256316, 0.44963268842268056], "k_pid_alt": [1.2679502233621702, 0.0, 0.1], "k_pid_att": [20.0, 1.0, 0.01], "k_pid_yaw": [0.5, 1e-06, 0.1], "k_pid_hsp": [1.0, 0.01, 0.47764876957297075], "k_pid_vsp": [150.0, 10.0, 1.0]}, "datetime": {"datetime": "2025-08-20 12:40:53", "elapsed": 2907.614195585251, "delta": 21.555107831954956}, "costs": {"total_cost": 1500.1781420897455, "time_cost": 150, "final_distance_cost": 78.93165562619359, "oscillation_cost": 405.9741161051223, "completition_cost": 777.7777777777778, "overshoot_cost": 53.41391188735608, "power_cost": 18.5515619140625, "noise_cost": 15.529118779233409, "n_waypoints_completed": 2, "tot_waypoints": 9}}
{"target": -212.68723733833556, "params": {"k_pid_pos": [1.849624377781123, 0.024859491386256316, 0.44963268842268056], "k_pid_alt": [1.2679502233621702, 0.0, 0.1], "k_pid_att": [20.0, 1.0, 0.01], "k_pid_yaw": [0.5, 1e-06, 0.1], "k_pid_hsp": [1.0, 0.01, 0.01], "k_pid_vsp": [150.0, 10.0, 1.0]}, "datetime": {"datetime": "2025-08-20 12:41:08", "elapsed": 2922.665806531906, "delta": 15.051610946655273}, "costs": {"total_cost": 212.68723733833556, "time_cost": 69.848, "final_distance_cost": 1.7800340884785602, "oscillation_cost": 65.82783768181164, "completition_cost": 0.0, "overshoot_cost": 50.80162318905737, "power_cost": 12.766920861816407, "noise_cost": 11.662821517171592, "n_waypoints_completed": 9, "tot_waypoints": 9}}
{"target": -275.0783435888793, "params": {"k_pid_pos": [1.8624793477566346, 0.7480709590798926, 0.5921328249036668], "k_pid_alt": [0.7, 0.0, 0.5951893521254259], "k_pid_att": [20.0, 1.0, 0.01], "k_pid_yaw": [0.5, 1e-06, 0.1], "k_pid_hsp": [1.0, 0.01, 0.01], "k_pid_vsp": [150.0, 10.0, 1.0]}, "datetime": {"datetime": "2025-08-20 12:41:28", "elapsed": 2942.8550324440002, "delta": 20.189225912094116}, "costs": {"total_cost": 275.0783435888793, "time_cost": 92.57600000000001, "final_distance_cost": 1.8494099931956316, "oscillation_cost": 93.90072117909766, "completition_cost": 0.0, "overshoot_cost": 53.56146734018798, "power_cost": 17.33633697509766, "noise_cost": 15.854408101300328, "n_waypoints_completed": 9, "tot_waypoints": 9}}
{"target": -1321.1965339947187, "params": {"k_pid_pos": [1.849624377781123, 0.024859491386256316, 0.44963268842268056], "k_pid_alt": [1.6444270921876138, 0.0, 0.1], "k_pid_att": [20.0, 1.0, 0.01], "k_pid_yaw": [0.5, 1e-06, 0.1], "k_pid_hsp": [1.0, 0.01, 0.01], "k_pid_vsp": [150.0, 10.0, 372.58477179209376]}, "datetime": {"datetime": "2025-08-20 12:41:50", "elapsed": 2964.750020265579, "delta": 21.89498782157898}, "costs": {"total_cost": 1321.1965339947187, "time_cost": 150, "final_distance_cost": 60.87590339091233, "oscillation_cost": 95.31344001096895, "completition_cost": 888.8888888888888, "overshoot_cost": 90.22772681549088, "power_cost": 15.695708630371094, "noise_cost": 20.19486625808642, "n_waypoints_completed": 1, "tot_waypoints": 9}}
{"target": -227.53986833770503, "params": {"k_pid_pos": [1.3885554450422086, 0.5811166092209024, 0.6918470612856529], "k_pid_alt": [1.6082490523645254, 0.6059251776477277, 0.8014818108594153], "k_pid_att": [23.855282062738848, 5.156922816475868, 0.9274604585040267], "k_pid_yaw": [0.5, 1e-06, 0.1], "k_pid_hsp": [1.0, 0.01, 0.01], "k_pid_vsp": [150.0, 10.0, 1.0]}, "datetime": {"datetime": "2025-08-20 12:42:10", "elapsed": 2985.4874646663666, "delta": 20.737444400787354}, "costs": {"total_cost": 227.53986833770503, "time_cost": 94.672, "final_distance_cost": 1.7702739671517247, "oscillation_cost": 45.21859565576215, "completition_cost": 0.0, "overshoot_cost": 55.196612797911456, "power_cost": 16.50346826171875, "noise_cost": 14.178917655160932, "n_waypoints_completed": 9, "tot_waypoints": 9}}
{"target": -212.50639931550216, "params": {"k_pid_pos": [1.8624793477566346, 0.04925411992759399, 0.3736141384595716], "k_pid_alt": [0.7, 0.0, 0.1], "k_pid_att": [40.4276456330449, 1.0, 0.01], "k_pid_yaw": [0.5, 1e-06, 0.1], "k_pid_hsp": [1.0, 0.01, 0.01], "k_pid_vsp": [111.20884264032553, 10.0, 1.0]}, "datetime": {"datetime": "2025-08-20 12:42:26", "elapsed": 3001.2648561000824, "delta": 15.77739143371582}, "costs": {"total_cost": 212.50639931550216, "time_cost": 74.024, "final_distance_cost": 1.820779994960426, "oscillation_cost": 60.680033675121244, "completition_cost": 0.0, "overshoot_cost": 51.28761356431462, "power_cost": 12.932986145019532, "noise_cost": 11.760985936086355, "n_waypoints_completed": 9, "tot_waypoints": 9}}
{"target": -230.89969030797653, "params": {"k_pid_pos": [1.849624377781123, 0.5922749504444044, 0.44963268842268056], "k_pid_alt": [1.2679502233621702, 0.0, 0.1], "k_pid_att": [20.0, 1.0, 0.01], "k_pid_yaw": [0.5, 1e-06, 0.1], "k_pid_hsp": [1.0, 0.01, 0.01], "k_pid_vsp": [150.0, 57.202961387546644, 1.0]}, "datetime": {"datetime": "2025-08-20 12:42:43", "elapsed": 3018.071397304535, "delta": 16.806541204452515}, "costs": {"total_cost": 230.89969030797653, "time_cost": 78.824, "final_distance_cost": 1.7423853657489952, "oscillation_cost": 70.5322737933778, "completition_cost": 0.0, "overshoot_cost": 51.86726928330056, "power_cost": 14.973352111816407, "noise_cost": 12.960409753732764, "n_waypoints_completed": 9, "tot_waypoints": 9}}
{"target": -203.65888223571991, "params": {"k_pid_pos": [1.4698128353043505, 0.024859491386256316, 0.11401919133455096], "k_pid_alt": [1.2679502233621702, 0.0, 0.1], "k_pid_att": [20.0, 1.0, 0.01], "k_pid_yaw": [0.5, 1e-06, 0.1], "k_pid_hsp": [1.0, 0.01, 0.01], "k_pid_vsp": [150.0, 15.500533572620455, 1.0]}, "datetime": {"datetime": "2025-08-20 12:42:59", "elapsed": 3033.502083301544, "delta": 15.430685997009277}, "costs": {"total_cost": 203.65888223571991, "time_cost": 69.544, "final_distance_cost": 1.7733345410034977, "oscillation_cost": 56.71752815492505, "completition_cost": 0.0, "overshoot_cost": 51.35323534540575, "power_cost": 12.748058056640625, "noise_cost": 11.522726137744987, "n_waypoints_completed": 9, "tot_waypoints": 9}}
{"target": -211.0195224250069, "params": {"k_pid_pos": [1.849624377781123, 0.024859491386256316, 0.44963268842268056], "k_pid_alt": [1.6444270921876138, 0.0, 0.1], "k_pid_att": [20.0, 1.0, 0.01], "k_pid_yaw": [0.5, 1e-06, 0.1], "k_pid_hsp": [1.0, 0.01, 0.01], "k_pid_vsp": [150.0, 10.0, 1.0]}, "datetime": {"datetime": "2025-08-20 12:43:13", "elapsed": 3048.2966158390045, "delta": 14.794532537460327}, "costs": {"total_cost": 211.0195224250069, "time_cost": 69.648, "final_distance_cost": 1.7987252604614086, "oscillation_cost": 63.63376458551519, "completition_cost": 0.0, "overshoot_cost": 51.55555907343341, "power_cost": 12.736406518554688, "noise_cost": 11.647066987042214, "n_waypoints_completed": 9, "tot_waypoints": 9}}
{"target": -212.16231756687574, "params": {"k_pid_pos": [0.8325832251638142, 0.04925411992759399, 0.3736141384595716], "k_pid_alt": [1.3483903848896324, 0.9026023965438417, 0.47530561788360415], "k_pid_att": [11.895331074021131, 3.0596356458441103, 0.9274604585040267], "k_pid_yaw": [0.5, 1e-06, 0.1], "k_pid_hsp": [1.0, 0.01, 0.01], "k_pid_vsp": [111.20884264032553, 10.0, 1.0]}, "datetime": {"datetime": "2025-08-20 12:43:31", "elapsed": 3066.394388437271, "delta": 18.0977725982666}, "costs": {"total_cost": 212.16231756687574, "time_cost": 84.904, "final_distance_cost": 1.8071705780261078, "oscillation_cost": 43.733025443111444, "completition_cost": 0.0, "overshoot_cost": 54.33081978178052, "power_cost": 14.683099096679689, "noise_cost": 12.704202667278006, "n_waypoints_completed": 9, "tot_waypoints": 9}}
{"target": -266.03212621338184, "params": {"k_pid_pos": [0.8325832251638142, 0.04925411992759399, 0.3736141384595716], "k_pid_alt": [1.3483903848896324, 0.9026023965438417, 0.47530561788360415], "k_pid_att": [11.895331074021131, 3.0596356458441103, 0.01], "k_pid_yaw": [0.5, 1e-06, 0.1], "k_pid_hsp": [1.0, 0.9233026902578786, 0.01], "k_pid_vsp": [111.20884264032553, 10.0, 1.0]}, "datetime": {"datetime": "2025-08-20 12:43:50", "elapsed": 3084.7733702659607, "delta": 18.378981828689575}, "costs": {"total_cost": 266.03212621338184, "time_cost": 85.85600000000001, "final_distance_cost": 1.8178232305639557, "oscillation_cost": 95.59765983119178, "completition_cost": 0.0, "overshoot_cost": 54.28550083023116, "power_cost": 15.315360546875, "noise_cost": 13.159781774519901, "n_waypoints_completed": 9, "tot_waypoints": 9}}
{"target": -190.28725707726147, "params": {"k_pid_pos": [1.8624793477566346, 0.04925411992759399, 0.6830149564489978], "k_pid_alt": [0.7, 0.0, 0.1], "k_pid_att": [94.03514125381805, 1.0, 0.9274604585040267], "k_pid_yaw": [0.5, 1e-06, 0.1], "k_pid_hsp": [1.0, 0.01, 0.01], "k_pid_vsp": [111.20884264032553, 93.09285943774285, 1.0]}, "datetime": {"datetime": "2025-08-20 12:44:05", "elapsed": 3100.4583694934845, "delta": 15.684999227523804}, "costs": {"total_cost": 190.28725707726147, "time_cost": 72.536, "final_distance_cost": 1.8187780250188148, "oscillation_cost": 41.248122272737824, "completition_cost": 0.0, "overshoot_cost": 50.55159636032297, "power_cost": 12.582693212890625, "noise_cost": 11.55006720629124, "n_waypoints_completed": 9, "tot_waypoints": 9}}
