{"target": -725.2879350484036, "params": {"k_pid_pos": [1.4698128353043505, 0.024859491386256316, 0.3434561031905483], "k_pid_alt": [0.19101968534793023, 0.0, 0.34896905729571814], "k_pid_att": [43.948176657889235, 1.326856224425946, 0.9274604585040267], "k_pid_yaw": [0.5, 1e-06, 0.1], "k_pid_hsp": [8.745602141776535, 0.01, 0.01], "k_pid_vsp": [111.20884264032553, 102.7157397860675, 1.0]}, "datetime": {"datetime": "2025-08-20 21:29:56", "elapsed": 34650.705983161926, "delta": 22.079745769500732}, "costs": {"total_cost": 725.2879350484036, "time_cost": 150, "final_distance_cost": 65.16445867224402, "oscillation_cost": 102.87786466758644, "completition_cost": 333.33333333333337, "overshoot_cost": 42.85659121282361, "power_cost": 16.549785229492187, "noise_cost": 14.505901932924033, "n_waypoints_completed": 6, "tot_waypoints": 9}}
{"target": -184.49110528179003, "params": {"k_pid_pos": [1.4698128353043505, 0.024859491386256316, 0.416330797462678], "k_pid_alt": [1.2679502233621702, 0.0, 0.39442133285224246], "k_pid_att": [43.948176657889235, 3.774725226961977, 0.9274604585040267], "k_pid_yaw": [0.5, 1e-06, 0.1], "k_pid_hsp": [2.82373402557605, 0.01, 0.01], "k_pid_vsp": [353.17003117669674, 174.98827989243384, 1.0]}, "datetime": {"datetime": "2025-08-20 21:30:12", "elapsed": 34666.64517593384, "delta": 15.939192771911621}, "costs": {"total_cost": 184.49110528179003, "time_cost": 70.24, "final_distance_cost": 1.8373926978041841, "oscillation_cost": 39.59494010509688, "completition_cost": 0.0, "overshoot_cost": 50.36328712719555, "power_cost": 11.364944018554688, "noise_cost": 11.090541333138699, "n_waypoints_completed": 9, "tot_waypoints": 9}}
{"target": -329.3348519801192, "params": {"k_pid_pos": [1.4698128353043505, 0.6065905981880756, 0.3434561031905483], "k_pid_alt": [1.2679502233621702, 0.0, 0.1], "k_pid_att": [43.948176657889235, 1.326856224425946, 0.7791897743523201], "k_pid_yaw": [0.5, 1e-06, 0.1], "k_pid_hsp": [2.82373402557605, 0.01, 0.7870259810672217], "k_pid_vsp": [111.20884264032553, 102.7157397860675, 1.0]}, "datetime": {"datetime": "2025-08-20 21:30:32", "elapsed": 34687.24352669716, "delta": 20.598350763320923}, "costs": {"total_cost": 329.3348519801192, "time_cost": 89.888, "final_distance_cost": 1.7291510579039442, "oscillation_cost": 140.76111996168595, "completition_cost": 0.0, "overshoot_cost": 62.4549527580635, "power_cost": 18.3481982421875, "noise_cost": 16.153429960278316, "n_waypoints_completed": 9, "tot_waypoints": 9}}
{"target": -191.6558820619376, "params": {"k_pid_pos": [1.4698128353043505, 0.024859491386256316, 0.9449229903817213], "k_pid_alt": [1.2679502233621702, 0.0, 0.1], "k_pid_att": [43.948176657889235, 1.326856224425946, 0.680058006373419], "k_pid_yaw": [0.5, 1e-06, 0.1], "k_pid_hsp": [2.82373402557605, 0.01, 0.01], "k_pid_vsp": [62.17525342689419, 102.7157397860675, 1.0]}, "datetime": {"datetime": "2025-08-20 21:30:48", "elapsed": 34703.360605955124, "delta": 16.117079257965088}, "costs": {"total_cost": 191.6558820619376, "time_cost": 71.70400000000001, "final_distance_cost": 1.8466668160437463, "oscillation_cost": 43.79206567475401, "completition_cost": 0.0, "overshoot_cost": 50.61178591649657, "power_cost": 11.924232141113281, "noise_cost": 11.77713151352994, "n_waypoints_completed": 9, "tot_waypoints": 9}}
{"target": -177.6739252695265, "params": {"k_pid_pos": [1.4698128353043505, 0.024859491386256316, 0.3434561031905483], "k_pid_alt": [1.2679502233621702, 0.0, 0.1], "k_pid_att": [43.948176657889235, 1.326856224425946, 0.9274604585040267], "k_pid_yaw": [0.5, 1e-06, 0.1], "k_pid_hsp": [2.82373402557605, 0.01, 0.01], "k_pid_vsp": [111.20884264032553, 102.7157397860675, 1.0]}, "datetime": {"datetime": "2025-08-20 21:31:06", "elapsed": 34720.725954055786, "delta": 17.36534810066223}, "costs": {"total_cost": 177.6739252695265, "time_cost": 69.152, "final_distance_cost": 1.8262656886158488, "oscillation_cost": 34.33594552183275, "completition_cost": 0.0, "overshoot_cost": 50.065815663241324, "power_cost": 11.237653356933594, "noise_cost": 11.056245038902981, "n_waypoints_completed": 9, "tot_waypoints": 9}}
{"target": -347.9177275228888, "params": {"k_pid_pos": [1.4698128353043505, 0.29061992749259713, 0.3434561031905483], "k_pid_alt": [1.2679502233621702, 0.0, 0.2175152931931581], "k_pid_att": [43.948176657889235, 1.326856224425946, 0.9274604585040267], "k_pid_yaw": [0.5, 1e-06, 0.1], "k_pid_hsp": [2.82373402557605, 0.01, 0.3019130269473044], "k_pid_vsp": [159.45001298599757, 381.5944454308432, 1.0]}, "datetime": {"datetime": "2025-08-20 21:31:24", "elapsed": 34738.58775830269, "delta": 17.861804246902466}, "costs": {"total_cost": 347.9177275228888, "time_cost": 80.128, "final_distance_cost": 1.7068804323308602, "oscillation_cost": 184.27256102358558, "completition_cost": 0.0, "overshoot_cost": 51.759840657321774, "power_cost": 16.220851818847656, "noise_cost": 13.829593590802897, "n_waypoints_completed": 9, "tot_waypoints": 9}}
{"target": -178.45702819592051, "params": {"k_pid_pos": [1.4698128353043505, 0.024859491386256316, 0.3434561031905483], "k_pid_alt": [1.2679502233621702, 0.0, 0.1], "k_pid_att": [43.948176657889235, 1.4953935029224072, 0.9274604585040267], "k_pid_yaw": [0.5, 1e-06, 0.1], "k_pid_hsp": [2.82373402557605, 0.01, 0.01], "k_pid_vsp": [111.20884264032553, 102.7157397860675, 1.0]}, "datetime": {"datetime": "2025-08-20 21:31:39", "elapsed": 34754.17276644707, "delta": 15.585008144378662}, "costs": {"total_cost": 178.45702819592051, "time_cost": 69.176, "final_distance_cost": 1.8304657872798449, "oscillation_cost": 34.87935557169996, "completition_cost": 0.0, "overshoot_cost": 50.334051744475865, "power_cost": 11.217025085449219, "noise_cost": 11.0201300070156, "n_waypoints_completed": 9, "tot_waypoints": 9}}
{"target": -181.36375706281433, "params": {"k_pid_pos": [1.4698128353043505, 0.024859491386256316, 0.416330797462678], "k_pid_alt": [1.2679502233621702, 0.0, 0.1], "k_pid_att": [43.948176657889235, 3.4126860594551975, 0.9274604585040267], "k_pid_yaw": [0.5, 1e-06, 0.1], "k_pid_hsp": [2.82373402557605, 0.01, 0.01], "k_pid_vsp": [111.20884264032553, 102.7157397860675, 1.0]}, "datetime": {"datetime": "2025-08-20 21:31:55", "elapsed": 34770.27813744545, "delta": 16.10537099838257}, "costs": {"total_cost": 181.36375706281433, "time_cost": 69.432, "final_distance_cost": 1.835643091492251, "oscillation_cost": 37.229789731773614, "completition_cost": 0.0, "overshoot_cost": 50.2950670908982, "power_cost": 11.402505920410157, "noise_cost": 11.168751228240088, "n_waypoints_completed": 9, "tot_waypoints": 9}}
{"target": -181.77018385696203, "params": {"k_pid_pos": [1.4698128353043505, 0.024859491386256316, 0.3434561031905483], "k_pid_alt": [1.2679502233621702, 0.0, 0.1], "k_pid_att": [43.948176657889235, 1.5839964871973657, 0.9274604585040267], "k_pid_yaw": [0.5, 1e-06, 0.1], "k_pid_hsp": [2.82373402557605, 0.0953687395585695, 0.01], "k_pid_vsp": [371.8706581382205, 102.7157397860675, 1.0]}, "datetime": {"datetime": "2025-08-20 21:32:12", "elapsed": 34786.55943131447, "delta": 16.281293869018555}, "costs": {"total_cost": 181.77018385696203, "time_cost": 69.336, "final_distance_cost": 1.8302864834098653, "oscillation_cost": 38.3217990641288, "completition_cost": 0.0, "overshoot_cost": 50.09427289920106, "power_cost": 11.22384169921875, "noise_cost": 10.963983711003578, "n_waypoints_completed": 9, "tot_waypoints": 9}}
{"target": -198.71544109715532, "params": {"k_pid_pos": [1.4698128353043505, 0.024859491386256316, 0.3434561031905483], "k_pid_alt": [1.2679502233621702, 0.229763914573474, 0.1], "k_pid_att": [43.948176657889235, 1.4953935029224072, 0.9274604585040267], "k_pid_yaw": [0.5, 1e-06, 0.1], "k_pid_hsp": [2.82373402557605, 0.2065634654577695, 0.01], "k_pid_vsp": [111.20884264032553, 102.7157397860675, 1.0]}, "datetime": {"datetime": "2025-08-20 21:32:29", "elapsed": 34804.0861954689, "delta": 17.526764154434204}, "costs": {"total_cost": 198.71544109715532, "time_cost": 78.336, "final_distance_cost": 1.7901560612481442, "oscillation_cost": 43.91407724705188, "completition_cost": 0.0, "overshoot_cost": 50.40703864471694, "power_cost": 12.56516932373047, "noise_cost": 11.702999820407905, "n_waypoints_completed": 9, "tot_waypoints": 9}}
{"target": -177.60937995499717, "params": {"k_pid_pos": [1.4698128353043505, 0.0822904257601288, 0.3434561031905483], "k_pid_alt": [1.2679502233621702, 0.0, 0.1], "k_pid_att": [43.948176657889235, 1.326856224425946, 0.9808211468183533], "k_pid_yaw": [0.5, 1e-06, 0.1], "k_pid_hsp": [2.82373402557605, 0.01, 0.01], "k_pid_vsp": [111.20884264032553, 102.7157397860675, 1.0]}, "datetime": {"datetime": "2025-08-20 21:32:44", "elapsed": 34819.45381259918, "delta": 15.367617130279541}, "costs": {"total_cost": 177.60937995499717, "time_cost": 69.168, "final_distance_cost": 1.8236531971998164, "oscillation_cost": 34.65964045638309, "completition_cost": 0.0, "overshoot_cost": 49.90985172465229, "power_cost": 11.13902373046875, "noise_cost": 10.909210846293195, "n_waypoints_completed": 9, "tot_waypoints": 9}}
{"target": -231.16071908476275, "params": {"k_pid_pos": [1.4698128353043505, 0.9873955414795771, 0.3434561031905483], "k_pid_alt": [1.2157923894053295, 0.0, 0.1], "k_pid_att": [43.948176657889235, 1.1166001057131414, 0.9274604585040267], "k_pid_yaw": [0.5, 1e-06, 0.1], "k_pid_hsp": [2.82373402557605, 0.01, 0.01], "k_pid_vsp": [111.20884264032553, 102.7157397860675, 1.0]}, "datetime": {"datetime": "2025-08-20 21:33:06", "elapsed": 34841.26474618912, "delta": 21.810933589935303}, "costs": {"total_cost": 231.16071908476275, "time_cost": 92.152, "final_distance_cost": 1.7571678901266157, "oscillation_cost": 51.273045329074954, "completition_cost": 0.0, "overshoot_cost": 55.292188360103886, "power_cost": 16.362621923828126, "noise_cost": 14.323695581629163, "n_waypoints_completed": 9, "tot_waypoints": 9}}
{"target": -181.7256011991117, "params": {"k_pid_pos": [1.4698128353043505, 0.024859491386256316, 0.3434561031905483], "k_pid_alt": [1.2679502233621702, 0.0, 0.1], "k_pid_att": [17.70068292225333, 1.326856224425946, 0.9274604585040267], "k_pid_yaw": [0.5, 1e-06, 0.1], "k_pid_hsp": [2.82373402557605, 0.01, 0.01], "k_pid_vsp": [238.1261879800935, 102.7157397860675, 1.0]}, "datetime": {"datetime": "2025-08-20 21:33:21", "elapsed": 34856.210094451904, "delta": 14.945348262786865}, "costs": {"total_cost": 181.7256011991117, "time_cost": 69.264, "final_distance_cost": 1.8363781212439285, "oscillation_cost": 37.29268490539248, "completition_cost": 0.0, "overshoot_cost": 50.553008495492314, "power_cost": 11.632730871582032, "noise_cost": 11.146798805400977, "n_waypoints_completed": 9, "tot_waypoints": 9}}
{"target": -183.2820664361459, "params": {"k_pid_pos": [1.4698128353043505, 0.024859491386256316, 0.3434561031905483], "k_pid_alt": [1.2679502233621702, 0.0, 0.07444874772262577], "k_pid_att": [43.948176657889235, 3.4126860594551975, 0.2962482180956587], "k_pid_yaw": [0.5, 1e-06, 0.1], "k_pid_hsp": [2.82373402557605, 0.01, 0.01], "k_pid_vsp": [131.157380286128, 102.7157397860675, 1.0]}, "datetime": {"datetime": "2025-08-20 21:33:37", "elapsed": 34872.415643930435, "delta": 16.205549478530884}, "costs": {"total_cost": 183.2820664361459, "time_cost": 69.208, "final_distance_cost": 1.8259327412030864, "oscillation_cost": 40.14471646361453, "completition_cost": 0.0, "overshoot_cost": 49.863185650160766, "power_cost": 11.226531127929688, "noise_cost": 11.013700453237819, "n_waypoints_completed": 9, "tot_waypoints": 9}}
{"target": -209.02599922825934, "params": {"k_pid_pos": [1.4698128353043505, 0.024859491386256316, 0.13237539511535457], "k_pid_alt": [1.2679502233621702, 0.24975776312021047, 0.1], "k_pid_att": [43.948176657889235, 1.1166001057131414, 0.9274604585040267], "k_pid_yaw": [0.5, 1e-06, 0.1], "k_pid_hsp": [2.82373402557605, 0.5272074751296921, 0.01], "k_pid_vsp": [111.20884264032553, 102.7157397860675, 1.0]}, "datetime": {"datetime": "2025-08-20 21:33:55", "elapsed": 34889.50142002106, "delta": 17.08577609062195}, "costs": {"total_cost": 209.02599922825934, "time_cost": 79.16, "final_distance_cost": 1.7513722641355065, "oscillation_cost": 51.861109866553264, "completition_cost": 0.0, "overshoot_cost": 50.775014866080475, "power_cost": 13.390803039550782, "noise_cost": 12.087699191939292, "n_waypoints_completed": 9, "tot_waypoints": 9}}
{"target": -212.29394334945744, "params": {"k_pid_pos": [1.4698128353043505, 0.7323733489896951, 0.3434561031905483], "k_pid_alt": [1.2679502233621702, 0.0, 0.1], "k_pid_att": [13.107192077287921, 0.5364822422922942, 0.9274604585040267], "k_pid_yaw": [0.5, 1e-06, 0.1], "k_pid_hsp": [4.250673906138699, 0.01, 0.01], "k_pid_vsp": [93.65012360586942, 102.7157397860675, 1.0]}, "datetime": {"datetime": "2025-08-20 21:34:14", "elapsed": 34908.99294900894, "delta": 19.49152898788452}, "costs": {"total_cost": 212.29394334945744, "time_cost": 83.776, "final_distance_cost": 1.7726519442277546, "oscillation_cost": 45.814041200890834, "completition_cost": 0.0, "overshoot_cost": 52.272169538215714, "power_cost": 15.222920654296876, "noise_cost": 13.436160011826262, "n_waypoints_completed": 9, "tot_waypoints": 9}}
{"target": -329.3172692156783, "params": {"k_pid_pos": [1.4698128353043505, 0.024859491386256316, 0.3434561031905483], "k_pid_alt": [1.2679502233621702, 0.0, 0.1], "k_pid_att": [43.948176657889235, 1.326856224425946, 0.9274604585040267], "k_pid_yaw": [0.5, 1e-06, 0.1], "k_pid_hsp": [2.82373402557605, 0.01, 0.6388775990814546], "k_pid_vsp": [111.20884264032553, 102.7157397860675, 1.0]}, "datetime": {"datetime": "2025-08-20 21:34:34", "elapsed": 34929.31994628906, "delta": 20.32699728012085}, "costs": {"total_cost": 329.3172692156783, "time_cost": 83.84, "final_distance_cost": 1.8066639091849228, "oscillation_cost": 158.50749953815892, "completition_cost": 0.0, "overshoot_cost": 53.533037138752924, "power_cost": 16.965161975097658, "noise_cost": 14.664906654483886, "n_waypoints_completed": 9, "tot_waypoints": 9}}
{"target": -333.5919729791587, "params": {"k_pid_pos": [1.4698128353043505, 0.024859491386256316, 0.49838956840353354], "k_pid_alt": [1.2679502233621702, 0.0, 0.1], "k_pid_att": [43.948176657889235, 1.326856224425946, 0.9274604585040267], "k_pid_yaw": [0.5, 1e-06, 0.1], "k_pid_hsp": [2.82373402557605, 0.01, 0.37654045557379967], "k_pid_vsp": [111.20884264032553, 102.7157397860675, 1.0]}, "datetime": {"datetime": "2025-08-20 21:34:51", "elapsed": 34945.61372709274, "delta": 16.29378080368042}, "costs": {"total_cost": 333.5919729791587, "time_cost": 75.072, "final_distance_cost": 1.7792903227706744, "oscillation_cost": 176.97009616018212, "completition_cost": 0.0, "overshoot_cost": 51.19284237325999, "power_cost": 15.355630578613281, "noise_cost": 13.222113544332695, "n_waypoints_completed": 9, "tot_waypoints": 9}}
{"target": -193.5776510223342, "params": {"k_pid_pos": [1.4698128353043505, 0.024859491386256316, 0.9029480546018064], "k_pid_alt": [1.2679502233621702, 0.0, 0.07444874772262577], "k_pid_att": [4.211416689967007, 3.4126860594551975, 0.9274604585040267], "k_pid_yaw": [0.5, 1e-06, 0.1], "k_pid_hsp": [2.82373402557605, 0.01, 0.01], "k_pid_vsp": [18.79289508575375, 87.55844162537096, 1.0]}, "datetime": {"datetime": "2025-08-20 21:35:08", "elapsed": 34962.73770093918, "delta": 17.123973846435547}, "costs": {"total_cost": 193.5776510223342, "time_cost": 70.06400000000001, "final_distance_cost": 1.8506869932571102, "oscillation_cost": 47.456469468060334, "completition_cost": 0.0, "overshoot_cost": 49.78473367232787, "power_cost": 12.642902026367189, "noise_cost": 11.778858862321691, "n_waypoints_completed": 9, "tot_waypoints": 9}}
{"target": -355.4129291166646, "params": {"k_pid_pos": [1.4698128353043505, 0.024859491386256316, 0.3434561031905483], "k_pid_alt": [0.5546012238802476, 0.0, 0.03709733230613255], "k_pid_att": [43.948176657889235, 1.326856224425946, 0.9274604585040267], "k_pid_yaw": [0.5, 1e-06, 0.1], "k_pid_hsp": [2.82373402557605, 0.01, 0.5400436233611018], "k_pid_vsp": [111.20884264032553, 102.7157397860675, 1.0]}, "datetime": {"datetime": "2025-08-20 21:35:27", "elapsed": 34981.73230957985, "delta": 18.994608640670776}, "costs": {"total_cost": 355.4129291166646, "time_cost": 85.672, "final_distance_cost": 1.8152480895278675, "oscillation_cost": 184.41174415189485, "completition_cost": 0.0, "overshoot_cost": 52.208966910284325, "power_cost": 17.060176220703127, "noise_cost": 14.244793744254402, "n_waypoints_completed": 9, "tot_waypoints": 9}}
{"target": -177.60937995499717, "params": {"k_pid_pos": [1.4698128353043505, 0.0822904257601288, 0.3434561031905483], "k_pid_alt": [1.2679502233621702, 0.0, 0.1], "k_pid_att": [43.948176657889235, 1.326856224425946, 0.9808211468183533], "k_pid_yaw": [0.5, 1e-06, 0.1], "k_pid_hsp": [2.82373402557605, 0.01, 0.01], "k_pid_vsp": [111.20884264032553, 102.7157397860675, 1.0]}, "datetime": {"datetime": "2025-08-20 21:35:44", "elapsed": 34998.55198287964, "delta": 16.81967329978943}, "costs": {"total_cost": 177.60937995499717, "time_cost": 69.168, "final_distance_cost": 1.8236531971998164, "oscillation_cost": 34.65964045638309, "completition_cost": 0.0, "overshoot_cost": 49.90985172465229, "power_cost": 11.13902373046875, "noise_cost": 10.909210846293195, "n_waypoints_completed": 9, "tot_waypoints": 9}}
{"target": -177.6739252695265, "params": {"k_pid_pos": [1.4698128353043505, 0.024859491386256316, 0.3434561031905483], "k_pid_alt": [1.2679502233621702, 0.0, 0.1], "k_pid_att": [43.948176657889235, 1.326856224425946, 0.9274604585040267], "k_pid_yaw": [0.5, 1e-06, 0.1], "k_pid_hsp": [2.82373402557605, 0.01, 0.01], "k_pid_vsp": [111.20884264032553, 102.7157397860675, 1.0]}, "datetime": {"datetime": "2025-08-20 21:35:59", "elapsed": 35013.70377922058, "delta": 15.151796340942383}, "costs": {"total_cost": 177.6739252695265, "time_cost": 69.152, "final_distance_cost": 1.8262656886158488, "oscillation_cost": 34.33594552183275, "completition_cost": 0.0, "overshoot_cost": 50.065815663241324, "power_cost": 11.237653356933594, "noise_cost": 11.056245038902981, "n_waypoints_completed": 9, "tot_waypoints": 9}}
{"target": -177.6739252695265, "params": {"k_pid_pos": [1.4698128353043505, 0.024859491386256316, 0.3434561031905483], "k_pid_alt": [1.2679502233621702, 0.0, 0.1], "k_pid_att": [43.948176657889235, 1.326856224425946, 0.9274604585040267], "k_pid_yaw": [0.5, 1e-06, 0.1], "k_pid_hsp": [2.82373402557605, 0.01, 0.01], "k_pid_vsp": [111.20884264032553, 102.7157397860675, 1.0]}, "datetime": {"datetime": "2025-08-20 21:36:15", "elapsed": 35030.186775922775, "delta": 16.482996702194214}, "costs": {"total_cost": 177.6739252695265, "time_cost": 69.152, "final_distance_cost": 1.8262656886158488, "oscillation_cost": 34.33594552183275, "completition_cost": 0.0, "overshoot_cost": 50.065815663241324, "power_cost": 11.237653356933594, "noise_cost": 11.056245038902981, "n_waypoints_completed": 9, "tot_waypoints": 9}}
{"target": -601.4866369429026, "params": {"k_pid_pos": [1.4698128353043505, 0.7548787995750461, 0.3434561031905483], "k_pid_alt": [1.2679502233621702, 0.0, 0.1], "k_pid_att": [43.948176657889235, 1.326856224425946, 0.9274604585040267], "k_pid_yaw": [0.5, 1e-06, 0.1], "k_pid_hsp": [2.82373402557605, 0.01, 0.01], "k_pid_vsp": [111.20884264032553, 102.7157397860675, 87.85455585795182]}, "datetime": {"datetime": "2025-08-20 21:36:38", "elapsed": 35053.23048830032, "delta": 23.043712377548218}, "costs": {"total_cost": 601.4866369429026, "time_cost": 150, "final_distance_cost": 76.66958585151444, "oscillation_cost": 62.141517519563465, "completition_cost": 222.2222222222222, "overshoot_cost": 53.89416090330701, "power_cost": 21.178529052734376, "noise_cost": 15.380621393561153, "n_waypoints_completed": 7, "tot_waypoints": 9}}
{"target": -574.1297602569771, "params": {"k_pid_pos": [1.4698128353043505, 0.024859491386256316, 0.3434561031905483], "k_pid_alt": [0.20409153928214518, 0.0, 0.1], "k_pid_att": [17.70068292225333, 7.157754275452794, 0.9274604585040267], "k_pid_yaw": [0.5, 1e-06, 0.1], "k_pid_hsp": [8.673962646499298, 0.01, 0.01], "k_pid_vsp": [238.1261879800935, 102.7157397860675, 1.0]}, "datetime": {"datetime": "2025-08-20 21:37:00", "elapsed": 35075.050584316254, "delta": 21.820096015930176}, "costs": {"total_cost": 574.1297602569771, "time_cost": 150, "final_distance_cost": 69.50070987146908, "oscillation_cost": 58.35846760899682, "completition_cost": 222.2222222222222, "overshoot_cost": 43.706725115911816, "power_cost": 16.016922473144533, "noise_cost": 14.32471296523258, "n_waypoints_completed": 7, "tot_waypoints": 9}}
{"target": -178.7187988812909, "params": {"k_pid_pos": [1.4698128353043505, 0.024859491386256316, 0.3434561031905483], "k_pid_alt": [1.2679502233621702, 0.0, 0.1], "k_pid_att": [43.948176657889235, 1.326856224425946, 0.9274604585040267], "k_pid_yaw": [0.5, 1e-06, 0.1], "k_pid_hsp": [2.82373402557605, 0.01, 0.01], "k_pid_vsp": [119.32291780727789, 102.7157397860675, 1.0]}, "datetime": {"datetime": "2025-08-20 21:37:16", "elapsed": 35091.44139790535, "delta": 16.39081358909607}, "costs": {"total_cost": 178.7187988812909, "time_cost": 69.12, "final_distance_cost": 1.8292832366974348, "oscillation_cost": 35.340749421518254, "completition_cost": 0.0, "overshoot_cost": 50.30812465444873, "power_cost": 11.161773645019531, "noise_cost": 10.958867923606944, "n_waypoints_completed": 9, "tot_waypoints": 9}}
