{"target": -177.60937995499717, "params": {"k_pid_pos": [1.4698128353043505, 0.0822904257601288, 0.3434561031905483], "k_pid_alt": [1.2679502233621702, 0.0, 0.1], "k_pid_att": [43.948176657889235, 1.326856224425946, 0.9808211468183533], "k_pid_yaw": [0.5, 1e-06, 0.1], "k_pid_hsp": [2.82373402557605, 0.01, 0.01], "k_pid_vsp": [111.20884264032553, 102.7157397860675, 1.0]}, "datetime": {"datetime": "2025-08-20 22:46:35", "elapsed": 39250.210656642914, "delta": 15.194892883300781}, "costs": {"total_cost": 177.60937995499717, "time_cost": 69.168, "final_distance_cost": 1.8236531971998164, "oscillation_cost": 34.65964045638309, "completition_cost": 0.0, "overshoot_cost": 49.90985172465229, "power_cost": 11.13902373046875, "noise_cost": 10.909210846293195, "n_waypoints_completed": 9, "tot_waypoints": 9}}
{"target": -177.60937995499717, "params": {"k_pid_pos": [1.4698128353043505, 0.0822904257601288, 0.3434561031905483], "k_pid_alt": [1.2679502233621702, 0.0, 0.1], "k_pid_att": [43.948176657889235, 1.326856224425946, 0.9808211468183533], "k_pid_yaw": [0.5, 1e-06, 0.1], "k_pid_hsp": [2.82373402557605, 0.01, 0.01], "k_pid_vsp": [111.20884264032553, 102.7157397860675, 1.0]}, "datetime": {"datetime": "2025-08-20 22:46:52", "elapsed": 39266.96311402321, "delta": 16.7524573802948}, "costs": {"total_cost": 177.60937995499717, "time_cost": 69.168, "final_distance_cost": 1.8236531971998164, "oscillation_cost": 34.65964045638309, "completition_cost": 0.0, "overshoot_cost": 49.90985172465229, "power_cost": 11.13902373046875, "noise_cost": 10.909210846293195, "n_waypoints_completed": 9, "tot_waypoints": 9}}
{"target": -177.60937995499717, "params": {"k_pid_pos": [1.4698128353043505, 0.0822904257601288, 0.3434561031905483], "k_pid_alt": [1.2679502233621702, 0.0, 0.1], "k_pid_att": [43.948176657889235, 1.326856224425946, 0.9808211468183533], "k_pid_yaw": [0.5, 1e-06, 0.1], "k_pid_hsp": [2.82373402557605, 0.01, 0.01], "k_pid_vsp": [111.20884264032553, 102.7157397860675, 1.0]}, "datetime": {"datetime": "2025-08-20 22:47:07", "elapsed": 39281.84736442566, "delta": 14.884250402450562}, "costs": {"total_cost": 177.60937995499717, "time_cost": 69.168, "final_distance_cost": 1.8236531971998164, "oscillation_cost": 34.65964045638309, "completition_cost": 0.0, "overshoot_cost": 49.90985172465229, "power_cost": 11.13902373046875, "noise_cost": 10.909210846293195, "n_waypoints_completed": 9, "tot_waypoints": 9}}
{"target": -202.04137004653236, "params": {"k_pid_pos": [1.4698128353043505, 0.0822904257601288, 0.3434561031905483], "k_pid_alt": [1.2679502233621702, 0.6447896631361855, 0.1], "k_pid_att": [43.948176657889235, 1.326856224425946, 0.9808211468183533], "k_pid_yaw": [0.5, 1e-06, 0.1], "k_pid_hsp": [2.82373402557605, 0.01, 0.01], "k_pid_vsp": [111.20884264032553, 102.7157397860675, 1.0]}, "datetime": {"datetime": "2025-08-20 22:47:27", "elapsed": 39301.87041282654, "delta": 20.023048400878906}, "costs": {"total_cost": 202.04137004653236, "time_cost": 77.032, "final_distance_cost": 1.7777835827673831, "oscillation_cost": 47.43387405053809, "completition_cost": 0.0, "overshoot_cost": 51.51573022482038, "power_cost": 12.793167211914064, "noise_cost": 11.488814976492446, "n_waypoints_completed": 9, "tot_waypoints": 9}}
{"target": -367.6580126924368, "params": {"k_pid_pos": [1.4698128353043505, 0.0822904257601288, 0.3434561031905483], "k_pid_alt": [1.2679502233621702, 0.7053942892632754, 0.1], "k_pid_att": [43.948176657889235, 2.0014291760421457, 0.9808211468183533], "k_pid_yaw": [0.5, 1e-06, 0.1], "k_pid_hsp": [5.781240191458679, 0.01, 0.2962456738633735], "k_pid_vsp": [111.20884264032553, 102.7157397860675, 1.0]}, "datetime": {"datetime": "2025-08-20 22:47:45", "elapsed": 39319.78274321556, "delta": 17.912330389022827}, "costs": {"total_cost": 367.6580126924368, "time_cost": 82.0, "final_distance_cost": 1.7411753507420387, "oscillation_cost": 201.00541006403546, "completition_cost": 0.0, "overshoot_cost": 52.8562839540606, "power_cost": 16.412182934570314, "noise_cost": 13.642960389028413, "n_waypoints_completed": 9, "tot_waypoints": 9}}
{"target": -194.42899296252946, "params": {"k_pid_pos": [1.4698128353043505, 0.0822904257601288, 0.3434561031905483], "k_pid_alt": [1.2679502233621702, 0.4305222037381311, 0.1], "k_pid_att": [43.948176657889235, 1.326856224425946, 0.9808211468183533], "k_pid_yaw": [0.5, 1e-06, 0.1], "k_pid_hsp": [2.82373402557605, 0.01, 0.01], "k_pid_vsp": [111.20884264032553, 102.7157397860675, 1.0]}, "datetime": {"datetime": "2025-08-20 22:48:05", "elapsed": 39339.94623732567, "delta": 20.163494110107422}, "costs": {"total_cost": 194.42899296252946, "time_cost": 75.528, "final_distance_cost": 1.7638729986028363, "oscillation_cost": 43.221244039967246, "completition_cost": 0.0, "overshoot_cost": 50.41419452175127, "power_cost": 12.202277856445313, "noise_cost": 11.299403545762795, "n_waypoints_completed": 9, "tot_waypoints": 9}}
{"target": -183.25085476920518, "params": {"k_pid_pos": [1.4698128353043505, 0.0822904257601288, 0.3434561031905483], "k_pid_alt": [1.2679502233621702, 0.0, 0.3157032531275451], "k_pid_att": [9.14477148846079, 1.326856224425946, 0.9808211468183533], "k_pid_yaw": [0.5, 1e-06, 0.1], "k_pid_hsp": [2.82373402557605, 0.01, 0.01], "k_pid_vsp": [111.20884264032553, 102.7157397860675, 1.0]}, "datetime": {"datetime": "2025-08-20 22:48:21", "elapsed": 39355.79913902283, "delta": 15.852901697158813}, "costs": {"total_cost": 183.25085476920518, "time_cost": 69.552, "final_distance_cost": 1.8210055374646374, "oscillation_cost": 38.68904941017615, "completition_cost": 0.0, "overshoot_cost": 49.73341703730553, "power_cost": 12.268693041992188, "noise_cost": 11.186689742266642, "n_waypoints_completed": 9, "tot_waypoints": 9}}
{"target": -219.75881556171987, "params": {"k_pid_pos": [1.4698128353043505, 0.8051487301469052, 0.3434561031905483], "k_pid_alt": [0.8737548644081292, 0.0, 0.1], "k_pid_att": [39.43551947786956, 1.326856224425946, 0.9808211468183533], "k_pid_yaw": [0.5, 1e-06, 0.1], "k_pid_hsp": [2.82373402557605, 0.01, 0.01], "k_pid_vsp": [111.20884264032553, 249.85044079645235, 1.0]}, "datetime": {"datetime": "2025-08-20 22:48:41", "elapsed": 39375.5435192585, "delta": 19.744380235671997}, "costs": {"total_cost": 219.75881556171987, "time_cost": 87.544, "final_distance_cost": 1.7093065483791612, "oscillation_cost": 47.97131966535829, "completition_cost": 0.0, "overshoot_cost": 52.96715943620156, "power_cost": 15.66142255859375, "noise_cost": 13.905607353187106, "n_waypoints_completed": 9, "tot_waypoints": 9}}
{"target": -191.94034102899204, "params": {"k_pid_pos": [0.5060692904340539, 0.517989997140969, 0.3434561031905483], "k_pid_alt": [1.2679502233621702, 0.0, 0.1], "k_pid_att": [32.5006215253743, 1.326856224425946, 0.9808211468183533], "k_pid_yaw": [0.5, 1e-06, 0.1], "k_pid_hsp": [2.82373402557605, 0.5904477871505759, 0.01], "k_pid_vsp": [111.20884264032553, 102.7157397860675, 1.0]}, "datetime": {"datetime": "2025-08-20 22:48:58", "elapsed": 39392.842074394226, "delta": 17.29855513572693}, "costs": {"total_cost": 191.94034102899204, "time_cost": 76.52, "final_distance_cost": 1.809415419403022, "oscillation_cost": 39.06326779898895, "completition_cost": 0.0, "overshoot_cost": 49.7737957760845, "power_cost": 12.821146813964845, "noise_cost": 11.952715220550738, "n_waypoints_completed": 9, "tot_waypoints": 9}}
{"target": -183.65545354342868, "params": {"k_pid_pos": [1.4698128353043505, 0.0822904257601288, 0.19730102139317784], "k_pid_alt": [1.2679502233621702, 0.0, 0.1], "k_pid_att": [9.353998950407705, 1.2169696906303682, 0.9808211468183533], "k_pid_yaw": [0.5, 1e-06, 0.1], "k_pid_hsp": [2.82373402557605, 0.01, 0.01], "k_pid_vsp": [103.0527854068954, 102.7157397860675, 1.0]}, "datetime": {"datetime": "2025-08-20 22:49:14", "elapsed": 39409.069179058075, "delta": 16.227104663848877}, "costs": {"total_cost": 183.65545354342868, "time_cost": 68.688, "final_distance_cost": 1.7592172349711652, "oscillation_cost": 39.98599711041311, "completition_cost": 0.0, "overshoot_cost": 50.12314489288331, "power_cost": 12.021488024902345, "noise_cost": 11.077606280258758, "n_waypoints_completed": 9, "tot_waypoints": 9}}
{"target": -180.74920189455483, "params": {"k_pid_pos": [1.4698128353043505, 0.0822904257601288, 0.3434561031905483], "k_pid_alt": [1.2679502233621702, 0.0, 0.1], "k_pid_att": [43.948176657889235, 1.326856224425946, 0.9808211468183533], "k_pid_yaw": [0.5, 1e-06, 0.1], "k_pid_hsp": [2.82373402557605, 0.08368559531676201, 0.01], "k_pid_vsp": [111.20884264032553, 168.05578983101148, 1.0]}, "datetime": {"datetime": "2025-08-20 22:49:33", "elapsed": 39427.71222925186, "delta": 18.64305019378662}, "costs": {"total_cost": 180.74920189455483, "time_cost": 69.008, "final_distance_cost": 1.8218254070075222, "oscillation_cost": 37.5042560646953, "completition_cost": 0.0, "overshoot_cost": 50.13535944220225, "power_cost": 11.334959521484375, "noise_cost": 10.944801459165394, "n_waypoints_completed": 9, "tot_waypoints": 9}}
{"target": -239.13690898444005, "params": {"k_pid_pos": [1.4698128353043505, 0.0822904257601288, 0.3434561031905483], "k_pid_alt": [1.2679502233621702, 0.9373605837588372, 0.1], "k_pid_att": [43.948176657889235, 1.326856224425946, 0.9808211468183533], "k_pid_yaw": [0.5, 1e-06, 0.1], "k_pid_hsp": [2.82373402557605, 0.01, 0.06273862611817704], "k_pid_vsp": [111.20884264032553, 120.58470232492162, 1.0]}, "datetime": {"datetime": "2025-08-20 22:49:52", "elapsed": 39446.52478456497, "delta": 18.81255531311035}, "costs": {"total_cost": 239.13690898444005, "time_cost": 85.528, "final_distance_cost": 1.729949858345376, "oscillation_cost": 67.9510436887225, "completition_cost": 0.0, "overshoot_cost": 55.48360206084584, "power_cost": 15.351736376953125, "noise_cost": 13.092576999573184, "n_waypoints_completed": 9, "tot_waypoints": 9}}
{"target": -181.98064325525297, "params": {"k_pid_pos": [1.4698128353043505, 0.0822904257601288, 0.11242249713100771], "k_pid_alt": [1.2679502233621702, 0.0, 0.1], "k_pid_att": [43.948176657889235, 1.326856224425946, 0.9808211468183533], "k_pid_yaw": [0.5, 1e-06, 0.1], "k_pid_hsp": [2.82373402557605, 0.01, 0.01], "k_pid_vsp": [111.20884264032553, 102.7157397860675, 1.0]}, "datetime": {"datetime": "2025-08-20 22:50:08", "elapsed": 39463.151498794556, "delta": 16.62671422958374}, "costs": {"total_cost": 181.98064325525297, "time_cost": 68.752, "final_distance_cost": 1.8058418131880916, "oscillation_cost": 38.908349556692656, "completition_cost": 0.0, "overshoot_cost": 50.120039330951, "power_cost": 11.47061629638672, "noise_cost": 10.923796258034502, "n_waypoints_completed": 9, "tot_waypoints": 9}}
{"target": -177.60937995499717, "params": {"k_pid_pos": [1.4698128353043505, 0.0822904257601288, 0.3434561031905483], "k_pid_alt": [1.2679502233621702, 0.0, 0.1], "k_pid_att": [43.948176657889235, 1.326856224425946, 0.9808211468183533], "k_pid_yaw": [0.5, 1e-06, 0.1], "k_pid_hsp": [2.82373402557605, 0.01, 0.01], "k_pid_vsp": [111.20884264032553, 102.7157397860675, 1.0]}, "datetime": {"datetime": "2025-08-20 22:50:23", "elapsed": 39477.900151729584, "delta": 14.748652935028076}, "costs": {"total_cost": 177.60937995499717, "time_cost": 69.168, "final_distance_cost": 1.8236531971998164, "oscillation_cost": 34.65964045638309, "completition_cost": 0.0, "overshoot_cost": 49.90985172465229, "power_cost": 11.13902373046875, "noise_cost": 10.909210846293195, "n_waypoints_completed": 9, "tot_waypoints": 9}}
{"target": -617.5947512396434, "params": {"k_pid_pos": [1.7219385669307627, 0.0822904257601288, 0.3434561031905483], "k_pid_alt": [0.7663335954160646, 0.0, 0.1], "k_pid_att": [43.948176657889235, 1.326856224425946, 0.9808211468183533], "k_pid_yaw": [0.5, 1e-06, 0.1], "k_pid_hsp": [7.837403453361883, 0.34807726954488594, 0.01], "k_pid_vsp": [300.6485291534591, 102.7157397860675, 252.5487776696354]}, "datetime": {"datetime": "2025-08-20 22:50:48", "elapsed": 39502.58646726608, "delta": 24.686315536499023}, "costs": {"total_cost": 617.5947512396434, "time_cost": 150, "final_distance_cost": 68.16973346820629, "oscillation_cost": 80.5429529828655, "completition_cost": 222.2222222222222, "overshoot_cost": 56.835310674191504, "power_cost": 23.390831884765625, "noise_cost": 16.43370000739228, "n_waypoints_completed": 7, "tot_waypoints": 9}}
{"target": -288.50862535639124, "params": {"k_pid_pos": [1.4698128353043505, 0.0822904257601288, 0.3434561031905483], "k_pid_alt": [1.1832165847632645, 0.0, 0.1], "k_pid_att": [43.948176657889235, 1.326856224425946, 0.9808211468183533], "k_pid_yaw": [0.5, 1e-06, 0.1], "k_pid_hsp": [2.82373402557605, 0.01, 0.18764229178860936], "k_pid_vsp": [111.20884264032553, 102.7157397860675, 1.0]}, "datetime": {"datetime": "2025-08-20 22:51:05", "elapsed": 39519.66072034836, "delta": 17.07425308227539}, "costs": {"total_cost": 288.50862535639124, "time_cost": 75.736, "final_distance_cost": 1.7747912779802864, "oscillation_cost": 131.63538684830755, "completition_cost": 0.0, "overshoot_cost": 51.052757426458705, "power_cost": 15.17567655029297, "noise_cost": 13.13401325335172, "n_waypoints_completed": 9, "tot_waypoints": 9}}
{"target": -204.23838395425145, "params": {"k_pid_pos": [1.4698128353043505, 0.3476693083007718, 0.3434561031905483], "k_pid_alt": [0.8737548644081292, 0.0, 0.6797860385434875], "k_pid_att": [43.948176657889235, 1.326856224425946, 0.9808211468183533], "k_pid_yaw": [0.5, 1e-06, 0.1], "k_pid_hsp": [2.82373402557605, 0.01, 0.01], "k_pid_vsp": [111.20884264032553, 310.89645667885657, 1.0]}, "datetime": {"datetime": "2025-08-20 22:51:25", "elapsed": 39539.63815116882, "delta": 19.977430820465088}, "costs": {"total_cost": 204.23838395425145, "time_cost": 81.544, "final_distance_cost": 1.8435660084973782, "oscillation_cost": 43.45821543863717, "completition_cost": 0.0, "overshoot_cost": 51.394243565789864, "power_cost": 13.644199865722657, "noise_cost": 12.354159075604377, "n_waypoints_completed": 9, "tot_waypoints": 9}}
{"target": -181.1478232954287, "params": {"k_pid_pos": [1.4698128353043505, 0.0822904257601288, 0.3434561031905483], "k_pid_alt": [1.2679502233621702, 0.0, 0.05010974591185968], "k_pid_att": [43.948176657889235, 1.326856224425946, 0.9808211468183533], "k_pid_yaw": [0.5, 1e-06, 0.1], "k_pid_hsp": [2.82373402557605, 0.01, 0.01], "k_pid_vsp": [111.20884264032553, 306.5653082406949, 1.0]}, "datetime": {"datetime": "2025-08-20 22:51:40", "elapsed": 39554.59900522232, "delta": 14.960854053497314}, "costs": {"total_cost": 181.1478232954287, "time_cost": 69.0, "final_distance_cost": 1.833703869048748, "oscillation_cost": 38.40203073139102, "completition_cost": 0.0, "overshoot_cost": 49.70960863506233, "power_cost": 11.264429248046875, "noise_cost": 10.938050811879737, "n_waypoints_completed": 9, "tot_waypoints": 9}}
{"target": -187.27674922291192, "params": {"k_pid_pos": [1.4698128353043505, 0.0822904257601288, 0.3434561031905483], "k_pid_alt": [1.2679502233621702, 0.0, 0.1], "k_pid_att": [5.87992299052239, 1.326856224425946, 0.9808211468183533], "k_pid_yaw": [0.5, 1e-06, 0.1], "k_pid_hsp": [2.82373402557605, 0.561165201994346, 0.01], "k_pid_vsp": [111.20884264032553, 102.7157397860675, 1.0]}, "datetime": {"datetime": "2025-08-20 22:51:56", "elapsed": 39571.30437421799, "delta": 16.705368995666504}, "costs": {"total_cost": 187.27674922291192, "time_cost": 68.32000000000001, "final_distance_cost": 1.790793510877668, "oscillation_cost": 44.16282873465177, "completition_cost": 0.0, "overshoot_cost": 49.74624586910733, "power_cost": 12.274352197265626, "noise_cost": 10.982528911009538, "n_waypoints_completed": 9, "tot_waypoints": 9}}
{"target": -182.59418703571373, "params": {"k_pid_pos": [1.4698128353043505, 0.0822904257601288, 0.3434561031905483], "k_pid_alt": [0.9020104990244227, 0.0, 0.1], "k_pid_att": [43.948176657889235, 1.326856224425946, 0.9808211468183533], "k_pid_yaw": [0.5, 1e-06, 0.1], "k_pid_hsp": [2.82373402557605, 0.01, 0.01], "k_pid_vsp": [111.20884264032553, 102.7157397860675, 1.0]}, "datetime": {"datetime": "2025-08-20 22:52:12", "elapsed": 39586.57977247238, "delta": 15.275398254394531}, "costs": {"total_cost": 182.59418703571373, "time_cost": 70.552, "final_distance_cost": 1.8195640457698434, "oscillation_cost": 38.05747413604369, "completition_cost": 0.0, "overshoot_cost": 49.8932987173089, "power_cost": 11.326776708984376, "noise_cost": 10.945073427606928, "n_waypoints_completed": 9, "tot_waypoints": 9}}
{"target": -579.4138244236656, "params": {"k_pid_pos": [1.4698128353043505, 0.0822904257601288, 0.3434561031905483], "k_pid_alt": [0.22864383303227753, 0.0, 0.1], "k_pid_att": [97.15749504346589, 5.894529415990727, 0.9808211468183533], "k_pid_yaw": [0.5, 1e-06, 0.1], "k_pid_hsp": [7.354262864448116, 0.01, 0.01], "k_pid_vsp": [111.20884264032553, 102.7157397860675, 1.0]}, "datetime": {"datetime": "2025-08-20 22:52:36", "elapsed": 39611.451437711716, "delta": 24.871665239334106}, "costs": {"total_cost": 579.4138244236656, "time_cost": 150, "final_distance_cost": 67.62637895384955, "oscillation_cost": 64.82974088229832, "completition_cost": 222.2222222222222, "overshoot_cost": 43.381973328477116, "power_cost": 16.76150338134766, "noise_cost": 14.59200565547075, "n_waypoints_completed": 7, "tot_waypoints": 9}}
{"target": -210.5264407342006, "params": {"k_pid_pos": [1.4698128353043505, 0.0822904257601288, 0.19730102139317784], "k_pid_alt": [1.2679502233621702, 0.6432630158673487, 0.1], "k_pid_att": [43.948176657889235, 1.2169696906303682, 0.9808211468183533], "k_pid_yaw": [0.5, 1e-06, 0.1], "k_pid_hsp": [4.302970342841289, 0.40521731726144516, 0.01], "k_pid_vsp": [103.0527854068954, 102.7157397860675, 1.0]}, "datetime": {"datetime": "2025-08-20 22:52:54", "elapsed": 39628.5032184124, "delta": 17.051780700683594}, "costs": {"total_cost": 210.5264407342006, "time_cost": 79.136, "final_distance_cost": 1.7507806545437858, "oscillation_cost": 51.78909595478739, "completition_cost": 0.0, "overshoot_cost": 52.30581495607408, "power_cost": 13.501529907226564, "noise_cost": 12.043219261568787, "n_waypoints_completed": 9, "tot_waypoints": 9}}
{"target": -217.77284732321212, "params": {"k_pid_pos": [1.4698128353043505, 0.0822904257601288, 0.3434561031905483], "k_pid_alt": [1.2679502233621702, 0.6171515596199678, 0.1], "k_pid_att": [43.948176657889235, 1.326856224425946, 0.9808211468183533], "k_pid_yaw": [0.5, 1e-06, 0.1], "k_pid_hsp": [7.777948788876796, 0.32819825866084507, 0.01], "k_pid_vsp": [111.20884264032553, 102.7157397860675, 1.0]}, "datetime": {"datetime": "2025-08-20 22:53:13", "elapsed": 39647.768602371216, "delta": 19.26538395881653}, "costs": {"total_cost": 217.77284732321212, "time_cost": 78.536, "final_distance_cost": 1.7846210576968509, "oscillation_cost": 59.06158121363145, "completition_cost": 0.0, "overshoot_cost": 52.335211678680224, "power_cost": 13.900627087402345, "noise_cost": 12.154806285801245, "n_waypoints_completed": 9, "tot_waypoints": 9}}
{"target": -181.3044121748446, "params": {"k_pid_pos": [1.4698128353043505, 0.0822904257601288, 0.3434561031905483], "k_pid_alt": [1.2679502233621702, 0.0, 0.1], "k_pid_att": [43.948176657889235, 1.326856224425946, 0.9808211468183533], "k_pid_yaw": [0.5, 1e-06, 0.1], "k_pid_hsp": [2.82373402557605, 0.01, 0.01], "k_pid_vsp": [111.20884264032553, 102.7157397860675, 12.527173717198536]}, "datetime": {"datetime": "2025-08-20 22:53:29", "elapsed": 39663.78434419632, "delta": 16.01574182510376}, "costs": {"total_cost": 181.3044121748446, "time_cost": 68.96000000000001, "final_distance_cost": 1.833302174284859, "oscillation_cost": 42.95427741332903, "completition_cost": 0.0, "overshoot_cost": 50.102515657701055, "power_cost": 9.01190965576172, "noise_cost": 8.442407273767941, "n_waypoints_completed": 9, "tot_waypoints": 9}}
{"target": -185.0730450400565, "params": {"k_pid_pos": [1.4698128353043505, 0.0822904257601288, 0.3434561031905483], "k_pid_alt": [0.8737548644081292, 0.0, 0.1], "k_pid_att": [74.86132892719988, 2.771467938851939, 0.9808211468183533], "k_pid_yaw": [0.5, 1e-06, 0.1], "k_pid_hsp": [2.82373402557605, 0.01, 0.01], "k_pid_vsp": [111.20884264032553, 102.7157397860675, 1.0]}, "datetime": {"datetime": "2025-08-20 22:53:46", "elapsed": 39681.03644704819, "delta": 17.252102851867676}, "costs": {"total_cost": 185.0730450400565, "time_cost": 70.952, "final_distance_cost": 1.8057589943446026, "oscillation_cost": 39.413891347824396, "completition_cost": 0.0, "overshoot_cost": 49.998535982997694, "power_cost": 11.705714526367188, "noise_cost": 11.197144188522616, "n_waypoints_completed": 9, "tot_waypoints": 9}}
{"target": -425.64692705629614, "params": {"k_pid_pos": [1.4698128353043505, 0.9167879101783033, 0.3434561031905483], "k_pid_alt": [1.2679502233621702, 0.0, 0.1], "k_pid_att": [43.948176657889235, 1.326856224425946, 0.9808211468183533], "k_pid_yaw": [0.5, 1e-06, 0.1], "k_pid_hsp": [2.82373402557605, 0.7156656356539504, 0.01], "k_pid_vsp": [383.0958896243158, 102.7157397860675, 1.0]}, "datetime": {"datetime": "2025-08-20 22:54:10", "elapsed": 39704.828011751175, "delta": 23.79156470298767}, "costs": {"total_cost": 425.64692705629614, "time_cost": 150, "final_distance_cost": 12.197682542142285, "oscillation_cost": 55.15707929145322, "completition_cost": 111.11111111111116, "overshoot_cost": 62.56971674507168, "power_cost": 18.512789587402345, "noise_cost": 16.0985477791155, "n_waypoints_completed": 8, "tot_waypoints": 9}}
