{"target": -189.90064771609315, "params": {"k_pid_pos": [1.4698128353043505, 0.24048525617886174, 0.3434561031905483], "k_pid_alt": [1.2679502233621702, 0.0, 0.1], "k_pid_att": [43.948176657889235, 1.326856224425946, 0.9274604585040267], "k_pid_yaw": [0.5, 1e-06, 0.1], "k_pid_hsp": [2.82373402557605, 0.01, 0.01], "k_pid_vsp": [111.20884264032553, 102.7157397860675, 1.0]}, "datetime": {"datetime": "2025-08-20 19:45:05", "elapsed": 28359.67755150795, "delta": 15.491703510284424}, "costs": {"total_cost": 189.90064771609315, "time_cost": 73.264, "final_distance_cost": 1.8120378582665557, "oscillation_cost": 39.691145469982196, "completition_cost": 0.0, "overshoot_cost": 51.442486551060796, "power_cost": 12.031721423339844, "noise_cost": 11.659256413443796, "n_waypoints_completed": 9, "tot_waypoints": 9}}
{"target": -181.92888907407746, "params": {"k_pid_pos": [1.4698128353043505, 0.024859491386256316, 0.3434561031905483], "k_pid_alt": [1.2679502233621702, 0.0, 0.1], "k_pid_att": [11.329609997636037, 6.043751783864618, 0.9274604585040267], "k_pid_yaw": [0.5, 1e-06, 0.1], "k_pid_hsp": [2.82373402557605, 0.01, 0.01], "k_pid_vsp": [111.20884264032553, 102.7157397860675, 1.0]}, "datetime": {"datetime": "2025-08-20 19:45:23", "elapsed": 28378.150295972824, "delta": 18.472744464874268}, "costs": {"total_cost": 181.92888907407746, "time_cost": 68.888, "final_distance_cost": 1.826581783100355, "oscillation_cost": 38.622988607274, "completition_cost": 0.0, "overshoot_cost": 49.619367564752615, "power_cost": 11.860251733398439, "noise_cost": 11.111699385552052, "n_waypoints_completed": 9, "tot_waypoints": 9}}
{"target": -279.7845731787818, "params": {"k_pid_pos": [1.4698128353043505, 0.024859491386256316, 0.2540515360115351], "k_pid_alt": [1.2679502233621702, 0.0, 0.1], "k_pid_att": [43.948176657889235, 7.600654384749983, 0.9274604585040267], "k_pid_yaw": [0.5, 1e-06, 0.1], "k_pid_hsp": [1.9715787190781768, 0.01, 0.1746356563161473], "k_pid_vsp": [292.5473338247507, 273.5353972576295, 1.0]}, "datetime": {"datetime": "2025-08-20 19:45:39", "elapsed": 28394.29511332512, "delta": 16.144817352294922}, "costs": {"total_cost": 279.7845731787818, "time_cost": 75.736, "final_distance_cost": 1.7895600251458441, "oscillation_cost": 124.71332835712465, "completition_cost": 0.0, "overshoot_cost": 50.357777750240885, "power_cost": 14.442082946777344, "noise_cost": 12.745824099493078, "n_waypoints_completed": 9, "tot_waypoints": 9}}
{"target": -179.8354744057647, "params": {"k_pid_pos": [1.4698128353043505, 0.024859491386256316, 0.3434561031905483], "k_pid_alt": [1.2679502233621702, 0.0, 0.15791560522360282], "k_pid_att": [43.948176657889235, 1.326856224425946, 0.9274604585040267], "k_pid_yaw": [0.5, 1e-06, 0.1], "k_pid_hsp": [2.82373402557605, 0.01, 0.01], "k_pid_vsp": [111.20884264032553, 102.7157397860675, 1.0]}, "datetime": {"datetime": "2025-08-20 19:45:56", "elapsed": 28410.588086605072, "delta": 16.292973279953003}, "costs": {"total_cost": 179.8354744057647, "time_cost": 69.296, "final_distance_cost": 1.8307200645722737, "oscillation_cost": 36.32522330795919, "completition_cost": 0.0, "overshoot_cost": 50.35596674282563, "power_cost": 11.137034655761719, "noise_cost": 10.890529634645867, "n_waypoints_completed": 9, "tot_waypoints": 9}}
{"target": -182.7154267556807, "params": {"k_pid_pos": [1.8811307174574419, 0.024859491386256316, 0.3434561031905483], "k_pid_alt": [1.2679502233621702, 0.0, 0.1], "k_pid_att": [68.93098199109546, 1.326856224425946, 0.9274604585040267], "k_pid_yaw": [0.5, 1e-06, 0.1], "k_pid_hsp": [2.82373402557605, 0.01, 0.01], "k_pid_vsp": [111.20884264032553, 102.7157397860675, 1.0]}, "datetime": {"datetime": "2025-08-20 19:46:10", "elapsed": 28425.0998814106, "delta": 14.511794805526733}, "costs": {"total_cost": 182.7154267556807, "time_cost": 68.728, "final_distance_cost": 1.8008749286933234, "oscillation_cost": 39.673393796206106, "completition_cost": 0.0, "overshoot_cost": 50.540649110054886, "power_cost": 11.140805615234376, "noise_cost": 10.83170330549204, "n_waypoints_completed": 9, "tot_waypoints": 9}}
{"target": -195.0933607586863, "params": {"k_pid_pos": [1.4698128353043505, 0.024859491386256316, 0.3434561031905483], "k_pid_alt": [1.2679502233621702, 0.34524295845856323, 0.1], "k_pid_att": [43.948176657889235, 1.326856224425946, 0.9274604585040267], "k_pid_yaw": [0.5, 1e-06, 0.1], "k_pid_hsp": [2.82373402557605, 0.01, 0.01], "k_pid_vsp": [111.20884264032553, 102.7157397860675, 1.0]}, "datetime": {"datetime": "2025-08-20 19:46:29", "elapsed": 28443.737435102463, "delta": 18.637553691864014}, "costs": {"total_cost": 195.0933607586863, "time_cost": 76.144, "final_distance_cost": 1.7445729206235785, "oscillation_cost": 42.907839412947496, "completition_cost": 0.0, "overshoot_cost": 50.865902305249705, "power_cost": 12.06834139404297, "noise_cost": 11.362704725822548, "n_waypoints_completed": 9, "tot_waypoints": 9}}
{"target": -257.36355693577536, "params": {"k_pid_pos": [1.4698128353043505, 0.024859491386256316, 0.3434561031905483], "k_pid_alt": [0.9229830459671018, 0.0, 0.1], "k_pid_att": [43.948176657889235, 1.326856224425946, 0.9274604585040267], "k_pid_yaw": [0.5, 1e-06, 0.1], "k_pid_hsp": [2.82373402557605, 0.01, 0.01], "k_pid_vsp": [111.20884264032553, 102.7157397860675, 106.04500360064405]}, "datetime": {"datetime": "2025-08-20 19:46:50", "elapsed": 28465.104596138, "delta": 21.36716103553772}, "costs": {"total_cost": 257.36355693577536, "time_cost": 94.008, "final_distance_cost": 1.8328045999906135, "oscillation_cost": 56.67826389488943, "completition_cost": 0.0, "overshoot_cost": 62.47783456949106, "power_cost": 24.961791809082033, "noise_cost": 17.40486206232228, "n_waypoints_completed": 9, "tot_waypoints": 9}}
{"target": -334.3870122203216, "params": {"k_pid_pos": [1.5538661872642425, 0.024859491386256316, 0.3434561031905483], "k_pid_alt": [1.5786606064986153, 0.0, 0.472941922472217], "k_pid_att": [43.948176657889235, 1.326856224425946, 0.9274604585040267], "k_pid_yaw": [0.5, 1e-06, 0.1], "k_pid_hsp": [2.82373402557605, 0.01, 0.9183446933032423], "k_pid_vsp": [131.89521188480865, 102.7157397860675, 1.0]}, "datetime": {"datetime": "2025-08-20 19:47:08", "elapsed": 28483.240258455276, "delta": 18.135662317276}, "costs": {"total_cost": 334.3870122203216, "time_cost": 84.19200000000001, "final_distance_cost": 1.84634416408024, "oscillation_cost": 165.40151697011714, "completition_cost": 0.0, "overshoot_cost": 52.37320962722884, "power_cost": 16.77216591796875, "noise_cost": 13.801775540926641, "n_waypoints_completed": 9, "tot_waypoints": 9}}
{"target": -186.06595176580234, "params": {"k_pid_pos": [1.8034346552870686, 0.08087462101852438, 0.264408165061339], "k_pid_alt": [1.2679502233621702, 0.0, 0.1], "k_pid_att": [11.391637031113255, 3.7802132718527557, 0.9274604585040267], "k_pid_yaw": [0.5, 1e-06, 0.1], "k_pid_hsp": [2.82373402557605, 0.01, 0.01], "k_pid_vsp": [174.90950217371815, 102.7157397860675, 1.0]}, "datetime": {"datetime": "2025-08-20 19:47:24", "elapsed": 28499.052259206772, "delta": 15.812000751495361}, "costs": {"total_cost": 186.06595176580234, "time_cost": 68.64, "final_distance_cost": 1.7855711814685966, "oscillation_cost": 42.05262682262948, "completition_cost": 0.0, "overshoot_cost": 50.09097776846459, "power_cost": 12.278032531738281, "noise_cost": 11.218743461501395, "n_waypoints_completed": 9, "tot_waypoints": 9}}
{"target": -179.18928056570573, "params": {"k_pid_pos": [1.4698128353043505, 0.024859491386256316, 0.3434561031905483], "k_pid_alt": [1.2679502233621702, 0.0, 0.02282466901291924], "k_pid_att": [43.948176657889235, 1.326856224425946, 0.9274604585040267], "k_pid_yaw": [0.5, 1e-06, 0.1], "k_pid_hsp": [2.82373402557605, 0.01, 0.01], "k_pid_vsp": [111.20884264032553, 102.7157397860675, 1.0]}, "datetime": {"datetime": "2025-08-20 19:47:39", "elapsed": 28513.821385622025, "delta": 14.769126415252686}, "costs": {"total_cost": 179.18928056570573, "time_cost": 69.056, "final_distance_cost": 1.8237395405889647, "oscillation_cost": 35.97580273456363, "completition_cost": 0.0, "overshoot_cost": 49.93481139893447, "power_cost": 11.355553393554688, "noise_cost": 11.043373498063996, "n_waypoints_completed": 9, "tot_waypoints": 9}}
{"target": -179.18928056570573, "params": {"k_pid_pos": [1.4698128353043505, 0.024859491386256316, 0.3434561031905483], "k_pid_alt": [1.2679502233621702, 0.0, 0.02282466901291924], "k_pid_att": [43.948176657889235, 1.326856224425946, 0.9274604585040267], "k_pid_yaw": [0.5, 1e-06, 0.1], "k_pid_hsp": [2.82373402557605, 0.01, 0.01], "k_pid_vsp": [111.20884264032553, 102.7157397860675, 1.0]}, "datetime": {"datetime": "2025-08-20 19:47:56", "elapsed": 28531.133551120758, "delta": 17.31216549873352}, "costs": {"total_cost": 179.18928056570573, "time_cost": 69.056, "final_distance_cost": 1.8237395405889647, "oscillation_cost": 35.97580273456363, "completition_cost": 0.0, "overshoot_cost": 49.93481139893447, "power_cost": 11.355553393554688, "noise_cost": 11.043373498063996, "n_waypoints_completed": 9, "tot_waypoints": 9}}
{"target": -177.6739252695265, "params": {"k_pid_pos": [1.4698128353043505, 0.024859491386256316, 0.3434561031905483], "k_pid_alt": [1.2679502233621702, 0.0, 0.1], "k_pid_att": [43.948176657889235, 1.326856224425946, 0.9274604585040267], "k_pid_yaw": [0.5, 1e-06, 0.1], "k_pid_hsp": [2.82373402557605, 0.01, 0.01], "k_pid_vsp": [111.20884264032553, 102.7157397860675, 1.0]}, "datetime": {"datetime": "2025-08-20 19:48:11", "elapsed": 28545.99558544159, "delta": 14.862034320831299}, "costs": {"total_cost": 177.6739252695265, "time_cost": 69.152, "final_distance_cost": 1.8262656886158488, "oscillation_cost": 34.33594552183275, "completition_cost": 0.0, "overshoot_cost": 50.065815663241324, "power_cost": 11.237653356933594, "noise_cost": 11.056245038902981, "n_waypoints_completed": 9, "tot_waypoints": 9}}
{"target": -184.19960812162347, "params": {"k_pid_pos": [1.4698128353043505, 0.024859491386256316, 0.3434561031905483], "k_pid_alt": [1.2679502233621702, 0.0, 0.1], "k_pid_att": [43.948176657889235, 1.326856224425946, 0.9274604585040267], "k_pid_yaw": [0.5, 1e-06, 0.1], "k_pid_hsp": [2.82373402557605, 0.3095743154041969, 0.01], "k_pid_vsp": [111.20884264032553, 6.65134314787687, 1.0]}, "datetime": {"datetime": "2025-08-20 19:48:28", "elapsed": 28563.476873397827, "delta": 17.481287956237793}, "costs": {"total_cost": 184.19960812162347, "time_cost": 70.32000000000001, "final_distance_cost": 1.8234541641237287, "oscillation_cost": 38.87691648628863, "completition_cost": 0.0, "overshoot_cost": 50.752314007768604, "power_cost": 11.208248461914064, "noise_cost": 11.218675001528464, "n_waypoints_completed": 9, "tot_waypoints": 9}}
{"target": -177.6739252695265, "params": {"k_pid_pos": [1.4698128353043505, 0.024859491386256316, 0.3434561031905483], "k_pid_alt": [1.2679502233621702, 0.0, 0.1], "k_pid_att": [43.948176657889235, 1.326856224425946, 0.9274604585040267], "k_pid_yaw": [0.5, 1e-06, 0.1], "k_pid_hsp": [2.82373402557605, 0.01, 0.01], "k_pid_vsp": [111.20884264032553, 102.7157397860675, 1.0]}, "datetime": {"datetime": "2025-08-20 19:48:43", "elapsed": 28578.35948729515, "delta": 14.882613897323608}, "costs": {"total_cost": 177.6739252695265, "time_cost": 69.152, "final_distance_cost": 1.8262656886158488, "oscillation_cost": 34.33594552183275, "completition_cost": 0.0, "overshoot_cost": 50.065815663241324, "power_cost": 11.237653356933594, "noise_cost": 11.056245038902981, "n_waypoints_completed": 9, "tot_waypoints": 9}}
{"target": -177.6739252695265, "params": {"k_pid_pos": [1.4698128353043505, 0.024859491386256316, 0.3434561031905483], "k_pid_alt": [1.2679502233621702, 0.0, 0.1], "k_pid_att": [43.948176657889235, 1.326856224425946, 0.9274604585040267], "k_pid_yaw": [0.5, 1e-06, 0.1], "k_pid_hsp": [2.82373402557605, 0.01, 0.01], "k_pid_vsp": [111.20884264032553, 102.7157397860675, 1.0]}, "datetime": {"datetime": "2025-08-20 19:48:59", "elapsed": 28594.486173391342, "delta": 16.126686096191406}, "costs": {"total_cost": 177.6739252695265, "time_cost": 69.152, "final_distance_cost": 1.8262656886158488, "oscillation_cost": 34.33594552183275, "completition_cost": 0.0, "overshoot_cost": 50.065815663241324, "power_cost": 11.237653356933594, "noise_cost": 11.056245038902981, "n_waypoints_completed": 9, "tot_waypoints": 9}}
{"target": -185.55913724413344, "params": {"k_pid_pos": [1.4698128353043505, 0.024859491386256316, 0.3434561031905483], "k_pid_alt": [1.2679502233621702, 0.0, 0.1], "k_pid_att": [47.80141503152684, 1.4913548176861673, 0.5196369593476883], "k_pid_yaw": [0.5, 1e-06, 0.1], "k_pid_hsp": [2.82373402557605, 0.7794066825273879, 0.01], "k_pid_vsp": [111.20884264032553, 102.7157397860675, 1.0]}, "datetime": {"datetime": "2025-08-20 19:49:15", "elapsed": 28610.34199810028, "delta": 15.855824708938599}, "costs": {"total_cost": 185.55913724413344, "time_cost": 68.824, "final_distance_cost": 1.8455954090655449, "oscillation_cost": 43.40517421992273, "completition_cost": 0.0, "overshoot_cost": 49.35799504618256, "power_cost": 11.225583129882812, "noise_cost": 10.900789439079807, "n_waypoints_completed": 9, "tot_waypoints": 9}}
{"target": -1049.8131747683326, "params": {"k_pid_pos": [1.4698128353043505, 0.024859491386256316, 0.3434561031905483], "k_pid_alt": [1.5786606064986153, 0.0, 0.472941922472217], "k_pid_att": [43.948176657889235, 1.326856224425946, 0.9274604585040267], "k_pid_yaw": [0.5, 1e-06, 0.1], "k_pid_hsp": [2.82373402557605, 0.01, 0.01], "k_pid_vsp": [131.89521188480865, 58.86884306764787, 270.6351217364206]}, "datetime": {"datetime": "2025-08-20 19:49:37", "elapsed": 28632.118683576584, "delta": 21.7766854763031}, "costs": {"total_cost": 1049.8131747683326, "time_cost": 150, "final_distance_cost": 70.51682297366743, "oscillation_cost": 47.26044918659218, "completition_cost": 666.6666666666667, "overshoot_cost": 99.523670750392, "power_cost": 7.771873034667969, "noise_cost": 8.073692156346155, "n_waypoints_completed": 3, "tot_waypoints": 9}}
{"target": -184.55084793663883, "params": {"k_pid_pos": [1.4698128353043505, 0.024859491386256316, 0.3434561031905483], "k_pid_alt": [1.7655434176925564, 0.0, 0.36236040329893415], "k_pid_att": [16.70788068270076, 1.326856224425946, 0.9274604585040267], "k_pid_yaw": [0.5, 1e-06, 0.1], "k_pid_hsp": [6.437608030649435, 0.11140066133917204, 0.01], "k_pid_vsp": [111.20884264032553, 102.7157397860675, 1.0]}, "datetime": {"datetime": "2025-08-20 19:49:53", "elapsed": 28648.069897174835, "delta": 15.951213598251343}, "costs": {"total_cost": 184.55084793663883, "time_cost": 68.808, "final_distance_cost": 1.8317074596242728, "oscillation_cost": 41.62872822079767, "completition_cost": 0.0, "overshoot_cost": 49.94896682015594, "power_cost": 11.367482202148437, "noise_cost": 10.965963233912492, "n_waypoints_completed": 9, "tot_waypoints": 9}}
{"target": -177.6739252695265, "params": {"k_pid_pos": [1.4698128353043505, 0.024859491386256316, 0.3434561031905483], "k_pid_alt": [1.2679502233621702, 0.0, 0.1], "k_pid_att": [43.948176657889235, 1.326856224425946, 0.9274604585040267], "k_pid_yaw": [0.5, 1e-06, 0.1], "k_pid_hsp": [2.82373402557605, 0.01, 0.01], "k_pid_vsp": [111.20884264032553, 102.7157397860675, 1.0]}, "datetime": {"datetime": "2025-08-20 19:50:09", "elapsed": 28663.635961294174, "delta": 15.56606411933899}, "costs": {"total_cost": 177.6739252695265, "time_cost": 69.152, "final_distance_cost": 1.8262656886158488, "oscillation_cost": 34.33594552183275, "completition_cost": 0.0, "overshoot_cost": 50.065815663241324, "power_cost": 11.237653356933594, "noise_cost": 11.056245038902981, "n_waypoints_completed": 9, "tot_waypoints": 9}}
{"target": -1028.6892005498253, "params": {"k_pid_pos": [1.4698128353043505, 0.024859491386256316, 0.3434561031905483], "k_pid_alt": [1.2679502233621702, 0.0, 0.1], "k_pid_att": [43.948176657889235, 6.043751783864618, 0.9274604585040267], "k_pid_yaw": [0.5, 1e-06, 0.1], "k_pid_hsp": [1.9715787190781768, 0.01, 0.01], "k_pid_vsp": [145.49514412553103, 102.7157397860675, 262.3469346407525]}, "datetime": {"datetime": "2025-08-20 19:50:30", "elapsed": 28685.390743017197, "delta": 21.75478172302246}, "costs": {"total_cost": 1028.6892005498253, "time_cost": 150, "final_distance_cost": 67.11252441169222, "oscillation_cost": 45.626905059413225, "completition_cost": 666.6666666666667, "overshoot_cost": 71.25211053468226, "power_cost": 15.676437902832031, "noise_cost": 12.35455597453875, "n_waypoints_completed": 3, "tot_waypoints": 9}}
{"target": -210.63606730617647, "params": {"k_pid_pos": [1.4698128353043505, 0.024859491386256316, 0.6354931049670316], "k_pid_alt": [0.3787051793814169, 0.0, 0.1], "k_pid_att": [43.948176657889235, 2.693331282869566, 0.9274604585040267], "k_pid_yaw": [0.5, 1e-06, 0.1], "k_pid_hsp": [2.82373402557605, 0.01, 0.01], "k_pid_vsp": [131.89521188480865, 218.9558849126979, 1.0]}, "datetime": {"datetime": "2025-08-20 19:50:51", "elapsed": 28706.128159999847, "delta": 20.737416982650757}, "costs": {"total_cost": 210.63606730617647, "time_cost": 87.968, "final_distance_cost": 1.8567604859006148, "oscillation_cost": 43.44228693641023, "completition_cost": 0.0, "overshoot_cost": 50.25991151157714, "power_cost": 13.973983227539064, "noise_cost": 13.13512514474941, "n_waypoints_completed": 9, "tot_waypoints": 9}}
{"target": -183.79029114034293, "params": {"k_pid_pos": [1.4698128353043505, 0.024859491386256316, 0.3434561031905483], "k_pid_alt": [1.3743244933308238, 0.0, 0.472941922472217], "k_pid_att": [43.948176657889235, 1.326856224425946, 0.9274604585040267], "k_pid_yaw": [0.5, 1e-06, 0.1], "k_pid_hsp": [1.0498148400696388, 0.01, 0.01], "k_pid_vsp": [131.89521188480865, 102.7157397860675, 1.0]}, "datetime": {"datetime": "2025-08-20 19:51:08", "elapsed": 28722.66983795166, "delta": 16.541677951812744}, "costs": {"total_cost": 183.79029114034293, "time_cost": 69.784, "final_distance_cost": 1.8347630315617116, "oscillation_cost": 38.23539221197512, "completition_cost": 0.0, "overshoot_cost": 50.22619978495289, "power_cost": 12.378140954589844, "noise_cost": 11.33179515726336, "n_waypoints_completed": 9, "tot_waypoints": 9}}
{"target": -183.0147351113509, "params": {"k_pid_pos": [1.4698128353043505, 0.024859491386256316, 0.3434561031905483], "k_pid_alt": [1.2679502233621702, 0.0, 0.1], "k_pid_att": [92.532430894659, 3.2931611945007657, 0.9274604585040267], "k_pid_yaw": [0.5, 1e-06, 0.1], "k_pid_hsp": [2.82373402557605, 0.01, 0.01], "k_pid_vsp": [131.89521188480865, 102.7157397860675, 1.0]}, "datetime": {"datetime": "2025-08-20 19:51:24", "elapsed": 28738.63052225113, "delta": 15.960684299468994}, "costs": {"total_cost": 183.0147351113509, "time_cost": 69.456, "final_distance_cost": 1.8400436719431397, "oscillation_cost": 38.45807321587801, "completition_cost": 0.0, "overshoot_cost": 50.479562234317704, "power_cost": 11.592723193359376, "noise_cost": 11.188332795852672, "n_waypoints_completed": 9, "tot_waypoints": 9}}
{"target": -1044.4151951139543, "params": {"k_pid_pos": [1.8034346552870686, 0.024859491386256316, 0.3434561031905483], "k_pid_alt": [1.2679502233621702, 0.0, 0.1], "k_pid_att": [43.948176657889235, 3.9361669465789193, 0.9274604585040267], "k_pid_yaw": [0.5, 1e-06, 0.1], "k_pid_hsp": [2.82373402557605, 0.01, 0.01], "k_pid_vsp": [111.20884264032553, 102.7157397860675, 184.00302090226384]}, "datetime": {"datetime": "2025-08-20 19:51:46", "elapsed": 28761.101578712463, "delta": 22.47105646133423}, "costs": {"total_cost": 1044.4151951139543, "time_cost": 150, "final_distance_cost": 58.82169311798181, "oscillation_cost": 46.394279592151086, "completition_cost": 666.6666666666667, "overshoot_cost": 85.31844681325302, "power_cost": 20.793209094238282, "noise_cost": 16.420899829663426, "n_waypoints_completed": 3, "tot_waypoints": 9}}
{"target": -177.6739252695265, "params": {"k_pid_pos": [1.4698128353043505, 0.024859491386256316, 0.3434561031905483], "k_pid_alt": [1.2679502233621702, 0.0, 0.1], "k_pid_att": [43.948176657889235, 1.326856224425946, 0.9274604585040267], "k_pid_yaw": [0.5, 1e-06, 0.1], "k_pid_hsp": [2.82373402557605, 0.01, 0.01], "k_pid_vsp": [111.20884264032553, 102.7157397860675, 1.0]}, "datetime": {"datetime": "2025-08-20 19:52:01", "elapsed": 28776.215916395187, "delta": 15.114337682723999}, "costs": {"total_cost": 177.6739252695265, "time_cost": 69.152, "final_distance_cost": 1.8262656886158488, "oscillation_cost": 34.33594552183275, "completition_cost": 0.0, "overshoot_cost": 50.065815663241324, "power_cost": 11.237653356933594, "noise_cost": 11.056245038902981, "n_waypoints_completed": 9, "tot_waypoints": 9}}
{"target": -177.6739252695265, "params": {"k_pid_pos": [1.4698128353043505, 0.024859491386256316, 0.3434561031905483], "k_pid_alt": [1.2679502233621702, 0.0, 0.1], "k_pid_att": [43.948176657889235, 1.326856224425946, 0.9274604585040267], "k_pid_yaw": [0.5, 1e-06, 0.1], "k_pid_hsp": [2.82373402557605, 0.01, 0.01], "k_pid_vsp": [111.20884264032553, 102.7157397860675, 1.0]}, "datetime": {"datetime": "2025-08-20 19:52:17", "elapsed": 28792.087487220764, "delta": 15.871570825576782}, "costs": {"total_cost": 177.6739252695265, "time_cost": 69.152, "final_distance_cost": 1.8262656886158488, "oscillation_cost": 34.33594552183275, "completition_cost": 0.0, "overshoot_cost": 50.065815663241324, "power_cost": 11.237653356933594, "noise_cost": 11.056245038902981, "n_waypoints_completed": 9, "tot_waypoints": 9}}
