{"target": -1030.1678686186406, "params": {"k_pid_pos": [1.4698128353043505, 0.0822904257601288, 0.3434561031905483], "k_pid_alt": [1.2679502233621702, 0.0, 0.1], "k_pid_att": [43.948176657889235, 1.1105074131954076, 0.9808211468183533], "k_pid_yaw": [0.5, 1e-06, 0.1], "k_pid_hsp": [2.82373402557605, 0.01, 0.01], "k_pid_vsp": [111.20884264032553, 102.7157397860675, 156.11011667766687]}, "datetime": {"datetime": "2025-08-20 22:23:40", "elapsed": 37874.56450653076, "delta": 22.83796501159668}, "costs": {"total_cost": 1030.1678686186406, "time_cost": 150, "final_distance_cost": 54.26761152991318, "oscillation_cost": 42.542873187023865, "completition_cost": 666.6666666666667, "overshoot_cost": 64.1391974367716, "power_cost": 30.457313964843753, "noise_cost": 22.094205833421594, "n_waypoints_completed": 3, "tot_waypoints": 9}}
{"target": -184.426877232363, "params": {"k_pid_pos": [1.4698128353043505, 0.0822904257601288, 0.5271164669865139], "k_pid_alt": [1.3888149624867963, 0.0, 0.5933646034205271], "k_pid_att": [43.948176657889235, 1.326856224425946, 0.9808211468183533], "k_pid_yaw": [0.5, 1e-06, 0.1], "k_pid_hsp": [2.957956300852597, 0.01, 0.01], "k_pid_vsp": [111.20884264032553, 102.7157397860675, 1.0]}, "datetime": {"datetime": "2025-08-20 22:23:57", "elapsed": 37891.54486322403, "delta": 16.980356693267822}, "costs": {"total_cost": 184.426877232363, "time_cost": 70.752, "final_distance_cost": 1.8339366759703215, "oscillation_cost": 39.009225448312066, "completition_cost": 0.0, "overshoot_cost": 49.709390087037086, "power_cost": 11.805479345703125, "noise_cost": 11.316845675340414, "n_waypoints_completed": 9, "tot_waypoints": 9}}
{"target": -177.60937995499717, "params": {"k_pid_pos": [1.4698128353043505, 0.0822904257601288, 0.3434561031905483], "k_pid_alt": [1.2679502233621702, 0.0, 0.1], "k_pid_att": [43.948176657889235, 1.326856224425946, 0.9808211468183533], "k_pid_yaw": [0.5, 1e-06, 0.1], "k_pid_hsp": [2.82373402557605, 0.01, 0.01], "k_pid_vsp": [111.20884264032553, 102.7157397860675, 1.0]}, "datetime": {"datetime": "2025-08-20 22:24:12", "elapsed": 37906.67686700821, "delta": 15.132003784179688}, "costs": {"total_cost": 177.60937995499717, "time_cost": 69.168, "final_distance_cost": 1.8236531971998164, "oscillation_cost": 34.65964045638309, "completition_cost": 0.0, "overshoot_cost": 49.90985172465229, "power_cost": 11.13902373046875, "noise_cost": 10.909210846293195, "n_waypoints_completed": 9, "tot_waypoints": 9}}
{"target": -177.9630468802424, "params": {"k_pid_pos": [1.4698128353043505, 0.0822904257601288, 0.3434561031905483], "k_pid_alt": [1.2679502233621702, 0.0, 0.1], "k_pid_att": [43.948176657889235, 1.326856224425946, 0.9808211468183533], "k_pid_yaw": [0.5, 1e-06, 0.1], "k_pid_hsp": [2.82373402557605, 0.032377942493985734, 0.01], "k_pid_vsp": [111.20884264032553, 102.7157397860675, 1.0]}, "datetime": {"datetime": "2025-08-20 22:24:29", "elapsed": 37923.89280486107, "delta": 17.215937852859497}, "costs": {"total_cost": 177.9630468802424, "time_cost": 69.16, "final_distance_cost": 1.8287837834372134, "oscillation_cost": 34.974457335284235, "completition_cost": 0.0, "overshoot_cost": 49.87033260128908, "power_cost": 11.17343349609375, "noise_cost": 10.956039664138116, "n_waypoints_completed": 9, "tot_waypoints": 9}}
{"target": -197.191603241047, "params": {"k_pid_pos": [1.4698128353043505, 0.0822904257601288, 0.7313895513723639], "k_pid_alt": [0.5251660625838372, 0.0, 0.1], "k_pid_att": [97.15749504346589, 1.326856224425946, 0.9808211468183533], "k_pid_yaw": [0.5, 1e-06, 0.1], "k_pid_hsp": [2.82373402557605, 0.01, 0.01], "k_pid_vsp": [111.20884264032553, 102.7157397860675, 1.0]}, "datetime": {"datetime": "2025-08-20 22:24:46", "elapsed": 37941.310621500015, "delta": 17.417816638946533}, "costs": {"total_cost": 197.191603241047, "time_cost": 78.60000000000001, "final_distance_cost": 1.846013131448592, "oscillation_cost": 41.658597380505036, "completition_cost": 0.0, "overshoot_cost": 49.86337498625122, "power_cost": 13.014020629882813, "noise_cost": 12.209597112959324, "n_waypoints_completed": 9, "tot_waypoints": 9}}
{"target": -2244.3818084897766, "params": {"k_pid_pos": [1.4698128353043505, 0.0822904257601288, 0.9753488518740228], "k_pid_alt": [0.4752955706577131, 0.0, 0.1], "k_pid_att": [60.61652495710502, 1.326856224425946, 0.9808211468183533], "k_pid_yaw": [0.5, 1e-06, 0.1], "k_pid_hsp": [2.82373402557605, 0.01, 0.01], "k_pid_vsp": [111.20884264032553, 102.7157397860675, 371.2679100987427]}, "datetime": {"datetime": "2025-08-20 22:25:10", "elapsed": 37964.702174425125, "delta": 23.391552925109863}, "costs": {"total_cost": 2244.3818084897766, "time_cost": 150, "final_distance_cost": 504.4654737611547, "oscillation_cost": 37.65535550014094, "completition_cost": 888.8888888888888, "overshoot_cost": 602.0771852767042, "power_cost": 35.958452062988286, "noise_cost": 25.33645299989978, "n_waypoints_completed": 1, "tot_waypoints": 9}}
{"target": -1091.6295262028552, "params": {"k_pid_pos": [1.4698128353043505, 0.0822904257601288, 0.3434561031905483], "k_pid_alt": [1.2679502233621702, 0.0, 0.1], "k_pid_att": [43.948176657889235, 1.326856224425946, 0.9808211468183533], "k_pid_yaw": [0.5, 1e-06, 0.1], "k_pid_hsp": [2.82373402557605, 0.8648168268977217, 0.01], "k_pid_vsp": [111.20884264032553, 102.7157397860675, 300.4825694663082]}, "datetime": {"datetime": "2025-08-20 22:25:33", "elapsed": 37988.053549051285, "delta": 23.351374626159668}, "costs": {"total_cost": 1091.6295262028552, "time_cost": 150, "final_distance_cost": 77.36591664778251, "oscillation_cost": 47.087886263833404, "completition_cost": 666.6666666666667, "overshoot_cost": 104.92961612885776, "power_cost": 23.045676477050783, "noise_cost": 22.533764018664098, "n_waypoints_completed": 3, "tot_waypoints": 9}}
{"target": -184.9528666249154, "params": {"k_pid_pos": [1.4698128353043505, 0.0822904257601288, 0.3434561031905483], "k_pid_alt": [1.2679502233621702, 0.0, 0.1], "k_pid_att": [43.948176657889235, 1.326856224425946, 0.9808211468183533], "k_pid_yaw": [0.5, 1e-06, 0.1], "k_pid_hsp": [2.82373402557605, 0.8669962603308305, 0.01], "k_pid_vsp": [111.20884264032553, 102.7157397860675, 1.0]}, "datetime": {"datetime": "2025-08-20 22:25:47", "elapsed": 38002.453253507614, "delta": 14.399704456329346}, "costs": {"total_cost": 184.9528666249154, "time_cost": 68.752, "final_distance_cost": 1.8361039679344207, "oscillation_cost": 42.609207334929806, "completition_cost": 0.0, "overshoot_cost": 49.319726347252306, "power_cost": 11.473008544921875, "noise_cost": 10.962820429877006, "n_waypoints_completed": 9, "tot_waypoints": 9}}
{"target": -182.93072228556724, "params": {"k_pid_pos": [1.4698128353043505, 0.024859491386256316, 0.3434561031905483], "k_pid_alt": [1.7988026916343176, 0.0, 0.7925958880414701], "k_pid_att": [43.948176657889235, 1.326856224425946, 0.9808211468183533], "k_pid_yaw": [0.5, 1e-06, 0.1], "k_pid_hsp": [2.82373402557605, 0.01, 0.01], "k_pid_vsp": [111.20884264032553, 291.9899918266388, 1.0]}, "datetime": {"datetime": "2025-08-20 22:26:06", "elapsed": 38020.79415655136, "delta": 18.34090304374695}, "costs": {"total_cost": 182.93072228556724, "time_cost": 69.52, "final_distance_cost": 1.8347857479717797, "oscillation_cost": 39.033300126860006, "completition_cost": 0.0, "overshoot_cost": 49.51806433662132, "power_cost": 11.891571777343751, "noise_cost": 11.133000296770367, "n_waypoints_completed": 9, "tot_waypoints": 9}}
{"target": -182.61083956754732, "params": {"k_pid_pos": [1.402943601129983, 0.0822904257601288, 0.3434561031905483], "k_pid_alt": [1.2679502233621702, 0.0, 0.1], "k_pid_att": [43.948176657889235, 1.1105074131954076, 0.9808211468183533], "k_pid_yaw": [0.5, 1e-06, 0.1], "k_pid_hsp": [2.82373402557605, 0.01, 0.01], "k_pid_vsp": [111.20884264032553, 20.252314050740118, 1.0]}, "datetime": {"datetime": "2025-08-20 22:26:22", "elapsed": 38036.49489021301, "delta": 15.700733661651611}, "costs": {"total_cost": 182.61083956754732, "time_cost": 70.08800000000001, "final_distance_cost": 1.8167078748366177, "oscillation_cost": 36.85011517847709, "completition_cost": 0.0, "overshoot_cost": 51.33695488202059, "power_cost": 11.252495104980468, "noise_cost": 11.266566527232557, "n_waypoints_completed": 9, "tot_waypoints": 9}}
{"target": -190.85194282397487, "params": {"k_pid_pos": [1.4698128353043505, 0.0822904257601288, 0.3434561031905483], "k_pid_alt": [1.2679502233621702, 0.0, 0.3157032531275451], "k_pid_att": [9.14477148846079, 1.326856224425946, 0.9808211468183533], "k_pid_yaw": [0.5, 1e-06, 0.1], "k_pid_hsp": [2.82373402557605, 0.918910454481374, 0.01], "k_pid_vsp": [111.20884264032553, 102.7157397860675, 1.0]}, "datetime": {"datetime": "2025-08-20 22:26:38", "elapsed": 38052.99576878548, "delta": 16.50087857246399}, "costs": {"total_cost": 190.85194282397487, "time_cost": 69.08800000000001, "final_distance_cost": 1.82024249689898, "oscillation_cost": 47.383591211176146, "completition_cost": 0.0, "overshoot_cost": 49.09338511830505, "power_cost": 12.377939611816407, "noise_cost": 11.088784385778267, "n_waypoints_completed": 9, "tot_waypoints": 9}}
{"target": -182.6526809919335, "params": {"k_pid_pos": [1.6847188596925242, 0.0822904257601288, 0.3434561031905483], "k_pid_alt": [1.2679502233621702, 0.0, 0.1], "k_pid_att": [43.948176657889235, 1.326856224425946, 0.9808211468183533], "k_pid_yaw": [0.5, 1e-06, 0.1], "k_pid_hsp": [2.82373402557605, 0.01, 0.01], "k_pid_vsp": [111.20884264032553, 102.7157397860675, 1.0]}, "datetime": {"datetime": "2025-08-20 22:26:53", "elapsed": 38067.85742998123, "delta": 14.861661195755005}, "costs": {"total_cost": 182.6526809919335, "time_cost": 68.824, "final_distance_cost": 1.8027089940354974, "oscillation_cost": 39.323073159376726, "completition_cost": 0.0, "overshoot_cost": 50.54143919942424, "power_cost": 11.317339868164064, "noise_cost": 10.84411977093297, "n_waypoints_completed": 9, "tot_waypoints": 9}}
{"target": -243.81865971987057, "params": {"k_pid_pos": [1.4698128353043505, 0.7624231229009552, 0.29262041550705187], "k_pid_alt": [1.2679502233621702, 0.6753724924068534, 0.1], "k_pid_att": [43.948176657889235, 9.874008014726847, 0.9808211468183533], "k_pid_yaw": [0.5, 1e-06, 0.1], "k_pid_hsp": [8.488930879146414, 0.01, 0.01], "k_pid_vsp": [111.20884264032553, 102.7157397860675, 1.0]}, "datetime": {"datetime": "2025-08-20 22:27:15", "elapsed": 38090.00811958313, "delta": 22.150689601898193}, "costs": {"total_cost": 243.81865971987057, "time_cost": 94.752, "final_distance_cost": 1.7142844745586148, "oscillation_cost": 58.26198997471203, "completition_cost": 0.0, "overshoot_cost": 56.7987659717347, "power_cost": 16.964171130371096, "noise_cost": 15.32744816849417, "n_waypoints_completed": 9, "tot_waypoints": 9}}
{"target": -219.56429843393113, "params": {"k_pid_pos": [1.4698128353043505, 0.8007089045041901, 0.3434561031905483], "k_pid_alt": [1.2679502233621702, 0.0, 0.1], "k_pid_att": [43.948176657889235, 1.326856224425946, 0.4236705341890681], "k_pid_yaw": [0.5, 1e-06, 0.1], "k_pid_hsp": [2.82373402557605, 0.01, 0.01], "k_pid_vsp": [111.20884264032553, 102.7157397860675, 1.0]}, "datetime": {"datetime": "2025-08-20 22:27:35", "elapsed": 38109.87625789642, "delta": 19.868138313293457}, "costs": {"total_cost": 219.56429843393113, "time_cost": 85.864, "final_distance_cost": 1.7105723776002004, "oscillation_cost": 50.04125201908273, "completition_cost": 0.0, "overshoot_cost": 53.06710848343437, "power_cost": 15.205445043945312, "noise_cost": 13.675920509868506, "n_waypoints_completed": 9, "tot_waypoints": 9}}
{"target": -186.95707299029382, "params": {"k_pid_pos": [1.4698128353043505, 0.0822904257601288, 0.3434561031905483], "k_pid_alt": [0.9020104990244227, 0.0, 0.1], "k_pid_att": [97.15749504346589, 1.326856224425946, 0.9808211468183533], "k_pid_yaw": [0.5, 1e-06, 0.1], "k_pid_hsp": [2.82373402557605, 0.01, 0.01], "k_pid_vsp": [111.20884264032553, 102.7157397860675, 1.0]}, "datetime": {"datetime": "2025-08-20 22:27:51", "elapsed": 38125.520746946335, "delta": 15.644489049911499}, "costs": {"total_cost": 186.95707299029382, "time_cost": 70.824, "final_distance_cost": 1.8239923982033026, "oscillation_cost": 40.5078329691321, "completition_cost": 0.0, "overshoot_cost": 50.5061138688691, "power_cost": 11.932799645996095, "noise_cost": 11.362334108093231, "n_waypoints_completed": 9, "tot_waypoints": 9}}
{"target": -1131.0143320805237, "params": {"k_pid_pos": [0.7505079561141027, 0.0822904257601288, 0.3434561031905483], "k_pid_alt": [1.688733796848813, 0.0, 0.5780287087253008], "k_pid_att": [43.948176657889235, 2.8711836120640575, 0.9808211468183533], "k_pid_yaw": [0.5, 1e-06, 0.1], "k_pid_hsp": [2.82373402557605, 0.01, 0.01], "k_pid_vsp": [208.80477796310458, 102.7157397860675, 137.90385397100354]}, "datetime": {"datetime": "2025-08-20 22:28:16", "elapsed": 38150.82653403282, "delta": 25.305787086486816}, "costs": {"total_cost": 1131.0143320805237, "time_cost": 150, "final_distance_cost": 88.28514500407694, "oscillation_cost": 33.457227175505274, "completition_cost": 777.7777777777778, "overshoot_cost": 24.55983590577138, "power_cost": 34.0643447265625, "noise_cost": 22.870001490829683, "n_waypoints_completed": 2, "tot_waypoints": 9}}
{"target": -190.02379009510454, "params": {"k_pid_pos": [1.4698128353043505, 0.0822904257601288, 0.3434561031905483], "k_pid_alt": [0.9997830193370283, 0.0, 0.7382510742128339], "k_pid_att": [93.20553315477635, 1.326856224425946, 0.9808211468183533], "k_pid_yaw": [0.5, 1e-06, 0.1], "k_pid_hsp": [2.82373402557605, 0.01, 0.01], "k_pid_vsp": [111.20884264032553, 102.7157397860675, 1.0]}, "datetime": {"datetime": "2025-08-20 22:28:32", "elapsed": 38166.645822525024, "delta": 15.819288492202759}, "costs": {"total_cost": 190.02379009510454, "time_cost": 73.84, "final_distance_cost": 1.8253295338556275, "oscillation_cost": 40.24481771313307, "completition_cost": 0.0, "overshoot_cost": 50.02084730264937, "power_cost": 12.513451721191407, "noise_cost": 11.579343824275078, "n_waypoints_completed": 9, "tot_waypoints": 9}}
{"target": -184.6006674473929, "params": {"k_pid_pos": [1.4698128353043505, 0.0822904257601288, 0.5271164669865139], "k_pid_alt": [1.7035415647774235, 0.0, 0.5933646034205271], "k_pid_att": [43.948176657889235, 1.326856224425946, 0.9808211468183533], "k_pid_yaw": [0.5, 1e-06, 0.1], "k_pid_hsp": [2.957956300852597, 0.01, 0.01], "k_pid_vsp": [111.20884264032553, 127.91747472228406, 1.0]}, "datetime": {"datetime": "2025-08-20 22:28:49", "elapsed": 38183.65297961235, "delta": 17.00715708732605}, "costs": {"total_cost": 184.6006674473929, "time_cost": 69.952, "final_distance_cost": 1.8446254533982902, "oscillation_cost": 40.27504249163769, "completition_cost": 0.0, "overshoot_cost": 49.6402890859744, "power_cost": 11.630153698730469, "noise_cost": 11.258556717652015, "n_waypoints_completed": 9, "tot_waypoints": 9}}
{"target": -177.60937995499717, "params": {"k_pid_pos": [1.4698128353043505, 0.0822904257601288, 0.3434561031905483], "k_pid_alt": [1.2679502233621702, 0.0, 0.1], "k_pid_att": [43.948176657889235, 1.326856224425946, 0.9808211468183533], "k_pid_yaw": [0.5, 1e-06, 0.1], "k_pid_hsp": [2.82373402557605, 0.01, 0.01], "k_pid_vsp": [111.20884264032553, 102.7157397860675, 1.0]}, "datetime": {"datetime": "2025-08-20 22:29:03", "elapsed": 38198.42342329025, "delta": 14.770443677902222}, "costs": {"total_cost": 177.60937995499717, "time_cost": 69.168, "final_distance_cost": 1.8236531971998164, "oscillation_cost": 34.65964045638309, "completition_cost": 0.0, "overshoot_cost": 49.90985172465229, "power_cost": 11.13902373046875, "noise_cost": 10.909210846293195, "n_waypoints_completed": 9, "tot_waypoints": 9}}
{"target": -177.60937995499717, "params": {"k_pid_pos": [1.4698128353043505, 0.0822904257601288, 0.3434561031905483], "k_pid_alt": [1.2679502233621702, 0.0, 0.1], "k_pid_att": [43.948176657889235, 1.326856224425946, 0.9808211468183533], "k_pid_yaw": [0.5, 1e-06, 0.1], "k_pid_hsp": [2.82373402557605, 0.01, 0.01], "k_pid_vsp": [111.20884264032553, 102.7157397860675, 1.0]}, "datetime": {"datetime": "2025-08-20 22:29:20", "elapsed": 38215.26175093651, "delta": 16.838327646255493}, "costs": {"total_cost": 177.60937995499717, "time_cost": 69.168, "final_distance_cost": 1.8236531971998164, "oscillation_cost": 34.65964045638309, "completition_cost": 0.0, "overshoot_cost": 49.90985172465229, "power_cost": 11.13902373046875, "noise_cost": 10.909210846293195, "n_waypoints_completed": 9, "tot_waypoints": 9}}
{"target": -177.60937995499717, "params": {"k_pid_pos": [1.4698128353043505, 0.0822904257601288, 0.3434561031905483], "k_pid_alt": [1.2679502233621702, 0.0, 0.1], "k_pid_att": [43.948176657889235, 1.326856224425946, 0.9808211468183533], "k_pid_yaw": [0.5, 1e-06, 0.1], "k_pid_hsp": [2.82373402557605, 0.01, 0.01], "k_pid_vsp": [111.20884264032553, 102.7157397860675, 1.0]}, "datetime": {"datetime": "2025-08-20 22:29:35", "elapsed": 38230.112644433975, "delta": 14.850893497467041}, "costs": {"total_cost": 177.60937995499717, "time_cost": 69.168, "final_distance_cost": 1.8236531971998164, "oscillation_cost": 34.65964045638309, "completition_cost": 0.0, "overshoot_cost": 49.90985172465229, "power_cost": 11.13902373046875, "noise_cost": 10.909210846293195, "n_waypoints_completed": 9, "tot_waypoints": 9}}
{"target": -183.25085476920518, "params": {"k_pid_pos": [1.4698128353043505, 0.0822904257601288, 0.3434561031905483], "k_pid_alt": [1.2679502233621702, 0.0, 0.3157032531275451], "k_pid_att": [9.14477148846079, 1.326856224425946, 0.9808211468183533], "k_pid_yaw": [0.5, 1e-06, 0.1], "k_pid_hsp": [2.82373402557605, 0.01, 0.01], "k_pid_vsp": [111.20884264032553, 102.7157397860675, 1.0]}, "datetime": {"datetime": "2025-08-20 22:29:52", "elapsed": 38247.196308374405, "delta": 17.083663940429688}, "costs": {"total_cost": 183.25085476920518, "time_cost": 69.552, "final_distance_cost": 1.8210055374646374, "oscillation_cost": 38.68904941017615, "completition_cost": 0.0, "overshoot_cost": 49.73341703730553, "power_cost": 12.268693041992188, "noise_cost": 11.186689742266642, "n_waypoints_completed": 9, "tot_waypoints": 9}}
{"target": -228.26895159584424, "params": {"k_pid_pos": [1.4698128353043505, 0.9005427252559962, 0.3434561031905483], "k_pid_alt": [1.2679502233621702, 0.0, 0.1], "k_pid_att": [22.971564751474492, 1.326856224425946, 0.9808211468183533], "k_pid_yaw": [0.5, 1e-06, 0.1], "k_pid_hsp": [2.82373402557605, 0.918910454481374, 0.01], "k_pid_vsp": [111.20884264032553, 102.7157397860675, 1.0]}, "datetime": {"datetime": "2025-08-20 22:30:11", "elapsed": 38266.15856742859, "delta": 18.96225905418396}, "costs": {"total_cost": 228.26895159584424, "time_cost": 88.432, "final_distance_cost": 1.784537679430549, "oscillation_cost": 50.482670086703756, "completition_cost": 0.0, "overshoot_cost": 57.036938649794564, "power_cost": 16.56943914794922, "noise_cost": 13.96336603196617, "n_waypoints_completed": 9, "tot_waypoints": 9}}
{"target": -1069.818232417049, "params": {"k_pid_pos": [1.6592589945333855, 0.0822904257601288, 0.3434561031905483], "k_pid_alt": [1.8017833982738278, 0.0, 0.1], "k_pid_att": [97.15749504346589, 1.326856224425946, 0.9808211468183533], "k_pid_yaw": [0.5, 1e-06, 0.1], "k_pid_hsp": [2.82373402557605, 0.01, 0.01], "k_pid_vsp": [111.20884264032553, 102.7157397860675, 322.9464928403425]}, "datetime": {"datetime": "2025-08-20 22:30:34", "elapsed": 38289.359340429306, "delta": 23.200773000717163}, "costs": {"total_cost": 1069.818232417049, "time_cost": 150, "final_distance_cost": 67.80967126484296, "oscillation_cost": 46.44746768509884, "completition_cost": 666.6666666666667, "overshoot_cost": 108.44372133223617, "power_cost": 15.198927185058594, "noise_cost": 15.251778283145695, "n_waypoints_completed": 3, "tot_waypoints": 9}}
{"target": -178.82596349723133, "params": {"k_pid_pos": [1.4698128353043505, 0.0822904257601288, 0.3434561031905483], "k_pid_alt": [1.2679502233621702, 0.0, 0.1], "k_pid_att": [43.948176657889235, 1.326856224425946, 0.9808211468183533], "k_pid_yaw": [0.5, 1e-06, 0.1], "k_pid_hsp": [3.121458039986117, 0.01, 0.01], "k_pid_vsp": [111.20884264032553, 102.7157397860675, 1.0]}, "datetime": {"datetime": "2025-08-20 22:30:51", "elapsed": 38306.06269097328, "delta": 16.70335054397583}, "costs": {"total_cost": 178.82596349723133, "time_cost": 69.2, "final_distance_cost": 1.8270097771140752, "oscillation_cost": 35.338480257101466, "completition_cost": 0.0, "overshoot_cost": 50.16128998770701, "power_cost": 11.257954406738282, "noise_cost": 11.041229068570493, "n_waypoints_completed": 9, "tot_waypoints": 9}}
{"target": -308.1341136891973, "params": {"k_pid_pos": [1.4698128353043505, 0.658800079422133, 0.3434561031905483], "k_pid_alt": [1.2679502233621702, 0.0, 0.1], "k_pid_att": [43.948176657889235, 1.326856224425946, 0.9808211468183533], "k_pid_yaw": [0.5, 1e-06, 0.1], "k_pid_hsp": [2.82373402557605, 0.01, 0.5411905624282837], "k_pid_vsp": [111.20884264032553, 102.7157397860675, 1.0]}, "datetime": {"datetime": "2025-08-20 22:31:08", "elapsed": 38323.35566949844, "delta": 17.292978525161743}, "costs": {"total_cost": 308.1341136891973, "time_cost": 79.21600000000001, "final_distance_cost": 1.7275551664377926, "oscillation_cost": 143.68165911598751, "completition_cost": 0.0, "overshoot_cost": 53.32163572044416, "power_cost": 16.123277062988283, "noise_cost": 14.063986623339561, "n_waypoints_completed": 9, "tot_waypoints": 9}}
