{"target": -1078.8513668222427, "params": {"k_pid_pos": [1.4698128353043505, 0.024859491386256316, 0.3434561031905483], "k_pid_alt": [1.2679502233621702, 0.0, 0.1], "k_pid_att": [43.948176657889235, 3.7802132718527557, 0.9274604585040267], "k_pid_yaw": [0.5, 1e-06, 0.1], "k_pid_hsp": [2.395389635608916, 0.01, 0.01], "k_pid_vsp": [111.20884264032553, 102.7157397860675, 309.53611816493424]}, "datetime": {"datetime": "2025-08-20 18:31:20", "elapsed": 23934.929244995117, "delta": 22.816429615020752}, "costs": {"total_cost": 1078.8513668222427, "time_cost": 150, "final_distance_cost": 76.41340948685786, "oscillation_cost": 45.91733461588505, "completition_cost": 666.6666666666667, "overshoot_cost": 107.41801682516878, "power_cost": 16.142002954101564, "noise_cost": 16.29393627356251, "n_waypoints_completed": 3, "tot_waypoints": 9}}
{"target": -211.0401636269822, "params": {"k_pid_pos": [1.4698128353043505, 0.024859491386256316, 0.2662270978845458], "k_pid_alt": [1.2679502233621702, 0.0, 0.7330244434240826], "k_pid_att": [43.948176657889235, 3.7802132718527557, 0.0607414183622893], "k_pid_yaw": [0.5, 1e-06, 0.1], "k_pid_hsp": [2.395389635608916, 0.01, 0.01], "k_pid_vsp": [111.20884264032553, 102.7157397860675, 1.0]}, "datetime": {"datetime": "2025-08-20 18:31:36", "elapsed": 23950.997792720795, "delta": 16.06854772567749}, "costs": {"total_cost": 211.0401636269822, "time_cost": 71.21600000000001, "final_distance_cost": 1.8378347572098894, "oscillation_cost": 64.73127305543814, "completition_cost": 0.0, "overshoot_cost": 50.043779752613354, "power_cost": 11.987183508300781, "noise_cost": 11.224092553420027, "n_waypoints_completed": 9, "tot_waypoints": 9}}
{"target": -178.95819566957482, "params": {"k_pid_pos": [1.4698128353043505, 0.024859491386256316, 0.3434561031905483], "k_pid_alt": [1.2679502233621702, 0.0, 0.1], "k_pid_att": [43.948176657889235, 3.7802132718527557, 0.9274604585040267], "k_pid_yaw": [0.5, 1e-06, 0.1], "k_pid_hsp": [2.395389635608916, 0.01, 0.01], "k_pid_vsp": [110.56511661686339, 102.7157397860675, 1.0]}, "datetime": {"datetime": "2025-08-20 18:31:50", "elapsed": 23965.484610557556, "delta": 14.486817836761475}, "costs": {"total_cost": 178.95819566957482, "time_cost": 69.144, "final_distance_cost": 1.8322039964406023, "oscillation_cost": 35.365220881691414, "completition_cost": 0.0, "overshoot_cost": 50.15614276640007, "power_cost": 11.314192272949219, "noise_cost": 11.1464357520935, "n_waypoints_completed": 9, "tot_waypoints": 9}}
{"target": -192.06677841234855, "params": {"k_pid_pos": [1.6103210676380844, 0.024859491386256316, 0.3434561031905483], "k_pid_alt": [1.2679502233621702, 0.0, 0.1], "k_pid_att": [43.948176657889235, 6.766944352677465, 0.73590781336997], "k_pid_yaw": [0.5, 1e-06, 0.1], "k_pid_hsp": [2.395389635608916, 0.01, 0.01], "k_pid_vsp": [33.09370770872002, 349.5841200661196, 1.0]}, "datetime": {"datetime": "2025-08-20 18:32:07", "elapsed": 23982.274132728577, "delta": 16.789522171020508}, "costs": {"total_cost": 192.06677841234855, "time_cost": 68.656, "final_distance_cost": 1.8176489729553762, "oscillation_cost": 47.81502375437254, "completition_cost": 0.0, "overshoot_cost": 50.02595661721538, "power_cost": 12.651759387207031, "noise_cost": 11.100389680598225, "n_waypoints_completed": 9, "tot_waypoints": 9}}
{"target": -910.6859836261281, "params": {"k_pid_pos": [1.4698128353043505, 0.024859491386256316, 0.11401919133455096], "k_pid_alt": [1.2679502233621702, 0.311886487495064, 0.1], "k_pid_att": [43.948176657889235, 3.7802132718527557, 0.9274604585040267], "k_pid_yaw": [0.5, 1e-06, 0.1], "k_pid_hsp": [2.395389635608916, 0.01, 0.01], "k_pid_vsp": [111.20884264032553, 102.7157397860675, 171.6297307383213]}, "datetime": {"datetime": "2025-08-20 18:32:30", "elapsed": 24005.189606189728, "delta": 22.915473461151123}, "costs": {"total_cost": 910.6859836261281, "time_cost": 150, "final_distance_cost": 42.66883636415148, "oscillation_cost": 44.13439640283662, "completition_cost": 555.5555555555555, "overshoot_cost": 76.45444474167003, "power_cost": 21.24145008544922, "noise_cost": 20.631300476465217, "n_waypoints_completed": 4, "tot_waypoints": 9}}
{"target": -321.1137338650186, "params": {"k_pid_pos": [1.4698128353043505, 0.024859491386256316, 0.11401919133455096], "k_pid_alt": [1.2679502233621702, 0.0, 0.1], "k_pid_att": [43.948176657889235, 8.266025343052613, 0.8702719089110332], "k_pid_yaw": [0.5, 1e-06, 0.1], "k_pid_hsp": [2.395389635608916, 0.01, 0.5262079644990163], "k_pid_vsp": [111.20884264032553, 102.7157397860675, 1.0]}, "datetime": {"datetime": "2025-08-20 18:32:47", "elapsed": 24022.47726368904, "delta": 17.287657499313354}, "costs": {"total_cost": 321.1137338650186, "time_cost": 76.792, "final_distance_cost": 1.745824403173251, "oscillation_cost": 162.30365402338117, "completition_cost": 0.0, "overshoot_cost": 51.68893486117261, "power_cost": 15.323957739257812, "noise_cost": 13.259362838033804, "n_waypoints_completed": 9, "tot_waypoints": 9}}
{"target": -192.50083595931522, "params": {"k_pid_pos": [1.4698128353043505, 0.49631364484586815, 0.6441154478304989], "k_pid_alt": [1.2679502233621702, 0.0, 0.9221190142294241], "k_pid_att": [43.948176657889235, 3.7802132718527557, 0.9274604585040267], "k_pid_yaw": [0.5, 1e-06, 0.1], "k_pid_hsp": [2.395389635608916, 0.01, 0.01], "k_pid_vsp": [111.20884264032553, 102.7157397860675, 1.0]}, "datetime": {"datetime": "2025-08-20 18:33:07", "elapsed": 24041.76029920578, "delta": 19.28303551673889}, "costs": {"total_cost": 192.50083595931522, "time_cost": 76.368, "final_distance_cost": 1.820865455332931, "oscillation_cost": 38.406196015521246, "completition_cost": 0.0, "overshoot_cost": 50.964994213035354, "power_cost": 12.995211926269532, "noise_cost": 11.945568349156176, "n_waypoints_completed": 9, "tot_waypoints": 9}}
{"target": -190.363199679689, "params": {"k_pid_pos": [1.4698128353043505, 0.024859491386256316, 0.11401919133455096], "k_pid_alt": [1.2679502233621702, 0.0, 0.2915903713486512], "k_pid_att": [60.00379468331496, 2.6889016979653872, 0.1370435391320406], "k_pid_yaw": [0.5, 1e-06, 0.1], "k_pid_hsp": [2.531864141693585, 0.417369258229189, 0.01], "k_pid_vsp": [111.20884264032553, 178.623871307833, 1.0]}, "datetime": {"datetime": "2025-08-20 18:33:21", "elapsed": 24056.392272233963, "delta": 14.631973028182983}, "costs": {"total_cost": 190.363199679689, "time_cost": 69.06400000000001, "final_distance_cost": 1.8173662016502135, "oscillation_cost": 47.39084142118649, "completition_cost": 0.0, "overshoot_cost": 49.72242316888544, "power_cost": 11.535154504394532, "noise_cost": 10.833414383572293, "n_waypoints_completed": 9, "tot_waypoints": 9}}
{"target": -182.12585598254628, "params": {"k_pid_pos": [1.8922997940790476, 0.024859491386256316, 0.7774444947807966], "k_pid_alt": [1.2679502233621702, 0.0, 0.1], "k_pid_att": [43.948176657889235, 3.7802132718527557, 0.9274604585040267], "k_pid_yaw": [0.5, 1e-06, 0.1], "k_pid_hsp": [2.395389635608916, 0.01, 0.01], "k_pid_vsp": [111.20884264032553, 102.7157397860675, 1.0]}, "datetime": {"datetime": "2025-08-20 18:33:38", "elapsed": 24072.883249282837, "delta": 16.4909770488739}, "costs": {"total_cost": 182.12585598254628, "time_cost": 69.21600000000001, "final_distance_cost": 1.83462368517043, "oscillation_cost": 38.57863395150496, "completition_cost": 0.0, "overshoot_cost": 50.38470678440419, "power_cost": 11.0981296875, "noise_cost": 11.013761873966711, "n_waypoints_completed": 9, "tot_waypoints": 9}}
{"target": -186.5286515460366, "params": {"k_pid_pos": [1.4698128353043505, 0.024859491386256316, 0.3434561031905483], "k_pid_alt": [1.2679502233621702, 0.0, 0.2915903713486512], "k_pid_att": [33.84276094051554, 2.6889016979653872, 0.9274604585040267], "k_pid_yaw": [0.5, 1e-06, 0.1], "k_pid_hsp": [2.395389635608916, 0.5531972591780506, 0.01], "k_pid_vsp": [111.20884264032553, 348.21429157554047, 1.0]}, "datetime": {"datetime": "2025-08-20 18:33:53", "elapsed": 24087.73896408081, "delta": 14.855714797973633}, "costs": {"total_cost": 186.5286515460366, "time_cost": 69.168, "final_distance_cost": 1.8302992785342702, "oscillation_cost": 43.28075060920027, "completition_cost": 0.0, "overshoot_cost": 49.174866892432114, "power_cost": 11.925363134765625, "noise_cost": 11.149371631104326, "n_waypoints_completed": 9, "tot_waypoints": 9}}
{"target": -182.12585598254628, "params": {"k_pid_pos": [1.8922997940790476, 0.024859491386256316, 0.7774444947807966], "k_pid_alt": [1.2679502233621702, 0.0, 0.1], "k_pid_att": [43.948176657889235, 3.7802132718527557, 0.9274604585040267], "k_pid_yaw": [0.5, 1e-06, 0.1], "k_pid_hsp": [2.395389635608916, 0.01, 0.01], "k_pid_vsp": [111.20884264032553, 102.7157397860675, 1.0]}, "datetime": {"datetime": "2025-08-20 18:34:09", "elapsed": 24103.895840168, "delta": 16.15687608718872}, "costs": {"total_cost": 182.12585598254628, "time_cost": 69.21600000000001, "final_distance_cost": 1.83462368517043, "oscillation_cost": 38.57863395150496, "completition_cost": 0.0, "overshoot_cost": 50.38470678440419, "power_cost": 11.0981296875, "noise_cost": 11.013761873966711, "n_waypoints_completed": 9, "tot_waypoints": 9}}
{"target": -181.65284754982167, "params": {"k_pid_pos": [1.4698128353043505, 0.024859491386256316, 0.3434561031905483], "k_pid_alt": [1.2679502233621702, 0.0, 0.1], "k_pid_att": [43.948176657889235, 7.421248308295844, 0.6718005340770477], "k_pid_yaw": [0.5, 1e-06, 0.1], "k_pid_hsp": [2.395389635608916, 0.18838112831262277, 0.01], "k_pid_vsp": [111.20884264032553, 102.7157397860675, 1.0]}, "datetime": {"datetime": "2025-08-20 18:34:25", "elapsed": 24119.959785699844, "delta": 16.063945531845093}, "costs": {"total_cost": 181.65284754982167, "time_cost": 68.904, "final_distance_cost": 1.8371857150571518, "oscillation_cost": 38.72058600387529, "completition_cost": 0.0, "overshoot_cost": 49.76272456263579, "power_cost": 11.36504578857422, "noise_cost": 11.063305479679247, "n_waypoints_completed": 9, "tot_waypoints": 9}}
{"target": -185.9536274033093, "params": {"k_pid_pos": [1.4698128353043505, 0.024859491386256316, 0.2662270978845458], "k_pid_alt": [1.2679502233621702, 0.0, 0.26610943802920406], "k_pid_att": [43.948176657889235, 3.7802132718527557, 0.3883664380867584], "k_pid_yaw": [0.5, 1e-06, 0.1], "k_pid_hsp": [2.395389635608916, 0.01, 0.01], "k_pid_vsp": [110.56511661686339, 94.28610281764664, 1.0]}, "datetime": {"datetime": "2025-08-20 18:34:40", "elapsed": 24134.981576681137, "delta": 15.021790981292725}, "costs": {"total_cost": 185.9536274033093, "time_cost": 69.44, "final_distance_cost": 1.8267624899205954, "oscillation_cost": 42.298273971055124, "completition_cost": 0.0, "overshoot_cost": 49.9221778024786, "power_cost": 11.439287963867189, "noise_cost": 11.027125175987784, "n_waypoints_completed": 9, "tot_waypoints": 9}}
{"target": -209.0807853869909, "params": {"k_pid_pos": [1.8922997940790476, 0.024859491386256316, 0.9451257094832697], "k_pid_alt": [1.2679502233621702, 0.0, 0.2915903713486512], "k_pid_att": [43.948176657889235, 3.7802132718527557, 0.9274604585040267], "k_pid_yaw": [0.5, 1e-06, 0.1], "k_pid_hsp": [2.395389635608916, 0.01, 0.01], "k_pid_vsp": [2.7156893520380088, 102.7157397860675, 1.0]}, "datetime": {"datetime": "2025-08-20 18:34:57", "elapsed": 24152.27371430397, "delta": 17.292137622833252}, "costs": {"total_cost": 209.0807853869909, "time_cost": 72.944, "final_distance_cost": 1.8351238434152275, "oscillation_cost": 58.789468415972244, "completition_cost": 0.0, "overshoot_cost": 50.549816567382, "power_cost": 13.819010229492187, "noise_cost": 11.1433663307292, "n_waypoints_completed": 9, "tot_waypoints": 9}}
{"target": -177.6739252695265, "params": {"k_pid_pos": [1.4698128353043505, 0.024859491386256316, 0.3434561031905483], "k_pid_alt": [1.2679502233621702, 0.0, 0.1], "k_pid_att": [43.948176657889235, 1.326856224425946, 0.9274604585040267], "k_pid_yaw": [0.5, 1e-06, 0.1], "k_pid_hsp": [2.82373402557605, 0.01, 0.01], "k_pid_vsp": [111.20884264032553, 102.7157397860675, 1.0]}, "datetime": {"datetime": "2025-08-20 18:35:12", "elapsed": 24167.213675498962, "delta": 14.939961194992065}, "costs": {"total_cost": 177.6739252695265, "time_cost": 69.152, "final_distance_cost": 1.8262656886158488, "oscillation_cost": 34.33594552183275, "completition_cost": 0.0, "overshoot_cost": 50.065815663241324, "power_cost": 11.237653356933594, "noise_cost": 11.056245038902981, "n_waypoints_completed": 9, "tot_waypoints": 9}}
{"target": -178.68955258574186, "params": {"k_pid_pos": [1.4698128353043505, 0.024859491386256316, 0.2662270978845458], "k_pid_alt": [1.2679502233621702, 0.0, 0.1], "k_pid_att": [43.948176657889235, 3.7802132718527557, 0.9274604585040267], "k_pid_yaw": [0.5, 1e-06, 0.1], "k_pid_hsp": [2.395389635608916, 0.01, 0.01], "k_pid_vsp": [110.56511661686339, 102.7157397860675, 1.0]}, "datetime": {"datetime": "2025-08-20 18:35:28", "elapsed": 24182.667776107788, "delta": 15.454100608825684}, "costs": {"total_cost": 178.68955258574186, "time_cost": 68.92, "final_distance_cost": 1.8212740937025527, "oscillation_cost": 35.72949926253249, "completition_cost": 0.0, "overshoot_cost": 49.95417545447319, "power_cost": 11.299898352050782, "noise_cost": 10.964705422982869, "n_waypoints_completed": 9, "tot_waypoints": 9}}
{"target": -178.70478725309496, "params": {"k_pid_pos": [1.4698128353043505, 0.024859491386256316, 0.3434561031905483], "k_pid_alt": [1.2679502233621702, 0.0, 0.1], "k_pid_att": [43.948176657889235, 3.7802132718527557, 0.9274604585040267], "k_pid_yaw": [0.5, 1e-06, 0.1], "k_pid_hsp": [2.395389635608916, 0.01, 0.01], "k_pid_vsp": [111.20884264032553, 102.7157397860675, 1.0]}, "datetime": {"datetime": "2025-08-20 18:35:43", "elapsed": 24197.9265332222, "delta": 15.2587571144104}, "costs": {"total_cost": 178.70478725309496, "time_cost": 69.12, "final_distance_cost": 1.8299338179061795, "oscillation_cost": 35.21687367722384, "completition_cost": 0.0, "overshoot_cost": 50.090394500534366, "power_cost": 11.321949291992189, "noise_cost": 11.125635965438402, "n_waypoints_completed": 9, "tot_waypoints": 9}}
{"target": -185.9536274033093, "params": {"k_pid_pos": [1.4698128353043505, 0.024859491386256316, 0.2662270978845458], "k_pid_alt": [1.2679502233621702, 0.0, 0.26610943802920406], "k_pid_att": [43.948176657889235, 3.7802132718527557, 0.3883664380867584], "k_pid_yaw": [0.5, 1e-06, 0.1], "k_pid_hsp": [2.395389635608916, 0.01, 0.01], "k_pid_vsp": [110.56511661686339, 94.28610281764664, 1.0]}, "datetime": {"datetime": "2025-08-20 18:35:59", "elapsed": 24214.103122472763, "delta": 16.176589250564575}, "costs": {"total_cost": 185.9536274033093, "time_cost": 69.44, "final_distance_cost": 1.8267624899205954, "oscillation_cost": 42.298273971055124, "completition_cost": 0.0, "overshoot_cost": 49.9221778024786, "power_cost": 11.439287963867189, "noise_cost": 11.027125175987784, "n_waypoints_completed": 9, "tot_waypoints": 9}}
{"target": -322.56644119356724, "params": {"k_pid_pos": [1.4698128353043505, 0.024859491386256316, 0.3434561031905483], "k_pid_alt": [1.2679502233621702, 0.0, 0.1], "k_pid_att": [35.543488255586034, 3.7802132718527557, 0.9274604585040267], "k_pid_yaw": [0.5, 1e-06, 0.1], "k_pid_hsp": [2.395389635608916, 0.01, 0.25305772781531444], "k_pid_vsp": [203.7710395546898, 94.28610281764664, 1.0]}, "datetime": {"datetime": "2025-08-20 18:36:16", "elapsed": 24231.11069369316, "delta": 17.00757122039795}, "costs": {"total_cost": 322.56644119356724, "time_cost": 75.44800000000001, "final_distance_cost": 1.7646399471947776, "oscillation_cost": 166.20129800156442, "completition_cost": 0.0, "overshoot_cost": 51.44433729079681, "power_cost": 14.690492553710937, "noise_cost": 13.017673400300305, "n_waypoints_completed": 9, "tot_waypoints": 9}}
{"target": -196.41420774416494, "params": {"k_pid_pos": [1.9403883066526342, 0.34174907670648524, 0.3434561031905483], "k_pid_alt": [1.2679502233621702, 0.0, 0.1], "k_pid_att": [43.948176657889235, 3.7802132718527557, 0.9274604585040267], "k_pid_yaw": [0.5, 1e-06, 0.1], "k_pid_hsp": [2.395389635608916, 0.01, 0.01], "k_pid_vsp": [391.61348087291753, 102.7157397860675, 1.0]}, "datetime": {"datetime": "2025-08-20 18:36:32", "elapsed": 24247.10864830017, "delta": 15.997954607009888}, "costs": {"total_cost": 196.41420774416494, "time_cost": 74.648, "final_distance_cost": 1.7341130579956592, "oscillation_cost": 43.32585250047853, "completition_cost": 0.0, "overshoot_cost": 52.38017266872566, "power_cost": 12.493141528320313, "noise_cost": 11.832927988644776, "n_waypoints_completed": 9, "tot_waypoints": 9}}
{"target": -178.95819566957482, "params": {"k_pid_pos": [1.4698128353043505, 0.024859491386256316, 0.3434561031905483], "k_pid_alt": [1.2679502233621702, 0.0, 0.1], "k_pid_att": [43.948176657889235, 3.7802132718527557, 0.9274604585040267], "k_pid_yaw": [0.5, 1e-06, 0.1], "k_pid_hsp": [2.395389635608916, 0.01, 0.01], "k_pid_vsp": [110.56511661686339, 102.7157397860675, 1.0]}, "datetime": {"datetime": "2025-08-20 18:36:48", "elapsed": 24262.679594278336, "delta": 15.570945978164673}, "costs": {"total_cost": 178.95819566957482, "time_cost": 69.144, "final_distance_cost": 1.8322039964406023, "oscillation_cost": 35.365220881691414, "completition_cost": 0.0, "overshoot_cost": 50.15614276640007, "power_cost": 11.314192272949219, "noise_cost": 11.1464357520935, "n_waypoints_completed": 9, "tot_waypoints": 9}}
{"target": -333.6629167155892, "params": {"k_pid_pos": [1.4698128353043505, 0.024859491386256316, 0.3434561031905483], "k_pid_alt": [1.2679502233621702, 0.0, 0.1], "k_pid_att": [43.948176657889235, 7.421248308295844, 0.4697579174852792], "k_pid_yaw": [0.5, 1e-06, 0.1], "k_pid_hsp": [7.898338047893953, 0.01, 0.4996947135958536], "k_pid_vsp": [111.20884264032553, 102.7157397860675, 1.0]}, "datetime": {"datetime": "2025-08-20 18:37:05", "elapsed": 24279.650783777237, "delta": 16.971189498901367}, "costs": {"total_cost": 333.6629167155892, "time_cost": 73.992, "final_distance_cost": 1.7790576752460026, "oscillation_cost": 178.173968997581, "completition_cost": 0.0, "overshoot_cost": 50.83328126597953, "power_cost": 15.571826098632814, "noise_cost": 13.312782678149857, "n_waypoints_completed": 9, "tot_waypoints": 9}}
{"target": -200.05965619080064, "params": {"k_pid_pos": [1.4698128353043505, 0.5305213852260082, 0.3434561031905483], "k_pid_alt": [1.2679502233621702, 0.0, 0.1], "k_pid_att": [43.948176657889235, 1.326856224425946, 0.9274604585040267], "k_pid_yaw": [0.5, 1e-06, 0.1], "k_pid_hsp": [2.82373402557605, 0.18838112831262277, 0.01], "k_pid_vsp": [111.20884264032553, 102.7157397860675, 1.0]}, "datetime": {"datetime": "2025-08-20 18:37:22", "elapsed": 24296.5465695858, "delta": 16.895785808563232}, "costs": {"total_cost": 200.05965619080064, "time_cost": 79.2, "final_distance_cost": 1.7665195560841047, "oscillation_cost": 41.838579197186505, "completition_cost": 0.0, "overshoot_cost": 51.459854707751354, "power_cost": 13.396069409179688, "noise_cost": 12.398633320598973, "n_waypoints_completed": 9, "tot_waypoints": 9}}
{"target": -181.8954206539955, "params": {"k_pid_pos": [1.4698128353043505, 0.024859491386256316, 0.3434561031905483], "k_pid_alt": [1.2679502233621702, 0.0, 0.1], "k_pid_att": [37.12179941719916, 5.859554809351448, 0.9274604585040267], "k_pid_yaw": [0.5, 1e-06, 0.1], "k_pid_hsp": [2.395389635608916, 0.01, 0.01], "k_pid_vsp": [264.9966777379314, 102.7157397860675, 1.0]}, "datetime": {"datetime": "2025-08-20 18:37:38", "elapsed": 24312.560945034027, "delta": 16.01437544822693}, "costs": {"total_cost": 181.8954206539955, "time_cost": 69.304, "final_distance_cost": 1.8367699119136247, "oscillation_cost": 37.810057945741846, "completition_cost": 0.0, "overshoot_cost": 50.65683229074476, "power_cost": 11.27116414794922, "noise_cost": 11.016596357646089, "n_waypoints_completed": 9, "tot_waypoints": 9}}
{"target": -309.5085859645999, "params": {"k_pid_pos": [1.4698128353043505, 0.024859491386256316, 0.11401919133455096], "k_pid_alt": [1.2679502233621702, 0.0, 0.1], "k_pid_att": [35.543488255586034, 3.7802132718527557, 0.9274604585040267], "k_pid_yaw": [0.5, 1e-06, 0.1], "k_pid_hsp": [2.395389635608916, 0.01, 0.5226198022042828], "k_pid_vsp": [110.56511661686339, 325.22778396761174, 1.0]}, "datetime": {"datetime": "2025-08-20 18:37:53", "elapsed": 24327.800321817398, "delta": 15.239376783370972}, "costs": {"total_cost": 309.5085859645999, "time_cost": 69.512, "final_distance_cost": 1.7479141644819822, "oscillation_cost": 160.1903352407701, "completition_cost": 0.0, "overshoot_cost": 52.142220720121315, "power_cost": 13.874011877441406, "noise_cost": 12.04210396178501, "n_waypoints_completed": 9, "tot_waypoints": 9}}
{"target": -177.6739252695265, "params": {"k_pid_pos": [1.4698128353043505, 0.024859491386256316, 0.3434561031905483], "k_pid_alt": [1.2679502233621702, 0.0, 0.1], "k_pid_att": [43.948176657889235, 1.326856224425946, 0.9274604585040267], "k_pid_yaw": [0.5, 1e-06, 0.1], "k_pid_hsp": [2.82373402557605, 0.01, 0.01], "k_pid_vsp": [111.20884264032553, 102.7157397860675, 1.0]}, "datetime": {"datetime": "2025-08-20 18:38:10", "elapsed": 24345.189898729324, "delta": 17.38957691192627}, "costs": {"total_cost": 177.6739252695265, "time_cost": 69.152, "final_distance_cost": 1.8262656886158488, "oscillation_cost": 34.33594552183275, "completition_cost": 0.0, "overshoot_cost": 50.065815663241324, "power_cost": 11.237653356933594, "noise_cost": 11.056245038902981, "n_waypoints_completed": 9, "tot_waypoints": 9}}
