{"target": -192.31053124049876, "params": {"k_pid_pos": [1.4698128353043505, 0.0822904257601288, 0.3434561031905483], "k_pid_alt": [0.8427743855844962, 0.0, 0.1], "k_pid_att": [43.948176657889235, 8.164782527102767, 0.9808211468183533], "k_pid_yaw": [0.5, 1e-06, 0.1], "k_pid_hsp": [8.33097044068181, 0.01, 0.01], "k_pid_vsp": [111.20884264032553, 102.7157397860675, 1.0]}, "datetime": {"datetime": "2025-08-20 23:10:10", "elapsed": 40664.66863465309, "delta": 16.822214603424072}, "costs": {"total_cost": 192.31053124049876, "time_cost": 70.96000000000001, "final_distance_cost": 1.837687660794904, "oscillation_cost": 46.26581844038911, "completition_cost": 0.0, "overshoot_cost": 49.714442145959865, "power_cost": 12.196254321289063, "noise_cost": 11.336328672065793, "n_waypoints_completed": 9, "tot_waypoints": 9}}
{"target": -1050.4108882166618, "params": {"k_pid_pos": [1.6539202065587246, 0.0822904257601288, 0.3434561031905483], "k_pid_alt": [1.2679502233621702, 0.0, 0.1], "k_pid_att": [43.948176657889235, 1.326856224425946, 0.9808211468183533], "k_pid_yaw": [0.5, 1e-06, 0.1], "k_pid_hsp": [2.82373402557605, 0.01, 0.01], "k_pid_vsp": [27.820441695830667, 102.7157397860675, 219.8576176480552]}, "datetime": {"datetime": "2025-08-20 23:10:32", "elapsed": 40687.4553565979, "delta": 22.78672194480896}, "costs": {"total_cost": 1050.4108882166618, "time_cost": 150, "final_distance_cost": 75.18799106388468, "oscillation_cost": 45.03414612961773, "completition_cost": 666.6666666666667, "overshoot_cost": 101.39864754373595, "power_cost": 4.570849279785157, "noise_cost": 7.552587532971571, "n_waypoints_completed": 3, "tot_waypoints": 9}}
{"target": -177.60937995499717, "params": {"k_pid_pos": [1.4698128353043505, 0.0822904257601288, 0.3434561031905483], "k_pid_alt": [1.2679502233621702, 0.0, 0.1], "k_pid_att": [43.948176657889235, 1.326856224425946, 0.9808211468183533], "k_pid_yaw": [0.5, 1e-06, 0.1], "k_pid_hsp": [2.82373402557605, 0.01, 0.01], "k_pid_vsp": [111.20884264032553, 102.7157397860675, 1.0]}, "datetime": {"datetime": "2025-08-20 23:10:48", "elapsed": 40703.33119034767, "delta": 15.875833749771118}, "costs": {"total_cost": 177.60937995499717, "time_cost": 69.168, "final_distance_cost": 1.8236531971998164, "oscillation_cost": 34.65964045638309, "completition_cost": 0.0, "overshoot_cost": 49.90985172465229, "power_cost": 11.13902373046875, "noise_cost": 10.909210846293195, "n_waypoints_completed": 9, "tot_waypoints": 9}}
{"target": -317.7336657688159, "params": {"k_pid_pos": [1.4698128353043505, 0.0822904257601288, 0.3434561031905483], "k_pid_alt": [1.2679502233621702, 0.0, 0.1], "k_pid_att": [43.948176657889235, 1.326856224425946, 0.9808211468183533], "k_pid_yaw": [0.5, 1e-06, 0.1], "k_pid_hsp": [2.82373402557605, 0.4577334205577319, 0.8787305012148737], "k_pid_vsp": [111.20884264032553, 102.7157397860675, 1.0]}, "datetime": {"datetime": "2025-08-20 23:11:07", "elapsed": 40722.15872311592, "delta": 18.82753276824951}, "costs": {"total_cost": 317.7336657688159, "time_cost": 79.72800000000001, "final_distance_cost": 1.7806198113018208, "oscillation_cost": 152.590685197856, "completition_cost": 0.0, "overshoot_cost": 54.142639681963786, "power_cost": 16.09183897705078, "noise_cost": 13.399882100643547, "n_waypoints_completed": 9, "tot_waypoints": 9}}
{"target": -180.3010422622501, "params": {"k_pid_pos": [1.4698128353043505, 0.0822904257601288, 0.19730102139317784], "k_pid_alt": [1.4696857836520854, 0.0, 0.1], "k_pid_att": [43.948176657889235, 1.326856224425946, 0.9808211468183533], "k_pid_yaw": [0.5, 1e-06, 0.1], "k_pid_hsp": [2.82373402557605, 0.01, 0.01], "k_pid_vsp": [111.20884264032553, 102.7157397860675, 1.0]}, "datetime": {"datetime": "2025-08-20 23:11:22", "elapsed": 40737.41817188263, "delta": 15.259448766708374}, "costs": {"total_cost": 180.3010422622501, "time_cost": 68.64, "final_distance_cost": 1.8100964049610613, "oscillation_cost": 37.44176791404845, "completition_cost": 0.0, "overshoot_cost": 50.03940190900987, "power_cost": 11.366590148925782, "noise_cost": 11.00318588530497, "n_waypoints_completed": 9, "tot_waypoints": 9}}
{"target": -1079.2535489339405, "params": {"k_pid_pos": [1.4698128353043505, 0.0822904257601288, 0.3434561031905483], "k_pid_alt": [1.2679502233621702, 0.0, 0.1], "k_pid_att": [43.948176657889235, 1.326856224425946, 0.9808211468183533], "k_pid_yaw": [0.5, 1e-06, 0.1], "k_pid_hsp": [2.82373402557605, 0.01, 0.01], "k_pid_vsp": [111.20884264032553, 102.7157397860675, 381.46279209960994]}, "datetime": {"datetime": "2025-08-20 23:11:47", "elapsed": 40762.080908060074, "delta": 24.662736177444458}, "costs": {"total_cost": 1079.2535489339405, "time_cost": 150, "final_distance_cost": 78.64634852596852, "oscillation_cost": 43.162589955389926, "completition_cost": 666.6666666666667, "overshoot_cost": 106.60973601349731, "power_cost": 16.51768729248047, "noise_cost": 17.65052047993751, "n_waypoints_completed": 3, "tot_waypoints": 9}}
{"target": -186.11400699330147, "params": {"k_pid_pos": [1.4698128353043505, 0.0822904257601288, 0.3434561031905483], "k_pid_alt": [0.8737548644081292, 0.0, 0.1], "k_pid_att": [7.172912009148735, 2.771467938851939, 0.9808211468183533], "k_pid_yaw": [0.5, 1e-06, 0.1], "k_pid_hsp": [2.82373402557605, 0.01, 0.01], "k_pid_vsp": [111.20884264032553, 102.7157397860675, 1.0]}, "datetime": {"datetime": "2025-08-20 23:12:03", "elapsed": 40777.8212723732, "delta": 15.74036431312561}, "costs": {"total_cost": 186.11400699330147, "time_cost": 70.392, "final_distance_cost": 1.809316324870405, "oscillation_cost": 40.44997703917409, "completition_cost": 0.0, "overshoot_cost": 49.82656163197176, "power_cost": 12.384047009277344, "noise_cost": 11.252104988007876, "n_waypoints_completed": 9, "tot_waypoints": 9}}
{"target": -200.6562549879395, "params": {"k_pid_pos": [1.4698128353043505, 0.5483189168798788, 0.923679981832325], "k_pid_alt": [1.2679502233621702, 0.0, 0.1], "k_pid_att": [43.948176657889235, 7.029810156317336, 0.9808211468183533], "k_pid_yaw": [0.5, 1e-06, 0.1], "k_pid_hsp": [2.82373402557605, 0.2473685231332753, 0.01], "k_pid_vsp": [111.20884264032553, 374.34401413106906, 1.0]}, "datetime": {"datetime": "2025-08-20 23:12:21", "elapsed": 40795.874596357346, "delta": 18.053323984146118}, "costs": {"total_cost": 200.6562549879395, "time_cost": 78.304, "final_distance_cost": 1.7930247602606404, "oscillation_cost": 45.44723746848091, "completition_cost": 0.0, "overshoot_cost": 50.23025531936844, "power_cost": 12.723527478027345, "noise_cost": 12.15820996180216, "n_waypoints_completed": 9, "tot_waypoints": 9}}
{"target": -209.24371591535922, "params": {"k_pid_pos": [1.4698128353043505, 0.5837705317333322, 0.3434561031905483], "k_pid_alt": [1.2679502233621702, 0.0, 0.1], "k_pid_att": [9.353998950407705, 1.2169696906303682, 0.9808211468183533], "k_pid_yaw": [0.5, 1e-06, 0.1], "k_pid_hsp": [2.82373402557605, 0.01, 0.01], "k_pid_vsp": [103.0527854068954, 102.7157397860675, 1.0]}, "datetime": {"datetime": "2025-08-20 23:12:40", "elapsed": 40815.18231153488, "delta": 19.30771517753601}, "costs": {"total_cost": 209.24371591535922, "time_cost": 82.016, "final_distance_cost": 1.7539606833452632, "oscillation_cost": 45.147113470321116, "completition_cost": 0.0, "overshoot_cost": 51.92965253921741, "power_cost": 15.227435852050782, "noise_cost": 13.169553370424644, "n_waypoints_completed": 9, "tot_waypoints": 9}}
{"target": -177.60937995499717, "params": {"k_pid_pos": [1.4698128353043505, 0.0822904257601288, 0.3434561031905483], "k_pid_alt": [1.2679502233621702, 0.0, 0.1], "k_pid_att": [43.948176657889235, 1.326856224425946, 0.9808211468183533], "k_pid_yaw": [0.5, 1e-06, 0.1], "k_pid_hsp": [2.82373402557605, 0.01, 0.01], "k_pid_vsp": [111.20884264032553, 102.7157397860675, 1.0]}, "datetime": {"datetime": "2025-08-20 23:12:56", "elapsed": 40831.18345618248, "delta": 16.001144647598267}, "costs": {"total_cost": 177.60937995499717, "time_cost": 69.168, "final_distance_cost": 1.8236531971998164, "oscillation_cost": 34.65964045638309, "completition_cost": 0.0, "overshoot_cost": 49.90985172465229, "power_cost": 11.13902373046875, "noise_cost": 10.909210846293195, "n_waypoints_completed": 9, "tot_waypoints": 9}}
{"target": -191.5120220207405, "params": {"k_pid_pos": [1.2048953097984418, 0.5931963056508585, 0.3434561031905483], "k_pid_alt": [1.2679502233621702, 0.0, 0.1], "k_pid_att": [43.948176657889235, 1.326856224425946, 0.9808211468183533], "k_pid_yaw": [0.5, 1e-06, 0.1], "k_pid_hsp": [2.82373402557605, 0.6112953616398312, 0.01], "k_pid_vsp": [111.20884264032553, 102.7157397860675, 1.0]}, "datetime": {"datetime": "2025-08-20 23:13:13", "elapsed": 40848.11282992363, "delta": 16.929373741149902}, "costs": {"total_cost": 191.5120220207405, "time_cost": 73.272, "final_distance_cost": 1.759298305223113, "oscillation_cost": 43.06946268276502, "completition_cost": 0.0, "overshoot_cost": 49.327295113586054, "power_cost": 12.555639282226563, "noise_cost": 11.528326636939736, "n_waypoints_completed": 9, "tot_waypoints": 9}}
{"target": -182.97666125695747, "params": {"k_pid_pos": [1.4698128353043505, 0.0822904257601288, 0.3434561031905483], "k_pid_alt": [1.2679502233621702, 0.0, 0.1], "k_pid_att": [9.353998950407705, 1.2169696906303682, 0.9808211468183533], "k_pid_yaw": [0.5, 1e-06, 0.1], "k_pid_hsp": [2.82373402557605, 0.01, 0.01], "k_pid_vsp": [103.0527854068954, 102.7157397860675, 1.0]}, "datetime": {"datetime": "2025-08-20 23:13:29", "elapsed": 40864.04208731651, "delta": 15.9292573928833}, "costs": {"total_cost": 182.97666125695747, "time_cost": 68.904, "final_distance_cost": 1.78797375617749, "oscillation_cost": 38.89315094098554, "completition_cost": 0.0, "overshoot_cost": 49.98546636001673, "power_cost": 12.179738647460939, "noise_cost": 11.226331552316797, "n_waypoints_completed": 9, "tot_waypoints": 9}}
{"target": -177.60937995499717, "params": {"k_pid_pos": [1.4698128353043505, 0.0822904257601288, 0.3434561031905483], "k_pid_alt": [1.2679502233621702, 0.0, 0.1], "k_pid_att": [43.948176657889235, 1.326856224425946, 0.9808211468183533], "k_pid_yaw": [0.5, 1e-06, 0.1], "k_pid_hsp": [2.82373402557605, 0.01, 0.01], "k_pid_vsp": [111.20884264032553, 102.7157397860675, 1.0]}, "datetime": {"datetime": "2025-08-20 23:13:47", "elapsed": 40882.04076242447, "delta": 17.998675107955933}, "costs": {"total_cost": 177.60937995499717, "time_cost": 69.168, "final_distance_cost": 1.8236531971998164, "oscillation_cost": 34.65964045638309, "completition_cost": 0.0, "overshoot_cost": 49.90985172465229, "power_cost": 11.13902373046875, "noise_cost": 10.909210846293195, "n_waypoints_completed": 9, "tot_waypoints": 9}}
{"target": -177.60937995499717, "params": {"k_pid_pos": [1.4698128353043505, 0.0822904257601288, 0.3434561031905483], "k_pid_alt": [1.2679502233621702, 0.0, 0.1], "k_pid_att": [43.948176657889235, 1.326856224425946, 0.9808211468183533], "k_pid_yaw": [0.5, 1e-06, 0.1], "k_pid_hsp": [2.82373402557605, 0.01, 0.01], "k_pid_vsp": [111.20884264032553, 102.7157397860675, 1.0]}, "datetime": {"datetime": "2025-08-20 23:14:02", "elapsed": 40896.951788663864, "delta": 14.911026239395142}, "costs": {"total_cost": 177.60937995499717, "time_cost": 69.168, "final_distance_cost": 1.8236531971998164, "oscillation_cost": 34.65964045638309, "completition_cost": 0.0, "overshoot_cost": 49.90985172465229, "power_cost": 11.13902373046875, "noise_cost": 10.909210846293195, "n_waypoints_completed": 9, "tot_waypoints": 9}}
{"target": -177.60937995499717, "params": {"k_pid_pos": [1.4698128353043505, 0.0822904257601288, 0.3434561031905483], "k_pid_alt": [1.2679502233621702, 0.0, 0.1], "k_pid_att": [43.948176657889235, 1.326856224425946, 0.9808211468183533], "k_pid_yaw": [0.5, 1e-06, 0.1], "k_pid_hsp": [2.82373402557605, 0.01, 0.01], "k_pid_vsp": [111.20884264032553, 102.7157397860675, 1.0]}, "datetime": {"datetime": "2025-08-20 23:14:19", "elapsed": 40914.10216856003, "delta": 17.15037989616394}, "costs": {"total_cost": 177.60937995499717, "time_cost": 69.168, "final_distance_cost": 1.8236531971998164, "oscillation_cost": 34.65964045638309, "completition_cost": 0.0, "overshoot_cost": 49.90985172465229, "power_cost": 11.13902373046875, "noise_cost": 10.909210846293195, "n_waypoints_completed": 9, "tot_waypoints": 9}}
{"target": -177.60937995499717, "params": {"k_pid_pos": [1.4698128353043505, 0.0822904257601288, 0.3434561031905483], "k_pid_alt": [1.2679502233621702, 0.0, 0.1], "k_pid_att": [43.948176657889235, 1.326856224425946, 0.9808211468183533], "k_pid_yaw": [0.5, 1e-06, 0.1], "k_pid_hsp": [2.82373402557605, 0.01, 0.01], "k_pid_vsp": [111.20884264032553, 102.7157397860675, 1.0]}, "datetime": {"datetime": "2025-08-20 23:14:35", "elapsed": 40930.15956044197, "delta": 16.05739188194275}, "costs": {"total_cost": 177.60937995499717, "time_cost": 69.168, "final_distance_cost": 1.8236531971998164, "oscillation_cost": 34.65964045638309, "completition_cost": 0.0, "overshoot_cost": 49.90985172465229, "power_cost": 11.13902373046875, "noise_cost": 10.909210846293195, "n_waypoints_completed": 9, "tot_waypoints": 9}}
{"target": -180.93915537020473, "params": {"k_pid_pos": [1.4698128353043505, 0.0822904257601288, 0.3434561031905483], "k_pid_alt": [1.2679502233621702, 0.0, 0.1], "k_pid_att": [43.948176657889235, 1.326856224425946, 0.5155183737788994], "k_pid_yaw": [0.5, 1e-06, 0.1], "k_pid_hsp": [2.82373402557605, 0.01, 0.01], "k_pid_vsp": [111.20884264032553, 102.7157397860675, 1.0]}, "datetime": {"datetime": "2025-08-20 23:14:52", "elapsed": 40946.71189284325, "delta": 16.552332401275635}, "costs": {"total_cost": 180.93915537020473, "time_cost": 69.232, "final_distance_cost": 1.812213391485632, "oscillation_cost": 37.60064569710243, "completition_cost": 0.0, "overshoot_cost": 50.240252855038335, "power_cost": 11.102972216796875, "noise_cost": 10.951071209781471, "n_waypoints_completed": 9, "tot_waypoints": 9}}
{"target": -193.44489114576962, "params": {"k_pid_pos": [1.033967693808597, 0.0822904257601288, 0.3434561031905483], "k_pid_alt": [1.2679502233621702, 0.0, 0.1], "k_pid_att": [86.70916919633552, 1.326856224425946, 0.9808211468183533], "k_pid_yaw": [0.5, 1e-06, 0.1], "k_pid_hsp": [7.8725307703385665, 0.01, 0.01], "k_pid_vsp": [103.0527854068954, 102.7157397860675, 1.0]}, "datetime": {"datetime": "2025-08-20 23:15:09", "elapsed": 40963.97183179855, "delta": 17.259938955307007}, "costs": {"total_cost": 193.44489114576962, "time_cost": 71.44800000000001, "final_distance_cost": 1.8387116151215568, "oscillation_cost": 45.86906106141325, "completition_cost": 0.0, "overshoot_cost": 49.91553549708078, "power_cost": 12.466236059570313, "noise_cost": 11.9073469125837, "n_waypoints_completed": 9, "tot_waypoints": 9}}
{"target": -188.1245280189829, "params": {"k_pid_pos": [1.4698128353043505, 0.07739255916577548, 0.4590198317865567], "k_pid_alt": [0.8253384436805415, 0.0, 0.1], "k_pid_att": [9.353998950407705, 1.2169696906303682, 0.9808211468183533], "k_pid_yaw": [0.5, 1e-06, 0.1], "k_pid_hsp": [2.82373402557605, 0.01, 0.01], "k_pid_vsp": [383.97622601200516, 102.7157397860675, 1.0]}, "datetime": {"datetime": "2025-08-20 23:15:25", "elapsed": 40979.746970653534, "delta": 15.775138854980469}, "costs": {"total_cost": 188.1245280189829, "time_cost": 71.432, "final_distance_cost": 1.8272763578901396, "oscillation_cost": 39.611426561646454, "completition_cost": 0.0, "overshoot_cost": 50.52562535465526, "power_cost": 13.040804577636719, "noise_cost": 11.687395167154298, "n_waypoints_completed": 9, "tot_waypoints": 9}}
{"target": -183.6725046248028, "params": {"k_pid_pos": [1.2231345170825065, 0.0822904257601288, 0.027766713950817756], "k_pid_alt": [1.2679502233621702, 0.0, 0.5044609676242398], "k_pid_att": [68.49694692215903, 1.326856224425946, 0.9808211468183533], "k_pid_yaw": [0.5, 1e-06, 0.1], "k_pid_hsp": [2.82373402557605, 0.01, 0.01], "k_pid_vsp": [111.20884264032553, 102.7157397860675, 1.0]}, "datetime": {"datetime": "2025-08-20 23:15:42", "elapsed": 40996.57828235626, "delta": 16.83131170272827}, "costs": {"total_cost": 183.6725046248028, "time_cost": 70.48, "final_distance_cost": 1.8008390859332788, "oscillation_cost": 38.7713015227413, "completition_cost": 0.0, "overshoot_cost": 50.047088526969354, "power_cost": 11.509579626464845, "noise_cost": 11.063695862694026, "n_waypoints_completed": 9, "tot_waypoints": 9}}
{"target": -772.2427977542762, "params": {"k_pid_pos": [1.4698128353043505, 0.0822904257601288, 0.3434561031905483], "k_pid_alt": [0.03464297246109593, 0.03158347911188941, 0.1], "k_pid_att": [43.948176657889235, 1.326856224425946, 0.7746232796670197], "k_pid_yaw": [0.5, 1e-06, 0.1], "k_pid_hsp": [2.2182149883720155, 0.01, 0.01], "k_pid_vsp": [29.557606549414395, 102.7157397860675, 1.0]}, "datetime": {"datetime": "2025-08-20 23:16:06", "elapsed": 41020.84375, "delta": 24.265467643737793}, "costs": {"total_cost": 772.2427977542762, "time_cost": 150, "final_distance_cost": 55.29732393883994, "oscillation_cost": 41.488487848726905, "completition_cost": 444.4444444444444, "overshoot_cost": 52.29977724516873, "power_cost": 14.733504956054688, "noise_cost": 13.979259321041589, "n_waypoints_completed": 5, "tot_waypoints": 9}}
{"target": -187.5017671007266, "params": {"k_pid_pos": [1.4698128353043505, 0.0822904257601288, 0.11838016897587333], "k_pid_alt": [1.2679502233621702, 0.0, 0.8325386616406555], "k_pid_att": [32.5006215253743, 1.326856224425946, 0.9808211468183533], "k_pid_yaw": [0.5, 1e-06, 0.1], "k_pid_hsp": [2.82373402557605, 0.5024897330046606, 0.01], "k_pid_vsp": [349.886712726164, 102.7157397860675, 1.0]}, "datetime": {"datetime": "2025-08-20 23:16:21", "elapsed": 41036.109669685364, "delta": 15.26591968536377}, "costs": {"total_cost": 187.5017671007266, "time_cost": 71.296, "final_distance_cost": 1.809505225474757, "oscillation_cost": 41.562800956079364, "completition_cost": 0.0, "overshoot_cost": 49.78044523141419, "power_cost": 11.91022606201172, "noise_cost": 11.142789625746547, "n_waypoints_completed": 9, "tot_waypoints": 9}}
{"target": -181.98064325525297, "params": {"k_pid_pos": [1.4698128353043505, 0.0822904257601288, 0.11242249713100771], "k_pid_alt": [1.2679502233621702, 0.0, 0.1], "k_pid_att": [43.948176657889235, 1.326856224425946, 0.9808211468183533], "k_pid_yaw": [0.5, 1e-06, 0.1], "k_pid_hsp": [2.82373402557605, 0.01, 0.01], "k_pid_vsp": [111.20884264032553, 102.7157397860675, 1.0]}, "datetime": {"datetime": "2025-08-20 23:16:38", "elapsed": 41053.08417248726, "delta": 16.97450280189514}, "costs": {"total_cost": 181.98064325525297, "time_cost": 68.752, "final_distance_cost": 1.8058418131880916, "oscillation_cost": 38.908349556692656, "completition_cost": 0.0, "overshoot_cost": 50.120039330951, "power_cost": 11.47061629638672, "noise_cost": 10.923796258034502, "n_waypoints_completed": 9, "tot_waypoints": 9}}
{"target": -1083.0175798978114, "params": {"k_pid_pos": [1.033967693808597, 0.0822904257601288, 0.3434561031905483], "k_pid_alt": [1.2679502233621702, 0.0, 0.1], "k_pid_att": [43.948176657889235, 1.326856224425946, 0.9808211468183533], "k_pid_yaw": [0.5, 1e-06, 0.1], "k_pid_hsp": [2.82373402557605, 0.01, 0.01], "k_pid_vsp": [192.0752855763678, 132.26915185465117, 363.76878077927546]}, "datetime": {"datetime": "2025-08-20 23:16:59", "elapsed": 41074.48994803429, "delta": 21.405775547027588}, "costs": {"total_cost": 1083.0175798978114, "time_cost": 150, "final_distance_cost": 82.53686059851452, "oscillation_cost": 41.31237830018077, "completition_cost": 666.6666666666667, "overshoot_cost": 98.48043862395994, "power_cost": 23.500140966796877, "noise_cost": 20.521094741692643, "n_waypoints_completed": 3, "tot_waypoints": 9}}
{"target": -1693.5677417014049, "params": {"k_pid_pos": [0.12345188687275412, 0.0822904257601288, 0.3434561031905483], "k_pid_alt": [1.2679502233621702, 0.0, 0.9040352588026142], "k_pid_att": [86.70916919633552, 1.326856224425946, 0.9808211468183533], "k_pid_yaw": [0.5, 1e-06, 0.1], "k_pid_hsp": [2.82373402557605, 0.01, 0.01], "k_pid_vsp": [111.20884264032553, 102.7157397860675, 294.80901264789827]}, "datetime": {"datetime": "2025-08-20 23:17:28", "elapsed": 41102.736744880676, "delta": 28.24679684638977}, "costs": {"total_cost": 1693.5677417014049, "time_cost": 150, "final_distance_cost": 270.04489431909724, "oscillation_cost": 34.2923074209948, "completition_cost": 888.8888888888888, "overshoot_cost": 286.9575840055553, "power_cost": 37.08894936523438, "noise_cost": 26.29511770163438, "n_waypoints_completed": 1, "tot_waypoints": 9}}
{"target": -181.98064325525297, "params": {"k_pid_pos": [1.4698128353043505, 0.0822904257601288, 0.11242249713100771], "k_pid_alt": [1.2679502233621702, 0.0, 0.1], "k_pid_att": [43.948176657889235, 1.326856224425946, 0.9808211468183533], "k_pid_yaw": [0.5, 1e-06, 0.1], "k_pid_hsp": [2.82373402557605, 0.01, 0.01], "k_pid_vsp": [111.20884264032553, 102.7157397860675, 1.0]}, "datetime": {"datetime": "2025-08-20 23:17:45", "elapsed": 41119.51645183563, "delta": 16.779706954956055}, "costs": {"total_cost": 181.98064325525297, "time_cost": 68.752, "final_distance_cost": 1.8058418131880916, "oscillation_cost": 38.908349556692656, "completition_cost": 0.0, "overshoot_cost": 50.120039330951, "power_cost": 11.47061629638672, "noise_cost": 10.923796258034502, "n_waypoints_completed": 9, "tot_waypoints": 9}}
