{"target": -361.62785908913975, "params": {"k_pid_pos": [1.4698128353043505, 0.024859491386256316, 0.3434561031905483], "k_pid_alt": [1.2679502233621702, 0.0, 0.1], "k_pid_att": [92.532430894659, 3.2931611945007657, 0.9274604585040267], "k_pid_yaw": [0.5, 1e-06, 0.1], "k_pid_hsp": [2.82373402557605, 0.01, 0.31434645924479554], "k_pid_vsp": [111.20884264032553, 102.7157397860675, 1.0]}, "datetime": {"datetime": "2025-08-20 20:07:41", "elapsed": 29716.11753320694, "delta": 17.52652907371521}, "costs": {"total_cost": 361.62785908913975, "time_cost": 75.872, "final_distance_cost": 1.7663510973727798, "oscillation_cost": 202.61513004924612, "completition_cost": 0.0, "overshoot_cost": 51.67255114454918, "power_cost": 16.052371142578124, "noise_cost": 13.649455655393508, "n_waypoints_completed": 9, "tot_waypoints": 9}}
{"target": -177.6739252695265, "params": {"k_pid_pos": [1.4698128353043505, 0.024859491386256316, 0.3434561031905483], "k_pid_alt": [1.2679502233621702, 0.0, 0.1], "k_pid_att": [43.948176657889235, 1.326856224425946, 0.9274604585040267], "k_pid_yaw": [0.5, 1e-06, 0.1], "k_pid_hsp": [2.82373402557605, 0.01, 0.01], "k_pid_vsp": [111.20884264032553, 102.7157397860675, 1.0]}, "datetime": {"datetime": "2025-08-20 20:07:56", "elapsed": 29730.954375743866, "delta": 14.83684253692627}, "costs": {"total_cost": 177.6739252695265, "time_cost": 69.152, "final_distance_cost": 1.8262656886158488, "oscillation_cost": 34.33594552183275, "completition_cost": 0.0, "overshoot_cost": 50.065815663241324, "power_cost": 11.237653356933594, "noise_cost": 11.056245038902981, "n_waypoints_completed": 9, "tot_waypoints": 9}}
{"target": -179.18928056570573, "params": {"k_pid_pos": [1.4698128353043505, 0.024859491386256316, 0.3434561031905483], "k_pid_alt": [1.2679502233621702, 0.0, 0.02282466901291924], "k_pid_att": [43.948176657889235, 1.326856224425946, 0.9274604585040267], "k_pid_yaw": [0.5, 1e-06, 0.1], "k_pid_hsp": [2.82373402557605, 0.01, 0.01], "k_pid_vsp": [111.20884264032553, 102.7157397860675, 1.0]}, "datetime": {"datetime": "2025-08-20 20:08:12", "elapsed": 29747.376953125, "delta": 16.422577381134033}, "costs": {"total_cost": 179.18928056570573, "time_cost": 69.056, "final_distance_cost": 1.8237395405889647, "oscillation_cost": 35.97580273456363, "completition_cost": 0.0, "overshoot_cost": 49.93481139893447, "power_cost": 11.355553393554688, "noise_cost": 11.043373498063996, "n_waypoints_completed": 9, "tot_waypoints": 9}}
{"target": -177.88731334233483, "params": {"k_pid_pos": [1.4698128353043505, 0.024859491386256316, 0.2649281814802127], "k_pid_alt": [1.2679502233621702, 0.0, 0.1], "k_pid_att": [43.948176657889235, 1.326856224425946, 0.9274604585040267], "k_pid_yaw": [0.5, 1e-06, 0.1], "k_pid_hsp": [2.82373402557605, 0.01, 0.01], "k_pid_vsp": [111.20884264032553, 102.7157397860675, 1.0]}, "datetime": {"datetime": "2025-08-20 20:08:27", "elapsed": 29762.213406324387, "delta": 14.836453199386597}, "costs": {"total_cost": 177.88731334233483, "time_cost": 68.928, "final_distance_cost": 1.814001575672128, "oscillation_cost": 34.425178793960626, "completition_cost": 0.0, "overshoot_cost": 50.28721872308261, "power_cost": 11.367044860839844, "noise_cost": 11.065869388779625, "n_waypoints_completed": 9, "tot_waypoints": 9}}
{"target": -215.06333353254286, "params": {"k_pid_pos": [1.4698128353043505, 0.5438063855161558, 0.06175353258437599], "k_pid_alt": [1.2679502233621702, 0.0, 0.1], "k_pid_att": [43.948176657889235, 1.326856224425946, 0.9274604585040267], "k_pid_yaw": [0.5, 1e-06, 0.1], "k_pid_hsp": [2.82373402557605, 0.01, 0.01], "k_pid_vsp": [111.20884264032553, 102.7157397860675, 1.0]}, "datetime": {"datetime": "2025-08-20 20:08:50", "elapsed": 29784.708740711212, "delta": 22.49533438682556}, "costs": {"total_cost": 215.06333353254286, "time_cost": 85.968, "final_distance_cost": 1.763110201549813, "oscillation_cost": 45.69668142600896, "completition_cost": 0.0, "overshoot_cost": 52.82308809094891, "power_cost": 15.213486791992189, "noise_cost": 13.59896702204298, "n_waypoints_completed": 9, "tot_waypoints": 9}}
{"target": -182.23075599046956, "params": {"k_pid_pos": [1.4698128353043505, 0.024859491386256316, 0.3434561031905483], "k_pid_alt": [1.2679502233621702, 0.0, 0.014398680574380873], "k_pid_att": [11.329609997636037, 6.043751783864618, 0.9274604585040267], "k_pid_yaw": [0.5, 1e-06, 0.1], "k_pid_hsp": [2.82373402557605, 0.01, 0.01], "k_pid_vsp": [111.20884264032553, 102.7157397860675, 1.0]}, "datetime": {"datetime": "2025-08-20 20:09:05", "elapsed": 29799.709724903107, "delta": 15.000984191894531}, "costs": {"total_cost": 182.23075599046956, "time_cost": 68.728, "final_distance_cost": 1.8196764634498184, "oscillation_cost": 38.768516309238386, "completition_cost": 0.0, "overshoot_cost": 49.57113548436002, "power_cost": 12.098165966796875, "noise_cost": 11.245261766624484, "n_waypoints_completed": 9, "tot_waypoints": 9}}
{"target": -177.6739252695265, "params": {"k_pid_pos": [1.4698128353043505, 0.024859491386256316, 0.3434561031905483], "k_pid_alt": [1.2679502233621702, 0.0, 0.1], "k_pid_att": [43.948176657889235, 1.326856224425946, 0.9274604585040267], "k_pid_yaw": [0.5, 1e-06, 0.1], "k_pid_hsp": [2.82373402557605, 0.01, 0.01], "k_pid_vsp": [111.20884264032553, 102.7157397860675, 1.0]}, "datetime": {"datetime": "2025-08-20 20:09:22", "elapsed": 29816.57822060585, "delta": 16.86849570274353}, "costs": {"total_cost": 177.6739252695265, "time_cost": 69.152, "final_distance_cost": 1.8262656886158488, "oscillation_cost": 34.33594552183275, "completition_cost": 0.0, "overshoot_cost": 50.065815663241324, "power_cost": 11.237653356933594, "noise_cost": 11.056245038902981, "n_waypoints_completed": 9, "tot_waypoints": 9}}
{"target": -177.6739252695265, "params": {"k_pid_pos": [1.4698128353043505, 0.024859491386256316, 0.3434561031905483], "k_pid_alt": [1.2679502233621702, 0.0, 0.1], "k_pid_att": [43.948176657889235, 1.326856224425946, 0.9274604585040267], "k_pid_yaw": [0.5, 1e-06, 0.1], "k_pid_hsp": [2.82373402557605, 0.01, 0.01], "k_pid_vsp": [111.20884264032553, 102.7157397860675, 1.0]}, "datetime": {"datetime": "2025-08-20 20:09:36", "elapsed": 29831.205589532852, "delta": 14.627368927001953}, "costs": {"total_cost": 177.6739252695265, "time_cost": 69.152, "final_distance_cost": 1.8262656886158488, "oscillation_cost": 34.33594552183275, "completition_cost": 0.0, "overshoot_cost": 50.065815663241324, "power_cost": 11.237653356933594, "noise_cost": 11.056245038902981, "n_waypoints_completed": 9, "tot_waypoints": 9}}
{"target": -177.6739252695265, "params": {"k_pid_pos": [1.4698128353043505, 0.024859491386256316, 0.3434561031905483], "k_pid_alt": [1.2679502233621702, 0.0, 0.1], "k_pid_att": [43.948176657889235, 1.326856224425946, 0.9274604585040267], "k_pid_yaw": [0.5, 1e-06, 0.1], "k_pid_hsp": [2.82373402557605, 0.01, 0.01], "k_pid_vsp": [111.20884264032553, 102.7157397860675, 1.0]}, "datetime": {"datetime": "2025-08-20 20:09:52", "elapsed": 29847.3491024971, "delta": 16.143512964248657}, "costs": {"total_cost": 177.6739252695265, "time_cost": 69.152, "final_distance_cost": 1.8262656886158488, "oscillation_cost": 34.33594552183275, "completition_cost": 0.0, "overshoot_cost": 50.065815663241324, "power_cost": 11.237653356933594, "noise_cost": 11.056245038902981, "n_waypoints_completed": 9, "tot_waypoints": 9}}
{"target": -183.14423927542634, "params": {"k_pid_pos": [1.4698128353043505, 0.024859491386256316, 0.3434561031905483], "k_pid_alt": [1.6664687922778647, 0.0, 0.1], "k_pid_att": [43.948176657889235, 1.326856224425946, 0.9274604585040267], "k_pid_yaw": [0.5, 1e-06, 0.1], "k_pid_hsp": [5.443665085475852, 0.01, 0.01], "k_pid_vsp": [111.20884264032553, 102.7157397860675, 1.0]}, "datetime": {"datetime": "2025-08-20 20:10:07", "elapsed": 29862.337513685226, "delta": 14.98841118812561}, "costs": {"total_cost": 183.14423927542634, "time_cost": 69.12, "final_distance_cost": 1.8442504018734243, "oscillation_cost": 39.71172024920576, "completition_cost": 0.0, "overshoot_cost": 49.996620973953334, "power_cost": 11.296864770507813, "noise_cost": 11.174782879885997, "n_waypoints_completed": 9, "tot_waypoints": 9}}
{"target": -177.80326045166078, "params": {"k_pid_pos": [1.538395483829655, 0.024859491386256316, 0.3434561031905483], "k_pid_alt": [1.2679502233621702, 0.0, 0.1], "k_pid_att": [43.948176657889235, 1.326856224425946, 0.9274604585040267], "k_pid_yaw": [0.5, 1e-06, 0.1], "k_pid_hsp": [2.82373402557605, 0.01, 0.01], "k_pid_vsp": [111.20884264032553, 102.7157397860675, 1.0]}, "datetime": {"datetime": "2025-08-20 20:10:24", "elapsed": 29879.298292160034, "delta": 16.96077847480774}, "costs": {"total_cost": 177.80326045166078, "time_cost": 69.0, "final_distance_cost": 1.8233143090512203, "oscillation_cost": 34.432766697656, "completition_cost": 0.0, "overshoot_cost": 49.997220744179465, "power_cost": 11.489206665039063, "noise_cost": 11.060752035735009, "n_waypoints_completed": 9, "tot_waypoints": 9}}
{"target": -198.23704721773402, "params": {"k_pid_pos": [1.4698128353043505, 0.23327464745294124, 0.3434561031905483], "k_pid_alt": [1.2679502233621702, 0.0, 0.1], "k_pid_att": [11.329609997636037, 6.043751783864618, 0.9274604585040267], "k_pid_yaw": [0.5, 1e-06, 0.1], "k_pid_hsp": [2.82373402557605, 0.01, 0.01], "k_pid_vsp": [11.291675944504354, 102.7157397860675, 1.0]}, "datetime": {"datetime": "2025-08-20 20:10:40", "elapsed": 29894.89898133278, "delta": 15.600689172744751}, "costs": {"total_cost": 198.23704721773402, "time_cost": 73.056, "final_distance_cost": 1.7590726243415828, "oscillation_cost": 47.095920547916315, "completition_cost": 0.0, "overshoot_cost": 51.15202816079844, "power_cost": 13.401664440917969, "noise_cost": 11.772361443759738, "n_waypoints_completed": 9, "tot_waypoints": 9}}
{"target": -177.6739252695265, "params": {"k_pid_pos": [1.4698128353043505, 0.024859491386256316, 0.3434561031905483], "k_pid_alt": [1.2679502233621702, 0.0, 0.1], "k_pid_att": [43.948176657889235, 1.326856224425946, 0.9274604585040267], "k_pid_yaw": [0.5, 1e-06, 0.1], "k_pid_hsp": [2.82373402557605, 0.01, 0.01], "k_pid_vsp": [111.20884264032553, 102.7157397860675, 1.0]}, "datetime": {"datetime": "2025-08-20 20:10:56", "elapsed": 29911.04939842224, "delta": 16.15041708946228}, "costs": {"total_cost": 177.6739252695265, "time_cost": 69.152, "final_distance_cost": 1.8262656886158488, "oscillation_cost": 34.33594552183275, "completition_cost": 0.0, "overshoot_cost": 50.065815663241324, "power_cost": 11.237653356933594, "noise_cost": 11.056245038902981, "n_waypoints_completed": 9, "tot_waypoints": 9}}
{"target": -194.81566881901574, "params": {"k_pid_pos": [1.4698128353043505, 0.024859491386256316, 0.5922288399539734], "k_pid_alt": [0.6162310025038176, 0.0, 0.1], "k_pid_att": [81.71435317647585, 1.326856224425946, 0.9274604585040267], "k_pid_yaw": [0.5, 1e-06, 0.1], "k_pid_hsp": [2.82373402557605, 0.01, 0.01], "k_pid_vsp": [111.20884264032553, 102.7157397860675, 1.0]}, "datetime": {"datetime": "2025-08-20 20:11:13", "elapsed": 29928.31753373146, "delta": 17.26813530921936}, "costs": {"total_cost": 194.81566881901574, "time_cost": 75.296, "final_distance_cost": 1.8495423106507864, "oscillation_cost": 43.024248947702, "completition_cost": 0.0, "overshoot_cost": 50.2342010934017, "power_cost": 12.530217785644531, "noise_cost": 11.881458681616678, "n_waypoints_completed": 9, "tot_waypoints": 9}}
{"target": -199.20179057440228, "params": {"k_pid_pos": [1.4698128353043505, 0.024859491386256316, 0.3434561031905483], "k_pid_alt": [1.2679502233621702, 0.0, 0.15791560522360282], "k_pid_att": [43.948176657889235, 1.326856224425946, 0.12678522794134206], "k_pid_yaw": [0.5, 1e-06, 0.1], "k_pid_hsp": [2.82373402557605, 0.01, 0.01], "k_pid_vsp": [111.20884264032553, 102.7157397860675, 1.0]}, "datetime": {"datetime": "2025-08-20 20:11:29", "elapsed": 29944.431057691574, "delta": 16.113523960113525}, "costs": {"total_cost": 199.20179057440228, "time_cost": 69.312, "final_distance_cost": 1.8228679616570889, "oscillation_cost": 54.58391033155443, "completition_cost": 0.0, "overshoot_cost": 50.57815992226446, "power_cost": 11.738251489257813, "noise_cost": 11.166600869668477, "n_waypoints_completed": 9, "tot_waypoints": 9}}
{"target": -204.9557639943116, "params": {"k_pid_pos": [1.4698128353043505, 0.6906262193658564, 0.3434561031905483], "k_pid_alt": [1.2679502233621702, 0.0, 0.1], "k_pid_att": [43.948176657889235, 1.326856224425946, 0.9274604585040267], "k_pid_yaw": [0.5, 1e-06, 0.1], "k_pid_hsp": [2.82373402557605, 0.01, 0.01], "k_pid_vsp": [111.20884264032553, 102.7157397860675, 1.0]}, "datetime": {"datetime": "2025-08-20 20:11:48", "elapsed": 29963.288514375687, "delta": 18.85745668411255}, "costs": {"total_cost": 204.9557639943116, "time_cost": 82.248, "final_distance_cost": 1.7447200679696566, "oscillation_cost": 42.86907151916953, "completition_cost": 0.0, "overshoot_cost": 51.34993541541726, "power_cost": 14.01538533935547, "noise_cost": 12.728651652399686, "n_waypoints_completed": 9, "tot_waypoints": 9}}
{"target": -179.5646914908807, "params": {"k_pid_pos": [1.4698128353043505, 0.024859491386256316, 0.3434561031905483], "k_pid_alt": [1.411112159818204, 0.0, 0.1], "k_pid_att": [43.948176657889235, 1.326856224425946, 0.9274604585040267], "k_pid_yaw": [0.5, 1e-06, 0.1], "k_pid_hsp": [2.82373402557605, 0.01, 0.01], "k_pid_vsp": [111.20884264032553, 102.7157397860675, 1.0]}, "datetime": {"datetime": "2025-08-20 20:12:04", "elapsed": 29978.504996538162, "delta": 15.216482162475586}, "costs": {"total_cost": 179.5646914908807, "time_cost": 68.984, "final_distance_cost": 1.833704514015444, "oscillation_cost": 36.68076601552289, "completition_cost": 0.0, "overshoot_cost": 49.92531277011725, "power_cost": 11.183620385742188, "noise_cost": 10.957287805482947, "n_waypoints_completed": 9, "tot_waypoints": 9}}
{"target": -186.1370663469222, "params": {"k_pid_pos": [1.4698128353043505, 0.024859491386256316, 0.3434561031905483], "k_pid_alt": [0.7503000084241305, 0.0, 0.1], "k_pid_att": [43.948176657889235, 1.326856224425946, 0.9274604585040267], "k_pid_yaw": [0.5, 1e-06, 0.1], "k_pid_hsp": [2.82373402557605, 0.01, 0.01], "k_pid_vsp": [111.20884264032553, 250.21609499067577, 1.0]}, "datetime": {"datetime": "2025-08-20 20:12:20", "elapsed": 29995.418935775757, "delta": 16.913939237594604}, "costs": {"total_cost": 186.1370663469222, "time_cost": 71.792, "final_distance_cost": 1.8309017831979872, "oscillation_cost": 38.792023016223496, "completition_cost": 0.0, "overshoot_cost": 49.73524914699458, "power_cost": 12.473146911621095, "noise_cost": 11.513745488885052, "n_waypoints_completed": 9, "tot_waypoints": 9}}
{"target": -206.75979953696256, "params": {"k_pid_pos": [1.4698128353043505, 0.024859491386256316, 0.3434561031905483], "k_pid_alt": [1.2679502233621702, 0.27875359925262033, 0.1], "k_pid_att": [10.144412392664826, 1.326856224425946, 0.9274604585040267], "k_pid_yaw": [0.5, 1e-06, 0.1], "k_pid_hsp": [2.82373402557605, 0.01, 0.01], "k_pid_vsp": [111.20884264032553, 102.7157397860675, 1.0]}, "datetime": {"datetime": "2025-08-20 20:12:37", "elapsed": 30012.07012653351, "delta": 16.651190757751465}, "costs": {"total_cost": 206.75979953696256, "time_cost": 78.464, "final_distance_cost": 1.7513286989286039, "oscillation_cost": 49.399430649492324, "completition_cost": 0.0, "overshoot_cost": 50.735319954105506, "power_cost": 14.233185302734375, "noise_cost": 12.176534931701747, "n_waypoints_completed": 9, "tot_waypoints": 9}}
{"target": -188.52690289032603, "params": {"k_pid_pos": [1.4698128353043505, 0.024859491386256316, 0.3434561031905483], "k_pid_alt": [1.2679502233621702, 0.0, 0.15791560522360282], "k_pid_att": [79.43924172572177, 3.014715642298994, 0.9274604585040267], "k_pid_yaw": [0.5, 1e-06, 0.1], "k_pid_hsp": [2.82373402557605, 0.6076176839441306, 0.01], "k_pid_vsp": [111.20884264032553, 269.5271781685674, 1.0]}, "datetime": {"datetime": "2025-08-20 20:12:53", "elapsed": 30028.087687015533, "delta": 16.017560482025146}, "costs": {"total_cost": 188.52690289032603, "time_cost": 69.04, "final_distance_cost": 1.8376425826950962, "oscillation_cost": 46.22487004642887, "completition_cost": 0.0, "overshoot_cost": 49.16059946669185, "power_cost": 11.33722705078125, "noise_cost": 10.92656374372895, "n_waypoints_completed": 9, "tot_waypoints": 9}}
{"target": -198.24157208101394, "params": {"k_pid_pos": [1.1188946181278843, 0.024859491386256316, 0.3434561031905483], "k_pid_alt": [1.2679502233621702, 0.5940520228477385, 0.1], "k_pid_att": [43.948176657889235, 1.326856224425946, 0.9274604585040267], "k_pid_yaw": [0.5, 1e-06, 0.1], "k_pid_hsp": [2.82373402557605, 0.01, 0.01], "k_pid_vsp": [111.20884264032553, 102.7157397860675, 1.0]}, "datetime": {"datetime": "2025-08-20 20:13:11", "elapsed": 30046.206661224365, "delta": 18.118974208831787}, "costs": {"total_cost": 198.24157208101394, "time_cost": 77.032, "final_distance_cost": 1.817240520445394, "oscillation_cost": 44.22828834083084, "completition_cost": 0.0, "overshoot_cost": 50.96447614066893, "power_cost": 12.691471520996094, "noise_cost": 11.508095558072707, "n_waypoints_completed": 9, "tot_waypoints": 9}}
{"target": -200.02823669999108, "params": {"k_pid_pos": [1.4698128353043505, 0.5480032069558575, 0.3434561031905483], "k_pid_alt": [1.2679502233621702, 0.0, 0.1], "k_pid_att": [43.948176657889235, 1.326856224425946, 0.9274604585040267], "k_pid_yaw": [0.5, 1e-06, 0.1], "k_pid_hsp": [2.82373402557605, 0.01, 0.01], "k_pid_vsp": [111.20884264032553, 102.7157397860675, 1.0]}, "datetime": {"datetime": "2025-08-20 20:13:29", "elapsed": 30063.63369703293, "delta": 17.427035808563232}, "costs": {"total_cost": 200.02823669999108, "time_cost": 79.44800000000001, "final_distance_cost": 1.7575688650847743, "oscillation_cost": 40.95722103076779, "completition_cost": 0.0, "overshoot_cost": 52.2157217640136, "power_cost": 13.249868493652345, "noise_cost": 12.39985654647255, "n_waypoints_completed": 9, "tot_waypoints": 9}}
{"target": -177.6739252695265, "params": {"k_pid_pos": [1.4698128353043505, 0.024859491386256316, 0.3434561031905483], "k_pid_alt": [1.2679502233621702, 0.0, 0.1], "k_pid_att": [43.948176657889235, 1.326856224425946, 0.9274604585040267], "k_pid_yaw": [0.5, 1e-06, 0.1], "k_pid_hsp": [2.82373402557605, 0.01, 0.01], "k_pid_vsp": [111.20884264032553, 102.7157397860675, 1.0]}, "datetime": {"datetime": "2025-08-20 20:13:46", "elapsed": 30081.027582645416, "delta": 17.393885612487793}, "costs": {"total_cost": 177.6739252695265, "time_cost": 69.152, "final_distance_cost": 1.8262656886158488, "oscillation_cost": 34.33594552183275, "completition_cost": 0.0, "overshoot_cost": 50.065815663241324, "power_cost": 11.237653356933594, "noise_cost": 11.056245038902981, "n_waypoints_completed": 9, "tot_waypoints": 9}}
{"target": -185.9521669576984, "params": {"k_pid_pos": [1.4698128353043505, 0.024859491386256316, 0.3434561031905483], "k_pid_alt": [0.8511837275376319, 0.0, 0.1], "k_pid_att": [43.948176657889235, 8.451705289372699, 0.9274604585040267], "k_pid_yaw": [0.5, 1e-06, 0.1], "k_pid_hsp": [3.8165853135157835, 0.01, 0.01], "k_pid_vsp": [111.20884264032553, 102.7157397860675, 1.0]}, "datetime": {"datetime": "2025-08-20 20:14:02", "elapsed": 30096.813493728638, "delta": 15.785911083221436}, "costs": {"total_cost": 185.9521669576984, "time_cost": 70.76, "final_distance_cost": 1.826004546833585, "oscillation_cost": 40.684378734768636, "completition_cost": 0.0, "overshoot_cost": 49.8581709852025, "power_cost": 11.662645227050781, "noise_cost": 11.16096746384292, "n_waypoints_completed": 9, "tot_waypoints": 9}}
{"target": -179.18928056570573, "params": {"k_pid_pos": [1.4698128353043505, 0.024859491386256316, 0.3434561031905483], "k_pid_alt": [1.2679502233621702, 0.0, 0.02282466901291924], "k_pid_att": [43.948176657889235, 1.326856224425946, 0.9274604585040267], "k_pid_yaw": [0.5, 1e-06, 0.1], "k_pid_hsp": [2.82373402557605, 0.01, 0.01], "k_pid_vsp": [111.20884264032553, 102.7157397860675, 1.0]}, "datetime": {"datetime": "2025-08-20 20:14:18", "elapsed": 30112.62377667427, "delta": 15.810282945632935}, "costs": {"total_cost": 179.18928056570573, "time_cost": 69.056, "final_distance_cost": 1.8237395405889647, "oscillation_cost": 35.97580273456363, "completition_cost": 0.0, "overshoot_cost": 49.93481139893447, "power_cost": 11.355553393554688, "noise_cost": 11.043373498063996, "n_waypoints_completed": 9, "tot_waypoints": 9}}
{"target": -338.80704438795397, "params": {"k_pid_pos": [1.4698128353043505, 0.024859491386256316, 0.7419950763377208], "k_pid_alt": [1.2679502233621702, 0.0, 0.1], "k_pid_att": [43.948176657889235, 1.326856224425946, 0.9274604585040267], "k_pid_yaw": [0.5, 1e-06, 0.1], "k_pid_hsp": [2.82373402557605, 0.01, 0.6131883133805259], "k_pid_vsp": [111.20884264032553, 102.7157397860675, 1.0]}, "datetime": {"datetime": "2025-08-20 20:14:35", "elapsed": 30130.143009901047, "delta": 17.519233226776123}, "costs": {"total_cost": 338.80704438795397, "time_cost": 78.288, "final_distance_cost": 1.7729119082936735, "oscillation_cost": 178.23985737860642, "completition_cost": 0.0, "overshoot_cost": 51.603070767694106, "power_cost": 15.318619799804688, "noise_cost": 13.584584533555075, "n_waypoints_completed": 9, "tot_waypoints": 9}}
