{"target": -177.6739252695265, "params": {"k_pid_pos": [1.4698128353043505, 0.024859491386256316, 0.3434561031905483], "k_pid_alt": [1.2679502233621702, 0.0, 0.1], "k_pid_att": [43.948176657889235, 1.326856224425946, 0.9274604585040267], "k_pid_yaw": [0.5, 1e-06, 0.1], "k_pid_hsp": [2.82373402557605, 0.01, 0.01], "k_pid_vsp": [111.20884264032553, 102.7157397860675, 1.0]}, "datetime": {"datetime": "2025-08-20 19:30:37", "elapsed": 27492.14887046814, "delta": 16.09398078918457}, "costs": {"total_cost": 177.6739252695265, "time_cost": 69.152, "final_distance_cost": 1.8262656886158488, "oscillation_cost": 34.33594552183275, "completition_cost": 0.0, "overshoot_cost": 50.065815663241324, "power_cost": 11.237653356933594, "noise_cost": 11.056245038902981, "n_waypoints_completed": 9, "tot_waypoints": 9}}
{"target": -362.66881297454125, "params": {"k_pid_pos": [1.4698128353043505, 0.4394761037898839, 0.5624387633355069], "k_pid_alt": [1.2679502233621702, 0.0, 0.1], "k_pid_att": [59.39531029652596, 1.326856224425946, 0.9274604585040267], "k_pid_yaw": [0.5, 1e-06, 0.1], "k_pid_hsp": [2.82373402557605, 0.01, 0.3201644383265517], "k_pid_vsp": [131.89521188480865, 102.7157397860675, 1.0]}, "datetime": {"datetime": "2025-08-20 19:30:54", "elapsed": 27508.773187875748, "delta": 16.624317407608032}, "costs": {"total_cost": 362.66881297454125, "time_cost": 77.864, "final_distance_cost": 1.768838784908624, "oscillation_cost": 201.5195932968149, "completition_cost": 0.0, "overshoot_cost": 52.09724961013443, "power_cost": 15.85279267578125, "noise_cost": 13.566338606902058, "n_waypoints_completed": 9, "tot_waypoints": 9}}
{"target": -183.57278335781598, "params": {"k_pid_pos": [1.4698128353043505, 0.024859491386256316, 0.3434561031905483], "k_pid_alt": [1.2679502233621702, 0.0, 0.1], "k_pid_att": [80.8038429083958, 1.326856224425946, 0.9274604585040267], "k_pid_yaw": [0.5, 1e-06, 0.1], "k_pid_hsp": [2.82373402557605, 0.01, 0.01], "k_pid_vsp": [202.72567798589142, 308.9011782706842, 1.0]}, "datetime": {"datetime": "2025-08-20 19:31:11", "elapsed": 27526.016837835312, "delta": 17.24364995956421}, "costs": {"total_cost": 183.57278335781598, "time_cost": 69.336, "final_distance_cost": 1.8414887493393475, "oscillation_cost": 39.49066840089614, "completition_cost": 0.0, "overshoot_cost": 50.198786800515435, "power_cost": 11.591984912109375, "noise_cost": 11.113854494955698, "n_waypoints_completed": 9, "tot_waypoints": 9}}
{"target": -184.28647154523964, "params": {"k_pid_pos": [1.4698128353043505, 0.024859491386256316, 0.3434561031905483], "k_pid_alt": [1.2679502233621702, 0.0, 0.1], "k_pid_att": [43.948176657889235, 1.326856224425946, 0.9274604585040267], "k_pid_yaw": [0.5, 1e-06, 0.1], "k_pid_hsp": [2.82373402557605, 0.5610335066040344, 0.01], "k_pid_vsp": [131.89521188480865, 102.7157397860675, 1.0]}, "datetime": {"datetime": "2025-08-20 19:31:26", "elapsed": 27540.711587190628, "delta": 14.694749355316162}, "costs": {"total_cost": 184.28647154523964, "time_cost": 68.872, "final_distance_cost": 1.8417732127594413, "oscillation_cost": 41.70840450626117, "completition_cost": 0.0, "overshoot_cost": 49.70425741553894, "power_cost": 11.294935327148439, "noise_cost": 10.865101083531682, "n_waypoints_completed": 9, "tot_waypoints": 9}}
{"target": -345.18919744856225, "params": {"k_pid_pos": [1.4698128353043505, 0.23768509930407056, 0.3434561031905483], "k_pid_alt": [1.2679502233621702, 0.0, 0.1], "k_pid_att": [43.948176657889235, 1.326856224425946, 0.9274604585040267], "k_pid_yaw": [0.5, 1e-06, 0.1], "k_pid_hsp": [2.82373402557605, 0.01, 0.8549420755036845], "k_pid_vsp": [111.20884264032553, 273.5353972576295, 1.0]}, "datetime": {"datetime": "2025-08-20 19:31:45", "elapsed": 27560.38492012024, "delta": 19.673332929611206}, "costs": {"total_cost": 345.18919744856225, "time_cost": 81.104, "final_distance_cost": 1.7321596749673827, "oscillation_cost": 179.8029092804286, "completition_cost": 0.0, "overshoot_cost": 53.31185850335983, "power_cost": 15.84510634765625, "noise_cost": 13.393163642150235, "n_waypoints_completed": 9, "tot_waypoints": 9}}
{"target": -185.30009657964408, "params": {"k_pid_pos": [1.7494083006937238, 0.024859491386256316, 0.3434561031905483], "k_pid_alt": [1.2679502233621702, 0.0, 0.1], "k_pid_att": [43.948176657889235, 1.1659524805595562, 0.9274604585040267], "k_pid_yaw": [0.5, 1e-06, 0.1], "k_pid_hsp": [4.854323649447895, 0.01, 0.01], "k_pid_vsp": [111.20884264032553, 102.7157397860675, 1.0]}, "datetime": {"datetime": "2025-08-20 19:32:00", "elapsed": 27575.434658527374, "delta": 15.04973840713501}, "costs": {"total_cost": 185.30009657964408, "time_cost": 68.792, "final_distance_cost": 1.7878104863068405, "oscillation_cost": 42.063172542501704, "completition_cost": 0.0, "overshoot_cost": 50.55127685216524, "power_cost": 11.263071679687501, "noise_cost": 10.842765018982778, "n_waypoints_completed": 9, "tot_waypoints": 9}}
{"target": -182.79658364069067, "params": {"k_pid_pos": [1.8034346552870686, 0.08087462101852438, 0.3434561031905483], "k_pid_alt": [1.2679502233621702, 0.0, 0.1], "k_pid_att": [43.948176657889235, 3.7802132718527557, 0.9274604585040267], "k_pid_yaw": [0.5, 1e-06, 0.1], "k_pid_hsp": [2.82373402557605, 0.01, 0.01], "k_pid_vsp": [174.90950217371815, 102.7157397860675, 1.0]}, "datetime": {"datetime": "2025-08-20 19:32:16", "elapsed": 27590.990483045578, "delta": 15.555824518203735}, "costs": {"total_cost": 182.79658364069067, "time_cost": 68.792, "final_distance_cost": 1.8076498272630235, "oscillation_cost": 39.27247192922527, "completition_cost": 0.0, "overshoot_cost": 50.61763918355189, "power_cost": 11.388898168945314, "noise_cost": 10.91792453170519, "n_waypoints_completed": 9, "tot_waypoints": 9}}
{"target": -179.66658829752657, "params": {"k_pid_pos": [1.4698128353043505, 0.024859491386256316, 0.3434561031905483], "k_pid_alt": [1.2679502233621702, 0.0, 0.1256065166771715], "k_pid_att": [43.948176657889235, 4.032738448698441, 0.9274604585040267], "k_pid_yaw": [0.5, 1e-06, 0.1], "k_pid_hsp": [2.82373402557605, 0.01, 0.01], "k_pid_vsp": [131.89521188480865, 102.7157397860675, 1.0]}, "datetime": {"datetime": "2025-08-20 19:32:31", "elapsed": 27605.91379880905, "delta": 14.92331576347351}, "costs": {"total_cost": 179.66658829752657, "time_cost": 69.272, "final_distance_cost": 1.8391737414879508, "oscillation_cost": 36.36996422575633, "completition_cost": 0.0, "overshoot_cost": 50.12774080059467, "power_cost": 11.127193286132814, "noise_cost": 10.930516243554807, "n_waypoints_completed": 9, "tot_waypoints": 9}}
{"target": -179.8354744057647, "params": {"k_pid_pos": [1.4698128353043505, 0.024859491386256316, 0.3434561031905483], "k_pid_alt": [1.2679502233621702, 0.0, 0.15791560522360282], "k_pid_att": [43.948176657889235, 1.326856224425946, 0.9274604585040267], "k_pid_yaw": [0.5, 1e-06, 0.1], "k_pid_hsp": [2.82373402557605, 0.01, 0.01], "k_pid_vsp": [111.20884264032553, 102.7157397860675, 1.0]}, "datetime": {"datetime": "2025-08-20 19:32:48", "elapsed": 27623.141825437546, "delta": 17.228026628494263}, "costs": {"total_cost": 179.8354744057647, "time_cost": 69.296, "final_distance_cost": 1.8307200645722737, "oscillation_cost": 36.32522330795919, "completition_cost": 0.0, "overshoot_cost": 50.35596674282563, "power_cost": 11.137034655761719, "noise_cost": 10.890529634645867, "n_waypoints_completed": 9, "tot_waypoints": 9}}
{"target": -182.718101433701, "params": {"k_pid_pos": [1.8034346552870686, 0.08087462101852438, 0.3434561031905483], "k_pid_alt": [1.2679502233621702, 0.0, 0.1], "k_pid_att": [43.948176657889235, 3.7802132718527557, 0.9274604585040267], "k_pid_yaw": [0.5, 1e-06, 0.1], "k_pid_hsp": [2.82373402557605, 0.01, 0.01], "k_pid_vsp": [111.20884264032553, 102.7157397860675, 1.0]}, "datetime": {"datetime": "2025-08-20 19:33:03", "elapsed": 27638.41528725624, "delta": 15.273461818695068}, "costs": {"total_cost": 182.718101433701, "time_cost": 68.72, "final_distance_cost": 1.8044544737161827, "oscillation_cost": 39.69633038999151, "completition_cost": 0.0, "overshoot_cost": 50.26506645353384, "power_cost": 11.348812158203126, "noise_cost": 10.883437958256351, "n_waypoints_completed": 9, "tot_waypoints": 9}}
{"target": -178.66427247395458, "params": {"k_pid_pos": [1.4698128353043505, 0.024859491386256316, 0.3434561031905483], "k_pid_alt": [1.2679502233621702, 0.0, 0.1], "k_pid_att": [43.948176657889235, 1.326856224425946, 0.9274604585040267], "k_pid_yaw": [0.5, 1e-06, 0.1], "k_pid_hsp": [2.82373402557605, 0.01, 0.01], "k_pid_vsp": [131.89521188480865, 102.7157397860675, 1.0]}, "datetime": {"datetime": "2025-08-20 19:33:21", "elapsed": 27656.421223163605, "delta": 18.00593590736389}, "costs": {"total_cost": 178.66427247395458, "time_cost": 69.168, "final_distance_cost": 1.8355392180155732, "oscillation_cost": 35.26664315041489, "completition_cost": 0.0, "overshoot_cost": 50.23945948575249, "power_cost": 11.168610266113282, "noise_cost": 10.986020353658313, "n_waypoints_completed": 9, "tot_waypoints": 9}}
{"target": -187.97048399363243, "params": {"k_pid_pos": [1.8034346552870686, 0.024859491386256316, 0.8020463410107419], "k_pid_alt": [1.2679502233621702, 0.0, 0.1], "k_pid_att": [43.948176657889235, 1.1659524805595562, 0.9274604585040267], "k_pid_yaw": [0.5, 1e-06, 0.1], "k_pid_hsp": [4.854323649447895, 0.01, 0.01], "k_pid_vsp": [111.20884264032553, 177.05332331509413, 1.0]}, "datetime": {"datetime": "2025-08-20 19:33:36", "elapsed": 27671.08289194107, "delta": 14.66166877746582}, "costs": {"total_cost": 187.97048399363243, "time_cost": 69.528, "final_distance_cost": 1.8442320416289666, "oscillation_cost": 43.49974800096142, "completition_cost": 0.0, "overshoot_cost": 50.052474985416815, "power_cost": 11.740309533691407, "noise_cost": 11.305719431933817, "n_waypoints_completed": 9, "tot_waypoints": 9}}
{"target": -218.41047409458318, "params": {"k_pid_pos": [1.4698128353043505, 0.024859491386256316, 0.3434561031905483], "k_pid_alt": [1.2679502233621702, 0.8435469027637317, 0.1], "k_pid_att": [54.807753786811375, 1.326856224425946, 0.9274604585040267], "k_pid_yaw": [0.5, 1e-06, 0.1], "k_pid_hsp": [2.82373402557605, 0.11140066133917204, 0.01], "k_pid_vsp": [111.20884264032553, 102.7157397860675, 1.0]}, "datetime": {"datetime": "2025-08-20 19:33:56", "elapsed": 27690.642632246017, "delta": 19.5597403049469}, "costs": {"total_cost": 218.41047409458318, "time_cost": 82.984, "final_distance_cost": 1.7657506612770038, "oscillation_cost": 53.370812424724136, "completition_cost": 0.0, "overshoot_cost": 53.935883069425984, "power_cost": 14.00674794921875, "noise_cost": 12.347279989937297, "n_waypoints_completed": 9, "tot_waypoints": 9}}
{"target": -179.36347167570366, "params": {"k_pid_pos": [1.4698128353043505, 0.024859491386256316, 0.3434561031905483], "k_pid_alt": [1.2679502233621702, 0.0, 0.1], "k_pid_att": [43.948176657889235, 1.326856224425946, 0.9274604585040267], "k_pid_yaw": [0.5, 1e-06, 0.1], "k_pid_hsp": [2.82373402557605, 0.01, 0.01], "k_pid_vsp": [398.8090927617697, 273.5353972576295, 1.0]}, "datetime": {"datetime": "2025-08-20 19:34:12", "elapsed": 27706.663501501083, "delta": 16.020869255065918}, "costs": {"total_cost": 179.36347167570366, "time_cost": 69.256, "final_distance_cost": 1.8232531116959412, "oscillation_cost": 36.118141878896566, "completition_cost": 0.0, "overshoot_cost": 49.863134818240034, "power_cost": 11.276271179199219, "noise_cost": 11.026670687671896, "n_waypoints_completed": 9, "tot_waypoints": 9}}
{"target": -184.49539073349553, "params": {"k_pid_pos": [1.4698128353043505, 0.024859491386256316, 0.3434561031905483], "k_pid_alt": [1.2679502233621702, 0.0, 0.1], "k_pid_att": [43.948176657889235, 1.326856224425946, 0.9274604585040267], "k_pid_yaw": [0.5, 1e-06, 0.1], "k_pid_hsp": [2.82373402557605, 0.7709548990052254, 0.01], "k_pid_vsp": [111.20884264032553, 102.7157397860675, 1.0]}, "datetime": {"datetime": "2025-08-20 19:34:27", "elapsed": 27721.894289016724, "delta": 15.230787515640259}, "costs": {"total_cost": 184.49539073349553, "time_cost": 68.824, "final_distance_cost": 1.847089730938011, "oscillation_cost": 42.13014615317597, "completition_cost": 0.0, "overshoot_cost": 49.22511002405257, "power_cost": 11.444428076171876, "noise_cost": 11.024616749157095, "n_waypoints_completed": 9, "tot_waypoints": 9}}
{"target": -183.33034191862808, "params": {"k_pid_pos": [1.6364429475361004, 0.024859491386256316, 0.14699784793311532], "k_pid_alt": [1.2679502233621702, 0.0, 0.1], "k_pid_att": [43.948176657889235, 1.326856224425946, 0.9274604585040267], "k_pid_yaw": [0.5, 1e-06, 0.1], "k_pid_hsp": [2.82373402557605, 0.01, 0.01], "k_pid_vsp": [170.97439258889042, 102.7157397860675, 1.0]}, "datetime": {"datetime": "2025-08-20 19:34:43", "elapsed": 27738.169015169144, "delta": 16.274726152420044}, "costs": {"total_cost": 183.33034191862808, "time_cost": 68.70400000000001, "final_distance_cost": 1.7915824400761802, "oscillation_cost": 40.1344241024329, "completition_cost": 0.0, "overshoot_cost": 50.35068308758966, "power_cost": 11.421457458496095, "noise_cost": 10.928194830033211, "n_waypoints_completed": 9, "tot_waypoints": 9}}
{"target": -177.6739252695265, "params": {"k_pid_pos": [1.4698128353043505, 0.024859491386256316, 0.3434561031905483], "k_pid_alt": [1.2679502233621702, 0.0, 0.1], "k_pid_att": [43.948176657889235, 1.326856224425946, 0.9274604585040267], "k_pid_yaw": [0.5, 1e-06, 0.1], "k_pid_hsp": [2.82373402557605, 0.01, 0.01], "k_pid_vsp": [111.20884264032553, 102.7157397860675, 1.0]}, "datetime": {"datetime": "2025-08-20 19:34:58", "elapsed": 27752.99306488037, "delta": 14.824049711227417}, "costs": {"total_cost": 177.6739252695265, "time_cost": 69.152, "final_distance_cost": 1.8262656886158488, "oscillation_cost": 34.33594552183275, "completition_cost": 0.0, "overshoot_cost": 50.065815663241324, "power_cost": 11.237653356933594, "noise_cost": 11.056245038902981, "n_waypoints_completed": 9, "tot_waypoints": 9}}
{"target": -177.6739252695265, "params": {"k_pid_pos": [1.4698128353043505, 0.024859491386256316, 0.3434561031905483], "k_pid_alt": [1.2679502233621702, 0.0, 0.1], "k_pid_att": [43.948176657889235, 1.326856224425946, 0.9274604585040267], "k_pid_yaw": [0.5, 1e-06, 0.1], "k_pid_hsp": [2.82373402557605, 0.01, 0.01], "k_pid_vsp": [111.20884264032553, 102.7157397860675, 1.0]}, "datetime": {"datetime": "2025-08-20 19:35:14", "elapsed": 27768.968013048172, "delta": 15.974948167800903}, "costs": {"total_cost": 177.6739252695265, "time_cost": 69.152, "final_distance_cost": 1.8262656886158488, "oscillation_cost": 34.33594552183275, "completition_cost": 0.0, "overshoot_cost": 50.065815663241324, "power_cost": 11.237653356933594, "noise_cost": 11.056245038902981, "n_waypoints_completed": 9, "tot_waypoints": 9}}
{"target": -177.6739252695265, "params": {"k_pid_pos": [1.4698128353043505, 0.024859491386256316, 0.3434561031905483], "k_pid_alt": [1.2679502233621702, 0.0, 0.1], "k_pid_att": [43.948176657889235, 1.326856224425946, 0.9274604585040267], "k_pid_yaw": [0.5, 1e-06, 0.1], "k_pid_hsp": [2.82373402557605, 0.01, 0.01], "k_pid_vsp": [111.20884264032553, 102.7157397860675, 1.0]}, "datetime": {"datetime": "2025-08-20 19:35:29", "elapsed": 27783.564855098724, "delta": 14.596842050552368}, "costs": {"total_cost": 177.6739252695265, "time_cost": 69.152, "final_distance_cost": 1.8262656886158488, "oscillation_cost": 34.33594552183275, "completition_cost": 0.0, "overshoot_cost": 50.065815663241324, "power_cost": 11.237653356933594, "noise_cost": 11.056245038902981, "n_waypoints_completed": 9, "tot_waypoints": 9}}
{"target": -196.3636972565477, "params": {"k_pid_pos": [1.2094558097913224, 0.024859491386256316, 0.3434561031905483], "k_pid_alt": [1.2679502233621702, 0.0, 0.1], "k_pid_att": [43.948176657889235, 1.326856224425946, 0.30999008812887185], "k_pid_yaw": [0.5, 1e-06, 0.1], "k_pid_hsp": [4.624666670447476, 0.01, 0.01], "k_pid_vsp": [111.20884264032553, 102.7157397860675, 1.0]}, "datetime": {"datetime": "2025-08-20 19:35:46", "elapsed": 27800.94332098961, "delta": 17.3784658908844}, "costs": {"total_cost": 196.3636972565477, "time_cost": 70.21600000000001, "final_distance_cost": 1.8495227072303764, "oscillation_cost": 50.87107921317372, "completition_cost": 0.0, "overshoot_cost": 50.129876610956984, "power_cost": 11.775764184570313, "noise_cost": 11.521454540616313, "n_waypoints_completed": 9, "tot_waypoints": 9}}
{"target": -180.71799222909462, "params": {"k_pid_pos": [1.4698128353043505, 0.024859491386256316, 0.3434561031905483], "k_pid_alt": [1.5786606064986153, 0.0, 0.472941922472217], "k_pid_att": [43.948176657889235, 1.326856224425946, 0.9274604585040267], "k_pid_yaw": [0.5, 1e-06, 0.1], "k_pid_hsp": [2.82373402557605, 0.01, 0.01], "k_pid_vsp": [131.89521188480865, 102.7157397860675, 1.0]}, "datetime": {"datetime": "2025-08-20 19:36:01", "elapsed": 27815.902158260345, "delta": 14.958837270736694}, "costs": {"total_cost": 180.71799222909462, "time_cost": 69.432, "final_distance_cost": 1.820833318211853, "oscillation_cost": 36.474895149433436, "completition_cost": 0.0, "overshoot_cost": 50.48063595572314, "power_cost": 11.387887707519532, "noise_cost": 11.121740098206654, "n_waypoints_completed": 9, "tot_waypoints": 9}}
{"target": -202.53867780855492, "params": {"k_pid_pos": [1.4698128353043505, 0.08721639792057734, 0.3434561031905483], "k_pid_alt": [1.2679502233621702, 0.0, 0.1], "k_pid_att": [43.948176657889235, 7.262158112886176, 0.10072849482906354], "k_pid_yaw": [0.5, 1e-06, 0.1], "k_pid_hsp": [2.82373402557605, 0.01, 0.01], "k_pid_vsp": [111.20884264032553, 102.7157397860675, 1.0]}, "datetime": {"datetime": "2025-08-20 19:36:18", "elapsed": 27833.016664028168, "delta": 17.114505767822266}, "costs": {"total_cost": 202.53867780855492, "time_cost": 69.24, "final_distance_cost": 1.803165914956975, "oscillation_cost": 58.62285049248067, "completition_cost": 0.0, "overshoot_cost": 50.23799798463654, "power_cost": 11.56723260498047, "noise_cost": 11.067430811500282, "n_waypoints_completed": 9, "tot_waypoints": 9}}
{"target": -304.72870957410964, "params": {"k_pid_pos": [1.4698128353043505, 0.024859491386256316, 0.3434561031905483], "k_pid_alt": [1.2679502233621702, 0.0, 0.1], "k_pid_att": [80.8038429083958, 1.326856224425946, 0.9274604585040267], "k_pid_yaw": [0.5, 1e-06, 0.1], "k_pid_hsp": [2.82373402557605, 0.01, 0.16364896750993774], "k_pid_vsp": [202.72567798589142, 281.67745710790115, 1.0]}, "datetime": {"datetime": "2025-08-20 19:36:34", "elapsed": 27849.29232120514, "delta": 16.275657176971436}, "costs": {"total_cost": 304.72870957410964, "time_cost": 75.352, "final_distance_cost": 1.8039866317867133, "oscillation_cost": 148.52396918089065, "completition_cost": 0.0, "overshoot_cost": 50.11743936698446, "power_cost": 15.673054516601564, "noise_cost": 13.258259877846285, "n_waypoints_completed": 9, "tot_waypoints": 9}}
{"target": -180.12082090753557, "params": {"k_pid_pos": [1.4698128353043505, 0.024859491386256316, 0.3434561031905483], "k_pid_alt": [1.2679502233621702, 0.0, 0.1], "k_pid_att": [47.80141503152684, 1.326856224425946, 0.9274604585040267], "k_pid_yaw": [0.5, 1e-06, 0.1], "k_pid_hsp": [2.82373402557605, 0.11140066133917204, 0.01], "k_pid_vsp": [111.20884264032553, 102.7157397860675, 1.0]}, "datetime": {"datetime": "2025-08-20 19:36:50", "elapsed": 27865.03123307228, "delta": 15.738911867141724}, "costs": {"total_cost": 180.12082090753557, "time_cost": 68.984, "final_distance_cost": 1.840020331845181, "oscillation_cost": 37.21997041744181, "completition_cost": 0.0, "overshoot_cost": 49.93210219139524, "power_cost": 11.192482495117188, "noise_cost": 10.952245471736134, "n_waypoints_completed": 9, "tot_waypoints": 9}}
{"target": -183.01442200038684, "params": {"k_pid_pos": [1.8034346552870686, 0.024859491386256316, 0.3434561031905483], "k_pid_alt": [1.2679502233621702, 0.0, 0.1], "k_pid_att": [43.948176657889235, 1.326856224425946, 0.9274604585040267], "k_pid_yaw": [0.5, 1e-06, 0.1], "k_pid_hsp": [2.82373402557605, 0.01, 0.01], "k_pid_vsp": [111.20884264032553, 102.7157397860675, 1.0]}, "datetime": {"datetime": "2025-08-20 19:37:06", "elapsed": 27881.032370328903, "delta": 16.001137256622314}, "costs": {"total_cost": 183.01442200038684, "time_cost": 68.68, "final_distance_cost": 1.7988008068254637, "oscillation_cost": 39.959361206816595, "completition_cost": 0.0, "overshoot_cost": 50.227645734387835, "power_cost": 11.372564428710938, "noise_cost": 10.976049823645988, "n_waypoints_completed": 9, "tot_waypoints": 9}}
{"target": -186.5309184907838, "params": {"k_pid_pos": [1.8034346552870686, 0.08087462101852438, 0.3434561031905483], "k_pid_alt": [1.2679502233621702, 0.0, 0.1], "k_pid_att": [11.391637031113255, 3.7802132718527557, 0.9274604585040267], "k_pid_yaw": [0.5, 1e-06, 0.1], "k_pid_hsp": [2.82373402557605, 0.01, 0.01], "k_pid_vsp": [174.90950217371815, 102.7157397860675, 1.0]}, "datetime": {"datetime": "2025-08-20 19:37:21", "elapsed": 27895.62361264229, "delta": 14.59124231338501}, "costs": {"total_cost": 186.5309184907838, "time_cost": 68.624, "final_distance_cost": 1.7893270171597064, "oscillation_cost": 42.72417625496552, "completition_cost": 0.0, "overshoot_cost": 50.02477951970884, "power_cost": 12.254699865722657, "noise_cost": 11.113935833227055, "n_waypoints_completed": 9, "tot_waypoints": 9}}
