{"target": -179.8322831128715, "params": {"k_pid_pos": [1.4698128353043505, 0.024859491386256316, 0.3434561031905483], "k_pid_alt": [1.2679502233621702, 0.0, 0.1], "k_pid_att": [43.948176657889235, 3.7802132718527557, 0.9274604585040267], "k_pid_yaw": [0.5, 1e-06, 0.1], "k_pid_hsp": [2.395389635608916, 0.01, 0.01], "k_pid_vsp": [155.80135867994494, 102.7157397860675, 1.0]}, "datetime": {"datetime": "2025-08-20 18:02:31", "elapsed": 22205.822352170944, "delta": 16.17547297477722}, "costs": {"total_cost": 179.8322831128715, "time_cost": 69.2, "final_distance_cost": 1.8362264204952914, "oscillation_cost": 36.4339680594137, "completition_cost": 0.0, "overshoot_cost": 50.07495561580205, "power_cost": 11.273366442871094, "noise_cost": 11.013766574289349, "n_waypoints_completed": 9, "tot_waypoints": 9}}
{"target": -211.36866913097893, "params": {"k_pid_pos": [1.4698128353043505, 0.5395430241053415, 0.11401919133455096], "k_pid_alt": [1.2679502233621702, 0.0, 0.1], "k_pid_att": [43.948176657889235, 3.7802132718527557, 0.9274604585040267], "k_pid_yaw": [0.5, 1e-06, 0.1], "k_pid_hsp": [2.395389635608916, 0.01, 0.01], "k_pid_vsp": [111.20884264032553, 102.7157397860675, 1.0]}, "datetime": {"datetime": "2025-08-20 18:02:50", "elapsed": 22224.842504501343, "delta": 19.02015233039856}, "costs": {"total_cost": 211.36866913097893, "time_cost": 82.896, "final_distance_cost": 1.7381599373030296, "oscillation_cost": 46.8289854432433, "completition_cost": 0.0, "overshoot_cost": 52.24534497447348, "power_cost": 14.555310949707032, "noise_cost": 13.10486782625208, "n_waypoints_completed": 9, "tot_waypoints": 9}}
{"target": -1019.0202803200644, "params": {"k_pid_pos": [1.4698128353043505, 0.024859491386256316, 0.3434561031905483], "k_pid_alt": [1.2679502233621702, 0.0, 0.1], "k_pid_att": [99.38888853887859, 5.314906102430602, 0.9274604585040267], "k_pid_yaw": [0.5, 1e-06, 0.1], "k_pid_hsp": [2.395389635608916, 0.01, 0.01], "k_pid_vsp": [111.20884264032553, 102.7157397860675, 248.32834799869224]}, "datetime": {"datetime": "2025-08-20 18:03:12", "elapsed": 22247.39263367653, "delta": 22.550129175186157}, "costs": {"total_cost": 1019.0202803200644, "time_cost": 150, "final_distance_cost": 56.775473899788864, "oscillation_cost": 48.19887993369479, "completition_cost": 666.6666666666667, "overshoot_cost": 81.42620844985908, "power_cost": 6.984409362792969, "noise_cost": 8.968642007262186, "n_waypoints_completed": 3, "tot_waypoints": 9}}
{"target": -749.180446666524, "params": {"k_pid_pos": [0.21432707518699828, 0.024859491386256316, 0.3434561031905483], "k_pid_alt": [1.2679502233621702, 0.0, 0.1], "k_pid_att": [43.948176657889235, 3.7802132718527557, 0.8034371824215166], "k_pid_yaw": [0.5, 1e-06, 0.1], "k_pid_hsp": [2.6218836386490305, 0.01, 0.01], "k_pid_vsp": [111.20884264032553, 102.7157397860675, 1.0]}, "datetime": {"datetime": "2025-08-20 18:03:35", "elapsed": 22269.642985343933, "delta": 22.250351667404175}, "costs": {"total_cost": 749.180446666524, "time_cost": 150, "final_distance_cost": 50.149500306539984, "oscillation_cost": 27.323063626290264, "completition_cost": 444.4444444444444, "overshoot_cost": 48.82494566128194, "power_cost": 14.77796248779297, "noise_cost": 13.660530140174385, "n_waypoints_completed": 5, "tot_waypoints": 9}}
{"target": -188.94994951914592, "params": {"k_pid_pos": [1.4698128353043505, 0.22461116953036142, 0.11401919133455096], "k_pid_alt": [1.2679502233621702, 0.0, 0.1], "k_pid_att": [43.948176657889235, 3.7802132718527557, 0.9274604585040267], "k_pid_yaw": [0.5, 1e-06, 0.1], "k_pid_hsp": [2.395389635608916, 0.01, 0.01], "k_pid_vsp": [111.20884264032553, 102.7157397860675, 1.0]}, "datetime": {"datetime": "2025-08-20 18:03:51", "elapsed": 22286.13103866577, "delta": 16.48805332183838}, "costs": {"total_cost": 188.94994951914592, "time_cost": 73.096, "final_distance_cost": 1.7713429365463336, "oscillation_cost": 37.97915890032628, "completition_cost": 0.0, "overshoot_cost": 52.251066021971084, "power_cost": 12.260551171875, "noise_cost": 11.591830488427211, "n_waypoints_completed": 9, "tot_waypoints": 9}}
{"target": -295.15745975079875, "params": {"k_pid_pos": [1.4698128353043505, 0.06681891267873763, 0.11401919133455096], "k_pid_alt": [1.2679502233621702, 0.997146087838624, 0.2915903713486512], "k_pid_att": [43.948176657889235, 6.766944352677465, 0.73590781336997], "k_pid_yaw": [0.5, 1e-06, 0.1], "k_pid_hsp": [2.395389635608916, 0.01, 0.17347071733517094], "k_pid_vsp": [360.3759557007902, 102.7157397860675, 1.0]}, "datetime": {"datetime": "2025-08-20 18:04:12", "elapsed": 22306.653993606567, "delta": 20.5229549407959}, "costs": {"total_cost": 295.15745975079875, "time_cost": 92.304, "final_distance_cost": 1.717170703925839, "oscillation_cost": 109.68589625391391, "completition_cost": 0.0, "overshoot_cost": 58.417490837460065, "power_cost": 18.177676977539065, "noise_cost": 14.855224977959896, "n_waypoints_completed": 9, "tot_waypoints": 9}}
{"target": -180.96417500959734, "params": {"k_pid_pos": [1.4698128353043505, 0.024859491386256316, 0.5374545101912236], "k_pid_alt": [1.2679502233621702, 0.0, 0.1], "k_pid_att": [43.948176657889235, 5.824334032821091, 0.9274604585040267], "k_pid_yaw": [0.5, 1e-06, 0.1], "k_pid_hsp": [2.395389635608916, 0.01, 0.01], "k_pid_vsp": [111.20884264032553, 102.7157397860675, 1.0]}, "datetime": {"datetime": "2025-08-20 18:04:27", "elapsed": 22322.016973495483, "delta": 15.362979888916016}, "costs": {"total_cost": 180.96417500959734, "time_cost": 69.92, "final_distance_cost": 1.8436639577476275, "oscillation_cost": 36.64114053563516, "completition_cost": 0.0, "overshoot_cost": 49.789468109063485, "power_cost": 11.470748986816407, "noise_cost": 11.299153420334672, "n_waypoints_completed": 9, "tot_waypoints": 9}}
{"target": -217.04850716707878, "params": {"k_pid_pos": [1.4698128353043505, 0.7184125440133404, 0.11401919133455096], "k_pid_alt": [1.2679502233621702, 0.0, 0.1], "k_pid_att": [43.948176657889235, 2.3127179700097718, 0.9274604585040267], "k_pid_yaw": [0.5, 1e-06, 0.1], "k_pid_hsp": [2.395389635608916, 0.01, 0.01], "k_pid_vsp": [110.56511661686339, 102.7157397860675, 1.0]}, "datetime": {"datetime": "2025-08-20 18:04:46", "elapsed": 22341.170981168747, "delta": 19.15400767326355}, "costs": {"total_cost": 217.04850716707878, "time_cost": 85.272, "final_distance_cost": 1.7001485280100033, "oscillation_cost": 47.41870432180267, "completition_cost": 0.0, "overshoot_cost": 54.12004137897624, "power_cost": 15.09994627685547, "noise_cost": 13.437666661434399, "n_waypoints_completed": 9, "tot_waypoints": 9}}
{"target": -189.80764038857942, "params": {"k_pid_pos": [1.4698128353043505, 0.024859491386256316, 0.2662270978845458], "k_pid_alt": [1.2679502233621702, 0.0, 0.2915903713486512], "k_pid_att": [20.112068749896174, 6.766944352677465, 0.31947664798329845], "k_pid_yaw": [0.5, 1e-06, 0.1], "k_pid_hsp": [2.395389635608916, 0.01, 0.01], "k_pid_vsp": [360.3759557007902, 102.7157397860675, 1.0]}, "datetime": {"datetime": "2025-08-20 18:05:02", "elapsed": 22357.019055843353, "delta": 15.848074674606323}, "costs": {"total_cost": 189.80764038857942, "time_cost": 69.752, "final_distance_cost": 1.8209747500816509, "oscillation_cost": 43.63558156577149, "completition_cost": 0.0, "overshoot_cost": 50.47834752851385, "power_cost": 12.62315897216797, "noise_cost": 11.497577572044458, "n_waypoints_completed": 9, "tot_waypoints": 9}}
{"target": -180.9306328073927, "params": {"k_pid_pos": [1.4698128353043505, 0.024859491386256316, 0.3434561031905483], "k_pid_alt": [1.2679502233621702, 0.0, 0.1], "k_pid_att": [43.948176657889235, 3.7802132718527557, 0.9274604585040267], "k_pid_yaw": [0.5, 1e-06, 0.1], "k_pid_hsp": [2.395389635608916, 0.01, 0.01], "k_pid_vsp": [264.9966777379314, 102.7157397860675, 1.0]}, "datetime": {"datetime": "2025-08-20 18:05:17", "elapsed": 22371.841230154037, "delta": 14.822174310684204}, "costs": {"total_cost": 180.9306328073927, "time_cost": 69.328, "final_distance_cost": 1.8273199529343835, "oscillation_cost": 36.90070592942281, "completition_cost": 0.0, "overshoot_cost": 50.78464909748862, "power_cost": 11.130958984375, "noise_cost": 10.958998843171853, "n_waypoints_completed": 9, "tot_waypoints": 9}}
{"target": -358.9392301744128, "params": {"k_pid_pos": [1.4698128353043505, 0.024859491386256316, 0.2662270978845458], "k_pid_alt": [1.2679502233621702, 0.0, 0.8560218098530704], "k_pid_att": [43.948176657889235, 3.7802132718527557, 0.9274604585040267], "k_pid_yaw": [0.5, 1e-06, 0.1], "k_pid_hsp": [2.395389635608916, 0.01, 0.5332591165996085], "k_pid_vsp": [110.56511661686339, 298.3527446526404, 1.0]}, "datetime": {"datetime": "2025-08-20 18:05:35", "elapsed": 22390.485058307648, "delta": 18.64382815361023}, "costs": {"total_cost": 358.9392301744128, "time_cost": 83.408, "final_distance_cost": 1.7399504511251636, "oscillation_cost": 188.45308022386172, "completition_cost": 0.0, "overshoot_cost": 55.17633588087957, "power_cost": 16.326362084960937, "noise_cost": 13.835501533585418, "n_waypoints_completed": 9, "tot_waypoints": 9}}
{"target": -184.10195288861067, "params": {"k_pid_pos": [1.4423278017687713, 0.024859491386256316, 0.11401919133455096], "k_pid_alt": [1.2679502233621702, 0.0, 0.1], "k_pid_att": [18.716498687641693, 3.7802132718527557, 0.9274604585040267], "k_pid_yaw": [0.5, 1e-06, 0.1], "k_pid_hsp": [5.751519431904279, 0.01, 0.01], "k_pid_vsp": [111.20884264032553, 102.7157397860675, 1.0]}, "datetime": {"datetime": "2025-08-20 18:05:51", "elapsed": 22405.89270591736, "delta": 15.407647609710693}, "costs": {"total_cost": 184.10195288861067, "time_cost": 68.688, "final_distance_cost": 1.7804507831835468, "oscillation_cost": 41.7187854759821, "completition_cost": 0.0, "overshoot_cost": 49.731909383541705, "power_cost": 11.281702929687501, "noise_cost": 10.901104316215825, "n_waypoints_completed": 9, "tot_waypoints": 9}}
{"target": -182.08213996553428, "params": {"k_pid_pos": [1.9475525933111357, 0.024859491386256316, 0.3434561031905483], "k_pid_alt": [1.2679502233621702, 0.0, 0.1], "k_pid_att": [43.948176657889235, 3.7802132718527557, 0.9274604585040267], "k_pid_yaw": [0.5, 1e-06, 0.1], "k_pid_hsp": [2.395389635608916, 0.01, 0.01], "k_pid_vsp": [111.20884264032553, 102.7157397860675, 1.0]}, "datetime": {"datetime": "2025-08-20 18:06:06", "elapsed": 22421.061651945114, "delta": 15.168946027755737}, "costs": {"total_cost": 182.08213996553428, "time_cost": 68.552, "final_distance_cost": 1.7665779286424201, "oscillation_cost": 38.98796430246506, "completition_cost": 0.0, "overshoot_cost": 50.20352121390942, "power_cost": 11.633993591308593, "noise_cost": 10.938082929208813, "n_waypoints_completed": 9, "tot_waypoints": 9}}
{"target": -189.20994070099607, "params": {"k_pid_pos": [1.4698128353043505, 0.024859491386256316, 0.9837022460713571], "k_pid_alt": [1.2679502233621702, 0.0, 0.26930141191004886], "k_pid_att": [43.948176657889235, 4.514399977632767, 0.9274604585040267], "k_pid_yaw": [0.5, 1e-06, 0.1], "k_pid_hsp": [2.395389635608916, 0.01, 0.01], "k_pid_vsp": [110.56511661686339, 102.7157397860675, 1.0]}, "datetime": {"datetime": "2025-08-20 18:06:23", "elapsed": 22438.23254275322, "delta": 17.17089080810547}, "costs": {"total_cost": 189.20994070099607, "time_cost": 73.304, "final_distance_cost": 1.8522670851112857, "oscillation_cost": 40.117772021754526, "completition_cost": 0.0, "overshoot_cost": 49.932367942764316, "power_cost": 12.045578552246095, "noise_cost": 11.957955099119866, "n_waypoints_completed": 9, "tot_waypoints": 9}}
{"target": -245.36842083809432, "params": {"k_pid_pos": [1.4698128353043505, 0.024859491386256316, 0.11401919133455096], "k_pid_alt": [1.2679502233621702, 0.9470325041280537, 0.1], "k_pid_att": [11.708590720412603, 5.824334032821091, 0.73590781336997], "k_pid_yaw": [0.5, 1e-06, 0.1], "k_pid_hsp": [2.395389635608916, 0.6081750647072628, 0.01], "k_pid_vsp": [360.3759557007902, 102.7157397860675, 1.0]}, "datetime": {"datetime": "2025-08-20 18:06:42", "elapsed": 22457.03428030014, "delta": 18.801737546920776}, "costs": {"total_cost": 245.36842083809432, "time_cost": 90.12, "final_distance_cost": 1.7759185918005427, "oscillation_cost": 65.46842668882113, "completition_cost": 0.0, "overshoot_cost": 56.489585949098554, "power_cost": 17.26798521728516, "noise_cost": 14.246504391088925, "n_waypoints_completed": 9, "tot_waypoints": 9}}
{"target": -185.01298925000245, "params": {"k_pid_pos": [1.9475525933111357, 0.024859491386256316, 0.11401919133455096], "k_pid_alt": [1.2679502233621702, 0.0, 0.1], "k_pid_att": [43.948176657889235, 3.7802132718527557, 0.666719676683535], "k_pid_yaw": [0.5, 1e-06, 0.1], "k_pid_hsp": [2.395389635608916, 0.01, 0.01], "k_pid_vsp": [111.20884264032553, 102.7157397860675, 1.0]}, "datetime": {"datetime": "2025-08-20 18:06:58", "elapsed": 22473.002202272415, "delta": 15.96792197227478}, "costs": {"total_cost": 185.01298925000245, "time_cost": 68.712, "final_distance_cost": 1.740911567707393, "oscillation_cost": 41.9127803791619, "completition_cost": 0.0, "overshoot_cost": 50.13597095704224, "power_cost": 11.569146875000001, "noise_cost": 10.942179471090906, "n_waypoints_completed": 9, "tot_waypoints": 9}}
{"target": -178.70478725309496, "params": {"k_pid_pos": [1.4698128353043505, 0.024859491386256316, 0.3434561031905483], "k_pid_alt": [1.2679502233621702, 0.0, 0.1], "k_pid_att": [43.948176657889235, 3.7802132718527557, 0.9274604585040267], "k_pid_yaw": [0.5, 1e-06, 0.1], "k_pid_hsp": [2.395389635608916, 0.01, 0.01], "k_pid_vsp": [111.20884264032553, 102.7157397860675, 1.0]}, "datetime": {"datetime": "2025-08-20 18:07:14", "elapsed": 22488.604254484177, "delta": 15.602052211761475}, "costs": {"total_cost": 178.70478725309496, "time_cost": 69.12, "final_distance_cost": 1.8299338179061795, "oscillation_cost": 35.21687367722384, "completition_cost": 0.0, "overshoot_cost": 50.090394500534366, "power_cost": 11.321949291992189, "noise_cost": 11.125635965438402, "n_waypoints_completed": 9, "tot_waypoints": 9}}
{"target": -317.4553869889772, "params": {"k_pid_pos": [1.4698128353043505, 0.024859491386256316, 0.2662270978845458], "k_pid_alt": [1.2679502233621702, 0.0, 0.1], "k_pid_att": [43.948176657889235, 3.7802132718527557, 0.9274604585040267], "k_pid_yaw": [0.5, 1e-06, 0.1], "k_pid_hsp": [2.395389635608916, 0.01, 0.7795792955441254], "k_pid_vsp": [111.20884264032553, 242.19569180174827, 1.0]}, "datetime": {"datetime": "2025-08-20 18:07:30", "elapsed": 22505.110320091248, "delta": 16.506065607070923}, "costs": {"total_cost": 317.4553869889772, "time_cost": 77.432, "final_distance_cost": 1.7837059086721423, "oscillation_cost": 152.02792999374438, "completition_cost": 0.0, "overshoot_cost": 56.73534499149751, "power_cost": 15.808611010742188, "noise_cost": 13.667795084320923, "n_waypoints_completed": 9, "tot_waypoints": 9}}
{"target": -181.67333250789906, "params": {"k_pid_pos": [1.9475525933111357, 0.024859491386256316, 0.3434561031905483], "k_pid_alt": [1.2679502233621702, 0.0, 0.1], "k_pid_att": [43.948176657889235, 3.7802132718527557, 0.9274604585040267], "k_pid_yaw": [0.5, 1e-06, 0.1], "k_pid_hsp": [2.395389635608916, 0.01, 0.01], "k_pid_vsp": [110.56511661686339, 102.7157397860675, 1.0]}, "datetime": {"datetime": "2025-08-20 18:07:45", "elapsed": 22520.202953338623, "delta": 15.092633247375488}, "costs": {"total_cost": 181.67333250789906, "time_cost": 68.496, "final_distance_cost": 1.7866435136717993, "oscillation_cost": 39.515515812651216, "completition_cost": 0.0, "overshoot_cost": 49.84425144472469, "power_cost": 11.23856336669922, "noise_cost": 10.792358370152135, "n_waypoints_completed": 9, "tot_waypoints": 9}}
{"target": -217.9402033770194, "params": {"k_pid_pos": [1.4698128353043505, 0.024859491386256316, 0.9305336539493747], "k_pid_alt": [1.2679502233621702, 0.0, 0.1], "k_pid_att": [43.948176657889235, 3.7802132718527557, 0.1622042676448776], "k_pid_yaw": [0.5, 1e-06, 0.1], "k_pid_hsp": [2.395389635608916, 0.01, 0.01], "k_pid_vsp": [340.9834399889807, 102.7157397860675, 57.29137036833912]}, "datetime": {"datetime": "2025-08-20 18:08:02", "elapsed": 22536.584625959396, "delta": 16.381672620773315}, "costs": {"total_cost": 217.9402033770194, "time_cost": 72.504, "final_distance_cost": 1.8516539431967907, "oscillation_cost": 66.80569388838585, "completition_cost": 0.0, "overshoot_cost": 49.76164477780978, "power_cost": 14.98942362060547, "noise_cost": 12.027787147021522, "n_waypoints_completed": 9, "tot_waypoints": 9}}
{"target": -180.40810129406827, "params": {"k_pid_pos": [1.4698128353043505, 0.024859491386256316, 0.11401919133455096], "k_pid_alt": [1.2679502233621702, 0.0, 0.1], "k_pid_att": [43.948176657889235, 3.7802132718527557, 0.9274604585040267], "k_pid_yaw": [0.5, 1e-06, 0.1], "k_pid_hsp": [2.395389635608916, 0.01, 0.01], "k_pid_vsp": [111.20884264032553, 102.7157397860675, 1.0]}, "datetime": {"datetime": "2025-08-20 18:08:17", "elapsed": 22551.503274917603, "delta": 14.918648958206177}, "costs": {"total_cost": 180.40810129406827, "time_cost": 68.656, "final_distance_cost": 1.7855036050235287, "oscillation_cost": 37.645407527558994, "completition_cost": 0.0, "overshoot_cost": 49.9598019448747, "power_cost": 11.380489074707032, "noise_cost": 10.980899141904002, "n_waypoints_completed": 9, "tot_waypoints": 9}}
{"target": -188.04560228851892, "params": {"k_pid_pos": [1.4698128353043505, 0.024859491386256316, 0.3434561031905483], "k_pid_alt": [1.2679502233621702, 0.0, 0.2915903713486512], "k_pid_att": [43.948176657889235, 6.766944352677465, 0.73590781336997], "k_pid_yaw": [0.5, 1e-06, 0.1], "k_pid_hsp": [9.661409074882902, 0.01, 0.01], "k_pid_vsp": [360.3759557007902, 235.29707175635923, 1.0]}, "datetime": {"datetime": "2025-08-20 18:08:32", "elapsed": 22567.05043411255, "delta": 15.547159194946289}, "costs": {"total_cost": 188.04560228851892, "time_cost": 69.70400000000001, "final_distance_cost": 1.8307400812584973, "oscillation_cost": 43.661122344293, "completition_cost": 0.0, "overshoot_cost": 49.71115966166408, "power_cost": 11.879688854980468, "noise_cost": 11.258891346322883, "n_waypoints_completed": 9, "tot_waypoints": 9}}
{"target": -181.5709547109824, "params": {"k_pid_pos": [1.4698128353043505, 0.024859491386256316, 0.11401919133455096], "k_pid_alt": [1.2679502233621702, 0.0, 0.1], "k_pid_att": [43.948176657889235, 2.6889016979653872, 0.9274604585040267], "k_pid_yaw": [0.5, 1e-06, 0.1], "k_pid_hsp": [2.395389635608916, 0.01, 0.01], "k_pid_vsp": [111.20884264032553, 102.7157397860675, 1.0]}, "datetime": {"datetime": "2025-08-20 18:08:47", "elapsed": 22581.543483018875, "delta": 14.493048906326294}, "costs": {"total_cost": 181.5709547109824, "time_cost": 68.68, "final_distance_cost": 1.7917523528386787, "oscillation_cost": 38.39452009213012, "completition_cost": 0.0, "overshoot_cost": 50.098243735155165, "power_cost": 11.557525036621094, "noise_cost": 11.048913494237327, "n_waypoints_completed": 9, "tot_waypoints": 9}}
{"target": -181.35146075722315, "params": {"k_pid_pos": [1.4698128353043505, 0.024859491386256316, 0.11401919133455096], "k_pid_alt": [1.2679502233621702, 0.0, 0.1], "k_pid_att": [43.948176657889235, 6.766944352677465, 0.73590781336997], "k_pid_yaw": [0.5, 1e-06, 0.1], "k_pid_hsp": [2.395389635608916, 0.01, 0.01], "k_pid_vsp": [33.09370770872002, 102.7157397860675, 1.0]}, "datetime": {"datetime": "2025-08-20 18:09:03", "elapsed": 22598.161306381226, "delta": 16.617823362350464}, "costs": {"total_cost": 181.35146075722315, "time_cost": 68.36, "final_distance_cost": 1.7699421982701797, "oscillation_cost": 38.79455679120638, "completition_cost": 0.0, "overshoot_cost": 50.10126492597943, "power_cost": 11.54145164794922, "noise_cost": 10.784245193817918, "n_waypoints_completed": 9, "tot_waypoints": 9}}
{"target": -198.68984247950152, "params": {"k_pid_pos": [1.0303987325070019, 0.024859491386256316, 0.9451257094832697], "k_pid_alt": [1.2679502233621702, 0.0, 0.2915903713486512], "k_pid_att": [43.948176657889235, 3.7802132718527557, 0.9274604585040267], "k_pid_yaw": [0.5, 1e-06, 0.1], "k_pid_hsp": [2.395389635608916, 0.01, 0.01], "k_pid_vsp": [111.20884264032553, 59.083466427248936, 1.0]}, "datetime": {"datetime": "2025-08-20 18:09:21", "elapsed": 22616.181324481964, "delta": 18.020018100738525}, "costs": {"total_cost": 198.68984247950152, "time_cost": 80.92, "final_distance_cost": 1.8504811313474232, "oscillation_cost": 38.91703570876197, "completition_cost": 0.0, "overshoot_cost": 50.610542900948005, "power_cost": 13.033232238769532, "noise_cost": 13.358550499674607, "n_waypoints_completed": 9, "tot_waypoints": 9}}
{"target": -182.99960021804552, "params": {"k_pid_pos": [1.4698128353043505, 0.024859491386256316, 0.3434561031905483], "k_pid_alt": [1.8467889235776584, 0.0, 0.1], "k_pid_att": [81.50781704084231, 3.7802132718527557, 0.7742097595242466], "k_pid_yaw": [0.5, 1e-06, 0.1], "k_pid_hsp": [2.395389635608916, 0.01, 0.01], "k_pid_vsp": [111.20884264032553, 102.7157397860675, 1.0]}, "datetime": {"datetime": "2025-08-20 18:09:36", "elapsed": 22631.025913238525, "delta": 14.84458875656128}, "costs": {"total_cost": 182.99960021804552, "time_cost": 69.328, "final_distance_cost": 1.8364272548567626, "oscillation_cost": 38.711579674121054, "completition_cost": 0.0, "overshoot_cost": 50.50529889991296, "power_cost": 11.481154736328126, "noise_cost": 11.137139652826594, "n_waypoints_completed": 9, "tot_waypoints": 9}}
