{"target": -193.01311356548226, "params": {"k_pid_pos": [1.4698128353043505, 0.024859491386256316, 0.8017766682930172], "k_pid_alt": [1.2679502233621702, 0.0, 0.7547909499110205], "k_pid_att": [42.28034808905181, 5.088413281584711, 0.6179952950406163], "k_pid_yaw": [0.5, 1e-06, 0.1], "k_pid_hsp": [1.0, 0.01, 0.01], "k_pid_vsp": [111.20884264032553, 255.15728066808146, 1.0]}, "datetime": {"datetime": "2025-08-20 16:54:47", "elapsed": 18142.090353012085, "delta": 17.050908088684082}, "costs": {"total_cost": 193.01311356548226, "time_cost": 74.304, "final_distance_cost": 1.8410247031513485, "oscillation_cost": 41.83522080412791, "completition_cost": 0.0, "overshoot_cost": 49.9109864039083, "power_cost": 13.015928479003907, "noise_cost": 12.10595317529077, "n_waypoints_completed": 9, "tot_waypoints": 9}}
{"target": -182.97972122410806, "params": {"k_pid_pos": [1.4698128353043505, 0.024859491386256316, 0.21152287994165886], "k_pid_alt": [1.6319753356852484, 0.0, 0.1], "k_pid_att": [43.948176657889235, 3.7802132718527557, 0.9274604585040267], "k_pid_yaw": [0.5, 1e-06, 0.1], "k_pid_hsp": [1.0, 0.01, 0.01], "k_pid_vsp": [40.32923178154295, 102.7157397860675, 1.0]}, "datetime": {"datetime": "2025-08-20 16:55:02", "elapsed": 18157.358875513077, "delta": 15.268522500991821}, "costs": {"total_cost": 182.97972122410806, "time_cost": 68.528, "final_distance_cost": 1.8039437102151423, "oscillation_cost": 37.635969613179505, "completition_cost": 0.0, "overshoot_cost": 50.98184048856454, "power_cost": 12.696071923828125, "noise_cost": 11.333895488320763, "n_waypoints_completed": 9, "tot_waypoints": 9}}
{"target": -184.94080676994616, "params": {"k_pid_pos": [1.4698128353043505, 0.024859491386256316, 0.11401919133455096], "k_pid_alt": [1.2679502233621702, 0.0, 0.7547909499110205], "k_pid_att": [42.28034808905181, 5.088413281584711, 0.6179952950406163], "k_pid_yaw": [0.5, 1e-06, 0.1], "k_pid_hsp": [1.0, 0.01, 0.01], "k_pid_vsp": [111.20884264032553, 255.15728066808146, 1.0]}, "datetime": {"datetime": "2025-08-20 16:55:22", "elapsed": 18177.145525455475, "delta": 19.78664994239807}, "costs": {"total_cost": 184.94080676994616, "time_cost": 70.784, "final_distance_cost": 1.800568596088259, "oscillation_cost": 38.25296468253106, "completition_cost": 0.0, "overshoot_cost": 50.07821765405543, "power_cost": 12.769151049804687, "noise_cost": 11.255904787466722, "n_waypoints_completed": 9, "tot_waypoints": 9}}
{"target": -223.1435071009412, "params": {"k_pid_pos": [1.9176378968916694, 0.024859491386256316, 0.11401919133455096], "k_pid_alt": [0.3985646879364917, 0.0, 0.1], "k_pid_att": [76.63606454736403, 3.7802132718527557, 0.9274604585040267], "k_pid_yaw": [0.5, 1e-06, 0.1], "k_pid_hsp": [1.0, 0.01, 0.01], "k_pid_vsp": [111.20884264032553, 93.09285943774285, 1.0]}, "datetime": {"datetime": "2025-08-20 16:55:43", "elapsed": 18197.625690698624, "delta": 20.480165243148804}, "costs": {"total_cost": 223.1435071009412, "time_cost": 87.8, "final_distance_cost": 1.8437867184684056, "oscillation_cost": 54.08046398923302, "completition_cost": 0.0, "overshoot_cost": 50.26467883491565, "power_cost": 15.251325610351563, "noise_cost": 13.903251947972558, "n_waypoints_completed": 9, "tot_waypoints": 9}}
{"target": -205.53981113785125, "params": {"k_pid_pos": [1.4698128353043505, 0.024859491386256316, 0.11401919133455096], "k_pid_alt": [1.2679502233621702, 0.5825635189933015, 0.1], "k_pid_att": [43.948176657889235, 3.7802132718527557, 0.9274604585040267], "k_pid_yaw": [0.5, 1e-06, 0.1], "k_pid_hsp": [1.0, 0.01, 0.01], "k_pid_vsp": [284.5460512203246, 93.09285943774285, 1.0]}, "datetime": {"datetime": "2025-08-20 16:56:00", "elapsed": 18214.856501102448, "delta": 17.230810403823853}, "costs": {"total_cost": 205.53981113785125, "time_cost": 78.792, "final_distance_cost": 1.7377644172935596, "oscillation_cost": 47.46414818688692, "completition_cost": 0.0, "overshoot_cost": 51.26577587380797, "power_cost": 14.075704272460937, "noise_cost": 12.204418387401853, "n_waypoints_completed": 9, "tot_waypoints": 9}}
{"target": -183.25524692557616, "params": {"k_pid_pos": [1.4698128353043505, 0.024859491386256316, 0.11401919133455096], "k_pid_alt": [1.8506719184877571, 0.0, 0.1], "k_pid_att": [27.63392213362481, 3.7802132718527557, 0.9274604585040267], "k_pid_yaw": [0.5, 1e-06, 0.1], "k_pid_hsp": [1.0, 0.01, 0.01], "k_pid_vsp": [376.5747392387296, 93.09285943774285, 1.0]}, "datetime": {"datetime": "2025-08-20 16:56:18", "elapsed": 18232.85945749283, "delta": 18.00295639038086}, "costs": {"total_cost": 183.25524692557616, "time_cost": 68.672, "final_distance_cost": 1.8104846781626123, "oscillation_cost": 38.09997653588228, "completition_cost": 0.0, "overshoot_cost": 50.58781974611936, "power_cost": 12.64645623779297, "noise_cost": 11.438509727618964, "n_waypoints_completed": 9, "tot_waypoints": 9}}
{"target": -199.55977892287444, "params": {"k_pid_pos": [1.4698128353043505, 0.024859491386256316, 0.8017766682930172], "k_pid_alt": [1.2230343536285844, 0.0, 0.15996467764772404], "k_pid_att": [76.63606454736403, 9.994776192526535, 0.9274604585040267], "k_pid_yaw": [0.5, 1e-06, 0.1], "k_pid_hsp": [7.436026595488833, 0.01, 0.01], "k_pid_vsp": [279.45517549114066, 197.31441805153213, 1.0]}, "datetime": {"datetime": "2025-08-20 16:56:35", "elapsed": 18249.875831604004, "delta": 17.016374111175537}, "costs": {"total_cost": 199.55977892287444, "time_cost": 71.44800000000001, "final_distance_cost": 1.8464389237573609, "oscillation_cost": 51.97105345778611, "completition_cost": 0.0, "overshoot_cost": 49.86939076465975, "power_cost": 12.471280627441407, "noise_cost": 11.95361514922979, "n_waypoints_completed": 9, "tot_waypoints": 9}}
{"target": -187.94699354625794, "params": {"k_pid_pos": [0.9203224573796739, 0.024859491386256316, 0.11401919133455096], "k_pid_alt": [1.2679502233621702, 0.0, 0.1], "k_pid_att": [42.28034808905181, 3.7802132718527557, 0.9274604585040267], "k_pid_yaw": [0.5, 1e-06, 0.1], "k_pid_hsp": [6.590021097612566, 0.01, 0.01], "k_pid_vsp": [284.5460512203246, 93.09285943774285, 1.0]}, "datetime": {"datetime": "2025-08-20 16:56:50", "elapsed": 18265.476835250854, "delta": 15.601003646850586}, "costs": {"total_cost": 187.94699354625794, "time_cost": 71.024, "final_distance_cost": 1.8411623200350589, "oscillation_cost": 42.441902261659905, "completition_cost": 0.0, "overshoot_cost": 49.95243281559951, "power_cost": 11.254446032714844, "noise_cost": 11.433050116248623, "n_waypoints_completed": 9, "tot_waypoints": 9}}
{"target": -187.41605427737653, "params": {"k_pid_pos": [1.4698128353043505, 0.024859491386256316, 0.11401919133455096], "k_pid_alt": [1.2679502233621702, 0.0, 0.1], "k_pid_att": [43.948176657889235, 3.7802132718527557, 0.9274604585040267], "k_pid_yaw": [0.5, 1e-06, 0.1], "k_pid_hsp": [5.680285610963587, 0.5523384095491858, 0.01], "k_pid_vsp": [305.0236900491399, 197.31441805153213, 1.0]}, "datetime": {"datetime": "2025-08-20 16:57:06", "elapsed": 18281.194153547287, "delta": 15.717318296432495}, "costs": {"total_cost": 187.41605427737653, "time_cost": 68.552, "final_distance_cost": 1.8024747550970688, "oscillation_cost": 44.78874108052651, "completition_cost": 0.0, "overshoot_cost": 49.855526572983145, "power_cost": 11.5302162109375, "noise_cost": 10.887095657832306, "n_waypoints_completed": 9, "tot_waypoints": 9}}
{"target": -198.71459899178018, "params": {"k_pid_pos": [1.4698128353043505, 0.024859491386256316, 0.11401919133455096], "k_pid_alt": [0.628485956049549, 0.0, 0.1], "k_pid_att": [42.28034808905181, 3.7802132718527557, 0.6331997646149408], "k_pid_yaw": [0.5, 1e-06, 0.1], "k_pid_hsp": [6.107211332972096, 0.01, 0.01], "k_pid_vsp": [111.20884264032553, 298.73657637713535, 1.0]}, "datetime": {"datetime": "2025-08-20 16:57:22", "elapsed": 18297.36322069168, "delta": 16.16906714439392}, "costs": {"total_cost": 198.71459899178018, "time_cost": 73.208, "final_distance_cost": 1.8391010582603893, "oscillation_cost": 49.54470188890555, "completition_cost": 0.0, "overshoot_cost": 50.378525388319474, "power_cost": 12.350448596191407, "noise_cost": 11.393822060103352, "n_waypoints_completed": 9, "tot_waypoints": 9}}
{"target": -190.246173235804, "params": {"k_pid_pos": [1.4698128353043505, 0.024859491386256316, 0.6250867496839783], "k_pid_alt": [1.6319753356852484, 0.0, 0.1], "k_pid_att": [42.28034808905181, 8.155928685054894, 0.9274604585040267], "k_pid_yaw": [0.5, 1e-06, 0.1], "k_pid_hsp": [1.0, 0.10775848190462489, 0.01], "k_pid_vsp": [111.20884264032553, 381.5365089319878, 1.0]}, "datetime": {"datetime": "2025-08-20 16:57:38", "elapsed": 18312.9869890213, "delta": 15.623768329620361}, "costs": {"total_cost": 190.246173235804, "time_cost": 71.208, "final_distance_cost": 1.845679906123646, "oscillation_cost": 43.66840503959092, "completition_cost": 0.0, "overshoot_cost": 49.226158673212396, "power_cost": 12.658444384765625, "noise_cost": 11.6394852321114, "n_waypoints_completed": 9, "tot_waypoints": 9}}
{"target": -198.54386774944442, "params": {"k_pid_pos": [1.4698128353043505, 0.024859491386256316, 0.6700465318131316], "k_pid_alt": [0.614459765579936, 0.0, 0.1], "k_pid_att": [61.795368877988686, 9.994776192526535, 0.9274604585040267], "k_pid_yaw": [0.5, 1e-06, 0.1], "k_pid_hsp": [1.0, 0.01, 0.01], "k_pid_vsp": [314.5274741819034, 197.31441805153213, 1.0]}, "datetime": {"datetime": "2025-08-20 16:57:56", "elapsed": 18330.53017449379, "delta": 17.543185472488403}, "costs": {"total_cost": 198.54386774944442, "time_cost": 77.352, "final_distance_cost": 1.850274126402734, "oscillation_cost": 44.328640510986595, "completition_cost": 0.0, "overshoot_cost": 49.938535652888795, "power_cost": 12.91895867919922, "noise_cost": 12.155458779967063, "n_waypoints_completed": 9, "tot_waypoints": 9}}
{"target": -186.13402348994825, "params": {"k_pid_pos": [1.4698128353043505, 0.024859491386256316, 0.7684864802628129], "k_pid_alt": [1.2679502233621702, 0.0, 0.1], "k_pid_att": [43.948176657889235, 3.7802132718527557, 0.5315175384971502], "k_pid_yaw": [0.5, 1e-06, 0.1], "k_pid_hsp": [1.0, 0.01, 0.01], "k_pid_vsp": [111.20884264032553, 102.7157397860675, 1.0]}, "datetime": {"datetime": "2025-08-20 16:58:11", "elapsed": 18346.130917310715, "delta": 15.600742816925049}, "costs": {"total_cost": 186.13402348994825, "time_cost": 70.992, "final_distance_cost": 1.8494619258039082, "oscillation_cost": 38.94148746778885, "completition_cost": 0.0, "overshoot_cost": 50.237358103106416, "power_cost": 12.386528942871095, "noise_cost": 11.727187050377976, "n_waypoints_completed": 9, "tot_waypoints": 9}}
{"target": -185.17696891611757, "params": {"k_pid_pos": [1.9176378968916694, 0.024859491386256316, 0.11401919133455096], "k_pid_alt": [1.7187705538853828, 0.0, 0.1132575830732897], "k_pid_att": [27.63392213362481, 3.7802132718527557, 0.9274604585040267], "k_pid_yaw": [0.5, 1e-06, 0.1], "k_pid_hsp": [1.0, 0.01, 0.01], "k_pid_vsp": [376.5747392387296, 93.09285943774285, 1.0]}, "datetime": {"datetime": "2025-08-20 16:58:29", "elapsed": 18363.938910245895, "delta": 17.807992935180664}, "costs": {"total_cost": 185.17696891611757, "time_cost": 68.34400000000001, "final_distance_cost": 1.7360025588339187, "oscillation_cost": 41.34199785239775, "completition_cost": 0.0, "overshoot_cost": 49.94869179170889, "power_cost": 12.55731033935547, "noise_cost": 11.248966373821542, "n_waypoints_completed": 9, "tot_waypoints": 9}}
{"target": -206.94135689733432, "params": {"k_pid_pos": [1.4698128353043505, 0.024859491386256316, 0.11401919133455096], "k_pid_alt": [1.2679502233621702, 0.0, 0.1], "k_pid_att": [76.63606454736403, 3.7802132718527557, 0.9274604585040267], "k_pid_yaw": [0.5, 1e-06, 0.1], "k_pid_hsp": [1.0, 0.858965453560144, 0.01], "k_pid_vsp": [284.5460512203246, 93.09285943774285, 1.0]}, "datetime": {"datetime": "2025-08-20 16:58:47", "elapsed": 18381.54118514061, "delta": 17.602274894714355}, "costs": {"total_cost": 206.94135689733432, "time_cost": 69.384, "final_distance_cost": 1.8176352170295786, "oscillation_cost": 61.11382756719081, "completition_cost": 0.0, "overshoot_cost": 50.48730952873512, "power_cost": 12.578550366210939, "noise_cost": 11.560034218167866, "n_waypoints_completed": 9, "tot_waypoints": 9}}
{"target": -182.29908762151555, "params": {"k_pid_pos": [1.4698128353043505, 0.024859491386256316, 0.11401919133455096], "k_pid_alt": [1.6319753356852484, 0.0, 0.1], "k_pid_att": [42.28034808905181, 4.273161054152589, 0.9274604585040267], "k_pid_yaw": [0.5, 1e-06, 0.1], "k_pid_hsp": [1.0, 0.01, 0.01], "k_pid_vsp": [111.20884264032553, 381.5365089319878, 1.0]}, "datetime": {"datetime": "2025-08-20 16:59:03", "elapsed": 18397.816643238068, "delta": 16.275458097457886}, "costs": {"total_cost": 182.29908762151555, "time_cost": 68.024, "final_distance_cost": 1.8180689017130023, "oscillation_cost": 38.736420415285586, "completition_cost": 0.0, "overshoot_cost": 50.291117793548004, "power_cost": 12.346553039550782, "noise_cost": 11.082927471418161, "n_waypoints_completed": 9, "tot_waypoints": 9}}
{"target": -206.1345424777905, "params": {"k_pid_pos": [1.4698128353043505, 0.024859491386256316, 0.21152287994165886], "k_pid_alt": [1.0758040455100186, 0.0, 0.7547909499110205], "k_pid_att": [42.28034808905181, 9.805203151556048, 0.6179952950406163], "k_pid_yaw": [0.5, 1e-06, 0.1], "k_pid_hsp": [7.4893234616987066, 0.01, 0.01], "k_pid_vsp": [111.20884264032553, 255.15728066808146, 1.0]}, "datetime": {"datetime": "2025-08-20 16:59:20", "elapsed": 18414.798244714737, "delta": 16.98160147666931}, "costs": {"total_cost": 206.1345424777905, "time_cost": 72.52, "final_distance_cost": 1.841202375295921, "oscillation_cost": 58.194351765620574, "completition_cost": 0.0, "overshoot_cost": 50.06981771833941, "power_cost": 12.146486560058595, "noise_cost": 11.362684058475988, "n_waypoints_completed": 9, "tot_waypoints": 9}}
{"target": -182.98974914340684, "params": {"k_pid_pos": [1.4698128353043505, 0.024859491386256316, 0.11401919133455096], "k_pid_alt": [1.2679502233621702, 0.0, 0.1], "k_pid_att": [43.948176657889235, 3.7802132718527557, 0.9456905697425194], "k_pid_yaw": [0.5, 1e-06, 0.1], "k_pid_hsp": [1.0, 0.01, 0.01], "k_pid_vsp": [284.5460512203246, 93.09285943774285, 1.0]}, "datetime": {"datetime": "2025-08-20 16:59:36", "elapsed": 18431.195016145706, "delta": 16.39677143096924}, "costs": {"total_cost": 182.98974914340684, "time_cost": 68.728, "final_distance_cost": 1.789666819095696, "oscillation_cost": 38.173277764810805, "completition_cost": 0.0, "overshoot_cost": 50.5401109493661, "power_cost": 12.479946350097658, "noise_cost": 11.278747260036573, "n_waypoints_completed": 9, "tot_waypoints": 9}}
{"target": -362.4946597213622, "params": {"k_pid_pos": [1.4698128353043505, 0.024859491386256316, 0.11401919133455096], "k_pid_alt": [1.2679502233621702, 0.0, 0.1], "k_pid_att": [43.948176657889235, 1.6495257412180862, 0.9274604585040267], "k_pid_yaw": [0.5, 1e-06, 0.1], "k_pid_hsp": [1.0, 0.01, 0.7654625011543671], "k_pid_vsp": [111.20884264032553, 102.7157397860675, 1.0]}, "datetime": {"datetime": "2025-08-20 16:59:55", "elapsed": 18450.30254507065, "delta": 19.107528924942017}, "costs": {"total_cost": 362.4946597213622, "time_cost": 86.112, "final_distance_cost": 1.7838578513774745, "oscillation_cost": 176.33188376205763, "completition_cost": 0.0, "overshoot_cost": 66.39879533217733, "power_cost": 17.229795178222655, "noise_cost": 14.638327597527136, "n_waypoints_completed": 9, "tot_waypoints": 9}}
{"target": -186.98988288505123, "params": {"k_pid_pos": [1.8249217336243428, 0.024859491386256316, 0.11401919133455096], "k_pid_alt": [1.2679502233621702, 0.0, 0.5609487008588433], "k_pid_att": [43.948176657889235, 3.7802132718527557, 0.9274604585040267], "k_pid_yaw": [0.5, 1e-06, 0.1], "k_pid_hsp": [1.0, 0.01, 0.01], "k_pid_vsp": [111.20884264032553, 102.7157397860675, 1.0]}, "datetime": {"datetime": "2025-08-20 17:00:12", "elapsed": 18466.51701450348, "delta": 16.21446943283081}, "costs": {"total_cost": 186.98988288505123, "time_cost": 69.744, "final_distance_cost": 1.76057286310503, "oscillation_cost": 41.65031442389109, "completition_cost": 0.0, "overshoot_cost": 50.14825982762408, "power_cost": 12.485143041992188, "noise_cost": 11.20159272843884, "n_waypoints_completed": 9, "tot_waypoints": 9}}
{"target": -223.4573458446376, "params": {"k_pid_pos": [1.4698128353043505, 0.697934074851641, 0.11401919133455096], "k_pid_alt": [1.7286757789009397, 0.0, 0.5100217929712108], "k_pid_att": [43.948176657889235, 3.7802132718527557, 0.9274604585040267], "k_pid_yaw": [0.5, 1e-06, 0.1], "k_pid_hsp": [1.0, 0.01, 0.01], "k_pid_vsp": [111.20884264032553, 93.09285943774285, 1.0]}, "datetime": {"datetime": "2025-08-20 17:00:31", "elapsed": 18485.904966831207, "delta": 19.38795232772827}, "costs": {"total_cost": 223.4573458446376, "time_cost": 85.248, "final_distance_cost": 1.7260010126438072, "oscillation_cost": 51.527418740631056, "completition_cost": 0.0, "overshoot_cost": 54.470988668450886, "power_cost": 16.366894372558594, "noise_cost": 14.118043050353256, "n_waypoints_completed": 9, "tot_waypoints": 9}}
{"target": -237.32346190474007, "params": {"k_pid_pos": [1.4698128353043505, 0.024859491386256316, 0.11401919133455096], "k_pid_alt": [1.2679502233621702, 0.16989289907805827, 0.1], "k_pid_att": [43.948176657889235, 2.7854752863535532, 0.9274604585040267], "k_pid_yaw": [0.5, 1e-06, 0.1], "k_pid_hsp": [1.0, 0.790428919704766, 0.01], "k_pid_vsp": [111.20884264032553, 102.7157397860675, 1.0]}, "datetime": {"datetime": "2025-08-20 17:00:49", "elapsed": 18504.23839712143, "delta": 18.333430290222168}, "costs": {"total_cost": 237.32346190474007, "time_cost": 82.488, "final_distance_cost": 1.7401411772355586, "oscillation_cost": 73.20676692303485, "completition_cost": 0.0, "overshoot_cost": 51.91558871205024, "power_cost": 15.021216833496094, "noise_cost": 12.95174825892335, "n_waypoints_completed": 9, "tot_waypoints": 9}}
{"target": -207.69613714652724, "params": {"k_pid_pos": [1.4698128353043505, 0.024859491386256316, 0.11401919133455096], "k_pid_alt": [1.2679502233621702, 0.0, 0.1], "k_pid_att": [43.948176657889235, 3.7802132718527557, 0.9198411261756897], "k_pid_yaw": [0.5, 1e-06, 0.1], "k_pid_hsp": [1.0, 0.8689889919788425, 0.01], "k_pid_vsp": [111.20884264032553, 93.09285943774285, 1.0]}, "datetime": {"datetime": "2025-08-20 17:01:05", "elapsed": 18519.55587053299, "delta": 15.317473411560059}, "costs": {"total_cost": 207.69613714652724, "time_cost": 69.712, "final_distance_cost": 1.7880708955867886, "oscillation_cost": 60.07557790165562, "completition_cost": 0.0, "overshoot_cost": 51.230322791175794, "power_cost": 13.116128723144532, "noise_cost": 11.774036834964475, "n_waypoints_completed": 9, "tot_waypoints": 9}}
{"target": -601.4668198279666, "params": {"k_pid_pos": [1.4698128353043505, 0.5036219658208284, 0.11401919133455096], "k_pid_alt": [0.8744704392108862, 0.0, 0.1], "k_pid_att": [43.948176657889235, 7.854188694186073, 0.9274604585040267], "k_pid_yaw": [0.5, 1e-06, 0.1], "k_pid_hsp": [1.0, 0.01, 0.9639147656713813], "k_pid_vsp": [284.5460512203246, 93.09285943774285, 1.0]}, "datetime": {"datetime": "2025-08-20 17:01:28", "elapsed": 18542.82426214218, "delta": 23.268391609191895}, "costs": {"total_cost": 601.4668198279666, "time_cost": 150, "final_distance_cost": 63.61344279918625, "oscillation_cost": 161.22290869536658, "completition_cost": 111.11111111111116, "overshoot_cost": 78.13038516425692, "power_cost": 20.894839160156252, "noise_cost": 16.494132897889386, "n_waypoints_completed": 8, "tot_waypoints": 9}}
{"target": -187.11309810386425, "params": {"k_pid_pos": [1.4698128353043505, 0.024859491386256316, 0.11401919133455096], "k_pid_alt": [1.2679502233621702, 0.0, 0.1], "k_pid_att": [43.948176657889235, 9.361900037196328, 0.9274604585040267], "k_pid_yaw": [0.5, 1e-06, 0.1], "k_pid_hsp": [5.429082181916803, 0.01, 0.01], "k_pid_vsp": [111.20884264032553, 93.09285943774285, 1.0]}, "datetime": {"datetime": "2025-08-20 17:01:43", "elapsed": 18557.991004228592, "delta": 15.166742086410522}, "costs": {"total_cost": 187.11309810386425, "time_cost": 68.76, "final_distance_cost": 1.8188974876825637, "oscillation_cost": 44.14317917193115, "completition_cost": 0.0, "overshoot_cost": 50.093690351002465, "power_cost": 11.360528503417969, "noise_cost": 10.936802589830076, "n_waypoints_completed": 9, "tot_waypoints": 9}}
{"target": -193.61866596215418, "params": {"k_pid_pos": [1.3900759998601437, 0.024859491386256316, 0.028311350137035673], "k_pid_alt": [1.2679502233621702, 0.0, 0.1], "k_pid_att": [43.948176657889235, 6.288329032858508, 0.9274604585040267], "k_pid_yaw": [0.5, 1e-06, 0.1], "k_pid_hsp": [9.890472764092106, 0.01, 0.01], "k_pid_vsp": [376.5747392387296, 93.09285943774285, 1.0]}, "datetime": {"datetime": "2025-08-20 17:01:59", "elapsed": 18573.826459407806, "delta": 15.835455179214478}, "costs": {"total_cost": 193.61866596215418, "time_cost": 69.2, "final_distance_cost": 1.8091441433948303, "oscillation_cost": 48.69265047610927, "completition_cost": 0.0, "overshoot_cost": 50.35236024951656, "power_cost": 12.240841162109376, "noise_cost": 11.323669931024154, "n_waypoints_completed": 9, "tot_waypoints": 9}}
{"target": -180.4586778981898, "params": {"k_pid_pos": [1.4698128353043505, 0.024859491386256316, 0.11401919133455096], "k_pid_alt": [1.2679502233621702, 0.0, 0.1], "k_pid_att": [43.948176657889235, 3.7802132718527557, 0.9274604585040267], "k_pid_yaw": [0.5, 1e-06, 0.1], "k_pid_hsp": [1.0, 0.01, 0.01], "k_pid_vsp": [111.20884264032553, 102.7157397860675, 1.0]}, "datetime": {"datetime": "2025-08-20 17:02:14", "elapsed": 18588.992707014084, "delta": 15.166247606277466}, "costs": {"total_cost": 180.4586778981898, "time_cost": 68.456, "final_distance_cost": 1.8018656610788988, "oscillation_cost": 36.88102645014415, "completition_cost": 0.0, "overshoot_cost": 49.96291084832555, "power_cost": 12.191933203125, "noise_cost": 11.164941735516203, "n_waypoints_completed": 9, "tot_waypoints": 9}}
