{"target": -690.8735599474464, "params": {"k_pid_pos": [1.4698128353043505, 0.0822904257601288, 0.3434561031905483], "k_pid_alt": [0.6042773843041942, 0.0, 0.1], "k_pid_att": [43.948176657889235, 1.326856224425946, 0.9808211468183533], "k_pid_yaw": [0.5, 1e-06, 0.1], "k_pid_hsp": [2.82373402557605, 0.01, 0.01], "k_pid_vsp": [111.20884264032553, 102.7157397860675, 128.62458592331774]}, "datetime": {"datetime": "2025-08-20 23:33:31", "elapsed": 42065.98905110359, "delta": 21.7795307636261}, "costs": {"total_cost": 690.8735599474464, "time_cost": 150, "final_distance_cost": 64.67580771988246, "oscillation_cost": 56.16425729794741, "completition_cost": 333.33333333333337, "overshoot_cost": 58.7244928772323, "power_cost": 15.624125976562501, "noise_cost": 12.35154274248843, "n_waypoints_completed": 6, "tot_waypoints": 9}}
{"target": -183.59649004565702, "params": {"k_pid_pos": [1.4698128353043505, 0.0822904257601288, 0.4835379607307613], "k_pid_alt": [1.2679502233621702, 0.0, 0.1], "k_pid_att": [43.948176657889235, 7.469019292422298, 0.5155183737788994], "k_pid_yaw": [0.5, 1e-06, 0.1], "k_pid_hsp": [2.82373402557605, 0.01, 0.01], "k_pid_vsp": [111.20884264032553, 102.7157397860675, 1.0]}, "datetime": {"datetime": "2025-08-20 23:33:48", "elapsed": 42083.143528461456, "delta": 17.15447735786438}, "costs": {"total_cost": 183.59649004565702, "time_cost": 69.624, "final_distance_cost": 1.8337945655897774, "oscillation_cost": 38.902568570587015, "completition_cost": 0.0, "overshoot_cost": 50.11434914072561, "power_cost": 11.788814416503907, "noise_cost": 11.332963352250703, "n_waypoints_completed": 9, "tot_waypoints": 9}}
{"target": -388.30590209117094, "params": {"k_pid_pos": [1.4698128353043505, 0.0822904257601288, 0.4830197345132503], "k_pid_alt": [1.2679502233621702, 0.0, 0.1], "k_pid_att": [43.948176657889235, 1.326856224425946, 0.9808211468183533], "k_pid_yaw": [0.5, 1e-06, 0.1], "k_pid_hsp": [2.82373402557605, 0.01, 0.7315089038554331], "k_pid_vsp": [111.20884264032553, 102.7157397860675, 1.0]}, "datetime": {"datetime": "2025-08-20 23:34:08", "elapsed": 42102.913323163986, "delta": 19.769794702529907}, "costs": {"total_cost": 388.30590209117094, "time_cost": 88.464, "final_distance_cost": 1.7348274453103432, "oscillation_cost": 209.56783006910618, "completition_cost": 0.0, "overshoot_cost": 55.68530552594706, "power_cost": 17.641573388671876, "noise_cost": 15.21236566213551, "n_waypoints_completed": 9, "tot_waypoints": 9}}
{"target": -177.60937995499717, "params": {"k_pid_pos": [1.4698128353043505, 0.0822904257601288, 0.3434561031905483], "k_pid_alt": [1.2679502233621702, 0.0, 0.1], "k_pid_att": [43.948176657889235, 1.326856224425946, 0.9808211468183533], "k_pid_yaw": [0.5, 1e-06, 0.1], "k_pid_hsp": [2.82373402557605, 0.01, 0.01], "k_pid_vsp": [111.20884264032553, 102.7157397860675, 1.0]}, "datetime": {"datetime": "2025-08-20 23:34:25", "elapsed": 42120.21017432213, "delta": 17.29685115814209}, "costs": {"total_cost": 177.60937995499717, "time_cost": 69.168, "final_distance_cost": 1.8236531971998164, "oscillation_cost": 34.65964045638309, "completition_cost": 0.0, "overshoot_cost": 49.90985172465229, "power_cost": 11.13902373046875, "noise_cost": 10.909210846293195, "n_waypoints_completed": 9, "tot_waypoints": 9}}
{"target": -188.0478300069131, "params": {"k_pid_pos": [1.4698128353043505, 0.0822904257601288, 0.3434561031905483], "k_pid_alt": [1.2679502233621702, 0.0, 0.1], "k_pid_att": [43.948176657889235, 1.326856224425946, 0.19296118053633138], "k_pid_yaw": [0.5, 1e-06, 0.1], "k_pid_hsp": [1.7984621959695095, 0.40551902945836993, 0.01], "k_pid_vsp": [218.5283772298115, 102.7157397860675, 1.0]}, "datetime": {"datetime": "2025-08-20 23:34:41", "elapsed": 42136.22002863884, "delta": 16.009854316711426}, "costs": {"total_cost": 188.0478300069131, "time_cost": 68.984, "final_distance_cost": 1.809925684935237, "oscillation_cost": 45.310177599349295, "completition_cost": 0.0, "overshoot_cost": 49.5327733473408, "power_cost": 11.4499958984375, "noise_cost": 10.960957476850306, "n_waypoints_completed": 9, "tot_waypoints": 9}}
{"target": -181.50995484524242, "params": {"k_pid_pos": [1.4698128353043505, 0.0822904257601288, 0.3434561031905483], "k_pid_alt": [1.2679502233621702, 0.0, 0.1], "k_pid_att": [75.15138048628117, 1.326856224425946, 0.9808211468183533], "k_pid_yaw": [0.5, 1e-06, 0.1], "k_pid_hsp": [2.82373402557605, 0.01, 0.01], "k_pid_vsp": [111.20884264032553, 102.7157397860675, 1.0]}, "datetime": {"datetime": "2025-08-20 23:34:56", "elapsed": 42151.24089765549, "delta": 15.020869016647339}, "costs": {"total_cost": 181.50995484524242, "time_cost": 69.36, "final_distance_cost": 1.808115863827637, "oscillation_cost": 37.57982467175227, "completition_cost": 0.0, "overshoot_cost": 49.93852021812387, "power_cost": 11.627558349609375, "noise_cost": 11.195935741929247, "n_waypoints_completed": 9, "tot_waypoints": 9}}
{"target": -180.6020897299272, "params": {"k_pid_pos": [1.4698128353043505, 0.0822904257601288, 0.3434561031905483], "k_pid_alt": [1.2679502233621702, 0.0, 0.1], "k_pid_att": [43.948176657889235, 6.396458713192924, 0.5155183737788994], "k_pid_yaw": [0.5, 1e-06, 0.1], "k_pid_hsp": [2.82373402557605, 0.01, 0.01], "k_pid_vsp": [113.59687716636438, 102.7157397860675, 1.0]}, "datetime": {"datetime": "2025-08-20 23:35:13", "elapsed": 42168.47407889366, "delta": 17.23318123817444}, "costs": {"total_cost": 180.6020897299272, "time_cost": 69.2, "final_distance_cost": 1.8106399950452043, "oscillation_cost": 37.21016554420273, "completition_cost": 0.0, "overshoot_cost": 50.17961013163198, "power_cost": 11.191396850585939, "noise_cost": 11.010277208461327, "n_waypoints_completed": 9, "tot_waypoints": 9}}
{"target": -202.99579275941392, "params": {"k_pid_pos": [1.4698128353043505, 0.0822904257601288, 0.11838016897587333], "k_pid_alt": [1.982159599922034, 0.5102334997148489, 0.8325386616406555], "k_pid_att": [32.5006215253743, 1.326856224425946, 0.9808211468183533], "k_pid_yaw": [0.5, 1e-06, 0.1], "k_pid_hsp": [2.82373402557605, 0.8009836977913036, 0.01], "k_pid_vsp": [111.20884264032553, 102.7157397860675, 1.0]}, "datetime": {"datetime": "2025-08-20 23:35:30", "elapsed": 42184.85356402397, "delta": 16.37948513031006}, "costs": {"total_cost": 202.99579275941392, "time_cost": 77.144, "final_distance_cost": 1.7978074823873378, "oscillation_cost": 48.575211592727186, "completition_cost": 0.0, "overshoot_cost": 50.892461453269505, "power_cost": 12.825655126953126, "noise_cost": 11.760657104076717, "n_waypoints_completed": 9, "tot_waypoints": 9}}
{"target": -192.1956386875505, "params": {"k_pid_pos": [1.4698128353043505, 0.0822904257601288, 0.4027828974344817], "k_pid_alt": [1.2679502233621702, 0.0, 0.1], "k_pid_att": [43.948176657889235, 1.326856224425946, 0.9808211468183533], "k_pid_yaw": [0.5, 1e-06, 0.1], "k_pid_hsp": [2.82373402557605, 0.01, 0.01], "k_pid_vsp": [111.20884264032553, 102.7157397860675, 54.43514165739916]}, "datetime": {"datetime": "2025-08-20 23:35:48", "elapsed": 42203.031242609024, "delta": 18.17767858505249}, "costs": {"total_cost": 192.1956386875505, "time_cost": 68.4, "final_distance_cost": 1.8398138708052567, "oscillation_cost": 47.308168013019234, "completition_cost": 0.0, "overshoot_cost": 50.09182687508102, "power_cost": 13.823324475097657, "noise_cost": 10.732505453547368, "n_waypoints_completed": 9, "tot_waypoints": 9}}
{"target": -350.6572723154363, "params": {"k_pid_pos": [1.4698128353043505, 0.0822904257601288, 0.3434561031905483], "k_pid_alt": [1.2679502233621702, 0.2632502364635927, 0.1], "k_pid_att": [43.948176657889235, 1.326856224425946, 0.9808211468183533], "k_pid_yaw": [0.5, 1e-06, 0.1], "k_pid_hsp": [2.82373402557605, 0.01, 0.43998027066252177], "k_pid_vsp": [111.20884264032553, 102.7157397860675, 1.0]}, "datetime": {"datetime": "2025-08-20 23:36:09", "elapsed": 42223.82397055626, "delta": 20.792727947235107}, "costs": {"total_cost": 350.6572723154363, "time_cost": 83.36, "final_distance_cost": 1.7491353869502928, "oscillation_cost": 181.98657446712866, "completition_cost": 0.0, "overshoot_cost": 52.70903353100941, "power_cost": 16.846514794921877, "noise_cost": 14.006014135426028, "n_waypoints_completed": 9, "tot_waypoints": 9}}
{"target": -1026.937383023139, "params": {"k_pid_pos": [1.4698128353043505, 0.0822904257601288, 0.3434561031905483], "k_pid_alt": [1.2679502233621702, 0.0, 0.1], "k_pid_att": [43.948176657889235, 1.326856224425946, 0.9808211468183533], "k_pid_yaw": [0.5, 1e-06, 0.1], "k_pid_hsp": [2.82373402557605, 0.01, 0.01], "k_pid_vsp": [111.20884264032553, 102.7157397860675, 338.58365467449164]}, "datetime": {"datetime": "2025-08-20 23:36:31", "elapsed": 42246.10539102554, "delta": 22.281420469284058}, "costs": {"total_cost": 1026.937383023139, "time_cost": 150, "final_distance_cost": 69.98199761881772, "oscillation_cost": 41.2874534540457, "completition_cost": 666.6666666666667, "overshoot_cost": 64.69436063312811, "power_cost": 16.585485656738282, "noise_cost": 17.721418993742606, "n_waypoints_completed": 3, "tot_waypoints": 9}}
{"target": -196.05756653366007, "params": {"k_pid_pos": [1.4698128353043505, 0.0822904257601288, 0.11838016897587333], "k_pid_alt": [1.2679502233621702, 0.0, 0.1], "k_pid_att": [43.948176657889235, 1.326856224425946, 0.9808211468183533], "k_pid_yaw": [0.5, 1e-06, 0.1], "k_pid_hsp": [2.82373402557605, 0.01, 0.01], "k_pid_vsp": [111.20884264032553, 102.7157397860675, 68.97361887219161]}, "datetime": {"datetime": "2025-08-20 23:36:49", "elapsed": 42264.21355962753, "delta": 18.108168601989746}, "costs": {"total_cost": 196.05756653366007, "time_cost": 71.21600000000001, "final_distance_cost": 1.7832324644197046, "oscillation_cost": 51.07732072980254, "completition_cost": 0.0, "overshoot_cost": 52.01780342763468, "power_cost": 10.702050268554688, "noise_cost": 9.261159643248433, "n_waypoints_completed": 9, "tot_waypoints": 9}}
{"target": -216.9598053323335, "params": {"k_pid_pos": [1.4698128353043505, 0.0822904257601288, 0.3434561031905483], "k_pid_alt": [1.2679502233621702, 0.07215668147210919, 0.8325386616406555], "k_pid_att": [32.5006215253743, 1.326856224425946, 0.9808211468183533], "k_pid_yaw": [0.5, 1e-06, 0.1], "k_pid_hsp": [2.82373402557605, 0.5024897330046606, 0.01], "k_pid_vsp": [349.886712726164, 102.7157397860675, 1.0]}, "datetime": {"datetime": "2025-08-20 23:37:08", "elapsed": 42283.138617277145, "delta": 18.925057649612427}, "costs": {"total_cost": 216.9598053323335, "time_cost": 87.272, "final_distance_cost": 1.8366496557879015, "oscillation_cost": 50.22221837993404, "completition_cost": 0.0, "overshoot_cost": 50.224321565651366, "power_cost": 14.091476232910157, "noise_cost": 13.313139498050019, "n_waypoints_completed": 9, "tot_waypoints": 9}}
{"target": -182.8236454343427, "params": {"k_pid_pos": [1.4698128353043505, 0.0822904257601288, 0.3434561031905483], "k_pid_alt": [1.2679502233621702, 0.0, 0.1], "k_pid_att": [62.60126470756639, 7.469019292422298, 0.5155183737788994], "k_pid_yaw": [0.5, 1e-06, 0.1], "k_pid_hsp": [2.82373402557605, 0.01, 0.01], "k_pid_vsp": [111.20884264032553, 102.7157397860675, 1.0]}, "datetime": {"datetime": "2025-08-20 23:37:25", "elapsed": 42300.46988368034, "delta": 17.331266403198242}, "costs": {"total_cost": 182.8236454343427, "time_cost": 69.312, "final_distance_cost": 1.825795063005034, "oscillation_cost": 38.17096220432902, "completition_cost": 0.0, "overshoot_cost": 50.57498412937479, "power_cost": 11.782993884277344, "noise_cost": 11.156910153356511, "n_waypoints_completed": 9, "tot_waypoints": 9}}
{"target": -190.3611966940749, "params": {"k_pid_pos": [1.5060930290279821, 0.32259099847226924, 0.4590198317865567], "k_pid_alt": [0.8253384436805415, 0.0, 0.1], "k_pid_att": [37.04063367721899, 1.2169696906303682, 0.9808211468183533], "k_pid_yaw": [0.5, 1e-06, 0.1], "k_pid_hsp": [2.82373402557605, 0.01, 0.01], "k_pid_vsp": [111.20884264032553, 102.7157397860675, 1.0]}, "datetime": {"datetime": "2025-08-20 23:37:42", "elapsed": 42316.60694551468, "delta": 16.137061834335327}, "costs": {"total_cost": 190.3611966940749, "time_cost": 75.4, "final_distance_cost": 1.8067125712404515, "oscillation_cost": 38.324240946907615, "completition_cost": 0.0, "overshoot_cost": 50.97688268079217, "power_cost": 12.148430090332031, "noise_cost": 11.704930404802617, "n_waypoints_completed": 9, "tot_waypoints": 9}}
{"target": -313.43673536539285, "params": {"k_pid_pos": [1.7028829565081762, 0.7856278134607477, 0.3434561031905483], "k_pid_alt": [1.2679502233621702, 0.0, 0.1], "k_pid_att": [43.948176657889235, 1.326856224425946, 0.9808211468183533], "k_pid_yaw": [0.5, 1e-06, 0.1], "k_pid_hsp": [2.82373402557605, 0.40551902945836993, 0.6386346670237922], "k_pid_vsp": [218.5283772298115, 54.27732187845738, 1.0]}, "datetime": {"datetime": "2025-08-20 23:38:03", "elapsed": 42338.049637556076, "delta": 21.442692041397095}, "costs": {"total_cost": 313.43673536539285, "time_cost": 84.432, "final_distance_cost": 1.704590298095194, "oscillation_cost": 136.22877917212276, "completition_cost": 0.0, "overshoot_cost": 58.65022478940546, "power_cost": 17.239942333984377, "noise_cost": 15.181198771785022, "n_waypoints_completed": 9, "tot_waypoints": 9}}
{"target": -177.60937995499717, "params": {"k_pid_pos": [1.4698128353043505, 0.0822904257601288, 0.3434561031905483], "k_pid_alt": [1.2679502233621702, 0.0, 0.1], "k_pid_att": [43.948176657889235, 1.326856224425946, 0.9808211468183533], "k_pid_yaw": [0.5, 1e-06, 0.1], "k_pid_hsp": [2.82373402557605, 0.01, 0.01], "k_pid_vsp": [111.20884264032553, 102.7157397860675, 1.0]}, "datetime": {"datetime": "2025-08-20 23:38:18", "elapsed": 42352.71617436409, "delta": 14.666536808013916}, "costs": {"total_cost": 177.60937995499717, "time_cost": 69.168, "final_distance_cost": 1.8236531971998164, "oscillation_cost": 34.65964045638309, "completition_cost": 0.0, "overshoot_cost": 49.90985172465229, "power_cost": 11.13902373046875, "noise_cost": 10.909210846293195, "n_waypoints_completed": 9, "tot_waypoints": 9}}
{"target": -424.2995954863458, "params": {"k_pid_pos": [1.4698128353043505, 0.5894715218015206, 0.3434561031905483], "k_pid_alt": [1.2191228708553223, 0.8872275296400584, 0.1], "k_pid_att": [43.948176657889235, 1.326856224425946, 0.9808211468183533], "k_pid_yaw": [0.5, 1e-06, 0.1], "k_pid_hsp": [6.214033029084209, 0.01, 0.01], "k_pid_vsp": [111.20884264032553, 102.7157397860675, 1.0]}, "datetime": {"datetime": "2025-08-20 23:38:42", "elapsed": 42377.21732401848, "delta": 24.501149654388428}, "costs": {"total_cost": 424.2995954863458, "time_cost": 150, "final_distance_cost": 9.017184755304603, "oscillation_cost": 64.48714100699391, "completition_cost": 111.11111111111116, "overshoot_cost": 56.889094604192906, "power_cost": 17.055139843750002, "noise_cost": 15.739924164993221, "n_waypoints_completed": 8, "tot_waypoints": 9}}
{"target": -186.61386302772854, "params": {"k_pid_pos": [1.4698128353043505, 0.0822904257601288, 0.11838016897587333], "k_pid_alt": [1.982159599922034, 0.0, 0.8325386616406555], "k_pid_att": [58.93513073376321, 1.326856224425946, 0.9808211468183533], "k_pid_yaw": [0.5, 1e-06, 0.1], "k_pid_hsp": [2.82373402557605, 0.8009836977913036, 0.01], "k_pid_vsp": [111.20884264032553, 102.7157397860675, 1.0]}, "datetime": {"datetime": "2025-08-20 23:38:57", "elapsed": 42391.79754495621, "delta": 14.580220937728882}, "costs": {"total_cost": 186.61386302772854, "time_cost": 68.84, "final_distance_cost": 1.800018918429788, "oscillation_cost": 44.12564337793605, "completition_cost": 0.0, "overshoot_cost": 49.43769754505914, "power_cost": 11.566381811523438, "noise_cost": 10.844121374780151, "n_waypoints_completed": 9, "tot_waypoints": 9}}
{"target": -179.76718516602983, "params": {"k_pid_pos": [1.4698128353043505, 0.0822904257601288, 0.3434561031905483], "k_pid_alt": [1.2679502233621702, 0.0, 0.1], "k_pid_att": [43.948176657889235, 1.326856224425946, 0.7023744374493458], "k_pid_yaw": [0.5, 1e-06, 0.1], "k_pid_hsp": [1.3066227922266478, 0.01, 0.01], "k_pid_vsp": [111.20884264032553, 102.7157397860675, 1.0]}, "datetime": {"datetime": "2025-08-20 23:39:14", "elapsed": 42408.836664676666, "delta": 17.039119720458984}, "costs": {"total_cost": 179.76718516602983, "time_cost": 69.112, "final_distance_cost": 1.8171536275783324, "oscillation_cost": 35.34005656767731, "completition_cost": 0.0, "overshoot_cost": 49.76435183294525, "power_cost": 12.410428247070312, "noise_cost": 11.323194890758632, "n_waypoints_completed": 9, "tot_waypoints": 9}}
{"target": -199.0051796954152, "params": {"k_pid_pos": [1.4698128353043505, 0.0822904257601288, 0.3434561031905483], "k_pid_alt": [1.2679502233621702, 0.4768681997787383, 0.511212974238124], "k_pid_att": [43.948176657889235, 1.326856224425946, 0.9808211468183533], "k_pid_yaw": [0.5, 1e-06, 0.1], "k_pid_hsp": [2.82373402557605, 0.01, 0.01], "k_pid_vsp": [111.20884264032553, 102.7157397860675, 1.0]}, "datetime": {"datetime": "2025-08-20 23:39:31", "elapsed": 42426.32007789612, "delta": 17.483413219451904}, "costs": {"total_cost": 199.0051796954152, "time_cost": 76.512, "final_distance_cost": 1.7642138057909056, "oscillation_cost": 46.38476962881618, "completition_cost": 0.0, "overshoot_cost": 50.60825021812671, "power_cost": 12.307099060058594, "noise_cost": 11.428846982622787, "n_waypoints_completed": 9, "tot_waypoints": 9}}
{"target": -187.88308184755695, "params": {"k_pid_pos": [1.4698128353043505, 0.07739255916577548, 0.4590198317865567], "k_pid_alt": [0.8253384436805415, 0.0, 0.37440528118402683], "k_pid_att": [9.353998950407705, 1.2169696906303682, 0.9808211468183533], "k_pid_yaw": [0.5, 1e-06, 0.1], "k_pid_hsp": [2.82373402557605, 0.01, 0.01], "k_pid_vsp": [111.20884264032553, 102.7157397860675, 1.0]}, "datetime": {"datetime": "2025-08-20 23:39:47", "elapsed": 42441.906375169754, "delta": 15.586297273635864}, "costs": {"total_cost": 187.88308184755695, "time_cost": 73.176, "final_distance_cost": 1.833260930960429, "oscillation_cost": 38.62059126653508, "completition_cost": 0.0, "overshoot_cost": 50.223508791461704, "power_cost": 12.57758896484375, "noise_cost": 11.452131893755961, "n_waypoints_completed": 9, "tot_waypoints": 9}}
{"target": -222.66019640250855, "params": {"k_pid_pos": [1.4698128353043505, 0.0822904257601288, 0.3434561031905483], "k_pid_alt": [1.2679502233621702, 0.0, 0.9783750766120805], "k_pid_att": [43.948176657889235, 1.326856224425946, 0.8603915435096204], "k_pid_yaw": [0.5, 1e-06, 0.1], "k_pid_hsp": [9.060128335506862, 0.01, 0.01], "k_pid_vsp": [111.20884264032553, 102.7157397860675, 1.0]}, "datetime": {"datetime": "2025-08-20 23:40:05", "elapsed": 42460.0191693306, "delta": 18.112794160842896}, "costs": {"total_cost": 222.66019640250855, "time_cost": 72.496, "final_distance_cost": 1.8192793079877345, "oscillation_cost": 74.24322248798795, "completition_cost": 0.0, "overshoot_cost": 49.76231444489671, "power_cost": 12.672886987304688, "noise_cost": 11.666493174331483, "n_waypoints_completed": 9, "tot_waypoints": 9}}
{"target": -183.0115135192764, "params": {"k_pid_pos": [1.4698128353043505, 0.0822904257601288, 0.3434561031905483], "k_pid_alt": [1.2679502233621702, 0.0, 0.1], "k_pid_att": [43.948176657889235, 1.326856224425946, 0.9808211468183533], "k_pid_yaw": [0.5, 1e-06, 0.1], "k_pid_hsp": [1.3066227922266478, 0.01, 0.01], "k_pid_vsp": [376.4279218662118, 102.7157397860675, 1.0]}, "datetime": {"datetime": "2025-08-20 23:40:20", "elapsed": 42474.868892908096, "delta": 14.84972357749939}, "costs": {"total_cost": 183.0115135192764, "time_cost": 69.44, "final_distance_cost": 1.804021872209163, "oscillation_cost": 37.15202939833679, "completition_cost": 0.0, "overshoot_cost": 50.55667922162346, "power_cost": 12.522616040039063, "noise_cost": 11.536166987067922, "n_waypoints_completed": 9, "tot_waypoints": 9}}
{"target": -177.60937995499717, "params": {"k_pid_pos": [1.4698128353043505, 0.0822904257601288, 0.3434561031905483], "k_pid_alt": [1.2679502233621702, 0.0, 0.1], "k_pid_att": [43.948176657889235, 1.326856224425946, 0.9808211468183533], "k_pid_yaw": [0.5, 1e-06, 0.1], "k_pid_hsp": [2.82373402557605, 0.01, 0.01], "k_pid_vsp": [111.20884264032553, 102.7157397860675, 1.0]}, "datetime": {"datetime": "2025-08-20 23:40:37", "elapsed": 42492.1983833313, "delta": 17.329490423202515}, "costs": {"total_cost": 177.60937995499717, "time_cost": 69.168, "final_distance_cost": 1.8236531971998164, "oscillation_cost": 34.65964045638309, "completition_cost": 0.0, "overshoot_cost": 49.90985172465229, "power_cost": 11.13902373046875, "noise_cost": 10.909210846293195, "n_waypoints_completed": 9, "tot_waypoints": 9}}
{"target": -177.60937995499717, "params": {"k_pid_pos": [1.4698128353043505, 0.0822904257601288, 0.3434561031905483], "k_pid_alt": [1.2679502233621702, 0.0, 0.1], "k_pid_att": [43.948176657889235, 1.326856224425946, 0.9808211468183533], "k_pid_yaw": [0.5, 1e-06, 0.1], "k_pid_hsp": [2.82373402557605, 0.01, 0.01], "k_pid_vsp": [111.20884264032553, 102.7157397860675, 1.0]}, "datetime": {"datetime": "2025-08-20 23:40:53", "elapsed": 42507.95811653137, "delta": 15.759733200073242}, "costs": {"total_cost": 177.60937995499717, "time_cost": 69.168, "final_distance_cost": 1.8236531971998164, "oscillation_cost": 34.65964045638309, "completition_cost": 0.0, "overshoot_cost": 49.90985172465229, "power_cost": 11.13902373046875, "noise_cost": 10.909210846293195, "n_waypoints_completed": 9, "tot_waypoints": 9}}
