{"target": -230.7461749695472, "params": {"k_pid_pos": [1.4698128353043505, 0.024859491386256316, 0.3434561031905483], "k_pid_alt": [1.2679502233621702, 0.0, 0.04865678698342779], "k_pid_att": [34.38754054706076, 2.8711836120640575, 0.9808211468183533], "k_pid_yaw": [0.5, 1e-06, 0.1], "k_pid_hsp": [8.985399159737238, 0.01, 0.01], "k_pid_vsp": [111.20884264032553, 102.7157397860675, 1.0]}, "datetime": {"datetime": "2025-08-20 22:15:55", "elapsed": 37409.66581368446, "delta": 16.663806438446045}, "costs": {"total_cost": 230.7461749695472, "time_cost": 68.92, "final_distance_cost": 1.8264562334105272, "oscillation_cost": 86.80532832565783, "completition_cost": 0.0, "overshoot_cost": 49.71402321400232, "power_cost": 12.047690014648438, "noise_cost": 11.432677181828119, "n_waypoints_completed": 9, "tot_waypoints": 9}}
{"target": -361.58211084033735, "params": {"k_pid_pos": [1.4698128353043505, 0.0822904257601288, 0.3434561031905483], "k_pid_alt": [1.2679502233621702, 0.9096070218175075, 0.1], "k_pid_att": [43.948176657889235, 1.326856224425946, 0.9808211468183533], "k_pid_yaw": [0.5, 1e-06, 0.1], "k_pid_hsp": [2.82373402557605, 0.01, 0.45873563564133535], "k_pid_vsp": [111.20884264032553, 102.7157397860675, 1.0]}, "datetime": {"datetime": "2025-08-20 22:16:15", "elapsed": 37429.5890417099, "delta": 19.9232280254364}, "costs": {"total_cost": 361.58211084033735, "time_cost": 86.416, "final_distance_cost": 1.7841733742014632, "oscillation_cost": 187.77887367071446, "completition_cost": 0.0, "overshoot_cost": 55.16345215417675, "power_cost": 16.622083935546875, "noise_cost": 13.817527705697813, "n_waypoints_completed": 9, "tot_waypoints": 9}}
{"target": -210.7307229114913, "params": {"k_pid_pos": [1.4698128353043505, 0.0822904257601288, 0.9256714136513439], "k_pid_alt": [1.5948082478141707, 0.0, 0.3546702372922743], "k_pid_att": [43.948176657889235, 2.6268748066440946, 0.9274604585040267], "k_pid_yaw": [0.5, 1e-06, 0.1], "k_pid_hsp": [0.9256711796227903, 0.30091508283602064, 0.01], "k_pid_vsp": [343.8859856159743, 102.7157397860675, 143.51489313312365]}, "datetime": {"datetime": "2025-08-20 22:16:32", "elapsed": 37447.37853050232, "delta": 17.789488792419434}, "costs": {"total_cost": 210.7307229114913, "time_cost": 78.912, "final_distance_cost": 1.8440320014593437, "oscillation_cost": 51.2979348285259, "completition_cost": 0.0, "overshoot_cost": 53.37325162815487, "power_cost": 13.40228631591797, "noise_cost": 11.901218137433244, "n_waypoints_completed": 9, "tot_waypoints": 9}}
{"target": -598.3558156605178, "params": {"k_pid_pos": [1.4698128353043505, 0.0822904257601288, 0.3434561031905483], "k_pid_alt": [1.711661255621207, 0.0, 0.6983455985824785], "k_pid_att": [43.948176657889235, 3.539271160212227, 0.9808211468183533], "k_pid_yaw": [0.5, 1e-06, 0.1], "k_pid_hsp": [2.82373402557605, 0.01, 0.01], "k_pid_vsp": [111.20884264032553, 102.7157397860675, 133.65931667042503]}, "datetime": {"datetime": "2025-08-20 22:16:57", "elapsed": 37472.4639070034, "delta": 25.085376501083374}, "costs": {"total_cost": 598.3558156605178, "time_cost": 150, "final_distance_cost": 72.34638202056213, "oscillation_cost": 58.624773069697426, "completition_cost": 222.2222222222222, "overshoot_cost": 66.4727135799745, "power_cost": 15.851435864257814, "noise_cost": 12.83828890380366, "n_waypoints_completed": 7, "tot_waypoints": 9}}
{"target": -177.81050673414487, "params": {"k_pid_pos": [1.4698128353043505, 0.0822904257601288, 0.3434561031905483], "k_pid_alt": [1.2679502233621702, 0.0, 0.1], "k_pid_att": [43.948176657889235, 1.1105074131954076, 0.9808211468183533], "k_pid_yaw": [0.5, 1e-06, 0.1], "k_pid_hsp": [2.82373402557605, 0.01, 0.01], "k_pid_vsp": [111.20884264032553, 102.7157397860675, 1.0]}, "datetime": {"datetime": "2025-08-20 22:17:13", "elapsed": 37487.89644408226, "delta": 15.432537078857422}, "costs": {"total_cost": 177.81050673414487, "time_cost": 69.184, "final_distance_cost": 1.8214406298247212, "oscillation_cost": 34.64992783577374, "completition_cost": 0.0, "overshoot_cost": 49.962224037868395, "power_cost": 11.207556079101563, "noise_cost": 10.985358151576452, "n_waypoints_completed": 9, "tot_waypoints": 9}}
{"target": -186.95707299029382, "params": {"k_pid_pos": [1.4698128353043505, 0.0822904257601288, 0.3434561031905483], "k_pid_alt": [0.9020104990244227, 0.0, 0.1], "k_pid_att": [97.15749504346589, 1.326856224425946, 0.9808211468183533], "k_pid_yaw": [0.5, 1e-06, 0.1], "k_pid_hsp": [2.82373402557605, 0.01, 0.01], "k_pid_vsp": [111.20884264032553, 102.7157397860675, 1.0]}, "datetime": {"datetime": "2025-08-20 22:17:30", "elapsed": 37505.06992530823, "delta": 17.173481225967407}, "costs": {"total_cost": 186.95707299029382, "time_cost": 70.824, "final_distance_cost": 1.8239923982033026, "oscillation_cost": 40.5078329691321, "completition_cost": 0.0, "overshoot_cost": 50.5061138688691, "power_cost": 11.932799645996095, "noise_cost": 11.362334108093231, "n_waypoints_completed": 9, "tot_waypoints": 9}}
{"target": -178.02126286146733, "params": {"k_pid_pos": [1.4698128353043505, 0.0822904257601288, 0.3434561031905483], "k_pid_alt": [1.2679502233621702, 0.0, 0.1], "k_pid_att": [43.948176657889235, 9.874008014726847, 0.9808211468183533], "k_pid_yaw": [0.5, 1e-06, 0.1], "k_pid_hsp": [2.82373402557605, 0.01, 0.01], "k_pid_vsp": [111.20884264032553, 102.7157397860675, 1.0]}, "datetime": {"datetime": "2025-08-20 22:17:45", "elapsed": 37520.094494342804, "delta": 15.024569034576416}, "costs": {"total_cost": 178.02126286146733, "time_cost": 69.168, "final_distance_cost": 1.808229609441145, "oscillation_cost": 34.83196673947084, "completition_cost": 0.0, "overshoot_cost": 50.02761487145939, "power_cost": 11.160244653320314, "noise_cost": 11.025206987775615, "n_waypoints_completed": 9, "tot_waypoints": 9}}
{"target": -179.77787404508456, "params": {"k_pid_pos": [1.4698128353043505, 0.08976672005448583, 0.3434561031905483], "k_pid_alt": [1.2679502233621702, 0.0, 0.1], "k_pid_att": [18.808039200177152, 1.326856224425946, 0.9808211468183533], "k_pid_yaw": [0.5, 1e-06, 0.1], "k_pid_hsp": [2.82373402557605, 0.01, 0.01], "k_pid_vsp": [111.20884264032553, 102.7157397860675, 1.0]}, "datetime": {"datetime": "2025-08-20 22:18:02", "elapsed": 37537.106492996216, "delta": 17.011998653411865}, "costs": {"total_cost": 179.77787404508456, "time_cost": 69.112, "final_distance_cost": 1.8080686571459654, "oscillation_cost": 36.4220915787684, "completition_cost": 0.0, "overshoot_cost": 49.83304415106177, "power_cost": 11.637903161621095, "noise_cost": 10.964766496487314, "n_waypoints_completed": 9, "tot_waypoints": 9}}
{"target": -195.23649643070223, "params": {"k_pid_pos": [1.4698128353043505, 0.0822904257601288, 0.3434561031905483], "k_pid_alt": [1.2679502233621702, 0.4149186621504757, 0.1], "k_pid_att": [43.948176657889235, 1.326856224425946, 0.9808211468183533], "k_pid_yaw": [0.5, 1e-06, 0.1], "k_pid_hsp": [2.82373402557605, 0.01, 0.01], "k_pid_vsp": [205.46647479918613, 102.7157397860675, 1.0]}, "datetime": {"datetime": "2025-08-20 22:18:18", "elapsed": 37553.45811510086, "delta": 16.351622104644775}, "costs": {"total_cost": 195.23649643070223, "time_cost": 75.736, "final_distance_cost": 1.7350663908769244, "oscillation_cost": 42.98933453311208, "completition_cost": 0.0, "overshoot_cost": 51.37490126424053, "power_cost": 12.080502038574219, "noise_cost": 11.32069220389849, "n_waypoints_completed": 9, "tot_waypoints": 9}}
{"target": -198.45431448258805, "params": {"k_pid_pos": [1.4698128353043505, 0.570190449532882, 0.3434561031905483], "k_pid_alt": [1.7485197016556397, 0.0, 0.8464395625348557], "k_pid_att": [43.948176657889235, 4.819059953965517, 0.6502564009774173], "k_pid_yaw": [0.5, 1e-06, 0.1], "k_pid_hsp": [2.82373402557605, 0.01, 0.01], "k_pid_vsp": [111.20884264032553, 102.7157397860675, 1.0]}, "datetime": {"datetime": "2025-08-20 22:18:38", "elapsed": 37572.59289765358, "delta": 19.134782552719116}, "costs": {"total_cost": 198.45431448258805, "time_cost": 79.84, "final_distance_cost": 1.7802538635717362, "oscillation_cost": 39.205339679980824, "completition_cost": 0.0, "overshoot_cost": 51.79959358072291, "power_cost": 13.453916577148439, "noise_cost": 12.375210781164128, "n_waypoints_completed": 9, "tot_waypoints": 9}}
{"target": -181.87312667820606, "params": {"k_pid_pos": [1.4698128353043505, 0.024859491386256316, 0.3434561031905483], "k_pid_alt": [1.7988026916343176, 0.0, 0.1], "k_pid_att": [43.948176657889235, 1.326856224425946, 0.9808211468183533], "k_pid_yaw": [0.5, 1e-06, 0.1], "k_pid_hsp": [2.82373402557605, 0.01, 0.01], "k_pid_vsp": [111.20884264032553, 291.9899918266388, 1.0]}, "datetime": {"datetime": "2025-08-20 22:18:52", "elapsed": 37587.19529438019, "delta": 14.602396726608276}, "costs": {"total_cost": 181.87312667820606, "time_cost": 68.92, "final_distance_cost": 1.8342154662772283, "oscillation_cost": 38.501831869994184, "completition_cost": 0.0, "overshoot_cost": 49.55568788246628, "power_cost": 11.850408569335938, "noise_cost": 11.210982890132412, "n_waypoints_completed": 9, "tot_waypoints": 9}}
{"target": -189.49946789331742, "params": {"k_pid_pos": [0.897239302812397, 0.0822904257601288, 0.3434561031905483], "k_pid_alt": [1.2679502233621702, 0.0, 0.1], "k_pid_att": [43.948176657889235, 1.326856224425946, 0.9808211468183533], "k_pid_yaw": [0.5, 1e-06, 0.1], "k_pid_hsp": [2.82373402557605, 0.370582372053357, 0.01], "k_pid_vsp": [111.20884264032553, 102.7157397860675, 1.0]}, "datetime": {"datetime": "2025-08-20 22:19:10", "elapsed": 37604.86998605728, "delta": 17.674691677093506}, "costs": {"total_cost": 189.49946789331742, "time_cost": 73.06400000000001, "final_distance_cost": 1.8486928929003703, "oscillation_cost": 39.79301961823878, "completition_cost": 0.0, "overshoot_cost": 50.571066393433874, "power_cost": 12.224583459472656, "noise_cost": 11.998105529271738, "n_waypoints_completed": 9, "tot_waypoints": 9}}
{"target": -185.16578011172163, "params": {"k_pid_pos": [1.4698128353043505, 0.0822904257601288, 0.5271164669865139], "k_pid_alt": [1.7035415647774235, 0.0, 0.5933646034205271], "k_pid_att": [43.948176657889235, 1.326856224425946, 0.9808211468183533], "k_pid_yaw": [0.5, 1e-06, 0.1], "k_pid_hsp": [2.957956300852597, 0.01, 0.01], "k_pid_vsp": [111.20884264032553, 102.7157397860675, 1.0]}, "datetime": {"datetime": "2025-08-20 22:19:25", "elapsed": 37619.675559043884, "delta": 14.805572986602783}, "costs": {"total_cost": 185.16578011172163, "time_cost": 69.952, "final_distance_cost": 1.8366311938950513, "oscillation_cost": 40.754516774846344, "completition_cost": 0.0, "overshoot_cost": 49.589751132999375, "power_cost": 11.676033642578126, "noise_cost": 11.356847367402773, "n_waypoints_completed": 9, "tot_waypoints": 9}}
{"target": -339.24753457397514, "params": {"k_pid_pos": [1.4698128353043505, 0.0822904257601288, 0.3434561031905483], "k_pid_alt": [1.2679502233621702, 0.0, 0.4058833002920509], "k_pid_att": [43.948176657889235, 1.326856224425946, 0.3208883335954925], "k_pid_yaw": [0.5, 1e-06, 0.1], "k_pid_hsp": [2.82373402557605, 0.34972575943615614, 0.6821943249348869], "k_pid_vsp": [111.20884264032553, 102.7157397860675, 1.0]}, "datetime": {"datetime": "2025-08-20 22:19:46", "elapsed": 37640.98034477234, "delta": 21.30478572845459}, "costs": {"total_cost": 339.24753457397514, "time_cost": 87.008, "final_distance_cost": 1.7990575713684975, "oscillation_cost": 162.99840263263417, "completition_cost": 0.0, "overshoot_cost": 54.85187695574099, "power_cost": 17.767513342285156, "noise_cost": 14.82268407194637, "n_waypoints_completed": 9, "tot_waypoints": 9}}
{"target": -177.60937995499717, "params": {"k_pid_pos": [1.4698128353043505, 0.0822904257601288, 0.3434561031905483], "k_pid_alt": [1.2679502233621702, 0.0, 0.1], "k_pid_att": [43.948176657889235, 1.326856224425946, 0.9808211468183533], "k_pid_yaw": [0.5, 1e-06, 0.1], "k_pid_hsp": [2.82373402557605, 0.01, 0.01], "k_pid_vsp": [111.20884264032553, 102.7157397860675, 1.0]}, "datetime": {"datetime": "2025-08-20 22:20:01", "elapsed": 37656.16715359688, "delta": 15.186808824539185}, "costs": {"total_cost": 177.60937995499717, "time_cost": 69.168, "final_distance_cost": 1.8236531971998164, "oscillation_cost": 34.65964045638309, "completition_cost": 0.0, "overshoot_cost": 49.90985172465229, "power_cost": 11.13902373046875, "noise_cost": 10.909210846293195, "n_waypoints_completed": 9, "tot_waypoints": 9}}
{"target": -177.60937995499717, "params": {"k_pid_pos": [1.4698128353043505, 0.0822904257601288, 0.3434561031905483], "k_pid_alt": [1.2679502233621702, 0.0, 0.1], "k_pid_att": [43.948176657889235, 1.326856224425946, 0.9808211468183533], "k_pid_yaw": [0.5, 1e-06, 0.1], "k_pid_hsp": [2.82373402557605, 0.01, 0.01], "k_pid_vsp": [111.20884264032553, 102.7157397860675, 1.0]}, "datetime": {"datetime": "2025-08-20 22:20:18", "elapsed": 37672.505531311035, "delta": 16.338377714157104}, "costs": {"total_cost": 177.60937995499717, "time_cost": 69.168, "final_distance_cost": 1.8236531971998164, "oscillation_cost": 34.65964045638309, "completition_cost": 0.0, "overshoot_cost": 49.90985172465229, "power_cost": 11.13902373046875, "noise_cost": 10.909210846293195, "n_waypoints_completed": 9, "tot_waypoints": 9}}
{"target": -177.60937995499717, "params": {"k_pid_pos": [1.4698128353043505, 0.0822904257601288, 0.3434561031905483], "k_pid_alt": [1.2679502233621702, 0.0, 0.1], "k_pid_att": [43.948176657889235, 1.326856224425946, 0.9808211468183533], "k_pid_yaw": [0.5, 1e-06, 0.1], "k_pid_hsp": [2.82373402557605, 0.01, 0.01], "k_pid_vsp": [111.20884264032553, 102.7157397860675, 1.0]}, "datetime": {"datetime": "2025-08-20 22:20:34", "elapsed": 37688.50768208504, "delta": 16.002150774002075}, "costs": {"total_cost": 177.60937995499717, "time_cost": 69.168, "final_distance_cost": 1.8236531971998164, "oscillation_cost": 34.65964045638309, "completition_cost": 0.0, "overshoot_cost": 49.90985172465229, "power_cost": 11.13902373046875, "noise_cost": 10.909210846293195, "n_waypoints_completed": 9, "tot_waypoints": 9}}
{"target": -181.10124286761393, "params": {"k_pid_pos": [1.4698128353043505, 0.0822904257601288, 0.3434561031905483], "k_pid_alt": [1.2679502233621702, 0.0, 0.1], "k_pid_att": [43.948176657889235, 1.326856224425946, 0.9808211468183533], "k_pid_yaw": [0.5, 1e-06, 0.1], "k_pid_hsp": [2.82373402557605, 0.32994361413805817, 0.01], "k_pid_vsp": [111.20884264032553, 102.7157397860675, 1.0]}, "datetime": {"datetime": "2025-08-20 22:20:49", "elapsed": 37704.01068878174, "delta": 15.50300669670105}, "costs": {"total_cost": 181.10124286761393, "time_cost": 68.864, "final_distance_cost": 1.832244065537545, "oscillation_cost": 38.044584271321014, "completition_cost": 0.0, "overshoot_cost": 50.2943881497837, "power_cost": 11.260791040039063, "noise_cost": 10.80523534093261, "n_waypoints_completed": 9, "tot_waypoints": 9}}
{"target": -216.35448799644183, "params": {"k_pid_pos": [0.897239302812397, 0.0822904257601288, 0.3434561031905483], "k_pid_alt": [1.2679502233621702, 0.0, 0.1], "k_pid_att": [43.948176657889235, 1.326856224425946, 0.23530941344510892], "k_pid_yaw": [0.5, 1e-06, 0.1], "k_pid_hsp": [7.052390903615432, 0.44917677628681074, 0.01], "k_pid_vsp": [111.20884264032553, 102.7157397860675, 1.0]}, "datetime": {"datetime": "2025-08-20 22:21:06", "elapsed": 37721.45880007744, "delta": 17.448111295700073}, "costs": {"total_cost": 216.35448799644183, "time_cost": 73.4, "final_distance_cost": 1.8451651556028554, "oscillation_cost": 65.67755526063371, "completition_cost": 0.0, "overshoot_cost": 50.78056538291317, "power_cost": 12.511128332519531, "noise_cost": 12.140073864772582, "n_waypoints_completed": 9, "tot_waypoints": 9}}
{"target": -230.24944647339692, "params": {"k_pid_pos": [0.9774418867578677, 0.024859491386256316, 0.3434561031905483], "k_pid_alt": [1.5873271883648092, 0.0, 0.7458075116847572], "k_pid_att": [43.948176657889235, 1.326856224425946, 0.9808211468183533], "k_pid_yaw": [0.5, 1e-06, 0.1], "k_pid_hsp": [2.82373402557605, 0.01, 0.01], "k_pid_vsp": [147.07576885869452, 102.7157397860675, 102.30476315159223]}, "datetime": {"datetime": "2025-08-20 22:21:26", "elapsed": 37741.428074121475, "delta": 19.969274044036865}, "costs": {"total_cost": 230.24944647339692, "time_cost": 90.296, "final_distance_cost": 1.8548816205309047, "oscillation_cost": 49.65045127692767, "completition_cost": 0.0, "overshoot_cost": 60.540132450410574, "power_cost": 15.138428930664062, "noise_cost": 12.769552194863692, "n_waypoints_completed": 9, "tot_waypoints": 9}}
{"target": -194.0613534081402, "params": {"k_pid_pos": [1.4698128353043505, 0.0822904257601288, 0.3434561031905483], "k_pid_alt": [1.2679502233621702, 0.0, 0.960182655307655], "k_pid_att": [43.948176657889235, 1.326856224425946, 0.9808211468183533], "k_pid_yaw": [0.5, 1e-06, 0.1], "k_pid_hsp": [2.82373402557605, 0.411800739936948, 0.01], "k_pid_vsp": [111.20884264032553, 1.6985791875978455, 1.0]}, "datetime": {"datetime": "2025-08-20 22:21:44", "elapsed": 37758.909198760986, "delta": 17.48112463951111}, "costs": {"total_cost": 194.0613534081402, "time_cost": 74.21600000000001, "final_distance_cost": 1.8223348933101802, "oscillation_cost": 43.29926367437027, "completition_cost": 0.0, "overshoot_cost": 51.003458824334224, "power_cost": 12.156799230957033, "noise_cost": 11.563496785168507, "n_waypoints_completed": 9, "tot_waypoints": 9}}
{"target": -185.72235698868388, "params": {"k_pid_pos": [1.4698128353043505, 0.0822904257601288, 0.5701838247964224], "k_pid_alt": [1.5873271883648092, 0.0, 0.7458075116847572], "k_pid_att": [43.948176657889235, 1.326856224425946, 0.9808211468183533], "k_pid_yaw": [0.5, 1e-06, 0.1], "k_pid_hsp": [2.82373402557605, 0.37916941300484885, 0.01], "k_pid_vsp": [111.20884264032553, 1.6985791875978455, 1.0]}, "datetime": {"datetime": "2025-08-20 22:21:59", "elapsed": 37774.43927979469, "delta": 15.530081033706665}, "costs": {"total_cost": 185.72235698868388, "time_cost": 71.83200000000001, "final_distance_cost": 1.8440378473638142, "oscillation_cost": 38.90212168329976, "completition_cost": 0.0, "overshoot_cost": 50.285405768462795, "power_cost": 11.415289807128907, "noise_cost": 11.443501882428595, "n_waypoints_completed": 9, "tot_waypoints": 9}}
{"target": -228.8422512759945, "params": {"k_pid_pos": [1.4698128353043505, 0.99390075264368, 0.3434561031905483], "k_pid_alt": [1.2679502233621702, 0.0, 0.1], "k_pid_att": [43.948176657889235, 9.874008014726847, 0.9808211468183533], "k_pid_yaw": [0.5, 1e-06, 0.1], "k_pid_hsp": [2.82373402557605, 0.01, 0.01], "k_pid_vsp": [111.20884264032553, 102.7157397860675, 1.0]}, "datetime": {"datetime": "2025-08-20 22:22:23", "elapsed": 37797.69031333923, "delta": 23.251033544540405}, "costs": {"total_cost": 228.8422512759945, "time_cost": 91.176, "final_distance_cost": 1.726358537660246, "oscillation_cost": 50.65657678604075, "completition_cost": 0.0, "overshoot_cost": 54.89931228842363, "power_cost": 16.22984832763672, "noise_cost": 14.154155336233147, "n_waypoints_completed": 9, "tot_waypoints": 9}}
{"target": -177.60937995499717, "params": {"k_pid_pos": [1.4698128353043505, 0.0822904257601288, 0.3434561031905483], "k_pid_alt": [1.2679502233621702, 0.0, 0.1], "k_pid_att": [43.948176657889235, 1.326856224425946, 0.9808211468183533], "k_pid_yaw": [0.5, 1e-06, 0.1], "k_pid_hsp": [2.82373402557605, 0.01, 0.01], "k_pid_vsp": [111.20884264032553, 102.7157397860675, 1.0]}, "datetime": {"datetime": "2025-08-20 22:22:37", "elapsed": 37812.34189462662, "delta": 14.651581287384033}, "costs": {"total_cost": 177.60937995499717, "time_cost": 69.168, "final_distance_cost": 1.8236531971998164, "oscillation_cost": 34.65964045638309, "completition_cost": 0.0, "overshoot_cost": 49.90985172465229, "power_cost": 11.13902373046875, "noise_cost": 10.909210846293195, "n_waypoints_completed": 9, "tot_waypoints": 9}}
{"target": -231.28279923488734, "params": {"k_pid_pos": [1.4698128353043505, 0.9890946934323674, 0.3434561031905483], "k_pid_alt": [1.2679502233621702, 0.0, 0.1], "k_pid_att": [43.948176657889235, 1.326856224425946, 0.9808211468183533], "k_pid_yaw": [0.5, 1e-06, 0.1], "k_pid_hsp": [2.82373402557605, 0.01, 0.01], "k_pid_vsp": [111.20884264032553, 102.7157397860675, 1.0]}, "datetime": {"datetime": "2025-08-20 22:22:59", "elapsed": 37834.125715494156, "delta": 21.783820867538452}, "costs": {"total_cost": 231.28279923488734, "time_cost": 92.176, "final_distance_cost": 1.7193618711469272, "oscillation_cost": 50.857482347384135, "completition_cost": 0.0, "overshoot_cost": 55.404776930680896, "power_cost": 16.653023498535156, "noise_cost": 14.472154587140205, "n_waypoints_completed": 9, "tot_waypoints": 9}}
{"target": -194.7672710953609, "params": {"k_pid_pos": [1.1837130645794225, 0.0822904257601288, 0.3434561031905483], "k_pid_alt": [1.688733796848813, 0.510422947647645, 0.5780287087253008], "k_pid_att": [43.948176657889235, 2.8711836120640575, 0.9808211468183533], "k_pid_yaw": [0.5, 1e-06, 0.1], "k_pid_hsp": [2.82373402557605, 0.01, 0.01], "k_pid_vsp": [111.20884264032553, 102.7157397860675, 1.0]}, "datetime": {"datetime": "2025-08-20 22:23:17", "elapsed": 37851.726541519165, "delta": 17.600826025009155}, "costs": {"total_cost": 194.7672710953609, "time_cost": 75.624, "final_distance_cost": 1.7941242547262948, "oscillation_cost": 43.10620410971733, "completition_cost": 0.0, "overshoot_cost": 50.56103773216337, "power_cost": 12.312057299804689, "noise_cost": 11.369847698949238, "n_waypoints_completed": 9, "tot_waypoints": 9}}
