{"target": -177.6739252695265, "params": {"k_pid_pos": [1.4698128353043505, 0.024859491386256316, 0.3434561031905483], "k_pid_alt": [1.2679502233621702, 0.0, 0.1], "k_pid_att": [43.948176657889235, 1.326856224425946, 0.9274604585040267], "k_pid_yaw": [0.5, 1e-06, 0.1], "k_pid_hsp": [2.82373402557605, 0.01, 0.01], "k_pid_vsp": [111.20884264032553, 102.7157397860675, 1.0]}, "datetime": {"datetime": "2025-08-20 19:00:54", "elapsed": 25708.73606610298, "delta": 14.657217025756836}, "costs": {"total_cost": 177.6739252695265, "time_cost": 69.152, "final_distance_cost": 1.8262656886158488, "oscillation_cost": 34.33594552183275, "completition_cost": 0.0, "overshoot_cost": 50.065815663241324, "power_cost": 11.237653356933594, "noise_cost": 11.056245038902981, "n_waypoints_completed": 9, "tot_waypoints": 9}}
{"target": -177.6739252695265, "params": {"k_pid_pos": [1.4698128353043505, 0.024859491386256316, 0.3434561031905483], "k_pid_alt": [1.2679502233621702, 0.0, 0.1], "k_pid_att": [43.948176657889235, 1.326856224425946, 0.9274604585040267], "k_pid_yaw": [0.5, 1e-06, 0.1], "k_pid_hsp": [2.82373402557605, 0.01, 0.01], "k_pid_vsp": [111.20884264032553, 102.7157397860675, 1.0]}, "datetime": {"datetime": "2025-08-20 19:01:10", "elapsed": 25724.605165958405, "delta": 15.869099855422974}, "costs": {"total_cost": 177.6739252695265, "time_cost": 69.152, "final_distance_cost": 1.8262656886158488, "oscillation_cost": 34.33594552183275, "completition_cost": 0.0, "overshoot_cost": 50.065815663241324, "power_cost": 11.237653356933594, "noise_cost": 11.056245038902981, "n_waypoints_completed": 9, "tot_waypoints": 9}}
{"target": -177.6739252695265, "params": {"k_pid_pos": [1.4698128353043505, 0.024859491386256316, 0.3434561031905483], "k_pid_alt": [1.2679502233621702, 0.0, 0.1], "k_pid_att": [43.948176657889235, 1.326856224425946, 0.9274604585040267], "k_pid_yaw": [0.5, 1e-06, 0.1], "k_pid_hsp": [2.82373402557605, 0.01, 0.01], "k_pid_vsp": [111.20884264032553, 102.7157397860675, 1.0]}, "datetime": {"datetime": "2025-08-20 19:01:25", "elapsed": 25739.528385400772, "delta": 14.923219442367554}, "costs": {"total_cost": 177.6739252695265, "time_cost": 69.152, "final_distance_cost": 1.8262656886158488, "oscillation_cost": 34.33594552183275, "completition_cost": 0.0, "overshoot_cost": 50.065815663241324, "power_cost": 11.237653356933594, "noise_cost": 11.056245038902981, "n_waypoints_completed": 9, "tot_waypoints": 9}}
{"target": -179.43061469086348, "params": {"k_pid_pos": [1.4698128353043505, 0.024859491386256316, 0.3434561031905483], "k_pid_alt": [1.2679502233621702, 0.0, 0.1], "k_pid_att": [32.194164172814396, 3.7802132718527557, 0.9274604585040267], "k_pid_yaw": [0.5, 1e-06, 0.1], "k_pid_hsp": [2.395389635608916, 0.01, 0.01], "k_pid_vsp": [111.20884264032553, 102.7157397860675, 1.0]}, "datetime": {"datetime": "2025-08-20 19:01:41", "elapsed": 25755.96309018135, "delta": 16.434704780578613}, "costs": {"total_cost": 179.43061469086348, "time_cost": 69.168, "final_distance_cost": 1.8308394835546955, "oscillation_cost": 36.12436774661707, "completition_cost": 0.0, "overshoot_cost": 49.78905086435308, "power_cost": 11.434627966308595, "noise_cost": 11.083728630030047, "n_waypoints_completed": 9, "tot_waypoints": 9}}
{"target": -237.48132555987004, "params": {"k_pid_pos": [1.8792899704868669, 0.024859491386256316, 0.3434561031905483], "k_pid_alt": [1.2679502233621702, 0.0, 0.22149341006279488], "k_pid_att": [43.948176657889235, 1.326856224425946, 0.9274604585040267], "k_pid_yaw": [0.5, 1e-06, 0.1], "k_pid_hsp": [2.82373402557605, 0.01, 0.01], "k_pid_vsp": [111.20884264032553, 216.29307082677042, 137.8781286763733]}, "datetime": {"datetime": "2025-08-20 19:02:00", "elapsed": 25775.183030605316, "delta": 19.219940423965454}, "costs": {"total_cost": 237.48132555987004, "time_cost": 82.2, "final_distance_cost": 1.7777457692809002, "oscillation_cost": 56.82471882819576, "completition_cost": 0.0, "overshoot_cost": 56.87503137162049, "power_cost": 22.87945993652344, "noise_cost": 16.924369654249453, "n_waypoints_completed": 9, "tot_waypoints": 9}}
{"target": -185.01886909799487, "params": {"k_pid_pos": [1.4698128353043505, 0.024859491386256316, 0.3434561031905483], "k_pid_alt": [1.2679502233621702, 0.00018965351824429266, 0.1], "k_pid_att": [43.948176657889235, 3.7802132718527557, 0.9274604585040267], "k_pid_yaw": [0.5, 1e-06, 0.1], "k_pid_hsp": [2.395389635608916, 0.7129502841202989, 0.01], "k_pid_vsp": [110.56511661686339, 102.7157397860675, 1.0]}, "datetime": {"datetime": "2025-08-20 19:02:15", "elapsed": 25789.742766857147, "delta": 14.559736251831055}, "costs": {"total_cost": 185.01886909799487, "time_cost": 68.768, "final_distance_cost": 1.8461891831640556, "oscillation_cost": 42.47473724475747, "completition_cost": 0.0, "overshoot_cost": 49.67043786321979, "power_cost": 11.298476672363282, "noise_cost": 10.961028134490286, "n_waypoints_completed": 9, "tot_waypoints": 9}}
{"target": -179.0195327100379, "params": {"k_pid_pos": [1.4698128353043505, 0.024859491386256316, 0.3434561031905483], "k_pid_alt": [1.2679502233621702, 0.0, 0.1], "k_pid_att": [43.948176657889235, 9.545016992888707, 0.9274604585040267], "k_pid_yaw": [0.5, 1e-06, 0.1], "k_pid_hsp": [2.82373402557605, 0.01, 0.01], "k_pid_vsp": [111.20884264032553, 102.7157397860675, 1.0]}, "datetime": {"datetime": "2025-08-20 19:02:31", "elapsed": 25805.712196350098, "delta": 15.96942949295044}, "costs": {"total_cost": 179.0195327100379, "time_cost": 69.144, "final_distance_cost": 1.8428610300597825, "oscillation_cost": 35.38695578302757, "completition_cost": 0.0, "overshoot_cost": 50.14355983841881, "power_cost": 11.347881750488282, "noise_cost": 11.154274308043464, "n_waypoints_completed": 9, "tot_waypoints": 9}}
{"target": -183.10027454132464, "params": {"k_pid_pos": [1.4698128353043505, 0.024859491386256316, 0.3434561031905483], "k_pid_alt": [1.2679502233621702, 0.0, 0.3787621482452719], "k_pid_att": [43.948176657889235, 6.380071371307885, 0.71995891973172], "k_pid_yaw": [0.5, 1e-06, 0.1], "k_pid_hsp": [2.395389635608916, 0.01, 0.01], "k_pid_vsp": [110.56511661686339, 102.7157397860675, 1.0]}, "datetime": {"datetime": "2025-08-20 19:02:46", "elapsed": 25820.778694152832, "delta": 15.066497802734375}, "costs": {"total_cost": 183.10027454132464, "time_cost": 69.872, "final_distance_cost": 1.8408165274273915, "oscillation_cost": 38.063220371655085, "completition_cost": 0.0, "overshoot_cost": 50.07860015110126, "power_cost": 11.921095190429687, "noise_cost": 11.324542300711222, "n_waypoints_completed": 9, "tot_waypoints": 9}}
{"target": -181.57721908922193, "params": {"k_pid_pos": [1.4698128353043505, 0.024859491386256316, 0.3434561031905483], "k_pid_alt": [1.2679502233621702, 0.0, 0.4522054662122007], "k_pid_att": [43.948176657889235, 1.326856224425946, 0.9274604585040267], "k_pid_yaw": [0.5, 1e-06, 0.1], "k_pid_hsp": [2.82373402557605, 0.01, 0.01], "k_pid_vsp": [111.20884264032553, 102.7157397860675, 1.0]}, "datetime": {"datetime": "2025-08-20 19:03:02", "elapsed": 25837.045763015747, "delta": 16.26706886291504}, "costs": {"total_cost": 181.57721908922193, "time_cost": 70.184, "final_distance_cost": 1.8404240789231656, "oscillation_cost": 36.67025299596757, "completition_cost": 0.0, "overshoot_cost": 50.33772126424743, "power_cost": 11.450118432617188, "noise_cost": 11.094702317466576, "n_waypoints_completed": 9, "tot_waypoints": 9}}
{"target": -759.5974645518398, "params": {"k_pid_pos": [1.4698128353043505, 0.7865930166662759, 0.5557882040685287], "k_pid_alt": [1.2679502233621702, 0.0, 0.7593723261584083], "k_pid_att": [22.840745224411652, 3.7802132718527557, 0.11579494279367952], "k_pid_yaw": [0.5, 1e-06, 0.1], "k_pid_hsp": [2.395389635608916, 0.01, 0.9873824226476844], "k_pid_vsp": [29.96849041048857, 58.47483401410723, 1.0]}, "datetime": {"datetime": "2025-08-20 19:03:26", "elapsed": 25861.43590092659, "delta": 24.390137910842896}, "costs": {"total_cost": 759.5974645518398, "time_cost": 150, "final_distance_cost": 74.81530199873173, "oscillation_cost": 207.19505880388158, "completition_cost": 222.2222222222222, "overshoot_cost": 68.5122915443713, "power_cost": 20.44379677734375, "noise_cost": 16.408793205289218, "n_waypoints_completed": 7, "tot_waypoints": 9}}
{"target": -397.0791447499483, "params": {"k_pid_pos": [1.5014732983978256, 0.024859491386256316, 0.3434561031905483], "k_pid_alt": [0.27404146878129776, 0.0, 0.1], "k_pid_att": [30.09581361836765, 8.376073795535836, 0.9274604585040267], "k_pid_yaw": [0.5, 1e-06, 0.1], "k_pid_hsp": [2.82373402557605, 0.01, 0.01], "k_pid_vsp": [391.61348087291753, 102.7157397860675, 1.0]}, "datetime": {"datetime": "2025-08-20 19:03:49", "elapsed": 25883.60956788063, "delta": 22.173666954040527}, "costs": {"total_cost": 397.0791447499483, "time_cost": 150, "final_distance_cost": 2.9982254389056293, "oscillation_cost": 51.077692969644886, "completition_cost": 111.11111111111116, "overshoot_cost": 52.1331514313645, "power_cost": 15.418167529296875, "noise_cost": 14.340796269625256, "n_waypoints_completed": 8, "tot_waypoints": 9}}
{"target": -1085.4130676272262, "params": {"k_pid_pos": [1.4698128353043505, 0.024859491386256316, 0.3434561031905483], "k_pid_alt": [1.2679502233621702, 0.00018965351824429266, 0.1], "k_pid_att": [43.948176657889235, 3.7802132718527557, 0.9274604585040267], "k_pid_yaw": [0.5, 1e-06, 0.1], "k_pid_hsp": [2.395389635608916, 0.01, 0.01], "k_pid_vsp": [110.56511661686339, 102.7157397860675, 362.6045534715687]}, "datetime": {"datetime": "2025-08-20 19:04:13", "elapsed": 25907.755029439926, "delta": 24.145461559295654}, "costs": {"total_cost": 1085.4130676272262, "time_cost": 150, "final_distance_cost": 78.61245621764789, "oscillation_cost": 46.2611975902414, "completition_cost": 666.6666666666667, "overshoot_cost": 111.71203553952803, "power_cost": 15.826424536132814, "noise_cost": 16.334287077009332, "n_waypoints_completed": 3, "tot_waypoints": 9}}
{"target": -220.88706439572212, "params": {"k_pid_pos": [1.8922997940790476, 0.7166685913948189, 0.3961654171436617], "k_pid_alt": [1.2679502233621702, 0.0, 0.1], "k_pid_att": [43.948176657889235, 2.6298254890628097, 0.3301527476617453], "k_pid_yaw": [0.5, 1e-06, 0.1], "k_pid_hsp": [2.395389635608916, 0.18838112831262277, 0.01], "k_pid_vsp": [111.20884264032553, 102.7157397860675, 1.0]}, "datetime": {"datetime": "2025-08-20 19:04:36", "elapsed": 25931.158161640167, "delta": 23.40313220024109}, "costs": {"total_cost": 220.88706439572212, "time_cost": 84.944, "final_distance_cost": 1.705734454036909, "oscillation_cost": 53.247965348387346, "completition_cost": 0.0, "overshoot_cost": 52.51390649216803, "power_cost": 15.096634912109376, "noise_cost": 13.37882318902047, "n_waypoints_completed": 9, "tot_waypoints": 9}}
{"target": -196.79582029918345, "params": {"k_pid_pos": [1.4698128353043505, 0.024859491386256316, 0.3434561031905483], "k_pid_alt": [1.2679502233621702, 0.460474527941964, 0.09237004794976], "k_pid_att": [43.948176657889235, 9.132212505118478, 0.9274604585040267], "k_pid_yaw": [0.5, 1e-06, 0.1], "k_pid_hsp": [2.82373402557605, 0.01, 0.01], "k_pid_vsp": [111.20884264032553, 102.7157397860675, 1.0]}, "datetime": {"datetime": "2025-08-20 19:04:54", "elapsed": 25949.426139354706, "delta": 18.267977714538574}, "costs": {"total_cost": 196.79582029918345, "time_cost": 74.952, "final_distance_cost": 1.7804618306219513, "oscillation_cost": 45.584424773975904, "completition_cost": 0.0, "overshoot_cost": 51.0538425333828, "power_cost": 12.143128942871094, "noise_cost": 11.281962218331696, "n_waypoints_completed": 9, "tot_waypoints": 9}}
{"target": -1046.6125404783343, "params": {"k_pid_pos": [1.4698128353043505, 0.024859491386256316, 0.3434561031905483], "k_pid_alt": [1.2679502233621702, 0.0, 0.1], "k_pid_att": [43.948176657889235, 1.326856224425946, 0.9274604585040267], "k_pid_yaw": [0.5, 1e-06, 0.1], "k_pid_hsp": [2.82373402557605, 0.01, 0.01], "k_pid_vsp": [111.20884264032553, 102.7157397860675, 245.59207000590632]}, "datetime": {"datetime": "2025-08-20 19:05:16", "elapsed": 25971.41383123398, "delta": 21.98769187927246}, "costs": {"total_cost": 1046.6125404783343, "time_cost": 150, "final_distance_cost": 70.68478204506246, "oscillation_cost": 47.60474429129635, "completition_cost": 666.6666666666667, "overshoot_cost": 98.3442087840254, "power_cost": 6.141439575195313, "noise_cost": 7.17069911608798, "n_waypoints_completed": 3, "tot_waypoints": 9}}
{"target": -178.05213745615058, "params": {"k_pid_pos": [1.4698128353043505, 0.024859491386256316, 0.3434561031905483], "k_pid_alt": [1.2679502233621702, 0.00018965351824429266, 0.1], "k_pid_att": [43.948176657889235, 1.326856224425946, 0.9274604585040267], "k_pid_yaw": [0.5, 1e-06, 0.1], "k_pid_hsp": [2.82373402557605, 0.01, 0.01], "k_pid_vsp": [111.20884264032553, 102.7157397860675, 1.0]}, "datetime": {"datetime": "2025-08-20 19:05:35", "elapsed": 25989.655642032623, "delta": 18.24181079864502}, "costs": {"total_cost": 178.05213745615058, "time_cost": 69.168, "final_distance_cost": 1.8332087238306036, "oscillation_cost": 34.48217761485099, "completition_cost": 0.0, "overshoot_cost": 50.224535142344834, "power_cost": 11.295982836914064, "noise_cost": 11.048233138210074, "n_waypoints_completed": 9, "tot_waypoints": 9}}
{"target": -178.95819566957482, "params": {"k_pid_pos": [1.4698128353043505, 0.024859491386256316, 0.3434561031905483], "k_pid_alt": [1.2679502233621702, 0.0, 0.1], "k_pid_att": [43.948176657889235, 3.7802132718527557, 0.9274604585040267], "k_pid_yaw": [0.5, 1e-06, 0.1], "k_pid_hsp": [2.395389635608916, 0.01, 0.01], "k_pid_vsp": [110.56511661686339, 102.7157397860675, 1.0]}, "datetime": {"datetime": "2025-08-20 19:05:49", "elapsed": 26004.250865459442, "delta": 14.595223426818848}, "costs": {"total_cost": 178.95819566957482, "time_cost": 69.144, "final_distance_cost": 1.8322039964406023, "oscillation_cost": 35.365220881691414, "completition_cost": 0.0, "overshoot_cost": 50.15614276640007, "power_cost": 11.314192272949219, "noise_cost": 11.1464357520935, "n_waypoints_completed": 9, "tot_waypoints": 9}}
{"target": -180.50170349544405, "params": {"k_pid_pos": [1.4698128353043505, 0.024859491386256316, 0.3434561031905483], "k_pid_alt": [1.2679502233621702, 0.0, 0.1], "k_pid_att": [43.948176657889235, 1.326856224425946, 0.9274604585040267], "k_pid_yaw": [0.5, 1e-06, 0.1], "k_pid_hsp": [2.82373402557605, 0.01, 0.01], "k_pid_vsp": [111.20884264032553, 216.29307082677042, 1.0]}, "datetime": {"datetime": "2025-08-20 19:06:05", "elapsed": 26020.13516998291, "delta": 15.884304523468018}, "costs": {"total_cost": 180.50170349544405, "time_cost": 69.128, "final_distance_cost": 1.8207641835217554, "oscillation_cost": 36.478871314655535, "completition_cost": 0.0, "overshoot_cost": 50.16250985338056, "power_cost": 11.683755297851564, "noise_cost": 11.227802846034617, "n_waypoints_completed": 9, "tot_waypoints": 9}}
{"target": -180.83894260588153, "params": {"k_pid_pos": [1.8792899704868669, 0.024859491386256316, 0.3434561031905483], "k_pid_alt": [1.2679502233621702, 0.0, 0.07336557510105324], "k_pid_att": [43.948176657889235, 1.326856224425946, 0.9274604585040267], "k_pid_yaw": [0.5, 1e-06, 0.1], "k_pid_hsp": [2.82373402557605, 0.01, 0.01], "k_pid_vsp": [111.20884264032553, 102.7157397860675, 1.0]}, "datetime": {"datetime": "2025-08-20 19:06:20", "elapsed": 26035.2460501194, "delta": 15.110880136489868}, "costs": {"total_cost": 180.83894260588153, "time_cost": 68.544, "final_distance_cost": 1.7958508260690949, "oscillation_cost": 38.40802189667436, "completition_cost": 0.0, "overshoot_cost": 50.026765538361715, "power_cost": 11.260024353027344, "noise_cost": 10.804279991749006, "n_waypoints_completed": 9, "tot_waypoints": 9}}
{"target": -195.54890141971367, "params": {"k_pid_pos": [1.1904191683331364, 0.024859491386256316, 0.3434561031905483], "k_pid_alt": [1.2679502233621702, 0.0, 0.9505550730200033], "k_pid_att": [43.948176657889235, 4.929500621888914, 0.3744289396013216], "k_pid_yaw": [0.5, 1e-06, 0.1], "k_pid_hsp": [2.82373402557605, 0.4017820065842225, 0.01], "k_pid_vsp": [111.20884264032553, 102.7157397860675, 1.0]}, "datetime": {"datetime": "2025-08-20 19:06:36", "elapsed": 26051.267290592194, "delta": 16.02124047279358}, "costs": {"total_cost": 195.54890141971367, "time_cost": 73.432, "final_distance_cost": 1.8524587219929038, "oscillation_cost": 47.0865328279807, "completition_cost": 0.0, "overshoot_cost": 48.99779929545729, "power_cost": 12.50473436279297, "noise_cost": 11.67537621148982, "n_waypoints_completed": 9, "tot_waypoints": 9}}
{"target": -181.64480484102083, "params": {"k_pid_pos": [1.4698128353043505, 0.024859491386256316, 0.3434561031905483], "k_pid_alt": [1.2679502233621702, 0.028806210149256217, 0.1], "k_pid_att": [43.948176657889235, 5.6580295118978245, 0.9274604585040267], "k_pid_yaw": [0.5, 1e-06, 0.1], "k_pid_hsp": [2.82373402557605, 0.01, 0.01], "k_pid_vsp": [111.20884264032553, 102.7157397860675, 1.0]}, "datetime": {"datetime": "2025-08-20 19:06:53", "elapsed": 26068.272668600082, "delta": 17.005378007888794}, "costs": {"total_cost": 181.64480484102083, "time_cost": 69.648, "final_distance_cost": 1.8454344907809512, "oscillation_cost": 36.54742986683565, "completition_cost": 0.0, "overshoot_cost": 50.98713133512814, "power_cost": 11.278214074707032, "noise_cost": 11.338595073569083, "n_waypoints_completed": 9, "tot_waypoints": 9}}
{"target": -178.11346284392206, "params": {"k_pid_pos": [1.4698128353043505, 0.024859491386256316, 0.3434561031905483], "k_pid_alt": [1.2679502233621702, 0.0, 0.1], "k_pid_att": [43.948176657889235, 2.8503329366774977, 0.9274604585040267], "k_pid_yaw": [0.5, 1e-06, 0.1], "k_pid_hsp": [2.82373402557605, 0.01, 0.01], "k_pid_vsp": [111.20884264032553, 102.7157397860675, 1.0]}, "datetime": {"datetime": "2025-08-20 19:07:09", "elapsed": 26083.98285984993, "delta": 15.710191249847412}, "costs": {"total_cost": 178.11346284392206, "time_cost": 69.144, "final_distance_cost": 1.8265807217367205, "oscillation_cost": 34.81015603624888, "completition_cost": 0.0, "overshoot_cost": 50.160456282133154, "power_cost": 11.180995288085938, "noise_cost": 10.99127451571734, "n_waypoints_completed": 9, "tot_waypoints": 9}}
{"target": -180.9666428988645, "params": {"k_pid_pos": [1.4698128353043505, 0.024859491386256316, 0.3434561031905483], "k_pid_alt": [1.2679502233621702, 0.00018965351824429266, 0.1], "k_pid_att": [43.948176657889235, 3.7802132718527557, 0.7049157272764677], "k_pid_yaw": [0.5, 1e-06, 0.1], "k_pid_hsp": [2.395389635608916, 0.01, 0.01], "k_pid_vsp": [110.56511661686339, 151.0176688301109, 1.0]}, "datetime": {"datetime": "2025-08-20 19:07:25", "elapsed": 26099.798351049423, "delta": 15.815491199493408}, "costs": {"total_cost": 180.9666428988645, "time_cost": 69.112, "final_distance_cost": 1.821624760416781, "oscillation_cost": 37.0591213613839, "completition_cost": 0.0, "overshoot_cost": 50.176233017614614, "power_cost": 11.720349255371094, "noise_cost": 11.077314504078126, "n_waypoints_completed": 9, "tot_waypoints": 9}}
{"target": -178.59673423585812, "params": {"k_pid_pos": [1.4698128353043505, 0.024859491386256316, 0.3434561031905483], "k_pid_alt": [1.2679502233621702, 0.0, 0.1], "k_pid_att": [43.948176657889235, 1.326856224425946, 0.9274604585040267], "k_pid_yaw": [0.5, 1e-06, 0.1], "k_pid_hsp": [2.82373402557605, 0.01, 0.01], "k_pid_vsp": [29.96849041048857, 58.47483401410723, 1.0]}, "datetime": {"datetime": "2025-08-20 19:07:40", "elapsed": 26114.573201417923, "delta": 14.774850368499756}, "costs": {"total_cost": 178.59673423585812, "time_cost": 69.04, "final_distance_cost": 1.8365375833026685, "oscillation_cost": 35.1253912957482, "completition_cost": 0.0, "overshoot_cost": 50.248778426525064, "power_cost": 11.359209997558594, "noise_cost": 10.986816932723611, "n_waypoints_completed": 9, "tot_waypoints": 9}}
{"target": -182.78809382271692, "params": {"k_pid_pos": [1.4698128353043505, 0.024859491386256316, 0.3434561031905483], "k_pid_alt": [1.2679502233621702, 0.0, 0.1], "k_pid_att": [74.24769818861826, 4.09310168605278, 0.9274604585040267], "k_pid_yaw": [0.5, 1e-06, 0.1], "k_pid_hsp": [2.82373402557605, 0.01, 0.01], "k_pid_vsp": [111.20884264032553, 102.7157397860675, 1.0]}, "datetime": {"datetime": "2025-08-20 19:07:56", "elapsed": 26130.749544382095, "delta": 16.176342964172363}, "costs": {"total_cost": 182.78809382271692, "time_cost": 69.312, "final_distance_cost": 1.8276395630426514, "oscillation_cost": 38.460387006891686, "completition_cost": 0.0, "overshoot_cost": 50.41880752363295, "power_cost": 11.6394775390625, "noise_cost": 11.129782190087123, "n_waypoints_completed": 9, "tot_waypoints": 9}}
{"target": -193.86847090351748, "params": {"k_pid_pos": [1.8922997940790476, 0.024859491386256316, 0.3434561031905483], "k_pid_alt": [1.2679502233621702, 0.0, 0.1], "k_pid_att": [43.948176657889235, 1.326856224425946, 0.9274604585040267], "k_pid_yaw": [0.5, 1e-06, 0.1], "k_pid_hsp": [2.82373402557605, 0.01, 0.01], "k_pid_vsp": [111.20884264032553, 216.29307082677042, 29.14258142942486]}, "datetime": {"datetime": "2025-08-20 19:08:10", "elapsed": 26145.4812374115, "delta": 14.731693029403687}, "costs": {"total_cost": 193.86847090351748, "time_cost": 68.312, "final_distance_cost": 1.8160862749488202, "oscillation_cost": 47.86507951313236, "completition_cost": 0.0, "overshoot_cost": 49.54073256847729, "power_cost": 14.830845568847657, "noise_cost": 11.503726978111347, "n_waypoints_completed": 9, "tot_waypoints": 9}}
