{"target": -423.06406663216, "params": {"k_pid_pos": [1.4999912498542303, 0.9555278684226207, 0.11401919133455096], "k_pid_alt": [1.2679502233621702, 0.0, 0.1], "k_pid_att": [43.948176657889235, 3.7802132718527557, 0.9274604585040267], "k_pid_yaw": [0.5, 1e-06, 0.1], "k_pid_hsp": [1.0, 0.01, 0.01], "k_pid_vsp": [111.20884264032553, 93.09285943774285, 1.0]}, "datetime": {"datetime": "2025-08-20 14:08:39", "elapsed": 8174.397575378418, "delta": 29.288302421569824}, "costs": {"total_cost": 423.06406663216, "time_cost": 150, "final_distance_cost": 3.5680156663900475, "oscillation_cost": 54.58074294439567, "completition_cost": 111.11111111111116, "overshoot_cost": 66.33203394976887, "power_cost": 19.71219239501953, "noise_cost": 17.75997056547478, "n_waypoints_completed": 8, "tot_waypoints": 9}}
{"target": -205.90856057087422, "params": {"k_pid_pos": [1.4698128353043505, 0.024859491386256316, 0.11401919133455096], "k_pid_alt": [1.7039912188389563, 0.0, 0.1], "k_pid_att": [43.948176657889235, 1.0, 0.9274604585040267], "k_pid_yaw": [0.5, 1e-06, 0.1], "k_pid_hsp": [1.0, 0.966737574672076, 0.01], "k_pid_vsp": [111.20884264032553, 93.09285943774285, 1.0]}, "datetime": {"datetime": "2025-08-20 14:08:59", "elapsed": 8193.618549108505, "delta": 19.22097373008728}, "costs": {"total_cost": 205.90856057087422, "time_cost": 68.752, "final_distance_cost": 1.8317326770325335, "oscillation_cost": 61.28179663399165, "completition_cost": 0.0, "overshoot_cost": 49.36880788480701, "power_cost": 13.206929040527344, "noise_cost": 11.467294334515675, "n_waypoints_completed": 9, "tot_waypoints": 9}}
{"target": -184.54906271877877, "params": {"k_pid_pos": [1.4698128353043505, 0.024859491386256316, 0.11401919133455096], "k_pid_alt": [1.2679502233621702, 0.0, 0.1], "k_pid_att": [94.27907641276623, 5.887625867895858, 0.9274604585040267], "k_pid_yaw": [0.5, 1e-06, 0.1], "k_pid_hsp": [1.0, 0.01, 0.01], "k_pid_vsp": [111.20884264032553, 201.50022734948823, 1.0]}, "datetime": {"datetime": "2025-08-20 14:09:16", "elapsed": 8211.262963056564, "delta": 17.644413948059082}, "costs": {"total_cost": 184.54906271877877, "time_cost": 68.688, "final_distance_cost": 1.7858549381817128, "oscillation_cost": 39.409838483819875, "completition_cost": 0.0, "overshoot_cost": 50.67693062436914, "power_cost": 12.578573522949219, "noise_cost": 11.40986514945883, "n_waypoints_completed": 9, "tot_waypoints": 9}}
{"target": -181.4802123416467, "params": {"k_pid_pos": [1.4698128353043505, 0.024859491386256316, 0.11401919133455096], "k_pid_alt": [1.2679502233621702, 0.0, 0.1], "k_pid_att": [43.948176657889235, 4.028010644934719, 0.9274604585040267], "k_pid_yaw": [0.5, 1e-06, 0.1], "k_pid_hsp": [1.0, 0.01, 0.01], "k_pid_vsp": [111.20884264032553, 93.09285943774285, 1.0]}, "datetime": {"datetime": "2025-08-20 14:09:33", "elapsed": 8227.569632530212, "delta": 16.30666947364807}, "costs": {"total_cost": 181.4802123416467, "time_cost": 68.464, "final_distance_cost": 1.8018037763830503, "oscillation_cost": 37.45865289253258, "completition_cost": 0.0, "overshoot_cost": 50.076347427588175, "power_cost": 12.431372692871093, "noise_cost": 11.248035552271835, "n_waypoints_completed": 9, "tot_waypoints": 9}}
{"target": -199.6746044242973, "params": {"k_pid_pos": [1.4999912498542303, 0.024859491386256316, 0.11401919133455096], "k_pid_alt": [1.2679502233621702, 0.0, 0.1], "k_pid_att": [43.948176657889235, 3.7802132718527557, 0.9274604585040267], "k_pid_yaw": [0.5, 1e-06, 0.1], "k_pid_hsp": [9.822050525885613, 0.01, 0.01], "k_pid_vsp": [111.20884264032553, 69.46038294301658, 1.0]}, "datetime": {"datetime": "2025-08-20 14:09:50", "elapsed": 8244.689300775528, "delta": 17.11966824531555}, "costs": {"total_cost": 199.6746044242973, "time_cost": 68.83200000000001, "final_distance_cost": 1.7968902951645376, "oscillation_cost": 55.80494548181398, "completition_cost": 0.0, "overshoot_cost": 50.04599595201609, "power_cost": 12.077919006347656, "noise_cost": 11.116853688955056, "n_waypoints_completed": 9, "tot_waypoints": 9}}
{"target": -326.397212966094, "params": {"k_pid_pos": [1.4698128353043505, 0.6908867964312853, 0.11401919133455096], "k_pid_alt": [1.2679502233621702, 0.0, 0.1], "k_pid_att": [43.948176657889235, 1.0, 0.9274604585040267], "k_pid_yaw": [0.5, 1e-06, 0.1], "k_pid_hsp": [1.0, 0.01, 0.3192902424458711], "k_pid_vsp": [111.20884264032553, 93.09285943774285, 1.0]}, "datetime": {"datetime": "2025-08-20 14:10:13", "elapsed": 8268.299127101898, "delta": 23.60982632637024}, "costs": {"total_cost": 326.397212966094, "time_cost": 92.504, "final_distance_cost": 1.7244139491355805, "oscillation_cost": 131.25807874563128, "completition_cost": 0.0, "overshoot_cost": 64.77904287852718, "power_cost": 19.10200546875, "noise_cost": 17.02967192404991, "n_waypoints_completed": 9, "tot_waypoints": 9}}
{"target": -183.12863660345948, "params": {"k_pid_pos": [1.647366612200146, 0.06328363340203702, 0.11401919133455096], "k_pid_alt": [1.2679502233621702, 0.0, 0.1], "k_pid_att": [66.62171653053798, 6.16091081068753, 0.9274604585040267], "k_pid_yaw": [0.5, 1e-06, 0.1], "k_pid_hsp": [1.0, 0.01, 0.01], "k_pid_vsp": [111.20884264032553, 93.09285943774285, 1.0]}, "datetime": {"datetime": "2025-08-20 14:10:31", "elapsed": 8285.666887760162, "delta": 17.36776065826416}, "costs": {"total_cost": 183.12863660345948, "time_cost": 68.464, "final_distance_cost": 1.8005106204105619, "oscillation_cost": 39.23657262303531, "completition_cost": 0.0, "overshoot_cost": 50.60448650475263, "power_cost": 11.938633154296875, "noise_cost": 11.084433700964128, "n_waypoints_completed": 9, "tot_waypoints": 9}}
{"target": -544.098401676399, "params": {"k_pid_pos": [1.4698128353043505, 0.024859491386256316, 0.11401919133455096], "k_pid_alt": [1.2679502233621702, 0.4483028697585574, 0.1], "k_pid_att": [43.948176657889235, 8.839934422282209, 0.9274604585040267], "k_pid_yaw": [0.5, 1e-06, 0.1], "k_pid_hsp": [1.0, 0.5624296180338006, 0.3203789596374804], "k_pid_vsp": [111.20884264032553, 93.09285943774285, 1.0]}, "datetime": {"datetime": "2025-08-20 14:11:01", "elapsed": 8315.701664924622, "delta": 30.03477716445923}, "costs": {"total_cost": 544.098401676399, "time_cost": 150, "final_distance_cost": 28.315265130310117, "oscillation_cost": 159.8531812889694, "completition_cost": 111.11111111111116, "overshoot_cost": 58.25457737428233, "power_cost": 20.166881152343752, "noise_cost": 16.397385619382195, "n_waypoints_completed": 8, "tot_waypoints": 9}}
{"target": -182.75821976699413, "params": {"k_pid_pos": [1.4698128353043505, 0.024859491386256316, 0.2394278377525315], "k_pid_alt": [1.2679502233621702, 0.0, 0.1], "k_pid_att": [43.948176657889235, 3.7802132718527557, 0.9274604585040267], "k_pid_yaw": [0.5, 1e-06, 0.1], "k_pid_hsp": [1.0, 0.15825018094006094, 0.01], "k_pid_vsp": [111.20884264032553, 93.09285943774285, 1.0]}, "datetime": {"datetime": "2025-08-20 14:11:17", "elapsed": 8332.452582359314, "delta": 16.750917434692383}, "costs": {"total_cost": 182.75821976699413, "time_cost": 68.47200000000001, "final_distance_cost": 1.8264327936616398, "oscillation_cost": 39.36348048688743, "completition_cost": 0.0, "overshoot_cost": 49.97589421724963, "power_cost": 12.038713342285156, "noise_cost": 11.08169892691029, "n_waypoints_completed": 9, "tot_waypoints": 9}}
{"target": -1237.960310447023, "params": {"k_pid_pos": [1.4698128353043505, 0.024859491386256316, 0.11401919133455096], "k_pid_alt": [1.2679502233621702, 0.0, 0.1], "k_pid_att": [90.7849501962525, 1.0, 0.9274604585040267], "k_pid_yaw": [0.5, 1e-06, 0.1], "k_pid_hsp": [1.0, 0.01, 0.01], "k_pid_vsp": [111.20884264032553, 93.09285943774285, 314.82805098387325]}, "datetime": {"datetime": "2025-08-20 14:11:42", "elapsed": 8357.453718423843, "delta": 25.00113606452942}, "costs": {"total_cost": 1237.960310447023, "time_cost": 150, "final_distance_cost": 62.92718746488157, "oscillation_cost": 34.43516101435212, "completition_cost": 888.8888888888888, "overshoot_cost": 87.3143898669671, "power_cost": 5.742212072753906, "noise_cost": 8.652471139179333, "n_waypoints_completed": 1, "tot_waypoints": 9}}
{"target": -181.51181266067633, "params": {"k_pid_pos": [1.4698128353043505, 0.024859491386256316, 0.11401919133455096], "k_pid_alt": [1.2679502233621702, 0.0, 0.1], "k_pid_att": [52.781640202125004, 1.0, 0.9274604585040267], "k_pid_yaw": [0.5, 1e-06, 0.1], "k_pid_hsp": [1.0, 0.029631885976391104, 0.01], "k_pid_vsp": [14.740616244021254, 93.09285943774285, 1.0]}, "datetime": {"datetime": "2025-08-20 14:11:59", "elapsed": 8374.085109472275, "delta": 16.631391048431396}, "costs": {"total_cost": 181.51181266067633, "time_cost": 68.112, "final_distance_cost": 1.7820859944306249, "oscillation_cost": 38.45087438513976, "completition_cost": 0.0, "overshoot_cost": 49.752132596463746, "power_cost": 12.401231188964845, "noise_cost": 11.013488495677331, "n_waypoints_completed": 9, "tot_waypoints": 9}}
{"target": -596.153482899613, "params": {"k_pid_pos": [1.4698128353043505, 0.024859491386256316, 0.11401919133455096], "k_pid_alt": [1.2679502233621702, 0.0, 0.1], "k_pid_att": [43.948176657889235, 3.7802132718527557, 0.9274604585040267], "k_pid_yaw": [0.5, 1e-06, 0.1], "k_pid_hsp": [1.0, 0.01, 0.01], "k_pid_vsp": [111.20884264032553, 93.09285943774285, 125.63076761775174]}, "datetime": {"datetime": "2025-08-20 14:12:23", "elapsed": 8398.337125301361, "delta": 24.252015829086304}, "costs": {"total_cost": 596.153482899613, "time_cost": 150, "final_distance_cost": 72.50665077001494, "oscillation_cost": 60.335416700135966, "completition_cost": 222.2222222222222, "overshoot_cost": 62.145975460350755, "power_cost": 16.354129321289065, "noise_cost": 12.58908842560006, "n_waypoints_completed": 7, "tot_waypoints": 9}}
{"target": -182.18520641813797, "params": {"k_pid_pos": [1.4999912498542303, 0.024859491386256316, 0.11401919133455096], "k_pid_alt": [1.2679502233621702, 0.0, 0.1576465649121419], "k_pid_att": [52.781640202125004, 1.0, 0.9274604585040267], "k_pid_yaw": [0.5, 1e-06, 0.1], "k_pid_hsp": [1.0, 0.029631885976391104, 0.01], "k_pid_vsp": [111.20884264032553, 93.09285943774285, 1.0]}, "datetime": {"datetime": "2025-08-20 14:12:42", "elapsed": 8416.778410673141, "delta": 18.441285371780396}, "costs": {"total_cost": 182.18520641813797, "time_cost": 68.57600000000001, "final_distance_cost": 1.8091162404848629, "oscillation_cost": 38.01821229362908, "completition_cost": 0.0, "overshoot_cost": 50.38316933262332, "power_cost": 12.296226538085937, "noise_cost": 11.102482013314766, "n_waypoints_completed": 9, "tot_waypoints": 9}}
{"target": -216.4698768840927, "params": {"k_pid_pos": [0.3389642570300425, 0.06328363340203702, 0.11401919133455096], "k_pid_alt": [1.2679502233621702, 0.0, 0.1], "k_pid_att": [66.62171653053798, 6.16091081068753, 0.9274604585040267], "k_pid_yaw": [0.5, 1e-06, 0.1], "k_pid_hsp": [1.0, 0.9572191492093396, 0.01], "k_pid_vsp": [111.20884264032553, 93.09285943774285, 1.0]}, "datetime": {"datetime": "2025-08-20 14:13:06", "elapsed": 8440.774767398834, "delta": 23.99635672569275}, "costs": {"total_cost": 216.4698768840927, "time_cost": 88.712, "final_distance_cost": 1.8503978244503392, "oscillation_cost": 43.18526955060404, "completition_cost": 0.0, "overshoot_cost": 52.96278021773668, "power_cost": 14.603942761230469, "noise_cost": 15.155486530071174, "n_waypoints_completed": 9, "tot_waypoints": 9}}
{"target": -181.74986087126274, "params": {"k_pid_pos": [1.4999912498542303, 0.11906128738229915, 0.11401919133455096], "k_pid_alt": [1.2679502233621702, 0.0, 0.2242343482792274], "k_pid_att": [43.948176657889235, 2.1609837743181, 0.9274604585040267], "k_pid_yaw": [0.5, 1e-06, 0.1], "k_pid_hsp": [1.0, 0.01, 0.01], "k_pid_vsp": [111.20884264032553, 93.09285943774285, 1.0]}, "datetime": {"datetime": "2025-08-20 14:13:23", "elapsed": 8458.488645076752, "delta": 17.71387767791748}, "costs": {"total_cost": 181.74986087126274, "time_cost": 68.944, "final_distance_cost": 1.8038589006519856, "oscillation_cost": 37.95335354904238, "completition_cost": 0.0, "overshoot_cost": 49.629279852776634, "power_cost": 12.244878991699219, "noise_cost": 11.174489577092533, "n_waypoints_completed": 9, "tot_waypoints": 9}}
{"target": -184.8458132377181, "params": {"k_pid_pos": [1.9188042305344217, 0.024859491386256316, 0.11401919133455096], "k_pid_alt": [1.2679502233621702, 0.0, 0.1], "k_pid_att": [59.499437225992025, 3.7802132718527557, 0.9274604585040267], "k_pid_yaw": [0.5, 1e-06, 0.1], "k_pid_hsp": [1.0, 0.01, 0.01], "k_pid_vsp": [42.24848860435038, 93.09285943774285, 1.0]}, "datetime": {"datetime": "2025-08-20 14:13:41", "elapsed": 8476.083548784256, "delta": 17.594903707504272}, "costs": {"total_cost": 184.8458132377181, "time_cost": 68.272, "final_distance_cost": 1.7969724144520727, "oscillation_cost": 41.591978174377566, "completition_cost": 0.0, "overshoot_cost": 50.00255412625034, "power_cost": 12.155832373046875, "noise_cost": 11.026476149591229, "n_waypoints_completed": 9, "tot_waypoints": 9}}
{"target": -304.9941201046088, "params": {"k_pid_pos": [1.4698128353043505, 0.024859491386256316, 0.11401919133455096], "k_pid_alt": [1.2679502233621702, 0.0, 0.1], "k_pid_att": [52.781640202125004, 1.0, 0.9274604585040267], "k_pid_yaw": [0.5, 1e-06, 0.1], "k_pid_hsp": [1.0, 0.029631885976391104, 0.43414878436037274], "k_pid_vsp": [143.10102476512975, 93.09285943774285, 1.0]}, "datetime": {"datetime": "2025-08-20 14:14:00", "elapsed": 8495.460518836975, "delta": 19.376970052719116}, "costs": {"total_cost": 304.9941201046088, "time_cost": 75.336, "final_distance_cost": 1.7788696129827073, "oscillation_cost": 147.54632787266246, "completition_cost": 0.0, "overshoot_cost": 52.069190650841755, "power_cost": 15.462687353515626, "noise_cost": 12.801044614606242, "n_waypoints_completed": 9, "tot_waypoints": 9}}
{"target": -183.77029147655395, "params": {"k_pid_pos": [1.3078103269235994, 0.024859491386256316, 0.11401919133455096], "k_pid_alt": [1.2679502233621702, 0.0, 0.1], "k_pid_att": [52.781640202125004, 1.0, 0.9274604585040267], "k_pid_yaw": [0.5, 1e-06, 0.1], "k_pid_hsp": [1.0, 0.029631885976391104, 0.01], "k_pid_vsp": [397.63618790684643, 93.09285943774285, 1.0]}, "datetime": {"datetime": "2025-08-20 14:14:18", "elapsed": 8513.331248283386, "delta": 17.870729446411133}, "costs": {"total_cost": 183.77029147655395, "time_cost": 69.152, "final_distance_cost": 1.8228026099703374, "oscillation_cost": 37.855990910719335, "completition_cost": 0.0, "overshoot_cost": 50.83063974995055, "power_cost": 12.613260302734375, "noise_cost": 11.49559790317937, "n_waypoints_completed": 9, "tot_waypoints": 9}}
{"target": -202.16103322750922, "params": {"k_pid_pos": [1.4698128353043505, 0.024859491386256316, 0.9062157365473852], "k_pid_alt": [1.2679502233621702, 0.21279159204151088, 0.1], "k_pid_att": [43.948176657889235, 3.7802132718527557, 0.9274604585040267], "k_pid_yaw": [0.5, 1e-06, 0.1], "k_pid_hsp": [1.0, 0.029631885976391104, 0.01], "k_pid_vsp": [111.20884264032553, 93.09285943774285, 1.0]}, "datetime": {"datetime": "2025-08-20 14:14:40", "elapsed": 8534.745892047882, "delta": 21.41464376449585}, "costs": {"total_cost": 202.16103322750922, "time_cost": 80.336, "final_distance_cost": 1.794640855059492, "oscillation_cost": 43.584856700612036, "completition_cost": 0.0, "overshoot_cost": 50.747513059958656, "power_cost": 13.50026572265625, "noise_cost": 12.19775688922276, "n_waypoints_completed": 9, "tot_waypoints": 9}}
{"target": -184.04100986065637, "params": {"k_pid_pos": [1.4698128353043505, 0.024859491386256316, 0.11401919133455096], "k_pid_alt": [1.2679502233621702, 0.0, 0.16072894317769304], "k_pid_att": [94.70626418914286, 3.7802132718527557, 0.9274604585040267], "k_pid_yaw": [0.5, 1e-06, 0.1], "k_pid_hsp": [1.0, 0.01, 0.01], "k_pid_vsp": [111.20884264032553, 93.09285943774285, 1.0]}, "datetime": {"datetime": "2025-08-20 14:14:58", "elapsed": 8552.587831735611, "delta": 17.841939687728882}, "costs": {"total_cost": 184.04100986065637, "time_cost": 68.84, "final_distance_cost": 1.7884176165314718, "oscillation_cost": 38.97155554788538, "completition_cost": 0.0, "overshoot_cost": 51.02358652865691, "power_cost": 12.256684399414063, "noise_cost": 11.160765768168504, "n_waypoints_completed": 9, "tot_waypoints": 9}}
{"target": -186.94648481473524, "params": {"k_pid_pos": [1.0031316701085804, 0.024859491386256316, 0.11401919133455096], "k_pid_alt": [1.2679502233621702, 0.0, 0.1], "k_pid_att": [43.948176657889235, 3.7802132718527557, 0.9274604585040267], "k_pid_yaw": [0.5, 1e-06, 0.1], "k_pid_hsp": [1.0, 0.01, 0.01], "k_pid_vsp": [279.31855783528204, 93.09285943774285, 1.0]}, "datetime": {"datetime": "2025-08-20 14:15:17", "elapsed": 8571.731505393982, "delta": 19.14367365837097}, "costs": {"total_cost": 186.94648481473524, "time_cost": 72.384, "final_distance_cost": 1.8445837185429825, "oscillation_cost": 38.1589525307396, "completition_cost": 0.0, "overshoot_cost": 49.652212735490885, "power_cost": 12.854801135253906, "noise_cost": 12.051934694707882, "n_waypoints_completed": 9, "tot_waypoints": 9}}
{"target": -329.74124963818474, "params": {"k_pid_pos": [0.7036613434574084, 0.024859491386256316, 0.11401919133455096], "k_pid_alt": [1.2679502233621702, 0.0, 0.1], "k_pid_att": [43.948176657889235, 1.0, 0.9274604585040267], "k_pid_yaw": [0.5, 1e-06, 0.1], "k_pid_hsp": [1.0, 0.3912792508993721, 0.333635037126335], "k_pid_vsp": [111.20884264032553, 139.20520652041523, 1.0]}, "datetime": {"datetime": "2025-08-20 14:15:38", "elapsed": 8593.062285900116, "delta": 21.330780506134033}, "costs": {"total_cost": 329.74124963818474, "time_cost": 80.936, "final_distance_cost": 1.824295441858173, "oscillation_cost": 164.8391303730829, "completition_cost": 0.0, "overshoot_cost": 51.95935537533938, "power_cost": 15.859443005371094, "noise_cost": 14.323025442533195, "n_waypoints_completed": 9, "tot_waypoints": 9}}
{"target": -180.82633189952398, "params": {"k_pid_pos": [1.4698128353043505, 0.024859491386256316, 0.11401919133455096], "k_pid_alt": [1.2679502233621702, 0.0, 0.1], "k_pid_att": [43.948176657889235, 3.7802132718527557, 0.9274604585040267], "k_pid_yaw": [0.5, 1e-06, 0.1], "k_pid_hsp": [1.0, 0.01, 0.01], "k_pid_vsp": [111.20884264032553, 93.09285943774285, 1.0]}, "datetime": {"datetime": "2025-08-20 14:15:54", "elapsed": 8609.216633796692, "delta": 16.154347896575928}, "costs": {"total_cost": 180.82633189952398, "time_cost": 68.456, "final_distance_cost": 1.8129035550535026, "oscillation_cost": 37.19502557670047, "completition_cost": 0.0, "overshoot_cost": 50.071586228309805, "power_cost": 12.12881405029297, "noise_cost": 11.162002489167234, "n_waypoints_completed": 9, "tot_waypoints": 9}}
{"target": -180.82633189952398, "params": {"k_pid_pos": [1.4698128353043505, 0.024859491386256316, 0.11401919133455096], "k_pid_alt": [1.2679502233621702, 0.0, 0.1], "k_pid_att": [43.948176657889235, 3.7802132718527557, 0.9274604585040267], "k_pid_yaw": [0.5, 1e-06, 0.1], "k_pid_hsp": [1.0, 0.01, 0.01], "k_pid_vsp": [111.20884264032553, 93.09285943774285, 1.0]}, "datetime": {"datetime": "2025-08-20 14:16:11", "elapsed": 8626.324898004532, "delta": 17.108264207839966}, "costs": {"total_cost": 180.82633189952398, "time_cost": 68.456, "final_distance_cost": 1.8129035550535026, "oscillation_cost": 37.19502557670047, "completition_cost": 0.0, "overshoot_cost": 50.071586228309805, "power_cost": 12.12881405029297, "noise_cost": 11.162002489167234, "n_waypoints_completed": 9, "tot_waypoints": 9}}
{"target": -180.82633189952398, "params": {"k_pid_pos": [1.4698128353043505, 0.024859491386256316, 0.11401919133455096], "k_pid_alt": [1.2679502233621702, 0.0, 0.1], "k_pid_att": [43.948176657889235, 3.7802132718527557, 0.9274604585040267], "k_pid_yaw": [0.5, 1e-06, 0.1], "k_pid_hsp": [1.0, 0.01, 0.01], "k_pid_vsp": [111.20884264032553, 93.09285943774285, 1.0]}, "datetime": {"datetime": "2025-08-20 14:16:29", "elapsed": 8643.946770429611, "delta": 17.621872425079346}, "costs": {"total_cost": 180.82633189952398, "time_cost": 68.456, "final_distance_cost": 1.8129035550535026, "oscillation_cost": 37.19502557670047, "completition_cost": 0.0, "overshoot_cost": 50.071586228309805, "power_cost": 12.12881405029297, "noise_cost": 11.162002489167234, "n_waypoints_completed": 9, "tot_waypoints": 9}}
{"target": -219.24099123797703, "params": {"k_pid_pos": [1.4698128353043505, 0.024859491386256316, 0.11401919133455096], "k_pid_alt": [1.2679502233621702, 0.11236987409269117, 0.8842100415650043], "k_pid_att": [43.948176657889235, 3.7802132718527557, 0.9274604585040267], "k_pid_yaw": [0.5, 1e-06, 0.1], "k_pid_hsp": [1.0, 0.01, 0.01], "k_pid_vsp": [279.31855783528204, 93.09285943774285, 1.0]}, "datetime": {"datetime": "2025-08-20 14:16:55", "elapsed": 8669.955084085464, "delta": 26.00831365585327}, "costs": {"total_cost": 219.24099123797703, "time_cost": 86.83200000000001, "final_distance_cost": 1.799568454696239, "oscillation_cost": 50.171061060311516, "completition_cost": 0.0, "overshoot_cost": 51.41163894579958, "power_cost": 15.433547888183595, "noise_cost": 13.59317488898607, "n_waypoints_completed": 9, "tot_waypoints": 9}}
{"target": -328.517115643853, "params": {"k_pid_pos": [1.0031316701085804, 0.024859491386256316, 0.11401919133455096], "k_pid_alt": [1.2679502233621702, 0.0, 0.1], "k_pid_att": [63.38804696362723, 1.0, 0.9274604585040267], "k_pid_yaw": [0.5, 1e-06, 0.1], "k_pid_hsp": [1.0, 0.2320249538069996, 0.35927834599623976], "k_pid_vsp": [392.47350887632734, 139.20520652041523, 7.25306116577374]}, "datetime": {"datetime": "2025-08-20 14:17:16", "elapsed": 8690.77070260048, "delta": 20.81561851501465}, "costs": {"total_cost": 328.517115643853, "time_cost": 82.776, "final_distance_cost": 1.7846888794040976, "oscillation_cost": 160.63999074163598, "completition_cost": 0.0, "overshoot_cost": 52.21776469090328, "power_cost": 16.78284365234375, "noise_cost": 14.315827679565936, "n_waypoints_completed": 9, "tot_waypoints": 9}}
