{"target": -189.66057082376798, "params": {"k_pid_pos": [1.4698128353043505, 0.024859491386256316, 0.3434561031905483], "k_pid_alt": [1.2679502233621702, 0.0, 0.1], "k_pid_att": [43.948176657889235, 1.326856224425946, 0.20229419379053937], "k_pid_yaw": [0.5, 1e-06, 0.1], "k_pid_hsp": [2.82373402557605, 0.23222683524705579, 0.01], "k_pid_vsp": [111.20884264032553, 102.7157397860675, 1.0]}, "datetime": {"datetime": "2025-08-20 20:00:08", "elapsed": 29262.90793824196, "delta": 16.38801860809326}, "costs": {"total_cost": 189.66057082376798, "time_cost": 69.0, "final_distance_cost": 1.8406479655774695, "oscillation_cost": 46.84391720129389, "completition_cost": 0.0, "overshoot_cost": 49.79795791083353, "power_cost": 11.224474255371094, "noise_cost": 10.953573490691982, "n_waypoints_completed": 9, "tot_waypoints": 9}}
{"target": -200.8149880944678, "params": {"k_pid_pos": [1.4698128353043505, 0.6483051007679832, 0.3434561031905483], "k_pid_alt": [1.2679502233621702, 0.0, 0.1], "k_pid_att": [43.948176657889235, 1.326856224425946, 0.9274604585040267], "k_pid_yaw": [0.5, 1e-06, 0.1], "k_pid_hsp": [2.82373402557605, 0.01, 0.01], "k_pid_vsp": [131.89521188480865, 102.7157397860675, 1.0]}, "datetime": {"datetime": "2025-08-20 20:00:26", "elapsed": 29280.876979112625, "delta": 17.969040870666504}, "costs": {"total_cost": 200.8149880944678, "time_cost": 80.08800000000001, "final_distance_cost": 1.7409954024338734, "oscillation_cost": 39.93194919942964, "completition_cost": 0.0, "overshoot_cost": 52.77292160224534, "power_cost": 13.781236230468751, "noise_cost": 12.4998856598902, "n_waypoints_completed": 9, "tot_waypoints": 9}}
{"target": -177.6739252695265, "params": {"k_pid_pos": [1.4698128353043505, 0.024859491386256316, 0.3434561031905483], "k_pid_alt": [1.2679502233621702, 0.0, 0.1], "k_pid_att": [43.948176657889235, 1.326856224425946, 0.9274604585040267], "k_pid_yaw": [0.5, 1e-06, 0.1], "k_pid_hsp": [2.82373402557605, 0.01, 0.01], "k_pid_vsp": [111.20884264032553, 102.7157397860675, 1.0]}, "datetime": {"datetime": "2025-08-20 20:00:42", "elapsed": 29297.09631919861, "delta": 16.219340085983276}, "costs": {"total_cost": 177.6739252695265, "time_cost": 69.152, "final_distance_cost": 1.8262656886158488, "oscillation_cost": 34.33594552183275, "completition_cost": 0.0, "overshoot_cost": 50.065815663241324, "power_cost": 11.237653356933594, "noise_cost": 11.056245038902981, "n_waypoints_completed": 9, "tot_waypoints": 9}}
{"target": -177.6739252695265, "params": {"k_pid_pos": [1.4698128353043505, 0.024859491386256316, 0.3434561031905483], "k_pid_alt": [1.2679502233621702, 0.0, 0.1], "k_pid_att": [43.948176657889235, 1.326856224425946, 0.9274604585040267], "k_pid_yaw": [0.5, 1e-06, 0.1], "k_pid_hsp": [2.82373402557605, 0.01, 0.01], "k_pid_vsp": [111.20884264032553, 102.7157397860675, 1.0]}, "datetime": {"datetime": "2025-08-20 20:00:58", "elapsed": 29313.180949687958, "delta": 16.084630489349365}, "costs": {"total_cost": 177.6739252695265, "time_cost": 69.152, "final_distance_cost": 1.8262656886158488, "oscillation_cost": 34.33594552183275, "completition_cost": 0.0, "overshoot_cost": 50.065815663241324, "power_cost": 11.237653356933594, "noise_cost": 11.056245038902981, "n_waypoints_completed": 9, "tot_waypoints": 9}}
{"target": -177.6739252695265, "params": {"k_pid_pos": [1.4698128353043505, 0.024859491386256316, 0.3434561031905483], "k_pid_alt": [1.2679502233621702, 0.0, 0.1], "k_pid_att": [43.948176657889235, 1.326856224425946, 0.9274604585040267], "k_pid_yaw": [0.5, 1e-06, 0.1], "k_pid_hsp": [2.82373402557605, 0.01, 0.01], "k_pid_vsp": [111.20884264032553, 102.7157397860675, 1.0]}, "datetime": {"datetime": "2025-08-20 20:01:13", "elapsed": 29328.439659118652, "delta": 15.25870943069458}, "costs": {"total_cost": 177.6739252695265, "time_cost": 69.152, "final_distance_cost": 1.8262656886158488, "oscillation_cost": 34.33594552183275, "completition_cost": 0.0, "overshoot_cost": 50.065815663241324, "power_cost": 11.237653356933594, "noise_cost": 11.056245038902981, "n_waypoints_completed": 9, "tot_waypoints": 9}}
{"target": -619.2947327039494, "params": {"k_pid_pos": [1.4698128353043505, 0.024859491386256316, 0.3434561031905483], "k_pid_alt": [1.2679502233621702, 0.0, 0.1], "k_pid_att": [43.948176657889235, 1.326856224425946, 0.9274604585040267], "k_pid_yaw": [0.5, 1e-06, 0.1], "k_pid_hsp": [2.82373402557605, 0.01, 0.01], "k_pid_vsp": [111.20884264032553, 204.07655940128305, 155.9321020013186]}, "datetime": {"datetime": "2025-08-20 20:01:36", "elapsed": 29351.295964241028, "delta": 22.85630512237549}, "costs": {"total_cost": 619.2947327039494, "time_cost": 150, "final_distance_cost": 75.84318091293763, "oscillation_cost": 54.46322870586899, "completition_cost": 222.2222222222222, "overshoot_cost": 69.80309847950744, "power_cost": 27.96375799560547, "noise_cost": 18.9992443878078, "n_waypoints_completed": 7, "tot_waypoints": 9}}
{"target": -181.03494993282095, "params": {"k_pid_pos": [1.4698128353043505, 0.024859491386256316, 0.3434561031905483], "k_pid_alt": [1.2679502233621702, 0.0, 0.15791560522360282], "k_pid_att": [28.19473841193917, 1.326856224425946, 0.8466505764833102], "k_pid_yaw": [0.5, 1e-06, 0.1], "k_pid_hsp": [2.82373402557605, 0.01, 0.01], "k_pid_vsp": [111.20884264032553, 102.7157397860675, 1.0]}, "datetime": {"datetime": "2025-08-20 20:01:51", "elapsed": 29366.328524827957, "delta": 15.032560586929321}, "costs": {"total_cost": 181.03494993282095, "time_cost": 69.296, "final_distance_cost": 1.8335284597745087, "oscillation_cost": 37.272862741827886, "completition_cost": 0.0, "overshoot_cost": 50.5651156262639, "power_cost": 11.152841235351563, "noise_cost": 10.91460186960307, "n_waypoints_completed": 9, "tot_waypoints": 9}}
{"target": -182.35052892749434, "params": {"k_pid_pos": [1.4698128353043505, 0.024859491386256316, 0.3434561031905483], "k_pid_alt": [1.2679502233621702, 0.0, 0.15791560522360282], "k_pid_att": [43.948176657889235, 1.326856224425946, 0.9274604585040267], "k_pid_yaw": [0.5, 1e-06, 0.1], "k_pid_hsp": [2.82373402557605, 0.01, 0.01], "k_pid_vsp": [111.20884264032553, 269.5271781685674, 1.0]}, "datetime": {"datetime": "2025-08-20 20:02:07", "elapsed": 29382.392404079437, "delta": 16.063879251480103}, "costs": {"total_cost": 182.35052892749434, "time_cost": 69.208, "final_distance_cost": 1.833029282220044, "oscillation_cost": 38.418545104993626, "completition_cost": 0.0, "overshoot_cost": 49.77284670207824, "power_cost": 11.92468739013672, "noise_cost": 11.193420448065728, "n_waypoints_completed": 9, "tot_waypoints": 9}}
{"target": -180.83468035212658, "params": {"k_pid_pos": [1.4698128353043505, 0.024859491386256316, 0.1802133514710682], "k_pid_alt": [1.2679502233621702, 0.0, 0.1], "k_pid_att": [43.948176657889235, 1.326856224425946, 0.9274604585040267], "k_pid_yaw": [0.5, 1e-06, 0.1], "k_pid_hsp": [2.82373402557605, 0.01, 0.01], "k_pid_vsp": [111.20884264032553, 240.3593476710196, 1.0]}, "datetime": {"datetime": "2025-08-20 20:02:23", "elapsed": 29398.144552469254, "delta": 15.752148389816284}, "costs": {"total_cost": 180.83468035212658, "time_cost": 68.744, "final_distance_cost": 1.7936244204904634, "oscillation_cost": 37.94840544718433, "completition_cost": 0.0, "overshoot_cost": 49.79992306164928, "power_cost": 11.586665991210937, "noise_cost": 10.962061431591561, "n_waypoints_completed": 9, "tot_waypoints": 9}}
{"target": -208.63497009846822, "params": {"k_pid_pos": [1.4698128353043505, 0.024859491386256316, 0.3434561031905483], "k_pid_alt": [1.2679502233621702, 0.155336063473134, 0.1], "k_pid_att": [11.329609997636037, 1.326856224425946, 0.1640762053479683], "k_pid_yaw": [0.5, 1e-06, 0.1], "k_pid_hsp": [2.82373402557605, 0.01, 0.01], "k_pid_vsp": [182.43953563434863, 102.7157397860675, 1.0]}, "datetime": {"datetime": "2025-08-20 20:02:40", "elapsed": 29415.41027879715, "delta": 17.265726327896118}, "costs": {"total_cost": 208.63497009846822, "time_cost": 81.504, "final_distance_cost": 1.7996779249377806, "oscillation_cost": 47.130476656341635, "completition_cost": 0.0, "overshoot_cost": 50.75573607041202, "power_cost": 14.707452111816407, "noise_cost": 12.737627334960404, "n_waypoints_completed": 9, "tot_waypoints": 9}}
{"target": -186.59996307166816, "params": {"k_pid_pos": [1.4698128353043505, 0.024859491386256316, 0.3434561031905483], "k_pid_alt": [1.2679502233621702, 0.0, 0.1], "k_pid_att": [43.948176657889235, 6.043751783864618, 0.9274604585040267], "k_pid_yaw": [0.5, 1e-06, 0.1], "k_pid_hsp": [2.82373402557605, 0.8913970061319592, 0.01], "k_pid_vsp": [111.20884264032553, 102.7157397860675, 1.0]}, "datetime": {"datetime": "2025-08-20 20:02:56", "elapsed": 29431.471948623657, "delta": 16.06166982650757}, "costs": {"total_cost": 186.59996307166816, "time_cost": 68.8, "final_distance_cost": 1.8435074790022579, "oscillation_cost": 44.877252941025425, "completition_cost": 0.0, "overshoot_cost": 48.78906248199631, "power_cost": 11.344037414550781, "noise_cost": 10.946102755093381, "n_waypoints_completed": 9, "tot_waypoints": 9}}
{"target": -220.45959516348913, "params": {"k_pid_pos": [1.4698128353043505, 0.024859491386256316, 0.5922288399539734], "k_pid_alt": [0.6162310025038176, 0.0, 0.15791560522360282], "k_pid_att": [43.948176657889235, 1.326856224425946, 0.12678522794134206], "k_pid_yaw": [0.5, 1e-06, 0.1], "k_pid_hsp": [2.82373402557605, 0.01, 0.01], "k_pid_vsp": [111.20884264032553, 102.7157397860675, 1.0]}, "datetime": {"datetime": "2025-08-20 20:03:13", "elapsed": 29447.921396017075, "delta": 16.44944739341736}, "costs": {"total_cost": 220.45959516348913, "time_cost": 75.872, "final_distance_cost": 1.8503042334875472, "oscillation_cost": 67.97942647057359, "completition_cost": 0.0, "overshoot_cost": 49.96580627552683, "power_cost": 12.793828552246094, "noise_cost": 11.998229631655088, "n_waypoints_completed": 9, "tot_waypoints": 9}}
{"target": -326.2050709271416, "params": {"k_pid_pos": [1.4698128353043505, 0.024859491386256316, 0.3434561031905483], "k_pid_alt": [1.2679502233621702, 0.0, 0.1], "k_pid_att": [43.948176657889235, 1.326856224425946, 0.9274604585040267], "k_pid_yaw": [0.5, 1e-06, 0.1], "k_pid_hsp": [2.82373402557605, 0.01, 0.901129329632614], "k_pid_vsp": [111.20884264032553, 102.7157397860675, 1.0]}, "datetime": {"datetime": "2025-08-20 20:03:31", "elapsed": 29466.182754278183, "delta": 18.2613582611084}, "costs": {"total_cost": 326.2050709271416, "time_cost": 79.376, "final_distance_cost": 1.7175682542700617, "oscillation_cost": 163.04549251630468, "completition_cost": 0.0, "overshoot_cost": 52.44987739394418, "power_cost": 15.843904736328126, "noise_cost": 13.772228026294567, "n_waypoints_completed": 9, "tot_waypoints": 9}}
{"target": -212.28436171002704, "params": {"k_pid_pos": [1.4698128353043505, 0.024859491386256316, 0.3434561031905483], "k_pid_alt": [0.4051391666732884, 0.0, 0.15791560522360282], "k_pid_att": [43.948176657889235, 1.326856224425946, 0.9274604585040267], "k_pid_yaw": [0.5, 1e-06, 0.1], "k_pid_hsp": [2.82373402557605, 0.06598244628182415, 0.01], "k_pid_vsp": [111.20884264032553, 102.7157397860675, 1.0]}, "datetime": {"datetime": "2025-08-20 20:03:51", "elapsed": 29486.210139751434, "delta": 20.027385473251343}, "costs": {"total_cost": 212.28436171002704, "time_cost": 87.552, "final_distance_cost": 1.8570695275249058, "oscillation_cost": 45.66663874351477, "completition_cost": 0.0, "overshoot_cost": 49.9474536546627, "power_cost": 14.057836938476564, "noise_cost": 13.203362845848122, "n_waypoints_completed": 9, "tot_waypoints": 9}}
{"target": -179.5646914908807, "params": {"k_pid_pos": [1.4698128353043505, 0.024859491386256316, 0.3434561031905483], "k_pid_alt": [1.411112159818204, 0.0, 0.1], "k_pid_att": [43.948176657889235, 1.326856224425946, 0.9274604585040267], "k_pid_yaw": [0.5, 1e-06, 0.1], "k_pid_hsp": [2.82373402557605, 0.01, 0.01], "k_pid_vsp": [111.20884264032553, 102.7157397860675, 1.0]}, "datetime": {"datetime": "2025-08-20 20:04:07", "elapsed": 29501.55252456665, "delta": 15.342384815216064}, "costs": {"total_cost": 179.5646914908807, "time_cost": 68.984, "final_distance_cost": 1.833704514015444, "oscillation_cost": 36.68076601552289, "completition_cost": 0.0, "overshoot_cost": 49.92531277011725, "power_cost": 11.183620385742188, "noise_cost": 10.957287805482947, "n_waypoints_completed": 9, "tot_waypoints": 9}}
{"target": -572.8738261043947, "params": {"k_pid_pos": [1.4698128353043505, 0.9327672904145493, 0.3434561031905483], "k_pid_alt": [1.2679502233621702, 0.2949238483057658, 0.02282466901291924], "k_pid_att": [43.948176657889235, 1.326856224425946, 0.9274604585040267], "k_pid_yaw": [0.5, 1e-06, 0.1], "k_pid_hsp": [2.82373402557605, 0.01, 0.01], "k_pid_vsp": [111.20884264032553, 102.7157397860675, 1.0]}, "datetime": {"datetime": "2025-08-20 20:04:31", "elapsed": 29526.233134508133, "delta": 24.680609941482544}, "costs": {"total_cost": 572.8738261043947, "time_cost": 150, "final_distance_cost": 65.8824298449693, "oscillation_cost": 52.61289312042023, "completition_cost": 222.2222222222222, "overshoot_cost": 48.93574911064554, "power_cost": 18.013238940429687, "noise_cost": 15.207292865707679, "n_waypoints_completed": 7, "tot_waypoints": 9}}
{"target": -201.40469614072637, "params": {"k_pid_pos": [1.4698128353043505, 0.024859491386256316, 0.3434561031905483], "k_pid_alt": [1.2679502233621702, 0.0, 0.23086984934879706], "k_pid_att": [43.948176657889235, 1.326856224425946, 0.3529475069797985], "k_pid_yaw": [0.5, 1e-06, 0.1], "k_pid_hsp": [0.17225665165883555, 0.01, 0.01], "k_pid_vsp": [111.20884264032553, 57.93155354082285, 16.252805564631274]}, "datetime": {"datetime": "2025-08-20 20:04:51", "elapsed": 29545.625406980515, "delta": 19.392272472381592}, "costs": {"total_cost": 201.40469614072637, "time_cost": 75.47200000000001, "final_distance_cost": 1.81404354818644, "oscillation_cost": 46.0317811781922, "completition_cost": 0.0, "overshoot_cost": 50.2351847061633, "power_cost": 15.645965039062501, "noise_cost": 12.205721669121912, "n_waypoints_completed": 9, "tot_waypoints": 9}}
{"target": -181.92888907407746, "params": {"k_pid_pos": [1.4698128353043505, 0.024859491386256316, 0.3434561031905483], "k_pid_alt": [1.2679502233621702, 0.0, 0.1], "k_pid_att": [11.329609997636037, 6.043751783864618, 0.9274604585040267], "k_pid_yaw": [0.5, 1e-06, 0.1], "k_pid_hsp": [2.82373402557605, 0.01, 0.01], "k_pid_vsp": [111.20884264032553, 102.7157397860675, 1.0]}, "datetime": {"datetime": "2025-08-20 20:05:06", "elapsed": 29560.569648504257, "delta": 14.944241523742676}, "costs": {"total_cost": 181.92888907407746, "time_cost": 68.888, "final_distance_cost": 1.826581783100355, "oscillation_cost": 38.622988607274, "completition_cost": 0.0, "overshoot_cost": 49.619367564752615, "power_cost": 11.860251733398439, "noise_cost": 11.111699385552052, "n_waypoints_completed": 9, "tot_waypoints": 9}}
{"target": -184.418014013262, "params": {"k_pid_pos": [1.4698128353043505, 0.024859491386256316, 0.3434561031905483], "k_pid_alt": [0.7503000084241305, 0.0, 0.1], "k_pid_att": [10.144412392664826, 1.326856224425946, 0.9274604585040267], "k_pid_yaw": [0.5, 1e-06, 0.1], "k_pid_hsp": [2.82373402557605, 0.01, 0.01], "k_pid_vsp": [111.20884264032553, 102.7157397860675, 1.0]}, "datetime": {"datetime": "2025-08-20 20:05:22", "elapsed": 29576.74486899376, "delta": 16.175220489501953}, "costs": {"total_cost": 184.418014013262, "time_cost": 71.616, "final_distance_cost": 1.8328919923908946, "oscillation_cost": 37.30204379841642, "completition_cost": 0.0, "overshoot_cost": 49.49110214166811, "power_cost": 12.723397216796876, "noise_cost": 11.45257886398969, "n_waypoints_completed": 9, "tot_waypoints": 9}}
{"target": -195.55705973235808, "params": {"k_pid_pos": [1.4698128353043505, 0.024859491386256316, 0.3434561031905483], "k_pid_alt": [1.2679502233621702, 0.0, 0.23086984934879706], "k_pid_att": [43.948176657889235, 1.326856224425946, 0.3529475069797985], "k_pid_yaw": [0.5, 1e-06, 0.1], "k_pid_hsp": [2.82373402557605, 0.01, 0.01], "k_pid_vsp": [333.9671041363143, 289.9420907665546, 16.252805564631274]}, "datetime": {"datetime": "2025-08-20 20:05:37", "elapsed": 29591.8431224823, "delta": 15.09825348854065}, "costs": {"total_cost": 195.55705973235808, "time_cost": 69.47200000000001, "final_distance_cost": 1.8429288036685598, "oscillation_cost": 44.533097313313064, "completition_cost": 0.0, "overshoot_cost": 50.17334836175076, "power_cost": 16.875976879882813, "noise_cost": 12.659708373742884, "n_waypoints_completed": 9, "tot_waypoints": 9}}
{"target": -177.6739252695265, "params": {"k_pid_pos": [1.4698128353043505, 0.024859491386256316, 0.3434561031905483], "k_pid_alt": [1.2679502233621702, 0.0, 0.1], "k_pid_att": [43.948176657889235, 1.326856224425946, 0.9274604585040267], "k_pid_yaw": [0.5, 1e-06, 0.1], "k_pid_hsp": [2.82373402557605, 0.01, 0.01], "k_pid_vsp": [111.20884264032553, 102.7157397860675, 1.0]}, "datetime": {"datetime": "2025-08-20 20:05:55", "elapsed": 29609.54447054863, "delta": 17.701348066329956}, "costs": {"total_cost": 177.6739252695265, "time_cost": 69.152, "final_distance_cost": 1.8262656886158488, "oscillation_cost": 34.33594552183275, "completition_cost": 0.0, "overshoot_cost": 50.065815663241324, "power_cost": 11.237653356933594, "noise_cost": 11.056245038902981, "n_waypoints_completed": 9, "tot_waypoints": 9}}
{"target": -1368.0296155323567, "params": {"k_pid_pos": [1.4698128353043505, 0.024859491386256316, 0.3434561031905483], "k_pid_alt": [1.2679502233621702, 0.0, 0.4421029924697406], "k_pid_att": [11.329609997636037, 6.043751783864618, 0.9274604585040267], "k_pid_yaw": [0.5, 1e-06, 0.1], "k_pid_hsp": [2.82373402557605, 0.01, 0.537384756228717], "k_pid_vsp": [111.20884264032553, 102.7157397860675, 285.7795632228898]}, "datetime": {"datetime": "2025-08-20 20:06:17", "elapsed": 29632.36122083664, "delta": 22.816750288009644}, "costs": {"total_cost": 1368.0296155323567, "time_cost": 150, "final_distance_cost": 73.95415251420484, "oscillation_cost": 256.4561964207816, "completition_cost": 777.7777777777778, "overshoot_cost": 72.3978939302017, "power_cost": 20.54590538330078, "noise_cost": 16.897689506090032, "n_waypoints_completed": 2, "tot_waypoints": 9}}
{"target": -183.27415893611166, "params": {"k_pid_pos": [1.4698128353043505, 0.024859491386256316, 0.3434561031905483], "k_pid_alt": [1.2679502233621702, 0.0, 0.1], "k_pid_att": [81.71435317647585, 1.326856224425946, 0.9274604585040267], "k_pid_yaw": [0.5, 1e-06, 0.1], "k_pid_hsp": [2.82373402557605, 0.01, 0.01], "k_pid_vsp": [111.20884264032553, 102.7157397860675, 1.0]}, "datetime": {"datetime": "2025-08-20 20:06:32", "elapsed": 29647.377274036407, "delta": 15.016053199768066}, "costs": {"total_cost": 183.27415893611166, "time_cost": 69.392, "final_distance_cost": 1.8256949517226244, "oscillation_cost": 38.31073295731263, "completition_cost": 0.0, "overshoot_cost": 50.758093829548415, "power_cost": 11.726777770996094, "noise_cost": 11.260859426531873, "n_waypoints_completed": 9, "tot_waypoints": 9}}
{"target": -198.99337318986994, "params": {"k_pid_pos": [1.4698128353043505, 0.024859491386256316, 0.3434561031905483], "k_pid_alt": [1.2679502233621702, 0.055900154593489515, 0.1], "k_pid_att": [43.948176657889235, 1.326856224425946, 0.9274604585040267], "k_pid_yaw": [0.5, 1e-06, 0.1], "k_pid_hsp": [2.82373402557605, 0.01, 0.01], "k_pid_vsp": [111.20884264032553, 165.97121828777006, 1.0]}, "datetime": {"datetime": "2025-08-20 20:06:51", "elapsed": 29665.663483142853, "delta": 18.286209106445312}, "costs": {"total_cost": 198.99337318986994, "time_cost": 80.544, "final_distance_cost": 1.8220256434562716, "oscillation_cost": 40.73668516506844, "completition_cost": 0.0, "overshoot_cost": 51.25981950832129, "power_cost": 12.552006408691406, "noise_cost": 12.078836464332547, "n_waypoints_completed": 9, "tot_waypoints": 9}}
{"target": -204.03945488310967, "params": {"k_pid_pos": [1.4698128353043505, 0.024859491386256316, 0.3434561031905483], "k_pid_alt": [1.2679502233621702, 0.32706958222753924, 0.1], "k_pid_att": [11.329609997636037, 6.043751783864618, 0.9274604585040267], "k_pid_yaw": [0.5, 1e-06, 0.1], "k_pid_hsp": [2.82373402557605, 0.01, 0.01], "k_pid_vsp": [152.62952303200586, 102.7157397860675, 1.0]}, "datetime": {"datetime": "2025-08-20 20:07:08", "elapsed": 29682.829298257828, "delta": 17.165815114974976}, "costs": {"total_cost": 204.03945488310967, "time_cost": 77.44800000000001, "final_distance_cost": 1.778653852540108, "oscillation_cost": 49.303273261515336, "completition_cost": 0.0, "overshoot_cost": 50.253657586406824, "power_cost": 13.381012023925782, "noise_cost": 11.874858158721594, "n_waypoints_completed": 9, "tot_waypoints": 9}}
{"target": -177.6739252695265, "params": {"k_pid_pos": [1.4698128353043505, 0.024859491386256316, 0.3434561031905483], "k_pid_alt": [1.2679502233621702, 0.0, 0.1], "k_pid_att": [43.948176657889235, 1.326856224425946, 0.9274604585040267], "k_pid_yaw": [0.5, 1e-06, 0.1], "k_pid_hsp": [2.82373402557605, 0.01, 0.01], "k_pid_vsp": [111.20884264032553, 102.7157397860675, 1.0]}, "datetime": {"datetime": "2025-08-20 20:07:24", "elapsed": 29698.591004133224, "delta": 15.761705875396729}, "costs": {"total_cost": 177.6739252695265, "time_cost": 69.152, "final_distance_cost": 1.8262656886158488, "oscillation_cost": 34.33594552183275, "completition_cost": 0.0, "overshoot_cost": 50.065815663241324, "power_cost": 11.237653356933594, "noise_cost": 11.056245038902981, "n_waypoints_completed": 9, "tot_waypoints": 9}}
