{"target": -181.09098889153074, "params": {"k_pid_pos": [1.4698128353043505, 0.08329610310830193, 0.37255195504867966], "k_pid_alt": [1.2679502233621702, 0.0, 0.38749705458809736], "k_pid_att": [43.948176657889235, 1.804321969363886, 0.8156350283449295], "k_pid_yaw": [0.5, 1e-06, 0.1], "k_pid_hsp": [2.453215942661283, 0.01, 0.01], "k_pid_vsp": [111.20884264032553, 102.7157397860675, 1.0]}, "datetime": {"datetime": "2025-08-20 21:07:33", "elapsed": 33308.384383678436, "delta": 15.068512439727783}, "costs": {"total_cost": 181.09098889153074, "time_cost": 70.136, "final_distance_cost": 1.8236575358025198, "oscillation_cost": 36.510280445544296, "completition_cost": 0.0, "overshoot_cost": 50.23635557554381, "power_cost": 11.30499744873047, "noise_cost": 11.079697885909662, "n_waypoints_completed": 9, "tot_waypoints": 9}}
{"target": -358.0484728869488, "params": {"k_pid_pos": [0.8368815531404513, 0.024859491386256316, 0.3434561031905483], "k_pid_alt": [1.2679502233621702, 0.0, 0.1], "k_pid_att": [43.948176657889235, 2.2679823893077855, 0.9274604585040267], "k_pid_yaw": [0.5, 1e-06, 0.1], "k_pid_hsp": [2.82373402557605, 0.6008678616936128, 0.6228174586925861], "k_pid_vsp": [111.20884264032553, 102.7157397860675, 1.0]}, "datetime": {"datetime": "2025-08-20 21:07:53", "elapsed": 33328.3479347229, "delta": 19.96355104446411}, "costs": {"total_cost": 358.0484728869488, "time_cost": 85.264, "final_distance_cost": 1.8334734931070842, "oscillation_cost": 187.02084109833666, "completition_cost": 0.0, "overshoot_cost": 51.20324917711794, "power_cost": 16.877871911621096, "noise_cost": 15.849037206766043, "n_waypoints_completed": 9, "tot_waypoints": 9}}
{"target": -177.6739252695265, "params": {"k_pid_pos": [1.4698128353043505, 0.024859491386256316, 0.3434561031905483], "k_pid_alt": [1.2679502233621702, 0.0, 0.1], "k_pid_att": [43.948176657889235, 1.326856224425946, 0.9274604585040267], "k_pid_yaw": [0.5, 1e-06, 0.1], "k_pid_hsp": [2.82373402557605, 0.01, 0.01], "k_pid_vsp": [111.20884264032553, 102.7157397860675, 1.0]}, "datetime": {"datetime": "2025-08-20 21:08:08", "elapsed": 33343.334815979004, "delta": 14.986881256103516}, "costs": {"total_cost": 177.6739252695265, "time_cost": 69.152, "final_distance_cost": 1.8262656886158488, "oscillation_cost": 34.33594552183275, "completition_cost": 0.0, "overshoot_cost": 50.065815663241324, "power_cost": 11.237653356933594, "noise_cost": 11.056245038902981, "n_waypoints_completed": 9, "tot_waypoints": 9}}
{"target": -189.68960793680623, "params": {"k_pid_pos": [1.4698128353043505, 0.024859491386256316, 0.3434561031905483], "k_pid_alt": [0.6761219750250387, 0.0, 0.1], "k_pid_att": [43.948176657889235, 1.326856224425946, 0.9274604585040267], "k_pid_yaw": [0.5, 1e-06, 0.1], "k_pid_hsp": [2.82373402557605, 0.01, 0.021852886903339197], "k_pid_vsp": [111.20884264032553, 102.7157397860675, 1.0]}, "datetime": {"datetime": "2025-08-20 21:08:25", "elapsed": 33360.17078137398, "delta": 16.835965394973755}, "costs": {"total_cost": 189.68960793680623, "time_cost": 72.72, "final_distance_cost": 1.8421642226841508, "oscillation_cost": 41.67788943209878, "completition_cost": 0.0, "overshoot_cost": 50.37194635427438, "power_cost": 11.776932629394532, "noise_cost": 11.300675298354372, "n_waypoints_completed": 9, "tot_waypoints": 9}}
{"target": -178.1720662008559, "params": {"k_pid_pos": [1.4698128353043505, 0.024859491386256316, 0.3434561031905483], "k_pid_alt": [1.2679502233621702, 0.0, 0.053878507660848673], "k_pid_att": [43.948176657889235, 1.326856224425946, 0.9274604585040267], "k_pid_yaw": [0.5, 1e-06, 0.1], "k_pid_hsp": [2.82373402557605, 0.01, 0.01], "k_pid_vsp": [104.30040172718557, 102.7157397860675, 1.0]}, "datetime": {"datetime": "2025-08-20 21:08:41", "elapsed": 33375.794489860535, "delta": 15.623708486557007}, "costs": {"total_cost": 178.1720662008559, "time_cost": 69.056, "final_distance_cost": 1.8396264392277424, "oscillation_cost": 35.42784337673628, "completition_cost": 0.0, "overshoot_cost": 49.831717436246926, "power_cost": 11.132902600097657, "noise_cost": 10.883976348547307, "n_waypoints_completed": 9, "tot_waypoints": 9}}
{"target": -210.37196116650745, "params": {"k_pid_pos": [1.4698128353043505, 0.16784794688345817, 0.3434561031905483], "k_pid_alt": [1.2679502233621702, 0.0, 0.1], "k_pid_att": [43.948176657889235, 3.4126860594551975, 0.9274604585040267], "k_pid_yaw": [0.5, 1e-06, 0.1], "k_pid_hsp": [9.459965195844077, 0.01, 0.01], "k_pid_vsp": [111.20884264032553, 102.7157397860675, 1.0]}, "datetime": {"datetime": "2025-08-20 21:08:57", "elapsed": 33392.37271142006, "delta": 16.578221559524536}, "costs": {"total_cost": 210.37196116650745, "time_cost": 69.528, "final_distance_cost": 1.7834305267061812, "oscillation_cost": 65.24214380957825, "completition_cost": 0.0, "overshoot_cost": 50.38241831515802, "power_cost": 12.125865893554687, "noise_cost": 11.310102621510323, "n_waypoints_completed": 9, "tot_waypoints": 9}}
{"target": -214.88177400088298, "params": {"k_pid_pos": [1.4698128353043505, 0.024859491386256316, 0.3434561031905483], "k_pid_alt": [1.2679502233621702, 0.18035720786275955, 0.1], "k_pid_att": [43.948176657889235, 3.4126860594551975, 0.49142852894840106], "k_pid_yaw": [0.5, 1e-06, 0.1], "k_pid_hsp": [2.82373402557605, 0.01, 0.01066281316812523], "k_pid_vsp": [17.584127766920332, 157.8230240226632, 1.0]}, "datetime": {"datetime": "2025-08-20 21:09:15", "elapsed": 33410.43658089638, "delta": 18.06386947631836}, "costs": {"total_cost": 214.88177400088298, "time_cost": 79.944, "final_distance_cost": 1.7891762114367518, "oscillation_cost": 57.23636407754973, "completition_cost": 0.0, "overshoot_cost": 50.79344465016724, "power_cost": 13.391393798828126, "noise_cost": 11.727395262901142, "n_waypoints_completed": 9, "tot_waypoints": 9}}
{"target": -178.2508478210064, "params": {"k_pid_pos": [1.4698128353043505, 0.0972045644645837, 0.3434561031905483], "k_pid_alt": [1.2679502233621702, 0.0, 0.1], "k_pid_att": [43.948176657889235, 6.395338907395326, 0.9274604585040267], "k_pid_yaw": [0.5, 1e-06, 0.1], "k_pid_hsp": [2.82373402557605, 0.01, 0.01], "k_pid_vsp": [111.20884264032553, 102.7157397860675, 1.0]}, "datetime": {"datetime": "2025-08-20 21:09:31", "elapsed": 33426.15782761574, "delta": 15.721246719360352}, "costs": {"total_cost": 178.2508478210064, "time_cost": 69.208, "final_distance_cost": 1.8049542896895856, "oscillation_cost": 34.61708931921393, "completition_cost": 0.0, "overshoot_cost": 50.194610478866316, "power_cost": 11.350881872558594, "noise_cost": 11.075311860677967, "n_waypoints_completed": 9, "tot_waypoints": 9}}
{"target": -177.6739252695265, "params": {"k_pid_pos": [1.4698128353043505, 0.024859491386256316, 0.3434561031905483], "k_pid_alt": [1.2679502233621702, 0.0, 0.1], "k_pid_att": [43.948176657889235, 1.326856224425946, 0.9274604585040267], "k_pid_yaw": [0.5, 1e-06, 0.1], "k_pid_hsp": [2.82373402557605, 0.01, 0.01], "k_pid_vsp": [111.20884264032553, 102.7157397860675, 1.0]}, "datetime": {"datetime": "2025-08-20 21:09:47", "elapsed": 33442.43428063393, "delta": 16.276453018188477}, "costs": {"total_cost": 177.6739252695265, "time_cost": 69.152, "final_distance_cost": 1.8262656886158488, "oscillation_cost": 34.33594552183275, "completition_cost": 0.0, "overshoot_cost": 50.065815663241324, "power_cost": 11.237653356933594, "noise_cost": 11.056245038902981, "n_waypoints_completed": 9, "tot_waypoints": 9}}
{"target": -177.6739252695265, "params": {"k_pid_pos": [1.4698128353043505, 0.024859491386256316, 0.3434561031905483], "k_pid_alt": [1.2679502233621702, 0.0, 0.1], "k_pid_att": [43.948176657889235, 1.326856224425946, 0.9274604585040267], "k_pid_yaw": [0.5, 1e-06, 0.1], "k_pid_hsp": [2.82373402557605, 0.01, 0.01], "k_pid_vsp": [111.20884264032553, 102.7157397860675, 1.0]}, "datetime": {"datetime": "2025-08-20 21:10:02", "elapsed": 33457.266389369965, "delta": 14.832108736038208}, "costs": {"total_cost": 177.6739252695265, "time_cost": 69.152, "final_distance_cost": 1.8262656886158488, "oscillation_cost": 34.33594552183275, "completition_cost": 0.0, "overshoot_cost": 50.065815663241324, "power_cost": 11.237653356933594, "noise_cost": 11.056245038902981, "n_waypoints_completed": 9, "tot_waypoints": 9}}
{"target": -177.6739252695265, "params": {"k_pid_pos": [1.4698128353043505, 0.024859491386256316, 0.3434561031905483], "k_pid_alt": [1.2679502233621702, 0.0, 0.1], "k_pid_att": [43.948176657889235, 1.326856224425946, 0.9274604585040267], "k_pid_yaw": [0.5, 1e-06, 0.1], "k_pid_hsp": [2.82373402557605, 0.01, 0.01], "k_pid_vsp": [111.20884264032553, 102.7157397860675, 1.0]}, "datetime": {"datetime": "2025-08-20 21:10:20", "elapsed": 33474.545890808105, "delta": 17.27950143814087}, "costs": {"total_cost": 177.6739252695265, "time_cost": 69.152, "final_distance_cost": 1.8262656886158488, "oscillation_cost": 34.33594552183275, "completition_cost": 0.0, "overshoot_cost": 50.065815663241324, "power_cost": 11.237653356933594, "noise_cost": 11.056245038902981, "n_waypoints_completed": 9, "tot_waypoints": 9}}
{"target": -208.52577097746598, "params": {"k_pid_pos": [1.4698128353043505, 0.3411092443975692, 0.3434561031905483], "k_pid_alt": [1.2679502233621702, 0.5060913439420335, 0.1], "k_pid_att": [43.948176657889235, 2.883280065129859, 0.9274604585040267], "k_pid_yaw": [0.5, 1e-06, 0.1], "k_pid_hsp": [2.82373402557605, 0.01, 0.01], "k_pid_vsp": [111.20884264032553, 102.7157397860675, 1.0]}, "datetime": {"datetime": "2025-08-20 21:10:37", "elapsed": 33492.3482067585, "delta": 17.802315950393677}, "costs": {"total_cost": 208.52577097746598, "time_cost": 80.34400000000001, "final_distance_cost": 1.7360687655002476, "oscillation_cost": 49.71210980070373, "completition_cost": 0.0, "overshoot_cost": 51.59185305098844, "power_cost": 13.190235217285156, "noise_cost": 11.951504142988403, "n_waypoints_completed": 9, "tot_waypoints": 9}}
{"target": -391.31841515655896, "params": {"k_pid_pos": [0.2959412970898158, 0.05987593904989075, 0.3434561031905483], "k_pid_alt": [1.2679502233621702, 0.0, 0.1], "k_pid_att": [43.948176657889235, 1.326856224425946, 0.8612643910736462], "k_pid_yaw": [0.5, 1e-06, 0.1], "k_pid_hsp": [2.82373402557605, 0.08333843891839088, 0.01], "k_pid_vsp": [111.20884264032553, 102.7157397860675, 1.0]}, "datetime": {"datetime": "2025-08-20 21:11:01", "elapsed": 33516.157767534256, "delta": 23.809560775756836}, "costs": {"total_cost": 391.31841515655896, "time_cost": 150, "final_distance_cost": 8.005549607370378, "oscillation_cost": 34.56229627189121, "completition_cost": 111.11111111111116, "overshoot_cost": 57.254070887050986, "power_cost": 15.007324230957032, "noise_cost": 15.378063048178223, "n_waypoints_completed": 8, "tot_waypoints": 9}}
{"target": -181.0152672070804, "params": {"k_pid_pos": [1.4698128353043505, 0.024859491386256316, 0.416330797462678], "k_pid_alt": [1.2679502233621702, 0.0, 0.1], "k_pid_att": [43.948176657889235, 3.4126860594551975, 0.9274604585040267], "k_pid_yaw": [0.5, 1e-06, 0.1], "k_pid_hsp": [2.82373402557605, 0.01, 0.01], "k_pid_vsp": [371.8706581382205, 102.7157397860675, 1.0]}, "datetime": {"datetime": "2025-08-20 21:11:16", "elapsed": 33531.026643276215, "delta": 14.868875741958618}, "costs": {"total_cost": 181.0152672070804, "time_cost": 69.776, "final_distance_cost": 1.834781554927978, "oscillation_cost": 36.32141717731291, "completition_cost": 0.0, "overshoot_cost": 50.51320335848378, "power_cost": 11.362987609863282, "noise_cost": 11.206877506492441, "n_waypoints_completed": 9, "tot_waypoints": 9}}
{"target": -177.6739252695265, "params": {"k_pid_pos": [1.4698128353043505, 0.024859491386256316, 0.3434561031905483], "k_pid_alt": [1.2679502233621702, 0.0, 0.1], "k_pid_att": [43.948176657889235, 1.326856224425946, 0.9274604585040267], "k_pid_yaw": [0.5, 1e-06, 0.1], "k_pid_hsp": [2.82373402557605, 0.01, 0.01], "k_pid_vsp": [111.20884264032553, 102.7157397860675, 1.0]}, "datetime": {"datetime": "2025-08-20 21:11:33", "elapsed": 33548.45706629753, "delta": 17.43042302131653}, "costs": {"total_cost": 177.6739252695265, "time_cost": 69.152, "final_distance_cost": 1.8262656886158488, "oscillation_cost": 34.33594552183275, "completition_cost": 0.0, "overshoot_cost": 50.065815663241324, "power_cost": 11.237653356933594, "noise_cost": 11.056245038902981, "n_waypoints_completed": 9, "tot_waypoints": 9}}
{"target": -276.9109625159476, "params": {"k_pid_pos": [1.4698128353043505, 0.024859491386256316, 0.6827225777580423], "k_pid_alt": [1.2679502233621702, 0.0, 0.1], "k_pid_att": [43.948176657889235, 1.1166001057131414, 0.9274604585040267], "k_pid_yaw": [0.5, 1e-06, 0.1], "k_pid_hsp": [2.82373402557605, 0.01, 0.13620685733804982], "k_pid_vsp": [111.20884264032553, 102.7157397860675, 1.0]}, "datetime": {"datetime": "2025-08-20 21:11:49", "elapsed": 33564.25604891777, "delta": 15.798982620239258}, "costs": {"total_cost": 276.9109625159476, "time_cost": 74.144, "final_distance_cost": 1.8472144521265086, "oscillation_cost": 123.8082368406589, "completition_cost": 0.0, "overshoot_cost": 49.85730242240824, "power_cost": 14.280595056152345, "noise_cost": 12.973613744601597, "n_waypoints_completed": 9, "tot_waypoints": 9}}
{"target": -181.14398889901526, "params": {"k_pid_pos": [1.4698128353043505, 0.024859491386256316, 0.3434561031905483], "k_pid_alt": [1.2679502233621702, 0.0, 0.19998319442575607], "k_pid_att": [43.948176657889235, 2.1368568635634517, 0.9274604585040267], "k_pid_yaw": [0.5, 1e-06, 0.1], "k_pid_hsp": [2.82373402557605, 0.01, 0.01], "k_pid_vsp": [305.67975269326223, 102.7157397860675, 1.0]}, "datetime": {"datetime": "2025-08-20 21:12:05", "elapsed": 33580.348878622055, "delta": 16.092829704284668}, "costs": {"total_cost": 181.14398889901526, "time_cost": 69.632, "final_distance_cost": 1.8331782263413088, "oscillation_cost": 37.092832693986125, "completition_cost": 0.0, "overshoot_cost": 50.1863266263135, "power_cost": 11.266706872558593, "noise_cost": 11.13294447981572, "n_waypoints_completed": 9, "tot_waypoints": 9}}
{"target": -211.0825877547402, "params": {"k_pid_pos": [1.4698128353043505, 0.7329416078373059, 0.3434561031905483], "k_pid_alt": [1.2679502233621702, 0.0, 0.053878507660848673], "k_pid_att": [43.948176657889235, 1.326856224425946, 0.9274604585040267], "k_pid_yaw": [0.5, 1e-06, 0.1], "k_pid_hsp": [2.82373402557605, 0.01, 0.01], "k_pid_vsp": [247.62506162993122, 261.48215325333564, 1.0]}, "datetime": {"datetime": "2025-08-20 21:12:25", "elapsed": 33599.59401488304, "delta": 19.245136260986328}, "costs": {"total_cost": 211.0825877547402, "time_cost": 83.336, "final_distance_cost": 1.7635213424123664, "oscillation_cost": 46.35084228872727, "completition_cost": 0.0, "overshoot_cost": 52.10464906017022, "power_cost": 14.436902270507813, "noise_cost": 13.090672792922533, "n_waypoints_completed": 9, "tot_waypoints": 9}}
{"target": -184.11581975870297, "params": {"k_pid_pos": [1.4698128353043505, 0.024859491386256316, 0.3434561031905483], "k_pid_alt": [1.2679502233621702, 0.0, 0.1], "k_pid_att": [43.948176657889235, 1.326856224425946, 0.261380462049589], "k_pid_yaw": [0.5, 1e-06, 0.1], "k_pid_hsp": [2.82373402557605, 0.01, 0.01], "k_pid_vsp": [104.30040172718557, 102.7157397860675, 1.0]}, "datetime": {"datetime": "2025-08-20 21:12:41", "elapsed": 33616.48274874687, "delta": 16.888733863830566}, "costs": {"total_cost": 184.11581975870297, "time_cost": 69.144, "final_distance_cost": 1.832860361928822, "oscillation_cost": 40.04290697804567, "completition_cost": 0.0, "overshoot_cost": 50.24484564812211, "power_cost": 11.675120190429688, "noise_cost": 11.17608658017669, "n_waypoints_completed": 9, "tot_waypoints": 9}}
{"target": -179.44679683317895, "params": {"k_pid_pos": [1.4698128353043505, 0.024859491386256316, 0.3434561031905483], "k_pid_alt": [1.2679502233621702, 0.0, 0.1], "k_pid_att": [43.948176657889235, 1.1166001057131414, 0.9274604585040267], "k_pid_yaw": [0.5, 1e-06, 0.1], "k_pid_hsp": [2.82373402557605, 0.01, 0.01066281316812523], "k_pid_vsp": [159.45001298599757, 157.8230240226632, 1.0]}, "datetime": {"datetime": "2025-08-20 21:12:57", "elapsed": 33631.94186902046, "delta": 15.459120273590088}, "costs": {"total_cost": 179.44679683317895, "time_cost": 69.19200000000001, "final_distance_cost": 1.8313810058564512, "oscillation_cost": 36.26912768093169, "completition_cost": 0.0, "overshoot_cost": 49.77707123294203, "power_cost": 11.322503588867187, "noise_cost": 11.054713324581556, "n_waypoints_completed": 9, "tot_waypoints": 9}}
{"target": -184.50461126140044, "params": {"k_pid_pos": [1.4698128353043505, 0.024859491386256316, 0.3434561031905483], "k_pid_alt": [1.2679502233621702, 0.0, 0.1], "k_pid_att": [20.83699032574321, 3.4126860594551975, 0.9274604585040267], "k_pid_yaw": [0.5, 1e-06, 0.1], "k_pid_hsp": [2.82373402557605, 0.5521287893390326, 0.01], "k_pid_vsp": [111.20884264032553, 102.7157397860675, 1.0]}, "datetime": {"datetime": "2025-08-20 21:13:14", "elapsed": 33649.06138968468, "delta": 17.119520664215088}, "costs": {"total_cost": 184.50461126140044, "time_cost": 68.768, "final_distance_cost": 1.8328067415321054, "oscillation_cost": 42.23613172091291, "completition_cost": 0.0, "overshoot_cost": 49.210579629312434, "power_cost": 11.453469458007813, "noise_cost": 11.003623711635143, "n_waypoints_completed": 9, "tot_waypoints": 9}}
{"target": -181.8195080507191, "params": {"k_pid_pos": [1.6397186260693044, 0.19767101818116828, 0.37255195504867966], "k_pid_alt": [1.2679502233621702, 0.0, 0.07444874772262577], "k_pid_att": [43.948176657889235, 3.4126860594551975, 0.9274604585040267], "k_pid_yaw": [0.5, 1e-06, 0.1], "k_pid_hsp": [2.82373402557605, 0.01, 0.01], "k_pid_vsp": [18.79289508575375, 102.7157397860675, 1.0]}, "datetime": {"datetime": "2025-08-20 21:13:29", "elapsed": 33663.82715296745, "delta": 14.765763282775879}, "costs": {"total_cost": 181.8195080507191, "time_cost": 69.056, "final_distance_cost": 1.7624885746442496, "oscillation_cost": 37.710295316802195, "completition_cost": 0.0, "overshoot_cost": 50.3692903513304, "power_cost": 11.925729211425782, "noise_cost": 10.995704596516475, "n_waypoints_completed": 9, "tot_waypoints": 9}}
{"target": -181.06509705818672, "params": {"k_pid_pos": [1.4698128353043505, 0.024859491386256316, 0.3434561031905483], "k_pid_alt": [1.2679502233621702, 0.0, 0.1], "k_pid_att": [43.948176657889235, 7.978625951804349, 0.9274604585040267], "k_pid_yaw": [0.5, 1e-06, 0.1], "k_pid_hsp": [2.82373402557605, 0.01, 0.01], "k_pid_vsp": [305.67975269326223, 102.7157397860675, 1.0]}, "datetime": {"datetime": "2025-08-20 21:13:45", "elapsed": 33680.08308291435, "delta": 16.255929946899414}, "costs": {"total_cost": 181.06509705818672, "time_cost": 69.44, "final_distance_cost": 1.8275390749154052, "oscillation_cost": 36.942011829809736, "completition_cost": 0.0, "overshoot_cost": 50.31197233404211, "power_cost": 11.362855566406251, "noise_cost": 11.18071825301322, "n_waypoints_completed": 9, "tot_waypoints": 9}}
{"target": -177.6739252695265, "params": {"k_pid_pos": [1.4698128353043505, 0.024859491386256316, 0.3434561031905483], "k_pid_alt": [1.2679502233621702, 0.0, 0.1], "k_pid_att": [43.948176657889235, 1.326856224425946, 0.9274604585040267], "k_pid_yaw": [0.5, 1e-06, 0.1], "k_pid_hsp": [2.82373402557605, 0.01, 0.01], "k_pid_vsp": [111.20884264032553, 102.7157397860675, 1.0]}, "datetime": {"datetime": "2025-08-20 21:14:01", "elapsed": 33695.67503929138, "delta": 15.591956377029419}, "costs": {"total_cost": 177.6739252695265, "time_cost": 69.152, "final_distance_cost": 1.8262656886158488, "oscillation_cost": 34.33594552183275, "completition_cost": 0.0, "overshoot_cost": 50.065815663241324, "power_cost": 11.237653356933594, "noise_cost": 11.056245038902981, "n_waypoints_completed": 9, "tot_waypoints": 9}}
{"target": -177.6739252695265, "params": {"k_pid_pos": [1.4698128353043505, 0.024859491386256316, 0.3434561031905483], "k_pid_alt": [1.2679502233621702, 0.0, 0.1], "k_pid_att": [43.948176657889235, 1.326856224425946, 0.9274604585040267], "k_pid_yaw": [0.5, 1e-06, 0.1], "k_pid_hsp": [2.82373402557605, 0.01, 0.01], "k_pid_vsp": [111.20884264032553, 102.7157397860675, 1.0]}, "datetime": {"datetime": "2025-08-20 21:14:16", "elapsed": 33710.96972942352, "delta": 15.294690132141113}, "costs": {"total_cost": 177.6739252695265, "time_cost": 69.152, "final_distance_cost": 1.8262656886158488, "oscillation_cost": 34.33594552183275, "completition_cost": 0.0, "overshoot_cost": 50.065815663241324, "power_cost": 11.237653356933594, "noise_cost": 11.056245038902981, "n_waypoints_completed": 9, "tot_waypoints": 9}}
{"target": -199.75467126775862, "params": {"k_pid_pos": [0.5544350973877843, 0.05987593904989075, 0.3434561031905483], "k_pid_alt": [1.2679502233621702, 0.0, 0.1], "k_pid_att": [43.948176657889235, 1.326856224425946, 0.8612643910736462], "k_pid_yaw": [0.5, 1e-06, 0.1], "k_pid_hsp": [2.82373402557605, 0.08333843891839088, 0.01], "k_pid_vsp": [111.20884264032553, 102.7157397860675, 1.0]}, "datetime": {"datetime": "2025-08-20 21:14:39", "elapsed": 33734.31963157654, "delta": 23.349902153015137}, "costs": {"total_cost": 199.75467126775862, "time_cost": 82.8, "final_distance_cost": 1.8502615711201325, "oscillation_cost": 36.98058176067752, "completition_cost": 0.0, "overshoot_cost": 50.830211829831555, "power_cost": 13.478045959472658, "noise_cost": 13.815570146656782, "n_waypoints_completed": 9, "tot_waypoints": 9}}
