{"target": -178.70478725309496, "params": {"k_pid_pos": [1.4698128353043505, 0.024859491386256316, 0.3434561031905483], "k_pid_alt": [1.2679502233621702, 0.0, 0.1], "k_pid_att": [43.948176657889235, 3.7802132718527557, 0.9274604585040267], "k_pid_yaw": [0.5, 1e-06, 0.1], "k_pid_hsp": [2.395389635608916, 0.01, 0.01], "k_pid_vsp": [111.20884264032553, 102.7157397860675, 1.0]}, "datetime": {"datetime": "2025-08-20 19:15:51", "elapsed": 26606.38147687912, "delta": 14.719411849975586}, "costs": {"total_cost": 178.70478725309496, "time_cost": 69.12, "final_distance_cost": 1.8299338179061795, "oscillation_cost": 35.21687367722384, "completition_cost": 0.0, "overshoot_cost": 50.090394500534366, "power_cost": 11.321949291992189, "noise_cost": 11.125635965438402, "n_waypoints_completed": 9, "tot_waypoints": 9}}
{"target": -1005.3227866869138, "params": {"k_pid_pos": [1.4698128353043505, 0.024859491386256316, 0.3434561031905483], "k_pid_alt": [1.2679502233621702, 0.0, 0.1], "k_pid_att": [4.147090465977355, 9.545016992888707, 0.9274604585040267], "k_pid_yaw": [0.5, 1e-06, 0.1], "k_pid_hsp": [2.82373402557605, 0.01, 0.8981342811795512], "k_pid_vsp": [111.20884264032553, 102.7157397860675, 1.0]}, "datetime": {"datetime": "2025-08-20 19:16:14", "elapsed": 26629.240624666214, "delta": 22.859147787094116}, "costs": {"total_cost": 1005.3227866869138, "time_cost": 150, "final_distance_cost": 47.90533711141956, "oscillation_cost": 269.15256927473126, "completition_cost": 444.4444444444444, "overshoot_cost": 61.09676013901476, "power_cost": 17.761050842285158, "noise_cost": 14.962624875018593, "n_waypoints_completed": 5, "tot_waypoints": 9}}
{"target": -195.82216066992092, "params": {"k_pid_pos": [1.4698128353043505, 0.10920718465865398, 0.3434561031905483], "k_pid_alt": [1.2679502233621702, 0.0, 0.43738161972271916], "k_pid_att": [59.0149162219073, 8.491440198406547, 0.3297423310025197], "k_pid_yaw": [0.5, 1e-06, 0.1], "k_pid_hsp": [2.82373402557605, 0.4017820065842225, 0.01], "k_pid_vsp": [117.53724514392157, 376.6167462867098, 1.0]}, "datetime": {"datetime": "2025-08-20 19:16:31", "elapsed": 26646.286707878113, "delta": 17.046083211898804}, "costs": {"total_cost": 195.82216066992092, "time_cost": 70.072, "final_distance_cost": 1.8108551280061629, "oscillation_cost": 51.78987828149877, "completition_cost": 0.0, "overshoot_cost": 49.62348362463898, "power_cost": 11.597391162109375, "noise_cost": 10.92855247366762, "n_waypoints_completed": 9, "tot_waypoints": 9}}
{"target": -201.2654273591095, "params": {"k_pid_pos": [1.4698128353043505, 0.17241146469623192, 0.3434561031905483], "k_pid_alt": [1.2679502233621702, 0.0, 0.1], "k_pid_att": [43.948176657889235, 9.545016992888707, 0.9274604585040267], "k_pid_yaw": [0.5, 1e-06, 0.1], "k_pid_hsp": [8.513274332629459, 0.01, 0.01], "k_pid_vsp": [111.20884264032553, 102.7157397860675, 1.0]}, "datetime": {"datetime": "2025-08-20 19:16:46", "elapsed": 26661.185324907303, "delta": 14.898617029190063}, "costs": {"total_cost": 201.2654273591095, "time_cost": 69.496, "final_distance_cost": 1.7968498769612635, "oscillation_cost": 56.30014409896538, "completition_cost": 0.0, "overshoot_cost": 50.3645860471359, "power_cost": 11.991018041992188, "noise_cost": 11.316829294054758, "n_waypoints_completed": 9, "tot_waypoints": 9}}
{"target": -181.5779810655271, "params": {"k_pid_pos": [1.4698128353043505, 0.024859491386256316, 0.3434561031905483], "k_pid_alt": [1.2679502233621702, 0.028806210149256217, 0.1], "k_pid_att": [43.948176657889235, 5.6580295118978245, 0.6036733391519807], "k_pid_yaw": [0.5, 1e-06, 0.1], "k_pid_hsp": [2.82373402557605, 0.01, 0.01], "k_pid_vsp": [111.20884264032553, 102.7157397860675, 1.0]}, "datetime": {"datetime": "2025-08-20 19:17:02", "elapsed": 26677.383533239365, "delta": 16.198208332061768}, "costs": {"total_cost": 181.5779810655271, "time_cost": 69.68, "final_distance_cost": 1.8443650515606214, "oscillation_cost": 36.59400486243827, "completition_cost": 0.0, "overshoot_cost": 50.80661111471375, "power_cost": 11.285679833984375, "noise_cost": 11.367320202830077, "n_waypoints_completed": 9, "tot_waypoints": 9}}
{"target": -223.46492283346518, "params": {"k_pid_pos": [1.4698128353043505, 0.9080648804961846, 0.3434561031905483], "k_pid_alt": [1.2679502233621702, 0.0, 0.1], "k_pid_att": [43.948176657889235, 1.326856224425946, 0.5627915745015433], "k_pid_yaw": [0.5, 1e-06, 0.1], "k_pid_hsp": [2.395389635608916, 0.01, 0.01], "k_pid_vsp": [110.56511661686339, 102.7157397860675, 1.0]}, "datetime": {"datetime": "2025-08-20 19:17:24", "elapsed": 26698.73720741272, "delta": 21.353674173355103}, "costs": {"total_cost": 223.46492283346518, "time_cost": 88.288, "final_distance_cost": 1.736215407021233, "oscillation_cost": 48.792030585578004, "completition_cost": 0.0, "overshoot_cost": 54.43817861623191, "power_cost": 15.977356762695313, "noise_cost": 14.233141461938704, "n_waypoints_completed": 9, "tot_waypoints": 9}}
{"target": -182.5557751268691, "params": {"k_pid_pos": [1.4698128353043505, 0.024859491386256316, 0.3434561031905483], "k_pid_alt": [1.9294269632989844, 0.0, 0.3787621482452719], "k_pid_att": [43.948176657889235, 6.380071371307885, 0.71995891973172], "k_pid_yaw": [0.5, 1e-06, 0.1], "k_pid_hsp": [2.82373402557605, 0.041997352724737036, 0.01], "k_pid_vsp": [111.20884264032553, 44.88092472225945, 1.0]}, "datetime": {"datetime": "2025-08-20 19:17:39", "elapsed": 26713.931777715683, "delta": 15.194570302963257}, "costs": {"total_cost": 182.5557751268691, "time_cost": 69.232, "final_distance_cost": 1.8465958698049192, "oscillation_cost": 38.940985657183916, "completition_cost": 0.0, "overshoot_cost": 50.222681361118774, "power_cost": 11.252684704589845, "noise_cost": 11.060827534171645, "n_waypoints_completed": 9, "tot_waypoints": 9}}
{"target": -179.43061469086348, "params": {"k_pid_pos": [1.4698128353043505, 0.024859491386256316, 0.3434561031905483], "k_pid_alt": [1.2679502233621702, 0.0, 0.1], "k_pid_att": [32.194164172814396, 3.7802132718527557, 0.9274604585040267], "k_pid_yaw": [0.5, 1e-06, 0.1], "k_pid_hsp": [2.395389635608916, 0.01, 0.01], "k_pid_vsp": [111.20884264032553, 102.7157397860675, 1.0]}, "datetime": {"datetime": "2025-08-20 19:17:55", "elapsed": 26730.01709794998, "delta": 16.085320234298706}, "costs": {"total_cost": 179.43061469086348, "time_cost": 69.168, "final_distance_cost": 1.8308394835546955, "oscillation_cost": 36.12436774661707, "completition_cost": 0.0, "overshoot_cost": 49.78905086435308, "power_cost": 11.434627966308595, "noise_cost": 11.083728630030047, "n_waypoints_completed": 9, "tot_waypoints": 9}}
{"target": -177.6739252695265, "params": {"k_pid_pos": [1.4698128353043505, 0.024859491386256316, 0.3434561031905483], "k_pid_alt": [1.2679502233621702, 0.0, 0.1], "k_pid_att": [43.948176657889235, 1.326856224425946, 0.9274604585040267], "k_pid_yaw": [0.5, 1e-06, 0.1], "k_pid_hsp": [2.82373402557605, 0.01, 0.01], "k_pid_vsp": [111.20884264032553, 102.7157397860675, 1.0]}, "datetime": {"datetime": "2025-08-20 19:18:10", "elapsed": 26745.040942907333, "delta": 15.023844957351685}, "costs": {"total_cost": 177.6739252695265, "time_cost": 69.152, "final_distance_cost": 1.8262656886158488, "oscillation_cost": 34.33594552183275, "completition_cost": 0.0, "overshoot_cost": 50.065815663241324, "power_cost": 11.237653356933594, "noise_cost": 11.056245038902981, "n_waypoints_completed": 9, "tot_waypoints": 9}}
{"target": -177.6739252695265, "params": {"k_pid_pos": [1.4698128353043505, 0.024859491386256316, 0.3434561031905483], "k_pid_alt": [1.2679502233621702, 0.0, 0.1], "k_pid_att": [43.948176657889235, 1.326856224425946, 0.9274604585040267], "k_pid_yaw": [0.5, 1e-06, 0.1], "k_pid_hsp": [2.82373402557605, 0.01, 0.01], "k_pid_vsp": [111.20884264032553, 102.7157397860675, 1.0]}, "datetime": {"datetime": "2025-08-20 19:18:27", "elapsed": 26761.675560712814, "delta": 16.634617805480957}, "costs": {"total_cost": 177.6739252695265, "time_cost": 69.152, "final_distance_cost": 1.8262656886158488, "oscillation_cost": 34.33594552183275, "completition_cost": 0.0, "overshoot_cost": 50.065815663241324, "power_cost": 11.237653356933594, "noise_cost": 11.056245038902981, "n_waypoints_completed": 9, "tot_waypoints": 9}}
{"target": -177.6739252695265, "params": {"k_pid_pos": [1.4698128353043505, 0.024859491386256316, 0.3434561031905483], "k_pid_alt": [1.2679502233621702, 0.0, 0.1], "k_pid_att": [43.948176657889235, 1.326856224425946, 0.9274604585040267], "k_pid_yaw": [0.5, 1e-06, 0.1], "k_pid_hsp": [2.82373402557605, 0.01, 0.01], "k_pid_vsp": [111.20884264032553, 102.7157397860675, 1.0]}, "datetime": {"datetime": "2025-08-20 19:18:41", "elapsed": 26776.336620807648, "delta": 14.661060094833374}, "costs": {"total_cost": 177.6739252695265, "time_cost": 69.152, "final_distance_cost": 1.8262656886158488, "oscillation_cost": 34.33594552183275, "completition_cost": 0.0, "overshoot_cost": 50.065815663241324, "power_cost": 11.237653356933594, "noise_cost": 11.056245038902981, "n_waypoints_completed": 9, "tot_waypoints": 9}}
{"target": -183.1288157327352, "params": {"k_pid_pos": [1.8034346552870686, 0.024859491386256316, 0.8020463410107419], "k_pid_alt": [1.2679502233621702, 0.0, 0.1], "k_pid_att": [43.948176657889235, 1.326856224425946, 0.9274604585040267], "k_pid_yaw": [0.5, 1e-06, 0.1], "k_pid_hsp": [2.82373402557605, 0.11140066133917204, 0.01], "k_pid_vsp": [111.20884264032553, 102.7157397860675, 1.0]}, "datetime": {"datetime": "2025-08-20 19:18:57", "elapsed": 26792.01745581627, "delta": 15.680835008621216}, "costs": {"total_cost": 183.1288157327352, "time_cost": 69.488, "final_distance_cost": 1.8376667217437601, "oscillation_cost": 39.11067876418742, "completition_cost": 0.0, "overshoot_cost": 50.14573414465682, "power_cost": 11.343377661132813, "noise_cost": 11.20335844101438, "n_waypoints_completed": 9, "tot_waypoints": 9}}
{"target": -2173.400849017992, "params": {"k_pid_pos": [0.27276780898604225, 0.024859491386256316, 0.3434561031905483], "k_pid_alt": [1.2679502233621702, 0.0, 0.1], "k_pid_att": [43.948176657889235, 3.7802132718527557, 0.9274604585040267], "k_pid_yaw": [0.5, 1e-06, 0.1], "k_pid_hsp": [6.316118048276735, 0.01, 0.01], "k_pid_vsp": [111.20884264032553, 102.7157397860675, 314.98831045767577]}, "datetime": {"datetime": "2025-08-20 19:19:20", "elapsed": 26815.440546751022, "delta": 23.423090934753418}, "costs": {"total_cost": 2173.400849017992, "time_cost": 150, "final_distance_cost": 437.2918145094184, "oscillation_cost": 39.6433295706461, "completition_cost": 888.8888888888888, "overshoot_cost": 606.0874288939218, "power_cost": 30.763683837890625, "noise_cost": 20.725703317226504, "n_waypoints_completed": 1, "tot_waypoints": 9}}
{"target": -578.878540974297, "params": {"k_pid_pos": [1.4698128353043505, 0.9080648804961846, 0.3434561031905483], "k_pid_alt": [1.2679502233621702, 0.0, 0.1], "k_pid_att": [43.948176657889235, 1.326856224425946, 0.5627915745015433], "k_pid_yaw": [0.5, 1e-06, 0.1], "k_pid_hsp": [2.395389635608916, 0.01, 0.912652577932754], "k_pid_vsp": [110.56511661686339, 102.7157397860675, 1.0]}, "datetime": {"datetime": "2025-08-20 19:19:42", "elapsed": 26837.112988710403, "delta": 21.672441959381104}, "costs": {"total_cost": 578.878540974297, "time_cost": 150, "final_distance_cost": 74.33114001699376, "oscillation_cost": 134.81219167698185, "completition_cost": 111.11111111111116, "overshoot_cost": 71.48989347740834, "power_cost": 20.682343493652343, "noise_cost": 16.45186119814966, "n_waypoints_completed": 8, "tot_waypoints": 9}}
{"target": -232.75296252211604, "params": {"k_pid_pos": [1.4698128353043505, 0.2079371311167001, 0.3434561031905483], "k_pid_alt": [0.32001236622280804, 0.0, 0.1], "k_pid_att": [43.948176657889235, 1.326856224425946, 0.7805480560107213], "k_pid_yaw": [0.5, 1e-06, 0.1], "k_pid_hsp": [2.82373402557605, 0.01, 0.01], "k_pid_vsp": [111.20884264032553, 102.7157397860675, 1.0]}, "datetime": {"datetime": "2025-08-20 19:20:04", "elapsed": 26858.974010944366, "delta": 21.861022233963013}, "costs": {"total_cost": 232.75296252211604, "time_cost": 98.656, "final_distance_cost": 1.8614210951212806, "oscillation_cost": 50.502522786983256, "completition_cost": 0.0, "overshoot_cost": 51.456716073907785, "power_cost": 15.237255151367188, "noise_cost": 15.039047414736523, "n_waypoints_completed": 9, "tot_waypoints": 9}}
{"target": -183.8489872234059, "params": {"k_pid_pos": [1.4698128353043505, 0.024859491386256316, 0.3434561031905483], "k_pid_alt": [1.2679502233621702, 0.0, 0.1], "k_pid_att": [43.948176657889235, 1.1659524805595562, 0.9274604585040267], "k_pid_yaw": [0.5, 1e-06, 0.1], "k_pid_hsp": [4.854323649447895, 0.01, 0.01], "k_pid_vsp": [111.20884264032553, 102.7157397860675, 1.0]}, "datetime": {"datetime": "2025-08-20 19:20:20", "elapsed": 26874.864187002182, "delta": 15.890176057815552}, "costs": {"total_cost": 183.8489872234059, "time_cost": 69.16, "final_distance_cost": 1.8348855611530677, "oscillation_cost": 40.48612121438811, "completition_cost": 0.0, "overshoot_cost": 50.271279654358835, "power_cost": 11.080612622070314, "noise_cost": 11.016088171435605, "n_waypoints_completed": 9, "tot_waypoints": 9}}
{"target": -182.718101433701, "params": {"k_pid_pos": [1.8034346552870686, 0.08087462101852438, 0.3434561031905483], "k_pid_alt": [1.2679502233621702, 0.0, 0.1], "k_pid_att": [43.948176657889235, 3.7802132718527557, 0.9274604585040267], "k_pid_yaw": [0.5, 1e-06, 0.1], "k_pid_hsp": [2.82373402557605, 0.01, 0.01], "k_pid_vsp": [111.20884264032553, 102.7157397860675, 1.0]}, "datetime": {"datetime": "2025-08-20 19:20:35", "elapsed": 26890.061899662018, "delta": 15.197712659835815}, "costs": {"total_cost": 182.718101433701, "time_cost": 68.72, "final_distance_cost": 1.8044544737161827, "oscillation_cost": 39.69633038999151, "completition_cost": 0.0, "overshoot_cost": 50.26506645353384, "power_cost": 11.348812158203126, "noise_cost": 10.883437958256351, "n_waypoints_completed": 9, "tot_waypoints": 9}}
{"target": -181.84093214997856, "params": {"k_pid_pos": [1.8034346552870686, 0.024859491386256316, 0.3434561031905483], "k_pid_alt": [1.2679502233621702, 0.0, 0.1], "k_pid_att": [43.948176657889235, 3.7802132718527557, 0.9274604585040267], "k_pid_yaw": [0.5, 1e-06, 0.1], "k_pid_hsp": [2.82373402557605, 0.01, 0.01], "k_pid_vsp": [111.20884264032553, 102.7157397860675, 1.0]}, "datetime": {"datetime": "2025-08-20 19:20:51", "elapsed": 26905.622926712036, "delta": 15.56102705001831}, "costs": {"total_cost": 181.84093214997856, "time_cost": 68.648, "final_distance_cost": 1.7889837764256082, "oscillation_cost": 39.34529666357732, "completition_cost": 0.0, "overshoot_cost": 49.94356797888683, "power_cost": 11.249162890625001, "noise_cost": 10.86592084046378, "n_waypoints_completed": 9, "tot_waypoints": 9}}
{"target": -178.66427247395458, "params": {"k_pid_pos": [1.4698128353043505, 0.024859491386256316, 0.3434561031905483], "k_pid_alt": [1.2679502233621702, 0.0, 0.1], "k_pid_att": [43.948176657889235, 1.326856224425946, 0.9274604585040267], "k_pid_yaw": [0.5, 1e-06, 0.1], "k_pid_hsp": [2.82373402557605, 0.01, 0.01], "k_pid_vsp": [131.89521188480865, 102.7157397860675, 1.0]}, "datetime": {"datetime": "2025-08-20 19:21:07", "elapsed": 26921.797637939453, "delta": 16.174711227416992}, "costs": {"total_cost": 178.66427247395458, "time_cost": 69.168, "final_distance_cost": 1.8355392180155732, "oscillation_cost": 35.26664315041489, "completition_cost": 0.0, "overshoot_cost": 50.23945948575249, "power_cost": 11.168610266113282, "noise_cost": 10.986020353658313, "n_waypoints_completed": 9, "tot_waypoints": 9}}
{"target": -388.07941603754887, "params": {"k_pid_pos": [1.4698128353043505, 0.024859491386256316, 0.613303733901718], "k_pid_alt": [0.410712682686863, 0.0, 0.1], "k_pid_att": [43.948176657889235, 1.326856224425946, 0.9274604585040267], "k_pid_yaw": [0.5, 1e-06, 0.1], "k_pid_hsp": [2.82373402557605, 0.01, 0.4604506563081415], "k_pid_vsp": [16.765689104681325, 102.7157397860675, 1.0]}, "datetime": {"datetime": "2025-08-20 19:21:26", "elapsed": 26941.199536561966, "delta": 19.401898622512817}, "costs": {"total_cost": 388.07941603754887, "time_cost": 90.648, "final_distance_cost": 1.8468540692102908, "oscillation_cost": 209.5629341890375, "completition_cost": 0.0, "overshoot_cost": 52.41971969557001, "power_cost": 18.312190454101565, "noise_cost": 15.289717629629532, "n_waypoints_completed": 9, "tot_waypoints": 9}}
{"target": -182.35014645641542, "params": {"k_pid_pos": [1.3587729839667164, 0.024859491386256316, 0.3434561031905483], "k_pid_alt": [1.2679502233621702, 0.0, 0.1], "k_pid_att": [43.948176657889235, 3.7802132718527557, 0.9274604585040267], "k_pid_yaw": [0.5, 1e-06, 0.1], "k_pid_hsp": [2.947372329276074, 0.01, 0.01], "k_pid_vsp": [111.20884264032553, 102.7157397860675, 1.0]}, "datetime": {"datetime": "2025-08-20 19:21:43", "elapsed": 26957.507646799088, "delta": 16.308110237121582}, "costs": {"total_cost": 182.35014645641542, "time_cost": 69.56, "final_distance_cost": 1.8357362561544672, "oscillation_cost": 37.80258758433909, "completition_cost": 0.0, "overshoot_cost": 50.59088680987796, "power_cost": 11.372404284667969, "noise_cost": 11.188531521375957, "n_waypoints_completed": 9, "tot_waypoints": 9}}
{"target": -208.44842324223384, "params": {"k_pid_pos": [1.4698128353043505, 0.9080648804961846, 0.3434561031905483], "k_pid_alt": [1.2679502233621702, 0.0, 0.1], "k_pid_att": [14.519487670645582, 0.24599703738529807, 0.5627915745015433], "k_pid_yaw": [0.5, 1e-06, 0.1], "k_pid_hsp": [2.395389635608916, 0.3044774248601587, 0.01], "k_pid_vsp": [110.56511661686339, 102.7157397860675, 1.0]}, "datetime": {"datetime": "2025-08-20 19:22:01", "elapsed": 26975.887075662613, "delta": 18.37942886352539}, "costs": {"total_cost": 208.44842324223384, "time_cost": 80.952, "final_distance_cost": 1.721993427509875, "oscillation_cost": 46.41909772036936, "completition_cost": 0.0, "overshoot_cost": 50.804834578463215, "power_cost": 15.490741149902345, "noise_cost": 13.05975636598907, "n_waypoints_completed": 9, "tot_waypoints": 9}}
{"target": -186.09330235242936, "params": {"k_pid_pos": [1.4698128353043505, 0.038219275878738745, 0.9752376885840038], "k_pid_alt": [1.2679502233621702, 0.0, 0.1], "k_pid_att": [43.948176657889235, 1.326856224425946, 0.9274604585040267], "k_pid_yaw": [0.5, 1e-06, 0.1], "k_pid_hsp": [2.82373402557605, 0.01, 0.01], "k_pid_vsp": [111.20884264032553, 102.7157397860675, 1.0]}, "datetime": {"datetime": "2025-08-20 19:22:16", "elapsed": 26990.940066337585, "delta": 15.052990674972534}, "costs": {"total_cost": 186.09330235242936, "time_cost": 71.816, "final_distance_cost": 1.8464457660082745, "oscillation_cost": 39.18446503385542, "completition_cost": 0.0, "overshoot_cost": 50.23622438241041, "power_cost": 11.346091418457032, "noise_cost": 11.664075751698231, "n_waypoints_completed": 9, "tot_waypoints": 9}}
{"target": -208.38117330912544, "params": {"k_pid_pos": [1.4698128353043505, 0.024859491386256316, 0.3434561031905483], "k_pid_alt": [1.2679502233621702, 0.0, 0.7538195562388602], "k_pid_att": [43.948176657889235, 3.7802132718527557, 0.08105699149151435], "k_pid_yaw": [0.5, 1e-06, 0.1], "k_pid_hsp": [2.82373402557605, 0.01, 0.01], "k_pid_vsp": [111.20884264032553, 102.7157397860675, 19.905301600864938]}, "datetime": {"datetime": "2025-08-20 19:22:32", "elapsed": 27007.052517414093, "delta": 16.11245107650757}, "costs": {"total_cost": 208.38117330912544, "time_cost": 70.856, "final_distance_cost": 1.845607047868182, "oscillation_cost": 55.48896193806721, "completition_cost": 0.0, "overshoot_cost": 49.50667174783207, "power_cost": 17.37977413330078, "noise_cost": 13.304158442057235, "n_waypoints_completed": 9, "tot_waypoints": 9}}
{"target": -339.970734000352, "params": {"k_pid_pos": [1.8034346552870686, 0.024859491386256316, 0.3434561031905483], "k_pid_alt": [1.9294269632989844, 0.0, 0.3787621482452719], "k_pid_att": [43.948176657889235, 6.380071371307885, 0.71995891973172], "k_pid_yaw": [0.5, 1e-06, 0.1], "k_pid_hsp": [2.82373402557605, 0.041997352724737036, 0.6842015212410669], "k_pid_vsp": [111.20884264032553, 44.88092472225945, 1.0]}, "datetime": {"datetime": "2025-08-20 19:22:49", "elapsed": 27024.374022245407, "delta": 17.321504831314087}, "costs": {"total_cost": 339.970734000352, "time_cost": 80.536, "final_distance_cost": 1.7641704450374087, "oscillation_cost": 172.72317839249297, "completition_cost": 0.0, "overshoot_cost": 54.33627281226941, "power_cost": 16.42730090332031, "noise_cost": 14.183811447231957, "n_waypoints_completed": 9, "tot_waypoints": 9}}
{"target": -362.05127062598984, "params": {"k_pid_pos": [0.7545197740495657, 0.024859491386256316, 0.483273595217213], "k_pid_alt": [1.2679502233621702, 0.0, 0.37635839979980057], "k_pid_att": [43.948176657889235, 1.326856224425946, 0.9274604585040267], "k_pid_yaw": [0.5, 1e-06, 0.1], "k_pid_hsp": [2.82373402557605, 0.01, 0.298002364448984], "k_pid_vsp": [111.20884264032553, 102.7157397860675, 1.0]}, "datetime": {"datetime": "2025-08-20 19:23:08", "elapsed": 27043.039741039276, "delta": 18.66571879386902}, "costs": {"total_cost": 362.05127062598984, "time_cost": 81.408, "final_distance_cost": 1.8396269549519362, "oscillation_cost": 197.02461113460006, "completition_cost": 0.0, "overshoot_cost": 51.39561714348577, "power_cost": 15.712429248046876, "noise_cost": 14.670986144905205, "n_waypoints_completed": 9, "tot_waypoints": 9}}
