{"target": -177.60937995499717, "params": {"k_pid_pos": [1.4698128353043505, 0.0822904257601288, 0.3434561031905483], "k_pid_alt": [1.2679502233621702, 0.0, 0.1], "k_pid_att": [43.948176657889235, 1.326856224425946, 0.9808211468183533], "k_pid_yaw": [0.5, 1e-06, 0.1], "k_pid_hsp": [2.82373402557605, 0.01, 0.01], "k_pid_vsp": [111.20884264032553, 102.7157397860675, 1.0]}, "datetime": {"datetime": "2025-08-20 23:48:37", "elapsed": 42972.18805909157, "delta": 16.907787084579468}, "costs": {"total_cost": 177.60937995499717, "time_cost": 69.168, "final_distance_cost": 1.8236531971998164, "oscillation_cost": 34.65964045638309, "completition_cost": 0.0, "overshoot_cost": 49.90985172465229, "power_cost": 11.13902373046875, "noise_cost": 10.909210846293195, "n_waypoints_completed": 9, "tot_waypoints": 9}}
{"target": -1005.7454391490111, "params": {"k_pid_pos": [1.4698128353043505, 0.0822904257601288, 0.3434561031905483], "k_pid_alt": [1.2679502233621702, 0.0, 0.1], "k_pid_att": [94.37630377460124, 1.326856224425946, 0.9808211468183533], "k_pid_yaw": [0.5, 1e-06, 0.1], "k_pid_hsp": [2.82373402557605, 0.01, 0.01], "k_pid_vsp": [111.20884264032553, 102.7157397860675, 349.62347566390906]}, "datetime": {"datetime": "2025-08-20 23:48:59", "elapsed": 42993.597744464874, "delta": 21.409685373306274}, "costs": {"total_cost": 1005.7454391490111, "time_cost": 150, "final_distance_cost": 59.00893665565767, "oscillation_cost": 46.8128843619459, "completition_cost": 666.6666666666667, "overshoot_cost": 69.77794151100618, "power_cost": 6.331268798828125, "noise_cost": 7.147741154906565, "n_waypoints_completed": 3, "tot_waypoints": 9}}
{"target": -177.60937995499717, "params": {"k_pid_pos": [1.4698128353043505, 0.0822904257601288, 0.3434561031905483], "k_pid_alt": [1.2679502233621702, 0.0, 0.1], "k_pid_att": [43.948176657889235, 1.326856224425946, 0.9808211468183533], "k_pid_yaw": [0.5, 1e-06, 0.1], "k_pid_hsp": [2.82373402557605, 0.01, 0.01], "k_pid_vsp": [111.20884264032553, 102.7157397860675, 1.0]}, "datetime": {"datetime": "2025-08-20 23:49:16", "elapsed": 43011.07432961464, "delta": 17.476585149765015}, "costs": {"total_cost": 177.60937995499717, "time_cost": 69.168, "final_distance_cost": 1.8236531971998164, "oscillation_cost": 34.65964045638309, "completition_cost": 0.0, "overshoot_cost": 49.90985172465229, "power_cost": 11.13902373046875, "noise_cost": 10.909210846293195, "n_waypoints_completed": 9, "tot_waypoints": 9}}
{"target": -177.60937995499717, "params": {"k_pid_pos": [1.4698128353043505, 0.0822904257601288, 0.3434561031905483], "k_pid_alt": [1.2679502233621702, 0.0, 0.1], "k_pid_att": [43.948176657889235, 1.326856224425946, 0.9808211468183533], "k_pid_yaw": [0.5, 1e-06, 0.1], "k_pid_hsp": [2.82373402557605, 0.01, 0.01], "k_pid_vsp": [111.20884264032553, 102.7157397860675, 1.0]}, "datetime": {"datetime": "2025-08-20 23:49:31", "elapsed": 43025.856317043304, "delta": 14.781987428665161}, "costs": {"total_cost": 177.60937995499717, "time_cost": 69.168, "final_distance_cost": 1.8236531971998164, "oscillation_cost": 34.65964045638309, "completition_cost": 0.0, "overshoot_cost": 49.90985172465229, "power_cost": 11.13902373046875, "noise_cost": 10.909210846293195, "n_waypoints_completed": 9, "tot_waypoints": 9}}
{"target": -177.60937995499717, "params": {"k_pid_pos": [1.4698128353043505, 0.0822904257601288, 0.3434561031905483], "k_pid_alt": [1.2679502233621702, 0.0, 0.1], "k_pid_att": [43.948176657889235, 1.326856224425946, 0.9808211468183533], "k_pid_yaw": [0.5, 1e-06, 0.1], "k_pid_hsp": [2.82373402557605, 0.01, 0.01], "k_pid_vsp": [111.20884264032553, 102.7157397860675, 1.0]}, "datetime": {"datetime": "2025-08-20 23:49:49", "elapsed": 43043.63606381416, "delta": 17.779746770858765}, "costs": {"total_cost": 177.60937995499717, "time_cost": 69.168, "final_distance_cost": 1.8236531971998164, "oscillation_cost": 34.65964045638309, "completition_cost": 0.0, "overshoot_cost": 49.90985172465229, "power_cost": 11.13902373046875, "noise_cost": 10.909210846293195, "n_waypoints_completed": 9, "tot_waypoints": 9}}
{"target": -1889.3900244222016, "params": {"k_pid_pos": [1.4698128353043505, 0.0822904257601288, 0.8703044163300477], "k_pid_alt": [1.2679502233621702, 0.0, 0.1], "k_pid_att": [43.948176657889235, 1.326856224425946, 0.9808211468183533], "k_pid_yaw": [0.5, 1e-06, 0.1], "k_pid_hsp": [2.82373402557605, 0.01, 0.01], "k_pid_vsp": [111.20884264032553, 102.7157397860675, 333.0789253282923]}, "datetime": {"datetime": "2025-08-20 23:50:10", "elapsed": 43065.40764307976, "delta": 21.771579265594482}, "costs": {"total_cost": 1889.3900244222016, "time_cost": 150, "final_distance_cost": 381.4488499303704, "oscillation_cost": 39.97654340871585, "completition_cost": 888.8888888888888, "overshoot_cost": 375.8548690430913, "power_cost": 31.15906307373047, "noise_cost": 22.06181007740475, "n_waypoints_completed": 1, "tot_waypoints": 9}}
{"target": -177.5361305151359, "params": {"k_pid_pos": [1.4698128353043505, 0.0822904257601288, 0.3434561031905483], "k_pid_alt": [1.2679502233621702, 0.002285307115397095, 0.1], "k_pid_att": [43.948176657889235, 1.326856224425946, 0.9808211468183533], "k_pid_yaw": [0.5, 1e-06, 0.1], "k_pid_hsp": [2.82373402557605, 0.01, 0.01], "k_pid_vsp": [111.20884264032553, 102.7157397860675, 1.0]}, "datetime": {"datetime": "2025-08-20 23:50:27", "elapsed": 43082.45328617096, "delta": 17.045643091201782}, "costs": {"total_cost": 177.5361305151359, "time_cost": 69.08, "final_distance_cost": 1.8327285581441464, "oscillation_cost": 34.59863589550709, "completition_cost": 0.0, "overshoot_cost": 49.80811190125497, "power_cost": 11.286500048828126, "noise_cost": 10.930154111401608, "n_waypoints_completed": 9, "tot_waypoints": 9}}
{"target": -184.9338137164712, "params": {"k_pid_pos": [1.1058041512651589, 0.0822904257601288, 0.3434561031905483], "k_pid_alt": [1.2679502233621702, 0.0, 0.1], "k_pid_att": [43.948176657889235, 1.326856224425946, 0.9808211468183533], "k_pid_yaw": [0.5, 1e-06, 0.1], "k_pid_hsp": [2.82373402557605, 0.01, 0.01], "k_pid_vsp": [111.20884264032553, 294.55613088355835, 1.0]}, "datetime": {"datetime": "2025-08-20 23:50:44", "elapsed": 43098.493649721146, "delta": 16.040363550186157}, "costs": {"total_cost": 184.9338137164712, "time_cost": 70.88, "final_distance_cost": 1.8465325128478325, "oscillation_cost": 38.9723574979454, "completition_cost": 0.0, "overshoot_cost": 49.96909563369727, "power_cost": 11.743436572265626, "noise_cost": 11.522391499715065, "n_waypoints_completed": 9, "tot_waypoints": 9}}
{"target": -185.48156930179294, "params": {"k_pid_pos": [1.4698128353043505, 0.0822904257601288, 0.1421233815175672], "k_pid_alt": [1.2679502233621702, 0.0, 0.1], "k_pid_att": [43.948176657889235, 7.935037623115764, 0.28843249422148953], "k_pid_yaw": [0.5, 1e-06, 0.1], "k_pid_hsp": [2.82373402557605, 0.01, 0.01], "k_pid_vsp": [111.20884264032553, 102.7157397860675, 1.0]}, "datetime": {"datetime": "2025-08-20 23:50:59", "elapsed": 43113.61438179016, "delta": 15.120732069015503}, "costs": {"total_cost": 185.48156930179294, "time_cost": 68.864, "final_distance_cost": 1.773259325907886, "oscillation_cost": 41.99537297014888, "completition_cost": 0.0, "overshoot_cost": 50.5186199098408, "power_cost": 11.4148509765625, "noise_cost": 10.91546611933288, "n_waypoints_completed": 9, "tot_waypoints": 9}}
{"target": -234.84663684194786, "params": {"k_pid_pos": [0.6975210798042333, 0.0822904257601288, 0.3434561031905483], "k_pid_alt": [1.2679502233621702, 0.0, 0.1], "k_pid_att": [43.948176657889235, 1.326856224425946, 0.0358076181363971], "k_pid_yaw": [0.5, 1e-06, 0.1], "k_pid_hsp": [2.82373402557605, 0.01, 0.01], "k_pid_vsp": [111.20884264032553, 102.7157397860675, 1.0]}, "datetime": {"datetime": "2025-08-20 23:51:19", "elapsed": 43133.788945913315, "delta": 20.174564123153687}, "costs": {"total_cost": 234.84663684194786, "time_cost": 78.424, "final_distance_cost": 1.8419459280791457, "oscillation_cost": 77.50849094313286, "completition_cost": 0.0, "overshoot_cost": 51.14254871753288, "power_cost": 12.974374340820313, "noise_cost": 12.955276912382647, "n_waypoints_completed": 9, "tot_waypoints": 9}}
{"target": -346.29174628319316, "params": {"k_pid_pos": [1.4698128353043505, 0.0822904257601288, 0.3434561031905483], "k_pid_alt": [1.2679502233621702, 0.0, 0.1], "k_pid_att": [43.948176657889235, 1.326856224425946, 0.1018481943999695], "k_pid_yaw": [0.5, 1e-06, 0.1], "k_pid_hsp": [2.82373402557605, 0.01, 0.9425571677470318], "k_pid_vsp": [111.20884264032553, 102.7157397860675, 1.0]}, "datetime": {"datetime": "2025-08-20 23:51:37", "elapsed": 43151.72531294823, "delta": 17.93636703491211}, "costs": {"total_cost": 346.29174628319316, "time_cost": 80.84, "final_distance_cost": 1.8168232360105834, "oscillation_cost": 177.70332007302923, "completition_cost": 0.0, "overshoot_cost": 56.00283394440413, "power_cost": 16.49085244140625, "noise_cost": 13.43791658834293, "n_waypoints_completed": 9, "tot_waypoints": 9}}
{"target": -214.6469697243277, "params": {"k_pid_pos": [1.4698128353043505, 0.0822904257601288, 0.11838016897587333], "k_pid_alt": [1.369301985414741, 0.8463308000766016, 0.1], "k_pid_att": [48.72034828741394, 1.326856224425946, 0.9808211468183533], "k_pid_yaw": [0.5, 1e-06, 0.1], "k_pid_hsp": [2.82373402557605, 0.01, 0.01], "k_pid_vsp": [111.20884264032553, 102.7157397860675, 1.0]}, "datetime": {"datetime": "2025-08-20 23:51:56", "elapsed": 43170.569725990295, "delta": 18.84441304206848}, "costs": {"total_cost": 214.6469697243277, "time_cost": 81.784, "final_distance_cost": 1.7299633016502631, "oscillation_cost": 51.96244814496282, "completition_cost": 0.0, "overshoot_cost": 53.02656716204121, "power_cost": 13.938618481445314, "noise_cost": 12.20537263422809, "n_waypoints_completed": 9, "tot_waypoints": 9}}
{"target": -282.12568091382946, "params": {"k_pid_pos": [0.9417943226741261, 0.0822904257601288, 0.3434561031905483], "k_pid_alt": [1.2679502233621702, 0.0, 0.8325386616406555], "k_pid_att": [58.93513073376321, 1.326856224425946, 0.9808211468183533], "k_pid_yaw": [0.5, 1e-06, 0.1], "k_pid_hsp": [2.82373402557605, 0.8009836977913036, 0.15150696943077524], "k_pid_vsp": [111.20884264032553, 130.7497157006716, 1.0]}, "datetime": {"datetime": "2025-08-20 23:52:13", "elapsed": 43187.88221693039, "delta": 17.312490940093994}, "costs": {"total_cost": 282.12568091382946, "time_cost": 77.352, "final_distance_cost": 1.846782680565654, "oscillation_cost": 123.95104845972106, "completition_cost": 0.0, "overshoot_cost": 49.9836953690389, "power_cost": 15.406452270507813, "noise_cost": 13.58570213399598, "n_waypoints_completed": 9, "tot_waypoints": 9}}
{"target": -182.81864610751398, "params": {"k_pid_pos": [1.4698128353043505, 0.0822904257601288, 0.3434561031905483], "k_pid_alt": [1.1282836679094277, 0.0, 0.1], "k_pid_att": [43.948176657889235, 1.326856224425946, 0.9808211468183533], "k_pid_yaw": [0.5, 1e-06, 0.1], "k_pid_hsp": [2.82373402557605, 0.6573954023067294, 0.01], "k_pid_vsp": [111.20884264032553, 102.7157397860675, 1.0]}, "datetime": {"datetime": "2025-08-20 23:52:29", "elapsed": 43204.24864935875, "delta": 16.366432428359985}, "costs": {"total_cost": 182.81864610751398, "time_cost": 69.08, "final_distance_cost": 1.8311651220023242, "oscillation_cost": 40.011817740211384, "completition_cost": 0.0, "overshoot_cost": 49.356021941445476, "power_cost": 11.568899243164063, "noise_cost": 10.970742060690753, "n_waypoints_completed": 9, "tot_waypoints": 9}}
{"target": -211.42566185952563, "params": {"k_pid_pos": [1.4698128353043505, 0.0822904257601288, 0.4300067027187059], "k_pid_alt": [1.2679502233621702, 0.0, 0.1], "k_pid_att": [43.948176657889235, 1.326856224425946, 0.07945410495105387], "k_pid_yaw": [0.5, 1e-06, 0.1], "k_pid_hsp": [2.82373402557605, 0.01, 0.01], "k_pid_vsp": [249.50305964191816, 102.7157397860675, 1.0]}, "datetime": {"datetime": "2025-08-20 23:52:45", "elapsed": 43219.86474251747, "delta": 15.616093158721924}, "costs": {"total_cost": 211.42566185952563, "time_cost": 69.72, "final_distance_cost": 1.837192295616193, "oscillation_cost": 66.32121286056511, "completition_cost": 0.0, "overshoot_cost": 50.37448863287731, "power_cost": 11.8345845703125, "noise_cost": 11.338183500154527, "n_waypoints_completed": 9, "tot_waypoints": 9}}
{"target": -189.04151623267728, "params": {"k_pid_pos": [1.4698128353043505, 0.0822904257601288, 0.3434561031905483], "k_pid_alt": [1.2679502233621702, 0.0, 0.08077538370342774], "k_pid_att": [3.3146237767705866, 1.326856224425946, 0.9808211468183533], "k_pid_yaw": [0.5, 1e-06, 0.1], "k_pid_hsp": [2.82373402557605, 0.01, 0.01], "k_pid_vsp": [111.20884264032553, 102.7157397860675, 1.0]}, "datetime": {"datetime": "2025-08-20 23:53:02", "elapsed": 43236.52201914787, "delta": 16.65727663040161}, "costs": {"total_cost": 189.04151623267728, "time_cost": 68.592, "final_distance_cost": 1.7555987296247748, "oscillation_cost": 44.8440395462397, "completition_cost": 0.0, "overshoot_cost": 50.36277754581513, "power_cost": 12.400082275390625, "noise_cost": 11.087018135607064, "n_waypoints_completed": 9, "tot_waypoints": 9}}
{"target": -259.4984217669852, "params": {"k_pid_pos": [0.617306765554704, 0.0822904257601288, 0.681425213051728], "k_pid_alt": [1.2679502233621702, 0.7191353315231587, 0.1], "k_pid_att": [43.948176657889235, 1.326856224425946, 0.9808211468183533], "k_pid_yaw": [0.5, 1e-06, 0.1], "k_pid_hsp": [2.82373402557605, 0.01, 0.01], "k_pid_vsp": [268.78500658002355, 102.7157397860675, 102.16303801514758]}, "datetime": {"datetime": "2025-08-20 23:53:27", "elapsed": 43261.529035806656, "delta": 25.00701665878296}, "costs": {"total_cost": 259.4984217669852, "time_cost": 99.136, "final_distance_cost": 1.7517624932806266, "oscillation_cost": 58.20728576294033, "completition_cost": 0.0, "overshoot_cost": 59.19387103258547, "power_cost": 23.927427416992188, "noise_cost": 17.282075061186614, "n_waypoints_completed": 9, "tot_waypoints": 9}}
{"target": -323.06854322033865, "params": {"k_pid_pos": [1.4698128353043505, 0.0822904257601288, 0.3434561031905483], "k_pid_alt": [1.2679502233621702, 0.0, 0.1], "k_pid_att": [43.948176657889235, 1.326856224425946, 0.9808211468183533], "k_pid_yaw": [0.5, 1e-06, 0.1], "k_pid_hsp": [2.82373402557605, 0.5664933610390265, 0.9296404594500406], "k_pid_vsp": [111.20884264032553, 102.7157397860675, 1.0]}, "datetime": {"datetime": "2025-08-20 23:53:44", "elapsed": 43279.471927404404, "delta": 17.942891597747803}, "costs": {"total_cost": 323.06854322033865, "time_cost": 85.256, "final_distance_cost": 1.7784280224233981, "oscillation_cost": 151.53881765585237, "completition_cost": 0.0, "overshoot_cost": 53.63545218052588, "power_cost": 16.85243419189453, "noise_cost": 14.007411169642452, "n_waypoints_completed": 9, "tot_waypoints": 9}}
{"target": -314.3693218608364, "params": {"k_pid_pos": [1.4698128353043505, 0.0822904257601288, 0.3434561031905483], "k_pid_alt": [1.2679502233621702, 0.0, 0.28785777390850376], "k_pid_att": [43.948176657889235, 1.326856224425946, 0.9679896628054555], "k_pid_yaw": [0.5, 1e-06, 0.1], "k_pid_hsp": [2.82373402557605, 0.01, 0.8448240694813541], "k_pid_vsp": [111.20884264032553, 102.7157397860675, 1.0]}, "datetime": {"datetime": "2025-08-20 23:54:05", "elapsed": 43300.11131501198, "delta": 20.639387607574463}, "costs": {"total_cost": 314.3693218608364, "time_cost": 84.168, "final_distance_cost": 1.8138442022307713, "oscillation_cost": 144.22075250810718, "completition_cost": 0.0, "overshoot_cost": 53.35730651518266, "power_cost": 16.88294228515625, "noise_cost": 13.926476350159508, "n_waypoints_completed": 9, "tot_waypoints": 9}}
{"target": -190.12035276017775, "params": {"k_pid_pos": [1.4698128353043505, 0.0822904257601288, 0.3434561031905483], "k_pid_alt": [1.2679502233621702, 0.0, 0.1], "k_pid_att": [48.06446345179908, 1.326856224425946, 0.9590471292166544], "k_pid_yaw": [0.5, 1e-06, 0.1], "k_pid_hsp": [5.976713255381488, 0.01, 0.01], "k_pid_vsp": [389.547240119663, 102.7157397860675, 1.0]}, "datetime": {"datetime": "2025-08-20 23:54:20", "elapsed": 43314.614367723465, "delta": 14.503052711486816}, "costs": {"total_cost": 190.12035276017775, "time_cost": 69.512, "final_distance_cost": 1.8282966070711655, "oscillation_cost": 45.33494059231842, "completition_cost": 0.0, "overshoot_cost": 50.762098786622445, "power_cost": 11.56294248046875, "noise_cost": 11.120074293696947, "n_waypoints_completed": 9, "tot_waypoints": 9}}
{"target": -183.73383792244007, "params": {"k_pid_pos": [1.4698128353043505, 0.0822904257601288, 0.3434561031905483], "k_pid_alt": [1.2679502233621702, 0.0, 0.1], "k_pid_att": [43.948176657889235, 1.326856224425946, 0.9724560602748271], "k_pid_yaw": [0.5, 1e-06, 0.1], "k_pid_hsp": [2.82373402557605, 0.38287381964741674, 0.01], "k_pid_vsp": [134.16649986656185, 301.8999111261713, 1.0]}, "datetime": {"datetime": "2025-08-20 23:54:38", "elapsed": 43332.84148192406, "delta": 18.22711420059204}, "costs": {"total_cost": 183.73383792244007, "time_cost": 68.768, "final_distance_cost": 1.8226368310978314, "oscillation_cost": 41.227270201330846, "completition_cost": 0.0, "overshoot_cost": 49.70007528063609, "power_cost": 11.373247619628907, "noise_cost": 10.842607989746394, "n_waypoints_completed": 9, "tot_waypoints": 9}}
{"target": -187.2177324402863, "params": {"k_pid_pos": [1.5141505920467568, 0.0822904257601288, 0.920664824126078], "k_pid_alt": [1.2679502233621702, 0.0, 0.1], "k_pid_att": [51.167851276682896, 1.326856224425946, 0.9808211468183533], "k_pid_yaw": [0.5, 1e-06, 0.1], "k_pid_hsp": [2.82373402557605, 0.01, 0.01], "k_pid_vsp": [312.2080463810133, 102.7157397860675, 1.0]}, "datetime": {"datetime": "2025-08-20 23:54:54", "elapsed": 43348.51406407356, "delta": 15.672582149505615}, "costs": {"total_cost": 187.2177324402863, "time_cost": 71.384, "final_distance_cost": 1.843115162652467, "oscillation_cost": 40.37847959105404, "completition_cost": 0.0, "overshoot_cost": 50.15744286998314, "power_cost": 11.785318371582031, "noise_cost": 11.669376445014636, "n_waypoints_completed": 9, "tot_waypoints": 9}}
{"target": -184.41102933832548, "params": {"k_pid_pos": [1.4698128353043505, 0.0822904257601288, 0.3434561031905483], "k_pid_alt": [1.2679502233621702, 0.0, 0.1], "k_pid_att": [43.948176657889235, 1.326856224425946, 0.28117537961023575], "k_pid_yaw": [0.5, 1e-06, 0.1], "k_pid_hsp": [2.82373402557605, 0.01, 0.01], "k_pid_vsp": [111.20884264032553, 102.7157397860675, 1.0]}, "datetime": {"datetime": "2025-08-20 23:55:10", "elapsed": 43364.872381448746, "delta": 16.358317375183105}, "costs": {"total_cost": 184.41102933832548, "time_cost": 69.21600000000001, "final_distance_cost": 1.806377269698505, "oscillation_cost": 40.41762433190377, "completition_cost": 0.0, "overshoot_cost": 50.049849204693295, "power_cost": 11.739185595703125, "noise_cost": 11.181992936326775, "n_waypoints_completed": 9, "tot_waypoints": 9}}
{"target": -187.90784067991567, "params": {"k_pid_pos": [1.4698128353043505, 0.0822904257601288, 0.3434561031905483], "k_pid_alt": [1.2679502233621702, 0.0, 0.1], "k_pid_att": [43.948176657889235, 1.326856224425946, 0.9808211468183533], "k_pid_yaw": [0.5, 1e-06, 0.1], "k_pid_hsp": [5.962324514408042, 0.38287381964741674, 0.01], "k_pid_vsp": [24.249788341144416, 102.7157397860675, 1.0]}, "datetime": {"datetime": "2025-08-20 23:55:26", "elapsed": 43381.3384950161, "delta": 16.466113567352295}, "costs": {"total_cost": 187.90784067991567, "time_cost": 68.688, "final_distance_cost": 1.800702961935424, "oscillation_cost": 45.54137328492917, "completition_cost": 0.0, "overshoot_cost": 49.146122208021616, "power_cost": 11.750011791992188, "noise_cost": 10.981630433037243, "n_waypoints_completed": 9, "tot_waypoints": 9}}
