{"target": -184.8533313192814, "params": {"k_pid_pos": [1.4698128353043505, 0.024859491386256316, 0.3434561031905483], "k_pid_alt": [1.2679502233621702, 0.0, 0.1], "k_pid_att": [21.562391753424215, 1.326856224425946, 0.9274604585040267], "k_pid_yaw": [0.5, 1e-06, 0.1], "k_pid_hsp": [4.249544071986334, 0.01, 0.01], "k_pid_vsp": [111.20884264032553, 102.7157397860675, 1.0]}, "datetime": {"datetime": "2025-08-20 20:44:49", "elapsed": 31943.76839184761, "delta": 16.985536813735962}, "costs": {"total_cost": 184.8533313192814, "time_cost": 69.096, "final_distance_cost": 1.8368732392232368, "oscillation_cost": 41.24601225110521, "completition_cost": 0.0, "overshoot_cost": 50.1400790620214, "power_cost": 11.525355480957032, "noise_cost": 11.009011285974534, "n_waypoints_completed": 9, "tot_waypoints": 9}}
{"target": -186.3375378071682, "params": {"k_pid_pos": [1.4698128353043505, 0.024859491386256316, 0.15504459629470158], "k_pid_alt": [1.2679502233621702, 0.0, 0.5775663314924924], "k_pid_att": [87.04919764154812, 0.7630207001553703, 0.9274604585040267], "k_pid_yaw": [0.5, 1e-06, 0.1], "k_pid_hsp": [2.82373402557605, 0.01, 0.01], "k_pid_vsp": [111.20884264032553, 102.7157397860675, 1.0]}, "datetime": {"datetime": "2025-08-20 20:45:04", "elapsed": 31958.747087717056, "delta": 14.9786958694458}, "costs": {"total_cost": 186.3375378071682, "time_cost": 70.504, "final_distance_cost": 1.8194190154634837, "oscillation_cost": 41.32685269411782, "completition_cost": 0.0, "overshoot_cost": 50.19358100392791, "power_cost": 11.481115258789064, "noise_cost": 11.012569834869918, "n_waypoints_completed": 9, "tot_waypoints": 9}}
{"target": -196.40383632029008, "params": {"k_pid_pos": [1.4698128353043505, 0.024859491386256316, 0.3434561031905483], "k_pid_alt": [1.2679502233621702, 0.0, 0.1], "k_pid_att": [43.948176657889235, 2.352529590908416, 0.16608962520040438], "k_pid_yaw": [0.5, 1e-06, 0.1], "k_pid_hsp": [2.82373402557605, 0.5286484062691404, 0.01], "k_pid_vsp": [111.20884264032553, 102.7157397860675, 1.0]}, "datetime": {"datetime": "2025-08-20 20:45:20", "elapsed": 31974.908091783524, "delta": 16.161004066467285}, "costs": {"total_cost": 196.40383632029008, "time_cost": 68.904, "final_distance_cost": 1.8371336826450413, "oscillation_cost": 53.346531841763976, "completition_cost": 0.0, "overshoot_cost": 49.74735899481703, "power_cost": 11.496610388183594, "noise_cost": 11.072201412880435, "n_waypoints_completed": 9, "tot_waypoints": 9}}
{"target": -178.13646192795576, "params": {"k_pid_pos": [1.4698128353043505, 0.024859491386256316, 0.22876272759744842], "k_pid_alt": [1.2679502233621702, 0.0, 0.1], "k_pid_att": [43.948176657889235, 2.39259846319054, 0.9274604585040267], "k_pid_yaw": [0.5, 1e-06, 0.1], "k_pid_hsp": [2.82373402557605, 0.01, 0.01], "k_pid_vsp": [90.20309817429433, 102.7157397860675, 1.0]}, "datetime": {"datetime": "2025-08-20 20:45:36", "elapsed": 31990.545254707336, "delta": 15.637162923812866}, "costs": {"total_cost": 178.13646192795576, "time_cost": 68.848, "final_distance_cost": 1.8109127496013473, "oscillation_cost": 35.256099762017556, "completition_cost": 0.0, "overshoot_cost": 49.923464362236494, "power_cost": 11.36828592529297, "noise_cost": 10.929699128807394, "n_waypoints_completed": 9, "tot_waypoints": 9}}
{"target": -178.68845958254076, "params": {"k_pid_pos": [1.4698128353043505, 0.024859491386256316, 0.3434561031905483], "k_pid_alt": [1.2679502233621702, 0.0, 0.1], "k_pid_att": [43.948176657889235, 3.4126860594551975, 0.9274604585040267], "k_pid_yaw": [0.5, 1e-06, 0.1], "k_pid_hsp": [2.82373402557605, 0.01, 0.01], "k_pid_vsp": [111.20884264032553, 102.7157397860675, 1.0]}, "datetime": {"datetime": "2025-08-20 20:45:52", "elapsed": 32006.576100826263, "delta": 16.030846118927002}, "costs": {"total_cost": 178.68845958254076, "time_cost": 69.176, "final_distance_cost": 1.8322434393859444, "oscillation_cost": 35.11274181414861, "completition_cost": 0.0, "overshoot_cost": 50.27670671254896, "power_cost": 11.252723193359376, "noise_cost": 11.038044423097862, "n_waypoints_completed": 9, "tot_waypoints": 9}}
{"target": -178.7337280149156, "params": {"k_pid_pos": [1.4698128353043505, 0.08329610310830193, 0.37255195504867966], "k_pid_alt": [1.2679502233621702, 0.0, 0.1], "k_pid_att": [43.948176657889235, 3.4126860594551975, 0.9274604585040267], "k_pid_yaw": [0.5, 1e-06, 0.1], "k_pid_hsp": [2.82373402557605, 0.01, 0.01], "k_pid_vsp": [111.20884264032553, 102.7157397860675, 1.0]}, "datetime": {"datetime": "2025-08-20 20:46:08", "elapsed": 32022.599206209183, "delta": 16.02310538291931}, "costs": {"total_cost": 178.7337280149156, "time_cost": 69.256, "final_distance_cost": 1.8133148818239597, "oscillation_cost": 35.08382938685074, "completition_cost": 0.0, "overshoot_cost": 50.11773224839402, "power_cost": 11.36145926513672, "noise_cost": 11.101392232710209, "n_waypoints_completed": 9, "tot_waypoints": 9}}
{"target": -1482.7752455117145, "params": {"k_pid_pos": [0.8201182701569295, 0.08329610310830193, 0.37255195504867966], "k_pid_alt": [1.2679502233621702, 0.0, 0.1], "k_pid_att": [43.948176657889235, 3.4126860594551975, 0.9274604585040267], "k_pid_yaw": [0.5, 1e-06, 0.1], "k_pid_hsp": [2.82373402557605, 0.01, 0.01], "k_pid_vsp": [111.20884264032553, 102.7157397860675, 313.11458436796505]}, "datetime": {"datetime": "2025-08-20 20:46:30", "elapsed": 32045.07440638542, "delta": 22.475200176239014}, "costs": {"total_cost": 1482.7752455117145, "time_cost": 150, "final_distance_cost": 199.36013517912684, "oscillation_cost": 31.755878619804424, "completition_cost": 888.8888888888888, "overshoot_cost": 165.99042635879192, "power_cost": 27.70674334716797, "noise_cost": 19.073173117934658, "n_waypoints_completed": 1, "tot_waypoints": 9}}
{"target": -186.00481408761934, "params": {"k_pid_pos": [1.4698128353043505, 0.024859491386256316, 0.3434561031905483], "k_pid_alt": [1.2679502233621702, 0.0, 0.1], "k_pid_att": [43.948176657889235, 1.326856224425946, 0.9274604585040267], "k_pid_yaw": [0.5, 1e-06, 0.1], "k_pid_hsp": [2.82373402557605, 0.915123765919971, 0.01], "k_pid_vsp": [111.20884264032553, 130.53254854158118, 1.0]}, "datetime": {"datetime": "2025-08-20 20:46:46", "elapsed": 32061.00702571869, "delta": 15.932619333267212}, "costs": {"total_cost": 186.00481408761934, "time_cost": 68.808, "final_distance_cost": 1.8515844757809379, "oscillation_cost": 44.127848444197966, "completition_cost": 0.0, "overshoot_cost": 48.8048229623907, "power_cost": 11.430985095214844, "noise_cost": 10.981573110034876, "n_waypoints_completed": 9, "tot_waypoints": 9}}
{"target": -192.42901876565244, "params": {"k_pid_pos": [1.4698128353043505, 0.024859491386256316, 0.3434561031905483], "k_pid_alt": [1.2679502233621702, 0.0, 0.02282466901291924], "k_pid_att": [21.98704379498816, 1.326856224425946, 0.20497828334174084], "k_pid_yaw": [0.5, 1e-06, 0.1], "k_pid_hsp": [2.82373402557605, 0.01, 0.01], "k_pid_vsp": [111.20884264032553, 102.7157397860675, 1.0]}, "datetime": {"datetime": "2025-08-20 20:47:01", "elapsed": 32075.941343784332, "delta": 14.93431806564331}, "costs": {"total_cost": 192.42901876565244, "time_cost": 68.952, "final_distance_cost": 1.8376230817428365, "oscillation_cost": 48.11037469506806, "completition_cost": 0.0, "overshoot_cost": 49.830948789897704, "power_cost": 12.258456835937501, "noise_cost": 11.439615363006343, "n_waypoints_completed": 9, "tot_waypoints": 9}}
{"target": -178.68845958254076, "params": {"k_pid_pos": [1.4698128353043505, 0.024859491386256316, 0.3434561031905483], "k_pid_alt": [1.2679502233621702, 0.0, 0.1], "k_pid_att": [43.948176657889235, 3.4126860594551975, 0.9274604585040267], "k_pid_yaw": [0.5, 1e-06, 0.1], "k_pid_hsp": [2.82373402557605, 0.01, 0.01], "k_pid_vsp": [111.20884264032553, 102.7157397860675, 1.0]}, "datetime": {"datetime": "2025-08-20 20:47:18", "elapsed": 32093.455744743347, "delta": 17.514400959014893}, "costs": {"total_cost": 178.68845958254076, "time_cost": 69.176, "final_distance_cost": 1.8322434393859444, "oscillation_cost": 35.11274181414861, "completition_cost": 0.0, "overshoot_cost": 50.27670671254896, "power_cost": 11.252723193359376, "noise_cost": 11.038044423097862, "n_waypoints_completed": 9, "tot_waypoints": 9}}
{"target": -190.13073493694057, "params": {"k_pid_pos": [1.4698128353043505, 0.2554604167081139, 0.5055607170423029], "k_pid_alt": [1.2679502233621702, 0.0, 0.1], "k_pid_att": [43.948176657889235, 3.4126860594551975, 0.9274604585040267], "k_pid_yaw": [0.5, 1e-06, 0.1], "k_pid_hsp": [2.82373402557605, 0.01, 0.01], "k_pid_vsp": [111.20884264032553, 102.7157397860675, 1.0]}, "datetime": {"datetime": "2025-08-20 20:47:34", "elapsed": 32109.413408517838, "delta": 15.957663774490356}, "costs": {"total_cost": 190.13073493694057, "time_cost": 73.664, "final_distance_cost": 1.800969380946294, "oscillation_cost": 39.87464881887172, "completition_cost": 0.0, "overshoot_cost": 51.24737013026622, "power_cost": 11.90317099609375, "noise_cost": 11.640575610762573, "n_waypoints_completed": 9, "tot_waypoints": 9}}
{"target": -197.6061242792863, "params": {"k_pid_pos": [1.4698128353043505, 0.47620257154743195, 0.3434561031905483], "k_pid_alt": [1.2679502233621702, 0.0, 0.02282466901291924], "k_pid_att": [12.665511903358361, 1.326856224425946, 0.20497828334174084], "k_pid_yaw": [0.5, 1e-06, 0.1], "k_pid_hsp": [2.82373402557605, 0.915123765919971, 0.01], "k_pid_vsp": [111.20884264032553, 130.53254854158118, 1.0]}, "datetime": {"datetime": "2025-08-20 20:47:52", "elapsed": 32127.032908678055, "delta": 17.619500160217285}, "costs": {"total_cost": 197.6061242792863, "time_cost": 72.352, "final_distance_cost": 1.763801162102505, "oscillation_cost": 48.23816921041382, "completition_cost": 0.0, "overshoot_cost": 49.43941575666465, "power_cost": 13.905177844238281, "noise_cost": 11.907560305867023, "n_waypoints_completed": 9, "tot_waypoints": 9}}
{"target": -178.87822759912342, "params": {"k_pid_pos": [1.4698128353043505, 0.024859491386256316, 0.3434561031905483], "k_pid_alt": [1.2679502233621702, 0.0, 0.1], "k_pid_att": [43.948176657889235, 1.1166001057131414, 0.9274604585040267], "k_pid_yaw": [0.5, 1e-06, 0.1], "k_pid_hsp": [2.82373402557605, 0.01, 0.01], "k_pid_vsp": [111.20884264032553, 102.7157397860675, 1.0]}, "datetime": {"datetime": "2025-08-20 20:48:07", "elapsed": 32141.89610528946, "delta": 14.863196611404419}, "costs": {"total_cost": 178.87822759912342, "time_cost": 69.184, "final_distance_cost": 1.8378687669233456, "oscillation_cost": 35.47753792921694, "completition_cost": 0.0, "overshoot_cost": 50.3037701585096, "power_cost": 11.113049768066407, "noise_cost": 10.962000976407118, "n_waypoints_completed": 9, "tot_waypoints": 9}}
{"target": -201.98177813731203, "params": {"k_pid_pos": [1.4698128353043505, 0.00338214545638138, 0.5215242577869234], "k_pid_alt": [1.235506431643923, 0.4962104186333234, 0.1], "k_pid_att": [43.948176657889235, 4.633477034214585, 0.7777404808096422], "k_pid_yaw": [0.5, 1e-06, 0.1], "k_pid_hsp": [2.82373402557605, 0.01, 0.01], "k_pid_vsp": [66.77612754735902, 102.7157397860675, 1.0]}, "datetime": {"datetime": "2025-08-20 20:48:25", "elapsed": 32159.75915980339, "delta": 17.863054513931274}, "costs": {"total_cost": 201.98177813731203, "time_cost": 75.768, "final_distance_cost": 1.7749506888176108, "oscillation_cost": 49.21679621155309, "completition_cost": 0.0, "overshoot_cost": 50.96898662736784, "power_cost": 12.706912451171876, "noise_cost": 11.5461321584016, "n_waypoints_completed": 9, "tot_waypoints": 9}}
{"target": -322.63564151280985, "params": {"k_pid_pos": [1.4698128353043505, 0.4420512236420855, 0.3434561031905483], "k_pid_alt": [1.2679502233621702, 0.0, 0.1], "k_pid_att": [43.948176657889235, 1.326856224425946, 0.9274604585040267], "k_pid_yaw": [0.5, 1e-06, 0.1], "k_pid_hsp": [2.82373402557605, 0.01, 0.2242203254248294], "k_pid_vsp": [111.20884264032553, 102.7157397860675, 1.0]}, "datetime": {"datetime": "2025-08-20 20:48:43", "elapsed": 32177.929150104523, "delta": 18.169990301132202}, "costs": {"total_cost": 322.63564151280985, "time_cost": 78.936, "final_distance_cost": 1.7170859405059473, "oscillation_cost": 161.44200067729324, "completition_cost": 0.0, "overshoot_cost": 51.78634053250038, "power_cost": 15.455449145507814, "noise_cost": 13.29876521700241, "n_waypoints_completed": 9, "tot_waypoints": 9}}
{"target": -188.50401982017297, "params": {"k_pid_pos": [1.4698128353043505, 0.024859491386256316, 0.3434561031905483], "k_pid_alt": [1.5967479783170597, 0.0, 0.1], "k_pid_att": [43.948176657889235, 2.4733576543945865, 0.9274604585040267], "k_pid_yaw": [0.5, 1e-06, 0.1], "k_pid_hsp": [2.82373402557605, 0.9795808776675899, 0.01], "k_pid_vsp": [365.3854220855408, 102.7157397860675, 1.0]}, "datetime": {"datetime": "2025-08-20 20:48:58", "elapsed": 32192.884646892548, "delta": 14.955496788024902}, "costs": {"total_cost": 188.50401982017297, "time_cost": 69.096, "final_distance_cost": 1.8498939042739928, "oscillation_cost": 44.99401225477823, "completition_cost": 0.0, "overshoot_cost": 49.89703362433718, "power_cost": 11.547099865722657, "noise_cost": 11.119980171060893, "n_waypoints_completed": 9, "tot_waypoints": 9}}
{"target": -339.2508993256538, "params": {"k_pid_pos": [1.4698128353043505, 0.024859491386256316, 0.3434561031905483], "k_pid_alt": [1.2679502233621702, 0.0, 0.1], "k_pid_att": [43.948176657889235, 1.326856224425946, 0.9274604585040267], "k_pid_yaw": [0.5, 1e-06, 0.1], "k_pid_hsp": [1.1779218432282734, 0.01, 0.632766644436895], "k_pid_vsp": [111.20884264032553, 102.7157397860675, 1.0]}, "datetime": {"datetime": "2025-08-20 20:49:17", "elapsed": 32212.163753271103, "delta": 19.279106378555298}, "costs": {"total_cost": 339.2508993256538, "time_cost": 78.57600000000001, "final_distance_cost": 1.821609732932113, "oscillation_cost": 173.12000780412959, "completition_cost": 0.0, "overshoot_cost": 57.02912977544679, "power_cost": 15.686742309570313, "noise_cost": 13.017409703574975, "n_waypoints_completed": 9, "tot_waypoints": 9}}
{"target": -196.03452057573324, "params": {"k_pid_pos": [1.1656520391797218, 0.024859491386256316, 0.3434561031905483], "k_pid_alt": [1.2679502233621702, 0.35334007319765726, 0.1], "k_pid_att": [43.948176657889235, 1.326856224425946, 0.9274604585040267], "k_pid_yaw": [0.5, 1e-06, 0.1], "k_pid_hsp": [2.82373402557605, 0.27564764684121745, 0.01], "k_pid_vsp": [111.20884264032553, 102.7157397860675, 1.0]}, "datetime": {"datetime": "2025-08-20 20:49:36", "elapsed": 32230.6858253479, "delta": 18.522072076797485}, "costs": {"total_cost": 196.03452057573324, "time_cost": 75.28, "final_distance_cost": 1.8101856842827413, "oscillation_cost": 44.97649989194378, "completition_cost": 0.0, "overshoot_cost": 50.134552238290944, "power_cost": 12.474716955566407, "noise_cost": 11.358565805649363, "n_waypoints_completed": 9, "tot_waypoints": 9}}
{"target": -178.87822759912342, "params": {"k_pid_pos": [1.4698128353043505, 0.024859491386256316, 0.3434561031905483], "k_pid_alt": [1.2679502233621702, 0.0, 0.1], "k_pid_att": [43.948176657889235, 1.1166001057131414, 0.9274604585040267], "k_pid_yaw": [0.5, 1e-06, 0.1], "k_pid_hsp": [2.82373402557605, 0.01, 0.01], "k_pid_vsp": [111.20884264032553, 102.7157397860675, 1.0]}, "datetime": {"datetime": "2025-08-20 20:49:55", "elapsed": 32249.84640789032, "delta": 19.160582542419434}, "costs": {"total_cost": 178.87822759912342, "time_cost": 69.184, "final_distance_cost": 1.8378687669233456, "oscillation_cost": 35.47753792921694, "completition_cost": 0.0, "overshoot_cost": 50.3037701585096, "power_cost": 11.113049768066407, "noise_cost": 10.962000976407118, "n_waypoints_completed": 9, "tot_waypoints": 9}}
{"target": -199.25967854563206, "params": {"k_pid_pos": [1.4698128353043505, 0.024859491386256316, 0.3434561031905483], "k_pid_alt": [1.2679502233621702, 0.33621624490630797, 0.1], "k_pid_att": [43.948176657889235, 0.7020553479349817, 0.9274604585040267], "k_pid_yaw": [0.5, 1e-06, 0.1], "k_pid_hsp": [2.82373402557605, 0.01, 0.01], "k_pid_vsp": [111.20884264032553, 133.5444163149646, 1.0]}, "datetime": {"datetime": "2025-08-20 20:50:13", "elapsed": 32267.868789434433, "delta": 18.02238154411316}, "costs": {"total_cost": 199.25967854563206, "time_cost": 77.44, "final_distance_cost": 1.7786319029337108, "oscillation_cost": 45.23946240902465, "completition_cost": 0.0, "overshoot_cost": 50.63310669297378, "power_cost": 12.547819970703125, "noise_cost": 11.620657569996776, "n_waypoints_completed": 9, "tot_waypoints": 9}}
{"target": -1018.839059053981, "params": {"k_pid_pos": [1.4698128353043505, 0.024859491386256316, 0.3434561031905483], "k_pid_alt": [1.2679502233621702, 0.0, 0.1], "k_pid_att": [43.948176657889235, 1.326856224425946, 0.9274604585040267], "k_pid_yaw": [0.5, 1e-06, 0.1], "k_pid_hsp": [2.82373402557605, 0.01, 0.01], "k_pid_vsp": [111.20884264032553, 102.7157397860675, 137.96362976556017]}, "datetime": {"datetime": "2025-08-20 20:50:36", "elapsed": 32290.612210035324, "delta": 22.743420600891113}, "costs": {"total_cost": 1018.839059053981, "time_cost": 150, "final_distance_cost": 59.36248294634525, "oscillation_cost": 43.335133894142096, "completition_cost": 666.6666666666667, "overshoot_cost": 59.37021600423009, "power_cost": 23.04794442138672, "noise_cost": 17.056615121210065, "n_waypoints_completed": 3, "tot_waypoints": 9}}
{"target": -180.25140920647434, "params": {"k_pid_pos": [1.4698128353043505, 0.024859491386256316, 0.3434561031905483], "k_pid_alt": [1.9160597436741602, 0.0, 0.026638658667017756], "k_pid_att": [43.948176657889235, 1.326856224425946, 0.9274604585040267], "k_pid_yaw": [0.5, 1e-06, 0.1], "k_pid_hsp": [2.82373402557605, 0.12837695446753306, 0.01], "k_pid_vsp": [111.20884264032553, 102.7157397860675, 1.0]}, "datetime": {"datetime": "2025-08-20 20:50:52", "elapsed": 32306.700833797455, "delta": 16.088623762130737}, "costs": {"total_cost": 180.25140920647434, "time_cost": 69.104, "final_distance_cost": 1.8467498097575181, "oscillation_cost": 37.17087294245801, "completition_cost": 0.0, "overshoot_cost": 49.8891163715629, "power_cost": 11.261881958007812, "noise_cost": 10.978788124688105, "n_waypoints_completed": 9, "tot_waypoints": 9}}
{"target": -331.46689325988825, "params": {"k_pid_pos": [1.4698128353043505, 0.024859491386256316, 0.3434561031905483], "k_pid_alt": [1.2997166638183162, 0.0, 0.1], "k_pid_att": [43.948176657889235, 1.326856224425946, 0.9274604585040267], "k_pid_yaw": [0.5, 1e-06, 0.1], "k_pid_hsp": [2.82373402557605, 0.01, 0.7511680373897952], "k_pid_vsp": [121.11927891757475, 102.7157397860675, 1.0]}, "datetime": {"datetime": "2025-08-20 20:51:09", "elapsed": 32323.93210697174, "delta": 17.23127317428589}, "costs": {"total_cost": 331.46689325988825, "time_cost": 81.70400000000001, "final_distance_cost": 1.7724169143755915, "oscillation_cost": 161.22745155617466, "completition_cost": 0.0, "overshoot_cost": 57.197200487458524, "power_cost": 15.952260754394532, "noise_cost": 13.613563547484864, "n_waypoints_completed": 9, "tot_waypoints": 9}}
{"target": -358.76833332746605, "params": {"k_pid_pos": [1.4698128353043505, 0.024859491386256316, 0.3434561031905483], "k_pid_alt": [1.2679502233621702, 0.0, 0.1], "k_pid_att": [43.948176657889235, 1.326856224425946, 0.9274604585040267], "k_pid_yaw": [0.5, 1e-06, 0.1], "k_pid_hsp": [2.82373402557605, 0.01, 0.27468045426109544], "k_pid_vsp": [111.20884264032553, 102.7157397860675, 1.0]}, "datetime": {"datetime": "2025-08-20 20:51:27", "elapsed": 32342.36164045334, "delta": 18.4295334815979}, "costs": {"total_cost": 358.76833332746605, "time_cost": 75.792, "final_distance_cost": 1.7825856306907708, "oscillation_cost": 200.90671092443665, "completition_cost": 0.0, "overshoot_cost": 51.78514048449905, "power_cost": 15.3052912109375, "noise_cost": 13.196605076902092, "n_waypoints_completed": 9, "tot_waypoints": 9}}
{"target": -181.09754080807085, "params": {"k_pid_pos": [1.4698128353043505, 0.024859491386256316, 0.3434561031905483], "k_pid_alt": [1.5967479783170597, 0.0, 0.1], "k_pid_att": [43.948176657889235, 1.326856224425946, 0.9274604585040267], "k_pid_yaw": [0.5, 1e-06, 0.1], "k_pid_hsp": [1.1779218432282734, 0.01, 0.01], "k_pid_vsp": [111.20884264032553, 102.7157397860675, 1.0]}, "datetime": {"datetime": "2025-08-20 20:51:42", "elapsed": 32357.070140123367, "delta": 14.708499670028687}, "costs": {"total_cost": 181.09754080807085, "time_cost": 68.848, "final_distance_cost": 1.8241553881078103, "oscillation_cost": 36.570540116448214, "completition_cost": 0.0, "overshoot_cost": 50.289586730989534, "power_cost": 12.268251110839845, "noise_cost": 11.297007461685428, "n_waypoints_completed": 9, "tot_waypoints": 9}}
{"target": -185.97207297823604, "params": {"k_pid_pos": [1.4698128353043505, 0.024859491386256316, 0.3434561031905483], "k_pid_alt": [1.2679502233621702, 0.0, 0.1], "k_pid_att": [43.948176657889235, 7.515433173258454, 0.9274604585040267], "k_pid_yaw": [0.5, 1e-06, 0.1], "k_pid_hsp": [2.82373402557605, 0.934385641909028, 0.01], "k_pid_vsp": [66.77612754735902, 102.7157397860675, 1.0]}, "datetime": {"datetime": "2025-08-20 20:51:58", "elapsed": 32372.999185085297, "delta": 15.929044961929321}, "costs": {"total_cost": 185.97207297823604, "time_cost": 68.648, "final_distance_cost": 1.8502248437538706, "oscillation_cost": 43.486222393280315, "completition_cost": 0.0, "overshoot_cost": 49.469908830229656, "power_cost": 11.454999340820313, "noise_cost": 11.062717570151896, "n_waypoints_completed": 9, "tot_waypoints": 9}}
