{"target": -218.09531696141852, "params": {"k_pid_pos": [0.7, 0.01, 0.09], "k_pid_alt": [0.7, 0.0, 0.1], "k_pid_att": [20.0, 1.0, 0.01], "k_pid_yaw": [0.5, 1e-06, 0.1], "k_pid_hsp": [1.0, 0.01, 0.01], "k_pid_vsp": [150.0, 10.0, 1.0]}, "datetime": {"datetime": "2025-08-20 11:52:44", "elapsed": 19.1188383102417, "delta": 19.1188383102417}, "costs": {"total_cost": 218.09531696141852, "time_cost": 80.52, "final_distance_cost": 1.846802047158783, "oscillation_cost": 57.276179474947774, "completition_cost": 0.0, "overshoot_cost": 51.66750285084266, "power_cost": 13.680444506835938, "noise_cost": 13.10438808163336, "n_waypoints_completed": 9, "tot_waypoints": 9}}
{"target": -1336.5147238325885, "params": {"k_pid_pos": [0.45455471969737526, 0.5545847870158348, 0.06381725610417532], "k_pid_alt": [1.6552623439851641, 0.6316643991220648, 0.7580877400853738], "k_pid_att": [35.45259681298683, 9.706983174146593, 0.8931211213221977], "k_pid_yaw": [0.5, 1e-06, 0.1], "k_pid_hsp": [7.7838571323879115, 0.19463870785196757, 0.4667210037270342], "k_pid_vsp": [17.52150631489151, 61.715797672729636, 273.2195816139329]}, "datetime": {"datetime": "2025-08-20 11:53:13", "elapsed": 47.97050380706787, "delta": 28.851665496826172}, "costs": {"total_cost": 1336.5147238325885, "time_cost": 150, "final_distance_cost": 86.9635887393643, "oscillation_cost": 282.4243750949239, "completition_cost": 666.6666666666667, "overshoot_cost": 93.78301984875927, "power_cost": 32.382087841796874, "noise_cost": 24.294985641077403, "n_waypoints_completed": 3, "tot_waypoints": 9}}
{"target": -1652.1728270959006, "params": {"k_pid_pos": [1.4895498356000434, 0.96750973243421, 0.32582535813815194], "k_pid_alt": [0.7409194120697378, 0.4695558112758079, 0.1894713590842857], "k_pid_att": [12.992150533547164, 4.757101691766715, 0.2269093490508841], "k_pid_yaw": [0.5, 1e-06, 0.1], "k_pid_hsp": [6.698172965425635, 0.43715191887233074, 0.8326781960578374], "k_pid_vsp": [280.1060408008996, 124.94665724044978, 332.9039207258206]}, "datetime": {"datetime": "2025-08-20 11:53:39", "elapsed": 74.32193326950073, "delta": 26.35142946243286}, "costs": {"total_cost": 1652.1728270959006, "time_cost": 150, "final_distance_cost": 42.40537159563919, "oscillation_cost": 366.5476599135555, "completition_cost": 1000.0, "overshoot_cost": 56.021254643598496, "power_cost": 20.915414184570313, "noise_cost": 16.28312675853709, "n_waypoints_completed": 0, "tot_waypoints": 9}}
{"target": -3424.886190493079, "params": {"k_pid_pos": [1.6095482385578541, 0.38747837903017446, 0.2883281039302441], "k_pid_alt": [1.364991007949951, 0.1397524836093098, 0.19990820247510832], "k_pid_att": [0.7362269751005512, 7.869265082583634, 0.6648508565920321], "k_pid_yaw": [0.5, 1e-06, 0.1], "k_pid_hsp": [7.051683269725489, 0.7807290310219679, 0.45891577553833995], "k_pid_vsp": [227.4964783811575, 55.91880011126598, 45.8120302998593]}, "datetime": {"datetime": "2025-08-20 11:54:05", "elapsed": 100.04270219802856, "delta": 25.720768928527832}, "costs": {"total_cost": 3424.886190493079, "time_cost": 150, "final_distance_cost": 378.7582917584506, "oscillation_cost": 1193.586373917975, "completition_cost": 1000.0, "overshoot_cost": 572.6908930570931, "power_cost": 33.61385053710938, "noise_cost": 96.23678122245114, "n_waypoints_completed": 0, "tot_waypoints": 9}}
{"target": -394.7162811271383, "params": {"k_pid_pos": [1.3368390832847643, 0.4710962061431325, 0.5652361064811888], "k_pid_alt": [1.5299977148320512, 0.6347183200005908, 0.5535794006579958], "k_pid_att": [55.92071607454135, 3.0395705856163158, 0.030817834567939406], "k_pid_yaw": [0.5, 1e-06, 0.1], "k_pid_hsp": [4.3672302205847, 0.2145846728195292, 0.40852864372463615], "k_pid_vsp": [341.36122930726646, 93.57579511219681, 23.321097617323666]}, "datetime": {"datetime": "2025-08-20 11:54:24", "elapsed": 119.2244942188263, "delta": 19.18179202079773}, "costs": {"total_cost": 394.7162811271383, "time_cost": 82.312, "final_distance_cost": 1.7697418151250626, "oscillation_cost": 224.03022522498134, "completition_cost": 0.0, "overshoot_cost": 52.94181088407179, "power_cost": 19.202302392578126, "noise_cost": 14.460200810382009, "n_waypoints_completed": 9, "tot_waypoints": 9}}
{"target": -1536.968158282024, "params": {"k_pid_pos": [0.5628396456547908, 0.2935937577666836, 0.6619165147268951], "k_pid_alt": [1.1140643046825567, 0.7838982091064135, 0.6643135403273875], "k_pid_att": [40.63868614400705, 8.14022244462188, 0.1669729199077039], "k_pid_yaw": [0.5, 1e-06, 0.1], "k_pid_hsp": [0.22721846013129138, 0.09004786077564175, 0.7223593505964503], "k_pid_vsp": [184.75089210055495, 64.50871245216894, 200.41791054030062]}, "datetime": {"datetime": "2025-08-20 11:54:48", "elapsed": 142.49239349365234, "delta": 23.26789927482605}, "costs": {"total_cost": 1536.968158282024, "time_cost": 150, "final_distance_cost": 87.2661541524088, "oscillation_cost": 438.0103445835399, "completition_cost": 777.7777777777778, "overshoot_cost": 48.70073500357713, "power_cost": 19.766653393554687, "noise_cost": 15.446493371165692, "n_waypoints_completed": 2, "tot_waypoints": 9}}
{"target": -1104.2200390289486, "params": {"k_pid_pos": [0.3047089742160655, 0.696320375077736, 0.4461562755740307], "k_pid_alt": [0.762042452192965, 0.3015120891478765, 0.6302825931188885], "k_pid_att": [36.18126105533904, 0.8765904281690784, 0.11800590212051532], "k_pid_yaw": [0.5, 1e-06, 0.1], "k_pid_hsp": [9.61898045572869, 0.908580690707607, 0.6997071338107496], "k_pid_vsp": [106.34798458380783, 387.67055096991317, 311.50036180756695]}, "datetime": {"datetime": "2025-08-20 11:55:11", "elapsed": 165.57704091072083, "delta": 23.08464741706848}, "costs": {"total_cost": 1104.2200390289486, "time_cost": 150, "final_distance_cost": 40.032016249370834, "oscillation_cost": 266.3373162273663, "completition_cost": 555.5555555555555, "overshoot_cost": 50.729544796352485, "power_cost": 22.674766528320312, "noise_cost": 18.890839671983052, "n_waypoints_completed": 4, "tot_waypoints": 9}}
{"target": -1268.053016219511, "params": {"k_pid_pos": [1.4338086892990753, 0.44936150214378867, 0.272241561845159], "k_pid_alt": [0.1927819243069986, 0.9026023965438417, 0.45577628983361107], "k_pid_att": [20.236336479523032, 3.0596356458441103, 0.579219568941896], "k_pid_yaw": [0.5, 1e-06, 0.1], "k_pid_hsp": [1.7678101521140233, 0.8566142840923755, 0.7585195298352101], "k_pid_vsp": [287.7851823803747, 172.83721647794843, 250.92353665366844]}, "datetime": {"datetime": "2025-08-20 11:55:33", "elapsed": 188.32838034629822, "delta": 22.751339435577393}, "costs": {"total_cost": 1268.053016219511, "time_cost": 150, "final_distance_cost": 85.82788104598782, "oscillation_cost": 165.47476539940183, "completition_cost": 777.7777777777778, "overshoot_cost": 53.21662851724208, "power_cost": 20.51531949462891, "noise_cost": 15.240643984472465, "n_waypoints_completed": 2, "tot_waypoints": 9}}
{"target": -694.8910710286493, "params": {"k_pid_pos": [1.16823752802858, 0.64984660155482, 0.08444432113988909], "k_pid_alt": [0.8316148043412193, 0.04161417386189248, 0.49399081924451893], "k_pid_att": [32.98612123327853, 1.4453274362415824, 0.10340296772255164], "k_pid_yaw": [0.5, 1e-06, 0.1], "k_pid_hsp": [5.876486957319902, 0.1705929685368861, 0.9251201183767972], "k_pid_vsp": [232.42445588015798, 138.74792246706502, 236.36619700165122]}, "datetime": {"datetime": "2025-08-20 11:55:56", "elapsed": 211.09620571136475, "delta": 22.76782536506653}, "costs": {"total_cost": 694.8910710286493, "time_cost": 150, "final_distance_cost": 70.86783361483303, "oscillation_cost": 150.14818316392777, "completition_cost": 222.2222222222222, "overshoot_cost": 66.63249741635599, "power_cost": 20.016273034667968, "noise_cost": 15.004061576642318, "n_waypoints_completed": 7, "tot_waypoints": 9}}
{"target": -1103.0808017494437, "params": {"k_pid_pos": [0.04570546167229203, 0.9585592132414453, 0.48230343694290023], "k_pid_alt": [1.5654704545005724, 0.08272999992243857, 0.48665833083816035], "k_pid_att": [49.07069943545209, 9.37827076710433, 0.5717280523760754], "k_pid_yaw": [0.5, 1e-06, 0.1], "k_pid_hsp": [4.734946661629432, 0.2669756630918936, 0.3315689973425522], "k_pid_vsp": [208.2689609886151, 175.5645846831072, 8.64483293052009]}, "datetime": {"datetime": "2025-08-20 11:56:19", "elapsed": 233.73084545135498, "delta": 22.634639739990234}, "costs": {"total_cost": 1103.0808017494437, "time_cost": 150, "final_distance_cost": 89.57346663859344, "oscillation_cost": 127.15494040134071, "completition_cost": 666.6666666666667, "overshoot_cost": 33.15511325660469, "power_cost": 20.110045263671875, "noise_cost": 16.420569522566154, "n_waypoints_completed": 3, "tot_waypoints": 9}}
{"target": -1445.964065143459, "params": {"k_pid_pos": [1.6526012191962962, 0.8961607718397667, 0.14024908899861077], "k_pid_alt": [1.1080722870780988, 0.10857574113544355, 0.6722400930398117], "k_pid_att": [28.123378383900832, 6.594260404655548, 0.7269946142868826], "k_pid_yaw": [0.5, 1e-06, 0.1], "k_pid_hsp": [7.686498054427378, 0.10774094595589656, 0.9160118451376079], "k_pid_vsp": [92.08559635795233, 14.965023433059354, 221.94098820174088]}, "datetime": {"datetime": "2025-08-20 11:56:41", "elapsed": 256.2493007183075, "delta": 22.518455266952515}, "costs": {"total_cost": 1445.964065143459, "time_cost": 150, "final_distance_cost": 1.0236398376213631, "oscillation_cost": 70.69372418456626, "completition_cost": 1000.0, "overshoot_cost": 137.64959945535554, "power_cost": 20.540568164062503, "noise_cost": 66.05653350185325, "n_waypoints_completed": 0, "tot_waypoints": 9}}
{"target": -1348.2840232096082, "params": {"k_pid_pos": [0.7419074754964913, 0.8297897431324132, 0.8082514720643018], "k_pid_alt": [0.6342777856454307, 0.952899395069745, 0.2909178381401186], "k_pid_att": [51.50571292317145, 2.559725309166971, 0.9360435700489633], "k_pid_yaw": [0.5, 1e-06, 0.1], "k_pid_hsp": [1.6461617150384233, 0.04491061939232899, 0.43509706000303794], "k_pid_vsp": [396.9502256223348, 356.6709066102883, 299.4432080341717]}, "datetime": {"datetime": "2025-08-20 11:57:05", "elapsed": 279.7003667354584, "delta": 23.45106601715088}, "costs": {"total_cost": 1348.2840232096082, "time_cost": 150, "final_distance_cost": 72.00970084007727, "oscillation_cost": 155.24598936051711, "completition_cost": 888.8888888888888, "overshoot_cost": 45.196040136168634, "power_cost": 21.263091076660157, "noise_cost": 15.680312907296212, "n_waypoints_completed": 1, "tot_waypoints": 9}}
{"target": -661.088927150771, "params": {"k_pid_pos": [1.781595902507962, 0.8934466396978632, 0.5188583603864491], "k_pid_alt": [0.631858103661586, 0.772012432110988, 0.6616612631677611], "k_pid_att": [37.36577288737101, 0.9447572339483465, 0.746789611349026], "k_pid_yaw": [0.5, 1e-06, 0.1], "k_pid_hsp": [2.6246789131770547, 0.9368131505337792, 0.24097057500568475], "k_pid_vsp": [49.10317296459441, 332.4450690188498, 61.3137274965133]}, "datetime": {"datetime": "2025-08-20 11:57:29", "elapsed": 304.3187072277069, "delta": 24.618340492248535}, "costs": {"total_cost": 661.088927150771, "time_cost": 150, "final_distance_cost": 65.21949335077764, "oscillation_cost": 130.01783673735346, "completition_cost": 222.2222222222222, "overshoot_cost": 53.28453877606277, "power_cost": 23.626793286132813, "noise_cost": 16.718042778222184, "n_waypoints_completed": 7, "tot_waypoints": 9}}
{"target": -1539.7118469419456, "params": {"k_pid_pos": [0.3586186894846624, 0.5993827915208435, 0.8745620408374645], "k_pid_alt": [0.3928693314291465, 0.31032367290009477, 0.7774048382411776], "k_pid_att": [97.18264260609673, 5.007461787904803, 0.14389750255125078], "k_pid_yaw": [0.5, 1e-06, 0.1], "k_pid_hsp": [0.1394614834532446, 0.22965602999885526, 0.13182221778652103], "k_pid_vsp": [271.06346944514297, 48.733002729579944, 202.53197314192326]}, "datetime": {"datetime": "2025-08-20 11:57:52", "elapsed": 327.3532738685608, "delta": 23.034566640853882}, "costs": {"total_cost": 1539.7118469419456, "time_cost": 150, "final_distance_cost": 71.83331931720325, "oscillation_cost": 352.0144026527124, "completition_cost": 888.8888888888888, "overshoot_cost": 38.694919170599306, "power_cost": 21.629837011718752, "noise_cost": 16.65047990082307, "n_waypoints_completed": 1, "tot_waypoints": 9}}
{"target": -343.2220760171483, "params": {"k_pid_pos": [1.3885554450422086, 0.5811166092209024, 0.19977565166005762], "k_pid_alt": [1.6082490523645254, 0.7154071296158017, 0.7389840039155418], "k_pid_att": [13.105775155731326, 1.2376256611230811, 0.9275625510065076], "k_pid_yaw": [0.5, 1e-06, 0.1], "k_pid_hsp": [3.9758421804300244, 0.30094869178093975, 0.4885840453515333], "k_pid_vsp": [265.14568510543296, 382.2493028631647, 114.57849146637578]}, "datetime": {"datetime": "2025-08-20 11:58:15", "elapsed": 349.971232175827, "delta": 22.617958307266235}, "costs": {"total_cost": 343.2220760171483, "time_cost": 97.28, "final_distance_cost": 1.7236239072880786, "oscillation_cost": 149.9209230873118, "completition_cost": 0.0, "overshoot_cost": 57.709491916131256, "power_cost": 20.714541564941406, "noise_cost": 15.873495541475771, "n_waypoints_completed": 9, "tot_waypoints": 9}}
{"target": -414.1014981761781, "params": {"k_pid_pos": [1.849624377781123, 0.024859491386256316, 0.5551980423268247], "k_pid_alt": [1.2679502233621702, 0.1058974037507533, 0.14033959706391264], "k_pid_att": [41.91143193163038, 9.662322498240602, 0.5960425532343728], "k_pid_yaw": [0.5, 1e-06, 0.1], "k_pid_hsp": [9.330238913679953, 0.8043609156129707, 0.4673816015552915], "k_pid_vsp": [313.90537970087496, 7.134714572958311, 43.657599597149975]}, "datetime": {"datetime": "2025-08-20 11:58:35", "elapsed": 370.34380745887756, "delta": 20.372575283050537}, "costs": {"total_cost": 414.1014981761781, "time_cost": 88.992, "final_distance_cost": 1.738017610858351, "oscillation_cost": 234.4433752019264, "completition_cost": 0.0, "overshoot_cost": 51.575006082234545, "power_cost": 21.497318225097658, "noise_cost": 15.855781056061131, "n_waypoints_completed": 9, "tot_waypoints": 9}}
{"target": -791.928457831808, "params": {"k_pid_pos": [1.6588742869039843, 0.7968170883251617, 0.2326407419664337], "k_pid_alt": [1.061539181198107, 0.6060158207000109, 0.8677389537760112], "k_pid_att": [60.31071573387257, 4.125774435579876, 0.3741840434071827], "k_pid_yaw": [0.5, 1e-06, 0.1], "k_pid_hsp": [4.258878275526461, 0.6519310255799742, 0.8674906317523249], "k_pid_vsp": [181.5587528305199, 99.13582593270368, 94.6649459623701]}, "datetime": {"datetime": "2025-08-20 11:58:57", "elapsed": 392.4402132034302, "delta": 22.096405744552612}, "costs": {"total_cost": 791.928457831808, "time_cost": 150, "final_distance_cost": 71.15551442295872, "oscillation_cost": 138.74298233000576, "completition_cost": 333.33333333333337, "overshoot_cost": 58.030833783771094, "power_cost": 22.914156994628907, "noise_cost": 17.7516369671102, "n_waypoints_completed": 6, "tot_waypoints": 9}}
{"target": -997.9502189434825, "params": {"k_pid_pos": [1.4920539590588684, 0.8165687634239104, 0.10527807985412496], "k_pid_alt": [0.13311771391035632, 0.5944336637564518, 0.14617324419269828], "k_pid_att": [82.46641904563413, 3.1034157057733522, 0.14387193297114265], "k_pid_yaw": [0.5, 1e-06, 0.1], "k_pid_hsp": [9.209712627827253, 0.16553172273527816, 0.28472008233793555], "k_pid_vsp": [61.44535807682345, 46.19602635065192, 8.459207513427996]}, "datetime": {"datetime": "2025-08-20 11:59:20", "elapsed": 414.5246379375458, "delta": 22.0844247341156}, "costs": {"total_cost": 997.9502189434825, "time_cost": 150, "final_distance_cost": 48.697629969882726, "oscillation_cost": 147.71258643587856, "completition_cost": 555.5555555555555, "overshoot_cost": 55.66998041662655, "power_cost": 20.898129602050783, "noise_cost": 19.416336963488327, "n_waypoints_completed": 4, "tot_waypoints": 9}}
{"target": -1617.7690509526133, "params": {"k_pid_pos": [0.1108852787876038, 0.1746414709358527, 0.05338193262717539], "k_pid_alt": [1.1822876322219424, 0.6807145267995064, 0.39363045683202824], "k_pid_att": [31.79910969520494, 5.045311917598599, 0.8750049422346086], "k_pid_yaw": [0.5, 1e-06, 0.1], "k_pid_hsp": [8.511331155059377, 0.04347506201279194, 0.18149840959652408], "k_pid_vsp": [94.6979484417584, 99.75503108349716, 228.49306112587644]}, "datetime": {"datetime": "2025-08-20 11:59:42", "elapsed": 436.7760899066925, "delta": 22.25145196914673}, "costs": {"total_cost": 1617.7690509526133, "time_cost": 150, "final_distance_cost": 107.02373444109745, "oscillation_cost": 244.3288462153188, "completition_cost": 1000.0, "overshoot_cost": 86.8400844016271, "power_cost": 16.276721228027345, "noise_cost": 13.299664666542535, "n_waypoints_completed": 0, "tot_waypoints": 9}}
{"target": -805.2014657715774, "params": {"k_pid_pos": [0.8325832251638142, 0.04925411992759399, 0.3736141384595716], "k_pid_alt": [1.0475058974352744, 0.10167190290371597, 0.8334585537885597], "k_pid_att": [5.196186646510426, 9.248426205993718, 0.0991131415798755], "k_pid_yaw": [0.5, 1e-06, 0.1], "k_pid_hsp": [8.435765158482369, 0.9026531439276171, 0.9795706805865927], "k_pid_vsp": [320.8103521094374, 311.79101652905405, 256.99331075573576]}, "datetime": {"datetime": "2025-08-20 12:00:04", "elapsed": 459.06070828437805, "delta": 22.284618377685547}, "costs": {"total_cost": 805.2014657715774, "time_cost": 150, "final_distance_cost": 74.16919279135487, "oscillation_cost": 267.2358670447228, "completition_cost": 222.2222222222222, "overshoot_cost": 53.70088666419008, "power_cost": 22.029543164062503, "noise_cost": 15.843753885024931, "n_waypoints_completed": 7, "tot_waypoints": 9}}
{"target": -1061.4787647922249, "params": {"k_pid_pos": [1.5580148095208002, 0.13455220841314708, 0.5360680359476373], "k_pid_alt": [1.028445740380829, 0.8575721441225576, 0.46279936559351587], "k_pid_att": [38.508949610035344, 6.395668756043977, 0.26646331750084606], "k_pid_yaw": [0.5, 1e-06, 0.1], "k_pid_hsp": [1.3977701326984733, 0.4778772740237458, 0.416889368594885], "k_pid_vsp": [93.02797621154949, 147.0047246785394, 146.5569805641065]}, "datetime": {"datetime": "2025-08-20 12:00:28", "elapsed": 483.17878913879395, "delta": 24.118080854415894}, "costs": {"total_cost": 1061.4787647922249, "time_cost": 150, "final_distance_cost": 46.97946282852296, "oscillation_cost": 214.44188601609852, "completition_cost": 555.5555555555555, "overshoot_cost": 53.62143977173695, "power_cost": 22.71364686279297, "noise_cost": 18.166773757517884, "n_waypoints_completed": 4, "tot_waypoints": 9}}
{"target": -1137.0820811299736, "params": {"k_pid_pos": [0.6550583792686496, 0.37946407972692897, 0.6857433454559454], "k_pid_alt": [0.5937529491425706, 0.9488579267153404, 0.9163480195381779], "k_pid_att": [48.09104283000786, 3.283679213926388, 0.5354347898300031], "k_pid_yaw": [0.5, 1e-06, 0.1], "k_pid_hsp": [8.485620031687368, 0.652587340560102, 0.8043918279470774], "k_pid_vsp": [213.08891042629608, 253.16705207413065, 115.26224638482907]}, "datetime": {"datetime": "2025-08-20 12:00:52", "elapsed": 507.34065556526184, "delta": 24.161866426467896}, "costs": {"total_cost": 1137.0820811299736, "time_cost": 150, "final_distance_cost": 51.689175295628225, "oscillation_cost": 295.50411150984786, "completition_cost": 555.5555555555555, "overshoot_cost": 47.67494884316208, "power_cost": 19.97468076171875, "noise_cost": 16.683609164061227, "n_waypoints_completed": 4, "tot_waypoints": 9}}
{"target": -954.7293870358199, "params": {"k_pid_pos": [1.4698128353043505, 0.20240459312571835, 0.6947981288184982], "k_pid_alt": [1.7214381366517881, 0.13210283730154393, 0.6143797405419198], "k_pid_att": [9.50957482299346, 7.257183711151441, 0.08449321882352023], "k_pid_yaw": [0.5, 1e-06, 0.1], "k_pid_hsp": [9.35940463302399, 0.13740793003780216, 0.9588802459090804], "k_pid_vsp": [320.3536704340387, 237.47280219285963, 313.04964206919465]}, "datetime": {"datetime": "2025-08-20 12:01:17", "elapsed": 531.9650466442108, "delta": 24.624391078948975}, "costs": {"total_cost": 954.7293870358199, "time_cost": 150, "final_distance_cost": 61.50402141544776, "oscillation_cost": 319.21068638785766, "completition_cost": 333.33333333333337, "overshoot_cost": 54.7090154220046, "power_cost": 20.823152392578127, "noise_cost": 15.149178084598313, "n_waypoints_completed": 6, "tot_waypoints": 9}}
{"target": -685.7850029671289, "params": {"k_pid_pos": [1.5902501664822735, 0.9460270628173303, 0.2533833538391872], "k_pid_alt": [1.1801517907166184, 0.09504919756440122, 0.6161657000241213], "k_pid_att": [17.12913040927888, 5.649549619663271, 0.5724305140338497], "k_pid_yaw": [0.5, 1e-06, 0.1], "k_pid_hsp": [4.659904931296975, 0.5226317755131228, 0.7639233900065879], "k_pid_vsp": [319.69788660482664, 196.86128673801844, 239.83737700945147]}, "datetime": {"datetime": "2025-08-20 12:01:41", "elapsed": 555.5330679416656, "delta": 23.568021297454834}, "costs": {"total_cost": 685.7850029671289, "time_cost": 150, "final_distance_cost": 59.24000827894978, "oscillation_cost": 150.57030734869912, "completition_cost": 222.2222222222222, "overshoot_cost": 61.96866391256401, "power_cost": 24.651906445312502, "noise_cost": 17.13189475938125, "n_waypoints_completed": 7, "tot_waypoints": 9}}
