{"target": -180.65755712994755, "params": {"k_pid_pos": [1.4698128353043505, 0.024859491386256316, 0.3434561031905483], "k_pid_alt": [1.2679502233621702, 0.0, 0.1], "k_pid_att": [43.948176657889235, 6.043751783864618, 0.9274604585040267], "k_pid_yaw": [0.5, 1e-06, 0.1], "k_pid_hsp": [1.9715787190781768, 0.01, 0.01], "k_pid_vsp": [145.49514412553103, 273.5353972576295, 1.0]}, "datetime": {"datetime": "2025-08-20 19:37:36", "elapsed": 27911.476167678833, "delta": 15.8525550365448}, "costs": {"total_cost": 180.65755712994755, "time_cost": 69.04, "final_distance_cost": 1.8402355239870618, "oscillation_cost": 37.068869280263236, "completition_cost": 0.0, "overshoot_cost": 49.84964146970105, "power_cost": 11.793501806640625, "noise_cost": 11.065309049355568, "n_waypoints_completed": 9, "tot_waypoints": 9}}
{"target": -181.41806501756156, "params": {"k_pid_pos": [1.8034346552870686, 0.024859491386256316, 0.4287384789656963], "k_pid_alt": [1.2679502233621702, 0.0, 0.1], "k_pid_att": [47.80141503152684, 1.326856224425946, 0.9274604585040267], "k_pid_yaw": [0.5, 1e-06, 0.1], "k_pid_hsp": [2.82373402557605, 0.11140066133917204, 0.01], "k_pid_vsp": [111.20884264032553, 102.7157397860675, 1.0]}, "datetime": {"datetime": "2025-08-20 19:37:52", "elapsed": 27926.553528547287, "delta": 15.07736086845398}, "costs": {"total_cost": 181.41806501756156, "time_cost": 68.632, "final_distance_cost": 1.8126941079084062, "oscillation_cost": 38.876342985748416, "completition_cost": 0.0, "overshoot_cost": 49.95317297120712, "power_cost": 11.329259545898438, "noise_cost": 10.814595406799173, "n_waypoints_completed": 9, "tot_waypoints": 9}}
{"target": -206.4177941384555, "params": {"k_pid_pos": [1.4698128353043505, 0.6666702018088329, 0.3434561031905483], "k_pid_alt": [1.2679502233621702, 0.0, 0.1], "k_pid_att": [43.948176657889235, 1.326856224425946, 0.9274604585040267], "k_pid_yaw": [0.5, 1e-06, 0.1], "k_pid_hsp": [2.82373402557605, 0.01, 0.01], "k_pid_vsp": [111.20884264032553, 102.7157397860675, 1.0]}, "datetime": {"datetime": "2025-08-20 19:38:10", "elapsed": 27945.37113904953, "delta": 18.817610502243042}, "costs": {"total_cost": 206.4177941384555, "time_cost": 82.06400000000001, "final_distance_cost": 1.7560581776278306, "oscillation_cost": 44.758550026965665, "completition_cost": 0.0, "overshoot_cost": 51.22335004275844, "power_cost": 13.956882849121094, "noise_cost": 12.658953041982484, "n_waypoints_completed": 9, "tot_waypoints": 9}}
{"target": -1478.739738675656, "params": {"k_pid_pos": [1.4698128353043505, 0.024859491386256316, 0.4878628878866713], "k_pid_alt": [1.2679502233621702, 0.0, 0.1], "k_pid_att": [43.948176657889235, 1.326856224425946, 0.9274604585040267], "k_pid_yaw": [0.5, 1e-06, 0.1], "k_pid_hsp": [2.82373402557605, 0.01, 0.01], "k_pid_vsp": [111.20884264032553, 102.7157397860675, 257.1921575581723]}, "datetime": {"datetime": "2025-08-20 19:38:33", "elapsed": 27968.070997476578, "delta": 22.69985842704773}, "costs": {"total_cost": 1478.739738675656, "time_cost": 150, "final_distance_cost": 220.66775635134795, "oscillation_cost": 39.44343728166249, "completition_cost": 888.8888888888888, "overshoot_cost": 172.45818510868463, "power_cost": 2.2540063232421876, "noise_cost": 5.027464721830038, "n_waypoints_completed": 1, "tot_waypoints": 9}}
{"target": -182.3789556252093, "params": {"k_pid_pos": [1.4698128353043505, 0.024859491386256316, 0.3434561031905483], "k_pid_alt": [1.2679502233621702, 0.0, 0.1], "k_pid_att": [43.948176657889235, 1.326856224425946, 0.9274604585040267], "k_pid_yaw": [0.5, 1e-06, 0.1], "k_pid_hsp": [1.0498148400696388, 0.01, 0.01], "k_pid_vsp": [131.89521188480865, 102.7157397860675, 1.0]}, "datetime": {"datetime": "2025-08-20 19:38:48", "elapsed": 27983.104606866837, "delta": 15.033609390258789}, "costs": {"total_cost": 182.3789556252093, "time_cost": 69.08, "final_distance_cost": 1.837186897659435, "oscillation_cost": 37.51051798664588, "completition_cost": 0.0, "overshoot_cost": 50.392033638776496, "power_cost": 12.26936435546875, "noise_cost": 11.289852746658745, "n_waypoints_completed": 9, "tot_waypoints": 9}}
{"target": -205.88561678331484, "params": {"k_pid_pos": [0.5467413932132553, 0.024859491386256316, 0.3434561031905483], "k_pid_alt": [1.2679502233621702, 0.0, 0.15791560522360282], "k_pid_att": [43.948176657889235, 1.326856224425946, 0.9274604585040267], "k_pid_yaw": [0.5, 1e-06, 0.1], "k_pid_hsp": [2.82373402557605, 0.906465251254105, 0.01], "k_pid_vsp": [111.20884264032553, 102.7157397860675, 1.0]}, "datetime": {"datetime": "2025-08-20 19:39:08", "elapsed": 28002.649645090103, "delta": 19.5450382232666}, "costs": {"total_cost": 205.88561678331484, "time_cost": 85.112, "final_distance_cost": 1.8541339470507838, "oscillation_cost": 39.187652908303, "completition_cost": 0.0, "overshoot_cost": 51.09151805032918, "power_cost": 14.202849035644531, "noise_cost": 14.43746284198736, "n_waypoints_completed": 9, "tot_waypoints": 9}}
{"target": -177.6739252695265, "params": {"k_pid_pos": [1.4698128353043505, 0.024859491386256316, 0.3434561031905483], "k_pid_alt": [1.2679502233621702, 0.0, 0.1], "k_pid_att": [43.948176657889235, 1.326856224425946, 0.9274604585040267], "k_pid_yaw": [0.5, 1e-06, 0.1], "k_pid_hsp": [2.82373402557605, 0.01, 0.01], "k_pid_vsp": [111.20884264032553, 102.7157397860675, 1.0]}, "datetime": {"datetime": "2025-08-20 19:39:23", "elapsed": 28018.315598487854, "delta": 15.665953397750854}, "costs": {"total_cost": 177.6739252695265, "time_cost": 69.152, "final_distance_cost": 1.8262656886158488, "oscillation_cost": 34.33594552183275, "completition_cost": 0.0, "overshoot_cost": 50.065815663241324, "power_cost": 11.237653356933594, "noise_cost": 11.056245038902981, "n_waypoints_completed": 9, "tot_waypoints": 9}}
{"target": -185.81846160219058, "params": {"k_pid_pos": [1.4698128353043505, 0.024859491386256316, 0.3434561031905483], "k_pid_alt": [1.2679502233621702, 0.0, 0.9777221835916994], "k_pid_att": [43.948176657889235, 3.7802132718527557, 0.9274604585040267], "k_pid_yaw": [0.5, 1e-06, 0.1], "k_pid_hsp": [2.82373402557605, 0.30538356757589824, 0.01], "k_pid_vsp": [111.20884264032553, 102.7157397860675, 1.0]}, "datetime": {"datetime": "2025-08-20 19:39:39", "elapsed": 28033.75524544716, "delta": 15.43964695930481}, "costs": {"total_cost": 185.81846160219058, "time_cost": 72.016, "final_distance_cost": 1.8426562680635616, "oscillation_cost": 39.648080481991826, "completition_cost": 0.0, "overshoot_cost": 49.51628180218135, "power_cost": 11.612480578613281, "noise_cost": 11.182962471340554, "n_waypoints_completed": 9, "tot_waypoints": 9}}
{"target": -182.03630911130082, "params": {"k_pid_pos": [1.8034346552870686, 0.08087462101852438, 0.3434561031905483], "k_pid_alt": [1.2679502233621702, 0.0, 0.18690953747986971], "k_pid_att": [43.948176657889235, 1.326856224425946, 0.9274604585040267], "k_pid_yaw": [0.5, 1e-06, 0.1], "k_pid_hsp": [2.82373402557605, 0.01, 0.01], "k_pid_vsp": [111.20884264032553, 102.7157397860675, 1.0]}, "datetime": {"datetime": "2025-08-20 19:39:55", "elapsed": 28049.627824306488, "delta": 15.872578859329224}, "costs": {"total_cost": 182.03630911130082, "time_cost": 68.912, "final_distance_cost": 1.7929770724490193, "oscillation_cost": 38.723008247353725, "completition_cost": 0.0, "overshoot_cost": 50.213201413203876, "power_cost": 11.404171130371095, "noise_cost": 10.990951247923107, "n_waypoints_completed": 9, "tot_waypoints": 9}}
{"target": -179.18928056570573, "params": {"k_pid_pos": [1.4698128353043505, 0.024859491386256316, 0.3434561031905483], "k_pid_alt": [1.2679502233621702, 0.0, 0.02282466901291924], "k_pid_att": [43.948176657889235, 1.326856224425946, 0.9274604585040267], "k_pid_yaw": [0.5, 1e-06, 0.1], "k_pid_hsp": [2.82373402557605, 0.01, 0.01], "k_pid_vsp": [111.20884264032553, 102.7157397860675, 1.0]}, "datetime": {"datetime": "2025-08-20 19:40:09", "elapsed": 28064.297978401184, "delta": 14.670154094696045}, "costs": {"total_cost": 179.18928056570573, "time_cost": 69.056, "final_distance_cost": 1.8237395405889647, "oscillation_cost": 35.97580273456363, "completition_cost": 0.0, "overshoot_cost": 49.93481139893447, "power_cost": 11.355553393554688, "noise_cost": 11.043373498063996, "n_waypoints_completed": 9, "tot_waypoints": 9}}
{"target": -1078.6804740440075, "params": {"k_pid_pos": [1.4698128353043505, 0.024859491386256316, 0.3434561031905483], "k_pid_alt": [1.2679502233621702, 0.0, 0.1], "k_pid_att": [43.948176657889235, 1.326856224425946, 0.9274604585040267], "k_pid_yaw": [0.5, 1e-06, 0.1], "k_pid_hsp": [2.82373402557605, 0.01, 0.01], "k_pid_vsp": [111.20884264032553, 102.7157397860675, 355.3689317787297]}, "datetime": {"datetime": "2025-08-20 19:40:32", "elapsed": 28086.601244926453, "delta": 22.303266525268555}, "costs": {"total_cost": 1078.6804740440075, "time_cost": 150, "final_distance_cost": 77.80349411559136, "oscillation_cost": 43.48321120682173, "completition_cost": 666.6666666666667, "overshoot_cost": 103.39514544977214, "power_cost": 21.68645068359375, "noise_cost": 15.645505921561725, "n_waypoints_completed": 3, "tot_waypoints": 9}}
{"target": -179.8354744057647, "params": {"k_pid_pos": [1.4698128353043505, 0.024859491386256316, 0.3434561031905483], "k_pid_alt": [1.2679502233621702, 0.0, 0.15791560522360282], "k_pid_att": [43.948176657889235, 1.326856224425946, 0.9274604585040267], "k_pid_yaw": [0.5, 1e-06, 0.1], "k_pid_hsp": [2.82373402557605, 0.01, 0.01], "k_pid_vsp": [111.20884264032553, 102.7157397860675, 1.0]}, "datetime": {"datetime": "2025-08-20 19:40:47", "elapsed": 28102.398572444916, "delta": 15.797327518463135}, "costs": {"total_cost": 179.8354744057647, "time_cost": 69.296, "final_distance_cost": 1.8307200645722737, "oscillation_cost": 36.32522330795919, "completition_cost": 0.0, "overshoot_cost": 50.35596674282563, "power_cost": 11.137034655761719, "noise_cost": 10.890529634645867, "n_waypoints_completed": 9, "tot_waypoints": 9}}
{"target": -203.18919921314193, "params": {"k_pid_pos": [1.4698128353043505, 0.5018475733175067, 0.28139544479454803], "k_pid_alt": [1.2679502233621702, 0.0, 0.7538195562388602], "k_pid_att": [43.948176657889235, 3.7802132718527557, 0.9274604585040267], "k_pid_yaw": [0.5, 1e-06, 0.1], "k_pid_hsp": [2.395389635608916, 0.01, 0.01], "k_pid_vsp": [111.20884264032553, 98.63337078029946, 1.0]}, "datetime": {"datetime": "2025-08-20 19:41:05", "elapsed": 28119.964302778244, "delta": 17.565730333328247}, "costs": {"total_cost": 203.18919921314193, "time_cost": 80.984, "final_distance_cost": 1.759008198523542, "oscillation_cost": 42.16978479098943, "completition_cost": 0.0, "overshoot_cost": 52.316237448388286, "power_cost": 13.517173767089844, "noise_cost": 12.442995008150842, "n_waypoints_completed": 9, "tot_waypoints": 9}}
{"target": -177.6739252695265, "params": {"k_pid_pos": [1.4698128353043505, 0.024859491386256316, 0.3434561031905483], "k_pid_alt": [1.2679502233621702, 0.0, 0.1], "k_pid_att": [43.948176657889235, 1.326856224425946, 0.9274604585040267], "k_pid_yaw": [0.5, 1e-06, 0.1], "k_pid_hsp": [2.82373402557605, 0.01, 0.01], "k_pid_vsp": [111.20884264032553, 102.7157397860675, 1.0]}, "datetime": {"datetime": "2025-08-20 19:41:22", "elapsed": 28136.958456516266, "delta": 16.99415373802185}, "costs": {"total_cost": 177.6739252695265, "time_cost": 69.152, "final_distance_cost": 1.8262656886158488, "oscillation_cost": 34.33594552183275, "completition_cost": 0.0, "overshoot_cost": 50.065815663241324, "power_cost": 11.237653356933594, "noise_cost": 11.056245038902981, "n_waypoints_completed": 9, "tot_waypoints": 9}}
{"target": -177.6739252695265, "params": {"k_pid_pos": [1.4698128353043505, 0.024859491386256316, 0.3434561031905483], "k_pid_alt": [1.2679502233621702, 0.0, 0.1], "k_pid_att": [43.948176657889235, 1.326856224425946, 0.9274604585040267], "k_pid_yaw": [0.5, 1e-06, 0.1], "k_pid_hsp": [2.82373402557605, 0.01, 0.01], "k_pid_vsp": [111.20884264032553, 102.7157397860675, 1.0]}, "datetime": {"datetime": "2025-08-20 19:41:37", "elapsed": 28151.55356693268, "delta": 14.595110416412354}, "costs": {"total_cost": 177.6739252695265, "time_cost": 69.152, "final_distance_cost": 1.8262656886158488, "oscillation_cost": 34.33594552183275, "completition_cost": 0.0, "overshoot_cost": 50.065815663241324, "power_cost": 11.237653356933594, "noise_cost": 11.056245038902981, "n_waypoints_completed": 9, "tot_waypoints": 9}}
{"target": -1079.534619588944, "params": {"k_pid_pos": [1.4698128353043505, 0.024859491386256316, 0.3434561031905483], "k_pid_alt": [1.2679502233621702, 0.0, 0.1], "k_pid_att": [43.948176657889235, 1.326856224425946, 0.9274604585040267], "k_pid_yaw": [0.5, 1e-06, 0.1], "k_pid_hsp": [2.82373402557605, 0.01, 0.01], "k_pid_vsp": [111.20884264032553, 102.7157397860675, 355.21208825604106]}, "datetime": {"datetime": "2025-08-20 19:42:01", "elapsed": 28175.771024942398, "delta": 24.21745800971985}, "costs": {"total_cost": 1079.534619588944, "time_cost": 150, "final_distance_cost": 78.03218820979492, "oscillation_cost": 44.71784533995443, "completition_cost": 666.6666666666667, "overshoot_cost": 103.43620278953301, "power_cost": 21.293594580078125, "noise_cost": 15.38812200291673, "n_waypoints_completed": 3, "tot_waypoints": 9}}
{"target": -180.60694443376593, "params": {"k_pid_pos": [1.4698128353043505, 0.024859491386256316, 0.43763450288146144], "k_pid_alt": [1.2679502233621702, 0.0, 0.1], "k_pid_att": [43.948176657889235, 1.326856224425946, 0.9274604585040267], "k_pid_yaw": [0.5, 1e-06, 0.1], "k_pid_hsp": [2.82373402557605, 0.01, 0.01], "k_pid_vsp": [131.89521188480865, 102.7157397860675, 1.0]}, "datetime": {"datetime": "2025-08-20 19:42:17", "elapsed": 28191.839215517044, "delta": 16.068190574645996}, "costs": {"total_cost": 180.60694443376593, "time_cost": 69.552, "final_distance_cost": 1.837290692482275, "oscillation_cost": 36.249690926002465, "completition_cost": 0.0, "overshoot_cost": 50.700099121708035, "power_cost": 11.190584277343751, "noise_cost": 11.077279416229393, "n_waypoints_completed": 9, "tot_waypoints": 9}}
{"target": -190.4509293492435, "params": {"k_pid_pos": [0.9943435690872942, 0.024859491386256316, 0.5451532445046304], "k_pid_alt": [1.2679502233621702, 0.0, 0.1256065166771715], "k_pid_att": [43.948176657889235, 1.3487538446628486, 0.9274604585040267], "k_pid_yaw": [0.5, 1e-06, 0.1], "k_pid_hsp": [2.82373402557605, 0.01, 0.01], "k_pid_vsp": [131.89521188480865, 102.7157397860675, 1.0]}, "datetime": {"datetime": "2025-08-20 19:42:33", "elapsed": 28207.78843355179, "delta": 15.949218034744263}, "costs": {"total_cost": 190.4509293492435, "time_cost": 75.768, "final_distance_cost": 1.8489767556766121, "oscillation_cost": 38.58977283825721, "completition_cost": 0.0, "overshoot_cost": 49.95274007810921, "power_cost": 11.995774658203125, "noise_cost": 12.295665018997335, "n_waypoints_completed": 9, "tot_waypoints": 9}}
{"target": -183.01268555065047, "params": {"k_pid_pos": [1.4698128353043505, 0.024859491386256316, 0.6354931049670316], "k_pid_alt": [1.2679502233621702, 0.0, 0.1], "k_pid_att": [43.948176657889235, 1.326856224425946, 0.9274604585040267], "k_pid_yaw": [0.5, 1e-06, 0.1], "k_pid_hsp": [2.82373402557605, 0.01, 0.01], "k_pid_vsp": [131.89521188480865, 102.7157397860675, 1.0]}, "datetime": {"datetime": "2025-08-20 19:42:50", "elapsed": 28225.40243124962, "delta": 17.6139976978302}, "costs": {"total_cost": 183.01268555065047, "time_cost": 70.328, "final_distance_cost": 1.844024841306528, "oscillation_cost": 37.748831391607574, "completition_cost": 0.0, "overshoot_cost": 49.76861591075124, "power_cost": 11.724858398437501, "noise_cost": 11.598355008547625, "n_waypoints_completed": 9, "tot_waypoints": 9}}
{"target": -190.37706593003924, "params": {"k_pid_pos": [1.4698128353043505, 0.024859491386256316, 0.3434561031905483], "k_pid_alt": [1.2679502233621702, 0.0, 0.1], "k_pid_att": [43.948176657889235, 1.326856224425946, 0.4365886483026923], "k_pid_yaw": [0.5, 1e-06, 0.1], "k_pid_hsp": [4.621073833533259, 0.01, 0.01], "k_pid_vsp": [111.20884264032553, 102.7157397860675, 1.0]}, "datetime": {"datetime": "2025-08-20 19:43:06", "elapsed": 28240.552237272263, "delta": 15.149806022644043}, "costs": {"total_cost": 190.37706593003924, "time_cost": 69.208, "final_distance_cost": 1.841863970257819, "oscillation_cost": 47.463867056242044, "completition_cost": 0.0, "overshoot_cost": 49.8791684990649, "power_cost": 11.019727514648437, "noise_cost": 10.964438889826058, "n_waypoints_completed": 9, "tot_waypoints": 9}}
{"target": -177.6739252695265, "params": {"k_pid_pos": [1.4698128353043505, 0.024859491386256316, 0.3434561031905483], "k_pid_alt": [1.2679502233621702, 0.0, 0.1], "k_pid_att": [43.948176657889235, 1.326856224425946, 0.9274604585040267], "k_pid_yaw": [0.5, 1e-06, 0.1], "k_pid_hsp": [2.82373402557605, 0.01, 0.01], "k_pid_vsp": [111.20884264032553, 102.7157397860675, 1.0]}, "datetime": {"datetime": "2025-08-20 19:43:21", "elapsed": 28256.470282554626, "delta": 15.918045282363892}, "costs": {"total_cost": 177.6739252695265, "time_cost": 69.152, "final_distance_cost": 1.8262656886158488, "oscillation_cost": 34.33594552183275, "completition_cost": 0.0, "overshoot_cost": 50.065815663241324, "power_cost": 11.237653356933594, "noise_cost": 11.056245038902981, "n_waypoints_completed": 9, "tot_waypoints": 9}}
{"target": -177.6739252695265, "params": {"k_pid_pos": [1.4698128353043505, 0.024859491386256316, 0.3434561031905483], "k_pid_alt": [1.2679502233621702, 0.0, 0.1], "k_pid_att": [43.948176657889235, 1.326856224425946, 0.9274604585040267], "k_pid_yaw": [0.5, 1e-06, 0.1], "k_pid_hsp": [2.82373402557605, 0.01, 0.01], "k_pid_vsp": [111.20884264032553, 102.7157397860675, 1.0]}, "datetime": {"datetime": "2025-08-20 19:43:36", "elapsed": 28271.188964128494, "delta": 14.718681573867798}, "costs": {"total_cost": 177.6739252695265, "time_cost": 69.152, "final_distance_cost": 1.8262656886158488, "oscillation_cost": 34.33594552183275, "completition_cost": 0.0, "overshoot_cost": 50.065815663241324, "power_cost": 11.237653356933594, "noise_cost": 11.056245038902981, "n_waypoints_completed": 9, "tot_waypoints": 9}}
{"target": -177.6739252695265, "params": {"k_pid_pos": [1.4698128353043505, 0.024859491386256316, 0.3434561031905483], "k_pid_alt": [1.2679502233621702, 0.0, 0.1], "k_pid_att": [43.948176657889235, 1.326856224425946, 0.9274604585040267], "k_pid_yaw": [0.5, 1e-06, 0.1], "k_pid_hsp": [2.82373402557605, 0.01, 0.01], "k_pid_vsp": [111.20884264032553, 102.7157397860675, 1.0]}, "datetime": {"datetime": "2025-08-20 19:43:52", "elapsed": 28287.238455057144, "delta": 16.049490928649902}, "costs": {"total_cost": 177.6739252695265, "time_cost": 69.152, "final_distance_cost": 1.8262656886158488, "oscillation_cost": 34.33594552183275, "completition_cost": 0.0, "overshoot_cost": 50.065815663241324, "power_cost": 11.237653356933594, "noise_cost": 11.056245038902981, "n_waypoints_completed": 9, "tot_waypoints": 9}}
{"target": -184.54951362557833, "params": {"k_pid_pos": [1.4698128353043505, 0.024859491386256316, 0.3434561031905483], "k_pid_alt": [1.5344120537351553, 0.0, 0.45660459018404764], "k_pid_att": [43.948176657889235, 1.326856224425946, 0.9274604585040267], "k_pid_yaw": [0.5, 1e-06, 0.1], "k_pid_hsp": [2.82373402557605, 0.01, 0.02241598606202988], "k_pid_vsp": [111.20884264032553, 102.7157397860675, 1.0]}, "datetime": {"datetime": "2025-08-20 19:44:08", "elapsed": 28303.233742952347, "delta": 15.995287895202637}, "costs": {"total_cost": 184.54951362557833, "time_cost": 69.312, "final_distance_cost": 1.830706585486994, "oscillation_cost": 41.20250618266845, "completition_cost": 0.0, "overshoot_cost": 50.122664228087814, "power_cost": 11.172226672363282, "noise_cost": 10.909409956971793, "n_waypoints_completed": 9, "tot_waypoints": 9}}
{"target": -179.18928056570573, "params": {"k_pid_pos": [1.4698128353043505, 0.024859491386256316, 0.3434561031905483], "k_pid_alt": [1.2679502233621702, 0.0, 0.02282466901291924], "k_pid_att": [43.948176657889235, 1.326856224425946, 0.9274604585040267], "k_pid_yaw": [0.5, 1e-06, 0.1], "k_pid_hsp": [2.82373402557605, 0.01, 0.01], "k_pid_vsp": [111.20884264032553, 102.7157397860675, 1.0]}, "datetime": {"datetime": "2025-08-20 19:44:26", "elapsed": 28321.16812992096, "delta": 17.93438696861267}, "costs": {"total_cost": 179.18928056570573, "time_cost": 69.056, "final_distance_cost": 1.8237395405889647, "oscillation_cost": 35.97580273456363, "completition_cost": 0.0, "overshoot_cost": 49.93481139893447, "power_cost": 11.355553393554688, "noise_cost": 11.043373498063996, "n_waypoints_completed": 9, "tot_waypoints": 9}}
{"target": -607.7771869297259, "params": {"k_pid_pos": [1.4698128353043505, 0.024859491386256316, 0.3434561031905483], "k_pid_alt": [1.2679502233621702, 0.0, 0.1], "k_pid_att": [43.948176657889235, 1.326856224425946, 0.9274604585040267], "k_pid_yaw": [0.5, 1e-06, 0.1], "k_pid_hsp": [2.82373402557605, 0.01, 0.01], "k_pid_vsp": [111.20884264032553, 102.7157397860675, 131.41505140227758]}, "datetime": {"datetime": "2025-08-20 19:44:49", "elapsed": 28344.185847997665, "delta": 23.017718076705933}, "costs": {"total_cost": 607.7771869297259, "time_cost": 150, "final_distance_cost": 75.2231194900922, "oscillation_cost": 59.37791988203202, "completition_cost": 222.2222222222222, "overshoot_cost": 62.62911492645915, "power_cost": 22.18699490966797, "noise_cost": 16.137815499252383, "n_waypoints_completed": 7, "tot_waypoints": 9}}
