{"target": -180.4586778981898, "params": {"k_pid_pos": [1.4698128353043505, 0.024859491386256316, 0.11401919133455096], "k_pid_alt": [1.2679502233621702, 0.0, 0.1], "k_pid_att": [43.948176657889235, 3.7802132718527557, 0.9274604585040267], "k_pid_yaw": [0.5, 1e-06, 0.1], "k_pid_hsp": [1.0, 0.01, 0.01], "k_pid_vsp": [111.20884264032553, 102.7157397860675, 1.0]}, "datetime": {"datetime": "2025-08-20 17:02:29", "elapsed": 18603.726603746414, "delta": 14.733896732330322}, "costs": {"total_cost": 180.4586778981898, "time_cost": 68.456, "final_distance_cost": 1.8018656610788988, "oscillation_cost": 36.88102645014415, "completition_cost": 0.0, "overshoot_cost": 49.96291084832555, "power_cost": 12.191933203125, "noise_cost": 11.164941735516203, "n_waypoints_completed": 9, "tot_waypoints": 9}}
{"target": -180.4586778981898, "params": {"k_pid_pos": [1.4698128353043505, 0.024859491386256316, 0.11401919133455096], "k_pid_alt": [1.2679502233621702, 0.0, 0.1], "k_pid_att": [43.948176657889235, 3.7802132718527557, 0.9274604585040267], "k_pid_yaw": [0.5, 1e-06, 0.1], "k_pid_hsp": [1.0, 0.01, 0.01], "k_pid_vsp": [111.20884264032553, 102.7157397860675, 1.0]}, "datetime": {"datetime": "2025-08-20 17:02:44", "elapsed": 18618.9274020195, "delta": 15.200798273086548}, "costs": {"total_cost": 180.4586778981898, "time_cost": 68.456, "final_distance_cost": 1.8018656610788988, "oscillation_cost": 36.88102645014415, "completition_cost": 0.0, "overshoot_cost": 49.96291084832555, "power_cost": 12.191933203125, "noise_cost": 11.164941735516203, "n_waypoints_completed": 9, "tot_waypoints": 9}}
{"target": -186.98988288505123, "params": {"k_pid_pos": [1.8249217336243428, 0.024859491386256316, 0.11401919133455096], "k_pid_alt": [1.2679502233621702, 0.0, 0.5609487008588433], "k_pid_att": [43.948176657889235, 3.7802132718527557, 0.9274604585040267], "k_pid_yaw": [0.5, 1e-06, 0.1], "k_pid_hsp": [1.0, 0.01, 0.01], "k_pid_vsp": [111.20884264032553, 102.7157397860675, 1.0]}, "datetime": {"datetime": "2025-08-20 17:03:00", "elapsed": 18634.94491291046, "delta": 16.017510890960693}, "costs": {"total_cost": 186.98988288505123, "time_cost": 69.744, "final_distance_cost": 1.76057286310503, "oscillation_cost": 41.65031442389109, "completition_cost": 0.0, "overshoot_cost": 50.14825982762408, "power_cost": 12.485143041992188, "noise_cost": 11.20159272843884, "n_waypoints_completed": 9, "tot_waypoints": 9}}
{"target": -181.80168741632735, "params": {"k_pid_pos": [1.4531304595830021, 0.024859491386256316, 0.11401919133455096], "k_pid_alt": [1.102349020346133, 0.0, 0.1], "k_pid_att": [43.948176657889235, 3.7802132718527557, 0.9274604585040267], "k_pid_yaw": [0.5, 1e-06, 0.1], "k_pid_hsp": [1.0, 0.01, 0.01], "k_pid_vsp": [111.20884264032553, 102.7157397860675, 1.0]}, "datetime": {"datetime": "2025-08-20 17:03:16", "elapsed": 18650.578738689423, "delta": 15.633825778961182}, "costs": {"total_cost": 181.80168741632735, "time_cost": 68.904, "final_distance_cost": 1.8111580773740374, "oscillation_cost": 36.69075251916069, "completition_cost": 0.0, "overshoot_cost": 50.741992910355364, "power_cost": 12.402327062988283, "noise_cost": 11.251456846448962, "n_waypoints_completed": 9, "tot_waypoints": 9}}
{"target": -230.17425884469165, "params": {"k_pid_pos": [1.9176378968916694, 0.6541001382797029, 0.11401919133455096], "k_pid_alt": [1.7187705538853828, 0.0, 0.1132575830732897], "k_pid_att": [87.39233294786936, 3.7802132718527557, 0.9274604585040267], "k_pid_yaw": [0.5, 1e-06, 0.1], "k_pid_hsp": [1.0, 0.01, 0.01], "k_pid_vsp": [376.5747392387296, 93.09285943774285, 1.0]}, "datetime": {"datetime": "2025-08-20 17:03:35", "elapsed": 18670.446527004242, "delta": 19.867788314819336}, "costs": {"total_cost": 230.17425884469165, "time_cost": 86.744, "final_distance_cost": 1.7286252525783263, "oscillation_cost": 55.16348803306087, "completition_cost": 0.0, "overshoot_cost": 56.07212269967466, "power_cost": 16.224085717773438, "noise_cost": 14.241937141604351, "n_waypoints_completed": 9, "tot_waypoints": 9}}
{"target": -191.2415072369284, "params": {"k_pid_pos": [0.9203224573796739, 0.4336784869242679, 0.11401919133455096], "k_pid_alt": [1.2679502233621702, 0.0, 0.1], "k_pid_att": [42.28034808905181, 3.7802132718527557, 0.9274604585040267], "k_pid_yaw": [0.5, 1e-06, 0.1], "k_pid_hsp": [6.590021097612566, 0.01, 0.01], "k_pid_vsp": [284.5460512203246, 93.09285943774285, 1.0]}, "datetime": {"datetime": "2025-08-20 17:03:52", "elapsed": 18687.14737343788, "delta": 16.700846433639526}, "costs": {"total_cost": 191.2415072369284, "time_cost": 73.656, "final_distance_cost": 1.7621519178434835, "oscillation_cost": 41.51484394546164, "completition_cost": 0.0, "overshoot_cost": 50.28744235672613, "power_cost": 12.3774642578125, "noise_cost": 11.643604759084633, "n_waypoints_completed": 9, "tot_waypoints": 9}}
{"target": -201.0262983540512, "params": {"k_pid_pos": [1.4698128353043505, 0.23104898077634883, 0.11401919133455096], "k_pid_alt": [1.2679502233621702, 0.0, 0.1], "k_pid_att": [43.948176657889235, 1.397073934383142, 0.9274604585040267], "k_pid_yaw": [0.5, 1e-06, 0.1], "k_pid_hsp": [1.0, 0.01, 0.01], "k_pid_vsp": [111.20884264032553, 102.7157397860675, 1.0]}, "datetime": {"datetime": "2025-08-20 17:04:09", "elapsed": 18704.281173229218, "delta": 17.13379979133606}, "costs": {"total_cost": 201.0262983540512, "time_cost": 77.712, "final_distance_cost": 1.737015237517343, "oscillation_cost": 44.04030359704094, "completition_cost": 0.0, "overshoot_cost": 50.93349334936084, "power_cost": 14.07383895263672, "noise_cost": 12.529647217495365, "n_waypoints_completed": 9, "tot_waypoints": 9}}
{"target": -347.5608043979705, "params": {"k_pid_pos": [1.4698128353043505, 0.024859491386256316, 0.11401919133455096], "k_pid_alt": [1.6319753356852484, 0.0, 0.1], "k_pid_att": [42.28034808905181, 4.273161054152589, 0.9274604585040267], "k_pid_yaw": [0.5, 1e-06, 0.1], "k_pid_hsp": [1.0, 0.01, 0.2823155124738027], "k_pid_vsp": [111.20884264032553, 381.5365089319878, 188.11849363377513]}, "datetime": {"datetime": "2025-08-20 17:04:29", "elapsed": 18723.567878723145, "delta": 19.286705493927002}, "costs": {"total_cost": 347.5608043979705, "time_cost": 81.352, "final_distance_cost": 1.7932974164698923, "oscillation_cost": 172.2944979913775, "completition_cost": 0.0, "overshoot_cost": 60.00854543313936, "power_cost": 18.074809350585937, "noise_cost": 14.03765420639781, "n_waypoints_completed": 9, "tot_waypoints": 9}}
{"target": -857.2653403363831, "params": {"k_pid_pos": [1.4698128353043505, 0.024859491386256316, 0.11401919133455096], "k_pid_alt": [0.11479011791086302, 0.0, 0.1], "k_pid_att": [90.06796863431647, 4.273161054152589, 0.9274604585040267], "k_pid_yaw": [0.5, 1e-06, 0.1], "k_pid_hsp": [1.0, 0.01, 0.01], "k_pid_vsp": [111.20884264032553, 381.5365089319878, 1.0]}, "datetime": {"datetime": "2025-08-20 17:04:51", "elapsed": 18746.299926280975, "delta": 22.73204755783081}, "costs": {"total_cost": 857.2653403363831, "time_cost": 150, "final_distance_cost": 48.52097513023113, "oscillation_cost": 31.079904013889966, "completition_cost": 555.5555555555555, "overshoot_cost": 41.74434714346727, "power_cost": 16.03682517089844, "noise_cost": 14.327733322340853, "n_waypoints_completed": 4, "tot_waypoints": 9}}
{"target": -218.2781037692536, "params": {"k_pid_pos": [1.4698128353043505, 0.944284592104748, 0.6250867496839783], "k_pid_alt": [1.6319753356852484, 0.0, 0.26456819338015114], "k_pid_att": [42.28034808905181, 8.155928685054894, 0.9274604585040267], "k_pid_yaw": [0.5, 1e-06, 0.1], "k_pid_hsp": [1.0, 0.10775848190462489, 0.01], "k_pid_vsp": [111.20884264032553, 381.5365089319878, 1.0]}, "datetime": {"datetime": "2025-08-20 17:05:10", "elapsed": 18765.434248209, "delta": 19.134321928024292}, "costs": {"total_cost": 218.2781037692536, "time_cost": 85.232, "final_distance_cost": 1.7459784852368936, "oscillation_cost": 49.1642563958867, "completition_cost": 0.0, "overshoot_cost": 52.91406813373058, "power_cost": 15.463658032226563, "noise_cost": 13.758142722172856, "n_waypoints_completed": 9, "tot_waypoints": 9}}
{"target": -183.65582697408306, "params": {"k_pid_pos": [1.4698128353043505, 0.024859491386256316, 0.11401919133455096], "k_pid_alt": [1.2679502233621702, 0.0, 0.1], "k_pid_att": [71.45838630927439, 3.7802132718527557, 0.9274604585040267], "k_pid_yaw": [0.5, 1e-06, 0.1], "k_pid_hsp": [1.0, 0.01, 0.01], "k_pid_vsp": [111.20884264032553, 50.87373020527707, 1.0]}, "datetime": {"datetime": "2025-08-20 17:05:25", "elapsed": 18780.23516392708, "delta": 14.800915718078613}, "costs": {"total_cost": 183.65582697408306, "time_cost": 68.752, "final_distance_cost": 1.7750465737902645, "oscillation_cost": 38.21224604625209, "completition_cost": 0.0, "overshoot_cost": 51.07084977357131, "power_cost": 12.505798071289064, "noise_cost": 11.339886509180323, "n_waypoints_completed": 9, "tot_waypoints": 9}}
{"target": -182.04661362984476, "params": {"k_pid_pos": [1.4698128353043505, 0.024859491386256316, 0.21152287994165886], "k_pid_alt": [1.6586884955541554, 0.0, 0.1], "k_pid_att": [43.948176657889235, 3.7802132718527557, 0.9274604585040267], "k_pid_yaw": [0.5, 1e-06, 0.1], "k_pid_hsp": [1.0, 0.01, 0.01], "k_pid_vsp": [110.56511661686339, 102.7157397860675, 1.0]}, "datetime": {"datetime": "2025-08-20 17:05:41", "elapsed": 18795.85260295868, "delta": 15.617439031600952}, "costs": {"total_cost": 182.04661362984476, "time_cost": 68.392, "final_distance_cost": 1.7967792502081896, "oscillation_cost": 38.50280685842059, "completition_cost": 0.0, "overshoot_cost": 49.842056434817, "power_cost": 12.366397375488281, "noise_cost": 11.146573710910705, "n_waypoints_completed": 9, "tot_waypoints": 9}}
{"target": -667.5900529791861, "params": {"k_pid_pos": [1.4698128353043505, 0.024859491386256316, 0.8017766682930172], "k_pid_alt": [1.2679502233621702, 0.0, 0.7547909499110205], "k_pid_att": [43.948176657889235, 3.7802132718527557, 0.2049938029151538], "k_pid_yaw": [0.5, 1e-06, 0.1], "k_pid_hsp": [1.0, 0.01, 0.9026349469911306], "k_pid_vsp": [241.01872517964944, 102.7157397860675, 1.0]}, "datetime": {"datetime": "2025-08-20 17:06:03", "elapsed": 18818.3201816082, "delta": 22.467578649520874}, "costs": {"total_cost": 667.5900529791861, "time_cost": 150, "final_distance_cost": 59.57337722798285, "oscillation_cost": 242.18278905167674, "completition_cost": 111.11111111111116, "overshoot_cost": 67.33090080234956, "power_cost": 20.89873035888672, "noise_cost": 16.493144427179043, "n_waypoints_completed": 8, "tot_waypoints": 9}}
{"target": -1053.6734453232095, "params": {"k_pid_pos": [1.4698128353043505, 0.024859491386256316, 0.11401919133455096], "k_pid_alt": [1.2679502233621702, 0.0, 0.1], "k_pid_att": [42.28034808905181, 5.088413281584711, 0.6179952950406163], "k_pid_yaw": [0.5, 1e-06, 0.1], "k_pid_hsp": [1.0, 0.01, 0.01], "k_pid_vsp": [111.20884264032553, 255.15728066808146, 296.34227500557057]}, "datetime": {"datetime": "2025-08-20 17:06:26", "elapsed": 18840.654854536057, "delta": 22.334672927856445}, "costs": {"total_cost": 1053.6734453232095, "time_cost": 150, "final_distance_cost": 63.78196017111958, "oscillation_cost": 44.83836588421316, "completition_cost": 666.6666666666667, "overshoot_cost": 81.16763005217864, "power_cost": 27.17667761230469, "noise_cost": 20.042144936726764, "n_waypoints_completed": 3, "tot_waypoints": 9}}
{"target": -214.37920341179787, "params": {"k_pid_pos": [1.4698128353043505, 0.024859491386256316, 0.5792642345702999], "k_pid_alt": [1.2679502233621702, 0.8453038121781166, 0.1], "k_pid_att": [43.948176657889235, 3.7802132718527557, 0.5315175384971502], "k_pid_yaw": [0.5, 1e-06, 0.1], "k_pid_hsp": [1.0, 0.01, 0.01], "k_pid_vsp": [111.20884264032553, 102.7157397860675, 1.0]}, "datetime": {"datetime": "2025-08-20 17:06:44", "elapsed": 18859.471235513687, "delta": 18.816380977630615}, "costs": {"total_cost": 214.37920341179787, "time_cost": 83.4, "final_distance_cost": 1.7706243576083363, "oscillation_cost": 47.88624818117158, "completition_cost": 0.0, "overshoot_cost": 53.76216616850028, "power_cost": 14.909060559082032, "noise_cost": 12.651104145435637, "n_waypoints_completed": 9, "tot_waypoints": 9}}
{"target": -211.37008696568464, "params": {"k_pid_pos": [1.4698128353043505, 0.024859491386256316, 0.11401919133455096], "k_pid_alt": [1.2679502233621702, 0.2444858433726511, 0.1], "k_pid_att": [43.948176657889235, 3.7802132718527557, 0.9274604585040267], "k_pid_yaw": [0.5, 1e-06, 0.1], "k_pid_hsp": [5.438556736783662, 0.01, 0.01], "k_pid_vsp": [111.20884264032553, 355.59331454328964, 1.0]}, "datetime": {"datetime": "2025-08-20 17:07:02", "elapsed": 18876.68112373352, "delta": 17.209888219833374}, "costs": {"total_cost": 211.37008696568464, "time_cost": 79.104, "final_distance_cost": 1.777767337370112, "oscillation_cost": 54.6899546216351, "completition_cost": 0.0, "overshoot_cost": 50.52885498741193, "power_cost": 13.304151635742189, "noise_cost": 11.9653583835253, "n_waypoints_completed": 9, "tot_waypoints": 9}}
{"target": -180.40810129406827, "params": {"k_pid_pos": [1.4698128353043505, 0.024859491386256316, 0.11401919133455096], "k_pid_alt": [1.2679502233621702, 0.0, 0.1], "k_pid_att": [43.948176657889235, 3.7802132718527557, 0.9274604585040267], "k_pid_yaw": [0.5, 1e-06, 0.1], "k_pid_hsp": [2.395389635608916, 0.01, 0.01], "k_pid_vsp": [111.20884264032553, 102.7157397860675, 1.0]}, "datetime": {"datetime": "2025-08-20 17:07:18", "elapsed": 18892.507294893265, "delta": 15.826171159744263}, "costs": {"total_cost": 180.40810129406827, "time_cost": 68.656, "final_distance_cost": 1.7855036050235287, "oscillation_cost": 37.645407527558994, "completition_cost": 0.0, "overshoot_cost": 49.9598019448747, "power_cost": 11.380489074707032, "noise_cost": 10.980899141904002, "n_waypoints_completed": 9, "tot_waypoints": 9}}
{"target": -274.3020927468179, "params": {"k_pid_pos": [1.4698128353043505, 0.024859491386256316, 0.11401919133455096], "k_pid_alt": [1.2679502233621702, 0.9483159875416077, 0.2708715183109395], "k_pid_att": [43.948176657889235, 3.7802132718527557, 0.9274604585040267], "k_pid_yaw": [0.5, 1e-06, 0.1], "k_pid_hsp": [1.0, 0.8086473436552222, 0.01], "k_pid_vsp": [111.20884264032553, 102.7157397860675, 1.0]}, "datetime": {"datetime": "2025-08-20 17:07:39", "elapsed": 18913.99162054062, "delta": 21.484325647354126}, "costs": {"total_cost": 274.3020927468179, "time_cost": 96.184, "final_distance_cost": 1.7667078017111566, "oscillation_cost": 86.6473675612108, "completition_cost": 0.0, "overshoot_cost": 55.49420486386136, "power_cost": 18.029028735351563, "noise_cost": 16.180783784683026, "n_waypoints_completed": 9, "tot_waypoints": 9}}
{"target": -183.59087341145187, "params": {"k_pid_pos": [1.4698128353043505, 0.024859491386256316, 0.21152287994165886], "k_pid_alt": [1.6319753356852484, 0.0, 0.1], "k_pid_att": [43.948176657889235, 3.7802132718527557, 0.5315175384971502], "k_pid_yaw": [0.5, 1e-06, 0.1], "k_pid_hsp": [1.0, 0.01, 0.01], "k_pid_vsp": [63.87935167311278, 102.7157397860675, 1.0]}, "datetime": {"datetime": "2025-08-20 17:07:54", "elapsed": 18928.83393073082, "delta": 14.842310190200806}, "costs": {"total_cost": 183.59087341145187, "time_cost": 68.456, "final_distance_cost": 1.8178096836679936, "oscillation_cost": 38.89177988327567, "completition_cost": 0.0, "overshoot_cost": 50.547828536686694, "power_cost": 12.508122143554688, "noise_cost": 11.369333164266825, "n_waypoints_completed": 9, "tot_waypoints": 9}}
{"target": -193.0126920996049, "params": {"k_pid_pos": [1.0881159906046851, 0.024859491386256316, 0.7684864802628129], "k_pid_alt": [1.2679502233621702, 0.0, 0.1], "k_pid_att": [43.948176657889235, 5.09582738139613, 0.9274604585040267], "k_pid_yaw": [0.5, 1e-06, 0.1], "k_pid_hsp": [1.0, 0.01, 0.01], "k_pid_vsp": [40.32923178154295, 102.7157397860675, 1.0]}, "datetime": {"datetime": "2025-08-20 17:08:13", "elapsed": 18947.526294231415, "delta": 18.692363500595093}, "costs": {"total_cost": 193.0126920996049, "time_cost": 76.52, "final_distance_cost": 1.849758067731631, "oscillation_cost": 39.05764455102792, "completition_cost": 0.0, "overshoot_cost": 50.500855517063044, "power_cost": 12.577869604492188, "noise_cost": 12.506564359290097, "n_waypoints_completed": 9, "tot_waypoints": 9}}
{"target": -186.64428316407333, "params": {"k_pid_pos": [1.4698128353043505, 0.024859491386256316, 0.818138871087333], "k_pid_alt": [1.2679502233621702, 0.0, 0.1132575830732897], "k_pid_att": [27.63392213362481, 3.7802132718527557, 0.9274604585040267], "k_pid_yaw": [0.5, 1e-06, 0.1], "k_pid_hsp": [3.7446071307262585, 0.01, 0.01], "k_pid_vsp": [376.5747392387296, 93.09285943774285, 1.0]}, "datetime": {"datetime": "2025-08-20 17:08:29", "elapsed": 18964.223645925522, "delta": 16.697351694107056}, "costs": {"total_cost": 186.64428316407333, "time_cost": 71.408, "final_distance_cost": 1.8495184245424985, "oscillation_cost": 40.146221934145274, "completition_cost": 0.0, "overshoot_cost": 50.30746182471547, "power_cost": 11.35766824951172, "noise_cost": 11.575412731158364, "n_waypoints_completed": 9, "tot_waypoints": 9}}
{"target": -184.6147272237375, "params": {"k_pid_pos": [1.9176378968916694, 0.024859491386256316, 0.11401919133455096], "k_pid_alt": [1.7187705538853828, 0.0, 0.1], "k_pid_att": [43.948176657889235, 3.7802132718527557, 0.9274604585040267], "k_pid_yaw": [0.5, 1e-06, 0.1], "k_pid_hsp": [1.0, 0.01, 0.01], "k_pid_vsp": [111.20884264032553, 102.7157397860675, 1.0]}, "datetime": {"datetime": "2025-08-20 17:08:44", "elapsed": 18979.06155514717, "delta": 14.83790922164917}, "costs": {"total_cost": 184.6147272237375, "time_cost": 68.152, "final_distance_cost": 1.7708204168235904, "oscillation_cost": 41.069439962289415, "completition_cost": 0.0, "overshoot_cost": 50.04882707160754, "power_cost": 12.435713598632812, "noise_cost": 11.13792617438412, "n_waypoints_completed": 9, "tot_waypoints": 9}}
{"target": -266.8088458115409, "params": {"k_pid_pos": [1.4698128353043505, 0.024859491386256316, 0.11401919133455096], "k_pid_alt": [1.2679502233621702, 0.0, 0.1], "k_pid_att": [43.948176657889235, 3.7802132718527557, 0.9274604585040267], "k_pid_yaw": [0.5, 1e-06, 0.1], "k_pid_hsp": [1.0, 0.01, 0.01], "k_pid_vsp": [352.6407561030123, 102.7157397860675, 256.4816389284505]}, "datetime": {"datetime": "2025-08-20 17:09:07", "elapsed": 19001.667003393173, "delta": 22.605448246002197}, "costs": {"total_cost": 266.8088458115409, "time_cost": 99.944, "final_distance_cost": 1.8340511512199653, "oscillation_cost": 61.056586376043136, "completition_cost": 0.0, "overshoot_cost": 63.718750089564395, "power_cost": 23.670801171875002, "noise_cost": 16.584657022838375, "n_waypoints_completed": 9, "tot_waypoints": 9}}
{"target": -182.26771871647247, "params": {"k_pid_pos": [1.6203022768980826, 0.024859491386256316, 0.11401919133455096], "k_pid_alt": [1.2679502233621702, 0.0, 0.1], "k_pid_att": [43.948176657889235, 3.7802132718527557, 0.9274604585040267], "k_pid_yaw": [0.5, 1e-06, 0.1], "k_pid_hsp": [1.0, 0.01, 0.01], "k_pid_vsp": [111.20884264032553, 102.7157397860675, 1.0]}, "datetime": {"datetime": "2025-08-20 17:09:22", "elapsed": 19017.10379099846, "delta": 15.436787605285645}, "costs": {"total_cost": 182.26771871647247, "time_cost": 68.296, "final_distance_cost": 1.76205513117275, "oscillation_cost": 38.89951225519139, "completition_cost": 0.0, "overshoot_cost": 50.51290114561613, "power_cost": 11.871326928710937, "noise_cost": 10.92592325578127, "n_waypoints_completed": 9, "tot_waypoints": 9}}
{"target": -1269.0331021405652, "params": {"k_pid_pos": [1.4698128353043505, 0.697934074851641, 0.11401919133455096], "k_pid_alt": [1.2679502233621702, 0.0, 0.1], "k_pid_att": [56.57538761271833, 3.7802132718527557, 0.9274604585040267], "k_pid_yaw": [0.5, 1e-06, 0.1], "k_pid_hsp": [1.0, 0.01, 0.01], "k_pid_vsp": [111.20884264032553, 102.7157397860675, 378.0828445606506]}, "datetime": {"datetime": "2025-08-20 17:09:46", "elapsed": 19040.66454911232, "delta": 23.560758113861084}, "costs": {"total_cost": 1269.0331021405652, "time_cost": 150, "final_distance_cost": 62.44887398376647, "oscillation_cost": 42.16324257614675, "completition_cost": 888.8888888888888, "overshoot_cost": 97.61245676788076, "power_cost": 7.683432910156251, "noise_cost": 20.236207013726208, "n_waypoints_completed": 1, "tot_waypoints": 9}}
{"target": -345.1958673170388, "params": {"k_pid_pos": [1.4698128353043505, 0.024859491386256316, 0.11401919133455096], "k_pid_alt": [1.7286757789009397, 0.0, 0.5100217929712108], "k_pid_att": [50.812654768034484, 3.7802132718527557, 0.9274604585040267], "k_pid_yaw": [0.5, 1e-06, 0.1], "k_pid_hsp": [1.0, 0.01, 0.5359723100047215], "k_pid_vsp": [111.20884264032553, 93.09285943774285, 1.0]}, "datetime": {"datetime": "2025-08-20 17:10:03", "elapsed": 19057.965463876724, "delta": 17.300914764404297}, "costs": {"total_cost": 345.1958673170388, "time_cost": 78.784, "final_distance_cost": 1.805555580814341, "oscillation_cost": 182.01231207660297, "completition_cost": 0.0, "overshoot_cost": 53.71773784928032, "power_cost": 15.769694580078125, "noise_cost": 13.106567230263062, "n_waypoints_completed": 9, "tot_waypoints": 9}}
{"target": -201.35580542423332, "params": {"k_pid_pos": [1.4698128353043505, 0.19270098738807973, 0.11401919133455096], "k_pid_alt": [1.6319753356852484, 0.0, 0.1], "k_pid_att": [42.28034808905181, 4.273161054152589, 0.9274604585040267], "k_pid_yaw": [0.5, 1e-06, 0.1], "k_pid_hsp": [1.0, 0.01, 0.01], "k_pid_vsp": [111.20884264032553, 381.5365089319878, 1.0]}, "datetime": {"datetime": "2025-08-20 17:10:20", "elapsed": 19075.265911340714, "delta": 17.300447463989258}, "costs": {"total_cost": 201.35580542423332, "time_cost": 76.224, "final_distance_cost": 1.7924254283869896, "oscillation_cost": 46.11725669739647, "completition_cost": 0.0, "overshoot_cost": 50.73048521995423, "power_cost": 14.09135125732422, "noise_cost": 12.400286821171395, "n_waypoints_completed": 9, "tot_waypoints": 9}}
