{"target": -192.94188208423603, "params": {"k_pid_pos": [0.9959853208014533, 0.024859491386256316, 0.11401919133455096], "k_pid_alt": [1.2679502233621702, 0.0, 0.3146878632891922], "k_pid_att": [20.0, 1.0, 0.20230861884209816], "k_pid_yaw": [0.5, 1e-06, 0.1], "k_pid_hsp": [1.394059891471576, 0.01, 0.01], "k_pid_vsp": [176.4074495617074, 336.89689932622207, 1.0]}, "datetime": {"datetime": "2025-08-20 13:17:12", "elapsed": 5087.3833220005035, "delta": 17.331162214279175}, "costs": {"total_cost": 192.94188208423603, "time_cost": 70.944, "final_distance_cost": 1.845181980244335, "oscillation_cost": 45.126040011789115, "completition_cost": 0.0, "overshoot_cost": 50.14447425353988, "power_cost": 12.934833142089845, "noise_cost": 11.947352696572874, "n_waypoints_completed": 9, "tot_waypoints": 9}}
{"target": -213.04471596180585, "params": {"k_pid_pos": [1.8624793477566346, 0.8245025676918739, 0.6830149564489978], "k_pid_alt": [0.7, 0.0, 0.1], "k_pid_att": [94.03514125381805, 1.0, 0.9274604585040267], "k_pid_yaw": [0.5, 1e-06, 0.1], "k_pid_hsp": [4.3089058856187865, 0.01, 0.01], "k_pid_vsp": [111.20884264032553, 93.09285943774285, 1.0]}, "datetime": {"datetime": "2025-08-20 13:17:33", "elapsed": 5108.450877428055, "delta": 21.06755542755127}, "costs": {"total_cost": 213.04471596180585, "time_cost": 82.21600000000001, "final_distance_cost": 1.815863256278629, "oscillation_cost": 49.133506024194126, "completition_cost": 0.0, "overshoot_cost": 52.43531319081736, "power_cost": 14.58107470703125, "noise_cost": 12.862958783484466, "n_waypoints_completed": 9, "tot_waypoints": 9}}
{"target": -208.3333984922861, "params": {"k_pid_pos": [0.9913583837549204, 0.15744760866519159, 0.6830149564489978], "k_pid_alt": [0.7, 0.0, 0.1], "k_pid_att": [94.03514125381805, 1.0, 0.9274604585040267], "k_pid_yaw": [0.5, 1e-06, 0.1], "k_pid_hsp": [4.3089058856187865, 0.01, 0.01], "k_pid_vsp": [111.20884264032553, 93.09285943774285, 1.0]}, "datetime": {"datetime": "2025-08-20 13:17:54", "elapsed": 5128.5366151332855, "delta": 20.085737705230713}, "costs": {"total_cost": 208.3333984922861, "time_cost": 81.224, "final_distance_cost": 1.8327273335229335, "oscillation_cost": 47.563509406926315, "completition_cost": 0.0, "overshoot_cost": 50.996664301232705, "power_cost": 13.655225146484376, "noise_cost": 13.061272304119768, "n_waypoints_completed": 9, "tot_waypoints": 9}}
{"target": -203.60756873796495, "params": {"k_pid_pos": [1.4698128353043505, 0.024859491386256316, 0.11401919133455096], "k_pid_alt": [1.2679502233621702, 0.0, 0.016491258977649914], "k_pid_att": [20.0, 4.5502721036558205, 0.01], "k_pid_yaw": [0.5, 1e-06, 0.1], "k_pid_hsp": [1.0, 0.01, 0.01], "k_pid_vsp": [150.0, 15.500533572620455, 1.0]}, "datetime": {"datetime": "2025-08-20 13:18:10", "elapsed": 5145.269459247589, "delta": 16.73284411430359}, "costs": {"total_cost": 203.60756873796495, "time_cost": 69.352, "final_distance_cost": 1.7985990458072265, "oscillation_cost": 57.732453056488566, "completition_cost": 0.0, "overshoot_cost": 50.593081403603456, "power_cost": 12.700936279296876, "noise_cost": 11.43049895276884, "n_waypoints_completed": 9, "tot_waypoints": 9}}
{"target": -183.66943023793917, "params": {"k_pid_pos": [1.4698128353043505, 0.024859491386256316, 0.11401919133455096], "k_pid_alt": [1.2679502233621702, 0.0, 0.1], "k_pid_att": [94.03514125381805, 1.0, 0.9274604585040267], "k_pid_yaw": [0.5, 1e-06, 0.1], "k_pid_hsp": [1.0, 0.01, 0.01], "k_pid_vsp": [111.20884264032553, 93.09285943774285, 1.0]}, "datetime": {"datetime": "2025-08-20 13:18:27", "elapsed": 5161.857035160065, "delta": 16.587575912475586}, "costs": {"total_cost": 183.66943023793917, "time_cost": 68.744, "final_distance_cost": 1.8095891275857532, "oscillation_cost": 39.35272485938593, "completition_cost": 0.0, "overshoot_cost": 50.503678177361664, "power_cost": 12.082669409179688, "noise_cost": 11.176768664426131, "n_waypoints_completed": 9, "tot_waypoints": 9}}
{"target": -185.2670460122475, "params": {"k_pid_pos": [1.849624377781123, 0.024859491386256316, 0.44963268842268056], "k_pid_alt": [1.296896341175293, 0.0, 0.8361997509577753], "k_pid_att": [19.462821160492226, 4.452622529689853, 0.737857181360408], "k_pid_yaw": [0.5, 1e-06, 0.1], "k_pid_hsp": [1.0, 0.01, 0.01], "k_pid_vsp": [111.20884264032553, 139.20520652041523, 1.0]}, "datetime": {"datetime": "2025-08-20 13:18:44", "elapsed": 5179.353923082352, "delta": 17.496887922286987}, "costs": {"total_cost": 185.2670460122475, "time_cost": 70.944, "final_distance_cost": 1.7984676792008991, "oscillation_cost": 37.66746531935103, "completition_cost": 0.0, "overshoot_cost": 50.36145627965783, "power_cost": 12.996700512695313, "noise_cost": 11.498956221342402, "n_waypoints_completed": 9, "tot_waypoints": 9}}
{"target": -185.45463571536965, "params": {"k_pid_pos": [1.849624377781123, 0.024859491386256316, 0.11401919133455096], "k_pid_alt": [1.2679502233621702, 0.0, 0.1], "k_pid_att": [78.69411358121238, 1.0, 0.6196773621357177], "k_pid_yaw": [0.5, 1e-06, 0.1], "k_pid_hsp": [1.0, 0.01, 0.01], "k_pid_vsp": [150.0, 307.0029666248519, 1.0]}, "datetime": {"datetime": "2025-08-20 13:19:01", "elapsed": 5196.042934656143, "delta": 16.689011573791504}, "costs": {"total_cost": 185.45463571536965, "time_cost": 68.504, "final_distance_cost": 1.7828650564490147, "oscillation_cost": 41.90594664754444, "completition_cost": 0.0, "overshoot_cost": 50.22202394353871, "power_cost": 11.990885595703126, "noise_cost": 11.048914472134358, "n_waypoints_completed": 9, "tot_waypoints": 9}}
{"target": -187.98449192677512, "params": {"k_pid_pos": [1.849624377781123, 0.024859491386256316, 0.44963268842268056], "k_pid_alt": [1.1302962253917743, 0.0, 0.8361997509577753], "k_pid_att": [19.462821160492226, 4.138056718860487, 0.737857181360408], "k_pid_yaw": [0.5, 1e-06, 0.1], "k_pid_hsp": [1.0, 0.01, 0.01], "k_pid_vsp": [111.20884264032553, 139.20520652041523, 1.0]}, "datetime": {"datetime": "2025-08-20 13:19:19", "elapsed": 5213.539917707443, "delta": 17.49698305130005}, "costs": {"total_cost": 187.98449192677512, "time_cost": 72.176, "final_distance_cost": 1.8095941382671916, "oscillation_cost": 39.60405418469385, "completition_cost": 0.0, "overshoot_cost": 50.02326959995386, "power_cost": 12.921743200683593, "noise_cost": 11.449830803176626, "n_waypoints_completed": 9, "tot_waypoints": 9}}
{"target": -182.53001576745743, "params": {"k_pid_pos": [1.4698128353043505, 0.024859491386256316, 0.11401919133455096], "k_pid_alt": [1.2679502233621702, 0.0, 0.1], "k_pid_att": [66.62171653053798, 1.0, 0.9274604585040267], "k_pid_yaw": [0.5, 1e-06, 0.1], "k_pid_hsp": [1.0, 0.029631885976391104, 0.01], "k_pid_vsp": [111.20884264032553, 93.09285943774285, 1.0]}, "datetime": {"datetime": "2025-08-20 13:19:35", "elapsed": 5230.127373933792, "delta": 16.587456226348877}, "costs": {"total_cost": 182.53001576745743, "time_cost": 68.536, "final_distance_cost": 1.8096938775986229, "oscillation_cost": 38.56978378572907, "completition_cost": 0.0, "overshoot_cost": 50.247141307965634, "power_cost": 12.248519226074219, "noise_cost": 11.118877570089877, "n_waypoints_completed": 9, "tot_waypoints": 9}}
{"target": -1025.0002945522147, "params": {"k_pid_pos": [1.366584901374431, 0.6757485115605695, 0.6830149564489978], "k_pid_alt": [1.4458679973838424, 0.0, 0.6559531101246859], "k_pid_att": [70.37366196437685, 1.0, 0.9274604585040267], "k_pid_yaw": [0.5, 1e-06, 0.1], "k_pid_hsp": [1.0, 0.01, 0.01], "k_pid_vsp": [111.20884264032553, 139.20520652041523, 221.50483815232838]}, "datetime": {"datetime": "2025-08-20 13:20:00", "elapsed": 5254.708806991577, "delta": 24.581433057785034}, "costs": {"total_cost": 1025.0002945522147, "time_cost": 150, "final_distance_cost": 62.70147381707129, "oscillation_cost": 43.76890588339673, "completition_cost": 666.6666666666667, "overshoot_cost": 70.21460330056526, "power_cost": 16.77950621337891, "noise_cost": 14.869138671135769, "n_waypoints_completed": 3, "tot_waypoints": 9}}
{"target": -210.00726447207484, "params": {"k_pid_pos": [1.849624377781123, 0.024859491386256316, 0.44963268842268056], "k_pid_alt": [1.1302962253917743, 0.0, 0.8361997509577753], "k_pid_att": [19.462821160492226, 7.212729332224264, 0.48922906718999004], "k_pid_yaw": [0.5, 1e-06, 0.1], "k_pid_hsp": [6.779068060256637, 0.01, 0.01], "k_pid_vsp": [111.20884264032553, 93.09285943774285, 1.0]}, "datetime": {"datetime": "2025-08-20 13:20:17", "elapsed": 5272.159867763519, "delta": 17.45106077194214}, "costs": {"total_cost": 210.00726447207484, "time_cost": 72.368, "final_distance_cost": 1.829576382746421, "oscillation_cost": 62.16870784580934, "completition_cost": 0.0, "overshoot_cost": 49.83296256931468, "power_cost": 12.388071630859375, "noise_cost": 11.419946043345048, "n_waypoints_completed": 9, "tot_waypoints": 9}}
{"target": -190.28725707726147, "params": {"k_pid_pos": [1.8624793477566346, 0.04925411992759399, 0.6830149564489978], "k_pid_alt": [0.7, 0.0, 0.1], "k_pid_att": [94.03514125381805, 1.0, 0.9274604585040267], "k_pid_yaw": [0.5, 1e-06, 0.1], "k_pid_hsp": [1.0, 0.01, 0.01], "k_pid_vsp": [111.20884264032553, 93.09285943774285, 1.0]}, "datetime": {"datetime": "2025-08-20 13:20:34", "elapsed": 5288.827543735504, "delta": 16.667675971984863}, "costs": {"total_cost": 190.28725707726147, "time_cost": 72.536, "final_distance_cost": 1.8187780250188148, "oscillation_cost": 41.248122272737824, "completition_cost": 0.0, "overshoot_cost": 50.55159636032297, "power_cost": 12.582693212890625, "noise_cost": 11.55006720629124, "n_waypoints_completed": 9, "tot_waypoints": 9}}
{"target": -185.45463571536965, "params": {"k_pid_pos": [1.849624377781123, 0.024859491386256316, 0.11401919133455096], "k_pid_alt": [1.2679502233621702, 0.0, 0.1], "k_pid_att": [78.69411358121238, 1.0, 0.6196773621357177], "k_pid_yaw": [0.5, 1e-06, 0.1], "k_pid_hsp": [1.0, 0.01, 0.01], "k_pid_vsp": [150.0, 307.0029666248519, 1.0]}, "datetime": {"datetime": "2025-08-20 13:20:50", "elapsed": 5305.4446086883545, "delta": 16.617064952850342}, "costs": {"total_cost": 185.45463571536965, "time_cost": 68.504, "final_distance_cost": 1.7828650564490147, "oscillation_cost": 41.90594664754444, "completition_cost": 0.0, "overshoot_cost": 50.22202394353871, "power_cost": 11.990885595703126, "noise_cost": 11.048914472134358, "n_waypoints_completed": 9, "tot_waypoints": 9}}
{"target": -320.57805845012535, "params": {"k_pid_pos": [1.849624377781123, 0.024859491386256316, 0.11401919133455096], "k_pid_alt": [1.2679502233621702, 0.0, 0.1], "k_pid_att": [78.69411358121238, 1.0, 0.6196773621357177], "k_pid_yaw": [0.5, 1e-06, 0.1], "k_pid_hsp": [1.0, 0.01, 0.34036377813972996], "k_pid_vsp": [150.0, 307.0029666248519, 1.0]}, "datetime": {"datetime": "2025-08-20 13:21:10", "elapsed": 5325.362292289734, "delta": 19.917683601379395}, "costs": {"total_cost": 320.57805845012535, "time_cost": 74.584, "final_distance_cost": 1.7230734774874539, "oscillation_cost": 164.56592930476498, "completition_cost": 0.0, "overshoot_cost": 50.452420773459565, "power_cost": 15.91382431640625, "noise_cost": 13.338810578007115, "n_waypoints_completed": 9, "tot_waypoints": 9}}
{"target": -208.4878358437814, "params": {"k_pid_pos": [1.849624377781123, 0.4737677518315727, 0.2729398117749001], "k_pid_alt": [1.2679502233621702, 0.0, 0.1], "k_pid_att": [78.69411358121238, 1.0, 0.6196773621357177], "k_pid_yaw": [0.5, 1e-06, 0.1], "k_pid_hsp": [1.0, 0.01, 0.01], "k_pid_vsp": [150.0, 307.0029666248519, 1.0]}, "datetime": {"datetime": "2025-08-20 13:21:30", "elapsed": 5344.647022724152, "delta": 19.284730434417725}, "costs": {"total_cost": 208.4878358437814, "time_cost": 79.032, "final_distance_cost": 1.7313270271759014, "oscillation_cost": 48.88393731763115, "completition_cost": 0.0, "overshoot_cost": 52.176223970781976, "power_cost": 14.058257824707033, "noise_cost": 12.606089703485324, "n_waypoints_completed": 9, "tot_waypoints": 9}}
{"target": -1070.5877536167695, "params": {"k_pid_pos": [1.849624377781123, 0.5792541958945455, 0.44963268842268056], "k_pid_alt": [1.1302962253917743, 0.0, 0.8361997509577753], "k_pid_att": [19.462821160492226, 7.212729332224264, 0.737857181360408], "k_pid_yaw": [0.5, 1e-06, 0.1], "k_pid_hsp": [2.8125315441457257, 0.01, 0.01], "k_pid_vsp": [176.4074495617074, 15.500533572620455, 349.8541648625404]}, "datetime": {"datetime": "2025-08-20 13:21:54", "elapsed": 5369.398341655731, "delta": 24.75131893157959}, "costs": {"total_cost": 1070.5877536167695, "time_cost": 150, "final_distance_cost": 87.08809776741813, "oscillation_cost": 42.54734498665861, "completition_cost": 666.6666666666667, "overshoot_cost": 80.88365181775677, "power_cost": 25.475730895996094, "noise_cost": 17.926261482273336, "n_waypoints_completed": 3, "tot_waypoints": 9}}
{"target": -237.8783622413912, "params": {"k_pid_pos": [1.8624793477566346, 0.7600717815435403, 0.11401919133455096], "k_pid_alt": [1.2679502233621702, 0.0, 0.1], "k_pid_att": [20.0, 1.0, 0.20230861884209816], "k_pid_yaw": [0.5, 1e-06, 0.1], "k_pid_hsp": [1.394059891471576, 0.01, 0.01], "k_pid_vsp": [111.20884264032553, 139.20520652041523, 1.0]}, "datetime": {"datetime": "2025-08-20 13:22:16", "elapsed": 5391.482770442963, "delta": 22.084428787231445}, "costs": {"total_cost": 237.8783622413912, "time_cost": 89.792, "final_distance_cost": 1.756807864966002, "oscillation_cost": 56.343384232744235, "completition_cost": 0.0, "overshoot_cost": 56.71888171332174, "power_cost": 17.97831447753906, "noise_cost": 15.288973952820118, "n_waypoints_completed": 9, "tot_waypoints": 9}}
{"target": -193.09280289748597, "params": {"k_pid_pos": [1.849624377781123, 0.024859491386256316, 0.44963268842268056], "k_pid_alt": [1.6444270921876138, 0.0, 0.1], "k_pid_att": [42.789426317924715, 1.0, 0.9274604585040267], "k_pid_yaw": [0.5, 1e-06, 0.1], "k_pid_hsp": [1.0, 0.01, 0.01], "k_pid_vsp": [17.18305095025783, 10.0, 1.0]}, "datetime": {"datetime": "2025-08-20 13:22:33", "elapsed": 5408.4003920555115, "delta": 16.917621612548828}, "costs": {"total_cost": 193.09280289748597, "time_cost": 72.752, "final_distance_cost": 1.7922970682117119, "oscillation_cost": 40.09763311511961, "completition_cost": 0.0, "overshoot_cost": 52.81578824239429, "power_cost": 12.998108166503906, "noise_cost": 12.636976305256457, "n_waypoints_completed": 9, "tot_waypoints": 9}}
{"target": -195.94571513856317, "params": {"k_pid_pos": [1.8624793477566346, 0.04925411992759399, 0.6830149564489978], "k_pid_alt": [1.4458679973838424, 0.0, 0.1], "k_pid_att": [94.03514125381805, 1.0, 0.3366070335655168], "k_pid_yaw": [0.5, 1e-06, 0.1], "k_pid_hsp": [1.0, 0.01, 0.01], "k_pid_vsp": [17.18305095025783, 10.0, 1.0]}, "datetime": {"datetime": "2025-08-20 13:22:50", "elapsed": 5425.484710454941, "delta": 17.08431839942932}, "costs": {"total_cost": 195.94571513856317, "time_cost": 72.648, "final_distance_cost": 1.8351792005332632, "oscillation_cost": 43.3888747833818, "completition_cost": 0.0, "overshoot_cost": 53.21797645149746, "power_cost": 12.487798303222657, "noise_cost": 12.367886399927983, "n_waypoints_completed": 9, "tot_waypoints": 9}}
{"target": -396.6368741784722, "params": {"k_pid_pos": [0.26249680093548006, 0.024859491386256316, 0.11401919133455096], "k_pid_alt": [1.2679502233621702, 0.0, 0.1], "k_pid_att": [3.64319473098611, 1.0, 0.6196773621357177], "k_pid_yaw": [0.5, 1e-06, 0.1], "k_pid_hsp": [1.0, 0.01, 0.01], "k_pid_vsp": [176.4074495617074, 336.89689932622207, 1.0]}, "datetime": {"datetime": "2025-08-20 13:23:14", "elapsed": 5449.369135379791, "delta": 23.884424924850464}, "costs": {"total_cost": 396.6368741784722, "time_cost": 150, "final_distance_cost": 18.525513066032403, "oscillation_cost": 29.291539865867485, "completition_cost": 111.11111111111116, "overshoot_cost": 55.97277762739555, "power_cost": 17.00836756591797, "noise_cost": 14.72756494214766, "n_waypoints_completed": 8, "tot_waypoints": 9}}
{"target": -217.32762813617188, "params": {"k_pid_pos": [0.9959853208014533, 0.024859491386256316, 0.11401919133455096], "k_pid_alt": [1.2679502233621702, 0.9321134483711719, 0.3146878632891922], "k_pid_att": [20.0, 1.0, 0.20230861884209816], "k_pid_yaw": [0.5, 1e-06, 0.1], "k_pid_hsp": [1.394059891471576, 0.01, 0.01], "k_pid_vsp": [150.0, 307.0029666248519, 1.0]}, "datetime": {"datetime": "2025-08-20 13:23:34", "elapsed": 5468.731290817261, "delta": 19.362155437469482}, "costs": {"total_cost": 217.32762813617188, "time_cost": 80.872, "final_distance_cost": 1.8113108382777257, "oscillation_cost": 54.22417279844385, "completition_cost": 0.0, "overshoot_cost": 53.12295976817153, "power_cost": 14.76885614013672, "noise_cost": 12.528328591142042, "n_waypoints_completed": 9, "tot_waypoints": 9}}
{"target": -859.9238564342342, "params": {"k_pid_pos": [0.1500894787491498, 0.024859491386256316, 0.27566543378716624], "k_pid_alt": [1.2679502233621702, 0.0, 0.1], "k_pid_att": [78.69411358121238, 1.0, 0.6196773621357177], "k_pid_yaw": [0.5, 1e-06, 0.1], "k_pid_hsp": [1.0, 0.01, 0.01], "k_pid_vsp": [150.0, 307.0029666248519, 1.0]}, "datetime": {"datetime": "2025-08-20 13:23:59", "elapsed": 5493.814460039139, "delta": 25.08316922187805}, "costs": {"total_cost": 859.9238564342342, "time_cost": 150, "final_distance_cost": 46.64200561461871, "oscillation_cost": 25.381006388147508, "completition_cost": 555.5555555555555, "overshoot_cost": 54.398330591177086, "power_cost": 14.459526538085939, "noise_cost": 13.48743174664937, "n_waypoints_completed": 4, "tot_waypoints": 9}}
{"target": -201.9778122020436, "params": {"k_pid_pos": [0.5485322217985025, 0.024859491386256316, 0.11401919133455096], "k_pid_alt": [1.2679502233621702, 0.0, 0.1], "k_pid_att": [78.69411358121238, 1.0, 0.6196773621357177], "k_pid_yaw": [0.5, 1e-06, 0.1], "k_pid_hsp": [1.0, 0.46263031948273103, 0.01], "k_pid_vsp": [150.0, 307.0029666248519, 1.0]}, "datetime": {"datetime": "2025-08-20 13:24:21", "elapsed": 5516.443388223648, "delta": 22.628928184509277}, "costs": {"total_cost": 201.9778122020436, "time_cost": 79.992, "final_distance_cost": 1.8539697035414748, "oscillation_cost": 42.686912683586755, "completition_cost": 0.0, "overshoot_cost": 50.65061873366712, "power_cost": 13.380899475097657, "noise_cost": 13.41341160615056, "n_waypoints_completed": 9, "tot_waypoints": 9}}
{"target": -193.91859687280834, "params": {"k_pid_pos": [1.8624793477566346, 0.04925411992759399, 0.23637353540898454], "k_pid_alt": [1.2679502233621702, 0.0, 0.1], "k_pid_att": [20.0, 1.0, 0.20230861884209816], "k_pid_yaw": [0.5, 1e-06, 0.1], "k_pid_hsp": [1.394059891471576, 0.01, 0.01], "k_pid_vsp": [176.4074495617074, 10.0, 1.0]}, "datetime": {"datetime": "2025-08-20 13:24:41", "elapsed": 5535.687958717346, "delta": 19.24457049369812}, "costs": {"total_cost": 193.91859687280834, "time_cost": 69.712, "final_distance_cost": 1.8021539231076338, "oscillation_cost": 46.54407086845625, "completition_cost": 0.0, "overshoot_cost": 51.27589594214953, "power_cost": 12.9546935546875, "noise_cost": 11.629782584407396, "n_waypoints_completed": 9, "tot_waypoints": 9}}
{"target": -190.86463697523115, "params": {"k_pid_pos": [1.8624793477566346, 0.04925411992759399, 0.6830149564489978], "k_pid_alt": [1.4458679973838424, 0.0, 0.1], "k_pid_att": [94.03514125381805, 0.10763610062849525, 0.9274604585040267], "k_pid_yaw": [0.5, 1e-06, 0.1], "k_pid_hsp": [1.0, 0.01, 0.01], "k_pid_vsp": [17.18305095025783, 15.500533572620455, 1.0]}, "datetime": {"datetime": "2025-08-20 13:24:59", "elapsed": 5553.624450445175, "delta": 17.93649172782898}, "costs": {"total_cost": 190.86463697523115, "time_cost": 70.408, "final_distance_cost": 1.8336145690067744, "oscillation_cost": 42.773711229365944, "completition_cost": 0.0, "overshoot_cost": 51.55929027853611, "power_cost": 12.392360314941406, "noise_cost": 11.897660583380903, "n_waypoints_completed": 9, "tot_waypoints": 9}}
{"target": -191.18801106035048, "params": {"k_pid_pos": [1.849624377781123, 0.024859491386256316, 0.44963268842268056], "k_pid_alt": [1.296896341175293, 0.0, 0.9495727706536599], "k_pid_att": [19.462821160492226, 4.452622529689853, 0.2787101805563399], "k_pid_yaw": [0.5, 1e-06, 0.1], "k_pid_hsp": [1.0, 0.01, 0.01], "k_pid_vsp": [111.20884264032553, 139.20520652041523, 1.0]}, "datetime": {"datetime": "2025-08-20 13:25:16", "elapsed": 5571.298830747604, "delta": 17.6743803024292}, "costs": {"total_cost": 191.18801106035048, "time_cost": 71.44800000000001, "final_distance_cost": 1.8127725400110712, "oscillation_cost": 43.19463154592648, "completition_cost": 0.0, "overshoot_cost": 50.1938159257626, "power_cost": 13.025845263671876, "noise_cost": 11.512945784978461, "n_waypoints_completed": 9, "tot_waypoints": 9}}
{"target": -187.6969520281645, "params": {"k_pid_pos": [1.849624377781123, 0.024859491386256316, 0.44963268842268056], "k_pid_alt": [1.1302962253917743, 0.0, 0.8361997509577753], "k_pid_att": [19.462821160492226, 7.212729332224264, 0.737857181360408], "k_pid_yaw": [0.5, 1e-06, 0.1], "k_pid_hsp": [1.0, 0.01, 0.01], "k_pid_vsp": [111.20884264032553, 139.20520652041523, 1.0]}, "datetime": {"datetime": "2025-08-20 13:25:34", "elapsed": 5589.109885931015, "delta": 17.811055183410645}, "costs": {"total_cost": 187.6969520281645, "time_cost": 72.176, "final_distance_cost": 1.8139742290091991, "oscillation_cost": 39.110886226331864, "completition_cost": 0.0, "overshoot_cost": 49.97427560746376, "power_cost": 13.070229858398438, "noise_cost": 11.551586106961228, "n_waypoints_completed": 9, "tot_waypoints": 9}}
