{"target": -195.9084399922597, "params": {"k_pid_pos": [1.4698128353043505, 0.024859491386256316, 0.11401919133455096], "k_pid_alt": [1.2679502233621702, 0.0, 0.1], "k_pid_att": [78.69411358121238, 1.0, 0.004857337777279036], "k_pid_yaw": [0.5, 1e-06, 0.1], "k_pid_hsp": [1.0, 0.01, 0.01], "k_pid_vsp": [150.0, 307.0029666248519, 1.0]}, "datetime": {"datetime": "2025-08-20 13:25:51", "elapsed": 5606.426648616791, "delta": 17.316762685775757}, "costs": {"total_cost": 195.9084399922597, "time_cost": 68.76, "final_distance_cost": 1.7829423548526797, "oscillation_cost": 51.54768759875537, "completition_cost": 0.0, "overshoot_cost": 50.19615042418982, "power_cost": 12.386855090332032, "noise_cost": 11.234804524129794, "n_waypoints_completed": 9, "tot_waypoints": 9}}
{"target": -189.1099159825422, "params": {"k_pid_pos": [1.4698128353043505, 0.024859491386256316, 0.11401919133455096], "k_pid_alt": [1.2679502233621702, 0.0, 0.06527723447865985], "k_pid_att": [58.989274729095186, 1.0, 0.004857337777279036], "k_pid_yaw": [0.5, 1e-06, 0.1], "k_pid_hsp": [1.0, 0.01, 0.01], "k_pid_vsp": [150.0, 307.0029666248519, 1.0]}, "datetime": {"datetime": "2025-08-20 13:26:08", "elapsed": 5623.230473041534, "delta": 16.803824424743652}, "costs": {"total_cost": 189.1099159825422, "time_cost": 68.57600000000001, "final_distance_cost": 1.81365742049795, "oscillation_cost": 44.80440093073586, "completition_cost": 0.0, "overshoot_cost": 50.19680782712766, "power_cost": 12.461296142578126, "noise_cost": 11.257753661602566, "n_waypoints_completed": 9, "tot_waypoints": 9}}
{"target": -187.5204735219136, "params": {"k_pid_pos": [1.8624793477566346, 0.04925411992759399, 0.6830149564489978], "k_pid_alt": [1.4458679973838424, 0.0, 0.1], "k_pid_att": [94.03514125381805, 1.0, 0.9274604585040267], "k_pid_yaw": [0.5, 1e-06, 0.1], "k_pid_hsp": [1.0, 0.01, 0.01], "k_pid_vsp": [111.20884264032553, 93.09285943774285, 1.0]}, "datetime": {"datetime": "2025-08-20 13:26:25", "elapsed": 5640.08532500267, "delta": 16.854851961135864}, "costs": {"total_cost": 187.5204735219136, "time_cost": 69.032, "final_distance_cost": 1.8134888807361969, "oscillation_cost": 41.939438383341894, "completition_cost": 0.0, "overshoot_cost": 50.88847682488224, "power_cost": 12.414615942382813, "noise_cost": 11.432453490570461, "n_waypoints_completed": 9, "tot_waypoints": 9}}
{"target": -187.49934780836895, "params": {"k_pid_pos": [1.849624377781123, 0.024859491386256316, 0.44963268842268056], "k_pid_alt": [1.1302962253917743, 0.0, 0.8361997509577753], "k_pid_att": [19.462821160492226, 5.9521973635976435, 0.737857181360408], "k_pid_yaw": [0.5, 1e-06, 0.1], "k_pid_hsp": [1.0, 0.01, 0.01], "k_pid_vsp": [111.20884264032553, 139.20520652041523, 1.0]}, "datetime": {"datetime": "2025-08-20 13:26:43", "elapsed": 5657.632782697678, "delta": 17.547457695007324}, "costs": {"total_cost": 187.49934780836895, "time_cost": 72.152, "final_distance_cost": 1.8335961821588085, "oscillation_cost": 38.59773525279048, "completition_cost": 0.0, "overshoot_cost": 49.89979044959117, "power_cost": 13.353655480957032, "noise_cost": 11.66257044287147, "n_waypoints_completed": 9, "tot_waypoints": 9}}
{"target": -326.0269637208097, "params": {"k_pid_pos": [1.849624377781123, 0.024859491386256316, 0.44963268842268056], "k_pid_alt": [1.6444270921876138, 0.024777875161596796, 0.1], "k_pid_att": [32.6162642003566, 7.120039068217832, 0.01], "k_pid_yaw": [0.5, 1e-06, 0.1], "k_pid_hsp": [1.0, 0.01, 0.37044959119794796], "k_pid_vsp": [150.0, 248.49327166423222, 1.0]}, "datetime": {"datetime": "2025-08-20 13:27:03", "elapsed": 5677.651506662369, "delta": 20.018723964691162}, "costs": {"total_cost": 326.0269637208097, "time_cost": 78.936, "final_distance_cost": 1.7478244418935147, "oscillation_cost": 158.78969283778355, "completition_cost": 0.0, "overshoot_cost": 56.77351196174277, "power_cost": 15.917725952148439, "noise_cost": 13.862208527241405, "n_waypoints_completed": 9, "tot_waypoints": 9}}
{"target": -199.53336400751644, "params": {"k_pid_pos": [0.6341514216626152, 0.024859491386256316, 0.11401919133455096], "k_pid_alt": [1.2679502233621702, 0.0, 0.06527723447865985], "k_pid_att": [58.989274729095186, 1.0, 0.004857337777279036], "k_pid_yaw": [0.5, 1e-06, 0.1], "k_pid_hsp": [1.0, 0.01, 0.01], "k_pid_vsp": [150.0, 307.0029666248519, 1.0]}, "datetime": {"datetime": "2025-08-20 13:27:22", "elapsed": 5696.681977987289, "delta": 19.030471324920654}, "costs": {"total_cost": 199.53336400751644, "time_cost": 77.584, "final_distance_cost": 1.8459297673796515, "oscillation_cost": 42.39649219962195, "completition_cost": 0.0, "overshoot_cost": 51.21203939244073, "power_cost": 13.4691296875, "noise_cost": 13.025772960574072, "n_waypoints_completed": 9, "tot_waypoints": 9}}
{"target": -187.13295790019853, "params": {"k_pid_pos": [1.8624793477566346, 0.04925411992759399, 0.6830149564489978], "k_pid_alt": [1.4458679973838424, 0.0, 0.8361997509577753], "k_pid_att": [19.462821160492226, 7.212729332224264, 0.737857181360408], "k_pid_yaw": [0.5, 1e-06, 0.1], "k_pid_hsp": [1.0, 0.01, 0.01], "k_pid_vsp": [175.8349501205355, 139.20520652041523, 1.0]}, "datetime": {"datetime": "2025-08-20 13:27:39", "elapsed": 5714.00693321228, "delta": 17.324955224990845}, "costs": {"total_cost": 187.13295790019853, "time_cost": 70.688, "final_distance_cost": 1.8282521851050635, "oscillation_cost": 39.8392768486134, "completition_cost": 0.0, "overshoot_cost": 50.319025975896366, "power_cost": 12.903972204589845, "noise_cost": 11.55443068599384, "n_waypoints_completed": 9, "tot_waypoints": 9}}
{"target": -182.53001576745743, "params": {"k_pid_pos": [1.4698128353043505, 0.024859491386256316, 0.11401919133455096], "k_pid_alt": [1.2679502233621702, 0.0, 0.1], "k_pid_att": [66.62171653053798, 1.0, 0.9274604585040267], "k_pid_yaw": [0.5, 1e-06, 0.1], "k_pid_hsp": [1.0, 0.029631885976391104, 0.01], "k_pid_vsp": [111.20884264032553, 93.09285943774285, 1.0]}, "datetime": {"datetime": "2025-08-20 13:27:55", "elapsed": 5730.433900594711, "delta": 16.42696738243103}, "costs": {"total_cost": 182.53001576745743, "time_cost": 68.536, "final_distance_cost": 1.8096938775986229, "oscillation_cost": 38.56978378572907, "completition_cost": 0.0, "overshoot_cost": 50.247141307965634, "power_cost": 12.248519226074219, "noise_cost": 11.118877570089877, "n_waypoints_completed": 9, "tot_waypoints": 9}}
{"target": -183.66943023793917, "params": {"k_pid_pos": [1.4698128353043505, 0.024859491386256316, 0.11401919133455096], "k_pid_alt": [1.2679502233621702, 0.0, 0.1], "k_pid_att": [94.03514125381805, 1.0, 0.9274604585040267], "k_pid_yaw": [0.5, 1e-06, 0.1], "k_pid_hsp": [1.0, 0.01, 0.01], "k_pid_vsp": [111.20884264032553, 93.09285943774285, 1.0]}, "datetime": {"datetime": "2025-08-20 13:28:13", "elapsed": 5748.2018430233, "delta": 17.767942428588867}, "costs": {"total_cost": 183.66943023793917, "time_cost": 68.744, "final_distance_cost": 1.8095891275857532, "oscillation_cost": 39.35272485938593, "completition_cost": 0.0, "overshoot_cost": 50.503678177361664, "power_cost": 12.082669409179688, "noise_cost": 11.176768664426131, "n_waypoints_completed": 9, "tot_waypoints": 9}}
{"target": -185.2670460122475, "params": {"k_pid_pos": [1.849624377781123, 0.024859491386256316, 0.44963268842268056], "k_pid_alt": [1.296896341175293, 0.0, 0.8361997509577753], "k_pid_att": [19.462821160492226, 4.452622529689853, 0.737857181360408], "k_pid_yaw": [0.5, 1e-06, 0.1], "k_pid_hsp": [1.0, 0.01, 0.01], "k_pid_vsp": [111.20884264032553, 139.20520652041523, 1.0]}, "datetime": {"datetime": "2025-08-20 13:28:32", "elapsed": 5766.719045639038, "delta": 18.517202615737915}, "costs": {"total_cost": 185.2670460122475, "time_cost": 70.944, "final_distance_cost": 1.7984676792008991, "oscillation_cost": 37.66746531935103, "completition_cost": 0.0, "overshoot_cost": 50.36145627965783, "power_cost": 12.996700512695313, "noise_cost": 11.498956221342402, "n_waypoints_completed": 9, "tot_waypoints": 9}}
{"target": -204.9775623137143, "params": {"k_pid_pos": [1.8624793477566346, 0.04925411992759399, 0.6830149564489978], "k_pid_alt": [1.4458679973838424, 0.0, 0.06527723447865985], "k_pid_att": [58.989274729095186, 1.0, 0.004857337777279036], "k_pid_yaw": [0.5, 1e-06, 0.1], "k_pid_hsp": [1.0, 0.01, 0.01], "k_pid_vsp": [150.0, 307.0029666248519, 1.0]}, "datetime": {"datetime": "2025-08-20 13:28:48", "elapsed": 5782.979169130325, "delta": 16.26012349128723}, "costs": {"total_cost": 204.9775623137143, "time_cost": 68.888, "final_distance_cost": 1.8335051488393121, "oscillation_cost": 60.70289476988687, "completition_cost": 0.0, "overshoot_cost": 49.7685234549457, "power_cost": 12.326848168945313, "noise_cost": 11.45779077109711, "n_waypoints_completed": 9, "tot_waypoints": 9}}
{"target": -213.01197256476803, "params": {"k_pid_pos": [1.4698128353043505, 0.024859491386256316, 0.007456431423803034], "k_pid_alt": [1.2679502233621702, 0.5247951503334181, 0.1], "k_pid_att": [94.03514125381805, 1.0, 0.9274604585040267], "k_pid_yaw": [0.5, 1e-06, 0.1], "k_pid_hsp": [1.0, 0.01, 0.01], "k_pid_vsp": [111.20884264032553, 93.09285943774285, 1.0]}, "datetime": {"datetime": "2025-08-20 13:29:07", "elapsed": 5802.0834856033325, "delta": 19.104316473007202}, "costs": {"total_cost": 213.01197256476803, "time_cost": 79.664, "final_distance_cost": 1.7475107097530358, "oscillation_cost": 53.76720045436995, "completition_cost": 0.0, "overshoot_cost": 51.77004642307703, "power_cost": 13.803086279296876, "noise_cost": 12.26012869827116, "n_waypoints_completed": 9, "tot_waypoints": 9}}
{"target": -230.6829392650167, "params": {"k_pid_pos": [1.4698128353043505, 0.024859491386256316, 0.11401919133455096], "k_pid_alt": [1.2679502233621702, 0.0, 0.1], "k_pid_att": [66.62171653053798, 1.0, 0.9274604585040267], "k_pid_yaw": [0.5, 1e-06, 0.1], "k_pid_hsp": [1.0, 0.029631885976391104, 0.16861876183156788], "k_pid_vsp": [111.20884264032553, 93.09285943774285, 1.0]}, "datetime": {"datetime": "2025-08-20 13:29:26", "elapsed": 5820.5387670993805, "delta": 18.455281496047974}, "costs": {"total_cost": 230.6829392650167, "time_cost": 74.008, "final_distance_cost": 1.7517752038408088, "oscillation_cost": 73.55385300329475, "completition_cost": 0.0, "overshoot_cost": 54.516532716887724, "power_cost": 14.339606445312501, "noise_cost": 12.513171895680928, "n_waypoints_completed": 9, "tot_waypoints": 9}}
{"target": -187.13295790019853, "params": {"k_pid_pos": [1.8624793477566346, 0.04925411992759399, 0.6830149564489978], "k_pid_alt": [1.4458679973838424, 0.0, 0.8361997509577753], "k_pid_att": [19.462821160492226, 7.212729332224264, 0.737857181360408], "k_pid_yaw": [0.5, 1e-06, 0.1], "k_pid_hsp": [1.0, 0.01, 0.01], "k_pid_vsp": [175.8349501205355, 139.20520652041523, 1.0]}, "datetime": {"datetime": "2025-08-20 13:29:42", "elapsed": 5837.406032562256, "delta": 16.867265462875366}, "costs": {"total_cost": 187.13295790019853, "time_cost": 70.688, "final_distance_cost": 1.8282521851050635, "oscillation_cost": 39.8392768486134, "completition_cost": 0.0, "overshoot_cost": 50.319025975896366, "power_cost": 12.903972204589845, "noise_cost": 11.55443068599384, "n_waypoints_completed": 9, "tot_waypoints": 9}}
{"target": -191.1839232706331, "params": {"k_pid_pos": [1.8624793477566346, 0.04925411992759399, 0.6830149564489978], "k_pid_alt": [1.4458679973838424, 0.0, 0.1], "k_pid_att": [20.0, 1.0, 0.20230861884209816], "k_pid_yaw": [0.5, 1e-06, 0.1], "k_pid_hsp": [1.394059891471576, 0.01, 0.01], "k_pid_vsp": [111.20884264032553, 139.20520652041523, 1.0]}, "datetime": {"datetime": "2025-08-20 13:30:00", "elapsed": 5854.556198120117, "delta": 17.150165557861328}, "costs": {"total_cost": 191.1839232706331, "time_cost": 68.768, "final_distance_cost": 1.8232188031106884, "oscillation_cost": 46.63380380401627, "completition_cost": 0.0, "overshoot_cost": 49.92423359082352, "power_cost": 12.592965087890626, "noise_cost": 11.441701984791985, "n_waypoints_completed": 9, "tot_waypoints": 9}}
{"target": -234.80527886837305, "params": {"k_pid_pos": [1.8624793477566346, 0.7600717815435403, 0.11401919133455096], "k_pid_alt": [1.2288065021286403, 0.0, 0.1], "k_pid_att": [94.03514125381805, 1.0, 0.9274604585040267], "k_pid_yaw": [0.5, 1e-06, 0.1], "k_pid_hsp": [1.0, 0.01, 0.01], "k_pid_vsp": [111.20884264032553, 93.09285943774285, 1.0]}, "datetime": {"datetime": "2025-08-20 13:30:22", "elapsed": 5877.161459445953, "delta": 22.60526132583618}, "costs": {"total_cost": 234.80527886837305, "time_cost": 89.272, "final_distance_cost": 1.6978017222129667, "oscillation_cost": 54.78906151510683, "completition_cost": 0.0, "overshoot_cost": 56.99766277229237, "power_cost": 17.23183995361328, "noise_cost": 14.816912905147603, "n_waypoints_completed": 9, "tot_waypoints": 9}}
{"target": -181.61196504985168, "params": {"k_pid_pos": [1.4698128353043505, 0.024859491386256316, 0.11401919133455096], "k_pid_alt": [1.2679502233621702, 0.0, 0.1], "k_pid_att": [43.948176657889235, 1.0, 0.9274604585040267], "k_pid_yaw": [0.5, 1e-06, 0.1], "k_pid_hsp": [1.0, 0.01, 0.01], "k_pid_vsp": [150.0, 307.0029666248519, 1.0]}, "datetime": {"datetime": "2025-08-20 13:30:39", "elapsed": 5894.042658090591, "delta": 16.88119864463806}, "costs": {"total_cost": 181.61196504985168, "time_cost": 68.512, "final_distance_cost": 1.8056572823648742, "oscillation_cost": 37.517097350675485, "completition_cost": 0.0, "overshoot_cost": 49.940026926796484, "power_cost": 12.557937060546875, "noise_cost": 11.279246429467978, "n_waypoints_completed": 9, "tot_waypoints": 9}}
{"target": -187.71975921145022, "params": {"k_pid_pos": [1.4698128353043505, 0.03988560271314401, 0.11401919133455096], "k_pid_alt": [1.2679502233621702, 0.0, 0.06527723447865985], "k_pid_att": [58.989274729095186, 1.0, 0.004857337777279036], "k_pid_yaw": [0.5, 1e-06, 0.1], "k_pid_hsp": [1.0, 0.01, 0.01], "k_pid_vsp": [111.20884264032553, 93.09285943774285, 1.0]}, "datetime": {"datetime": "2025-08-20 13:30:56", "elapsed": 5910.6607258319855, "delta": 16.618067741394043}, "costs": {"total_cost": 187.71975921145022, "time_cost": 68.648, "final_distance_cost": 1.7871785647056824, "oscillation_cost": 43.31114211667942, "completition_cost": 0.0, "overshoot_cost": 50.12840867143772, "power_cost": 12.471699560546876, "noise_cost": 11.373330298080521, "n_waypoints_completed": 9, "tot_waypoints": 9}}
{"target": -192.12057598377214, "params": {"k_pid_pos": [1.4698128353043505, 0.024859491386256316, 0.11401919133455096], "k_pid_alt": [1.2679502233621702, 0.0, 0.1], "k_pid_att": [20.0, 1.0, 0.20230861884209816], "k_pid_yaw": [0.5, 1e-06, 0.1], "k_pid_hsp": [1.394059891471576, 0.01, 0.01], "k_pid_vsp": [176.4074495617074, 10.0, 1.0]}, "datetime": {"datetime": "2025-08-20 13:31:13", "elapsed": 5928.284195661545, "delta": 17.623469829559326}, "costs": {"total_cost": 192.12057598377214, "time_cost": 69.896, "final_distance_cost": 1.7739598837570791, "oscillation_cost": 44.55492483540332, "completition_cost": 0.0, "overshoot_cost": 51.249075898628675, "power_cost": 12.946227282714844, "noise_cost": 11.700388083268205, "n_waypoints_completed": 9, "tot_waypoints": 9}}
{"target": -507.3200559610655, "params": {"k_pid_pos": [1.8624793477566346, 0.04925411992759399, 0.17439171782304852], "k_pid_alt": [0.38422844849842264, 0.5042103016788663, 0.1], "k_pid_att": [66.62171653053798, 1.0, 0.6738911544076371], "k_pid_yaw": [0.5, 1e-06, 0.1], "k_pid_hsp": [8.661717691134358, 0.5304751232566325, 0.01], "k_pid_vsp": [111.20884264032553, 93.09285943774285, 1.0]}, "datetime": {"datetime": "2025-08-20 13:31:38", "elapsed": 5953.279278039932, "delta": 24.99508237838745}, "costs": {"total_cost": 507.3200559610655, "time_cost": 150, "final_distance_cost": 63.273929613845795, "oscillation_cost": 94.79694457076705, "completition_cost": 111.11111111111116, "overshoot_cost": 54.621713505893354, "power_cost": 17.643788427734375, "noise_cost": 15.87256873171384, "n_waypoints_completed": 8, "tot_waypoints": 9}}
{"target": -216.64044135947236, "params": {"k_pid_pos": [1.4698128353043505, 0.024859491386256316, 0.11401919133455096], "k_pid_alt": [1.2679502233621702, 0.0, 0.1], "k_pid_att": [94.03514125381805, 1.0, 0.9274604585040267], "k_pid_yaw": [0.5, 1e-06, 0.1], "k_pid_hsp": [0.520982540819403, 0.01, 0.07318069058095955], "k_pid_vsp": [111.20884264032553, 93.09285943774285, 1.0]}, "datetime": {"datetime": "2025-08-20 13:31:56", "elapsed": 5971.480023622513, "delta": 18.200745582580566}, "costs": {"total_cost": 216.64044135947236, "time_cost": 74.368, "final_distance_cost": 1.7958127117455762, "oscillation_cost": 60.443382318230604, "completition_cost": 0.0, "overshoot_cost": 54.695915945943874, "power_cost": 13.28602781982422, "noise_cost": 12.051302563728068, "n_waypoints_completed": 9, "tot_waypoints": 9}}
{"target": -221.44617613452166, "params": {"k_pid_pos": [1.4698128353043505, 0.024859491386256316, 0.11401919133455096], "k_pid_alt": [1.2679502233621702, 0.29284683925470867, 0.1], "k_pid_att": [66.62171653053798, 1.0, 0.1029313237952636], "k_pid_yaw": [0.5, 1e-06, 0.1], "k_pid_hsp": [1.0, 0.029631885976391104, 0.01], "k_pid_vsp": [77.18977670713754, 93.09285943774285, 1.0]}, "datetime": {"datetime": "2025-08-20 13:32:15", "elapsed": 5990.14678478241, "delta": 18.66676115989685}, "costs": {"total_cost": 221.44617613452166, "time_cost": 79.208, "final_distance_cost": 1.7615910689729195, "oscillation_cost": 62.32096558370816, "completition_cost": 0.0, "overshoot_cost": 51.47946096734413, "power_cost": 14.256456982421875, "noise_cost": 12.419701532074624, "n_waypoints_completed": 9, "tot_waypoints": 9}}
{"target": -189.46663754272998, "params": {"k_pid_pos": [1.4698128353043505, 0.024859491386256316, 0.11401919133455096], "k_pid_alt": [1.2679502233621702, 0.0, 0.1], "k_pid_att": [19.462821160492226, 7.212729332224264, 0.48922906718999004], "k_pid_yaw": [0.5, 1e-06, 0.1], "k_pid_hsp": [6.779068060256637, 0.01, 0.01], "k_pid_vsp": [111.20884264032553, 93.09285943774285, 1.0]}, "datetime": {"datetime": "2025-08-20 13:32:31", "elapsed": 6006.399800777435, "delta": 16.253015995025635}, "costs": {"total_cost": 189.46663754272998, "time_cost": 68.68, "final_distance_cost": 1.8211611243408834, "oscillation_cost": 46.77545547201607, "completition_cost": 0.0, "overshoot_cost": 49.71399844187379, "power_cost": 11.475968334960939, "noise_cost": 11.000054169538254, "n_waypoints_completed": 9, "tot_waypoints": 9}}
{"target": -598.6479883297013, "params": {"k_pid_pos": [1.849624377781123, 0.258121499649558, 0.44963268842268056], "k_pid_alt": [1.1302962253917743, 0.0, 0.8361997509577753], "k_pid_att": [94.03514125381805, 1.0, 0.9274604585040267], "k_pid_yaw": [0.5, 1e-06, 0.1], "k_pid_hsp": [1.0, 0.01, 0.01], "k_pid_vsp": [111.20884264032553, 93.09285943774285, 131.1523689840326]}, "datetime": {"datetime": "2025-08-20 13:32:55", "elapsed": 6029.9831738471985, "delta": 23.583373069763184}, "costs": {"total_cost": 598.6479883297013, "time_cost": 150, "final_distance_cost": 76.37095565404101, "oscillation_cost": 60.9974849263369, "completition_cost": 222.2222222222222, "overshoot_cost": 62.46379259186451, "power_cost": 14.49297255859375, "noise_cost": 12.100560376642907, "n_waypoints_completed": 7, "tot_waypoints": 9}}
{"target": -187.49934780836895, "params": {"k_pid_pos": [1.849624377781123, 0.024859491386256316, 0.44963268842268056], "k_pid_alt": [1.1302962253917743, 0.0, 0.8361997509577753], "k_pid_att": [19.462821160492226, 5.9521973635976435, 0.737857181360408], "k_pid_yaw": [0.5, 1e-06, 0.1], "k_pid_hsp": [1.0, 0.01, 0.01], "k_pid_vsp": [111.20884264032553, 139.20520652041523, 1.0]}, "datetime": {"datetime": "2025-08-20 13:33:12", "elapsed": 6046.650339126587, "delta": 16.667165279388428}, "costs": {"total_cost": 187.49934780836895, "time_cost": 72.152, "final_distance_cost": 1.8335961821588085, "oscillation_cost": 38.59773525279048, "completition_cost": 0.0, "overshoot_cost": 49.89979044959117, "power_cost": 13.353655480957032, "noise_cost": 11.66257044287147, "n_waypoints_completed": 9, "tot_waypoints": 9}}
{"target": -182.08285855576855, "params": {"k_pid_pos": [1.4698128353043505, 0.024859491386256316, 0.11401919133455096], "k_pid_alt": [1.2679502233621702, 0.0, 0.1], "k_pid_att": [66.62171653053798, 1.0, 0.9274604585040267], "k_pid_yaw": [0.5, 1e-06, 0.1], "k_pid_hsp": [1.0, 0.029631885976391104, 0.01], "k_pid_vsp": [111.20884264032553, 221.6078012742647, 1.0]}, "datetime": {"datetime": "2025-08-20 13:33:28", "elapsed": 6062.751474618912, "delta": 16.10113549232483}, "costs": {"total_cost": 182.08285855576855, "time_cost": 68.512, "final_distance_cost": 1.7956122364561096, "oscillation_cost": 37.99528523839008, "completition_cost": 0.0, "overshoot_cost": 50.15743010538646, "power_cost": 12.436513598632812, "noise_cost": 11.18601737690311, "n_waypoints_completed": 9, "tot_waypoints": 9}}
{"target": -207.97386807157807, "params": {"k_pid_pos": [1.849624377781123, 0.024859491386256316, 0.11401919133455096], "k_pid_alt": [1.2679502233621702, 0.0, 0.1], "k_pid_att": [66.62171653053798, 1.0, 0.9274604585040267], "k_pid_yaw": [0.5, 1e-06, 0.1], "k_pid_hsp": [9.179433221978535, 0.029631885976391104, 0.01], "k_pid_vsp": [253.67328615807344, 93.09285943774285, 58.10898780114173]}, "datetime": {"datetime": "2025-08-20 13:33:44", "elapsed": 6078.635620594025, "delta": 15.884145975112915}, "costs": {"total_cost": 207.97386807157807, "time_cost": 69.104, "final_distance_cost": 1.8031533594895468, "oscillation_cost": 56.77802829408595, "completition_cost": 0.0, "overshoot_cost": 50.76943486985506, "power_cost": 16.892056005859377, "noise_cost": 12.627195542288119, "n_waypoints_completed": 9, "tot_waypoints": 9}}
