{"target": -178.45702819592051, "params": {"k_pid_pos": [1.4698128353043505, 0.024859491386256316, 0.3434561031905483], "k_pid_alt": [1.2679502233621702, 0.0, 0.1], "k_pid_att": [43.948176657889235, 1.4953935029224072, 0.9274604585040267], "k_pid_yaw": [0.5, 1e-06, 0.1], "k_pid_hsp": [2.82373402557605, 0.01, 0.01], "k_pid_vsp": [111.20884264032553, 102.7157397860675, 1.0]}, "datetime": {"datetime": "2025-08-20 21:22:29", "elapsed": 34204.441613674164, "delta": 15.3190279006958}, "costs": {"total_cost": 178.45702819592051, "time_cost": 69.176, "final_distance_cost": 1.8304657872798449, "oscillation_cost": 34.87935557169996, "completition_cost": 0.0, "overshoot_cost": 50.334051744475865, "power_cost": 11.217025085449219, "noise_cost": 11.0201300070156, "n_waypoints_completed": 9, "tot_waypoints": 9}}
{"target": -1034.4703224769037, "params": {"k_pid_pos": [1.4698128353043505, 0.024859491386256316, 0.3434561031905483], "k_pid_alt": [1.2679502233621702, 0.0, 0.1], "k_pid_att": [43.948176657889235, 1.326856224425946, 0.9274604585040267], "k_pid_yaw": [0.5, 1e-06, 0.1], "k_pid_hsp": [2.82373402557605, 0.01, 0.01], "k_pid_vsp": [111.20884264032553, 102.7157397860675, 134.18887080171567]}, "datetime": {"datetime": "2025-08-20 21:22:53", "elapsed": 34227.59844636917, "delta": 23.156832695007324}, "costs": {"total_cost": 1034.4703224769037, "time_cost": 150, "final_distance_cost": 59.663292472033355, "oscillation_cost": 43.68303417987317, "completition_cost": 666.6666666666667, "overshoot_cost": 59.79695430348518, "power_cost": 32.360287902832034, "noise_cost": 22.300086952013167, "n_waypoints_completed": 3, "tot_waypoints": 9}}
{"target": -179.83362373928298, "params": {"k_pid_pos": [1.4698128353043505, 0.024859491386256316, 0.3434561031905483], "k_pid_alt": [1.2679502233621702, 0.0, 0.25938735764965193], "k_pid_att": [43.948176657889235, 1.326856224425946, 0.9274604585040267], "k_pid_yaw": [0.5, 1e-06, 0.1], "k_pid_hsp": [2.82373402557605, 0.01, 0.01], "k_pid_vsp": [111.20884264032553, 102.7157397860675, 1.0]}, "datetime": {"datetime": "2025-08-20 21:23:08", "elapsed": 34242.59265422821, "delta": 14.994207859039307}, "costs": {"total_cost": 179.83362373928298, "time_cost": 69.52, "final_distance_cost": 1.8294413548798742, "oscillation_cost": 36.47559354377669, "completition_cost": 0.0, "overshoot_cost": 49.770452931774216, "power_cost": 11.247829956054687, "noise_cost": 10.990305952797527, "n_waypoints_completed": 9, "tot_waypoints": 9}}
{"target": -180.61203112667977, "params": {"k_pid_pos": [1.4698128353043505, 0.024859491386256316, 0.416330797462678], "k_pid_alt": [1.2679502233621702, 0.0, 0.1], "k_pid_att": [43.948176657889235, 3.774725226961977, 0.9274604585040267], "k_pid_yaw": [0.5, 1e-06, 0.1], "k_pid_hsp": [2.82373402557605, 0.01, 0.01], "k_pid_vsp": [353.17003117669674, 102.7157397860675, 1.0]}, "datetime": {"datetime": "2025-08-20 21:23:25", "elapsed": 34259.69446468353, "delta": 17.101810455322266}, "costs": {"total_cost": 180.61203112667977, "time_cost": 69.744, "final_distance_cost": 1.8397026106591179, "oscillation_cost": 36.756146782713785, "completition_cost": 0.0, "overshoot_cost": 49.92510751046912, "power_cost": 11.230211791992188, "noise_cost": 11.116862430845577, "n_waypoints_completed": 9, "tot_waypoints": 9}}
{"target": -241.58788796059312, "params": {"k_pid_pos": [1.9024756402269658, 0.9737616190427607, 0.3434561031905483], "k_pid_alt": [1.2679502233621702, 0.0, 0.1], "k_pid_att": [43.948176657889235, 1.1166001057131414, 0.9274604585040267], "k_pid_yaw": [0.5, 1e-06, 0.1], "k_pid_hsp": [8.246411399521614, 0.01, 0.01], "k_pid_vsp": [111.20884264032553, 102.7157397860675, 1.0]}, "datetime": {"datetime": "2025-08-20 21:23:45", "elapsed": 34280.26590967178, "delta": 20.571444988250732}, "costs": {"total_cost": 241.58788796059312, "time_cost": 91.128, "final_distance_cost": 1.7767138406084897, "oscillation_cost": 61.55206481925456, "completition_cost": 0.0, "overshoot_cost": 55.95737400547046, "power_cost": 16.705891125488282, "noise_cost": 14.467844169771318, "n_waypoints_completed": 9, "tot_waypoints": 9}}
{"target": -181.95164627645494, "params": {"k_pid_pos": [1.4698128353043505, 0.024859491386256316, 0.31521214959827404], "k_pid_alt": [1.2679502233621702, 0.0, 0.5177588050443718], "k_pid_att": [43.948176657889235, 1.1166001057131414, 0.9274604585040267], "k_pid_yaw": [0.5, 1e-06, 0.1], "k_pid_hsp": [1.8683835514128975, 0.01, 0.01], "k_pid_vsp": [111.20884264032553, 102.7157397860675, 1.0]}, "datetime": {"datetime": "2025-08-20 21:24:00", "elapsed": 34295.392993450165, "delta": 15.127083778381348}, "costs": {"total_cost": 181.95164627645494, "time_cost": 70.288, "final_distance_cost": 1.8256884621961182, "oscillation_cost": 36.70439354635226, "completition_cost": 0.0, "overshoot_cost": 50.00736778297473, "power_cost": 11.944853649902344, "noise_cost": 11.181342835029492, "n_waypoints_completed": 9, "tot_waypoints": 9}}
{"target": -182.09962671844556, "params": {"k_pid_pos": [1.6397186260693044, 0.19767101818116828, 0.37255195504867966], "k_pid_alt": [1.2679502233621702, 0.0, 0.07444874772262577], "k_pid_att": [43.948176657889235, 8.364114875200539, 0.9274604585040267], "k_pid_yaw": [0.5, 1e-06, 0.1], "k_pid_hsp": [2.82373402557605, 0.01, 0.01], "k_pid_vsp": [18.79289508575375, 102.7157397860675, 1.0]}, "datetime": {"datetime": "2025-08-20 21:24:17", "elapsed": 34311.54671049118, "delta": 16.153717041015625}, "costs": {"total_cost": 182.09962671844556, "time_cost": 69.06400000000001, "final_distance_cost": 1.7572427336408745, "oscillation_cost": 37.84555156570244, "completition_cost": 0.0, "overshoot_cost": 50.252449990887115, "power_cost": 12.10403602294922, "noise_cost": 11.076346405265888, "n_waypoints_completed": 9, "tot_waypoints": 9}}
{"target": -178.6097450500126, "params": {"k_pid_pos": [1.4698128353043505, 0.024859491386256316, 0.3434561031905483], "k_pid_alt": [1.2679502233621702, 0.0, 0.1], "k_pid_att": [43.948176657889235, 1.326856224425946, 0.9274604585040267], "k_pid_yaw": [0.5, 1e-06, 0.1], "k_pid_hsp": [2.82373402557605, 0.01, 0.01066281316812523], "k_pid_vsp": [159.45001298599757, 157.8230240226632, 1.0]}, "datetime": {"datetime": "2025-08-20 21:24:32", "elapsed": 34327.48048996925, "delta": 15.93377947807312}, "costs": {"total_cost": 178.6097450500126, "time_cost": 69.176, "final_distance_cost": 1.8426116864092803, "oscillation_cost": 34.99502246282919, "completition_cost": 0.0, "overshoot_cost": 50.206630479988874, "power_cost": 11.310668579101563, "noise_cost": 11.078811841683692, "n_waypoints_completed": 9, "tot_waypoints": 9}}
{"target": -178.87822759912342, "params": {"k_pid_pos": [1.4698128353043505, 0.024859491386256316, 0.3434561031905483], "k_pid_alt": [1.2679502233621702, 0.0, 0.1], "k_pid_att": [43.948176657889235, 1.1166001057131414, 0.9274604585040267], "k_pid_yaw": [0.5, 1e-06, 0.1], "k_pid_hsp": [2.82373402557605, 0.01, 0.01], "k_pid_vsp": [111.20884264032553, 102.7157397860675, 1.0]}, "datetime": {"datetime": "2025-08-20 21:24:49", "elapsed": 34344.158687353134, "delta": 16.678197383880615}, "costs": {"total_cost": 178.87822759912342, "time_cost": 69.184, "final_distance_cost": 1.8378687669233456, "oscillation_cost": 35.47753792921694, "completition_cost": 0.0, "overshoot_cost": 50.3037701585096, "power_cost": 11.113049768066407, "noise_cost": 10.962000976407118, "n_waypoints_completed": 9, "tot_waypoints": 9}}
{"target": -188.2909140513528, "params": {"k_pid_pos": [1.4698128353043505, 0.024859491386256316, 0.9029480546018064], "k_pid_alt": [1.2679502233621702, 0.0, 0.07444874772262577], "k_pid_att": [43.948176657889235, 3.4126860594551975, 0.9274604585040267], "k_pid_yaw": [0.5, 1e-06, 0.1], "k_pid_hsp": [2.82373402557605, 0.01, 0.01], "k_pid_vsp": [18.79289508575375, 102.7157397860675, 1.0]}, "datetime": {"datetime": "2025-08-20 21:25:04", "elapsed": 34359.302111148834, "delta": 15.143423795700073}, "costs": {"total_cost": 188.2909140513528, "time_cost": 70.856, "final_distance_cost": 1.8509190561369102, "oscillation_cost": 41.78129286491006, "completition_cost": 0.0, "overshoot_cost": 49.88218572464081, "power_cost": 12.186992529296875, "noise_cost": 11.733523876368137, "n_waypoints_completed": 9, "tot_waypoints": 9}}
{"target": -184.3136939087395, "params": {"k_pid_pos": [1.6397186260693044, 0.19767101818116828, 0.37255195504867966], "k_pid_alt": [1.2679502233621702, 0.0, 0.1], "k_pid_att": [43.948176657889235, 1.326856224425946, 0.9274604585040267], "k_pid_yaw": [0.5, 1e-06, 0.1], "k_pid_hsp": [3.3407491389443256, 0.01, 0.01], "k_pid_vsp": [111.20884264032553, 102.7157397860675, 1.0]}, "datetime": {"datetime": "2025-08-20 21:25:21", "elapsed": 34376.28934621811, "delta": 16.987235069274902}, "costs": {"total_cost": 184.3136939087395, "time_cost": 69.28, "final_distance_cost": 1.7918425037167953, "oscillation_cost": 40.697451027854214, "completition_cost": 0.0, "overshoot_cost": 50.392973461203454, "power_cost": 11.254423352050782, "noise_cost": 10.897003563914264, "n_waypoints_completed": 9, "tot_waypoints": 9}}
{"target": -197.1999831547141, "params": {"k_pid_pos": [1.4698128353043505, 0.024859491386256316, 0.3434561031905483], "k_pid_alt": [1.2679502233621702, 0.0, 0.19998319442575607], "k_pid_att": [43.948176657889235, 7.759679484325445, 0.9274604585040267], "k_pid_yaw": [0.5, 1e-06, 0.1], "k_pid_hsp": [2.82373402557605, 0.5193865039718747, 0.01], "k_pid_vsp": [111.20884264032553, 102.7157397860675, 14.06315075987657]}, "datetime": {"datetime": "2025-08-20 21:25:36", "elapsed": 34391.47954273224, "delta": 15.190196514129639}, "costs": {"total_cost": 197.1999831547141, "time_cost": 68.808, "final_distance_cost": 1.850890436682755, "oscillation_cost": 48.0859911843461, "completition_cost": 0.0, "overshoot_cost": 49.5134376459686, "power_cost": 16.43326680908203, "noise_cost": 12.508397078634601, "n_waypoints_completed": 9, "tot_waypoints": 9}}
{"target": -210.08971290060146, "params": {"k_pid_pos": [1.4698128353043505, 0.37359188225548623, 0.37255195504867966], "k_pid_alt": [1.5262749023082662, 0.7640032503607427, 0.1], "k_pid_att": [43.948176657889235, 3.4126860594551975, 0.9274604585040267], "k_pid_yaw": [0.5, 1e-06, 0.1], "k_pid_hsp": [2.82373402557605, 0.01, 0.01], "k_pid_vsp": [305.67975269326223, 102.7157397860675, 1.0]}, "datetime": {"datetime": "2025-08-20 21:25:56", "elapsed": 34410.847382068634, "delta": 19.367839336395264}, "costs": {"total_cost": 210.08971290060146, "time_cost": 82.68, "final_distance_cost": 1.7816266134318846, "oscillation_cost": 47.840178930502425, "completition_cost": 0.0, "overshoot_cost": 52.07168612193628, "power_cost": 13.529051867675783, "noise_cost": 12.18716936705512, "n_waypoints_completed": 9, "tot_waypoints": 9}}
{"target": -184.7504356805055, "params": {"k_pid_pos": [1.4698128353043505, 0.024859491386256316, 0.3434561031905483], "k_pid_alt": [1.2679502233621702, 0.0, 0.24963731093625008], "k_pid_att": [43.948176657889235, 1.326856224425946, 0.9274604585040267], "k_pid_yaw": [0.5, 1e-06, 0.1], "k_pid_hsp": [5.965584885969634, 0.01, 0.01], "k_pid_vsp": [111.20884264032553, 102.7157397860675, 1.0]}, "datetime": {"datetime": "2025-08-20 21:26:11", "elapsed": 34426.0518116951, "delta": 15.204429626464844}, "costs": {"total_cost": 184.7504356805055, "time_cost": 69.512, "final_distance_cost": 1.8385451143240734, "oscillation_cost": 41.69401838313735, "completition_cost": 0.0, "overshoot_cost": 49.52389683764093, "power_cost": 11.175264648437501, "noise_cost": 11.006710696965618, "n_waypoints_completed": 9, "tot_waypoints": 9}}
{"target": -179.3756863023575, "params": {"k_pid_pos": [1.4698128353043505, 0.024859491386256316, 0.3434561031905483], "k_pid_alt": [1.2679502233621702, 0.0, 0.1], "k_pid_att": [43.948176657889235, 1.1166001057131414, 0.9274604585040267], "k_pid_yaw": [0.5, 1e-06, 0.1], "k_pid_hsp": [1.8683835514128975, 0.01, 0.01], "k_pid_vsp": [104.30040172718557, 102.7157397860675, 1.0]}, "datetime": {"datetime": "2025-08-20 21:26:27", "elapsed": 34442.38450026512, "delta": 16.332688570022583}, "costs": {"total_cost": 179.3756863023575, "time_cost": 69.096, "final_distance_cost": 1.821944737269215, "oscillation_cost": 35.578346551365584, "completition_cost": 0.0, "overshoot_cost": 50.034169605686714, "power_cost": 11.722637915039064, "noise_cost": 11.122587492996942, "n_waypoints_completed": 9, "tot_waypoints": 9}}
{"target": -321.4334523183566, "params": {"k_pid_pos": [1.4698128353043505, 0.024859491386256316, 0.3434561031905483], "k_pid_alt": [1.2679502233621702, 0.0, 0.1], "k_pid_att": [43.948176657889235, 1.1166001057131414, 0.9274604585040267], "k_pid_yaw": [0.5, 1e-06, 0.1], "k_pid_hsp": [1.8683835514128975, 0.01, 0.9120886956177368], "k_pid_vsp": [111.20884264032553, 102.7157397860675, 1.0]}, "datetime": {"datetime": "2025-08-20 21:26:45", "elapsed": 34459.71225619316, "delta": 17.32775592803955}, "costs": {"total_cost": 321.4334523183566, "time_cost": 80.456, "final_distance_cost": 1.7428001770497488, "oscillation_cost": 147.56316365968183, "completition_cost": 0.0, "overshoot_cost": 61.05045100545089, "power_cost": 16.185675463867188, "noise_cost": 14.435362012306914, "n_waypoints_completed": 9, "tot_waypoints": 9}}
{"target": -177.6739252695265, "params": {"k_pid_pos": [1.4698128353043505, 0.024859491386256316, 0.3434561031905483], "k_pid_alt": [1.2679502233621702, 0.0, 0.1], "k_pid_att": [43.948176657889235, 1.326856224425946, 0.9274604585040267], "k_pid_yaw": [0.5, 1e-06, 0.1], "k_pid_hsp": [2.82373402557605, 0.01, 0.01], "k_pid_vsp": [111.20884264032553, 102.7157397860675, 1.0]}, "datetime": {"datetime": "2025-08-20 21:27:01", "elapsed": 34476.0815114975, "delta": 16.369255304336548}, "costs": {"total_cost": 177.6739252695265, "time_cost": 69.152, "final_distance_cost": 1.8262656886158488, "oscillation_cost": 34.33594552183275, "completition_cost": 0.0, "overshoot_cost": 50.065815663241324, "power_cost": 11.237653356933594, "noise_cost": 11.056245038902981, "n_waypoints_completed": 9, "tot_waypoints": 9}}
{"target": -177.6739252695265, "params": {"k_pid_pos": [1.4698128353043505, 0.024859491386256316, 0.3434561031905483], "k_pid_alt": [1.2679502233621702, 0.0, 0.1], "k_pid_att": [43.948176657889235, 1.326856224425946, 0.9274604585040267], "k_pid_yaw": [0.5, 1e-06, 0.1], "k_pid_hsp": [2.82373402557605, 0.01, 0.01], "k_pid_vsp": [111.20884264032553, 102.7157397860675, 1.0]}, "datetime": {"datetime": "2025-08-20 21:27:17", "elapsed": 34491.5248568058, "delta": 15.443345308303833}, "costs": {"total_cost": 177.6739252695265, "time_cost": 69.152, "final_distance_cost": 1.8262656886158488, "oscillation_cost": 34.33594552183275, "completition_cost": 0.0, "overshoot_cost": 50.065815663241324, "power_cost": 11.237653356933594, "noise_cost": 11.056245038902981, "n_waypoints_completed": 9, "tot_waypoints": 9}}
{"target": -177.6739252695265, "params": {"k_pid_pos": [1.4698128353043505, 0.024859491386256316, 0.3434561031905483], "k_pid_alt": [1.2679502233621702, 0.0, 0.1], "k_pid_att": [43.948176657889235, 1.326856224425946, 0.9274604585040267], "k_pid_yaw": [0.5, 1e-06, 0.1], "k_pid_hsp": [2.82373402557605, 0.01, 0.01], "k_pid_vsp": [111.20884264032553, 102.7157397860675, 1.0]}, "datetime": {"datetime": "2025-08-20 21:27:33", "elapsed": 34507.57364034653, "delta": 16.048783540725708}, "costs": {"total_cost": 177.6739252695265, "time_cost": 69.152, "final_distance_cost": 1.8262656886158488, "oscillation_cost": 34.33594552183275, "completition_cost": 0.0, "overshoot_cost": 50.065815663241324, "power_cost": 11.237653356933594, "noise_cost": 11.056245038902981, "n_waypoints_completed": 9, "tot_waypoints": 9}}
{"target": -182.36554798328095, "params": {"k_pid_pos": [1.4698128353043505, 0.024859491386256316, 0.416330797462678], "k_pid_alt": [1.2679502233621702, 0.0, 0.1], "k_pid_att": [43.948176657889235, 3.4126860594551975, 0.9274604585040267], "k_pid_yaw": [0.5, 1e-06, 0.1], "k_pid_hsp": [2.82373402557605, 0.0953687395585695, 0.01], "k_pid_vsp": [371.8706581382205, 102.7157397860675, 1.0]}, "datetime": {"datetime": "2025-08-20 21:27:48", "elapsed": 34522.741129398346, "delta": 15.167489051818848}, "costs": {"total_cost": 182.36554798328095, "time_cost": 69.57600000000001, "final_distance_cost": 1.8414179658002894, "oscillation_cost": 38.17977878104416, "completition_cost": 0.0, "overshoot_cost": 50.52722385146183, "power_cost": 11.213475195312501, "noise_cost": 11.02765218966214, "n_waypoints_completed": 9, "tot_waypoints": 9}}
{"target": -188.09870070183135, "params": {"k_pid_pos": [1.4698128353043505, 0.024859491386256316, 0.31521214959827404], "k_pid_alt": [1.2679502233621702, 0.0, 0.9944952565853343], "k_pid_att": [91.95156147363284, 8.592990512376142, 0.9274604585040267], "k_pid_yaw": [0.5, 1e-06, 0.1], "k_pid_hsp": [1.8683835514128975, 0.01, 0.01], "k_pid_vsp": [111.20884264032553, 102.7157397860675, 1.0]}, "datetime": {"datetime": "2025-08-20 21:28:05", "elapsed": 34539.867540836334, "delta": 17.12641143798828}, "costs": {"total_cost": 188.09870070183135, "time_cost": 72.496, "final_distance_cost": 1.8384583392702905, "oscillation_cost": 39.958061850302144, "completition_cost": 0.0, "overshoot_cost": 50.202686281208926, "power_cost": 12.179669995117187, "noise_cost": 11.423824235932807, "n_waypoints_completed": 9, "tot_waypoints": 9}}
{"target": -204.3219859443975, "params": {"k_pid_pos": [1.4698128353043505, 0.024859491386256316, 0.3434561031905483], "k_pid_alt": [1.2679502233621702, 0.0, 0.1], "k_pid_att": [43.948176657889235, 1.1166001057131414, 0.9274604585040267], "k_pid_yaw": [0.5, 1e-06, 0.1], "k_pid_hsp": [8.246411399521614, 0.01, 0.01], "k_pid_vsp": [111.20884264032553, 102.7157397860675, 1.0]}, "datetime": {"datetime": "2025-08-20 21:28:21", "elapsed": 34555.825565338135, "delta": 15.958024501800537}, "costs": {"total_cost": 204.3219859443975, "time_cost": 69.16, "final_distance_cost": 1.8350726068407777, "oscillation_cost": 59.899139430173534, "completition_cost": 0.0, "overshoot_cost": 50.25523168309058, "power_cost": 11.875695068359375, "noise_cost": 11.296847155933246, "n_waypoints_completed": 9, "tot_waypoints": 9}}
{"target": -235.88490592935278, "params": {"k_pid_pos": [1.9024756402269658, 0.9737616190427607, 0.3434561031905483], "k_pid_alt": [1.2679502233621702, 0.0, 0.1], "k_pid_att": [43.948176657889235, 1.326856224425946, 0.9274604585040267], "k_pid_yaw": [0.5, 1e-06, 0.1], "k_pid_hsp": [2.82373402557605, 0.01, 0.01], "k_pid_vsp": [111.20884264032553, 102.7157397860675, 1.0]}, "datetime": {"datetime": "2025-08-20 21:28:42", "elapsed": 34576.68434691429, "delta": 20.858781576156616}, "costs": {"total_cost": 235.88490592935278, "time_cost": 94.368, "final_distance_cost": 1.722461413166546, "oscillation_cost": 50.8059828148932, "completition_cost": 0.0, "overshoot_cost": 56.50980041857753, "power_cost": 17.448660705566407, "noise_cost": 15.030000577149119, "n_waypoints_completed": 9, "tot_waypoints": 9}}
{"target": -182.5483461930302, "params": {"k_pid_pos": [1.4698128353043505, 0.024859491386256316, 0.3434561031905483], "k_pid_alt": [1.2679502233621702, 0.0, 0.1], "k_pid_att": [43.948176657889235, 1.326856224425946, 0.9274604585040267], "k_pid_yaw": [0.5, 1e-06, 0.1], "k_pid_hsp": [2.82373402557605, 0.01, 0.01066281316812523], "k_pid_vsp": [303.00008221409286, 102.7157397860675, 1.0]}, "datetime": {"datetime": "2025-08-20 21:28:58", "elapsed": 34592.918474435806, "delta": 16.234127521514893}, "costs": {"total_cost": 182.5483461930302, "time_cost": 69.408, "final_distance_cost": 1.8385066086725865, "oscillation_cost": 38.49045365874128, "completition_cost": 0.0, "overshoot_cost": 50.500367068357725, "power_cost": 11.236741564941406, "noise_cost": 11.074277292317191, "n_waypoints_completed": 9, "tot_waypoints": 9}}
{"target": -181.43077766620166, "params": {"k_pid_pos": [1.4698128353043505, 0.024859491386256316, 0.3434561031905483], "k_pid_alt": [1.2679502233621702, 0.0, 0.1], "k_pid_att": [43.948176657889235, 1.326856224425946, 0.9274604585040267], "k_pid_yaw": [0.5, 1e-06, 0.1], "k_pid_hsp": [2.82373402557605, 0.4188489342674864, 0.01], "k_pid_vsp": [159.45001298599757, 157.8230240226632, 1.0]}, "datetime": {"datetime": "2025-08-20 21:29:13", "elapsed": 34608.18737196922, "delta": 15.268897533416748}, "costs": {"total_cost": 181.43077766620166, "time_cost": 68.856, "final_distance_cost": 1.8278213982886344, "oscillation_cost": 39.26128589004379, "completition_cost": 0.0, "overshoot_cost": 49.40865842742352, "power_cost": 11.2136390625, "noise_cost": 10.86337288794573, "n_waypoints_completed": 9, "tot_waypoints": 9}}
{"target": -207.7843645741693, "params": {"k_pid_pos": [1.4698128353043505, 0.024859491386256316, 0.00015202940505454343], "k_pid_alt": [1.2679502233621702, 0.2604200777612833, 0.1], "k_pid_att": [43.948176657889235, 3.5099664417117094, 0.9274604585040267], "k_pid_yaw": [0.5, 1e-06, 0.1], "k_pid_hsp": [2.82373402557605, 0.01, 0.01], "k_pid_vsp": [74.77564525577915, 102.7157397860675, 1.0]}, "datetime": {"datetime": "2025-08-20 21:29:34", "elapsed": 34628.626237392426, "delta": 20.438865423202515}, "costs": {"total_cost": 207.7843645741693, "time_cost": 79.34400000000001, "final_distance_cost": 1.7283225788886123, "oscillation_cost": 51.03408331209379, "completition_cost": 0.0, "overshoot_cost": 50.86013344106341, "power_cost": 12.968144042968751, "noise_cost": 11.849681199154698, "n_waypoints_completed": 9, "tot_waypoints": 9}}
