{"target": -177.6739252695265, "params": {"k_pid_pos": [1.4698128353043505, 0.024859491386256316, 0.3434561031905483], "k_pid_alt": [1.2679502233621702, 0.0, 0.1], "k_pid_att": [43.948176657889235, 1.326856224425946, 0.9274604585040267], "k_pid_yaw": [0.5, 1e-06, 0.1], "k_pid_hsp": [2.82373402557605, 0.01, 0.01], "k_pid_vsp": [111.20884264032553, 102.7157397860675, 1.0]}, "datetime": {"datetime": "2025-08-20 20:52:13", "elapsed": 32388.38099050522, "delta": 15.381805419921875}, "costs": {"total_cost": 177.6739252695265, "time_cost": 69.152, "final_distance_cost": 1.8262656886158488, "oscillation_cost": 34.33594552183275, "completition_cost": 0.0, "overshoot_cost": 50.065815663241324, "power_cost": 11.237653356933594, "noise_cost": 11.056245038902981, "n_waypoints_completed": 9, "tot_waypoints": 9}}
{"target": -177.6739252695265, "params": {"k_pid_pos": [1.4698128353043505, 0.024859491386256316, 0.3434561031905483], "k_pid_alt": [1.2679502233621702, 0.0, 0.1], "k_pid_att": [43.948176657889235, 1.326856224425946, 0.9274604585040267], "k_pid_yaw": [0.5, 1e-06, 0.1], "k_pid_hsp": [2.82373402557605, 0.01, 0.01], "k_pid_vsp": [111.20884264032553, 102.7157397860675, 1.0]}, "datetime": {"datetime": "2025-08-20 20:52:29", "elapsed": 32404.04415655136, "delta": 15.663166046142578}, "costs": {"total_cost": 177.6739252695265, "time_cost": 69.152, "final_distance_cost": 1.8262656886158488, "oscillation_cost": 34.33594552183275, "completition_cost": 0.0, "overshoot_cost": 50.065815663241324, "power_cost": 11.237653356933594, "noise_cost": 11.056245038902981, "n_waypoints_completed": 9, "tot_waypoints": 9}}
{"target": -177.6739252695265, "params": {"k_pid_pos": [1.4698128353043505, 0.024859491386256316, 0.3434561031905483], "k_pid_alt": [1.2679502233621702, 0.0, 0.1], "k_pid_att": [43.948176657889235, 1.326856224425946, 0.9274604585040267], "k_pid_yaw": [0.5, 1e-06, 0.1], "k_pid_hsp": [2.82373402557605, 0.01, 0.01], "k_pid_vsp": [111.20884264032553, 102.7157397860675, 1.0]}, "datetime": {"datetime": "2025-08-20 20:52:45", "elapsed": 32419.779990196228, "delta": 15.735833644866943}, "costs": {"total_cost": 177.6739252695265, "time_cost": 69.152, "final_distance_cost": 1.8262656886158488, "oscillation_cost": 34.33594552183275, "completition_cost": 0.0, "overshoot_cost": 50.065815663241324, "power_cost": 11.237653356933594, "noise_cost": 11.056245038902981, "n_waypoints_completed": 9, "tot_waypoints": 9}}
{"target": -185.1636791288862, "params": {"k_pid_pos": [1.4698128353043505, 0.024859491386256316, 0.7556978754244337], "k_pid_alt": [1.2679502233621702, 0.0, 0.09225839282971338], "k_pid_att": [43.948176657889235, 1.1166001057131414, 0.9274604585040267], "k_pid_yaw": [0.5, 1e-06, 0.1], "k_pid_hsp": [2.82373402557605, 0.01, 0.01], "k_pid_vsp": [111.20884264032553, 102.7157397860675, 1.0]}, "datetime": {"datetime": "2025-08-20 20:53:02", "elapsed": 32437.428499937057, "delta": 17.648509740829468}, "costs": {"total_cost": 185.1636791288862, "time_cost": 70.768, "final_distance_cost": 1.8401423211519348, "oscillation_cost": 39.525958413695385, "completition_cost": 0.0, "overshoot_cost": 50.23588081176529, "power_cost": 11.354360217285157, "noise_cost": 11.439337364988445, "n_waypoints_completed": 9, "tot_waypoints": 9}}
{"target": -197.33927251052464, "params": {"k_pid_pos": [1.4698128353043505, 0.024859491386256316, 0.3434561031905483], "k_pid_alt": [1.2679502233621702, 0.4911757657342978, 0.1], "k_pid_att": [43.948176657889235, 1.326856224425946, 0.9274604585040267], "k_pid_yaw": [0.5, 1e-06, 0.1], "k_pid_hsp": [2.82373402557605, 0.01, 0.01], "k_pid_vsp": [111.20884264032553, 102.7157397860675, 1.0]}, "datetime": {"datetime": "2025-08-20 20:53:19", "elapsed": 32454.06906437874, "delta": 16.640564441680908}, "costs": {"total_cost": 197.33927251052464, "time_cost": 75.696, "final_distance_cost": 1.7541775273329208, "oscillation_cost": 45.354106012887634, "completition_cost": 0.0, "overshoot_cost": 50.93142211874978, "power_cost": 12.262761669921876, "noise_cost": 11.340805181632431, "n_waypoints_completed": 9, "tot_waypoints": 9}}
{"target": -317.84387451671483, "params": {"k_pid_pos": [1.4698128353043505, 0.024859491386256316, 0.3434561031905483], "k_pid_alt": [1.2679502233621702, 0.0, 0.1], "k_pid_att": [43.948176657889235, 1.1166001057131414, 0.9274604585040267], "k_pid_yaw": [0.5, 1e-06, 0.1], "k_pid_hsp": [2.82373402557605, 0.01, 0.8785162863972618], "k_pid_vsp": [111.20884264032553, 102.7157397860675, 1.0]}, "datetime": {"datetime": "2025-08-20 20:53:37", "elapsed": 32472.021193742752, "delta": 17.952129364013672}, "costs": {"total_cost": 317.84387451671483, "time_cost": 80.60000000000001, "final_distance_cost": 1.780819632292021, "oscillation_cost": 149.29128688688238, "completition_cost": 0.0, "overshoot_cost": 56.518307112683516, "power_cost": 16.16781716308594, "noise_cost": 13.48564372177096, "n_waypoints_completed": 9, "tot_waypoints": 9}}
{"target": -216.26570909016738, "params": {"k_pid_pos": [1.4698128353043505, 0.7874051644805554, 0.3434561031905483], "k_pid_alt": [1.2679502233621702, 0.0, 0.1], "k_pid_att": [43.948176657889235, 1.1166001057131414, 0.9274604585040267], "k_pid_yaw": [0.5, 1e-06, 0.1], "k_pid_hsp": [2.82373402557605, 0.01, 0.01], "k_pid_vsp": [63.136911873539916, 102.7157397860675, 1.0]}, "datetime": {"datetime": "2025-08-20 20:53:57", "elapsed": 32491.796212673187, "delta": 19.77501893043518}, "costs": {"total_cost": 216.26570909016738, "time_cost": 85.688, "final_distance_cost": 1.7224889380969386, "oscillation_cost": 47.11496400984315, "completition_cost": 0.0, "overshoot_cost": 53.29477930383374, "power_cost": 14.838751086425782, "noise_cost": 13.60672575196775, "n_waypoints_completed": 9, "tot_waypoints": 9}}
{"target": -178.7969235491024, "params": {"k_pid_pos": [1.4698128353043505, 0.024859491386256316, 0.3434561031905483], "k_pid_alt": [1.2679502233621702, 0.0, 0.1], "k_pid_att": [43.948176657889235, 9.879664871039932, 0.9274604585040267], "k_pid_yaw": [0.5, 1e-06, 0.1], "k_pid_hsp": [2.82373402557605, 0.01, 0.01], "k_pid_vsp": [90.20309817429433, 102.7157397860675, 1.0]}, "datetime": {"datetime": "2025-08-20 20:54:11", "elapsed": 32506.469661712646, "delta": 14.673449039459229}, "costs": {"total_cost": 178.7969235491024, "time_cost": 69.128, "final_distance_cost": 1.8257570036514097, "oscillation_cost": 35.47181438409162, "completition_cost": 0.0, "overshoot_cost": 49.993926895466714, "power_cost": 11.310069982910157, "noise_cost": 11.067355282982486, "n_waypoints_completed": 9, "tot_waypoints": 9}}
{"target": -179.03853416273128, "params": {"k_pid_pos": [1.4698128353043505, 0.024859491386256316, 0.22876272759744842], "k_pid_alt": [1.2679502233621702, 0.0, 0.1], "k_pid_att": [43.948176657889235, 1.1166001057131414, 0.9274604585040267], "k_pid_yaw": [0.5, 1e-06, 0.1], "k_pid_hsp": [2.82373402557605, 0.01, 0.01], "k_pid_vsp": [111.20884264032553, 102.7157397860675, 1.0]}, "datetime": {"datetime": "2025-08-20 20:54:28", "elapsed": 32523.38619661331, "delta": 16.916534900665283}, "costs": {"total_cost": 179.03853416273128, "time_cost": 68.864, "final_distance_cost": 1.8306530374289023, "oscillation_cost": 35.969441073298576, "completition_cost": 0.0, "overshoot_cost": 50.12440683398147, "power_cost": 11.338374523925781, "noise_cost": 10.911658694096523, "n_waypoints_completed": 9, "tot_waypoints": 9}}
{"target": -177.6739252695265, "params": {"k_pid_pos": [1.4698128353043505, 0.024859491386256316, 0.3434561031905483], "k_pid_alt": [1.2679502233621702, 0.0, 0.1], "k_pid_att": [43.948176657889235, 1.326856224425946, 0.9274604585040267], "k_pid_yaw": [0.5, 1e-06, 0.1], "k_pid_hsp": [2.82373402557605, 0.01, 0.01], "k_pid_vsp": [111.20884264032553, 102.7157397860675, 1.0]}, "datetime": {"datetime": "2025-08-20 20:54:43", "elapsed": 32538.171624660492, "delta": 14.785428047180176}, "costs": {"total_cost": 177.6739252695265, "time_cost": 69.152, "final_distance_cost": 1.8262656886158488, "oscillation_cost": 34.33594552183275, "completition_cost": 0.0, "overshoot_cost": 50.065815663241324, "power_cost": 11.237653356933594, "noise_cost": 11.056245038902981, "n_waypoints_completed": 9, "tot_waypoints": 9}}
{"target": -1059.5888115733278, "params": {"k_pid_pos": [1.4698128353043505, 0.024859491386256316, 0.3434561031905483], "k_pid_alt": [0.7820495451630411, 0.0, 0.1], "k_pid_att": [43.948176657889235, 1.326856224425946, 0.9274604585040267], "k_pid_yaw": [0.5, 1e-06, 0.1], "k_pid_hsp": [2.82373402557605, 0.915123765919971, 0.01], "k_pid_vsp": [199.8732204904465, 130.53254854158118, 288.50949909299254]}, "datetime": {"datetime": "2025-08-20 20:55:06", "elapsed": 32561.416710853577, "delta": 23.245086193084717}, "costs": {"total_cost": 1059.5888115733278, "time_cost": 150, "final_distance_cost": 60.86751841085911, "oscillation_cost": 46.710890054337064, "completition_cost": 666.6666666666667, "overshoot_cost": 78.2754753620063, "power_cost": 31.684429895019534, "noise_cost": 25.383831184439046, "n_waypoints_completed": 3, "tot_waypoints": 9}}
{"target": -178.68845958254076, "params": {"k_pid_pos": [1.4698128353043505, 0.024859491386256316, 0.3434561031905483], "k_pid_alt": [1.2679502233621702, 0.0, 0.1], "k_pid_att": [43.948176657889235, 3.4126860594551975, 0.9274604585040267], "k_pid_yaw": [0.5, 1e-06, 0.1], "k_pid_hsp": [2.82373402557605, 0.01, 0.01], "k_pid_vsp": [111.20884264032553, 102.7157397860675, 1.0]}, "datetime": {"datetime": "2025-08-20 20:55:23", "elapsed": 32578.400585889816, "delta": 16.983875036239624}, "costs": {"total_cost": 178.68845958254076, "time_cost": 69.176, "final_distance_cost": 1.8322434393859444, "oscillation_cost": 35.11274181414861, "completition_cost": 0.0, "overshoot_cost": 50.27670671254896, "power_cost": 11.252723193359376, "noise_cost": 11.038044423097862, "n_waypoints_completed": 9, "tot_waypoints": 9}}
{"target": -283.74453971907747, "params": {"k_pid_pos": [1.4698128353043505, 0.024859491386256316, 0.3434561031905483], "k_pid_alt": [1.2679502233621702, 0.0, 0.1], "k_pid_att": [43.948176657889235, 1.326856224425946, 0.9274604585040267], "k_pid_yaw": [0.5, 1e-06, 0.1], "k_pid_hsp": [2.82373402557605, 0.01, 0.1821154888779204], "k_pid_vsp": [111.20884264032553, 62.95765988793378, 1.0]}, "datetime": {"datetime": "2025-08-20 20:55:40", "elapsed": 32594.87498140335, "delta": 16.474395513534546}, "costs": {"total_cost": 283.74453971907747, "time_cost": 75.112, "final_distance_cost": 1.8145858213947694, "oscillation_cost": 128.2935077302393, "completition_cost": 0.0, "overshoot_cost": 50.65967356686344, "power_cost": 14.961415966796876, "noise_cost": 12.903356633783073, "n_waypoints_completed": 9, "tot_waypoints": 9}}
{"target": -1481.9777526188823, "params": {"k_pid_pos": [1.4698128353043505, 0.024859491386256316, 0.3434561031905483], "k_pid_alt": [1.2679502233621702, 0.0, 0.5287082247908043], "k_pid_att": [21.562391753424215, 1.326856224425946, 0.9274604585040267], "k_pid_yaw": [0.5, 1e-06, 0.1], "k_pid_hsp": [4.249544071986334, 0.01, 0.01], "k_pid_vsp": [60.562912852454346, 102.7157397860675, 181.38069049668212]}, "datetime": {"datetime": "2025-08-20 20:56:03", "elapsed": 32618.13615679741, "delta": 23.261175394058228}, "costs": {"total_cost": 1481.9777526188823, "time_cost": 150, "final_distance_cost": 214.84426225860565, "oscillation_cost": 35.00356183481571, "completition_cost": 888.8888888888888, "overshoot_cost": 164.01018513403918, "power_cost": 13.244578271484375, "noise_cost": 15.986276231048583, "n_waypoints_completed": 1, "tot_waypoints": 9}}
{"target": -229.19946362553813, "params": {"k_pid_pos": [1.4698128353043505, 0.8036263173494688, 0.3434561031905483], "k_pid_alt": [1.5967479783170597, 0.47936494373462646, 0.1], "k_pid_att": [43.948176657889235, 6.732676819945704, 0.9274604585040267], "k_pid_yaw": [0.5, 1e-06, 0.1], "k_pid_hsp": [1.1779218432282734, 0.01, 0.01], "k_pid_vsp": [111.20884264032553, 102.7157397860675, 1.0]}, "datetime": {"datetime": "2025-08-20 20:56:25", "elapsed": 32639.94692826271, "delta": 21.810771465301514}, "costs": {"total_cost": 229.19946362553813, "time_cost": 92.19200000000001, "final_distance_cost": 1.773680206520606, "oscillation_cost": 50.41697766707065, "completition_cost": 0.0, "overshoot_cost": 53.916495629304094, "power_cost": 16.502720483398438, "noise_cost": 14.397589639244343, "n_waypoints_completed": 9, "tot_waypoints": 9}}
{"target": -223.35252704656475, "params": {"k_pid_pos": [0.4726195318321957, 0.024859491386256316, 0.3434561031905483], "k_pid_alt": [1.2679502233621702, 0.0, 0.1], "k_pid_att": [43.948176657889235, 3.4126860594551975, 0.39143200135910927], "k_pid_yaw": [0.5, 1e-06, 0.1], "k_pid_hsp": [2.82373402557605, 0.01, 0.01], "k_pid_vsp": [111.20884264032553, 102.7157397860675, 1.0]}, "datetime": {"datetime": "2025-08-20 20:56:45", "elapsed": 32660.29790687561, "delta": 20.35097861289978}, "costs": {"total_cost": 223.35252704656475, "time_cost": 90.656, "final_distance_cost": 1.8523226120227285, "oscillation_cost": 48.53587001409368, "completition_cost": 0.0, "overshoot_cost": 53.118825850350724, "power_cost": 14.032586730957032, "noise_cost": 15.156921839140564, "n_waypoints_completed": 9, "tot_waypoints": 9}}
{"target": -178.68845958254076, "params": {"k_pid_pos": [1.4698128353043505, 0.024859491386256316, 0.3434561031905483], "k_pid_alt": [1.2679502233621702, 0.0, 0.1], "k_pid_att": [43.948176657889235, 3.4126860594551975, 0.9274604585040267], "k_pid_yaw": [0.5, 1e-06, 0.1], "k_pid_hsp": [2.82373402557605, 0.01, 0.01], "k_pid_vsp": [111.20884264032553, 102.7157397860675, 1.0]}, "datetime": {"datetime": "2025-08-20 20:57:03", "elapsed": 32678.3212890625, "delta": 18.02338218688965}, "costs": {"total_cost": 178.68845958254076, "time_cost": 69.176, "final_distance_cost": 1.8322434393859444, "oscillation_cost": 35.11274181414861, "completition_cost": 0.0, "overshoot_cost": 50.27670671254896, "power_cost": 11.252723193359376, "noise_cost": 11.038044423097862, "n_waypoints_completed": 9, "tot_waypoints": 9}}
{"target": -179.5542937229822, "params": {"k_pid_pos": [1.4698128353043505, 0.024859491386256316, 0.3434561031905483], "k_pid_alt": [1.2679502233621702, 0.0, 0.1], "k_pid_att": [43.948176657889235, 1.804321969363886, 0.8156350283449295], "k_pid_yaw": [0.5, 1e-06, 0.1], "k_pid_hsp": [2.82373402557605, 0.01, 0.01], "k_pid_vsp": [111.20884264032553, 102.7157397860675, 1.0]}, "datetime": {"datetime": "2025-08-20 20:57:27", "elapsed": 32702.139582633972, "delta": 23.818293571472168}, "costs": {"total_cost": 179.5542937229822, "time_cost": 69.2, "final_distance_cost": 1.8444394311080043, "oscillation_cost": 36.59940709746853, "completition_cost": 0.0, "overshoot_cost": 49.90396938724237, "power_cost": 11.070490856933594, "noise_cost": 10.935986950229724, "n_waypoints_completed": 9, "tot_waypoints": 9}}
{"target": -196.30853486195647, "params": {"k_pid_pos": [0.931865230455928, 0.024859491386256316, 0.3434561031905483], "k_pid_alt": [1.2679502233621702, 0.26745061084868493, 0.1], "k_pid_att": [43.948176657889235, 1.1166001057131414, 0.9274604585040267], "k_pid_yaw": [0.5, 1e-06, 0.1], "k_pid_hsp": [2.82373402557605, 0.01, 0.01], "k_pid_vsp": [195.1487047182024, 102.7157397860675, 1.0]}, "datetime": {"datetime": "2025-08-20 20:57:45", "elapsed": 32719.631335496902, "delta": 17.491752862930298}, "costs": {"total_cost": 196.30853486195647, "time_cost": 79.44, "final_distance_cost": 1.7875802491679023, "oscillation_cost": 39.365294379375186, "completition_cost": 0.0, "overshoot_cost": 51.277756212122725, "power_cost": 12.707224060058595, "noise_cost": 11.730679961232084, "n_waypoints_completed": 9, "tot_waypoints": 9}}
{"target": -178.31078293433413, "params": {"k_pid_pos": [1.4698128353043505, 0.0972045644645837, 0.3434561031905483], "k_pid_alt": [1.2679502233621702, 0.0, 0.1], "k_pid_att": [43.948176657889235, 3.4126860594551975, 0.9274604585040267], "k_pid_yaw": [0.5, 1e-06, 0.1], "k_pid_hsp": [2.82373402557605, 0.01, 0.01066281316812523], "k_pid_vsp": [159.45001298599757, 157.8230240226632, 1.0]}, "datetime": {"datetime": "2025-08-20 20:58:02", "elapsed": 32737.280722618103, "delta": 17.64938712120056}, "costs": {"total_cost": 178.31078293433413, "time_cost": 69.24, "final_distance_cost": 1.820236310780995, "oscillation_cost": 35.002191793004165, "completition_cost": 0.0, "overshoot_cost": 50.01934891127584, "power_cost": 11.274627392578125, "noise_cost": 10.954378526695034, "n_waypoints_completed": 9, "tot_waypoints": 9}}
{"target": -178.1720662008559, "params": {"k_pid_pos": [1.4698128353043505, 0.024859491386256316, 0.3434561031905483], "k_pid_alt": [1.2679502233621702, 0.0, 0.053878507660848673], "k_pid_att": [43.948176657889235, 1.326856224425946, 0.9274604585040267], "k_pid_yaw": [0.5, 1e-06, 0.1], "k_pid_hsp": [2.82373402557605, 0.01, 0.01], "k_pid_vsp": [104.30040172718557, 102.7157397860675, 1.0]}, "datetime": {"datetime": "2025-08-20 20:58:17", "elapsed": 32752.203899860382, "delta": 14.923177242279053}, "costs": {"total_cost": 178.1720662008559, "time_cost": 69.056, "final_distance_cost": 1.8396264392277424, "oscillation_cost": 35.42784337673628, "completition_cost": 0.0, "overshoot_cost": 49.831717436246926, "power_cost": 11.132902600097657, "noise_cost": 10.883976348547307, "n_waypoints_completed": 9, "tot_waypoints": 9}}
{"target": -178.97860616540638, "params": {"k_pid_pos": [1.4698128353043505, 0.024859491386256316, 0.3434561031905483], "k_pid_alt": [1.2679502233621702, 0.0, 0.1], "k_pid_att": [43.948176657889235, 5.448237108225112, 0.9274604585040267], "k_pid_yaw": [0.5, 1e-06, 0.1], "k_pid_hsp": [2.82373402557605, 0.01, 0.01], "k_pid_vsp": [111.20884264032553, 102.7157397860675, 1.0]}, "datetime": {"datetime": "2025-08-20 20:58:34", "elapsed": 32768.49371886253, "delta": 16.28981900215149}, "costs": {"total_cost": 178.97860616540638, "time_cost": 69.152, "final_distance_cost": 1.8288983489040647, "oscillation_cost": 35.275013223985425, "completition_cost": 0.0, "overshoot_cost": 50.216853507502705, "power_cost": 11.374540673828125, "noise_cost": 11.131300411186041, "n_waypoints_completed": 9, "tot_waypoints": 9}}
{"target": -193.047826312479, "params": {"k_pid_pos": [1.4698128353043505, 0.024859491386256316, 0.3434561031905483], "k_pid_alt": [1.2679502233621702, 0.0, 0.1], "k_pid_att": [43.948176657889235, 2.352529590908416, 0.16608962520040438], "k_pid_yaw": [0.5, 1e-06, 0.1], "k_pid_hsp": [2.82373402557605, 0.10522572507436234, 0.01], "k_pid_vsp": [111.20884264032553, 102.7157397860675, 1.0]}, "datetime": {"datetime": "2025-08-20 20:58:48", "elapsed": 32783.19181108475, "delta": 14.698092222213745}, "costs": {"total_cost": 193.047826312479, "time_cost": 69.048, "final_distance_cost": 1.8187975960037974, "oscillation_cost": 49.54994837050557, "completition_cost": 0.0, "overshoot_cost": 49.853624904346574, "power_cost": 11.656276013183595, "noise_cost": 11.121179428439422, "n_waypoints_completed": 9, "tot_waypoints": 9}}
{"target": -216.6672209469506, "params": {"k_pid_pos": [1.4698128353043505, 0.024859491386256316, 0.3434561031905483], "k_pid_alt": [1.2679502233621702, 0.0, 0.1], "k_pid_att": [43.948176657889235, 1.1166001057131414, 0.9274604585040267], "k_pid_yaw": [0.5, 1e-06, 0.1], "k_pid_hsp": [2.82373402557605, 0.01, 0.10554699285847102], "k_pid_vsp": [111.20884264032553, 102.7157397860675, 1.0]}, "datetime": {"datetime": "2025-08-20 20:59:07", "elapsed": 32801.929970026016, "delta": 18.73815894126892}, "costs": {"total_cost": 216.6672209469506, "time_cost": 75.096, "final_distance_cost": 1.801056431780692, "oscillation_cost": 63.31289869723732, "completition_cost": 0.0, "overshoot_cost": 50.315232430048866, "power_cost": 13.754721252441406, "noise_cost": 12.387312135442293, "n_waypoints_completed": 9, "tot_waypoints": 9}}
{"target": -181.32403491443338, "params": {"k_pid_pos": [1.4698128353043505, 0.024859491386256316, 0.3434561031905483], "k_pid_alt": [1.2679502233621702, 0.0, 0.1], "k_pid_att": [43.948176657889235, 1.1166001057131414, 0.9274604585040267], "k_pid_yaw": [0.5, 1e-06, 0.1], "k_pid_hsp": [2.82373402557605, 0.3511398194272549, 0.01], "k_pid_vsp": [111.20884264032553, 102.7157397860675, 1.0]}, "datetime": {"datetime": "2025-08-20 20:59:22", "elapsed": 32816.65025949478, "delta": 14.720289468765259}, "costs": {"total_cost": 181.32403491443338, "time_cost": 68.83200000000001, "final_distance_cost": 1.8316064288231724, "oscillation_cost": 39.03641070779033, "completition_cost": 0.0, "overshoot_cost": 49.54021187996526, "power_cost": 11.21504873046875, "noise_cost": 10.868757167385857, "n_waypoints_completed": 9, "tot_waypoints": 9}}
{"target": -177.6739252695265, "params": {"k_pid_pos": [1.4698128353043505, 0.024859491386256316, 0.3434561031905483], "k_pid_alt": [1.2679502233621702, 0.0, 0.1], "k_pid_att": [43.948176657889235, 1.326856224425946, 0.9274604585040267], "k_pid_yaw": [0.5, 1e-06, 0.1], "k_pid_hsp": [2.82373402557605, 0.01, 0.01], "k_pid_vsp": [111.20884264032553, 102.7157397860675, 1.0]}, "datetime": {"datetime": "2025-08-20 20:59:39", "elapsed": 32833.727479696274, "delta": 17.07722020149231}, "costs": {"total_cost": 177.6739252695265, "time_cost": 69.152, "final_distance_cost": 1.8262656886158488, "oscillation_cost": 34.33594552183275, "completition_cost": 0.0, "overshoot_cost": 50.065815663241324, "power_cost": 11.237653356933594, "noise_cost": 11.056245038902981, "n_waypoints_completed": 9, "tot_waypoints": 9}}
