{"target": -181.71334019087473, "params": {"k_pid_pos": [1.4698128353043505, 0.024859491386256316, 0.11401919133455096], "k_pid_alt": [1.2679502233621702, 0.0, 0.1], "k_pid_att": [43.948176657889235, 3.7802132718527557, 0.9274604585040267], "k_pid_yaw": [0.5, 1e-06, 0.1], "k_pid_hsp": [3.022941925987454, 0.01, 0.01], "k_pid_vsp": [111.20884264032553, 93.09285943774285, 1.0]}, "datetime": {"datetime": "2025-08-20 15:14:25", "elapsed": 12119.619258642197, "delta": 16.87656545639038}, "costs": {"total_cost": 181.71334019087473, "time_cost": 68.712, "final_distance_cost": 1.8037923030471286, "oscillation_cost": 38.47552405718744, "completition_cost": 0.0, "overshoot_cost": 50.34770564979888, "power_cost": 11.420315368652345, "noise_cost": 10.954002812188914, "n_waypoints_completed": 9, "tot_waypoints": 9}}
{"target": -220.5588706300357, "params": {"k_pid_pos": [1.4698128353043505, 0.024859491386256316, 0.11401919133455096], "k_pid_alt": [1.2679502233621702, 0.0, 0.1], "k_pid_att": [43.948176657889235, 3.9650988168623, 0.9274604585040267], "k_pid_yaw": [0.5, 1e-06, 0.1], "k_pid_hsp": [1.0, 0.01, 0.17541250419709298], "k_pid_vsp": [111.20884264032553, 93.09285943774285, 1.0]}, "datetime": {"datetime": "2025-08-20 15:14:43", "elapsed": 12137.566288232803, "delta": 17.94702959060669}, "costs": {"total_cost": 220.5588706300357, "time_cost": 69.904, "final_distance_cost": 1.7832453207715795, "oscillation_cost": 72.76524691499968, "completition_cost": 0.0, "overshoot_cost": 50.958274312868596, "power_cost": 13.288792724609376, "noise_cost": 11.859311356786465, "n_waypoints_completed": 9, "tot_waypoints": 9}}
{"target": -187.70576877066722, "params": {"k_pid_pos": [1.4698128353043505, 0.024859491386256316, 0.11401919133455096], "k_pid_alt": [0.8815334174028542, 0.0, 0.5500846473514374], "k_pid_att": [43.948176657889235, 3.7802132718527557, 0.970432917090323], "k_pid_yaw": [0.5, 1e-06, 0.1], "k_pid_hsp": [1.0, 0.005322982040420254, 0.01], "k_pid_vsp": [111.20884264032553, 93.09285943774285, 1.0]}, "datetime": {"datetime": "2025-08-20 15:15:00", "elapsed": 12154.745299339294, "delta": 17.17901110649109}, "costs": {"total_cost": 187.70576877066722, "time_cost": 73.024, "final_distance_cost": 1.819958740899621, "oscillation_cost": 37.82169370094257, "completition_cost": 0.0, "overshoot_cost": 50.21633620306582, "power_cost": 13.132418725585937, "noise_cost": 11.69136140017327, "n_waypoints_completed": 9, "tot_waypoints": 9}}
{"target": -223.397795022057, "params": {"k_pid_pos": [1.4698128353043505, 0.7442837605818863, 0.11401919133455096], "k_pid_alt": [1.2679502233621702, 0.0, 0.1], "k_pid_att": [43.948176657889235, 3.7802132718527557, 0.9274604585040267], "k_pid_yaw": [0.5, 1e-06, 0.1], "k_pid_hsp": [1.0, 0.01, 0.01], "k_pid_vsp": [111.20884264032553, 93.09285943774285, 1.0]}, "datetime": {"datetime": "2025-08-20 15:15:20", "elapsed": 12174.863171339035, "delta": 20.1178719997406}, "costs": {"total_cost": 223.397795022057, "time_cost": 86.664, "final_distance_cost": 1.6891064044558677, "oscillation_cost": 49.54676990318108, "completition_cost": 0.0, "overshoot_cost": 55.23136970926349, "power_cost": 16.187907556152343, "noise_cost": 14.078641449004243, "n_waypoints_completed": 9, "tot_waypoints": 9}}
{"target": -204.09335762217586, "params": {"k_pid_pos": [1.4698128353043505, 0.3450134284667753, 0.11401919133455096], "k_pid_alt": [1.2679502233621702, 0.0, 0.1], "k_pid_att": [43.948176657889235, 3.7802132718527557, 0.9274604585040267], "k_pid_yaw": [0.5, 1e-06, 0.1], "k_pid_hsp": [1.0, 0.01, 0.01], "k_pid_vsp": [319.7148474646652, 93.09285943774285, 1.0]}, "datetime": {"datetime": "2025-08-20 15:15:38", "elapsed": 12193.013820648193, "delta": 18.150649309158325}, "costs": {"total_cost": 204.09335762217586, "time_cost": 78.688, "final_distance_cost": 1.7453450879311123, "oscillation_cost": 45.19808284437372, "completition_cost": 0.0, "overshoot_cost": 51.757062976644214, "power_cost": 14.076323388671875, "noise_cost": 12.628543324554935, "n_waypoints_completed": 9, "tot_waypoints": 9}}
{"target": -180.82633189952398, "params": {"k_pid_pos": [1.4698128353043505, 0.024859491386256316, 0.11401919133455096], "k_pid_alt": [1.2679502233621702, 0.0, 0.1], "k_pid_att": [43.948176657889235, 3.7802132718527557, 0.9274604585040267], "k_pid_yaw": [0.5, 1e-06, 0.1], "k_pid_hsp": [1.0, 0.01, 0.01], "k_pid_vsp": [111.20884264032553, 93.09285943774285, 1.0]}, "datetime": {"datetime": "2025-08-20 15:15:54", "elapsed": 12209.302951097488, "delta": 16.289130449295044}, "costs": {"total_cost": 180.82633189952398, "time_cost": 68.456, "final_distance_cost": 1.8129035550535026, "oscillation_cost": 37.19502557670047, "completition_cost": 0.0, "overshoot_cost": 50.071586228309805, "power_cost": 12.12881405029297, "noise_cost": 11.162002489167234, "n_waypoints_completed": 9, "tot_waypoints": 9}}
{"target": -180.82633189952398, "params": {"k_pid_pos": [1.4698128353043505, 0.024859491386256316, 0.11401919133455096], "k_pid_alt": [1.2679502233621702, 0.0, 0.1], "k_pid_att": [43.948176657889235, 3.7802132718527557, 0.9274604585040267], "k_pid_yaw": [0.5, 1e-06, 0.1], "k_pid_hsp": [1.0, 0.01, 0.01], "k_pid_vsp": [111.20884264032553, 93.09285943774285, 1.0]}, "datetime": {"datetime": "2025-08-20 15:16:10", "elapsed": 12225.1488468647, "delta": 15.845895767211914}, "costs": {"total_cost": 180.82633189952398, "time_cost": 68.456, "final_distance_cost": 1.8129035550535026, "oscillation_cost": 37.19502557670047, "completition_cost": 0.0, "overshoot_cost": 50.071586228309805, "power_cost": 12.12881405029297, "noise_cost": 11.162002489167234, "n_waypoints_completed": 9, "tot_waypoints": 9}}
{"target": -207.91415490791704, "params": {"k_pid_pos": [1.4698128353043505, 0.024859491386256316, 0.11401919133455096], "k_pid_alt": [1.2679502233621702, 0.29163435653851655, 0.1], "k_pid_att": [43.948176657889235, 3.7802132718527557, 0.9274604585040267], "k_pid_yaw": [0.5, 1e-06, 0.1], "k_pid_hsp": [1.0, 0.01, 0.01], "k_pid_vsp": [41.64647012461127, 93.09285943774285, 1.0]}, "datetime": {"datetime": "2025-08-20 15:16:29", "elapsed": 12243.549834012985, "delta": 18.400987148284912}, "costs": {"total_cost": 207.91415490791704, "time_cost": 79.008, "final_distance_cost": 1.767139447562454, "oscillation_cost": 49.306105314419774, "completition_cost": 0.0, "overshoot_cost": 51.417608475267144, "power_cost": 14.154495581054688, "noise_cost": 12.260806089612993, "n_waypoints_completed": 9, "tot_waypoints": 9}}
{"target": -308.8193492872334, "params": {"k_pid_pos": [1.6189603226539637, 0.024859491386256316, 0.11401919133455096], "k_pid_alt": [1.2679502233621702, 0.0, 0.1], "k_pid_att": [43.948176657889235, 3.9650988168623, 0.9274604585040267], "k_pid_yaw": [0.5, 1e-06, 0.1], "k_pid_hsp": [1.0, 0.01, 0.5270159168277156], "k_pid_vsp": [111.20884264032553, 93.09285943774285, 1.0]}, "datetime": {"datetime": "2025-08-20 15:16:46", "elapsed": 12260.783972024918, "delta": 17.234138011932373}, "costs": {"total_cost": 308.8193492872334, "time_cost": 76.88, "final_distance_cost": 1.7389403789955804, "oscillation_cost": 144.89056635222732, "completition_cost": 0.0, "overshoot_cost": 54.840372652887375, "power_cost": 16.290967199707033, "noise_cost": 14.178502703416106, "n_waypoints_completed": 9, "tot_waypoints": 9}}
{"target": -180.82633189952398, "params": {"k_pid_pos": [1.4698128353043505, 0.024859491386256316, 0.11401919133455096], "k_pid_alt": [1.2679502233621702, 0.0, 0.1], "k_pid_att": [43.948176657889235, 3.7802132718527557, 0.9274604585040267], "k_pid_yaw": [0.5, 1e-06, 0.1], "k_pid_hsp": [1.0, 0.01, 0.01], "k_pid_vsp": [111.20884264032553, 93.09285943774285, 1.0]}, "datetime": {"datetime": "2025-08-20 15:17:02", "elapsed": 12276.834369421005, "delta": 16.050397396087646}, "costs": {"total_cost": 180.82633189952398, "time_cost": 68.456, "final_distance_cost": 1.8129035550535026, "oscillation_cost": 37.19502557670047, "completition_cost": 0.0, "overshoot_cost": 50.071586228309805, "power_cost": 12.12881405029297, "noise_cost": 11.162002489167234, "n_waypoints_completed": 9, "tot_waypoints": 9}}
{"target": -181.75397724582902, "params": {"k_pid_pos": [1.4698128353043505, 0.024859491386256316, 0.11401919133455096], "k_pid_alt": [1.2679502233621702, 0.0, 0.1], "k_pid_att": [43.948176657889235, 3.9650988168623, 0.9274604585040267], "k_pid_yaw": [0.5, 1e-06, 0.1], "k_pid_hsp": [1.0, 0.01, 0.01], "k_pid_vsp": [111.20884264032553, 93.09285943774285, 1.0]}, "datetime": {"datetime": "2025-08-20 15:17:18", "elapsed": 12292.668681383133, "delta": 15.834311962127686}, "costs": {"total_cost": 181.75397724582902, "time_cost": 68.488, "final_distance_cost": 1.7820349500324701, "oscillation_cost": 37.53282432298566, "completition_cost": 0.0, "overshoot_cost": 50.21352837155586, "power_cost": 12.481480017089844, "noise_cost": 11.25610958416519, "n_waypoints_completed": 9, "tot_waypoints": 9}}
{"target": -180.82633189952398, "params": {"k_pid_pos": [1.4698128353043505, 0.024859491386256316, 0.11401919133455096], "k_pid_alt": [1.2679502233621702, 0.0, 0.1], "k_pid_att": [43.948176657889235, 3.7802132718527557, 0.9274604585040267], "k_pid_yaw": [0.5, 1e-06, 0.1], "k_pid_hsp": [1.0, 0.01, 0.01], "k_pid_vsp": [111.20884264032553, 93.09285943774285, 1.0]}, "datetime": {"datetime": "2025-08-20 15:17:33", "elapsed": 12308.052051782608, "delta": 15.383370399475098}, "costs": {"total_cost": 180.82633189952398, "time_cost": 68.456, "final_distance_cost": 1.8129035550535026, "oscillation_cost": 37.19502557670047, "completition_cost": 0.0, "overshoot_cost": 50.071586228309805, "power_cost": 12.12881405029297, "noise_cost": 11.162002489167234, "n_waypoints_completed": 9, "tot_waypoints": 9}}
{"target": -180.82633189952398, "params": {"k_pid_pos": [1.4698128353043505, 0.024859491386256316, 0.11401919133455096], "k_pid_alt": [1.2679502233621702, 0.0, 0.1], "k_pid_att": [43.948176657889235, 3.7802132718527557, 0.9274604585040267], "k_pid_yaw": [0.5, 1e-06, 0.1], "k_pid_hsp": [1.0, 0.01, 0.01], "k_pid_vsp": [111.20884264032553, 93.09285943774285, 1.0]}, "datetime": {"datetime": "2025-08-20 15:17:48", "elapsed": 12323.175830602646, "delta": 15.123778820037842}, "costs": {"total_cost": 180.82633189952398, "time_cost": 68.456, "final_distance_cost": 1.8129035550535026, "oscillation_cost": 37.19502557670047, "completition_cost": 0.0, "overshoot_cost": 50.071586228309805, "power_cost": 12.12881405029297, "noise_cost": 11.162002489167234, "n_waypoints_completed": 9, "tot_waypoints": 9}}
{"target": -181.12773250523608, "params": {"k_pid_pos": [1.4698128353043505, 0.024859491386256316, 0.11401919133455096], "k_pid_alt": [1.2679502233621702, 0.0, 0.1], "k_pid_att": [43.948176657889235, 3.7802132718527557, 0.8792759721912583], "k_pid_yaw": [0.5, 1e-06, 0.1], "k_pid_hsp": [1.0, 0.01, 0.01], "k_pid_vsp": [111.20884264032553, 87.58200976551859, 1.0]}, "datetime": {"datetime": "2025-08-20 15:18:04", "elapsed": 12338.876257419586, "delta": 15.700426816940308}, "costs": {"total_cost": 181.12773250523608, "time_cost": 68.488, "final_distance_cost": 1.807713041288111, "oscillation_cost": 36.88384616510335, "completition_cost": 0.0, "overshoot_cost": 50.31290884127916, "power_cost": 12.400087817382813, "noise_cost": 11.235176640182639, "n_waypoints_completed": 9, "tot_waypoints": 9}}
{"target": -182.27228149985507, "params": {"k_pid_pos": [1.4698128353043505, 0.024859491386256316, 0.11401919133455096], "k_pid_alt": [1.2679502233621702, 0.0, 0.1], "k_pid_att": [43.948176657889235, 3.7802132718527557, 0.9274604585040267], "k_pid_yaw": [0.5, 1e-06, 0.1], "k_pid_hsp": [1.0, 0.01, 0.01], "k_pid_vsp": [111.20884264032553, 330.56020129695656, 1.0]}, "datetime": {"datetime": "2025-08-20 15:18:20", "elapsed": 12355.08769440651, "delta": 16.211436986923218}, "costs": {"total_cost": 182.27228149985507, "time_cost": 68.48, "final_distance_cost": 1.7962576422016154, "oscillation_cost": 38.75650891514481, "completition_cost": 0.0, "overshoot_cost": 49.70637884760662, "power_cost": 12.422422204589845, "noise_cost": 11.110713890312166, "n_waypoints_completed": 9, "tot_waypoints": 9}}
{"target": -180.82633189952398, "params": {"k_pid_pos": [1.4698128353043505, 0.024859491386256316, 0.11401919133455096], "k_pid_alt": [1.2679502233621702, 0.0, 0.1], "k_pid_att": [43.948176657889235, 3.7802132718527557, 0.9274604585040267], "k_pid_yaw": [0.5, 1e-06, 0.1], "k_pid_hsp": [1.0, 0.01, 0.01], "k_pid_vsp": [111.20884264032553, 93.09285943774285, 1.0]}, "datetime": {"datetime": "2025-08-20 15:18:36", "elapsed": 12370.710228443146, "delta": 15.622534036636353}, "costs": {"total_cost": 180.82633189952398, "time_cost": 68.456, "final_distance_cost": 1.8129035550535026, "oscillation_cost": 37.19502557670047, "completition_cost": 0.0, "overshoot_cost": 50.071586228309805, "power_cost": 12.12881405029297, "noise_cost": 11.162002489167234, "n_waypoints_completed": 9, "tot_waypoints": 9}}
{"target": -326.48652939121376, "params": {"k_pid_pos": [1.4698128353043505, 0.024859491386256316, 0.11401919133455096], "k_pid_alt": [0.8815334174028542, 0.0, 0.1], "k_pid_att": [43.948176657889235, 3.7802132718527557, 0.9669350405079173], "k_pid_yaw": [0.5, 1e-06, 0.1], "k_pid_hsp": [1.0, 0.41463118024342327, 0.48397499846555336], "k_pid_vsp": [111.20884264032553, 93.09285943774285, 1.0]}, "datetime": {"datetime": "2025-08-20 15:18:58", "elapsed": 12392.672659635544, "delta": 21.96243119239807}, "costs": {"total_cost": 326.48652939121376, "time_cost": 90.736, "final_distance_cost": 1.8531212821101675, "oscillation_cost": 143.58041915330065, "completition_cost": 0.0, "overshoot_cost": 56.978179797861735, "power_cost": 18.26768299560547, "noise_cost": 15.071126162335752, "n_waypoints_completed": 9, "tot_waypoints": 9}}
{"target": -180.82633189952398, "params": {"k_pid_pos": [1.4698128353043505, 0.024859491386256316, 0.11401919133455096], "k_pid_alt": [1.2679502233621702, 0.0, 0.1], "k_pid_att": [43.948176657889235, 3.7802132718527557, 0.9274604585040267], "k_pid_yaw": [0.5, 1e-06, 0.1], "k_pid_hsp": [1.0, 0.01, 0.01], "k_pid_vsp": [111.20884264032553, 93.09285943774285, 1.0]}, "datetime": {"datetime": "2025-08-20 15:19:13", "elapsed": 12408.257930278778, "delta": 15.585270643234253}, "costs": {"total_cost": 180.82633189952398, "time_cost": 68.456, "final_distance_cost": 1.8129035550535026, "oscillation_cost": 37.19502557670047, "completition_cost": 0.0, "overshoot_cost": 50.071586228309805, "power_cost": 12.12881405029297, "noise_cost": 11.162002489167234, "n_waypoints_completed": 9, "tot_waypoints": 9}}
{"target": -180.82633189952398, "params": {"k_pid_pos": [1.4698128353043505, 0.024859491386256316, 0.11401919133455096], "k_pid_alt": [1.2679502233621702, 0.0, 0.1], "k_pid_att": [43.948176657889235, 3.7802132718527557, 0.9274604585040267], "k_pid_yaw": [0.5, 1e-06, 0.1], "k_pid_hsp": [1.0, 0.01, 0.01], "k_pid_vsp": [111.20884264032553, 93.09285943774285, 1.0]}, "datetime": {"datetime": "2025-08-20 15:19:29", "elapsed": 12424.042027950287, "delta": 15.784097671508789}, "costs": {"total_cost": 180.82633189952398, "time_cost": 68.456, "final_distance_cost": 1.8129035550535026, "oscillation_cost": 37.19502557670047, "completition_cost": 0.0, "overshoot_cost": 50.071586228309805, "power_cost": 12.12881405029297, "noise_cost": 11.162002489167234, "n_waypoints_completed": 9, "tot_waypoints": 9}}
{"target": -180.82633189952398, "params": {"k_pid_pos": [1.4698128353043505, 0.024859491386256316, 0.11401919133455096], "k_pid_alt": [1.2679502233621702, 0.0, 0.1], "k_pid_att": [43.948176657889235, 3.7802132718527557, 0.9274604585040267], "k_pid_yaw": [0.5, 1e-06, 0.1], "k_pid_hsp": [1.0, 0.01, 0.01], "k_pid_vsp": [111.20884264032553, 93.09285943774285, 1.0]}, "datetime": {"datetime": "2025-08-20 15:19:44", "elapsed": 12439.46236371994, "delta": 15.42033576965332}, "costs": {"total_cost": 180.82633189952398, "time_cost": 68.456, "final_distance_cost": 1.8129035550535026, "oscillation_cost": 37.19502557670047, "completition_cost": 0.0, "overshoot_cost": 50.071586228309805, "power_cost": 12.12881405029297, "noise_cost": 11.162002489167234, "n_waypoints_completed": 9, "tot_waypoints": 9}}
{"target": -181.54509047536013, "params": {"k_pid_pos": [1.4698128353043505, 0.024859491386256316, 0.11401919133455096], "k_pid_alt": [1.2679502233621702, 0.0, 0.1], "k_pid_att": [43.948176657889235, 5.200466839336723, 0.8792759721912583], "k_pid_yaw": [0.5, 1e-06, 0.1], "k_pid_hsp": [1.0, 0.01, 0.01], "k_pid_vsp": [111.20884264032553, 87.58200976551859, 1.0]}, "datetime": {"datetime": "2025-08-20 15:20:00", "elapsed": 12455.360337972641, "delta": 15.897974252700806}, "costs": {"total_cost": 181.54509047536013, "time_cost": 68.496, "final_distance_cost": 1.792070927390144, "oscillation_cost": 37.717478966070864, "completition_cost": 0.0, "overshoot_cost": 50.278276275495756, "power_cost": 12.124176574707032, "noise_cost": 11.137087731696333, "n_waypoints_completed": 9, "tot_waypoints": 9}}
{"target": -1674.0650417432387, "params": {"k_pid_pos": [1.4698128353043505, 0.024859491386256316, 0.11401919133455096], "k_pid_alt": [1.2679502233621702, 0.0, 0.1], "k_pid_att": [43.948176657889235, 3.7802132718527557, 0.9274604585040267], "k_pid_yaw": [0.5, 1e-06, 0.1], "k_pid_hsp": [8.16063635751994, 0.6723001228405259, 0.01], "k_pid_vsp": [111.20884264032553, 93.09285943774285, 266.8602717538977]}, "datetime": {"datetime": "2025-08-20 15:20:24", "elapsed": 12478.894768238068, "delta": 23.534430265426636}, "costs": {"total_cost": 1674.0650417432387, "time_cost": 150, "final_distance_cost": 264.11588840388794, "oscillation_cost": 44.46596586006532, "completition_cost": 888.8888888888888, "overshoot_cost": 264.768097059943, "power_cost": 35.325398303222656, "noise_cost": 26.500803227230914, "n_waypoints_completed": 1, "tot_waypoints": 9}}
{"target": -181.12773250523608, "params": {"k_pid_pos": [1.4698128353043505, 0.024859491386256316, 0.11401919133455096], "k_pid_alt": [1.2679502233621702, 0.0, 0.1], "k_pid_att": [43.948176657889235, 3.7802132718527557, 0.8792759721912583], "k_pid_yaw": [0.5, 1e-06, 0.1], "k_pid_hsp": [1.0, 0.01, 0.01], "k_pid_vsp": [111.20884264032553, 87.58200976551859, 1.0]}, "datetime": {"datetime": "2025-08-20 15:20:40", "elapsed": 12494.562321424484, "delta": 15.667553186416626}, "costs": {"total_cost": 181.12773250523608, "time_cost": 68.488, "final_distance_cost": 1.807713041288111, "oscillation_cost": 36.88384616510335, "completition_cost": 0.0, "overshoot_cost": 50.31290884127916, "power_cost": 12.400087817382813, "noise_cost": 11.235176640182639, "n_waypoints_completed": 9, "tot_waypoints": 9}}
{"target": -224.5953522289748, "params": {"k_pid_pos": [1.9089386119922513, 0.024859491386256316, 0.11401919133455096], "k_pid_alt": [1.2679502233621702, 0.7900467901418512, 0.1], "k_pid_att": [43.948176657889235, 3.7802132718527557, 0.9274604585040267], "k_pid_yaw": [0.5, 1e-06, 0.1], "k_pid_hsp": [1.0, 0.01, 0.01], "k_pid_vsp": [111.20884264032553, 93.09285943774285, 1.0]}, "datetime": {"datetime": "2025-08-20 15:21:00", "elapsed": 12514.946601390839, "delta": 20.38427996635437}, "costs": {"total_cost": 224.5953522289748, "time_cost": 83.96000000000001, "final_distance_cost": 1.7845788958250388, "oscillation_cost": 58.03134542247461, "completition_cost": 0.0, "overshoot_cost": 52.534287013990244, "power_cost": 15.26169539794922, "noise_cost": 13.023445498735693, "n_waypoints_completed": 9, "tot_waypoints": 9}}
{"target": -566.8290962265932, "params": {"k_pid_pos": [1.4698128353043505, 0.024859491386256316, 0.11401919133455096], "k_pid_alt": [0.2184303292223817, 0.0, 0.1], "k_pid_att": [43.948176657889235, 3.7802132718527557, 0.9274604585040267], "k_pid_yaw": [0.5, 1e-06, 0.1], "k_pid_hsp": [3.022941925987454, 0.9058633555759406, 0.01], "k_pid_vsp": [111.20884264032553, 93.09285943774285, 1.0]}, "datetime": {"datetime": "2025-08-20 15:21:23", "elapsed": 12537.947447776794, "delta": 23.00084638595581}, "costs": {"total_cost": 566.8290962265932, "time_cost": 150, "final_distance_cost": 67.7589373562199, "oscillation_cost": 53.18346739309645, "completition_cost": 222.2222222222222, "overshoot_cost": 43.74267143693646, "power_cost": 15.673599670410157, "noise_cost": 14.248198147708022, "n_waypoints_completed": 7, "tot_waypoints": 9}}
{"target": -215.59405605685373, "params": {"k_pid_pos": [0.3597277290261015, 0.024859491386256316, 0.11401919133455096], "k_pid_alt": [1.2679502233621702, 0.0, 0.8836694064166667], "k_pid_att": [43.948176657889235, 3.7802132718527557, 0.7085601702185422], "k_pid_yaw": [0.5, 1e-06, 0.1], "k_pid_hsp": [1.0, 0.42821208748488515, 0.01], "k_pid_vsp": [111.20884264032553, 93.09285943774285, 1.0]}, "datetime": {"datetime": "2025-08-20 15:21:45", "elapsed": 12560.365654468536, "delta": 22.418206691741943}, "costs": {"total_cost": 215.59405605685373, "time_cost": 94.70400000000001, "final_distance_cost": 1.8564137869855386, "oscillation_cost": 34.038065616506465, "completition_cost": 0.0, "overshoot_cost": 53.37440140892801, "power_cost": 15.639186535644532, "noise_cost": 15.981988708789167, "n_waypoints_completed": 9, "tot_waypoints": 9}}
{"target": -1180.5436078012103, "params": {"k_pid_pos": [1.4698128353043505, 0.3975712089613459, 0.11401919133455096], "k_pid_alt": [1.2679502233621702, 0.0, 0.1], "k_pid_att": [43.948176657889235, 3.7802132718527557, 0.9274604585040267], "k_pid_yaw": [0.5, 1e-06, 0.1], "k_pid_hsp": [1.0, 0.01, 0.01], "k_pid_vsp": [69.78513982652785, 93.09285943774285, 294.19030954383476]}, "datetime": {"datetime": "2025-08-20 15:22:09", "elapsed": 12583.566821813583, "delta": 23.201167345046997}, "costs": {"total_cost": 1180.5436078012103, "time_cost": 150, "final_distance_cost": 74.81469669065909, "oscillation_cost": 38.767634646388764, "completition_cost": 777.7777777777778, "overshoot_cost": 82.42510525479278, "power_cost": 27.530164782714845, "noise_cost": 29.2282286488772, "n_waypoints_completed": 2, "tot_waypoints": 9}}
