{"target": -311.9871687983434, "params": {"k_pid_pos": [1.4698128353043505, 0.024859491386256316, 0.2019429328506046], "k_pid_alt": [1.2679502233621702, 0.0, 0.1], "k_pid_att": [43.948176657889235, 3.7802132718527557, 0.9274604585040267], "k_pid_yaw": [0.5, 1e-06, 0.1], "k_pid_hsp": [5.360545878234408, 0.01, 0.6334267706481146], "k_pid_vsp": [111.20884264032553, 102.7157397860675, 1.0]}, "datetime": {"datetime": "2025-08-20 17:55:31", "elapsed": 21786.134570598602, "delta": 16.212701559066772}, "costs": {"total_cost": 311.9871687983434, "time_cost": 74.224, "final_distance_cost": 1.7924922304624582, "oscillation_cost": 157.07856507718284, "completition_cost": 0.0, "overshoot_cost": 51.06723513221591, "power_cost": 14.97208779296875, "noise_cost": 12.852788565513455, "n_waypoints_completed": 9, "tot_waypoints": 9}}
{"target": -181.81250573626443, "params": {"k_pid_pos": [1.4698128353043505, 0.06681891267873763, 0.5374545101912236], "k_pid_alt": [1.2679502233621702, 0.0, 0.1], "k_pid_att": [43.948176657889235, 5.824334032821091, 0.9274604585040267], "k_pid_yaw": [0.5, 1e-06, 0.1], "k_pid_hsp": [2.395389635608916, 0.01, 0.01], "k_pid_vsp": [111.20884264032553, 102.7157397860675, 1.0]}, "datetime": {"datetime": "2025-08-20 17:55:47", "elapsed": 21802.151344537735, "delta": 16.01677393913269}, "costs": {"total_cost": 181.81250573626443, "time_cost": 69.8, "final_distance_cost": 1.831312436373686, "oscillation_cost": 37.51877706532919, "completition_cost": 0.0, "overshoot_cost": 49.62377609399632, "power_cost": 11.703520849609376, "noise_cost": 11.335119290955836, "n_waypoints_completed": 9, "tot_waypoints": 9}}
{"target": -178.68955258574186, "params": {"k_pid_pos": [1.4698128353043505, 0.024859491386256316, 0.2662270978845458], "k_pid_alt": [1.2679502233621702, 0.0, 0.1], "k_pid_att": [43.948176657889235, 3.7802132718527557, 0.9274604585040267], "k_pid_yaw": [0.5, 1e-06, 0.1], "k_pid_hsp": [2.395389635608916, 0.01, 0.01], "k_pid_vsp": [110.56511661686339, 102.7157397860675, 1.0]}, "datetime": {"datetime": "2025-08-20 17:56:03", "elapsed": 21818.0026140213, "delta": 15.851269483566284}, "costs": {"total_cost": 178.68955258574186, "time_cost": 68.92, "final_distance_cost": 1.8212740937025527, "oscillation_cost": 35.72949926253249, "completition_cost": 0.0, "overshoot_cost": 49.95417545447319, "power_cost": 11.299898352050782, "noise_cost": 10.964705422982869, "n_waypoints_completed": 9, "tot_waypoints": 9}}
{"target": -183.09999059712626, "params": {"k_pid_pos": [1.4698128353043505, 0.22461116953036142, 0.11401919133455096], "k_pid_alt": [1.2679502233621702, 0.0, 0.1], "k_pid_att": [43.948176657889235, 3.7802132718527557, 0.9274604585040267], "k_pid_yaw": [0.5, 1e-06, 0.1], "k_pid_hsp": [3.830472288627182, 0.01, 0.01], "k_pid_vsp": [111.20884264032553, 102.7157397860675, 1.0]}, "datetime": {"datetime": "2025-08-20 17:56:18", "elapsed": 21832.853003501892, "delta": 14.85038948059082}, "costs": {"total_cost": 183.09999059712626, "time_cost": 69.32000000000001, "final_distance_cost": 1.7508620039080407, "oscillation_cost": 39.223638590286825, "completition_cost": 0.0, "overshoot_cost": 50.24072391295663, "power_cost": 11.580749133300781, "noise_cost": 10.984016956673996, "n_waypoints_completed": 9, "tot_waypoints": 9}}
{"target": -230.37463090347117, "params": {"k_pid_pos": [1.4698128353043505, 0.024859491386256316, 0.11401919133455096], "k_pid_alt": [1.6868863037671131, 0.0, 0.1], "k_pid_att": [6.462447882104849, 1.8365068413044823, 0.9274604585040267], "k_pid_yaw": [0.5, 1e-06, 0.1], "k_pid_hsp": [2.395389635608916, 0.01, 0.3218150610982008], "k_pid_vsp": [111.20884264032553, 102.7157397860675, 1.0]}, "datetime": {"datetime": "2025-08-20 17:56:34", "elapsed": 21848.501735448837, "delta": 15.64873194694519}, "costs": {"total_cost": 230.37463090347117, "time_cost": 69.616, "final_distance_cost": 1.7564020867537986, "oscillation_cost": 81.74844467306141, "completition_cost": 0.0, "overshoot_cost": 52.05073059083251, "power_cost": 13.397790795898437, "noise_cost": 11.805262756925021, "n_waypoints_completed": 9, "tot_waypoints": 9}}
{"target": -181.1339286878704, "params": {"k_pid_pos": [1.4698128353043505, 0.024859491386256316, 0.11401919133455096], "k_pid_alt": [1.2679502233621702, 0.0, 0.1], "k_pid_att": [43.948176657889235, 3.7802132718527557, 0.666719676683535], "k_pid_yaw": [0.5, 1e-06, 0.1], "k_pid_hsp": [2.395389635608916, 0.01, 0.01], "k_pid_vsp": [111.20884264032553, 102.7157397860675, 1.0]}, "datetime": {"datetime": "2025-08-20 17:56:49", "elapsed": 21864.284073352814, "delta": 15.78233790397644}, "costs": {"total_cost": 181.1339286878704, "time_cost": 68.70400000000001, "final_distance_cost": 1.7845962711993058, "oscillation_cost": 37.975169841525755, "completition_cost": 0.0, "overshoot_cost": 50.24351668101399, "power_cost": 11.456028186035157, "noise_cost": 10.97061770809616, "n_waypoints_completed": 9, "tot_waypoints": 9}}
{"target": -374.8233529759788, "params": {"k_pid_pos": [1.4698128353043505, 0.024859491386256316, 0.11401919133455096], "k_pid_alt": [0.7689619515377939, 0.0, 0.1], "k_pid_att": [43.948176657889235, 3.7802132718527557, 0.9274604585040267], "k_pid_yaw": [0.5, 1e-06, 0.1], "k_pid_hsp": [2.395389635608916, 0.01, 0.9725672828984422], "k_pid_vsp": [111.20884264032553, 102.7157397860675, 1.0]}, "datetime": {"datetime": "2025-08-20 17:57:08", "elapsed": 21883.039797067642, "delta": 18.75572371482849}, "costs": {"total_cost": 374.8233529759788, "time_cost": 86.696, "final_distance_cost": 1.764406956395416, "oscillation_cost": 199.73739618313752, "completition_cost": 0.0, "overshoot_cost": 53.76098617431353, "power_cost": 17.676312915039063, "noise_cost": 15.188250747093248, "n_waypoints_completed": 9, "tot_waypoints": 9}}
{"target": -181.86842735839775, "params": {"k_pid_pos": [1.4698128353043505, 0.024859491386256316, 0.11401919133455096], "k_pid_alt": [1.2679502233621702, 0.0, 0.10702076326620091], "k_pid_att": [43.948176657889235, 3.7802132718527557, 0.9274604585040267], "k_pid_yaw": [0.5, 1e-06, 0.1], "k_pid_hsp": [2.395389635608916, 0.01, 0.01], "k_pid_vsp": [111.20884264032553, 102.7157397860675, 1.0]}, "datetime": {"datetime": "2025-08-20 17:57:23", "elapsed": 21898.442306041718, "delta": 15.402508974075317}, "costs": {"total_cost": 181.86842735839775, "time_cost": 68.672, "final_distance_cost": 1.7975905224440372, "oscillation_cost": 39.12272304379259, "completition_cost": 0.0, "overshoot_cost": 50.064464585207986, "power_cost": 11.310344201660158, "noise_cost": 10.901305005293015, "n_waypoints_completed": 9, "tot_waypoints": 9}}
{"target": -185.89130238887012, "params": {"k_pid_pos": [1.4698128353043505, 0.024859491386256316, 0.11401919133455096], "k_pid_alt": [1.2679502233621702, 0.0, 0.1], "k_pid_att": [43.948176657889235, 3.7802132718527557, 0.2977476601316654], "k_pid_yaw": [0.5, 1e-06, 0.1], "k_pid_hsp": [2.395389635608916, 0.01, 0.01], "k_pid_vsp": [111.20884264032553, 102.7157397860675, 1.0]}, "datetime": {"datetime": "2025-08-20 17:57:39", "elapsed": 21913.602868556976, "delta": 15.160562515258789}, "costs": {"total_cost": 185.89130238887012, "time_cost": 68.696, "final_distance_cost": 1.8051235898362723, "oscillation_cost": 42.979178943869584, "completition_cost": 0.0, "overshoot_cost": 50.0921053578155, "power_cost": 11.35167197265625, "noise_cost": 10.967222524692517, "n_waypoints_completed": 9, "tot_waypoints": 9}}
{"target": -331.1164433445785, "params": {"k_pid_pos": [1.4698128353043505, 0.024859491386256316, 0.11401919133455096], "k_pid_alt": [1.2679502233621702, 0.0, 0.1], "k_pid_att": [43.948176657889235, 3.7802132718527557, 0.9274604585040267], "k_pid_yaw": [0.5, 1e-06, 0.1], "k_pid_hsp": [2.395389635608916, 0.01, 0.36152718860620114], "k_pid_vsp": [111.20884264032553, 102.7157397860675, 1.0]}, "datetime": {"datetime": "2025-08-20 17:57:54", "elapsed": 21928.956910848618, "delta": 15.354042291641235}, "costs": {"total_cost": 331.1164433445785, "time_cost": 70.072, "final_distance_cost": 1.7415453218384231, "oscillation_cost": 181.84021172397937, "completition_cost": 0.0, "overshoot_cost": 51.722630921805525, "power_cost": 13.68430809326172, "noise_cost": 12.05574728369343, "n_waypoints_completed": 9, "tot_waypoints": 9}}
{"target": -335.853770120285, "params": {"k_pid_pos": [1.4698128353043505, 0.024859491386256316, 0.3434561031905483], "k_pid_alt": [1.2679502233621702, 0.0, 0.1], "k_pid_att": [43.948176657889235, 7.055827395468339, 0.9274604585040267], "k_pid_yaw": [0.5, 1e-06, 0.1], "k_pid_hsp": [2.395389635608916, 0.01, 0.7359590482778835], "k_pid_vsp": [111.20884264032553, 102.7157397860675, 1.0]}, "datetime": {"datetime": "2025-08-20 17:58:12", "elapsed": 21947.440865516663, "delta": 18.483954668045044}, "costs": {"total_cost": 335.853770120285, "time_cost": 77.592, "final_distance_cost": 1.779517538162428, "oscillation_cost": 174.72950162801263, "completition_cost": 0.0, "overshoot_cost": 52.46480977031482, "power_cost": 15.679330212402345, "noise_cost": 13.608610971392755, "n_waypoints_completed": 9, "tot_waypoints": 9}}
{"target": -192.34329619239347, "params": {"k_pid_pos": [1.4698128353043505, 0.024859491386256316, 0.5374545101912236], "k_pid_alt": [0.7560171568207914, 0.0, 0.2915903713486512], "k_pid_att": [43.948176657889235, 6.766944352677465, 0.9274604585040267], "k_pid_yaw": [0.5, 1e-06, 0.1], "k_pid_hsp": [2.395389635608916, 0.6870351602694771, 0.01], "k_pid_vsp": [111.20884264032553, 102.7157397860675, 1.0]}, "datetime": {"datetime": "2025-08-20 17:58:28", "elapsed": 21963.401519060135, "delta": 15.96065354347229}, "costs": {"total_cost": 192.34329619239347, "time_cost": 73.792, "final_distance_cost": 1.8537766301861458, "oscillation_cost": 43.676231889160256, "completition_cost": 0.0, "overshoot_cost": 49.375163165671665, "power_cost": 12.073786108398439, "noise_cost": 11.572338398976937, "n_waypoints_completed": 9, "tot_waypoints": 9}}
{"target": -184.109968163406, "params": {"k_pid_pos": [1.4698128353043505, 0.024859491386256316, 0.11401919133455096], "k_pid_alt": [1.2679502233621702, 0.0, 0.1], "k_pid_att": [11.708590720412603, 5.824334032821091, 0.9274604585040267], "k_pid_yaw": [0.5, 1e-06, 0.1], "k_pid_hsp": [2.395389635608916, 0.01, 0.01], "k_pid_vsp": [110.56511661686339, 102.7157397860675, 1.0]}, "datetime": {"datetime": "2025-08-20 17:58:44", "elapsed": 21978.55072951317, "delta": 15.149210453033447}, "costs": {"total_cost": 184.109968163406, "time_cost": 68.464, "final_distance_cost": 1.7751551891379695, "oscillation_cost": 41.2130006839421, "completition_cost": 0.0, "overshoot_cost": 49.649662866585224, "power_cost": 11.95835244140625, "noise_cost": 11.049796982334438, "n_waypoints_completed": 9, "tot_waypoints": 9}}
{"target": -179.8322831128715, "params": {"k_pid_pos": [1.4698128353043505, 0.024859491386256316, 0.3434561031905483], "k_pid_alt": [1.2679502233621702, 0.0, 0.1], "k_pid_att": [43.948176657889235, 3.7802132718527557, 0.9274604585040267], "k_pid_yaw": [0.5, 1e-06, 0.1], "k_pid_hsp": [2.395389635608916, 0.01, 0.01], "k_pid_vsp": [155.80135867994494, 102.7157397860675, 1.0]}, "datetime": {"datetime": "2025-08-20 17:59:00", "elapsed": 21994.673708677292, "delta": 16.122979164123535}, "costs": {"total_cost": 179.8322831128715, "time_cost": 69.2, "final_distance_cost": 1.8362264204952914, "oscillation_cost": 36.4339680594137, "completition_cost": 0.0, "overshoot_cost": 50.07495561580205, "power_cost": 11.273366442871094, "noise_cost": 11.013766574289349, "n_waypoints_completed": 9, "tot_waypoints": 9}}
{"target": -202.89920886784174, "params": {"k_pid_pos": [1.4698128353043505, 0.024859491386256316, 0.11401919133455096], "k_pid_alt": [1.2679502233621702, 0.0, 0.1], "k_pid_att": [43.948176657889235, 3.7802132718527557, 0.0544268964772433], "k_pid_yaw": [0.5, 1e-06, 0.1], "k_pid_hsp": [2.395389635608916, 0.01, 0.01], "k_pid_vsp": [111.20884264032553, 102.7157397860675, 1.0]}, "datetime": {"datetime": "2025-08-20 17:59:14", "elapsed": 22009.3602745533, "delta": 14.68656587600708}, "costs": {"total_cost": 202.89920886784174, "time_cost": 68.776, "final_distance_cost": 1.782220754198782, "oscillation_cost": 59.40462638445209, "completition_cost": 0.0, "overshoot_cost": 50.580819421055516, "power_cost": 11.401244287109376, "noise_cost": 10.954298021026004, "n_waypoints_completed": 9, "tot_waypoints": 9}}
{"target": -186.6559427296991, "params": {"k_pid_pos": [1.4698128353043505, 0.024859491386256316, 0.11401919133455096], "k_pid_alt": [1.2679502233621702, 0.0, 0.7411234869318217], "k_pid_att": [43.948176657889235, 6.766944352677465, 0.73590781336997], "k_pid_yaw": [0.5, 1e-06, 0.1], "k_pid_hsp": [2.395389635608916, 0.01, 0.01], "k_pid_vsp": [110.56511661686339, 102.7157397860675, 1.0]}, "datetime": {"datetime": "2025-08-20 17:59:31", "elapsed": 22025.900893211365, "delta": 16.540618658065796}, "costs": {"total_cost": 186.6559427296991, "time_cost": 70.928, "final_distance_cost": 1.791149581067512, "oscillation_cost": 40.48139349391486, "completition_cost": 0.0, "overshoot_cost": 50.33902906821601, "power_cost": 11.942331481933595, "noise_cost": 11.174039104567116, "n_waypoints_completed": 9, "tot_waypoints": 9}}
{"target": -201.49268172403964, "params": {"k_pid_pos": [1.4698128353043505, 0.024859491386256316, 0.11401919133455096], "k_pid_alt": [1.2679502233621702, 0.4793313605253495, 0.1], "k_pid_att": [43.948176657889235, 3.0325018947442373, 0.666719676683535], "k_pid_yaw": [0.5, 1e-06, 0.1], "k_pid_hsp": [3.7597104904116168, 0.01, 0.01], "k_pid_vsp": [111.20884264032553, 102.7157397860675, 1.0]}, "datetime": {"datetime": "2025-08-20 17:59:48", "elapsed": 22042.544652938843, "delta": 16.643759727478027}, "costs": {"total_cost": 201.49268172403964, "time_cost": 75.368, "final_distance_cost": 1.7247096636742765, "oscillation_cost": 50.13524165976061, "completition_cost": 0.0, "overshoot_cost": 50.64754360888763, "power_cost": 12.254409533691407, "noise_cost": 11.362777258025728, "n_waypoints_completed": 9, "tot_waypoints": 9}}
{"target": -184.39830402413418, "params": {"k_pid_pos": [1.4698128353043505, 0.024859491386256316, 0.11401919133455096], "k_pid_alt": [1.2679502233621702, 0.0, 0.2915903713486512], "k_pid_att": [43.948176657889235, 6.766944352677465, 0.73590781336997], "k_pid_yaw": [0.5, 1e-06, 0.1], "k_pid_hsp": [2.395389635608916, 0.01, 0.01], "k_pid_vsp": [360.3759557007902, 102.7157397860675, 1.0]}, "datetime": {"datetime": "2025-08-20 18:00:03", "elapsed": 22058.276241779327, "delta": 15.73158884048462}, "costs": {"total_cost": 184.39830402413418, "time_cost": 69.48, "final_distance_cost": 1.8046844808503177, "oscillation_cost": 40.617092385748286, "completition_cost": 0.0, "overshoot_cost": 49.91876417134975, "power_cost": 11.55458055419922, "noise_cost": 11.023182431986623, "n_waypoints_completed": 9, "tot_waypoints": 9}}
{"target": -193.78987586588147, "params": {"k_pid_pos": [1.4698128353043505, 0.024859491386256316, 0.9451257094832697], "k_pid_alt": [1.2679502233621702, 0.0, 0.2915903713486512], "k_pid_att": [43.948176657889235, 6.766944352677465, 0.73590781336997], "k_pid_yaw": [0.5, 1e-06, 0.1], "k_pid_hsp": [2.395389635608916, 0.01, 0.01], "k_pid_vsp": [110.56511661686339, 102.7157397860675, 1.0]}, "datetime": {"datetime": "2025-08-20 18:00:20", "elapsed": 22074.693957567215, "delta": 16.417715787887573}, "costs": {"total_cost": 193.78987586588147, "time_cost": 73.016, "final_distance_cost": 1.8483569219261236, "oscillation_cost": 44.9975152740842, "completition_cost": 0.0, "overshoot_cost": 49.81791545049282, "power_cost": 12.098406872558595, "noise_cost": 12.01168134681974, "n_waypoints_completed": 9, "tot_waypoints": 9}}
{"target": -182.08213996553428, "params": {"k_pid_pos": [1.9475525933111357, 0.024859491386256316, 0.3434561031905483], "k_pid_alt": [1.2679502233621702, 0.0, 0.1], "k_pid_att": [43.948176657889235, 3.7802132718527557, 0.9274604585040267], "k_pid_yaw": [0.5, 1e-06, 0.1], "k_pid_hsp": [2.395389635608916, 0.01, 0.01], "k_pid_vsp": [111.20884264032553, 102.7157397860675, 1.0]}, "datetime": {"datetime": "2025-08-20 18:00:34", "elapsed": 22089.26098704338, "delta": 14.567029476165771}, "costs": {"total_cost": 182.08213996553428, "time_cost": 68.552, "final_distance_cost": 1.7665779286424201, "oscillation_cost": 38.98796430246506, "completition_cost": 0.0, "overshoot_cost": 50.20352121390942, "power_cost": 11.633993591308593, "noise_cost": 10.938082929208813, "n_waypoints_completed": 9, "tot_waypoints": 9}}
{"target": -1088.8728959499517, "params": {"k_pid_pos": [1.9648629373893673, 0.024859491386256316, 0.8544707697037623], "k_pid_alt": [1.6187944706918798, 0.0, 0.1], "k_pid_att": [20.219698052466416, 3.7802132718527557, 0.9274604585040267], "k_pid_yaw": [0.5, 1e-06, 0.1], "k_pid_hsp": [2.395389635608916, 0.01, 0.01], "k_pid_vsp": [111.20884264032553, 102.7157397860675, 270.8173234388649]}, "datetime": {"datetime": "2025-08-20 18:00:57", "elapsed": 22111.626316070557, "delta": 22.365329027175903}, "costs": {"total_cost": 1088.8728959499517, "time_cost": 150, "final_distance_cost": 75.09415371680649, "oscillation_cost": 47.34396961945052, "completition_cost": 666.6666666666667, "overshoot_cost": 108.83194481378547, "power_cost": 23.202981372070315, "noise_cost": 17.733179761172046, "n_waypoints_completed": 3, "tot_waypoints": 9}}
{"target": -183.96632926180163, "params": {"k_pid_pos": [1.4698128353043505, 0.024859491386256316, 0.11401919133455096], "k_pid_alt": [1.2679502233621702, 0.0, 0.1], "k_pid_att": [99.38888853887859, 5.314906102430602, 0.9274604585040267], "k_pid_yaw": [0.5, 1e-06, 0.1], "k_pid_hsp": [2.395389635608916, 0.01, 0.01], "k_pid_vsp": [111.20884264032553, 102.7157397860675, 1.0]}, "datetime": {"datetime": "2025-08-20 18:01:12", "elapsed": 22127.345823526382, "delta": 15.719507455825806}, "costs": {"total_cost": 183.96632926180163, "time_cost": 68.928, "final_distance_cost": 1.784343178783838, "oscillation_cost": 40.1348746695241, "completition_cost": 0.0, "overshoot_cost": 50.57624733280206, "power_cost": 11.439917883300781, "noise_cost": 11.102946197390843, "n_waypoints_completed": 9, "tot_waypoints": 9}}
{"target": -183.66509299267994, "params": {"k_pid_pos": [1.4698128353043505, 0.024859491386256316, 0.3353774509995945], "k_pid_alt": [1.3959173657108794, 0.0, 0.8285330192795117], "k_pid_att": [43.948176657889235, 3.7802132718527557, 0.9274604585040267], "k_pid_yaw": [0.5, 1e-06, 0.1], "k_pid_hsp": [2.395389635608916, 0.01, 0.01], "k_pid_vsp": [111.20884264032553, 102.7157397860675, 1.0]}, "datetime": {"datetime": "2025-08-20 18:01:28", "elapsed": 22142.679895401, "delta": 15.33407187461853}, "costs": {"total_cost": 183.66509299267994, "time_cost": 70.936, "final_distance_cost": 1.8272848587225923, "oscillation_cost": 38.419151334485576, "completition_cost": 0.0, "overshoot_cost": 50.115020590156604, "power_cost": 11.328117590332031, "noise_cost": 11.039518618983125, "n_waypoints_completed": 9, "tot_waypoints": 9}}
{"target": -187.28386364079117, "params": {"k_pid_pos": [1.4698128353043505, 0.024859491386256316, 0.11401919133455096], "k_pid_alt": [1.2679502233621702, 0.0, 0.2915903713486512], "k_pid_att": [43.948176657889235, 6.766944352677465, 0.9274604585040267], "k_pid_yaw": [0.5, 1e-06, 0.1], "k_pid_hsp": [2.395389635608916, 0.6870351602694771, 0.01], "k_pid_vsp": [111.20884264032553, 162.93713400307487, 1.0]}, "datetime": {"datetime": "2025-08-20 18:01:44", "elapsed": 22158.876766443253, "delta": 16.196871042251587}, "costs": {"total_cost": 187.28386364079117, "time_cost": 68.848, "final_distance_cost": 1.7954274961739087, "oscillation_cost": 44.74472575506238, "completition_cost": 0.0, "overshoot_cost": 49.34881013869958, "power_cost": 11.699155419921876, "noise_cost": 10.847744830933408, "n_waypoints_completed": 9, "tot_waypoints": 9}}
{"target": -178.68955258574186, "params": {"k_pid_pos": [1.4698128353043505, 0.024859491386256316, 0.2662270978845458], "k_pid_alt": [1.2679502233621702, 0.0, 0.1], "k_pid_att": [43.948176657889235, 3.7802132718527557, 0.9274604585040267], "k_pid_yaw": [0.5, 1e-06, 0.1], "k_pid_hsp": [2.395389635608916, 0.01, 0.01], "k_pid_vsp": [110.56511661686339, 102.7157397860675, 1.0]}, "datetime": {"datetime": "2025-08-20 18:02:00", "elapsed": 22174.82661342621, "delta": 15.949846982955933}, "costs": {"total_cost": 178.68955258574186, "time_cost": 68.92, "final_distance_cost": 1.8212740937025527, "oscillation_cost": 35.72949926253249, "completition_cost": 0.0, "overshoot_cost": 49.95417545447319, "power_cost": 11.299898352050782, "noise_cost": 10.964705422982869, "n_waypoints_completed": 9, "tot_waypoints": 9}}
{"target": -178.70478725309496, "params": {"k_pid_pos": [1.4698128353043505, 0.024859491386256316, 0.3434561031905483], "k_pid_alt": [1.2679502233621702, 0.0, 0.1], "k_pid_att": [43.948176657889235, 3.7802132718527557, 0.9274604585040267], "k_pid_yaw": [0.5, 1e-06, 0.1], "k_pid_hsp": [2.395389635608916, 0.01, 0.01], "k_pid_vsp": [111.20884264032553, 102.7157397860675, 1.0]}, "datetime": {"datetime": "2025-08-20 18:02:15", "elapsed": 22189.646879196167, "delta": 14.820265769958496}, "costs": {"total_cost": 178.70478725309496, "time_cost": 69.12, "final_distance_cost": 1.8299338179061795, "oscillation_cost": 35.21687367722384, "completition_cost": 0.0, "overshoot_cost": 50.090394500534366, "power_cost": 11.321949291992189, "noise_cost": 11.125635965438402, "n_waypoints_completed": 9, "tot_waypoints": 9}}
