{"target": -2030.9842617195852, "params": {"k_pid_pos": [1.4698128353043505, 0.0822904257601288, 0.3434561031905483], "k_pid_alt": [0.9020104990244227, 0.0, 0.1], "k_pid_att": [97.15749504346589, 1.326856224425946, 0.016202813979795172], "k_pid_yaw": [0.5, 1e-06, 0.1], "k_pid_hsp": [2.82373402557605, 0.01, 0.01], "k_pid_vsp": [111.20884264032553, 102.7157397860675, 389.58451293912077]}, "datetime": {"datetime": "2025-08-20 22:54:34", "elapsed": 39729.04133725166, "delta": 24.21332550048828}, "costs": {"total_cost": 2030.9842617195852, "time_cost": 150, "final_distance_cost": 398.8392386792757, "oscillation_cost": 97.75802254606856, "completition_cost": 888.8888888888888, "overshoot_cost": 478.6177530189937, "power_cost": 8.061251416015626, "noise_cost": 8.819107170342683, "n_waypoints_completed": 1, "tot_waypoints": 9}}
{"target": -228.24276735575023, "params": {"k_pid_pos": [1.4698128353043505, 0.9221682988503864, 0.3434561031905483], "k_pid_alt": [1.2679502233621702, 0.0, 0.1], "k_pid_att": [43.948176657889235, 1.326856224425946, 0.9808211468183533], "k_pid_yaw": [0.5, 1e-06, 0.1], "k_pid_hsp": [2.82373402557605, 0.01, 0.01], "k_pid_vsp": [111.20884264032553, 18.0010542721825, 1.0]}, "datetime": {"datetime": "2025-08-20 22:54:54", "elapsed": 39749.07982516289, "delta": 20.038487911224365}, "costs": {"total_cost": 228.24276735575023, "time_cost": 91.368, "final_distance_cost": 1.7593643657081037, "oscillation_cost": 50.086932628488256, "completition_cost": 0.0, "overshoot_cost": 54.89893456574663, "power_cost": 15.989749365234376, "noise_cost": 14.139786430572851, "n_waypoints_completed": 9, "tot_waypoints": 9}}
{"target": -217.92264850153578, "params": {"k_pid_pos": [1.4698128353043505, 0.772565137968609, 0.3434561031905483], "k_pid_alt": [1.2679502233621702, 0.0, 0.9642927441257968], "k_pid_att": [43.948176657889235, 1.326856224425946, 0.9808211468183533], "k_pid_yaw": [0.5, 1e-06, 0.1], "k_pid_hsp": [2.82373402557605, 0.01, 0.01], "k_pid_vsp": [111.20884264032553, 102.7157397860675, 1.0]}, "datetime": {"datetime": "2025-08-20 22:55:15", "elapsed": 39769.96209836006, "delta": 20.882273197174072}, "costs": {"total_cost": 217.92264850153578, "time_cost": 87.4, "final_distance_cost": 1.7861243470952042, "oscillation_cost": 47.725858358602345, "completition_cost": 0.0, "overshoot_cost": 52.518702350623165, "power_cost": 14.973642614746094, "noise_cost": 13.518320830468951, "n_waypoints_completed": 9, "tot_waypoints": 9}}
{"target": -768.1698221806963, "params": {"k_pid_pos": [1.4698128353043505, 0.5359745501125973, 0.3434561031905483], "k_pid_alt": [0.8737548644081292, 0.84379583311588, 0.1], "k_pid_att": [43.948176657889235, 1.326856224425946, 0.21507657187817486], "k_pid_yaw": [0.5, 1e-06, 0.1], "k_pid_hsp": [2.82373402557605, 0.01, 0.29283539740893394], "k_pid_vsp": [111.20884264032553, 102.7157397860675, 1.0]}, "datetime": {"datetime": "2025-08-20 22:55:38", "elapsed": 39793.47347283363, "delta": 23.511374473571777}, "costs": {"total_cost": 768.1698221806963, "time_cost": 150, "final_distance_cost": 75.86545806450837, "oscillation_cost": 231.04580304152674, "completition_cost": 222.2222222222222, "overshoot_cost": 51.7726363859673, "power_cost": 20.063715844726563, "noise_cost": 17.19998662174518, "n_waypoints_completed": 7, "tot_waypoints": 9}}
{"target": -177.60937995499717, "params": {"k_pid_pos": [1.4698128353043505, 0.0822904257601288, 0.3434561031905483], "k_pid_alt": [1.2679502233621702, 0.0, 0.1], "k_pid_att": [43.948176657889235, 1.326856224425946, 0.9808211468183533], "k_pid_yaw": [0.5, 1e-06, 0.1], "k_pid_hsp": [2.82373402557605, 0.01, 0.01], "k_pid_vsp": [111.20884264032553, 102.7157397860675, 1.0]}, "datetime": {"datetime": "2025-08-20 22:55:53", "elapsed": 39808.41954088211, "delta": 14.946068048477173}, "costs": {"total_cost": 177.60937995499717, "time_cost": 69.168, "final_distance_cost": 1.8236531971998164, "oscillation_cost": 34.65964045638309, "completition_cost": 0.0, "overshoot_cost": 49.90985172465229, "power_cost": 11.13902373046875, "noise_cost": 10.909210846293195, "n_waypoints_completed": 9, "tot_waypoints": 9}}
{"target": -177.60937995499717, "params": {"k_pid_pos": [1.4698128353043505, 0.0822904257601288, 0.3434561031905483], "k_pid_alt": [1.2679502233621702, 0.0, 0.1], "k_pid_att": [43.948176657889235, 1.326856224425946, 0.9808211468183533], "k_pid_yaw": [0.5, 1e-06, 0.1], "k_pid_hsp": [2.82373402557605, 0.01, 0.01], "k_pid_vsp": [111.20884264032553, 102.7157397860675, 1.0]}, "datetime": {"datetime": "2025-08-20 22:56:11", "elapsed": 39825.779644966125, "delta": 17.360104084014893}, "costs": {"total_cost": 177.60937995499717, "time_cost": 69.168, "final_distance_cost": 1.8236531971998164, "oscillation_cost": 34.65964045638309, "completition_cost": 0.0, "overshoot_cost": 49.90985172465229, "power_cost": 11.13902373046875, "noise_cost": 10.909210846293195, "n_waypoints_completed": 9, "tot_waypoints": 9}}
{"target": -177.60937995499717, "params": {"k_pid_pos": [1.4698128353043505, 0.0822904257601288, 0.3434561031905483], "k_pid_alt": [1.2679502233621702, 0.0, 0.1], "k_pid_att": [43.948176657889235, 1.326856224425946, 0.9808211468183533], "k_pid_yaw": [0.5, 1e-06, 0.1], "k_pid_hsp": [2.82373402557605, 0.01, 0.01], "k_pid_vsp": [111.20884264032553, 102.7157397860675, 1.0]}, "datetime": {"datetime": "2025-08-20 22:56:27", "elapsed": 39841.73686957359, "delta": 15.957224607467651}, "costs": {"total_cost": 177.60937995499717, "time_cost": 69.168, "final_distance_cost": 1.8236531971998164, "oscillation_cost": 34.65964045638309, "completition_cost": 0.0, "overshoot_cost": 49.90985172465229, "power_cost": 11.13902373046875, "noise_cost": 10.909210846293195, "n_waypoints_completed": 9, "tot_waypoints": 9}}
{"target": -262.15042804196486, "params": {"k_pid_pos": [1.4698128353043505, 0.0822904257601288, 0.3434561031905483], "k_pid_alt": [1.2679502233621702, 0.0, 0.1], "k_pid_att": [43.948176657889235, 1.326856224425946, 0.9808211468183533], "k_pid_yaw": [0.5, 1e-06, 0.1], "k_pid_hsp": [2.82373402557605, 0.9096432186945209, 0.13829034581553945], "k_pid_vsp": [394.6113025542496, 102.7157397860675, 12.527173717198536]}, "datetime": {"datetime": "2025-08-20 22:56:43", "elapsed": 39858.31882691383, "delta": 16.58195734024048}, "costs": {"total_cost": 262.15042804196486, "time_cost": 74.712, "final_distance_cost": 1.798506856094054, "oscillation_cost": 106.50389113962818, "completition_cost": 0.0, "overshoot_cost": 50.073866274966875, "power_cost": 16.105835034179687, "noise_cost": 12.956328737096117, "n_waypoints_completed": 9, "tot_waypoints": 9}}
{"target": -185.0730450400565, "params": {"k_pid_pos": [1.4698128353043505, 0.0822904257601288, 0.3434561031905483], "k_pid_alt": [0.8737548644081292, 0.0, 0.1], "k_pid_att": [74.86132892719988, 2.771467938851939, 0.9808211468183533], "k_pid_yaw": [0.5, 1e-06, 0.1], "k_pid_hsp": [2.82373402557605, 0.01, 0.01], "k_pid_vsp": [111.20884264032553, 102.7157397860675, 1.0]}, "datetime": {"datetime": "2025-08-20 22:57:01", "elapsed": 39875.678198337555, "delta": 17.359371423721313}, "costs": {"total_cost": 185.0730450400565, "time_cost": 70.952, "final_distance_cost": 1.8057589943446026, "oscillation_cost": 39.413891347824396, "completition_cost": 0.0, "overshoot_cost": 49.998535982997694, "power_cost": 11.705714526367188, "noise_cost": 11.197144188522616, "n_waypoints_completed": 9, "tot_waypoints": 9}}
{"target": -201.36610484074538, "params": {"k_pid_pos": [1.4698128353043505, 0.0822904257601288, 0.3434561031905483], "k_pid_alt": [1.2679502233621702, 0.5603304823292007, 0.1], "k_pid_att": [43.948176657889235, 1.326856224425946, 0.9808211468183533], "k_pid_yaw": [0.5, 1e-06, 0.1], "k_pid_hsp": [2.82373402557605, 0.01, 0.01], "k_pid_vsp": [111.20884264032553, 102.7157397860675, 1.0]}, "datetime": {"datetime": "2025-08-20 22:57:18", "elapsed": 39893.15637278557, "delta": 17.478174448013306}, "costs": {"total_cost": 201.36610484074538, "time_cost": 77.864, "final_distance_cost": 1.743600320931967, "oscillation_cost": 46.15093645526462, "completition_cost": 0.0, "overshoot_cost": 51.20171036848462, "power_cost": 12.754243981933595, "noise_cost": 11.65161371413057, "n_waypoints_completed": 9, "tot_waypoints": 9}}
{"target": -1432.776187428507, "params": {"k_pid_pos": [0.820988891656435, 0.0822904257601288, 0.3434561031905483], "k_pid_alt": [0.9020104990244227, 0.0, 0.1], "k_pid_att": [43.948176657889235, 1.326856224425946, 0.9808211468183533], "k_pid_yaw": [0.5, 1e-06, 0.1], "k_pid_hsp": [2.82373402557605, 0.01, 0.01], "k_pid_vsp": [111.20884264032553, 102.7157397860675, 286.57010988049694]}, "datetime": {"datetime": "2025-08-20 22:57:41", "elapsed": 39916.37798881531, "delta": 23.22161602973938}, "costs": {"total_cost": 1432.776187428507, "time_cost": 150, "final_distance_cost": 167.96831511643455, "oscillation_cost": 30.28103363980955, "completition_cost": 888.8888888888888, "overshoot_cost": 130.94488634097607, "power_cost": 36.82668090820313, "noise_cost": 27.86638253419493, "n_waypoints_completed": 1, "tot_waypoints": 9}}
{"target": -217.72031925873458, "params": {"k_pid_pos": [1.4698128353043505, 0.0822904257601288, 0.3434561031905483], "k_pid_alt": [1.2679502233621702, 0.0, 0.1], "k_pid_att": [43.948176657889235, 1.326856224425946, 0.9808211468183533], "k_pid_yaw": [0.5, 1e-06, 0.1], "k_pid_hsp": [2.82373402557605, 0.01, 0.1118989033410478], "k_pid_vsp": [111.20884264032553, 249.85044079645235, 1.0]}, "datetime": {"datetime": "2025-08-20 22:58:00", "elapsed": 39935.39743447304, "delta": 19.019445657730103}, "costs": {"total_cost": 217.72031925873458, "time_cost": 75.47200000000001, "final_distance_cost": 1.8129908449011702, "oscillation_cost": 63.94828342471912, "completition_cost": 0.0, "overshoot_cost": 50.1638515131008, "power_cost": 13.859472302246095, "noise_cost": 12.463721173767368, "n_waypoints_completed": 9, "tot_waypoints": 9}}
{"target": -218.36803170319502, "params": {"k_pid_pos": [1.4698128353043505, 0.8051487301469052, 0.3434561031905483], "k_pid_alt": [0.8737548644081292, 0.0, 0.1], "k_pid_att": [39.43551947786956, 1.326856224425946, 0.9808211468183533], "k_pid_yaw": [0.5, 1e-06, 0.1], "k_pid_hsp": [2.82373402557605, 0.01, 0.01], "k_pid_vsp": [111.20884264032553, 102.7157397860675, 1.0]}, "datetime": {"datetime": "2025-08-20 22:58:21", "elapsed": 39956.25868844986, "delta": 20.8612539768219}, "costs": {"total_cost": 218.36803170319502, "time_cost": 87.312, "final_distance_cost": 1.7480793747201469, "oscillation_cost": 47.72841404574769, "completition_cost": 0.0, "overshoot_cost": 52.89992054268308, "power_cost": 15.073701123046876, "noise_cost": 13.60591661699723, "n_waypoints_completed": 9, "tot_waypoints": 9}}
{"target": -182.97666125695747, "params": {"k_pid_pos": [1.4698128353043505, 0.0822904257601288, 0.3434561031905483], "k_pid_alt": [1.2679502233621702, 0.0, 0.1], "k_pid_att": [9.353998950407705, 1.2169696906303682, 0.9808211468183533], "k_pid_yaw": [0.5, 1e-06, 0.1], "k_pid_hsp": [2.82373402557605, 0.01, 0.01], "k_pid_vsp": [103.0527854068954, 102.7157397860675, 1.0]}, "datetime": {"datetime": "2025-08-20 22:58:36", "elapsed": 39971.26267981529, "delta": 15.00399136543274}, "costs": {"total_cost": 182.97666125695747, "time_cost": 68.904, "final_distance_cost": 1.78797375617749, "oscillation_cost": 38.89315094098554, "completition_cost": 0.0, "overshoot_cost": 49.98546636001673, "power_cost": 12.179738647460939, "noise_cost": 11.226331552316797, "n_waypoints_completed": 9, "tot_waypoints": 9}}
{"target": -180.90548198919703, "params": {"k_pid_pos": [1.4698128353043505, 0.0822904257601288, 0.19730102139317784], "k_pid_alt": [1.2679502233621702, 0.0, 0.1], "k_pid_att": [43.948176657889235, 1.326856224425946, 0.9808211468183533], "k_pid_yaw": [0.5, 1e-06, 0.1], "k_pid_hsp": [2.82373402557605, 0.4577334205577319, 0.01], "k_pid_vsp": [111.20884264032553, 102.7157397860675, 1.0]}, "datetime": {"datetime": "2025-08-20 22:58:53", "elapsed": 39988.000383615494, "delta": 16.737703800201416}, "costs": {"total_cost": 180.90548198919703, "time_cost": 68.512, "final_distance_cost": 1.7971079260924048, "oscillation_cost": 39.02250578092901, "completition_cost": 0.0, "overshoot_cost": 49.28045829806641, "power_cost": 11.46026239013672, "noise_cost": 10.833147593972456, "n_waypoints_completed": 9, "tot_waypoints": 9}}
{"target": -1074.7051216032626, "params": {"k_pid_pos": [1.4698128353043505, 0.0822904257601288, 0.11242249713100771], "k_pid_alt": [1.2679502233621702, 0.0, 0.1], "k_pid_att": [43.948176657889235, 1.326856224425946, 0.9808211468183533], "k_pid_yaw": [0.5, 1e-06, 0.1], "k_pid_hsp": [2.82373402557605, 0.01, 0.01], "k_pid_vsp": [111.20884264032553, 102.7157397860675, 359.84651981328983]}, "datetime": {"datetime": "2025-08-20 22:59:16", "elapsed": 40011.279722452164, "delta": 23.279338836669922}, "costs": {"total_cost": 1074.7051216032626, "time_cost": 150, "final_distance_cost": 79.67023776071971, "oscillation_cost": 40.34939733771279, "completition_cost": 666.6666666666667, "overshoot_cost": 107.688334388242, "power_cost": 13.083435559082032, "noise_cost": 17.247049890839207, "n_waypoints_completed": 3, "tot_waypoints": 9}}
{"target": -387.5772574390042, "params": {"k_pid_pos": [1.4698128353043505, 0.0822904257601288, 0.3434561031905483], "k_pid_alt": [1.2679502233621702, 0.6447896631361855, 0.1], "k_pid_att": [43.948176657889235, 1.326856224425946, 0.9808211468183533], "k_pid_yaw": [0.5, 1e-06, 0.1], "k_pid_hsp": [2.82373402557605, 0.01, 0.9189686323367625], "k_pid_vsp": [111.20884264032553, 102.7157397860675, 1.0]}, "datetime": {"datetime": "2025-08-20 22:59:38", "elapsed": 40033.25454545021, "delta": 21.974822998046875}, "costs": {"total_cost": 387.5772574390042, "time_cost": 96.56, "final_distance_cost": 1.7760891516728516, "oscillation_cost": 196.88452833736193, "completition_cost": 0.0, "overshoot_cost": 56.79813677288789, "power_cost": 19.522067712402343, "noise_cost": 16.036435464679116, "n_waypoints_completed": 9, "tot_waypoints": 9}}
{"target": -178.3596343032932, "params": {"k_pid_pos": [1.4698128353043505, 0.0822904257601288, 0.3434561031905483], "k_pid_alt": [1.2679502233621702, 0.0, 0.1], "k_pid_att": [43.948176657889235, 8.164782527102767, 0.9808211468183533], "k_pid_yaw": [0.5, 1e-06, 0.1], "k_pid_hsp": [2.82373402557605, 0.01, 0.01], "k_pid_vsp": [111.20884264032553, 102.7157397860675, 1.0]}, "datetime": {"datetime": "2025-08-20 22:59:54", "elapsed": 40048.92640686035, "delta": 15.671861410140991}, "costs": {"total_cost": 178.3596343032932, "time_cost": 69.2, "final_distance_cost": 1.8071460590315376, "oscillation_cost": 35.18939287950764, "completition_cost": 0.0, "overshoot_cost": 49.91167277130032, "power_cost": 11.259518103027345, "noise_cost": 10.991904490426357, "n_waypoints_completed": 9, "tot_waypoints": 9}}
{"target": -181.1478232954287, "params": {"k_pid_pos": [1.4698128353043505, 0.0822904257601288, 0.3434561031905483], "k_pid_alt": [1.2679502233621702, 0.0, 0.05010974591185968], "k_pid_att": [43.948176657889235, 1.326856224425946, 0.9808211468183533], "k_pid_yaw": [0.5, 1e-06, 0.1], "k_pid_hsp": [2.82373402557605, 0.01, 0.01], "k_pid_vsp": [111.20884264032553, 306.5653082406949, 1.0]}, "datetime": {"datetime": "2025-08-20 23:00:10", "elapsed": 40065.477112054825, "delta": 16.550705194473267}, "costs": {"total_cost": 181.1478232954287, "time_cost": 69.0, "final_distance_cost": 1.833703869048748, "oscillation_cost": 38.40203073139102, "completition_cost": 0.0, "overshoot_cost": 49.70960863506233, "power_cost": 11.264429248046875, "noise_cost": 10.938050811879737, "n_waypoints_completed": 9, "tot_waypoints": 9}}
{"target": -183.34289509896615, "params": {"k_pid_pos": [1.4698128353043505, 0.0822904257601288, 0.3434561031905483], "k_pid_alt": [1.2679502233621702, 0.0, 0.3157032531275451], "k_pid_att": [9.14477148846079, 1.4171773283956124, 0.9808211468183533], "k_pid_yaw": [0.5, 1e-06, 0.1], "k_pid_hsp": [2.82373402557605, 0.01, 0.01], "k_pid_vsp": [111.20884264032553, 102.7157397860675, 1.0]}, "datetime": {"datetime": "2025-08-20 23:00:26", "elapsed": 40081.403049230576, "delta": 15.925937175750732}, "costs": {"total_cost": 183.34289509896615, "time_cost": 69.56, "final_distance_cost": 1.815033834768219, "oscillation_cost": 38.711965668702106, "completition_cost": 0.0, "overshoot_cost": 49.72841376867808, "power_cost": 12.356818481445313, "noise_cost": 11.170663345372414, "n_waypoints_completed": 9, "tot_waypoints": 9}}
{"target": -185.8778007637857, "params": {"k_pid_pos": [1.729996457732455, 0.0822904257601288, 0.027766713950817756], "k_pid_alt": [1.2679502233621702, 0.0, 0.1], "k_pid_att": [43.948176657889235, 1.326856224425946, 0.9808211468183533], "k_pid_yaw": [0.5, 1e-06, 0.1], "k_pid_hsp": [2.82373402557605, 0.01, 0.01], "k_pid_vsp": [192.0752855763678, 102.7157397860675, 1.0]}, "datetime": {"datetime": "2025-08-20 23:00:43", "elapsed": 40098.27998685837, "delta": 16.87693762779236}, "costs": {"total_cost": 185.8778007637857, "time_cost": 69.008, "final_distance_cost": 1.78244826536163, "oscillation_cost": 42.568688648572525, "completition_cost": 0.0, "overshoot_cost": 50.21175932479351, "power_cost": 11.399716955566406, "noise_cost": 10.907187569491624, "n_waypoints_completed": 9, "tot_waypoints": 9}}
{"target": -193.3242280154687, "params": {"k_pid_pos": [1.2048953097984418, 0.5931963056508585, 0.3434561031905483], "k_pid_alt": [1.2679502233621702, 0.0, 0.1], "k_pid_att": [43.948176657889235, 1.326856224425946, 0.9808211468183533], "k_pid_yaw": [0.5, 1e-06, 0.1], "k_pid_hsp": [2.82373402557605, 0.01, 0.01], "k_pid_vsp": [111.20884264032553, 102.7157397860675, 1.0]}, "datetime": {"datetime": "2025-08-20 23:01:00", "elapsed": 40115.30112862587, "delta": 17.02114176750183}, "costs": {"total_cost": 193.3242280154687, "time_cost": 76.96000000000001, "final_distance_cost": 1.7895238868561318, "oscillation_cost": 38.23038956314991, "completition_cost": 0.0, "overshoot_cost": 51.415412717123665, "power_cost": 12.923757250976562, "noise_cost": 12.00514459736241, "n_waypoints_completed": 9, "tot_waypoints": 9}}
{"target": -191.94034102899204, "params": {"k_pid_pos": [0.5060692904340539, 0.517989997140969, 0.3434561031905483], "k_pid_alt": [1.2679502233621702, 0.0, 0.1], "k_pid_att": [32.5006215253743, 1.326856224425946, 0.9808211468183533], "k_pid_yaw": [0.5, 1e-06, 0.1], "k_pid_hsp": [2.82373402557605, 0.5904477871505759, 0.01], "k_pid_vsp": [111.20884264032553, 102.7157397860675, 1.0]}, "datetime": {"datetime": "2025-08-20 23:01:20", "elapsed": 40134.5815718174, "delta": 19.28044319152832}, "costs": {"total_cost": 191.94034102899204, "time_cost": 76.52, "final_distance_cost": 1.809415419403022, "oscillation_cost": 39.06326779898895, "completition_cost": 0.0, "overshoot_cost": 49.7737957760845, "power_cost": 12.821146813964845, "noise_cost": 11.952715220550738, "n_waypoints_completed": 9, "tot_waypoints": 9}}
{"target": -199.6945235768314, "params": {"k_pid_pos": [1.4698128353043505, 0.0822904257601288, 0.8534608306708414], "k_pid_alt": [0.8737548644081292, 0.0, 0.9073445435994871], "k_pid_att": [43.948176657889235, 6.338149104467201, 0.9808211468183533], "k_pid_yaw": [0.5, 1e-06, 0.1], "k_pid_hsp": [2.82373402557605, 0.01, 0.01], "k_pid_vsp": [111.20884264032553, 102.7157397860675, 1.0]}, "datetime": {"datetime": "2025-08-20 23:01:38", "elapsed": 40152.51845240593, "delta": 17.936880588531494}, "costs": {"total_cost": 199.6945235768314, "time_cost": 80.152, "final_distance_cost": 1.8464283288702565, "oscillation_cost": 41.90848803041008, "completition_cost": 0.0, "overshoot_cost": 50.21034993257203, "power_cost": 13.233826989746094, "noise_cost": 12.343430295232913, "n_waypoints_completed": 9, "tot_waypoints": 9}}
{"target": -1145.9613457664123, "params": {"k_pid_pos": [1.3983757980924527, 0.0822904257601288, 0.3434561031905483], "k_pid_alt": [1.2679502233621702, 0.0, 0.1], "k_pid_att": [74.86132892719988, 2.771467938851939, 0.9808211468183533], "k_pid_yaw": [0.5, 1e-06, 0.1], "k_pid_hsp": [2.82373402557605, 0.01, 0.7157967701039618], "k_pid_vsp": [111.20884264032553, 102.7157397860675, 310.87328120219104]}, "datetime": {"datetime": "2025-08-20 23:02:02", "elapsed": 40177.4017264843, "delta": 24.88327407836914}, "costs": {"total_cost": 1145.9613457664123, "time_cost": 150, "final_distance_cost": 40.78175416647092, "oscillation_cost": 296.9931439058379, "completition_cost": 555.5555555555555, "overshoot_cost": 59.91361972503273, "power_cost": 22.406399340820315, "noise_cost": 20.310873072694964, "n_waypoints_completed": 4, "tot_waypoints": 9}}
{"target": -178.48553921693886, "params": {"k_pid_pos": [1.4698128353043505, 0.0822904257601288, 0.3434561031905483], "k_pid_alt": [1.2679502233621702, 0.0, 0.1], "k_pid_att": [43.948176657889235, 9.679534059136797, 0.9808211468183533], "k_pid_yaw": [0.5, 1e-06, 0.1], "k_pid_hsp": [2.82373402557605, 0.01, 0.01], "k_pid_vsp": [111.20884264032553, 102.7157397860675, 1.0]}, "datetime": {"datetime": "2025-08-20 23:02:18", "elapsed": 40192.702916145325, "delta": 15.301189661026001}, "costs": {"total_cost": 178.48553921693886, "time_cost": 69.152, "final_distance_cost": 1.8196448394057845, "oscillation_cost": 35.42502333519681, "completition_cost": 0.0, "overshoot_cost": 49.96280794679799, "power_cost": 11.159308215332032, "noise_cost": 10.966754880206242, "n_waypoints_completed": 9, "tot_waypoints": 9}}
