{"target": -331.5412657576983, "params": {"k_pid_pos": [1.4698128353043505, 0.7426549203646741, 0.3434561031905483], "k_pid_alt": [1.7845667305757842, 0.0, 0.1], "k_pid_att": [23.80494288559516, 3.7802132718527557, 0.9274604585040267], "k_pid_yaw": [0.5, 1e-06, 0.1], "k_pid_hsp": [2.395389635608916, 0.826480075803284, 0.6325730157274954], "k_pid_vsp": [111.20884264032553, 102.7157397860675, 1.0]}, "datetime": {"datetime": "2025-08-20 18:46:11", "elapsed": 24825.936981916428, "delta": 20.711615562438965}, "costs": {"total_cost": 331.5412657576983, "time_cost": 87.88, "final_distance_cost": 1.7359229658223456, "oscillation_cost": 149.25981325109842, "completition_cost": 0.0, "overshoot_cost": 58.42662707154153, "power_cost": 18.109064685058595, "noise_cost": 16.129837784177454, "n_waypoints_completed": 9, "tot_waypoints": 9}}
{"target": -199.39161706606515, "params": {"k_pid_pos": [1.4698128353043505, 0.5305213852260082, 0.3434561031905483], "k_pid_alt": [1.2679502233621702, 0.0, 0.10787213524592076], "k_pid_att": [43.948176657889235, 1.326856224425946, 0.9274604585040267], "k_pid_yaw": [0.5, 1e-06, 0.1], "k_pid_hsp": [2.82373402557605, 0.18838112831262277, 0.01], "k_pid_vsp": [111.20884264032553, 102.7157397860675, 1.0]}, "datetime": {"datetime": "2025-08-20 18:46:29", "elapsed": 24843.782914876938, "delta": 17.845932960510254}, "costs": {"total_cost": 199.39161706606515, "time_cost": 79.272, "final_distance_cost": 1.7812682977009897, "oscillation_cost": 40.79767108151482, "completition_cost": 0.0, "overshoot_cost": 51.7288370140796, "power_cost": 13.45348123779297, "noise_cost": 12.358359434976757, "n_waypoints_completed": 9, "tot_waypoints": 9}}
{"target": -356.82132040435766, "params": {"k_pid_pos": [1.4698128353043505, 0.7268439883298804, 0.3434561031905483], "k_pid_alt": [1.8881273681718351, 0.6800129433604662, 0.1], "k_pid_att": [43.948176657889235, 3.7802132718527557, 0.9274604585040267], "k_pid_yaw": [0.5, 1e-06, 0.1], "k_pid_hsp": [2.395389635608916, 0.01, 0.27473298843389526], "k_pid_vsp": [111.20884264032553, 102.7157397860675, 1.0]}, "datetime": {"datetime": "2025-08-20 18:46:49", "elapsed": 24864.267586946487, "delta": 20.48467206954956}, "costs": {"total_cost": 356.82132040435766, "time_cost": 93.504, "final_distance_cost": 1.7066243691303156, "oscillation_cost": 172.18629809766014, "completition_cost": 0.0, "overshoot_cost": 54.88827593368051, "power_cost": 18.79345372314453, "noise_cost": 15.742668280742206, "n_waypoints_completed": 9, "tot_waypoints": 9}}
{"target": -183.32795127961043, "params": {"k_pid_pos": [1.8792899704868669, 0.024859491386256316, 0.3434561031905483], "k_pid_alt": [1.2679502233621702, 0.0, 0.1], "k_pid_att": [43.948176657889235, 1.326856224425946, 0.9274604585040267], "k_pid_yaw": [0.5, 1e-06, 0.1], "k_pid_hsp": [2.82373402557605, 0.01, 0.01], "k_pid_vsp": [111.20884264032553, 216.29307082677042, 1.0]}, "datetime": {"datetime": "2025-08-20 18:47:05", "elapsed": 24880.167732715607, "delta": 15.900145769119263}, "costs": {"total_cost": 183.32795127961043, "time_cost": 68.616, "final_distance_cost": 1.783996060010511, "oscillation_cost": 40.59000095519191, "completition_cost": 0.0, "overshoot_cost": 50.052707356325946, "power_cost": 11.447744067382812, "noise_cost": 10.837502840699246, "n_waypoints_completed": 9, "tot_waypoints": 9}}
{"target": -1055.38381307326, "params": {"k_pid_pos": [1.4698128353043505, 0.024859491386256316, 0.6757033497418591], "k_pid_alt": [1.2679502233621702, 0.0, 0.1], "k_pid_att": [43.948176657889235, 4.442529064718983, 0.9274604585040267], "k_pid_yaw": [0.5, 1e-06, 0.1], "k_pid_hsp": [2.82373402557605, 0.9207548104503314, 0.01], "k_pid_vsp": [111.20884264032553, 102.7157397860675, 141.47351125319997]}, "datetime": {"datetime": "2025-08-20 18:47:28", "elapsed": 24902.883773565292, "delta": 22.71604084968567}, "costs": {"total_cost": 1055.38381307326, "time_cost": 150, "final_distance_cost": 70.45490395343657, "oscillation_cost": 47.745195352263146, "completition_cost": 666.6666666666667, "overshoot_cost": 77.20716942146528, "power_cost": 25.07048504638672, "noise_cost": 18.23939263304157, "n_waypoints_completed": 3, "tot_waypoints": 9}}
{"target": -236.8430969276677, "params": {"k_pid_pos": [1.8922997940790476, 0.024859491386256316, 0.7774444947807966], "k_pid_alt": [0.6990576723479807, 0.0, 0.1], "k_pid_att": [37.12179941719916, 5.859554809351448, 0.9274604585040267], "k_pid_yaw": [0.5, 1e-06, 0.1], "k_pid_hsp": [7.908118916304563, 0.01, 0.01], "k_pid_vsp": [264.9966777379314, 102.7157397860675, 1.0]}, "datetime": {"datetime": "2025-08-20 18:47:44", "elapsed": 24918.740590810776, "delta": 15.856817245483398}, "costs": {"total_cost": 236.8430969276677, "time_cost": 72.664, "final_distance_cost": 1.8497053160721768, "oscillation_cost": 88.18823404329072, "completition_cost": 0.0, "overshoot_cost": 50.1213860701987, "power_cost": 12.401825952148439, "noise_cost": 11.61794554595768, "n_waypoints_completed": 9, "tot_waypoints": 9}}
{"target": -178.70478725309496, "params": {"k_pid_pos": [1.4698128353043505, 0.024859491386256316, 0.3434561031905483], "k_pid_alt": [1.2679502233621702, 0.0, 0.1], "k_pid_att": [43.948176657889235, 3.7802132718527557, 0.9274604585040267], "k_pid_yaw": [0.5, 1e-06, 0.1], "k_pid_hsp": [2.395389635608916, 0.01, 0.01], "k_pid_vsp": [111.20884264032553, 102.7157397860675, 1.0]}, "datetime": {"datetime": "2025-08-20 18:48:00", "elapsed": 24934.861300230026, "delta": 16.12070941925049}, "costs": {"total_cost": 178.70478725309496, "time_cost": 69.12, "final_distance_cost": 1.8299338179061795, "oscillation_cost": 35.21687367722384, "completition_cost": 0.0, "overshoot_cost": 50.090394500534366, "power_cost": 11.321949291992189, "noise_cost": 11.125635965438402, "n_waypoints_completed": 9, "tot_waypoints": 9}}
{"target": -191.8651354128767, "params": {"k_pid_pos": [1.4698128353043505, 0.49631364484586815, 0.8821205660026245], "k_pid_alt": [1.2679502233621702, 0.0, 0.1], "k_pid_att": [43.948176657889235, 3.7802132718527557, 0.9274604585040267], "k_pid_yaw": [0.5, 1e-06, 0.1], "k_pid_hsp": [2.395389635608916, 0.01, 0.01], "k_pid_vsp": [110.56511661686339, 102.7157397860675, 1.0]}, "datetime": {"datetime": "2025-08-20 18:48:17", "elapsed": 24952.073612689972, "delta": 17.21231245994568}, "costs": {"total_cost": 191.8651354128767, "time_cost": 75.0, "final_distance_cost": 1.7853859426770278, "oscillation_cost": 40.58970258230974, "completition_cost": 0.0, "overshoot_cost": 50.57650509546247, "power_cost": 12.083946081542969, "noise_cost": 11.829595710884487, "n_waypoints_completed": 9, "tot_waypoints": 9}}
{"target": -195.34543800361502, "params": {"k_pid_pos": [1.4698128353043505, 0.23755300683015446, 0.6441154478304989], "k_pid_alt": [1.2679502233621702, 0.0, 0.8240637188070686], "k_pid_att": [43.948176657889235, 3.8490583285537396, 0.9274604585040267], "k_pid_yaw": [0.5, 1e-06, 0.1], "k_pid_hsp": [2.395389635608916, 0.01, 0.01], "k_pid_vsp": [111.20884264032553, 102.7157397860675, 1.0]}, "datetime": {"datetime": "2025-08-20 18:48:34", "elapsed": 24968.514271974564, "delta": 16.440659284591675}, "costs": {"total_cost": 195.34543800361502, "time_cost": 76.664, "final_distance_cost": 1.8367357923472327, "oscillation_cost": 41.40890618341538, "completition_cost": 0.0, "overshoot_cost": 50.69620777775138, "power_cost": 12.72070799560547, "noise_cost": 12.018880254495539, "n_waypoints_completed": 9, "tot_waypoints": 9}}
{"target": -187.4879034416184, "params": {"k_pid_pos": [1.4698128353043505, 0.43502179072678904, 0.3434561031905483], "k_pid_alt": [1.2679502233621702, 0.0, 0.1], "k_pid_att": [43.948176657889235, 3.7802132718527557, 0.9274604585040267], "k_pid_yaw": [0.5, 1e-06, 0.1], "k_pid_hsp": [2.395389635608916, 0.01, 0.01], "k_pid_vsp": [111.20884264032553, 102.7157397860675, 1.0]}, "datetime": {"datetime": "2025-08-20 18:48:50", "elapsed": 24985.11170721054, "delta": 16.597435235977173}, "costs": {"total_cost": 187.4879034416184, "time_cost": 73.48, "final_distance_cost": 1.746876780399948, "oscillation_cost": 36.34560339748189, "completition_cost": 0.0, "overshoot_cost": 51.75633605474062, "power_cost": 12.448816967773437, "noise_cost": 11.710270241222531, "n_waypoints_completed": 9, "tot_waypoints": 9}}
{"target": -178.54100956253663, "params": {"k_pid_pos": [1.4698128353043505, 0.024859491386256316, 0.3434561031905483], "k_pid_alt": [1.2679502233621702, 0.00018965351824429266, 0.1], "k_pid_att": [43.948176657889235, 3.7802132718527557, 0.9274604585040267], "k_pid_yaw": [0.5, 1e-06, 0.1], "k_pid_hsp": [2.395389635608916, 0.01, 0.01], "k_pid_vsp": [110.56511661686339, 102.7157397860675, 1.0]}, "datetime": {"datetime": "2025-08-20 18:49:06", "elapsed": 25000.7917034626, "delta": 15.679996252059937}, "costs": {"total_cost": 178.54100956253663, "time_cost": 69.096, "final_distance_cost": 1.8397838386898084, "oscillation_cost": 35.14474595251603, "completition_cost": 0.0, "overshoot_cost": 50.16555367917027, "power_cost": 11.283760546875001, "noise_cost": 11.011165545285525, "n_waypoints_completed": 9, "tot_waypoints": 9}}
{"target": -185.4659250780563, "params": {"k_pid_pos": [1.4698128353043505, 0.024859491386256316, 0.3434561031905483], "k_pid_alt": [1.2679502233621702, 0.0, 0.1], "k_pid_att": [31.770312284672542, 1.326856224425946, 0.9274604585040267], "k_pid_yaw": [0.5, 1e-06, 0.1], "k_pid_hsp": [2.82373402557605, 0.8699774626924047, 0.0030093955283441165], "k_pid_vsp": [111.20884264032553, 70.84075923231556, 1.0]}, "datetime": {"datetime": "2025-08-20 18:49:21", "elapsed": 25015.99218893051, "delta": 15.200485467910767}, "costs": {"total_cost": 185.4659250780563, "time_cost": 68.864, "final_distance_cost": 1.8498906807973432, "oscillation_cost": 42.994328192446766, "completition_cost": 0.0, "overshoot_cost": 49.33379347834749, "power_cost": 11.45836649169922, "noise_cost": 10.96554623476548, "n_waypoints_completed": 9, "tot_waypoints": 9}}
{"target": -209.29289968759858, "params": {"k_pid_pos": [1.4698128353043505, 0.024859491386256316, 0.3434561031905483], "k_pid_alt": [1.6718174236541343, 0.0, 0.30075101115001845], "k_pid_att": [43.948176657889235, 2.524269488566535, 0.9274604585040267], "k_pid_yaw": [0.5, 1e-06, 0.1], "k_pid_hsp": [2.82373402557605, 0.5654426201812867, 0.01], "k_pid_vsp": [111.20884264032553, 102.7157397860675, 75.78799424181197]}, "datetime": {"datetime": "2025-08-20 18:49:37", "elapsed": 25032.308662891388, "delta": 16.316473960876465}, "costs": {"total_cost": 209.29289968759858, "time_cost": 72.248, "final_distance_cost": 1.833050549770153, "oscillation_cost": 48.61785092897265, "completition_cost": 0.0, "overshoot_cost": 53.514583969449596, "power_cost": 19.02300166015625, "noise_cost": 14.056412579249933, "n_waypoints_completed": 9, "tot_waypoints": 9}}
{"target": -184.4653093022337, "params": {"k_pid_pos": [1.4698128353043505, 0.024859491386256316, 0.7774444947807966], "k_pid_alt": [1.2679502233621702, 0.0, 0.1], "k_pid_att": [43.948176657889235, 3.7802132718527557, 0.6718005340770477], "k_pid_yaw": [0.5, 1e-06, 0.1], "k_pid_hsp": [2.395389635608916, 0.18838112831262277, 0.01], "k_pid_vsp": [111.20884264032553, 102.7157397860675, 1.0]}, "datetime": {"datetime": "2025-08-20 18:49:52", "elapsed": 25047.455326795578, "delta": 15.146663904190063}, "costs": {"total_cost": 184.4653093022337, "time_cost": 70.4, "final_distance_cost": 1.8526662288154645, "oscillation_cost": 39.272216721302584, "completition_cost": 0.0, "overshoot_cost": 49.54057891341745, "power_cost": 11.824614782714844, "noise_cost": 11.575232655983354, "n_waypoints_completed": 9, "tot_waypoints": 9}}
{"target": -181.4762775292109, "params": {"k_pid_pos": [1.8922997940790476, 0.024859491386256316, 0.3434561031905483], "k_pid_alt": [1.2679502233621702, 0.0, 0.1], "k_pid_att": [43.948176657889235, 3.7802132718527557, 0.9274604585040267], "k_pid_yaw": [0.5, 1e-06, 0.1], "k_pid_hsp": [2.395389635608916, 0.01, 0.01], "k_pid_vsp": [110.56511661686339, 102.7157397860675, 1.0]}, "datetime": {"datetime": "2025-08-20 18:50:08", "elapsed": 25063.138759613037, "delta": 15.683432817459106}, "costs": {"total_cost": 181.4762775292109, "time_cost": 68.544, "final_distance_cost": 1.7897217033045296, "oscillation_cost": 38.99409559074877, "completition_cost": 0.0, "overshoot_cost": 50.06121877952339, "power_cost": 11.303936352539063, "noise_cost": 10.783305103095163, "n_waypoints_completed": 9, "tot_waypoints": 9}}
{"target": -344.2945947925975, "params": {"k_pid_pos": [1.4698128353043505, 0.024859491386256316, 0.3434561031905483], "k_pid_alt": [1.2679502233621702, 0.0, 0.1], "k_pid_att": [43.948176657889235, 0.22073067032652463, 0.9274604585040267], "k_pid_yaw": [0.5, 1e-06, 0.1], "k_pid_hsp": [2.82373402557605, 0.01, 0.9797469599620067], "k_pid_vsp": [111.20884264032553, 199.80376917170463, 1.0]}, "datetime": {"datetime": "2025-08-20 18:50:29", "elapsed": 25083.529678344727, "delta": 20.390918731689453}, "costs": {"total_cost": 344.2945947925975, "time_cost": 85.21600000000001, "final_distance_cost": 1.6983848647486985, "oscillation_cost": 166.88039463068148, "completition_cost": 0.0, "overshoot_cost": 57.96061789452955, "power_cost": 17.38842637939453, "noise_cost": 15.150771023243173, "n_waypoints_completed": 9, "tot_waypoints": 9}}
{"target": -251.54031539864684, "params": {"k_pid_pos": [1.4698128353043505, 0.024859491386256316, 0.3434561031905483], "k_pid_alt": [1.2679502233621702, 0.5802231281307506, 0.1], "k_pid_att": [43.948176657889235, 1.326856224425946, 0.7148072191107216], "k_pid_yaw": [0.5, 1e-06, 0.1], "k_pid_hsp": [2.82373402557605, 0.01, 0.01], "k_pid_vsp": [111.20884264032553, 102.7157397860675, 75.78799424181197]}, "datetime": {"datetime": "2025-08-20 18:50:49", "elapsed": 25104.325929880142, "delta": 20.79625153541565}, "costs": {"total_cost": 251.54031539864684, "time_cost": 92.92, "final_distance_cost": 1.7349844419263345, "oscillation_cost": 59.61963413085468, "completition_cost": 0.0, "overshoot_cost": 57.13203365257089, "power_cost": 23.291099157714847, "noise_cost": 16.842564015580066, "n_waypoints_completed": 9, "tot_waypoints": 9}}
{"target": -205.43556498638657, "params": {"k_pid_pos": [1.4698128353043505, 0.024859491386256316, 0.3434561031905483], "k_pid_alt": [1.2679502233621702, 0.7028313728845099, 0.1], "k_pid_att": [37.12179941719916, 5.859554809351448, 0.9274604585040267], "k_pid_yaw": [0.5, 1e-06, 0.1], "k_pid_hsp": [2.395389635608916, 0.01, 0.01], "k_pid_vsp": [110.56511661686339, 216.4675096626358, 1.0]}, "datetime": {"datetime": "2025-08-20 18:51:07", "elapsed": 25121.92662882805, "delta": 17.600698947906494}, "costs": {"total_cost": 205.43556498638657, "time_cost": 77.104, "final_distance_cost": 1.7695733308218924, "oscillation_cost": 49.80197640223771, "completition_cost": 0.0, "overshoot_cost": 51.61168138695883, "power_cost": 13.382029211425781, "noise_cost": 11.766304654942365, "n_waypoints_completed": 9, "tot_waypoints": 9}}
{"target": -180.04597691461547, "params": {"k_pid_pos": [1.4698128353043505, 0.024859491386256316, 0.2662270978845458], "k_pid_alt": [1.2679502233621702, 0.0, 0.1], "k_pid_att": [43.948176657889235, 3.7802132718527557, 0.9274604585040267], "k_pid_yaw": [0.5, 1e-06, 0.1], "k_pid_hsp": [2.395389635608916, 0.01, 0.01], "k_pid_vsp": [264.9966777379314, 102.7157397860675, 1.0]}, "datetime": {"datetime": "2025-08-20 18:51:22", "elapsed": 25137.294922351837, "delta": 15.368293523788452}, "costs": {"total_cost": 180.04597691461547, "time_cost": 69.128, "final_distance_cost": 1.8363779432785299, "oscillation_cost": 36.724870014145736, "completition_cost": 0.0, "overshoot_cost": 50.16866708897713, "power_cost": 11.183821142578125, "noise_cost": 11.004240725635944, "n_waypoints_completed": 9, "tot_waypoints": 9}}
{"target": -299.2686777323848, "params": {"k_pid_pos": [1.4698128353043505, 0.024859491386256316, 0.2662270978845458], "k_pid_alt": [1.2679502233621702, 0.0, 0.26610943802920406], "k_pid_att": [43.948176657889235, 3.7802132718527557, 0.3883664380867584], "k_pid_yaw": [0.5, 1e-06, 0.1], "k_pid_hsp": [2.395389635608916, 0.01, 0.170878059092471], "k_pid_vsp": [110.56511661686339, 94.28610281764664, 1.0]}, "datetime": {"datetime": "2025-08-20 18:51:39", "elapsed": 25154.04224705696, "delta": 16.7473247051239}, "costs": {"total_cost": 299.2686777323848, "time_cost": 75.848, "final_distance_cost": 1.805632482843305, "oscillation_cost": 143.50184669882805, "completition_cost": 0.0, "overshoot_cost": 50.0913858696487, "power_cost": 14.969631872558594, "noise_cost": 13.05218080850614, "n_waypoints_completed": 9, "tot_waypoints": 9}}
{"target": -186.66483940485438, "params": {"k_pid_pos": [1.8922997940790476, 0.024859491386256316, 0.7774444947807966], "k_pid_alt": [1.2679502233621702, 0.0, 0.1], "k_pid_att": [43.948176657889235, 2.6298254890628097, 0.3301527476617453], "k_pid_yaw": [0.5, 1e-06, 0.1], "k_pid_hsp": [2.395389635608916, 0.18838112831262277, 0.01], "k_pid_vsp": [111.20884264032553, 102.7157397860675, 1.0]}, "datetime": {"datetime": "2025-08-20 18:51:55", "elapsed": 25169.76217508316, "delta": 15.71992802619934}, "costs": {"total_cost": 186.66483940485438, "time_cost": 69.096, "final_distance_cost": 1.849888983606652, "oscillation_cost": 43.356124480374014, "completition_cost": 0.0, "overshoot_cost": 49.86382433349026, "power_cost": 11.441883813476563, "noise_cost": 11.05711779390688, "n_waypoints_completed": 9, "tot_waypoints": 9}}
{"target": -179.43061469086348, "params": {"k_pid_pos": [1.4698128353043505, 0.024859491386256316, 0.3434561031905483], "k_pid_alt": [1.2679502233621702, 0.0, 0.1], "k_pid_att": [32.194164172814396, 3.7802132718527557, 0.9274604585040267], "k_pid_yaw": [0.5, 1e-06, 0.1], "k_pid_hsp": [2.395389635608916, 0.01, 0.01], "k_pid_vsp": [111.20884264032553, 102.7157397860675, 1.0]}, "datetime": {"datetime": "2025-08-20 18:52:10", "elapsed": 25184.51185488701, "delta": 14.749679803848267}, "costs": {"total_cost": 179.43061469086348, "time_cost": 69.168, "final_distance_cost": 1.8308394835546955, "oscillation_cost": 36.12436774661707, "completition_cost": 0.0, "overshoot_cost": 49.78905086435308, "power_cost": 11.434627966308595, "noise_cost": 11.083728630030047, "n_waypoints_completed": 9, "tot_waypoints": 9}}
{"target": -177.6739252695265, "params": {"k_pid_pos": [1.4698128353043505, 0.024859491386256316, 0.3434561031905483], "k_pid_alt": [1.2679502233621702, 0.0, 0.1], "k_pid_att": [43.948176657889235, 1.326856224425946, 0.9274604585040267], "k_pid_yaw": [0.5, 1e-06, 0.1], "k_pid_hsp": [2.82373402557605, 0.01, 0.01], "k_pid_vsp": [111.20884264032553, 102.7157397860675, 1.0]}, "datetime": {"datetime": "2025-08-20 18:52:25", "elapsed": 25200.42867064476, "delta": 15.916815757751465}, "costs": {"total_cost": 177.6739252695265, "time_cost": 69.152, "final_distance_cost": 1.8262656886158488, "oscillation_cost": 34.33594552183275, "completition_cost": 0.0, "overshoot_cost": 50.065815663241324, "power_cost": 11.237653356933594, "noise_cost": 11.056245038902981, "n_waypoints_completed": 9, "tot_waypoints": 9}}
{"target": -177.6739252695265, "params": {"k_pid_pos": [1.4698128353043505, 0.024859491386256316, 0.3434561031905483], "k_pid_alt": [1.2679502233621702, 0.0, 0.1], "k_pid_att": [43.948176657889235, 1.326856224425946, 0.9274604585040267], "k_pid_yaw": [0.5, 1e-06, 0.1], "k_pid_hsp": [2.82373402557605, 0.01, 0.01], "k_pid_vsp": [111.20884264032553, 102.7157397860675, 1.0]}, "datetime": {"datetime": "2025-08-20 18:52:41", "elapsed": 25215.596809625626, "delta": 15.168138980865479}, "costs": {"total_cost": 177.6739252695265, "time_cost": 69.152, "final_distance_cost": 1.8262656886158488, "oscillation_cost": 34.33594552183275, "completition_cost": 0.0, "overshoot_cost": 50.065815663241324, "power_cost": 11.237653356933594, "noise_cost": 11.056245038902981, "n_waypoints_completed": 9, "tot_waypoints": 9}}
{"target": -178.54100956253663, "params": {"k_pid_pos": [1.4698128353043505, 0.024859491386256316, 0.3434561031905483], "k_pid_alt": [1.2679502233621702, 0.00018965351824429266, 0.1], "k_pid_att": [43.948176657889235, 3.7802132718527557, 0.9274604585040267], "k_pid_yaw": [0.5, 1e-06, 0.1], "k_pid_hsp": [2.395389635608916, 0.01, 0.01], "k_pid_vsp": [110.56511661686339, 102.7157397860675, 1.0]}, "datetime": {"datetime": "2025-08-20 18:52:56", "elapsed": 25231.12540102005, "delta": 15.528591394424438}, "costs": {"total_cost": 178.54100956253663, "time_cost": 69.096, "final_distance_cost": 1.8397838386898084, "oscillation_cost": 35.14474595251603, "completition_cost": 0.0, "overshoot_cost": 50.16555367917027, "power_cost": 11.283760546875001, "noise_cost": 11.011165545285525, "n_waypoints_completed": 9, "tot_waypoints": 9}}
{"target": -178.59673423585812, "params": {"k_pid_pos": [1.4698128353043505, 0.024859491386256316, 0.3434561031905483], "k_pid_alt": [1.2679502233621702, 0.0, 0.1], "k_pid_att": [43.948176657889235, 1.326856224425946, 0.9274604585040267], "k_pid_yaw": [0.5, 1e-06, 0.1], "k_pid_hsp": [2.82373402557605, 0.01, 0.01], "k_pid_vsp": [29.96849041048857, 58.47483401410723, 1.0]}, "datetime": {"datetime": "2025-08-20 18:53:13", "elapsed": 25247.779963970184, "delta": 16.654562950134277}, "costs": {"total_cost": 178.59673423585812, "time_cost": 69.04, "final_distance_cost": 1.8365375833026685, "oscillation_cost": 35.1253912957482, "completition_cost": 0.0, "overshoot_cost": 50.248778426525064, "power_cost": 11.359209997558594, "noise_cost": 10.986816932723611, "n_waypoints_completed": 9, "tot_waypoints": 9}}
