{"target": -178.45702819592051, "params": {"k_pid_pos": [1.4698128353043505, 0.024859491386256316, 0.3434561031905483], "k_pid_alt": [1.2679502233621702, 0.0, 0.1], "k_pid_att": [43.948176657889235, 1.4953935029224072, 0.9274604585040267], "k_pid_yaw": [0.5, 1e-06, 0.1], "k_pid_hsp": [2.82373402557605, 0.01, 0.01], "k_pid_vsp": [111.20884264032553, 102.7157397860675, 1.0]}, "datetime": {"datetime": "2025-08-20 21:37:31", "elapsed": 35106.15058922768, "delta": 14.70919132232666}, "costs": {"total_cost": 178.45702819592051, "time_cost": 69.176, "final_distance_cost": 1.8304657872798449, "oscillation_cost": 34.87935557169996, "completition_cost": 0.0, "overshoot_cost": 50.334051744475865, "power_cost": 11.217025085449219, "noise_cost": 11.0201300070156, "n_waypoints_completed": 9, "tot_waypoints": 9}}
{"target": -183.80172205930296, "params": {"k_pid_pos": [1.4698128353043505, 0.024859491386256316, 0.42495672118777295], "k_pid_alt": [1.85112020821355, 0.0, 0.1], "k_pid_att": [25.06356558820614, 7.347914484943822, 0.9274604585040267], "k_pid_yaw": [0.5, 1e-06, 0.1], "k_pid_hsp": [2.82373402557605, 0.01, 0.01], "k_pid_vsp": [111.20884264032553, 102.7157397860675, 1.0]}, "datetime": {"datetime": "2025-08-20 21:37:48", "elapsed": 35122.83411359787, "delta": 16.68352437019348}, "costs": {"total_cost": 183.80172205930296, "time_cost": 69.424, "final_distance_cost": 1.8392951573706782, "oscillation_cost": 39.42435388081966, "completition_cost": 0.0, "overshoot_cost": 50.407723595479176, "power_cost": 11.443176684570313, "noise_cost": 11.263172741063107, "n_waypoints_completed": 9, "tot_waypoints": 9}}
{"target": -182.5483461930302, "params": {"k_pid_pos": [1.4698128353043505, 0.024859491386256316, 0.3434561031905483], "k_pid_alt": [1.2679502233621702, 0.0, 0.1], "k_pid_att": [43.948176657889235, 1.326856224425946, 0.9274604585040267], "k_pid_yaw": [0.5, 1e-06, 0.1], "k_pid_hsp": [2.82373402557605, 0.01, 0.01066281316812523], "k_pid_vsp": [303.00008221409286, 102.7157397860675, 1.0]}, "datetime": {"datetime": "2025-08-20 21:38:04", "elapsed": 35139.271641254425, "delta": 16.437527656555176}, "costs": {"total_cost": 182.5483461930302, "time_cost": 69.408, "final_distance_cost": 1.8385066086725865, "oscillation_cost": 38.49045365874128, "completition_cost": 0.0, "overshoot_cost": 50.500367068357725, "power_cost": 11.236741564941406, "noise_cost": 11.074277292317191, "n_waypoints_completed": 9, "tot_waypoints": 9}}
{"target": -207.00801543307102, "params": {"k_pid_pos": [1.4698128353043505, 0.024859491386256316, 0.3434561031905483], "k_pid_alt": [1.2679502233621702, 0.7293547064325894, 0.1], "k_pid_att": [43.948176657889235, 1.5839964871973657, 0.9274604585040267], "k_pid_yaw": [0.5, 1e-06, 0.1], "k_pid_hsp": [2.82373402557605, 0.0953687395585695, 0.01], "k_pid_vsp": [371.8706581382205, 102.7157397860675, 1.0]}, "datetime": {"datetime": "2025-08-20 21:38:26", "elapsed": 35161.11145067215, "delta": 21.83980941772461}, "costs": {"total_cost": 207.00801543307102, "time_cost": 79.224, "final_distance_cost": 1.80152790562233, "oscillation_cost": 48.381148153204656, "completition_cost": 0.0, "overshoot_cost": 52.32669657622948, "power_cost": 13.281792517089844, "noise_cost": 11.992850280924687, "n_waypoints_completed": 9, "tot_waypoints": 9}}
{"target": -183.2820664361459, "params": {"k_pid_pos": [1.4698128353043505, 0.024859491386256316, 0.3434561031905483], "k_pid_alt": [1.2679502233621702, 0.0, 0.07444874772262577], "k_pid_att": [43.948176657889235, 3.4126860594551975, 0.2962482180956587], "k_pid_yaw": [0.5, 1e-06, 0.1], "k_pid_hsp": [2.82373402557605, 0.01, 0.01], "k_pid_vsp": [131.157380286128, 102.7157397860675, 1.0]}, "datetime": {"datetime": "2025-08-20 21:38:41", "elapsed": 35175.99983263016, "delta": 14.888381958007812}, "costs": {"total_cost": 183.2820664361459, "time_cost": 69.208, "final_distance_cost": 1.8259327412030864, "oscillation_cost": 40.14471646361453, "completition_cost": 0.0, "overshoot_cost": 49.863185650160766, "power_cost": 11.226531127929688, "noise_cost": 11.013700453237819, "n_waypoints_completed": 9, "tot_waypoints": 9}}
{"target": -216.84069284905374, "params": {"k_pid_pos": [1.4698128353043505, 0.024859491386256316, 0.3434561031905483], "k_pid_alt": [1.2679502233621702, 0.7924061734480113, 0.1], "k_pid_att": [43.948176657889235, 1.4953935029224072, 0.9274604585040267], "k_pid_yaw": [0.5, 1e-06, 0.1], "k_pid_hsp": [2.82373402557605, 0.9499841541966557, 0.01], "k_pid_vsp": [111.20884264032553, 102.7157397860675, 1.0]}, "datetime": {"datetime": "2025-08-20 21:39:02", "elapsed": 35196.57628035545, "delta": 20.57644772529602}, "costs": {"total_cost": 216.84069284905374, "time_cost": 81.016, "final_distance_cost": 1.7821034280152934, "oscillation_cost": 55.91837793879789, "completition_cost": 0.0, "overshoot_cost": 51.92388170027837, "power_cost": 13.89209033203125, "noise_cost": 12.308239449930925, "n_waypoints_completed": 9, "tot_waypoints": 9}}
{"target": -177.6739252695265, "params": {"k_pid_pos": [1.4698128353043505, 0.024859491386256316, 0.3434561031905483], "k_pid_alt": [1.2679502233621702, 0.0, 0.1], "k_pid_att": [43.948176657889235, 1.326856224425946, 0.9274604585040267], "k_pid_yaw": [0.5, 1e-06, 0.1], "k_pid_hsp": [2.82373402557605, 0.01, 0.01], "k_pid_vsp": [111.20884264032553, 102.7157397860675, 1.0]}, "datetime": {"datetime": "2025-08-20 21:39:16", "elapsed": 35211.14883351326, "delta": 14.572553157806396}, "costs": {"total_cost": 177.6739252695265, "time_cost": 69.152, "final_distance_cost": 1.8262656886158488, "oscillation_cost": 34.33594552183275, "completition_cost": 0.0, "overshoot_cost": 50.065815663241324, "power_cost": 11.237653356933594, "noise_cost": 11.056245038902981, "n_waypoints_completed": 9, "tot_waypoints": 9}}
{"target": -399.1262303399693, "params": {"k_pid_pos": [1.4698128353043505, 0.024859491386256316, 0.416330797462678], "k_pid_alt": [0.3926508565225477, 0.0, 0.1], "k_pid_att": [43.948176657889235, 3.4126860594551975, 0.9274604585040267], "k_pid_yaw": [0.5, 1e-06, 0.1], "k_pid_hsp": [2.82373402557605, 0.01, 0.42135426832000655], "k_pid_vsp": [111.20884264032553, 102.7157397860675, 1.0]}, "datetime": {"datetime": "2025-08-20 21:39:38", "elapsed": 35232.94184613228, "delta": 21.793012619018555}, "costs": {"total_cost": 399.1262303399693, "time_cost": 91.456, "final_distance_cost": 1.849707574576314, "oscillation_cost": 220.92740866166403, "completition_cost": 0.0, "overshoot_cost": 51.84038012316512, "power_cost": 17.786810888671877, "noise_cost": 15.265923091891997, "n_waypoints_completed": 9, "tot_waypoints": 9}}
{"target": -189.73760347069503, "params": {"k_pid_pos": [1.4698128353043505, 0.024859491386256316, 0.3434561031905483], "k_pid_alt": [1.2679502233621702, 0.0, 0.1], "k_pid_att": [43.948176657889235, 1.326856224425946, 0.9274604585040267], "k_pid_yaw": [0.5, 1e-06, 0.1], "k_pid_hsp": [6.945566142386952, 0.3950404285906909, 0.01], "k_pid_vsp": [111.20884264032553, 102.7157397860675, 1.0]}, "datetime": {"datetime": "2025-08-20 21:39:53", "elapsed": 35247.685752630234, "delta": 14.743906497955322}, "costs": {"total_cost": 189.73760347069503, "time_cost": 68.904, "final_distance_cost": 1.8420870790955692, "oscillation_cost": 46.62883654934565, "completition_cost": 0.0, "overshoot_cost": 49.60587507683873, "power_cost": 11.623105895996094, "noise_cost": 11.133698869419003, "n_waypoints_completed": 9, "tot_waypoints": 9}}
{"target": -178.72244674016926, "params": {"k_pid_pos": [1.4698128353043505, 0.024859491386256316, 0.3434561031905483], "k_pid_alt": [1.2679502233621702, 0.0, 0.1], "k_pid_att": [43.948176657889235, 7.389614396826664, 0.9274604585040267], "k_pid_yaw": [0.5, 1e-06, 0.1], "k_pid_hsp": [2.82373402557605, 0.01, 0.01], "k_pid_vsp": [111.20884264032553, 102.7157397860675, 1.0]}, "datetime": {"datetime": "2025-08-20 21:40:12", "elapsed": 35266.74638056755, "delta": 19.060627937316895}, "costs": {"total_cost": 178.72244674016926, "time_cost": 69.152, "final_distance_cost": 1.8257877146850672, "oscillation_cost": 35.440586848985156, "completition_cost": 0.0, "overshoot_cost": 50.064190302939735, "power_cost": 11.199056542968751, "noise_cost": 11.040825330590565, "n_waypoints_completed": 9, "tot_waypoints": 9}}
{"target": -186.0083679991359, "params": {"k_pid_pos": [1.4698128353043505, 0.024859491386256316, 0.3434561031905483], "k_pid_alt": [1.2679502233621702, 0.0, 0.04865678698342779], "k_pid_att": [43.948176657889235, 1.326856224425946, 0.9274604585040267], "k_pid_yaw": [0.5, 1e-06, 0.1], "k_pid_hsp": [2.82373402557605, 0.8404660548178111, 0.01], "k_pid_vsp": [111.20884264032553, 102.7157397860675, 1.0]}, "datetime": {"datetime": "2025-08-20 21:40:29", "elapsed": 35284.00099182129, "delta": 17.254611253738403}, "costs": {"total_cost": 186.0083679991359, "time_cost": 68.76, "final_distance_cost": 1.8413331115937788, "oscillation_cost": 43.64968604605985, "completition_cost": 0.0, "overshoot_cost": 49.29383214035248, "power_cost": 11.442323303222658, "noise_cost": 11.021193397907162, "n_waypoints_completed": 9, "tot_waypoints": 9}}
{"target": -212.41888986942072, "params": {"k_pid_pos": [1.4698128353043505, 0.024859491386256316, 0.3434561031905483], "k_pid_alt": [0.8822067347529445, 0.0, 0.1], "k_pid_att": [43.948176657889235, 1.326856224425946, 0.9274604585040267], "k_pid_yaw": [0.5, 1e-06, 0.1], "k_pid_hsp": [2.82373402557605, 0.01, 0.05451025804354759], "k_pid_vsp": [111.20884264032553, 102.7157397860675, 1.0]}, "datetime": {"datetime": "2025-08-20 21:40:49", "elapsed": 35304.298897743225, "delta": 20.297905921936035}, "costs": {"total_cost": 212.41888986942072, "time_cost": 76.496, "final_distance_cost": 1.8286650562316151, "oscillation_cost": 57.820467913455396, "completition_cost": 0.0, "overshoot_cost": 50.48042346992109, "power_cost": 13.534948840332031, "noise_cost": 12.25838458948061, "n_waypoints_completed": 9, "tot_waypoints": 9}}
{"target": -1067.7787985281782, "params": {"k_pid_pos": [1.4698128353043505, 0.024859491386256316, 0.3434561031905483], "k_pid_alt": [1.2679502233621702, 0.0, 0.1], "k_pid_att": [43.948176657889235, 6.889214925864104, 0.9274604585040267], "k_pid_yaw": [0.5, 1e-06, 0.1], "k_pid_hsp": [2.82373402557605, 0.01, 0.01], "k_pid_vsp": [111.20884264032553, 102.7157397860675, 372.72760092579813]}, "datetime": {"datetime": "2025-08-20 21:41:14", "elapsed": 35328.72519040108, "delta": 24.426292657852173}, "costs": {"total_cost": 1067.7787985281782, "time_cost": 150, "final_distance_cost": 77.43031044505538, "oscillation_cost": 47.32951454551471, "completition_cost": 666.6666666666667, "overshoot_cost": 105.27565327281944, "power_cost": 11.132806005859376, "noise_cost": 9.943847592262665, "n_waypoints_completed": 3, "tot_waypoints": 9}}
{"target": -183.55378245065128, "params": {"k_pid_pos": [1.4698128353043505, 0.024859491386256316, 0.3434561031905483], "k_pid_alt": [1.1118827000593463, 0.0, 0.6889543417313908], "k_pid_att": [43.948176657889235, 1.326856224425946, 0.9274604585040267], "k_pid_yaw": [0.5, 1e-06, 0.1], "k_pid_hsp": [2.82373402557605, 0.01, 0.01], "k_pid_vsp": [111.20884264032553, 102.7157397860675, 1.0]}, "datetime": {"datetime": "2025-08-20 21:41:30", "elapsed": 35345.125569820404, "delta": 16.400379419326782}, "costs": {"total_cost": 183.55378245065128, "time_cost": 72.04, "final_distance_cost": 1.8348897642746669, "oscillation_cost": 37.31298784535612, "completition_cost": 0.0, "overshoot_cost": 49.61071913497802, "power_cost": 11.572180700683594, "noise_cost": 11.183005005358908, "n_waypoints_completed": 9, "tot_waypoints": 9}}
{"target": -181.45971635342954, "params": {"k_pid_pos": [1.4698128353043505, 0.024859491386256316, 0.3434561031905483], "k_pid_alt": [1.2679502233621702, 0.0, 0.1], "k_pid_att": [43.948176657889235, 1.326856224425946, 0.9274604585040267], "k_pid_yaw": [0.5, 1e-06, 0.1], "k_pid_hsp": [2.82373402557605, 0.3912790898693519, 0.01], "k_pid_vsp": [111.20884264032553, 102.7157397860675, 1.0]}, "datetime": {"datetime": "2025-08-20 21:41:46", "elapsed": 35361.03739762306, "delta": 15.911827802658081}, "costs": {"total_cost": 181.45971635342954, "time_cost": 68.83200000000001, "final_distance_cost": 1.8431768853044084, "oscillation_cost": 39.10344304581123, "completition_cost": 0.0, "overshoot_cost": 49.50158204879728, "power_cost": 11.274242626953125, "noise_cost": 10.90527174656348, "n_waypoints_completed": 9, "tot_waypoints": 9}}
{"target": -194.00352065020294, "params": {"k_pid_pos": [1.4698128353043505, 0.024859491386256316, 0.3434561031905483], "k_pid_alt": [1.2679502233621702, 0.0, 0.1], "k_pid_att": [43.948176657889235, 5.5432413145664965, 0.9274604585040267], "k_pid_yaw": [0.5, 1e-06, 0.1], "k_pid_hsp": [8.246411399521614, 0.01, 0.01], "k_pid_vsp": [111.20884264032553, 102.7157397860675, 1.0]}, "datetime": {"datetime": "2025-08-20 21:42:02", "elapsed": 35377.25186443329, "delta": 16.21446681022644}, "costs": {"total_cost": 194.00352065020294, "time_cost": 69.104, "final_distance_cost": 1.8395670163678062, "oscillation_cost": 49.80049054732884, "completition_cost": 0.0, "overshoot_cost": 50.20807618736529, "power_cost": 11.851625012207032, "noise_cost": 11.19976188693396, "n_waypoints_completed": 9, "tot_waypoints": 9}}
{"target": -228.4908627913101, "params": {"k_pid_pos": [1.4698128353043505, 0.024859491386256316, 0.00015202940505454343], "k_pid_alt": [1.2679502233621702, 0.2604200777612833, 0.1], "k_pid_att": [43.948176657889235, 3.5099664417117094, 0.06608132483176332], "k_pid_yaw": [0.5, 1e-06, 0.1], "k_pid_hsp": [2.82373402557605, 0.01, 0.01], "k_pid_vsp": [74.77564525577915, 102.7157397860675, 1.0]}, "datetime": {"datetime": "2025-08-20 21:42:21", "elapsed": 35395.771147727966, "delta": 18.519283294677734}, "costs": {"total_cost": 228.4908627913101, "time_cost": 79.552, "final_distance_cost": 1.7245605413890248, "oscillation_cost": 71.00319893960757, "completition_cost": 0.0, "overshoot_cost": 51.04898790202293, "power_cost": 13.183423950195314, "noise_cost": 11.978691458095257, "n_waypoints_completed": 9, "tot_waypoints": 9}}
{"target": -178.45702819592051, "params": {"k_pid_pos": [1.4698128353043505, 0.024859491386256316, 0.3434561031905483], "k_pid_alt": [1.2679502233621702, 0.0, 0.1], "k_pid_att": [43.948176657889235, 1.4953935029224072, 0.9274604585040267], "k_pid_yaw": [0.5, 1e-06, 0.1], "k_pid_hsp": [2.82373402557605, 0.01, 0.01], "k_pid_vsp": [111.20884264032553, 102.7157397860675, 1.0]}, "datetime": {"datetime": "2025-08-20 21:42:36", "elapsed": 35410.73212146759, "delta": 14.960973739624023}, "costs": {"total_cost": 178.45702819592051, "time_cost": 69.176, "final_distance_cost": 1.8304657872798449, "oscillation_cost": 34.87935557169996, "completition_cost": 0.0, "overshoot_cost": 50.334051744475865, "power_cost": 11.217025085449219, "noise_cost": 11.0201300070156, "n_waypoints_completed": 9, "tot_waypoints": 9}}
{"target": -181.36375706281433, "params": {"k_pid_pos": [1.4698128353043505, 0.024859491386256316, 0.416330797462678], "k_pid_alt": [1.2679502233621702, 0.0, 0.1], "k_pid_att": [43.948176657889235, 3.4126860594551975, 0.9274604585040267], "k_pid_yaw": [0.5, 1e-06, 0.1], "k_pid_hsp": [2.82373402557605, 0.01, 0.01], "k_pid_vsp": [111.20884264032553, 102.7157397860675, 1.0]}, "datetime": {"datetime": "2025-08-20 21:42:52", "elapsed": 35427.4743514061, "delta": 16.74222993850708}, "costs": {"total_cost": 181.36375706281433, "time_cost": 69.432, "final_distance_cost": 1.835643091492251, "oscillation_cost": 37.229789731773614, "completition_cost": 0.0, "overshoot_cost": 50.2950670908982, "power_cost": 11.402505920410157, "noise_cost": 11.168751228240088, "n_waypoints_completed": 9, "tot_waypoints": 9}}
{"target": -197.63182798235914, "params": {"k_pid_pos": [0.7083050082071586, 0.024859491386256316, 0.3434561031905483], "k_pid_alt": [1.2679502233621702, 0.0, 0.1], "k_pid_att": [43.948176657889235, 1.326856224425946, 0.9274604585040267], "k_pid_yaw": [0.5, 1e-06, 0.1], "k_pid_hsp": [2.82373402557605, 0.8779941376805641, 0.01], "k_pid_vsp": [131.157380286128, 102.7157397860675, 1.0]}, "datetime": {"datetime": "2025-08-20 21:43:10", "elapsed": 35444.68704080582, "delta": 17.21268939971924}, "costs": {"total_cost": 197.63182798235914, "time_cost": 79.056, "final_distance_cost": 1.8483604633179889, "oscillation_cost": 40.32838630871612, "completition_cost": 0.0, "overshoot_cost": 50.59588532610096, "power_cost": 12.765017480468751, "noise_cost": 13.03817840375533, "n_waypoints_completed": 9, "tot_waypoints": 9}}
{"target": -205.53209038146875, "params": {"k_pid_pos": [1.4698128353043505, 0.024859491386256316, 0.3434561031905483], "k_pid_alt": [1.2679502233621702, 0.08884544487158552, 0.07444874772262577], "k_pid_att": [43.948176657889235, 3.4126860594551975, 0.9723406442673668], "k_pid_yaw": [0.5, 1e-06, 0.1], "k_pid_hsp": [2.82373402557605, 0.01, 0.01], "k_pid_vsp": [111.20884264032553, 102.7157397860675, 1.0]}, "datetime": {"datetime": "2025-08-20 21:43:30", "elapsed": 35464.54669427872, "delta": 19.85965347290039}, "costs": {"total_cost": 205.53209038146875, "time_cost": 84.456, "final_distance_cost": 1.8000739708286935, "oscillation_cost": 42.40548172626533, "completition_cost": 0.0, "overshoot_cost": 51.275914041825764, "power_cost": 13.156246105957031, "noise_cost": 12.43837453659194, "n_waypoints_completed": 9, "tot_waypoints": 9}}
{"target": -224.93715531373883, "params": {"k_pid_pos": [1.4698128353043505, 0.024859491386256316, 0.416330797462678], "k_pid_alt": [1.2679502233621702, 0.9635827266688368, 0.1], "k_pid_att": [43.948176657889235, 3.4126860594551975, 0.45703935313105737], "k_pid_yaw": [0.5, 1e-06, 0.1], "k_pid_hsp": [1.6091290401443616, 0.17468130283637484, 0.01], "k_pid_vsp": [111.20884264032553, 225.6587008239998, 1.0]}, "datetime": {"datetime": "2025-08-20 21:43:49", "elapsed": 35483.9281578064, "delta": 19.381463527679443}, "costs": {"total_cost": 224.93715531373883, "time_cost": 85.816, "final_distance_cost": 1.7714118605872649, "oscillation_cost": 54.84936807192763, "completition_cost": 0.0, "overshoot_cost": 53.776989831456085, "power_cost": 15.645817492675782, "noise_cost": 13.077568057092064, "n_waypoints_completed": 9, "tot_waypoints": 9}}
{"target": -197.5856211131203, "params": {"k_pid_pos": [1.4698128353043505, 0.024859491386256316, 0.3434561031905483], "k_pid_alt": [1.2679502233621702, 0.229763914573474, 0.1], "k_pid_att": [43.948176657889235, 1.4953935029224072, 0.9274604585040267], "k_pid_yaw": [0.5, 1e-06, 0.1], "k_pid_hsp": [2.82373402557605, 0.01, 0.01], "k_pid_vsp": [111.20884264032553, 102.7157397860675, 1.0]}, "datetime": {"datetime": "2025-08-20 21:44:08", "elapsed": 35502.81409430504, "delta": 18.885936498641968}, "costs": {"total_cost": 197.5856211131203, "time_cost": 78.544, "final_distance_cost": 1.7786063557541412, "oscillation_cost": 42.55425655409748, "completition_cost": 0.0, "overshoot_cost": 50.82646502448745, "power_cost": 12.235996789550782, "noise_cost": 11.646296389230466, "n_waypoints_completed": 9, "tot_waypoints": 9}}
{"target": -261.03368946328413, "params": {"k_pid_pos": [1.4698128353043505, 0.19072503388851436, 0.416330797462678], "k_pid_alt": [1.2679502233621702, 0.0, 0.1], "k_pid_att": [43.948176657889235, 3.4126860594551975, 0.3459985420547941], "k_pid_yaw": [0.5, 1e-06, 0.1], "k_pid_hsp": [2.82373402557605, 0.0953687395585695, 0.12039728513740589], "k_pid_vsp": [371.8706581382205, 102.7157397860675, 1.0]}, "datetime": {"datetime": "2025-08-20 21:44:28", "elapsed": 35523.209410429, "delta": 20.395316123962402}, "costs": {"total_cost": 261.03368946328413, "time_cost": 76.592, "final_distance_cost": 1.782021467439851, "oscillation_cost": 103.84764648702847, "completition_cost": 0.0, "overshoot_cost": 51.09637097397967, "power_cost": 14.633531079101564, "noise_cost": 13.082119455734576, "n_waypoints_completed": 9, "tot_waypoints": 9}}
{"target": -177.60937995499717, "params": {"k_pid_pos": [1.4698128353043505, 0.0822904257601288, 0.3434561031905483], "k_pid_alt": [1.2679502233621702, 0.0, 0.1], "k_pid_att": [43.948176657889235, 1.326856224425946, 0.9808211468183533], "k_pid_yaw": [0.5, 1e-06, 0.1], "k_pid_hsp": [2.82373402557605, 0.01, 0.01], "k_pid_vsp": [111.20884264032553, 102.7157397860675, 1.0]}, "datetime": {"datetime": "2025-08-20 21:44:47", "elapsed": 35541.78244161606, "delta": 18.573031187057495}, "costs": {"total_cost": 177.60937995499717, "time_cost": 69.168, "final_distance_cost": 1.8236531971998164, "oscillation_cost": 34.65964045638309, "completition_cost": 0.0, "overshoot_cost": 49.90985172465229, "power_cost": 11.13902373046875, "noise_cost": 10.909210846293195, "n_waypoints_completed": 9, "tot_waypoints": 9}}
{"target": -177.6739252695265, "params": {"k_pid_pos": [1.4698128353043505, 0.024859491386256316, 0.3434561031905483], "k_pid_alt": [1.2679502233621702, 0.0, 0.1], "k_pid_att": [43.948176657889235, 1.326856224425946, 0.9274604585040267], "k_pid_yaw": [0.5, 1e-06, 0.1], "k_pid_hsp": [2.82373402557605, 0.01, 0.01], "k_pid_vsp": [111.20884264032553, 102.7157397860675, 1.0]}, "datetime": {"datetime": "2025-08-20 21:45:04", "elapsed": 35559.42069935799, "delta": 17.6382577419281}, "costs": {"total_cost": 177.6739252695265, "time_cost": 69.152, "final_distance_cost": 1.8262656886158488, "oscillation_cost": 34.33594552183275, "completition_cost": 0.0, "overshoot_cost": 50.065815663241324, "power_cost": 11.237653356933594, "noise_cost": 11.056245038902981, "n_waypoints_completed": 9, "tot_waypoints": 9}}
