{"target": -180.81893878381317, "params": {"k_pid_pos": [1.7041340386651447, 0.024859491386256316, 0.3434561031905483], "k_pid_alt": [1.2679502233621702, 0.0, 0.1], "k_pid_att": [43.948176657889235, 3.7802132718527557, 0.9274604585040267], "k_pid_yaw": [0.5, 1e-06, 0.1], "k_pid_hsp": [2.395389635608916, 0.01, 0.01], "k_pid_vsp": [111.20884264032553, 102.7157397860675, 1.0]}, "datetime": {"datetime": "2025-08-20 17:40:52", "elapsed": 20907.115901470184, "delta": 15.194499731063843}, "costs": {"total_cost": 180.81893878381317, "time_cost": 68.688, "final_distance_cost": 1.823484716928267, "oscillation_cost": 38.128702281408515, "completition_cost": 0.0, "overshoot_cost": 50.0136002478933, "power_cost": 11.27875584716797, "noise_cost": 10.886395690415139, "n_waypoints_completed": 9, "tot_waypoints": 9}}
{"target": -181.38238488278577, "params": {"k_pid_pos": [1.4698128353043505, 0.024859491386256316, 0.11401919133455096], "k_pid_alt": [1.2679502233621702, 0.0, 0.1], "k_pid_att": [43.948176657889235, 3.7802132718527557, 0.8000710073097888], "k_pid_yaw": [0.5, 1e-06, 0.1], "k_pid_hsp": [2.395389635608916, 0.01, 0.01], "k_pid_vsp": [110.56511661686339, 102.7157397860675, 1.0]}, "datetime": {"datetime": "2025-08-20 17:41:08", "elapsed": 20923.147333860397, "delta": 16.031432390213013}, "costs": {"total_cost": 181.38238488278577, "time_cost": 68.656, "final_distance_cost": 1.785364483046887, "oscillation_cost": 38.72303500907758, "completition_cost": 0.0, "overshoot_cost": 49.994825495068625, "power_cost": 11.295642260742188, "noise_cost": 10.927517634850467, "n_waypoints_completed": 9, "tot_waypoints": 9}}
{"target": -184.5849456409034, "params": {"k_pid_pos": [1.720684182649488, 0.024859491386256316, 0.11401919133455096], "k_pid_alt": [1.2679502233621702, 0.0, 0.1], "k_pid_att": [15.413746305369102, 3.7802132718527557, 0.9274604585040267], "k_pid_yaw": [0.5, 1e-06, 0.1], "k_pid_hsp": [1.0, 0.01, 0.01], "k_pid_vsp": [111.20884264032553, 102.7157397860675, 1.0]}, "datetime": {"datetime": "2025-08-20 17:41:23", "elapsed": 20938.076947927475, "delta": 14.929614067077637}, "costs": {"total_cost": 184.5849456409034, "time_cost": 68.104, "final_distance_cost": 1.779277183265182, "oscillation_cost": 41.5653828676186, "completition_cost": 0.0, "overshoot_cost": 49.59095561049717, "power_cost": 12.437324780273437, "noise_cost": 11.108005199249043, "n_waypoints_completed": 9, "tot_waypoints": 9}}
{"target": -184.7765476246918, "params": {"k_pid_pos": [1.4698128353043505, 0.024859491386256316, 0.11401919133455096], "k_pid_alt": [1.2679502233621702, 0.0, 0.8153512847683572], "k_pid_att": [43.948176657889235, 1.0313132591148066, 0.9274604585040267], "k_pid_yaw": [0.5, 1e-06, 0.1], "k_pid_hsp": [2.395389635608916, 0.01, 0.01], "k_pid_vsp": [111.20884264032553, 102.7157397860675, 1.0]}, "datetime": {"datetime": "2025-08-20 17:41:39", "elapsed": 20954.01023721695, "delta": 15.933289289474487}, "costs": {"total_cost": 184.7765476246918, "time_cost": 71.24, "final_distance_cost": 1.7939417975220457, "oscillation_cost": 39.116693191626105, "completition_cost": 0.0, "overshoot_cost": 49.82728566933418, "power_cost": 11.763655029296876, "noise_cost": 11.034971936912589, "n_waypoints_completed": 9, "tot_waypoints": 9}}
{"target": -202.17388967656908, "params": {"k_pid_pos": [1.4698128353043505, 0.22981412956968694, 0.11401919133455096], "k_pid_alt": [1.2679502233621702, 0.0, 0.1], "k_pid_att": [43.948176657889235, 3.7802132718527557, 0.9947678187352218], "k_pid_yaw": [0.5, 1e-06, 0.1], "k_pid_hsp": [1.0, 0.01, 0.01], "k_pid_vsp": [110.56511661686339, 102.7157397860675, 1.0]}, "datetime": {"datetime": "2025-08-20 17:41:57", "elapsed": 20971.50931763649, "delta": 17.499080419540405}, "costs": {"total_cost": 202.17388967656908, "time_cost": 77.632, "final_distance_cost": 1.773372822420839, "oscillation_cost": 44.839897554321034, "completition_cost": 0.0, "overshoot_cost": 51.07872114300195, "power_cost": 14.208230285644532, "noise_cost": 12.641667871180703, "n_waypoints_completed": 9, "tot_waypoints": 9}}
{"target": -181.89029255822254, "params": {"k_pid_pos": [1.4698128353043505, 0.024859491386256316, 0.11401919133455096], "k_pid_alt": [1.6714132940641002, 0.0, 0.1], "k_pid_att": [43.948176657889235, 5.824334032821091, 0.9274604585040267], "k_pid_yaw": [0.5, 1e-06, 0.1], "k_pid_hsp": [2.395389635608916, 0.01, 0.01], "k_pid_vsp": [110.56511661686339, 102.7157397860675, 1.0]}, "datetime": {"datetime": "2025-08-20 17:42:11", "elapsed": 20986.295164823532, "delta": 14.785847187042236}, "costs": {"total_cost": 181.89029255822254, "time_cost": 68.4, "final_distance_cost": 1.7886017326976653, "oscillation_cost": 39.52328271603575, "completition_cost": 0.0, "overshoot_cost": 49.99696693389995, "power_cost": 11.270044860839844, "noise_cost": 10.911396314749302, "n_waypoints_completed": 9, "tot_waypoints": 9}}
{"target": -293.9488631367737, "params": {"k_pid_pos": [1.4698128353043505, 0.024859491386256316, 0.11401919133455096], "k_pid_alt": [1.2679502233621702, 0.0, 0.1], "k_pid_att": [15.500686891893622, 3.7802132718527557, 0.9274604585040267], "k_pid_yaw": [0.5, 1e-06, 0.1], "k_pid_hsp": [2.395389635608916, 0.01, 0.4841663866400632], "k_pid_vsp": [111.20884264032553, 102.7157397860675, 1.0]}, "datetime": {"datetime": "2025-08-20 17:42:27", "elapsed": 21002.27904033661, "delta": 15.983875513076782}, "costs": {"total_cost": 293.9488631367737, "time_cost": 69.72, "final_distance_cost": 1.7173190463730654, "oscillation_cost": 146.67602566379998, "completition_cost": 0.0, "overshoot_cost": 51.291004409163364, "power_cost": 12.885754748535156, "noise_cost": 11.658759268902152, "n_waypoints_completed": 9, "tot_waypoints": 9}}
{"target": -206.72095328450598, "params": {"k_pid_pos": [1.4698128353043505, 0.4373103020731042, 0.21152287994165886], "k_pid_alt": [0.7472032643467716, 0.0, 0.1], "k_pid_att": [57.46444629894164, 7.1419263232097006, 0.6711777735375999], "k_pid_yaw": [0.5, 1e-06, 0.1], "k_pid_hsp": [1.0, 0.01, 0.01], "k_pid_vsp": [111.20884264032553, 369.48810340511164, 1.0]}, "datetime": {"datetime": "2025-08-20 17:42:45", "elapsed": 21020.337799549103, "delta": 18.058759212493896}, "costs": {"total_cost": 206.72095328450598, "time_cost": 81.12, "final_distance_cost": 1.7711592740896243, "oscillation_cost": 46.00109144237609, "completition_cost": 0.0, "overshoot_cost": 51.00297028950237, "power_cost": 14.22007342529297, "noise_cost": 12.605658853244899, "n_waypoints_completed": 9, "tot_waypoints": 9}}
{"target": -208.01148869919166, "params": {"k_pid_pos": [1.480900065772379, 0.5783881585159083, 0.8092599635047751], "k_pid_alt": [1.6586884955541554, 0.0, 0.8918388311136772], "k_pid_att": [43.948176657889235, 0.5699551813858681, 0.9274604585040267], "k_pid_yaw": [0.5, 1e-06, 0.1], "k_pid_hsp": [4.690042237190111, 0.01, 0.01], "k_pid_vsp": [111.20884264032553, 102.7157397860675, 1.0]}, "datetime": {"datetime": "2025-08-20 17:43:03", "elapsed": 21037.67874121666, "delta": 17.340941667556763}, "costs": {"total_cost": 208.01148869919166, "time_cost": 79.12, "final_distance_cost": 1.7705165003368641, "oscillation_cost": 50.4794312300045, "completition_cost": 0.0, "overshoot_cost": 50.91978404730106, "power_cost": 13.325987194824219, "noise_cost": 12.395769726725007, "n_waypoints_completed": 9, "tot_waypoints": 9}}
{"target": -186.87624924530874, "params": {"k_pid_pos": [1.4698128353043505, 0.024859491386256316, 0.11401919133455096], "k_pid_alt": [1.2679502233621702, 0.0, 0.2915903713486512], "k_pid_att": [43.948176657889235, 6.766944352677465, 0.9274604585040267], "k_pid_yaw": [0.5, 1e-06, 0.1], "k_pid_hsp": [2.395389635608916, 0.6870351602694771, 0.01], "k_pid_vsp": [111.20884264032553, 102.7157397860675, 1.0]}, "datetime": {"datetime": "2025-08-20 17:43:19", "elapsed": 21053.631129026413, "delta": 15.952387809753418}, "costs": {"total_cost": 186.87624924530874, "time_cost": 68.848, "final_distance_cost": 1.80835424086897, "oscillation_cost": 44.080514574766404, "completition_cost": 0.0, "overshoot_cost": 49.548392738253874, "power_cost": 11.71733505859375, "noise_cost": 10.873652632825713, "n_waypoints_completed": 9, "tot_waypoints": 9}}
{"target": -1460.132563656671, "params": {"k_pid_pos": [1.4698128353043505, 0.9992114520727612, 0.11401919133455096], "k_pid_alt": [1.2679502233621702, 0.0, 0.1], "k_pid_att": [43.948176657889235, 3.7802132718527557, 0.9274604585040267], "k_pid_yaw": [0.5, 1e-06, 0.1], "k_pid_hsp": [1.0, 0.01, 0.01], "k_pid_vsp": [111.20884264032553, 102.7157397860675, 226.76703262623965]}, "datetime": {"datetime": "2025-08-20 17:43:42", "elapsed": 21076.504739284515, "delta": 22.873610258102417}, "costs": {"total_cost": 1460.132563656671, "time_cost": 150, "final_distance_cost": 7.904471231817989, "oscillation_cost": 67.1118434792988, "completition_cost": 1000.0, "overshoot_cost": 138.09876830148622, "power_cost": 23.606986694335937, "noise_cost": 73.41049394973201, "n_waypoints_completed": 0, "tot_waypoints": 9}}
{"target": -197.87374198274182, "params": {"k_pid_pos": [1.4698128353043505, 0.024859491386256316, 0.3434561031905483], "k_pid_alt": [1.2679502233621702, 0.0, 0.1], "k_pid_att": [43.948176657889235, 3.7802132718527557, 0.9274604585040267], "k_pid_yaw": [0.5, 1e-06, 0.1], "k_pid_hsp": [2.395389635608916, 0.01, 0.01], "k_pid_vsp": [111.20884264032553, 102.7157397860675, 20.226497411895423]}, "datetime": {"datetime": "2025-08-20 17:43:56", "elapsed": 21090.879248857498, "delta": 14.374509572982788}, "costs": {"total_cost": 197.87374198274182, "time_cost": 68.88, "final_distance_cost": 1.841085604790137, "oscillation_cost": 44.17943134496778, "completition_cost": 0.0, "overshoot_cost": 49.481844006088416, "power_cost": 19.03814938964844, "noise_cost": 14.453231637247024, "n_waypoints_completed": 9, "tot_waypoints": 9}}
{"target": -180.9822118953296, "params": {"k_pid_pos": [1.4698128353043505, 0.024859491386256316, 0.11401919133455096], "k_pid_alt": [1.3959173657108794, 0.0, 0.1], "k_pid_att": [43.948176657889235, 3.7802132718527557, 0.9274604585040267], "k_pid_yaw": [0.5, 1e-06, 0.1], "k_pid_hsp": [2.395389635608916, 0.01, 0.01], "k_pid_vsp": [111.20884264032553, 102.7157397860675, 1.0]}, "datetime": {"datetime": "2025-08-20 17:44:12", "elapsed": 21106.70531320572, "delta": 15.826064348220825}, "costs": {"total_cost": 180.9822118953296, "time_cost": 68.488, "final_distance_cost": 1.797838319491223, "oscillation_cost": 38.47476116870041, "completition_cost": 0.0, "overshoot_cost": 49.94531201874249, "power_cost": 11.387251831054687, "noise_cost": 10.889048557340793, "n_waypoints_completed": 9, "tot_waypoints": 9}}
{"target": -182.9542312932435, "params": {"k_pid_pos": [1.4698128353043505, 0.024859491386256316, 0.11401919133455096], "k_pid_alt": [0.8257095450628977, 0.0, 0.1], "k_pid_att": [43.948176657889235, 3.7802132718527557, 0.9274604585040267], "k_pid_yaw": [0.5, 1e-06, 0.1], "k_pid_hsp": [2.395389635608916, 0.01, 0.01], "k_pid_vsp": [111.20884264032553, 102.7157397860675, 1.0]}, "datetime": {"datetime": "2025-08-20 17:44:29", "elapsed": 21124.438727855682, "delta": 17.73341464996338}, "costs": {"total_cost": 182.9542312932435, "time_cost": 70.60000000000001, "final_distance_cost": 1.8143136972934737, "oscillation_cost": 37.58469557231745, "completition_cost": 0.0, "overshoot_cost": 50.08529607122347, "power_cost": 11.780781591796876, "noise_cost": 11.089144360612238, "n_waypoints_completed": 9, "tot_waypoints": 9}}
{"target": -180.59921135997206, "params": {"k_pid_pos": [1.4698128353043505, 0.024859491386256316, 0.11401919133455096], "k_pid_alt": [1.477768752937916, 0.0, 0.1], "k_pid_att": [43.948176657889235, 1.2832267695489696, 0.9274604585040267], "k_pid_yaw": [0.5, 1e-06, 0.1], "k_pid_hsp": [2.395389635608916, 0.01, 0.01], "k_pid_vsp": [111.20884264032553, 102.7157397860675, 1.0]}, "datetime": {"datetime": "2025-08-20 17:44:47", "elapsed": 21141.649128198624, "delta": 17.210400342941284}, "costs": {"total_cost": 180.59921135997206, "time_cost": 68.47200000000001, "final_distance_cost": 1.7910119549624173, "oscillation_cost": 38.01239069220997, "completition_cost": 0.0, "overshoot_cost": 50.16875626078778, "power_cost": 11.305923205566407, "noise_cost": 10.849129246445468, "n_waypoints_completed": 9, "tot_waypoints": 9}}
{"target": -197.0951797074025, "params": {"k_pid_pos": [1.9648629373893673, 0.024859491386256316, 0.8092599635047751], "k_pid_alt": [0.9507522332047484, 0.0, 0.1], "k_pid_att": [43.948176657889235, 6.806811407577699, 0.6711777735375999], "k_pid_yaw": [0.5, 1e-06, 0.1], "k_pid_hsp": [1.0, 0.01, 0.01], "k_pid_vsp": [111.20884264032553, 369.48810340511164, 29.020453107259044]}, "datetime": {"datetime": "2025-08-20 17:45:05", "elapsed": 21160.101350545883, "delta": 18.45222234725952}, "costs": {"total_cost": 197.0951797074025, "time_cost": 72.32000000000001, "final_distance_cost": 1.8178048073719255, "oscillation_cost": 49.94066396726942, "completition_cost": 0.0, "overshoot_cost": 49.391525162387616, "power_cost": 13.026434716796876, "noise_cost": 10.598751053576677, "n_waypoints_completed": 9, "tot_waypoints": 9}}
{"target": -178.70478725309496, "params": {"k_pid_pos": [1.4698128353043505, 0.024859491386256316, 0.3434561031905483], "k_pid_alt": [1.2679502233621702, 0.0, 0.1], "k_pid_att": [43.948176657889235, 3.7802132718527557, 0.9274604585040267], "k_pid_yaw": [0.5, 1e-06, 0.1], "k_pid_hsp": [2.395389635608916, 0.01, 0.01], "k_pid_vsp": [111.20884264032553, 102.7157397860675, 1.0]}, "datetime": {"datetime": "2025-08-20 17:45:20", "elapsed": 21175.06716656685, "delta": 14.965816020965576}, "costs": {"total_cost": 178.70478725309496, "time_cost": 69.12, "final_distance_cost": 1.8299338179061795, "oscillation_cost": 35.21687367722384, "completition_cost": 0.0, "overshoot_cost": 50.090394500534366, "power_cost": 11.321949291992189, "noise_cost": 11.125635965438402, "n_waypoints_completed": 9, "tot_waypoints": 9}}
{"target": -180.40810129406827, "params": {"k_pid_pos": [1.4698128353043505, 0.024859491386256316, 0.11401919133455096], "k_pid_alt": [1.2679502233621702, 0.0, 0.1], "k_pid_att": [43.948176657889235, 3.7802132718527557, 0.9274604585040267], "k_pid_yaw": [0.5, 1e-06, 0.1], "k_pid_hsp": [2.395389635608916, 0.01, 0.01], "k_pid_vsp": [111.20884264032553, 102.7157397860675, 1.0]}, "datetime": {"datetime": "2025-08-20 17:45:35", "elapsed": 21190.27438044548, "delta": 15.207213878631592}, "costs": {"total_cost": 180.40810129406827, "time_cost": 68.656, "final_distance_cost": 1.7855036050235287, "oscillation_cost": 37.645407527558994, "completition_cost": 0.0, "overshoot_cost": 49.9598019448747, "power_cost": 11.380489074707032, "noise_cost": 10.980899141904002, "n_waypoints_completed": 9, "tot_waypoints": 9}}
{"target": -180.40810129406827, "params": {"k_pid_pos": [1.4698128353043505, 0.024859491386256316, 0.11401919133455096], "k_pid_alt": [1.2679502233621702, 0.0, 0.1], "k_pid_att": [43.948176657889235, 3.7802132718527557, 0.9274604585040267], "k_pid_yaw": [0.5, 1e-06, 0.1], "k_pid_hsp": [2.395389635608916, 0.01, 0.01], "k_pid_vsp": [111.20884264032553, 102.7157397860675, 1.0]}, "datetime": {"datetime": "2025-08-20 17:45:51", "elapsed": 21205.89367699623, "delta": 15.619296550750732}, "costs": {"total_cost": 180.40810129406827, "time_cost": 68.656, "final_distance_cost": 1.7855036050235287, "oscillation_cost": 37.645407527558994, "completition_cost": 0.0, "overshoot_cost": 49.9598019448747, "power_cost": 11.380489074707032, "noise_cost": 10.980899141904002, "n_waypoints_completed": 9, "tot_waypoints": 9}}
{"target": -202.90593634888396, "params": {"k_pid_pos": [0.7850540835226802, 0.22981412956968694, 0.11401919133455096], "k_pid_alt": [1.2679502233621702, 0.0, 0.1], "k_pid_att": [43.948176657889235, 6.1000979977801535, 0.9947678187352218], "k_pid_yaw": [0.5, 1e-06, 0.1], "k_pid_hsp": [1.0, 0.6870351602694771, 0.01], "k_pid_vsp": [111.20884264032553, 102.7157397860675, 1.0]}, "datetime": {"datetime": "2025-08-20 17:46:07", "elapsed": 21222.184423208237, "delta": 16.290746212005615}, "costs": {"total_cost": 202.90593634888396, "time_cost": 75.008, "final_distance_cost": 1.8277353284482698, "oscillation_cost": 50.94572303716767, "completition_cost": 0.0, "overshoot_cost": 49.64828863148912, "power_cost": 13.187507409667969, "noise_cost": 12.288681942110953, "n_waypoints_completed": 9, "tot_waypoints": 9}}
{"target": -182.33224266945516, "params": {"k_pid_pos": [1.4698128353043505, 0.024859491386256316, 0.11401919133455096], "k_pid_alt": [1.2679502233621702, 0.0, 0.2915903713486512], "k_pid_att": [43.948176657889235, 6.766944352677465, 0.73590781336997], "k_pid_yaw": [0.5, 1e-06, 0.1], "k_pid_hsp": [2.395389635608916, 0.01, 0.01], "k_pid_vsp": [110.56511661686339, 102.7157397860675, 1.0]}, "datetime": {"datetime": "2025-08-20 17:46:23", "elapsed": 21238.298510313034, "delta": 16.114087104797363}, "costs": {"total_cost": 182.33224266945516, "time_cost": 69.16, "final_distance_cost": 1.7853202304198232, "oscillation_cost": 38.48057694925969, "completition_cost": 0.0, "overshoot_cost": 50.20553644802248, "power_cost": 11.656195251464844, "noise_cost": 11.044613790288311, "n_waypoints_completed": 9, "tot_waypoints": 9}}
{"target": -194.42471641347444, "params": {"k_pid_pos": [1.4698128353043505, 0.024859491386256316, 0.11401919133455096], "k_pid_alt": [1.477768752937916, 0.0, 0.1], "k_pid_att": [43.948176657889235, 1.2832267695489696, 0.9274604585040267], "k_pid_yaw": [0.5, 1e-06, 0.1], "k_pid_hsp": [7.387403233709861, 0.01, 0.01], "k_pid_vsp": [111.20884264032553, 102.7157397860675, 1.0]}, "datetime": {"datetime": "2025-08-20 17:46:38", "elapsed": 21253.10244679451, "delta": 14.80393648147583}, "costs": {"total_cost": 194.42471641347444, "time_cost": 68.592, "final_distance_cost": 1.8051502018974825, "oscillation_cost": 51.56500759486771, "completition_cost": 0.0, "overshoot_cost": 50.252339803548146, "power_cost": 11.337130688476563, "noise_cost": 10.873088124684518, "n_waypoints_completed": 9, "tot_waypoints": 9}}
{"target": -181.3016236570111, "params": {"k_pid_pos": [1.4698128353043505, 0.024859491386256316, 0.11401919133455096], "k_pid_alt": [1.477768752937916, 0.0, 0.1], "k_pid_att": [43.948176657889235, 1.2832267695489696, 0.9274604585040267], "k_pid_yaw": [0.5, 1e-06, 0.1], "k_pid_hsp": [2.395389635608916, 0.01, 0.01], "k_pid_vsp": [68.87684793552155, 204.84203769155826, 1.0]}, "datetime": {"datetime": "2025-08-20 17:46:54", "elapsed": 21268.859283924103, "delta": 15.756837129592896}, "costs": {"total_cost": 181.3016236570111, "time_cost": 68.28, "final_distance_cost": 1.8195132420322033, "oscillation_cost": 39.251768223374505, "completition_cost": 0.0, "overshoot_cost": 49.69046862588824, "power_cost": 11.462947961425781, "noise_cost": 10.796925604290388, "n_waypoints_completed": 9, "tot_waypoints": 9}}
{"target": -394.28494614921345, "params": {"k_pid_pos": [0.3457776273554678, 0.024859491386256316, 0.3434561031905483], "k_pid_alt": [1.2679502233621702, 0.0, 0.3489059373979838], "k_pid_att": [43.948176657889235, 3.7802132718527557, 0.9274604585040267], "k_pid_yaw": [0.5, 1e-06, 0.1], "k_pid_hsp": [2.395389635608916, 0.01, 0.01], "k_pid_vsp": [111.20884264032553, 339.4431072959635, 1.0]}, "datetime": {"datetime": "2025-08-20 17:47:17", "elapsed": 21291.54606437683, "delta": 22.68678045272827}, "costs": {"total_cost": 394.28494614921345, "time_cost": 150, "final_distance_cost": 10.74920611010848, "oscillation_cost": 36.19175711846487, "completition_cost": 111.11111111111116, "overshoot_cost": 55.62802509464086, "power_cost": 15.624522717285156, "noise_cost": 14.9803239976029, "n_waypoints_completed": 8, "tot_waypoints": 9}}
{"target": -183.15376678979933, "params": {"k_pid_pos": [1.7041340386651447, 0.024859491386256316, 0.3434561031905483], "k_pid_alt": [1.2679502233621702, 0.0, 0.1], "k_pid_att": [43.948176657889235, 3.7802132718527557, 0.7033874038379369], "k_pid_yaw": [0.5, 1e-06, 0.1], "k_pid_hsp": [2.395389635608916, 0.01, 0.01], "k_pid_vsp": [111.20884264032553, 102.7157397860675, 1.0]}, "datetime": {"datetime": "2025-08-20 17:47:31", "elapsed": 21306.127897024155, "delta": 14.581832647323608}, "costs": {"total_cost": 183.15376678979933, "time_cost": 68.72, "final_distance_cost": 1.8242066222988962, "oscillation_cost": 40.16615139695722, "completition_cost": 0.0, "overshoot_cost": 50.13776574949649, "power_cost": 11.395802539062501, "noise_cost": 10.909840481984206, "n_waypoints_completed": 9, "tot_waypoints": 9}}
{"target": -181.4886359822856, "params": {"k_pid_pos": [1.4698128353043505, 0.024859491386256316, 0.11401919133455096], "k_pid_alt": [1.3959173657108794, 0.0, 0.8285330192795117], "k_pid_att": [43.948176657889235, 3.7802132718527557, 0.9274604585040267], "k_pid_yaw": [0.5, 1e-06, 0.1], "k_pid_hsp": [2.395389635608916, 0.01, 0.01], "k_pid_vsp": [111.20884264032553, 102.7157397860675, 1.0]}, "datetime": {"datetime": "2025-08-20 17:47:49", "elapsed": 21323.584025144577, "delta": 17.456128120422363}, "costs": {"total_cost": 181.4886359822856, "time_cost": 70.528, "final_distance_cost": 1.8164772990462683, "oscillation_cost": 36.80200744507113, "completition_cost": 0.0, "overshoot_cost": 49.861970034517455, "power_cost": 11.540837353515625, "noise_cost": 10.939343850135103, "n_waypoints_completed": 9, "tot_waypoints": 9}}
