{"target": -326.7807853557857, "params": {"k_pid_pos": [1.4698128353043505, 0.024859491386256316, 0.3434561031905483], "k_pid_alt": [0.41811782976038847, 0.0, 0.1], "k_pid_att": [43.948176657889235, 1.326856224425946, 0.9274604585040267], "k_pid_yaw": [0.5, 1e-06, 0.1], "k_pid_hsp": [2.82373402557605, 0.8161661674624935, 0.5615618048538342], "k_pid_vsp": [139.297858085773, 102.7157397860675, 1.0]}, "datetime": {"datetime": "2025-08-20 18:53:33", "elapsed": 25267.64380478859, "delta": 19.86384081840515}, "costs": {"total_cost": 326.7807853557857, "time_cost": 90.872, "final_distance_cost": 1.8275193866513284, "oscillation_cost": 146.82534772658778, "completition_cost": 0.0, "overshoot_cost": 52.91150487225705, "power_cost": 18.379219775390627, "noise_cost": 15.965193594898867, "n_waypoints_completed": 9, "tot_waypoints": 9}}
{"target": -365.3034906342938, "params": {"k_pid_pos": [1.8792899704868669, 0.43502179072678904, 0.3434561031905483], "k_pid_alt": [1.2679502233621702, 0.0, 0.1], "k_pid_att": [96.203943896059, 3.7802132718527557, 0.9274604585040267], "k_pid_yaw": [0.5, 1e-06, 0.1], "k_pid_hsp": [3.644047778136555, 0.01, 0.7340866273984559], "k_pid_vsp": [111.20884264032553, 102.7157397860675, 1.0]}, "datetime": {"datetime": "2025-08-20 18:53:52", "elapsed": 25287.21758365631, "delta": 19.573778867721558}, "costs": {"total_cost": 365.3034906342938, "time_cost": 81.168, "final_distance_cost": 1.7850283492401549, "oscillation_cost": 201.49866710176389, "completition_cost": 0.0, "overshoot_cost": 50.10261964281166, "power_cost": 16.98008614501953, "noise_cost": 13.769089395458526, "n_waypoints_completed": 9, "tot_waypoints": 9}}
{"target": -328.95716958770953, "params": {"k_pid_pos": [1.4698128353043505, 0.024859491386256316, 0.3434561031905483], "k_pid_alt": [1.826042005534695, 0.0, 0.1], "k_pid_att": [43.948176657889235, 1.326856224425946, 0.168991628355324], "k_pid_yaw": [0.5, 1e-06, 0.1], "k_pid_hsp": [2.82373402557605, 0.01, 0.5460140404092502], "k_pid_vsp": [111.20884264032553, 216.29307082677042, 1.0]}, "datetime": {"datetime": "2025-08-20 18:54:10", "elapsed": 25304.942725896835, "delta": 17.725142240524292}, "costs": {"total_cost": 328.95716958770953, "time_cost": 78.752, "final_distance_cost": 1.744128413267211, "oscillation_cost": 163.84991554927007, "completition_cost": 0.0, "overshoot_cost": 54.37512254980446, "power_cost": 16.309607189941406, "noise_cost": 13.926395885426398, "n_waypoints_completed": 9, "tot_waypoints": 9}}
{"target": -184.71526850968237, "params": {"k_pid_pos": [1.4698128353043505, 0.024859491386256316, 0.3434561031905483], "k_pid_alt": [1.2679502233621702, 0.0, 0.43738161972271916], "k_pid_att": [43.948176657889235, 4.929500621888914, 0.9274604585040267], "k_pid_yaw": [0.5, 1e-06, 0.1], "k_pid_hsp": [2.82373402557605, 0.4017820065842225, 0.01], "k_pid_vsp": [111.20884264032553, 102.7157397860675, 1.0]}, "datetime": {"datetime": "2025-08-20 18:54:27", "elapsed": 25321.83419251442, "delta": 16.89146661758423}, "costs": {"total_cost": 184.71526850968237, "time_cost": 69.712, "final_distance_cost": 1.8402421894913292, "oscillation_cost": 40.726340269527284, "completition_cost": 0.0, "overshoot_cost": 50.05308841103995, "power_cost": 11.408685754394531, "noise_cost": 10.97491188522925, "n_waypoints_completed": 9, "tot_waypoints": 9}}
{"target": -194.85710294602706, "params": {"k_pid_pos": [0.792113498270493, 0.024859491386256316, 0.3434561031905483], "k_pid_alt": [1.2679502233621702, 0.0, 0.1], "k_pid_att": [27.525475025233238, 1.326856224425946, 0.9274604585040267], "k_pid_yaw": [0.5, 1e-06, 0.1], "k_pid_hsp": [2.82373402557605, 0.01, 0.01], "k_pid_vsp": [111.20884264032553, 102.7157397860675, 1.0]}, "datetime": {"datetime": "2025-08-20 18:54:45", "elapsed": 25339.54381084442, "delta": 17.70961833000183}, "costs": {"total_cost": 194.85710294602706, "time_cost": 77.384, "final_distance_cost": 1.8507656469939036, "oscillation_cost": 39.538638328484915, "completition_cost": 0.0, "overshoot_cost": 50.520531213785446, "power_cost": 12.785799487304688, "noise_cost": 12.77736826945807, "n_waypoints_completed": 9, "tot_waypoints": 9}}
{"target": -182.2153059421521, "params": {"k_pid_pos": [1.8922997940790476, 0.024859491386256316, 0.3434561031905483], "k_pid_alt": [1.2679502233621702, 0.00018965351824429266, 0.1], "k_pid_att": [43.948176657889235, 3.7802132718527557, 0.9274604585040267], "k_pid_yaw": [0.5, 1e-06, 0.1], "k_pid_hsp": [2.395389635608916, 0.01, 0.01], "k_pid_vsp": [110.56511661686339, 102.7157397860675, 1.0]}, "datetime": {"datetime": "2025-08-20 18:54:59", "elapsed": 25354.36787390709, "delta": 14.824063062667847}, "costs": {"total_cost": 182.2153059421521, "time_cost": 68.568, "final_distance_cost": 1.7904784546747723, "oscillation_cost": 39.214064354056895, "completition_cost": 0.0, "overshoot_cost": 50.17769099245749, "power_cost": 11.558050537109375, "noise_cost": 10.907021603853561, "n_waypoints_completed": 9, "tot_waypoints": 9}}
{"target": -210.4943023370086, "params": {"k_pid_pos": [1.4698128353043505, 0.024859491386256316, 0.3434561031905483], "k_pid_alt": [0.3959875975917475, 0.0, 0.1], "k_pid_att": [43.948176657889235, 3.7802132718527557, 0.9274604585040267], "k_pid_yaw": [0.5, 1e-06, 0.1], "k_pid_hsp": [2.395389635608916, 0.01, 0.01], "k_pid_vsp": [110.56511661686339, 102.7157397860675, 1.0]}, "datetime": {"datetime": "2025-08-20 18:55:19", "elapsed": 25373.925031661987, "delta": 19.55715775489807}, "costs": {"total_cost": 210.4943023370086, "time_cost": 86.552, "final_distance_cost": 1.857507230461924, "oscillation_cost": 44.64166580799041, "completition_cost": 0.0, "overshoot_cost": 50.41579093257342, "power_cost": 13.972788244628907, "noise_cost": 13.054550121353943, "n_waypoints_completed": 9, "tot_waypoints": 9}}
{"target": -183.32795127961043, "params": {"k_pid_pos": [1.8792899704868669, 0.024859491386256316, 0.3434561031905483], "k_pid_alt": [1.2679502233621702, 0.0, 0.1], "k_pid_att": [43.948176657889235, 1.326856224425946, 0.9274604585040267], "k_pid_yaw": [0.5, 1e-06, 0.1], "k_pid_hsp": [2.82373402557605, 0.01, 0.01], "k_pid_vsp": [111.20884264032553, 216.29307082677042, 1.0]}, "datetime": {"datetime": "2025-08-20 18:55:34", "elapsed": 25389.470712423325, "delta": 15.54568076133728}, "costs": {"total_cost": 183.32795127961043, "time_cost": 68.616, "final_distance_cost": 1.783996060010511, "oscillation_cost": 40.59000095519191, "completition_cost": 0.0, "overshoot_cost": 50.052707356325946, "power_cost": 11.447744067382812, "noise_cost": 10.837502840699246, "n_waypoints_completed": 9, "tot_waypoints": 9}}
{"target": -196.92221048372477, "params": {"k_pid_pos": [1.9403883066526342, 0.024859491386256316, 0.3434561031905483], "k_pid_alt": [1.2679502233621702, 0.0, 0.1], "k_pid_att": [9.01694976284977, 0.5720022164256566, 0.11689683853528843], "k_pid_yaw": [0.5, 1e-06, 0.1], "k_pid_hsp": [2.395389635608916, 0.24034004518407315, 0.01], "k_pid_vsp": [387.1470188825909, 102.7157397860675, 1.0]}, "datetime": {"datetime": "2025-08-20 18:55:50", "elapsed": 25404.64790868759, "delta": 15.177196264266968}, "costs": {"total_cost": 196.92221048372477, "time_cost": 68.688, "final_distance_cost": 1.7810790698140926, "oscillation_cost": 52.2105486844923, "completition_cost": 0.0, "overshoot_cost": 50.02119903265202, "power_cost": 12.835026574707031, "noise_cost": 11.386357122059296, "n_waypoints_completed": 9, "tot_waypoints": 9}}
{"target": -177.6739252695265, "params": {"k_pid_pos": [1.4698128353043505, 0.024859491386256316, 0.3434561031905483], "k_pid_alt": [1.2679502233621702, 0.0, 0.1], "k_pid_att": [43.948176657889235, 1.326856224425946, 0.9274604585040267], "k_pid_yaw": [0.5, 1e-06, 0.1], "k_pid_hsp": [2.82373402557605, 0.01, 0.01], "k_pid_vsp": [111.20884264032553, 102.7157397860675, 1.0]}, "datetime": {"datetime": "2025-08-20 18:56:05", "elapsed": 25420.42327928543, "delta": 15.775370597839355}, "costs": {"total_cost": 177.6739252695265, "time_cost": 69.152, "final_distance_cost": 1.8262656886158488, "oscillation_cost": 34.33594552183275, "completition_cost": 0.0, "overshoot_cost": 50.065815663241324, "power_cost": 11.237653356933594, "noise_cost": 11.056245038902981, "n_waypoints_completed": 9, "tot_waypoints": 9}}
{"target": -177.6739252695265, "params": {"k_pid_pos": [1.4698128353043505, 0.024859491386256316, 0.3434561031905483], "k_pid_alt": [1.2679502233621702, 0.0, 0.1], "k_pid_att": [43.948176657889235, 1.326856224425946, 0.9274604585040267], "k_pid_yaw": [0.5, 1e-06, 0.1], "k_pid_hsp": [2.82373402557605, 0.01, 0.01], "k_pid_vsp": [111.20884264032553, 102.7157397860675, 1.0]}, "datetime": {"datetime": "2025-08-20 18:56:21", "elapsed": 25435.577318429947, "delta": 15.154039144515991}, "costs": {"total_cost": 177.6739252695265, "time_cost": 69.152, "final_distance_cost": 1.8262656886158488, "oscillation_cost": 34.33594552183275, "completition_cost": 0.0, "overshoot_cost": 50.065815663241324, "power_cost": 11.237653356933594, "noise_cost": 11.056245038902981, "n_waypoints_completed": 9, "tot_waypoints": 9}}
{"target": -183.32795127961043, "params": {"k_pid_pos": [1.8792899704868669, 0.024859491386256316, 0.3434561031905483], "k_pid_alt": [1.2679502233621702, 0.0, 0.1], "k_pid_att": [43.948176657889235, 1.326856224425946, 0.9274604585040267], "k_pid_yaw": [0.5, 1e-06, 0.1], "k_pid_hsp": [2.82373402557605, 0.01, 0.01], "k_pid_vsp": [111.20884264032553, 216.29307082677042, 1.0]}, "datetime": {"datetime": "2025-08-20 18:56:36", "elapsed": 25451.152861356735, "delta": 15.57554292678833}, "costs": {"total_cost": 183.32795127961043, "time_cost": 68.616, "final_distance_cost": 1.783996060010511, "oscillation_cost": 40.59000095519191, "completition_cost": 0.0, "overshoot_cost": 50.052707356325946, "power_cost": 11.447744067382812, "noise_cost": 10.837502840699246, "n_waypoints_completed": 9, "tot_waypoints": 9}}
{"target": -186.66483940485438, "params": {"k_pid_pos": [1.8922997940790476, 0.024859491386256316, 0.7774444947807966], "k_pid_alt": [1.2679502233621702, 0.0, 0.1], "k_pid_att": [43.948176657889235, 2.6298254890628097, 0.3301527476617453], "k_pid_yaw": [0.5, 1e-06, 0.1], "k_pid_hsp": [2.395389635608916, 0.18838112831262277, 0.01], "k_pid_vsp": [111.20884264032553, 102.7157397860675, 1.0]}, "datetime": {"datetime": "2025-08-20 18:56:51", "elapsed": 25466.069286346436, "delta": 14.916424989700317}, "costs": {"total_cost": 186.66483940485438, "time_cost": 69.096, "final_distance_cost": 1.849888983606652, "oscillation_cost": 43.356124480374014, "completition_cost": 0.0, "overshoot_cost": 49.86382433349026, "power_cost": 11.441883813476563, "noise_cost": 11.05711779390688, "n_waypoints_completed": 9, "tot_waypoints": 9}}
{"target": -179.43061469086348, "params": {"k_pid_pos": [1.4698128353043505, 0.024859491386256316, 0.3434561031905483], "k_pid_alt": [1.2679502233621702, 0.0, 0.1], "k_pid_att": [32.194164172814396, 3.7802132718527557, 0.9274604585040267], "k_pid_yaw": [0.5, 1e-06, 0.1], "k_pid_hsp": [2.395389635608916, 0.01, 0.01], "k_pid_vsp": [111.20884264032553, 102.7157397860675, 1.0]}, "datetime": {"datetime": "2025-08-20 18:57:07", "elapsed": 25481.923755168915, "delta": 15.854468822479248}, "costs": {"total_cost": 179.43061469086348, "time_cost": 69.168, "final_distance_cost": 1.8308394835546955, "oscillation_cost": 36.12436774661707, "completition_cost": 0.0, "overshoot_cost": 49.78905086435308, "power_cost": 11.434627966308595, "noise_cost": 11.083728630030047, "n_waypoints_completed": 9, "tot_waypoints": 9}}
{"target": -183.84426478517904, "params": {"k_pid_pos": [1.6185693046586094, 0.024859491386256316, 0.2662270978845458], "k_pid_alt": [1.2679502233621702, 0.0, 0.1], "k_pid_att": [43.948176657889235, 3.7802132718527557, 0.9737674939855436], "k_pid_yaw": [0.5, 1e-06, 0.1], "k_pid_hsp": [3.1752085098097216, 0.01, 0.01], "k_pid_vsp": [110.56511661686339, 307.41944303395303, 1.0]}, "datetime": {"datetime": "2025-08-20 18:57:23", "elapsed": 25498.24692773819, "delta": 16.323172569274902}, "costs": {"total_cost": 183.84426478517904, "time_cost": 68.712, "final_distance_cost": 1.7989230740200373, "oscillation_cost": 41.21753498009905, "completition_cost": 0.0, "overshoot_cost": 49.87212795844522, "power_cost": 11.377029052734375, "noise_cost": 10.866649719880336, "n_waypoints_completed": 9, "tot_waypoints": 9}}
{"target": -1237.8488601649112, "params": {"k_pid_pos": [1.4698128353043505, 0.024859491386256316, 0.7251764310290247], "k_pid_alt": [1.2679502233621702, 0.0, 0.1], "k_pid_att": [43.948176657889235, 3.7802132718527557, 0.9274604585040267], "k_pid_yaw": [0.5, 1e-06, 0.1], "k_pid_hsp": [7.372804202006003, 0.01, 0.01], "k_pid_vsp": [110.56511661686339, 307.41944303395303, 257.0809624420083]}, "datetime": {"datetime": "2025-08-20 18:57:46", "elapsed": 25520.969167232513, "delta": 22.72223949432373}, "costs": {"total_cost": 1237.8488601649112, "time_cost": 150, "final_distance_cost": 85.5133403019566, "oscillation_cost": 34.50792153130638, "completition_cost": 888.8888888888888, "overshoot_cost": 52.71597715240285, "power_cost": 14.154067297363282, "noise_cost": 12.068664992993284, "n_waypoints_completed": 1, "tot_waypoints": 9}}
{"target": -178.24783812486265, "params": {"k_pid_pos": [1.4698128353043505, 0.024859491386256316, 0.3434561031905483], "k_pid_alt": [1.2679502233621702, 0.0, 0.1], "k_pid_att": [43.948176657889235, 3.449784554492145, 0.9274604585040267], "k_pid_yaw": [0.5, 1e-06, 0.1], "k_pid_hsp": [2.82373402557605, 0.01, 0.01], "k_pid_vsp": [111.20884264032553, 102.7157397860675, 1.0]}, "datetime": {"datetime": "2025-08-20 18:58:02", "elapsed": 25536.97847890854, "delta": 16.00931167602539}, "costs": {"total_cost": 178.24783812486265, "time_cost": 69.19200000000001, "final_distance_cost": 1.8340978365838854, "oscillation_cost": 35.15506875880526, "completition_cost": 0.0, "overshoot_cost": 49.80609677940243, "power_cost": 11.217503125, "noise_cost": 11.04307162507105, "n_waypoints_completed": 9, "tot_waypoints": 9}}
{"target": -1087.6698590415776, "params": {"k_pid_pos": [1.4698128353043505, 0.024859491386256316, 0.3434561031905483], "k_pid_alt": [1.2679502233621702, 0.00018965351824429266, 0.1], "k_pid_att": [43.948176657889235, 3.7802132718527557, 0.9274604585040267], "k_pid_yaw": [0.5, 1e-06, 0.1], "k_pid_hsp": [2.395389635608916, 0.01, 0.01], "k_pid_vsp": [110.56511661686339, 136.86687071568403, 328.34678270756774]}, "datetime": {"datetime": "2025-08-20 18:58:25", "elapsed": 25560.177364110947, "delta": 23.198885202407837}, "costs": {"total_cost": 1087.6698590415776, "time_cost": 150, "final_distance_cost": 78.06536270859087, "oscillation_cost": 43.880268491802326, "completition_cost": 666.6666666666667, "overshoot_cost": 111.1951812831358, "power_cost": 19.644308605957033, "noise_cost": 18.218071285424756, "n_waypoints_completed": 3, "tot_waypoints": 9}}
{"target": -198.13015055587113, "params": {"k_pid_pos": [1.4698128353043505, 0.7865930166662759, 0.6842625427409482], "k_pid_alt": [1.2679502233621702, 0.0, 0.7593723261584083], "k_pid_att": [22.840745224411652, 3.7802132718527557, 0.9274604585040267], "k_pid_yaw": [0.5, 1e-06, 0.1], "k_pid_hsp": [2.395389635608916, 0.01, 0.01], "k_pid_vsp": [391.61348087291753, 102.7157397860675, 1.0]}, "datetime": {"datetime": "2025-08-20 18:58:43", "elapsed": 25578.371523857117, "delta": 18.194159746170044}, "costs": {"total_cost": 198.13015055587113, "time_cost": 80.56, "final_distance_cost": 1.7823547153212838, "oscillation_cost": 37.974196395172854, "completition_cost": 0.0, "overshoot_cost": 51.604314667542006, "power_cost": 13.828683984375001, "noise_cost": 12.380600793459966, "n_waypoints_completed": 9, "tot_waypoints": 9}}
{"target": -214.6812542186579, "params": {"k_pid_pos": [1.4698128353043505, 0.7990052071924634, 0.3434561031905483], "k_pid_alt": [1.2679502233621702, 0.0, 0.1], "k_pid_att": [43.948176657889235, 1.326856224425946, 0.9274604585040267], "k_pid_yaw": [0.5, 1e-06, 0.1], "k_pid_hsp": [2.82373402557605, 0.01, 0.01], "k_pid_vsp": [111.20884264032553, 102.7157397860675, 1.0]}, "datetime": {"datetime": "2025-08-20 18:59:02", "elapsed": 25596.883997678757, "delta": 18.512473821640015}, "costs": {"total_cost": 214.6812542186579, "time_cost": 85.888, "final_distance_cost": 1.7342482279611136, "oscillation_cost": 45.632323889508505, "completition_cost": 0.0, "overshoot_cost": 53.268258113959845, "power_cost": 14.730781201171876, "noise_cost": 13.427642786056573, "n_waypoints_completed": 9, "tot_waypoints": 9}}
{"target": -183.42401358518302, "params": {"k_pid_pos": [1.9355513472865937, 0.024859491386256316, 0.3434561031905483], "k_pid_alt": [1.2679502233621702, 0.0, 0.1], "k_pid_att": [43.948176657889235, 1.326856224425946, 0.9274604585040267], "k_pid_yaw": [0.5, 1e-06, 0.1], "k_pid_hsp": [2.82373402557605, 0.3198481575327874, 0.01], "k_pid_vsp": [111.20884264032553, 102.7157397860675, 1.0]}, "datetime": {"datetime": "2025-08-20 18:59:17", "elapsed": 25612.22729730606, "delta": 15.343299627304077}, "costs": {"total_cost": 183.42401358518302, "time_cost": 68.368, "final_distance_cost": 1.7860028638738208, "oscillation_cost": 41.1301795443137, "completition_cost": 0.0, "overshoot_cost": 50.074464388482674, "power_cost": 11.355084924316406, "noise_cost": 10.710281864196418, "n_waypoints_completed": 9, "tot_waypoints": 9}}
{"target": -267.2491578431114, "params": {"k_pid_pos": [1.9403883066526342, 0.024859491386256316, 0.3434561031905483], "k_pid_alt": [1.2679502233621702, 0.0, 0.1], "k_pid_att": [9.01694976284977, 0.5720022164256566, 0.11689683853528843], "k_pid_yaw": [0.5, 1e-06, 0.1], "k_pid_hsp": [2.395389635608916, 0.01, 0.10242793841395881], "k_pid_vsp": [111.20884264032553, 216.29307082677042, 1.0]}, "datetime": {"datetime": "2025-08-20 18:59:33", "elapsed": 25627.797704458237, "delta": 15.570407152175903}, "costs": {"total_cost": 267.2491578431114, "time_cost": 68.44800000000001, "final_distance_cost": 1.7663808536441228, "oscillation_cost": 122.88412712700845, "completition_cost": 0.0, "overshoot_cost": 49.776990542890935, "power_cost": 12.906683056640626, "noise_cost": 11.46697626292725, "n_waypoints_completed": 9, "tot_waypoints": 9}}
{"target": -186.57442823149677, "params": {"k_pid_pos": [1.8792899704868669, 0.024859491386256316, 0.3434561031905483], "k_pid_alt": [1.2679502233621702, 0.0, 0.1], "k_pid_att": [43.948176657889235, 1.326856224425946, 0.9274604585040267], "k_pid_yaw": [0.5, 1e-06, 0.1], "k_pid_hsp": [1.5822369352293129, 0.01, 0.01], "k_pid_vsp": [387.1470188825909, 10.020897349928273, 1.0]}, "datetime": {"datetime": "2025-08-20 18:59:50", "elapsed": 25644.627172470093, "delta": 16.82946801185608}, "costs": {"total_cost": 186.57442823149677, "time_cost": 69.92, "final_distance_cost": 1.7808881561544665, "oscillation_cost": 40.71672726976043, "completition_cost": 0.0, "overshoot_cost": 50.937778710569575, "power_cost": 11.983048767089844, "noise_cost": 11.235985327922425, "n_waypoints_completed": 9, "tot_waypoints": 9}}
{"target": -183.10027454132464, "params": {"k_pid_pos": [1.4698128353043505, 0.024859491386256316, 0.3434561031905483], "k_pid_alt": [1.2679502233621702, 0.0, 0.3787621482452719], "k_pid_att": [43.948176657889235, 6.380071371307885, 0.71995891973172], "k_pid_yaw": [0.5, 1e-06, 0.1], "k_pid_hsp": [2.395389635608916, 0.01, 0.01], "k_pid_vsp": [110.56511661686339, 102.7157397860675, 1.0]}, "datetime": {"datetime": "2025-08-20 19:00:05", "elapsed": 25660.02974629402, "delta": 15.402573823928833}, "costs": {"total_cost": 183.10027454132464, "time_cost": 69.872, "final_distance_cost": 1.8408165274273915, "oscillation_cost": 38.063220371655085, "completition_cost": 0.0, "overshoot_cost": 50.07860015110126, "power_cost": 11.921095190429687, "noise_cost": 11.324542300711222, "n_waypoints_completed": 9, "tot_waypoints": 9}}
{"target": -372.2091365268225, "params": {"k_pid_pos": [1.4142324046387962, 0.4134370845374137, 0.8821205660026245], "k_pid_alt": [1.2679502233621702, 0.0, 0.1], "k_pid_att": [43.948176657889235, 3.7802132718527557, 0.9274604585040267], "k_pid_yaw": [0.5, 1e-06, 0.1], "k_pid_hsp": [2.395389635608916, 0.01, 0.27229906198466947], "k_pid_vsp": [111.20884264032553, 102.7157397860675, 1.0]}, "datetime": {"datetime": "2025-08-20 19:00:23", "elapsed": 25678.05964255333, "delta": 18.02989625930786}, "costs": {"total_cost": 372.2091365268225, "time_cost": 81.224, "final_distance_cost": 1.784614696305083, "oscillation_cost": 208.02900055067968, "completition_cost": 0.0, "overshoot_cost": 51.4085169422555, "power_cost": 15.83350263671875, "noise_cost": 13.929501700863403, "n_waypoints_completed": 9, "tot_waypoints": 9}}
{"target": -179.7712279547064, "params": {"k_pid_pos": [1.4698128353043505, 0.024859491386256316, 0.3434561031905483], "k_pid_alt": [1.2679502233621702, 0.0, 0.1], "k_pid_att": [31.770312284672542, 1.326856224425946, 0.7414922158574659], "k_pid_yaw": [0.5, 1e-06, 0.1], "k_pid_hsp": [2.395389635608916, 0.01, 0.01], "k_pid_vsp": [111.20884264032553, 102.7157397860675, 1.0]}, "datetime": {"datetime": "2025-08-20 19:00:39", "elapsed": 25694.078849077225, "delta": 16.019206523895264}, "costs": {"total_cost": 179.7712279547064, "time_cost": 69.12, "final_distance_cost": 1.8247940241559226, "oscillation_cost": 36.314102511497, "completition_cost": 0.0, "overshoot_cost": 50.17906794669878, "power_cost": 11.29844920654297, "noise_cost": 11.034814265811727, "n_waypoints_completed": 9, "tot_waypoints": 9}}
