{"target": -186.09078784078835, "params": {"k_pid_pos": [1.4698128353043505, 0.024859491386256316, 0.11401919133455096], "k_pid_alt": [1.2679502233621702, 0.0, 0.9659895333512928], "k_pid_att": [43.948176657889235, 8.683548648184065, 0.9274604585040267], "k_pid_yaw": [0.5, 1e-06, 0.1], "k_pid_hsp": [3.061197731635527, 0.01, 0.01], "k_pid_vsp": [110.56511661686339, 102.7157397860675, 1.0]}, "datetime": {"datetime": "2025-08-20 17:26:00", "elapsed": 20015.394930124283, "delta": 15.476115465164185}, "costs": {"total_cost": 186.09078784078835, "time_cost": 71.92, "final_distance_cost": 1.8187560230546624, "oscillation_cost": 39.10922579876348, "completition_cost": 0.0, "overshoot_cost": 50.01898275833178, "power_cost": 12.021110742187501, "noise_cost": 11.202712518450934, "n_waypoints_completed": 9, "tot_waypoints": 9}}
{"target": -190.14713103189968, "params": {"k_pid_pos": [0.6815964110373376, 0.024859491386256316, 0.11401919133455096], "k_pid_alt": [1.2679502233621702, 0.0, 0.1], "k_pid_att": [43.948176657889235, 3.7802132718527557, 0.9274604585040267], "k_pid_yaw": [0.5, 1e-06, 0.1], "k_pid_hsp": [1.0, 0.01, 0.01], "k_pid_vsp": [111.20884264032553, 102.7157397860675, 1.0]}, "datetime": {"datetime": "2025-08-20 17:26:17", "elapsed": 20032.05372452736, "delta": 16.658794403076172}, "costs": {"total_cost": 190.14713103189968, "time_cost": 76.056, "final_distance_cost": 1.8513833093908056, "oscillation_cost": 35.84342236710702, "completition_cost": 0.0, "overshoot_cost": 50.2738548826769, "power_cost": 13.38932265625, "noise_cost": 12.733147816474972, "n_waypoints_completed": 9, "tot_waypoints": 9}}
{"target": -787.883620516715, "params": {"k_pid_pos": [1.4698128353043505, 0.6034900646563243, 0.11401919133455096], "k_pid_alt": [1.2679502233621702, 0.0, 0.1], "k_pid_att": [43.948176657889235, 3.7802132718527557, 0.9274604585040267], "k_pid_yaw": [0.5, 1e-06, 0.1], "k_pid_hsp": [1.0, 0.01, 0.01], "k_pid_vsp": [387.2664617915111, 102.7157397860675, 364.10443583191045]}, "datetime": {"datetime": "2025-08-20 17:26:41", "elapsed": 20055.581912755966, "delta": 23.528188228607178}, "costs": {"total_cost": 787.883620516715, "time_cost": 150, "final_distance_cost": 45.935693458310276, "oscillation_cost": 56.942940014714246, "completition_cost": 444.4444444444444, "overshoot_cost": 59.13284922463698, "power_cost": 17.523240954589845, "noise_cost": 13.904452420019288, "n_waypoints_completed": 5, "tot_waypoints": 9}}
{"target": -857.5453385898537, "params": {"k_pid_pos": [1.4698128353043505, 0.024859491386256316, 0.11401919133455096], "k_pid_alt": [0.08360835472764028, 0.005032828812111867, 0.1], "k_pid_att": [40.6020781270096, 3.7802132718527557, 0.9274604585040267], "k_pid_yaw": [0.5, 1e-06, 0.1], "k_pid_hsp": [0.7117181632766922, 0.01, 0.01], "k_pid_vsp": [251.5004449007475, 102.7157397860675, 1.0]}, "datetime": {"datetime": "2025-08-20 17:27:03", "elapsed": 20077.672812461853, "delta": 22.09089970588684}, "costs": {"total_cost": 857.5453385898537, "time_cost": 150, "final_distance_cost": 42.290424940283096, "oscillation_cost": 30.775031823839374, "completition_cost": 555.5555555555555, "overshoot_cost": 47.20778167714865, "power_cost": 17.03577265625, "noise_cost": 14.680771936777047, "n_waypoints_completed": 4, "tot_waypoints": 9}}
{"target": -1092.3175573832477, "params": {"k_pid_pos": [1.4698128353043505, 0.024859491386256316, 0.11401919133455096], "k_pid_alt": [1.2679502233621702, 0.7878073311663888, 0.1], "k_pid_att": [43.948176657889235, 3.7802132718527557, 0.9274604585040267], "k_pid_yaw": [0.5, 1e-06, 0.1], "k_pid_hsp": [1.0, 0.01, 0.01], "k_pid_vsp": [36.465762321119, 93.09285943774285, 234.57990640435014]}, "datetime": {"datetime": "2025-08-20 17:27:25", "elapsed": 20099.676727056503, "delta": 22.00391459465027}, "costs": {"total_cost": 1092.3175573832477, "time_cost": 150, "final_distance_cost": 60.47461086029199, "oscillation_cost": 39.334097674515455, "completition_cost": 666.6666666666667, "overshoot_cost": 110.2280300322995, "power_cost": 34.23745513916016, "noise_cost": 31.37669701031377, "n_waypoints_completed": 3, "tot_waypoints": 9}}
{"target": -202.36421161975719, "params": {"k_pid_pos": [1.1746680240616947, 0.024859491386256316, 0.11401919133455096], "k_pid_alt": [1.2679502233621702, 0.0, 0.1], "k_pid_att": [43.948176657889235, 3.7802132718527557, 0.9274604585040267], "k_pid_yaw": [0.5, 1e-06, 0.1], "k_pid_hsp": [1.0, 0.8810724201875452, 0.01], "k_pid_vsp": [111.20884264032553, 102.7157397860675, 1.0]}, "datetime": {"datetime": "2025-08-20 17:27:40", "elapsed": 20114.637425661087, "delta": 14.96069860458374}, "costs": {"total_cost": 202.36421161975719, "time_cost": 68.968, "final_distance_cost": 1.8571493319059733, "oscillation_cost": 57.63371737834375, "completition_cost": 0.0, "overshoot_cost": 49.23640522613611, "power_cost": 12.899141577148438, "noise_cost": 11.769798106222913, "n_waypoints_completed": 9, "tot_waypoints": 9}}
{"target": -186.98392772498386, "params": {"k_pid_pos": [1.4698128353043505, 0.024859491386256316, 0.704167472379422], "k_pid_alt": [1.6319753356852484, 0.0, 0.1], "k_pid_att": [43.948176657889235, 3.7802132718527557, 0.5315175384971502], "k_pid_yaw": [0.5, 1e-06, 0.1], "k_pid_hsp": [1.0, 0.01, 0.01], "k_pid_vsp": [63.87935167311278, 102.7157397860675, 1.0]}, "datetime": {"datetime": "2025-08-20 17:27:56", "elapsed": 20131.14612865448, "delta": 16.508702993392944}, "costs": {"total_cost": 186.98392772498386, "time_cost": 70.592, "final_distance_cost": 1.8429569938818104, "oscillation_cost": 39.46369419415784, "completition_cost": 0.0, "overshoot_cost": 50.50787278265635, "power_cost": 12.663488488769532, "noise_cost": 11.913915265518304, "n_waypoints_completed": 9, "tot_waypoints": 9}}
{"target": -1169.7046026386543, "params": {"k_pid_pos": [1.4698128353043505, 0.5386582446021755, 0.11401919133455096], "k_pid_alt": [1.2679502233621702, 0.0, 0.1], "k_pid_att": [43.948176657889235, 3.7802132718527557, 0.9274604585040267], "k_pid_yaw": [0.5, 1e-06, 0.1], "k_pid_hsp": [1.0, 0.01, 0.01], "k_pid_vsp": [111.20884264032553, 102.7157397860675, 250.6364031778067]}, "datetime": {"datetime": "2025-08-20 17:28:18", "elapsed": 20153.246838331223, "delta": 22.100709676742554}, "costs": {"total_cost": 1169.7046026386543, "time_cost": 150, "final_distance_cost": 78.59551367784924, "oscillation_cost": 39.38510145150675, "completition_cost": 777.7777777777778, "overshoot_cost": 84.93645863309602, "power_cost": 19.37372940673828, "noise_cost": 19.6360216916863, "n_waypoints_completed": 2, "tot_waypoints": 9}}
{"target": -180.40810129406827, "params": {"k_pid_pos": [1.4698128353043505, 0.024859491386256316, 0.11401919133455096], "k_pid_alt": [1.2679502233621702, 0.0, 0.1], "k_pid_att": [43.948176657889235, 3.7802132718527557, 0.9274604585040267], "k_pid_yaw": [0.5, 1e-06, 0.1], "k_pid_hsp": [2.395389635608916, 0.01, 0.01], "k_pid_vsp": [111.20884264032553, 102.7157397860675, 1.0]}, "datetime": {"datetime": "2025-08-20 17:28:33", "elapsed": 20168.24024581909, "delta": 14.993407487869263}, "costs": {"total_cost": 180.40810129406827, "time_cost": 68.656, "final_distance_cost": 1.7855036050235287, "oscillation_cost": 37.645407527558994, "completition_cost": 0.0, "overshoot_cost": 49.9598019448747, "power_cost": 11.380489074707032, "noise_cost": 10.980899141904002, "n_waypoints_completed": 9, "tot_waypoints": 9}}
{"target": -180.40810129406827, "params": {"k_pid_pos": [1.4698128353043505, 0.024859491386256316, 0.11401919133455096], "k_pid_alt": [1.2679502233621702, 0.0, 0.1], "k_pid_att": [43.948176657889235, 3.7802132718527557, 0.9274604585040267], "k_pid_yaw": [0.5, 1e-06, 0.1], "k_pid_hsp": [2.395389635608916, 0.01, 0.01], "k_pid_vsp": [111.20884264032553, 102.7157397860675, 1.0]}, "datetime": {"datetime": "2025-08-20 17:28:48", "elapsed": 20183.39910054207, "delta": 15.158854722976685}, "costs": {"total_cost": 180.40810129406827, "time_cost": 68.656, "final_distance_cost": 1.7855036050235287, "oscillation_cost": 37.645407527558994, "completition_cost": 0.0, "overshoot_cost": 49.9598019448747, "power_cost": 11.380489074707032, "noise_cost": 10.980899141904002, "n_waypoints_completed": 9, "tot_waypoints": 9}}
{"target": -180.4586778981898, "params": {"k_pid_pos": [1.4698128353043505, 0.024859491386256316, 0.11401919133455096], "k_pid_alt": [1.2679502233621702, 0.0, 0.1], "k_pid_att": [43.948176657889235, 3.7802132718527557, 0.9274604585040267], "k_pid_yaw": [0.5, 1e-06, 0.1], "k_pid_hsp": [1.0, 0.01, 0.01], "k_pid_vsp": [111.20884264032553, 102.7157397860675, 1.0]}, "datetime": {"datetime": "2025-08-20 17:29:04", "elapsed": 20199.024220228195, "delta": 15.625119686126709}, "costs": {"total_cost": 180.4586778981898, "time_cost": 68.456, "final_distance_cost": 1.8018656610788988, "oscillation_cost": 36.88102645014415, "completition_cost": 0.0, "overshoot_cost": 49.96291084832555, "power_cost": 12.191933203125, "noise_cost": 11.164941735516203, "n_waypoints_completed": 9, "tot_waypoints": 9}}
{"target": -232.25259578398308, "params": {"k_pid_pos": [1.4698128353043505, 0.5103538444008343, 0.11401919133455096], "k_pid_alt": [1.2679502233621702, 0.7198878692218418, 0.1], "k_pid_att": [27.991523243942407, 3.7802132718527557, 0.9274604585040267], "k_pid_yaw": [0.5, 1e-06, 0.1], "k_pid_hsp": [1.0, 0.01, 0.01], "k_pid_vsp": [316.2191682070645, 102.7157397860675, 1.0]}, "datetime": {"datetime": "2025-08-20 17:29:24", "elapsed": 20218.928978204727, "delta": 19.904757976531982}, "costs": {"total_cost": 232.25259578398308, "time_cost": 89.104, "final_distance_cost": 1.7205516416157358, "oscillation_cost": 56.673394493679375, "completition_cost": 0.0, "overshoot_cost": 53.99029286367554, "power_cost": 16.160493139648437, "noise_cost": 14.603863645364, "n_waypoints_completed": 9, "tot_waypoints": 9}}
{"target": -783.0635007830087, "params": {"k_pid_pos": [1.4698128353043505, 0.6034900646563243, 0.11401919133455096], "k_pid_alt": [1.2679502233621702, 0.0, 0.1], "k_pid_att": [43.948176657889235, 3.7802132718527557, 0.9274604585040267], "k_pid_yaw": [0.5, 1e-06, 0.1], "k_pid_hsp": [1.0, 0.01, 0.01], "k_pid_vsp": [387.2664617915111, 214.75589357362082, 364.10443583191045]}, "datetime": {"datetime": "2025-08-20 17:29:46", "elapsed": 20241.254096508026, "delta": 22.32511830329895}, "costs": {"total_cost": 783.0635007830087, "time_cost": 150, "final_distance_cost": 54.91519738692858, "oscillation_cost": 56.89986883244678, "completition_cost": 444.4444444444444, "overshoot_cost": 53.3334313463656, "power_cost": 12.69202615966797, "noise_cost": 10.77853261315532, "n_waypoints_completed": 5, "tot_waypoints": 9}}
{"target": -184.80301620342456, "params": {"k_pid_pos": [1.4698128353043505, 0.024859491386256316, 0.11401919133455096], "k_pid_alt": [1.2679502233621702, 0.0, 0.7021768561816121], "k_pid_att": [43.948176657889235, 3.7802132718527557, 0.9274604585040267], "k_pid_yaw": [0.5, 1e-06, 0.1], "k_pid_hsp": [2.395389635608916, 0.01, 0.01], "k_pid_vsp": [111.20884264032553, 93.02116563978787, 1.0]}, "datetime": {"datetime": "2025-08-20 17:30:02", "elapsed": 20257.37804722786, "delta": 16.123950719833374}, "costs": {"total_cost": 184.80301620342456, "time_cost": 70.72, "final_distance_cost": 1.807196371667255, "oscillation_cost": 39.53328920110031, "completition_cost": 0.0, "overshoot_cost": 50.119381579408945, "power_cost": 11.629071520996094, "noise_cost": 10.99407753025197, "n_waypoints_completed": 9, "tot_waypoints": 9}}
{"target": -200.93251047062208, "params": {"k_pid_pos": [0.4420754456323622, 0.024859491386256316, 0.11401919133455096], "k_pid_alt": [1.5258841610985416, 0.4460213279321439, 0.1], "k_pid_att": [43.948176657889235, 3.7802132718527557, 0.9274604585040267], "k_pid_yaw": [0.5, 1e-06, 0.1], "k_pid_hsp": [2.395389635608916, 0.01, 0.01], "k_pid_vsp": [111.20884264032553, 102.7157397860675, 1.0]}, "datetime": {"datetime": "2025-08-20 17:30:21", "elapsed": 20275.941846847534, "delta": 18.563799619674683}, "costs": {"total_cost": 200.93251047062208, "time_cost": 84.4, "final_distance_cost": 1.8246499945307195, "oscillation_cost": 37.85936660014317, "completition_cost": 0.0, "overshoot_cost": 51.713766746740134, "power_cost": 13.11448583984375, "noise_cost": 12.020241289364296, "n_waypoints_completed": 9, "tot_waypoints": 9}}
{"target": -181.7459488825078, "params": {"k_pid_pos": [1.4698128353043505, 0.024859491386256316, 0.11401919133455096], "k_pid_alt": [1.477768752937916, 0.0, 0.1], "k_pid_att": [43.948176657889235, 3.7802132718527557, 0.9274604585040267], "k_pid_yaw": [0.5, 1e-06, 0.1], "k_pid_hsp": [2.395389635608916, 0.01, 0.01], "k_pid_vsp": [111.20884264032553, 102.7157397860675, 1.0]}, "datetime": {"datetime": "2025-08-20 17:30:36", "elapsed": 20290.666401863098, "delta": 14.724555015563965}, "costs": {"total_cost": 181.7459488825078, "time_cost": 68.416, "final_distance_cost": 1.7803372596887364, "oscillation_cost": 39.30606870923081, "completition_cost": 0.0, "overshoot_cost": 49.96211818643531, "power_cost": 11.360346899414063, "noise_cost": 10.921077827738925, "n_waypoints_completed": 9, "tot_waypoints": 9}}
{"target": -383.5743960761663, "params": {"k_pid_pos": [1.4698128353043505, 0.024859491386256316, 0.11401919133455096], "k_pid_alt": [1.2679502233621702, 0.31913876781791417, 0.1], "k_pid_att": [43.948176657889235, 3.7802132718527557, 0.2963112878714621], "k_pid_yaw": [0.5, 1e-06, 0.1], "k_pid_hsp": [2.395389635608916, 0.01, 0.9808670922728795], "k_pid_vsp": [111.20884264032553, 102.7157397860675, 1.0]}, "datetime": {"datetime": "2025-08-20 17:30:58", "elapsed": 20312.58142876625, "delta": 21.915026903152466}, "costs": {"total_cost": 383.5743960761663, "time_cost": 98.008, "final_distance_cost": 1.8004940771426288, "oscillation_cost": 188.7062664693767, "completition_cost": 0.0, "overshoot_cost": 60.791884656554025, "power_cost": 18.688340649414062, "noise_cost": 15.57941022367889, "n_waypoints_completed": 9, "tot_waypoints": 9}}
{"target": -199.30376329292795, "params": {"k_pid_pos": [1.4698128353043505, 0.024859491386256316, 0.21152287994165886], "k_pid_alt": [1.6586884955541554, 0.0, 0.14895820972210694], "k_pid_att": [43.948176657889235, 3.7802132718527557, 0.9274604585040267], "k_pid_yaw": [0.5, 1e-06, 0.1], "k_pid_hsp": [1.0, 0.8411161312305768, 0.01], "k_pid_vsp": [110.56511661686339, 102.7157397860675, 1.0]}, "datetime": {"datetime": "2025-08-20 17:31:14", "elapsed": 20328.50868654251, "delta": 15.927257776260376}, "costs": {"total_cost": 199.30376329292795, "time_cost": 68.328, "final_distance_cost": 1.8258691122945292, "oscillation_cost": 55.131131768186144, "completition_cost": 0.0, "overshoot_cost": 50.140845307234734, "power_cost": 12.512834680175782, "noise_cost": 11.365082425036748, "n_waypoints_completed": 9, "tot_waypoints": 9}}
{"target": -192.0793862822099, "params": {"k_pid_pos": [1.143073425183974, 0.024859491386256316, 0.21152287994165886], "k_pid_alt": [1.2279286217595138, 0.0, 0.1], "k_pid_att": [99.05121608804818, 3.7802132718527557, 0.9274604585040267], "k_pid_yaw": [0.5, 1e-06, 0.1], "k_pid_hsp": [1.0, 0.01, 0.01], "k_pid_vsp": [110.56511661686339, 102.7157397860675, 1.0]}, "datetime": {"datetime": "2025-08-20 17:31:30", "elapsed": 20344.762316465378, "delta": 16.25362992286682}, "costs": {"total_cost": 192.0793862822099, "time_cost": 72.432, "final_distance_cost": 1.8341042323524166, "oscillation_cost": 42.98106595836897, "completition_cost": 0.0, "overshoot_cost": 50.05934873399232, "power_cost": 12.811008361816407, "noise_cost": 11.96185899567976, "n_waypoints_completed": 9, "tot_waypoints": 9}}
{"target": -192.07188767421636, "params": {"k_pid_pos": [1.4698128353043505, 0.024859491386256316, 0.5175749361529872], "k_pid_alt": [1.0568373747140234, 0.0, 0.1], "k_pid_att": [99.05121608804818, 3.7802132718527557, 0.9274604585040267], "k_pid_yaw": [0.5, 1e-06, 0.1], "k_pid_hsp": [1.0, 0.01, 0.01], "k_pid_vsp": [241.01872517964944, 102.7157397860675, 1.0]}, "datetime": {"datetime": "2025-08-20 17:31:46", "elapsed": 20361.28508234024, "delta": 16.52276587486267}, "costs": {"total_cost": 192.07188767421636, "time_cost": 73.008, "final_distance_cost": 1.8370688351566389, "oscillation_cost": 43.247300200081355, "completition_cost": 0.0, "overshoot_cost": 49.54215880856409, "power_cost": 12.512719592285157, "noise_cost": 11.924640238129104, "n_waypoints_completed": 9, "tot_waypoints": 9}}
{"target": -180.87288564915679, "params": {"k_pid_pos": [1.4698128353043505, 0.024859491386256316, 0.11401919133455096], "k_pid_alt": [1.2679502233621702, 0.0, 0.1], "k_pid_att": [43.948176657889235, 3.7802132718527557, 0.9274604585040267], "k_pid_yaw": [0.5, 1e-06, 0.1], "k_pid_hsp": [1.0, 0.01, 0.01], "k_pid_vsp": [110.56511661686339, 102.7157397860675, 1.0]}, "datetime": {"datetime": "2025-08-20 17:32:01", "elapsed": 20376.248244285583, "delta": 14.963161945343018}, "costs": {"total_cost": 180.87288564915679, "time_cost": 68.456, "final_distance_cost": 1.8005019285665687, "oscillation_cost": 37.264878417269045, "completition_cost": 0.0, "overshoot_cost": 50.02131079175938, "power_cost": 12.195581579589843, "noise_cost": 11.134612931971944, "n_waypoints_completed": 9, "tot_waypoints": 9}}
{"target": -737.2226070135764, "params": {"k_pid_pos": [1.4429946572917078, 0.024859491386256316, 0.5435827484623426], "k_pid_alt": [0.1413922119964648, 0.0, 0.1], "k_pid_att": [43.948176657889235, 3.7802132718527557, 0.9274604585040267], "k_pid_yaw": [0.5, 1e-06, 0.1], "k_pid_hsp": [1.0, 0.01, 0.01], "k_pid_vsp": [111.20884264032553, 102.7157397860675, 1.0]}, "datetime": {"datetime": "2025-08-20 17:32:24", "elapsed": 20398.52592730522, "delta": 22.27768301963806}, "costs": {"total_cost": 737.2226070135764, "time_cost": 150, "final_distance_cost": 44.37020952722371, "oscillation_cost": 27.855984238629425, "completition_cost": 444.4444444444444, "overshoot_cost": 40.78991361933678, "power_cost": 15.63772039794922, "noise_cost": 14.124334785992946, "n_waypoints_completed": 5, "tot_waypoints": 9}}
{"target": -220.56147864392324, "params": {"k_pid_pos": [1.4698128353043505, 0.6099605953006095, 0.11401919133455096], "k_pid_alt": [1.2679502233621702, 0.0, 0.1], "k_pid_att": [43.948176657889235, 3.7802132718527557, 0.9274604585040267], "k_pid_yaw": [0.5, 1e-06, 0.1], "k_pid_hsp": [1.0, 0.01, 0.01], "k_pid_vsp": [111.20884264032553, 102.7157397860675, 1.0]}, "datetime": {"datetime": "2025-08-20 17:32:42", "elapsed": 20417.490404605865, "delta": 18.96447730064392}, "costs": {"total_cost": 220.56147864392324, "time_cost": 84.664, "final_distance_cost": 1.7295244579434064, "oscillation_cost": 50.96796026365162, "completition_cost": 0.0, "overshoot_cost": 53.46319187869859, "power_cost": 15.972533117675782, "noise_cost": 13.764268925953804, "n_waypoints_completed": 9, "tot_waypoints": 9}}
{"target": -220.89535423983347, "params": {"k_pid_pos": [1.4698128353043505, 0.3438704374213081, 0.11401919133455096], "k_pid_alt": [1.2679502233621702, 0.0, 0.1], "k_pid_att": [43.948176657889235, 3.7802132718527557, 0.43397649097612745], "k_pid_yaw": [0.5, 1e-06, 0.1], "k_pid_hsp": [1.0, 0.9062593387060004, 0.01], "k_pid_vsp": [111.20884264032553, 102.7157397860675, 1.0]}, "datetime": {"datetime": "2025-08-20 17:33:00", "elapsed": 20435.192463874817, "delta": 17.702059268951416}, "costs": {"total_cost": 220.89535423983347, "time_cost": 78.24, "final_distance_cost": 1.7699774848524814, "oscillation_cost": 62.320389662246946, "completition_cost": 0.0, "overshoot_cost": 50.36435184354428, "power_cost": 15.177079895019531, "noise_cost": 13.023555354170236, "n_waypoints_completed": 9, "tot_waypoints": 9}}
{"target": -180.40810129406827, "params": {"k_pid_pos": [1.4698128353043505, 0.024859491386256316, 0.11401919133455096], "k_pid_alt": [1.2679502233621702, 0.0, 0.1], "k_pid_att": [43.948176657889235, 3.7802132718527557, 0.9274604585040267], "k_pid_yaw": [0.5, 1e-06, 0.1], "k_pid_hsp": [2.395389635608916, 0.01, 0.01], "k_pid_vsp": [111.20884264032553, 102.7157397860675, 1.0]}, "datetime": {"datetime": "2025-08-20 17:33:15", "elapsed": 20450.03728222847, "delta": 14.844818353652954}, "costs": {"total_cost": 180.40810129406827, "time_cost": 68.656, "final_distance_cost": 1.7855036050235287, "oscillation_cost": 37.645407527558994, "completition_cost": 0.0, "overshoot_cost": 49.9598019448747, "power_cost": 11.380489074707032, "noise_cost": 10.980899141904002, "n_waypoints_completed": 9, "tot_waypoints": 9}}
{"target": -185.39447883740544, "params": {"k_pid_pos": [1.4698128353043505, 0.024859491386256316, 0.11401919133455096], "k_pid_alt": [1.2679502233621702, 0.0, 0.1], "k_pid_att": [43.948176657889235, 6.766944352677465, 0.9274604585040267], "k_pid_yaw": [0.5, 1e-06, 0.1], "k_pid_hsp": [2.395389635608916, 0.6870351602694771, 0.01], "k_pid_vsp": [111.20884264032553, 102.7157397860675, 1.0]}, "datetime": {"datetime": "2025-08-20 17:33:30", "elapsed": 20465.34798526764, "delta": 15.310703039169312}, "costs": {"total_cost": 185.39447883740544, "time_cost": 68.352, "final_distance_cost": 1.8225925122477373, "oscillation_cost": 43.111464059330444, "completition_cost": 0.0, "overshoot_cost": 49.63260389160425, "power_cost": 11.632723449707031, "noise_cost": 10.843094924515958, "n_waypoints_completed": 9, "tot_waypoints": 9}}
