{"target": -1051.9207330495751, "params": {"k_pid_pos": [1.4698128353043505, 0.024859491386256316, 0.3434561031905483], "k_pid_alt": [1.2679502233621702, 0.0, 0.9056999501394369], "k_pid_att": [43.948176657889235, 1.7322516556660579, 0.9274604585040267], "k_pid_yaw": [0.5, 1e-06, 0.1], "k_pid_hsp": [2.82373402557605, 0.01, 0.01], "k_pid_vsp": [111.20884264032553, 102.7157397860675, 284.2619114099656]}, "datetime": {"datetime": "2025-08-20 18:38:33", "elapsed": 24367.551799058914, "delta": 22.361900329589844}, "costs": {"total_cost": 1051.9207330495751, "time_cost": 150, "final_distance_cost": 74.91332966831715, "oscillation_cost": 45.47520900220938, "completition_cost": 666.6666666666667, "overshoot_cost": 104.97897126123968, "power_cost": 3.8570354736328127, "noise_cost": 6.029520977509528, "n_waypoints_completed": 3, "tot_waypoints": 9}}
{"target": -2738.8873457770223, "params": {"k_pid_pos": [1.4698128353043505, 0.024859491386256316, 0.3434561031905483], "k_pid_alt": [1.2679502233621702, 0.0, 0.6867135937559309], "k_pid_att": [0.14187793368453105, 2.0345543729235005, 0.9274604585040267], "k_pid_yaw": [0.5, 1e-06, 0.1], "k_pid_hsp": [2.395389635608916, 0.5531972591780506, 0.01], "k_pid_vsp": [111.20884264032553, 348.21429157554047, 1.0]}, "datetime": {"datetime": "2025-08-20 18:38:55", "elapsed": 24389.7798204422, "delta": 22.228021383285522}, "costs": {"total_cost": 2738.8873457770223, "time_cost": 150, "final_distance_cost": 452.0052176627117, "oscillation_cost": 195.27243154981034, "completition_cost": 1000.0, "overshoot_cost": 814.2000950619805, "power_cost": 35.37508829345703, "noise_cost": 92.03451320906282, "n_waypoints_completed": 0, "tot_waypoints": 9}}
{"target": -333.1173550166533, "params": {"k_pid_pos": [1.4698128353043505, 0.024859491386256316, 0.3434561031905483], "k_pid_alt": [1.2679502233621702, 0.0, 0.1], "k_pid_att": [43.948176657889235, 3.7802132718527557, 0.9274604585040267], "k_pid_yaw": [0.5, 1e-06, 0.1], "k_pid_hsp": [2.395389635608916, 0.01, 0.40555978458723485], "k_pid_vsp": [111.20884264032553, 102.7157397860675, 1.0]}, "datetime": {"datetime": "2025-08-20 18:39:13", "elapsed": 24407.764936447144, "delta": 17.985116004943848}, "costs": {"total_cost": 333.1173550166533, "time_cost": 76.984, "final_distance_cost": 1.794940297664278, "oscillation_cost": 171.0424962485005, "completition_cost": 0.0, "overshoot_cost": 54.14737239712897, "power_cost": 15.743779699707032, "noise_cost": 13.404766373652532, "n_waypoints_completed": 9, "tot_waypoints": 9}}
{"target": -208.6021038163323, "params": {"k_pid_pos": [1.4698128353043505, 0.024859491386256316, 0.3434561031905483], "k_pid_alt": [1.2679502233621702, 0.0, 0.1], "k_pid_att": [43.948176657889235, 0.22073067032652463, 0.9274604585040267], "k_pid_yaw": [0.5, 1e-06, 0.1], "k_pid_hsp": [2.82373402557605, 0.01, 0.01], "k_pid_vsp": [111.20884264032553, 102.7157397860675, 75.78799424181197]}, "datetime": {"datetime": "2025-08-20 18:39:30", "elapsed": 24425.15185523033, "delta": 17.386918783187866}, "costs": {"total_cost": 208.6021038163323, "time_cost": 77.632, "final_distance_cost": 1.8371811115319694, "oscillation_cost": 52.90832752265303, "completition_cost": 0.0, "overshoot_cost": 55.110985640849975, "power_cost": 10.385175512695312, "noise_cost": 10.72843402860198, "n_waypoints_completed": 9, "tot_waypoints": 9}}
{"target": -347.2861080939207, "params": {"k_pid_pos": [1.4698128353043505, 0.024859491386256316, 0.3434561031905483], "k_pid_alt": [1.2679502233621702, 0.0, 0.7915130824798414], "k_pid_att": [43.948176657889235, 8.470657982980763, 0.9274604585040267], "k_pid_yaw": [0.5, 1e-06, 0.1], "k_pid_hsp": [2.82373402557605, 0.01, 0.2621620516958454], "k_pid_vsp": [111.20884264032553, 378.2564367747237, 1.0]}, "datetime": {"datetime": "2025-08-20 18:39:46", "elapsed": 24441.244997739792, "delta": 16.09314250946045}, "costs": {"total_cost": 347.2861080939207, "time_cost": 75.312, "final_distance_cost": 1.8084788901695108, "oscillation_cost": 189.4477590194873, "completition_cost": 0.0, "overshoot_cost": 52.75911357701627, "power_cost": 15.199992309570312, "noise_cost": 12.758764297677295, "n_waypoints_completed": 9, "tot_waypoints": 9}}
{"target": -182.2202196523202, "params": {"k_pid_pos": [1.6482342715797629, 0.024859491386256316, 0.2662270978845458], "k_pid_alt": [1.2679502233621702, 0.0, 0.1], "k_pid_att": [43.948176657889235, 3.7802132718527557, 0.9274604585040267], "k_pid_yaw": [0.5, 1e-06, 0.1], "k_pid_hsp": [2.395389635608916, 0.01, 0.01], "k_pid_vsp": [110.56511661686339, 102.7157397860675, 1.0]}, "datetime": {"datetime": "2025-08-20 18:40:03", "elapsed": 24458.105349063873, "delta": 16.86035132408142}, "costs": {"total_cost": 182.2202196523202, "time_cost": 68.656, "final_distance_cost": 1.7795192459659606, "oscillation_cost": 39.40806112927611, "completition_cost": 0.0, "overshoot_cost": 49.99413600502339, "power_cost": 11.392492578125001, "noise_cost": 10.990010693929726, "n_waypoints_completed": 9, "tot_waypoints": 9}}
{"target": -314.02337585368133, "params": {"k_pid_pos": [1.4698128353043505, 0.024859491386256316, 0.3434561031905483], "k_pid_alt": [1.2679502233621702, 0.0, 0.1], "k_pid_att": [43.948176657889235, 3.7802132718527557, 0.9274604585040267], "k_pid_yaw": [0.5, 1e-06, 0.1], "k_pid_hsp": [2.395389635608916, 0.01, 0.44348573036248906], "k_pid_vsp": [110.56511661686339, 102.7157397860675, 1.0]}, "datetime": {"datetime": "2025-08-20 18:40:21", "elapsed": 24475.902859210968, "delta": 17.797510147094727}, "costs": {"total_cost": 314.02337585368133, "time_cost": 77.712, "final_distance_cost": 1.7812307539441596, "oscillation_cost": 151.27481498337664, "completition_cost": 0.0, "overshoot_cost": 54.37683946022165, "power_cost": 15.520880004882812, "noise_cost": 13.357610651256056, "n_waypoints_completed": 9, "tot_waypoints": 9}}
{"target": -181.41367069921395, "params": {"k_pid_pos": [1.8922997940790476, 0.024859491386256316, 0.7774444947807966], "k_pid_alt": [1.2679502233621702, 0.0, 0.1], "k_pid_att": [43.948176657889235, 3.7802132718527557, 0.6718005340770477], "k_pid_yaw": [0.5, 1e-06, 0.1], "k_pid_hsp": [2.395389635608916, 0.18838112831262277, 0.01], "k_pid_vsp": [111.20884264032553, 102.7157397860675, 1.0]}, "datetime": {"datetime": "2025-08-20 18:40:38", "elapsed": 24492.50468659401, "delta": 16.601827383041382}, "costs": {"total_cost": 181.41367069921395, "time_cost": 69.048, "final_distance_cost": 1.8346118330206493, "oscillation_cost": 38.50267260803271, "completition_cost": 0.0, "overshoot_cost": 49.868327151464676, "power_cost": 11.150684887695313, "noise_cost": 11.009374219000586, "n_waypoints_completed": 9, "tot_waypoints": 9}}
{"target": -184.2323895105512, "params": {"k_pid_pos": [1.4698128353043505, 0.024859491386256316, 0.3434561031905483], "k_pid_alt": [1.2679502233621702, 0.0, 0.6297913080226606], "k_pid_att": [43.948176657889235, 7.421248308295844, 0.9274604585040267], "k_pid_yaw": [0.5, 1e-06, 0.1], "k_pid_hsp": [2.395389635608916, 0.01, 0.01], "k_pid_vsp": [111.20884264032553, 102.7157397860675, 1.0]}, "datetime": {"datetime": "2025-08-20 18:40:53", "elapsed": 24508.444728136063, "delta": 15.940041542053223}, "costs": {"total_cost": 184.2323895105512, "time_cost": 70.776, "final_distance_cost": 1.8294583086059824, "oscillation_cost": 39.33352558997412, "completition_cost": 0.0, "overshoot_cost": 49.838210090637396, "power_cost": 11.408648779296875, "noise_cost": 11.046546742036831, "n_waypoints_completed": 9, "tot_waypoints": 9}}
{"target": -986.9068131536992, "params": {"k_pid_pos": [0.14639111448255393, 0.0005578519329870746, 0.3434561031905483], "k_pid_alt": [1.2679502233621702, 0.0, 0.1], "k_pid_att": [43.948176657889235, 1.326856224425946, 0.3948135675183053], "k_pid_yaw": [0.5, 1e-06, 0.1], "k_pid_hsp": [2.82373402557605, 0.01, 0.01], "k_pid_vsp": [111.20884264032553, 102.7157397860675, 1.0]}, "datetime": {"datetime": "2025-08-20 18:41:16", "elapsed": 24530.81079697609, "delta": 22.366068840026855}, "costs": {"total_cost": 986.9068131536992, "time_cost": 150, "final_distance_cost": 54.149674883527325, "oscillation_cost": 35.88313254519343, "completition_cost": 666.6666666666667, "overshoot_cost": 51.76502245084242, "power_cost": 14.774802795410157, "noise_cost": 13.667513812059163, "n_waypoints_completed": 3, "tot_waypoints": 9}}
{"target": -197.47347706637694, "params": {"k_pid_pos": [1.4698128353043505, 0.024859491386256316, 0.3434561031905483], "k_pid_alt": [1.2679502233621702, 0.0, 0.1], "k_pid_att": [9.01694976284977, 0.5720022164256566, 0.11689683853528843], "k_pid_yaw": [0.5, 1e-06, 0.1], "k_pid_hsp": [2.395389635608916, 0.01, 0.01], "k_pid_vsp": [387.1470188825909, 102.7157397860675, 1.0]}, "datetime": {"datetime": "2025-08-20 18:41:31", "elapsed": 24546.055630922318, "delta": 15.244833946228027}, "costs": {"total_cost": 197.47347706637694, "time_cost": 69.47200000000001, "final_distance_cost": 1.8234376339020293, "oscillation_cost": 51.47350131455288, "completition_cost": 0.0, "overshoot_cost": 50.72852201499036, "power_cost": 12.48390076904297, "noise_cost": 11.49211533388867, "n_waypoints_completed": 9, "tot_waypoints": 9}}
{"target": -208.67688813603942, "params": {"k_pid_pos": [1.4698128353043505, 0.7268439883298804, 0.3434561031905483], "k_pid_alt": [1.2679502233621702, 0.0, 0.1], "k_pid_att": [43.948176657889235, 3.7802132718527557, 0.9274604585040267], "k_pid_yaw": [0.5, 1e-06, 0.1], "k_pid_hsp": [2.395389635608916, 0.01, 0.01], "k_pid_vsp": [111.20884264032553, 102.7157397860675, 1.0]}, "datetime": {"datetime": "2025-08-20 18:41:51", "elapsed": 24565.54437828064, "delta": 19.488747358322144}, "costs": {"total_cost": 208.67688813603942, "time_cost": 82.552, "final_distance_cost": 1.7275474371498976, "oscillation_cost": 45.2200053299331, "completition_cost": 0.0, "overshoot_cost": 51.93494570958823, "power_cost": 14.375735375976562, "noise_cost": 12.866654283391632, "n_waypoints_completed": 9, "tot_waypoints": 9}}
{"target": -185.9536274033093, "params": {"k_pid_pos": [1.4698128353043505, 0.024859491386256316, 0.2662270978845458], "k_pid_alt": [1.2679502233621702, 0.0, 0.26610943802920406], "k_pid_att": [43.948176657889235, 3.7802132718527557, 0.3883664380867584], "k_pid_yaw": [0.5, 1e-06, 0.1], "k_pid_hsp": [2.395389635608916, 0.01, 0.01], "k_pid_vsp": [110.56511661686339, 94.28610281764664, 1.0]}, "datetime": {"datetime": "2025-08-20 18:42:06", "elapsed": 24580.583543539047, "delta": 15.039165258407593}, "costs": {"total_cost": 185.9536274033093, "time_cost": 69.44, "final_distance_cost": 1.8267624899205954, "oscillation_cost": 42.298273971055124, "completition_cost": 0.0, "overshoot_cost": 49.9221778024786, "power_cost": 11.439287963867189, "noise_cost": 11.027125175987784, "n_waypoints_completed": 9, "tot_waypoints": 9}}
{"target": -397.58188510689104, "params": {"k_pid_pos": [0.9548351168171885, 0.024859491386256316, 0.3434561031905483], "k_pid_alt": [1.2679502233621702, 0.0, 0.1], "k_pid_att": [43.948176657889235, 3.7802132718527557, 0.9274604585040267], "k_pid_yaw": [0.5, 1e-06, 0.1], "k_pid_hsp": [2.395389635608916, 0.01, 0.7469279572267308], "k_pid_vsp": [111.20884264032553, 102.7157397860675, 1.0]}, "datetime": {"datetime": "2025-08-20 18:42:26", "elapsed": 24600.589198827744, "delta": 20.00565528869629}, "costs": {"total_cost": 397.58188510689104, "time_cost": 89.184, "final_distance_cost": 1.7762195043227613, "oscillation_cost": 220.20809118576375, "completition_cost": 0.0, "overshoot_cost": 54.145689225287555, "power_cost": 17.21356346435547, "noise_cost": 15.054321727161515, "n_waypoints_completed": 9, "tot_waypoints": 9}}
{"target": -186.52317234244757, "params": {"k_pid_pos": [1.8922997940790476, 0.024859491386256316, 0.7774444947807966], "k_pid_alt": [0.6990576723479807, 0.0, 0.1], "k_pid_att": [43.948176657889235, 3.7802132718527557, 0.9274604585040267], "k_pid_yaw": [0.5, 1e-06, 0.1], "k_pid_hsp": [2.395389635608916, 0.01, 0.01], "k_pid_vsp": [111.20884264032553, 102.7157397860675, 1.0]}, "datetime": {"datetime": "2025-08-20 18:42:42", "elapsed": 24616.69246482849, "delta": 16.10326600074768}, "costs": {"total_cost": 186.52317234244757, "time_cost": 72.47200000000001, "final_distance_cost": 1.8405222857067383, "oscillation_cost": 39.72431679298803, "completition_cost": 0.0, "overshoot_cost": 49.66579231395763, "power_cost": 11.617835400390625, "noise_cost": 11.20270554940452, "n_waypoints_completed": 9, "tot_waypoints": 9}}
{"target": -191.20798677044985, "params": {"k_pid_pos": [1.8922997940790476, 0.3121290578928153, 0.7774444947807966], "k_pid_alt": [1.2679502233621702, 0.0, 0.1], "k_pid_att": [43.948176657889235, 3.7802132718527557, 0.9274604585040267], "k_pid_yaw": [0.5, 1e-06, 0.1], "k_pid_hsp": [2.395389635608916, 0.01, 0.01], "k_pid_vsp": [264.9966777379314, 102.7157397860675, 1.0]}, "datetime": {"datetime": "2025-08-20 18:42:58", "elapsed": 24632.80415225029, "delta": 16.111687421798706}, "costs": {"total_cost": 191.20798677044985, "time_cost": 73.392, "final_distance_cost": 1.776238329256046, "oscillation_cost": 41.71833762680123, "completition_cost": 0.0, "overshoot_cost": 51.07470843450584, "power_cost": 11.788416809082031, "noise_cost": 11.458285570804708, "n_waypoints_completed": 9, "tot_waypoints": 9}}
{"target": -239.50635188366252, "params": {"k_pid_pos": [1.4698128353043505, 0.024859491386256316, 0.11401919133455096], "k_pid_alt": [1.2679502233621702, 0.0, 0.1], "k_pid_att": [43.948176657889235, 5.859554809351448, 0.9274604585040267], "k_pid_yaw": [0.5, 1e-06, 0.1], "k_pid_hsp": [2.395389635608916, 0.01, 0.01], "k_pid_vsp": [111.20884264032553, 102.7157397860675, 94.22604015249657]}, "datetime": {"datetime": "2025-08-20 18:43:18", "elapsed": 24652.90327978134, "delta": 20.099127531051636}, "costs": {"total_cost": 239.50635188366252, "time_cost": 84.624, "final_distance_cost": 1.8077094097596191, "oscillation_cost": 56.99087586646823, "completition_cost": 0.0, "overshoot_cost": 60.02136140560891, "power_cost": 20.348990795898438, "noise_cost": 15.713414405927352, "n_waypoints_completed": 9, "tot_waypoints": 9}}
{"target": -192.14809037773267, "params": {"k_pid_pos": [1.4698128353043505, 0.49631364484586815, 0.6441154478304989], "k_pid_alt": [1.2679502233621702, 0.0, 0.8240637188070686], "k_pid_att": [43.948176657889235, 3.7802132718527557, 0.9274604585040267], "k_pid_yaw": [0.5, 1e-06, 0.1], "k_pid_hsp": [2.395389635608916, 0.01, 0.01], "k_pid_vsp": [111.20884264032553, 102.7157397860675, 1.0]}, "datetime": {"datetime": "2025-08-20 18:43:35", "elapsed": 24669.79427576065, "delta": 16.890995979309082}, "costs": {"total_cost": 192.14809037773267, "time_cost": 75.92, "final_distance_cost": 1.8041115093022937, "oscillation_cost": 38.80278624984201, "completition_cost": 0.0, "overshoot_cost": 51.046745136894806, "power_cost": 12.728572143554688, "noise_cost": 11.845875338138882, "n_waypoints_completed": 9, "tot_waypoints": 9}}
{"target": -177.6739252695265, "params": {"k_pid_pos": [1.4698128353043505, 0.024859491386256316, 0.3434561031905483], "k_pid_alt": [1.2679502233621702, 0.0, 0.1], "k_pid_att": [43.948176657889235, 1.326856224425946, 0.9274604585040267], "k_pid_yaw": [0.5, 1e-06, 0.1], "k_pid_hsp": [2.82373402557605, 0.01, 0.01], "k_pid_vsp": [111.20884264032553, 102.7157397860675, 1.0]}, "datetime": {"datetime": "2025-08-20 18:43:50", "elapsed": 24684.889052391052, "delta": 15.094776630401611}, "costs": {"total_cost": 177.6739252695265, "time_cost": 69.152, "final_distance_cost": 1.8262656886158488, "oscillation_cost": 34.33594552183275, "completition_cost": 0.0, "overshoot_cost": 50.065815663241324, "power_cost": 11.237653356933594, "noise_cost": 11.056245038902981, "n_waypoints_completed": 9, "tot_waypoints": 9}}
{"target": -177.6739252695265, "params": {"k_pid_pos": [1.4698128353043505, 0.024859491386256316, 0.3434561031905483], "k_pid_alt": [1.2679502233621702, 0.0, 0.1], "k_pid_att": [43.948176657889235, 1.326856224425946, 0.9274604585040267], "k_pid_yaw": [0.5, 1e-06, 0.1], "k_pid_hsp": [2.82373402557605, 0.01, 0.01], "k_pid_vsp": [111.20884264032553, 102.7157397860675, 1.0]}, "datetime": {"datetime": "2025-08-20 18:44:06", "elapsed": 24700.768047571182, "delta": 15.878995180130005}, "costs": {"total_cost": 177.6739252695265, "time_cost": 69.152, "final_distance_cost": 1.8262656886158488, "oscillation_cost": 34.33594552183275, "completition_cost": 0.0, "overshoot_cost": 50.065815663241324, "power_cost": 11.237653356933594, "noise_cost": 11.056245038902981, "n_waypoints_completed": 9, "tot_waypoints": 9}}
{"target": -178.68955258574186, "params": {"k_pid_pos": [1.4698128353043505, 0.024859491386256316, 0.2662270978845458], "k_pid_alt": [1.2679502233621702, 0.0, 0.1], "k_pid_att": [43.948176657889235, 3.7802132718527557, 0.9274604585040267], "k_pid_yaw": [0.5, 1e-06, 0.1], "k_pid_hsp": [2.395389635608916, 0.01, 0.01], "k_pid_vsp": [110.56511661686339, 102.7157397860675, 1.0]}, "datetime": {"datetime": "2025-08-20 18:44:21", "elapsed": 24716.098880290985, "delta": 15.330832719802856}, "costs": {"total_cost": 178.68955258574186, "time_cost": 68.92, "final_distance_cost": 1.8212740937025527, "oscillation_cost": 35.72949926253249, "completition_cost": 0.0, "overshoot_cost": 49.95417545447319, "power_cost": 11.299898352050782, "noise_cost": 10.964705422982869, "n_waypoints_completed": 9, "tot_waypoints": 9}}
{"target": -1104.4621640212595, "params": {"k_pid_pos": [1.4698128353043505, 0.024859491386256316, 0.6191875473523993], "k_pid_alt": [1.2679502233621702, 0.0, 0.1], "k_pid_att": [43.948176657889235, 1.326856224425946, 0.9274604585040267], "k_pid_yaw": [0.5, 1e-06, 0.1], "k_pid_hsp": [2.82373402557605, 0.01, 0.01], "k_pid_vsp": [111.20884264032553, 102.7157397860675, 206.9437479236661]}, "datetime": {"datetime": "2025-08-20 18:44:45", "elapsed": 24739.772463083267, "delta": 23.673582792282104}, "costs": {"total_cost": 1104.4621640212595, "time_cost": 150, "final_distance_cost": 102.02983166864556, "oscillation_cost": 47.25859324426716, "completition_cost": 666.6666666666667, "overshoot_cost": 109.9899889708011, "power_cost": 15.958304455566408, "noise_cost": 12.558779015312732, "n_waypoints_completed": 3, "tot_waypoints": 9}}
{"target": -323.02820161573993, "params": {"k_pid_pos": [1.4698128353043505, 0.024859491386256316, 0.11401919133455096], "k_pid_alt": [1.7006099199531768, 0.0, 0.1], "k_pid_att": [35.543488255586034, 3.7802132718527557, 0.9274604585040267], "k_pid_yaw": [0.5, 1e-06, 0.1], "k_pid_hsp": [2.395389635608916, 0.01, 0.5226198022042828], "k_pid_vsp": [110.56511661686339, 325.22778396761174, 1.0]}, "datetime": {"datetime": "2025-08-20 18:45:03", "elapsed": 24757.491936206818, "delta": 17.719473123550415}, "costs": {"total_cost": 323.02820161573993, "time_cost": 73.624, "final_distance_cost": 1.7436413185374084, "oscillation_cost": 167.28832521670117, "completition_cost": 0.0, "overshoot_cost": 52.711537988697074, "power_cost": 14.954167651367188, "noise_cost": 12.706529440437095, "n_waypoints_completed": 9, "tot_waypoints": 9}}
{"target": -190.6479919682122, "params": {"k_pid_pos": [1.4698128353043505, 0.35569095490512004, 0.3434561031905483], "k_pid_alt": [1.2679502233621702, 0.0, 0.7593723261584083], "k_pid_att": [43.948176657889235, 3.7802132718527557, 0.9274604585040267], "k_pid_yaw": [0.5, 1e-06, 0.1], "k_pid_hsp": [2.395389635608916, 0.01, 0.01], "k_pid_vsp": [391.61348087291753, 102.7157397860675, 1.0]}, "datetime": {"datetime": "2025-08-20 18:45:19", "elapsed": 24773.891946792603, "delta": 16.400010585784912}, "costs": {"total_cost": 190.6479919682122, "time_cost": 75.72, "final_distance_cost": 1.784912929436379, "oscillation_cost": 37.88265704410917, "completition_cost": 0.0, "overshoot_cost": 51.28306045588737, "power_cost": 12.305944592285156, "noise_cost": 11.671416946494137, "n_waypoints_completed": 9, "tot_waypoints": 9}}
{"target": -199.42868774632245, "params": {"k_pid_pos": [1.9403883066526342, 0.024859491386256316, 0.3434561031905483], "k_pid_alt": [1.2679502233621702, 0.0, 0.1], "k_pid_att": [9.01694976284977, 0.5720022164256566, 0.11689683853528843], "k_pid_yaw": [0.5, 1e-06, 0.1], "k_pid_hsp": [2.395389635608916, 0.01, 0.01], "k_pid_vsp": [387.1470188825909, 102.7157397860675, 1.0]}, "datetime": {"datetime": "2025-08-20 18:45:35", "elapsed": 24790.456552505493, "delta": 16.564605712890625}, "costs": {"total_cost": 199.42868774632245, "time_cost": 68.864, "final_distance_cost": 1.7755346994390278, "oscillation_cost": 54.705271529918676, "completition_cost": 0.0, "overshoot_cost": 50.42748166325386, "power_cost": 12.455625378417968, "noise_cost": 11.200774475292908, "n_waypoints_completed": 9, "tot_waypoints": 9}}
{"target": -179.7584382724355, "params": {"k_pid_pos": [1.4698128353043505, 0.024859491386256316, 0.2662270978845458], "k_pid_alt": [1.2679502233621702, 0.0, 0.1], "k_pid_att": [43.948176657889235, 3.7802132718527557, 0.9274604585040267], "k_pid_yaw": [0.5, 1e-06, 0.1], "k_pid_hsp": [2.395389635608916, 0.01, 0.01], "k_pid_vsp": [110.56511661686339, 307.41944303395303, 1.0]}, "datetime": {"datetime": "2025-08-20 18:45:50", "elapsed": 24805.22536635399, "delta": 14.768813848495483}, "costs": {"total_cost": 179.7584382724355, "time_cost": 68.92, "final_distance_cost": 1.8167408685652704, "oscillation_cost": 37.09318563755821, "completition_cost": 0.0, "overshoot_cost": 49.55097551851249, "power_cost": 11.381474975585938, "noise_cost": 10.99606127221359, "n_waypoints_completed": 9, "tot_waypoints": 9}}
