{"target": -195.75325787414036, "params": {"k_pid_pos": [1.849624377781123, 0.024859491386256316, 0.44963268842268056], "k_pid_alt": [1.2679502233621702, 0.02520494712616217, 0.1], "k_pid_att": [32.6162642003566, 1.0, 0.01], "k_pid_yaw": [0.5, 1e-06, 0.1], "k_pid_hsp": [1.0, 0.01, 0.01], "k_pid_vsp": [150.0, 10.0, 1.0]}, "datetime": {"datetime": "2025-08-20 13:00:34", "elapsed": 4089.3207080364227, "delta": 15.045135736465454}, "costs": {"total_cost": 195.75325787414036, "time_cost": 69.944, "final_distance_cost": 1.8322019149625208, "oscillation_cost": 48.42930466380264, "completition_cost": 0.0, "overshoot_cost": 51.309632881843676, "power_cost": 12.563716833496095, "noise_cost": 11.674401580035411, "n_waypoints_completed": 9, "tot_waypoints": 9}}
{"target": -196.01490406792692, "params": {"k_pid_pos": [1.849624377781123, 0.024859491386256316, 0.44963268842268056], "k_pid_alt": [1.6444270921876138, 0.0, 0.1], "k_pid_att": [78.69411358121238, 1.0, 0.004857337777279036], "k_pid_yaw": [0.5, 1e-06, 0.1], "k_pid_hsp": [1.0, 0.01, 0.01], "k_pid_vsp": [150.0, 307.0029666248519, 1.0]}, "datetime": {"datetime": "2025-08-20 13:00:49", "elapsed": 4104.167869567871, "delta": 14.847161531448364}, "costs": {"total_cost": 196.01490406792692, "time_cost": 68.48, "final_distance_cost": 1.8141493927716161, "oscillation_cost": 52.084146773111954, "completition_cost": 0.0, "overshoot_cost": 50.09127766705009, "power_cost": 12.293376538085939, "noise_cost": 11.251953696907329, "n_waypoints_completed": 9, "tot_waypoints": 9}}
{"target": -216.12133193904006, "params": {"k_pid_pos": [1.849624377781123, 0.024859491386256316, 0.44963268842268056], "k_pid_alt": [1.296896341175293, 0.0, 0.1], "k_pid_att": [20.0, 1.0, 0.01], "k_pid_yaw": [0.5, 1e-06, 0.1], "k_pid_hsp": [1.0, 0.8344227521511565, 0.01], "k_pid_vsp": [150.0, 93.09285943774285, 1.0]}, "datetime": {"datetime": "2025-08-20 13:01:04", "elapsed": 4118.952898979187, "delta": 14.785029411315918}, "costs": {"total_cost": 216.12133193904006, "time_cost": 68.376, "final_distance_cost": 1.8237696704195525, "oscillation_cost": 71.891718216263, "completition_cost": 0.0, "overshoot_cost": 49.912177915277105, "power_cost": 12.79286561279297, "noise_cost": 11.324800524287415, "n_waypoints_completed": 9, "tot_waypoints": 9}}
{"target": -202.26243845963387, "params": {"k_pid_pos": [1.4698128353043505, 0.024859491386256316, 0.11401919133455096], "k_pid_alt": [1.2679502233621702, 0.0, 0.016491258977649914], "k_pid_att": [20.0, 1.1017894340568208, 0.01], "k_pid_yaw": [0.5, 1e-06, 0.1], "k_pid_hsp": [1.0, 0.01, 0.01], "k_pid_vsp": [150.0, 15.500533572620455, 1.0]}, "datetime": {"datetime": "2025-08-20 13:01:19", "elapsed": 4133.97979927063, "delta": 15.026900291442871}, "costs": {"total_cost": 202.26243845963387, "time_cost": 69.4, "final_distance_cost": 1.786341994462697, "oscillation_cost": 56.27959114020124, "completition_cost": 0.0, "overshoot_cost": 50.79739860693026, "power_cost": 12.504927941894532, "noise_cost": 11.494178776145148, "n_waypoints_completed": 9, "tot_waypoints": 9}}
{"target": -220.8519877811169, "params": {"k_pid_pos": [0.7, 0.024859491386256316, 0.44963268842268056], "k_pid_alt": [1.6444270921876138, 0.0, 0.1], "k_pid_att": [78.69411358121238, 1.0, 0.004857337777279036], "k_pid_yaw": [0.5, 1e-06, 0.1], "k_pid_hsp": [1.0, 0.01, 0.01], "k_pid_vsp": [150.0, 15.500533572620455, 1.0]}, "datetime": {"datetime": "2025-08-20 13:01:37", "elapsed": 4151.505828619003, "delta": 17.526029348373413}, "costs": {"total_cost": 220.8519877811169, "time_cost": 82.112, "final_distance_cost": 1.8528805493748226, "oscillation_cost": 56.75109097411184, "completition_cost": 0.0, "overshoot_cost": 52.216747875653965, "power_cost": 13.918921520996095, "noise_cost": 14.00034686098018, "n_waypoints_completed": 9, "tot_waypoints": 9}}
{"target": -208.95189666946507, "params": {"k_pid_pos": [1.849624377781123, 0.024859491386256316, 0.44963268842268056], "k_pid_alt": [1.296896341175293, 0.0, 0.1], "k_pid_att": [20.0, 1.0, 0.01], "k_pid_yaw": [0.5, 1e-06, 0.1], "k_pid_hsp": [1.0, 0.01, 0.01], "k_pid_vsp": [150.0, 307.0029666248519, 1.0]}, "datetime": {"datetime": "2025-08-20 13:01:51", "elapsed": 4166.215129375458, "delta": 14.709300756454468}, "costs": {"total_cost": 208.95189666946507, "time_cost": 68.528, "final_distance_cost": 1.8237584213396287, "oscillation_cost": 64.75070106176817, "completition_cost": 0.0, "overshoot_cost": 50.03407259604471, "power_cost": 12.540843371582032, "noise_cost": 11.274521218730525, "n_waypoints_completed": 9, "tot_waypoints": 9}}
{"target": -229.05088985851108, "params": {"k_pid_pos": [1.849624377781123, 0.024859491386256316, 0.44963268842268056], "k_pid_alt": [1.2679502233621702, 0.02520494712616217, 0.1], "k_pid_att": [32.6162642003566, 1.0, 0.01], "k_pid_yaw": [0.5, 1e-06, 0.1], "k_pid_hsp": [1.0, 0.01, 0.01], "k_pid_vsp": [150.0, 17.758919719838758, 46.4397240445233]}, "datetime": {"datetime": "2025-08-20 13:02:08", "elapsed": 4182.76123714447, "delta": 16.54610776901245}, "costs": {"total_cost": 229.05088985851108, "time_cost": 75.544, "final_distance_cost": 1.747482297001461, "oscillation_cost": 70.98621518882175, "completition_cost": 0.0, "overshoot_cost": 52.881949408934155, "power_cost": 15.58817274169922, "noise_cost": 12.303070222054508, "n_waypoints_completed": 9, "tot_waypoints": 9}}
{"target": -205.48950477017297, "params": {"k_pid_pos": [1.4698128353043505, 0.024859491386256316, 0.11401919133455096], "k_pid_alt": [1.2679502233621702, 0.0, 0.1], "k_pid_att": [20.0, 1.0, 0.01], "k_pid_yaw": [0.5, 1e-06, 0.1], "k_pid_hsp": [1.4320530577574415, 0.01, 0.01], "k_pid_vsp": [150.0, 10.0, 1.0]}, "datetime": {"datetime": "2025-08-20 13:02:23", "elapsed": 4197.763357639313, "delta": 15.00212049484253}, "costs": {"total_cost": 205.48950477017297, "time_cost": 69.848, "final_distance_cost": 1.7732395129856242, "oscillation_cost": 58.503074327835165, "completition_cost": 0.0, "overshoot_cost": 50.9749316203638, "power_cost": 12.71582508544922, "noise_cost": 11.674434223539171, "n_waypoints_completed": 9, "tot_waypoints": 9}}
{"target": -221.6864044210093, "params": {"k_pid_pos": [1.8624793477566346, 0.04925411992759399, 0.6830149564489978], "k_pid_alt": [0.7, 0.0, 0.1], "k_pid_att": [94.03514125381805, 1.0, 0.004857337777279036], "k_pid_yaw": [0.5, 1e-06, 0.1], "k_pid_hsp": [2.882064192075523, 0.01, 0.01], "k_pid_vsp": [150.0, 10.0, 1.0]}, "datetime": {"datetime": "2025-08-20 13:02:39", "elapsed": 4213.782139539719, "delta": 16.018781900405884}, "costs": {"total_cost": 221.6864044210093, "time_cost": 73.552, "final_distance_cost": 1.8232622339392532, "oscillation_cost": 69.8954301649831, "completition_cost": 0.0, "overshoot_cost": 51.33180875434333, "power_cost": 13.12660653076172, "noise_cost": 11.95729673698192, "n_waypoints_completed": 9, "tot_waypoints": 9}}
{"target": -201.01148348440768, "params": {"k_pid_pos": [1.849624377781123, 0.03509076592280813, 0.44963268842268056], "k_pid_alt": [1.6442545478082136, 0.0, 0.1], "k_pid_att": [79.18472897910739, 1.0, 0.8158333553266057], "k_pid_yaw": [0.5, 1e-06, 0.1], "k_pid_hsp": [1.0, 0.7558777308258808, 0.01], "k_pid_vsp": [111.20884264032553, 93.09285943774285, 1.0]}, "datetime": {"datetime": "2025-08-20 13:02:54", "elapsed": 4228.503888368607, "delta": 14.72174882888794}, "costs": {"total_cost": 201.01148348440768, "time_cost": 68.488, "final_distance_cost": 1.824577508451662, "oscillation_cost": 57.20437524475471, "completition_cost": 0.0, "overshoot_cost": 50.05638637547295, "power_cost": 12.197629223632813, "noise_cost": 11.240515132095533, "n_waypoints_completed": 9, "tot_waypoints": 9}}
{"target": -586.7373065661424, "params": {"k_pid_pos": [0.6579544065879377, 0.15853002911945835, 0.11401919133455096], "k_pid_alt": [1.2679502233621702, 0.21267470676003064, 0.1], "k_pid_att": [20.0, 1.0, 0.01], "k_pid_yaw": [0.5, 1e-06, 0.1], "k_pid_hsp": [1.0, 0.01, 0.01], "k_pid_vsp": [150.0, 15.500533572620455, 1.0]}, "datetime": {"datetime": "2025-08-20 13:03:15", "elapsed": 4249.97846198082, "delta": 21.474573612213135}, "costs": {"total_cost": 586.7373065661424, "time_cost": 150, "final_distance_cost": 72.04210604599564, "oscillation_cost": 70.40928981285029, "completition_cost": 222.2222222222222, "overshoot_cost": 42.14579402481669, "power_cost": 15.776040002441407, "noise_cost": 14.141854457816196, "n_waypoints_completed": 7, "tot_waypoints": 9}}
{"target": -185.2670460122475, "params": {"k_pid_pos": [1.849624377781123, 0.024859491386256316, 0.44963268842268056], "k_pid_alt": [1.296896341175293, 0.0, 0.8361997509577753], "k_pid_att": [19.462821160492226, 4.452622529689853, 0.737857181360408], "k_pid_yaw": [0.5, 1e-06, 0.1], "k_pid_hsp": [1.0, 0.01, 0.01], "k_pid_vsp": [111.20884264032553, 139.20520652041523, 1.0]}, "datetime": {"datetime": "2025-08-20 13:03:30", "elapsed": 4265.184875488281, "delta": 15.206413507461548}, "costs": {"total_cost": 185.2670460122475, "time_cost": 70.944, "final_distance_cost": 1.7984676792008991, "oscillation_cost": 37.66746531935103, "completition_cost": 0.0, "overshoot_cost": 50.36145627965783, "power_cost": 12.996700512695313, "noise_cost": 11.498956221342402, "n_waypoints_completed": 9, "tot_waypoints": 9}}
{"target": -214.18789115283113, "params": {"k_pid_pos": [1.849624377781123, 0.024859491386256316, 0.44963268842268056], "k_pid_alt": [1.6444270921876138, 0.024777875161596796, 0.1], "k_pid_att": [20.0, 2.479545121909682, 0.004857337777279036], "k_pid_yaw": [0.5, 1e-06, 0.1], "k_pid_hsp": [1.0, 0.1531003758033771, 0.01], "k_pid_vsp": [150.0, 307.0029666248519, 1.0]}, "datetime": {"datetime": "2025-08-20 13:03:45", "elapsed": 4279.985584497452, "delta": 14.800709009170532}, "costs": {"total_cost": 214.18789115283113, "time_cost": 68.608, "final_distance_cost": 1.83516120660199, "oscillation_cost": 69.10817787269148, "completition_cost": 0.0, "overshoot_cost": 50.10741925788214, "power_cost": 13.0827943359375, "noise_cost": 11.446338479717982, "n_waypoints_completed": 9, "tot_waypoints": 9}}
{"target": -205.73577035135332, "params": {"k_pid_pos": [1.849624377781123, 0.024859491386256316, 0.44963268842268056], "k_pid_alt": [1.6444270921876138, 0.0, 0.1], "k_pid_att": [78.69411358121238, 1.0, 0.004857337777279036], "k_pid_yaw": [0.5, 1e-06, 0.1], "k_pid_hsp": [1.0, 0.01, 0.01], "k_pid_vsp": [17.18305095025783, 10.0, 1.0]}, "datetime": {"datetime": "2025-08-20 13:04:00", "elapsed": 4295.442832708359, "delta": 15.457248210906982}, "costs": {"total_cost": 205.73577035135332, "time_cost": 72.368, "final_distance_cost": 1.8020398470052859, "oscillation_cost": 54.21589273075236, "completition_cost": 0.0, "overshoot_cost": 52.54034389902198, "power_cost": 12.513573022460939, "noise_cost": 12.295920852112786, "n_waypoints_completed": 9, "tot_waypoints": 9}}
{"target": -196.2617273468073, "params": {"k_pid_pos": [1.4698128353043505, 0.024859491386256316, 0.11401919133455096], "k_pid_alt": [1.2679502233621702, 0.0, 0.1], "k_pid_att": [85.02836851553842, 1.0, 0.01], "k_pid_yaw": [0.5, 1e-06, 0.1], "k_pid_hsp": [1.0, 0.01, 0.01], "k_pid_vsp": [150.0, 351.388862279923, 1.0]}, "datetime": {"datetime": "2025-08-20 13:04:16", "elapsed": 4310.763314962387, "delta": 15.32048225402832}, "costs": {"total_cost": 196.2617273468073, "time_cost": 68.752, "final_distance_cost": 1.801164971549352, "oscillation_cost": 52.089972280413626, "completition_cost": 0.0, "overshoot_cost": 50.079624933615776, "power_cost": 12.306096252441407, "noise_cost": 11.232868908787133, "n_waypoints_completed": 9, "tot_waypoints": 9}}
{"target": -211.20034776462404, "params": {"k_pid_pos": [1.4340672435785011, 0.024859491386256316, 0.2995124902746459], "k_pid_alt": [1.2679502233621702, 0.0, 0.5115311366376475], "k_pid_att": [20.0, 1.0, 0.01], "k_pid_yaw": [0.5, 1e-06, 0.1], "k_pid_hsp": [1.0, 0.01, 0.01], "k_pid_vsp": [150.0, 15.500533572620455, 1.0]}, "datetime": {"datetime": "2025-08-20 13:04:31", "elapsed": 4325.978578329086, "delta": 15.215263366699219}, "costs": {"total_cost": 211.20034776462404, "time_cost": 71.288, "final_distance_cost": 1.8324890392551902, "oscillation_cost": 61.85327204937651, "completition_cost": 0.0, "overshoot_cost": 51.395223032276064, "power_cost": 13.010455993652345, "noise_cost": 11.820907650063898, "n_waypoints_completed": 9, "tot_waypoints": 9}}
{"target": -723.848410626405, "params": {"k_pid_pos": [1.849624377781123, 0.024859491386256316, 0.44963268842268056], "k_pid_alt": [1.2679502233621702, 0.0, 0.1], "k_pid_att": [20.0, 1.0, 0.01], "k_pid_yaw": [0.5, 1e-06, 0.1], "k_pid_hsp": [1.0, 0.01, 0.7580210831503069], "k_pid_vsp": [150.0, 334.44631400062605, 1.0]}, "datetime": {"datetime": "2025-08-20 13:04:53", "elapsed": 4347.694675445557, "delta": 21.716097116470337}, "costs": {"total_cost": 723.848410626405, "time_cost": 150, "final_distance_cost": 66.1330762839143, "oscillation_cost": 291.9914171809079, "completition_cost": 111.11111111111116, "overshoot_cost": 69.45025869598203, "power_cost": 19.43224157714844, "noise_cost": 15.7303057773411, "n_waypoints_completed": 8, "tot_waypoints": 9}}
{"target": -204.77821006240285, "params": {"k_pid_pos": [1.4698128353043505, 0.024859491386256316, 0.11401919133455096], "k_pid_alt": [1.2679502233621702, 0.0, 0.1], "k_pid_att": [20.0, 1.0, 0.01], "k_pid_yaw": [0.5, 1e-06, 0.1], "k_pid_hsp": [1.5353014571438959, 0.01, 0.01], "k_pid_vsp": [383.23703166425986, 15.500533572620455, 1.0]}, "datetime": {"datetime": "2025-08-20 13:05:08", "elapsed": 4363.039829492569, "delta": 15.345154047012329}, "costs": {"total_cost": 204.77821006240285, "time_cost": 69.96000000000001, "final_distance_cost": 1.7942684636830837, "oscillation_cost": 58.232163481832025, "completition_cost": 0.0, "overshoot_cost": 50.7553278063903, "power_cost": 12.598260156250001, "noise_cost": 11.438190154247424, "n_waypoints_completed": 9, "tot_waypoints": 9}}
{"target": -195.57730410745827, "params": {"k_pid_pos": [1.8624793477566346, 0.15744760866519159, 0.6830149564489978], "k_pid_alt": [0.7, 0.0, 0.1], "k_pid_att": [94.03514125381805, 1.0, 0.9274604585040267], "k_pid_yaw": [0.5, 1e-06, 0.1], "k_pid_hsp": [4.3089058856187865, 0.01, 0.01], "k_pid_vsp": [111.20884264032553, 93.09285943774285, 1.0]}, "datetime": {"datetime": "2025-08-20 13:05:23", "elapsed": 4378.3000156879425, "delta": 15.260186195373535}, "costs": {"total_cost": 195.57730410745827, "time_cost": 73.008, "final_distance_cost": 1.8306768639960287, "oscillation_cost": 46.24067317977858, "completition_cost": 0.0, "overshoot_cost": 50.5995418796038, "power_cost": 12.371154211425782, "noise_cost": 11.527257972654064, "n_waypoints_completed": 9, "tot_waypoints": 9}}
{"target": -187.5204735219136, "params": {"k_pid_pos": [1.8624793477566346, 0.04925411992759399, 0.6830149564489978], "k_pid_alt": [1.4458679973838424, 0.0, 0.1], "k_pid_att": [94.03514125381805, 1.0, 0.9274604585040267], "k_pid_yaw": [0.5, 1e-06, 0.1], "k_pid_hsp": [1.0, 0.01, 0.01], "k_pid_vsp": [111.20884264032553, 93.09285943774285, 1.0]}, "datetime": {"datetime": "2025-08-20 13:05:40", "elapsed": 4395.383328914642, "delta": 17.08331322669983}, "costs": {"total_cost": 187.5204735219136, "time_cost": 69.032, "final_distance_cost": 1.8134888807361969, "oscillation_cost": 41.939438383341894, "completition_cost": 0.0, "overshoot_cost": 50.88847682488224, "power_cost": 12.414615942382813, "noise_cost": 11.432453490570461, "n_waypoints_completed": 9, "tot_waypoints": 9}}
{"target": -195.9084399922597, "params": {"k_pid_pos": [1.4698128353043505, 0.024859491386256316, 0.11401919133455096], "k_pid_alt": [1.2679502233621702, 0.0, 0.1], "k_pid_att": [78.69411358121238, 1.0, 0.004857337777279036], "k_pid_yaw": [0.5, 1e-06, 0.1], "k_pid_hsp": [1.0, 0.01, 0.01], "k_pid_vsp": [150.0, 307.0029666248519, 1.0]}, "datetime": {"datetime": "2025-08-20 13:06:04", "elapsed": 4418.928941249847, "delta": 23.545612335205078}, "costs": {"total_cost": 195.9084399922597, "time_cost": 68.76, "final_distance_cost": 1.7829423548526797, "oscillation_cost": 51.54768759875537, "completition_cost": 0.0, "overshoot_cost": 50.19615042418982, "power_cost": 12.386855090332032, "noise_cost": 11.234804524129794, "n_waypoints_completed": 9, "tot_waypoints": 9}}
{"target": -298.6830125374167, "params": {"k_pid_pos": [1.849624377781123, 0.024859491386256316, 0.44963268842268056], "k_pid_alt": [0.9399307882487338, 0.6759099918155648, 0.1], "k_pid_att": [20.0, 1.0, 0.01], "k_pid_yaw": [0.5, 1e-06, 0.1], "k_pid_hsp": [1.0, 0.01, 0.01], "k_pid_vsp": [150.0, 15.500533572620455, 46.4397240445233]}, "datetime": {"datetime": "2025-08-20 13:06:27", "elapsed": 4441.8659155368805, "delta": 22.93697428703308}, "costs": {"total_cost": 298.6830125374167, "time_cost": 94.616, "final_distance_cost": 1.7795754119918978, "oscillation_cost": 99.46065297161485, "completition_cost": 0.0, "overshoot_cost": 58.105845347192464, "power_cost": 26.225332666015625, "noise_cost": 18.495606140601883, "n_waypoints_completed": 9, "tot_waypoints": 9}}
{"target": -223.60952640361938, "params": {"k_pid_pos": [1.4698128353043505, 0.4185861255545337, 0.11401919133455096], "k_pid_alt": [1.2679502233621702, 0.0, 0.7404453547781268], "k_pid_att": [20.0, 9.868923336159826, 0.01], "k_pid_yaw": [0.5, 1e-06, 0.1], "k_pid_hsp": [1.0, 0.01, 0.01], "k_pid_vsp": [257.9492458711449, 307.0029666248519, 1.0]}, "datetime": {"datetime": "2025-08-20 13:06:46", "elapsed": 4461.2003219127655, "delta": 19.33440637588501}, "costs": {"total_cost": 223.60952640361938, "time_cost": 80.512, "final_distance_cost": 1.7886105158058998, "oscillation_cost": 61.87579557157944, "completition_cost": 0.0, "overshoot_cost": 51.42876560253924, "power_cost": 15.046697570800783, "noise_cost": 12.957657142894014, "n_waypoints_completed": 9, "tot_waypoints": 9}}
{"target": -230.0985233298131, "params": {"k_pid_pos": [1.849624377781123, 0.024859491386256316, 0.855962508813682], "k_pid_alt": [1.6444270921876138, 0.0, 0.1], "k_pid_att": [20.0, 1.1017894340568208, 0.01], "k_pid_yaw": [0.5, 1e-06, 0.1], "k_pid_hsp": [1.0, 0.8344227521511565, 0.01], "k_pid_vsp": [150.0, 93.09285943774285, 1.0]}, "datetime": {"datetime": "2025-08-20 13:07:03", "elapsed": 4478.373891830444, "delta": 17.173569917678833}, "costs": {"total_cost": 230.0985233298131, "time_cost": 69.08, "final_distance_cost": 1.8498490499375986, "oscillation_cost": 84.9962591947568, "completition_cost": 0.0, "overshoot_cost": 49.35625650153162, "power_cost": 12.988358972167969, "noise_cost": 11.82779961141912, "n_waypoints_completed": 9, "tot_waypoints": 9}}
{"target": -195.75325787414036, "params": {"k_pid_pos": [1.849624377781123, 0.024859491386256316, 0.44963268842268056], "k_pid_alt": [1.2679502233621702, 0.02520494712616217, 0.1], "k_pid_att": [32.6162642003566, 1.0, 0.01], "k_pid_yaw": [0.5, 1e-06, 0.1], "k_pid_hsp": [1.0, 0.01, 0.01], "k_pid_vsp": [150.0, 10.0, 1.0]}, "datetime": {"datetime": "2025-08-20 13:07:21", "elapsed": 4495.72492146492, "delta": 17.351029634475708}, "costs": {"total_cost": 195.75325787414036, "time_cost": 69.944, "final_distance_cost": 1.8322019149625208, "oscillation_cost": 48.42930466380264, "completition_cost": 0.0, "overshoot_cost": 51.309632881843676, "power_cost": 12.563716833496095, "noise_cost": 11.674401580035411, "n_waypoints_completed": 9, "tot_waypoints": 9}}
{"target": -204.6484950727321, "params": {"k_pid_pos": [1.8624793477566346, 0.04925411992759399, 0.6830149564489978], "k_pid_alt": [0.7, 0.0, 0.4970906618065981], "k_pid_att": [94.03514125381805, 1.0, 0.9274604585040267], "k_pid_yaw": [0.5, 1e-06, 0.1], "k_pid_hsp": [1.0, 0.07304127476175892, 0.01], "k_pid_vsp": [111.20884264032553, 93.09285943774285, 1.0]}, "datetime": {"datetime": "2025-08-20 13:07:41", "elapsed": 4515.636335372925, "delta": 19.91141390800476}, "costs": {"total_cost": 204.6484950727321, "time_cost": 79.872, "final_distance_cost": 1.8544929964656869, "oscillation_cost": 46.509817227114574, "completition_cost": 0.0, "overshoot_cost": 49.74213364899373, "power_cost": 14.1102708984375, "noise_cost": 12.559780301720583, "n_waypoints_completed": 9, "tot_waypoints": 9}}
{"target": -214.629532716907, "params": {"k_pid_pos": [1.849624377781123, 0.024859491386256316, 0.44963268842268056], "k_pid_alt": [1.296896341175293, 0.0, 0.5933401254113975], "k_pid_att": [20.0, 1.0, 0.01], "k_pid_yaw": [0.5, 1e-06, 0.1], "k_pid_hsp": [1.0, 0.01, 0.01], "k_pid_vsp": [150.0, 15.500533572620455, 1.0]}, "datetime": {"datetime": "2025-08-20 13:07:58", "elapsed": 4533.35408949852, "delta": 17.717754125595093}, "costs": {"total_cost": 214.629532716907, "time_cost": 70.912, "final_distance_cost": 1.8177791664939895, "oscillation_cost": 66.36723782537939, "completition_cost": 0.0, "overshoot_cost": 51.09744573103882, "power_cost": 12.844627575683594, "noise_cost": 11.590442418311204, "n_waypoints_completed": 9, "tot_waypoints": 9}}
{"target": -191.61052703072403, "params": {"k_pid_pos": [0.9959853208014533, 0.024859491386256316, 0.11401919133455096], "k_pid_alt": [1.2679502233621702, 0.0, 0.1], "k_pid_att": [20.0, 1.0, 0.20230861884209816], "k_pid_yaw": [0.5, 1e-06, 0.1], "k_pid_hsp": [1.394059891471576, 0.01, 0.01], "k_pid_vsp": [176.4074495617074, 15.500533572620455, 1.0]}, "datetime": {"datetime": "2025-08-20 13:08:15", "elapsed": 4549.988328933716, "delta": 16.634239435195923}, "costs": {"total_cost": 191.61052703072403, "time_cost": 71.504, "final_distance_cost": 1.8448130748072797, "oscillation_cost": 42.56244899546085, "completition_cost": 0.0, "overshoot_cost": 50.94235223796791, "power_cost": 12.798422070312501, "noise_cost": 11.958490652175474, "n_waypoints_completed": 9, "tot_waypoints": 9}}
