{"target": -182.9750845572633, "params": {"k_pid_pos": [1.4698128353043505, 0.024859491386256316, 0.11401919133455096], "k_pid_alt": [1.2679502233621702, 0.0, 0.1], "k_pid_att": [43.948176657889235, 1.0, 0.9274604585040267], "k_pid_yaw": [0.5, 1e-06, 0.1], "k_pid_hsp": [4.207535873435454, 0.01, 0.01], "k_pid_vsp": [150.0, 307.0029666248519, 1.0]}, "datetime": {"datetime": "2025-08-20 13:51:16", "elapsed": 7131.459803104401, "delta": 16.353214263916016}, "costs": {"total_cost": 182.9750845572633, "time_cost": 68.728, "final_distance_cost": 1.78959088618754, "oscillation_cost": 40.30523086554356, "completition_cost": 0.0, "overshoot_cost": 49.91369001580249, "power_cost": 11.396976904296876, "noise_cost": 10.841595885432874, "n_waypoints_completed": 9, "tot_waypoints": 9}}
{"target": -182.08285855576855, "params": {"k_pid_pos": [1.4698128353043505, 0.024859491386256316, 0.11401919133455096], "k_pid_alt": [1.2679502233621702, 0.0, 0.1], "k_pid_att": [66.62171653053798, 1.0, 0.9274604585040267], "k_pid_yaw": [0.5, 1e-06, 0.1], "k_pid_hsp": [1.0, 0.029631885976391104, 0.01], "k_pid_vsp": [111.20884264032553, 221.6078012742647, 1.0]}, "datetime": {"datetime": "2025-08-20 13:51:32", "elapsed": 7147.191389799118, "delta": 15.731586694717407}, "costs": {"total_cost": 182.08285855576855, "time_cost": 68.512, "final_distance_cost": 1.7956122364561096, "oscillation_cost": 37.99528523839008, "completition_cost": 0.0, "overshoot_cost": 50.15743010538646, "power_cost": 12.436513598632812, "noise_cost": 11.18601737690311, "n_waypoints_completed": 9, "tot_waypoints": 9}}
{"target": -214.62166356638687, "params": {"k_pid_pos": [1.4088876241968016, 0.35023019656788623, 0.11401919133455096], "k_pid_alt": [1.602152265215685, 0.02807001191395697, 0.1], "k_pid_att": [66.62171653053798, 1.0, 0.03538954236297853], "k_pid_yaw": [0.5, 1e-06, 0.1], "k_pid_hsp": [1.0, 0.029631885976391104, 0.01], "k_pid_vsp": [111.20884264032553, 307.90158201594176, 1.0]}, "datetime": {"datetime": "2025-08-20 13:51:50", "elapsed": 7165.4255928993225, "delta": 18.234203100204468}, "costs": {"total_cost": 214.62166356638687, "time_cost": 78.424, "final_distance_cost": 1.792592248505636, "oscillation_cost": 55.969360657300996, "completition_cost": 0.0, "overshoot_cost": 51.64307430701982, "power_cost": 14.238283386230469, "noise_cost": 12.554352967329958, "n_waypoints_completed": 9, "tot_waypoints": 9}}
{"target": -180.82633189952398, "params": {"k_pid_pos": [1.4698128353043505, 0.024859491386256316, 0.11401919133455096], "k_pid_alt": [1.2679502233621702, 0.0, 0.1], "k_pid_att": [43.948176657889235, 3.7802132718527557, 0.9274604585040267], "k_pid_yaw": [0.5, 1e-06, 0.1], "k_pid_hsp": [1.0, 0.01, 0.01], "k_pid_vsp": [111.20884264032553, 93.09285943774285, 1.0]}, "datetime": {"datetime": "2025-08-20 13:52:07", "elapsed": 7181.8429844379425, "delta": 16.417391538619995}, "costs": {"total_cost": 180.82633189952398, "time_cost": 68.456, "final_distance_cost": 1.8129035550535026, "oscillation_cost": 37.19502557670047, "completition_cost": 0.0, "overshoot_cost": 50.071586228309805, "power_cost": 12.12881405029297, "noise_cost": 11.162002489167234, "n_waypoints_completed": 9, "tot_waypoints": 9}}
{"target": -206.90011050359522, "params": {"k_pid_pos": [1.4698128353043505, 0.024859491386256316, 0.11401919133455096], "k_pid_alt": [1.2679502233621702, 0.693097778846711, 0.1], "k_pid_att": [66.62171653053798, 1.0, 0.9274604585040267], "k_pid_yaw": [0.5, 1e-06, 0.1], "k_pid_hsp": [1.0, 0.029631885976391104, 0.01], "k_pid_vsp": [150.0, 307.0029666248519, 1.0]}, "datetime": {"datetime": "2025-08-20 13:52:26", "elapsed": 7201.260466814041, "delta": 19.417482376098633}, "costs": {"total_cost": 206.90011050359522, "time_cost": 76.936, "final_distance_cost": 1.7934290107049538, "oscillation_cost": 51.218848295823506, "completition_cost": 0.0, "overshoot_cost": 51.14726506348848, "power_cost": 13.951451928710938, "noise_cost": 11.853116204867321, "n_waypoints_completed": 9, "tot_waypoints": 9}}
{"target": -181.84481198703486, "params": {"k_pid_pos": [1.849624377781123, 0.024859491386256316, 0.44963268842268056], "k_pid_alt": [1.1302962253917743, 0.0, 0.1], "k_pid_att": [43.948176657889235, 1.0, 0.9274604585040267], "k_pid_yaw": [0.5, 1e-06, 0.1], "k_pid_hsp": [1.0, 0.01, 0.01], "k_pid_vsp": [111.20884264032553, 139.20520652041523, 1.0]}, "datetime": {"datetime": "2025-08-20 13:52:46", "elapsed": 7220.941916227341, "delta": 19.68144941329956}, "costs": {"total_cost": 181.84481198703486, "time_cost": 68.88, "final_distance_cost": 1.809699805544873, "oscillation_cost": 37.12154968537959, "completition_cost": 0.0, "overshoot_cost": 50.641915660450536, "power_cost": 12.173262158203126, "noise_cost": 11.218384677456735, "n_waypoints_completed": 9, "tot_waypoints": 9}}
{"target": -184.06063802271535, "params": {"k_pid_pos": [1.4698128353043505, 0.024859491386256316, 0.11401919133455096], "k_pid_alt": [1.2679502233621702, 0.0, 0.251263550706466], "k_pid_att": [82.07793770411665, 5.9521973635976435, 0.737857181360408], "k_pid_yaw": [0.5, 1e-06, 0.1], "k_pid_hsp": [1.0, 0.01, 0.01], "k_pid_vsp": [258.4046895883358, 139.20520652041523, 1.0]}, "datetime": {"datetime": "2025-08-20 13:53:06", "elapsed": 7240.996221065521, "delta": 20.054304838180542}, "costs": {"total_cost": 184.06063802271535, "time_cost": 69.144, "final_distance_cost": 1.808863463467017, "oscillation_cost": 39.021043152651224, "completition_cost": 0.0, "overshoot_cost": 50.430200981143656, "power_cost": 12.330372119140625, "noise_cost": 11.326158306312813, "n_waypoints_completed": 9, "tot_waypoints": 9}}
{"target": -182.53001576745743, "params": {"k_pid_pos": [1.4698128353043505, 0.024859491386256316, 0.11401919133455096], "k_pid_alt": [1.2679502233621702, 0.0, 0.1], "k_pid_att": [66.62171653053798, 1.0, 0.9274604585040267], "k_pid_yaw": [0.5, 1e-06, 0.1], "k_pid_hsp": [1.0, 0.029631885976391104, 0.01], "k_pid_vsp": [111.20884264032553, 93.09285943774285, 1.0]}, "datetime": {"datetime": "2025-08-20 13:53:24", "elapsed": 7258.913218021393, "delta": 17.916996955871582}, "costs": {"total_cost": 182.53001576745743, "time_cost": 68.536, "final_distance_cost": 1.8096938775986229, "oscillation_cost": 38.56978378572907, "completition_cost": 0.0, "overshoot_cost": 50.247141307965634, "power_cost": 12.248519226074219, "noise_cost": 11.118877570089877, "n_waypoints_completed": 9, "tot_waypoints": 9}}
{"target": -185.73567665521452, "params": {"k_pid_pos": [1.9466664862077867, 0.024859491386256316, 0.11401919133455096], "k_pid_alt": [1.2679502233621702, 0.0, 0.1], "k_pid_att": [43.948176657889235, 4.452622529689853, 0.737857181360408], "k_pid_yaw": [0.5, 1e-06, 0.1], "k_pid_hsp": [1.0, 0.01, 0.01], "k_pid_vsp": [111.20884264032553, 139.20520652041523, 1.0]}, "datetime": {"datetime": "2025-08-20 13:53:43", "elapsed": 7277.826961040497, "delta": 18.913743019104004}, "costs": {"total_cost": 185.73567665521452, "time_cost": 68.36, "final_distance_cost": 1.7416860816317274, "oscillation_cost": 42.083447708644364, "completition_cost": 0.0, "overshoot_cost": 49.68175855456509, "power_cost": 12.648118725585938, "noise_cost": 11.22066558478742, "n_waypoints_completed": 9, "tot_waypoints": 9}}
{"target": -193.64318425107825, "params": {"k_pid_pos": [1.4698128353043505, 0.024859491386256316, 0.11401919133455096], "k_pid_alt": [1.2679502233621702, 0.0, 0.1], "k_pid_att": [43.948176657889235, 4.452622529689853, 0.9274604585040267], "k_pid_yaw": [0.5, 1e-06, 0.1], "k_pid_hsp": [1.0, 0.5246341563952881, 0.01], "k_pid_vsp": [111.20884264032553, 93.09285943774285, 1.0]}, "datetime": {"datetime": "2025-08-20 13:54:02", "elapsed": 7296.924916267395, "delta": 19.097955226898193}, "costs": {"total_cost": 193.64318425107825, "time_cost": 68.392, "final_distance_cost": 1.8102923676724183, "oscillation_cost": 49.1071089271562, "completition_cost": 0.0, "overshoot_cost": 50.15006035990274, "power_cost": 12.86302822265625, "noise_cost": 11.320694373690669, "n_waypoints_completed": 9, "tot_waypoints": 9}}
{"target": -188.17660003900545, "params": {"k_pid_pos": [1.4698128353043505, 0.024859491386256316, 0.7585541942145848], "k_pid_alt": [1.2679502233621702, 0.0, 0.1], "k_pid_att": [66.62171653053798, 1.0, 0.737857181360408], "k_pid_yaw": [0.5, 1e-06, 0.1], "k_pid_hsp": [1.0, 0.01, 0.01], "k_pid_vsp": [111.20884264032553, 139.20520652041523, 1.0]}, "datetime": {"datetime": "2025-08-20 13:54:24", "elapsed": 7318.985237121582, "delta": 22.06032085418701}, "costs": {"total_cost": 188.17660003900545, "time_cost": 71.072, "final_distance_cost": 1.8458916754382266, "oscillation_cost": 40.44679793437665, "completition_cost": 0.0, "overshoot_cost": 50.526446858183036, "power_cost": 12.402372290039063, "noise_cost": 11.883091280968472, "n_waypoints_completed": 9, "tot_waypoints": 9}}
{"target": -181.61196504985168, "params": {"k_pid_pos": [1.4698128353043505, 0.024859491386256316, 0.11401919133455096], "k_pid_alt": [1.2679502233621702, 0.0, 0.1], "k_pid_att": [43.948176657889235, 1.0, 0.9274604585040267], "k_pid_yaw": [0.5, 1e-06, 0.1], "k_pid_hsp": [1.0, 0.01, 0.01], "k_pid_vsp": [150.0, 307.0029666248519, 1.0]}, "datetime": {"datetime": "2025-08-20 13:54:42", "elapsed": 7337.450291156769, "delta": 18.465054035186768}, "costs": {"total_cost": 181.61196504985168, "time_cost": 68.512, "final_distance_cost": 1.8056572823648742, "oscillation_cost": 37.517097350675485, "completition_cost": 0.0, "overshoot_cost": 49.940026926796484, "power_cost": 12.557937060546875, "noise_cost": 11.279246429467978, "n_waypoints_completed": 9, "tot_waypoints": 9}}
{"target": -180.91709668420373, "params": {"k_pid_pos": [1.4698128353043505, 0.024859491386256316, 0.11401919133455096], "k_pid_alt": [1.2679502233621702, 0.0, 0.1], "k_pid_att": [43.948176657889235, 1.0, 0.9274604585040267], "k_pid_yaw": [0.5, 1e-06, 0.1], "k_pid_hsp": [1.0, 0.01, 0.01], "k_pid_vsp": [111.20884264032553, 139.20520652041523, 1.0]}, "datetime": {"datetime": "2025-08-20 13:55:00", "elapsed": 7354.636575937271, "delta": 17.18628478050232}, "costs": {"total_cost": 180.91709668420373, "time_cost": 68.464, "final_distance_cost": 1.7958818672802102, "oscillation_cost": 37.06511457961228, "completition_cost": 0.0, "overshoot_cost": 49.91055072482919, "power_cost": 12.436664782714844, "noise_cost": 11.2448847297672, "n_waypoints_completed": 9, "tot_waypoints": 9}}
{"target": -184.64687436194615, "params": {"k_pid_pos": [1.4698128353043505, 0.024859491386256316, 0.11401919133455096], "k_pid_alt": [1.2679502233621702, 0.0, 0.1], "k_pid_att": [66.62171653053798, 1.0, 0.5354455210588809], "k_pid_yaw": [0.5, 1e-06, 0.1], "k_pid_hsp": [1.0, 0.029631885976391104, 0.01], "k_pid_vsp": [316.1258038976114, 93.09285943774285, 1.0]}, "datetime": {"datetime": "2025-08-20 13:55:17", "elapsed": 7372.369505167007, "delta": 17.732929229736328}, "costs": {"total_cost": 184.64687436194615, "time_cost": 68.864, "final_distance_cost": 1.7906446014650366, "oscillation_cost": 39.43276648920407, "completition_cost": 0.0, "overshoot_cost": 50.610482597261296, "power_cost": 12.605643774414062, "noise_cost": 11.343336899601692, "n_waypoints_completed": 9, "tot_waypoints": 9}}
{"target": -240.94759766709478, "params": {"k_pid_pos": [1.4698128353043505, 0.024859491386256316, 0.11401919133455096], "k_pid_alt": [1.2679502233621702, 0.0, 0.1], "k_pid_att": [66.62171653053798, 1.0, 0.9274604585040267], "k_pid_yaw": [0.5, 1e-06, 0.1], "k_pid_hsp": [9.911068133623539, 0.029631885976391104, 0.01], "k_pid_vsp": [111.20884264032553, 93.09285943774285, 1.0]}, "datetime": {"datetime": "2025-08-20 13:55:35", "elapsed": 7390.337228298187, "delta": 17.96772313117981}, "costs": {"total_cost": 240.94759766709478, "time_cost": 68.84, "final_distance_cost": 1.8013021753460958, "oscillation_cost": 96.44785070029762, "completition_cost": 0.0, "overshoot_cost": 50.01513229050188, "power_cost": 12.508063110351562, "noise_cost": 11.335249390597623, "n_waypoints_completed": 9, "tot_waypoints": 9}}
{"target": -183.39766343413214, "params": {"k_pid_pos": [1.4698128353043505, 0.024859491386256316, 0.11401919133455096], "k_pid_alt": [1.2679502233621702, 0.0, 0.1], "k_pid_att": [94.27907641276623, 5.887625867895858, 0.9274604585040267], "k_pid_yaw": [0.5, 1e-06, 0.1], "k_pid_hsp": [1.0, 0.029631885976391104, 0.01], "k_pid_vsp": [111.20884264032553, 93.09285943774285, 1.0]}, "datetime": {"datetime": "2025-08-20 13:55:54", "elapsed": 7408.971485853195, "delta": 18.634257555007935}, "costs": {"total_cost": 183.39766343413214, "time_cost": 68.616, "final_distance_cost": 1.8033000827748231, "oscillation_cost": 39.49449004795456, "completition_cost": 0.0, "overshoot_cost": 49.97295368249457, "power_cost": 12.337407434082031, "noise_cost": 11.173512186826162, "n_waypoints_completed": 9, "tot_waypoints": 9}}
{"target": -180.82633189952398, "params": {"k_pid_pos": [1.4698128353043505, 0.024859491386256316, 0.11401919133455096], "k_pid_alt": [1.2679502233621702, 0.0, 0.1], "k_pid_att": [43.948176657889235, 3.7802132718527557, 0.9274604585040267], "k_pid_yaw": [0.5, 1e-06, 0.1], "k_pid_hsp": [1.0, 0.01, 0.01], "k_pid_vsp": [111.20884264032553, 93.09285943774285, 1.0]}, "datetime": {"datetime": "2025-08-20 13:56:12", "elapsed": 7427.206317901611, "delta": 18.234832048416138}, "costs": {"total_cost": 180.82633189952398, "time_cost": 68.456, "final_distance_cost": 1.8129035550535026, "oscillation_cost": 37.19502557670047, "completition_cost": 0.0, "overshoot_cost": 50.071586228309805, "power_cost": 12.12881405029297, "noise_cost": 11.162002489167234, "n_waypoints_completed": 9, "tot_waypoints": 9}}
{"target": -180.91709668420373, "params": {"k_pid_pos": [1.4698128353043505, 0.024859491386256316, 0.11401919133455096], "k_pid_alt": [1.2679502233621702, 0.0, 0.1], "k_pid_att": [43.948176657889235, 1.0, 0.9274604585040267], "k_pid_yaw": [0.5, 1e-06, 0.1], "k_pid_hsp": [1.0, 0.01, 0.01], "k_pid_vsp": [111.20884264032553, 139.20520652041523, 1.0]}, "datetime": {"datetime": "2025-08-20 13:56:31", "elapsed": 7445.890376567841, "delta": 18.684058666229248}, "costs": {"total_cost": 180.91709668420373, "time_cost": 68.464, "final_distance_cost": 1.7958818672802102, "oscillation_cost": 37.06511457961228, "completition_cost": 0.0, "overshoot_cost": 49.91055072482919, "power_cost": 12.436664782714844, "noise_cost": 11.2448847297672, "n_waypoints_completed": 9, "tot_waypoints": 9}}
{"target": -180.91709668420373, "params": {"k_pid_pos": [1.4698128353043505, 0.024859491386256316, 0.11401919133455096], "k_pid_alt": [1.2679502233621702, 0.0, 0.1], "k_pid_att": [43.948176657889235, 1.0, 0.9274604585040267], "k_pid_yaw": [0.5, 1e-06, 0.1], "k_pid_hsp": [1.0, 0.01, 0.01], "k_pid_vsp": [111.20884264032553, 139.20520652041523, 1.0]}, "datetime": {"datetime": "2025-08-20 13:56:48", "elapsed": 7462.557575702667, "delta": 16.66719913482666}, "costs": {"total_cost": 180.91709668420373, "time_cost": 68.464, "final_distance_cost": 1.7958818672802102, "oscillation_cost": 37.06511457961228, "completition_cost": 0.0, "overshoot_cost": 49.91055072482919, "power_cost": 12.436664782714844, "noise_cost": 11.2448847297672, "n_waypoints_completed": 9, "tot_waypoints": 9}}
{"target": -189.53750356084086, "params": {"k_pid_pos": [1.849624377781123, 0.21958489946633264, 0.44963268842268056], "k_pid_alt": [1.1302962253917743, 0.0, 0.512921577555336], "k_pid_att": [27.406759869572184, 1.0, 0.9274604585040267], "k_pid_yaw": [0.5, 1e-06, 0.1], "k_pid_hsp": [4.4869223172461, 0.01, 0.01], "k_pid_vsp": [111.20884264032553, 139.20520652041523, 1.0]}, "datetime": {"datetime": "2025-08-20 13:57:06", "elapsed": 7480.808669805527, "delta": 18.251094102859497}, "costs": {"total_cost": 189.53750356084086, "time_cost": 71.256, "final_distance_cost": 1.8123816599454263, "oscillation_cost": 43.50845963109185, "completition_cost": 0.0, "overshoot_cost": 50.11986081567387, "power_cost": 11.769073400878908, "noise_cost": 11.071728053250819, "n_waypoints_completed": 9, "tot_waypoints": 9}}
{"target": -183.26974158962003, "params": {"k_pid_pos": [1.849624377781123, 0.024859491386256316, 0.44963268842268056], "k_pid_alt": [1.1302962253917743, 0.0, 0.1], "k_pid_att": [55.95093774729606, 1.0, 0.9274604585040267], "k_pid_yaw": [0.5, 1e-06, 0.1], "k_pid_hsp": [1.0, 0.01, 0.01], "k_pid_vsp": [63.97103674737252, 139.20520652041523, 1.0]}, "datetime": {"datetime": "2025-08-20 13:57:23", "elapsed": 7498.17479968071, "delta": 17.366129875183105}, "costs": {"total_cost": 183.26974158962003, "time_cost": 68.888, "final_distance_cost": 1.8169758438327377, "oscillation_cost": 37.964956885092676, "completition_cost": 0.0, "overshoot_cost": 50.7255166045801, "power_cost": 12.514827270507814, "noise_cost": 11.359464985606664, "n_waypoints_completed": 9, "tot_waypoints": 9}}
{"target": -180.82633189952398, "params": {"k_pid_pos": [1.4698128353043505, 0.024859491386256316, 0.11401919133455096], "k_pid_alt": [1.2679502233621702, 0.0, 0.1], "k_pid_att": [43.948176657889235, 3.7802132718527557, 0.9274604585040267], "k_pid_yaw": [0.5, 1e-06, 0.1], "k_pid_hsp": [1.0, 0.01, 0.01], "k_pid_vsp": [111.20884264032553, 93.09285943774285, 1.0]}, "datetime": {"datetime": "2025-08-20 13:57:40", "elapsed": 7514.777062892914, "delta": 16.60226321220398}, "costs": {"total_cost": 180.82633189952398, "time_cost": 68.456, "final_distance_cost": 1.8129035550535026, "oscillation_cost": 37.19502557670047, "completition_cost": 0.0, "overshoot_cost": 50.071586228309805, "power_cost": 12.12881405029297, "noise_cost": 11.162002489167234, "n_waypoints_completed": 9, "tot_waypoints": 9}}
{"target": -211.71275550766993, "params": {"k_pid_pos": [1.4698128353043505, 0.024859491386256316, 0.11401919133455096], "k_pid_alt": [1.2679502233621702, 0.0, 0.1], "k_pid_att": [94.27907641276623, 5.887625867895858, 0.9274604585040267], "k_pid_yaw": [0.5, 1e-06, 0.1], "k_pid_hsp": [1.0, 0.966737574672076, 0.01], "k_pid_vsp": [111.20884264032553, 93.09285943774285, 1.0]}, "datetime": {"datetime": "2025-08-20 13:57:57", "elapsed": 7531.902588844299, "delta": 17.125525951385498}, "costs": {"total_cost": 211.71275550766993, "time_cost": 69.592, "final_distance_cost": 1.7977882871540496, "oscillation_cost": 64.47272392446436, "completition_cost": 0.0, "overshoot_cost": 51.34350717532372, "power_cost": 12.761988830566407, "noise_cost": 11.744747290161367, "n_waypoints_completed": 9, "tot_waypoints": 9}}
{"target": -216.41806706749225, "params": {"k_pid_pos": [1.4999912498542303, 0.3940461965001554, 0.1143955574012756], "k_pid_alt": [1.2679502233621702, 0.0, 0.1], "k_pid_att": [66.62171653053798, 1.0, 0.9274604585040267], "k_pid_yaw": [0.5, 1e-06, 0.1], "k_pid_hsp": [1.0, 0.7152050043221464, 0.01], "k_pid_vsp": [111.20884264032553, 93.09285943774285, 1.0]}, "datetime": {"datetime": "2025-08-20 13:58:15", "elapsed": 7549.92867064476, "delta": 18.026081800460815}, "costs": {"total_cost": 216.41806706749225, "time_cost": 77.72800000000001, "final_distance_cost": 1.77526201884499, "oscillation_cost": 58.67013586880747, "completition_cost": 0.0, "overshoot_cost": 50.79652815705392, "power_cost": 14.6776896484375, "noise_cost": 12.770451374348337, "n_waypoints_completed": 9, "tot_waypoints": 9}}
{"target": -1292.9765907633916, "params": {"k_pid_pos": [1.4698128353043505, 0.024859491386256316, 0.11401919133455096], "k_pid_alt": [1.2679502233621702, 0.0, 0.1], "k_pid_att": [94.27907641276623, 4.279194413527449, 0.9097922838293668], "k_pid_yaw": [0.5, 1e-06, 0.1], "k_pid_hsp": [1.0, 0.029631885976391104, 0.01], "k_pid_vsp": [111.20884264032553, 93.09285943774285, 352.3386124433825]}, "datetime": {"datetime": "2025-08-20 13:58:39", "elapsed": 7574.1467571258545, "delta": 24.21808648109436}, "costs": {"total_cost": 1292.9765907633916, "time_cost": 150, "final_distance_cost": 59.05646431927696, "oscillation_cost": 31.33934337932803, "completition_cost": 888.8888888888888, "overshoot_cost": 90.70817519093103, "power_cost": 36.11474876708984, "noise_cost": 36.86897021787686, "n_waypoints_completed": 1, "tot_waypoints": 9}}
{"target": -181.80733840821728, "params": {"k_pid_pos": [1.4698128353043505, 0.024859491386256316, 0.11401919133455096], "k_pid_alt": [1.636508049307729, 0.0, 0.1], "k_pid_att": [66.62171653053798, 0.7200504618080176, 0.9166398602394554], "k_pid_yaw": [0.5, 1e-06, 0.1], "k_pid_hsp": [1.0, 0.029631885976391104, 0.01], "k_pid_vsp": [111.20884264032553, 93.09285943774285, 1.0]}, "datetime": {"datetime": "2025-08-20 13:58:56", "elapsed": 7590.681197166443, "delta": 16.53444004058838}, "costs": {"total_cost": 181.80733840821728, "time_cost": 68.328, "final_distance_cost": 1.7888493932210938, "oscillation_cost": 38.39381078011165, "completition_cost": 0.0, "overshoot_cost": 49.73077520175826, "power_cost": 12.384750476074219, "noise_cost": 11.18115255705203, "n_waypoints_completed": 9, "tot_waypoints": 9}}
{"target": -181.2930210507793, "params": {"k_pid_pos": [1.4999912498542303, 0.024859491386256316, 0.11401919133455096], "k_pid_alt": [1.2679502233621702, 0.0, 0.1], "k_pid_att": [43.948176657889235, 3.7802132718527557, 0.9274604585040267], "k_pid_yaw": [0.5, 1e-06, 0.1], "k_pid_hsp": [1.0, 0.01, 0.01], "k_pid_vsp": [111.20884264032553, 93.09285943774285, 1.0]}, "datetime": {"datetime": "2025-08-20 13:59:13", "elapsed": 7607.714898586273, "delta": 17.033701419830322}, "costs": {"total_cost": 181.2930210507793, "time_cost": 68.44800000000001, "final_distance_cost": 1.8038722679570427, "oscillation_cost": 37.77434614395433, "completition_cost": 0.0, "overshoot_cost": 50.10144468355809, "power_cost": 12.043405078125, "noise_cost": 11.121952877184803, "n_waypoints_completed": 9, "tot_waypoints": 9}}
