{"target": -185.70061552727657, "params": {"k_pid_pos": [1.4698128353043505, 0.024859491386256316, 0.11401919133455096], "k_pid_alt": [1.2679502233621702, 0.0, 0.1], "k_pid_att": [43.948176657889235, 3.7802132718527557, 0.9274604585040267], "k_pid_yaw": [0.5, 1e-06, 0.1], "k_pid_hsp": [5.429082181916803, 0.01, 0.01], "k_pid_vsp": [111.20884264032553, 93.09285943774285, 1.0]}, "datetime": {"datetime": "2025-08-20 16:46:59", "elapsed": 17674.100880146027, "delta": 16.367771863937378}, "costs": {"total_cost": 185.70061552727657, "time_cost": 68.768, "final_distance_cost": 1.7751406919315715, "oscillation_cost": 42.57207437043453, "completition_cost": 0.0, "overshoot_cost": 50.48943656825496, "power_cost": 11.224167749023438, "noise_cost": 10.871796147632061, "n_waypoints_completed": 9, "tot_waypoints": 9}}
{"target": -379.00695434701083, "params": {"k_pid_pos": [1.4698128353043505, 0.8397878199680053, 0.11401919133455096], "k_pid_alt": [1.2679502233621702, 0.0, 0.1], "k_pid_att": [69.0263735565004, 3.7802132718527557, 0.2648407035658359], "k_pid_yaw": [0.5, 1e-06, 0.1], "k_pid_hsp": [1.0, 0.01, 0.3889668983296899], "k_pid_vsp": [200.4106445826773, 164.83928767117857, 1.0]}, "datetime": {"datetime": "2025-08-20 16:47:21", "elapsed": 17696.118579149246, "delta": 22.017699003219604}, "costs": {"total_cost": 379.00695434701083, "time_cost": 99.0, "final_distance_cost": 1.7593739568940199, "oscillation_cost": 161.43066070221184, "completition_cost": 0.0, "overshoot_cost": 76.61056368885919, "power_cost": 20.984553173828125, "noise_cost": 19.221802825217576, "n_waypoints_completed": 9, "tot_waypoints": 9}}
{"target": -233.5700144840783, "params": {"k_pid_pos": [1.646111256876908, 0.7277996416202209, 0.8881971977301835], "k_pid_alt": [1.2679502233621702, 0.9503295681368317, 0.1], "k_pid_att": [43.948176657889235, 3.7802132718527557, 0.9274604585040267], "k_pid_yaw": [0.5, 1e-06, 0.1], "k_pid_hsp": [1.0, 0.01, 0.01], "k_pid_vsp": [263.1854405112298, 102.7157397860675, 1.0]}, "datetime": {"datetime": "2025-08-20 16:47:42", "elapsed": 17717.486343860626, "delta": 21.367764711380005}, "costs": {"total_cost": 233.5700144840783, "time_cost": 95.96000000000001, "final_distance_cost": 1.7763317975794457, "oscillation_cost": 49.05975982474841, "completition_cost": 0.0, "overshoot_cost": 55.71599126153624, "power_cost": 16.71862264404297, "noise_cost": 14.339308956171228, "n_waypoints_completed": 9, "tot_waypoints": 9}}
{"target": -321.9446274401845, "params": {"k_pid_pos": [1.4698128353043505, 0.024859491386256316, 0.11401919133455096], "k_pid_alt": [1.9684601562921853, 0.0, 0.1], "k_pid_att": [43.948176657889235, 3.7802132718527557, 0.9274604585040267], "k_pid_yaw": [0.5, 1e-06, 0.1], "k_pid_hsp": [1.0, 0.01, 0.5006332444869486], "k_pid_vsp": [111.20884264032553, 102.7157397860675, 1.0]}, "datetime": {"datetime": "2025-08-20 16:47:59", "elapsed": 17733.871683597565, "delta": 16.385339736938477}, "costs": {"total_cost": 321.9446274401845, "time_cost": 74.952, "final_distance_cost": 1.6999714578134126, "oscillation_cost": 159.54745777914553, "completition_cost": 0.0, "overshoot_cost": 56.28189644127322, "power_cost": 15.74220556640625, "noise_cost": 13.721096195546073, "n_waypoints_completed": 9, "tot_waypoints": 9}}
{"target": -182.29908762151555, "params": {"k_pid_pos": [1.4698128353043505, 0.024859491386256316, 0.11401919133455096], "k_pid_alt": [1.6319753356852484, 0.0, 0.1], "k_pid_att": [42.28034808905181, 4.273161054152589, 0.9274604585040267], "k_pid_yaw": [0.5, 1e-06, 0.1], "k_pid_hsp": [1.0, 0.01, 0.01], "k_pid_vsp": [111.20884264032553, 381.5365089319878, 1.0]}, "datetime": {"datetime": "2025-08-20 16:48:14", "elapsed": 17749.325883626938, "delta": 15.454200029373169}, "costs": {"total_cost": 182.29908762151555, "time_cost": 68.024, "final_distance_cost": 1.8180689017130023, "oscillation_cost": 38.736420415285586, "completition_cost": 0.0, "overshoot_cost": 50.291117793548004, "power_cost": 12.346553039550782, "noise_cost": 11.082927471418161, "n_waypoints_completed": 9, "tot_waypoints": 9}}
{"target": -204.74748460993078, "params": {"k_pid_pos": [1.3296566129936354, 0.024859491386256316, 0.9973388324705817], "k_pid_alt": [1.2679502233621702, 0.0, 0.1], "k_pid_att": [42.28034808905181, 7.4108832951548855, 0.6179952950406163], "k_pid_yaw": [0.5, 1e-06, 0.1], "k_pid_hsp": [6.107211332972096, 0.01, 0.01], "k_pid_vsp": [111.20884264032553, 197.31441805153213, 1.0]}, "datetime": {"datetime": "2025-08-20 16:48:31", "elapsed": 17765.913766145706, "delta": 16.58788251876831}, "costs": {"total_cost": 204.74748460993078, "time_cost": 75.44, "final_distance_cost": 1.847970820599537, "oscillation_cost": 51.446488190967905, "completition_cost": 0.0, "overshoot_cost": 50.67850436981691, "power_cost": 12.759393090820312, "noise_cost": 12.575128137726098, "n_waypoints_completed": 9, "tot_waypoints": 9}}
{"target": -364.7431724542591, "params": {"k_pid_pos": [1.4698128353043505, 0.024859491386256316, 0.8017766682930172], "k_pid_alt": [1.2679502233621702, 0.0, 0.1], "k_pid_att": [43.948176657889235, 3.7802132718527557, 0.9274604585040267], "k_pid_yaw": [0.5, 1e-06, 0.1], "k_pid_hsp": [1.0, 0.6216069621477621, 0.43279329087118723], "k_pid_vsp": [111.20884264032553, 102.7157397860675, 1.0]}, "datetime": {"datetime": "2025-08-20 16:48:50", "elapsed": 17784.573006391525, "delta": 18.659240245819092}, "costs": {"total_cost": 364.7431724542591, "time_cost": 86.52, "final_distance_cost": 1.7548212090957407, "oscillation_cost": 191.29933400641428, "completition_cost": 0.0, "overshoot_cost": 53.612271670405065, "power_cost": 17.221409094238282, "noise_cost": 14.33533647410577, "n_waypoints_completed": 9, "tot_waypoints": 9}}
{"target": -1032.4318711365968, "params": {"k_pid_pos": [0.9858569135673503, 0.024859491386256316, 0.11401919133455096], "k_pid_alt": [1.2679502233621702, 0.0, 0.1], "k_pid_att": [43.948176657889235, 3.7802132718527557, 0.9274604585040267], "k_pid_yaw": [0.5, 1e-06, 0.1], "k_pid_hsp": [1.606987810134683, 0.01, 0.01], "k_pid_vsp": [111.20884264032553, 93.09285943774285, 167.5812156158074]}, "datetime": {"datetime": "2025-08-20 16:49:12", "elapsed": 17807.240663290024, "delta": 22.667656898498535}, "costs": {"total_cost": 1032.4318711365968, "time_cost": 150, "final_distance_cost": 64.27758019059122, "oscillation_cost": 36.86443748065553, "completition_cost": 666.6666666666667, "overshoot_cost": 74.41835222483516, "power_cost": 19.988077209472657, "noise_cost": 20.216757364375383, "n_waypoints_completed": 3, "tot_waypoints": 9}}
{"target": -331.82013996945693, "params": {"k_pid_pos": [1.4698128353043505, 0.024859491386256316, 0.11401919133455096], "k_pid_alt": [1.2679502233621702, 0.0, 0.1], "k_pid_att": [43.948176657889235, 3.496443004952719, 0.9274604585040267], "k_pid_yaw": [0.5, 1e-06, 0.1], "k_pid_hsp": [1.0, 0.01, 0.4597123633359994], "k_pid_vsp": [111.20884264032553, 102.7157397860675, 1.0]}, "datetime": {"datetime": "2025-08-20 16:49:29", "elapsed": 17823.88495874405, "delta": 16.64429545402527}, "costs": {"total_cost": 331.82013996945693, "time_cost": 74.504, "final_distance_cost": 1.7525750410522436, "oscillation_cost": 173.49840499051257, "completition_cost": 0.0, "overshoot_cost": 53.90452210139011, "power_cost": 15.010392150878907, "noise_cost": 13.150245685623108, "n_waypoints_completed": 9, "tot_waypoints": 9}}
{"target": -183.05740742423626, "params": {"k_pid_pos": [1.4698128353043505, 0.024859491386256316, 0.11401919133455096], "k_pid_alt": [1.2679502233621702, 0.0, 0.1], "k_pid_att": [27.63392213362481, 3.7802132718527557, 0.9274604585040267], "k_pid_yaw": [0.5, 1e-06, 0.1], "k_pid_hsp": [1.0, 0.01, 0.01], "k_pid_vsp": [376.5747392387296, 93.09285943774285, 1.0]}, "datetime": {"datetime": "2025-08-20 16:49:45", "elapsed": 17839.659044981003, "delta": 15.774086236953735}, "costs": {"total_cost": 183.05740742423626, "time_cost": 68.856, "final_distance_cost": 1.790158093212137, "oscillation_cost": 38.158464489006136, "completition_cost": 0.0, "overshoot_cost": 50.80474480393627, "power_cost": 12.29067078857422, "noise_cost": 11.157369249507491, "n_waypoints_completed": 9, "tot_waypoints": 9}}
{"target": -182.80162860740262, "params": {"k_pid_pos": [1.4698128353043505, 0.024859491386256316, 0.11401919133455096], "k_pid_alt": [1.2679502233621702, 0.0, 0.1], "k_pid_att": [43.948176657889235, 3.7802132718527557, 0.9274604585040267], "k_pid_yaw": [0.5, 1e-06, 0.1], "k_pid_hsp": [1.0, 0.01, 0.01], "k_pid_vsp": [284.5460512203246, 93.09285943774285, 1.0]}, "datetime": {"datetime": "2025-08-20 16:50:00", "elapsed": 17855.032695531845, "delta": 15.373650550842285}, "costs": {"total_cost": 182.80162860740262, "time_cost": 68.744, "final_distance_cost": 1.7844461329930883, "oscillation_cost": 37.94019735494754, "completition_cost": 0.0, "overshoot_cost": 50.66077835128016, "power_cost": 12.436480395507813, "noise_cost": 11.235726372674044, "n_waypoints_completed": 9, "tot_waypoints": 9}}
{"target": -186.26274513385113, "params": {"k_pid_pos": [1.9176378968916694, 0.024859491386256316, 0.11401919133455096], "k_pid_alt": [1.7187705538853828, 0.0, 0.7558934151415505], "k_pid_att": [76.63606454736403, 3.7802132718527557, 0.9274604585040267], "k_pid_yaw": [0.5, 1e-06, 0.1], "k_pid_hsp": [1.0, 0.01, 0.01], "k_pid_vsp": [111.20884264032553, 102.7157397860675, 1.0]}, "datetime": {"datetime": "2025-08-20 16:50:15", "elapsed": 17870.31048822403, "delta": 15.277792692184448}, "costs": {"total_cost": 186.26274513385113, "time_cost": 68.984, "final_distance_cost": 1.780694514095334, "oscillation_cost": 42.147573181017485, "completition_cost": 0.0, "overshoot_cost": 50.060547926879416, "power_cost": 12.179912854003907, "noise_cost": 11.110016657854993, "n_waypoints_completed": 9, "tot_waypoints": 9}}
{"target": -213.08205276144704, "params": {"k_pid_pos": [1.9176378968916694, 0.024859491386256316, 0.11401919133455096], "k_pid_alt": [1.7187705538853828, 0.0, 0.1], "k_pid_att": [76.63606454736403, 3.7802132718527557, 0.9274604585040267], "k_pid_yaw": [0.5, 1e-06, 0.1], "k_pid_hsp": [1.0, 0.7159462861832028, 0.01], "k_pid_vsp": [284.5460512203246, 93.09285943774285, 1.0]}, "datetime": {"datetime": "2025-08-20 16:50:31", "elapsed": 17885.82765007019, "delta": 15.517161846160889}, "costs": {"total_cost": 213.08205276144704, "time_cost": 71.648, "final_distance_cost": 1.78334866339233, "oscillation_cost": 61.40767506393766, "completition_cost": 0.0, "overshoot_cost": 52.67272085585386, "power_cost": 13.333428369140625, "noise_cost": 12.236879809122561, "n_waypoints_completed": 9, "tot_waypoints": 9}}
{"target": -198.71459899178018, "params": {"k_pid_pos": [1.4698128353043505, 0.024859491386256316, 0.11401919133455096], "k_pid_alt": [0.628485956049549, 0.0, 0.1], "k_pid_att": [42.28034808905181, 3.7802132718527557, 0.6331997646149408], "k_pid_yaw": [0.5, 1e-06, 0.1], "k_pid_hsp": [6.107211332972096, 0.01, 0.01], "k_pid_vsp": [111.20884264032553, 298.73657637713535, 1.0]}, "datetime": {"datetime": "2025-08-20 16:50:48", "elapsed": 17902.545147895813, "delta": 16.71749782562256}, "costs": {"total_cost": 198.71459899178018, "time_cost": 73.208, "final_distance_cost": 1.8391010582603893, "oscillation_cost": 49.54470188890555, "completition_cost": 0.0, "overshoot_cost": 50.378525388319474, "power_cost": 12.350448596191407, "noise_cost": 11.393822060103352, "n_waypoints_completed": 9, "tot_waypoints": 9}}
{"target": -381.93428470818145, "params": {"k_pid_pos": [1.4698128353043505, 0.024859491386256316, 0.8017766682930172], "k_pid_alt": [1.2679502233621702, 0.0, 0.1], "k_pid_att": [43.948176657889235, 3.7802132718527557, 0.9274604585040267], "k_pid_yaw": [0.5, 1e-06, 0.1], "k_pid_hsp": [1.606987810134683, 0.01, 0.5491218481913619], "k_pid_vsp": [111.20884264032553, 102.7157397860675, 1.0]}, "datetime": {"datetime": "2025-08-20 16:51:08", "elapsed": 17922.925365447998, "delta": 20.38021755218506}, "costs": {"total_cost": 381.93428470818145, "time_cost": 83.44800000000001, "final_distance_cost": 1.745651270224709, "oscillation_cost": 213.58658106518348, "completition_cost": 0.0, "overshoot_cost": 52.67651752365854, "power_cost": 16.175091357421877, "noise_cost": 14.30244349169281, "n_waypoints_completed": 9, "tot_waypoints": 9}}
{"target": -180.82633189952398, "params": {"k_pid_pos": [1.4698128353043505, 0.024859491386256316, 0.11401919133455096], "k_pid_alt": [1.2679502233621702, 0.0, 0.1], "k_pid_att": [43.948176657889235, 3.7802132718527557, 0.9274604585040267], "k_pid_yaw": [0.5, 1e-06, 0.1], "k_pid_hsp": [1.0, 0.01, 0.01], "k_pid_vsp": [111.20884264032553, 93.09285943774285, 1.0]}, "datetime": {"datetime": "2025-08-20 16:51:23", "elapsed": 17938.463880300522, "delta": 15.538514852523804}, "costs": {"total_cost": 180.82633189952398, "time_cost": 68.456, "final_distance_cost": 1.8129035550535026, "oscillation_cost": 37.19502557670047, "completition_cost": 0.0, "overshoot_cost": 50.071586228309805, "power_cost": 12.12881405029297, "noise_cost": 11.162002489167234, "n_waypoints_completed": 9, "tot_waypoints": 9}}
{"target": -345.6538043875394, "params": {"k_pid_pos": [1.4698128353043505, 0.024859491386256316, 0.11401919133455096], "k_pid_alt": [0.9817036778136525, 0.0, 0.1], "k_pid_att": [43.948176657889235, 4.821296285982074, 0.9274604585040267], "k_pid_yaw": [0.5, 1e-06, 0.1], "k_pid_hsp": [1.0, 0.07491097546197312, 0.5735930241189825], "k_pid_vsp": [111.20884264032553, 102.7157397860675, 40.70050142659987]}, "datetime": {"datetime": "2025-08-20 16:51:41", "elapsed": 17956.231824159622, "delta": 17.767943859100342}, "costs": {"total_cost": 345.6538043875394, "time_cost": 80.272, "final_distance_cost": 1.716226775974071, "oscillation_cost": 176.4464212295957, "completition_cost": 0.0, "overshoot_cost": 55.82018523182909, "power_cost": 17.40809403076172, "noise_cost": 13.990877119378787, "n_waypoints_completed": 9, "tot_waypoints": 9}}
{"target": -187.9185373015803, "params": {"k_pid_pos": [0.9203224573796739, 0.024859491386256316, 0.11401919133455096], "k_pid_alt": [1.2679502233621702, 0.0, 0.1], "k_pid_att": [42.28034808905181, 3.7802132718527557, 0.9274604585040267], "k_pid_yaw": [0.5, 1e-06, 0.1], "k_pid_hsp": [5.680285610963587, 0.01, 0.01], "k_pid_vsp": [111.20884264032553, 197.31441805153213, 1.0]}, "datetime": {"datetime": "2025-08-20 16:51:57", "elapsed": 17972.165341615677, "delta": 15.933517456054688}, "costs": {"total_cost": 187.9185373015803, "time_cost": 70.824, "final_distance_cost": 1.8484341552790986, "oscillation_cost": 41.70651968119682, "completition_cost": 0.0, "overshoot_cost": 50.34914254708814, "power_cost": 11.643174035644531, "noise_cost": 11.54726688237171, "n_waypoints_completed": 9, "tot_waypoints": 9}}
{"target": -183.09756316205946, "params": {"k_pid_pos": [1.4698128353043505, 0.024859491386256316, 0.21152287994165886], "k_pid_alt": [1.6319753356852484, 0.0, 0.7547909499110205], "k_pid_att": [42.28034808905181, 5.088413281584711, 0.6179952950406163], "k_pid_yaw": [0.5, 1e-06, 0.1], "k_pid_hsp": [1.0, 0.01, 0.01], "k_pid_vsp": [111.20884264032553, 255.15728066808146, 1.0]}, "datetime": {"datetime": "2025-08-20 16:52:12", "elapsed": 17987.31609749794, "delta": 15.150755882263184}, "costs": {"total_cost": 183.09756316205946, "time_cost": 69.44800000000001, "final_distance_cost": 1.8187214303102854, "oscillation_cost": 38.03831985999611, "completition_cost": 0.0, "overshoot_cost": 49.81588903761544, "power_cost": 12.639973742675782, "noise_cost": 11.336659091461836, "n_waypoints_completed": 9, "tot_waypoints": 9}}
{"target": -221.57753025694066, "params": {"k_pid_pos": [1.3296566129936354, 0.024859491386256316, 0.11401919133455096], "k_pid_alt": [1.2679502233621702, 0.08322093448254864, 0.1], "k_pid_att": [77.95525177682634, 4.273161054152589, 0.8100135033272438], "k_pid_yaw": [0.5, 1e-06, 0.1], "k_pid_hsp": [6.107211332972096, 0.7249672446196165, 0.01], "k_pid_vsp": [111.20884264032553, 197.31441805153213, 1.0]}, "datetime": {"datetime": "2025-08-20 16:52:31", "elapsed": 18006.10043644905, "delta": 18.78433895111084}, "costs": {"total_cost": 221.57753025694066, "time_cost": 84.52, "final_distance_cost": 1.773878661261067, "oscillation_cost": 57.679052661052154, "completition_cost": 0.0, "overshoot_cost": 50.89856548977224, "power_cost": 13.994380407714845, "noise_cost": 12.711653037140332, "n_waypoints_completed": 9, "tot_waypoints": 9}}
{"target": -187.26763460820197, "params": {"k_pid_pos": [1.9176378968916694, 0.024859491386256316, 0.11401919133455096], "k_pid_alt": [1.1736461563227703, 0.0, 0.1], "k_pid_att": [43.948176657889235, 3.7802132718527557, 0.9274604585040267], "k_pid_yaw": [0.5, 1e-06, 0.1], "k_pid_hsp": [1.606987810134683, 0.01, 0.01], "k_pid_vsp": [342.13188953727393, 93.09285943774285, 1.0]}, "datetime": {"datetime": "2025-08-20 16:52:46", "elapsed": 18021.37242770195, "delta": 15.27199125289917}, "costs": {"total_cost": 187.26763460820197, "time_cost": 69.152, "final_distance_cost": 1.7705136838235365, "oscillation_cost": 42.47458646963217, "completition_cost": 0.0, "overshoot_cost": 50.18305531167515, "power_cost": 12.417666406250001, "noise_cost": 11.269812736821109, "n_waypoints_completed": 9, "tot_waypoints": 9}}
{"target": -188.5837406776888, "params": {"k_pid_pos": [1.4698128353043505, 0.024859491386256316, 0.8017766682930172], "k_pid_alt": [1.2679502233621702, 0.0, 0.1], "k_pid_att": [76.63606454736403, 9.994776192526535, 0.9274604585040267], "k_pid_yaw": [0.5, 1e-06, 0.1], "k_pid_hsp": [1.0, 0.01, 0.01], "k_pid_vsp": [279.45517549114066, 197.31441805153213, 1.0]}, "datetime": {"datetime": "2025-08-20 16:53:02", "elapsed": 18037.39329600334, "delta": 16.0208683013916}, "costs": {"total_cost": 188.5837406776888, "time_cost": 71.4, "final_distance_cost": 1.8413964143482864, "oscillation_cost": 40.90362467740128, "completition_cost": 0.0, "overshoot_cost": 50.23953630536161, "power_cost": 12.318053759765625, "noise_cost": 11.881129520811996, "n_waypoints_completed": 9, "tot_waypoints": 9}}
{"target": -393.1526079946249, "params": {"k_pid_pos": [0.2648816019599518, 0.024859491386256316, 0.11401919133455096], "k_pid_alt": [1.2679502233621702, 0.0, 0.1], "k_pid_att": [43.948176657889235, 3.7802132718527557, 0.9274604585040267], "k_pid_yaw": [0.5, 1e-06, 0.1], "k_pid_hsp": [1.0, 0.01, 0.01], "k_pid_vsp": [111.20884264032553, 102.7157397860675, 1.0]}, "datetime": {"datetime": "2025-08-20 16:53:24", "elapsed": 18059.435884475708, "delta": 22.042588472366333}, "costs": {"total_cost": 393.1526079946249, "time_cost": 150, "final_distance_cost": 15.866551852592535, "oscillation_cost": 28.60079653157855, "completition_cost": 111.11111111111116, "overshoot_cost": 56.06451504934863, "power_cost": 16.657724853515624, "noise_cost": 14.85190859647836, "n_waypoints_completed": 8, "tot_waypoints": 9}}
{"target": -180.4586778981898, "params": {"k_pid_pos": [1.4698128353043505, 0.024859491386256316, 0.11401919133455096], "k_pid_alt": [1.2679502233621702, 0.0, 0.1], "k_pid_att": [43.948176657889235, 3.7802132718527557, 0.9274604585040267], "k_pid_yaw": [0.5, 1e-06, 0.1], "k_pid_hsp": [1.0, 0.01, 0.01], "k_pid_vsp": [111.20884264032553, 102.7157397860675, 1.0]}, "datetime": {"datetime": "2025-08-20 16:53:40", "elapsed": 18074.803624391556, "delta": 15.367739915847778}, "costs": {"total_cost": 180.4586778981898, "time_cost": 68.456, "final_distance_cost": 1.8018656610788988, "oscillation_cost": 36.88102645014415, "completition_cost": 0.0, "overshoot_cost": 49.96291084832555, "power_cost": 12.191933203125, "noise_cost": 11.164941735516203, "n_waypoints_completed": 9, "tot_waypoints": 9}}
{"target": -180.4586778981898, "params": {"k_pid_pos": [1.4698128353043505, 0.024859491386256316, 0.11401919133455096], "k_pid_alt": [1.2679502233621702, 0.0, 0.1], "k_pid_att": [43.948176657889235, 3.7802132718527557, 0.9274604585040267], "k_pid_yaw": [0.5, 1e-06, 0.1], "k_pid_hsp": [1.0, 0.01, 0.01], "k_pid_vsp": [111.20884264032553, 102.7157397860675, 1.0]}, "datetime": {"datetime": "2025-08-20 16:53:56", "elapsed": 18090.737868785858, "delta": 15.934244394302368}, "costs": {"total_cost": 180.4586778981898, "time_cost": 68.456, "final_distance_cost": 1.8018656610788988, "oscillation_cost": 36.88102645014415, "completition_cost": 0.0, "overshoot_cost": 49.96291084832555, "power_cost": 12.191933203125, "noise_cost": 11.164941735516203, "n_waypoints_completed": 9, "tot_waypoints": 9}}
{"target": -180.4586778981898, "params": {"k_pid_pos": [1.4698128353043505, 0.024859491386256316, 0.11401919133455096], "k_pid_alt": [1.2679502233621702, 0.0, 0.1], "k_pid_att": [43.948176657889235, 3.7802132718527557, 0.9274604585040267], "k_pid_yaw": [0.5, 1e-06, 0.1], "k_pid_hsp": [1.0, 0.01, 0.01], "k_pid_vsp": [111.20884264032553, 102.7157397860675, 1.0]}, "datetime": {"datetime": "2025-08-20 16:54:10", "elapsed": 18105.477612018585, "delta": 14.73974323272705}, "costs": {"total_cost": 180.4586778981898, "time_cost": 68.456, "final_distance_cost": 1.8018656610788988, "oscillation_cost": 36.88102645014415, "completition_cost": 0.0, "overshoot_cost": 49.96291084832555, "power_cost": 12.191933203125, "noise_cost": 11.164941735516203, "n_waypoints_completed": 9, "tot_waypoints": 9}}
{"target": -225.34837022736608, "params": {"k_pid_pos": [1.4698128353043505, 0.7861818900992841, 0.21152287994165886], "k_pid_alt": [1.6319753356852484, 0.0, 0.1], "k_pid_att": [98.3674629066707, 9.994776192526535, 0.9274604585040267], "k_pid_yaw": [0.5, 1e-06, 0.1], "k_pid_hsp": [1.0, 0.01, 0.01], "k_pid_vsp": [279.45517549114066, 197.31441805153213, 1.0]}, "datetime": {"datetime": "2025-08-20 16:54:30", "elapsed": 18125.0394449234, "delta": 19.561832904815674}, "costs": {"total_cost": 225.34837022736608, "time_cost": 85.57600000000001, "final_distance_cost": 1.7534766947448261, "oscillation_cost": 53.18259121057393, "completition_cost": 0.0, "overshoot_cost": 54.80375743545459, "power_cost": 15.969831164550783, "noise_cost": 14.062713722041938, "n_waypoints_completed": 9, "tot_waypoints": 9}}
