{"target": -201.74049899267584, "params": {"k_pid_pos": [1.4698128353043505, 0.024859491386256316, 0.11401919133455096], "k_pid_alt": [1.2679502233621702, 0.0, 0.1], "k_pid_att": [43.948176657889235, 3.7802132718527557, 0.9274604585040267], "k_pid_yaw": [0.5, 1e-06, 0.1], "k_pid_hsp": [2.575161370303539, 0.01, 0.09393821517178547], "k_pid_vsp": [111.20884264032553, 239.76907369667427, 1.0]}, "datetime": {"datetime": "2025-08-20 16:16:30", "elapsed": 15845.350219488144, "delta": 14.734591722488403}, "costs": {"total_cost": 201.74049899267584, "time_cost": 68.752, "final_distance_cost": 1.8124463226206817, "oscillation_cost": 56.84737476334607, "completition_cost": 0.0, "overshoot_cost": 50.68798789480416, "power_cost": 12.40171923828125, "noise_cost": 11.23897077362367, "n_waypoints_completed": 9, "tot_waypoints": 9}}
{"target": -217.01088050828594, "params": {"k_pid_pos": [1.4698128353043505, 0.562437059426841, 0.11401919133455096], "k_pid_alt": [1.2679502233621702, 0.0, 0.1], "k_pid_att": [43.948176657889235, 3.7802132718527557, 0.9274604585040267], "k_pid_yaw": [0.5, 1e-06, 0.1], "k_pid_hsp": [1.0, 0.01, 0.01], "k_pid_vsp": [111.20884264032553, 102.7157397860675, 1.0]}, "datetime": {"datetime": "2025-08-20 16:16:49", "elapsed": 15863.717685461044, "delta": 18.36746597290039}, "costs": {"total_cost": 217.01088050828594, "time_cost": 82.936, "final_distance_cost": 1.7057233540867378, "oscillation_cost": 50.38713979382727, "completition_cost": 0.0, "overshoot_cost": 52.816486462626436, "power_cost": 15.681107763671875, "noise_cost": 13.48442313407362, "n_waypoints_completed": 9, "tot_waypoints": 9}}
{"target": -181.44439595217506, "params": {"k_pid_pos": [1.4698128353043505, 0.024859491386256316, 0.11401919133455096], "k_pid_alt": [1.2679502233621702, 0.0, 0.1], "k_pid_att": [43.948176657889235, 0.18205753750414305, 0.9274604585040267], "k_pid_yaw": [0.5, 1e-06, 0.1], "k_pid_hsp": [1.0, 0.01, 0.01], "k_pid_vsp": [111.20884264032553, 93.09285943774285, 1.0]}, "datetime": {"datetime": "2025-08-20 16:17:05", "elapsed": 15880.435106515884, "delta": 16.717421054840088}, "costs": {"total_cost": 181.44439595217506, "time_cost": 68.52, "final_distance_cost": 1.8129851390213318, "oscillation_cost": 37.442423075445866, "completition_cost": 0.0, "overshoot_cost": 50.19150424210218, "power_cost": 12.2890537109375, "noise_cost": 11.188429784668172, "n_waypoints_completed": 9, "tot_waypoints": 9}}
{"target": -216.6073408693831, "params": {"k_pid_pos": [1.4698128353043505, 0.5715490147784498, 0.11401919133455096], "k_pid_alt": [1.115618115767161, 0.0, 0.1], "k_pid_att": [43.948176657889235, 3.7802132718527557, 0.6426065009168366], "k_pid_yaw": [0.5, 1e-06, 0.1], "k_pid_hsp": [1.0, 0.01, 0.01], "k_pid_vsp": [111.20884264032553, 93.09285943774285, 1.0]}, "datetime": {"datetime": "2025-08-20 16:17:24", "elapsed": 15898.636116743088, "delta": 18.20101022720337}, "costs": {"total_cost": 216.6073408693831, "time_cost": 83.304, "final_distance_cost": 1.7683830269998668, "oscillation_cost": 49.78837525189674, "completition_cost": 0.0, "overshoot_cost": 52.432366868587, "power_cost": 15.741637451171876, "noise_cost": 13.572578270727629, "n_waypoints_completed": 9, "tot_waypoints": 9}}
{"target": -204.27966945250316, "params": {"k_pid_pos": [1.4698128353043505, 0.4028392441432166, 0.11401919133455096], "k_pid_alt": [1.2679502233621702, 0.0, 0.46972286414476394], "k_pid_att": [43.948176657889235, 3.7802132718527557, 0.9274604585040267], "k_pid_yaw": [0.5, 1e-06, 0.1], "k_pid_hsp": [1.0, 0.01, 0.01], "k_pid_vsp": [111.20884264032553, 93.09285943774285, 1.0]}, "datetime": {"datetime": "2025-08-20 16:17:41", "elapsed": 15916.236920595169, "delta": 17.6008038520813}, "costs": {"total_cost": 204.27966945250316, "time_cost": 79.632, "final_distance_cost": 1.775491494453477, "oscillation_cost": 45.05951813136414, "completition_cost": 0.0, "overshoot_cost": 51.5495284649682, "power_cost": 13.82330926513672, "noise_cost": 12.439822096580636, "n_waypoints_completed": 9, "tot_waypoints": 9}}
{"target": -181.92819928961273, "params": {"k_pid_pos": [1.531426011234853, 0.024859491386256316, 0.11401919133455096], "k_pid_alt": [1.2679502233621702, 0.0, 0.1], "k_pid_att": [43.948176657889235, 3.7802132718527557, 0.9274604585040267], "k_pid_yaw": [0.5, 1e-06, 0.1], "k_pid_hsp": [1.0, 0.01, 0.01], "k_pid_vsp": [111.20884264032553, 93.09285943774285, 1.0]}, "datetime": {"datetime": "2025-08-20 16:17:56", "elapsed": 15931.470974445343, "delta": 15.23405385017395}, "costs": {"total_cost": 181.92819928961273, "time_cost": 68.408, "final_distance_cost": 1.8028843997891988, "oscillation_cost": 38.3557688073755, "completition_cost": 0.0, "overshoot_cost": 50.17752096877378, "power_cost": 12.040798730468751, "noise_cost": 11.143226383205509, "n_waypoints_completed": 9, "tot_waypoints": 9}}
{"target": -207.76120008657767, "params": {"k_pid_pos": [1.4698128353043505, 0.024859491386256316, 0.8100884609760892], "k_pid_alt": [1.2679502233621702, 0.0, 0.11578642527130634], "k_pid_att": [6.174354700882767, 3.917135097401164, 0.08887128593342086], "k_pid_yaw": [0.5, 1e-06, 0.1], "k_pid_hsp": [1.0, 0.01, 0.01], "k_pid_vsp": [111.20884264032553, 93.09285943774285, 1.0]}, "datetime": {"datetime": "2025-08-20 16:18:12", "elapsed": 15947.105043649673, "delta": 15.634069204330444}, "costs": {"total_cost": 207.76120008657767, "time_cost": 70.976, "final_distance_cost": 1.8497038375933679, "oscillation_cost": 60.10813477568867, "completition_cost": 0.0, "overshoot_cost": 49.52950679171477, "power_cost": 13.180851843261719, "noise_cost": 12.117002838319156, "n_waypoints_completed": 9, "tot_waypoints": 9}}
{"target": -181.91642139178606, "params": {"k_pid_pos": [1.4698128353043505, 0.024859491386256316, 0.11401919133455096], "k_pid_alt": [1.2679502233621702, 0.0, 0.1], "k_pid_att": [58.28791669869587, 3.7802132718527557, 0.9274604585040267], "k_pid_yaw": [0.5, 1e-06, 0.1], "k_pid_hsp": [1.0, 0.01, 0.01], "k_pid_vsp": [111.20884264032553, 93.09285943774285, 1.0]}, "datetime": {"datetime": "2025-08-20 16:18:27", "elapsed": 15962.472119569778, "delta": 15.36707592010498}, "costs": {"total_cost": 181.91642139178606, "time_cost": 68.568, "final_distance_cost": 1.7751627450951202, "oscillation_cost": 37.67048443703656, "completition_cost": 0.0, "overshoot_cost": 50.436018067245875, "power_cost": 12.3183287109375, "noise_cost": 11.148427431471019, "n_waypoints_completed": 9, "tot_waypoints": 9}}
{"target": -184.24232881312514, "params": {"k_pid_pos": [1.4698128353043505, 0.08695198532413306, 0.29401500448644635], "k_pid_alt": [0.8463193695216031, 0.0, 0.1], "k_pid_att": [43.948176657889235, 8.395279649922648, 0.9274604585040267], "k_pid_yaw": [0.5, 1e-06, 0.1], "k_pid_hsp": [1.0, 0.01, 0.01], "k_pid_vsp": [207.03313760381627, 93.09285943774285, 1.0]}, "datetime": {"datetime": "2025-08-20 16:18:43", "elapsed": 15978.206671476364, "delta": 15.734551906585693}, "costs": {"total_cost": 184.24232881312514, "time_cost": 70.872, "final_distance_cost": 1.810784918997772, "oscillation_cost": 37.37886491267435, "completition_cost": 0.0, "overshoot_cost": 50.13202804224737, "power_cost": 12.590723596191406, "noise_cost": 11.457927343014234, "n_waypoints_completed": 9, "tot_waypoints": 9}}
{"target": -181.49319541275722, "params": {"k_pid_pos": [1.4698128353043505, 0.024859491386256316, 0.11401919133455096], "k_pid_alt": [1.2679502233621702, 0.0, 0.1], "k_pid_att": [43.948176657889235, 0.18205753750414305, 0.9274604585040267], "k_pid_yaw": [0.5, 1e-06, 0.1], "k_pid_hsp": [1.0, 0.01, 0.01], "k_pid_vsp": [41.47088896769069, 93.09285943774285, 1.0]}, "datetime": {"datetime": "2025-08-20 16:18:58", "elapsed": 15993.307400465012, "delta": 15.100728988647461}, "costs": {"total_cost": 181.49319541275722, "time_cost": 68.256, "final_distance_cost": 1.7999086626051013, "oscillation_cost": 37.91505963889121, "completition_cost": 0.0, "overshoot_cost": 49.848089791112514, "power_cost": 12.487673669433594, "noise_cost": 11.186463650714776, "n_waypoints_completed": 9, "tot_waypoints": 9}}
{"target": -180.82633189952398, "params": {"k_pid_pos": [1.4698128353043505, 0.024859491386256316, 0.11401919133455096], "k_pid_alt": [1.2679502233621702, 0.0, 0.1], "k_pid_att": [43.948176657889235, 3.7802132718527557, 0.9274604585040267], "k_pid_yaw": [0.5, 1e-06, 0.1], "k_pid_hsp": [1.0, 0.01, 0.01], "k_pid_vsp": [111.20884264032553, 93.09285943774285, 1.0]}, "datetime": {"datetime": "2025-08-20 16:19:14", "elapsed": 16008.685130357742, "delta": 15.377729892730713}, "costs": {"total_cost": 180.82633189952398, "time_cost": 68.456, "final_distance_cost": 1.8129035550535026, "oscillation_cost": 37.19502557670047, "completition_cost": 0.0, "overshoot_cost": 50.071586228309805, "power_cost": 12.12881405029297, "noise_cost": 11.162002489167234, "n_waypoints_completed": 9, "tot_waypoints": 9}}
{"target": -180.4586778981898, "params": {"k_pid_pos": [1.4698128353043505, 0.024859491386256316, 0.11401919133455096], "k_pid_alt": [1.2679502233621702, 0.0, 0.1], "k_pid_att": [43.948176657889235, 3.7802132718527557, 0.9274604585040267], "k_pid_yaw": [0.5, 1e-06, 0.1], "k_pid_hsp": [1.0, 0.01, 0.01], "k_pid_vsp": [111.20884264032553, 102.7157397860675, 1.0]}, "datetime": {"datetime": "2025-08-20 16:19:29", "elapsed": 16023.925436496735, "delta": 15.24030613899231}, "costs": {"total_cost": 180.4586778981898, "time_cost": 68.456, "final_distance_cost": 1.8018656610788988, "oscillation_cost": 36.88102645014415, "completition_cost": 0.0, "overshoot_cost": 49.96291084832555, "power_cost": 12.191933203125, "noise_cost": 11.164941735516203, "n_waypoints_completed": 9, "tot_waypoints": 9}}
{"target": -180.82633189952398, "params": {"k_pid_pos": [1.4698128353043505, 0.024859491386256316, 0.11401919133455096], "k_pid_alt": [1.2679502233621702, 0.0, 0.1], "k_pid_att": [43.948176657889235, 3.7802132718527557, 0.9274604585040267], "k_pid_yaw": [0.5, 1e-06, 0.1], "k_pid_hsp": [1.0, 0.01, 0.01], "k_pid_vsp": [111.20884264032553, 93.09285943774285, 1.0]}, "datetime": {"datetime": "2025-08-20 16:19:44", "elapsed": 16038.759430646896, "delta": 14.833994150161743}, "costs": {"total_cost": 180.82633189952398, "time_cost": 68.456, "final_distance_cost": 1.8129035550535026, "oscillation_cost": 37.19502557670047, "completition_cost": 0.0, "overshoot_cost": 50.071586228309805, "power_cost": 12.12881405029297, "noise_cost": 11.162002489167234, "n_waypoints_completed": 9, "tot_waypoints": 9}}
{"target": -180.82633189952398, "params": {"k_pid_pos": [1.4698128353043505, 0.024859491386256316, 0.11401919133455096], "k_pid_alt": [1.2679502233621702, 0.0, 0.1], "k_pid_att": [43.948176657889235, 3.7802132718527557, 0.9274604585040267], "k_pid_yaw": [0.5, 1e-06, 0.1], "k_pid_hsp": [1.0, 0.01, 0.01], "k_pid_vsp": [111.20884264032553, 93.09285943774285, 1.0]}, "datetime": {"datetime": "2025-08-20 16:19:59", "elapsed": 16054.343688726425, "delta": 15.584258079528809}, "costs": {"total_cost": 180.82633189952398, "time_cost": 68.456, "final_distance_cost": 1.8129035550535026, "oscillation_cost": 37.19502557670047, "completition_cost": 0.0, "overshoot_cost": 50.071586228309805, "power_cost": 12.12881405029297, "noise_cost": 11.162002489167234, "n_waypoints_completed": 9, "tot_waypoints": 9}}
{"target": -189.32422062856904, "params": {"k_pid_pos": [1.4698128353043505, 0.024859491386256316, 0.11401919133455096], "k_pid_alt": [1.2679502233621702, 0.0, 0.1], "k_pid_att": [32.711453394509874, 0.18205753750414305, 0.9274604585040267], "k_pid_yaw": [0.5, 1e-06, 0.1], "k_pid_hsp": [1.0, 0.35943475000846337, 0.01], "k_pid_vsp": [111.20884264032553, 93.09285943774285, 1.0]}, "datetime": {"datetime": "2025-08-20 16:20:14", "elapsed": 16069.344505548477, "delta": 15.000816822052002}, "costs": {"total_cost": 189.32422062856904, "time_cost": 68.28, "final_distance_cost": 1.8176112910785562, "oscillation_cost": 45.665211980312556, "completition_cost": 0.0, "overshoot_cost": 49.838926588954926, "power_cost": 12.526448278808594, "noise_cost": 11.196022489414396, "n_waypoints_completed": 9, "tot_waypoints": 9}}
{"target": -207.59730146481309, "params": {"k_pid_pos": [1.4698128353043505, 0.024859491386256316, 0.11401919133455096], "k_pid_alt": [1.2679502233621702, 0.0, 0.1], "k_pid_att": [58.28791669869587, 3.7802132718527557, 0.9274604585040267], "k_pid_yaw": [0.5, 1e-06, 0.1], "k_pid_hsp": [1.0, 0.838288257326695, 0.01], "k_pid_vsp": [111.20884264032553, 93.09285943774285, 1.0]}, "datetime": {"datetime": "2025-08-20 16:20:29", "elapsed": 16084.26182794571, "delta": 14.917322397232056}, "costs": {"total_cost": 207.59730146481309, "time_cost": 69.208, "final_distance_cost": 1.7914710629436523, "oscillation_cost": 60.55047156781805, "completition_cost": 0.0, "overshoot_cost": 51.25187061839112, "power_cost": 13.030387426757812, "noise_cost": 11.765100788902457, "n_waypoints_completed": 9, "tot_waypoints": 9}}
{"target": -182.15374267643207, "params": {"k_pid_pos": [1.367080816728244, 0.024859491386256316, 0.11401919133455096], "k_pid_alt": [1.2679502233621702, 0.0, 0.1], "k_pid_att": [43.948176657889235, 3.7802132718527557, 0.9274604585040267], "k_pid_yaw": [0.5, 1e-06, 0.1], "k_pid_hsp": [1.0, 0.01, 0.01], "k_pid_vsp": [44.58480459101759, 93.09285943774285, 1.0]}, "datetime": {"datetime": "2025-08-20 16:20:45", "elapsed": 16099.662559747696, "delta": 15.400731801986694}, "costs": {"total_cost": 182.15374267643207, "time_cost": 68.432, "final_distance_cost": 1.7978693545668893, "oscillation_cost": 37.80272434058806, "completition_cost": 0.0, "overshoot_cost": 50.36336905361324, "power_cost": 12.461094299316407, "noise_cost": 11.29668562834749, "n_waypoints_completed": 9, "tot_waypoints": 9}}
{"target": -180.92276181929145, "params": {"k_pid_pos": [1.4698128353043505, 0.024859491386256316, 0.11401919133455096], "k_pid_alt": [1.2679502233621702, 0.0, 0.1], "k_pid_att": [48.26873903267956, 8.267881126176224, 0.9274604585040267], "k_pid_yaw": [0.5, 1e-06, 0.1], "k_pid_hsp": [1.0, 0.01, 0.01], "k_pid_vsp": [111.20884264032553, 93.09285943774285, 1.0]}, "datetime": {"datetime": "2025-08-20 16:21:00", "elapsed": 16114.96316075325, "delta": 15.3006010055542}, "costs": {"total_cost": 180.92276181929145, "time_cost": 68.47200000000001, "final_distance_cost": 1.789188958972986, "oscillation_cost": 37.0770668436612, "completition_cost": 0.0, "overshoot_cost": 50.048027552066806, "power_cost": 12.350291076660158, "noise_cost": 11.186187387930298, "n_waypoints_completed": 9, "tot_waypoints": 9}}
{"target": -182.95659447704818, "params": {"k_pid_pos": [1.4698128353043505, 0.024859491386256316, 0.11401919133455096], "k_pid_alt": [1.2679502233621702, 0.0, 0.1], "k_pid_att": [43.948176657889235, 3.7802132718527557, 0.9274604585040267], "k_pid_yaw": [0.5, 1e-06, 0.1], "k_pid_hsp": [1.0, 0.01, 0.01], "k_pid_vsp": [290.42366778167803, 93.09285943774285, 1.0]}, "datetime": {"datetime": "2025-08-20 16:21:16", "elapsed": 16130.511451721191, "delta": 15.548290967941284}, "costs": {"total_cost": 182.95659447704818, "time_cost": 68.744, "final_distance_cost": 1.818121439661436, "oscillation_cost": 38.22168070733379, "completition_cost": 0.0, "overshoot_cost": 50.67268528430921, "power_cost": 12.296916638183594, "noise_cost": 11.20319040756017, "n_waypoints_completed": 9, "tot_waypoints": 9}}
{"target": -190.10740327070462, "params": {"k_pid_pos": [1.4698128353043505, 0.024859491386256316, 0.11401919133455096], "k_pid_alt": [1.2679502233621702, 0.0, 0.1], "k_pid_att": [58.28791669869587, 3.7802132718527557, 0.19921483509393956], "k_pid_yaw": [0.5, 1e-06, 0.1], "k_pid_hsp": [3.333190925918924, 0.01, 0.01], "k_pid_vsp": [111.20884264032553, 93.09285943774285, 1.0]}, "datetime": {"datetime": "2025-08-20 16:21:31", "elapsed": 16145.831619739532, "delta": 15.320168018341064}, "costs": {"total_cost": 190.10740327070462, "time_cost": 68.864, "final_distance_cost": 1.7930524616949155, "oscillation_cost": 46.107630267579225, "completition_cost": 0.0, "overshoot_cost": 50.84547780050337, "power_cost": 11.533969067382813, "noise_cost": 10.963273673544318, "n_waypoints_completed": 9, "tot_waypoints": 9}}
{"target": -232.0623382096108, "params": {"k_pid_pos": [1.4698128353043505, 0.33366539114253435, 0.11401919133455096], "k_pid_alt": [1.2679502233621702, 0.0, 0.1], "k_pid_att": [43.948176657889235, 0.18205753750414305, 0.9274604585040267], "k_pid_yaw": [0.5, 1e-06, 0.1], "k_pid_hsp": [2.575161370303539, 0.01, 0.09393821517178547], "k_pid_vsp": [111.20884264032553, 239.76907369667427, 1.0]}, "datetime": {"datetime": "2025-08-20 16:21:48", "elapsed": 16163.354317903519, "delta": 17.522698163986206}, "costs": {"total_cost": 232.0623382096108, "time_cost": 78.936, "final_distance_cost": 1.7754096336349587, "oscillation_cost": 71.94316598576658, "completition_cost": 0.0, "overshoot_cost": 51.97655195853317, "power_cost": 14.625704614257813, "noise_cost": 12.805506017418256, "n_waypoints_completed": 9, "tot_waypoints": 9}}
{"target": -180.82633189952398, "params": {"k_pid_pos": [1.4698128353043505, 0.024859491386256316, 0.11401919133455096], "k_pid_alt": [1.2679502233621702, 0.0, 0.1], "k_pid_att": [43.948176657889235, 3.7802132718527557, 0.9274604585040267], "k_pid_yaw": [0.5, 1e-06, 0.1], "k_pid_hsp": [1.0, 0.01, 0.01], "k_pid_vsp": [111.20884264032553, 93.09285943774285, 1.0]}, "datetime": {"datetime": "2025-08-20 16:22:04", "elapsed": 16178.949495077133, "delta": 15.595177173614502}, "costs": {"total_cost": 180.82633189952398, "time_cost": 68.456, "final_distance_cost": 1.8129035550535026, "oscillation_cost": 37.19502557670047, "completition_cost": 0.0, "overshoot_cost": 50.071586228309805, "power_cost": 12.12881405029297, "noise_cost": 11.162002489167234, "n_waypoints_completed": 9, "tot_waypoints": 9}}
{"target": -180.5642061906237, "params": {"k_pid_pos": [1.4698128353043505, 0.024859491386256316, 0.11401919133455096], "k_pid_alt": [1.2679502233621702, 0.0, 0.1], "k_pid_att": [42.28034808905181, 3.7802132718527557, 0.9274604585040267], "k_pid_yaw": [0.5, 1e-06, 0.1], "k_pid_hsp": [1.0, 0.01, 0.01], "k_pid_vsp": [111.20884264032553, 197.31441805153213, 1.0]}, "datetime": {"datetime": "2025-08-20 16:22:19", "elapsed": 16194.317119121552, "delta": 15.367624044418335}, "costs": {"total_cost": 180.5642061906237, "time_cost": 68.44, "final_distance_cost": 1.8165043248080235, "oscillation_cost": 37.05203727740209, "completition_cost": 0.0, "overshoot_cost": 49.76410868970759, "power_cost": 12.331987084960938, "noise_cost": 11.159568813745063, "n_waypoints_completed": 9, "tot_waypoints": 9}}
{"target": -189.21817031211734, "params": {"k_pid_pos": [1.4698128353043505, 0.024859491386256316, 0.11401919133455096], "k_pid_alt": [1.2679502233621702, 0.0, 0.1], "k_pid_att": [76.63606454736403, 3.7802132718527557, 0.9274604585040267], "k_pid_yaw": [0.5, 1e-06, 0.1], "k_pid_hsp": [5.566677707259657, 0.01, 0.01], "k_pid_vsp": [111.20884264032553, 93.09285943774285, 1.0]}, "datetime": {"datetime": "2025-08-20 16:22:34", "elapsed": 16209.067916154861, "delta": 14.750797033309937}, "costs": {"total_cost": 189.21817031211734, "time_cost": 68.992, "final_distance_cost": 1.7985774248015196, "oscillation_cost": 45.56124154752991, "completition_cost": 0.0, "overshoot_cost": 50.13843850509075, "power_cost": 11.693285559082032, "noise_cost": 11.034627275613136, "n_waypoints_completed": 9, "tot_waypoints": 9}}
{"target": -1126.0572695707476, "params": {"k_pid_pos": [1.4698128353043505, 0.024859491386256316, 0.11401919133455096], "k_pid_alt": [1.2679502233621702, 0.0, 0.1], "k_pid_att": [43.948176657889235, 3.7802132718527557, 0.9274604585040267], "k_pid_yaw": [0.5, 1e-06, 0.1], "k_pid_hsp": [6.768715103261824, 0.01, 0.6065889146836446], "k_pid_vsp": [111.20884264032553, 93.09285943774285, 230.7530952001586]}, "datetime": {"datetime": "2025-08-20 16:22:57", "elapsed": 16231.568997621536, "delta": 22.501081466674805}, "costs": {"total_cost": 1126.0572695707476, "time_cost": 150, "final_distance_cost": 38.53732269795819, "oscillation_cost": 265.6390438623278, "completition_cost": 555.5555555555555, "overshoot_cost": 72.5443248598052, "power_cost": 24.028434838867188, "noise_cost": 19.752587756233545, "n_waypoints_completed": 4, "tot_waypoints": 9}}
{"target": -583.1950871007571, "params": {"k_pid_pos": [1.8528239617641062, 0.024859491386256316, 0.11401919133455096], "k_pid_alt": [0.19443302098434057, 0.0, 0.1], "k_pid_att": [43.948176657889235, 3.7802132718527557, 0.9274604585040267], "k_pid_yaw": [0.5, 1e-06, 0.1], "k_pid_hsp": [5.837136346439943, 0.01, 0.01], "k_pid_vsp": [111.20884264032553, 102.7157397860675, 1.0]}, "datetime": {"datetime": "2025-08-20 16:23:19", "elapsed": 16254.026458501816, "delta": 22.45746088027954}, "costs": {"total_cost": 583.1950871007571, "time_cost": 150, "final_distance_cost": 73.26880487046918, "oscillation_cost": 64.5289132093002, "completition_cost": 222.2222222222222, "overshoot_cost": 43.48049829852447, "power_cost": 15.508688720703125, "noise_cost": 14.185959779537795, "n_waypoints_completed": 7, "tot_waypoints": 9}}
{"target": -192.5389906410339, "params": {"k_pid_pos": [1.4698128353043505, 0.024859491386256316, 0.11401919133455096], "k_pid_alt": [1.2679502233621702, 0.0, 0.1], "k_pid_att": [43.948176657889235, 3.7802132718527557, 0.06525997523876337], "k_pid_yaw": [0.5, 1e-06, 0.1], "k_pid_hsp": [1.0, 0.01, 0.01], "k_pid_vsp": [67.06746789475653, 93.09285943774285, 1.0]}, "datetime": {"datetime": "2025-08-20 16:23:34", "elapsed": 16269.387557029724, "delta": 15.361098527908325}, "costs": {"total_cost": 192.5389906410339, "time_cost": 68.44800000000001, "final_distance_cost": 1.7893442231050745, "oscillation_cost": 48.60386999721954, "completition_cost": 0.0, "overshoot_cost": 50.18452905795536, "power_cost": 12.301010375976563, "noise_cost": 11.212236986777347, "n_waypoints_completed": 9, "tot_waypoints": 9}}
