{"target": -376.35930095417035, "params": {"k_pid_pos": [1.4698128353043505, 0.00338214545638138, 0.7266918162980436], "k_pid_alt": [1.5967479783170597, 0.0, 0.1], "k_pid_att": [43.948176657889235, 7.519210862131359, 0.9274604585040267], "k_pid_yaw": [0.5, 1e-06, 0.1], "k_pid_hsp": [1.1779218432282734, 0.01, 0.8149121113391221], "k_pid_vsp": [111.20884264032553, 273.5293865660895, 1.0]}, "datetime": {"datetime": "2025-08-20 20:37:38", "elapsed": 31513.34250688553, "delta": 20.881402015686035}, "costs": {"total_cost": 376.35930095417035, "time_cost": 88.76, "final_distance_cost": 1.7049573965341702, "oscillation_cost": 188.98935992001282, "completition_cost": 0.0, "overshoot_cost": 63.75814448111759, "power_cost": 17.689781567382813, "noise_cost": 15.457057589123018, "n_waypoints_completed": 9, "tot_waypoints": 9}}
{"target": -268.0196519686968, "params": {"k_pid_pos": [1.4698128353043505, 0.024859491386256316, 0.15504459629470158], "k_pid_alt": [1.2679502233621702, 0.0, 0.1], "k_pid_att": [0.940241120304286, 1.326856224425946, 0.9274604585040267], "k_pid_yaw": [0.5, 1e-06, 0.1], "k_pid_hsp": [0.26818612338505615, 0.01, 0.01], "k_pid_vsp": [111.20884264032553, 102.7157397860675, 1.0]}, "datetime": {"datetime": "2025-08-20 20:37:58", "elapsed": 31533.229667186737, "delta": 19.887160301208496}, "costs": {"total_cost": 268.0196519686968, "time_cost": 90.464, "final_distance_cost": 1.785616614444448, "oscillation_cost": 81.52718019604166, "completition_cost": 0.0, "overshoot_cost": 61.50402478525867, "power_cost": 17.728380859375, "noise_cost": 15.010449513577024, "n_waypoints_completed": 9, "tot_waypoints": 9}}
{"target": -205.30504709490558, "params": {"k_pid_pos": [1.7978416467070553, 0.024859491386256316, 0.3434561031905483], "k_pid_alt": [1.2679502233621702, 0.3895604077003664, 0.1], "k_pid_att": [43.948176657889235, 1.326856224425946, 0.9274604585040267], "k_pid_yaw": [0.5, 1e-06, 0.1], "k_pid_hsp": [2.82373402557605, 0.01, 0.01], "k_pid_vsp": [111.20884264032553, 102.7157397860675, 39.31490123340624]}, "datetime": {"datetime": "2025-08-20 20:38:16", "elapsed": 31551.32833814621, "delta": 18.098670959472656}, "costs": {"total_cost": 205.30504709490558, "time_cost": 75.60000000000001, "final_distance_cost": 1.786372554245778, "oscillation_cost": 54.2008261689768, "completition_cost": 0.0, "overshoot_cost": 50.955476832463866, "power_cost": 12.658585083007813, "noise_cost": 10.103786456211338, "n_waypoints_completed": 9, "tot_waypoints": 9}}
{"target": -177.6739252695265, "params": {"k_pid_pos": [1.4698128353043505, 0.024859491386256316, 0.3434561031905483], "k_pid_alt": [1.2679502233621702, 0.0, 0.1], "k_pid_att": [43.948176657889235, 1.326856224425946, 0.9274604585040267], "k_pid_yaw": [0.5, 1e-06, 0.1], "k_pid_hsp": [2.82373402557605, 0.01, 0.01], "k_pid_vsp": [111.20884264032553, 102.7157397860675, 1.0]}, "datetime": {"datetime": "2025-08-20 20:38:31", "elapsed": 31566.206624507904, "delta": 14.878286361694336}, "costs": {"total_cost": 177.6739252695265, "time_cost": 69.152, "final_distance_cost": 1.8262656886158488, "oscillation_cost": 34.33594552183275, "completition_cost": 0.0, "overshoot_cost": 50.065815663241324, "power_cost": 11.237653356933594, "noise_cost": 11.056245038902981, "n_waypoints_completed": 9, "tot_waypoints": 9}}
{"target": -178.87822759912342, "params": {"k_pid_pos": [1.4698128353043505, 0.024859491386256316, 0.3434561031905483], "k_pid_alt": [1.2679502233621702, 0.0, 0.1], "k_pid_att": [43.948176657889235, 1.1166001057131414, 0.9274604585040267], "k_pid_yaw": [0.5, 1e-06, 0.1], "k_pid_hsp": [2.82373402557605, 0.01, 0.01], "k_pid_vsp": [111.20884264032553, 102.7157397860675, 1.0]}, "datetime": {"datetime": "2025-08-20 20:38:47", "elapsed": 31582.456053495407, "delta": 16.24942898750305}, "costs": {"total_cost": 178.87822759912342, "time_cost": 69.184, "final_distance_cost": 1.8378687669233456, "oscillation_cost": 35.47753792921694, "completition_cost": 0.0, "overshoot_cost": 50.3037701585096, "power_cost": 11.113049768066407, "noise_cost": 10.962000976407118, "n_waypoints_completed": 9, "tot_waypoints": 9}}
{"target": -196.9492922012248, "params": {"k_pid_pos": [1.4698128353043505, 0.535198962463447, 0.3434561031905483], "k_pid_alt": [1.2679502233621702, 0.0, 0.1], "k_pid_att": [43.948176657889235, 4.633477034214585, 0.9274604585040267], "k_pid_yaw": [0.5, 1e-06, 0.1], "k_pid_hsp": [2.82373402557605, 0.01, 0.01], "k_pid_vsp": [111.20884264032553, 102.7157397860675, 1.0]}, "datetime": {"datetime": "2025-08-20 20:39:06", "elapsed": 31600.628220558167, "delta": 18.1721670627594}, "costs": {"total_cost": 196.9492922012248, "time_cost": 78.696, "final_distance_cost": 1.7723847821389598, "oscillation_cost": 39.1296790888942, "completition_cost": 0.0, "overshoot_cost": 51.777467854146636, "power_cost": 13.326959191894533, "noise_cost": 12.246801284150477, "n_waypoints_completed": 9, "tot_waypoints": 9}}
{"target": -309.6247032424363, "params": {"k_pid_pos": [1.4698128353043505, 0.024859491386256316, 0.9990290440445977], "k_pid_alt": [0.9907947987713464, 0.0, 0.1], "k_pid_att": [43.948176657889235, 1.326856224425946, 0.23684944774097727], "k_pid_yaw": [0.5, 1e-06, 0.1], "k_pid_hsp": [9.78976571952335, 0.01, 0.01], "k_pid_vsp": [80.33785635579704, 102.7157397860675, 1.0]}, "datetime": {"datetime": "2025-08-20 20:39:22", "elapsed": 31616.62704563141, "delta": 15.998825073242188}, "costs": {"total_cost": 309.6247032424363, "time_cost": 73.656, "final_distance_cost": 1.852100136389679, "oscillation_cost": 157.1264916994795, "completition_cost": 0.0, "overshoot_cost": 49.82759492196338, "power_cost": 14.207957092285158, "noise_cost": 12.954559392318565, "n_waypoints_completed": 9, "tot_waypoints": 9}}
{"target": -183.23633900869393, "params": {"k_pid_pos": [1.4698128353043505, 0.024859491386256316, 0.3434561031905483], "k_pid_alt": [1.2679502233621702, 0.0, 0.04765230386150865], "k_pid_att": [43.948176657889235, 1.326856224425946, 0.9274604585040267], "k_pid_yaw": [0.5, 1e-06, 0.1], "k_pid_hsp": [3.326477210804739, 0.01, 0.01], "k_pid_vsp": [111.20884264032553, 9.253091459386084, 1.0]}, "datetime": {"datetime": "2025-08-20 20:39:38", "elapsed": 31633.26046562195, "delta": 16.63341999053955}, "costs": {"total_cost": 183.23633900869393, "time_cost": 70.464, "final_distance_cost": 1.8286876913599333, "oscillation_cost": 37.078438029853245, "completition_cost": 0.0, "overshoot_cost": 51.151767103541, "power_cost": 11.379016674804689, "noise_cost": 11.334429509135083, "n_waypoints_completed": 9, "tot_waypoints": 9}}
{"target": -279.29637042512024, "params": {"k_pid_pos": [1.4698128353043505, 0.00338214545638138, 0.5215242577869234], "k_pid_alt": [1.739673739032684, 0.0, 0.1], "k_pid_att": [43.948176657889235, 1.326856224425946, 0.9274604585040267], "k_pid_yaw": [0.5, 1e-06, 0.1], "k_pid_hsp": [2.82373402557605, 0.5286484062691404, 0.16874075997246774], "k_pid_vsp": [111.20884264032553, 214.5862008004988, 1.0]}, "datetime": {"datetime": "2025-08-20 20:39:54", "elapsed": 31649.356114149094, "delta": 16.095648527145386}, "costs": {"total_cost": 279.29637042512024, "time_cost": 74.824, "final_distance_cost": 1.853476515163956, "oscillation_cost": 125.24008041944957, "completition_cost": 0.0, "overshoot_cost": 49.72993806223199, "power_cost": 14.586993994140625, "noise_cost": 13.061881434134147, "n_waypoints_completed": 9, "tot_waypoints": 9}}
{"target": -177.6739252695265, "params": {"k_pid_pos": [1.4698128353043505, 0.024859491386256316, 0.3434561031905483], "k_pid_alt": [1.2679502233621702, 0.0, 0.1], "k_pid_att": [43.948176657889235, 1.326856224425946, 0.9274604585040267], "k_pid_yaw": [0.5, 1e-06, 0.1], "k_pid_hsp": [2.82373402557605, 0.01, 0.01], "k_pid_vsp": [111.20884264032553, 102.7157397860675, 1.0]}, "datetime": {"datetime": "2025-08-20 20:40:11", "elapsed": 31665.572957992554, "delta": 16.216843843460083}, "costs": {"total_cost": 177.6739252695265, "time_cost": 69.152, "final_distance_cost": 1.8262656886158488, "oscillation_cost": 34.33594552183275, "completition_cost": 0.0, "overshoot_cost": 50.065815663241324, "power_cost": 11.237653356933594, "noise_cost": 11.056245038902981, "n_waypoints_completed": 9, "tot_waypoints": 9}}
{"target": -180.00587874830669, "params": {"k_pid_pos": [1.4698128353043505, 0.024859491386256316, 0.3434561031905483], "k_pid_alt": [1.2679502233621702, 0.0, 0.1928987146789487], "k_pid_att": [43.948176657889235, 9.481495940872867, 0.9274604585040267], "k_pid_yaw": [0.5, 1e-06, 0.1], "k_pid_hsp": [2.82373402557605, 0.01, 0.01], "k_pid_vsp": [111.20884264032553, 102.7157397860675, 1.0]}, "datetime": {"datetime": "2025-08-20 20:40:25", "elapsed": 31680.315948724747, "delta": 14.742990732192993}, "costs": {"total_cost": 180.00587874830669, "time_cost": 69.384, "final_distance_cost": 1.82545969532778, "oscillation_cost": 36.18133261836179, "completition_cost": 0.0, "overshoot_cost": 50.4055323361738, "power_cost": 11.159971557617189, "noise_cost": 11.049582540826126, "n_waypoints_completed": 9, "tot_waypoints": 9}}
{"target": -178.68845958254076, "params": {"k_pid_pos": [1.4698128353043505, 0.024859491386256316, 0.3434561031905483], "k_pid_alt": [1.2679502233621702, 0.0, 0.1], "k_pid_att": [43.948176657889235, 3.4126860594551975, 0.9274604585040267], "k_pid_yaw": [0.5, 1e-06, 0.1], "k_pid_hsp": [2.82373402557605, 0.01, 0.01], "k_pid_vsp": [111.20884264032553, 102.7157397860675, 1.0]}, "datetime": {"datetime": "2025-08-20 20:40:42", "elapsed": 31696.8165371418, "delta": 16.500588417053223}, "costs": {"total_cost": 178.68845958254076, "time_cost": 69.176, "final_distance_cost": 1.8322434393859444, "oscillation_cost": 35.11274181414861, "completition_cost": 0.0, "overshoot_cost": 50.27670671254896, "power_cost": 11.252723193359376, "noise_cost": 11.038044423097862, "n_waypoints_completed": 9, "tot_waypoints": 9}}
{"target": -186.75123517669877, "params": {"k_pid_pos": [1.4698128353043505, 0.08329610310830193, 0.3434561031905483], "k_pid_alt": [1.2679502233621702, 0.0, 0.7455603024785848], "k_pid_att": [43.948176657889235, 1.326856224425946, 0.9274604585040267], "k_pid_yaw": [0.5, 1e-06, 0.1], "k_pid_hsp": [5.335990326040409, 0.01, 0.01], "k_pid_vsp": [111.20884264032553, 186.29560388348816, 1.0]}, "datetime": {"datetime": "2025-08-20 20:40:57", "elapsed": 31712.27337217331, "delta": 15.4568350315094}, "costs": {"total_cost": 186.75123517669877, "time_cost": 71.432, "final_distance_cost": 1.8341863845025455, "oscillation_cost": 40.966468702461974, "completition_cost": 0.0, "overshoot_cost": 50.02800166861526, "power_cost": 11.453226232910156, "noise_cost": 11.037352188208834, "n_waypoints_completed": 9, "tot_waypoints": 9}}
{"target": -177.6739252695265, "params": {"k_pid_pos": [1.4698128353043505, 0.024859491386256316, 0.3434561031905483], "k_pid_alt": [1.2679502233621702, 0.0, 0.1], "k_pid_att": [43.948176657889235, 1.326856224425946, 0.9274604585040267], "k_pid_yaw": [0.5, 1e-06, 0.1], "k_pid_hsp": [2.82373402557605, 0.01, 0.01], "k_pid_vsp": [111.20884264032553, 102.7157397860675, 1.0]}, "datetime": {"datetime": "2025-08-20 20:41:14", "elapsed": 31729.179915905, "delta": 16.906543731689453}, "costs": {"total_cost": 177.6739252695265, "time_cost": 69.152, "final_distance_cost": 1.8262656886158488, "oscillation_cost": 34.33594552183275, "completition_cost": 0.0, "overshoot_cost": 50.065815663241324, "power_cost": 11.237653356933594, "noise_cost": 11.056245038902981, "n_waypoints_completed": 9, "tot_waypoints": 9}}
{"target": -178.7337280149156, "params": {"k_pid_pos": [1.4698128353043505, 0.08329610310830193, 0.37255195504867966], "k_pid_alt": [1.2679502233621702, 0.0, 0.1], "k_pid_att": [43.948176657889235, 3.4126860594551975, 0.9274604585040267], "k_pid_yaw": [0.5, 1e-06, 0.1], "k_pid_hsp": [2.82373402557605, 0.01, 0.01], "k_pid_vsp": [111.20884264032553, 102.7157397860675, 1.0]}, "datetime": {"datetime": "2025-08-20 20:41:29", "elapsed": 31743.886677980423, "delta": 14.706762075424194}, "costs": {"total_cost": 178.7337280149156, "time_cost": 69.256, "final_distance_cost": 1.8133148818239597, "oscillation_cost": 35.08382938685074, "completition_cost": 0.0, "overshoot_cost": 50.11773224839402, "power_cost": 11.36145926513672, "noise_cost": 11.101392232710209, "n_waypoints_completed": 9, "tot_waypoints": 9}}
{"target": -182.8917999837052, "params": {"k_pid_pos": [1.4698128353043505, 0.00338214545638138, 0.5215242577869234], "k_pid_alt": [1.2679502233621702, 0.0, 0.1], "k_pid_att": [43.948176657889235, 4.633477034214585, 0.9274604585040267], "k_pid_yaw": [0.5, 1e-06, 0.1], "k_pid_hsp": [2.82373402557605, 0.01, 0.01], "k_pid_vsp": [66.77612754735902, 102.7157397860675, 1.0]}, "datetime": {"datetime": "2025-08-20 20:41:45", "elapsed": 31759.929283618927, "delta": 16.04260563850403}, "costs": {"total_cost": 182.8917999837052, "time_cost": 69.84, "final_distance_cost": 1.8413608377280553, "oscillation_cost": 38.56213195539039, "completition_cost": 0.0, "overshoot_cost": 49.35176776968121, "power_cost": 11.826525878906251, "noise_cost": 11.470013541999295, "n_waypoints_completed": 9, "tot_waypoints": 9}}
{"target": -181.09754080807085, "params": {"k_pid_pos": [1.4698128353043505, 0.024859491386256316, 0.3434561031905483], "k_pid_alt": [1.5967479783170597, 0.0, 0.1], "k_pid_att": [43.948176657889235, 1.326856224425946, 0.9274604585040267], "k_pid_yaw": [0.5, 1e-06, 0.1], "k_pid_hsp": [1.1779218432282734, 0.01, 0.01], "k_pid_vsp": [111.20884264032553, 102.7157397860675, 1.0]}, "datetime": {"datetime": "2025-08-20 20:42:01", "elapsed": 31775.83107972145, "delta": 15.901796102523804}, "costs": {"total_cost": 181.09754080807085, "time_cost": 68.848, "final_distance_cost": 1.8241553881078103, "oscillation_cost": 36.570540116448214, "completition_cost": 0.0, "overshoot_cost": 50.289586730989534, "power_cost": 12.268251110839845, "noise_cost": 11.297007461685428, "n_waypoints_completed": 9, "tot_waypoints": 9}}
{"target": -1192.3699733312465, "params": {"k_pid_pos": [0.031108468473309878, 0.024859491386256316, 0.3434561031905483], "k_pid_alt": [1.2679502233621702, 0.0, 0.1], "k_pid_att": [43.948176657889235, 1.326856224425946, 0.9274604585040267], "k_pid_yaw": [0.5, 1e-06, 0.1], "k_pid_hsp": [2.82373402557605, 0.01, 0.01], "k_pid_vsp": [111.20884264032553, 376.0461058565467, 1.0]}, "datetime": {"datetime": "2025-08-20 20:42:23", "elapsed": 31797.677361011505, "delta": 21.84628129005432}, "costs": {"total_cost": 1192.3699733312465, "time_cost": 150, "final_distance_cost": 63.5495150011389, "oscillation_cost": 6.213004172226741, "completition_cost": 888.8888888888888, "overshoot_cost": 56.70978032121143, "power_cost": 13.677880090332032, "noise_cost": 13.330904857448532, "n_waypoints_completed": 1, "tot_waypoints": 9}}
{"target": -186.6673484767063, "params": {"k_pid_pos": [1.1018186029961792, 0.024859491386256316, 0.3434561031905483], "k_pid_alt": [1.9160597436741602, 0.0, 0.1], "k_pid_att": [43.948176657889235, 1.326856224425946, 0.9274604585040267], "k_pid_yaw": [0.5, 1e-06, 0.1], "k_pid_hsp": [2.82373402557605, 0.01, 0.01], "k_pid_vsp": [111.20884264032553, 304.1795245652576, 1.0]}, "datetime": {"datetime": "2025-08-20 20:42:41", "elapsed": 31815.511696100235, "delta": 17.83433508872986}, "costs": {"total_cost": 186.6673484767063, "time_cost": 70.512, "final_distance_cost": 1.8496123490333836, "oscillation_cost": 40.28580368700429, "completition_cost": 0.0, "overshoot_cost": 50.44735755699736, "power_cost": 12.003056896972657, "noise_cost": 11.569517986698616, "n_waypoints_completed": 9, "tot_waypoints": 9}}
{"target": -181.49295547053993, "params": {"k_pid_pos": [1.4698128353043505, 0.024859491386256316, 0.3434561031905483], "k_pid_alt": [1.9160597436741602, 0.0, 0.026638658667017756], "k_pid_att": [43.948176657889235, 1.326856224425946, 0.9274604585040267], "k_pid_yaw": [0.5, 1e-06, 0.1], "k_pid_hsp": [2.82373402557605, 0.28262205542809105, 0.01], "k_pid_vsp": [121.11927891757475, 102.7157397860675, 1.0]}, "datetime": {"datetime": "2025-08-20 20:42:55", "elapsed": 31830.39911866188, "delta": 14.887422561645508}, "costs": {"total_cost": 181.49295547053993, "time_cost": 69.072, "final_distance_cost": 1.8413503813282657, "oscillation_cost": 38.43812375497142, "completition_cost": 0.0, "overshoot_cost": 49.602860215819014, "power_cost": 11.467593029785156, "noise_cost": 11.071028088636078, "n_waypoints_completed": 9, "tot_waypoints": 9}}
{"target": -192.6645668180815, "params": {"k_pid_pos": [1.4698128353043505, 0.024859491386256316, 0.3434561031905483], "k_pid_alt": [1.2679502233621702, 0.0, 0.02282466901291924], "k_pid_att": [12.665511903358361, 1.326856224425946, 0.20497828334174084], "k_pid_yaw": [0.5, 1e-06, 0.1], "k_pid_hsp": [2.82373402557605, 0.915123765919971, 0.01], "k_pid_vsp": [111.20884264032553, 130.53254854158118, 1.0]}, "datetime": {"datetime": "2025-08-20 20:43:11", "elapsed": 31846.461982488632, "delta": 16.06286382675171}, "costs": {"total_cost": 192.6645668180815, "time_cost": 68.608, "final_distance_cost": 1.8519804089666103, "oscillation_cost": 49.08119455709565, "completition_cost": 0.0, "overshoot_cost": 49.413734169729715, "power_cost": 12.369020458984375, "noise_cost": 11.340637223305148, "n_waypoints_completed": 9, "tot_waypoints": 9}}
{"target": -186.201880275934, "params": {"k_pid_pos": [1.4698128353043505, 0.024859491386256316, 0.15504459629470158], "k_pid_alt": [1.2679502233621702, 0.0, 0.5775663314924924], "k_pid_att": [43.948176657889235, 0.7630207001553703, 0.9274604585040267], "k_pid_yaw": [0.5, 1e-06, 0.1], "k_pid_hsp": [2.82373402557605, 0.5286484062691404, 0.01], "k_pid_vsp": [111.20884264032553, 102.7157397860675, 1.0]}, "datetime": {"datetime": "2025-08-20 20:43:27", "elapsed": 31861.5525431633, "delta": 15.090560674667358}, "costs": {"total_cost": 186.201880275934, "time_cost": 69.952, "final_distance_cost": 1.813554436269404, "oscillation_cost": 42.12758686458569, "completition_cost": 0.0, "overshoot_cost": 49.864157593166205, "power_cost": 11.517765649414063, "noise_cost": 10.926815732498666, "n_waypoints_completed": 9, "tot_waypoints": 9}}
{"target": -177.6739252695265, "params": {"k_pid_pos": [1.4698128353043505, 0.024859491386256316, 0.3434561031905483], "k_pid_alt": [1.2679502233621702, 0.0, 0.1], "k_pid_att": [43.948176657889235, 1.326856224425946, 0.9274604585040267], "k_pid_yaw": [0.5, 1e-06, 0.1], "k_pid_hsp": [2.82373402557605, 0.01, 0.01], "k_pid_vsp": [111.20884264032553, 102.7157397860675, 1.0]}, "datetime": {"datetime": "2025-08-20 20:43:43", "elapsed": 31877.911172151566, "delta": 16.35862898826599}, "costs": {"total_cost": 177.6739252695265, "time_cost": 69.152, "final_distance_cost": 1.8262656886158488, "oscillation_cost": 34.33594552183275, "completition_cost": 0.0, "overshoot_cost": 50.065815663241324, "power_cost": 11.237653356933594, "noise_cost": 11.056245038902981, "n_waypoints_completed": 9, "tot_waypoints": 9}}
{"target": -177.6739252695265, "params": {"k_pid_pos": [1.4698128353043505, 0.024859491386256316, 0.3434561031905483], "k_pid_alt": [1.2679502233621702, 0.0, 0.1], "k_pid_att": [43.948176657889235, 1.326856224425946, 0.9274604585040267], "k_pid_yaw": [0.5, 1e-06, 0.1], "k_pid_hsp": [2.82373402557605, 0.01, 0.01], "k_pid_vsp": [111.20884264032553, 102.7157397860675, 1.0]}, "datetime": {"datetime": "2025-08-20 20:43:59", "elapsed": 31893.614184379578, "delta": 15.703012228012085}, "costs": {"total_cost": 177.6739252695265, "time_cost": 69.152, "final_distance_cost": 1.8262656886158488, "oscillation_cost": 34.33594552183275, "completition_cost": 0.0, "overshoot_cost": 50.065815663241324, "power_cost": 11.237653356933594, "noise_cost": 11.056245038902981, "n_waypoints_completed": 9, "tot_waypoints": 9}}
{"target": -177.6739252695265, "params": {"k_pid_pos": [1.4698128353043505, 0.024859491386256316, 0.3434561031905483], "k_pid_alt": [1.2679502233621702, 0.0, 0.1], "k_pid_att": [43.948176657889235, 1.326856224425946, 0.9274604585040267], "k_pid_yaw": [0.5, 1e-06, 0.1], "k_pid_hsp": [2.82373402557605, 0.01, 0.01], "k_pid_vsp": [111.20884264032553, 102.7157397860675, 1.0]}, "datetime": {"datetime": "2025-08-20 20:44:16", "elapsed": 31910.685224294662, "delta": 17.07103991508484}, "costs": {"total_cost": 177.6739252695265, "time_cost": 69.152, "final_distance_cost": 1.8262656886158488, "oscillation_cost": 34.33594552183275, "completition_cost": 0.0, "overshoot_cost": 50.065815663241324, "power_cost": 11.237653356933594, "noise_cost": 11.056245038902981, "n_waypoints_completed": 9, "tot_waypoints": 9}}
{"target": -177.6739252695265, "params": {"k_pid_pos": [1.4698128353043505, 0.024859491386256316, 0.3434561031905483], "k_pid_alt": [1.2679502233621702, 0.0, 0.1], "k_pid_att": [43.948176657889235, 1.326856224425946, 0.9274604585040267], "k_pid_yaw": [0.5, 1e-06, 0.1], "k_pid_hsp": [2.82373402557605, 0.01, 0.01], "k_pid_vsp": [111.20884264032553, 102.7157397860675, 1.0]}, "datetime": {"datetime": "2025-08-20 20:44:32", "elapsed": 31926.782855033875, "delta": 16.097630739212036}, "costs": {"total_cost": 177.6739252695265, "time_cost": 69.152, "final_distance_cost": 1.8262656886158488, "oscillation_cost": 34.33594552183275, "completition_cost": 0.0, "overshoot_cost": 50.065815663241324, "power_cost": 11.237653356933594, "noise_cost": 11.056245038902981, "n_waypoints_completed": 9, "tot_waypoints": 9}}
