{"target": -727.5346774498759, "params": {"k_pid_pos": [1.4698128353043505, 0.024859491386256316, 0.7075990162019328], "k_pid_alt": [1.2679502233621702, 0.0, 0.25090527456937695], "k_pid_att": [43.948176657889235, 3.7802132718527557, 0.9274604585040267], "k_pid_yaw": [0.5, 1e-06, 0.1], "k_pid_hsp": [1.0, 0.854886347775255, 0.01], "k_pid_vsp": [232.83084258960952, 93.09285943774285, 270.01584306266324]}, "datetime": {"datetime": "2025-08-20 16:39:12", "elapsed": 17207.128294944763, "delta": 22.15115213394165}, "costs": {"total_cost": 727.5346774498759, "time_cost": 150, "final_distance_cost": 61.24653860642562, "oscillation_cost": 65.03826139377169, "completition_cost": 333.33333333333337, "overshoot_cost": 68.06605273589352, "power_cost": 27.9253025390625, "noise_cost": 21.925188841389023, "n_waypoints_completed": 6, "tot_waypoints": 9}}
{"target": -186.39551865627828, "params": {"k_pid_pos": [1.9176378968916694, 0.024859491386256316, 0.11401919133455096], "k_pid_alt": [1.1736461563227703, 0.0, 0.1], "k_pid_att": [76.63606454736403, 9.994776192526535, 0.9274604585040267], "k_pid_yaw": [0.5, 1e-06, 0.1], "k_pid_hsp": [1.0, 0.01, 0.01], "k_pid_vsp": [111.20884264032553, 197.31441805153213, 1.0]}, "datetime": {"datetime": "2025-08-20 16:39:27", "elapsed": 17221.845721244812, "delta": 14.717426300048828}, "costs": {"total_cost": 186.39551865627828, "time_cost": 68.68, "final_distance_cost": 1.7521899761539532, "oscillation_cost": 42.47081998579948, "completition_cost": 0.0, "overshoot_cost": 49.913767978836184, "power_cost": 12.364728747558594, "noise_cost": 11.21401196793008, "n_waypoints_completed": 9, "tot_waypoints": 9}}
{"target": -208.37532319274413, "params": {"k_pid_pos": [1.4698128353043505, 0.024859491386256316, 0.7169449061792978], "k_pid_alt": [1.8281769525350675, 0.0, 0.1], "k_pid_att": [42.28034808905181, 3.7802132718527557, 0.9274604585040267], "k_pid_yaw": [0.5, 1e-06, 0.1], "k_pid_hsp": [1.0, 0.01, 0.05468438506225981], "k_pid_vsp": [284.5460512203246, 93.09285943774285, 1.0]}, "datetime": {"datetime": "2025-08-20 16:39:44", "elapsed": 17239.12948036194, "delta": 17.283759117126465}, "costs": {"total_cost": 208.37532319274413, "time_cost": 74.008, "final_distance_cost": 1.8470953874722371, "oscillation_cost": 56.59145457944288, "completition_cost": 0.0, "overshoot_cost": 50.47632159618691, "power_cost": 13.049580200195313, "noise_cost": 12.40287142944677, "n_waypoints_completed": 9, "tot_waypoints": 9}}
{"target": -221.81960235009527, "params": {"k_pid_pos": [1.4698128353043505, 0.7277996416202209, 0.11401919133455096], "k_pid_alt": [1.2679502233621702, 0.0, 0.1], "k_pid_att": [43.948176657889235, 3.7802132718527557, 0.9274604585040267], "k_pid_yaw": [0.5, 1e-06, 0.1], "k_pid_hsp": [1.0, 0.01, 0.01], "k_pid_vsp": [111.20884264032553, 102.7157397860675, 1.0]}, "datetime": {"datetime": "2025-08-20 16:40:04", "elapsed": 17258.9641122818, "delta": 19.83463191986084}, "costs": {"total_cost": 221.81960235009527, "time_cost": 85.85600000000001, "final_distance_cost": 1.7243410367276417, "oscillation_cost": 49.08872400172572, "completition_cost": 0.0, "overshoot_cost": 54.36835011516973, "power_cost": 16.664201501464845, "noise_cost": 14.117985695007317, "n_waypoints_completed": 9, "tot_waypoints": 9}}
{"target": -222.60690627915997, "params": {"k_pid_pos": [1.4698128353043505, 0.7343627051010597, 0.11401919133455096], "k_pid_alt": [1.2679502233621702, 0.0, 0.1], "k_pid_att": [43.948176657889235, 3.7802132718527557, 0.9125065750547853], "k_pid_yaw": [0.5, 1e-06, 0.1], "k_pid_hsp": [9.288442103993281, 0.01, 0.01], "k_pid_vsp": [111.20884264032553, 93.09285943774285, 1.0]}, "datetime": {"datetime": "2025-08-20 16:40:22", "elapsed": 17276.93164229393, "delta": 17.967530012130737}, "costs": {"total_cost": 222.60690627915997, "time_cost": 81.272, "final_distance_cost": 1.7262429317757184, "oscillation_cost": 59.355446275962734, "completition_cost": 0.0, "overshoot_cost": 52.28748544358787, "power_cost": 14.946174157714845, "noise_cost": 13.01955747011882, "n_waypoints_completed": 9, "tot_waypoints": 9}}
{"target": -308.2584000681756, "params": {"k_pid_pos": [1.4698128353043505, 0.024859491386256316, 0.11401919133455096], "k_pid_alt": [1.4042554731110006, 0.0, 0.1], "k_pid_att": [43.948176657889235, 3.7802132718527557, 0.9274604585040267], "k_pid_yaw": [0.5, 1e-06, 0.1], "k_pid_hsp": [1.0, 0.4790457387946232, 0.3950757236861081], "k_pid_vsp": [111.20884264032553, 197.31441805153213, 1.0]}, "datetime": {"datetime": "2025-08-20 16:40:40", "elapsed": 17295.19924402237, "delta": 18.26760172843933}, "costs": {"total_cost": 308.2584000681756, "time_cost": 84.24, "final_distance_cost": 1.752378165101891, "oscillation_cost": 133.79332739516644, "completition_cost": 0.0, "overshoot_cost": 56.301958493094226, "power_cost": 17.19373240966797, "noise_cost": 14.977003605145045, "n_waypoints_completed": 9, "tot_waypoints": 9}}
{"target": -184.81078670522203, "params": {"k_pid_pos": [1.3296566129936354, 0.024859491386256316, 0.11401919133455096], "k_pid_alt": [1.2679502233621702, 0.0, 0.1], "k_pid_att": [42.28034808905181, 4.273161054152589, 0.9274604585040267], "k_pid_yaw": [0.5, 1e-06, 0.1], "k_pid_hsp": [1.0, 0.01, 0.01], "k_pid_vsp": [111.20884264032553, 381.5365089319878, 1.0]}, "datetime": {"datetime": "2025-08-20 16:40:56", "elapsed": 17310.716764211655, "delta": 15.517520189285278}, "costs": {"total_cost": 184.81078670522203, "time_cost": 68.728, "final_distance_cost": 1.8215015305736217, "oscillation_cost": 39.94731898514491, "completition_cost": 0.0, "overshoot_cost": 50.45524194272421, "power_cost": 12.575435803222657, "noise_cost": 11.28328844355663, "n_waypoints_completed": 9, "tot_waypoints": 9}}
{"target": -188.57596783412558, "params": {"k_pid_pos": [1.4698128353043505, 0.024859491386256316, 0.11401919133455096], "k_pid_alt": [0.9817036778136525, 0.0, 0.1], "k_pid_att": [42.28034808905181, 3.7802132718527557, 0.9274604585040267], "k_pid_yaw": [0.5, 1e-06, 0.1], "k_pid_hsp": [5.680285610963587, 0.01, 0.01], "k_pid_vsp": [111.20884264032553, 197.31441805153213, 1.0]}, "datetime": {"datetime": "2025-08-20 16:41:11", "elapsed": 17326.30065011978, "delta": 15.583885908126831}, "costs": {"total_cost": 188.57596783412558, "time_cost": 69.664, "final_distance_cost": 1.7794296160453036, "oscillation_cost": 44.11239540884213, "completition_cost": 0.0, "overshoot_cost": 50.25511766187988, "power_cost": 11.65399803466797, "noise_cost": 11.111027112690305, "n_waypoints_completed": 9, "tot_waypoints": 9}}
{"target": -186.79629708557343, "params": {"k_pid_pos": [1.4698128353043505, 0.024859491386256316, 0.11401919133455096], "k_pid_alt": [1.6319753356852484, 0.0, 0.1], "k_pid_att": [42.28034808905181, 7.4108832951548855, 0.6179952950406163], "k_pid_yaw": [0.5, 1e-06, 0.1], "k_pid_hsp": [6.107211332972096, 0.01, 0.01], "k_pid_vsp": [111.20884264032553, 197.31441805153213, 1.0]}, "datetime": {"datetime": "2025-08-20 16:41:26", "elapsed": 17341.151486635208, "delta": 14.850836515426636}, "costs": {"total_cost": 186.79629708557343, "time_cost": 68.47200000000001, "final_distance_cost": 1.8222239929478057, "oscillation_cost": 43.82275806434498, "completition_cost": 0.0, "overshoot_cost": 50.35337353722719, "power_cost": 11.40737987060547, "noise_cost": 10.918561620447989, "n_waypoints_completed": 9, "tot_waypoints": 9}}
{"target": -319.83663974464395, "params": {"k_pid_pos": [1.4698128353043505, 0.9016903038374416, 0.11401919133455096], "k_pid_alt": [1.2679502233621702, 0.0, 0.6600607021214705], "k_pid_att": [48.72959582322072, 3.7802132718527557, 0.5088498556215773], "k_pid_yaw": [0.5, 1e-06, 0.1], "k_pid_hsp": [1.0, 0.01, 0.28190674535330673], "k_pid_vsp": [315.8089586555307, 93.09285943774285, 1.0]}, "datetime": {"datetime": "2025-08-20 16:41:47", "elapsed": 17361.71910715103, "delta": 20.567620515823364}, "costs": {"total_cost": 319.83663974464395, "time_cost": 92.312, "final_distance_cost": 1.6652259165810335, "oscillation_cost": 120.49033407118868, "completition_cost": 0.0, "overshoot_cost": 69.73255381193523, "power_cost": 19.10119345703125, "noise_cost": 16.53533248790776, "n_waypoints_completed": 9, "tot_waypoints": 9}}
{"target": -182.49133065577402, "params": {"k_pid_pos": [1.4698128353043505, 0.024859491386256316, 0.11401919133455096], "k_pid_alt": [1.2679502233621702, 0.0, 0.1], "k_pid_att": [43.948176657889235, 3.7802132718527557, 0.9274604585040267], "k_pid_yaw": [0.5, 1e-06, 0.1], "k_pid_hsp": [1.0, 0.01, 0.01], "k_pid_vsp": [376.5747392387296, 93.09285943774285, 1.0]}, "datetime": {"datetime": "2025-08-20 16:42:02", "elapsed": 17377.25338768959, "delta": 15.53428053855896}, "costs": {"total_cost": 182.49133065577402, "time_cost": 68.856, "final_distance_cost": 1.8026172743854754, "oscillation_cost": 37.26865327953233, "completition_cost": 0.0, "overshoot_cost": 50.70354844979767, "power_cost": 12.554427661132813, "noise_cost": 11.306083990925744, "n_waypoints_completed": 9, "tot_waypoints": 9}}
{"target": -341.570350083759, "params": {"k_pid_pos": [1.4698128353043505, 0.024859491386256316, 0.11401919133455096], "k_pid_alt": [1.2679502233621702, 0.0, 0.1], "k_pid_att": [43.948176657889235, 8.932983788390587, 0.9798181594307654], "k_pid_yaw": [0.5, 1e-06, 0.1], "k_pid_hsp": [2.081042749328253, 0.01, 0.2621727531502741], "k_pid_vsp": [111.20884264032553, 93.09285943774285, 1.0]}, "datetime": {"datetime": "2025-08-20 16:42:18", "elapsed": 17393.22059416771, "delta": 15.967206478118896}, "costs": {"total_cost": 341.570350083759, "time_cost": 73.808, "final_distance_cost": 1.779154421332188, "oscillation_cost": 186.12487945776195, "completition_cost": 0.0, "overshoot_cost": 53.23972482282096, "power_cost": 14.141728100585938, "noise_cost": 12.476863281257899, "n_waypoints_completed": 9, "tot_waypoints": 9}}
{"target": -206.65364340321494, "params": {"k_pid_pos": [0.9203224573796739, 0.024859491386256316, 0.11401919133455096], "k_pid_alt": [1.2679502233621702, 0.0, 0.1], "k_pid_att": [43.948176657889235, 3.7802132718527557, 0.9274604585040267], "k_pid_yaw": [0.5, 1e-06, 0.1], "k_pid_hsp": [1.0, 0.01, 0.01], "k_pid_vsp": [111.20884264032553, 102.7157397860675, 40.70050142659987]}, "datetime": {"datetime": "2025-08-20 16:42:35", "elapsed": 17410.254835128784, "delta": 17.03424096107483}, "costs": {"total_cost": 206.65364340321494, "time_cost": 75.32000000000001, "final_distance_cost": 1.8501266173377284, "oscillation_cost": 45.58211761327922, "completition_cost": 0.0, "overshoot_cost": 50.56503369148124, "power_cost": 18.914736083984376, "noise_cost": 14.42162939713238, "n_waypoints_completed": 9, "tot_waypoints": 9}}
{"target": -188.35285761642783, "params": {"k_pid_pos": [1.4698128353043505, 0.024859491386256316, 0.11401919133455096], "k_pid_alt": [1.2679502233621702, 0.0, 0.1], "k_pid_att": [69.0263735565004, 3.7802132718527557, 0.9274604585040267], "k_pid_yaw": [0.5, 1e-06, 0.1], "k_pid_hsp": [5.429082181916803, 0.01, 0.01], "k_pid_vsp": [111.20884264032553, 93.09285943774285, 1.0]}, "datetime": {"datetime": "2025-08-20 16:42:51", "elapsed": 17425.816978931427, "delta": 15.562143802642822}, "costs": {"total_cost": 188.35285761642783, "time_cost": 68.936, "final_distance_cost": 1.8088930799741318, "oscillation_cost": 44.89996480465251, "completition_cost": 0.0, "overshoot_cost": 49.93908781834626, "power_cost": 11.664923779296876, "noise_cost": 11.103988134158051, "n_waypoints_completed": 9, "tot_waypoints": 9}}
{"target": -218.5848302831996, "params": {"k_pid_pos": [1.4698128353043505, 0.024859491386256316, 0.32789994363863884], "k_pid_alt": [1.2679502233621702, 0.0, 0.1], "k_pid_att": [43.948176657889235, 3.7802132718527557, 0.15038183248814696], "k_pid_yaw": [0.5, 1e-06, 0.1], "k_pid_hsp": [1.0, 0.3707642846192629, 0.01], "k_pid_vsp": [14.170316773218916, 384.4918570939374, 1.0]}, "datetime": {"datetime": "2025-08-20 16:43:07", "elapsed": 17441.886037111282, "delta": 16.069058179855347}, "costs": {"total_cost": 218.5848302831996, "time_cost": 72.70400000000001, "final_distance_cost": 1.8516995570380779, "oscillation_cost": 68.97473485678027, "completition_cost": 0.0, "overshoot_cost": 49.37182753598474, "power_cost": 14.340654833984376, "noise_cost": 11.34191349941213, "n_waypoints_completed": 9, "tot_waypoints": 9}}
{"target": -181.16776927442734, "params": {"k_pid_pos": [1.4698128353043505, 0.024859491386256316, 0.11401919133455096], "k_pid_alt": [1.2679502233621702, 0.0, 0.1], "k_pid_att": [42.28034808905181, 3.7802132718527557, 0.9274604585040267], "k_pid_yaw": [0.5, 1e-06, 0.1], "k_pid_hsp": [1.0, 0.01, 0.01], "k_pid_vsp": [111.20884264032553, 102.7157397860675, 1.0]}, "datetime": {"datetime": "2025-08-20 16:43:22", "elapsed": 17457.056726694107, "delta": 15.170689582824707}, "costs": {"total_cost": 181.16776927442734, "time_cost": 68.456, "final_distance_cost": 1.7832437381398156, "oscillation_cost": 37.15598263003632, "completition_cost": 0.0, "overshoot_cost": 50.0553064386609, "power_cost": 12.428508752441406, "noise_cost": 11.288727715148884, "n_waypoints_completed": 9, "tot_waypoints": 9}}
{"target": -592.5428204260718, "params": {"k_pid_pos": [1.4698128353043505, 0.024859491386256316, 0.11401919133455096], "k_pid_alt": [1.2679502233621702, 0.0, 0.1], "k_pid_att": [43.948176657889235, 3.7802132718527557, 0.040463079828827464], "k_pid_yaw": [0.5, 1e-06, 0.1], "k_pid_hsp": [1.0, 0.01, 0.01], "k_pid_vsp": [111.20884264032553, 197.31441805153213, 139.228478617239]}, "datetime": {"datetime": "2025-08-20 16:43:45", "elapsed": 17479.508177518845, "delta": 22.45145082473755}, "costs": {"total_cost": 592.5428204260718, "time_cost": 150, "final_distance_cost": 67.63269455478024, "oscillation_cost": 54.78565850324775, "completition_cost": 222.2222222222222, "overshoot_cost": 58.85939273729588, "power_cost": 22.8749533203125, "noise_cost": 16.167899088213264, "n_waypoints_completed": 7, "tot_waypoints": 9}}
{"target": -223.00988962280573, "params": {"k_pid_pos": [1.4698128353043505, 0.024859491386256316, 0.11401919133455096], "k_pid_alt": [1.2679502233621702, 0.6471374812877945, 0.1], "k_pid_att": [43.948176657889235, 3.7802132718527557, 0.9274604585040267], "k_pid_yaw": [0.5, 1e-06, 0.1], "k_pid_hsp": [9.493909012881645, 0.01, 0.01], "k_pid_vsp": [161.6260857813284, 102.7157397860675, 1.0]}, "datetime": {"datetime": "2025-08-20 16:44:02", "elapsed": 17497.00921535492, "delta": 17.50103783607483}, "costs": {"total_cost": 223.00988962280573, "time_cost": 77.208, "final_distance_cost": 1.7469738721020265, "oscillation_cost": 66.64480290786213, "completition_cost": 0.0, "overshoot_cost": 51.88224780780787, "power_cost": 13.656495544433595, "noise_cost": 11.871369490600127, "n_waypoints_completed": 9, "tot_waypoints": 9}}
{"target": -181.68804300485186, "params": {"k_pid_pos": [1.4698128353043505, 0.024859491386256316, 0.11401919133455096], "k_pid_alt": [1.2679502233621702, 0.0, 0.1], "k_pid_att": [43.948176657889235, 3.7802132718527557, 0.9274604585040267], "k_pid_yaw": [0.5, 1e-06, 0.1], "k_pid_hsp": [1.0, 0.01, 0.01], "k_pid_vsp": [200.4106445826773, 164.83928767117857, 1.0]}, "datetime": {"datetime": "2025-08-20 16:44:20", "elapsed": 17514.67672109604, "delta": 17.667505741119385}, "costs": {"total_cost": 181.68804300485186, "time_cost": 68.512, "final_distance_cost": 1.7959887176259053, "oscillation_cost": 37.31398877653363, "completition_cost": 0.0, "overshoot_cost": 50.09127918040647, "power_cost": 12.648926281738282, "noise_cost": 11.325860048547575, "n_waypoints_completed": 9, "tot_waypoints": 9}}
{"target": -201.71257048766685, "params": {"k_pid_pos": [1.4698128353043505, 0.18803970651757562, 0.11401919133455096], "k_pid_alt": [1.2679502233621702, 0.0, 0.1], "k_pid_att": [43.948176657889235, 3.7802132718527557, 0.8639692530521021], "k_pid_yaw": [0.5, 1e-06, 0.1], "k_pid_hsp": [1.0, 0.01, 0.01], "k_pid_vsp": [111.20884264032553, 197.31441805153213, 1.0]}, "datetime": {"datetime": "2025-08-20 16:44:40", "elapsed": 17534.96078824997, "delta": 20.284067153930664}, "costs": {"total_cost": 201.71257048766685, "time_cost": 77.032, "final_distance_cost": 1.7553890540926482, "oscillation_cost": 45.289448818966186, "completition_cost": 0.0, "overshoot_cost": 50.95167957324339, "power_cost": 14.222416906738282, "noise_cost": 12.461636134626369, "n_waypoints_completed": 9, "tot_waypoints": 9}}
{"target": -180.4586778981898, "params": {"k_pid_pos": [1.4698128353043505, 0.024859491386256316, 0.11401919133455096], "k_pid_alt": [1.2679502233621702, 0.0, 0.1], "k_pid_att": [43.948176657889235, 3.7802132718527557, 0.9274604585040267], "k_pid_yaw": [0.5, 1e-06, 0.1], "k_pid_hsp": [1.0, 0.01, 0.01], "k_pid_vsp": [111.20884264032553, 102.7157397860675, 1.0]}, "datetime": {"datetime": "2025-08-20 16:44:56", "elapsed": 17551.412333011627, "delta": 16.451544761657715}, "costs": {"total_cost": 180.4586778981898, "time_cost": 68.456, "final_distance_cost": 1.8018656610788988, "oscillation_cost": 36.88102645014415, "completition_cost": 0.0, "overshoot_cost": 49.96291084832555, "power_cost": 12.191933203125, "noise_cost": 11.164941735516203, "n_waypoints_completed": 9, "tot_waypoints": 9}}
{"target": -180.4586778981898, "params": {"k_pid_pos": [1.4698128353043505, 0.024859491386256316, 0.11401919133455096], "k_pid_alt": [1.2679502233621702, 0.0, 0.1], "k_pid_att": [43.948176657889235, 3.7802132718527557, 0.9274604585040267], "k_pid_yaw": [0.5, 1e-06, 0.1], "k_pid_hsp": [1.0, 0.01, 0.01], "k_pid_vsp": [111.20884264032553, 102.7157397860675, 1.0]}, "datetime": {"datetime": "2025-08-20 16:45:11", "elapsed": 17566.128737688065, "delta": 14.716404676437378}, "costs": {"total_cost": 180.4586778981898, "time_cost": 68.456, "final_distance_cost": 1.8018656610788988, "oscillation_cost": 36.88102645014415, "completition_cost": 0.0, "overshoot_cost": 49.96291084832555, "power_cost": 12.191933203125, "noise_cost": 11.164941735516203, "n_waypoints_completed": 9, "tot_waypoints": 9}}
{"target": -180.4586778981898, "params": {"k_pid_pos": [1.4698128353043505, 0.024859491386256316, 0.11401919133455096], "k_pid_alt": [1.2679502233621702, 0.0, 0.1], "k_pid_att": [43.948176657889235, 3.7802132718527557, 0.9274604585040267], "k_pid_yaw": [0.5, 1e-06, 0.1], "k_pid_hsp": [1.0, 0.01, 0.01], "k_pid_vsp": [111.20884264032553, 102.7157397860675, 1.0]}, "datetime": {"datetime": "2025-08-20 16:45:26", "elapsed": 17581.246430635452, "delta": 15.117692947387695}, "costs": {"total_cost": 180.4586778981898, "time_cost": 68.456, "final_distance_cost": 1.8018656610788988, "oscillation_cost": 36.88102645014415, "completition_cost": 0.0, "overshoot_cost": 49.96291084832555, "power_cost": 12.191933203125, "noise_cost": 11.164941735516203, "n_waypoints_completed": 9, "tot_waypoints": 9}}
{"target": -222.09677313168692, "params": {"k_pid_pos": [1.9176378968916694, 0.024859491386256316, 0.11401919133455096], "k_pid_alt": [0.3985646879364917, 0.0, 0.1], "k_pid_att": [76.63606454736403, 3.7802132718527557, 0.9274604585040267], "k_pid_yaw": [0.5, 1e-06, 0.1], "k_pid_hsp": [1.0, 0.01, 0.01], "k_pid_vsp": [284.5460512203246, 93.09285943774285, 1.0]}, "datetime": {"datetime": "2025-08-20 16:45:46", "elapsed": 17600.730837106705, "delta": 19.48440647125244}, "costs": {"total_cost": 222.09677313168692, "time_cost": 87.36, "final_distance_cost": 1.8412936714695662, "oscillation_cost": 53.79112241166958, "completition_cost": 0.0, "overshoot_cost": 49.75312134198016, "power_cost": 15.384902856445313, "noise_cost": 13.966332850122289, "n_waypoints_completed": 9, "tot_waypoints": 9}}
{"target": -340.5924678234274, "params": {"k_pid_pos": [1.4698128353043505, 0.024859491386256316, 0.11401919133455096], "k_pid_alt": [1.2679502233621702, 0.0, 0.07369721203144775], "k_pid_att": [43.948176657889235, 3.7802132718527557, 0.9274604585040267], "k_pid_yaw": [0.5, 1e-06, 0.1], "k_pid_hsp": [1.0, 0.01, 0.40730312852481476], "k_pid_vsp": [366.07766311739795, 164.83928767117857, 1.0]}, "datetime": {"datetime": "2025-08-20 16:46:05", "elapsed": 17620.42276763916, "delta": 19.691930532455444}, "costs": {"total_cost": 340.5924678234274, "time_cost": 87.12, "final_distance_cost": 1.7205798209266066, "oscillation_cost": 168.06025655109232, "completition_cost": 0.0, "overshoot_cost": 51.075298809151356, "power_cost": 17.548594494628908, "noise_cost": 15.067738147628157, "n_waypoints_completed": 9, "tot_waypoints": 9}}
{"target": -195.09204235823987, "params": {"k_pid_pos": [1.4698128353043505, 0.024859491386256316, 0.028311350137035673], "k_pid_alt": [1.2679502233621702, 0.0, 0.1], "k_pid_att": [43.948176657889235, 3.7802132718527557, 0.9274604585040267], "k_pid_yaw": [0.5, 1e-06, 0.1], "k_pid_hsp": [9.890472764092106, 0.01, 0.01], "k_pid_vsp": [376.5747392387296, 93.09285943774285, 1.0]}, "datetime": {"datetime": "2025-08-20 16:46:20", "elapsed": 17635.31567788124, "delta": 14.892910242080688}, "costs": {"total_cost": 195.09204235823987, "time_cost": 69.144, "final_distance_cost": 1.7739159049972997, "oscillation_cost": 50.27876263303197, "completition_cost": 0.0, "overshoot_cost": 50.357199135339904, "power_cost": 12.244251342773438, "noise_cost": 11.293913342097278, "n_waypoints_completed": 9, "tot_waypoints": 9}}
{"target": -1320.870683228338, "params": {"k_pid_pos": [1.4698128353043505, 0.024859491386256316, 0.11401919133455096], "k_pid_alt": [1.2679502233621702, 0.0, 0.1], "k_pid_att": [43.948176657889235, 3.7802132718527557, 0.9274604585040267], "k_pid_yaw": [0.5, 1e-06, 0.1], "k_pid_hsp": [1.0, 0.01, 0.7369236472772692], "k_pid_vsp": [111.20884264032553, 102.7157397860675, 282.7775858945575]}, "datetime": {"datetime": "2025-08-20 16:46:43", "elapsed": 17657.73310828209, "delta": 22.41743040084839}, "costs": {"total_cost": 1320.870683228338, "time_cost": 150, "final_distance_cost": 77.60972181369105, "oscillation_cost": 215.00714262090204, "completition_cost": 777.7777777777778, "overshoot_cost": 56.720732073149904, "power_cost": 24.4422751953125, "noise_cost": 19.313033747504722, "n_waypoints_completed": 2, "tot_waypoints": 9}}
