{"target": -180.82633189952398, "params": {"k_pid_pos": [1.4698128353043505, 0.024859491386256316, 0.11401919133455096], "k_pid_alt": [1.2679502233621702, 0.0, 0.1], "k_pid_att": [43.948176657889235, 3.7802132718527557, 0.9274604585040267], "k_pid_yaw": [0.5, 1e-06, 0.1], "k_pid_hsp": [1.0, 0.01, 0.01], "k_pid_vsp": [111.20884264032553, 93.09285943774285, 1.0]}, "datetime": {"datetime": "2025-08-20 15:45:45", "elapsed": 14000.069997549057, "delta": 15.917552709579468}, "costs": {"total_cost": 180.82633189952398, "time_cost": 68.456, "final_distance_cost": 1.8129035550535026, "oscillation_cost": 37.19502557670047, "completition_cost": 0.0, "overshoot_cost": 50.071586228309805, "power_cost": 12.12881405029297, "noise_cost": 11.162002489167234, "n_waypoints_completed": 9, "tot_waypoints": 9}}
{"target": -180.82633189952398, "params": {"k_pid_pos": [1.4698128353043505, 0.024859491386256316, 0.11401919133455096], "k_pid_alt": [1.2679502233621702, 0.0, 0.1], "k_pid_att": [43.948176657889235, 3.7802132718527557, 0.9274604585040267], "k_pid_yaw": [0.5, 1e-06, 0.1], "k_pid_hsp": [1.0, 0.01, 0.01], "k_pid_vsp": [111.20884264032553, 93.09285943774285, 1.0]}, "datetime": {"datetime": "2025-08-20 15:46:00", "elapsed": 14015.253868579865, "delta": 15.183871030807495}, "costs": {"total_cost": 180.82633189952398, "time_cost": 68.456, "final_distance_cost": 1.8129035550535026, "oscillation_cost": 37.19502557670047, "completition_cost": 0.0, "overshoot_cost": 50.071586228309805, "power_cost": 12.12881405029297, "noise_cost": 11.162002489167234, "n_waypoints_completed": 9, "tot_waypoints": 9}}
{"target": -182.5295491738134, "params": {"k_pid_pos": [1.4698128353043505, 0.024859491386256316, 0.8100884609760892], "k_pid_alt": [1.2679502233621702, 0.0, 0.1], "k_pid_att": [43.948176657889235, 3.7802132718527557, 0.9274604585040267], "k_pid_yaw": [0.5, 1e-06, 0.1], "k_pid_hsp": [2.575161370303539, 0.01, 0.01], "k_pid_vsp": [111.20884264032553, 93.09285943774285, 1.0]}, "datetime": {"datetime": "2025-08-20 15:46:16", "elapsed": 14030.92109799385, "delta": 15.667229413986206}, "costs": {"total_cost": 182.5295491738134, "time_cost": 71.032, "final_distance_cost": 1.8416918285868196, "oscillation_cost": 36.79501989953958, "completition_cost": 0.0, "overshoot_cost": 49.57982520265815, "power_cost": 11.69966434326172, "noise_cost": 11.581347899767108, "n_waypoints_completed": 9, "tot_waypoints": 9}}
{"target": -180.97553297343384, "params": {"k_pid_pos": [1.4698128353043505, 0.024859491386256316, 0.11401919133455096], "k_pid_alt": [1.2679502233621702, 0.0, 0.1], "k_pid_att": [43.948176657889235, 3.7802132718527557, 0.6559199499296157], "k_pid_yaw": [0.5, 1e-06, 0.1], "k_pid_hsp": [1.0, 0.01, 0.01], "k_pid_vsp": [111.20884264032553, 93.09285943774285, 1.0]}, "datetime": {"datetime": "2025-08-20 15:46:31", "elapsed": 14045.722324609756, "delta": 14.801226615905762}, "costs": {"total_cost": 180.97553297343384, "time_cost": 68.456, "final_distance_cost": 1.808258288252867, "oscillation_cost": 37.08700429738366, "completition_cost": 0.0, "overshoot_cost": 50.005551013875376, "power_cost": 12.378533935546876, "noise_cost": 11.240185438375091, "n_waypoints_completed": 9, "tot_waypoints": 9}}
{"target": -211.33162595557104, "params": {"k_pid_pos": [1.4698128353043505, 0.024859491386256316, 0.11401919133455096], "k_pid_alt": [1.3330929626588723, 0.7870035212722968, 0.1], "k_pid_att": [43.948176657889235, 3.7802132718527557, 0.9274604585040267], "k_pid_yaw": [0.5, 1e-06, 0.1], "k_pid_hsp": [5.96863719712635, 0.01, 0.01], "k_pid_vsp": [111.20884264032553, 93.09285943774285, 1.0]}, "datetime": {"datetime": "2025-08-20 15:46:48", "elapsed": 14063.373022079468, "delta": 17.650697469711304}, "costs": {"total_cost": 211.33162595557104, "time_cost": 78.808, "final_distance_cost": 1.7253383815303378, "oscillation_cost": 53.31870595663883, "completition_cost": 0.0, "overshoot_cost": 52.29249864140652, "power_cost": 13.344700512695313, "noise_cost": 11.842382463300034, "n_waypoints_completed": 9, "tot_waypoints": 9}}
{"target": -182.5295491738134, "params": {"k_pid_pos": [1.4698128353043505, 0.024859491386256316, 0.8100884609760892], "k_pid_alt": [1.2679502233621702, 0.0, 0.1], "k_pid_att": [43.948176657889235, 3.7802132718527557, 0.9274604585040267], "k_pid_yaw": [0.5, 1e-06, 0.1], "k_pid_hsp": [2.575161370303539, 0.01, 0.01], "k_pid_vsp": [111.20884264032553, 93.09285943774285, 1.0]}, "datetime": {"datetime": "2025-08-20 15:47:05", "elapsed": 14079.540232181549, "delta": 16.1672101020813}, "costs": {"total_cost": 182.5295491738134, "time_cost": 71.032, "final_distance_cost": 1.8416918285868196, "oscillation_cost": 36.79501989953958, "completition_cost": 0.0, "overshoot_cost": 49.57982520265815, "power_cost": 11.69966434326172, "noise_cost": 11.581347899767108, "n_waypoints_completed": 9, "tot_waypoints": 9}}
{"target": -183.392840777932, "params": {"k_pid_pos": [1.4698128353043505, 0.024859491386256316, 0.11401919133455096], "k_pid_alt": [1.2679502233621702, 0.0, 0.1], "k_pid_att": [43.948176657889235, 3.7802132718527557, 0.6556425588286899], "k_pid_yaw": [0.5, 1e-06, 0.1], "k_pid_hsp": [1.0, 0.01, 0.01], "k_pid_vsp": [111.20884264032553, 57.129046615745594, 1.0]}, "datetime": {"datetime": "2025-08-20 15:47:19", "elapsed": 14094.424555301666, "delta": 14.884323120117188}, "costs": {"total_cost": 183.392840777932, "time_cost": 68.592, "final_distance_cost": 1.806762127875877, "oscillation_cost": 38.363260570129775, "completition_cost": 0.0, "overshoot_cost": 50.686088310927666, "power_cost": 12.648277209472656, "noise_cost": 11.296452559526042, "n_waypoints_completed": 9, "tot_waypoints": 9}}
{"target": -181.44439595217506, "params": {"k_pid_pos": [1.4698128353043505, 0.024859491386256316, 0.11401919133455096], "k_pid_alt": [1.2679502233621702, 0.0, 0.1], "k_pid_att": [43.948176657889235, 0.18205753750414305, 0.9274604585040267], "k_pid_yaw": [0.5, 1e-06, 0.1], "k_pid_hsp": [1.0, 0.01, 0.01], "k_pid_vsp": [111.20884264032553, 93.09285943774285, 1.0]}, "datetime": {"datetime": "2025-08-20 15:47:34", "elapsed": 14109.441937685013, "delta": 15.017382383346558}, "costs": {"total_cost": 181.44439595217506, "time_cost": 68.52, "final_distance_cost": 1.8129851390213318, "oscillation_cost": 37.442423075445866, "completition_cost": 0.0, "overshoot_cost": 50.19150424210218, "power_cost": 12.2890537109375, "noise_cost": 11.188429784668172, "n_waypoints_completed": 9, "tot_waypoints": 9}}
{"target": -180.82633189952398, "params": {"k_pid_pos": [1.4698128353043505, 0.024859491386256316, 0.11401919133455096], "k_pid_alt": [1.2679502233621702, 0.0, 0.1], "k_pid_att": [43.948176657889235, 3.7802132718527557, 0.9274604585040267], "k_pid_yaw": [0.5, 1e-06, 0.1], "k_pid_hsp": [1.0, 0.01, 0.01], "k_pid_vsp": [111.20884264032553, 93.09285943774285, 1.0]}, "datetime": {"datetime": "2025-08-20 15:47:50", "elapsed": 14124.775869607925, "delta": 15.333931922912598}, "costs": {"total_cost": 180.82633189952398, "time_cost": 68.456, "final_distance_cost": 1.8129035550535026, "oscillation_cost": 37.19502557670047, "completition_cost": 0.0, "overshoot_cost": 50.071586228309805, "power_cost": 12.12881405029297, "noise_cost": 11.162002489167234, "n_waypoints_completed": 9, "tot_waypoints": 9}}
{"target": -225.92187958383667, "params": {"k_pid_pos": [1.4698128353043505, 0.024859491386256316, 0.025149501090233062], "k_pid_alt": [1.2679502233621702, 0.12488734511065003, 0.1], "k_pid_att": [43.948176657889235, 0.18205753750414305, 0.9274604585040267], "k_pid_yaw": [0.5, 1e-06, 0.1], "k_pid_hsp": [1.0, 0.24371102717533222, 0.01], "k_pid_vsp": [111.20884264032553, 93.09285943774285, 1.0]}, "datetime": {"datetime": "2025-08-20 15:48:09", "elapsed": 14143.97684955597, "delta": 19.200979948043823}, "costs": {"total_cost": 225.92187958383667, "time_cost": 85.28, "final_distance_cost": 1.7717517128663691, "oscillation_cost": 58.85894107824026, "completition_cost": 0.0, "overshoot_cost": 51.164745971456476, "power_cost": 15.472624755859377, "noise_cost": 13.373816065414163, "n_waypoints_completed": 9, "tot_waypoints": 9}}
{"target": -220.86721301229605, "params": {"k_pid_pos": [1.4698128353043505, 0.024859491386256316, 0.11401919133455096], "k_pid_alt": [1.2679502233621702, 0.8508808097559035, 0.1], "k_pid_att": [43.948176657889235, 3.7802132718527557, 0.1432438844471683], "k_pid_yaw": [0.5, 1e-06, 0.1], "k_pid_hsp": [1.0, 0.01, 0.01], "k_pid_vsp": [86.28438231591274, 93.09285943774285, 1.0]}, "datetime": {"datetime": "2025-08-20 15:48:27", "elapsed": 14162.01141500473, "delta": 18.034565448760986}, "costs": {"total_cost": 220.86721301229605, "time_cost": 83.008, "final_distance_cost": 1.78050538365449, "oscillation_cost": 54.372951624319825, "completition_cost": 0.0, "overshoot_cost": 53.79741354904571, "power_cost": 15.07736414794922, "noise_cost": 12.830978307326804, "n_waypoints_completed": 9, "tot_waypoints": 9}}
{"target": -180.82633189952398, "params": {"k_pid_pos": [1.4698128353043505, 0.024859491386256316, 0.11401919133455096], "k_pid_alt": [1.2679502233621702, 0.0, 0.1], "k_pid_att": [43.948176657889235, 3.7802132718527557, 0.9274604585040267], "k_pid_yaw": [0.5, 1e-06, 0.1], "k_pid_hsp": [1.0, 0.01, 0.01], "k_pid_vsp": [111.20884264032553, 93.09285943774285, 1.0]}, "datetime": {"datetime": "2025-08-20 15:48:48", "elapsed": 14182.704384565353, "delta": 20.69296956062317}, "costs": {"total_cost": 180.82633189952398, "time_cost": 68.456, "final_distance_cost": 1.8129035550535026, "oscillation_cost": 37.19502557670047, "completition_cost": 0.0, "overshoot_cost": 50.071586228309805, "power_cost": 12.12881405029297, "noise_cost": 11.162002489167234, "n_waypoints_completed": 9, "tot_waypoints": 9}}
{"target": -183.65535531367323, "params": {"k_pid_pos": [0.9382506112798048, 0.024859491386256316, 0.11401919133455096], "k_pid_alt": [1.2679502233621702, 0.0, 0.1], "k_pid_att": [43.948176657889235, 8.039636722459171, 0.8792759721912583], "k_pid_yaw": [0.5, 1e-06, 0.1], "k_pid_hsp": [1.212585439599864, 0.01, 0.01], "k_pid_vsp": [111.20884264032553, 93.09285943774285, 1.0]}, "datetime": {"datetime": "2025-08-20 15:49:04", "elapsed": 14198.930900812149, "delta": 16.226516246795654}, "costs": {"total_cost": 183.65535531367323, "time_cost": 70.768, "final_distance_cost": 1.836310482666286, "oscillation_cost": 36.43408629741124, "completition_cost": 0.0, "overshoot_cost": 50.06275450363134, "power_cost": 12.680411718750001, "noise_cost": 11.87379231121435, "n_waypoints_completed": 9, "tot_waypoints": 9}}
{"target": -206.44770148871697, "params": {"k_pid_pos": [0.3872541593407814, 0.024859491386256316, 0.11401919133455096], "k_pid_alt": [1.1171055843486601, 0.0, 0.1], "k_pid_att": [43.948176657889235, 3.7802132718527557, 0.9274604585040267], "k_pid_yaw": [0.5, 1e-06, 0.1], "k_pid_hsp": [1.0, 0.01, 0.01], "k_pid_vsp": [111.20884264032553, 87.58200976551859, 1.0]}, "datetime": {"datetime": "2025-08-20 15:49:23", "elapsed": 14218.465322494507, "delta": 19.534421682357788}, "costs": {"total_cost": 206.44770148871697, "time_cost": 89.968, "final_distance_cost": 1.8544557580553485, "oscillation_cost": 31.13479909821037, "completition_cost": 0.0, "overshoot_cost": 53.13561303581279, "power_cost": 15.068237768554688, "noise_cost": 15.28659582808376, "n_waypoints_completed": 9, "tot_waypoints": 9}}
{"target": -182.1359887099476, "params": {"k_pid_pos": [1.4698128353043505, 0.024859491386256316, 0.11401919133455096], "k_pid_alt": [1.2679502233621702, 0.0, 0.1], "k_pid_att": [43.948176657889235, 3.7802132718527557, 0.6426065009168366], "k_pid_yaw": [0.5, 1e-06, 0.1], "k_pid_hsp": [1.0, 0.01, 0.01], "k_pid_vsp": [111.20884264032553, 93.09285943774285, 1.0]}, "datetime": {"datetime": "2025-08-20 15:49:39", "elapsed": 14233.59917640686, "delta": 15.133853912353516}, "costs": {"total_cost": 182.1359887099476, "time_cost": 68.512, "final_distance_cost": 1.77882657789658, "oscillation_cost": 37.940775906674496, "completition_cost": 0.0, "overshoot_cost": 50.32893666876488, "power_cost": 12.385345556640626, "noise_cost": 11.190103999971013, "n_waypoints_completed": 9, "tot_waypoints": 9}}
{"target": -181.10134519240518, "params": {"k_pid_pos": [1.4698128353043505, 0.024859491386256316, 0.15676371154545432], "k_pid_alt": [1.2679502233621702, 0.0, 0.1], "k_pid_att": [43.948176657889235, 0.18205753750414305, 0.9274604585040267], "k_pid_yaw": [0.5, 1e-06, 0.1], "k_pid_hsp": [1.0, 0.01, 0.01], "k_pid_vsp": [111.20884264032553, 93.09285943774285, 1.0]}, "datetime": {"datetime": "2025-08-20 15:49:54", "elapsed": 14248.64995598793, "delta": 15.050779581069946}, "costs": {"total_cost": 181.10134519240518, "time_cost": 68.60000000000001, "final_distance_cost": 1.7871778726969938, "oscillation_cost": 36.80655691451132, "completition_cost": 0.0, "overshoot_cost": 50.29524948262838, "power_cost": 12.424139233398439, "noise_cost": 11.188221689170048, "n_waypoints_completed": 9, "tot_waypoints": 9}}
{"target": -181.03441393112246, "params": {"k_pid_pos": [1.4698128353043505, 0.024859491386256316, 0.11401919133455096], "k_pid_alt": [1.2679502233621702, 0.0, 0.07734400225577898], "k_pid_att": [43.948176657889235, 3.7802132718527557, 0.9274604585040267], "k_pid_yaw": [0.5, 1e-06, 0.1], "k_pid_hsp": [1.0, 0.01, 0.01], "k_pid_vsp": [111.20884264032553, 93.09285943774285, 1.0]}, "datetime": {"datetime": "2025-08-20 15:50:09", "elapsed": 14263.633965969086, "delta": 14.984009981155396}, "costs": {"total_cost": 181.03441393112246, "time_cost": 68.432, "final_distance_cost": 1.814791643829905, "oscillation_cost": 37.08059539307657, "completition_cost": 0.0, "overshoot_cost": 49.96268366014078, "power_cost": 12.444757739257813, "noise_cost": 11.299585494817352, "n_waypoints_completed": 9, "tot_waypoints": 9}}
{"target": -184.97664022718735, "params": {"k_pid_pos": [1.4698128353043505, 0.024859491386256316, 0.11401919133455096], "k_pid_alt": [1.2679502233621702, 0.0, 0.7749404481107842], "k_pid_att": [43.948176657889235, 3.7802132718527557, 0.9274604585040267], "k_pid_yaw": [0.5, 1e-06, 0.1], "k_pid_hsp": [1.0, 0.01, 0.01], "k_pid_vsp": [111.20884264032553, 93.09285943774285, 1.0]}, "datetime": {"datetime": "2025-08-20 15:50:24", "elapsed": 14279.251530647278, "delta": 15.617564678192139}, "costs": {"total_cost": 184.97664022718735, "time_cost": 70.824, "final_distance_cost": 1.8038606240463033, "oscillation_cost": 37.77040081241388, "completition_cost": 0.0, "overshoot_cost": 50.456112679927976, "power_cost": 12.695230383300782, "noise_cost": 11.427035727498394, "n_waypoints_completed": 9, "tot_waypoints": 9}}
{"target": -181.44439595217506, "params": {"k_pid_pos": [1.4698128353043505, 0.024859491386256316, 0.11401919133455096], "k_pid_alt": [1.2679502233621702, 0.0, 0.1], "k_pid_att": [43.948176657889235, 0.18205753750414305, 0.9274604585040267], "k_pid_yaw": [0.5, 1e-06, 0.1], "k_pid_hsp": [1.0, 0.01, 0.01], "k_pid_vsp": [111.20884264032553, 93.09285943774285, 1.0]}, "datetime": {"datetime": "2025-08-20 15:50:40", "elapsed": 14294.89187169075, "delta": 15.64034104347229}, "costs": {"total_cost": 181.44439595217506, "time_cost": 68.52, "final_distance_cost": 1.8129851390213318, "oscillation_cost": 37.442423075445866, "completition_cost": 0.0, "overshoot_cost": 50.19150424210218, "power_cost": 12.2890537109375, "noise_cost": 11.188429784668172, "n_waypoints_completed": 9, "tot_waypoints": 9}}
{"target": -181.08705898682592, "params": {"k_pid_pos": [1.4698128353043505, 0.024859491386256316, 0.11401919133455096], "k_pid_alt": [1.2679502233621702, 0.0, 0.1], "k_pid_att": [43.948176657889235, 5.075554186145011, 0.9274604585040267], "k_pid_yaw": [0.5, 1e-06, 0.1], "k_pid_hsp": [1.0, 0.01, 0.01], "k_pid_vsp": [111.20884264032553, 93.09285943774285, 1.0]}, "datetime": {"datetime": "2025-08-20 15:50:55", "elapsed": 14309.953157424927, "delta": 15.061285734176636}, "costs": {"total_cost": 181.08705898682592, "time_cost": 68.44800000000001, "final_distance_cost": 1.7910820592901149, "oscillation_cost": 37.38726864756629, "completition_cost": 0.0, "overshoot_cost": 49.96758379261781, "power_cost": 12.240859582519532, "noise_cost": 11.252264904832183, "n_waypoints_completed": 9, "tot_waypoints": 9}}
{"target": -213.07287849097443, "params": {"k_pid_pos": [1.4698128353043505, 0.024859491386256316, 0.11401919133455096], "k_pid_alt": [1.2693649380879928, 0.07699080812060333, 0.1], "k_pid_att": [43.948176657889235, 3.7802132718527557, 0.9274604585040267], "k_pid_yaw": [0.5, 1e-06, 0.1], "k_pid_hsp": [1.0, 0.01, 0.01], "k_pid_vsp": [111.20884264032553, 93.09285943774285, 1.0]}, "datetime": {"datetime": "2025-08-20 15:51:16", "elapsed": 14331.387441396713, "delta": 21.4342839717865}, "costs": {"total_cost": 213.07287849097443, "time_cost": 84.85600000000001, "final_distance_cost": 1.7838403863345498, "oscillation_cost": 46.86078968074822, "completition_cost": 0.0, "overshoot_cost": 51.834617948398126, "power_cost": 14.727978283691407, "noise_cost": 13.009652191802132, "n_waypoints_completed": 9, "tot_waypoints": 9}}
{"target": -183.38753032473448, "params": {"k_pid_pos": [1.4698128353043505, 0.024859491386256316, 0.07188833330086031], "k_pid_alt": [1.2679502233621702, 0.0, 0.1], "k_pid_att": [59.20080306752875, 3.7802132718527557, 0.9274604585040267], "k_pid_yaw": [0.5, 1e-06, 0.1], "k_pid_hsp": [1.0, 0.01, 0.01], "k_pid_vsp": [111.20884264032553, 93.09285943774285, 1.0]}, "datetime": {"datetime": "2025-08-20 15:51:33", "elapsed": 14348.454884290695, "delta": 17.067442893981934}, "costs": {"total_cost": 183.38753032473448, "time_cost": 68.496, "final_distance_cost": 1.7887454689990956, "oscillation_cost": 38.744696932102734, "completition_cost": 0.0, "overshoot_cost": 50.54345077371302, "power_cost": 12.532670666503908, "noise_cost": 11.281966483415703, "n_waypoints_completed": 9, "tot_waypoints": 9}}
{"target": -186.72742792100286, "params": {"k_pid_pos": [1.4698128353043505, 0.024859491386256316, 0.8100884609760892], "k_pid_alt": [1.2679502233621702, 0.0, 0.1], "k_pid_att": [43.948176657889235, 3.7802132718527557, 0.9274604585040267], "k_pid_yaw": [0.5, 1e-06, 0.1], "k_pid_hsp": [3.695059850535367, 0.3950134039208921, 0.01], "k_pid_vsp": [111.20884264032553, 27.814187934262186, 1.0]}, "datetime": {"datetime": "2025-08-20 15:51:49", "elapsed": 14364.455396652222, "delta": 16.00051236152649}, "costs": {"total_cost": 186.72742792100286, "time_cost": 70.872, "final_distance_cost": 1.8530821199133811, "oscillation_cost": 41.00701516850604, "completition_cost": 0.0, "overshoot_cost": 49.86723338589196, "power_cost": 11.52869521484375, "noise_cost": 11.599402031847717, "n_waypoints_completed": 9, "tot_waypoints": 9}}
{"target": -215.51735170088483, "params": {"k_pid_pos": [1.4698128353043505, 0.024859491386256316, 0.11401919133455096], "k_pid_alt": [1.2679502233621702, 0.7495071381000086, 0.1], "k_pid_att": [43.948176657889235, 3.7802132718527557, 0.9274604585040267], "k_pid_yaw": [0.5, 1e-06, 0.1], "k_pid_hsp": [6.276831608809586, 0.01, 0.01], "k_pid_vsp": [111.20884264032553, 93.09285943774285, 1.0]}, "datetime": {"datetime": "2025-08-20 15:52:08", "elapsed": 14382.539888858795, "delta": 18.084492206573486}, "costs": {"total_cost": 215.51735170088483, "time_cost": 78.856, "final_distance_cost": 1.7899803940947878, "oscillation_cost": 57.78576752680537, "completition_cost": 0.0, "overshoot_cost": 52.27789543442545, "power_cost": 13.062360314941406, "noise_cost": 11.745348030617823, "n_waypoints_completed": 9, "tot_waypoints": 9}}
{"target": -182.5295491738134, "params": {"k_pid_pos": [1.4698128353043505, 0.024859491386256316, 0.8100884609760892], "k_pid_alt": [1.2679502233621702, 0.0, 0.1], "k_pid_att": [43.948176657889235, 3.7802132718527557, 0.9274604585040267], "k_pid_yaw": [0.5, 1e-06, 0.1], "k_pid_hsp": [2.575161370303539, 0.01, 0.01], "k_pid_vsp": [111.20884264032553, 93.09285943774285, 1.0]}, "datetime": {"datetime": "2025-08-20 15:52:23", "elapsed": 14398.474102020264, "delta": 15.934213161468506}, "costs": {"total_cost": 182.5295491738134, "time_cost": 71.032, "final_distance_cost": 1.8416918285868196, "oscillation_cost": 36.79501989953958, "completition_cost": 0.0, "overshoot_cost": 49.57982520265815, "power_cost": 11.69966434326172, "noise_cost": 11.581347899767108, "n_waypoints_completed": 9, "tot_waypoints": 9}}
{"target": -182.09554353810594, "params": {"k_pid_pos": [1.4698128353043505, 0.024859491386256316, 0.11401919133455096], "k_pid_alt": [1.408510096659571, 0.0, 0.1], "k_pid_att": [43.948176657889235, 2.057470297840489, 0.9274604585040267], "k_pid_yaw": [0.5, 1e-06, 0.1], "k_pid_hsp": [1.0, 0.01, 0.01], "k_pid_vsp": [146.93843233531743, 93.09285943774285, 1.0]}, "datetime": {"datetime": "2025-08-20 15:52:39", "elapsed": 14414.024675369263, "delta": 15.550573348999023}, "costs": {"total_cost": 182.09554353810594, "time_cost": 68.34400000000001, "final_distance_cost": 1.7879178776556701, "oscillation_cost": 37.796722830191825, "completition_cost": 0.0, "overshoot_cost": 50.355469933803754, "power_cost": 12.562472338867188, "noise_cost": 11.248960557587472, "n_waypoints_completed": 9, "tot_waypoints": 9}}
{"target": -184.64490333136473, "params": {"k_pid_pos": [1.3927914940736073, 0.024859491386256316, 0.11401919133455096], "k_pid_alt": [1.9792988987850082, 0.0, 0.1], "k_pid_att": [43.948176657889235, 3.7802132718527557, 0.6559199499296157], "k_pid_yaw": [0.5, 1e-06, 0.1], "k_pid_hsp": [1.0, 0.01, 0.01], "k_pid_vsp": [111.20884264032553, 59.82240868669444, 1.0]}, "datetime": {"datetime": "2025-08-20 15:52:56", "elapsed": 14431.034930467606, "delta": 17.010255098342896}, "costs": {"total_cost": 184.64490333136473, "time_cost": 68.808, "final_distance_cost": 1.8198899190054383, "oscillation_cost": 39.11460989555984, "completition_cost": 0.0, "overshoot_cost": 50.66986152460879, "power_cost": 12.796840307617188, "noise_cost": 11.435701684573472, "n_waypoints_completed": 9, "tot_waypoints": 9}}
