{"target": -180.4586778981898, "params": {"k_pid_pos": [1.4698128353043505, 0.024859491386256316, 0.11401919133455096], "k_pid_alt": [1.2679502233621702, 0.0, 0.1], "k_pid_att": [43.948176657889235, 3.7802132718527557, 0.9274604585040267], "k_pid_yaw": [0.5, 1e-06, 0.1], "k_pid_hsp": [1.0, 0.01, 0.01], "k_pid_vsp": [111.20884264032553, 102.7157397860675, 1.0]}, "datetime": {"datetime": "2025-08-20 17:10:36", "elapsed": 19091.16679239273, "delta": 15.900881052017212}, "costs": {"total_cost": 180.4586778981898, "time_cost": 68.456, "final_distance_cost": 1.8018656610788988, "oscillation_cost": 36.88102645014415, "completition_cost": 0.0, "overshoot_cost": 49.96291084832555, "power_cost": 12.191933203125, "noise_cost": 11.164941735516203, "n_waypoints_completed": 9, "tot_waypoints": 9}}
{"target": -183.2238762330652, "params": {"k_pid_pos": [1.4698128353043505, 0.024859491386256316, 0.11401919133455096], "k_pid_alt": [1.2679502233621702, 0.0, 0.3533802069130071], "k_pid_att": [43.948176657889235, 3.7802132718527557, 0.9274604585040267], "k_pid_yaw": [0.5, 1e-06, 0.1], "k_pid_hsp": [1.0, 0.01, 0.01], "k_pid_vsp": [111.20884264032553, 102.7157397860675, 1.0]}, "datetime": {"datetime": "2025-08-20 17:10:51", "elapsed": 19106.272341251373, "delta": 15.105548858642578}, "costs": {"total_cost": 183.2238762330652, "time_cost": 69.21600000000001, "final_distance_cost": 1.794558115270175, "oscillation_cost": 38.08484964601813, "completition_cost": 0.0, "overshoot_cost": 50.18712060900952, "power_cost": 12.609522668457032, "noise_cost": 11.331825194310333, "n_waypoints_completed": 9, "tot_waypoints": 9}}
{"target": -180.40810129406827, "params": {"k_pid_pos": [1.4698128353043505, 0.024859491386256316, 0.11401919133455096], "k_pid_alt": [1.2679502233621702, 0.0, 0.1], "k_pid_att": [43.948176657889235, 3.7802132718527557, 0.9274604585040267], "k_pid_yaw": [0.5, 1e-06, 0.1], "k_pid_hsp": [2.395389635608916, 0.01, 0.01], "k_pid_vsp": [111.20884264032553, 102.7157397860675, 1.0]}, "datetime": {"datetime": "2025-08-20 17:11:07", "elapsed": 19121.881417751312, "delta": 15.609076499938965}, "costs": {"total_cost": 180.40810129406827, "time_cost": 68.656, "final_distance_cost": 1.7855036050235287, "oscillation_cost": 37.645407527558994, "completition_cost": 0.0, "overshoot_cost": 49.9598019448747, "power_cost": 11.380489074707032, "noise_cost": 10.980899141904002, "n_waypoints_completed": 9, "tot_waypoints": 9}}
{"target": -180.4586778981898, "params": {"k_pid_pos": [1.4698128353043505, 0.024859491386256316, 0.11401919133455096], "k_pid_alt": [1.2679502233621702, 0.0, 0.1], "k_pid_att": [43.948176657889235, 3.7802132718527557, 0.9274604585040267], "k_pid_yaw": [0.5, 1e-06, 0.1], "k_pid_hsp": [1.0, 0.01, 0.01], "k_pid_vsp": [111.20884264032553, 102.7157397860675, 1.0]}, "datetime": {"datetime": "2025-08-20 17:11:23", "elapsed": 19137.552713632584, "delta": 15.671295881271362}, "costs": {"total_cost": 180.4586778981898, "time_cost": 68.456, "final_distance_cost": 1.8018656610788988, "oscillation_cost": 36.88102645014415, "completition_cost": 0.0, "overshoot_cost": 49.96291084832555, "power_cost": 12.191933203125, "noise_cost": 11.164941735516203, "n_waypoints_completed": 9, "tot_waypoints": 9}}
{"target": -180.4586778981898, "params": {"k_pid_pos": [1.4698128353043505, 0.024859491386256316, 0.11401919133455096], "k_pid_alt": [1.2679502233621702, 0.0, 0.1], "k_pid_att": [43.948176657889235, 3.7802132718527557, 0.9274604585040267], "k_pid_yaw": [0.5, 1e-06, 0.1], "k_pid_hsp": [1.0, 0.01, 0.01], "k_pid_vsp": [111.20884264032553, 102.7157397860675, 1.0]}, "datetime": {"datetime": "2025-08-20 17:11:38", "elapsed": 19153.203093528748, "delta": 15.65037989616394}, "costs": {"total_cost": 180.4586778981898, "time_cost": 68.456, "final_distance_cost": 1.8018656610788988, "oscillation_cost": 36.88102645014415, "completition_cost": 0.0, "overshoot_cost": 49.96291084832555, "power_cost": 12.191933203125, "noise_cost": 11.164941735516203, "n_waypoints_completed": 9, "tot_waypoints": 9}}
{"target": -769.1750236730467, "params": {"k_pid_pos": [1.4698128353043505, 0.024859491386256316, 0.11401919133455096], "k_pid_alt": [1.2679502233621702, 0.0, 0.1], "k_pid_att": [43.948176657889235, 3.7802132718527557, 0.2049938029151538], "k_pid_yaw": [0.5, 1e-06, 0.1], "k_pid_hsp": [1.0, 0.01, 0.9026349469911306], "k_pid_vsp": [241.01872517964944, 102.7157397860675, 1.0]}, "datetime": {"datetime": "2025-08-20 17:12:03", "elapsed": 19177.81347489357, "delta": 24.610381364822388}, "costs": {"total_cost": 769.1750236730467, "time_cost": 150, "final_distance_cost": 65.044226086971, "oscillation_cost": 231.21992598656513, "completition_cost": 222.2222222222222, "overshoot_cost": 64.82695506150937, "power_cost": 19.889897888183594, "noise_cost": 15.97179642759542, "n_waypoints_completed": 7, "tot_waypoints": 9}}
{"target": -190.7454423361055, "params": {"k_pid_pos": [1.4698128353043505, 0.019460639298323645, 0.8017766682930172], "k_pid_alt": [1.2679502233621702, 0.0, 0.7547909499110205], "k_pid_att": [43.948176657889235, 3.7802132718527557, 0.9274604585040267], "k_pid_yaw": [0.5, 1e-06, 0.1], "k_pid_hsp": [2.395389635608916, 0.01, 0.01], "k_pid_vsp": [111.20884264032553, 328.58176268426536, 1.0]}, "datetime": {"datetime": "2025-08-20 17:12:21", "elapsed": 19195.721987962723, "delta": 17.908513069152832}, "costs": {"total_cost": 190.7454423361055, "time_cost": 74.128, "final_distance_cost": 1.8432322716386704, "oscillation_cost": 40.97547847725222, "completition_cost": 0.0, "overshoot_cost": 49.69500220652464, "power_cost": 12.307335449218751, "noise_cost": 11.796393931471226, "n_waypoints_completed": 9, "tot_waypoints": 9}}
{"target": -188.52417322673793, "params": {"k_pid_pos": [1.4531304595830021, 0.024859491386256316, 0.11401919133455096], "k_pid_alt": [1.2679502233621702, 0.0, 0.1], "k_pid_att": [42.28034808905181, 3.7802132718527557, 0.9274604585040267], "k_pid_yaw": [0.5, 1e-06, 0.1], "k_pid_hsp": [6.590021097612566, 0.700413119967275, 0.01], "k_pid_vsp": [284.5460512203246, 93.09285943774285, 1.0]}, "datetime": {"datetime": "2025-08-20 17:12:36", "elapsed": 19210.62287044525, "delta": 14.900882482528687}, "costs": {"total_cost": 188.52417322673793, "time_cost": 68.768, "final_distance_cost": 1.7930160968193316, "oscillation_cost": 45.84259074329243, "completition_cost": 0.0, "overshoot_cost": 49.79739927778882, "power_cost": 11.443657202148438, "noise_cost": 10.879509906688897, "n_waypoints_completed": 9, "tot_waypoints": 9}}
{"target": -227.29330873279397, "params": {"k_pid_pos": [0.9203224573796739, 0.4336784869242679, 0.11401919133455096], "k_pid_alt": [1.102349020346133, 0.778218683794181, 0.1], "k_pid_att": [43.948176657889235, 3.7802132718527557, 0.9274604585040267], "k_pid_yaw": [0.5, 1e-06, 0.1], "k_pid_hsp": [1.0, 0.01, 0.01], "k_pid_vsp": [111.20884264032553, 102.7157397860675, 1.0]}, "datetime": {"datetime": "2025-08-20 17:12:57", "elapsed": 19231.523485422134, "delta": 20.900614976882935}, "costs": {"total_cost": 227.29330873279397, "time_cost": 93.624, "final_distance_cost": 1.7780761991856826, "oscillation_cost": 46.16525218106348, "completition_cost": 0.0, "overshoot_cost": 54.49659735457639, "power_cost": 16.940810119628907, "noise_cost": 14.288572878339556, "n_waypoints_completed": 9, "tot_waypoints": 9}}
{"target": -182.09843460769835, "params": {"k_pid_pos": [1.4698128353043505, 0.024859491386256316, 0.11401919133455096], "k_pid_alt": [1.2679502233621702, 0.0, 0.1], "k_pid_att": [43.948176657889235, 3.7802132718527557, 0.9274604585040267], "k_pid_yaw": [0.5, 1e-06, 0.1], "k_pid_hsp": [1.0, 0.01, 0.01], "k_pid_vsp": [251.5004449007475, 102.7157397860675, 1.0]}, "datetime": {"datetime": "2025-08-20 17:13:12", "elapsed": 19247.257364988327, "delta": 15.733879566192627}, "costs": {"total_cost": 182.09843460769835, "time_cost": 68.664, "final_distance_cost": 1.790464763756692, "oscillation_cost": 37.645245947970174, "completition_cost": 0.0, "overshoot_cost": 50.20776984822555, "power_cost": 12.493804309082032, "noise_cost": 11.297149738663906, "n_waypoints_completed": 9, "tot_waypoints": 9}}
{"target": -180.4586778981898, "params": {"k_pid_pos": [1.4698128353043505, 0.024859491386256316, 0.11401919133455096], "k_pid_alt": [1.2679502233621702, 0.0, 0.1], "k_pid_att": [43.948176657889235, 3.7802132718527557, 0.9274604585040267], "k_pid_yaw": [0.5, 1e-06, 0.1], "k_pid_hsp": [1.0, 0.01, 0.01], "k_pid_vsp": [111.20884264032553, 102.7157397860675, 1.0]}, "datetime": {"datetime": "2025-08-20 17:13:27", "elapsed": 19262.391551971436, "delta": 15.13418698310852}, "costs": {"total_cost": 180.4586778981898, "time_cost": 68.456, "final_distance_cost": 1.8018656610788988, "oscillation_cost": 36.88102645014415, "completition_cost": 0.0, "overshoot_cost": 49.96291084832555, "power_cost": 12.191933203125, "noise_cost": 11.164941735516203, "n_waypoints_completed": 9, "tot_waypoints": 9}}
{"target": -182.33627180398932, "params": {"k_pid_pos": [1.4698128353043505, 0.024859491386256316, 0.11401919133455096], "k_pid_alt": [1.2679502233621702, 0.0, 0.1], "k_pid_att": [43.948176657889235, 3.7802132718527557, 0.9274604585040267], "k_pid_yaw": [0.5, 1e-06, 0.1], "k_pid_hsp": [2.996149354500177, 0.01, 0.01], "k_pid_vsp": [111.20884264032553, 102.7157397860675, 1.0]}, "datetime": {"datetime": "2025-08-20 17:13:43", "elapsed": 19278.10929751396, "delta": 15.717745542526245}, "costs": {"total_cost": 182.33627180398932, "time_cost": 68.696, "final_distance_cost": 1.8000556351783548, "oscillation_cost": 39.3281881307888, "completition_cost": 0.0, "overshoot_cost": 50.1529994614655, "power_cost": 11.394296887207032, "noise_cost": 10.964731689349632, "n_waypoints_completed": 9, "tot_waypoints": 9}}
{"target": -213.6663792848394, "params": {"k_pid_pos": [1.5233419604839473, 0.024859491386256316, 0.5792642345702999], "k_pid_alt": [1.2679502233621702, 0.8453038121781166, 0.1], "k_pid_att": [43.948176657889235, 3.7802132718527557, 0.5315175384971502], "k_pid_yaw": [0.5, 1e-06, 0.1], "k_pid_hsp": [1.0, 0.01, 0.01], "k_pid_vsp": [111.20884264032553, 102.7157397860675, 1.0]}, "datetime": {"datetime": "2025-08-20 17:14:03", "elapsed": 19298.13231563568, "delta": 20.02301812171936}, "costs": {"total_cost": 213.6663792848394, "time_cost": 83.32000000000001, "final_distance_cost": 1.8025166310106309, "oscillation_cost": 47.32171581919621, "completition_cost": 0.0, "overshoot_cost": 53.65352308032485, "power_cost": 14.880547412109376, "noise_cost": 12.688076342198343, "n_waypoints_completed": 9, "tot_waypoints": 9}}
{"target": -195.04649612469586, "params": {"k_pid_pos": [0.9203224573796739, 0.4336784869242679, 0.11401919133455096], "k_pid_alt": [1.2679502233621702, 0.0, 0.1], "k_pid_att": [42.28034808905181, 3.7802132718527557, 0.9274604585040267], "k_pid_yaw": [0.5, 1e-06, 0.1], "k_pid_hsp": [2.395389635608916, 0.01, 0.01], "k_pid_vsp": [111.20884264032553, 102.7157397860675, 1.0]}, "datetime": {"datetime": "2025-08-20 17:14:25", "elapsed": 19319.601423740387, "delta": 21.46910810470581}, "costs": {"total_cost": 195.04649612469586, "time_cost": 77.328, "final_distance_cost": 1.7821502779476441, "oscillation_cost": 38.88720275206422, "completition_cost": 0.0, "overshoot_cost": 51.6145420870595, "power_cost": 13.191987854003907, "noise_cost": 12.242613153620566, "n_waypoints_completed": 9, "tot_waypoints": 9}}
{"target": -191.2952725405913, "params": {"k_pid_pos": [1.4698128353043505, 0.024859491386256316, 0.11401919133455096], "k_pid_alt": [0.9138724434078689, 0.0, 0.1], "k_pid_att": [40.6020781270096, 3.7802132718527557, 0.9274604585040267], "k_pid_yaw": [0.5, 1e-06, 0.1], "k_pid_hsp": [6.590021097612566, 0.01, 0.01], "k_pid_vsp": [36.465762321119, 93.09285943774285, 1.0]}, "datetime": {"datetime": "2025-08-20 17:14:42", "elapsed": 19337.262836933136, "delta": 17.661413192749023}, "costs": {"total_cost": 191.2952725405913, "time_cost": 70.024, "final_distance_cost": 1.7857123731642894, "oscillation_cost": 46.81038277998974, "completition_cost": 0.0, "overshoot_cost": 49.87777745282583, "power_cost": 11.765720471191408, "noise_cost": 11.031679463420039, "n_waypoints_completed": 9, "tot_waypoints": 9}}
{"target": -190.90765534624947, "params": {"k_pid_pos": [1.4698128353043505, 0.024859491386256316, 0.711129639736074], "k_pid_alt": [1.2679502233621702, 0.0, 0.5397139061386238], "k_pid_att": [27.63392213362481, 3.7802132718527557, 0.9274604585040267], "k_pid_yaw": [0.5, 1e-06, 0.1], "k_pid_hsp": [3.7446071307262585, 0.01, 0.01], "k_pid_vsp": [376.5747392387296, 93.09285943774285, 1.0]}, "datetime": {"datetime": "2025-08-20 17:14:59", "elapsed": 19354.083415031433, "delta": 16.82057809829712}, "costs": {"total_cost": 190.90765534624947, "time_cost": 72.632, "final_distance_cost": 1.8504583173573086, "oscillation_cost": 42.58640860158612, "completition_cost": 0.0, "overshoot_cost": 50.37622521618579, "power_cost": 11.802492248535156, "noise_cost": 11.660070962585097, "n_waypoints_completed": 9, "tot_waypoints": 9}}
{"target": -183.80694024256778, "params": {"k_pid_pos": [1.4698128353043505, 0.024859491386256316, 0.07146856680054658], "k_pid_alt": [1.2679502233621702, 0.0, 0.1], "k_pid_att": [43.948176657889235, 3.7802132718527557, 0.9274604585040267], "k_pid_yaw": [0.5, 1e-06, 0.1], "k_pid_hsp": [3.8015553682621426, 0.01, 0.01], "k_pid_vsp": [111.20884264032553, 102.7157397860675, 1.0]}, "datetime": {"datetime": "2025-08-20 17:15:16", "elapsed": 19371.033442497253, "delta": 16.950027465820312}, "costs": {"total_cost": 183.80694024256778, "time_cost": 68.68, "final_distance_cost": 1.7998052657082817, "oscillation_cost": 40.73844223425812, "completition_cost": 0.0, "overshoot_cost": 50.17548682515374, "power_cost": 11.465225231933594, "noise_cost": 10.947980685513999, "n_waypoints_completed": 9, "tot_waypoints": 9}}
{"target": -355.74890291596427, "params": {"k_pid_pos": [1.4531304595830021, 0.024859491386256316, 0.11401919133455096], "k_pid_alt": [1.102349020346133, 0.0, 0.1], "k_pid_att": [43.948176657889235, 3.7802132718527557, 0.9274604585040267], "k_pid_yaw": [0.5, 1e-06, 0.1], "k_pid_hsp": [1.0, 0.01, 0.6286101069088057], "k_pid_vsp": [111.20884264032553, 102.7157397860675, 1.0]}, "datetime": {"datetime": "2025-08-20 17:15:33", "elapsed": 19388.214653253555, "delta": 17.18121075630188}, "costs": {"total_cost": 355.74890291596427, "time_cost": 77.208, "final_distance_cost": 1.7712635620922954, "oscillation_cost": 196.52928287307407, "completition_cost": 0.0, "overshoot_cost": 52.149453921949565, "power_cost": 15.108807263183595, "noise_cost": 12.982095295664733, "n_waypoints_completed": 9, "tot_waypoints": 9}}
{"target": -182.04661362984476, "params": {"k_pid_pos": [1.4698128353043505, 0.024859491386256316, 0.21152287994165886], "k_pid_alt": [1.6586884955541554, 0.0, 0.1], "k_pid_att": [43.948176657889235, 3.7802132718527557, 0.9274604585040267], "k_pid_yaw": [0.5, 1e-06, 0.1], "k_pid_hsp": [1.0, 0.01, 0.01], "k_pid_vsp": [110.56511661686339, 102.7157397860675, 1.0]}, "datetime": {"datetime": "2025-08-20 17:15:48", "elapsed": 19403.190467834473, "delta": 14.975814580917358}, "costs": {"total_cost": 182.04661362984476, "time_cost": 68.392, "final_distance_cost": 1.7967792502081896, "oscillation_cost": 38.50280685842059, "completition_cost": 0.0, "overshoot_cost": 49.842056434817, "power_cost": 12.366397375488281, "noise_cost": 11.146573710910705, "n_waypoints_completed": 9, "tot_waypoints": 9}}
{"target": -347.6384048661479, "params": {"k_pid_pos": [1.4698128353043505, 0.024859491386256316, 0.9667438846137733], "k_pid_alt": [1.6586884955541554, 0.0, 0.1], "k_pid_att": [43.948176657889235, 3.7802132718527557, 0.9274604585040267], "k_pid_yaw": [0.5, 1e-06, 0.1], "k_pid_hsp": [1.0, 0.01, 0.21244868230030445], "k_pid_vsp": [111.20884264032553, 50.87373020527707, 1.0]}, "datetime": {"datetime": "2025-08-20 17:16:07", "elapsed": 19422.288623571396, "delta": 19.098155736923218}, "costs": {"total_cost": 347.6384048661479, "time_cost": 82.032, "final_distance_cost": 1.8009801145416837, "oscillation_cost": 178.77549982199915, "completition_cost": 0.0, "overshoot_cost": 53.471959311161804, "power_cost": 16.85392947998047, "noise_cost": 14.704036138464769, "n_waypoints_completed": 9, "tot_waypoints": 9}}
{"target": -184.38099759826704, "params": {"k_pid_pos": [1.4698128353043505, 0.024859491386256316, 0.11401919133455096], "k_pid_alt": [1.2679502233621702, 0.0, 0.43711858061891895], "k_pid_att": [71.45838630927439, 3.7802132718527557, 0.9274604585040267], "k_pid_yaw": [0.5, 1e-06, 0.1], "k_pid_hsp": [1.0, 0.01, 0.01], "k_pid_vsp": [110.56511661686339, 102.7157397860675, 1.0]}, "datetime": {"datetime": "2025-08-20 17:16:23", "elapsed": 19438.16783118248, "delta": 15.879207611083984}, "costs": {"total_cost": 184.38099759826704, "time_cost": 69.664, "final_distance_cost": 1.8038416620807927, "oscillation_cost": 38.190768412474114, "completition_cost": 0.0, "overshoot_cost": 50.69539639120837, "power_cost": 12.604438122558594, "noise_cost": 11.422553009945158, "n_waypoints_completed": 9, "tot_waypoints": 9}}
{"target": -184.42055032738375, "params": {"k_pid_pos": [1.4698128353043505, 0.024859491386256316, 0.8092599635047751], "k_pid_alt": [1.6586884955541554, 0.0, 0.1], "k_pid_att": [43.948176657889235, 3.7802132718527557, 0.9274604585040267], "k_pid_yaw": [0.5, 1e-06, 0.1], "k_pid_hsp": [1.0, 0.01, 0.01], "k_pid_vsp": [110.56511661686339, 102.7157397860675, 1.0]}, "datetime": {"datetime": "2025-08-20 17:16:39", "elapsed": 19454.12095427513, "delta": 15.953123092651367}, "costs": {"total_cost": 184.42055032738375, "time_cost": 70.912, "final_distance_cost": 1.8472160482913957, "oscillation_cost": 37.43371687043955, "completition_cost": 0.0, "overshoot_cost": 49.7166763898057, "power_cost": 12.573214392089845, "noise_cost": 11.937726626757257, "n_waypoints_completed": 9, "tot_waypoints": 9}}
{"target": -206.53582148656128, "params": {"k_pid_pos": [1.4698128353043505, 0.024859491386256316, 0.21152287994165886], "k_pid_alt": [0.5534725048841671, 0.0, 0.1], "k_pid_att": [20.797377378682224, 3.7802132718527557, 0.9274604585040267], "k_pid_yaw": [0.5, 1e-06, 0.1], "k_pid_hsp": [1.0, 0.637878996824556, 0.01], "k_pid_vsp": [110.56511661686339, 102.7157397860675, 1.0]}, "datetime": {"datetime": "2025-08-20 17:16:56", "elapsed": 19470.994554758072, "delta": 16.873600482940674}, "costs": {"total_cost": 206.53582148656128, "time_cost": 74.672, "final_distance_cost": 1.8600218305736822, "oscillation_cost": 53.74624906654709, "completition_cost": 0.0, "overshoot_cost": 49.577267183856314, "power_cost": 14.354264428710938, "noise_cost": 12.32601897687325, "n_waypoints_completed": 9, "tot_waypoints": 9}}
{"target": -194.08775350373963, "params": {"k_pid_pos": [1.9176378968916694, 0.024859491386256316, 0.11401919133455096], "k_pid_alt": [1.7187705538853828, 0.0, 0.1], "k_pid_att": [43.948176657889235, 3.7802132718527557, 0.06670604035978966], "k_pid_yaw": [0.5, 1e-06, 0.1], "k_pid_hsp": [1.0, 0.01, 0.01], "k_pid_vsp": [111.20884264032553, 102.7157397860675, 1.0]}, "datetime": {"datetime": "2025-08-20 17:17:11", "elapsed": 19486.235887289047, "delta": 15.241332530975342}, "costs": {"total_cost": 194.08775350373963, "time_cost": 68.248, "final_distance_cost": 1.7823953154225438, "oscillation_cost": 51.04359146205037, "completition_cost": 0.0, "overshoot_cost": 49.79041068754586, "power_cost": 12.128248107910157, "noise_cost": 11.095107930810691, "n_waypoints_completed": 9, "tot_waypoints": 9}}
{"target": -908.3178999065808, "params": {"k_pid_pos": [1.4698128353043505, 0.024859491386256316, 0.11401919133455096], "k_pid_alt": [1.2679502233621702, 0.0, 0.3533802069130071], "k_pid_att": [43.948176657889235, 3.7802132718527557, 0.9274604585040267], "k_pid_yaw": [0.5, 1e-06, 0.1], "k_pid_hsp": [1.0, 0.01, 0.01], "k_pid_vsp": [111.20884264032553, 102.7157397860675, 217.31562979670235]}, "datetime": {"datetime": "2025-08-20 17:17:33", "elapsed": 19508.403561353683, "delta": 22.16767406463623}, "costs": {"total_cost": 908.3178999065808, "time_cost": 150, "final_distance_cost": 39.52467512193691, "oscillation_cost": 43.73042076756221, "completition_cost": 555.5555555555555, "overshoot_cost": 82.10377506290772, "power_cost": 19.1300294921875, "noise_cost": 18.273443906430867, "n_waypoints_completed": 4, "tot_waypoints": 9}}
{"target": -230.77228467448865, "params": {"k_pid_pos": [1.4698128353043505, 0.024859491386256316, 0.21152287994165886], "k_pid_alt": [1.6319753356852484, 0.0, 0.5350090938005817], "k_pid_att": [43.948176657889235, 3.7802132718527557, 0.5315175384971502], "k_pid_yaw": [0.5, 1e-06, 0.1], "k_pid_hsp": [1.0, 0.01, 0.11853399466015269], "k_pid_vsp": [63.87935167311278, 175.28714713338795, 1.0]}, "datetime": {"datetime": "2025-08-20 17:17:50", "elapsed": 19524.825922966003, "delta": 16.422361612319946}, "costs": {"total_cost": 230.77228467448865, "time_cost": 76.12, "final_distance_cost": 1.8064928755517964, "oscillation_cost": 74.60321897114633, "completition_cost": 0.0, "overshoot_cost": 51.06395589757212, "power_cost": 14.451639721679689, "noise_cost": 12.726977208538658, "n_waypoints_completed": 9, "tot_waypoints": 9}}
{"target": -187.91935892500416, "params": {"k_pid_pos": [1.4698128353043505, 0.024859491386256316, 0.8657060267562281], "k_pid_alt": [1.6319753356852484, 0.0, 0.1], "k_pid_att": [43.948176657889235, 3.7802132718527557, 0.5315175384971502], "k_pid_yaw": [0.5, 1e-06, 0.1], "k_pid_hsp": [1.0, 0.01, 0.01], "k_pid_vsp": [63.87935167311278, 102.7157397860675, 1.0]}, "datetime": {"datetime": "2025-08-20 17:18:06", "elapsed": 19540.93088197708, "delta": 16.10495901107788}, "costs": {"total_cost": 187.91935892500416, "time_cost": 71.16, "final_distance_cost": 1.8485816594303086, "oscillation_cost": 40.14480893961377, "completition_cost": 0.0, "overshoot_cost": 50.33289637760625, "power_cost": 12.523921838378907, "noise_cost": 11.909150109974936, "n_waypoints_completed": 9, "tot_waypoints": 9}}
