{"target": -197.63182798235914, "params": {"k_pid_pos": [0.7083050082071586, 0.024859491386256316, 0.3434561031905483], "k_pid_alt": [1.2679502233621702, 0.0, 0.1], "k_pid_att": [43.948176657889235, 1.326856224425946, 0.9274604585040267], "k_pid_yaw": [0.5, 1e-06, 0.1], "k_pid_hsp": [2.82373402557605, 0.8779941376805641, 0.01], "k_pid_vsp": [131.157380286128, 102.7157397860675, 1.0]}, "datetime": {"datetime": "2025-08-20 21:53:25", "elapsed": 36059.85668301582, "delta": 18.455450296401978}, "costs": {"total_cost": 197.63182798235914, "time_cost": 79.056, "final_distance_cost": 1.8483604633179889, "oscillation_cost": 40.32838630871612, "completition_cost": 0.0, "overshoot_cost": 50.59588532610096, "power_cost": 12.765017480468751, "noise_cost": 13.03817840375533, "n_waypoints_completed": 9, "tot_waypoints": 9}}
{"target": -225.50008862083263, "params": {"k_pid_pos": [1.4698128353043505, 0.024859491386256316, 0.3434561031905483], "k_pid_alt": [0.3962738159349328, 0.8984722875703363, 0.1], "k_pid_att": [43.948176657889235, 1.326856224425946, 0.9274604585040267], "k_pid_yaw": [0.5, 1e-06, 0.1], "k_pid_hsp": [2.1598229789125103, 0.01, 0.01], "k_pid_vsp": [111.20884264032553, 346.7220933136474, 1.0]}, "datetime": {"datetime": "2025-08-20 21:53:45", "elapsed": 36079.69261646271, "delta": 19.835933446884155}, "costs": {"total_cost": 225.50008862083263, "time_cost": 85.85600000000001, "final_distance_cost": 1.8004893251790741, "oscillation_cost": 50.60670148439186, "completition_cost": 0.0, "overshoot_cost": 59.98462633568319, "power_cost": 14.538785522460937, "noise_cost": 12.713485953117557, "n_waypoints_completed": 9, "tot_waypoints": 9}}
{"target": -177.60937995499717, "params": {"k_pid_pos": [1.4698128353043505, 0.0822904257601288, 0.3434561031905483], "k_pid_alt": [1.2679502233621702, 0.0, 0.1], "k_pid_att": [43.948176657889235, 1.326856224425946, 0.9808211468183533], "k_pid_yaw": [0.5, 1e-06, 0.1], "k_pid_hsp": [2.82373402557605, 0.01, 0.01], "k_pid_vsp": [111.20884264032553, 102.7157397860675, 1.0]}, "datetime": {"datetime": "2025-08-20 21:54:00", "elapsed": 36094.69804430008, "delta": 15.005427837371826}, "costs": {"total_cost": 177.60937995499717, "time_cost": 69.168, "final_distance_cost": 1.8236531971998164, "oscillation_cost": 34.65964045638309, "completition_cost": 0.0, "overshoot_cost": 49.90985172465229, "power_cost": 11.13902373046875, "noise_cost": 10.909210846293195, "n_waypoints_completed": 9, "tot_waypoints": 9}}
{"target": -177.60937995499717, "params": {"k_pid_pos": [1.4698128353043505, 0.0822904257601288, 0.3434561031905483], "k_pid_alt": [1.2679502233621702, 0.0, 0.1], "k_pid_att": [43.948176657889235, 1.326856224425946, 0.9808211468183533], "k_pid_yaw": [0.5, 1e-06, 0.1], "k_pid_hsp": [2.82373402557605, 0.01, 0.01], "k_pid_vsp": [111.20884264032553, 102.7157397860675, 1.0]}, "datetime": {"datetime": "2025-08-20 21:54:16", "elapsed": 36111.041484594345, "delta": 16.343440294265747}, "costs": {"total_cost": 177.60937995499717, "time_cost": 69.168, "final_distance_cost": 1.8236531971998164, "oscillation_cost": 34.65964045638309, "completition_cost": 0.0, "overshoot_cost": 49.90985172465229, "power_cost": 11.13902373046875, "noise_cost": 10.909210846293195, "n_waypoints_completed": 9, "tot_waypoints": 9}}
{"target": -177.6739252695265, "params": {"k_pid_pos": [1.4698128353043505, 0.024859491386256316, 0.3434561031905483], "k_pid_alt": [1.2679502233621702, 0.0, 0.1], "k_pid_att": [43.948176657889235, 1.326856224425946, 0.9274604585040267], "k_pid_yaw": [0.5, 1e-06, 0.1], "k_pid_hsp": [2.82373402557605, 0.01, 0.01], "k_pid_vsp": [111.20884264032553, 102.7157397860675, 1.0]}, "datetime": {"datetime": "2025-08-20 21:54:31", "elapsed": 36126.42870640755, "delta": 15.387221813201904}, "costs": {"total_cost": 177.6739252695265, "time_cost": 69.152, "final_distance_cost": 1.8262656886158488, "oscillation_cost": 34.33594552183275, "completition_cost": 0.0, "overshoot_cost": 50.065815663241324, "power_cost": 11.237653356933594, "noise_cost": 11.056245038902981, "n_waypoints_completed": 9, "tot_waypoints": 9}}
{"target": -177.60937995499717, "params": {"k_pid_pos": [1.4698128353043505, 0.0822904257601288, 0.3434561031905483], "k_pid_alt": [1.2679502233621702, 0.0, 0.1], "k_pid_att": [43.948176657889235, 1.326856224425946, 0.9808211468183533], "k_pid_yaw": [0.5, 1e-06, 0.1], "k_pid_hsp": [2.82373402557605, 0.01, 0.01], "k_pid_vsp": [111.20884264032553, 102.7157397860675, 1.0]}, "datetime": {"datetime": "2025-08-20 21:54:48", "elapsed": 36143.13086915016, "delta": 16.702162742614746}, "costs": {"total_cost": 177.60937995499717, "time_cost": 69.168, "final_distance_cost": 1.8236531971998164, "oscillation_cost": 34.65964045638309, "completition_cost": 0.0, "overshoot_cost": 49.90985172465229, "power_cost": 11.13902373046875, "noise_cost": 10.909210846293195, "n_waypoints_completed": 9, "tot_waypoints": 9}}
{"target": -181.48226914099962, "params": {"k_pid_pos": [1.4698128353043505, 0.024859491386256316, 0.42495672118777295], "k_pid_alt": [1.85112020821355, 0.0, 0.1], "k_pid_att": [43.948176657889235, 4.819059953965517, 0.9808211468183533], "k_pid_yaw": [0.5, 1e-06, 0.1], "k_pid_hsp": [2.82373402557605, 0.01, 0.01], "k_pid_vsp": [111.20884264032553, 102.7157397860675, 1.0]}, "datetime": {"datetime": "2025-08-20 21:55:03", "elapsed": 36157.9841697216, "delta": 14.85330057144165}, "costs": {"total_cost": 181.48226914099962, "time_cost": 69.432, "final_distance_cost": 1.8494044628700113, "oscillation_cost": 37.2586541783679, "completition_cost": 0.0, "overshoot_cost": 50.506913117931454, "power_cost": 11.263135180664063, "noise_cost": 11.172162201166197, "n_waypoints_completed": 9, "tot_waypoints": 9}}
{"target": -181.19901897700018, "params": {"k_pid_pos": [1.4698128353043505, 0.024859491386256316, 0.4406215183689992], "k_pid_alt": [1.2679502233621702, 0.0, 0.1], "k_pid_att": [43.948176657889235, 1.326856224425946, 0.9274604585040267], "k_pid_yaw": [0.5, 1e-06, 0.1], "k_pid_hsp": [2.82373402557605, 0.01, 0.01066281316812523], "k_pid_vsp": [303.00008221409286, 102.7157397860675, 1.0]}, "datetime": {"datetime": "2025-08-20 21:55:20", "elapsed": 36174.83151268959, "delta": 16.84734296798706}, "costs": {"total_cost": 181.19901897700018, "time_cost": 69.808, "final_distance_cost": 1.849686187534947, "oscillation_cost": 37.11331112395584, "completition_cost": 0.0, "overshoot_cost": 50.04923012519773, "power_cost": 11.234037890625, "noise_cost": 11.144753649686654, "n_waypoints_completed": 9, "tot_waypoints": 9}}
{"target": -181.37477210224736, "params": {"k_pid_pos": [1.4698128353043505, 0.024859491386256316, 0.24811529247660413], "k_pid_alt": [1.2331807735298297, 0.0, 0.1], "k_pid_att": [43.948176657889235, 1.326856224425946, 0.9274604585040267], "k_pid_yaw": [0.5, 1e-06, 0.1], "k_pid_hsp": [2.82373402557605, 0.3912790898693519, 0.01], "k_pid_vsp": [111.20884264032553, 102.7157397860675, 1.0]}, "datetime": {"datetime": "2025-08-20 21:55:34", "elapsed": 36189.32228446007, "delta": 14.490771770477295}, "costs": {"total_cost": 181.37477210224736, "time_cost": 68.656, "final_distance_cost": 1.8216910580955845, "oscillation_cost": 38.741153624160916, "completition_cost": 0.0, "overshoot_cost": 49.834112303214006, "power_cost": 11.396144018554688, "noise_cost": 10.925671098222184, "n_waypoints_completed": 9, "tot_waypoints": 9}}
{"target": -1058.743441820561, "params": {"k_pid_pos": [1.4698128353043505, 0.14858559632353818, 0.42495672118777295], "k_pid_alt": [1.85112020821355, 0.0, 0.1], "k_pid_att": [50.43782855084127, 7.335409208074745, 0.9274604585040267], "k_pid_yaw": [0.5, 1e-06, 0.1], "k_pid_hsp": [2.82373402557605, 0.01, 0.01], "k_pid_vsp": [111.20884264032553, 102.7157397860675, 155.14480512508212]}, "datetime": {"datetime": "2025-08-20 21:55:59", "elapsed": 36214.069341897964, "delta": 24.74705743789673}, "costs": {"total_cost": 1058.743441820561, "time_cost": 150, "final_distance_cost": 69.4612841947425, "oscillation_cost": 44.156826249050724, "completition_cost": 666.6666666666667, "overshoot_cost": 73.04718781299316, "power_cost": 32.127832580566405, "noise_cost": 23.283644316541263, "n_waypoints_completed": 3, "tot_waypoints": 9}}
{"target": -308.7707629855342, "params": {"k_pid_pos": [1.4698128353043505, 0.024859491386256316, 0.42495672118777295], "k_pid_alt": [1.85112020821355, 0.0, 0.1], "k_pid_att": [43.948176657889235, 1.326856224425946, 0.9808211468183533], "k_pid_yaw": [0.5, 1e-06, 0.1], "k_pid_hsp": [2.82373402557605, 0.051357077341508184, 0.6435390776614515], "k_pid_vsp": [111.20884264032553, 102.7157397860675, 1.0]}, "datetime": {"datetime": "2025-08-20 21:56:15", "elapsed": 36230.37520122528, "delta": 16.305859327316284}, "costs": {"total_cost": 308.7707629855342, "time_cost": 75.768, "final_distance_cost": 1.7939477378446043, "oscillation_cost": 149.62147031465764, "completition_cost": 0.0, "overshoot_cost": 53.36648613103273, "power_cost": 15.096373828125001, "noise_cost": 13.124484973874175, "n_waypoints_completed": 9, "tot_waypoints": 9}}
{"target": -180.71133458210227, "params": {"k_pid_pos": [1.4698128353043505, 0.0822904257601288, 0.3434561031905483], "k_pid_alt": [1.2679502233621702, 0.0, 0.1], "k_pid_att": [43.948176657889235, 1.326856224425946, 0.9808211468183533], "k_pid_yaw": [0.5, 1e-06, 0.1], "k_pid_hsp": [2.82373402557605, 0.2831454347861464, 0.01], "k_pid_vsp": [111.20884264032553, 102.7157397860675, 1.0]}, "datetime": {"datetime": "2025-08-20 21:56:33", "elapsed": 36248.07299757004, "delta": 17.69779634475708}, "costs": {"total_cost": 180.71133458210227, "time_cost": 68.888, "final_distance_cost": 1.8220512929073154, "oscillation_cost": 37.485710229191454, "completition_cost": 0.0, "overshoot_cost": 50.361802747643154, "power_cost": 11.208723486328125, "noise_cost": 10.9450468260322, "n_waypoints_completed": 9, "tot_waypoints": 9}}
{"target": -184.74081187748965, "params": {"k_pid_pos": [1.4698128353043505, 0.0822904257601288, 0.3434561031905483], "k_pid_alt": [1.2679502233621702, 0.0, 0.1], "k_pid_att": [43.948176657889235, 1.326856224425946, 0.9808211468183533], "k_pid_yaw": [0.5, 1e-06, 0.1], "k_pid_hsp": [2.82373402557605, 0.6877375338467407, 0.01], "k_pid_vsp": [111.20884264032553, 5.965530060251143, 1.0]}, "datetime": {"datetime": "2025-08-20 21:56:48", "elapsed": 36263.110453128815, "delta": 15.037455558776855}, "costs": {"total_cost": 184.74081187748965, "time_cost": 70.304, "final_distance_cost": 1.809772503921604, "oscillation_cost": 39.51623415623339, "completition_cost": 0.0, "overshoot_cost": 50.53150741971159, "power_cost": 11.425227465820313, "noise_cost": 11.154070331802725, "n_waypoints_completed": 9, "tot_waypoints": 9}}
{"target": -676.7952200101621, "params": {"k_pid_pos": [1.4698128353043505, 0.024859491386256316, 0.3434561031905483], "k_pid_alt": [1.2679502233621702, 0.31295298754855216, 0.1], "k_pid_att": [50.917657588734414, 4.554626564215716, 0.8987695645180177], "k_pid_yaw": [0.5, 1e-06, 0.1], "k_pid_hsp": [3.070088322121188, 0.01, 0.01], "k_pid_vsp": [111.20884264032553, 102.7157397860675, 115.279864009269]}, "datetime": {"datetime": "2025-08-20 21:57:11", "elapsed": 36286.41596317291, "delta": 23.3055100440979}, "costs": {"total_cost": 676.7952200101621, "time_cost": 150, "final_distance_cost": 57.74559525899373, "oscillation_cost": 55.37664580768215, "completition_cost": 333.33333333333337, "overshoot_cost": 48.99139170307714, "power_cost": 17.93526359863281, "noise_cost": 13.412990308442886, "n_waypoints_completed": 6, "tot_waypoints": 9}}
{"target": -180.2047045078857, "params": {"k_pid_pos": [1.4698128353043505, 0.024859491386256316, 0.3434561031905483], "k_pid_alt": [1.2679502233621702, 0.0, 0.04865678698342779], "k_pid_att": [43.948176657889235, 3.907559788299492, 0.9274604585040267], "k_pid_yaw": [0.5, 1e-06, 0.1], "k_pid_hsp": [2.82373402557605, 0.30091508283602064, 0.01], "k_pid_vsp": [111.20884264032553, 102.7157397860675, 1.0]}, "datetime": {"datetime": "2025-08-20 21:57:28", "elapsed": 36303.30871629715, "delta": 16.89275312423706}, "costs": {"total_cost": 180.2047045078857, "time_cost": 68.784, "final_distance_cost": 1.8284770905593013, "oscillation_cost": 38.176569735762115, "completition_cost": 0.0, "overshoot_cost": 49.2858334186982, "power_cost": 11.203123645019533, "noise_cost": 10.926700617846523, "n_waypoints_completed": 9, "tot_waypoints": 9}}
{"target": -183.28367446571136, "params": {"k_pid_pos": [1.4698128353043505, 0.024859491386256316, 0.3434561031905483], "k_pid_alt": [1.2679502233621702, 0.0, 0.6137735415975708], "k_pid_att": [43.948176657889235, 1.326856224425946, 0.9808211468183533], "k_pid_yaw": [0.5, 1e-06, 0.1], "k_pid_hsp": [2.82373402557605, 0.01, 0.01], "k_pid_vsp": [111.20884264032553, 102.7157397860675, 1.0]}, "datetime": {"datetime": "2025-08-20 21:57:45", "elapsed": 36319.70901250839, "delta": 16.400296211242676}, "costs": {"total_cost": 183.28367446571136, "time_cost": 70.76, "final_distance_cost": 1.8272821470215685, "oscillation_cost": 38.61257318630119, "completition_cost": 0.0, "overshoot_cost": 49.60850815442609, "power_cost": 11.413007666015625, "noise_cost": 11.06230331194687, "n_waypoints_completed": 9, "tot_waypoints": 9}}
{"target": -1094.2210629289507, "params": {"k_pid_pos": [1.4698128353043505, 0.024859491386256316, 0.42495672118777295], "k_pid_alt": [1.85112020821355, 0.0, 0.1], "k_pid_att": [43.948176657889235, 1.3662688108279974, 0.332604625203343], "k_pid_yaw": [0.5, 1e-06, 0.1], "k_pid_hsp": [2.82373402557605, 0.01, 0.01], "k_pid_vsp": [119.32291780727789, 102.7157397860675, 175.46815409112943]}, "datetime": {"datetime": "2025-08-20 21:58:08", "elapsed": 36343.129048109055, "delta": 23.42003560066223}, "costs": {"total_cost": 1094.2210629289507, "time_cost": 150, "final_distance_cost": 73.8417247456293, "oscillation_cost": 64.71937939412213, "completition_cost": 666.6666666666667, "overshoot_cost": 81.34353867210079, "power_cost": 32.19817919921875, "noise_cost": 25.451574251213003, "n_waypoints_completed": 3, "tot_waypoints": 9}}
{"target": -180.87076320528018, "params": {"k_pid_pos": [1.4698128353043505, 0.024859491386256316, 0.42495672118777295], "k_pid_alt": [1.85112020821355, 0.0, 0.1], "k_pid_att": [43.948176657889235, 1.326856224425946, 0.9808211468183533], "k_pid_yaw": [0.5, 1e-06, 0.1], "k_pid_hsp": [2.82373402557605, 0.01, 0.01], "k_pid_vsp": [111.20884264032553, 102.7157397860675, 1.0]}, "datetime": {"datetime": "2025-08-20 21:58:23", "elapsed": 36358.07481241226, "delta": 14.945764303207397}, "costs": {"total_cost": 180.87076320528018, "time_cost": 69.416, "final_distance_cost": 1.8498180728791787, "oscillation_cost": 36.625067329117776, "completition_cost": 0.0, "overshoot_cost": 50.55147667884151, "power_cost": 11.279588916015626, "noise_cost": 11.148812208426104, "n_waypoints_completed": 9, "tot_waypoints": 9}}
{"target": -210.32636801625884, "params": {"k_pid_pos": [1.9222450990525104, 0.0822904257601288, 0.3434561031905483], "k_pid_alt": [1.2679502233621702, 0.7396824379760043, 0.1], "k_pid_att": [43.948176657889235, 1.326856224425946, 0.9808211468183533], "k_pid_yaw": [0.5, 1e-06, 0.1], "k_pid_hsp": [2.82373402557605, 0.01, 0.01], "k_pid_vsp": [111.20884264032553, 102.7157397860675, 1.0]}, "datetime": {"datetime": "2025-08-20 21:58:41", "elapsed": 36376.40826010704, "delta": 18.333447694778442}, "costs": {"total_cost": 210.32636801625884, "time_cost": 79.04, "final_distance_cost": 1.7559876716841052, "oscillation_cost": 52.41688278614024, "completition_cost": 0.0, "overshoot_cost": 52.24073255987875, "power_cost": 13.094436096191407, "noise_cost": 11.778328902364334, "n_waypoints_completed": 9, "tot_waypoints": 9}}
{"target": -182.68100089251723, "params": {"k_pid_pos": [1.2291269948485064, 0.024859491386256316, 0.3434561031905483], "k_pid_alt": [1.2679502233621702, 0.0, 0.1], "k_pid_att": [10.85276784655954, 1.4953935029224072, 0.9274604585040267], "k_pid_yaw": [0.5, 1e-06, 0.1], "k_pid_hsp": [2.82373402557605, 0.01, 0.01], "k_pid_vsp": [111.20884264032553, 102.7157397860675, 1.0]}, "datetime": {"datetime": "2025-08-20 21:58:56", "elapsed": 36391.13956332207, "delta": 14.731303215026855}, "costs": {"total_cost": 182.68100089251723, "time_cost": 69.864, "final_distance_cost": 1.8421838374884856, "oscillation_cost": 38.057469139829934, "completition_cost": 0.0, "overshoot_cost": 49.45876213671698, "power_cost": 11.951173876953126, "noise_cost": 11.507411901528695, "n_waypoints_completed": 9, "tot_waypoints": 9}}
{"target": -180.86540215226512, "params": {"k_pid_pos": [1.4200659215445044, 0.0822904257601288, 0.3434561031905483], "k_pid_alt": [1.2072933116153153, 0.0, 0.1], "k_pid_att": [44.28116398441722, 1.326856224425946, 0.9808211468183533], "k_pid_yaw": [0.5, 1e-06, 0.1], "k_pid_hsp": [2.82373402557605, 0.01, 0.01], "k_pid_vsp": [111.20884264032553, 102.7157397860675, 1.0]}, "datetime": {"datetime": "2025-08-20 21:59:14", "elapsed": 36409.319068193436, "delta": 18.179504871368408}, "costs": {"total_cost": 180.86540215226512, "time_cost": 69.432, "final_distance_cost": 1.8175617795859864, "oscillation_cost": 37.36077647010505, "completition_cost": 0.0, "overshoot_cost": 49.94533019814018, "power_cost": 11.237648974609376, "noise_cost": 11.072084729824521, "n_waypoints_completed": 9, "tot_waypoints": 9}}
{"target": -197.65762694057324, "params": {"k_pid_pos": [1.4698128353043505, 0.024859491386256316, 0.980998060339783], "k_pid_alt": [1.2679502233621702, 0.3132955326099772, 0.1], "k_pid_att": [43.948176657889235, 3.5472224105736805, 0.9274604585040267], "k_pid_yaw": [0.5, 1e-06, 0.1], "k_pid_hsp": [2.82373402557605, 0.01, 0.01], "k_pid_vsp": [111.20884264032553, 102.7157397860675, 1.0]}, "datetime": {"datetime": "2025-08-20 21:59:31", "elapsed": 36426.103514671326, "delta": 16.784446477890015}, "costs": {"total_cost": 197.65762694057324, "time_cost": 77.736, "final_distance_cost": 1.8042792025562104, "oscillation_cost": 43.07495040135257, "completition_cost": 0.0, "overshoot_cost": 50.86447505678382, "power_cost": 12.623752490234375, "noise_cost": 11.554169789646245, "n_waypoints_completed": 9, "tot_waypoints": 9}}
{"target": -182.37828555074907, "params": {"k_pid_pos": [1.4698128353043505, 0.024859491386256316, 0.3434561031905483], "k_pid_alt": [1.85112020821355, 0.0, 0.1], "k_pid_att": [43.948176657889235, 1.326856224425946, 0.9808211468183533], "k_pid_yaw": [0.5, 1e-06, 0.1], "k_pid_hsp": [2.82373402557605, 0.39251787301599905, 0.01], "k_pid_vsp": [86.62925229669689, 102.7157397860675, 1.0]}, "datetime": {"datetime": "2025-08-20 21:59:47", "elapsed": 36442.22769451141, "delta": 16.12417984008789}, "costs": {"total_cost": 182.37828555074907, "time_cost": 68.96000000000001, "final_distance_cost": 1.8457250909251306, "oscillation_cost": 39.24914594694628, "completition_cost": 0.0, "overshoot_cost": 50.08978099852896, "power_cost": 11.237222509765626, "noise_cost": 10.996411004583068, "n_waypoints_completed": 9, "tot_waypoints": 9}}
{"target": -307.6425989203623, "params": {"k_pid_pos": [1.4698128353043505, 0.3070634710282163, 0.3434561031905483], "k_pid_alt": [1.2679502233621702, 0.0, 0.1], "k_pid_att": [43.948176657889235, 1.326856224425946, 0.9274604585040267], "k_pid_yaw": [0.5, 1e-06, 0.1], "k_pid_hsp": [5.102248909689673, 0.3912790898693519, 0.8371457900595851], "k_pid_vsp": [111.20884264032553, 102.7157397860675, 1.0]}, "datetime": {"datetime": "2025-08-20 22:00:05", "elapsed": 36459.75887751579, "delta": 17.531183004379272}, "costs": {"total_cost": 307.6425989203623, "time_cost": 79.872, "final_distance_cost": 1.7614542545411667, "oscillation_cost": 146.38199459503602, "completition_cost": 0.0, "overshoot_cost": 50.39143734003528, "power_cost": 15.863934692382813, "noise_cost": 13.371778038367006, "n_waypoints_completed": 9, "tot_waypoints": 9}}
{"target": -185.18252596000346, "params": {"k_pid_pos": [1.4698128353043505, 0.024859491386256316, 0.3434561031905483], "k_pid_alt": [1.2679502233621702, 0.0, 0.1], "k_pid_att": [10.85276784655954, 4.784613430283875, 0.9274604585040267], "k_pid_yaw": [0.5, 1e-06, 0.1], "k_pid_hsp": [2.82373402557605, 0.523382906365087, 0.01], "k_pid_vsp": [111.20884264032553, 102.7157397860675, 1.0]}, "datetime": {"datetime": "2025-08-20 22:00:21", "elapsed": 36476.19366526604, "delta": 16.43478775024414}, "costs": {"total_cost": 185.18252596000346, "time_cost": 68.504, "final_distance_cost": 1.8446431746269918, "oscillation_cost": 42.14014398358867, "completition_cost": 0.0, "overshoot_cost": 49.569206939393034, "power_cost": 12.046519653320313, "noise_cost": 11.078012209074442, "n_waypoints_completed": 9, "tot_waypoints": 9}}
{"target": -185.65533299729051, "params": {"k_pid_pos": [1.4698128353043505, 0.024859491386256316, 0.42495672118777295], "k_pid_alt": [1.2679502233621702, 0.0, 0.1], "k_pid_att": [70.32367692400724, 1.4953935029224072, 0.9274604585040267], "k_pid_yaw": [0.5, 1e-06, 0.1], "k_pid_hsp": [2.82373402557605, 0.01, 0.01066281316812523], "k_pid_vsp": [303.00008221409286, 102.7157397860675, 1.0]}, "datetime": {"datetime": "2025-08-20 22:00:36", "elapsed": 36491.36568379402, "delta": 15.17201852798462}, "costs": {"total_cost": 185.65533299729051, "time_cost": 69.84, "final_distance_cost": 1.8402967275549587, "oscillation_cost": 40.12232620844517, "completition_cost": 0.0, "overshoot_cost": 50.879493471773806, "power_cost": 11.592364392089845, "noise_cost": 11.38085219742671, "n_waypoints_completed": 9, "tot_waypoints": 9}}
