{"target": -184.3177331081208, "params": {"k_pid_pos": [1.8595400226050138, 0.024859491386256316, 0.11401919133455096], "k_pid_alt": [1.2679502233621702, 0.0, 0.1], "k_pid_att": [43.948176657889235, 3.7802132718527557, 0.9274604585040267], "k_pid_yaw": [0.5, 1e-06, 0.1], "k_pid_hsp": [1.0, 0.01, 0.01], "k_pid_vsp": [111.20884264032553, 93.09285943774285, 1.0]}, "datetime": {"datetime": "2025-08-20 14:33:46", "elapsed": 9680.92101597786, "delta": 15.500868082046509}, "costs": {"total_cost": 184.3177331081208, "time_cost": 68.352, "final_distance_cost": 1.7574537326234134, "oscillation_cost": 40.468356432197645, "completition_cost": 0.0, "overshoot_cost": 49.96501761274444, "power_cost": 12.583940954589844, "noise_cost": 11.190964375965413, "n_waypoints_completed": 9, "tot_waypoints": 9}}
{"target": -218.60618687049336, "params": {"k_pid_pos": [1.4698128353043505, 0.024859491386256316, 0.11401919133455096], "k_pid_alt": [1.2679502233621702, 0.19689014389003456, 0.1], "k_pid_att": [43.948176657889235, 4.028010644934719, 0.9274604585040267], "k_pid_yaw": [0.5, 1e-06, 0.1], "k_pid_hsp": [1.0, 0.34786682559405435, 0.01], "k_pid_vsp": [111.20884264032553, 125.65391032508283, 1.0]}, "datetime": {"datetime": "2025-08-20 14:34:04", "elapsed": 9699.372086524963, "delta": 18.451070547103882}, "costs": {"total_cost": 218.60618687049336, "time_cost": 81.392, "final_distance_cost": 1.8034730891482738, "oscillation_cost": 58.09892169522413, "completition_cost": 0.0, "overshoot_cost": 50.329357603403125, "power_cost": 14.286560424804689, "noise_cost": 12.695874057913125, "n_waypoints_completed": 9, "tot_waypoints": 9}}
{"target": -180.82633189952398, "params": {"k_pid_pos": [1.4698128353043505, 0.024859491386256316, 0.11401919133455096], "k_pid_alt": [1.2679502233621702, 0.0, 0.1], "k_pid_att": [43.948176657889235, 3.7802132718527557, 0.9274604585040267], "k_pid_yaw": [0.5, 1e-06, 0.1], "k_pid_hsp": [1.0, 0.01, 0.01], "k_pid_vsp": [111.20884264032553, 93.09285943774285, 1.0]}, "datetime": {"datetime": "2025-08-20 14:34:21", "elapsed": 9715.506273984909, "delta": 16.13418745994568}, "costs": {"total_cost": 180.82633189952398, "time_cost": 68.456, "final_distance_cost": 1.8129035550535026, "oscillation_cost": 37.19502557670047, "completition_cost": 0.0, "overshoot_cost": 50.071586228309805, "power_cost": 12.12881405029297, "noise_cost": 11.162002489167234, "n_waypoints_completed": 9, "tot_waypoints": 9}}
{"target": -180.82633189952398, "params": {"k_pid_pos": [1.4698128353043505, 0.024859491386256316, 0.11401919133455096], "k_pid_alt": [1.2679502233621702, 0.0, 0.1], "k_pid_att": [43.948176657889235, 3.7802132718527557, 0.9274604585040267], "k_pid_yaw": [0.5, 1e-06, 0.1], "k_pid_hsp": [1.0, 0.01, 0.01], "k_pid_vsp": [111.20884264032553, 93.09285943774285, 1.0]}, "datetime": {"datetime": "2025-08-20 14:34:36", "elapsed": 9731.306952476501, "delta": 15.800678491592407}, "costs": {"total_cost": 180.82633189952398, "time_cost": 68.456, "final_distance_cost": 1.8129035550535026, "oscillation_cost": 37.19502557670047, "completition_cost": 0.0, "overshoot_cost": 50.071586228309805, "power_cost": 12.12881405029297, "noise_cost": 11.162002489167234, "n_waypoints_completed": 9, "tot_waypoints": 9}}
{"target": -180.82633189952398, "params": {"k_pid_pos": [1.4698128353043505, 0.024859491386256316, 0.11401919133455096], "k_pid_alt": [1.2679502233621702, 0.0, 0.1], "k_pid_att": [43.948176657889235, 3.7802132718527557, 0.9274604585040267], "k_pid_yaw": [0.5, 1e-06, 0.1], "k_pid_hsp": [1.0, 0.01, 0.01], "k_pid_vsp": [111.20884264032553, 93.09285943774285, 1.0]}, "datetime": {"datetime": "2025-08-20 14:34:52", "elapsed": 9746.557720899582, "delta": 15.250768423080444}, "costs": {"total_cost": 180.82633189952398, "time_cost": 68.456, "final_distance_cost": 1.8129035550535026, "oscillation_cost": 37.19502557670047, "completition_cost": 0.0, "overshoot_cost": 50.071586228309805, "power_cost": 12.12881405029297, "noise_cost": 11.162002489167234, "n_waypoints_completed": 9, "tot_waypoints": 9}}
{"target": -183.82101649979734, "params": {"k_pid_pos": [1.4999912498542303, 0.024859491386256316, 0.11401919133455096], "k_pid_alt": [1.2679502233621702, 0.0, 0.1576465649121419], "k_pid_att": [39.909449977216326, 1.0, 0.9274604585040267], "k_pid_yaw": [0.5, 1e-06, 0.1], "k_pid_hsp": [3.226465079465205, 0.029631885976391104, 0.01], "k_pid_vsp": [111.20884264032553, 93.09285943774285, 1.0]}, "datetime": {"datetime": "2025-08-20 14:35:07", "elapsed": 9761.730898857117, "delta": 15.17317795753479}, "costs": {"total_cost": 183.82101649979734, "time_cost": 68.824, "final_distance_cost": 1.7864457593716354, "oscillation_cost": 40.412111982414665, "completition_cost": 0.0, "overshoot_cost": 50.50387055124978, "power_cost": 11.44097041015625, "noise_cost": 10.853617796605008, "n_waypoints_completed": 9, "tot_waypoints": 9}}
{"target": -186.02139308985485, "params": {"k_pid_pos": [1.4698128353043505, 0.024859491386256316, 0.11401919133455096], "k_pid_alt": [1.2679502233621702, 0.0, 0.1], "k_pid_att": [94.70626418914286, 3.7802132718527557, 0.9274604585040267], "k_pid_yaw": [0.5, 1e-06, 0.1], "k_pid_hsp": [1.0, 0.01, 0.01], "k_pid_vsp": [14.740616244021254, 104.00531260114543, 1.0]}, "datetime": {"datetime": "2025-08-20 14:35:22", "elapsed": 9776.909325122833, "delta": 15.178426265716553}, "costs": {"total_cost": 186.02139308985485, "time_cost": 68.328, "final_distance_cost": 1.7878406556817406, "oscillation_cost": 42.509857796070094, "completition_cost": 0.0, "overshoot_cost": 49.697413161802906, "power_cost": 12.625241796875, "noise_cost": 11.07303967942511, "n_waypoints_completed": 9, "tot_waypoints": 9}}
{"target": -189.15535020212292, "params": {"k_pid_pos": [1.4698128353043505, 0.024859491386256316, 0.11401919133455096], "k_pid_alt": [1.2679502233621702, 0.0, 0.1], "k_pid_att": [24.0942673894178, 8.715136069545439, 0.837110513405392], "k_pid_yaw": [0.5, 1e-06, 0.1], "k_pid_hsp": [7.728305082468198, 0.01, 0.01], "k_pid_vsp": [111.20884264032553, 93.09285943774285, 1.0]}, "datetime": {"datetime": "2025-08-20 14:35:38", "elapsed": 9792.985262870789, "delta": 16.075937747955322}, "costs": {"total_cost": 189.15535020212292, "time_cost": 68.616, "final_distance_cost": 1.782506827594737, "oscillation_cost": 47.06044994155882, "completition_cost": 0.0, "overshoot_cost": 49.47877428426981, "power_cost": 11.372811352539063, "noise_cost": 10.844807796160485, "n_waypoints_completed": 9, "tot_waypoints": 9}}
{"target": -223.56167853322447, "params": {"k_pid_pos": [0.59798563265942, 0.024859491386256316, 0.11401919133455096], "k_pid_alt": [1.2679502233621702, 0.0, 0.1], "k_pid_att": [43.948176657889235, 3.7802132718527557, 0.9274604585040267], "k_pid_yaw": [0.5, 1e-06, 0.1], "k_pid_hsp": [1.0, 0.01, 0.11504281536220251], "k_pid_vsp": [111.20884264032553, 93.09285943774285, 1.0]}, "datetime": {"datetime": "2025-08-20 14:35:59", "elapsed": 9814.177969694138, "delta": 21.192706823349}, "costs": {"total_cost": 223.56167853322447, "time_cost": 78.96000000000001, "final_distance_cost": 1.8521591746563124, "oscillation_cost": 64.32819446081898, "completition_cost": 0.0, "overshoot_cost": 51.1865853071379, "power_cost": 13.771145678710939, "noise_cost": 13.46359391190033, "n_waypoints_completed": 9, "tot_waypoints": 9}}
{"target": -197.45299916957828, "params": {"k_pid_pos": [1.4698128353043505, 0.024859491386256316, 0.11401919133455096], "k_pid_alt": [0.6046773907049969, 0.0, 0.1], "k_pid_att": [43.948176657889235, 3.7802132718527557, 0.9274604585040267], "k_pid_yaw": [0.5, 1e-06, 0.1], "k_pid_hsp": [6.3710770224823925, 0.01, 0.01], "k_pid_vsp": [111.20884264032553, 93.09285943774285, 1.0]}, "datetime": {"datetime": "2025-08-20 14:36:16", "elapsed": 9830.6119992733, "delta": 16.434029579162598}, "costs": {"total_cost": 197.45299916957828, "time_cost": 73.656, "final_distance_cost": 1.8384570269705551, "oscillation_cost": 48.25572220239523, "completition_cost": 0.0, "overshoot_cost": 50.238684653323354, "power_cost": 12.138016674804689, "noise_cost": 11.326118612084414, "n_waypoints_completed": 9, "tot_waypoints": 9}}
{"target": -198.70259638359184, "params": {"k_pid_pos": [0.5692387081849184, 0.024859491386256316, 0.31939348815736834], "k_pid_alt": [1.2679502233621702, 0.0, 0.1], "k_pid_att": [43.948176657889235, 3.7802132718527557, 0.9274604585040267], "k_pid_yaw": [0.5, 1e-06, 0.1], "k_pid_hsp": [1.0, 0.01, 0.01], "k_pid_vsp": [111.20884264032553, 93.09285943774285, 1.0]}, "datetime": {"datetime": "2025-08-20 14:36:38", "elapsed": 9852.761544466019, "delta": 22.149545192718506}, "costs": {"total_cost": 198.70259638359184, "time_cost": 83.896, "final_distance_cost": 1.8500784289154624, "oscillation_cost": 33.14210924776954, "completition_cost": 0.0, "overshoot_cost": 51.567462391096896, "power_cost": 14.082220739746095, "noise_cost": 14.164725576063828, "n_waypoints_completed": 9, "tot_waypoints": 9}}
{"target": -185.77480735706132, "params": {"k_pid_pos": [1.4999912498542303, 0.11906128738229915, 0.11401919133455096], "k_pid_alt": [1.3131013039922512, 0.0, 0.1], "k_pid_att": [43.948176657889235, 3.7802132718527557, 0.3495979120577055], "k_pid_yaw": [0.5, 1e-06, 0.1], "k_pid_hsp": [1.0, 0.01, 0.01], "k_pid_vsp": [111.20884264032553, 93.09285943774285, 1.0]}, "datetime": {"datetime": "2025-08-20 14:36:57", "elapsed": 9871.667010068893, "delta": 18.905465602874756}, "costs": {"total_cost": 185.77480735706132, "time_cost": 68.568, "final_distance_cost": 1.7913989215464383, "oscillation_cost": 41.035666593975655, "completition_cost": 0.0, "overshoot_cost": 50.4001817314614, "power_cost": 12.652086267089844, "noise_cost": 11.327473842987946, "n_waypoints_completed": 9, "tot_waypoints": 9}}
{"target": -205.22415066332363, "params": {"k_pid_pos": [1.4698128353043505, 0.024859491386256316, 0.11401919133455096], "k_pid_alt": [1.2679502233621702, 0.0, 0.26454652801742706], "k_pid_att": [43.948176657889235, 8.589697399353744, 0.5289969311173601], "k_pid_yaw": [0.5, 1e-06, 0.1], "k_pid_hsp": [1.0, 0.8252135636493042, 0.01], "k_pid_vsp": [111.20884264032553, 14.13097884785163, 1.0]}, "datetime": {"datetime": "2025-08-20 14:37:13", "elapsed": 9888.081561088562, "delta": 16.41455101966858}, "costs": {"total_cost": 205.22415066332363, "time_cost": 70.048, "final_distance_cost": 1.7923963659961697, "oscillation_cost": 58.291680909706436, "completition_cost": 0.0, "overshoot_cost": 50.54399281702133, "power_cost": 12.915479809570312, "noise_cost": 11.632600761029378, "n_waypoints_completed": 9, "tot_waypoints": 9}}
{"target": -186.89151983384033, "params": {"k_pid_pos": [1.4698128353043505, 0.024859491386256316, 0.11401919133455096], "k_pid_alt": [1.2679502233621702, 0.0, 0.13294310327404035], "k_pid_att": [43.948176657889235, 3.7802132718527557, 0.03545872694893892], "k_pid_yaw": [0.5, 1e-06, 0.1], "k_pid_hsp": [1.0, 0.01, 0.01], "k_pid_vsp": [42.24848860435038, 93.09285943774285, 10.69915016599017]}, "datetime": {"datetime": "2025-08-20 14:37:29", "elapsed": 9903.872441530228, "delta": 15.79088044166565}, "costs": {"total_cost": 186.89151983384033, "time_cost": 68.336, "final_distance_cost": 1.7973720964245936, "oscillation_cost": 45.020197511128, "completition_cost": 0.0, "overshoot_cost": 50.0275134125858, "power_cost": 11.689169421386719, "noise_cost": 10.021267392315211, "n_waypoints_completed": 9, "tot_waypoints": 9}}
{"target": -198.30948279426815, "params": {"k_pid_pos": [1.4698128353043505, 0.5313431052703059, 0.8026458379953977], "k_pid_alt": [1.2679502233621702, 0.0, 0.1], "k_pid_att": [43.948176657889235, 3.7802132718527557, 0.9274604585040267], "k_pid_yaw": [0.5, 1e-06, 0.1], "k_pid_hsp": [5.128277129725155, 0.01, 0.01], "k_pid_vsp": [111.20884264032553, 93.09285943774285, 1.0]}, "datetime": {"datetime": "2025-08-20 14:37:47", "elapsed": 9921.50382566452, "delta": 17.631384134292603}, "costs": {"total_cost": 198.30948279426815, "time_cost": 75.264, "final_distance_cost": 1.777623629142151, "oscillation_cost": 45.724065689916145, "completition_cost": 0.0, "overshoot_cost": 50.72926640877324, "power_cost": 12.77424334716797, "noise_cost": 12.040283719268622, "n_waypoints_completed": 9, "tot_waypoints": 9}}
{"target": -188.52010800178704, "params": {"k_pid_pos": [1.4698128353043505, 0.024859491386256316, 0.6600513411052183], "k_pid_alt": [1.2679502233621702, 0.0, 0.1], "k_pid_att": [43.948176657889235, 4.028010644934719, 0.9274604585040267], "k_pid_yaw": [0.5, 1e-06, 0.1], "k_pid_hsp": [1.0, 0.01, 0.01], "k_pid_vsp": [111.20884264032553, 93.09285943774285, 1.0]}, "datetime": {"datetime": "2025-08-20 14:38:03", "elapsed": 9938.461194753647, "delta": 16.957369089126587}, "costs": {"total_cost": 188.52010800178704, "time_cost": 71.952, "final_distance_cost": 1.8376634940556968, "oscillation_cost": 40.38810550390492, "completition_cost": 0.0, "overshoot_cost": 49.57506274584351, "power_cost": 12.83308797607422, "noise_cost": 11.93418828190873, "n_waypoints_completed": 9, "tot_waypoints": 9}}
{"target": -182.74362108651567, "params": {"k_pid_pos": [1.4698128353043505, 0.024859491386256316, 0.11401919133455096], "k_pid_alt": [1.2679502233621702, 0.0, 0.1], "k_pid_att": [43.948176657889235, 3.7802132718527557, 0.9274604585040267], "k_pid_yaw": [0.5, 1e-06, 0.1], "k_pid_hsp": [1.0, 0.01, 0.01], "k_pid_vsp": [277.2708477836043, 93.09285943774285, 1.0]}, "datetime": {"datetime": "2025-08-20 14:38:20", "elapsed": 9955.40669965744, "delta": 16.945504903793335}, "costs": {"total_cost": 182.74362108651567, "time_cost": 68.728, "final_distance_cost": 1.799890001276612, "oscillation_cost": 38.139170481182006, "completition_cost": 0.0, "overshoot_cost": 50.65891170091955, "power_cost": 12.262502685546876, "noise_cost": 11.155146217590644, "n_waypoints_completed": 9, "tot_waypoints": 9}}
{"target": -180.82633189952398, "params": {"k_pid_pos": [1.4698128353043505, 0.024859491386256316, 0.11401919133455096], "k_pid_alt": [1.2679502233621702, 0.0, 0.1], "k_pid_att": [43.948176657889235, 3.7802132718527557, 0.9274604585040267], "k_pid_yaw": [0.5, 1e-06, 0.1], "k_pid_hsp": [1.0, 0.01, 0.01], "k_pid_vsp": [111.20884264032553, 93.09285943774285, 1.0]}, "datetime": {"datetime": "2025-08-20 14:38:36", "elapsed": 9971.402195453644, "delta": 15.995495796203613}, "costs": {"total_cost": 180.82633189952398, "time_cost": 68.456, "final_distance_cost": 1.8129035550535026, "oscillation_cost": 37.19502557670047, "completition_cost": 0.0, "overshoot_cost": 50.071586228309805, "power_cost": 12.12881405029297, "noise_cost": 11.162002489167234, "n_waypoints_completed": 9, "tot_waypoints": 9}}
{"target": -183.10889847711942, "params": {"k_pid_pos": [1.3078103269235994, 0.024859491386256316, 0.11401919133455096], "k_pid_alt": [1.2679502233621702, 0.0, 0.1], "k_pid_att": [24.0942673894178, 1.0, 0.837110513405392], "k_pid_yaw": [0.5, 1e-06, 0.1], "k_pid_hsp": [1.0, 0.01, 0.01], "k_pid_vsp": [111.20884264032553, 93.09285943774285, 1.0]}, "datetime": {"datetime": "2025-08-20 14:38:52", "elapsed": 9987.147128105164, "delta": 15.744932651519775}, "costs": {"total_cost": 183.10889847711942, "time_cost": 68.752, "final_distance_cost": 1.8064741063914558, "oscillation_cost": 38.05476311964983, "completition_cost": 0.0, "overshoot_cost": 50.41841834430537, "power_cost": 12.664307690429688, "noise_cost": 11.412935216343081, "n_waypoints_completed": 9, "tot_waypoints": 9}}
{"target": -190.68343882515842, "params": {"k_pid_pos": [1.4698128353043505, 0.024859491386256316, 0.11401919133455096], "k_pid_alt": [1.2679502233621702, 0.0, 0.16072894317769304], "k_pid_att": [68.8149331475618, 4.028010644934719, 0.9274604585040267], "k_pid_yaw": [0.5, 1e-06, 0.1], "k_pid_hsp": [1.0, 0.34449621874560377, 0.01], "k_pid_vsp": [111.20884264032553, 93.09285943774285, 1.0]}, "datetime": {"datetime": "2025-08-20 14:39:09", "elapsed": 10004.187574148178, "delta": 17.040446043014526}, "costs": {"total_cost": 190.68343882515842, "time_cost": 68.528, "final_distance_cost": 1.791387314254164, "oscillation_cost": 47.221879025387615, "completition_cost": 0.0, "overshoot_cost": 49.883504350493425, "power_cost": 12.154462268066407, "noise_cost": 11.104205866956798, "n_waypoints_completed": 9, "tot_waypoints": 9}}
{"target": -204.1633675065418, "params": {"k_pid_pos": [1.4698128353043505, 0.25995968672490866, 0.11401919133455096], "k_pid_alt": [1.2679502233621702, 0.0, 0.1], "k_pid_att": [43.948176657889235, 5.556263249731063, 0.5680009751981364], "k_pid_yaw": [0.5, 1e-06, 0.1], "k_pid_hsp": [1.0, 0.6481168050241883, 0.01], "k_pid_vsp": [42.24848860435038, 93.09285943774285, 1.0]}, "datetime": {"datetime": "2025-08-20 14:39:27", "elapsed": 10022.188550710678, "delta": 18.0009765625}, "costs": {"total_cost": 204.1633675065418, "time_cost": 70.432, "final_distance_cost": 1.7706233304824237, "oscillation_cost": 54.987930378120794, "completition_cost": 0.0, "overshoot_cost": 51.82413281838792, "power_cost": 13.270768212890626, "noise_cost": 11.877912766660025, "n_waypoints_completed": 9, "tot_waypoints": 9}}
{"target": -203.60507218434626, "params": {"k_pid_pos": [1.4698128353043505, 0.5998678448275786, 0.2801383876314065], "k_pid_alt": [1.2679502233621702, 0.0, 0.1], "k_pid_att": [43.948176657889235, 3.7802132718527557, 0.9274604585040267], "k_pid_yaw": [0.5, 1e-06, 0.1], "k_pid_hsp": [3.226465079465205, 0.029631885976391104, 0.01], "k_pid_vsp": [14.740616244021254, 139.20520652041523, 1.0]}, "datetime": {"datetime": "2025-08-20 14:39:46", "elapsed": 10041.189557790756, "delta": 19.001007080078125}, "costs": {"total_cost": 203.60507218434626, "time_cost": 76.112, "final_distance_cost": 1.781612802194983, "oscillation_cost": 47.483976195101995, "completition_cost": 0.0, "overshoot_cost": 51.98707017097964, "power_cost": 14.241088391113282, "noise_cost": 11.999324624956325, "n_waypoints_completed": 9, "tot_waypoints": 9}}
{"target": -285.754724511143, "params": {"k_pid_pos": [1.4999912498542303, 0.024859491386256316, 0.11401919133455096], "k_pid_alt": [1.2679502233621702, 0.4729790851720672, 0.4062141140084401], "k_pid_att": [39.909449977216326, 1.0, 0.9274604585040267], "k_pid_yaw": [0.5, 1e-06, 0.1], "k_pid_hsp": [1.0, 0.7739988220946491, 0.304289828476366], "k_pid_vsp": [10.061310251204958, 93.09285943774285, 1.0]}, "datetime": {"datetime": "2025-08-20 14:40:06", "elapsed": 10061.490510702133, "delta": 20.300952911376953}, "costs": {"total_cost": 285.754724511143, "time_cost": 82.992, "final_distance_cost": 1.728359107391774, "oscillation_cost": 114.35440073697066, "completition_cost": 0.0, "overshoot_cost": 54.99714803572445, "power_cost": 17.638854028320313, "noise_cost": 14.043962602735782, "n_waypoints_completed": 9, "tot_waypoints": 9}}
{"target": -206.95811532527472, "params": {"k_pid_pos": [1.4999912498542303, 0.024859491386256316, 0.5985106346815843], "k_pid_alt": [1.2679502233621702, 0.7835892709655194, 0.1], "k_pid_att": [43.948176657889235, 3.7802132718527557, 0.9274604585040267], "k_pid_yaw": [0.5, 1e-06, 0.1], "k_pid_hsp": [1.0, 0.01, 0.01], "k_pid_vsp": [111.20884264032553, 93.09285943774285, 1.0]}, "datetime": {"datetime": "2025-08-20 14:40:26", "elapsed": 10080.875826358795, "delta": 19.385315656661987}, "costs": {"total_cost": 206.95811532527472, "time_cost": 79.424, "final_distance_cost": 1.7598035637231102, "oscillation_cost": 46.94093993269647, "completition_cost": 0.0, "overshoot_cost": 52.79375207830334, "power_cost": 13.924316271972657, "noise_cost": 12.115303478579106, "n_waypoints_completed": 9, "tot_waypoints": 9}}
{"target": -189.97840508091932, "params": {"k_pid_pos": [1.8595400226050138, 0.024859491386256316, 0.11401919133455096], "k_pid_alt": [1.2679502233621702, 0.0, 0.1576465649121419], "k_pid_att": [39.909449977216326, 1.0, 0.9274604585040267], "k_pid_yaw": [0.5, 1e-06, 0.1], "k_pid_hsp": [3.226465079465205, 0.029631885976391104, 0.01], "k_pid_vsp": [14.740616244021254, 139.20520652041523, 1.0]}, "datetime": {"datetime": "2025-08-20 14:40:42", "elapsed": 10097.034556627274, "delta": 16.158730268478394}, "costs": {"total_cost": 189.97840508091932, "time_cost": 68.368, "final_distance_cost": 1.7705962560451871, "oscillation_cost": 46.51437975358894, "completition_cost": 0.0, "overshoot_cost": 50.23080301826089, "power_cost": 12.286006909179688, "noise_cost": 10.808619143844624, "n_waypoints_completed": 9, "tot_waypoints": 9}}
{"target": -183.50141966785685, "params": {"k_pid_pos": [1.4698128353043505, 0.024859491386256316, 0.34448922264239656], "k_pid_alt": [1.2679502233621702, 0.0, 0.1], "k_pid_att": [43.948176657889235, 3.7802132718527557, 0.9274604585040267], "k_pid_yaw": [0.5, 1e-06, 0.1], "k_pid_hsp": [1.0, 0.01, 0.01], "k_pid_vsp": [111.20884264032553, 93.09285943774285, 1.0]}, "datetime": {"datetime": "2025-08-20 14:41:04", "elapsed": 10118.535525798798, "delta": 21.500969171524048}, "costs": {"total_cost": 183.50141966785685, "time_cost": 69.048, "final_distance_cost": 1.8294001792921881, "oscillation_cost": 38.65749626549369, "completition_cost": 0.0, "overshoot_cost": 50.28471396156389, "power_cost": 12.330058898925781, "noise_cost": 11.351750362581289, "n_waypoints_completed": 9, "tot_waypoints": 9}}
{"target": -212.14553106975552, "params": {"k_pid_pos": [1.8595400226050138, 0.4372615757381064, 0.11401919133455096], "k_pid_alt": [1.2679502233621702, 0.0, 0.7650179989319748], "k_pid_att": [43.948176657889235, 3.7802132718527557, 0.7232883358152038], "k_pid_yaw": [0.5, 1e-06, 0.1], "k_pid_hsp": [1.0, 0.01, 0.01], "k_pid_vsp": [111.20884264032553, 93.09285943774285, 1.0]}, "datetime": {"datetime": "2025-08-20 14:41:26", "elapsed": 10141.35730624199, "delta": 22.82178044319153}, "costs": {"total_cost": 212.14553106975552, "time_cost": 80.92, "final_distance_cost": 1.7554212194790713, "oscillation_cost": 49.04350030271757, "completition_cost": 0.0, "overshoot_cost": 52.19628595064523, "power_cost": 15.125459582519532, "noise_cost": 13.104864014394124, "n_waypoints_completed": 9, "tot_waypoints": 9}}
