{"target": -215.0538926126202, "params": {"k_pid_pos": [1.5233419604839473, 0.024859491386256316, 0.5792642345702999], "k_pid_alt": [1.2679502233621702, 0.8453038121781166, 0.1], "k_pid_att": [43.948176657889235, 3.7802132718527557, 0.7813719867183654], "k_pid_yaw": [0.5, 1e-06, 0.1], "k_pid_hsp": [1.0914614458687493, 0.01, 0.01], "k_pid_vsp": [111.20884264032553, 102.7157397860675, 1.0]}, "datetime": {"datetime": "2025-08-20 17:33:49", "elapsed": 20483.99490737915, "delta": 18.64692211151123}, "costs": {"total_cost": 215.0538926126202, "time_cost": 83.296, "final_distance_cost": 1.8084917015203394, "oscillation_cost": 48.71780759379186, "completition_cost": 0.0, "overshoot_cost": 53.54760841480797, "power_cost": 14.956943115234376, "noise_cost": 12.727041787265652, "n_waypoints_completed": 9, "tot_waypoints": 9}}
{"target": -178.70478725309496, "params": {"k_pid_pos": [1.4698128353043505, 0.024859491386256316, 0.3434561031905483], "k_pid_alt": [1.2679502233621702, 0.0, 0.1], "k_pid_att": [43.948176657889235, 3.7802132718527557, 0.9274604585040267], "k_pid_yaw": [0.5, 1e-06, 0.1], "k_pid_hsp": [2.395389635608916, 0.01, 0.01], "k_pid_vsp": [111.20884264032553, 102.7157397860675, 1.0]}, "datetime": {"datetime": "2025-08-20 17:34:04", "elapsed": 20499.005655288696, "delta": 15.010747909545898}, "costs": {"total_cost": 178.70478725309496, "time_cost": 69.12, "final_distance_cost": 1.8299338179061795, "oscillation_cost": 35.21687367722384, "completition_cost": 0.0, "overshoot_cost": 50.090394500534366, "power_cost": 11.321949291992189, "noise_cost": 11.125635965438402, "n_waypoints_completed": 9, "tot_waypoints": 9}}
{"target": -188.51303123079296, "params": {"k_pid_pos": [1.9648629373893673, 0.024859491386256316, 0.8092599635047751], "k_pid_alt": [1.6586884955541554, 0.0, 0.1], "k_pid_att": [43.948176657889235, 6.806811407577699, 0.6711777735375999], "k_pid_yaw": [0.5, 1e-06, 0.1], "k_pid_hsp": [1.0, 0.01, 0.01], "k_pid_vsp": [111.20884264032553, 369.48810340511164, 1.0]}, "datetime": {"datetime": "2025-08-20 17:34:19", "elapsed": 20514.313893556595, "delta": 15.30823826789856}, "costs": {"total_cost": 188.51303123079296, "time_cost": 68.72, "final_distance_cost": 1.8413175425485635, "oscillation_cost": 44.10944585499578, "completition_cost": 0.0, "overshoot_cost": 50.01025447103301, "power_cost": 12.485992224121095, "noise_cost": 11.346021138094489, "n_waypoints_completed": 9, "tot_waypoints": 9}}
{"target": -208.4845042007356, "params": {"k_pid_pos": [1.4698128353043505, 0.024859491386256316, 0.11401919133455096], "k_pid_alt": [1.2679502233621702, 0.19798469353315307, 0.8315242830597276], "k_pid_att": [43.948176657889235, 3.7802132718527557, 0.9274604585040267], "k_pid_yaw": [0.5, 1e-06, 0.1], "k_pid_hsp": [2.395389635608916, 0.01, 0.01], "k_pid_vsp": [111.20884264032553, 102.7157397860675, 1.0]}, "datetime": {"datetime": "2025-08-20 17:34:39", "elapsed": 20533.86593389511, "delta": 19.552040338516235}, "costs": {"total_cost": 208.4845042007356, "time_cost": 81.184, "final_distance_cost": 1.763619766018798, "oscillation_cost": 49.11854412666214, "completition_cost": 0.0, "overshoot_cost": 51.15945945801348, "power_cost": 13.1025796875, "noise_cost": 12.156301162541213, "n_waypoints_completed": 9, "tot_waypoints": 9}}
{"target": -180.4586778981898, "params": {"k_pid_pos": [1.4698128353043505, 0.024859491386256316, 0.11401919133455096], "k_pid_alt": [1.2679502233621702, 0.0, 0.1], "k_pid_att": [43.948176657889235, 3.7802132718527557, 0.9274604585040267], "k_pid_yaw": [0.5, 1e-06, 0.1], "k_pid_hsp": [1.0, 0.01, 0.01], "k_pid_vsp": [111.20884264032553, 102.7157397860675, 1.0]}, "datetime": {"datetime": "2025-08-20 17:34:53", "elapsed": 20548.39199256897, "delta": 14.526058673858643}, "costs": {"total_cost": 180.4586778981898, "time_cost": 68.456, "final_distance_cost": 1.8018656610788988, "oscillation_cost": 36.88102645014415, "completition_cost": 0.0, "overshoot_cost": 49.96291084832555, "power_cost": 12.191933203125, "noise_cost": 11.164941735516203, "n_waypoints_completed": 9, "tot_waypoints": 9}}
{"target": -180.82209579399927, "params": {"k_pid_pos": [1.4698128353043505, 0.024859491386256316, 0.11401919133455096], "k_pid_alt": [1.2679502233621702, 0.0, 0.1], "k_pid_att": [43.948176657889235, 3.7802132718527557, 0.9274604585040267], "k_pid_yaw": [0.5, 1e-06, 0.1], "k_pid_hsp": [2.395389635608916, 0.01, 0.01], "k_pid_vsp": [110.56511661686339, 102.7157397860675, 1.0]}, "datetime": {"datetime": "2025-08-20 17:35:09", "elapsed": 20563.69194507599, "delta": 15.299952507019043}, "costs": {"total_cost": 180.82209579399927, "time_cost": 68.656, "final_distance_cost": 1.799246352121481, "oscillation_cost": 38.17987440722247, "completition_cost": 0.0, "overshoot_cost": 49.947433101352345, "power_cost": 11.328158032226563, "noise_cost": 10.911383901076434, "n_waypoints_completed": 9, "tot_waypoints": 9}}
{"target": -204.4124057741753, "params": {"k_pid_pos": [1.4698128353043505, 0.4373103020731042, 0.21152287994165886], "k_pid_alt": [0.7472032643467716, 0.0, 0.1], "k_pid_att": [43.948176657889235, 3.7802132718527557, 0.9274604585040267], "k_pid_yaw": [0.5, 1e-06, 0.1], "k_pid_hsp": [1.0, 0.01, 0.01], "k_pid_vsp": [111.20884264032553, 102.7157397860675, 1.0]}, "datetime": {"datetime": "2025-08-20 17:35:27", "elapsed": 20581.697437286377, "delta": 18.005492210388184}, "costs": {"total_cost": 204.4124057741753, "time_cost": 81.12, "final_distance_cost": 1.7777532430143497, "oscillation_cost": 42.596271206672846, "completition_cost": 0.0, "overshoot_cost": 51.6148378623464, "power_cost": 14.478186572265626, "noise_cost": 12.825356889876065, "n_waypoints_completed": 9, "tot_waypoints": 9}}
{"target": -204.06489101561064, "params": {"k_pid_pos": [1.4698128353043505, 0.024859491386256316, 0.8092599635047751], "k_pid_alt": [0.5447770384028499, 0.41495670262089157, 0.1], "k_pid_att": [43.948176657889235, 1.1889791607388933, 0.9274604585040267], "k_pid_yaw": [0.5, 1e-06, 0.1], "k_pid_hsp": [1.0, 0.01, 0.01], "k_pid_vsp": [111.20884264032553, 102.7157397860675, 1.0]}, "datetime": {"datetime": "2025-08-20 17:35:45", "elapsed": 20599.596269607544, "delta": 17.898832321166992}, "costs": {"total_cost": 204.06489101561064, "time_cost": 81.112, "final_distance_cost": 1.7884071935412897, "oscillation_cost": 42.346221797724354, "completition_cost": 0.0, "overshoot_cost": 52.81160509219133, "power_cost": 13.807303881835939, "noise_cost": 12.199353050317749, "n_waypoints_completed": 9, "tot_waypoints": 9}}
{"target": -182.1138416460981, "params": {"k_pid_pos": [1.4698128353043505, 0.07129208892642425, 0.11401919133455096], "k_pid_alt": [1.2679502233621702, 0.0, 0.1], "k_pid_att": [43.948176657889235, 3.7802132718527557, 0.9274604585040267], "k_pid_yaw": [0.5, 1e-06, 0.1], "k_pid_hsp": [1.2726116133729626, 0.01, 0.01], "k_pid_vsp": [111.20884264032553, 369.48810340511164, 1.0]}, "datetime": {"datetime": "2025-08-20 17:36:00", "elapsed": 20615.37865447998, "delta": 15.782384872436523}, "costs": {"total_cost": 182.1138416460981, "time_cost": 68.56, "final_distance_cost": 1.7874795991073347, "oscillation_cost": 39.18491757488517, "completition_cost": 0.0, "overshoot_cost": 49.79528002313941, "power_cost": 11.89255400390625, "noise_cost": 10.893610445059936, "n_waypoints_completed": 9, "tot_waypoints": 9}}
{"target": -180.9822118953296, "params": {"k_pid_pos": [1.4698128353043505, 0.024859491386256316, 0.11401919133455096], "k_pid_alt": [1.3959173657108794, 0.0, 0.1], "k_pid_att": [43.948176657889235, 3.7802132718527557, 0.9274604585040267], "k_pid_yaw": [0.5, 1e-06, 0.1], "k_pid_hsp": [2.395389635608916, 0.01, 0.01], "k_pid_vsp": [111.20884264032553, 102.7157397860675, 1.0]}, "datetime": {"datetime": "2025-08-20 17:36:15", "elapsed": 20630.17002606392, "delta": 14.791371583938599}, "costs": {"total_cost": 180.9822118953296, "time_cost": 68.488, "final_distance_cost": 1.797838319491223, "oscillation_cost": 38.47476116870041, "completition_cost": 0.0, "overshoot_cost": 49.94531201874249, "power_cost": 11.387251831054687, "noise_cost": 10.889048557340793, "n_waypoints_completed": 9, "tot_waypoints": 9}}
{"target": -186.09078784078835, "params": {"k_pid_pos": [1.4698128353043505, 0.024859491386256316, 0.11401919133455096], "k_pid_alt": [1.2679502233621702, 0.0, 0.9659895333512928], "k_pid_att": [43.948176657889235, 8.683548648184065, 0.9274604585040267], "k_pid_yaw": [0.5, 1e-06, 0.1], "k_pid_hsp": [3.061197731635527, 0.01, 0.01], "k_pid_vsp": [110.56511661686339, 102.7157397860675, 1.0]}, "datetime": {"datetime": "2025-08-20 17:36:31", "elapsed": 20646.225305318832, "delta": 16.05527925491333}, "costs": {"total_cost": 186.09078784078835, "time_cost": 71.92, "final_distance_cost": 1.8187560230546624, "oscillation_cost": 39.10922579876348, "completition_cost": 0.0, "overshoot_cost": 50.01898275833178, "power_cost": 12.021110742187501, "noise_cost": 11.202712518450934, "n_waypoints_completed": 9, "tot_waypoints": 9}}
{"target": -180.4586778981898, "params": {"k_pid_pos": [1.4698128353043505, 0.024859491386256316, 0.11401919133455096], "k_pid_alt": [1.2679502233621702, 0.0, 0.1], "k_pid_att": [43.948176657889235, 3.7802132718527557, 0.9274604585040267], "k_pid_yaw": [0.5, 1e-06, 0.1], "k_pid_hsp": [1.0, 0.01, 0.01], "k_pid_vsp": [111.20884264032553, 102.7157397860675, 1.0]}, "datetime": {"datetime": "2025-08-20 17:36:47", "elapsed": 20661.52231812477, "delta": 15.29701280593872}, "costs": {"total_cost": 180.4586778981898, "time_cost": 68.456, "final_distance_cost": 1.8018656610788988, "oscillation_cost": 36.88102645014415, "completition_cost": 0.0, "overshoot_cost": 49.96291084832555, "power_cost": 12.191933203125, "noise_cost": 11.164941735516203, "n_waypoints_completed": 9, "tot_waypoints": 9}}
{"target": -178.70478725309496, "params": {"k_pid_pos": [1.4698128353043505, 0.024859491386256316, 0.3434561031905483], "k_pid_alt": [1.2679502233621702, 0.0, 0.1], "k_pid_att": [43.948176657889235, 3.7802132718527557, 0.9274604585040267], "k_pid_yaw": [0.5, 1e-06, 0.1], "k_pid_hsp": [2.395389635608916, 0.01, 0.01], "k_pid_vsp": [111.20884264032553, 102.7157397860675, 1.0]}, "datetime": {"datetime": "2025-08-20 17:37:02", "elapsed": 20676.85206103325, "delta": 15.329742908477783}, "costs": {"total_cost": 178.70478725309496, "time_cost": 69.12, "final_distance_cost": 1.8299338179061795, "oscillation_cost": 35.21687367722384, "completition_cost": 0.0, "overshoot_cost": 50.090394500534366, "power_cost": 11.321949291992189, "noise_cost": 11.125635965438402, "n_waypoints_completed": 9, "tot_waypoints": 9}}
{"target": -180.40810129406827, "params": {"k_pid_pos": [1.4698128353043505, 0.024859491386256316, 0.11401919133455096], "k_pid_alt": [1.2679502233621702, 0.0, 0.1], "k_pid_att": [43.948176657889235, 3.7802132718527557, 0.9274604585040267], "k_pid_yaw": [0.5, 1e-06, 0.1], "k_pid_hsp": [2.395389635608916, 0.01, 0.01], "k_pid_vsp": [111.20884264032553, 102.7157397860675, 1.0]}, "datetime": {"datetime": "2025-08-20 17:37:17", "elapsed": 20692.041860342026, "delta": 15.189799308776855}, "costs": {"total_cost": 180.40810129406827, "time_cost": 68.656, "final_distance_cost": 1.7855036050235287, "oscillation_cost": 37.645407527558994, "completition_cost": 0.0, "overshoot_cost": 49.9598019448747, "power_cost": 11.380489074707032, "noise_cost": 10.980899141904002, "n_waypoints_completed": 9, "tot_waypoints": 9}}
{"target": -180.40810129406827, "params": {"k_pid_pos": [1.4698128353043505, 0.024859491386256316, 0.11401919133455096], "k_pid_alt": [1.2679502233621702, 0.0, 0.1], "k_pid_att": [43.948176657889235, 3.7802132718527557, 0.9274604585040267], "k_pid_yaw": [0.5, 1e-06, 0.1], "k_pid_hsp": [2.395389635608916, 0.01, 0.01], "k_pid_vsp": [111.20884264032553, 102.7157397860675, 1.0]}, "datetime": {"datetime": "2025-08-20 17:37:32", "elapsed": 20707.27115368843, "delta": 15.22929334640503}, "costs": {"total_cost": 180.40810129406827, "time_cost": 68.656, "final_distance_cost": 1.7855036050235287, "oscillation_cost": 37.645407527558994, "completition_cost": 0.0, "overshoot_cost": 49.9598019448747, "power_cost": 11.380489074707032, "noise_cost": 10.980899141904002, "n_waypoints_completed": 9, "tot_waypoints": 9}}
{"target": -185.15588437651104, "params": {"k_pid_pos": [1.9648629373893673, 0.024859491386256316, 0.8092599635047751], "k_pid_alt": [1.6586884955541554, 0.0, 0.1], "k_pid_att": [43.948176657889235, 6.806811407577699, 0.6711777735375999], "k_pid_yaw": [0.5, 1e-06, 0.1], "k_pid_hsp": [1.0, 0.01, 0.01], "k_pid_vsp": [111.20884264032553, 102.7157397860675, 1.0]}, "datetime": {"datetime": "2025-08-20 17:37:47", "elapsed": 20722.194754838943, "delta": 14.923601150512695}, "costs": {"total_cost": 185.15588437651104, "time_cost": 68.984, "final_distance_cost": 1.836351157098871, "oscillation_cost": 40.291113851062626, "completition_cost": 0.0, "overshoot_cost": 50.51447027068914, "power_cost": 12.201916162109375, "noise_cost": 11.328032935551017, "n_waypoints_completed": 9, "tot_waypoints": 9}}
{"target": -238.02219232307706, "params": {"k_pid_pos": [1.4698128353043505, 0.8181781159533115, 0.11401919133455096], "k_pid_alt": [1.2679502233621702, 0.0, 0.1], "k_pid_att": [43.948176657889235, 3.7802132718527557, 0.9274604585040267], "k_pid_yaw": [0.5, 1e-06, 0.1], "k_pid_hsp": [1.0, 0.01, 0.01], "k_pid_vsp": [111.20884264032553, 369.48810340511164, 1.0]}, "datetime": {"datetime": "2025-08-20 17:38:08", "elapsed": 20743.3447599411, "delta": 21.150005102157593}, "costs": {"total_cost": 238.02219232307706, "time_cost": 92.408, "final_distance_cost": 1.7719554501253967, "oscillation_cost": 50.58579353584101, "completition_cost": 0.0, "overshoot_cost": 59.91503426464851, "power_cost": 18.08991237792969, "noise_cost": 15.251496694532456, "n_waypoints_completed": 9, "tot_waypoints": 9}}
{"target": -198.54532169419625, "params": {"k_pid_pos": [1.4698128353043505, 0.3540910646462311, 0.11401919133455096], "k_pid_alt": [1.2679502233621702, 0.0, 0.1], "k_pid_att": [43.948176657889235, 3.7802132718527557, 0.9274604585040267], "k_pid_yaw": [0.5, 1e-06, 0.1], "k_pid_hsp": [6.790862332402999, 0.01, 0.01], "k_pid_vsp": [111.20884264032553, 102.7157397860675, 1.0]}, "datetime": {"datetime": "2025-08-20 17:38:25", "elapsed": 20760.265333414078, "delta": 16.920573472976685}, "costs": {"total_cost": 198.54532169419625, "time_cost": 73.824, "final_distance_cost": 1.7840428409267743, "oscillation_cost": 48.38818718097145, "completition_cost": 0.0, "overshoot_cost": 50.196476036649095, "power_cost": 12.611191247558594, "noise_cost": 11.741424388090334, "n_waypoints_completed": 9, "tot_waypoints": 9}}
{"target": -202.32659175331543, "params": {"k_pid_pos": [1.4698128353043505, 0.024859491386256316, 0.11401919133455096], "k_pid_alt": [1.2679502233621702, 0.5297830489215293, 0.1], "k_pid_att": [43.948176657889235, 3.7802132718527557, 0.9274604585040267], "k_pid_yaw": [0.5, 1e-06, 0.1], "k_pid_hsp": [2.395389635608916, 0.01, 0.01], "k_pid_vsp": [128.61003815237223, 102.7157397860675, 1.0]}, "datetime": {"datetime": "2025-08-20 17:38:43", "elapsed": 20777.703115940094, "delta": 17.437782526016235}, "costs": {"total_cost": 202.32659175331543, "time_cost": 77.224, "final_distance_cost": 1.7831942466514743, "oscillation_cost": 48.245174409560676, "completition_cost": 0.0, "overshoot_cost": 50.79128766700926, "power_cost": 12.680935327148438, "noise_cost": 11.602000102945597, "n_waypoints_completed": 9, "tot_waypoints": 9}}
{"target": -235.88918821259054, "params": {"k_pid_pos": [1.842720344740466, 0.024859491386256316, 0.11401919133455096], "k_pid_alt": [1.2679502233621702, 0.047215641115174845, 0.738746314848921], "k_pid_att": [43.948176657889235, 3.7802132718527557, 0.02289754427358881], "k_pid_yaw": [0.5, 1e-06, 0.1], "k_pid_hsp": [2.395389635608916, 0.01, 0.01], "k_pid_vsp": [111.20884264032553, 102.7157397860675, 1.0]}, "datetime": {"datetime": "2025-08-20 17:39:01", "elapsed": 20795.963978290558, "delta": 18.260862350463867}, "costs": {"total_cost": 235.88918821259054, "time_cost": 80.792, "final_distance_cost": 1.79805054536793, "oscillation_cost": 75.17724927874764, "completition_cost": 0.0, "overshoot_cost": 51.53071449690904, "power_cost": 13.853495166015625, "noise_cost": 12.737678725550298, "n_waypoints_completed": 9, "tot_waypoints": 9}}
{"target": -181.30099264299, "params": {"k_pid_pos": [1.4698128353043505, 0.024859491386256316, 0.11401919133455096], "k_pid_alt": [1.2679502233621702, 0.0, 0.1], "k_pid_att": [43.948176657889235, 8.523668343376618, 0.9274604585040267], "k_pid_yaw": [0.5, 1e-06, 0.1], "k_pid_hsp": [1.5859581202077546, 0.01, 0.01], "k_pid_vsp": [111.20884264032553, 102.7157397860675, 1.0]}, "datetime": {"datetime": "2025-08-20 17:39:16", "elapsed": 20810.90141272545, "delta": 14.937434434890747}, "costs": {"total_cost": 181.30099264299, "time_cost": 68.52, "final_distance_cost": 1.780497723924115, "oscillation_cost": 38.079137565836156, "completition_cost": 0.0, "overshoot_cost": 50.08864443175115, "power_cost": 11.797989221191408, "noise_cost": 11.034723700287174, "n_waypoints_completed": 9, "tot_waypoints": 9}}
{"target": -201.70517546392688, "params": {"k_pid_pos": [1.4698128353043505, 0.024859491386256316, 0.21152287994165886], "k_pid_alt": [1.6586884955541554, 0.0, 0.14895820972210694], "k_pid_att": [82.10715967326342, 3.7802132718527557, 0.9274604585040267], "k_pid_yaw": [0.5, 1e-06, 0.1], "k_pid_hsp": [1.0, 0.8411161312305768, 0.01], "k_pid_vsp": [110.56511661686339, 102.7157397860675, 1.0]}, "datetime": {"datetime": "2025-08-20 17:39:31", "elapsed": 20825.915306568146, "delta": 15.013893842697144}, "costs": {"total_cost": 201.70517546392688, "time_cost": 68.44800000000001, "final_distance_cost": 1.8337073000051995, "oscillation_cost": 57.621678027803554, "completition_cost": 0.0, "overshoot_cost": 50.172126967990046, "power_cost": 12.244102868652345, "noise_cost": 11.38556029947574, "n_waypoints_completed": 9, "tot_waypoints": 9}}
{"target": -183.4784258520808, "params": {"k_pid_pos": [1.4698128353043505, 0.024859491386256316, 0.11401919133455096], "k_pid_alt": [1.3959173657108794, 0.0, 0.9128610184476774], "k_pid_att": [21.6711938663424, 3.7802132718527557, 0.9274604585040267], "k_pid_yaw": [0.5, 1e-06, 0.1], "k_pid_hsp": [2.395389635608916, 0.01, 0.01], "k_pid_vsp": [111.20884264032553, 102.7157397860675, 1.0]}, "datetime": {"datetime": "2025-08-20 17:39:47", "elapsed": 20841.767694711685, "delta": 15.852388143539429}, "costs": {"total_cost": 183.4784258520808, "time_cost": 70.83200000000001, "final_distance_cost": 1.8054871151834482, "oscillation_cost": 37.407600782309025, "completition_cost": 0.0, "overshoot_cost": 50.24484494122822, "power_cost": 11.995503186035156, "noise_cost": 11.19298982732492, "n_waypoints_completed": 9, "tot_waypoints": 9}}
{"target": -197.42118583243746, "params": {"k_pid_pos": [1.4698128353043505, 0.024859491386256316, 0.11401919133455096], "k_pid_alt": [1.2679502233621702, 0.0, 0.9659895333512928], "k_pid_att": [81.31192509329654, 8.683548648184065, 0.9274604585040267], "k_pid_yaw": [0.5, 1e-06, 0.1], "k_pid_hsp": [7.137108184502412, 0.01, 0.01], "k_pid_vsp": [91.91679249959628, 313.0622943974321, 1.0]}, "datetime": {"datetime": "2025-08-20 17:40:03", "elapsed": 20857.8004860878, "delta": 16.03279137611389}, "costs": {"total_cost": 197.42118583243746, "time_cost": 72.112, "final_distance_cost": 1.8229831745739484, "oscillation_cost": 49.46828533624281, "completition_cost": 0.0, "overshoot_cost": 49.819096444326796, "power_cost": 12.764744567871094, "noise_cost": 11.434076309422817, "n_waypoints_completed": 9, "tot_waypoints": 9}}
{"target": -218.76297654406875, "params": {"k_pid_pos": [1.4698128353043505, 0.024859491386256316, 0.11401919133455096], "k_pid_alt": [1.2679502233621702, 0.8662610449795003, 0.1], "k_pid_att": [43.948176657889235, 3.7802132718527557, 0.9274604585040267], "k_pid_yaw": [0.5, 1e-06, 0.1], "k_pid_hsp": [2.395389635608916, 0.01, 0.01], "k_pid_vsp": [110.56511661686339, 102.7157397860675, 1.0]}, "datetime": {"datetime": "2025-08-20 17:40:21", "elapsed": 20876.132974147797, "delta": 18.33248805999756}, "costs": {"total_cost": 218.76297654406875, "time_cost": 83.57600000000001, "final_distance_cost": 1.7837246399619044, "oscillation_cost": 52.57552286510076, "completition_cost": 0.0, "overshoot_cost": 54.35491303200132, "power_cost": 14.063777770996094, "noise_cost": 12.409038236008652, "n_waypoints_completed": 9, "tot_waypoints": 9}}
{"target": -182.04219939327675, "params": {"k_pid_pos": [1.4698128353043505, 0.024859491386256316, 0.11401919133455096], "k_pid_alt": [1.7877463665719298, 0.0, 0.1], "k_pid_att": [43.948176657889235, 3.7802132718527557, 0.9274604585040267], "k_pid_yaw": [0.5, 1e-06, 0.1], "k_pid_hsp": [2.395389635608916, 0.01, 0.01], "k_pid_vsp": [111.20884264032553, 102.7157397860675, 1.0]}, "datetime": {"datetime": "2025-08-20 17:40:37", "elapsed": 20891.92140173912, "delta": 15.788427591323853}, "costs": {"total_cost": 182.04219939327675, "time_cost": 68.456, "final_distance_cost": 1.7806665145592429, "oscillation_cost": 38.86945327058628, "completition_cost": 0.0, "overshoot_cost": 50.41790167009718, "power_cost": 11.501373522949219, "noise_cost": 11.016804415084822, "n_waypoints_completed": 9, "tot_waypoints": 9}}
