{"target": -183.2128223366076, "params": {"k_pid_pos": [1.4698128353043505, 0.024859491386256316, 0.11401919133455096], "k_pid_alt": [0.9146766663066528, 0.0, 0.1], "k_pid_att": [43.948176657889235, 1.0, 0.9274604585040267], "k_pid_yaw": [0.5, 1e-06, 0.1], "k_pid_hsp": [1.0, 0.01, 0.01], "k_pid_vsp": [111.20884264032553, 139.20520652041523, 1.0]}, "datetime": {"datetime": "2025-08-20 13:59:31", "elapsed": 7625.732780456543, "delta": 18.017881870269775}, "costs": {"total_cost": 183.2128223366076, "time_cost": 69.808, "final_distance_cost": 1.7843643507411402, "oscillation_cost": 37.64777400816331, "completition_cost": 0.0, "overshoot_cost": 50.1225950006439, "power_cost": 12.574154943847656, "noise_cost": 11.275934033211561, "n_waypoints_completed": 9, "tot_waypoints": 9}}
{"target": -182.45188466383013, "params": {"k_pid_pos": [1.7847649702027382, 0.024859491386256316, 0.44963268842268056], "k_pid_alt": [1.1302962253917743, 0.0, 0.1], "k_pid_att": [43.948176657889235, 1.0, 0.9274604585040267], "k_pid_yaw": [0.5, 1e-06, 0.1], "k_pid_hsp": [1.0, 0.01, 0.01], "k_pid_vsp": [111.20884264032553, 139.20520652041523, 1.0]}, "datetime": {"datetime": "2025-08-20 13:59:48", "elapsed": 7642.554475069046, "delta": 16.82169461250305}, "costs": {"total_cost": 182.45188466383013, "time_cost": 68.968, "final_distance_cost": 1.7947053492134137, "oscillation_cost": 36.64242139764281, "completition_cost": 0.0, "overshoot_cost": 50.979579511087536, "power_cost": 12.63833251953125, "noise_cost": 11.428845886355115, "n_waypoints_completed": 9, "tot_waypoints": 9}}
{"target": -180.82633189952398, "params": {"k_pid_pos": [1.4698128353043505, 0.024859491386256316, 0.11401919133455096], "k_pid_alt": [1.2679502233621702, 0.0, 0.1], "k_pid_att": [43.948176657889235, 3.7802132718527557, 0.9274604585040267], "k_pid_yaw": [0.5, 1e-06, 0.1], "k_pid_hsp": [1.0, 0.01, 0.01], "k_pid_vsp": [111.20884264032553, 93.09285943774285, 1.0]}, "datetime": {"datetime": "2025-08-20 14:00:04", "elapsed": 7659.01780629158, "delta": 16.46333122253418}, "costs": {"total_cost": 180.82633189952398, "time_cost": 68.456, "final_distance_cost": 1.8129035550535026, "oscillation_cost": 37.19502557670047, "completition_cost": 0.0, "overshoot_cost": 50.071586228309805, "power_cost": 12.12881405029297, "noise_cost": 11.162002489167234, "n_waypoints_completed": 9, "tot_waypoints": 9}}
{"target": -215.52891777652604, "params": {"k_pid_pos": [0.5503339975771474, 0.024859491386256316, 0.11401919133455096], "k_pid_alt": [1.2679502233621702, 0.0, 0.1], "k_pid_att": [66.62171653053798, 9.770065979523123, 0.5968380379296185], "k_pid_yaw": [0.5, 1e-06, 0.1], "k_pid_hsp": [1.0, 0.029631885976391104, 0.01], "k_pid_vsp": [111.20884264032553, 3.384608627270843, 39.36383854960912]}, "datetime": {"datetime": "2025-08-20 14:00:27", "elapsed": 7682.053377151489, "delta": 23.035570859909058}, "costs": {"total_cost": 215.52891777652604, "time_cost": 90.072, "final_distance_cost": 1.8461712997275712, "oscillation_cost": 49.675665566785874, "completition_cost": 0.0, "overshoot_cost": 57.13727199222711, "power_cost": 7.197876770019532, "noise_cost": 9.599932147765962, "n_waypoints_completed": 9, "tot_waypoints": 9}}
{"target": -215.34750753263742, "params": {"k_pid_pos": [1.4698128353043505, 0.024859491386256316, 0.11401919133455096], "k_pid_alt": [1.2679502233621702, 0.798728739228488, 0.1], "k_pid_att": [66.62171653053798, 1.0, 0.591082821894856], "k_pid_yaw": [0.5, 1e-06, 0.1], "k_pid_hsp": [1.0, 0.029631885976391104, 0.01], "k_pid_vsp": [111.20884264032553, 221.6078012742647, 1.0]}, "datetime": {"datetime": "2025-08-20 14:00:49", "elapsed": 7704.410582780838, "delta": 22.357205629348755}, "costs": {"total_cost": 215.34750753263742, "time_cost": 81.144, "final_distance_cost": 1.7758948143766315, "oscillation_cost": 53.3844744353223, "completition_cost": 0.0, "overshoot_cost": 51.791039130998264, "power_cost": 14.785065112304688, "noise_cost": 12.467034039635548, "n_waypoints_completed": 9, "tot_waypoints": 9}}
{"target": -180.9493430352725, "params": {"k_pid_pos": [1.4698128353043505, 0.024859491386256316, 0.11401919133455096], "k_pid_alt": [1.2679502233621702, 0.0, 0.1], "k_pid_att": [52.781640202125004, 1.0, 0.9274604585040267], "k_pid_yaw": [0.5, 1e-06, 0.1], "k_pid_hsp": [1.0, 0.029631885976391104, 0.01], "k_pid_vsp": [111.20884264032553, 93.09285943774285, 1.0]}, "datetime": {"datetime": "2025-08-20 14:01:08", "elapsed": 7723.444622516632, "delta": 19.034039735794067}, "costs": {"total_cost": 180.9493430352725, "time_cost": 68.48, "final_distance_cost": 1.8176834925963474, "oscillation_cost": 37.352244017058325, "completition_cost": 0.0, "overshoot_cost": 50.086461184773356, "power_cost": 12.11051033935547, "noise_cost": 11.102444001489003, "n_waypoints_completed": 9, "tot_waypoints": 9}}
{"target": -181.32080818039688, "params": {"k_pid_pos": [1.4698128353043505, 0.024859491386256316, 0.11401919133455096], "k_pid_alt": [1.2679502233621702, 0.0, 0.1], "k_pid_att": [43.948176657889235, 1.0, 0.9274604585040267], "k_pid_yaw": [0.5, 1e-06, 0.1], "k_pid_hsp": [1.0, 0.01, 0.01], "k_pid_vsp": [111.20884264032553, 93.09285943774285, 1.0]}, "datetime": {"datetime": "2025-08-20 14:01:27", "elapsed": 7742.379274368286, "delta": 18.934651851654053}, "costs": {"total_cost": 181.32080818039688, "time_cost": 68.512, "final_distance_cost": 1.8153287550354966, "oscillation_cost": 37.58569188703748, "completition_cost": 0.0, "overshoot_cost": 50.11755922457477, "power_cost": 12.177476477050782, "noise_cost": 11.112751836698353, "n_waypoints_completed": 9, "tot_waypoints": 9}}
{"target": -181.1670681197464, "params": {"k_pid_pos": [1.4698128353043505, 0.024859491386256316, 0.11401919133455096], "k_pid_alt": [1.2679502233621702, 0.0, 0.1], "k_pid_att": [43.948176657889235, 3.7802132718527557, 0.9274604585040267], "k_pid_yaw": [0.5, 1e-06, 0.1], "k_pid_hsp": [1.0, 0.01, 0.01], "k_pid_vsp": [111.20884264032553, 139.20520652041523, 1.0]}, "datetime": {"datetime": "2025-08-20 14:01:46", "elapsed": 7760.497883319855, "delta": 18.118608951568604}, "costs": {"total_cost": 181.1670681197464, "time_cost": 68.408, "final_distance_cost": 1.8149197368785461, "oscillation_cost": 37.487021125537034, "completition_cost": 0.0, "overshoot_cost": 49.66523502731124, "power_cost": 12.48892197265625, "noise_cost": 11.302970257363347, "n_waypoints_completed": 9, "tot_waypoints": 9}}
{"target": -214.84322421159482, "params": {"k_pid_pos": [1.4698128353043505, 0.5743711704314439, 0.11401919133455096], "k_pid_alt": [1.7224840888036632, 0.0, 0.1], "k_pid_att": [43.948176657889235, 3.7802132718527557, 0.9274604585040267], "k_pid_yaw": [0.5, 1e-06, 0.1], "k_pid_hsp": [1.0, 0.01, 0.01], "k_pid_vsp": [254.46877323414844, 93.09285943774285, 1.0]}, "datetime": {"datetime": "2025-08-20 14:02:06", "elapsed": 7781.431268930435, "delta": 20.933385610580444}, "costs": {"total_cost": 214.84322421159482, "time_cost": 82.784, "final_distance_cost": 1.7417667658316265, "oscillation_cost": 48.18689553005831, "completition_cost": 0.0, "overshoot_cost": 53.51702062464625, "power_cost": 15.331592102050783, "noise_cost": 13.28194918900782, "n_waypoints_completed": 9, "tot_waypoints": 9}}
{"target": -182.4330814373814, "params": {"k_pid_pos": [1.4698128353043505, 0.024859491386256316, 0.11401919133455096], "k_pid_alt": [1.2679502233621702, 0.0, 0.22168249022254083], "k_pid_att": [43.948176657889235, 1.0, 0.9274604585040267], "k_pid_yaw": [0.5, 1e-06, 0.1], "k_pid_hsp": [1.0, 0.01, 0.01], "k_pid_vsp": [111.20884264032553, 139.20520652041523, 1.0]}, "datetime": {"datetime": "2025-08-20 14:02:23", "elapsed": 7798.463232040405, "delta": 17.031963109970093}, "costs": {"total_cost": 182.4330814373814, "time_cost": 68.816, "final_distance_cost": 1.773923604743121, "oscillation_cost": 37.43692060566631, "completition_cost": 0.0, "overshoot_cost": 50.60897584090643, "power_cost": 12.570453234863281, "noise_cost": 11.226808151202246, "n_waypoints_completed": 9, "tot_waypoints": 9}}
{"target": -612.4567762262807, "params": {"k_pid_pos": [1.849624377781123, 0.024859491386256316, 0.3247566437552345], "k_pid_alt": [1.2679502233621702, 0.0, 0.1], "k_pid_att": [64.85696333643777, 3.7802132718527557, 0.9274604585040267], "k_pid_yaw": [0.5, 1e-06, 0.1], "k_pid_hsp": [1.0, 0.01, 0.01], "k_pid_vsp": [111.20884264032553, 93.09285943774285, 131.29633191148946]}, "datetime": {"datetime": "2025-08-20 14:02:50", "elapsed": 7825.026930332184, "delta": 26.563698291778564}, "costs": {"total_cost": 612.4567762262807, "time_cost": 150, "final_distance_cost": 72.09505202021737, "oscillation_cost": 58.15797036302403, "completition_cost": 222.2222222222222, "overshoot_cost": 62.93540399736753, "power_cost": 27.298015283203128, "noise_cost": 19.748112340246525, "n_waypoints_completed": 7, "tot_waypoints": 9}}
{"target": -188.72721550298087, "params": {"k_pid_pos": [1.4698128353043505, 0.024859491386256316, 0.6521786052913653], "k_pid_alt": [1.2679502233621702, 0.0, 0.1], "k_pid_att": [66.62171653053798, 1.0, 0.9274604585040267], "k_pid_yaw": [0.5, 1e-06, 0.1], "k_pid_hsp": [1.0, 0.029631885976391104, 0.01], "k_pid_vsp": [153.0622015256548, 84.00193632023473, 1.0]}, "datetime": {"datetime": "2025-08-20 14:03:09", "elapsed": 7843.840528249741, "delta": 18.813597917556763}, "costs": {"total_cost": 188.72721550298087, "time_cost": 72.2, "final_distance_cost": 1.8409265313576593, "oscillation_cost": 40.474348996814726, "completition_cost": 0.0, "overshoot_cost": 49.604813372936945, "power_cost": 12.648842236328125, "noise_cost": 11.958284365543381, "n_waypoints_completed": 9, "tot_waypoints": 9}}
{"target": -183.12863660345948, "params": {"k_pid_pos": [1.647366612200146, 0.06328363340203702, 0.11401919133455096], "k_pid_alt": [1.2679502233621702, 0.0, 0.1], "k_pid_att": [66.62171653053798, 6.16091081068753, 0.9274604585040267], "k_pid_yaw": [0.5, 1e-06, 0.1], "k_pid_hsp": [1.0, 0.01, 0.01], "k_pid_vsp": [111.20884264032553, 93.09285943774285, 1.0]}, "datetime": {"datetime": "2025-08-20 14:03:25", "elapsed": 7860.482452392578, "delta": 16.641924142837524}, "costs": {"total_cost": 183.12863660345948, "time_cost": 68.464, "final_distance_cost": 1.8005106204105619, "oscillation_cost": 39.23657262303531, "completition_cost": 0.0, "overshoot_cost": 50.60448650475263, "power_cost": 11.938633154296875, "noise_cost": 11.084433700964128, "n_waypoints_completed": 9, "tot_waypoints": 9}}
{"target": -182.15969555558166, "params": {"k_pid_pos": [1.4698128353043505, 0.024859491386256316, 0.11401919133455096], "k_pid_alt": [1.2679502233621702, 0.0, 0.1], "k_pid_att": [43.948176657889235, 3.7802132718527557, 0.9274604585040267], "k_pid_yaw": [0.5, 1e-06, 0.1], "k_pid_hsp": [1.0, 0.029631885976391104, 0.01], "k_pid_vsp": [397.63618790684643, 93.09285943774285, 1.0]}, "datetime": {"datetime": "2025-08-20 14:03:42", "elapsed": 7877.4543879032135, "delta": 16.971935510635376}, "costs": {"total_cost": 182.15969555558166, "time_cost": 68.808, "final_distance_cost": 1.7913233991983342, "oscillation_cost": 37.39502128164795, "completition_cost": 0.0, "overshoot_cost": 50.548910331646915, "power_cost": 12.397793286132814, "noise_cost": 11.21864725695564, "n_waypoints_completed": 9, "tot_waypoints": 9}}
{"target": -208.5488706070892, "params": {"k_pid_pos": [1.4698128353043505, 0.024859491386256316, 0.11401919133455096], "k_pid_alt": [1.2679502233621702, 0.27082543444689955, 0.1], "k_pid_att": [66.62171653053798, 1.0, 0.9274604585040267], "k_pid_yaw": [0.5, 1e-06, 0.1], "k_pid_hsp": [1.0, 0.029631885976391104, 0.01], "k_pid_vsp": [111.20884264032553, 93.09285943774285, 1.0]}, "datetime": {"datetime": "2025-08-20 14:04:02", "elapsed": 7896.918557167053, "delta": 19.46416926383972}, "costs": {"total_cost": 208.5488706070892, "time_cost": 79.584, "final_distance_cost": 1.754090442383744, "oscillation_cost": 49.23728787144205, "completition_cost": 0.0, "overshoot_cost": 51.30035217566403, "power_cost": 14.319690075683594, "noise_cost": 12.353450041915789, "n_waypoints_completed": 9, "tot_waypoints": 9}}
{"target": -1119.6358507417367, "params": {"k_pid_pos": [1.4698128353043505, 0.024859491386256316, 0.11401919133455096], "k_pid_alt": [1.2679502233621702, 0.0, 0.1], "k_pid_att": [66.62171653053798, 1.0, 0.9274604585040267], "k_pid_yaw": [0.5, 1e-06, 0.1], "k_pid_hsp": [1.0, 0.029631885976391104, 0.01], "k_pid_vsp": [111.20884264032553, 93.09285943774285, 225.93694083432098]}, "datetime": {"datetime": "2025-08-20 14:04:27", "elapsed": 7921.970777750015, "delta": 25.052220582962036}, "costs": {"total_cost": 1119.6358507417367, "time_cost": 150, "final_distance_cost": 65.58040909596411, "oscillation_cost": 32.91624493371779, "completition_cost": 777.7777777777778, "overshoot_cost": 79.72776262990551, "power_cost": 6.3429034790039065, "noise_cost": 7.290752825367439, "n_waypoints_completed": 2, "tot_waypoints": 9}}
{"target": -214.99469743001117, "params": {"k_pid_pos": [1.4698128353043505, 0.024859491386256316, 0.11401919133455096], "k_pid_alt": [1.2679502233621702, 0.8207116841117432, 0.1], "k_pid_att": [43.948176657889235, 1.0, 0.9274604585040267], "k_pid_yaw": [0.5, 1e-06, 0.1], "k_pid_hsp": [1.0, 0.01, 0.01], "k_pid_vsp": [111.20884264032553, 93.09285943774285, 1.0]}, "datetime": {"datetime": "2025-08-20 14:04:49", "elapsed": 7943.538132190704, "delta": 21.567354440689087}, "costs": {"total_cost": 214.99469743001117, "time_cost": 82.08, "final_distance_cost": 1.749773165035619, "oscillation_cost": 50.63005346585355, "completition_cost": 0.0, "overshoot_cost": 53.05833332344963, "power_cost": 14.803977563476563, "noise_cost": 12.67255991219582, "n_waypoints_completed": 9, "tot_waypoints": 9}}
{"target": -1124.0162418775858, "params": {"k_pid_pos": [0.010462981495731612, 0.1279420475317411, 0.11401919133455096], "k_pid_alt": [1.2679502233621702, 0.0, 0.1], "k_pid_att": [43.948176657889235, 3.7802132718527557, 0.9274604585040267], "k_pid_yaw": [0.5, 1e-06, 0.1], "k_pid_hsp": [1.0, 0.01, 0.01], "k_pid_vsp": [150.0, 307.0029666248519, 1.0]}, "datetime": {"datetime": "2025-08-20 14:05:16", "elapsed": 7971.220629453659, "delta": 27.682497262954712}, "costs": {"total_cost": 1124.0162418775858, "time_cost": 150, "final_distance_cost": 84.39633648001107, "oscillation_cost": 6.936513095717541, "completition_cost": 777.7777777777778, "overshoot_cost": 74.21495146611302, "power_cost": 16.411604016113284, "noise_cost": 14.279059041853072, "n_waypoints_completed": 2, "tot_waypoints": 9}}
{"target": -234.32594588609658, "params": {"k_pid_pos": [1.0566321499597533, 0.9765430134530636, 0.7181496364986464], "k_pid_alt": [1.2679502233621702, 0.0, 0.1], "k_pid_att": [2.693576540878273, 1.0, 0.9274604585040267], "k_pid_yaw": [0.5, 1e-06, 0.1], "k_pid_hsp": [1.0, 0.01, 0.01], "k_pid_vsp": [150.0, 307.0029666248519, 1.0]}, "datetime": {"datetime": "2025-08-20 14:05:41", "elapsed": 7996.251865386963, "delta": 25.031235933303833}, "costs": {"total_cost": 234.32594588609658, "time_cost": 94.288, "final_distance_cost": 1.7302451054167651, "oscillation_cost": 51.72343204334063, "completition_cost": 0.0, "overshoot_cost": 54.10401393132199, "power_cost": 17.337214001464844, "noise_cost": 15.143040804552355, "n_waypoints_completed": 9, "tot_waypoints": 9}}
{"target": -180.82633189952398, "params": {"k_pid_pos": [1.4698128353043505, 0.024859491386256316, 0.11401919133455096], "k_pid_alt": [1.2679502233621702, 0.0, 0.1], "k_pid_att": [43.948176657889235, 3.7802132718527557, 0.9274604585040267], "k_pid_yaw": [0.5, 1e-06, 0.1], "k_pid_hsp": [1.0, 0.01, 0.01], "k_pid_vsp": [111.20884264032553, 93.09285943774285, 1.0]}, "datetime": {"datetime": "2025-08-20 14:05:58", "elapsed": 8013.160014390945, "delta": 16.908149003982544}, "costs": {"total_cost": 180.82633189952398, "time_cost": 68.456, "final_distance_cost": 1.8129035550535026, "oscillation_cost": 37.19502557670047, "completition_cost": 0.0, "overshoot_cost": 50.071586228309805, "power_cost": 12.12881405029297, "noise_cost": 11.162002489167234, "n_waypoints_completed": 9, "tot_waypoints": 9}}
{"target": -180.82633189952398, "params": {"k_pid_pos": [1.4698128353043505, 0.024859491386256316, 0.11401919133455096], "k_pid_alt": [1.2679502233621702, 0.0, 0.1], "k_pid_att": [43.948176657889235, 3.7802132718527557, 0.9274604585040267], "k_pid_yaw": [0.5, 1e-06, 0.1], "k_pid_hsp": [1.0, 0.01, 0.01], "k_pid_vsp": [111.20884264032553, 93.09285943774285, 1.0]}, "datetime": {"datetime": "2025-08-20 14:06:14", "elapsed": 8028.703237771988, "delta": 15.54322338104248}, "costs": {"total_cost": 180.82633189952398, "time_cost": 68.456, "final_distance_cost": 1.8129035550535026, "oscillation_cost": 37.19502557670047, "completition_cost": 0.0, "overshoot_cost": 50.071586228309805, "power_cost": 12.12881405029297, "noise_cost": 11.162002489167234, "n_waypoints_completed": 9, "tot_waypoints": 9}}
{"target": -180.82633189952398, "params": {"k_pid_pos": [1.4698128353043505, 0.024859491386256316, 0.11401919133455096], "k_pid_alt": [1.2679502233621702, 0.0, 0.1], "k_pid_att": [43.948176657889235, 3.7802132718527557, 0.9274604585040267], "k_pid_yaw": [0.5, 1e-06, 0.1], "k_pid_hsp": [1.0, 0.01, 0.01], "k_pid_vsp": [111.20884264032553, 93.09285943774285, 1.0]}, "datetime": {"datetime": "2025-08-20 14:06:29", "elapsed": 8044.438160657883, "delta": 15.734922885894775}, "costs": {"total_cost": 180.82633189952398, "time_cost": 68.456, "final_distance_cost": 1.8129035550535026, "oscillation_cost": 37.19502557670047, "completition_cost": 0.0, "overshoot_cost": 50.071586228309805, "power_cost": 12.12881405029297, "noise_cost": 11.162002489167234, "n_waypoints_completed": 9, "tot_waypoints": 9}}
{"target": -185.31235232579158, "params": {"k_pid_pos": [1.4698128353043505, 0.024859491386256316, 0.11401919133455096], "k_pid_alt": [1.2679502233621702, 0.0, 0.1], "k_pid_att": [43.948176657889235, 1.0, 0.9274604585040267], "k_pid_yaw": [0.5, 1e-06, 0.1], "k_pid_hsp": [1.0, 0.2320249538069996, 0.01], "k_pid_vsp": [111.20884264032553, 139.20520652041523, 1.0]}, "datetime": {"datetime": "2025-08-20 14:06:46", "elapsed": 8061.22786283493, "delta": 16.78970217704773}, "costs": {"total_cost": 185.31235232579158, "time_cost": 68.19200000000001, "final_distance_cost": 1.7970755094950273, "oscillation_cost": 42.633318407813235, "completition_cost": 0.0, "overshoot_cost": 49.40565482410284, "power_cost": 12.175929370117188, "noise_cost": 11.108374214263288, "n_waypoints_completed": 9, "tot_waypoints": 9}}
{"target": -725.6962562507372, "params": {"k_pid_pos": [1.4698128353043505, 0.024859491386256316, 0.11401919133455096], "k_pid_alt": [1.2679502233621702, 0.0, 0.1], "k_pid_att": [43.948176657889235, 3.7802132718527557, 0.9274604585040267], "k_pid_yaw": [0.5, 1e-06, 0.1], "k_pid_hsp": [1.0, 0.01, 0.01], "k_pid_vsp": [111.20884264032553, 109.33732212261678, 150.7073891419256]}, "datetime": {"datetime": "2025-08-20 14:07:12", "elapsed": 8087.461889266968, "delta": 26.234026432037354}, "costs": {"total_cost": 725.6962562507372, "time_cost": 150, "final_distance_cost": 68.21993744081273, "oscillation_cost": 53.963716879817035, "completition_cost": 333.33333333333337, "overshoot_cost": 65.95884276185944, "power_cost": 31.350221533203126, "noise_cost": 22.870204301711606, "n_waypoints_completed": 6, "tot_waypoints": 9}}
{"target": -182.15969555558166, "params": {"k_pid_pos": [1.4698128353043505, 0.024859491386256316, 0.11401919133455096], "k_pid_alt": [1.2679502233621702, 0.0, 0.1], "k_pid_att": [43.948176657889235, 3.7802132718527557, 0.9274604585040267], "k_pid_yaw": [0.5, 1e-06, 0.1], "k_pid_hsp": [1.0, 0.029631885976391104, 0.01], "k_pid_vsp": [397.63618790684643, 93.09285943774285, 1.0]}, "datetime": {"datetime": "2025-08-20 14:07:32", "elapsed": 8106.838312387466, "delta": 19.376423120498657}, "costs": {"total_cost": 182.15969555558166, "time_cost": 68.808, "final_distance_cost": 1.7913233991983342, "oscillation_cost": 37.39502128164795, "completition_cost": 0.0, "overshoot_cost": 50.548910331646915, "power_cost": 12.397793286132814, "noise_cost": 11.21864725695564, "n_waypoints_completed": 9, "tot_waypoints": 9}}
{"target": -215.34750753263742, "params": {"k_pid_pos": [1.4698128353043505, 0.024859491386256316, 0.11401919133455096], "k_pid_alt": [1.2679502233621702, 0.798728739228488, 0.1], "k_pid_att": [66.62171653053798, 1.0, 0.591082821894856], "k_pid_yaw": [0.5, 1e-06, 0.1], "k_pid_hsp": [1.0, 0.029631885976391104, 0.01], "k_pid_vsp": [111.20884264032553, 221.6078012742647, 1.0]}, "datetime": {"datetime": "2025-08-20 14:07:51", "elapsed": 8125.8417801856995, "delta": 19.003467798233032}, "costs": {"total_cost": 215.34750753263742, "time_cost": 81.144, "final_distance_cost": 1.7758948143766315, "oscillation_cost": 53.3844744353223, "completition_cost": 0.0, "overshoot_cost": 51.791039130998264, "power_cost": 14.785065112304688, "noise_cost": 12.467034039635548, "n_waypoints_completed": 9, "tot_waypoints": 9}}
{"target": -215.26403611231947, "params": {"k_pid_pos": [1.4698128353043505, 0.641417904513436, 0.11401919133455096], "k_pid_alt": [1.2679502233621702, 0.0, 0.1], "k_pid_att": [43.948176657889235, 3.7802132718527557, 0.9274604585040267], "k_pid_yaw": [0.5, 1e-06, 0.1], "k_pid_hsp": [1.0, 0.01, 0.01], "k_pid_vsp": [111.20884264032553, 93.09285943774285, 1.0]}, "datetime": {"datetime": "2025-08-20 14:08:10", "elapsed": 8145.109272956848, "delta": 19.26749277114868}, "costs": {"total_cost": 215.26403611231947, "time_cost": 83.008, "final_distance_cost": 1.7212380398381126, "oscillation_cost": 47.82147069549472, "completition_cost": 0.0, "overshoot_cost": 53.418563694919975, "power_cost": 15.855518261718752, "noise_cost": 13.439245420347925, "n_waypoints_completed": 9, "tot_waypoints": 9}}
