{"target": -186.61190038314248, "params": {"k_pid_pos": [1.4698128353043505, 0.024859491386256316, 0.11401919133455096], "k_pid_alt": [1.2679502233621702, 0.0, 0.1], "k_pid_att": [43.948176657889235, 3.7802132718527557, 0.9274604585040267], "k_pid_yaw": [0.5, 1e-06, 0.1], "k_pid_hsp": [1.0, 0.23589601547334327, 0.01], "k_pid_vsp": [111.20884264032553, 93.09285943774285, 1.0]}, "datetime": {"datetime": "2025-08-20 15:06:07", "elapsed": 11622.397706985474, "delta": 17.39646816253662}, "costs": {"total_cost": 186.61190038314248, "time_cost": 68.24, "final_distance_cost": 1.8058163586683507, "oscillation_cost": 43.266468792953965, "completition_cost": 0.0, "overshoot_cost": 49.90107270424845, "power_cost": 12.255311877441407, "noise_cost": 11.143230649830327, "n_waypoints_completed": 9, "tot_waypoints": 9}}
{"target": -182.15416777515074, "params": {"k_pid_pos": [1.4698128353043505, 0.024859491386256316, 0.11401919133455096], "k_pid_alt": [0.8815334174028542, 0.0, 0.1], "k_pid_att": [43.948176657889235, 9.52237692751095, 0.9669350405079173], "k_pid_yaw": [0.5, 1e-06, 0.1], "k_pid_hsp": [1.0, 0.005322982040420254, 0.01], "k_pid_vsp": [111.20884264032553, 93.09285943774285, 1.0]}, "datetime": {"datetime": "2025-08-20 15:06:25", "elapsed": 11640.137804031372, "delta": 17.740097045898438}, "costs": {"total_cost": 182.15416777515074, "time_cost": 69.968, "final_distance_cost": 1.8075176182179036, "oscillation_cost": 36.75742706030244, "completition_cost": 0.0, "overshoot_cost": 49.79419707124432, "power_cost": 12.497411853027344, "noise_cost": 11.329614172358708, "n_waypoints_completed": 9, "tot_waypoints": 9}}
{"target": -181.6485324339565, "params": {"k_pid_pos": [1.4698128353043505, 0.024859491386256316, 0.11401919133455096], "k_pid_alt": [1.2679502233621702, 0.0, 0.1], "k_pid_att": [43.948176657889235, 3.7802132718527557, 0.9274604585040267], "k_pid_yaw": [0.5, 1e-06, 0.1], "k_pid_hsp": [1.0, 0.01, 0.01], "k_pid_vsp": [111.20884264032553, 87.58200976551859, 1.0]}, "datetime": {"datetime": "2025-08-20 15:06:41", "elapsed": 11655.902665615082, "delta": 15.764861583709717}, "costs": {"total_cost": 181.6485324339565, "time_cost": 68.504, "final_distance_cost": 1.7768462188535143, "oscillation_cost": 37.82171009682808, "completition_cost": 0.0, "overshoot_cost": 50.105885874529605, "power_cost": 12.26279783935547, "noise_cost": 11.177292404389817, "n_waypoints_completed": 9, "tot_waypoints": 9}}
{"target": -204.03123677815722, "params": {"k_pid_pos": [1.4698128353043505, 0.024859491386256316, 0.11401919133455096], "k_pid_alt": [1.2679502233621702, 0.0, 0.1], "k_pid_att": [43.948176657889235, 6.818041247323689, 0.9274604585040267], "k_pid_yaw": [0.5, 1e-06, 0.1], "k_pid_hsp": [8.170134635164592, 0.01, 0.01], "k_pid_vsp": [111.20884264032553, 93.09285943774285, 1.0]}, "datetime": {"datetime": "2025-08-20 15:06:57", "elapsed": 11672.421115636826, "delta": 16.518450021743774}, "costs": {"total_cost": 204.03123677815722, "time_cost": 68.688, "final_distance_cost": 1.7977376260968982, "oscillation_cost": 61.105437469953415, "completition_cost": 0.0, "overshoot_cost": 49.765909512586, "power_cost": 11.607732873535157, "noise_cost": 11.066419295985733, "n_waypoints_completed": 9, "tot_waypoints": 9}}
{"target": -181.75397724582902, "params": {"k_pid_pos": [1.4698128353043505, 0.024859491386256316, 0.11401919133455096], "k_pid_alt": [1.2679502233621702, 0.0, 0.1], "k_pid_att": [43.948176657889235, 3.9650988168623, 0.9274604585040267], "k_pid_yaw": [0.5, 1e-06, 0.1], "k_pid_hsp": [1.0, 0.01, 0.01], "k_pid_vsp": [111.20884264032553, 93.09285943774285, 1.0]}, "datetime": {"datetime": "2025-08-20 15:07:13", "elapsed": 11688.151077508926, "delta": 15.72996187210083}, "costs": {"total_cost": 181.75397724582902, "time_cost": 68.488, "final_distance_cost": 1.7820349500324701, "oscillation_cost": 37.53282432298566, "completition_cost": 0.0, "overshoot_cost": 50.21352837155586, "power_cost": 12.481480017089844, "noise_cost": 11.25610958416519, "n_waypoints_completed": 9, "tot_waypoints": 9}}
{"target": -181.4397641179593, "params": {"k_pid_pos": [1.4698128353043505, 0.024859491386256316, 0.1299460526004279], "k_pid_alt": [1.2679502233621702, 0.0, 0.1], "k_pid_att": [43.948176657889235, 0.17852168831839865, 0.9274604585040267], "k_pid_yaw": [0.5, 1e-06, 0.1], "k_pid_hsp": [1.0, 0.01, 0.01], "k_pid_vsp": [111.20884264032553, 93.09285943774285, 1.0]}, "datetime": {"datetime": "2025-08-20 15:07:28", "elapsed": 11703.389058589935, "delta": 15.237981081008911}, "costs": {"total_cost": 181.4397641179593, "time_cost": 68.536, "final_distance_cost": 1.812023790767458, "oscillation_cost": 37.208022359544024, "completition_cost": 0.0, "overshoot_cost": 50.176340017271144, "power_cost": 12.488724731445313, "noise_cost": 11.218653218931367, "n_waypoints_completed": 9, "tot_waypoints": 9}}
{"target": -206.31584403807295, "params": {"k_pid_pos": [1.4698128353043505, 0.024859491386256316, 0.11401919133455096], "k_pid_alt": [1.2679502233621702, 0.626400033436537, 0.1], "k_pid_att": [43.948176657889235, 3.7802132718527557, 0.9274604585040267], "k_pid_yaw": [0.5, 1e-06, 0.1], "k_pid_hsp": [1.0, 0.01, 0.01], "k_pid_vsp": [111.20884264032553, 93.09285943774285, 1.0]}, "datetime": {"datetime": "2025-08-20 15:07:47", "elapsed": 11721.736892700195, "delta": 18.34783411026001}, "costs": {"total_cost": 206.31584403807295, "time_cost": 78.92, "final_distance_cost": 1.772882675466297, "oscillation_cost": 47.29071056305895, "completition_cost": 0.0, "overshoot_cost": 51.52682801904913, "power_cost": 14.402940673828125, "noise_cost": 12.402482106670487, "n_waypoints_completed": 9, "tot_waypoints": 9}}
{"target": -1573.1149517826768, "params": {"k_pid_pos": [0.09404003683205926, 0.024859491386256316, 0.11401919133455096], "k_pid_alt": [1.2679502233621702, 0.0, 0.1], "k_pid_att": [43.948176657889235, 3.7802132718527557, 0.9274604585040267], "k_pid_yaw": [0.5, 1e-06, 0.1], "k_pid_hsp": [1.0, 0.005322982040420254, 0.01], "k_pid_vsp": [111.20884264032553, 93.09285943774285, 282.003310948003]}, "datetime": {"datetime": "2025-08-20 15:08:11", "elapsed": 11746.449639320374, "delta": 24.712746620178223}, "costs": {"total_cost": 1573.1149517826768, "time_cost": 150, "final_distance_cost": 238.11127493827635, "oscillation_cost": 24.520520313338086, "completition_cost": 888.8888888888888, "overshoot_cost": 246.50081682703927, "power_cost": 11.88372196044922, "noise_cost": 13.20972885468519, "n_waypoints_completed": 1, "tot_waypoints": 9}}
{"target": -313.24063141273245, "params": {"k_pid_pos": [1.4698128353043505, 0.024859491386256316, 0.11401919133455096], "k_pid_alt": [0.8815334174028542, 0.0, 0.1], "k_pid_att": [43.948176657889235, 3.7802132718527557, 0.9669350405079173], "k_pid_yaw": [0.5, 1e-06, 0.1], "k_pid_hsp": [1.0, 0.01, 0.48397499846555336], "k_pid_vsp": [111.20884264032553, 93.09285943774285, 1.0]}, "datetime": {"datetime": "2025-08-20 15:08:32", "elapsed": 11767.125997543335, "delta": 20.676358222961426}, "costs": {"total_cost": 313.24063141273245, "time_cost": 81.336, "final_distance_cost": 1.7099361773298187, "oscillation_cost": 138.25779541444868, "completition_cost": 0.0, "overshoot_cost": 61.03153020366941, "power_cost": 16.646991577148437, "noise_cost": 14.258378040136122, "n_waypoints_completed": 9, "tot_waypoints": 9}}
{"target": -182.44216625659323, "params": {"k_pid_pos": [1.4698128353043505, 0.024859491386256316, 0.11401919133455096], "k_pid_alt": [1.986978150104521, 0.0, 0.1], "k_pid_att": [43.948176657889235, 2.79325987156934, 0.9274604585040267], "k_pid_yaw": [0.5, 1e-06, 0.1], "k_pid_hsp": [1.0, 0.01, 0.01], "k_pid_vsp": [111.20884264032553, 93.09285943774285, 1.0]}, "datetime": {"datetime": "2025-08-20 15:08:48", "elapsed": 11783.23172712326, "delta": 16.105729579925537}, "costs": {"total_cost": 182.44216625659323, "time_cost": 68.648, "final_distance_cost": 1.7826047451705707, "oscillation_cost": 37.440640573585036, "completition_cost": 0.0, "overshoot_cost": 50.67100143300913, "power_cost": 12.559238208007812, "noise_cost": 11.340681296820648, "n_waypoints_completed": 9, "tot_waypoints": 9}}
{"target": -1556.611589947702, "params": {"k_pid_pos": [1.4698128353043505, 0.171039241112511, 0.11401919133455096], "k_pid_alt": [1.2679502233621702, 0.0, 0.1], "k_pid_att": [1.7288627185812477, 3.7802132718527557, 0.9274604585040267], "k_pid_yaw": [0.5, 1e-06, 0.1], "k_pid_hsp": [1.0, 0.01, 0.01], "k_pid_vsp": [111.20884264032553, 93.09285943774285, 261.386953859232]}, "datetime": {"datetime": "2025-08-20 15:09:12", "elapsed": 11807.411307811737, "delta": 24.179580688476562}, "costs": {"total_cost": 1556.611589947702, "time_cost": 150, "final_distance_cost": 2.804847485699746, "oscillation_cost": 173.0273282731219, "completition_cost": 1000.0, "overshoot_cost": 135.24124750071195, "power_cost": 24.631068298339844, "noise_cost": 70.90709838982843, "n_waypoints_completed": 0, "tot_waypoints": 9}}
{"target": -186.03187765501525, "params": {"k_pid_pos": [1.4999912498542303, 0.024859491386256316, 0.11401919133455096], "k_pid_alt": [1.2679502233621702, 0.0, 0.1], "k_pid_att": [43.948176657889235, 3.7802132718527557, 0.34464953207076743], "k_pid_yaw": [0.5, 1e-06, 0.1], "k_pid_hsp": [1.0, 0.01, 0.01], "k_pid_vsp": [111.20884264032553, 93.09285943774285, 1.0]}, "datetime": {"datetime": "2025-08-20 15:09:30", "elapsed": 11825.345866680145, "delta": 17.934558868408203}, "costs": {"total_cost": 186.03187765501525, "time_cost": 68.488, "final_distance_cost": 1.782306442535349, "oscillation_cost": 41.79358961862168, "completition_cost": 0.0, "overshoot_cost": 50.164287250831194, "power_cost": 12.510199914550782, "noise_cost": 11.293494428476247, "n_waypoints_completed": 9, "tot_waypoints": 9}}
{"target": -890.6242659048411, "params": {"k_pid_pos": [1.4698128353043505, 0.024859491386256316, 0.11401919133455096], "k_pid_alt": [1.1424381546674114, 0.0, 0.1], "k_pid_att": [43.948176657889235, 0.0889010446451618, 0.9274604585040267], "k_pid_yaw": [0.5, 1e-06, 0.1], "k_pid_hsp": [1.0, 0.01, 0.01], "k_pid_vsp": [179.49655965827282, 93.09285943774285, 307.68131284402733]}, "datetime": {"datetime": "2025-08-20 15:09:56", "elapsed": 11850.72635936737, "delta": 25.380492687225342}, "costs": {"total_cost": 890.6242659048411, "time_cost": 150, "final_distance_cost": 39.52831219532955, "oscillation_cost": 43.16004290980809, "completition_cost": 555.5555555555555, "overshoot_cost": 80.03534903982458, "power_cost": 11.990839794921875, "noise_cost": 10.35416640940151, "n_waypoints_completed": 4, "tot_waypoints": 9}}
{"target": -180.82633189952398, "params": {"k_pid_pos": [1.4698128353043505, 0.024859491386256316, 0.11401919133455096], "k_pid_alt": [1.2679502233621702, 0.0, 0.1], "k_pid_att": [43.948176657889235, 3.7802132718527557, 0.9274604585040267], "k_pid_yaw": [0.5, 1e-06, 0.1], "k_pid_hsp": [1.0, 0.01, 0.01], "k_pid_vsp": [111.20884264032553, 93.09285943774285, 1.0]}, "datetime": {"datetime": "2025-08-20 15:10:11", "elapsed": 11866.297618865967, "delta": 15.571259498596191}, "costs": {"total_cost": 180.82633189952398, "time_cost": 68.456, "final_distance_cost": 1.8129035550535026, "oscillation_cost": 37.19502557670047, "completition_cost": 0.0, "overshoot_cost": 50.071586228309805, "power_cost": 12.12881405029297, "noise_cost": 11.162002489167234, "n_waypoints_completed": 9, "tot_waypoints": 9}}
{"target": -180.82633189952398, "params": {"k_pid_pos": [1.4698128353043505, 0.024859491386256316, 0.11401919133455096], "k_pid_alt": [1.2679502233621702, 0.0, 0.1], "k_pid_att": [43.948176657889235, 3.7802132718527557, 0.9274604585040267], "k_pid_yaw": [0.5, 1e-06, 0.1], "k_pid_hsp": [1.0, 0.01, 0.01], "k_pid_vsp": [111.20884264032553, 93.09285943774285, 1.0]}, "datetime": {"datetime": "2025-08-20 15:10:28", "elapsed": 11882.515010595322, "delta": 16.21739172935486}, "costs": {"total_cost": 180.82633189952398, "time_cost": 68.456, "final_distance_cost": 1.8129035550535026, "oscillation_cost": 37.19502557670047, "completition_cost": 0.0, "overshoot_cost": 50.071586228309805, "power_cost": 12.12881405029297, "noise_cost": 11.162002489167234, "n_waypoints_completed": 9, "tot_waypoints": 9}}
{"target": -180.82633189952398, "params": {"k_pid_pos": [1.4698128353043505, 0.024859491386256316, 0.11401919133455096], "k_pid_alt": [1.2679502233621702, 0.0, 0.1], "k_pid_att": [43.948176657889235, 3.7802132718527557, 0.9274604585040267], "k_pid_yaw": [0.5, 1e-06, 0.1], "k_pid_hsp": [1.0, 0.01, 0.01], "k_pid_vsp": [111.20884264032553, 93.09285943774285, 1.0]}, "datetime": {"datetime": "2025-08-20 15:10:43", "elapsed": 11898.28242611885, "delta": 15.767415523529053}, "costs": {"total_cost": 180.82633189952398, "time_cost": 68.456, "final_distance_cost": 1.8129035550535026, "oscillation_cost": 37.19502557670047, "completition_cost": 0.0, "overshoot_cost": 50.071586228309805, "power_cost": 12.12881405029297, "noise_cost": 11.162002489167234, "n_waypoints_completed": 9, "tot_waypoints": 9}}
{"target": -180.82633189952398, "params": {"k_pid_pos": [1.4698128353043505, 0.024859491386256316, 0.11401919133455096], "k_pid_alt": [1.2679502233621702, 0.0, 0.1], "k_pid_att": [43.948176657889235, 3.7802132718527557, 0.9274604585040267], "k_pid_yaw": [0.5, 1e-06, 0.1], "k_pid_hsp": [1.0, 0.01, 0.01], "k_pid_vsp": [111.20884264032553, 93.09285943774285, 1.0]}, "datetime": {"datetime": "2025-08-20 15:10:59", "elapsed": 11914.21681523323, "delta": 15.934389114379883}, "costs": {"total_cost": 180.82633189952398, "time_cost": 68.456, "final_distance_cost": 1.8129035550535026, "oscillation_cost": 37.19502557670047, "completition_cost": 0.0, "overshoot_cost": 50.071586228309805, "power_cost": 12.12881405029297, "noise_cost": 11.162002489167234, "n_waypoints_completed": 9, "tot_waypoints": 9}}
{"target": -559.4498383475203, "params": {"k_pid_pos": [1.4698128353043505, 0.7766559899840447, 0.11401919133455096], "k_pid_alt": [1.2679502233621702, 0.0, 0.1], "k_pid_att": [43.948176657889235, 3.7802132718527557, 0.9274604585040267], "k_pid_yaw": [0.5, 1e-06, 0.1], "k_pid_hsp": [1.0, 0.01, 0.8079184187081999], "k_pid_vsp": [111.20884264032553, 93.09285943774285, 1.0]}, "datetime": {"datetime": "2025-08-20 15:11:22", "elapsed": 11937.202407121658, "delta": 22.985591888427734}, "costs": {"total_cost": 559.4498383475203, "time_cost": 150, "final_distance_cost": 42.648724252389805, "oscillation_cost": 140.8994094075323, "completition_cost": 111.11111111111116, "overshoot_cost": 78.31293371805253, "power_cost": 20.118232189941406, "noise_cost": 16.35942766849311, "n_waypoints_completed": 8, "tot_waypoints": 9}}
{"target": -181.8025007842444, "params": {"k_pid_pos": [1.4698128353043505, 0.024859491386256316, 0.11401919133455096], "k_pid_alt": [1.795722219278775, 0.0, 0.1], "k_pid_att": [43.948176657889235, 3.9650988168623, 0.9274604585040267], "k_pid_yaw": [0.5, 1e-06, 0.1], "k_pid_hsp": [1.0, 0.01, 0.01], "k_pid_vsp": [111.20884264032553, 93.09285943774285, 1.0]}, "datetime": {"datetime": "2025-08-20 15:11:38", "elapsed": 11952.801874399185, "delta": 15.599467277526855}, "costs": {"total_cost": 181.8025007842444, "time_cost": 68.4, "final_distance_cost": 1.779495809102733, "oscillation_cost": 37.425620083312516, "completition_cost": 0.0, "overshoot_cost": 50.38472334462097, "power_cost": 12.495046728515625, "noise_cost": 11.317614818692547, "n_waypoints_completed": 9, "tot_waypoints": 9}}
{"target": -358.1354506794295, "params": {"k_pid_pos": [1.4698128353043505, 0.024859491386256316, 0.11401919133455096], "k_pid_alt": [1.2679502233621702, 0.0, 0.1], "k_pid_att": [43.948176657889235, 3.7802132718527557, 0.9274604585040267], "k_pid_yaw": [0.5, 1e-06, 0.1], "k_pid_hsp": [1.0, 0.01, 0.855111440485344], "k_pid_vsp": [111.20884264032553, 93.09285943774285, 1.0]}, "datetime": {"datetime": "2025-08-20 15:11:59", "elapsed": 11973.694500923157, "delta": 20.892626523971558}, "costs": {"total_cost": 358.1354506794295, "time_cost": 91.296, "final_distance_cost": 1.7766946905358063, "oscillation_cost": 160.2618134967515, "completition_cost": 0.0, "overshoot_cost": 70.62908412002007, "power_cost": 18.151832177734377, "noise_cost": 16.020026194387725, "n_waypoints_completed": 9, "tot_waypoints": 9}}
{"target": -294.696413225869, "params": {"k_pid_pos": [1.4698128353043505, 0.024859491386256316, 0.11401919133455096], "k_pid_alt": [1.9379834684878636, 0.0, 0.1], "k_pid_att": [43.60526211095247, 3.7802132718527557, 0.9274604585040267], "k_pid_yaw": [0.5, 1e-06, 0.1], "k_pid_hsp": [1.0, 0.01, 0.22448647802751287], "k_pid_vsp": [50.679771886171295, 93.09285943774285, 1.0]}, "datetime": {"datetime": "2025-08-20 15:12:16", "elapsed": 11991.129937171936, "delta": 17.435436248779297}, "costs": {"total_cost": 294.696413225869, "time_cost": 71.96000000000001, "final_distance_cost": 1.7938324989065009, "oscillation_cost": 143.31922849131539, "completition_cost": 0.0, "overshoot_cost": 51.016544517305974, "power_cost": 14.276851818847657, "noise_cost": 12.329955899493402, "n_waypoints_completed": 9, "tot_waypoints": 9}}
{"target": -182.77126049314305, "params": {"k_pid_pos": [1.4999912498542303, 0.024859491386256316, 0.06327155149462471], "k_pid_alt": [1.1424381546674114, 0.0, 0.1], "k_pid_att": [43.948176657889235, 0.0889010446451618, 0.9274604585040267], "k_pid_yaw": [0.5, 1e-06, 0.1], "k_pid_hsp": [1.0, 0.01, 0.01], "k_pid_vsp": [111.20884264032553, 93.09285943774285, 1.0]}, "datetime": {"datetime": "2025-08-20 15:12:31", "elapsed": 12006.14420247078, "delta": 15.014265298843384}, "costs": {"total_cost": 182.77126049314305, "time_cost": 68.696, "final_distance_cost": 1.811380615981489, "oscillation_cost": 38.556666858721556, "completition_cost": 0.0, "overshoot_cost": 50.31606332994825, "power_cost": 12.235664843750001, "noise_cost": 11.155484844741784, "n_waypoints_completed": 9, "tot_waypoints": 9}}
{"target": -213.11663171196733, "params": {"k_pid_pos": [0.3597277290261015, 0.024859491386256316, 0.11401919133455096], "k_pid_alt": [1.2679502233621702, 0.0, 0.1], "k_pid_att": [43.948176657889235, 3.7802132718527557, 0.9274604585040267], "k_pid_yaw": [0.5, 1e-06, 0.1], "k_pid_hsp": [1.0, 0.42821208748488515, 0.01], "k_pid_vsp": [111.20884264032553, 93.09285943774285, 1.0]}, "datetime": {"datetime": "2025-08-20 15:12:52", "elapsed": 12026.841093301773, "delta": 20.696890830993652}, "costs": {"total_cost": 213.11663171196733, "time_cost": 91.88, "final_distance_cost": 1.8570252519926482, "oscillation_cost": 35.572681946360305, "completition_cost": 0.0, "overshoot_cost": 52.71550674651769, "power_cost": 15.291201440429688, "noise_cost": 15.800216326667002, "n_waypoints_completed": 9, "tot_waypoints": 9}}
{"target": -209.95383161411752, "params": {"k_pid_pos": [1.4698128353043505, 0.024859491386256316, 0.11401919133455096], "k_pid_alt": [1.2679502233621702, 0.22449205087189628, 0.1], "k_pid_att": [43.948176657889235, 3.9650988168623, 0.9274604585040267], "k_pid_yaw": [0.5, 1e-06, 0.1], "k_pid_hsp": [1.0, 0.01, 0.01], "k_pid_vsp": [111.20884264032553, 93.09285943774285, 1.0]}, "datetime": {"datetime": "2025-08-20 15:13:10", "elapsed": 12045.056380987167, "delta": 18.215287685394287}, "costs": {"total_cost": 209.95383161411752, "time_cost": 80.552, "final_distance_cost": 1.7264062380920033, "oscillation_cost": 49.407577119311405, "completition_cost": 0.0, "overshoot_cost": 50.94962322283596, "power_cost": 14.712346435546875, "noise_cost": 12.605878598331296, "n_waypoints_completed": 9, "tot_waypoints": 9}}
{"target": -1272.0869347741707, "params": {"k_pid_pos": [1.4698128353043505, 0.024859491386256316, 0.11401919133455096], "k_pid_alt": [0.8815334174028542, 0.0, 0.1], "k_pid_att": [43.948176657889235, 3.7802132718527557, 0.9669350405079173], "k_pid_yaw": [0.5, 1e-06, 0.1], "k_pid_hsp": [1.0, 0.01, 0.48397499846555336], "k_pid_vsp": [111.20884264032553, 93.09285943774285, 225.56621106983374]}, "datetime": {"datetime": "2025-08-20 15:13:32", "elapsed": 12067.324383735657, "delta": 22.26800274848938}, "costs": {"total_cost": 1272.0869347741707, "time_cost": 150, "final_distance_cost": 58.18069997751061, "oscillation_cost": 289.05957090611105, "completition_cost": 666.6666666666667, "overshoot_cost": 59.978302840279206, "power_cost": 26.968545019531252, "noise_cost": 21.233149364071764, "n_waypoints_completed": 3, "tot_waypoints": 9}}
{"target": -182.0122070145262, "params": {"k_pid_pos": [1.4698128353043505, 0.024859491386256316, 0.11401919133455096], "k_pid_alt": [1.2679502233621702, 0.0, 0.1], "k_pid_att": [70.93958205800527, 3.7802132718527557, 0.9274604585040267], "k_pid_yaw": [0.5, 1e-06, 0.1], "k_pid_hsp": [1.0, 0.01, 0.01], "k_pid_vsp": [111.20884264032553, 93.09285943774285, 1.0]}, "datetime": {"datetime": "2025-08-20 15:13:48", "elapsed": 12082.65848326683, "delta": 15.334099531173706}, "costs": {"total_cost": 182.0122070145262, "time_cost": 68.648, "final_distance_cost": 1.7797885076466042, "oscillation_cost": 37.771399792781935, "completition_cost": 0.0, "overshoot_cost": 50.0384120467099, "power_cost": 12.432065515136719, "noise_cost": 11.342541152251085, "n_waypoints_completed": 9, "tot_waypoints": 9}}
{"target": -229.65896514211755, "params": {"k_pid_pos": [1.4698128353043505, 0.8185488820337248, 0.11401919133455096], "k_pid_alt": [1.2679502233621702, 0.0, 0.1], "k_pid_att": [43.948176657889235, 3.7802132718527557, 0.9274604585040267], "k_pid_yaw": [0.5, 1e-06, 0.1], "k_pid_hsp": [1.0, 0.01, 0.01], "k_pid_vsp": [111.20884264032553, 93.09285943774285, 1.0]}, "datetime": {"datetime": "2025-08-20 15:14:08", "elapsed": 12102.742693185806, "delta": 20.08420991897583}, "costs": {"total_cost": 229.65896514211755, "time_cost": 89.296, "final_distance_cost": 1.7628717996977352, "oscillation_cost": 50.44172871105545, "completition_cost": 0.0, "overshoot_cost": 55.76723997528539, "power_cost": 17.43315075683594, "noise_cost": 14.957973899242997, "n_waypoints_completed": 9, "tot_waypoints": 9}}
