{"target": -180.5642061906237, "params": {"k_pid_pos": [1.4698128353043505, 0.024859491386256316, 0.11401919133455096], "k_pid_alt": [1.2679502233621702, 0.0, 0.1], "k_pid_att": [42.28034808905181, 3.7802132718527557, 0.9274604585040267], "k_pid_yaw": [0.5, 1e-06, 0.1], "k_pid_hsp": [1.0, 0.01, 0.01], "k_pid_vsp": [111.20884264032553, 197.31441805153213, 1.0]}, "datetime": {"datetime": "2025-08-20 16:31:29", "elapsed": 16744.258774280548, "delta": 16.002450466156006}, "costs": {"total_cost": 180.5642061906237, "time_cost": 68.44, "final_distance_cost": 1.8165043248080235, "oscillation_cost": 37.05203727740209, "completition_cost": 0.0, "overshoot_cost": 49.76410868970759, "power_cost": 12.331987084960938, "noise_cost": 11.159568813745063, "n_waypoints_completed": 9, "tot_waypoints": 9}}
{"target": -900.9450076156145, "params": {"k_pid_pos": [0.9099535497311482, 0.7250055444720932, 0.11401919133455096], "k_pid_alt": [1.2679502233621702, 0.9258024620299178, 0.1], "k_pid_att": [43.948176657889235, 3.7802132718527557, 0.9274604585040267], "k_pid_yaw": [0.5, 1e-06, 0.1], "k_pid_hsp": [1.0, 0.01, 0.01], "k_pid_vsp": [226.26984466641142, 93.09285943774285, 247.7468655756112]}, "datetime": {"datetime": "2025-08-20 16:31:52", "elapsed": 16767.069027662277, "delta": 22.810253381729126}, "costs": {"total_cost": 900.9450076156145, "time_cost": 150, "final_distance_cost": 42.88216937545409, "oscillation_cost": 47.693849715647104, "completition_cost": 555.5555555555555, "overshoot_cost": 63.80543280053421, "power_cost": 22.54078868408203, "noise_cost": 18.467211484341497, "n_waypoints_completed": 4, "tot_waypoints": 9}}
{"target": -181.0205809874518, "params": {"k_pid_pos": [1.4698128353043505, 0.024859491386256316, 0.11401919133455096], "k_pid_alt": [1.2679502233621702, 0.0, 0.1], "k_pid_att": [43.948176657889235, 3.7802132718527557, 0.9274604585040267], "k_pid_yaw": [0.5, 1e-06, 0.1], "k_pid_hsp": [1.0, 0.01, 0.01], "k_pid_vsp": [160.3395904221712, 123.17615504689017, 1.0]}, "datetime": {"datetime": "2025-08-20 16:32:07", "elapsed": 16782.274377584457, "delta": 15.205349922180176}, "costs": {"total_cost": 181.0205809874518, "time_cost": 68.544, "final_distance_cost": 1.8084592451652002, "oscillation_cost": 37.372315516877286, "completition_cost": 0.0, "overshoot_cost": 50.14294516378055, "power_cost": 12.100443420410157, "noise_cost": 11.052417641218625, "n_waypoints_completed": 9, "tot_waypoints": 9}}
{"target": -182.49133065577402, "params": {"k_pid_pos": [1.4698128353043505, 0.024859491386256316, 0.11401919133455096], "k_pid_alt": [1.2679502233621702, 0.0, 0.1], "k_pid_att": [43.948176657889235, 3.7802132718527557, 0.9274604585040267], "k_pid_yaw": [0.5, 1e-06, 0.1], "k_pid_hsp": [1.0, 0.01, 0.01], "k_pid_vsp": [376.5747392387296, 93.09285943774285, 1.0]}, "datetime": {"datetime": "2025-08-20 16:32:22", "elapsed": 16797.190147399902, "delta": 14.915769815444946}, "costs": {"total_cost": 182.49133065577402, "time_cost": 68.856, "final_distance_cost": 1.8026172743854754, "oscillation_cost": 37.26865327953233, "completition_cost": 0.0, "overshoot_cost": 50.70354844979767, "power_cost": 12.554427661132813, "noise_cost": 11.306083990925744, "n_waypoints_completed": 9, "tot_waypoints": 9}}
{"target": -190.44297760720215, "params": {"k_pid_pos": [1.4698128353043505, 0.024859491386256316, 0.11401919133455096], "k_pid_alt": [1.2679502233621702, 0.0, 0.1], "k_pid_att": [43.948176657889235, 3.7802132718527557, 0.9274604585040267], "k_pid_yaw": [0.5, 1e-06, 0.1], "k_pid_hsp": [1.0, 0.4277120965269141, 0.01], "k_pid_vsp": [111.20884264032553, 93.09285943774285, 1.0]}, "datetime": {"datetime": "2025-08-20 16:32:37", "elapsed": 16812.08062338829, "delta": 14.890475988388062}, "costs": {"total_cost": 190.44297760720215, "time_cost": 68.296, "final_distance_cost": 1.7996205857210932, "oscillation_cost": 46.484513217917794, "completition_cost": 0.0, "overshoot_cost": 49.86605053901279, "power_cost": 12.733683203125, "noise_cost": 11.26311006142547, "n_waypoints_completed": 9, "tot_waypoints": 9}}
{"target": -188.24549516480585, "params": {"k_pid_pos": [1.367080816728244, 0.024859491386256316, 0.11401919133455096], "k_pid_alt": [1.2679502233621702, 0.0, 0.1], "k_pid_att": [58.28791669869587, 3.7802132718527557, 0.19921483509393956], "k_pid_yaw": [0.5, 1e-06, 0.1], "k_pid_hsp": [3.333190925918924, 0.01, 0.01], "k_pid_vsp": [111.20884264032553, 93.09285943774285, 1.0]}, "datetime": {"datetime": "2025-08-20 16:32:52", "elapsed": 16827.387602329254, "delta": 15.306978940963745}, "costs": {"total_cost": 188.24549516480585, "time_cost": 69.06400000000001, "final_distance_cost": 1.8060621841553992, "oscillation_cost": 44.92620442557468, "completition_cost": 0.0, "overshoot_cost": 50.12654681349786, "power_cost": 11.36783328857422, "noise_cost": 10.954848453003681, "n_waypoints_completed": 9, "tot_waypoints": 9}}
{"target": -185.95492323473573, "params": {"k_pid_pos": [1.4698128353043505, 0.024859491386256316, 0.11401919133455096], "k_pid_alt": [1.2679502233621702, 0.0, 0.6600607021214705], "k_pid_att": [48.72959582322072, 3.7802132718527557, 0.5088498556215773], "k_pid_yaw": [0.5, 1e-06, 0.1], "k_pid_hsp": [1.0, 0.01, 0.01], "k_pid_vsp": [315.8089586555307, 93.09285943774285, 1.0]}, "datetime": {"datetime": "2025-08-20 16:33:08", "elapsed": 16842.955223083496, "delta": 15.567620754241943}, "costs": {"total_cost": 185.95492323473573, "time_cost": 70.624, "final_distance_cost": 1.8144422452353834, "oscillation_cost": 38.39539727465936, "completition_cost": 0.0, "overshoot_cost": 50.78641316377408, "power_cost": 12.821185852050782, "noise_cost": 11.51348469901615, "n_waypoints_completed": 9, "tot_waypoints": 9}}
{"target": -180.82633189952398, "params": {"k_pid_pos": [1.4698128353043505, 0.024859491386256316, 0.11401919133455096], "k_pid_alt": [1.2679502233621702, 0.0, 0.1], "k_pid_att": [43.948176657889235, 3.7802132718527557, 0.9274604585040267], "k_pid_yaw": [0.5, 1e-06, 0.1], "k_pid_hsp": [1.0, 0.01, 0.01], "k_pid_vsp": [111.20884264032553, 93.09285943774285, 1.0]}, "datetime": {"datetime": "2025-08-20 16:33:23", "elapsed": 16858.078407526016, "delta": 15.123184442520142}, "costs": {"total_cost": 180.82633189952398, "time_cost": 68.456, "final_distance_cost": 1.8129035550535026, "oscillation_cost": 37.19502557670047, "completition_cost": 0.0, "overshoot_cost": 50.071586228309805, "power_cost": 12.12881405029297, "noise_cost": 11.162002489167234, "n_waypoints_completed": 9, "tot_waypoints": 9}}
{"target": -189.6069394729409, "params": {"k_pid_pos": [1.953387039163843, 0.024859491386256316, 0.11401919133455096], "k_pid_alt": [1.2679502233621702, 0.0, 0.1], "k_pid_att": [42.28034808905181, 3.7802132718527557, 0.9274604585040267], "k_pid_yaw": [0.5, 1e-06, 0.1], "k_pid_hsp": [1.0, 0.01, 0.01], "k_pid_vsp": [327.6162970060679, 352.38957012773386, 51.13297342368862]}, "datetime": {"datetime": "2025-08-20 16:33:38", "elapsed": 16872.810822963715, "delta": 14.732415437698364}, "costs": {"total_cost": 189.6069394729409, "time_cost": 68.168, "final_distance_cost": 1.7782004381618084, "oscillation_cost": 46.897594860423844, "completition_cost": 0.0, "overshoot_cost": 49.63488732892276, "power_cost": 12.729542016601563, "noise_cost": 10.398714828830911, "n_waypoints_completed": 9, "tot_waypoints": 9}}
{"target": -294.6234356392044, "params": {"k_pid_pos": [1.4698128353043505, 0.024859491386256316, 0.11401919133455096], "k_pid_alt": [1.2679502233621702, 0.0, 0.1], "k_pid_att": [43.948176657889235, 3.7802132718527557, 0.9274604585040267], "k_pid_yaw": [0.5, 1e-06, 0.1], "k_pid_hsp": [1.0, 0.01, 0.21418081882621387], "k_pid_vsp": [111.20884264032553, 93.09285943774285, 1.0]}, "datetime": {"datetime": "2025-08-20 16:33:54", "elapsed": 16888.574993610382, "delta": 15.76417064666748}, "costs": {"total_cost": 294.6234356392044, "time_cost": 70.128, "final_distance_cost": 1.7699289787139372, "oscillation_cost": 143.21307046122504, "completition_cost": 0.0, "overshoot_cost": 52.401629025651765, "power_cost": 14.585022229003908, "noise_cost": 12.525784944609697, "n_waypoints_completed": 9, "tot_waypoints": 9}}
{"target": -226.75947350740387, "params": {"k_pid_pos": [1.4698128353043505, 0.8954681105093145, 0.11401919133455096], "k_pid_alt": [1.2679502233621702, 0.0, 0.1], "k_pid_att": [43.948176657889235, 3.7802132718527557, 0.9274604585040267], "k_pid_yaw": [0.5, 1e-06, 0.1], "k_pid_hsp": [1.0, 0.01, 0.01], "k_pid_vsp": [111.20884264032553, 93.09285943774285, 1.0]}, "datetime": {"datetime": "2025-08-20 16:34:14", "elapsed": 16908.536644220352, "delta": 19.961650609970093}, "costs": {"total_cost": 226.75947350740387, "time_cost": 88.416, "final_distance_cost": 1.7060202958728832, "oscillation_cost": 48.75239224880427, "completition_cost": 0.0, "overshoot_cost": 55.50310475657239, "power_cost": 17.08112801513672, "noise_cost": 15.300828191017576, "n_waypoints_completed": 9, "tot_waypoints": 9}}
{"target": -205.14616589800391, "params": {"k_pid_pos": [1.4698128353043505, 0.024859491386256316, 0.11401919133455096], "k_pid_alt": [1.2679502233621702, 0.6017481209158007, 0.1], "k_pid_att": [43.948176657889235, 3.7802132718527557, 0.9274604585040267], "k_pid_yaw": [0.5, 1e-06, 0.1], "k_pid_hsp": [1.0, 0.01, 0.01], "k_pid_vsp": [111.20884264032553, 249.2161134825686, 1.0]}, "datetime": {"datetime": "2025-08-20 16:34:31", "elapsed": 16925.72898721695, "delta": 17.19234299659729}, "costs": {"total_cost": 205.14616589800391, "time_cost": 78.264, "final_distance_cost": 1.7932457459019875, "oscillation_cost": 47.389280989959644, "completition_cost": 0.0, "overshoot_cost": 51.12306803067837, "power_cost": 14.350463598632814, "noise_cost": 12.226107532831117, "n_waypoints_completed": 9, "tot_waypoints": 9}}
{"target": -191.53328043959627, "params": {"k_pid_pos": [1.4698128353043505, 0.024859491386256316, 0.11401919133455096], "k_pid_alt": [1.2679502233621702, 0.0, 0.9460812825483834], "k_pid_att": [43.948176657889235, 3.7802132718527557, 0.9274604585040267], "k_pid_yaw": [0.5, 1e-06, 0.1], "k_pid_hsp": [5.888611819901712, 0.01, 0.01], "k_pid_vsp": [111.20884264032553, 93.09285943774285, 1.0]}, "datetime": {"datetime": "2025-08-20 16:34:57", "elapsed": 16951.682654857635, "delta": 25.953667640686035}, "costs": {"total_cost": 191.53328043959627, "time_cost": 71.888, "final_distance_cost": 1.802287383351425, "oscillation_cost": 45.53752121777434, "completition_cost": 0.0, "overshoot_cost": 49.697904276120454, "power_cost": 11.569459619140625, "noise_cost": 11.038107943209447, "n_waypoints_completed": 9, "tot_waypoints": 9}}
{"target": -1141.8764023801346, "params": {"k_pid_pos": [1.4698128353043505, 0.024859491386256316, 0.11401919133455096], "k_pid_alt": [1.2679502233621702, 0.0, 0.1], "k_pid_att": [22.261599542950584, 3.7802132718527557, 0.9274604585040267], "k_pid_yaw": [0.5, 1e-06, 0.1], "k_pid_hsp": [1.0, 0.01, 0.01], "k_pid_vsp": [111.20884264032553, 93.09285943774285, 385.0013815870165]}, "datetime": {"datetime": "2025-08-20 16:35:19", "elapsed": 16973.80037355423, "delta": 22.11771869659424}, "costs": {"total_cost": 1141.8764023801346, "time_cost": 150, "final_distance_cost": 75.74127834048879, "oscillation_cost": 35.73482373188444, "completition_cost": 777.7777777777778, "overshoot_cost": 71.43972842260733, "power_cost": 14.309916552734375, "noise_cost": 16.872877554641946, "n_waypoints_completed": 2, "tot_waypoints": 9}}
{"target": -191.58296763399727, "params": {"k_pid_pos": [1.4698128353043505, 0.024859491386256316, 0.11401919133455096], "k_pid_alt": [1.2679502233621702, 0.0, 0.25090527456937695], "k_pid_att": [43.948176657889235, 3.7802132718527557, 0.9274604585040267], "k_pid_yaw": [0.5, 1e-06, 0.1], "k_pid_hsp": [1.0, 0.01, 0.01], "k_pid_vsp": [232.83084258960952, 93.09285943774285, 85.6384831120458]}, "datetime": {"datetime": "2025-08-20 16:35:35", "elapsed": 16989.60032916069, "delta": 15.799955606460571}, "costs": {"total_cost": 191.58296763399727, "time_cost": 70.736, "final_distance_cost": 1.7889277620035906, "oscillation_cost": 45.31311365358477, "completition_cost": 0.0, "overshoot_cost": 52.28810032443283, "power_cost": 11.807849548339844, "noise_cost": 9.648976345636212, "n_waypoints_completed": 9, "tot_waypoints": 9}}
{"target": -186.15118264020404, "params": {"k_pid_pos": [1.4698128353043505, 0.024859491386256316, 0.11401919133455096], "k_pid_alt": [1.2679502233621702, 0.0, 0.1], "k_pid_att": [43.948176657889235, 3.7802132718527557, 0.9274604585040267], "k_pid_yaw": [0.5, 1e-06, 0.1], "k_pid_hsp": [5.429082181916803, 0.01, 0.01], "k_pid_vsp": [14.170316773218916, 93.09285943774285, 1.0]}, "datetime": {"datetime": "2025-08-20 16:35:50", "elapsed": 17004.751915693283, "delta": 15.151586532592773}, "costs": {"total_cost": 186.15118264020404, "time_cost": 68.4, "final_distance_cost": 1.7760060519469711, "oscillation_cost": 42.98069586637793, "completition_cost": 0.0, "overshoot_cost": 49.65697239775717, "power_cost": 12.254481420898438, "noise_cost": 11.083026903223528, "n_waypoints_completed": 9, "tot_waypoints": 9}}
{"target": -187.612680096329, "params": {"k_pid_pos": [1.4698128353043505, 0.024859491386256316, 0.11401919133455096], "k_pid_alt": [1.2679502233621702, 0.0, 0.1], "k_pid_att": [42.28034808905181, 3.7802132718527557, 0.9274604585040267], "k_pid_yaw": [0.5, 1e-06, 0.1], "k_pid_hsp": [6.107211332972096, 0.01, 0.01], "k_pid_vsp": [111.20884264032553, 197.31441805153213, 1.0]}, "datetime": {"datetime": "2025-08-20 16:36:06", "elapsed": 17020.573182344437, "delta": 15.821266651153564}, "costs": {"total_cost": 187.612680096329, "time_cost": 68.72, "final_distance_cost": 1.7958991736508259, "oscillation_cost": 44.87939636724379, "completition_cost": 0.0, "overshoot_cost": 50.051955887265926, "power_cost": 11.294127038574219, "noise_cost": 10.87130162959422, "n_waypoints_completed": 9, "tot_waypoints": 9}}
{"target": -180.4586778981898, "params": {"k_pid_pos": [1.4698128353043505, 0.024859491386256316, 0.11401919133455096], "k_pid_alt": [1.2679502233621702, 0.0, 0.1], "k_pid_att": [43.948176657889235, 3.7802132718527557, 0.9274604585040267], "k_pid_yaw": [0.5, 1e-06, 0.1], "k_pid_hsp": [1.0, 0.01, 0.01], "k_pid_vsp": [111.20884264032553, 102.7157397860675, 1.0]}, "datetime": {"datetime": "2025-08-20 16:36:21", "elapsed": 17035.897134542465, "delta": 15.323952198028564}, "costs": {"total_cost": 180.4586778981898, "time_cost": 68.456, "final_distance_cost": 1.8018656610788988, "oscillation_cost": 36.88102645014415, "completition_cost": 0.0, "overshoot_cost": 49.96291084832555, "power_cost": 12.191933203125, "noise_cost": 11.164941735516203, "n_waypoints_completed": 9, "tot_waypoints": 9}}
{"target": -180.4586778981898, "params": {"k_pid_pos": [1.4698128353043505, 0.024859491386256316, 0.11401919133455096], "k_pid_alt": [1.2679502233621702, 0.0, 0.1], "k_pid_att": [43.948176657889235, 3.7802132718527557, 0.9274604585040267], "k_pid_yaw": [0.5, 1e-06, 0.1], "k_pid_hsp": [1.0, 0.01, 0.01], "k_pid_vsp": [111.20884264032553, 102.7157397860675, 1.0]}, "datetime": {"datetime": "2025-08-20 16:36:36", "elapsed": 17050.654030799866, "delta": 14.756896257400513}, "costs": {"total_cost": 180.4586778981898, "time_cost": 68.456, "final_distance_cost": 1.8018656610788988, "oscillation_cost": 36.88102645014415, "completition_cost": 0.0, "overshoot_cost": 49.96291084832555, "power_cost": 12.191933203125, "noise_cost": 11.164941735516203, "n_waypoints_completed": 9, "tot_waypoints": 9}}
{"target": -180.4586778981898, "params": {"k_pid_pos": [1.4698128353043505, 0.024859491386256316, 0.11401919133455096], "k_pid_alt": [1.2679502233621702, 0.0, 0.1], "k_pid_att": [43.948176657889235, 3.7802132718527557, 0.9274604585040267], "k_pid_yaw": [0.5, 1e-06, 0.1], "k_pid_hsp": [1.0, 0.01, 0.01], "k_pid_vsp": [111.20884264032553, 102.7157397860675, 1.0]}, "datetime": {"datetime": "2025-08-20 16:36:51", "elapsed": 17065.921418190002, "delta": 15.267387390136719}, "costs": {"total_cost": 180.4586778981898, "time_cost": 68.456, "final_distance_cost": 1.8018656610788988, "oscillation_cost": 36.88102645014415, "completition_cost": 0.0, "overshoot_cost": 49.96291084832555, "power_cost": 12.191933203125, "noise_cost": 11.164941735516203, "n_waypoints_completed": 9, "tot_waypoints": 9}}
{"target": -188.46879879818323, "params": {"k_pid_pos": [1.097674141165482, 0.024859491386256316, 0.11401919133455096], "k_pid_alt": [1.2679502233621702, 0.0, 0.1], "k_pid_att": [43.948176657889235, 3.7802132718527557, 0.9274604585040267], "k_pid_yaw": [0.5, 1e-06, 0.1], "k_pid_hsp": [1.0, 0.01, 0.01], "k_pid_vsp": [200.4106445826773, 93.09285943774285, 1.0]}, "datetime": {"datetime": "2025-08-20 16:37:08", "elapsed": 17082.688945531845, "delta": 16.76752734184265}, "costs": {"total_cost": 188.46879879818323, "time_cost": 72.096, "final_distance_cost": 1.8349398712252796, "oscillation_cost": 40.025297703490345, "completition_cost": 0.0, "overshoot_cost": 49.66609337539331, "power_cost": 12.91549578857422, "noise_cost": 11.930972059500064, "n_waypoints_completed": 9, "tot_waypoints": 9}}
{"target": -199.97652908328416, "params": {"k_pid_pos": [0.8211552511424755, 0.024859491386256316, 0.847123259091292], "k_pid_alt": [1.2679502233621702, 0.0, 0.1], "k_pid_att": [43.948176657889235, 3.7802132718527557, 0.9274604585040267], "k_pid_yaw": [0.5, 1e-06, 0.1], "k_pid_hsp": [1.0, 0.01, 0.01], "k_pid_vsp": [243.1792825771628, 102.7157397860675, 1.0]}, "datetime": {"datetime": "2025-08-20 16:37:26", "elapsed": 17100.673238277435, "delta": 17.98429274559021}, "costs": {"total_cost": 199.97652908328416, "time_cost": 84.136, "final_distance_cost": 1.8547603788941216, "oscillation_cost": 34.449649275810096, "completition_cost": 0.0, "overshoot_cost": 51.893754040154256, "power_cost": 13.603591845703125, "noise_cost": 14.038773542722565, "n_waypoints_completed": 9, "tot_waypoints": 9}}
{"target": -188.96793183818016, "params": {"k_pid_pos": [1.4698128353043505, 0.024859491386256316, 0.11401919133455096], "k_pid_alt": [1.2679502233621702, 0.0, 0.1], "k_pid_att": [42.28034808905181, 3.7802132718527557, 0.6331997646149408], "k_pid_yaw": [0.5, 1e-06, 0.1], "k_pid_hsp": [6.107211332972096, 0.01, 0.01], "k_pid_vsp": [111.20884264032553, 298.73657637713535, 1.0]}, "datetime": {"datetime": "2025-08-20 16:37:41", "elapsed": 17115.897932052612, "delta": 15.224693775177002}, "costs": {"total_cost": 188.96793183818016, "time_cost": 68.70400000000001, "final_distance_cost": 1.7866030007732543, "oscillation_cost": 45.895117393467274, "completition_cost": 0.0, "overshoot_cost": 49.89925498898732, "power_cost": 11.632114404296875, "noise_cost": 11.050842050655431, "n_waypoints_completed": 9, "tot_waypoints": 9}}
{"target": -185.47186101064605, "params": {"k_pid_pos": [1.4698128353043505, 0.024859491386256316, 0.8017766682930172], "k_pid_alt": [1.2679502233621702, 0.0, 0.1], "k_pid_att": [43.948176657889235, 3.7802132718527557, 0.9274604585040267], "k_pid_yaw": [0.5, 1e-06, 0.1], "k_pid_hsp": [1.606987810134683, 0.01, 0.01], "k_pid_vsp": [111.20884264032553, 93.09285943774285, 1.0]}, "datetime": {"datetime": "2025-08-20 16:37:57", "elapsed": 17132.07442688942, "delta": 16.17649483680725}, "costs": {"total_cost": 185.47186101064605, "time_cost": 71.024, "final_distance_cost": 1.8447517919653171, "oscillation_cost": 38.8477742231446, "completition_cost": 0.0, "overshoot_cost": 49.76925612149554, "power_cost": 12.213431640625, "noise_cost": 11.772647233415597, "n_waypoints_completed": 9, "tot_waypoints": 9}}
{"target": -1050.901633537369, "params": {"k_pid_pos": [1.4698128353043505, 0.024859491386256316, 0.11401919133455096], "k_pid_alt": [1.2679502233621702, 0.0, 0.1], "k_pid_att": [43.948176657889235, 3.7802132718527557, 0.976791677203179], "k_pid_yaw": [0.5, 1e-06, 0.1], "k_pid_hsp": [1.0, 0.01, 0.01], "k_pid_vsp": [111.20884264032553, 102.7157397860675, 330.9450081515158]}, "datetime": {"datetime": "2025-08-20 16:38:19", "elapsed": 17154.325847148895, "delta": 22.251420259475708}, "costs": {"total_cost": 1050.901633537369, "time_cost": 150, "final_distance_cost": 66.24930793830308, "oscillation_cost": 41.38455855410422, "completition_cost": 666.6666666666667, "overshoot_cost": 110.91413773687371, "power_cost": 6.28377314453125, "noise_cost": 9.403189496890038, "n_waypoints_completed": 3, "tot_waypoints": 9}}
{"target": -187.97709711664027, "params": {"k_pid_pos": [1.9176378968916694, 0.024859491386256316, 0.11401919133455096], "k_pid_alt": [1.7187705538853828, 0.0, 0.1], "k_pid_att": [76.63606454736403, 3.7802132718527557, 0.9274604585040267], "k_pid_yaw": [0.5, 1e-06, 0.1], "k_pid_hsp": [1.0, 0.01, 0.01], "k_pid_vsp": [284.5460512203246, 93.09285943774285, 1.0]}, "datetime": {"datetime": "2025-08-20 16:38:34", "elapsed": 17169.25932788849, "delta": 14.933480739593506}, "costs": {"total_cost": 187.97709711664027, "time_cost": 68.56, "final_distance_cost": 1.7535549739417087, "oscillation_cost": 43.28301955146106, "completition_cost": 0.0, "overshoot_cost": 50.432714850585675, "power_cost": 12.645993493652345, "noise_cost": 11.301814246999456, "n_waypoints_completed": 9, "tot_waypoints": 9}}
{"target": -297.0442303345499, "params": {"k_pid_pos": [1.4698128353043505, 0.024859491386256316, 0.11401919133455096], "k_pid_alt": [1.2679502233621702, 0.0, 0.1], "k_pid_att": [17.985165343674623, 3.7802132718527557, 0.9274604585040267], "k_pid_yaw": [0.5, 1e-06, 0.1], "k_pid_hsp": [5.429082181916803, 0.01, 0.7858808993351112], "k_pid_vsp": [14.170316773218916, 93.09285943774285, 1.0]}, "datetime": {"datetime": "2025-08-20 16:38:50", "elapsed": 17184.97714281082, "delta": 15.717814922332764}, "costs": {"total_cost": 297.0442303345499, "time_cost": 68.936, "final_distance_cost": 1.7729999745068, "oscillation_cost": 151.02111531078774, "completition_cost": 0.0, "overshoot_cost": 50.88668185655852, "power_cost": 12.988286987304688, "noise_cost": 11.439146205392229, "n_waypoints_completed": 9, "tot_waypoints": 9}}
