{"target": -180.82633189952398, "params": {"k_pid_pos": [1.4698128353043505, 0.024859491386256316, 0.11401919133455096], "k_pid_alt": [1.2679502233621702, 0.0, 0.1], "k_pid_att": [43.948176657889235, 3.7802132718527557, 0.9274604585040267], "k_pid_yaw": [0.5, 1e-06, 0.1], "k_pid_hsp": [1.0, 0.01, 0.01], "k_pid_vsp": [111.20884264032553, 93.09285943774285, 1.0]}, "datetime": {"datetime": "2025-08-20 16:08:49", "elapsed": 15384.222314357758, "delta": 14.967615127563477}, "costs": {"total_cost": 180.82633189952398, "time_cost": 68.456, "final_distance_cost": 1.8129035550535026, "oscillation_cost": 37.19502557670047, "completition_cost": 0.0, "overshoot_cost": 50.071586228309805, "power_cost": 12.12881405029297, "noise_cost": 11.162002489167234, "n_waypoints_completed": 9, "tot_waypoints": 9}}
{"target": -1166.8317621014191, "params": {"k_pid_pos": [1.4698128353043505, 0.4312052517798246, 0.11401919133455096], "k_pid_alt": [1.2679502233621702, 0.0, 0.1], "k_pid_att": [43.948176657889235, 3.7802132718527557, 0.9274604585040267], "k_pid_yaw": [0.5, 1e-06, 0.1], "k_pid_hsp": [1.0, 0.01, 0.01], "k_pid_vsp": [111.20884264032553, 93.09285943774285, 399.3545315371922]}, "datetime": {"datetime": "2025-08-20 16:09:11", "elapsed": 15406.173044681549, "delta": 21.950730323791504}, "costs": {"total_cost": 1166.8317621014191, "time_cost": 150, "final_distance_cost": 75.89126391739416, "oscillation_cost": 40.69969158866455, "completition_cost": 777.7777777777778, "overshoot_cost": 81.75264809562066, "power_cost": 19.53896737060547, "noise_cost": 21.171413351356673, "n_waypoints_completed": 2, "tot_waypoints": 9}}
{"target": -182.24876600295616, "params": {"k_pid_pos": [1.4698128353043505, 0.024859491386256316, 0.11401919133455096], "k_pid_alt": [1.115618115767161, 0.0, 0.1], "k_pid_att": [43.948176657889235, 3.7802132718527557, 0.6426065009168366], "k_pid_yaw": [0.5, 1e-06, 0.1], "k_pid_hsp": [1.0, 0.01, 0.01], "k_pid_vsp": [111.20884264032553, 93.09285943774285, 1.0]}, "datetime": {"datetime": "2025-08-20 16:09:26", "elapsed": 15421.27412390709, "delta": 15.101079225540161}, "costs": {"total_cost": 182.24876600295616, "time_cost": 68.872, "final_distance_cost": 1.8186660235333054, "oscillation_cost": 37.41903924281904, "completition_cost": 0.0, "overshoot_cost": 50.65819723853864, "power_cost": 12.344948681640625, "noise_cost": 11.135914816424533, "n_waypoints_completed": 9, "tot_waypoints": 9}}
{"target": -180.82633189952398, "params": {"k_pid_pos": [1.4698128353043505, 0.024859491386256316, 0.11401919133455096], "k_pid_alt": [1.2679502233621702, 0.0, 0.1], "k_pid_att": [43.948176657889235, 3.7802132718527557, 0.9274604585040267], "k_pid_yaw": [0.5, 1e-06, 0.1], "k_pid_hsp": [1.0, 0.01, 0.01], "k_pid_vsp": [111.20884264032553, 93.09285943774285, 1.0]}, "datetime": {"datetime": "2025-08-20 16:09:41", "elapsed": 15435.841683626175, "delta": 14.567559719085693}, "costs": {"total_cost": 180.82633189952398, "time_cost": 68.456, "final_distance_cost": 1.8129035550535026, "oscillation_cost": 37.19502557670047, "completition_cost": 0.0, "overshoot_cost": 50.071586228309805, "power_cost": 12.12881405029297, "noise_cost": 11.162002489167234, "n_waypoints_completed": 9, "tot_waypoints": 9}}
{"target": -181.44439595217506, "params": {"k_pid_pos": [1.4698128353043505, 0.024859491386256316, 0.11401919133455096], "k_pid_alt": [1.2679502233621702, 0.0, 0.1], "k_pid_att": [43.948176657889235, 0.18205753750414305, 0.9274604585040267], "k_pid_yaw": [0.5, 1e-06, 0.1], "k_pid_hsp": [1.0, 0.01, 0.01], "k_pid_vsp": [111.20884264032553, 93.09285943774285, 1.0]}, "datetime": {"datetime": "2025-08-20 16:09:56", "elapsed": 15451.124832868576, "delta": 15.283149242401123}, "costs": {"total_cost": 181.44439595217506, "time_cost": 68.52, "final_distance_cost": 1.8129851390213318, "oscillation_cost": 37.442423075445866, "completition_cost": 0.0, "overshoot_cost": 50.19150424210218, "power_cost": 12.2890537109375, "noise_cost": 11.188429784668172, "n_waypoints_completed": 9, "tot_waypoints": 9}}
{"target": -181.58962576635415, "params": {"k_pid_pos": [1.4698128353043505, 0.024859491386256316, 0.11401919133455096], "k_pid_alt": [1.2679502233621702, 0.0, 0.1], "k_pid_att": [43.948176657889235, 3.0350363822239825, 0.9274604585040267], "k_pid_yaw": [0.5, 1e-06, 0.1], "k_pid_hsp": [1.0, 0.01, 0.01], "k_pid_vsp": [207.03313760381627, 93.09285943774285, 1.0]}, "datetime": {"datetime": "2025-08-20 16:10:16", "elapsed": 15471.464715003967, "delta": 20.339882135391235}, "costs": {"total_cost": 181.58962576635415, "time_cost": 68.616, "final_distance_cost": 1.7855522531885324, "oscillation_cost": 37.402755987469924, "completition_cost": 0.0, "overshoot_cost": 50.47112757975547, "power_cost": 12.232561462402344, "noise_cost": 11.08162848353788, "n_waypoints_completed": 9, "tot_waypoints": 9}}
{"target": -180.82633189952398, "params": {"k_pid_pos": [1.4698128353043505, 0.024859491386256316, 0.11401919133455096], "k_pid_alt": [1.2679502233621702, 0.0, 0.1], "k_pid_att": [43.948176657889235, 3.7802132718527557, 0.9274604585040267], "k_pid_yaw": [0.5, 1e-06, 0.1], "k_pid_hsp": [1.0, 0.01, 0.01], "k_pid_vsp": [111.20884264032553, 93.09285943774285, 1.0]}, "datetime": {"datetime": "2025-08-20 16:10:31", "elapsed": 15486.371169567108, "delta": 14.90645456314087}, "costs": {"total_cost": 180.82633189952398, "time_cost": 68.456, "final_distance_cost": 1.8129035550535026, "oscillation_cost": 37.19502557670047, "completition_cost": 0.0, "overshoot_cost": 50.071586228309805, "power_cost": 12.12881405029297, "noise_cost": 11.162002489167234, "n_waypoints_completed": 9, "tot_waypoints": 9}}
{"target": -416.59715494993657, "params": {"k_pid_pos": [1.4698128353043505, 0.024859491386256316, 0.11401919133455096], "k_pid_alt": [1.2679502233621702, 0.0, 0.1], "k_pid_att": [43.948176657889235, 0.8434577996380836, 0.9274604585040267], "k_pid_yaw": [0.5, 1e-06, 0.1], "k_pid_hsp": [1.0, 0.01, 0.40925506695826264], "k_pid_vsp": [111.20884264032553, 213.45582935365798, 152.2922079332073]}, "datetime": {"datetime": "2025-08-20 16:10:52", "elapsed": 15507.466604232788, "delta": 21.09543466567993}, "costs": {"total_cost": 416.59715494993657, "time_cost": 95.104, "final_distance_cost": 1.705731324420577, "oscillation_cost": 222.25902331065737, "completition_cost": 0.0, "overshoot_cost": 60.89601161304473, "power_cost": 20.85236490478516, "noise_cost": 15.780023797028763, "n_waypoints_completed": 9, "tot_waypoints": 9}}
{"target": -180.4586778981898, "params": {"k_pid_pos": [1.4698128353043505, 0.024859491386256316, 0.11401919133455096], "k_pid_alt": [1.2679502233621702, 0.0, 0.1], "k_pid_att": [43.948176657889235, 3.7802132718527557, 0.9274604585040267], "k_pid_yaw": [0.5, 1e-06, 0.1], "k_pid_hsp": [1.0, 0.01, 0.01], "k_pid_vsp": [111.20884264032553, 102.7157397860675, 1.0]}, "datetime": {"datetime": "2025-08-20 16:11:08", "elapsed": 15522.73441028595, "delta": 15.267806053161621}, "costs": {"total_cost": 180.4586778981898, "time_cost": 68.456, "final_distance_cost": 1.8018656610788988, "oscillation_cost": 36.88102645014415, "completition_cost": 0.0, "overshoot_cost": 49.96291084832555, "power_cost": 12.191933203125, "noise_cost": 11.164941735516203, "n_waypoints_completed": 9, "tot_waypoints": 9}}
{"target": -180.82633189952398, "params": {"k_pid_pos": [1.4698128353043505, 0.024859491386256316, 0.11401919133455096], "k_pid_alt": [1.2679502233621702, 0.0, 0.1], "k_pid_att": [43.948176657889235, 3.7802132718527557, 0.9274604585040267], "k_pid_yaw": [0.5, 1e-06, 0.1], "k_pid_hsp": [1.0, 0.01, 0.01], "k_pid_vsp": [111.20884264032553, 93.09285943774285, 1.0]}, "datetime": {"datetime": "2025-08-20 16:11:23", "elapsed": 15537.568475961685, "delta": 14.834065675735474}, "costs": {"total_cost": 180.82633189952398, "time_cost": 68.456, "final_distance_cost": 1.8129035550535026, "oscillation_cost": 37.19502557670047, "completition_cost": 0.0, "overshoot_cost": 50.071586228309805, "power_cost": 12.12881405029297, "noise_cost": 11.162002489167234, "n_waypoints_completed": 9, "tot_waypoints": 9}}
{"target": -180.82633189952398, "params": {"k_pid_pos": [1.4698128353043505, 0.024859491386256316, 0.11401919133455096], "k_pid_alt": [1.2679502233621702, 0.0, 0.1], "k_pid_att": [43.948176657889235, 3.7802132718527557, 0.9274604585040267], "k_pid_yaw": [0.5, 1e-06, 0.1], "k_pid_hsp": [1.0, 0.01, 0.01], "k_pid_vsp": [111.20884264032553, 93.09285943774285, 1.0]}, "datetime": {"datetime": "2025-08-20 16:11:38", "elapsed": 15552.739645957947, "delta": 15.171169996261597}, "costs": {"total_cost": 180.82633189952398, "time_cost": 68.456, "final_distance_cost": 1.8129035550535026, "oscillation_cost": 37.19502557670047, "completition_cost": 0.0, "overshoot_cost": 50.071586228309805, "power_cost": 12.12881405029297, "noise_cost": 11.162002489167234, "n_waypoints_completed": 9, "tot_waypoints": 9}}
{"target": -1200.0692327624079, "params": {"k_pid_pos": [0.48341691330654263, 0.024859491386256316, 0.11401919133455096], "k_pid_alt": [1.2679502233621702, 0.0, 0.8705629771698292], "k_pid_att": [43.948176657889235, 5.215311636883334, 0.9274604585040267], "k_pid_yaw": [0.5, 1e-06, 0.1], "k_pid_hsp": [0.22821344198103216, 0.4646359499442313, 0.01], "k_pid_vsp": [111.20884264032553, 93.09285943774285, 343.4343583921496]}, "datetime": {"datetime": "2025-08-20 16:12:00", "elapsed": 15575.186919927597, "delta": 22.44727396965027}, "costs": {"total_cost": 1200.0692327624079, "time_cost": 150, "final_distance_cost": 76.67171396748664, "oscillation_cost": 36.67180802509225, "completition_cost": 777.7777777777778, "overshoot_cost": 95.38412761802032, "power_cost": 31.34741462402344, "noise_cost": 32.21639075000746, "n_waypoints_completed": 2, "tot_waypoints": 9}}
{"target": -182.78189698962666, "params": {"k_pid_pos": [1.367080816728244, 0.024859491386256316, 0.11401919133455096], "k_pid_alt": [1.2679502233621702, 0.0, 0.1], "k_pid_att": [43.948176657889235, 3.7802132718527557, 0.9274604585040267], "k_pid_yaw": [0.5, 1e-06, 0.1], "k_pid_hsp": [1.0, 0.01, 0.01], "k_pid_vsp": [111.20884264032553, 93.09285943774285, 1.0]}, "datetime": {"datetime": "2025-08-20 16:12:15", "elapsed": 15590.337676525116, "delta": 15.150756597518921}, "costs": {"total_cost": 182.78189698962666, "time_cost": 68.656, "final_distance_cost": 1.8151203487230787, "oscillation_cost": 38.01417377435096, "completition_cost": 0.0, "overshoot_cost": 50.50427548292937, "power_cost": 12.464324560546876, "noise_cost": 11.328002823076334, "n_waypoints_completed": 9, "tot_waypoints": 9}}
{"target": -294.38115996059685, "params": {"k_pid_pos": [1.4698128353043505, 0.024859491386256316, 0.11401919133455096], "k_pid_alt": [1.2679502233621702, 0.0, 0.1], "k_pid_att": [43.948176657889235, 3.7802132718527557, 0.9274604585040267], "k_pid_yaw": [0.5, 1e-06, 0.1], "k_pid_hsp": [7.913838258274543, 0.01, 0.9477950138699737], "k_pid_vsp": [111.20884264032553, 93.09285943774285, 1.0]}, "datetime": {"datetime": "2025-08-20 16:12:30", "elapsed": 15605.287545919418, "delta": 14.949869394302368}, "costs": {"total_cost": 294.38115996059685, "time_cost": 69.352, "final_distance_cost": 1.7819265223040528, "oscillation_cost": 146.0049333105783, "completition_cost": 0.0, "overshoot_cost": 51.422250011275466, "power_cost": 13.854912438964844, "noise_cost": 11.965137677474157, "n_waypoints_completed": 9, "tot_waypoints": 9}}
{"target": -185.7891525379217, "params": {"k_pid_pos": [0.8080230289550049, 0.024859491386256316, 0.11401919133455096], "k_pid_alt": [1.2679502233621702, 0.0, 0.1], "k_pid_att": [43.948176657889235, 3.7802132718527557, 0.9274604585040267], "k_pid_yaw": [0.5, 1e-06, 0.1], "k_pid_hsp": [1.0, 0.01, 0.01], "k_pid_vsp": [111.20884264032553, 102.7157397860675, 1.0]}, "datetime": {"datetime": "2025-08-20 16:12:46", "elapsed": 15621.312579393387, "delta": 16.025033473968506}, "costs": {"total_cost": 185.7891525379217, "time_cost": 72.44, "final_distance_cost": 1.8502364370874986, "oscillation_cost": 36.53739399560141, "completition_cost": 0.0, "overshoot_cost": 50.40274844934937, "power_cost": 12.558916284179688, "noise_cost": 11.999857371703714, "n_waypoints_completed": 9, "tot_waypoints": 9}}
{"target": -181.83286219585855, "params": {"k_pid_pos": [1.4698128353043505, 0.024859491386256316, 0.11401919133455096], "k_pid_alt": [1.2679502233621702, 0.0, 0.1], "k_pid_att": [48.72959582322072, 3.7802132718527557, 0.9274604585040267], "k_pid_yaw": [0.5, 1e-06, 0.1], "k_pid_hsp": [1.0, 0.01, 0.01], "k_pid_vsp": [111.20884264032553, 93.09285943774285, 1.0]}, "datetime": {"datetime": "2025-08-20 16:13:03", "elapsed": 15637.51069188118, "delta": 16.19811248779297}, "costs": {"total_cost": 181.83286219585855, "time_cost": 68.512, "final_distance_cost": 1.8084927412165839, "oscillation_cost": 37.64835691707033, "completition_cost": 0.0, "overshoot_cost": 50.34512767080361, "power_cost": 12.34731766357422, "noise_cost": 11.171567203193813, "n_waypoints_completed": 9, "tot_waypoints": 9}}
{"target": -658.7225123086126, "params": {"k_pid_pos": [1.4698128353043505, 0.7920358204635946, 0.11401919133455096], "k_pid_alt": [1.2679502233621702, 0.0, 0.1], "k_pid_att": [43.948176657889235, 0.8434577996380836, 0.9274604585040267], "k_pid_yaw": [0.5, 1e-06, 0.1], "k_pid_hsp": [1.0, 0.01, 0.40925506695826264], "k_pid_vsp": [111.20884264032553, 213.45582935365798, 152.2922079332073]}, "datetime": {"datetime": "2025-08-20 16:13:24", "elapsed": 15659.407487869263, "delta": 21.896795988082886}, "costs": {"total_cost": 658.7225123086126, "time_cost": 150, "final_distance_cost": 57.0657750753698, "oscillation_cost": 127.97177603511435, "completition_cost": 222.2222222222222, "overshoot_cost": 62.34450381709966, "power_cost": 22.603225561523438, "noise_cost": 16.51500959728316, "n_waypoints_completed": 7, "tot_waypoints": 9}}
{"target": -607.3776956124735, "params": {"k_pid_pos": [1.4698128353043505, 0.024859491386256316, 0.2679580291560212], "k_pid_alt": [1.115618115767161, 0.0, 0.1], "k_pid_att": [43.948176657889235, 3.7802132718527557, 0.4275120029604318], "k_pid_yaw": [0.5, 1e-06, 0.1], "k_pid_hsp": [1.0, 0.01, 0.01], "k_pid_vsp": [111.20884264032553, 93.09285943774285, 130.2877623577229]}, "datetime": {"datetime": "2025-08-20 16:13:46", "elapsed": 15681.325547218323, "delta": 21.91805934906006}, "costs": {"total_cost": 607.3776956124735, "time_cost": 150, "final_distance_cost": 75.07691389765141, "oscillation_cost": 55.027686002647215, "completition_cost": 222.2222222222222, "overshoot_cost": 63.88401668350103, "power_cost": 23.68637713623047, "noise_cost": 17.480479670221182, "n_waypoints_completed": 7, "tot_waypoints": 9}}
{"target": -207.73729330782467, "params": {"k_pid_pos": [1.4698128353043505, 0.024859491386256316, 0.11401919133455096], "k_pid_alt": [1.2679502233621702, 0.0, 0.1], "k_pid_att": [43.948176657889235, 3.7802132718527557, 0.9274604585040267], "k_pid_yaw": [0.5, 1e-06, 0.1], "k_pid_hsp": [1.0, 0.01, 0.05661520463176517], "k_pid_vsp": [327.85686986449286, 93.09285943774285, 1.0]}, "datetime": {"datetime": "2025-08-20 16:14:03", "elapsed": 15697.992973566055, "delta": 16.667426347732544}, "costs": {"total_cost": 207.73729330782467, "time_cost": 73.544, "final_distance_cost": 1.7963627285746908, "oscillation_cost": 54.10776836705956, "completition_cost": 0.0, "overshoot_cost": 53.25063957591525, "power_cost": 13.098433996582031, "noise_cost": 11.940088639693142, "n_waypoints_completed": 9, "tot_waypoints": 9}}
{"target": -228.37451300736302, "params": {"k_pid_pos": [1.4698128353043505, 0.024859491386256316, 0.11401919133455096], "k_pid_alt": [1.2679502233621702, 0.9080078043145318, 0.1], "k_pid_att": [45.78184138065124, 3.7802132718527557, 0.9274604585040267], "k_pid_yaw": [0.5, 1e-06, 0.1], "k_pid_hsp": [1.0, 0.01, 0.01], "k_pid_vsp": [276.9324388730501, 102.7157397860675, 1.0]}, "datetime": {"datetime": "2025-08-20 16:14:22", "elapsed": 15716.927010059357, "delta": 18.93403649330139}, "costs": {"total_cost": 228.37451300736302, "time_cost": 87.096, "final_distance_cost": 1.7731119849850672, "oscillation_cost": 53.37144345219091, "completition_cost": 0.0, "overshoot_cost": 56.6017228206549, "power_cost": 16.02484278564453, "noise_cost": 13.507391963887642, "n_waypoints_completed": 9, "tot_waypoints": 9}}
{"target": -180.82633189952398, "params": {"k_pid_pos": [1.4698128353043505, 0.024859491386256316, 0.11401919133455096], "k_pid_alt": [1.2679502233621702, 0.0, 0.1], "k_pid_att": [43.948176657889235, 3.7802132718527557, 0.9274604585040267], "k_pid_yaw": [0.5, 1e-06, 0.1], "k_pid_hsp": [1.0, 0.01, 0.01], "k_pid_vsp": [111.20884264032553, 93.09285943774285, 1.0]}, "datetime": {"datetime": "2025-08-20 16:14:37", "elapsed": 15732.461395978928, "delta": 15.534385919570923}, "costs": {"total_cost": 180.82633189952398, "time_cost": 68.456, "final_distance_cost": 1.8129035550535026, "oscillation_cost": 37.19502557670047, "completition_cost": 0.0, "overshoot_cost": 50.071586228309805, "power_cost": 12.12881405029297, "noise_cost": 11.162002489167234, "n_waypoints_completed": 9, "tot_waypoints": 9}}
{"target": -335.91733496266363, "params": {"k_pid_pos": [1.4698128353043505, 0.024859491386256316, 0.11401919133455096], "k_pid_alt": [1.2679502233621702, 0.0, 0.1], "k_pid_att": [43.948176657889235, 3.7802132718527557, 0.9274604585040267], "k_pid_yaw": [0.5, 1e-06, 0.1], "k_pid_hsp": [1.0, 0.01, 0.5609296292812848], "k_pid_vsp": [111.20884264032553, 93.09285943774285, 1.0]}, "datetime": {"datetime": "2025-08-20 16:14:55", "elapsed": 15749.645639657974, "delta": 17.18424367904663}, "costs": {"total_cost": 335.91733496266363, "time_cost": 78.072, "final_distance_cost": 1.8001659673891477, "oscillation_cost": 171.58446283835102, "completition_cost": 0.0, "overshoot_cost": 54.73119255116372, "power_cost": 15.740161950683595, "noise_cost": 13.989351655076103, "n_waypoints_completed": 9, "tot_waypoints": 9}}
{"target": -343.42622014858745, "params": {"k_pid_pos": [1.4698128353043505, 0.024859491386256316, 0.231276554047951], "k_pid_alt": [0.8545398455997026, 0.0, 0.1], "k_pid_att": [43.948176657889235, 1.7830319019495113, 0.9274604585040267], "k_pid_yaw": [0.5, 1e-06, 0.1], "k_pid_hsp": [1.0, 0.01, 0.6159434423984318], "k_pid_vsp": [111.20884264032553, 93.09285943774285, 1.0]}, "datetime": {"datetime": "2025-08-20 16:15:13", "elapsed": 15768.179890871048, "delta": 18.53425121307373}, "costs": {"total_cost": 343.42622014858745, "time_cost": 82.368, "final_distance_cost": 1.7645635199085141, "oscillation_cost": 172.38661848697006, "completition_cost": 0.0, "overshoot_cost": 55.938053499925886, "power_cost": 16.577528100585937, "noise_cost": 14.391456541197032, "n_waypoints_completed": 9, "tot_waypoints": 9}}
{"target": -196.22544440617844, "params": {"k_pid_pos": [1.4698128353043505, 0.024859491386256316, 0.11401919133455096], "k_pid_alt": [1.2679502233621702, 0.0, 0.1], "k_pid_att": [43.948176657889235, 3.7802132718527557, 0.03404765381520658], "k_pid_yaw": [0.5, 1e-06, 0.1], "k_pid_hsp": [1.2327241314931046, 0.01, 0.01], "k_pid_vsp": [111.20884264032553, 93.09285943774285, 1.0]}, "datetime": {"datetime": "2025-08-20 16:15:28", "elapsed": 15783.368378400803, "delta": 15.188487529754639}, "costs": {"total_cost": 196.22544440617844, "time_cost": 68.616, "final_distance_cost": 1.798777473072416, "oscillation_cost": 51.98811714489686, "completition_cost": 0.0, "overshoot_cost": 50.51532740034073, "power_cost": 12.193894946289063, "noise_cost": 11.11332744157937, "n_waypoints_completed": 9, "tot_waypoints": 9}}
{"target": -211.04543628617657, "params": {"k_pid_pos": [1.4698128353043505, 0.024859491386256316, 0.11401919133455096], "k_pid_alt": [1.2679502233621702, 0.0, 0.8862606681215847], "k_pid_att": [43.948176657889235, 3.7802132718527557, 0.7508855466946219], "k_pid_yaw": [0.5, 1e-06, 0.1], "k_pid_hsp": [1.0, 0.9328591348795976, 0.01], "k_pid_vsp": [111.20884264032553, 102.7157397860675, 1.0]}, "datetime": {"datetime": "2025-08-20 16:15:44", "elapsed": 15799.100067853928, "delta": 15.731689453125}, "costs": {"total_cost": 211.04543628617657, "time_cost": 72.816, "final_distance_cost": 1.8329260079840106, "oscillation_cost": 61.806713047486845, "completition_cost": 0.0, "overshoot_cost": 49.36986097517848, "power_cost": 13.450413159179687, "noise_cost": 11.769523096347552, "n_waypoints_completed": 9, "tot_waypoints": 9}}
{"target": -191.97816568024106, "params": {"k_pid_pos": [1.4698128353043505, 0.024859491386256316, 0.8100884609760892], "k_pid_alt": [1.2679502233621702, 0.0, 0.11578642527130634], "k_pid_att": [6.174354700882767, 3.917135097401164, 0.9274604585040267], "k_pid_yaw": [0.5, 1e-06, 0.1], "k_pid_hsp": [1.0, 0.01, 0.01], "k_pid_vsp": [111.20884264032553, 93.09285943774285, 1.0]}, "datetime": {"datetime": "2025-08-20 16:16:00", "elapsed": 15815.382010698318, "delta": 16.28194284439087}, "costs": {"total_cost": 191.97816568024106, "time_cost": 72.056, "final_distance_cost": 1.8474729418283764, "oscillation_cost": 43.36081097044394, "completition_cost": 0.0, "overshoot_cost": 49.230428864074874, "power_cost": 13.236009130859376, "noise_cost": 12.247443773034512, "n_waypoints_completed": 9, "tot_waypoints": 9}}
{"target": -199.347693927792, "params": {"k_pid_pos": [1.4698128353043505, 0.024859491386256316, 0.11401919133455096], "k_pid_alt": [1.2679502233621702, 0.0, 0.1], "k_pid_att": [64.13384744331628, 3.7802132718527557, 0.9274604585040267], "k_pid_yaw": [0.5, 1e-06, 0.1], "k_pid_hsp": [1.0, 0.6805561624139979, 0.01], "k_pid_vsp": [111.20884264032553, 93.09285943774285, 1.0]}, "datetime": {"datetime": "2025-08-20 16:16:16", "elapsed": 15830.615627765656, "delta": 15.233617067337036}, "costs": {"total_cost": 199.347693927792, "time_cost": 68.70400000000001, "final_distance_cost": 1.7906742059037917, "oscillation_cost": 55.032692288827384, "completition_cost": 0.0, "overshoot_cost": 50.09425184932596, "power_cost": 12.3971158203125, "noise_cost": 11.32895976342234, "n_waypoints_completed": 9, "tot_waypoints": 9}}
