{"target": -180.82633189952398, "params": {"k_pid_pos": [1.4698128353043505, 0.024859491386256316, 0.11401919133455096], "k_pid_alt": [1.2679502233621702, 0.0, 0.1], "k_pid_att": [43.948176657889235, 3.7802132718527557, 0.9274604585040267], "k_pid_yaw": [0.5, 1e-06, 0.1], "k_pid_hsp": [1.0, 0.01, 0.01], "k_pid_vsp": [111.20884264032553, 93.09285943774285, 1.0]}, "datetime": {"datetime": "2025-08-20 16:23:49", "elapsed": 16284.338196277618, "delta": 14.950639247894287}, "costs": {"total_cost": 180.82633189952398, "time_cost": 68.456, "final_distance_cost": 1.8129035550535026, "oscillation_cost": 37.19502557670047, "completition_cost": 0.0, "overshoot_cost": 50.071586228309805, "power_cost": 12.12881405029297, "noise_cost": 11.162002489167234, "n_waypoints_completed": 9, "tot_waypoints": 9}}
{"target": -330.851687750569, "params": {"k_pid_pos": [1.4698128353043505, 0.024859491386256316, 0.11401919133455096], "k_pid_alt": [1.2679502233621702, 0.0, 0.1], "k_pid_att": [43.948176657889235, 3.7802132718527557, 0.9274604585040267], "k_pid_yaw": [0.5, 1e-06, 0.1], "k_pid_hsp": [1.0, 0.7660882004239901, 0.7646384796406737], "k_pid_vsp": [42.64662974651476, 93.09285943774285, 1.0]}, "datetime": {"datetime": "2025-08-20 16:24:08", "elapsed": 16303.1933426857, "delta": 18.855146408081055}, "costs": {"total_cost": 330.851687750569, "time_cost": 84.736, "final_distance_cost": 1.733017994417453, "oscillation_cost": 145.73724355731068, "completition_cost": 0.0, "overshoot_cost": 64.93169557385576, "power_cost": 17.522851000976562, "noise_cost": 16.190879624008556, "n_waypoints_completed": 9, "tot_waypoints": 9}}
{"target": -874.0289514461372, "params": {"k_pid_pos": [1.4698128353043505, 0.024859491386256316, 0.11401919133455096], "k_pid_alt": [1.2679502233621702, 0.0, 0.1], "k_pid_att": [43.948176657889235, 0.18205753750414305, 0.9274604585040267], "k_pid_yaw": [0.5, 1e-06, 0.1], "k_pid_hsp": [1.0, 0.11105211150664163, 0.6020109603024101], "k_pid_vsp": [111.20884264032553, 93.09285943774285, 149.38753159891255]}, "datetime": {"datetime": "2025-08-20 16:24:30", "elapsed": 16325.24025964737, "delta": 22.046916961669922}, "costs": {"total_cost": 874.0289514461372, "time_cost": 150, "final_distance_cost": 65.56094292007519, "oscillation_cost": 216.8229299094903, "completition_cost": 333.33333333333337, "overshoot_cost": 65.7316855133361, "power_cost": 24.41944149169922, "noise_cost": 18.16061827820299, "n_waypoints_completed": 6, "tot_waypoints": 9}}
{"target": -181.63261737964322, "params": {"k_pid_pos": [1.4698128353043505, 0.024859491386256316, 0.11401919133455096], "k_pid_alt": [1.2679502233621702, 0.0, 0.1], "k_pid_att": [22.261599542950584, 3.7802132718527557, 0.9274604585040267], "k_pid_yaw": [0.5, 1e-06, 0.1], "k_pid_hsp": [1.0, 0.01, 0.01], "k_pid_vsp": [111.20884264032553, 93.09285943774285, 1.0]}, "datetime": {"datetime": "2025-08-20 16:24:47", "elapsed": 16341.813837051392, "delta": 16.573577404022217}, "costs": {"total_cost": 181.63261737964322, "time_cost": 68.432, "final_distance_cost": 1.8143283120995632, "oscillation_cost": 37.41200285909987, "completition_cost": 0.0, "overshoot_cost": 50.041968076941416, "power_cost": 12.587528625488282, "noise_cost": 11.344789506014079, "n_waypoints_completed": 9, "tot_waypoints": 9}}
{"target": -305.9813289951364, "params": {"k_pid_pos": [1.4698128353043505, 0.024859491386256316, 0.11401919133455096], "k_pid_alt": [1.2679502233621702, 0.0, 0.1], "k_pid_att": [43.948176657889235, 0.18205753750414305, 0.9274604585040267], "k_pid_yaw": [0.5, 1e-06, 0.1], "k_pid_hsp": [9.021287020744124, 0.5222523352322085, 0.7796071213096329], "k_pid_vsp": [111.20884264032553, 102.7157397860675, 1.0]}, "datetime": {"datetime": "2025-08-20 16:25:04", "elapsed": 16359.03779244423, "delta": 17.223955392837524}, "costs": {"total_cost": 305.9813289951364, "time_cost": 68.96000000000001, "final_distance_cost": 1.7569584445675708, "oscillation_cost": 158.2366388737452, "completition_cost": 0.0, "overshoot_cost": 51.07670312952561, "power_cost": 13.993377697753907, "noise_cost": 11.957650849544107, "n_waypoints_completed": 9, "tot_waypoints": 9}}
{"target": -181.83286219585855, "params": {"k_pid_pos": [1.4698128353043505, 0.024859491386256316, 0.11401919133455096], "k_pid_alt": [1.2679502233621702, 0.0, 0.1], "k_pid_att": [48.72959582322072, 3.7802132718527557, 0.9274604585040267], "k_pid_yaw": [0.5, 1e-06, 0.1], "k_pid_hsp": [1.0, 0.01, 0.01], "k_pid_vsp": [111.20884264032553, 93.09285943774285, 1.0]}, "datetime": {"datetime": "2025-08-20 16:25:19", "elapsed": 16374.388470172882, "delta": 15.350677728652954}, "costs": {"total_cost": 181.83286219585855, "time_cost": 68.512, "final_distance_cost": 1.8084927412165839, "oscillation_cost": 37.64835691707033, "completition_cost": 0.0, "overshoot_cost": 50.34512767080361, "power_cost": 12.34731766357422, "noise_cost": 11.171567203193813, "n_waypoints_completed": 9, "tot_waypoints": 9}}
{"target": -366.2488334763835, "params": {"k_pid_pos": [1.953387039163843, 0.024859491386256316, 0.11401919133455096], "k_pid_alt": [1.2679502233621702, 0.0, 0.1], "k_pid_att": [43.948176657889235, 3.7802132718527557, 0.9274604585040267], "k_pid_yaw": [0.5, 1e-06, 0.1], "k_pid_hsp": [1.0, 0.01, 0.7496837122419485], "k_pid_vsp": [111.20884264032553, 93.09285943774285, 1.0]}, "datetime": {"datetime": "2025-08-20 16:25:39", "elapsed": 16393.748391389847, "delta": 19.35992121696472}, "costs": {"total_cost": 366.2488334763835, "time_cost": 87.952, "final_distance_cost": 1.7672986577745295, "oscillation_cost": 182.92912314948774, "completition_cost": 0.0, "overshoot_cost": 60.62568643588961, "power_cost": 17.519270825195314, "noise_cost": 15.455454408036312, "n_waypoints_completed": 9, "tot_waypoints": 9}}
{"target": -180.4586778981898, "params": {"k_pid_pos": [1.4698128353043505, 0.024859491386256316, 0.11401919133455096], "k_pid_alt": [1.2679502233621702, 0.0, 0.1], "k_pid_att": [43.948176657889235, 3.7802132718527557, 0.9274604585040267], "k_pid_yaw": [0.5, 1e-06, 0.1], "k_pid_hsp": [1.0, 0.01, 0.01], "k_pid_vsp": [111.20884264032553, 102.7157397860675, 1.0]}, "datetime": {"datetime": "2025-08-20 16:25:54", "elapsed": 16408.761940956116, "delta": 15.013549566268921}, "costs": {"total_cost": 180.4586778981898, "time_cost": 68.456, "final_distance_cost": 1.8018656610788988, "oscillation_cost": 36.88102645014415, "completition_cost": 0.0, "overshoot_cost": 49.96291084832555, "power_cost": 12.191933203125, "noise_cost": 11.164941735516203, "n_waypoints_completed": 9, "tot_waypoints": 9}}
{"target": -180.4586778981898, "params": {"k_pid_pos": [1.4698128353043505, 0.024859491386256316, 0.11401919133455096], "k_pid_alt": [1.2679502233621702, 0.0, 0.1], "k_pid_att": [43.948176657889235, 3.7802132718527557, 0.9274604585040267], "k_pid_yaw": [0.5, 1e-06, 0.1], "k_pid_hsp": [1.0, 0.01, 0.01], "k_pid_vsp": [111.20884264032553, 102.7157397860675, 1.0]}, "datetime": {"datetime": "2025-08-20 16:26:09", "elapsed": 16423.895580530167, "delta": 15.133639574050903}, "costs": {"total_cost": 180.4586778981898, "time_cost": 68.456, "final_distance_cost": 1.8018656610788988, "oscillation_cost": 36.88102645014415, "completition_cost": 0.0, "overshoot_cost": 49.96291084832555, "power_cost": 12.191933203125, "noise_cost": 11.164941735516203, "n_waypoints_completed": 9, "tot_waypoints": 9}}
{"target": -204.16724572710888, "params": {"k_pid_pos": [1.4698128353043505, 0.34723029022971075, 0.11401919133455096], "k_pid_alt": [1.2679502233621702, 0.0, 0.1], "k_pid_att": [43.948176657889235, 0.18205753750414305, 0.9274604585040267], "k_pid_yaw": [0.5, 1e-06, 0.1], "k_pid_hsp": [1.0, 0.01, 0.01], "k_pid_vsp": [111.20884264032553, 93.09285943774285, 1.0]}, "datetime": {"datetime": "2025-08-20 16:26:27", "elapsed": 16441.54673933983, "delta": 17.651158809661865}, "costs": {"total_cost": 204.16724572710888, "time_cost": 78.592, "final_distance_cost": 1.7585782865630906, "oscillation_cost": 45.477608982828855, "completition_cost": 0.0, "overshoot_cost": 51.69184219912368, "power_cost": 13.999735083007813, "noise_cost": 12.647481175585455, "n_waypoints_completed": 9, "tot_waypoints": 9}}
{"target": -392.2482063744079, "params": {"k_pid_pos": [1.4698128353043505, 0.024859491386256316, 0.8691303619968337], "k_pid_alt": [0.7833169361788108, 0.0, 0.1], "k_pid_att": [43.948176657889235, 0.18205753750414305, 0.9274604585040267], "k_pid_yaw": [0.5, 1e-06, 0.1], "k_pid_hsp": [1.0, 0.01, 0.3386006852829976], "k_pid_vsp": [41.47088896769069, 93.09285943774285, 1.0]}, "datetime": {"datetime": "2025-08-20 16:26:47", "elapsed": 16461.530374765396, "delta": 19.983635425567627}, "costs": {"total_cost": 392.2482063744079, "time_cost": 89.96000000000001, "final_distance_cost": 1.7845801048552778, "oscillation_cost": 214.44757602248458, "completition_cost": 0.0, "overshoot_cost": 52.80499447052697, "power_cost": 18.06584219970703, "noise_cost": 15.18521357683398, "n_waypoints_completed": 9, "tot_waypoints": 9}}
{"target": -1047.794802375072, "params": {"k_pid_pos": [1.4698128353043505, 0.024859491386256316, 0.11401919133455096], "k_pid_alt": [1.2679502233621702, 0.0, 0.1], "k_pid_att": [43.948176657889235, 0.18205753750414305, 0.9274604585040267], "k_pid_yaw": [0.5, 1e-06, 0.1], "k_pid_hsp": [1.0, 0.01, 0.01], "k_pid_vsp": [41.47088896769069, 181.40999533543834, 355.26244957834416]}, "datetime": {"datetime": "2025-08-20 16:27:09", "elapsed": 16483.947685956955, "delta": 22.417311191558838}, "costs": {"total_cost": 1047.794802375072, "time_cost": 150, "final_distance_cost": 59.59167663650412, "oscillation_cost": 41.52162509897537, "completition_cost": 666.6666666666667, "overshoot_cost": 108.97720082685511, "power_cost": 10.681781518554688, "noise_cost": 10.355851627515857, "n_waypoints_completed": 3, "tot_waypoints": 9}}
{"target": -195.60491415600453, "params": {"k_pid_pos": [1.4698128353043505, 0.024859491386256316, 0.11401919133455096], "k_pid_alt": [1.2679502233621702, 0.0, 0.1], "k_pid_att": [43.948176657889235, 3.6677428332793016, 0.03404765381520658], "k_pid_yaw": [0.5, 1e-06, 0.1], "k_pid_hsp": [1.2327241314931046, 0.01, 0.01], "k_pid_vsp": [111.20884264032553, 93.09285943774285, 1.0]}, "datetime": {"datetime": "2025-08-20 16:27:24", "elapsed": 16499.378546237946, "delta": 15.4308602809906}, "costs": {"total_cost": 195.60491415600453, "time_cost": 68.608, "final_distance_cost": 1.776562442391375, "oscillation_cost": 51.30828670640803, "completition_cost": 0.0, "overshoot_cost": 50.31461393440785, "power_cost": 12.388783422851564, "noise_cost": 11.208667649945706, "n_waypoints_completed": 9, "tot_waypoints": 9}}
{"target": -190.78538925562955, "params": {"k_pid_pos": [1.367080816728244, 0.024859491386256316, 0.11401919133455096], "k_pid_alt": [1.2679502233621702, 0.0, 0.1], "k_pid_att": [43.948176657889235, 3.7802132718527557, 0.9274604585040267], "k_pid_yaw": [0.5, 1e-06, 0.1], "k_pid_hsp": [1.0, 0.4277120965269141, 0.01], "k_pid_vsp": [111.20884264032553, 93.09285943774285, 1.0]}, "datetime": {"datetime": "2025-08-20 16:27:39", "elapsed": 16514.28152012825, "delta": 14.902973890304565}, "costs": {"total_cost": 190.78538925562955, "time_cost": 68.368, "final_distance_cost": 1.8096671571429803, "oscillation_cost": 47.11761904095397, "completition_cost": 0.0, "overshoot_cost": 49.89775790901054, "power_cost": 12.432362915039063, "noise_cost": 11.15998223348303, "n_waypoints_completed": 9, "tot_waypoints": 9}}
{"target": -180.4586778981898, "params": {"k_pid_pos": [1.4698128353043505, 0.024859491386256316, 0.11401919133455096], "k_pid_alt": [1.2679502233621702, 0.0, 0.1], "k_pid_att": [43.948176657889235, 3.7802132718527557, 0.9274604585040267], "k_pid_yaw": [0.5, 1e-06, 0.1], "k_pid_hsp": [1.0, 0.01, 0.01], "k_pid_vsp": [111.20884264032553, 102.7157397860675, 1.0]}, "datetime": {"datetime": "2025-08-20 16:27:54", "elapsed": 16529.16179203987, "delta": 14.880271911621094}, "costs": {"total_cost": 180.4586778981898, "time_cost": 68.456, "final_distance_cost": 1.8018656610788988, "oscillation_cost": 36.88102645014415, "completition_cost": 0.0, "overshoot_cost": 49.96291084832555, "power_cost": 12.191933203125, "noise_cost": 11.164941735516203, "n_waypoints_completed": 9, "tot_waypoints": 9}}
{"target": -180.4586778981898, "params": {"k_pid_pos": [1.4698128353043505, 0.024859491386256316, 0.11401919133455096], "k_pid_alt": [1.2679502233621702, 0.0, 0.1], "k_pid_att": [43.948176657889235, 3.7802132718527557, 0.9274604585040267], "k_pid_yaw": [0.5, 1e-06, 0.1], "k_pid_hsp": [1.0, 0.01, 0.01], "k_pid_vsp": [111.20884264032553, 102.7157397860675, 1.0]}, "datetime": {"datetime": "2025-08-20 16:28:10", "elapsed": 16544.942157030106, "delta": 15.780364990234375}, "costs": {"total_cost": 180.4586778981898, "time_cost": 68.456, "final_distance_cost": 1.8018656610788988, "oscillation_cost": 36.88102645014415, "completition_cost": 0.0, "overshoot_cost": 49.96291084832555, "power_cost": 12.191933203125, "noise_cost": 11.164941735516203, "n_waypoints_completed": 9, "tot_waypoints": 9}}
{"target": -180.4586778981898, "params": {"k_pid_pos": [1.4698128353043505, 0.024859491386256316, 0.11401919133455096], "k_pid_alt": [1.2679502233621702, 0.0, 0.1], "k_pid_att": [43.948176657889235, 3.7802132718527557, 0.9274604585040267], "k_pid_yaw": [0.5, 1e-06, 0.1], "k_pid_hsp": [1.0, 0.01, 0.01], "k_pid_vsp": [111.20884264032553, 102.7157397860675, 1.0]}, "datetime": {"datetime": "2025-08-20 16:28:25", "elapsed": 16560.052354097366, "delta": 15.110197067260742}, "costs": {"total_cost": 180.4586778981898, "time_cost": 68.456, "final_distance_cost": 1.8018656610788988, "oscillation_cost": 36.88102645014415, "completition_cost": 0.0, "overshoot_cost": 49.96291084832555, "power_cost": 12.191933203125, "noise_cost": 11.164941735516203, "n_waypoints_completed": 9, "tot_waypoints": 9}}
{"target": -197.06033820822395, "params": {"k_pid_pos": [1.4698128353043505, 0.5303319676020144, 0.9239049236577108], "k_pid_alt": [1.2679502233621702, 0.0, 0.1], "k_pid_att": [48.26873903267956, 8.267881126176224, 0.9274604585040267], "k_pid_yaw": [0.5, 1e-06, 0.1], "k_pid_hsp": [1.0, 0.01, 0.01], "k_pid_vsp": [111.20884264032553, 93.09285943774285, 1.0]}, "datetime": {"datetime": "2025-08-20 16:28:42", "elapsed": 16576.98473095894, "delta": 16.932376861572266}, "costs": {"total_cost": 197.06033820822395, "time_cost": 78.48, "final_distance_cost": 1.8023042761980739, "oscillation_cost": 39.35718649460547, "completition_cost": 0.0, "overshoot_cost": 50.86985745023182, "power_cost": 13.780402563476564, "noise_cost": 12.770587423712003, "n_waypoints_completed": 9, "tot_waypoints": 9}}
{"target": -1319.837777263712, "params": {"k_pid_pos": [1.4698128353043505, 0.7951702038987456, 0.11401919133455096], "k_pid_alt": [1.2679502233621702, 0.0, 0.2497707977181448], "k_pid_att": [43.948176657889235, 3.7802132718527557, 0.9274604585040267], "k_pid_yaw": [0.5, 1e-06, 0.1], "k_pid_hsp": [1.0, 0.44968036567381975, 0.01], "k_pid_vsp": [111.20884264032553, 102.7157397860675, 1.0]}, "datetime": {"datetime": "2025-08-20 16:29:04", "elapsed": 16599.204427957535, "delta": 22.21969699859619}, "costs": {"total_cost": 1319.837777263712, "time_cost": 150, "final_distance_cost": 45.334783786232066, "oscillation_cost": 61.377203063358415, "completition_cost": 1000.0, "overshoot_cost": 25.394098180957418, "power_cost": 21.012696337890628, "noise_cost": 16.718995895273647, "n_waypoints_completed": 0, "tot_waypoints": 9}}
{"target": -180.5642061906237, "params": {"k_pid_pos": [1.4698128353043505, 0.024859491386256316, 0.11401919133455096], "k_pid_alt": [1.2679502233621702, 0.0, 0.1], "k_pid_att": [42.28034808905181, 3.7802132718527557, 0.9274604585040267], "k_pid_yaw": [0.5, 1e-06, 0.1], "k_pid_hsp": [1.0, 0.01, 0.01], "k_pid_vsp": [111.20884264032553, 197.31441805153213, 1.0]}, "datetime": {"datetime": "2025-08-20 16:29:19", "elapsed": 16614.40168952942, "delta": 15.197261571884155}, "costs": {"total_cost": 180.5642061906237, "time_cost": 68.44, "final_distance_cost": 1.8165043248080235, "oscillation_cost": 37.05203727740209, "completition_cost": 0.0, "overshoot_cost": 49.76410868970759, "power_cost": 12.331987084960938, "noise_cost": 11.159568813745063, "n_waypoints_completed": 9, "tot_waypoints": 9}}
{"target": -189.63257998540962, "params": {"k_pid_pos": [1.4698128353043505, 0.024859491386256316, 0.11401919133455096], "k_pid_alt": [1.2679502233621702, 0.0, 0.1], "k_pid_att": [43.948176657889235, 8.932983788390587, 0.9274604585040267], "k_pid_yaw": [0.5, 1e-06, 0.1], "k_pid_hsp": [5.624087978379637, 0.01, 0.01], "k_pid_vsp": [111.20884264032553, 93.09285943774285, 1.0]}, "datetime": {"datetime": "2025-08-20 16:29:34", "elapsed": 16629.22012400627, "delta": 14.818434476852417}, "costs": {"total_cost": 189.63257998540962, "time_cost": 68.752, "final_distance_cost": 1.8067273560487387, "oscillation_cost": 46.44144359745202, "completition_cost": 0.0, "overshoot_cost": 50.44771734350595, "power_cost": 11.266464721679688, "noise_cost": 10.918226966723225, "n_waypoints_completed": 9, "tot_waypoints": 9}}
{"target": -191.2468187217142, "params": {"k_pid_pos": [1.4698128353043505, 0.024859491386256316, 0.32789994363863884], "k_pid_alt": [1.2679502233621702, 0.0, 0.1], "k_pid_att": [43.948176657889235, 3.7802132718527557, 0.15038183248814696], "k_pid_yaw": [0.5, 1e-06, 0.1], "k_pid_hsp": [1.0, 0.3707642846192629, 0.01], "k_pid_vsp": [111.20884264032553, 93.09285943774285, 1.0]}, "datetime": {"datetime": "2025-08-20 16:29:49", "elapsed": 16644.277752637863, "delta": 15.057628631591797}, "costs": {"total_cost": 191.2468187217142, "time_cost": 68.672, "final_distance_cost": 1.8413629957231044, "oscillation_cost": 47.66502332227425, "completition_cost": 0.0, "overshoot_cost": 49.92008450306596, "power_cost": 11.937943359375, "noise_cost": 11.210404541275897, "n_waypoints_completed": 9, "tot_waypoints": 9}}
{"target": -181.54114585033372, "params": {"k_pid_pos": [1.4698128353043505, 0.024859491386256316, 0.11401919133455096], "k_pid_alt": [1.2679502233621702, 0.0, 0.1], "k_pid_att": [43.948176657889235, 3.7802132718527557, 0.9274604585040267], "k_pid_yaw": [0.5, 1e-06, 0.1], "k_pid_hsp": [1.0, 0.01, 0.01], "k_pid_vsp": [200.4106445826773, 93.09285943774285, 1.0]}, "datetime": {"datetime": "2025-08-20 16:30:05", "elapsed": 16659.720484972, "delta": 15.442732334136963}, "costs": {"total_cost": 181.54114585033372, "time_cost": 68.624, "final_distance_cost": 1.8128753260636725, "oscillation_cost": 37.63700381743242, "completition_cost": 0.0, "overshoot_cost": 50.059307148294145, "power_cost": 12.313697277832032, "noise_cost": 11.094262280711446, "n_waypoints_completed": 9, "tot_waypoints": 9}}
{"target": -185.0839365916661, "params": {"k_pid_pos": [1.4698128353043505, 0.024859491386256316, 0.11401919133455096], "k_pid_alt": [1.2679502233621702, 0.0, 0.1], "k_pid_att": [43.948176657889235, 3.7802132718527557, 0.9125065750547853], "k_pid_yaw": [0.5, 1e-06, 0.1], "k_pid_hsp": [5.566677707259657, 0.01, 0.01], "k_pid_vsp": [111.20884264032553, 93.09285943774285, 1.0]}, "datetime": {"datetime": "2025-08-20 16:30:20", "elapsed": 16674.862466335297, "delta": 15.141981363296509}, "costs": {"total_cost": 185.0839365916661, "time_cost": 68.792, "final_distance_cost": 1.7800153901569458, "oscillation_cost": 42.465040615600586, "completition_cost": 0.0, "overshoot_cost": 49.92462183530828, "power_cost": 11.255400036621094, "noise_cost": 10.866858713979179, "n_waypoints_completed": 9, "tot_waypoints": 9}}
{"target": -188.00115322179374, "params": {"k_pid_pos": [1.9176378968916694, 0.024859491386256316, 0.11401919133455096], "k_pid_alt": [1.2679502233621702, 0.0, 0.1], "k_pid_att": [76.63606454736403, 3.7802132718527557, 0.9274604585040267], "k_pid_yaw": [0.5, 1e-06, 0.1], "k_pid_hsp": [1.0, 0.01, 0.01], "k_pid_vsp": [284.5460512203246, 93.09285943774285, 1.0]}, "datetime": {"datetime": "2025-08-20 16:30:35", "elapsed": 16689.987059116364, "delta": 15.124592781066895}, "costs": {"total_cost": 188.00115322179374, "time_cost": 68.872, "final_distance_cost": 1.7872447929881885, "oscillation_cost": 43.01463855055187, "completition_cost": 0.0, "overshoot_cost": 50.37197940227821, "power_cost": 12.670266101074219, "noise_cost": 11.285024374901226, "n_waypoints_completed": 9, "tot_waypoints": 9}}
{"target": -563.5333603441295, "params": {"k_pid_pos": [1.4698128353043505, 0.36499264706834744, 0.11401919133455096], "k_pid_alt": [0.2059594118716659, 0.0, 0.1], "k_pid_att": [67.86739237565823, 3.7802132718527557, 0.9274604585040267], "k_pid_yaw": [0.5, 1e-06, 0.1], "k_pid_hsp": [1.0, 0.01, 0.01], "k_pid_vsp": [111.20884264032553, 93.09285943774285, 1.0]}, "datetime": {"datetime": "2025-08-20 16:30:58", "elapsed": 16713.21679878235, "delta": 23.229739665985107}, "costs": {"total_cost": 563.5333603441295, "time_cost": 150, "final_distance_cost": 69.71197377230658, "oscillation_cost": 46.81743793463508, "completition_cost": 222.2222222222222, "overshoot_cost": 44.1995302675312, "power_cost": 16.198238159179688, "noise_cost": 14.383957988254663, "n_waypoints_completed": 7, "tot_waypoints": 9}}
{"target": -198.41840946118725, "params": {"k_pid_pos": [1.4698128353043505, 0.024859491386256316, 0.11401919133455096], "k_pid_alt": [1.2679502233621702, 0.0, 0.1], "k_pid_att": [48.26873903267956, 8.267881126176224, 0.9274604585040267], "k_pid_yaw": [0.5, 1e-06, 0.1], "k_pid_hsp": [7.2506103715559185, 0.01, 0.01], "k_pid_vsp": [111.20884264032553, 102.7157397860675, 1.0]}, "datetime": {"datetime": "2025-08-20 16:31:13", "elapsed": 16728.256323814392, "delta": 15.039525032043457}, "costs": {"total_cost": 198.41840946118725, "time_cost": 68.792, "final_distance_cost": 1.7873343919324944, "oscillation_cost": 55.534172654700306, "completition_cost": 0.0, "overshoot_cost": 50.00800328152289, "power_cost": 11.397053674316407, "noise_cost": 10.899845458715157, "n_waypoints_completed": 9, "tot_waypoints": 9}}
