{"target": -210.8477522086238, "params": {"k_pid_pos": [1.849624377781123, 0.024859491386256316, 0.44963268842268056], "k_pid_alt": [1.6444270921876138, 0.0, 0.1], "k_pid_att": [20.0, 1.0, 0.01], "k_pid_yaw": [0.5, 1e-06, 0.1], "k_pid_hsp": [1.0, 0.01, 0.01], "k_pid_vsp": [383.23703166425986, 15.500533572620455, 1.0]}, "datetime": {"datetime": "2025-08-20 12:44:20", "elapsed": 3115.2743923664093, "delta": 14.816022872924805}, "costs": {"total_cost": 210.8477522086238, "time_cost": 69.688, "final_distance_cost": 1.8138565127931872, "oscillation_cost": 63.62843920951329, "completition_cost": 0.0, "overshoot_cost": 51.60948842817384, "power_cost": 12.583519506835938, "noise_cost": 11.524448551307554, "n_waypoints_completed": 9, "tot_waypoints": 9}}
{"target": -222.63126232113004, "params": {"k_pid_pos": [1.4698128353043505, 0.509734659876444, 0.11401919133455096], "k_pid_alt": [1.2679502233621702, 0.0, 0.1], "k_pid_att": [20.0, 1.0, 0.01], "k_pid_yaw": [0.5, 1e-06, 0.1], "k_pid_hsp": [1.0, 0.01, 0.01], "k_pid_vsp": [150.0, 10.0, 1.0]}, "datetime": {"datetime": "2025-08-20 12:44:37", "elapsed": 3132.2650578022003, "delta": 16.990665435791016}, "costs": {"total_cost": 222.63126232113004, "time_cost": 80.072, "final_distance_cost": 1.763709679832045, "oscillation_cost": 60.102835587898085, "completition_cost": 0.0, "overshoot_cost": 52.87451677190403, "power_cost": 14.801253393554688, "noise_cost": 13.016946887941138, "n_waypoints_completed": 9, "tot_waypoints": 9}}
{"target": -977.4914886190872, "params": {"k_pid_pos": [0.8325832251638142, 0.04925411992759399, 0.6176694605536389], "k_pid_alt": [1.3483903848896324, 0.9026023965438417, 0.47530561788360415], "k_pid_att": [11.895331074021131, 3.0596356458441103, 0.09995185577451304], "k_pid_yaw": [0.5, 1e-06, 0.1], "k_pid_hsp": [1.0, 0.01, 0.5575834968263828], "k_pid_vsp": [150.0, 15.500533572620455, 1.0]}, "datetime": {"datetime": "2025-08-20 12:44:59", "elapsed": 3153.8190443515778, "delta": 21.55398654937744}, "costs": {"total_cost": 977.4914886190872, "time_cost": 150, "final_distance_cost": 52.62293010756682, "oscillation_cost": 357.92541620961754, "completition_cost": 333.33333333333337, "overshoot_cost": 50.4632221425945, "power_cost": 18.130342749023438, "noise_cost": 15.0162440769516, "n_waypoints_completed": 6, "tot_waypoints": 9}}
{"target": -207.33805111380548, "params": {"k_pid_pos": [1.4698128353043505, 0.024859491386256316, 0.11401919133455096], "k_pid_alt": [1.2679502233621702, 0.0, 0.8361997509577753], "k_pid_att": [19.462821160492226, 4.452622529689853, 0.01], "k_pid_yaw": [0.5, 1e-06, 0.1], "k_pid_hsp": [1.0, 0.01, 0.01], "k_pid_vsp": [111.20884264032553, 10.0, 1.0]}, "datetime": {"datetime": "2025-08-20 12:45:14", "elapsed": 3169.2248735427856, "delta": 15.405829191207886}, "costs": {"total_cost": 207.33805111380548, "time_cost": 72.19200000000001, "final_distance_cost": 1.8026784922480472, "oscillation_cost": 57.643052157875466, "completition_cost": 0.0, "overshoot_cost": 50.988361061188, "power_cost": 13.04566688232422, "noise_cost": 11.666292520169751, "n_waypoints_completed": 9, "tot_waypoints": 9}}
{"target": -219.36526925700213, "params": {"k_pid_pos": [1.849624377781123, 0.024859491386256316, 0.44963268842268056], "k_pid_alt": [1.2679502233621702, 0.0, 0.1], "k_pid_att": [14.415714892135846, 1.0, 0.01], "k_pid_yaw": [0.5, 1e-06, 0.1], "k_pid_hsp": [1.0, 0.01, 0.01], "k_pid_vsp": [150.0, 156.73508457218338, 1.0]}, "datetime": {"datetime": "2025-08-20 12:45:29", "elapsed": 3184.021132707596, "delta": 14.79625916481018}, "costs": {"total_cost": 219.36526925700213, "time_cost": 68.584, "final_distance_cost": 1.790355604338473, "oscillation_cost": 75.23037762426549, "completition_cost": 0.0, "overshoot_cost": 50.12821858824972, "power_cost": 12.398992895507813, "noise_cost": 11.233324544640656, "n_waypoints_completed": 9, "tot_waypoints": 9}}
{"target": -218.09531696141852, "params": {"k_pid_pos": [0.7, 0.01, 0.09], "k_pid_alt": [0.7, 0.0, 0.1], "k_pid_att": [20.0, 1.0, 0.01], "k_pid_yaw": [0.5, 1e-06, 0.1], "k_pid_hsp": [1.0, 0.01, 0.01], "k_pid_vsp": [150.0, 10.0, 1.0]}, "datetime": {"datetime": "2025-08-20 12:45:46", "elapsed": 3201.389093875885, "delta": 17.367961168289185}, "costs": {"total_cost": 218.09531696141852, "time_cost": 80.52, "final_distance_cost": 1.846802047158783, "oscillation_cost": 57.276179474947774, "completition_cost": 0.0, "overshoot_cost": 51.66750285084266, "power_cost": 13.680444506835938, "noise_cost": 13.10438808163336, "n_waypoints_completed": 9, "tot_waypoints": 9}}
{"target": -216.65120644537728, "params": {"k_pid_pos": [1.849624377781123, 0.024859491386256316, 0.44963268842268056], "k_pid_alt": [1.2679502233621702, 0.0, 0.1], "k_pid_att": [20.0, 7.284845820832624, 0.004857337777279036], "k_pid_yaw": [0.5, 1e-06, 0.1], "k_pid_hsp": [1.0, 0.01, 0.01], "k_pid_vsp": [150.0, 10.0, 1.0]}, "datetime": {"datetime": "2025-08-20 12:46:01", "elapsed": 3216.421797990799, "delta": 15.03270411491394}, "costs": {"total_cost": 216.65120644537728, "time_cost": 69.784, "final_distance_cost": 1.7843204865446687, "oscillation_cost": 69.52118706395865, "completition_cost": 0.0, "overshoot_cost": 51.43390043289304, "power_cost": 12.621513818359375, "noise_cost": 11.506284643621527, "n_waypoints_completed": 9, "tot_waypoints": 9}}
{"target": -212.68723733833556, "params": {"k_pid_pos": [1.849624377781123, 0.024859491386256316, 0.44963268842268056], "k_pid_alt": [1.2679502233621702, 0.0, 0.1], "k_pid_att": [20.0, 1.0, 0.01], "k_pid_yaw": [0.5, 1e-06, 0.1], "k_pid_hsp": [1.0, 0.01, 0.01], "k_pid_vsp": [150.0, 10.0, 1.0]}, "datetime": {"datetime": "2025-08-20 12:46:17", "elapsed": 3231.566978931427, "delta": 15.145180940628052}, "costs": {"total_cost": 212.68723733833556, "time_cost": 69.848, "final_distance_cost": 1.7800340884785602, "oscillation_cost": 65.82783768181164, "completition_cost": 0.0, "overshoot_cost": 50.80162318905737, "power_cost": 12.766920861816407, "noise_cost": 11.662821517171592, "n_waypoints_completed": 9, "tot_waypoints": 9}}
{"target": -203.9817797076411, "params": {"k_pid_pos": [1.1496839804071068, 0.024859491386256316, 0.11401919133455096], "k_pid_alt": [1.2679502233621702, 0.0, 0.1], "k_pid_att": [20.0, 1.0, 0.01], "k_pid_yaw": [0.5, 1e-06, 0.1], "k_pid_hsp": [1.0, 0.01, 0.01], "k_pid_vsp": [150.0, 15.500533572620455, 1.0]}, "datetime": {"datetime": "2025-08-20 12:46:32", "elapsed": 3246.755950450897, "delta": 15.188971519470215}, "costs": {"total_cost": 203.9817797076411, "time_cost": 70.47200000000001, "final_distance_cost": 1.845252321502337, "oscillation_cost": 56.006356173433936, "completition_cost": 0.0, "overshoot_cost": 50.999216423288146, "power_cost": 12.87670869140625, "noise_cost": 11.782246098010395, "n_waypoints_completed": 9, "tot_waypoints": 9}}
{"target": -750.1492955876504, "params": {"k_pid_pos": [1.4698128353043505, 0.024859491386256316, 0.11401919133455096], "k_pid_alt": [1.2679502233621702, 0.0, 0.1], "k_pid_att": [20.0, 1.0, 0.01], "k_pid_yaw": [0.5, 1e-06, 0.1], "k_pid_hsp": [1.0, 0.01, 0.01], "k_pid_vsp": [150.0, 15.500533572620455, 157.32075408642126]}, "datetime": {"datetime": "2025-08-20 12:46:54", "elapsed": 3268.8817858695984, "delta": 22.125835418701172}, "costs": {"total_cost": 750.1492955876504, "time_cost": 150, "final_distance_cost": 70.78573201318844, "oscillation_cost": 91.4201976411312, "completition_cost": 333.33333333333337, "overshoot_cost": 68.29203273711707, "power_cost": 18.94688951416016, "noise_cost": 17.371110348720123, "n_waypoints_completed": 6, "tot_waypoints": 9}}
{"target": -214.50643196049924, "params": {"k_pid_pos": [1.8624793477566346, 0.04925411992759399, 0.3736141384595716], "k_pid_alt": [0.7, 0.0, 0.1], "k_pid_att": [40.4276456330449, 1.0, 0.004857337777279036], "k_pid_yaw": [0.5, 1e-06, 0.1], "k_pid_hsp": [1.0, 0.01, 0.01], "k_pid_vsp": [150.0, 10.0, 1.0]}, "datetime": {"datetime": "2025-08-20 12:47:10", "elapsed": 3284.6803653240204, "delta": 15.798579454421997}, "costs": {"total_cost": 214.50643196049924, "time_cost": 74.272, "final_distance_cost": 1.823599002974118, "oscillation_cost": 62.23740315692331, "completition_cost": 0.0, "overshoot_cost": 51.420651930424974, "power_cost": 12.9440251953125, "noise_cost": 11.808752674864351, "n_waypoints_completed": 9, "tot_waypoints": 9}}
{"target": -727.8858208448084, "params": {"k_pid_pos": [1.1130165324125372, 0.024859491386256316, 0.44963268842268056], "k_pid_alt": [1.2679502233621702, 0.0, 0.1], "k_pid_att": [20.0, 7.284845820832624, 0.01], "k_pid_yaw": [0.5, 1e-06, 0.1], "k_pid_hsp": [1.0, 0.01, 0.2987590706226323], "k_pid_vsp": [111.20884264032553, 10.0, 1.0]}, "datetime": {"datetime": "2025-08-20 12:47:31", "elapsed": 3306.158902168274, "delta": 21.47853684425354}, "costs": {"total_cost": 727.8858208448084, "time_cost": 150, "final_distance_cost": 29.555756513193785, "oscillation_cost": 346.39263485818776, "completition_cost": 111.11111111111116, "overshoot_cost": 55.669499978243095, "power_cost": 19.367048486328127, "noise_cost": 15.789769897744309, "n_waypoints_completed": 8, "tot_waypoints": 9}}
{"target": -1447.0383331723358, "params": {"k_pid_pos": [1.68883278746973, 0.024859491386256316, 0.44963268842268056], "k_pid_alt": [1.2679502233621702, 0.0, 0.1], "k_pid_att": [20.0, 1.0, 0.22529733878233338], "k_pid_yaw": [0.5, 1e-06, 0.1], "k_pid_hsp": [1.0, 0.01, 0.8820777094381044], "k_pid_vsp": [150.0, 10.0, 1.0]}, "datetime": {"datetime": "2025-08-20 12:47:53", "elapsed": 3327.8687794208527, "delta": 21.709877252578735}, "costs": {"total_cost": 1447.0383331723358, "time_cost": 150, "final_distance_cost": 58.01363006676478, "oscillation_cost": 432.5599207389362, "completition_cost": 666.6666666666667, "overshoot_cost": 105.10945590564836, "power_cost": 19.022274353027345, "noise_cost": 15.666385441292183, "n_waypoints_completed": 3, "tot_waypoints": 9}}
{"target": -1084.4461988355743, "params": {"k_pid_pos": [1.849624377781123, 0.024859491386256316, 0.44963268842268056], "k_pid_alt": [1.2679502233621702, 0.0, 0.1], "k_pid_att": [94.48051719440384, 3.6888469195366334, 0.01], "k_pid_yaw": [0.5, 1e-06, 0.1], "k_pid_hsp": [1.0, 0.01, 0.01], "k_pid_vsp": [150.0, 10.0, 301.6362243201388]}, "datetime": {"datetime": "2025-08-20 12:48:17", "elapsed": 3351.974894285202, "delta": 24.106114864349365}, "costs": {"total_cost": 1084.4461988355743, "time_cost": 150, "final_distance_cost": 80.26785099213667, "oscillation_cost": 66.41009102197597, "completition_cost": 666.6666666666667, "overshoot_cost": 87.20618613649434, "power_cost": 19.27658515625, "noise_cost": 14.618818862050713, "n_waypoints_completed": 3, "tot_waypoints": 9}}
{"target": -214.147789627563, "params": {"k_pid_pos": [1.849624377781123, 0.024859491386256316, 0.44963268842268056], "k_pid_alt": [1.2679502233621702, 0.0, 0.1], "k_pid_att": [20.0, 3.6888469195366334, 0.01], "k_pid_yaw": [0.5, 1e-06, 0.1], "k_pid_hsp": [1.0, 0.01, 0.01], "k_pid_vsp": [295.9324376154018, 15.500533572620455, 1.0]}, "datetime": {"datetime": "2025-08-20 12:48:35", "elapsed": 3369.6905269622803, "delta": 17.715632677078247}, "costs": {"total_cost": 214.147789627563, "time_cost": 69.808, "final_distance_cost": 1.7987443047081921, "oscillation_cost": 67.56734193938019, "completition_cost": 0.0, "overshoot_cost": 50.755549605768074, "power_cost": 12.703304260253907, "noise_cost": 11.51484951745264, "n_waypoints_completed": 9, "tot_waypoints": 9}}
{"target": -1219.752876090478, "params": {"k_pid_pos": [1.4698128353043505, 0.024859491386256316, 0.11401919133455096], "k_pid_alt": [1.2679502233621702, 0.0, 0.1], "k_pid_att": [20.0, 5.958619921514779, 0.01], "k_pid_yaw": [0.5, 1e-06, 0.1], "k_pid_hsp": [1.0, 0.01, 0.01], "k_pid_vsp": [150.0, 10.0, 349.2959746683124]}, "datetime": {"datetime": "2025-08-20 12:48:58", "elapsed": 3393.040620803833, "delta": 23.350093841552734}, "costs": {"total_cost": 1219.752876090478, "time_cost": 150, "final_distance_cost": 82.90610389273, "oscillation_cost": 81.65748702813428, "completition_cost": 777.7777777777778, "overshoot_cost": 87.50632988343874, "power_cost": 18.874424536132814, "noise_cost": 21.030752972264303, "n_waypoints_completed": 2, "tot_waypoints": 9}}
{"target": -222.6617617334574, "params": {"k_pid_pos": [1.849624377781123, 0.024859491386256316, 0.44963268842268056], "k_pid_alt": [1.2679502233621702, 0.0, 0.9558605341889254], "k_pid_att": [20.0, 7.284845820832624, 0.01], "k_pid_yaw": [0.5, 1e-06, 0.1], "k_pid_hsp": [1.0, 0.01, 0.01], "k_pid_vsp": [150.0, 10.0, 1.0]}, "datetime": {"datetime": "2025-08-20 12:49:14", "elapsed": 3408.7586703300476, "delta": 15.7180495262146}, "costs": {"total_cost": 222.6617617334574, "time_cost": 72.904, "final_distance_cost": 1.8092600231610878, "oscillation_cost": 72.51241180345222, "completition_cost": 0.0, "overshoot_cost": 50.67537511164244, "power_cost": 13.062821240234376, "noise_cost": 11.697893554967308, "n_waypoints_completed": 9, "tot_waypoints": 9}}
{"target": -196.01490406792692, "params": {"k_pid_pos": [1.849624377781123, 0.024859491386256316, 0.44963268842268056], "k_pid_alt": [1.6444270921876138, 0.0, 0.1], "k_pid_att": [78.69411358121238, 1.0, 0.004857337777279036], "k_pid_yaw": [0.5, 1e-06, 0.1], "k_pid_hsp": [1.0, 0.01, 0.01], "k_pid_vsp": [150.0, 307.0029666248519, 1.0]}, "datetime": {"datetime": "2025-08-20 12:49:28", "elapsed": 3423.460917234421, "delta": 14.702246904373169}, "costs": {"total_cost": 196.01490406792692, "time_cost": 68.48, "final_distance_cost": 1.8141493927716161, "oscillation_cost": 52.084146773111954, "completition_cost": 0.0, "overshoot_cost": 50.09127766705009, "power_cost": 12.293376538085939, "noise_cost": 11.251953696907329, "n_waypoints_completed": 9, "tot_waypoints": 9}}
{"target": -209.59960134103193, "params": {"k_pid_pos": [1.849624377781123, 0.024859491386256316, 0.44963268842268056], "k_pid_alt": [1.2679502233621702, 0.02520494712616217, 0.1], "k_pid_att": [20.0, 1.0, 0.01], "k_pid_yaw": [0.5, 1e-06, 0.1], "k_pid_hsp": [1.0, 0.01, 0.01], "k_pid_vsp": [150.0, 156.73508457218338, 1.0]}, "datetime": {"datetime": "2025-08-20 12:49:43", "elapsed": 3437.989349603653, "delta": 14.528432369232178}, "costs": {"total_cost": 209.59960134103193, "time_cost": 68.664, "final_distance_cost": 1.8293684091818, "oscillation_cost": 64.36647895637446, "completition_cost": 0.0, "overshoot_cost": 50.870317783331515, "power_cost": 12.46431025390625, "noise_cost": 11.405125938237845, "n_waypoints_completed": 9, "tot_waypoints": 9}}
{"target": -211.15175107006405, "params": {"k_pid_pos": [1.242954667163238, 0.01, 0.24954817593872036], "k_pid_alt": [0.7, 0.0, 0.1], "k_pid_att": [20.0, 1.0, 0.1618693606287408], "k_pid_yaw": [0.5, 1e-06, 0.1], "k_pid_hsp": [5.496779025287511, 0.01, 0.01], "k_pid_vsp": [150.0, 376.54676056673185, 1.0]}, "datetime": {"datetime": "2025-08-20 12:49:59", "elapsed": 3453.7552213668823, "delta": 15.76587176322937}, "costs": {"total_cost": 211.15175107006405, "time_cost": 73.056, "final_distance_cost": 1.8422277411824033, "oscillation_cost": 62.44481991741417, "completition_cost": 0.0, "overshoot_cost": 49.69783445256364, "power_cost": 12.431104162597657, "noise_cost": 11.679764796306202, "n_waypoints_completed": 9, "tot_waypoints": 9}}
{"target": -249.4848177525145, "params": {"k_pid_pos": [1.849624377781123, 0.9745008925422891, 0.44963268842268056], "k_pid_alt": [1.2679502233621702, 0.0, 0.1], "k_pid_att": [20.0, 1.0, 0.01], "k_pid_yaw": [0.5, 1e-06, 0.1], "k_pid_hsp": [1.0, 0.01, 0.01], "k_pid_vsp": [369.1457451700762, 10.0, 1.0]}, "datetime": {"datetime": "2025-08-20 12:50:18", "elapsed": 3472.494747400284, "delta": 18.73952603340149}, "costs": {"total_cost": 249.4848177525145, "time_cost": 87.712, "final_distance_cost": 1.7168550451529283, "oscillation_cost": 73.02914667002173, "completition_cost": 0.0, "overshoot_cost": 55.91508108799552, "power_cost": 16.703570336914062, "noise_cost": 14.40816461243026, "n_waypoints_completed": 9, "tot_waypoints": 9}}
{"target": -756.7619266254301, "params": {"k_pid_pos": [0.8325832251638142, 0.04925411992759399, 0.3736141384595716], "k_pid_alt": [1.3483903848896324, 0.9026023965438417, 0.47530561788360415], "k_pid_att": [11.895331074021131, 7.08864989820028, 0.9274604585040267], "k_pid_yaw": [0.5, 1e-06, 0.1], "k_pid_hsp": [1.610540723631117, 0.01, 0.5897899838558589], "k_pid_vsp": [150.0, 10.0, 1.0]}, "datetime": {"datetime": "2025-08-20 12:50:39", "elapsed": 3493.910706758499, "delta": 21.415959358215332}, "costs": {"total_cost": 756.7619266254301, "time_cost": 150, "final_distance_cost": 67.97298626717686, "oscillation_cost": 232.8458533699087, "completition_cost": 222.2222222222222, "overshoot_cost": 51.51191059471006, "power_cost": 16.72367615966797, "noise_cost": 15.48527801174415, "n_waypoints_completed": 7, "tot_waypoints": 9}}
{"target": -240.72769920476136, "params": {"k_pid_pos": [1.849624377781123, 0.024859491386256316, 0.44963268842268056], "k_pid_alt": [1.2679502233621702, 0.2446271327590287, 0.9866259175249644], "k_pid_att": [20.0, 1.0, 0.01], "k_pid_yaw": [0.5, 1e-06, 0.1], "k_pid_hsp": [1.0, 0.01, 0.01], "k_pid_vsp": [150.0, 10.0, 1.0]}, "datetime": {"datetime": "2025-08-20 12:50:57", "elapsed": 3511.773409843445, "delta": 17.86270308494568}, "costs": {"total_cost": 240.72769920476136, "time_cost": 81.336, "final_distance_cost": 1.7254876671916153, "oscillation_cost": 78.87836237351664, "completition_cost": 0.0, "overshoot_cost": 51.53310782207691, "power_cost": 14.568665112304688, "noise_cost": 12.686076229671494, "n_waypoints_completed": 9, "tot_waypoints": 9}}
{"target": -217.0871793805149, "params": {"k_pid_pos": [1.849624377781123, 0.024859491386256316, 0.44963268842268056], "k_pid_alt": [1.2679502233621702, 0.0, 0.1], "k_pid_att": [20.0, 2.479545121909682, 0.004857337777279036], "k_pid_yaw": [0.5, 1e-06, 0.1], "k_pid_hsp": [1.0, 0.01, 0.01], "k_pid_vsp": [150.0, 10.0, 1.0]}, "datetime": {"datetime": "2025-08-20 12:51:12", "elapsed": 3526.8695480823517, "delta": 15.09613823890686}, "costs": {"total_cost": 217.0871793805149, "time_cost": 69.816, "final_distance_cost": 1.796820154127676, "oscillation_cost": 70.05754447745169, "completition_cost": 0.0, "overshoot_cost": 51.1310181703763, "power_cost": 12.746644213867189, "noise_cost": 11.539152364692027, "n_waypoints_completed": 9, "tot_waypoints": 9}}
{"target": -945.7964728055015, "params": {"k_pid_pos": [1.8624793477566346, 0.04925411992759399, 0.3736141384595716], "k_pid_alt": [0.7, 0.9026023965438417, 0.47530561788360415], "k_pid_att": [11.895331074021131, 3.0596356458441103, 0.9274604585040267], "k_pid_yaw": [0.5, 1e-06, 0.1], "k_pid_hsp": [1.0, 0.01, 0.6062506194501415], "k_pid_vsp": [96.51738067581208, 219.55503605373926, 1.0]}, "datetime": {"datetime": "2025-08-20 12:51:33", "elapsed": 3548.3151767253876, "delta": 21.44562864303589}, "costs": {"total_cost": 945.7964728055015, "time_cost": 150, "final_distance_cost": 45.73269917435378, "oscillation_cost": 224.41393770159704, "completition_cost": 444.4444444444444, "overshoot_cost": 48.9745950843505, "power_cost": 16.935169836425782, "noise_cost": 15.295626564329941, "n_waypoints_completed": 5, "tot_waypoints": 9}}
{"target": -190.28725707726147, "params": {"k_pid_pos": [1.8624793477566346, 0.04925411992759399, 0.6830149564489978], "k_pid_alt": [0.7, 0.0, 0.1], "k_pid_att": [94.03514125381805, 1.0, 0.9274604585040267], "k_pid_yaw": [0.5, 1e-06, 0.1], "k_pid_hsp": [1.0, 0.01, 0.01], "k_pid_vsp": [111.20884264032553, 93.09285943774285, 1.0]}, "datetime": {"datetime": "2025-08-20 12:51:49", "elapsed": 3563.5867455005646, "delta": 15.271568775177002}, "costs": {"total_cost": 190.28725707726147, "time_cost": 72.536, "final_distance_cost": 1.8187780250188148, "oscillation_cost": 41.248122272737824, "completition_cost": 0.0, "overshoot_cost": 50.55159636032297, "power_cost": 12.582693212890625, "noise_cost": 11.55006720629124, "n_waypoints_completed": 9, "tot_waypoints": 9}}
{"target": -196.01490406792692, "params": {"k_pid_pos": [1.849624377781123, 0.024859491386256316, 0.44963268842268056], "k_pid_alt": [1.6444270921876138, 0.0, 0.1], "k_pid_att": [78.69411358121238, 1.0, 0.004857337777279036], "k_pid_yaw": [0.5, 1e-06, 0.1], "k_pid_hsp": [1.0, 0.01, 0.01], "k_pid_vsp": [150.0, 307.0029666248519, 1.0]}, "datetime": {"datetime": "2025-08-20 12:52:04", "elapsed": 3578.618605852127, "delta": 15.0318603515625}, "costs": {"total_cost": 196.01490406792692, "time_cost": 68.48, "final_distance_cost": 1.8141493927716161, "oscillation_cost": 52.084146773111954, "completition_cost": 0.0, "overshoot_cost": 50.09127766705009, "power_cost": 12.293376538085939, "noise_cost": 11.251953696907329, "n_waypoints_completed": 9, "tot_waypoints": 9}}
{"target": -203.65888223571991, "params": {"k_pid_pos": [1.4698128353043505, 0.024859491386256316, 0.11401919133455096], "k_pid_alt": [1.2679502233621702, 0.0, 0.1], "k_pid_att": [20.0, 1.0, 0.01], "k_pid_yaw": [0.5, 1e-06, 0.1], "k_pid_hsp": [1.0, 0.01, 0.01], "k_pid_vsp": [150.0, 15.500533572620455, 1.0]}, "datetime": {"datetime": "2025-08-20 12:52:19", "elapsed": 3593.5294485092163, "delta": 14.910842657089233}, "costs": {"total_cost": 203.65888223571991, "time_cost": 69.544, "final_distance_cost": 1.7733345410034977, "oscillation_cost": 56.71752815492505, "completition_cost": 0.0, "overshoot_cost": 51.35323534540575, "power_cost": 12.748058056640625, "noise_cost": 11.522726137744987, "n_waypoints_completed": 9, "tot_waypoints": 9}}
