{"target": -172.54169245444376, "params": {"k_pid_pos": [1.548192567917501, 0.0, 0.6361440226369811], "k_pid_alt": [1.999905671187156, 0.0, 0.0], "k_pid_att": [29.69228951587683, 0.0001, 0.2849910525690671], "k_pid_yaw": [0.5, 1e-06, 0.1], "k_pid_hsp": [0.12757856523854189, 1.5606329982854287e-05, 0.0], "k_pid_vsp": [257.8938476139557, 350.0094554446805, 1e-06]}, "datetime": {"datetime": "2025-08-20 21:20:41", "elapsed": 34095.676328897476, "delta": 16.651872158050537}, "costs": {"total_cost": 172.54169245444376, "time_cost": 70.12, "final_distance_cost": 1.8215698896114403, "oscillation_cost": 26.89466435056849, "completition_cost": 0.0, "overshoot_cost": 50.49936589997265, "power_cost": 11.840217517089844, "noise_cost": 11.36587479720132, "n_waypoints_completed": 9, "tot_waypoints": 9}}
{"target": -173.49983420518683, "params": {"k_pid_pos": [1.355085205038748, 0.0, 0.8359479050395229], "k_pid_alt": [1.9994701509249706, 0.0, 0.0], "k_pid_att": [23.380566892831546, 0.0001, 0.3062374829807522], "k_pid_yaw": [0.5, 1e-06, 0.1], "k_pid_hsp": [0.1350456355639058, 0.00011705026654170029, 0.0], "k_pid_vsp": [245.30204419574267, 394.0751782963859, 1e-06]}, "datetime": {"datetime": "2025-08-20 21:20:56", "elapsed": 34110.96604299545, "delta": 15.289714097976685}, "costs": {"total_cost": 173.49983420518683, "time_cost": 71.168, "final_distance_cost": 1.842655993191823, "oscillation_cost": 25.317439800918653, "completition_cost": 0.0, "overshoot_cost": 51.13625272549064, "power_cost": 12.311470385742188, "noise_cost": 11.724015299843517, "n_waypoints_completed": 9, "tot_waypoints": 9}}
{"target": -172.3373356654542, "params": {"k_pid_pos": [1.3803215824543065, 0.0, 0.6589348178163886], "k_pid_alt": [1.9999553689057004, 0.0, 0.0], "k_pid_att": [23.16821726311737, 0.0001, 0.3089995236287011], "k_pid_yaw": [0.5, 1e-06, 0.1], "k_pid_hsp": [0.1064001059138751, 3.632926857276014e-05, 0.0], "k_pid_vsp": [219.09828730433162, 396.05992290716705, 1e-06]}, "datetime": {"datetime": "2025-08-20 21:21:14", "elapsed": 34128.78803348541, "delta": 17.821990489959717}, "costs": {"total_cost": 172.3373356654542, "time_cost": 70.496, "final_distance_cost": 1.8139180636931886, "oscillation_cost": 25.596337487207617, "completition_cost": 0.0, "overshoot_cost": 50.70978242206349, "power_cost": 12.279886157226564, "noise_cost": 11.4414115352633, "n_waypoints_completed": 9, "tot_waypoints": 9}}
{"target": -172.08032920433735, "params": {"k_pid_pos": [1.3126782027224497, 0.0, 0.6577661074745058], "k_pid_alt": [1.9999188152369574, 0.0, 0.0], "k_pid_att": [22.13460342190178, 0.0001, 0.29421960233828515], "k_pid_yaw": [0.5, 1e-06, 0.1], "k_pid_hsp": [0.08961181444402758, 7.761298317703495e-05, 0.0], "k_pid_vsp": [255.68842173981508, 394.70705029174775, 1e-06]}, "datetime": {"datetime": "2025-08-20 21:21:29", "elapsed": 34143.624492406845, "delta": 14.836458921432495}, "costs": {"total_cost": 172.08032920433735, "time_cost": 70.696, "final_distance_cost": 1.8032019080995898, "oscillation_cost": 24.986133481456864, "completition_cost": 0.0, "overshoot_cost": 51.1188126148821, "power_cost": 12.064857470703126, "noise_cost": 11.411323729195649, "n_waypoints_completed": 9, "tot_waypoints": 9}}
{"target": -173.43634872109374, "params": {"k_pid_pos": [1.3334697925886143, 0.0, 0.4821425915257198], "k_pid_alt": [1.9999270463636996, 0.0, 0.0], "k_pid_att": [35.468979634830234, 0.0001, 0.2906185305060697], "k_pid_yaw": [0.5, 1e-06, 0.1], "k_pid_hsp": [0.08989459169159575, 2.6777801721316503e-05, 0.0], "k_pid_vsp": [259.0437800039835, 269.5279696554642, 1e-06]}, "datetime": {"datetime": "2025-08-20 21:21:45", "elapsed": 34160.37888598442, "delta": 16.754393577575684}, "costs": {"total_cost": 173.43634872109374, "time_cost": 70.368, "final_distance_cost": 1.813015209188344, "oscillation_cost": 25.68661227753328, "completition_cost": 0.0, "overshoot_cost": 51.770018303814126, "power_cost": 12.258645935058594, "noise_cost": 11.540056995499377, "n_waypoints_completed": 9, "tot_waypoints": 9}}
{"target": -172.20563733375047, "params": {"k_pid_pos": [1.3255592929112043, 0.0, 0.6258680381787537], "k_pid_alt": [1.9998873440424045, 0.0, 0.0], "k_pid_att": [26.335318422989932, 0.0001, 0.31940661135302656], "k_pid_yaw": [0.5, 1e-06, 0.1], "k_pid_hsp": [0.09037483733306477, 6.485018069622235e-05, 0.0], "k_pid_vsp": [250.1525228633415, 394.1127950462938, 1e-06]}, "datetime": {"datetime": "2025-08-20 21:22:00", "elapsed": 34175.5023560524, "delta": 15.123470067977905}, "costs": {"total_cost": 172.20563733375047, "time_cost": 70.568, "final_distance_cost": 1.8169650192877975, "oscillation_cost": 25.322554143803696, "completition_cost": 0.0, "overshoot_cost": 51.51102572274167, "power_cost": 11.653145825195313, "noise_cost": 11.333946622721998, "n_waypoints_completed": 9, "tot_waypoints": 9}}
{"target": -172.32951544400797, "params": {"k_pid_pos": [1.4441344791741568, 0.0, 0.736000724349648], "k_pid_alt": [1.8183031662223486, 0.0, 0.0], "k_pid_att": [28.34482674678445, 0.0001, 0.3354679080647876], "k_pid_yaw": [0.5, 1e-06, 0.1], "k_pid_hsp": [0.08544766403037757, 1.346096995250795e-05, 0.0], "k_pid_vsp": [236.0682236968095, 303.14354794929636, 1e-06]}, "datetime": {"datetime": "2025-08-20 21:22:18", "elapsed": 34193.40426135063, "delta": 17.901905298233032}, "costs": {"total_cost": 172.32951544400797, "time_cost": 70.44, "final_distance_cost": 1.825959212268774, "oscillation_cost": 25.53806379114275, "completition_cost": 0.0, "overshoot_cost": 51.426853321055454, "power_cost": 11.811228479003907, "noise_cost": 11.287410640537066, "n_waypoints_completed": 9, "tot_waypoints": 9}}
{"target": -172.01278198856414, "params": {"k_pid_pos": [1.2928960246001, 0.0, 0.6402791773560921], "k_pid_alt": [1.9999368156450907, 0.0, 0.0], "k_pid_att": [20.939765759096744, 0.0001, 0.31784254414078594], "k_pid_yaw": [0.5, 1e-06, 0.1], "k_pid_hsp": [0.09003259357822346, 5.9537421996667024e-05, 0.0], "k_pid_vsp": [244.86807518448182, 395.6046849750167, 1e-06]}, "datetime": {"datetime": "2025-08-20 21:22:34", "elapsed": 34208.600016355515, "delta": 15.195755004882812}, "costs": {"total_cost": 172.01278198856414, "time_cost": 70.68, "final_distance_cost": 1.8327594873841286, "oscillation_cost": 24.889886371189743, "completition_cost": 0.0, "overshoot_cost": 51.0666132768684, "power_cost": 12.094712963867188, "noise_cost": 11.448809889254688, "n_waypoints_completed": 9, "tot_waypoints": 9}}
{"target": -172.33809704553832, "params": {"k_pid_pos": [1.3115766878527786, 0.0, 0.625019257353749], "k_pid_alt": [1.999840269516755, 0.0, 0.0], "k_pid_att": [25.42179548971535, 0.0001, 0.3132557739842554], "k_pid_yaw": [0.5, 1e-06, 0.1], "k_pid_hsp": [0.09266802107059535, 7.526562439207082e-05, 0.0], "k_pid_vsp": [280.7990158738672, 393.8467061825853, 1e-06]}, "datetime": {"datetime": "2025-08-20 21:22:50", "elapsed": 34225.434809207916, "delta": 16.834792852401733}, "costs": {"total_cost": 172.33809704553832, "time_cost": 70.592, "final_distance_cost": 1.8078370175200928, "oscillation_cost": 25.178580004480043, "completition_cost": 0.0, "overshoot_cost": 51.4537904328068, "power_cost": 11.879644006347657, "noise_cost": 11.42624558438374, "n_waypoints_completed": 9, "tot_waypoints": 9}}
{"target": -171.64671846007857, "params": {"k_pid_pos": [1.309153048854788, 0.0, 0.6159731584193081], "k_pid_alt": [1.9999114633214214, 0.0, 0.0], "k_pid_att": [20.854071849678874, 0.0001, 0.3750134312980353], "k_pid_yaw": [0.5, 1e-06, 0.1], "k_pid_hsp": [0.08737729190174225, 4.7220267211008486e-05, 0.0], "k_pid_vsp": [237.62116476328413, 368.87755309118256, 1e-06]}, "datetime": {"datetime": "2025-08-20 21:23:06", "elapsed": 34240.680788993835, "delta": 15.24597978591919}, "costs": {"total_cost": 171.64671846007857, "time_cost": 70.592, "final_distance_cost": 1.8178578386658308, "oscillation_cost": 25.249270825987338, "completition_cost": 0.0, "overshoot_cost": 50.82201090882996, "power_cost": 11.871632373046875, "noise_cost": 11.293946513548574, "n_waypoints_completed": 9, "tot_waypoints": 9}}
{"target": -171.2548531057883, "params": {"k_pid_pos": [1.3138928609132519, 0.0, 0.6845173459150256], "k_pid_alt": [1.9999128212215729, 0.0, 0.0], "k_pid_att": [26.98050139297129, 0.0001, 0.1845411712180675], "k_pid_yaw": [0.5, 1e-06, 0.1], "k_pid_hsp": [0.09857252025701897, 5.7677478487452734e-05, 0.0], "k_pid_vsp": [255.17352565244275, 400.0, 1e-06]}, "datetime": {"datetime": "2025-08-20 21:23:23", "elapsed": 34257.96367430687, "delta": 17.282885313034058}, "costs": {"total_cost": 171.2548531057883, "time_cost": 70.744, "final_distance_cost": 1.8179870787919692, "oscillation_cost": 24.947472284189793, "completition_cost": 0.0, "overshoot_cost": 50.969960952892926, "power_cost": 11.580935119628906, "noise_cost": 11.19449767028468, "n_waypoints_completed": 9, "tot_waypoints": 9}}
{"target": -172.4225878478856, "params": {"k_pid_pos": [1.3557104302544865, 0.0, 0.6712577186801802], "k_pid_alt": [1.9902577254778286, 0.0, 0.0], "k_pid_att": [28.109585917920196, 0.0001, 0.3486275031202446], "k_pid_yaw": [0.5, 1e-06, 0.1], "k_pid_hsp": [0.11255895276313596, 3.0867495337170655e-05, 0.0], "k_pid_vsp": [247.7402508720281, 393.1277978069858, 1e-06]}, "datetime": {"datetime": "2025-08-20 21:23:38", "elapsed": 34272.92377257347, "delta": 14.960098266601562}, "costs": {"total_cost": 172.4225878478856, "time_cost": 70.60000000000001, "final_distance_cost": 1.815133286377882, "oscillation_cost": 25.373827311046437, "completition_cost": 0.0, "overshoot_cost": 50.88654305750959, "power_cost": 12.200613928222657, "noise_cost": 11.54647026472903, "n_waypoints_completed": 9, "tot_waypoints": 9}}
{"target": -172.4402881310253, "params": {"k_pid_pos": [1.2967008508293987, 0.0, 0.7294485446444603], "k_pid_alt": [1.9998669402486924, 0.0, 0.0], "k_pid_att": [24.91743068369964, 0.0001, 0.3056005587644752], "k_pid_yaw": [0.5, 1e-06, 0.1], "k_pid_hsp": [0.10080226118499065, 5.550795392755384e-05, 0.0], "k_pid_vsp": [268.9630204490493, 391.31266012803803, 1e-06]}, "datetime": {"datetime": "2025-08-20 21:23:55", "elapsed": 34289.78998351097, "delta": 16.8662109375}, "costs": {"total_cost": 172.4402881310253, "time_cost": 70.968, "final_distance_cost": 1.828528467654835, "oscillation_cost": 24.915700492315885, "completition_cost": 0.0, "overshoot_cost": 51.24746280158813, "power_cost": 11.990933666992188, "noise_cost": 11.489662702474236, "n_waypoints_completed": 9, "tot_waypoints": 9}}
{"target": -172.09689370770505, "params": {"k_pid_pos": [1.3212969450416474, 0.0, 0.6406602465450372], "k_pid_alt": [1.9999206904900169, 0.0, 0.0], "k_pid_att": [25.389892786604403, 0.0001, 0.2300114333688262], "k_pid_yaw": [0.5, 1e-06, 0.1], "k_pid_hsp": [0.11003881797974334, 7.319504831637704e-05, 0.0], "k_pid_vsp": [281.8110786343642, 394.81519379436315, 1e-06]}, "datetime": {"datetime": "2025-08-20 21:24:10", "elapsed": 34305.011942863464, "delta": 15.221959352493286}, "costs": {"total_cost": 172.09689370770505, "time_cost": 70.60000000000001, "final_distance_cost": 1.82602638011046, "oscillation_cost": 25.33706995565395, "completition_cost": 0.0, "overshoot_cost": 50.877382007706615, "power_cost": 12.012927612304688, "noise_cost": 11.443487751929316, "n_waypoints_completed": 9, "tot_waypoints": 9}}
{"target": -172.03821851968794, "params": {"k_pid_pos": [1.3553319425566321, 0.0, 0.6445237705598892], "k_pid_alt": [1.9998944559240244, 0.0, 0.0], "k_pid_att": [27.059696518101834, 0.0001, 0.44164063108552026], "k_pid_yaw": [0.5, 1e-06, 0.1], "k_pid_hsp": [0.09087508405824585, 6.357298374287635e-05, 0.0], "k_pid_vsp": [254.30222903316402, 393.8061684223398, 1e-06]}, "datetime": {"datetime": "2025-08-20 21:24:28", "elapsed": 34322.5891957283, "delta": 17.577252864837646}, "costs": {"total_cost": 172.03821851968794, "time_cost": 70.552, "final_distance_cost": 1.8086622320932007, "oscillation_cost": 25.317280831371335, "completition_cost": 0.0, "overshoot_cost": 51.37276010379894, "power_cost": 11.775916027832032, "noise_cost": 11.211599324592438, "n_waypoints_completed": 9, "tot_waypoints": 9}}
{"target": -172.07834086532287, "params": {"k_pid_pos": [1.3210751868742787, 0.0, 0.6574231687439882], "k_pid_alt": [1.9999080392884814, 0.0, 0.0], "k_pid_att": [25.674062771356915, 0.0001, 0.2951672615200558], "k_pid_yaw": [0.5, 1e-06, 0.1], "k_pid_hsp": [0.09579692314056407, 4.568937857840692e-06, 0.0], "k_pid_vsp": [246.64760443718342, 390.9519787169338, 1e-06]}, "datetime": {"datetime": "2025-08-20 21:24:43", "elapsed": 34337.82276439667, "delta": 15.233568668365479}, "costs": {"total_cost": 172.07834086532287, "time_cost": 70.672, "final_distance_cost": 1.8133269483333345, "oscillation_cost": 24.997678404664644, "completition_cost": 0.0, "overshoot_cost": 51.247346194724564, "power_cost": 11.938963122558594, "noise_cost": 11.409026195041752, "n_waypoints_completed": 9, "tot_waypoints": 9}}
{"target": -171.7835179877131, "params": {"k_pid_pos": [1.311509090102273, 0.0, 0.6581289048933497], "k_pid_alt": [1.9998771552345707, 0.0, 0.0], "k_pid_att": [33.19605194577555, 0.0001, 0.3443789077476024], "k_pid_yaw": [0.5, 1e-06, 0.1], "k_pid_hsp": [0.08869810737608091, 1.9753880086624466e-05, 0.0], "k_pid_vsp": [248.97070795277415, 394.5088132462716, 1e-06]}, "datetime": {"datetime": "2025-08-20 21:24:59", "elapsed": 34354.536136865616, "delta": 16.713372468948364}, "costs": {"total_cost": 171.7835179877131, "time_cost": 70.672, "final_distance_cost": 1.8237916255639095, "oscillation_cost": 25.08640986778498, "completition_cost": 0.0, "overshoot_cost": 51.04433983077843, "power_cost": 11.868969641113281, "noise_cost": 11.2880070224725, "n_waypoints_completed": 9, "tot_waypoints": 9}}
{"target": -172.61386663231937, "params": {"k_pid_pos": [1.3651134185666978, 0.0, 0.630546869036183], "k_pid_alt": [1.9998366285487024, 0.0, 0.0], "k_pid_att": [21.89908167949103, 0.0001, 0.30998422351696275], "k_pid_yaw": [0.5, 1e-06, 0.1], "k_pid_hsp": [0.0967126946678825, 7.798850020551102e-05, 0.0], "k_pid_vsp": [246.53310066889478, 381.9713711307358, 1e-06]}, "datetime": {"datetime": "2025-08-20 21:25:16", "elapsed": 34370.66534924507, "delta": 16.129212379455566}, "costs": {"total_cost": 172.61386663231937, "time_cost": 70.456, "final_distance_cost": 1.8300411649109949, "oscillation_cost": 25.60058856238405, "completition_cost": 0.0, "overshoot_cost": 51.37618200139693, "power_cost": 11.96304208984375, "noise_cost": 11.388012813783625, "n_waypoints_completed": 9, "tot_waypoints": 9}}
{"target": -171.38298475835077, "params": {"k_pid_pos": [1.3299635833845036, 0.0, 0.657174335650985], "k_pid_alt": [1.9999011315625124, 0.0, 0.0], "k_pid_att": [30.651011131657743, 0.0001, 0.2959649979843436], "k_pid_yaw": [0.5, 1e-06, 0.1], "k_pid_hsp": [0.09234530952821467, 4.7197401821633274e-05, 0.0], "k_pid_vsp": [277.54255814446674, 395.55841688559815, 1e-06]}, "datetime": {"datetime": "2025-08-20 21:25:32", "elapsed": 34387.50340938568, "delta": 16.83806014060974}, "costs": {"total_cost": 171.38298475835077, "time_cost": 70.64, "final_distance_cost": 1.8315474601830481, "oscillation_cost": 24.98902113533288, "completition_cost": 0.0, "overshoot_cost": 50.78772662341559, "power_cost": 11.801528588867187, "noise_cost": 11.33316095055208, "n_waypoints_completed": 9, "tot_waypoints": 9}}
{"target": -171.14594002777218, "params": {"k_pid_pos": [1.3366205272023952, 0.0, 0.6626474530996473], "k_pid_alt": [1.9998942982700683, 0.0, 0.0], "k_pid_att": [29.230187297666518, 0.0001, 0.3306656017551715], "k_pid_yaw": [0.5, 1e-06, 0.1], "k_pid_hsp": [0.08887485179026823, 5.9182068134424376e-05, 0.0], "k_pid_vsp": [250.53864379669864, 395.7367601008621, 1e-06]}, "datetime": {"datetime": "2025-08-20 21:25:48", "elapsed": 34403.4527156353, "delta": 15.94930624961853}, "costs": {"total_cost": 171.14594002777218, "time_cost": 70.624, "final_distance_cost": 1.8258414265733445, "oscillation_cost": 25.017616138580866, "completition_cost": 0.0, "overshoot_cost": 50.89709795204899, "power_cost": 11.521942553710938, "noise_cost": 11.259441956858053, "n_waypoints_completed": 9, "tot_waypoints": 9}}
{"target": -172.0899817380709, "params": {"k_pid_pos": [1.4261984666371532, 0.0, 0.6464150971019398], "k_pid_alt": [1.999898694621947, 0.0, 0.0], "k_pid_att": [26.250371587119027, 0.0001, 0.3460048385247725], "k_pid_yaw": [0.5, 1e-06, 0.1], "k_pid_hsp": [0.10071137812247243, 6.116918212157366e-05, 0.0], "k_pid_vsp": [232.31013420460891, 389.71204556396293, 1e-06]}, "datetime": {"datetime": "2025-08-20 21:26:04", "elapsed": 34419.43625688553, "delta": 15.983541250228882}, "costs": {"total_cost": 172.0899817380709, "time_cost": 70.36, "final_distance_cost": 1.8127594217859564, "oscillation_cost": 25.840429828076736, "completition_cost": 0.0, "overshoot_cost": 50.812245368058385, "power_cost": 11.895162841796875, "noise_cost": 11.369384278352921, "n_waypoints_completed": 9, "tot_waypoints": 9}}
{"target": -171.3365427195739, "params": {"k_pid_pos": [1.31071145714999, 0.0, 0.658762572322491], "k_pid_alt": [1.9999373511322849, 0.0, 0.0], "k_pid_att": [26.924727487300945, 0.0001, 0.3184759135638535], "k_pid_yaw": [0.5, 1e-06, 0.1], "k_pid_hsp": [0.12193549548174094, 7.046693174715435e-05, 0.0], "k_pid_vsp": [251.96846390009546, 394.2635565173755, 1e-06]}, "datetime": {"datetime": "2025-08-20 21:26:21", "elapsed": 34435.789563417435, "delta": 16.353306531906128}, "costs": {"total_cost": 171.3365427195739, "time_cost": 70.672, "final_distance_cost": 1.8379321430925106, "oscillation_cost": 25.37389134782154, "completition_cost": 0.0, "overshoot_cost": 50.63533240363537, "power_cost": 11.610061071777345, "noise_cost": 11.207325753247133, "n_waypoints_completed": 9, "tot_waypoints": 9}}
{"target": -172.7415382799806, "params": {"k_pid_pos": [1.4130000002786192, 0.0, 0.5565901559099868], "k_pid_alt": [1.9587406897970023, 0.0, 0.0], "k_pid_att": [23.207724331716914, 0.0001, 0.21456880630629427], "k_pid_yaw": [0.5, 1e-06, 0.1], "k_pid_hsp": [0.09987758112277789, 0.00011147365672322523, 0.0], "k_pid_vsp": [272.35533356751085, 363.5174161398573, 1e-06]}, "datetime": {"datetime": "2025-08-20 21:26:36", "elapsed": 34451.10057783127, "delta": 15.311014413833618}, "costs": {"total_cost": 172.7415382799806, "time_cost": 70.136, "final_distance_cost": 1.8210037208614849, "oscillation_cost": 26.33967499324441, "completition_cost": 0.0, "overshoot_cost": 51.355193818062, "power_cost": 11.83104110107422, "noise_cost": 11.25862464673851, "n_waypoints_completed": 9, "tot_waypoints": 9}}
{"target": -171.28932884458612, "params": {"k_pid_pos": [1.3135222646273839, 0.0, 0.6329332301319239], "k_pid_alt": [1.999860420050003, 0.0, 0.0], "k_pid_att": [26.39672577439695, 0.0001, 0.32537267545006965], "k_pid_yaw": [0.5, 1e-06, 0.1], "k_pid_hsp": [0.11040768577645274, 6.94403771353196e-05, 0.0], "k_pid_vsp": [252.9064531044464, 388.365068302083, 1e-06]}, "datetime": {"datetime": "2025-08-20 21:26:52", "elapsed": 34467.510803222656, "delta": 16.41022539138794}, "costs": {"total_cost": 171.28932884458612, "time_cost": 70.608, "final_distance_cost": 1.8185016188952599, "oscillation_cost": 25.35158369206765, "completition_cost": 0.0, "overshoot_cost": 50.703388890607364, "power_cost": 11.601247265625, "noise_cost": 11.206607377390824, "n_waypoints_completed": 9, "tot_waypoints": 9}}
{"target": -172.81196757801405, "params": {"k_pid_pos": [1.3562274642772365, 0.0, 0.7621527969639655], "k_pid_alt": [1.9999647427694955, 0.0, 0.0], "k_pid_att": [9.711180919411216, 0.0001, 0.3102685299037675], "k_pid_yaw": [0.5, 1e-06, 0.1], "k_pid_hsp": [0.083103935753375, 0.00012968670546375648, 0.0], "k_pid_vsp": [234.7835247249481, 372.66094126841307, 1e-06]}, "datetime": {"datetime": "2025-08-20 21:27:08", "elapsed": 34482.749031066895, "delta": 15.238227844238281}, "costs": {"total_cost": 172.81196757801405, "time_cost": 70.824, "final_distance_cost": 1.8051044953350608, "oscillation_cost": 25.01199542541121, "completition_cost": 0.0, "overshoot_cost": 52.0371577638874, "power_cost": 11.771831750488282, "noise_cost": 11.361878142892095, "n_waypoints_completed": 9, "tot_waypoints": 9}}
{"target": -172.5176546390885, "params": {"k_pid_pos": [1.2111933710157845, 0.0, 0.6366706256334573], "k_pid_alt": [1.9998976921644551, 0.0, 0.0], "k_pid_att": [25.040214539432522, 0.0001, 0.322549009422535], "k_pid_yaw": [0.5, 1e-06, 0.1], "k_pid_hsp": [0.09412096079980894, 7.593434399286023e-05, 0.0], "k_pid_vsp": [252.34502250655387, 397.2735119767661, 1e-06]}, "datetime": {"datetime": "2025-08-20 21:27:25", "elapsed": 34499.7817299366, "delta": 17.0326988697052}, "costs": {"total_cost": 172.5176546390885, "time_cost": 70.952, "final_distance_cost": 1.8193704150838417, "oscillation_cost": 24.7109347095435, "completition_cost": 0.0, "overshoot_cost": 51.548828990571096, "power_cost": 11.99738466796875, "noise_cost": 11.489135855921328, "n_waypoints_completed": 9, "tot_waypoints": 9}}
{"target": -172.24904874326973, "params": {"k_pid_pos": [1.3166058871736752, 0.0, 0.6468352849105989], "k_pid_alt": [1.9689365619212378, 0.0, 0.0], "k_pid_att": [26.198271309757658, 0.0001, 0.317029305488177], "k_pid_yaw": [0.5, 1e-06, 0.1], "k_pid_hsp": [0.11540101090366031, 6.646489430461058e-05, 0.0], "k_pid_vsp": [276.81765039635974, 392.8643298478612, 1e-06]}, "datetime": {"datetime": "2025-08-20 21:27:40", "elapsed": 34515.00461554527, "delta": 15.222885608673096}, "costs": {"total_cost": 172.24904874326973, "time_cost": 70.60000000000001, "final_distance_cost": 1.823058203746234, "oscillation_cost": 25.37117449475057, "completition_cost": 0.0, "overshoot_cost": 50.8387625843677, "power_cost": 12.067346655273438, "noise_cost": 11.548706805131795, "n_waypoints_completed": 9, "tot_waypoints": 9}}
