{"target": -172.73848361024147, "params": {"k_pid_pos": [1.5068617541153706, 0.0, 0.8055707438144287], "k_pid_alt": [1.9998715039837436, 0.0, 0.0], "k_pid_att": [32.48395746205688, 0.0001, 0.3476750673338128], "k_pid_yaw": [0.5, 1e-06, 0.1], "k_pid_hsp": [0.09214147219193566, 5.075065501729425e-05, 0.0], "k_pid_vsp": [194.7968681394469, 298.34950403540586, 1e-06]}, "datetime": {"datetime": "2025-08-20 19:23:00", "elapsed": 27035.125019550323, "delta": 16.367598295211792}, "costs": {"total_cost": 172.73848361024147, "time_cost": 70.648, "final_distance_cost": 1.8156343675722588, "oscillation_cost": 25.337417732333105, "completition_cost": 0.0, "overshoot_cost": 51.56236803358908, "power_cost": 12.008936376953125, "noise_cost": 11.366127099793886, "n_waypoints_completed": 9, "tot_waypoints": 9}}
{"target": -171.4326545390675, "params": {"k_pid_pos": [1.3997069413019188, 0.0, 0.7760511946685756], "k_pid_alt": [1.9998705802408498, 0.0, 0.0], "k_pid_att": [20.486530984016383, 0.0001, 0.33606708829162807], "k_pid_yaw": [0.5, 1e-06, 0.1], "k_pid_hsp": [0.101386581252366, 2.3901010035992925e-05, 0.0], "k_pid_vsp": [240.88670725817286, 364.12080697450307, 1e-06]}, "datetime": {"datetime": "2025-08-20 19:23:15", "elapsed": 27050.419020414352, "delta": 15.29400086402893}, "costs": {"total_cost": 171.4326545390675, "time_cost": 70.784, "final_distance_cost": 1.8173063441382222, "oscillation_cost": 25.06074270277453, "completition_cost": 0.0, "overshoot_cost": 50.98056945048692, "power_cost": 11.608847192382813, "noise_cost": 11.181188849285011, "n_waypoints_completed": 9, "tot_waypoints": 9}}
{"target": -171.58078137741495, "params": {"k_pid_pos": [1.3596122372055384, 0.0, 0.6378205482938875], "k_pid_alt": [1.9998627033154601, 0.0, 0.0], "k_pid_att": [18.342180450588096, 0.0001, 0.3033229637222777], "k_pid_yaw": [0.5, 1e-06, 0.1], "k_pid_hsp": [0.08444406728553565, 0.00010326888441205829, 0.0], "k_pid_vsp": [226.7447161052714, 366.7019640462681, 1e-06]}, "datetime": {"datetime": "2025-08-20 19:23:32", "elapsed": 27066.746356010437, "delta": 16.327335596084595}, "costs": {"total_cost": 171.58078137741495, "time_cost": 70.536, "final_distance_cost": 1.8273203044736501, "oscillation_cost": 25.43081663934591, "completition_cost": 0.0, "overshoot_cost": 51.360092214133985, "power_cost": 11.318561987304689, "noise_cost": 11.107990232156745, "n_waypoints_completed": 9, "tot_waypoints": 9}}
{"target": -172.6680957244132, "params": {"k_pid_pos": [1.47627488368667, 0.0, 0.6661412387152773], "k_pid_alt": [2.0, 0.0, 0.0], "k_pid_att": [24.727755323641354, 0.0001, 0.3246539858060024], "k_pid_yaw": [0.5, 1e-06, 0.1], "k_pid_hsp": [0.12482545187644795, 0.0001524653284661801, 0.0], "k_pid_vsp": [272.9811126338469, 329.17933531244745, 1e-06]}, "datetime": {"datetime": "2025-08-20 19:23:48", "elapsed": 27083.212466478348, "delta": 16.466110467910767}, "costs": {"total_cost": 172.6680957244132, "time_cost": 70.32000000000001, "final_distance_cost": 1.8169299785440245, "oscillation_cost": 26.243367711190448, "completition_cost": 0.0, "overshoot_cost": 50.943507238957466, "power_cost": 11.99697177734375, "noise_cost": 11.347319018377515, "n_waypoints_completed": 9, "tot_waypoints": 9}}
{"target": -173.20344696205956, "params": {"k_pid_pos": [1.3958336171943748, 0.0, 0.8110695576129744], "k_pid_alt": [1.9959695483616633, 0.0, 0.0], "k_pid_att": [21.56103522798779, 0.0001, 0.486010586578571], "k_pid_yaw": [0.5, 1e-06, 0.1], "k_pid_hsp": [0.10235346928083516, 5.287386532315508e-05, 0.0], "k_pid_vsp": [208.649127979471, 351.7210835715143, 1e-06]}, "datetime": {"datetime": "2025-08-20 19:24:06", "elapsed": 27100.65113568306, "delta": 17.438669204711914}, "costs": {"total_cost": 173.20344696205956, "time_cost": 70.88, "final_distance_cost": 1.8203083686424875, "oscillation_cost": 25.12061606458649, "completition_cost": 0.0, "overshoot_cost": 51.38266136377361, "power_cost": 12.430176586914063, "noise_cost": 11.569684578142928, "n_waypoints_completed": 9, "tot_waypoints": 9}}
{"target": -172.47422679881976, "params": {"k_pid_pos": [1.390424344175334, 0.0, 0.6207048383862068], "k_pid_alt": [1.9999463630510852, 0.0, 0.0], "k_pid_att": [19.949597784774916, 0.0001, 0.41922387206991646], "k_pid_yaw": [0.5, 1e-06, 0.1], "k_pid_hsp": [0.08255746082563921, 0.0, 0.0], "k_pid_vsp": [250.66605179512436, 372.68414960499297, 1e-06]}, "datetime": {"datetime": "2025-08-20 19:24:22", "elapsed": 27116.686903238297, "delta": 16.035767555236816}, "costs": {"total_cost": 172.47422679881976, "time_cost": 70.504, "final_distance_cost": 1.8168108210504907, "oscillation_cost": 25.55932609146321, "completition_cost": 0.0, "overshoot_cost": 51.60853575094331, "power_cost": 11.810767578125, "noise_cost": 11.174786557237738, "n_waypoints_completed": 9, "tot_waypoints": 9}}
{"target": -172.2335717550191, "params": {"k_pid_pos": [1.3595160432878992, 0.0, 0.6813037904475906], "k_pid_alt": [1.9998549247868653, 0.0, 0.0], "k_pid_att": [22.951822968000403, 0.0001, 0.3049703959209623], "k_pid_yaw": [0.5, 1e-06, 0.1], "k_pid_hsp": [0.08495930085205956, 0.00019278820541280205, 0.0], "k_pid_vsp": [225.6331388191421, 371.37657665239334, 1e-06]}, "datetime": {"datetime": "2025-08-20 19:24:40", "elapsed": 27134.855905771255, "delta": 18.169002532958984}, "costs": {"total_cost": 172.2335717550191, "time_cost": 70.632, "final_distance_cost": 1.8216803784407452, "oscillation_cost": 25.169960336937795, "completition_cost": 0.0, "overshoot_cost": 51.10032238251304, "power_cost": 12.036133508300782, "noise_cost": 11.473475148826722, "n_waypoints_completed": 9, "tot_waypoints": 9}}
{"target": -172.87501043749404, "params": {"k_pid_pos": [1.4035029027441923, 0.0, 0.6190564276362343], "k_pid_alt": [2.0, 0.0, 0.0], "k_pid_att": [26.577316365774294, 0.0001, 0.346633777189386], "k_pid_yaw": [0.5, 1e-06, 0.1], "k_pid_hsp": [0.11615168980151719, 7.851596251618365e-05, 0.0], "k_pid_vsp": [228.47680486607987, 385.9240668507007, 1e-06]}, "datetime": {"datetime": "2025-08-20 19:24:56", "elapsed": 27151.158717632294, "delta": 16.302811861038208}, "costs": {"total_cost": 172.87501043749404, "time_cost": 70.328, "final_distance_cost": 1.8341327246453203, "oscillation_cost": 26.067499045091946, "completition_cost": 0.0, "overshoot_cost": 51.30534244500677, "power_cost": 11.960070617675783, "noise_cost": 11.37996560507424, "n_waypoints_completed": 9, "tot_waypoints": 9}}
{"target": -173.25930840300973, "params": {"k_pid_pos": [1.6990929115013946, 0.0, 0.7121690175212485], "k_pid_alt": [1.9616476435853072, 0.0, 0.0], "k_pid_att": [18.26839944642426, 0.0001, 0.29393016984914017], "k_pid_yaw": [0.5, 1e-06, 0.1], "k_pid_hsp": [0.12201990133529746, 0.0, 0.0], "k_pid_vsp": [359.9631943797312, 338.8135910649624, 1e-06]}, "datetime": {"datetime": "2025-08-20 19:25:13", "elapsed": 27167.652564287186, "delta": 16.493846654891968}, "costs": {"total_cost": 173.25930840300973, "time_cost": 69.936, "final_distance_cost": 1.8267008691472773, "oscillation_cost": 27.048475965238744, "completition_cost": 0.0, "overshoot_cost": 51.08339225000378, "power_cost": 12.048431176757813, "noise_cost": 11.316308141862095, "n_waypoints_completed": 9, "tot_waypoints": 9}}
{"target": -173.26993826583453, "params": {"k_pid_pos": [1.478459139870263, 0.0, 0.8896123620246633], "k_pid_alt": [2.0, 0.0, 0.0], "k_pid_att": [53.63862894118026, 0.0001, 0.3453061993171413], "k_pid_yaw": [0.5, 1e-06, 0.1], "k_pid_hsp": [0.12212566152789989, 0.00014289202608795137, 0.0], "k_pid_vsp": [223.11249075187501, 392.16866931703044, 1e-06]}, "datetime": {"datetime": "2025-08-20 19:25:29", "elapsed": 27184.048931121826, "delta": 16.396366834640503}, "costs": {"total_cost": 173.26993826583453, "time_cost": 70.944, "final_distance_cost": 1.8303092946705952, "oscillation_cost": 25.70234463098825, "completition_cost": 0.0, "overshoot_cost": 50.902867424496876, "power_cost": 12.242705139160156, "noise_cost": 11.647711776518632, "n_waypoints_completed": 9, "tot_waypoints": 9}}
{"target": -172.8133254209998, "params": {"k_pid_pos": [1.4902545140293417, 0.0, 0.7619907910658777], "k_pid_alt": [2.0, 0.0, 0.0], "k_pid_att": [25.689446293047336, 0.0001, 0.10860139273154829], "k_pid_yaw": [0.5, 1e-06, 0.1], "k_pid_hsp": [0.0977894819620427, 0.00241750298658124, 0.0], "k_pid_vsp": [259.733020418901, 298.22085691838214, 1e-06]}, "datetime": {"datetime": "2025-08-20 19:25:45", "elapsed": 27200.273051261902, "delta": 16.224120140075684}, "costs": {"total_cost": 172.8133254209998, "time_cost": 70.36, "final_distance_cost": 1.8106926421774396, "oscillation_cost": 26.313528769767792, "completition_cost": 0.0, "overshoot_cost": 51.14531273326179, "power_cost": 11.8913259765625, "noise_cost": 11.292465299230253, "n_waypoints_completed": 9, "tot_waypoints": 9}}
{"target": -172.93918335446517, "params": {"k_pid_pos": [1.413645145452291, 0.0, 0.7207824523743471], "k_pid_alt": [1.9999601743878892, 0.0, 0.0], "k_pid_att": [21.690777130853892, 0.0001, 0.4278786936053979], "k_pid_yaw": [0.5, 1e-06, 0.1], "k_pid_hsp": [0.09641073152367849, 0.0, 0.0], "k_pid_vsp": [207.3189200457993, 206.54399657987506, 1e-06]}, "datetime": {"datetime": "2025-08-20 19:26:02", "elapsed": 27216.64542365074, "delta": 16.37237238883972}, "costs": {"total_cost": 172.93918335446517, "time_cost": 70.712, "final_distance_cost": 1.806429256323496, "oscillation_cost": 25.033469009814834, "completition_cost": 0.0, "overshoot_cost": 51.77787349897247, "power_cost": 12.129439221191406, "noise_cost": 11.479972368162947, "n_waypoints_completed": 9, "tot_waypoints": 9}}
{"target": -172.54861183926803, "params": {"k_pid_pos": [1.4881848898223333, 0.0, 0.8772791406124334], "k_pid_alt": [1.9999383643479303, 0.0, 0.0], "k_pid_att": [23.423663417644043, 0.0001, 0.46592706557693564], "k_pid_yaw": [0.5, 1e-06, 0.1], "k_pid_hsp": [0.13355363534719625, 5.564012255934831e-05, 0.0], "k_pid_vsp": [233.4438581537551, 296.66237386452923, 1e-06]}, "datetime": {"datetime": "2025-08-20 19:26:17", "elapsed": 27231.941634655, "delta": 15.296211004257202}, "costs": {"total_cost": 172.54861183926803, "time_cost": 70.808, "final_distance_cost": 1.8469194126955844, "oscillation_cost": 25.640175109774393, "completition_cost": 0.0, "overshoot_cost": 50.69352238394087, "power_cost": 12.038353100585939, "noise_cost": 11.52164183227124, "n_waypoints_completed": 9, "tot_waypoints": 9}}
{"target": -172.53057171226644, "params": {"k_pid_pos": [1.4061186398110033, 0.0, 0.7612880288249635], "k_pid_alt": [2.0, 0.0, 0.0], "k_pid_att": [33.053639679911655, 0.0001, 0.2543392066694092], "k_pid_yaw": [0.5, 1e-06, 0.1], "k_pid_hsp": [0.12596684709720507, 0.000218317166007918, 0.0], "k_pid_vsp": [225.83429683701846, 400.0, 1e-06]}, "datetime": {"datetime": "2025-08-20 19:26:33", "elapsed": 27248.27092552185, "delta": 16.329290866851807}, "costs": {"total_cost": 172.53057171226644, "time_cost": 70.70400000000001, "final_distance_cost": 1.8417597068609277, "oscillation_cost": 25.627159385231792, "completition_cost": 0.0, "overshoot_cost": 50.79523288964051, "power_cost": 12.089353198242188, "noise_cost": 11.473066532291028, "n_waypoints_completed": 9, "tot_waypoints": 9}}
{"target": -172.46098086336048, "params": {"k_pid_pos": [1.362890639740052, 0.0, 0.8624920314216087], "k_pid_alt": [1.9999412460674546, 0.0, 0.0], "k_pid_att": [14.218701031445379, 0.0001, 0.3568040435232167], "k_pid_yaw": [0.5, 1e-06, 0.1], "k_pid_hsp": [0.12474498818507843, 4.621788334333869e-05, 0.0], "k_pid_vsp": [225.10512924558634, 400.0, 1e-06]}, "datetime": {"datetime": "2025-08-20 19:26:49", "elapsed": 27264.421993017197, "delta": 16.15106749534607}, "costs": {"total_cost": 172.46098086336048, "time_cost": 71.21600000000001, "final_distance_cost": 1.8467529715079067, "oscillation_cost": 25.206534455040362, "completition_cost": 0.0, "overshoot_cost": 50.59523743956772, "power_cost": 12.020893054199218, "noise_cost": 11.575562943045265, "n_waypoints_completed": 9, "tot_waypoints": 9}}
{"target": -172.51011131070464, "params": {"k_pid_pos": [1.4051162582532704, 0.0, 0.6652459568734422], "k_pid_alt": [1.9999819836519472, 0.0, 0.0], "k_pid_att": [27.87007012980697, 0.0001, 0.31567249266208613], "k_pid_yaw": [0.5, 1e-06, 0.1], "k_pid_hsp": [0.1260569162695278, 5.296434315875492e-05, 0.0], "k_pid_vsp": [228.07159505721944, 375.2639269557889, 1e-06]}, "datetime": {"datetime": "2025-08-20 19:27:06", "elapsed": 27281.444799900055, "delta": 17.022806882858276}, "costs": {"total_cost": 172.51011131070464, "time_cost": 70.456, "final_distance_cost": 1.8276754472031642, "oscillation_cost": 25.898894390609936, "completition_cost": 0.0, "overshoot_cost": 51.45861370685225, "power_cost": 11.675655725097657, "noise_cost": 11.193272040941633, "n_waypoints_completed": 9, "tot_waypoints": 9}}
{"target": -172.72532014814638, "params": {"k_pid_pos": [1.5418649146768162, 0.0, 0.930611199990945], "k_pid_alt": [2.0, 0.0, 0.0], "k_pid_att": [42.249379913548935, 0.0001, 0.3165411426568968], "k_pid_yaw": [0.5, 1e-06, 0.1], "k_pid_hsp": [0.08932234984101398, 0.0, 0.0], "k_pid_vsp": [243.6219407301272, 372.43450956168044, 1e-06]}, "datetime": {"datetime": "2025-08-20 19:27:22", "elapsed": 27297.521844625473, "delta": 16.07704472541809}, "costs": {"total_cost": 172.72532014814638, "time_cost": 70.84, "final_distance_cost": 1.8129844925772836, "oscillation_cost": 25.00360927595959, "completition_cost": 0.0, "overshoot_cost": 51.75859336332344, "power_cost": 11.935480737304689, "noise_cost": 11.374652278981376, "n_waypoints_completed": 9, "tot_waypoints": 9}}
{"target": -171.51009751788393, "params": {"k_pid_pos": [1.2542043447861975, 0.0, 0.6126617171285251], "k_pid_alt": [1.9998969005760747, 0.0, 0.0], "k_pid_att": [26.940901243572082, 0.0001, 0.3225956919864944], "k_pid_yaw": [0.5, 1e-06, 0.1], "k_pid_hsp": [0.09538086856546374, 1.6714292248099293e-05, 0.0], "k_pid_vsp": [251.9207849610482, 400.0, 1e-06]}, "datetime": {"datetime": "2025-08-20 19:27:39", "elapsed": 27314.007789850235, "delta": 16.485945224761963}, "costs": {"total_cost": 171.51009751788393, "time_cost": 70.696, "final_distance_cost": 1.8106371758143749, "oscillation_cost": 24.939161356413006, "completition_cost": 0.0, "overshoot_cost": 51.028311750485976, "power_cost": 11.776036865234376, "noise_cost": 11.259950369936197, "n_waypoints_completed": 9, "tot_waypoints": 9}}
{"target": -172.2101753520734, "params": {"k_pid_pos": [1.3949380568057101, 0.0, 0.6098904286928641], "k_pid_alt": [1.9642264105557319, 0.0, 0.0], "k_pid_att": [41.87222567383424, 0.0001, 0.31550574871493164], "k_pid_yaw": [0.5, 1e-06, 0.1], "k_pid_hsp": [0.10177306967498212, 0.0, 0.0], "k_pid_vsp": [229.92954635096805, 336.1162768037516, 1e-06]}, "datetime": {"datetime": "2025-08-20 19:27:55", "elapsed": 27330.301098823547, "delta": 16.293308973312378}, "costs": {"total_cost": 172.2101753520734, "time_cost": 70.36, "final_distance_cost": 1.809823936536899, "oscillation_cost": 25.576246838424815, "completition_cost": 0.0, "overshoot_cost": 51.123349698325, "power_cost": 11.931113854980469, "noise_cost": 11.409641023806229, "n_waypoints_completed": 9, "tot_waypoints": 9}}
{"target": -172.1391720220454, "params": {"k_pid_pos": [1.4250845864542983, 0.0, 0.7586270037871197], "k_pid_alt": [1.9998750124926774, 0.0, 0.0], "k_pid_att": [28.80945219286485, 0.0001, 0.3182727963335149], "k_pid_yaw": [0.5, 1e-06, 0.1], "k_pid_hsp": [0.08237994861271439, 1.5802195622951522e-05, 0.0], "k_pid_vsp": [244.67631487148242, 323.4923714037812, 1e-06]}, "datetime": {"datetime": "2025-08-20 19:28:12", "elapsed": 27346.70107603073, "delta": 16.399977207183838}, "costs": {"total_cost": 172.1391720220454, "time_cost": 70.728, "final_distance_cost": 1.8158175106068526, "oscillation_cost": 24.830836392526834, "completition_cost": 0.0, "overshoot_cost": 51.645818474025894, "power_cost": 11.864064599609376, "noise_cost": 11.254635045276448, "n_waypoints_completed": 9, "tot_waypoints": 9}}
{"target": -172.10103397222318, "params": {"k_pid_pos": [1.3433423448456199, 0.0, 0.6147261043490964], "k_pid_alt": [1.9999617904821667, 0.0, 0.0], "k_pid_att": [26.183368512782515, 0.0001, 0.3067014710108795], "k_pid_yaw": [0.5, 1e-06, 0.1], "k_pid_hsp": [0.10298972985293459, 0.0, 0.0], "k_pid_vsp": [218.8192958304973, 370.09638435662345, 1e-06]}, "datetime": {"datetime": "2025-08-20 19:28:28", "elapsed": 27363.053022623062, "delta": 16.351946592330933}, "costs": {"total_cost": 172.10103397222318, "time_cost": 70.464, "final_distance_cost": 1.8166666256769135, "oscillation_cost": 25.496407160437304, "completition_cost": 0.0, "overshoot_cost": 51.29343416569912, "power_cost": 11.737564807128907, "noise_cost": 11.292961213280929, "n_waypoints_completed": 9, "tot_waypoints": 9}}
{"target": -171.70775236425666, "params": {"k_pid_pos": [1.369235765617311, 0.0, 0.7115221698562195], "k_pid_alt": [1.9999357642457702, 0.0, 0.0], "k_pid_att": [25.881627805760495, 0.0001, 0.3025981566465661], "k_pid_yaw": [0.5, 1e-06, 0.1], "k_pid_hsp": [0.08443073759177926, 4.167371126703756e-05, 0.0], "k_pid_vsp": [240.23686350981976, 335.7248478748305, 1e-06]}, "datetime": {"datetime": "2025-08-20 19:28:43", "elapsed": 27378.072553873062, "delta": 15.01953125}, "costs": {"total_cost": 171.70775236425666, "time_cost": 70.72, "final_distance_cost": 1.8312483715540153, "oscillation_cost": 24.893438748316548, "completition_cost": 0.0, "overshoot_cost": 51.50490465613159, "power_cost": 11.570951074218751, "noise_cost": 11.187209514035738, "n_waypoints_completed": 9, "tot_waypoints": 9}}
{"target": -173.01345176349892, "params": {"k_pid_pos": [1.4500872802204394, 0.0036783428498319004, 0.710456167701776], "k_pid_alt": [1.999960432361609, 0.0, 0.0], "k_pid_att": [23.63366372899415, 0.0001, 0.3462871818322868], "k_pid_yaw": [0.5, 1e-06, 0.1], "k_pid_hsp": [0.12736779082441346, 5.850564049756887e-05, 0.0], "k_pid_vsp": [253.8772940511608, 382.4127406697306, 1e-06]}, "datetime": {"datetime": "2025-08-20 19:28:59", "elapsed": 27394.144669294357, "delta": 16.072115421295166}, "costs": {"total_cost": 173.01345176349892, "time_cost": 70.44, "final_distance_cost": 1.8354822538823, "oscillation_cost": 25.9051411539023, "completition_cost": 0.0, "overshoot_cost": 51.37756690994013, "power_cost": 12.044512365722657, "noise_cost": 11.410749080051554, "n_waypoints_completed": 9, "tot_waypoints": 9}}
{"target": -172.52955527012548, "params": {"k_pid_pos": [1.2960227255337913, 0.0, 0.7389973267326326], "k_pid_alt": [1.9868965083047128, 0.0, 0.0], "k_pid_att": [22.820396407336, 0.0001, 0.3009844102107618], "k_pid_yaw": [0.5, 1e-06, 0.1], "k_pid_hsp": [0.12094137862558135, 1.8682301449043748e-06, 0.0], "k_pid_vsp": [248.96466210353412, 358.5296307181297, 1e-06]}, "datetime": {"datetime": "2025-08-20 19:29:15", "elapsed": 27409.87889957428, "delta": 15.734230279922485}, "costs": {"total_cost": 172.52955527012548, "time_cost": 71.024, "final_distance_cost": 1.831786969115382, "oscillation_cost": 25.17740175231534, "completition_cost": 0.0, "overshoot_cost": 50.87694323010584, "power_cost": 12.104125292968751, "noise_cost": 11.515298025620194, "n_waypoints_completed": 9, "tot_waypoints": 9}}
{"target": -172.13623694434557, "params": {"k_pid_pos": [1.4083070372132207, 0.0, 0.7278790281856604], "k_pid_alt": [1.999907684306739, 0.0, 0.0], "k_pid_att": [34.00396118768241, 0.0001, 0.3022099552691873], "k_pid_yaw": [0.5, 1e-06, 0.1], "k_pid_hsp": [0.10961610931745801, 5.1833349200442274e-05, 0.0], "k_pid_vsp": [247.65834801010197, 352.90938498216343, 1e-06]}, "datetime": {"datetime": "2025-08-20 19:29:30", "elapsed": 27425.319306850433, "delta": 15.440407276153564}, "costs": {"total_cost": 172.13623694434557, "time_cost": 70.648, "final_distance_cost": 1.817377697049653, "oscillation_cost": 25.459481001221153, "completition_cost": 0.0, "overshoot_cost": 50.76060554597397, "power_cost": 12.032696716308594, "noise_cost": 11.418075983792178, "n_waypoints_completed": 9, "tot_waypoints": 9}}
{"target": -171.8986346699891, "params": {"k_pid_pos": [1.3698879688579146, 0.0, 0.6443064414667121], "k_pid_alt": [1.9999504922032614, 0.0, 0.0], "k_pid_att": [27.31113705365142, 0.0001, 0.13173609882351026], "k_pid_yaw": [0.5, 1e-06, 0.1], "k_pid_hsp": [0.10419829265979949, 8.359384568023504e-05, 0.0], "k_pid_vsp": [225.76863984728348, 384.55174276562735, 1e-06]}, "datetime": {"datetime": "2025-08-20 19:29:46", "elapsed": 27441.365406274796, "delta": 16.046099424362183}, "costs": {"total_cost": 171.8986346699891, "time_cost": 70.496, "final_distance_cost": 1.8122331194630243, "oscillation_cost": 25.89251557468188, "completition_cost": 0.0, "overshoot_cost": 50.744460315042105, "power_cost": 11.687132727050782, "noise_cost": 11.266292933751297, "n_waypoints_completed": 9, "tot_waypoints": 9}}
{"target": -172.36627026287434, "params": {"k_pid_pos": [1.6358297061082268, 0.0, 0.7835432442091727], "k_pid_alt": [1.9999440852523898, 0.0, 0.0], "k_pid_att": [26.303529916411698, 0.0001, 0.2773941972907569], "k_pid_yaw": [0.5, 1e-06, 0.1], "k_pid_hsp": [0.08830433821335935, 3.2951354089458516e-05, 0.0], "k_pid_vsp": [237.62526616376772, 354.48756345357936, 1e-06]}, "datetime": {"datetime": "2025-08-20 19:30:01", "elapsed": 27456.30999302864, "delta": 14.944586753845215}, "costs": {"total_cost": 172.36627026287434, "time_cost": 70.328, "final_distance_cost": 1.791875073947573, "oscillation_cost": 26.284683951580003, "completition_cost": 0.0, "overshoot_cost": 51.086922686900536, "power_cost": 11.592823669433594, "noise_cost": 11.281964881012602, "n_waypoints_completed": 9, "tot_waypoints": 9}}
