{"target": -173.7369835384004, "params": {"k_pid_pos": [1.3894681595853369, 0.0, 0.5763625286430729], "k_pid_alt": [1.9750227864243497, 0.0, 0.0], "k_pid_att": [30.33330872919627, 0.0001, 0.4066874143851248], "k_pid_yaw": [0.5, 1e-06, 0.1], "k_pid_hsp": [0.06330703828633828, 3.8401559943103685e-06, 0.0], "k_pid_vsp": [256.96244217177616, 257.83149059735894, 1e-06]}, "datetime": {"datetime": "2025-08-20 19:52:06", "elapsed": 28780.926826000214, "delta": 16.38596534729004}, "costs": {"total_cost": 173.7369835384004, "time_cost": 71.512, "final_distance_cost": 1.7817205196895893, "oscillation_cost": 24.585118619086316, "completition_cost": 0.0, "overshoot_cost": 52.47016976930129, "power_cost": 12.03909716796875, "noise_cost": 11.348877462354451, "n_waypoints_completed": 9, "tot_waypoints": 9}}
{"target": -172.35747080406426, "params": {"k_pid_pos": [1.5742373219785066, 0.0, 0.7855699154240304], "k_pid_alt": [1.9999554418217893, 0.0, 0.0], "k_pid_att": [22.62205381305475, 0.0001, 0.33076875113194604], "k_pid_yaw": [0.5, 1e-06, 0.1], "k_pid_hsp": [0.09668039111918847, 7.579010504567605e-05, 0.0], "k_pid_vsp": [304.01246509868173, 269.56349602191705, 1e-06]}, "datetime": {"datetime": "2025-08-20 19:52:21", "elapsed": 28795.9804186821, "delta": 15.053592681884766}, "costs": {"total_cost": 172.35747080406426, "time_cost": 70.48, "final_distance_cost": 1.8043112469620122, "oscillation_cost": 25.575941964944178, "completition_cost": 0.0, "overshoot_cost": 50.967171649878345, "power_cost": 12.07091239013672, "noise_cost": 11.459133552143, "n_waypoints_completed": 9, "tot_waypoints": 9}}
{"target": -171.76128995493642, "params": {"k_pid_pos": [1.3212926069797537, 0.0, 0.6645838141038461], "k_pid_alt": [1.9999075100086228, 0.0, 0.0], "k_pid_att": [24.99443997044403, 0.0001, 0.30812190230038716], "k_pid_yaw": [0.5, 1e-06, 0.1], "k_pid_hsp": [0.0954346360833057, 0.00017769068923862824, 0.0], "k_pid_vsp": [229.6509546564161, 385.2767633284775, 1e-06]}, "datetime": {"datetime": "2025-08-20 19:52:38", "elapsed": 28813.413249731064, "delta": 17.432831048965454}, "costs": {"total_cost": 171.76128995493642, "time_cost": 70.672, "final_distance_cost": 1.8129301297908085, "oscillation_cost": 25.055021208559783, "completition_cost": 0.0, "overshoot_cost": 50.813123763875964, "power_cost": 12.012909399414063, "noise_cost": 11.395305453295764, "n_waypoints_completed": 9, "tot_waypoints": 9}}
{"target": -171.78437259099056, "params": {"k_pid_pos": [1.329973959849182, 0.0, 0.6250876107392949], "k_pid_alt": [1.9998745491151129, 0.0, 0.0], "k_pid_att": [27.89626599146576, 0.0001, 0.33818207613976814], "k_pid_yaw": [0.5, 1e-06, 0.1], "k_pid_hsp": [0.12413596786505628, 4.347964313556231e-05, 0.0], "k_pid_vsp": [274.6074437883583, 374.04103475036, 1e-06]}, "datetime": {"datetime": "2025-08-20 19:52:53", "elapsed": 28828.547780275345, "delta": 15.134530544281006}, "costs": {"total_cost": 171.78437259099056, "time_cost": 70.544, "final_distance_cost": 1.8282927008763283, "oscillation_cost": 25.6172801637538, "completition_cost": 0.0, "overshoot_cost": 50.34171147485042, "power_cost": 12.120504614257813, "noise_cost": 11.332583637252185, "n_waypoints_completed": 9, "tot_waypoints": 9}}
{"target": -171.68398070383353, "params": {"k_pid_pos": [1.308984113685239, 0.0, 0.7262944560529996], "k_pid_alt": [1.9998686984075504, 0.0, 0.0], "k_pid_att": [29.887185112542586, 0.0001, 0.29594387956978013], "k_pid_yaw": [0.5, 1e-06, 0.1], "k_pid_hsp": [0.1337530181146097, 8.73762150406744e-05, 0.0], "k_pid_vsp": [270.33065499997, 400.0, 1e-06]}, "datetime": {"datetime": "2025-08-20 19:53:11", "elapsed": 28845.59735441208, "delta": 17.04957413673401}, "costs": {"total_cost": 171.68398070383353, "time_cost": 70.952, "final_distance_cost": 1.8373506161785065, "oscillation_cost": 25.24774055417022, "completition_cost": 0.0, "overshoot_cost": 50.799047963356344, "power_cost": 11.567790881347657, "noise_cost": 11.28005068878079, "n_waypoints_completed": 9, "tot_waypoints": 9}}
{"target": -172.31074157358796, "params": {"k_pid_pos": [1.3157713265992008, 0.0, 0.5406692595857014], "k_pid_alt": [1.9968365748183114, 0.0, 0.0], "k_pid_att": [33.30760991478662, 0.0001, 0.3146905917415356], "k_pid_yaw": [0.5, 1e-06, 0.1], "k_pid_hsp": [0.10332551814912155, 2.2385522100611977e-05, 0.0], "k_pid_vsp": [296.8343523269528, 393.09699462776706, 1e-06]}, "datetime": {"datetime": "2025-08-20 19:53:25", "elapsed": 28860.43718099594, "delta": 14.839826583862305}, "costs": {"total_cost": 172.31074157358796, "time_cost": 70.392, "final_distance_cost": 1.8258705917292841, "oscillation_cost": 25.50009447303249, "completition_cost": 0.0, "overshoot_cost": 51.28610474685112, "power_cost": 11.926098291015625, "noise_cost": 11.380573470959426, "n_waypoints_completed": 9, "tot_waypoints": 9}}
{"target": -171.6673590226559, "params": {"k_pid_pos": [1.2410002217850091, 0.0, 0.5687785719704594], "k_pid_alt": [1.9999347542030053, 0.0, 0.0], "k_pid_att": [27.722131969472755, 0.0001, 0.3140910807900658], "k_pid_yaw": [0.5, 1e-06, 0.1], "k_pid_hsp": [0.10004583807376884, 5.6476744969887834e-05, 0.0], "k_pid_vsp": [250.05381256075924, 400.0, 1e-06]}, "datetime": {"datetime": "2025-08-20 19:53:42", "elapsed": 28876.894511699677, "delta": 16.45733070373535}, "costs": {"total_cost": 171.6673590226559, "time_cost": 70.64, "final_distance_cost": 1.8135921137953699, "oscillation_cost": 25.059270469076868, "completition_cost": 0.0, "overshoot_cost": 51.2145787461844, "power_cost": 11.70614207763672, "noise_cost": 11.233775615962545, "n_waypoints_completed": 9, "tot_waypoints": 9}}
{"target": -172.70259057812075, "params": {"k_pid_pos": [1.4408258193174939, 0.0, 0.5956770878864107], "k_pid_alt": [2.0, 0.0, 0.0], "k_pid_att": [23.017015442607267, 0.0001, 0.23162012203872165], "k_pid_yaw": [0.5, 1e-06, 0.1], "k_pid_hsp": [0.1117084662655063, 0.00021580154478395723, 0.0], "k_pid_vsp": [241.8346451417174, 400.0, 1e-06]}, "datetime": {"datetime": "2025-08-20 19:53:57", "elapsed": 28891.920236825943, "delta": 15.02572512626648}, "costs": {"total_cost": 172.70259057812075, "time_cost": 70.176, "final_distance_cost": 1.817430973938014, "oscillation_cost": 26.48295092056496, "completition_cost": 0.0, "overshoot_cost": 50.957227434139654, "power_cost": 11.958742639160157, "noise_cost": 11.310238610317958, "n_waypoints_completed": 9, "tot_waypoints": 9}}
{"target": -173.0153104787561, "params": {"k_pid_pos": [1.2098945526229175, 0.0, 0.853835642497835], "k_pid_alt": [2.0, 0.0, 0.0], "k_pid_att": [33.052494479945615, 0.0001, 0.24478900958500246], "k_pid_yaw": [0.5, 1e-06, 0.1], "k_pid_hsp": [0.08986790012669314, 7.717084508256896e-06, 0.0], "k_pid_vsp": [217.86229803077816, 379.4527234295341, 1e-06]}, "datetime": {"datetime": "2025-08-20 19:54:14", "elapsed": 28908.667165994644, "delta": 16.746929168701172}, "costs": {"total_cost": 173.0153104787561, "time_cost": 72.08800000000001, "final_distance_cost": 1.8268391630471803, "oscillation_cost": 24.13536914641954, "completition_cost": 0.0, "overshoot_cost": 51.43453524865616, "power_cost": 11.955040881347657, "noise_cost": 11.575526039285569, "n_waypoints_completed": 9, "tot_waypoints": 9}}
{"target": -172.35119988047157, "params": {"k_pid_pos": [1.3126618922324707, 0.0, 0.7313935499376595], "k_pid_alt": [1.9996517106042064, 0.0, 0.0], "k_pid_att": [24.575343823874412, 0.0001, 0.32342557328179783], "k_pid_yaw": [0.5, 1e-06, 0.1], "k_pid_hsp": [0.1002605260737087, 0.00014450150004162115, 0.0], "k_pid_vsp": [240.9811656242715, 400.0, 1e-06]}, "datetime": {"datetime": "2025-08-20 19:54:31", "elapsed": 28925.570086717606, "delta": 16.902920722961426}, "costs": {"total_cost": 172.35119988047157, "time_cost": 70.904, "final_distance_cost": 1.818241448225998, "oscillation_cost": 25.083879098877983, "completition_cost": 0.0, "overshoot_cost": 51.16284319624213, "power_cost": 11.96899774169922, "noise_cost": 11.413238395426243, "n_waypoints_completed": 9, "tot_waypoints": 9}}
{"target": -172.32778802782676, "params": {"k_pid_pos": [1.3501283862074143, 0.0, 0.634302276250091], "k_pid_alt": [1.9999077587895357, 0.0, 0.0], "k_pid_att": [18.702029927967263, 0.0001, 0.25215673186959353], "k_pid_yaw": [0.5, 1e-06, 0.1], "k_pid_hsp": [0.08014033126924165, 0.0004920354023414115, 0.0], "k_pid_vsp": [249.02943506307975, 390.94492011442577, 1e-06]}, "datetime": {"datetime": "2025-08-20 19:54:46", "elapsed": 28940.90168404579, "delta": 15.331597328186035}, "costs": {"total_cost": 172.32778802782676, "time_cost": 70.60000000000001, "final_distance_cost": 1.8133894199083676, "oscillation_cost": 25.533948610651926, "completition_cost": 0.0, "overshoot_cost": 51.052876664640365, "power_cost": 11.948318017578126, "noise_cost": 11.379255315047983, "n_waypoints_completed": 9, "tot_waypoints": 9}}
{"target": -171.6449160839496, "params": {"k_pid_pos": [1.3806101531419912, 0.0, 0.6931704132634382], "k_pid_alt": [1.999874313265814, 0.0, 0.0], "k_pid_att": [34.956014134479375, 0.0001, 0.32419754643096577], "k_pid_yaw": [0.5, 1e-06, 0.1], "k_pid_hsp": [0.10681474546044109, 4.9553670026932094e-05, 0.0], "k_pid_vsp": [242.68736659412977, 377.28390504066897, 1e-06]}, "datetime": {"datetime": "2025-08-20 19:55:02", "elapsed": 28957.13589167595, "delta": 16.23420763015747}, "costs": {"total_cost": 171.6449160839496, "time_cost": 70.60000000000001, "final_distance_cost": 1.8293985896878504, "oscillation_cost": 25.48396966802312, "completition_cost": 0.0, "overshoot_cost": 50.905380564643735, "power_cost": 11.605376928710937, "noise_cost": 11.22079033288391, "n_waypoints_completed": 9, "tot_waypoints": 9}}
{"target": -173.04352615584952, "params": {"k_pid_pos": [1.2629982221716245, 0.0, 0.508709982349519], "k_pid_alt": [1.9998971816952773, 0.0, 0.0], "k_pid_att": [24.203347741536113, 0.0001, 0.18561885699640407], "k_pid_yaw": [0.5, 1e-06, 0.1], "k_pid_hsp": [0.1163883756283663, 0.00010484720559805364, 0.0], "k_pid_vsp": [131.88842377727784, 400.0, 1e-06]}, "datetime": {"datetime": "2025-08-20 19:55:17", "elapsed": 28972.38878250122, "delta": 15.252890825271606}, "costs": {"total_cost": 173.04352615584952, "time_cost": 70.424, "final_distance_cost": 1.8329986552918975, "oscillation_cost": 26.534952494460473, "completition_cost": 0.0, "overshoot_cost": 51.04156810408758, "power_cost": 11.952276574707032, "noise_cost": 11.257730327302514, "n_waypoints_completed": 9, "tot_waypoints": 9}}
{"target": -173.22736070558662, "params": {"k_pid_pos": [1.3824285516633568, 0.0, 0.8158754077118263], "k_pid_alt": [1.9998605176118196, 0.0, 0.0], "k_pid_att": [31.1181011052512, 0.0001, 0.3252950516920028], "k_pid_yaw": [0.5, 1e-06, 0.1], "k_pid_hsp": [0.10471973179542418, 3.939354932382779e-05, 0.0], "k_pid_vsp": [234.08662469353087, 400.0, 1e-06]}, "datetime": {"datetime": "2025-08-20 19:55:34", "elapsed": 28988.63918852806, "delta": 16.25040602684021}, "costs": {"total_cost": 173.22736070558662, "time_cost": 70.936, "final_distance_cost": 1.840093119539908, "oscillation_cost": 25.133890947750402, "completition_cost": 0.0, "overshoot_cost": 51.62525079048879, "power_cost": 12.11939169921875, "noise_cost": 11.572734148588792, "n_waypoints_completed": 9, "tot_waypoints": 9}}
{"target": -172.3741737555942, "params": {"k_pid_pos": [1.3876651069991746, 0.0, 0.6277585188492683], "k_pid_alt": [1.9998982672309507, 0.0, 0.0], "k_pid_att": [22.188107419066665, 0.0001, 0.30922207653477973], "k_pid_yaw": [0.5, 1e-06, 0.1], "k_pid_hsp": [0.08869627995117534, 7.179939961764816e-05, 0.0], "k_pid_vsp": [231.96919490346767, 387.78627725718013, 1e-06]}, "datetime": {"datetime": "2025-08-20 19:55:49", "elapsed": 29003.735294103622, "delta": 15.096105575561523}, "costs": {"total_cost": 172.3741737555942, "time_cost": 70.432, "final_distance_cost": 1.796765608288734, "oscillation_cost": 25.781696398232782, "completition_cost": 0.0, "overshoot_cost": 51.597919942658386, "power_cost": 11.623880969238282, "noise_cost": 11.141910837176, "n_waypoints_completed": 9, "tot_waypoints": 9}}
{"target": -172.44651637569788, "params": {"k_pid_pos": [1.3348710550076817, 0.0, 0.6288240211464262], "k_pid_alt": [1.9999333631064524, 0.0, 0.0], "k_pid_att": [25.756413931125767, 0.0001, 0.34491472863646505], "k_pid_yaw": [0.5, 1e-06, 0.1], "k_pid_hsp": [0.12010356421816344, 9.503671139191478e-05, 0.0], "k_pid_vsp": [256.38665276750044, 340.6498848100406, 1e-06]}, "datetime": {"datetime": "2025-08-20 19:56:05", "elapsed": 29020.249554395676, "delta": 16.514260292053223}, "costs": {"total_cost": 172.44651637569788, "time_cost": 70.56, "final_distance_cost": 1.8240283453287396, "oscillation_cost": 25.5670062928855, "completition_cost": 0.0, "overshoot_cost": 50.527676682994155, "power_cost": 12.314881481933595, "noise_cost": 11.652923572555896, "n_waypoints_completed": 9, "tot_waypoints": 9}}
{"target": -172.75484943673516, "params": {"k_pid_pos": [1.2831271650600968, 0.0, 0.6354943567192908], "k_pid_alt": [1.9155138205514404, 0.0, 0.0], "k_pid_att": [25.17465857210578, 0.0001, 0.6610455986044348], "k_pid_yaw": [0.5, 1e-06, 0.1], "k_pid_hsp": [0.10950975908232873, 0.00016158599993817377, 0.0], "k_pid_vsp": [197.8740296356005, 400.0, 1e-06]}, "datetime": {"datetime": "2025-08-20 19:56:22", "elapsed": 29037.265813350677, "delta": 17.01625895500183}, "costs": {"total_cost": 172.75484943673516, "time_cost": 70.528, "final_distance_cost": 1.8376381139685645, "oscillation_cost": 25.47874972740052, "completition_cost": 0.0, "overshoot_cost": 51.23523598598513, "power_cost": 12.230793286132814, "noise_cost": 11.444432323248122, "n_waypoints_completed": 9, "tot_waypoints": 9}}
{"target": -171.4553483370775, "params": {"k_pid_pos": [1.308168032550816, 0.0, 0.6226322832321662], "k_pid_alt": [1.9999400844487851, 0.0, 0.0], "k_pid_att": [24.382105249863102, 0.0001, 0.3595792065558891], "k_pid_yaw": [0.5, 1e-06, 0.1], "k_pid_hsp": [0.12478203909615276, 6.404560945854406e-05, 0.0], "k_pid_vsp": [229.6313357835676, 378.8946830681699, 1e-06]}, "datetime": {"datetime": "2025-08-20 19:56:40", "elapsed": 29055.53803229332, "delta": 18.272218942642212}, "costs": {"total_cost": 171.4553483370775, "time_cost": 70.57600000000001, "final_distance_cost": 1.8199910479241135, "oscillation_cost": 25.463433340970056, "completition_cost": 0.0, "overshoot_cost": 50.46766612157927, "power_cost": 11.78462957763672, "noise_cost": 11.343628248967343, "n_waypoints_completed": 9, "tot_waypoints": 9}}
{"target": -171.97561954248803, "params": {"k_pid_pos": [1.3343796602998803, 0.0, 0.6215204948042307], "k_pid_alt": [1.9998652889154138, 0.0, 0.0], "k_pid_att": [18.436767684047023, 0.0001, 0.32401243441939576], "k_pid_yaw": [0.5, 1e-06, 0.1], "k_pid_hsp": [0.09163301239183631, 0.00023171663513308442, 0.0], "k_pid_vsp": [202.4197947546336, 368.7014930835542, 1e-06]}, "datetime": {"datetime": "2025-08-20 19:56:56", "elapsed": 29070.755900144577, "delta": 15.217867851257324}, "costs": {"total_cost": 171.97561954248803, "time_cost": 70.512, "final_distance_cost": 1.827141292900904, "oscillation_cost": 25.554457251544775, "completition_cost": 0.0, "overshoot_cost": 51.20760520398462, "power_cost": 11.6918015625, "noise_cost": 11.18261423155775, "n_waypoints_completed": 9, "tot_waypoints": 9}}
{"target": -171.83479746076335, "params": {"k_pid_pos": [1.413078736344779, 0.0, 0.5913712549995155], "k_pid_alt": [1.999812213141318, 0.0, 0.0], "k_pid_att": [31.276111198928433, 0.0001, 0.3630366437487827], "k_pid_yaw": [0.5, 1e-06, 0.1], "k_pid_hsp": [0.08665622732420929, 0.00013465828731331622, 0.0], "k_pid_vsp": [239.4071426271773, 399.08953532648235, 1e-06]}, "datetime": {"datetime": "2025-08-20 19:57:13", "elapsed": 29087.914150714874, "delta": 17.15825057029724}, "costs": {"total_cost": 171.83479746076335, "time_cost": 70.36, "final_distance_cost": 1.7931425374997711, "oscillation_cost": 25.95641131084104, "completition_cost": 0.0, "overshoot_cost": 51.31717016812174, "power_cost": 11.351690551757812, "noise_cost": 11.05638289254296, "n_waypoints_completed": 9, "tot_waypoints": 9}}
{"target": -174.3817319860822, "params": {"k_pid_pos": [1.5544011220214538, 0.0, 0.5880739378515483], "k_pid_alt": [2.0, 0.0, 0.0], "k_pid_att": [22.502847296523882, 0.0001, 0.3094201000253859], "k_pid_yaw": [0.5, 1e-06, 0.1], "k_pid_hsp": [0.0649385460577465, 3.8975276572717336e-05, 0.0], "k_pid_vsp": [329.49883407993184, 379.38502665258136, 1e-06]}, "datetime": {"datetime": "2025-08-20 19:57:28", "elapsed": 29103.12232732773, "delta": 15.208176612854004}, "costs": {"total_cost": 174.3817319860822, "time_cost": 71.08800000000001, "final_distance_cost": 1.7974892379794758, "oscillation_cost": 25.513275845702612, "completition_cost": 0.0, "overshoot_cost": 52.32653084169347, "power_cost": 12.106257116699219, "noise_cost": 11.550178944007392, "n_waypoints_completed": 9, "tot_waypoints": 9}}
{"target": -173.34247768344034, "params": {"k_pid_pos": [1.2621915358338855, 0.0, 0.9158240715168939], "k_pid_alt": [1.999949537698317, 0.0, 0.0], "k_pid_att": [44.15187410772947, 0.0001, 0.36087640707913105], "k_pid_yaw": [0.5, 1e-06, 0.1], "k_pid_hsp": [0.07848530605918423, 1.2953057998419072e-05, 0.0], "k_pid_vsp": [246.10821090767658, 400.0, 1e-06]}, "datetime": {"datetime": "2025-08-20 19:57:46", "elapsed": 29121.00658249855, "delta": 17.884255170822144}, "costs": {"total_cost": 173.34247768344034, "time_cost": 72.136, "final_distance_cost": 1.830543966034001, "oscillation_cost": 24.189990292605206, "completition_cost": 0.0, "overshoot_cost": 52.08493351564276, "power_cost": 11.661823767089844, "noise_cost": 11.439186142068522, "n_waypoints_completed": 9, "tot_waypoints": 9}}
{"target": -173.22214934728385, "params": {"k_pid_pos": [1.4682165201069295, 0.0, 0.9268162541538648], "k_pid_alt": [2.0, 0.0, 0.0], "k_pid_att": [34.644151513108135, 0.0001, 0.1066153376748542], "k_pid_yaw": [0.5, 1e-06, 0.1], "k_pid_hsp": [0.10155121788679633, 0.002151838812955314, 0.0], "k_pid_vsp": [260.1999504713198, 400.0, 1e-06]}, "datetime": {"datetime": "2025-08-20 19:58:03", "elapsed": 29138.022466897964, "delta": 17.015884399414062}, "costs": {"total_cost": 173.22214934728385, "time_cost": 70.88, "final_distance_cost": 1.830394628343098, "oscillation_cost": 26.460922591558376, "completition_cost": 0.0, "overshoot_cost": 51.228361231199536, "power_cost": 11.54993680419922, "noise_cost": 11.27253409198364, "n_waypoints_completed": 9, "tot_waypoints": 9}}
{"target": -172.38121241070598, "params": {"k_pid_pos": [1.3299542327020408, 0.0, 0.5843814385345157], "k_pid_alt": [1.9999109350786612, 0.0, 0.0], "k_pid_att": [17.11594188284125, 0.0001, 0.2821941661271575], "k_pid_yaw": [0.5, 1e-06, 0.1], "k_pid_hsp": [0.10762551521978213, 6.939324066975096e-05, 0.0], "k_pid_vsp": [264.81370666929575, 400.0, 1e-06]}, "datetime": {"datetime": "2025-08-20 19:58:18", "elapsed": 29153.189148187637, "delta": 15.166681289672852}, "costs": {"total_cost": 172.38121241070598, "time_cost": 70.384, "final_distance_cost": 1.8333688139425617, "oscillation_cost": 25.68904944325139, "completition_cost": 0.0, "overshoot_cost": 51.037175100882926, "power_cost": 12.066060302734376, "noise_cost": 11.371558749894747, "n_waypoints_completed": 9, "tot_waypoints": 9}}
{"target": -173.02139251613272, "params": {"k_pid_pos": [1.568671806100573, 0.0, 0.9362689832431872], "k_pid_alt": [1.9999981067699821, 0.0, 0.0], "k_pid_att": [27.936180644221977, 0.0001, 0.37479896370175614], "k_pid_yaw": [0.5, 1e-06, 0.1], "k_pid_hsp": [0.11674948966041801, 1.2122142501277424e-05, 0.0], "k_pid_vsp": [255.6286867330403, 226.11136743830372, 1e-06]}, "datetime": {"datetime": "2025-08-20 19:58:34", "elapsed": 29169.453190088272, "delta": 16.264041900634766}, "costs": {"total_cost": 173.02139251613272, "time_cost": 70.864, "final_distance_cost": 1.839294487928696, "oscillation_cost": 25.296969159672766, "completition_cost": 0.0, "overshoot_cost": 51.45244733095244, "power_cost": 12.052778369140626, "noise_cost": 11.515903168438165, "n_waypoints_completed": 9, "tot_waypoints": 9}}
{"target": -172.88126441815606, "params": {"k_pid_pos": [1.333963389997745, 0.0, 0.8783821152925564], "k_pid_alt": [1.9998470784697282, 0.0, 0.0], "k_pid_att": [16.17314493345139, 0.0001, 0.27520559483575263], "k_pid_yaw": [0.5, 1e-06, 0.1], "k_pid_hsp": [0.11765825513478052, 0.00023319324312098933, 0.0], "k_pid_vsp": [251.85997288598895, 399.65235080895525, 1e-06]}, "datetime": {"datetime": "2025-08-20 19:58:50", "elapsed": 29184.69601893425, "delta": 15.242828845977783}, "costs": {"total_cost": 172.88126441815606, "time_cost": 71.424, "final_distance_cost": 1.8432655583504998, "oscillation_cost": 25.07921784321651, "completition_cost": 0.0, "overshoot_cost": 50.90378729284028, "power_cost": 12.058109423828126, "noise_cost": 11.572884299920668, "n_waypoints_completed": 9, "tot_waypoints": 9}}
{"target": -172.45972877903097, "params": {"k_pid_pos": [1.275281136801687, 0.0, 0.6539845964274718], "k_pid_alt": [1.9998598979746447, 0.0, 0.0], "k_pid_att": [32.868481207821475, 0.0001, 0.33213836687118026], "k_pid_yaw": [0.5, 1e-06, 0.1], "k_pid_hsp": [0.10685233290286308, 5.411397192373404e-05, 0.0], "k_pid_vsp": [231.6178683438466, 400.0, 1e-06]}, "datetime": {"datetime": "2025-08-20 19:59:08", "elapsed": 29202.72736263275, "delta": 18.031343698501587}, "costs": {"total_cost": 172.45972877903097, "time_cost": 70.824, "final_distance_cost": 1.83832762366175, "oscillation_cost": 25.096451828996635, "completition_cost": 0.0, "overshoot_cost": 51.145888715382675, "power_cost": 12.0846376953125, "noise_cost": 11.4704229156774, "n_waypoints_completed": 9, "tot_waypoints": 9}}
