{"target": -171.83643524312646, "params": {"k_pid_pos": [1.3247608987102268, 0.0, 0.6165295125767893], "k_pid_alt": [1.9999890599978052, 0.0, 0.0], "k_pid_att": [38.244632461525676, 0.0001, 0.32323031337188457], "k_pid_yaw": [0.5, 1e-06, 0.1], "k_pid_hsp": [0.12821813570825327, 7.939281620266054e-05, 0.0], "k_pid_vsp": [251.27657389300495, 350.55139186274465, 1e-06]}, "datetime": {"datetime": "2025-08-20 23:48:54", "elapsed": 42989.321801900864, "delta": 15.011364459991455}, "costs": {"total_cost": 171.83643524312646, "time_cost": 70.552, "final_distance_cost": 1.827660208958005, "oscillation_cost": 25.623336068318185, "completition_cost": 0.0, "overshoot_cost": 50.5954602951195, "power_cost": 11.947229345703125, "noise_cost": 11.290749325027628, "n_waypoints_completed": 9, "tot_waypoints": 9}}
{"target": -172.44128652480887, "params": {"k_pid_pos": [1.3443598828715226, 0.0, 0.5444877561599009], "k_pid_alt": [1.99971469680062, 0.0, 0.0], "k_pid_att": [29.15998039746965, 0.0001, 0.26712521029124375], "k_pid_yaw": [0.5, 1e-06, 0.1], "k_pid_hsp": [0.1245624937005452, 1.3844460304756698e-05, 0.0], "k_pid_vsp": [240.12993395642206, 400.0, 1e-06]}, "datetime": {"datetime": "2025-08-20 23:49:12", "elapsed": 43006.751722574234, "delta": 17.42992067337036}, "costs": {"total_cost": 172.44128652480887, "time_cost": 70.312, "final_distance_cost": 1.8113711480887515, "oscillation_cost": 25.992277235960454, "completition_cost": 0.0, "overshoot_cost": 51.00919753059521, "power_cost": 12.011620239257812, "noise_cost": 11.30482037090665, "n_waypoints_completed": 9, "tot_waypoints": 9}}
{"target": -171.91858056262333, "params": {"k_pid_pos": [1.35235082516143, 0.0, 0.6471846335868868], "k_pid_alt": [2.0, 0.0, 0.0], "k_pid_att": [25.551652652490244, 0.0001, 0.31295369979552523], "k_pid_yaw": [0.5, 1e-06, 0.1], "k_pid_hsp": [0.08398324302966399, 4.147906621867011e-05, 0.0], "k_pid_vsp": [252.31257471290095, 374.9998158684443, 1e-06]}, "datetime": {"datetime": "2025-08-20 23:49:27", "elapsed": 43021.7475874424, "delta": 14.995864868164062}, "costs": {"total_cost": 171.91858056262333, "time_cost": 70.60000000000001, "final_distance_cost": 1.8127514371194609, "oscillation_cost": 25.279034565864297, "completition_cost": 0.0, "overshoot_cost": 50.97676602938308, "power_cost": 11.927310229492187, "noise_cost": 11.322718300764315, "n_waypoints_completed": 9, "tot_waypoints": 9}}
{"target": -172.07632619744135, "params": {"k_pid_pos": [1.2924870255776517, 0.0, 0.6498113447678203], "k_pid_alt": [1.9999767072622952, 0.0, 0.0], "k_pid_att": [30.72088391139183, 0.0001, 0.3189187978703263], "k_pid_yaw": [0.5, 1e-06, 0.1], "k_pid_hsp": [0.10914540523855862, 8.036159979274578e-05, 0.0], "k_pid_vsp": [245.40849300357272, 367.7031875538497, 1e-06]}, "datetime": {"datetime": "2025-08-20 23:49:44", "elapsed": 43038.9260058403, "delta": 17.178418397903442}, "costs": {"total_cost": 172.07632619744135, "time_cost": 70.712, "final_distance_cost": 1.829692175838314, "oscillation_cost": 25.199340592397633, "completition_cost": 0.0, "overshoot_cost": 51.26604573379291, "power_cost": 11.826321618652344, "noise_cost": 11.24292607676013, "n_waypoints_completed": 9, "tot_waypoints": 9}}
{"target": -173.0199133817332, "params": {"k_pid_pos": [1.3083322543670415, 0.0, 0.8594085143026593], "k_pid_alt": [2.0, 0.0, 0.0], "k_pid_att": [32.98687130255271, 0.0001, 0.2976028824066805], "k_pid_yaw": [0.5, 1e-06, 0.1], "k_pid_hsp": [0.09201992858816291, 4.50115355019648e-05, 0.0], "k_pid_vsp": [250.38903807762182, 238.3152747436741, 1e-06]}, "datetime": {"datetime": "2025-08-20 23:50:00", "elapsed": 43055.45431137085, "delta": 16.528305530548096}, "costs": {"total_cost": 173.0199133817332, "time_cost": 71.56, "final_distance_cost": 1.8252457568114362, "oscillation_cost": 24.193230975785568, "completition_cost": 0.0, "overshoot_cost": 51.69964301532262, "power_cost": 12.118630627441407, "noise_cost": 11.623163006372183, "n_waypoints_completed": 9, "tot_waypoints": 9}}
{"target": -172.24541156103328, "params": {"k_pid_pos": [1.3127585077159354, 0.0, 0.6365429552991508], "k_pid_alt": [1.9998886079715985, 0.0, 0.0], "k_pid_att": [27.80206595749436, 0.0001, 0.3232426774682947], "k_pid_yaw": [0.5, 1e-06, 0.1], "k_pid_hsp": [0.09242503173884284, 6.180613687047024e-05, 0.0], "k_pid_vsp": [243.94415917891294, 353.86970094086524, 1e-06]}, "datetime": {"datetime": "2025-08-20 23:50:16", "elapsed": 43070.82586693764, "delta": 15.37155556678772}, "costs": {"total_cost": 172.24541156103328, "time_cost": 70.672, "final_distance_cost": 1.821704449822176, "oscillation_cost": 25.170053988564693, "completition_cost": 0.0, "overshoot_cost": 50.929282451299876, "power_cost": 12.216047216796875, "noise_cost": 11.436323454549651, "n_waypoints_completed": 9, "tot_waypoints": 9}}
{"target": -172.84175373045227, "params": {"k_pid_pos": [1.4201653912076886, 0.0, 0.9766960198931682], "k_pid_alt": [2.0, 0.0, 0.0], "k_pid_att": [28.097888636536236, 0.0001, 0.31304672561522173], "k_pid_yaw": [0.5, 1e-06, 0.1], "k_pid_hsp": [0.09246547172012061, 6.250325898801092e-05, 0.0], "k_pid_vsp": [230.80228483307846, 304.43824977976544, 1e-06]}, "datetime": {"datetime": "2025-08-20 23:50:34", "elapsed": 43089.15842604637, "delta": 18.33255910873413}, "costs": {"total_cost": 172.84175373045227, "time_cost": 71.44800000000001, "final_distance_cost": 1.8297815077416757, "oscillation_cost": 24.54659988828152, "completition_cost": 0.0, "overshoot_cost": 50.989294330109146, "power_cost": 12.345326306152344, "noise_cost": 11.682751698167573, "n_waypoints_completed": 9, "tot_waypoints": 9}}
{"target": -171.7239542138787, "params": {"k_pid_pos": [1.3006130213013747, 0.0, 0.7541383147776691], "k_pid_alt": [2.0, 0.0, 0.0], "k_pid_att": [32.22481759072355, 0.0001, 0.31408386119841647], "k_pid_yaw": [0.5, 1e-06, 0.1], "k_pid_hsp": [0.0948716900705743, 6.835028091186097e-05, 0.0], "k_pid_vsp": [240.96524117714338, 373.93096299721975, 1e-06]}, "datetime": {"datetime": "2025-08-20 23:50:50", "elapsed": 43104.82348775864, "delta": 15.665061712265015}, "costs": {"total_cost": 171.7239542138787, "time_cost": 71.06400000000001, "final_distance_cost": 1.8160936672378478, "oscillation_cost": 24.658308501047124, "completition_cost": 0.0, "overshoot_cost": 51.08155120070392, "power_cost": 11.675170947265626, "noise_cost": 11.428829897624167, "n_waypoints_completed": 9, "tot_waypoints": 9}}
{"target": -171.40867307891048, "params": {"k_pid_pos": [1.3346663419390918, 0.0, 0.6753243064137232], "k_pid_alt": [1.9998920776064815, 0.0, 0.0], "k_pid_att": [28.123583794215833, 0.0001, 0.31770061818248474], "k_pid_yaw": [0.5, 1e-06, 0.1], "k_pid_hsp": [0.09255328033110846, 6.356619825259782e-05, 0.0], "k_pid_vsp": [242.0923411133448, 365.73063149775714, 1e-06]}, "datetime": {"datetime": "2025-08-20 23:51:06", "elapsed": 43121.51488685608, "delta": 16.691399097442627}, "costs": {"total_cost": 171.40867307891048, "time_cost": 70.672, "final_distance_cost": 1.8185527973306284, "oscillation_cost": 25.046276670656148, "completition_cost": 0.0, "overshoot_cost": 50.89547681702405, "power_cost": 11.657429162597657, "noise_cost": 11.318937631302033, "n_waypoints_completed": 9, "tot_waypoints": 9}}
{"target": -172.407931723598, "params": {"k_pid_pos": [1.3158391256963693, 0.0, 0.7823321340401324], "k_pid_alt": [1.9999129698428766, 0.0, 0.0], "k_pid_att": [29.554433111923483, 0.0001, 0.33175650004030555], "k_pid_yaw": [0.5, 1e-06, 0.1], "k_pid_hsp": [0.08963120312942788, 4.5646468972577816e-05, 0.0], "k_pid_vsp": [262.5176257869043, 369.17520290123207, 1e-06]}, "datetime": {"datetime": "2025-08-20 23:51:24", "elapsed": 43139.13223910332, "delta": 17.61735224723816}, "costs": {"total_cost": 172.407931723598, "time_cost": 71.06400000000001, "final_distance_cost": 1.8173146878766462, "oscillation_cost": 24.4724186240004, "completition_cost": 0.0, "overshoot_cost": 51.28350512254725, "power_cost": 12.19358720703125, "noise_cost": 11.577106082142489, "n_waypoints_completed": 9, "tot_waypoints": 9}}
{"target": -173.9416471591307, "params": {"k_pid_pos": [1.3147607284638265, 0.0, 0.7092191601144145], "k_pid_alt": [1.999919444668095, 0.0, 0.0], "k_pid_att": [26.730328696219615, 0.0001, 0.07869214682314164], "k_pid_yaw": [0.5, 1e-06, 0.1], "k_pid_hsp": [0.08769208504303325, 6.0401050619405606e-05, 0.0], "k_pid_vsp": [256.704373331826, 364.34710006779335, 1e-06]}, "datetime": {"datetime": "2025-08-20 23:51:39", "elapsed": 43154.467747449875, "delta": 15.335508346557617}, "costs": {"total_cost": 173.9416471591307, "time_cost": 70.848, "final_distance_cost": 1.822664073668899, "oscillation_cost": 25.938451131754046, "completition_cost": 0.0, "overshoot_cost": 51.87876623516996, "power_cost": 11.963375976562501, "noise_cost": 11.490389741975296, "n_waypoints_completed": 9, "tot_waypoints": 9}}
{"target": -172.29924510762538, "params": {"k_pid_pos": [1.3835066687929558, 0.0, 0.644677884377139], "k_pid_alt": [1.998299958428207, 0.0, 0.0], "k_pid_att": [28.28581529160566, 0.0001, 0.36950122801839386], "k_pid_yaw": [0.5, 1e-06, 0.1], "k_pid_hsp": [0.10006355771080579, 6.155925865043307e-05, 0.0], "k_pid_vsp": [247.15297282926235, 396.6378444195915, 1e-06]}, "datetime": {"datetime": "2025-08-20 23:51:56", "elapsed": 43171.03330349922, "delta": 16.565556049346924}, "costs": {"total_cost": 172.29924510762538, "time_cost": 70.47200000000001, "final_distance_cost": 1.8052375020874154, "oscillation_cost": 25.55333310638104, "completition_cost": 0.0, "overshoot_cost": 51.3244936791525, "power_cost": 11.823745922851563, "noise_cost": 11.320434897152829, "n_waypoints_completed": 9, "tot_waypoints": 9}}
{"target": -172.28443438523473, "params": {"k_pid_pos": [1.2967122984957096, 0.0, 0.678424414215685], "k_pid_alt": [2.0, 0.0, 0.0], "k_pid_att": [38.09600604743513, 0.0001, 0.3215629803660652], "k_pid_yaw": [0.5, 1e-06, 0.1], "k_pid_hsp": [0.10948528056975058, 6.311163727739076e-05, 0.0], "k_pid_vsp": [308.78823171337353, 394.3247255362544, 1e-06]}, "datetime": {"datetime": "2025-08-20 23:52:12", "elapsed": 43186.941423654556, "delta": 15.908120155334473}, "costs": {"total_cost": 172.28443438523473, "time_cost": 70.824, "final_distance_cost": 1.819861620940226, "oscillation_cost": 25.00616682195787, "completition_cost": 0.0, "overshoot_cost": 51.019334585289535, "power_cost": 12.115014477539063, "noise_cost": 11.50005687950803, "n_waypoints_completed": 9, "tot_waypoints": 9}}
{"target": -172.81464804224578, "params": {"k_pid_pos": [1.3143915436122142, 0.0, 0.630950807129829], "k_pid_alt": [1.9998917407708423, 0.0, 0.0], "k_pid_att": [28.0355810290187, 0.0001, 0.35273176985817134], "k_pid_yaw": [0.5, 1e-06, 0.1], "k_pid_hsp": [0.07883983012791321, 5.303625970876333e-05, 0.0], "k_pid_vsp": [256.5565540184964, 384.1004934046874, 1e-06]}, "datetime": {"datetime": "2025-08-20 23:52:28", "elapsed": 43203.041734695435, "delta": 16.100311040878296}, "costs": {"total_cost": 172.81464804224578, "time_cost": 70.776, "final_distance_cost": 1.8071432234111509, "oscillation_cost": 24.820571797659653, "completition_cost": 0.0, "overshoot_cost": 51.93979816871322, "power_cost": 12.11551317138672, "noise_cost": 11.355621681075066, "n_waypoints_completed": 9, "tot_waypoints": 9}}
{"target": -172.13070978185223, "params": {"k_pid_pos": [1.3302089260795422, 0.0, 0.6564748092262704], "k_pid_alt": [1.9998928879554427, 0.0, 0.0], "k_pid_att": [28.88052788563538, 0.0001, 0.3692681836167561], "k_pid_yaw": [0.5, 1e-06, 0.1], "k_pid_hsp": [0.09212819410717496, 2.6668770125554663e-05, 0.0], "k_pid_vsp": [241.78486061992768, 388.1139698902276, 1e-06]}, "datetime": {"datetime": "2025-08-20 23:52:44", "elapsed": 43219.21811795235, "delta": 16.17638325691223}, "costs": {"total_cost": 172.13070978185223, "time_cost": 70.648, "final_distance_cost": 1.8100141765909308, "oscillation_cost": 25.08906060388168, "completition_cost": 0.0, "overshoot_cost": 50.855043346812316, "power_cost": 12.203251391601563, "noise_cost": 11.52534026296576, "n_waypoints_completed": 9, "tot_waypoints": 9}}
