{"target": -171.50244169873457, "params": {"k_pid_pos": [1.3227131808982646, 0.0, 0.6504702547556002], "k_pid_alt": [1.9998658546342971, 0.0, 0.0], "k_pid_att": [32.122563172683066, 0.0001, 0.33313712418869607], "k_pid_yaw": [0.5, 1e-06, 0.1], "k_pid_hsp": [0.08956783003147126, 3.4652956007533126e-05, 0.0], "k_pid_vsp": [264.33350608337855, 400.0, 1e-06]}, "datetime": {"datetime": "2025-08-20 22:12:26", "elapsed": 37201.54770708084, "delta": 18.370959758758545}, "costs": {"total_cost": 171.50244169873457, "time_cost": 70.64, "final_distance_cost": 1.808426768619645, "oscillation_cost": 25.241718489728814, "completition_cost": 0.0, "overshoot_cost": 50.90717504917721, "power_cost": 11.618926745605469, "noise_cost": 11.286194645603441, "n_waypoints_completed": 9, "tot_waypoints": 9}}
{"target": -172.21294216107412, "params": {"k_pid_pos": [1.315620297164714, 0.0, 0.634577740548843], "k_pid_alt": [1.9998802207110302, 0.0, 0.0], "k_pid_att": [26.443184194205468, 0.0001, 0.37607543571731417], "k_pid_yaw": [0.5, 1e-06, 0.1], "k_pid_hsp": [0.09974574568846116, 5.975063927306076e-05, 0.0], "k_pid_vsp": [251.2680489845716, 400.0, 1e-06]}, "datetime": {"datetime": "2025-08-20 22:12:43", "elapsed": 37218.13795185089, "delta": 16.59024477005005}, "costs": {"total_cost": 172.21294216107412, "time_cost": 70.57600000000001, "final_distance_cost": 1.8309543493778155, "oscillation_cost": 25.403477825391814, "completition_cost": 0.0, "overshoot_cost": 51.178123128502634, "power_cost": 11.887970214843751, "noise_cost": 11.336416642958095, "n_waypoints_completed": 9, "tot_waypoints": 9}}
{"target": -172.24586896228095, "params": {"k_pid_pos": [1.2854059775692532, 0.0, 0.7488892037082465], "k_pid_alt": [2.0, 0.0, 0.0], "k_pid_att": [27.903682053519642, 0.0001, 0.333238634799104], "k_pid_yaw": [0.5, 1e-06, 0.1], "k_pid_hsp": [0.09464099135540767, 9.632688879895971e-05, 0.0], "k_pid_vsp": [228.15166740409563, 395.9925750461915, 1e-06]}, "datetime": {"datetime": "2025-08-20 22:12:59", "elapsed": 37234.42433166504, "delta": 16.28637981414795}, "costs": {"total_cost": 172.24586896228095, "time_cost": 71.04, "final_distance_cost": 1.8210229234908297, "oscillation_cost": 24.758260290091425, "completition_cost": 0.0, "overshoot_cost": 50.98324754717911, "power_cost": 12.133155957031251, "noise_cost": 11.510182244488348, "n_waypoints_completed": 9, "tot_waypoints": 9}}
{"target": -172.22545799085984, "params": {"k_pid_pos": [1.278329768552591, 0.0, 0.6174545578232458], "k_pid_alt": [1.9998561881331713, 0.0, 0.0], "k_pid_att": [16.55792958022441, 0.0001, 0.3103658736820181], "k_pid_yaw": [0.5, 1e-06, 0.1], "k_pid_hsp": [0.13816166894671683, 5.767532156423361e-05, 0.0], "k_pid_vsp": [265.2927653912857, 384.85921032088794, 1e-06]}, "datetime": {"datetime": "2025-08-20 22:13:16", "elapsed": 37251.30476641655, "delta": 16.88043475151062}, "costs": {"total_cost": 172.22545799085984, "time_cost": 70.648, "final_distance_cost": 1.834197177148229, "oscillation_cost": 25.455175734381303, "completition_cost": 0.0, "overshoot_cost": 50.48343974421199, "power_cost": 12.225983166503907, "noise_cost": 11.578662168614406, "n_waypoints_completed": 9, "tot_waypoints": 9}}
{"target": -171.84480667312138, "params": {"k_pid_pos": [1.2972021213630474, 0.0, 0.6370637272044388], "k_pid_alt": [1.9999058951876276, 0.0, 0.0], "k_pid_att": [25.405262850165126, 0.0001, 0.27221979303414406], "k_pid_yaw": [0.5, 1e-06, 0.1], "k_pid_hsp": [0.08648027797366442, 0.0001740619767804226, 0.0], "k_pid_vsp": [277.1288366433465, 394.8505618577057, 1e-06]}, "datetime": {"datetime": "2025-08-20 22:13:32", "elapsed": 37267.01111125946, "delta": 15.706344842910767}, "costs": {"total_cost": 171.84480667312138, "time_cost": 70.672, "final_distance_cost": 1.8071508785493746, "oscillation_cost": 24.946340940429906, "completition_cost": 0.0, "overshoot_cost": 51.17701392272357, "power_cost": 11.905196118164064, "noise_cost": 11.337104813254465, "n_waypoints_completed": 9, "tot_waypoints": 9}}
{"target": -172.31716475870212, "params": {"k_pid_pos": [1.3303064522185108, 0.0, 0.6260232014461814], "k_pid_alt": [1.9998876619778911, 0.0, 0.0], "k_pid_att": [28.765489903453435, 0.0001, 0.35979000963403757], "k_pid_yaw": [0.5, 1e-06, 0.1], "k_pid_hsp": [0.0946291605362712, 3.1015347979030363e-05, 0.0], "k_pid_vsp": [250.73614368300517, 395.6391141310168, 1e-06]}, "datetime": {"datetime": "2025-08-20 22:13:49", "elapsed": 37283.627893686295, "delta": 16.616782426834106}, "costs": {"total_cost": 172.31716475870212, "time_cost": 70.544, "final_distance_cost": 1.8119332677238766, "oscillation_cost": 25.385974852375465, "completition_cost": 0.0, "overshoot_cost": 51.21015016250583, "power_cost": 12.07170125732422, "noise_cost": 11.29340521877272, "n_waypoints_completed": 9, "tot_waypoints": 9}}
{"target": -173.02684492647447, "params": {"k_pid_pos": [1.5256905206863174, 0.0, 0.6615097392333883], "k_pid_alt": [1.9998156898618145, 0.0, 0.0], "k_pid_att": [26.85146101425873, 0.0001, 0.29466689053325396], "k_pid_yaw": [0.5, 1e-06, 0.1], "k_pid_hsp": [0.12019237482421631, 9.690449520998377e-06, 0.0], "k_pid_vsp": [245.13908271276176, 379.8636118170067, 1e-06]}, "datetime": {"datetime": "2025-08-20 22:14:05", "elapsed": 37300.05765604973, "delta": 16.429762363433838}, "costs": {"total_cost": 173.02684492647447, "time_cost": 70.21600000000001, "final_distance_cost": 1.8185083688863783, "oscillation_cost": 26.820971961256323, "completition_cost": 0.0, "overshoot_cost": 50.84150628715266, "power_cost": 12.009890002441407, "noise_cost": 11.319968306737675, "n_waypoints_completed": 9, "tot_waypoints": 9}}
{"target": -171.55673537293788, "params": {"k_pid_pos": [1.3192662539454727, 0.0, 0.6547398407258785], "k_pid_alt": [1.999907932685951, 0.0, 0.0], "k_pid_att": [28.4851996052825, 0.0001, 0.28671489057614585], "k_pid_yaw": [0.5, 1e-06, 0.1], "k_pid_hsp": [0.08771396384227145, 5.4907925602835895e-05, 0.0], "k_pid_vsp": [246.11068442406952, 399.1297721337461, 1e-06]}, "datetime": {"datetime": "2025-08-20 22:14:21", "elapsed": 37316.060201883316, "delta": 16.002545833587646}, "costs": {"total_cost": 171.55673537293788, "time_cost": 70.656, "final_distance_cost": 1.8273680081447183, "oscillation_cost": 24.98653974615987, "completition_cost": 0.0, "overshoot_cost": 51.01668678768972, "power_cost": 11.725907824707031, "noise_cost": 11.344233006236562, "n_waypoints_completed": 9, "tot_waypoints": 9}}
{"target": -172.76798074116337, "params": {"k_pid_pos": [1.3194582435060878, 0.0, 0.6227573422545699], "k_pid_alt": [1.9998853549324267, 0.0, 0.0], "k_pid_att": [31.95428615031888, 0.0001, 0.308500807408748], "k_pid_yaw": [0.5, 1e-06, 0.1], "k_pid_hsp": [0.08936667415745037, 5.614540681072626e-05, 0.0], "k_pid_vsp": [249.7395738684075, 400.0, 1e-06]}, "datetime": {"datetime": "2025-08-20 22:14:39", "elapsed": 37333.78826928139, "delta": 17.72806739807129}, "costs": {"total_cost": 172.76798074116337, "time_cost": 70.592, "final_distance_cost": 1.80151690904249, "oscillation_cost": 25.379483402536327, "completition_cost": 0.0, "overshoot_cost": 51.39457742183906, "power_cost": 12.100592114257813, "noise_cost": 11.499810893487684, "n_waypoints_completed": 9, "tot_waypoints": 9}}
{"target": -172.40886106554333, "params": {"k_pid_pos": [1.3304311653778123, 0.0, 0.6501905899423736], "k_pid_alt": [1.9998957563946904, 0.0, 0.0], "k_pid_att": [28.198905590097777, 0.0001, 0.310424908704305], "k_pid_yaw": [0.5, 1e-06, 0.1], "k_pid_hsp": [0.09245454181357031, 3.800779633854097e-05, 0.0], "k_pid_vsp": [246.0039650734189, 394.5522564089453, 1e-06]}, "datetime": {"datetime": "2025-08-20 22:14:56", "elapsed": 37351.13895654678, "delta": 17.350687265396118}, "costs": {"total_cost": 172.40886106554333, "time_cost": 70.60000000000001, "final_distance_cost": 1.817066476095344, "oscillation_cost": 25.17630353659968, "completition_cost": 0.0, "overshoot_cost": 51.30656296766201, "power_cost": 12.022483544921876, "noise_cost": 11.486444540264413, "n_waypoints_completed": 9, "tot_waypoints": 9}}
{"target": -172.30856173535787, "params": {"k_pid_pos": [1.3335812186351763, 0.0, 0.5946393917519454], "k_pid_alt": [1.9998799714110582, 0.0, 0.0], "k_pid_att": [25.179081325767093, 0.0001, 0.30859936046658193], "k_pid_yaw": [0.5, 1e-06, 0.1], "k_pid_hsp": [0.0925502895732877, 3.7653821086488616e-05, 0.0], "k_pid_vsp": [245.28332294742793, 394.3077363330331, 1e-06]}, "datetime": {"datetime": "2025-08-20 22:15:12", "elapsed": 37366.80249428749, "delta": 15.663537740707397}, "costs": {"total_cost": 172.30856173535787, "time_cost": 70.47200000000001, "final_distance_cost": 1.8276093195386958, "oscillation_cost": 25.639246245575332, "completition_cost": 0.0, "overshoot_cost": 51.15106548613951, "power_cost": 11.92515565185547, "noise_cost": 11.293485032248832, "n_waypoints_completed": 9, "tot_waypoints": 9}}
{"target": -172.6942675686728, "params": {"k_pid_pos": [1.331938572713308, 0.0, 0.624065824619577], "k_pid_alt": [1.9999021044855783, 0.0, 0.0], "k_pid_att": [26.14198529647585, 0.0001, 0.3148681726124816], "k_pid_yaw": [0.5, 1e-06, 0.1], "k_pid_hsp": [0.07858847948006245, 5.4674953576955244e-05, 0.0], "k_pid_vsp": [228.6200067516431, 386.70935806161765, 1e-06]}, "datetime": {"datetime": "2025-08-20 22:15:28", "elapsed": 37383.32020020485, "delta": 16.5177059173584}, "costs": {"total_cost": 172.6942675686728, "time_cost": 70.768, "final_distance_cost": 1.8130537536560933, "oscillation_cost": 24.936337123483824, "completition_cost": 0.0, "overshoot_cost": 51.96734006610553, "power_cost": 11.953528283691407, "noise_cost": 11.256008341735955, "n_waypoints_completed": 9, "tot_waypoints": 9}}
{"target": -171.45231886582215, "params": {"k_pid_pos": [1.312593182950346, 0.0, 0.6293183191482082], "k_pid_alt": [1.9998713203729106, 0.0, 0.0], "k_pid_att": [26.683851974375493, 0.0001, 0.32395049954426036], "k_pid_yaw": [0.5, 1e-06, 0.1], "k_pid_hsp": [0.11912166387422908, 5.603009204156941e-05, 0.0], "k_pid_vsp": [250.74383232508478, 393.06566520598096, 1e-06]}, "datetime": {"datetime": "2025-08-20 22:15:45", "elapsed": 37399.710450172424, "delta": 16.390249967575073}, "costs": {"total_cost": 171.45231886582215, "time_cost": 70.544, "final_distance_cost": 1.8181668713707846, "oscillation_cost": 25.30499835900901, "completition_cost": 0.0, "overshoot_cost": 50.98621648816352, "power_cost": 11.657523291015625, "noise_cost": 11.141413856263236, "n_waypoints_completed": 9, "tot_waypoints": 9}}
{"target": -171.73316131725986, "params": {"k_pid_pos": [1.2686042691316788, 0.0, 0.7559085734050687], "k_pid_alt": [2.0, 0.0, 0.0], "k_pid_att": [25.16089873228199, 0.0001, 0.37450845121783377], "k_pid_yaw": [0.5, 1e-06, 0.1], "k_pid_hsp": [0.09656849576644051, 0.0001280349946974625, 0.0], "k_pid_vsp": [234.88197235553176, 386.07504468025894, 1e-06]}, "datetime": {"datetime": "2025-08-20 22:16:01", "elapsed": 37415.97544455528, "delta": 16.264994382858276}, "costs": {"total_cost": 171.73316131725986, "time_cost": 71.136, "final_distance_cost": 1.8198708110719206, "oscillation_cost": 24.68069691812148, "completition_cost": 0.0, "overshoot_cost": 51.00616124390551, "power_cost": 11.745195568847658, "noise_cost": 11.345236775313273, "n_waypoints_completed": 9, "tot_waypoints": 9}}
{"target": -172.28208620715787, "params": {"k_pid_pos": [1.3114880761942276, 0.0, 0.6245271506294146], "k_pid_alt": [1.9999355426196308, 0.0, 0.0], "k_pid_att": [25.031741054705716, 0.0001, 0.3265934904020541], "k_pid_yaw": [0.5, 1e-06, 0.1], "k_pid_hsp": [0.09160482752251904, 6.486680204858457e-05, 0.0], "k_pid_vsp": [233.25145660765318, 390.62437951415563, 1e-06]}, "datetime": {"datetime": "2025-08-20 22:16:18", "elapsed": 37432.70322108269, "delta": 16.727776527404785}, "costs": {"total_cost": 172.28208620715787, "time_cost": 70.616, "final_distance_cost": 1.8182552775037615, "oscillation_cost": 25.2903459012312, "completition_cost": 0.0, "overshoot_cost": 51.202519915738165, "power_cost": 12.017486560058595, "noise_cost": 11.337478552626166, "n_waypoints_completed": 9, "tot_waypoints": 9}}
{"target": -172.06613429370205, "params": {"k_pid_pos": [1.4044416487858686, 0.0, 0.5515367723518075], "k_pid_alt": [1.9999053239447904, 0.0, 0.0], "k_pid_att": [35.02890522826304, 0.0001, 0.31971239065684603], "k_pid_yaw": [0.5, 1e-06, 0.1], "k_pid_hsp": [0.10186851451592396, 0.00015286140147874292, 0.0], "k_pid_vsp": [245.62246841770138, 384.4109153138189, 1e-06]}, "datetime": {"datetime": "2025-08-20 22:16:33", "elapsed": 37448.1682844162, "delta": 15.465063333511353}, "costs": {"total_cost": 172.06613429370205, "time_cost": 70.2, "final_distance_cost": 1.8107752355025837, "oscillation_cost": 26.304229158666185, "completition_cost": 0.0, "overshoot_cost": 51.18263972748162, "power_cost": 11.54041728515625, "noise_cost": 11.028072886895375, "n_waypoints_completed": 9, "tot_waypoints": 9}}
{"target": -171.81698253175622, "params": {"k_pid_pos": [1.3390476845549957, 0.0, 0.6199495782784714], "k_pid_alt": [1.9998820377454047, 0.0, 0.0], "k_pid_att": [27.294752442403144, 0.0001, 0.3186823075210316], "k_pid_yaw": [0.5, 1e-06, 0.1], "k_pid_hsp": [0.08910000642578758, 0.00012941051673021544, 0.0], "k_pid_vsp": [248.78332414324714, 399.9816433367654, 1e-06]}, "datetime": {"datetime": "2025-08-20 22:16:50", "elapsed": 37464.80220389366, "delta": 16.63391947746277}, "costs": {"total_cost": 171.81698253175622, "time_cost": 70.528, "final_distance_cost": 1.8061434003448553, "oscillation_cost": 25.374022257912603, "completition_cost": 0.0, "overshoot_cost": 51.391709230502556, "power_cost": 11.606563598632812, "noise_cost": 11.110544044363388, "n_waypoints_completed": 9, "tot_waypoints": 9}}
{"target": -171.79156403310344, "params": {"k_pid_pos": [1.3500567016661464, 0.0, 0.6268192658747256], "k_pid_alt": [2.0, 0.0, 0.0], "k_pid_att": [26.392111032592254, 0.0001, 0.3199666434042953], "k_pid_yaw": [0.5, 1e-06, 0.1], "k_pid_hsp": [0.09335227794762342, 6.491846379711586e-05, 0.0], "k_pid_vsp": [244.3135731023263, 384.8802192581996, 1e-06]}, "datetime": {"datetime": "2025-08-20 22:17:08", "elapsed": 37482.57275438309, "delta": 17.77055048942566}, "costs": {"total_cost": 171.79156403310344, "time_cost": 70.52, "final_distance_cost": 1.8042712982338152, "oscillation_cost": 25.52481827999345, "completition_cost": 0.0, "overshoot_cost": 51.089747018473055, "power_cost": 11.639404223632813, "noise_cost": 11.2133232127703, "n_waypoints_completed": 9, "tot_waypoints": 9}}
{"target": -171.27706220507517, "params": {"k_pid_pos": [1.182303645997075, 0.0, 0.34490413404678133], "k_pid_alt": [1.9998267660443754, 0.0, 0.0], "k_pid_att": [26.553971101439156, 0.0001, 0.3192816997622545], "k_pid_yaw": [0.5, 1e-06, 0.1], "k_pid_hsp": [0.08350855010766749, 6.54157387833777e-05, 0.0], "k_pid_vsp": [246.5836827325574, 394.0487934369936, 1e-06]}, "datetime": {"datetime": "2025-08-20 22:17:24", "elapsed": 37498.916186094284, "delta": 16.3434317111969}, "costs": {"total_cost": 171.27706220507517, "time_cost": 70.496, "final_distance_cost": 1.806415198025234, "oscillation_cost": 25.50504665714248, "completition_cost": 0.0, "overshoot_cost": 51.12245201327063, "power_cost": 11.377527856445314, "noise_cost": 10.969620480191509, "n_waypoints_completed": 9, "tot_waypoints": 9}}
{"target": -172.88059574539858, "params": {"k_pid_pos": [1.3928469018919158, 0.0, 1.0], "k_pid_alt": [1.999883710484743, 0.0, 0.0], "k_pid_att": [43.49224987417384, 0.0001, 0.19712975359837603], "k_pid_yaw": [0.5, 1e-06, 0.1], "k_pid_hsp": [0.08666576804630623, 0.0018206640936198047, 0.0], "k_pid_vsp": [260.36074222898037, 376.1262937686298, 1e-06]}, "datetime": {"datetime": "2025-08-20 22:17:40", "elapsed": 37515.45072007179, "delta": 16.534533977508545}, "costs": {"total_cost": 172.88059574539858, "time_cost": 71.536, "final_distance_cost": 1.8268123492591513, "oscillation_cost": 24.79325674870654, "completition_cost": 0.0, "overshoot_cost": 51.65697955992458, "power_cost": 11.60213818359375, "noise_cost": 11.465408903914536, "n_waypoints_completed": 9, "tot_waypoints": 9}}
{"target": -172.3896180866998, "params": {"k_pid_pos": [1.3197848721528114, 0.0, 0.606813635105303], "k_pid_alt": [1.999914423903239, 0.0, 0.0], "k_pid_att": [23.59330772887416, 0.0001, 0.3210565707823475], "k_pid_yaw": [0.5, 1e-06, 0.1], "k_pid_hsp": [0.09361616925727413, 5.697731310612167e-05, 0.0], "k_pid_vsp": [253.4545484165586, 398.79968519025, 1e-06]}, "datetime": {"datetime": "2025-08-20 22:17:56", "elapsed": 37531.49569559097, "delta": 16.044975519180298}, "costs": {"total_cost": 172.3896180866998, "time_cost": 70.528, "final_distance_cost": 1.8089098063924114, "oscillation_cost": 25.47191115319544, "completition_cost": 0.0, "overshoot_cost": 51.274247612950134, "power_cost": 11.983429687500001, "noise_cost": 11.323119826661845, "n_waypoints_completed": 9, "tot_waypoints": 9}}
{"target": -172.9141885225309, "params": {"k_pid_pos": [1.539878045891, 0.0, 0.7479364244286426], "k_pid_alt": [1.9998696402266807, 0.0, 0.0], "k_pid_att": [20.21532599245083, 0.0001, 0.36033000153866956], "k_pid_yaw": [0.5, 1e-06, 0.1], "k_pid_hsp": [0.1121994052343199, 3.1375270643671445e-05, 0.0], "k_pid_vsp": [250.0601481646443, 345.62283606408107, 1e-06]}, "datetime": {"datetime": "2025-08-20 22:18:13", "elapsed": 37547.83579301834, "delta": 16.340097427368164}, "costs": {"total_cost": 172.9141885225309, "time_cost": 70.352, "final_distance_cost": 1.8276984024978458, "oscillation_cost": 26.08149303942743, "completition_cost": 0.0, "overshoot_cost": 51.406167800805946, "power_cost": 11.90141268310547, "noise_cost": 11.345416596694234, "n_waypoints_completed": 9, "tot_waypoints": 9}}
{"target": -172.0500179808641, "params": {"k_pid_pos": [1.372326262268197, 0.0, 0.7972430569689607], "k_pid_alt": [1.999769212211639, 0.0, 0.0], "k_pid_att": [25.479870522428655, 0.0001, 0.31032350692185434], "k_pid_yaw": [0.5, 1e-06, 0.1], "k_pid_hsp": [0.10827386087841924, 1.7733988575381414e-05, 0.0], "k_pid_vsp": [249.83528026690988, 398.3631606111834, 1e-06]}, "datetime": {"datetime": "2025-08-20 22:18:30", "elapsed": 37564.751240730286, "delta": 16.91544771194458}, "costs": {"total_cost": 172.0500179808641, "time_cost": 70.936, "final_distance_cost": 1.840387864758329, "oscillation_cost": 25.04799783665707, "completition_cost": 0.0, "overshoot_cost": 50.926183251601564, "power_cost": 11.91293494873047, "noise_cost": 11.386514079116653, "n_waypoints_completed": 9, "tot_waypoints": 9}}
{"target": -174.33223724769334, "params": {"k_pid_pos": [1.4391160210483556, 0.0, 0.6169733623464794], "k_pid_alt": [1.9999593869891474, 0.0, 0.0], "k_pid_att": [25.468350664032087, 0.0001, 0.37750259091574223], "k_pid_yaw": [0.5, 1e-06, 0.1], "k_pid_hsp": [0.0626689521259892, 4.104984489146835e-05, 0.0], "k_pid_vsp": [225.63739858111362, 398.6384236099189, 1e-06]}, "datetime": {"datetime": "2025-08-20 22:18:45", "elapsed": 37580.25651717186, "delta": 15.505276441574097}, "costs": {"total_cost": 174.33223724769334, "time_cost": 71.44, "final_distance_cost": 1.8095172825657817, "oscillation_cost": 24.911167648492885, "completition_cost": 0.0, "overshoot_cost": 52.376043566690086, "power_cost": 12.213070751953126, "noise_cost": 11.58243799799146, "n_waypoints_completed": 9, "tot_waypoints": 9}}
{"target": -171.46170882054085, "params": {"k_pid_pos": [1.3194508965219878, 0.0, 0.6270424344436627], "k_pid_alt": [1.9998362189910677, 0.0, 0.0], "k_pid_att": [27.788204265653462, 0.0001, 0.31488948522314714], "k_pid_yaw": [0.5, 1e-06, 0.1], "k_pid_hsp": [0.08286545367288696, 6.424366894946416e-05, 0.0], "k_pid_vsp": [242.14295384348938, 400.0, 1e-06]}, "datetime": {"datetime": "2025-08-20 22:19:02", "elapsed": 37597.039841890335, "delta": 16.783324718475342}, "costs": {"total_cost": 171.46170882054085, "time_cost": 70.664, "final_distance_cost": 1.8033450347590116, "oscillation_cost": 24.992952460230935, "completition_cost": 0.0, "overshoot_cost": 51.244825925033105, "power_cost": 11.570101245117188, "noise_cost": 11.186484155400603, "n_waypoints_completed": 9, "tot_waypoints": 9}}
{"target": -172.80555577685087, "params": {"k_pid_pos": [1.3653974358515355, 0.0, 0.545377709289223], "k_pid_alt": [1.9999177214119659, 0.0, 0.0], "k_pid_att": [58.20433876835921, 0.0001, 0.2872327510840482], "k_pid_yaw": [0.5, 1e-06, 0.1], "k_pid_hsp": [0.09002517197337635, 0.00011355416031135835, 0.0], "k_pid_vsp": [248.55247396640937, 400.0, 1e-06]}, "datetime": {"datetime": "2025-08-20 22:19:18", "elapsed": 37612.68247485161, "delta": 15.642632961273193}, "costs": {"total_cost": 172.80555577685087, "time_cost": 70.424, "final_distance_cost": 1.8078720258096808, "oscillation_cost": 26.159557310542766, "completition_cost": 0.0, "overshoot_cost": 51.06590408716027, "power_cost": 12.06442451171875, "noise_cost": 11.283797841619384, "n_waypoints_completed": 9, "tot_waypoints": 9}}
{"target": -171.1042939014362, "params": {"k_pid_pos": [1.310953564326077, 0.0, 0.6253856414250958], "k_pid_alt": [1.9998858417461343, 0.0, 0.0], "k_pid_att": [26.43258420211767, 0.0001, 0.320163046228409], "k_pid_yaw": [0.5, 1e-06, 0.1], "k_pid_hsp": [0.09006855750475252, 6.230565025628624e-05, 0.0], "k_pid_vsp": [250.13528067640306, 395.30196913667436, 1e-06]}, "datetime": {"datetime": "2025-08-20 22:19:35", "elapsed": 37629.910898923874, "delta": 17.228424072265625}, "costs": {"total_cost": 171.1042939014362, "time_cost": 70.60000000000001, "final_distance_cost": 1.8052068186843466, "oscillation_cost": 24.999745326775813, "completition_cost": 0.0, "overshoot_cost": 51.191986283187816, "power_cost": 11.329136926269532, "noise_cost": 11.178218546518679, "n_waypoints_completed": 9, "tot_waypoints": 9}}
