{"target": -172.20053262709817, "params": {"k_pid_pos": [1.4212435084780857, 0.0, 0.8525603843111174], "k_pid_alt": [2.0, 0.0, 0.0], "k_pid_att": [28.044419681003486, 0.0001, 0.29850406688842845], "k_pid_yaw": [0.5, 1e-06, 0.1], "k_pid_hsp": [0.11006335782502855, 0.0, 0.0], "k_pid_vsp": [243.0746202196919, 366.25665228980785, 1e-06]}, "datetime": {"datetime": "2025-08-20 17:20:00", "elapsed": 19655.05849647522, "delta": 16.23466396331787}, "costs": {"total_cost": 172.20053262709817, "time_cost": 70.968, "final_distance_cost": 1.8415923946620447, "oscillation_cost": 25.024786577490165, "completition_cost": 0.0, "overshoot_cost": 50.94499634678189, "power_cost": 11.920592822265625, "noise_cost": 11.500564485898412, "n_waypoints_completed": 9, "tot_waypoints": 9}}
{"target": -172.34111309941312, "params": {"k_pid_pos": [1.5018167755778078, 0.0, 0.9225996665732468], "k_pid_alt": [2.0, 0.0, 0.0], "k_pid_att": [27.16048450960009, 0.0001, 0.3655518909978639], "k_pid_yaw": [0.5, 1e-06, 0.1], "k_pid_hsp": [0.12245083149891497, 0.0, 0.0], "k_pid_vsp": [249.23109921947716, 285.83636224221925, 1e-06]}, "datetime": {"datetime": "2025-08-20 17:20:16", "elapsed": 19671.118693828583, "delta": 16.060197353363037}, "costs": {"total_cost": 172.34111309941312, "time_cost": 70.96000000000001, "final_distance_cost": 1.8400693723046946, "oscillation_cost": 25.118568818913516, "completition_cost": 0.0, "overshoot_cost": 50.98140463150395, "power_cost": 12.001267297363281, "noise_cost": 11.439802979327652, "n_waypoints_completed": 9, "tot_waypoints": 9}}
{"target": -173.83347693799504, "params": {"k_pid_pos": [1.376255434636469, 0.006895309354896401, 1.0], "k_pid_alt": [2.0, 0.0, 0.0], "k_pid_att": [9.739001009115508, 0.0001, 0.23756711713217027], "k_pid_yaw": [0.5, 1e-06, 0.1], "k_pid_hsp": [0.11796525563036898, 0.00030658078181138905, 0.0], "k_pid_vsp": [281.23924879509207, 276.44058592705727, 1e-06]}, "datetime": {"datetime": "2025-08-20 17:20:33", "elapsed": 19687.696548461914, "delta": 16.5778546333313}, "costs": {"total_cost": 173.83347693799504, "time_cost": 71.808, "final_distance_cost": 1.8411392643162308, "oscillation_cost": 24.840087510632355, "completition_cost": 0.0, "overshoot_cost": 51.124640950899604, "power_cost": 12.40164949951172, "noise_cost": 11.817959712635107, "n_waypoints_completed": 9, "tot_waypoints": 9}}
{"target": -172.65803023733048, "params": {"k_pid_pos": [1.5379969605240293, 0.0, 0.8734864437653171], "k_pid_alt": [1.9755055039053198, 0.0, 0.0], "k_pid_att": [34.16822991210589, 0.0001, 0.20959299014480368], "k_pid_yaw": [0.5, 1e-06, 0.1], "k_pid_hsp": [0.16876585479317968, 7.581400111425804e-05, 0.0], "k_pid_vsp": [274.98273763850415, 262.2948127360621, 1e-06]}, "datetime": {"datetime": "2025-08-20 17:20:48", "elapsed": 19703.02979183197, "delta": 15.333243370056152}, "costs": {"total_cost": 172.65803023733048, "time_cost": 70.688, "final_distance_cost": 1.8359917381144695, "oscillation_cost": 25.904884164103777, "completition_cost": 0.0, "overshoot_cost": 50.60567940990147, "power_cost": 12.13943798828125, "noise_cost": 11.484036936929495, "n_waypoints_completed": 9, "tot_waypoints": 9}}
{"target": -172.4351772565295, "params": {"k_pid_pos": [1.4120526097925095, 0.0, 0.7712304184797212], "k_pid_alt": [2.0, 0.0, 0.0], "k_pid_att": [27.88750789723134, 0.0001, 0.33589612817660947], "k_pid_yaw": [0.5, 1e-06, 0.1], "k_pid_hsp": [0.11355614941500496, 0.0001143386094078471, 0.0], "k_pid_vsp": [258.2542834940515, 351.63643828958936, 1e-06]}, "datetime": {"datetime": "2025-08-20 17:21:05", "elapsed": 19719.56182026863, "delta": 16.532028436660767}, "costs": {"total_cost": 172.4351772565295, "time_cost": 70.728, "final_distance_cost": 1.8293601761510647, "oscillation_cost": 25.389308891804777, "completition_cost": 0.0, "overshoot_cost": 51.009794996094335, "power_cost": 12.072363537597656, "noise_cost": 11.406349654881657, "n_waypoints_completed": 9, "tot_waypoints": 9}}
{"target": -175.39417029239345, "params": {"k_pid_pos": [1.1904445157125934, 0.0, 0.9340438333476976], "k_pid_alt": [2.0, 0.0, 0.0], "k_pid_att": [10.983989064724113, 0.0001, 0.17984113108109961], "k_pid_yaw": [0.5, 1e-06, 0.1], "k_pid_hsp": [0.11838324727106118, 1.1794308970961828e-05, 0.0], "k_pid_vsp": [296.6306178337479, 207.8645955490383, 1e-06]}, "datetime": {"datetime": "2025-08-20 17:21:21", "elapsed": 19735.8155875206, "delta": 16.253767251968384}, "costs": {"total_cost": 175.39417029239345, "time_cost": 73.368, "final_distance_cost": 1.8494907399409517, "oscillation_cost": 24.737476717649578, "completition_cost": 0.0, "overshoot_cost": 51.16783303714731, "power_cost": 12.311681066894533, "noise_cost": 11.959688730761098, "n_waypoints_completed": 9, "tot_waypoints": 9}}
{"target": -173.64669304541457, "params": {"k_pid_pos": [1.9470770196111533, 0.0, 1.0], "k_pid_alt": [2.0, 0.0, 0.0], "k_pid_att": [10.75401855969015, 0.0001, 0.19606370316348026], "k_pid_yaw": [0.5, 1e-06, 0.1], "k_pid_hsp": [0.09593922758475831, 0.00010185156173374867, 0.0], "k_pid_vsp": [254.82132476947217, 330.59823501368083, 1e-06]}, "datetime": {"datetime": "2025-08-20 17:21:36", "elapsed": 19751.535821914673, "delta": 15.720234394073486}, "costs": {"total_cost": 173.64669304541457, "time_cost": 70.056, "final_distance_cost": 1.814108959407956, "oscillation_cost": 27.23690220232227, "completition_cost": 0.0, "overshoot_cost": 51.390586315750205, "power_cost": 11.877674426269532, "noise_cost": 11.271421141664598, "n_waypoints_completed": 9, "tot_waypoints": 9}}
{"target": -173.6338031673181, "params": {"k_pid_pos": [1.5177541947004536, 0.0, 0.857200739062712], "k_pid_alt": [2.0, 0.0, 0.0], "k_pid_att": [35.23743970881784, 0.0001, 0.08647022523815229], "k_pid_yaw": [0.5, 1e-06, 0.1], "k_pid_hsp": [0.1276265421560478, 0.00039290544554385797, 0.0], "k_pid_vsp": [255.05451706422355, 400.0, 1e-06]}, "datetime": {"datetime": "2025-08-20 17:21:53", "elapsed": 19767.635392427444, "delta": 16.099570512771606}, "costs": {"total_cost": 173.6338031673181, "time_cost": 70.68, "final_distance_cost": 1.8299782985697937, "oscillation_cost": 27.39839864640297, "completition_cost": 0.0, "overshoot_cost": 50.58925713233796, "power_cost": 11.795807641601563, "noise_cost": 11.340361448405801, "n_waypoints_completed": 9, "tot_waypoints": 9}}
{"target": -172.64536135797792, "params": {"k_pid_pos": [1.5259587273393973, 0.0, 1.0], "k_pid_alt": [2.0, 0.0, 0.0], "k_pid_att": [18.61179431389887, 0.0001, 0.2693127832839298], "k_pid_yaw": [0.5, 1e-06, 0.1], "k_pid_hsp": [0.12110644416337873, 0.0001312182265219098, 0.0], "k_pid_vsp": [255.5245601162408, 287.2728816614735, 1e-06]}, "datetime": {"datetime": "2025-08-20 17:22:08", "elapsed": 19783.062248945236, "delta": 15.426856517791748}, "costs": {"total_cost": 172.64536135797792, "time_cost": 71.08800000000001, "final_distance_cost": 1.840020088136801, "oscillation_cost": 25.218773013243847, "completition_cost": 0.0, "overshoot_cost": 50.839813570226745, "power_cost": 12.060632287597658, "noise_cost": 11.598122398772846, "n_waypoints_completed": 9, "tot_waypoints": 9}}
{"target": -173.06184842876416, "params": {"k_pid_pos": [1.5919222141661755, 0.0, 0.8559386805050506], "k_pid_alt": [2.0, 0.0, 0.0], "k_pid_att": [17.995046243053952, 0.0001, 0.25929389943082537], "k_pid_yaw": [0.5, 1e-06, 0.1], "k_pid_hsp": [0.12331513807061303, 0.00037088255161084294, 0.0], "k_pid_vsp": [282.70509999945136, 364.95247409127944, 1e-06]}, "datetime": {"datetime": "2025-08-20 17:22:23", "elapsed": 19798.49513554573, "delta": 15.432886600494385}, "costs": {"total_cost": 173.06184842876416, "time_cost": 70.464, "final_distance_cost": 1.82087978189294, "oscillation_cost": 26.036157224608914, "completition_cost": 0.0, "overshoot_cost": 51.399526238005706, "power_cost": 12.006013781738282, "noise_cost": 11.335271402518321, "n_waypoints_completed": 9, "tot_waypoints": 9}}
{"target": -172.18891407018688, "params": {"k_pid_pos": [1.6387018200369452, 0.0, 1.0], "k_pid_alt": [2.0, 0.0, 0.0], "k_pid_att": [15.670419087214942, 0.0001, 0.43712983800447625], "k_pid_yaw": [0.5, 1e-06, 0.1], "k_pid_hsp": [0.12503908932705282, 0.000186811739340134, 0.0], "k_pid_vsp": [252.26329537993232, 380.8888862188809, 1e-06]}, "datetime": {"datetime": "2025-08-20 17:22:39", "elapsed": 19814.133663654327, "delta": 15.638528108596802}, "costs": {"total_cost": 172.18891407018688, "time_cost": 70.68, "final_distance_cost": 1.8339495336091027, "oscillation_cost": 25.6536148121696, "completition_cost": 0.0, "overshoot_cost": 50.50221254008034, "power_cost": 12.007903063964845, "noise_cost": 11.511234120362975, "n_waypoints_completed": 9, "tot_waypoints": 9}}
{"target": -172.57913180097367, "params": {"k_pid_pos": [1.4606994613063677, 0.0, 0.7803888480840987], "k_pid_alt": [2.0, 0.0, 0.0], "k_pid_att": [15.524039969781548, 0.0001, 0.20291383574664407], "k_pid_yaw": [0.5, 1e-06, 0.1], "k_pid_hsp": [0.13014723731175826, 0.0004194298504773811, 0.0], "k_pid_vsp": [274.8168574036223, 370.4017169164115, 1e-06]}, "datetime": {"datetime": "2025-08-20 17:22:55", "elapsed": 19830.03777885437, "delta": 15.904115200042725}, "costs": {"total_cost": 172.57913180097367, "time_cost": 70.552, "final_distance_cost": 1.843669359967603, "oscillation_cost": 25.83284799009089, "completition_cost": 0.0, "overshoot_cost": 50.79985900699937, "power_cost": 12.113133398437501, "noise_cost": 11.43762204547828, "n_waypoints_completed": 9, "tot_waypoints": 9}}
{"target": -173.36886195999105, "params": {"k_pid_pos": [1.666594854103175, 0.0, 0.5813566544308482], "k_pid_alt": [2.0, 0.0, 0.0], "k_pid_att": [16.316300372612748, 0.0001, 0.13685102688962814], "k_pid_yaw": [0.5, 1e-06, 0.1], "k_pid_hsp": [0.14854134454554724, 0.00021243409167866017, 0.0], "k_pid_vsp": [288.2148032098138, 256.2337173734326, 1e-06]}, "datetime": {"datetime": "2025-08-20 17:23:12", "elapsed": 19846.748658657074, "delta": 16.710879802703857}, "costs": {"total_cost": 173.36886195999105, "time_cost": 69.83200000000001, "final_distance_cost": 1.8340553303188083, "oscillation_cost": 27.927042471897234, "completition_cost": 0.0, "overshoot_cost": 50.26067768356639, "power_cost": 12.227648120117188, "noise_cost": 11.287438354091426, "n_waypoints_completed": 9, "tot_waypoints": 9}}
{"target": -171.69257333513133, "params": {"k_pid_pos": [1.377117053378993, 0.0, 0.6823570735061877], "k_pid_alt": [2.0, 0.0, 0.0], "k_pid_att": [33.447050705642866, 0.0001, 0.20099803470285812], "k_pid_yaw": [0.5, 1e-06, 0.1], "k_pid_hsp": [0.11122490322875599, 0.00025934213371027313, 0.0], "k_pid_vsp": [259.50903478004665, 339.9477389911152, 1e-06]}, "datetime": {"datetime": "2025-08-20 17:23:27", "elapsed": 19861.758115530014, "delta": 15.009456872940063}, "costs": {"total_cost": 171.69257333513133, "time_cost": 70.608, "final_distance_cost": 1.8158418791518374, "oscillation_cost": 25.478560550918306, "completition_cost": 0.0, "overshoot_cost": 50.81933944431572, "power_cost": 11.65024013671875, "noise_cost": 11.320591324026738, "n_waypoints_completed": 9, "tot_waypoints": 9}}
{"target": -172.5946769772509, "params": {"k_pid_pos": [1.5430010941662506, 0.0, 0.6351629705061237], "k_pid_alt": [1.9825691824408764, 0.0, 0.0], "k_pid_att": [28.380698688397523, 0.0001, 0.375701122753768], "k_pid_yaw": [0.5, 1e-06, 0.1], "k_pid_hsp": [0.12672812408923265, 0.0003375181967208744, 0.0], "k_pid_vsp": [261.5532697299848, 371.754621492155, 1e-06]}, "datetime": {"datetime": "2025-08-20 17:23:42", "elapsed": 19877.118931293488, "delta": 15.36081576347351}, "costs": {"total_cost": 172.5946769772509, "time_cost": 70.056, "final_distance_cost": 1.8281219806464446, "oscillation_cost": 26.75596957578858, "completition_cost": 0.0, "overshoot_cost": 50.73363686043991, "power_cost": 12.007028076171876, "noise_cost": 11.213920484204094, "n_waypoints_completed": 9, "tot_waypoints": 9}}
{"target": -172.098730439118, "params": {"k_pid_pos": [1.456249184362189, 0.0, 0.7961097815625456], "k_pid_alt": [2.0, 0.0, 0.0], "k_pid_att": [15.06755252376744, 0.0001, 0.12453499770826001], "k_pid_yaw": [0.5, 1e-06, 0.1], "k_pid_hsp": [0.11544739461502579, 7.135758609940111e-05, 0.0], "k_pid_vsp": [264.73833742416286, 329.0934250261956, 1e-06]}, "datetime": {"datetime": "2025-08-20 17:23:58", "elapsed": 19893.332027435303, "delta": 16.213096141815186}, "costs": {"total_cost": 172.098730439118, "time_cost": 70.648, "final_distance_cost": 1.8326739869286293, "oscillation_cost": 25.508469185029874, "completition_cost": 0.0, "overshoot_cost": 50.6526289468505, "power_cost": 11.95821953125, "noise_cost": 11.498738789058978, "n_waypoints_completed": 9, "tot_waypoints": 9}}
{"target": -171.6088777661937, "params": {"k_pid_pos": [1.3826828048134354, 0.0, 0.7971922643719714], "k_pid_alt": [1.9997013230992902, 0.0, 0.0], "k_pid_att": [25.357904325832553, 0.0001, 0.31170363029733833], "k_pid_yaw": [0.5, 1e-06, 0.1], "k_pid_hsp": [0.12151822832051684, 0.00022396781558269672, 0.0], "k_pid_vsp": [230.96367285327304, 368.3311606918194, 1e-06]}, "datetime": {"datetime": "2025-08-20 17:24:13", "elapsed": 19908.38942217827, "delta": 15.057394742965698}, "costs": {"total_cost": 171.6088777661937, "time_cost": 70.88, "final_distance_cost": 1.8448618501440073, "oscillation_cost": 25.12983397844116, "completition_cost": 0.0, "overshoot_cost": 50.72333944874202, "power_cost": 11.710105395507814, "noise_cost": 11.320737093358716, "n_waypoints_completed": 9, "tot_waypoints": 9}}
{"target": -172.62395181646215, "params": {"k_pid_pos": [1.464072466558384, 0.0, 0.9196082807111556], "k_pid_alt": [2.0, 0.0, 0.0], "k_pid_att": [30.92470516481499, 0.0001, 0.20517987098690627], "k_pid_yaw": [0.5, 1e-06, 0.1], "k_pid_hsp": [0.11487749094359136, 5.592470893667806e-05, 0.0], "k_pid_vsp": [254.81354036884915, 368.56409121539804, 1e-06]}, "datetime": {"datetime": "2025-08-20 17:24:30", "elapsed": 19924.82775735855, "delta": 16.438335180282593}, "costs": {"total_cost": 172.62395181646215, "time_cost": 71.048, "final_distance_cost": 1.8437856816355591, "oscillation_cost": 25.37539396583166, "completition_cost": 0.0, "overshoot_cost": 50.9627804908906, "power_cost": 11.807676477050782, "noise_cost": 11.586315201053536, "n_waypoints_completed": 9, "tot_waypoints": 9}}
{"target": -173.55825707992636, "params": {"k_pid_pos": [1.7724495336624704, 0.0, 0.9515241790375677], "k_pid_alt": [1.8835009317713882, 0.0, 0.0], "k_pid_att": [22.289083159804903, 0.0001, 0.2159226863852371], "k_pid_yaw": [0.5, 1e-06, 0.1], "k_pid_hsp": [0.12478866059107696, 0.0002216509817766497, 0.0], "k_pid_vsp": [243.79101219542477, 267.4684884027058, 1e-06]}, "datetime": {"datetime": "2025-08-20 17:24:46", "elapsed": 19940.716039180756, "delta": 15.88828182220459}, "costs": {"total_cost": 173.55825707992636, "time_cost": 70.24, "final_distance_cost": 1.8193537851968675, "oscillation_cost": 26.662715612790524, "completition_cost": 0.0, "overshoot_cost": 51.15958093405089, "power_cost": 12.232724584960938, "noise_cost": 11.44388216292715, "n_waypoints_completed": 9, "tot_waypoints": 9}}
{"target": -172.8536744152425, "params": {"k_pid_pos": [1.5838655778371555, 0.007691912927814428, 0.8687049630828225], "k_pid_alt": [2.0, 0.0, 0.0], "k_pid_att": [11.95480818570762, 0.0001, 0.385401309677547], "k_pid_yaw": [0.5, 1e-06, 0.1], "k_pid_hsp": [0.11651687280477345, 0.00027938889451807635, 0.0], "k_pid_vsp": [300.77055274257134, 223.9375803568289, 1e-06]}, "datetime": {"datetime": "2025-08-20 17:25:01", "elapsed": 19955.988404989243, "delta": 15.272365808486938}, "costs": {"total_cost": 172.8536744152425, "time_cost": 70.56, "final_distance_cost": 1.8184502881744027, "oscillation_cost": 25.71413154960416, "completition_cost": 0.0, "overshoot_cost": 50.85723434820488, "power_cost": 12.227268774414062, "noise_cost": 11.676589454844992, "n_waypoints_completed": 9, "tot_waypoints": 9}}
{"target": -173.17647441916637, "params": {"k_pid_pos": [1.509016453670959, 0.0, 1.0], "k_pid_alt": [2.0, 0.0, 0.0], "k_pid_att": [19.032972978941526, 0.0001, 0.059585590723473913], "k_pid_yaw": [0.5, 1e-06, 0.1], "k_pid_hsp": [0.12203770526373219, 0.0024323774002621245, 0.0], "k_pid_vsp": [281.311212822124, 294.4755283835325, 1e-06]}, "datetime": {"datetime": "2025-08-20 17:25:16", "elapsed": 19971.491654872894, "delta": 15.503249883651733}, "costs": {"total_cost": 173.17647441916637, "time_cost": 71.0, "final_distance_cost": 1.8355554832465206, "oscillation_cost": 25.737994435379253, "completition_cost": 0.0, "overshoot_cost": 50.9668142414021, "power_cost": 12.091389172363282, "noise_cost": 11.544721086775224, "n_waypoints_completed": 9, "tot_waypoints": 9}}
{"target": -172.75397045029067, "params": {"k_pid_pos": [1.6068396131647107, 0.0, 0.9539167743553985], "k_pid_alt": [2.0, 0.0, 0.0], "k_pid_att": [27.825977160610737, 0.0001, 0.27001564054126415], "k_pid_yaw": [0.5, 1e-06, 0.1], "k_pid_hsp": [0.17034103699632203, 0.00034615329384865085, 0.0], "k_pid_vsp": [318.5707587643306, 297.56101899172313, 1e-06]}, "datetime": {"datetime": "2025-08-20 17:25:33", "elapsed": 19987.580411672592, "delta": 16.088756799697876}, "costs": {"total_cost": 172.75397045029067, "time_cost": 70.72, "final_distance_cost": 1.8462858375416753, "oscillation_cost": 25.83422614967929, "completition_cost": 0.0, "overshoot_cost": 50.64231307869635, "power_cost": 12.169447900390626, "noise_cost": 11.541697483982727, "n_waypoints_completed": 9, "tot_waypoints": 9}}
{"target": -172.74091583822292, "params": {"k_pid_pos": [1.5567692480080222, 0.0, 0.9518705866818501], "k_pid_alt": [2.0, 0.0, 0.0], "k_pid_att": [19.350983467218192, 0.0001, 0.08192293790471028], "k_pid_yaw": [0.5, 1e-06, 0.1], "k_pid_hsp": [0.13063264114173231, 0.0002637601741036738, 0.0], "k_pid_vsp": [278.6483118213973, 308.0795105187461, 1e-06]}, "datetime": {"datetime": "2025-08-20 17:25:49", "elapsed": 20004.124594688416, "delta": 16.544183015823364}, "costs": {"total_cost": 172.74091583822292, "time_cost": 70.808, "final_distance_cost": 1.8343195046704701, "oscillation_cost": 25.99771067207458, "completition_cost": 0.0, "overshoot_cost": 50.61441755609852, "power_cost": 11.979589575195313, "noise_cost": 11.50687853018402, "n_waypoints_completed": 9, "tot_waypoints": 9}}
{"target": -172.82118504679838, "params": {"k_pid_pos": [1.5108020867219651, 0.0, 0.9836064837704118], "k_pid_alt": [2.0, 0.0, 0.0], "k_pid_att": [10.716201132351541, 0.0001, 0.2293661748664104], "k_pid_yaw": [0.5, 1e-06, 0.1], "k_pid_hsp": [0.1500778672111553, 2.9194490811044302e-05, 0.0], "k_pid_vsp": [270.2151240934895, 273.6046367139055, 1e-06]}, "datetime": {"datetime": "2025-08-20 17:26:05", "elapsed": 20019.90089058876, "delta": 15.776295900344849}, "costs": {"total_cost": 172.82118504679838, "time_cost": 71.048, "final_distance_cost": 1.8367855092668617, "oscillation_cost": 25.729212766286278, "completition_cost": 0.0, "overshoot_cost": 50.50875622838614, "power_cost": 12.054990649414064, "noise_cost": 11.643439893445011, "n_waypoints_completed": 9, "tot_waypoints": 9}}
{"target": -172.45834417741617, "params": {"k_pid_pos": [1.4785851113588795, 0.0, 0.937402652893169], "k_pid_alt": [2.0, 0.0, 0.0], "k_pid_att": [25.717300344140412, 0.0001, 0.2245850848992936], "k_pid_yaw": [0.5, 1e-06, 0.1], "k_pid_hsp": [0.09716014043611784, 0.00014466149115478723, 0.0], "k_pid_vsp": [264.15733159829483, 400.0, 1e-06]}, "datetime": {"datetime": "2025-08-20 17:26:20", "elapsed": 20034.90330505371, "delta": 15.002414464950562}, "costs": {"total_cost": 172.45834417741617, "time_cost": 71.016, "final_distance_cost": 1.829931226553954, "oscillation_cost": 24.937720014928136, "completition_cost": 0.0, "overshoot_cost": 51.46762040639499, "power_cost": 11.86743515625, "noise_cost": 11.339637373289102, "n_waypoints_completed": 9, "tot_waypoints": 9}}
{"target": -172.65334374198005, "params": {"k_pid_pos": [1.5187883454447448, 0.0, 0.7363474987996149], "k_pid_alt": [2.0, 0.0, 0.0], "k_pid_att": [34.5935722493291, 0.0001, 0.28563753492979943], "k_pid_yaw": [0.5, 1e-06, 0.1], "k_pid_hsp": [0.12515371413447174, 0.0003197985495595496, 0.0], "k_pid_vsp": [248.7040092467714, 364.86857265486447, 1e-06]}, "datetime": {"datetime": "2025-08-20 17:26:37", "elapsed": 20051.789576292038, "delta": 16.886271238327026}, "costs": {"total_cost": 172.65334374198005, "time_cost": 70.368, "final_distance_cost": 1.8338261163816163, "oscillation_cost": 26.087497235921607, "completition_cost": 0.0, "overshoot_cost": 51.067973331656376, "power_cost": 11.940693334960939, "noise_cost": 11.355353723059531, "n_waypoints_completed": 9, "tot_waypoints": 9}}
{"target": -173.41873687334103, "params": {"k_pid_pos": [1.5544272649212172, 0.0, 0.8089460004741137], "k_pid_alt": [2.0, 0.0, 0.0], "k_pid_att": [16.300142308081508, 0.0001, 0.21126808441285927], "k_pid_yaw": [0.5, 1e-06, 0.1], "k_pid_hsp": [0.11465253630928739, 0.0002494566426177366, 0.0], "k_pid_vsp": [280.28994567222276, 267.59943494123274, 1e-06]}, "datetime": {"datetime": "2025-08-20 17:26:52", "elapsed": 20066.967379570007, "delta": 15.17780327796936}, "costs": {"total_cost": 173.41873687334103, "time_cost": 70.464, "final_distance_cost": 1.830327720062703, "oscillation_cost": 25.827788309880784, "completition_cost": 0.0, "overshoot_cost": 51.74109466965621, "power_cost": 12.138842578125, "noise_cost": 11.416683595616329, "n_waypoints_completed": 9, "tot_waypoints": 9}}
