{"target": -173.48383968967667, "params": {"k_pid_pos": [1.557229033552343, 0.0, 0.8656640651855241], "k_pid_alt": [2.0, 0.0, 0.0], "k_pid_att": [64.1454823659519, 0.0001, 0.512797902196843], "k_pid_yaw": [0.5, 1e-06, 0.1], "k_pid_hsp": [0.1286786600735327, 0.0002146978329543826, 0.0], "k_pid_vsp": [269.5836978604475, 301.0301733653427, 1e-06]}, "datetime": {"datetime": "2025-08-20 18:10:15", "elapsed": 22670.049835443497, "delta": 15.561451196670532}, "costs": {"total_cost": 173.48383968967667, "time_cost": 70.72, "final_distance_cost": 1.8251032225088135, "oscillation_cost": 26.31966112558795, "completition_cost": 0.0, "overshoot_cost": 50.826582879375536, "power_cost": 12.268811987304687, "noise_cost": 11.5236804748997, "n_waypoints_completed": 9, "tot_waypoints": 9}}
{"target": -172.14677137044947, "params": {"k_pid_pos": [1.4319354085601026, 0.0, 0.781837961746691], "k_pid_alt": [2.0, 0.0, 0.0], "k_pid_att": [25.67428341600047, 0.0001, 0.24966585164765326], "k_pid_yaw": [0.5, 1e-06, 0.1], "k_pid_hsp": [0.10975667947957662, 0.00017785726364590585, 0.0], "k_pid_vsp": [252.01811574820988, 357.3041276915687, 1e-06]}, "datetime": {"datetime": "2025-08-20 18:10:30", "elapsed": 22685.302489042282, "delta": 15.2526535987854}, "costs": {"total_cost": 172.14677137044947, "time_cost": 70.696, "final_distance_cost": 1.8311144871310985, "oscillation_cost": 25.337625445674202, "completition_cost": 0.0, "overshoot_cost": 50.99413706826597, "power_cost": 11.896038537597656, "noise_cost": 11.391855831780546, "n_waypoints_completed": 9, "tot_waypoints": 9}}
{"target": -172.28400459087607, "params": {"k_pid_pos": [1.3545649405060793, 0.0, 0.7349815523853351], "k_pid_alt": [2.0, 0.0, 0.0], "k_pid_att": [29.576842827150543, 0.0001, 0.19435131778917258], "k_pid_yaw": [0.5, 1e-06, 0.1], "k_pid_hsp": [0.11852823612413649, 0.0002338335518574578, 0.0], "k_pid_vsp": [251.62616484374996, 251.96801018342546, 1e-06]}, "datetime": {"datetime": "2025-08-20 18:10:46", "elapsed": 22701.317074775696, "delta": 16.014585733413696}, "costs": {"total_cost": 172.28400459087607, "time_cost": 70.848, "final_distance_cost": 1.842747542745601, "oscillation_cost": 25.11883727455438, "completition_cost": 0.0, "overshoot_cost": 51.317769112318764, "power_cost": 11.742061376953126, "noise_cost": 11.414589284304173, "n_waypoints_completed": 9, "tot_waypoints": 9}}
{"target": -172.91057334608186, "params": {"k_pid_pos": [1.4863325762830149, 0.0, 0.6276459540749071], "k_pid_alt": [2.0, 0.0, 0.0], "k_pid_att": [21.03275642654622, 0.0001, 0.20482820336037666], "k_pid_yaw": [0.5, 1e-06, 0.1], "k_pid_hsp": [0.10186307345139237, 0.00012880245470987402, 0.0], "k_pid_vsp": [263.1771006747681, 378.42388234465926, 1e-06]}, "datetime": {"datetime": "2025-08-20 18:11:02", "elapsed": 22717.035267591476, "delta": 15.71819281578064}, "costs": {"total_cost": 172.91057334608186, "time_cost": 70.16, "final_distance_cost": 1.8291565772078409, "oscillation_cost": 26.485538511383684, "completition_cost": 0.0, "overshoot_cost": 51.21839736880616, "power_cost": 11.88479453125, "noise_cost": 11.332686357434158, "n_waypoints_completed": 9, "tot_waypoints": 9}}
{"target": -172.6033637837328, "params": {"k_pid_pos": [1.4636385934065603, 0.0, 0.9005092438890508], "k_pid_alt": [1.96486316069264, 0.0, 0.0], "k_pid_att": [21.72674185528974, 0.0001, 0.3528767447267467], "k_pid_yaw": [0.5, 1e-06, 0.1], "k_pid_hsp": [0.07937239075898098, 0.0002475268811148691, 0.0], "k_pid_vsp": [262.19779497292654, 342.59796641891484, 1e-06]}, "datetime": {"datetime": "2025-08-20 18:11:18", "elapsed": 22733.11185693741, "delta": 16.076589345932007}, "costs": {"total_cost": 172.6033637837328, "time_cost": 70.96000000000001, "final_distance_cost": 1.8045201963929338, "oscillation_cost": 24.879333688884074, "completition_cost": 0.0, "overshoot_cost": 51.37562594740159, "power_cost": 12.082701879882814, "noise_cost": 11.50118207117137, "n_waypoints_completed": 9, "tot_waypoints": 9}}
{"target": -172.20514345460174, "params": {"k_pid_pos": [1.3999944418995551, 0.0, 0.7230777937078688], "k_pid_alt": [2.0, 0.0, 0.0], "k_pid_att": [26.399620212390072, 0.0001, 0.32061880166202306], "k_pid_yaw": [0.5, 1e-06, 0.1], "k_pid_hsp": [0.11286907770696815, 0.0001640970234751233, 0.0], "k_pid_vsp": [260.18630557079604, 367.48859552793175, 1e-06]}, "datetime": {"datetime": "2025-08-20 18:11:34", "elapsed": 22749.24367904663, "delta": 16.131822109222412}, "costs": {"total_cost": 172.20514345460174, "time_cost": 70.624, "final_distance_cost": 1.8400440507280835, "oscillation_cost": 25.41224128004249, "completition_cost": 0.0, "overshoot_cost": 50.81236358838921, "power_cost": 12.083698547363282, "noise_cost": 11.432795988078675, "n_waypoints_completed": 9, "tot_waypoints": 9}}
{"target": -172.8829017442178, "params": {"k_pid_pos": [1.391149346348997, 0.0, 0.9128776072395417], "k_pid_alt": [1.9998735382703718, 0.0, 0.0], "k_pid_att": [14.929760879079414, 0.0001, 0.3087331364519634], "k_pid_yaw": [0.5, 1e-06, 0.1], "k_pid_hsp": [0.1280049808055736, 0.00026113925679021455, 0.0], "k_pid_vsp": [240.59323782248086, 357.88452027727635, 1e-06]}, "datetime": {"datetime": "2025-08-20 18:11:50", "elapsed": 22764.60367679596, "delta": 15.359997749328613}, "costs": {"total_cost": 172.8829017442178, "time_cost": 71.296, "final_distance_cost": 1.846297443224171, "oscillation_cost": 25.207580927354687, "completition_cost": 0.0, "overshoot_cost": 50.88486445424129, "power_cost": 12.040203417968751, "noise_cost": 11.607955501428913, "n_waypoints_completed": 9, "tot_waypoints": 9}}
{"target": -172.8500352479201, "params": {"k_pid_pos": [1.43600060959073, 0.0, 0.7001038783752225], "k_pid_alt": [2.0, 0.0, 0.0], "k_pid_att": [22.909095296227626, 0.0001, 0.33756299263960854], "k_pid_yaw": [0.5, 1e-06, 0.1], "k_pid_hsp": [0.12245691221863202, 0.0002872850198959691, 0.0], "k_pid_vsp": [246.01048054462638, 359.4230386953184, 1e-06]}, "datetime": {"datetime": "2025-08-20 18:12:06", "elapsed": 22780.561350107193, "delta": 15.95767331123352}, "costs": {"total_cost": 172.8500352479201, "time_cost": 70.456, "final_distance_cost": 1.8258137974412785, "oscillation_cost": 25.90541157411463, "completition_cost": 0.0, "overshoot_cost": 51.292219381764916, "power_cost": 11.983479235839845, "noise_cost": 11.387111258759434, "n_waypoints_completed": 9, "tot_waypoints": 9}}
{"target": -173.76744406984807, "params": {"k_pid_pos": [1.8881219735766526, 0.0, 1.0], "k_pid_alt": [2.0, 0.0, 0.0], "k_pid_att": [7.093196006077845, 0.0001, 0.47407403891826416], "k_pid_yaw": [0.5, 1e-06, 0.1], "k_pid_hsp": [0.1484349667303162, 0.00014575530767079202, 0.0], "k_pid_vsp": [275.62101427508014, 359.74849792579175, 1e-06]}, "datetime": {"datetime": "2025-08-20 18:12:21", "elapsed": 22795.959577560425, "delta": 15.398227453231812}, "costs": {"total_cost": 173.76744406984807, "time_cost": 70.104, "final_distance_cost": 1.8282785120206484, "oscillation_cost": 27.735400616606544, "completition_cost": 0.0, "overshoot_cost": 50.717708035501765, "power_cost": 12.030876123046875, "noise_cost": 11.351180782672227, "n_waypoints_completed": 9, "tot_waypoints": 9}}
{"target": -172.47111598677475, "params": {"k_pid_pos": [1.5437137665830603, 0.0, 0.8830075198756785], "k_pid_alt": [2.0, 0.0, 0.0], "k_pid_att": [36.32357470936963, 0.0001, 0.49058697064888895], "k_pid_yaw": [0.5, 1e-06, 0.1], "k_pid_hsp": [0.1177271932741595, 0.000316206434875291, 0.0], "k_pid_vsp": [240.00950092576298, 400.0, 1e-06]}, "datetime": {"datetime": "2025-08-20 18:12:36", "elapsed": 22811.22233891487, "delta": 15.262761354446411}, "costs": {"total_cost": 172.47111598677475, "time_cost": 70.664, "final_distance_cost": 1.8374887637257158, "oscillation_cost": 25.58399917670522, "completition_cost": 0.0, "overshoot_cost": 50.73265467787339, "power_cost": 12.171445227050782, "noise_cost": 11.48152814141962, "n_waypoints_completed": 9, "tot_waypoints": 9}}
{"target": -171.99258086426403, "params": {"k_pid_pos": [1.4628164392772338, 0.0, 0.7788183381698804], "k_pid_alt": [2.0, 0.0, 0.0], "k_pid_att": [40.55678219104169, 0.0001, 0.14303435014630844], "k_pid_yaw": [0.5, 1e-06, 0.1], "k_pid_hsp": [0.12060271483986255, 2.753713618350572e-05, 0.0], "k_pid_vsp": [264.34736794544665, 311.2995248802822, 1e-06]}, "datetime": {"datetime": "2025-08-20 18:12:53", "elapsed": 22828.514150619507, "delta": 17.29181170463562}, "costs": {"total_cost": 171.99258086426403, "time_cost": 70.688, "final_distance_cost": 1.8256296074698215, "oscillation_cost": 25.950624439684184, "completition_cost": 0.0, "overshoot_cost": 50.61679298042428, "power_cost": 11.651161242675782, "noise_cost": 11.260372594009972, "n_waypoints_completed": 9, "tot_waypoints": 9}}
{"target": -172.29545183783276, "params": {"k_pid_pos": [1.46439369125336, 0.0, 0.9083659249283861], "k_pid_alt": [2.0, 0.0, 0.0], "k_pid_att": [36.04296320281837, 0.0001, 0.32668155527989773], "k_pid_yaw": [0.5, 1e-06, 0.1], "k_pid_hsp": [0.10280208823587281, 0.00020802118367938097, 0.0], "k_pid_vsp": [312.0323526956968, 388.87435515965154, 1e-06]}, "datetime": {"datetime": "2025-08-20 18:13:09", "elapsed": 22843.797334432602, "delta": 15.283183813095093}, "costs": {"total_cost": 172.29545183783276, "time_cost": 70.992, "final_distance_cost": 1.8235753149820968, "oscillation_cost": 25.053777509372875, "completition_cost": 0.0, "overshoot_cost": 51.04288899215346, "power_cost": 11.904566552734375, "noise_cost": 11.478643468589945, "n_waypoints_completed": 9, "tot_waypoints": 9}}
{"target": -175.23786631688216, "params": {"k_pid_pos": [1.6206049994360363, 0.0, 0.8738378441163597], "k_pid_alt": [2.0, 0.0, 0.0], "k_pid_att": [16.715557683786542, 0.0001, 0.0], "k_pid_yaw": [0.5, 1e-06, 0.1], "k_pid_hsp": [0.1277406524487142, 0.00022294460496825739, 0.0], "k_pid_vsp": [268.34158994364606, 354.05868334328125, 1e-06]}, "datetime": {"datetime": "2025-08-20 18:13:25", "elapsed": 22859.95796060562, "delta": 16.16062617301941}, "costs": {"total_cost": 175.23786631688216, "time_cost": 70.432, "final_distance_cost": 1.8358880809700897, "oscillation_cost": 28.270081584215212, "completition_cost": 0.0, "overshoot_cost": 51.084723376460715, "power_cost": 12.136643811035157, "noise_cost": 11.47852946420099, "n_waypoints_completed": 9, "tot_waypoints": 9}}
{"target": -172.43605149163386, "params": {"k_pid_pos": [1.469028540322704, 0.0, 0.8435289828625604], "k_pid_alt": [2.0, 0.0, 0.0], "k_pid_att": [25.119593116521408, 0.0001, 0.3287301040437031], "k_pid_yaw": [0.5, 1e-06, 0.1], "k_pid_hsp": [0.08733793655026914, 0.00025850352673227985, 0.0], "k_pid_vsp": [254.29687617853224, 285.1712511238957, 1e-06]}, "datetime": {"datetime": "2025-08-20 18:13:40", "elapsed": 22875.26776409149, "delta": 15.309803485870361}, "costs": {"total_cost": 172.43605149163386, "time_cost": 70.8, "final_distance_cost": 1.8345290442430295, "oscillation_cost": 25.068999139104818, "completition_cost": 0.0, "overshoot_cost": 51.66495080646908, "power_cost": 11.7080779296875, "noise_cost": 11.359494572129433, "n_waypoints_completed": 9, "tot_waypoints": 9}}
{"target": -173.65581324308775, "params": {"k_pid_pos": [1.479768699188365, 0.0, 0.582494344106155], "k_pid_alt": [2.0, 0.0, 0.0], "k_pid_att": [26.23044042124297, 0.0001, 0.32422474602378215], "k_pid_yaw": [0.5, 1e-06, 0.1], "k_pid_hsp": [0.1326561512820997, 0.00016846142490004466, 0.0], "k_pid_vsp": [252.31713251486826, 388.3804801522822, 1e-06]}, "datetime": {"datetime": "2025-08-20 18:13:56", "elapsed": 22891.071005105972, "delta": 15.80324101448059}, "costs": {"total_cost": 173.65581324308775, "time_cost": 70.096, "final_distance_cost": 1.8172408116121972, "oscillation_cost": 26.839961273880807, "completition_cost": 0.0, "overshoot_cost": 51.2886109309402, "power_cost": 12.215891479492187, "noise_cost": 11.398108747162361, "n_waypoints_completed": 9, "tot_waypoints": 9}}
{"target": -172.15017806183502, "params": {"k_pid_pos": [1.3297716484584552, 0.0, 0.7114711082718228], "k_pid_alt": [2.0, 0.0, 0.0], "k_pid_att": [21.647455099909507, 0.0001, 0.20835135661052395], "k_pid_yaw": [0.5, 1e-06, 0.1], "k_pid_hsp": [0.11075124745504467, 0.0003021132429525008, 0.0], "k_pid_vsp": [252.06666163956757, 357.0061968052883, 1e-06]}, "datetime": {"datetime": "2025-08-20 18:14:13", "elapsed": 22907.595994472504, "delta": 16.524989366531372}, "costs": {"total_cost": 172.15017806183502, "time_cost": 70.768, "final_distance_cost": 1.833927599848588, "oscillation_cost": 25.289711026939838, "completition_cost": 0.0, "overshoot_cost": 51.10681770360195, "power_cost": 11.840369567871095, "noise_cost": 11.311352163573542, "n_waypoints_completed": 9, "tot_waypoints": 9}}
{"target": -172.08245636046257, "params": {"k_pid_pos": [1.4799523206496272, 0.0, 0.7850103023533029], "k_pid_alt": [2.0, 0.0, 0.0], "k_pid_att": [26.338574451460687, 0.0001, 0.27433921942420975], "k_pid_yaw": [0.5, 1e-06, 0.1], "k_pid_hsp": [0.10063781200645978, 2.820471333367486e-05, 0.0], "k_pid_vsp": [263.25256172241484, 369.3182100957688, 1e-06]}, "datetime": {"datetime": "2025-08-20 18:14:28", "elapsed": 22923.534974575043, "delta": 15.938980102539062}, "costs": {"total_cost": 172.08245636046257, "time_cost": 70.568, "final_distance_cost": 1.8338795299433677, "oscillation_cost": 25.602216569277623, "completition_cost": 0.0, "overshoot_cost": 50.967990334480675, "power_cost": 11.797418103027344, "noise_cost": 11.312951823733554, "n_waypoints_completed": 9, "tot_waypoints": 9}}
{"target": -173.65442770133396, "params": {"k_pid_pos": [1.5285615779598696, 0.0, 0.773726146179206], "k_pid_alt": [2.0, 0.0, 0.0], "k_pid_att": [27.102715459562344, 0.0001, 0.27444090514401936], "k_pid_yaw": [0.5, 1e-06, 0.1], "k_pid_hsp": [0.11628654365752024, 0.0002241229120047023, 0.0], "k_pid_vsp": [257.49791479584275, 320.2577292039629, 1e-06]}, "datetime": {"datetime": "2025-08-20 18:14:46", "elapsed": 22940.64885878563, "delta": 17.113884210586548}, "costs": {"total_cost": 173.65442770133396, "time_cost": 70.456, "final_distance_cost": 1.8267742216443985, "oscillation_cost": 25.951491314743542, "completition_cost": 0.0, "overshoot_cost": 51.72416465408527, "power_cost": 12.215915466308594, "noise_cost": 11.480082044552155, "n_waypoints_completed": 9, "tot_waypoints": 9}}
{"target": -172.13525572841797, "params": {"k_pid_pos": [1.4302698121337685, 0.0, 0.7353959413137298], "k_pid_alt": [1.7867114187063589, 0.0, 0.0], "k_pid_att": [38.80620890220391, 0.0001, 0.29651958373104526], "k_pid_yaw": [0.5, 1e-06, 0.1], "k_pid_hsp": [0.1393669307855158, 3.3737319730262345e-05, 0.0], "k_pid_vsp": [232.75163062305802, 302.0785749229586, 1e-06]}, "datetime": {"datetime": "2025-08-20 18:15:01", "elapsed": 22955.715952157974, "delta": 15.06709337234497}, "costs": {"total_cost": 172.13525572841797, "time_cost": 70.432, "final_distance_cost": 1.8366679985464927, "oscillation_cost": 26.145806948548916, "completition_cost": 0.0, "overshoot_cost": 50.53706078795227, "power_cost": 11.8654232421875, "noise_cost": 11.318296751182787, "n_waypoints_completed": 9, "tot_waypoints": 9}}
{"target": -172.4000656842918, "params": {"k_pid_pos": [1.5338199986554315, 0.0, 0.8038853786165762], "k_pid_alt": [2.0, 0.0, 0.0], "k_pid_att": [20.815425816956015, 0.0001, 0.30639010582241477], "k_pid_yaw": [0.5, 1e-06, 0.1], "k_pid_hsp": [0.10608050215608926, 6.228135763272462e-05, 0.0], "k_pid_vsp": [265.6898006787427, 179.6383351773428, 1e-06]}, "datetime": {"datetime": "2025-08-20 18:15:17", "elapsed": 22971.67183327675, "delta": 15.955881118774414}, "costs": {"total_cost": 172.4000656842918, "time_cost": 70.672, "final_distance_cost": 1.8133227095732865, "oscillation_cost": 25.35597138018491, "completition_cost": 0.0, "overshoot_cost": 51.220637684321765, "power_cost": 11.951310363769531, "noise_cost": 11.38682354644231, "n_waypoints_completed": 9, "tot_waypoints": 9}}
{"target": -172.6090693549077, "params": {"k_pid_pos": [1.4377551736305163, 0.0, 0.767087559259811], "k_pid_alt": [2.0, 0.0, 0.0], "k_pid_att": [25.299822428378537, 0.0001, 0.14337811275399598], "k_pid_yaw": [0.5, 1e-06, 0.1], "k_pid_hsp": [0.11924970855381584, 0.0003011093535914898, 0.0], "k_pid_vsp": [280.2692297357576, 358.4516727518007, 1e-06]}, "datetime": {"datetime": "2025-08-20 18:15:33", "elapsed": 22987.69898366928, "delta": 16.02715039253235}, "costs": {"total_cost": 172.6090693549077, "time_cost": 70.616, "final_distance_cost": 1.8261570164074135, "oscillation_cost": 25.790817058471, "completition_cost": 0.0, "overshoot_cost": 50.64210618839024, "power_cost": 12.236215515136719, "noise_cost": 11.49777357650233, "n_waypoints_completed": 9, "tot_waypoints": 9}}
{"target": -172.38450100101437, "params": {"k_pid_pos": [1.4406537953415262, 0.0, 0.8561552618750943], "k_pid_alt": [2.0, 0.0, 0.0], "k_pid_att": [24.64530580815659, 0.0001, 0.2853126874242279], "k_pid_yaw": [0.5, 1e-06, 0.1], "k_pid_hsp": [0.11264616645205036, 0.00032945960045783254, 0.0], "k_pid_vsp": [253.78371881540943, 293.26281203888504, 1e-06]}, "datetime": {"datetime": "2025-08-20 18:15:48", "elapsed": 23003.477742433548, "delta": 15.778758764266968}, "costs": {"total_cost": 172.38450100101437, "time_cost": 70.936, "final_distance_cost": 1.832785768552702, "oscillation_cost": 24.918121953428233, "completition_cost": 0.0, "overshoot_cost": 50.72761171742644, "power_cost": 12.35130301513672, "noise_cost": 11.618678546470292, "n_waypoints_completed": 9, "tot_waypoints": 9}}
{"target": -172.35039118988752, "params": {"k_pid_pos": [1.478903296577954, 0.0, 0.6842065125830399], "k_pid_alt": [2.0, 0.0, 0.0], "k_pid_att": [28.001310084139018, 0.0001, 0.242240467653005], "k_pid_yaw": [0.5, 1e-06, 0.1], "k_pid_hsp": [0.12152353161270309, 0.00036724583370661816, 0.0], "k_pid_vsp": [248.3093786038853, 400.0, 1e-06]}, "datetime": {"datetime": "2025-08-20 18:16:05", "elapsed": 23020.413956165314, "delta": 16.936213731765747}, "costs": {"total_cost": 172.35039118988752, "time_cost": 70.328, "final_distance_cost": 1.838692835786761, "oscillation_cost": 26.239258558416505, "completition_cost": 0.0, "overshoot_cost": 51.03117977577581, "power_cost": 11.646792004394532, "noise_cost": 11.26646801551392, "n_waypoints_completed": 9, "tot_waypoints": 9}}
{"target": -172.58672911815975, "params": {"k_pid_pos": [1.4213385928739415, 0.0, 0.7701728004067727], "k_pid_alt": [1.9927053576140945, 0.0, 0.0], "k_pid_att": [26.41386346811249, 0.0001, 0.273802226642883], "k_pid_yaw": [0.5, 1e-06, 0.1], "k_pid_hsp": [0.15358886594372018, 0.0, 0.0], "k_pid_vsp": [267.78390936248957, 379.2647306681016, 1e-06]}, "datetime": {"datetime": "2025-08-20 18:16:20", "elapsed": 23035.450323581696, "delta": 15.036367416381836}, "costs": {"total_cost": 172.58672911815975, "time_cost": 70.688, "final_distance_cost": 1.8421108178546233, "oscillation_cost": 25.803682127865933, "completition_cost": 0.0, "overshoot_cost": 50.63549463150061, "power_cost": 12.101478271484375, "noise_cost": 11.515963269454192, "n_waypoints_completed": 9, "tot_waypoints": 9}}
{"target": -172.01746336815614, "params": {"k_pid_pos": [1.4197142008932884, 0.0, 0.7298535274321721], "k_pid_alt": [2.0, 0.0, 0.0], "k_pid_att": [32.215495525100586, 0.0001, 0.3689267950231026], "k_pid_yaw": [0.5, 1e-06, 0.1], "k_pid_hsp": [0.12211830238867379, 0.00021720389882238578, 0.0], "k_pid_vsp": [261.5797624045898, 361.48711717976835, 1e-06]}, "datetime": {"datetime": "2025-08-20 18:16:36", "elapsed": 23051.45199918747, "delta": 16.001675605773926}, "costs": {"total_cost": 172.01746336815614, "time_cost": 70.60000000000001, "final_distance_cost": 1.8198010800421853, "oscillation_cost": 25.603009107004045, "completition_cost": 0.0, "overshoot_cost": 50.56233298523046, "power_cost": 11.919585205078125, "noise_cost": 11.512734990801304, "n_waypoints_completed": 9, "tot_waypoints": 9}}
{"target": -172.88289737598342, "params": {"k_pid_pos": [1.593806980144615, 0.0, 0.6118370194451486], "k_pid_alt": [2.0, 0.0, 0.0], "k_pid_att": [28.527264142130434, 0.0001, 0.20901780508949666], "k_pid_yaw": [0.5, 1e-06, 0.1], "k_pid_hsp": [0.11309616155370159, 0.00018832279498460282, 0.0], "k_pid_vsp": [237.04287425413156, 400.0, 1e-06]}, "datetime": {"datetime": "2025-08-20 18:16:52", "elapsed": 23066.898514032364, "delta": 15.44651484489441}, "costs": {"total_cost": 172.88289737598342, "time_cost": 69.984, "final_distance_cost": 1.8101626743347143, "oscillation_cost": 27.287178930631253, "completition_cost": 0.0, "overshoot_cost": 50.74464857918502, "power_cost": 11.85916123046875, "noise_cost": 11.197745961363694, "n_waypoints_completed": 9, "tot_waypoints": 9}}
{"target": -172.68699506921678, "params": {"k_pid_pos": [1.1774395254821133, 0.0, 0.7984973939220856], "k_pid_alt": [2.0, 0.0, 0.0], "k_pid_att": [32.140247783616424, 0.0001, 0.28267508819698095], "k_pid_yaw": [0.5, 1e-06, 0.1], "k_pid_hsp": [0.10485965851590615, 0.0, 0.0], "k_pid_vsp": [235.32311973715161, 363.3034907338253, 1e-06]}, "datetime": {"datetime": "2025-08-20 18:17:08", "elapsed": 23083.183344841003, "delta": 16.284830808639526}, "costs": {"total_cost": 172.68699506921678, "time_cost": 72.104, "final_distance_cost": 1.8312615404483246, "oscillation_cost": 24.258140790399324, "completition_cost": 0.0, "overshoot_cost": 50.65215304495204, "power_cost": 12.078038732910157, "noise_cost": 11.763400960506951, "n_waypoints_completed": 9, "tot_waypoints": 9}}
