{"target": -172.32273376501837, "params": {"k_pid_pos": [1.5438828300438907, 0.0, 0.8395172596459085], "k_pid_alt": [2.0, 0.0, 0.0], "k_pid_att": [18.516814446218063, 0.0001, 0.2805263362058121], "k_pid_yaw": [0.5, 1e-06, 0.1], "k_pid_hsp": [0.12005578047068344, 0.0, 0.0], "k_pid_vsp": [262.19552308545155, 258.7355376260763, 1e-06]}, "datetime": {"datetime": "2025-08-20 15:56:56", "elapsed": 14670.869790315628, "delta": 15.999820947647095}, "costs": {"total_cost": 172.32273376501837, "time_cost": 70.608, "final_distance_cost": 1.8260697405922992, "oscillation_cost": 25.82332346496568, "completition_cost": 0.0, "overshoot_cost": 50.563220088132134, "power_cost": 12.036475231933593, "noise_cost": 11.465645239394673, "n_waypoints_completed": 9, "tot_waypoints": 9}}
{"target": -173.01668284924517, "params": {"k_pid_pos": [1.5415021317824444, 0.0, 0.857785481375346], "k_pid_alt": [2.0, 0.0, 0.0], "k_pid_att": [24.380604330810975, 0.0001, 0.24818380726829167], "k_pid_yaw": [0.5, 1e-06, 0.1], "k_pid_hsp": [0.110795823653103, 0.0, 0.0], "k_pid_vsp": [261.865585844703, 175.06901664005073, 1e-06]}, "datetime": {"datetime": "2025-08-20 15:57:12", "elapsed": 14686.721224546432, "delta": 15.851434230804443}, "costs": {"total_cost": 173.01668284924517, "time_cost": 70.784, "final_distance_cost": 1.8324825651954977, "oscillation_cost": 25.349893562241625, "completition_cost": 0.0, "overshoot_cost": 51.526051862025, "power_cost": 12.08145379638672, "noise_cost": 11.442801063396365, "n_waypoints_completed": 9, "tot_waypoints": 9}}
{"target": -172.7432619884838, "params": {"k_pid_pos": [1.528382629256646, 0.0, 0.8428232458078149], "k_pid_alt": [2.0, 0.0, 0.0], "k_pid_att": [38.58715347270801, 0.0001, 0.3072033524273219], "k_pid_yaw": [0.5, 1e-06, 0.1], "k_pid_hsp": [0.09745665415651009, 0.0, 0.0], "k_pid_vsp": [252.3570808289372, 240.5488416483909, 1e-06]}, "datetime": {"datetime": "2025-08-20 15:57:27", "elapsed": 14701.905586957932, "delta": 15.184362411499023}, "costs": {"total_cost": 172.7432619884838, "time_cost": 70.712, "final_distance_cost": 1.823746753963815, "oscillation_cost": 25.049427947883203, "completition_cost": 0.0, "overshoot_cost": 51.63520478528104, "power_cost": 12.092093286132814, "noise_cost": 11.430789215222916, "n_waypoints_completed": 9, "tot_waypoints": 9}}
{"target": -172.59233238727043, "params": {"k_pid_pos": [1.5355199087949076, 0.0, 0.857996601897414], "k_pid_alt": [2.0, 0.0, 0.0], "k_pid_att": [29.38034958943066, 0.0001, 0.28648015418437645], "k_pid_yaw": [0.5, 1e-06, 0.1], "k_pid_hsp": [0.13448105715833136, 0.0, 0.0], "k_pid_vsp": [274.0912873017241, 257.0071746440128, 1e-06]}, "datetime": {"datetime": "2025-08-20 15:57:43", "elapsed": 14717.568931818008, "delta": 15.663344860076904}, "costs": {"total_cost": 172.59233238727043, "time_cost": 70.70400000000001, "final_distance_cost": 1.8302220107893856, "oscillation_cost": 25.74925473399873, "completition_cost": 0.0, "overshoot_cost": 50.62718084938143, "power_cost": 12.17409208984375, "noise_cost": 11.507582703257134, "n_waypoints_completed": 9, "tot_waypoints": 9}}
{"target": -172.2837641785457, "params": {"k_pid_pos": [1.5350492642582523, 0.0, 0.8700184988319029], "k_pid_alt": [2.0, 0.0, 0.0], "k_pid_att": [39.685015214344354, 0.0001, 0.2644890804663607], "k_pid_yaw": [0.5, 1e-06, 0.1], "k_pid_hsp": [0.09769266384541703, 0.0, 0.0], "k_pid_vsp": [263.0926778996721, 255.7220193282072, 1e-06]}, "datetime": {"datetime": "2025-08-20 15:57:59", "elapsed": 14733.826038122177, "delta": 16.2571063041687}, "costs": {"total_cost": 172.2837641785457, "time_cost": 70.784, "final_distance_cost": 1.8354532846130882, "oscillation_cost": 25.042508054956414, "completition_cost": 0.0, "overshoot_cost": 51.59715386847194, "power_cost": 11.789638928222656, "noise_cost": 11.235010042281589, "n_waypoints_completed": 9, "tot_waypoints": 9}}
{"target": -173.02925532740701, "params": {"k_pid_pos": [1.5347418528155103, 0.0, 0.8528890205652897], "k_pid_alt": [2.0, 0.0, 0.0], "k_pid_att": [30.172436687795496, 0.0001, 0.259852809462472], "k_pid_yaw": [0.5, 1e-06, 0.1], "k_pid_hsp": [0.13770739201700755, 0.0, 0.0], "k_pid_vsp": [260.7143056317333, 255.53570489707795, 1e-06]}, "datetime": {"datetime": "2025-08-20 15:58:17", "elapsed": 14751.824814796448, "delta": 17.99877667427063}, "costs": {"total_cost": 173.02925532740701, "time_cost": 70.68, "final_distance_cost": 1.8319261760082353, "oscillation_cost": 25.982679507433936, "completition_cost": 0.0, "overshoot_cost": 50.44728062540159, "power_cost": 12.403406604003907, "noise_cost": 11.683962414559314, "n_waypoints_completed": 9, "tot_waypoints": 9}}
{"target": -173.36230003396136, "params": {"k_pid_pos": [1.696148480012562, 0.0, 0.8837445825508718], "k_pid_alt": [1.9810945506968776, 0.0, 0.0], "k_pid_att": [35.25603435612756, 0.0001, 0.344183615536834], "k_pid_yaw": [0.5, 1e-06, 0.1], "k_pid_hsp": [0.12054674162255775, 0.0, 0.0], "k_pid_vsp": [293.0395419302579, 227.248735388859, 1e-06]}, "datetime": {"datetime": "2025-08-20 15:58:35", "elapsed": 14769.992243051529, "delta": 18.167428255081177}, "costs": {"total_cost": 173.36230003396136, "time_cost": 70.44800000000001, "final_distance_cost": 1.8288728831587016, "oscillation_cost": 26.05418623866944, "completition_cost": 0.0, "overshoot_cost": 51.52296548058267, "power_cost": 12.107678015136718, "noise_cost": 11.400597416413836, "n_waypoints_completed": 9, "tot_waypoints": 9}}
{"target": -179.28750104947545, "params": {"k_pid_pos": [1.680550354884691, 0.0, 0.9809119220331082], "k_pid_alt": [2.0, 0.0, 0.0], "k_pid_att": [29.284947116519014, 0.0001, 0.7010730363220176], "k_pid_yaw": [0.5, 1e-06, 0.1], "k_pid_hsp": [1.0001101122156346, 0.0, 0.0], "k_pid_vsp": [335.55511622784087, 252.13057103366435, 1e-06]}, "datetime": {"datetime": "2025-08-20 15:58:52", "elapsed": 14786.809704303741, "delta": 16.817461252212524}, "costs": {"total_cost": 179.28750104947545, "time_cost": 70.608, "final_distance_cost": 1.852877973685899, "oscillation_cost": 32.018675486652235, "completition_cost": 0.0, "overshoot_cost": 49.95532159082734, "power_cost": 12.750757788085938, "noise_cost": 12.10186821022403, "n_waypoints_completed": 9, "tot_waypoints": 9}}
{"target": -172.32703792247983, "params": {"k_pid_pos": [1.5453847955967948, 0.0, 0.921600145247584], "k_pid_alt": [2.0, 0.0, 0.0], "k_pid_att": [18.932913479571013, 0.0001, 0.3653149558065937], "k_pid_yaw": [0.5, 1e-06, 0.1], "k_pid_hsp": [0.12708738190368085, 0.0, 0.0], "k_pid_vsp": [260.39454440533, 247.37418736203756, 1e-06]}, "datetime": {"datetime": "2025-08-20 15:59:09", "elapsed": 14803.643975019455, "delta": 16.8342707157135}, "costs": {"total_cost": 172.32703792247983, "time_cost": 70.808, "final_distance_cost": 1.837296602031251, "oscillation_cost": 25.352578667324682, "completition_cost": 0.0, "overshoot_cost": 50.89099568248534, "power_cost": 11.96137508544922, "noise_cost": 11.476791885189334, "n_waypoints_completed": 9, "tot_waypoints": 9}}
{"target": -172.07116530410406, "params": {"k_pid_pos": [1.4716881757649511, 0.0, 0.772782870390523], "k_pid_alt": [2.0, 0.0, 0.0], "k_pid_att": [23.651173115951693, 0.0001, 0.25925096732623754], "k_pid_yaw": [0.5, 1e-06, 0.1], "k_pid_hsp": [0.1098342404798056, 0.0, 0.0], "k_pid_vsp": [252.62066290273486, 260.72621828669793, 1e-06]}, "datetime": {"datetime": "2025-08-20 15:59:24", "elapsed": 14819.356899023056, "delta": 15.712924003601074}, "costs": {"total_cost": 172.07116530410406, "time_cost": 70.648, "final_distance_cost": 1.8146382180747458, "oscillation_cost": 25.441231362323435, "completition_cost": 0.0, "overshoot_cost": 50.810057434530485, "power_cost": 11.993887438964844, "noise_cost": 11.363350850210567, "n_waypoints_completed": 9, "tot_waypoints": 9}}
{"target": -172.943044705924, "params": {"k_pid_pos": [1.5033260935748172, 0.017321031898215877, 0.9100830005268359], "k_pid_alt": [1.8735613908709357, 0.0, 0.0], "k_pid_att": [45.359607741625055, 0.0001, 0.32821922192502107], "k_pid_yaw": [0.5, 1e-06, 0.1], "k_pid_hsp": [0.11813787849884233, 0.0, 0.0], "k_pid_vsp": [267.314285664593, 307.637197956292, 1e-06]}, "datetime": {"datetime": "2025-08-20 15:59:40", "elapsed": 14835.262218475342, "delta": 15.905319452285767}, "costs": {"total_cost": 172.943044705924, "time_cost": 70.696, "final_distance_cost": 1.8433554385020812, "oscillation_cost": 25.44594185725414, "completition_cost": 0.0, "overshoot_cost": 51.44605108293942, "power_cost": 12.058232824707032, "noise_cost": 11.45346350252131, "n_waypoints_completed": 9, "tot_waypoints": 9}}
{"target": -172.81280113138297, "params": {"k_pid_pos": [1.5815779365356446, 0.0, 0.8580164808981253], "k_pid_alt": [1.9300296032238644, 0.0, 0.0], "k_pid_att": [16.87293940439109, 0.0001, 0.3038885316913994], "k_pid_yaw": [0.5, 1e-06, 0.1], "k_pid_hsp": [0.07570974225789415, 0.0, 0.0], "k_pid_vsp": [222.6132228356117, 280.3006687641324, 1e-06]}, "datetime": {"datetime": "2025-08-20 15:59:56", "elapsed": 14851.047406673431, "delta": 15.7851881980896}, "costs": {"total_cost": 172.81280113138297, "time_cost": 70.688, "final_distance_cost": 1.7905027663892201, "oscillation_cost": 25.436825353594763, "completition_cost": 0.0, "overshoot_cost": 51.692594164619415, "power_cost": 11.90812314453125, "noise_cost": 11.296755702248314, "n_waypoints_completed": 9, "tot_waypoints": 9}}
{"target": -172.05021193775673, "params": {"k_pid_pos": [1.5331470616500384, 0.0, 0.8366394377251878], "k_pid_alt": [2.0, 0.0, 0.0], "k_pid_att": [28.17285867465027, 0.0001, 0.26126882480069447], "k_pid_yaw": [0.5, 1e-06, 0.1], "k_pid_hsp": [0.11595598721352766, 0.0, 0.0], "k_pid_vsp": [264.46129798767225, 254.15308714556195, 1e-06]}, "datetime": {"datetime": "2025-08-20 16:00:11", "elapsed": 14866.380282878876, "delta": 15.332876205444336}, "costs": {"total_cost": 172.05021193775673, "time_cost": 70.68, "final_distance_cost": 1.8345821857260323, "oscillation_cost": 25.54932465883418, "completition_cost": 0.0, "overshoot_cost": 50.73371641695569, "power_cost": 11.92862957763672, "noise_cost": 11.323959098604094, "n_waypoints_completed": 9, "tot_waypoints": 9}}
{"target": -172.22574638652404, "params": {"k_pid_pos": [1.4327239163103667, 0.0, 0.7826522329422542], "k_pid_alt": [2.0, 0.0, 0.0], "k_pid_att": [33.90316007614689, 0.0001, 0.20482267181550692], "k_pid_yaw": [0.5, 1e-06, 0.1], "k_pid_hsp": [0.12817549233618572, 0.0, 0.0], "k_pid_vsp": [267.5073703515704, 272.5439041174215, 1e-06]}, "datetime": {"datetime": "2025-08-20 16:00:27", "elapsed": 14882.497740983963, "delta": 16.11745810508728}, "costs": {"total_cost": 172.22574638652404, "time_cost": 70.768, "final_distance_cost": 1.830358580649536, "oscillation_cost": 25.496105035231537, "completition_cost": 0.0, "overshoot_cost": 50.734456132372635, "power_cost": 12.040594836425782, "noise_cost": 11.35623180184457, "n_waypoints_completed": 9, "tot_waypoints": 9}}
{"target": -172.62413295534975, "params": {"k_pid_pos": [1.4744022753083765, 0.0, 0.8098671527411981], "k_pid_alt": [2.0, 0.0, 0.0], "k_pid_att": [48.510882497076686, 0.0001, 0.2868207917211688], "k_pid_yaw": [0.5, 1e-06, 0.1], "k_pid_hsp": [0.07971923354811225, 1.2715273640973524e-06, 0.0], "k_pid_vsp": [241.65231109887105, 231.7783199854446, 1e-06]}, "datetime": {"datetime": "2025-08-20 16:00:43", "elapsed": 14898.066313505173, "delta": 15.568572521209717}, "costs": {"total_cost": 172.62413295534975, "time_cost": 70.88, "final_distance_cost": 1.8197347582593615, "oscillation_cost": 24.91101431190659, "completition_cost": 0.0, "overshoot_cost": 52.04236648519396, "power_cost": 11.6413947265625, "noise_cost": 11.329622673427336, "n_waypoints_completed": 9, "tot_waypoints": 9}}
{"target": -172.8022194316422, "params": {"k_pid_pos": [1.6380430062418996, 0.0, 0.7968667708575236], "k_pid_alt": [2.0, 0.0, 0.0], "k_pid_att": [30.364096963128397, 0.0001, 0.2648953246505894], "k_pid_yaw": [0.5, 1e-06, 0.1], "k_pid_hsp": [0.11632788701684993, 0.0, 0.0], "k_pid_vsp": [244.06197044212576, 290.51940929273377, 1e-06]}, "datetime": {"datetime": "2025-08-20 16:00:58", "elapsed": 14913.43245434761, "delta": 15.366140842437744}, "costs": {"total_cost": 172.8022194316422, "time_cost": 70.328, "final_distance_cost": 1.8119362248921507, "oscillation_cost": 26.237610399704785, "completition_cost": 0.0, "overshoot_cost": 51.2123813686786, "power_cost": 11.892211303710939, "noise_cost": 11.320080134655726, "n_waypoints_completed": 9, "tot_waypoints": 9}}
{"target": -173.16848410709494, "params": {"k_pid_pos": [1.5925937069224962, 0.0, 0.8891321471074632], "k_pid_alt": [2.0, 0.0, 0.0], "k_pid_att": [33.96328099771163, 0.0001, 0.28879608392476114], "k_pid_yaw": [0.5, 1e-06, 0.1], "k_pid_hsp": [0.10175123841646627, 0.0, 0.0], "k_pid_vsp": [257.38628921880263, 196.43697776240725, 1e-06]}, "datetime": {"datetime": "2025-08-20 16:01:15", "elapsed": 14929.851179599762, "delta": 16.41872525215149}, "costs": {"total_cost": 173.16848410709494, "time_cost": 70.752, "final_distance_cost": 1.837560056040666, "oscillation_cost": 25.217779430178155, "completition_cost": 0.0, "overshoot_cost": 51.568566196052814, "power_cost": 12.244518188476563, "noise_cost": 11.548060236346704, "n_waypoints_completed": 9, "tot_waypoints": 9}}
{"target": -171.95392677037262, "params": {"k_pid_pos": [1.5517973718014781, 0.0, 0.8786875657890484], "k_pid_alt": [2.0, 0.0, 0.0], "k_pid_att": [18.7412549700572, 0.0001, 0.29120377370946543], "k_pid_yaw": [0.5, 1e-06, 0.1], "k_pid_hsp": [0.11628502707180516, 0.0, 0.0], "k_pid_vsp": [260.4584572182357, 240.86082243559667, 1e-06]}, "datetime": {"datetime": "2025-08-20 16:01:31", "elapsed": 14945.83419418335, "delta": 15.983014583587646}, "costs": {"total_cost": 171.95392677037262, "time_cost": 70.712, "final_distance_cost": 1.8348174570468734, "oscillation_cost": 25.29566332962085, "completition_cost": 0.0, "overshoot_cost": 50.79872860959299, "power_cost": 11.930956323242189, "noise_cost": 11.381761050869736, "n_waypoints_completed": 9, "tot_waypoints": 9}}
{"target": -172.81038165388557, "params": {"k_pid_pos": [1.6355790997745525, 0.0, 0.8844512049375006], "k_pid_alt": [2.0, 0.0, 0.0], "k_pid_att": [33.99734674188362, 0.0001, 0.38341432632770084], "k_pid_yaw": [0.5, 1e-06, 0.1], "k_pid_hsp": [0.11475403322149967, 0.0, 0.0], "k_pid_vsp": [262.9168672931674, 254.34871223517342, 1e-06]}, "datetime": {"datetime": "2025-08-20 16:01:46", "elapsed": 14960.93481040001, "delta": 15.100616216659546}, "costs": {"total_cost": 172.81038165388557, "time_cost": 70.57600000000001, "final_distance_cost": 1.8272677129195831, "oscillation_cost": 25.922314946534954, "completition_cost": 0.0, "overshoot_cost": 51.04551199162309, "power_cost": 11.975172875976563, "noise_cost": 11.464114126831385, "n_waypoints_completed": 9, "tot_waypoints": 9}}
{"target": -173.10874859466082, "params": {"k_pid_pos": [1.462757043838158, 0.0, 0.856413277402919], "k_pid_alt": [2.0, 0.0, 0.0], "k_pid_att": [61.119452597660974, 0.0001, 0.2798120724660044], "k_pid_yaw": [0.5, 1e-06, 0.1], "k_pid_hsp": [0.11622476223703139, 8.405786940110655e-05, 0.0], "k_pid_vsp": [264.43105772085335, 338.9709351975855, 1e-06]}, "datetime": {"datetime": "2025-08-20 16:02:02", "elapsed": 14976.735760211945, "delta": 15.800949811935425}, "costs": {"total_cost": 173.10874859466082, "time_cost": 70.944, "final_distance_cost": 1.8385825441837875, "oscillation_cost": 25.799115837228925, "completition_cost": 0.0, "overshoot_cost": 50.59295109279758, "power_cost": 12.338676037597656, "noise_cost": 11.595423082852871, "n_waypoints_completed": 9, "tot_waypoints": 9}}
{"target": -172.81302467143462, "params": {"k_pid_pos": [1.5409887031926655, 0.0, 0.8097394916116696], "k_pid_alt": [2.0, 0.0, 0.0], "k_pid_att": [28.614842407689302, 0.0001, 0.2886169214643751], "k_pid_yaw": [0.5, 1e-06, 0.1], "k_pid_hsp": [0.10407658691681694, 0.0, 0.0], "k_pid_vsp": [262.725535836752, 255.63130169136326, 1e-06]}, "datetime": {"datetime": "2025-08-20 16:02:18", "elapsed": 14992.63670039177, "delta": 15.900940179824829}, "costs": {"total_cost": 172.81302467143462, "time_cost": 70.584, "final_distance_cost": 1.8259221557526173, "oscillation_cost": 25.55228033112651, "completition_cost": 0.0, "overshoot_cost": 50.95804227350687, "power_cost": 12.267459191894531, "noise_cost": 11.625320719154118, "n_waypoints_completed": 9, "tot_waypoints": 9}}
{"target": -173.32554042532212, "params": {"k_pid_pos": [1.5525494525417214, 0.0, 0.8712681002578346], "k_pid_alt": [2.0, 0.0, 0.0], "k_pid_att": [26.20143628875421, 0.0001, 0.2733353120208812], "k_pid_yaw": [0.5, 1e-06, 0.1], "k_pid_hsp": [0.08648591643460377, 0.0, 0.0], "k_pid_vsp": [257.98160358075074, 185.2676303310865, 1e-06]}, "datetime": {"datetime": "2025-08-20 16:02:33", "elapsed": 15007.8872320652, "delta": 15.250531673431396}, "costs": {"total_cost": 173.32554042532212, "time_cost": 70.848, "final_distance_cost": 1.8153549989880882, "oscillation_cost": 25.119051684912666, "completition_cost": 0.0, "overshoot_cost": 51.486644041079806, "power_cost": 12.363472253417969, "noise_cost": 11.693017446923577, "n_waypoints_completed": 9, "tot_waypoints": 9}}
{"target": -174.21936680553367, "params": {"k_pid_pos": [1.3900580506911897, 0.0, 0.9554781674237258], "k_pid_alt": [1.4946965466162354, 0.0, 0.0], "k_pid_att": [25.47627386682396, 0.0001, 0.5086804369337415], "k_pid_yaw": [0.5, 1e-06, 0.1], "k_pid_hsp": [0.10787175960115218, 0.0, 0.0], "k_pid_vsp": [291.67378474034734, 255.17525468372804, 1e-06]}, "datetime": {"datetime": "2025-08-20 16:02:49", "elapsed": 15023.837767124176, "delta": 15.95053505897522}, "costs": {"total_cost": 174.21936680553367, "time_cost": 71.496, "final_distance_cost": 1.837974876407383, "oscillation_cost": 25.656397536162206, "completition_cost": 0.0, "overshoot_cost": 51.269632675533614, "power_cost": 12.205821752929689, "noise_cost": 11.753539964500783, "n_waypoints_completed": 9, "tot_waypoints": 9}}
{"target": -173.12264999564974, "params": {"k_pid_pos": [1.5983751443436107, 0.0, 0.8590511922655558], "k_pid_alt": [2.0, 0.0, 0.0], "k_pid_att": [37.484924708856475, 0.0001, 0.2663243138809978], "k_pid_yaw": [0.5, 1e-06, 0.1], "k_pid_hsp": [0.11770425149306737, 0.0, 0.0], "k_pid_vsp": [267.6876210361072, 258.7217118217853, 1e-06]}, "datetime": {"datetime": "2025-08-20 16:03:05", "elapsed": 15039.655126810074, "delta": 15.817359685897827}, "costs": {"total_cost": 173.12264999564974, "time_cost": 70.60000000000001, "final_distance_cost": 1.8340831365493195, "oscillation_cost": 25.904779955055748, "completition_cost": 0.0, "overshoot_cost": 50.9691670157762, "power_cost": 12.216875317382813, "noise_cost": 11.597744570885654, "n_waypoints_completed": 9, "tot_waypoints": 9}}
{"target": -1194.9678703200618, "params": {"k_pid_pos": [1.5536284611382964, 0.0, 0.9049667040118404], "k_pid_alt": [1.9562757134899755, 0.0, 0.0], "k_pid_att": [35.71769603974024, 0.0001, 0.3848842458742068], "k_pid_yaw": [0.5, 1e-06, 0.1], "k_pid_hsp": [0.0001, 0.0, 0.0], "k_pid_vsp": [259.11367494856603, 227.26912702178393, 1e-06]}, "datetime": {"datetime": "2025-08-20 16:03:27", "elapsed": 15061.673120498657, "delta": 22.017993688583374}, "costs": {"total_cost": 1194.9678703200618, "time_cost": 150, "final_distance_cost": 46.700646936157156, "oscillation_cost": 0.004968329505634399, "completition_cost": 888.8888888888888, "overshoot_cost": 83.67559566458304, "power_cost": 12.788553527832033, "noise_cost": 12.909216973095452, "n_waypoints_completed": 1, "tot_waypoints": 9}}
{"target": -172.62686652512585, "params": {"k_pid_pos": [1.517906759527969, 0.0, 0.829457503837672], "k_pid_alt": [1.8031336325943472, 0.0, 0.0], "k_pid_att": [46.61576063852101, 0.0001, 0.3926229445970718], "k_pid_yaw": [0.5, 1e-06, 0.1], "k_pid_hsp": [0.10267263941442097, 0.0, 0.0], "k_pid_vsp": [248.51291676990675, 310.98196506695524, 1e-06]}, "datetime": {"datetime": "2025-08-20 16:03:42", "elapsed": 15076.757053136826, "delta": 15.083932638168335}, "costs": {"total_cost": 172.62686652512585, "time_cost": 70.376, "final_distance_cost": 1.8346030165528353, "oscillation_cost": 25.801049411662543, "completition_cost": 0.0, "overshoot_cost": 51.252598869394006, "power_cost": 11.983617114257813, "noise_cost": 11.378998113258637, "n_waypoints_completed": 9, "tot_waypoints": 9}}
{"target": -175.67225647186683, "params": {"k_pid_pos": [2.0, 0.0, 0.9118327191619338], "k_pid_alt": [1.9357454610977087, 0.0, 0.0], "k_pid_att": [55.23546772636555, 0.0001, 0.28619070729982227], "k_pid_yaw": [0.5, 1e-06, 0.1], "k_pid_hsp": [0.23755124841636366, 0.0, 0.0], "k_pid_vsp": [292.29025165391033, 271.92782274543606, 1e-06]}, "datetime": {"datetime": "2025-08-20 16:03:57", "elapsed": 15092.340593099594, "delta": 15.583539962768555}, "costs": {"total_cost": 175.67225647186683, "time_cost": 70.048, "final_distance_cost": 1.8300544741905427, "oscillation_cost": 29.049311770274343, "completition_cost": 0.0, "overshoot_cost": 50.91038233847987, "power_cost": 12.364671997070314, "noise_cost": 11.469835891851782, "n_waypoints_completed": 9, "tot_waypoints": 9}}
{"target": -172.18816413606598, "params": {"k_pid_pos": [1.418767103511617, 0.0068385353214464395, 0.8031452576390122], "k_pid_alt": [2.0, 0.0, 0.0], "k_pid_att": [40.028412407744064, 0.0001, 0.32049881282908066], "k_pid_yaw": [0.5, 1e-06, 0.1], "k_pid_hsp": [0.11152192838361352, 0.0, 0.0], "k_pid_vsp": [233.8062592907408, 296.3598393659533, 1e-06]}, "datetime": {"datetime": "2025-08-20 16:04:13", "elapsed": 15107.892025470734, "delta": 15.551432371139526}, "costs": {"total_cost": 172.18816413606598, "time_cost": 70.848, "final_distance_cost": 1.8279372573775674, "oscillation_cost": 25.05146694881969, "completition_cost": 0.0, "overshoot_cost": 51.38236362102027, "power_cost": 11.703567895507813, "noise_cost": 11.374828413340651, "n_waypoints_completed": 9, "tot_waypoints": 9}}
