{"target": -171.52868616847576, "params": {"k_pid_pos": [1.4132513425183524, 0.0, 0.6916669464686723], "k_pid_alt": [2.0, 0.0, 0.0], "k_pid_att": [45.376542621052685, 0.0001, 0.3884881205609406], "k_pid_yaw": [0.5, 1e-06, 0.1], "k_pid_hsp": [0.11259609494038378, 0.0, 0.0], "k_pid_vsp": [253.24304290810457, 352.7280509311376, 1e-06]}, "datetime": {"datetime": "2025-08-20 17:04:58", "elapsed": 18753.22746348381, "delta": 15.286263942718506}, "costs": {"total_cost": 171.52868616847576, "time_cost": 70.544, "final_distance_cost": 1.8232865398443556, "oscillation_cost": 25.391378114067294, "completition_cost": 0.0, "overshoot_cost": 50.7127461596103, "power_cost": 11.82129111328125, "noise_cost": 11.235984241672565, "n_waypoints_completed": 9, "tot_waypoints": 9}}
{"target": -172.5970663000273, "params": {"k_pid_pos": [1.3485032089845845, 0.0, 0.6901308553298034], "k_pid_alt": [2.0, 0.0, 0.0], "k_pid_att": [45.15030152353754, 0.0001, 0.3523604847857606], "k_pid_yaw": [0.5, 1e-06, 0.1], "k_pid_hsp": [0.10568081540138227, 0.0, 0.0], "k_pid_vsp": [237.3937010866023, 344.4821920710324, 1e-06]}, "datetime": {"datetime": "2025-08-20 17:05:14", "elapsed": 18768.91900086403, "delta": 15.691537380218506}, "costs": {"total_cost": 172.5970663000273, "time_cost": 70.752, "final_distance_cost": 1.8149768313941874, "oscillation_cost": 25.054090316058204, "completition_cost": 0.0, "overshoot_cost": 51.5330935652618, "power_cost": 12.039384326171875, "noise_cost": 11.403521261141249, "n_waypoints_completed": 9, "tot_waypoints": 9}}
{"target": -175.60788103077496, "params": {"k_pid_pos": [1.0874988577911988, 0.0, 0.7750845817199143], "k_pid_alt": [2.0, 0.0, 0.0], "k_pid_att": [64.44365269155962, 0.0001, 0.35676139236886734], "k_pid_yaw": [0.5, 1e-06, 0.1], "k_pid_hsp": [0.10829567743071525, 8.048581024120715e-07, 0.0], "k_pid_vsp": [236.98853590916477, 400.0, 1e-06]}, "datetime": {"datetime": "2025-08-20 17:05:30", "elapsed": 18785.41945528984, "delta": 16.500454425811768}, "costs": {"total_cost": 175.60788103077496, "time_cost": 72.968, "final_distance_cost": 1.846439237891469, "oscillation_cost": 25.216901942210463, "completition_cost": 0.0, "overshoot_cost": 51.37072335964156, "power_cost": 12.270347924804689, "noise_cost": 11.935468566226767, "n_waypoints_completed": 9, "tot_waypoints": 9}}
{"target": -172.18259572647574, "params": {"k_pid_pos": [1.308127467631084, 0.0, 0.532096923198562], "k_pid_alt": [2.0, 0.0, 0.0], "k_pid_att": [40.94137517889722, 0.0001, 0.4339096541169387], "k_pid_yaw": [0.5, 1e-06, 0.1], "k_pid_hsp": [0.10145634696504802, 0.0, 0.0], "k_pid_vsp": [207.0566766745507, 400.0, 1e-06]}, "datetime": {"datetime": "2025-08-20 17:05:46", "elapsed": 18800.719434261322, "delta": 15.299978971481323}, "costs": {"total_cost": 172.18259572647574, "time_cost": 70.424, "final_distance_cost": 1.8011223215770402, "oscillation_cost": 25.682817978442028, "completition_cost": 0.0, "overshoot_cost": 50.66558359371506, "power_cost": 12.158344897460939, "noise_cost": 11.450726935280649, "n_waypoints_completed": 9, "tot_waypoints": 9}}
{"target": -172.79308471264545, "params": {"k_pid_pos": [1.4648556766208898, 0.0, 0.6808103116324753], "k_pid_alt": [2.0, 0.0, 0.0], "k_pid_att": [27.879141497630833, 0.0001, 0.3231114562194448], "k_pid_yaw": [0.5, 1e-06, 0.1], "k_pid_hsp": [0.11025331102737052, 0.0, 0.0], "k_pid_vsp": [233.10091900053771, 352.54386453327885, 1e-06]}, "datetime": {"datetime": "2025-08-20 17:06:01", "elapsed": 18816.503346920013, "delta": 15.783912658691406}, "costs": {"total_cost": 172.79308471264545, "time_cost": 70.392, "final_distance_cost": 1.8157154665256712, "oscillation_cost": 25.995035481943486, "completition_cost": 0.0, "overshoot_cost": 51.702767408587526, "power_cost": 11.61596123046875, "noise_cost": 11.271605125120022, "n_waypoints_completed": 9, "tot_waypoints": 9}}
{"target": -172.5690262358232, "params": {"k_pid_pos": [1.4120833725151911, 0.0, 0.6176468361679921], "k_pid_alt": [2.0, 0.0, 0.0], "k_pid_att": [28.292712475244393, 0.0001, 0.2966280826237987], "k_pid_yaw": [0.5, 1e-06, 0.1], "k_pid_hsp": [0.10730425883968416, 0.0, 0.0], "k_pid_vsp": [236.4822992200883, 317.55239625101865, 1e-06]}, "datetime": {"datetime": "2025-08-20 17:06:17", "elapsed": 18832.18689274788, "delta": 15.6835458278656}, "costs": {"total_cost": 172.5690262358232, "time_cost": 70.368, "final_distance_cost": 1.805248803226059, "oscillation_cost": 25.80187897222185, "completition_cost": 0.0, "overshoot_cost": 51.730988160702076, "power_cost": 11.647074389648438, "noise_cost": 11.215835910024767, "n_waypoints_completed": 9, "tot_waypoints": 9}}
{"target": -174.02453313570336, "params": {"k_pid_pos": [1.4018650482643331, 0.0, 0.6155314769981222], "k_pid_alt": [2.0, 0.0, 0.0], "k_pid_att": [56.87878238186018, 0.0001, 0.1541291767680255], "k_pid_yaw": [0.5, 1e-06, 0.1], "k_pid_hsp": [0.10176595467128133, 0.0, 0.0], "k_pid_vsp": [294.3545780667413, 289.7259552982168, 1e-06]}, "datetime": {"datetime": "2025-08-20 17:06:33", "elapsed": 18847.78834462166, "delta": 15.601451873779297}, "costs": {"total_cost": 174.02453313570336, "time_cost": 70.52, "final_distance_cost": 1.8280944192438984, "oscillation_cost": 27.675890487633538, "completition_cost": 0.0, "overshoot_cost": 51.03917931558798, "power_cost": 11.743866064453126, "noise_cost": 11.217502848784815, "n_waypoints_completed": 9, "tot_waypoints": 9}}
{"target": -172.16034329072247, "params": {"k_pid_pos": [1.4102195759051384, 0.0, 0.7855725604073003], "k_pid_alt": [2.0, 0.0, 0.0], "k_pid_att": [35.082483399871734, 0.0001, 0.30298935594094023], "k_pid_yaw": [0.5, 1e-06, 0.1], "k_pid_hsp": [0.10289230301519404, 7.429709153674155e-05, 0.0], "k_pid_vsp": [245.98933733053008, 344.745201501169, 1e-06]}, "datetime": {"datetime": "2025-08-20 17:06:49", "elapsed": 18863.60563659668, "delta": 15.817291975021362}, "costs": {"total_cost": 172.16034329072247, "time_cost": 70.784, "final_distance_cost": 1.826622751604589, "oscillation_cost": 24.98388521383171, "completition_cost": 0.0, "overshoot_cost": 50.851886036571415, "power_cost": 12.223186303710937, "noise_cost": 11.490762985003805, "n_waypoints_completed": 9, "tot_waypoints": 9}}
{"target": -172.6457573006677, "params": {"k_pid_pos": [1.2408795474000482, 0.0, 0.5080147342650247], "k_pid_alt": [2.0, 0.0, 0.0], "k_pid_att": [48.27829350290351, 0.0001, 0.3619998886896362], "k_pid_yaw": [0.5, 1e-06, 0.1], "k_pid_hsp": [0.08605167575890402, 0.0, 0.0], "k_pid_vsp": [195.7581712607804, 389.58165891827457, 1e-06]}, "datetime": {"datetime": "2025-08-20 17:07:04", "elapsed": 18878.922815084457, "delta": 15.31717848777771}, "costs": {"total_cost": 172.6457573006677, "time_cost": 70.624, "final_distance_cost": 1.8088218528199465, "oscillation_cost": 25.41290379428146, "completition_cost": 0.0, "overshoot_cost": 51.539097255433376, "power_cost": 11.966447131347657, "noise_cost": 11.294487266785264, "n_waypoints_completed": 9, "tot_waypoints": 9}}
{"target": -172.30569258186628, "params": {"k_pid_pos": [1.3280408849742185, 0.0, 0.5065610304482157], "k_pid_alt": [2.0, 0.0, 0.0], "k_pid_att": [39.82982334271029, 0.0001, 0.3880240581792673], "k_pid_yaw": [0.5, 1e-06, 0.1], "k_pid_hsp": [0.11232767882814298, 0.0, 0.0], "k_pid_vsp": [252.0935043233219, 400.0, 1e-06]}, "datetime": {"datetime": "2025-08-20 17:07:20", "elapsed": 18895.090720891953, "delta": 16.167905807495117}, "costs": {"total_cost": 172.30569258186628, "time_cost": 70.24, "final_distance_cost": 1.8101687917649434, "oscillation_cost": 26.049525815497628, "completition_cost": 0.0, "overshoot_cost": 51.063323529868796, "power_cost": 11.886532287597657, "noise_cost": 11.256142157137283, "n_waypoints_completed": 9, "tot_waypoints": 9}}
{"target": -172.02967955038648, "params": {"k_pid_pos": [1.5186141631196277, 0.0, 0.7604458550049442], "k_pid_alt": [1.7547039075439064, 0.0, 0.0], "k_pid_att": [43.868973697569196, 0.0001, 0.680268276464232], "k_pid_yaw": [0.5, 1e-06, 0.1], "k_pid_hsp": [0.08340802039614137, 0.0, 0.0], "k_pid_vsp": [251.70804626527783, 352.07848504336397, 1e-06]}, "datetime": {"datetime": "2025-08-20 17:07:36", "elapsed": 18910.77684736252, "delta": 15.686126470565796}, "costs": {"total_cost": 172.02967955038648, "time_cost": 70.4, "final_distance_cost": 1.8174100794376387, "oscillation_cost": 25.727175617214154, "completition_cost": 0.0, "overshoot_cost": 51.24152551733674, "power_cost": 11.560953662109375, "noise_cost": 11.28261467428857, "n_waypoints_completed": 9, "tot_waypoints": 9}}
{"target": -172.66099680522376, "params": {"k_pid_pos": [1.304808384942957, 0.0, 0.6035963379155391], "k_pid_alt": [2.0, 0.0, 0.0], "k_pid_att": [48.127871335549756, 0.0001, 0.3595229155177028], "k_pid_yaw": [0.5, 1e-06, 0.1], "k_pid_hsp": [0.10672848399066691, 0.0, 0.0], "k_pid_vsp": [241.04066515665016, 400.0, 1e-06]}, "datetime": {"datetime": "2025-08-20 17:07:51", "elapsed": 18926.025210380554, "delta": 15.248363018035889}, "costs": {"total_cost": 172.66099680522376, "time_cost": 70.60000000000001, "final_distance_cost": 1.814379471359867, "oscillation_cost": 25.57392726902851, "completition_cost": 0.0, "overshoot_cost": 51.045959717504665, "power_cost": 12.178288781738281, "noise_cost": 11.44844156559241, "n_waypoints_completed": 9, "tot_waypoints": 9}}
{"target": -172.03796559301907, "params": {"k_pid_pos": [1.5139278194184773, 0.0, 0.5871386085652384], "k_pid_alt": [1.9967512157782497, 0.0, 0.0], "k_pid_att": [42.794531585376646, 0.0001, 0.27089925981511853], "k_pid_yaw": [0.5, 1e-06, 0.1], "k_pid_hsp": [0.08400921709516215, 0.0, 0.0], "k_pid_vsp": [240.87258321944637, 344.9480608557305, 1e-06]}, "datetime": {"datetime": "2025-08-20 17:08:08", "elapsed": 18943.37626004219, "delta": 17.351049661636353}, "costs": {"total_cost": 172.03796559301907, "time_cost": 70.304, "final_distance_cost": 1.81736085586495, "oscillation_cost": 26.246490779965455, "completition_cost": 0.0, "overshoot_cost": 51.270008832160705, "power_cost": 11.431431860351562, "noise_cost": 10.968673264676408, "n_waypoints_completed": 9, "tot_waypoints": 9}}
{"target": -171.91133718650266, "params": {"k_pid_pos": [1.3924326393207478, 0.0, 0.6638880424391631], "k_pid_alt": [2.0, 0.0, 0.0], "k_pid_att": [41.29995615580131, 0.0001, 0.39192739764714785], "k_pid_yaw": [0.5, 1e-06, 0.1], "k_pid_hsp": [0.09883314687263152, 0.0, 0.0], "k_pid_vsp": [228.54896176305297, 400.0, 1e-06]}, "datetime": {"datetime": "2025-08-20 17:08:24", "elapsed": 18959.49405026436, "delta": 16.11779022216797}, "costs": {"total_cost": 171.91133718650266, "time_cost": 70.528, "final_distance_cost": 1.8248325735463624, "oscillation_cost": 25.666813681049454, "completition_cost": 0.0, "overshoot_cost": 51.091591118368555, "power_cost": 11.670270520019532, "noise_cost": 11.129829293518778, "n_waypoints_completed": 9, "tot_waypoints": 9}}
{"target": -174.55477878136867, "params": {"k_pid_pos": [2.0, 0.0, 0.8111527884407219], "k_pid_alt": [1.8532660508513565, 0.0, 0.0], "k_pid_att": [58.809937051201906, 0.0001, 0.41389921793434015], "k_pid_yaw": [0.5, 1e-06, 0.1], "k_pid_hsp": [0.15358991576530545, 0.0, 0.0], "k_pid_vsp": [311.24581008537234, 321.92335870496606, 1e-06]}, "datetime": {"datetime": "2025-08-20 17:08:40", "elapsed": 18974.577795505524, "delta": 15.083745241165161}, "costs": {"total_cost": 174.55477878136867, "time_cost": 69.608, "final_distance_cost": 1.8330777326447303, "oscillation_cost": 29.068887691514487, "completition_cost": 0.0, "overshoot_cost": 50.38758035180151, "power_cost": 12.209467187500001, "noise_cost": 11.447765817907936, "n_waypoints_completed": 9, "tot_waypoints": 9}}
{"target": -172.1924523400209, "params": {"k_pid_pos": [1.2854898798668795, 0.0, 0.6593664861131965], "k_pid_alt": [2.0, 0.0, 0.0], "k_pid_att": [44.30923664696592, 0.0001, 0.337698039840859], "k_pid_yaw": [0.5, 1e-06, 0.1], "k_pid_hsp": [0.12487406549012642, 0.0, 0.0], "k_pid_vsp": [227.13840985896326, 368.6717149246894, 1e-06]}, "datetime": {"datetime": "2025-08-20 17:08:56", "elapsed": 18990.659932136536, "delta": 16.082136631011963}, "costs": {"total_cost": 172.1924523400209, "time_cost": 70.83200000000001, "final_distance_cost": 1.8320428993240623, "oscillation_cost": 25.21510617408132, "completition_cost": 0.0, "overshoot_cost": 51.01729709595785, "power_cost": 11.92719891357422, "noise_cost": 11.368807257083455, "n_waypoints_completed": 9, "tot_waypoints": 9}}
{"target": -172.610718644457, "params": {"k_pid_pos": [1.3757104259874005, 0.0, 0.6187937412929333], "k_pid_alt": [2.0, 0.0, 0.0], "k_pid_att": [46.22943885127168, 0.0001, 0.3527469563756944], "k_pid_yaw": [0.5, 1e-06, 0.1], "k_pid_hsp": [0.11581194042151627, 0.0008668650571796471, 0.0], "k_pid_vsp": [234.31009086620742, 294.62525655279825, 1e-06]}, "datetime": {"datetime": "2025-08-20 17:09:11", "elapsed": 19005.98133802414, "delta": 15.32140588760376}, "costs": {"total_cost": 172.610718644457, "time_cost": 70.4, "final_distance_cost": 1.8203481250009206, "oscillation_cost": 25.809934074207682, "completition_cost": 0.0, "overshoot_cost": 51.62874181234545, "power_cost": 11.739803869628906, "noise_cost": 11.211890763274026, "n_waypoints_completed": 9, "tot_waypoints": 9}}
{"target": -179.34611986756633, "params": {"k_pid_pos": [1.3653675684268547, 0.0, 0.6104811126109093], "k_pid_alt": [2.0, 0.0, 0.0], "k_pid_att": [47.92587256686079, 0.0001, 0.4411693052752951], "k_pid_yaw": [0.5, 1e-06, 0.1], "k_pid_hsp": [0.04816465037395834, 0.0, 0.0], "k_pid_vsp": [219.09999157722143, 400.0, 1e-06]}, "datetime": {"datetime": "2025-08-20 17:09:28", "elapsed": 19023.25822544098, "delta": 17.2768874168396}, "costs": {"total_cost": 179.34611986756633, "time_cost": 75.96000000000001, "final_distance_cost": 1.7512884301164593, "oscillation_cost": 22.019417663516485, "completition_cost": 0.0, "overshoot_cost": 54.68635514204658, "power_cost": 12.659265844726564, "noise_cost": 12.269792787160203, "n_waypoints_completed": 9, "tot_waypoints": 9}}
{"target": -172.53604989204126, "params": {"k_pid_pos": [1.355357443094179, 0.0, 0.5954556477837674], "k_pid_alt": [2.0, 0.0, 0.0], "k_pid_att": [60.34989974349959, 0.0001, 0.37921186524535294], "k_pid_yaw": [0.5, 1e-06, 0.1], "k_pid_hsp": [0.11364880475514486, 0.0, 0.0], "k_pid_vsp": [230.56654260409027, 400.0, 1e-06]}, "datetime": {"datetime": "2025-08-20 17:09:45", "elapsed": 19039.98103904724, "delta": 16.722813606262207}, "costs": {"total_cost": 172.53604989204126, "time_cost": 70.47200000000001, "final_distance_cost": 1.8280300801665736, "oscillation_cost": 26.320383937767808, "completition_cost": 0.0, "overshoot_cost": 50.39697807586202, "power_cost": 12.104682983398439, "noise_cost": 11.413974814846403, "n_waypoints_completed": 9, "tot_waypoints": 9}}
{"target": -173.9033965639558, "params": {"k_pid_pos": [1.441576041529721, 0.0, 0.6922256348325281], "k_pid_alt": [2.0, 0.0, 0.0], "k_pid_att": [49.09446745146909, 0.0001, 0.317178842429773], "k_pid_yaw": [0.5, 1e-06, 0.1], "k_pid_hsp": [0.06877466053904874, 0.0, 0.0], "k_pid_vsp": [250.80050026694693, 400.0, 1e-06]}, "datetime": {"datetime": "2025-08-20 17:10:01", "elapsed": 19055.731819868088, "delta": 15.750780820846558}, "costs": {"total_cost": 173.9033965639558, "time_cost": 71.136, "final_distance_cost": 1.8052516427596759, "oscillation_cost": 24.961466873986176, "completition_cost": 0.0, "overshoot_cost": 52.360539358890485, "power_cost": 12.088535986328125, "noise_cost": 11.551602701991351, "n_waypoints_completed": 9, "tot_waypoints": 9}}
{"target": -172.75603267589742, "params": {"k_pid_pos": [1.3295183947420492, 0.0, 0.532015476504821], "k_pid_alt": [2.0, 0.0, 0.0], "k_pid_att": [32.76635575121482, 0.0001, 0.45023633031519894], "k_pid_yaw": [0.5, 1e-06, 0.1], "k_pid_hsp": [0.11380053995158741, 0.0, 0.0], "k_pid_vsp": [223.70603815619435, 400.0, 1e-06]}, "datetime": {"datetime": "2025-08-20 17:10:17", "elapsed": 19071.632551908493, "delta": 15.900732040405273}, "costs": {"total_cost": 172.75603267589742, "time_cost": 70.288, "final_distance_cost": 1.8187648269273762, "oscillation_cost": 25.907848004167576, "completition_cost": 0.0, "overshoot_cost": 51.329925721550026, "power_cost": 12.134503137207032, "noise_cost": 11.27699098604544, "n_waypoints_completed": 9, "tot_waypoints": 9}}
{"target": -171.88309608196766, "params": {"k_pid_pos": [1.4884642118517621, 0.0, 0.6982474113037428], "k_pid_alt": [2.0, 0.0, 0.0], "k_pid_att": [42.576180796066076, 0.0001, 0.32924258902740877], "k_pid_yaw": [0.5, 1e-06, 0.1], "k_pid_hsp": [0.1007004560760379, 0.0, 0.0], "k_pid_vsp": [226.14342730235091, 400.0, 1e-06]}, "datetime": {"datetime": "2025-08-20 17:10:33", "elapsed": 19088.150047302246, "delta": 16.51749539375305}, "costs": {"total_cost": 171.88309608196766, "time_cost": 70.392, "final_distance_cost": 1.8166128451625638, "oscillation_cost": 25.746076200004648, "completition_cost": 0.0, "overshoot_cost": 51.32773532058988, "power_cost": 11.426018225097657, "noise_cost": 11.174653491112903, "n_waypoints_completed": 9, "tot_waypoints": 9}}
{"target": -171.9105847784765, "params": {"k_pid_pos": [1.4226321266475843, 0.0, 0.7748656097101023], "k_pid_alt": [2.0, 0.0, 0.0], "k_pid_att": [44.086783514770254, 0.0001, 0.3238060720465546], "k_pid_yaw": [0.5, 1e-06, 0.1], "k_pid_hsp": [0.10221522832285769, 0.0, 0.0], "k_pid_vsp": [233.3299942951747, 400.0, 1e-06]}, "datetime": {"datetime": "2025-08-20 17:10:49", "elapsed": 19103.567442655563, "delta": 15.41739535331726}, "costs": {"total_cost": 171.9105847784765, "time_cost": 70.76, "final_distance_cost": 1.8279786771041153, "oscillation_cost": 25.00963061113558, "completition_cost": 0.0, "overshoot_cost": 50.874131465642215, "power_cost": 12.099633630371095, "noise_cost": 11.339210394223503, "n_waypoints_completed": 9, "tot_waypoints": 9}}
{"target": -172.01898808662537, "params": {"k_pid_pos": [1.4013655654204937, 0.0, 0.7604151328591746], "k_pid_alt": [2.0, 0.0, 0.0], "k_pid_att": [33.76628728564284, 0.0001, 0.3639221304140816], "k_pid_yaw": [0.5, 1e-06, 0.1], "k_pid_hsp": [0.11782926308428861, 0.0, 0.0], "k_pid_vsp": [245.5450184897195, 400.0, 1e-06]}, "datetime": {"datetime": "2025-08-20 17:11:05", "elapsed": 19119.568288326263, "delta": 16.000845670700073}, "costs": {"total_cost": 172.01898808662537, "time_cost": 70.744, "final_distance_cost": 1.8342824106514721, "oscillation_cost": 25.4056149646233, "completition_cost": 0.0, "overshoot_cost": 50.97730094162903, "power_cost": 11.737207946777344, "noise_cost": 11.320581822944241, "n_waypoints_completed": 9, "tot_waypoints": 9}}
{"target": -171.81992760781475, "params": {"k_pid_pos": [1.3384897371777853, 0.0, 0.714455956858428], "k_pid_alt": [2.0, 0.0, 0.0], "k_pid_att": [44.47116825286915, 0.0001, 0.36165398353735223], "k_pid_yaw": [0.5, 1e-06, 0.1], "k_pid_hsp": [0.09869150740483565, 0.0, 0.0], "k_pid_vsp": [236.4492302584961, 377.6728445538122, 1e-06]}, "datetime": {"datetime": "2025-08-20 17:11:20", "elapsed": 19134.950719356537, "delta": 15.382431030273438}, "costs": {"total_cost": 171.81992760781475, "time_cost": 70.792, "final_distance_cost": 1.8189563168322762, "oscillation_cost": 25.00822117541517, "completition_cost": 0.0, "overshoot_cost": 51.25179609932101, "power_cost": 11.7380599609375, "noise_cost": 11.210894055308794, "n_waypoints_completed": 9, "tot_waypoints": 9}}
{"target": -175.19900537232863, "params": {"k_pid_pos": [1.2730983254538455, 0.0, 0.7316818744696578], "k_pid_alt": [1.8926728176709637, 0.0, 0.0], "k_pid_att": [47.11793369731477, 0.0001, 0.15335993022712816], "k_pid_yaw": [0.5, 1e-06, 0.1], "k_pid_hsp": [0.14645818091084012, 0.0, 0.0], "k_pid_vsp": [256.592695921726, 349.54925905133246, 1e-06]}, "datetime": {"datetime": "2025-08-20 17:11:37", "elapsed": 19151.792573213577, "delta": 16.841853857040405}, "costs": {"total_cost": 175.19900537232863, "time_cost": 71.168, "final_distance_cost": 1.8434594891961291, "oscillation_cost": 26.829989226522606, "completition_cost": 0.0, "overshoot_cost": 51.073137898766134, "power_cost": 12.559382116699219, "noise_cost": 11.72503664114454, "n_waypoints_completed": 9, "tot_waypoints": 9}}
{"target": -172.6016527922436, "params": {"k_pid_pos": [1.4172122844616553, 0.0, 0.7009590566652616], "k_pid_alt": [2.0, 0.0, 0.0], "k_pid_att": [46.095185311518364, 0.0001, 0.4495709300788214], "k_pid_yaw": [0.5, 1e-06, 0.1], "k_pid_hsp": [0.10870104761222839, 0.0, 0.0], "k_pid_vsp": [249.84378843992462, 366.4771121907681, 1e-06]}, "datetime": {"datetime": "2025-08-20 17:11:54", "elapsed": 19168.80600810051, "delta": 17.013434886932373}, "costs": {"total_cost": 172.6016527922436, "time_cost": 70.552, "final_distance_cost": 1.8202192896028373, "oscillation_cost": 25.644304671700393, "completition_cost": 0.0, "overshoot_cost": 50.83697485102229, "power_cost": 12.327356970214844, "noise_cost": 11.420797009703225, "n_waypoints_completed": 9, "tot_waypoints": 9}}
{"target": -172.0208621897638, "params": {"k_pid_pos": [1.3608058344925646, 0.0, 0.6408515935303685], "k_pid_alt": [2.0, 0.0, 0.0], "k_pid_att": [24.576636109815126, 0.0001, 0.4095134956593047], "k_pid_yaw": [0.5, 1e-06, 0.1], "k_pid_hsp": [0.10731331678978137, 0.0, 0.0], "k_pid_vsp": [249.74932893601607, 312.18399707037224, 1e-06]}, "datetime": {"datetime": "2025-08-20 17:12:10", "elapsed": 19185.281415224075, "delta": 16.475407123565674}, "costs": {"total_cost": 172.0208621897638, "time_cost": 70.52, "final_distance_cost": 1.832937963494215, "oscillation_cost": 25.32322924293219, "completition_cost": 0.0, "overshoot_cost": 50.826838187993, "power_cost": 12.158280541992188, "noise_cost": 11.359576253352214, "n_waypoints_completed": 9, "tot_waypoints": 9}}
