{"target": -172.134550571622, "params": {"k_pid_pos": [1.3186242830152974, 0.0, 0.7025080308442365], "k_pid_alt": [1.9997231161365479, 0.0, 0.0], "k_pid_att": [25.742140958649067, 0.0001, 0.27268842369960644], "k_pid_yaw": [0.5, 1e-06, 0.1], "k_pid_hsp": [0.09730319886247574, 0.00018862500140047925, 0.0], "k_pid_vsp": [247.3194506604524, 354.52414621632636, 1e-06]}, "datetime": {"datetime": "2025-08-20 18:46:31", "elapsed": 24845.58230161667, "delta": 16.17661952972412}, "costs": {"total_cost": 172.134550571622, "time_cost": 70.792, "final_distance_cost": 1.8326185241428632, "oscillation_cost": 24.956102372973326, "completition_cost": 0.0, "overshoot_cost": 51.3310475574968, "power_cost": 11.934107336425782, "noise_cost": 11.28867478058324, "n_waypoints_completed": 9, "tot_waypoints": 9}}
{"target": -173.21563741511144, "params": {"k_pid_pos": [1.4962576668946095, 0.0, 0.7941311722520774], "k_pid_alt": [2.0, 0.0, 0.0], "k_pid_att": [62.292204493474, 0.0001, 0.2824816485330811], "k_pid_yaw": [0.5, 1e-06, 0.1], "k_pid_hsp": [0.1079692289292027, 0.00012488954542401936, 0.0], "k_pid_vsp": [281.0096658824011, 400.0, 1e-06]}, "datetime": {"datetime": "2025-08-20 18:46:45", "elapsed": 24860.542511701584, "delta": 14.960210084915161}, "costs": {"total_cost": 173.21563741511144, "time_cost": 70.64, "final_distance_cost": 1.8383683971227807, "oscillation_cost": 26.24160070143966, "completition_cost": 0.0, "overshoot_cost": 51.155016327287775, "power_cost": 11.908465502929689, "noise_cost": 11.432186486331544, "n_waypoints_completed": 9, "tot_waypoints": 9}}
{"target": -173.03419679812023, "params": {"k_pid_pos": [1.3121173652070517, 0.0, 0.8680934665688695], "k_pid_alt": [1.99974160080723, 0.0, 0.0], "k_pid_att": [23.975910536121592, 0.0001, 0.281058804927729], "k_pid_yaw": [0.5, 1e-06, 0.1], "k_pid_hsp": [0.11720880853867084, 0.0, 0.0], "k_pid_vsp": [264.96242680337525, 365.1357035538633, 1e-06]}, "datetime": {"datetime": "2025-08-20 18:47:03", "elapsed": 24877.663882017136, "delta": 17.121370315551758}, "costs": {"total_cost": 173.03419679812023, "time_cost": 71.592, "final_distance_cost": 1.8412995526258902, "oscillation_cost": 24.716735880484613, "completition_cost": 0.0, "overshoot_cost": 50.97990540295521, "power_cost": 12.240879357910156, "noise_cost": 11.663376604144366, "n_waypoints_completed": 9, "tot_waypoints": 9}}
{"target": -173.4648363631316, "params": {"k_pid_pos": [1.3621185921679153, 0.0, 0.9302595966116198], "k_pid_alt": [1.8287215075000032, 0.0, 0.0], "k_pid_att": [40.1054463497604, 0.0001, 0.2984417693610973], "k_pid_yaw": [0.5, 1e-06, 0.1], "k_pid_hsp": [0.10999163780860441, 0.0, 0.0], "k_pid_vsp": [229.82913664949297, 339.55335085159805, 1e-06]}, "datetime": {"datetime": "2025-08-20 18:47:18", "elapsed": 24893.320866823196, "delta": 15.656984806060791}, "costs": {"total_cost": 173.4648363631316, "time_cost": 71.432, "final_distance_cost": 1.8404294872734905, "oscillation_cost": 24.905817799301964, "completition_cost": 0.0, "overshoot_cost": 51.141387658866165, "power_cost": 12.358790881347657, "noise_cost": 11.78641053634231, "n_waypoints_completed": 9, "tot_waypoints": 9}}
{"target": -173.07894121853442, "params": {"k_pid_pos": [1.4520754009753345, 0.0, 0.7934603522772816], "k_pid_alt": [1.9997435292374202, 0.0, 0.0], "k_pid_att": [19.140629218641454, 0.0001, 0.29747868877808276], "k_pid_yaw": [0.5, 1e-06, 0.1], "k_pid_hsp": [0.10328930530710863, 4.448862347893647e-05, 0.0], "k_pid_vsp": [232.9563329016337, 254.06725387926105, 1e-06]}, "datetime": {"datetime": "2025-08-20 18:47:34", "elapsed": 24909.41712284088, "delta": 16.096256017684937}, "costs": {"total_cost": 173.07894121853442, "time_cost": 70.752, "final_distance_cost": 1.830253324064267, "oscillation_cost": 25.165846098004437, "completition_cost": 0.0, "overshoot_cost": 51.55102358336366, "power_cost": 12.234473327636719, "noise_cost": 11.545344885465346, "n_waypoints_completed": 9, "tot_waypoints": 9}}
{"target": -171.84876141178609, "params": {"k_pid_pos": [1.461484889741624, 0.0, 0.7669626565125481], "k_pid_alt": [1.9999295374120252, 0.0, 0.0], "k_pid_att": [20.954467232669707, 0.0001, 0.2595909241246152], "k_pid_yaw": [0.5, 1e-06, 0.1], "k_pid_hsp": [0.11097209929177196, 0.00024452835863223105, 0.0], "k_pid_vsp": [205.75797100262224, 359.25016970041065, 1e-06]}, "datetime": {"datetime": "2025-08-20 18:47:50", "elapsed": 24925.427641391754, "delta": 16.010518550872803}, "costs": {"total_cost": 171.84876141178609, "time_cost": 70.568, "final_distance_cost": 1.8362663274281288, "oscillation_cost": 25.65946184179916, "completition_cost": 0.0, "overshoot_cost": 50.76385024770194, "power_cost": 11.717109094238282, "noise_cost": 11.30407390061858, "n_waypoints_completed": 9, "tot_waypoints": 9}}
{"target": -172.68221263125972, "params": {"k_pid_pos": [1.3522354442874107, 0.0, 0.7643367217270848], "k_pid_alt": [1.9997924632306376, 0.0, 0.0], "k_pid_att": [20.226010500003678, 0.0001, 0.31517797274412146], "k_pid_yaw": [0.5, 1e-06, 0.1], "k_pid_hsp": [0.10971267293634435, 0.00015948443625689925, 0.0], "k_pid_vsp": [241.8909347184799, 352.5293875123749, 1e-06]}, "datetime": {"datetime": "2025-08-20 18:48:06", "elapsed": 24940.842206954956, "delta": 15.414565563201904}, "costs": {"total_cost": 172.68221263125972, "time_cost": 70.888, "final_distance_cost": 1.8216240286544045, "oscillation_cost": 25.091477631219714, "completition_cost": 0.0, "overshoot_cost": 51.19674753075224, "power_cost": 12.100011169433595, "noise_cost": 11.584352271199752, "n_waypoints_completed": 9, "tot_waypoints": 9}}
{"target": -172.6986618181655, "params": {"k_pid_pos": [1.476583616591515, 0.0006601008598369536, 0.8719236745625281], "k_pid_alt": [1.9998737238934585, 0.0, 0.0], "k_pid_att": [21.411192952934766, 0.0001, 0.2643953667243288], "k_pid_yaw": [0.5, 1e-06, 0.1], "k_pid_hsp": [0.11478193619943977, 3.139856925325697e-05, 0.0], "k_pid_vsp": [241.85300823427661, 361.1805329840441, 1e-06]}, "datetime": {"datetime": "2025-08-20 18:48:22", "elapsed": 24957.33661389351, "delta": 16.494406938552856}, "costs": {"total_cost": 172.6986618181655, "time_cost": 70.808, "final_distance_cost": 1.829772596309425, "oscillation_cost": 25.513794184618686, "completition_cost": 0.0, "overshoot_cost": 51.228529784192126, "power_cost": 11.933938305664062, "noise_cost": 11.384626947381188, "n_waypoints_completed": 9, "tot_waypoints": 9}}
{"target": -172.7079995655449, "params": {"k_pid_pos": [1.4376920828559892, 0.0, 0.7588175386496966], "k_pid_alt": [1.9688507690004045, 0.0, 0.0], "k_pid_att": [24.614992015118872, 0.0001, 0.27604969242501587], "k_pid_yaw": [0.5, 1e-06, 0.1], "k_pid_hsp": [0.11010344547556816, 8.620316484380283e-05, 0.0], "k_pid_vsp": [239.6252193232571, 363.00953122969156, 1e-06]}, "datetime": {"datetime": "2025-08-20 18:48:38", "elapsed": 24972.877462387085, "delta": 15.54084849357605}, "costs": {"total_cost": 172.7079995655449, "time_cost": 70.592, "final_distance_cost": 1.8190011318115185, "oscillation_cost": 25.527770943145246, "completition_cost": 0.0, "overshoot_cost": 50.87527290168482, "power_cost": 12.272868725585939, "noise_cost": 11.621085863317386, "n_waypoints_completed": 9, "tot_waypoints": 9}}
{"target": -172.7225050145541, "params": {"k_pid_pos": [1.3897527839232273, 0.0, 0.7223486810272105], "k_pid_alt": [1.9999742599539467, 0.0, 0.0], "k_pid_att": [52.384618793963355, 0.0001, 0.40338875929025897], "k_pid_yaw": [0.5, 1e-06, 0.1], "k_pid_hsp": [0.11608903035999019, 9.407544136589369e-05, 0.0], "k_pid_vsp": [244.10823347638836, 358.50892200910107, 1e-06]}, "datetime": {"datetime": "2025-08-20 18:48:53", "elapsed": 24988.312747716904, "delta": 15.435285329818726}, "costs": {"total_cost": 172.7225050145541, "time_cost": 70.72, "final_distance_cost": 1.8360011208231544, "oscillation_cost": 25.6973430772532, "completition_cost": 0.0, "overshoot_cost": 50.977104147613225, "power_cost": 12.09788701171875, "noise_cost": 11.394169657145763, "n_waypoints_completed": 9, "tot_waypoints": 9}}
{"target": -173.48159828968824, "params": {"k_pid_pos": [1.661719071235657, 0.0, 0.7110417030653472], "k_pid_alt": [1.9998001092656759, 0.0, 0.0], "k_pid_att": [20.894338508848005, 0.0001, 0.18963915053248948], "k_pid_yaw": [0.5, 1e-06, 0.1], "k_pid_hsp": [0.10636803924339208, 0.00019959140869628517, 0.0], "k_pid_vsp": [239.4064033365902, 392.48864866580374, 1e-06]}, "datetime": {"datetime": "2025-08-20 18:49:10", "elapsed": 25004.67394566536, "delta": 16.36119794845581}, "costs": {"total_cost": 173.48159828968824, "time_cost": 70.024, "final_distance_cost": 1.8015581123868891, "oscillation_cost": 27.303442344216247, "completition_cost": 0.0, "overshoot_cost": 51.05105848167044, "power_cost": 12.064038793945313, "noise_cost": 11.237500557469346, "n_waypoints_completed": 9, "tot_waypoints": 9}}
{"target": -176.46152237020877, "params": {"k_pid_pos": [0.9824423227890735, 0.0, 0.7940421528639905], "k_pid_alt": [2.0, 0.0, 0.0], "k_pid_att": [30.291193885119345, 0.0001, 0.26928254094887155], "k_pid_yaw": [0.5, 1e-06, 0.1], "k_pid_hsp": [0.10120544957368661, 0.00013762857959218248, 0.0], "k_pid_vsp": [220.7104963115387, 359.0216987522161, 1e-06]}, "datetime": {"datetime": "2025-08-20 18:49:26", "elapsed": 25020.797065019608, "delta": 16.123119354248047}, "costs": {"total_cost": 176.46152237020877, "time_cost": 74.424, "final_distance_cost": 1.8504509274603187, "oscillation_cost": 23.875013640068158, "completition_cost": 0.0, "overshoot_cost": 51.5151808434028, "power_cost": 12.515488317871094, "noise_cost": 12.281388641406386, "n_waypoints_completed": 9, "tot_waypoints": 9}}
{"target": -171.52965709196837, "params": {"k_pid_pos": [1.3803664184326772, 0.0, 0.7724625713837012], "k_pid_alt": [1.9996059570814677, 0.0, 0.0], "k_pid_att": [22.71949416730412, 0.0001, 0.27755568369899636], "k_pid_yaw": [0.5, 1e-06, 0.1], "k_pid_hsp": [0.11046935437972437, 0.0001938562906773757, 0.0], "k_pid_vsp": [228.22818126071414, 351.9035248688473, 1e-06]}, "datetime": {"datetime": "2025-08-20 18:49:42", "elapsed": 25037.238424777985, "delta": 16.441359758377075}, "costs": {"total_cost": 171.52965709196837, "time_cost": 70.824, "final_distance_cost": 1.8346971669016106, "oscillation_cost": 25.07546235482009, "completition_cost": 0.0, "overshoot_cost": 50.86043162662782, "power_cost": 11.639411975097657, "noise_cost": 11.295653968521195, "n_waypoints_completed": 9, "tot_waypoints": 9}}
{"target": -172.39305961179522, "params": {"k_pid_pos": [1.3517154289570623, 0.0, 0.7981064324022057], "k_pid_alt": [1.999990903935615, 0.0, 0.0], "k_pid_att": [20.001972689257215, 0.0001, 0.2696363798904313], "k_pid_yaw": [0.5, 1e-06, 0.1], "k_pid_hsp": [0.11325860472446136, 0.0003623534925444714, 0.0], "k_pid_vsp": [250.93018074057463, 382.59044404778257, 1e-06]}, "datetime": {"datetime": "2025-08-20 18:49:58", "elapsed": 25052.946421146393, "delta": 15.707996368408203}, "costs": {"total_cost": 172.39305961179522, "time_cost": 70.984, "final_distance_cost": 1.826837411634299, "oscillation_cost": 25.152687401197053, "completition_cost": 0.0, "overshoot_cost": 50.97867520927646, "power_cost": 12.020113305664063, "noise_cost": 11.430746284023337, "n_waypoints_completed": 9, "tot_waypoints": 9}}
{"target": -172.07324032423125, "params": {"k_pid_pos": [1.4613014472351167, 0.0, 0.78527254299735], "k_pid_alt": [1.9997556561572694, 0.0, 0.0], "k_pid_att": [20.882290729745396, 0.0001, 0.2807695952352218], "k_pid_yaw": [0.5, 1e-06, 0.1], "k_pid_hsp": [0.10773099955434094, 0.00015743220573749252, 0.0], "k_pid_vsp": [239.30823191742837, 400.0, 1e-06]}, "datetime": {"datetime": "2025-08-20 18:50:13", "elapsed": 25068.35942339897, "delta": 15.413002252578735}, "costs": {"total_cost": 172.07324032423125, "time_cost": 70.584, "final_distance_cost": 1.8172745599705802, "oscillation_cost": 25.6303512661092, "completition_cost": 0.0, "overshoot_cost": 50.91183486653992, "power_cost": 11.7811931640625, "noise_cost": 11.348586467549042, "n_waypoints_completed": 9, "tot_waypoints": 9}}
{"target": -172.76913009839726, "params": {"k_pid_pos": [1.475850075196356, 0.0, 0.8127524865184129], "k_pid_alt": [1.9999272362274336, 0.0, 0.0], "k_pid_att": [49.922782095664175, 0.0001, 0.6345805763153591], "k_pid_yaw": [0.5, 1e-06, 0.1], "k_pid_hsp": [0.1104737736857028, 5.7368484086682534e-05, 0.0], "k_pid_vsp": [241.01271692027376, 358.7612629209092, 1e-06]}, "datetime": {"datetime": "2025-08-20 18:50:31", "elapsed": 25086.291732788086, "delta": 17.93230938911438}, "costs": {"total_cost": 172.76913009839726, "time_cost": 70.72, "final_distance_cost": 1.8335087910567063, "oscillation_cost": 25.631036713559904, "completition_cost": 0.0, "overshoot_cost": 51.074560759252044, "power_cost": 12.073052319335938, "noise_cost": 11.436971515192665, "n_waypoints_completed": 9, "tot_waypoints": 9}}
{"target": -172.13322233835396, "params": {"k_pid_pos": [1.4555224830434472, 0.0, 0.7938439006692224], "k_pid_alt": [2.0, 0.0, 0.0], "k_pid_att": [22.53782039688254, 0.0001, 0.24892217360757374], "k_pid_yaw": [0.5, 1e-06, 0.1], "k_pid_hsp": [0.10560211747483429, 4.382022081310513e-05, 0.0], "k_pid_vsp": [260.88766121795504, 359.6672323459219, 1e-06]}, "datetime": {"datetime": "2025-08-20 18:50:47", "elapsed": 25102.02428507805, "delta": 15.732552289962769}, "costs": {"total_cost": 172.13322233835396, "time_cost": 70.656, "final_distance_cost": 1.8206788863262688, "oscillation_cost": 25.320835601782463, "completition_cost": 0.0, "overshoot_cost": 50.9034268553394, "power_cost": 12.009328356933594, "noise_cost": 11.422952637972243, "n_waypoints_completed": 9, "tot_waypoints": 9}}
{"target": -172.49660865500493, "params": {"k_pid_pos": [1.35722658172662, 0.0, 0.6082075690499752], "k_pid_alt": [1.9997146143616509, 0.0, 0.0], "k_pid_att": [10.239940569141059, 0.0001, 0.25025651037522767], "k_pid_yaw": [0.5, 1e-06, 0.1], "k_pid_hsp": [0.08672512470556701, 0.0001749020879264778, 0.0], "k_pid_vsp": [230.48557503509383, 400.0, 1e-06]}, "datetime": {"datetime": "2025-08-20 18:51:03", "elapsed": 25117.989971399307, "delta": 15.965686321258545}, "costs": {"total_cost": 172.49660865500493, "time_cost": 70.368, "final_distance_cost": 1.8156207565430755, "oscillation_cost": 25.622223242076874, "completition_cost": 0.0, "overshoot_cost": 51.39498694289986, "power_cost": 12.022450280761719, "noise_cost": 11.273327432723418, "n_waypoints_completed": 9, "tot_waypoints": 9}}
{"target": -172.79110901551735, "params": {"k_pid_pos": [1.4749894844588016, 0.0, 0.7031804203226538], "k_pid_alt": [2.0, 0.0, 0.0], "k_pid_att": [22.91542943659986, 0.0001, 0.28532424470989876], "k_pid_yaw": [0.5, 1e-06, 0.1], "k_pid_hsp": [0.10575216977335829, 0.00020662651059856333, 0.0], "k_pid_vsp": [312.3867768041297, 348.85011286985576, 1e-06]}, "datetime": {"datetime": "2025-08-20 18:51:18", "elapsed": 25133.181923151016, "delta": 15.191951751708984}, "costs": {"total_cost": 172.79110901551735, "time_cost": 70.4, "final_distance_cost": 1.83350666692482, "oscillation_cost": 25.884072002680053, "completition_cost": 0.0, "overshoot_cost": 51.11408398134326, "power_cost": 12.1146548828125, "noise_cost": 11.44479148175672, "n_waypoints_completed": 9, "tot_waypoints": 9}}
{"target": -173.79666252688133, "params": {"k_pid_pos": [1.4028217586407312, 0.0, 0.720349299020514], "k_pid_alt": [1.9669908016975743, 0.0, 0.0], "k_pid_att": [17.761416786097122, 0.0001, 0.0], "k_pid_yaw": [0.5, 1e-06, 0.1], "k_pid_hsp": [0.10603346109175497, 0.00020056053555841038, 0.0], "k_pid_vsp": [233.90441290189278, 343.6541154752481, 1e-06]}, "datetime": {"datetime": "2025-08-20 18:51:34", "elapsed": 25149.502476215363, "delta": 16.320553064346313}, "costs": {"total_cost": 173.79666252688133, "time_cost": 70.528, "final_distance_cost": 1.81617342633708, "oscillation_cost": 26.98227064008475, "completition_cost": 0.0, "overshoot_cost": 51.27948869112768, "power_cost": 11.860292517089844, "noise_cost": 11.330437252241971, "n_waypoints_completed": 9, "tot_waypoints": 9}}
{"target": -171.5218716184152, "params": {"k_pid_pos": [1.3818486408758015, 0.0, 0.6816055245971341], "k_pid_alt": [2.0, 0.0, 0.0], "k_pid_att": [21.719542848664876, 0.0001, 0.40020261990602823], "k_pid_yaw": [0.5, 1e-06, 0.1], "k_pid_hsp": [0.11090748669834424, 0.00016468169766299635, 0.0], "k_pid_vsp": [222.77755826583478, 367.4624770483222, 1e-06]}, "datetime": {"datetime": "2025-08-20 18:51:51", "elapsed": 25165.668295383453, "delta": 16.16581916809082}, "costs": {"total_cost": 171.5218716184152, "time_cost": 70.528, "final_distance_cost": 1.8255149892084925, "oscillation_cost": 25.38531153534151, "completition_cost": 0.0, "overshoot_cost": 50.71861334226849, "power_cost": 11.800301892089845, "noise_cost": 11.26412985950686, "n_waypoints_completed": 9, "tot_waypoints": 9}}
{"target": -172.07837702179572, "params": {"k_pid_pos": [1.3557358763828997, 0.0, 0.7225943185015459], "k_pid_alt": [1.9998067484477668, 0.0, 0.0], "k_pid_att": [17.848166179931713, 0.0001, 0.2839397217867873], "k_pid_yaw": [0.5, 1e-06, 0.1], "k_pid_hsp": [0.11752204746054146, 0.00018604090407155533, 0.0], "k_pid_vsp": [227.86202044178597, 363.0328318573467, 1e-06]}, "datetime": {"datetime": "2025-08-20 18:52:06", "elapsed": 25180.90393257141, "delta": 15.235637187957764}, "costs": {"total_cost": 172.07837702179572, "time_cost": 70.728, "final_distance_cost": 1.838633011130527, "oscillation_cost": 25.350926545677144, "completition_cost": 0.0, "overshoot_cost": 50.943794041734556, "power_cost": 11.869792712402344, "noise_cost": 11.347230710851157, "n_waypoints_completed": 9, "tot_waypoints": 9}}
{"target": -172.4087825264263, "params": {"k_pid_pos": [1.4289620542231172, 0.0, 0.756777322251695], "k_pid_alt": [1.9999215421387126, 0.0, 0.0], "k_pid_att": [25.964673067876646, 0.0001, 0.30860952040312795], "k_pid_yaw": [0.5, 1e-06, 0.1], "k_pid_hsp": [0.1091806827472445, 0.00023897582360960513, 0.0], "k_pid_vsp": [242.22233031771577, 388.38311350686, 1e-06]}, "datetime": {"datetime": "2025-08-20 18:52:22", "elapsed": 25197.209060907364, "delta": 16.30512833595276}, "costs": {"total_cost": 172.4087825264263, "time_cost": 70.632, "final_distance_cost": 1.8265397658425189, "oscillation_cost": 25.459820680748543, "completition_cost": 0.0, "overshoot_cost": 50.91605278831721, "power_cost": 12.11959267578125, "noise_cost": 11.45477661573677, "n_waypoints_completed": 9, "tot_waypoints": 9}}
{"target": -172.79586820432263, "params": {"k_pid_pos": [1.4378425765158478, 0.0, 1.0], "k_pid_alt": [2.0, 0.0, 0.0], "k_pid_att": [15.440618059891726, 0.0001, 0.26362989447830193], "k_pid_yaw": [0.5, 1e-06, 0.1], "k_pid_hsp": [0.10072437683288192, 5.830451245858158e-05, 0.0], "k_pid_vsp": [264.2255280653818, 400.0, 1e-06]}, "datetime": {"datetime": "2025-08-20 18:52:37", "elapsed": 25212.352319955826, "delta": 15.143259048461914}, "costs": {"total_cost": 172.79586820432263, "time_cost": 71.4, "final_distance_cost": 1.8353418457708046, "oscillation_cost": 24.826939061001646, "completition_cost": 0.0, "overshoot_cost": 51.24598953663692, "power_cost": 11.992475036621094, "noise_cost": 11.495122724292145, "n_waypoints_completed": 9, "tot_waypoints": 9}}
{"target": -172.72704810575846, "params": {"k_pid_pos": [1.4843354141682108, 0.0, 0.8574811442414233], "k_pid_alt": [2.0, 0.0, 0.0], "k_pid_att": [34.84135233805681, 0.0001, 0.5776724834243158], "k_pid_yaw": [0.5, 1e-06, 0.1], "k_pid_hsp": [0.14684401229148536, 0.00027940109567600166, 0.0], "k_pid_vsp": [229.6687008596616, 375.8556177178757, 1e-06]}, "datetime": {"datetime": "2025-08-20 18:52:53", "elapsed": 25228.459958314896, "delta": 16.107638359069824}, "costs": {"total_cost": 172.72704810575846, "time_cost": 70.752, "final_distance_cost": 1.8390588672817325, "oscillation_cost": 25.84305407408236, "completition_cost": 0.0, "overshoot_cost": 50.50998540451128, "power_cost": 12.182066027832033, "noise_cost": 11.600883732051042, "n_waypoints_completed": 9, "tot_waypoints": 9}}
{"target": -172.2879699502535, "params": {"k_pid_pos": [1.3731637761978464, 0.0, 0.797948135613705], "k_pid_alt": [1.999578283643895, 0.0, 0.0], "k_pid_att": [20.87930964632378, 0.0001, 0.11592797074443593], "k_pid_yaw": [0.5, 1e-06, 0.1], "k_pid_hsp": [0.10466975746880539, 0.0015822103247016043, 0.0], "k_pid_vsp": [237.37469819057586, 315.85779176064267, 1e-06]}, "datetime": {"datetime": "2025-08-20 18:53:10", "elapsed": 25244.812645196915, "delta": 16.352686882019043}, "costs": {"total_cost": 172.2879699502535, "time_cost": 70.808, "final_distance_cost": 1.8406869686928649, "oscillation_cost": 25.21713213752918, "completition_cost": 0.0, "overshoot_cost": 50.90245356029009, "power_cost": 12.016134826660156, "noise_cost": 11.503562457081213, "n_waypoints_completed": 9, "tot_waypoints": 9}}
{"target": -172.21866892990508, "params": {"k_pid_pos": [1.4793546780334497, 0.0, 0.8176341309588145], "k_pid_alt": [1.9997337875542016, 0.0, 0.0], "k_pid_att": [14.708861100718936, 0.0001, 0.34746565153051656], "k_pid_yaw": [0.5, 1e-06, 0.1], "k_pid_hsp": [0.13804473287189128, 0.00023128350812439292, 0.0], "k_pid_vsp": [261.0909650543727, 156.32878958979097, 1e-06]}, "datetime": {"datetime": "2025-08-20 18:53:26", "elapsed": 25261.11212325096, "delta": 16.29947805404663}, "costs": {"total_cost": 172.21866892990508, "time_cost": 70.776, "final_distance_cost": 1.8428395358286564, "oscillation_cost": 25.446096952146085, "completition_cost": 0.0, "overshoot_cost": 50.68708035789664, "power_cost": 12.000805126953125, "noise_cost": 11.465846957080576, "n_waypoints_completed": 9, "tot_waypoints": 9}}
