{"target": -172.06652607044634, "params": {"k_pid_pos": [1.3790540603187207, 0.0, 0.7705218382150418], "k_pid_alt": [1.9998797516294786, 0.0, 0.0], "k_pid_att": [23.348780571473803, 0.0001, 0.29435211315280124], "k_pid_yaw": [0.5, 1e-06, 0.1], "k_pid_hsp": [0.10783230612998511, 0.00022671380847396342, 0.0], "k_pid_vsp": [226.75311853993344, 357.65889876335, 1e-06]}, "datetime": {"datetime": "2025-08-20 19:30:17", "elapsed": 27472.36452150345, "delta": 16.05452847480774}, "costs": {"total_cost": 172.06652607044634, "time_cost": 70.824, "final_distance_cost": 1.839867397042308, "oscillation_cost": 25.111678709999183, "completition_cost": 0.0, "overshoot_cost": 50.91826728791356, "power_cost": 11.941140356445313, "noise_cost": 11.431572319045978, "n_waypoints_completed": 9, "tot_waypoints": 9}}
{"target": -172.19085115601865, "params": {"k_pid_pos": [1.3567582191849166, 0.0, 0.6941498305468973], "k_pid_alt": [1.9999243582030872, 0.0, 0.0], "k_pid_att": [17.52451931726607, 0.0001, 0.33171658835448103], "k_pid_yaw": [0.5, 1e-06, 0.1], "k_pid_hsp": [0.1342365575673975, 0.0001100454075562249, 0.0], "k_pid_vsp": [241.86536488893583, 376.8385246549331, 1e-06]}, "datetime": {"datetime": "2025-08-20 19:30:32", "elapsed": 27487.535410404205, "delta": 15.170888900756836}, "costs": {"total_cost": 172.19085115601865, "time_cost": 70.624, "final_distance_cost": 1.8268494719546475, "oscillation_cost": 25.417994556433115, "completition_cost": 0.0, "overshoot_cost": 50.82442201150444, "power_cost": 12.01531287841797, "noise_cost": 11.482272237708484, "n_waypoints_completed": 9, "tot_waypoints": 9}}
{"target": -172.27416476340014, "params": {"k_pid_pos": [1.3095808250252379, 0.0, 0.6382509325643975], "k_pid_alt": [1.9997886595999377, 0.0, 0.0], "k_pid_att": [24.24388135857348, 0.0001, 0.26097210889930816], "k_pid_yaw": [0.5, 1e-06, 0.1], "k_pid_hsp": [0.11459831017241155, 0.00011724147754421797, 0.0], "k_pid_vsp": [239.3357544209194, 242.05103699069107, 1e-06]}, "datetime": {"datetime": "2025-08-20 19:30:49", "elapsed": 27503.968859910965, "delta": 16.433449506759644}, "costs": {"total_cost": 172.27416476340014, "time_cost": 70.712, "final_distance_cost": 1.8233074671428655, "oscillation_cost": 25.12650156440545, "completition_cost": 0.0, "overshoot_cost": 51.11712058800891, "power_cost": 12.014851599121094, "noise_cost": 11.480383544721802, "n_waypoints_completed": 9, "tot_waypoints": 9}}
{"target": -173.05511937205452, "params": {"k_pid_pos": [1.4136619743551875, 0.0, 0.838240160319015], "k_pid_alt": [1.9998987555033403, 0.0, 0.0], "k_pid_att": [27.562627483679808, 0.0001, 0.5376953579507955], "k_pid_yaw": [0.5, 1e-06, 0.1], "k_pid_hsp": [0.07168907729538862, 1.0543081424027443e-05, 0.0], "k_pid_vsp": [321.50282214727724, 268.6650416951853, 1e-06]}, "datetime": {"datetime": "2025-08-20 19:31:06", "elapsed": 27520.657561063766, "delta": 16.688701152801514}, "costs": {"total_cost": 173.05511937205452, "time_cost": 71.288, "final_distance_cost": 1.8223075642658884, "oscillation_cost": 24.374567322265843, "completition_cost": 0.0, "overshoot_cost": 52.08592099797549, "power_cost": 11.979743371582032, "noise_cost": 11.50458011596528, "n_waypoints_completed": 9, "tot_waypoints": 9}}
{"target": -173.52048379771918, "params": {"k_pid_pos": [1.3810540949269392, 0.0, 0.8800259533487697], "k_pid_alt": [1.999866578531877, 0.0, 0.0], "k_pid_att": [18.962600246798853, 0.0001, 0.366797647800135], "k_pid_yaw": [0.5, 1e-06, 0.1], "k_pid_hsp": [0.08062681869687008, 0.0, 0.0], "k_pid_vsp": [204.19154070023347, 363.71710703558904, 1e-06]}, "datetime": {"datetime": "2025-08-20 19:31:22", "elapsed": 27536.99951028824, "delta": 16.341949224472046}, "costs": {"total_cost": 173.52048379771918, "time_cost": 71.224, "final_distance_cost": 1.8235404117419807, "oscillation_cost": 24.775315960277354, "completition_cost": 0.0, "overshoot_cost": 52.10196508074132, "power_cost": 12.112958679199219, "noise_cost": 11.482703665759301, "n_waypoints_completed": 9, "tot_waypoints": 9}}
{"target": -171.61227450210714, "params": {"k_pid_pos": [1.3612891343650448, 0.0, 0.6384264231723796], "k_pid_alt": [1.9998380083319713, 0.0, 0.0], "k_pid_att": [22.728608247975053, 0.0001, 0.3225430880356246], "k_pid_yaw": [0.5, 1e-06, 0.1], "k_pid_hsp": [0.08329643677404427, 5.450599709834349e-05, 0.0], "k_pid_vsp": [228.77167406004503, 378.76303136102604, 1e-06]}, "datetime": {"datetime": "2025-08-20 19:31:39", "elapsed": 27553.950256586075, "delta": 16.950746297836304}, "costs": {"total_cost": 171.61227450210714, "time_cost": 70.608, "final_distance_cost": 1.7961271850830103, "oscillation_cost": 25.343817903077518, "completition_cost": 0.0, "overshoot_cost": 50.99622903399252, "power_cost": 11.591689794921875, "noise_cost": 11.276410585032203, "n_waypoints_completed": 9, "tot_waypoints": 9}}
{"target": -172.70667538852473, "params": {"k_pid_pos": [1.3606067345724635, 0.0, 0.635039523609519], "k_pid_alt": [2.0, 0.0, 0.0], "k_pid_att": [25.037201247164553, 0.0001, 0.34386874072760354], "k_pid_yaw": [0.5, 1e-06, 0.1], "k_pid_hsp": [0.15054635633822586, 0.00017661225833127527, 0.0], "k_pid_vsp": [259.0964398365863, 348.8046966130623, 1e-06]}, "datetime": {"datetime": "2025-08-20 19:31:54", "elapsed": 27569.440779924393, "delta": 15.490523338317871}, "costs": {"total_cost": 172.70667538852473, "time_cost": 70.488, "final_distance_cost": 1.832954232974419, "oscillation_cost": 25.889521283159308, "completition_cost": 0.0, "overshoot_cost": 51.07917801216481, "power_cost": 12.055357385253906, "noise_cost": 11.361664474972295, "n_waypoints_completed": 9, "tot_waypoints": 9}}
{"target": -174.1921691667136, "params": {"k_pid_pos": [1.4633200474072279, 0.0, 0.8019101386444498], "k_pid_alt": [2.0, 0.0, 0.0], "k_pid_att": [17.949984023913817, 0.0001, 0.0], "k_pid_yaw": [0.5, 1e-06, 0.1], "k_pid_hsp": [0.09389855297192216, 4.323214885512929e-05, 0.0], "k_pid_vsp": [227.06760231844567, 355.5129876851202, 1e-06]}, "datetime": {"datetime": "2025-08-20 19:32:11", "elapsed": 27585.866065979004, "delta": 16.425286054611206}, "costs": {"total_cost": 174.1921691667136, "time_cost": 70.656, "final_distance_cost": 1.8294566010365128, "oscillation_cost": 27.23405529640674, "completition_cost": 0.0, "overshoot_cost": 51.3828172071878, "power_cost": 11.827777258300781, "noise_cost": 11.26206280378176, "n_waypoints_completed": 9, "tot_waypoints": 9}}
{"target": -172.56153097741844, "params": {"k_pid_pos": [1.36445214113352, 0.0, 0.6647377820684649], "k_pid_alt": [1.9999645807576407, 0.0, 0.0], "k_pid_att": [25.467583387374084, 0.0001, 0.3911898362392523], "k_pid_yaw": [0.5, 1e-06, 0.1], "k_pid_hsp": [0.07715104771911355, 4.4949845913272026e-05, 0.0], "k_pid_vsp": [231.4454646958619, 362.7328574911775, 1e-06]}, "datetime": {"datetime": "2025-08-20 19:32:26", "elapsed": 27601.088943719864, "delta": 15.222877740859985}, "costs": {"total_cost": 172.56153097741844, "time_cost": 70.776, "final_distance_cost": 1.826065259656006, "oscillation_cost": 24.908953095303154, "completition_cost": 0.0, "overshoot_cost": 52.11225470325324, "power_cost": 11.676281982421875, "noise_cost": 11.261975936784152, "n_waypoints_completed": 9, "tot_waypoints": 9}}
{"target": -172.261856331915, "params": {"k_pid_pos": [1.3463642824947677, 0.0, 0.7642712197613714], "k_pid_alt": [1.9996297537670575, 0.0, 0.0], "k_pid_att": [15.452136994350859, 0.0001, 0.28854595622679696], "k_pid_yaw": [0.5, 1e-06, 0.1], "k_pid_hsp": [0.08865733774763994, 5.965631763454792e-05, 0.0], "k_pid_vsp": [221.94560948731555, 365.9122668561325, 1e-06]}, "datetime": {"datetime": "2025-08-20 19:32:44", "elapsed": 27618.641947984695, "delta": 17.553004264831543}, "costs": {"total_cost": 172.261856331915, "time_cost": 70.856, "final_distance_cost": 1.815058079615872, "oscillation_cost": 24.90305190080954, "completition_cost": 0.0, "overshoot_cost": 52.001062446401704, "power_cost": 11.492136047363282, "noise_cost": 11.194547857724572, "n_waypoints_completed": 9, "tot_waypoints": 9}}
{"target": -172.03822859672812, "params": {"k_pid_pos": [1.3834485402755665, 0.0, 0.6832356934904726], "k_pid_alt": [2.0, 0.0, 0.0], "k_pid_att": [21.28082709995124, 0.0001, 0.26522841939488806], "k_pid_yaw": [0.5, 1e-06, 0.1], "k_pid_hsp": [0.10473571168066295, 0.00015738768727286223, 0.0], "k_pid_vsp": [238.7610112251368, 372.1397114859137, 1e-06]}, "datetime": {"datetime": "2025-08-20 19:32:59", "elapsed": 27633.967962026596, "delta": 15.326014041900635}, "costs": {"total_cost": 172.03822859672812, "time_cost": 70.552, "final_distance_cost": 1.8350406968190216, "oscillation_cost": 25.425406687025447, "completition_cost": 0.0, "overshoot_cost": 50.81965745128837, "power_cost": 12.046754125976562, "noise_cost": 11.359369635618691, "n_waypoints_completed": 9, "tot_waypoints": 9}}
{"target": -171.92340773802692, "params": {"k_pid_pos": [1.3316178080653236, 0.0, 0.726632306943531], "k_pid_alt": [1.9618645657575957, 0.0, 0.0], "k_pid_att": [28.912207990798645, 0.0001, 0.3138794465966773], "k_pid_yaw": [0.5, 1e-06, 0.1], "k_pid_hsp": [0.12518028050698402, 2.597366609382429e-05, 0.0], "k_pid_vsp": [275.2974874946108, 355.2834336688504, 1e-06]}, "datetime": {"datetime": "2025-08-20 19:33:18", "elapsed": 27652.63220667839, "delta": 18.664244651794434}, "costs": {"total_cost": 171.92340773802692, "time_cost": 70.824, "final_distance_cost": 1.8395577179406934, "oscillation_cost": 25.145969855880566, "completition_cost": 0.0, "overshoot_cost": 50.43336059143004, "power_cost": 12.11334910888672, "noise_cost": 11.567170463888909, "n_waypoints_completed": 9, "tot_waypoints": 9}}
{"target": -173.72324019496452, "params": {"k_pid_pos": [1.4715302531560122, 0.0, 0.7660388217701767], "k_pid_alt": [1.9999903019058725, 0.0, 0.0], "k_pid_att": [43.377582358716374, 0.0001, 0.4648748599511002], "k_pid_yaw": [0.5, 1e-06, 0.1], "k_pid_hsp": [0.06879375690567933, 0.00029767071640425166, 0.0], "k_pid_vsp": [243.77157991741637, 391.27171028052766, 1e-06]}, "datetime": {"datetime": "2025-08-20 19:33:33", "elapsed": 27667.842864751816, "delta": 15.210658073425293}, "costs": {"total_cost": 173.72324019496452, "time_cost": 71.128, "final_distance_cost": 1.7884841774635618, "oscillation_cost": 24.822416554210374, "completition_cost": 0.0, "overshoot_cost": 52.37248611212223, "power_cost": 12.079603198242188, "noise_cost": 11.53225015292618, "n_waypoints_completed": 9, "tot_waypoints": 9}}
{"target": -172.8316050447448, "params": {"k_pid_pos": [1.4785858561562588, 0.0, 0.7122365709720865], "k_pid_alt": [1.9998878616174847, 0.0, 0.0], "k_pid_att": [19.975238046968233, 0.0001, 0.3175710642691304], "k_pid_yaw": [0.5, 1e-06, 0.1], "k_pid_hsp": [0.08211359330896173, 0.0011984272744022615, 0.0], "k_pid_vsp": [243.0850302745386, 306.99400906336155, 1e-06]}, "datetime": {"datetime": "2025-08-20 19:33:50", "elapsed": 27684.905133247375, "delta": 17.062268495559692}, "costs": {"total_cost": 172.8316050447448, "time_cost": 70.416, "final_distance_cost": 1.826508569258126, "oscillation_cost": 25.561000541761278, "completition_cost": 0.0, "overshoot_cost": 51.911055824621, "power_cost": 11.804130932617188, "noise_cost": 11.312909176487198, "n_waypoints_completed": 9, "tot_waypoints": 9}}
{"target": -171.57686500489376, "params": {"k_pid_pos": [1.3476736070398125, 0.0, 0.7394014170545128], "k_pid_alt": [1.9999420325980886, 0.0, 0.0], "k_pid_att": [37.264937792588036, 0.0001, 0.4462296741237425], "k_pid_yaw": [0.5, 1e-06, 0.1], "k_pid_hsp": [0.11737189835042915, 1.0470067064765694e-05, 0.0], "k_pid_vsp": [209.295837835738, 175.91611004657494, 1e-06]}, "datetime": {"datetime": "2025-08-20 19:34:05", "elapsed": 27700.07225704193, "delta": 15.167123794555664}, "costs": {"total_cost": 171.57686500489376, "time_cost": 70.984, "final_distance_cost": 1.8349687756848059, "oscillation_cost": 24.825455869467557, "completition_cost": 0.0, "overshoot_cost": 50.75358055010094, "power_cost": 11.836389770507813, "noise_cost": 11.34247003913266, "n_waypoints_completed": 9, "tot_waypoints": 9}}
{"target": -173.15713318318896, "params": {"k_pid_pos": [1.4490048631419186, 0.0, 0.9631427920935713], "k_pid_alt": [1.9999253832318131, 0.0, 0.0], "k_pid_att": [23.899530988458643, 0.0001, 0.599299410268504], "k_pid_yaw": [0.5, 1e-06, 0.1], "k_pid_hsp": [0.11578524994621989, 9.414185563085692e-06, 0.0], "k_pid_vsp": [248.8101234169648, 302.0874504610001, 1e-06]}, "datetime": {"datetime": "2025-08-20 19:34:21", "elapsed": 27716.011029481888, "delta": 15.938772439956665}, "costs": {"total_cost": 173.15713318318896, "time_cost": 71.304, "final_distance_cost": 1.8457705161532367, "oscillation_cost": 24.979416710145408, "completition_cost": 0.0, "overshoot_cost": 51.24080888607232, "power_cost": 12.149185913085939, "noise_cost": 11.637951157732038, "n_waypoints_completed": 9, "tot_waypoints": 9}}
{"target": -173.3321934114647, "params": {"k_pid_pos": [1.3846314593812545, 0.0, 0.8243644047295474], "k_pid_alt": [1.999909637004423, 0.0, 0.0], "k_pid_att": [26.41239736389325, 0.0001, 0.307222187532928], "k_pid_yaw": [0.5, 1e-06, 0.1], "k_pid_hsp": [0.08897645184048888, 0.00020313177775614877, 0.0], "k_pid_vsp": [229.81405469087514, 384.9643894192876, 1e-06]}, "datetime": {"datetime": "2025-08-20 19:34:38", "elapsed": 27733.03164958954, "delta": 17.020620107650757}, "costs": {"total_cost": 173.3321934114647, "time_cost": 70.968, "final_distance_cost": 1.8379134324605875, "oscillation_cost": 24.975186632416257, "completition_cost": 0.0, "overshoot_cost": 51.77944725271259, "power_cost": 12.256649658203125, "noise_cost": 11.514996435672145, "n_waypoints_completed": 9, "tot_waypoints": 9}}
{"target": -173.04410088090378, "params": {"k_pid_pos": [1.3974159253230671, 0.0, 0.7792389773469206], "k_pid_alt": [1.9999100766865567, 0.0, 0.0], "k_pid_att": [16.442384727575284, 0.0001, 0.30617845814895134], "k_pid_yaw": [0.5, 1e-06, 0.1], "k_pid_hsp": [0.1423740025940315, 9.397517311313007e-06, 0.0], "k_pid_vsp": [174.57007671931842, 373.1310082997612, 1e-06]}, "datetime": {"datetime": "2025-08-20 19:34:54", "elapsed": 27748.635905742645, "delta": 15.60425615310669}, "costs": {"total_cost": 173.04410088090378, "time_cost": 70.768, "final_distance_cost": 1.8339601504592424, "oscillation_cost": 25.959527842348177, "completition_cost": 0.0, "overshoot_cost": 50.67324568652331, "power_cost": 12.276818115234375, "noise_cost": 11.532549086338701, "n_waypoints_completed": 9, "tot_waypoints": 9}}
{"target": -172.24576582243128, "params": {"k_pid_pos": [1.391596191752823, 0.0, 0.7080257922420847], "k_pid_alt": [1.9999629015117786, 0.0, 0.0], "k_pid_att": [25.04524522259183, 0.0001, 0.2991922219147673], "k_pid_yaw": [0.5, 1e-06, 0.1], "k_pid_hsp": [0.13696039704987403, 7.272705547712308e-05, 0.0], "k_pid_vsp": [215.9640484065829, 377.6081573410663, 1e-06]}, "datetime": {"datetime": "2025-08-20 19:35:10", "elapsed": 27764.966830968857, "delta": 16.330925226211548}, "costs": {"total_cost": 172.24576582243128, "time_cost": 70.584, "final_distance_cost": 1.8264684689110948, "oscillation_cost": 26.003279904465863, "completition_cost": 0.0, "overshoot_cost": 50.56570216030353, "power_cost": 11.808789013671875, "noise_cost": 11.457526275078877, "n_waypoints_completed": 9, "tot_waypoints": 9}}
{"target": -172.46436423440667, "params": {"k_pid_pos": [1.6347913266990537, 0.0, 0.6929725806905092], "k_pid_alt": [2.0, 0.0, 0.0], "k_pid_att": [50.838422351610305, 0.0001, 0.33012708469172003], "k_pid_yaw": [0.5, 1e-06, 0.1], "k_pid_hsp": [0.08906479549694618, 0.0, 0.0], "k_pid_vsp": [249.66903230073805, 400.0, 1e-06]}, "datetime": {"datetime": "2025-08-20 19:35:25", "elapsed": 27779.72660255432, "delta": 14.759771585464478}, "costs": {"total_cost": 172.46436423440667, "time_cost": 70.2, "final_distance_cost": 1.7973123155729653, "oscillation_cost": 26.727064849533182, "completition_cost": 0.0, "overshoot_cost": 51.09390624400261, "power_cost": 11.54188778076172, "noise_cost": 11.104193044536212, "n_waypoints_completed": 9, "tot_waypoints": 9}}
{"target": -170.9760581892329, "params": {"k_pid_pos": [1.312841670817481, 0.0, 0.6259404545060034], "k_pid_alt": [1.999886395922972, 0.0, 0.0], "k_pid_att": [26.406348487663003, 0.0001, 0.31996506959985355], "k_pid_yaw": [0.5, 1e-06, 0.1], "k_pid_hsp": [0.08996759741355165, 6.235294370367391e-05, 0.0], "k_pid_vsp": [250.0275981995483, 395.01077768938933, 1e-06]}, "datetime": {"datetime": "2025-08-20 19:35:42", "elapsed": 27797.206985235214, "delta": 17.480382680892944}, "costs": {"total_cost": 170.9760581892329, "time_cost": 70.60000000000001, "final_distance_cost": 1.8003197631815344, "oscillation_cost": 25.03411670920495, "completition_cost": 0.0, "overshoot_cost": 51.19381333878228, "power_cost": 11.239611767578126, "noise_cost": 11.108196610486011, "n_waypoints_completed": 9, "tot_waypoints": 9}}
{"target": -172.92819267886793, "params": {"k_pid_pos": [1.4553687474865356, 0.0, 0.8412233475468134], "k_pid_alt": [1.941108110253426, 0.0, 0.0], "k_pid_att": [18.217917562708656, 0.0001, 0.25318550749193725], "k_pid_yaw": [0.5, 1e-06, 0.1], "k_pid_hsp": [0.1149742548371198, 2.6231043555459217e-05, 0.0], "k_pid_vsp": [221.62257702559148, 225.38973789342367, 1e-06]}, "datetime": {"datetime": "2025-08-20 19:35:57", "elapsed": 27812.549926042557, "delta": 15.34294080734253}, "costs": {"total_cost": 172.92819267886793, "time_cost": 70.816, "final_distance_cost": 1.8263726095100294, "oscillation_cost": 25.33143508989005, "completition_cost": 0.0, "overshoot_cost": 51.35993213799628, "power_cost": 12.056440380859376, "noise_cost": 11.538012460612173, "n_waypoints_completed": 9, "tot_waypoints": 9}}
{"target": -172.65313504132143, "params": {"k_pid_pos": [1.3811446486670635, 0.0, 0.7501561715630627], "k_pid_alt": [1.9998892335597491, 0.0, 0.0], "k_pid_att": [20.804664063385893, 0.0001, 0.30475585457427595], "k_pid_yaw": [0.5, 1e-06, 0.1], "k_pid_hsp": [0.08286950244767272, 3.436893332921287e-05, 0.0], "k_pid_vsp": [206.5557586140083, 368.6217935316581, 1e-06]}, "datetime": {"datetime": "2025-08-20 19:36:15", "elapsed": 27830.121901512146, "delta": 17.571975469589233}, "costs": {"total_cost": 172.65313504132143, "time_cost": 70.792, "final_distance_cost": 1.8128338973443676, "oscillation_cost": 24.872904670193602, "completition_cost": 0.0, "overshoot_cost": 51.898836476995896, "power_cost": 12.007176599121093, "noise_cost": 11.26938339766648, "n_waypoints_completed": 9, "tot_waypoints": 9}}
{"target": -172.56907320341537, "params": {"k_pid_pos": [1.349658671339125, 0.0, 0.6208224956980917], "k_pid_alt": [1.9999496452171757, 0.0, 0.0], "k_pid_att": [26.20635958956455, 0.0001, 0.3265846244959373], "k_pid_yaw": [0.5, 1e-06, 0.1], "k_pid_hsp": [0.07848271270620225, 7.79868282854775e-05, 0.0], "k_pid_vsp": [220.01227537409775, 367.27382071898836, 1e-06]}, "datetime": {"datetime": "2025-08-20 19:36:30", "elapsed": 27845.08373427391, "delta": 14.961832761764526}, "costs": {"total_cost": 172.56907320341537, "time_cost": 70.712, "final_distance_cost": 1.7965278265063123, "oscillation_cost": 25.053286672795156, "completition_cost": 0.0, "overshoot_cost": 51.6868275555845, "power_cost": 11.942309375, "noise_cost": 11.378121773529386, "n_waypoints_completed": 9, "tot_waypoints": 9}}
{"target": -173.78310806577204, "params": {"k_pid_pos": [1.4009925483803904, 0.0, 0.7372153237550041], "k_pid_alt": [1.9999189130000024, 0.0, 0.0], "k_pid_att": [20.53626055309514, 0.0001, 0.23074278924136649], "k_pid_yaw": [0.5, 1e-06, 0.1], "k_pid_hsp": [0.07488843397824967, 2.9076538452171753e-05, 0.0], "k_pid_vsp": [221.2900084074172, 318.3959234428632, 1e-06]}, "datetime": {"datetime": "2025-08-20 19:36:47", "elapsed": 27861.6846203804, "delta": 16.60088610649109}, "costs": {"total_cost": 173.78310806577204, "time_cost": 70.928, "final_distance_cost": 1.812440809251232, "oscillation_cost": 25.249803634859216, "completition_cost": 0.0, "overshoot_cost": 52.16050132027779, "power_cost": 12.123244189453125, "noise_cost": 11.50911811193069, "n_waypoints_completed": 9, "tot_waypoints": 9}}
{"target": -171.76169969290945, "params": {"k_pid_pos": [1.41269861234243, 0.006710888533747134, 0.7371986180377231], "k_pid_alt": [1.9999815470922309, 0.0, 0.0], "k_pid_att": [28.483201989596406, 0.0001, 0.24418524504991876], "k_pid_yaw": [0.5, 1e-06, 0.1], "k_pid_hsp": [0.13451950023738385, 9.08531587440484e-05, 0.0], "k_pid_vsp": [264.2448289331388, 400.0, 1e-06]}, "datetime": {"datetime": "2025-08-20 19:37:02", "elapsed": 27877.479544878006, "delta": 15.79492449760437}, "costs": {"total_cost": 171.76169969290945, "time_cost": 70.608, "final_distance_cost": 1.8388570565989533, "oscillation_cost": 25.704483463633096, "completition_cost": 0.0, "overshoot_cost": 50.24421868881514, "power_cost": 11.951071020507813, "noise_cost": 11.415069463354447, "n_waypoints_completed": 9, "tot_waypoints": 9}}
{"target": -172.27969394329654, "params": {"k_pid_pos": [1.3215564537052646, 0.0, 0.639136859955137], "k_pid_alt": [1.9895831476118804, 0.0, 0.0], "k_pid_att": [28.70436452313089, 0.0001, 0.3353445137460701], "k_pid_yaw": [0.5, 1e-06, 0.1], "k_pid_hsp": [0.09147283723707336, 2.4648535622923302e-05, 0.0], "k_pid_vsp": [226.52284457687162, 386.3166901515955, 1e-06]}, "datetime": {"datetime": "2025-08-20 19:37:18", "elapsed": 27893.483357429504, "delta": 16.003812551498413}, "costs": {"total_cost": 172.27969394329654, "time_cost": 70.624, "final_distance_cost": 1.8232384378732713, "oscillation_cost": 25.34025121804967, "completition_cost": 0.0, "overshoot_cost": 51.250085168787756, "power_cost": 11.902494921875, "noise_cost": 11.339624196710838, "n_waypoints_completed": 9, "tot_waypoints": 9}}
