{"target": -172.39118447749445, "params": {"k_pid_pos": [1.420933363167134, 0.0, 0.6819368756122858], "k_pid_alt": [1.9999378154850382, 0.0, 0.0], "k_pid_att": [42.11151651610545, 0.0001, 0.3459733007896269], "k_pid_yaw": [0.5, 1e-06, 0.1], "k_pid_hsp": [0.10489192085846666, 2.1507383302744958e-05, 0.0], "k_pid_vsp": [254.23493630506516, 389.7206831787724, 1e-06]}, "datetime": {"datetime": "2025-08-20 19:59:23", "elapsed": 29218.021900177002, "delta": 15.294537544250488}, "costs": {"total_cost": 172.39118447749445, "time_cost": 70.496, "final_distance_cost": 1.8092109046359817, "oscillation_cost": 25.571965750677414, "completition_cost": 0.0, "overshoot_cost": 50.752691503260294, "power_cost": 12.270705700683594, "noise_cost": 11.490610618237154, "n_waypoints_completed": 9, "tot_waypoints": 9}}
{"target": -174.08436171844411, "params": {"k_pid_pos": [1.3614788130400157, 0.0, 1.0], "k_pid_alt": [1.9998274334794872, 0.0, 0.0], "k_pid_att": [42.417212413426924, 0.0001, 0.2827378055590442], "k_pid_yaw": [0.5, 1e-06, 0.1], "k_pid_hsp": [0.08851729477513098, 6.801017518893144e-05, 0.0], "k_pid_vsp": [247.58808084094193, 302.6660456825433, 1e-06]}, "datetime": {"datetime": "2025-08-20 19:59:40", "elapsed": 29235.056646108627, "delta": 17.034745931625366}, "costs": {"total_cost": 174.08436171844411, "time_cost": 71.904, "final_distance_cost": 1.8289606883029608, "oscillation_cost": 24.535291712871732, "completition_cost": 0.0, "overshoot_cost": 51.978080822483626, "power_cost": 12.136871557617187, "noise_cost": 11.701156937168612, "n_waypoints_completed": 9, "tot_waypoints": 9}}
{"target": -171.4295942340132, "params": {"k_pid_pos": [1.30128727434956, 0.0, 0.6179263920164385], "k_pid_alt": [1.99989042196936, 0.0, 0.0], "k_pid_att": [26.607078693603764, 0.0001, 0.3220466078585613], "k_pid_yaw": [0.5, 1e-06, 0.1], "k_pid_hsp": [0.09212433534417232, 4.563987585586895e-05, 0.0], "k_pid_vsp": [250.32987270536518, 398.06608553804443, 1e-06]}, "datetime": {"datetime": "2025-08-20 19:59:56", "elapsed": 29250.636173009872, "delta": 15.579526901245117}, "costs": {"total_cost": 171.4295942340132, "time_cost": 70.624, "final_distance_cost": 1.8177237116006202, "oscillation_cost": 25.04635604993084, "completition_cost": 0.0, "overshoot_cost": 51.192187157505764, "power_cost": 11.507600463867188, "noise_cost": 11.24172685110878, "n_waypoints_completed": 9, "tot_waypoints": 9}}
{"target": -172.3133029831362, "params": {"k_pid_pos": [1.3190468286562085, 0.0, 0.6768208864288261], "k_pid_alt": [1.8827955788059343, 0.0, 0.0], "k_pid_att": [31.293361799894925, 0.0001, 0.27817306031309497], "k_pid_yaw": [0.5, 1e-06, 0.1], "k_pid_hsp": [0.07682601025964186, 0.0, 0.0], "k_pid_vsp": [241.4451379393651, 392.7567663993057, 1e-06]}, "datetime": {"datetime": "2025-08-20 20:00:11", "elapsed": 29266.550524950027, "delta": 15.91435194015503}, "costs": {"total_cost": 172.3133029831362, "time_cost": 70.92, "final_distance_cost": 1.802030172902783, "oscillation_cost": 24.846843886634023, "completition_cost": 0.0, "overshoot_cost": 51.89420134839994, "power_cost": 11.597732678222657, "noise_cost": 11.252494896976803, "n_waypoints_completed": 9, "tot_waypoints": 9}}
{"target": -172.19151306620037, "params": {"k_pid_pos": [1.4332071019584045, 0.0, 0.8138251036976627], "k_pid_alt": [1.9998898389635162, 0.0, 0.0], "k_pid_att": [22.328739211933282, 0.0001, 0.31268251410297865], "k_pid_yaw": [0.5, 1e-06, 0.1], "k_pid_hsp": [0.09420736364991551, 5.305720008316212e-05, 0.0], "k_pid_vsp": [243.9086223825073, 360.46324753968236, 1e-06]}, "datetime": {"datetime": "2025-08-20 20:00:28", "elapsed": 29283.37748527527, "delta": 16.82696032524109}, "costs": {"total_cost": 172.19151306620037, "time_cost": 70.792, "final_distance_cost": 1.824733245588056, "oscillation_cost": 25.097620186635048, "completition_cost": 0.0, "overshoot_cost": 51.304141452000195, "power_cost": 11.903954833984375, "noise_cost": 11.269063347992702, "n_waypoints_completed": 9, "tot_waypoints": 9}}
{"target": -172.04938869815874, "params": {"k_pid_pos": [1.3068018699184971, 0.0, 0.6648161403900374], "k_pid_alt": [1.9999009972429802, 0.0, 0.0], "k_pid_att": [26.82038396666663, 0.0001, 0.30991440486951866], "k_pid_yaw": [0.5, 1e-06, 0.1], "k_pid_hsp": [0.10007758474672483, 7.965386483181635e-06, 0.0], "k_pid_vsp": [226.7140689395539, 396.44689924111435, 1e-06]}, "datetime": {"datetime": "2025-08-20 20:00:44", "elapsed": 29299.187639713287, "delta": 15.810154438018799}, "costs": {"total_cost": 172.04938869815874, "time_cost": 70.712, "final_distance_cost": 1.8219841190376098, "oscillation_cost": 25.06649891366731, "completition_cost": 0.0, "overshoot_cost": 50.84085228786651, "power_cost": 12.12940262451172, "noise_cost": 11.478650753075595, "n_waypoints_completed": 9, "tot_waypoints": 9}}
{"target": -171.20836637630194, "params": {"k_pid_pos": [1.3350614352593009, 0.0, 0.6507847858596688], "k_pid_alt": [1.999926513938824, 0.0, 0.0], "k_pid_att": [31.41520043109629, 0.0001, 0.3519339753616836], "k_pid_yaw": [0.5, 1e-06, 0.1], "k_pid_hsp": [0.08767398881941504, 2.939195036460769e-05, 0.0], "k_pid_vsp": [283.85164733446595, 368.61969746341197, 1e-06]}, "datetime": {"datetime": "2025-08-20 20:01:01", "elapsed": 29315.77796769142, "delta": 16.590327978134155}, "costs": {"total_cost": 171.20836637630194, "time_cost": 70.648, "final_distance_cost": 1.8110199858667626, "oscillation_cost": 24.882255782655324, "completition_cost": 0.0, "overshoot_cost": 51.047435020590164, "power_cost": 11.607752075195313, "noise_cost": 11.21190351199437, "n_waypoints_completed": 9, "tot_waypoints": 9}}
{"target": -172.56310094978534, "params": {"k_pid_pos": [1.292757517595455, 0.0, 0.5850976663964043], "k_pid_alt": [1.9999613780473315, 0.0, 0.0], "k_pid_att": [29.610653308341707, 0.0001, 0.3528651744810827], "k_pid_yaw": [0.5, 1e-06, 0.1], "k_pid_hsp": [0.12777841486921723, 5.0377490667279514e-05, 0.0], "k_pid_vsp": [243.02929755176177, 400.0, 1e-06]}, "datetime": {"datetime": "2025-08-20 20:01:16", "elapsed": 29330.914990901947, "delta": 15.137023210525513}, "costs": {"total_cost": 172.56310094978534, "time_cost": 70.512, "final_distance_cost": 1.8399977636889022, "oscillation_cost": 25.758261285910407, "completition_cost": 0.0, "overshoot_cost": 50.692450551455586, "power_cost": 12.263646374511719, "noise_cost": 11.496744974218743, "n_waypoints_completed": 9, "tot_waypoints": 9}}
{"target": -172.3927040543719, "params": {"k_pid_pos": [1.326949905662796, 0.0, 0.8046301216089968], "k_pid_alt": [1.9776397544911428, 0.0, 0.0], "k_pid_att": [29.147123181488098, 0.0001, 0.26684280960989293], "k_pid_yaw": [0.5, 1e-06, 0.1], "k_pid_hsp": [0.10544454152015353, 2.4672985509038014e-05, 0.0], "k_pid_vsp": [272.16617664471204, 383.40755034067774, 1e-06]}, "datetime": {"datetime": "2025-08-20 20:01:32", "elapsed": 29347.50942182541, "delta": 16.594430923461914}, "costs": {"total_cost": 172.3927040543719, "time_cost": 71.104, "final_distance_cost": 1.8432179949921266, "oscillation_cost": 24.852682613928877, "completition_cost": 0.0, "overshoot_cost": 50.82349511335809, "power_cost": 12.183408227539063, "noise_cost": 11.585900104553739, "n_waypoints_completed": 9, "tot_waypoints": 9}}
{"target": -172.2482134037032, "params": {"k_pid_pos": [1.2810090630122177, 0.0, 0.6594395690236328], "k_pid_alt": [1.9999176281406033, 0.0, 0.0], "k_pid_att": [21.357728548005454, 0.0001, 0.27963709978191287], "k_pid_yaw": [0.5, 1e-06, 0.1], "k_pid_hsp": [0.09266432504714642, 5.2880399427743344e-05, 0.0], "k_pid_vsp": [260.43542213673396, 396.6027050049662, 1e-06]}, "datetime": {"datetime": "2025-08-20 20:01:47", "elapsed": 29362.480211019516, "delta": 14.970789194107056}, "costs": {"total_cost": 172.2482134037032, "time_cost": 70.792, "final_distance_cost": 1.8123754116824613, "oscillation_cost": 24.888459376498727, "completition_cost": 0.0, "overshoot_cost": 51.42238730286909, "power_cost": 11.967882373046876, "noise_cost": 11.365108939606042, "n_waypoints_completed": 9, "tot_waypoints": 9}}
{"target": -173.5211412947279, "params": {"k_pid_pos": [1.4427413363444557, 0.0, 0.5909913500423092], "k_pid_alt": [1.99993391994343, 0.0, 0.0], "k_pid_att": [22.214402180524523, 0.0001, 0.1636775413305439], "k_pid_yaw": [0.5, 1e-06, 0.1], "k_pid_hsp": [0.10549073053525636, 0.00026257279762496036, 0.0], "k_pid_vsp": [212.13747359481079, 400.0, 1e-06]}, "datetime": {"datetime": "2025-08-20 20:02:04", "elapsed": 29379.106697559357, "delta": 16.6264865398407}, "costs": {"total_cost": 173.5211412947279, "time_cost": 70.168, "final_distance_cost": 1.801348861289557, "oscillation_cost": 26.615639653478148, "completition_cost": 0.0, "overshoot_cost": 51.09373834875636, "power_cost": 12.340100415039062, "noise_cost": 11.502314016164782, "n_waypoints_completed": 9, "tot_waypoints": 9}}
{"target": -173.46528631353027, "params": {"k_pid_pos": [1.20506598109091, 0.0, 0.8090759810268138], "k_pid_alt": [1.9998869500883503, 0.0, 0.0], "k_pid_att": [28.909793611602893, 0.0001, 0.26056177924121854], "k_pid_yaw": [0.5, 1e-06, 0.1], "k_pid_hsp": [0.09199637878786218, 0.0, 0.0], "k_pid_vsp": [224.36152475938476, 379.6651292432199, 1e-06]}, "datetime": {"datetime": "2025-08-20 20:02:20", "elapsed": 29395.065108060837, "delta": 15.958410501480103}, "costs": {"total_cost": 173.46528631353027, "time_cost": 71.83200000000001, "final_distance_cost": 1.8228910606178779, "oscillation_cost": 24.331715861059777, "completition_cost": 0.0, "overshoot_cost": 51.61037302819785, "power_cost": 12.118979650878908, "noise_cost": 11.749326712775867, "n_waypoints_completed": 9, "tot_waypoints": 9}}
{"target": -172.20725216438743, "params": {"k_pid_pos": [1.369278570606999, 0.0, 0.7427331366444359], "k_pid_alt": [1.999872225717675, 0.0, 0.0], "k_pid_att": [22.384368257895694, 0.0001, 0.28078846052003986], "k_pid_yaw": [0.5, 1e-06, 0.1], "k_pid_hsp": [0.12317041181566377, 8.583311705754094e-05, 0.0], "k_pid_vsp": [240.60156046510275, 342.03075629727414, 1e-06]}, "datetime": {"datetime": "2025-08-20 20:02:36", "elapsed": 29410.760677099228, "delta": 15.695569038391113}, "costs": {"total_cost": 172.20725216438743, "time_cost": 70.776, "final_distance_cost": 1.8250070442087707, "oscillation_cost": 25.41672146674491, "completition_cost": 0.0, "overshoot_cost": 50.93626051997473, "power_cost": 11.9383416015625, "noise_cost": 11.314921531896523, "n_waypoints_completed": 9, "tot_waypoints": 9}}
{"target": -172.52301661826817, "params": {"k_pid_pos": [1.314057451729861, 0.0, 0.7378213754840839], "k_pid_alt": [1.9999314788582696, 0.0, 0.0], "k_pid_att": [20.087287932336395, 0.0001, 0.3388881751524324], "k_pid_yaw": [0.5, 1e-06, 0.1], "k_pid_hsp": [0.1065438817743316, 7.301729418339909e-05, 0.0], "k_pid_vsp": [244.24545939822548, 381.73346464984985, 1e-06]}, "datetime": {"datetime": "2025-08-20 20:02:52", "elapsed": 29427.04412150383, "delta": 16.28344440460205}, "costs": {"total_cost": 172.52301661826817, "time_cost": 70.912, "final_distance_cost": 1.8385353420853519, "oscillation_cost": 25.078191679139195, "completition_cost": 0.0, "overshoot_cost": 51.512935330810286, "power_cost": 11.826697106933594, "noise_cost": 11.354657159299725, "n_waypoints_completed": 9, "tot_waypoints": 9}}
{"target": -172.16423890512934, "params": {"k_pid_pos": [1.1969916118295012, 0.0, 0.4497862197992465], "k_pid_alt": [1.9999609252000652, 0.0, 0.0], "k_pid_att": [41.909033941188355, 0.0001, 0.38364273228476614], "k_pid_yaw": [0.5, 1e-06, 0.1], "k_pid_hsp": [0.09880257993245925, 5.30902039782673e-05, 0.0], "k_pid_vsp": [238.26651926479573, 375.4610320869012, 1e-06]}, "datetime": {"datetime": "2025-08-20 20:03:07", "elapsed": 29442.49963927269, "delta": 15.455517768859863}, "costs": {"total_cost": 172.16423890512934, "time_cost": 70.456, "final_distance_cost": 1.8200896415980723, "oscillation_cost": 25.397418276156113, "completition_cost": 0.0, "overshoot_cost": 50.988708047132924, "power_cost": 12.176612902832032, "noise_cost": 11.325410037410188, "n_waypoints_completed": 9, "tot_waypoints": 9}}
{"target": -171.6567393808948, "params": {"k_pid_pos": [1.366216447772572, 0.0, 0.6101047858687979], "k_pid_alt": [1.9999294702774748, 0.0, 0.0], "k_pid_att": [29.33265579230518, 0.0001, 0.3332122419296403], "k_pid_yaw": [0.5, 1e-06, 0.1], "k_pid_hsp": [0.09778087288723512, 6.446750939414514e-05, 0.0], "k_pid_vsp": [218.9653612746897, 400.0, 1e-06]}, "datetime": {"datetime": "2025-08-20 20:03:24", "elapsed": 29458.763701677322, "delta": 16.26406240463257}, "costs": {"total_cost": 171.6567393808948, "time_cost": 70.384, "final_distance_cost": 1.8266395809565723, "oscillation_cost": 25.635197600132493, "completition_cost": 0.0, "overshoot_cost": 51.1009384649077, "power_cost": 11.534294458007812, "noise_cost": 11.175669276890227, "n_waypoints_completed": 9, "tot_waypoints": 9}}
{"target": -172.71915603984968, "params": {"k_pid_pos": [1.3993042036834988, 0.0, 0.7068267631407515], "k_pid_alt": [1.9998585583158393, 0.0, 0.0], "k_pid_att": [20.476535724125185, 0.0001, 0.3534102647875857], "k_pid_yaw": [0.5, 1e-06, 0.1], "k_pid_hsp": [0.09313528462181818, 3.256377060867185e-05, 0.0], "k_pid_vsp": [236.3645457075916, 381.24137901734184, 1e-06]}, "datetime": {"datetime": "2025-08-20 20:03:39", "elapsed": 29473.83124446869, "delta": 15.067542791366577}, "costs": {"total_cost": 172.71915603984968, "time_cost": 70.584, "final_distance_cost": 1.8051509489392044, "oscillation_cost": 25.40944173377927, "completition_cost": 0.0, "overshoot_cost": 51.386942317055194, "power_cost": 12.127962145996094, "noise_cost": 11.40565889407992, "n_waypoints_completed": 9, "tot_waypoints": 9}}
{"target": -172.20454078531216, "params": {"k_pid_pos": [1.2844686530155092, 0.0, 0.6333621110768748], "k_pid_alt": [1.9998690217321928, 0.0, 0.0], "k_pid_att": [24.7191416990807, 0.0001, 0.3335053772179413], "k_pid_yaw": [0.5, 1e-06, 0.1], "k_pid_hsp": [0.08161953133060856, 5.833440528789175e-05, 0.0], "k_pid_vsp": [225.2844046119728, 367.6280793491111, 1e-06]}, "datetime": {"datetime": "2025-08-20 20:03:55", "elapsed": 29490.487771511078, "delta": 16.656527042388916}, "costs": {"total_cost": 172.20454078531216, "time_cost": 70.816, "final_distance_cost": 1.811056032788508, "oscillation_cost": 24.71432551777536, "completition_cost": 0.0, "overshoot_cost": 52.09324864185258, "power_cost": 11.540257360839844, "noise_cost": 11.229653232055865, "n_waypoints_completed": 9, "tot_waypoints": 9}}
{"target": -172.81655144908504, "params": {"k_pid_pos": [1.3493632961904878, 0.0, 0.6125357974979049], "k_pid_alt": [1.9999309198633526, 0.0, 0.0], "k_pid_att": [25.443826806653657, 0.0001, 0.35268074878750943], "k_pid_yaw": [0.5, 1e-06, 0.1], "k_pid_hsp": [0.1321543348417375, 0.00015161862210795438, 0.0], "k_pid_vsp": [269.3243338192885, 358.52173139722265, 1e-06]}, "datetime": {"datetime": "2025-08-20 20:04:12", "elapsed": 29506.669884443283, "delta": 16.1821129322052}, "costs": {"total_cost": 172.81655144908504, "time_cost": 70.44800000000001, "final_distance_cost": 1.837837537561058, "oscillation_cost": 25.74992922563395, "completition_cost": 0.0, "overshoot_cost": 51.401731917454946, "power_cost": 12.052509301757812, "noise_cost": 11.326543466677263, "n_waypoints_completed": 9, "tot_waypoints": 9}}
{"target": -172.54677250373743, "params": {"k_pid_pos": [1.5317758233473524, 0.0, 0.7120008776666417], "k_pid_alt": [1.9704039620128668, 0.0, 0.0], "k_pid_att": [22.958552998721203, 0.0001, 0.4560087944949924], "k_pid_yaw": [0.5, 1e-06, 0.1], "k_pid_hsp": [0.10054531718622567, 1.915366497112127e-05, 0.0], "k_pid_vsp": [243.91969465018354, 394.6894612748269, 1e-06]}, "datetime": {"datetime": "2025-08-20 20:04:29", "elapsed": 29524.151217460632, "delta": 17.481333017349243}, "costs": {"total_cost": 172.54677250373743, "time_cost": 70.224, "final_distance_cost": 1.8034879364757737, "oscillation_cost": 26.417700832998708, "completition_cost": 0.0, "overshoot_cost": 51.177912678116236, "power_cost": 11.75557938232422, "noise_cost": 11.168091673822483, "n_waypoints_completed": 9, "tot_waypoints": 9}}
{"target": -171.99890524687046, "params": {"k_pid_pos": [1.3320648490254963, 0.0, 0.5721376666113054], "k_pid_alt": [1.9999211914828368, 0.0, 0.0], "k_pid_att": [25.570380529452244, 0.0001, 0.3632438913002593], "k_pid_yaw": [0.5, 1e-06, 0.1], "k_pid_hsp": [0.09404196025506359, 0.0, 0.0], "k_pid_vsp": [231.84280446310956, 382.0017770643219, 1e-06]}, "datetime": {"datetime": "2025-08-20 20:04:48", "elapsed": 29542.74740076065, "delta": 18.59618330001831}, "costs": {"total_cost": 171.99890524687046, "time_cost": 70.44, "final_distance_cost": 1.822357313065749, "oscillation_cost": 25.557241016217155, "completition_cost": 0.0, "overshoot_cost": 51.48056187759242, "power_cost": 11.576695410156251, "noise_cost": 11.122049629838886, "n_waypoints_completed": 9, "tot_waypoints": 9}}
{"target": -172.5239796281363, "params": {"k_pid_pos": [1.3215911349620395, 0.0, 0.7221215119379529], "k_pid_alt": [1.9996140410162473, 0.0, 0.0], "k_pid_att": [22.550057411692837, 0.0001, 0.28033577900663637], "k_pid_yaw": [0.5, 1e-06, 0.1], "k_pid_hsp": [0.09998402934735946, 0.00011886201591427595, 0.0], "k_pid_vsp": [252.3421433121233, 367.8142351337796, 1e-06]}, "datetime": {"datetime": "2025-08-20 20:05:03", "elapsed": 29558.220677375793, "delta": 15.473276615142822}, "costs": {"total_cost": 172.5239796281363, "time_cost": 70.84, "final_distance_cost": 1.820918861535636, "oscillation_cost": 25.012413846631993, "completition_cost": 0.0, "overshoot_cost": 51.3223258523309, "power_cost": 12.041747680664063, "noise_cost": 11.486573386973705, "n_waypoints_completed": 9, "tot_waypoints": 9}}
{"target": -171.23405384346404, "params": {"k_pid_pos": [1.2685483351599656, 0.0, 0.6032560233694638], "k_pid_alt": [1.9998877841772902, 0.0, 0.0], "k_pid_att": [25.614873427579973, 0.0001, 0.3088810531600861], "k_pid_yaw": [0.5, 1e-06, 0.1], "k_pid_hsp": [0.09231510231975949, 0.00011140913095001964, 0.0], "k_pid_vsp": [247.96390017431824, 399.6928192992377, 1e-06]}, "datetime": {"datetime": "2025-08-20 20:05:19", "elapsed": 29574.492270708084, "delta": 16.27159333229065}, "costs": {"total_cost": 171.23405384346404, "time_cost": 70.648, "final_distance_cost": 1.8012423158402384, "oscillation_cost": 24.98216261384362, "completition_cost": 0.0, "overshoot_cost": 50.869236034901895, "power_cost": 11.714046105957031, "noise_cost": 11.219366772921253, "n_waypoints_completed": 9, "tot_waypoints": 9}}
{"target": -173.40799423039294, "params": {"k_pid_pos": [1.3833493098124636, 0.0, 0.6246785953723686], "k_pid_alt": [2.0, 0.0, 0.0], "k_pid_att": [30.140427564019813, 0.0001, 0.30608188239416007], "k_pid_yaw": [0.5, 1e-06, 0.1], "k_pid_hsp": [0.11987075449012163, 2.993871017857951e-05, 0.0], "k_pid_vsp": [311.85677101009924, 372.55205780638124, 1e-06]}, "datetime": {"datetime": "2025-08-20 20:05:35", "elapsed": 29589.66560769081, "delta": 15.17333698272705}, "costs": {"total_cost": 173.40799423039294, "time_cost": 70.416, "final_distance_cost": 1.8218020853911017, "oscillation_cost": 25.85050404678927, "completition_cost": 0.0, "overshoot_cost": 51.55835416362711, "power_cost": 12.228053442382812, "noise_cost": 11.533280492202655, "n_waypoints_completed": 9, "tot_waypoints": 9}}
{"target": -174.5965165132929, "params": {"k_pid_pos": [1.3685628256762565, 0.0, 0.7639046868943882], "k_pid_alt": [1.9999270849729391, 0.0, 0.0], "k_pid_att": [34.5246905264722, 0.0001, 0.5241099554755668], "k_pid_yaw": [0.5, 1e-06, 0.1], "k_pid_hsp": [0.04967327721155143, 0.00014814067946928303, 0.0], "k_pid_vsp": [243.56587560050133, 400.0, 1e-06]}, "datetime": {"datetime": "2025-08-20 20:05:53", "elapsed": 29608.245499134064, "delta": 18.579891443252563}, "costs": {"total_cost": 174.5965165132929, "time_cost": 73.464, "final_distance_cost": 1.7793697808306026, "oscillation_cost": 21.615866202142335, "completition_cost": 0.0, "overshoot_cost": 53.84530386426282, "power_cost": 12.001050720214844, "noise_cost": 11.890925945842302, "n_waypoints_completed": 9, "tot_waypoints": 9}}
{"target": -173.13020239036442, "params": {"k_pid_pos": [1.5685358800862483, 0.0, 0.5663367228587644], "k_pid_alt": [2.0, 0.0, 0.0], "k_pid_att": [28.925250004472016, 0.0001, 0.16309745507574525], "k_pid_yaw": [0.5, 1e-06, 0.1], "k_pid_hsp": [0.10646567598400636, 0.0023123339367082463, 0.0], "k_pid_vsp": [257.2932995029057, 301.35448784409937, 1e-06]}, "datetime": {"datetime": "2025-08-20 20:06:08", "elapsed": 29623.201974391937, "delta": 14.956475257873535}, "costs": {"total_cost": 173.13020239036442, "time_cost": 69.83200000000001, "final_distance_cost": 1.8133815140598402, "oscillation_cost": 27.55436460463574, "completition_cost": 0.0, "overshoot_cost": 51.137824513588185, "power_cost": 11.744228747558594, "noise_cost": 11.048403010522076, "n_waypoints_completed": 9, "tot_waypoints": 9}}
{"target": -172.2986289259342, "params": {"k_pid_pos": [1.3003896772051542, 0.0, 0.6126501366801616], "k_pid_alt": [1.9998737495044812, 0.0, 0.0], "k_pid_att": [32.6009144641575, 0.0001, 0.3909950104442611], "k_pid_yaw": [0.5, 1e-06, 0.1], "k_pid_hsp": [0.10253294007962788, 7.554902972764491e-05, 0.0], "k_pid_vsp": [257.16730080047455, 400.0, 1e-06]}, "datetime": {"datetime": "2025-08-20 20:06:25", "elapsed": 29639.647197008133, "delta": 16.44522261619568}, "costs": {"total_cost": 172.2986289259342, "time_cost": 70.56, "final_distance_cost": 1.8197889269584457, "oscillation_cost": 25.500031135843336, "completition_cost": 0.0, "overshoot_cost": 50.99936888891205, "power_cost": 11.924548449707032, "noise_cost": 11.494891524513314, "n_waypoints_completed": 9, "tot_waypoints": 9}}
