{"target": -173.39906226133525, "params": {"k_pid_pos": [1.4231877340579693, 0.0, 1.0], "k_pid_alt": [1.999962563761592, 0.0, 0.0], "k_pid_att": [25.873793074124237, 0.0001, 0.47783084935169146], "k_pid_yaw": [0.5, 1e-06, 0.1], "k_pid_hsp": [0.0980669487882381, 3.9599180072619676e-05, 0.0], "k_pid_vsp": [248.0321765787551, 333.3519152736755, 1e-06]}, "datetime": {"datetime": "2025-08-20 20:06:40", "elapsed": 29655.127551794052, "delta": 15.48035478591919}, "costs": {"total_cost": 173.39906226133525, "time_cost": 71.528, "final_distance_cost": 1.8409971635574054, "oscillation_cost": 24.61390690667269, "completition_cost": 0.0, "overshoot_cost": 51.14126295145859, "power_cost": 12.425359387207031, "noise_cost": 11.849535852439518, "n_waypoints_completed": 9, "tot_waypoints": 9}}
{"target": -173.92721431142715, "params": {"k_pid_pos": [1.3427416390012406, 0.0, 0.9744920301455026], "k_pid_alt": [1.9996826604653988, 0.0, 0.0], "k_pid_att": [25.622746690237538, 0.0001, 0.33027945439065903], "k_pid_yaw": [0.5, 1e-06, 0.1], "k_pid_hsp": [0.12357047089249652, 0.0002892033053090945, 0.0], "k_pid_vsp": [246.00145174318845, 396.8260122914739, 1e-06]}, "datetime": {"datetime": "2025-08-20 20:06:57", "elapsed": 29671.59379386902, "delta": 16.46624207496643}, "costs": {"total_cost": 173.92721431142715, "time_cost": 72.032, "final_distance_cost": 1.8496417803260965, "oscillation_cost": 24.814288966836322, "completition_cost": 0.0, "overshoot_cost": 51.273974167453744, "power_cost": 12.151494714355469, "noise_cost": 11.805814682455525, "n_waypoints_completed": 9, "tot_waypoints": 9}}
{"target": -173.38174943148758, "params": {"k_pid_pos": [1.4145750054303212, 0.0, 0.9993297020908998], "k_pid_alt": [1.9998423130467176, 0.0, 0.0], "k_pid_att": [20.508556447817526, 0.0001, 0.2820065866664733], "k_pid_yaw": [0.5, 1e-06, 0.1], "k_pid_hsp": [0.12858994300162682, 0.0, 0.0], "k_pid_vsp": [206.0518606091147, 400.0, 1e-06]}, "datetime": {"datetime": "2025-08-20 20:07:13", "elapsed": 29688.372605085373, "delta": 16.77881121635437}, "costs": {"total_cost": 173.38174943148758, "time_cost": 71.664, "final_distance_cost": 1.8500886916063877, "oscillation_cost": 25.32182726454307, "completition_cost": 0.0, "overshoot_cost": 50.92297101420268, "power_cost": 12.062910620117188, "noise_cost": 11.55995184101826, "n_waypoints_completed": 9, "tot_waypoints": 9}}
{"target": -172.3903982837727, "params": {"k_pid_pos": [1.4354885316105574, 0.0, 0.7337557538070139], "k_pid_alt": [1.9999869560494257, 0.0, 0.0], "k_pid_att": [32.67407339257827, 0.0001, 0.3225018340776966], "k_pid_yaw": [0.5, 1e-06, 0.1], "k_pid_hsp": [0.12237031268762227, 5.9351703452741636e-05, 0.0], "k_pid_vsp": [236.1029443056517, 398.4079590930458, 1e-06]}, "datetime": {"datetime": "2025-08-20 20:07:28", "elapsed": 29703.39607334137, "delta": 15.023468255996704}, "costs": {"total_cost": 172.3903982837727, "time_cost": 70.536, "final_distance_cost": 1.8381547773450106, "oscillation_cost": 25.831824645236953, "completition_cost": 0.0, "overshoot_cost": 50.73870822330122, "power_cost": 12.069183850097657, "noise_cost": 11.376526787791864, "n_waypoints_completed": 9, "tot_waypoints": 9}}
{"target": -173.20212097059917, "params": {"k_pid_pos": [1.6172843924092628, 0.0, 0.6108138645702527], "k_pid_alt": [2.0, 0.0, 0.0], "k_pid_att": [51.67570431407256, 0.0001, 0.3092653026633558], "k_pid_yaw": [0.5, 1e-06, 0.1], "k_pid_hsp": [0.08910005402629342, 3.305745637360927e-05, 0.0], "k_pid_vsp": [257.65642705130387, 251.09460905175916, 1e-06]}, "datetime": {"datetime": "2025-08-20 20:07:45", "elapsed": 29719.81909942627, "delta": 16.423026084899902}, "costs": {"total_cost": 173.20212097059917, "time_cost": 70.2, "final_distance_cost": 1.816926753948565, "oscillation_cost": 26.945067336102035, "completition_cost": 0.0, "overshoot_cost": 51.556640548679844, "power_cost": 11.586396899414064, "noise_cost": 11.097089432454645, "n_waypoints_completed": 9, "tot_waypoints": 9}}
{"target": -172.30433607334868, "params": {"k_pid_pos": [1.3453519664722517, 0.0, 0.6275123285144216], "k_pid_alt": [1.9998909370876707, 0.0, 0.0], "k_pid_att": [26.793282094799995, 0.0001, 0.31787795765541194], "k_pid_yaw": [0.5, 1e-06, 0.1], "k_pid_hsp": [0.09076640698279391, 6.45223717825481e-05, 0.0], "k_pid_vsp": [250.5877129575617, 395.3056123459173, 1e-06]}, "datetime": {"datetime": "2025-08-20 20:08:00", "elapsed": 29735.355099916458, "delta": 15.536000490188599}, "costs": {"total_cost": 172.30433607334868, "time_cost": 70.512, "final_distance_cost": 1.805097555632922, "oscillation_cost": 25.53812705220846, "completition_cost": 0.0, "overshoot_cost": 51.165464937368895, "power_cost": 11.980255676269532, "noise_cost": 11.30339085186883, "n_waypoints_completed": 9, "tot_waypoints": 9}}
{"target": -172.60311525728002, "params": {"k_pid_pos": [1.373752716916279, 0.0, 0.7935091235805491], "k_pid_alt": [1.8318171960782186, 0.0, 0.0], "k_pid_att": [26.78484873444659, 0.0001, 0.32463841733967547], "k_pid_yaw": [0.5, 1e-06, 0.1], "k_pid_hsp": [0.13015971315996971, 3.828702427768442e-06, 0.0], "k_pid_vsp": [227.3672706855346, 382.1060090680608, 1e-06]}, "datetime": {"datetime": "2025-08-20 20:08:17", "elapsed": 29751.75844311714, "delta": 16.403343200683594}, "costs": {"total_cost": 172.60311525728002, "time_cost": 70.784, "final_distance_cost": 1.841364571832828, "oscillation_cost": 25.465580844941044, "completition_cost": 0.0, "overshoot_cost": 50.774739358560495, "power_cost": 12.161492895507813, "noise_cost": 11.575937586437819, "n_waypoints_completed": 9, "tot_waypoints": 9}}
{"target": -172.500065286798, "params": {"k_pid_pos": [1.345548155437379, 0.0, 0.7184752069018592], "k_pid_alt": [1.9999280245577846, 0.0, 0.0], "k_pid_att": [17.301840516164237, 0.0001, 0.3026242824006748], "k_pid_yaw": [0.5, 1e-06, 0.1], "k_pid_hsp": [0.09052953792953547, 4.710301832265233e-05, 0.0], "k_pid_vsp": [234.2281539983049, 396.7170087722078, 1e-06]}, "datetime": {"datetime": "2025-08-20 20:08:33", "elapsed": 29767.72872042656, "delta": 15.970277309417725}, "costs": {"total_cost": 172.500065286798, "time_cost": 70.744, "final_distance_cost": 1.8129813508578652, "oscillation_cost": 24.98347911316277, "completition_cost": 0.0, "overshoot_cost": 51.30624484882804, "power_cost": 12.281993383789063, "noise_cost": 11.37136659016025, "n_waypoints_completed": 9, "tot_waypoints": 9}}
{"target": -172.3157211745251, "params": {"k_pid_pos": [1.3264950302465914, 0.0, 0.618394426410441], "k_pid_alt": [2.0, 0.0, 0.0], "k_pid_att": [27.09671879910625, 0.0001, 0.32477678054270276], "k_pid_yaw": [0.5, 1e-06, 0.1], "k_pid_hsp": [0.08773613368548625, 7.667275631360776e-05, 0.0], "k_pid_vsp": [234.4989121012394, 387.29982807514097, 1e-06]}, "datetime": {"datetime": "2025-08-20 20:08:51", "elapsed": 29786.33033323288, "delta": 18.60161280632019}, "costs": {"total_cost": 172.3157211745251, "time_cost": 70.57600000000001, "final_distance_cost": 1.8049939182773895, "oscillation_cost": 25.440716284749733, "completition_cost": 0.0, "overshoot_cost": 51.370063538110124, "power_cost": 11.822219384765626, "noise_cost": 11.301728048622227, "n_waypoints_completed": 9, "tot_waypoints": 9}}
{"target": -173.5043493567543, "params": {"k_pid_pos": [1.326046430991139, 0.0, 0.6455647687625301], "k_pid_alt": [1.999944053691828, 0.0, 0.0], "k_pid_att": [27.383904052850983, 0.0001, 0.3389618277967624], "k_pid_yaw": [0.5, 1e-06, 0.1], "k_pid_hsp": [0.06398540150442197, 3.882866640855836e-05, 0.0], "k_pid_vsp": [282.3248411758209, 400.0, 1e-06]}, "datetime": {"datetime": "2025-08-20 20:09:07", "elapsed": 29801.623175621033, "delta": 15.292842388153076}, "costs": {"total_cost": 173.5043493567543, "time_cost": 71.568, "final_distance_cost": 1.792872473713485, "oscillation_cost": 23.67501325268134, "completition_cost": 0.0, "overshoot_cost": 52.799152263788876, "power_cost": 12.053773266601564, "noise_cost": 11.615538099969044, "n_waypoints_completed": 9, "tot_waypoints": 9}}
{"target": -171.46883215419933, "params": {"k_pid_pos": [1.335876103528517, 0.0, 0.5183615149592742], "k_pid_alt": [1.9999550511999464, 0.0, 0.0], "k_pid_att": [25.369122031213752, 0.0001, 0.2229220709547659], "k_pid_yaw": [0.5, 1e-06, 0.1], "k_pid_hsp": [0.09088886223492765, 5.4282975285849984e-05, 0.0], "k_pid_vsp": [252.98833690921947, 399.3669428093707, 1e-06]}, "datetime": {"datetime": "2025-08-20 20:09:24", "elapsed": 29818.939272880554, "delta": 17.316097259521484}, "costs": {"total_cost": 171.46883215419933, "time_cost": 70.296, "final_distance_cost": 1.8113237264842927, "oscillation_cost": 25.692724969905615, "completition_cost": 0.0, "overshoot_cost": 50.972703792003905, "power_cost": 11.606284899902345, "noise_cost": 11.089794765903187, "n_waypoints_completed": 9, "tot_waypoints": 9}}
{"target": -172.80032413658984, "params": {"k_pid_pos": [1.3596506855521695, 0.0, 0.8037595669467943], "k_pid_alt": [1.9663247871707468, 0.0, 0.0], "k_pid_att": [26.124052492345182, 0.0001, 0.35345592920326985], "k_pid_yaw": [0.5, 1e-06, 0.1], "k_pid_hsp": [0.12257830823221125, 4.97940101563726e-05, 0.0], "k_pid_vsp": [254.13151496238456, 384.76159297842025, 1e-06]}, "datetime": {"datetime": "2025-08-20 20:09:39", "elapsed": 29833.95872569084, "delta": 15.019452810287476}, "costs": {"total_cost": 172.80032413658984, "time_cost": 71.016, "final_distance_cost": 1.829208906484504, "oscillation_cost": 25.210025113436764, "completition_cost": 0.0, "overshoot_cost": 51.322128024597525, "power_cost": 11.956473608398438, "noise_cost": 11.4664884836726, "n_waypoints_completed": 9, "tot_waypoints": 9}}
{"target": -172.63058276536373, "params": {"k_pid_pos": [1.310753880292737, 0.0, 0.7254327362281594], "k_pid_alt": [1.9998878341831074, 0.0, 0.0], "k_pid_att": [16.28441656810923, 0.0001, 0.2775333790252661], "k_pid_yaw": [0.5, 1e-06, 0.1], "k_pid_hsp": [0.09472619369577906, 6.600625108516243e-05, 0.0], "k_pid_vsp": [257.5794765665699, 385.0376413891521, 1e-06]}, "datetime": {"datetime": "2025-08-20 20:09:55", "elapsed": 29850.45525789261, "delta": 16.496532201766968}, "costs": {"total_cost": 172.63058276536373, "time_cost": 70.856, "final_distance_cost": 1.8232454866320476, "oscillation_cost": 24.815225260214977, "completition_cost": 0.0, "overshoot_cost": 51.64210689625496, "power_cost": 11.994718029785156, "noise_cost": 11.49928709247658, "n_waypoints_completed": 9, "tot_waypoints": 9}}
{"target": -172.82767810653093, "params": {"k_pid_pos": [1.2918143573386611, 0.0, 0.687546901633036], "k_pid_alt": [1.9999177054237403, 0.0, 0.0], "k_pid_att": [24.622574485049995, 0.0001, 0.32132642573627035], "k_pid_yaw": [0.5, 1e-06, 0.1], "k_pid_hsp": [0.09920382438911103, 0.00014442685694139332, 0.0], "k_pid_vsp": [204.83703705910048, 400.0, 1e-06]}, "datetime": {"datetime": "2025-08-20 20:10:11", "elapsed": 29866.409203767776, "delta": 15.953945875167847}, "costs": {"total_cost": 172.82767810653093, "time_cost": 70.848, "final_distance_cost": 1.8124940667454512, "oscillation_cost": 25.114735588773165, "completition_cost": 0.0, "overshoot_cost": 51.43576337474735, "power_cost": 12.125802697753906, "noise_cost": 11.490882378511074, "n_waypoints_completed": 9, "tot_waypoints": 9}}
{"target": -171.7455294987058, "params": {"k_pid_pos": [1.2970242667270955, 0.0, 0.5768696811251488], "k_pid_alt": [1.9999366895484008, 0.0, 0.0], "k_pid_att": [34.75951938383173, 0.0001, 0.3836540602072979], "k_pid_yaw": [0.5, 1e-06, 0.1], "k_pid_hsp": [0.09762602627329005, 7.442827283822192e-05, 0.0], "k_pid_vsp": [254.07866380464404, 354.18326874667093, 1e-06]}, "datetime": {"datetime": "2025-08-20 20:10:29", "elapsed": 29883.690280675888, "delta": 17.281076908111572}, "costs": {"total_cost": 171.7455294987058, "time_cost": 70.552, "final_distance_cost": 1.8247102278402716, "oscillation_cost": 25.31999892384598, "completition_cost": 0.0, "overshoot_cost": 51.111426821420054, "power_cost": 11.713397143554689, "noise_cost": 11.223996382044795, "n_waypoints_completed": 9, "tot_waypoints": 9}}
{"target": -171.38958674896537, "params": {"k_pid_pos": [1.4106384439897803, 0.0, 0.7366182857744372], "k_pid_alt": [1.9997156212177292, 0.0, 0.0], "k_pid_att": [26.332468039004194, 0.0001, 0.28291265842753566], "k_pid_yaw": [0.5, 1e-06, 0.1], "k_pid_hsp": [0.11904767646934145, 0.00019001683668497637, 0.0], "k_pid_vsp": [245.92979545524494, 347.82978809513054, 1e-06]}, "datetime": {"datetime": "2025-08-20 20:10:44", "elapsed": 29899.53813767433, "delta": 15.847856998443604}, "costs": {"total_cost": 171.38958674896537, "time_cost": 70.632, "final_distance_cost": 1.8330938605076104, "oscillation_cost": 25.36094672175675, "completition_cost": 0.0, "overshoot_cost": 50.62094450338714, "power_cost": 11.650625866699219, "noise_cost": 11.291975796614658, "n_waypoints_completed": 9, "tot_waypoints": 9}}
{"target": -172.55225791765923, "params": {"k_pid_pos": [1.3329118460754426, 0.0, 0.7148266440451067], "k_pid_alt": [1.9999393579328288, 0.0, 0.0], "k_pid_att": [28.905877093581392, 0.0001, 0.34534977074515066], "k_pid_yaw": [0.5, 1e-06, 0.1], "k_pid_hsp": [0.11864127506765602, 0.00010234122797213562, 0.0], "k_pid_vsp": [237.8185998416117, 385.5115125313437, 1e-06]}, "datetime": {"datetime": "2025-08-20 20:11:00", "elapsed": 29915.360188484192, "delta": 15.82205080986023}, "costs": {"total_cost": 172.55225791765923, "time_cost": 70.816, "final_distance_cost": 1.8313104808035743, "oscillation_cost": 25.4390383333073, "completition_cost": 0.0, "overshoot_cost": 51.060484660644164, "power_cost": 11.899538708496094, "noise_cost": 11.505885734408082, "n_waypoints_completed": 9, "tot_waypoints": 9}}
{"target": -172.8594797234621, "params": {"k_pid_pos": [1.2912743920588199, 0.0, 0.5172540461581798], "k_pid_alt": [1.9999112835882937, 0.0, 0.0], "k_pid_att": [41.91241302753814, 0.0001, 0.3715882061492135], "k_pid_yaw": [0.5, 1e-06, 0.1], "k_pid_hsp": [0.08510840180924566, 6.329192705394387e-05, 0.0], "k_pid_vsp": [242.0265606613051, 395.58744145155583, 1e-06]}, "datetime": {"datetime": "2025-08-20 20:11:18", "elapsed": 29932.79506969452, "delta": 17.43488121032715}, "costs": {"total_cost": 172.8594797234621, "time_cost": 70.544, "final_distance_cost": 1.8022634736763337, "oscillation_cost": 25.42844592918574, "completition_cost": 0.0, "overshoot_cost": 51.61387448131972, "power_cost": 12.133921716308594, "noise_cost": 11.336974122971702, "n_waypoints_completed": 9, "tot_waypoints": 9}}
{"target": -173.1575857647993, "params": {"k_pid_pos": [1.4082561346479592, 0.0, 0.6889131293216004], "k_pid_alt": [1.999909270247501, 0.0, 0.0], "k_pid_att": [32.50532630818835, 0.0001, 0.4249429492357187], "k_pid_yaw": [0.5, 1e-06, 0.1], "k_pid_hsp": [0.07465510223265065, 3.562574099620723e-05, 0.0], "k_pid_vsp": [292.0004756869399, 400.0, 1e-06]}, "datetime": {"datetime": "2025-08-20 20:11:33", "elapsed": 29948.406147241592, "delta": 15.611077547073364}, "costs": {"total_cost": 173.1575857647993, "time_cost": 70.824, "final_distance_cost": 1.8238257833422507, "oscillation_cost": 25.03365785542874, "completition_cost": 0.0, "overshoot_cost": 52.22037881390238, "power_cost": 11.833354907226562, "noise_cost": 11.422368404899412, "n_waypoints_completed": 9, "tot_waypoints": 9}}
{"target": -172.04736053696703, "params": {"k_pid_pos": [1.2856632595520185, 0.0, 0.599520254902809], "k_pid_alt": [1.9998850335748308, 0.0, 0.0], "k_pid_att": [21.70125730598167, 0.0001, 0.34179438378078625], "k_pid_yaw": [0.5, 1e-06, 0.1], "k_pid_hsp": [0.08273998932094341, 2.736775548070026e-05, 0.0], "k_pid_vsp": [263.98093688255256, 372.8231155266677, 1e-06]}, "datetime": {"datetime": "2025-08-20 20:11:50", "elapsed": 29964.699914455414, "delta": 16.29376721382141}, "costs": {"total_cost": 172.04736053696703, "time_cost": 70.712, "final_distance_cost": 1.7937992705755799, "oscillation_cost": 24.855927330961197, "completition_cost": 0.0, "overshoot_cost": 51.47119498007827, "power_cost": 11.920749682617188, "noise_cost": 11.293689272734813, "n_waypoints_completed": 9, "tot_waypoints": 9}}
{"target": -172.7249638066675, "params": {"k_pid_pos": [1.2744637792583229, 0.0, 0.641088054489084], "k_pid_alt": [1.9998699923574017, 0.0, 0.0], "k_pid_att": [28.778347312380305, 0.0001, 0.34957706957432005], "k_pid_yaw": [0.5, 1e-06, 0.1], "k_pid_hsp": [0.08009919841282669, 4.6720090727123005e-05, 0.0], "k_pid_vsp": [225.08818260272335, 394.46105665482986, 1e-06]}, "datetime": {"datetime": "2025-08-20 20:12:05", "elapsed": 29980.304843187332, "delta": 15.604928731918335}, "costs": {"total_cost": 172.7249638066675, "time_cost": 70.864, "final_distance_cost": 1.8093172977658227, "oscillation_cost": 25.031733215768252, "completition_cost": 0.0, "overshoot_cost": 51.65520671901225, "power_cost": 11.916226000976563, "noise_cost": 11.448480573144602, "n_waypoints_completed": 9, "tot_waypoints": 9}}
{"target": -172.0119767896759, "params": {"k_pid_pos": [1.3110498304262401, 0.0, 0.6843237353636242], "k_pid_alt": [2.0, 0.0, 0.0], "k_pid_att": [26.513258901888022, 0.0001, 0.2889690476168163], "k_pid_yaw": [0.5, 1e-06, 0.1], "k_pid_hsp": [0.12560334311902513, 0.00017502457075574073, 0.0], "k_pid_vsp": [262.00775090682015, 400.0, 1e-06]}, "datetime": {"datetime": "2025-08-20 20:12:22", "elapsed": 29996.932742357254, "delta": 16.627899169921875}, "costs": {"total_cost": 172.0119767896759, "time_cost": 70.768, "final_distance_cost": 1.8257380243134842, "oscillation_cost": 25.4141807892881, "completition_cost": 0.0, "overshoot_cost": 50.852976419696134, "power_cost": 11.87954178466797, "noise_cost": 11.271539771710264, "n_waypoints_completed": 9, "tot_waypoints": 9}}
{"target": -173.47342687015998, "params": {"k_pid_pos": [1.521498733671291, 0.0, 0.7356471638688928], "k_pid_alt": [1.9273414154912978, 0.0, 0.0], "k_pid_att": [24.367413930461883, 0.0001, 0.09287692485055499], "k_pid_yaw": [0.5, 1e-06, 0.1], "k_pid_hsp": [0.08385747077670096, 0.0, 0.0], "k_pid_vsp": [255.2075623318267, 378.898093561226, 1e-06]}, "datetime": {"datetime": "2025-08-20 20:12:37", "elapsed": 30011.83038854599, "delta": 14.897646188735962}, "costs": {"total_cost": 173.47342687015998, "time_cost": 70.352, "final_distance_cost": 1.8072734732631588, "oscillation_cost": 26.537638466403614, "completition_cost": 0.0, "overshoot_cost": 51.360126435928805, "power_cost": 12.08374705810547, "noise_cost": 11.332641436458921, "n_waypoints_completed": 9, "tot_waypoints": 9}}
{"target": -171.71702839957524, "params": {"k_pid_pos": [1.3198304142707098, 0.0, 0.6602817732813661], "k_pid_alt": [1.9998807050229572, 0.0, 0.0], "k_pid_att": [24.947969135683103, 0.0001, 0.30002622475297613], "k_pid_yaw": [0.5, 1e-06, 0.1], "k_pid_hsp": [0.11457331393084913, 0.0, 0.0], "k_pid_vsp": [254.84920653865936, 400.0, 1e-06]}, "datetime": {"datetime": "2025-08-20 20:12:53", "elapsed": 30028.455303668976, "delta": 16.62491512298584}, "costs": {"total_cost": 171.71702839957524, "time_cost": 70.664, "final_distance_cost": 1.83825399937515, "oscillation_cost": 25.331237215435223, "completition_cost": 0.0, "overshoot_cost": 50.77072424045984, "power_cost": 11.790459997558594, "noise_cost": 11.322352946746447, "n_waypoints_completed": 9, "tot_waypoints": 9}}
{"target": -172.41006555898096, "params": {"k_pid_pos": [1.323156935550332, 0.0, 0.8061880120911923], "k_pid_alt": [1.9994947791219178, 0.0, 0.0], "k_pid_att": [23.62571802120784, 0.0001, 0.2801657433391524], "k_pid_yaw": [0.5, 1e-06, 0.1], "k_pid_hsp": [0.10307698649798376, 0.0, 0.0], "k_pid_vsp": [255.7156538458907, 386.7720838353426, 1e-06]}, "datetime": {"datetime": "2025-08-20 20:13:10", "elapsed": 30044.93400979042, "delta": 16.478706121444702}, "costs": {"total_cost": 172.41006555898096, "time_cost": 71.144, "final_distance_cost": 1.8275226033498615, "oscillation_cost": 24.725493375887137, "completition_cost": 0.0, "overshoot_cost": 51.114663557213134, "power_cost": 12.032868798828126, "noise_cost": 11.565517223702702, "n_waypoints_completed": 9, "tot_waypoints": 9}}
{"target": -171.66340961691355, "params": {"k_pid_pos": [1.2267812027325775, 0.0, 0.6125476257501725], "k_pid_alt": [1.9999403655925587, 0.0, 0.0], "k_pid_att": [22.813236546897475, 0.0001, 0.2806748495123777], "k_pid_yaw": [0.5, 1e-06, 0.1], "k_pid_hsp": [0.09596487942041024, 4.883429027802613e-05, 0.0], "k_pid_vsp": [255.9943319006659, 395.526761718537, 1e-06]}, "datetime": {"datetime": "2025-08-20 20:13:26", "elapsed": 30060.872205018997, "delta": 15.93819522857666}, "costs": {"total_cost": 171.66340961691355, "time_cost": 70.792, "final_distance_cost": 1.820251694569989, "oscillation_cost": 24.83565762558204, "completition_cost": 0.0, "overshoot_cost": 51.35938022519902, "power_cost": 11.611924829101563, "noise_cost": 11.244195242460943, "n_waypoints_completed": 9, "tot_waypoints": 9}}
{"target": -173.96003437317373, "params": {"k_pid_pos": [1.2050114435031007, 0.0, 0.7769720211143254], "k_pid_alt": [1.9670843090891195, 0.0, 0.0], "k_pid_att": [33.97432964031272, 0.0001, 0.31211523140147845], "k_pid_yaw": [0.5, 1e-06, 0.1], "k_pid_hsp": [0.13281783208900233, 2.374403885405085e-05, 0.0], "k_pid_vsp": [243.0039367617763, 363.1732440358135, 1e-06]}, "datetime": {"datetime": "2025-08-20 20:13:43", "elapsed": 30078.353269815445, "delta": 17.481064796447754}, "costs": {"total_cost": 173.96003437317373, "time_cost": 71.968, "final_distance_cost": 1.8455722447015053, "oscillation_cost": 25.126481626431303, "completition_cost": 0.0, "overshoot_cost": 50.866786255062664, "power_cost": 12.361367700195313, "noise_cost": 11.791826546782932, "n_waypoints_completed": 9, "tot_waypoints": 9}}
