{"target": -174.97410625117087, "params": {"k_pid_pos": [1.256366814238342, 0.013306513707983974, 1.0], "k_pid_alt": [2.0, 0.0, 0.0], "k_pid_att": [38.159284937655464, 0.0001, 0.2987485291012475], "k_pid_yaw": [0.5, 1e-06, 0.1], "k_pid_hsp": [0.10707188584894548, 0.0, 0.0], "k_pid_vsp": [252.96780580621362, 385.9877439885502, 1e-06]}, "datetime": {"datetime": "2025-08-20 17:12:27", "elapsed": 19202.322053194046, "delta": 17.040637969970703}, "costs": {"total_cost": 174.97410625117087, "time_cost": 72.83200000000001, "final_distance_cost": 1.8477052294259901, "oscillation_cost": 24.824500493387372, "completition_cost": 0.0, "overshoot_cost": 51.450858487755205, "power_cost": 12.201345141601562, "noise_cost": 11.817696899000724, "n_waypoints_completed": 9, "tot_waypoints": 9}}
{"target": -172.1062735820389, "params": {"k_pid_pos": [1.5136769425429564, 0.0, 0.8340523826768061], "k_pid_alt": [1.9514264051119101, 0.0, 0.0], "k_pid_att": [35.83790767168941, 0.0001, 0.3372745401888427], "k_pid_yaw": [0.5, 1e-06, 0.1], "k_pid_hsp": [0.11243342997310812, 0.0, 0.0], "k_pid_vsp": [277.9532755745184, 292.56530591101387, 1e-06]}, "datetime": {"datetime": "2025-08-20 17:12:43", "elapsed": 19218.339552164078, "delta": 16.01749897003174}, "costs": {"total_cost": 172.1062735820389, "time_cost": 70.624, "final_distance_cost": 1.8277935351457002, "oscillation_cost": 25.407216763316853, "completition_cost": 0.0, "overshoot_cost": 50.8497979338235, "power_cost": 11.990058740234376, "noise_cost": 11.407406609518459, "n_waypoints_completed": 9, "tot_waypoints": 9}}
{"target": -172.6223172713139, "params": {"k_pid_pos": [1.4085814112243447, 0.0, 0.717358384105966], "k_pid_alt": [2.0, 0.0, 0.0], "k_pid_att": [46.598078046593976, 0.0001, 0.3637978442029669], "k_pid_yaw": [0.5, 1e-06, 0.1], "k_pid_hsp": [0.11942973393615071, 0.0, 0.0], "k_pid_vsp": [236.8429363843819, 400.0, 1e-06]}, "datetime": {"datetime": "2025-08-20 17:12:58", "elapsed": 19233.47334766388, "delta": 15.133795499801636}, "costs": {"total_cost": 172.6223172713139, "time_cost": 70.624, "final_distance_cost": 1.8405479513297522, "oscillation_cost": 25.666944287142396, "completition_cost": 0.0, "overshoot_cost": 50.8406230779374, "power_cost": 12.161562145996095, "noise_cost": 11.48863980890827, "n_waypoints_completed": 9, "tot_waypoints": 9}}
{"target": -172.57511598451845, "params": {"k_pid_pos": [1.2213538297189435, 0.0, 0.7156827845166274], "k_pid_alt": [2.0, 0.0, 0.0], "k_pid_att": [24.898504373441032, 0.0001, 0.26778491330833754], "k_pid_yaw": [0.5, 1e-06, 0.1], "k_pid_hsp": [0.11025395355298578, 0.0, 0.0], "k_pid_vsp": [215.29081484043505, 379.0270553268201, 1e-06]}, "datetime": {"datetime": "2025-08-20 17:13:15", "elapsed": 19249.77856373787, "delta": 16.305216073989868}, "costs": {"total_cost": 172.57511598451845, "time_cost": 71.304, "final_distance_cost": 1.8265814108689111, "oscillation_cost": 24.738816195647605, "completition_cost": 0.0, "overshoot_cost": 50.933014229832644, "power_cost": 12.19607479248047, "noise_cost": 11.576629355688823, "n_waypoints_completed": 9, "tot_waypoints": 9}}
{"target": -174.23260539967868, "params": {"k_pid_pos": [1.7724495300359921, 0.0, 0.5960568971054445], "k_pid_alt": [2.0, 0.0, 0.0], "k_pid_att": [19.071857670632582, 0.0001, 0.23998182258278528], "k_pid_yaw": [0.5, 1e-06, 0.1], "k_pid_hsp": [0.1395307967473829, 1.6210473077458676e-06, 0.0], "k_pid_vsp": [246.71504516349606, 385.8863559775471, 1e-06]}, "datetime": {"datetime": "2025-08-20 17:13:30", "elapsed": 19265.21487236023, "delta": 15.43630862236023}, "costs": {"total_cost": 174.23260539967868, "time_cost": 69.648, "final_distance_cost": 1.8138490795725661, "oscillation_cost": 28.64665939450852, "completition_cost": 0.0, "overshoot_cost": 50.583443043874865, "power_cost": 12.154478381347657, "noise_cost": 11.386175500375087, "n_waypoints_completed": 9, "tot_waypoints": 9}}
{"target": -173.1464604253353, "params": {"k_pid_pos": [1.4761711279368475, 0.0, 0.7599877938703237], "k_pid_alt": [2.0, 0.0, 0.0], "k_pid_att": [50.55449313966312, 0.0001, 0.4385138857709731], "k_pid_yaw": [0.5, 1e-06, 0.1], "k_pid_hsp": [0.09803448355251042, 0.0, 0.0], "k_pid_vsp": [214.2422467399899, 400.0, 1e-06]}, "datetime": {"datetime": "2025-08-20 17:13:46", "elapsed": 19281.492547750473, "delta": 16.27767539024353}, "costs": {"total_cost": 173.1464604253353, "time_cost": 70.584, "final_distance_cost": 1.8201505232819721, "oscillation_cost": 26.011797521393586, "completition_cost": 0.0, "overshoot_cost": 51.19040191784509, "power_cost": 12.049689721679687, "noise_cost": 11.490420741134967, "n_waypoints_completed": 9, "tot_waypoints": 9}}
{"target": -172.58415826098678, "params": {"k_pid_pos": [1.50404358080696, 0.0, 0.9105531979970553], "k_pid_alt": [2.0, 0.0, 0.0], "k_pid_att": [23.740576898166434, 0.0001, 0.3400656250347748], "k_pid_yaw": [0.5, 1e-06, 0.1], "k_pid_hsp": [0.10692713239745745, 0.0, 0.0], "k_pid_vsp": [243.6088883902912, 333.77340954821216, 1e-06]}, "datetime": {"datetime": "2025-08-20 17:14:04", "elapsed": 19298.878880023956, "delta": 17.386332273483276}, "costs": {"total_cost": 172.58415826098678, "time_cost": 70.896, "final_distance_cost": 1.8294586350428266, "oscillation_cost": 25.13653934867229, "completition_cost": 0.0, "overshoot_cost": 51.14222006547041, "power_cost": 12.106352905273438, "noise_cost": 11.473587306527845, "n_waypoints_completed": 9, "tot_waypoints": 9}}
{"target": -173.37280994079134, "params": {"k_pid_pos": [1.4626021073515545, 0.0, 0.6892024762641953], "k_pid_alt": [2.0, 0.0, 0.0], "k_pid_att": [23.991522201518396, 0.0001, 0.2644825444894158], "k_pid_yaw": [0.5, 1e-06, 0.1], "k_pid_hsp": [0.11298864175296457, 0.0, 0.0], "k_pid_vsp": [274.98211705457265, 390.98175810807726, 1e-06]}, "datetime": {"datetime": "2025-08-20 17:14:23", "elapsed": 19318.204257249832, "delta": 19.325377225875854}, "costs": {"total_cost": 173.37280994079134, "time_cost": 70.36, "final_distance_cost": 1.8253457117800393, "oscillation_cost": 26.082396049938264, "completition_cost": 0.0, "overshoot_cost": 51.442546926012945, "power_cost": 12.169283178710938, "noise_cost": 11.493238074349122, "n_waypoints_completed": 9, "tot_waypoints": 9}}
{"target": -172.84126596531226, "params": {"k_pid_pos": [1.5281270693597082, 0.0, 0.6496501585197139], "k_pid_alt": [2.0, 0.0, 0.0], "k_pid_att": [31.650729667984013, 0.0001, 0.2940152302716436], "k_pid_yaw": [0.5, 1e-06, 0.1], "k_pid_hsp": [0.09972212993342038, 0.0, 0.0], "k_pid_vsp": [271.18751451241206, 344.634036285174, 1e-06]}, "datetime": {"datetime": "2025-08-20 17:14:41", "elapsed": 19336.046120643616, "delta": 17.84186339378357}, "costs": {"total_cost": 172.84126596531226, "time_cost": 70.208, "final_distance_cost": 1.828680991897572, "oscillation_cost": 26.35482176159317, "completition_cost": 0.0, "overshoot_cost": 51.324391642510435, "power_cost": 11.938863562011718, "noise_cost": 11.186508007299354, "n_waypoints_completed": 9, "tot_waypoints": 9}}
{"target": -171.43807064845788, "params": {"k_pid_pos": [1.4399136261411556, 0.0, 0.7825233178642406], "k_pid_alt": [2.0, 0.0, 0.0], "k_pid_att": [23.57751667628927, 0.0001, 0.2441214028854719], "k_pid_yaw": [0.5, 1e-06, 0.1], "k_pid_hsp": [0.11892461730729065, 0.00027731636150182365, 0.0], "k_pid_vsp": [262.9467020794078, 359.8372693924881, 1e-06]}, "datetime": {"datetime": "2025-08-20 17:14:57", "elapsed": 19352.413704156876, "delta": 16.367583513259888}, "costs": {"total_cost": 171.43807064845788, "time_cost": 70.648, "final_distance_cost": 1.8397124935709883, "oscillation_cost": 25.44593897075787, "completition_cost": 0.0, "overshoot_cost": 50.628053167216734, "power_cost": 11.627528430175781, "noise_cost": 11.248837586736514, "n_waypoints_completed": 9, "tot_waypoints": 9}}
{"target": -173.34899622694581, "params": {"k_pid_pos": [1.5166671362282567, 0.0, 0.5128231481528985], "k_pid_alt": [2.0, 0.0, 0.0], "k_pid_att": [39.69246504842874, 0.0001, 0.3780865049233774], "k_pid_yaw": [0.5, 1e-06, 0.1], "k_pid_hsp": [0.08297471247497858, 0.0, 0.0], "k_pid_vsp": [224.521600134222, 335.01633409937534, 1e-06]}, "datetime": {"datetime": "2025-08-20 17:15:15", "elapsed": 19369.956076145172, "delta": 17.54237198829651}, "costs": {"total_cost": 173.34899622694581, "time_cost": 70.272, "final_distance_cost": 1.7816300368229985, "oscillation_cost": 26.64278912566306, "completition_cost": 0.0, "overshoot_cost": 51.56298819667521, "power_cost": 11.873975500488282, "noise_cost": 11.21561336729623, "n_waypoints_completed": 9, "tot_waypoints": 9}}
{"target": -172.13430842271086, "params": {"k_pid_pos": [1.3173120525645958, 0.0, 0.5090208720584496], "k_pid_alt": [2.0, 0.0, 0.0], "k_pid_att": [37.11246296175598, 0.0001, 0.3813771722744676], "k_pid_yaw": [0.5, 1e-06, 0.1], "k_pid_hsp": [0.1002268422705117, 0.0, 0.0], "k_pid_vsp": [250.5528652161128, 377.02311552036883, 1e-06]}, "datetime": {"datetime": "2025-08-20 17:15:31", "elapsed": 19385.793256759644, "delta": 15.837180614471436}, "costs": {"total_cost": 172.13430842271086, "time_cost": 70.28, "final_distance_cost": 1.8228547398717037, "oscillation_cost": 25.669288936191716, "completition_cost": 0.0, "overshoot_cost": 51.381752891340085, "power_cost": 11.786453393554687, "noise_cost": 11.19395846175267, "n_waypoints_completed": 9, "tot_waypoints": 9}}
{"target": -173.24752484388165, "params": {"k_pid_pos": [1.352154431484828, 0.0, 0.6536411449603863], "k_pid_alt": [1.9171957475432653, 0.0, 0.0], "k_pid_att": [46.721860931865194, 0.0001, 0.7365047011496344], "k_pid_yaw": [0.5, 1e-06, 0.1], "k_pid_hsp": [0.07345181979204425, 0.0, 0.0], "k_pid_vsp": [249.88121114940705, 392.1567686095206, 1e-06]}, "datetime": {"datetime": "2025-08-20 17:15:46", "elapsed": 19401.266751527786, "delta": 15.4734947681427}, "costs": {"total_cost": 173.24752484388165, "time_cost": 70.96000000000001, "final_distance_cost": 1.8225753473266744, "oscillation_cost": 24.772178706896355, "completition_cost": 0.0, "overshoot_cost": 51.965696989288034, "power_cost": 12.233974645996094, "noise_cost": 11.493099154374507, "n_waypoints_completed": 9, "tot_waypoints": 9}}
{"target": -172.680417493551, "params": {"k_pid_pos": [1.4608153657712832, 0.0, 0.6297844650090322], "k_pid_alt": [2.0, 0.0, 0.0], "k_pid_att": [43.56649906307666, 0.0001, 0.3579508866071095], "k_pid_yaw": [0.5, 1e-06, 0.1], "k_pid_hsp": [0.10594231948094478, 0.0, 0.0], "k_pid_vsp": [243.3301276599415, 385.13615122469713, 1e-06]}, "datetime": {"datetime": "2025-08-20 17:16:03", "elapsed": 19417.74696612358, "delta": 16.480214595794678}, "costs": {"total_cost": 172.680417493551, "time_cost": 70.264, "final_distance_cost": 1.8052826292013164, "oscillation_cost": 26.30046328928351, "completition_cost": 0.0, "overshoot_cost": 51.341269591704, "power_cost": 11.807411828613281, "noise_cost": 11.1619901547489, "n_waypoints_completed": 9, "tot_waypoints": 9}}
{"target": -179.62099480292616, "params": {"k_pid_pos": [1.3974078831821763, 0.0, 0.6013650397805351], "k_pid_alt": [1.998405482943166, 0.0, 0.0], "k_pid_att": [47.94175724792675, 0.0001, 0.33230348016821215], "k_pid_yaw": [0.5, 1e-06, 0.1], "k_pid_hsp": [0.04656707897055103, 0.0, 0.0], "k_pid_vsp": [229.54132231235846, 361.44034287147247, 1e-06]}, "datetime": {"datetime": "2025-08-20 17:16:20", "elapsed": 19434.967477560043, "delta": 17.220511436462402}, "costs": {"total_cost": 179.62099480292616, "time_cost": 76.44, "final_distance_cost": 1.8039758846690437, "oscillation_cost": 21.69413222112286, "completition_cost": 0.0, "overshoot_cost": 54.732090273259345, "power_cost": 12.647019677734376, "noise_cost": 12.303776746140558, "n_waypoints_completed": 9, "tot_waypoints": 9}}
{"target": -172.39544314193964, "params": {"k_pid_pos": [1.4054609107937832, 0.0, 0.6818142081648377], "k_pid_alt": [2.0, 0.0, 0.0], "k_pid_att": [41.31516680523724, 0.0001, 0.32156870373590174], "k_pid_yaw": [0.5, 1e-06, 0.1], "k_pid_hsp": [0.10575458481549926, 0.0, 0.0], "k_pid_vsp": [243.15320944727011, 400.0, 1e-06]}, "datetime": {"datetime": "2025-08-20 17:16:36", "elapsed": 19450.65889930725, "delta": 15.691421747207642}, "costs": {"total_cost": 172.39544314193964, "time_cost": 70.52, "final_distance_cost": 1.836965066864692, "oscillation_cost": 25.626126354635286, "completition_cost": 0.0, "overshoot_cost": 50.820751257706625, "power_cost": 12.16921229248047, "noise_cost": 11.422388170252571, "n_waypoints_completed": 9, "tot_waypoints": 9}}
{"target": -175.36009788855355, "params": {"k_pid_pos": [2.0, 0.0, 0.7828363933036273], "k_pid_alt": [1.83604103018939, 0.0, 0.0], "k_pid_att": [64.69981901437815, 0.0001, 0.35003082821601994], "k_pid_yaw": [0.5, 1e-06, 0.1], "k_pid_hsp": [0.13210094061211328, 0.0, 0.0], "k_pid_vsp": [275.5249213974944, 214.2934469600054, 1e-06]}, "datetime": {"datetime": "2025-08-20 17:16:52", "elapsed": 19466.82354402542, "delta": 16.164644718170166}, "costs": {"total_cost": 175.36009788855355, "time_cost": 69.672, "final_distance_cost": 1.8137403114787485, "oscillation_cost": 29.57487715051866, "completition_cost": 0.0, "overshoot_cost": 50.7802547065311, "power_cost": 12.172637377929687, "noise_cost": 11.346588342095375, "n_waypoints_completed": 9, "tot_waypoints": 9}}
{"target": -172.7933111075391, "params": {"k_pid_pos": [1.3781158418651278, 0.0071606700373262385, 0.7313890240031997], "k_pid_alt": [2.0, 0.0, 0.0], "k_pid_att": [52.13382597815453, 0.0001, 0.410854643932718], "k_pid_yaw": [0.5, 1e-06, 0.1], "k_pid_hsp": [0.1256364147276595, 0.0, 0.0], "k_pid_vsp": [265.01712572926283, 333.25291477604355, 1e-06]}, "datetime": {"datetime": "2025-08-20 17:17:08", "elapsed": 19482.770032405853, "delta": 15.946488380432129}, "costs": {"total_cost": 172.7933111075391, "time_cost": 70.76, "final_distance_cost": 1.8416754854477442, "oscillation_cost": 25.65470968943029, "completition_cost": 0.0, "overshoot_cost": 50.89942530650456, "power_cost": 12.144129602050782, "noise_cost": 11.49337102410573, "n_waypoints_completed": 9, "tot_waypoints": 9}}
{"target": -172.73660579084827, "params": {"k_pid_pos": [1.5058703216392453, 0.0, 0.5899369862097418], "k_pid_alt": [2.0, 0.0, 0.0], "k_pid_att": [33.14463604230281, 0.0001, 0.35961352644278316], "k_pid_yaw": [0.5, 1e-06, 0.1], "k_pid_hsp": [0.11396312548381483, 0.0013599844818214832, 0.0], "k_pid_vsp": [258.83624348901463, 344.4319957216895, 1e-06]}, "datetime": {"datetime": "2025-08-20 17:17:23", "elapsed": 19498.21151328087, "delta": 15.441480875015259}, "costs": {"total_cost": 172.73660579084827, "time_cost": 70.008, "final_distance_cost": 1.811697725951034, "oscillation_cost": 26.830590913617463, "completition_cost": 0.0, "overshoot_cost": 50.79380002458047, "power_cost": 12.022172497558595, "noise_cost": 11.270344629140741, "n_waypoints_completed": 9, "tot_waypoints": 9}}
{"target": -172.91855883107004, "params": {"k_pid_pos": [1.3356986897316805, 0.0, 0.6697496218386759], "k_pid_alt": [2.0, 0.0, 0.0], "k_pid_att": [36.331571603486296, 0.0001, 0.47485905969404485], "k_pid_yaw": [0.5, 1e-06, 0.1], "k_pid_hsp": [0.13201714236414885, 0.0, 0.0], "k_pid_vsp": [206.3380763599759, 399.7508362793094, 1e-06]}, "datetime": {"datetime": "2025-08-20 17:17:39", "elapsed": 19513.891291618347, "delta": 15.679778337478638}, "costs": {"total_cost": 172.91855883107004, "time_cost": 70.664, "final_distance_cost": 1.831377113610449, "oscillation_cost": 25.633049954030028, "completition_cost": 0.0, "overshoot_cost": 50.595309709633604, "power_cost": 12.502506518554688, "noise_cost": 11.692315535241281, "n_waypoints_completed": 9, "tot_waypoints": 9}}
{"target": -172.0771656094482, "params": {"k_pid_pos": [1.4123750619308013, 0.0, 0.764733501267266], "k_pid_alt": [2.0, 0.0, 0.0], "k_pid_att": [52.31797246223724, 0.0001, 0.43872678354775907], "k_pid_yaw": [0.5, 1e-06, 0.1], "k_pid_hsp": [0.12282644948827139, 0.0, 0.0], "k_pid_vsp": [236.98009696484493, 372.47632369194446, 1e-06]}, "datetime": {"datetime": "2025-08-20 17:17:54", "elapsed": 19529.143178462982, "delta": 15.25188684463501}, "costs": {"total_cost": 172.0771656094482, "time_cost": 70.768, "final_distance_cost": 1.830923749350941, "oscillation_cost": 25.583195568140503, "completition_cost": 0.0, "overshoot_cost": 50.89743907318256, "power_cost": 11.693730151367188, "noise_cost": 11.303877067406988, "n_waypoints_completed": 9, "tot_waypoints": 9}}
{"target": -173.43808572546212, "params": {"k_pid_pos": [1.5878126093629799, 0.0, 0.7262969740122942], "k_pid_alt": [2.0, 0.0, 0.0], "k_pid_att": [22.530976340579798, 0.0001, 0.28170611703499804], "k_pid_yaw": [0.5, 1e-06, 0.1], "k_pid_hsp": [0.09905644532577276, 0.0, 0.0], "k_pid_vsp": [258.17841066193023, 400.0, 1e-06]}, "datetime": {"datetime": "2025-08-20 17:18:10", "elapsed": 19544.94106912613, "delta": 15.797890663146973}, "costs": {"total_cost": 173.43808572546212, "time_cost": 70.21600000000001, "final_distance_cost": 1.8038643558362142, "oscillation_cost": 26.637109145412087, "completition_cost": 0.0, "overshoot_cost": 51.47773557289233, "power_cost": 11.958092346191407, "noise_cost": 11.345284305130095, "n_waypoints_completed": 9, "tot_waypoints": 9}}
{"target": -172.62372362545568, "params": {"k_pid_pos": [1.3688434174063586, 0.0, 0.7762323510508535], "k_pid_alt": [2.0, 0.0, 0.0], "k_pid_att": [43.73671387668284, 0.0001, 0.3418328581659096], "k_pid_yaw": [0.5, 1e-06, 0.1], "k_pid_hsp": [0.10896292347326407, 0.0, 0.0], "k_pid_vsp": [238.4651879798257, 400.0, 1e-06]}, "datetime": {"datetime": "2025-08-20 17:18:26", "elapsed": 19560.77600479126, "delta": 15.834935665130615}, "costs": {"total_cost": 172.62372362545568, "time_cost": 70.928, "final_distance_cost": 1.834303534539071, "oscillation_cost": 25.11178217090119, "completition_cost": 0.0, "overshoot_cost": 50.920970355581304, "power_cost": 12.248529357910156, "noise_cost": 11.580138206523964, "n_waypoints_completed": 9, "tot_waypoints": 9}}
{"target": -173.4625565559023, "params": {"k_pid_pos": [1.5096791117806643, 0.0, 0.7307959554657868], "k_pid_alt": [2.0, 0.0, 0.0], "k_pid_att": [41.316815343952726, 0.0001, 0.3310734643269942], "k_pid_yaw": [0.5, 1e-06, 0.1], "k_pid_hsp": [0.11277652964828239, 0.0, 0.0], "k_pid_vsp": [200.068366242443, 389.87830272246276, 1e-06]}, "datetime": {"datetime": "2025-08-20 17:18:41", "elapsed": 19576.094027757645, "delta": 15.318022966384888}, "costs": {"total_cost": 173.4625565559023, "time_cost": 70.44, "final_distance_cost": 1.8306236346933928, "oscillation_cost": 26.147221523069174, "completition_cost": 0.0, "overshoot_cost": 51.56178042565426, "power_cost": 12.091931054687501, "noise_cost": 11.39099991779795, "n_waypoints_completed": 9, "tot_waypoints": 9}}
{"target": -173.22424196850346, "params": {"k_pid_pos": [1.3764469773605597, 0.0, 0.837650337836515], "k_pid_alt": [2.0, 0.0, 0.0], "k_pid_att": [39.561579309103436, 0.0001, 0.2708055265758847], "k_pid_yaw": [0.5, 1e-06, 0.1], "k_pid_hsp": [0.0876311901866506, 0.0, 0.0], "k_pid_vsp": [249.85471045840106, 258.90638197559946, 1e-06]}, "datetime": {"datetime": "2025-08-20 17:18:57", "elapsed": 19592.16094136238, "delta": 16.066913604736328}, "costs": {"total_cost": 173.22424196850346, "time_cost": 71.128, "final_distance_cost": 1.838259031708833, "oscillation_cost": 24.64482460664231, "completition_cost": 0.0, "overshoot_cost": 51.64653673841534, "power_cost": 12.29774228515625, "noise_cost": 11.668879306580717, "n_waypoints_completed": 9, "tot_waypoints": 9}}
{"target": -171.85930485464212, "params": {"k_pid_pos": [1.4537606362736526, 0.0, 0.8122598700500688], "k_pid_alt": [2.0, 0.0, 0.0], "k_pid_att": [27.10210884779898, 0.0001, 0.2479785396537615], "k_pid_yaw": [0.5, 1e-06, 0.1], "k_pid_hsp": [0.12918166204365375, 0.0, 0.0], "k_pid_vsp": [262.8094546788, 317.59258550650867, 1e-06]}, "datetime": {"datetime": "2025-08-20 17:19:13", "elapsed": 19607.883995771408, "delta": 15.7230544090271}, "costs": {"total_cost": 171.85930485464212, "time_cost": 70.76, "final_distance_cost": 1.8432869389737316, "oscillation_cost": 25.41645271904707, "completition_cost": 0.0, "overshoot_cost": 50.692894965817324, "power_cost": 11.822169201660158, "noise_cost": 11.324501029143821, "n_waypoints_completed": 9, "tot_waypoints": 9}}
{"target": -172.9540563998939, "params": {"k_pid_pos": [1.4464867464545874, 0.0, 0.8768799905235081], "k_pid_alt": [1.984571729537645, 0.0, 0.0], "k_pid_att": [36.36950574438359, 0.0001, 0.32093347076066175], "k_pid_yaw": [0.5, 1e-06, 0.1], "k_pid_hsp": [0.09971107198612654, 0.0, 0.0], "k_pid_vsp": [251.80770074725635, 281.28909088861803, 1e-06]}, "datetime": {"datetime": "2025-08-20 17:19:28", "elapsed": 19623.09847855568, "delta": 15.21448278427124}, "costs": {"total_cost": 172.9540563998939, "time_cost": 70.992, "final_distance_cost": 1.8398259126560348, "oscillation_cost": 24.973911922763143, "completition_cost": 0.0, "overshoot_cost": 51.286011521469945, "power_cost": 12.241969055175781, "noise_cost": 11.620337987828973, "n_waypoints_completed": 9, "tot_waypoints": 9}}
{"target": -173.5974046793398, "params": {"k_pid_pos": [1.3022004149269462, 0.0, 0.7989874584390098], "k_pid_alt": [1.9684941571010672, 0.0, 0.0], "k_pid_att": [46.93343161558786, 0.0001, 0.4305250944311788], "k_pid_yaw": [0.5, 1e-06, 0.1], "k_pid_hsp": [0.16478781909660448, 0.0, 0.0], "k_pid_vsp": [242.1440970591158, 400.0, 1e-06]}, "datetime": {"datetime": "2025-08-20 17:19:44", "elapsed": 19638.823832511902, "delta": 15.725353956222534}, "costs": {"total_cost": 173.5974046793398, "time_cost": 71.44800000000001, "final_distance_cost": 1.8387568717064362, "oscillation_cost": 26.001384133352, "completition_cost": 0.0, "overshoot_cost": 50.83668622685311, "power_cost": 11.94225770263672, "noise_cost": 11.530319744791532, "n_waypoints_completed": 9, "tot_waypoints": 9}}
