{"target": -172.1981183680877, "params": {"k_pid_pos": [1.3575214969659757, 0.0, 0.6606508431382958], "k_pid_alt": [1.9998320943537424, 0.0, 0.0], "k_pid_att": [23.318767015132607, 0.0001, 0.35335493584217054], "k_pid_yaw": [0.5, 1e-06, 0.1], "k_pid_hsp": [0.11991195137703599, 8.219449113333122e-07, 0.0], "k_pid_vsp": [233.56180411667404, 365.4741619309927, 1e-06]}, "datetime": {"datetime": "2025-08-20 18:24:33", "elapsed": 23527.7448451519, "delta": 16.88461399078369}, "costs": {"total_cost": 172.1981183680877, "time_cost": 70.57600000000001, "final_distance_cost": 1.8294055217447325, "oscillation_cost": 25.474522120011, "completition_cost": 0.0, "overshoot_cost": 50.62771317424118, "power_cost": 12.141930053710938, "noise_cost": 11.548547498379845, "n_waypoints_completed": 9, "tot_waypoints": 9}}
{"target": -172.68875412076477, "params": {"k_pid_pos": [1.3474597620447042, 0.0, 0.7444796346701716], "k_pid_alt": [1.9997238479910664, 0.0, 0.0], "k_pid_att": [25.47142056104173, 0.0001, 0.2507771030522399], "k_pid_yaw": [0.5, 1e-06, 0.1], "k_pid_hsp": [0.10758449191319565, 0.00013558751894149226, 0.0], "k_pid_vsp": [216.3559903303495, 396.74345756100405, 1e-06]}, "datetime": {"datetime": "2025-08-20 18:24:48", "elapsed": 23543.403321027756, "delta": 15.658475875854492}, "costs": {"total_cost": 172.68875412076477, "time_cost": 70.84, "final_distance_cost": 1.8183576786021087, "oscillation_cost": 25.193187043196662, "completition_cost": 0.0, "overshoot_cost": 51.082641181085826, "power_cost": 12.205519360351563, "noise_cost": 11.549048857528607, "n_waypoints_completed": 9, "tot_waypoints": 9}}
{"target": -173.51355748039666, "params": {"k_pid_pos": [1.7674578333990452, 0.0, 0.7581713518800542], "k_pid_alt": [1.9994896459842788, 0.0, 0.0], "k_pid_att": [25.286515959765527, 0.0001, 0.295828791856282], "k_pid_yaw": [0.5, 1e-06, 0.1], "k_pid_hsp": [0.11403651151626652, 2.061749496499375e-06, 0.0], "k_pid_vsp": [209.4170803331323, 363.2629749752123, 1e-06]}, "datetime": {"datetime": "2025-08-20 18:25:04", "elapsed": 23559.370197057724, "delta": 15.966876029968262}, "costs": {"total_cost": 173.51355748039666, "time_cost": 70.008, "final_distance_cost": 1.8010141296798734, "oscillation_cost": 27.486942199757767, "completition_cost": 0.0, "overshoot_cost": 50.81044512654134, "power_cost": 12.144984436035157, "noise_cost": 11.262171588382536, "n_waypoints_completed": 9, "tot_waypoints": 9}}
{"target": -172.7761214055161, "params": {"k_pid_pos": [1.2839727162754542, 0.0, 0.7070252466922944], "k_pid_alt": [2.0, 0.0, 0.0], "k_pid_att": [26.977042611183084, 0.0001, 0.22083257880530122], "k_pid_yaw": [0.5, 1e-06, 0.1], "k_pid_hsp": [0.09225975739270911, 1.281110113642482e-05, 0.0], "k_pid_vsp": [215.54959947847493, 400.0, 1e-06]}, "datetime": {"datetime": "2025-08-20 18:25:20", "elapsed": 23575.368879795074, "delta": 15.998682737350464}, "costs": {"total_cost": 172.7761214055161, "time_cost": 70.928, "final_distance_cost": 1.8323021568052593, "oscillation_cost": 24.92227498111123, "completition_cost": 0.0, "overshoot_cost": 51.53494250813929, "power_cost": 12.068817358398437, "noise_cost": 11.489784401061922, "n_waypoints_completed": 9, "tot_waypoints": 9}}
{"target": -172.47272186495513, "params": {"k_pid_pos": [1.4704570528788274, 0.0, 0.8156347492106616], "k_pid_alt": [1.9995743980353187, 0.0, 0.0], "k_pid_att": [21.14679136427499, 0.0001, 0.28672256703780363], "k_pid_yaw": [0.5, 1e-06, 0.1], "k_pid_hsp": [0.10881665178427669, 0.00012723591554991034, 0.0], "k_pid_vsp": [201.60871919987397, 359.00336473944463, 1e-06]}, "datetime": {"datetime": "2025-08-20 18:25:36", "elapsed": 23590.734528064728, "delta": 15.36564826965332}, "costs": {"total_cost": 172.47272186495513, "time_cost": 70.68, "final_distance_cost": 1.83229360186738, "oscillation_cost": 25.568890763765125, "completition_cost": 0.0, "overshoot_cost": 50.94010859708623, "power_cost": 12.039981518554688, "noise_cost": 11.41144738368168, "n_waypoints_completed": 9, "tot_waypoints": 9}}
{"target": -172.31163705346526, "params": {"k_pid_pos": [1.4189276031580462, 0.0, 0.8109333684713753], "k_pid_alt": [1.9996790230123505, 0.0, 0.0], "k_pid_att": [23.853675467894316, 0.0001, 0.2772827221587186], "k_pid_yaw": [0.5, 1e-06, 0.1], "k_pid_hsp": [0.11069417034277258, 1.0389296115601845e-05, 0.0], "k_pid_vsp": [238.52188710415743, 306.1474495746983, 1e-06]}, "datetime": {"datetime": "2025-08-20 18:25:53", "elapsed": 23608.1790163517, "delta": 17.444488286972046}, "costs": {"total_cost": 172.31163705346526, "time_cost": 70.856, "final_distance_cost": 1.8300915950044043, "oscillation_cost": 25.079030862299216, "completition_cost": 0.0, "overshoot_cost": 50.98009467272117, "power_cost": 12.045110229492188, "noise_cost": 11.521309693948261, "n_waypoints_completed": 9, "tot_waypoints": 9}}
{"target": -172.64678721792515, "params": {"k_pid_pos": [1.4398460914138653, 0.0, 0.7842235562999369], "k_pid_alt": [1.9997512703811327, 0.0, 0.0], "k_pid_att": [21.424914483347006, 0.0001, 0.05377561681373355], "k_pid_yaw": [0.5, 1e-06, 0.1], "k_pid_hsp": [0.08894680750830938, 0.0, 0.0], "k_pid_vsp": [227.40034622364232, 325.86920171458416, 1e-06]}, "datetime": {"datetime": "2025-08-20 18:26:09", "elapsed": 23623.639810800552, "delta": 15.460794448852539}, "costs": {"total_cost": 172.64678721792515, "time_cost": 70.72, "final_distance_cost": 1.8205407586592401, "oscillation_cost": 25.705734488980603, "completition_cost": 0.0, "overshoot_cost": 51.21382622862587, "power_cost": 11.872287023925782, "noise_cost": 11.314398717733674, "n_waypoints_completed": 9, "tot_waypoints": 9}}
{"target": -172.13207647057405, "params": {"k_pid_pos": [1.393834643060707, 0.0, 0.7595248117725406], "k_pid_alt": [1.9999776660493185, 0.0, 0.0], "k_pid_att": [18.082671179365068, 0.0001, 0.2709573698387688], "k_pid_yaw": [0.5, 1e-06, 0.1], "k_pid_hsp": [0.11143598909998262, 0.00023091638530625073, 0.0], "k_pid_vsp": [227.77594121764463, 362.3345456405147, 1e-06]}, "datetime": {"datetime": "2025-08-20 18:26:25", "elapsed": 23639.709294080734, "delta": 16.069483280181885}, "costs": {"total_cost": 172.13207647057405, "time_cost": 70.72, "final_distance_cost": 1.8248363157743515, "oscillation_cost": 25.431358522324132, "completition_cost": 0.0, "overshoot_cost": 51.024569790565664, "power_cost": 11.809332580566407, "noise_cost": 11.3219792613435, "n_waypoints_completed": 9, "tot_waypoints": 9}}
{"target": -172.19145609793247, "params": {"k_pid_pos": [1.3651931958847345, 0.0, 0.5762378588903407], "k_pid_alt": [2.0, 0.0, 0.0], "k_pid_att": [42.03093419766529, 0.0001, 0.2685153079976244], "k_pid_yaw": [0.5, 1e-06, 0.1], "k_pid_hsp": [0.08580864152736066, 0.0, 0.0], "k_pid_vsp": [207.7831777943323, 300.7211955255641, 1e-06]}, "datetime": {"datetime": "2025-08-20 18:26:40", "elapsed": 23655.527069330215, "delta": 15.817775249481201}, "costs": {"total_cost": 172.19145609793247, "time_cost": 70.536, "final_distance_cost": 1.8177229435070508, "oscillation_cost": 25.545160809927, "completition_cost": 0.0, "overshoot_cost": 51.6098381599134, "power_cost": 11.602411730957032, "noise_cost": 11.080322453628, "n_waypoints_completed": 9, "tot_waypoints": 9}}
{"target": -172.2428583746232, "params": {"k_pid_pos": [1.1972341049306476, 0.0, 0.6566656491932428], "k_pid_alt": [2.0, 0.0, 0.0], "k_pid_att": [25.50211026761318, 0.0001, 0.3734113263130682], "k_pid_yaw": [0.5, 1e-06, 0.1], "k_pid_hsp": [0.10837449635595532, 0.00018531448376293575, 0.0], "k_pid_vsp": [254.7393984485518, 339.5273729616253, 1e-06]}, "datetime": {"datetime": "2025-08-20 18:26:56", "elapsed": 23671.1783349514, "delta": 15.651265621185303}, "costs": {"total_cost": 172.2428583746232, "time_cost": 71.136, "final_distance_cost": 1.8221311524260753, "oscillation_cost": 24.578272372044076, "completition_cost": 0.0, "overshoot_cost": 51.0432680883726, "power_cost": 12.163721936035158, "noise_cost": 11.499464825745296, "n_waypoints_completed": 9, "tot_waypoints": 9}}
{"target": -172.37406345376237, "params": {"k_pid_pos": [1.4752212042450805, 0.0, 0.7480597983962494], "k_pid_alt": [1.773730393704256, 0.0, 0.0], "k_pid_att": [38.736659271884506, 0.0001, 0.4832958301062702], "k_pid_yaw": [0.5, 1e-06, 0.1], "k_pid_hsp": [0.10643722429742719, 0.0, 0.0], "k_pid_vsp": [233.50885271838112, 364.2685454069165, 1e-06]}, "datetime": {"datetime": "2025-08-20 18:27:13", "elapsed": 23687.99152612686, "delta": 16.813191175460815}, "costs": {"total_cost": 172.37406345376237, "time_cost": 70.144, "final_distance_cost": 1.822473936857653, "oscillation_cost": 26.114784089717922, "completition_cost": 0.0, "overshoot_cost": 50.667620043336754, "power_cost": 12.17332498779297, "noise_cost": 11.451860396057072, "n_waypoints_completed": 9, "tot_waypoints": 9}}
{"target": -172.59151796929925, "params": {"k_pid_pos": [1.3103699259292916, 0.0, 0.7879062206076659], "k_pid_alt": [1.999774839293396, 0.0, 0.0], "k_pid_att": [33.62172779025204, 0.0001, 0.3267787935011981], "k_pid_yaw": [0.5, 1e-06, 0.1], "k_pid_hsp": [0.10830710448451741, 0.0, 0.0], "k_pid_vsp": [221.44948291027205, 360.69017533472373, 1e-06]}, "datetime": {"datetime": "2025-08-20 18:27:28", "elapsed": 23703.18924164772, "delta": 15.197715520858765}, "costs": {"total_cost": 172.59151796929925, "time_cost": 71.184, "final_distance_cost": 1.8417015135129566, "oscillation_cost": 24.895685589520813, "completition_cost": 0.0, "overshoot_cost": 51.153026008246705, "power_cost": 11.982872570800781, "noise_cost": 11.534232287217973, "n_waypoints_completed": 9, "tot_waypoints": 9}}
{"target": -172.27415073470496, "params": {"k_pid_pos": [1.3461766527288241, 0.0, 0.6395022024441704], "k_pid_alt": [1.9994583203741525, 0.0, 0.0], "k_pid_att": [22.323396575610673, 0.0001, 0.2589661004823239], "k_pid_yaw": [0.5, 1e-06, 0.1], "k_pid_hsp": [0.08930512831989401, 5.97374118740078e-05, 0.0], "k_pid_vsp": [218.38160784055538, 362.62152429791496, 1e-06]}, "datetime": {"datetime": "2025-08-20 18:27:44", "elapsed": 23719.237416028976, "delta": 16.048174381256104}, "costs": {"total_cost": 172.27415073470496, "time_cost": 70.56, "final_distance_cost": 1.8230445143934342, "oscillation_cost": 25.472691801596987, "completition_cost": 0.0, "overshoot_cost": 51.489476573834494, "power_cost": 11.672607299804689, "noise_cost": 11.256330545075357, "n_waypoints_completed": 9, "tot_waypoints": 9}}
{"target": -172.43792719078516, "params": {"k_pid_pos": [1.3883202442324676, 0.0, 0.7883166723939837], "k_pid_alt": [2.0, 0.0, 0.0], "k_pid_att": [17.811828818963548, 0.0001, 0.2386959491094379], "k_pid_yaw": [0.5, 1e-06, 0.1], "k_pid_hsp": [0.09605630053002503, 8.386624333668466e-05, 0.0], "k_pid_vsp": [220.2024481243537, 373.82909640881087, 1e-06]}, "datetime": {"datetime": "2025-08-20 18:28:00", "elapsed": 23735.330942630768, "delta": 16.093526601791382}, "costs": {"total_cost": 172.43792719078516, "time_cost": 70.808, "final_distance_cost": 1.8380984757674221, "oscillation_cost": 25.17157119516737, "completition_cost": 0.0, "overshoot_cost": 51.328695595856125, "power_cost": 11.925033984375, "noise_cost": 11.36652793961922, "n_waypoints_completed": 9, "tot_waypoints": 9}}
{"target": -172.56482357348926, "params": {"k_pid_pos": [1.1833408232405467, 0.0, 0.6423356676903584], "k_pid_alt": [1.803857579209468, 0.0, 0.0], "k_pid_att": [45.03019261803779, 0.0001, 0.33334816102834763], "k_pid_yaw": [0.5, 1e-06, 0.1], "k_pid_hsp": [0.11729198214060203, 0.0, 0.0], "k_pid_vsp": [240.46841735526186, 243.2723532574967, 1e-06]}, "datetime": {"datetime": "2025-08-20 18:28:17", "elapsed": 23751.617131471634, "delta": 16.28618884086609}, "costs": {"total_cost": 172.56482357348926, "time_cost": 71.06400000000001, "final_distance_cost": 1.831370471088974, "oscillation_cost": 24.922826010958524, "completition_cost": 0.0, "overshoot_cost": 51.0983899802641, "power_cost": 12.009468383789063, "noise_cost": 11.63876872738859, "n_waypoints_completed": 9, "tot_waypoints": 9}}
{"target": -172.67397667602444, "params": {"k_pid_pos": [1.5198720109792285, 0.0, 0.7703061429316351], "k_pid_alt": [1.9997363000854893, 0.0, 0.0], "k_pid_att": [25.184545136909374, 0.0001, 0.28450070029011965], "k_pid_yaw": [0.5, 1e-06, 0.1], "k_pid_hsp": [0.09498042453026972, 9.580026683822735e-05, 0.0], "k_pid_vsp": [243.6895318898495, 364.17240475123805, 1e-06]}, "datetime": {"datetime": "2025-08-20 18:28:33", "elapsed": 23767.620508670807, "delta": 16.003377199172974}, "costs": {"total_cost": 172.67397667602444, "time_cost": 70.48, "final_distance_cost": 1.806184719923168, "oscillation_cost": 25.738558128794274, "completition_cost": 0.0, "overshoot_cost": 51.46675132177689, "power_cost": 11.881672229003907, "noise_cost": 11.300810276526228, "n_waypoints_completed": 9, "tot_waypoints": 9}}
{"target": -172.54517555121453, "params": {"k_pid_pos": [1.4635953060245883, 0.0, 0.9699043592655381], "k_pid_alt": [2.0, 0.0, 0.0], "k_pid_att": [20.95545675156116, 0.0001, 0.3671020858906825], "k_pid_yaw": [0.5, 1e-06, 0.1], "k_pid_hsp": [0.10517891845961541, 0.0008340018491017579, 0.0], "k_pid_vsp": [228.54449442297886, 265.6089315920418, 1e-06]}, "datetime": {"datetime": "2025-08-20 18:28:48", "elapsed": 23782.878554821014, "delta": 15.25804615020752}, "costs": {"total_cost": 172.54517555121453, "time_cost": 71.2, "final_distance_cost": 1.8447899930863558, "oscillation_cost": 24.75170024535048, "completition_cost": 0.0, "overshoot_cost": 51.15312266756735, "power_cost": 12.082708618164062, "noise_cost": 11.512854027046279, "n_waypoints_completed": 9, "tot_waypoints": 9}}
{"target": -172.57110537334395, "params": {"k_pid_pos": [1.3994434958180562, 0.0, 0.583442115435657], "k_pid_alt": [1.9997428529998011, 0.0, 0.0], "k_pid_att": [36.34785506491, 0.0001, 0.33352397152263163], "k_pid_yaw": [0.5, 1e-06, 0.1], "k_pid_hsp": [0.1236016748497641, 0.0, 0.0], "k_pid_vsp": [237.53669123878515, 264.95142144656813, 1e-06]}, "datetime": {"datetime": "2025-08-20 18:29:04", "elapsed": 23798.875368356705, "delta": 15.996813535690308}, "costs": {"total_cost": 172.57110537334395, "time_cost": 70.328, "final_distance_cost": 1.8364709747255996, "oscillation_cost": 25.963259801553342, "completition_cost": 0.0, "overshoot_cost": 51.21074694739878, "power_cost": 11.94043994140625, "noise_cost": 11.29218770825997, "n_waypoints_completed": 9, "tot_waypoints": 9}}
{"target": -172.47455262028328, "params": {"k_pid_pos": [1.417206159785039, 0.0, 0.7839944235308819], "k_pid_alt": [1.9997125632868986, 0.0, 0.0], "k_pid_att": [40.98061717000142, 0.0001, 0.4881990609901577], "k_pid_yaw": [0.5, 1e-06, 0.1], "k_pid_hsp": [0.09398571967920558, 0.0, 0.0], "k_pid_vsp": [215.67530613112174, 206.15409211113155, 1e-06]}, "datetime": {"datetime": "2025-08-20 18:29:19", "elapsed": 23814.38541674614, "delta": 15.510048389434814}, "costs": {"total_cost": 172.47455262028328, "time_cost": 70.88, "final_distance_cost": 1.8348475815880552, "oscillation_cost": 24.947193250588118, "completition_cost": 0.0, "overshoot_cost": 51.32768583323059, "power_cost": 12.033182141113281, "noise_cost": 11.451643813763253, "n_waypoints_completed": 9, "tot_waypoints": 9}}
{"target": -173.29667872370857, "params": {"k_pid_pos": [1.5785380314189468, 0.0, 0.8200908811689926], "k_pid_alt": [1.9999417560807005, 0.0, 0.0], "k_pid_att": [18.48339032546485, 0.0001, 0.2556227234748798], "k_pid_yaw": [0.5, 1e-06, 0.1], "k_pid_hsp": [0.11784096255837911, 0.00016246280290618098, 0.0], "k_pid_vsp": [223.48621454673668, 350.90130329843635, 1e-06]}, "datetime": {"datetime": "2025-08-20 18:29:35", "elapsed": 23830.204256534576, "delta": 15.81883978843689}, "costs": {"total_cost": 173.29667872370857, "time_cost": 70.408, "final_distance_cost": 1.8397507419366612, "oscillation_cost": 26.141384705552337, "completition_cost": 0.0, "overshoot_cost": 51.38743952746938, "power_cost": 12.07661395263672, "noise_cost": 11.44348979611345, "n_waypoints_completed": 9, "tot_waypoints": 9}}
{"target": -174.3078441078009, "params": {"k_pid_pos": [1.3267874570573623, 0.0, 0.7736028331417447], "k_pid_alt": [1.999953569223812, 0.0, 0.0], "k_pid_att": [28.12405167350374, 0.0001, 0.3391267867107607], "k_pid_yaw": [0.5, 1e-06, 0.1], "k_pid_hsp": [0.057554694145775256, 0.00015538578917970443, 0.0], "k_pid_vsp": [174.9135791826194, 364.1842521860808, 1e-06]}, "datetime": {"datetime": "2025-08-20 18:29:52", "elapsed": 23846.59570288658, "delta": 16.391446352005005}, "costs": {"total_cost": 174.3078441078009, "time_cost": 72.376, "final_distance_cost": 1.8102874144638061, "oscillation_cost": 22.69225560953124, "completition_cost": 0.0, "overshoot_cost": 53.5755462614067, "power_cost": 12.235241796875, "noise_cost": 11.618513025524152, "n_waypoints_completed": 9, "tot_waypoints": 9}}
{"target": -173.68636418448955, "params": {"k_pid_pos": [1.461465521628296, 0.0, 0.6736012351763495], "k_pid_alt": [1.9997727999081383, 0.0, 0.0], "k_pid_att": [50.25086675261308, 0.0001, 0.37550938541265044], "k_pid_yaw": [0.5, 1e-06, 0.1], "k_pid_hsp": [0.11698044816560815, 0.0, 0.0], "k_pid_vsp": [219.07976772350716, 373.3947589235486, 1e-06]}, "datetime": {"datetime": "2025-08-20 18:30:07", "elapsed": 23861.745894432068, "delta": 15.15019154548645}, "costs": {"total_cost": 173.68636418448955, "time_cost": 70.416, "final_distance_cost": 1.8203689146135666, "oscillation_cost": 26.30001833010911, "completition_cost": 0.0, "overshoot_cost": 51.66472951622929, "power_cost": 12.10318582763672, "noise_cost": 11.382061595900865, "n_waypoints_completed": 9, "tot_waypoints": 9}}
{"target": -173.2813648469784, "params": {"k_pid_pos": [1.372002883033651, 0.0, 0.8075207653263418], "k_pid_alt": [1.999515778888346, 0.0, 0.0], "k_pid_att": [16.222639057469742, 0.0001, 0.2497098725429524], "k_pid_yaw": [0.5, 1e-06, 0.1], "k_pid_hsp": [0.09371631568428078, 0.00011298465912345447, 0.0], "k_pid_vsp": [223.00817136004204, 163.11973355655658, 1e-06]}, "datetime": {"datetime": "2025-08-20 18:30:23", "elapsed": 23877.954766511917, "delta": 16.208872079849243}, "costs": {"total_cost": 173.2813648469784, "time_cost": 71.104, "final_distance_cost": 1.8247770291797771, "oscillation_cost": 24.38805884912221, "completition_cost": 0.0, "overshoot_cost": 52.129651960612165, "power_cost": 12.242740173339845, "noise_cost": 11.592136834724398, "n_waypoints_completed": 9, "tot_waypoints": 9}}
{"target": -172.34840155387406, "params": {"k_pid_pos": [1.4924556786851366, 0.0, 0.8020963235718933], "k_pid_alt": [1.9997762239928842, 0.0, 0.0], "k_pid_att": [17.184021256631453, 0.0001, 0.2610675691181482], "k_pid_yaw": [0.5, 1e-06, 0.1], "k_pid_hsp": [0.11751136897807853, 8.796155966806491e-05, 0.0], "k_pid_vsp": [224.28101458677438, 322.917466475239, 1e-06]}, "datetime": {"datetime": "2025-08-20 18:30:39", "elapsed": 23893.8744328022, "delta": 15.919666290283203}, "costs": {"total_cost": 172.34840155387406, "time_cost": 70.57600000000001, "final_distance_cost": 1.8291879122231725, "oscillation_cost": 25.682923726833383, "completition_cost": 0.0, "overshoot_cost": 50.522354617026906, "power_cost": 12.229809692382814, "noise_cost": 11.508125605407784, "n_waypoints_completed": 9, "tot_waypoints": 9}}
{"target": -1145.3871387500717, "params": {"k_pid_pos": [1.4383652164945824, 0.0, 0.740691167143645], "k_pid_alt": [2.0, 0.0, 0.0], "k_pid_att": [0.0, 0.0001, 0.26013934646800313], "k_pid_yaw": [0.5, 1e-06, 0.1], "k_pid_hsp": [0.08100055597480323, 0.0002759545946208035, 0.0], "k_pid_vsp": [224.3544990375909, 223.3383205764612, 1e-06]}, "datetime": {"datetime": "2025-08-20 18:31:01", "elapsed": 23915.82461643219, "delta": 21.950183629989624}, "costs": {"total_cost": 1145.3871387500717, "time_cost": 150, "final_distance_cost": 53.586827745059814, "oscillation_cost": 0.758876910682703, "completition_cost": 888.8888888888888, "overshoot_cost": 26.374850430446724, "power_cost": 12.822045788574219, "noise_cost": 12.95564898641941, "n_waypoints_completed": 1, "tot_waypoints": 9}}
{"target": -171.943755195544, "params": {"k_pid_pos": [1.3641309023625419, 0.0, 0.8113843670701681], "k_pid_alt": [2.0, 0.0, 0.0], "k_pid_att": [14.011807992133411, 0.0001, 0.2832999169772996], "k_pid_yaw": [0.5, 1e-06, 0.1], "k_pid_hsp": [0.09801248055583597, 0.00012354423950357684, 0.0], "k_pid_vsp": [269.35611522752214, 349.39645944580394, 1e-06]}, "datetime": {"datetime": "2025-08-20 18:31:17", "elapsed": 23931.963255882263, "delta": 16.138639450073242}, "costs": {"total_cost": 171.943755195544, "time_cost": 70.96000000000001, "final_distance_cost": 1.8355789679226566, "oscillation_cost": 24.783107911345123, "completition_cost": 0.0, "overshoot_cost": 51.33245318580195, "power_cost": 11.738821093750001, "noise_cost": 11.293794036724261, "n_waypoints_completed": 9, "tot_waypoints": 9}}
{"target": -172.37380770424278, "params": {"k_pid_pos": [1.3639626376303458, 0.0, 0.7614129807994151], "k_pid_alt": [1.9997666660286393, 0.0, 0.0], "k_pid_att": [21.038531684173297, 0.0001, 0.29748191803278884], "k_pid_yaw": [0.5, 1e-06, 0.1], "k_pid_hsp": [0.1014324587827371, 0.0001247290829770707, 0.0], "k_pid_vsp": [254.57663639503738, 362.251271925246, 1e-06]}, "datetime": {"datetime": "2025-08-20 18:31:33", "elapsed": 23948.00073647499, "delta": 16.03748059272766}, "costs": {"total_cost": 172.37380770424278, "time_cost": 70.816, "final_distance_cost": 1.8290615009938178, "oscillation_cost": 25.013475465202205, "completition_cost": 0.0, "overshoot_cost": 51.20815036326847, "power_cost": 11.97165028076172, "noise_cost": 11.535470094016567, "n_waypoints_completed": 9, "tot_waypoints": 9}}
