{"target": -1195.6719611002934, "params": {"k_pid_pos": [1.9832763820145145, 0.0, 1.0], "k_pid_alt": [1.1332077558677045, 0.0, 0.0], "k_pid_att": [0.19808435739493335, 0.0001, 0.29134325672238137], "k_pid_yaw": [0.5, 1e-06, 0.1], "k_pid_hsp": [0.0001, 0.0, 0.0], "k_pid_vsp": [395.33440274690514, 158.4436122681962, 1e-06]}, "datetime": {"datetime": "2025-08-20 13:33:29", "elapsed": 6063.949057102203, "delta": 23.465564966201782}, "costs": {"total_cost": 1195.6719611002934, "time_cost": 150, "final_distance_cost": 46.89832078839844, "oscillation_cost": 0.004723030108310722, "completition_cost": 888.8888888888888, "overshoot_cost": 84.15979658990773, "power_cost": 12.791220190429689, "noise_cost": 12.929011612560606, "n_waypoints_completed": 1, "tot_waypoints": 9}}
{"target": -1195.9980959426011, "params": {"k_pid_pos": [2.0, 0.0, 1.0], "k_pid_alt": [1.2905601468294847, 0.0, 0.0], "k_pid_att": [10.317346350779946, 0.0001, 0.3826248952643837], "k_pid_yaw": [0.5, 1e-06, 0.1], "k_pid_hsp": [0.0001, 0.0, 0.0], "k_pid_vsp": [400.0, 133.5882819380835, 1e-06]}, "datetime": {"datetime": "2025-08-20 13:33:53", "elapsed": 6087.602808237076, "delta": 23.653751134872437}, "costs": {"total_cost": 1195.9980959426011, "time_cost": 150, "final_distance_cost": 46.912848827981, "oscillation_cost": 0.004511612926988295, "completition_cost": 888.8888888888888, "overshoot_cost": 84.4799530117041, "power_cost": 12.787494543457031, "noise_cost": 12.924399057643026, "n_waypoints_completed": 1, "tot_waypoints": 9}}
{"target": -175.41370469764595, "params": {"k_pid_pos": [2.0, 0.0, 1.0], "k_pid_alt": [1.1681921284177075, 0.0, 0.0], "k_pid_att": [3.473775836637326, 0.0001, 0.37683099590990765], "k_pid_yaw": [0.5, 1e-06, 0.1], "k_pid_hsp": [0.07276916264068313, 0.0, 0.0], "k_pid_vsp": [359.4828381864919, 169.31908378624973, 1e-06]}, "datetime": {"datetime": "2025-08-20 13:34:11", "elapsed": 6105.891209363937, "delta": 18.288401126861572}, "costs": {"total_cost": 175.41370469764595, "time_cost": 71.28, "final_distance_cost": 1.781579857664299, "oscillation_cost": 25.97672076991667, "completition_cost": 0.0, "overshoot_cost": 52.56484299024023, "power_cost": 12.197514880371095, "noise_cost": 11.61304619945367, "n_waypoints_completed": 9, "tot_waypoints": 9}}
{"target": -173.78492001568128, "params": {"k_pid_pos": [1.1060544290147378, 0.015520658507621434, 0.5432805967452138], "k_pid_alt": [1.4525954930566203, 0.0, 0.06145118302020262], "k_pid_att": [34.6806106168966, 0.03591293079322641, 0.11137228493826881], "k_pid_yaw": [0.5, 1e-06, 0.1], "k_pid_hsp": [0.12472481315052897, 0.0007883517206742942, 0.0], "k_pid_vsp": [240.65736737605206, 344.9710456852135, 1e-06]}, "datetime": {"datetime": "2025-08-20 13:34:28", "elapsed": 6123.52388715744, "delta": 17.632677793502808}, "costs": {"total_cost": 173.78492001568128, "time_cost": 70.944, "final_distance_cost": 1.825083988091893, "oscillation_cost": 26.795662141629993, "completition_cost": 0.0, "overshoot_cost": 50.70678222492006, "power_cost": 12.034563342285157, "noise_cost": 11.478828318754193, "n_waypoints_completed": 9, "tot_waypoints": 9}}
{"target": -6448.044173400737, "params": {"k_pid_pos": [1.758530499188577, 0.0, 0.9270507846095142], "k_pid_alt": [0.8378167659866096, 0.0, 0.0], "k_pid_att": [0.0, 0.0001, 0.0], "k_pid_yaw": [0.5, 1e-06, 0.1], "k_pid_hsp": [0.13126158993660333, 0.0, 0.0], "k_pid_vsp": [346.3390328977062, 150.95807728208533, 1e-06]}, "datetime": {"datetime": "2025-08-20 13:34:52", "elapsed": 6147.021723747253, "delta": 23.497836589813232}, "costs": {"total_cost": 6448.044173400737, "time_cost": 150, "final_distance_cost": 837.935088915953, "oscillation_cost": 12.324471750997507, "completition_cost": 1000.0, "overshoot_cost": 4380.028350233965, "power_cost": 25.61774147949219, "noise_cost": 42.13852102032964, "n_waypoints_completed": 0, "tot_waypoints": 9}}
{"target": -173.6874751115618, "params": {"k_pid_pos": [2.0, 0.0, 0.9800127484823373], "k_pid_alt": [1.4157546174614004, 0.0, 0.0], "k_pid_att": [17.82929328237892, 0.0001, 0.13635069524644874], "k_pid_yaw": [0.5, 1e-06, 0.1], "k_pid_hsp": [0.15151523164442604, 0.0, 0.0], "k_pid_vsp": [365.8441006785982, 192.20005178557236, 1e-06]}, "datetime": {"datetime": "2025-08-20 13:35:10", "elapsed": 6165.023268699646, "delta": 18.001544952392578}, "costs": {"total_cost": 173.6874751115618, "time_cost": 69.728, "final_distance_cost": 1.8254841475574135, "oscillation_cost": 28.51312552980424, "completition_cost": 0.0, "overshoot_cost": 50.35617921636647, "power_cost": 11.916730761718751, "noise_cost": 11.34795545611494, "n_waypoints_completed": 9, "tot_waypoints": 9}}
{"target": -177.75235131049521, "params": {"k_pid_pos": [1.9877716492263662, 0.09535711950704595, 1.0], "k_pid_alt": [0.977394540494336, 0.002229521090804977, 0.08982009555660056], "k_pid_att": [3.351572403115566, 0.0001, 0.015107720759377635], "k_pid_yaw": [0.5, 1e-06, 0.1], "k_pid_hsp": [0.1442573845078152, 0.0, 0.0], "k_pid_vsp": [295.30441546120085, 241.14224346351295, 1e-06]}, "datetime": {"datetime": "2025-08-20 13:35:27", "elapsed": 6182.42450428009, "delta": 17.401235580444336}, "costs": {"total_cost": 177.75235131049521, "time_cost": 70.616, "final_distance_cost": 1.8267284165115343, "oscillation_cost": 31.089197727506598, "completition_cost": 0.0, "overshoot_cost": 50.154185620149605, "power_cost": 12.520331408691407, "noise_cost": 11.545908137636081, "n_waypoints_completed": 9, "tot_waypoints": 9}}
{"target": -175.43836469931713, "params": {"k_pid_pos": [1.9484291410194459, 0.0, 1.0], "k_pid_alt": [1.1544604050380134, 0.001455249123871209, 0.0], "k_pid_att": [24.692727529899134, 0.0001, 0.2508062240419359], "k_pid_yaw": [0.5, 1e-06, 0.1], "k_pid_hsp": [0.32816660729544944, 0.0, 0.0], "k_pid_vsp": [370.26096867791756, 155.71269101903619, 1e-06]}, "datetime": {"datetime": "2025-08-20 13:35:44", "elapsed": 6198.824970960617, "delta": 16.400466680526733}, "costs": {"total_cost": 175.43836469931713, "time_cost": 70.2, "final_distance_cost": 1.840896313509889, "oscillation_cost": 29.44570155208781, "completition_cost": 0.0, "overshoot_cost": 50.10499249957076, "power_cost": 12.267561865234375, "noise_cost": 11.579212468914303, "n_waypoints_completed": 9, "tot_waypoints": 9}}
{"target": -175.83189884451218, "params": {"k_pid_pos": [2.0, 0.0, 1.0], "k_pid_alt": [1.3014151713084956, 0.0, 0.0], "k_pid_att": [18.710480241156326, 0.0001, 0.0907005924831748], "k_pid_yaw": [0.5, 1e-06, 0.1], "k_pid_hsp": [0.050787592848044405, 0.000752076010529065, 0.0], "k_pid_vsp": [370.8828221805087, 164.7665065175282, 1e-06]}, "datetime": {"datetime": "2025-08-20 13:36:01", "elapsed": 6215.899805307388, "delta": 17.07483434677124}, "costs": {"total_cost": 175.83189884451218, "time_cost": 72.656, "final_distance_cost": 1.7833337318533484, "oscillation_cost": 23.759780848763533, "completition_cost": 0.0, "overshoot_cost": 54.33660513375885, "power_cost": 11.745574182128907, "noise_cost": 11.550604948007573, "n_waypoints_completed": 9, "tot_waypoints": 9}}
{"target": -1196.7718395424254, "params": {"k_pid_pos": [1.8614220078923558, 0.0, 0.91356138229605], "k_pid_alt": [1.1541140678560802, 0.0, 0.0], "k_pid_att": [19.376093013475355, 0.0001, 0.045855013898664615], "k_pid_yaw": [0.5, 1e-06, 0.1], "k_pid_hsp": [0.0001, 0.0, 0.0], "k_pid_vsp": [373.61759943494235, 181.43946824670076, 1e-06]}, "datetime": {"datetime": "2025-08-20 13:36:24", "elapsed": 6239.434320688248, "delta": 23.534515380859375}, "costs": {"total_cost": 1196.7718395424254, "time_cost": 150, "final_distance_cost": 46.86962464832045, "oscillation_cost": 1.107788356283257, "completition_cost": 888.8888888888888, "overshoot_cost": 84.19425834359436, "power_cost": 12.788684484863282, "noise_cost": 12.922594820475158, "n_waypoints_completed": 1, "tot_waypoints": 9}}
{"target": -1196.051431665464, "params": {"k_pid_pos": [2.0, 0.0, 0.9108669662606621], "k_pid_alt": [1.0769065053114624, 0.0, 0.0], "k_pid_att": [0.0, 0.0001, 0.22757547955445284], "k_pid_yaw": [0.5, 1e-06, 0.1], "k_pid_hsp": [0.0001, 0.0, 0.0], "k_pid_vsp": [392.0249634108935, 124.79232341519722, 1e-06]}, "datetime": {"datetime": "2025-08-20 13:36:49", "elapsed": 6263.561124324799, "delta": 24.126803636550903}, "costs": {"total_cost": 1196.051431665464, "time_cost": 150, "final_distance_cost": 46.88887292707077, "oscillation_cost": 0.004781302162096703, "completition_cost": 888.8888888888888, "overshoot_cost": 84.57283356114735, "power_cost": 12.775985522460939, "noise_cost": 12.920069463734064, "n_waypoints_completed": 1, "tot_waypoints": 9}}
{"target": -176.17169564559416, "params": {"k_pid_pos": [1.8863539092277608, 0.0, 0.9475247696099496], "k_pid_alt": [1.0734956580116406, 0.0, 0.0], "k_pid_att": [27.078595579332234, 0.0001, 0.0978166677640745], "k_pid_yaw": [0.5, 1e-06, 0.1], "k_pid_hsp": [0.18675037645523812, 0.0, 0.0], "k_pid_vsp": [336.7900083690517, 263.17510248818144, 1e-06]}, "datetime": {"datetime": "2025-08-20 13:37:07", "elapsed": 6281.746205091476, "delta": 18.185080766677856}, "costs": {"total_cost": 176.17169564559416, "time_cost": 70.136, "final_distance_cost": 1.8303609288082652, "oscillation_cost": 30.038236876828034, "completition_cost": 0.0, "overshoot_cost": 50.6633196828174, "power_cost": 12.043252783203126, "noise_cost": 11.460525373937331, "n_waypoints_completed": 9, "tot_waypoints": 9}}
{"target": -176.0046296219893, "params": {"k_pid_pos": [1.8767699714956243, 0.0, 0.747783536200259], "k_pid_alt": [0.9159697137705121, 0.0, 0.0], "k_pid_att": [9.459210495614514, 0.0001, 0.1700674593084971], "k_pid_yaw": [0.5, 1e-06, 0.1], "k_pid_hsp": [0.07026206639765104, 0.0, 0.0], "k_pid_vsp": [336.35121420688904, 294.9122897474757, 1e-06]}, "datetime": {"datetime": "2025-08-20 13:37:23", "elapsed": 6298.346778154373, "delta": 16.60057306289673}, "costs": {"total_cost": 176.0046296219893, "time_cost": 72.04, "final_distance_cost": 1.7679875924573851, "oscillation_cost": 26.969578145798426, "completition_cost": 0.0, "overshoot_cost": 51.9867320196943, "power_cost": 11.820123767089845, "noise_cost": 11.420208096949338, "n_waypoints_completed": 9, "tot_waypoints": 9}}
{"target": -1196.7401569597102, "params": {"k_pid_pos": [2.0, 0.0, 1.0], "k_pid_alt": [1.1278596699560723, 0.0, 0.0], "k_pid_att": [24.891880428948088, 0.0001, 0.09691927035333348], "k_pid_yaw": [0.5, 1e-06, 0.1], "k_pid_hsp": [0.0001, 0.0, 0.0], "k_pid_vsp": [320.02084087582784, 291.7257030962627, 1e-06]}, "datetime": {"datetime": "2025-08-20 13:37:47", "elapsed": 6321.90353512764, "delta": 23.5567569732666}, "costs": {"total_cost": 1196.7401569597102, "time_cost": 150, "final_distance_cost": 46.91297394924562, "oscillation_cost": 0.8513713187848443, "completition_cost": 888.8888888888888, "overshoot_cost": 84.40821312715295, "power_cost": 12.769828332519532, "noise_cost": 12.908881343118244, "n_waypoints_completed": 1, "tot_waypoints": 9}}
{"target": -174.25282860844803, "params": {"k_pid_pos": [1.6534450207706923, 0.0, 1.0], "k_pid_alt": [1.3015740263794071, 0.0, 0.0], "k_pid_att": [28.76930628203231, 0.0001, 0.134048025196846], "k_pid_yaw": [0.5, 1e-06, 0.1], "k_pid_hsp": [0.1931962245388495, 0.0011289217343682877, 0.0], "k_pid_vsp": [305.37144884719817, 352.34668508910187, 1e-06]}, "datetime": {"datetime": "2025-08-20 13:38:04", "elapsed": 6338.7159605026245, "delta": 16.81242537498474}, "costs": {"total_cost": 174.25282860844803, "time_cost": 70.432, "final_distance_cost": 1.8461068331045851, "oscillation_cost": 28.202956186424714, "completition_cost": 0.0, "overshoot_cost": 50.20699469904698, "power_cost": 12.052008422851562, "noise_cost": 11.512762467020154, "n_waypoints_completed": 9, "tot_waypoints": 9}}
{"target": -179.2152201795063, "params": {"k_pid_pos": [1.501366887749626, 0.0, 0.8868389140726902], "k_pid_alt": [1.079775441581126, 0.0, 0.0], "k_pid_att": [11.713883294002699, 0.0001, 0.0], "k_pid_yaw": [0.5, 1e-06, 0.1], "k_pid_hsp": [0.16488046247469657, 0.0, 0.0], "k_pid_vsp": [336.55386623445963, 85.31988055200597, 1e-06]}, "datetime": {"datetime": "2025-08-20 13:38:23", "elapsed": 6357.729225873947, "delta": 19.013265371322632}, "costs": {"total_cost": 179.2152201795063, "time_cost": 71.376, "final_distance_cost": 1.8350124750602652, "oscillation_cost": 31.62799725858399, "completition_cost": 0.0, "overshoot_cost": 51.14798322254673, "power_cost": 11.72696990966797, "noise_cost": 11.501257313647361, "n_waypoints_completed": 9, "tot_waypoints": 9}}
{"target": -182.00046083286065, "params": {"k_pid_pos": [2.0, 0.0, 0.896359524504226], "k_pid_alt": [0.6674518936093057, 0.0, 0.0], "k_pid_att": [22.793691853920997, 0.0001, 0.05999014990540297], "k_pid_yaw": [0.5, 1e-06, 0.1], "k_pid_hsp": [0.31653510231183934, 0.0, 0.0], "k_pid_vsp": [372.8121543081156, 196.9701481255631, 7.333504502769438]}, "datetime": {"datetime": "2025-08-20 13:38:42", "elapsed": 6376.681807041168, "delta": 18.95258116722107}, "costs": {"total_cost": 182.00046083286065, "time_cost": 72.416, "final_distance_cost": 1.8351827705538504, "oscillation_cost": 32.59057606068109, "completition_cost": 0.0, "overshoot_cost": 50.14860263708035, "power_cost": 13.254642565917969, "noise_cost": 11.75545679862739, "n_waypoints_completed": 9, "tot_waypoints": 9}}
{"target": -1599.505542065416, "params": {"k_pid_pos": [1.693065804829872, 0.0, 0.8758411515314373], "k_pid_alt": [1.3833714403844977, 0.10035343075979708, 0.0017954483937227955], "k_pid_att": [0.0, 0.0001, 0.19394476698231522], "k_pid_yaw": [0.5, 1e-06, 0.1], "k_pid_hsp": [1.3358335229331653, 0.010830765235031495, 0.042401918536142065], "k_pid_vsp": [346.4498631075445, 280.1137547560638, 1e-06]}, "datetime": {"datetime": "2025-08-20 13:39:09", "elapsed": 6404.036148786545, "delta": 27.354341745376587}, "costs": {"total_cost": 1599.505542065416, "time_cost": 150, "final_distance_cost": 132.79588365935797, "oscillation_cost": 4.132670433288044, "completition_cost": 888.8888888888888, "overshoot_cost": 397.8482088088448, "power_cost": 12.866716491699218, "noise_cost": 12.97317378333691, "n_waypoints_completed": 1, "tot_waypoints": 9}}
{"target": -176.38178507530907, "params": {"k_pid_pos": [1.6722586744912027, 0.0, 0.9583074515197653], "k_pid_alt": [1.2533588555971038, 0.0, 0.0], "k_pid_att": [32.07481721350843, 0.0001, 0.15993538393142126], "k_pid_yaw": [0.5, 1e-06, 0.1], "k_pid_hsp": [0.4104580824864561, 0.0, 0.0], "k_pid_vsp": [307.25631776102784, 132.04291831552823, 1e-06]}, "datetime": {"datetime": "2025-08-20 13:39:27", "elapsed": 6421.6168467998505, "delta": 17.580698013305664}, "costs": {"total_cost": 176.38178507530907, "time_cost": 70.816, "final_distance_cost": 1.8460959434902229, "oscillation_cost": 29.25279855293299, "completition_cost": 0.0, "overshoot_cost": 50.16374057147982, "power_cost": 12.472951403808594, "noise_cost": 11.830198603597427, "n_waypoints_completed": 9, "tot_waypoints": 9}}
{"target": -1196.9599576983783, "params": {"k_pid_pos": [2.0, 0.0, 0.6210537879176843], "k_pid_alt": [1.2658187622650836, 0.0, 0.0], "k_pid_att": [48.8203951038777, 0.0001, 0.22410837034248635], "k_pid_yaw": [0.5, 1e-06, 0.1], "k_pid_hsp": [0.0001, 0.0, 0.0], "k_pid_vsp": [333.1310532509658, 130.60054792757447, 1e-06]}, "datetime": {"datetime": "2025-08-20 13:39:50", "elapsed": 6445.206641674042, "delta": 23.589794874191284}, "costs": {"total_cost": 1196.9599576983783, "time_cost": 150, "final_distance_cost": 46.92645664022274, "oscillation_cost": 1.0192252093444316, "completition_cost": 888.8888888888888, "overshoot_cost": 84.41485384760003, "power_cost": 12.786954077148438, "noise_cost": 12.923579035173917, "n_waypoints_completed": 1, "tot_waypoints": 9}}
{"target": -631.7549230126249, "params": {"k_pid_pos": [0.9948381131017612, 0.03212277589429175, 0.48261835774081063], "k_pid_alt": [0.2926927572000386, 0.02293463096739049, 0.028572921031706423], "k_pid_att": [48.48272745588973, 0.10925974377886827, 0.3090284310508775], "k_pid_yaw": [0.5, 1e-06, 0.1], "k_pid_hsp": [1.4441414016931502, 0.0, 0.0890780605429003], "k_pid_vsp": [346.2767143065046, 223.22824099472442, 1e-06]}, "datetime": {"datetime": "2025-08-20 13:40:15", "elapsed": 6469.856061935425, "delta": 24.649420261383057}, "costs": {"total_cost": 631.7549230126249, "time_cost": 150, "final_distance_cost": 44.91132890108428, "oscillation_cost": 242.30052915044152, "completition_cost": 111.11111111111116, "overshoot_cost": 48.64840097217462, "power_cost": 19.15830028076172, "noise_cost": 15.625252597051512, "n_waypoints_completed": 8, "tot_waypoints": 9}}
{"target": -177.03860728877964, "params": {"k_pid_pos": [1.5138422346446712, 0.0, 1.0], "k_pid_alt": [1.178079727637976, 0.0, 0.0], "k_pid_att": [45.72770077209266, 0.0001, 0.1457041187660603], "k_pid_yaw": [0.5, 1e-06, 0.1], "k_pid_hsp": [0.23259617461383383, 0.003239223698845682, 0.0], "k_pid_vsp": [313.91018540906794, 361.3410049113223, 1e-06]}, "datetime": {"datetime": "2025-08-20 13:40:33", "elapsed": 6488.2783489227295, "delta": 18.422286987304688}, "costs": {"total_cost": 177.03860728877964, "time_cost": 71.936, "final_distance_cost": 1.849300609145359, "oscillation_cost": 28.94496268114018, "completition_cost": 0.0, "overshoot_cost": 50.15818403609326, "power_cost": 12.322801049804688, "noise_cost": 11.82735891259614, "n_waypoints_completed": 9, "tot_waypoints": 9}}
{"target": -248.13963828403803, "params": {"k_pid_pos": [1.7159641175628386, 0.0, 0.9187199932311827], "k_pid_alt": [1.3171929578964294, 0.012472716317964611, 0.0], "k_pid_att": [31.175684805140797, 0.0001, 0.10222712002481969], "k_pid_yaw": [0.5, 1e-06, 0.1], "k_pid_hsp": [4.518650125493208, 0.0, 0.0], "k_pid_vsp": [374.54232788055236, 163.81466483847265, 71.88777279064533]}, "datetime": {"datetime": "2025-08-20 13:40:51", "elapsed": 6505.612492084503, "delta": 17.33414316177368}, "costs": {"total_cost": 248.13963828403803, "time_cost": 70.312, "final_distance_cost": 1.8491033980887708, "oscillation_cost": 96.26652272365244, "completition_cost": 0.0, "overshoot_cost": 49.27027210245753, "power_cost": 16.678462268066408, "noise_cost": 13.763277791772891, "n_waypoints_completed": 9, "tot_waypoints": 9}}
{"target": -173.6330835490519, "params": {"k_pid_pos": [2.0, 0.0, 1.0], "k_pid_alt": [1.0491332817338384, 0.0, 0.0], "k_pid_att": [29.26282842746043, 0.0001, 0.38454065345594995], "k_pid_yaw": [0.5, 1e-06, 0.1], "k_pid_hsp": [0.10543347910626716, 0.0, 0.0], "k_pid_vsp": [340.10953929328025, 192.0680927280743, 1e-06]}, "datetime": {"datetime": "2025-08-20 13:41:09", "elapsed": 6524.459034442902, "delta": 18.846542358398438}, "costs": {"total_cost": 173.6330835490519, "time_cost": 70.52, "final_distance_cost": 1.8098085878920271, "oscillation_cost": 27.5530423102978, "completition_cost": 0.0, "overshoot_cost": 51.09715423573002, "power_cost": 11.532168676757813, "noise_cost": 11.120909738374243, "n_waypoints_completed": 9, "tot_waypoints": 9}}
{"target": -1195.9325888166916, "params": {"k_pid_pos": [2.0, 0.0, 1.0], "k_pid_alt": [1.1953688712667407, 0.0, 0.0], "k_pid_att": [24.001056194783402, 0.0001, 0.19648312835076726], "k_pid_yaw": [0.5, 1e-06, 0.1], "k_pid_hsp": [0.0001, 0.0, 0.0], "k_pid_vsp": [387.97788664486995, 233.12892541164422, 1e-06]}, "datetime": {"datetime": "2025-08-20 13:41:35", "elapsed": 6550.397234201431, "delta": 25.938199758529663}, "costs": {"total_cost": 1195.9325888166916, "time_cost": 150, "final_distance_cost": 46.91292799652591, "oscillation_cost": 0.004800924768819566, "completition_cost": 888.8888888888888, "overshoot_cost": 84.42813111598498, "power_cost": 12.78447703857422, "noise_cost": 12.913362851948715, "n_waypoints_completed": 1, "tot_waypoints": 9}}
{"target": -280.7437219999509, "params": {"k_pid_pos": [1.715567885257968, 0.0, 0.9719152618147044], "k_pid_alt": [1.2263793058676513, 0.0, 0.11885072802693061], "k_pid_att": [48.21036384991646, 2.2823999853500037, 0.17529351946340352], "k_pid_yaw": [0.5, 1e-06, 0.1], "k_pid_hsp": [8.283559746222622, 0.0, 0.0], "k_pid_vsp": [315.51109376119507, 229.13331287278478, 1e-06]}, "datetime": {"datetime": "2025-08-20 13:41:52", "elapsed": 6566.8128843307495, "delta": 16.415650129318237}, "costs": {"total_cost": 280.7437219999509, "time_cost": 70.952, "final_distance_cost": 1.8470222919707884, "oscillation_cost": 132.2428495620917, "completition_cost": 0.0, "overshoot_cost": 49.6501210694625, "power_cost": 13.58627303466797, "noise_cost": 12.465456041757918, "n_waypoints_completed": 9, "tot_waypoints": 9}}
{"target": -177.33186037003804, "params": {"k_pid_pos": [2.0, 0.0, 1.0], "k_pid_alt": [1.2370128521288426, 0.00039336306399388905, 0.0], "k_pid_att": [8.543369589388528, 0.0001, 0.103707734795201], "k_pid_yaw": [0.5, 1e-06, 0.1], "k_pid_hsp": [0.4258624574045154, 0.0, 0.0], "k_pid_vsp": [303.1707336661202, 258.7262914802674, 1e-06]}, "datetime": {"datetime": "2025-08-20 13:42:11", "elapsed": 6585.612159013748, "delta": 18.799274682998657}, "costs": {"total_cost": 177.33186037003804, "time_cost": 69.712, "final_distance_cost": 1.8387548706373944, "oscillation_cost": 31.055098579716514, "completition_cost": 0.0, "overshoot_cost": 50.16119523522431, "power_cost": 12.79558740234375, "noise_cost": 11.769224282116042, "n_waypoints_completed": 9, "tot_waypoints": 9}}
{"target": -174.964570339389, "params": {"k_pid_pos": [2.0, 0.056439822019565544, 0.6105714908179549], "k_pid_alt": [1.2405600531270502, 0.0, 0.0], "k_pid_att": [16.833990226813096, 0.0001, 0.3063054699058666], "k_pid_yaw": [0.5, 1e-06, 0.1], "k_pid_hsp": [0.1782428472990119, 0.0, 0.0], "k_pid_vsp": [348.8771478773067, 291.4499420901627, 1.9231484540577721]}, "datetime": {"datetime": "2025-08-20 13:42:29", "elapsed": 6604.346141338348, "delta": 18.73398232460022}, "costs": {"total_cost": 174.964570339389, "time_cost": 69.32000000000001, "final_distance_cost": 1.780352642205905, "oscillation_cost": 30.037495501469028, "completition_cost": 0.0, "overshoot_cost": 50.132219500176056, "power_cost": 12.371430895996093, "noise_cost": 11.323071799541928, "n_waypoints_completed": 9, "tot_waypoints": 9}}
