{"target": -172.14032562553314, "params": {"k_pid_pos": [1.5409162170767523, 0.0, 0.8954905076973724], "k_pid_alt": [1.9444781684630268, 0.0, 0.0], "k_pid_att": [35.56500468883466, 0.0001, 0.33269349040870966], "k_pid_yaw": [0.5, 1e-06, 0.1], "k_pid_hsp": [0.10926619012224972, 0.004570785281358963, 0.0], "k_pid_vsp": [270.36255639799595, 326.2490596429439, 1e-06]}, "datetime": {"datetime": "2025-08-20 16:04:28", "elapsed": 15123.109624624252, "delta": 15.217599153518677}, "costs": {"total_cost": 172.14032562553314, "time_cost": 70.376, "final_distance_cost": 1.8411622217157415, "oscillation_cost": 25.83535080263471, "completition_cost": 0.0, "overshoot_cost": 50.58548453050928, "power_cost": 12.089641088867188, "noise_cost": 11.41268698180623, "n_waypoints_completed": 9, "tot_waypoints": 9}}
{"target": -173.58874485204313, "params": {"k_pid_pos": [1.528736569415735, 0.0, 0.7886428103707849], "k_pid_alt": [2.0, 0.0, 0.0], "k_pid_att": [24.654080637514724, 0.0001, 0.2733579172915725], "k_pid_yaw": [0.5, 1e-06, 0.1], "k_pid_hsp": [0.12719880134578215, 0.0, 0.0], "k_pid_vsp": [260.4481671667075, 283.1861434830001, 1e-06]}, "datetime": {"datetime": "2025-08-20 16:04:44", "elapsed": 15139.010039329529, "delta": 15.90041470527649}, "costs": {"total_cost": 173.58874485204313, "time_cost": 70.528, "final_distance_cost": 1.8317280206590876, "oscillation_cost": 25.79127230804138, "completition_cost": 0.0, "overshoot_cost": 51.71263016350512, "power_cost": 12.239081542968751, "noise_cost": 11.486032816868796, "n_waypoints_completed": 9, "tot_waypoints": 9}}
{"target": -173.15443650126093, "params": {"k_pid_pos": [1.5564983631544171, 0.0, 0.806459186694951], "k_pid_alt": [2.0, 0.0, 0.0], "k_pid_att": [46.997261157170556, 0.0001, 0.2872547892513264], "k_pid_yaw": [0.5, 1e-06, 0.1], "k_pid_hsp": [0.13704491366351826, 0.0, 0.0], "k_pid_vsp": [268.3650892017399, 271.77123316451855, 1e-06]}, "datetime": {"datetime": "2025-08-20 16:04:59", "elapsed": 15154.327721118927, "delta": 15.317681789398193}, "costs": {"total_cost": 173.15443650126093, "time_cost": 70.552, "final_distance_cost": 1.8411548711907444, "oscillation_cost": 25.9414038027612, "completition_cost": 0.0, "overshoot_cost": 51.59324785329392, "power_cost": 11.879432092285157, "noise_cost": 11.347197881729903, "n_waypoints_completed": 9, "tot_waypoints": 9}}
{"target": -173.16722424795552, "params": {"k_pid_pos": [1.6243707493597879, 0.0, 0.8346479372316798], "k_pid_alt": [2.0, 0.0, 0.0], "k_pid_att": [30.296916515407187, 0.0001, 0.2869975702891115], "k_pid_yaw": [0.5, 1e-06, 0.1], "k_pid_hsp": [0.1084434332791355, 0.0, 0.0], "k_pid_vsp": [278.9209318524167, 287.29049924687666, 1e-06]}, "datetime": {"datetime": "2025-08-20 16:05:14", "elapsed": 15169.47853755951, "delta": 15.150816440582275}, "costs": {"total_cost": 173.16722424795552, "time_cost": 70.48, "final_distance_cost": 1.810991103631398, "oscillation_cost": 25.945877147077066, "completition_cost": 0.0, "overshoot_cost": 51.75271759684643, "power_cost": 11.875078796386719, "noise_cost": 11.302559604013894, "n_waypoints_completed": 9, "tot_waypoints": 9}}
{"target": -173.96653684698762, "params": {"k_pid_pos": [1.5701842504317767, 0.0, 0.8566300853595833], "k_pid_alt": [2.0, 0.0, 0.0], "k_pid_att": [34.59652668301741, 0.0001, 0.17668273110978247], "k_pid_yaw": [0.5, 1e-06, 0.1], "k_pid_hsp": [0.1602181288400879, 0.0, 0.0], "k_pid_vsp": [257.8928567573634, 229.3082086509864, 1e-06]}, "datetime": {"datetime": "2025-08-20 16:05:30", "elapsed": 15185.230177402496, "delta": 15.75163984298706}, "costs": {"total_cost": 173.96653684698762, "time_cost": 70.624, "final_distance_cost": 1.8450036128092946, "oscillation_cost": 26.427729313935863, "completition_cost": 0.0, "overshoot_cost": 51.39054395725333, "power_cost": 12.086024218750001, "noise_cost": 11.593235744239125, "n_waypoints_completed": 9, "tot_waypoints": 9}}
{"target": -173.0811340970529, "params": {"k_pid_pos": [1.5321893343814523, 0.0, 0.722590686779363], "k_pid_alt": [2.0, 0.0, 0.0], "k_pid_att": [38.27333777146413, 0.0001, 0.25942117328475767], "k_pid_yaw": [0.5, 1e-06, 0.1], "k_pid_hsp": [0.12416533061967808, 0.0, 0.0], "k_pid_vsp": [196.7668157047408, 280.2290441669977, 1e-06]}, "datetime": {"datetime": "2025-08-20 16:05:46", "elapsed": 15200.779956579208, "delta": 15.549779176712036}, "costs": {"total_cost": 173.0811340970529, "time_cost": 70.384, "final_distance_cost": 1.8308816522023692, "oscillation_cost": 26.27918274051412, "completition_cost": 0.0, "overshoot_cost": 51.354977726564115, "power_cost": 11.889579626464844, "noise_cost": 11.34251235130748, "n_waypoints_completed": 9, "tot_waypoints": 9}}
{"target": -172.27241407307858, "params": {"k_pid_pos": [1.5357206893167406, 0.0, 0.8176767923228367], "k_pid_alt": [2.0, 0.0, 0.0], "k_pid_att": [31.499507073742578, 0.0001, 0.2660127046576176], "k_pid_yaw": [0.5, 1e-06, 0.1], "k_pid_hsp": [0.10277813027726516, 0.0, 0.0], "k_pid_vsp": [261.17718255381976, 250.05245799968742, 1e-06]}, "datetime": {"datetime": "2025-08-20 16:06:02", "elapsed": 15216.696500301361, "delta": 15.91654372215271}, "costs": {"total_cost": 172.27241407307858, "time_cost": 70.624, "final_distance_cost": 1.823565134193387, "oscillation_cost": 25.450885638151817, "completition_cost": 0.0, "overshoot_cost": 50.99868872384224, "power_cost": 12.038032299804689, "noise_cost": 11.337242277086453, "n_waypoints_completed": 9, "tot_waypoints": 9}}
{"target": -172.36053760871104, "params": {"k_pid_pos": [1.5539423623822295, 0.0, 0.8816322275770397], "k_pid_alt": [2.0, 0.0, 0.0], "k_pid_att": [31.245830363758138, 0.0001, 0.2436991404595402], "k_pid_yaw": [0.5, 1e-06, 0.1], "k_pid_hsp": [0.08647166904001055, 0.0, 0.0], "k_pid_vsp": [253.5579570061783, 333.97379029672504, 1e-06]}, "datetime": {"datetime": "2025-08-20 16:06:18", "elapsed": 15232.831549406052, "delta": 16.13504910469055}, "costs": {"total_cost": 172.36053760871104, "time_cost": 70.712, "final_distance_cost": 1.8188084810032834, "oscillation_cost": 25.251429995068143, "completition_cost": 0.0, "overshoot_cost": 51.20543202619712, "power_cost": 12.005370288085938, "noise_cost": 11.367496818356546, "n_waypoints_completed": 9, "tot_waypoints": 9}}
{"target": -173.17649247848496, "params": {"k_pid_pos": [1.6356818667450261, 0.0, 0.861544120008616], "k_pid_alt": [1.8811227130170187, 0.0, 0.0], "k_pid_att": [40.86792893238654, 0.0001, 0.23025850827412497], "k_pid_yaw": [0.5, 1e-06, 0.1], "k_pid_hsp": [0.1290743634758449, 0.0, 0.0], "k_pid_vsp": [313.04553761955685, 224.42935483652658, 1e-06]}, "datetime": {"datetime": "2025-08-20 16:06:33", "elapsed": 15248.482266664505, "delta": 15.65071725845337}, "costs": {"total_cost": 173.17649247848496, "time_cost": 70.424, "final_distance_cost": 1.8214887568550433, "oscillation_cost": 26.29311483192765, "completition_cost": 0.0, "overshoot_cost": 51.14624655545634, "power_cost": 12.03180703125, "noise_cost": 11.459835302995907, "n_waypoints_completed": 9, "tot_waypoints": 9}}
{"target": -172.33423611160504, "params": {"k_pid_pos": [1.779725058239546, 0.0, 0.8948933421396116], "k_pid_alt": [1.886176548375243, 0.0, 0.0], "k_pid_att": [35.04853452221696, 0.0001, 0.2627136659950803], "k_pid_yaw": [0.5, 1e-06, 0.1], "k_pid_hsp": [0.12322722095872363, 0.0, 0.0], "k_pid_vsp": [218.07523376820367, 261.422537879016, 1e-06]}, "datetime": {"datetime": "2025-08-20 16:06:49", "elapsed": 15264.016437292099, "delta": 15.534170627593994}, "costs": {"total_cost": 172.33423611160504, "time_cost": 70.072, "final_distance_cost": 1.8397242482185332, "oscillation_cost": 26.973762610401973, "completition_cost": 0.0, "overshoot_cost": 50.60322724842872, "power_cost": 11.730403283691407, "noise_cost": 11.115118720864382, "n_waypoints_completed": 9, "tot_waypoints": 9}}
{"target": -172.6512645549699, "params": {"k_pid_pos": [1.4864355900386745, 0.0, 0.9168359107647184], "k_pid_alt": [2.0, 0.0, 0.0], "k_pid_att": [22.00613782855101, 0.0001, 0.4629307657349407], "k_pid_yaw": [0.5, 1e-06, 0.1], "k_pid_hsp": [0.14758299915723241, 0.0, 0.0], "k_pid_vsp": [258.12493796258497, 276.138726631358, 1e-06]}, "datetime": {"datetime": "2025-08-20 16:07:05", "elapsed": 15280.250272750854, "delta": 16.233835458755493}, "costs": {"total_cost": 172.6512645549699, "time_cost": 70.984, "final_distance_cost": 1.8428698513074624, "oscillation_cost": 25.307550906127144, "completition_cost": 0.0, "overshoot_cost": 50.449620454530795, "power_cost": 12.45341884765625, "noise_cost": 11.61380449534826, "n_waypoints_completed": 9, "tot_waypoints": 9}}
{"target": -171.8985237541944, "params": {"k_pid_pos": [1.4416918244893062, 0.0, 0.8536107355380719], "k_pid_alt": [2.0, 0.0, 0.0], "k_pid_att": [27.36336578473721, 0.0001, 0.28118291334621065], "k_pid_yaw": [0.5, 1e-06, 0.1], "k_pid_hsp": [0.10872407134943216, 0.0, 0.0], "k_pid_vsp": [243.95641235803618, 262.5280029369553, 1e-06]}, "datetime": {"datetime": "2025-08-20 16:07:21", "elapsed": 15295.951079130173, "delta": 15.700806379318237}, "costs": {"total_cost": 171.8985237541944, "time_cost": 70.936, "final_distance_cost": 1.8422104700076973, "oscillation_cost": 24.93161501089944, "completition_cost": 0.0, "overshoot_cost": 50.93985030997511, "power_cost": 11.76682939453125, "noise_cost": 11.482018568780928, "n_waypoints_completed": 9, "tot_waypoints": 9}}
{"target": -172.13254971282967, "params": {"k_pid_pos": [1.5533936441097855, 0.013328515439053935, 0.9460462471529457], "k_pid_alt": [1.8745632192073, 0.0, 0.0], "k_pid_att": [20.33464872208371, 0.0001, 0.298444609046425], "k_pid_yaw": [0.5, 1e-06, 0.1], "k_pid_hsp": [0.11813887910204901, 0.0, 0.0], "k_pid_vsp": [269.0125135219402, 213.81284122014472, 1e-06]}, "datetime": {"datetime": "2025-08-20 16:07:36", "elapsed": 15311.385515451431, "delta": 15.434436321258545}, "costs": {"total_cost": 172.13254971282967, "time_cost": 70.72, "final_distance_cost": 1.8299071474472925, "oscillation_cost": 25.28574151324421, "completition_cost": 0.0, "overshoot_cost": 50.74228322415229, "power_cost": 12.0721052734375, "noise_cost": 11.48251255454839, "n_waypoints_completed": 9, "tot_waypoints": 9}}
{"target": -173.44286577251862, "params": {"k_pid_pos": [1.5617722726656136, 0.0, 0.8532862473607336], "k_pid_alt": [1.9617697399418679, 0.0, 0.0], "k_pid_att": [18.186313665581807, 0.0001, 0.26220331721208756], "k_pid_yaw": [0.5, 1e-06, 0.1], "k_pid_hsp": [0.12757877769113002, 0.0, 0.0], "k_pid_vsp": [270.08406738465874, 263.0170043147474, 1e-06]}, "datetime": {"datetime": "2025-08-20 16:07:52", "elapsed": 15327.352848291397, "delta": 15.96733283996582}, "costs": {"total_cost": 173.44286577251862, "time_cost": 70.552, "final_distance_cost": 1.8423220264956328, "oscillation_cost": 25.717713604193765, "completition_cost": 0.0, "overshoot_cost": 51.429834249170135, "power_cost": 12.351068176269532, "noise_cost": 11.549927716389536, "n_waypoints_completed": 9, "tot_waypoints": 9}}
{"target": -172.29450067463216, "params": {"k_pid_pos": [1.5511001753709508, 0.0, 0.84573344867009], "k_pid_alt": [2.0, 0.0, 0.0], "k_pid_att": [29.786481844192213, 0.0001, 0.25810014079433097], "k_pid_yaw": [0.5, 1e-06, 0.1], "k_pid_hsp": [0.0889871812252977, 0.0, 0.0], "k_pid_vsp": [254.35759346762458, 246.2245650803319, 1e-06]}, "datetime": {"datetime": "2025-08-20 16:08:08", "elapsed": 15342.998243570328, "delta": 15.645395278930664}, "costs": {"total_cost": 172.29450067463216, "time_cost": 70.70400000000001, "final_distance_cost": 1.8031649340507307, "oscillation_cost": 25.123695230223536, "completition_cost": 0.0, "overshoot_cost": 51.20505967998999, "power_cost": 12.082522485351562, "noise_cost": 11.376058345016325, "n_waypoints_completed": 9, "tot_waypoints": 9}}
{"target": -172.54312467580982, "params": {"k_pid_pos": [1.4490265481797675, 0.0, 0.8529756959040741], "k_pid_alt": [2.0, 0.0, 0.0], "k_pid_att": [27.64388673982572, 0.0001, 0.31309842945406063], "k_pid_yaw": [0.5, 1e-06, 0.1], "k_pid_hsp": [0.11316793392351185, 0.0, 0.0], "k_pid_vsp": [278.00476929298065, 256.6976084046381, 1e-06]}, "datetime": {"datetime": "2025-08-20 16:08:24", "elapsed": 15358.671300172806, "delta": 15.673056602478027}, "costs": {"total_cost": 172.54312467580982, "time_cost": 70.944, "final_distance_cost": 1.842384795279526, "oscillation_cost": 24.963846522132688, "completition_cost": 0.0, "overshoot_cost": 50.80305558866501, "power_cost": 12.32157977294922, "noise_cost": 11.668257996783378, "n_waypoints_completed": 9, "tot_waypoints": 9}}
{"target": -172.83517080034318, "params": {"k_pid_pos": [1.6018578210640362, 0.0, 0.8249135981223783], "k_pid_alt": [2.0, 0.0, 0.0], "k_pid_att": [14.930027181332228, 0.0001, 0.3004310220069946], "k_pid_yaw": [0.5, 1e-06, 0.1], "k_pid_hsp": [0.15063111477512536, 1.2148175214171952e-06, 0.0], "k_pid_vsp": [285.1310214254031, 400.0, 1e-06]}, "datetime": {"datetime": "2025-08-20 16:08:39", "elapsed": 15374.154855012894, "delta": 15.48355484008789}, "costs": {"total_cost": 172.83517080034318, "time_cost": 70.36, "final_distance_cost": 1.830137431306829, "oscillation_cost": 26.512971504307046, "completition_cost": 0.0, "overshoot_cost": 50.52758128284968, "power_cost": 12.073219226074219, "noise_cost": 11.531261355805395, "n_waypoints_completed": 9, "tot_waypoints": 9}}
{"target": -172.8820167833743, "params": {"k_pid_pos": [1.4101481185652542, 0.0, 0.8103284715373968], "k_pid_alt": [2.0, 0.0, 0.0], "k_pid_att": [33.76313808150832, 0.0001, 0.28650770357726824], "k_pid_yaw": [0.5, 1e-06, 0.1], "k_pid_hsp": [0.1326974801081092, 0.0, 0.0], "k_pid_vsp": [255.17637107611816, 262.56102653758404, 1e-06]}, "datetime": {"datetime": "2025-08-20 16:08:54", "elapsed": 15389.53947353363, "delta": 15.384618520736694}, "costs": {"total_cost": 172.8820167833743, "time_cost": 70.928, "final_distance_cost": 1.8309765659275368, "oscillation_cost": 25.184079515020393, "completition_cost": 0.0, "overshoot_cost": 51.10315812696188, "power_cost": 12.279506213378907, "noise_cost": 11.556296362085568, "n_waypoints_completed": 9, "tot_waypoints": 9}}
{"target": -172.07866264301234, "params": {"k_pid_pos": [1.589468462609715, 0.0, 0.9078617515034938], "k_pid_alt": [2.0, 0.0, 0.0], "k_pid_att": [21.469284879867352, 0.0001, 0.2804694863594954], "k_pid_yaw": [0.5, 1e-06, 0.1], "k_pid_hsp": [0.11311366180323049, 0.0, 0.0], "k_pid_vsp": [253.16281062584295, 252.03092870271453, 1e-06]}, "datetime": {"datetime": "2025-08-20 16:09:10", "elapsed": 15405.023520708084, "delta": 15.484047174453735}, "costs": {"total_cost": 172.07866264301234, "time_cost": 70.688, "final_distance_cost": 1.8227505573904956, "oscillation_cost": 25.47582815612688, "completition_cost": 0.0, "overshoot_cost": 50.738213686032836, "power_cost": 11.895438513183594, "noise_cost": 11.458431730278525, "n_waypoints_completed": 9, "tot_waypoints": 9}}
{"target": -172.3147607189652, "params": {"k_pid_pos": [1.5465883403753626, 0.0, 0.8739040599601043], "k_pid_alt": [2.0, 0.0, 0.0], "k_pid_att": [30.816273128216473, 0.0001, 0.2747509520823743], "k_pid_yaw": [0.5, 1e-06, 0.1], "k_pid_hsp": [0.11414951577973373, 0.0, 0.0], "k_pid_vsp": [260.557417291086, 317.5383997104622, 1e-06]}, "datetime": {"datetime": "2025-08-20 16:09:26", "elapsed": 15420.64085316658, "delta": 15.617332458496094}, "costs": {"total_cost": 172.3147607189652, "time_cost": 70.688, "final_distance_cost": 1.8256159097092644, "oscillation_cost": 25.434290074011372, "completition_cost": 0.0, "overshoot_cost": 50.74559064605444, "power_cost": 12.141584582519531, "noise_cost": 11.47967950667058, "n_waypoints_completed": 9, "tot_waypoints": 9}}
{"target": -172.95962137300603, "params": {"k_pid_pos": [1.6399897558870102, 0.0, 0.8517205862909512], "k_pid_alt": [2.0, 0.0, 0.0], "k_pid_att": [53.14094992916353, 0.0001, 0.4642717062979686], "k_pid_yaw": [0.5, 1e-06, 0.1], "k_pid_hsp": [0.10512013883075988, 0.0, 0.0], "k_pid_vsp": [260.9389820706604, 251.21312349256877, 1e-06]}, "datetime": {"datetime": "2025-08-20 16:09:41", "elapsed": 15435.58194231987, "delta": 14.941089153289795}, "costs": {"total_cost": 172.95962137300603, "time_cost": 70.536, "final_distance_cost": 1.8295021788225725, "oscillation_cost": 26.17271917604727, "completition_cost": 0.0, "overshoot_cost": 50.87016700683768, "power_cost": 12.179265234375, "noise_cost": 11.371967776923483, "n_waypoints_completed": 9, "tot_waypoints": 9}}
{"target": -172.03211563702646, "params": {"k_pid_pos": [1.4898794064264553, 0.0, 0.8661267422760103], "k_pid_alt": [2.0, 0.0, 0.0], "k_pid_att": [11.234612876853575, 0.0001, 0.2705704438840131], "k_pid_yaw": [0.5, 1e-06, 0.1], "k_pid_hsp": [0.12657148121712125, 0.00029099637022598763, 0.0], "k_pid_vsp": [258.30342594951765, 331.0051995384776, 1e-06]}, "datetime": {"datetime": "2025-08-20 16:09:56", "elapsed": 15451.342332363129, "delta": 15.760390043258667}, "costs": {"total_cost": 172.03211563702646, "time_cost": 70.70400000000001, "final_distance_cost": 1.8414935142133169, "oscillation_cost": 25.400985110726044, "completition_cost": 0.0, "overshoot_cost": 50.51041318380858, "power_cost": 12.085617504882814, "noise_cost": 11.489606323395732, "n_waypoints_completed": 9, "tot_waypoints": 9}}
{"target": -172.49535537351764, "params": {"k_pid_pos": [1.5726238349867319, 0.0, 0.9473111855677416], "k_pid_alt": [2.0, 0.0, 0.0], "k_pid_att": [32.27329828254376, 0.0001, 0.3018326134784076], "k_pid_yaw": [0.5, 1e-06, 0.1], "k_pid_hsp": [0.12717294535287046, 0.0, 0.0], "k_pid_vsp": [265.8614298798195, 281.16852595338156, 1e-06]}, "datetime": {"datetime": "2025-08-20 16:10:17", "elapsed": 15472.091000795364, "delta": 20.748668432235718}, "costs": {"total_cost": 172.49535537351764, "time_cost": 70.808, "final_distance_cost": 1.8280146663469483, "oscillation_cost": 25.436804780732295, "completition_cost": 0.0, "overshoot_cost": 50.780262622734874, "power_cost": 12.080958532714844, "noise_cost": 11.561314770988668, "n_waypoints_completed": 9, "tot_waypoints": 9}}
{"target": -172.70270920306896, "params": {"k_pid_pos": [1.5192452269193752, 0.0, 0.868443498224837], "k_pid_alt": [2.0, 0.0, 0.0], "k_pid_att": [27.15048871125587, 0.0001, 0.26523632912290807], "k_pid_yaw": [0.5, 1e-06, 0.1], "k_pid_hsp": [0.07372415240173448, 0.0, 0.0], "k_pid_vsp": [261.01658852070335, 283.96135670372485, 1e-06]}, "datetime": {"datetime": "2025-08-20 16:10:32", "elapsed": 15487.449477672577, "delta": 15.358476877212524}, "costs": {"total_cost": 172.70270920306896, "time_cost": 70.952, "final_distance_cost": 1.7958686345251522, "oscillation_cost": 25.11403082296906, "completition_cost": 0.0, "overshoot_cost": 51.627458145672115, "power_cost": 11.855996948242188, "noise_cost": 11.357354651660438, "n_waypoints_completed": 9, "tot_waypoints": 9}}
{"target": -172.6781617342364, "params": {"k_pid_pos": [1.8667231969630915, 0.0, 0.9076183705883077], "k_pid_alt": [1.567381886137159, 0.0, 0.0], "k_pid_att": [35.82561874842969, 0.0001, 0.5075595286269329], "k_pid_yaw": [0.5, 1e-06, 0.1], "k_pid_hsp": [0.10553958967607838, 0.0, 0.0], "k_pid_vsp": [243.42620898163, 279.82892923728684, 1e-06]}, "datetime": {"datetime": "2025-08-20 16:10:48", "elapsed": 15503.141887426376, "delta": 15.692409753799438}, "costs": {"total_cost": 172.6781617342364, "time_cost": 69.8, "final_distance_cost": 1.829160815577582, "oscillation_cost": 27.492036206535058, "completition_cost": 0.0, "overshoot_cost": 50.718574165906794, "power_cost": 11.724783532714845, "noise_cost": 11.113607013502126, "n_waypoints_completed": 9, "tot_waypoints": 9}}
{"target": -172.54033095337437, "params": {"k_pid_pos": [1.4017117218395199, 0.0, 0.8698242488384809], "k_pid_alt": [2.0, 0.0, 0.0], "k_pid_att": [35.094403960446925, 0.0001, 0.27588190525321554], "k_pid_yaw": [0.5, 1e-06, 0.1], "k_pid_hsp": [0.1034845104337402, 0.0, 0.0], "k_pid_vsp": [250.06664630251717, 251.95339262294328, 1e-06]}, "datetime": {"datetime": "2025-08-20 16:11:04", "elapsed": 15518.80066895485, "delta": 15.6587815284729}, "costs": {"total_cost": 172.54033095337437, "time_cost": 71.184, "final_distance_cost": 1.8223743629710671, "oscillation_cost": 24.63394295724756, "completition_cost": 0.0, "overshoot_cost": 51.675891107055286, "power_cost": 11.837970397949219, "noise_cost": 11.386152128151242, "n_waypoints_completed": 9, "tot_waypoints": 9}}
{"target": -172.14550098125684, "params": {"k_pid_pos": [1.549071196556092, 0.0, 0.8641250779518135], "k_pid_alt": [1.9603892872047979, 0.0, 0.0], "k_pid_att": [34.034465849083425, 0.0001, 0.28547200603046596], "k_pid_yaw": [0.5, 1e-06, 0.1], "k_pid_hsp": [0.10809671473873475, 0.0, 0.0], "k_pid_vsp": [294.2482277286184, 233.4486260003205, 1e-06]}, "datetime": {"datetime": "2025-08-20 16:11:19", "elapsed": 15534.118294477463, "delta": 15.317625522613525}, "costs": {"total_cost": 172.14550098125684, "time_cost": 70.688, "final_distance_cost": 1.8321033351297098, "oscillation_cost": 25.302423397151767, "completition_cost": 0.0, "overshoot_cost": 50.961921371923935, "power_cost": 12.02035654296875, "noise_cost": 11.34069633408268, "n_waypoints_completed": 9, "tot_waypoints": 9}}
{"target": -172.1342758922197, "params": {"k_pid_pos": [1.5567828316573242, 0.0, 0.8598540368575496], "k_pid_alt": [1.9744681995840359, 0.0, 0.0], "k_pid_att": [25.663615663612227, 0.0001, 0.46024729802366277], "k_pid_yaw": [0.5, 1e-06, 0.1], "k_pid_hsp": [0.11517586514177902, 0.0, 0.0], "k_pid_vsp": [253.45054548263911, 261.3851416615766, 1e-06]}, "datetime": {"datetime": "2025-08-20 16:11:35", "elapsed": 15549.769060850143, "delta": 15.650766372680664}, "costs": {"total_cost": 172.1342758922197, "time_cost": 70.632, "final_distance_cost": 1.8365172676636763, "oscillation_cost": 25.44102528195224, "completition_cost": 0.0, "overshoot_cost": 50.66880852679144, "power_cost": 12.045688525390625, "noise_cost": 11.510236290421727, "n_waypoints_completed": 9, "tot_waypoints": 9}}
