{"target": -172.94891280433274, "params": {"k_pid_pos": [1.415259932451315, 0.0, 0.6241102346670554], "k_pid_alt": [1.9998800370569916, 0.0, 0.0], "k_pid_att": [27.388072099366525, 0.0001, 0.32390713554313894], "k_pid_yaw": [0.5, 1e-06, 0.1], "k_pid_hsp": [0.07052265184879097, 5.475866280009998e-05, 0.0], "k_pid_vsp": [268.55692258063135, 400.0, 1e-06]}, "datetime": {"datetime": "2025-08-20 22:27:11", "elapsed": 38086.501873254776, "delta": 16.9511079788208}, "costs": {"total_cost": 172.94891280433274, "time_cost": 70.952, "final_distance_cost": 1.806498238528208, "oscillation_cost": 24.939835665280796, "completition_cost": 0.0, "overshoot_cost": 52.1637166906757, "power_cost": 11.807330224609375, "noise_cost": 11.27953198523866, "n_waypoints_completed": 9, "tot_waypoints": 9}}
{"target": -175.15434697735907, "params": {"k_pid_pos": [1.2092612786713053, 0.0, 0.9915078365134662], "k_pid_alt": [1.9999587030309314, 0.0, 0.0], "k_pid_att": [45.696749407034915, 0.0001, 0.27673446603846935], "k_pid_yaw": [0.5, 1e-06, 0.1], "k_pid_hsp": [0.08990225648082704, 0.0, 0.0], "k_pid_vsp": [243.63612500761033, 298.57630129042906, 1e-06]}, "datetime": {"datetime": "2025-08-20 22:27:27", "elapsed": 38102.1573240757, "delta": 15.655450820922852}, "costs": {"total_cost": 175.15434697735907, "time_cost": 73.152, "final_distance_cost": 1.83854278460164, "oscillation_cost": 24.150714350759856, "completition_cost": 0.0, "overshoot_cost": 51.540624274513284, "power_cost": 12.435521801757814, "noise_cost": 12.036943765726477, "n_waypoints_completed": 9, "tot_waypoints": 9}}
{"target": -171.75195553951198, "params": {"k_pid_pos": [1.3155311147553983, 0.0, 0.6252857458286204], "k_pid_alt": [1.9998869066969505, 0.0, 0.0], "k_pid_att": [26.429250560083734, 0.0001, 0.31987516556227175], "k_pid_yaw": [0.5, 1e-06, 0.1], "k_pid_hsp": [0.09029243934208792, 6.32943366628532e-05, 0.0], "k_pid_vsp": [250.06031713403706, 395.21197777111735, 1e-06]}, "datetime": {"datetime": "2025-08-20 22:27:44", "elapsed": 38119.127182006836, "delta": 16.969857931137085}, "costs": {"total_cost": 171.75195553951198, "time_cost": 70.592, "final_distance_cost": 1.8050455445582962, "oscillation_cost": 25.133479648189056, "completition_cost": 0.0, "overshoot_cost": 51.298757507764535, "power_cost": 11.598729345703125, "noise_cost": 11.323943493296943, "n_waypoints_completed": 9, "tot_waypoints": 9}}
{"target": -172.94451267083718, "params": {"k_pid_pos": [1.5712068893999116, 0.0, 0.6935563870520222], "k_pid_alt": [1.9115049462414682, 0.0, 0.0], "k_pid_att": [27.33802091810049, 0.0001, 0.3262150272570224], "k_pid_yaw": [0.5, 1e-06, 0.1], "k_pid_hsp": [0.09303303507511998, 4.4801486724877775e-05, 0.0], "k_pid_vsp": [253.57692527976775, 327.55963059944116, 1e-06]}, "datetime": {"datetime": "2025-08-20 22:27:59", "elapsed": 38134.36352944374, "delta": 15.236347436904907}, "costs": {"total_cost": 172.94451267083718, "time_cost": 70.104, "final_distance_cost": 1.8211114608519343, "oscillation_cost": 26.34861359714923, "completition_cost": 0.0, "overshoot_cost": 51.69978522611575, "power_cost": 11.687953381347656, "noise_cost": 11.283049005372629, "n_waypoints_completed": 9, "tot_waypoints": 9}}
{"target": -172.72423062866892, "params": {"k_pid_pos": [1.4394162711627665, 0.0, 0.7100473981661812], "k_pid_alt": [1.9998869715564445, 0.0, 0.0], "k_pid_att": [21.481826816191365, 0.0001, 0.3187237766210397], "k_pid_yaw": [0.5, 1e-06, 0.1], "k_pid_hsp": [0.09417034597764055, 6.668865210987548e-05, 0.0], "k_pid_vsp": [240.11703907683824, 395.7390473569278, 1e-06]}, "datetime": {"datetime": "2025-08-20 22:28:18", "elapsed": 38153.106192827225, "delta": 18.742663383483887}, "costs": {"total_cost": 172.72423062866892, "time_cost": 70.48, "final_distance_cost": 1.8294995095704605, "oscillation_cost": 25.78920479581138, "completition_cost": 0.0, "overshoot_cost": 51.5817804172182, "power_cost": 11.805387902832031, "noise_cost": 11.238358003236856, "n_waypoints_completed": 9, "tot_waypoints": 9}}
{"target": -171.87132061665883, "params": {"k_pid_pos": [1.3751336982731006, 0.0, 0.7065916374979813], "k_pid_alt": [1.999905476033408, 0.0, 0.0], "k_pid_att": [26.19857895896176, 0.0001, 0.31861283262463935], "k_pid_yaw": [0.5, 1e-06, 0.1], "k_pid_hsp": [0.09046867878706093, 6.582492525391794e-05, 0.0], "k_pid_vsp": [279.81088683484006, 380.75399481282943, 1e-06]}, "datetime": {"datetime": "2025-08-20 22:28:33", "elapsed": 38168.32988882065, "delta": 15.223695993423462}, "costs": {"total_cost": 171.87132061665883, "time_cost": 70.656, "final_distance_cost": 1.8193802122348586, "oscillation_cost": 25.008191581419897, "completition_cost": 0.0, "overshoot_cost": 50.94766027417443, "power_cost": 12.005696252441407, "noise_cost": 11.434392296388237, "n_waypoints_completed": 9, "tot_waypoints": 9}}
{"target": -172.29959625271044, "params": {"k_pid_pos": [1.3293132672804113, 0.0, 0.5974294329284204], "k_pid_alt": [1.9999629044298877, 0.0, 0.0], "k_pid_att": [26.28223858065023, 0.0001, 0.31927897226810287], "k_pid_yaw": [0.5, 1e-06, 0.1], "k_pid_hsp": [0.08721495989309196, 4.303172011605102e-05, 0.0], "k_pid_vsp": [266.5759474027523, 376.0132347848512, 1e-06]}, "datetime": {"datetime": "2025-08-20 22:28:50", "elapsed": 38185.147196769714, "delta": 16.817307949066162}, "costs": {"total_cost": 172.29959625271044, "time_cost": 70.544, "final_distance_cost": 1.792311259573484, "oscillation_cost": 25.277663611206297, "completition_cost": 0.0, "overshoot_cost": 51.50299267907667, "power_cost": 11.862427258300782, "noise_cost": 11.320201444553234, "n_waypoints_completed": 9, "tot_waypoints": 9}}
{"target": -172.59570008821598, "params": {"k_pid_pos": [1.316422720486719, 0.0, 0.6732215908069954], "k_pid_alt": [1.999892722072729, 0.0, 0.0], "k_pid_att": [27.42488879034339, 0.0001, 0.1144584102345004], "k_pid_yaw": [0.5, 1e-06, 0.1], "k_pid_hsp": [0.08524753570431753, 5.9295227866537e-05, 0.0], "k_pid_vsp": [251.9693148487429, 396.9547032034474, 1e-06]}, "datetime": {"datetime": "2025-08-20 22:29:06", "elapsed": 38200.58099460602, "delta": 15.433797836303711}, "costs": {"total_cost": 172.59570008821598, "time_cost": 70.70400000000001, "final_distance_cost": 1.8092263713464258, "oscillation_cost": 25.442435994055348, "completition_cost": 0.0, "overshoot_cost": 51.34226617245547, "power_cost": 11.920690148925782, "noise_cost": 11.377081401432957, "n_waypoints_completed": 9, "tot_waypoints": 9}}
{"target": -172.40121412499738, "params": {"k_pid_pos": [1.3752355281947348, 0.0, 0.6106091102570752], "k_pid_alt": [1.9961587761897215, 0.0, 0.0], "k_pid_att": [26.47282939083849, 0.0001, 0.2655108431876351], "k_pid_yaw": [0.5, 1e-06, 0.1], "k_pid_hsp": [0.12129399855926366, 4.8890951614813656e-05, 0.0], "k_pid_vsp": [274.0723933067441, 390.8274925535352, 1e-06]}, "datetime": {"datetime": "2025-08-20 22:29:23", "elapsed": 38217.587428569794, "delta": 17.006433963775635}, "costs": {"total_cost": 172.40121412499738, "time_cost": 70.36, "final_distance_cost": 1.8233094543587292, "oscillation_cost": 25.820546577759007, "completition_cost": 0.0, "overshoot_cost": 51.26612064141049, "power_cost": 11.844468188476563, "noise_cost": 11.28676926299262, "n_waypoints_completed": 9, "tot_waypoints": 9}}
{"target": -172.78957585270066, "params": {"k_pid_pos": [1.2886697224762322, 0.0, 0.6916102478897076], "k_pid_alt": [1.9999458409890514, 0.0, 0.0], "k_pid_att": [19.30149499016706, 0.0001, 0.2893070752242764], "k_pid_yaw": [0.5, 1e-06, 0.1], "k_pid_hsp": [0.1079933244047116, 6.260160685426997e-05, 0.0], "k_pid_vsp": [238.5205654119661, 395.4097653121705, 1e-06]}, "datetime": {"datetime": "2025-08-20 22:29:38", "elapsed": 38232.871505737305, "delta": 15.284077167510986}, "costs": {"total_cost": 172.78957585270066, "time_cost": 70.848, "final_distance_cost": 1.8231697666996096, "oscillation_cost": 25.08515376513744, "completition_cost": 0.0, "overshoot_cost": 51.129689753556335, "power_cost": 12.32548572998047, "noise_cost": 11.578076837326817, "n_waypoints_completed": 9, "tot_waypoints": 9}}
{"target": -172.33700778379048, "params": {"k_pid_pos": [1.2769757982718841, 0.0, 0.6092410938549229], "k_pid_alt": [1.9998792500392775, 0.0, 0.0], "k_pid_att": [28.99237963053687, 0.0001, 0.2962899774356699], "k_pid_yaw": [0.5, 1e-06, 0.1], "k_pid_hsp": [0.08137896539329677, 3.1217495922557505e-05, 0.0], "k_pid_vsp": [316.48968892008315, 394.9911788120002, 1e-06]}, "datetime": {"datetime": "2025-08-20 22:29:55", "elapsed": 38250.02088499069, "delta": 17.14937925338745}, "costs": {"total_cost": 172.33700778379048, "time_cost": 70.744, "final_distance_cost": 1.814526725102405, "oscillation_cost": 24.636251314376672, "completition_cost": 0.0, "overshoot_cost": 51.713388508779474, "power_cost": 12.032207238769532, "noise_cost": 11.396633996762409, "n_waypoints_completed": 9, "tot_waypoints": 9}}
{"target": -172.02516310420907, "params": {"k_pid_pos": [1.3260586275327528, 0.0, 0.6133808234935728], "k_pid_alt": [1.9998832224339842, 0.0, 0.0], "k_pid_att": [26.222937590288353, 0.0001, 0.33739713410437966], "k_pid_yaw": [0.5, 1e-06, 0.1], "k_pid_hsp": [0.0925318908807046, 3.268159767074469e-05, 0.0], "k_pid_vsp": [249.12827364343966, 391.49446194723237, 1e-06]}, "datetime": {"datetime": "2025-08-20 22:30:10", "elapsed": 38265.173275470734, "delta": 15.152390480041504}, "costs": {"total_cost": 172.02516310420907, "time_cost": 70.528, "final_distance_cost": 1.814313546630541, "oscillation_cost": 25.348883737210397, "completition_cost": 0.0, "overshoot_cost": 51.19866122701349, "power_cost": 11.840832641601564, "noise_cost": 11.294471951753083, "n_waypoints_completed": 9, "tot_waypoints": 9}}
{"target": -174.64718058766192, "params": {"k_pid_pos": [0.989687623584188, 0.0, 0.7132827516979103], "k_pid_alt": [1.9998637256931477, 0.0, 0.0], "k_pid_att": [25.893951255490485, 0.0001, 0.2944655805229658], "k_pid_yaw": [0.5, 1e-06, 0.1], "k_pid_hsp": [0.10187193005092385, 0.00020866605266354639, 0.0], "k_pid_vsp": [245.08649802374202, 352.19081883016065, 1e-06]}, "datetime": {"datetime": "2025-08-20 22:30:28", "elapsed": 38282.56619310379, "delta": 17.39291763305664}, "costs": {"total_cost": 174.64718058766192, "time_cost": 73.4, "final_distance_cost": 1.835654220992819, "oscillation_cost": 23.8032545370318, "completition_cost": 0.0, "overshoot_cost": 51.266972900738594, "power_cost": 12.343450854492188, "noise_cost": 11.99784807440653, "n_waypoints_completed": 9, "tot_waypoints": 9}}
{"target": -172.1902985856232, "params": {"k_pid_pos": [1.3191393297949878, 0.0, 0.7063257033980518], "k_pid_alt": [1.9998868268034962, 0.0, 0.0], "k_pid_att": [20.030664895137072, 0.0001, 0.3091607863743638], "k_pid_yaw": [0.5, 1e-06, 0.1], "k_pid_hsp": [0.093339316496501, 6.975252172135486e-05, 0.0], "k_pid_vsp": [252.26088551303636, 396.4010404610109, 1e-06]}, "datetime": {"datetime": "2025-08-20 22:30:43", "elapsed": 38297.6784555912, "delta": 15.112262487411499}, "costs": {"total_cost": 172.1902985856232, "time_cost": 70.792, "final_distance_cost": 1.822657200927784, "oscillation_cost": 24.892620989802616, "completition_cost": 0.0, "overshoot_cost": 51.38181641146574, "power_cost": 11.954312353515625, "noise_cost": 11.346891629911434, "n_waypoints_completed": 9, "tot_waypoints": 9}}
{"target": -171.9924489074306, "params": {"k_pid_pos": [1.3163138781948907, 0.0, 0.6703504016686228], "k_pid_alt": [1.9998671989751797, 0.0, 0.0], "k_pid_att": [23.65614794300022, 0.0001, 0.31723645178773013], "k_pid_yaw": [0.5, 1e-06, 0.1], "k_pid_hsp": [0.09498460634397225, 5.892131571746049e-05, 0.0], "k_pid_vsp": [247.99890942046807, 393.01873994470293, 1e-06]}, "datetime": {"datetime": "2025-08-20 22:31:00", "elapsed": 38315.13420724869, "delta": 17.455751657485962}, "costs": {"total_cost": 171.9924489074306, "time_cost": 70.70400000000001, "final_distance_cost": 1.8151197071189231, "oscillation_cost": 24.922985759544524, "completition_cost": 0.0, "overshoot_cost": 50.953486234348254, "power_cost": 12.138270910644533, "noise_cost": 11.458586295774355, "n_waypoints_completed": 9, "tot_waypoints": 9}}
{"target": -172.16679860818815, "params": {"k_pid_pos": [1.3499422203730502, 0.0, 0.6334984610099239], "k_pid_alt": [1.9998893271591616, 0.0, 0.0], "k_pid_att": [26.52768998962603, 0.0001, 0.3078077916572852], "k_pid_yaw": [0.5, 1e-06, 0.1], "k_pid_hsp": [0.081767676646622, 6.0964061655665546e-05, 0.0], "k_pid_vsp": [284.9299544577916, 395.1558285096725, 1e-06]}, "datetime": {"datetime": "2025-08-20 22:31:16", "elapsed": 38330.780017614365, "delta": 15.64581036567688}, "costs": {"total_cost": 172.16679860818815, "time_cost": 70.624, "final_distance_cost": 1.8269273699046409, "oscillation_cost": 25.195229863796158, "completition_cost": 0.0, "overshoot_cost": 51.13981798110012, "power_cost": 11.968293200683595, "noise_cost": 11.41253019270362, "n_waypoints_completed": 9, "tot_waypoints": 9}}
{"target": -171.65851324116187, "params": {"k_pid_pos": [1.3096228641551717, 0.0, 0.6244400903516761], "k_pid_alt": [1.9998905005295569, 0.0, 0.0], "k_pid_att": [26.432395434890175, 0.0001, 0.314197475392966], "k_pid_yaw": [0.5, 1e-06, 0.1], "k_pid_hsp": [0.09032695067590969, 7.056373643568324e-05, 0.0], "k_pid_vsp": [252.25574197595472, 394.70830322850713, 1e-06]}, "datetime": {"datetime": "2025-08-20 22:31:32", "elapsed": 38347.48236298561, "delta": 16.702345371246338}, "costs": {"total_cost": 171.65851324116187, "time_cost": 70.608, "final_distance_cost": 1.80620427424381, "oscillation_cost": 25.120884222036885, "completition_cost": 0.0, "overshoot_cost": 51.204981422676724, "power_cost": 11.685582958984375, "noise_cost": 11.232860363220068, "n_waypoints_completed": 9, "tot_waypoints": 9}}
{"target": -170.9128852411912, "params": {"k_pid_pos": [1.319389700293451, 0.0, 0.6561736426631192], "k_pid_alt": [1.9998918927083025, 0.0, 0.0], "k_pid_att": [27.796175371195986, 0.0001, 0.3237111893603954], "k_pid_yaw": [0.5, 1e-06, 0.1], "k_pid_hsp": [0.09142872821301473, 6.05497275663999e-05, 0.0], "k_pid_vsp": [241.44081033384685, 369.15387109169524, 1e-06]}, "datetime": {"datetime": "2025-08-20 22:31:48", "elapsed": 38363.408187150955, "delta": 15.925824165344238}, "costs": {"total_cost": 170.9128852411912, "time_cost": 70.648, "final_distance_cost": 1.8295107753818074, "oscillation_cost": 24.912021425655738, "completition_cost": 0.0, "overshoot_cost": 50.871246582080495, "power_cost": 11.464827197265626, "noise_cost": 11.1872792608075, "n_waypoints_completed": 9, "tot_waypoints": 9}}
{"target": -172.1267156951831, "params": {"k_pid_pos": [1.312937126026053, 0.0, 0.6331904998643008], "k_pid_alt": [1.9999282077193687, 0.0, 0.0], "k_pid_att": [25.890438914049184, 0.0001, 0.32127991755932794], "k_pid_yaw": [0.5, 1e-06, 0.1], "k_pid_hsp": [0.09433819102032935, 7.127527732379706e-05, 0.0], "k_pid_vsp": [250.8363538499966, 394.2944240006158, 1e-06]}, "datetime": {"datetime": "2025-08-20 22:32:05", "elapsed": 38379.75553178787, "delta": 16.347344636917114}, "costs": {"total_cost": 172.1267156951831, "time_cost": 70.608, "final_distance_cost": 1.8088818730859426, "oscillation_cost": 25.106494696084454, "completition_cost": 0.0, "overshoot_cost": 51.33727156727714, "power_cost": 11.957966613769532, "noise_cost": 11.308100944966016, "n_waypoints_completed": 9, "tot_waypoints": 9}}
{"target": -171.76637664367476, "params": {"k_pid_pos": [1.3067423977111505, 0.0, 0.6839179530931137], "k_pid_alt": [2.0, 0.0, 0.0], "k_pid_att": [25.309923971683013, 0.0001, 0.4209809566491869], "k_pid_yaw": [0.5, 1e-06, 0.1], "k_pid_hsp": [0.09275593654200909, 9.620538050855979e-05, 0.0], "k_pid_vsp": [244.73078589462463, 390.37092411879485, 1e-06]}, "datetime": {"datetime": "2025-08-20 22:32:21", "elapsed": 38396.27049136162, "delta": 16.514959573745728}, "costs": {"total_cost": 171.76637664367476, "time_cost": 70.768, "final_distance_cost": 1.8262618782242874, "oscillation_cost": 24.886498703422944, "completition_cost": 0.0, "overshoot_cost": 51.32719608284973, "power_cost": 11.758036560058594, "noise_cost": 11.20038341911918, "n_waypoints_completed": 9, "tot_waypoints": 9}}
{"target": -172.52448406664905, "params": {"k_pid_pos": [1.3134903277632088, 0.0, 0.5946022023723789], "k_pid_alt": [1.9999135768912593, 0.0, 0.0], "k_pid_att": [23.298783531399806, 0.0001, 0.32489913448622576], "k_pid_yaw": [0.5, 1e-06, 0.1], "k_pid_hsp": [0.09847566726765336, 7.637203003810028e-05, 0.0], "k_pid_vsp": [254.00161874290873, 388.9368013589123, 1e-06]}, "datetime": {"datetime": "2025-08-20 22:32:37", "elapsed": 38411.99776864052, "delta": 15.727277278900146}, "costs": {"total_cost": 172.52448406664905, "time_cost": 70.504, "final_distance_cost": 1.8129859317682677, "oscillation_cost": 25.501851078915763, "completition_cost": 0.0, "overshoot_cost": 51.04359766538125, "power_cost": 12.207017797851563, "noise_cost": 11.455031592732224, "n_waypoints_completed": 9, "tot_waypoints": 9}}
{"target": -172.3854580083223, "params": {"k_pid_pos": [1.3405771308677523, 0.0, 0.6826328321228619], "k_pid_alt": [1.999686849059917, 0.0, 0.0], "k_pid_att": [25.120696230205812, 0.0001, 0.3187304184526468], "k_pid_yaw": [0.5, 1e-06, 0.1], "k_pid_hsp": [0.0960994333446142, 0.000218058427414764, 0.0], "k_pid_vsp": [230.19842989071697, 400.0, 1e-06]}, "datetime": {"datetime": "2025-08-20 22:32:53", "elapsed": 38428.09560775757, "delta": 16.09783911705017}, "costs": {"total_cost": 172.3854580083223, "time_cost": 70.672, "final_distance_cost": 1.8135666924845801, "oscillation_cost": 25.118573740089737, "completition_cost": 0.0, "overshoot_cost": 51.23003357886643, "power_cost": 12.079133898925782, "noise_cost": 11.472150097955765, "n_waypoints_completed": 9, "tot_waypoints": 9}}
{"target": -171.47191840765362, "params": {"k_pid_pos": [1.2884212179836065, 0.0, 0.6323194103367535], "k_pid_alt": [1.9998895393328688, 0.0, 0.0], "k_pid_att": [23.69354571100094, 0.0001, 0.31633105674010625], "k_pid_yaw": [0.5, 1e-06, 0.1], "k_pid_hsp": [0.09230916013597433, 5.377790634740843e-05, 0.0], "k_pid_vsp": [250.89438306099515, 396.4079743364243, 1e-06]}, "datetime": {"datetime": "2025-08-20 22:33:11", "elapsed": 38445.76100540161, "delta": 17.66539764404297}, "costs": {"total_cost": 171.47191840765362, "time_cost": 70.672, "final_distance_cost": 1.8292733909999408, "oscillation_cost": 24.882288595430992, "completition_cost": 0.0, "overshoot_cost": 51.00829391178259, "power_cost": 11.802069335937501, "noise_cost": 11.277993173502622, "n_waypoints_completed": 9, "tot_waypoints": 9}}
{"target": -172.03434348315346, "params": {"k_pid_pos": [1.2403284340676564, 0.0, 0.6150020645954604], "k_pid_alt": [2.0, 0.0, 0.0], "k_pid_att": [26.377431388691242, 0.0001, 0.32004677180006696], "k_pid_yaw": [0.5, 1e-06, 0.1], "k_pid_hsp": [0.11531811502048897, 5.735570393220148e-05, 0.0], "k_pid_vsp": [225.4724518634132, 399.2180024591926, 1e-06]}, "datetime": {"datetime": "2025-08-20 22:33:26", "elapsed": 38461.23626327515, "delta": 15.475257873535156}, "costs": {"total_cost": 172.03434348315346, "time_cost": 70.792, "final_distance_cost": 1.832056098667435, "oscillation_cost": 25.11292427524786, "completition_cost": 0.0, "overshoot_cost": 50.71005626953066, "power_cost": 12.197544177246094, "noise_cost": 11.389762662461399, "n_waypoints_completed": 9, "tot_waypoints": 9}}
{"target": -172.11772039360704, "params": {"k_pid_pos": [1.441644105068809, 0.0, 0.7242230190524115], "k_pid_alt": [1.9998998382461977, 0.0, 0.0], "k_pid_att": [26.099040260393785, 0.0001, 0.32134267657247273], "k_pid_yaw": [0.5, 1e-06, 0.1], "k_pid_hsp": [0.08519146195954941, 6.275813601221565e-05, 0.0], "k_pid_vsp": [252.04754029877537, 394.1458407990458, 1e-06]}, "datetime": {"datetime": "2025-08-20 22:33:43", "elapsed": 38478.35907816887, "delta": 17.122814893722534}, "costs": {"total_cost": 172.11772039360704, "time_cost": 70.52, "final_distance_cost": 1.7973827746988604, "oscillation_cost": 25.49689669663801, "completition_cost": 0.0, "overshoot_cost": 51.270575783342615, "power_cost": 11.796735913085937, "noise_cost": 11.236129225841614, "n_waypoints_completed": 9, "tot_waypoints": 9}}
{"target": -172.52620249238322, "params": {"k_pid_pos": [1.4118193446404503, 0.0, 0.9161832402565873], "k_pid_alt": [2.0, 0.0, 0.0], "k_pid_att": [30.533962468239306, 0.0001, 0.35300524145514445], "k_pid_yaw": [0.5, 1e-06, 0.1], "k_pid_hsp": [0.1095378511950223, 0.0019697414833489716, 0.0], "k_pid_vsp": [249.16430204136512, 318.84213103308394, 1e-06]}, "datetime": {"datetime": "2025-08-20 22:33:58", "elapsed": 38493.55401825905, "delta": 15.194940090179443}, "costs": {"total_cost": 172.52620249238322, "time_cost": 71.12, "final_distance_cost": 1.8287273133452673, "oscillation_cost": 24.82780821266497, "completition_cost": 0.0, "overshoot_cost": 51.281279423368545, "power_cost": 11.938847082519532, "noise_cost": 11.529540460484897, "n_waypoints_completed": 9, "tot_waypoints": 9}}
{"target": -172.70158968616565, "params": {"k_pid_pos": [1.306711498762102, 0.0, 0.578247243047003], "k_pid_alt": [1.999890071649343, 0.0, 0.0], "k_pid_att": [36.01296544630108, 0.0001, 0.38512570386521583], "k_pid_yaw": [0.5, 1e-06, 0.1], "k_pid_hsp": [0.12336977254356912, 4.7202608840600006e-05, 0.0], "k_pid_vsp": [267.17566699077616, 394.7352709315076, 1e-06]}, "datetime": {"datetime": "2025-08-20 22:34:16", "elapsed": 38510.67624735832, "delta": 17.12222909927368}, "costs": {"total_cost": 172.70158968616565, "time_cost": 70.488, "final_distance_cost": 1.8148505066457945, "oscillation_cost": 25.72374198330412, "completition_cost": 0.0, "overshoot_cost": 51.019910864488196, "power_cost": 12.199621276855469, "noise_cost": 11.455465054872034, "n_waypoints_completed": 9, "tot_waypoints": 9}}
