{"target": -171.97430004910717, "params": {"k_pid_pos": [1.3608953199831626, 0.0, 0.6774328541979433], "k_pid_alt": [1.999816734439179, 0.0, 0.0], "k_pid_att": [19.120180061423323, 0.0001, 0.28320250895265286], "k_pid_yaw": [0.5, 1e-06, 0.1], "k_pid_hsp": [0.11044880616166927, 2.8252456742202778e-05, 0.0], "k_pid_vsp": [224.26014420384922, 347.90554767920264, 1e-06]}, "datetime": {"datetime": "2025-08-20 19:44:49", "elapsed": 28344.028991937637, "delta": 16.836381673812866}, "costs": {"total_cost": 171.97430004910717, "time_cost": 70.60000000000001, "final_distance_cost": 1.8179315239067118, "oscillation_cost": 25.58234269206712, "completition_cost": 0.0, "overshoot_cost": 50.828906352725824, "power_cost": 11.840457421875001, "noise_cost": 11.304662058532536, "n_waypoints_completed": 9, "tot_waypoints": 9}}
{"target": -171.58854441434454, "params": {"k_pid_pos": [1.372058406850003, 0.0030772432003861824, 0.738110451977081], "k_pid_alt": [1.9999795138837113, 0.0, 0.0], "k_pid_att": [29.4621076813167, 0.0001, 0.24598037613489626], "k_pid_yaw": [0.5, 1e-06, 0.1], "k_pid_hsp": [0.13576578548949808, 0.00010388588879794332, 0.0], "k_pid_vsp": [269.75315205664344, 400.0, 1e-06]}, "datetime": {"datetime": "2025-08-20 19:45:04", "elapsed": 28359.143336057663, "delta": 15.114344120025635}, "costs": {"total_cost": 171.58854441434454, "time_cost": 70.712, "final_distance_cost": 1.844763373175416, "oscillation_cost": 25.50967111509071, "completition_cost": 0.0, "overshoot_cost": 50.70444540560095, "power_cost": 11.555602917480469, "noise_cost": 11.262061602997031, "n_waypoints_completed": 9, "tot_waypoints": 9}}
{"target": -173.3492451922278, "params": {"k_pid_pos": [1.4385607281919748, 0.0, 0.5610934632624192], "k_pid_alt": [1.992752725201558, 0.0, 0.0], "k_pid_att": [31.285384778828305, 0.0001, 0.3889112589257678], "k_pid_yaw": [0.5, 1e-06, 0.1], "k_pid_hsp": [0.0999069343050687, 3.5053685968249534e-05, 0.0], "k_pid_vsp": [288.09945945163867, 400.0, 1e-06]}, "datetime": {"datetime": "2025-08-20 19:45:23", "elapsed": 28377.695117473602, "delta": 18.55178141593933}, "costs": {"total_cost": 173.3492451922278, "time_cost": 70.144, "final_distance_cost": 1.821119084661702, "oscillation_cost": 26.45883895898017, "completition_cost": 0.0, "overshoot_cost": 51.37970286680298, "power_cost": 12.11579794921875, "noise_cost": 11.429786332564214, "n_waypoints_completed": 9, "tot_waypoints": 9}}
{"target": -172.08089981361917, "params": {"k_pid_pos": [1.2353036145217609, 0.0, 0.5805112554026088], "k_pid_alt": [1.9999347549119513, 0.0, 0.0], "k_pid_att": [12.073561899845393, 0.0001, 0.3261849854420141], "k_pid_yaw": [0.5, 1e-06, 0.1], "k_pid_hsp": [0.10041747099189231, 6.529572676222147e-05, 0.0], "k_pid_vsp": [257.4555696205799, 400.0, 1e-06]}, "datetime": {"datetime": "2025-08-20 19:45:38", "elapsed": 28392.73892879486, "delta": 15.043811321258545}, "costs": {"total_cost": 172.08089981361917, "time_cost": 70.60000000000001, "final_distance_cost": 1.812232392105458, "oscillation_cost": 24.997936813930732, "completition_cost": 0.0, "overshoot_cost": 51.24270025479395, "power_cost": 11.97416531982422, "noise_cost": 11.453865032964806, "n_waypoints_completed": 9, "tot_waypoints": 9}}
{"target": -172.15553623848, "params": {"k_pid_pos": [1.2687262675941124, 0.0, 0.7167667991860515], "k_pid_alt": [1.9999443901577652, 0.0, 0.0], "k_pid_att": [24.70069912767842, 0.0001, 0.28868764298645533], "k_pid_yaw": [0.5, 1e-06, 0.1], "k_pid_hsp": [0.10133015186431847, 8.835119039758254e-05, 0.0], "k_pid_vsp": [289.25423429083514, 400.0, 1e-06]}, "datetime": {"datetime": "2025-08-20 19:45:54", "elapsed": 28409.327287197113, "delta": 16.588358402252197}, "costs": {"total_cost": 172.15553623848, "time_cost": 71.024, "final_distance_cost": 1.837066241740934, "oscillation_cost": 24.558223420253103, "completition_cost": 0.0, "overshoot_cost": 51.34901991137429, "power_cost": 12.0064138671875, "noise_cost": 11.380812797924193, "n_waypoints_completed": 9, "tot_waypoints": 9}}
{"target": -173.13402978637902, "params": {"k_pid_pos": [1.3310016988638722, 0.0, 0.7550716279578469], "k_pid_alt": [1.9999856150386004, 0.0, 0.0], "k_pid_att": [36.37164606603548, 0.0001, 0.3431111083071269], "k_pid_yaw": [0.5, 1e-06, 0.1], "k_pid_hsp": [0.08813548334201794, 3.665259685138578e-05, 0.0], "k_pid_vsp": [255.1043618448541, 375.60592761551504, 1e-06]}, "datetime": {"datetime": "2025-08-20 19:46:10", "elapsed": 28424.649370908737, "delta": 15.322083711624146}, "costs": {"total_cost": 173.13402978637902, "time_cost": 70.896, "final_distance_cost": 1.8276958990142955, "oscillation_cost": 24.927885467190624, "completition_cost": 0.0, "overshoot_cost": 52.13104747867109, "power_cost": 11.939572521972657, "noise_cost": 11.411828419530366, "n_waypoints_completed": 9, "tot_waypoints": 9}}
{"target": -172.52109126084324, "params": {"k_pid_pos": [1.299824600638579, 0.0, 0.6657654276869636], "k_pid_alt": [1.9997158817967047, 0.0, 0.0], "k_pid_att": [24.720149735278234, 0.0001, 0.29199778908080065], "k_pid_yaw": [0.5, 1e-06, 0.1], "k_pid_hsp": [0.08190261419483569, 0.0001291616203230326, 0.0], "k_pid_vsp": [235.85008208053034, 376.24264253258104, 1e-06]}, "datetime": {"datetime": "2025-08-20 19:46:27", "elapsed": 28442.03369474411, "delta": 17.384323835372925}, "costs": {"total_cost": 172.52109126084324, "time_cost": 70.8, "final_distance_cost": 1.798843237023886, "oscillation_cost": 24.83469662626684, "completition_cost": 0.0, "overshoot_cost": 52.0165710264542, "power_cost": 11.707599243164063, "noise_cost": 11.363381127934272, "n_waypoints_completed": 9, "tot_waypoints": 9}}
{"target": -171.9499879565867, "params": {"k_pid_pos": [1.3413035155477742, 0.0, 0.6262565174729937], "k_pid_alt": [1.9999031005781216, 0.0, 0.0], "k_pid_att": [22.680491557799662, 0.0001, 0.25516488263032844], "k_pid_yaw": [0.5, 1e-06, 0.1], "k_pid_hsp": [0.08966827484767345, 0.0003857200521223168, 0.0], "k_pid_vsp": [245.7651540288237, 388.18159931957325, 1e-06]}, "datetime": {"datetime": "2025-08-20 19:46:42", "elapsed": 28456.99478340149, "delta": 14.96108865737915}, "costs": {"total_cost": 171.9499879565867, "time_cost": 70.52, "final_distance_cost": 1.8278127892829852, "oscillation_cost": 25.512549663171832, "completition_cost": 0.0, "overshoot_cost": 51.270399412844576, "power_cost": 11.623022631835939, "noise_cost": 11.196203459451398, "n_waypoints_completed": 9, "tot_waypoints": 9}}
{"target": -172.22657170827821, "params": {"k_pid_pos": [1.571151323108094, 0.0, 0.9073839663590947], "k_pid_alt": [1.9997743361777853, 0.0, 0.0], "k_pid_att": [23.010238347689246, 0.0001, 0.23784197478933553], "k_pid_yaw": [0.5, 1e-06, 0.1], "k_pid_hsp": [0.11264016656771642, 4.898582319276835e-05, 0.0], "k_pid_vsp": [254.94710251634314, 389.5325091780765, 1e-06]}, "datetime": {"datetime": "2025-08-20 19:46:58", "elapsed": 28473.40100336075, "delta": 16.406219959259033}, "costs": {"total_cost": 172.22657170827821, "time_cost": 70.656, "final_distance_cost": 1.8381615157613487, "oscillation_cost": 25.55113152229261, "completition_cost": 0.0, "overshoot_cost": 50.73262278439182, "power_cost": 12.04970780029297, "noise_cost": 11.398948085539473, "n_waypoints_completed": 9, "tot_waypoints": 9}}
{"target": -171.80369053490872, "params": {"k_pid_pos": [1.3760461480647246, 0.0, 0.5804217699512736], "k_pid_alt": [1.999952717100638, 0.0, 0.0], "k_pid_att": [32.241302903510416, 0.0001, 0.3335028707573445], "k_pid_yaw": [0.5, 1e-06, 0.1], "k_pid_hsp": [0.1296017523017273, 8.398154126863158e-05, 0.0], "k_pid_vsp": [228.26314788899182, 400.0, 1e-06]}, "datetime": {"datetime": "2025-08-20 19:47:14", "elapsed": 28489.082416296005, "delta": 15.681412935256958}, "costs": {"total_cost": 171.80369053490872, "time_cost": 70.312, "final_distance_cost": 1.818677438153309, "oscillation_cost": 26.066364504736843, "completition_cost": 0.0, "overshoot_cost": 50.91280759878863, "power_cost": 11.568022888183595, "noise_cost": 11.125818105046347, "n_waypoints_completed": 9, "tot_waypoints": 9}}
{"target": -172.12510713232794, "params": {"k_pid_pos": [1.3220342851556692, 0.0, 0.6841395578710686], "k_pid_alt": [1.9998896942603062, 0.0, 0.0], "k_pid_att": [31.133449887915447, 0.0001, 0.29749383302848675], "k_pid_yaw": [0.5, 1e-06, 0.1], "k_pid_hsp": [0.09862689412281556, 7.405314503620285e-05, 0.0], "k_pid_vsp": [274.24118233897747, 375.60187822887644, 1e-06]}, "datetime": {"datetime": "2025-08-20 19:47:30", "elapsed": 28504.848031044006, "delta": 15.765614748001099}, "costs": {"total_cost": 172.12510713232794, "time_cost": 70.728, "final_distance_cost": 1.8296990242497788, "oscillation_cost": 24.942668727421143, "completition_cost": 0.0, "overshoot_cost": 50.912225871147115, "power_cost": 12.208062194824219, "noise_cost": 11.504451314685706, "n_waypoints_completed": 9, "tot_waypoints": 9}}
{"target": -172.21204427982104, "params": {"k_pid_pos": [1.3316816906840168, 0.0, 0.6287866221589019], "k_pid_alt": [1.9999303576506242, 0.0, 0.0], "k_pid_att": [24.242854992093804, 0.0001, 0.32594877552689117], "k_pid_yaw": [0.5, 1e-06, 0.1], "k_pid_hsp": [0.09024619950350912, 7.850640840369576e-05, 0.0], "k_pid_vsp": [245.99730355516252, 387.18331193597515, 1e-06]}, "datetime": {"datetime": "2025-08-20 19:47:47", "elapsed": 28521.96929383278, "delta": 17.121262788772583}, "costs": {"total_cost": 172.21204427982104, "time_cost": 70.568, "final_distance_cost": 1.8143850968937136, "oscillation_cost": 25.276813547910564, "completition_cost": 0.0, "overshoot_cost": 51.42900794822887, "power_cost": 11.734124584960938, "noise_cost": 11.389713101826974, "n_waypoints_completed": 9, "tot_waypoints": 9}}
{"target": -172.75317083780877, "params": {"k_pid_pos": [1.2521792404610834, 0.0, 0.7069159866661638], "k_pid_alt": [1.9999698733680467, 0.0, 0.0], "k_pid_att": [26.994129434189578, 0.0001, 0.29460612097505623], "k_pid_yaw": [0.5, 1e-06, 0.1], "k_pid_hsp": [0.061173906274931786, 0.0, 0.0], "k_pid_vsp": [244.09309545144262, 393.72032706041244, 1e-06]}, "datetime": {"datetime": "2025-08-20 19:48:03", "elapsed": 28538.132135391235, "delta": 16.16284155845642}, "costs": {"total_cost": 172.75317083780877, "time_cost": 72.136, "final_distance_cost": 1.8199559865419437, "oscillation_cost": 23.003269892396872, "completition_cost": 0.0, "overshoot_cost": 52.83528632214931, "power_cost": 11.602172888183594, "noise_cost": 11.35648574853708, "n_waypoints_completed": 9, "tot_waypoints": 9}}
{"target": -172.21514178935266, "params": {"k_pid_pos": [1.293942869557637, 0.0, 0.6393446042874443], "k_pid_alt": [1.8796422403004482, 0.0, 0.0], "k_pid_att": [28.967673759797176, 0.0001, 0.6486799016158208], "k_pid_yaw": [0.5, 1e-06, 0.1], "k_pid_hsp": [0.1104788164886621, 0.00019655072792553819, 0.0], "k_pid_vsp": [253.10884790092933, 400.0, 1e-06]}, "datetime": {"datetime": "2025-08-20 19:48:21", "elapsed": 28555.578253507614, "delta": 17.446118116378784}, "costs": {"total_cost": 172.21514178935266, "time_cost": 70.464, "final_distance_cost": 1.8206800615902528, "oscillation_cost": 25.453059839210653, "completition_cost": 0.0, "overshoot_cost": 50.84005222442789, "power_cost": 12.19166375732422, "noise_cost": 11.445685906799637, "n_waypoints_completed": 9, "tot_waypoints": 9}}
{"target": -171.9240419750801, "params": {"k_pid_pos": [1.2787853107157932, 0.0, 0.6953006993644235], "k_pid_alt": [1.999895720325393, 0.0, 0.0], "k_pid_att": [24.955649408829498, 0.0001, 0.34187231348032854], "k_pid_yaw": [0.5, 1e-06, 0.1], "k_pid_hsp": [0.1228307690660847, 0.0001683331485559223, 0.0], "k_pid_vsp": [248.76967743293105, 390.6867926017307, 1e-06]}, "datetime": {"datetime": "2025-08-20 19:48:36", "elapsed": 28570.7923579216, "delta": 15.214104413986206}, "costs": {"total_cost": 171.9240419750801, "time_cost": 70.936, "final_distance_cost": 1.827376295459176, "oscillation_cost": 25.065788019600294, "completition_cost": 0.0, "overshoot_cost": 51.06955778736682, "power_cost": 11.7223041015625, "noise_cost": 11.3030157710913, "n_waypoints_completed": 9, "tot_waypoints": 9}}
{"target": -172.36469700949502, "params": {"k_pid_pos": [1.3347608926261465, 0.0, 0.5535717981818487], "k_pid_alt": [1.999795305279178, 0.0, 0.0], "k_pid_att": [24.0622832915068, 0.0001, 0.3107542382946301], "k_pid_yaw": [0.5, 1e-06, 0.1], "k_pid_hsp": [0.09939507540863837, 0.00019319264859105068, 0.0], "k_pid_vsp": [255.45641680272678, 394.79629216962013, 1e-06]}, "datetime": {"datetime": "2025-08-20 19:48:52", "elapsed": 28587.261919736862, "delta": 16.46956181526184}, "costs": {"total_cost": 172.36469700949502, "time_cost": 70.32000000000001, "final_distance_cost": 1.812795933009421, "oscillation_cost": 25.817064206730088, "completition_cost": 0.0, "overshoot_cost": 51.04661364409748, "power_cost": 11.9986580078125, "noise_cost": 11.369565217845528, "n_waypoints_completed": 9, "tot_waypoints": 9}}
{"target": -171.58471248346086, "params": {"k_pid_pos": [1.3745228586235227, 0.0, 0.6709994995166224], "k_pid_alt": [1.9998150424838177, 0.0, 0.0], "k_pid_att": [29.443706653719403, 0.0001, 0.30966214575671824], "k_pid_yaw": [0.5, 1e-06, 0.1], "k_pid_hsp": [0.09283498550734982, 0.00018840248155508536, 0.0], "k_pid_vsp": [241.39751281188302, 396.3020828565466, 1e-06]}, "datetime": {"datetime": "2025-08-20 19:49:08", "elapsed": 28602.578981399536, "delta": 15.31706166267395}, "costs": {"total_cost": 171.58471248346086, "time_cost": 70.536, "final_distance_cost": 1.8034264983049788, "oscillation_cost": 25.325437023008533, "completition_cost": 0.0, "overshoot_cost": 51.19290884756251, "power_cost": 11.57274501953125, "noise_cost": 11.154195095053614, "n_waypoints_completed": 9, "tot_waypoints": 9}}
{"target": -172.38606778013974, "params": {"k_pid_pos": [1.23546425007895, 0.0, 0.6295894197267866], "k_pid_alt": [1.977611260832847, 0.0, 0.0], "k_pid_att": [26.043547587607968, 0.0001, 0.3323678351897051], "k_pid_yaw": [0.5, 1e-06, 0.1], "k_pid_hsp": [0.08062076231584414, 5.437481302541549e-05, 0.0], "k_pid_vsp": [260.5698758354044, 400.0, 1e-06]}, "datetime": {"datetime": "2025-08-20 19:49:24", "elapsed": 28618.96067738533, "delta": 16.381695985794067}, "costs": {"total_cost": 172.38606778013974, "time_cost": 70.96000000000001, "final_distance_cost": 1.8057296955480757, "oscillation_cost": 24.62314504159205, "completition_cost": 0.0, "overshoot_cost": 51.76565231929352, "power_cost": 11.901510461425781, "noise_cost": 11.330030262280305, "n_waypoints_completed": 9, "tot_waypoints": 9}}
{"target": -172.36427506725352, "params": {"k_pid_pos": [1.4039267084880238, 0.0, 0.7682528753286548], "k_pid_alt": [1.9999305862455643, 0.0, 0.0], "k_pid_att": [25.133057074278042, 0.0001, 0.309231681687226], "k_pid_yaw": [0.5, 1e-06, 0.1], "k_pid_hsp": [0.1348692429528805, 6.839132385176958e-05, 0.0], "k_pid_vsp": [258.8575475948195, 400.0, 1e-06]}, "datetime": {"datetime": "2025-08-20 19:49:39", "elapsed": 28634.10653281212, "delta": 15.14585542678833}, "costs": {"total_cost": 172.36427506725352, "time_cost": 70.728, "final_distance_cost": 1.8372627389476575, "oscillation_cost": 25.532409593885173, "completition_cost": 0.0, "overshoot_cost": 50.746298144435805, "power_cost": 12.087653393554689, "noise_cost": 11.4326511964302, "n_waypoints_completed": 9, "tot_waypoints": 9}}
{"target": -172.60617822178043, "params": {"k_pid_pos": [1.3529099772059392, 0.0, 0.9294110998936888], "k_pid_alt": [1.9998700979690152, 0.0, 0.0], "k_pid_att": [30.568470721400793, 0.0001, 0.4146047680572901], "k_pid_yaw": [0.5, 1e-06, 0.1], "k_pid_hsp": [0.1111083718798282, 0.0011210617312835684, 0.0], "k_pid_vsp": [256.3589932328958, 277.75851737148207, 1e-06]}, "datetime": {"datetime": "2025-08-20 19:49:56", "elapsed": 28650.716540575027, "delta": 16.610007762908936}, "costs": {"total_cost": 172.60617822178043, "time_cost": 71.592, "final_distance_cost": 1.8441814768182765, "oscillation_cost": 24.50916361295197, "completition_cost": 0.0, "overshoot_cost": 51.151271302519625, "power_cost": 11.926723120117188, "noise_cost": 11.582838709373373, "n_waypoints_completed": 9, "tot_waypoints": 9}}
{"target": -171.5644723604244, "params": {"k_pid_pos": [1.3164155860614088, 0.0, 0.5751892753665327], "k_pid_alt": [1.9999204585787191, 0.0, 0.0], "k_pid_att": [32.26705623549881, 0.0001, 0.39248433050032117], "k_pid_yaw": [0.5, 1e-06, 0.1], "k_pid_hsp": [0.1085502219653698, 4.172731197492472e-05, 0.0], "k_pid_vsp": [262.34622910721, 400.0, 1e-06]}, "datetime": {"datetime": "2025-08-20 19:50:12", "elapsed": 28667.007216215134, "delta": 16.2906756401062}, "costs": {"total_cost": 171.5644723604244, "time_cost": 70.44800000000001, "final_distance_cost": 1.814057222494533, "oscillation_cost": 25.437662385253468, "completition_cost": 0.0, "overshoot_cost": 50.93276617859738, "power_cost": 11.70806123046875, "noise_cost": 11.223925343610242, "n_waypoints_completed": 9, "tot_waypoints": 9}}
{"target": -173.40094011423622, "params": {"k_pid_pos": [1.329955925853015, 0.0, 0.6413885960585722], "k_pid_alt": [1.999895970376889, 0.0, 0.0], "k_pid_att": [38.832956175748784, 0.0001, 0.07644392267568018], "k_pid_yaw": [0.5, 1e-06, 0.1], "k_pid_hsp": [0.10526038000294721, 0.0, 0.0], "k_pid_vsp": [272.8409583782134, 400.0, 1e-06]}, "datetime": {"datetime": "2025-08-20 19:50:27", "elapsed": 28681.927631139755, "delta": 14.920414924621582}, "costs": {"total_cost": 173.40094011423622, "time_cost": 70.624, "final_distance_cost": 1.8130229503679476, "oscillation_cost": 26.790222667734547, "completition_cost": 0.0, "overshoot_cost": 50.99599298841682, "power_cost": 11.784039111328125, "noise_cost": 11.39366239638877, "n_waypoints_completed": 9, "tot_waypoints": 9}}
{"target": -171.49406104802262, "params": {"k_pid_pos": [1.3180316053233552, 0.0, 0.5678289605900145], "k_pid_alt": [1.9995901966960485, 0.0, 0.0], "k_pid_att": [12.395194117076102, 0.0001, 0.24965585456916972], "k_pid_yaw": [0.5, 1e-06, 0.1], "k_pid_hsp": [0.09433593969135103, 0.0, 0.0], "k_pid_vsp": [259.0712373096855, 400.0, 1e-06]}, "datetime": {"datetime": "2025-08-20 19:50:43", "elapsed": 28698.399530172348, "delta": 16.471899032592773}, "costs": {"total_cost": 171.49406104802262, "time_cost": 70.34400000000001, "final_distance_cost": 1.818751133542533, "oscillation_cost": 25.64227447879752, "completition_cost": 0.0, "overshoot_cost": 50.971075076555415, "power_cost": 11.582603344726563, "noise_cost": 11.1353570144006, "n_waypoints_completed": 9, "tot_waypoints": 9}}
{"target": -177.97146794442003, "params": {"k_pid_pos": [1.3435683910810043, 0.0, 0.17046994069169835], "k_pid_alt": [1.999988424112746, 0.0, 0.0], "k_pid_att": [37.98102067149717, 0.0001, 0.39517844373655686], "k_pid_yaw": [0.5, 1e-06, 0.1], "k_pid_hsp": [0.06427544201170725, 7.720120299734519e-05, 0.0], "k_pid_vsp": [272.64019171193024, 400.0, 1e-06]}, "datetime": {"datetime": "2025-08-20 19:50:59", "elapsed": 28714.461738586426, "delta": 16.06220841407776}, "costs": {"total_cost": 177.97146794442003, "time_cost": 73.864, "final_distance_cost": 1.7645747831056546, "oscillation_cost": 26.73589149366194, "completition_cost": 0.0, "overshoot_cost": 52.065145655575755, "power_cost": 12.061492993164062, "noise_cost": 11.480363018912616, "n_waypoints_completed": 9, "tot_waypoints": 9}}
{"target": -178.80584038583373, "params": {"k_pid_pos": [1.3512553660099, 0.0, 0.5969538325645207], "k_pid_alt": [1.9999444380249163, 0.0, 0.0], "k_pid_att": [31.282683670986884, 0.0001, 0.35121033184084666], "k_pid_yaw": [0.5, 1e-06, 0.1], "k_pid_hsp": [0.04762828132147849, 0.0, 0.0], "k_pid_vsp": [250.13432321807883, 379.01343146910506, 1e-06]}, "datetime": {"datetime": "2025-08-20 19:51:18", "elapsed": 28733.39438891411, "delta": 18.932650327682495}, "costs": {"total_cost": 178.80584038583373, "time_cost": 76.136, "final_distance_cost": 1.8002504392607692, "oscillation_cost": 21.636144045046066, "completition_cost": 0.0, "overshoot_cost": 54.67539042307499, "power_cost": 12.39185771484375, "noise_cost": 12.16619776360818, "n_waypoints_completed": 9, "tot_waypoints": 9}}
{"target": -172.36502329869955, "params": {"k_pid_pos": [1.2976195334354321, 0.0, 0.8665916495669239], "k_pid_alt": [1.9998382380906972, 0.0, 0.0], "k_pid_att": [18.221667548817457, 0.0001, 0.25298214346594483], "k_pid_yaw": [0.5, 1e-06, 0.1], "k_pid_hsp": [0.09139044704288664, 2.517125433082482e-05, 0.0], "k_pid_vsp": [259.61755072369846, 341.071839859652, 1e-06]}, "datetime": {"datetime": "2025-08-20 19:51:33", "elapsed": 28748.418372392654, "delta": 15.023983478546143}, "costs": {"total_cost": 172.36502329869955, "time_cost": 71.512, "final_distance_cost": 1.8249303621633874, "oscillation_cost": 24.21775785585201, "completition_cost": 0.0, "overshoot_cost": 51.49981471469119, "power_cost": 11.890566430664062, "noise_cost": 11.41995393532893, "n_waypoints_completed": 9, "tot_waypoints": 9}}
{"target": -171.93845485608557, "params": {"k_pid_pos": [1.271871518828292, 0.0, 0.633515146929691], "k_pid_alt": [1.9998844086976686, 0.0, 0.0], "k_pid_att": [26.206160640635392, 0.0001, 0.321118592591712], "k_pid_yaw": [0.5, 1e-06, 0.1], "k_pid_hsp": [0.08944571041857155, 5.7064771127840694e-05, 0.0], "k_pid_vsp": [249.56602807484825, 397.2476830605265, 1e-06]}, "datetime": {"datetime": "2025-08-20 19:51:49", "elapsed": 28764.540860652924, "delta": 16.122488260269165}, "costs": {"total_cost": 171.93845485608557, "time_cost": 70.752, "final_distance_cost": 1.8242454387014455, "oscillation_cost": 24.859288231821896, "completition_cost": 0.0, "overshoot_cost": 51.45411069167927, "power_cost": 11.780102282714845, "noise_cost": 11.268708211168128, "n_waypoints_completed": 9, "tot_waypoints": 9}}
