{"target": -171.61664279357322, "params": {"k_pid_pos": [1.3195073080493147, 0.0, 0.6193018689625283], "k_pid_alt": [1.9998557322077897, 0.0, 0.0], "k_pid_att": [31.48461812621797, 0.0001, 0.3111701448415323], "k_pid_yaw": [0.5, 1e-06, 0.1], "k_pid_hsp": [0.0819541661317042, 6.479853381253295e-05, 0.0], "k_pid_vsp": [272.6900142866614, 388.508754170023, 1e-06]}, "datetime": {"datetime": "2025-08-20 20:58:20", "elapsed": 32754.86158514023, "delta": 15.011084079742432}, "costs": {"total_cost": 171.61664279357322, "time_cost": 70.672, "final_distance_cost": 1.827324251912251, "oscillation_cost": 24.934909571761043, "completition_cost": 0.0, "overshoot_cost": 51.38672774372219, "power_cost": 11.624260974121094, "noise_cost": 11.171420252056675, "n_waypoints_completed": 9, "tot_waypoints": 9}}
{"target": -172.38234592748086, "params": {"k_pid_pos": [1.2942123025287458, 0.0, 0.6116848421297819], "k_pid_alt": [1.9999482970411693, 0.0, 0.0], "k_pid_att": [27.001431783572006, 0.0001, 0.29650455067361375], "k_pid_yaw": [0.5, 1e-06, 0.1], "k_pid_hsp": [0.08166404155958983, 6.250317637544403e-05, 0.0], "k_pid_vsp": [253.38117394252717, 396.04933010000616, 1e-06]}, "datetime": {"datetime": "2025-08-20 20:58:36", "elapsed": 32771.41377258301, "delta": 16.55218744277954}, "costs": {"total_cost": 172.38234592748086, "time_cost": 70.712, "final_distance_cost": 1.8265735537797354, "oscillation_cost": 24.99278040030964, "completition_cost": 0.0, "overshoot_cost": 51.58792748473199, "power_cost": 11.950062390136718, "noise_cost": 11.313002098522801, "n_waypoints_completed": 9, "tot_waypoints": 9}}
{"target": -171.64261911452303, "params": {"k_pid_pos": [1.3289181715452976, 0.0, 0.5691490017537566], "k_pid_alt": [1.9869298964067326, 0.0, 0.0], "k_pid_att": [30.952352909681224, 0.0001, 0.378714704505548], "k_pid_yaw": [0.5, 1e-06, 0.1], "k_pid_hsp": [0.10137972867557493, 3.1746503952175025e-05, 0.0], "k_pid_vsp": [276.2052777650715, 390.4499256453606, 1e-06]}, "datetime": {"datetime": "2025-08-20 20:58:52", "elapsed": 32786.565647125244, "delta": 15.151874542236328}, "costs": {"total_cost": 171.64261911452303, "time_cost": 70.384, "final_distance_cost": 1.8087138832720617, "oscillation_cost": 25.457111165606428, "completition_cost": 0.0, "overshoot_cost": 50.887426925526256, "power_cost": 11.866396472167969, "noise_cost": 11.238970667950323, "n_waypoints_completed": 9, "tot_waypoints": 9}}
{"target": -171.44011057567465, "params": {"k_pid_pos": [1.3033982206566024, 0.0, 0.6036921037588987], "k_pid_alt": [1.9999653369416746, 0.0, 0.0], "k_pid_att": [18.588689888019204, 0.0001, 0.3119846458703283], "k_pid_yaw": [0.5, 1e-06, 0.1], "k_pid_hsp": [0.12054926580339641, 6.438327107207703e-05, 0.0], "k_pid_vsp": [242.8894434361237, 382.2305462277242, 1e-06]}, "datetime": {"datetime": "2025-08-20 20:59:09", "elapsed": 32804.45334672928, "delta": 17.887699604034424}, "costs": {"total_cost": 171.44011057567465, "time_cost": 70.512, "final_distance_cost": 1.8188732351110255, "oscillation_cost": 25.528694177196932, "completition_cost": 0.0, "overshoot_cost": 50.78383740088117, "power_cost": 11.653865954589845, "noise_cost": 11.14283980789568, "n_waypoints_completed": 9, "tot_waypoints": 9}}
{"target": -171.45959055636484, "params": {"k_pid_pos": [1.3022379272704392, 0.0, 0.6393066634211719], "k_pid_alt": [1.9999238417689313, 0.0, 0.0], "k_pid_att": [27.891915563246638, 0.0001, 0.22792613954913063], "k_pid_yaw": [0.5, 1e-06, 0.1], "k_pid_hsp": [0.10898217319674895, 0.00027598091330033336, 0.0], "k_pid_vsp": [314.09920588237924, 394.4115538097, 1e-06]}, "datetime": {"datetime": "2025-08-20 20:59:25", "elapsed": 32819.71205973625, "delta": 15.258713006973267}, "costs": {"total_cost": 171.45959055636484, "time_cost": 70.616, "final_distance_cost": 1.8346522059830022, "oscillation_cost": 25.216704166658225, "completition_cost": 0.0, "overshoot_cost": 50.9438536074432, "power_cost": 11.604640295410157, "noise_cost": 11.243740280870258, "n_waypoints_completed": 9, "tot_waypoints": 9}}
{"target": -171.9664513745893, "params": {"k_pid_pos": [1.3346763141423696, 0.0, 0.5522804906315177], "k_pid_alt": [1.9998929824071183, 0.0, 0.0], "k_pid_att": [30.005300447325038, 0.0001, 0.3428643094239559], "k_pid_yaw": [0.5, 1e-06, 0.1], "k_pid_hsp": [0.09344923633373901, 2.083316870949849e-06, 0.0], "k_pid_vsp": [243.13561188166716, 392.73679201324217, 1e-06]}, "datetime": {"datetime": "2025-08-20 20:59:42", "elapsed": 32836.927327394485, "delta": 17.215267658233643}, "costs": {"total_cost": 171.9664513745893, "time_cost": 70.384, "final_distance_cost": 1.8043975393589269, "oscillation_cost": 25.641829022861568, "completition_cost": 0.0, "overshoot_cost": 51.2422770158273, "power_cost": 11.691158325195312, "noise_cost": 11.202789471346158, "n_waypoints_completed": 9, "tot_waypoints": 9}}
{"target": -172.84711023055058, "params": {"k_pid_pos": [1.345892884675449, 0.0, 0.6976341823836099], "k_pid_alt": [1.9999923619859024, 0.0, 0.0], "k_pid_att": [27.788214810791203, 0.0001, 0.3246158805510433], "k_pid_yaw": [0.5, 1e-06, 0.1], "k_pid_hsp": [0.07200026058444128, 0.00016414458011319207, 0.0], "k_pid_vsp": [248.4536480167694, 371.38686431915664, 1e-06]}, "datetime": {"datetime": "2025-08-20 20:59:57", "elapsed": 32852.15796875954, "delta": 15.23064136505127}, "costs": {"total_cost": 172.84711023055058, "time_cost": 71.104, "final_distance_cost": 1.79314258957938, "oscillation_cost": 24.44691896513047, "completition_cost": 0.0, "overshoot_cost": 52.091103318848646, "power_cost": 11.971338879394532, "noise_cost": 11.44060647759757, "n_waypoints_completed": 9, "tot_waypoints": 9}}
{"target": -171.45391562796007, "params": {"k_pid_pos": [1.3124174011636052, 0.0, 0.6469444677437743], "k_pid_alt": [1.9998990361863125, 0.0, 0.0], "k_pid_att": [29.510409021938134, 0.0001, 0.3668897563025585], "k_pid_yaw": [0.5, 1e-06, 0.1], "k_pid_hsp": [0.0916740833557235, 0.0, 0.0], "k_pid_vsp": [249.02009134667512, 400.0, 1e-06]}, "datetime": {"datetime": "2025-08-20 21:00:15", "elapsed": 32870.0260925293, "delta": 17.868123769760132}, "costs": {"total_cost": 171.45391562796007, "time_cost": 70.624, "final_distance_cost": 1.8039064938521951, "oscillation_cost": 25.111865719849057, "completition_cost": 0.0, "overshoot_cost": 50.7758000366951, "power_cost": 11.84560361328125, "noise_cost": 11.292739764282489, "n_waypoints_completed": 9, "tot_waypoints": 9}}
{"target": -171.73429848574162, "params": {"k_pid_pos": [1.3719845308201706, 0.0, 0.7049313831705463], "k_pid_alt": [1.9997940168475417, 0.0, 0.0], "k_pid_att": [29.14564599929708, 0.0001, 0.30443282133975536], "k_pid_yaw": [0.5, 1e-06, 0.1], "k_pid_hsp": [0.10207478440985036, 4.649381856416237e-05, 0.0], "k_pid_vsp": [252.43824913025225, 395.2950597538922, 1e-06]}, "datetime": {"datetime": "2025-08-20 21:00:33", "elapsed": 32888.41542840004, "delta": 18.389335870742798}, "costs": {"total_cost": 171.73429848574162, "time_cost": 70.64, "final_distance_cost": 1.8348548447860429, "oscillation_cost": 25.38602270473997, "completition_cost": 0.0, "overshoot_cost": 51.0847016857665, "power_cost": 11.555526281738281, "noise_cost": 11.233192968710823, "n_waypoints_completed": 9, "tot_waypoints": 9}}
{"target": -171.98304311889706, "params": {"k_pid_pos": [1.2947574631640077, 0.0, 0.6271361995807306], "k_pid_alt": [1.9998888666576493, 0.0, 0.0], "k_pid_att": [26.287317814580973, 0.0001, 0.3316964885510324], "k_pid_yaw": [0.5, 1e-06, 0.1], "k_pid_hsp": [0.09729463725490713, 4.725520280216884e-05, 0.0], "k_pid_vsp": [262.3433789216235, 392.0766463046752, 1e-06]}, "datetime": {"datetime": "2025-08-20 21:00:51", "elapsed": 32906.23191142082, "delta": 17.81648302078247}, "costs": {"total_cost": 171.98304311889706, "time_cost": 70.664, "final_distance_cost": 1.8074756459132046, "oscillation_cost": 25.145139749024718, "completition_cost": 0.0, "overshoot_cost": 51.3865435524141, "power_cost": 11.748964819335939, "noise_cost": 11.230919352209073, "n_waypoints_completed": 9, "tot_waypoints": 9}}
{"target": -171.11014183132409, "params": {"k_pid_pos": [1.3617694658197994, 0.0, 0.564623512849781], "k_pid_alt": [1.9998851464763803, 0.0, 0.0], "k_pid_att": [25.635741304496104, 0.0001, 0.3243836114499327], "k_pid_yaw": [0.5, 1e-06, 0.1], "k_pid_hsp": [0.09194068762578111, 4.790120958416514e-05, 0.0], "k_pid_vsp": [247.33163466399944, 393.6008683834037, 1e-06]}, "datetime": {"datetime": "2025-08-20 21:01:08", "elapsed": 32922.93261599541, "delta": 16.70070457458496}, "costs": {"total_cost": 171.11014183132409, "time_cost": 70.36, "final_distance_cost": 1.809146221215654, "oscillation_cost": 25.650617876984427, "completition_cost": 0.0, "overshoot_cost": 51.19425757370128, "power_cost": 11.125916149902345, "noise_cost": 10.970204009520383, "n_waypoints_completed": 9, "tot_waypoints": 9}}
{"target": -172.71782842116767, "params": {"k_pid_pos": [1.2919676183622288, 0.0, 0.6238047558346164], "k_pid_alt": [1.9998948280110356, 0.0, 0.0], "k_pid_att": [25.934080324288928, 0.0001, 0.3016172184010245], "k_pid_yaw": [0.5, 1e-06, 0.1], "k_pid_hsp": [0.07957213282907258, 6.537509520651244e-05, 0.0], "k_pid_vsp": [306.4367571345261, 398.7071417509991, 1e-06]}, "datetime": {"datetime": "2025-08-20 21:01:24", "elapsed": 32938.64429283142, "delta": 15.711676836013794}, "costs": {"total_cost": 172.71782842116767, "time_cost": 70.8, "final_distance_cost": 1.8270521383798173, "oscillation_cost": 24.761153527908597, "completition_cost": 0.0, "overshoot_cost": 52.040876362277096, "power_cost": 11.88278787841797, "noise_cost": 11.40595851418422, "n_waypoints_completed": 9, "tot_waypoints": 9}}
{"target": -171.51055494057786, "params": {"k_pid_pos": [1.3172104813207006, 0.0, 0.585687513845699], "k_pid_alt": [1.9998506562710294, 0.0, 0.0], "k_pid_att": [26.5507898281245, 0.0001, 0.33835988450108034], "k_pid_yaw": [0.5, 1e-06, 0.1], "k_pid_hsp": [0.09571910391216044, 7.731938783201914e-05, 0.0], "k_pid_vsp": [253.88485301688138, 346.71375844917964, 1e-06]}, "datetime": {"datetime": "2025-08-20 21:01:40", "elapsed": 32955.17735362053, "delta": 16.533060789108276}, "costs": {"total_cost": 171.51055494057786, "time_cost": 70.496, "final_distance_cost": 1.7996566866724133, "oscillation_cost": 25.383867394731567, "completition_cost": 0.0, "overshoot_cost": 51.06662050063697, "power_cost": 11.624585266113282, "noise_cost": 11.139825092423658, "n_waypoints_completed": 9, "tot_waypoints": 9}}
{"target": -171.9323316610299, "params": {"k_pid_pos": [1.264945417775667, 0.0, 0.665413663287516], "k_pid_alt": [1.9512394042648227, 0.0, 0.0], "k_pid_att": [27.416417388142648, 0.0001, 0.23574723445908188], "k_pid_yaw": [0.5, 1e-06, 0.1], "k_pid_hsp": [0.10658669887991411, 7.137309882279372e-06, 0.0], "k_pid_vsp": [213.62994637337377, 329.75288402900173, 1e-06]}, "datetime": {"datetime": "2025-08-20 21:01:55", "elapsed": 32970.3395857811, "delta": 15.162232160568237}, "costs": {"total_cost": 171.9323316610299, "time_cost": 70.848, "final_distance_cost": 1.8402845024086305, "oscillation_cost": 25.084707031583736, "completition_cost": 0.0, "overshoot_cost": 51.207996753350145, "power_cost": 11.645223791503907, "noise_cost": 11.306119582183502, "n_waypoints_completed": 9, "tot_waypoints": 9}}
{"target": -171.72634820669487, "params": {"k_pid_pos": [1.3085404459901036, 0.0, 0.6156297698144677], "k_pid_alt": [1.999941631958068, 0.0, 0.0], "k_pid_att": [25.638900460491826, 0.0001, 0.34493894326228086], "k_pid_yaw": [0.5, 1e-06, 0.1], "k_pid_hsp": [0.10293897950872391, 7.235825438959435e-05, 0.0], "k_pid_vsp": [237.85155819809225, 400.0, 1e-06]}, "datetime": {"datetime": "2025-08-20 21:02:13", "elapsed": 32988.46082663536, "delta": 18.121240854263306}, "costs": {"total_cost": 171.72634820669487, "time_cost": 70.544, "final_distance_cost": 1.8307095290062418, "oscillation_cost": 25.338649285737734, "completition_cost": 0.0, "overshoot_cost": 50.909287788432664, "power_cost": 11.825044445800781, "noise_cost": 11.278657157717456, "n_waypoints_completed": 9, "tot_waypoints": 9}}
{"target": -172.47639166862967, "params": {"k_pid_pos": [1.3270883524524855, 0.0, 0.6247692920535888], "k_pid_alt": [1.9999272973624238, 0.0, 0.0], "k_pid_att": [28.996919683037127, 0.0001, 0.32911262731958885], "k_pid_yaw": [0.5, 1e-06, 0.1], "k_pid_hsp": [0.11104799810862939, 0.0001891841302327626, 0.0], "k_pid_vsp": [223.23973345322815, 376.3600644555768, 1e-06]}, "datetime": {"datetime": "2025-08-20 21:02:30", "elapsed": 33004.92436385155, "delta": 16.463537216186523}, "costs": {"total_cost": 172.47639166862967, "time_cost": 70.552, "final_distance_cost": 1.8219058393013863, "oscillation_cost": 25.417914068448276, "completition_cost": 0.0, "overshoot_cost": 50.86201536182641, "power_cost": 12.289714318847658, "noise_cost": 11.532842080205972, "n_waypoints_completed": 9, "tot_waypoints": 9}}
{"target": -172.58557655814076, "params": {"k_pid_pos": [1.3285013831471573, 0.0, 0.6393557144718713], "k_pid_alt": [1.999870593522674, 0.0, 0.0], "k_pid_att": [26.213555456484293, 0.0001, 0.31407033332795437], "k_pid_yaw": [0.5, 1e-06, 0.1], "k_pid_hsp": [0.09254011014349092, 0.0001108034690051563, 0.0], "k_pid_vsp": [244.7724711846429, 400.0, 1e-06]}, "datetime": {"datetime": "2025-08-20 21:02:46", "elapsed": 33021.36327242851, "delta": 16.438908576965332}, "costs": {"total_cost": 172.58557655814076, "time_cost": 70.56, "final_distance_cost": 1.8045172388672215, "oscillation_cost": 25.286537152656546, "completition_cost": 0.0, "overshoot_cost": 51.34824337380893, "power_cost": 12.122785876464844, "noise_cost": 11.46349291634324, "n_waypoints_completed": 9, "tot_waypoints": 9}}
{"target": -172.11761457656095, "params": {"k_pid_pos": [1.3678235011500282, 0.0, 0.6659649195839833], "k_pid_alt": [1.9597290616744045, 0.0, 0.0], "k_pid_att": [26.47520757104767, 0.0001, 0.31377755683175], "k_pid_yaw": [0.5, 1e-06, 0.1], "k_pid_hsp": [0.12324113415307059, 3.1418780061569365e-05, 0.0], "k_pid_vsp": [261.5723280083963, 380.76673219196954, 1e-06]}, "datetime": {"datetime": "2025-08-20 21:03:03", "elapsed": 33038.53608393669, "delta": 17.17281150817871}, "costs": {"total_cost": 172.11761457656095, "time_cost": 70.512, "final_distance_cost": 1.8406115398107592, "oscillation_cost": 25.676550602343386, "completition_cost": 0.0, "overshoot_cost": 50.647908443804674, "power_cost": 12.096667712402345, "noise_cost": 11.343876278199778, "n_waypoints_completed": 9, "tot_waypoints": 9}}
{"target": -172.73246298344404, "params": {"k_pid_pos": [1.4455938340090335, 0.0, 1.0], "k_pid_alt": [1.9999666166975165, 0.0, 0.0], "k_pid_att": [27.693178471790812, 0.0001, 0.23823244470040975], "k_pid_yaw": [0.5, 1e-06, 0.1], "k_pid_hsp": [0.08138190162430409, 0.00010994763157044528, 0.0], "k_pid_vsp": [252.7490528449412, 400.0, 1e-06]}, "datetime": {"datetime": "2025-08-20 21:03:19", "elapsed": 33054.391651153564, "delta": 15.855567216873169}, "costs": {"total_cost": 172.73246298344404, "time_cost": 71.352, "final_distance_cost": 1.8191880186979683, "oscillation_cost": 24.74647657485465, "completition_cost": 0.0, "overshoot_cost": 51.15048810552717, "power_cost": 11.988744702148438, "noise_cost": 11.675565582215786, "n_waypoints_completed": 9, "tot_waypoints": 9}}
{"target": -172.55577844904207, "params": {"k_pid_pos": [1.4459189256581169, 0.0, 1.0], "k_pid_alt": [1.9998963518260902, 0.0, 0.0], "k_pid_att": [35.70860582537698, 0.0001, 0.1990287061334126], "k_pid_yaw": [0.5, 1e-06, 0.1], "k_pid_hsp": [0.0850908152632035, 0.00021828786889494997, 0.0], "k_pid_vsp": [250.369522041149, 313.85382150348846, 1e-06]}, "datetime": {"datetime": "2025-08-20 21:03:36", "elapsed": 33071.47151875496, "delta": 17.079867601394653}, "costs": {"total_cost": 172.55577844904207, "time_cost": 71.392, "final_distance_cost": 1.8257690532140982, "oscillation_cost": 24.548887246102982, "completition_cost": 0.0, "overshoot_cost": 51.24180476551301, "power_cost": 11.95269705810547, "noise_cost": 11.59462032610651, "n_waypoints_completed": 9, "tot_waypoints": 9}}
{"target": -172.16601367607512, "params": {"k_pid_pos": [1.3273972243767425, 0.0, 0.5708923540192243], "k_pid_alt": [1.9999080616567828, 0.0, 0.0], "k_pid_att": [17.930392055907767, 0.0001, 0.32673410587451074], "k_pid_yaw": [0.5, 1e-06, 0.1], "k_pid_hsp": [0.09009131060197562, 5.904626158892339e-05, 0.0], "k_pid_vsp": [248.91774043511083, 399.09984442847934, 1e-06]}, "datetime": {"datetime": "2025-08-20 21:03:53", "elapsed": 33088.45115876198, "delta": 16.979640007019043}, "costs": {"total_cost": 172.16601367607512, "time_cost": 70.416, "final_distance_cost": 1.816293820484385, "oscillation_cost": 25.571690224576685, "completition_cost": 0.0, "overshoot_cost": 51.47595096979691, "power_cost": 11.725735656738282, "noise_cost": 11.160343004478841, "n_waypoints_completed": 9, "tot_waypoints": 9}}
{"target": -172.13459981531943, "params": {"k_pid_pos": [1.2262316823625496, 0.0, 0.8188802615739489], "k_pid_alt": [1.9999321952196456, 0.0, 0.0], "k_pid_att": [27.671906952938116, 0.0001, 0.22514129779158154], "k_pid_yaw": [0.5, 1e-06, 0.1], "k_pid_hsp": [0.09288249846161148, 9.505018171488766e-06, 0.0], "k_pid_vsp": [269.3471071739085, 360.0032791059444, 1e-06]}, "datetime": {"datetime": "2025-08-20 21:04:09", "elapsed": 33104.243346214294, "delta": 15.792187452316284}, "costs": {"total_cost": 172.13459981531943, "time_cost": 71.72, "final_distance_cost": 1.841868065336352, "oscillation_cost": 24.20294302933827, "completition_cost": 0.0, "overshoot_cost": 50.979859328505654, "power_cost": 11.856407678222658, "noise_cost": 11.53352171391648, "n_waypoints_completed": 9, "tot_waypoints": 9}}
{"target": -173.74493967429387, "params": {"k_pid_pos": [1.3499994503847068, 0.0, 0.88295136256459], "k_pid_alt": [1.9999087224845231, 0.0, 0.0], "k_pid_att": [27.407381234428016, 0.0001, 0.26277052014947977], "k_pid_yaw": [0.5, 1e-06, 0.1], "k_pid_hsp": [0.06520913811941192, 9.109226249659983e-05, 0.0], "k_pid_vsp": [254.56893081268106, 400.0, 1e-06]}, "datetime": {"datetime": "2025-08-20 21:04:28", "elapsed": 33123.33074569702, "delta": 19.08739948272705}, "costs": {"total_cost": 173.74493967429387, "time_cost": 71.896, "final_distance_cost": 1.8209110135164706, "oscillation_cost": 23.862908634081716, "completition_cost": 0.0, "overshoot_cost": 52.5870563892762, "power_cost": 12.012370959472657, "noise_cost": 11.565692677946824, "n_waypoints_completed": 9, "tot_waypoints": 9}}
{"target": -171.8423803032849, "params": {"k_pid_pos": [1.283863564764052, 0.0, 0.5975793467975273], "k_pid_alt": [1.9999733475957597, 0.0, 0.0], "k_pid_att": [32.66158931730239, 0.0001, 0.34802398060628964], "k_pid_yaw": [0.5, 1e-06, 0.1], "k_pid_hsp": [0.0851490773892446, 7.199525029302683e-05, 0.0], "k_pid_vsp": [254.92127705815273, 395.8174393464554, 1e-06]}, "datetime": {"datetime": "2025-08-20 21:04:44", "elapsed": 33139.45209670067, "delta": 16.12135100364685}, "costs": {"total_cost": 171.8423803032849, "time_cost": 70.664, "final_distance_cost": 1.8155595924680166, "oscillation_cost": 24.93854068073171, "completition_cost": 0.0, "overshoot_cost": 51.247605276693356, "power_cost": 11.813364880371095, "noise_cost": 11.363309873020716, "n_waypoints_completed": 9, "tot_waypoints": 9}}
{"target": -171.70972946109043, "params": {"k_pid_pos": [1.3793918222098296, 0.0, 0.6118942958090774], "k_pid_alt": [1.9999309297241643, 0.0, 0.0], "k_pid_att": [30.784832818051406, 0.0001, 0.3359584693269284], "k_pid_yaw": [0.5, 1e-06, 0.1], "k_pid_hsp": [0.09995998079586384, 5.1426991272887076e-05, 0.0], "k_pid_vsp": [251.77346479127226, 400.0, 1e-06]}, "datetime": {"datetime": "2025-08-20 21:05:02", "elapsed": 33156.796879053116, "delta": 17.34478235244751}, "costs": {"total_cost": 171.70972946109043, "time_cost": 70.4, "final_distance_cost": 1.82044541213674, "oscillation_cost": 25.554664462284528, "completition_cost": 0.0, "overshoot_cost": 50.99605282732664, "power_cost": 11.669341430664064, "noise_cost": 11.269225328678427, "n_waypoints_completed": 9, "tot_waypoints": 9}}
{"target": -172.35143345458056, "params": {"k_pid_pos": [1.498127859940783, 0.0, 1.0], "k_pid_alt": [2.0, 0.0, 0.0], "k_pid_att": [33.199077599572455, 0.0001, 0.28546656226804623], "k_pid_yaw": [0.5, 1e-06, 0.1], "k_pid_hsp": [0.09018494914134546, 3.833696083890125e-05, 0.0], "k_pid_vsp": [261.5584420562094, 400.0, 1e-06]}, "datetime": {"datetime": "2025-08-20 21:05:17", "elapsed": 33172.17568898201, "delta": 15.378809928894043}, "costs": {"total_cost": 172.35143345458056, "time_cost": 71.16, "final_distance_cost": 1.8396084385806972, "oscillation_cost": 24.570159344931067, "completition_cost": 0.0, "overshoot_cost": 51.481914754091825, "power_cost": 11.837312377929688, "noise_cost": 11.462438539047273, "n_waypoints_completed": 9, "tot_waypoints": 9}}
{"target": -171.81324405344054, "params": {"k_pid_pos": [1.304241022663804, 0.0, 0.62256447076851], "k_pid_alt": [1.9998854698619615, 0.0, 0.0], "k_pid_att": [26.390045032024595, 0.0001, 0.3207731718275743], "k_pid_yaw": [0.5, 1e-06, 0.1], "k_pid_hsp": [0.08959006519484414, 6.208864476230055e-05, 0.0], "k_pid_vsp": [250.00311855669577, 396.2767382110284, 1e-06]}, "datetime": {"datetime": "2025-08-20 21:05:35", "elapsed": 33190.02099585533, "delta": 17.845306873321533}, "costs": {"total_cost": 171.81324405344054, "time_cost": 70.60000000000001, "final_distance_cost": 1.8237831181462065, "oscillation_cost": 25.241380144037112, "completition_cost": 0.0, "overshoot_cost": 50.94349281986734, "power_cost": 11.81732177734375, "noise_cost": 11.387266194046138, "n_waypoints_completed": 9, "tot_waypoints": 9}}
