{"target": -174.4264210336637, "params": {"k_pid_pos": [1.693497666813139, 0.0, 0.8903155844466382], "k_pid_alt": [1.831787228004505, 0.0, 0.0], "k_pid_att": [61.684467522938945, 0.0001, 0.2684334226710603], "k_pid_yaw": [0.5, 1e-06, 0.1], "k_pid_hsp": [0.12388707204028475, 0.0, 0.0], "k_pid_vsp": [295.0978773514933, 150.06404714091877, 1e-06]}, "datetime": {"datetime": "2025-08-20 14:53:22", "elapsed": 10857.407141685486, "delta": 19.18783450126648}, "costs": {"total_cost": 174.4264210336637, "time_cost": 70.52, "final_distance_cost": 1.8294918432596858, "oscillation_cost": 26.909991563364272, "completition_cost": 0.0, "overshoot_cost": 51.826104028831104, "power_cost": 11.88153603515625, "noise_cost": 11.45929756305239, "n_waypoints_completed": 9, "tot_waypoints": 9}}
{"target": -173.64823623806416, "params": {"k_pid_pos": [1.5029818057966842, 0.0, 0.8150404294363278], "k_pid_alt": [1.739563746241565, 0.0, 0.0], "k_pid_att": [42.737253761407935, 0.0001, 0.21707501071517643], "k_pid_yaw": [0.5, 1e-06, 0.1], "k_pid_hsp": [0.1457174960033321, 0.0, 0.0], "k_pid_vsp": [254.62134585441544, 340.1902236540658, 1e-06]}, "datetime": {"datetime": "2025-08-20 14:53:41", "elapsed": 10875.964441299438, "delta": 18.557299613952637}, "costs": {"total_cost": 173.64823623806416, "time_cost": 70.392, "final_distance_cost": 1.8452094613482966, "oscillation_cost": 26.836751012746085, "completition_cost": 0.0, "overshoot_cost": 50.9524346174357, "power_cost": 12.121252392578125, "noise_cost": 11.500588753955961, "n_waypoints_completed": 9, "tot_waypoints": 9}}
{"target": -172.27013674133326, "params": {"k_pid_pos": [1.464294851351016, 0.0, 0.964789090963469], "k_pid_alt": [1.9808444189891399, 0.0, 0.0], "k_pid_att": [35.56228423295857, 0.0001, 0.37797184719103777], "k_pid_yaw": [0.5, 1e-06, 0.1], "k_pid_hsp": [0.1179966025142633, 0.0, 0.0], "k_pid_vsp": [276.27352051182015, 256.4845396070396, 1e-06]}, "datetime": {"datetime": "2025-08-20 14:53:59", "elapsed": 10894.536391496658, "delta": 18.57195019721985}, "costs": {"total_cost": 172.27013674133326, "time_cost": 71.272, "final_distance_cost": 1.8353579906950614, "oscillation_cost": 24.769743485628393, "completition_cost": 0.0, "overshoot_cost": 51.00877969212902, "power_cost": 11.885075512695312, "noise_cost": 11.499180060185466, "n_waypoints_completed": 9, "tot_waypoints": 9}}
{"target": -173.14900017508032, "params": {"k_pid_pos": [1.5259245861673794, 0.0, 0.8955928970261375], "k_pid_alt": [1.9108977211383356, 0.0, 0.0], "k_pid_att": [63.089332514875125, 0.0001, 0.2655143221906836], "k_pid_yaw": [0.5, 1e-06, 0.1], "k_pid_hsp": [0.1588616474291194, 0.00023300548408637396, 0.0], "k_pid_vsp": [267.4184974252846, 181.88245475048885, 1e-06]}, "datetime": {"datetime": "2025-08-20 14:54:19", "elapsed": 10913.974135398865, "delta": 19.43774390220642}, "costs": {"total_cost": 173.14900017508032, "time_cost": 70.904, "final_distance_cost": 1.843741916296126, "oscillation_cost": 26.653491883170783, "completition_cost": 0.0, "overshoot_cost": 50.66183930139715, "power_cost": 11.67494959716797, "noise_cost": 11.41097747704827, "n_waypoints_completed": 9, "tot_waypoints": 9}}
{"target": -173.25100797189037, "params": {"k_pid_pos": [1.4695435863144317, 0.0, 0.8477126459176647], "k_pid_alt": [1.3330473145663473, 0.0, 0.0], "k_pid_att": [48.6986476870851, 0.0001, 0.6419892428550027], "k_pid_yaw": [0.5, 1e-06, 0.1], "k_pid_hsp": [0.11241079666726556, 0.0, 0.0], "k_pid_vsp": [312.9880999063641, 371.37066892848276, 1e-06]}, "datetime": {"datetime": "2025-08-20 14:54:37", "elapsed": 10931.804254293442, "delta": 17.830118894577026}, "costs": {"total_cost": 173.25100797189037, "time_cost": 70.672, "final_distance_cost": 1.8232145782740488, "oscillation_cost": 26.588820462004282, "completition_cost": 0.0, "overshoot_cost": 50.926877811220685, "power_cost": 11.881437646484375, "noise_cost": 11.358657473906993, "n_waypoints_completed": 9, "tot_waypoints": 9}}
{"target": -173.08981830458256, "params": {"k_pid_pos": [1.5465551122491763, 0.0, 0.9587407777866841], "k_pid_alt": [1.6655093592488555, 0.0, 0.0], "k_pid_att": [38.22403979155562, 0.0001, 0.3165197578724633], "k_pid_yaw": [0.5, 1e-06, 0.1], "k_pid_hsp": [0.11431065827023613, 0.0, 0.0], "k_pid_vsp": [266.15296240627384, 201.973813360488, 1e-06]}, "datetime": {"datetime": "2025-08-20 14:54:55", "elapsed": 10950.30404138565, "delta": 18.499787092208862}, "costs": {"total_cost": 173.08981830458256, "time_cost": 70.68, "final_distance_cost": 1.8315164832480177, "oscillation_cost": 25.60645802072956, "completition_cost": 0.0, "overshoot_cost": 51.222206230153915, "power_cost": 12.117617687988282, "noise_cost": 11.632019882462778, "n_waypoints_completed": 9, "tot_waypoints": 9}}
{"target": -172.98225876026842, "params": {"k_pid_pos": [1.7635975594834195, 0.0, 0.9156658480698001], "k_pid_alt": [1.812852535282427, 0.0, 0.0], "k_pid_att": [49.20755428840975, 0.0001, 0.9862456630168187], "k_pid_yaw": [0.5, 1e-06, 0.1], "k_pid_hsp": [0.13653296768963014, 0.0, 0.0], "k_pid_vsp": [279.74924689723946, 326.8647478662615, 1e-06]}, "datetime": {"datetime": "2025-08-20 14:55:13", "elapsed": 10968.21560716629, "delta": 17.91156578063965}, "costs": {"total_cost": 172.98225876026842, "time_cost": 70.08800000000001, "final_distance_cost": 1.8425657808691749, "oscillation_cost": 26.950485960293207, "completition_cost": 0.0, "overshoot_cost": 50.19645269228711, "power_cost": 12.34581317138672, "noise_cost": 11.558941155432196, "n_waypoints_completed": 9, "tot_waypoints": 9}}
{"target": -174.35646829387153, "params": {"k_pid_pos": [1.4335062958487836, 0.0, 0.8282576755661905], "k_pid_alt": [2.0, 0.0, 0.0], "k_pid_att": [63.496569251633915, 0.0001, 0.3399961350629833], "k_pid_yaw": [0.5, 1e-06, 0.1], "k_pid_hsp": [0.17150642977392497, 0.0, 0.0], "k_pid_vsp": [251.83295640030113, 277.6121391515659, 1e-06]}, "datetime": {"datetime": "2025-08-20 14:55:29", "elapsed": 10984.069993257523, "delta": 15.8543860912323}, "costs": {"total_cost": 174.35646829387153, "time_cost": 70.96000000000001, "final_distance_cost": 1.8378777724765898, "oscillation_cost": 26.461239405991456, "completition_cost": 0.0, "overshoot_cost": 51.12892898862375, "power_cost": 12.330824072265626, "noise_cost": 11.637598054514125, "n_waypoints_completed": 9, "tot_waypoints": 9}}
{"target": -173.07810563958787, "params": {"k_pid_pos": [1.648178087226543, 0.0, 0.7948028616681917], "k_pid_alt": [1.882360508930208, 0.0, 0.0], "k_pid_att": [33.0991013070666, 0.0001, 0.2709237372583255], "k_pid_yaw": [0.5, 1e-06, 0.1], "k_pid_hsp": [0.12744201731733218, 0.0, 0.0], "k_pid_vsp": [300.2460972105077, 295.212840565992, 1e-06]}, "datetime": {"datetime": "2025-08-20 14:55:44", "elapsed": 10999.496929168701, "delta": 15.426935911178589}, "costs": {"total_cost": 173.07810563958787, "time_cost": 70.16, "final_distance_cost": 1.8157203683061447, "oscillation_cost": 26.68278802299858, "completition_cost": 0.0, "overshoot_cost": 50.84854576719118, "power_cost": 12.162508374023439, "noise_cost": 11.408543107068505, "n_waypoints_completed": 9, "tot_waypoints": 9}}
{"target": -1195.3331810345446, "params": {"k_pid_pos": [1.6031823304758874, 0.0, 0.8770213067088488], "k_pid_alt": [1.7503777026863805, 0.0, 0.0], "k_pid_att": [36.44172947281319, 0.0001, 0.5810833484767359], "k_pid_yaw": [0.5, 1e-06, 0.1], "k_pid_hsp": [0.0001, 0.0, 0.0], "k_pid_vsp": [265.41465472634343, 312.3329715343217, 1e-06]}, "datetime": {"datetime": "2025-08-20 14:56:07", "elapsed": 11021.887040615082, "delta": 22.390111446380615}, "costs": {"total_cost": 1195.3331810345446, "time_cost": 150, "final_distance_cost": 46.73320107129384, "oscillation_cost": 0.004733198877209882, "completition_cost": 888.8888888888888, "overshoot_cost": 83.9131771162942, "power_cost": 12.835689624023438, "noise_cost": 12.957491135167157, "n_waypoints_completed": 1, "tot_waypoints": 9}}
{"target": -172.15493079632532, "params": {"k_pid_pos": [1.8139993998388206, 0.0, 0.9897788537102292], "k_pid_alt": [1.7158457099147737, 0.0, 0.0], "k_pid_att": [36.49296465518989, 0.0001, 0.48927518398222913], "k_pid_yaw": [0.5, 1e-06, 0.1], "k_pid_hsp": [0.15276012284840468, 0.0, 0.0], "k_pid_vsp": [306.7372294715401, 255.53531742841716, 1e-06]}, "datetime": {"datetime": "2025-08-20 14:56:22", "elapsed": 11037.472663879395, "delta": 15.585623264312744}, "costs": {"total_cost": 172.15493079632532, "time_cost": 70.168, "final_distance_cost": 1.8288164501320958, "oscillation_cost": 26.922975230923033, "completition_cost": 0.0, "overshoot_cost": 50.0551716818894, "power_cost": 11.825411767578126, "noise_cost": 11.354555665802671, "n_waypoints_completed": 9, "tot_waypoints": 9}}
{"target": -173.78003659127, "params": {"k_pid_pos": [2.0, 0.00139783092648923, 0.795559071377292], "k_pid_alt": [1.9972328982502834, 0.0, 0.0], "k_pid_att": [44.53438856155881, 0.0001, 0.2688210057994294], "k_pid_yaw": [0.5, 1e-06, 0.1], "k_pid_hsp": [0.14309326579830578, 0.0, 0.0], "k_pid_vsp": [298.3274374453207, 300.5575479835292, 1e-06]}, "datetime": {"datetime": "2025-08-20 14:56:38", "elapsed": 11052.82335782051, "delta": 15.350693941116333}, "costs": {"total_cost": 173.78003659127, "time_cost": 69.84, "final_distance_cost": 1.8091935862369974, "oscillation_cost": 28.496457012310252, "completition_cost": 0.0, "overshoot_cost": 50.42747327340934, "power_cost": 11.90157841796875, "noise_cost": 11.30533430134467, "n_waypoints_completed": 9, "tot_waypoints": 9}}
{"target": -172.99251953656486, "params": {"k_pid_pos": [1.5632163955024607, 0.0, 0.861132406703827], "k_pid_alt": [2.0, 0.0, 0.0], "k_pid_att": [49.18186108758296, 0.0001, 0.2585655267111735], "k_pid_yaw": [0.5, 1e-06, 0.1], "k_pid_hsp": [0.13538264529969615, 0.0, 0.0], "k_pid_vsp": [264.9070757014173, 271.18930683778547, 1e-06]}, "datetime": {"datetime": "2025-08-20 14:56:54", "elapsed": 11069.267247200012, "delta": 16.443889379501343}, "costs": {"total_cost": 172.99251953656486, "time_cost": 70.68, "final_distance_cost": 1.8332102369256063, "oscillation_cost": 26.47676599031088, "completition_cost": 0.0, "overshoot_cost": 50.48088744409222, "power_cost": 12.005202990722657, "noise_cost": 11.51645287451348, "n_waypoints_completed": 9, "tot_waypoints": 9}}
{"target": -1195.0194564557464, "params": {"k_pid_pos": [1.5689538556630407, 0.0, 0.803618071781137], "k_pid_alt": [1.9539336650595198, 0.0, 0.0], "k_pid_att": [39.78314363688585, 0.0001, 0.30810331661984064], "k_pid_yaw": [0.5, 1e-06, 0.1], "k_pid_hsp": [0.0001, 0.0, 0.0], "k_pid_vsp": [277.84609100231506, 98.0311982461472, 1e-06]}, "datetime": {"datetime": "2025-08-20 14:57:18", "elapsed": 11093.175524950027, "delta": 23.90827775001526}, "costs": {"total_cost": 1195.0194564557464, "time_cost": 150, "final_distance_cost": 46.71470792237183, "oscillation_cost": 0.005415294614965436, "completition_cost": 888.8888888888888, "overshoot_cost": 83.69773505049791, "power_cost": 12.792516955566407, "noise_cost": 12.920192343806546, "n_waypoints_completed": 1, "tot_waypoints": 9}}
{"target": -174.5256506732034, "params": {"k_pid_pos": [1.5947647064612827, 0.0, 0.7822412348879428], "k_pid_alt": [1.7563816686650426, 0.0, 0.0], "k_pid_att": [63.920953176492816, 0.0001, 0.2129547152999951], "k_pid_yaw": [0.5, 1e-06, 0.1], "k_pid_hsp": [0.17700200284387632, 0.0, 0.0], "k_pid_vsp": [288.1340131135025, 283.5782353852334, 1e-06]}, "datetime": {"datetime": "2025-08-20 14:57:35", "elapsed": 11109.83698964119, "delta": 16.66146469116211}, "costs": {"total_cost": 174.5256506732034, "time_cost": 70.32000000000001, "final_distance_cost": 1.8370655669838991, "oscillation_cost": 28.03922400047269, "completition_cost": 0.0, "overshoot_cost": 50.95319059545963, "power_cost": 11.889970422363282, "noise_cost": 11.486200087923873, "n_waypoints_completed": 9, "tot_waypoints": 9}}
{"target": -173.12025876513732, "params": {"k_pid_pos": [1.7825302855894711, 0.0, 0.8792763098821569], "k_pid_alt": [1.8820135884365603, 0.0, 0.0], "k_pid_att": [35.29896555869788, 0.0001, 0.24333671082895192], "k_pid_yaw": [0.5, 1e-06, 0.1], "k_pid_hsp": [0.10722503553658516, 0.0, 0.0], "k_pid_vsp": [300.1261074473831, 350.727606486318, 1e-06]}, "datetime": {"datetime": "2025-08-20 14:57:51", "elapsed": 11125.733647823334, "delta": 15.896658182144165}, "costs": {"total_cost": 173.12025876513732, "time_cost": 70.008, "final_distance_cost": 1.83077000072631, "oscillation_cost": 26.961267337354954, "completition_cost": 0.0, "overshoot_cost": 50.83564677287576, "power_cost": 12.151567053222657, "noise_cost": 11.333007600957655, "n_waypoints_completed": 9, "tot_waypoints": 9}}
{"target": -174.8444423710996, "params": {"k_pid_pos": [1.60824222903782, 0.0, 0.985138853813293], "k_pid_alt": [1.9749351460933766, 0.0, 0.0], "k_pid_att": [29.7822348947169, 0.0001, 0.07656535415409643], "k_pid_yaw": [0.5, 1e-06, 0.1], "k_pid_hsp": [0.20545938099531386, 0.0, 0.0], "k_pid_vsp": [261.29329337833724, 261.3896655514443, 1e-06]}, "datetime": {"datetime": "2025-08-20 14:58:07", "elapsed": 11142.062946557999, "delta": 16.329298734664917}, "costs": {"total_cost": 174.8444423710996, "time_cost": 70.712, "final_distance_cost": 1.8379400522798144, "oscillation_cost": 29.050797452631596, "completition_cost": 0.0, "overshoot_cost": 49.684184898510246, "power_cost": 12.011234912109376, "noise_cost": 11.54828505556856, "n_waypoints_completed": 9, "tot_waypoints": 9}}
{"target": -172.43330266043753, "params": {"k_pid_pos": [1.5144309590395748, 0.0, 0.8088927019423913], "k_pid_alt": [2.0, 0.0, 0.0], "k_pid_att": [48.020125980955456, 0.0001, 0.44958237052967054], "k_pid_yaw": [0.5, 1e-06, 0.1], "k_pid_hsp": [0.08412130549581234, 0.0, 0.0], "k_pid_vsp": [250.40446373108728, 289.72465278103437, 1e-06]}, "datetime": {"datetime": "2025-08-20 14:58:24", "elapsed": 11158.6985206604, "delta": 16.635574102401733}, "costs": {"total_cost": 172.43330266043753, "time_cost": 70.68, "final_distance_cost": 1.808866447013977, "oscillation_cost": 25.522711213232263, "completition_cost": 0.0, "overshoot_cost": 51.299398788542874, "power_cost": 11.848672375488281, "noise_cost": 11.273653836160117, "n_waypoints_completed": 9, "tot_waypoints": 9}}
{"target": -172.33364863695004, "params": {"k_pid_pos": [1.5231986372458461, 0.0, 0.8337424612490105], "k_pid_alt": [2.0, 0.0, 0.0], "k_pid_att": [46.646833115218406, 0.0001, 0.2374153387862506], "k_pid_yaw": [0.5, 1e-06, 0.1], "k_pid_hsp": [0.09250257385357091, 0.0, 0.0], "k_pid_vsp": [267.8063432650305, 241.69259888960772, 1e-06]}, "datetime": {"datetime": "2025-08-20 14:58:41", "elapsed": 11176.440061092377, "delta": 17.74154043197632}, "costs": {"total_cost": 172.33364863695004, "time_cost": 70.768, "final_distance_cost": 1.8061041063648946, "oscillation_cost": 25.221792339745694, "completition_cost": 0.0, "overshoot_cost": 51.305397320213515, "power_cost": 11.82657421875, "noise_cost": 11.40578065187593, "n_waypoints_completed": 9, "tot_waypoints": 9}}
{"target": -173.65448562091683, "params": {"k_pid_pos": [1.4705010541097367, 0.0, 0.8750478328999644], "k_pid_alt": [1.5245453947151733, 0.0, 0.0], "k_pid_att": [46.37116448618023, 0.0001, 0.41094026639385395], "k_pid_yaw": [0.5, 1e-06, 0.1], "k_pid_hsp": [0.07429596618566672, 0.0, 0.0], "k_pid_vsp": [304.631508017694, 164.74682997611814, 1e-06]}, "datetime": {"datetime": "2025-08-20 14:58:59", "elapsed": 11194.132425546646, "delta": 17.69236445426941}, "costs": {"total_cost": 173.65448562091683, "time_cost": 71.296, "final_distance_cost": 1.7985632122897601, "oscillation_cost": 24.606717151067855, "completition_cost": 0.0, "overshoot_cost": 52.565147744804975, "power_cost": 11.793826867675781, "noise_cost": 11.594230645078454, "n_waypoints_completed": 9, "tot_waypoints": 9}}
{"target": -172.17830739998794, "params": {"k_pid_pos": [1.5702374280456433, 0.0, 0.8588615222433409], "k_pid_alt": [1.81528054809612, 0.0, 0.0], "k_pid_att": [40.763698782422374, 0.0001, 0.31182600933589], "k_pid_yaw": [0.5, 1e-06, 0.1], "k_pid_hsp": [0.11430986129343636, 0.0, 0.0], "k_pid_vsp": [283.3413252374568, 219.2612406966209, 1e-06]}, "datetime": {"datetime": "2025-08-20 14:59:17", "elapsed": 11211.781772375107, "delta": 17.649346828460693}, "costs": {"total_cost": 172.17830739998794, "time_cost": 70.44, "final_distance_cost": 1.827911205206508, "oscillation_cost": 25.791751816760755, "completition_cost": 0.0, "overshoot_cost": 50.876474331075286, "power_cost": 11.904422729492188, "noise_cost": 11.33774731745323, "n_waypoints_completed": 9, "tot_waypoints": 9}}
{"target": -1195.2050155954737, "params": {"k_pid_pos": [1.6242842523944923, 0.0, 0.986787832580333], "k_pid_alt": [1.067594311754053, 0.0, 0.0], "k_pid_att": [51.78754243421174, 0.0001, 0.4906135923825896], "k_pid_yaw": [0.5, 1e-06, 0.1], "k_pid_hsp": [0.0001, 0.0, 0.0], "k_pid_vsp": [278.3247788454698, 235.4026324566028, 1e-06]}, "datetime": {"datetime": "2025-08-20 14:59:44", "elapsed": 11238.828071594238, "delta": 27.04629921913147}, "costs": {"total_cost": 1195.2050155954737, "time_cost": 150, "final_distance_cost": 46.74189481763846, "oscillation_cost": 0.005335994727509546, "completition_cost": 888.8888888888888, "overshoot_cost": 83.89663772521548, "power_cost": 12.768026843261719, "noise_cost": 12.904231325741867, "n_waypoints_completed": 1, "tot_waypoints": 9}}
{"target": -1195.8716993379403, "params": {"k_pid_pos": [1.802325251828811, 0.0, 0.8815707726691945], "k_pid_alt": [1.2494000484071501, 0.0, 0.06266926623461117], "k_pid_att": [46.31797879406356, 0.0001, 0.29516848041299637], "k_pid_yaw": [0.5, 1e-06, 0.1], "k_pid_hsp": [0.0001, 0.0, 0.0], "k_pid_vsp": [263.9029025724144, 67.4618825251454, 1e-06]}, "datetime": {"datetime": "2025-08-20 15:00:10", "elapsed": 11265.195276021957, "delta": 26.367204427719116}, "costs": {"total_cost": 1195.8716993379403, "time_cost": 150, "final_distance_cost": 46.83818802652694, "oscillation_cost": 0.007672820969192307, "completition_cost": 888.8888888888888, "overshoot_cost": 84.41703407178927, "power_cost": 12.790270422363282, "noise_cost": 12.929645107402786, "n_waypoints_completed": 1, "tot_waypoints": 9}}
{"target": -172.90647950581095, "params": {"k_pid_pos": [1.6421666442461413, 0.0, 0.8382540128910969], "k_pid_alt": [1.2389224323504973, 0.0, 0.0], "k_pid_att": [41.21043811788258, 0.0001, 0.32887649079777476], "k_pid_yaw": [0.5, 1e-06, 0.1], "k_pid_hsp": [0.12083858654591915, 0.0008360450479148508, 0.0], "k_pid_vsp": [289.0508517488255, 242.33807374190303, 1e-06]}, "datetime": {"datetime": "2025-08-20 15:00:28", "elapsed": 11283.18758392334, "delta": 17.992307901382446}, "costs": {"total_cost": 172.90647950581095, "time_cost": 70.08800000000001, "final_distance_cost": 1.8376143113692756, "oscillation_cost": 27.31168067553588, "completition_cost": 0.0, "overshoot_cost": 50.79521565719426, "power_cost": 11.620658789062501, "noise_cost": 11.253310072649006, "n_waypoints_completed": 9, "tot_waypoints": 9}}
{"target": -173.04043806196248, "params": {"k_pid_pos": [1.39082585166918, 0.0016215377137876255, 1.0], "k_pid_alt": [2.0, 0.0, 0.0], "k_pid_att": [41.05185004164913, 0.0001, 0.3806173186691226], "k_pid_yaw": [0.5, 1e-06, 0.1], "k_pid_hsp": [0.08899398319277443, 0.0, 0.0], "k_pid_vsp": [273.4085489264169, 219.49654244240543, 1e-06]}, "datetime": {"datetime": "2025-08-20 15:00:47", "elapsed": 11301.67778301239, "delta": 18.490199089050293}, "costs": {"total_cost": 173.04043806196248, "time_cost": 71.808, "final_distance_cost": 1.8353641379807695, "oscillation_cost": 24.068877641196174, "completition_cost": 0.0, "overshoot_cost": 51.88079954309992, "power_cost": 11.908019018554688, "noise_cost": 11.539377721130915, "n_waypoints_completed": 9, "tot_waypoints": 9}}
{"target": -172.64580518046927, "params": {"k_pid_pos": [1.3869878733307226, 0.0, 0.7057229408358474], "k_pid_alt": [1.8328676125685683, 0.0, 0.0], "k_pid_att": [7.070719938800121, 0.0001, 0.2712765269826375], "k_pid_yaw": [0.5, 1e-06, 0.1], "k_pid_hsp": [0.1345875297390372, 0.0, 0.0], "k_pid_vsp": [180.56834929567975, 256.5026464873161, 1e-06]}, "datetime": {"datetime": "2025-08-20 15:01:03", "elapsed": 11318.153373718262, "delta": 16.475590705871582}, "costs": {"total_cost": 172.64580518046927, "time_cost": 70.328, "final_distance_cost": 1.8327979124028069, "oscillation_cost": 26.026764772908763, "completition_cost": 0.0, "overshoot_cost": 51.118188111554666, "power_cost": 11.956501501464844, "noise_cost": 11.383552882138156, "n_waypoints_completed": 9, "tot_waypoints": 9}}
{"target": -173.00065841702752, "params": {"k_pid_pos": [1.4672227111828426, 0.0, 0.734187737080652], "k_pid_alt": [2.0, 0.0, 0.0], "k_pid_att": [41.18533849492455, 0.0001, 0.22442816538006052], "k_pid_yaw": [0.5, 1e-06, 0.1], "k_pid_hsp": [0.06969486281613374, 0.0, 0.0], "k_pid_vsp": [237.67723162328298, 243.62693091265214, 1e-06]}, "datetime": {"datetime": "2025-08-20 15:01:20", "elapsed": 11334.771124839783, "delta": 16.617751121520996}, "costs": {"total_cost": 173.00065841702752, "time_cost": 71.104, "final_distance_cost": 1.7988316003522002, "oscillation_cost": 24.820097146790655, "completition_cost": 0.0, "overshoot_cost": 52.34406222170054, "power_cost": 11.581676989746095, "noise_cost": 11.351990458438017, "n_waypoints_completed": 9, "tot_waypoints": 9}}
{"target": -175.5713092385694, "params": {"k_pid_pos": [1.7082404527688435, 0.0, 0.7896345713605424], "k_pid_alt": [2.0, 0.0, 0.0], "k_pid_att": [27.196212773481825, 0.0001, 0.6119668655775963], "k_pid_yaw": [0.5, 1e-06, 0.1], "k_pid_hsp": [0.04672231967815829, 0.0, 0.0], "k_pid_vsp": [284.883066214102, 248.06648522283763, 1e-06]}, "datetime": {"datetime": "2025-08-20 15:01:37", "elapsed": 11351.607559919357, "delta": 16.836435079574585}, "costs": {"total_cost": 175.5713092385694, "time_cost": 73.44800000000001, "final_distance_cost": 1.7844899070346207, "oscillation_cost": 22.160792874449648, "completition_cost": 0.0, "overshoot_cost": 54.43985074030608, "power_cost": 11.976371630859376, "noise_cost": 11.761804085919655, "n_waypoints_completed": 9, "tot_waypoints": 9}}
