{"target": -404.69439896969845, "params": {"k_pid_pos": [1.8287233585019649, 0.0, 0.9513927670009285], "k_pid_alt": [1.423400808820277, 0.0, 0.0], "k_pid_att": [35.43118861082314, 0.0001, 0.6288169596024946], "k_pid_yaw": [0.5, 1e-06, 0.1], "k_pid_hsp": [0.019521334700809717, 0.0, 0.0], "k_pid_vsp": [301.43618566613804, 341.85585362929123, 1e-06]}, "datetime": {"datetime": "2025-08-20 14:18:49", "elapsed": 8783.675602912903, "delta": 24.578624725341797}, "costs": {"total_cost": 404.69439896969845, "time_cost": 150, "final_distance_cost": 34.895091800526274, "oscillation_cost": 11.643926887315292, "completition_cost": 111.11111111111116, "overshoot_cost": 67.73210866647212, "power_cost": 15.230554736328125, "noise_cost": 14.08160576794545, "n_waypoints_completed": 8, "tot_waypoints": 9}}
{"target": -543.1099325033448, "params": {"k_pid_pos": [1.8494349454454602, 0.0, 0.8332869317499465], "k_pid_alt": [1.4652405499552492, 0.0, 0.0], "k_pid_att": [48.375802459943166, 0.0001, 0.4411333983403113], "k_pid_yaw": [0.5, 1e-06, 0.1], "k_pid_hsp": [0.016961299187543466, 0.0, 0.0], "k_pid_vsp": [316.3427881208318, 330.49362872832205, 1e-06]}, "datetime": {"datetime": "2025-08-20 14:19:16", "elapsed": 8811.211414337158, "delta": 27.53581142425537}, "costs": {"total_cost": 543.1099325033448, "time_cost": 150, "final_distance_cost": 69.18240521396483, "oscillation_cost": 10.004054772730484, "completition_cost": 222.2222222222222, "overshoot_cost": 62.84849625200142, "power_cost": 15.205801867675781, "noise_cost": 13.646952174750176, "n_waypoints_completed": 7, "tot_waypoints": 9}}
{"target": -173.3558616729192, "params": {"k_pid_pos": [1.4188894111538781, 0.029725417122555643, 0.9674998427789547], "k_pid_alt": [1.2301786791300158, 0.0, 0.0], "k_pid_att": [33.54828311980082, 0.0001, 0.37021287739119124], "k_pid_yaw": [0.5, 1e-06, 0.1], "k_pid_hsp": [0.13168196823491224, 0.0004342503743150015, 0.0], "k_pid_vsp": [253.12174976439115, 284.7908908934615, 1e-06]}, "datetime": {"datetime": "2025-08-20 14:19:36", "elapsed": 8831.544222831726, "delta": 20.33280849456787}, "costs": {"total_cost": 173.3558616729192, "time_cost": 71.656, "final_distance_cost": 1.8437803194369549, "oscillation_cost": 26.24287503468103, "completition_cost": 0.0, "overshoot_cost": 50.16495658205827, "power_cost": 11.887364440917969, "noise_cost": 11.56088529582495, "n_waypoints_completed": 9, "tot_waypoints": 9}}
{"target": -173.0422637434012, "params": {"k_pid_pos": [1.7414742914514671, 0.0, 0.9366618963106653], "k_pid_alt": [1.5224494455302873, 0.0, 0.0], "k_pid_att": [44.161204804930215, 0.0001, 0.532905207304492], "k_pid_yaw": [0.5, 1e-06, 0.1], "k_pid_hsp": [0.1561780898444382, 0.005332760006091567, 0.0], "k_pid_vsp": [300.08081370796344, 359.97678710020955, 1e-06]}, "datetime": {"datetime": "2025-08-20 14:19:54", "elapsed": 8849.37328505516, "delta": 17.82906222343445}, "costs": {"total_cost": 173.0422637434012, "time_cost": 69.664, "final_distance_cost": 1.83029736566629, "oscillation_cost": 27.830053271428376, "completition_cost": 0.0, "overshoot_cost": 50.12109594666239, "power_cost": 12.154643029785158, "noise_cost": 11.442174129859024, "n_waypoints_completed": 9, "tot_waypoints": 9}}
{"target": -176.9429697691794, "params": {"k_pid_pos": [1.6514973201699588, 0.0, 0.9657842005781353], "k_pid_alt": [1.3342304906793496, 0.0, 0.0], "k_pid_att": [0.30224145725189544, 0.0001, 0.35850859889615827], "k_pid_yaw": [0.5, 1e-06, 0.1], "k_pid_hsp": [0.19707587083749137, 0.000304811811165008, 0.0], "k_pid_vsp": [342.03304453033394, 218.07413354699878, 1e-06]}, "datetime": {"datetime": "2025-08-20 14:20:12", "elapsed": 8867.046274662018, "delta": 17.6729896068573}, "costs": {"total_cost": 176.9429697691794, "time_cost": 73.28, "final_distance_cost": 1.801631212353588, "oscillation_cost": 21.938139778875186, "completition_cost": 0.0, "overshoot_cost": 56.3581567411112, "power_cost": 11.967727172851562, "noise_cost": 11.59731486398786, "n_waypoints_completed": 9, "tot_waypoints": 9}}
{"target": -173.28185640407756, "params": {"k_pid_pos": [1.7655797659685843, 0.0, 0.919725409103916], "k_pid_alt": [1.5837639280148024, 0.0, 0.0], "k_pid_att": [42.5999842453569, 0.0001, 0.4160199748068492], "k_pid_yaw": [0.5, 1e-06, 0.1], "k_pid_hsp": [0.15461888974093901, 0.0, 0.0], "k_pid_vsp": [338.12617994630136, 309.904055749248, 1e-06]}, "datetime": {"datetime": "2025-08-20 14:20:29", "elapsed": 8884.130831718445, "delta": 17.084557056427002}, "costs": {"total_cost": 173.28185640407756, "time_cost": 69.912, "final_distance_cost": 1.8301209467006823, "oscillation_cost": 27.216071130879584, "completition_cost": 0.0, "overshoot_cost": 50.4460803517796, "power_cost": 12.284653186035158, "noise_cost": 11.592930788682542, "n_waypoints_completed": 9, "tot_waypoints": 9}}
{"target": -173.02892667473995, "params": {"k_pid_pos": [1.761866350911746, 0.0, 0.9958123416708102], "k_pid_alt": [1.3459324290027002, 0.0, 0.0], "k_pid_att": [34.931761951531584, 0.0001, 0.3427666623531082], "k_pid_yaw": [0.5, 1e-06, 0.1], "k_pid_hsp": [0.08758929694354164, 0.0, 0.0], "k_pid_vsp": [324.5636486774556, 394.5439530941233, 1e-06]}, "datetime": {"datetime": "2025-08-20 14:20:46", "elapsed": 8900.603446483612, "delta": 16.472614765167236}, "costs": {"total_cost": 173.02892667473995, "time_cost": 70.488, "final_distance_cost": 1.8280727833989845, "oscillation_cost": 26.565981444983148, "completition_cost": 0.0, "overshoot_cost": 51.00196224257372, "power_cost": 11.844913366699219, "noise_cost": 11.299996837084885, "n_waypoints_completed": 9, "tot_waypoints": 9}}
{"target": -1195.5569371024299, "params": {"k_pid_pos": [1.6933410893941614, 0.0, 0.9958660289240792], "k_pid_alt": [1.4692497470033365, 0.0, 0.0], "k_pid_att": [42.539214167910984, 0.6047178957760967, 0.18985066401327427], "k_pid_yaw": [0.5, 1e-06, 0.1], "k_pid_hsp": [0.0001, 0.0, 0.0], "k_pid_vsp": [305.5199848629198, 291.23189753105237, 1e-06]}, "datetime": {"datetime": "2025-08-20 14:21:11", "elapsed": 8925.866307497025, "delta": 25.262861013412476}, "costs": {"total_cost": 1195.5569371024299, "time_cost": 150, "final_distance_cost": 46.77888550371227, "oscillation_cost": 0.06470480566401268, "completition_cost": 888.8888888888888, "overshoot_cost": 84.12988337373423, "power_cost": 12.782023461914063, "noise_cost": 12.912551068516363, "n_waypoints_completed": 1, "tot_waypoints": 9}}
{"target": -173.27077325426328, "params": {"k_pid_pos": [1.7014690968622905, 0.0, 0.993728954402649], "k_pid_alt": [1.5380781650453574, 0.0, 0.0], "k_pid_att": [31.492402463464686, 0.0001, 0.629734898368868], "k_pid_yaw": [0.5, 1e-06, 0.1], "k_pid_hsp": [0.13393252870497427, 0.0, 0.0], "k_pid_vsp": [291.6119766508564, 309.9985612664291, 1e-06]}, "datetime": {"datetime": "2025-08-20 14:21:28", "elapsed": 8943.28928232193, "delta": 17.422974824905396}, "costs": {"total_cost": 173.27077325426328, "time_cost": 70.104, "final_distance_cost": 1.8353148979220923, "oscillation_cost": 26.9388053907018, "completition_cost": 0.0, "overshoot_cost": 50.776073321611, "power_cost": 12.071303186035157, "noise_cost": 11.545276457993218, "n_waypoints_completed": 9, "tot_waypoints": 9}}
{"target": -173.31438155042804, "params": {"k_pid_pos": [1.8597939964454737, 0.0, 1.0], "k_pid_alt": [1.4219289954693644, 0.0, 0.0], "k_pid_att": [32.82051021139266, 0.0001, 0.4615787105253515], "k_pid_yaw": [0.5, 1e-06, 0.1], "k_pid_hsp": [0.12212232759920474, 0.0, 0.0], "k_pid_vsp": [283.1166283776422, 326.95195922448636, 1e-06]}, "datetime": {"datetime": "2025-08-20 14:21:44", "elapsed": 8959.150760173798, "delta": 15.861477851867676}, "costs": {"total_cost": 173.31438155042804, "time_cost": 69.84, "final_distance_cost": 1.8242920354248178, "oscillation_cost": 27.504243288693175, "completition_cost": 0.0, "overshoot_cost": 50.84203766218902, "power_cost": 11.937190161132813, "noise_cost": 11.366618402988214, "n_waypoints_completed": 9, "tot_waypoints": 9}}
{"target": -996.463568771509, "params": {"k_pid_pos": [1.5393403991858619, 0.0, 1.0], "k_pid_alt": [1.259738357650246, 0.0, 0.0], "k_pid_att": [0.0, 0.0001, 0.36025647163857155], "k_pid_yaw": [0.5, 1e-06, 0.1], "k_pid_hsp": [0.17332027739150108, 0.0, 0.0], "k_pid_vsp": [326.5418265442319, 199.14117478073175, 1e-06]}, "datetime": {"datetime": "2025-08-20 14:22:07", "elapsed": 8982.085618495941, "delta": 22.934858322143555}, "costs": {"total_cost": 996.463568771509, "time_cost": 150, "final_distance_cost": 78.71884349098279, "oscillation_cost": 3.14227003190663, "completition_cost": 666.6666666666667, "overshoot_cost": 71.1423794191517, "power_cost": 13.625904785156251, "noise_cost": 13.167504377644926, "n_waypoints_completed": 3, "tot_waypoints": 9}}
{"target": -1195.0199654877622, "params": {"k_pid_pos": [1.547068360078509, 0.0, 0.9081698175251433], "k_pid_alt": [2.0, 0.0, 0.0024346361190277534], "k_pid_att": [23.73408834036581, 0.0001, 0.7597274958578744], "k_pid_yaw": [0.5, 1e-06, 0.1], "k_pid_hsp": [0.0001, 0.0, 0.0], "k_pid_vsp": [283.3361444234821, 400.0, 1e-06]}, "datetime": {"datetime": "2025-08-20 14:22:30", "elapsed": 9005.08676481247, "delta": 23.00114631652832}, "costs": {"total_cost": 1195.0199654877622, "time_cost": 150, "final_distance_cost": 46.696098471020086, "oscillation_cost": 0.003940127471815323, "completition_cost": 888.8888888888888, "overshoot_cost": 83.66947442114164, "power_cost": 12.823204870605469, "noise_cost": 12.938358708634468, "n_waypoints_completed": 1, "tot_waypoints": 9}}
{"target": -1222.0625138135197, "params": {"k_pid_pos": [1.5060828920121918, 0.0, 1.0], "k_pid_alt": [1.0189183539823048, 0.0, 0.0], "k_pid_att": [38.54848465931635, 0.0001, 0.31591289074213547], "k_pid_yaw": [0.5, 1e-06, 0.1], "k_pid_hsp": [0.0001, 0.0006975895702393728, 0.0], "k_pid_vsp": [335.7705158220405, 247.15345290099123, 1e-06]}, "datetime": {"datetime": "2025-08-20 14:22:53", "elapsed": 9028.421250581741, "delta": 23.33448576927185}, "costs": {"total_cost": 1222.0625138135197, "time_cost": 150, "final_distance_cost": 63.96039720455059, "oscillation_cost": 0.03261089160187036, "completition_cost": 888.8888888888888, "overshoot_cost": 93.50835601197114, "power_cost": 12.7698818359375, "noise_cost": 12.90237898056988, "n_waypoints_completed": 1, "tot_waypoints": 9}}
{"target": -6458.250507360175, "params": {"k_pid_pos": [1.7710898113300284, 0.0, 0.9804685692494641], "k_pid_alt": [1.4540351993084215, 0.0, 0.05736778250158869], "k_pid_att": [0.0, 0.0001, 0.0], "k_pid_yaw": [0.5, 1e-06, 0.1], "k_pid_hsp": [0.14110856507845182, 0.0, 0.0], "k_pid_vsp": [361.2935934224687, 52.533050389514244, 1e-06]}, "datetime": {"datetime": "2025-08-20 14:23:19", "elapsed": 9053.727982997894, "delta": 25.306732416152954}, "costs": {"total_cost": 6458.250507360175, "time_cost": 150, "final_distance_cost": 896.421423162817, "oscillation_cost": 12.314260164805392, "completition_cost": 1000.0, "overshoot_cost": 4331.757139999956, "power_cost": 25.645857446289064, "noise_cost": 42.111826586306925, "n_waypoints_completed": 0, "tot_waypoints": 9}}
{"target": -172.78144274495784, "params": {"k_pid_pos": [1.7461769469245136, 0.0, 0.9758342932733796], "k_pid_alt": [1.26688047313275, 0.0, 0.0], "k_pid_att": [34.1082808527628, 0.0001, 0.5059530025365462], "k_pid_yaw": [0.5, 1e-06, 0.1], "k_pid_hsp": [0.0884471405186661, 0.002070350601779202, 0.0], "k_pid_vsp": [306.8726653869456, 326.30022728664676, 1e-06]}, "datetime": {"datetime": "2025-08-20 14:23:35", "elapsed": 9069.823348999023, "delta": 16.09536600112915}, "costs": {"total_cost": 172.78144274495784, "time_cost": 70.4, "final_distance_cost": 1.8275903368744988, "oscillation_cost": 26.71923200469594, "completition_cost": 0.0, "overshoot_cost": 50.45296509979579, "power_cost": 11.91686044921875, "noise_cost": 11.464794854372848, "n_waypoints_completed": 9, "tot_waypoints": 9}}
{"target": -173.21185162695173, "params": {"k_pid_pos": [1.4471785507951902, 0.0, 1.0], "k_pid_alt": [1.781460832136441, 0.0, 0.0], "k_pid_att": [31.99689952099534, 0.0001, 0.4323804595247541], "k_pid_yaw": [0.5, 1e-06, 0.1], "k_pid_hsp": [0.14831445345686525, 0.0, 0.0], "k_pid_vsp": [318.344289818865, 297.8718078807835, 1e-06]}, "datetime": {"datetime": "2025-08-20 14:23:52", "elapsed": 9086.803357124329, "delta": 16.980008125305176}, "costs": {"total_cost": 173.21185162695173, "time_cost": 71.488, "final_distance_cost": 1.8433837865354454, "oscillation_cost": 25.22535040574096, "completition_cost": 0.0, "overshoot_cost": 51.03329836515662, "power_cost": 11.998349145507813, "noise_cost": 11.623469924010923, "n_waypoints_completed": 9, "tot_waypoints": 9}}
{"target": -172.55056243905733, "params": {"k_pid_pos": [1.566768272492357, 0.0, 0.876253475390041], "k_pid_alt": [1.7961406399112907, 0.0, 0.0], "k_pid_att": [14.43825611477787, 0.0001, 0.31550023994278836], "k_pid_yaw": [0.5, 1e-06, 0.1], "k_pid_hsp": [0.1103493449458092, 7.857743507479632e-05, 0.0], "k_pid_vsp": [273.2127295594316, 303.8162295872795, 1e-06]}, "datetime": {"datetime": "2025-08-20 14:24:11", "elapsed": 9106.242090702057, "delta": 19.43873357772827}, "costs": {"total_cost": 172.55056243905733, "time_cost": 70.28, "final_distance_cost": 1.8328673885770406, "oscillation_cost": 26.026031716876503, "completition_cost": 0.0, "overshoot_cost": 51.13848426040083, "power_cost": 11.922366809082032, "noise_cost": 11.350812264120913, "n_waypoints_completed": 9, "tot_waypoints": 9}}
{"target": -187.70536815542513, "params": {"k_pid_pos": [1.6484931614427656, 0.0, 0.9866563809774848], "k_pid_alt": [1.9115823766135056, 0.0, 0.0], "k_pid_att": [22.721465646750072, 0.0001, 0.28250026660674177], "k_pid_yaw": [0.5, 1e-06, 0.1], "k_pid_hsp": [0.03134662067305959, 0.0, 0.0], "k_pid_vsp": [331.26787782920326, 351.48170302138715, 1e-06]}, "datetime": {"datetime": "2025-08-20 14:24:30", "elapsed": 9125.209577560425, "delta": 18.96748685836792}, "costs": {"total_cost": 187.70536815542513, "time_cost": 82.864, "final_distance_cost": 1.8040772519771875, "oscillation_cost": 16.72022697720362, "completition_cost": 0.0, "overshoot_cost": 59.8454308767258, "power_cost": 13.100590502929688, "noise_cost": 13.37104254658883, "n_waypoints_completed": 9, "tot_waypoints": 9}}
{"target": -748.8004998608844, "params": {"k_pid_pos": [1.5239860634997662, 0.0, 0.8943333825645745], "k_pid_alt": [1.6766947958483678, 0.0, 0.0], "k_pid_att": [57.4715245945186, 0.0001, 0.6601023797014951], "k_pid_yaw": [0.5, 1e-06, 0.1], "k_pid_hsp": [0.012099272656405959, 0.0, 0.0], "k_pid_vsp": [321.87768401773684, 306.326960950287, 1e-06]}, "datetime": {"datetime": "2025-08-20 14:24:53", "elapsed": 9148.380060195923, "delta": 23.170482635498047}, "costs": {"total_cost": 748.8004998608844, "time_cost": 150, "final_distance_cost": 54.264406833455716, "oscillation_cost": 5.668434935514052, "completition_cost": 444.4444444444444, "overshoot_cost": 64.79493306638606, "power_cost": 15.727672680664064, "noise_cost": 13.900607900420045, "n_waypoints_completed": 5, "tot_waypoints": 9}}
{"target": -173.2386444855558, "params": {"k_pid_pos": [1.621578031819566, 0.0, 1.0], "k_pid_alt": [1.442649103730079, 0.0, 0.0], "k_pid_att": [25.639031661223214, 0.0001, 0.3907837611199382], "k_pid_yaw": [0.5, 1e-06, 0.1], "k_pid_hsp": [0.1500941279403312, 0.0007323448020229617, 0.0], "k_pid_vsp": [357.2092056780393, 380.4780629142858, 1e-06]}, "datetime": {"datetime": "2025-08-20 14:25:10", "elapsed": 9164.711537122726, "delta": 16.33147692680359}, "costs": {"total_cost": 173.2386444855558, "time_cost": 70.352, "final_distance_cost": 1.8338848400601802, "oscillation_cost": 26.871694723473794, "completition_cost": 0.0, "overshoot_cost": 50.62983784621934, "power_cost": 12.012046704101563, "noise_cost": 11.539180371700928, "n_waypoints_completed": 9, "tot_waypoints": 9}}
{"target": -175.04180485982255, "params": {"k_pid_pos": [1.9891238492214358, 0.0, 1.0], "k_pid_alt": [1.5876864207479544, 0.0, 0.0], "k_pid_att": [20.887896650511827, 0.0001, 0.15505832517310275], "k_pid_yaw": [0.5, 1e-06, 0.1], "k_pid_hsp": [0.0664011273032683, 0.000637450938375974, 0.0], "k_pid_vsp": [331.3734238078518, 238.48973541301135, 1e-06]}, "datetime": {"datetime": "2025-08-20 14:25:26", "elapsed": 9180.945739030838, "delta": 16.234201908111572}, "costs": {"total_cost": 175.04180485982255, "time_cost": 70.8, "final_distance_cost": 1.8039250425318034, "oscillation_cost": 26.292675392293543, "completition_cost": 0.0, "overshoot_cost": 52.28533943804245, "power_cost": 12.232029858398437, "noise_cost": 11.627835128556328, "n_waypoints_completed": 9, "tot_waypoints": 9}}
{"target": -173.45778539478314, "params": {"k_pid_pos": [1.630364218280671, 0.0, 1.0], "k_pid_alt": [1.8642994486491706, 0.0, 0.0], "k_pid_att": [57.19261222275912, 0.0001, 0.29083162620182995], "k_pid_yaw": [0.5, 1e-06, 0.1], "k_pid_hsp": [0.1778538248985323, 0.0, 0.0], "k_pid_vsp": [283.4921920168925, 170.87977267790885, 1e-06]}, "datetime": {"datetime": "2025-08-20 14:25:42", "elapsed": 9197.162996530533, "delta": 16.217257499694824}, "costs": {"total_cost": 173.45778539478314, "time_cost": 70.896, "final_distance_cost": 1.8377319945807271, "oscillation_cost": 26.482022497917225, "completition_cost": 0.0, "overshoot_cost": 50.505391555151554, "power_cost": 12.083405712890626, "noise_cost": 11.653233634243007, "n_waypoints_completed": 9, "tot_waypoints": 9}}
{"target": -1195.3151556951948, "params": {"k_pid_pos": [1.609343383928479, 0.0, 0.979603727081375], "k_pid_alt": [1.5982692658863022, 0.0, 0.0], "k_pid_att": [4.844836252565173, 0.0001, 0.4143506858564898], "k_pid_yaw": [0.5, 1e-06, 0.1], "k_pid_hsp": [0.0001, 0.0, 0.0], "k_pid_vsp": [349.6679777477106, 400.0, 1e-06]}, "datetime": {"datetime": "2025-08-20 14:26:06", "elapsed": 9220.847829580307, "delta": 23.68483304977417}, "costs": {"total_cost": 1195.3151556951948, "time_cost": 150, "final_distance_cost": 46.73270557747609, "oscillation_cost": 0.0050124948407025745, "completition_cost": 888.8888888888888, "overshoot_cost": 83.91207269587989, "power_cost": 12.823838586425781, "noise_cost": 12.95263745168344, "n_waypoints_completed": 1, "tot_waypoints": 9}}
{"target": -173.0974097303694, "params": {"k_pid_pos": [1.6182410289783855, 0.0, 0.9239228747506542], "k_pid_alt": [1.5353425176594864, 0.0, 0.0], "k_pid_att": [29.579451791591893, 0.0001, 0.2751170699952042], "k_pid_yaw": [0.5, 1e-06, 0.1], "k_pid_hsp": [0.09344406019053761, 0.00045264145350696434, 0.0], "k_pid_vsp": [284.6803788658326, 284.39090591974525, 1e-06]}, "datetime": {"datetime": "2025-08-20 14:26:22", "elapsed": 9237.132506608963, "delta": 16.284677028656006}, "costs": {"total_cost": 173.0974097303694, "time_cost": 70.336, "final_distance_cost": 1.8163902352766959, "oscillation_cost": 26.099428095399514, "completition_cost": 0.0, "overshoot_cost": 51.46255796807606, "power_cost": 11.927789807128907, "noise_cost": 11.455243624488208, "n_waypoints_completed": 9, "tot_waypoints": 9}}
{"target": -1213.6426189757835, "params": {"k_pid_pos": [1.5474375321964602, 0.0, 1.0], "k_pid_alt": [1.7898665946623327, 0.0, 0.0], "k_pid_att": [41.62427174398817, 0.0001, 0.36903271715398095], "k_pid_yaw": [0.5, 1e-06, 0.1], "k_pid_hsp": [0.0001, 0.00020973886824475718, 0.0], "k_pid_vsp": [305.04850458277673, 400.0, 1e-06]}, "datetime": {"datetime": "2025-08-20 14:26:48", "elapsed": 9263.412770271301, "delta": 26.280263662338257}, "costs": {"total_cost": 1213.6426189757835, "time_cost": 150, "final_distance_cost": 58.38397653986943, "oscillation_cost": 0.01090608861307641, "completition_cost": 888.8888888888888, "overshoot_cost": 90.57604884778175, "power_cost": 12.83137801513672, "noise_cost": 12.9514205954935, "n_waypoints_completed": 1, "tot_waypoints": 9}}
{"target": -1216.773218735858, "params": {"k_pid_pos": [1.8842702448116073, 0.0, 1.0], "k_pid_alt": [1.582817765019809, 0.0, 0.0], "k_pid_att": [29.792693159488543, 0.0001, 0.29351856088077194], "k_pid_yaw": [0.5, 1e-06, 0.1], "k_pid_hsp": [0.0001, 0.0002557545837282428, 0.0], "k_pid_vsp": [312.53452102866913, 62.312437858262, 1e-06]}, "datetime": {"datetime": "2025-08-20 14:27:13", "elapsed": 9288.183752298355, "delta": 24.770982027053833}, "costs": {"total_cost": 1216.773218735858, "time_cost": 150, "final_distance_cost": 61.42373696800632, "oscillation_cost": 0.01550468883793245, "completition_cost": 888.8888888888888, "overshoot_cost": 90.70954985804312, "power_cost": 12.801626318359375, "noise_cost": 12.933912013722313, "n_waypoints_completed": 1, "tot_waypoints": 9}}
{"target": -172.8646818004952, "params": {"k_pid_pos": [1.5200262416742603, 0.0, 0.9822211049873105], "k_pid_alt": [1.6664796785222458, 0.0, 0.0], "k_pid_att": [28.581376037505805, 0.0001, 0.3079281459253303], "k_pid_yaw": [0.5, 1e-06, 0.1], "k_pid_hsp": [0.1375724634617355, 0.0, 0.0], "k_pid_vsp": [317.57985873822787, 400.0, 1e-06]}, "datetime": {"datetime": "2025-08-20 14:27:30", "elapsed": 9304.70419549942, "delta": 16.520443201065063}, "costs": {"total_cost": 172.8646818004952, "time_cost": 70.808, "final_distance_cost": 1.8357874592006391, "oscillation_cost": 25.959745915303934, "completition_cost": 0.0, "overshoot_cost": 50.434065732651625, "power_cost": 12.128653088378908, "noise_cost": 11.698429604960081, "n_waypoints_completed": 9, "tot_waypoints": 9}}
{"target": -177.56564976868157, "params": {"k_pid_pos": [1.809350109172176, 0.0, 0.9754107429248542], "k_pid_alt": [1.7012129976263903, 0.0, 0.0], "k_pid_att": [39.09993794050399, 0.0001, 0.23005632438677082], "k_pid_yaw": [0.5, 1e-06, 0.1], "k_pid_hsp": [0.04123459645119065, 0.0, 0.0], "k_pid_vsp": [308.5746875314397, 257.97881714502637, 1e-06]}, "datetime": {"datetime": "2025-08-20 14:27:47", "elapsed": 9322.386347055435, "delta": 17.682151556015015}, "costs": {"total_cost": 177.56564976868157, "time_cost": 74.792, "final_distance_cost": 1.7688481663498943, "oscillation_cost": 20.728982630922843, "completition_cost": 0.0, "overshoot_cost": 56.00690602766211, "power_cost": 12.194957495117189, "noise_cost": 12.073955448629535, "n_waypoints_completed": 9, "tot_waypoints": 9}}
