{"target": -171.78751789925408, "params": {"k_pid_pos": [1.492735322772702, 0.0, 0.8227331156179706], "k_pid_alt": [2.0, 0.0, 0.0], "k_pid_att": [36.4647680087973, 0.0001, 0.31432455431384543], "k_pid_yaw": [0.5, 1e-06, 0.1], "k_pid_hsp": [0.09236603273848525, 0.0, 0.0], "k_pid_vsp": [257.28267378783966, 261.68346666783344, 1e-06]}, "datetime": {"datetime": "2025-08-20 15:10:14", "elapsed": 11868.71442270279, "delta": 16.33417272567749}, "costs": {"total_cost": 171.78751789925408, "time_cost": 70.76, "final_distance_cost": 1.8314098324070107, "oscillation_cost": 25.03112990518855, "completition_cost": 0.0, "overshoot_cost": 51.3325993017752, "power_cost": 11.560136596679689, "noise_cost": 11.27224226320365, "n_waypoints_completed": 9, "tot_waypoints": 9}}
{"target": -172.22577582593226, "params": {"k_pid_pos": [1.461081487581442, 0.0, 0.8129547586593695], "k_pid_alt": [2.0, 0.0, 0.0], "k_pid_att": [31.54234068392054, 0.0001, 0.2334240782182619], "k_pid_yaw": [0.5, 1e-06, 0.1], "k_pid_hsp": [0.11991592427338418, 0.0, 0.0], "k_pid_vsp": [263.74780959923976, 272.2779441317113, 1e-06]}, "datetime": {"datetime": "2025-08-20 15:10:30", "elapsed": 11884.93699502945, "delta": 16.222572326660156}, "costs": {"total_cost": 172.22577582593226, "time_cost": 70.768, "final_distance_cost": 1.8290609765102805, "oscillation_cost": 25.317927351796012, "completition_cost": 0.0, "overshoot_cost": 50.95418951995974, "power_cost": 11.942121423339845, "noise_cost": 11.414476554326392, "n_waypoints_completed": 9, "tot_waypoints": 9}}
{"target": -172.76355682152092, "params": {"k_pid_pos": [1.7011376693054663, 0.0, 0.9287208152707713], "k_pid_alt": [2.0, 0.0, 0.0], "k_pid_att": [29.224777423101834, 0.0001, 0.23142007755367605], "k_pid_yaw": [0.5, 1e-06, 0.1], "k_pid_hsp": [0.10505804659499385, 1.6852711669659307e-05, 0.0], "k_pid_vsp": [225.0944334041137, 231.144476318928, 1e-06]}, "datetime": {"datetime": "2025-08-20 15:10:46", "elapsed": 11901.332584142685, "delta": 16.395589113235474}, "costs": {"total_cost": 172.76355682152092, "time_cost": 70.528, "final_distance_cost": 1.8264999010782887, "oscillation_cost": 26.034060158648167, "completition_cost": 0.0, "overshoot_cost": 50.802354822508825, "power_cost": 12.141448803710938, "noise_cost": 11.431193135574688, "n_waypoints_completed": 9, "tot_waypoints": 9}}
{"target": -173.81256080268858, "params": {"k_pid_pos": [1.9911745128968614, 0.0, 0.8367464562059785], "k_pid_alt": [2.0, 0.0, 0.0], "k_pid_att": [24.731295831253288, 0.0001, 0.29219057926496284], "k_pid_yaw": [0.5, 1e-06, 0.1], "k_pid_hsp": [0.1528657363237963, 0.0001862982155766736, 0.0], "k_pid_vsp": [279.5706679482089, 284.3044481222617, 1e-06]}, "datetime": {"datetime": "2025-08-20 15:11:03", "elapsed": 11918.133444547653, "delta": 16.80086040496826}, "costs": {"total_cost": 173.81256080268858, "time_cost": 69.872, "final_distance_cost": 1.8214186397415222, "oscillation_cost": 28.239780202913206, "completition_cost": 0.0, "overshoot_cost": 50.317842754647316, "power_cost": 12.202516564941407, "noise_cost": 11.359002640445114, "n_waypoints_completed": 9, "tot_waypoints": 9}}
{"target": -173.6436544612308, "params": {"k_pid_pos": [1.4861879332809216, 0.0, 0.9519578329900286], "k_pid_alt": [2.0, 0.0, 0.0], "k_pid_att": [45.05503950151932, 0.0001, 0.27114209400643463], "k_pid_yaw": [0.5, 1e-06, 0.1], "k_pid_hsp": [0.17444583258831206, 0.0, 0.0], "k_pid_vsp": [244.63562284528888, 214.9711605580495, 1e-06]}, "datetime": {"datetime": "2025-08-20 15:11:19", "elapsed": 11933.984176158905, "delta": 15.850731611251831}, "costs": {"total_cost": 173.6436544612308, "time_cost": 71.184, "final_distance_cost": 1.8513575814975571, "oscillation_cost": 25.91600799898644, "completition_cost": 0.0, "overshoot_cost": 51.1204532323778, "power_cost": 11.92530224609375, "noise_cost": 11.646533402275244, "n_waypoints_completed": 9, "tot_waypoints": 9}}
{"target": -179.3214118557858, "params": {"k_pid_pos": [1.5782426061331438, 0.0, 0.7214191892793564], "k_pid_alt": [2.0, 0.0, 0.0], "k_pid_att": [37.32863252204001, 0.0001, 0.28681668968364565], "k_pid_yaw": [0.5, 1e-06, 0.1], "k_pid_hsp": [0.04575273477529335, 0.0, 0.0], "k_pid_vsp": [275.4703494182599, 233.01395470436375, 1e-06]}, "datetime": {"datetime": "2025-08-20 15:11:36", "elapsed": 11951.332666158676, "delta": 17.348489999771118}, "costs": {"total_cost": 179.3214118557858, "time_cost": 76.032, "final_distance_cost": 1.8045096872961244, "oscillation_cost": 21.88149644362887, "completition_cost": 0.0, "overshoot_cost": 55.2635288663836, "power_cost": 12.261961462402345, "noise_cost": 12.077915396074879, "n_waypoints_completed": 9, "tot_waypoints": 9}}
{"target": -172.980295031846, "params": {"k_pid_pos": [1.6748773908393493, 0.0, 0.784888500710353], "k_pid_alt": [2.0, 0.0, 0.0], "k_pid_att": [30.30963453473788, 0.0001, 0.25719275146825177], "k_pid_yaw": [0.5, 1e-06, 0.1], "k_pid_hsp": [0.11380830363889105, 0.0, 0.0], "k_pid_vsp": [239.98546735472726, 255.98092469964723, 1e-06]}, "datetime": {"datetime": "2025-08-20 15:11:53", "elapsed": 11967.573740243912, "delta": 16.241074085235596}, "costs": {"total_cost": 172.980295031846, "time_cost": 70.264, "final_distance_cost": 1.8313352703781307, "oscillation_cost": 26.538266222913446, "completition_cost": 0.0, "overshoot_cost": 51.04472551330442, "power_cost": 12.046953247070313, "noise_cost": 11.255014778179682, "n_waypoints_completed": 9, "tot_waypoints": 9}}
{"target": -175.58070239289788, "params": {"k_pid_pos": [1.720874931988602, 0.0, 0.8728086169501402], "k_pid_alt": [1.606573186017033, 0.0, 0.0], "k_pid_att": [25.654543470537078, 0.0001, 0.3058687023170444], "k_pid_yaw": [0.5, 1e-06, 0.1], "k_pid_hsp": [0.054500651496784944, 0.0003709733231917464, 0.0], "k_pid_vsp": [270.00946610243255, 283.8838409211121, 1e-06]}, "datetime": {"datetime": "2025-08-20 15:12:10", "elapsed": 11984.73688673973, "delta": 17.163146495819092}, "costs": {"total_cost": 175.58070239289788, "time_cost": 72.072, "final_distance_cost": 1.7890800569048189, "oscillation_cost": 23.89725521055008, "completition_cost": 0.0, "overshoot_cost": 53.25009855819888, "power_cost": 12.628332373046876, "noise_cost": 11.943936194197224, "n_waypoints_completed": 9, "tot_waypoints": 9}}
{"target": -1194.7314485193006, "params": {"k_pid_pos": [1.5081741373127269, 0.0, 0.7403570532844153], "k_pid_alt": [1.916874133676731, 0.0, 0.0], "k_pid_att": [32.519675342955935, 0.0001, 0.2864620811974134], "k_pid_yaw": [0.5, 1e-06, 0.1], "k_pid_hsp": [0.0001, 0.0, 0.0], "k_pid_vsp": [220.1860831948313, 269.1508960720272, 1e-06]}, "datetime": {"datetime": "2025-08-20 15:12:32", "elapsed": 12007.354678869247, "delta": 22.6177921295166}, "costs": {"total_cost": 1194.7314485193006, "time_cost": 150, "final_distance_cost": 46.675830065781795, "oscillation_cost": 0.005396747185585279, "completition_cost": 888.8888888888888, "overshoot_cost": 83.38269176971572, "power_cost": 12.831195947265625, "noise_cost": 12.947445100463328, "n_waypoints_completed": 1, "tot_waypoints": 9}}
{"target": -172.80810143198485, "params": {"k_pid_pos": [1.53747199754995, 0.0, 0.8351102882569315], "k_pid_alt": [2.0, 0.0, 0.0], "k_pid_att": [25.6586629149944, 0.0001, 0.2823891156818766], "k_pid_yaw": [0.5, 1e-06, 0.1], "k_pid_hsp": [0.09834522534726829, 0.0, 0.0], "k_pid_vsp": [324.6148800383464, 364.82175663257584, 1e-06]}, "datetime": {"datetime": "2025-08-20 15:12:48", "elapsed": 12023.321286439896, "delta": 15.966607570648193}, "costs": {"total_cost": 172.80810143198485, "time_cost": 70.592, "final_distance_cost": 1.8364696725846539, "oscillation_cost": 25.58191153589003, "completition_cost": 0.0, "overshoot_cost": 51.12260369516171, "power_cost": 12.129532824707033, "noise_cost": 11.545583703641428, "n_waypoints_completed": 9, "tot_waypoints": 9}}
{"target": -174.95111620624493, "params": {"k_pid_pos": [1.805586114073573, 0.0, 0.8064100803256924], "k_pid_alt": [1.6638044416874054, 0.0, 0.0], "k_pid_att": [46.792292198843214, 0.0001, 0.03388715577916468], "k_pid_yaw": [0.5, 1e-06, 0.1], "k_pid_hsp": [0.0893242355807092, 0.0, 0.0], "k_pid_vsp": [280.7953275291185, 227.18631701795053, 1e-06]}, "datetime": {"datetime": "2025-08-20 15:13:04", "elapsed": 12039.106175422668, "delta": 15.784888982772827}, "costs": {"total_cost": 174.95111620624493, "time_cost": 70.072, "final_distance_cost": 1.811158871797539, "oscillation_cost": 28.771182897591135, "completition_cost": 0.0, "overshoot_cost": 51.52166678843049, "power_cost": 11.663175854492188, "noise_cost": 11.111931793933605, "n_waypoints_completed": 9, "tot_waypoints": 9}}
{"target": -173.4309656847697, "params": {"k_pid_pos": [1.814492945357037, 0.0, 0.8031956394229158], "k_pid_alt": [2.0, 0.0, 0.0], "k_pid_att": [16.989173460287645, 0.0001, 0.25308036242957843], "k_pid_yaw": [0.5, 1e-06, 0.1], "k_pid_hsp": [0.16094755139732397, 0.0, 0.0], "k_pid_vsp": [291.06544840572565, 274.38371163689527, 1e-06]}, "datetime": {"datetime": "2025-08-20 15:13:20", "elapsed": 12054.661234140396, "delta": 15.555058717727661}, "costs": {"total_cost": 173.4309656847697, "time_cost": 70.04, "final_distance_cost": 1.8301592750039857, "oscillation_cost": 27.669792841356625, "completition_cost": 0.0, "overshoot_cost": 50.5867893505541, "power_cost": 12.021992053222657, "noise_cost": 11.282232164632331, "n_waypoints_completed": 9, "tot_waypoints": 9}}
{"target": -173.22966600134728, "params": {"k_pid_pos": [1.4915049988541993, 0.0, 0.7454278975431748], "k_pid_alt": [2.0, 0.0, 0.0], "k_pid_att": [38.609262881959545, 0.0001, 0.3505698557706661], "k_pid_yaw": [0.5, 1e-06, 0.1], "k_pid_hsp": [0.14116750410870985, 0.0, 0.0], "k_pid_vsp": [277.4709182495137, 317.0106737567673, 1e-06]}, "datetime": {"datetime": "2025-08-20 15:13:36", "elapsed": 12070.624511480331, "delta": 15.963277339935303}, "costs": {"total_cost": 173.22966600134728, "time_cost": 70.512, "final_distance_cost": 1.8415317622069396, "oscillation_cost": 25.831373947612512, "completition_cost": 0.0, "overshoot_cost": 51.29658061093622, "power_cost": 12.21573494873047, "noise_cost": 11.532444731861148, "n_waypoints_completed": 9, "tot_waypoints": 9}}
{"target": -174.64716513525815, "params": {"k_pid_pos": [1.4679604645629707, 0.0, 0.8833397926676931], "k_pid_alt": [2.0, 0.0, 0.0], "k_pid_att": [34.36009692402199, 0.0001, 0.08157077736830351], "k_pid_yaw": [0.5, 1e-06, 0.1], "k_pid_hsp": [0.16262257190764792, 0.0, 0.0], "k_pid_vsp": [230.86487849415983, 226.7675670799609, 1e-06]}, "datetime": {"datetime": "2025-08-20 15:13:51", "elapsed": 12086.234322547913, "delta": 15.609811067581177}, "costs": {"total_cost": 174.64716513525815, "time_cost": 70.952, "final_distance_cost": 1.8451772087718996, "oscillation_cost": 27.819864102412335, "completition_cost": 0.0, "overshoot_cost": 50.62100931365306, "power_cost": 11.89153104248047, "noise_cost": 11.517583467940412, "n_waypoints_completed": 9, "tot_waypoints": 9}}
{"target": -172.98723540750692, "params": {"k_pid_pos": [1.3471304249185192, 0.0, 0.7985955144880044], "k_pid_alt": [1.907168548823275, 0.0, 0.0], "k_pid_att": [40.2669167403016, 0.0001, 0.4662715787280569], "k_pid_yaw": [0.5, 1e-06, 0.1], "k_pid_hsp": [0.06393233326198304, 0.0, 0.0], "k_pid_vsp": [267.17308331073775, 253.59360104845922, 1e-06]}, "datetime": {"datetime": "2025-08-20 15:14:07", "elapsed": 12102.176102876663, "delta": 15.94178032875061}, "costs": {"total_cost": 172.98723540750692, "time_cost": 71.848, "final_distance_cost": 1.8106806419896146, "oscillation_cost": 23.35831215386726, "completition_cost": 0.0, "overshoot_cost": 52.84105524496347, "power_cost": 11.707905981445313, "noise_cost": 11.421281385241254, "n_waypoints_completed": 9, "tot_waypoints": 9}}
{"target": -173.48391511019037, "params": {"k_pid_pos": [1.1775201844074945, 0.006171738294075481, 0.8368880020514267], "k_pid_alt": [2.0, 0.0, 0.0], "k_pid_att": [44.24556235831214, 0.0001, 0.2935145353810149], "k_pid_yaw": [0.5, 1e-06, 0.1], "k_pid_hsp": [0.07758035199123017, 0.0, 0.0], "k_pid_vsp": [229.15393677877177, 254.1352770456636, 1e-06]}, "datetime": {"datetime": "2025-08-20 15:14:25", "elapsed": 12119.97712135315, "delta": 17.801018476486206}, "costs": {"total_cost": 173.48391511019037, "time_cost": 72.248, "final_distance_cost": 1.8299364499480677, "oscillation_cost": 24.11968008278169, "completition_cost": 0.0, "overshoot_cost": 51.98490074366355, "power_cost": 11.739960937500001, "noise_cost": 11.561436896297042, "n_waypoints_completed": 9, "tot_waypoints": 9}}
{"target": -172.54102027871346, "params": {"k_pid_pos": [1.6359521209757515, 0.0, 0.870755958855858], "k_pid_alt": [1.8049744841692352, 0.0, 0.0], "k_pid_att": [31.936562852859947, 0.0001, 0.5496901824672349], "k_pid_yaw": [0.5, 1e-06, 0.1], "k_pid_hsp": [0.08069137330115397, 0.005843074488937952, 0.0], "k_pid_vsp": [272.4556377573925, 295.8343359349585, 1e-06]}, "datetime": {"datetime": "2025-08-20 15:14:43", "elapsed": 12137.89458155632, "delta": 17.917460203170776}, "costs": {"total_cost": 172.54102027871346, "time_cost": 70.016, "final_distance_cost": 1.8144601615212306, "oscillation_cost": 26.482805767176878, "completition_cost": 0.0, "overshoot_cost": 51.338538927027976, "power_cost": 11.758546081542969, "noise_cost": 11.130669341444424, "n_waypoints_completed": 9, "tot_waypoints": 9}}
{"target": -174.5916572129275, "params": {"k_pid_pos": [1.6248483668570952, 0.0, 0.9621425140544222], "k_pid_alt": [2.0, 0.0, 0.0], "k_pid_att": [37.68324467926861, 0.0001, 0.20531666661416903], "k_pid_yaw": [0.5, 1e-06, 0.1], "k_pid_hsp": [0.25667174275927124, 0.0, 0.0], "k_pid_vsp": [282.2415752039502, 322.71321555409276, 1e-06]}, "datetime": {"datetime": "2025-08-20 15:14:59", "elapsed": 12154.378459692001, "delta": 16.483878135681152}, "costs": {"total_cost": 174.5916572129275, "time_cost": 70.68, "final_distance_cost": 1.8475238516334245, "oscillation_cost": 27.19250796130166, "completition_cost": 0.0, "overshoot_cost": 50.708298860487034, "power_cost": 12.44900068359375, "noise_cost": 11.714325855911639, "n_waypoints_completed": 9, "tot_waypoints": 9}}
{"target": -172.25094997851323, "params": {"k_pid_pos": [1.5145398921689073, 0.0, 0.8896391485326882], "k_pid_alt": [2.0, 0.0, 0.0], "k_pid_att": [24.983620282419515, 0.0001, 0.3003218917833016], "k_pid_yaw": [0.5, 1e-06, 0.1], "k_pid_hsp": [0.10244396279909733, 0.0, 0.0], "k_pid_vsp": [241.87788024748502, 241.06052845303287, 1e-06]}, "datetime": {"datetime": "2025-08-20 15:15:16", "elapsed": 12170.716825008392, "delta": 16.33836531639099}, "costs": {"total_cost": 172.25094997851323, "time_cost": 70.88, "final_distance_cost": 1.8303457059238764, "oscillation_cost": 25.05039287494421, "completition_cost": 0.0, "overshoot_cost": 50.844220659581225, "power_cost": 12.076205200195313, "noise_cost": 11.569785537868583, "n_waypoints_completed": 9, "tot_waypoints": 9}}
{"target": -175.4403179110474, "params": {"k_pid_pos": [1.509277420989767, 0.0, 1.0], "k_pid_alt": [1.336717877341173, 0.0, 0.0], "k_pid_att": [40.800222225025095, 0.0001, 0.32213717333498826], "k_pid_yaw": [0.5, 1e-06, 0.1], "k_pid_hsp": [0.053136680142552836, 0.0, 0.0], "k_pid_vsp": [259.28870391324483, 272.63371744299616, 1e-06]}, "datetime": {"datetime": "2025-08-20 15:15:33", "elapsed": 12187.794430971146, "delta": 17.077605962753296}, "costs": {"total_cost": 175.4403179110474, "time_cost": 73.08, "final_distance_cost": 1.7833154386320815, "oscillation_cost": 22.547381544934243, "completition_cost": 0.0, "overshoot_cost": 54.01473129620028, "power_cost": 12.226739294433594, "noise_cost": 11.788150336847192, "n_waypoints_completed": 9, "tot_waypoints": 9}}
{"target": -634.9613757270513, "params": {"k_pid_pos": [1.4850583062873024, 0.0, 0.7670590989388342], "k_pid_alt": [2.0, 0.0, 0.0], "k_pid_att": [40.81449134719773, 0.0001, 0.3713941742480279], "k_pid_yaw": [0.5, 1e-06, 0.1], "k_pid_hsp": [0.012954813863280457, 0.0, 0.0], "k_pid_vsp": [245.77621812082975, 221.2163067161857, 1e-06]}, "datetime": {"datetime": "2025-08-20 15:15:56", "elapsed": 12211.514739274979, "delta": 23.720308303833008}, "costs": {"total_cost": 634.9613757270513, "time_cost": 150, "final_distance_cost": 52.712270706840826, "oscillation_cost": 6.088963369082997, "completition_cost": 333.33333333333337, "overshoot_cost": 63.071916957929446, "power_cost": 15.856199182128908, "noise_cost": 13.898692177735708, "n_waypoints_completed": 6, "tot_waypoints": 9}}
{"target": -172.72190995432723, "params": {"k_pid_pos": [1.423704141045386, 0.0, 0.7237734887347453], "k_pid_alt": [2.0, 0.0, 0.0], "k_pid_att": [33.86970588298807, 0.0001, 0.30579982531353367], "k_pid_yaw": [0.5, 1e-06, 0.1], "k_pid_hsp": [0.08882144181945792, 0.0, 0.0], "k_pid_vsp": [226.278366882157, 205.74410647408277, 1e-06]}, "datetime": {"datetime": "2025-08-20 15:16:13", "elapsed": 12227.848598957062, "delta": 16.33385968208313}, "costs": {"total_cost": 172.72190995432723, "time_cost": 70.752, "final_distance_cost": 1.8114298740178616, "oscillation_cost": 24.946305235728325, "completition_cost": 0.0, "overshoot_cost": 51.51157135036234, "power_cost": 12.192491894531251, "noise_cost": 11.508111599687446, "n_waypoints_completed": 9, "tot_waypoints": 9}}
{"target": -172.6934501669028, "params": {"k_pid_pos": [1.5270541798926651, 0.0, 0.8145349417253507], "k_pid_alt": [2.0, 0.0, 0.0], "k_pid_att": [33.349757386930186, 0.0001, 0.25520764878556357], "k_pid_yaw": [0.5, 1e-06, 0.1], "k_pid_hsp": [0.08869730192539096, 0.0, 0.0], "k_pid_vsp": [266.0962820125012, 265.657488582711, 1e-06]}, "datetime": {"datetime": "2025-08-20 15:16:29", "elapsed": 12244.249737977982, "delta": 16.4011390209198}, "costs": {"total_cost": 172.6934501669028, "time_cost": 70.672, "final_distance_cost": 1.81539313602128, "oscillation_cost": 25.16531230253382, "completition_cost": 0.0, "overshoot_cost": 51.733512821992655, "power_cost": 11.956267492675781, "noise_cost": 11.350964413679252, "n_waypoints_completed": 9, "tot_waypoints": 9}}
{"target": -172.92216839392663, "params": {"k_pid_pos": [1.3757280523596735, 0.0, 0.7635583315984826], "k_pid_alt": [1.7460994359751165, 0.0, 0.0], "k_pid_att": [37.385078967438844, 0.0001, 0.32019935640474934], "k_pid_yaw": [0.5, 1e-06, 0.1], "k_pid_hsp": [0.1509251364526893, 0.0, 0.0], "k_pid_vsp": [261.8699579845227, 100.95624990040909, 1e-06]}, "datetime": {"datetime": "2025-08-20 15:16:45", "elapsed": 12260.150111913681, "delta": 15.900373935699463}, "costs": {"total_cost": 172.92216839392663, "time_cost": 71.024, "final_distance_cost": 1.8367942279921334, "oscillation_cost": 25.349053407907903, "completition_cost": 0.0, "overshoot_cost": 51.450815799422436, "power_cost": 11.779552099609376, "noise_cost": 11.481952858994786, "n_waypoints_completed": 9, "tot_waypoints": 9}}
{"target": -175.06557171600076, "params": {"k_pid_pos": [1.3397735222750218, 0.0, 0.8111774121233757], "k_pid_alt": [1.9086265376138731, 0.0, 0.0], "k_pid_att": [38.97487990487417, 0.0001, 0.24760786009510533], "k_pid_yaw": [0.5, 1e-06, 0.1], "k_pid_hsp": [0.06131406511900331, 0.0, 0.0], "k_pid_vsp": [226.00295781384827, 239.71512482824397, 1e-06]}, "datetime": {"datetime": "2025-08-20 15:17:02", "elapsed": 12277.267846345901, "delta": 17.11773443222046}, "costs": {"total_cost": 175.06557171600076, "time_cost": 72.08, "final_distance_cost": 1.8052410077836032, "oscillation_cost": 23.30772566618392, "completition_cost": 0.0, "overshoot_cost": 53.23345633910738, "power_cost": 12.698940637207032, "noise_cost": 11.94020806571881, "n_waypoints_completed": 9, "tot_waypoints": 9}}
{"target": -1195.741864089282, "params": {"k_pid_pos": [1.7800906726225167, 0.0, 0.7378641354122394], "k_pid_alt": [1.9191295098391954, 0.0, 0.0], "k_pid_att": [25.15401690146701, 0.0001, 0.3040278138423525], "k_pid_yaw": [0.5, 1e-06, 0.1], "k_pid_hsp": [0.0001, 0.0, 0.0], "k_pid_vsp": [344.03901067368696, 253.09423367317356, 1e-06]}, "datetime": {"datetime": "2025-08-20 15:17:25", "elapsed": 12299.969200372696, "delta": 22.701354026794434}, "costs": {"total_cost": 1195.741864089282, "time_cost": 150, "final_distance_cost": 46.83226788882425, "oscillation_cost": 0.004400575218936259, "completition_cost": 888.8888888888888, "overshoot_cost": 84.32206195218382, "power_cost": 12.789611145019531, "noise_cost": 12.904633639146846, "n_waypoints_completed": 1, "tot_waypoints": 9}}
{"target": -174.1247539334793, "params": {"k_pid_pos": [1.3984884673321267, 0.0, 0.8751679624466489], "k_pid_alt": [1.6241952640802295, 0.0, 0.04829319150117986], "k_pid_att": [20.23282417278363, 0.0001, 0.4597884234528533], "k_pid_yaw": [0.5, 1e-06, 0.1], "k_pid_hsp": [0.12266732245558955, 0.0, 0.0], "k_pid_vsp": [259.3325658733738, 332.7486645830916, 1e-06]}, "datetime": {"datetime": "2025-08-20 15:17:41", "elapsed": 12315.927692651749, "delta": 15.958492279052734}, "costs": {"total_cost": 174.1247539334793, "time_cost": 70.848, "final_distance_cost": 1.8345577752551758, "oscillation_cost": 26.11207930653423, "completition_cost": 0.0, "overshoot_cost": 51.23994949106452, "power_cost": 12.417588708496094, "noise_cost": 11.672578652129296, "n_waypoints_completed": 9, "tot_waypoints": 9}}
{"target": -172.72546009945816, "params": {"k_pid_pos": [1.4907584666189684, 0.0, 0.8361306902796092], "k_pid_alt": [2.0, 0.0, 0.0], "k_pid_att": [28.932753227059234, 0.0001, 0.2782241799909662], "k_pid_yaw": [0.5, 1e-06, 0.1], "k_pid_hsp": [0.06470941111715342, 0.002158512232043911, 0.0], "k_pid_vsp": [231.36178472478775, 235.31394820421303, 1e-06]}, "datetime": {"datetime": "2025-08-20 15:17:57", "elapsed": 12331.987397193909, "delta": 16.059704542160034}, "costs": {"total_cost": 172.72546009945816, "time_cost": 71.21600000000001, "final_distance_cost": 1.7832850518026875, "oscillation_cost": 24.42391403266669, "completition_cost": 0.0, "overshoot_cost": 52.32041597436355, "power_cost": 11.708386340332032, "noise_cost": 11.273458700293183, "n_waypoints_completed": 9, "tot_waypoints": 9}}
