{"target": -173.29092829289357, "params": {"k_pid_pos": [1.6341872404001945, 0.0, 0.6119232454868284], "k_pid_alt": [1.9999536119881827, 0.0, 0.0], "k_pid_att": [23.222427415575872, 0.0001, 0.5994601869442475], "k_pid_yaw": [0.5, 1e-06, 0.1], "k_pid_hsp": [0.14022387487253565, 0.0001746884945615262, 0.0], "k_pid_vsp": [246.38340295012082, 395.99747789252973, 1e-06]}, "datetime": {"datetime": "2025-08-20 20:13:59", "elapsed": 30093.954031705856, "delta": 15.600761890411377}, "costs": {"total_cost": 173.29092829289357, "time_cost": 69.856, "final_distance_cost": 1.833659815301815, "oscillation_cost": 27.887939212474976, "completition_cost": 0.0, "overshoot_cost": 50.38005895797326, "power_cost": 11.988253833007812, "noise_cost": 11.345016474135708, "n_waypoints_completed": 9, "tot_waypoints": 9}}
{"target": -173.4968456162452, "params": {"k_pid_pos": [1.4475100504376746, 0.0, 0.44486281381405157], "k_pid_alt": [1.9999379600067388, 0.0, 0.0], "k_pid_att": [32.46378260431171, 0.0001, 0.4193486116862742], "k_pid_yaw": [0.5, 1e-06, 0.1], "k_pid_hsp": [0.11055644384674945, 0.0, 0.0], "k_pid_vsp": [255.56611766996846, 224.16698118123858, 1e-06]}, "datetime": {"datetime": "2025-08-20 20:14:16", "elapsed": 30110.561559677124, "delta": 16.6075279712677}, "costs": {"total_cost": 173.4968456162452, "time_cost": 70.024, "final_distance_cost": 1.811437908305727, "oscillation_cost": 27.071355060946757, "completition_cost": 0.0, "overshoot_cost": 50.8079039207443, "power_cost": 12.338477087402344, "noise_cost": 11.443671638846077, "n_waypoints_completed": 9, "tot_waypoints": 9}}
{"target": -172.15279096690108, "params": {"k_pid_pos": [1.3131964320323466, 0.0, 0.593531630834001], "k_pid_alt": [1.999885706987508, 0.0, 0.0], "k_pid_att": [34.766794598603106, 0.0001, 0.40437162447146263], "k_pid_yaw": [0.5, 1e-06, 0.1], "k_pid_hsp": [0.09505469955393893, 5.927954857849185e-05, 0.0], "k_pid_vsp": [242.30271061236846, 400.0, 1e-06]}, "datetime": {"datetime": "2025-08-20 20:14:31", "elapsed": 30126.424010276794, "delta": 15.86245059967041}, "costs": {"total_cost": 172.15279096690108, "time_cost": 70.536, "final_distance_cost": 1.8116367872121684, "oscillation_cost": 25.452132781431096, "completition_cost": 0.0, "overshoot_cost": 51.16446229542277, "power_cost": 11.932492907714844, "noise_cost": 11.256066195120209, "n_waypoints_completed": 9, "tot_waypoints": 9}}
{"target": -173.05806544198992, "params": {"k_pid_pos": [1.4144051609654085, 0.0, 0.4120069145288632], "k_pid_alt": [1.999914207015596, 0.0, 0.0], "k_pid_att": [25.617253850785808, 0.0001, 0.37759458859612777], "k_pid_yaw": [0.5, 1e-06, 0.1], "k_pid_hsp": [0.10976751797946972, 5.0530566428868266e-05, 0.0], "k_pid_vsp": [264.317146301114, 309.4578448109998, 1e-06]}, "datetime": {"datetime": "2025-08-20 20:14:48", "elapsed": 30143.42011475563, "delta": 16.99610447883606}, "costs": {"total_cost": 173.05806544198992, "time_cost": 69.928, "final_distance_cost": 1.8234909792881147, "oscillation_cost": 27.01754593217543, "completition_cost": 0.0, "overshoot_cost": 50.88494091753181, "power_cost": 12.148732250976563, "noise_cost": 11.255355362018038, "n_waypoints_completed": 9, "tot_waypoints": 9}}
{"target": -172.72946345614525, "params": {"k_pid_pos": [1.3510493910884516, 0.0, 0.7669022768705852], "k_pid_alt": [1.9995436154655823, 0.0, 0.0], "k_pid_att": [32.036203654941524, 0.0001, 0.3509897499466317], "k_pid_yaw": [0.5, 1e-06, 0.1], "k_pid_hsp": [0.08367265987765111, 0.0, 0.0], "k_pid_vsp": [243.32045702377994, 394.50031308689995, 1e-06]}, "datetime": {"datetime": "2025-08-20 20:15:04", "elapsed": 30158.812467098236, "delta": 15.39235234260559}, "costs": {"total_cost": 172.72946345614525, "time_cost": 70.912, "final_distance_cost": 1.8181279269000241, "oscillation_cost": 25.036019536060905, "completition_cost": 0.0, "overshoot_cost": 51.49346641297421, "power_cost": 12.041666064453125, "noise_cost": 11.428183515756986, "n_waypoints_completed": 9, "tot_waypoints": 9}}
{"target": -173.12965784177803, "params": {"k_pid_pos": [1.5058156904899285, 0.0, 0.5293987364982555], "k_pid_alt": [2.0, 0.0, 0.0], "k_pid_att": [18.22081472536491, 0.0001, 0.3450172630699637], "k_pid_yaw": [0.5, 1e-06, 0.1], "k_pid_hsp": [0.07488254405272018, 2.1995570464293962e-05, 0.0], "k_pid_vsp": [265.70897586532504, 400.0, 1e-06]}, "datetime": {"datetime": "2025-08-20 20:15:20", "elapsed": 30175.28935289383, "delta": 16.47688579559326}, "costs": {"total_cost": 173.12965784177803, "time_cost": 70.512, "final_distance_cost": 1.782670193298289, "oscillation_cost": 26.21781010370903, "completition_cost": 0.0, "overshoot_cost": 51.656182991496316, "power_cost": 11.85304130859375, "noise_cost": 11.107953244680624, "n_waypoints_completed": 9, "tot_waypoints": 9}}
{"target": -172.63642118731772, "params": {"k_pid_pos": [1.3729863563205489, 0.0, 0.6795244390781842], "k_pid_alt": [1.9999430069953361, 0.0, 0.0], "k_pid_att": [20.178106826582372, 0.0001, 0.3212246398905052], "k_pid_yaw": [0.5, 1e-06, 0.1], "k_pid_hsp": [0.09793013112262194, 8.10405901565429e-05, 0.0], "k_pid_vsp": [230.80042111341814, 392.35329083573805, 1e-06]}, "datetime": {"datetime": "2025-08-20 20:15:36", "elapsed": 30190.987610816956, "delta": 15.69825792312622}, "costs": {"total_cost": 172.63642118731772, "time_cost": 70.56, "final_distance_cost": 1.819644191972483, "oscillation_cost": 25.626044453902747, "completition_cost": 0.0, "overshoot_cost": 51.12037560524255, "power_cost": 12.111386743164063, "noise_cost": 11.398970193035874, "n_waypoints_completed": 9, "tot_waypoints": 9}}
{"target": -174.63895629212607, "params": {"k_pid_pos": [1.6559108622659937, 0.0, 0.39514755820219916], "k_pid_alt": [2.0, 0.0, 0.0], "k_pid_att": [18.377142263007187, 0.0001, 0.29199101111553943], "k_pid_yaw": [0.5, 1e-06, 0.1], "k_pid_hsp": [0.09051495530517777, 3.325317480588227e-05, 0.0], "k_pid_vsp": [260.1618903783465, 215.96953398973614, 1e-06]}, "datetime": {"datetime": "2025-08-20 20:15:52", "elapsed": 30207.254783153534, "delta": 16.26717233657837}, "costs": {"total_cost": 174.63895629212607, "time_cost": 69.944, "final_distance_cost": 1.776614599378576, "oscillation_cost": 28.16249240267332, "completition_cost": 0.0, "overshoot_cost": 51.633975257200504, "power_cost": 11.94919637451172, "noise_cost": 11.17267765836195, "n_waypoints_completed": 9, "tot_waypoints": 9}}
{"target": -171.00605888148246, "params": {"k_pid_pos": [1.2991460273047786, 0.0, 0.6337466058731255], "k_pid_alt": [1.9998877994240003, 0.0, 0.0], "k_pid_att": [26.41137342633772, 0.0001, 0.31855772307444935], "k_pid_yaw": [0.5, 1e-06, 0.1], "k_pid_hsp": [0.08853891881488947, 7.443693142678693e-05, 0.0], "k_pid_vsp": [250.02169525179235, 392.96635012864465, 1e-06]}, "datetime": {"datetime": "2025-08-20 20:16:09", "elapsed": 30223.936236858368, "delta": 16.681453704833984}, "costs": {"total_cost": 171.00605888148246, "time_cost": 70.656, "final_distance_cost": 1.8119047756315103, "oscillation_cost": 24.947595601839783, "completition_cost": 0.0, "overshoot_cost": 51.00601547404969, "power_cost": 11.46427039794922, "noise_cost": 11.120272632012282, "n_waypoints_completed": 9, "tot_waypoints": 9}}
{"target": -172.1667394780634, "params": {"k_pid_pos": [1.4033272977863893, 0.0, 0.6920572731266394], "k_pid_alt": [1.9134559115988663, 0.0, 0.0], "k_pid_att": [24.664067176788805, 0.0001, 0.36556765287629356], "k_pid_yaw": [0.5, 1e-06, 0.1], "k_pid_hsp": [0.14394915571568184, 8.488654998429178e-05, 0.0], "k_pid_vsp": [235.79583745116352, 234.15873048606807, 1e-06]}, "datetime": {"datetime": "2025-08-20 20:16:24", "elapsed": 30239.55650448799, "delta": 15.620267629623413}, "costs": {"total_cost": 172.1667394780634, "time_cost": 70.536, "final_distance_cost": 1.8293969308813038, "oscillation_cost": 25.635396938172644, "completition_cost": 0.0, "overshoot_cost": 51.11233701091282, "power_cost": 11.745572399902345, "noise_cost": 11.308036198194246, "n_waypoints_completed": 9, "tot_waypoints": 9}}
{"target": -171.73771199937886, "params": {"k_pid_pos": [1.418403376668122, 0.0, 0.7708016473747331], "k_pid_alt": [1.9999623107410764, 0.0, 0.0], "k_pid_att": [12.74877256568277, 0.0001, 0.3196272138896079], "k_pid_yaw": [0.5, 1e-06, 0.1], "k_pid_hsp": [0.09374292776292051, 5.468621626306485e-05, 0.0], "k_pid_vsp": [281.23504619729886, 400.0, 1e-06]}, "datetime": {"datetime": "2025-08-20 20:16:41", "elapsed": 30256.163555145264, "delta": 16.60705065727234}, "costs": {"total_cost": 171.73771199937886, "time_cost": 70.608, "final_distance_cost": 1.8287479976946768, "oscillation_cost": 25.278422803170027, "completition_cost": 0.0, "overshoot_cost": 50.72959961353776, "power_cost": 11.903366186523439, "noise_cost": 11.38957539845295, "n_waypoints_completed": 9, "tot_waypoints": 9}}
{"target": -171.7565538218997, "params": {"k_pid_pos": [1.3599296367709592, 0.0, 0.6080264408884705], "k_pid_alt": [2.0, 0.0, 0.0], "k_pid_att": [24.067088269958592, 0.0001, 0.32811091933612185], "k_pid_yaw": [0.5, 1e-06, 0.1], "k_pid_hsp": [0.0811761196154338, 0.0001595480375146652, 0.0], "k_pid_vsp": [246.88899262282507, 385.7941070099413, 1e-06]}, "datetime": {"datetime": "2025-08-20 20:16:56", "elapsed": 30271.367650270462, "delta": 15.204095125198364}, "costs": {"total_cost": 171.7565538218997, "time_cost": 70.57600000000001, "final_distance_cost": 1.7877664820803167, "oscillation_cost": 25.602009071236466, "completition_cost": 0.0, "overshoot_cost": 50.945554324089855, "power_cost": 11.656159057617188, "noise_cost": 11.189064886875862, "n_waypoints_completed": 9, "tot_waypoints": 9}}
{"target": -172.00984812837635, "params": {"k_pid_pos": [1.315651987636372, 0.0, 0.6323100698316275], "k_pid_alt": [1.9999281103625484, 0.0, 0.0], "k_pid_att": [25.135070845097097, 0.0001, 0.3419470259925529], "k_pid_yaw": [0.5, 1e-06, 0.1], "k_pid_hsp": [0.10314262195456755, 5.618671262391316e-05, 0.0], "k_pid_vsp": [280.599877073319, 387.4463753151261, 1e-06]}, "datetime": {"datetime": "2025-08-20 20:17:13", "elapsed": 30288.151374340057, "delta": 16.783724069595337}, "costs": {"total_cost": 172.00984812837635, "time_cost": 70.616, "final_distance_cost": 1.8294372031104207, "oscillation_cost": 25.39601756959566, "completition_cost": 0.0, "overshoot_cost": 50.94097067870454, "power_cost": 11.930378295898437, "noise_cost": 11.297044381067321, "n_waypoints_completed": 9, "tot_waypoints": 9}}
{"target": -173.98201428663893, "params": {"k_pid_pos": [1.360290959486294, 0.0, 0.6240710464026406], "k_pid_alt": [1.9999325394214833, 0.0, 0.0], "k_pid_att": [22.7856701573346, 0.0001, 0.24242139087522324], "k_pid_yaw": [0.5, 1e-06, 0.1], "k_pid_hsp": [0.06405078931463926, 6.710223905623218e-05, 0.0], "k_pid_vsp": [259.4238005551622, 394.5038957851922, 1e-06]}, "datetime": {"datetime": "2025-08-20 20:17:28", "elapsed": 30303.377016544342, "delta": 15.225642204284668}, "costs": {"total_cost": 173.98201428663893, "time_cost": 71.504, "final_distance_cost": 1.7705838669670986, "oscillation_cost": 24.646726870580956, "completition_cost": 0.0, "overshoot_cost": 52.45585544105307, "power_cost": 12.095984277343751, "noise_cost": 11.508863830694056, "n_waypoints_completed": 9, "tot_waypoints": 9}}
{"target": -173.0332915319217, "params": {"k_pid_pos": [1.3926026251862078, 0.0, 0.5199263096471215], "k_pid_alt": [2.0, 0.0, 0.0], "k_pid_att": [32.21989805427067, 0.0001, 0.39160031054624755], "k_pid_yaw": [0.5, 1e-06, 0.1], "k_pid_hsp": [0.1115099641935426, 4.1013841212701326e-05, 0.0], "k_pid_vsp": [276.20032293551765, 396.2986488158789, 1e-06]}, "datetime": {"datetime": "2025-08-20 20:17:47", "elapsed": 30322.28662443161, "delta": 18.909607887268066}, "costs": {"total_cost": 173.0332915319217, "time_cost": 70.08800000000001, "final_distance_cost": 1.8055242768369406, "oscillation_cost": 26.3898741528127, "completition_cost": 0.0, "overshoot_cost": 51.38583875206434, "power_cost": 12.008133117675781, "noise_cost": 11.355921232531918, "n_waypoints_completed": 9, "tot_waypoints": 9}}
{"target": -171.31594558600688, "params": {"k_pid_pos": [1.2893167064707018, 0.0, 0.6608499946768004], "k_pid_alt": [1.9999553054511283, 0.0, 0.0], "k_pid_att": [27.658564837944834, 0.0001, 0.3176466575775098], "k_pid_yaw": [0.5, 1e-06, 0.1], "k_pid_hsp": [0.12089273798726613, 6.679707716630551e-05, 0.0], "k_pid_vsp": [252.7712634600094, 383.01940454092073, 1e-06]}, "datetime": {"datetime": "2025-08-20 20:18:02", "elapsed": 30337.462891817093, "delta": 15.176267385482788}, "costs": {"total_cost": 171.31594558600688, "time_cost": 70.728, "final_distance_cost": 1.8378699747008334, "oscillation_cost": 25.280972550604993, "completition_cost": 0.0, "overshoot_cost": 50.923138510030114, "power_cost": 11.42986512451172, "noise_cost": 11.116099426159238, "n_waypoints_completed": 9, "tot_waypoints": 9}}
{"target": -172.31938453335738, "params": {"k_pid_pos": [1.2784940481058247, 0.0, 0.7790981237763498], "k_pid_alt": [1.9999566490155345, 0.0, 0.0], "k_pid_att": [28.651489956538025, 0.0001, 0.32374779078684035], "k_pid_yaw": [0.5, 1e-06, 0.1], "k_pid_hsp": [0.10177657048906641, 1.7734747217247295e-05, 0.0], "k_pid_vsp": [256.19841436451236, 395.9894244602968, 1e-06]}, "datetime": {"datetime": "2025-08-20 20:18:19", "elapsed": 30354.510192871094, "delta": 17.047301054000854}, "costs": {"total_cost": 172.31938453335738, "time_cost": 71.24, "final_distance_cost": 1.8413889698721353, "oscillation_cost": 24.54079498698485, "completition_cost": 0.0, "overshoot_cost": 51.37160856287792, "power_cost": 11.872607470703125, "noise_cost": 11.452984542919348, "n_waypoints_completed": 9, "tot_waypoints": 9}}
{"target": -173.25166484414746, "params": {"k_pid_pos": [1.3615721469583506, 0.0, 0.44168746203573883], "k_pid_alt": [1.9999269955699885, 0.0, 0.0], "k_pid_att": [27.655470808347612, 0.0001, 0.4422478354380508], "k_pid_yaw": [0.5, 1e-06, 0.1], "k_pid_hsp": [0.09137654867189415, 0.00012643428770542123, 0.0], "k_pid_vsp": [272.1286483577469, 394.295807350729, 1e-06]}, "datetime": {"datetime": "2025-08-20 20:18:34", "elapsed": 30369.31440782547, "delta": 14.80421495437622}, "costs": {"total_cost": 173.25166484414746, "time_cost": 70.12, "final_distance_cost": 1.8041877403192899, "oscillation_cost": 26.456685400452326, "completition_cost": 0.0, "overshoot_cost": 51.504118630632, "power_cost": 12.041280310058594, "noise_cost": 11.325392762685214, "n_waypoints_completed": 9, "tot_waypoints": 9}}
{"target": -172.63400737722964, "params": {"k_pid_pos": [1.3465378882607453, 0.0, 0.6077170315220123], "k_pid_alt": [1.999823272170171, 0.0, 0.0], "k_pid_att": [29.103178070563253, 0.0001, 0.33659850949427345], "k_pid_yaw": [0.5, 1e-06, 0.1], "k_pid_hsp": [0.0770348172911621, 0.00014088446961093974, 0.0], "k_pid_vsp": [253.37771899619466, 386.72345210023883, 1e-06]}, "datetime": {"datetime": "2025-08-20 20:18:51", "elapsed": 30385.828458547592, "delta": 16.514050722122192}, "costs": {"total_cost": 172.63400737722964, "time_cost": 70.736, "final_distance_cost": 1.804926610701428, "oscillation_cost": 25.072256208809357, "completition_cost": 0.0, "overshoot_cost": 51.85347085835545, "power_cost": 11.850287145996095, "noise_cost": 11.317066553367269, "n_waypoints_completed": 9, "tot_waypoints": 9}}
{"target": -171.83764536544558, "params": {"k_pid_pos": [1.3481791394247542, 0.0, 0.6588099855577214], "k_pid_alt": [1.999922446642728, 0.0, 0.0], "k_pid_att": [31.595473630901456, 0.0001, 0.2880270514086498], "k_pid_yaw": [0.5, 1e-06, 0.1], "k_pid_hsp": [0.10698445126572657, 0.0001717529142103002, 0.0], "k_pid_vsp": [240.02597066038837, 393.5890446875761, 1e-06]}, "datetime": {"datetime": "2025-08-20 20:19:07", "elapsed": 30401.563565969467, "delta": 15.735107421875}, "costs": {"total_cost": 171.83764536544558, "time_cost": 70.57600000000001, "final_distance_cost": 1.8273395666324406, "oscillation_cost": 25.475476060177897, "completition_cost": 0.0, "overshoot_cost": 50.89628654779091, "power_cost": 11.78154853515625, "noise_cost": 11.280994655688072, "n_waypoints_completed": 9, "tot_waypoints": 9}}
{"target": -172.50520412162408, "params": {"k_pid_pos": [1.4713347208655965, 0.0, 0.7540066580510038], "k_pid_alt": [1.9998364052861326, 0.0, 0.0], "k_pid_att": [12.853040525065513, 0.0001, 0.2830725141395427], "k_pid_yaw": [0.5, 1e-06, 0.1], "k_pid_hsp": [0.09420826546307917, 5.924789144183553e-05, 0.0], "k_pid_vsp": [253.19078168241666, 392.3743717838013, 1e-06]}, "datetime": {"datetime": "2025-08-20 20:19:22", "elapsed": 30417.476515054703, "delta": 15.912949085235596}, "costs": {"total_cost": 172.50520412162408, "time_cost": 70.44800000000001, "final_distance_cost": 1.8165820951425904, "oscillation_cost": 25.73422178015508, "completition_cost": 0.0, "overshoot_cost": 51.36753186369011, "power_cost": 11.87314940185547, "noise_cost": 11.265718980780806, "n_waypoints_completed": 9, "tot_waypoints": 9}}
{"target": -171.7566491351134, "params": {"k_pid_pos": [1.3139467285481188, 0.0, 0.6016066029365826], "k_pid_alt": [1.999884884541209, 0.0, 0.0], "k_pid_att": [27.378786391733, 0.0001, 0.313834368333081], "k_pid_yaw": [0.5, 1e-06, 0.1], "k_pid_hsp": [0.09562562390427494, 5.312924963359818e-05, 0.0], "k_pid_vsp": [301.1709582749164, 400.0, 1e-06]}, "datetime": {"datetime": "2025-08-20 20:19:38", "elapsed": 30433.387754440308, "delta": 15.911239385604858}, "costs": {"total_cost": 171.7566491351134, "time_cost": 70.512, "final_distance_cost": 1.8111662500549022, "oscillation_cost": 25.384279591349085, "completition_cost": 0.0, "overshoot_cost": 50.99314325027392, "power_cost": 11.842494470214845, "noise_cost": 11.213565573220674, "n_waypoints_completed": 9, "tot_waypoints": 9}}
{"target": -172.08627312211013, "params": {"k_pid_pos": [1.3382754417818474, 0.0, 0.6521481115973774], "k_pid_alt": [1.9998893240862368, 0.0, 0.0], "k_pid_att": [21.446573764834596, 0.0001, 0.31094940048886743], "k_pid_yaw": [0.5, 1e-06, 0.1], "k_pid_hsp": [0.10052860417895361, 3.058930304397898e-05, 0.0], "k_pid_vsp": [253.83278908054044, 375.7292070254202, 1e-06]}, "datetime": {"datetime": "2025-08-20 20:19:53", "elapsed": 30448.414145708084, "delta": 15.02639126777649}, "costs": {"total_cost": 172.08627312211013, "time_cost": 70.584, "final_distance_cost": 1.8099794904217366, "oscillation_cost": 25.405150354403528, "completition_cost": 0.0, "overshoot_cost": 51.08104331142138, "power_cost": 11.815897338867188, "noise_cost": 11.39020262699629, "n_waypoints_completed": 9, "tot_waypoints": 9}}
{"target": -171.5747684383041, "params": {"k_pid_pos": [1.3123361119974988, 0.0, 0.6454937254757968], "k_pid_alt": [1.9999052278230804, 0.0, 0.0], "k_pid_att": [28.23973258934287, 0.0001, 0.31737879800142776], "k_pid_yaw": [0.5, 1e-06, 0.1], "k_pid_hsp": [0.0871533963322212, 5.815915084474465e-05, 0.0], "k_pid_vsp": [250.19788805005558, 392.6340610492084, 1e-06]}, "datetime": {"datetime": "2025-08-20 20:20:10", "elapsed": 30465.18396472931, "delta": 16.769819021224976}, "costs": {"total_cost": 171.5747684383041, "time_cost": 70.688, "final_distance_cost": 1.80142232968973, "oscillation_cost": 25.003448991499067, "completition_cost": 0.0, "overshoot_cost": 51.15549023468961, "power_cost": 11.654916882324219, "noise_cost": 11.271490000101469, "n_waypoints_completed": 9, "tot_waypoints": 9}}
{"target": -172.68257834259532, "params": {"k_pid_pos": [1.293157343943558, 0.0, 0.7194677186220385], "k_pid_alt": [1.9999839661792687, 0.0, 0.0], "k_pid_att": [26.83489641920575, 0.0001, 0.29551364920239387], "k_pid_yaw": [0.5, 1e-06, 0.1], "k_pid_hsp": [0.1072956713373355, 0.00010141152946410182, 0.0], "k_pid_vsp": [253.12931456499695, 400.0, 1e-06]}, "datetime": {"datetime": "2025-08-20 20:20:25", "elapsed": 30480.259977817535, "delta": 15.076013088226318}, "costs": {"total_cost": 172.68257834259532, "time_cost": 70.976, "final_distance_cost": 1.8261180181770515, "oscillation_cost": 25.06789015996541, "completition_cost": 0.0, "overshoot_cost": 51.056476006231215, "power_cost": 12.265499682617188, "noise_cost": 11.490594475604475, "n_waypoints_completed": 9, "tot_waypoints": 9}}
{"target": -173.60438880392655, "params": {"k_pid_pos": [1.2383277136044797, 0.0, 0.7867475693532373], "k_pid_alt": [1.8967212903784276, 0.0, 0.0], "k_pid_att": [27.354610977093728, 0.0001, 0.38675972110153267], "k_pid_yaw": [0.5, 1e-06, 0.1], "k_pid_hsp": [0.08002460493786485, 0.0, 0.0], "k_pid_vsp": [216.8836722343289, 320.1268324064895, 1e-06]}, "datetime": {"datetime": "2025-08-20 20:20:42", "elapsed": 30497.009609222412, "delta": 16.74963140487671}, "costs": {"total_cost": 173.60438880392655, "time_cost": 71.544, "final_distance_cost": 1.8211986715537252, "oscillation_cost": 24.32888053792656, "completition_cost": 0.0, "overshoot_cost": 51.94021356179932, "power_cost": 12.210224743652343, "noise_cost": 11.759871288994603, "n_waypoints_completed": 9, "tot_waypoints": 9}}
{"target": -171.9472535554632, "params": {"k_pid_pos": [1.3079148429475462, 0.0, 0.6738466563100687], "k_pid_alt": [1.9999031350703098, 0.0, 0.0], "k_pid_att": [26.333710481873094, 0.0001, 0.35276064771522186], "k_pid_yaw": [0.5, 1e-06, 0.1], "k_pid_hsp": [0.13331036697058796, 0.00011215230785648268, 0.0], "k_pid_vsp": [234.11052411936237, 391.5594391613771, 1e-06]}, "datetime": {"datetime": "2025-08-20 20:20:57", "elapsed": 30512.46712565422, "delta": 15.457516431808472}, "costs": {"total_cost": 171.9472535554632, "time_cost": 70.72, "final_distance_cost": 1.8274242258008584, "oscillation_cost": 25.469298213436375, "completition_cost": 0.0, "overshoot_cost": 50.66618967053757, "power_cost": 11.86873406982422, "noise_cost": 11.395607375864145, "n_waypoints_completed": 9, "tot_waypoints": 9}}
