{"target": -184.27623579682606, "params": {"k_pid_pos": [1.571779499766581, 0.0, 0.766327715515868], "k_pid_alt": [0.8262605571007706, 0.0, 0.0], "k_pid_att": [7.548916390469615, 0.06051049636485267, 0.0], "k_pid_yaw": [0.5, 1e-06, 0.1], "k_pid_hsp": [0.22747995028072127, 0.0, 0.0], "k_pid_vsp": [400.0, 1e-06, 1e-06]}, "datetime": {"datetime": "2025-08-20 12:28:51", "elapsed": 2185.9180369377136, "delta": 15.86691927909851}, "costs": {"total_cost": 184.27623579682606, "time_cost": 72.992, "final_distance_cost": 1.8351308392230967, "oscillation_cost": 33.01409419154791, "completition_cost": 0.0, "overshoot_cost": 51.236850225272555, "power_cost": 13.091849353027344, "noise_cost": 12.106311187755134, "n_waypoints_completed": 9, "tot_waypoints": 9}}
{"target": -6411.8319184198845, "params": {"k_pid_pos": [1.8455374878706494, 0.0, 0.5095546796997173], "k_pid_alt": [0.6780966271214325, 0.0, 0.0], "k_pid_att": [0.0, 0.0001, 0.0], "k_pid_yaw": [0.5, 1e-06, 0.1], "k_pid_hsp": [0.332551800773004, 0.0, 0.0], "k_pid_vsp": [119.8894939968683, 4.276734384947453, 1e-06]}, "datetime": {"datetime": "2025-08-20 12:29:12", "elapsed": 2207.540181875229, "delta": 21.62214493751526}, "costs": {"total_cost": 6411.8319184198845, "time_cost": 150, "final_distance_cost": 764.960952642809, "oscillation_cost": 12.320177194793777, "completition_cost": 1000.0, "overshoot_cost": 4416.715598213254, "power_cost": 25.347174633789063, "noise_cost": 42.48801573523799, "n_waypoints_completed": 0, "tot_waypoints": 9}}
{"target": -338.58373863753616, "params": {"k_pid_pos": [2.0, 0.6744088725423076, 0.6637326230387695], "k_pid_alt": [0.8639328938799318, 0.6348534370309515, 0.23868340758973844], "k_pid_att": [11.87956670043721, 0.5071225429773552, 0.4260674158360448], "k_pid_yaw": [0.5, 1e-06, 0.1], "k_pid_hsp": [2.013894372332855, 0.23820143522432952, 0.3090005371622916], "k_pid_vsp": [291.95956354570063, 156.93715297637362, 11.718133439595087]}, "datetime": {"datetime": "2025-08-20 12:29:34", "elapsed": 2228.684348344803, "delta": 21.144166469573975}, "costs": {"total_cost": 338.58373863753616, "time_cost": 97.912, "final_distance_cost": 1.7278942159635045, "oscillation_cost": 144.56658069985397, "completition_cost": 0.0, "overshoot_cost": 58.652674994846414, "power_cost": 19.551131640625, "noise_cost": 16.173457086247282, "n_waypoints_completed": 9, "tot_waypoints": 9}}
{"target": -244.58819497398528, "params": {"k_pid_pos": [2.0, 0.13756233343856183, 0.7022028210828967], "k_pid_alt": [1.256347588488891, 0.09435013589130964, 0.01814767717052993], "k_pid_att": [50.92297234716109, 2.808170243248118, 0.12749164672886085], "k_pid_yaw": [0.5, 1e-06, 0.1], "k_pid_hsp": [3.8491841026053812, 0.5237693169666523, 0.0], "k_pid_vsp": [400.0, 107.83219777595758, 36.43906994588093]}, "datetime": {"datetime": "2025-08-20 12:29:52", "elapsed": 2247.2493031024933, "delta": 18.56495475769043}, "costs": {"total_cost": 244.58819497398528, "time_cost": 86.376, "final_distance_cost": 1.7538741159438673, "oscillation_cost": 67.53044981633023, "completition_cost": 0.0, "overshoot_cost": 50.975132062319474, "power_cost": 22.190527966308593, "noise_cost": 15.762211013083093, "n_waypoints_completed": 9, "tot_waypoints": 9}}
{"target": -7651.033672229098, "params": {"k_pid_pos": [1.4160531554430311, 1.0, 0.9908566180503768], "k_pid_alt": [0.6090800950265436, 0.0, 0.0], "k_pid_att": [0.0, 0.0001, 0.0013347340263439866], "k_pid_yaw": [0.5, 1e-06, 0.1], "k_pid_hsp": [1.9290189275951888, 0.0, 0.016521120897935993], "k_pid_vsp": [396.6975191321094, 47.12689164648235, 1e-06]}, "datetime": {"datetime": "2025-08-20 12:30:14", "elapsed": 2268.861052751541, "delta": 21.61174964904785}, "costs": {"total_cost": 7651.033672229098, "time_cost": 150, "final_distance_cost": 2966.50440412636, "oscillation_cost": 11.162573401953557, "completition_cost": 1000.0, "overshoot_cost": 3461.6618359253357, "power_cost": 25.042300512695313, "noise_cost": 36.66255826275366, "n_waypoints_completed": 0, "tot_waypoints": 9}}
{"target": -3995.261896628795, "params": {"k_pid_pos": [1.1292973480133421, 0.11817806430060718, 0.6820167813340646], "k_pid_alt": [1.009972196670801, 0.0, 0.05906439755759686], "k_pid_att": [0.0, 0.0001, 0.02324267306333357], "k_pid_yaw": [0.5, 1e-06, 0.1], "k_pid_hsp": [5.574629907156458, 0.0, 0.06234255679132568], "k_pid_vsp": [257.69627921745666, 4.645621713666486, 1e-06]}, "datetime": {"datetime": "2025-08-20 12:30:35", "elapsed": 2290.449988603592, "delta": 21.58893585205078}, "costs": {"total_cost": 3995.261896628795, "time_cost": 150, "final_distance_cost": 1470.0580261059251, "oscillation_cost": 5.4110890950806985, "completition_cost": 888.8888888888888, "overshoot_cost": 1451.8027075434668, "power_cost": 15.129936462402345, "noise_cost": 13.971248533030987, "n_waypoints_completed": 1, "tot_waypoints": 9}}
{"target": -1221.2284143077259, "params": {"k_pid_pos": [1.4511600869234202, 0.4541283704027294, 0.6982899353092423], "k_pid_alt": [0.25166443050966736, 0.0, 0.0], "k_pid_att": [10.332372320655558, 0.0001, 0.0], "k_pid_yaw": [0.5, 1e-06, 0.1], "k_pid_hsp": [0.0001, 0.0009675392924428303, 0.0], "k_pid_vsp": [400.0, 27.485580492551996, 1e-06]}, "datetime": {"datetime": "2025-08-20 12:30:57", "elapsed": 2312.187787294388, "delta": 21.7377986907959}, "costs": {"total_cost": 1221.2284143077259, "time_cost": 150, "final_distance_cost": 57.735836111444655, "oscillation_cost": 6.371833337197542, "completition_cost": 888.8888888888888, "overshoot_cost": 92.51487737138885, "power_cost": 12.781049584960938, "noise_cost": 12.935929013844888, "n_waypoints_completed": 1, "tot_waypoints": 9}}
{"target": -403.62178250636896, "params": {"k_pid_pos": [1.6707535351674596, 0.0, 0.8531301074993786], "k_pid_alt": [1.1502043945880762, 0.10309926261992437, 0.1462517638310296], "k_pid_att": [10.562352986097672, 5.183940045292683, 0.09776736330762557], "k_pid_yaw": [0.5, 1e-06, 0.1], "k_pid_hsp": [3.6716970496406858, 0.0, 0.5461601627325249], "k_pid_vsp": [400.0, 311.3057782331448, 130.38774751327253]}, "datetime": {"datetime": "2025-08-20 12:31:16", "elapsed": 2331.121730566025, "delta": 18.933943271636963}, "costs": {"total_cost": 403.62178250636896, "time_cost": 87.184, "final_distance_cost": 1.7679954992029219, "oscillation_cost": 231.3322087150582, "completition_cost": 0.0, "overshoot_cost": 54.02870636171908, "power_cost": 16.800243273925783, "noise_cost": 12.508628656463038, "n_waypoints_completed": 9, "tot_waypoints": 9}}
{"target": -987.0422741643387, "params": {"k_pid_pos": [0.0001, 0.3575538210065785, 0.37968501886639033], "k_pid_alt": [0.7308416118144634, 0.0, 0.0], "k_pid_att": [16.513723746047827, 0.0001, 0.0], "k_pid_yaw": [0.5, 1e-06, 0.1], "k_pid_hsp": [0.6580920113472849, 0.0, 0.0], "k_pid_vsp": [400.0, 1e-06, 1e-06]}, "datetime": {"datetime": "2025-08-20 12:31:38", "elapsed": 2352.5822565555573, "delta": 21.46052598953247}, "costs": {"total_cost": 987.0422741643387, "time_cost": 150, "final_distance_cost": 50.05366331232072, "oscillation_cost": 18.867179755271614, "completition_cost": 666.6666666666667, "overshoot_cost": 74.23685779576091, "power_cost": 13.945136364746094, "noise_cost": 13.272770269572534, "n_waypoints_completed": 3, "tot_waypoints": 9}}
{"target": -195.20096129398956, "params": {"k_pid_pos": [0.907147248011855, 0.0, 0.04887220551355875], "k_pid_alt": [0.8286640884819737, 0.0, 0.0], "k_pid_att": [3.4569256621783637, 0.0001, 0.0], "k_pid_yaw": [0.5, 1e-06, 0.1], "k_pid_hsp": [0.9728383099975089, 0.0, 0.0], "k_pid_vsp": [202.8648617644014, 1e-06, 1e-06]}, "datetime": {"datetime": "2025-08-20 12:31:53", "elapsed": 2368.382934808731, "delta": 15.800678253173828}, "costs": {"total_cost": 195.20096129398956, "time_cost": 73.176, "final_distance_cost": 1.840397550300121, "oscillation_cost": 44.165803825551976, "completition_cost": 0.0, "overshoot_cost": 51.00475119415425, "power_cost": 12.956565209960939, "noise_cost": 12.057443514022285, "n_waypoints_completed": 9, "tot_waypoints": 9}}
{"target": -332.4655840199301, "params": {"k_pid_pos": [2.0, 0.4228613687638023, 1.0], "k_pid_alt": [1.7582206799499285, 0.05155862081441946, 0.1034611142817945], "k_pid_att": [30.740120042526442, 4.049692012583208, 0.03126021776082097], "k_pid_yaw": [0.5, 1e-06, 0.1], "k_pid_hsp": [8.270389157880182, 0.12836036177872695, 0.0], "k_pid_vsp": [162.63296775883603, 118.2333275936326, 24.05003099842816]}, "datetime": {"datetime": "2025-08-20 12:32:08", "elapsed": 2383.2422280311584, "delta": 14.859293222427368}, "costs": {"total_cost": 332.4655840199301, "time_cost": 70.312, "final_distance_cost": 1.7376509440797308, "oscillation_cost": 182.69168346224566, "completition_cost": 0.0, "overshoot_cost": 50.81680647000688, "power_cost": 14.9382205078125, "noise_cost": 11.969222635785288, "n_waypoints_completed": 9, "tot_waypoints": 9}}
{"target": -213.98498510421894, "params": {"k_pid_pos": [0.8732938233250142, 0.5780604562337105, 0.7109170455223535], "k_pid_alt": [1.0828335134239093, 0.02057931539471089, 0.0], "k_pid_att": [12.782983962404252, 1.5805606503875658, 0.0], "k_pid_yaw": [0.5, 1e-06, 0.1], "k_pid_hsp": [0.4018181862632628, 0.32154244997252596, 0.0], "k_pid_vsp": [400.0, 104.19716502021251, 1e-06]}, "datetime": {"datetime": "2025-08-20 12:32:27", "elapsed": 2401.6973214149475, "delta": 18.455093383789062}, "costs": {"total_cost": 213.98498510421894, "time_cost": 86.536, "final_distance_cost": 1.8184219143176137, "oscillation_cost": 45.56314699519479, "completition_cost": 0.0, "overshoot_cost": 50.70483468432005, "power_cost": 15.459182922363283, "noise_cost": 13.90339858802321, "n_waypoints_completed": 9, "tot_waypoints": 9}}
{"target": -1183.157547093561, "params": {"k_pid_pos": [2.0, 0.6911827597766976, 0.7540151944723789], "k_pid_alt": [0.9744214782849034, 0.0, 0.0], "k_pid_att": [14.848467712343236, 0.0001, 0.0], "k_pid_yaw": [0.5, 1e-06, 0.1], "k_pid_hsp": [0.0001, 0.0, 0.0], "k_pid_vsp": [397.7553050895748, 1e-06, 24.768364094485193]}, "datetime": {"datetime": "2025-08-20 12:32:48", "elapsed": 2423.3060863018036, "delta": 21.60876488685608}, "costs": {"total_cost": 1183.157547093561, "time_cost": 150, "final_distance_cost": 47.144295693269655, "oscillation_cost": 6.784486671559201, "completition_cost": 888.8888888888888, "overshoot_cost": 82.93481041311485, "power_cost": 2.7324382568359376, "noise_cost": 4.672627169892875, "n_waypoints_completed": 1, "tot_waypoints": 9}}
{"target": -7537.365002086976, "params": {"k_pid_pos": [1.9482611467453832, 0.0, 0.0], "k_pid_alt": [0.6840990338427837, 0.03838521509812032, 0.010260234025800785], "k_pid_att": [0.0, 0.0001, 0.0], "k_pid_yaw": [0.5, 1e-06, 0.1], "k_pid_hsp": [0.16367507779780555, 0.0, 0.0], "k_pid_vsp": [359.7843583766761, 1e-06, 96.92874468988464]}, "datetime": {"datetime": "2025-08-20 12:33:10", "elapsed": 2444.8578753471375, "delta": 21.551789045333862}, "costs": {"total_cost": 7537.365002086976, "time_cost": 150, "final_distance_cost": 961.8346220321911, "oscillation_cost": 11.965164774051534, "completition_cost": 1000.0, "overshoot_cost": 5338.153303459411, "power_cost": 30.310664147949222, "noise_cost": 45.10124767337362, "n_waypoints_completed": 0, "tot_waypoints": 9}}
{"target": -186.6928267084611, "params": {"k_pid_pos": [2.0, 0.04212295297909728, 0.6623422278826281], "k_pid_alt": [0.9072433084986492, 0.0, 0.11152006497372001], "k_pid_att": [58.316226537499816, 0.0001, 0.0], "k_pid_yaw": [0.5, 1e-06, 0.1], "k_pid_hsp": [1.181489471626454, 0.0, 0.0], "k_pid_vsp": [149.847484586817, 31.47263081468266, 1e-06]}, "datetime": {"datetime": "2025-08-20 12:33:25", "elapsed": 2459.9102058410645, "delta": 15.052330493927002}, "costs": {"total_cost": 186.6928267084611, "time_cost": 70.944, "final_distance_cost": 1.7975636282454641, "oscillation_cost": 39.453819300231665, "completition_cost": 0.0, "overshoot_cost": 50.828661007788114, "power_cost": 12.254010290527344, "noise_cost": 11.414772481668532, "n_waypoints_completed": 9, "tot_waypoints": 9}}
{"target": -221.118326602582, "params": {"k_pid_pos": [1.5155268768830965, 0.48018972841942087, 0.46121996635460016], "k_pid_alt": [1.0946101680543956, 0.0, 0.0], "k_pid_att": [1.8617075664381666, 0.03771854497171656, 0.0], "k_pid_yaw": [0.5, 1e-06, 0.1], "k_pid_hsp": [0.86927676541637, 0.0, 0.0], "k_pid_vsp": [343.3194536308622, 1e-06, 1e-06]}, "datetime": {"datetime": "2025-08-20 12:33:41", "elapsed": 2476.087147474289, "delta": 16.176941633224487}, "costs": {"total_cost": 221.118326602582, "time_cost": 75.44800000000001, "final_distance_cost": 1.7291483268048806, "oscillation_cost": 66.38015412476629, "completition_cost": 0.0, "overshoot_cost": 51.16123251677582, "power_cost": 14.084872106933595, "noise_cost": 12.314919527301416, "n_waypoints_completed": 9, "tot_waypoints": 9}}
{"target": -1519.9715253687716, "params": {"k_pid_pos": [2.0, 0.0, 0.3017109270519172], "k_pid_alt": [0.2551666402254871, 0.38236406067053536, 0.0], "k_pid_att": [28.25753097446602, 4.071778059343402, 0.013876047959725371], "k_pid_yaw": [0.5, 1e-06, 0.1], "k_pid_hsp": [0.0001, 0.9866291172734688, 0.790780833171603], "k_pid_vsp": [290.0763466211147, 362.6945964697166, 11.459482874227234]}, "datetime": {"datetime": "2025-08-20 12:34:03", "elapsed": 2497.642878293991, "delta": 21.55573081970215}, "costs": {"total_cost": 1519.9715253687716, "time_cost": 150, "final_distance_cost": 116.3816772830645, "oscillation_cost": 312.3415211741078, "completition_cost": 777.7777777777778, "overshoot_cost": 127.65795387299079, "power_cost": 19.924034729003907, "noise_cost": 15.888560531826919, "n_waypoints_completed": 2, "tot_waypoints": 9}}
{"target": -205.5277732954146, "params": {"k_pid_pos": [1.7566861689160502, 0.03882571339316415, 0.5135299427602737], "k_pid_alt": [0.6829863882308079, 0.12772917453311342, 0.0], "k_pid_att": [18.359916954967147, 0.0001, 0.0], "k_pid_yaw": [0.5, 1e-06, 0.1], "k_pid_hsp": [1.2357477873824725, 0.0, 0.0], "k_pid_vsp": [400.0, 16.903193040600463, 23.499536189361592]}, "datetime": {"datetime": "2025-08-20 12:34:20", "elapsed": 2515.492702960968, "delta": 17.84982466697693}, "costs": {"total_cost": 205.5277732954146, "time_cost": 81.304, "final_distance_cost": 1.779890444514841, "oscillation_cost": 50.65279525116368, "completition_cost": 0.0, "overshoot_cost": 52.03210018802095, "power_cost": 10.625355737304687, "noise_cost": 9.133631674410418, "n_waypoints_completed": 9, "tot_waypoints": 9}}
{"target": -1215.8024306552927, "params": {"k_pid_pos": [1.7269410354654493, 0.148254220458603, 0.7026076322489107], "k_pid_alt": [0.8411040703703586, 0.0, 0.0], "k_pid_att": [0.9580502210077952, 0.0001, 0.030876186661446023], "k_pid_yaw": [0.5, 1e-06, 0.1], "k_pid_hsp": [0.0001, 0.012778928659835966, 0.0], "k_pid_vsp": [400.0, 51.33107444041909, 1e-06]}, "datetime": {"datetime": "2025-08-20 12:34:42", "elapsed": 2537.047984600067, "delta": 21.55528163909912}, "costs": {"total_cost": 1215.8024306552927, "time_cost": 150, "final_distance_cost": 60.0963897831753, "oscillation_cost": 4.01094585601371, "completition_cost": 888.8888888888888, "overshoot_cost": 86.9440546673024, "power_cost": 12.87536435546875, "noise_cost": 12.986787104443609, "n_waypoints_completed": 1, "tot_waypoints": 9}}
{"target": -1338.2548558444719, "params": {"k_pid_pos": [1.2090223368822524, 0.0, 1.0], "k_pid_alt": [0.0, 0.0, 0.0], "k_pid_att": [6.201089425087168, 0.0001, 0.0], "k_pid_yaw": [0.5, 1e-06, 0.1], "k_pid_hsp": [0.0001, 0.0, 0.0], "k_pid_vsp": [400.0, 56.3885020120461, 1e-06]}, "datetime": {"datetime": "2025-08-20 12:35:04", "elapsed": 2558.8960299491882, "delta": 21.848045349121094}, "costs": {"total_cost": 1338.2548558444719, "time_cost": 150, "final_distance_cost": 2.0889825460568736, "oscillation_cost": 1.1844076057267474, "completition_cost": 1000.0, "overshoot_cost": 136.83281214185325, "power_cost": 6.341573742675782, "noise_cost": 41.80707980815909, "n_waypoints_completed": 0, "tot_waypoints": 9}}
{"target": -1208.4035359507127, "params": {"k_pid_pos": [2.0, 0.0, 0.30550364325628343], "k_pid_alt": [0.8802704500350145, 0.0, 0.0], "k_pid_att": [33.35605896678542, 0.0001, 0.0], "k_pid_yaw": [0.5, 1e-06, 0.1], "k_pid_hsp": [0.0001, 0.0, 0.0], "k_pid_vsp": [400.0, 1e-06, 1e-06]}, "datetime": {"datetime": "2025-08-20 12:35:25", "elapsed": 2580.2080760002136, "delta": 21.31204605102539}, "costs": {"total_cost": 1208.4035359507127, "time_cost": 150, "final_distance_cost": 46.86940577705377, "oscillation_cost": 12.158903688539326, "completition_cost": 888.8888888888888, "overshoot_cost": 84.75815428624557, "power_cost": 12.782998779296875, "noise_cost": 12.945184530688294, "n_waypoints_completed": 1, "tot_waypoints": 9}}
{"target": -1322.5636574617852, "params": {"k_pid_pos": [1.5431471942761992, 0.06609335693921217, 0.23410195380797197], "k_pid_alt": [1.2260306839841626, 0.0, 0.05326706017384411], "k_pid_att": [0.0, 0.0001, 0.0], "k_pid_yaw": [0.5, 1e-06, 0.1], "k_pid_hsp": [0.0001, 0.0, 0.0], "k_pid_vsp": [400.0, 1e-06, 1e-06]}, "datetime": {"datetime": "2025-08-20 12:35:46", "elapsed": 2601.552956342697, "delta": 21.34488034248352}, "costs": {"total_cost": 1322.5636574617852, "time_cost": 150, "final_distance_cost": 133.50732776855332, "oscillation_cost": 2.0106862550010596, "completition_cost": 888.8888888888888, "overshoot_cost": 122.16376731798356, "power_cost": 12.952226940917969, "noise_cost": 13.040760290440403, "n_waypoints_completed": 1, "tot_waypoints": 9}}
{"target": -1217.589010390577, "params": {"k_pid_pos": [2.0, 0.0, 0.6490836358854015], "k_pid_alt": [0.7029204350880006, 0.0, 0.0], "k_pid_att": [5.850492766976824, 0.5240007079578536, 0.07797494076543073], "k_pid_yaw": [0.5, 1e-06, 0.1], "k_pid_hsp": [0.0001, 0.015286443120719279, 0.0], "k_pid_vsp": [400.0, 1e-06, 1e-06]}, "datetime": {"datetime": "2025-08-20 12:36:09", "elapsed": 2623.5676815509796, "delta": 22.01472520828247}, "costs": {"total_cost": 1217.589010390577, "time_cost": 150, "final_distance_cost": 63.794705530150345, "oscillation_cost": 4.617499864322005, "completition_cost": 888.8888888888888, "overshoot_cost": 84.36853430921141, "power_cost": 12.905947534179688, "noise_cost": 13.013434263824912, "n_waypoints_completed": 1, "tot_waypoints": 9}}
{"target": -1197.64605593486, "params": {"k_pid_pos": [1.2282636947666796, 0.0, 0.8397270111004341], "k_pid_alt": [0.7329079023896892, 0.0, 0.0], "k_pid_att": [8.770524093879335, 0.0001, 0.0], "k_pid_yaw": [0.5, 1e-06, 0.1], "k_pid_hsp": [0.0001, 0.0, 0.0], "k_pid_vsp": [400.0, 1e-06, 1e-06]}, "datetime": {"datetime": "2025-08-20 12:36:30", "elapsed": 2644.985095500946, "delta": 21.41741394996643}, "costs": {"total_cost": 1197.64605593486, "time_cost": 150, "final_distance_cost": 46.32613613957343, "oscillation_cost": 4.736568275307306, "completition_cost": 888.8888888888888, "overshoot_cost": 81.97570507212087, "power_cost": 12.777596923828126, "noise_cost": 12.941160635141426, "n_waypoints_completed": 1, "tot_waypoints": 9}}
{"target": -359.0467663829538, "params": {"k_pid_pos": [1.5698671690387047, 0.0, 0.8185415645749325], "k_pid_alt": [0.8894969051580559, 0.0, 0.6188257444491861], "k_pid_att": [14.280916584864258, 0.18028602927326082, 0.0], "k_pid_yaw": [0.5, 1e-06, 0.1], "k_pid_hsp": [10.0, 0.9061330341838191, 0.0], "k_pid_vsp": [400.0, 162.91509149208724, 76.80113604651834]}, "datetime": {"datetime": "2025-08-20 12:36:46", "elapsed": 2661.065001010895, "delta": 16.07990550994873}, "costs": {"total_cost": 359.0467663829538, "time_cost": 74.608, "final_distance_cost": 1.8536062627516126, "oscillation_cost": 200.24092955570654, "completition_cost": 0.0, "overshoot_cost": 49.416585116855096, "power_cost": 19.071551696777345, "noise_cost": 13.856093750863193, "n_waypoints_completed": 9, "tot_waypoints": 9}}
{"target": -209.71883438337306, "params": {"k_pid_pos": [1.103141770892625, 0.8326062286268807, 0.6362471689043285], "k_pid_alt": [0.9203213686177174, 0.0, 0.0], "k_pid_att": [1.1875798436104397, 0.3497181484949491, 0.0], "k_pid_yaw": [0.5, 1e-06, 0.1], "k_pid_hsp": [0.2746036018812168, 0.0, 0.0], "k_pid_vsp": [277.7924864754025, 1e-06, 1e-06]}, "datetime": {"datetime": "2025-08-20 12:37:04", "elapsed": 2679.55243062973, "delta": 18.48742961883545}, "costs": {"total_cost": 209.71883438337306, "time_cost": 82.56, "final_distance_cost": 1.767198353751652, "oscillation_cost": 44.926104477112524, "completition_cost": 0.0, "overshoot_cost": 52.69275214203919, "power_cost": 14.679836389160156, "noise_cost": 13.092943021309525, "n_waypoints_completed": 9, "tot_waypoints": 9}}
{"target": -178.52987364347086, "params": {"k_pid_pos": [1.765345682223878, 0.0, 1.0], "k_pid_alt": [0.8302074538260713, 0.0, 0.001984857694548703], "k_pid_att": [24.40217446200159, 0.0001, 0.18258078976887707], "k_pid_yaw": [0.5, 1e-06, 0.1], "k_pid_hsp": [0.34675059439309286, 0.0, 0.0], "k_pid_vsp": [400.0, 127.44180341264246, 1e-06]}, "datetime": {"datetime": "2025-08-20 12:37:20", "elapsed": 2695.053516626358, "delta": 15.501085996627808}, "costs": {"total_cost": 178.52987364347086, "time_cost": 72.2, "final_distance_cost": 1.8424056119781655, "oscillation_cost": 29.500301234093936, "completition_cost": 0.0, "overshoot_cost": 50.54448030238739, "power_cost": 12.620782409667969, "noise_cost": 11.821904085343405, "n_waypoints_completed": 9, "tot_waypoints": 9}}
