{"target": -171.9089850300242, "params": {"k_pid_pos": [1.317707717437745, 0.0, 0.6553070599286381], "k_pid_alt": [1.9999010197289082, 0.0, 0.0], "k_pid_att": [27.55893285059399, 0.0001, 0.3195540824388656], "k_pid_yaw": [0.5, 1e-06, 0.1], "k_pid_hsp": [0.10198004335417857, 5.028591908747622e-05, 0.0], "k_pid_vsp": [248.07581195685174, 367.5637232344993, 1e-06]}, "datetime": {"datetime": "2025-08-20 22:56:53", "elapsed": 39868.01700615883, "delta": 17.02095341682434}, "costs": {"total_cost": 171.9089850300242, "time_cost": 70.672, "final_distance_cost": 1.818434325232282, "oscillation_cost": 25.262264851877934, "completition_cost": 0.0, "overshoot_cost": 51.275152942998105, "power_cost": 11.608571203613282, "noise_cost": 11.272561706302612, "n_waypoints_completed": 9, "tot_waypoints": 9}}
{"target": -173.26603395432576, "params": {"k_pid_pos": [1.2657781046336858, 0.0, 0.6721059189809632], "k_pid_alt": [2.0, 0.0, 0.0], "k_pid_att": [27.889707423598427, 0.0001, 0.2957934518736605], "k_pid_yaw": [0.5, 1e-06, 0.1], "k_pid_hsp": [0.08969535736048584, 5.8558388735577254e-05, 0.0], "k_pid_vsp": [247.184147159716, 375.29239115356705, 1e-06]}, "datetime": {"datetime": "2025-08-20 22:57:08", "elapsed": 39883.32219290733, "delta": 15.305186748504639}, "costs": {"total_cost": 173.26603395432576, "time_cost": 70.872, "final_distance_cost": 1.8191710776612617, "oscillation_cost": 24.72677053099207, "completition_cost": 0.0, "overshoot_cost": 52.038821736008025, "power_cost": 12.214377722167969, "noise_cost": 11.594892887496437, "n_waypoints_completed": 9, "tot_waypoints": 9}}
{"target": -171.71163406920394, "params": {"k_pid_pos": [1.3206220281884906, 0.0, 0.685444868471844], "k_pid_alt": [1.9999388903126827, 0.0, 0.0], "k_pid_att": [27.18531036660453, 0.0001, 0.320278543361158], "k_pid_yaw": [0.5, 1e-06, 0.1], "k_pid_hsp": [0.08682943240342492, 6.207763360475839e-05, 0.0], "k_pid_vsp": [243.19791234010424, 363.60229616555137, 1e-06]}, "datetime": {"datetime": "2025-08-20 22:57:25", "elapsed": 39900.366099357605, "delta": 17.043906450271606}, "costs": {"total_cost": 171.71163406920394, "time_cost": 70.76, "final_distance_cost": 1.831947433281244, "oscillation_cost": 24.685802693811958, "completition_cost": 0.0, "overshoot_cost": 51.577284412732354, "power_cost": 11.66435643310547, "noise_cost": 11.192243096272893, "n_waypoints_completed": 9, "tot_waypoints": 9}}
{"target": -171.54271920308196, "params": {"k_pid_pos": [1.3685358690985596, 0.0, 0.6366503676309473], "k_pid_alt": [1.999931429703058, 0.0, 0.0], "k_pid_att": [31.130618732006642, 0.0001, 0.32052665249448237], "k_pid_yaw": [0.5, 1e-06, 0.1], "k_pid_hsp": [0.1053035244251494, 0.000124570436679214, 0.0], "k_pid_vsp": [249.8233379440734, 382.5018613475221, 1e-06]}, "datetime": {"datetime": "2025-08-20 22:57:41", "elapsed": 39915.72360444069, "delta": 15.357505083084106}, "costs": {"total_cost": 171.54271920308196, "time_cost": 70.47200000000001, "final_distance_cost": 1.8107921331404153, "oscillation_cost": 25.498532987177544, "completition_cost": 0.0, "overshoot_cost": 51.09575522077009, "power_cost": 11.54750672607422, "noise_cost": 11.118132135919678, "n_waypoints_completed": 9, "tot_waypoints": 9}}
{"target": -172.61599570191694, "params": {"k_pid_pos": [1.3193852173245852, 0.0, 0.611678266462104], "k_pid_alt": [1.9998871797513225, 0.0, 0.0], "k_pid_att": [24.368198527549453, 0.0001, 0.32291008147953426], "k_pid_yaw": [0.5, 1e-06, 0.1], "k_pid_hsp": [0.09077437296700083, 9.624617793391001e-05, 0.0], "k_pid_vsp": [242.4477710986075, 385.1959937868304, 1e-06]}, "datetime": {"datetime": "2025-08-20 22:57:58", "elapsed": 39933.05777812004, "delta": 17.334173679351807}, "costs": {"total_cost": 172.61599570191694, "time_cost": 70.56, "final_distance_cost": 1.801843512104246, "oscillation_cost": 25.279533622111185, "completition_cost": 0.0, "overshoot_cost": 51.41466510904092, "power_cost": 12.078922351074219, "noise_cost": 11.481031107586364, "n_waypoints_completed": 9, "tot_waypoints": 9}}
{"target": -172.43558489947594, "params": {"k_pid_pos": [1.3430761283592716, 0.0, 0.646596199282771], "k_pid_alt": [2.0, 0.0, 0.0], "k_pid_att": [26.307962440141637, 0.0001, 0.32255741072459815], "k_pid_yaw": [0.5, 1e-06, 0.1], "k_pid_hsp": [0.09048381104618641, 5.9847337536312185e-05, 0.0], "k_pid_vsp": [240.68237591936523, 375.61481213367165, 1e-06]}, "datetime": {"datetime": "2025-08-20 22:58:15", "elapsed": 39950.48085951805, "delta": 17.423081398010254}, "costs": {"total_cost": 172.43558489947594, "time_cost": 70.56, "final_distance_cost": 1.8280349464900292, "oscillation_cost": 25.32029749831406, "completition_cost": 0.0, "overshoot_cost": 51.494996446727846, "power_cost": 11.815139135742188, "noise_cost": 11.417116872201792, "n_waypoints_completed": 9, "tot_waypoints": 9}}
{"target": -171.54566352638267, "params": {"k_pid_pos": [1.3095106110845631, 0.0, 0.4636620952408207], "k_pid_alt": [1.999871391678895, 0.0, 0.0], "k_pid_att": [27.56691384076322, 0.0001, 0.32802986184548216], "k_pid_yaw": [0.5, 1e-06, 0.1], "k_pid_hsp": [0.09010338407298767, 7.858346795435139e-05, 0.0], "k_pid_vsp": [244.58728743684813, 380.0025586004514, 1e-06]}, "datetime": {"datetime": "2025-08-20 22:58:31", "elapsed": 39965.957730293274, "delta": 15.476870775222778}, "costs": {"total_cost": 171.54566352638267, "time_cost": 70.264, "final_distance_cost": 1.818768380702693, "oscillation_cost": 25.653486977855525, "completition_cost": 0.0, "overshoot_cost": 51.27687465231212, "power_cost": 11.511413598632814, "noise_cost": 11.021119916879513, "n_waypoints_completed": 9, "tot_waypoints": 9}}
{"target": -174.06906831675974, "params": {"k_pid_pos": [1.343258821559097, 0.0, 1.0], "k_pid_alt": [1.9998881198174072, 0.0, 0.0], "k_pid_att": [43.811611016817025, 0.0001, 0.21970637426415113], "k_pid_yaw": [0.5, 1e-06, 0.1], "k_pid_hsp": [0.10293568832151821, 0.002309787302847653, 0.0], "k_pid_vsp": [250.4297669547943, 284.89639983007044, 1e-06]}, "datetime": {"datetime": "2025-08-20 22:58:49", "elapsed": 39983.614248514175, "delta": 17.65651822090149}, "costs": {"total_cost": 174.06906831675974, "time_cost": 71.968, "final_distance_cost": 1.8415871933069619, "oscillation_cost": 25.02158016868029, "completition_cost": 0.0, "overshoot_cost": 51.36735683317734, "power_cost": 12.105793933105469, "noise_cost": 11.76475018848967, "n_waypoints_completed": 9, "tot_waypoints": 9}}
{"target": -172.2972972118713, "params": {"k_pid_pos": [1.337931624180211, 0.0, 0.5968936117656894], "k_pid_alt": [1.999917230140578, 0.0, 0.0], "k_pid_att": [17.744772562131494, 0.0001, 0.3407700271954151], "k_pid_yaw": [0.5, 1e-06, 0.1], "k_pid_hsp": [0.08643204986112708, 5.7238863517024266e-05, 0.0], "k_pid_vsp": [254.78146451378328, 389.236175822997, 1e-06]}, "datetime": {"datetime": "2025-08-20 22:59:04", "elapsed": 39999.098640441895, "delta": 15.484391927719116}, "costs": {"total_cost": 172.2972972118713, "time_cost": 70.488, "final_distance_cost": 1.8103374646108716, "oscillation_cost": 25.31531549442805, "completition_cost": 0.0, "overshoot_cost": 51.46473668855267, "power_cost": 11.984017041015626, "noise_cost": 11.234890523264086, "n_waypoints_completed": 9, "tot_waypoints": 9}}
{"target": -172.16235893224885, "params": {"k_pid_pos": [1.3763499075123884, 0.0, 0.645930056461715], "k_pid_alt": [1.9998810229926054, 0.0, 0.0], "k_pid_att": [24.925651628783186, 0.0001, 0.3245013541374001], "k_pid_yaw": [0.5, 1e-06, 0.1], "k_pid_hsp": [0.09118612891078445, 3.2818425351005635e-05, 0.0], "k_pid_vsp": [238.08283673528356, 359.466778897704, 1e-06]}, "datetime": {"datetime": "2025-08-20 22:59:22", "elapsed": 40016.57796835899, "delta": 17.479327917099}, "costs": {"total_cost": 172.16235893224885, "time_cost": 70.52, "final_distance_cost": 1.8087161101028355, "oscillation_cost": 25.55785258944826, "completition_cost": 0.0, "overshoot_cost": 51.21715632516465, "power_cost": 11.784721447753906, "noise_cost": 11.273912459779224, "n_waypoints_completed": 9, "tot_waypoints": 9}}
{"target": -173.80598359093375, "params": {"k_pid_pos": [1.4177503282829202, 0.0, 0.8406616891839432], "k_pid_alt": [1.9998139928101106, 0.0, 0.0], "k_pid_att": [22.86026540689916, 0.0001, 0.28745297127219027], "k_pid_yaw": [0.5, 1e-06, 0.1], "k_pid_hsp": [0.06621337314628331, 5.9106606817094626e-05, 0.0], "k_pid_vsp": [248.2631658526108, 365.41755605665486, 1e-06]}, "datetime": {"datetime": "2025-08-20 22:59:37", "elapsed": 40032.34608078003, "delta": 15.768112421035767}, "costs": {"total_cost": 173.80598359093375, "time_cost": 71.52, "final_distance_cost": 1.800525436954248, "oscillation_cost": 24.26230620943775, "completition_cost": 0.0, "overshoot_cost": 52.550425523709244, "power_cost": 12.023568029785157, "noise_cost": 11.649158391047342, "n_waypoints_completed": 9, "tot_waypoints": 9}}
{"target": -171.3613829464841, "params": {"k_pid_pos": [1.3538819631596737, 0.0, 0.6991254305502191], "k_pid_alt": [1.999946617844982, 0.0, 0.0], "k_pid_att": [24.305796985060983, 0.0001, 0.31061753354082766], "k_pid_yaw": [0.5, 1e-06, 0.1], "k_pid_hsp": [0.11183838111173708, 4.212806926133409e-05, 0.0], "k_pid_vsp": [232.4824847167983, 371.44333678120535, 1e-06]}, "datetime": {"datetime": "2025-08-20 22:59:53", "elapsed": 40048.11776185036, "delta": 15.771681070327759}, "costs": {"total_cost": 171.3613829464841, "time_cost": 70.664, "final_distance_cost": 1.8403341410246592, "oscillation_cost": 25.481668811544726, "completition_cost": 0.0, "overshoot_cost": 50.84469408769586, "power_cost": 11.415391479492188, "noise_cost": 11.115294426726644, "n_waypoints_completed": 9, "tot_waypoints": 9}}
{"target": -179.5329860838651, "params": {"k_pid_pos": [1.3661713904379749, 0.0, 0.6384667719343577], "k_pid_alt": [1.999963727777274, 0.0, 0.0], "k_pid_att": [29.355618992354014, 0.0001, 0.32488840711264766], "k_pid_yaw": [0.5, 1e-06, 0.1], "k_pid_hsp": [0.04495499984885124, 7.893839960419554e-05, 0.0], "k_pid_vsp": [249.93461166481347, 385.9122395123595, 1e-06]}, "datetime": {"datetime": "2025-08-20 23:00:11", "elapsed": 40066.27598929405, "delta": 18.15822744369507}, "costs": {"total_cost": 179.5329860838651, "time_cost": 76.904, "final_distance_cost": 1.7984311502308616, "oscillation_cost": 21.00150379447604, "completition_cost": 0.0, "overshoot_cost": 55.05375357434621, "power_cost": 12.46458994140625, "noise_cost": 12.310707623405726, "n_waypoints_completed": 9, "tot_waypoints": 9}}
{"target": -172.61113798109304, "params": {"k_pid_pos": [1.351315138857579, 0.0, 0.8278635302500043], "k_pid_alt": [1.999948687682253, 0.0, 0.0], "k_pid_att": [41.21755865169416, 0.0001, 0.3077265172381241], "k_pid_yaw": [0.5, 1e-06, 0.1], "k_pid_hsp": [0.08984883094150027, 0.0, 0.0], "k_pid_vsp": [262.57371985175604, 284.88148293519635, 1e-06]}, "datetime": {"datetime": "2025-08-20 23:00:28", "elapsed": 40083.05626249313, "delta": 16.78027319908142}, "costs": {"total_cost": 172.61113798109304, "time_cost": 71.208, "final_distance_cost": 1.8330506825785087, "oscillation_cost": 24.32593488187727, "completition_cost": 0.0, "overshoot_cost": 51.653621283957655, "power_cost": 12.107292724609376, "noise_cost": 11.483238408070227, "n_waypoints_completed": 9, "tot_waypoints": 9}}
{"target": -171.62166288909273, "params": {"k_pid_pos": [1.3162490871623105, 0.0, 0.6517942164704009], "k_pid_alt": [1.9998911559804715, 0.0, 0.0], "k_pid_att": [26.400646809799298, 0.0001, 0.31999495531784794], "k_pid_yaw": [0.5, 1e-06, 0.1], "k_pid_hsp": [0.0920227785454055, 6.054480069675646e-05, 0.0], "k_pid_vsp": [246.86166350204635, 342.1645759512132, 1e-06]}, "datetime": {"datetime": "2025-08-20 23:00:45", "elapsed": 40099.796264886856, "delta": 16.740002393722534}, "costs": {"total_cost": 171.62166288909273, "time_cost": 70.664, "final_distance_cost": 1.8230972584026546, "oscillation_cost": 25.009126781368987, "completition_cost": 0.0, "overshoot_cost": 50.92963983560065, "power_cost": 11.863145068359376, "noise_cost": 11.332653945361036, "n_waypoints_completed": 9, "tot_waypoints": 9}}
{"target": -172.23088494175758, "params": {"k_pid_pos": [1.275686349913335, 0.0, 0.8714257898577613], "k_pid_alt": [2.0, 0.0, 0.0], "k_pid_att": [27.277266685991247, 0.0001, 0.3184737016593924], "k_pid_yaw": [0.5, 1e-06, 0.1], "k_pid_hsp": [0.09747730894912413, 2.1986454996270935e-05, 0.0], "k_pid_vsp": [243.00606065273718, 352.7414106971209, 1e-06]}, "datetime": {"datetime": "2025-08-20 23:01:00", "elapsed": 40115.45904135704, "delta": 15.662776470184326}, "costs": {"total_cost": 172.23088494175758, "time_cost": 71.736, "final_distance_cost": 1.8374527474064157, "oscillation_cost": 24.229845459606032, "completition_cost": 0.0, "overshoot_cost": 50.89423758342425, "power_cost": 11.961455737304687, "noise_cost": 11.571893414016177, "n_waypoints_completed": 9, "tot_waypoints": 9}}
{"target": -171.64584599697383, "params": {"k_pid_pos": [1.4118313449396245, 0.0, 0.7305106887402004], "k_pid_alt": [1.9999453714984892, 0.0, 0.0], "k_pid_att": [27.228046384940985, 0.0001, 0.3168897390500847], "k_pid_yaw": [0.5, 1e-06, 0.1], "k_pid_hsp": [0.08722963878075311, 6.470210219830556e-05, 0.0], "k_pid_vsp": [239.7841987342538, 377.81943382479966, 1e-06]}, "datetime": {"datetime": "2025-08-20 23:01:18", "elapsed": 40133.251685619354, "delta": 17.792644262313843}, "costs": {"total_cost": 171.64584599697383, "time_cost": 70.624, "final_distance_cost": 1.799384286047387, "oscillation_cost": 25.327082659340824, "completition_cost": 0.0, "overshoot_cost": 50.92616744438977, "power_cost": 11.651225891113281, "noise_cost": 11.317985716082571, "n_waypoints_completed": 9, "tot_waypoints": 9}}
{"target": -171.90332462361116, "params": {"k_pid_pos": [1.2998880061474705, 0.0, 0.6799498384073376], "k_pid_alt": [1.9998940553370308, 0.0, 0.0], "k_pid_att": [27.046482020601765, 0.0001, 0.32044914243868905], "k_pid_yaw": [0.5, 1e-06, 0.1], "k_pid_hsp": [0.09074256017668414, 5.237070809255741e-05, 0.0], "k_pid_vsp": [243.68308778618774, 368.73939504856634, 1e-06]}, "datetime": {"datetime": "2025-08-20 23:01:34", "elapsed": 40149.01989746094, "delta": 15.768211841583252}, "costs": {"total_cost": 171.90332462361116, "time_cost": 70.8, "final_distance_cost": 1.820352934511153, "oscillation_cost": 24.97406767663248, "completition_cost": 0.0, "overshoot_cost": 51.59045696667365, "power_cost": 11.504644128417969, "noise_cost": 11.213802917375903, "n_waypoints_completed": 9, "tot_waypoints": 9}}
{"target": -172.30001578513978, "params": {"k_pid_pos": [1.3372746678425025, 0.0, 0.6024631524336947], "k_pid_alt": [1.9999507767032938, 0.0, 0.0], "k_pid_att": [27.25317312655533, 0.0001, 0.346560570309591], "k_pid_yaw": [0.5, 1e-06, 0.1], "k_pid_hsp": [0.0892310090011621, 5.3061265595379564e-05, 0.0], "k_pid_vsp": [276.1658912361553, 366.5585860730377, 1e-06]}, "datetime": {"datetime": "2025-08-20 23:01:50", "elapsed": 40165.410875320435, "delta": 16.39097785949707}, "costs": {"total_cost": 172.30001578513978, "time_cost": 70.504, "final_distance_cost": 1.815271444778062, "oscillation_cost": 25.428766125757324, "completition_cost": 0.0, "overshoot_cost": 51.26822587426273, "power_cost": 11.957743017578126, "noise_cost": 11.326009322763529, "n_waypoints_completed": 9, "tot_waypoints": 9}}
{"target": -171.58872240879145, "params": {"k_pid_pos": [1.3268414063581173, 0.0, 0.6454430650204552], "k_pid_alt": [1.9998926547716185, 0.0, 0.0], "k_pid_att": [28.046561632649194, 0.0001, 0.27961660261402677], "k_pid_yaw": [0.5, 1e-06, 0.1], "k_pid_hsp": [0.08983473265455165, 5.734647240792223e-05, 0.0], "k_pid_vsp": [245.1712752698623, 400.0, 1e-06]}, "datetime": {"datetime": "2025-08-20 23:02:07", "elapsed": 40182.25206446648, "delta": 16.84118914604187}, "costs": {"total_cost": 171.58872240879145, "time_cost": 70.616, "final_distance_cost": 1.8259727105207773, "oscillation_cost": 25.24469626981792, "completition_cost": 0.0, "overshoot_cost": 50.94400143048801, "power_cost": 11.681966955566407, "noise_cost": 11.27608504239835, "n_waypoints_completed": 9, "tot_waypoints": 9}}
{"target": -171.6933913768288, "params": {"k_pid_pos": [1.3455106083730362, 0.0, 0.6770942939248471], "k_pid_alt": [2.0, 0.0, 0.0], "k_pid_att": [28.964958584322343, 0.0001, 0.2828113736495961], "k_pid_yaw": [0.5, 1e-06, 0.1], "k_pid_hsp": [0.09812163904616603, 5.4425348943460696e-05, 0.0], "k_pid_vsp": [263.0157412923691, 375.73238852571893, 1e-06]}, "datetime": {"datetime": "2025-08-20 23:02:22", "elapsed": 40197.32717895508, "delta": 15.075114488601685}, "costs": {"total_cost": 171.6933913768288, "time_cost": 70.616, "final_distance_cost": 1.8264793748074273, "oscillation_cost": 25.13449035147136, "completition_cost": 0.0, "overshoot_cost": 51.36018459730128, "power_cost": 11.538703479003907, "noise_cost": 11.217533574244797, "n_waypoints_completed": 9, "tot_waypoints": 9}}
{"target": -171.380477109083, "params": {"k_pid_pos": [1.3128442105999911, 0.0, 0.6454652082349848], "k_pid_alt": [1.9998760487501006, 0.0, 0.0], "k_pid_att": [17.208720280066903, 0.0001, 0.30949537770743896], "k_pid_yaw": [0.5, 1e-06, 0.1], "k_pid_hsp": [0.13165121466665802, 5.831224686920905e-05, 0.0], "k_pid_vsp": [249.73806451670208, 374.96773825612894, 1e-06]}, "datetime": {"datetime": "2025-08-20 23:02:40", "elapsed": 40214.627402067184, "delta": 17.300223112106323}, "costs": {"total_cost": 171.380477109083, "time_cost": 70.616, "final_distance_cost": 1.8317794131833312, "oscillation_cost": 25.446599873189886, "completition_cost": 0.0, "overshoot_cost": 50.410961570420405, "power_cost": 11.761916223144532, "noise_cost": 11.313220029144835, "n_waypoints_completed": 9, "tot_waypoints": 9}}
{"target": -172.17972553493937, "params": {"k_pid_pos": [1.2724291456294274, 0.0, 0.6208625857755921], "k_pid_alt": [1.9998919190549536, 0.0, 0.0], "k_pid_att": [28.05401419348036, 0.0001, 0.31599126943722794], "k_pid_yaw": [0.5, 1e-06, 0.1], "k_pid_hsp": [0.09045588313401876, 7.888372766764142e-06, 0.0], "k_pid_vsp": [330.7658754313098, 381.83988307891866, 1e-06]}, "datetime": {"datetime": "2025-08-20 23:02:55", "elapsed": 40229.91766142845, "delta": 15.29025936126709}, "costs": {"total_cost": 172.17972553493937, "time_cost": 70.72, "final_distance_cost": 1.8173977477537977, "oscillation_cost": 24.799553177993015, "completition_cost": 0.0, "overshoot_cost": 51.202236726500246, "power_cost": 12.165916845703126, "noise_cost": 11.4746210369892, "n_waypoints_completed": 9, "tot_waypoints": 9}}
{"target": -172.05205398314865, "params": {"k_pid_pos": [1.3294979100675637, 0.0, 0.6300377346181092], "k_pid_alt": [1.9998869434794129, 0.0, 0.0], "k_pid_att": [26.101041462003547, 0.0001, 0.258592217657892], "k_pid_yaw": [0.5, 1e-06, 0.1], "k_pid_hsp": [0.09236419593440372, 7.924100053118444e-05, 0.0], "k_pid_vsp": [237.42157426451516, 371.5700659500522, 1e-06]}, "datetime": {"datetime": "2025-08-20 23:03:12", "elapsed": 40247.38905835152, "delta": 17.471396923065186}, "costs": {"total_cost": 172.05205398314865, "time_cost": 70.56, "final_distance_cost": 1.8194188093892356, "oscillation_cost": 25.318794983333092, "completition_cost": 0.0, "overshoot_cost": 51.353372974193775, "power_cost": 11.688807373046876, "noise_cost": 11.311659843185689, "n_waypoints_completed": 9, "tot_waypoints": 9}}
{"target": -172.43337893239425, "params": {"k_pid_pos": [1.0969861573076234, 0.0, 0.6972344775319824], "k_pid_alt": [1.999744581861399, 0.0, 0.0], "k_pid_att": [26.754045609457318, 0.0001, 0.28486087414863837], "k_pid_yaw": [0.5, 1e-06, 0.1], "k_pid_hsp": [0.0991429818937286, 0.0, 0.0], "k_pid_vsp": [242.99387956406972, 400.0, 1e-06]}, "datetime": {"datetime": "2025-08-20 23:03:28", "elapsed": 40262.9205622673, "delta": 15.531503915786743}, "costs": {"total_cost": 172.43337893239425, "time_cost": 71.984, "final_distance_cost": 1.841563131403967, "oscillation_cost": 24.075597480896914, "completition_cost": 0.0, "overshoot_cost": 51.0394861992464, "power_cost": 11.874721264648437, "noise_cost": 11.618010856198541, "n_waypoints_completed": 9, "tot_waypoints": 9}}
{"target": -171.9910461417223, "params": {"k_pid_pos": [1.3367584076920773, 0.0, 0.6507320949203015], "k_pid_alt": [1.9999047663188299, 0.0, 0.0], "k_pid_att": [28.671941852135532, 0.0001, 0.3139032342510796], "k_pid_yaw": [0.5, 1e-06, 0.1], "k_pid_hsp": [0.08958810221967906, 6.370925123841096e-05, 0.0], "k_pid_vsp": [249.1845339099159, 374.44282992129075, 1e-06]}, "datetime": {"datetime": "2025-08-20 23:03:45", "elapsed": 40280.30915784836, "delta": 17.388595581054688}, "costs": {"total_cost": 171.9910461417223, "time_cost": 70.60000000000001, "final_distance_cost": 1.814846406851858, "oscillation_cost": 25.253984845875852, "completition_cost": 0.0, "overshoot_cost": 50.93870320657086, "power_cost": 12.00103662109375, "noise_cost": 11.382475061329975, "n_waypoints_completed": 9, "tot_waypoints": 9}}
{"target": -171.34262524825522, "params": {"k_pid_pos": [1.3237104276488423, 0.0, 0.6537846578136944], "k_pid_alt": [1.9998875563606926, 0.0, 0.0], "k_pid_att": [22.846384198520113, 0.0001, 0.32059163323952755], "k_pid_yaw": [0.5, 1e-06, 0.1], "k_pid_hsp": [0.09154125070737448, 6.0644579691148136e-05, 0.0], "k_pid_vsp": [240.26582288568406, 370.91145329547464, 1e-06]}, "datetime": {"datetime": "2025-08-20 23:04:00", "elapsed": 40295.48134660721, "delta": 15.172188758850098}, "costs": {"total_cost": 171.34262524825522, "time_cost": 70.656, "final_distance_cost": 1.81793246795783, "oscillation_cost": 25.008749713048232, "completition_cost": 0.0, "overshoot_cost": 50.876654229958774, "power_cost": 11.720105541992188, "noise_cost": 11.263183295298195, "n_waypoints_completed": 9, "tot_waypoints": 9}}
