{"target": -171.3456869764653, "params": {"k_pid_pos": [1.360242838157561, 0.0, 0.6382800342328887], "k_pid_alt": [1.999671775636779, 0.0, 0.0], "k_pid_att": [30.429324974057504, 0.0001, 0.3122761683049628], "k_pid_yaw": [0.5, 1e-06, 0.1], "k_pid_hsp": [0.11346449631849087, 0.00021818751652402413, 0.0], "k_pid_vsp": [237.1138500806523, 384.8114776554743, 1e-06]}, "datetime": {"datetime": "2025-08-20 21:35:19", "elapsed": 34973.97852873802, "delta": 16.033851385116577}, "costs": {"total_cost": 171.3456869764653, "time_cost": 70.512, "final_distance_cost": 1.811863138682855, "oscillation_cost": 25.572410629871644, "completition_cost": 0.0, "overshoot_cost": 50.46710097559165, "power_cost": 11.719434545898437, "noise_cost": 11.262877686420717, "n_waypoints_completed": 9, "tot_waypoints": 9}}
{"target": -171.91525468715952, "params": {"k_pid_pos": [1.3223503426091578, 0.0, 0.6633778063182566], "k_pid_alt": [1.999887949715844, 0.0, 0.0], "k_pid_att": [25.41711793208265, 0.0001, 0.3162365890502388], "k_pid_yaw": [0.5, 1e-06, 0.1], "k_pid_hsp": [0.0976423523335511, 0.0001409672424285638, 0.0], "k_pid_vsp": [250.20058453310094, 395.8686065321435, 1e-06]}, "datetime": {"datetime": "2025-08-20 21:35:36", "elapsed": 34991.205879211426, "delta": 17.22735047340393}, "costs": {"total_cost": 171.91525468715952, "time_cost": 70.648, "final_distance_cost": 1.8183909099132407, "oscillation_cost": 25.095935290687255, "completition_cost": 0.0, "overshoot_cost": 51.13149898601136, "power_cost": 11.877408361816407, "noise_cost": 11.34402113873128, "n_waypoints_completed": 9, "tot_waypoints": 9}}
{"target": -171.9871471524864, "params": {"k_pid_pos": [1.3436179298249655, 0.0, 0.665622362343149], "k_pid_alt": [1.9790926879339716, 0.0, 0.0], "k_pid_att": [26.26314372107875, 0.0001, 0.3167836565429986], "k_pid_yaw": [0.5, 1e-06, 0.1], "k_pid_hsp": [0.10723642195588942, 4.4996745447754164e-05, 0.0], "k_pid_vsp": [272.9442620686384, 351.03016124135166, 1e-06]}, "datetime": {"datetime": "2025-08-20 21:35:52", "elapsed": 35007.063074588776, "delta": 15.857195377349854}, "costs": {"total_cost": 171.9871471524864, "time_cost": 70.584, "final_distance_cost": 1.8301538079255992, "oscillation_cost": 25.326028888799712, "completition_cost": 0.0, "overshoot_cost": 50.81548436278734, "power_cost": 12.026335229492188, "noise_cost": 11.405144863481562, "n_waypoints_completed": 9, "tot_waypoints": 9}}
{"target": -172.9599723870194, "params": {"k_pid_pos": [1.14812390775173, 0.0, 0.13891946428851193], "k_pid_alt": [1.9998480863619734, 0.0, 0.0], "k_pid_att": [25.181749842671838, 0.0001, 0.1934569394121145], "k_pid_yaw": [0.5, 1e-06, 0.1], "k_pid_hsp": [0.10245605133107133, 0.0, 0.0], "k_pid_vsp": [248.94799238690527, 392.90976068362374, 1e-06]}, "datetime": {"datetime": "2025-08-20 21:36:08", "elapsed": 35023.54381322861, "delta": 16.480738639831543}, "costs": {"total_cost": 172.9599723870194, "time_cost": 69.888, "final_distance_cost": 1.773976107158238, "oscillation_cost": 27.319051813228853, "completition_cost": 0.0, "overshoot_cost": 51.332358497166744, "power_cost": 11.61589267578125, "noise_cost": 11.030693293684315, "n_waypoints_completed": 9, "tot_waypoints": 9}}
{"target": -173.48872839637798, "params": {"k_pid_pos": [1.593013389766699, 0.0, 0.4699959275221174], "k_pid_alt": [1.9999132514142781, 0.0, 0.0], "k_pid_att": [40.79278820255534, 0.0001, 0.3350356067722611], "k_pid_yaw": [0.5, 1e-06, 0.1], "k_pid_hsp": [0.09406598467719308, 0.0008757813618380222, 0.0], "k_pid_vsp": [248.04520361797785, 252.37905021201357, 1e-06]}, "datetime": {"datetime": "2025-08-20 21:36:23", "elapsed": 35038.40504860878, "delta": 14.86123538017273}, "costs": {"total_cost": 173.48872839637798, "time_cost": 69.928, "final_distance_cost": 1.7996889596160441, "oscillation_cost": 27.398587828290104, "completition_cost": 0.0, "overshoot_cost": 51.37353263387773, "power_cost": 11.79276805419922, "noise_cost": 11.196150920394878, "n_waypoints_completed": 9, "tot_waypoints": 9}}
{"target": -171.57464964906126, "params": {"k_pid_pos": [1.3251070178176165, 0.0, 0.6043267945895292], "k_pid_alt": [1.999920963729174, 0.0, 0.0], "k_pid_att": [25.199823736927627, 0.0001, 0.3831763693335541], "k_pid_yaw": [0.5, 1e-06, 0.1], "k_pid_hsp": [0.08345858810198933, 4.772572311330074e-05, 0.0], "k_pid_vsp": [252.31369832574606, 398.6950756239743, 1e-06]}, "datetime": {"datetime": "2025-08-20 21:36:41", "elapsed": 35055.58916735649, "delta": 17.18411874771118}, "costs": {"total_cost": 171.57464964906126, "time_cost": 70.592, "final_distance_cost": 1.8006751806939791, "oscillation_cost": 25.38602860473793, "completition_cost": 0.0, "overshoot_cost": 50.90884755084789, "power_cost": 11.681935620117189, "noise_cost": 11.205162692664256, "n_waypoints_completed": 9, "tot_waypoints": 9}}
{"target": -172.81212346181516, "params": {"k_pid_pos": [1.3012120208589388, 0.0, 0.8717045409374226], "k_pid_alt": [1.9999700780583605, 0.0, 0.0], "k_pid_att": [25.336956266201806, 0.0001, 0.16501359136350013], "k_pid_yaw": [0.5, 1e-06, 0.1], "k_pid_hsp": [0.09722286679861578, 3.8285426877080874e-05, 0.0], "k_pid_vsp": [249.8967589869886, 400.0, 1e-06]}, "datetime": {"datetime": "2025-08-20 21:36:56", "elapsed": 35071.121098041534, "delta": 15.531930685043335}, "costs": {"total_cost": 172.81212346181516, "time_cost": 71.536, "final_distance_cost": 1.8270106093067766, "oscillation_cost": 24.553890926478353, "completition_cost": 0.0, "overshoot_cost": 51.40676956105197, "power_cost": 11.860109631347656, "noise_cost": 11.628342733630378, "n_waypoints_completed": 9, "tot_waypoints": 9}}
{"target": -174.48053521872896, "params": {"k_pid_pos": [1.3142862936628694, 0.0, 0.6923521190828672], "k_pid_alt": [1.999785695834126, 0.0, 0.0], "k_pid_att": [20.70240193101661, 0.0001, 0.2552057416269762], "k_pid_yaw": [0.5, 1e-06, 0.1], "k_pid_hsp": [0.05679312318039298, 8.845275598482566e-05, 0.0], "k_pid_vsp": [252.8775418527479, 400.0, 1e-06]}, "datetime": {"datetime": "2025-08-20 21:37:13", "elapsed": 35088.11517214775, "delta": 16.99407410621643}, "costs": {"total_cost": 174.48053521872896, "time_cost": 72.4, "final_distance_cost": 1.8117166978563466, "oscillation_cost": 22.77201857514019, "completition_cost": 0.0, "overshoot_cost": 53.732434883004025, "power_cost": 12.083848876953125, "noise_cost": 11.680516185775272, "n_waypoints_completed": 9, "tot_waypoints": 9}}
{"target": -171.91407982429305, "params": {"k_pid_pos": [1.378284701606209, 0.0, 0.6025146082424926], "k_pid_alt": [1.999909875939493, 0.0, 0.0], "k_pid_att": [32.37762661763669, 0.0001, 0.3796700134367469], "k_pid_yaw": [0.5, 1e-06, 0.1], "k_pid_hsp": [0.08777881722115698, 1.7265887059064825e-05, 0.0], "k_pid_vsp": [246.7907509078105, 400.0, 1e-06]}, "datetime": {"datetime": "2025-08-20 21:37:28", "elapsed": 35103.28978776932, "delta": 15.174615621566772}, "costs": {"total_cost": 171.91407982429305, "time_cost": 70.432, "final_distance_cost": 1.7982574495394248, "oscillation_cost": 25.4919884725562, "completition_cost": 0.0, "overshoot_cost": 51.66728148828571, "power_cost": 11.439454199218751, "noise_cost": 11.085098214692966, "n_waypoints_completed": 9, "tot_waypoints": 9}}
{"target": -172.7772581367756, "params": {"k_pid_pos": [1.4003125673730938, 0.0, 0.6208677362629531], "k_pid_alt": [1.9999027467682695, 0.0, 0.0], "k_pid_att": [37.92807975387385, 0.0001, 0.31835320798410727], "k_pid_yaw": [0.5, 1e-06, 0.1], "k_pid_hsp": [0.11315086488943461, 7.948693696804534e-05, 0.0], "k_pid_vsp": [251.4303279131318, 396.97777768529073, 1e-06]}, "datetime": {"datetime": "2025-08-20 21:37:45", "elapsed": 35119.90307474136, "delta": 16.6132869720459}, "costs": {"total_cost": 172.7772581367756, "time_cost": 70.392, "final_distance_cost": 1.8081700741341413, "oscillation_cost": 25.941489409212984, "completition_cost": 0.0, "overshoot_cost": 51.6117390396556, "power_cost": 11.72402890625, "noise_cost": 11.299830707522892, "n_waypoints_completed": 9, "tot_waypoints": 9}}
{"target": -172.2575979555141, "params": {"k_pid_pos": [1.6212726612883697, 0.0, 0.8278500047815126], "k_pid_alt": [1.999948240496064, 0.0, 0.0], "k_pid_att": [30.574914922522332, 0.0001, 0.29169642059256756], "k_pid_yaw": [0.5, 1e-06, 0.1], "k_pid_hsp": [0.09014279979876512, 4.4627705271604516e-05, 0.0], "k_pid_vsp": [264.9704312614509, 352.5348365358069, 1e-06]}, "datetime": {"datetime": "2025-08-20 21:38:01", "elapsed": 35136.28712797165, "delta": 16.384053230285645}, "costs": {"total_cost": 172.2575979555141, "time_cost": 70.4, "final_distance_cost": 1.8150235525484018, "oscillation_cost": 25.85132105634277, "completition_cost": 0.0, "overshoot_cost": 51.33776288184747, "power_cost": 11.649688269042969, "noise_cost": 11.203802195732498, "n_waypoints_completed": 9, "tot_waypoints": 9}}
{"target": -171.0534037969391, "params": {"k_pid_pos": [1.3087108594088357, 0.0, 0.6293907766253009], "k_pid_alt": [1.9998846072591654, 0.0, 0.0], "k_pid_att": [26.518125979679034, 0.0001, 0.3205514731652191], "k_pid_yaw": [0.5, 1e-06, 0.1], "k_pid_hsp": [0.08986762497647943, 5.8301975399354313e-05, 0.0], "k_pid_vsp": [249.88536983833018, 395.77016524133984, 1e-06]}, "datetime": {"datetime": "2025-08-20 21:38:21", "elapsed": 35155.572607040405, "delta": 19.285479068756104}, "costs": {"total_cost": 171.0534037969391, "time_cost": 70.632, "final_distance_cost": 1.8065921539780925, "oscillation_cost": 24.933029661094988, "completition_cost": 0.0, "overshoot_cost": 50.84223512575646, "power_cost": 11.643898010253906, "noise_cost": 11.195648845855658, "n_waypoints_completed": 9, "tot_waypoints": 9}}
{"target": -172.2050341335382, "params": {"k_pid_pos": [1.268394956806948, 0.0, 0.7714726522072153], "k_pid_alt": [2.0, 0.0, 0.0], "k_pid_att": [26.0065305644185, 0.0001, 0.32641625434292226], "k_pid_yaw": [0.5, 1e-06, 0.1], "k_pid_hsp": [0.10301909717810535, 2.1717273450228812e-05, 0.0], "k_pid_vsp": [237.7690735674396, 400.0, 1e-06]}, "datetime": {"datetime": "2025-08-20 21:38:37", "elapsed": 35171.742589235306, "delta": 16.169982194900513}, "costs": {"total_cost": 172.2050341335382, "time_cost": 71.248, "final_distance_cost": 1.8426945562591173, "oscillation_cost": 24.61069596786901, "completition_cost": 0.0, "overshoot_cost": 51.32538728582836, "power_cost": 11.829345764160157, "noise_cost": 11.348910559421537, "n_waypoints_completed": 9, "tot_waypoints": 9}}
{"target": -172.05336031948744, "params": {"k_pid_pos": [1.4220762162740102, 0.0, 0.6609160992502701], "k_pid_alt": [1.999855832752417, 0.0, 0.0], "k_pid_att": [17.755699107344153, 0.0001, 0.32159887669461734], "k_pid_yaw": [0.5, 1e-06, 0.1], "k_pid_hsp": [0.09426533403011368, 5.577804578719674e-05, 0.0], "k_pid_vsp": [301.6245828208475, 400.0, 1e-06]}, "datetime": {"datetime": "2025-08-20 21:38:53", "elapsed": 35188.3319106102, "delta": 16.58932137489319}, "costs": {"total_cost": 172.05336031948744, "time_cost": 70.384, "final_distance_cost": 1.800243580552555, "oscillation_cost": 25.548469911313866, "completition_cost": 0.0, "overshoot_cost": 51.115626524846284, "power_cost": 11.849056567382814, "noise_cost": 11.355963735391935, "n_waypoints_completed": 9, "tot_waypoints": 9}}
{"target": -171.39892393039594, "params": {"k_pid_pos": [1.3694724816182713, 0.0, 0.699861486985598], "k_pid_alt": [1.9999125251174799, 0.0, 0.0], "k_pid_att": [26.451599536188493, 0.0001, 0.3122862541494846], "k_pid_yaw": [0.5, 1e-06, 0.1], "k_pid_hsp": [0.09237077353306494, 0.00012127301247933023, 0.0], "k_pid_vsp": [229.11636130113777, 365.90000112910354, 1e-06]}, "datetime": {"datetime": "2025-08-20 21:39:10", "elapsed": 35204.774869680405, "delta": 16.44295907020569}, "costs": {"total_cost": 171.39892393039594, "time_cost": 70.656, "final_distance_cost": 1.8228439427137464, "oscillation_cost": 25.007777170901512, "completition_cost": 0.0, "overshoot_cost": 50.828116796195445, "power_cost": 11.7574537109375, "noise_cost": 11.326732309647726, "n_waypoints_completed": 9, "tot_waypoints": 9}}
{"target": -171.83159397388522, "params": {"k_pid_pos": [1.3207096954082982, 0.0, 0.669322710958456], "k_pid_alt": [1.9999029766712253, 0.0, 0.0], "k_pid_att": [33.76487707598905, 0.0001, 0.29677389786235064], "k_pid_yaw": [0.5, 1e-06, 0.1], "k_pid_hsp": [0.09051603045041477, 5.4825029272279524e-05, 0.0], "k_pid_vsp": [299.6462344938799, 400.0, 1e-06]}, "datetime": {"datetime": "2025-08-20 21:39:26", "elapsed": 35220.86923766136, "delta": 16.09436798095703}, "costs": {"total_cost": 171.83159397388522, "time_cost": 70.728, "final_distance_cost": 1.802630421821464, "oscillation_cost": 24.9985116085971, "completition_cost": 0.0, "overshoot_cost": 51.15800875944977, "power_cost": 11.852935375976562, "noise_cost": 11.29150780804033, "n_waypoints_completed": 9, "tot_waypoints": 9}}
{"target": -171.53225823988802, "params": {"k_pid_pos": [1.3340220268219138, 0.0, 0.6160582873061062], "k_pid_alt": [1.999892038307308, 0.0, 0.0], "k_pid_att": [27.07346394308647, 0.0001, 0.26226035528683767], "k_pid_yaw": [0.5, 1e-06, 0.1], "k_pid_hsp": [0.09328928882318506, 5.860597764558917e-05, 0.0], "k_pid_vsp": [250.40677547693045, 400.0, 1e-06]}, "datetime": {"datetime": "2025-08-20 21:39:42", "elapsed": 35236.962829351425, "delta": 16.093591690063477}, "costs": {"total_cost": 171.53225823988802, "time_cost": 70.536, "final_distance_cost": 1.7985076236710456, "oscillation_cost": 25.44003101678174, "completition_cost": 0.0, "overshoot_cost": 51.15374596596019, "power_cost": 11.443400305175782, "noise_cost": 11.160573328299275, "n_waypoints_completed": 9, "tot_waypoints": 9}}
{"target": -172.41701088115548, "params": {"k_pid_pos": [1.2633141172150313, 0.0, 0.530100233356776], "k_pid_alt": [2.0, 0.0, 0.0], "k_pid_att": [27.05136743127516, 0.0001, 0.31476890823541215], "k_pid_yaw": [0.5, 1e-06, 0.1], "k_pid_hsp": [0.08439962094093001, 4.959296222295771e-05, 0.0], "k_pid_vsp": [276.3010619710104, 393.09352018075316, 1e-06]}, "datetime": {"datetime": "2025-08-20 21:39:58", "elapsed": 35253.288938999176, "delta": 16.326109647750854}, "costs": {"total_cost": 172.41701088115548, "time_cost": 70.57600000000001, "final_distance_cost": 1.79252259129463, "oscillation_cost": 25.06554077825306, "completition_cost": 0.0, "overshoot_cost": 51.57309954795428, "power_cost": 11.992261474609375, "noise_cost": 11.417586489044139, "n_waypoints_completed": 9, "tot_waypoints": 9}}
{"target": -172.07420796837943, "params": {"k_pid_pos": [1.2993338939396972, 0.0, 0.6310041921738764], "k_pid_alt": [2.0, 0.0, 0.0], "k_pid_att": [14.798276602112406, 0.0001, 0.31093993049580687], "k_pid_yaw": [0.5, 1e-06, 0.1], "k_pid_hsp": [0.14144175690401176, 6.3617962252248e-05, 0.0], "k_pid_vsp": [246.883372342173, 382.83101101273496, 1e-06]}, "datetime": {"datetime": "2025-08-20 21:40:17", "elapsed": 35271.77366781235, "delta": 18.484728813171387}, "costs": {"total_cost": 172.07420796837943, "time_cost": 70.616, "final_distance_cost": 1.832908268108857, "oscillation_cost": 25.554782974795227, "completition_cost": 0.0, "overshoot_cost": 50.67011324222729, "power_cost": 11.97836512451172, "noise_cost": 11.422038358736332, "n_waypoints_completed": 9, "tot_waypoints": 9}}
{"target": -171.37117541744865, "params": {"k_pid_pos": [1.286086165907624, 0.0, 0.6193559923340752], "k_pid_alt": [1.99989410555647, 0.0, 0.0], "k_pid_att": [28.015559944620044, 0.0001, 0.2602085894494588], "k_pid_yaw": [0.5, 1e-06, 0.1], "k_pid_hsp": [0.09290680309290103, 9.92315715335297e-05, 0.0], "k_pid_vsp": [315.09968090152523, 395.0820466960489, 1e-06]}, "datetime": {"datetime": "2025-08-20 21:40:36", "elapsed": 35291.21025657654, "delta": 19.436588764190674}, "costs": {"total_cost": 171.37117541744865, "time_cost": 70.672, "final_distance_cost": 1.831397258206455, "oscillation_cost": 24.88187072810366, "completition_cost": 0.0, "overshoot_cost": 50.932714089432785, "power_cost": 11.792907275390625, "noise_cost": 11.260286066315128, "n_waypoints_completed": 9, "tot_waypoints": 9}}
{"target": -172.26173425602911, "params": {"k_pid_pos": [1.3126550415953213, 0.0, 0.6159679335163801], "k_pid_alt": [1.9998805050439583, 0.0, 0.0], "k_pid_att": [27.594951680863836, 0.0001, 0.33208204597899604], "k_pid_yaw": [0.5, 1e-06, 0.1], "k_pid_hsp": [0.09384782968697168, 5.906252674751524e-05, 0.0], "k_pid_vsp": [247.1345086820285, 394.28135671397183, 1e-06]}, "datetime": {"datetime": "2025-08-20 21:40:53", "elapsed": 35308.50787067413, "delta": 17.297614097595215}, "costs": {"total_cost": 172.26173425602911, "time_cost": 70.57600000000001, "final_distance_cost": 1.8080243509707576, "oscillation_cost": 25.291077443317686, "completition_cost": 0.0, "overshoot_cost": 51.41333478413399, "power_cost": 11.851617236328126, "noise_cost": 11.321680441278552, "n_waypoints_completed": 9, "tot_waypoints": 9}}
{"target": -172.48063639414585, "params": {"k_pid_pos": [1.4658694884139751, 0.0, 0.6827423103871244], "k_pid_alt": [1.9997019179583273, 0.0, 0.0], "k_pid_att": [27.184788842452555, 0.0001, 0.31102305857856], "k_pid_yaw": [0.5, 1e-06, 0.1], "k_pid_hsp": [0.11642268002447541, 0.00014078494658231532, 0.0], "k_pid_vsp": [245.10210672462009, 339.3103440221955, 1e-06]}, "datetime": {"datetime": "2025-08-20 21:41:10", "elapsed": 35325.33829021454, "delta": 16.830419540405273}, "costs": {"total_cost": 172.48063639414585, "time_cost": 70.376, "final_distance_cost": 1.8278667942487157, "oscillation_cost": 25.907386738115065, "completition_cost": 0.0, "overshoot_cost": 51.488293011418754, "power_cost": 11.647591125488281, "noise_cost": 11.233498724875036, "n_waypoints_completed": 9, "tot_waypoints": 9}}
{"target": -172.47439073949084, "params": {"k_pid_pos": [1.323449223125833, 0.0, 0.6438385293973484], "k_pid_alt": [1.9999398712992875, 0.0, 0.0], "k_pid_att": [19.363061759116444, 0.0001, 0.2864917628604174], "k_pid_yaw": [0.5, 1e-06, 0.1], "k_pid_hsp": [0.09517975979184068, 2.8246082840667323e-05, 0.0], "k_pid_vsp": [247.92739955834955, 400.0, 1e-06]}, "datetime": {"datetime": "2025-08-20 21:41:27", "elapsed": 35342.34620857239, "delta": 17.00791835784912}, "costs": {"total_cost": 172.47439073949084, "time_cost": 70.592, "final_distance_cost": 1.8268676161446469, "oscillation_cost": 25.32088633398636, "completition_cost": 0.0, "overshoot_cost": 51.34944106287115, "power_cost": 12.008661303710937, "noise_cost": 11.376534422777741, "n_waypoints_completed": 9, "tot_waypoints": 9}}
{"target": -171.97326730728517, "params": {"k_pid_pos": [1.3833884806009182, 0.0, 0.6390635517056018], "k_pid_alt": [1.9999136996379423, 0.0, 0.0], "k_pid_att": [31.87424389476027, 0.0001, 0.3336559962358461], "k_pid_yaw": [0.5, 1e-06, 0.1], "k_pid_hsp": [0.10096067314787405, 6.0099053312043726e-05, 0.0], "k_pid_vsp": [237.7744329994325, 378.42430003474124, 1e-06]}, "datetime": {"datetime": "2025-08-20 21:41:43", "elapsed": 35358.111129283905, "delta": 15.764920711517334}, "costs": {"total_cost": 171.97326730728517, "time_cost": 70.464, "final_distance_cost": 1.8145186649347504, "oscillation_cost": 25.57178002792044, "completition_cost": 0.0, "overshoot_cost": 51.288880767128994, "power_cost": 11.65044892578125, "noise_cost": 11.183638921519737, "n_waypoints_completed": 9, "tot_waypoints": 9}}
{"target": -172.25584162051976, "params": {"k_pid_pos": [1.2963414047334811, 0.0, 0.6106036167909918], "k_pid_alt": [1.9998912566373246, 0.0, 0.0], "k_pid_att": [24.666307382169805, 0.0001, 0.3180647532451282], "k_pid_yaw": [0.5, 1e-06, 0.1], "k_pid_hsp": [0.0805054120436991, 3.3495581408051305e-05, 0.0], "k_pid_vsp": [268.1739283195624, 394.8271673391848, 1e-06]}, "datetime": {"datetime": "2025-08-20 21:42:00", "elapsed": 35375.17114472389, "delta": 17.060015439987183}, "costs": {"total_cost": 172.25584162051976, "time_cost": 70.752, "final_distance_cost": 1.8232329813692225, "oscillation_cost": 24.781157958671646, "completition_cost": 0.0, "overshoot_cost": 51.77639884771238, "power_cost": 11.888407348632812, "noise_cost": 11.234644484133696, "n_waypoints_completed": 9, "tot_waypoints": 9}}
{"target": -172.43973572258167, "params": {"k_pid_pos": [1.3043744753784343, 0.0, 0.5671457434324801], "k_pid_alt": [1.9998753404585967, 0.0, 0.0], "k_pid_att": [21.707674261701495, 0.0001, 0.3096089254985469], "k_pid_yaw": [0.5, 1e-06, 0.1], "k_pid_hsp": [0.09186862183437922, 5.104954640334587e-05, 0.0], "k_pid_vsp": [245.4258805244319, 394.14169092140236, 1e-06]}, "datetime": {"datetime": "2025-08-20 21:42:16", "elapsed": 35390.958426475525, "delta": 15.78728175163269}, "costs": {"total_cost": 172.43973572258167, "time_cost": 70.47200000000001, "final_distance_cost": 1.8163645072471262, "oscillation_cost": 25.52049466988832, "completition_cost": 0.0, "overshoot_cost": 51.14396336668053, "power_cost": 12.123504516601564, "noise_cost": 11.363408662164126, "n_waypoints_completed": 9, "tot_waypoints": 9}}
{"target": -172.63546297917415, "params": {"k_pid_pos": [1.2621855089872391, 0.0, 0.6312646336709948], "k_pid_alt": [1.999887902662563, 0.0, 0.0], "k_pid_att": [25.081723566041255, 0.0001, 0.29714037192982884], "k_pid_yaw": [0.5, 1e-06, 0.1], "k_pid_hsp": [0.07495737067136288, 5.5527119704140926e-05, 0.0], "k_pid_vsp": [238.6378315910336, 371.78804700943596, 1e-06]}, "datetime": {"datetime": "2025-08-20 21:42:32", "elapsed": 35407.14862847328, "delta": 16.190201997756958}, "costs": {"total_cost": 172.63546297917415, "time_cost": 71.104, "final_distance_cost": 1.809029044146291, "oscillation_cost": 24.5205270195874, "completition_cost": 0.0, "overshoot_cost": 51.92993172642289, "power_cost": 11.838307873535157, "noise_cost": 11.433667315482444, "n_waypoints_completed": 9, "tot_waypoints": 9}}
