{"target": -172.25832137465375, "params": {"k_pid_pos": [1.4925580389803161, 0.0, 0.7807193266939476], "k_pid_alt": [2.0, 0.0, 0.0], "k_pid_att": [15.674270989302524, 0.0001, 0.31161375843686967], "k_pid_yaw": [0.5, 1e-06, 0.1], "k_pid_hsp": [0.10336655592110082, 0.0002294638778366057, 0.0], "k_pid_vsp": [270.01083012074696, 347.41132167930465, 1e-06]}, "datetime": {"datetime": "2025-08-20 17:34:13", "elapsed": 20508.245127916336, "delta": 15.67910099029541}, "costs": {"total_cost": 172.25832137465375, "time_cost": 70.488, "final_distance_cost": 1.8365399333559878, "oscillation_cost": 25.568403410564606, "completition_cost": 0.0, "overshoot_cost": 51.202147395216755, "power_cost": 11.86717431640625, "noise_cost": 11.29605631911015, "n_waypoints_completed": 9, "tot_waypoints": 9}}
{"target": -172.7694572028262, "params": {"k_pid_pos": [1.3194462068208317, 0.0, 0.777468800803331], "k_pid_alt": [2.0, 0.0, 0.0], "k_pid_att": [35.169258318753776, 0.0001, 0.24192245876666332], "k_pid_yaw": [0.5, 1e-06, 0.1], "k_pid_hsp": [0.0960856604527338, 0.00017330981983353116, 0.0], "k_pid_vsp": [273.1584037093633, 347.0050692314264, 1e-06]}, "datetime": {"datetime": "2025-08-20 17:34:29", "elapsed": 20524.091978788376, "delta": 15.846850872039795}, "costs": {"total_cost": 172.7694572028262, "time_cost": 71.104, "final_distance_cost": 1.8323993214758854, "oscillation_cost": 24.72876993332046, "completition_cost": 0.0, "overshoot_cost": 51.24202706995664, "power_cost": 12.286359741210939, "noise_cost": 11.57590113686228, "n_waypoints_completed": 9, "tot_waypoints": 9}}
{"target": -173.23621071511613, "params": {"k_pid_pos": [1.6083275931005738, 0.0, 0.7807264081434123], "k_pid_alt": [2.0, 0.0, 0.0], "k_pid_att": [10.404475087233642, 0.0001, 0.21121428789752927], "k_pid_yaw": [0.5, 1e-06, 0.1], "k_pid_hsp": [0.1325747628538092, 0.00023006718192026743, 0.0], "k_pid_vsp": [284.7130478426909, 362.38330556658553, 1e-06]}, "datetime": {"datetime": "2025-08-20 17:34:46", "elapsed": 20540.75239443779, "delta": 16.660415649414062}, "costs": {"total_cost": 173.23621071511613, "time_cost": 70.19200000000001, "final_distance_cost": 1.8226002032851036, "oscillation_cost": 26.825586699657425, "completition_cost": 0.0, "overshoot_cost": 50.784309483648656, "power_cost": 12.201422656250001, "noise_cost": 11.410291672274932, "n_waypoints_completed": 9, "tot_waypoints": 9}}
{"target": -172.13249418374545, "params": {"k_pid_pos": [1.4963859423130799, 0.0, 0.8707533404353717], "k_pid_alt": [2.0, 0.0, 0.0], "k_pid_att": [27.60180796769054, 0.0001, 0.2374926175140962], "k_pid_yaw": [0.5, 1e-06, 0.1], "k_pid_hsp": [0.13621090499020752, 0.0001610759374534456, 0.0], "k_pid_vsp": [250.03232780868802, 352.7146476647231, 1e-06]}, "datetime": {"datetime": "2025-08-20 17:35:02", "elapsed": 20556.692439079285, "delta": 15.940044641494751}, "costs": {"total_cost": 172.13249418374545, "time_cost": 70.744, "final_distance_cost": 1.8424305865671526, "oscillation_cost": 25.5143957931631, "completition_cost": 0.0, "overshoot_cost": 50.701422542167606, "power_cost": 11.858167065429688, "noise_cost": 11.472078196417929, "n_waypoints_completed": 9, "tot_waypoints": 9}}
{"target": -172.53080729780544, "params": {"k_pid_pos": [1.3778115865520553, 0.0, 0.7910554181032207], "k_pid_alt": [1.8946155012759076, 0.0, 0.0], "k_pid_att": [10.02640548545704, 0.0001, 0.25720064691937783], "k_pid_yaw": [0.5, 1e-06, 0.1], "k_pid_hsp": [0.1242678806263039, 0.00036306302434653754, 0.0], "k_pid_vsp": [232.25892901972503, 329.6171705930061, 1e-06]}, "datetime": {"datetime": "2025-08-20 17:35:17", "elapsed": 20571.65294933319, "delta": 14.96051025390625}, "costs": {"total_cost": 172.53080729780544, "time_cost": 70.712, "final_distance_cost": 1.8298020535485813, "oscillation_cost": 25.3420291447724, "completition_cost": 0.0, "overshoot_cost": 51.17706629847994, "power_cost": 12.006375817871094, "noise_cost": 11.463533983133425, "n_waypoints_completed": 9, "tot_waypoints": 9}}
{"target": -175.48592108295585, "params": {"k_pid_pos": [1.9070081066786027, 0.0, 0.9142310490746591], "k_pid_alt": [2.0, 0.0, 0.0], "k_pid_att": [34.19707737713527, 0.0001, 0.09120997440133163], "k_pid_yaw": [0.5, 1e-06, 0.1], "k_pid_hsp": [0.09545008074152829, 0.00022219425342075483, 0.0], "k_pid_vsp": [253.0190149168924, 236.133470571793, 1e-06]}, "datetime": {"datetime": "2025-08-20 17:35:32", "elapsed": 20587.541534662247, "delta": 15.888585329055786}, "costs": {"total_cost": 175.48592108295585, "time_cost": 70.208, "final_distance_cost": 1.815398833381549, "oscillation_cost": 28.424586515407107, "completition_cost": 0.0, "overshoot_cost": 51.660733073375035, "power_cost": 12.012297900390626, "noise_cost": 11.364904760401549, "n_waypoints_completed": 9, "tot_waypoints": 9}}
{"target": -172.1475878941539, "params": {"k_pid_pos": [1.4326063977109438, 0.0, 0.8097208914191761], "k_pid_alt": [2.0, 0.0, 0.0], "k_pid_att": [19.75087134733323, 0.0001, 0.16229632351934295], "k_pid_yaw": [0.5, 1e-06, 0.1], "k_pid_hsp": [0.11720677586685002, 0.00020824687954353857, 0.0], "k_pid_vsp": [270.4602464333303, 360.146860443201, 1e-06]}, "datetime": {"datetime": "2025-08-20 17:35:48", "elapsed": 20603.023141145706, "delta": 15.481606483459473}, "costs": {"total_cost": 172.1475878941539, "time_cost": 70.752, "final_distance_cost": 1.838590483717137, "oscillation_cost": 25.3862832953732, "completition_cost": 0.0, "overshoot_cost": 50.929020817620376, "power_cost": 11.874788098144531, "noise_cost": 11.36690519929865, "n_waypoints_completed": 9, "tot_waypoints": 9}}
{"target": -172.3969220058436, "params": {"k_pid_pos": [1.4377862693470225, 0.0, 0.599737624380648], "k_pid_alt": [2.0, 0.0, 0.0], "k_pid_att": [21.568413823943448, 0.0001, 0.25217413979081793], "k_pid_yaw": [0.5, 1e-06, 0.1], "k_pid_hsp": [0.10923586268419341, 0.0004249580885208842, 0.0], "k_pid_vsp": [265.1404054462649, 323.418207823737, 1e-06]}, "datetime": {"datetime": "2025-08-20 17:36:04", "elapsed": 20619.266054153442, "delta": 16.242913007736206}, "costs": {"total_cost": 172.3969220058436, "time_cost": 70.21600000000001, "final_distance_cost": 1.8319112516760647, "oscillation_cost": 26.128261685643785, "completition_cost": 0.0, "overshoot_cost": 51.097979364302674, "power_cost": 11.929668029785157, "noise_cost": 11.19310167443594, "n_waypoints_completed": 9, "tot_waypoints": 9}}
{"target": -172.55202631742242, "params": {"k_pid_pos": [1.4809084903836585, 0.005586898739932182, 0.7454294034787258], "k_pid_alt": [2.0, 0.0, 0.0], "k_pid_att": [40.82467661890374, 0.0001, 0.23272287539935313], "k_pid_yaw": [0.5, 1e-06, 0.1], "k_pid_hsp": [0.11152417649151637, 1.815957794918032e-05, 0.0], "k_pid_vsp": [249.23048885559766, 368.4226392700016, 1e-06]}, "datetime": {"datetime": "2025-08-20 17:36:20", "elapsed": 20635.045323371887, "delta": 15.779269218444824}, "costs": {"total_cost": 172.55202631742242, "time_cost": 70.488, "final_distance_cost": 1.8209735724532001, "oscillation_cost": 25.795059543714018, "completition_cost": 0.0, "overshoot_cost": 51.29735257917854, "power_cost": 11.868148315429687, "noise_cost": 11.282492306646951, "n_waypoints_completed": 9, "tot_waypoints": 9}}
{"target": -172.4978710147783, "params": {"k_pid_pos": [1.419061950472869, 0.0, 0.7281124449547591], "k_pid_alt": [1.9645775041435138, 0.0, 0.0], "k_pid_att": [26.520606521812343, 0.0001, 0.2707778536740185], "k_pid_yaw": [0.5, 1e-06, 0.1], "k_pid_hsp": [0.07719738462625639, 0.00031451512174989567, 0.0], "k_pid_vsp": [276.95521887941356, 360.8995196454886, 1e-06]}, "datetime": {"datetime": "2025-08-20 17:36:35", "elapsed": 20650.394053936005, "delta": 15.348730564117432}, "costs": {"total_cost": 172.4978710147783, "time_cost": 70.736, "final_distance_cost": 1.7934601119037734, "oscillation_cost": 25.00496239400805, "completition_cost": 0.0, "overshoot_cost": 51.81580352264734, "power_cost": 11.854118029785157, "noise_cost": 11.293526956433961, "n_waypoints_completed": 9, "tot_waypoints": 9}}
{"target": -171.63402789522743, "params": {"k_pid_pos": [1.4486661330358748, 0.0, 0.7127358923224583], "k_pid_alt": [2.0, 0.0, 0.0], "k_pid_att": [48.71767540189178, 0.0001, 0.28480102975649063], "k_pid_yaw": [0.5, 1e-06, 0.1], "k_pid_hsp": [0.1133699058614547, 0.0001737993620995662, 0.0], "k_pid_vsp": [254.2097856436795, 330.3352197853802, 1e-06]}, "datetime": {"datetime": "2025-08-20 17:36:51", "elapsed": 20666.125238895416, "delta": 15.731184959411621}, "costs": {"total_cost": 171.63402789522743, "time_cost": 70.536, "final_distance_cost": 1.8180369852207143, "oscillation_cost": 25.759078216676755, "completition_cost": 0.0, "overshoot_cost": 50.62425375819344, "power_cost": 11.721444030761718, "noise_cost": 11.175214904374792, "n_waypoints_completed": 9, "tot_waypoints": 9}}
{"target": -173.28988042623834, "params": {"k_pid_pos": [1.8178641950057668, 0.0, 0.9156261685605115], "k_pid_alt": [2.0, 0.0, 0.0], "k_pid_att": [39.39270357849993, 0.0001, 0.27818913905021647], "k_pid_yaw": [0.5, 1e-06, 0.1], "k_pid_hsp": [0.11240708930572983, 2.7617424385838507e-05, 0.0], "k_pid_vsp": [258.7694338526317, 381.0607129103592, 1e-06]}, "datetime": {"datetime": "2025-08-20 17:37:07", "elapsed": 20682.046174526215, "delta": 15.92093563079834}, "costs": {"total_cost": 173.28988042623834, "time_cost": 70.232, "final_distance_cost": 1.820751120509231, "oscillation_cost": 26.856023089845635, "completition_cost": 0.0, "overshoot_cost": 51.18812935897748, "power_cost": 11.907513830566407, "noise_cost": 11.28546302633958, "n_waypoints_completed": 9, "tot_waypoints": 9}}
{"target": -178.37774400549472, "params": {"k_pid_pos": [1.1191492303526018, 0.0, 0.9487124954204588], "k_pid_alt": [2.0, 0.0, 0.0], "k_pid_att": [47.75516143953023, 0.0001, 0.28280277588064506], "k_pid_yaw": [0.5, 1e-06, 0.1], "k_pid_hsp": [0.12527516695621616, 0.00018219324291815785, 0.0], "k_pid_vsp": [253.35310401595328, 350.20278653666566, 1e-06]}, "datetime": {"datetime": "2025-08-20 17:37:23", "elapsed": 20698.10597229004, "delta": 16.059797763824463}, "costs": {"total_cost": 178.37774400549472, "time_cost": 74.952, "final_distance_cost": 1.844513108088875, "oscillation_cost": 25.091089373337248, "completition_cost": 0.0, "overshoot_cost": 51.28061315116233, "power_cost": 12.756550915527344, "noise_cost": 12.45297745737891, "n_waypoints_completed": 9, "tot_waypoints": 9}}
{"target": -171.72175937104498, "params": {"k_pid_pos": [1.3678679645804055, 0.0, 0.6435488758676583], "k_pid_alt": [2.0, 0.0, 0.0], "k_pid_att": [26.433891761913824, 0.0001, 0.4518610909230356], "k_pid_yaw": [0.5, 1e-06, 0.1], "k_pid_hsp": [0.10486690605980535, 0.0, 0.0], "k_pid_vsp": [224.51529083154276, 385.9536064823875, 1e-06]}, "datetime": {"datetime": "2025-08-20 17:37:39", "elapsed": 20714.088223695755, "delta": 15.982251405715942}, "costs": {"total_cost": 171.72175937104498, "time_cost": 70.48, "final_distance_cost": 1.832022452688412, "oscillation_cost": 25.465305261637614, "completition_cost": 0.0, "overshoot_cost": 51.18389069941057, "power_cost": 11.611979357910156, "noise_cost": 11.148561599398258, "n_waypoints_completed": 9, "tot_waypoints": 9}}
{"target": -172.70023724555284, "params": {"k_pid_pos": [1.5503236832056777, 0.0, 0.7325639391101245], "k_pid_alt": [2.0, 0.0, 0.0], "k_pid_att": [24.849478691527548, 0.0001, 0.25373882510520746], "k_pid_yaw": [0.5, 1e-06, 0.1], "k_pid_hsp": [0.10925382001158795, 0.00023362638224821134, 0.0], "k_pid_vsp": [252.19516294815077, 317.94848615288674, 1e-06]}, "datetime": {"datetime": "2025-08-20 17:37:54", "elapsed": 20729.080122232437, "delta": 14.991898536682129}, "costs": {"total_cost": 172.70023724555284, "time_cost": 70.312, "final_distance_cost": 1.8233127108895042, "oscillation_cost": 25.99851510385468, "completition_cost": 0.0, "overshoot_cost": 51.443875235598455, "power_cost": 11.876627087402344, "noise_cost": 11.245907107807852, "n_waypoints_completed": 9, "tot_waypoints": 9}}
{"target": -172.97835425966448, "params": {"k_pid_pos": [1.3655281260445318, 0.0, 0.8042976924414322], "k_pid_alt": [2.0, 0.0, 0.0], "k_pid_att": [18.527928640481214, 0.0001, 0.2584788447546005], "k_pid_yaw": [0.5, 1e-06, 0.1], "k_pid_hsp": [0.11035865101285934, 0.0001102962788881983, 0.0], "k_pid_vsp": [218.20372874538882, 166.86531940135626, 1e-06]}, "datetime": {"datetime": "2025-08-20 17:38:10", "elapsed": 20745.261564970016, "delta": 16.181442737579346}, "costs": {"total_cost": 172.97835425966448, "time_cost": 71.112, "final_distance_cost": 1.8317697144099578, "oscillation_cost": 24.883693367093787, "completition_cost": 0.0, "overshoot_cost": 51.482010013285546, "power_cost": 12.056667871093751, "noise_cost": 11.612213293781487, "n_waypoints_completed": 9, "tot_waypoints": 9}}
{"target": -172.77221032359506, "params": {"k_pid_pos": [1.413887656152473, 0.0, 0.8510789466360514], "k_pid_alt": [2.0, 0.0, 0.0], "k_pid_att": [51.29027158569504, 0.0001, 0.31471500968655725], "k_pid_yaw": [0.5, 1e-06, 0.1], "k_pid_hsp": [0.13497472670669125, 0.000135243733755611, 0.0], "k_pid_vsp": [272.0845188350389, 251.5397681634488, 1e-06]}, "datetime": {"datetime": "2025-08-20 17:38:27", "elapsed": 20762.22820019722, "delta": 16.96663522720337}, "costs": {"total_cost": 172.77221032359506, "time_cost": 71.12, "final_distance_cost": 1.8349241051097815, "oscillation_cost": 25.481866431313403, "completition_cost": 0.0, "overshoot_cost": 50.9656483495933, "power_cost": 11.885465783691407, "noise_cost": 11.484305653887173, "n_waypoints_completed": 9, "tot_waypoints": 9}}
{"target": -172.11373577541494, "params": {"k_pid_pos": [1.421818422085259, 0.0, 0.7834183781032988], "k_pid_alt": [2.0, 0.0, 0.0], "k_pid_att": [28.763399679823358, 0.0001, 0.28457609976376563], "k_pid_yaw": [0.5, 1e-06, 0.1], "k_pid_hsp": [0.11098373422105658, 0.00023853873743257393, 0.0], "k_pid_vsp": [257.03907114251535, 355.64500608925465, 1e-06]}, "datetime": {"datetime": "2025-08-20 17:38:43", "elapsed": 20777.869097471237, "delta": 15.640897274017334}, "costs": {"total_cost": 172.11373577541494, "time_cost": 70.712, "final_distance_cost": 1.8290776283777948, "oscillation_cost": 25.20965656933982, "completition_cost": 0.0, "overshoot_cost": 51.03890718634791, "power_cost": 11.947433813476563, "noise_cost": 11.376660577872842, "n_waypoints_completed": 9, "tot_waypoints": 9}}
{"target": -175.3547451407313, "params": {"k_pid_pos": [1.1626943432952357, 0.0, 0.9097258212745669], "k_pid_alt": [2.0, 0.0, 0.0], "k_pid_att": [33.47374275421162, 0.0001, 0.40994787368498137], "k_pid_yaw": [0.5, 1e-06, 0.1], "k_pid_hsp": [0.10646704039974156, 0.0, 0.0], "k_pid_vsp": [189.47023469719676, 229.18010643581786, 1e-06]}, "datetime": {"datetime": "2025-08-20 17:38:59", "elapsed": 20794.425830364227, "delta": 16.556732892990112}, "costs": {"total_cost": 175.3547451407313, "time_cost": 73.304, "final_distance_cost": 1.8495537623939304, "oscillation_cost": 24.393777170945167, "completition_cost": 0.0, "overshoot_cost": 51.42970440023864, "power_cost": 12.3640935546875, "noise_cost": 12.01361625246606, "n_waypoints_completed": 9, "tot_waypoints": 9}}
{"target": -172.9223100396736, "params": {"k_pid_pos": [1.5324572766551932, 0.0, 0.8290181230726246], "k_pid_alt": [2.0, 0.0, 0.0], "k_pid_att": [27.564587089922313, 0.0001, 0.25690051988287405], "k_pid_yaw": [0.5, 1e-06, 0.1], "k_pid_hsp": [0.1189153965085758, 2.4027021502214647e-05, 0.0], "k_pid_vsp": [262.86452528125824, 381.9244887615567, 1e-06]}, "datetime": {"datetime": "2025-08-20 17:39:14", "elapsed": 20809.200625419617, "delta": 14.774795055389404}, "costs": {"total_cost": 172.9223100396736, "time_cost": 70.56, "final_distance_cost": 1.8331623263101535, "oscillation_cost": 26.00836854708847, "completition_cost": 0.0, "overshoot_cost": 50.90156302404479, "power_cost": 12.066603735351563, "noise_cost": 11.552612406878568, "n_waypoints_completed": 9, "tot_waypoints": 9}}
{"target": -173.19188934398267, "params": {"k_pid_pos": [1.5378299625968608, 0.0, 0.9892755492040214], "k_pid_alt": [1.7611842324406146, 0.0, 0.0], "k_pid_att": [23.48634691472889, 0.0001, 0.26375025819085485], "k_pid_yaw": [0.5, 1e-06, 0.1], "k_pid_hsp": [0.0889930248369309, 4.7229007772071376e-06, 0.0], "k_pid_vsp": [264.937927690637, 316.7675792104559, 1e-06]}, "datetime": {"datetime": "2025-08-20 17:39:30", "elapsed": 20824.84716486931, "delta": 15.646539449691772}, "costs": {"total_cost": 173.19188934398267, "time_cost": 70.76, "final_distance_cost": 1.817449399667637, "oscillation_cost": 25.506087408198923, "completition_cost": 0.0, "overshoot_cost": 51.72904130319888, "power_cost": 11.949089038085939, "noise_cost": 11.430222194831277, "n_waypoints_completed": 9, "tot_waypoints": 9}}
{"target": -172.2865943029518, "params": {"k_pid_pos": [1.381675025467673, 0.0, 0.724191461953083], "k_pid_alt": [2.0, 0.0, 0.0], "k_pid_att": [43.02956646171957, 0.0001, 0.1520996358966338], "k_pid_yaw": [0.5, 1e-06, 0.1], "k_pid_hsp": [0.11497230829325185, 0.0002448404088314061, 0.0], "k_pid_vsp": [251.50748174067303, 368.6337765714355, 1e-06]}, "datetime": {"datetime": "2025-08-20 17:39:46", "elapsed": 20840.706872940063, "delta": 15.859708070755005}, "costs": {"total_cost": 172.2865943029518, "time_cost": 70.712, "final_distance_cost": 1.8297554017238764, "oscillation_cost": 26.04926953303175, "completition_cost": 0.0, "overshoot_cost": 50.89030236336982, "power_cost": 11.584989697265625, "noise_cost": 11.220277307560742, "n_waypoints_completed": 9, "tot_waypoints": 9}}
{"target": -172.28686521534613, "params": {"k_pid_pos": [1.437538172989742, 0.0, 0.958732092187759], "k_pid_alt": [2.0, 0.0, 0.0], "k_pid_att": [28.150342604285395, 0.0001, 0.2686131035963215], "k_pid_yaw": [0.5, 1e-06, 0.1], "k_pid_hsp": [0.12081539822415151, 0.0001912882158716173, 0.0], "k_pid_vsp": [238.46965338500144, 362.49822704713273, 1e-06]}, "datetime": {"datetime": "2025-08-20 17:40:01", "elapsed": 20856.316080093384, "delta": 15.609207153320312}, "costs": {"total_cost": 172.28686521534613, "time_cost": 71.296, "final_distance_cost": 1.8465610223805775, "oscillation_cost": 25.281542358435697, "completition_cost": 0.0, "overshoot_cost": 50.68084769344555, "power_cost": 11.709461865234376, "noise_cost": 11.47245227584992, "n_waypoints_completed": 9, "tot_waypoints": 9}}
{"target": -171.97871570137912, "params": {"k_pid_pos": [1.465245754863806, 0.0, 0.6240303129478433], "k_pid_alt": [2.0, 0.0, 0.0], "k_pid_att": [28.52965188612778, 0.0001, 0.3761987038815445], "k_pid_yaw": [0.5, 1e-06, 0.1], "k_pid_hsp": [0.11763625024334651, 0.00015512295855322158, 0.0], "k_pid_vsp": [242.22856920798574, 359.3274910018991, 1e-06]}, "datetime": {"datetime": "2025-08-20 17:40:17", "elapsed": 20872.144608020782, "delta": 15.828527927398682}, "costs": {"total_cost": 171.97871570137912, "time_cost": 70.24, "final_distance_cost": 1.809643988785413, "oscillation_cost": 26.321314208613085, "completition_cost": 0.0, "overshoot_cost": 50.87072256238406, "power_cost": 11.619915698242188, "noise_cost": 11.117119243354377, "n_waypoints_completed": 9, "tot_waypoints": 9}}
{"target": -172.84579326620818, "params": {"k_pid_pos": [1.5399900961919601, 0.0, 0.8778970677287239], "k_pid_alt": [1.7912054496977752, 0.0, 0.0], "k_pid_att": [35.06453608095755, 0.0001, 0.5238103551306006], "k_pid_yaw": [0.5, 1e-06, 0.1], "k_pid_hsp": [0.17196215288942276, 0.0, 0.0], "k_pid_vsp": [297.9381114676475, 291.96824912944487, 1e-06]}, "datetime": {"datetime": "2025-08-20 17:40:33", "elapsed": 20888.3129863739, "delta": 16.168378353118896}, "costs": {"total_cost": 172.84579326620818, "time_cost": 70.656, "final_distance_cost": 1.8362498688439943, "oscillation_cost": 26.057562586658285, "completition_cost": 0.0, "overshoot_cost": 50.68807025979879, "power_cost": 12.092464636230469, "noise_cost": 11.515445914676624, "n_waypoints_completed": 9, "tot_waypoints": 9}}
{"target": -173.11182610807782, "params": {"k_pid_pos": [1.31007401577343, 0.002376963862551717, 0.776143094237912], "k_pid_alt": [2.0, 0.0, 0.0], "k_pid_att": [43.25611670406488, 0.0001, 0.15519069237241992], "k_pid_yaw": [0.5, 1e-06, 0.1], "k_pid_hsp": [0.1255063126579186, 0.00011087644531341804, 0.0], "k_pid_vsp": [263.0849733053396, 350.05679998696536, 1e-06]}, "datetime": {"datetime": "2025-08-20 17:40:49", "elapsed": 20904.28586769104, "delta": 15.972881317138672}, "costs": {"total_cost": 173.11182610807782, "time_cost": 71.184, "final_distance_cost": 1.8444342495013204, "oscillation_cost": 25.52751172596545, "completition_cost": 0.0, "overshoot_cost": 51.318574472659456, "power_cost": 11.81203739013672, "noise_cost": 11.425268269814884, "n_waypoints_completed": 9, "tot_waypoints": 9}}
{"target": -175.02979013134075, "params": {"k_pid_pos": [1.422145415854384, 0.0, 0.9808084794125246], "k_pid_alt": [2.0, 0.0, 0.0], "k_pid_att": [49.293499625640166, 0.0001, 0.03587945325888198], "k_pid_yaw": [0.5, 1e-06, 0.1], "k_pid_hsp": [0.12270288296604742, 0.0008357285661600612, 0.0], "k_pid_vsp": [244.0630712176321, 291.62714495909114, 1e-06]}, "datetime": {"datetime": "2025-08-20 17:41:06", "elapsed": 20920.68509697914, "delta": 16.399229288101196}, "costs": {"total_cost": 175.02979013134075, "time_cost": 71.552, "final_distance_cost": 1.848719975294378, "oscillation_cost": 27.096997234746667, "completition_cost": 0.0, "overshoot_cost": 51.16248573302046, "power_cost": 11.763665148925782, "noise_cost": 11.605922039353459, "n_waypoints_completed": 9, "tot_waypoints": 9}}
