{"target": -175.93262191129404, "params": {"k_pid_pos": [2.0, 0.0, 0.9140678024965033], "k_pid_alt": [1.8434453113189602, 0.0, 0.0], "k_pid_att": [42.986752757278644, 0.0001, 0.5177545845212161], "k_pid_yaw": [0.5, 1e-06, 0.1], "k_pid_hsp": [0.048315681575243186, 0.0, 0.0], "k_pid_vsp": [288.3647533968123, 220.52281269183197, 1e-06]}, "datetime": {"datetime": "2025-08-20 16:11:51", "elapsed": 15566.203190803528, "delta": 16.4341299533844}, "costs": {"total_cost": 175.93262191129404, "time_cost": 72.784, "final_distance_cost": 1.755252440631414, "oscillation_cost": 23.419685034743868, "completition_cost": 0.0, "overshoot_cost": 54.29768136018438, "power_cost": 12.004609350585937, "noise_cost": 11.671393725148416, "n_waypoints_completed": 9, "tot_waypoints": 9}}
{"target": -174.37748421865786, "params": {"k_pid_pos": [1.5173159914108496, 0.008258274386023967, 0.8588488479728142], "k_pid_alt": [2.0, 0.0, 0.0], "k_pid_att": [41.71724160173883, 0.0001, 0.2860469382729302], "k_pid_yaw": [0.5, 1e-06, 0.1], "k_pid_hsp": [0.05763553050080651, 0.0, 0.0], "k_pid_vsp": [242.74005946368894, 335.08160491856484, 1e-06]}, "datetime": {"datetime": "2025-08-20 16:12:07", "elapsed": 15581.870595216751, "delta": 15.667404413223267}, "costs": {"total_cost": 174.37748421865786, "time_cost": 72.08, "final_distance_cost": 1.7807558833163128, "oscillation_cost": 23.32425147190539, "completition_cost": 0.0, "overshoot_cost": 53.3838700654604, "power_cost": 12.085625305175782, "noise_cost": 11.722981492799983, "n_waypoints_completed": 9, "tot_waypoints": 9}}
{"target": -171.7898872778293, "params": {"k_pid_pos": [1.4996520431886065, 0.0, 0.872170538618535], "k_pid_alt": [2.0, 0.0, 0.0], "k_pid_att": [41.17280610581469, 0.0001, 0.24895885001581766], "k_pid_yaw": [0.5, 1e-06, 0.1], "k_pid_hsp": [0.11974135776149157, 0.0025341941969639153, 0.0], "k_pid_vsp": [258.3596193698254, 259.42762999434194, 1e-06]}, "datetime": {"datetime": "2025-08-20 16:12:22", "elapsed": 15597.555433511734, "delta": 15.68483829498291}, "costs": {"total_cost": 171.7898872778293, "time_cost": 70.696, "final_distance_cost": 1.8415467885428767, "oscillation_cost": 25.61551141624825, "completition_cost": 0.0, "overshoot_cost": 50.50870604082007, "power_cost": 11.788913415527345, "noise_cost": 11.339209616690772, "n_waypoints_completed": 9, "tot_waypoints": 9}}
{"target": -173.69396238783062, "params": {"k_pid_pos": [1.543727423470746, 0.0, 0.8089446261248209], "k_pid_alt": [2.0, 0.0, 0.0], "k_pid_att": [29.71144603644109, 0.0001, 0.2888373646207648], "k_pid_yaw": [0.5, 1e-06, 0.1], "k_pid_hsp": [0.2244317477319784, 0.0, 0.0], "k_pid_vsp": [248.9816520434177, 328.5744324605693, 1e-06]}, "datetime": {"datetime": "2025-08-20 16:12:38", "elapsed": 15613.005108833313, "delta": 15.44967532157898}, "costs": {"total_cost": 173.69396238783062, "time_cost": 70.432, "final_distance_cost": 1.8502827050926092, "oscillation_cost": 26.814148634497368, "completition_cost": 0.0, "overshoot_cost": 50.54804504611876, "power_cost": 12.349606359863282, "noise_cost": 11.699879642258587, "n_waypoints_completed": 9, "tot_waypoints": 9}}
{"target": -172.423929793475, "params": {"k_pid_pos": [1.5443520909965474, 0.0, 0.903815030175935], "k_pid_alt": [2.0, 0.0, 0.0], "k_pid_att": [38.89382518669953, 0.0001, 0.23168785890631033], "k_pid_yaw": [0.5, 1e-06, 0.1], "k_pid_hsp": [0.14783936909610587, 0.0, 0.0], "k_pid_vsp": [257.2607255590427, 257.17510152033145, 1e-06]}, "datetime": {"datetime": "2025-08-20 16:12:54", "elapsed": 15628.574916124344, "delta": 15.569807291030884}, "costs": {"total_cost": 172.423929793475, "time_cost": 70.776, "final_distance_cost": 1.8352113644595813, "oscillation_cost": 25.718449714952545, "completition_cost": 0.0, "overshoot_cost": 50.49692091318316, "power_cost": 12.062422961425781, "noise_cost": 11.534924839453925, "n_waypoints_completed": 9, "tot_waypoints": 9}}
{"target": -172.55679206048842, "params": {"k_pid_pos": [1.4335977848852963, 0.0, 0.8134419407089616], "k_pid_alt": [2.0, 0.0, 0.0], "k_pid_att": [32.96405133116954, 0.0001, 0.2510050711349424], "k_pid_yaw": [0.5, 1e-06, 0.1], "k_pid_hsp": [0.11451105177786422, 0.0, 0.0], "k_pid_vsp": [292.4359350460977, 292.74900590352473, 1e-06]}, "datetime": {"datetime": "2025-08-20 16:13:10", "elapsed": 15645.139951229095, "delta": 16.565035104751587}, "costs": {"total_cost": 172.55679206048842, "time_cost": 70.864, "final_distance_cost": 1.8284534566517094, "oscillation_cost": 25.18584099060582, "completition_cost": 0.0, "overshoot_cost": 51.36925464863688, "power_cost": 11.801215148925781, "noise_cost": 11.508027815668203, "n_waypoints_completed": 9, "tot_waypoints": 9}}
{"target": -173.4914323919945, "params": {"k_pid_pos": [1.5636589068404796, 0.0, 0.8981369403451188], "k_pid_alt": [2.0, 0.0, 0.0], "k_pid_att": [27.886088913474772, 0.0001, 0.2635247528039656], "k_pid_yaw": [0.5, 1e-06, 0.1], "k_pid_hsp": [0.0798292968666052, 0.0, 0.0], "k_pid_vsp": [236.71561955356225, 233.80233837252408, 1e-06]}, "datetime": {"datetime": "2025-08-20 16:13:26", "elapsed": 15660.724498033524, "delta": 15.5845468044281}, "costs": {"total_cost": 173.4914323919945, "time_cost": 70.83200000000001, "final_distance_cost": 1.8252088458986786, "oscillation_cost": 25.005655564080694, "completition_cost": 0.0, "overshoot_cost": 52.315033160329726, "power_cost": 11.982614660644531, "noise_cost": 11.530920161040859, "n_waypoints_completed": 9, "tot_waypoints": 9}}
{"target": -172.18580097280827, "params": {"k_pid_pos": [1.510258317934634, 0.0, 0.6494330263495365], "k_pid_alt": [2.0, 0.0, 0.0], "k_pid_att": [40.07270096072984, 0.0001, 0.3278275637764034], "k_pid_yaw": [0.5, 1e-06, 0.1], "k_pid_hsp": [0.0973536060205574, 0.0, 0.0], "k_pid_vsp": [226.0407349833523, 291.6347205993555, 1e-06]}, "datetime": {"datetime": "2025-08-20 16:13:41", "elapsed": 15675.941680669785, "delta": 15.217182636260986}, "costs": {"total_cost": 172.18580097280827, "time_cost": 70.312, "final_distance_cost": 1.7985626579268683, "oscillation_cost": 26.030436780724134, "completition_cost": 0.0, "overshoot_cost": 51.205956218119404, "power_cost": 11.67649315185547, "noise_cost": 11.162352164182371, "n_waypoints_completed": 9, "tot_waypoints": 9}}
{"target": -172.3200524919743, "params": {"k_pid_pos": [1.5423150810527035, 0.0, 0.7876303537995326], "k_pid_alt": [2.0, 0.0, 0.0], "k_pid_att": [29.66542203193778, 0.0001, 0.2749302375204424], "k_pid_yaw": [0.5, 1e-06, 0.1], "k_pid_hsp": [0.10777928209191137, 0.0, 0.0], "k_pid_vsp": [261.6987584360073, 250.2175511640212, 1e-06]}, "datetime": {"datetime": "2025-08-20 16:13:56", "elapsed": 15691.376019716263, "delta": 15.434339046478271}, "costs": {"total_cost": 172.3200524919743, "time_cost": 70.56, "final_distance_cost": 1.8221702064891168, "oscillation_cost": 25.902506665115208, "completition_cost": 0.0, "overshoot_cost": 50.69507107792095, "power_cost": 11.926756872558594, "noise_cost": 11.413547669890432, "n_waypoints_completed": 9, "tot_waypoints": 9}}
{"target": -174.77024670001913, "params": {"k_pid_pos": [1.5613726542542912, 0.0, 0.8892920175047643], "k_pid_alt": [2.0, 0.0, 0.0], "k_pid_att": [30.308561730830547, 0.0001, 0.2585251807496395], "k_pid_yaw": [0.5, 1e-06, 0.1], "k_pid_hsp": [0.05551185074464827, 0.0, 0.0], "k_pid_vsp": [253.21179390798966, 313.79240629270015, 1e-06]}, "datetime": {"datetime": "2025-08-20 16:14:13", "elapsed": 15707.676739692688, "delta": 16.30071997642517}, "costs": {"total_cost": 174.77024670001913, "time_cost": 72.208, "final_distance_cost": 1.810370885916962, "oscillation_cost": 23.36029734285019, "completition_cost": 0.0, "overshoot_cost": 53.493329356482974, "power_cost": 12.167807897949219, "noise_cost": 11.730441216819779, "n_waypoints_completed": 9, "tot_waypoints": 9}}
{"target": -173.0142621831108, "params": {"k_pid_pos": [1.395482754184018, 0.0, 0.8516312148106603], "k_pid_alt": [1.8261834996133435, 0.0, 0.0], "k_pid_att": [27.47164722689768, 0.0001, 0.2860297961239368], "k_pid_yaw": [0.5, 1e-06, 0.1], "k_pid_hsp": [0.11166444087126354, 0.0, 0.0], "k_pid_vsp": [252.83498295329093, 230.49785341817335, 1e-06]}, "datetime": {"datetime": "2025-08-20 16:14:28", "elapsed": 15722.944014787674, "delta": 15.267275094985962}, "costs": {"total_cost": 173.0142621831108, "time_cost": 70.968, "final_distance_cost": 1.825268833986874, "oscillation_cost": 24.94811419452915, "completition_cost": 0.0, "overshoot_cost": 51.45344657295927, "power_cost": 12.166213781738282, "noise_cost": 11.653218799897187, "n_waypoints_completed": 9, "tot_waypoints": 9}}
{"target": -1203.9157704155923, "params": {"k_pid_pos": [1.7926823749141763, 0.0, 0.806297811994054], "k_pid_alt": [1.8341775458357612, 0.0, 0.0], "k_pid_att": [28.609787060603995, 0.0001, 0.0], "k_pid_yaw": [0.5, 1e-06, 0.1], "k_pid_hsp": [0.0001, 0.0, 0.0], "k_pid_vsp": [150.98640544944814, 255.65050331009053, 1e-06]}, "datetime": {"datetime": "2025-08-20 16:14:51", "elapsed": 15745.573005437851, "delta": 22.628990650177002}, "costs": {"total_cost": 1203.9157704155923, "time_cost": 150, "final_distance_cost": 46.81945627122262, "oscillation_cost": 8.425032063300694, "completition_cost": 888.8888888888888, "overshoot_cost": 84.02783346798455, "power_cost": 12.818302770996095, "noise_cost": 12.936256953199798, "n_waypoints_completed": 1, "tot_waypoints": 9}}
{"target": -173.71341061765122, "params": {"k_pid_pos": [1.5147639035846396, 0.0, 0.8817261183329272], "k_pid_alt": [2.0, 0.0, 0.0], "k_pid_att": [25.658908617910992, 0.0001, 0.2819447691262949], "k_pid_yaw": [0.5, 1e-06, 0.1], "k_pid_hsp": [0.10822403562795171, 0.0, 0.0], "k_pid_vsp": [259.0230072540649, 240.7461318993591, 1e-06]}, "datetime": {"datetime": "2025-08-20 16:15:06", "elapsed": 15761.54800105095, "delta": 15.974995613098145}, "costs": {"total_cost": 173.71341061765122, "time_cost": 70.84, "final_distance_cost": 1.8354831372596085, "oscillation_cost": 25.347073514770823, "completition_cost": 0.0, "overshoot_cost": 51.695230996961776, "power_cost": 12.288091882324219, "noise_cost": 11.7075310863348, "n_waypoints_completed": 9, "tot_waypoints": 9}}
{"target": -172.2246715675645, "params": {"k_pid_pos": [1.504927668338326, 0.0, 0.9103824001023305], "k_pid_alt": [2.0, 0.0, 0.0], "k_pid_att": [29.797522950272132, 0.0001, 0.2893406341951206], "k_pid_yaw": [0.5, 1e-06, 0.1], "k_pid_hsp": [0.11044608635232757, 0.0, 0.0], "k_pid_vsp": [252.58185507828696, 255.99311030322733, 1e-06]}, "datetime": {"datetime": "2025-08-20 16:15:22", "elapsed": 15776.746750116348, "delta": 15.19874906539917}, "costs": {"total_cost": 172.2246715675645, "time_cost": 70.944, "final_distance_cost": 1.8257739075195367, "oscillation_cost": 24.96658147857071, "completition_cost": 0.0, "overshoot_cost": 50.80602887907413, "power_cost": 12.087252587890626, "noise_cost": 11.595034714509524, "n_waypoints_completed": 9, "tot_waypoints": 9}}
{"target": -172.34217153660805, "params": {"k_pid_pos": [1.5423236854817706, 0.0038711303075681606, 0.8473945935097302], "k_pid_alt": [2.0, 0.0, 0.0], "k_pid_att": [33.710097561662494, 0.0001, 0.26515556016974284], "k_pid_yaw": [0.5, 1e-06, 0.1], "k_pid_hsp": [0.1056153430653915, 0.0, 0.0], "k_pid_vsp": [258.2609203372322, 211.5313869727728, 1e-06]}, "datetime": {"datetime": "2025-08-20 16:15:37", "elapsed": 15792.44225525856, "delta": 15.695505142211914}, "costs": {"total_cost": 172.34217153660805, "time_cost": 70.728, "final_distance_cost": 1.8309513468870486, "oscillation_cost": 25.206391778215917, "completition_cost": 0.0, "overshoot_cost": 51.34016324955886, "power_cost": 11.891317211914062, "noise_cost": 11.345347950032162, "n_waypoints_completed": 9, "tot_waypoints": 9}}
{"target": -173.12049454352712, "params": {"k_pid_pos": [1.5082558890663647, 0.0, 0.8957941192185537], "k_pid_alt": [1.9699485023737615, 0.0, 0.0], "k_pid_att": [19.24352520341957, 0.0001, 0.2612897559359748], "k_pid_yaw": [0.5, 1e-06, 0.1], "k_pid_hsp": [0.1166517492053791, 0.0, 0.0], "k_pid_vsp": [232.62797445439642, 299.06985430601515, 1e-06]}, "datetime": {"datetime": "2025-08-20 16:15:53", "elapsed": 15808.549508571625, "delta": 16.107253313064575}, "costs": {"total_cost": 173.12049454352712, "time_cost": 70.816, "final_distance_cost": 1.8296262631775626, "oscillation_cost": 25.599740891614886, "completition_cost": 0.0, "overshoot_cost": 51.18904938413838, "power_cost": 12.178693420410157, "noise_cost": 11.507384584186125, "n_waypoints_completed": 9, "tot_waypoints": 9}}
{"target": -173.76417185967932, "params": {"k_pid_pos": [1.5291226231924873, 0.0, 0.8269850509217131], "k_pid_alt": [2.0, 0.0, 0.0], "k_pid_att": [36.66054495454332, 0.0001, 0.2654430243444468], "k_pid_yaw": [0.5, 1e-06, 0.1], "k_pid_hsp": [0.0758114928768131, 0.0, 0.0], "k_pid_vsp": [266.0408572847616, 247.18687612161202, 1e-06]}, "datetime": {"datetime": "2025-08-20 16:16:09", "elapsed": 15823.648781776428, "delta": 15.099273204803467}, "costs": {"total_cost": 173.76417185967932, "time_cost": 70.8, "final_distance_cost": 1.8125208493695615, "oscillation_cost": 25.246521459450722, "completition_cost": 0.0, "overshoot_cost": 52.28639751593953, "power_cost": 12.05772615966797, "noise_cost": 11.561005875251544, "n_waypoints_completed": 9, "tot_waypoints": 9}}
{"target": -172.06827805184352, "params": {"k_pid_pos": [1.5696775691321831, 0.0, 0.854934899490771], "k_pid_alt": [2.0, 0.0, 0.0], "k_pid_att": [30.147773517935036, 0.0001, 0.1962031835444625], "k_pid_yaw": [0.5, 1e-06, 0.1], "k_pid_hsp": [0.10883665981089269, 0.0, 0.0], "k_pid_vsp": [279.6116141109039, 252.5601469771209, 1e-06]}, "datetime": {"datetime": "2025-08-20 16:16:24", "elapsed": 15839.499559640884, "delta": 15.850777864456177}, "costs": {"total_cost": 172.06827805184352, "time_cost": 70.664, "final_distance_cost": 1.822382102864526, "oscillation_cost": 25.58169618113592, "completition_cost": 0.0, "overshoot_cost": 50.892182612485286, "power_cost": 11.795302197265626, "noise_cost": 11.31271495809217, "n_waypoints_completed": 9, "tot_waypoints": 9}}
{"target": -172.79226503191646, "params": {"k_pid_pos": [1.677684480589773, 0.0, 0.990612859640859], "k_pid_alt": [2.0, 0.0, 0.0], "k_pid_att": [6.80541385961061, 0.0001, 0.2500417788939194], "k_pid_yaw": [0.5, 1e-06, 0.1], "k_pid_hsp": [0.1670523825632752, 6.262492292736168e-07, 0.0], "k_pid_vsp": [224.43287623144965, 386.8166376334758, 1e-06]}, "datetime": {"datetime": "2025-08-20 16:16:40", "elapsed": 15855.333853721619, "delta": 15.834294080734253}, "costs": {"total_cost": 172.79226503191646, "time_cost": 70.504, "final_distance_cost": 1.8338848409715869, "oscillation_cost": 26.608075828879418, "completition_cost": 0.0, "overshoot_cost": 50.25854682421372, "power_cost": 12.095903698730469, "noise_cost": 11.491853839121253, "n_waypoints_completed": 9, "tot_waypoints": 9}}
{"target": -173.05450710344172, "params": {"k_pid_pos": [1.3783982842699594, 0.0, 0.8288581537891555], "k_pid_alt": [2.0, 0.0, 0.0], "k_pid_att": [30.306026270349683, 0.0001, 0.2661746581035444], "k_pid_yaw": [0.5, 1e-06, 0.1], "k_pid_hsp": [0.12439828419554659, 0.0, 0.0], "k_pid_vsp": [257.1001222518431, 275.6650211999082, 1e-06]}, "datetime": {"datetime": "2025-08-20 16:16:57", "elapsed": 15871.651383399963, "delta": 16.317529678344727}, "costs": {"total_cost": 173.05450710344172, "time_cost": 71.072, "final_distance_cost": 1.834694141470479, "oscillation_cost": 25.196690429917286, "completition_cost": 0.0, "overshoot_cost": 50.9102490721414, "power_cost": 12.294465759277344, "noise_cost": 11.746407700635231, "n_waypoints_completed": 9, "tot_waypoints": 9}}
{"target": -172.3527827184804, "params": {"k_pid_pos": [1.58183689459143, 0.0, 0.8933868965366218], "k_pid_alt": [2.0, 0.0, 0.0], "k_pid_att": [18.820105435793018, 0.0001, 0.2654112586290299], "k_pid_yaw": [0.5, 1e-06, 0.1], "k_pid_hsp": [0.12391802348435965, 0.0, 0.0], "k_pid_vsp": [254.0712044770551, 291.07606318038273, 1e-06]}, "datetime": {"datetime": "2025-08-20 16:17:13", "elapsed": 15887.640762090683, "delta": 15.989378690719604}, "costs": {"total_cost": 172.3527827184804, "time_cost": 70.616, "final_distance_cost": 1.8269862871516767, "oscillation_cost": 25.896193494329538, "completition_cost": 0.0, "overshoot_cost": 50.37440422089354, "power_cost": 12.13057001953125, "noise_cost": 11.508628696574355, "n_waypoints_completed": 9, "tot_waypoints": 9}}
{"target": -171.98433867946306, "params": {"k_pid_pos": [1.5429562858211465, 0.0, 0.8743132763652669], "k_pid_alt": [2.0, 0.0, 0.0], "k_pid_att": [35.188095363630985, 0.0001, 0.28174484086952756], "k_pid_yaw": [0.5, 1e-06, 0.1], "k_pid_hsp": [0.11722222735694458, 0.0, 0.0], "k_pid_vsp": [260.3960209905085, 313.78984499830705, 1e-06]}, "datetime": {"datetime": "2025-08-20 16:17:28", "elapsed": 15903.33611035347, "delta": 15.695348262786865}, "costs": {"total_cost": 171.98433867946306, "time_cost": 70.70400000000001, "final_distance_cost": 1.8345078591874406, "oscillation_cost": 25.50588211120486, "completition_cost": 0.0, "overshoot_cost": 50.71970821664456, "power_cost": 11.926261791992188, "noise_cost": 11.293978700434023, "n_waypoints_completed": 9, "tot_waypoints": 9}}
{"target": -173.03853938194257, "params": {"k_pid_pos": [1.4660379445393148, 0.0, 0.8725340928564299], "k_pid_alt": [2.0, 0.0, 0.0], "k_pid_att": [55.39051463323745, 0.0001, 0.4475219171032869], "k_pid_yaw": [0.5, 1e-06, 0.1], "k_pid_hsp": [0.10430039457263557, 0.0, 0.0], "k_pid_vsp": [287.23506800014246, 255.6786716994577, 1e-06]}, "datetime": {"datetime": "2025-08-20 16:17:44", "elapsed": 15919.0200548172, "delta": 15.683944463729858}, "costs": {"total_cost": 173.03853938194257, "time_cost": 71.032, "final_distance_cost": 1.8313161820605985, "oscillation_cost": 25.292017908287306, "completition_cost": 0.0, "overshoot_cost": 51.19405501355266, "power_cost": 12.206285327148438, "noise_cost": 11.482864950893562, "n_waypoints_completed": 9, "tot_waypoints": 9}}
{"target": -1094.4434788733472, "params": {"k_pid_pos": [1.5663361023160918, 0.0, 0.8762055258430187], "k_pid_alt": [2.0, 0.0, 0.0], "k_pid_att": [0.0, 0.0001, 0.2650750717196885], "k_pid_yaw": [0.5, 1e-06, 0.1], "k_pid_hsp": [0.13204870589925102, 7.401848464617499e-06, 0.0], "k_pid_vsp": [255.17174368561083, 221.76780690544575, 1e-06]}, "datetime": {"datetime": "2025-08-20 16:18:06", "elapsed": 15941.471373319626, "delta": 22.451318502426147}, "costs": {"total_cost": 1094.4434788733472, "time_cost": 150, "final_distance_cost": 83.28785953073877, "oscillation_cost": 2.0988785863917827, "completition_cost": 777.7777777777778, "overshoot_cost": 55.27010481944321, "power_cost": 13.005321972656251, "noise_cost": 13.003536186339186, "n_waypoints_completed": 2, "tot_waypoints": 9}}
{"target": -172.05293267750673, "params": {"k_pid_pos": [1.5970911837112711, 0.0, 0.945918228796416], "k_pid_alt": [2.0, 0.0, 0.0], "k_pid_att": [27.95665339341229, 0.0001, 0.28622769416256977], "k_pid_yaw": [0.5, 1e-06, 0.1], "k_pid_hsp": [0.132814294470961, 0.0, 0.0], "k_pid_vsp": [264.4788690633965, 253.0058699355453, 1e-06]}, "datetime": {"datetime": "2025-08-20 16:18:22", "elapsed": 15957.52233839035, "delta": 16.050965070724487}, "costs": {"total_cost": 172.05293267750673, "time_cost": 70.784, "final_distance_cost": 1.827572343174112, "oscillation_cost": 25.467300652882226, "completition_cost": 0.0, "overshoot_cost": 50.55033061022969, "power_cost": 12.010897473144531, "noise_cost": 11.412831598076169, "n_waypoints_completed": 9, "tot_waypoints": 9}}
{"target": -172.63985012387846, "params": {"k_pid_pos": [1.5255787381325971, 0.0, 0.867279314532583], "k_pid_alt": [2.0, 0.0, 0.0], "k_pid_att": [27.270932295929992, 0.0001, 0.2608093952139687], "k_pid_yaw": [0.5, 1e-06, 0.1], "k_pid_hsp": [0.10419694490492844, 0.0, 0.0], "k_pid_vsp": [259.99374439644623, 338.3746143984256, 1e-06]}, "datetime": {"datetime": "2025-08-20 16:18:38", "elapsed": 15973.0046646595, "delta": 15.48232626914978}, "costs": {"total_cost": 172.63985012387846, "time_cost": 70.712, "final_distance_cost": 1.8369496620651007, "oscillation_cost": 25.492895338811817, "completition_cost": 0.0, "overshoot_cost": 51.19921433638465, "power_cost": 11.994602087402344, "noise_cost": 11.404188699214552, "n_waypoints_completed": 9, "tot_waypoints": 9}}
{"target": -174.59374777557184, "params": {"k_pid_pos": [2.0, 0.0, 0.8972787478934302], "k_pid_alt": [2.0, 0.0, 0.0], "k_pid_att": [37.550845802443476, 0.0001, 0.43899235694456096], "k_pid_yaw": [0.5, 1e-06, 0.1], "k_pid_hsp": [0.11745498614290065, 0.0, 0.0], "k_pid_vsp": [285.5228638658424, 268.9832095008794, 1e-06]}, "datetime": {"datetime": "2025-08-20 16:18:53", "elapsed": 15988.521466732025, "delta": 15.516802072525024}, "costs": {"total_cost": 174.59374777557184, "time_cost": 70.04, "final_distance_cost": 1.8125429365210166, "oscillation_cost": 27.499636261972366, "completition_cost": 0.0, "overshoot_cost": 51.70234693885101, "power_cost": 12.170477099609375, "noise_cost": 11.368744538618087, "n_waypoints_completed": 9, "tot_waypoints": 9}}
{"target": -172.8719723552574, "params": {"k_pid_pos": [1.3778568897525665, 0.0, 0.8758653040208763], "k_pid_alt": [2.0, 0.0, 0.0], "k_pid_att": [20.779656270930943, 0.0001, 0.276993149022067], "k_pid_yaw": [0.5, 1e-06, 0.1], "k_pid_hsp": [0.11695403217956117, 0.0, 0.0], "k_pid_vsp": [254.8607326299986, 247.4226498599217, 1e-06]}, "datetime": {"datetime": "2025-08-20 16:19:09", "elapsed": 16004.491406440735, "delta": 15.969939708709717}, "costs": {"total_cost": 172.8719723552574, "time_cost": 71.28, "final_distance_cost": 1.8339168709665221, "oscillation_cost": 24.765537824225028, "completition_cost": 0.0, "overshoot_cost": 51.221400633645075, "power_cost": 12.124360083007813, "noise_cost": 11.646756943412958, "n_waypoints_completed": 9, "tot_waypoints": 9}}
