{"target": -172.42377958768284, "params": {"k_pid_pos": [1.33412313372609, 0.0, 0.8765724242384627], "k_pid_alt": [1.9999187293294831, 0.0, 0.0], "k_pid_att": [31.24797223704936, 0.0001, 0.3325799731657626], "k_pid_yaw": [0.5, 1e-06, 0.1], "k_pid_hsp": [0.08916163698232651, 2.1176659381795352e-05, 0.0], "k_pid_vsp": [238.11287192143004, 367.8391560637988, 1e-06]}, "datetime": {"datetime": "2025-08-20 23:26:37", "elapsed": 41651.82516336441, "delta": 16.212481021881104}, "costs": {"total_cost": 172.42377958768284, "time_cost": 71.36, "final_distance_cost": 1.8279393232113708, "oscillation_cost": 24.50695793730847, "completition_cost": 0.0, "overshoot_cost": 51.02359795740959, "power_cost": 12.025433398437501, "noise_cost": 11.679850971315885, "n_waypoints_completed": 9, "tot_waypoints": 9}}
{"target": -171.6632255293295, "params": {"k_pid_pos": [1.3133774078230647, 0.0, 0.6665402596935134], "k_pid_alt": [1.9998898815506077, 0.0, 0.0], "k_pid_att": [28.415492475988362, 0.0001, 0.38715967740745616], "k_pid_yaw": [0.5, 1e-06, 0.1], "k_pid_hsp": [0.10338221347016747, 5.8274403708986533e-05, 0.0], "k_pid_vsp": [246.4402007385313, 386.0169138214763, 1e-06]}, "datetime": {"datetime": "2025-08-20 23:26:53", "elapsed": 41668.504477739334, "delta": 16.679314374923706}, "costs": {"total_cost": 171.6632255293295, "time_cost": 70.696, "final_distance_cost": 1.8244350198508328, "oscillation_cost": 25.071797459436524, "completition_cost": 0.0, "overshoot_cost": 51.10541790573701, "power_cost": 11.74422781982422, "noise_cost": 11.221347324480906, "n_waypoints_completed": 9, "tot_waypoints": 9}}
{"target": -171.66498327765171, "params": {"k_pid_pos": [1.3165186950392505, 0.0, 0.6926850761760556], "k_pid_alt": [1.995874356737784, 0.0, 0.0], "k_pid_att": [28.199742589463447, 0.0001, 0.3401800312702519], "k_pid_yaw": [0.5, 1e-06, 0.1], "k_pid_hsp": [0.08991220301057348, 7.481227586427831e-05, 0.0], "k_pid_vsp": [241.76323028664345, 361.77572015964944, 1e-06]}, "datetime": {"datetime": "2025-08-20 23:27:11", "elapsed": 41686.01913905144, "delta": 17.51466131210327}, "costs": {"total_cost": 171.66498327765171, "time_cost": 70.76, "final_distance_cost": 1.8172455346875818, "oscillation_cost": 24.692557085585122, "completition_cost": 0.0, "overshoot_cost": 51.461462229139755, "power_cost": 11.69661082763672, "noise_cost": 11.237107600602505, "n_waypoints_completed": 9, "tot_waypoints": 9}}
{"target": -172.39011911504838, "params": {"k_pid_pos": [1.2739276860668631, 0.0, 0.6719543697893609], "k_pid_alt": [2.0, 0.0, 0.0], "k_pid_att": [25.04005789721963, 0.0001, 0.31032677703879114], "k_pid_yaw": [0.5, 1e-06, 0.1], "k_pid_hsp": [0.13489220858768036, 6.03741384915801e-05, 0.0], "k_pid_vsp": [226.83562541047183, 391.5235785914552, 1e-06]}, "datetime": {"datetime": "2025-08-20 23:27:27", "elapsed": 41701.78717422485, "delta": 15.768035173416138}, "costs": {"total_cost": 172.39011911504838, "time_cost": 70.856, "final_distance_cost": 1.829281277185275, "oscillation_cost": 25.36900458602485, "completition_cost": 0.0, "overshoot_cost": 50.40419413869069, "power_cost": 12.335932202148438, "noise_cost": 11.59570691099915, "n_waypoints_completed": 9, "tot_waypoints": 9}}
{"target": -173.4285621785327, "params": {"k_pid_pos": [1.3155854254807848, 0.0, 0.6641241665942084], "k_pid_alt": [1.999892959046547, 0.0, 0.0], "k_pid_att": [27.731687529438304, 0.0001, 0.1367546206631256], "k_pid_yaw": [0.5, 1e-06, 0.1], "k_pid_hsp": [0.08111317042312245, 0.000150809366803594, 0.0], "k_pid_vsp": [207.16538236088513, 364.6987262470557, 1e-06]}, "datetime": {"datetime": "2025-08-20 23:27:44", "elapsed": 41718.92832112312, "delta": 17.141146898269653}, "costs": {"total_cost": 173.4285621785327, "time_cost": 70.808, "final_distance_cost": 1.8172119939576068, "oscillation_cost": 25.303442417311732, "completition_cost": 0.0, "overshoot_cost": 52.10748937162501, "power_cost": 11.930025805664062, "noise_cost": 11.462392589974298, "n_waypoints_completed": 9, "tot_waypoints": 9}}
{"target": -171.5124201904338, "params": {"k_pid_pos": [1.316530194907403, 0.0, 0.6457159249973607], "k_pid_alt": [1.9998903867299165, 0.0, 0.0], "k_pid_att": [29.416018813452105, 0.0001, 0.2690665745811576], "k_pid_yaw": [0.5, 1e-06, 0.1], "k_pid_hsp": [0.09110019455526452, 6.221171741149514e-06, 0.0], "k_pid_vsp": [250.95460667290342, 385.96311184405243, 1e-06]}, "datetime": {"datetime": "2025-08-20 23:28:00", "elapsed": 41734.76418590546, "delta": 15.835864782333374}, "costs": {"total_cost": 171.5124201904338, "time_cost": 70.672, "final_distance_cost": 1.8181481668525465, "oscillation_cost": 25.049401566933547, "completition_cost": 0.0, "overshoot_cost": 50.98149651735801, "power_cost": 11.69414110107422, "noise_cost": 11.297232838215477, "n_waypoints_completed": 9, "tot_waypoints": 9}}
{"target": -171.70009173851778, "params": {"k_pid_pos": [1.3770921689947322, 0.0, 0.7200850310787348], "k_pid_alt": [1.9996236458375076, 0.0, 0.0], "k_pid_att": [27.542855252121473, 0.0001, 0.3452572857798239], "k_pid_yaw": [0.5, 1e-06, 0.1], "k_pid_hsp": [0.12447215105221601, 0.00010499668579142104, 0.0], "k_pid_vsp": [243.65186323946318, 351.24611407252195, 1e-06]}, "datetime": {"datetime": "2025-08-20 23:28:17", "elapsed": 41751.777873277664, "delta": 17.01368737220764}, "costs": {"total_cost": 171.70009173851778, "time_cost": 70.688, "final_distance_cost": 1.8436100475067934, "oscillation_cost": 25.290978672308306, "completition_cost": 0.0, "overshoot_cost": 50.71516622240178, "power_cost": 11.792812023925782, "noise_cost": 11.369524772375097, "n_waypoints_completed": 9, "tot_waypoints": 9}}
{"target": -172.10851469754692, "params": {"k_pid_pos": [1.3287655532916014, 0.0, 0.6167721767547352], "k_pid_alt": [1.9998964143013702, 0.0, 0.0], "k_pid_att": [11.579936971042514, 0.0001, 0.31930390853145063], "k_pid_yaw": [0.5, 1e-06, 0.1], "k_pid_hsp": [0.08917105671041432, 6.658478069185286e-05, 0.0], "k_pid_vsp": [237.71288728059037, 398.4782058357713, 1e-06]}, "datetime": {"datetime": "2025-08-20 23:28:33", "elapsed": 41768.42974114418, "delta": 16.651867866516113}, "costs": {"total_cost": 172.10851469754692, "time_cost": 70.47200000000001, "final_distance_cost": 1.803323629000292, "oscillation_cost": 25.481645663121522, "completition_cost": 0.0, "overshoot_cost": 51.76250194583754, "power_cost": 11.51914530029297, "noise_cost": 11.06989815929462, "n_waypoints_completed": 9, "tot_waypoints": 9}}
{"target": -172.30950534066722, "params": {"k_pid_pos": [1.322791893327226, 0.0, 0.6553301078721625], "k_pid_alt": [1.9998732130467007, 0.0, 0.0], "k_pid_att": [50.57795076639495, 0.0001, 0.32156892236236734], "k_pid_yaw": [0.5, 1e-06, 0.1], "k_pid_hsp": [0.09123035704559664, 6.076624127670365e-05, 0.0], "k_pid_vsp": [242.27618807840514, 366.65437754017915, 1e-06]}, "datetime": {"datetime": "2025-08-20 23:28:49", "elapsed": 41783.807923555374, "delta": 15.378182411193848}, "costs": {"total_cost": 172.30950534066722, "time_cost": 70.72, "final_distance_cost": 1.8204328041531808, "oscillation_cost": 25.167149652386716, "completition_cost": 0.0, "overshoot_cost": 51.258145002873825, "power_cost": 12.033326379394532, "noise_cost": 11.310451501858964, "n_waypoints_completed": 9, "tot_waypoints": 9}}
{"target": -172.20900641524742, "params": {"k_pid_pos": [1.2724347430416667, 0.0, 0.6499929288403152], "k_pid_alt": [1.999896325157689, 0.0, 0.0], "k_pid_att": [32.751313921716296, 0.0001, 0.31657693464796216], "k_pid_yaw": [0.5, 1e-06, 0.1], "k_pid_hsp": [0.10378770495122652, 5.2658508142918927e-05, 0.0], "k_pid_vsp": [257.2248330111187, 377.6748811381532, 1e-06]}, "datetime": {"datetime": "2025-08-20 23:29:07", "elapsed": 41801.77944993973, "delta": 17.971526384353638}, "costs": {"total_cost": 172.20900641524742, "time_cost": 70.808, "final_distance_cost": 1.8359324000735857, "oscillation_cost": 25.014313267143194, "completition_cost": 0.0, "overshoot_cost": 51.21527809953292, "power_cost": 11.917817822265626, "noise_cost": 11.417664826232095, "n_waypoints_completed": 9, "tot_waypoints": 9}}
{"target": -172.0421614194564, "params": {"k_pid_pos": [1.3172758198815389, 0.0, 0.5688698638775842], "k_pid_alt": [1.9998886251624919, 0.0, 0.0], "k_pid_att": [27.714872177782677, 0.0001, 0.3212627134464288], "k_pid_yaw": [0.5, 1e-06, 0.1], "k_pid_hsp": [0.0933054006124799, 6.292164397145891e-05, 0.0], "k_pid_vsp": [253.4970252204532, 380.90978772658417, 1e-06]}, "datetime": {"datetime": "2025-08-20 23:29:22", "elapsed": 41817.190418720245, "delta": 15.410968780517578}, "costs": {"total_cost": 172.0421614194564, "time_cost": 70.44800000000001, "final_distance_cost": 1.8205943768277206, "oscillation_cost": 25.563312500234836, "completition_cost": 0.0, "overshoot_cost": 51.51800925501369, "power_cost": 11.54338270263672, "noise_cost": 11.148862584743448, "n_waypoints_completed": 9, "tot_waypoints": 9}}
{"target": -171.18966834632877, "params": {"k_pid_pos": [1.323908696697195, 0.0, 0.6559943612942039], "k_pid_alt": [1.9998936454385732, 0.0, 0.0], "k_pid_att": [27.678973270994355, 0.0001, 0.31808901316752886], "k_pid_yaw": [0.5, 1e-06, 0.1], "k_pid_hsp": [0.08939949496111914, 5.841536839427235e-05, 0.0], "k_pid_vsp": [235.78586262327556, 377.28767445061584, 1e-06]}, "datetime": {"datetime": "2025-08-20 23:29:39", "elapsed": 41834.446375370026, "delta": 17.255956649780273}, "costs": {"total_cost": 171.18966834632877, "time_cost": 70.664, "final_distance_cost": 1.8086478082015323, "oscillation_cost": 24.998021416870003, "completition_cost": 0.0, "overshoot_cost": 51.03903091156246, "power_cost": 11.536800341796875, "noise_cost": 11.143167867897912, "n_waypoints_completed": 9, "tot_waypoints": 9}}
{"target": -171.86288636791932, "params": {"k_pid_pos": [1.3172051991983638, 0.0, 0.6615868671259107], "k_pid_alt": [1.9998973996463272, 0.0, 0.0], "k_pid_att": [26.107223331439087, 0.0001, 0.32691588457214055], "k_pid_yaw": [0.5, 1e-06, 0.1], "k_pid_hsp": [0.1191758302499509, 7.271173373658419e-05, 0.0], "k_pid_vsp": [253.51699601765625, 355.36010839000744, 1e-06]}, "datetime": {"datetime": "2025-08-20 23:29:56", "elapsed": 41851.03029346466, "delta": 16.58391809463501}, "costs": {"total_cost": 171.86288636791932, "time_cost": 70.688, "final_distance_cost": 1.831837473513848, "oscillation_cost": 25.33457100079143, "completition_cost": 0.0, "overshoot_cost": 50.81266307447113, "power_cost": 11.873957397460938, "noise_cost": 11.32185742168197, "n_waypoints_completed": 9, "tot_waypoints": 9}}
{"target": -171.9327067140552, "params": {"k_pid_pos": [1.2760239254120311, 0.0, 0.7545378863944371], "k_pid_alt": [2.0, 0.0, 0.0], "k_pid_att": [27.839778110903005, 0.0001, 0.3579897322941402], "k_pid_yaw": [0.5, 1e-06, 0.1], "k_pid_hsp": [0.0930001223057495, 7.818563808224992e-05, 0.0], "k_pid_vsp": [233.97988399447846, 373.18213194922004, 1e-06]}, "datetime": {"datetime": "2025-08-20 23:30:11", "elapsed": 41866.42962169647, "delta": 15.399328231811523}, "costs": {"total_cost": 171.9327067140552, "time_cost": 71.12, "final_distance_cost": 1.8228162364617955, "oscillation_cost": 24.616360050633812, "completition_cost": 0.0, "overshoot_cost": 51.06830683127655, "power_cost": 11.824193725585937, "noise_cost": 11.481029870097103, "n_waypoints_completed": 9, "tot_waypoints": 9}}
{"target": -173.06486286734352, "params": {"k_pid_pos": [1.3202098360176826, 0.0, 0.6597202447401033], "k_pid_alt": [1.9999795186971763, 0.0, 0.0], "k_pid_att": [27.827561509666154, 0.0001, 0.3267484188624841], "k_pid_yaw": [0.5, 1e-06, 0.1], "k_pid_hsp": [0.07586856772193831, 6.713965103864049e-05, 0.0], "k_pid_vsp": [235.03295980616485, 377.30297847190326, 1e-06]}, "datetime": {"datetime": "2025-08-20 23:30:29", "elapsed": 41884.54506325722, "delta": 18.11544156074524}, "costs": {"total_cost": 173.06486286734352, "time_cost": 70.928, "final_distance_cost": 1.8118261859977414, "oscillation_cost": 24.930659354404913, "completition_cost": 0.0, "overshoot_cost": 52.11005042156473, "power_cost": 11.949092700195314, "noise_cost": 11.335234205180832, "n_waypoints_completed": 9, "tot_waypoints": 9}}
{"target": -171.8759186148919, "params": {"k_pid_pos": [1.3521379513339267, 0.0, 0.6583331811992199], "k_pid_alt": [1.9998172501258178, 0.0, 0.0], "k_pid_att": [29.1007645568133, 0.0001, 0.3203902192708012], "k_pid_yaw": [0.5, 1e-06, 0.1], "k_pid_hsp": [0.12499631061341317, 0.00017767628311773795, 0.0], "k_pid_vsp": [238.36621349765178, 375.89962769145905, 1e-06]}, "datetime": {"datetime": "2025-08-20 23:30:45", "elapsed": 41899.851455926895, "delta": 15.306392669677734}, "costs": {"total_cost": 171.8759186148919, "time_cost": 70.56, "final_distance_cost": 1.8257279626608252, "oscillation_cost": 25.739479242894664, "completition_cost": 0.0, "overshoot_cost": 50.34691522752568, "power_cost": 11.893816967773438, "noise_cost": 11.509979214037308, "n_waypoints_completed": 9, "tot_waypoints": 9}}
{"target": -172.2387948165203, "params": {"k_pid_pos": [1.3247288396660868, 0.0, 0.6041857218488573], "k_pid_alt": [1.999886663026689, 0.0, 0.0], "k_pid_att": [24.232987202795414, 0.0001, 0.32486652554921647], "k_pid_yaw": [0.5, 1e-06, 0.1], "k_pid_hsp": [0.09136882918357235, 9.3609404945092e-05, 0.0], "k_pid_vsp": [249.42657531584308, 390.0271151560686, 1e-06]}, "datetime": {"datetime": "2025-08-20 23:31:02", "elapsed": 41917.21938705444, "delta": 17.367931127548218}, "costs": {"total_cost": 172.2387948165203, "time_cost": 70.528, "final_distance_cost": 1.8191896199472701, "oscillation_cost": 25.44043258782332, "completition_cost": 0.0, "overshoot_cost": 51.251179473101466, "power_cost": 11.894524853515625, "noise_cost": 11.305468282132617, "n_waypoints_completed": 9, "tot_waypoints": 9}}
{"target": -172.37878762630862, "params": {"k_pid_pos": [1.2739665804306495, 0.0, 0.6393618349768342], "k_pid_alt": [1.9998581678144838, 0.0, 0.0], "k_pid_att": [27.87622097691477, 0.0001, 0.32390418009719146], "k_pid_yaw": [0.5, 1e-06, 0.1], "k_pid_hsp": [0.08298591097479263, 6.060106069392807e-05, 0.0], "k_pid_vsp": [236.64263616462932, 364.3686230371126, 1e-06]}, "datetime": {"datetime": "2025-08-20 23:31:19", "elapsed": 41934.273888111115, "delta": 17.054501056671143}, "costs": {"total_cost": 172.37878762630862, "time_cost": 70.808, "final_distance_cost": 1.8038771160636917, "oscillation_cost": 24.774952213986264, "completition_cost": 0.0, "overshoot_cost": 52.001319243675205, "power_cost": 11.617839868164063, "noise_cost": 11.372799184419382, "n_waypoints_completed": 9, "tot_waypoints": 9}}
{"target": -172.1963838674882, "params": {"k_pid_pos": [1.3160532509172325, 0.0, 0.5892438059859718], "k_pid_alt": [1.9998718740805896, 0.0, 0.0], "k_pid_att": [27.513326727657212, 0.0001, 0.3258420940761065], "k_pid_yaw": [0.5, 1e-06, 0.1], "k_pid_hsp": [0.0848011127625505, 6.661751548125949e-05, 0.0], "k_pid_vsp": [246.366336717223, 378.0151478960196, 1e-06]}, "datetime": {"datetime": "2025-08-20 23:31:35", "elapsed": 41949.593304634094, "delta": 15.319416522979736}, "costs": {"total_cost": 172.1963838674882, "time_cost": 70.56, "final_distance_cost": 1.8121156849806914, "oscillation_cost": 25.339357698746753, "completition_cost": 0.0, "overshoot_cost": 51.45883106756059, "power_cost": 11.737434912109375, "noise_cost": 11.2886445040908, "n_waypoints_completed": 9, "tot_waypoints": 9}}
{"target": -171.98700762321312, "params": {"k_pid_pos": [1.2846330795188474, 0.0, 0.6599819087493951], "k_pid_alt": [1.9999959035886088, 0.0, 0.0], "k_pid_att": [39.159637318178824, 0.0001, 0.26512439780768265], "k_pid_yaw": [0.5, 1e-06, 0.1], "k_pid_hsp": [0.10308324572341178, 0.00142312100529928, 0.0], "k_pid_vsp": [236.40171963733428, 338.186600164478, 1e-06]}, "datetime": {"datetime": "2025-08-20 23:31:53", "elapsed": 41967.95330238342, "delta": 18.359997749328613}, "costs": {"total_cost": 171.98700762321312, "time_cost": 70.736, "final_distance_cost": 1.8275319382932547, "oscillation_cost": 25.02582663098283, "completition_cost": 0.0, "overshoot_cost": 50.79351526614487, "power_cost": 12.155670690917969, "noise_cost": 11.44846309687421, "n_waypoints_completed": 9, "tot_waypoints": 9}}
{"target": -172.28202893703016, "params": {"k_pid_pos": [1.3294739653558418, 0.0, 0.53141904686758], "k_pid_alt": [1.999909409612822, 0.0, 0.0], "k_pid_att": [20.96955915332462, 0.0001, 0.40194819447865116], "k_pid_yaw": [0.5, 1e-06, 0.1], "k_pid_hsp": [0.07942116600351543, 4.5426276498188123e-05, 0.0], "k_pid_vsp": [252.5896458001709, 391.5205528187066, 1e-06]}, "datetime": {"datetime": "2025-08-20 23:32:08", "elapsed": 41983.426919698715, "delta": 15.473617315292358}, "costs": {"total_cost": 172.28202893703016, "time_cost": 70.568, "final_distance_cost": 1.8159126550439901, "oscillation_cost": 25.343741520557927, "completition_cost": 0.0, "overshoot_cost": 51.76047743522465, "power_cost": 11.609519726562501, "noise_cost": 11.18437759964109, "n_waypoints_completed": 9, "tot_waypoints": 9}}
{"target": -171.6522304866035, "params": {"k_pid_pos": [1.2616930087663267, 0.0, 0.6243332966507612], "k_pid_alt": [1.9998417052119823, 0.0, 0.0], "k_pid_att": [31.004956330802887, 0.0001, 0.2935102245786743], "k_pid_yaw": [0.5, 1e-06, 0.1], "k_pid_hsp": [0.08992337489383773, 3.5621058297030984e-05, 0.0], "k_pid_vsp": [241.2552556920298, 348.268980338676, 1e-06]}, "datetime": {"datetime": "2025-08-20 23:32:26", "elapsed": 42000.584127902985, "delta": 17.15720820426941}, "costs": {"total_cost": 171.6522304866035, "time_cost": 70.776, "final_distance_cost": 1.8230615001266046, "oscillation_cost": 24.81950609673213, "completition_cost": 0.0, "overshoot_cost": 51.5487804493206, "power_cost": 11.508911718750001, "noise_cost": 11.175970721674165, "n_waypoints_completed": 9, "tot_waypoints": 9}}
{"target": -172.35045834471092, "params": {"k_pid_pos": [1.421880878976421, 0.0, 0.9045153811910521], "k_pid_alt": [1.999606085393591, 0.0, 0.0], "k_pid_att": [18.660567331653382, 0.0001, 0.33161040843471523], "k_pid_yaw": [0.5, 1e-06, 0.1], "k_pid_hsp": [0.08067237735166251, 0.0002191509096955748, 0.0], "k_pid_vsp": [247.64894732380063, 352.0830144457166, 1e-06]}, "datetime": {"datetime": "2025-08-20 23:32:41", "elapsed": 42016.20391249657, "delta": 15.619784593582153}, "costs": {"total_cost": 172.35045834471092, "time_cost": 71.104, "final_distance_cost": 1.8120021746689883, "oscillation_cost": 24.708569873587397, "completition_cost": 0.0, "overshoot_cost": 51.45087641147659, "power_cost": 11.89132528076172, "noise_cost": 11.38368460421622, "n_waypoints_completed": 9, "tot_waypoints": 9}}
{"target": -172.41083088296384, "params": {"k_pid_pos": [1.299655557746731, 0.0, 0.710138038707766], "k_pid_alt": [1.9998819964375543, 0.0, 0.0], "k_pid_att": [24.622684924012116, 0.0001, 0.3210993615210574], "k_pid_yaw": [0.5, 1e-06, 0.1], "k_pid_hsp": [0.13474185980798975, 5.5669094856421016e-05, 0.0], "k_pid_vsp": [221.12240240876017, 371.3494800441123, 1e-06]}, "datetime": {"datetime": "2025-08-20 23:32:59", "elapsed": 42033.568395376205, "delta": 17.364482879638672}, "costs": {"total_cost": 172.41083088296384, "time_cost": 70.92, "final_distance_cost": 1.8349451889838297, "oscillation_cost": 25.38268001926997, "completition_cost": 0.0, "overshoot_cost": 50.695352293326906, "power_cost": 12.057865063476562, "noise_cost": 11.51998831790657, "n_waypoints_completed": 9, "tot_waypoints": 9}}
{"target": -173.4931335471111, "params": {"k_pid_pos": [1.3974050390136414, 0.0, 0.6609404379611732], "k_pid_alt": [1.9999038697722222, 0.0, 0.0], "k_pid_att": [30.625796863200193, 0.0001, 0.32523295462334617], "k_pid_yaw": [0.5, 1e-06, 0.1], "k_pid_hsp": [0.07511854766706064, 5.727888072580995e-05, 0.0], "k_pid_vsp": [238.75876354572364, 387.13648680046, 1e-06]}, "datetime": {"datetime": "2025-08-20 23:33:15", "elapsed": 42050.41647839546, "delta": 16.848083019256592}, "costs": {"total_cost": 173.4931335471111, "time_cost": 70.8, "final_distance_cost": 1.7851708963512822, "oscillation_cost": 25.19717392652814, "completition_cost": 0.0, "overshoot_cost": 52.25576615200714, "power_cost": 11.95582918701172, "noise_cost": 11.499193385212834, "n_waypoints_completed": 9, "tot_waypoints": 9}}
{"target": -173.68768336348546, "params": {"k_pid_pos": [1.6301030229024895, 0.0, 0.6056378834433669], "k_pid_alt": [1.999900940030209, 0.0, 0.0], "k_pid_att": [33.55013412575349, 0.0001, 0.2882892333813214], "k_pid_yaw": [0.5, 1e-06, 0.1], "k_pid_hsp": [0.0895542279362791, 0.0, 0.0], "k_pid_vsp": [263.96857152981437, 336.35549419422983, 1e-06]}, "datetime": {"datetime": "2025-08-20 23:33:30", "elapsed": 42065.43643450737, "delta": 15.019956111907959}, "costs": {"total_cost": 173.68768336348546, "time_cost": 70.048, "final_distance_cost": 1.7936645403485496, "oscillation_cost": 27.014264245597566, "completition_cost": 0.0, "overshoot_cost": 51.809939424418374, "power_cost": 11.861542297363282, "noise_cost": 11.160272855757716, "n_waypoints_completed": 9, "tot_waypoints": 9}}
{"target": -170.71293216790588, "params": {"k_pid_pos": [1.3176149562042505, 0.0, 0.6381212827343152], "k_pid_alt": [1.9998884851418406, 0.0, 0.0], "k_pid_att": [27.921973819426583, 0.0001, 0.3230358803661999], "k_pid_yaw": [0.5, 1e-06, 0.1], "k_pid_hsp": [0.09176903416814847, 6.195530631344138e-05, 0.0], "k_pid_vsp": [243.84463804213013, 370.21255732386544, 1e-06]}, "datetime": {"datetime": "2025-08-20 23:33:48", "elapsed": 42082.67303466797, "delta": 17.236600160598755}, "costs": {"total_cost": 170.71293216790588, "time_cost": 70.624, "final_distance_cost": 1.8044857022910095, "oscillation_cost": 24.992905950829574, "completition_cost": 0.0, "overshoot_cost": 50.767111798995074, "power_cost": 11.420232446289063, "noise_cost": 11.104196269501202, "n_waypoints_completed": 9, "tot_waypoints": 9}}
