{"target": -173.03129111385135, "params": {"k_pid_pos": [1.310650195565034, 0.0, 0.6347714128462596], "k_pid_alt": [1.9999608600810084, 0.0, 0.0], "k_pid_att": [26.30743051745233, 0.0001, 0.3474974779817122], "k_pid_yaw": [0.5, 1e-06, 0.1], "k_pid_hsp": [0.06859606871595972, 3.870856155295932e-05, 0.0], "k_pid_vsp": [253.15283808604272, 372.6763706517437, 1e-06]}, "datetime": {"datetime": "2025-08-20 20:28:53", "elapsed": 30987.840798139572, "delta": 17.557901859283447}, "costs": {"total_cost": 173.03129111385135, "time_cost": 71.288, "final_distance_cost": 1.812450113812361, "oscillation_cost": 24.275536786902055, "completition_cost": 0.0, "overshoot_cost": 52.17279695087826, "power_cost": 11.978496472167969, "noise_cost": 11.504010790090714, "n_waypoints_completed": 9, "tot_waypoints": 9}}
{"target": -172.0354992781011, "params": {"k_pid_pos": [1.3453853383545868, 0.0, 0.7535350197494348], "k_pid_alt": [1.9689894486907638, 0.0, 0.0], "k_pid_att": [28.523413433390203, 0.0001, 0.5348690009433411], "k_pid_yaw": [0.5, 1e-06, 0.1], "k_pid_hsp": [0.11621126323845213, 0.00011107345694368944, 0.0], "k_pid_vsp": [223.064501506017, 357.29053022614755, 1e-06]}, "datetime": {"datetime": "2025-08-20 20:29:08", "elapsed": 31003.28484606743, "delta": 15.444047927856445}, "costs": {"total_cost": 172.0354992781011, "time_cost": 70.856, "final_distance_cost": 1.8286957237056134, "oscillation_cost": 25.113845517207377, "completition_cost": 0.0, "overshoot_cost": 50.83230869216968, "power_cost": 11.960643981933595, "noise_cost": 11.444005363084832, "n_waypoints_completed": 9, "tot_waypoints": 9}}
{"target": -172.44545261085318, "params": {"k_pid_pos": [1.3062442981570135, 0.0, 0.6001949386398647], "k_pid_alt": [1.9999580523573028, 0.0, 0.0], "k_pid_att": [25.49376291562998, 0.0001, 0.35518249989224765], "k_pid_yaw": [0.5, 1e-06, 0.1], "k_pid_hsp": [0.13180414154458364, 0.00011773781315289815, 0.0], "k_pid_vsp": [235.08869309522518, 381.1812137896774, 1e-06]}, "datetime": {"datetime": "2025-08-20 20:29:25", "elapsed": 31020.06444644928, "delta": 16.779600381851196}, "costs": {"total_cost": 172.44545261085318, "time_cost": 70.504, "final_distance_cost": 1.8217665822565743, "oscillation_cost": 25.764473797501218, "completition_cost": 0.0, "overshoot_cost": 50.79351845090306, "power_cost": 12.120055712890625, "noise_cost": 11.441638067301675, "n_waypoints_completed": 9, "tot_waypoints": 9}}
{"target": -172.12623175004106, "params": {"k_pid_pos": [1.376474807766797, 0.0, 0.5428660307300426], "k_pid_alt": [1.999934875168679, 0.0, 0.0], "k_pid_att": [26.396545737057583, 0.0001, 0.31491469995233956], "k_pid_yaw": [0.5, 1e-06, 0.1], "k_pid_hsp": [0.09673978160013567, 0.00011006510730104905, 0.0], "k_pid_vsp": [226.9206701228466, 354.8634576713873, 1e-06]}, "datetime": {"datetime": "2025-08-20 20:29:40", "elapsed": 31035.12739610672, "delta": 15.062949657440186}, "costs": {"total_cost": 172.12623175004106, "time_cost": 70.256, "final_distance_cost": 1.8229520372224228, "oscillation_cost": 25.962730995015715, "completition_cost": 0.0, "overshoot_cost": 51.4348961748531, "power_cost": 11.507164001464844, "noise_cost": 11.142488541484974, "n_waypoints_completed": 9, "tot_waypoints": 9}}
{"target": -172.11105035220046, "params": {"k_pid_pos": [1.3501521728155579, 0.0, 0.613112837506731], "k_pid_alt": [1.9998472664688651, 0.0, 0.0], "k_pid_att": [29.64582379721411, 0.0001, 0.3342147233810484], "k_pid_yaw": [0.5, 1e-06, 0.1], "k_pid_hsp": [0.0886245946077416, 0.00011509928689594857, 0.0], "k_pid_vsp": [245.09327589599997, 398.29746230019015, 1e-06]}, "datetime": {"datetime": "2025-08-20 20:29:57", "elapsed": 31052.08519101143, "delta": 16.957794904708862}, "costs": {"total_cost": 172.11105035220046, "time_cost": 70.456, "final_distance_cost": 1.7935358136160826, "oscillation_cost": 25.357922767643746, "completition_cost": 0.0, "overshoot_cost": 51.76098771611708, "power_cost": 11.617976965332032, "noise_cost": 11.124627089491531, "n_waypoints_completed": 9, "tot_waypoints": 9}}
{"target": -173.2064770102353, "params": {"k_pid_pos": [1.4127534925302951, 0.0, 0.5174064809206833], "k_pid_alt": [1.9946120497597322, 0.0, 0.0], "k_pid_att": [22.51810058128298, 0.0001, 0.3193672736499639], "k_pid_yaw": [0.5, 1e-06, 0.1], "k_pid_hsp": [0.09871678276125206, 5.294319376253289e-05, 0.0], "k_pid_vsp": [255.58411652218226, 392.0214290545069, 1e-06]}, "datetime": {"datetime": "2025-08-20 20:30:12", "elapsed": 31067.475739002228, "delta": 15.39054799079895}, "costs": {"total_cost": 173.2064770102353, "time_cost": 70.104, "final_distance_cost": 1.8015004327950443, "oscillation_cost": 26.480225074623615, "completition_cost": 0.0, "overshoot_cost": 51.32432237532988, "power_cost": 12.137466027832032, "noise_cost": 11.35896309965471, "n_waypoints_completed": 9, "tot_waypoints": 9}}
{"target": -174.51489637215604, "params": {"k_pid_pos": [1.2310348820550439, 0.0, 1.0], "k_pid_alt": [1.999932478184488, 0.0, 0.0], "k_pid_att": [39.74012810518384, 0.0001, 0.1508335941859048], "k_pid_yaw": [0.5, 1e-06, 0.1], "k_pid_hsp": [0.07086704511861683, 0.00015243079877674652, 0.0], "k_pid_vsp": [252.02046997466178, 397.92274571086193, 1e-06]}, "datetime": {"datetime": "2025-08-20 20:30:31", "elapsed": 31085.601755857468, "delta": 18.126016855239868}, "costs": {"total_cost": 174.51489637215604, "time_cost": 72.872, "final_distance_cost": 1.841606827660822, "oscillation_cost": 23.836253552418565, "completition_cost": 0.0, "overshoot_cost": 52.02733486164835, "power_cost": 12.078890063476564, "noise_cost": 11.858811066951748, "n_waypoints_completed": 9, "tot_waypoints": 9}}
{"target": -173.98384386262143, "params": {"k_pid_pos": [1.324760402789482, 0.0, 0.9646493595637983], "k_pid_alt": [1.9998632209792842, 0.0, 0.0], "k_pid_att": [35.733669404755055, 0.0001, 0.2342590174285208], "k_pid_yaw": [0.5, 1e-06, 0.1], "k_pid_hsp": [0.08975966574493965, 0.0036795613482377733, 0.0], "k_pid_vsp": [250.79539920983336, 382.47607185054267, 1e-06]}, "datetime": {"datetime": "2025-08-20 20:30:46", "elapsed": 31100.788280248642, "delta": 15.186524391174316}, "costs": {"total_cost": 173.98384386262143, "time_cost": 71.584, "final_distance_cost": 1.8462315222161487, "oscillation_cost": 24.742037133916455, "completition_cost": 0.0, "overshoot_cost": 51.849299494997354, "power_cost": 12.298998815917969, "noise_cost": 11.663276895573503, "n_waypoints_completed": 9, "tot_waypoints": 9}}
{"target": -172.2554408038128, "params": {"k_pid_pos": [1.3185945468823597, 0.0, 0.5955046549839447], "k_pid_alt": [1.9999187299318906, 0.0, 0.0], "k_pid_att": [21.877226976087826, 0.0001, 0.3104996573516095], "k_pid_yaw": [0.5, 1e-06, 0.1], "k_pid_hsp": [0.10002102908441861, 3.4342883523888576e-05, 0.0], "k_pid_vsp": [276.2666460187699, 400.0, 1e-06]}, "datetime": {"datetime": "2025-08-20 20:31:03", "elapsed": 31118.170963048935, "delta": 17.38268280029297}, "costs": {"total_cost": 172.2554408038128, "time_cost": 70.47200000000001, "final_distance_cost": 1.821143398588828, "oscillation_cost": 25.3619376567191, "completition_cost": 0.0, "overshoot_cost": 51.371392572671205, "power_cost": 11.897869641113282, "noise_cost": 11.33109753472039, "n_waypoints_completed": 9, "tot_waypoints": 9}}
{"target": -172.2731910951448, "params": {"k_pid_pos": [1.451158461968007, 0.0, 0.943684284012563], "k_pid_alt": [2.0, 0.0, 0.0], "k_pid_att": [32.02165597607315, 0.0001, 0.2099110013110329], "k_pid_yaw": [0.5, 1e-06, 0.1], "k_pid_hsp": [0.11965744910136436, 2.5813550882323243e-05, 0.0], "k_pid_vsp": [253.3739080119599, 317.8947230859725, 1e-06]}, "datetime": {"datetime": "2025-08-20 20:31:19", "elapsed": 31134.00625681877, "delta": 15.835293769836426}, "costs": {"total_cost": 172.2731910951448, "time_cost": 71.224, "final_distance_cost": 1.8448404093642838, "oscillation_cost": 25.05982329151199, "completition_cost": 0.0, "overshoot_cost": 50.799329606658574, "power_cost": 11.832541003417969, "noise_cost": 11.51265678419199, "n_waypoints_completed": 9, "tot_waypoints": 9}}
{"target": -172.62038273627616, "params": {"k_pid_pos": [1.3224742585469271, 0.0, 0.8740080360055289], "k_pid_alt": [1.999654642441627, 0.0, 0.0], "k_pid_att": [22.862620650821437, 0.0001, 0.2783207132465075], "k_pid_yaw": [0.5, 1e-06, 0.1], "k_pid_hsp": [0.13256569822723566, 8.212313119776522e-06, 0.0], "k_pid_vsp": [251.47647028730543, 396.8600545858914, 1e-06]}, "datetime": {"datetime": "2025-08-20 20:31:36", "elapsed": 31151.338800907135, "delta": 17.332544088363647}, "costs": {"total_cost": 172.62038273627616, "time_cost": 71.568, "final_distance_cost": 1.8424998473551737, "oscillation_cost": 25.13026306962809, "completition_cost": 0.0, "overshoot_cost": 50.517033829055464, "power_cost": 11.972491027832032, "noise_cost": 11.590094962405406, "n_waypoints_completed": 9, "tot_waypoints": 9}}
{"target": -173.26260054200557, "params": {"k_pid_pos": [1.2403381797102093, 0.0, 0.6342574111999847], "k_pid_alt": [2.0, 0.0, 0.0], "k_pid_att": [41.29081578688071, 0.0001, 0.38160166527619654], "k_pid_yaw": [0.5, 1e-06, 0.1], "k_pid_hsp": [0.08732959382062155, 1.1046673864702166e-05, 0.0], "k_pid_vsp": [197.7809855288504, 396.1517220670501, 1e-06]}, "datetime": {"datetime": "2025-08-20 20:31:51", "elapsed": 31166.40398335457, "delta": 15.065182447433472}, "costs": {"total_cost": 173.26260054200557, "time_cost": 70.888, "final_distance_cost": 1.8270427376571476, "oscillation_cost": 24.88966566894679, "completition_cost": 0.0, "overshoot_cost": 51.79872672955452, "power_cost": 12.293908898925782, "noise_cost": 11.565256506921326, "n_waypoints_completed": 9, "tot_waypoints": 9}}
{"target": -172.0821498262095, "params": {"k_pid_pos": [1.4143105920463228, 0.0, 0.6501179716246097], "k_pid_alt": [1.9998994752346584, 0.0, 0.0], "k_pid_att": [40.8472897498346, 0.0001, 0.3593491794973027], "k_pid_yaw": [0.5, 1e-06, 0.1], "k_pid_hsp": [0.10085692865450738, 2.542004981153532e-05, 0.0], "k_pid_vsp": [254.90600172961945, 373.0961654602066, 1e-06]}, "datetime": {"datetime": "2025-08-20 20:32:09", "elapsed": 31183.814106941223, "delta": 17.410123586654663}, "costs": {"total_cost": 172.0821498262095, "time_cost": 70.416, "final_distance_cost": 1.828024958215702, "oscillation_cost": 25.581591674120844, "completition_cost": 0.0, "overshoot_cost": 51.08982295256785, "power_cost": 11.808600817871094, "noise_cost": 11.358109423434039, "n_waypoints_completed": 9, "tot_waypoints": 9}}
{"target": -175.75616807941236, "params": {"k_pid_pos": [1.1635801355204274, 0.0, 1.0], "k_pid_alt": [2.0, 0.0, 0.0], "k_pid_att": [37.96251619883026, 0.0001, 0.31279958915083017], "k_pid_yaw": [0.5, 1e-06, 0.1], "k_pid_hsp": [0.09057947253306639, 8.873599539326914e-06, 0.0], "k_pid_vsp": [260.04925055735333, 298.3945909607743, 1e-06]}, "datetime": {"datetime": "2025-08-20 20:32:25", "elapsed": 31199.812576293945, "delta": 15.998469352722168}, "costs": {"total_cost": 175.75616807941236, "time_cost": 73.72800000000001, "final_distance_cost": 1.8458833761175308, "oscillation_cost": 23.66573153035359, "completition_cost": 0.0, "overshoot_cost": 51.65158958415239, "power_cost": 12.638685766601563, "noise_cost": 12.22627782218727, "n_waypoints_completed": 9, "tot_waypoints": 9}}
{"target": -171.77973693278315, "params": {"k_pid_pos": [1.3106770252580329, 0.0, 0.6153249340115056], "k_pid_alt": [1.9998870125766652, 0.0, 0.0], "k_pid_att": [26.22721364282223, 0.0001, 0.3208741209907313], "k_pid_yaw": [0.5, 1e-06, 0.1], "k_pid_hsp": [0.09086015634187636, 4.827796630179799e-05, 0.0], "k_pid_vsp": [249.84147845115075, 396.29525533601856, 1e-06]}, "datetime": {"datetime": "2025-08-20 20:32:41", "elapsed": 31215.95454978943, "delta": 16.1419734954834}, "costs": {"total_cost": 171.77973693278315, "time_cost": 70.568, "final_distance_cost": 1.8185361078485103, "oscillation_cost": 25.18991761782099, "completition_cost": 0.0, "overshoot_cost": 51.45489446815197, "power_cost": 11.539736657714844, "noise_cost": 11.20865208124685, "n_waypoints_completed": 9, "tot_waypoints": 9}}
{"target": -174.99878065417312, "params": {"k_pid_pos": [1.395592715926293, 0.0, 0.7889201390855448], "k_pid_alt": [1.9138740026332073, 0.0, 0.0], "k_pid_att": [27.40356420996868, 0.0001, 0.2923307742456832], "k_pid_yaw": [0.5, 1e-06, 0.1], "k_pid_hsp": [0.049132781829730146, 8.722118957236301e-05, 0.0], "k_pid_vsp": [249.80421756058408, 398.71040440469415, 1e-06]}, "datetime": {"datetime": "2025-08-20 20:32:58", "elapsed": 31233.10013461113, "delta": 17.14558482170105}, "costs": {"total_cost": 174.99878065417312, "time_cost": 73.488, "final_distance_cost": 1.7746695411841364, "oscillation_cost": 21.432529724421435, "completition_cost": 0.0, "overshoot_cost": 53.93975965091571, "power_cost": 12.369889782714845, "noise_cost": 11.993931954936997, "n_waypoints_completed": 9, "tot_waypoints": 9}}
{"target": -172.16057016707686, "params": {"k_pid_pos": [1.2995714406581553, 0.0, 0.5960142594372551], "k_pid_alt": [1.9999289435675232, 0.0, 0.0], "k_pid_att": [26.06344383340505, 0.0001, 0.32305068934751874], "k_pid_yaw": [0.5, 1e-06, 0.1], "k_pid_hsp": [0.09127997624081749, 7.188339350896104e-05, 0.0], "k_pid_vsp": [236.64980614478955, 395.72411139871264, 1e-06]}, "datetime": {"datetime": "2025-08-20 20:33:15", "elapsed": 31250.155395507812, "delta": 17.05526089668274}, "costs": {"total_cost": 172.16057016707686, "time_cost": 70.552, "final_distance_cost": 1.8236045903651945, "oscillation_cost": 25.15740838800305, "completition_cost": 0.0, "overshoot_cost": 51.426318493602295, "power_cost": 11.965234155273437, "noise_cost": 11.236004539832894, "n_waypoints_completed": 9, "tot_waypoints": 9}}
{"target": -171.87966656411348, "params": {"k_pid_pos": [1.3037857955208658, 0.0, 0.6579984469189152], "k_pid_alt": [1.9999524792304755, 0.0, 0.0], "k_pid_att": [27.10506934064299, 0.0001, 0.3097682529937372], "k_pid_yaw": [0.5, 1e-06, 0.1], "k_pid_hsp": [0.09842842871968464, 7.3228888702157e-05, 0.0], "k_pid_vsp": [228.07964821797617, 367.2593011254586, 1e-06]}, "datetime": {"datetime": "2025-08-20 20:33:31", "elapsed": 31265.855714321136, "delta": 15.700318813323975}, "costs": {"total_cost": 171.87966656411348, "time_cost": 70.744, "final_distance_cost": 1.8226157565009449, "oscillation_cost": 25.002967376817274, "completition_cost": 0.0, "overshoot_cost": 51.022586101957515, "power_cost": 11.936100732421876, "noise_cost": 11.35139659641589, "n_waypoints_completed": 9, "tot_waypoints": 9}}
{"target": -171.82084077781437, "params": {"k_pid_pos": [1.3406908363620669, 0.0, 0.6426770913968111], "k_pid_alt": [1.9998891719389416, 0.0, 0.0], "k_pid_att": [34.60623625867529, 0.0001, 0.3236956602541623], "k_pid_yaw": [0.5, 1e-06, 0.1], "k_pid_hsp": [0.10227890284034832, 2.4955925910584668e-05, 0.0], "k_pid_vsp": [263.54255501691574, 364.45968592875295, 1e-06]}, "datetime": {"datetime": "2025-08-20 20:33:47", "elapsed": 31281.689868211746, "delta": 15.834153890609741}, "costs": {"total_cost": 171.82084077781437, "time_cost": 70.57600000000001, "final_distance_cost": 1.8072934295286993, "oscillation_cost": 25.47045543024584, "completition_cost": 0.0, "overshoot_cost": 51.01446085934422, "power_cost": 11.596166979980469, "noise_cost": 11.356464078715124, "n_waypoints_completed": 9, "tot_waypoints": 9}}
{"target": -171.85748105413512, "params": {"k_pid_pos": [1.3487645218805595, 0.0, 0.5873679813492608], "k_pid_alt": [1.9999555141856853, 0.0, 0.0], "k_pid_att": [25.745507892468677, 0.0001, 0.24923409692483195], "k_pid_yaw": [0.5, 1e-06, 0.1], "k_pid_hsp": [0.10979295659664592, 5.300819036441363e-05, 0.0], "k_pid_vsp": [247.29241885415226, 398.7818820356841, 1e-06]}, "datetime": {"datetime": "2025-08-20 20:34:03", "elapsed": 31298.471974611282, "delta": 16.782106399536133}, "costs": {"total_cost": 171.85748105413512, "time_cost": 70.36, "final_distance_cost": 1.8216696711921814, "oscillation_cost": 25.943867419818314, "completition_cost": 0.0, "overshoot_cost": 50.87117822647619, "power_cost": 11.65517196044922, "noise_cost": 11.205593776199212, "n_waypoints_completed": 9, "tot_waypoints": 9}}
{"target": -173.204985501823, "params": {"k_pid_pos": [1.344859549363031, 0.0, 0.7821934420825345], "k_pid_alt": [1.9801668439735063, 0.0, 0.0], "k_pid_att": [27.288770747264007, 0.0001, 0.3260354320594752], "k_pid_yaw": [0.5, 1e-06, 0.1], "k_pid_hsp": [0.10350956009709608, 1.449441190751085e-05, 0.0], "k_pid_vsp": [273.26519952632464, 389.27634911050035, 1e-06]}, "datetime": {"datetime": "2025-08-20 20:34:20", "elapsed": 31314.9260764122, "delta": 16.45410180091858}, "costs": {"total_cost": 173.204985501823, "time_cost": 70.944, "final_distance_cost": 1.8398784718756807, "oscillation_cost": 25.02196265620902, "completition_cost": 0.0, "overshoot_cost": 51.6786922594504, "power_cost": 12.13845927734375, "noise_cost": 11.58199283694416, "n_waypoints_completed": 9, "tot_waypoints": 9}}
{"target": -173.17883645987885, "params": {"k_pid_pos": [1.2745791288636816, 0.0, 0.6410696828946502], "k_pid_alt": [1.9999544572236323, 0.0, 0.0], "k_pid_att": [13.607321992222333, 0.0001, 0.31248524268775485], "k_pid_yaw": [0.5, 1e-06, 0.1], "k_pid_hsp": [0.08099615477870542, 5.726650332468209e-05, 0.0], "k_pid_vsp": [256.03483553813356, 400.0, 1e-06]}, "datetime": {"datetime": "2025-08-20 20:34:37", "elapsed": 31332.00641298294, "delta": 17.080336570739746}, "costs": {"total_cost": 173.17883645987885, "time_cost": 70.848, "final_distance_cost": 1.816942144775231, "oscillation_cost": 25.049600532891972, "completition_cost": 0.0, "overshoot_cost": 52.0112267409802, "power_cost": 12.06681795654297, "noise_cost": 11.386249084688492, "n_waypoints_completed": 9, "tot_waypoints": 9}}
{"target": -172.53752472222098, "params": {"k_pid_pos": [1.394438293705377, 0.0, 0.6426515036604956], "k_pid_alt": [1.9999767648026647, 0.0, 0.0], "k_pid_att": [23.98119281738284, 0.0001, 0.301044797109411], "k_pid_yaw": [0.5, 1e-06, 0.1], "k_pid_hsp": [0.10952245125970896, 0.00015795467699440062, 0.0], "k_pid_vsp": [214.2872966886295, 398.7668778713577, 1e-06]}, "datetime": {"datetime": "2025-08-20 20:34:54", "elapsed": 31348.89675593376, "delta": 16.890342950820923}, "costs": {"total_cost": 172.53752472222098, "time_cost": 70.4, "final_distance_cost": 1.8361997777002024, "oscillation_cost": 26.108990682647256, "completition_cost": 0.0, "overshoot_cost": 51.05186778276446, "power_cost": 11.863698254394532, "noise_cost": 11.276768224714523, "n_waypoints_completed": 9, "tot_waypoints": 9}}
{"target": -172.46979138945522, "params": {"k_pid_pos": [1.297039795810128, 0.0, 0.7443403580940705], "k_pid_alt": [1.999858243169716, 0.0, 0.0], "k_pid_att": [29.047383358124314, 0.0001, 0.37141763780813053], "k_pid_yaw": [0.5, 1e-06, 0.1], "k_pid_hsp": [0.08988490221986027, 0.0, 0.0], "k_pid_vsp": [234.7005416749919, 392.4783973720199, 1e-06]}, "datetime": {"datetime": "2025-08-20 20:35:10", "elapsed": 31364.940984010696, "delta": 16.044228076934814}, "costs": {"total_cost": 172.46979138945522, "time_cost": 70.992, "final_distance_cost": 1.8378722678187307, "oscillation_cost": 24.894470872567172, "completition_cost": 0.0, "overshoot_cost": 51.1181583101496, "power_cost": 12.15748250732422, "noise_cost": 11.469807431595486, "n_waypoints_completed": 9, "tot_waypoints": 9}}
{"target": -172.001658591033, "params": {"k_pid_pos": [1.3619747799013568, 0.0, 0.7023831271922385], "k_pid_alt": [1.9997820029876892, 0.0, 0.0], "k_pid_att": [24.401316258078783, 0.0001, 0.2801684280915882], "k_pid_yaw": [0.5, 1e-06, 0.1], "k_pid_hsp": [0.12248787885462735, 0.00013699819927589688, 0.0], "k_pid_vsp": [247.04073330530613, 352.2812731222565, 1e-06]}, "datetime": {"datetime": "2025-08-20 20:35:26", "elapsed": 31381.21379351616, "delta": 16.272809505462646}, "costs": {"total_cost": 172.001658591033, "time_cost": 70.688, "final_distance_cost": 1.8311675651605577, "oscillation_cost": 25.353826754363574, "completition_cost": 0.0, "overshoot_cost": 50.60676557238916, "power_cost": 12.087523864746094, "noise_cost": 11.434374834373616, "n_waypoints_completed": 9, "tot_waypoints": 9}}
{"target": -172.3354027576949, "params": {"k_pid_pos": [1.3416314076939355, 0.0, 0.742113229643485], "k_pid_alt": [1.9998830410788053, 0.0, 0.0], "k_pid_att": [18.314841574467348, 0.0001, 0.25682827477480186], "k_pid_yaw": [0.5, 1e-06, 0.1], "k_pid_hsp": [0.10185723271575751, 0.0004117224363464407, 0.0], "k_pid_vsp": [249.2558335064676, 381.8615570463558, 1e-06]}, "datetime": {"datetime": "2025-08-20 20:35:42", "elapsed": 31397.417300462723, "delta": 16.20350694656372}, "costs": {"total_cost": 172.3354027576949, "time_cost": 70.792, "final_distance_cost": 1.82218407201587, "oscillation_cost": 25.03687831355288, "completition_cost": 0.0, "overshoot_cost": 51.056224791960325, "power_cost": 12.148027062988282, "noise_cost": 11.48008851717754, "n_waypoints_completed": 9, "tot_waypoints": 9}}
{"target": -172.23559649502272, "params": {"k_pid_pos": [1.3541482880357227, 0.0, 0.7191210557917047], "k_pid_alt": [1.9999180519134705, 0.0, 0.0], "k_pid_att": [44.22144121759139, 0.0001, 0.33727196725626096], "k_pid_yaw": [0.5, 1e-06, 0.1], "k_pid_hsp": [0.11201676929273818, 4.63399265250262e-05, 0.0], "k_pid_vsp": [243.13746319702366, 380.07198142926467, 1e-06]}, "datetime": {"datetime": "2025-08-20 20:35:58", "elapsed": 31412.798399925232, "delta": 15.381099462509155}, "costs": {"total_cost": 172.23559649502272, "time_cost": 70.768, "final_distance_cost": 1.819319238842004, "oscillation_cost": 25.16666924323047, "completition_cost": 0.0, "overshoot_cost": 51.07554558128517, "power_cost": 12.054619152832032, "noise_cost": 11.351443278833049, "n_waypoints_completed": 9, "tot_waypoints": 9}}
