{"target": -172.2938724850262, "params": {"k_pid_pos": [1.5071084729717457, 0.0, 0.8283097327114131], "k_pid_alt": [1.999891835239563, 0.0, 0.0], "k_pid_att": [11.07147394066391, 0.0001, 0.44254030779960885], "k_pid_yaw": [0.5, 1e-06, 0.1], "k_pid_hsp": [0.0937198199506903, 0.00020407068924943106, 0.0], "k_pid_vsp": [237.32646992717653, 390.30394038798755, 1e-06]}, "datetime": {"datetime": "2025-08-20 19:00:55", "elapsed": 25709.95132803917, "delta": 15.195795774459839}, "costs": {"total_cost": 172.2938724850262, "time_cost": 70.504, "final_distance_cost": 1.8153306496910424, "oscillation_cost": 25.724500937107035, "completition_cost": 0.0, "overshoot_cost": 51.652916708478344, "power_cost": 11.495684155273437, "noise_cost": 11.101440034476328, "n_waypoints_completed": 9, "tot_waypoints": 9}}
{"target": -172.47955157538456, "params": {"k_pid_pos": [1.4511332200925882, 0.0, 0.8068103002034935], "k_pid_alt": [1.9997135051801955, 0.0, 0.0], "k_pid_att": [11.310936018234537, 0.0001, 0.37905749204106154], "k_pid_yaw": [0.5, 1e-06, 0.1], "k_pid_hsp": [0.1061945317827768, 0.0008960639784358977, 0.0], "k_pid_vsp": [234.68236934849637, 297.60814502045105, 1e-06]}, "datetime": {"datetime": "2025-08-20 19:01:11", "elapsed": 25726.222233057022, "delta": 16.270905017852783}, "costs": {"total_cost": 172.47955157538456, "time_cost": 70.624, "final_distance_cost": 1.822421478674905, "oscillation_cost": 25.369257602609267, "completition_cost": 0.0, "overshoot_cost": 50.94774547833085, "power_cost": 12.158467980957031, "noise_cost": 11.557659034812492, "n_waypoints_completed": 9, "tot_waypoints": 9}}
{"target": -171.7077855764216, "params": {"k_pid_pos": [1.4047909629645787, 0.0, 0.7445522281316336], "k_pid_alt": [1.9997108640764032, 0.0, 0.0], "k_pid_att": [45.34301326851904, 0.0001, 0.2560215753429421], "k_pid_yaw": [0.5, 1e-06, 0.1], "k_pid_hsp": [0.12511016955236148, 0.0, 0.0], "k_pid_vsp": [264.2641744903099, 304.9689875971418, 1e-06]}, "datetime": {"datetime": "2025-08-20 19:01:27", "elapsed": 25742.214014291763, "delta": 15.991781234741211}, "costs": {"total_cost": 171.7077855764216, "time_cost": 70.744, "final_distance_cost": 1.8338190443805589, "oscillation_cost": 25.48052731293892, "completition_cost": 0.0, "overshoot_cost": 50.7852446523936, "power_cost": 11.620995324707032, "noise_cost": 11.243199242001504, "n_waypoints_completed": 9, "tot_waypoints": 9}}
{"target": -172.55229120413196, "params": {"k_pid_pos": [1.4947178528569416, 0.0, 0.8561464365122158], "k_pid_alt": [2.0, 0.0, 0.0], "k_pid_att": [25.042700690580496, 0.0001, 0.37954601332766297], "k_pid_yaw": [0.5, 1e-06, 0.1], "k_pid_hsp": [0.08858540361828923, 3.497461978837715e-05, 0.0], "k_pid_vsp": [209.12851634189278, 354.4149982086037, 1e-06]}, "datetime": {"datetime": "2025-08-20 19:01:43", "elapsed": 25758.250595092773, "delta": 16.036580801010132}, "costs": {"total_cost": 172.55229120413196, "time_cost": 70.752, "final_distance_cost": 1.8356808668587368, "oscillation_cost": 25.287152241913763, "completition_cost": 0.0, "overshoot_cost": 51.393690758688344, "power_cost": 11.967952844238281, "noise_cost": 11.31581449243286, "n_waypoints_completed": 9, "tot_waypoints": 9}}
{"target": -171.2523290401058, "params": {"k_pid_pos": [1.3986604366155915, 0.0, 0.7980343262057326], "k_pid_alt": [1.9995822474202638, 0.0, 0.0], "k_pid_att": [20.855684936178623, 0.0001, 0.264169148545256], "k_pid_yaw": [0.5, 1e-06, 0.1], "k_pid_hsp": [0.11240536173337641, 0.0001549168250497977, 0.0], "k_pid_vsp": [245.52318917510158, 400.0, 1e-06]}, "datetime": {"datetime": "2025-08-20 19:02:00", "elapsed": 25775.218384981155, "delta": 16.967789888381958}, "costs": {"total_cost": 171.2523290401058, "time_cost": 70.784, "final_distance_cost": 1.8371068753617232, "oscillation_cost": 25.089716179465366, "completition_cost": 0.0, "overshoot_cost": 50.58326037949644, "power_cost": 11.68612303466797, "noise_cost": 11.272122571114291, "n_waypoints_completed": 9, "tot_waypoints": 9}}
{"target": -172.80710415862828, "params": {"k_pid_pos": [1.3370662644088005, 0.0, 0.8286773900146007], "k_pid_alt": [1.9999902832727712, 0.0, 0.0], "k_pid_att": [19.731565016653583, 0.0001, 0.30317560249952524], "k_pid_yaw": [0.5, 1e-06, 0.1], "k_pid_hsp": [0.11006276785881178, 6.642044216888806e-05, 0.0], "k_pid_vsp": [160.70697399804044, 381.4414850760316, 1e-06]}, "datetime": {"datetime": "2025-08-20 19:02:15", "elapsed": 25790.326446533203, "delta": 15.10806155204773}, "costs": {"total_cost": 172.80710415862828, "time_cost": 71.224, "final_distance_cost": 1.838969584521102, "oscillation_cost": 25.23045337743225, "completition_cost": 0.0, "overshoot_cost": 50.83201857161338, "power_cost": 12.109330200195313, "noise_cost": 11.572332424866245, "n_waypoints_completed": 9, "tot_waypoints": 9}}
{"target": -172.35661164825478, "params": {"k_pid_pos": [1.445771940271777, 0.0, 0.7592333874647189], "k_pid_alt": [2.0, 0.0, 0.0], "k_pid_att": [24.442769666442878, 0.0001, 0.3246704630515439], "k_pid_yaw": [0.5, 1e-06, 0.1], "k_pid_hsp": [0.10569607484642563, 6.320213104012918e-05, 0.0], "k_pid_vsp": [222.4917871614087, 375.47569262876266, 1e-06]}, "datetime": {"datetime": "2025-08-20 19:02:32", "elapsed": 25806.669293642044, "delta": 16.342847108840942}, "costs": {"total_cost": 172.35661164825478, "time_cost": 70.608, "final_distance_cost": 1.8226514161960108, "oscillation_cost": 25.606650792054424, "completition_cost": 0.0, "overshoot_cost": 50.94738056148713, "power_cost": 11.96471318359375, "noise_cost": 11.407215694923474, "n_waypoints_completed": 9, "tot_waypoints": 9}}
{"target": -174.901709279563, "params": {"k_pid_pos": [1.398037650762544, 0.0, 0.7767323020807804], "k_pid_alt": [1.999595126501079, 0.0, 0.0], "k_pid_att": [79.79298714031466, 0.0001, 0.2687814466594046], "k_pid_yaw": [0.5, 1e-06, 0.1], "k_pid_hsp": [0.09580094573686292, 0.0, 0.0], "k_pid_vsp": [260.00527680771984, 306.5426897151037, 1e-06]}, "datetime": {"datetime": "2025-08-20 19:02:47", "elapsed": 25822.022681951523, "delta": 15.35338830947876}, "costs": {"total_cost": 174.901709279563, "time_cost": 70.984, "final_distance_cost": 1.8137063223884329, "oscillation_cost": 26.89976515099757, "completition_cost": 0.0, "overshoot_cost": 51.618965587182586, "power_cost": 12.098086987304688, "noise_cost": 11.487185231689729, "n_waypoints_completed": 9, "tot_waypoints": 9}}
{"target": -172.39750434182267, "params": {"k_pid_pos": [1.587159971550635, 0.0, 0.8408229311297605], "k_pid_alt": [1.999868609167635, 0.0, 0.0], "k_pid_att": [26.04564818268726, 0.0001, 0.27668233297237166], "k_pid_yaw": [0.5, 1e-06, 0.1], "k_pid_hsp": [0.10890722740051008, 0.00010989620741947402, 0.0], "k_pid_vsp": [207.35261574955712, 318.91374355331095, 1e-06]}, "datetime": {"datetime": "2025-08-20 19:03:03", "elapsed": 25838.266701221466, "delta": 16.244019269943237}, "costs": {"total_cost": 172.39750434182267, "time_cost": 70.504, "final_distance_cost": 1.8368805588914798, "oscillation_cost": 26.08990170394291, "completition_cost": 0.0, "overshoot_cost": 50.513550250591116, "power_cost": 12.061607141113281, "noise_cost": 11.391564687283875, "n_waypoints_completed": 9, "tot_waypoints": 9}}
{"target": -172.7173836314669, "params": {"k_pid_pos": [1.4387748649376562, 0.0, 0.6488818912793634], "k_pid_alt": [1.941115693868795, 0.0, 0.0], "k_pid_att": [14.392448318238701, 0.0001, 0.257988460034427], "k_pid_yaw": [0.5, 1e-06, 0.1], "k_pid_hsp": [0.09965477207541104, 0.00010642112137686346, 0.0], "k_pid_vsp": [226.64559977598108, 363.03448919824126, 1e-06]}, "datetime": {"datetime": "2025-08-20 19:03:19", "elapsed": 25854.296694993973, "delta": 16.029993772506714}, "costs": {"total_cost": 172.7173836314669, "time_cost": 70.176, "final_distance_cost": 1.8190419781846856, "oscillation_cost": 26.217548839859667, "completition_cost": 0.0, "overshoot_cost": 51.24692604256552, "power_cost": 11.91763759765625, "noise_cost": 11.340229173200779, "n_waypoints_completed": 9, "tot_waypoints": 9}}
{"target": -172.75002324111492, "params": {"k_pid_pos": [1.50188403912347, 0.0, 0.811147288735289], "k_pid_alt": [2.0, 0.0, 0.0], "k_pid_att": [15.734044785015373, 0.0001, 0.29196015952378157], "k_pid_yaw": [0.5, 1e-06, 0.1], "k_pid_hsp": [0.09241809980648391, 3.945832000159574e-05, 0.0], "k_pid_vsp": [233.6941289984469, 365.0134552675945, 1e-06]}, "datetime": {"datetime": "2025-08-20 19:03:36", "elapsed": 25871.411866426468, "delta": 17.115171432495117}, "costs": {"total_cost": 172.75002324111492, "time_cost": 70.568, "final_distance_cost": 1.831268183957212, "oscillation_cost": 25.596875689801486, "completition_cost": 0.0, "overshoot_cost": 51.29373727099452, "power_cost": 11.977447912597658, "noise_cost": 11.482694183764073, "n_waypoints_completed": 9, "tot_waypoints": 9}}
{"target": -172.09119793373208, "params": {"k_pid_pos": [1.4702225184416082, 0.0, 0.7444599554977096], "k_pid_alt": [1.9996802590168423, 0.0, 0.0], "k_pid_att": [20.9500378231303, 0.0001, 0.28329799501087616], "k_pid_yaw": [0.5, 1e-06, 0.1], "k_pid_hsp": [0.1026544153704727, 0.00019210859581862078, 0.0], "k_pid_vsp": [211.60090432207352, 359.68541577295184, 1e-06]}, "datetime": {"datetime": "2025-08-20 19:03:53", "elapsed": 25888.428965091705, "delta": 17.017098665237427}, "costs": {"total_cost": 172.09119793373208, "time_cost": 70.504, "final_distance_cost": 1.8311085402112273, "oscillation_cost": 25.68951715811266, "completition_cost": 0.0, "overshoot_cost": 50.84412547773032, "power_cost": 11.925028637695313, "noise_cost": 11.297418119982542, "n_waypoints_completed": 9, "tot_waypoints": 9}}
{"target": -172.11782902932663, "params": {"k_pid_pos": [1.4497838073873426, 0.0, 0.7421246921408771], "k_pid_alt": [1.9998532226295311, 0.0, 0.0], "k_pid_att": [24.242562139949698, 0.0001, 0.23764380274494282], "k_pid_yaw": [0.5, 1e-06, 0.1], "k_pid_hsp": [0.10424016340837572, 0.0, 0.0], "k_pid_vsp": [222.92548925961063, 265.84023611058046, 1e-06]}, "datetime": {"datetime": "2025-08-20 19:04:10", "elapsed": 25905.158878803253, "delta": 16.72991371154785}, "costs": {"total_cost": 172.11782902932663, "time_cost": 70.608, "final_distance_cost": 1.8265987695317576, "oscillation_cost": 25.450250272107088, "completition_cost": 0.0, "overshoot_cost": 50.887836021480624, "power_cost": 11.98032235107422, "noise_cost": 11.364821615132954, "n_waypoints_completed": 9, "tot_waypoints": 9}}
{"target": -172.5120143655793, "params": {"k_pid_pos": [1.404493020466947, 0.0036779470332018727, 0.7492245940601343], "k_pid_alt": [2.0, 0.0, 0.0], "k_pid_att": [34.275242929868895, 0.0001, 0.24219729073093046], "k_pid_yaw": [0.5, 1e-06, 0.1], "k_pid_hsp": [0.10631760587505909, 4.073092990253915e-05, 0.0], "k_pid_vsp": [222.96390646861641, 396.18031633798194, 1e-06]}, "datetime": {"datetime": "2025-08-20 19:04:29", "elapsed": 25924.51183772087, "delta": 19.352958917617798}, "costs": {"total_cost": 172.5120143655793, "time_cost": 70.688, "final_distance_cost": 1.8229327120047663, "oscillation_cost": 25.624338058991807, "completition_cost": 0.0, "overshoot_cost": 51.061848454390464, "power_cost": 11.960734802246094, "noise_cost": 11.354160337946148, "n_waypoints_completed": 9, "tot_waypoints": 9}}
{"target": -172.36871078905375, "params": {"k_pid_pos": [1.323397013281571, 0.0, 0.6025225048908437], "k_pid_alt": [1.992588256057169, 0.0, 0.0], "k_pid_att": [36.79644741921405, 0.0001, 0.33071020948128393], "k_pid_yaw": [0.5, 1e-06, 0.1], "k_pid_hsp": [0.11931750885706696, 0.0, 0.0], "k_pid_vsp": [236.37791181247027, 381.1345346756917, 1e-06]}, "datetime": {"datetime": "2025-08-20 19:04:46", "elapsed": 25941.21319794655, "delta": 16.70136022567749}, "costs": {"total_cost": 172.36871078905375, "time_cost": 70.512, "final_distance_cost": 1.8396009748434232, "oscillation_cost": 25.65382115642862, "completition_cost": 0.0, "overshoot_cost": 50.74370947476163, "power_cost": 12.214494653320314, "noise_cost": 11.405084529699758, "n_waypoints_completed": 9, "tot_waypoints": 9}}
{"target": -173.8165282437319, "params": {"k_pid_pos": [1.3736122072541048, 0.0, 0.61210552727514], "k_pid_alt": [1.9999975286453608, 0.0, 0.0], "k_pid_att": [20.823551314261117, 0.0001, 0.2994956013587366], "k_pid_yaw": [0.5, 1e-06, 0.1], "k_pid_hsp": [0.0675724774626901, 0.0, 0.0], "k_pid_vsp": [235.26733911153354, 373.96269034056405, 1e-06]}, "datetime": {"datetime": "2025-08-20 19:05:04", "elapsed": 25958.618456840515, "delta": 17.405258893966675}, "costs": {"total_cost": 173.8165282437319, "time_cost": 71.19200000000001, "final_distance_cost": 1.7971270423807775, "oscillation_cost": 24.890801558448004, "completition_cost": 0.0, "overshoot_cost": 52.409246098261136, "power_cost": 12.099514233398438, "noise_cost": 11.42783931124352, "n_waypoints_completed": 9, "tot_waypoints": 9}}
{"target": -173.23241315867475, "params": {"k_pid_pos": [1.2738176873774718, 0.0, 0.6785954431723817], "k_pid_alt": [1.9999263870543458, 0.0, 0.0], "k_pid_att": [30.6022031982544, 0.0001, 0.3643142643964742], "k_pid_yaw": [0.5, 1e-06, 0.1], "k_pid_hsp": [0.07567837763663404, 5.875897122893162e-05, 0.0], "k_pid_vsp": [222.28708127221324, 376.87037664408103, 1e-06]}, "datetime": {"datetime": "2025-08-20 19:05:20", "elapsed": 25974.610139608383, "delta": 15.991682767868042}, "costs": {"total_cost": 173.23241315867475, "time_cost": 71.144, "final_distance_cost": 1.8220625204696959, "oscillation_cost": 24.56110178488094, "completition_cost": 0.0, "overshoot_cost": 52.201560400440925, "power_cost": 12.060478369140625, "noise_cost": 11.443210083742521, "n_waypoints_completed": 9, "tot_waypoints": 9}}
{"target": -174.65035108957392, "params": {"k_pid_pos": [1.9573406856229973, 0.0, 0.8326614211425203], "k_pid_alt": [1.9998140691675181, 0.0, 0.0], "k_pid_att": [29.096523729148597, 0.0001, 0.3408605031142516], "k_pid_yaw": [0.5, 1e-06, 0.1], "k_pid_hsp": [0.08275771629758205, 0.0, 0.0], "k_pid_vsp": [245.33942414912963, 368.51426145190396, 1e-06]}, "datetime": {"datetime": "2025-08-20 19:05:37", "elapsed": 25992.259239196777, "delta": 17.649099588394165}, "costs": {"total_cost": 174.65035108957392, "time_cost": 70.104, "final_distance_cost": 1.795097029483575, "oscillation_cost": 27.63394824633257, "completition_cost": 0.0, "overshoot_cost": 52.06654159016447, "power_cost": 11.810429516601562, "noise_cost": 11.24033470699176, "n_waypoints_completed": 9, "tot_waypoints": 9}}
{"target": -171.89673419137418, "params": {"k_pid_pos": [1.3774301799643398, 0.0, 0.7455263959076369], "k_pid_alt": [1.9997733731038596, 0.0, 0.0], "k_pid_att": [23.81080899363898, 0.0001, 0.29001141561900146], "k_pid_yaw": [0.5, 1e-06, 0.1], "k_pid_hsp": [0.10046365115993335, 6.692955734225249e-05, 0.0], "k_pid_vsp": [219.32449657604198, 368.8630272764287, 1e-06]}, "datetime": {"datetime": "2025-08-20 19:05:53", "elapsed": 26007.844087839127, "delta": 15.584848642349243}, "costs": {"total_cost": 171.89673419137418, "time_cost": 70.736, "final_distance_cost": 1.8320157363430492, "oscillation_cost": 25.08155234503692, "completition_cost": 0.0, "overshoot_cost": 50.87183168828496, "power_cost": 11.98254774169922, "noise_cost": 11.392786680010017, "n_waypoints_completed": 9, "tot_waypoints": 9}}
{"target": -172.55161062988947, "params": {"k_pid_pos": [1.3941640729824358, 0.0, 0.6312989606253914], "k_pid_alt": [1.9998729321357407, 0.0, 0.0], "k_pid_att": [20.276157219895236, 0.0001, 0.29603951188468813], "k_pid_yaw": [0.5, 1e-06, 0.1], "k_pid_hsp": [0.07786832785371214, 0.0003784650315504175, 0.0], "k_pid_vsp": [217.58167898699742, 375.82012569238674, 1e-06]}, "datetime": {"datetime": "2025-08-20 19:06:09", "elapsed": 26023.879758358, "delta": 16.035670518875122}, "costs": {"total_cost": 172.55161062988947, "time_cost": 70.608, "final_distance_cost": 1.7879612434656904, "oscillation_cost": 25.514799037251812, "completition_cost": 0.0, "overshoot_cost": 51.24897341684042, "power_cost": 11.995348791503908, "noise_cost": 11.396528140827613, "n_waypoints_completed": 9, "tot_waypoints": 9}}
{"target": -172.52962431266494, "params": {"k_pid_pos": [1.3237942200990067, 0.0, 0.7623554541228909], "k_pid_alt": [1.9997101536850075, 0.0, 0.0], "k_pid_att": [13.923386756167393, 0.0001, 0.32340758001190645], "k_pid_yaw": [0.5, 1e-06, 0.1], "k_pid_hsp": [0.10220798056717136, 6.122810185003014e-05, 0.0], "k_pid_vsp": [234.9279262265889, 123.80381472714845, 1e-06]}, "datetime": {"datetime": "2025-08-20 19:06:25", "elapsed": 26040.25022482872, "delta": 16.370466470718384}, "costs": {"total_cost": 172.52962431266494, "time_cost": 71.2, "final_distance_cost": 1.8283251952518287, "oscillation_cost": 24.426916186479243, "completition_cost": 0.0, "overshoot_cost": 51.66231130893235, "power_cost": 11.959545434570312, "noise_cost": 11.452526187431163, "n_waypoints_completed": 9, "tot_waypoints": 9}}
{"target": -175.95953389728658, "params": {"k_pid_pos": [1.4516384756027356, 0.0, 0.7437939299746804], "k_pid_alt": [1.9999390277869888, 0.0, 0.0], "k_pid_att": [29.976306618817194, 0.0001, 0.0], "k_pid_yaw": [0.5, 1e-06, 0.1], "k_pid_hsp": [0.08777381799236789, 0.0, 0.0], "k_pid_vsp": [285.15329838645647, 296.3022095698292, 1e-06]}, "datetime": {"datetime": "2025-08-20 19:06:40", "elapsed": 26055.234930992126, "delta": 14.984706163406372}, "costs": {"total_cost": 175.95953389728658, "time_cost": 70.648, "final_distance_cost": 1.819067093020147, "oscillation_cost": 28.814291033466215, "completition_cost": 0.0, "overshoot_cost": 51.664941653437126, "power_cost": 11.758402087402345, "noise_cost": 11.254832029960742, "n_waypoints_completed": 9, "tot_waypoints": 9}}
{"target": -171.78226867946557, "params": {"k_pid_pos": [1.3687916699371652, 0.0, 0.6397639809070642], "k_pid_alt": [2.0, 0.0, 0.0], "k_pid_att": [27.53197994145328, 0.0001, 0.291776254366655], "k_pid_yaw": [0.5, 1e-06, 0.1], "k_pid_hsp": [0.0994774511914226, 0.0002335999469300554, 0.0], "k_pid_vsp": [221.72891204195363, 373.64121879956656, 1e-06]}, "datetime": {"datetime": "2025-08-20 19:06:58", "elapsed": 26073.097317934036, "delta": 17.86238694190979}, "costs": {"total_cost": 171.78226867946557, "time_cost": 70.48, "final_distance_cost": 1.825951702422223, "oscillation_cost": 25.609621762243172, "completition_cost": 0.0, "overshoot_cost": 50.8847976145875, "power_cost": 11.755720800781251, "noise_cost": 11.226176799431423, "n_waypoints_completed": 9, "tot_waypoints": 9}}
{"target": -172.17708644496446, "params": {"k_pid_pos": [1.3666491801320115, 0.0, 0.6754872912736937], "k_pid_alt": [2.0, 0.0, 0.0], "k_pid_att": [36.720528824609836, 0.0001, 0.38311269755671046], "k_pid_yaw": [0.5, 1e-06, 0.1], "k_pid_hsp": [0.07990371057982588, 0.0, 0.0], "k_pid_vsp": [214.0276780282888, 348.1131335553588, 1e-06]}, "datetime": {"datetime": "2025-08-20 19:07:13", "elapsed": 26088.17426466942, "delta": 15.07694673538208}, "costs": {"total_cost": 172.17708644496446, "time_cost": 70.768, "final_distance_cost": 1.8256307915327399, "oscillation_cost": 24.88514983730885, "completition_cost": 0.0, "overshoot_cost": 51.97553387377232, "power_cost": 11.605621594238281, "noise_cost": 11.117150348112274, "n_waypoints_completed": 9, "tot_waypoints": 9}}
{"target": -172.91566409660555, "params": {"k_pid_pos": [1.1537209512220796, 0.0, 0.6664638193076408], "k_pid_alt": [1.9998561566168458, 0.0, 0.0], "k_pid_att": [27.512412361415834, 0.0001, 0.34105758335547015], "k_pid_yaw": [0.5, 1e-06, 0.1], "k_pid_hsp": [0.07126383886018575, 0.0, 0.0], "k_pid_vsp": [220.72608144864938, 375.2716113351566, 1e-06]}, "datetime": {"datetime": "2025-08-20 19:07:30", "elapsed": 26104.65548968315, "delta": 16.48122501373291}, "costs": {"total_cost": 172.91566409660555, "time_cost": 71.76, "final_distance_cost": 1.8154147045050757, "oscillation_cost": 23.41649728084017, "completition_cost": 0.0, "overshoot_cost": 52.33486154795822, "power_cost": 11.954387182617188, "noise_cost": 11.634503380684924, "n_waypoints_completed": 9, "tot_waypoints": 9}}
{"target": -172.4814862549266, "params": {"k_pid_pos": [1.400107729158833, 0.0, 0.6483251728503935], "k_pid_alt": [1.9434800787027287, 0.0, 0.0], "k_pid_att": [30.170129034150392, 0.0001, 0.23497129721943388], "k_pid_yaw": [0.5, 1e-06, 0.1], "k_pid_hsp": [0.10640669655844451, 9.84516306201181e-05, 0.0], "k_pid_vsp": [208.4658039619563, 364.8461931639133, 1e-06]}, "datetime": {"datetime": "2025-08-20 19:07:45", "elapsed": 26119.948114156723, "delta": 15.292624473571777}, "costs": {"total_cost": 172.4814862549266, "time_cost": 70.36, "final_distance_cost": 1.811330007817247, "oscillation_cost": 25.728986904324028, "completition_cost": 0.0, "overshoot_cost": 50.92536273755211, "power_cost": 12.162900402832031, "noise_cost": 11.492906202401176, "n_waypoints_completed": 9, "tot_waypoints": 9}}
{"target": -172.41536064767308, "params": {"k_pid_pos": [1.3555231274090487, 0.0, 0.7011398039516943], "k_pid_alt": [1.9999815038062159, 0.0, 0.0], "k_pid_att": [27.299357478846726, 0.0001, 0.3108450180612401], "k_pid_yaw": [0.5, 1e-06, 0.1], "k_pid_hsp": [0.10332679185180366, 0.00016482133240952704, 0.0], "k_pid_vsp": [198.6575733706508, 366.98523243544, 1e-06]}, "datetime": {"datetime": "2025-08-20 19:08:01", "elapsed": 26136.340845108032, "delta": 16.392730951309204}, "costs": {"total_cost": 172.41536064767308, "time_cost": 70.696, "final_distance_cost": 1.8253742627505218, "oscillation_cost": 25.40289873325992, "completition_cost": 0.0, "overshoot_cost": 51.35659999884491, "power_cost": 11.874110815429688, "noise_cost": 11.260376837388028, "n_waypoints_completed": 9, "tot_waypoints": 9}}
