{"target": -172.47024903398614, "params": {"k_pid_pos": [1.65564204136717, 0.0, 0.9627422919474502], "k_pid_alt": [1.4959749908397841, 0.0, 0.0], "k_pid_att": [39.72336793245523, 0.0001, 0.5028213561014373], "k_pid_yaw": [0.5, 1e-06, 0.1], "k_pid_hsp": [0.11281756664863744, 0.0031369176506420987, 0.0], "k_pid_vsp": [293.89212319053695, 330.6324673527222, 1e-06]}, "datetime": {"datetime": "2025-08-20 14:09:50", "elapsed": 8245.415464162827, "delta": 17.42886996269226}, "costs": {"total_cost": 172.47024903398614, "time_cost": 69.984, "final_distance_cost": 1.835298185334465, "oscillation_cost": 26.887789443482284, "completition_cost": 0.0, "overshoot_cost": 50.79069180812664, "power_cost": 11.679941992187501, "noise_cost": 11.292527604855241, "n_waypoints_completed": 9, "tot_waypoints": 9}}
{"target": -1195.206839394315, "params": {"k_pid_pos": [1.657264270883553, 0.0, 0.9199966767474146], "k_pid_alt": [1.349874675115034, 0.0, 0.0], "k_pid_att": [42.88952174439011, 0.0001, 0.5297375342656598], "k_pid_yaw": [0.5, 1e-06, 0.1], "k_pid_hsp": [0.0001, 0.0, 0.0], "k_pid_vsp": [298.9269856308583, 320.3688661749761, 1e-06]}, "datetime": {"datetime": "2025-08-20 14:10:15", "elapsed": 8270.43250823021, "delta": 25.017044067382812}, "costs": {"total_cost": 1195.206839394315, "time_cost": 150, "final_distance_cost": 46.763426409793546, "oscillation_cost": 0.003962701309009406, "completition_cost": 888.8888888888888, "overshoot_cost": 83.79885151684181, "power_cost": 12.81148221435547, "noise_cost": 12.94022766312646, "n_waypoints_completed": 1, "tot_waypoints": 9}}
{"target": -174.19543374465593, "params": {"k_pid_pos": [1.6406455630881709, 0.0, 0.8656303376471849], "k_pid_alt": [1.5028302343505557, 0.0, 0.0], "k_pid_att": [42.06534462412544, 0.0001, 0.4126523145726712], "k_pid_yaw": [0.5, 1e-06, 0.1], "k_pid_hsp": [0.23514800231302932, 0.0, 0.0], "k_pid_vsp": [338.46761395459805, 252.20631034734245, 1e-06]}, "datetime": {"datetime": "2025-08-20 14:10:34", "elapsed": 8288.632251501083, "delta": 18.199743270874023}, "costs": {"total_cost": 174.19543374465593, "time_cost": 70.32000000000001, "final_distance_cost": 1.8402165398687333, "oscillation_cost": 27.133003905546513, "completition_cost": 0.0, "overshoot_cost": 50.73112500268997, "power_cost": 12.437927392578125, "noise_cost": 11.733160903972566, "n_waypoints_completed": 9, "tot_waypoints": 9}}
{"target": -174.3542452138857, "params": {"k_pid_pos": [1.6978480520137704, 0.0, 0.9501465257906111], "k_pid_alt": [1.214850704510304, 0.0, 0.0], "k_pid_att": [35.06649057463744, 0.0001, 0.4333207937309998], "k_pid_yaw": [0.5, 1e-06, 0.1], "k_pid_hsp": [0.2615487823026711, 0.0, 0.0], "k_pid_vsp": [321.57441724250145, 246.61860080315262, 1e-06]}, "datetime": {"datetime": "2025-08-20 14:10:55", "elapsed": 8310.318094968796, "delta": 21.685843467712402}, "costs": {"total_cost": 174.3542452138857, "time_cost": 70.392, "final_distance_cost": 1.8456086924136588, "oscillation_cost": 27.97106412737018, "completition_cost": 0.0, "overshoot_cost": 49.822715241162506, "power_cost": 12.564232885742188, "noise_cost": 11.758624267197163, "n_waypoints_completed": 9, "tot_waypoints": 9}}
{"target": -1195.495044785592, "params": {"k_pid_pos": [1.695609757321958, 0.0, 0.9578893027775839], "k_pid_alt": [1.384379643160946, 0.0, 0.0], "k_pid_att": [43.9743290489191, 0.0001, 0.29788804932539525], "k_pid_yaw": [0.5, 1e-06, 0.1], "k_pid_hsp": [0.0001, 0.0, 0.0], "k_pid_vsp": [299.26303314006486, 290.6197339851998, 1e-06]}, "datetime": {"datetime": "2025-08-20 14:11:21", "elapsed": 8335.65308880806, "delta": 25.334993839263916}, "costs": {"total_cost": 1195.495044785592, "time_cost": 150, "final_distance_cost": 46.78270155942045, "oscillation_cost": 0.007435283596000327, "completition_cost": 888.8888888888888, "overshoot_cost": 84.1114724053661, "power_cost": 12.786888598632814, "noise_cost": 12.917658049687544, "n_waypoints_completed": 1, "tot_waypoints": 9}}
{"target": -174.86925823880776, "params": {"k_pid_pos": [1.6201723337239504, 0.0, 0.9897062721008343], "k_pid_alt": [1.5077769902835259, 0.0, 0.0], "k_pid_att": [68.36583989375896, 0.0001, 0.5804769984529776], "k_pid_yaw": [0.5, 1e-06, 0.1], "k_pid_hsp": [0.06619031377818742, 0.0, 0.0], "k_pid_vsp": [284.45956355542995, 332.1571503865616, 1e-06]}, "datetime": {"datetime": "2025-08-20 14:11:38", "elapsed": 8353.052724838257, "delta": 17.399636030197144}, "costs": {"total_cost": 174.86925823880776, "time_cost": 71.504, "final_distance_cost": 1.8173672187980734, "oscillation_cost": 25.056200130003376, "completition_cost": 0.0, "overshoot_cost": 52.81350306859288, "power_cost": 12.164221337890625, "noise_cost": 11.513966483522797, "n_waypoints_completed": 9, "tot_waypoints": 9}}
{"target": -174.35231830873656, "params": {"k_pid_pos": [1.4589298712861514, 0.0, 1.0], "k_pid_alt": [1.5356162373362459, 0.0, 0.0], "k_pid_att": [50.84152452903729, 0.0001, 0.4572579191561576], "k_pid_yaw": [0.5, 1e-06, 0.1], "k_pid_hsp": [0.16211993752315348, 0.0, 0.0], "k_pid_vsp": [255.16239196415341, 298.56333337709367, 1e-06]}, "datetime": {"datetime": "2025-08-20 14:11:55", "elapsed": 8370.421105623245, "delta": 17.368380784988403}, "costs": {"total_cost": 174.35231830873656, "time_cost": 71.424, "final_distance_cost": 1.8408091965028281, "oscillation_cost": 26.36167116333609, "completition_cost": 0.0, "overshoot_cost": 50.475088709004034, "power_cost": 12.459467944335938, "noise_cost": 11.79128129555768, "n_waypoints_completed": 9, "tot_waypoints": 9}}
{"target": -178.807455276949, "params": {"k_pid_pos": [1.8929907357950992, 0.0, 0.9003276002860872], "k_pid_alt": [1.2779739900873797, 0.0, 0.0], "k_pid_att": [57.05350136114983, 0.0001, 0.4867993107897376], "k_pid_yaw": [0.5, 1e-06, 0.1], "k_pid_hsp": [0.04101086574478975, 0.0, 0.0], "k_pid_vsp": [314.9495769115479, 254.56978557338928, 1e-06]}, "datetime": {"datetime": "2025-08-20 14:12:14", "elapsed": 8388.888810157776, "delta": 18.46770453453064}, "costs": {"total_cost": 178.807455276949, "time_cost": 75.2, "final_distance_cost": 1.755080531282171, "oscillation_cost": 21.30285808747817, "completition_cost": 0.0, "overshoot_cost": 56.06329044505248, "power_cost": 12.338079077148437, "noise_cost": 12.148147135987715, "n_waypoints_completed": 9, "tot_waypoints": 9}}
{"target": -174.45831976548422, "params": {"k_pid_pos": [1.592673863936837, 0.03171502467854535, 0.7079346957617808], "k_pid_alt": [2.0, 0.0, 0.023227567356833262], "k_pid_att": [24.37565700618833, 0.0001, 0.7644662792029879], "k_pid_yaw": [0.5, 1e-06, 0.1], "k_pid_hsp": [0.06289944028566108, 0.0, 0.0], "k_pid_vsp": [316.2362230580402, 263.4664176219201, 1e-06]}, "datetime": {"datetime": "2025-08-20 14:12:32", "elapsed": 8407.13966870308, "delta": 18.250858545303345}, "costs": {"total_cost": 174.45831976548422, "time_cost": 71.336, "final_distance_cost": 1.8098592396154292, "oscillation_cost": 24.899003407372458, "completition_cost": 0.0, "overshoot_cost": 52.93382680782589, "power_cost": 12.012714013671875, "noise_cost": 11.466916296998551, "n_waypoints_completed": 9, "tot_waypoints": 9}}
{"target": -1195.0215437249335, "params": {"k_pid_pos": [1.5456382443496237, 0.0, 0.9451916343591917], "k_pid_alt": [1.260050822552596, 0.0, 0.0], "k_pid_att": [45.74666891007807, 0.0001, 0.45521534994858753], "k_pid_yaw": [0.5, 1e-06, 0.1], "k_pid_hsp": [0.0001, 0.0, 0.0], "k_pid_vsp": [291.6305016341786, 306.5568028764374, 1e-06]}, "datetime": {"datetime": "2025-08-20 14:12:59", "elapsed": 8434.426297664642, "delta": 27.28662896156311}, "costs": {"total_cost": 1195.0215437249335, "time_cost": 150, "final_distance_cost": 46.69350369564977, "oscillation_cost": 0.004355181273105579, "completition_cost": 888.8888888888888, "overshoot_cost": 83.69235391049129, "power_cost": 12.806538037109375, "noise_cost": 12.935904011521231, "n_waypoints_completed": 1, "tot_waypoints": 9}}
{"target": -1195.8785327176004, "params": {"k_pid_pos": [1.8637972068371829, 0.0, 1.0], "k_pid_alt": [1.4172567761629886, 0.0, 0.0], "k_pid_att": [41.23768905052436, 0.0001, 0.1973010284700597], "k_pid_yaw": [0.5, 1e-06, 0.1], "k_pid_hsp": [0.0001, 0.0, 0.0], "k_pid_vsp": [326.4347069089022, 76.38765691386715, 1e-06]}, "datetime": {"datetime": "2025-08-20 14:13:26", "elapsed": 8460.809920549393, "delta": 26.383622884750366}, "costs": {"total_cost": 1195.8785327176004, "time_cost": 150, "final_distance_cost": 46.86127542335555, "oscillation_cost": 0.06316734735168839, "completition_cost": 888.8888888888888, "overshoot_cost": 84.32814533729209, "power_cost": 12.80072498779297, "noise_cost": 12.936330732918995, "n_waypoints_completed": 1, "tot_waypoints": 9}}
{"target": -173.74048484332945, "params": {"k_pid_pos": [1.6277913619854774, 0.0, 0.9215856836662417], "k_pid_alt": [1.3058289219981105, 0.0, 0.0], "k_pid_att": [45.636310184511345, 0.0001, 0.43002784176854125], "k_pid_yaw": [0.5, 1e-06, 0.1], "k_pid_hsp": [0.13597905920815093, 0.0, 0.0], "k_pid_vsp": [289.9312208593353, 295.86605006620636, 1e-06]}, "datetime": {"datetime": "2025-08-20 14:13:44", "elapsed": 8479.127774477005, "delta": 18.317853927612305}, "costs": {"total_cost": 173.74048484332945, "time_cost": 70.264, "final_distance_cost": 1.8347879731377092, "oscillation_cost": 27.199835905776677, "completition_cost": 0.0, "overshoot_cost": 50.8544338357185, "power_cost": 12.097621728515625, "noise_cost": 11.489805400180929, "n_waypoints_completed": 9, "tot_waypoints": 9}}
{"target": -172.92500795284022, "params": {"k_pid_pos": [1.4219676553190432, 0.014142896681369005, 0.9001261627360588], "k_pid_alt": [1.777051514749671, 0.0, 0.007801635461998756], "k_pid_att": [35.932530644314305, 0.0001, 0.467308012517293], "k_pid_yaw": [0.5, 1e-06, 0.1], "k_pid_hsp": [0.14815245610847733, 0.0009570747829694902, 0.0], "k_pid_vsp": [269.70329760468167, 282.27645057849554, 1e-06]}, "datetime": {"datetime": "2025-08-20 14:14:03", "elapsed": 8497.664915800095, "delta": 18.5371413230896}, "costs": {"total_cost": 172.92500795284022, "time_cost": 70.92, "final_distance_cost": 1.8467739930226392, "oscillation_cost": 25.4757291337944, "completition_cost": 0.0, "overshoot_cost": 50.15626379538975, "power_cost": 12.69812342529297, "noise_cost": 11.828117605340445, "n_waypoints_completed": 9, "tot_waypoints": 9}}
{"target": -175.62974376348438, "params": {"k_pid_pos": [1.3549839314714731, 0.0, 0.8628987961208712], "k_pid_alt": [1.3493766535412512, 0.0, 0.0], "k_pid_att": [10.031769758749295, 0.0001, 0.35778590834258917], "k_pid_yaw": [0.5, 1e-06, 0.1], "k_pid_hsp": [0.20700150495724132, 0.0014101920518125941, 0.0], "k_pid_vsp": [230.71365401067425, 315.5430798680304, 1e-06]}, "datetime": {"datetime": "2025-08-20 14:14:21", "elapsed": 8516.547723770142, "delta": 18.882807970046997}, "costs": {"total_cost": 175.62974376348438, "time_cost": 71.696, "final_distance_cost": 1.8475173304123422, "oscillation_cost": 27.010468340044927, "completition_cost": 0.0, "overshoot_cost": 50.897575323579765, "power_cost": 12.344954431152344, "noise_cost": 11.83322833829501, "n_waypoints_completed": 9, "tot_waypoints": 9}}
{"target": -172.39605441377165, "params": {"k_pid_pos": [1.6298025072441427, 0.0, 0.9584080579430084], "k_pid_alt": [1.6958777492988877, 0.0, 0.0], "k_pid_att": [30.164831901101536, 0.0001, 0.31326530915899486], "k_pid_yaw": [0.5, 1e-06, 0.1], "k_pid_hsp": [0.08796838459170346, 0.0, 0.0], "k_pid_vsp": [312.05398787847025, 303.4018525239376, 1e-06]}, "datetime": {"datetime": "2025-08-20 14:14:40", "elapsed": 8534.979198217392, "delta": 18.431474447250366}, "costs": {"total_cost": 172.39605441377165, "time_cost": 70.432, "final_distance_cost": 1.831380324449617, "oscillation_cost": 25.815261701113045, "completition_cost": 0.0, "overshoot_cost": 51.61887986335778, "power_cost": 11.47837078857422, "noise_cost": 11.220161736277007, "n_waypoints_completed": 9, "tot_waypoints": 9}}
{"target": -185.95586123459083, "params": {"k_pid_pos": [1.6362127133383473, 0.0, 0.8387752977049712], "k_pid_alt": [1.6366884978527565, 0.0, 0.0], "k_pid_att": [67.12436738079576, 0.0001, 0.7646608666955517], "k_pid_yaw": [0.5, 1e-06, 0.1], "k_pid_hsp": [0.033259345584382344, 0.0, 0.0], "k_pid_vsp": [323.55219867475887, 325.667659845117, 1e-06]}, "datetime": {"datetime": "2025-08-20 14:15:01", "elapsed": 8556.486811161041, "delta": 21.507612943649292}, "costs": {"total_cost": 185.95586123459083, "time_cost": 81.83200000000001, "final_distance_cost": 1.775326602954381, "oscillation_cost": 17.579039893169362, "completition_cost": 0.0, "overshoot_cost": 58.642770716174475, "power_cost": 13.01235604248047, "noise_cost": 13.11436797981212, "n_waypoints_completed": 9, "tot_waypoints": 9}}
{"target": -173.92706133861458, "params": {"k_pid_pos": [1.5465131517157023, 0.0, 0.9475671887479991], "k_pid_alt": [1.5143616883099507, 0.0, 0.0], "k_pid_att": [36.28800758711127, 0.0001, 0.5051425910341494], "k_pid_yaw": [0.5, 1e-06, 0.1], "k_pid_hsp": [0.10361021559442597, 0.0028753095870030962, 0.0], "k_pid_vsp": [279.67577201690085, 399.9292063077808, 1e-06]}, "datetime": {"datetime": "2025-08-20 14:15:20", "elapsed": 8575.44825553894, "delta": 18.96144437789917}, "costs": {"total_cost": 173.92706133861458, "time_cost": 70.336, "final_distance_cost": 1.8333063616681287, "oscillation_cost": 26.743526012411028, "completition_cost": 0.0, "overshoot_cost": 51.24219410801221, "power_cost": 12.181844543457032, "noise_cost": 11.5901903130662, "n_waypoints_completed": 9, "tot_waypoints": 9}}
{"target": -173.45106884974203, "params": {"k_pid_pos": [1.6223920786324744, 0.0, 1.0], "k_pid_alt": [1.4261004809420086, 0.0, 0.0], "k_pid_att": [29.491124061242015, 0.0001, 0.279111873988073], "k_pid_yaw": [0.5, 1e-06, 0.1], "k_pid_hsp": [0.1326495844278924, 0.0013525373105148044, 0.0], "k_pid_vsp": [334.54383974779813, 259.4030347837151, 1e-06]}, "datetime": {"datetime": "2025-08-20 14:15:39", "elapsed": 8594.365502119064, "delta": 18.9172465801239}, "costs": {"total_cost": 173.45106884974203, "time_cost": 70.336, "final_distance_cost": 1.838414517435065, "oscillation_cost": 26.656144481853858, "completition_cost": 0.0, "overshoot_cost": 51.11224885258238, "power_cost": 11.987137243652345, "noise_cost": 11.521123754218383, "n_waypoints_completed": 9, "tot_waypoints": 9}}
{"target": -178.4399838956046, "params": {"k_pid_pos": [1.7572047512283908, 0.0, 1.0], "k_pid_alt": [1.4663797229965694, 0.0, 0.0], "k_pid_att": [52.648280854306044, 0.0001, 0.27118708772351297], "k_pid_yaw": [0.5, 1e-06, 0.1], "k_pid_hsp": [0.7166226135270888, 0.13666110407778193, 0.0], "k_pid_vsp": [355.5116570433395, 210.9616245129596, 1e-06]}, "datetime": {"datetime": "2025-08-20 14:15:56", "elapsed": 8611.183386087418, "delta": 16.81788396835327}, "costs": {"total_cost": 178.4399838956046, "time_cost": 70.19200000000001, "final_distance_cost": 1.8428470483387807, "oscillation_cost": 32.90906731087178, "completition_cost": 0.0, "overshoot_cost": 49.397209364326386, "power_cost": 12.402158776855469, "noise_cost": 11.6967013952122, "n_waypoints_completed": 9, "tot_waypoints": 9}}
{"target": -173.58986271206317, "params": {"k_pid_pos": [1.5310036657289654, 0.0, 0.9663566675047588], "k_pid_alt": [1.4848189886480703, 0.0, 0.0], "k_pid_att": [27.761095339171412, 0.0001, 0.4911663429868393], "k_pid_yaw": [0.5, 1e-06, 0.1], "k_pid_hsp": [0.11756649701730304, 0.0, 0.0], "k_pid_vsp": [304.48416864900713, 400.0, 1e-06]}, "datetime": {"datetime": "2025-08-20 14:16:14", "elapsed": 8629.27399802208, "delta": 18.090611934661865}, "costs": {"total_cost": 173.58986271206317, "time_cost": 70.656, "final_distance_cost": 1.8286822967925969, "oscillation_cost": 26.60830916448705, "completition_cost": 0.0, "overshoot_cost": 50.63857845481562, "power_cost": 12.272489624023438, "noise_cost": 11.585803171944441, "n_waypoints_completed": 9, "tot_waypoints": 9}}
{"target": -175.38215719461158, "params": {"k_pid_pos": [1.602117140039127, 0.0, 0.9164132952893085], "k_pid_alt": [1.5005934042929983, 0.0, 0.0], "k_pid_att": [36.37147164633237, 0.0001, 0.5496599624286451], "k_pid_yaw": [0.5, 1e-06, 0.1], "k_pid_hsp": [0.0524648358187782, 0.0016666846049217493, 0.0], "k_pid_vsp": [256.31363926403236, 338.79764148402023, 1e-06]}, "datetime": {"datetime": "2025-08-20 14:16:34", "elapsed": 8648.744390964508, "delta": 19.47039294242859}, "costs": {"total_cost": 175.38215719461158, "time_cost": 72.47200000000001, "final_distance_cost": 1.8044833243387322, "oscillation_cost": 23.325083289150314, "completition_cost": 0.0, "overshoot_cost": 53.72740552605086, "power_cost": 12.31023494873047, "noise_cost": 11.742950106341159, "n_waypoints_completed": 9, "tot_waypoints": 9}}
{"target": -174.44213775130947, "params": {"k_pid_pos": [1.6505836310306188, 0.0, 1.0], "k_pid_alt": [1.625819600053646, 0.0, 0.0], "k_pid_att": [56.827028283634064, 0.0001, 0.37702928353042486], "k_pid_yaw": [0.5, 1e-06, 0.1], "k_pid_hsp": [0.08233798080051663, 0.0004898199037215209, 0.0], "k_pid_vsp": [255.00229966842102, 343.4207869366919, 1e-06]}, "datetime": {"datetime": "2025-08-20 14:16:55", "elapsed": 8670.053199529648, "delta": 21.30880856513977}, "costs": {"total_cost": 174.44213775130947, "time_cost": 70.648, "final_distance_cost": 1.8119335329507225, "oscillation_cost": 26.262128425698926, "completition_cost": 0.0, "overshoot_cost": 51.6479438540914, "power_cost": 12.377911535644532, "noise_cost": 11.694220402923877, "n_waypoints_completed": 9, "tot_waypoints": 9}}
{"target": -174.62482421208247, "params": {"k_pid_pos": [1.5908086656908818, 0.0, 0.9542396137215885], "k_pid_alt": [1.4057703262263692, 0.0, 0.0], "k_pid_att": [62.97557368895294, 0.0001, 0.6065459310637118], "k_pid_yaw": [0.5, 1e-06, 0.1], "k_pid_hsp": [0.15703831928034026, 0.003015542351370915, 0.0], "k_pid_vsp": [290.9680942263493, 400.0, 1e-06]}, "datetime": {"datetime": "2025-08-20 14:17:13", "elapsed": 8687.970567703247, "delta": 17.917368173599243}, "costs": {"total_cost": 174.62482421208247, "time_cost": 70.304, "final_distance_cost": 1.8463609352063053, "oscillation_cost": 27.699992620595413, "completition_cost": 0.0, "overshoot_cost": 50.81600876367211, "power_cost": 12.407383715820313, "noise_cost": 11.551078176788346, "n_waypoints_completed": 9, "tot_waypoints": 9}}
{"target": -172.90622276733836, "params": {"k_pid_pos": [1.5765563899583634, 0.0, 0.9494078500481311], "k_pid_alt": [1.3613426058545752, 0.0, 0.0], "k_pid_att": [31.87643836888676, 0.0001, 0.4088941184724912], "k_pid_yaw": [0.5, 1e-06, 0.1], "k_pid_hsp": [0.12182413225287868, 0.0, 0.0], "k_pid_vsp": [298.7395031105279, 400.0, 1e-06]}, "datetime": {"datetime": "2025-08-20 14:17:30", "elapsed": 8704.854757070541, "delta": 16.88418936729431}, "costs": {"total_cost": 172.90622276733836, "time_cost": 70.512, "final_distance_cost": 1.826491759542749, "oscillation_cost": 26.77013284751519, "completition_cost": 0.0, "overshoot_cost": 50.72135536460343, "power_cost": 11.779975854492188, "noise_cost": 11.296266941184797, "n_waypoints_completed": 9, "tot_waypoints": 9}}
{"target": -172.56738730765318, "params": {"k_pid_pos": [1.928554266547597, 0.0, 0.972156160740731], "k_pid_alt": [1.6585865855503878, 0.0, 0.0], "k_pid_att": [50.22004574784127, 0.0001, 0.8430126353649554], "k_pid_yaw": [0.5, 1e-06, 0.1], "k_pid_hsp": [0.1029357147771622, 0.0, 0.0], "k_pid_vsp": [286.1010677454276, 283.27296690871424, 1e-06]}, "datetime": {"datetime": "2025-08-20 14:17:47", "elapsed": 8721.572974681854, "delta": 16.718217611312866}, "costs": {"total_cost": 172.56738730765318, "time_cost": 69.848, "final_distance_cost": 1.8275085999436103, "oscillation_cost": 26.947373892092642, "completition_cost": 0.0, "overshoot_cost": 51.04265509252844, "power_cost": 11.637324426269531, "noise_cost": 11.264525296818926, "n_waypoints_completed": 9, "tot_waypoints": 9}}
{"target": -180.03411400903602, "params": {"k_pid_pos": [1.5887390196740836, 0.0, 1.0], "k_pid_alt": [1.6351011844148817, 0.0, 0.0], "k_pid_att": [38.66305210693493, 0.0001, 0.44968337466042063], "k_pid_yaw": [0.5, 1e-06, 0.1], "k_pid_hsp": [0.036538293877463414, 0.0, 0.0], "k_pid_vsp": [276.48139665988276, 313.1693684796195, 1e-06]}, "datetime": {"datetime": "2025-08-20 14:18:06", "elapsed": 8740.901376962662, "delta": 19.328402280807495}, "costs": {"total_cost": 180.03411400903602, "time_cost": 77.432, "final_distance_cost": 1.7912614047926811, "oscillation_cost": 18.111046329677606, "completition_cost": 0.0, "overshoot_cost": 57.55472754207825, "power_cost": 12.583389025878907, "noise_cost": 12.56168970660857, "n_waypoints_completed": 9, "tot_waypoints": 9}}
{"target": -175.58455341691158, "params": {"k_pid_pos": [1.961811758250232, 0.0, 0.8541755713805732], "k_pid_alt": [1.4689850003889484, 0.0, 0.014379364802921735], "k_pid_att": [30.96386615036284, 0.0001, 0.3918746543444062], "k_pid_yaw": [0.5, 1e-06, 0.1], "k_pid_hsp": [0.6820340122025685, 0.003310523071902085, 0.0], "k_pid_vsp": [320.0937069790765, 229.36796664941576, 1e-06]}, "datetime": {"datetime": "2025-08-20 14:18:24", "elapsed": 8759.096978187561, "delta": 18.195601224899292}, "costs": {"total_cost": 175.58455341691158, "time_cost": 69.544, "final_distance_cost": 1.8474120283936706, "oscillation_cost": 30.464987494182058, "completition_cost": 0.0, "overshoot_cost": 49.718383477670024, "power_cost": 12.407482763671876, "noise_cost": 11.60228765299394, "n_waypoints_completed": 9, "tot_waypoints": 9}}
