{"target": -171.2286647151759, "params": {"k_pid_pos": [1.2897074251186125, 0.0, 0.5983002251215472], "k_pid_alt": [1.9999223672121644, 0.0, 0.0], "k_pid_att": [36.495012709982106, 0.0001, 0.3073039242622346], "k_pid_yaw": [0.5, 1e-06, 0.1], "k_pid_hsp": [0.11524272232964894, 5.9935594247527286e-05, 0.0], "k_pid_vsp": [278.9918731050983, 312.0501839410053, 1e-06]}, "datetime": {"datetime": "2025-08-20 22:34:32", "elapsed": 38527.291956186295, "delta": 16.615708827972412}, "costs": {"total_cost": 171.2286647151759, "time_cost": 70.656, "final_distance_cost": 1.818658810768228, "oscillation_cost": 25.20471216279235, "completition_cost": 0.0, "overshoot_cost": 50.83151128573727, "power_cost": 11.564614611816406, "noise_cost": 11.153167844061654, "n_waypoints_completed": 9, "tot_waypoints": 9}}
{"target": -171.7628382811654, "params": {"k_pid_pos": [1.2978669400727034, 0.0, 0.5552365946925568], "k_pid_alt": [1.9997974571297508, 0.0, 0.0], "k_pid_att": [23.061401377684177, 0.0001, 0.3005606284008359], "k_pid_yaw": [0.5, 1e-06, 0.1], "k_pid_hsp": [0.1510266512907807, 0.00021799930412936904, 0.0], "k_pid_vsp": [244.16417744125343, 398.87567745364436, 1e-06]}, "datetime": {"datetime": "2025-08-20 22:34:49", "elapsed": 38543.838475465775, "delta": 16.54651927947998}, "costs": {"total_cost": 171.7628382811654, "time_cost": 70.384, "final_distance_cost": 1.8251094933320644, "oscillation_cost": 25.958719229835964, "completition_cost": 0.0, "overshoot_cost": 50.6390782984518, "power_cost": 11.686874389648438, "noise_cost": 11.26905686989713, "n_waypoints_completed": 9, "tot_waypoints": 9}}
{"target": -171.51437624778504, "params": {"k_pid_pos": [1.30130181574108, 0.0, 0.6703637091876053], "k_pid_alt": [1.999908039084191, 0.0, 0.0], "k_pid_att": [30.70237829629888, 0.0001, 0.37887413630095573], "k_pid_yaw": [0.5, 1e-06, 0.1], "k_pid_hsp": [0.09577647339791431, 0.0, 0.0], "k_pid_vsp": [248.9204345680266, 394.2693759882251, 1e-06]}, "datetime": {"datetime": "2025-08-20 22:35:05", "elapsed": 38559.9721159935, "delta": 16.13364052772522}, "costs": {"total_cost": 171.51437624778504, "time_cost": 70.768, "final_distance_cost": 1.8167532492692544, "oscillation_cost": 24.868349459647376, "completition_cost": 0.0, "overshoot_cost": 51.228355037401535, "power_cost": 11.580367407226563, "noise_cost": 11.252551094240319, "n_waypoints_completed": 9, "tot_waypoints": 9}}
{"target": -172.0576157386434, "params": {"k_pid_pos": [1.3607504911093962, 0.0, 0.6576117474352372], "k_pid_alt": [1.999995704155842, 0.0, 0.0], "k_pid_att": [31.857007061760097, 0.0001, 0.3078909853056226], "k_pid_yaw": [0.5, 1e-06, 0.1], "k_pid_hsp": [0.1319505199479037, 5.2257066659346125e-05, 0.0], "k_pid_vsp": [265.6985669683433, 398.31276260658296, 1e-06]}, "datetime": {"datetime": "2025-08-20 22:35:23", "elapsed": 38577.89784860611, "delta": 17.925732612609863}, "costs": {"total_cost": 172.0576157386434, "time_cost": 70.528, "final_distance_cost": 1.8352762304771277, "oscillation_cost": 25.834306534775163, "completition_cost": 0.0, "overshoot_cost": 50.88867217187173, "power_cost": 11.720147143554689, "noise_cost": 11.251213657964646, "n_waypoints_completed": 9, "tot_waypoints": 9}}
{"target": -173.61680935624, "params": {"k_pid_pos": [1.558947508569342, 0.0, 0.6256669293961117], "k_pid_alt": [1.999980336687478, 0.0, 0.0], "k_pid_att": [19.665663000881132, 0.0001, 0.3079345128721407], "k_pid_yaw": [0.5, 1e-06, 0.1], "k_pid_hsp": [0.08986887033630087, 0.0, 0.0], "k_pid_vsp": [265.2161380145195, 304.2229960153654, 1e-06]}, "datetime": {"datetime": "2025-08-20 22:35:38", "elapsed": 38592.91548085213, "delta": 15.017632246017456}, "costs": {"total_cost": 173.61680935624, "time_cost": 70.176, "final_distance_cost": 1.8166687631279934, "oscillation_cost": 26.512087557033453, "completition_cost": 0.0, "overshoot_cost": 51.57829264231519, "power_cost": 12.140395129394532, "noise_cost": 11.393365264368803, "n_waypoints_completed": 9, "tot_waypoints": 9}}
{"target": -171.3046583905535, "params": {"k_pid_pos": [1.313326688548229, 0.0, 0.626364550543612], "k_pid_alt": [1.9998874848258086, 0.0, 0.0], "k_pid_att": [26.399592611445556, 0.0001, 0.31985746153729433], "k_pid_yaw": [0.5, 1e-06, 0.1], "k_pid_hsp": [0.09003828846932095, 6.175945171011738e-05, 0.0], "k_pid_vsp": [249.94826927816297, 394.9403007266512, 1e-06]}, "datetime": {"datetime": "2025-08-20 22:35:57", "elapsed": 38611.89140844345, "delta": 18.975927591323853}, "costs": {"total_cost": 171.3046583905535, "time_cost": 70.60000000000001, "final_distance_cost": 1.8037004084754547, "oscillation_cost": 24.974578742889964, "completition_cost": 0.0, "overshoot_cost": 51.193835905836394, "power_cost": 11.457152722167969, "noise_cost": 11.275390611183711, "n_waypoints_completed": 9, "tot_waypoints": 9}}
{"target": -172.90978193640032, "params": {"k_pid_pos": [1.6434748612691978, 0.0, 0.851825724758463], "k_pid_alt": [1.8611763889801665, 0.0, 0.0], "k_pid_att": [27.055518194362485, 0.0001, 0.31660920687582295], "k_pid_yaw": [0.5, 1e-06, 0.1], "k_pid_hsp": [0.09553506163369209, 2.913397774949405e-05, 0.0], "k_pid_vsp": [256.2571673760829, 358.42767877402923, 1e-06]}, "datetime": {"datetime": "2025-08-20 22:36:13", "elapsed": 38628.00693011284, "delta": 16.115521669387817}, "costs": {"total_cost": 172.90978193640032, "time_cost": 70.16, "final_distance_cost": 1.8276806190695578, "oscillation_cost": 26.388795510918353, "completition_cost": 0.0, "overshoot_cost": 51.188326349755435, "power_cost": 12.029760900878907, "noise_cost": 11.31521855577808, "n_waypoints_completed": 9, "tot_waypoints": 9}}
{"target": -171.92530102796323, "params": {"k_pid_pos": [1.2525692190522002, 0.0, 0.663790902929573], "k_pid_alt": [1.9998403412551722, 0.0, 0.0], "k_pid_att": [13.22600397396141, 0.0001, 0.31816262911137533], "k_pid_yaw": [0.5, 1e-06, 0.1], "k_pid_hsp": [0.09362899093398078, 7.063489231018524e-05, 0.0], "k_pid_vsp": [235.7231096460436, 395.97427330386734, 1e-06]}, "datetime": {"datetime": "2025-08-20 22:36:30", "elapsed": 38645.01130461693, "delta": 17.004374504089355}, "costs": {"total_cost": 171.92530102796323, "time_cost": 70.816, "final_distance_cost": 1.818310765857131, "oscillation_cost": 24.802140643620167, "completition_cost": 0.0, "overshoot_cost": 51.596588302896656, "power_cost": 11.641679016113281, "noise_cost": 11.250582299476012, "n_waypoints_completed": 9, "tot_waypoints": 9}}
{"target": -172.06300425182505, "params": {"k_pid_pos": [1.3709839170822735, 0.0, 0.6131819216077429], "k_pid_alt": [1.9999188578891212, 0.0, 0.0], "k_pid_att": [26.077034132836502, 0.0001, 0.31410105270079397], "k_pid_yaw": [0.5, 1e-06, 0.1], "k_pid_hsp": [0.09207199423626358, 9.398187707105979e-05, 0.0], "k_pid_vsp": [251.41062922275057, 377.11168665354415, 1e-06]}, "datetime": {"datetime": "2025-08-20 22:36:45", "elapsed": 38660.2174808979, "delta": 15.206176280975342}, "costs": {"total_cost": 172.06300425182505, "time_cost": 70.408, "final_distance_cost": 1.8024793590117452, "oscillation_cost": 25.61134862682811, "completition_cost": 0.0, "overshoot_cost": 51.37396733021233, "power_cost": 11.612967687988283, "noise_cost": 11.254241247784552, "n_waypoints_completed": 9, "tot_waypoints": 9}}
{"target": -171.6806488848604, "params": {"k_pid_pos": [1.3258377655467783, 0.0, 0.5767916968978792], "k_pid_alt": [1.9998866732638454, 0.0, 0.0], "k_pid_att": [26.982487235402143, 0.0001, 0.3115195605329946], "k_pid_yaw": [0.5, 1e-06, 0.1], "k_pid_hsp": [0.08984737958260444, 4.0819936066693806e-05, 0.0], "k_pid_vsp": [255.75334503422607, 371.589437183534, 1e-06]}, "datetime": {"datetime": "2025-08-20 22:37:04", "elapsed": 38678.95110011101, "delta": 18.733619213104248}, "costs": {"total_cost": 171.6806488848604, "time_cost": 70.47200000000001, "final_distance_cost": 1.8128655590123042, "oscillation_cost": 25.545101686943408, "completition_cost": 0.0, "overshoot_cost": 51.05474166972109, "power_cost": 11.61616640625, "noise_cost": 11.179773562933596, "n_waypoints_completed": 9, "tot_waypoints": 9}}
{"target": -172.13203983638644, "params": {"k_pid_pos": [1.3120063875573682, 0.0, 0.6846283732243491], "k_pid_alt": [1.9999011270281775, 0.0, 0.0], "k_pid_att": [28.980191115439652, 0.0001, 0.16743347182861767], "k_pid_yaw": [0.5, 1e-06, 0.1], "k_pid_hsp": [0.09052029485200776, 5.88839162024669e-05, 0.0], "k_pid_vsp": [242.33565172495085, 363.76269036353443, 1e-06]}, "datetime": {"datetime": "2025-08-20 22:37:22", "elapsed": 38696.5743367672, "delta": 17.623236656188965}, "costs": {"total_cost": 172.13203983638644, "time_cost": 70.784, "final_distance_cost": 1.826309798578879, "oscillation_cost": 25.128422002537654, "completition_cost": 0.0, "overshoot_cost": 51.49367345242957, "power_cost": 11.627284729003907, "noise_cost": 11.272349853836435, "n_waypoints_completed": 9, "tot_waypoints": 9}}
{"target": -172.38790901967363, "params": {"k_pid_pos": [1.382787767100937, 0.0, 0.7437655600223376], "k_pid_alt": [2.0, 0.0, 0.0], "k_pid_att": [27.73776470785006, 0.0001, 0.30427026522444756], "k_pid_yaw": [0.5, 1e-06, 0.1], "k_pid_hsp": [0.11264898998083271, 6.722916134304586e-05, 0.0], "k_pid_vsp": [224.2693181090845, 384.6139735306082, 1e-06]}, "datetime": {"datetime": "2025-08-20 22:37:38", "elapsed": 38713.16571855545, "delta": 16.591381788253784}, "costs": {"total_cost": 172.38790901967363, "time_cost": 70.728, "final_distance_cost": 1.8277580835868463, "oscillation_cost": 25.386422639255457, "completition_cost": 0.0, "overshoot_cost": 51.10470699538801, "power_cost": 12.0236890625, "noise_cost": 11.317332238943333, "n_waypoints_completed": 9, "tot_waypoints": 9}}
{"target": -172.49183876234943, "params": {"k_pid_pos": [1.3446990266693744, 0.0, 0.7013857898351826], "k_pid_alt": [1.999911391201368, 0.0, 0.0], "k_pid_att": [28.26534588543457, 0.0001, 0.31689683275229463], "k_pid_yaw": [0.5, 1e-06, 0.1], "k_pid_hsp": [0.0827539365770862, 5.9651783707063637e-05, 0.0], "k_pid_vsp": [264.1861474506809, 370.053106999023, 1e-06]}, "datetime": {"datetime": "2025-08-20 22:37:55", "elapsed": 38730.46045041084, "delta": 17.294731855392456}, "costs": {"total_cost": 172.49183876234943, "time_cost": 70.784, "final_distance_cost": 1.8053835344463567, "oscillation_cost": 24.739846442047728, "completition_cost": 0.0, "overshoot_cost": 51.90764428735234, "power_cost": 11.940929528808594, "noise_cost": 11.314034969694376, "n_waypoints_completed": 9, "tot_waypoints": 9}}
{"target": -171.94466078714603, "params": {"k_pid_pos": [1.334573261775654, 0.0, 0.6633237712242952], "k_pid_alt": [1.9998908605456303, 0.0, 0.0], "k_pid_att": [28.164458810279495, 0.0001, 0.3234028668695816], "k_pid_yaw": [0.5, 1e-06, 0.1], "k_pid_hsp": [0.11159478788063495, 1.4888846521573329e-05, 0.0], "k_pid_vsp": [281.44347907632925, 378.6412222768243, 1e-06]}, "datetime": {"datetime": "2025-08-20 22:38:11", "elapsed": 38745.73582983017, "delta": 15.275379419326782}, "costs": {"total_cost": 171.94466078714603, "time_cost": 70.64, "final_distance_cost": 1.8218011060737065, "oscillation_cost": 25.333171542681225, "completition_cost": 0.0, "overshoot_cost": 50.808531363665864, "power_cost": 12.002830859375, "noise_cost": 11.338325915350264, "n_waypoints_completed": 9, "tot_waypoints": 9}}
{"target": -171.59709387986837, "params": {"k_pid_pos": [1.3260182205009698, 0.0, 0.6571929044737491], "k_pid_alt": [1.9998862309043142, 0.0, 0.0], "k_pid_att": [29.69885682863899, 0.0001, 0.31609795172150656], "k_pid_yaw": [0.5, 1e-06, 0.1], "k_pid_hsp": [0.09014148816908087, 7.10485306490006e-05, 0.0], "k_pid_vsp": [239.08649205864288, 371.96276187871507, 1e-06]}, "datetime": {"datetime": "2025-08-20 22:38:28", "elapsed": 38763.52482008934, "delta": 17.788990259170532}, "costs": {"total_cost": 171.59709387986837, "time_cost": 70.672, "final_distance_cost": 1.8286698621900457, "oscillation_cost": 25.005709407863407, "completition_cost": 0.0, "overshoot_cost": 51.044344664575554, "power_cost": 11.781373486328125, "noise_cost": 11.264996458911236, "n_waypoints_completed": 9, "tot_waypoints": 9}}
{"target": -172.394448055338, "params": {"k_pid_pos": [1.4378452099862453, 0.0, 0.717458157148058], "k_pid_alt": [2.0, 0.0, 0.0], "k_pid_att": [27.706433460302254, 0.0001, 0.29310480071658657], "k_pid_yaw": [0.5, 1e-06, 0.1], "k_pid_hsp": [0.09028739019509366, 0.00021185888041405561, 0.0], "k_pid_vsp": [247.7076271754005, 328.4185429406761, 1e-06]}, "datetime": {"datetime": "2025-08-20 22:38:44", "elapsed": 38778.79673862457, "delta": 15.271918535232544}, "costs": {"total_cost": 172.394448055338, "time_cost": 70.552, "final_distance_cost": 1.8073892243053464, "oscillation_cost": 25.412346828632923, "completition_cost": 0.0, "overshoot_cost": 51.38252890439781, "power_cost": 11.918433410644532, "noise_cost": 11.321749687357388, "n_waypoints_completed": 9, "tot_waypoints": 9}}
{"target": -171.52166608614377, "params": {"k_pid_pos": [1.3202600496841248, 0.0, 0.6985442006123416], "k_pid_alt": [1.9998850006116093, 0.0, 0.0], "k_pid_att": [22.656054756882654, 0.0001, 0.3205993749657044], "k_pid_yaw": [0.5, 1e-06, 0.1], "k_pid_hsp": [0.09493370496238085, 3.548842021609336e-05, 0.0], "k_pid_vsp": [238.62721779224512, 383.3823392016479, 1e-06]}, "datetime": {"datetime": "2025-08-20 22:39:01", "elapsed": 38795.98974609375, "delta": 17.193007469177246}, "costs": {"total_cost": 171.52166608614377, "time_cost": 70.776, "final_distance_cost": 1.8239432821163926, "oscillation_cost": 24.968302384371828, "completition_cost": 0.0, "overshoot_cost": 51.26114578875668, "power_cost": 11.532524682617188, "noise_cost": 11.159749948281696, "n_waypoints_completed": 9, "tot_waypoints": 9}}
{"target": -171.71792882939803, "params": {"k_pid_pos": [1.3296057708712394, 0.0, 0.666971624884216], "k_pid_alt": [1.9998858439866276, 0.0, 0.0], "k_pid_att": [39.7007027571121, 0.0001, 0.31466211489358664], "k_pid_yaw": [0.5, 1e-06, 0.1], "k_pid_hsp": [0.09169213911346892, 6.0404620043374005e-05, 0.0], "k_pid_vsp": [243.71429995362178, 373.30813454484144, 1e-06]}, "datetime": {"datetime": "2025-08-20 22:39:19", "elapsed": 38813.93954014778, "delta": 17.949794054031372}, "costs": {"total_cost": 171.71792882939803, "time_cost": 70.712, "final_distance_cost": 1.8093764582402412, "oscillation_cost": 24.957358237002612, "completition_cost": 0.0, "overshoot_cost": 51.091647331645184, "power_cost": 11.889255346679688, "noise_cost": 11.258291455830326, "n_waypoints_completed": 9, "tot_waypoints": 9}}
{"target": -171.73308684570145, "params": {"k_pid_pos": [1.357661433412972, 0.0, 0.6783921423108067], "k_pid_alt": [1.9998961936456143, 0.0, 0.0], "k_pid_att": [31.79401189915594, 0.0001, 0.3164756305836841], "k_pid_yaw": [0.5, 1e-06, 0.1], "k_pid_hsp": [0.10435794460793371, 6.525385700929168e-05, 0.0], "k_pid_vsp": [268.1859936775413, 385.98935846355744, 1e-06]}, "datetime": {"datetime": "2025-08-20 22:39:37", "elapsed": 38832.45023846626, "delta": 18.510698318481445}, "costs": {"total_cost": 171.73308684570145, "time_cost": 70.616, "final_distance_cost": 1.8337991456857632, "oscillation_cost": 25.449206713955576, "completition_cost": 0.0, "overshoot_cost": 50.89316124246882, "power_cost": 11.657899890136719, "noise_cost": 11.28301985345456, "n_waypoints_completed": 9, "tot_waypoints": 9}}
{"target": -172.5757176574872, "params": {"k_pid_pos": [1.3796461980206867, 0.0, 0.5796458717363957], "k_pid_alt": [1.9998918754949597, 0.0, 0.0], "k_pid_att": [28.10599222384798, 0.0001, 0.3281874304350194], "k_pid_yaw": [0.5, 1e-06, 0.1], "k_pid_hsp": [0.08996283264918614, 5.80250326126999e-05, 0.0], "k_pid_vsp": [234.15670883825553, 382.9054085473417, 1e-06]}, "datetime": {"datetime": "2025-08-20 22:39:53", "elapsed": 38847.98983311653, "delta": 15.539594650268555}, "costs": {"total_cost": 172.5757176574872, "time_cost": 70.34400000000001, "final_distance_cost": 1.8222690883727273, "oscillation_cost": 25.790383214512623, "completition_cost": 0.0, "overshoot_cost": 51.18527726465579, "power_cost": 12.052116442871094, "noise_cost": 11.381671647074958, "n_waypoints_completed": 9, "tot_waypoints": 9}}
{"target": -171.63835831093522, "params": {"k_pid_pos": [1.342359021884663, 0.0, 0.6541853387685617], "k_pid_alt": [1.9998876993259564, 0.0, 0.0], "k_pid_att": [30.644021445531333, 0.0001, 0.338577197386485], "k_pid_yaw": [0.5, 1e-06, 0.1], "k_pid_hsp": [0.0940676729203204, 6.606470832536543e-05, 0.0], "k_pid_vsp": [265.35856615865987, 350.85344173269044, 1e-06]}, "datetime": {"datetime": "2025-08-20 22:40:10", "elapsed": 38865.19561839104, "delta": 17.205785274505615}, "costs": {"total_cost": 171.63835831093522, "time_cost": 70.624, "final_distance_cost": 1.8114424508756928, "oscillation_cost": 25.05010388096289, "completition_cost": 0.0, "overshoot_cost": 51.389817709272734, "power_cost": 11.577396166992187, "noise_cost": 11.185598102831737, "n_waypoints_completed": 9, "tot_waypoints": 9}}
{"target": -172.12469978352223, "params": {"k_pid_pos": [1.3148939206865369, 0.0, 0.6532978905613114], "k_pid_alt": [1.9999032216712778, 0.0, 0.0], "k_pid_att": [26.191067002586102, 0.0001, 0.32970674068494177], "k_pid_yaw": [0.5, 1e-06, 0.1], "k_pid_hsp": [0.1020164377873196, 6.907296496868199e-05, 0.0], "k_pid_vsp": [244.44687223118427, 392.10722470335816, 1e-06]}, "datetime": {"datetime": "2025-08-20 22:40:25", "elapsed": 38880.51330280304, "delta": 15.317684412002563}, "costs": {"total_cost": 172.12469978352223, "time_cost": 70.664, "final_distance_cost": 1.8114607820770376, "oscillation_cost": 25.274831669062085, "completition_cost": 0.0, "overshoot_cost": 51.23895367556659, "power_cost": 11.803980395507812, "noise_cost": 11.331473261308714, "n_waypoints_completed": 9, "tot_waypoints": 9}}
{"target": -171.74525066236302, "params": {"k_pid_pos": [1.348347463478111, 0.0, 0.7305629993853634], "k_pid_alt": [2.0, 0.0, 0.0], "k_pid_att": [27.60142666152202, 0.0001, 0.21684009686173952], "k_pid_yaw": [0.5, 1e-06, 0.1], "k_pid_hsp": [0.0976175297982031, 9.960012433626997e-05, 0.0], "k_pid_vsp": [228.9819527811665, 366.39440949257465, 1e-06]}, "datetime": {"datetime": "2025-08-20 22:40:42", "elapsed": 38897.42004561424, "delta": 16.906742811203003}, "costs": {"total_cost": 171.74525066236302, "time_cost": 70.792, "final_distance_cost": 1.8212270860676374, "oscillation_cost": 25.075157162079606, "completition_cost": 0.0, "overshoot_cost": 51.24097288997053, "power_cost": 11.586437145996094, "noise_cost": 11.229456378249147, "n_waypoints_completed": 9, "tot_waypoints": 9}}
{"target": -172.06968782160132, "params": {"k_pid_pos": [1.3148402021742391, 0.0, 0.6213535264367825], "k_pid_alt": [1.9999535526338885, 0.0, 0.0], "k_pid_att": [28.14382079794069, 0.0001, 0.3300069051694246], "k_pid_yaw": [0.5, 1e-06, 0.1], "k_pid_hsp": [0.1077079155243462, 7.238730549146858e-05, 0.0], "k_pid_vsp": [233.69634023055465, 385.05296701773045, 1e-06]}, "datetime": {"datetime": "2025-08-20 22:40:58", "elapsed": 38912.97391080856, "delta": 15.553865194320679}, "costs": {"total_cost": 172.06968782160132, "time_cost": 70.57600000000001, "final_distance_cost": 1.819033868902356, "oscillation_cost": 25.44128695679796, "completition_cost": 0.0, "overshoot_cost": 50.84520723038118, "power_cost": 11.959836291503906, "noise_cost": 11.4283234740159, "n_waypoints_completed": 9, "tot_waypoints": 9}}
{"target": -172.33185859867214, "params": {"k_pid_pos": [1.3166666585306606, 0.0, 0.6704844498885949], "k_pid_alt": [1.99963095856834, 0.0, 0.0], "k_pid_att": [25.84612027738629, 0.0001, 0.32207723070472005], "k_pid_yaw": [0.5, 1e-06, 0.1], "k_pid_hsp": [0.10610541191722445, 0.00011768223612815952, 0.0], "k_pid_vsp": [230.4046605574317, 371.6482068778476, 1e-06]}, "datetime": {"datetime": "2025-08-20 22:41:15", "elapsed": 38930.1053943634, "delta": 17.131483554840088}, "costs": {"total_cost": 172.33185859867214, "time_cost": 70.696, "final_distance_cost": 1.8178048368496578, "oscillation_cost": 25.377486774333118, "completition_cost": 0.0, "overshoot_cost": 51.2507931037251, "power_cost": 11.908897729492189, "noise_cost": 11.28087615427209, "n_waypoints_completed": 9, "tot_waypoints": 9}}
{"target": -171.50912079355382, "params": {"k_pid_pos": [1.306333087113484, 0.0, 0.6753913631516334], "k_pid_alt": [1.9998934633952006, 0.0, 0.0], "k_pid_att": [27.3747590641454, 0.0001, 0.31957048578562824], "k_pid_yaw": [0.5, 1e-06, 0.1], "k_pid_hsp": [0.09130758781827991, 5.644233826595438e-05, 0.0], "k_pid_vsp": [246.56987232542483, 381.3260968671248, 1e-06]}, "datetime": {"datetime": "2025-08-20 22:41:30", "elapsed": 38945.25748372078, "delta": 15.152089357376099}, "costs": {"total_cost": 171.50912079355382, "time_cost": 70.728, "final_distance_cost": 1.8172815222510963, "oscillation_cost": 24.947243182965305, "completition_cost": 0.0, "overshoot_cost": 51.19854753555712, "power_cost": 11.604010888671876, "noise_cost": 11.214037664108453, "n_waypoints_completed": 9, "tot_waypoints": 9}}
{"target": -171.60607081144835, "params": {"k_pid_pos": [1.2626511877116955, 0.0, 0.6284217427886024], "k_pid_alt": [2.0, 0.0, 0.0], "k_pid_att": [28.191978193291973, 0.0001, 0.3215169753348449], "k_pid_yaw": [0.5, 1e-06, 0.1], "k_pid_hsp": [0.10675829984168536, 6.280687082506766e-05, 0.0], "k_pid_vsp": [238.3366060803798, 373.2773649522039, 1e-06]}, "datetime": {"datetime": "2025-08-20 22:41:48", "elapsed": 38962.660715818405, "delta": 17.403232097625732}, "costs": {"total_cost": 171.60607081144835, "time_cost": 70.752, "final_distance_cost": 1.8295865993791445, "oscillation_cost": 24.958363653802216, "completition_cost": 0.0, "overshoot_cost": 50.78080399885411, "power_cost": 11.968196032714845, "noise_cost": 11.31712052669803, "n_waypoints_completed": 9, "tot_waypoints": 9}}
