{"target": -765.224334229892, "params": {"k_pid_pos": [0.9811127732347715, 0.916893322548697, 0.5323707124407784], "k_pid_alt": [0.8701051503327482, 0.028685277822568335, 0.059722725226059425], "k_pid_att": [14.270466589533669, 0.4815282434411241, 0.07074369562473727], "k_pid_yaw": [0.5, 1e-06, 0.1], "k_pid_hsp": [0.0001, 0.34187711054795145, 0.07669843327051412], "k_pid_vsp": [356.2600206579143, 125.57795268962039, 21.410534158606655]}, "datetime": {"datetime": "2025-08-20 12:19:51", "elapsed": 1646.1197159290314, "delta": 21.63187265396118}, "costs": {"total_cost": 765.224334229892, "time_cost": 150, "final_distance_cost": 62.30617425666161, "oscillation_cost": 105.17335752060976, "completition_cost": 333.33333333333337, "overshoot_cost": 81.92952630699507, "power_cost": 18.120671655273437, "noise_cost": 14.361271157018685, "n_waypoints_completed": 6, "tot_waypoints": 9}}
{"target": -387.6681707575462, "params": {"k_pid_pos": [0.7561859444653931, 0.9578813435751439, 0.6037407210071583], "k_pid_alt": [0.4572249589080755, 0.0, 0.0], "k_pid_att": [22.869410813662867, 1.042022643024862, 0.12769083900321043], "k_pid_yaw": [0.5, 1e-06, 0.1], "k_pid_hsp": [3.411399087076022, 0.0, 0.041775538791204214], "k_pid_vsp": [221.2391951120586, 102.50831051742901, 1e-06]}, "datetime": {"datetime": "2025-08-20 12:20:12", "elapsed": 1667.3929526805878, "delta": 21.273236751556396}, "costs": {"total_cost": 387.6681707575462, "time_cost": 98.32000000000001, "final_distance_cost": 1.8111592321050674, "oscillation_cost": 199.45904482471548, "completition_cost": 0.0, "overshoot_cost": 52.61299780786358, "power_cost": 18.44786510009766, "noise_cost": 17.01710379276444, "n_waypoints_completed": 9, "tot_waypoints": 9}}
{"target": -1675.3531126790128, "params": {"k_pid_pos": [0.20460375777203899, 0.08315788652888784, 0.3466093510553233], "k_pid_alt": [1.0008050160221356, 0.0, 0.031064508734338865], "k_pid_att": [0.0, 0.0001, 0.052885725175522605], "k_pid_yaw": [0.5, 1e-06, 0.1], "k_pid_hsp": [3.1058377288482344, 0.0, 0.018077398728066796], "k_pid_vsp": [147.71277351132807, 97.862367071303, 1e-06]}, "datetime": {"datetime": "2025-08-20 12:20:34", "elapsed": 1689.222484588623, "delta": 21.82953190803528}, "costs": {"total_cost": 1675.3531126790128, "time_cost": 150, "final_distance_cost": 294.2376476075508, "oscillation_cost": 3.894679381736422, "completition_cost": 777.7777777777778, "overshoot_cost": 422.5083992244587, "power_cost": 13.616942529296876, "noise_cost": 13.317666158192115, "n_waypoints_completed": 2, "tot_waypoints": 9}}
{"target": -215.1250205796547, "params": {"k_pid_pos": [0.8759353659525239, 0.3762985013129042, 0.14339041981303802], "k_pid_alt": [0.3479957802335539, 0.0, 0.0], "k_pid_att": [17.86323164808257, 0.0001, 0.0], "k_pid_yaw": [0.5, 1e-06, 0.1], "k_pid_hsp": [1.2435022767634178, 0.029200462908765035, 0.0], "k_pid_vsp": [396.6674186155243, 89.22911556536711, 1e-06]}, "datetime": {"datetime": "2025-08-20 12:20:54", "elapsed": 1709.0188364982605, "delta": 19.79635190963745}, "costs": {"total_cost": 215.1250205796547, "time_cost": 90.2, "final_distance_cost": 1.8565759082703883, "oscillation_cost": 41.62535908118659, "completition_cost": 0.0, "overshoot_cost": 50.9924896437169, "power_cost": 15.516691601562501, "noise_cost": 14.933904344918297, "n_waypoints_completed": 9, "tot_waypoints": 9}}
{"target": -3507.237767474113, "params": {"k_pid_pos": [0.7116880259441725, 0.5779080642455072, 0.5919092402476451], "k_pid_alt": [0.7399236263565673, 0.07024855452960085, 0.4498098671594424], "k_pid_att": [33.82106567324084, 3.7053158000240902, 0.0], "k_pid_yaw": [0.5, 1e-06, 0.1], "k_pid_hsp": [0.0001, 0.0, 0.5449468571011693], "k_pid_vsp": [400.0, 108.84036658629167, 1e-06]}, "datetime": {"datetime": "2025-08-20 12:21:16", "elapsed": 1730.651801109314, "delta": 21.632964611053467}, "costs": {"total_cost": 3507.237767474113, "time_cost": 150, "final_distance_cost": 758.6338391616068, "oscillation_cost": 184.03043277147503, "completition_cost": 1000.0, "overshoot_cost": 1381.1722235596885, "power_cost": 18.095458508300784, "noise_cost": 15.305813473041201, "n_waypoints_completed": 0, "tot_waypoints": 9}}
{"target": -1224.3765116063607, "params": {"k_pid_pos": [0.0001, 0.8247864086041693, 0.46001805971684545], "k_pid_alt": [0.7884196876788928, 0.0, 0.0], "k_pid_att": [31.44846916608635, 0.0001, 0.0], "k_pid_yaw": [0.5, 1e-06, 0.1], "k_pid_hsp": [0.6982693959356052, 0.0228434477792277, 0.0], "k_pid_vsp": [400.0, 9.60172479092509, 1e-06]}, "datetime": {"datetime": "2025-08-20 12:21:37", "elapsed": 1752.1436216831207, "delta": 21.491820573806763}, "costs": {"total_cost": 1224.3765116063607, "time_cost": 150, "final_distance_cost": 67.71805125385877, "oscillation_cost": 50.12574171418713, "completition_cost": 888.8888888888888, "overshoot_cost": 32.634238892892306, "power_cost": 19.271637768554687, "noise_cost": 15.737953087979012, "n_waypoints_completed": 1, "tot_waypoints": 9}}
{"target": -386.95672988312083, "params": {"k_pid_pos": [0.7443645443958211, 0.4077320203677632, 0.0], "k_pid_alt": [0.7950237985014329, 0.0, 0.0], "k_pid_att": [25.747434721221662, 0.0001, 0.0], "k_pid_yaw": [0.5, 1e-06, 0.1], "k_pid_hsp": [4.904909525176437, 0.0, 0.08085232299993561], "k_pid_vsp": [183.63158853437687, 1e-06, 1e-06]}, "datetime": {"datetime": "2025-08-20 12:21:56", "elapsed": 1770.662358045578, "delta": 18.518736362457275}, "costs": {"total_cost": 386.95672988312083, "time_cost": 84.488, "final_distance_cost": 1.7472184970985665, "oscillation_cost": 218.40864279277548, "completition_cost": 0.0, "overshoot_cost": 52.029315494730966, "power_cost": 16.25930712890625, "noise_cost": 14.02424596960959, "n_waypoints_completed": 9, "tot_waypoints": 9}}
{"target": -1156.1347725471728, "params": {"k_pid_pos": [0.3649260409473628, 0.9286143025690075, 0.08314633303011548], "k_pid_alt": [0.6705822271269233, 0.0, 0.0], "k_pid_att": [34.50577389407806, 2.736522656073766, 0.0894386609522278], "k_pid_yaw": [0.5, 1e-06, 0.1], "k_pid_hsp": [0.0001, 0.04740873208740962, 0.0], "k_pid_vsp": [142.11731686546415, 99.57220536056639, 1e-06]}, "datetime": {"datetime": "2025-08-20 12:22:17", "elapsed": 1792.2625093460083, "delta": 21.600151300430298}, "costs": {"total_cost": 1156.1347725471728, "time_cost": 150, "final_distance_cost": 93.97146325244505, "oscillation_cost": 28.407599984034476, "completition_cost": 777.7777777777778, "overshoot_cost": 78.35325317000584, "power_cost": 13.995310864257814, "noise_cost": 13.629367498651815, "n_waypoints_completed": 2, "tot_waypoints": 9}}
{"target": -223.40200863391075, "params": {"k_pid_pos": [0.9141567115722712, 0.8114783995830277, 0.5216187640899473], "k_pid_alt": [1.052463880420965, 0.06255683294138849, 0.0], "k_pid_att": [26.64000277977304, 0.9777597640372253, 0.3192096729764152], "k_pid_yaw": [0.5, 1e-06, 0.1], "k_pid_hsp": [2.2155214911241803, 0.3630837960907501, 0.0], "k_pid_vsp": [398.65071487220035, 124.15775259834126, 43.126887929391216]}, "datetime": {"datetime": "2025-08-20 12:22:37", "elapsed": 1812.4056158065796, "delta": 20.14310646057129}, "costs": {"total_cost": 223.40200863391075, "time_cost": 93.72, "final_distance_cost": 1.771172285483376, "oscillation_cost": 38.596214364420526, "completition_cost": 0.0, "overshoot_cost": 51.149238261796874, "power_cost": 22.276338549804688, "noise_cost": 15.889045172405295, "n_waypoints_completed": 9, "tot_waypoints": 9}}
{"target": -590.4218132323465, "params": {"k_pid_pos": [1.3887735781593185, 0.45314342601268853, 0.3549765101154593], "k_pid_alt": [0.674533144931195, 0.0, 0.15715294816174424], "k_pid_att": [60.434265955136105, 0.0001, 0.0], "k_pid_yaw": [0.5, 1e-06, 0.1], "k_pid_hsp": [0.0001, 0.259958910726793, 0.13898225319668805], "k_pid_vsp": [284.3048378869088, 57.30136185680399, 15.949951387440509]}, "datetime": {"datetime": "2025-08-20 12:22:59", "elapsed": 1834.1482546329498, "delta": 21.74263882637024}, "costs": {"total_cost": 590.4218132323465, "time_cost": 150, "final_distance_cost": 36.07511749442758, "oscillation_cost": 168.58001540937903, "completition_cost": 111.11111111111116, "overshoot_cost": 85.5625237511834, "power_cost": 22.37685173339844, "noise_cost": 16.71619373284698, "n_waypoints_completed": 8, "tot_waypoints": 9}}
{"target": -1057.55362833296, "params": {"k_pid_pos": [0.9839670588911017, 0.3148432314970629, 0.0], "k_pid_alt": [0.6527541395459748, 0.3698370982896151, 0.3574802115129909], "k_pid_att": [52.109836301735214, 0.0001, 0.0], "k_pid_yaw": [0.5, 1e-06, 0.1], "k_pid_hsp": [1.684686635945004, 0.0, 0.0], "k_pid_vsp": [158.22175823345214, 1e-06, 277.03958136788435]}, "datetime": {"datetime": "2025-08-20 12:23:21", "elapsed": 1855.6200125217438, "delta": 21.471757888793945}, "costs": {"total_cost": 1057.55362833296, "time_cost": 150, "final_distance_cost": 79.7566169505617, "oscillation_cost": 26.169474870489935, "completition_cost": 666.6666666666667, "overshoot_cost": 69.13408448573432, "power_cost": 37.461562719726565, "noise_cost": 28.365222639780836, "n_waypoints_completed": 3, "tot_waypoints": 9}}
{"target": -972.0881350268596, "params": {"k_pid_pos": [0.43208356615233745, 0.0590523974103772, 0.618429850519192], "k_pid_alt": [0.11433184148207787, 0.0, 0.04730385027382367], "k_pid_att": [63.5686933511384, 0.0001, 0.0], "k_pid_yaw": [0.5, 1e-06, 0.1], "k_pid_hsp": [1.3046842093673492, 0.0, 0.0], "k_pid_vsp": [63.918362691515284, 45.31203771423814, 1e-06]}, "datetime": {"datetime": "2025-08-20 12:23:42", "elapsed": 1877.2104671001434, "delta": 21.590454578399658}, "costs": {"total_cost": 972.0881350268596, "time_cost": 150, "final_distance_cost": 53.25740345787382, "oscillation_cost": 29.041883687795593, "completition_cost": 666.6666666666667, "overshoot_cost": 42.34793438226981, "power_cost": 16.463537036132813, "noise_cost": 14.310709796120825, "n_waypoints_completed": 3, "tot_waypoints": 9}}
{"target": -222.65153844595122, "params": {"k_pid_pos": [0.44326777471336753, 0.5221781051315635, 0.5274425086817802], "k_pid_alt": [1.2349053891359958, 0.0, 0.0], "k_pid_att": [16.795295392399492, 0.394978667135115, 0.0], "k_pid_yaw": [0.5, 1e-06, 0.1], "k_pid_hsp": [2.162873983740965, 0.0, 0.0], "k_pid_vsp": [264.7590180968247, 23.49132054744379, 1e-06]}, "datetime": {"datetime": "2025-08-20 12:24:00", "elapsed": 1895.456421136856, "delta": 18.245954036712646}, "costs": {"total_cost": 222.65153844595122, "time_cost": 81.72800000000001, "final_distance_cost": 1.7858050996160597, "oscillation_cost": 61.476161636945434, "completition_cost": 0.0, "overshoot_cost": 51.5052184058718, "power_cost": 13.354986975097656, "noise_cost": 12.801366328420283, "n_waypoints_completed": 9, "tot_waypoints": 9}}
{"target": -1708.5639446198566, "params": {"k_pid_pos": [0.24000679484539736, 0.8709881912965924, 0.4162421306777174], "k_pid_alt": [0.30936407768955876, 0.0, 0.14130797890654684], "k_pid_att": [27.611598279531965, 0.45663459104492876, 0.09606995748354889], "k_pid_yaw": [0.5, 1e-06, 0.1], "k_pid_hsp": [0.0001, 0.0, 0.560685977443947], "k_pid_vsp": [359.3771321410203, 1e-06, 1e-06]}, "datetime": {"datetime": "2025-08-20 12:24:22", "elapsed": 1916.8597538471222, "delta": 21.403332710266113}, "costs": {"total_cost": 1708.5639446198566, "time_cost": 150, "final_distance_cost": 55.72354073370339, "oscillation_cost": 376.99039372585804, "completition_cost": 1000.0, "overshoot_cost": 90.55202616391298, "power_cost": 19.475152282714845, "noise_cost": 15.822831713667293, "n_waypoints_completed": 0, "tot_waypoints": 9}}
{"target": -1316.8406084241283, "params": {"k_pid_pos": [0.7636604751581222, 0.23801215680278265, 0.3447134914583298], "k_pid_alt": [0.1590063781134079, 0.28279352100107163, 0.4078332287247959], "k_pid_att": [20.43351198674886, 0.0001, 0.0], "k_pid_yaw": [0.5, 1e-06, 0.1], "k_pid_hsp": [1.668947921596029, 0.0, 0.3947713996704955], "k_pid_vsp": [295.14923140382143, 65.45176424730877, 116.2265035980408]}, "datetime": {"datetime": "2025-08-20 12:24:44", "elapsed": 1938.7475612163544, "delta": 21.887807369232178}, "costs": {"total_cost": 1316.8406084241283, "time_cost": 150, "final_distance_cost": 84.81884157278529, "oscillation_cost": 336.51711451266635, "completition_cost": 666.6666666666667, "overshoot_cost": 41.36475938896387, "power_cost": 21.757351818847656, "noise_cost": 15.715874464198402, "n_waypoints_completed": 3, "tot_waypoints": 9}}
{"target": -195.00443047479786, "params": {"k_pid_pos": [0.9034131854638789, 0.14536035866821068, 0.5869140045604326], "k_pid_alt": [0.7910617132828409, 0.0, 0.0033951579317257202], "k_pid_att": [32.72515771595705, 0.1836882669861717, 0.05092995812430856], "k_pid_yaw": [0.5, 1e-06, 0.1], "k_pid_hsp": [0.6339298282213617, 0.014910138998806678, 0.0], "k_pid_vsp": [400.0, 29.379831315231662, 1e-06]}, "datetime": {"datetime": "2025-08-20 12:25:01", "elapsed": 1955.8589293956757, "delta": 17.11136817932129}, "costs": {"total_cost": 195.00443047479786, "time_cost": 80.016, "final_distance_cost": 1.8438553988013062, "oscillation_cost": 34.48115181901445, "completition_cost": 0.0, "overshoot_cost": 52.54326593369315, "power_cost": 13.28403455810547, "noise_cost": 12.83612276518346, "n_waypoints_completed": 9, "tot_waypoints": 9}}
{"target": -1349.8282086370427, "params": {"k_pid_pos": [0.9718858646290527, 0.12584638636969558, 1.0], "k_pid_alt": [0.0, 0.0, 0.0], "k_pid_att": [6.7791834479575, 0.0001, 0.0], "k_pid_yaw": [0.5, 1e-06, 0.1], "k_pid_hsp": [0.0001, 0.0, 0.0], "k_pid_vsp": [400.0, 53.43599565180758, 1e-06]}, "datetime": {"datetime": "2025-08-20 12:25:22", "elapsed": 1977.1359295845032, "delta": 21.277000188827515}, "costs": {"total_cost": 1349.8282086370427, "time_cost": 150, "final_distance_cost": 2.5147037247067545, "oscillation_cost": 1.6912802052132272, "completition_cost": 1000.0, "overshoot_cost": 136.83884252108027, "power_cost": 8.650409020996094, "noise_cost": 50.132973165046465, "n_waypoints_completed": 0, "tot_waypoints": 9}}
{"target": -192.9884823947668, "params": {"k_pid_pos": [1.8174394946575116, 0.0, 0.0579220335319071], "k_pid_alt": [0.7546793065044749, 0.0, 0.0], "k_pid_att": [39.40494477053145, 0.0001, 0.0], "k_pid_yaw": [0.5, 1e-06, 0.1], "k_pid_hsp": [0.9466369407448694, 0.0, 0.0], "k_pid_vsp": [351.7762789948736, 1e-06, 1e-06]}, "datetime": {"datetime": "2025-08-20 12:25:38", "elapsed": 1992.8432643413544, "delta": 15.707334756851196}, "costs": {"total_cost": 192.9884823947668, "time_cost": 72.288, "final_distance_cost": 1.8110675071833802, "oscillation_cost": 42.62385407344885, "completition_cost": 0.0, "overshoot_cost": 51.29808014183053, "power_cost": 13.209770825195314, "noise_cost": 11.75770984710874, "n_waypoints_completed": 9, "tot_waypoints": 9}}
{"target": -1201.9474000350551, "params": {"k_pid_pos": [1.6391160502948532, 0.13020187193478597, 0.4573134841139491], "k_pid_alt": [0.8954884513343049, 0.0, 0.0], "k_pid_att": [17.526308743818365, 0.0001, 0.0], "k_pid_yaw": [0.5, 1e-06, 0.1], "k_pid_hsp": [0.0001, 0.0, 0.0], "k_pid_vsp": [323.5722835666538, 30.087528952108705, 1e-06]}, "datetime": {"datetime": "2025-08-20 12:25:59", "elapsed": 2014.4270660877228, "delta": 21.583801746368408}, "costs": {"total_cost": 1201.9474000350551, "time_cost": 150, "final_distance_cost": 46.980472230753804, "oscillation_cost": 5.591519903025463, "completition_cost": 888.8888888888888, "overshoot_cost": 84.76607392060836, "power_cost": 12.781229760742189, "noise_cost": 12.93921533103653, "n_waypoints_completed": 1, "tot_waypoints": 9}}
{"target": -207.55624449448803, "params": {"k_pid_pos": [1.8345937881377337, 0.0, 0.3969680670350237], "k_pid_alt": [0.5284040018858742, 0.0725624298403173, 0.0], "k_pid_att": [19.693684241286924, 0.5670926767579278, 0.16476216956975137], "k_pid_yaw": [0.5, 1e-06, 0.1], "k_pid_hsp": [1.3254272207929825, 0.06101041012349473, 0.0], "k_pid_vsp": [256.25526119142853, 1e-06, 1e-06]}, "datetime": {"datetime": "2025-08-20 12:26:18", "elapsed": 2032.5798580646515, "delta": 18.15279197692871}, "costs": {"total_cost": 207.55624449448803, "time_cost": 84.72, "final_distance_cost": 1.7412790819876027, "oscillation_cost": 40.856285053660834, "completition_cost": 0.0, "overshoot_cost": 51.799809888472694, "power_cost": 15.093622143554688, "noise_cost": 13.345248326812204, "n_waypoints_completed": 9, "tot_waypoints": 9}}
{"target": -190.83004168762915, "params": {"k_pid_pos": [1.0304482402975488, 0.0, 0.71003542136315], "k_pid_alt": [0.80260984276694, 0.0, 0.0], "k_pid_att": [19.446574755873197, 0.0001, 0.025199199031210616], "k_pid_yaw": [0.5, 1e-06, 0.1], "k_pid_hsp": [0.5178237261753833, 0.0, 0.0], "k_pid_vsp": [400.0, 1e-06, 1e-06]}, "datetime": {"datetime": "2025-08-20 12:26:35", "elapsed": 2049.7017393112183, "delta": 17.121881246566772}, "costs": {"total_cost": 190.83004168762915, "time_cost": 80.848, "final_distance_cost": 1.8551208775036538, "oscillation_cost": 29.854820440489373, "completition_cost": 0.0, "overshoot_cost": 52.34234600687016, "power_cost": 12.94288875732422, "noise_cost": 12.986865605441729, "n_waypoints_completed": 9, "tot_waypoints": 9}}
{"target": -724.715774976345, "params": {"k_pid_pos": [0.8688451889908505, 0.667219627241998, 0.7931538706080999], "k_pid_alt": [0.8117289054676909, 0.07737419099199612, 0.4904360923967152], "k_pid_att": [26.50972829297554, 0.41059689015330947, 0.005196003344192693], "k_pid_yaw": [0.5, 1e-06, 0.1], "k_pid_hsp": [10.0, 0.9145037176082268, 0.0], "k_pid_vsp": [349.620587708083, 238.4987242334625, 109.78542517820884]}, "datetime": {"datetime": "2025-08-20 12:26:57", "elapsed": 2071.9980032444, "delta": 22.296263933181763}, "costs": {"total_cost": 724.715774976345, "time_cost": 150, "final_distance_cost": 65.637737243677, "oscillation_cost": 319.6582199464443, "completition_cost": 111.11111111111116, "overshoot_cost": 44.12638773404601, "power_cost": 19.451433349609378, "noise_cost": 14.730885591457135, "n_waypoints_completed": 8, "tot_waypoints": 9}}
{"target": -418.37249762075635, "params": {"k_pid_pos": [0.4048858664744318, 0.7976259793351138, 1.0], "k_pid_alt": [1.3486044874799599, 0.0, 0.0], "k_pid_att": [28.278570893847743, 0.19167348521394434, 0.0], "k_pid_yaw": [0.5, 1e-06, 0.1], "k_pid_hsp": [0.33041884714968395, 0.0, 0.0], "k_pid_vsp": [400.0, 1e-06, 1e-06]}, "datetime": {"datetime": "2025-08-20 12:27:18", "elapsed": 2093.2802221775055, "delta": 21.28221893310547}, "costs": {"total_cost": 418.37249762075635, "time_cost": 150, "final_distance_cost": 41.36622638456656, "oscillation_cost": 35.19514916277177, "completition_cost": 111.11111111111116, "overshoot_cost": 50.08441230891334, "power_cost": 16.352396594238282, "noise_cost": 14.263202059155303, "n_waypoints_completed": 8, "tot_waypoints": 9}}
{"target": -202.0972958978304, "params": {"k_pid_pos": [0.5473973940063241, 0.20004389713384058, 0.8724946508155715], "k_pid_alt": [0.7450454088466131, 0.006823293179418485, 0.12424910226165056], "k_pid_att": [31.064538377451164, 0.0001, 0.15628855137946315], "k_pid_yaw": [0.5, 1e-06, 0.1], "k_pid_hsp": [0.2709342890370299, 0.0, 0.0], "k_pid_vsp": [399.82958760442233, 164.85422974184547, 1e-06]}, "datetime": {"datetime": "2025-08-20 12:27:38", "elapsed": 2113.1868488788605, "delta": 19.90662670135498}, "costs": {"total_cost": 202.0972958978304, "time_cost": 93.272, "final_distance_cost": 1.8447200721837178, "oscillation_cost": 22.681397402113728, "completition_cost": 0.0, "overshoot_cost": 54.18677694562709, "power_cost": 15.006110034179688, "noise_cost": 15.10629144372614, "n_waypoints_completed": 9, "tot_waypoints": 9}}
{"target": -210.32420571300355, "params": {"k_pid_pos": [1.8075808816199266, 0.0, 0.663412558377503], "k_pid_alt": [0.6876973558377676, 0.0, 0.0], "k_pid_att": [25.806294449223873, 0.0001, 0.3454855453373816], "k_pid_yaw": [0.5, 1e-06, 0.1], "k_pid_hsp": [0.7066428635350055, 0.0, 0.03319748742172704], "k_pid_vsp": [283.81867362294884, 1e-06, 1e-06]}, "datetime": {"datetime": "2025-08-20 12:27:56", "elapsed": 2130.6142909526825, "delta": 17.42744207382202}, "costs": {"total_cost": 210.32420571300355, "time_cost": 79.32000000000001, "final_distance_cost": 1.8367880917296981, "oscillation_cost": 50.538894717699485, "completition_cost": 0.0, "overshoot_cost": 51.682865423224385, "power_cost": 14.183489807128908, "noise_cost": 12.76216767322102, "n_waypoints_completed": 9, "tot_waypoints": 9}}
{"target": -1196.9801958653052, "params": {"k_pid_pos": [0.3354156759978182, 0.6535102787595908, 0.4655598087523808], "k_pid_alt": [0.7352884571864862, 0.0, 0.0], "k_pid_att": [23.181493500199153, 0.0001, 0.0], "k_pid_yaw": [0.5, 1e-06, 0.1], "k_pid_hsp": [0.0001, 0.0, 0.0], "k_pid_vsp": [400.0, 168.26612253745094, 1e-06]}, "datetime": {"datetime": "2025-08-20 12:28:17", "elapsed": 2151.9792647361755, "delta": 21.364973783493042}, "costs": {"total_cost": 1196.9801958653052, "time_cost": 150, "final_distance_cost": 47.02747031056825, "oscillation_cost": 1.5113153437440168, "completition_cost": 888.8888888888888, "overshoot_cost": 83.84952309670884, "power_cost": 12.777864086914063, "noise_cost": 12.925134138481166, "n_waypoints_completed": 1, "tot_waypoints": 9}}
{"target": -211.97034956165743, "params": {"k_pid_pos": [1.9835785748389334, 0.6733802922315643, 0.47760577854946007], "k_pid_alt": [0.8292688637961041, 0.0, 0.0], "k_pid_att": [6.531697495889301, 0.0001, 0.0], "k_pid_yaw": [0.5, 1e-06, 0.1], "k_pid_hsp": [1.3335435600179508, 0.021484032858854668, 0.0], "k_pid_vsp": [276.81083814128317, 1e-06, 1e-06]}, "datetime": {"datetime": "2025-08-20 12:28:35", "elapsed": 2170.051117658615, "delta": 18.071852922439575}, "costs": {"total_cost": 211.97034956165743, "time_cost": 81.85600000000001, "final_distance_cost": 1.7131846233667885, "oscillation_cost": 47.250198949300355, "completition_cost": 0.0, "overshoot_cost": 52.8449720275039, "power_cost": 15.071290112304688, "noise_cost": 13.234703849181669, "n_waypoints_completed": 9, "tot_waypoints": 9}}
