{"target": -172.51218416683875, "params": {"k_pid_pos": [1.530670004370151, 0.0, 0.8531101404517387], "k_pid_alt": [2.0, 0.0, 0.0], "k_pid_att": [21.225022818762017, 0.0001, 0.16629549895972318], "k_pid_yaw": [0.5, 1e-06, 0.1], "k_pid_hsp": [0.1340033763525584, 0.00014991317140860825, 0.0], "k_pid_vsp": [273.0991774201972, 280.26279306500925, 1e-06]}, "datetime": {"datetime": "2025-08-20 17:27:08", "elapsed": 20082.79553246498, "delta": 15.828152894973755}, "costs": {"total_cost": 172.51218416683875, "time_cost": 70.632, "final_distance_cost": 1.8323034374070424, "oscillation_cost": 25.9925249045932, "completition_cost": 0.0, "overshoot_cost": 50.234545657591546, "power_cost": 12.192399218750001, "noise_cost": 11.628410948496947, "n_waypoints_completed": 9, "tot_waypoints": 9}}
{"target": -172.416573650853, "params": {"k_pid_pos": [1.5155081916612494, 0.0, 0.9023520240099573], "k_pid_alt": [1.985083878712741, 0.0, 0.0], "k_pid_att": [5.123495794417892, 0.0001, 0.273988638357771], "k_pid_yaw": [0.5, 1e-06, 0.1], "k_pid_hsp": [0.1149993525999489, 0.0003438995685463723, 0.0], "k_pid_vsp": [262.7584465214234, 229.70919785224658, 1e-06]}, "datetime": {"datetime": "2025-08-20 17:27:23", "elapsed": 20098.110235452652, "delta": 15.314702987670898}, "costs": {"total_cost": 172.416573650853, "time_cost": 70.736, "final_distance_cost": 1.823566988182987, "oscillation_cost": 25.54092716122898, "completition_cost": 0.0, "overshoot_cost": 50.82236213502274, "power_cost": 12.030950329589844, "noise_cost": 11.46276703682844, "n_waypoints_completed": 9, "tot_waypoints": 9}}
{"target": -173.52393423011756, "params": {"k_pid_pos": [1.6251250529462684, 0.0, 0.8880682918900817], "k_pid_alt": [2.0, 0.0, 0.0], "k_pid_att": [40.942372933460845, 0.0001, 0.13470202081840377], "k_pid_yaw": [0.5, 1e-06, 0.1], "k_pid_hsp": [0.12536220140873308, 0.0002908834748898508, 0.0], "k_pid_vsp": [222.70901540300667, 306.5923546017823, 1e-06]}, "datetime": {"datetime": "2025-08-20 17:27:38", "elapsed": 20113.491582393646, "delta": 15.381346940994263}, "costs": {"total_cost": 173.52393423011756, "time_cost": 70.568, "final_distance_cost": 1.8234262002733543, "oscillation_cost": 26.793951581734195, "completition_cost": 0.0, "overshoot_cost": 51.052987758372794, "power_cost": 11.882044372558594, "noise_cost": 11.40352431717862, "n_waypoints_completed": 9, "tot_waypoints": 9}}
{"target": -172.23723782562962, "params": {"k_pid_pos": [1.432562876211574, 0.0, 0.8826973712894748], "k_pid_alt": [2.0, 0.0, 0.0], "k_pid_att": [12.519199650457885, 0.0001, 0.183515104670591], "k_pid_yaw": [0.5, 1e-06, 0.1], "k_pid_hsp": [0.11632128488005838, 0.00021537602381570744, 0.0], "k_pid_vsp": [240.57190107022734, 363.69855413260007, 1e-06]}, "datetime": {"datetime": "2025-08-20 17:27:55", "elapsed": 20129.724015712738, "delta": 16.232433319091797}, "costs": {"total_cost": 172.23723782562962, "time_cost": 70.944, "final_distance_cost": 1.8384171626087866, "oscillation_cost": 25.174044048945913, "completition_cost": 0.0, "overshoot_cost": 51.04053995485082, "power_cost": 11.854432690429688, "noise_cost": 11.385803968794386, "n_waypoints_completed": 9, "tot_waypoints": 9}}
{"target": -172.79257081570154, "params": {"k_pid_pos": [1.5059337011266605, 0.0, 0.9302057388191609], "k_pid_alt": [2.0, 0.0, 0.0], "k_pid_att": [22.160710296694774, 0.0001, 0.18807851256314786], "k_pid_yaw": [0.5, 1e-06, 0.1], "k_pid_hsp": [0.12906467593537677, 0.0003542422897354868, 0.0], "k_pid_vsp": [256.32280502608216, 254.14079038139283, 1e-06]}, "datetime": {"datetime": "2025-08-20 17:28:10", "elapsed": 20145.21165752411, "delta": 15.48764181137085}, "costs": {"total_cost": 172.79257081570154, "time_cost": 70.944, "final_distance_cost": 1.837055372145665, "oscillation_cost": 25.55523620802314, "completition_cost": 0.0, "overshoot_cost": 51.13209105937202, "power_cost": 11.912637939453125, "noise_cost": 11.411550236707571, "n_waypoints_completed": 9, "tot_waypoints": 9}}
{"target": -172.09070218796276, "params": {"k_pid_pos": [1.6299608120181341, 0.006040929680765343, 1.0], "k_pid_alt": [2.0, 0.0, 0.0], "k_pid_att": [22.834415562056144, 0.0001, 0.1966601587098213], "k_pid_yaw": [0.5, 1e-06, 0.1], "k_pid_hsp": [0.11963149648417055, 0.00011386267072922366, 0.0], "k_pid_vsp": [260.3919994323914, 298.15946726878104, 1e-06]}, "datetime": {"datetime": "2025-08-20 17:28:26", "elapsed": 20160.86096572876, "delta": 15.649308204650879}, "costs": {"total_cost": 172.09070218796276, "time_cost": 70.744, "final_distance_cost": 1.8319286729703261, "oscillation_cost": 25.588626577193647, "completition_cost": 0.0, "overshoot_cost": 50.695192307109664, "power_cost": 11.925396728515626, "noise_cost": 11.305557902173478, "n_waypoints_completed": 9, "tot_waypoints": 9}}
{"target": -172.5264970115356, "params": {"k_pid_pos": [1.5099778071663772, 0.0, 0.8176019360873467], "k_pid_alt": [2.0, 0.0, 0.0], "k_pid_att": [22.98827207800126, 0.0001, 0.15875830718029593], "k_pid_yaw": [0.5, 1e-06, 0.1], "k_pid_hsp": [0.11963925742084512, 0.00029339498501937123, 0.0], "k_pid_vsp": [262.20981666992463, 320.2879471033548, 1e-06]}, "datetime": {"datetime": "2025-08-20 17:28:42", "elapsed": 20176.83845257759, "delta": 15.977486848831177}, "costs": {"total_cost": 172.5264970115356, "time_cost": 70.592, "final_distance_cost": 1.8340746609895433, "oscillation_cost": 26.013966845393586, "completition_cost": 0.0, "overshoot_cost": 50.52665511922924, "power_cost": 12.087047827148439, "noise_cost": 11.47275255877481, "n_waypoints_completed": 9, "tot_waypoints": 9}}
{"target": -172.71427428457918, "params": {"k_pid_pos": [1.4447738916164505, 0.0, 0.712187037268336], "k_pid_alt": [2.0, 0.0, 0.0], "k_pid_att": [31.99532502628312, 0.0001, 0.2509026501898293], "k_pid_yaw": [0.5, 1e-06, 0.1], "k_pid_hsp": [0.11448012252867172, 0.0003393410948670345, 0.0], "k_pid_vsp": [271.15649054262553, 326.83212366557916, 1e-06]}, "datetime": {"datetime": "2025-08-20 17:28:57", "elapsed": 20192.28205728531, "delta": 15.443604707717896}, "costs": {"total_cost": 172.71427428457918, "time_cost": 70.488, "final_distance_cost": 1.8272645924343134, "oscillation_cost": 25.839393935358913, "completition_cost": 0.0, "overshoot_cost": 51.14662005196396, "power_cost": 12.005190087890625, "noise_cost": 11.40780561693134, "n_waypoints_completed": 9, "tot_waypoints": 9}}
{"target": -172.917883060653, "params": {"k_pid_pos": [1.7330379050499256, 0.0, 0.9920447879864817], "k_pid_alt": [2.0, 0.0, 0.0], "k_pid_att": [30.793210020514053, 0.0001, 0.22194239413746514], "k_pid_yaw": [0.5, 1e-06, 0.1], "k_pid_hsp": [0.11121097913452258, 4.8745953586630674e-05, 0.0], "k_pid_vsp": [304.98491168058683, 178.4549553814284, 1e-06]}, "datetime": {"datetime": "2025-08-20 17:29:13", "elapsed": 20208.298154830933, "delta": 16.01609754562378}, "costs": {"total_cost": 172.917883060653, "time_cost": 70.70400000000001, "final_distance_cost": 1.8401569266290378, "oscillation_cost": 25.86633797962991, "completition_cost": 0.0, "overshoot_cost": 50.94065262925047, "power_cost": 12.050478930664063, "noise_cost": 11.51625659447951, "n_waypoints_completed": 9, "tot_waypoints": 9}}
{"target": -173.46292663121892, "params": {"k_pid_pos": [1.3682660562775624, 0.0, 1.0], "k_pid_alt": [2.0, 0.0, 0.0], "k_pid_att": [36.53939832254738, 0.0001, 0.22763160641573113], "k_pid_yaw": [0.5, 1e-06, 0.1], "k_pid_hsp": [0.08216538881256277, 0.0002948474263266799, 0.0], "k_pid_vsp": [249.63997932748757, 326.34883474875176, 1e-06]}, "datetime": {"datetime": "2025-08-20 17:29:29", "elapsed": 20224.045154571533, "delta": 15.746999740600586}, "costs": {"total_cost": 173.46292663121892, "time_cost": 71.8, "final_distance_cost": 1.8272809155984422, "oscillation_cost": 24.489527045823205, "completition_cost": 0.0, "overshoot_cost": 51.63986461875213, "power_cost": 12.092918139648438, "noise_cost": 11.613335911396732, "n_waypoints_completed": 9, "tot_waypoints": 9}}
{"target": -172.29650220421604, "params": {"k_pid_pos": [1.4389974832220451, 0.0, 0.6265535260677471], "k_pid_alt": [2.0, 0.0, 0.0], "k_pid_att": [8.510848703779061, 0.0001, 0.08111046586848103], "k_pid_yaw": [0.5, 1e-06, 0.1], "k_pid_hsp": [0.12298950902741741, 9.210028720666466e-05, 0.0], "k_pid_vsp": [276.1700238580319, 355.5641850841944, 1e-06]}, "datetime": {"datetime": "2025-08-20 17:29:45", "elapsed": 20239.735161066055, "delta": 15.690006494522095}, "costs": {"total_cost": 172.29650220421604, "time_cost": 70.176, "final_distance_cost": 1.8180816160463427, "oscillation_cost": 26.520341468235895, "completition_cost": 0.0, "overshoot_cost": 50.652115327738784, "power_cost": 11.882666235351563, "noise_cost": 11.247297556843435, "n_waypoints_completed": 9, "tot_waypoints": 9}}
{"target": -173.21389364506612, "params": {"k_pid_pos": [1.440302154820762, 0.0, 0.7128793632337177], "k_pid_alt": [2.0, 0.0, 0.0], "k_pid_att": [22.872587132867913, 0.0001, 0.2254505654088802], "k_pid_yaw": [0.5, 1e-06, 0.1], "k_pid_hsp": [0.12392486356764094, 0.00017416199758660462, 0.0], "k_pid_vsp": [269.70351669422706, 213.71450169449488, 1e-06]}, "datetime": {"datetime": "2025-08-20 17:30:01", "elapsed": 20255.593327522278, "delta": 15.858166456222534}, "costs": {"total_cost": 173.21389364506612, "time_cost": 70.57600000000001, "final_distance_cost": 1.821682820330342, "oscillation_cost": 25.774646753966017, "completition_cost": 0.0, "overshoot_cost": 50.90468965093568, "power_cost": 12.442144470214844, "noise_cost": 11.694729949619207, "n_waypoints_completed": 9, "tot_waypoints": 9}}
{"target": -173.01637006949147, "params": {"k_pid_pos": [1.5044271891700034, 0.0, 0.8876464448246261], "k_pid_alt": [2.0, 0.0, 0.0], "k_pid_att": [15.744367745172946, 0.0001, 0.2805733292126661], "k_pid_yaw": [0.5, 1e-06, 0.1], "k_pid_hsp": [0.12709397845631992, 0.0004999138255615682, 0.0], "k_pid_vsp": [238.33882837502273, 155.9589502154446, 1e-06]}, "datetime": {"datetime": "2025-08-20 17:30:16", "elapsed": 20270.574402570724, "delta": 14.981075048446655}, "costs": {"total_cost": 173.01637006949147, "time_cost": 70.872, "final_distance_cost": 1.8379664710638173, "oscillation_cost": 25.417717244932547, "completition_cost": 0.0, "overshoot_cost": 51.25592612696327, "power_cost": 12.031736047363282, "noise_cost": 11.601024179168583, "n_waypoints_completed": 9, "tot_waypoints": 9}}
{"target": -173.41837414580263, "params": {"k_pid_pos": [1.4151796358939923, 0.0, 1.0], "k_pid_alt": [2.0, 0.0, 0.0], "k_pid_att": [30.22021723005795, 0.0001, 0.34361383828737646], "k_pid_yaw": [0.5, 1e-06, 0.1], "k_pid_hsp": [0.13986278105036545, 0.0003317887213423338, 0.0], "k_pid_vsp": [258.1287978227929, 350.04314839499546, 1e-06]}, "datetime": {"datetime": "2025-08-20 17:30:32", "elapsed": 20286.72603750229, "delta": 16.15163493156433}, "costs": {"total_cost": 173.41837414580263, "time_cost": 71.744, "final_distance_cost": 1.842206467887864, "oscillation_cost": 25.351015644931238, "completition_cost": 0.0, "overshoot_cost": 51.114600584642695, "power_cost": 11.830592993164062, "noise_cost": 11.53595845517678, "n_waypoints_completed": 9, "tot_waypoints": 9}}
{"target": -171.90713504697268, "params": {"k_pid_pos": [1.4593204889575582, 0.0, 0.7809894605415758], "k_pid_alt": [2.0, 0.0, 0.0], "k_pid_att": [30.622526225898373, 0.0001, 0.21652125060063185], "k_pid_yaw": [0.5, 1e-06, 0.1], "k_pid_hsp": [0.11470804415785503, 0.000344199755634297, 0.0], "k_pid_vsp": [274.970295802217, 362.15572225187435, 1e-06]}, "datetime": {"datetime": "2025-08-20 17:30:48", "elapsed": 20302.62415575981, "delta": 15.898118257522583}, "costs": {"total_cost": 171.90713504697268, "time_cost": 70.632, "final_distance_cost": 1.8363213804692724, "oscillation_cost": 25.4998297553409, "completition_cost": 0.0, "overshoot_cost": 50.694127825925534, "power_cost": 11.800507812500001, "noise_cost": 11.444348272736985, "n_waypoints_completed": 9, "tot_waypoints": 9}}
{"target": -173.01377162387598, "params": {"k_pid_pos": [1.5120683262562187, 0.0, 0.80507168037181], "k_pid_alt": [2.0, 0.0, 0.0], "k_pid_att": [10.578982756868548, 0.0001, 0.15798869551452327], "k_pid_yaw": [0.5, 1e-06, 0.1], "k_pid_hsp": [0.17321946130673382, 0.00022732896864305178, 0.0], "k_pid_vsp": [272.789276466147, 204.51083088258096, 1e-06]}, "datetime": {"datetime": "2025-08-20 17:31:03", "elapsed": 20317.960628271103, "delta": 15.336472511291504}, "costs": {"total_cost": 173.01377162387598, "time_cost": 70.52, "final_distance_cost": 1.8377696531005918, "oscillation_cost": 26.30855320952269, "completition_cost": 0.0, "overshoot_cost": 50.589972568484555, "power_cost": 12.204696105957032, "noise_cost": 11.552780086811122, "n_waypoints_completed": 9, "tot_waypoints": 9}}
{"target": -172.7557446535438, "params": {"k_pid_pos": [1.478529652361412, 0.0, 0.9190492260667499], "k_pid_alt": [2.0, 0.0, 0.0], "k_pid_att": [23.768574952681785, 0.0001, 0.15468892016867664], "k_pid_yaw": [0.5, 1e-06, 0.1], "k_pid_hsp": [0.11794327058763752, 0.00022176596391518656, 0.0], "k_pid_vsp": [265.98898151891296, 347.9695031425045, 1e-06]}, "datetime": {"datetime": "2025-08-20 17:31:20", "elapsed": 20334.5592315197, "delta": 16.59860324859619}, "costs": {"total_cost": 172.7557446535438, "time_cost": 70.968, "final_distance_cost": 1.8348389428513423, "oscillation_cost": 25.331194204935823, "completition_cost": 0.0, "overshoot_cost": 51.09424157428398, "power_cost": 11.987728747558595, "noise_cost": 11.53974118391402, "n_waypoints_completed": 9, "tot_waypoints": 9}}
{"target": -172.25830267504128, "params": {"k_pid_pos": [1.6174347181282804, 0.0, 0.9591375134667266], "k_pid_alt": [1.9092205855525985, 0.0, 0.0], "k_pid_att": [14.357683088472648, 0.0001, 0.3566550782194626], "k_pid_yaw": [0.5, 1e-06, 0.1], "k_pid_hsp": [0.10848877959016426, 6.753938238222368e-05, 0.0], "k_pid_vsp": [269.10244115663176, 316.065316631745, 1e-06]}, "datetime": {"datetime": "2025-08-20 17:31:35", "elapsed": 20350.302975654602, "delta": 15.743744134902954}, "costs": {"total_cost": 172.25830267504128, "time_cost": 70.52, "final_distance_cost": 1.8280811225801157, "oscillation_cost": 25.622418941949913, "completition_cost": 0.0, "overshoot_cost": 50.88806948477995, "power_cost": 12.047925341796876, "noise_cost": 11.351807783934428, "n_waypoints_completed": 9, "tot_waypoints": 9}}
{"target": -174.58984855076736, "params": {"k_pid_pos": [1.3100553613837076, 0.0, 0.885871025145864], "k_pid_alt": [2.0, 0.0, 0.0], "k_pid_att": [19.863847619081255, 0.0001, 0.0010867878044068802], "k_pid_yaw": [0.5, 1e-06, 0.1], "k_pid_hsp": [0.11661134125770126, 0.00021785355201013365, 0.0], "k_pid_vsp": [278.237669306351, 347.3609421035712, 1e-06]}, "datetime": {"datetime": "2025-08-20 17:31:51", "elapsed": 20366.51938533783, "delta": 16.21640968322754}, "costs": {"total_cost": 174.58984855076736, "time_cost": 71.68, "final_distance_cost": 1.843898768457659, "oscillation_cost": 25.959084220166798, "completition_cost": 0.0, "overshoot_cost": 51.42755987193942, "power_cost": 12.08245623779297, "noise_cost": 11.596849452410474, "n_waypoints_completed": 9, "tot_waypoints": 9}}
{"target": -173.48530468789727, "params": {"k_pid_pos": [1.4088144994173917, 0.0, 0.9171284705538942], "k_pid_alt": [2.0, 0.0, 0.0], "k_pid_att": [7.6944317301670715, 0.0001, 0.26663025716648536], "k_pid_yaw": [0.5, 1e-06, 0.1], "k_pid_hsp": [0.17130093443695504, 0.00043574225597843455, 0.0], "k_pid_vsp": [243.19137313310446, 364.92012568084675, 1e-06]}, "datetime": {"datetime": "2025-08-20 17:32:07", "elapsed": 20382.436881303787, "delta": 15.917495965957642}, "costs": {"total_cost": 173.48530468789727, "time_cost": 71.152, "final_distance_cost": 1.8466624962893678, "oscillation_cost": 25.950308227794082, "completition_cost": 0.0, "overshoot_cost": 50.53784518006849, "power_cost": 12.25499862060547, "noise_cost": 11.743490163139839, "n_waypoints_completed": 9, "tot_waypoints": 9}}
{"target": -173.02834377475378, "params": {"k_pid_pos": [1.4755362374383074, 0.0, 0.7252286533520031], "k_pid_alt": [2.0, 0.0, 0.0], "k_pid_att": [24.360040191981785, 0.0001, 0.33023264341060937], "k_pid_yaw": [0.5, 1e-06, 0.1], "k_pid_hsp": [0.11963296886805909, 9.793135093953176e-05, 0.0], "k_pid_vsp": [256.28983695062556, 337.8715045431957, 1e-06]}, "datetime": {"datetime": "2025-08-20 17:32:23", "elapsed": 20398.165286064148, "delta": 15.728404760360718}, "costs": {"total_cost": 173.02834377475378, "time_cost": 70.456, "final_distance_cost": 1.8300526589857908, "oscillation_cost": 25.936705894868766, "completition_cost": 0.0, "overshoot_cost": 51.66007958110933, "power_cost": 11.87913837890625, "noise_cost": 11.266367260883628, "n_waypoints_completed": 9, "tot_waypoints": 9}}
{"target": -173.44238829896264, "params": {"k_pid_pos": [1.5208746658119148, 0.0, 0.961883715264639], "k_pid_alt": [1.8242458373321748, 0.0, 0.0], "k_pid_att": [14.435295476194604, 0.0001, 0.3202838226542985], "k_pid_yaw": [0.5, 1e-06, 0.1], "k_pid_hsp": [0.15507635083090687, 0.0001632532329173845, 0.0], "k_pid_vsp": [252.7080793352515, 367.0325973467451, 1e-06]}, "datetime": {"datetime": "2025-08-20 17:32:39", "elapsed": 20414.020020008087, "delta": 15.854733943939209}, "costs": {"total_cost": 173.44238829896264, "time_cost": 70.856, "final_distance_cost": 1.8364953497999694, "oscillation_cost": 25.96825939244613, "completition_cost": 0.0, "overshoot_cost": 50.973441768515286, "power_cost": 12.177724243164063, "noise_cost": 11.630467545037199, "n_waypoints_completed": 9, "tot_waypoints": 9}}
{"target": -172.75501876800266, "params": {"k_pid_pos": [1.5079978848827407, 0.0010015492592834298, 0.8915464601252213], "k_pid_alt": [2.0, 0.0, 0.0], "k_pid_att": [20.60785202988996, 0.0001, 0.26167158019273656], "k_pid_yaw": [0.5, 1e-06, 0.1], "k_pid_hsp": [0.11249321015783946, 0.0002468365036621284, 0.0], "k_pid_vsp": [234.3618954318183, 295.2128619536863, 1e-06]}, "datetime": {"datetime": "2025-08-20 17:32:55", "elapsed": 20429.958966255188, "delta": 15.93894624710083}, "costs": {"total_cost": 172.75501876800266, "time_cost": 70.792, "final_distance_cost": 1.8276446245269216, "oscillation_cost": 25.413732937102843, "completition_cost": 0.0, "overshoot_cost": 51.227413463820426, "power_cost": 12.041134033203125, "noise_cost": 11.45309370934932, "n_waypoints_completed": 9, "tot_waypoints": 9}}
{"target": -176.4361699405936, "params": {"k_pid_pos": [1.432803529775744, 0.0, 1.0], "k_pid_alt": [2.0, 0.0, 0.0], "k_pid_att": [39.964469187658466, 0.0001, 0.0], "k_pid_yaw": [0.5, 1e-06, 0.1], "k_pid_hsp": [0.12326965294713409, 0.0014412980088497384, 0.0], "k_pid_vsp": [271.9845080209813, 247.68963706342257, 1e-06]}, "datetime": {"datetime": "2025-08-20 17:33:10", "elapsed": 20445.47106361389, "delta": 15.512097358703613}, "costs": {"total_cost": 176.4361699405936, "time_cost": 71.552, "final_distance_cost": 1.8369917814075452, "oscillation_cost": 28.6030972178712, "completition_cost": 0.0, "overshoot_cost": 51.08770743774568, "power_cost": 11.813806896972658, "noise_cost": 11.542566606596514, "n_waypoints_completed": 9, "tot_waypoints": 9}}
{"target": -173.24187583189183, "params": {"k_pid_pos": [1.4875872544257192, 0.0, 1.0], "k_pid_alt": [2.0, 0.0, 0.0], "k_pid_att": [19.22682623275611, 0.0001, 0.20280329933540836], "k_pid_yaw": [0.5, 1e-06, 0.1], "k_pid_hsp": [0.1258357687308695, 0.0005346358169572515, 0.0], "k_pid_vsp": [314.0089280123913, 178.2091634699657, 1e-06]}, "datetime": {"datetime": "2025-08-20 17:33:26", "elapsed": 20461.454478740692, "delta": 15.983415126800537}, "costs": {"total_cost": 173.24187583189183, "time_cost": 71.312, "final_distance_cost": 1.8382881540882594, "oscillation_cost": 24.999575936502172, "completition_cost": 0.0, "overshoot_cost": 51.05902999579894, "power_cost": 12.241971984863282, "noise_cost": 11.79100976063918, "n_waypoints_completed": 9, "tot_waypoints": 9}}
{"target": -181.49873223360498, "params": {"k_pid_pos": [1.5114080665103355, 0.0, 0.8885985430632393], "k_pid_alt": [2.0, 0.0, 0.0], "k_pid_att": [0.7509630067456818, 0.0001, 0.0], "k_pid_yaw": [0.5, 1e-06, 0.1], "k_pid_hsp": [0.1261631955350933, 0.00010516207368090858, 0.0], "k_pid_vsp": [302.4612798880096, 275.02731063925035, 1e-06]}, "datetime": {"datetime": "2025-08-20 17:33:42", "elapsed": 20476.95458507538, "delta": 15.50010633468628}, "costs": {"total_cost": 181.49873223360498, "time_cost": 70.2, "final_distance_cost": 1.8423465228498583, "oscillation_cost": 34.16093947171447, "completition_cost": 0.0, "overshoot_cost": 51.3356848894178, "power_cost": 12.405917724609376, "noise_cost": 11.553843625013478, "n_waypoints_completed": 9, "tot_waypoints": 9}}
{"target": -172.39385187088894, "params": {"k_pid_pos": [1.4897072358221775, 0.0, 0.8869284932637024], "k_pid_alt": [2.0, 0.0, 0.0], "k_pid_att": [11.751648711709437, 0.0001, 0.2206250153987707], "k_pid_yaw": [0.5, 1e-06, 0.1], "k_pid_hsp": [0.10499368708061199, 0.0001675716852988201, 0.0], "k_pid_vsp": [268.5819307270449, 260.10944924859825, 1e-06]}, "datetime": {"datetime": "2025-08-20 17:33:58", "elapsed": 20492.56602692604, "delta": 15.611441850662231}, "costs": {"total_cost": 172.39385187088894, "time_cost": 70.84, "final_distance_cost": 1.8272747112066225, "oscillation_cost": 25.057830535844104, "completition_cost": 0.0, "overshoot_cost": 51.01342476449608, "power_cost": 12.08452314453125, "noise_cost": 11.570798714810866, "n_waypoints_completed": 9, "tot_waypoints": 9}}
