{"target": -173.12690427349824, "params": {"k_pid_pos": [1.5415814663144278, 0.0, 0.8399406397592926], "k_pid_alt": [2.0, 0.0, 0.0], "k_pid_att": [32.60145309996929, 0.0001, 0.19987531228658195], "k_pid_yaw": [0.5, 1e-06, 0.1], "k_pid_hsp": [0.1940985945287349, 0.0, 0.0], "k_pid_vsp": [277.97310200338353, 243.25060058696442, 1e-06]}, "datetime": {"datetime": "2025-08-20 16:19:25", "elapsed": 16019.742134094238, "delta": 15.250727653503418}, "costs": {"total_cost": 173.12690427349824, "time_cost": 70.60000000000001, "final_distance_cost": 1.8496779319916534, "oscillation_cost": 26.61526729933272, "completition_cost": 0.0, "overshoot_cost": 50.72091122378377, "power_cost": 11.878614184570313, "noise_cost": 11.46243363381975, "n_waypoints_completed": 9, "tot_waypoints": 9}}
{"target": -172.0841040497606, "params": {"k_pid_pos": [1.5837827712380295, 0.0, 0.8892290602395785], "k_pid_alt": [2.0, 0.0, 0.0], "k_pid_att": [11.455656330063048, 0.0001, 0.44607975915550746], "k_pid_yaw": [0.5, 1e-06, 0.1], "k_pid_hsp": [0.12578678691042605, 0.0, 0.0], "k_pid_vsp": [264.2646462453825, 214.7026904632269, 1e-06]}, "datetime": {"datetime": "2025-08-20 16:19:40", "elapsed": 16035.142654418945, "delta": 15.400520324707031}, "costs": {"total_cost": 172.0841040497606, "time_cost": 70.648, "final_distance_cost": 1.828787567314515, "oscillation_cost": 25.47893230712988, "completition_cost": 0.0, "overshoot_cost": 50.749626157729026, "power_cost": 11.972113745117188, "noise_cost": 11.406644272470013, "n_waypoints_completed": 9, "tot_waypoints": 9}}
{"target": -174.7209615672808, "params": {"k_pid_pos": [1.237768037276914, 0.0, 0.9168661306737884], "k_pid_alt": [1.6903910811772858, 0.0, 0.0], "k_pid_att": [10.465081478419002, 0.0001, 0.4944223064722645], "k_pid_yaw": [0.5, 1e-06, 0.1], "k_pid_hsp": [0.0978941769123198, 0.0, 0.0], "k_pid_vsp": [289.3358009602759, 235.60387342843902, 1e-06]}, "datetime": {"datetime": "2025-08-20 16:19:56", "elapsed": 16051.543401956558, "delta": 16.400747537612915}, "costs": {"total_cost": 174.7209615672808, "time_cost": 72.432, "final_distance_cost": 1.8391667038416535, "oscillation_cost": 24.767398941117055, "completition_cost": 0.0, "overshoot_cost": 51.44410560628398, "power_cost": 12.394454333496094, "noise_cost": 11.843835982542007, "n_waypoints_completed": 9, "tot_waypoints": 9}}
{"target": -173.02756840110646, "params": {"k_pid_pos": [1.6095918721540643, 0.0, 0.8549737888043326], "k_pid_alt": [2.0, 0.0, 0.0], "k_pid_att": [18.817476995515744, 0.0001, 0.2977068821240192], "k_pid_yaw": [0.5, 1e-06, 0.1], "k_pid_hsp": [0.10788549643858827, 0.0, 0.0], "k_pid_vsp": [260.1953938043247, 334.750338765729, 1e-06]}, "datetime": {"datetime": "2025-08-20 16:20:12", "elapsed": 16066.750363826752, "delta": 15.206961870193481}, "costs": {"total_cost": 173.02756840110646, "time_cost": 70.456, "final_distance_cost": 1.8149527318726053, "oscillation_cost": 25.919246381087277, "completition_cost": 0.0, "overshoot_cost": 51.17258445057412, "power_cost": 12.246077612304688, "noise_cost": 11.418707225267775, "n_waypoints_completed": 9, "tot_waypoints": 9}}
{"target": -171.9620202184802, "params": {"k_pid_pos": [1.5231384710936127, 0.0, 0.8521574552789821], "k_pid_alt": [2.0, 0.0, 0.0], "k_pid_att": [30.78390600302196, 0.0001, 0.1908398953983296], "k_pid_yaw": [0.5, 1e-06, 0.1], "k_pid_hsp": [0.12411472926557308, 0.0, 0.0], "k_pid_vsp": [250.64114000053627, 202.45665174266338, 1e-06]}, "datetime": {"datetime": "2025-08-20 16:20:27", "elapsed": 16082.444996118546, "delta": 15.694632291793823}, "costs": {"total_cost": 171.9620202184802, "time_cost": 70.776, "final_distance_cost": 1.8381641337909396, "oscillation_cost": 25.409040436807576, "completition_cost": 0.0, "overshoot_cost": 50.96457555228144, "power_cost": 11.72200272216797, "noise_cost": 11.252237373432306, "n_waypoints_completed": 9, "tot_waypoints": 9}}
{"target": -171.97402489593148, "params": {"k_pid_pos": [1.573440824267128, 0.0, 0.9082133367968049], "k_pid_alt": [2.0, 0.0, 0.0], "k_pid_att": [29.269317124874846, 0.0001, 0.2942905813096485], "k_pid_yaw": [0.5, 1e-06, 0.1], "k_pid_hsp": [0.181919592931289, 0.0, 0.0], "k_pid_vsp": [292.3657629544136, 249.34965502214294, 1e-06]}, "datetime": {"datetime": "2025-08-20 16:20:43", "elapsed": 16098.4123544693, "delta": 15.967358350753784}, "costs": {"total_cost": 171.97402489593148, "time_cost": 70.672, "final_distance_cost": 1.8406839384152767, "oscillation_cost": 26.013146282323518, "completition_cost": 0.0, "overshoot_cost": 50.051624043812126, "power_cost": 11.94403603515625, "noise_cost": 11.452534596224323, "n_waypoints_completed": 9, "tot_waypoints": 9}}
{"target": -172.73840299801756, "params": {"k_pid_pos": [1.5380550601838396, 0.0, 0.9117476227160571], "k_pid_alt": [2.0, 0.0, 0.0], "k_pid_att": [35.84799968673144, 0.0001, 0.2224439333402563], "k_pid_yaw": [0.5, 1e-06, 0.1], "k_pid_hsp": [0.15240701703969348, 0.0, 0.0], "k_pid_vsp": [254.58256910429972, 252.72111955346253, 1e-06]}, "datetime": {"datetime": "2025-08-20 16:20:59", "elapsed": 16114.213064670563, "delta": 15.800710201263428}, "costs": {"total_cost": 172.73840299801756, "time_cost": 70.816, "final_distance_cost": 1.8408582003016383, "oscillation_cost": 25.951737013649375, "completition_cost": 0.0, "overshoot_cost": 50.682293909407676, "power_cost": 11.918459399414063, "noise_cost": 11.529054475244813, "n_waypoints_completed": 9, "tot_waypoints": 9}}
{"target": -172.01424453761248, "params": {"k_pid_pos": [1.4995205798225966, 0.0, 0.8483226078086964], "k_pid_alt": [2.0, 0.0, 0.0], "k_pid_att": [24.576233304688834, 0.0001, 0.2567056358364558], "k_pid_yaw": [0.5, 1e-06, 0.1], "k_pid_hsp": [0.14445029385271183, 0.0, 0.0], "k_pid_vsp": [256.3731004118914, 209.66855074836474, 1e-06]}, "datetime": {"datetime": "2025-08-20 16:21:15", "elapsed": 16130.281774997711, "delta": 16.068710327148438}, "costs": {"total_cost": 172.01424453761248, "time_cost": 70.76, "final_distance_cost": 1.8383838303476134, "oscillation_cost": 25.474481717368487, "completition_cost": 0.0, "overshoot_cost": 50.383702331957075, "power_cost": 12.081198754882813, "noise_cost": 11.476477903056482, "n_waypoints_completed": 9, "tot_waypoints": 9}}
{"target": -173.07793387300646, "params": {"k_pid_pos": [1.5453699253274558, 0.0, 0.8784049280111285], "k_pid_alt": [2.0, 0.0, 0.0], "k_pid_att": [28.297362232973114, 0.0001, 0.30312272749532443], "k_pid_yaw": [0.5, 1e-06, 0.1], "k_pid_hsp": [0.07970595960183699, 0.0, 0.0], "k_pid_vsp": [232.818945958989, 237.34814795146656, 1e-06]}, "datetime": {"datetime": "2025-08-20 16:21:31", "elapsed": 16145.881435155869, "delta": 15.599660158157349}, "costs": {"total_cost": 173.07793387300646, "time_cost": 70.784, "final_distance_cost": 1.816778239272498, "oscillation_cost": 24.947945088462085, "completition_cost": 0.0, "overshoot_cost": 52.1583796933309, "power_cost": 11.968050646972657, "noise_cost": 11.402780204968321, "n_waypoints_completed": 9, "tot_waypoints": 9}}
{"target": -172.59816032657932, "params": {"k_pid_pos": [1.5291733045802656, 0.0, 0.7101502314135821], "k_pid_alt": [2.0, 0.0, 0.0], "k_pid_att": [22.832191203897793, 0.0001, 0.2951817167195646], "k_pid_yaw": [0.5, 1e-06, 0.1], "k_pid_hsp": [0.09305336572212629, 0.0, 0.0], "k_pid_vsp": [271.11571089326964, 288.66249497839954, 1e-06]}, "datetime": {"datetime": "2025-08-20 16:21:46", "elapsed": 16161.265516757965, "delta": 15.384081602096558}, "costs": {"total_cost": 172.59816032657932, "time_cost": 70.368, "final_distance_cost": 1.8102800350511814, "oscillation_cost": 25.83203648032388, "completition_cost": 0.0, "overshoot_cost": 51.19744445800063, "power_cost": 12.021506628417969, "noise_cost": 11.36889272478566, "n_waypoints_completed": 9, "tot_waypoints": 9}}
{"target": -171.97204761682335, "params": {"k_pid_pos": [1.5267052311139833, 0.0, 0.7757734191869787], "k_pid_alt": [2.0, 0.0, 0.0], "k_pid_att": [29.631476449178543, 0.0001, 0.2784398432579922], "k_pid_yaw": [0.5, 1e-06, 0.1], "k_pid_hsp": [0.09742735834313163, 0.0, 0.0], "k_pid_vsp": [260.7018179846295, 252.12644563879132, 1e-06]}, "datetime": {"datetime": "2025-08-20 16:22:03", "elapsed": 16177.61628818512, "delta": 16.35077142715454}, "costs": {"total_cost": 171.97204761682335, "time_cost": 70.536, "final_distance_cost": 1.8110622650857822, "oscillation_cost": 25.533909440593877, "completition_cost": 0.0, "overshoot_cost": 50.977518153076126, "power_cost": 11.85844490966797, "noise_cost": 11.255112848399593, "n_waypoints_completed": 9, "tot_waypoints": 9}}
{"target": -174.3689365739258, "params": {"k_pid_pos": [1.5481421303315304, 0.0, 0.8593517737216341], "k_pid_alt": [2.0, 0.0, 0.0], "k_pid_att": [25.964790068863017, 0.0001, 0.26299681174137574], "k_pid_yaw": [0.5, 1e-06, 0.1], "k_pid_hsp": [0.056648938459932276, 0.0, 0.0], "k_pid_vsp": [259.60978318216047, 289.48794823535695, 1e-06]}, "datetime": {"datetime": "2025-08-20 16:22:19", "elapsed": 16193.893803834915, "delta": 16.277515649795532}, "costs": {"total_cost": 174.3689365739258, "time_cost": 72.072, "final_distance_cost": 1.8169522749878055, "oscillation_cost": 23.213243592262685, "completition_cost": 0.0, "overshoot_cost": 53.493614286784435, "power_cost": 12.070119311523438, "noise_cost": 11.703007108367425, "n_waypoints_completed": 9, "tot_waypoints": 9}}
{"target": -171.7770566068008, "params": {"k_pid_pos": [1.4444784694474153, 0.0, 0.8649209546354992], "k_pid_alt": [1.810541749738404, 0.0, 0.0], "k_pid_att": [28.420330116738874, 0.0001, 0.3424470045358166], "k_pid_yaw": [0.5, 1e-06, 0.1], "k_pid_hsp": [0.10571282487799896, 0.0, 0.0], "k_pid_vsp": [230.85439103650702, 236.4118236197088, 1e-06]}, "datetime": {"datetime": "2025-08-20 16:22:34", "elapsed": 16208.967869758606, "delta": 15.074065923690796}, "costs": {"total_cost": 171.7770566068008, "time_cost": 70.76, "final_distance_cost": 1.8404689740661155, "oscillation_cost": 25.098593365125605, "completition_cost": 0.0, "overshoot_cost": 50.7159593144808, "power_cost": 11.899961303710938, "noise_cost": 11.462073649417354, "n_waypoints_completed": 9, "tot_waypoints": 9}}
{"target": -1204.1988136455498, "params": {"k_pid_pos": [1.726209015486202, 0.0, 0.8463879799145059], "k_pid_alt": [2.0, 0.0, 0.0], "k_pid_att": [23.650604622283616, 0.0001, 0.0], "k_pid_yaw": [0.5, 1e-06, 0.1], "k_pid_hsp": [0.0001, 0.0, 0.0], "k_pid_vsp": [263.0889621825215, 256.1692958875489, 1e-06]}, "datetime": {"datetime": "2025-08-20 16:22:56", "elapsed": 16231.452392101288, "delta": 22.484522342681885}, "costs": {"total_cost": 1204.1988136455498, "time_cost": 150, "final_distance_cost": 46.851749940607405, "oscillation_cost": 4.524021427487315, "completition_cost": 888.8888888888888, "overshoot_cost": 83.90848938784326, "power_cost": 15.964970153808595, "noise_cost": 14.060693846914639, "n_waypoints_completed": 1, "tot_waypoints": 9}}
{"target": -172.450910736128, "params": {"k_pid_pos": [1.592814666045213, 0.0, 0.8646315573261861], "k_pid_alt": [2.0, 0.0, 0.0], "k_pid_att": [22.035526118802967, 0.0001, 0.2327596250551535], "k_pid_yaw": [0.5, 1e-06, 0.1], "k_pid_hsp": [0.11625577792031586, 0.0, 0.0], "k_pid_vsp": [263.373197466645, 235.51391768495697, 1e-06]}, "datetime": {"datetime": "2025-08-20 16:23:13", "elapsed": 16247.611383199692, "delta": 16.15899109840393}, "costs": {"total_cost": 172.450910736128, "time_cost": 70.584, "final_distance_cost": 1.8233232696963737, "oscillation_cost": 25.927708682075764, "completition_cost": 0.0, "overshoot_cost": 50.46591714314748, "power_cost": 12.088743212890625, "noise_cost": 11.561218428317767, "n_waypoints_completed": 9, "tot_waypoints": 9}}
{"target": -172.4357756891823, "params": {"k_pid_pos": [1.602351604861123, 0.0, 0.9007688233269462], "k_pid_alt": [2.0, 0.0, 0.0], "k_pid_att": [26.85961644232412, 0.0001, 0.2809644352445778], "k_pid_yaw": [0.5, 1e-06, 0.1], "k_pid_hsp": [0.11424311431027576, 0.0, 0.0], "k_pid_vsp": [257.8449652609952, 256.48853758660067, 1e-06]}, "datetime": {"datetime": "2025-08-20 16:23:28", "elapsed": 16263.071567058563, "delta": 15.46018385887146}, "costs": {"total_cost": 172.4357756891823, "time_cost": 70.672, "final_distance_cost": 1.841629665101256, "oscillation_cost": 25.64667774730922, "completition_cost": 0.0, "overshoot_cost": 50.72647753913254, "power_cost": 12.078619799804688, "noise_cost": 11.470370937834575, "n_waypoints_completed": 9, "tot_waypoints": 9}}
{"target": -172.12218023117296, "params": {"k_pid_pos": [1.4136271517679515, 0.01361938257371596, 0.8399782699079817], "k_pid_alt": [2.0, 0.0, 0.0], "k_pid_att": [32.43096396728005, 0.0001, 0.2568077299987707], "k_pid_yaw": [0.5, 1e-06, 0.1], "k_pid_hsp": [0.10354499812640228, 0.0, 0.0], "k_pid_vsp": [267.9002528975265, 276.51336047766915, 1e-06]}, "datetime": {"datetime": "2025-08-20 16:23:44", "elapsed": 16278.85864686966, "delta": 15.787079811096191}, "costs": {"total_cost": 172.12218023117296, "time_cost": 70.928, "final_distance_cost": 1.830596445454474, "oscillation_cost": 24.920853377975966, "completition_cost": 0.0, "overshoot_cost": 51.10826421399771, "power_cost": 11.89317049560547, "noise_cost": 11.441295698139356, "n_waypoints_completed": 9, "tot_waypoints": 9}}
{"target": -172.9568054703746, "params": {"k_pid_pos": [1.4945295006273918, 0.0, 0.8959944475691174], "k_pid_alt": [1.9721990737344768, 0.0, 0.0], "k_pid_att": [7.8212810541319175, 0.0001, 0.29287973556430125], "k_pid_yaw": [0.5, 1e-06, 0.1], "k_pid_hsp": [0.06407091532394493, 0.0, 0.0], "k_pid_vsp": [202.5983225111099, 310.6195285228435, 1e-06]}, "datetime": {"datetime": "2025-08-20 16:24:00", "elapsed": 16294.872059583664, "delta": 16.013412714004517}, "costs": {"total_cost": 172.9568054703746, "time_cost": 71.568, "final_distance_cost": 1.7906279193557804, "oscillation_cost": 23.946180913882912, "completition_cost": 0.0, "overshoot_cost": 51.88695375901426, "power_cost": 12.087244763183595, "noise_cost": 11.67779811493804, "n_waypoints_completed": 9, "tot_waypoints": 9}}
{"target": -172.98951200056936, "params": {"k_pid_pos": [1.5144084978794032, 0.0, 0.8431002722375334], "k_pid_alt": [2.0, 0.0, 0.0], "k_pid_att": [30.234687904092432, 0.0001, 0.27157746518911713], "k_pid_yaw": [0.5, 1e-06, 0.1], "k_pid_hsp": [0.0980428986325361, 0.0, 0.0], "k_pid_vsp": [268.3198764500934, 259.92788177191056, 1e-06]}, "datetime": {"datetime": "2025-08-20 16:24:15", "elapsed": 16310.15624332428, "delta": 15.284183740615845}, "costs": {"total_cost": 172.98951200056936, "time_cost": 70.736, "final_distance_cost": 1.818455950140233, "oscillation_cost": 25.31887869657812, "completition_cost": 0.0, "overshoot_cost": 51.69858482045152, "power_cost": 12.045395666503907, "noise_cost": 11.372196866895573, "n_waypoints_completed": 9, "tot_waypoints": 9}}
{"target": -173.14525970918118, "params": {"k_pid_pos": [1.6237265333903674, 0.0, 0.875642259193801], "k_pid_alt": [2.0, 0.0, 0.0], "k_pid_att": [31.65484884114039, 0.0001, 0.14387323484963632], "k_pid_yaw": [0.5, 1e-06, 0.1], "k_pid_hsp": [0.115125537279577, 0.0, 0.0], "k_pid_vsp": [271.7714660060295, 249.08452600378607, 1e-06]}, "datetime": {"datetime": "2025-08-20 16:24:31", "elapsed": 16325.840165376663, "delta": 15.683922052383423}, "costs": {"total_cost": 173.14525970918118, "time_cost": 70.57600000000001, "final_distance_cost": 1.8181835112792255, "oscillation_cost": 26.242950504510596, "completition_cost": 0.0, "overshoot_cost": 50.997430397790396, "power_cost": 12.014207067871094, "noise_cost": 11.496488227729868, "n_waypoints_completed": 9, "tot_waypoints": 9}}
{"target": -540.7419886998925, "params": {"k_pid_pos": [1.5318408433863275, 0.0, 1.0], "k_pid_alt": [2.0, 0.0, 0.0], "k_pid_att": [58.91643496469834, 0.0001, 0.26159740405946613], "k_pid_yaw": [0.5, 1e-06, 0.1], "k_pid_hsp": [0.01632160173913977, 1.3876869471683923e-06, 0.0], "k_pid_vsp": [236.72624173762716, 269.34266845363345, 1e-06]}, "datetime": {"datetime": "2025-08-20 16:24:54", "elapsed": 16349.341384887695, "delta": 23.501219511032104}, "costs": {"total_cost": 540.7419886998925, "time_cost": 150, "final_distance_cost": 68.739668065768, "oscillation_cost": 9.398158550331301, "completition_cost": 222.2222222222222, "overshoot_cost": 62.306981847159136, "power_cost": 14.660687548828125, "noise_cost": 13.414270465583742, "n_waypoints_completed": 7, "tot_waypoints": 9}}
{"target": -172.42710056804356, "params": {"k_pid_pos": [1.4959616238641722, 0.0, 0.8810523119031111], "k_pid_alt": [2.0, 0.0, 0.0], "k_pid_att": [12.993189380917013, 0.0001, 0.20479718886724538], "k_pid_yaw": [0.5, 1e-06, 0.1], "k_pid_hsp": [0.13570604706523928, 0.0, 0.0], "k_pid_vsp": [245.59373852008136, 280.8473642798548, 1e-06]}, "datetime": {"datetime": "2025-08-20 16:25:12", "elapsed": 16367.078269004822, "delta": 17.736884117126465}, "costs": {"total_cost": 172.42710056804356, "time_cost": 70.784, "final_distance_cost": 1.84546200205041, "oscillation_cost": 25.54901887447188, "completition_cost": 0.0, "overshoot_cost": 50.47958855540459, "power_cost": 12.256790405273438, "noise_cost": 11.512240730843226, "n_waypoints_completed": 9, "tot_waypoints": 9}}
{"target": -172.5616000086236, "params": {"k_pid_pos": [1.5711819783889809, 0.0, 0.8596338492506387], "k_pid_alt": [2.0, 0.0, 0.0], "k_pid_att": [22.312282894948563, 0.0001, 0.27268558309858965], "k_pid_yaw": [0.5, 1e-06, 0.1], "k_pid_hsp": [0.12028821966509871, 0.0, 0.0], "k_pid_vsp": [253.89800816993005, 283.9562278228123, 1e-06]}, "datetime": {"datetime": "2025-08-20 16:25:27", "elapsed": 16382.119515180588, "delta": 15.041246175765991}, "costs": {"total_cost": 172.5616000086236, "time_cost": 70.592, "final_distance_cost": 1.840264021614427, "oscillation_cost": 25.826690485043017, "completition_cost": 0.0, "overshoot_cost": 50.4846209722733, "power_cost": 12.22638250732422, "noise_cost": 11.591642022368626, "n_waypoints_completed": 9, "tot_waypoints": 9}}
{"target": -172.79016790112263, "params": {"k_pid_pos": [1.54324625464798, 0.0, 0.8778115020826986], "k_pid_alt": [2.0, 0.0, 0.0], "k_pid_att": [18.75435277864923, 0.0001, 0.2806538243873328], "k_pid_yaw": [0.5, 1e-06, 0.1], "k_pid_hsp": [0.11780944990704947, 0.0, 0.0], "k_pid_vsp": [260.3696861906799, 200.3351291850703, 1e-06]}, "datetime": {"datetime": "2025-08-20 16:25:43", "elapsed": 16397.70956969261, "delta": 15.590054512023926}, "costs": {"total_cost": 172.79016790112263, "time_cost": 70.768, "final_distance_cost": 1.8303040513863984, "oscillation_cost": 25.330267378805047, "completition_cost": 0.0, "overshoot_cost": 51.096420180511366, "power_cost": 12.207283276367187, "noise_cost": 11.557893014052636, "n_waypoints_completed": 9, "tot_waypoints": 9}}
{"target": -172.75246969609898, "params": {"k_pid_pos": [1.5540056212071467, 0.0, 0.9087945285409815], "k_pid_alt": [2.0, 0.0, 0.0], "k_pid_att": [28.735869447814615, 0.0001, 0.2541937220493521], "k_pid_yaw": [0.5, 1e-06, 0.1], "k_pid_hsp": [0.11263726517455111, 0.0, 0.0], "k_pid_vsp": [290.57096264343113, 257.83641593635696, 1e-06]}, "datetime": {"datetime": "2025-08-20 16:25:59", "elapsed": 16413.797833919525, "delta": 16.088264226913452}, "costs": {"total_cost": 172.75246969609898, "time_cost": 70.808, "final_distance_cost": 1.8358387724605185, "oscillation_cost": 25.267065060300848, "completition_cost": 0.0, "overshoot_cost": 51.31495150087644, "power_cost": 12.007147253417969, "noise_cost": 11.519467109043193, "n_waypoints_completed": 9, "tot_waypoints": 9}}
{"target": -172.07920839500164, "params": {"k_pid_pos": [1.5455363359670062, 0.0, 0.8640305185871963], "k_pid_alt": [2.0, 0.0, 0.0], "k_pid_att": [15.67193810154774, 0.0001, 0.26338604566925977], "k_pid_yaw": [0.5, 1e-06, 0.1], "k_pid_hsp": [0.11464977892884332, 0.0, 0.0], "k_pid_vsp": [259.596635663239, 226.75134581450249, 1e-06]}, "datetime": {"datetime": "2025-08-20 16:26:14", "elapsed": 16428.959080457687, "delta": 15.161246538162231}, "costs": {"total_cost": 172.07920839500164, "time_cost": 70.68, "final_distance_cost": 1.8245333510712805, "oscillation_cost": 25.292224435203572, "completition_cost": 0.0, "overshoot_cost": 50.75944675936966, "power_cost": 12.072709643554688, "noise_cost": 11.450294205802415, "n_waypoints_completed": 9, "tot_waypoints": 9}}
{"target": -172.19642196437513, "params": {"k_pid_pos": [1.5466018067069867, 0.0, 0.8917791095403255], "k_pid_alt": [2.0, 0.0, 0.0], "k_pid_att": [24.33196499166488, 0.0001, 0.26422715080481396], "k_pid_yaw": [0.5, 1e-06, 0.1], "k_pid_hsp": [0.13415923134795968, 0.0, 0.0], "k_pid_vsp": [260.4796171384278, 232.08113510599162, 1e-06]}, "datetime": {"datetime": "2025-08-20 16:26:30", "elapsed": 16444.75537133217, "delta": 15.796290874481201}, "costs": {"total_cost": 172.19642196437513, "time_cost": 70.768, "final_distance_cost": 1.8439163526699756, "oscillation_cost": 25.522096355451993, "completition_cost": 0.0, "overshoot_cost": 50.56810644382995, "power_cost": 12.060619616699219, "noise_cost": 11.43368319572396, "n_waypoints_completed": 9, "tot_waypoints": 9}}
{"target": -172.47242342048588, "params": {"k_pid_pos": [1.5223221458314138, 0.0, 0.8691218524784322], "k_pid_alt": [2.0, 0.0, 0.0], "k_pid_att": [26.065424972372085, 0.0001, 0.2714195208683215], "k_pid_yaw": [0.5, 1e-06, 0.1], "k_pid_hsp": [0.14246033857545426, 0.0, 0.0], "k_pid_vsp": [257.76946472212796, 263.7199719136236, 1e-06]}, "datetime": {"datetime": "2025-08-20 16:26:45", "elapsed": 16460.181215524673, "delta": 15.425844192504883}, "costs": {"total_cost": 172.47242342048588, "time_cost": 70.752, "final_distance_cost": 1.831860926516041, "oscillation_cost": 25.4677439787471, "completition_cost": 0.0, "overshoot_cost": 50.63954012801617, "power_cost": 12.219705444335938, "noise_cost": 11.561572942870642, "n_waypoints_completed": 9, "tot_waypoints": 9}}
