{"target": -172.61983539448286, "params": {"k_pid_pos": [1.6577824653032973, 0.0, 0.9907328992924781], "k_pid_alt": [2.0, 0.0, 0.0], "k_pid_att": [35.407816789724535, 0.0001, 0.291224873700441], "k_pid_yaw": [0.5, 1e-06, 0.1], "k_pid_hsp": [0.1284717852133283, 5.2145566562904525e-05, 0.0], "k_pid_vsp": [245.24769319196383, 382.6905776541144, 1e-06]}, "datetime": {"datetime": "2025-08-20 15:01:53", "elapsed": 11367.72582936287, "delta": 16.118269443511963}, "costs": {"total_cost": 172.61983539448286, "time_cost": 70.688, "final_distance_cost": 1.8331209399091206, "oscillation_cost": 26.14628361657253, "completition_cost": 0.0, "overshoot_cost": 50.42020773656308, "power_cost": 12.033028430175781, "noise_cost": 11.499194671262329, "n_waypoints_completed": 9, "tot_waypoints": 9}}
{"target": -173.94617018144123, "params": {"k_pid_pos": [1.7394992919485939, 0.0, 0.9109635245548477], "k_pid_alt": [2.0, 0.0, 0.0], "k_pid_att": [31.12249230903251, 0.0001, 0.18696060320791927], "k_pid_yaw": [0.5, 1e-06, 0.1], "k_pid_hsp": [0.12075529135191551, 0.0006642123915045226, 0.0], "k_pid_vsp": [311.67097378590773, 247.10989988201433, 1e-06]}, "datetime": {"datetime": "2025-08-20 15:02:09", "elapsed": 11384.55684041977, "delta": 16.831011056900024}, "costs": {"total_cost": 173.94617018144123, "time_cost": 70.392, "final_distance_cost": 1.8262508120155074, "oscillation_cost": 26.769986654952802, "completition_cost": 0.0, "overshoot_cost": 51.16114512426854, "power_cost": 12.2566220703125, "noise_cost": 11.540165519891893, "n_waypoints_completed": 9, "tot_waypoints": 9}}
{"target": -175.93646797458666, "params": {"k_pid_pos": [1.6110923239524537, 0.0, 0.872869441725693], "k_pid_alt": [1.9749772634786877, 0.0, 0.0], "k_pid_att": [57.663829494591695, 0.0001, 0.24783557678956453], "k_pid_yaw": [0.5, 1e-06, 0.1], "k_pid_hsp": [0.22393514568607703, 0.0, 0.0], "k_pid_vsp": [241.18886624520087, 69.51859351764145, 1e-06]}, "datetime": {"datetime": "2025-08-20 15:02:26", "elapsed": 11401.140936136246, "delta": 16.58409571647644}, "costs": {"total_cost": 175.93646797458666, "time_cost": 70.744, "final_distance_cost": 1.8398330193743286, "oscillation_cost": 28.512710543491085, "completition_cost": 0.0, "overshoot_cost": 50.84308380779973, "power_cost": 12.301829809570313, "noise_cost": 11.695010794351234, "n_waypoints_completed": 9, "tot_waypoints": 9}}
{"target": -172.81136544402273, "params": {"k_pid_pos": [1.5531646479855168, 0.0, 0.7378716225115411], "k_pid_alt": [1.8951219092483587, 0.0, 0.0], "k_pid_att": [42.64783328572028, 0.0001, 0.19701580977145466], "k_pid_yaw": [0.5, 1e-06, 0.1], "k_pid_hsp": [0.08439363012919746, 0.0, 0.0], "k_pid_vsp": [267.4029144672852, 341.7825084632441, 1e-06]}, "datetime": {"datetime": "2025-08-20 15:02:43", "elapsed": 11417.598987817764, "delta": 16.458051681518555}, "costs": {"total_cost": 172.81136544402273, "time_cost": 70.328, "final_distance_cost": 1.7978625800082475, "oscillation_cost": 26.382813809233365, "completition_cost": 0.0, "overshoot_cost": 51.11835643673632, "power_cost": 11.857588122558594, "noise_cost": 11.32674449548619, "n_waypoints_completed": 9, "tot_waypoints": 9}}
{"target": -172.66163023221904, "params": {"k_pid_pos": [1.3610206728328111, 0.0, 0.7477993111216152], "k_pid_alt": [2.0, 0.0, 0.0], "k_pid_att": [44.74973223403993, 0.0001, 0.32767099753457773], "k_pid_yaw": [0.5, 1e-06, 0.1], "k_pid_hsp": [0.07388014152780384, 0.0, 0.0], "k_pid_vsp": [230.97103309387688, 240.57194376836787, 1e-06]}, "datetime": {"datetime": "2025-08-20 15:03:00", "elapsed": 11434.576113700867, "delta": 16.977125883102417}, "costs": {"total_cost": 172.66163023221904, "time_cost": 71.184, "final_distance_cost": 1.8100577087380123, "oscillation_cost": 24.45210469217152, "completition_cost": 0.0, "overshoot_cost": 52.0955638219909, "power_cost": 11.708463879394532, "noise_cost": 11.411440129924074, "n_waypoints_completed": 9, "tot_waypoints": 9}}
{"target": -173.30534353813613, "params": {"k_pid_pos": [1.457741270700733, 0.0, 0.8664706505400708], "k_pid_alt": [1.9063036391820696, 0.0, 0.0], "k_pid_att": [36.08327965901522, 0.0001, 0.24237681757388213], "k_pid_yaw": [0.5, 1e-06, 0.1], "k_pid_hsp": [0.08477983671079699, 0.00011315739783765042, 0.0], "k_pid_vsp": [264.229849962277, 223.13212904643564, 1e-06]}, "datetime": {"datetime": "2025-08-20 15:03:17", "elapsed": 11451.826949834824, "delta": 17.25083613395691}, "costs": {"total_cost": 173.30534353813613, "time_cost": 70.848, "final_distance_cost": 1.826247273104165, "oscillation_cost": 24.91678348781879, "completition_cost": 0.0, "overshoot_cost": 52.05943123095389, "power_cost": 12.038651965332031, "noise_cost": 11.616229580927238, "n_waypoints_completed": 9, "tot_waypoints": 9}}
{"target": -1193.6795775813673, "params": {"k_pid_pos": [1.3215919927798294, 0.0, 0.7541161258286793], "k_pid_alt": [1.0289887119813281, 0.0, 0.0], "k_pid_att": [52.20102761562089, 0.0001, 0.6168585198984767], "k_pid_yaw": [0.5, 1e-06, 0.1], "k_pid_hsp": [0.0001, 0.0, 0.0], "k_pid_vsp": [228.6620553646926, 257.4912032771421, 1e-06]}, "datetime": {"datetime": "2025-08-20 15:03:41", "elapsed": 11476.032810688019, "delta": 24.20586085319519}, "costs": {"total_cost": 1193.6795775813673, "time_cost": 150, "final_distance_cost": 46.51710060043077, "oscillation_cost": 0.004401522338383855, "completition_cost": 888.8888888888888, "overshoot_cost": 82.54040969653143, "power_cost": 12.797615600585939, "noise_cost": 12.931161272591947, "n_waypoints_completed": 1, "tot_waypoints": 9}}
{"target": -173.16954379148618, "params": {"k_pid_pos": [1.4537393478749963, 0.0, 0.7917644303170104], "k_pid_alt": [1.673697051109377, 0.0, 0.0], "k_pid_att": [43.4374978878087, 0.0001, 0.25075808003915256], "k_pid_yaw": [0.5, 1e-06, 0.1], "k_pid_hsp": [0.16144585048873827, 0.0, 0.0], "k_pid_vsp": [285.39349548747117, 365.1685921507657, 1e-06]}, "datetime": {"datetime": "2025-08-20 15:03:58", "elapsed": 11492.995594263077, "delta": 16.962783575057983}, "costs": {"total_cost": 173.16954379148618, "time_cost": 70.464, "final_distance_cost": 1.8316506922665465, "oscillation_cost": 26.54545243518897, "completition_cost": 0.0, "overshoot_cost": 50.45176081549802, "power_cost": 12.239538476562501, "noise_cost": 11.637141371970133, "n_waypoints_completed": 9, "tot_waypoints": 9}}
{"target": -173.14516769403815, "params": {"k_pid_pos": [1.7235256550711304, 0.0, 0.9326032749243565], "k_pid_alt": [1.9441477790316766, 0.0, 0.0], "k_pid_att": [58.7831345993804, 0.0001, 0.6480558286765759], "k_pid_yaw": [0.5, 1e-06, 0.1], "k_pid_hsp": [0.12004472664670879, 0.0, 0.0], "k_pid_vsp": [268.7403884250218, 260.6415676098078, 1e-06]}, "datetime": {"datetime": "2025-08-20 15:04:14", "elapsed": 11509.472693443298, "delta": 16.477099180221558}, "costs": {"total_cost": 173.14516769403815, "time_cost": 70.44800000000001, "final_distance_cost": 1.8278921593250248, "oscillation_cost": 26.097100817836985, "completition_cost": 0.0, "overshoot_cost": 51.50925656440848, "power_cost": 11.900366845703125, "noise_cost": 11.362551306764503, "n_waypoints_completed": 9, "tot_waypoints": 9}}
{"target": -175.30367132709927, "params": {"k_pid_pos": [1.4542245593035519, 0.0, 0.7668633902357028], "k_pid_alt": [2.0, 0.0, 0.0], "k_pid_att": [69.85694787881532, 0.0001, 0.27554236324928905], "k_pid_yaw": [0.5, 1e-06, 0.1], "k_pid_hsp": [0.05810561109220551, 0.0, 0.0], "k_pid_vsp": [279.5389881468553, 272.66102910272895, 1e-06]}, "datetime": {"datetime": "2025-08-20 15:04:31", "elapsed": 11525.629877567291, "delta": 16.15718412399292}, "costs": {"total_cost": 175.30367132709927, "time_cost": 72.08800000000001, "final_distance_cost": 1.8161037569570788, "oscillation_cost": 23.94646836279384, "completition_cost": 0.0, "overshoot_cost": 53.47547739850209, "power_cost": 12.2174142578125, "noise_cost": 11.760207551033778, "n_waypoints_completed": 9, "tot_waypoints": 9}}
{"target": -174.33661894718824, "params": {"k_pid_pos": [1.6534452464674434, 0.0, 0.666615994645813], "k_pid_alt": [2.0, 0.0, 0.0], "k_pid_att": [41.739692065856914, 0.0001, 0.2975175421970202], "k_pid_yaw": [0.5, 1e-06, 0.1], "k_pid_hsp": [0.15023977355870283, 0.0, 0.0], "k_pid_vsp": [268.57832357156104, 256.8352404814743, 1e-06]}, "datetime": {"datetime": "2025-08-20 15:04:47", "elapsed": 11542.16473865509, "delta": 16.534861087799072}, "costs": {"total_cost": 174.33661894718824, "time_cost": 70.08800000000001, "final_distance_cost": 1.8238183121745237, "oscillation_cost": 27.553999199506052, "completition_cost": 0.0, "overshoot_cost": 51.118492118498956, "power_cost": 12.26173328857422, "noise_cost": 11.49057602843447, "n_waypoints_completed": 9, "tot_waypoints": 9}}
{"target": -172.1466090372725, "params": {"k_pid_pos": [1.5184017690232863, 0.0, 0.9131163667323963], "k_pid_alt": [1.8571538530232576, 0.0, 0.0], "k_pid_att": [25.52314130288525, 0.0001, 0.3157807325647776], "k_pid_yaw": [0.5, 1e-06, 0.1], "k_pid_hsp": [0.1120230644532134, 0.0, 0.0], "k_pid_vsp": [241.5792523886618, 269.85065189324916, 1e-06]}, "datetime": {"datetime": "2025-08-20 15:05:04", "elapsed": 11559.217375993729, "delta": 17.052637338638306}, "costs": {"total_cost": 172.1466090372725, "time_cost": 70.72, "final_distance_cost": 1.8311418873993235, "oscillation_cost": 25.25194042475244, "completition_cost": 0.0, "overshoot_cost": 50.86668534676248, "power_cost": 12.042286218261719, "noise_cost": 11.434555160096544, "n_waypoints_completed": 9, "tot_waypoints": 9}}
{"target": -176.05096682717684, "params": {"k_pid_pos": [1.440040877712942, 0.0, 0.8886717209462286], "k_pid_alt": [1.8399820980760517, 0.0, 0.0], "k_pid_att": [42.391400449479825, 0.0001, 0.4440811562076051], "k_pid_yaw": [0.5, 1e-06, 0.1], "k_pid_hsp": [0.0435262294079516, 0.0, 0.0], "k_pid_vsp": [247.10371755849297, 224.8543306583583, 1e-06]}, "datetime": {"datetime": "2025-08-20 15:05:22", "elapsed": 11577.382981300354, "delta": 18.165605306625366}, "costs": {"total_cost": 176.05096682717684, "time_cost": 74.872, "final_distance_cost": 1.7633869629722587, "oscillation_cost": 19.962026704113747, "completition_cost": 0.0, "overshoot_cost": 55.68401877800501, "power_cost": 11.847434399414063, "noise_cost": 11.922099982671778, "n_waypoints_completed": 9, "tot_waypoints": 9}}
{"target": -172.3479852706831, "params": {"k_pid_pos": [1.4859240279049843, 0.006868125971910019, 0.8188091665071721], "k_pid_alt": [2.0, 0.0, 0.0], "k_pid_att": [50.717906990248956, 0.0001, 0.30687394748601526], "k_pid_yaw": [0.5, 1e-06, 0.1], "k_pid_hsp": [0.18360314407955253, 0.0, 0.0], "k_pid_vsp": [234.20583377467537, 284.63052043560134, 1e-06]}, "datetime": {"datetime": "2025-08-20 15:05:38", "elapsed": 11593.30057811737, "delta": 15.917596817016602}, "costs": {"total_cost": 172.3479852706831, "time_cost": 70.688, "final_distance_cost": 1.8457154383180547, "oscillation_cost": 26.22288286783451, "completition_cost": 0.0, "overshoot_cost": 50.20109968645224, "power_cost": 11.897612622070312, "noise_cost": 11.492674656007987, "n_waypoints_completed": 9, "tot_waypoints": 9}}
{"target": -173.0522240753114, "params": {"k_pid_pos": [1.5576743978415737, 0.0, 0.8297957568075155], "k_pid_alt": [2.0, 0.0, 0.0], "k_pid_att": [35.45498822521138, 0.0001, 0.17287574300194414], "k_pid_yaw": [0.5, 1e-06, 0.1], "k_pid_hsp": [0.1011188641566264, 0.0038835363297521704, 0.0], "k_pid_vsp": [265.5866581558506, 271.6481480727642, 1e-06]}, "datetime": {"datetime": "2025-08-20 15:05:54", "elapsed": 11608.98528957367, "delta": 15.684711456298828}, "costs": {"total_cost": 173.0522240753114, "time_cost": 70.34400000000001, "final_distance_cost": 1.8202193279464556, "oscillation_cost": 26.113545437860378, "completition_cost": 0.0, "overshoot_cost": 51.404832940019915, "power_cost": 11.959266284179687, "noise_cost": 11.410360085304934, "n_waypoints_completed": 9, "tot_waypoints": 9}}
{"target": -177.26556112068155, "params": {"k_pid_pos": [1.5953774894728876, 0.0, 0.7818470598283674], "k_pid_alt": [2.0, 0.0, 0.0], "k_pid_att": [32.63564059233924, 0.0001, 0.19894834015726076], "k_pid_yaw": [0.5, 1e-06, 0.1], "k_pid_hsp": [0.4455867415359245, 0.0, 0.0], "k_pid_vsp": [319.6540726032971, 46.9033017705555, 1e-06]}, "datetime": {"datetime": "2025-08-20 15:06:12", "elapsed": 11627.40689778328, "delta": 18.421608209609985}, "costs": {"total_cost": 177.26556112068155, "time_cost": 70.776, "final_distance_cost": 1.8408280745810492, "oscillation_cost": 29.523822295762805, "completition_cost": 0.0, "overshoot_cost": 50.50281811925363, "power_cost": 12.693942333984376, "noise_cost": 11.928150297099718, "n_waypoints_completed": 9, "tot_waypoints": 9}}
{"target": -172.0029168853417, "params": {"k_pid_pos": [1.5478366460976642, 0.0, 0.8868333813109988], "k_pid_alt": [2.0, 0.0, 0.0], "k_pid_att": [45.532162361293004, 0.0001, 0.24886069545117018], "k_pid_yaw": [0.5, 1e-06, 0.1], "k_pid_hsp": [0.15474183812561176, 0.0, 0.0], "k_pid_vsp": [258.7902944493143, 271.5952280362663, 1e-06]}, "datetime": {"datetime": "2025-08-20 15:06:30", "elapsed": 11644.854561328888, "delta": 17.44766354560852}, "costs": {"total_cost": 172.0029168853417, "time_cost": 70.76, "final_distance_cost": 1.8437401463691772, "oscillation_cost": 25.965788622322375, "completition_cost": 0.0, "overshoot_cost": 50.440264402017384, "power_cost": 11.681610021972658, "noise_cost": 11.311513692660098, "n_waypoints_completed": 9, "tot_waypoints": 9}}
{"target": -178.19515309667327, "params": {"k_pid_pos": [1.5641622323398998, 0.0, 0.9493745033297685], "k_pid_alt": [2.0, 0.0, 0.0], "k_pid_att": [41.22096884360291, 0.0001, 0.23630351172166333], "k_pid_yaw": [0.5, 1e-06, 0.1], "k_pid_hsp": [0.03977335423615866, 0.0, 0.0], "k_pid_vsp": [269.6505937418458, 257.60821608244527, 1e-06]}, "datetime": {"datetime": "2025-08-20 15:06:47", "elapsed": 11661.851403474808, "delta": 16.9968421459198}, "costs": {"total_cost": 178.19515309667327, "time_cost": 75.864, "final_distance_cost": 1.8056256702293931, "oscillation_cost": 19.34414441229336, "completition_cost": 0.0, "overshoot_cost": 57.03005096470607, "power_cost": 12.022999487304688, "noise_cost": 12.128332562139734, "n_waypoints_completed": 9, "tot_waypoints": 9}}
{"target": -171.9299662804334, "params": {"k_pid_pos": [1.55331457177777, 0.0, 0.8734563636144668], "k_pid_alt": [2.0, 0.0, 0.0], "k_pid_att": [35.22921764935611, 0.0001, 0.2147890953802209], "k_pid_yaw": [0.5, 1e-06, 0.1], "k_pid_hsp": [0.09485053339322083, 0.0, 0.0], "k_pid_vsp": [236.47410213000782, 230.5505631779288, 1e-06]}, "datetime": {"datetime": "2025-08-20 15:07:04", "elapsed": 11679.226516246796, "delta": 17.375112771987915}, "costs": {"total_cost": 171.9299662804334, "time_cost": 70.8, "final_distance_cost": 1.8157542958948416, "oscillation_cost": 25.14456469374299, "completition_cost": 0.0, "overshoot_cost": 51.337404054389516, "power_cost": 11.521892785644532, "noise_cost": 11.310350450761531, "n_waypoints_completed": 9, "tot_waypoints": 9}}
{"target": -172.32314764983428, "params": {"k_pid_pos": [1.436374133018719, 0.0, 0.7040497744930978], "k_pid_alt": [2.0, 0.0, 0.0], "k_pid_att": [41.68609373526219, 0.0001, 0.431277158164316], "k_pid_yaw": [0.5, 1e-06, 0.1], "k_pid_hsp": [0.08471450251218791, 0.0, 0.0], "k_pid_vsp": [218.62785997435887, 238.0306941306004, 1e-06]}, "datetime": {"datetime": "2025-08-20 15:07:20", "elapsed": 11694.97831439972, "delta": 15.751798152923584}, "costs": {"total_cost": 172.32314764983428, "time_cost": 70.648, "final_distance_cost": 1.7991478379676664, "oscillation_cost": 25.249437354909986, "completition_cost": 0.0, "overshoot_cost": 51.18826664304876, "power_cost": 12.010822717285157, "noise_cost": 11.427473096622723, "n_waypoints_completed": 9, "tot_waypoints": 9}}
{"target": -171.9409214704348, "params": {"k_pid_pos": [1.5235054486895, 0.0, 0.8255380479283522], "k_pid_alt": [2.0, 0.0, 0.0], "k_pid_att": [38.87122830264032, 0.0001, 0.23923805629175465], "k_pid_yaw": [0.5, 1e-06, 0.1], "k_pid_hsp": [0.09068692710846422, 0.0, 0.0], "k_pid_vsp": [267.9152058663834, 260.53543755074486, 1e-06]}, "datetime": {"datetime": "2025-08-20 15:07:36", "elapsed": 11710.910508155823, "delta": 15.932193756103516}, "costs": {"total_cost": 171.9409214704348, "time_cost": 70.744, "final_distance_cost": 1.818031717915229, "oscillation_cost": 25.05491723298388, "completition_cost": 0.0, "overshoot_cost": 51.25415779937214, "power_cost": 11.781287817382813, "noise_cost": 11.28852690278075, "n_waypoints_completed": 9, "tot_waypoints": 9}}
{"target": -173.31514552994102, "params": {"k_pid_pos": [1.2363808282228974, 0.0, 0.738894671732751], "k_pid_alt": [1.5004827968986614, 0.0, 0.0], "k_pid_att": [43.74192187238336, 0.0001, 0.41332032105934724], "k_pid_yaw": [0.5, 1e-06, 0.1], "k_pid_hsp": [0.13263417101929187, 0.0, 0.0], "k_pid_vsp": [294.195984774899, 86.08102010121796, 1e-06]}, "datetime": {"datetime": "2025-08-20 15:07:52", "elapsed": 11727.523995399475, "delta": 16.613487243652344}, "costs": {"total_cost": 173.31514552994102, "time_cost": 71.64, "final_distance_cost": 1.8450466634292646, "oscillation_cost": 25.240443186980244, "completition_cost": 0.0, "overshoot_cost": 50.8183475362292, "power_cost": 11.992024133300783, "noise_cost": 11.77928401000152, "n_waypoints_completed": 9, "tot_waypoints": 9}}
{"target": -198.80676206101452, "params": {"k_pid_pos": [1.3881677402796027, 0.0, 0.7744029531613235], "k_pid_alt": [2.0, 0.0, 0.0], "k_pid_att": [48.318174545594935, 0.0001, 0.49752586596710147], "k_pid_yaw": [0.5, 1e-06, 0.1], "k_pid_hsp": [0.029913694018447082, 0.0, 0.0], "k_pid_vsp": [235.40436028463478, 242.2548757337631, 1e-06]}, "datetime": {"datetime": "2025-08-20 15:08:15", "elapsed": 11750.398101568222, "delta": 22.87410616874695}, "costs": {"total_cost": 198.80676206101452, "time_cost": 90.352, "final_distance_cost": 1.7929794325607011, "oscillation_cost": 15.943494144941438, "completition_cost": 0.0, "overshoot_cost": 61.94504551337689, "power_cost": 14.399696191406251, "noise_cost": 14.37354677872924, "n_waypoints_completed": 9, "tot_waypoints": 9}}
{"target": -1195.1767556212906, "params": {"k_pid_pos": [1.650712208514855, 0.0, 0.8428171059098557], "k_pid_alt": [1.8979822913371263, 0.0, 0.0], "k_pid_att": [57.50772968515499, 0.0001, 0.5010874834472746], "k_pid_yaw": [0.5, 1e-06, 0.1], "k_pid_hsp": [0.0001, 0.0, 0.0], "k_pid_vsp": [295.8584010652683, 213.98682812976816, 1e-06]}, "datetime": {"datetime": "2025-08-20 15:08:40", "elapsed": 11775.0956594944, "delta": 24.69755792617798}, "costs": {"total_cost": 1195.1767556212906, "time_cost": 150, "final_distance_cost": 46.76249409407064, "oscillation_cost": 0.004762155500060795, "completition_cost": 888.8888888888888, "overshoot_cost": 83.82427346556142, "power_cost": 12.790600817871095, "noise_cost": 12.905736199398493, "n_waypoints_completed": 1, "tot_waypoints": 9}}
{"target": -384.2537236199813, "params": {"k_pid_pos": [1.55774468476381, 0.0, 0.895770413990697], "k_pid_alt": [2.0, 0.0, 0.0], "k_pid_att": [26.72066255887941, 0.0001, 0.20369505780222585], "k_pid_yaw": [0.5, 1e-06, 0.1], "k_pid_hsp": [0.021487074946217728, 0.0, 0.0], "k_pid_vsp": [242.86075839874215, 170.46536048660076, 1e-06]}, "datetime": {"datetime": "2025-08-20 15:09:04", "elapsed": 11799.321278810501, "delta": 24.225619316101074}, "costs": {"total_cost": 384.2537236199813, "time_cost": 150, "final_distance_cost": 13.146120934438736, "oscillation_cost": 12.098846851206229, "completition_cost": 111.11111111111116, "overshoot_cost": 68.06312798074393, "power_cost": 14.749671020507813, "noise_cost": 15.08484572197343, "n_waypoints_completed": 8, "tot_waypoints": 9}}
{"target": -172.67553155453353, "params": {"k_pid_pos": [1.5821004866995254, 0.0, 0.9024919752440982], "k_pid_alt": [1.9604083378255845, 0.0, 0.0], "k_pid_att": [32.89004384809176, 0.0001, 0.329594924978673], "k_pid_yaw": [0.5, 1e-06, 0.1], "k_pid_hsp": [0.08140290066356452, 0.0017053814665816845, 0.0], "k_pid_vsp": [254.5313485216352, 228.65060513450055, 1e-06]}, "datetime": {"datetime": "2025-08-20 15:09:21", "elapsed": 11816.213814973831, "delta": 16.892536163330078}, "costs": {"total_cost": 172.67553155453353, "time_cost": 70.57600000000001, "final_distance_cost": 1.8196363664873494, "oscillation_cost": 25.49286037281764, "completition_cost": 0.0, "overshoot_cost": 51.159158299128244, "power_cost": 12.128072570800782, "noise_cost": 11.499803945299494, "n_waypoints_completed": 9, "tot_waypoints": 9}}
{"target": -173.06686879178022, "params": {"k_pid_pos": [1.4622566473651424, 0.0, 0.9078231462369944], "k_pid_alt": [2.0, 0.0, 0.0], "k_pid_att": [41.48644639244145, 0.0001, 0.31984801084230746], "k_pid_yaw": [0.5, 1e-06, 0.1], "k_pid_hsp": [0.09497305596266373, 0.0, 0.0], "k_pid_vsp": [273.19037546018933, 255.03836312334346, 1e-06]}, "datetime": {"datetime": "2025-08-20 15:09:40", "elapsed": 11834.584882259369, "delta": 18.37106728553772}, "costs": {"total_cost": 173.06686879178022, "time_cost": 71.128, "final_distance_cost": 1.8328058025240537, "oscillation_cost": 24.563227612836798, "completition_cost": 0.0, "overshoot_cost": 52.01316701296182, "power_cost": 12.037766992187501, "noise_cost": 11.491901371270039, "n_waypoints_completed": 9, "tot_waypoints": 9}}
{"target": -173.49733953446048, "params": {"k_pid_pos": [1.4420488789392303, 0.0, 0.918023866230493], "k_pid_alt": [1.7329540143900017, 0.0, 0.0], "k_pid_att": [22.95868512615684, 0.0001, 0.3431140366801867], "k_pid_yaw": [0.5, 1e-06, 0.1], "k_pid_hsp": [0.09837138347491729, 0.0, 0.0], "k_pid_vsp": [168.41029088878113, 257.5810480928133, 1e-06]}, "datetime": {"datetime": "2025-08-20 15:09:57", "elapsed": 11852.380249977112, "delta": 17.79536771774292}, "costs": {"total_cost": 173.49733953446048, "time_cost": 70.808, "final_distance_cost": 1.8214185613838934, "oscillation_cost": 25.378653261513907, "completition_cost": 0.0, "overshoot_cost": 51.40080795289369, "power_cost": 12.414239123535157, "noise_cost": 11.674220635133812, "n_waypoints_completed": 9, "tot_waypoints": 9}}
