{"target": -172.64535267986196, "params": {"k_pid_pos": [1.5829365166088774, 0.0, 0.9045744388425916], "k_pid_alt": [2.0, 0.0, 0.0], "k_pid_att": [25.13589990109839, 0.0001, 0.26572648757803097], "k_pid_yaw": [0.5, 1e-06, 0.1], "k_pid_hsp": [0.10704204990777155, 0.0, 0.0], "k_pid_vsp": [248.04124102137837, 268.1587844804008, 1e-06]}, "datetime": {"datetime": "2025-08-20 16:49:26", "elapsed": 17821.324648857117, "delta": 15.800704002380371}, "costs": {"total_cost": 172.64535267986196, "time_cost": 70.70400000000001, "final_distance_cost": 1.8387492161226093, "oscillation_cost": 25.356565695922338, "completition_cost": 0.0, "overshoot_cost": 51.16464586992077, "power_cost": 12.08620018310547, "noise_cost": 11.495191714790774, "n_waypoints_completed": 9, "tot_waypoints": 9}}
{"target": -172.27859217623768, "params": {"k_pid_pos": [1.5449197292875347, 0.0, 0.8718028386001418], "k_pid_alt": [2.0, 0.0, 0.0], "k_pid_att": [28.860209897262774, 0.0001, 0.28392426971317636], "k_pid_yaw": [0.5, 1e-06, 0.1], "k_pid_hsp": [0.11854465087190999, 0.0, 0.0], "k_pid_vsp": [260.5215201251756, 261.0262904333233, 1e-06]}, "datetime": {"datetime": "2025-08-20 16:49:42", "elapsed": 17837.27562570572, "delta": 15.950976848602295}, "costs": {"total_cost": 172.27859217623768, "time_cost": 70.72, "final_distance_cost": 1.8344539678692635, "oscillation_cost": 25.3713915665477, "completition_cost": 0.0, "overshoot_cost": 50.816340264972794, "power_cost": 12.073384545898438, "noise_cost": 11.463021830949485, "n_waypoints_completed": 9, "tot_waypoints": 9}}
{"target": -173.15977159082115, "params": {"k_pid_pos": [1.5049334342683782, 0.0, 0.8756648070461567], "k_pid_alt": [2.0, 0.0, 0.0], "k_pid_att": [45.93328170102083, 0.0001, 0.5752176600420822], "k_pid_yaw": [0.5, 1e-06, 0.1], "k_pid_hsp": [0.11212750991309424, 0.0, 0.0], "k_pid_vsp": [254.04248526817787, 249.90109320891935, 1e-06]}, "datetime": {"datetime": "2025-08-20 16:49:58", "elapsed": 17853.20960497856, "delta": 15.933979272842407}, "costs": {"total_cost": 173.15977159082115, "time_cost": 70.864, "final_distance_cost": 1.8233008899877643, "oscillation_cost": 25.354496850640366, "completition_cost": 0.0, "overshoot_cost": 51.424906910909115, "power_cost": 12.12499608154297, "noise_cost": 11.568070857740905, "n_waypoints_completed": 9, "tot_waypoints": 9}}
{"target": -172.34848334470183, "params": {"k_pid_pos": [1.5530679014431445, 0.0, 0.8690597548166793], "k_pid_alt": [2.0, 0.0, 0.0], "k_pid_att": [3.8289472498817894, 0.0001, 0.2713258796314519], "k_pid_yaw": [0.5, 1e-06, 0.1], "k_pid_hsp": [0.11956008815755986, 0.000332643940839577, 0.0], "k_pid_vsp": [260.2976640128493, 307.97640876754264, 1e-06]}, "datetime": {"datetime": "2025-08-20 16:50:14", "elapsed": 17868.777108192444, "delta": 15.567503213882446}, "costs": {"total_cost": 172.34848334470183, "time_cost": 70.368, "final_distance_cost": 1.8425924170560237, "oscillation_cost": 26.361385096547874, "completition_cost": 0.0, "overshoot_cost": 50.47138725268321, "power_cost": 11.932093969726562, "noise_cost": 11.37302460868814, "n_waypoints_completed": 9, "tot_waypoints": 9}}
{"target": -172.59918906026334, "params": {"k_pid_pos": [1.5855411349899424, 0.0, 0.8868819442139624], "k_pid_alt": [2.0, 0.0, 0.0], "k_pid_att": [29.601020495594952, 0.0001, 0.25556881900782064], "k_pid_yaw": [0.5, 1e-06, 0.1], "k_pid_hsp": [0.13103935728201863, 0.0, 0.0], "k_pid_vsp": [267.4454746345656, 264.7223536126098, 1e-06]}, "datetime": {"datetime": "2025-08-20 16:50:29", "elapsed": 17884.027790546417, "delta": 15.250682353973389}, "costs": {"total_cost": 172.59918906026334, "time_cost": 70.656, "final_distance_cost": 1.8377986724347375, "oscillation_cost": 25.85949542100901, "completition_cost": 0.0, "overshoot_cost": 50.439188367871736, "power_cost": 12.23795301513672, "noise_cost": 11.568753583811125, "n_waypoints_completed": 9, "tot_waypoints": 9}}
{"target": -172.2520297365908, "params": {"k_pid_pos": [1.5091172351474798, 0.0, 0.8682087330423195], "k_pid_alt": [2.0, 0.0, 0.0], "k_pid_att": [27.046021977495215, 0.0001, 0.2679434534985081], "k_pid_yaw": [0.5, 1e-06, 0.1], "k_pid_hsp": [0.09445664344119678, 0.0, 0.0], "k_pid_vsp": [260.9857078927387, 317.34809863290303, 1e-06]}, "datetime": {"datetime": "2025-08-20 16:50:45", "elapsed": 17900.345304489136, "delta": 16.317513942718506}, "costs": {"total_cost": 172.2520297365908, "time_cost": 70.776, "final_distance_cost": 1.825892450937193, "oscillation_cost": 24.96000582316383, "completition_cost": 0.0, "overshoot_cost": 51.21126332878527, "power_cost": 12.030283959960938, "noise_cost": 11.448584173743567, "n_waypoints_completed": 9, "tot_waypoints": 9}}
{"target": -175.12041800578052, "params": {"k_pid_pos": [1.733318525954438, 0.0, 0.8785729043022339], "k_pid_alt": [1.948584577684615, 0.0, 0.0], "k_pid_att": [32.58435548644176, 0.0001, 0.07184179891368708], "k_pid_yaw": [0.5, 1e-06, 0.1], "k_pid_hsp": [0.1196844975712163, 0.0, 0.0], "k_pid_vsp": [258.7972618090343, 249.07390354974223, 1e-06]}, "datetime": {"datetime": "2025-08-20 16:51:02", "elapsed": 17917.19614624977, "delta": 16.850841760635376}, "costs": {"total_cost": 175.12041800578052, "time_cost": 70.248, "final_distance_cost": 1.814729583011984, "oscillation_cost": 28.753887475162443, "completition_cost": 0.0, "overshoot_cost": 50.896253430801025, "power_cost": 12.058602978515626, "noise_cost": 11.348944538289421, "n_waypoints_completed": 9, "tot_waypoints": 9}}
{"target": -173.46778362481163, "params": {"k_pid_pos": [1.5001617319793321, 0.0, 0.8700773202489344], "k_pid_alt": [2.0, 0.0, 0.0], "k_pid_att": [24.163475446711363, 0.0001, 0.2728147588300165], "k_pid_yaw": [0.5, 1e-06, 0.1], "k_pid_hsp": [0.11005702155526034, 0.0, 0.0], "k_pid_vsp": [246.52365543599925, 256.1321595641206, 1e-06]}, "datetime": {"datetime": "2025-08-20 16:51:19", "elapsed": 17933.813490867615, "delta": 16.617344617843628}, "costs": {"total_cost": 173.46778362481163, "time_cost": 70.84, "final_distance_cost": 1.8393548138585947, "oscillation_cost": 25.462402143220437, "completition_cost": 0.0, "overshoot_cost": 51.63278149666095, "power_cost": 12.154159802246093, "noise_cost": 11.539085368825557, "n_waypoints_completed": 9, "tot_waypoints": 9}}
{"target": -172.9798120540619, "params": {"k_pid_pos": [1.545931521243015, 0.0, 0.8017326552026709], "k_pid_alt": [1.974556449261138, 0.0, 0.0], "k_pid_att": [25.977575731708637, 0.0001, 0.2378435296032429], "k_pid_yaw": [0.5, 1e-06, 0.1], "k_pid_hsp": [0.14386988710861273, 0.0, 0.0], "k_pid_vsp": [293.7497590564059, 238.98951010693762, 1e-06]}, "datetime": {"datetime": "2025-08-20 16:51:35", "elapsed": 17949.86339044571, "delta": 16.049899578094482}, "costs": {"total_cost": 172.9798120540619, "time_cost": 70.512, "final_distance_cost": 1.8368285319752329, "oscillation_cost": 25.8811182163453, "completition_cost": 0.0, "overshoot_cost": 51.23593383970079, "power_cost": 12.053369250488283, "noise_cost": 11.46056221555229, "n_waypoints_completed": 9, "tot_waypoints": 9}}
{"target": -171.91698778725424, "params": {"k_pid_pos": [1.517672070586599, 0.0, 0.851114785419449], "k_pid_alt": [2.0, 0.0, 0.0], "k_pid_att": [39.35643037032652, 0.0001, 0.24843177728228957], "k_pid_yaw": [0.5, 1e-06, 0.1], "k_pid_hsp": [0.11567217114789578, 0.0, 0.0], "k_pid_vsp": [256.3778346207749, 298.25253135300756, 1e-06]}, "datetime": {"datetime": "2025-08-20 16:51:51", "elapsed": 17965.748335838318, "delta": 15.884945392608643}, "costs": {"total_cost": 171.91698778725424, "time_cost": 70.744, "final_distance_cost": 1.8360092908393584, "oscillation_cost": 25.471796634872508, "completition_cost": 0.0, "overshoot_cost": 51.00119460553933, "power_cost": 11.57163857421875, "noise_cost": 11.292348681784297, "n_waypoints_completed": 9, "tot_waypoints": 9}}
{"target": -1233.9033328432188, "params": {"k_pid_pos": [1.149339847496082, 0.0, 0.8432932126704958], "k_pid_alt": [2.0, 0.0, 0.0], "k_pid_att": [0.0, 0.0001, 0.40109961546883827], "k_pid_yaw": [0.5, 1e-06, 0.1], "k_pid_hsp": [0.10877106843505135, 0.0, 0.0], "k_pid_vsp": [281.22494766392265, 247.8351843028384, 1e-06]}, "datetime": {"datetime": "2025-08-20 16:52:13", "elapsed": 17987.632972240448, "delta": 21.884636402130127}, "costs": {"total_cost": 1233.9033328432188, "time_cost": 150, "final_distance_cost": 45.21395443178598, "oscillation_cost": 0.358088435050169, "completition_cost": 1000.0, "overshoot_cost": 12.599898133663743, "power_cost": 12.79884248046875, "noise_cost": 12.932549362250088, "n_waypoints_completed": 0, "tot_waypoints": 9}}
{"target": -172.34897736350337, "params": {"k_pid_pos": [1.5789384781102984, 6.839728486139618e-05, 0.8659477947960549], "k_pid_alt": [2.0, 0.0, 0.0], "k_pid_att": [19.462552172077825, 0.0001, 0.21693290019859918], "k_pid_yaw": [0.5, 1e-06, 0.1], "k_pid_hsp": [0.09188829776670646, 0.0, 0.0], "k_pid_vsp": [310.727982921743, 258.2388036427776, 1e-06]}, "datetime": {"datetime": "2025-08-20 16:52:28", "elapsed": 18003.083678245544, "delta": 15.450706005096436}, "costs": {"total_cost": 172.34897736350337, "time_cost": 70.624, "final_distance_cost": 1.8054433416489226, "oscillation_cost": 25.47257182383882, "completition_cost": 0.0, "overshoot_cost": 51.40263117476723, "power_cost": 11.71429852294922, "noise_cost": 11.330032500299192, "n_waypoints_completed": 9, "tot_waypoints": 9}}
{"target": -172.1343291200101, "params": {"k_pid_pos": [1.530585736152032, 0.0, 0.8670377781673015], "k_pid_alt": [2.0, 0.0, 0.0], "k_pid_att": [30.25641301042765, 0.0001, 0.2546675499727665], "k_pid_yaw": [0.5, 1e-06, 0.1], "k_pid_hsp": [0.1228927200315285, 0.002341397285126483, 0.0], "k_pid_vsp": [256.3428680744561, 205.74122830384408, 1e-06]}, "datetime": {"datetime": "2025-08-20 16:52:44", "elapsed": 18018.817627191544, "delta": 15.733948945999146}, "costs": {"total_cost": 172.1343291200101, "time_cost": 70.624, "final_distance_cost": 1.8419076583036924, "oscillation_cost": 25.791947851305764, "completition_cost": 0.0, "overshoot_cost": 50.42360962204212, "power_cost": 11.943802880859376, "noise_cost": 11.509061107499155, "n_waypoints_completed": 9, "tot_waypoints": 9}}
{"target": -173.65094572116382, "params": {"k_pid_pos": [1.564648419083821, 0.0, 0.8623516564447715], "k_pid_alt": [2.0, 0.0, 0.0], "k_pid_att": [30.938694722629545, 0.0001, 0.2859251165825135], "k_pid_yaw": [0.5, 1e-06, 0.1], "k_pid_hsp": [0.20269531236236088, 0.0, 0.0], "k_pid_vsp": [291.4502769762776, 211.08969654855076, 1e-06]}, "datetime": {"datetime": "2025-08-20 16:52:59", "elapsed": 18034.43677663803, "delta": 15.619149446487427}, "costs": {"total_cost": 173.65094572116382, "time_cost": 70.57600000000001, "final_distance_cost": 1.84181448396378, "oscillation_cost": 26.472897945615742, "completition_cost": 0.0, "overshoot_cost": 50.948147536580585, "power_cost": 12.178035595703125, "noise_cost": 11.634050159300594, "n_waypoints_completed": 9, "tot_waypoints": 9}}
{"target": -172.3044472735151, "params": {"k_pid_pos": [1.536302051693353, 0.0, 0.8770817906683956], "k_pid_alt": [2.0, 0.0, 0.0], "k_pid_att": [13.972299950759233, 0.0001, 0.18386411498647198], "k_pid_yaw": [0.5, 1e-06, 0.1], "k_pid_hsp": [0.13115329087637326, 0.0, 0.0], "k_pid_vsp": [265.5301580510327, 244.06660208695604, 1e-06]}, "datetime": {"datetime": "2025-08-20 16:53:15", "elapsed": 18050.2192633152, "delta": 15.7824866771698}, "costs": {"total_cost": 172.3044472735151, "time_cost": 70.696, "final_distance_cost": 1.8266818840559245, "oscillation_cost": 25.58049252153919, "completition_cost": 0.0, "overshoot_cost": 50.33514466294155, "power_cost": 12.2468072265625, "noise_cost": 11.619320978415942, "n_waypoints_completed": 9, "tot_waypoints": 9}}
{"target": -173.23020238542452, "params": {"k_pid_pos": [1.5465492192877284, 0.0, 0.8763653135018157], "k_pid_alt": [2.0, 0.0, 0.0], "k_pid_att": [23.366281711640568, 0.0001, 0.27944558646203016], "k_pid_yaw": [0.5, 1e-06, 0.1], "k_pid_hsp": [0.15238835911883203, 0.0, 0.0], "k_pid_vsp": [253.61746811311224, 243.27854699608238, 1e-06]}, "datetime": {"datetime": "2025-08-20 16:53:31", "elapsed": 18065.886494874954, "delta": 15.667231559753418}, "costs": {"total_cost": 173.23020238542452, "time_cost": 70.68, "final_distance_cost": 1.8343325945258313, "oscillation_cost": 26.098885264139746, "completition_cost": 0.0, "overshoot_cost": 50.562558352441386, "power_cost": 12.37549305419922, "noise_cost": 11.67893312011832, "n_waypoints_completed": 9, "tot_waypoints": 9}}
{"target": -173.4763189297145, "params": {"k_pid_pos": [1.5583549343752097, 0.0, 0.883474189322666], "k_pid_alt": [2.0, 0.0, 0.0], "k_pid_att": [29.14556564228302, 0.0001, 0.24618701513776092], "k_pid_yaw": [0.5, 1e-06, 0.1], "k_pid_hsp": [0.08689230139668612, 0.0, 0.0], "k_pid_vsp": [238.5837846968182, 226.47656887575752, 1e-06]}, "datetime": {"datetime": "2025-08-20 16:53:46", "elapsed": 18081.304376363754, "delta": 15.417881488800049}, "costs": {"total_cost": 173.4763189297145, "time_cost": 70.816, "final_distance_cost": 1.8312195903513735, "oscillation_cost": 25.17995889835958, "completition_cost": 0.0, "overshoot_cost": 51.86859933071754, "power_cost": 12.183879748535157, "noise_cost": 11.596661361750842, "n_waypoints_completed": 9, "tot_waypoints": 9}}
{"target": -171.5275930748773, "params": {"k_pid_pos": [1.4159757869111507, 0.0, 0.6806162001210837], "k_pid_alt": [2.0, 0.0, 0.0], "k_pid_att": [41.15837333302827, 0.0001, 0.34958237523123387], "k_pid_yaw": [0.5, 1e-06, 0.1], "k_pid_hsp": [0.10417442737675102, 0.0, 0.0], "k_pid_vsp": [240.21903107419422, 372.27422627014016, 1e-06]}, "datetime": {"datetime": "2025-08-20 16:54:03", "elapsed": 18097.721095085144, "delta": 16.41671872138977}, "costs": {"total_cost": 171.5275930748773, "time_cost": 70.512, "final_distance_cost": 1.8137102759587156, "oscillation_cost": 25.59101074676525, "completition_cost": 0.0, "overshoot_cost": 50.84479854395152, "power_cost": 11.614146850585938, "noise_cost": 11.151926657615894, "n_waypoints_completed": 9, "tot_waypoints": 9}}
{"target": -172.2751168434417, "params": {"k_pid_pos": [1.5234809776253746, 0.0, 0.7477701104320464], "k_pid_alt": [2.0, 0.0, 0.0], "k_pid_att": [34.2759606583828, 0.0001, 0.27018338281025284], "k_pid_yaw": [0.5, 1e-06, 0.1], "k_pid_hsp": [0.10089548151416305, 0.0, 0.0], "k_pid_vsp": [258.86401683510985, 254.24356681795433, 1e-06]}, "datetime": {"datetime": "2025-08-20 16:54:18", "elapsed": 18113.05580186844, "delta": 15.334706783294678}, "costs": {"total_cost": 172.2751168434417, "time_cost": 70.496, "final_distance_cost": 1.8222960185915107, "oscillation_cost": 25.63840552961933, "completition_cost": 0.0, "overshoot_cost": 50.85947755807309, "power_cost": 12.034264611816408, "noise_cost": 11.424673125341373, "n_waypoints_completed": 9, "tot_waypoints": 9}}
{"target": -172.50250637544343, "params": {"k_pid_pos": [1.5482776458441783, 0.0, 0.8587982329341676], "k_pid_alt": [2.0, 0.0, 0.0], "k_pid_att": [25.882500868832725, 0.0001, 0.2470388121703663], "k_pid_yaw": [0.5, 1e-06, 0.1], "k_pid_hsp": [0.1076375145592642, 0.0, 0.0], "k_pid_vsp": [258.498459174607, 239.91398117300142, 1e-06]}, "datetime": {"datetime": "2025-08-20 16:54:34", "elapsed": 18128.78938102722, "delta": 15.733579158782959}, "costs": {"total_cost": 172.50250637544343, "time_cost": 70.712, "final_distance_cost": 1.834547193187701, "oscillation_cost": 25.273787899268616, "completition_cost": 0.0, "overshoot_cost": 51.198842194153166, "power_cost": 12.027822595214845, "noise_cost": 11.455506493619103, "n_waypoints_completed": 9, "tot_waypoints": 9}}
{"target": -171.93906905214084, "params": {"k_pid_pos": [1.4595346244071565, 0.0, 0.8583504431673915], "k_pid_alt": [1.8319503941294768, 0.0, 0.0], "k_pid_att": [27.448615631136096, 0.0001, 0.30463052967500703], "k_pid_yaw": [0.5, 1e-06, 0.1], "k_pid_hsp": [0.1060410193999042, 0.0, 0.0], "k_pid_vsp": [222.54836467675054, 254.02607017599175, 1e-06]}, "datetime": {"datetime": "2025-08-20 16:54:50", "elapsed": 18145.04035305977, "delta": 16.250972032546997}, "costs": {"total_cost": 171.93906905214084, "time_cost": 70.68, "final_distance_cost": 1.830322472342049, "oscillation_cost": 25.312991627735013, "completition_cost": 0.0, "overshoot_cost": 50.96707858929894, "power_cost": 11.789213024902343, "noise_cost": 11.359463337862465, "n_waypoints_completed": 9, "tot_waypoints": 9}}
{"target": -1207.2831075217582, "params": {"k_pid_pos": [1.6871413211116952, 0.0, 0.8809526444783738], "k_pid_alt": [2.0, 0.0, 0.0], "k_pid_att": [26.432756512721973, 0.0001, 0.0], "k_pid_yaw": [0.5, 1e-06, 0.1], "k_pid_hsp": [0.0001, 0.0, 0.0], "k_pid_vsp": [176.31524938730198, 257.5051069137617, 1e-06]}, "datetime": {"datetime": "2025-08-20 16:55:14", "elapsed": 18169.545237779617, "delta": 24.504884719848633}, "costs": {"total_cost": 1207.2831075217582, "time_cost": 150, "final_distance_cost": 46.63899977508956, "oscillation_cost": 8.444907911955207, "completition_cost": 888.8888888888888, "overshoot_cost": 83.25696663585414, "power_cost": 15.975281018066408, "noise_cost": 14.07806329190439, "n_waypoints_completed": 1, "tot_waypoints": 9}}
{"target": -173.25192123029655, "params": {"k_pid_pos": [1.5162654366168113, 0.0, 0.9230237228106404], "k_pid_alt": [2.0, 0.0, 0.0], "k_pid_att": [25.72477122532291, 0.0001, 0.24823220310317917], "k_pid_yaw": [0.5, 1e-06, 0.1], "k_pid_hsp": [0.12951209683567516, 0.0, 0.0], "k_pid_vsp": [260.0988668164355, 244.07126376113908, 1e-06]}, "datetime": {"datetime": "2025-08-20 16:55:32", "elapsed": 18186.956191062927, "delta": 17.410953283309937}, "costs": {"total_cost": 173.25192123029655, "time_cost": 70.912, "final_distance_cost": 1.8395144935691214, "oscillation_cost": 25.505231459932112, "completition_cost": 0.0, "overshoot_cost": 51.34026406482693, "power_cost": 12.141449768066407, "noise_cost": 11.513461443901983, "n_waypoints_completed": 9, "tot_waypoints": 9}}
{"target": -172.44204463595472, "params": {"k_pid_pos": [1.5746137520885743, 0.0, 0.9248550398120996], "k_pid_alt": [2.0, 0.0, 0.0], "k_pid_att": [26.737822622069604, 0.0001, 0.2771612771259], "k_pid_yaw": [0.5, 1e-06, 0.1], "k_pid_hsp": [0.11533333382386028, 0.0, 0.0], "k_pid_vsp": [258.7003956886588, 249.57198763052398, 1e-06]}, "datetime": {"datetime": "2025-08-20 16:55:49", "elapsed": 18203.756895542145, "delta": 16.80070447921753}, "costs": {"total_cost": 172.44204463595472, "time_cost": 70.784, "final_distance_cost": 1.827063896261775, "oscillation_cost": 25.27070925698782, "completition_cost": 0.0, "overshoot_cost": 51.1540809737421, "power_cost": 11.998617382812501, "noise_cost": 11.407573126150512, "n_waypoints_completed": 9, "tot_waypoints": 9}}
{"target": -172.94035064580186, "params": {"k_pid_pos": [1.403971242355282, 0.0, 0.5927302570797485], "k_pid_alt": [2.0, 0.0, 0.0], "k_pid_att": [45.46346203535605, 0.0001, 0.36840915346136194], "k_pid_yaw": [0.5, 1e-06, 0.1], "k_pid_hsp": [0.11703764035370706, 0.0, 0.0], "k_pid_vsp": [254.11697287343685, 339.22957577091586, 1e-06]}, "datetime": {"datetime": "2025-08-20 16:56:04", "elapsed": 18219.527083158493, "delta": 15.770187616348267}, "costs": {"total_cost": 172.94035064580186, "time_cost": 70.34400000000001, "final_distance_cost": 1.8090667324819454, "oscillation_cost": 25.89719759345132, "completition_cost": 0.0, "overshoot_cost": 51.39031962062598, "power_cost": 12.049146801757812, "noise_cost": 11.450619897484797, "n_waypoints_completed": 9, "tot_waypoints": 9}}
{"target": -173.42339719481788, "params": {"k_pid_pos": [1.4811324969819621, 0.0, 0.8242429740429116], "k_pid_alt": [1.9702049902606418, 0.0, 0.0], "k_pid_att": [9.302451622228153, 0.0001, 0.30067122118860257], "k_pid_yaw": [0.5, 1e-06, 0.1], "k_pid_hsp": [0.10957738590771451, 0.0, 0.0], "k_pid_vsp": [179.79678312098395, 369.87854678861015, 1e-06]}, "datetime": {"datetime": "2025-08-20 16:56:23", "elapsed": 18238.442325353622, "delta": 18.915242195129395}, "costs": {"total_cost": 173.42339719481788, "time_cost": 70.568, "final_distance_cost": 1.835440477751608, "oscillation_cost": 25.90648058676162, "completition_cost": 0.0, "overshoot_cost": 51.21281578488115, "power_cost": 12.341122338867189, "noise_cost": 11.559538006556313, "n_waypoints_completed": 9, "tot_waypoints": 9}}
{"target": -172.08727879049675, "params": {"k_pid_pos": [1.422827932690135, 0.0, 0.6315983971562686], "k_pid_alt": [2.0, 0.0, 0.0], "k_pid_att": [43.1240485241229, 0.0001, 0.35667253858203857], "k_pid_yaw": [0.5, 1e-06, 0.1], "k_pid_hsp": [0.09324541378508902, 0.0, 0.0], "k_pid_vsp": [250.42283542391795, 261.32836365975567, 1e-06]}, "datetime": {"datetime": "2025-08-20 16:56:39", "elapsed": 18254.2596347332, "delta": 15.817309379577637}, "costs": {"total_cost": 172.08727879049675, "time_cost": 70.496, "final_distance_cost": 1.816511514210435, "oscillation_cost": 25.57108411141288, "completition_cost": 0.0, "overshoot_cost": 51.11655217644726, "power_cost": 11.853805212402344, "noise_cost": 11.23332577602385, "n_waypoints_completed": 9, "tot_waypoints": 9}}
{"target": -173.56511169361698, "params": {"k_pid_pos": [1.545351405196721, 0.0, 0.7048055777862557], "k_pid_alt": [2.0, 0.0, 0.0], "k_pid_att": [44.96557603927925, 0.0001, 0.3286674637543102], "k_pid_yaw": [0.5, 1e-06, 0.1], "k_pid_hsp": [0.10186989951904961, 0.0, 0.0], "k_pid_vsp": [271.04657963149543, 343.5031584656801, 1e-06]}, "datetime": {"datetime": "2025-08-20 16:56:55", "elapsed": 18270.110594272614, "delta": 15.850959539413452}, "costs": {"total_cost": 173.56511169361698, "time_cost": 70.34400000000001, "final_distance_cost": 1.8255710272999925, "oscillation_cost": 26.033496677832186, "completition_cost": 0.0, "overshoot_cost": 51.589192100921466, "power_cost": 12.269073193359375, "noise_cost": 11.503778694203953, "n_waypoints_completed": 9, "tot_waypoints": 9}}
