{"target": -177.5574132138388, "params": {"k_pid_pos": [1.8997616352841846, 0.1590728429716644, 1.0], "k_pid_alt": [0.9696363751203887, 0.03153188587876592, 0.3084444833858432], "k_pid_att": [4.1232704003955085, 0.0001, 0.14891001456782918], "k_pid_yaw": [0.5, 1e-06, 0.1], "k_pid_hsp": [0.28741730895878104, 0.0, 0.0], "k_pid_vsp": [215.71563285154957, 105.11902206524232, 3.0591580156749316]}, "datetime": {"datetime": "2025-08-20 13:04:00", "elapsed": 4294.691228628159, "delta": 15.063145399093628}, "costs": {"total_cost": 177.5574132138388, "time_cost": 70.456, "final_distance_cost": 1.8349544366557022, "oscillation_cost": 30.478817874726136, "completition_cost": 0.0, "overshoot_cost": 50.207088596464175, "power_cost": 12.778858715820313, "noise_cost": 11.801693590172482, "n_waypoints_completed": 9, "tot_waypoints": 9}}
{"target": -175.17215208283974, "params": {"k_pid_pos": [2.0, 0.0, 1.0], "k_pid_alt": [1.134877529740438, 0.005696829157620424, 0.0], "k_pid_att": [12.241698033398116, 0.0001, 0.19953715379070747], "k_pid_yaw": [0.5, 1e-06, 0.1], "k_pid_hsp": [0.16712360739283494, 0.0, 0.0], "k_pid_vsp": [400.0, 130.38756136982403, 1e-06]}, "datetime": {"datetime": "2025-08-20 13:04:15", "elapsed": 4310.135786771774, "delta": 15.444558143615723}, "costs": {"total_cost": 175.17215208283974, "time_cost": 70.032, "final_distance_cost": 1.8425332767684102, "oscillation_cost": 28.990767443395328, "completition_cost": 0.0, "overshoot_cost": 50.63156712141873, "power_cost": 12.222948083496094, "noise_cost": 11.452336157761183, "n_waypoints_completed": 9, "tot_waypoints": 9}}
{"target": -178.52669611971405, "params": {"k_pid_pos": [2.0, 0.0, 1.0], "k_pid_alt": [1.0080726577649237, 0.0, 0.0], "k_pid_att": [13.370462901907903, 0.0001, 0.29691389896912146], "k_pid_yaw": [0.5, 1e-06, 0.1], "k_pid_hsp": [0.3061286347566296, 0.0, 0.0], "k_pid_vsp": [400.0, 36.539072808574254, 1e-06]}, "datetime": {"datetime": "2025-08-20 13:04:30", "elapsed": 4325.471108198166, "delta": 15.335321426391602}, "costs": {"total_cost": 178.52669611971405, "time_cost": 71.2, "final_distance_cost": 1.8429478835764486, "oscillation_cost": 30.337887881665296, "completition_cost": 0.0, "overshoot_cost": 50.76772143105283, "power_cost": 12.590763696289063, "noise_cost": 11.787375227130413, "n_waypoints_completed": 9, "tot_waypoints": 9}}
{"target": -198.09147382965045, "params": {"k_pid_pos": [2.0, 0.0, 1.0], "k_pid_alt": [0.8832815765933872, 0.0, 0.0], "k_pid_att": [6.836045260458741, 0.0001, 0.21478189151596278], "k_pid_yaw": [0.5, 1e-06, 0.1], "k_pid_hsp": [7.087238990002297, 0.7896147125659128, 0.0], "k_pid_vsp": [400.0, 120.68645159211972, 1e-06]}, "datetime": {"datetime": "2025-08-20 13:04:46", "elapsed": 4340.922881364822, "delta": 15.451773166656494}, "costs": {"total_cost": 198.09147382965045, "time_cost": 70.36, "final_distance_cost": 1.8480716703151647, "oscillation_cost": 52.188838228881586, "completition_cost": 0.0, "overshoot_cost": 49.603353132861585, "power_cost": 12.468919372558595, "noise_cost": 11.622291425033534, "n_waypoints_completed": 9, "tot_waypoints": 9}}
{"target": -182.56910320048937, "params": {"k_pid_pos": [1.4897245545516753, 0.34730475285200824, 1.0], "k_pid_alt": [1.0772741506066612, 0.0, 0.0], "k_pid_att": [42.57809923245567, 0.5711616972555393, 0.2004141299757542], "k_pid_yaw": [0.5, 1e-06, 0.1], "k_pid_hsp": [1.560567080574052, 0.0, 0.0], "k_pid_vsp": [400.0, 88.38278849562704, 1e-06]}, "datetime": {"datetime": "2025-08-20 13:05:01", "elapsed": 4356.473191738129, "delta": 15.550310373306274}, "costs": {"total_cost": 182.56910320048937, "time_cost": 73.072, "final_distance_cost": 1.8237891691218322, "oscillation_cost": 32.39544308466436, "completition_cost": 0.0, "overshoot_cost": 51.13631248810224, "power_cost": 12.232594848632813, "noise_cost": 11.908963609968108, "n_waypoints_completed": 9, "tot_waypoints": 9}}
{"target": -176.98325925196744, "params": {"k_pid_pos": [2.0, 0.0, 1.0], "k_pid_alt": [0.9498378800681981, 0.0, 0.0], "k_pid_att": [10.269296157120994, 0.0001, 0.1706849230711263], "k_pid_yaw": [0.5, 1e-06, 0.1], "k_pid_hsp": [0.24436520426564975, 0.0, 0.0], "k_pid_vsp": [400.0, 75.48352042082539, 1e-06]}, "datetime": {"datetime": "2025-08-20 13:05:17", "elapsed": 4371.607927322388, "delta": 15.134735584259033}, "costs": {"total_cost": 176.98325925196744, "time_cost": 70.856, "final_distance_cost": 1.8478084344291688, "oscillation_cost": 30.203824517056848, "completition_cost": 0.0, "overshoot_cost": 50.21366367133942, "power_cost": 12.260966479492188, "noise_cost": 11.600996149649836, "n_waypoints_completed": 9, "tot_waypoints": 9}}
{"target": -197.09600020717136, "params": {"k_pid_pos": [1.9671427315552807, 0.0, 0.8619301948646604], "k_pid_alt": [1.0148115684007712, 0.0, 0.0], "k_pid_att": [8.659978069089494, 0.0001, 0.2582084601873029], "k_pid_yaw": [0.5, 1e-06, 0.1], "k_pid_hsp": [0.029236505366484145, 0.0, 0.0], "k_pid_vsp": [400.0, 81.18042367024742, 1e-06]}, "datetime": {"datetime": "2025-08-20 13:05:35", "elapsed": 4390.534784793854, "delta": 18.926857471466064}, "costs": {"total_cost": 197.09600020717136, "time_cost": 88.816, "final_distance_cost": 1.7333376043333286, "oscillation_cost": 17.64776022460497, "completition_cost": 0.0, "overshoot_cost": 61.784860716540265, "power_cost": 13.277869189453126, "noise_cost": 13.83617247223968, "n_waypoints_completed": 9, "tot_waypoints": 9}}
{"target": -204.3312634694871, "params": {"k_pid_pos": [0.45086235758305293, 0.580897310522282, 0.7761014996314436], "k_pid_alt": [1.5451166233029625, 0.0, 0.0], "k_pid_att": [12.219285506887543, 0.0001, 0.2693440297739559], "k_pid_yaw": [0.5, 1e-06, 0.1], "k_pid_hsp": [0.3676409141395469, 0.0, 0.0], "k_pid_vsp": [323.93635678809653, 64.47048348770832, 1e-06]}, "datetime": {"datetime": "2025-08-20 13:06:07", "elapsed": 4422.165948629379, "delta": 31.631163835525513}, "costs": {"total_cost": 204.3312634694871, "time_cost": 93.336, "final_distance_cost": 1.8153522903033075, "oscillation_cost": 27.393435857622805, "completition_cost": 0.0, "overshoot_cost": 52.30676215176417, "power_cost": 15.08583544921875, "noise_cost": 14.393877720578086, "n_waypoints_completed": 9, "tot_waypoints": 9}}
{"target": -1223.2348771140216, "params": {"k_pid_pos": [2.0, 0.0, 0.8148649903496452], "k_pid_alt": [0.9341999111729435, 0.0, 0.0], "k_pid_att": [0.0, 0.0001, 0.05911220643419875], "k_pid_yaw": [0.5, 1e-06, 0.1], "k_pid_hsp": [0.0001, 0.00042289978861223456, 0.0], "k_pid_vsp": [400.0, 1e-06, 1e-06]}, "datetime": {"datetime": "2025-08-20 13:06:31", "elapsed": 4446.190529584885, "delta": 24.02458095550537}, "costs": {"total_cost": 1223.2348771140216, "time_cost": 150, "final_distance_cost": 66.40551958026674, "oscillation_cost": 0.021040973425777418, "completition_cost": 888.8888888888888, "overshoot_cost": 92.17214365540528, "power_cost": 12.796543554687501, "noise_cost": 12.950740461347502, "n_waypoints_completed": 1, "tot_waypoints": 9}}
{"target": -1019.7447539473103, "params": {"k_pid_pos": [1.8142874471863824, 0.0, 0.9589917707946025], "k_pid_alt": [0.9352566782317192, 0.0, 0.0], "k_pid_att": [0.0, 0.0001, 0.06748131153217683], "k_pid_yaw": [0.5, 1e-06, 0.1], "k_pid_hsp": [0.12362152519548314, 0.0, 0.0], "k_pid_vsp": [400.0, 115.06251301217065, 1e-06]}, "datetime": {"datetime": "2025-08-20 13:06:56", "elapsed": 4470.81698846817, "delta": 24.626458883285522}, "costs": {"total_cost": 1019.7447539473103, "time_cost": 150, "final_distance_cost": 52.33636235916258, "oscillation_cost": 5.360486084305756, "completition_cost": 555.5555555555555, "overshoot_cost": 227.90362716443113, "power_cost": 15.078640734863281, "noise_cost": 13.510082048991979, "n_waypoints_completed": 4, "tot_waypoints": 9}}
{"target": -180.711996118164, "params": {"k_pid_pos": [2.0, 0.0, 0.6040447327693035], "k_pid_alt": [1.0254567437739772, 0.0, 0.0], "k_pid_att": [8.512162258765056, 0.0001, 0.08077837893420067], "k_pid_yaw": [0.5, 1e-06, 0.1], "k_pid_hsp": [0.46558025342308484, 0.0, 0.0], "k_pid_vsp": [400.0, 1e-06, 1e-06]}, "datetime": {"datetime": "2025-08-20 13:07:13", "elapsed": 4487.620952129364, "delta": 16.803963661193848}, "costs": {"total_cost": 180.711996118164, "time_cost": 70.952, "final_distance_cost": 1.7969937684137247, "oscillation_cost": 32.53958642294076, "completition_cost": 0.0, "overshoot_cost": 50.884136625031154, "power_cost": 12.903305200195312, "noise_cost": 11.63597410158303, "n_waypoints_completed": 9, "tot_waypoints": 9}}
{"target": -1217.3820421130567, "params": {"k_pid_pos": [2.0, 0.0, 1.0], "k_pid_alt": [0.9157160251541245, 0.0, 0.024666123261575724], "k_pid_att": [0.0, 0.0001, 0.32859408960243974], "k_pid_yaw": [0.5, 1e-06, 0.1], "k_pid_hsp": [0.0001, 0.0009157998994759678, 0.0], "k_pid_vsp": [399.07198901336255, 170.02836145157923, 1e-06]}, "datetime": {"datetime": "2025-08-20 13:07:38", "elapsed": 4513.044368982315, "delta": 25.42341685295105}, "costs": {"total_cost": 1217.3820421130567, "time_cost": 150, "final_distance_cost": 59.093771102712225, "oscillation_cost": 0.04312379106857961, "completition_cost": 888.8888888888888, "overshoot_cost": 93.6504341571875, "power_cost": 12.782960070800781, "noise_cost": 12.922864102399043, "n_waypoints_completed": 1, "tot_waypoints": 9}}
{"target": -182.2185757709115, "params": {"k_pid_pos": [2.0, 0.0, 1.0], "k_pid_alt": [0.7122452397563057, 0.0, 0.0], "k_pid_att": [1.528209383766729, 0.0001, 0.23116048608677925], "k_pid_yaw": [0.5, 1e-06, 0.1], "k_pid_hsp": [1.4503050777235813, 0.0, 0.0], "k_pid_vsp": [400.0, 168.17947450035825, 11.92607844464882]}, "datetime": {"datetime": "2025-08-20 13:07:56", "elapsed": 4530.6479868888855, "delta": 17.603617906570435}, "costs": {"total_cost": 182.2185757709115, "time_cost": 71.512, "final_distance_cost": 1.8105575339785316, "oscillation_cost": 38.52579589418921, "completition_cost": 0.0, "overshoot_cost": 51.01472899281269, "power_cost": 10.44796767578125, "noise_cost": 8.907525674149815, "n_waypoints_completed": 9, "tot_waypoints": 9}}
{"target": -1157.9906377838768, "params": {"k_pid_pos": [2.0, 0.0, 1.0], "k_pid_alt": [0.994456703496913, 0.0, 0.0], "k_pid_att": [0.0, 0.0001, 0.28938564101117825], "k_pid_yaw": [0.5, 1e-06, 0.1], "k_pid_hsp": [0.0766997244404199, 0.0, 0.0], "k_pid_vsp": [383.4845132322673, 45.94580512085032, 1e-06]}, "datetime": {"datetime": "2025-08-20 13:08:20", "elapsed": 4554.721922874451, "delta": 24.073935985565186}, "costs": {"total_cost": 1157.9906377838768, "time_cost": 150, "final_distance_cost": 65.15180739817555, "oscillation_cost": 1.3074338854674739, "completition_cost": 888.8888888888888, "overshoot_cost": 26.836078218277994, "power_cost": 12.825650463867188, "noise_cost": 12.980778929199648, "n_waypoints_completed": 1, "tot_waypoints": 9}}
{"target": -1175.1412293423766, "params": {"k_pid_pos": [0.7354697440992355, 0.0, 1.0], "k_pid_alt": [1.0583679982495615, 0.03812999315141419, 0.0], "k_pid_att": [0.0, 0.0001, 0.13196516691021676], "k_pid_yaw": [0.5, 1e-06, 0.1], "k_pid_hsp": [0.0001, 0.0, 0.0], "k_pid_vsp": [400.0, 1e-06, 1e-06]}, "datetime": {"datetime": "2025-08-20 13:08:45", "elapsed": 4579.755919456482, "delta": 25.03399658203125}, "costs": {"total_cost": 1175.1412293423766, "time_cost": 150, "final_distance_cost": 45.500869778478396, "oscillation_cost": 0.004259192338196607, "completition_cost": 888.8888888888888, "overshoot_cost": 65.00257958066541, "power_cost": 12.79338992919922, "noise_cost": 12.951241972806477, "n_waypoints_completed": 1, "tot_waypoints": 9}}
{"target": -181.98994039121274, "params": {"k_pid_pos": [2.0, 0.0, 0.4775975163776093], "k_pid_alt": [1.0778325388532166, 0.0, 0.0], "k_pid_att": [1.3463385216462918, 0.0001, 0.2624372690852331], "k_pid_yaw": [0.5, 1e-06, 0.1], "k_pid_hsp": [0.06820894778016451, 0.0, 0.0], "k_pid_vsp": [400.0, 6.274071222938716, 1e-06]}, "datetime": {"datetime": "2025-08-20 13:09:03", "elapsed": 4598.360016345978, "delta": 18.60409688949585}, "costs": {"total_cost": 181.98994039121274, "time_cost": 74.08800000000001, "final_distance_cost": 1.7862480085044867, "oscillation_cost": 26.901586445900072, "completition_cost": 0.0, "overshoot_cost": 54.75788486410026, "power_cost": 12.676810119628907, "noise_cost": 11.779410953078997, "n_waypoints_completed": 9, "tot_waypoints": 9}}
{"target": -1195.9368736513377, "params": {"k_pid_pos": [2.0, 0.0, 1.0], "k_pid_alt": [1.0257498180215252, 0.0, 0.0], "k_pid_att": [14.477522547895093, 0.0001, 0.18458612151159456], "k_pid_yaw": [0.5, 1e-06, 0.1], "k_pid_hsp": [0.0001, 0.0, 0.0], "k_pid_vsp": [400.0, 193.2603445655988, 1e-06]}, "datetime": {"datetime": "2025-08-20 13:09:30", "elapsed": 4624.798347711563, "delta": 26.438331365585327}, "costs": {"total_cost": 1195.9368736513377, "time_cost": 150, "final_distance_cost": 46.91292211899599, "oscillation_cost": 0.0048076714747505465, "completition_cost": 888.8888888888888, "overshoot_cost": 84.44570561414896, "power_cost": 12.773448986816407, "noise_cost": 12.911100371012827, "n_waypoints_completed": 1, "tot_waypoints": 9}}
{"target": -195.53911484158476, "params": {"k_pid_pos": [2.0, 0.0, 1.0], "k_pid_alt": [0.9464225948759463, 0.0, 0.0], "k_pid_att": [24.064373798971264, 0.0001, 0.3747823336733742], "k_pid_yaw": [0.5, 1e-06, 0.1], "k_pid_hsp": [0.32735683088802847, 0.33630833109281494, 0.0], "k_pid_vsp": [394.84020625295955, 195.34886003747107, 1e-06]}, "datetime": {"datetime": "2025-08-20 13:09:48", "elapsed": 4643.176504611969, "delta": 18.378156900405884}, "costs": {"total_cost": 195.53911484158476, "time_cost": 70.92, "final_distance_cost": 1.8527565768378995, "oscillation_cost": 47.68664338633328, "completition_cost": 0.0, "overshoot_cost": 49.756719607067154, "power_cost": 13.18521785888672, "noise_cost": 12.1377774124597, "n_waypoints_completed": 9, "tot_waypoints": 9}}
{"target": -177.63111608165696, "params": {"k_pid_pos": [1.400383234701943, 0.0, 0.6414576699235437], "k_pid_alt": [0.959325914248764, 0.0, 0.0], "k_pid_att": [11.995830637014247, 0.0001, 0.34491815653568614], "k_pid_yaw": [0.5, 1e-06, 0.1], "k_pid_hsp": [0.4659337962335967, 0.0, 0.0], "k_pid_vsp": [179.9363192517648, 86.94686987689978, 1e-06]}, "datetime": {"datetime": "2025-08-20 13:10:05", "elapsed": 4660.027364730835, "delta": 16.850860118865967}, "costs": {"total_cost": 177.63111608165696, "time_cost": 71.47200000000001, "final_distance_cost": 1.842689679338291, "oscillation_cost": 29.582937372194092, "completition_cost": 0.0, "overshoot_cost": 50.08632070491579, "power_cost": 12.761484399414064, "noise_cost": 11.885683925794712, "n_waypoints_completed": 9, "tot_waypoints": 9}}
{"target": -6783.228922315011, "params": {"k_pid_pos": [2.0, 0.40368648684456854, 1.0], "k_pid_alt": [1.5423631919726697, 0.034925643273349925, 0.036873395813714537], "k_pid_att": [0.0, 1.8876455930975542, 0.0979489610199249], "k_pid_yaw": [0.5, 1e-06, 0.1], "k_pid_hsp": [0.0001, 0.18650029341624247, 0.0], "k_pid_vsp": [400.0, 150.9126305501085, 1e-06]}, "datetime": {"datetime": "2025-08-20 13:10:31", "elapsed": 4685.8752019405365, "delta": 25.847837209701538}, "costs": {"total_cost": 6783.228922315011, "time_cost": 150, "final_distance_cost": 1483.0074645623176, "oscillation_cost": 1692.6387035312082, "completition_cost": 1000.0, "overshoot_cost": 2341.801172266088, "power_cost": 36.69327331542969, "noise_cost": 79.08830863996668, "n_waypoints_completed": 0, "tot_waypoints": 9}}
{"target": -748.1412259353781, "params": {"k_pid_pos": [0.7409448577684756, 0.23375699819061135, 0.5906005848657088], "k_pid_alt": [1.2347907344595814, 0.012960395236376977, 0.0], "k_pid_att": [19.97832890242304, 1.2239473732380117, 0.25345598336009934], "k_pid_yaw": [0.5, 1e-06, 0.1], "k_pid_hsp": [0.02048414657623344, 0.20634216226074562, 0.0], "k_pid_vsp": [400.0, 156.3353064458018, 1e-06]}, "datetime": {"datetime": "2025-08-20 13:10:58", "elapsed": 4712.881896018982, "delta": 27.006694078445435}, "costs": {"total_cost": 748.1412259353781, "time_cost": 150, "final_distance_cost": 57.52966798958645, "oscillation_cost": 111.29966649538036, "completition_cost": 333.33333333333337, "overshoot_cost": 57.674524161742674, "power_cost": 21.52396280517578, "noise_cost": 16.780071150159568, "n_waypoints_completed": 6, "tot_waypoints": 9}}
{"target": -508.87536743566244, "params": {"k_pid_pos": [1.5974239627333482, 0.6524944624862632, 0.5387513441597198], "k_pid_alt": [1.0182984487423097, 0.0, 0.22315894399199626], "k_pid_att": [40.869427290309076, 0.0001, 0.0], "k_pid_yaw": [0.5, 1e-06, 0.1], "k_pid_hsp": [0.0001, 0.21067628871606553, 0.07854524694731674], "k_pid_vsp": [366.17917189773016, 10.024402908860168, 11.257133139161105]}, "datetime": {"datetime": "2025-08-20 13:11:23", "elapsed": 4738.175555944443, "delta": 25.293659925460815}, "costs": {"total_cost": 508.87536743566244, "time_cost": 150, "final_distance_cost": 29.56650050852147, "oscillation_cost": 98.59168560308667, "completition_cost": 111.11111111111116, "overshoot_cost": 80.1406613621573, "power_cost": 21.622909252929688, "noise_cost": 17.842499597856225, "n_waypoints_completed": 8, "tot_waypoints": 9}}
{"target": -1195.9474123002021, "params": {"k_pid_pos": [2.0, 0.0, 1.0], "k_pid_alt": [1.0348419889281435, 0.0, 0.0], "k_pid_att": [49.78263883716859, 0.0001, 0.37414045042898036], "k_pid_yaw": [0.5, 1e-06, 0.1], "k_pid_hsp": [0.0001, 0.0, 0.0], "k_pid_vsp": [400.0, 181.51287479373332, 1e-06]}, "datetime": {"datetime": "2025-08-20 13:11:49", "elapsed": 4764.204369068146, "delta": 26.028813123703003}, "costs": {"total_cost": 1195.9474123002021, "time_cost": 150, "final_distance_cost": 46.912918597214286, "oscillation_cost": 0.007592689107630053, "completition_cost": 888.8888888888888, "overshoot_cost": 84.45119540921874, "power_cost": 12.773700622558595, "noise_cost": 12.913116093214168, "n_waypoints_completed": 1, "tot_waypoints": 9}}
{"target": -179.83009756254788, "params": {"k_pid_pos": [2.0, 0.0660136403139056, 0.5246709369329339], "k_pid_alt": [1.1765647463628972, 0.0, 0.028393676208810517], "k_pid_att": [25.837803907977047, 0.0001, 0.08940725495432228], "k_pid_yaw": [0.5, 1e-06, 0.1], "k_pid_hsp": [0.4708129087643794, 0.0, 0.0], "k_pid_vsp": [330.4400863762932, 84.74052325402975, 1e-06]}, "datetime": {"datetime": "2025-08-20 13:12:09", "elapsed": 4784.455800533295, "delta": 20.251431465148926}, "costs": {"total_cost": 179.83009756254788, "time_cost": 69.504, "final_distance_cost": 1.8169509256170966, "oscillation_cost": 33.723714164244825, "completition_cost": 0.0, "overshoot_cost": 50.48568764958654, "power_cost": 12.744502099609376, "noise_cost": 11.555242723490034, "n_waypoints_completed": 9, "tot_waypoints": 9}}
{"target": -177.47899818051405, "params": {"k_pid_pos": [1.9559840645880868, 0.0, 1.0], "k_pid_alt": [1.0207389428223963, 0.0, 0.0], "k_pid_att": [11.745127469531635, 0.0001, 0.31690306554428127], "k_pid_yaw": [0.5, 1e-06, 0.1], "k_pid_hsp": [0.6703730421498285, 0.0, 0.0], "k_pid_vsp": [400.0, 146.6378552042359, 1e-06]}, "datetime": {"datetime": "2025-08-20 13:12:28", "elapsed": 4803.26851439476, "delta": 18.812713861465454}, "costs": {"total_cost": 177.47899818051405, "time_cost": 70.528, "final_distance_cost": 1.8480499759913989, "oscillation_cost": 31.03236095162121, "completition_cost": 0.0, "overshoot_cost": 50.081138494338795, "power_cost": 12.37261728515625, "noise_cost": 11.616831473406396, "n_waypoints_completed": 9, "tot_waypoints": 9}}
{"target": -178.8004744856638, "params": {"k_pid_pos": [2.0, 0.0, 1.0], "k_pid_alt": [1.2519865594987354, 0.0, 0.33032291699484073], "k_pid_att": [5.164906727664269, 0.0001, 0.26834952981508153], "k_pid_yaw": [0.5, 1e-06, 0.1], "k_pid_hsp": [0.2792575586233692, 0.0, 0.0], "k_pid_vsp": [400.0, 1e-06, 1e-06]}, "datetime": {"datetime": "2025-08-20 13:12:46", "elapsed": 4821.219208478928, "delta": 17.95069408416748}, "costs": {"total_cost": 178.8004744856638, "time_cost": 71.944, "final_distance_cost": 1.8370675878979912, "oscillation_cost": 30.022802755665595, "completition_cost": 0.0, "overshoot_cost": 50.7917938110439, "power_cost": 12.533717333984375, "noise_cost": 11.671092997071913, "n_waypoints_completed": 9, "tot_waypoints": 9}}
{"target": -176.60607276600058, "params": {"k_pid_pos": [2.0, 0.0, 1.0], "k_pid_alt": [0.8552421917558893, 0.0, 0.0], "k_pid_att": [15.45335902371276, 0.0001, 0.14469220526962634], "k_pid_yaw": [0.5, 1e-06, 0.1], "k_pid_hsp": [0.1622390449150365, 0.0, 0.0], "k_pid_vsp": [400.0, 51.37613943482507, 1e-06]}, "datetime": {"datetime": "2025-08-20 13:13:03", "elapsed": 4838.044497489929, "delta": 16.825289011001587}, "costs": {"total_cost": 176.60607276600058, "time_cost": 71.608, "final_distance_cost": 1.833167040053352, "oscillation_cost": 29.158865756550625, "completition_cost": 0.0, "overshoot_cost": 50.392878289420906, "power_cost": 12.129951892089844, "noise_cost": 11.48320978788584, "n_waypoints_completed": 9, "tot_waypoints": 9}}
{"target": -3656.6478427644065, "params": {"k_pid_pos": [2.0, 0.0, 0.3182347958393016], "k_pid_alt": [1.3590368415243408, 0.0033489637097797184, 0.0], "k_pid_att": [0.0, 0.10963389115269184, 0.06746383567333636], "k_pid_yaw": [0.5, 1e-06, 0.1], "k_pid_hsp": [0.3292000499404506, 0.008809531677695048, 0.0], "k_pid_vsp": [398.02078674775333, 70.31935703332825, 0.18386508719849065]}, "datetime": {"datetime": "2025-08-20 13:13:26", "elapsed": 4861.5046355724335, "delta": 23.460138082504272}, "costs": {"total_cost": 3656.6478427644065, "time_cost": 150, "final_distance_cost": 615.1667076497974, "oscillation_cost": 464.3941394594542, "completition_cost": 1000.0, "overshoot_cost": 1299.4966284229065, "power_cost": 34.963145703125, "noise_cost": 92.6272215291227, "n_waypoints_completed": 0, "tot_waypoints": 9}}
