{"target": -172.51547669389626, "params": {"k_pid_pos": [1.5546989010523584, 0.02211457171674039, 0.8588954671587925], "k_pid_alt": [1.969638653759309, 0.0, 0.0], "k_pid_att": [40.03875753680345, 0.0001, 0.18186512563224289], "k_pid_yaw": [0.5, 1e-06, 0.1], "k_pid_hsp": [0.1046160559457586, 0.0, 0.0], "k_pid_vsp": [265.43162058302164, 265.35967977052087, 1e-06]}, "datetime": {"datetime": "2025-08-20 15:18:13", "elapsed": 12348.220497608185, "delta": 16.233100414276123}, "costs": {"total_cost": 172.51547669389626, "time_cost": 70.57600000000001, "final_distance_cost": 1.831407064487238, "oscillation_cost": 25.84878414707174, "completition_cost": 0.0, "overshoot_cost": 51.024043333047814, "power_cost": 11.824370971679688, "noise_cost": 11.410871177609772, "n_waypoints_completed": 9, "tot_waypoints": 9}}
{"target": -173.7119471109178, "params": {"k_pid_pos": [1.6897861747756648, 0.0, 0.9453790697652733], "k_pid_alt": [2.0, 0.0, 0.0], "k_pid_att": [41.683964850776405, 0.0001, 0.35683490540398505], "k_pid_yaw": [0.5, 1e-06, 0.1], "k_pid_hsp": [0.06757519279027736, 0.0, 0.0], "k_pid_vsp": [207.16760453099704, 319.6281725118202, 1e-06]}, "datetime": {"datetime": "2025-08-20 15:18:30", "elapsed": 12364.61124253273, "delta": 16.390744924545288}, "costs": {"total_cost": 173.7119471109178, "time_cost": 71.08, "final_distance_cost": 1.790248003158724, "oscillation_cost": 25.208855956219185, "completition_cost": 0.0, "overshoot_cost": 52.26193667097192, "power_cost": 11.945408459472656, "noise_cost": 11.425498021095333, "n_waypoints_completed": 9, "tot_waypoints": 9}}
{"target": -172.08308783181036, "params": {"k_pid_pos": [1.5626280357934619, 0.0, 0.8819295064709909], "k_pid_alt": [2.0, 0.0, 0.0], "k_pid_att": [38.653107664668084, 0.0001, 0.27158726790238763], "k_pid_yaw": [0.5, 1e-06, 0.1], "k_pid_hsp": [0.10614804646258673, 0.0, 0.0], "k_pid_vsp": [288.99919309312025, 265.0624545212463, 1e-06]}, "datetime": {"datetime": "2025-08-20 15:18:46", "elapsed": 12380.577332019806, "delta": 15.966089487075806}, "costs": {"total_cost": 172.08308783181036, "time_cost": 70.752, "final_distance_cost": 1.817940615498802, "oscillation_cost": 25.207902830988008, "completition_cost": 0.0, "overshoot_cost": 51.32071670396349, "power_cost": 11.731104345703125, "noise_cost": 11.253423335656953, "n_waypoints_completed": 9, "tot_waypoints": 9}}
{"target": -175.44567954669282, "params": {"k_pid_pos": [1.3726116572683738, 0.0, 0.8321194779030384], "k_pid_alt": [2.0, 0.0, 0.0], "k_pid_att": [42.47335661491837, 0.0001, 0.0], "k_pid_yaw": [0.5, 1e-06, 0.1], "k_pid_hsp": [0.1442487281458251, 0.0, 0.0], "k_pid_vsp": [249.13738768253197, 266.8829137772045, 1e-06]}, "datetime": {"datetime": "2025-08-20 15:19:03", "elapsed": 12397.840688467026, "delta": 17.26335644721985}, "costs": {"total_cost": 175.44567954669282, "time_cost": 71.184, "final_distance_cost": 1.8489622933711594, "oscillation_cost": 27.992594519086627, "completition_cost": 0.0, "overshoot_cost": 51.2018802795558, "power_cost": 11.754500061035158, "noise_cost": 11.463742393644075, "n_waypoints_completed": 9, "tot_waypoints": 9}}
{"target": -172.16703898188453, "params": {"k_pid_pos": [1.6050129327718252, 0.0, 0.9172774108551481], "k_pid_alt": [2.0, 0.0, 0.0], "k_pid_att": [35.33448844386396, 0.0001, 0.28401550256690167], "k_pid_yaw": [0.5, 1e-06, 0.1], "k_pid_hsp": [0.09903810479362665, 2.2438751355903734e-06, 0.0], "k_pid_vsp": [236.5503585602283, 356.4740264587916, 1e-06]}, "datetime": {"datetime": "2025-08-20 15:19:19", "elapsed": 12414.158259868622, "delta": 16.31757140159607}, "costs": {"total_cost": 172.16703898188453, "time_cost": 70.656, "final_distance_cost": 1.8321364040550998, "oscillation_cost": 25.75554990742246, "completition_cost": 0.0, "overshoot_cost": 51.18831449212693, "power_cost": 11.554374951171875, "noise_cost": 11.180663227108164, "n_waypoints_completed": 9, "tot_waypoints": 9}}
{"target": -173.39196827340135, "params": {"k_pid_pos": [1.889430594496292, 0.0, 0.8124286904208149], "k_pid_alt": [1.6717223824579912, 0.0, 0.0], "k_pid_att": [45.33992934329616, 0.0001, 0.3429567565607855], "k_pid_yaw": [0.5, 1e-06, 0.1], "k_pid_hsp": [0.14587252068542278, 2.3558804864950045e-05, 0.0], "k_pid_vsp": [278.3167999425104, 239.20094187103493, 1e-06]}, "datetime": {"datetime": "2025-08-20 15:19:35", "elapsed": 12430.09229850769, "delta": 15.934038639068604}, "costs": {"total_cost": 173.39196827340135, "time_cost": 69.592, "final_distance_cost": 1.8239430997540376, "oscillation_cost": 27.942701182739523, "completition_cost": 0.0, "overshoot_cost": 50.67844900469569, "power_cost": 12.099708032226562, "noise_cost": 11.25516695398554, "n_waypoints_completed": 9, "tot_waypoints": 9}}
{"target": -186.18544644934084, "params": {"k_pid_pos": [1.4727653512295529, 0.0, 0.8834939436737445], "k_pid_alt": [2.0, 0.0, 0.0], "k_pid_att": [43.288118613958915, 0.0001, 0.3035937133572318], "k_pid_yaw": [0.5, 1e-06, 0.1], "k_pid_hsp": [0.033405771393060335, 0.0, 0.0], "k_pid_vsp": [290.1021349869953, 318.1949265321946, 1e-06]}, "datetime": {"datetime": "2025-08-20 15:19:54", "elapsed": 12448.710064411163, "delta": 18.6177659034729}, "costs": {"total_cost": 186.18544644934084, "time_cost": 82.144, "final_distance_cost": 1.802049666405838, "oscillation_cost": 16.911436391650273, "completition_cost": 0.0, "overshoot_cost": 59.56717674741769, "power_cost": 12.653457763671875, "noise_cost": 13.107325880195173, "n_waypoints_completed": 9, "tot_waypoints": 9}}
{"target": -173.43207155323918, "params": {"k_pid_pos": [1.5723296665345805, 0.0, 0.7466888661806232], "k_pid_alt": [1.9789535613634477, 0.0, 0.0], "k_pid_att": [37.33906794280311, 0.0001, 0.2546054321305014], "k_pid_yaw": [0.5, 1e-06, 0.1], "k_pid_hsp": [0.11090081927150584, 0.0, 0.0], "k_pid_vsp": [265.5675974816434, 277.3326344709616, 1e-06]}, "datetime": {"datetime": "2025-08-20 15:20:10", "elapsed": 12465.010689258575, "delta": 16.30062484741211}, "costs": {"total_cost": 173.43207155323918, "time_cost": 70.352, "final_distance_cost": 1.833930701095752, "oscillation_cost": 26.139720620595302, "completition_cost": 0.0, "overshoot_cost": 51.56127750823391, "power_cost": 12.052907958984376, "noise_cost": 11.492234764329854, "n_waypoints_completed": 9, "tot_waypoints": 9}}
{"target": -172.6741653639741, "params": {"k_pid_pos": [1.7118949091386018, 0.0, 1.0], "k_pid_alt": [2.0, 0.0, 0.0], "k_pid_att": [28.07442441535199, 0.0001, 0.28320052440629745], "k_pid_yaw": [0.5, 1e-06, 0.1], "k_pid_hsp": [0.1232867522863294, 0.0, 0.0], "k_pid_vsp": [303.46212602485554, 266.41188058160475, 1e-06]}, "datetime": {"datetime": "2025-08-20 15:20:26", "elapsed": 12481.497239351273, "delta": 16.486550092697144}, "costs": {"total_cost": 172.6741653639741, "time_cost": 70.664, "final_distance_cost": 1.8358136951200377, "oscillation_cost": 25.919557885784954, "completition_cost": 0.0, "overshoot_cost": 50.63610222802122, "power_cost": 12.162948461914063, "noise_cost": 11.455743093133831, "n_waypoints_completed": 9, "tot_waypoints": 9}}
{"target": -173.46806833827847, "params": {"k_pid_pos": [1.8477583342849246, 0.0, 0.9332557171287141], "k_pid_alt": [1.6023035963311394, 0.0, 0.0], "k_pid_att": [50.737537588860434, 0.0001, 0.30787801398274983], "k_pid_yaw": [0.5, 1e-06, 0.1], "k_pid_hsp": [0.11257228900973693, 0.0002259560280195651, 0.0], "k_pid_vsp": [277.069067241632, 400.0, 1e-06]}, "datetime": {"datetime": "2025-08-20 15:20:42", "elapsed": 12497.183180570602, "delta": 15.685941219329834}, "costs": {"total_cost": 173.46806833827847, "time_cost": 69.776, "final_distance_cost": 1.8120744221128173, "oscillation_cost": 27.95941090967276, "completition_cost": 0.0, "overshoot_cost": 50.9157791031984, "power_cost": 11.784160595703126, "noise_cost": 11.220643307591384, "n_waypoints_completed": 9, "tot_waypoints": 9}}
{"target": -172.52734513779632, "params": {"k_pid_pos": [1.6351811226817217, 0.0, 0.9861334376826392], "k_pid_alt": [2.0, 0.0, 0.0], "k_pid_att": [34.53014278390615, 0.0001, 0.17875223725791542], "k_pid_yaw": [0.5, 1e-06, 0.1], "k_pid_hsp": [0.11012584903210611, 0.0, 0.0], "k_pid_vsp": [335.140833062521, 323.04532489529834, 1e-06]}, "datetime": {"datetime": "2025-08-20 15:20:59", "elapsed": 12513.962334871292, "delta": 16.779154300689697}, "costs": {"total_cost": 172.52734513779632, "time_cost": 70.8, "final_distance_cost": 1.8309237329687311, "oscillation_cost": 25.661810781554813, "completition_cost": 0.0, "overshoot_cost": 51.263667193168644, "power_cost": 11.542206604003907, "noise_cost": 11.428736826100215, "n_waypoints_completed": 9, "tot_waypoints": 9}}
{"target": -174.61257311798482, "params": {"k_pid_pos": [1.582398502015425, 0.0, 0.8581217492580124], "k_pid_alt": [2.0, 0.0, 0.0], "k_pid_att": [14.379137007692115, 0.0001, 0.29689638976078], "k_pid_yaw": [0.5, 1e-06, 0.1], "k_pid_hsp": [0.04902627319740003, 0.0, 0.0], "k_pid_vsp": [350.85428202193646, 224.6481074846871, 1e-06]}, "datetime": {"datetime": "2025-08-20 15:21:16", "elapsed": 12530.884979963303, "delta": 16.922645092010498}, "costs": {"total_cost": 174.61257311798482, "time_cost": 73.112, "final_distance_cost": 1.8042661486504787, "oscillation_cost": 22.044720159658954, "completition_cost": 0.0, "overshoot_cost": 54.18184497602602, "power_cost": 11.825663317871093, "noise_cost": 11.644078515778284, "n_waypoints_completed": 9, "tot_waypoints": 9}}
{"target": -172.9701466039216, "params": {"k_pid_pos": [1.7739497045425177, 0.0, 0.9516152244920895], "k_pid_alt": [1.809559374585167, 0.0, 0.0], "k_pid_att": [32.5137341376109, 0.0001, 0.5339205506617337], "k_pid_yaw": [0.5, 1e-06, 0.1], "k_pid_hsp": [0.08440824895187107, 0.0, 0.0], "k_pid_vsp": [283.042847628807, 249.964478783054, 1e-06]}, "datetime": {"datetime": "2025-08-20 15:21:32", "elapsed": 12547.048115253448, "delta": 16.163135290145874}, "costs": {"total_cost": 172.9701466039216, "time_cost": 70.272, "final_distance_cost": 1.7969505114027085, "oscillation_cost": 26.06346177650571, "completition_cost": 0.0, "overshoot_cost": 51.8148314772021, "power_cost": 11.748511193847657, "noise_cost": 11.274391644963405, "n_waypoints_completed": 9, "tot_waypoints": 9}}
{"target": -1066.0412456861782, "params": {"k_pid_pos": [1.8538219013847919, 0.0, 0.8546883737184677], "k_pid_alt": [2.0, 0.0, 0.0], "k_pid_att": [0.0, 0.0001, 0.2565778083623089], "k_pid_yaw": [0.5, 1e-06, 0.1], "k_pid_hsp": [0.1502111966198649, 0.0, 0.0], "k_pid_vsp": [271.6083109846053, 272.2957302346254, 1e-06]}, "datetime": {"datetime": "2025-08-20 15:21:56", "elapsed": 12570.949380159378, "delta": 23.901264905929565}, "costs": {"total_cost": 1066.0412456861782, "time_cost": 150, "final_distance_cost": 113.11866931417306, "oscillation_cost": 3.2060807457581344, "completition_cost": 666.6666666666667, "overshoot_cost": 104.99788183420104, "power_cost": 14.587901147460938, "noise_cost": 13.464045977918266, "n_waypoints_completed": 3, "tot_waypoints": 9}}
{"target": -650.8270125042663, "params": {"k_pid_pos": [1.4632640451896826, 0.0, 1.0], "k_pid_alt": [1.9725893826096244, 0.0, 0.0], "k_pid_att": [36.03446890061579, 0.0001, 0.3609490587160486], "k_pid_yaw": [0.5, 1e-06, 0.1], "k_pid_hsp": [0.013867817644032554, 0.0, 0.0], "k_pid_vsp": [275.359558491695, 282.5842567635508, 1e-06]}, "datetime": {"datetime": "2025-08-20 15:22:21", "elapsed": 12595.65074801445, "delta": 24.70136785507202}, "costs": {"total_cost": 650.8270125042663, "time_cost": 150, "final_distance_cost": 68.9110054193348, "oscillation_cost": 6.657600936671448, "completition_cost": 333.33333333333337, "overshoot_cost": 62.14399934340241, "power_cost": 15.865328173828125, "noise_cost": 13.915745297695997, "n_waypoints_completed": 6, "tot_waypoints": 9}}
{"target": -175.11261889615986, "params": {"k_pid_pos": [1.4981713736394084, 0.0, 0.8120976163091409], "k_pid_alt": [1.9676120722024149, 0.0, 0.0], "k_pid_att": [40.414032174200756, 0.0001, 0.03179501370795831], "k_pid_yaw": [0.5, 1e-06, 0.1], "k_pid_hsp": [0.1374938641480398, 0.0, 0.0], "k_pid_vsp": [269.40947737716255, 278.5059985677493, 1e-06]}, "datetime": {"datetime": "2025-08-20 15:22:38", "elapsed": 12612.834743738174, "delta": 17.183995723724365}, "costs": {"total_cost": 175.11261889615986, "time_cost": 70.656, "final_distance_cost": 1.830158544498135, "oscillation_cost": 28.44625741970444, "completition_cost": 0.0, "overshoot_cost": 50.67657541014718, "power_cost": 12.040939025878906, "noise_cost": 11.462688495931177, "n_waypoints_completed": 9, "tot_waypoints": 9}}
{"target": -175.19743132504826, "params": {"k_pid_pos": [2.0, 0.0, 0.9148235736683138], "k_pid_alt": [1.8133285665716774, 0.0, 0.0], "k_pid_att": [37.19145920083528, 0.0001, 0.48011302118378224], "k_pid_yaw": [0.5, 1e-06, 0.1], "k_pid_hsp": [0.23761067804078706, 0.0, 0.0], "k_pid_vsp": [299.93133238865687, 275.71058828346673, 1e-06]}, "datetime": {"datetime": "2025-08-20 15:22:54", "elapsed": 12629.13558626175, "delta": 16.30084252357483}, "costs": {"total_cost": 175.19743132504826, "time_cost": 69.888, "final_distance_cost": 1.843735571429648, "oscillation_cost": 28.554124003604944, "completition_cost": 0.0, "overshoot_cost": 50.934435971900875, "power_cost": 12.41204560546875, "noise_cost": 11.565090172644046, "n_waypoints_completed": 9, "tot_waypoints": 9}}
{"target": -176.26099275727344, "params": {"k_pid_pos": [1.1337144075721353, 0.004465797692780867, 0.8083864170226603], "k_pid_alt": [2.0, 0.0, 0.0], "k_pid_att": [42.284132581439835, 0.0001, 0.2947483845518233], "k_pid_yaw": [0.5, 1e-06, 0.1], "k_pid_hsp": [0.045441443561713646, 0.0, 0.0], "k_pid_vsp": [244.30916887188252, 237.611941082042, 1e-06]}, "datetime": {"datetime": "2025-08-20 15:23:12", "elapsed": 12647.136453151703, "delta": 18.000866889953613}, "costs": {"total_cost": 176.26099275727344, "time_cost": 75.512, "final_distance_cost": 1.7920808975062268, "oscillation_cost": 18.85672903918007, "completition_cost": 0.0, "overshoot_cost": 55.89320738123179, "power_cost": 12.129563623046876, "noise_cost": 12.07741181630851, "n_waypoints_completed": 9, "tot_waypoints": 9}}
{"target": -172.5824054931213, "params": {"k_pid_pos": [1.5824884844161669, 0.0, 0.9391265074235683], "k_pid_alt": [1.298441605949753, 0.0, 0.0], "k_pid_att": [41.84939982880693, 0.0001, 0.4967166976237646], "k_pid_yaw": [0.5, 1e-06, 0.1], "k_pid_hsp": [0.09884852493951918, 0.0028420352984639997, 0.0], "k_pid_vsp": [303.8599479747988, 316.0261386715822, 1e-06]}, "datetime": {"datetime": "2025-08-20 15:23:29", "elapsed": 12663.845544338226, "delta": 16.709091186523438}, "costs": {"total_cost": 172.5824054931213, "time_cost": 70.488, "final_distance_cost": 1.8332696074888155, "oscillation_cost": 26.702350083634748, "completition_cost": 0.0, "overshoot_cost": 50.4046690464706, "power_cost": 11.823452416992188, "noise_cost": 11.330664338534948, "n_waypoints_completed": 9, "tot_waypoints": 9}}
{"target": -175.23344416329664, "params": {"k_pid_pos": [1.5508596588956787, 0.0, 1.0], "k_pid_alt": [2.0, 0.0, 0.0], "k_pid_att": [41.68958913638907, 0.0001, 0.25193619059007444], "k_pid_yaw": [0.5, 1e-06, 0.1], "k_pid_hsp": [0.052866422882327235, 0.0, 0.0], "k_pid_vsp": [248.38453953691666, 400.0, 1e-06]}, "datetime": {"datetime": "2025-08-20 15:23:45", "elapsed": 12680.38791012764, "delta": 16.542365789413452}, "costs": {"total_cost": 175.23344416329664, "time_cost": 72.736, "final_distance_cost": 1.800703291981215, "oscillation_cost": 22.387682752018677, "completition_cost": 0.0, "overshoot_cost": 53.99027447637985, "power_cost": 12.369585864257813, "noise_cost": 11.949197778659077, "n_waypoints_completed": 9, "tot_waypoints": 9}}
{"target": -172.17386078600939, "params": {"k_pid_pos": [1.5268084229216181, 0.0, 0.810872368489073], "k_pid_alt": [2.0, 0.0, 0.0], "k_pid_att": [47.816662492207634, 0.0001, 0.26195165481606175], "k_pid_yaw": [0.5, 1e-06, 0.1], "k_pid_hsp": [0.08788021744045908, 0.0, 0.0], "k_pid_vsp": [266.49872480061777, 266.6019427598076, 1e-06]}, "datetime": {"datetime": "2025-08-20 15:24:02", "elapsed": 12697.0557346344, "delta": 16.667824506759644}, "costs": {"total_cost": 172.17386078600939, "time_cost": 70.688, "final_distance_cost": 1.8129998150565203, "oscillation_cost": 25.56406102463297, "completition_cost": 0.0, "overshoot_cost": 51.18225580723252, "power_cost": 11.650046801757814, "noise_cost": 11.276497337329573, "n_waypoints_completed": 9, "tot_waypoints": 9}}
{"target": -173.99721069784184, "params": {"k_pid_pos": [1.7050468235131155, 0.0, 0.915162830035535], "k_pid_alt": [0.9064495752721432, 0.0, 0.0], "k_pid_att": [33.94248292703365, 0.0001, 0.33833944851262615], "k_pid_yaw": [0.5, 1e-06, 0.1], "k_pid_hsp": [0.08877000103204416, 0.0, 0.0], "k_pid_vsp": [261.3959215373008, 390.13721775206056, 1e-06]}, "datetime": {"datetime": "2025-08-20 15:24:18", "elapsed": 12712.972898244858, "delta": 15.917163610458374}, "costs": {"total_cost": 173.99721069784184, "time_cost": 71.696, "final_distance_cost": 1.8116549808661893, "oscillation_cost": 26.62546406413507, "completition_cost": 0.0, "overshoot_cost": 51.096613111544166, "power_cost": 11.598637255859376, "noise_cost": 11.168841285437036, "n_waypoints_completed": 9, "tot_waypoints": 9}}
{"target": -399.61274021228184, "params": {"k_pid_pos": [1.5038683943413904, 0.0, 0.8170847071880576], "k_pid_alt": [2.0, 0.0, 0.0], "k_pid_att": [36.40826102917474, 0.0001, 0.2414307261580857], "k_pid_yaw": [0.5, 1e-06, 0.1], "k_pid_hsp": [0.020713280298682406, 0.0, 0.0], "k_pid_vsp": [261.6802871809209, 217.44362821450636, 1e-06]}, "datetime": {"datetime": "2025-08-20 15:24:41", "elapsed": 12736.458045244217, "delta": 23.48514699935913}, "costs": {"total_cost": 399.61274021228184, "time_cost": 150, "final_distance_cost": 31.792436992636272, "oscillation_cost": 11.559210861511724, "completition_cost": 111.11111111111116, "overshoot_cost": 67.25150719963952, "power_cost": 14.043587084960938, "noise_cost": 13.85488696242216, "n_waypoints_completed": 8, "tot_waypoints": 9}}
{"target": -172.76367756640218, "params": {"k_pid_pos": [1.5686618750079366, 0.0, 0.8457174978982354], "k_pid_alt": [2.0, 0.0, 0.0], "k_pid_att": [42.22389674653384, 0.0001, 0.27961560300794014], "k_pid_yaw": [0.5, 1e-06, 0.1], "k_pid_hsp": [0.09216559007635448, 0.0, 0.0], "k_pid_vsp": [257.5154727396376, 275.18484638321536, 1e-06]}, "datetime": {"datetime": "2025-08-20 15:25:00", "elapsed": 12754.67504453659, "delta": 18.216999292373657}, "costs": {"total_cost": 172.76367756640218, "time_cost": 70.624, "final_distance_cost": 1.8268073817299246, "oscillation_cost": 25.623343467620238, "completition_cost": 0.0, "overshoot_cost": 51.56286325910578, "power_cost": 11.793565173339845, "noise_cost": 11.333098284606368, "n_waypoints_completed": 9, "tot_waypoints": 9}}
{"target": -171.72891938400147, "params": {"k_pid_pos": [1.5266634892315265, 0.0, 0.819164778849094], "k_pid_alt": [2.0, 0.0, 0.0], "k_pid_att": [39.50851184868939, 0.0001, 0.26438623630766156], "k_pid_yaw": [0.5, 1e-06, 0.1], "k_pid_hsp": [0.09008591785314073, 0.0, 0.0], "k_pid_vsp": [263.65316483560173, 252.4153798533095, 1e-06]}, "datetime": {"datetime": "2025-08-20 15:25:16", "elapsed": 12771.392562627792, "delta": 16.717518091201782}, "costs": {"total_cost": 171.72891938400147, "time_cost": 70.696, "final_distance_cost": 1.8124144149746386, "oscillation_cost": 25.224575623202007, "completition_cost": 0.0, "overshoot_cost": 51.1214057163134, "power_cost": 11.643476428222657, "noise_cost": 11.231047201288758, "n_waypoints_completed": 9, "tot_waypoints": 9}}
{"target": -172.87595506619465, "params": {"k_pid_pos": [1.6814480704994454, 0.0, 0.8411630461656852], "k_pid_alt": [2.0, 0.0, 0.0], "k_pid_att": [32.99396395812274, 0.0001, 0.2078843368492414], "k_pid_yaw": [0.5, 1e-06, 0.1], "k_pid_hsp": [0.1359111076741281, 0.0, 0.0], "k_pid_vsp": [240.4824142336127, 282.98737861858046, 1e-06]}, "datetime": {"datetime": "2025-08-20 15:25:33", "elapsed": 12788.27671289444, "delta": 16.88415026664734}, "costs": {"total_cost": 172.87595506619465, "time_cost": 70.336, "final_distance_cost": 1.831968503004742, "oscillation_cost": 26.739085364920022, "completition_cost": 0.0, "overshoot_cost": 50.585377729606634, "power_cost": 11.950329077148439, "noise_cost": 11.433194391514842, "n_waypoints_completed": 9, "tot_waypoints": 9}}
{"target": -173.4429179713534, "params": {"k_pid_pos": [1.5861204375430953, 0.0, 0.8856308975483471], "k_pid_alt": [1.8186682293285534, 0.0, 0.0], "k_pid_att": [34.159571486981136, 0.0001, 0.12396501230308606], "k_pid_yaw": [0.5, 1e-06, 0.1], "k_pid_hsp": [0.14155958454201717, 0.0, 0.0], "k_pid_vsp": [309.66890380462206, 233.875084309908, 1e-06]}, "datetime": {"datetime": "2025-08-20 15:25:49", "elapsed": 12804.368948459625, "delta": 16.092235565185547}, "costs": {"total_cost": 173.4429179713534, "time_cost": 70.544, "final_distance_cost": 1.8426306123894942, "oscillation_cost": 26.77072782210465, "completition_cost": 0.0, "overshoot_cost": 50.90263665510994, "power_cost": 11.957664147949219, "noise_cost": 11.425258733800085, "n_waypoints_completed": 9, "tot_waypoints": 9}}
{"target": -1195.9749789108564, "params": {"k_pid_pos": [1.9466727059513484, 0.0, 0.9704003404654178], "k_pid_alt": [1.6007827389849023, 0.0, 0.0], "k_pid_att": [25.26477055817234, 0.0001, 0.46090213263417545], "k_pid_yaw": [0.5, 1e-06, 0.1], "k_pid_hsp": [0.0001, 0.0, 0.0], "k_pid_vsp": [305.95188725843155, 270.6492271829088, 1e-06]}, "datetime": {"datetime": "2025-08-20 15:26:13", "elapsed": 12827.595607042313, "delta": 23.226658582687378}, "costs": {"total_cost": 1195.9749789108564, "time_cost": 150, "final_distance_cost": 46.89464276312183, "oscillation_cost": 0.005915131244146872, "completition_cost": 888.8888888888888, "overshoot_cost": 84.47161550447156, "power_cost": 12.79357733154297, "noise_cost": 12.920339291586973, "n_waypoints_completed": 1, "tot_waypoints": 9}}
