{"target": -172.91754049354745, "params": {"k_pid_pos": [1.3897832844671143, 0.0, 0.868526460637223], "k_pid_alt": [2.0, 0.0, 0.0], "k_pid_att": [38.65086004215461, 0.0001, 0.43874928087685894], "k_pid_yaw": [0.5, 1e-06, 0.1], "k_pid_hsp": [0.11362351692505172, 0.00017636876036038627, 0.0], "k_pid_vsp": [267.2544042884634, 369.0457045143561, 1e-06]}, "datetime": {"datetime": "2025-08-20 17:55:47", "elapsed": 21801.831049203873, "delta": 16.56304955482483}, "costs": {"total_cost": 172.91754049354745, "time_cost": 71.152, "final_distance_cost": 1.8425693445253801, "oscillation_cost": 24.784125781716913, "completition_cost": 0.0, "overshoot_cost": 51.392279644258394, "power_cost": 12.138981933593751, "noise_cost": 11.607583789453, "n_waypoints_completed": 9, "tot_waypoints": 9}}
{"target": -172.04829532513529, "params": {"k_pid_pos": [1.3739064398628358, 0.0, 0.6017209333058573], "k_pid_alt": [2.0, 0.0, 0.0], "k_pid_att": [21.887247705398337, 0.0001, 0.25544107086947476], "k_pid_yaw": [0.5, 1e-06, 0.1], "k_pid_hsp": [0.10791393821849105, 0.00026150051372668626, 0.0], "k_pid_vsp": [236.59404385979133, 363.6872652114471, 1e-06]}, "datetime": {"datetime": "2025-08-20 17:56:03", "elapsed": 21818.14160466194, "delta": 16.310555458068848}, "costs": {"total_cost": 172.04829532513529, "time_cost": 70.34400000000001, "final_distance_cost": 1.816856653037168, "oscillation_cost": 25.78212156313994, "completition_cost": 0.0, "overshoot_cost": 51.317533475781175, "power_cost": 11.609839916992188, "noise_cost": 11.177943716184796, "n_waypoints_completed": 9, "tot_waypoints": 9}}
{"target": -172.72904057753962, "params": {"k_pid_pos": [1.4433276602915934, 0.0, 0.8606917023559655], "k_pid_alt": [2.0, 0.0, 0.0], "k_pid_att": [35.65439000480656, 0.0001, 0.25112517074727425], "k_pid_yaw": [0.5, 1e-06, 0.1], "k_pid_hsp": [0.11211884444228354, 2.9629718450327615e-05, 0.0], "k_pid_vsp": [255.7975527996468, 379.29806597359567, 1e-06]}, "datetime": {"datetime": "2025-08-20 17:56:18", "elapsed": 21833.470777273178, "delta": 15.329172611236572}, "costs": {"total_cost": 172.72904057753962, "time_cost": 70.928, "final_distance_cost": 1.8362554223888439, "oscillation_cost": 25.247997171566936, "completition_cost": 0.0, "overshoot_cost": 51.120305280967145, "power_cost": 12.04512001953125, "noise_cost": 11.551362683085438, "n_waypoints_completed": 9, "tot_waypoints": 9}}
{"target": -173.24503743828382, "params": {"k_pid_pos": [1.504409364948476, 0.0, 0.7289474499994226], "k_pid_alt": [1.6988962287754323, 0.0, 0.0], "k_pid_att": [42.70889383267669, 0.0001, 0.2506650260404367], "k_pid_yaw": [0.5, 1e-06, 0.1], "k_pid_hsp": [0.10568544552928773, 0.00015099185800924097, 0.0], "k_pid_vsp": [293.9949759235549, 342.42371306965686, 1e-06]}, "datetime": {"datetime": "2025-08-20 17:56:34", "elapsed": 21849.009149074554, "delta": 15.538371801376343}, "costs": {"total_cost": 173.24503743828382, "time_cost": 70.008, "final_distance_cost": 1.8233824877269686, "oscillation_cost": 26.543503952996346, "completition_cost": 0.0, "overshoot_cost": 51.428261710547766, "power_cost": 12.103526525878907, "noise_cost": 11.33836276113382, "n_waypoints_completed": 9, "tot_waypoints": 9}}
{"target": -173.05707642838038, "params": {"k_pid_pos": [1.5263691656439093, 0.0, 0.8917098323383564], "k_pid_alt": [2.0, 0.0, 0.0], "k_pid_att": [23.37647114672191, 0.0001, 0.4332015562766386], "k_pid_yaw": [0.5, 1e-06, 0.1], "k_pid_hsp": [0.11612163590505781, 0.000110416280966839, 0.0], "k_pid_vsp": [261.1906652339485, 221.11955422452976, 1e-06]}, "datetime": {"datetime": "2025-08-20 17:56:50", "elapsed": 21865.15611600876, "delta": 16.1469669342041}, "costs": {"total_cost": 173.05707642838038, "time_cost": 70.83200000000001, "final_distance_cost": 1.841285123201211, "oscillation_cost": 25.35038472797644, "completition_cost": 0.0, "overshoot_cost": 51.436529616439685, "power_cost": 12.06651600341797, "noise_cost": 11.53036095734506, "n_waypoints_completed": 9, "tot_waypoints": 9}}
{"target": -172.10191662598166, "params": {"k_pid_pos": [1.512892136110482, 0.0, 0.7333456544042347], "k_pid_alt": [2.0, 0.0, 0.0], "k_pid_att": [12.070179523673872, 0.0001, 0.3817803372278922], "k_pid_yaw": [0.5, 1e-06, 0.1], "k_pid_hsp": [0.11819311341616984, 0.0014290781124541754, 0.0], "k_pid_vsp": [261.10540635172566, 306.11445412591337, 1e-06]}, "datetime": {"datetime": "2025-08-20 17:57:05", "elapsed": 21880.373151302338, "delta": 15.217035293579102}, "costs": {"total_cost": 172.10191662598166, "time_cost": 70.264, "final_distance_cost": 1.8201594482191714, "oscillation_cost": 25.976828133911976, "completition_cost": 0.0, "overshoot_cost": 50.829738631440385, "power_cost": 11.987308337402345, "noise_cost": 11.22388207500779, "n_waypoints_completed": 9, "tot_waypoints": 9}}
{"target": -173.47994071214615, "params": {"k_pid_pos": [1.5082465105978222, 0.0, 0.6450245582670415], "k_pid_alt": [2.0, 0.0, 0.0], "k_pid_att": [19.589081710318787, 0.0001, 0.1471560440575989], "k_pid_yaw": [0.5, 1e-06, 0.1], "k_pid_hsp": [0.13433649024383396, 0.0, 0.0], "k_pid_vsp": [335.4592188180536, 400.0, 1e-06]}, "datetime": {"datetime": "2025-08-20 17:57:21", "elapsed": 21895.95812368393, "delta": 15.584972381591797}, "costs": {"total_cost": 173.47994071214615, "time_cost": 70.144, "final_distance_cost": 1.826836063792137, "oscillation_cost": 26.734928305933884, "completition_cost": 0.0, "overshoot_cost": 51.22439615280717, "power_cost": 12.125601257324218, "noise_cost": 11.424178932288738, "n_waypoints_completed": 9, "tot_waypoints": 9}}
{"target": -172.2850158428913, "params": {"k_pid_pos": [1.4218371069579532, 0.0, 0.8324698688610541], "k_pid_alt": [2.0, 0.0, 0.0], "k_pid_att": [50.98209772731158, 0.0001, 0.33810156063223396], "k_pid_yaw": [0.5, 1e-06, 0.1], "k_pid_hsp": [0.1216630932612509, 0.0002552089134897517, 0.0], "k_pid_vsp": [280.37356244242267, 285.1598730800853, 1e-06]}, "datetime": {"datetime": "2025-08-20 17:57:37", "elapsed": 21911.615668535233, "delta": 15.6575448513031}, "costs": {"total_cost": 172.2850158428913, "time_cost": 70.992, "final_distance_cost": 1.8267498903849677, "oscillation_cost": 25.176425107369845, "completition_cost": 0.0, "overshoot_cost": 50.72989979359833, "power_cost": 12.000646936035157, "noise_cost": 11.559294115502997, "n_waypoints_completed": 9, "tot_waypoints": 9}}
{"target": -173.08916887997546, "params": {"k_pid_pos": [1.5982606260810124, 0.0, 0.778018343316356], "k_pid_alt": [2.0, 0.0, 0.0], "k_pid_att": [36.610468302038065, 0.0001, 0.24655584055767457], "k_pid_yaw": [0.5, 1e-06, 0.1], "k_pid_hsp": [0.1399600502143507, 0.0, 0.0], "k_pid_vsp": [261.68571702071824, 237.75858799129935, 1e-06]}, "datetime": {"datetime": "2025-08-20 17:57:52", "elapsed": 21927.426274061203, "delta": 15.810605525970459}, "costs": {"total_cost": 173.08916887997546, "time_cost": 70.376, "final_distance_cost": 1.8416655040054608, "oscillation_cost": 26.517231385215446, "completition_cost": 0.0, "overshoot_cost": 50.766892476715825, "power_cost": 12.162404931640626, "noise_cost": 11.424974582398084, "n_waypoints_completed": 9, "tot_waypoints": 9}}
{"target": -172.18595504726053, "params": {"k_pid_pos": [1.3968992914115324, 0.0, 0.8486658708081237], "k_pid_alt": [2.0, 0.0, 0.0], "k_pid_att": [22.550143536563926, 0.0001, 0.30898473814797456], "k_pid_yaw": [0.5, 1e-06, 0.1], "k_pid_hsp": [0.09815626907275833, 0.00012222262979703783, 0.0], "k_pid_vsp": [242.81460193097476, 400.0, 1e-06]}, "datetime": {"datetime": "2025-08-20 17:58:09", "elapsed": 21944.384928703308, "delta": 16.958654642105103}, "costs": {"total_cost": 172.18595504726053, "time_cost": 70.984, "final_distance_cost": 1.8195278877546937, "oscillation_cost": 24.854572688665108, "completition_cost": 0.0, "overshoot_cost": 51.362610784242, "power_cost": 11.794841455078126, "noise_cost": 11.37040223152062, "n_waypoints_completed": 9, "tot_waypoints": 9}}
{"target": -172.74838702961375, "params": {"k_pid_pos": [1.5381713076197483, 0.0, 0.7574394832303497], "k_pid_alt": [2.0, 0.0, 0.0], "k_pid_att": [44.46518349914854, 0.0001, 0.3480758338562328], "k_pid_yaw": [0.5, 1e-06, 0.1], "k_pid_hsp": [0.11185482683697419, 0.0, 0.0], "k_pid_vsp": [224.77652006207998, 389.52833615389386, 1e-06]}, "datetime": {"datetime": "2025-08-20 17:58:24", "elapsed": 21959.367666959763, "delta": 14.982738256454468}, "costs": {"total_cost": 172.74838702961375, "time_cost": 70.432, "final_distance_cost": 1.8232797520703115, "oscillation_cost": 26.064210415945688, "completition_cost": 0.0, "overshoot_cost": 51.48696573298931, "power_cost": 11.697000598144532, "noise_cost": 11.244930530463893, "n_waypoints_completed": 9, "tot_waypoints": 9}}
{"target": -173.23583976566678, "params": {"k_pid_pos": [1.462129522277564, 0.0, 0.8129171900013076], "k_pid_alt": [2.0, 0.0, 0.0], "k_pid_att": [32.664352273809996, 0.0001, 0.2321259901833974], "k_pid_yaw": [0.5, 1e-06, 0.1], "k_pid_hsp": [0.10326047223937733, 0.000332988663715747, 0.0], "k_pid_vsp": [245.65069777162833, 198.85498335473557, 1e-06]}, "datetime": {"datetime": "2025-08-20 17:58:40", "elapsed": 21975.395773649216, "delta": 16.028106689453125}, "costs": {"total_cost": 173.23583976566678, "time_cost": 70.824, "final_distance_cost": 1.8330182272529052, "oscillation_cost": 25.24235585446711, "completition_cost": 0.0, "overshoot_cost": 51.65266203156627, "power_cost": 12.07809940185547, "noise_cost": 11.605704250525028, "n_waypoints_completed": 9, "tot_waypoints": 9}}
{"target": -172.45326285341804, "params": {"k_pid_pos": [1.4410389889161834, 0.0, 0.866535618974433], "k_pid_alt": [2.0, 0.0, 0.0], "k_pid_att": [25.28219687383866, 0.0001, 0.22646007106122484], "k_pid_yaw": [0.5, 1e-06, 0.1], "k_pid_hsp": [0.13258312108155904, 0.0001794353611194183, 0.0], "k_pid_vsp": [260.93020285896677, 328.6517726017692, 1e-06]}, "datetime": {"datetime": "2025-08-20 17:58:56", "elapsed": 21991.542515277863, "delta": 16.14674162864685}, "costs": {"total_cost": 172.45326285341804, "time_cost": 70.96000000000001, "final_distance_cost": 1.832080070251256, "oscillation_cost": 25.356360424166382, "completition_cost": 0.0, "overshoot_cost": 50.70735031887585, "power_cost": 12.065575695800781, "noise_cost": 11.53189634432377, "n_waypoints_completed": 9, "tot_waypoints": 9}}
{"target": -173.21059261978374, "params": {"k_pid_pos": [1.4661948813599444, 0.0, 0.8760899606636162], "k_pid_alt": [2.0, 0.0, 0.0], "k_pid_att": [14.423940432392392, 0.0001, 0.2376273373965414], "k_pid_yaw": [0.5, 1e-06, 0.1], "k_pid_hsp": [0.08964027898848817, 0.0, 0.0], "k_pid_vsp": [265.4548399688268, 276.1355857548463, 1e-06]}, "datetime": {"datetime": "2025-08-20 17:59:12", "elapsed": 22007.02246236801, "delta": 15.479947090148926}, "costs": {"total_cost": 173.21059261978374, "time_cost": 70.904, "final_distance_cost": 1.8112324720130326, "oscillation_cost": 24.88127049185123, "completition_cost": 0.0, "overshoot_cost": 52.00663364268886, "power_cost": 12.103700268554688, "noise_cost": 11.50375574467593, "n_waypoints_completed": 9, "tot_waypoints": 9}}
{"target": -172.64565737025842, "params": {"k_pid_pos": [1.5441279936636216, 0.0, 0.8369768903551686], "k_pid_alt": [2.0, 0.0, 0.0], "k_pid_att": [15.915106059850697, 0.0001, 0.20771671491181154], "k_pid_yaw": [0.5, 1e-06, 0.1], "k_pid_hsp": [0.11554671564880259, 0.0002447668839678177, 0.0], "k_pid_vsp": [267.2078940671859, 400.0, 1e-06]}, "datetime": {"datetime": "2025-08-20 17:59:28", "elapsed": 22023.333732128143, "delta": 16.311269760131836}, "costs": {"total_cost": 172.64565737025842, "time_cost": 70.496, "final_distance_cost": 1.8220199682138467, "oscillation_cost": 25.947696826668015, "completition_cost": 0.0, "overshoot_cost": 50.98064028488437, "power_cost": 12.033786755371095, "noise_cost": 11.365513535121087, "n_waypoints_completed": 9, "tot_waypoints": 9}}
{"target": -172.0877054818521, "params": {"k_pid_pos": [1.4359918096068416, 0.0, 0.7943497780706603], "k_pid_alt": [2.0, 0.0, 0.0], "k_pid_att": [22.669542040804913, 0.0001, 0.33514989305370396], "k_pid_yaw": [0.5, 1e-06, 0.1], "k_pid_hsp": [0.1191455156122117, 0.0002267078178187218, 0.0], "k_pid_vsp": [266.7049213505235, 362.23031563329147, 1e-06]}, "datetime": {"datetime": "2025-08-20 17:59:44", "elapsed": 22038.861327648163, "delta": 15.527595520019531}, "costs": {"total_cost": 172.0877054818521, "time_cost": 70.70400000000001, "final_distance_cost": 1.8284095242333378, "oscillation_cost": 25.38794808655544, "completition_cost": 0.0, "overshoot_cost": 50.715195214183304, "power_cost": 11.98962744140625, "noise_cost": 11.462525215473779, "n_waypoints_completed": 9, "tot_waypoints": 9}}
{"target": -172.9503057300165, "params": {"k_pid_pos": [1.4818240492720487, 0.0, 1.0], "k_pid_alt": [2.0, 0.0, 0.0], "k_pid_att": [22.508416711476173, 0.0001, 0.2350555063214933], "k_pid_yaw": [0.5, 1e-06, 0.1], "k_pid_hsp": [0.1284867069947817, 6.13573249762488e-05, 0.0], "k_pid_vsp": [262.32833079925143, 272.2166074282787, 1e-06]}, "datetime": {"datetime": "2025-08-20 18:00:00", "elapsed": 22055.184351205826, "delta": 16.323023557662964}, "costs": {"total_cost": 172.9503057300165, "time_cost": 71.32000000000001, "final_distance_cost": 1.8392963322769498, "oscillation_cost": 25.068699051890352, "completition_cost": 0.0, "overshoot_cost": 50.93904825976575, "power_cost": 12.075272912597656, "noise_cost": 11.707989173485798, "n_waypoints_completed": 9, "tot_waypoints": 9}}
{"target": -172.65368727759983, "params": {"k_pid_pos": [1.5236600748286948, 0.008794124509939119, 1.0], "k_pid_alt": [2.0, 0.0, 0.0], "k_pid_att": [21.721474823520722, 0.0001, 0.2334897307449114], "k_pid_yaw": [0.5, 1e-06, 0.1], "k_pid_hsp": [0.11313112312690256, 0.0, 0.0], "k_pid_vsp": [275.99518229340765, 260.344713095503, 1e-06]}, "datetime": {"datetime": "2025-08-20 18:00:16", "elapsed": 22071.302045822144, "delta": 16.11769461631775}, "costs": {"total_cost": 172.65368727759983, "time_cost": 71.08800000000001, "final_distance_cost": 1.841247904466276, "oscillation_cost": 25.068912587966768, "completition_cost": 0.0, "overshoot_cost": 51.024861372275836, "power_cost": 12.039177087402344, "noise_cost": 11.591488325488584, "n_waypoints_completed": 9, "tot_waypoints": 9}}
{"target": -172.4371502775211, "params": {"k_pid_pos": [1.3941057158767605, 0.0, 0.7651324292628724], "k_pid_alt": [2.0, 0.0, 0.0], "k_pid_att": [25.954303727849396, 0.0001, 0.2859193329756091], "k_pid_yaw": [0.5, 1e-06, 0.1], "k_pid_hsp": [0.11001309211458969, 0.00035277398568135383, 0.0], "k_pid_vsp": [268.54325905367415, 365.24871658913963, 1e-06]}, "datetime": {"datetime": "2025-08-20 18:00:31", "elapsed": 22086.48627781868, "delta": 15.184231996536255}, "costs": {"total_cost": 172.4371502775211, "time_cost": 70.744, "final_distance_cost": 1.8254960912892793, "oscillation_cost": 25.36704310578502, "completition_cost": 0.0, "overshoot_cost": 51.19904931400055, "power_cost": 11.98146083984375, "noise_cost": 11.320100926602521, "n_waypoints_completed": 9, "tot_waypoints": 9}}
{"target": -172.25266261051505, "params": {"k_pid_pos": [1.4309887396451482, 0.0, 0.7163376919874682], "k_pid_alt": [2.0, 0.0, 0.0], "k_pid_att": [31.761102554687298, 0.0001, 0.1904937813009344], "k_pid_yaw": [0.5, 1e-06, 0.1], "k_pid_hsp": [0.11222889699930093, 7.2294847456383046e-06, 0.0], "k_pid_vsp": [259.7212746758405, 352.26421379481366, 1e-06]}, "datetime": {"datetime": "2025-08-20 18:00:47", "elapsed": 22102.534667253494, "delta": 16.048389434814453}, "costs": {"total_cost": 172.25266261051505, "time_cost": 70.568, "final_distance_cost": 1.8336247508086563, "oscillation_cost": 25.621333929587532, "completition_cost": 0.0, "overshoot_cost": 50.80420550323811, "power_cost": 11.9205673828125, "noise_cost": 11.504931044068256, "n_waypoints_completed": 9, "tot_waypoints": 9}}
{"target": -174.3748720552291, "params": {"k_pid_pos": [1.1731696883825082, 0.0, 0.8607928273698016], "k_pid_alt": [2.0, 0.0, 0.0], "k_pid_att": [20.785593107118103, 0.0001, 0.2102390026177005], "k_pid_yaw": [0.5, 1e-06, 0.1], "k_pid_hsp": [0.11692247849085322, 0.00033478419791389694, 0.0], "k_pid_vsp": [263.00674401602936, 374.73992295850053, 1e-06]}, "datetime": {"datetime": "2025-08-20 18:01:03", "elapsed": 22118.494595766068, "delta": 15.959928512573242}, "costs": {"total_cost": 174.3748720552291, "time_cost": 72.792, "final_distance_cost": 1.8388268026364347, "oscillation_cost": 24.790457735606182, "completition_cost": 0.0, "overshoot_cost": 50.92275403748495, "power_cost": 12.19126982421875, "noise_cost": 11.839563655282811, "n_waypoints_completed": 9, "tot_waypoints": 9}}
{"target": -172.32563403177858, "params": {"k_pid_pos": [1.4403164160472843, 0.0, 0.9580127351763322], "k_pid_alt": [2.0, 0.0, 0.0], "k_pid_att": [29.56158803568156, 0.0001, 0.2357013528990491], "k_pid_yaw": [0.5, 1e-06, 0.1], "k_pid_hsp": [0.0865530055344931, 0.00035409748907811703, 0.0], "k_pid_vsp": [263.4151805406735, 353.23900531222154, 1e-06]}, "datetime": {"datetime": "2025-08-20 18:01:19", "elapsed": 22134.479009866714, "delta": 15.984414100646973}, "costs": {"total_cost": 172.32563403177858, "time_cost": 71.232, "final_distance_cost": 1.8289981005872697, "oscillation_cost": 24.58182659473375, "completition_cost": 0.0, "overshoot_cost": 51.75725969546148, "power_cost": 11.535973547363282, "noise_cost": 11.389576093632812, "n_waypoints_completed": 9, "tot_waypoints": 9}}
{"target": -172.05163053139017, "params": {"k_pid_pos": [1.4783074313035396, 0.0, 0.6660965278369829], "k_pid_alt": [2.0, 0.0, 0.0], "k_pid_att": [16.338023771509533, 0.0001, 0.4174526174717579], "k_pid_yaw": [0.5, 1e-06, 0.1], "k_pid_hsp": [0.1230768994165691, 1.6512759813174584e-05, 0.0], "k_pid_vsp": [268.24535086433303, 348.1804928608175, 1e-06]}, "datetime": {"datetime": "2025-08-20 18:01:36", "elapsed": 22150.866586446762, "delta": 16.387576580047607}, "costs": {"total_cost": 172.05163053139017, "time_cost": 70.256, "final_distance_cost": 1.8381229374252717, "oscillation_cost": 26.044851081602353, "completition_cost": 0.0, "overshoot_cost": 50.71965883732825, "power_cost": 11.962549584960938, "noise_cost": 11.23044809007338, "n_waypoints_completed": 9, "tot_waypoints": 9}}
{"target": -172.21666517627966, "params": {"k_pid_pos": [1.4882178737483849, 0.0, 0.8018599256557215], "k_pid_alt": [2.0, 0.0, 0.0], "k_pid_att": [25.034681454249615, 0.0001, 0.25967658250026493], "k_pid_yaw": [0.5, 1e-06, 0.1], "k_pid_hsp": [0.11246599080711586, 0.0002989236718744515, 0.0], "k_pid_vsp": [264.52406694867153, 370.98936423805975, 1e-06]}, "datetime": {"datetime": "2025-08-20 18:01:51", "elapsed": 22166.365713357925, "delta": 15.49912691116333}, "costs": {"total_cost": 172.21666517627966, "time_cost": 70.592, "final_distance_cost": 1.83483931637164, "oscillation_cost": 25.47160351132539, "completition_cost": 0.0, "overshoot_cost": 50.76467447778581, "power_cost": 12.10869775390625, "noise_cost": 11.444850116890567, "n_waypoints_completed": 9, "tot_waypoints": 9}}
{"target": -172.55923279288984, "params": {"k_pid_pos": [1.6179877221227215, 0.0, 0.9174006044180153], "k_pid_alt": [2.0, 0.0, 0.0], "k_pid_att": [19.10943385493806, 0.0001, 0.28655764853601384], "k_pid_yaw": [0.5, 1e-06, 0.1], "k_pid_hsp": [0.11982268446097233, 0.00023434912264659082, 0.0], "k_pid_vsp": [256.4380247998607, 166.96608872185763, 1e-06]}, "datetime": {"datetime": "2025-08-20 18:02:07", "elapsed": 22182.313693761826, "delta": 15.947980403900146}, "costs": {"total_cost": 172.55923279288984, "time_cost": 70.688, "final_distance_cost": 1.84187614162924, "oscillation_cost": 25.62785950173389, "completition_cost": 0.0, "overshoot_cost": 50.676794337499054, "power_cost": 12.16388426513672, "noise_cost": 11.560818546890932, "n_waypoints_completed": 9, "tot_waypoints": 9}}
{"target": -172.9739459662734, "params": {"k_pid_pos": [1.5545526370325748, 0.0, 0.9200233045544048], "k_pid_alt": [2.0, 0.0, 0.0], "k_pid_att": [7.797883035237245, 0.0001, 0.43692096485099924], "k_pid_yaw": [0.5, 1e-06, 0.1], "k_pid_hsp": [0.1184819847795863, 0.00021585961737158367, 0.0], "k_pid_vsp": [277.82295323173275, 315.8983274520457, 1e-06]}, "datetime": {"datetime": "2025-08-20 18:02:23", "elapsed": 22197.679862499237, "delta": 15.366168737411499}, "costs": {"total_cost": 172.9739459662734, "time_cost": 70.664, "final_distance_cost": 1.8267165040141986, "oscillation_cost": 25.529867119882198, "completition_cost": 0.0, "overshoot_cost": 51.387727728481266, "power_cost": 12.078024096679687, "noise_cost": 11.487610517216039, "n_waypoints_completed": 9, "tot_waypoints": 9}}
{"target": -172.09311847923047, "params": {"k_pid_pos": [1.4546433364525153, 0.0, 0.7813189625268971], "k_pid_alt": [2.0, 0.0, 0.0], "k_pid_att": [25.33933150921975, 0.0001, 0.2225419905896246], "k_pid_yaw": [0.5, 1e-06, 0.1], "k_pid_hsp": [0.11579177960320501, 0.00037818475984961503, 0.0], "k_pid_vsp": [277.8070080470961, 362.90223573021115, 1e-06]}, "datetime": {"datetime": "2025-08-20 18:02:40", "elapsed": 22214.98775458336, "delta": 17.307892084121704}, "costs": {"total_cost": 172.09311847923047, "time_cost": 70.624, "final_distance_cost": 1.8337645334182529, "oscillation_cost": 25.44839525550521, "completition_cost": 0.0, "overshoot_cost": 50.567642749355386, "power_cost": 12.155982336425781, "noise_cost": 11.463333604525832, "n_waypoints_completed": 9, "tot_waypoints": 9}}
