{"target": -172.60298999147687, "params": {"k_pid_pos": [1.369872800043992, 0.0, 0.7604451804535034], "k_pid_alt": [2.0, 0.0, 0.0], "k_pid_att": [30.02848194703102, 0.0001, 0.2574222595184744], "k_pid_yaw": [0.5, 1e-06, 0.1], "k_pid_hsp": [0.0997816808455946, 3.292714583957194e-05, 0.0], "k_pid_vsp": [242.62206647160042, 400.0, 1e-06]}, "datetime": {"datetime": "2025-08-20 18:17:25", "elapsed": 23099.760770320892, "delta": 16.577425479888916}, "costs": {"total_cost": 172.60298999147687, "time_cost": 70.808, "final_distance_cost": 1.8145769916227656, "oscillation_cost": 25.27557763207165, "completition_cost": 0.0, "overshoot_cost": 51.20267209493905, "power_cost": 12.021315771484376, "noise_cost": 11.480847501359015, "n_waypoints_completed": 9, "tot_waypoints": 9}}
{"target": -172.95967561658713, "params": {"k_pid_pos": [1.4298027801758717, 0.0, 0.8132063874602222], "k_pid_alt": [2.0, 0.0, 0.0], "k_pid_att": [25.358042791499702, 0.0001, 0.2550291035224508], "k_pid_yaw": [0.5, 1e-06, 0.1], "k_pid_hsp": [0.11321896865498382, 0.0002720838354017778, 0.0], "k_pid_vsp": [243.82330597007154, 353.39030898353, 1e-06]}, "datetime": {"datetime": "2025-08-20 18:17:40", "elapsed": 23114.825016736984, "delta": 15.064246416091919}, "costs": {"total_cost": 172.95967561658713, "time_cost": 70.768, "final_distance_cost": 1.8305055745126417, "oscillation_cost": 25.493100646111127, "completition_cost": 0.0, "overshoot_cost": 51.18795965537578, "power_cost": 12.207150122070313, "noise_cost": 11.472959618517281, "n_waypoints_completed": 9, "tot_waypoints": 9}}
{"target": -172.56006620402027, "params": {"k_pid_pos": [1.3660225093795195, 0.0, 0.8178070999438452], "k_pid_alt": [2.0, 0.0, 0.0], "k_pid_att": [24.187045285159687, 0.0001, 0.29096503942390173], "k_pid_yaw": [0.5, 1e-06, 0.1], "k_pid_hsp": [0.11244142739530667, 6.137099463985601e-05, 0.0], "k_pid_vsp": [242.65506790231507, 400.0, 1e-06]}, "datetime": {"datetime": "2025-08-20 18:17:56", "elapsed": 23131.195054769516, "delta": 16.37003803253174}, "costs": {"total_cost": 172.56006620402027, "time_cost": 71.0, "final_distance_cost": 1.8289443017078333, "oscillation_cost": 25.176565206874123, "completition_cost": 0.0, "overshoot_cost": 51.125811756009526, "power_cost": 11.965303344726562, "noise_cost": 11.46344159470226, "n_waypoints_completed": 9, "tot_waypoints": 9}}
{"target": -172.4721590447809, "params": {"k_pid_pos": [1.4281299649675747, 0.0, 0.8174459047815221], "k_pid_alt": [2.0, 0.0, 0.0], "k_pid_att": [41.56267753391997, 0.0001, 0.44967596833879625], "k_pid_yaw": [0.5, 1e-06, 0.1], "k_pid_hsp": [0.10519335806499358, 0.00020079542372283541, 0.0], "k_pid_vsp": [265.9910134104687, 320.0667946199528, 1e-06]}, "datetime": {"datetime": "2025-08-20 18:18:11", "elapsed": 23146.424332380295, "delta": 15.229277610778809}, "costs": {"total_cost": 172.4721590447809, "time_cost": 70.872, "final_distance_cost": 1.8263721096242491, "oscillation_cost": 25.02126803398257, "completition_cost": 0.0, "overshoot_cost": 51.2868015708127, "power_cost": 11.98609735107422, "noise_cost": 11.479619979287166, "n_waypoints_completed": 9, "tot_waypoints": 9}}
{"target": -171.82700916149753, "params": {"k_pid_pos": [1.4313318951716927, 0.0, 0.783568127612441], "k_pid_alt": [2.0, 0.0, 0.0], "k_pid_att": [23.30417246395231, 0.0001, 0.2595686760344725], "k_pid_yaw": [0.5, 1e-06, 0.1], "k_pid_hsp": [0.11225288921597372, 0.00016793003591756005, 0.0], "k_pid_vsp": [261.1758095993015, 355.6950719394449, 1e-06]}, "datetime": {"datetime": "2025-08-20 18:18:27", "elapsed": 23162.484860897064, "delta": 16.06052851676941}, "costs": {"total_cost": 171.82700916149753, "time_cost": 70.70400000000001, "final_distance_cost": 1.8299563497207239, "oscillation_cost": 25.34954382796001, "completition_cost": 0.0, "overshoot_cost": 50.89065654421229, "power_cost": 11.732232836914063, "noise_cost": 11.32061960269047, "n_waypoints_completed": 9, "tot_waypoints": 9}}
{"target": -172.2083378385869, "params": {"k_pid_pos": [1.3450679357642088, 0.0, 0.6395482803764106], "k_pid_alt": [2.0, 0.0, 0.0], "k_pid_att": [43.78025278453352, 0.0001, 0.21100403928644887], "k_pid_yaw": [0.5, 1e-06, 0.1], "k_pid_hsp": [0.08042596622345909, 1.8375645101630913e-07, 0.0], "k_pid_vsp": [210.88177924893046, 340.45880990388, 1e-06]}, "datetime": {"datetime": "2025-08-20 18:18:44", "elapsed": 23178.643856287003, "delta": 16.158995389938354}, "costs": {"total_cost": 172.2083378385869, "time_cost": 70.744, "final_distance_cost": 1.805794949354879, "oscillation_cost": 25.191261425854947, "completition_cost": 0.0, "overshoot_cost": 51.795698777295314, "power_cost": 11.5533798828125, "noise_cost": 11.118202803269297, "n_waypoints_completed": 9, "tot_waypoints": 9}}
{"target": -172.35962624816815, "params": {"k_pid_pos": [1.2768637888767307, 0.0, 0.5319113354484343], "k_pid_alt": [2.0, 0.0, 0.0], "k_pid_att": [25.70108632844476, 0.0001, 0.29561569251305797], "k_pid_yaw": [0.5, 1e-06, 0.1], "k_pid_hsp": [0.11334364455208816, 0.0002579516155330765, 0.0], "k_pid_vsp": [262.5754870180223, 359.97808054287583, 1e-06]}, "datetime": {"datetime": "2025-08-20 18:18:59", "elapsed": 23193.903297901154, "delta": 15.259441614151001}, "costs": {"total_cost": 172.35962624816815, "time_cost": 70.408, "final_distance_cost": 1.8290231773369914, "oscillation_cost": 25.787797155889237, "completition_cost": 0.0, "overshoot_cost": 51.04548801451145, "power_cost": 11.922247216796876, "noise_cost": 11.367070683633589, "n_waypoints_completed": 9, "tot_waypoints": 9}}
{"target": -173.82867149936484, "params": {"k_pid_pos": [1.4241548057390805, 0.0, 0.6436529054682532], "k_pid_alt": [1.8432007929086411, 0.0, 0.0], "k_pid_att": [42.699320139007426, 0.0001, 0.06377354132126622], "k_pid_yaw": [0.5, 1e-06, 0.1], "k_pid_hsp": [0.09454995283667081, 7.539029397809252e-05, 0.0], "k_pid_vsp": [264.8628093722408, 359.9627187149609, 1e-06]}, "datetime": {"datetime": "2025-08-20 18:19:15", "elapsed": 23209.759171009064, "delta": 15.855873107910156}, "costs": {"total_cost": 173.82867149936484, "time_cost": 70.19200000000001, "final_distance_cost": 1.8298417289624638, "oscillation_cost": 27.061626146689893, "completition_cost": 0.0, "overshoot_cost": 51.40099090961914, "power_cost": 11.946164587402345, "noise_cost": 11.398048126691002, "n_waypoints_completed": 9, "tot_waypoints": 9}}
{"target": -172.84888719603987, "params": {"k_pid_pos": [1.3895101632203293, 0.0, 0.6148449972378185], "k_pid_alt": [2.0, 0.0, 0.0], "k_pid_att": [37.611046803523394, 0.0001, 0.408650760125302], "k_pid_yaw": [0.5, 1e-06, 0.1], "k_pid_hsp": [0.1120267184392649, 0.00029038656145111553, 0.0], "k_pid_vsp": [253.48375235952332, 380.95900934632584, 1e-06]}, "datetime": {"datetime": "2025-08-20 18:19:30", "elapsed": 23224.856555700302, "delta": 15.097384691238403}, "costs": {"total_cost": 172.84888719603987, "time_cost": 70.352, "final_distance_cost": 1.8156387345800742, "oscillation_cost": 25.815980391000647, "completition_cost": 0.0, "overshoot_cost": 51.42178495704667, "power_cost": 12.088334484863282, "noise_cost": 11.355148628549188, "n_waypoints_completed": 9, "tot_waypoints": 9}}
{"target": -171.39906619080529, "params": {"k_pid_pos": [1.3646948206900718, 0.0, 0.7520685455952056], "k_pid_alt": [1.9996292924490664, 0.0, 0.0], "k_pid_att": [19.278958347627213, 0.0001, 0.279458409410999], "k_pid_yaw": [0.5, 1e-06, 0.1], "k_pid_hsp": [0.10524036169635032, 0.00014266758331009293, 0.0], "k_pid_vsp": [227.52757312723057, 360.6709932305932, 1e-06]}, "datetime": {"datetime": "2025-08-20 18:19:46", "elapsed": 23241.53734612465, "delta": 16.680790424346924}, "costs": {"total_cost": 171.39906619080529, "time_cost": 70.784, "final_distance_cost": 1.8309323378032143, "oscillation_cost": 25.026074421394547, "completition_cost": 0.0, "overshoot_cost": 50.883019446229774, "power_cost": 11.664070666503907, "noise_cost": 11.210969318873817, "n_waypoints_completed": 9, "tot_waypoints": 9}}
{"target": -171.6577899186334, "params": {"k_pid_pos": [1.4183773257770425, 0.0, 0.7515601879391473], "k_pid_alt": [2.0, 0.0, 0.0], "k_pid_att": [24.508962833330802, 0.0001, 0.27902834189866055], "k_pid_yaw": [0.5, 1e-06, 0.1], "k_pid_hsp": [0.11340477221207336, 0.00021099071107406707, 0.0], "k_pid_vsp": [233.80159292820554, 380.501396246283, 1e-06]}, "datetime": {"datetime": "2025-08-20 18:20:02", "elapsed": 23257.386471748352, "delta": 15.849125623703003}, "costs": {"total_cost": 171.6577899186334, "time_cost": 70.632, "final_distance_cost": 1.8219816032048317, "oscillation_cost": 25.428314924376316, "completition_cost": 0.0, "overshoot_cost": 50.78205820076616, "power_cost": 11.671134008789062, "noise_cost": 11.322301181497, "n_waypoints_completed": 9, "tot_waypoints": 9}}
{"target": -174.60842964087286, "params": {"k_pid_pos": [1.4065972830922213, 0.0, 1.0], "k_pid_alt": [1.937466568189355, 0.0, 0.0], "k_pid_att": [31.65184411856864, 0.0001, 0.3623578391035266], "k_pid_yaw": [0.5, 1e-06, 0.1], "k_pid_hsp": [0.13408005096376274, 0.00013663671407294342, 0.0], "k_pid_vsp": [333.0907648229918, 349.07618532003835, 1e-06]}, "datetime": {"datetime": "2025-08-20 18:20:18", "elapsed": 23273.28098154068, "delta": 15.89450979232788}, "costs": {"total_cost": 174.60842964087286, "time_cost": 71.768, "final_distance_cost": 1.8508212721900297, "oscillation_cost": 25.15302519288367, "completition_cost": 0.0, "overshoot_cost": 51.43659388934006, "power_cost": 12.442374829101563, "noise_cost": 11.957614457357527, "n_waypoints_completed": 9, "tot_waypoints": 9}}
{"target": -172.15824681533036, "params": {"k_pid_pos": [1.4015969811162972, 0.0, 0.7223838649550774], "k_pid_alt": [2.0, 0.0, 0.0], "k_pid_att": [21.875992339175426, 0.0001, 0.41440961562100465], "k_pid_yaw": [0.5, 1e-06, 0.1], "k_pid_hsp": [0.11908136496718955, 0.00035417667499899376, 0.0], "k_pid_vsp": [249.01561565391776, 388.10140188478636, 1e-06]}, "datetime": {"datetime": "2025-08-20 18:20:34", "elapsed": 23289.234771966934, "delta": 15.953790426254272}, "costs": {"total_cost": 172.15824681533036, "time_cost": 70.584, "final_distance_cost": 1.8333737182395506, "oscillation_cost": 25.469443676164907, "completition_cost": 0.0, "overshoot_cost": 50.55735433316938, "power_cost": 12.16096982421875, "noise_cost": 11.553105263537773, "n_waypoints_completed": 9, "tot_waypoints": 9}}
{"target": -172.89875776970365, "params": {"k_pid_pos": [1.4368920383308514, 0.0, 0.9146387802505186], "k_pid_alt": [2.0, 0.0, 0.0], "k_pid_att": [24.105102979217534, 0.0001, 0.2448584637237414], "k_pid_yaw": [0.5, 1e-06, 0.1], "k_pid_hsp": [0.11840244416128257, 0.002584607028303091, 0.0], "k_pid_vsp": [255.85674845548075, 308.2376700473494, 1e-06]}, "datetime": {"datetime": "2025-08-20 18:20:50", "elapsed": 23304.58252644539, "delta": 15.34775447845459}, "costs": {"total_cost": 172.89875776970365, "time_cost": 70.976, "final_distance_cost": 1.8320213341619775, "oscillation_cost": 25.1940613229177, "completition_cost": 0.0, "overshoot_cost": 51.06660267633527, "power_cost": 12.19478974609375, "noise_cost": 11.635282690194947, "n_waypoints_completed": 9, "tot_waypoints": 9}}
{"target": -171.63824834532852, "params": {"k_pid_pos": [1.375598138331907, 0.0, 0.6744386006774068], "k_pid_alt": [2.0, 0.0, 0.0], "k_pid_att": [34.933215594834046, 0.0001, 0.46192971733011023], "k_pid_yaw": [0.5, 1e-06, 0.1], "k_pid_hsp": [0.1284647185016859, 9.135485528614687e-05, 0.0], "k_pid_vsp": [230.39084011130532, 212.15707209007826, 1e-06]}, "datetime": {"datetime": "2025-08-20 18:21:06", "elapsed": 23321.161180734634, "delta": 16.578654289245605}, "costs": {"total_cost": 171.63824834532852, "time_cost": 70.656, "final_distance_cost": 1.8381820356806255, "oscillation_cost": 25.38485423353371, "completition_cost": 0.0, "overshoot_cost": 50.508766371903675, "power_cost": 11.839877197265626, "noise_cost": 11.410568506944896, "n_waypoints_completed": 9, "tot_waypoints": 9}}
{"target": -172.9947222594734, "params": {"k_pid_pos": [1.4515691316231765, 0.0, 0.8874490529930054], "k_pid_alt": [2.0, 0.0, 0.0], "k_pid_att": [32.947092015695205, 0.0001, 0.4065191700393924], "k_pid_yaw": [0.5, 1e-06, 0.1], "k_pid_hsp": [0.11599069132960671, 2.7488762342812133e-05, 0.0], "k_pid_vsp": [246.03905939533325, 324.57244324104386, 1e-06]}, "datetime": {"datetime": "2025-08-20 18:21:22", "elapsed": 23337.115844726562, "delta": 15.9546639919281}, "costs": {"total_cost": 172.9947222594734, "time_cost": 70.992, "final_distance_cost": 1.8371534846796291, "oscillation_cost": 25.10655444993338, "completition_cost": 0.0, "overshoot_cost": 50.91372170059013, "power_cost": 12.430896240234375, "noise_cost": 11.714396384035899, "n_waypoints_completed": 9, "tot_waypoints": 9}}
{"target": -172.72005110762538, "params": {"k_pid_pos": [1.3435008292386577, 0.0, 0.7277711075482398], "k_pid_alt": [2.0, 0.0, 0.0], "k_pid_att": [31.423977245352226, 0.0001, 0.2902806541873625], "k_pid_yaw": [0.5, 1e-06, 0.1], "k_pid_hsp": [0.11868073447149065, 0.0003185968665699007, 0.0], "k_pid_vsp": [260.85576441085226, 323.92170602457236, 1e-06]}, "datetime": {"datetime": "2025-08-20 18:21:38", "elapsed": 23353.399216890335, "delta": 16.283372163772583}, "costs": {"total_cost": 172.72005110762538, "time_cost": 70.824, "final_distance_cost": 1.8370292146728198, "oscillation_cost": 25.129618359826182, "completition_cost": 0.0, "overshoot_cost": 51.148226739490454, "power_cost": 12.168342749023438, "noise_cost": 11.61283404461248, "n_waypoints_completed": 9, "tot_waypoints": 9}}
{"target": -173.91168554578834, "params": {"k_pid_pos": [1.398947758123882, 0.0, 0.5275096867273337], "k_pid_alt": [2.0, 0.0, 0.0], "k_pid_att": [31.134512655127395, 0.0001, 0.3949359571757213], "k_pid_yaw": [0.5, 1e-06, 0.1], "k_pid_hsp": [0.14225892048239203, 0.0003860802689887978, 0.0], "k_pid_vsp": [199.3743326428034, 385.74526091388776, 1e-06]}, "datetime": {"datetime": "2025-08-20 18:21:54", "elapsed": 23369.38029384613, "delta": 15.981076955795288}, "costs": {"total_cost": 173.91168554578834, "time_cost": 70.12, "final_distance_cost": 1.8147078548152253, "oscillation_cost": 26.989320080937276, "completition_cost": 0.0, "overshoot_cost": 50.70714403035649, "power_cost": 12.61777197265625, "noise_cost": 11.66274160702312, "n_waypoints_completed": 9, "tot_waypoints": 9}}
{"target": -172.10208033353314, "params": {"k_pid_pos": [1.427006054335009, 0.0, 0.7714802560697243], "k_pid_alt": [2.0, 0.0, 0.0], "k_pid_att": [17.369677986634866, 0.0001, 0.3022565595471051], "k_pid_yaw": [0.5, 1e-06, 0.1], "k_pid_hsp": [0.12289135222905223, 0.00015581203455749293, 0.0], "k_pid_vsp": [232.53694626835286, 370.9653460985544, 1e-06]}, "datetime": {"datetime": "2025-08-20 18:22:10", "elapsed": 23384.947360277176, "delta": 15.567066431045532}, "costs": {"total_cost": 172.10208033353314, "time_cost": 70.632, "final_distance_cost": 1.8414969881212786, "oscillation_cost": 25.48775220423671, "completition_cost": 0.0, "overshoot_cost": 50.628349405049114, "power_cost": 11.986138195800782, "noise_cost": 11.52634354032527, "n_waypoints_completed": 9, "tot_waypoints": 9}}
{"target": -172.61488861654615, "params": {"k_pid_pos": [1.4741916061744231, 0.0, 0.8135562493028632], "k_pid_alt": [2.0, 0.0, 0.0], "k_pid_att": [50.12268204910867, 0.0001, 0.2899524513261723], "k_pid_yaw": [0.5, 1e-06, 0.1], "k_pid_hsp": [0.10153578173184308, 7.607280775779167e-05, 0.0], "k_pid_vsp": [253.0295134113341, 166.88561249522397, 1e-06]}, "datetime": {"datetime": "2025-08-20 18:22:26", "elapsed": 23401.031811237335, "delta": 16.0844509601593}, "costs": {"total_cost": 172.61488861654615, "time_cost": 70.912, "final_distance_cost": 1.8294229256880346, "oscillation_cost": 25.147410621090554, "completition_cost": 0.0, "overshoot_cost": 51.06175556648654, "power_cost": 12.0645517578125, "noise_cost": 11.599747745468495, "n_waypoints_completed": 9, "tot_waypoints": 9}}
{"target": -172.84455846621287, "params": {"k_pid_pos": [1.6052153292078875, 0.0, 0.8166500986999232], "k_pid_alt": [2.0, 0.0, 0.0], "k_pid_att": [26.02478631043516, 0.0001, 0.25154586427776043], "k_pid_yaw": [0.5, 1e-06, 0.1], "k_pid_hsp": [0.12298921130489372, 0.00027939124374240623, 0.0], "k_pid_vsp": [259.57933097077637, 343.8360815811555, 1e-06]}, "datetime": {"datetime": "2025-08-20 18:22:42", "elapsed": 23416.674395799637, "delta": 15.642584562301636}, "costs": {"total_cost": 172.84455846621287, "time_cost": 70.392, "final_distance_cost": 1.820397081475386, "oscillation_cost": 26.086861066558544, "completition_cost": 0.0, "overshoot_cost": 51.187630973255025, "power_cost": 11.982410400390625, "noise_cost": 11.375258944533304, "n_waypoints_completed": 9, "tot_waypoints": 9}}
{"target": -172.30226218521955, "params": {"k_pid_pos": [1.4465943237496497, 0.0, 0.6685908043839731], "k_pid_alt": [2.0, 0.0, 0.0], "k_pid_att": [42.85361239392985, 0.0001, 0.2525877373602511], "k_pid_yaw": [0.5, 1e-06, 0.1], "k_pid_hsp": [0.09338211125584349, 0.0002878348195011527, 0.0], "k_pid_vsp": [222.49163240163648, 244.79663024637608, 1e-06]}, "datetime": {"datetime": "2025-08-20 18:22:57", "elapsed": 23432.27227640152, "delta": 15.597880601882935}, "costs": {"total_cost": 172.30226218521955, "time_cost": 70.488, "final_distance_cost": 1.8198656918857272, "oscillation_cost": 25.67188390868022, "completition_cost": 0.0, "overshoot_cost": 51.21814696640906, "power_cost": 11.820161706542969, "noise_cost": 11.284203911701594, "n_waypoints_completed": 9, "tot_waypoints": 9}}
{"target": -172.13781424305057, "params": {"k_pid_pos": [1.2887100626137626, 0.0, 0.8079873071173769], "k_pid_alt": [2.0, 0.0, 0.0], "k_pid_att": [14.666885246998017, 0.0001, 0.31211197547674174], "k_pid_yaw": [0.5, 1e-06, 0.1], "k_pid_hsp": [0.10305410792234412, 8.775158883604604e-05, 0.0], "k_pid_vsp": [277.3647836879936, 255.8724662291354, 1e-06]}, "datetime": {"datetime": "2025-08-20 18:23:13", "elapsed": 23448.41952443123, "delta": 16.147248029708862}, "costs": {"total_cost": 172.13781424305057, "time_cost": 71.376, "final_distance_cost": 1.8334538738766375, "oscillation_cost": 24.363093690957488, "completition_cost": 0.0, "overshoot_cost": 51.071035380279056, "power_cost": 11.963966137695314, "noise_cost": 11.53026516024211, "n_waypoints_completed": 9, "tot_waypoints": 9}}
{"target": -172.11164638654682, "params": {"k_pid_pos": [1.4380224642273831, 0.0, 0.7703351448595792], "k_pid_alt": [2.0, 0.0, 0.0], "k_pid_att": [23.163468047177613, 0.0001, 0.24315240300100577], "k_pid_yaw": [0.5, 1e-06, 0.1], "k_pid_hsp": [0.11892796631000185, 0.0002502411148037101, 0.0], "k_pid_vsp": [269.7707755996744, 360.71147075175696, 1e-06]}, "datetime": {"datetime": "2025-08-20 18:23:29", "elapsed": 23463.82475090027, "delta": 15.405226469039917}, "costs": {"total_cost": 172.11164638654682, "time_cost": 70.624, "final_distance_cost": 1.8366673729762923, "oscillation_cost": 25.44644865804408, "completition_cost": 0.0, "overshoot_cost": 50.712570089060435, "power_cost": 11.997787988281251, "noise_cost": 11.494172278184758, "n_waypoints_completed": 9, "tot_waypoints": 9}}
{"target": -171.93142222123873, "params": {"k_pid_pos": [1.4084482884869967, 0.0, 0.7104295869590711], "k_pid_alt": [2.0, 0.0, 0.0], "k_pid_att": [25.108225614817965, 0.0001, 0.2436733020097384], "k_pid_yaw": [0.5, 1e-06, 0.1], "k_pid_hsp": [0.1103791571440007, 0.0, 0.0], "k_pid_vsp": [255.32932588909742, 251.94007934163426, 1e-06]}, "datetime": {"datetime": "2025-08-20 18:23:45", "elapsed": 23479.758157253265, "delta": 15.933406352996826}, "costs": {"total_cost": 171.93142222123873, "time_cost": 70.656, "final_distance_cost": 1.8268606148391866, "oscillation_cost": 25.27767347800816, "completition_cost": 0.0, "overshoot_cost": 50.939053663172025, "power_cost": 11.864339599609375, "noise_cost": 11.367494865609984, "n_waypoints_completed": 9, "tot_waypoints": 9}}
{"target": -172.15540914145288, "params": {"k_pid_pos": [1.362885589536579, 0.001066061421095569, 0.7383495951444898], "k_pid_alt": [2.0, 0.0, 0.0], "k_pid_att": [19.545412478589217, 0.0001, 0.26495440001662435], "k_pid_yaw": [0.5, 1e-06, 0.1], "k_pid_hsp": [0.11056879805244631, 0.0, 0.0], "k_pid_vsp": [238.14106369167263, 389.82397662687634, 1e-06]}, "datetime": {"datetime": "2025-08-20 18:24:01", "elapsed": 23495.748024702072, "delta": 15.989867448806763}, "costs": {"total_cost": 172.15540914145288, "time_cost": 70.728, "final_distance_cost": 1.8333705133016351, "oscillation_cost": 25.30710912962193, "completition_cost": 0.0, "overshoot_cost": 51.16903580270464, "power_cost": 11.806355505371094, "noise_cost": 11.311538190453561, "n_waypoints_completed": 9, "tot_waypoints": 9}}
{"target": -172.58942827858786, "params": {"k_pid_pos": [1.382550830496213, 0.0, 0.7326402106188754], "k_pid_alt": [1.9973159472710604, 0.0, 0.0], "k_pid_att": [23.20212370250642, 0.0001, 0.3797391066136296], "k_pid_yaw": [0.5, 1e-06, 0.1], "k_pid_hsp": [0.1462346554290781, 0.0, 0.0], "k_pid_vsp": [254.60177381194507, 370.6461246538596, 1e-06]}, "datetime": {"datetime": "2025-08-20 18:24:16", "elapsed": 23510.860231161118, "delta": 15.11220645904541}, "costs": {"total_cost": 172.58942827858786, "time_cost": 70.70400000000001, "final_distance_cost": 1.8347714445252448, "oscillation_cost": 25.611194035595744, "completition_cost": 0.0, "overshoot_cost": 50.423712964924796, "power_cost": 12.356141027832033, "noise_cost": 11.659608805710045, "n_waypoints_completed": 9, "tot_waypoints": 9}}
