{"target": -171.9468862287813, "params": {"k_pid_pos": [1.3593612155385946, 0.0, 0.6664619067640395], "k_pid_alt": [2.0, 0.0, 0.0], "k_pid_att": [27.64572264467263, 0.0001, 0.3485248406448829], "k_pid_yaw": [0.5, 1e-06, 0.1], "k_pid_hsp": [0.10379957773767086, 0.0, 0.0], "k_pid_vsp": [239.31982489652555, 299.91546491661205, 1e-06]}, "datetime": {"datetime": "2025-08-20 23:34:04", "elapsed": 42098.662846803665, "delta": 15.989812135696411}, "costs": {"total_cost": 171.9468862287813, "time_cost": 70.616, "final_distance_cost": 1.8095080995808326, "oscillation_cost": 25.206345890926737, "completition_cost": 0.0, "overshoot_cost": 50.943001631223595, "power_cost": 12.007612316894532, "noise_cost": 11.364418290155614, "n_waypoints_completed": 9, "tot_waypoints": 9}}
{"target": -172.4742589372879, "params": {"k_pid_pos": [1.3577457231356482, 0.0, 0.6447735455441101], "k_pid_alt": [1.999873080887979, 0.0, 0.0], "k_pid_att": [12.547221159828013, 0.0001, 0.32190893362971], "k_pid_yaw": [0.5, 1e-06, 0.1], "k_pid_hsp": [0.08168680873822676, 7.194857839959113e-05, 0.0], "k_pid_vsp": [242.31475284764323, 398.1630284905956, 1e-06]}, "datetime": {"datetime": "2025-08-20 23:34:19", "elapsed": 42114.22251415253, "delta": 15.559667348861694}, "costs": {"total_cost": 172.4742589372879, "time_cost": 70.592, "final_distance_cost": 1.8008148164911857, "oscillation_cost": 25.3931687115453, "completition_cost": 0.0, "overshoot_cost": 51.141047756674915, "power_cost": 12.079527478027345, "noise_cost": 11.467700174549178, "n_waypoints_completed": 9, "tot_waypoints": 9}}
{"target": -171.67836258984184, "params": {"k_pid_pos": [1.3511958365768313, 0.0, 0.6618799228728114], "k_pid_alt": [1.999890728783485, 0.0, 0.0], "k_pid_att": [27.607217365119162, 0.0001, 0.3202651830548048], "k_pid_yaw": [0.5, 1e-06, 0.1], "k_pid_hsp": [0.0907624201262501, 5.710068649143612e-05, 0.0], "k_pid_vsp": [240.8884903395406, 368.80412100573545, 1e-06]}, "datetime": {"datetime": "2025-08-20 23:34:38", "elapsed": 42132.61751317978, "delta": 18.394999027252197}, "costs": {"total_cost": 171.67836258984184, "time_cost": 70.592, "final_distance_cost": 1.8242493898157872, "oscillation_cost": 25.17680382217465, "completition_cost": 0.0, "overshoot_cost": 51.31660959955344, "power_cost": 11.487323217773438, "noise_cost": 11.281376560524505, "n_waypoints_completed": 9, "tot_waypoints": 9}}
{"target": -172.57772354063994, "params": {"k_pid_pos": [1.332340529090389, 0.0, 0.4807647602569786], "k_pid_alt": [1.999934076610451, 0.0, 0.0], "k_pid_att": [27.948785475007806, 0.0001, 0.34014244297252727], "k_pid_yaw": [0.5, 1e-06, 0.1], "k_pid_hsp": [0.08906812151089497, 2.422126845216712e-05, 0.0], "k_pid_vsp": [257.2489418688723, 368.32756874661703, 1e-06]}, "datetime": {"datetime": "2025-08-20 23:34:53", "elapsed": 42148.12494969368, "delta": 15.507436513900757}, "costs": {"total_cost": 172.57772354063994, "time_cost": 70.312, "final_distance_cost": 1.8133691806761854, "oscillation_cost": 25.76740570383822, "completition_cost": 0.0, "overshoot_cost": 51.49291848198719, "power_cost": 11.982727990722656, "noise_cost": 11.209302183415712, "n_waypoints_completed": 9, "tot_waypoints": 9}}
{"target": -172.3282636901932, "params": {"k_pid_pos": [1.3185965989810946, 0.0, 0.6345340579861345], "k_pid_alt": [1.9998916390058008, 0.0, 0.0], "k_pid_att": [27.328444166178596, 0.0001, 0.41252512881449654], "k_pid_yaw": [0.5, 1e-06, 0.1], "k_pid_hsp": [0.09925019344901091, 5.843738359467592e-05, 0.0], "k_pid_vsp": [243.31463354633794, 400.0, 1e-06]}, "datetime": {"datetime": "2025-08-20 23:35:11", "elapsed": 42165.57500767708, "delta": 17.450057983398438}, "costs": {"total_cost": 172.3282636901932, "time_cost": 70.584, "final_distance_cost": 1.8305553139970343, "oscillation_cost": 25.420688280985026, "completition_cost": 0.0, "overshoot_cost": 51.21091229058136, "power_cost": 11.950280993652344, "noise_cost": 11.331826810977418, "n_waypoints_completed": 9, "tot_waypoints": 9}}
{"target": -172.38828149568334, "params": {"k_pid_pos": [1.2777236158008105, 0.0, 0.6828609639659473], "k_pid_alt": [2.0, 0.0, 0.0], "k_pid_att": [30.260300824736404, 0.0001, 0.3387820930721609], "k_pid_yaw": [0.5, 1e-06, 0.1], "k_pid_hsp": [0.10377585698331193, 6.383659308522929e-05, 0.0], "k_pid_vsp": [251.4311433037616, 384.19120806323645, 1e-06]}, "datetime": {"datetime": "2025-08-20 23:35:25", "elapsed": 42180.54733467102, "delta": 14.97232699394226}, "costs": {"total_cost": 172.38828149568334, "time_cost": 70.904, "final_distance_cost": 1.819308355565918, "oscillation_cost": 24.97209306836565, "completition_cost": 0.0, "overshoot_cost": 51.04533602312011, "power_cost": 12.090790197753908, "noise_cost": 11.556753850877742, "n_waypoints_completed": 9, "tot_waypoints": 9}}
{"target": -173.02571371699628, "params": {"k_pid_pos": [1.2871712501642114, 0.0, 0.6262184400748163], "k_pid_alt": [1.9999001467022766, 0.0, 0.0], "k_pid_att": [8.422308143799, 0.0001, 0.30429945576701695], "k_pid_yaw": [0.5, 1e-06, 0.1], "k_pid_hsp": [0.11592169501092656, 5.963133106395391e-05, 0.0], "k_pid_vsp": [195.08836646924706, 375.6929686540355, 1e-06]}, "datetime": {"datetime": "2025-08-20 23:35:43", "elapsed": 42197.79478931427, "delta": 17.24745464324951}, "costs": {"total_cost": 173.02571371699628, "time_cost": 70.568, "final_distance_cost": 1.8369470162958323, "oscillation_cost": 25.736657151325375, "completition_cost": 0.0, "overshoot_cost": 51.13399744476707, "power_cost": 12.194207995605469, "noise_cost": 11.555904109002531, "n_waypoints_completed": 9, "tot_waypoints": 9}}
{"target": -172.8556396418735, "params": {"k_pid_pos": [1.3157772382247477, 0.0, 0.6533806461083983], "k_pid_alt": [1.9998887575517412, 0.0, 0.0], "k_pid_att": [27.867226873407862, 0.0001, 0.13318619268950344], "k_pid_yaw": [0.5, 1e-06, 0.1], "k_pid_hsp": [0.0993925209946559, 6.740313647994801e-05, 0.0], "k_pid_vsp": [222.36902259762158, 388.01261458470316, 1e-06]}, "datetime": {"datetime": "2025-08-20 23:36:02", "elapsed": 42216.69841861725, "delta": 18.903629302978516}, "costs": {"total_cost": 172.8556396418735, "time_cost": 70.64, "final_distance_cost": 1.8279141763315627, "oscillation_cost": 25.50973852521624, "completition_cost": 0.0, "overshoot_cost": 51.29548464491481, "power_cost": 12.087279296875, "noise_cost": 11.495222998535903, "n_waypoints_completed": 9, "tot_waypoints": 9}}
{"target": -172.56266274113995, "params": {"k_pid_pos": [1.3195880836900373, 0.0, 0.6183400420982188], "k_pid_alt": [1.9998790992184425, 0.0, 0.0], "k_pid_att": [26.08027861869176, 0.0001, 0.30155359962057093], "k_pid_yaw": [0.5, 1e-06, 0.1], "k_pid_hsp": [0.0939152155878356, 2.9864008807410006e-05, 0.0], "k_pid_vsp": [250.68157831037337, 378.8672231848667, 1e-06]}, "datetime": {"datetime": "2025-08-20 23:36:17", "elapsed": 42232.27656555176, "delta": 15.578146934509277}, "costs": {"total_cost": 172.56266274113995, "time_cost": 70.56, "final_distance_cost": 1.8149193320922565, "oscillation_cost": 25.315324433636743, "completition_cost": 0.0, "overshoot_cost": 51.3136063581799, "power_cost": 12.049224572753907, "noise_cost": 11.509588044477155, "n_waypoints_completed": 9, "tot_waypoints": 9}}
{"target": -172.25155099088468, "params": {"k_pid_pos": [1.1983059832608154, 0.0, 0.7013700001658446], "k_pid_alt": [1.9998190849284345, 0.0, 0.0], "k_pid_att": [26.553185856713377, 0.0001, 0.33276059221933374], "k_pid_yaw": [0.5, 1e-06, 0.1], "k_pid_hsp": [0.14609041826272398, 2.489399999195928e-05, 0.0], "k_pid_vsp": [246.29358191684076, 379.82602070895075, 1e-06]}, "datetime": {"datetime": "2025-08-20 23:36:34", "elapsed": 42249.247229099274, "delta": 16.97066354751587}, "costs": {"total_cost": 172.25155099088468, "time_cost": 71.504, "final_distance_cost": 1.8461940213792487, "oscillation_cost": 25.027778799542297, "completition_cost": 0.0, "overshoot_cost": 50.26469646969931, "power_cost": 12.042348144531251, "noise_cost": 11.566533555732565, "n_waypoints_completed": 9, "tot_waypoints": 9}}
{"target": -171.9954893588444, "params": {"k_pid_pos": [1.3298282337914513, 0.0, 0.7309439284448566], "k_pid_alt": [1.999901460142587, 0.0, 0.0], "k_pid_att": [8.994733354934398, 0.0001, 0.3174167054057424], "k_pid_yaw": [0.5, 1e-06, 0.1], "k_pid_hsp": [0.08977345271821073, 5.3897926184011994e-05, 0.0], "k_pid_vsp": [245.00489425902245, 400.0, 1e-06]}, "datetime": {"datetime": "2025-08-20 23:36:51", "elapsed": 42266.310395002365, "delta": 17.06316590309143}, "costs": {"total_cost": 171.9954893588444, "time_cost": 70.728, "final_distance_cost": 1.831463882643855, "oscillation_cost": 24.965128116552215, "completition_cost": 0.0, "overshoot_cost": 51.39107626929217, "power_cost": 11.856528942871094, "noise_cost": 11.223292147485047, "n_waypoints_completed": 9, "tot_waypoints": 9}}
{"target": -171.97253420823654, "params": {"k_pid_pos": [1.3249808637320741, 0.0, 0.6311585781500976], "k_pid_alt": [1.999875930339266, 0.0, 0.0], "k_pid_att": [36.584932298128706, 0.0001, 0.32001930901980197], "k_pid_yaw": [0.5, 1e-06, 0.1], "k_pid_hsp": [0.09145779251947608, 6.192005380608936e-05, 0.0], "k_pid_vsp": [243.22706399860002, 359.18898523263965, 1e-06]}, "datetime": {"datetime": "2025-08-20 23:37:06", "elapsed": 42281.513139009476, "delta": 15.202744007110596}, "costs": {"total_cost": 171.97253420823654, "time_cost": 70.616, "final_distance_cost": 1.8100625116943605, "oscillation_cost": 25.181438803587188, "completition_cost": 0.0, "overshoot_cost": 51.41046904480964, "power_cost": 11.758585803222656, "noise_cost": 11.195978044922724, "n_waypoints_completed": 9, "tot_waypoints": 9}}
{"target": -172.29949594712645, "params": {"k_pid_pos": [1.2705084773710416, 0.0, 0.6339471559720858], "k_pid_alt": [1.9998905165556453, 0.0, 0.0], "k_pid_att": [25.5306403671085, 0.0001, 0.2982649392226028], "k_pid_yaw": [0.5, 1e-06, 0.1], "k_pid_hsp": [0.08563380858418694, 5.854719396580844e-05, 0.0], "k_pid_vsp": [258.86240313225863, 370.112134803114, 1e-06]}, "datetime": {"datetime": "2025-08-20 23:37:24", "elapsed": 42299.044201374054, "delta": 17.531062364578247}, "costs": {"total_cost": 172.29949594712645, "time_cost": 70.776, "final_distance_cost": 1.8269598783952687, "oscillation_cost": 24.620323963160246, "completition_cost": 0.0, "overshoot_cost": 51.7260317895924, "power_cost": 11.998904040527345, "noise_cost": 11.35127627545119, "n_waypoints_completed": 9, "tot_waypoints": 9}}
{"target": -172.38945881865135, "params": {"k_pid_pos": [1.3731138013609014, 0.0, 0.5521524179761739], "k_pid_alt": [1.999886228536566, 0.0, 0.0], "k_pid_att": [25.166016161045114, 0.0001, 0.3245976480066328], "k_pid_yaw": [0.5, 1e-06, 0.1], "k_pid_hsp": [0.0917484891197095, 6.272005883207588e-05, 0.0], "k_pid_vsp": [253.3517496874776, 382.7136797825862, 1e-06]}, "datetime": {"datetime": "2025-08-20 23:37:39", "elapsed": 42314.17050290108, "delta": 15.126301527023315}, "costs": {"total_cost": 172.38945881865135, "time_cost": 70.32000000000001, "final_distance_cost": 1.8022293970426344, "oscillation_cost": 25.756177750327428, "completition_cost": 0.0, "overshoot_cost": 51.00598617111881, "power_cost": 12.06578387451172, "noise_cost": 11.439281625650754, "n_waypoints_completed": 9, "tot_waypoints": 9}}
{"target": -172.04896583375103, "params": {"k_pid_pos": [1.3171739315490163, 0.0, 0.6549724497375939], "k_pid_alt": [1.9998919252654779, 0.0, 0.0], "k_pid_att": [26.977305816199713, 0.0001, 0.32127784469963794], "k_pid_yaw": [0.5, 1e-06, 0.1], "k_pid_hsp": [0.09240418418260812, 5.904847316365383e-05, 0.0], "k_pid_vsp": [234.60926257836664, 374.31137593124373, 1e-06]}, "datetime": {"datetime": "2025-08-20 23:37:57", "elapsed": 42332.248224020004, "delta": 18.077721118927002}, "costs": {"total_cost": 172.04896583375103, "time_cost": 70.688, "final_distance_cost": 1.8295765093342, "oscillation_cost": 25.04909123283776, "completition_cost": 0.0, "overshoot_cost": 51.05140083722868, "power_cost": 12.053757141113282, "noise_cost": 11.3771401132371, "n_waypoints_completed": 9, "tot_waypoints": 9}}
{"target": -172.26147807689986, "params": {"k_pid_pos": [1.3164083927003796, 0.0, 0.6393169194126164], "k_pid_alt": [1.999916572476339, 0.0, 0.0], "k_pid_att": [27.301536191760245, 0.0001, 0.3207811835991949], "k_pid_yaw": [0.5, 1e-06, 0.1], "k_pid_hsp": [0.08132940721806584, 5.820635121004663e-05, 0.0], "k_pid_vsp": [248.10262772158356, 387.5940267525473, 1e-06]}, "datetime": {"datetime": "2025-08-20 23:38:13", "elapsed": 42347.75748872757, "delta": 15.509264707565308}, "costs": {"total_cost": 172.26147807689986, "time_cost": 70.736, "final_distance_cost": 1.8022340048196286, "oscillation_cost": 24.837315662069326, "completition_cost": 0.0, "overshoot_cost": 51.722897167086074, "power_cost": 11.857031433105469, "noise_cost": 11.305999809819362, "n_waypoints_completed": 9, "tot_waypoints": 9}}
{"target": -171.49592741600216, "params": {"k_pid_pos": [1.2978178259577613, 0.0, 0.6328856493549153], "k_pid_alt": [2.0, 0.0, 0.0], "k_pid_att": [27.804244586427316, 0.0001, 0.3305800672979784], "k_pid_yaw": [0.5, 1e-06, 0.1], "k_pid_hsp": [0.09218668583264784, 5.663990149750644e-05, 0.0], "k_pid_vsp": [241.55393476484846, 374.9028050292122, 1e-06]}, "datetime": {"datetime": "2025-08-20 23:38:29", "elapsed": 42364.107322216034, "delta": 16.349833488464355}, "costs": {"total_cost": 171.49592741600216, "time_cost": 70.656, "final_distance_cost": 1.8254778584697418, "oscillation_cost": 24.866780365200896, "completition_cost": 0.0, "overshoot_cost": 50.95491977733311, "power_cost": 11.891063940429689, "noise_cost": 11.301685474568727, "n_waypoints_completed": 9, "tot_waypoints": 9}}
{"target": -171.44216762876704, "params": {"k_pid_pos": [1.3151069308051175, 0.0, 0.6033318559705244], "k_pid_alt": [2.0, 0.0, 0.0], "k_pid_att": [27.269567053530867, 0.0001, 0.32140518612323066], "k_pid_yaw": [0.5, 1e-06, 0.1], "k_pid_hsp": [0.08710374602617155, 6.468418717835525e-05, 0.0], "k_pid_vsp": [237.35067260709616, 365.86530687620274, 1e-06]}, "datetime": {"datetime": "2025-08-20 23:38:46", "elapsed": 42381.11138391495, "delta": 17.004061698913574}, "costs": {"total_cost": 171.44216762876704, "time_cost": 70.568, "final_distance_cost": 1.8150686533983564, "oscillation_cost": 25.20463322447754, "completition_cost": 0.0, "overshoot_cost": 51.40229505053322, "power_cost": 11.321035595703126, "noise_cost": 11.13113510465479, "n_waypoints_completed": 9, "tot_waypoints": 9}}
{"target": -172.26662792828094, "params": {"k_pid_pos": [1.3782601706205493, 0.0, 0.6242796018192689], "k_pid_alt": [1.9998042223944583, 0.0, 0.0], "k_pid_att": [29.541221264108923, 0.0001, 0.31062912175230933], "k_pid_yaw": [0.5, 1e-06, 0.1], "k_pid_hsp": [0.09438528371928787, 2.3383728216445698e-05, 0.0], "k_pid_vsp": [232.3364701884963, 386.50297060775193, 1e-06]}, "datetime": {"datetime": "2025-08-20 23:39:01", "elapsed": 42396.13318800926, "delta": 15.021804094314575}, "costs": {"total_cost": 172.26662792828094, "time_cost": 70.416, "final_distance_cost": 1.8230848165911864, "oscillation_cost": 25.736083479947357, "completition_cost": 0.0, "overshoot_cost": 51.35721032565935, "power_cost": 11.729283020019531, "noise_cost": 11.204966286063529, "n_waypoints_completed": 9, "tot_waypoints": 9}}
{"target": -170.97836021342403, "params": {"k_pid_pos": [1.3230697637450304, 0.0, 0.6071345390288386], "k_pid_alt": [1.9998865280081919, 0.0, 0.0], "k_pid_att": [29.07914261912301, 0.0001, 0.32175459600390716], "k_pid_yaw": [0.5, 1e-06, 0.1], "k_pid_hsp": [0.09198429166294941, 8.184635488142166e-05, 0.0], "k_pid_vsp": [247.89711329428735, 396.34503592230647, 1e-06]}, "datetime": {"datetime": "2025-08-20 23:39:19", "elapsed": 42413.95001363754, "delta": 17.81682562828064}, "costs": {"total_cost": 170.97836021342403, "time_cost": 70.536, "final_distance_cost": 1.8219966518015562, "oscillation_cost": 25.206620913272744, "completition_cost": 0.0, "overshoot_cost": 51.275859751472176, "power_cost": 11.18128074951172, "noise_cost": 10.956602147365835, "n_waypoints_completed": 9, "tot_waypoints": 9}}
{"target": -171.83797518225924, "params": {"k_pid_pos": [1.320146787700863, 0.0, 0.6387241694053379], "k_pid_alt": [1.9998814071329285, 0.0, 0.0], "k_pid_att": [27.424846557197675, 0.0001, 0.323995770005084], "k_pid_yaw": [0.5, 1e-06, 0.1], "k_pid_hsp": [0.09772118343817708, 6.12711628279722e-05, 0.0], "k_pid_vsp": [245.27698664445836, 371.7627754382794, 1e-06]}, "datetime": {"datetime": "2025-08-20 23:39:34", "elapsed": 42429.44325685501, "delta": 15.493243217468262}, "costs": {"total_cost": 171.83797518225924, "time_cost": 70.608, "final_distance_cost": 1.8295205889309216, "oscillation_cost": 25.299127655767638, "completition_cost": 0.0, "overshoot_cost": 51.16507025735314, "power_cost": 11.69565155029297, "noise_cost": 11.24060512991456, "n_waypoints_completed": 9, "tot_waypoints": 9}}
{"target": -172.27283215339804, "params": {"k_pid_pos": [1.4284563193127657, 0.0, 0.6214520885949836], "k_pid_alt": [1.999916303340719, 0.0, 0.0], "k_pid_att": [26.480198524855226, 0.0001, 0.3192928447594403], "k_pid_yaw": [0.5, 1e-06, 0.1], "k_pid_hsp": [0.09133941854110426, 6.654213190078427e-05, 0.0], "k_pid_vsp": [246.3206024796049, 400.0, 1e-06]}, "datetime": {"datetime": "2025-08-20 23:39:49", "elapsed": 42444.514711380005, "delta": 15.071454524993896}, "costs": {"total_cost": 172.27283215339804, "time_cost": 70.312, "final_distance_cost": 1.824180536363323, "oscillation_cost": 25.840453870298695, "completition_cost": 0.0, "overshoot_cost": 51.0268389345976, "power_cost": 11.998609899902345, "noise_cost": 11.270748912236098, "n_waypoints_completed": 9, "tot_waypoints": 9}}
{"target": -172.3875603719053, "params": {"k_pid_pos": [1.4574273775537687, 0.0, 0.9404995378659278], "k_pid_alt": [2.0, 0.0, 0.0], "k_pid_att": [34.21407371318253, 0.0001, 0.3273528762209146], "k_pid_yaw": [0.5, 1e-06, 0.1], "k_pid_hsp": [0.10327496227180608, 0.0018297582245084636, 0.0], "k_pid_vsp": [266.7704180598984, 400.0, 1e-06]}, "datetime": {"datetime": "2025-08-20 23:40:07", "elapsed": 42462.44440627098, "delta": 17.929694890975952}, "costs": {"total_cost": 172.3875603719053, "time_cost": 71.008, "final_distance_cost": 1.8387736388947171, "oscillation_cost": 24.925427765160286, "completition_cost": 0.0, "overshoot_cost": 51.18875594680126, "power_cost": 12.035183068847656, "noise_cost": 11.391419952201378, "n_waypoints_completed": 9, "tot_waypoints": 9}}
{"target": -172.17732668590034, "params": {"k_pid_pos": [1.3242923645215212, 0.0, 0.5356925898934936], "k_pid_alt": [1.9999148899963677, 0.0, 0.0], "k_pid_att": [21.947108305750863, 0.0001, 0.4474217632234509], "k_pid_yaw": [0.5, 1e-06, 0.1], "k_pid_hsp": [0.08406776695278931, 3.650094548017889e-05, 0.0], "k_pid_vsp": [262.8053262029178, 375.32728063401333, 1e-06]}, "datetime": {"datetime": "2025-08-20 23:40:22", "elapsed": 42477.36302995682, "delta": 14.918623685836792}, "costs": {"total_cost": 172.17732668590034, "time_cost": 70.47200000000001, "final_distance_cost": 1.8183732219669257, "oscillation_cost": 25.369060498838362, "completition_cost": 0.0, "overshoot_cost": 51.27113225747968, "power_cost": 11.960466931152345, "noise_cost": 11.286293776463014, "n_waypoints_completed": 9, "tot_waypoints": 9}}
{"target": -171.6399883381427, "params": {"k_pid_pos": [1.3297025103239144, 0.0, 0.6235388509892694], "k_pid_alt": [1.9998580135508788, 0.0, 0.0], "k_pid_att": [35.64434562633509, 0.0001, 0.3208431725142384], "k_pid_yaw": [0.5, 1e-06, 0.1], "k_pid_hsp": [0.11718963718066258, 6.530908963305737e-05, 0.0], "k_pid_vsp": [248.55316612914382, 346.91511567978574, 1e-06]}, "datetime": {"datetime": "2025-08-20 23:40:40", "elapsed": 42495.30814433098, "delta": 17.945114374160767}, "costs": {"total_cost": 171.6399883381427, "time_cost": 70.552, "final_distance_cost": 1.8309028962527436, "oscillation_cost": 25.310011026709503, "completition_cost": 0.0, "overshoot_cost": 50.563235615808274, "power_cost": 12.044572314453125, "noise_cost": 11.339266484919053, "n_waypoints_completed": 9, "tot_waypoints": 9}}
{"target": -171.6126053108086, "params": {"k_pid_pos": [1.3354333291997056, 0.0, 0.8086091211039605], "k_pid_alt": [1.9995759959681279, 0.0, 0.0], "k_pid_att": [27.305218033620832, 0.0001, 0.263819787439737], "k_pid_yaw": [0.5, 1e-06, 0.1], "k_pid_hsp": [0.0932448905363385, 0.00010963106222209355, 0.0], "k_pid_vsp": [249.58014552271845, 400.0, 1e-06]}, "datetime": {"datetime": "2025-08-20 23:40:56", "elapsed": 42511.092205524445, "delta": 15.784061193466187}, "costs": {"total_cost": 171.6126053108086, "time_cost": 71.072, "final_distance_cost": 1.826120715451208, "oscillation_cost": 24.731567242058393, "completition_cost": 0.0, "overshoot_cost": 51.094571294635266, "power_cost": 11.500321423339845, "noise_cost": 11.388024635323884, "n_waypoints_completed": 9, "tot_waypoints": 9}}
{"target": -171.44379392858664, "params": {"k_pid_pos": [1.3532372844485454, 0.0, 0.7261025538499448], "k_pid_alt": [1.999975171799079, 0.0, 0.0], "k_pid_att": [23.868764842742827, 0.0001, 0.31388285337343286], "k_pid_yaw": [0.5, 1e-06, 0.1], "k_pid_hsp": [0.10068962186206745, 6.446099218945403e-05, 0.0], "k_pid_vsp": [247.92394355114646, 376.97146360960386, 1e-06]}, "datetime": {"datetime": "2025-08-20 23:41:12", "elapsed": 42527.07052516937, "delta": 15.978319644927979}, "costs": {"total_cost": 171.44379392858664, "time_cost": 70.76, "final_distance_cost": 1.8217161428027229, "oscillation_cost": 24.873258930784555, "completition_cost": 0.0, "overshoot_cost": 50.94974858385199, "power_cost": 11.784909960937501, "noise_cost": 11.25416031020983, "n_waypoints_completed": 9, "tot_waypoints": 9}}
