{"target": -171.4995602364139, "params": {"k_pid_pos": [1.1730555050776503, 0.0, 0.29949905450054165], "k_pid_alt": [1.9998541372848007, 0.0, 0.0], "k_pid_att": [30.70532186193889, 0.0001, 0.40670391611208095], "k_pid_yaw": [0.5, 1e-06, 0.1], "k_pid_hsp": [0.10479474962165329, 0.0, 0.0], "k_pid_vsp": [247.10367683052968, 391.9081922769216, 1e-06]}, "datetime": {"datetime": "2025-08-20 21:27:57", "elapsed": 34531.606493234634, "delta": 16.601877689361572}, "costs": {"total_cost": 171.4995602364139, "time_cost": 70.08, "final_distance_cost": 1.7929458578578006, "oscillation_cost": 26.12825660026855, "completition_cost": 0.0, "overshoot_cost": 50.92556335154875, "power_cost": 11.473467309570314, "noise_cost": 11.099327117168473, "n_waypoints_completed": 9, "tot_waypoints": 9}}
{"target": -172.3642908388476, "params": {"k_pid_pos": [1.4430642395998023, 0.0, 0.5091746519430451], "k_pid_alt": [1.9999398967646966, 0.0, 0.0], "k_pid_att": [37.690257620989264, 0.0001, 0.4679135793346269], "k_pid_yaw": [0.5, 1e-06, 0.1], "k_pid_hsp": [0.10128024265440924, 0.0009364669845525857, 0.0], "k_pid_vsp": [252.05045288260283, 373.0044230485708, 1e-06]}, "datetime": {"datetime": "2025-08-20 21:28:12", "elapsed": 34546.622425317764, "delta": 15.015932083129883}, "costs": {"total_cost": 172.3642908388476, "time_cost": 70.0, "final_distance_cost": 1.8189803728213343, "oscillation_cost": 26.575961931353078, "completition_cost": 0.0, "overshoot_cost": 51.35297449252343, "power_cost": 11.598537438964843, "noise_cost": 11.017836603184914, "n_waypoints_completed": 9, "tot_waypoints": 9}}
{"target": -172.11718101479948, "params": {"k_pid_pos": [1.3068903917030905, 0.0, 0.5422181988463619], "k_pid_alt": [1.9998992727526268, 0.0, 0.0], "k_pid_att": [29.38082574095621, 0.0001, 0.44392156042612796], "k_pid_yaw": [0.5, 1e-06, 0.1], "k_pid_hsp": [0.12417512780813963, 5.5012162832475044e-05, 0.0], "k_pid_vsp": [252.59303558634065, 396.1013409412289, 1e-06]}, "datetime": {"datetime": "2025-08-20 21:28:28", "elapsed": 34563.384442567825, "delta": 16.762017250061035}, "costs": {"total_cost": 172.11718101479948, "time_cost": 70.36, "final_distance_cost": 1.8234006769137983, "oscillation_cost": 25.80966478954117, "completition_cost": 0.0, "overshoot_cost": 51.23032993510271, "power_cost": 11.627348046875001, "noise_cost": 11.266437566366806, "n_waypoints_completed": 9, "tot_waypoints": 9}}
{"target": -172.58825507964076, "params": {"k_pid_pos": [1.3474970178152939, 0.0, 0.8262567798198373], "k_pid_alt": [1.999909814775832, 0.0, 0.0], "k_pid_att": [26.472142811288634, 0.0001, 0.17440830638574115], "k_pid_yaw": [0.5, 1e-06, 0.1], "k_pid_hsp": [0.1270688645331786, 3.288670097242429e-05, 0.0], "k_pid_vsp": [264.3157933863854, 359.760277025323, 1e-06]}, "datetime": {"datetime": "2025-08-20 21:28:44", "elapsed": 34578.845972537994, "delta": 15.461529970169067}, "costs": {"total_cost": 172.58825507964076, "time_cost": 71.176, "final_distance_cost": 1.8412810539533917, "oscillation_cost": 25.302434433496934, "completition_cost": 0.0, "overshoot_cost": 50.91055743966994, "power_cost": 11.93413671875, "noise_cost": 11.423845433770474, "n_waypoints_completed": 9, "tot_waypoints": 9}}
{"target": -200.59736456301155, "params": {"k_pid_pos": [1.3917261108964403, 0.0, 0.5469129812316823], "k_pid_alt": [1.9996215427509827, 0.0, 0.0], "k_pid_att": [24.465734746697578, 0.0001, 0.25052040946513215], "k_pid_yaw": [0.5, 1e-06, 0.1], "k_pid_hsp": [0.029329506643424097, 0.00010568902437970928, 0.0], "k_pid_vsp": [249.5390110014523, 397.0787500096254, 1e-06]}, "datetime": {"datetime": "2025-08-20 21:29:05", "elapsed": 34600.16227602959, "delta": 21.316303491592407}, "costs": {"total_cost": 200.59736456301155, "time_cost": 91.60000000000001, "final_distance_cost": 1.7487035867822482, "oscillation_cost": 16.333911651932507, "completition_cost": 0.0, "overshoot_cost": 62.157745421508515, "power_cost": 14.275447485351563, "noise_cost": 14.48155641743673, "n_waypoints_completed": 9, "tot_waypoints": 9}}
{"target": -173.07684438924952, "params": {"k_pid_pos": [1.3950043851062082, 0.0, 0.5428450928026495], "k_pid_alt": [1.9999542890557835, 0.0, 0.0], "k_pid_att": [29.723161788204447, 0.0001, 0.40675596253596685], "k_pid_yaw": [0.5, 1e-06, 0.1], "k_pid_hsp": [0.08251422761011581, 2.7922419455923433e-05, 0.0], "k_pid_vsp": [225.26359963884394, 400.0, 1e-06]}, "datetime": {"datetime": "2025-08-20 21:29:22", "elapsed": 34616.9655213356, "delta": 16.803245306015015}, "costs": {"total_cost": 173.07684438924952, "time_cost": 70.416, "final_distance_cost": 1.8178191855793024, "oscillation_cost": 25.820739886685775, "completition_cost": 0.0, "overshoot_cost": 51.79090655973059, "power_cost": 11.932400268554687, "noise_cost": 11.298978488699177, "n_waypoints_completed": 9, "tot_waypoints": 9}}
{"target": -172.69254776147835, "params": {"k_pid_pos": [1.3681500659638004, 0.0, 0.651577835915941], "k_pid_alt": [1.9998783416648844, 0.0, 0.0], "k_pid_att": [25.842490890718093, 0.0001, 0.332290593677025], "k_pid_yaw": [0.5, 1e-06, 0.1], "k_pid_hsp": [0.10369036016989774, 9.408076067314618e-05, 0.0], "k_pid_vsp": [255.9507275283152, 392.7611478600893, 1e-06]}, "datetime": {"datetime": "2025-08-20 21:29:39", "elapsed": 34633.89221692085, "delta": 16.926695585250854}, "costs": {"total_cost": 172.69254776147835, "time_cost": 70.496, "final_distance_cost": 1.8117046355174873, "oscillation_cost": 25.467350148008688, "completition_cost": 0.0, "overshoot_cost": 51.255590558520524, "power_cost": 12.223612304687501, "noise_cost": 11.438290114744172, "n_waypoints_completed": 9, "tot_waypoints": 9}}
{"target": -172.58505024326436, "params": {"k_pid_pos": [1.5232166379734755, 0.0, 0.6143826298333099], "k_pid_alt": [1.9999222263388048, 0.0, 0.0], "k_pid_att": [29.059732520961735, 0.0001, 0.2732877630126453], "k_pid_yaw": [0.5, 1e-06, 0.1], "k_pid_hsp": [0.09016744915079984, 2.181695721195901e-05, 0.0], "k_pid_vsp": [261.7696509182701, 272.7847976217626, 1e-06]}, "datetime": {"datetime": "2025-08-20 21:29:55", "elapsed": 34649.909074783325, "delta": 16.016857862472534}, "costs": {"total_cost": 172.58505024326436, "time_cost": 70.248, "final_distance_cost": 1.7848982781190912, "oscillation_cost": 26.0755621672743, "completition_cost": 0.0, "overshoot_cost": 51.2047172062595, "power_cost": 12.030660583496095, "noise_cost": 11.241212008115374, "n_waypoints_completed": 9, "tot_waypoints": 9}}
{"target": -171.00459082628268, "params": {"k_pid_pos": [1.3073265558154625, 0.0, 0.6285428742769914], "k_pid_alt": [1.9998853031741186, 0.0, 0.0], "k_pid_att": [26.23592199364226, 0.0001, 0.3193751014654912], "k_pid_yaw": [0.5, 1e-06, 0.1], "k_pid_hsp": [0.08971153776817521, 6.791510807201106e-05, 0.0], "k_pid_vsp": [249.8388882205082, 394.81598712129863, 1e-06]}, "datetime": {"datetime": "2025-08-20 21:30:11", "elapsed": 34666.03210568428, "delta": 16.1230309009552}, "costs": {"total_cost": 171.00459082628268, "time_cost": 70.64, "final_distance_cost": 1.8133782998204837, "oscillation_cost": 25.14534219156558, "completition_cost": 0.0, "overshoot_cost": 50.891211298832175, "power_cost": 11.393668347167969, "noise_cost": 11.120990688896473, "n_waypoints_completed": 9, "tot_waypoints": 9}}
{"target": -172.34491103405614, "params": {"k_pid_pos": [1.5456427498974992, 0.0, 0.6136534238968148], "k_pid_alt": [1.737319709678111, 0.0, 0.0], "k_pid_att": [29.318840944452926, 0.0001, 0.3245206749974061], "k_pid_yaw": [0.5, 1e-06, 0.1], "k_pid_hsp": [0.10860563269231271, 2.458523629357641e-05, 0.0], "k_pid_vsp": [250.87645414498206, 390.38560893184956, 1e-06]}, "datetime": {"datetime": "2025-08-20 21:30:27", "elapsed": 34681.58495545387, "delta": 15.552849769592285}, "costs": {"total_cost": 172.34491103405614, "time_cost": 69.728, "final_distance_cost": 1.8042648132126957, "oscillation_cost": 27.072560768700964, "completition_cost": 0.0, "overshoot_cost": 50.55375611000916, "power_cost": 11.928984338378907, "noise_cost": 11.25734500375441, "n_waypoints_completed": 9, "tot_waypoints": 9}}
{"target": -171.90642411318805, "params": {"k_pid_pos": [1.3224383769072885, 0.0, 0.6391711128675146], "k_pid_alt": [1.9998853982191933, 0.0, 0.0], "k_pid_att": [28.386100555599224, 0.0001, 0.3188858622262626], "k_pid_yaw": [0.5, 1e-06, 0.1], "k_pid_hsp": [0.08704493299667349, 5.204390699568597e-05, 0.0], "k_pid_vsp": [280.70685905134656, 398.85415715497874, 1e-06]}, "datetime": {"datetime": "2025-08-20 21:30:42", "elapsed": 34697.33390927315, "delta": 15.748953819274902}, "costs": {"total_cost": 171.90642411318805, "time_cost": 70.64, "final_distance_cost": 1.796382664422125, "oscillation_cost": 25.017395247778047, "completition_cost": 0.0, "overshoot_cost": 51.00087367980671, "power_cost": 12.009487487792969, "noise_cost": 11.4422850333882, "n_waypoints_completed": 9, "tot_waypoints": 9}}
{"target": -172.31868441499427, "params": {"k_pid_pos": [1.3422768663568705, 0.0, 0.6187270451303202], "k_pid_alt": [1.9999613763780846, 0.0, 0.0], "k_pid_att": [25.194414465876086, 0.0001, 0.3065122832275727], "k_pid_yaw": [0.5, 1e-06, 0.1], "k_pid_hsp": [0.08810174895641971, 9.856311113338689e-05, 0.0], "k_pid_vsp": [245.23398301725183, 363.0739455131191, 1e-06]}, "datetime": {"datetime": "2025-08-20 21:31:00", "elapsed": 34715.43618130684, "delta": 18.102272033691406}, "costs": {"total_cost": 172.31868441499427, "time_cost": 70.544, "final_distance_cost": 1.8159101499194046, "oscillation_cost": 25.344615238453958, "completition_cost": 0.0, "overshoot_cost": 51.48267407257772, "power_cost": 11.917567309570313, "noise_cost": 11.213917644472868, "n_waypoints_completed": 9, "tot_waypoints": 9}}
{"target": -172.3112552319184, "params": {"k_pid_pos": [1.3035790041769435, 0.0, 0.6041378194749207], "k_pid_alt": [1.9999027848766275, 0.0, 0.0], "k_pid_att": [17.30356158258348, 0.0001, 0.3254159972683468], "k_pid_yaw": [0.5, 1e-06, 0.1], "k_pid_hsp": [0.08807830348191345, 3.623593198182262e-05, 0.0], "k_pid_vsp": [272.28655351859766, 391.3751953403126, 1e-06]}, "datetime": {"datetime": "2025-08-20 21:31:16", "elapsed": 34731.091477394104, "delta": 15.655296087265015}, "costs": {"total_cost": 172.3112552319184, "time_cost": 70.568, "final_distance_cost": 1.818223341596237, "oscillation_cost": 25.250624644406457, "completition_cost": 0.0, "overshoot_cost": 51.34862941926974, "power_cost": 11.928107971191407, "noise_cost": 11.397669855454591, "n_waypoints_completed": 9, "tot_waypoints": 9}}
{"target": -172.23316416316055, "params": {"k_pid_pos": [1.280059678109902, 0.0, 0.7046424057434361], "k_pid_alt": [1.9999445228775774, 0.0, 0.0], "k_pid_att": [29.238833135630564, 0.0001, 0.21440719723675203], "k_pid_yaw": [0.5, 1e-06, 0.1], "k_pid_hsp": [0.08735631388933611, 6.267343299610463e-05, 0.0], "k_pid_vsp": [252.7724023974912, 400.0, 1e-06]}, "datetime": {"datetime": "2025-08-20 21:31:33", "elapsed": 34747.85557079315, "delta": 16.76409339904785}, "costs": {"total_cost": 172.23316416316055, "time_cost": 70.928, "final_distance_cost": 1.8281930479567101, "oscillation_cost": 24.870101438913494, "completition_cost": 0.0, "overshoot_cost": 51.45596449995767, "power_cost": 11.748187609863281, "noise_cost": 11.402717566469402, "n_waypoints_completed": 9, "tot_waypoints": 9}}
{"target": -171.8728922559464, "params": {"k_pid_pos": [1.2870409088923496, 0.0, 0.5749780432091349], "k_pid_alt": [1.980530889187159, 0.0, 0.0], "k_pid_att": [29.1527344847934, 0.0001, 0.3466566009409501], "k_pid_yaw": [0.5, 1e-06, 0.1], "k_pid_hsp": [0.09758471771804711, 6.333999235951096e-05, 0.0], "k_pid_vsp": [251.94044666482546, 394.6087147624335, 1e-06]}, "datetime": {"datetime": "2025-08-20 21:31:48", "elapsed": 34763.03065729141, "delta": 15.175086498260498}, "costs": {"total_cost": 171.8728922559464, "time_cost": 70.48, "final_distance_cost": 1.809052318019876, "oscillation_cost": 25.49710832358889, "completition_cost": 0.0, "overshoot_cost": 51.46056736264414, "power_cost": 11.541437084960938, "noise_cost": 11.08472716673254, "n_waypoints_completed": 9, "tot_waypoints": 9}}
{"target": -171.9629775844264, "params": {"k_pid_pos": [1.2997891065803915, 0.0, 0.7192571253062466], "k_pid_alt": [1.9998151140681384, 0.0, 0.0], "k_pid_att": [24.539584244390053, 0.0001, 0.3100760509466599], "k_pid_yaw": [0.5, 1e-06, 0.1], "k_pid_hsp": [0.13068145341531687, 5.926091950573434e-05, 0.0], "k_pid_vsp": [255.21046562999334, 384.0304266179259, 1e-06]}, "datetime": {"datetime": "2025-08-20 21:32:06", "elapsed": 34780.719663619995, "delta": 17.689006328582764}, "costs": {"total_cost": 171.9629775844264, "time_cost": 70.96000000000001, "final_distance_cost": 1.844325872922976, "oscillation_cost": 25.168792935182694, "completition_cost": 0.0, "overshoot_cost": 50.93525035164605, "power_cost": 11.725848022460939, "noise_cost": 11.328760402213721, "n_waypoints_completed": 9, "tot_waypoints": 9}}
{"target": -172.40594179519306, "params": {"k_pid_pos": [1.2916716707651696, 0.0, 0.6642551404284525], "k_pid_alt": [1.9999158685246727, 0.0, 0.0], "k_pid_att": [26.536904719421067, 0.0001, 0.2511955811650417], "k_pid_yaw": [0.5, 1e-06, 0.1], "k_pid_hsp": [0.1245147787597003, 0.00031032752344341405, 0.0], "k_pid_vsp": [299.857368871863, 396.1536829624743, 1e-06]}, "datetime": {"datetime": "2025-08-20 21:32:21", "elapsed": 34795.804139614105, "delta": 15.084475994110107}, "costs": {"total_cost": 172.40594179519306, "time_cost": 70.736, "final_distance_cost": 1.8390656459197154, "oscillation_cost": 25.530051870230963, "completition_cost": 0.0, "overshoot_cost": 50.85036101324532, "power_cost": 12.030097680664063, "noise_cost": 11.420365585133004, "n_waypoints_completed": 9, "tot_waypoints": 9}}
{"target": -172.15336609863377, "params": {"k_pid_pos": [1.353564984290742, 0.0, 0.5916481093514803], "k_pid_alt": [1.9998861427555923, 0.0, 0.0], "k_pid_att": [27.545259417721603, 0.0001, 0.43693542379505684], "k_pid_yaw": [0.5, 1e-06, 0.1], "k_pid_hsp": [0.09017011850849961, 6.055570098857477e-05, 0.0], "k_pid_vsp": [250.004215412709, 392.4490705550925, 1e-06]}, "datetime": {"datetime": "2025-08-20 21:32:37", "elapsed": 34812.3480887413, "delta": 16.543949127197266}, "costs": {"total_cost": 172.15336609863377, "time_cost": 70.408, "final_distance_cost": 1.8200861809742752, "oscillation_cost": 25.57714766176934, "completition_cost": 0.0, "overshoot_cost": 51.465045944204746, "power_cost": 11.669565612792969, "noise_cost": 11.213520698892399, "n_waypoints_completed": 9, "tot_waypoints": 9}}
{"target": -172.254260965081, "params": {"k_pid_pos": [1.4049415809677228, 0.0, 0.7187933645970549], "k_pid_alt": [1.9998143342688364, 0.0, 0.0], "k_pid_att": [27.344664094859453, 0.0001, 0.296607828002138], "k_pid_yaw": [0.5, 1e-06, 0.1], "k_pid_hsp": [0.10096556987074412, 0.0, 0.0], "k_pid_vsp": [245.07567660027195, 400.0, 1e-06]}, "datetime": {"datetime": "2025-08-20 21:32:53", "elapsed": 34827.585622787476, "delta": 15.237534046173096}, "costs": {"total_cost": 172.254260965081, "time_cost": 70.57600000000001, "final_distance_cost": 1.8336528438026627, "oscillation_cost": 25.59440226796584, "completition_cost": 0.0, "overshoot_cost": 51.03541741558141, "power_cost": 11.818379785156251, "noise_cost": 11.396408652574813, "n_waypoints_completed": 9, "tot_waypoints": 9}}
{"target": -171.8350331590625, "params": {"k_pid_pos": [1.323642131070748, 0.0, 0.6415191149681883], "k_pid_alt": [1.9999353551508487, 0.0, 0.0], "k_pid_att": [29.564610223635153, 0.0001, 0.3123312252466192], "k_pid_yaw": [0.5, 1e-06, 0.1], "k_pid_hsp": [0.0875644375499346, 0.0, 0.0], "k_pid_vsp": [245.91512569853296, 397.4696897054329, 1e-06]}, "datetime": {"datetime": "2025-08-20 21:33:09", "elapsed": 34844.39550256729, "delta": 16.809879779815674}, "costs": {"total_cost": 171.8350331590625, "time_cost": 70.64, "final_distance_cost": 1.8288647828340978, "oscillation_cost": 25.048805399803708, "completition_cost": 0.0, "overshoot_cost": 51.00735889948484, "power_cost": 11.903932568359375, "noise_cost": 11.406071508580464, "n_waypoints_completed": 9, "tot_waypoints": 9}}
{"target": -171.8452953313135, "params": {"k_pid_pos": [1.38599863052354, 0.0, 0.6657123494820525], "k_pid_alt": [1.9998885078876247, 0.0, 0.0], "k_pid_att": [40.9359992455889, 0.0001, 0.31146302959230254], "k_pid_yaw": [0.5, 1e-06, 0.1], "k_pid_hsp": [0.09704705897557558, 3.736409515914664e-05, 0.0], "k_pid_vsp": [253.5938158062766, 400.0, 1e-06]}, "datetime": {"datetime": "2025-08-20 21:33:24", "elapsed": 34859.541783332825, "delta": 15.146280765533447}, "costs": {"total_cost": 171.8452953313135, "time_cost": 70.52, "final_distance_cost": 1.8033383016905233, "oscillation_cost": 25.586675653866934, "completition_cost": 0.0, "overshoot_cost": 51.09955073675617, "power_cost": 11.660905224609376, "noise_cost": 11.174825414390503, "n_waypoints_completed": 9, "tot_waypoints": 9}}
{"target": -172.2996330235619, "params": {"k_pid_pos": [1.302216309521157, 0.0, 0.6177047368767024], "k_pid_alt": [1.9998886333847645, 0.0, 0.0], "k_pid_att": [29.67547781258027, 0.0001, 0.295043862204056], "k_pid_yaw": [0.5, 1e-06, 0.1], "k_pid_hsp": [0.10146403377268652, 3.3162588828315695e-05, 0.0], "k_pid_vsp": [269.3529209354057, 392.8070648631777, 1e-06]}, "datetime": {"datetime": "2025-08-20 21:33:41", "elapsed": 34876.097985744476, "delta": 16.55620241165161}, "costs": {"total_cost": 172.2996330235619, "time_cost": 70.584, "final_distance_cost": 1.8075563109425925, "oscillation_cost": 25.506099280129998, "completition_cost": 0.0, "overshoot_cost": 51.107091975541245, "power_cost": 11.951981359863282, "noise_cost": 11.342904097084794, "n_waypoints_completed": 9, "tot_waypoints": 9}}
{"target": -172.2929002837549, "params": {"k_pid_pos": [1.373855327915978, 0.0, 0.6045161754090952], "k_pid_alt": [1.9998902772081681, 0.0, 0.0], "k_pid_att": [24.19591120606358, 0.0001, 0.33937137811248697], "k_pid_yaw": [0.5, 1e-06, 0.1], "k_pid_hsp": [0.09270820157361842, 4.716847991290277e-05, 0.0], "k_pid_vsp": [246.50341043699305, 394.86440871519807, 1e-06]}, "datetime": {"datetime": "2025-08-20 21:33:57", "elapsed": 34891.66459083557, "delta": 15.56660509109497}, "costs": {"total_cost": 172.2929002837549, "time_cost": 70.392, "final_distance_cost": 1.8262839722973734, "oscillation_cost": 25.735535403238263, "completition_cost": 0.0, "overshoot_cost": 51.27455325346408, "power_cost": 11.851157470703125, "noise_cost": 11.21337018405208, "n_waypoints_completed": 9, "tot_waypoints": 9}}
{"target": -171.49037099876426, "params": {"k_pid_pos": [1.3355671358513403, 0.0, 0.6318518979188653], "k_pid_alt": [1.9998992748045645, 0.0, 0.0], "k_pid_att": [27.39010176058251, 0.0001, 0.3122218875339561], "k_pid_yaw": [0.5, 1e-06, 0.1], "k_pid_hsp": [0.08552200455534718, 5.705378119107413e-05, 0.0], "k_pid_vsp": [284.3544478077309, 381.4973972315462, 1e-06]}, "datetime": {"datetime": "2025-08-20 21:34:13", "elapsed": 34908.05524802208, "delta": 16.39065718650818}, "costs": {"total_cost": 171.49037099876426, "time_cost": 70.616, "final_distance_cost": 1.816437487426518, "oscillation_cost": 25.085668472948427, "completition_cost": 0.0, "overshoot_cost": 50.95900763879547, "power_cost": 11.773391723632812, "noise_cost": 11.239865675961022, "n_waypoints_completed": 9, "tot_waypoints": 9}}
{"target": -171.6778504737946, "params": {"k_pid_pos": [1.3119392831016836, 0.0, 0.6581516448255883], "k_pid_alt": [1.9999427835984156, 0.0, 0.0], "k_pid_att": [26.91381644312012, 0.0001, 0.30743356283594625], "k_pid_yaw": [0.5, 1e-06, 0.1], "k_pid_hsp": [0.14188092245092648, 6.782283195248897e-05, 0.0], "k_pid_vsp": [252.79393141329953, 400.0, 1e-06]}, "datetime": {"datetime": "2025-08-20 21:34:30", "elapsed": 34925.05848813057, "delta": 17.00324010848999}, "costs": {"total_cost": 171.6778504737946, "time_cost": 70.68, "final_distance_cost": 1.8379209992969496, "oscillation_cost": 25.57755863094948, "completition_cost": 0.0, "overshoot_cost": 50.48805051019998, "power_cost": 11.736887023925782, "noise_cost": 11.357433309422364, "n_waypoints_completed": 9, "tot_waypoints": 9}}
{"target": -172.6412821171978, "params": {"k_pid_pos": [1.3347602577630087, 0.0, 0.8179850401228375], "k_pid_alt": [2.0, 0.0, 0.0], "k_pid_att": [23.946181250905124, 0.0001, 0.19485662793140845], "k_pid_yaw": [0.5, 1e-06, 0.1], "k_pid_hsp": [0.08529421922283362, 9.904296842311699e-05, 0.0], "k_pid_vsp": [293.1494455483537, 346.6268475631489, 1e-06]}, "datetime": {"datetime": "2025-08-20 21:34:46", "elapsed": 34941.265860557556, "delta": 16.207372426986694}, "costs": {"total_cost": 172.6412821171978, "time_cost": 71.136, "final_distance_cost": 1.8364269127829302, "oscillation_cost": 24.543129475420102, "completition_cost": 0.0, "overshoot_cost": 51.4581308064328, "power_cost": 12.154987268066407, "noise_cost": 11.51260765449556, "n_waypoints_completed": 9, "tot_waypoints": 9}}
{"target": -171.61761648907424, "params": {"k_pid_pos": [1.3107903035632211, 0.0, 0.6101187771284303], "k_pid_alt": [1.999908198964561, 0.0, 0.0], "k_pid_att": [27.676954742437974, 0.0001, 0.3372693270122214], "k_pid_yaw": [0.5, 1e-06, 0.1], "k_pid_hsp": [0.1146047521892572, 7.376811592089139e-05, 0.0], "k_pid_vsp": [243.1216036100128, 399.4471063032978, 1e-06]}, "datetime": {"datetime": "2025-08-20 21:35:03", "elapsed": 34957.944677352905, "delta": 16.67881679534912}, "costs": {"total_cost": 171.61761648907424, "time_cost": 70.536, "final_distance_cost": 1.8152075513366266, "oscillation_cost": 25.34516270532424, "completition_cost": 0.0, "overshoot_cost": 50.571536691190694, "power_cost": 11.984808654785157, "noise_cost": 11.36490088643751, "n_waypoints_completed": 9, "tot_waypoints": 9}}
