{"target": -246.3896991668914, "params": {"k_pid_pos": [2.0, 0.0, 0.7359878962334291], "k_pid_alt": [0.7734545168566488, 0.0, 0.0], "k_pid_att": [10.979120161782076, 0.0001, 0.09629920391044741], "k_pid_yaw": [0.5, 1e-06, 0.1], "k_pid_hsp": [0.5694689396807171, 0.0, 0.02262039229363931], "k_pid_vsp": [377.73516629245273, 1e-06, 1e-06]}, "datetime": {"datetime": "2025-08-20 12:37:37", "elapsed": 2711.941237449646, "delta": 16.887720823287964}, "costs": {"total_cost": 246.3896991668914, "time_cost": 78.744, "final_distance_cost": 1.8222143192003026, "oscillation_cost": 86.63136889203219, "completition_cost": 0.0, "overshoot_cost": 51.982152575319695, "power_cost": 14.381254943847656, "noise_cost": 12.828708436491548, "n_waypoints_completed": 9, "tot_waypoints": 9}}
{"target": -1201.3420284579838, "params": {"k_pid_pos": [1.8470808363319555, 0.04899807414357049, 0.7141295584566254], "k_pid_alt": [0.6272563259499916, 0.0, 0.007476210851520726], "k_pid_att": [17.91178410819719, 0.0001, 0.0], "k_pid_yaw": [0.5, 1e-06, 0.1], "k_pid_hsp": [0.0001, 0.0, 0.0], "k_pid_vsp": [400.0, 1e-06, 1e-06]}, "datetime": {"datetime": "2025-08-20 12:37:59", "elapsed": 2733.8666849136353, "delta": 21.925447463989258}, "costs": {"total_cost": 1201.3420284579838, "time_cost": 150, "final_distance_cost": 46.85559971700738, "oscillation_cost": 5.200087847145264, "completition_cost": 888.8888888888888, "overshoot_cost": 84.67904416433709, "power_cost": 12.775769726562501, "noise_cost": 12.942638114042998, "n_waypoints_completed": 1, "tot_waypoints": 9}}
{"target": -181.9032099281789, "params": {"k_pid_pos": [1.5263428006845494, 0.0, 0.8213699769426162], "k_pid_alt": [0.8168872930672529, 0.0, 0.0], "k_pid_att": [13.534847933725281, 0.0001, 0.0], "k_pid_yaw": [0.5, 1e-06, 0.1], "k_pid_hsp": [0.1470136274226186, 0.005147727929009811, 0.0], "k_pid_vsp": [400.0, 1e-06, 1e-06]}, "datetime": {"datetime": "2025-08-20 12:38:14", "elapsed": 2749.3492708206177, "delta": 15.482585906982422}, "costs": {"total_cost": 181.9032099281789, "time_cost": 73.256, "final_distance_cost": 1.8399692360254931, "oscillation_cost": 31.66137449339081, "completition_cost": 0.0, "overshoot_cost": 51.02550786810309, "power_cost": 12.327269641113283, "noise_cost": 11.79308868954625, "n_waypoints_completed": 9, "tot_waypoints": 9}}
{"target": -179.66457494246475, "params": {"k_pid_pos": [1.5197954436032082, 0.0, 0.8805407331025572], "k_pid_alt": [0.8565482711596606, 0.0, 0.0], "k_pid_att": [3.1107097631082423, 0.0001, 0.0], "k_pid_yaw": [0.5, 1e-06, 0.1], "k_pid_hsp": [0.04632838255741856, 0.0, 0.0], "k_pid_vsp": [400.0, 1e-06, 1e-06]}, "datetime": {"datetime": "2025-08-20 12:38:31", "elapsed": 2765.812772512436, "delta": 16.463501691818237}, "costs": {"total_cost": 179.66457494246475, "time_cost": 76.904, "final_distance_cost": 1.7779036516297446, "oscillation_cost": 21.759998611284498, "completition_cost": 0.0, "overshoot_cost": 55.97124898959924, "power_cost": 11.4571806640625, "noise_cost": 11.794243025888795, "n_waypoints_completed": 9, "tot_waypoints": 9}}
{"target": -1139.898140986527, "params": {"k_pid_pos": [0.5368618015075661, 0.0, 0.40907423206987026], "k_pid_alt": [0.639884161701522, 0.0, 0.0], "k_pid_att": [4.065591092357686, 0.0001, 0.0], "k_pid_yaw": [0.5, 1e-06, 0.1], "k_pid_hsp": [0.0001, 0.0, 0.0], "k_pid_vsp": [376.5810803713082, 1e-06, 21.899554347397714]}, "datetime": {"datetime": "2025-08-20 12:38:52", "elapsed": 2787.2781562805176, "delta": 21.465383768081665}, "costs": {"total_cost": 1139.898140986527, "time_cost": 150, "final_distance_cost": 45.3778526801787, "oscillation_cost": 2.733574496777008, "completition_cost": 888.8888888888888, "overshoot_cost": 45.42745136298274, "power_cost": 2.7397973632812502, "noise_cost": 4.730576194418414, "n_waypoints_completed": 1, "tot_waypoints": 9}}
{"target": -708.1616462984236, "params": {"k_pid_pos": [2.0, 0.27680937994966825, 0.7489734601911403], "k_pid_alt": [0.9693933524717874, 0.6809757211166805, 0.07793470589729523], "k_pid_att": [0.15613639744315932, 0.0001, 0.6241411669169846], "k_pid_yaw": [0.5, 1e-06, 0.1], "k_pid_hsp": [2.001634725827644, 0.04847085470401011, 0.023467181315471486], "k_pid_vsp": [400.0, 1e-06, 12.216453301081387]}, "datetime": {"datetime": "2025-08-20 12:39:14", "elapsed": 2808.6222484111786, "delta": 21.34409213066101}, "costs": {"total_cost": 708.1616462984236, "time_cost": 150, "final_distance_cost": 70.304399127686, "oscillation_cost": 22.189880064186525, "completition_cost": 333.33333333333337, "overshoot_cost": 99.91115469569156, "power_cost": 18.171980957031252, "noise_cost": 14.250898120494863, "n_waypoints_completed": 6, "tot_waypoints": 9}}
{"target": -206.26965945785773, "params": {"k_pid_pos": [2.0, 0.0, 0.8364501156921658], "k_pid_alt": [1.3198987236040551, 0.003845238125131656, 0.0], "k_pid_att": [58.52455214309769, 2.578377049858374, 0.0074338129934826275], "k_pid_yaw": [0.5, 1e-06, 0.1], "k_pid_hsp": [2.9121856909994146, 0.21061472829354833, 0.0], "k_pid_vsp": [400.0, 1e-06, 36.58658364364106]}, "datetime": {"datetime": "2025-08-20 12:39:29", "elapsed": 2823.637196302414, "delta": 15.014947891235352}, "costs": {"total_cost": 206.26965945785773, "time_cost": 70.248, "final_distance_cost": 1.841748809927736, "oscillation_cost": 55.68129190634639, "completition_cost": 0.0, "overshoot_cost": 50.97809266223258, "power_cost": 15.55304227294922, "noise_cost": 11.967483806401798, "n_waypoints_completed": 9, "tot_waypoints": 9}}
{"target": -197.07549162386434, "params": {"k_pid_pos": [1.9492217114845474, 0.6758570767981926, 0.7829712477734868], "k_pid_alt": [0.701180578446078, 0.0, 0.0], "k_pid_att": [12.769214702493889, 0.0001, 0.06496768401646136], "k_pid_yaw": [0.5, 1e-06, 0.1], "k_pid_hsp": [1.2688267095597103, 0.0, 0.0], "k_pid_vsp": [306.8671798907253, 1e-06, 1e-06]}, "datetime": {"datetime": "2025-08-20 12:39:45", "elapsed": 2839.832760334015, "delta": 16.195564031600952}, "costs": {"total_cost": 197.07549162386434, "time_cost": 76.19200000000001, "final_distance_cost": 1.7787855983501026, "oscillation_cost": 42.79500857104567, "completition_cost": 0.0, "overshoot_cost": 50.69222793241687, "power_cost": 13.577350817871094, "noise_cost": 12.040118704180594, "n_waypoints_completed": 9, "tot_waypoints": 9}}
{"target": -4416.952231319323, "params": {"k_pid_pos": [2.0, 0.2706251048744368, 0.20686891846452898], "k_pid_alt": [0.5070156332567713, 0.0, 0.025029500531700943], "k_pid_att": [0.0, 0.13218575747620875, 0.0006163673859802092], "k_pid_yaw": [0.5, 1e-06, 0.1], "k_pid_hsp": [7.336851017671845, 0.0, 0.13563949389177582], "k_pid_vsp": [400.0, 1e-06, 1e-06]}, "datetime": {"datetime": "2025-08-20 12:40:06", "elapsed": 2861.4596049785614, "delta": 21.62684464454651}, "costs": {"total_cost": 4416.952231319323, "time_cost": 150, "final_distance_cost": 697.5836509452885, "oscillation_cost": 672.3919381069056, "completition_cost": 1000.0, "overshoot_cost": 1766.0329048102244, "power_cost": 35.53361013183594, "noise_cost": 95.41012732506842, "n_waypoints_completed": 0, "tot_waypoints": 9}}
{"target": -1208.181015862536, "params": {"k_pid_pos": [1.8479440087223589, 0.21286720688062105, 1.0], "k_pid_alt": [0.6410303020616296, 0.0, 0.0], "k_pid_att": [5.276665848293238, 0.0001, 0.0], "k_pid_yaw": [0.5, 1e-06, 0.1], "k_pid_hsp": [0.0001, 0.017405601356628157, 0.0], "k_pid_vsp": [400.0, 9.106831268617526, 1e-06]}, "datetime": {"datetime": "2025-08-20 12:40:28", "elapsed": 2882.880437850952, "delta": 21.420832872390747}, "costs": {"total_cost": 1208.181015862536, "time_cost": 150, "final_distance_cost": 63.596487679266644, "oscillation_cost": 6.087693035097716, "completition_cost": 888.8888888888888, "overshoot_cost": 73.64418468063735, "power_cost": 12.932243676757814, "noise_cost": 13.031517901887758, "n_waypoints_completed": 1, "tot_waypoints": 9}}
{"target": -5032.13405446085, "params": {"k_pid_pos": [2.0, 0.0, 0.9416214585976077], "k_pid_alt": [1.0507116007853399, 0.057861268510284, 0.0], "k_pid_att": [0.0, 0.0001, 0.09130154512046072], "k_pid_yaw": [0.5, 1e-06, 0.1], "k_pid_hsp": [5.776137982157815, 0.0, 0.3420592823080307], "k_pid_vsp": [400.0, 308.4743381966706, 182.4898767308689]}, "datetime": {"datetime": "2025-08-20 12:40:49", "elapsed": 2904.2402398586273, "delta": 21.35980200767517}, "costs": {"total_cost": 5032.13405446085, "time_cost": 150, "final_distance_cost": 1945.873394934768, "oscillation_cost": 4.905768400167348, "completition_cost": 1000.0, "overshoot_cost": 1924.9449557615353, "power_cost": 2.3709658325195315, "noise_cost": 4.038969531859665, "n_waypoints_completed": 0, "tot_waypoints": 9}}
{"target": -5305.455360934322, "params": {"k_pid_pos": [1.827635806801556, 0.0, 0.31454691904475596], "k_pid_alt": [1.107789003721532, 0.20694241791848855, 0.0], "k_pid_att": [0.0, 0.025321461216647658, 0.0], "k_pid_yaw": [0.5, 1e-06, 0.1], "k_pid_hsp": [0.17511388437391867, 0.35539176407149153, 0.0], "k_pid_vsp": [400.0, 1e-06, 1.846758056327192]}, "datetime": {"datetime": "2025-08-20 12:41:11", "elapsed": 2926.0028281211853, "delta": 21.762588262557983}, "costs": {"total_cost": 5305.455360934322, "time_cost": 150, "final_distance_cost": 1184.9072064223674, "oscillation_cost": 260.7522875746104, "completition_cost": 1000.0, "overshoot_cost": 2593.469143000733, "power_cost": 34.352534423828125, "noise_cost": 81.97418951278338, "n_waypoints_completed": 0, "tot_waypoints": 9}}
{"target": -1323.0962784979317, "params": {"k_pid_pos": [1.6721922225926673, 0.0, 0.9207412621647845], "k_pid_alt": [0.8507150786034249, 0.0, 0.0], "k_pid_att": [0.0, 0.0001, 0.0], "k_pid_yaw": [0.5, 1e-06, 0.1], "k_pid_hsp": [0.0001, 0.0, 0.0], "k_pid_vsp": [400.0, 1e-06, 1e-06]}, "datetime": {"datetime": "2025-08-20 12:41:33", "elapsed": 2947.657742023468, "delta": 21.654913902282715}, "costs": {"total_cost": 1323.0962784979317, "time_cost": 150, "final_distance_cost": 134.25816903649965, "oscillation_cost": 2.049711534284241, "completition_cost": 888.8888888888888, "overshoot_cost": 121.93014883724243, "power_cost": 12.937613610839845, "noise_cost": 13.031746590176471, "n_waypoints_completed": 1, "tot_waypoints": 9}}
{"target": -357.0281811926823, "params": {"k_pid_pos": [2.0, 0.0, 1.0], "k_pid_alt": [1.211645273440763, 0.03936277101425499, 0.10202624809370625], "k_pid_att": [6.504278570089653, 2.4931707091748314, 0.0], "k_pid_yaw": [0.5, 1e-06, 0.1], "k_pid_hsp": [10.0, 0.10033690937238315, 0.0], "k_pid_vsp": [191.2152677138575, 1e-06, 30.676552327343867]}, "datetime": {"datetime": "2025-08-20 12:41:48", "elapsed": 2962.993203163147, "delta": 15.335461139678955}, "costs": {"total_cost": 357.0281811926823, "time_cost": 71.92, "final_distance_cost": 1.7314720515004252, "oscillation_cost": 200.3537917757474, "completition_cost": 0.0, "overshoot_cost": 51.46499962344574, "power_cost": 18.034573107910155, "noise_cost": 13.52334463407861, "n_waypoints_completed": 9, "tot_waypoints": 9}}
{"target": -1238.1177511482585, "params": {"k_pid_pos": [1.075074869415781, 0.0, 0.8797921165378835], "k_pid_alt": [0.832287547095401, 0.0, 0.0], "k_pid_att": [2.86151638284932, 0.4613956400856938, 0.0], "k_pid_yaw": [0.5, 1e-06, 0.1], "k_pid_hsp": [0.0001, 0.13613396660222732, 0.0], "k_pid_vsp": [400.0, 1e-06, 1e-06]}, "datetime": {"datetime": "2025-08-20 12:42:10", "elapsed": 2985.2160058021545, "delta": 22.22280263900757}, "costs": {"total_cost": 1238.1177511482585, "time_cost": 150, "final_distance_cost": 88.52786063466557, "oscillation_cost": 108.84000107839648, "completition_cost": 777.7777777777778, "overshoot_cost": 74.17292242846466, "power_cost": 21.765521215820314, "noise_cost": 17.03366801313366, "n_waypoints_completed": 2, "tot_waypoints": 9}}
{"target": -6548.083161063751, "params": {"k_pid_pos": [2.0, 0.0, 0.982277504989953], "k_pid_alt": [0.9239710905237198, 0.0, 0.0], "k_pid_att": [0.0, 0.0001, 0.0], "k_pid_yaw": [0.5, 1e-06, 0.1], "k_pid_hsp": [0.0001, 0.010796998678235303, 0.07288841010147275], "k_pid_vsp": [357.20174893795314, 1e-06, 10.906748934558962]}, "datetime": {"datetime": "2025-08-20 12:42:32", "elapsed": 3006.732827425003, "delta": 21.51682162284851}, "costs": {"total_cost": 6548.083161063751, "time_cost": 150, "final_distance_cost": 2443.9833195357214, "oscillation_cost": 10.221748417955679, "completition_cost": 1000.0, "overshoot_cost": 2882.512367855254, "power_cost": 29.545970056152346, "noise_cost": 31.81975519866783, "n_waypoints_completed": 0, "tot_waypoints": 9}}
{"target": -192.8449241514752, "params": {"k_pid_pos": [2.0, 0.0, 0.5974603274591518], "k_pid_alt": [0.8219432907788466, 0.0, 0.1120255160484633], "k_pid_att": [34.713574220337954, 0.0001, 0.0], "k_pid_yaw": [0.5, 1e-06, 0.1], "k_pid_hsp": [0.9893943365147906, 0.0, 0.0], "k_pid_vsp": [289.2070432042403, 1e-06, 1e-06]}, "datetime": {"datetime": "2025-08-20 12:42:47", "elapsed": 3022.119461297989, "delta": 15.38663387298584}, "costs": {"total_cost": 192.8449241514752, "time_cost": 72.528, "final_distance_cost": 1.8105555944796337, "oscillation_cost": 42.52259597863463, "completition_cost": 0.0, "overshoot_cost": 51.20915726791031, "power_cost": 13.024347521972658, "noise_cost": 11.75026778847798, "n_waypoints_completed": 9, "tot_waypoints": 9}}
{"target": -6438.645517335374, "params": {"k_pid_pos": [2.0, 0.017018734211376563, 0.70729541372411], "k_pid_alt": [1.3559008525144454, 0.0, 0.08530667628312386], "k_pid_att": [0.0, 0.0001, 0.0], "k_pid_yaw": [0.5, 1e-06, 0.1], "k_pid_hsp": [0.9966005306911505, 0.0, 0.0], "k_pid_vsp": [400.0, 16.780780175223082, 1e-06]}, "datetime": {"datetime": "2025-08-20 12:43:09", "elapsed": 3043.992736339569, "delta": 21.8732750415802}, "costs": {"total_cost": 6438.645517335374, "time_cost": 150, "final_distance_cost": 819.1040246118113, "oscillation_cost": 12.34864695057548, "completition_cost": 1000.0, "overshoot_cost": 4388.986717308696, "power_cost": 25.643170556640627, "noise_cost": 42.56295790764993, "n_waypoints_completed": 0, "tot_waypoints": 9}}
{"target": -1324.880443092525, "params": {"k_pid_pos": [2.0, 0.41134491909257653, 0.47866101943009787], "k_pid_alt": [0.7977640906759705, 0.0, 0.0], "k_pid_att": [0.0, 0.0001, 0.0], "k_pid_yaw": [0.5, 1e-06, 0.1], "k_pid_hsp": [0.0001, 0.0, 0.0], "k_pid_vsp": [400.0, 1e-06, 1e-06]}, "datetime": {"datetime": "2025-08-20 12:43:30", "elapsed": 3065.297640800476, "delta": 21.304904460906982}, "costs": {"total_cost": 1324.880443092525, "time_cost": 150, "final_distance_cost": 135.2155208698036, "oscillation_cost": 2.091582164653754, "completition_cost": 888.8888888888888, "overshoot_cost": 122.69629781955773, "power_cost": 12.94755457763672, "noise_cost": 13.040598771984284, "n_waypoints_completed": 1, "tot_waypoints": 9}}
{"target": -1395.0311835065845, "params": {"k_pid_pos": [2.0, 0.0, 0.29194072809739546], "k_pid_alt": [0.2819409572488981, 0.378596115334297, 0.0], "k_pid_att": [22.72659108229501, 4.014297980750981, 0.0], "k_pid_yaw": [0.5, 1e-06, 0.1], "k_pid_hsp": [0.0001, 0.8026736915031637, 0.6445798643018537], "k_pid_vsp": [302.3852033930887, 400.0, 10.798800223827238]}, "datetime": {"datetime": "2025-08-20 12:43:52", "elapsed": 3086.724410057068, "delta": 21.426769256591797}, "costs": {"total_cost": 1395.0311835065845, "time_cost": 150, "final_distance_cost": 75.9873833677773, "oscillation_cost": 380.7047796056474, "completition_cost": 666.6666666666667, "overshoot_cost": 86.28280196438274, "power_cost": 19.129986779785156, "noise_cost": 16.259565122325135, "n_waypoints_completed": 3, "tot_waypoints": 9}}
{"target": -180.67153261602897, "params": {"k_pid_pos": [2.0, 0.0, 0.9528179969971737], "k_pid_alt": [1.1311899240373284, 0.0, 0.0], "k_pid_att": [4.689257907580398, 0.0001, 0.0], "k_pid_yaw": [0.5, 1e-06, 0.1], "k_pid_hsp": [0.20570807089246435, 0.0, 0.0], "k_pid_vsp": [400.0, 1e-06, 1e-06]}, "datetime": {"datetime": "2025-08-20 12:44:07", "elapsed": 3102.2367503643036, "delta": 15.512340307235718}, "costs": {"total_cost": 180.67153261602897, "time_cost": 71.264, "final_distance_cost": 1.84367504955687, "oscillation_cost": 31.76730819230272, "completition_cost": 0.0, "overshoot_cost": 51.51004340715527, "power_cost": 12.621047705078126, "noise_cost": 11.665458261935996, "n_waypoints_completed": 9, "tot_waypoints": 9}}
{"target": -194.32923251589978, "params": {"k_pid_pos": [0.9085501771491424, 0.20591437994354145, 0.6837388865194549], "k_pid_alt": [0.7674073327602234, 0.0, 0.10802791812797861], "k_pid_att": [20.164637742863896, 0.6695375140722806, 0.11700963448656167], "k_pid_yaw": [0.5, 1e-06, 0.1], "k_pid_hsp": [1.6613260663794018, 0.004272650365844476, 0.0], "k_pid_vsp": [400.0, 117.51571872614788, 1e-06]}, "datetime": {"datetime": "2025-08-20 12:44:25", "elapsed": 3119.6821999549866, "delta": 17.445449590682983}, "costs": {"total_cost": 194.32923251589978, "time_cost": 81.672, "final_distance_cost": 1.8237991828357332, "oscillation_cost": 32.53718794261825, "completition_cost": 0.0, "overshoot_cost": 51.628602763149196, "power_cost": 13.61722869873047, "noise_cost": 13.050413928566154, "n_waypoints_completed": 9, "tot_waypoints": 9}}
{"target": -1196.799818496071, "params": {"k_pid_pos": [1.4252888327001032, 0.03863474890564783, 0.9878535068451172], "k_pid_alt": [1.0042436799418688, 0.0, 0.0], "k_pid_att": [20.844930170384412, 0.0001, 0.0], "k_pid_yaw": [0.5, 1e-06, 0.1], "k_pid_hsp": [0.0001, 0.0, 0.0], "k_pid_vsp": [310.8041860919328, 164.56013295264685, 1e-06]}, "datetime": {"datetime": "2025-08-20 12:44:46", "elapsed": 3141.303834438324, "delta": 21.621634483337402}, "costs": {"total_cost": 1196.799818496071, "time_cost": 150, "final_distance_cost": 46.701463324676794, "oscillation_cost": 1.8549156436189878, "completition_cost": 888.8888888888888, "overshoot_cost": 83.66705193985419, "power_cost": 12.774643322753906, "noise_cost": 12.912855376278282, "n_waypoints_completed": 1, "tot_waypoints": 9}}
{"target": -1197.3182105684416, "params": {"k_pid_pos": [2.0, 0.0, 0.6918335213445764], "k_pid_alt": [0.8139735736830155, 0.0, 0.0], "k_pid_att": [26.05196333790607, 0.0001, 0.097217389613839], "k_pid_yaw": [0.5, 1e-06, 0.1], "k_pid_hsp": [0.0001, 0.0, 0.0], "k_pid_vsp": [379.87580495887846, 97.23350207859713, 1e-06]}, "datetime": {"datetime": "2025-08-20 12:45:08", "elapsed": 3162.753893136978, "delta": 21.450058698654175}, "costs": {"total_cost": 1197.3182105684416, "time_cost": 150, "final_distance_cost": 46.92215445238139, "oscillation_cost": 1.3270015214711819, "completition_cost": 888.8888888888888, "overshoot_cost": 84.4859384879097, "power_cost": 12.7725884765625, "noise_cost": 12.921638741228056, "n_waypoints_completed": 1, "tot_waypoints": 9}}
{"target": -2021.2422316786879, "params": {"k_pid_pos": [1.330892727529132, 0.05502074445356604, 0.15492159832779964], "k_pid_alt": [0.9334486689055108, 0.017677434135345005, 0.1015734817998063], "k_pid_att": [0.0, 0.0001, 0.03345812980957566], "k_pid_yaw": [0.5, 1e-06, 0.1], "k_pid_hsp": [0.6765348546743006, 0.0, 0.0], "k_pid_vsp": [348.08859416046323, 69.9661700905011, 2.1453203418027966]}, "datetime": {"datetime": "2025-08-20 12:45:29", "elapsed": 3184.169613838196, "delta": 21.41572070121765}, "costs": {"total_cost": 2021.2422316786879, "time_cost": 150, "final_distance_cost": 615.4679819193337, "oscillation_cost": 4.576650077531067, "completition_cost": 666.6666666666667, "overshoot_cost": 557.6104546614171, "power_cost": 13.687116967773438, "noise_cost": 13.233361385965924, "n_waypoints_completed": 3, "tot_waypoints": 9}}
{"target": -180.23084078628443, "params": {"k_pid_pos": [2.0, 0.0, 0.5195185329764047], "k_pid_alt": [0.7611335518521241, 0.010691815448993239, 0.0], "k_pid_att": [29.001507544071426, 0.12348828502745668, 0.23351817860786261], "k_pid_yaw": [0.5, 1e-06, 0.1], "k_pid_hsp": [0.7944513308804906, 0.021152211792528228, 0.0], "k_pid_vsp": [353.58917094457934, 20.51562490424706, 1e-06]}, "datetime": {"datetime": "2025-08-20 12:45:44", "elapsed": 3199.247085094452, "delta": 15.077471256256104}, "costs": {"total_cost": 180.23084078628443, "time_cost": 70.696, "final_distance_cost": 1.8205072288622508, "oscillation_cost": 32.55858401475891, "completition_cost": 0.0, "overshoot_cost": 51.08872796898466, "power_cost": 12.58963896484375, "noise_cost": 11.477382608834878, "n_waypoints_completed": 9, "tot_waypoints": 9}}
{"target": -1194.5448098472532, "params": {"k_pid_pos": [1.4553537976243613, 0.0, 0.927035902306764], "k_pid_alt": [0.8907878861598895, 0.0, 0.0], "k_pid_att": [4.671421966805005, 0.0001, 0.029332969724177836], "k_pid_yaw": [0.5, 1e-06, 0.1], "k_pid_hsp": [0.0001, 0.0, 0.0], "k_pid_vsp": [400.0, 99.42520805683654, 1e-06]}, "datetime": {"datetime": "2025-08-20 12:46:06", "elapsed": 3221.174535036087, "delta": 21.927449941635132}, "costs": {"total_cost": 1194.5448098472532, "time_cost": 150, "final_distance_cost": 46.62934165567644, "oscillation_cost": 0.007677772473800761, "completition_cost": 888.8888888888888, "overshoot_cost": 83.30370419206326, "power_cost": 12.785463159179688, "noise_cost": 12.929734178971124, "n_waypoints_completed": 1, "tot_waypoints": 9}}
{"target": -1334.5057239125458, "params": {"k_pid_pos": [2.0, 0.0, 0.8419708673219779], "k_pid_alt": [0.9265237186192142, 0.0, 0.3938707351617809], "k_pid_att": [7.995493496397563, 0.0001, 0.08869799900601294], "k_pid_yaw": [0.5, 1e-06, 0.1], "k_pid_hsp": [0.0001, 0.8042451346133311, 0.0], "k_pid_vsp": [400.0, 59.12788112491873, 21.5697292673687]}, "datetime": {"datetime": "2025-08-20 12:46:27", "elapsed": 3242.5110704898834, "delta": 21.336535453796387}, "costs": {"total_cost": 1334.5057239125458, "time_cost": 150, "final_distance_cost": 63.98962959337459, "oscillation_cost": 92.19808956597907, "completition_cost": 888.8888888888888, "overshoot_cost": 80.63500384361362, "power_cost": 35.3241703491211, "noise_cost": 23.469941671568566, "n_waypoints_completed": 1, "tot_waypoints": 9}}
