{"target": -172.32830866492108, "params": {"k_pid_pos": [1.6859760935740185, 0.0, 0.8580836921275652], "k_pid_alt": [1.7675432252135717, 0.0, 0.0], "k_pid_att": [33.5836673488059, 0.0001, 0.38518727766717825], "k_pid_yaw": [0.5, 1e-06, 0.1], "k_pid_hsp": [0.12137961750033073, 0.0, 0.0], "k_pid_vsp": [293.91323724629865, 221.7241139463777, 1e-06]}, "datetime": {"datetime": "2025-08-20 15:34:24", "elapsed": 13318.919740438461, "delta": 15.384487628936768}, "costs": {"total_cost": 172.32830866492108, "time_cost": 70.136, "final_distance_cost": 1.8379217753363348, "oscillation_cost": 26.349331666294436, "completition_cost": 0.0, "overshoot_cost": 51.02141436618486, "power_cost": 11.715873205566407, "noise_cost": 11.267767651539067, "n_waypoints_completed": 9, "tot_waypoints": 9}}
{"target": -179.29621357512394, "params": {"k_pid_pos": [1.4551597340001325, 0.0, 0.9719210301705905], "k_pid_alt": [1.0011945649342588, 0.0, 0.0], "k_pid_att": [40.96770078094188, 0.0001, 0.4790541365390439], "k_pid_yaw": [0.5, 1e-06, 0.1], "k_pid_hsp": [0.5562264094348406, 0.0, 0.0], "k_pid_vsp": [273.89422289446867, 236.15518987561933, 1e-06]}, "datetime": {"datetime": "2025-08-20 15:34:41", "elapsed": 13335.87036371231, "delta": 16.950623273849487}, "costs": {"total_cost": 179.29621357512394, "time_cost": 73.792, "final_distance_cost": 1.8494033388801598, "oscillation_cost": 29.450325835544795, "completition_cost": 0.0, "overshoot_cost": 49.96459264923161, "power_cost": 12.188544860839844, "noise_cost": 12.05134689062755, "n_waypoints_completed": 9, "tot_waypoints": 9}}
{"target": -173.8105841102659, "params": {"k_pid_pos": [1.525268563886901, 0.0, 0.8056583951268901], "k_pid_alt": [1.8832042315233728, 0.0, 0.0], "k_pid_att": [51.49224947207966, 0.0001, 0.1955500729227425], "k_pid_yaw": [0.5, 1e-06, 0.1], "k_pid_hsp": [0.11421097508098632, 0.0, 0.0], "k_pid_vsp": [272.44615081532135, 254.56092322901304, 1e-06]}, "datetime": {"datetime": "2025-08-20 15:34:56", "elapsed": 13351.321243047714, "delta": 15.450879335403442}, "costs": {"total_cost": 173.8105841102659, "time_cost": 70.52, "final_distance_cost": 1.8368745684836618, "oscillation_cost": 26.7659387510584, "completition_cost": 0.0, "overshoot_cost": 50.87299819503463, "power_cost": 12.259955126953125, "noise_cost": 11.554817468736072, "n_waypoints_completed": 9, "tot_waypoints": 9}}
{"target": -172.1765165278298, "params": {"k_pid_pos": [1.5088277852997405, 0.0, 0.811980736295254], "k_pid_alt": [2.0, 0.0, 0.0], "k_pid_att": [46.31718669147442, 0.0001, 0.2441367926625123], "k_pid_yaw": [0.5, 1e-06, 0.1], "k_pid_hsp": [0.11567861050203815, 0.0, 0.0], "k_pid_vsp": [268.27543440975063, 274.4298331675114, 1e-06]}, "datetime": {"datetime": "2025-08-20 15:35:12", "elapsed": 13366.744396924973, "delta": 15.4231538772583}, "costs": {"total_cost": 172.1765165278298, "time_cost": 70.688, "final_distance_cost": 1.8391244905773838, "oscillation_cost": 25.781161590855447, "completition_cost": 0.0, "overshoot_cost": 50.77487862418557, "power_cost": 11.803820422363282, "noise_cost": 11.28953139984811, "n_waypoints_completed": 9, "tot_waypoints": 9}}
{"target": -172.70850268724993, "params": {"k_pid_pos": [1.4598061973818794, 0.01948399709861969, 0.906700357419754], "k_pid_alt": [1.9525459456377712, 0.0, 0.0], "k_pid_att": [29.471626164924842, 0.0001, 0.3481756648572665], "k_pid_yaw": [0.5, 1e-06, 0.1], "k_pid_hsp": [0.12299408700132752, 0.0, 0.0], "k_pid_vsp": [267.26436951669905, 222.08292586291765, 1e-06]}, "datetime": {"datetime": "2025-08-20 15:35:28", "elapsed": 13382.722972869873, "delta": 15.978575944900513}, "costs": {"total_cost": 172.70850268724993, "time_cost": 70.968, "final_distance_cost": 1.8298621621236209, "oscillation_cost": 24.849127972017506, "completition_cost": 0.0, "overshoot_cost": 51.167911414522685, "power_cost": 12.26547353515625, "noise_cost": 11.628127603429869, "n_waypoints_completed": 9, "tot_waypoints": 9}}
{"target": -173.92091934994644, "params": {"k_pid_pos": [1.6194642654397766, 0.0, 0.7965705514523248], "k_pid_alt": [2.0, 0.0, 0.0], "k_pid_att": [2.360287373575936, 0.0001, 0.26136155361477204], "k_pid_yaw": [0.5, 1e-06, 0.1], "k_pid_hsp": [0.14618756825451212, 8.588879727147066e-05, 0.0], "k_pid_vsp": [331.85505942350125, 219.32477860688235, 1e-06]}, "datetime": {"datetime": "2025-08-20 15:35:43", "elapsed": 13398.139858007431, "delta": 15.416885137557983}, "costs": {"total_cost": 173.92091934994644, "time_cost": 70.16, "final_distance_cost": 1.8417322278248995, "oscillation_cost": 27.97115658051851, "completition_cost": 0.0, "overshoot_cost": 50.624334245000526, "power_cost": 11.929920043945312, "noise_cost": 11.393776252657185, "n_waypoints_completed": 9, "tot_waypoints": 9}}
{"target": -172.87324754334608, "params": {"k_pid_pos": [1.5410498467553342, 0.0, 0.8222374719807447], "k_pid_alt": [2.0, 0.0, 0.0], "k_pid_att": [34.65469578099323, 0.0001, 0.2520013435146679], "k_pid_yaw": [0.5, 1e-06, 0.1], "k_pid_hsp": [0.06327689489744409, 0.0, 0.0], "k_pid_vsp": [243.0528495445771, 243.66841415347352, 1e-06]}, "datetime": {"datetime": "2025-08-20 15:35:59", "elapsed": 13414.007644176483, "delta": 15.867786169052124}, "costs": {"total_cost": 172.87324754334608, "time_cost": 71.48, "final_distance_cost": 1.7907873064630722, "oscillation_cost": 24.290464489916776, "completition_cost": 0.0, "overshoot_cost": 52.42043388454057, "power_cost": 11.589567944335938, "noise_cost": 11.301993918089762, "n_waypoints_completed": 9, "tot_waypoints": 9}}
{"target": -172.4980715654305, "params": {"k_pid_pos": [1.596048910404277, 0.0, 0.8721205478145582], "k_pid_alt": [2.0, 0.0, 0.0], "k_pid_att": [24.362235529900445, 0.0001, 0.34702712492731835], "k_pid_yaw": [0.5, 1e-06, 0.1], "k_pid_hsp": [0.09771475531969122, 0.0, 0.0], "k_pid_vsp": [287.9973089671051, 243.38976586757568, 1e-06]}, "datetime": {"datetime": "2025-08-20 15:36:14", "elapsed": 13429.483035802841, "delta": 15.475391626358032}, "costs": {"total_cost": 172.4980715654305, "time_cost": 70.656, "final_distance_cost": 1.8198112330832936, "oscillation_cost": 25.491782551228756, "completition_cost": 0.0, "overshoot_cost": 51.27847120008651, "power_cost": 11.864682434082031, "noise_cost": 11.387324146949906, "n_waypoints_completed": 9, "tot_waypoints": 9}}
{"target": -172.84744166260293, "params": {"k_pid_pos": [1.6370506407505145, 0.0, 0.7774293809448422], "k_pid_alt": [2.0, 0.0, 0.0], "k_pid_att": [17.0780074618977, 0.0001, 0.2713350298871245], "k_pid_yaw": [0.5, 1e-06, 0.1], "k_pid_hsp": [0.1307431633906079, 0.0, 0.0], "k_pid_vsp": [273.1083158858735, 354.17366378190155, 1e-06]}, "datetime": {"datetime": "2025-08-20 15:36:30", "elapsed": 13444.842634439468, "delta": 15.359598636627197}, "costs": {"total_cost": 172.84744166260293, "time_cost": 70.19200000000001, "final_distance_cost": 1.8401963844711353, "oscillation_cost": 26.786474776492874, "completition_cost": 0.0, "overshoot_cost": 50.45959645501986, "power_cost": 12.139113012695313, "noise_cost": 11.430061033923764, "n_waypoints_completed": 9, "tot_waypoints": 9}}
{"target": -173.07882331682885, "params": {"k_pid_pos": [1.5193240998646802, 0.0, 0.9416741370363961], "k_pid_alt": [1.2197340154025471, 0.0, 0.0], "k_pid_att": [18.156095362583216, 0.0001, 0.2536975817669181], "k_pid_yaw": [0.5, 1e-06, 0.1], "k_pid_hsp": [0.12402095395530341, 7.434207952930525e-05, 0.0], "k_pid_vsp": [282.5698526563212, 261.39718047976675, 1e-06]}, "datetime": {"datetime": "2025-08-20 15:36:46", "elapsed": 13460.993283748627, "delta": 16.150649309158325}, "costs": {"total_cost": 173.07882331682885, "time_cost": 70.968, "final_distance_cost": 1.829020848632627, "oscillation_cost": 26.58252001792402, "completition_cost": 0.0, "overshoot_cost": 50.304790971506435, "power_cost": 11.906065856933594, "noise_cost": 11.488425621832166, "n_waypoints_completed": 9, "tot_waypoints": 9}}
{"target": -172.503417082906, "params": {"k_pid_pos": [1.6684748298802663, 0.0, 0.9891579615911938], "k_pid_alt": [1.915195224243435, 0.0, 0.0], "k_pid_att": [44.78103385390935, 0.0001, 0.2869173335726368], "k_pid_yaw": [0.5, 1e-06, 0.1], "k_pid_hsp": [0.12017455338403915, 0.0, 0.0], "k_pid_vsp": [252.9370520639034, 157.6157037222859, 1e-06]}, "datetime": {"datetime": "2025-08-20 15:37:02", "elapsed": 13476.880403280258, "delta": 15.88711953163147}, "costs": {"total_cost": 172.503417082906, "time_cost": 70.784, "final_distance_cost": 1.8275171461175022, "oscillation_cost": 25.498213853414644, "completition_cost": 0.0, "overshoot_cost": 51.0159590280435, "power_cost": 11.953107153320314, "noise_cost": 11.424619902010063, "n_waypoints_completed": 9, "tot_waypoints": 9}}
{"target": -172.30386471834262, "params": {"k_pid_pos": [1.5277175999647308, 0.0, 0.8259132724694124], "k_pid_alt": [1.9183022769376084, 0.0, 0.0], "k_pid_att": [38.883380858451886, 0.0001, 0.21195341535728993], "k_pid_yaw": [0.5, 1e-06, 0.1], "k_pid_hsp": [0.11653284112340537, 0.0, 0.0], "k_pid_vsp": [260.14880793418166, 303.2949158639793, 1e-06]}, "datetime": {"datetime": "2025-08-20 15:37:17", "elapsed": 13492.12814450264, "delta": 15.247741222381592}, "costs": {"total_cost": 172.30386471834262, "time_cost": 70.52, "final_distance_cost": 1.8404647953840285, "oscillation_cost": 25.73058522765179, "completition_cost": 0.0, "overshoot_cost": 50.73287555327653, "power_cost": 12.04283221435547, "noise_cost": 11.437106927674858, "n_waypoints_completed": 9, "tot_waypoints": 9}}
{"target": -172.9633037530798, "params": {"k_pid_pos": [1.4418493139198894, 0.0, 0.7964085090778743], "k_pid_alt": [2.0, 0.0, 0.0], "k_pid_att": [56.093718000857045, 0.0001, 0.3929826582928929], "k_pid_yaw": [0.5, 1e-06, 0.1], "k_pid_hsp": [0.1092596821697281, 0.0, 0.0], "k_pid_vsp": [236.26784654613516, 244.3747122657224, 1e-06]}, "datetime": {"datetime": "2025-08-20 15:37:33", "elapsed": 13508.316662311554, "delta": 16.188517808914185}, "costs": {"total_cost": 172.9633037530798, "time_cost": 70.856, "final_distance_cost": 1.8322621000490675, "oscillation_cost": 25.530310110923203, "completition_cost": 0.0, "overshoot_cost": 51.112635725541224, "power_cost": 12.040213684082032, "noise_cost": 11.59188213248427, "n_waypoints_completed": 9, "tot_waypoints": 9}}
{"target": -172.40477591182307, "params": {"k_pid_pos": [1.5803625002427253, 0.0, 0.8862898380680241], "k_pid_alt": [2.0, 0.0, 0.0], "k_pid_att": [41.71074661016977, 0.0001, 0.2736285606672884], "k_pid_yaw": [0.5, 1e-06, 0.1], "k_pid_hsp": [0.1118470640530105, 0.0003042506558309817, 0.0], "k_pid_vsp": [262.44811931729214, 222.5708844266895, 1e-06]}, "datetime": {"datetime": "2025-08-20 15:37:49", "elapsed": 13524.263054609299, "delta": 15.946392297744751}, "costs": {"total_cost": 172.40477591182307, "time_cost": 70.72, "final_distance_cost": 1.8283815203102145, "oscillation_cost": 25.4503891692716, "completition_cost": 0.0, "overshoot_cost": 51.01748610401549, "power_cost": 12.01294169921875, "noise_cost": 11.375577419007026, "n_waypoints_completed": 9, "tot_waypoints": 9}}
{"target": -173.2744123946922, "params": {"k_pid_pos": [1.6694514068321082, 0.0, 0.9428992902128329], "k_pid_alt": [2.0, 0.0, 0.0], "k_pid_att": [38.68991665778726, 0.0001, 0.3112936959249819], "k_pid_yaw": [0.5, 1e-06, 0.1], "k_pid_hsp": [0.15046820485916196, 0.0, 0.0], "k_pid_vsp": [256.3533631374776, 311.6200932137972, 1e-06]}, "datetime": {"datetime": "2025-08-20 15:38:05", "elapsed": 13539.913967370987, "delta": 15.650912761688232}, "costs": {"total_cost": 173.2744123946922, "time_cost": 70.568, "final_distance_cost": 1.832491129954486, "oscillation_cost": 26.210984587405047, "completition_cost": 0.0, "overshoot_cost": 51.11147315401356, "power_cost": 11.989911682128907, "noise_cost": 11.56155184119021, "n_waypoints_completed": 9, "tot_waypoints": 9}}
{"target": -172.25270217876238, "params": {"k_pid_pos": [1.5401740275003644, 0.0, 0.8579610218236661], "k_pid_alt": [2.0, 0.0, 0.0], "k_pid_att": [35.51117938895243, 0.0001, 0.2640679071352465], "k_pid_yaw": [0.5, 1e-06, 0.1], "k_pid_hsp": [0.12234717263662456, 0.0, 0.0], "k_pid_vsp": [237.31631542013884, 400.0, 1e-06]}, "datetime": {"datetime": "2025-08-20 15:38:21", "elapsed": 13555.564539432526, "delta": 15.650572061538696}, "costs": {"total_cost": 172.25270217876238, "time_cost": 70.64, "final_distance_cost": 1.8416645225899, "oscillation_cost": 25.695566991647834, "completition_cost": 0.0, "overshoot_cost": 50.60782069823754, "power_cost": 11.998741381835938, "noise_cost": 11.46890858445115, "n_waypoints_completed": 9, "tot_waypoints": 9}}
{"target": -173.4040832984461, "params": {"k_pid_pos": [1.8002201234729407, 0.0, 0.8367520836100042], "k_pid_alt": [1.968647605234596, 0.0, 0.0], "k_pid_att": [42.91995244254612, 0.0001, 0.1785902312990385], "k_pid_yaw": [0.5, 1e-06, 0.1], "k_pid_hsp": [0.1175617777531566, 0.0, 0.0], "k_pid_vsp": [267.35861118804985, 301.04371882323477, 1e-06]}, "datetime": {"datetime": "2025-08-20 15:38:36", "elapsed": 13570.932178020477, "delta": 15.36763858795166}, "costs": {"total_cost": 173.4040832984461, "time_cost": 70.08800000000001, "final_distance_cost": 1.8117021407876686, "oscillation_cost": 27.584836549965516, "completition_cost": 0.0, "overshoot_cost": 50.99054960714547, "power_cost": 11.698094848632813, "noise_cost": 11.23090015191462, "n_waypoints_completed": 9, "tot_waypoints": 9}}
{"target": -172.4746521500554, "params": {"k_pid_pos": [1.3297137869420688, 0.0, 0.8784547259049416], "k_pid_alt": [2.0, 0.0, 0.0], "k_pid_att": [44.821699499516534, 0.0001, 0.2834085099422187], "k_pid_yaw": [0.5, 1e-06, 0.1], "k_pid_hsp": [0.09310251357177242, 0.0, 0.0], "k_pid_vsp": [252.68456987432614, 238.08138059781095, 1e-06]}, "datetime": {"datetime": "2025-08-20 15:38:51", "elapsed": 13586.54842710495, "delta": 15.616249084472656}, "costs": {"total_cost": 172.4746521500554, "time_cost": 71.552, "final_distance_cost": 1.839405213693063, "oscillation_cost": 24.224986780821137, "completition_cost": 0.0, "overshoot_cost": 51.66276775459401, "power_cost": 11.692713427734375, "noise_cost": 11.502778973212767, "n_waypoints_completed": 9, "tot_waypoints": 9}}
{"target": -173.00092913273383, "params": {"k_pid_pos": [1.6199947964133963, 0.0, 0.8620270812740061], "k_pid_alt": [1.9679310692873766, 0.0, 0.0], "k_pid_att": [28.917948005952077, 0.0001, 0.22533964519465305], "k_pid_yaw": [0.5, 1e-06, 0.1], "k_pid_hsp": [0.1484147189858843, 0.0, 0.0], "k_pid_vsp": [281.66658565829204, 327.87840771914983, 1e-06]}, "datetime": {"datetime": "2025-08-20 15:39:07", "elapsed": 13602.33369731903, "delta": 15.78527021408081}, "costs": {"total_cost": 173.00092913273383, "time_cost": 70.44, "final_distance_cost": 1.8384560477743994, "oscillation_cost": 26.45157446928191, "completition_cost": 0.0, "overshoot_cost": 50.62838629628226, "power_cost": 12.174746594238282, "noise_cost": 11.46776572515697, "n_waypoints_completed": 9, "tot_waypoints": 9}}
{"target": -172.7735975595317, "params": {"k_pid_pos": [1.5406855857396353, 0.0, 0.946803882750588], "k_pid_alt": [1.9837430709112465, 0.0, 0.0], "k_pid_att": [15.902229731987298, 0.0001, 0.5196159496536598], "k_pid_yaw": [0.5, 1e-06, 0.1], "k_pid_hsp": [0.10102261840866998, 0.0, 0.0], "k_pid_vsp": [244.2866062774212, 213.38319146455999, 1e-06]}, "datetime": {"datetime": "2025-08-20 15:39:24", "elapsed": 13618.61850118637, "delta": 16.284803867340088}, "costs": {"total_cost": 172.7735975595317, "time_cost": 70.904, "final_distance_cost": 1.8363891364508436, "oscillation_cost": 24.98610180304587, "completition_cost": 0.0, "overshoot_cost": 51.58806682828721, "power_cost": 11.978368530273437, "noise_cost": 11.480671261474363, "n_waypoints_completed": 9, "tot_waypoints": 9}}
{"target": -176.07619626083252, "params": {"k_pid_pos": [1.171724003439666, 0.0, 1.0], "k_pid_alt": [1.8350251539777185, 0.0, 0.0], "k_pid_att": [21.45547709942887, 0.0001, 0.39663203183336193], "k_pid_yaw": [0.5, 1e-06, 0.1], "k_pid_hsp": [0.1016177009909941, 0.0, 0.0], "k_pid_vsp": [264.6409394737041, 229.22095394736888, 1e-06]}, "datetime": {"datetime": "2025-08-20 15:39:40", "elapsed": 13634.918568372726, "delta": 16.30006718635559}, "costs": {"total_cost": 176.07619626083252, "time_cost": 73.896, "final_distance_cost": 1.8489675378550876, "oscillation_cost": 24.40811364412481, "completition_cost": 0.0, "overshoot_cost": 51.73480981044628, "power_cost": 12.156942492675782, "noise_cost": 12.031362775730576, "n_waypoints_completed": 9, "tot_waypoints": 9}}
{"target": -173.76029537759928, "params": {"k_pid_pos": [1.8285250939755073, 0.00522240352059191, 0.8837340906545847], "k_pid_alt": [2.0, 0.0, 0.0], "k_pid_att": [35.83266047414307, 0.0001, 0.27889445175892114], "k_pid_yaw": [0.5, 1e-06, 0.1], "k_pid_hsp": [0.227475318239746, 0.0, 0.0], "k_pid_vsp": [240.22454217244825, 308.94631002595077, 1e-06]}, "datetime": {"datetime": "2025-08-20 15:39:56", "elapsed": 13650.635981559753, "delta": 15.717413187026978}, "costs": {"total_cost": 173.76029537759928, "time_cost": 70.144, "final_distance_cost": 1.830279333982855, "oscillation_cost": 27.907297122484522, "completition_cost": 0.0, "overshoot_cost": 50.092241500706926, "power_cost": 12.223088696289063, "noise_cost": 11.563388724135907, "n_waypoints_completed": 9, "tot_waypoints": 9}}
{"target": -172.97261432291108, "params": {"k_pid_pos": [1.648885412284425, 0.0, 0.8248263892034547], "k_pid_alt": [1.984185963139394, 0.0, 0.0], "k_pid_att": [16.4912854075857, 0.0001, 0.24569521595607216], "k_pid_yaw": [0.5, 1e-06, 0.1], "k_pid_hsp": [0.1266185562418302, 0.0, 0.0], "k_pid_vsp": [281.1366530122694, 261.3367108338574, 1e-06]}, "datetime": {"datetime": "2025-08-20 15:40:11", "elapsed": 13665.969135522842, "delta": 15.33315396308899}, "costs": {"total_cost": 172.97261432291108, "time_cost": 70.336, "final_distance_cost": 1.8221975732025102, "oscillation_cost": 26.48919767482849, "completition_cost": 0.0, "overshoot_cost": 50.832880231649796, "power_cost": 12.070705346679688, "noise_cost": 11.421633496550587, "n_waypoints_completed": 9, "tot_waypoints": 9}}
{"target": -174.00132246641013, "params": {"k_pid_pos": [1.497301127827679, 0.0, 0.8916325993597781], "k_pid_alt": [2.0, 0.0, 0.0], "k_pid_att": [33.43103432568051, 0.0001, 0.2696746543415681], "k_pid_yaw": [0.5, 1e-06, 0.1], "k_pid_hsp": [0.26193162700949174, 0.0, 0.0], "k_pid_vsp": [245.36854470032327, 380.64955237810744, 1e-06]}, "datetime": {"datetime": "2025-08-20 15:40:26", "elapsed": 13681.220930814743, "delta": 15.251795291900635}, "costs": {"total_cost": 174.00132246641013, "time_cost": 70.84, "final_distance_cost": 1.845195097784795, "oscillation_cost": 27.091041143105688, "completition_cost": 0.0, "overshoot_cost": 50.19680965204758, "power_cost": 12.3209740234375, "noise_cost": 11.70730255003461, "n_waypoints_completed": 9, "tot_waypoints": 9}}
{"target": -173.23796830498108, "params": {"k_pid_pos": [1.572624289727914, 0.0, 0.8899111055258917], "k_pid_alt": [2.0, 0.0, 0.0], "k_pid_att": [46.57376840278399, 0.0001, 0.23926349846628223], "k_pid_yaw": [0.5, 1e-06, 0.1], "k_pid_hsp": [0.17761644084294675, 0.0, 0.0], "k_pid_vsp": [257.4434999430503, 257.3382978472059, 1e-06]}, "datetime": {"datetime": "2025-08-20 15:40:42", "elapsed": 13697.238366127014, "delta": 16.017435312271118}, "costs": {"total_cost": 173.23796830498108, "time_cost": 70.688, "final_distance_cost": 1.8479476820060228, "oscillation_cost": 26.529077892901807, "completition_cost": 0.0, "overshoot_cost": 51.05814693728061, "power_cost": 11.701400817871095, "noise_cost": 11.413394974921546, "n_waypoints_completed": 9, "tot_waypoints": 9}}
{"target": -172.47142630012374, "params": {"k_pid_pos": [1.5082409930850182, 0.0, 0.7981838187987746], "k_pid_alt": [2.0, 0.0, 0.0], "k_pid_att": [31.544113704486946, 0.0001, 0.25832465547972844], "k_pid_yaw": [0.5, 1e-06, 0.1], "k_pid_hsp": [0.13288550915338335, 0.0, 0.0], "k_pid_vsp": [287.20535366232934, 236.67453501387448, 1e-06]}, "datetime": {"datetime": "2025-08-20 15:40:58", "elapsed": 13713.155981302261, "delta": 15.917615175247192}, "costs": {"total_cost": 172.47142630012374, "time_cost": 70.648, "final_distance_cost": 1.8298737100149074, "oscillation_cost": 25.796713786148334, "completition_cost": 0.0, "overshoot_cost": 50.865069232679275, "power_cost": 11.928358947753907, "noise_cost": 11.403410623527321, "n_waypoints_completed": 9, "tot_waypoints": 9}}
{"target": -173.9790742637963, "params": {"k_pid_pos": [1.5801404732711826, 0.0, 0.9106970462038354], "k_pid_alt": [2.0, 0.0, 0.0], "k_pid_att": [23.50454533714769, 0.0001, 0.278147692947576], "k_pid_yaw": [0.5, 1e-06, 0.1], "k_pid_hsp": [0.19035598051892488, 0.0, 0.0], "k_pid_vsp": [236.0519018004918, 256.6076802730657, 1e-06]}, "datetime": {"datetime": "2025-08-20 15:41:13", "elapsed": 13728.389820098877, "delta": 15.2338387966156}, "costs": {"total_cost": 173.9790742637963, "time_cost": 70.632, "final_distance_cost": 1.8445119761635522, "oscillation_cost": 26.161872642418718, "completition_cost": 0.0, "overshoot_cost": 50.86584090350337, "power_cost": 12.667669091796876, "noise_cost": 11.807179649913792, "n_waypoints_completed": 9, "tot_waypoints": 9}}
{"target": -171.76354436317203, "params": {"k_pid_pos": [1.4423241534234053, 0.0, 0.7213232689998609], "k_pid_alt": [2.0, 0.0, 0.0], "k_pid_att": [37.311953286270565, 0.0001, 0.32070490203063556], "k_pid_yaw": [0.5, 1e-06, 0.1], "k_pid_hsp": [0.1152394018099142, 0.0, 0.0], "k_pid_vsp": [211.20992831277607, 296.4787067137039, 1e-06]}, "datetime": {"datetime": "2025-08-20 15:41:29", "elapsed": 13744.2010409832, "delta": 15.81122088432312}, "costs": {"total_cost": 171.76354436317203, "time_cost": 70.552, "final_distance_cost": 1.8326603222036157, "oscillation_cost": 25.571017955291975, "completition_cost": 0.0, "overshoot_cost": 50.68153631654119, "power_cost": 11.8211044921875, "noise_cost": 11.305225276947729, "n_waypoints_completed": 9, "tot_waypoints": 9}}
