{"target": -173.85782059190277, "params": {"k_pid_pos": [1.993304712503857, 0.0, 0.9031922102836717], "k_pid_alt": [1.5271965369234155, 0.0, 0.0], "k_pid_att": [21.97951634520038, 0.0001, 0.48924056083272605], "k_pid_yaw": [0.5, 1e-06, 0.1], "k_pid_hsp": [0.12917882144385193, 0.0, 0.0], "k_pid_vsp": [308.5325095008519, 290.5335033662419, 1e-06]}, "datetime": {"datetime": "2025-08-20 14:28:04", "elapsed": 9339.086288928986, "delta": 16.699941873550415}, "costs": {"total_cost": 173.85782059190277, "time_cost": 69.544, "final_distance_cost": 1.8161532307166175, "oscillation_cost": 28.317436313205416, "completition_cost": 0.0, "overshoot_cost": 50.64991166135953, "power_cost": 12.208056640625001, "noise_cost": 11.322262745996206, "n_waypoints_completed": 9, "tot_waypoints": 9}}
{"target": -172.59917450853268, "params": {"k_pid_pos": [1.5675111424149386, 0.0, 0.9310569968800436], "k_pid_alt": [1.9190314142705385, 0.0, 0.0], "k_pid_att": [32.61004309021033, 0.0001, 0.33331136452220167], "k_pid_yaw": [0.5, 1e-06, 0.1], "k_pid_hsp": [0.07179308450805277, 0.0, 0.0], "k_pid_vsp": [293.9117943817958, 336.4516804081377, 1e-06]}, "datetime": {"datetime": "2025-08-20 14:28:20", "elapsed": 9355.554723501205, "delta": 16.46843457221985}, "costs": {"total_cost": 172.59917450853268, "time_cost": 71.024, "final_distance_cost": 1.8268270333474121, "oscillation_cost": 24.934594537499784, "completition_cost": 0.0, "overshoot_cost": 51.74915505739858, "power_cost": 11.741948706054687, "noise_cost": 11.322649174232184, "n_waypoints_completed": 9, "tot_waypoints": 9}}
{"target": -173.06134882500925, "params": {"k_pid_pos": [1.4933679398116477, 0.0, 0.949278691401276], "k_pid_alt": [1.5936760933472465, 0.0, 0.0], "k_pid_att": [23.46389230736782, 0.0001, 0.5688053215989661], "k_pid_yaw": [0.5, 1e-06, 0.1], "k_pid_hsp": [0.16644600699410125, 0.0, 0.0], "k_pid_vsp": [299.5221522706512, 303.71048392683053, 1e-06]}, "datetime": {"datetime": "2025-08-20 14:28:36", "elapsed": 9371.338688850403, "delta": 15.783965349197388}, "costs": {"total_cost": 173.06134882500925, "time_cost": 70.904, "final_distance_cost": 1.8397652156407986, "oscillation_cost": 25.96923492425339, "completition_cost": 0.0, "overshoot_cost": 50.30590189452527, "power_cost": 12.344670190429689, "noise_cost": 11.697776600160088, "n_waypoints_completed": 9, "tot_waypoints": 9}}
{"target": -173.06662774582006, "params": {"k_pid_pos": [1.6435066792877258, 0.0, 0.906033107417795], "k_pid_alt": [1.5523612585744548, 0.0, 0.0], "k_pid_att": [15.146019975382167, 0.0001, 0.2509797702411647], "k_pid_yaw": [0.5, 1e-06, 0.1], "k_pid_hsp": [0.18196567701471011, 0.0, 0.0], "k_pid_vsp": [308.24799057642457, 288.96532722096947, 1e-06]}, "datetime": {"datetime": "2025-08-20 14:28:56", "elapsed": 9390.889795780182, "delta": 19.551106929779053}, "costs": {"total_cost": 173.06662774582006, "time_cost": 70.12, "final_distance_cost": 1.848180052027702, "oscillation_cost": 27.180138877558203, "completition_cost": 0.0, "overshoot_cost": 50.15170645066368, "power_cost": 12.160021044921876, "noise_cost": 11.606581320648575, "n_waypoints_completed": 9, "tot_waypoints": 9}}
{"target": -177.56505782640997, "params": {"k_pid_pos": [1.274416395181179, 0.009638374317282067, 1.0], "k_pid_alt": [1.636885741538263, 0.0, 0.0], "k_pid_att": [31.233226473163857, 0.0001, 0.3407948814285952], "k_pid_yaw": [0.5, 1e-06, 0.1], "k_pid_hsp": [0.18952843969055178, 0.00010910082005531288, 0.0], "k_pid_vsp": [312.9782270520785, 284.82561120276284, 1e-06]}, "datetime": {"datetime": "2025-08-20 14:29:14", "elapsed": 9408.590538740158, "delta": 17.700742959976196}, "costs": {"total_cost": 177.56505782640997, "time_cost": 73.984, "final_distance_cost": 1.8503513219356993, "oscillation_cost": 25.97246236801753, "completition_cost": 0.0, "overshoot_cost": 50.42627535634097, "power_cost": 12.863618322753906, "noise_cost": 12.468350457361876, "n_waypoints_completed": 9, "tot_waypoints": 9}}
{"target": -174.9319340220618, "params": {"k_pid_pos": [1.6864260458200349, 0.0, 0.9751549425553191], "k_pid_alt": [1.6388805946910106, 0.0, 0.0], "k_pid_att": [34.892462739226744, 0.0001, 0.30921414053452106], "k_pid_yaw": [0.5, 1e-06, 0.1], "k_pid_hsp": [0.05692673341438642, 0.0037967600736495194, 0.0], "k_pid_vsp": [318.33452579410795, 369.9579738733521, 1e-06]}, "datetime": {"datetime": "2025-08-20 14:29:30", "elapsed": 9424.565092086792, "delta": 15.974553346633911}, "costs": {"total_cost": 174.9319340220618, "time_cost": 71.544, "final_distance_cost": 1.7858327379589005, "oscillation_cost": 24.59677715232836, "completition_cost": 0.0, "overshoot_cost": 52.793562003394875, "power_cost": 12.565666943359375, "noise_cost": 11.64609518502028, "n_waypoints_completed": 9, "tot_waypoints": 9}}
{"target": -176.79775273464634, "params": {"k_pid_pos": [1.640463414778673, 0.0, 0.9949519801642073], "k_pid_alt": [1.787043258986067, 0.0, 0.0], "k_pid_att": [3.59596370933782, 0.0001, 0.22857134653508251], "k_pid_yaw": [0.5, 1e-06, 0.1], "k_pid_hsp": [0.2973168360534034, 0.00015487400111541776, 0.0], "k_pid_vsp": [337.98939558876066, 158.9819718971692, 1e-06]}, "datetime": {"datetime": "2025-08-20 14:29:48", "elapsed": 9443.492140054703, "delta": 18.927047967910767}, "costs": {"total_cost": 176.79775273464634, "time_cost": 70.824, "final_distance_cost": 1.8466645548663625, "oscillation_cost": 29.084606181356847, "completition_cost": 0.0, "overshoot_cost": 50.16366483776524, "power_cost": 12.819658251953125, "noise_cost": 12.05915890870476, "n_waypoints_completed": 9, "tot_waypoints": 9}}
{"target": -176.48291890087975, "params": {"k_pid_pos": [1.7910824188673156, 0.0, 1.0], "k_pid_alt": [1.7455362134161228, 0.0, 0.0], "k_pid_att": [25.712542568973255, 0.0001, 0.38819242977898755], "k_pid_yaw": [0.5, 1e-06, 0.1], "k_pid_hsp": [0.043214243043877915, 0.0, 0.0], "k_pid_vsp": [324.946049509147, 345.0524045385254, 1e-06]}, "datetime": {"datetime": "2025-08-20 14:30:06", "elapsed": 9461.505769491196, "delta": 18.01362943649292}, "costs": {"total_cost": 176.48291890087975, "time_cost": 74.152, "final_distance_cost": 1.8053252676266107, "oscillation_cost": 21.225912963586435, "completition_cost": 0.0, "overshoot_cost": 55.214479641604186, "power_cost": 12.168312609863282, "noise_cost": 11.91688841819925, "n_waypoints_completed": 9, "tot_waypoints": 9}}
{"target": -1195.4851129916424, "params": {"k_pid_pos": [1.7410367020763822, 0.0, 1.0], "k_pid_alt": [1.5653834652628724, 0.0, 0.0], "k_pid_att": [32.65242627194869, 0.0001, 0.25630016953031376], "k_pid_yaw": [0.5, 1e-06, 0.1], "k_pid_hsp": [0.0001, 0.0, 0.0], "k_pid_vsp": [317.9374534886985, 369.05822824750044, 1e-06]}, "datetime": {"datetime": "2025-08-20 14:30:29", "elapsed": 9483.93693780899, "delta": 22.4311683177948}, "costs": {"total_cost": 1195.4851129916424, "time_cost": 150, "final_distance_cost": 46.804807884426964, "oscillation_cost": 0.005444290529083582, "completition_cost": 888.8888888888888, "overshoot_cost": 84.01832490857232, "power_cost": 12.820122119140626, "noise_cost": 12.9475249000845, "n_waypoints_completed": 1, "tot_waypoints": 9}}
{"target": -1105.4096839434694, "params": {"k_pid_pos": [1.6034356194358483, 0.0, 0.9101725916211795], "k_pid_alt": [1.4339211633751865, 0.0, 0.0], "k_pid_att": [33.87129851260464, 0.7375109183229903, 0.5010932269649344], "k_pid_yaw": [0.5, 1e-06, 0.1], "k_pid_hsp": [0.004302439987334328, 0.0, 0.0], "k_pid_vsp": [312.7518685910456, 307.09198413542333, 1e-06]}, "datetime": {"datetime": "2025-08-20 14:30:53", "elapsed": 9508.043763637543, "delta": 24.106825828552246}, "costs": {"total_cost": 1105.4096839434694, "time_cost": 150, "final_distance_cost": 85.88830006177439, "oscillation_cost": 1.2764940286018907, "completition_cost": 777.7777777777778, "overshoot_cost": 62.65847548583961, "power_cost": 14.34029560546875, "noise_cost": 13.46834098400692, "n_waypoints_completed": 2, "tot_waypoints": 9}}
{"target": -173.59468310016823, "params": {"k_pid_pos": [1.665304522641185, 0.0, 0.9739787488192181], "k_pid_alt": [1.6048876977438065, 0.0, 0.0], "k_pid_att": [4.646348744927803, 0.0001, 0.5158098276509784], "k_pid_yaw": [0.5, 1e-06, 0.1], "k_pid_hsp": [0.13615179260462063, 0.0, 0.0], "k_pid_vsp": [308.18736161145745, 291.1582872303314, 1e-06]}, "datetime": {"datetime": "2025-08-20 14:31:12", "elapsed": 9526.711161613464, "delta": 18.66739797592163}, "costs": {"total_cost": 173.59468310016823, "time_cost": 70.04, "final_distance_cost": 1.8454342619136908, "oscillation_cost": 27.474590887196268, "completition_cost": 0.0, "overshoot_cost": 50.69461459531047, "power_cost": 12.09038798828125, "noise_cost": 11.449655367466525, "n_waypoints_completed": 9, "tot_waypoints": 9}}
{"target": -173.34732243925, "params": {"k_pid_pos": [1.6547168576423679, 0.0, 0.9428075297636853], "k_pid_alt": [1.390087357591765, 0.0, 0.0], "k_pid_att": [23.002404942656867, 0.0001, 0.3183840599216896], "k_pid_yaw": [0.5, 1e-06, 0.1], "k_pid_hsp": [0.09292914063495428, 0.0, 0.0], "k_pid_vsp": [318.75180416177705, 340.0201390700635, 1e-06]}, "datetime": {"datetime": "2025-08-20 14:31:31", "elapsed": 9546.231178998947, "delta": 19.520017385482788}, "costs": {"total_cost": 173.34732243925, "time_cost": 70.432, "final_distance_cost": 1.8229957210942804, "oscillation_cost": 26.354169739590436, "completition_cost": 0.0, "overshoot_cost": 51.34321987665369, "power_cost": 11.917512182617187, "noise_cost": 11.47742491929442, "n_waypoints_completed": 9, "tot_waypoints": 9}}
{"target": -857.8864680049797, "params": {"k_pid_pos": [1.585017732287217, 0.0, 1.0], "k_pid_alt": [1.3834063883180363, 0.0, 0.0], "k_pid_att": [0.0, 0.0001, 0.21765675780943533], "k_pid_yaw": [0.5, 1e-06, 0.1], "k_pid_hsp": [0.12597000709803655, 0.0, 0.0], "k_pid_vsp": [333.85087796961295, 204.59689308315706, 1e-06]}, "datetime": {"datetime": "2025-08-20 14:32:01", "elapsed": 9575.944607257843, "delta": 29.713428258895874}, "costs": {"total_cost": 857.8864680049797, "time_cost": 150, "final_distance_cost": 56.729041775538064, "oscillation_cost": 4.661189228406559, "completition_cost": 555.5555555555555, "overshoot_cost": 64.48650260556055, "power_cost": 13.389093225097657, "noise_cost": 13.065085614821289, "n_waypoints_completed": 4, "tot_waypoints": 9}}
{"target": -1195.0111737065656, "params": {"k_pid_pos": [1.5457202845552673, 0.0, 0.9356876240634582], "k_pid_alt": [1.783277387349684, 0.0, 0.010688545872994441], "k_pid_att": [28.762028176276424, 0.0001, 0.5177727889501056], "k_pid_yaw": [0.5, 1e-06, 0.1], "k_pid_hsp": [0.0001, 0.0, 0.0], "k_pid_vsp": [309.4854764691046, 301.36813235422085, 1e-06]}, "datetime": {"datetime": "2025-08-20 14:32:28", "elapsed": 9602.734898805618, "delta": 26.79029154777527}, "costs": {"total_cost": 1195.0111737065656, "time_cost": 150, "final_distance_cost": 46.693801190443764, "oscillation_cost": 0.004145475393521596, "completition_cost": 888.8888888888888, "overshoot_cost": 83.69258853491979, "power_cost": 12.803646752929689, "noise_cost": 12.928102863990045, "n_waypoints_completed": 1, "tot_waypoints": 9}}
{"target": -178.49733623184716, "params": {"k_pid_pos": [1.7856685930766893, 0.0, 1.0], "k_pid_alt": [1.702845871300565, 0.0, 0.0], "k_pid_att": [27.372786165621754, 0.0001, 0.2869918569716506], "k_pid_yaw": [0.5, 1e-06, 0.1], "k_pid_hsp": [1.210993290005599, 0.0002139942234522928, 0.0], "k_pid_vsp": [327.93948112510964, 232.20183274760743, 1e-06]}, "datetime": {"datetime": "2025-08-20 14:32:44", "elapsed": 9619.317976474762, "delta": 16.583077669143677}, "costs": {"total_cost": 178.49733623184716, "time_cost": 70.544, "final_distance_cost": 1.8485311637704722, "oscillation_cost": 31.83831395360069, "completition_cost": 0.0, "overshoot_cost": 49.95068663331412, "power_cost": 12.526692553710937, "noise_cost": 11.78911192745093, "n_waypoints_completed": 9, "tot_waypoints": 9}}
{"target": -639.8346868284838, "params": {"k_pid_pos": [1.8232747486816931, 0.0, 0.9779016967738258], "k_pid_alt": [1.5000351351367394, 0.0, 0.34835315795687366], "k_pid_att": [0.0, 0.0001, 0.05412772235374589], "k_pid_yaw": [0.5, 1e-06, 0.1], "k_pid_hsp": [0.27597966518990413, 0.0, 0.0], "k_pid_vsp": [381.7601364397032, 120.40885213597173, 1e-06]}, "datetime": {"datetime": "2025-08-20 14:33:09", "elapsed": 9643.703067302704, "delta": 24.385090827941895}, "costs": {"total_cost": 639.8346868284838, "time_cost": 150, "final_distance_cost": 51.21687202255275, "oscillation_cost": 5.476496018979831, "completition_cost": 333.33333333333337, "overshoot_cost": 72.3588686139255, "power_cost": 14.204893762207032, "noise_cost": 13.244223077485257, "n_waypoints_completed": 6, "tot_waypoints": 9}}
{"target": -174.1761617784259, "params": {"k_pid_pos": [1.7566051334340347, 0.0, 1.0], "k_pid_alt": [1.685317946379816, 0.0, 0.0], "k_pid_att": [24.012073739886112, 0.0001, 0.4992754753370858], "k_pid_yaw": [0.5, 1e-06, 0.1], "k_pid_hsp": [0.055133027121232026, 0.0010619395316584601, 0.0], "k_pid_vsp": [318.9098954406055, 315.0497032022223, 1e-06]}, "datetime": {"datetime": "2025-08-20 14:33:27", "elapsed": 9661.629986286163, "delta": 17.926918983459473}, "costs": {"total_cost": 174.1761617784259, "time_cost": 71.912, "final_distance_cost": 1.7788460698834667, "oscillation_cost": 23.87741240177424, "completition_cost": 0.0, "overshoot_cost": 52.730218944279194, "power_cost": 12.178163684082032, "noise_cost": 11.699520678406968, "n_waypoints_completed": 9, "tot_waypoints": 9}}
{"target": -173.63176809311773, "params": {"k_pid_pos": [1.623170508932295, 0.005106342601529168, 0.7585392433916784], "k_pid_alt": [1.6344050439434896, 0.0, 0.007716067992264998], "k_pid_att": [31.150774272927702, 0.0001, 0.12588162021828725], "k_pid_yaw": [0.5, 1e-06, 0.1], "k_pid_hsp": [0.13604601842785144, 0.0, 0.0], "k_pid_vsp": [272.4294283545907, 298.3821756456374, 1e-06]}, "datetime": {"datetime": "2025-08-20 14:33:43", "elapsed": 9677.604445934296, "delta": 15.974459648132324}, "costs": {"total_cost": 173.63176809311773, "time_cost": 69.784, "final_distance_cost": 1.834055840319728, "oscillation_cost": 27.775406363307788, "completition_cost": 0.0, "overshoot_cost": 51.037100616489724, "power_cost": 11.906530529785156, "noise_cost": 11.294674743215314, "n_waypoints_completed": 9, "tot_waypoints": 9}}
{"target": -177.08913488403465, "params": {"k_pid_pos": [1.7381369895025434, 0.0, 0.9416314222969862], "k_pid_alt": [2.0, 0.0, 0.0], "k_pid_att": [34.29781809001356, 0.0001, 0.2850890281492141], "k_pid_yaw": [0.5, 1e-06, 0.1], "k_pid_hsp": [0.04137718193330886, 0.0, 0.0], "k_pid_vsp": [359.99403349620127, 295.0109107056396, 1e-06]}, "datetime": {"datetime": "2025-08-20 14:33:59", "elapsed": 9694.1717607975, "delta": 16.567314863204956}, "costs": {"total_cost": 177.08913488403465, "time_cost": 74.83200000000001, "final_distance_cost": 1.7758692291696987, "oscillation_cost": 20.540371582236364, "completition_cost": 0.0, "overshoot_cost": 55.8393374129499, "power_cost": 12.098377966308595, "noise_cost": 12.00317869337011, "n_waypoints_completed": 9, "tot_waypoints": 9}}
{"target": -173.1391879622164, "params": {"k_pid_pos": [1.6261211686101327, 0.0, 0.9421452355997646], "k_pid_alt": [1.5169080968707553, 0.0, 0.0], "k_pid_att": [29.438225634380103, 0.0001, 0.29993598274231514], "k_pid_yaw": [0.5, 1e-06, 0.1], "k_pid_hsp": [0.11092994623557453, 0.0, 0.0], "k_pid_vsp": [315.4268777453462, 296.8138518340879, 1e-06]}, "datetime": {"datetime": "2025-08-20 14:34:16", "elapsed": 9711.0057015419, "delta": 16.833940744400024}, "costs": {"total_cost": 173.1391879622164, "time_cost": 70.21600000000001, "final_distance_cost": 1.836163807181445, "oscillation_cost": 26.398395296997126, "completition_cost": 0.0, "overshoot_cost": 51.341993735415045, "power_cost": 11.888485900878907, "noise_cost": 11.458149221743856, "n_waypoints_completed": 9, "tot_waypoints": 9}}
{"target": -174.7581395739788, "params": {"k_pid_pos": [1.3010805946789445, 0.0, 0.969580910113368], "k_pid_alt": [1.5385582612209037, 0.006516521477027647, 0.0], "k_pid_att": [60.16807320895667, 0.0001, 0.4477533873016837], "k_pid_yaw": [0.5, 1e-06, 0.1], "k_pid_hsp": [0.058147515684318064, 0.0, 0.0], "k_pid_vsp": [263.29274077614247, 297.83654532814467, 1e-06]}, "datetime": {"datetime": "2025-08-20 14:34:33", "elapsed": 9727.961024522781, "delta": 16.955322980880737}, "costs": {"total_cost": 174.7581395739788, "time_cost": 73.032, "final_distance_cost": 1.8264674609687537, "oscillation_cost": 22.42045335092922, "completition_cost": 0.0, "overshoot_cost": 53.11406829421658, "power_cost": 12.349523083496095, "noise_cost": 12.015627384368177, "n_waypoints_completed": 9, "tot_waypoints": 9}}
{"target": -173.88543354506686, "params": {"k_pid_pos": [1.678230242042497, 0.0, 1.0], "k_pid_alt": [1.581231648872832, 0.0, 0.0], "k_pid_att": [22.08285672919177, 0.0001, 0.23450326887170106], "k_pid_yaw": [0.5, 1e-06, 0.1], "k_pid_hsp": [0.17974022463094397, 0.0, 0.0], "k_pid_vsp": [393.83397756491246, 259.9221339423005, 1e-06]}, "datetime": {"datetime": "2025-08-20 14:34:48", "elapsed": 9743.524207115173, "delta": 15.563182592391968}, "costs": {"total_cost": 173.88543354506686, "time_cost": 70.528, "final_distance_cost": 1.8488161274664088, "oscillation_cost": 26.593724341200037, "completition_cost": 0.0, "overshoot_cost": 50.94493520469482, "power_cost": 12.275015307617188, "noise_cost": 11.69494256408838, "n_waypoints_completed": 9, "tot_waypoints": 9}}
{"target": -174.12308832518, "params": {"k_pid_pos": [2.0, 0.0, 1.0], "k_pid_alt": [1.2098321829648389, 0.0, 0.0], "k_pid_att": [30.99414698928465, 0.0001, 0.27642829616220543], "k_pid_yaw": [0.5, 1e-06, 0.1], "k_pid_hsp": [0.13700261511218959, 0.0, 0.0], "k_pid_vsp": [305.60547966835827, 311.22311466474775, 1e-06]}, "datetime": {"datetime": "2025-08-20 14:35:04", "elapsed": 9758.575071811676, "delta": 15.050864696502686}, "costs": {"total_cost": 174.12308832518, "time_cost": 69.84, "final_distance_cost": 1.8283585608617352, "oscillation_cost": 28.22788102134533, "completition_cost": 0.0, "overshoot_cost": 50.71742636385261, "power_cost": 12.023172131347657, "noise_cost": 11.486250247772686, "n_waypoints_completed": 9, "tot_waypoints": 9}}
{"target": -1195.0642792859278, "params": {"k_pid_pos": [1.5408702523472655, 0.0, 0.9478222692093722], "k_pid_alt": [1.9790564971620277, 0.0, 0.0], "k_pid_att": [42.28685716660031, 0.0001, 0.30629546510248623], "k_pid_yaw": [0.5, 1e-06, 0.1], "k_pid_hsp": [0.0001, 0.0, 0.0], "k_pid_vsp": [269.56438266362005, 289.8007938478908, 1e-06]}, "datetime": {"datetime": "2025-08-20 14:35:26", "elapsed": 9780.64246058464, "delta": 22.067388772964478}, "costs": {"total_cost": 1195.0642792859278, "time_cost": 150, "final_distance_cost": 46.68858965055479, "oscillation_cost": 0.01332205458348701, "completition_cost": 888.8888888888888, "overshoot_cost": 83.71589745748692, "power_cost": 12.820867041015626, "noise_cost": 12.936714193397998, "n_waypoints_completed": 1, "tot_waypoints": 9}}
{"target": -1195.31487382876, "params": {"k_pid_pos": [1.6206646312896391, 0.0, 0.9460461574016884], "k_pid_alt": [1.625768621350147, 0.0, 0.0], "k_pid_att": [39.623797145059754, 0.0001, 0.37486255836854615], "k_pid_yaw": [0.5, 1e-06, 0.1], "k_pid_hsp": [0.0001, 0.0, 0.0], "k_pid_vsp": [314.8765810162259, 367.24810503237666, 1e-06]}, "datetime": {"datetime": "2025-08-20 14:35:52", "elapsed": 9807.127312898636, "delta": 26.48485231399536}, "costs": {"total_cost": 1195.31487382876, "time_cost": 150, "final_distance_cost": 46.74106197963849, "oscillation_cost": 0.004281491533505782, "completition_cost": 888.8888888888888, "overshoot_cost": 83.87917508144767, "power_cost": 12.839454370117188, "noise_cost": 12.962012017134258, "n_waypoints_completed": 1, "tot_waypoints": 9}}
{"target": -172.98515336273957, "params": {"k_pid_pos": [1.6315019021579593, 0.0, 0.9791299992795877], "k_pid_alt": [1.5714606480568032, 0.0, 0.0], "k_pid_att": [25.281675792370454, 0.0001, 0.0982702357649484], "k_pid_yaw": [0.5, 1e-06, 0.1], "k_pid_hsp": [0.1194678493849726, 0.0, 0.0], "k_pid_vsp": [331.720587290839, 267.2634007311102, 1e-06]}, "datetime": {"datetime": "2025-08-20 14:36:08", "elapsed": 9822.920261859894, "delta": 15.792948961257935}, "costs": {"total_cost": 172.98515336273957, "time_cost": 70.312, "final_distance_cost": 1.8251173711584363, "oscillation_cost": 26.837601929174426, "completition_cost": 0.0, "overshoot_cost": 50.710671168087295, "power_cost": 11.915085803222658, "noise_cost": 11.384677091096737, "n_waypoints_completed": 9, "tot_waypoints": 9}}
{"target": -390.68434932145897, "params": {"k_pid_pos": [1.5964507581489062, 0.0, 0.979103569024579], "k_pid_alt": [1.5804513030919831, 0.0, 0.0], "k_pid_att": [30.159251730249707, 0.0001, 0.35291736022984643], "k_pid_yaw": [0.5, 1e-06, 0.1], "k_pid_hsp": [0.02083728099934747, 0.00020870205989345186, 0.0], "k_pid_vsp": [284.66463421013736, 400.0, 1e-06]}, "datetime": {"datetime": "2025-08-20 14:36:33", "elapsed": 9847.713545560837, "delta": 24.793283700942993}, "costs": {"total_cost": 390.68434932145897, "time_cost": 150, "final_distance_cost": 17.976289847392575, "oscillation_cost": 11.800586219796802, "completition_cost": 111.11111111111116, "overshoot_cost": 67.9330776339174, "power_cost": 16.330205114746093, "noise_cost": 15.533079394494894, "n_waypoints_completed": 8, "tot_waypoints": 9}}
