{"target": -173.54815684804748, "params": {"k_pid_pos": [1.4461335520934218, 0.0, 0.6871290613737563], "k_pid_alt": [2.0, 0.0, 0.0], "k_pid_att": [26.945807562628964, 0.0001, 0.2851077044171645], "k_pid_yaw": [0.5, 1e-06, 0.1], "k_pid_hsp": [0.05863119646326493, 4.8681088926334575e-06, 0.0], "k_pid_vsp": [198.35978546996668, 380.5361464246106, 1e-06]}, "datetime": {"datetime": "2025-08-20 19:15:41", "elapsed": 26596.422169923782, "delta": 16.66482186317444}, "costs": {"total_cost": 173.54815684804748, "time_cost": 71.92, "final_distance_cost": 1.784137765488835, "oscillation_cost": 23.75200284512459, "completition_cost": 0.0, "overshoot_cost": 52.48789014615752, "power_cost": 12.123263989257813, "noise_cost": 11.480862102018701, "n_waypoints_completed": 9, "tot_waypoints": 9}}
{"target": -172.4318492786012, "params": {"k_pid_pos": [1.3717405719905424, 0.0, 0.7504879956302436], "k_pid_alt": [1.8787980905030703, 0.0, 0.0], "k_pid_att": [29.586505775351874, 0.0001, 0.5294281374900094], "k_pid_yaw": [0.5, 1e-06, 0.1], "k_pid_hsp": [0.08089247605434897, 0.0001748858019958758, 0.0], "k_pid_vsp": [202.7183712572398, 357.9100127076158, 1e-06]}, "datetime": {"datetime": "2025-08-20 19:15:58", "elapsed": 26612.88523888588, "delta": 16.463068962097168}, "costs": {"total_cost": 172.4318492786012, "time_cost": 70.76, "final_distance_cost": 1.8241494733281929, "oscillation_cost": 25.157100010826337, "completition_cost": 0.0, "overshoot_cost": 51.74703872671798, "power_cost": 11.718776391601564, "noise_cost": 11.224784676127127, "n_waypoints_completed": 9, "tot_waypoints": 9}}
{"target": -172.33282050534976, "params": {"k_pid_pos": [1.3685885007926493, 0.0, 0.6765875393768165], "k_pid_alt": [1.9999355094709228, 0.0, 0.0], "k_pid_att": [24.81231409138498, 0.0001, 0.2796279382996281], "k_pid_yaw": [0.5, 1e-06, 0.1], "k_pid_hsp": [0.10046137952616564, 0.0, 0.0], "k_pid_vsp": [238.6515591490641, 378.1869990609889, 1e-06]}, "datetime": {"datetime": "2025-08-20 19:16:13", "elapsed": 26628.165728092194, "delta": 15.280489206314087}, "costs": {"total_cost": 172.33282050534976, "time_cost": 70.60000000000001, "final_distance_cost": 1.8234160127124648, "oscillation_cost": 25.569288744110498, "completition_cost": 0.0, "overshoot_cost": 51.13225379425029, "power_cost": 11.824146008300781, "noise_cost": 11.383715945975712, "n_waypoints_completed": 9, "tot_waypoints": 9}}
{"target": -172.5678254210657, "params": {"k_pid_pos": [1.389736303877153, 0.0, 0.697515137517694], "k_pid_alt": [1.9998283226028353, 0.0, 0.0], "k_pid_att": [30.304053506617215, 0.0001, 0.32679400896306554], "k_pid_yaw": [0.5, 1e-06, 0.1], "k_pid_hsp": [0.07784208053375705, 0.00013553029462453725, 0.0], "k_pid_vsp": [224.5835956079168, 360.02575593148345, 1e-06]}, "datetime": {"datetime": "2025-08-20 19:16:30", "elapsed": 26645.52840280533, "delta": 17.362674713134766}, "costs": {"total_cost": 172.5678254210657, "time_cost": 70.784, "final_distance_cost": 1.8202884593618822, "oscillation_cost": 24.930067233020157, "completition_cost": 0.0, "overshoot_cost": 52.030251455213154, "power_cost": 11.720789587402344, "noise_cost": 11.282428686068162, "n_waypoints_completed": 9, "tot_waypoints": 9}}
{"target": -173.08700031834312, "params": {"k_pid_pos": [1.4244976933323221, 0.0, 0.6033271555368269], "k_pid_alt": [1.9998768428758569, 0.0, 0.0], "k_pid_att": [29.570332154129254, 0.0001, 0.3138643178679578], "k_pid_yaw": [0.5, 1e-06, 0.1], "k_pid_hsp": [0.07541003182313581, 0.00013015494821108002, 0.0], "k_pid_vsp": [206.33750757636022, 371.3558263529579, 1e-06]}, "datetime": {"datetime": "2025-08-20 19:16:45", "elapsed": 26660.47166991234, "delta": 14.943267107009888}, "costs": {"total_cost": 173.08700031834312, "time_cost": 70.68, "final_distance_cost": 1.7822793132980776, "oscillation_cost": 25.68363423285457, "completition_cost": 0.0, "overshoot_cost": 51.67967457358836, "power_cost": 11.991401123046876, "noise_cost": 11.270011075555228, "n_waypoints_completed": 9, "tot_waypoints": 9}}
{"target": -173.928459037742, "params": {"k_pid_pos": [1.902674418366615, 0.0, 0.8938494927249698], "k_pid_alt": [1.9975888364116858, 0.0, 0.0], "k_pid_att": [22.144402679254448, 0.0001, 0.3174974651735779], "k_pid_yaw": [0.5, 1e-06, 0.1], "k_pid_hsp": [0.07437707816816296, 0.0, 0.0], "k_pid_vsp": [208.84193718371353, 321.637058591221, 1e-06]}, "datetime": {"datetime": "2025-08-20 19:17:02", "elapsed": 26676.762167453766, "delta": 16.290497541427612}, "costs": {"total_cost": 173.928459037742, "time_cost": 70.432, "final_distance_cost": 1.7772352490625516, "oscillation_cost": 26.814517569988208, "completition_cost": 0.0, "overshoot_cost": 52.22535568715514, "power_cost": 11.495059802246095, "noise_cost": 11.184290729289977, "n_waypoints_completed": 9, "tot_waypoints": 9}}
{"target": -171.91878809923872, "params": {"k_pid_pos": [1.362179823639792, 0.0, 0.7764600175859909], "k_pid_alt": [1.9999294500240818, 0.0, 0.0], "k_pid_att": [27.57688026745799, 0.0001, 0.35448102110720764], "k_pid_yaw": [0.5, 1e-06, 0.1], "k_pid_hsp": [0.11913402573473342, 0.0, 0.0], "k_pid_vsp": [223.29079743384818, 383.11784051504094, 1e-06]}, "datetime": {"datetime": "2025-08-20 19:17:17", "elapsed": 26692.514976978302, "delta": 15.752809524536133}, "costs": {"total_cost": 171.91878809923872, "time_cost": 70.904, "final_distance_cost": 1.8301415976747784, "oscillation_cost": 25.120021771894244, "completition_cost": 0.0, "overshoot_cost": 50.99488943473368, "power_cost": 11.707531787109376, "noise_cost": 11.362203507826639, "n_waypoints_completed": 9, "tot_waypoints": 9}}
{"target": -174.11593711198026, "params": {"k_pid_pos": [1.474460409293728, 0.0, 0.8310611165968044], "k_pid_alt": [2.0, 0.0, 0.0], "k_pid_att": [52.55114675759095, 0.0001, 0.19468446396820627], "k_pid_yaw": [0.5, 1e-06, 0.1], "k_pid_hsp": [0.11117142698928227, 0.0, 0.0], "k_pid_vsp": [250.95605442406372, 361.8005083929644, 1e-06]}, "datetime": {"datetime": "2025-08-20 19:17:35", "elapsed": 26710.161796331406, "delta": 17.646819353103638}, "costs": {"total_cost": 174.11593711198026, "time_cost": 70.8, "final_distance_cost": 1.8410633053921852, "oscillation_cost": 27.037759343788885, "completition_cost": 0.0, "overshoot_cost": 51.38229775260492, "power_cost": 11.632142712402345, "noise_cost": 11.42267399779193, "n_waypoints_completed": 9, "tot_waypoints": 9}}
{"target": -173.14004338123806, "params": {"k_pid_pos": [1.4740142542788448, 0.0, 0.7293572252990187], "k_pid_alt": [2.0, 0.0, 0.0], "k_pid_att": [23.14263977746379, 0.0001, 0.3600798500668999], "k_pid_yaw": [0.5, 1e-06, 0.1], "k_pid_hsp": [0.07445494237166753, 0.0, 0.0], "k_pid_vsp": [225.37476758401934, 314.2448560042576, 1e-06]}, "datetime": {"datetime": "2025-08-20 19:17:51", "elapsed": 26726.417090654373, "delta": 16.25529432296753}, "costs": {"total_cost": 173.14004338123806, "time_cost": 70.792, "final_distance_cost": 1.798141729110747, "oscillation_cost": 25.155457558065795, "completition_cost": 0.0, "overshoot_cost": 52.29280987676162, "power_cost": 11.855204602050781, "noise_cost": 11.2464296152491, "n_waypoints_completed": 9, "tot_waypoints": 9}}
{"target": -172.89573675713766, "params": {"k_pid_pos": [1.398058416321247, 0.0, 0.59416385662121], "k_pid_alt": [1.9999842362981708, 0.0, 0.0], "k_pid_att": [33.590611088621266, 0.0001, 0.14049833173075282], "k_pid_yaw": [0.5, 1e-06, 0.1], "k_pid_hsp": [0.07652601184236646, 2.0037421326457357e-05, 0.0], "k_pid_vsp": [255.0809261863791, 223.92075396879346, 1e-06]}, "datetime": {"datetime": "2025-08-20 19:18:07", "elapsed": 26741.87438106537, "delta": 15.457290410995483}, "costs": {"total_cost": 172.89573675713766, "time_cost": 70.72, "final_distance_cost": 1.8086450380322712, "oscillation_cost": 25.566454078035814, "completition_cost": 0.0, "overshoot_cost": 51.922629264451444, "power_cost": 11.64186600341797, "noise_cost": 11.23614237320015, "n_waypoints_completed": 9, "tot_waypoints": 9}}
{"target": -172.85557847472708, "params": {"k_pid_pos": [1.3722457673949604, 0.0, 0.5803055735223724], "k_pid_alt": [1.99991640401798, 0.0, 0.0], "k_pid_att": [24.43378134159597, 0.0001, 0.3185226958419559], "k_pid_yaw": [0.5, 1e-06, 0.1], "k_pid_hsp": [0.07456336300533865, 0.00014743589517906996, 0.0], "k_pid_vsp": [229.2350509560429, 400.0, 1e-06]}, "datetime": {"datetime": "2025-08-20 19:18:24", "elapsed": 26758.808512687683, "delta": 16.934131622314453}, "costs": {"total_cost": 172.85557847472708, "time_cost": 70.776, "final_distance_cost": 1.8022598724130985, "oscillation_cost": 25.38821691963107, "completition_cost": 0.0, "overshoot_cost": 51.39550313256213, "power_cost": 12.133485876464844, "noise_cost": 11.360112673655925, "n_waypoints_completed": 9, "tot_waypoints": 9}}
{"target": -174.33281964771592, "params": {"k_pid_pos": [1.396650575730111, 0.0, 0.475992365063041], "k_pid_alt": [2.0, 0.0, 0.0], "k_pid_att": [23.23045384435434, 0.0001, 0.44867132616516237], "k_pid_yaw": [0.5, 1e-06, 0.1], "k_pid_hsp": [0.06369887019376182, 2.548086090185334e-05, 0.0], "k_pid_vsp": [298.3039825763502, 392.5387513384145, 1e-06]}, "datetime": {"datetime": "2025-08-20 19:18:39", "elapsed": 26774.05170416832, "delta": 15.243191480636597}, "costs": {"total_cost": 174.33281964771592, "time_cost": 71.36, "final_distance_cost": 1.7829220050706602, "oscillation_cost": 25.189059122437904, "completition_cost": 0.0, "overshoot_cost": 52.54935139075276, "power_cost": 11.967995874023439, "noise_cost": 11.483491255431142, "n_waypoints_completed": 9, "tot_waypoints": 9}}
{"target": -171.7481503173123, "params": {"k_pid_pos": [1.369743599368091, 0.0, 0.6132134827266649], "k_pid_alt": [2.0, 0.0, 0.0], "k_pid_att": [38.62697094883313, 0.0001, 0.40343642428263127], "k_pid_yaw": [0.5, 1e-06, 0.1], "k_pid_hsp": [0.08066520951967007, 2.1168483371433027e-05, 0.0], "k_pid_vsp": [248.0474411128144, 366.0735935249253, 1e-06]}, "datetime": {"datetime": "2025-08-20 19:18:55", "elapsed": 26789.943321704865, "delta": 15.8916175365448}, "costs": {"total_cost": 171.7481503173123, "time_cost": 70.624, "final_distance_cost": 1.8240458660108054, "oscillation_cost": 25.34066648410978, "completition_cost": 0.0, "overshoot_cost": 51.21178620035114, "power_cost": 11.589490307617188, "noise_cost": 11.158161459223402, "n_waypoints_completed": 9, "tot_waypoints": 9}}
{"target": -1127.957703898294, "params": {"k_pid_pos": [1.388250917755128, 0.0, 0.8122306439566049], "k_pid_alt": [2.0, 0.0, 0.0], "k_pid_att": [0.0, 0.0001, 0.28664290944014414], "k_pid_yaw": [0.5, 1e-06, 0.1], "k_pid_hsp": [0.07816098082783207, 0.0, 0.0], "k_pid_vsp": [203.88225640134812, 256.60963570419295, 1e-06]}, "datetime": {"datetime": "2025-08-20 19:19:18", "elapsed": 26813.244364261627, "delta": 23.301042556762695}, "costs": {"total_cost": 1127.957703898294, "time_cost": 150, "final_distance_cost": 45.19873426038178, "oscillation_cost": 0.5709532985258381, "completition_cost": 888.8888888888888, "overshoot_cost": 13.207733708410355, "power_cost": 15.978312585449219, "noise_cost": 14.113081156638078, "n_waypoints_completed": 1, "tot_waypoints": 9}}
{"target": -171.2640279675186, "params": {"k_pid_pos": [1.2997606683485474, 0.0, 0.5962242754423783], "k_pid_alt": [2.0, 0.0, 0.0], "k_pid_att": [27.495957860611764, 0.0001, 0.33293988104944827], "k_pid_yaw": [0.5, 1e-06, 0.1], "k_pid_hsp": [0.10749298478477064, 0.0, 0.0], "k_pid_vsp": [240.29860949054984, 382.2029603417924, 1e-06]}, "datetime": {"datetime": "2025-08-20 19:19:34", "elapsed": 26828.729204416275, "delta": 15.484840154647827}, "costs": {"total_cost": 171.2640279675186, "time_cost": 70.544, "final_distance_cost": 1.8286955542750176, "oscillation_cost": 25.290918142030396, "completition_cost": 0.0, "overshoot_cost": 50.750575190210455, "power_cost": 11.68106513671875, "noise_cost": 11.168773944283972, "n_waypoints_completed": 9, "tot_waypoints": 9}}
{"target": -172.74740607029293, "params": {"k_pid_pos": [1.3805012481294892, 0.0, 0.7981882566631684], "k_pid_alt": [1.7998198904324885, 0.0, 0.0], "k_pid_att": [20.026926843478442, 0.0001, 0.44706812744625607], "k_pid_yaw": [0.5, 1e-06, 0.1], "k_pid_hsp": [0.07847053640771814, 0.0, 0.0], "k_pid_vsp": [223.97181547597503, 302.9863368978157, 1e-06]}, "datetime": {"datetime": "2025-08-20 19:19:50", "elapsed": 26844.84596133232, "delta": 16.116756916046143}, "costs": {"total_cost": 172.74740607029293, "time_cost": 70.976, "final_distance_cost": 1.8145039413496573, "oscillation_cost": 24.87837421911493, "completition_cost": 0.0, "overshoot_cost": 51.69400805620761, "power_cost": 11.968603234863282, "noise_cost": 11.415916618757436, "n_waypoints_completed": 9, "tot_waypoints": 9}}
{"target": -172.45390741474012, "params": {"k_pid_pos": [1.450003656727069, 0.0, 0.7187672381414826], "k_pid_alt": [1.9999019181343876, 0.0, 0.0], "k_pid_att": [27.924305499864964, 0.0001, 0.34251103674035466], "k_pid_yaw": [0.5, 1e-06, 0.1], "k_pid_hsp": [0.08352063641747501, 8.037702379417561e-05, 0.0], "k_pid_vsp": [275.6086168892104, 308.4041544503857, 1e-06]}, "datetime": {"datetime": "2025-08-20 19:20:05", "elapsed": 26859.8375518322, "delta": 14.99159049987793}, "costs": {"total_cost": 172.45390741474012, "time_cost": 70.57600000000001, "final_distance_cost": 1.8238683302087142, "oscillation_cost": 25.464040490901503, "completition_cost": 0.0, "overshoot_cost": 51.12539646174546, "power_cost": 11.962354199218751, "noise_cost": 11.502247932665691, "n_waypoints_completed": 9, "tot_waypoints": 9}}
{"target": -171.5664693661523, "params": {"k_pid_pos": [1.359501638012192, 0.0, 0.6789212677030466], "k_pid_alt": [2.0, 0.0, 0.0], "k_pid_att": [25.322416372390805, 0.0001, 0.30444766473279605], "k_pid_yaw": [0.5, 1e-06, 0.1], "k_pid_hsp": [0.09369496066654699, 0.00011365157307355817, 0.0], "k_pid_vsp": [219.4786514507722, 364.15396370635364, 1e-06]}, "datetime": {"datetime": "2025-08-20 19:20:21", "elapsed": 26876.023918151855, "delta": 16.186366319656372}, "costs": {"total_cost": 171.5664693661523, "time_cost": 70.616, "final_distance_cost": 1.8201008529132279, "oscillation_cost": 25.326513509918147, "completition_cost": 0.0, "overshoot_cost": 51.367970898163186, "power_cost": 11.357099194335937, "noise_cost": 11.07878491082178, "n_waypoints_completed": 9, "tot_waypoints": 9}}
{"target": -172.0433863960118, "params": {"k_pid_pos": [1.3670578597700382, 0.0, 0.647358107316538], "k_pid_alt": [1.9998754440103377, 0.0, 0.0], "k_pid_att": [24.504961719772997, 0.0001, 0.34952957932690026], "k_pid_yaw": [0.5, 1e-06, 0.1], "k_pid_hsp": [0.09891685403922848, 2.4850819753513233e-05, 0.0], "k_pid_vsp": [246.45157667551706, 390.5249844270834, 1e-06]}, "datetime": {"datetime": "2025-08-20 19:20:37", "elapsed": 26891.819499492645, "delta": 15.795581340789795}, "costs": {"total_cost": 172.0433863960118, "time_cost": 70.496, "final_distance_cost": 1.8205104807388361, "oscillation_cost": 25.48668908247618, "completition_cost": 0.0, "overshoot_cost": 50.93992980362479, "power_cost": 11.957520263671876, "noise_cost": 11.34273676550012, "n_waypoints_completed": 9, "tot_waypoints": 9}}
{"target": -173.0223815336482, "params": {"k_pid_pos": [1.3842548167889812, 0.0, 0.7248855696277141], "k_pid_alt": [1.9999532439833216, 0.0, 0.0], "k_pid_att": [24.291908176011024, 0.0001, 0.3433099350595216], "k_pid_yaw": [0.5, 1e-06, 0.1], "k_pid_hsp": [0.07884046846955063, 1.4062135880165032e-05, 0.0], "k_pid_vsp": [244.36331396059634, 370.66876281380087, 1e-06]}, "datetime": {"datetime": "2025-08-20 19:20:52", "elapsed": 26907.321268558502, "delta": 15.501769065856934}, "costs": {"total_cost": 173.0223815336482, "time_cost": 70.816, "final_distance_cost": 1.8254735217646212, "oscillation_cost": 24.952594886428074, "completition_cost": 0.0, "overshoot_cost": 52.24430015076326, "power_cost": 11.866113159179688, "noise_cost": 11.317899815512568, "n_waypoints_completed": 9, "tot_waypoints": 9}}
{"target": -172.31891954036763, "params": {"k_pid_pos": [1.4352275388628926, 0.0, 0.7297034453392608], "k_pid_alt": [1.9927592116776054, 0.0, 0.0], "k_pid_att": [22.10844388162267, 0.0001, 0.3720470072547292], "k_pid_yaw": [0.5, 1e-06, 0.1], "k_pid_hsp": [0.1148091446990728, 0.0, 0.0], "k_pid_vsp": [283.832005808209, 356.8160820371361, 1e-06]}, "datetime": {"datetime": "2025-08-20 19:21:09", "elapsed": 26923.88752603531, "delta": 16.56625747680664}, "costs": {"total_cost": 172.31891954036763, "time_cost": 70.552, "final_distance_cost": 1.8172663207786435, "oscillation_cost": 25.515319129296493, "completition_cost": 0.0, "overshoot_cost": 50.57959075151477, "power_cost": 12.339628149414063, "noise_cost": 11.515115189363641, "n_waypoints_completed": 9, "tot_waypoints": 9}}
{"target": -171.97210510738697, "params": {"k_pid_pos": [1.4194949176583989, 0.0, 0.6973200156183722], "k_pid_alt": [1.9999354589686515, 0.0, 0.0], "k_pid_att": [47.241370049457686, 0.0001, 0.4439369178278203], "k_pid_yaw": [0.5, 1e-06, 0.1], "k_pid_hsp": [0.09946945726244545, 8.180668018041788e-06, 0.0], "k_pid_vsp": [239.09015331988812, 353.2188396820645, 1e-06]}, "datetime": {"datetime": "2025-08-20 19:21:24", "elapsed": 26939.20462846756, "delta": 15.317102432250977}, "costs": {"total_cost": 171.97210510738697, "time_cost": 70.56, "final_distance_cost": 1.832574077192141, "oscillation_cost": 25.631226229729307, "completition_cost": 0.0, "overshoot_cost": 50.9857494989603, "power_cost": 11.611244653320313, "noise_cost": 11.35131064818488, "n_waypoints_completed": 9, "tot_waypoints": 9}}
{"target": -173.52982963189191, "params": {"k_pid_pos": [1.5998014921941535, 0.0, 0.6558398264470588], "k_pid_alt": [1.9999827325272848, 0.0, 0.0], "k_pid_att": [21.072970030814368, 0.0001, 0.17027267223394113], "k_pid_yaw": [0.5, 1e-06, 0.1], "k_pid_hsp": [0.11246858949225982, 0.00014894396489389112, 0.0], "k_pid_vsp": [226.15473720777132, 395.049500447619, 1e-06]}, "datetime": {"datetime": "2025-08-20 19:21:41", "elapsed": 26955.63474869728, "delta": 16.43012022972107}, "costs": {"total_cost": 173.52982963189191, "time_cost": 70.016, "final_distance_cost": 1.8180422597039032, "oscillation_cost": 27.349242836688514, "completition_cost": 0.0, "overshoot_cost": 50.90176332301091, "power_cost": 12.120550415039062, "noise_cost": 11.324230797449509, "n_waypoints_completed": 9, "tot_waypoints": 9}}
{"target": -174.4150868463792, "params": {"k_pid_pos": [1.1289811262610132, 0.0, 0.814803988714595], "k_pid_alt": [2.0, 0.0, 0.0], "k_pid_att": [33.39049907210378, 0.0001, 0.29356272777906256], "k_pid_yaw": [0.5, 1e-06, 0.1], "k_pid_hsp": [0.0733677561022024, 2.3918597672385897e-05, 0.0], "k_pid_vsp": [211.63586676684193, 359.6406114742364, 1e-06]}, "datetime": {"datetime": "2025-08-20 19:21:56", "elapsed": 26971.08004808426, "delta": 15.44529938697815}, "costs": {"total_cost": 174.4150868463792, "time_cost": 72.512, "final_distance_cost": 1.8336314453785214, "oscillation_cost": 23.470669732740706, "completition_cost": 0.0, "overshoot_cost": 52.31253370789675, "power_cost": 12.338268115234376, "noise_cost": 11.94798384512887, "n_waypoints_completed": 9, "tot_waypoints": 9}}
{"target": -171.98578524300495, "params": {"k_pid_pos": [1.3354270390888807, 0.0, 0.6416580234615753], "k_pid_alt": [1.9998063418092087, 0.0, 0.0], "k_pid_att": [25.73064044168494, 0.0001, 0.30313090469532533], "k_pid_yaw": [0.5, 1e-06, 0.1], "k_pid_hsp": [0.10604369143799942, 0.00023533720602382516, 0.0], "k_pid_vsp": [226.75941643841577, 346.93473127171, 1e-06]}, "datetime": {"datetime": "2025-08-20 19:22:12", "elapsed": 26987.330030679703, "delta": 16.249982595443726}, "costs": {"total_cost": 171.98578524300495, "time_cost": 70.592, "final_distance_cost": 1.8162938767251102, "oscillation_cost": 25.326072089087706, "completition_cost": 0.0, "overshoot_cost": 50.964766171921276, "power_cost": 11.85012626953125, "noise_cost": 11.436526835739627, "n_waypoints_completed": 9, "tot_waypoints": 9}}
{"target": -172.72532219255837, "params": {"k_pid_pos": [1.3799244769204726, 0.0, 0.6904503020703295], "k_pid_alt": [1.9999083655660392, 0.0, 0.0], "k_pid_att": [20.832465378641846, 0.0001, 0.3152194066283652], "k_pid_yaw": [0.5, 1e-06, 0.1], "k_pid_hsp": [0.12528005155439176, 0.00019536489193018605, 0.0], "k_pid_vsp": [237.8383627691046, 378.0103471228992, 1e-06]}, "datetime": {"datetime": "2025-08-20 19:22:28", "elapsed": 27003.546142816544, "delta": 16.21611213684082}, "costs": {"total_cost": 172.72532219255837, "time_cost": 70.56, "final_distance_cost": 1.837830188355929, "oscillation_cost": 25.822879676532462, "completition_cost": 0.0, "overshoot_cost": 50.80916698632158, "power_cost": 12.147476904296875, "noise_cost": 11.547968437051544, "n_waypoints_completed": 9, "tot_waypoints": 9}}
{"target": -173.14416940128146, "params": {"k_pid_pos": [1.569059166628521, 0.0, 0.6560563555904039], "k_pid_alt": [1.999937434633067, 0.0, 0.0], "k_pid_att": [21.644328479656888, 0.0001, 0.32274311651636955], "k_pid_yaw": [0.5, 1e-06, 0.1], "k_pid_hsp": [0.07703709957789216, 0.0001227096640156132, 0.0], "k_pid_vsp": [230.86188827451002, 315.1139712931008, 1e-06]}, "datetime": {"datetime": "2025-08-20 19:22:44", "elapsed": 27018.75742125511, "delta": 15.211278438568115}, "costs": {"total_cost": 173.14416940128146, "time_cost": 70.44800000000001, "final_distance_cost": 1.7930073981581276, "oscillation_cost": 26.11365849187613, "completition_cost": 0.0, "overshoot_cost": 51.71288277079838, "power_cost": 11.852431787109376, "noise_cost": 11.224188953339462, "n_waypoints_completed": 9, "tot_waypoints": 9}}
