{"target": -1251.2462810117702, "params": {"k_pid_pos": [1.5939855652567123, 0.0, 1.0], "k_pid_alt": [1.2152756504934603, 0.0, 0.0], "k_pid_att": [0.0, 0.0001, 0.04957624830411203], "k_pid_yaw": [0.5, 1e-06, 0.1], "k_pid_hsp": [0.5123239006706806, 0.0, 0.0], "k_pid_vsp": [357.2034711274198, 174.40401056396817, 1e-06]}, "datetime": {"datetime": "2025-08-20 13:42:56", "elapsed": 6631.348028182983, "delta": 27.00188684463501}, "costs": {"total_cost": 1251.2462810117702, "time_cost": 150, "final_distance_cost": 210.2178506872576, "oscillation_cost": 3.8147613607431494, "completition_cost": 666.6666666666667, "overshoot_cost": 193.21440581591605, "power_cost": 14.112154455566406, "noise_cost": 13.220442025620086, "n_waypoints_completed": 3, "tot_waypoints": 9}}
{"target": -180.70976476950236, "params": {"k_pid_pos": [1.8166749921065108, 0.0, 1.0], "k_pid_alt": [0.7276524353770483, 0.0, 0.010269039967994102], "k_pid_att": [29.758898227610615, 0.0001, 0.05853674868040887], "k_pid_yaw": [0.5, 1e-06, 0.1], "k_pid_hsp": [0.19135586863417905, 0.0, 0.0], "k_pid_vsp": [286.72696744157383, 193.20699436599514, 1e-06]}, "datetime": {"datetime": "2025-08-20 13:43:16", "elapsed": 6650.717760562897, "delta": 19.36973237991333}, "costs": {"total_cost": 180.70976476950236, "time_cost": 72.584, "final_distance_cost": 1.8488813866028952, "oscillation_cost": 32.03698742015336, "completition_cost": 0.0, "overshoot_cost": 50.21867860444036, "power_cost": 12.279567553710939, "noise_cost": 11.741649804594788, "n_waypoints_completed": 9, "tot_waypoints": 9}}
{"target": -181.39111343883903, "params": {"k_pid_pos": [1.864035350070837, 0.0, 1.0], "k_pid_alt": [1.1391137122549864, 0.0, 0.0], "k_pid_att": [25.594614980156546, 0.0001, 0.09105271498046066], "k_pid_yaw": [0.5, 1e-06, 0.1], "k_pid_hsp": [0.7006383628013276, 0.0, 0.0], "k_pid_vsp": [334.3913595537474, 183.05778631772915, 1e-06]}, "datetime": {"datetime": "2025-08-20 13:43:35", "elapsed": 6669.68306350708, "delta": 18.96530294418335}, "costs": {"total_cost": 181.39111343883903, "time_cost": 70.44, "final_distance_cost": 1.851415510310971, "oscillation_cost": 34.520003873882615, "completition_cost": 0.0, "overshoot_cost": 50.173062667055646, "power_cost": 12.555573901367188, "noise_cost": 11.851057486222592, "n_waypoints_completed": 9, "tot_waypoints": 9}}
{"target": -1197.9217361077935, "params": {"k_pid_pos": [1.7297437804211055, 0.0, 1.0], "k_pid_alt": [1.1927023943549588, 0.0, 0.28266996984496817], "k_pid_att": [16.403855747490645, 0.0001, 0.04057051191124411], "k_pid_yaw": [0.5, 1e-06, 0.1], "k_pid_hsp": [0.0001, 0.0, 0.0], "k_pid_vsp": [343.86340846172385, 138.83613871240547, 1e-06]}, "datetime": {"datetime": "2025-08-20 13:44:00", "elapsed": 6694.650847434998, "delta": 24.96778392791748}, "costs": {"total_cost": 1197.9217361077935, "time_cost": 150, "final_distance_cost": 46.797978162448715, "oscillation_cost": 2.4046677100819616, "completition_cost": 888.8888888888888, "overshoot_cost": 84.12480434048996, "power_cost": 12.780890576171876, "noise_cost": 12.924506429712181, "n_waypoints_completed": 1, "tot_waypoints": 9}}
{"target": -173.32076205841977, "params": {"k_pid_pos": [1.8002516809455842, 0.0, 0.9572622790519113], "k_pid_alt": [1.2801463833727633, 0.0, 0.0], "k_pid_att": [26.377045316927347, 0.0001, 0.3993687649761963], "k_pid_yaw": [0.5, 1e-06, 0.1], "k_pid_hsp": [0.11209520426188341, 0.0, 0.0], "k_pid_vsp": [319.15654930655154, 239.63708876383944, 1e-06]}, "datetime": {"datetime": "2025-08-20 13:44:17", "elapsed": 6712.201230764389, "delta": 17.55038332939148}, "costs": {"total_cost": 173.32076205841977, "time_cost": 70.08, "final_distance_cost": 1.8187562116110483, "oscillation_cost": 27.205012389782276, "completition_cost": 0.0, "overshoot_cost": 50.99825583477523, "power_cost": 11.866325451660156, "noise_cost": 11.352412170591107, "n_waypoints_completed": 9, "tot_waypoints": 9}}
{"target": -1192.878736223311, "params": {"k_pid_pos": [1.1658421515030897, 0.0, 1.0], "k_pid_alt": [1.0888078889975255, 0.0, 0.0], "k_pid_att": [45.70134957444214, 0.0001, 0.167826323654591], "k_pid_yaw": [0.5, 1e-06, 0.1], "k_pid_hsp": [0.0001, 0.0, 0.0], "k_pid_vsp": [292.27119159608304, 357.14150933797725, 1e-06]}, "datetime": {"datetime": "2025-08-20 13:44:41", "elapsed": 6736.453066587448, "delta": 24.251835823059082}, "costs": {"total_cost": 1192.878736223311, "time_cost": 150, "final_distance_cost": 46.31968034221889, "oscillation_cost": 0.7467754556385694, "completition_cost": 888.8888888888888, "overshoot_cost": 81.17294638466767, "power_cost": 12.808334985351562, "noise_cost": 12.942110166545586, "n_waypoints_completed": 1, "tot_waypoints": 9}}
{"target": -176.0388910347184, "params": {"k_pid_pos": [1.9495193243095275, 0.0, 0.9902011867493035], "k_pid_alt": [1.3941466425570372, 0.0, 0.0], "k_pid_att": [34.92622649484296, 0.0001, 0.3406884726557453], "k_pid_yaw": [0.5, 1e-06, 0.1], "k_pid_hsp": [0.05270781818092496, 0.0, 0.0], "k_pid_vsp": [380.67039150383124, 222.988533262279, 1e-06]}, "datetime": {"datetime": "2025-08-20 13:44:59", "elapsed": 6754.3660800457, "delta": 17.913013458251953}, "costs": {"total_cost": 176.0388910347184, "time_cost": 72.4, "final_distance_cost": 1.800166491857413, "oscillation_cost": 24.013225061068322, "completition_cost": 0.0, "overshoot_cost": 53.776355492501615, "power_cost": 12.30513779296875, "noise_cost": 11.744006196322294, "n_waypoints_completed": 9, "tot_waypoints": 9}}
{"target": -173.61435730166042, "params": {"k_pid_pos": [1.8326349965969635, 0.0, 0.9631944927815115], "k_pid_alt": [1.2004089511237668, 0.0, 0.0], "k_pid_att": [34.83525879025825, 0.0001, 0.24088076348131338], "k_pid_yaw": [0.5, 1e-06, 0.1], "k_pid_hsp": [0.17389657732849664, 0.0, 0.0], "k_pid_vsp": [326.613418255352, 225.07008361133649, 1e-06]}, "datetime": {"datetime": "2025-08-20 13:45:16", "elapsed": 6770.688057184219, "delta": 16.321977138519287}, "costs": {"total_cost": 173.61435730166042, "time_cost": 70.04, "final_distance_cost": 1.8338862651786194, "oscillation_cost": 28.31964197304087, "completition_cost": 0.0, "overshoot_cost": 50.363437245999734, "power_cost": 11.787075415039062, "noise_cost": 11.270316402402122, "n_waypoints_completed": 9, "tot_waypoints": 9}}
{"target": -176.3340887109695, "params": {"k_pid_pos": [1.8432613292328495, 0.0938311933098776, 0.9956488416184908], "k_pid_alt": [1.1387773219677622, 0.022824119350823305, 0.06059677630722507], "k_pid_att": [4.520002731598834, 0.0001, 0.30806873472332397], "k_pid_yaw": [0.5, 1e-06, 0.1], "k_pid_hsp": [0.24537969646860563, 0.0, 0.0], "k_pid_vsp": [258.4167822617205, 262.3806654805505, 1e-06]}, "datetime": {"datetime": "2025-08-20 13:45:32", "elapsed": 6787.406179428101, "delta": 16.718122243881226}, "costs": {"total_cost": 176.3340887109695, "time_cost": 69.896, "final_distance_cost": 1.8444935536895408, "oscillation_cost": 30.163915498834157, "completition_cost": 0.0, "overshoot_cost": 50.519912243288, "power_cost": 12.316516735839844, "noise_cost": 11.593250679317949, "n_waypoints_completed": 9, "tot_waypoints": 9}}
{"target": -174.807518597337, "params": {"k_pid_pos": [1.7318008511803318, 0.0, 1.0], "k_pid_alt": [1.2464666411937992, 0.001157572011971703, 0.0], "k_pid_att": [37.79855956274079, 0.0001, 0.4275051243424998], "k_pid_yaw": [0.5, 1e-06, 0.1], "k_pid_hsp": [0.38015435724061114, 0.0, 0.0], "k_pid_vsp": [377.28136326401835, 222.03547029588475, 1e-06]}, "datetime": {"datetime": "2025-08-20 13:45:50", "elapsed": 6805.476665973663, "delta": 18.070486545562744}, "costs": {"total_cost": 174.807518597337, "time_cost": 70.60000000000001, "final_distance_cost": 1.8426425672994837, "oscillation_cost": 28.368715565569893, "completition_cost": 0.0, "overshoot_cost": 49.74738202844407, "power_cost": 12.394864221191407, "noise_cost": 11.853914214832177, "n_waypoints_completed": 9, "tot_waypoints": 9}}
{"target": -173.29516221870506, "params": {"k_pid_pos": [1.953662174055738, 0.0, 1.0], "k_pid_alt": [1.1829690032964657, 0.0, 0.0], "k_pid_att": [31.47600663955803, 0.0001, 0.29107356146263874], "k_pid_yaw": [0.5, 1e-06, 0.1], "k_pid_hsp": [0.15843243147002267, 0.000488045535055764, 0.0], "k_pid_vsp": [322.4995602687357, 237.19874975322807, 1e-06]}, "datetime": {"datetime": "2025-08-20 13:46:08", "elapsed": 6823.152303934097, "delta": 17.67563796043396}, "costs": {"total_cost": 173.29516221870506, "time_cost": 69.928, "final_distance_cost": 1.841499831067286, "oscillation_cost": 28.231159177385223, "completition_cost": 0.0, "overshoot_cost": 50.21195333675498, "power_cost": 11.814444836425782, "noise_cost": 11.268105037071779, "n_waypoints_completed": 9, "tot_waypoints": 9}}
{"target": -1195.6230701111513, "params": {"k_pid_pos": [1.882752860267067, 0.0, 0.9158810330082177], "k_pid_alt": [1.0306681016669057, 0.0, 0.0], "k_pid_att": [24.264484543515795, 0.0001, 0.40522149510625294], "k_pid_yaw": [0.5, 1e-06, 0.1], "k_pid_hsp": [0.0001, 0.0, 0.0], "k_pid_vsp": [393.9577824326834, 255.6203013317132, 1e-06]}, "datetime": {"datetime": "2025-08-20 13:46:34", "elapsed": 6849.425999164581, "delta": 26.27369523048401}, "costs": {"total_cost": 1195.6230701111513, "time_cost": 150, "final_distance_cost": 46.871448791931684, "oscillation_cost": 0.00426728001989293, "completition_cost": 888.8888888888888, "overshoot_cost": 84.18779479890802, "power_cost": 12.769340014648439, "noise_cost": 12.901330336754334, "n_waypoints_completed": 1, "tot_waypoints": 9}}
{"target": -179.11448538212142, "params": {"k_pid_pos": [2.0, 0.0, 0.9325198818371675], "k_pid_alt": [1.2325356806006091, 0.0, 0.0], "k_pid_att": [5.197652927424203, 0.0001, 0.24486963117304467], "k_pid_yaw": [0.5, 1e-06, 0.1], "k_pid_hsp": [0.8108638430863201, 0.0, 0.0], "k_pid_vsp": [303.19162295184515, 58.316987564569416, 1e-06]}, "datetime": {"datetime": "2025-08-20 13:46:54", "elapsed": 6868.667281627655, "delta": 19.24128246307373}, "costs": {"total_cost": 179.11448538212142, "time_cost": 69.96000000000001, "final_distance_cost": 1.8465790772436548, "oscillation_cost": 32.07172559943253, "completition_cost": 0.0, "overshoot_cost": 50.75060342803964, "power_cost": 12.800479772949219, "noise_cost": 11.685097504456373, "n_waypoints_completed": 9, "tot_waypoints": 9}}
{"target": -175.14572545014155, "params": {"k_pid_pos": [1.790385438268729, 0.0, 0.9242903823467938], "k_pid_alt": [1.215766414991072, 0.0, 0.0], "k_pid_att": [39.53044224757772, 0.0001, 0.29717465380094354], "k_pid_yaw": [0.5, 1e-06, 0.1], "k_pid_hsp": [0.31721250955301317, 0.0, 0.0], "k_pid_vsp": [290.26213732647324, 278.7350731961726, 1e-06]}, "datetime": {"datetime": "2025-08-20 13:47:11", "elapsed": 6886.41109251976, "delta": 17.743810892105103}, "costs": {"total_cost": 175.14572545014155, "time_cost": 70.112, "final_distance_cost": 1.8459736795131245, "oscillation_cost": 29.1917075141435, "completition_cost": 0.0, "overshoot_cost": 49.81009811999462, "power_cost": 12.471936767578125, "noise_cost": 11.71400936891219, "n_waypoints_completed": 9, "tot_waypoints": 9}}
{"target": -176.37338975414838, "params": {"k_pid_pos": [1.815835182520629, 0.0, 0.7568592974509165], "k_pid_alt": [1.1264029325690434, 0.0, 0.0], "k_pid_att": [17.072553066427453, 0.0001, 0.4828040100641986], "k_pid_yaw": [0.5, 1e-06, 0.1], "k_pid_hsp": [0.30078462107376747, 0.0, 0.0], "k_pid_vsp": [378.3065565422919, 304.2042266981897, 1e-06]}, "datetime": {"datetime": "2025-08-20 13:47:28", "elapsed": 6902.995121717453, "delta": 16.58402919769287}, "costs": {"total_cost": 176.37338975414838, "time_cost": 69.816, "final_distance_cost": 1.8392830762343413, "oscillation_cost": 29.664856955200335, "completition_cost": 0.0, "overshoot_cost": 50.580780009983776, "power_cost": 12.816648303222657, "noise_cost": 11.655821409507276, "n_waypoints_completed": 9, "tot_waypoints": 9}}
{"target": -1195.9140584415375, "params": {"k_pid_pos": [2.0, 0.0, 1.0], "k_pid_alt": [1.2008412306591576, 0.0, 0.0], "k_pid_att": [16.213560229658757, 0.0001, 0.21009648997326036], "k_pid_yaw": [0.5, 1e-06, 0.1], "k_pid_hsp": [0.0001, 0.0, 0.0], "k_pid_vsp": [337.9465076760156, 270.9692954001533, 1e-06]}, "datetime": {"datetime": "2025-08-20 13:47:53", "elapsed": 6928.085382938385, "delta": 25.090261220932007}, "costs": {"total_cost": 1195.9140584415375, "time_cost": 150, "final_distance_cost": 46.912919429584704, "oscillation_cost": 0.004738996813782724, "completition_cost": 888.8888888888888, "overshoot_cost": 84.41287417783948, "power_cost": 12.782750610351563, "noise_cost": 12.911886338059025, "n_waypoints_completed": 1, "tot_waypoints": 9}}
{"target": -173.22855487759946, "params": {"k_pid_pos": [1.7723726875027122, 0.0, 0.96755270148991], "k_pid_alt": [1.339981984120174, 0.0, 0.0], "k_pid_att": [29.51289327852405, 0.0001, 0.4323568822523642], "k_pid_yaw": [0.5, 1e-06, 0.1], "k_pid_hsp": [0.1358630973694891, 0.0, 0.0], "k_pid_vsp": [281.3222781404092, 366.07717635037574, 1e-06]}, "datetime": {"datetime": "2025-08-20 13:48:09", "elapsed": 6944.50316119194, "delta": 16.417778253555298}, "costs": {"total_cost": 173.22855487759946, "time_cost": 69.92, "final_distance_cost": 1.82347041179176, "oscillation_cost": 27.728441908237315, "completition_cost": 0.0, "overshoot_cost": 50.41939962440627, "power_cost": 11.882782641601564, "noise_cost": 11.454460291562553, "n_waypoints_completed": 9, "tot_waypoints": 9}}
{"target": -175.48304170676465, "params": {"k_pid_pos": [1.4820610276391657, 0.0, 0.8900378529927173], "k_pid_alt": [1.0379308289424025, 0.0, 0.0], "k_pid_att": [24.351332944481904, 0.0001, 0.1468731765264671], "k_pid_yaw": [0.5, 1e-06, 0.1], "k_pid_hsp": [0.21296099174161615, 0.0, 0.0], "k_pid_vsp": [305.93261882765887, 341.9233233351099, 1e-06]}, "datetime": {"datetime": "2025-08-20 13:48:27", "elapsed": 6961.865202665329, "delta": 17.362041473388672}, "costs": {"total_cost": 175.48304170676465, "time_cost": 71.848, "final_distance_cost": 1.8431767054686097, "oscillation_cost": 27.75802949366162, "completition_cost": 0.0, "overshoot_cost": 50.628992050456844, "power_cost": 11.821779455566407, "noise_cost": 11.583064001611168, "n_waypoints_completed": 9, "tot_waypoints": 9}}
{"target": -176.6634091093914, "params": {"k_pid_pos": [2.0, 0.0, 0.8188610522103456], "k_pid_alt": [0.9266040938452695, 0.0, 0.0], "k_pid_att": [18.758489640924182, 0.0001, 0.38853669327805695], "k_pid_yaw": [0.5, 1e-06, 0.1], "k_pid_hsp": [0.3970006823879989, 0.0, 0.0], "k_pid_vsp": [305.7090916744579, 244.30307453328606, 1e-06]}, "datetime": {"datetime": "2025-08-20 13:48:44", "elapsed": 6978.682556390762, "delta": 16.81735372543335}, "costs": {"total_cost": 176.6634091093914, "time_cost": 70.248, "final_distance_cost": 1.8333292329399404, "oscillation_cost": 30.45408652784555, "completition_cost": 0.0, "overshoot_cost": 50.203326569769345, "power_cost": 12.468257885742188, "noise_cost": 11.4564088930944, "n_waypoints_completed": 9, "tot_waypoints": 9}}
{"target": -1214.7408082964807, "params": {"k_pid_pos": [1.6376933752788463, 0.0, 0.9185300345519812], "k_pid_alt": [1.317771491151168, 0.000926691132088181, 0.006804065223436115], "k_pid_att": [58.158547847960335, 0.0001, 0.5287245910559388], "k_pid_yaw": [0.5, 1e-06, 0.1], "k_pid_hsp": [0.0001, 0.003825930276466858, 0.0], "k_pid_vsp": [353.46676029347304, 275.2920281330467, 1e-06]}, "datetime": {"datetime": "2025-08-20 13:49:10", "elapsed": 7004.567349910736, "delta": 25.884793519973755}, "costs": {"total_cost": 1214.7408082964807, "time_cost": 150, "final_distance_cost": 56.840435688379046, "oscillation_cost": 0.40197669885552945, "completition_cost": 888.8888888888888, "overshoot_cost": 92.9114787531698, "power_cost": 12.788142736816408, "noise_cost": 12.909885530371081, "n_waypoints_completed": 1, "tot_waypoints": 9}}
{"target": -177.24107486158252, "params": {"k_pid_pos": [1.5014813639241331, 0.0, 0.9284753842020286], "k_pid_alt": [1.3936261910244456, 0.0, 0.0], "k_pid_att": [47.507781833295844, 0.0001, 0.10633504145743106], "k_pid_yaw": [0.5, 1e-06, 0.1], "k_pid_hsp": [0.36370630935847315, 0.0, 0.0], "k_pid_vsp": [279.02835472795545, 243.06768569044752, 1e-06]}, "datetime": {"datetime": "2025-08-20 13:49:26", "elapsed": 7020.57893705368, "delta": 16.011587142944336}, "costs": {"total_cost": 177.24107486158252, "time_cost": 71.288, "final_distance_cost": 1.8435559564525628, "oscillation_cost": 29.20418687807542, "completition_cost": 0.0, "overshoot_cost": 50.27931725094862, "power_cost": 12.599552185058595, "noise_cost": 12.026462591047293, "n_waypoints_completed": 9, "tot_waypoints": 9}}
{"target": -174.19650250461297, "params": {"k_pid_pos": [2.0, 0.0, 0.7463341119264574], "k_pid_alt": [1.3126572815611486, 0.0, 0.0], "k_pid_att": [18.23585443649288, 0.0001, 0.40712742285817727], "k_pid_yaw": [0.5, 1e-06, 0.1], "k_pid_hsp": [0.2043236224392512, 0.0, 0.0], "k_pid_vsp": [325.3580641988314, 201.92970023269945, 1e-06]}, "datetime": {"datetime": "2025-08-20 13:49:41", "elapsed": 7036.2355580329895, "delta": 15.656620979309082}, "costs": {"total_cost": 174.19650250461297, "time_cost": 69.352, "final_distance_cost": 1.8245476181062614, "oscillation_cost": 29.486304889974555, "completition_cost": 0.0, "overshoot_cost": 50.04458761183748, "power_cost": 12.184236975097656, "noise_cost": 11.304825409597003, "n_waypoints_completed": 9, "tot_waypoints": 9}}
{"target": -950.9871535753356, "params": {"k_pid_pos": [0.3501120715761882, 0.008845622664414687, 0.9860078550001287], "k_pid_alt": [0.11678039211438032, 0.00899297245122856, 0.025788117621191098], "k_pid_att": [51.246148285883876, 0.0001, 0.45706406704794256], "k_pid_yaw": [0.5, 1e-06, 0.1], "k_pid_hsp": [0.9003206946897304, 0.0, 0.0], "k_pid_vsp": [374.4974721787206, 162.419547541413, 1e-06]}, "datetime": {"datetime": "2025-08-20 13:50:04", "elapsed": 7058.786519050598, "delta": 22.550961017608643}, "costs": {"total_cost": 950.9871535753356, "time_cost": 150, "final_distance_cost": 55.551125081714474, "oscillation_cost": 7.216148034011784, "completition_cost": 666.6666666666667, "overshoot_cost": 44.108470019227, "power_cost": 13.985881896972657, "noise_cost": 13.458861876742928, "n_waypoints_completed": 3, "tot_waypoints": 9}}
{"target": -173.92263245859445, "params": {"k_pid_pos": [1.516730378680302, 0.0, 1.0], "k_pid_alt": [1.3036263601720828, 0.0, 0.0], "k_pid_att": [34.093721392941674, 0.0001, 0.2157325231736864], "k_pid_yaw": [0.5, 1e-06, 0.1], "k_pid_hsp": [0.06136535645980942, 0.007580191281666737, 0.0], "k_pid_vsp": [304.1134052007794, 390.8974429690435, 1e-06]}, "datetime": {"datetime": "2025-08-20 13:50:20", "elapsed": 7075.137580871582, "delta": 16.351061820983887}, "costs": {"total_cost": 173.92263245859445, "time_cost": 71.552, "final_distance_cost": 1.8135678742328825, "oscillation_cost": 25.174466788340947, "completition_cost": 0.0, "overshoot_cost": 52.20652842649766, "power_cost": 11.809101477050781, "noise_cost": 11.366967892472166, "n_waypoints_completed": 9, "tot_waypoints": 9}}
{"target": -178.65136292754505, "params": {"k_pid_pos": [1.708607875529717, 0.0, 0.9386631864578846], "k_pid_alt": [1.2423774622949983, 0.002214028242179077, 0.0], "k_pid_att": [9.464590567670157, 0.0001, 0.41005616055513516], "k_pid_yaw": [0.5, 1e-06, 0.1], "k_pid_hsp": [1.9968965395540628, 0.0, 0.0], "k_pid_vsp": [348.8622712809545, 239.9293118566487, 1e-06]}, "datetime": {"datetime": "2025-08-20 13:50:36", "elapsed": 7091.188526391983, "delta": 16.050945520401}, "costs": {"total_cost": 178.65136292754505, "time_cost": 70.432, "final_distance_cost": 1.849432977630237, "oscillation_cost": 32.314177570964326, "completition_cost": 0.0, "overshoot_cost": 49.51280748022642, "power_cost": 12.641765100097658, "noise_cost": 11.901179798626403, "n_waypoints_completed": 9, "tot_waypoints": 9}}
{"target": -176.29810586034833, "params": {"k_pid_pos": [1.8822015549884443, 0.0, 1.0], "k_pid_alt": [1.073988257869179, 0.0, 0.0], "k_pid_att": [37.74695013955808, 0.0001, 0.4212953192244292], "k_pid_yaw": [0.5, 1e-06, 0.1], "k_pid_hsp": [0.05022770131369204, 0.0, 0.0], "k_pid_vsp": [306.23949607850744, 271.4288725820977, 1e-06]}, "datetime": {"datetime": "2025-08-20 13:50:53", "elapsed": 7108.17259478569, "delta": 16.984068393707275}, "costs": {"total_cost": 176.29810586034833, "time_cost": 73.44, "final_distance_cost": 1.7700229801428138, "oscillation_cost": 23.369720604983304, "completition_cost": 0.0, "overshoot_cost": 53.64627887053332, "power_cost": 12.222991174316407, "noise_cost": 11.849092230372488, "n_waypoints_completed": 9, "tot_waypoints": 9}}
{"target": -173.97045944936295, "params": {"k_pid_pos": [2.0, 0.0, 1.0], "k_pid_alt": [1.1200995329840393, 0.0, 0.0], "k_pid_att": [22.456469576481616, 0.0001, 0.4249871803855184], "k_pid_yaw": [0.5, 1e-06, 0.1], "k_pid_hsp": [0.11255797954175202, 0.0, 0.0], "k_pid_vsp": [269.4112510018117, 186.38298688335055, 1e-06]}, "datetime": {"datetime": "2025-08-20 13:51:09", "elapsed": 7124.406508207321, "delta": 16.23391342163086}, "costs": {"total_cost": 173.97045944936295, "time_cost": 70.208, "final_distance_cost": 1.82868326272184, "oscillation_cost": 27.878625491440086, "completition_cost": 0.0, "overshoot_cost": 51.01694397408442, "power_cost": 11.809168261718751, "noise_cost": 11.229038459397863, "n_waypoints_completed": 9, "tot_waypoints": 9}}
{"target": -181.43337057169944, "params": {"k_pid_pos": [1.7140847644531843, 0.0, 0.9451112016232753], "k_pid_alt": [1.2947356750090175, 0.0, 0.0], "k_pid_att": [42.70290944376369, 0.8776790160696644, 0.45785660889373936], "k_pid_yaw": [0.5, 1e-06, 0.1], "k_pid_hsp": [2.096457625159628, 0.0, 0.0], "k_pid_vsp": [304.751726761224, 289.6008877653277, 1e-06]}, "datetime": {"datetime": "2025-08-20 13:51:26", "elapsed": 7141.054735898972, "delta": 16.64822769165039}, "costs": {"total_cost": 181.43337057169944, "time_cost": 70.464, "final_distance_cost": 1.8506498849680229, "oscillation_cost": 35.82373311617002, "completition_cost": 0.0, "overshoot_cost": 49.55283067829895, "power_cost": 12.015583837890626, "noise_cost": 11.726573054371825, "n_waypoints_completed": 9, "tot_waypoints": 9}}
