{"target": -172.36578924081041, "params": {"k_pid_pos": [1.467491351221095, 0.0, 0.820481842534571], "k_pid_alt": [2.0, 0.0, 0.0], "k_pid_att": [31.094640768778707, 0.0001, 0.37601351814093276], "k_pid_yaw": [0.5, 1e-06, 0.1], "k_pid_hsp": [0.12318430853282826, 0.0001173264660818258, 0.0], "k_pid_vsp": [240.0851137959954, 400.0, 1e-06]}, "datetime": {"datetime": "2025-08-20 18:53:43", "elapsed": 25278.251690149307, "delta": 17.139566898345947}, "costs": {"total_cost": 172.36578924081041, "time_cost": 70.68, "final_distance_cost": 1.8341275773636285, "oscillation_cost": 25.519126004348326, "completition_cost": 0.0, "overshoot_cost": 50.69210323493175, "power_cost": 12.100045727539063, "noise_cost": 11.540386696627644, "n_waypoints_completed": 9, "tot_waypoints": 9}}
{"target": -172.45822494879238, "params": {"k_pid_pos": [1.4680683351254864, 0.0, 0.8395998221591934], "k_pid_alt": [2.0, 0.0, 0.0], "k_pid_att": [42.14415376257083, 0.0001, 0.3067110206840306], "k_pid_yaw": [0.5, 1e-06, 0.1], "k_pid_hsp": [0.10989776523196083, 0.00014782325645040526, 0.0], "k_pid_vsp": [260.2716822022913, 208.4840498214265, 1e-06]}, "datetime": {"datetime": "2025-08-20 18:53:58", "elapsed": 25293.53800392151, "delta": 15.286313772201538}, "costs": {"total_cost": 172.45822494879238, "time_cost": 70.912, "final_distance_cost": 1.8263096138455417, "oscillation_cost": 25.011830984914866, "completition_cost": 0.0, "overshoot_cost": 51.25475038661161, "power_cost": 11.985902880859376, "noise_cost": 11.46743108256099, "n_waypoints_completed": 9, "tot_waypoints": 9}}
{"target": -172.7776722173328, "params": {"k_pid_pos": [1.3619055103841606, 0.0, 0.7869160194932516], "k_pid_alt": [1.9998213955819768, 0.0, 0.0], "k_pid_att": [19.85099050534791, 0.0001, 0.3167656248434265], "k_pid_yaw": [0.5, 1e-06, 0.1], "k_pid_hsp": [0.14872687115612918, 0.0, 0.0], "k_pid_vsp": [215.90936416426746, 391.57754011707937, 1e-06]}, "datetime": {"datetime": "2025-08-20 18:54:16", "elapsed": 25310.64022064209, "delta": 17.102216720581055}, "costs": {"total_cost": 172.7776722173328, "time_cost": 70.936, "final_distance_cost": 1.8350446576279718, "oscillation_cost": 25.78456559020066, "completition_cost": 0.0, "overshoot_cost": 50.30152151821158, "power_cost": 12.248182446289062, "noise_cost": 11.672358005003497, "n_waypoints_completed": 9, "tot_waypoints": 9}}
{"target": -172.225541146293, "params": {"k_pid_pos": [1.4373692235457156, 0.0, 0.7152479418450334], "k_pid_alt": [1.9998412358460405, 0.0, 0.0], "k_pid_att": [24.786242493334946, 0.0001, 0.3079338415109134], "k_pid_yaw": [0.5, 1e-06, 0.1], "k_pid_hsp": [0.12098258896434089, 0.00012572041996638045, 0.0], "k_pid_vsp": [229.96075388360558, 374.65601953358214, 1e-06]}, "datetime": {"datetime": "2025-08-20 18:54:32", "elapsed": 25326.67782831192, "delta": 16.037607669830322}, "costs": {"total_cost": 172.225541146293, "time_cost": 70.48, "final_distance_cost": 1.8250878408711448, "oscillation_cost": 25.936609606624057, "completition_cost": 0.0, "overshoot_cost": 50.93334344002382, "power_cost": 11.731056762695314, "noise_cost": 11.319443496078653, "n_waypoints_completed": 9, "tot_waypoints": 9}}
{"target": -175.20069497838657, "params": {"k_pid_pos": [1.4051730561437143, 0.0, 0.7795431556131626], "k_pid_alt": [2.0, 0.0, 0.0], "k_pid_att": [85.23979334609021, 0.0001, 0.26978719894052733], "k_pid_yaw": [0.5, 1e-06, 0.1], "k_pid_hsp": [0.10060989838943779, 0.00018598885965180677, 0.0], "k_pid_vsp": [327.47508231410376, 400.0, 1e-06]}, "datetime": {"datetime": "2025-08-20 18:54:48", "elapsed": 25342.987647533417, "delta": 16.309819221496582}, "costs": {"total_cost": 175.20069497838657, "time_cost": 70.92, "final_distance_cost": 1.8354501116498154, "oscillation_cost": 27.739662103823505, "completition_cost": 0.0, "overshoot_cost": 51.08847396006854, "power_cost": 12.107918798828125, "noise_cost": 11.509190004016538, "n_waypoints_completed": 9, "tot_waypoints": 9}}
{"target": -172.7808161783371, "params": {"k_pid_pos": [1.4841083811656646, 0.0, 0.8556460277084293], "k_pid_alt": [1.9997647259708915, 0.0, 0.0], "k_pid_att": [25.178080777553753, 0.0001, 0.2858453956335991], "k_pid_yaw": [0.5, 1e-06, 0.1], "k_pid_hsp": [0.11411720578966504, 0.00010109918126827611, 0.0], "k_pid_vsp": [294.14027150923005, 369.52699272080827, 1e-06]}, "datetime": {"datetime": "2025-08-20 18:55:03", "elapsed": 25358.455395698547, "delta": 15.467748165130615}, "costs": {"total_cost": 172.7808161783371, "time_cost": 70.784, "final_distance_cost": 1.8330725670700885, "oscillation_cost": 25.440531557146038, "completition_cost": 0.0, "overshoot_cost": 51.14022185774563, "power_cost": 12.123463488769533, "noise_cost": 11.459526707605756, "n_waypoints_completed": 9, "tot_waypoints": 9}}
{"target": -171.78199434722112, "params": {"k_pid_pos": [1.3481268569654483, 0.0, 0.6683179053484298], "k_pid_alt": [1.8947774489043838, 0.0, 0.0], "k_pid_att": [27.403538631297973, 0.0001, 0.2402576392224432], "k_pid_yaw": [0.5, 1e-06, 0.1], "k_pid_hsp": [0.08856561922912982, 7.146514988499711e-05, 0.0], "k_pid_vsp": [231.73446946407464, 366.51527089896695, 1e-06]}, "datetime": {"datetime": "2025-08-20 18:55:19", "elapsed": 25374.554983139038, "delta": 16.099587440490723}, "costs": {"total_cost": 171.78199434722112, "time_cost": 70.496, "final_distance_cost": 1.814845051112301, "oscillation_cost": 25.515377703671113, "completition_cost": 0.0, "overshoot_cost": 51.10161789703444, "power_cost": 11.616256262207031, "noise_cost": 11.237897433196247, "n_waypoints_completed": 9, "tot_waypoints": 9}}
{"target": -172.60591622217441, "params": {"k_pid_pos": [1.3262467136698932, 0.0, 0.835220120832432], "k_pid_alt": [1.9998470629145773, 0.0, 0.0], "k_pid_att": [18.08582282897962, 0.0001, 0.309047299193069], "k_pid_yaw": [0.5, 1e-06, 0.1], "k_pid_hsp": [0.0962757552150289, 0.0, 0.0], "k_pid_vsp": [280.2027765854666, 269.0709616372282, 1e-06]}, "datetime": {"datetime": "2025-08-20 18:55:36", "elapsed": 25390.80821800232, "delta": 16.25323486328125}, "costs": {"total_cost": 172.60591622217441, "time_cost": 71.32000000000001, "final_distance_cost": 1.828907420475114, "oscillation_cost": 24.42171173123629, "completition_cost": 0.0, "overshoot_cost": 51.189147973803436, "power_cost": 12.223001293945313, "noise_cost": 11.623147802714252, "n_waypoints_completed": 9, "tot_waypoints": 9}}
{"target": -172.31563108964693, "params": {"k_pid_pos": [1.4831465325572457, 0.0, 0.7573049932999453], "k_pid_alt": [1.9996529739949052, 0.0, 0.0], "k_pid_att": [17.861060348470527, 0.0001, 0.23389347390844498], "k_pid_yaw": [0.5, 1e-06, 0.1], "k_pid_hsp": [0.1173722934328079, 0.00023351048725941959, 0.0], "k_pid_vsp": [195.40964559117225, 359.34380881885295, 1e-06]}, "datetime": {"datetime": "2025-08-20 18:55:51", "elapsed": 25406.030876159668, "delta": 15.222658157348633}, "costs": {"total_cost": 172.31563108964693, "time_cost": 70.47200000000001, "final_distance_cost": 1.8334014978621738, "oscillation_cost": 26.06080440051913, "completition_cost": 0.0, "overshoot_cost": 50.93740230187923, "power_cost": 11.740709667968751, "noise_cost": 11.271313221417609, "n_waypoints_completed": 9, "tot_waypoints": 9}}
{"target": -172.4193747843746, "params": {"k_pid_pos": [1.4133823727829058, 0.0, 0.7582413683340261], "k_pid_alt": [1.99998891253556, 0.0, 0.0], "k_pid_att": [23.963390225931, 0.0001, 0.23656224470573203], "k_pid_yaw": [0.5, 1e-06, 0.1], "k_pid_hsp": [0.10535467556219162, 6.841361008772778e-05, 0.0], "k_pid_vsp": [245.52291983059837, 296.71644296082206, 1e-06]}, "datetime": {"datetime": "2025-08-20 18:56:07", "elapsed": 25422.113007307053, "delta": 16.082131147384644}, "costs": {"total_cost": 172.4193747843746, "time_cost": 70.736, "final_distance_cost": 1.8341184156525947, "oscillation_cost": 25.244651644666003, "completition_cost": 0.0, "overshoot_cost": 51.39927946051783, "power_cost": 11.890261865234375, "noise_cost": 11.315063398303773, "n_waypoints_completed": 9, "tot_waypoints": 9}}
{"target": -172.84342337043174, "params": {"k_pid_pos": [1.4212528134670357, 0.0, 0.6451156486133329], "k_pid_alt": [2.0, 0.0, 0.0], "k_pid_att": [28.97433556466325, 0.0001, 0.24013352567576016], "k_pid_yaw": [0.5, 1e-06, 0.1], "k_pid_hsp": [0.11801204558023126, 4.004988102497703e-05, 0.0], "k_pid_vsp": [246.51349147619808, 397.74501363797197, 1e-06]}, "datetime": {"datetime": "2025-08-20 18:56:22", "elapsed": 25437.371490716934, "delta": 15.258483409881592}, "costs": {"total_cost": 172.84342337043174, "time_cost": 70.352, "final_distance_cost": 1.8294754926223984, "oscillation_cost": 26.055746539097523, "completition_cost": 0.0, "overshoot_cost": 51.32482376410227, "power_cost": 11.916461328125001, "noise_cost": 11.364916246484535, "n_waypoints_completed": 9, "tot_waypoints": 9}}
{"target": -172.39016238033196, "params": {"k_pid_pos": [1.3593156637768515, 0.0, 0.7523575250147466], "k_pid_alt": [1.9987754702162923, 0.0, 0.0], "k_pid_att": [18.056901837426594, 0.0001, 0.22820664626807513], "k_pid_yaw": [0.5, 1e-06, 0.1], "k_pid_hsp": [0.11632294591776583, 9.53544547556148e-05, 0.0], "k_pid_vsp": [245.57992889110218, 371.27110402187617, 1e-06]}, "datetime": {"datetime": "2025-08-20 18:56:38", "elapsed": 25453.377670526505, "delta": 16.006179809570312}, "costs": {"total_cost": 172.39016238033196, "time_cost": 70.816, "final_distance_cost": 1.837154616745083, "oscillation_cost": 25.35574931512537, "completition_cost": 0.0, "overshoot_cost": 51.06152614503213, "power_cost": 11.886928161621094, "noise_cost": 11.432804141808289, "n_waypoints_completed": 9, "tot_waypoints": 9}}
{"target": -172.0700700708759, "params": {"k_pid_pos": [1.3632015280219882, 0.0, 0.701230920787016], "k_pid_alt": [2.0, 0.0, 0.0], "k_pid_att": [22.19339252099723, 0.0001, 0.2995551456582805], "k_pid_yaw": [0.5, 1e-06, 0.1], "k_pid_hsp": [0.11869096781908278, 0.00011008042255318198, 0.0], "k_pid_vsp": [244.74651204777217, 365.18415574251736, 1e-06]}, "datetime": {"datetime": "2025-08-20 18:56:55", "elapsed": 25469.571290016174, "delta": 16.1936194896698}, "costs": {"total_cost": 172.0700700708759, "time_cost": 70.648, "final_distance_cost": 1.8422766155062027, "oscillation_cost": 25.443111511394473, "completition_cost": 0.0, "overshoot_cost": 50.74942340080429, "power_cost": 11.9567802734375, "noise_cost": 11.430478269733399, "n_waypoints_completed": 9, "tot_waypoints": 9}}
{"target": -172.6611463463026, "params": {"k_pid_pos": [1.2515131339950019, 0.0, 0.6935544182067346], "k_pid_alt": [1.9998353482925655, 0.0, 0.0], "k_pid_att": [28.806449302214908, 0.0001, 0.1921908499252542], "k_pid_yaw": [0.5, 1e-06, 0.1], "k_pid_hsp": [0.10744669725522706, 9.948688437636999e-05, 0.0], "k_pid_vsp": [218.42117201296364, 399.20123916740795, 1e-06]}, "datetime": {"datetime": "2025-08-20 18:57:10", "elapsed": 25485.05896091461, "delta": 15.4876708984375}, "costs": {"total_cost": 172.6611463463026, "time_cost": 71.024, "final_distance_cost": 1.820375453245021, "oscillation_cost": 24.928203291259667, "completition_cost": 0.0, "overshoot_cost": 51.410629923304505, "power_cost": 12.075935400390625, "noise_cost": 11.402002278102769, "n_waypoints_completed": 9, "tot_waypoints": 9}}
{"target": -172.51463879616665, "params": {"k_pid_pos": [1.4140344866071521, 0.0, 0.8590180179427214], "k_pid_alt": [1.9995098872440538, 0.0, 0.0], "k_pid_att": [24.94672548276934, 0.0001, 0.29129768679385826], "k_pid_yaw": [0.5, 1e-06, 0.1], "k_pid_hsp": [0.10812353480341484, 0.00011709745557306501, 0.0], "k_pid_vsp": [214.2031362240129, 360.92404353476854, 1e-06]}, "datetime": {"datetime": "2025-08-20 18:57:27", "elapsed": 25502.38663125038, "delta": 17.327670335769653}, "costs": {"total_cost": 172.51463879616665, "time_cost": 71.0, "final_distance_cost": 1.8277071016380537, "oscillation_cost": 25.137598133345197, "completition_cost": 0.0, "overshoot_cost": 51.1752194252967, "power_cost": 11.974909350585937, "noise_cost": 11.399204785300782, "n_waypoints_completed": 9, "tot_waypoints": 9}}
{"target": -171.54920774215336, "params": {"k_pid_pos": [1.3995777126251343, 0.0, 0.7840900948855721], "k_pid_alt": [1.999726875506515, 0.0, 0.0], "k_pid_att": [22.245798174474178, 0.0001, 0.2441352451989004], "k_pid_yaw": [0.5, 1e-06, 0.1], "k_pid_hsp": [0.10353974019315951, 0.0001208035015159694, 0.0], "k_pid_vsp": [226.25543545045352, 371.82332418329975, 1e-06]}, "datetime": {"datetime": "2025-08-20 18:57:43", "elapsed": 25517.823155879974, "delta": 15.436524629592896}, "costs": {"total_cost": 171.54920774215336, "time_cost": 70.784, "final_distance_cost": 1.8167776902731472, "oscillation_cost": 25.147912421456457, "completition_cost": 0.0, "overshoot_cost": 50.891629193439016, "power_cost": 11.654480639648439, "noise_cost": 11.254407797336306, "n_waypoints_completed": 9, "tot_waypoints": 9}}
{"target": -172.4974490450185, "params": {"k_pid_pos": [1.3450554985237972, 0.0, 0.7621484198991169], "k_pid_alt": [1.9999357436791385, 0.0, 0.0], "k_pid_att": [20.603423548501247, 0.0001, 0.2825712064722881], "k_pid_yaw": [0.5, 1e-06, 0.1], "k_pid_hsp": [0.1116533619654097, 3.3199430166805854e-05, 0.0], "k_pid_vsp": [238.01458279878727, 373.39503935234274, 1e-06]}, "datetime": {"datetime": "2025-08-20 18:57:59", "elapsed": 25534.4181497097, "delta": 16.594993829727173}, "costs": {"total_cost": 172.4974490450185, "time_cost": 70.92, "final_distance_cost": 1.8275340548801904, "oscillation_cost": 25.14059561282061, "completition_cost": 0.0, "overshoot_cost": 51.286867918656434, "power_cost": 11.898666967773439, "noise_cost": 11.423784490887822, "n_waypoints_completed": 9, "tot_waypoints": 9}}
{"target": -172.0896019547593, "params": {"k_pid_pos": [1.4014682698319583, 0.0, 0.7558089496638613], "k_pid_alt": [1.9996741587567664, 0.0, 0.0], "k_pid_att": [27.333498368046328, 0.0001, 0.28360186102787216], "k_pid_yaw": [0.5, 1e-06, 0.1], "k_pid_hsp": [0.10403755216835825, 0.00011551475853991817, 0.0], "k_pid_vsp": [237.8094840329724, 334.8848555963501, 1e-06]}, "datetime": {"datetime": "2025-08-20 18:58:16", "elapsed": 25550.795659303665, "delta": 16.377509593963623}, "costs": {"total_cost": 172.0896019547593, "time_cost": 70.712, "final_distance_cost": 1.8221650576838557, "oscillation_cost": 25.269065917331417, "completition_cost": 0.0, "overshoot_cost": 51.33034782789608, "power_cost": 11.676858032226564, "noise_cost": 11.279165119621394, "n_waypoints_completed": 9, "tot_waypoints": 9}}
{"target": -176.1940094869328, "params": {"k_pid_pos": [1.4218348920909007, 0.0, 0.8279012185266713], "k_pid_alt": [1.999957887238892, 0.0, 0.0], "k_pid_att": [35.64228402920301, 0.0001, 0.0059458625636650275], "k_pid_yaw": [0.5, 1e-06, 0.1], "k_pid_hsp": [0.10019587090979694, 8.150193832555035e-05, 0.0], "k_pid_vsp": [257.9217761196568, 275.00373129826, 1e-06]}, "datetime": {"datetime": "2025-08-20 18:58:31", "elapsed": 25566.398133039474, "delta": 15.602473735809326}, "costs": {"total_cost": 176.1940094869328, "time_cost": 70.944, "final_distance_cost": 1.820679226267989, "oscillation_cost": 28.763571495536052, "completition_cost": 0.0, "overshoot_cost": 51.243402565545566, "power_cost": 11.987555126953126, "noise_cost": 11.434801072630043, "n_waypoints_completed": 9, "tot_waypoints": 9}}
{"target": -172.13770094649263, "params": {"k_pid_pos": [1.3820075554304392, 0.0, 0.7487539745766155], "k_pid_alt": [2.0, 0.0, 0.0], "k_pid_att": [23.5776027166838, 0.0001, 0.286805261449635], "k_pid_yaw": [0.5, 1e-06, 0.1], "k_pid_hsp": [0.09928393025477171, 4.5424378310953206e-05, 0.0], "k_pid_vsp": [222.0383741112489, 361.0800942831411, 1e-06]}, "datetime": {"datetime": "2025-08-20 18:58:48", "elapsed": 25582.58275961876, "delta": 16.184626579284668}, "costs": {"total_cost": 172.13770094649263, "time_cost": 70.744, "final_distance_cost": 1.821086857403655, "oscillation_cost": 25.16034485617667, "completition_cost": 0.0, "overshoot_cost": 50.955507110002294, "power_cost": 12.102420959472656, "noise_cost": 11.354341163437377, "n_waypoints_completed": 9, "tot_waypoints": 9}}
{"target": -171.02248092896954, "params": {"k_pid_pos": [1.362769286670968, 0.0, 0.6477838762403978], "k_pid_alt": [1.9998953759699167, 0.0, 0.0], "k_pid_att": [25.816757190005045, 0.0001, 0.32840720871727636], "k_pid_yaw": [0.5, 1e-06, 0.1], "k_pid_hsp": [0.0827125281610134, 5.6071260474349174e-05, 0.0], "k_pid_vsp": [220.80445914873792, 369.4783138560934, 1e-06]}, "datetime": {"datetime": "2025-08-20 18:59:03", "elapsed": 25597.804216623306, "delta": 15.22145700454712}, "costs": {"total_cost": 171.02248092896954, "time_cost": 70.608, "final_distance_cost": 1.8267036960099021, "oscillation_cost": 25.108276889775894, "completition_cost": 0.0, "overshoot_cost": 51.04658437653714, "power_cost": 11.318250366210938, "noise_cost": 11.114665600435684, "n_waypoints_completed": 9, "tot_waypoints": 9}}
{"target": -173.3976724192629, "params": {"k_pid_pos": [1.427594874377964, 0.0, 0.6642669886392462], "k_pid_alt": [1.9996702211941926, 0.0, 0.0], "k_pid_att": [26.629753761118106, 0.0001, 0.36490264673941974], "k_pid_yaw": [0.5, 1e-06, 0.1], "k_pid_hsp": [0.11214601076415734, 0.00024800294540218177, 0.0], "k_pid_vsp": [324.45969002050424, 344.61503546496533, 1e-06]}, "datetime": {"datetime": "2025-08-20 18:59:19", "elapsed": 25613.621487140656, "delta": 15.817270517349243}, "costs": {"total_cost": 173.3976724192629, "time_cost": 70.416, "final_distance_cost": 1.8278283021458848, "oscillation_cost": 25.718655553808684, "completition_cost": 0.0, "overshoot_cost": 51.71223373435084, "power_cost": 12.198602014160157, "noise_cost": 11.52435281479735, "n_waypoints_completed": 9, "tot_waypoints": 9}}
{"target": -174.7259110819908, "params": {"k_pid_pos": [1.369913551490531, 0.0, 0.7431478086688244], "k_pid_alt": [2.0, 0.0, 0.0], "k_pid_att": [16.71278857103128, 0.0001, 0.0], "k_pid_yaw": [0.5, 1e-06, 0.1], "k_pid_hsp": [0.10432447433954287, 0.00011923625999538146, 0.0], "k_pid_vsp": [233.67583777815207, 362.5163795247033, 1e-06]}, "datetime": {"datetime": "2025-08-20 18:59:35", "elapsed": 25629.90833926201, "delta": 16.28685212135315}, "costs": {"total_cost": 174.7259110819908, "time_cost": 70.736, "final_distance_cost": 1.8150362393344512, "oscillation_cost": 27.479599391017913, "completition_cost": 0.0, "overshoot_cost": 51.32859572936922, "power_cost": 12.025535986328126, "noise_cost": 11.34114373594111, "n_waypoints_completed": 9, "tot_waypoints": 9}}
{"target": -173.11137674977343, "params": {"k_pid_pos": [1.3826394183109079, 0.0, 0.6182958219811348], "k_pid_alt": [2.0, 0.0, 0.0], "k_pid_att": [23.676605372348227, 0.0001, 0.4674180682002056], "k_pid_yaw": [0.5, 1e-06, 0.1], "k_pid_hsp": [0.11082604060812654, 0.0002487944106481775, 0.0], "k_pid_vsp": [189.30731603676247, 352.9856102625355, 1e-06]}, "datetime": {"datetime": "2025-08-20 18:59:51", "elapsed": 25646.34877181053, "delta": 16.44043254852295}, "costs": {"total_cost": 173.11137674977343, "time_cost": 70.384, "final_distance_cost": 1.8340446221857718, "oscillation_cost": 26.029254412046896, "completition_cost": 0.0, "overshoot_cost": 51.004329100578346, "power_cost": 12.32360233154297, "noise_cost": 11.536146283419434, "n_waypoints_completed": 9, "tot_waypoints": 9}}
{"target": -171.9655979469619, "params": {"k_pid_pos": [1.350212854747681, 0.0, 0.6836498110021472], "k_pid_alt": [1.9996365030528918, 0.0, 0.0], "k_pid_att": [18.976507890941015, 0.0001, 0.2673721996333548], "k_pid_yaw": [0.5, 1e-06, 0.1], "k_pid_hsp": [0.10763263730792066, 2.5929662155994967e-05, 0.0], "k_pid_vsp": [221.62372216065484, 363.18754774071937, 1e-06]}, "datetime": {"datetime": "2025-08-20 19:00:08", "elapsed": 25662.675908088684, "delta": 16.327136278152466}, "costs": {"total_cost": 171.9655979469619, "time_cost": 70.616, "final_distance_cost": 1.8367494389499421, "oscillation_cost": 25.455087202744988, "completition_cost": 0.0, "overshoot_cost": 50.740089400838144, "power_cost": 11.873255102539064, "noise_cost": 11.444416801889762, "n_waypoints_completed": 9, "tot_waypoints": 9}}
{"target": -172.4878000747596, "params": {"k_pid_pos": [1.374889189114077, 0.0, 0.7727259609633812], "k_pid_alt": [2.0, 0.0, 0.0], "k_pid_att": [18.365758260439637, 0.0001, 0.2804359055063017], "k_pid_yaw": [0.5, 1e-06, 0.1], "k_pid_hsp": [0.1051016806916394, 0.00018285496962065678, 0.0], "k_pid_vsp": [235.9259144180639, 391.1321720061719, 1e-06]}, "datetime": {"datetime": "2025-08-20 19:00:23", "elapsed": 25677.952199459076, "delta": 15.276291370391846}, "costs": {"total_cost": 172.4878000747596, "time_cost": 70.808, "final_distance_cost": 1.8306992338947858, "oscillation_cost": 25.073637963906204, "completition_cost": 0.0, "overshoot_cost": 50.95653718250287, "power_cost": 12.234345556640626, "noise_cost": 11.584580137815113, "n_waypoints_completed": 9, "tot_waypoints": 9}}
{"target": -174.07823634535652, "params": {"k_pid_pos": [1.3250512279964246, 0.0, 1.0], "k_pid_alt": [2.0, 0.0, 0.0], "k_pid_att": [24.106876595685065, 0.0001, 0.2937369227141244], "k_pid_yaw": [0.5, 1e-06, 0.1], "k_pid_hsp": [0.10718227011824952, 0.00014348624713685893, 0.0], "k_pid_vsp": [232.7471795425828, 400.0, 1e-06]}, "datetime": {"datetime": "2025-08-20 19:00:40", "elapsed": 25694.75553226471, "delta": 16.803332805633545}, "costs": {"total_cost": 174.07823634535652, "time_cost": 72.24, "final_distance_cost": 1.8465777736542337, "oscillation_cost": 24.938994828681373, "completition_cost": 0.0, "overshoot_cost": 51.159898925575774, "power_cost": 12.058903027343751, "noise_cost": 11.83386179010139, "n_waypoints_completed": 9, "tot_waypoints": 9}}
