{"target": -173.20004473805898, "params": {"k_pid_pos": [1.1688816392668102, 0.0, 0.7143206274844938], "k_pid_alt": [1.9998335903192361, 0.0, 0.0], "k_pid_att": [25.768146321580154, 0.0001, 0.3128110883990907], "k_pid_yaw": [0.5, 1e-06, 0.1], "k_pid_hsp": [0.08869238238925264, 0.0001448155335782972, 0.0], "k_pid_vsp": [251.79824262288685, 374.18124493770136, 1e-06]}, "datetime": {"datetime": "2025-08-20 21:57:39", "elapsed": 36314.4139084816, "delta": 18.49414086341858}, "costs": {"total_cost": 173.20004473805898, "time_cost": 71.504, "final_distance_cost": 1.8304788604697304, "oscillation_cost": 24.279751821157813, "completition_cost": 0.0, "overshoot_cost": 51.662945614705, "power_cost": 12.308137475585939, "noise_cost": 11.614730966140488, "n_waypoints_completed": 9, "tot_waypoints": 9}}
{"target": -171.99383210310737, "params": {"k_pid_pos": [1.3260667215611321, 0.0, 0.657159205393096], "k_pid_alt": [1.999879018491155, 0.0, 0.0], "k_pid_att": [17.838880884488912, 0.0001, 0.32313874482955646], "k_pid_yaw": [0.5, 1e-06, 0.1], "k_pid_hsp": [0.0960606916508832, 3.285485604559608e-05, 0.0], "k_pid_vsp": [249.5503284954826, 397.42514784043414, 1e-06]}, "datetime": {"datetime": "2025-08-20 21:57:55", "elapsed": 36329.5789372921, "delta": 15.165028810501099}, "costs": {"total_cost": 171.99383210310737, "time_cost": 70.592, "final_distance_cost": 1.8060506534407055, "oscillation_cost": 25.202177765305525, "completition_cost": 0.0, "overshoot_cost": 51.32219687739595, "power_cost": 11.676136853027344, "noise_cost": 11.395269953937836, "n_waypoints_completed": 9, "tot_waypoints": 9}}
{"target": -171.37777962103831, "params": {"k_pid_pos": [1.3272740815718242, 0.0, 0.6770813992293027], "k_pid_alt": [1.9998626169763145, 0.0, 0.0], "k_pid_att": [34.335551720913976, 0.0001, 0.3119554932754588], "k_pid_yaw": [0.5, 1e-06, 0.1], "k_pid_hsp": [0.09314906705061023, 5.3591971066380446e-05, 0.0], "k_pid_vsp": [251.60476671121876, 398.4486208603535, 1e-06]}, "datetime": {"datetime": "2025-08-20 21:58:12", "elapsed": 36346.93211889267, "delta": 17.35318160057068}, "costs": {"total_cost": 171.37777962103831, "time_cost": 70.712, "final_distance_cost": 1.8181995943794402, "oscillation_cost": 24.9450370133423, "completition_cost": 0.0, "overshoot_cost": 51.03557590493273, "power_cost": 11.661530383300782, "noise_cost": 11.205436725083064, "n_waypoints_completed": 9, "tot_waypoints": 9}}
{"target": -172.191842742928, "params": {"k_pid_pos": [1.3428791294403253, 0.0, 0.6431790442785469], "k_pid_alt": [1.9998896241737931, 0.0, 0.0], "k_pid_att": [27.612532035922303, 0.0001, 0.29601398423176384], "k_pid_yaw": [0.5, 1e-06, 0.1], "k_pid_hsp": [0.0928332970403976, 7.750321497369516e-05, 0.0], "k_pid_vsp": [278.99817111146285, 395.22999104642736, 1e-06]}, "datetime": {"datetime": "2025-08-20 21:58:27", "elapsed": 36362.01397061348, "delta": 15.081851720809937}, "costs": {"total_cost": 172.191842742928, "time_cost": 70.552, "final_distance_cost": 1.829581139297519, "oscillation_cost": 25.252872369598137, "completition_cost": 0.0, "overshoot_cost": 51.342715859058515, "power_cost": 11.896873095703125, "noise_cost": 11.317800279270724, "n_waypoints_completed": 9, "tot_waypoints": 9}}
{"target": -172.11361705910306, "params": {"k_pid_pos": [1.3834221571371685, 0.0, 0.6292693865548237], "k_pid_alt": [1.9998937306428708, 0.0, 0.0], "k_pid_att": [31.23650315123584, 0.0001, 0.33738575665304166], "k_pid_yaw": [0.5, 1e-06, 0.1], "k_pid_hsp": [0.08855031787821549, 6.863963768051266e-05, 0.0], "k_pid_vsp": [252.4776439186508, 394.12555846785983, 1e-06]}, "datetime": {"datetime": "2025-08-20 21:58:44", "elapsed": 36378.8405046463, "delta": 16.826534032821655}, "costs": {"total_cost": 172.11361705910306, "time_cost": 70.47200000000001, "final_distance_cost": 1.8240559004426433, "oscillation_cost": 25.342730055989527, "completition_cost": 0.0, "overshoot_cost": 51.816974894511716, "power_cost": 11.521858447265625, "noise_cost": 11.135997760893563, "n_waypoints_completed": 9, "tot_waypoints": 9}}
{"target": -171.97266080963072, "params": {"k_pid_pos": [1.3982774453957156, 0.0, 0.63859681864671], "k_pid_alt": [1.9998804167801334, 0.0, 0.0], "k_pid_att": [28.128676782741753, 0.0001, 0.3427946381965314], "k_pid_yaw": [0.5, 1e-06, 0.1], "k_pid_hsp": [0.09541950153075753, 6.42780045477052e-05, 0.0], "k_pid_vsp": [227.75637298388247, 380.0164304376257, 1e-06]}, "datetime": {"datetime": "2025-08-20 21:58:59", "elapsed": 36394.26213860512, "delta": 15.421633958816528}, "costs": {"total_cost": 171.97266080963072, "time_cost": 70.4, "final_distance_cost": 1.8241762204178493, "oscillation_cost": 25.69865480483697, "completition_cost": 0.0, "overshoot_cost": 51.25704307529571, "power_cost": 11.623336462402344, "noise_cost": 11.169450246677842, "n_waypoints_completed": 9, "tot_waypoints": 9}}
{"target": -172.10000326285052, "params": {"k_pid_pos": [1.3131675233326587, 0.0, 0.6191158975230421], "k_pid_alt": [1.999927607399331, 0.0, 0.0], "k_pid_att": [25.944838507234824, 0.0001, 0.32479455340677055], "k_pid_yaw": [0.5, 1e-06, 0.1], "k_pid_hsp": [0.09043068837072886, 7.170892905079819e-05, 0.0], "k_pid_vsp": [250.38536341130163, 394.1785831709952, 1e-06]}, "datetime": {"datetime": "2025-08-20 21:59:17", "elapsed": 36412.43229794502, "delta": 18.170159339904785}, "costs": {"total_cost": 172.10000326285052, "time_cost": 70.584, "final_distance_cost": 1.8276733640827312, "oscillation_cost": 25.176498427644894, "completition_cost": 0.0, "overshoot_cost": 51.557504062136935, "power_cost": 11.621247607421875, "noise_cost": 11.333079801564077, "n_waypoints_completed": 9, "tot_waypoints": 9}}
{"target": -173.0447395568253, "params": {"k_pid_pos": [1.497810909969765, 0.0, 0.6403388500377023], "k_pid_alt": [1.8705395470858075, 0.0, 0.0], "k_pid_att": [25.810025613574766, 0.0001, 0.1615082126869654], "k_pid_yaw": [0.5, 1e-06, 0.1], "k_pid_hsp": [0.09913935764866037, 0.00011531828233274526, 0.0], "k_pid_vsp": [243.93342248438753, 363.32582756174287, 1e-06]}, "datetime": {"datetime": "2025-08-20 21:59:32", "elapsed": 36427.51153612137, "delta": 15.079238176345825}, "costs": {"total_cost": 173.0447395568253, "time_cost": 70.016, "final_distance_cost": 1.795283330883293, "oscillation_cost": 26.73297342432135, "completition_cost": 0.0, "overshoot_cost": 51.26942445062285, "power_cost": 11.952612121582032, "noise_cost": 11.278446229415772, "n_waypoints_completed": 9, "tot_waypoints": 9}}
{"target": -171.91575794006462, "params": {"k_pid_pos": [1.3122413068467007, 0.0, 0.6394398083377091], "k_pid_alt": [1.9998654951059296, 0.0, 0.0], "k_pid_att": [22.6789065606539, 0.0001, 0.3202501558096023], "k_pid_yaw": [0.5, 1e-06, 0.1], "k_pid_hsp": [0.1014329717422432, 7.618671397432411e-05, 0.0], "k_pid_vsp": [251.570692327705, 386.8140466335571, 1e-06]}, "datetime": {"datetime": "2025-08-20 21:59:49", "elapsed": 36444.287892341614, "delta": 16.77635622024536}, "costs": {"total_cost": 171.91575794006462, "time_cost": 70.608, "final_distance_cost": 1.816741307979419, "oscillation_cost": 25.295135955688412, "completition_cost": 0.0, "overshoot_cost": 51.17763958427121, "power_cost": 11.758266760253907, "noise_cost": 11.259974331871653, "n_waypoints_completed": 9, "tot_waypoints": 9}}
{"target": -172.60920287667128, "params": {"k_pid_pos": [1.3269956969017063, 0.0, 0.7214953614260052], "k_pid_alt": [1.9997758875971163, 0.0, 0.0], "k_pid_att": [19.35822723090692, 0.0001, 0.313336387407703], "k_pid_yaw": [0.5, 1e-06, 0.1], "k_pid_hsp": [0.08983308414439059, 0.00010235182805362894, 0.0], "k_pid_vsp": [252.79999150282876, 388.74493567761584, 1e-06]}, "datetime": {"datetime": "2025-08-20 22:00:05", "elapsed": 36459.83254170418, "delta": 15.544649362564087}, "costs": {"total_cost": 172.60920287667128, "time_cost": 70.808, "final_distance_cost": 1.8284690402039971, "oscillation_cost": 24.829006092490303, "completition_cost": 0.0, "overshoot_cost": 51.662426063391536, "power_cost": 11.971039892578126, "noise_cost": 11.510261788007321, "n_waypoints_completed": 9, "tot_waypoints": 9}}
{"target": -172.68066537979894, "params": {"k_pid_pos": [1.2584599088617041, 0.0, 0.6550162955555442], "k_pid_alt": [1.9998928188769773, 0.0, 0.0], "k_pid_att": [24.421291946027402, 0.0001, 0.3179876563733238], "k_pid_yaw": [0.5, 1e-06, 0.1], "k_pid_hsp": [0.09441396372239899, 6.562613216058242e-05, 0.0], "k_pid_vsp": [249.79434359344523, 395.17989520131033, 1e-06]}, "datetime": {"datetime": "2025-08-20 22:00:22", "elapsed": 36476.62861800194, "delta": 16.79607629776001}, "costs": {"total_cost": 172.68066537979894, "time_cost": 70.848, "final_distance_cost": 1.8272084949153595, "oscillation_cost": 25.063927827963017, "completition_cost": 0.0, "overshoot_cost": 51.68020953112737, "power_cost": 11.874497705078126, "noise_cost": 11.386821820715099, "n_waypoints_completed": 9, "tot_waypoints": 9}}
{"target": -171.2557804262852, "params": {"k_pid_pos": [1.2979743037491933, 0.0, 0.6189863063356034], "k_pid_alt": [2.0, 0.0, 0.0], "k_pid_att": [26.39567545698849, 0.0001, 0.3200497985675272], "k_pid_yaw": [0.5, 1e-06, 0.1], "k_pid_hsp": [0.1067808509014445, 6.079735264560989e-05, 0.0], "k_pid_vsp": [233.63161582139722, 384.2276870721919, 1e-06]}, "datetime": {"datetime": "2025-08-20 22:00:37", "elapsed": 36491.84172868729, "delta": 15.21311068534851}, "costs": {"total_cost": 171.2557804262852, "time_cost": 70.616, "final_distance_cost": 1.819012406536278, "oscillation_cost": 25.362382708778856, "completition_cost": 0.0, "overshoot_cost": 50.828457048138745, "power_cost": 11.482942956542969, "noise_cost": 11.146985306288379, "n_waypoints_completed": 9, "tot_waypoints": 9}}
{"target": -172.60674914415418, "params": {"k_pid_pos": [1.300417454897761, 0.0, 0.7869506756877771], "k_pid_alt": [1.999843514461977, 0.0, 0.0], "k_pid_att": [27.146710438435697, 0.0001, 0.4995588287041545], "k_pid_yaw": [0.5, 1e-06, 0.1], "k_pid_hsp": [0.11430117462053546, 0.0, 0.0], "k_pid_vsp": [248.68888004443664, 392.9783763829552, 1e-06]}, "datetime": {"datetime": "2025-08-20 22:00:54", "elapsed": 36509.54717063904, "delta": 17.70544195175171}, "costs": {"total_cost": 172.60674914415418, "time_cost": 71.19200000000001, "final_distance_cost": 1.8293256166220822, "oscillation_cost": 24.870040544919267, "completition_cost": 0.0, "overshoot_cost": 50.998619960067444, "power_cost": 12.100809008789064, "noise_cost": 11.61595401375631, "n_waypoints_completed": 9, "tot_waypoints": 9}}
{"target": -172.28976617885996, "params": {"k_pid_pos": [1.370320818290265, 0.0, 0.4859038426601293], "k_pid_alt": [1.9999598731414214, 0.0, 0.0], "k_pid_att": [26.62185040555559, 0.0001, 0.38073399667166996], "k_pid_yaw": [0.5, 1e-06, 0.1], "k_pid_hsp": [0.12202911269296143, 9.355834660078376e-05, 0.0], "k_pid_vsp": [246.9602301303286, 253.03019355517637, 1e-06]}, "datetime": {"datetime": "2025-08-20 22:01:10", "elapsed": 36524.837515592575, "delta": 15.290344953536987}, "costs": {"total_cost": 172.28976617885996, "time_cost": 70.168, "final_distance_cost": 1.832523665090728, "oscillation_cost": 26.374117389673795, "completition_cost": 0.0, "overshoot_cost": 50.67024593286408, "power_cost": 11.998857482910157, "noise_cost": 11.246021708321207, "n_waypoints_completed": 9, "tot_waypoints": 9}}
{"target": -171.97785966138656, "params": {"k_pid_pos": [1.3030476891384453, 0.0, 0.5972872568256761], "k_pid_alt": [1.9999039767923197, 0.0, 0.0], "k_pid_att": [34.25494043427716, 0.0001, 0.4158996279296835], "k_pid_yaw": [0.5, 1e-06, 0.1], "k_pid_hsp": [0.10654700067107861, 5.7793596841426644e-05, 0.0], "k_pid_vsp": [249.68327082391426, 393.9212319425727, 1e-06]}, "datetime": {"datetime": "2025-08-20 22:01:27", "elapsed": 36541.708976984024, "delta": 16.871461391448975}, "costs": {"total_cost": 171.97785966138656, "time_cost": 70.544, "final_distance_cost": 1.8293634288135596, "oscillation_cost": 25.416153139223454, "completition_cost": 0.0, "overshoot_cost": 50.86242317796806, "power_cost": 11.965753259277344, "noise_cost": 11.360166656104168, "n_waypoints_completed": 9, "tot_waypoints": 9}}
{"target": -172.54777464819463, "params": {"k_pid_pos": [1.4401557992025353, 0.0, 0.6159369592090329], "k_pid_alt": [1.9999810568271912, 0.0, 0.0], "k_pid_att": [35.915354141481416, 0.0001, 0.2126910636027852], "k_pid_yaw": [0.5, 1e-06, 0.1], "k_pid_hsp": [0.1054169052621722, 0.0, 0.0], "k_pid_vsp": [260.03646125430316, 298.75508684982094, 1e-06]}, "datetime": {"datetime": "2025-08-20 22:01:43", "elapsed": 36557.792256355286, "delta": 16.083279371261597}, "costs": {"total_cost": 172.54777464819463, "time_cost": 70.304, "final_distance_cost": 1.8240622657829055, "oscillation_cost": 25.90086487497452, "completition_cost": 0.0, "overshoot_cost": 51.53482547952021, "power_cost": 11.856503393554688, "noise_cost": 11.127518634362321, "n_waypoints_completed": 9, "tot_waypoints": 9}}
{"target": -171.40862221583922, "params": {"k_pid_pos": [1.3991238029219475, 0.0, 0.703450428217528], "k_pid_alt": [1.9996981226909838, 0.0, 0.0], "k_pid_att": [27.798026545348286, 0.0001, 0.2636281346598933], "k_pid_yaw": [0.5, 1e-06, 0.1], "k_pid_hsp": [0.08587665826856597, 0.00018202076326986243, 0.0], "k_pid_vsp": [246.93849987684158, 398.19221600318673, 1e-06]}, "datetime": {"datetime": "2025-08-20 22:01:59", "elapsed": 36573.65024352074, "delta": 15.85798716545105}, "costs": {"total_cost": 171.40862221583922, "time_cost": 70.584, "final_distance_cost": 1.824012804499198, "oscillation_cost": 25.480030434928675, "completition_cost": 0.0, "overshoot_cost": 50.977713091419574, "power_cost": 11.376485949707032, "noise_cost": 11.166379935284745, "n_waypoints_completed": 9, "tot_waypoints": 9}}
{"target": -172.59175241787693, "params": {"k_pid_pos": [1.3931546790222573, 0.0, 0.6718802766935456], "k_pid_alt": [1.999920029085569, 0.0, 0.0], "k_pid_att": [30.683864244553533, 0.0001, 0.34621479619867], "k_pid_yaw": [0.5, 1e-06, 0.1], "k_pid_hsp": [0.10194839555477064, 6.436171565639899e-05, 0.0], "k_pid_vsp": [242.20448260918585, 396.270049525548, 1e-06]}, "datetime": {"datetime": "2025-08-20 22:02:16", "elapsed": 36591.44523525238, "delta": 17.794991731643677}, "costs": {"total_cost": 172.59175241787693, "time_cost": 70.496, "final_distance_cost": 1.8099468355518207, "oscillation_cost": 25.621612380503905, "completition_cost": 0.0, "overshoot_cost": 51.36903873338547, "power_cost": 11.970373791503906, "noise_cost": 11.324780676931816, "n_waypoints_completed": 9, "tot_waypoints": 9}}
{"target": -171.9364229359586, "params": {"k_pid_pos": [1.363739901589727, 0.0, 0.6992844119200553], "k_pid_alt": [1.9999540144097454, 0.0, 0.0], "k_pid_att": [30.8461503963718, 0.0001, 0.3189076810332214], "k_pid_yaw": [0.5, 1e-06, 0.1], "k_pid_hsp": [0.11130035048943074, 9.093381289313646e-05, 0.0], "k_pid_vsp": [248.23003647831902, 393.44511510425883, 1e-06]}, "datetime": {"datetime": "2025-08-20 22:02:33", "elapsed": 36608.50352144241, "delta": 17.05828619003296}, "costs": {"total_cost": 171.9364229359586, "time_cost": 70.648, "final_distance_cost": 1.8228885875091958, "oscillation_cost": 25.41959915144545, "completition_cost": 0.0, "overshoot_cost": 50.930376844400875, "power_cost": 11.755805725097657, "noise_cost": 11.359752627505443, "n_waypoints_completed": 9, "tot_waypoints": 9}}
{"target": -173.90157753031096, "params": {"k_pid_pos": [1.668390856412857, 0.0, 0.6520812223719312], "k_pid_alt": [1.9999282154602038, 0.0, 0.0], "k_pid_att": [18.75311248544375, 0.0001, 0.28574322782254996], "k_pid_yaw": [0.5, 1e-06, 0.1], "k_pid_hsp": [0.09013051762931445, 0.0, 0.0], "k_pid_vsp": [269.4020938976348, 305.67389315863556, 1e-06]}, "datetime": {"datetime": "2025-08-20 22:02:49", "elapsed": 36623.75189137459, "delta": 15.248369932174683}, "costs": {"total_cost": 173.90157753031096, "time_cost": 70.048, "final_distance_cost": 1.814519432118369, "oscillation_cost": 27.012579441055596, "completition_cost": 0.0, "overshoot_cost": 51.87386568474724, "power_cost": 11.971606188964845, "noise_cost": 11.181006783424909, "n_waypoints_completed": 9, "tot_waypoints": 9}}
{"target": -171.5742067274126, "params": {"k_pid_pos": [1.3149859178714463, 0.0, 0.6263955367753928], "k_pid_alt": [1.9998862804831954, 0.0, 0.0], "k_pid_att": [26.372977440692797, 0.0001, 0.31968295737781655], "k_pid_yaw": [0.5, 1e-06, 0.1], "k_pid_hsp": [0.08982634387087636, 6.268610463791269e-05, 0.0], "k_pid_vsp": [249.87147419759435, 394.56134253335995, 1e-06]}, "datetime": {"datetime": "2025-08-20 22:03:08", "elapsed": 36642.593014240265, "delta": 18.84112286567688}, "costs": {"total_cost": 171.5742067274126, "time_cost": 70.592, "final_distance_cost": 1.8038403394905755, "oscillation_cost": 25.082739628410383, "completition_cost": 0.0, "overshoot_cost": 51.35052528962823, "power_cost": 11.487303344726563, "noise_cost": 11.257798125156823, "n_waypoints_completed": 9, "tot_waypoints": 9}}
{"target": -172.4344870866628, "params": {"k_pid_pos": [1.4433615458071003, 0.0, 0.9130771985284176], "k_pid_alt": [1.862955425014071, 0.0, 0.0], "k_pid_att": [28.10952361435555, 0.0001, 0.3228614536652367], "k_pid_yaw": [0.5, 1e-06, 0.1], "k_pid_hsp": [0.0901109934432564, 6.801677618894612e-05, 0.0], "k_pid_vsp": [253.7653211506255, 334.6965973589231, 1e-06]}, "datetime": {"datetime": "2025-08-20 22:03:23", "elapsed": 36657.62560582161, "delta": 15.032591581344604}, "costs": {"total_cost": 172.4344870866628, "time_cost": 70.88, "final_distance_cost": 1.8178814200025761, "oscillation_cost": 24.943741514834255, "completition_cost": 0.0, "overshoot_cost": 51.18022680681138, "power_cost": 12.050235632324219, "noise_cost": 11.562401712690388, "n_waypoints_completed": 9, "tot_waypoints": 9}}
{"target": -172.35099043947721, "params": {"k_pid_pos": [1.301805723454128, 0.0, 0.6611909746329124], "k_pid_alt": [1.9999481409947202, 0.0, 0.0], "k_pid_att": [17.991047727784682, 0.0001, 0.31771879930152946], "k_pid_yaw": [0.5, 1e-06, 0.1], "k_pid_hsp": [0.0825804289663613, 7.027466420161391e-05, 0.0], "k_pid_vsp": [219.04886426731218, 395.7736726122785, 1e-06]}, "datetime": {"datetime": "2025-08-20 22:03:39", "elapsed": 36674.438083171844, "delta": 16.812477350234985}, "costs": {"total_cost": 172.35099043947721, "time_cost": 70.768, "final_distance_cost": 1.8291355338365198, "oscillation_cost": 24.83637588282604, "completition_cost": 0.0, "overshoot_cost": 51.87218172181656, "power_cost": 11.85168231201172, "noise_cost": 11.193614988986381, "n_waypoints_completed": 9, "tot_waypoints": 9}}
{"target": -171.7988846894073, "params": {"k_pid_pos": [1.3629355695692977, 0.0, 0.5367300738801067], "k_pid_alt": [1.9999232861323744, 0.0, 0.0], "k_pid_att": [25.853753043314136, 0.0001, 0.31732499013764065], "k_pid_yaw": [0.5, 1e-06, 0.1], "k_pid_hsp": [0.09018814962931997, 0.00011040420983763454, 0.0], "k_pid_vsp": [235.11048808899682, 372.93284920041714, 1e-06]}, "datetime": {"datetime": "2025-08-20 22:03:55", "elapsed": 36689.624383449554, "delta": 15.186300277709961}, "costs": {"total_cost": 171.7988846894073, "time_cost": 70.336, "final_distance_cost": 1.8171221355629286, "oscillation_cost": 25.75378642084381, "completition_cost": 0.0, "overshoot_cost": 51.143237765466196, "power_cost": 11.577245080566406, "noise_cost": 11.171493286967944, "n_waypoints_completed": 9, "tot_waypoints": 9}}
{"target": -171.94921701296866, "params": {"k_pid_pos": [1.3162677047407345, 0.0, 0.6082368228875003], "k_pid_alt": [1.9998704359894248, 0.0, 0.0], "k_pid_att": [25.313073960816226, 0.0001, 0.35193975067989214], "k_pid_yaw": [0.5, 1e-06, 0.1], "k_pid_hsp": [0.08805173802093011, 3.329307647373069e-05, 0.0], "k_pid_vsp": [247.49052516515727, 367.56718521627664, 1e-06]}, "datetime": {"datetime": "2025-08-20 22:04:12", "elapsed": 36706.95972776413, "delta": 17.335344314575195}, "costs": {"total_cost": 171.94921701296866, "time_cost": 70.60000000000001, "final_distance_cost": 1.801516011060149, "oscillation_cost": 25.29101263945601, "completition_cost": 0.0, "overshoot_cost": 51.49964906039472, "power_cost": 11.562571301269532, "noise_cost": 11.194468000788246, "n_waypoints_completed": 9, "tot_waypoints": 9}}
{"target": -172.0940792520385, "params": {"k_pid_pos": [1.3020436343205661, 0.0, 0.6671406458280779], "k_pid_alt": [1.9999269373429869, 0.0, 0.0], "k_pid_att": [29.393308604983734, 0.0001, 0.13432610439620823], "k_pid_yaw": [0.5, 1e-06, 0.1], "k_pid_hsp": [0.09314105144225407, 6.150769997535366e-05, 0.0], "k_pid_vsp": [253.176917989315, 400.0, 1e-06]}, "datetime": {"datetime": "2025-08-20 22:04:28", "elapsed": 36722.67896389961, "delta": 15.719236135482788}, "costs": {"total_cost": 172.0940792520385, "time_cost": 70.744, "final_distance_cost": 1.833609876325451, "oscillation_cost": 25.361271813249523, "completition_cost": 0.0, "overshoot_cost": 51.20604544823556, "power_cost": 11.642001489257813, "noise_cost": 11.307150624970177, "n_waypoints_completed": 9, "tot_waypoints": 9}}
{"target": -172.52809798833593, "params": {"k_pid_pos": [1.3167160854760145, 0.0, 0.7958546956114109], "k_pid_alt": [2.0, 0.0, 0.0], "k_pid_att": [29.313814847255188, 0.0001, 0.43764658143707946], "k_pid_yaw": [0.5, 1e-06, 0.1], "k_pid_hsp": [0.09823183385648354, 9.190056073571013e-05, 0.0], "k_pid_vsp": [230.01368682921392, 394.50892462017504, 1e-06]}, "datetime": {"datetime": "2025-08-20 22:04:47", "elapsed": 36741.926634311676, "delta": 19.2476704120636}, "costs": {"total_cost": 172.52809798833593, "time_cost": 71.136, "final_distance_cost": 1.8303831358408023, "oscillation_cost": 24.775909209217534, "completition_cost": 0.0, "overshoot_cost": 51.25568349322712, "power_cost": 12.06189852294922, "noise_cost": 11.468223627101272, "n_waypoints_completed": 9, "tot_waypoints": 9}}
