{"target": -172.26025107684504, "params": {"k_pid_pos": [1.3160515977358571, 0.0, 0.6257966628969933], "k_pid_alt": [1.999895208686161, 0.0, 0.0], "k_pid_att": [24.140554582920075, 0.0001, 0.3078261922921922], "k_pid_yaw": [0.5, 1e-06, 0.1], "k_pid_hsp": [0.08299395305663931, 8.516424727375194e-05, 0.0], "k_pid_vsp": [263.1195179756463, 397.14946952151735, 1e-06]}, "datetime": {"datetime": "2025-08-20 21:50:19", "elapsed": 35873.850974559784, "delta": 15.55871295928955}, "costs": {"total_cost": 172.26025107684504, "time_cost": 70.672, "final_distance_cost": 1.8086051552648432, "oscillation_cost": 25.14627864748371, "completition_cost": 0.0, "overshoot_cost": 51.277338779116974, "power_cost": 11.995030688476563, "noise_cost": 11.360997806502946, "n_waypoints_completed": 9, "tot_waypoints": 9}}
{"target": -171.8637336566514, "params": {"k_pid_pos": [1.2737529481917365, 0.0, 0.5470999633580614], "k_pid_alt": [1.9998867564156404, 0.0, 0.0], "k_pid_att": [28.803326088692575, 0.0001, 0.3134462342237223], "k_pid_yaw": [0.5, 1e-06, 0.1], "k_pid_hsp": [0.0896010022264827, 6.857281644803766e-05, 0.0], "k_pid_vsp": [245.96566783624047, 393.96624932406115, 1e-06]}, "datetime": {"datetime": "2025-08-20 21:50:35", "elapsed": 35890.54918217659, "delta": 16.69820761680603}, "costs": {"total_cost": 171.8637336566514, "time_cost": 70.496, "final_distance_cost": 1.8211989404170477, "oscillation_cost": 25.325360646446466, "completition_cost": 0.0, "overshoot_cost": 51.2734266116947, "power_cost": 11.794305822753907, "noise_cost": 11.153441635339286, "n_waypoints_completed": 9, "tot_waypoints": 9}}
{"target": -173.47194346472986, "params": {"k_pid_pos": [1.2650253859367273, 0.0, 0.647992481441805], "k_pid_alt": [1.9998821776812732, 0.0, 0.0], "k_pid_att": [24.763331778343478, 0.0001, 0.3248570629481341], "k_pid_yaw": [0.5, 1e-06, 0.1], "k_pid_hsp": [0.08570654869148918, 5.7025051908575586e-05, 0.0], "k_pid_vsp": [209.64594115129418, 398.6360570593324, 1e-06]}, "datetime": {"datetime": "2025-08-20 21:50:51", "elapsed": 35905.91979622841, "delta": 15.370614051818848}, "costs": {"total_cost": 173.47194346472986, "time_cost": 70.848, "final_distance_cost": 1.8027453742925772, "oscillation_cost": 24.887223360566757, "completition_cost": 0.0, "overshoot_cost": 52.08298181108926, "power_cost": 12.325058837890625, "noise_cost": 11.525934080890636, "n_waypoints_completed": 9, "tot_waypoints": 9}}
{"target": -171.22091015613287, "params": {"k_pid_pos": [1.312810416891996, 0.0, 0.6414193872441026], "k_pid_alt": [1.9999113018215802, 0.0, 0.0], "k_pid_att": [26.217367213248163, 0.0001, 0.32739393454136595], "k_pid_yaw": [0.5, 1e-06, 0.1], "k_pid_hsp": [0.11352780077672803, 7.04387476218469e-05, 0.0], "k_pid_vsp": [251.420291525006, 392.4279128897239, 1e-06]}, "datetime": {"datetime": "2025-08-20 21:51:08", "elapsed": 35922.81340265274, "delta": 16.893606424331665}, "costs": {"total_cost": 171.22091015613287, "time_cost": 70.632, "final_distance_cost": 1.8357966965165384, "oscillation_cost": 25.31433267622546, "completition_cost": 0.0, "overshoot_cost": 50.68937692940981, "power_cost": 11.518388354492188, "noise_cost": 11.231015499488835, "n_waypoints_completed": 9, "tot_waypoints": 9}}
{"target": -173.20561091820545, "params": {"k_pid_pos": [1.4515002267218362, 0.0, 0.666323574561196], "k_pid_alt": [1.8796294940268625, 0.0, 0.0], "k_pid_att": [26.205864252599923, 0.0001, 0.26760209083634745], "k_pid_yaw": [0.5, 1e-06, 0.1], "k_pid_hsp": [0.10681134367973258, 0.00016915429018468309, 0.0], "k_pid_vsp": [220.91946436659748, 371.66125110743377, 1e-06]}, "datetime": {"datetime": "2025-08-20 21:51:23", "elapsed": 35937.94390654564, "delta": 15.13050389289856}, "costs": {"total_cost": 173.20561091820545, "time_cost": 70.152, "final_distance_cost": 1.810428322180099, "oscillation_cost": 26.357518180663135, "completition_cost": 0.0, "overshoot_cost": 51.5592398078497, "power_cost": 12.057585229492188, "noise_cost": 11.26883937802032, "n_waypoints_completed": 9, "tot_waypoints": 9}}
{"target": -172.25312056680679, "params": {"k_pid_pos": [1.3136526198783205, 0.0, 0.6277513179767167], "k_pid_alt": [1.9998874038429402, 0.0, 0.0], "k_pid_att": [23.798812879985025, 0.0001, 0.3112463644741403], "k_pid_yaw": [0.5, 1e-06, 0.1], "k_pid_hsp": [0.09149834208360619, 6.98020395366284e-05, 0.0], "k_pid_vsp": [254.98049968265997, 387.27955318390315, 1e-06]}, "datetime": {"datetime": "2025-08-20 21:51:39", "elapsed": 35954.43758678436, "delta": 16.493680238723755}, "costs": {"total_cost": 172.25312056680679, "time_cost": 70.584, "final_distance_cost": 1.8210748624032158, "oscillation_cost": 25.197695359766012, "completition_cost": 0.0, "overshoot_cost": 51.50077971850271, "power_cost": 11.832642443847657, "noise_cost": 11.3169281822872, "n_waypoints_completed": 9, "tot_waypoints": 9}}
{"target": -172.3895293247622, "params": {"k_pid_pos": [1.298113423090299, 0.0, 0.7179531613402341], "k_pid_alt": [2.0, 0.0, 0.0], "k_pid_att": [34.90282306265744, 0.0001, 0.3238986807717833], "k_pid_yaw": [0.5, 1e-06, 0.1], "k_pid_hsp": [0.10678107414303474, 7.756776560857176e-05, 0.0], "k_pid_vsp": [250.32447170061943, 400.0, 1e-06]}, "datetime": {"datetime": "2025-08-20 21:51:55", "elapsed": 35969.63562631607, "delta": 15.198039531707764}, "costs": {"total_cost": 172.3895293247622, "time_cost": 70.944, "final_distance_cost": 1.8220291865177733, "oscillation_cost": 25.06789962759241, "completition_cost": 0.0, "overshoot_cost": 51.03894473641093, "power_cost": 12.068126611328125, "noise_cost": 11.448529162912951, "n_waypoints_completed": 9, "tot_waypoints": 9}}
{"target": -172.09217652958776, "params": {"k_pid_pos": [1.3262984940071985, 0.0, 0.5775065469131901], "k_pid_alt": [1.9998859685879473, 0.0, 0.0], "k_pid_att": [26.918600126673752, 0.0001, 0.3108357334918144], "k_pid_yaw": [0.5, 1e-06, 0.1], "k_pid_hsp": [0.08626826752556346, 2.5731413036034284e-05, 0.0], "k_pid_vsp": [248.5261040671443, 398.5494053108154, 1e-06]}, "datetime": {"datetime": "2025-08-20 21:52:12", "elapsed": 35987.502912282944, "delta": 17.86728596687317}, "costs": {"total_cost": 172.09217652958776, "time_cost": 70.496, "final_distance_cost": 1.810178545228148, "oscillation_cost": 25.4231448573292, "completition_cost": 0.0, "overshoot_cost": 51.357159556009435, "power_cost": 11.80121669921875, "noise_cost": 11.204476871802228, "n_waypoints_completed": 9, "tot_waypoints": 9}}
{"target": -171.43424150607268, "params": {"k_pid_pos": [1.3501229055672128, 0.0, 0.6177607959121686], "k_pid_alt": [2.0, 0.0, 0.0], "k_pid_att": [26.502673537964863, 0.0001, 0.31996761713929167], "k_pid_yaw": [0.5, 1e-06, 0.1], "k_pid_hsp": [0.1087022046348758, 5.499491075051651e-05, 0.0], "k_pid_vsp": [226.95920586635688, 374.4409898705097, 1e-06]}, "datetime": {"datetime": "2025-08-20 21:52:27", "elapsed": 36002.40402150154, "delta": 14.901109218597412}, "costs": {"total_cost": 171.43424150607268, "time_cost": 70.48, "final_distance_cost": 1.8160033123397343, "oscillation_cost": 25.641517940907985, "completition_cost": 0.0, "overshoot_cost": 50.548710369382505, "power_cost": 11.702181701660157, "noise_cost": 11.2458281817823, "n_waypoints_completed": 9, "tot_waypoints": 9}}
{"target": -172.20034607648128, "params": {"k_pid_pos": [1.2901795624833894, 0.0, 0.8160883186649702], "k_pid_alt": [1.9999013734202118, 0.0, 0.0], "k_pid_att": [30.351945294931067, 0.0001, 0.5628576015325196], "k_pid_yaw": [0.5, 1e-06, 0.1], "k_pid_hsp": [0.10607119005230001, 7.196847130171335e-05, 0.0], "k_pid_vsp": [247.3302785116269, 395.35472057865894, 1e-06]}, "datetime": {"datetime": "2025-08-20 21:52:45", "elapsed": 36020.39806389809, "delta": 17.99404239654541}, "costs": {"total_cost": 172.20034607648128, "time_cost": 71.36, "final_distance_cost": 1.8321801336580534, "oscillation_cost": 24.624228437055223, "completition_cost": 0.0, "overshoot_cost": 51.11356834614369, "power_cost": 11.722564086914064, "noise_cost": 11.547805072710242, "n_waypoints_completed": 9, "tot_waypoints": 9}}
{"target": -176.15744503191905, "params": {"k_pid_pos": [1.18017584903192, 0.0, 1.0], "k_pid_alt": [1.9999444860265339, 0.0, 0.0], "k_pid_att": [34.04499956063758, 0.0001, 0.2203768920007649], "k_pid_yaw": [0.5, 1e-06, 0.1], "k_pid_hsp": [0.10107002561389464, 0.0038932678467686554, 0.0], "k_pid_vsp": [259.58476613605785, 348.27789981147, 1e-06]}, "datetime": {"datetime": "2025-08-20 21:53:02", "elapsed": 36036.626529455185, "delta": 16.22846555709839}, "costs": {"total_cost": 176.15744503191905, "time_cost": 73.592, "final_distance_cost": 1.84107624622103, "oscillation_cost": 24.930544984736386, "completition_cost": 0.0, "overshoot_cost": 50.99525857027735, "power_cost": 12.59864666748047, "noise_cost": 12.199918563203834, "n_waypoints_completed": 9, "tot_waypoints": 9}}
{"target": -171.5750309126339, "params": {"k_pid_pos": [1.3095215633865889, 0.0, 0.6087504666853122], "k_pid_alt": [1.9998930717970633, 0.0, 0.0], "k_pid_att": [35.2188669555647, 0.0001, 0.3321206747864436], "k_pid_yaw": [0.5, 1e-06, 0.1], "k_pid_hsp": [0.11536162173441972, 4.627238252518976e-05, 0.0], "k_pid_vsp": [256.4759984470903, 394.22395038846395, 1e-06]}, "datetime": {"datetime": "2025-08-20 21:53:18", "elapsed": 36053.136417388916, "delta": 16.50988793373108}, "costs": {"total_cost": 171.5750309126339, "time_cost": 70.544, "final_distance_cost": 1.8378288905866065, "oscillation_cost": 25.30233078251971, "completition_cost": 0.0, "overshoot_cost": 50.65875380135729, "power_cost": 11.882445642089845, "noise_cost": 11.349671796080468, "n_waypoints_completed": 9, "tot_waypoints": 9}}
{"target": -172.27235857964664, "params": {"k_pid_pos": [1.3890016643618968, 0.0, 0.7770002101401614], "k_pid_alt": [1.9999384786348837, 0.0, 0.0], "k_pid_att": [35.188637042504766, 0.0001, 0.38254824692214856], "k_pid_yaw": [0.5, 1e-06, 0.1], "k_pid_hsp": [0.11408261213590748, 0.0, 0.0], "k_pid_vsp": [249.41447376816433, 318.2977083568832, 1e-06]}, "datetime": {"datetime": "2025-08-20 21:53:33", "elapsed": 36068.456248283386, "delta": 15.319830894470215}, "costs": {"total_cost": 172.27235857964664, "time_cost": 70.88, "final_distance_cost": 1.839078489325903, "oscillation_cost": 25.111044222771095, "completition_cost": 0.0, "overshoot_cost": 50.983623747461486, "power_cost": 11.969320434570314, "noise_cost": 11.489291685517863, "n_waypoints_completed": 9, "tot_waypoints": 9}}
{"target": -172.7926847585531, "params": {"k_pid_pos": [1.4260951280222685, 0.0, 0.7400395010338618], "k_pid_alt": [1.9995392533409404, 0.0, 0.0], "k_pid_att": [21.595773038122303, 0.0001, 0.29490481439991506], "k_pid_yaw": [0.5, 1e-06, 0.1], "k_pid_hsp": [0.14327394600047236, 0.00012575831095329166, 0.0], "k_pid_vsp": [240.69086453304573, 395.74872664214115, 1e-06]}, "datetime": {"datetime": "2025-08-20 21:53:50", "elapsed": 36085.336226940155, "delta": 16.8799786567688}, "costs": {"total_cost": 172.7926847585531, "time_cost": 70.56, "final_distance_cost": 1.844623783598322, "oscillation_cost": 26.099110187749417, "completition_cost": 0.0, "overshoot_cost": 50.632295038386445, "power_cost": 12.08885799560547, "noise_cost": 11.56779775321344, "n_waypoints_completed": 9, "tot_waypoints": 9}}
{"target": -172.10238275973904, "params": {"k_pid_pos": [1.335046318829924, 0.0, 0.6947771114209217], "k_pid_alt": [1.9999525068874981, 0.0, 0.0], "k_pid_att": [29.19087067864582, 0.0001, 0.345019083627506], "k_pid_yaw": [0.5, 1e-06, 0.1], "k_pid_hsp": [0.12221138277633288, 7.013131965400193e-05, 0.0], "k_pid_vsp": [227.69366692186526, 396.3798051063458, 1e-06]}, "datetime": {"datetime": "2025-08-20 21:54:06", "elapsed": 36100.67116236687, "delta": 15.334935426712036}, "costs": {"total_cost": 172.10238275973904, "time_cost": 70.70400000000001, "final_distance_cost": 1.837925653509426, "oscillation_cost": 25.39920466420395, "completition_cost": 0.0, "overshoot_cost": 50.75688942634406, "power_cost": 11.993234326171876, "noise_cost": 11.41112868950971, "n_waypoints_completed": 9, "tot_waypoints": 9}}
{"target": -171.9243698440195, "params": {"k_pid_pos": [1.3230657123731577, 0.0, 0.6765571575408084], "k_pid_alt": [1.999951323785792, 0.0, 0.0], "k_pid_att": [19.165057391958737, 0.0001, 0.3219297802755903], "k_pid_yaw": [0.5, 1e-06, 0.1], "k_pid_hsp": [0.08624395093944474, 7.917464655919553e-05, 0.0], "k_pid_vsp": [264.6536268422115, 400.0, 1e-06]}, "datetime": {"datetime": "2025-08-20 21:54:23", "elapsed": 36117.816183805466, "delta": 17.145021438598633}, "costs": {"total_cost": 171.9243698440195, "time_cost": 70.72, "final_distance_cost": 1.8287006536923693, "oscillation_cost": 24.8316388262467, "completition_cost": 0.0, "overshoot_cost": 51.407119462702376, "power_cost": 11.814864453125, "noise_cost": 11.322046448253055, "n_waypoints_completed": 9, "tot_waypoints": 9}}
{"target": -173.7711275088607, "params": {"k_pid_pos": [1.252824234716352, 0.0, 0.8989375775099856], "k_pid_alt": [1.9999554591475381, 0.0, 0.0], "k_pid_att": [27.039816276797588, 0.0001, 0.29379099272812864], "k_pid_yaw": [0.5, 1e-06, 0.1], "k_pid_hsp": [0.08992351517395773, 0.0, 0.0], "k_pid_vsp": [247.75531112399887, 341.92778804248644, 1e-06]}, "datetime": {"datetime": "2025-08-20 21:54:38", "elapsed": 36133.1417427063, "delta": 15.32555890083313}, "costs": {"total_cost": 173.7711275088607, "time_cost": 72.032, "final_distance_cost": 1.8381610116467233, "oscillation_cost": 24.30363866678527, "completition_cost": 0.0, "overshoot_cost": 51.602344179283044, "power_cost": 12.275969433593751, "noise_cost": 11.719014217551925, "n_waypoints_completed": 9, "tot_waypoints": 9}}
{"target": -171.50109592131287, "params": {"k_pid_pos": [1.3175926275164225, 0.0, 0.6247717060941954], "k_pid_alt": [1.999887126820983, 0.0, 0.0], "k_pid_att": [26.36119448620987, 0.0001, 0.32001322576941565], "k_pid_yaw": [0.5, 1e-06, 0.1], "k_pid_hsp": [0.09015274777954273, 6.433298766842025e-05, 0.0], "k_pid_vsp": [250.0999736841682, 394.5203856657091, 1e-06]}, "datetime": {"datetime": "2025-08-20 21:54:55", "elapsed": 36149.90768957138, "delta": 16.765946865081787}, "costs": {"total_cost": 171.50109592131287, "time_cost": 70.584, "final_distance_cost": 1.8122329512200717, "oscillation_cost": 25.31474321785989, "completition_cost": 0.0, "overshoot_cost": 51.12017606823065, "power_cost": 11.434191223144532, "noise_cost": 11.235752460857713, "n_waypoints_completed": 9, "tot_waypoints": 9}}
{"target": -172.56722792694285, "params": {"k_pid_pos": [1.4957766357062419, 0.0, 1.0], "k_pid_alt": [1.9891319490069215, 0.0, 0.0], "k_pid_att": [27.141463888880423, 0.0001, 0.3349082319821505], "k_pid_yaw": [0.5, 1e-06, 0.1], "k_pid_hsp": [0.09442230424240147, 1.7436129785665468e-05, 0.0], "k_pid_vsp": [245.25114403145759, 246.81239844615777, 1e-06]}, "datetime": {"datetime": "2025-08-20 21:55:11", "elapsed": 36165.93787646294, "delta": 16.030186891555786}, "costs": {"total_cost": 172.56722792694285, "time_cost": 71.224, "final_distance_cost": 1.835436688732554, "oscillation_cost": 24.679499655283422, "completition_cost": 0.0, "overshoot_cost": 51.33997069839021, "power_cost": 11.928603771972657, "noise_cost": 11.559717112563973, "n_waypoints_completed": 9, "tot_waypoints": 9}}
{"target": -171.63024303313267, "params": {"k_pid_pos": [1.386643252541984, 0.0, 0.7364733338432827], "k_pid_alt": [1.9999812356563842, 0.0, 0.0], "k_pid_att": [15.97988363350726, 0.0001, 0.3186236620483434], "k_pid_yaw": [0.5, 1e-06, 0.1], "k_pid_hsp": [0.08597205445888738, 6.979641280763982e-05, 0.0], "k_pid_vsp": [239.60409459045968, 395.7229675092373, 1e-06]}, "datetime": {"datetime": "2025-08-20 21:55:27", "elapsed": 36182.138979673386, "delta": 16.20110321044922}, "costs": {"total_cost": 171.63024303313267, "time_cost": 70.696, "final_distance_cost": 1.8117474710859056, "oscillation_cost": 24.959039506181593, "completition_cost": 0.0, "overshoot_cost": 51.29795079182288, "power_cost": 11.66148583984375, "noise_cost": 11.204019424198538, "n_waypoints_completed": 9, "tot_waypoints": 9}}
{"target": -171.9175945880098, "params": {"k_pid_pos": [1.323126997580303, 0.0, 0.6153287458195105], "k_pid_alt": [1.999856073279623, 0.0, 0.0], "k_pid_att": [26.64699404711491, 0.0001, 0.32290803560380704], "k_pid_yaw": [0.5, 1e-06, 0.1], "k_pid_hsp": [0.09158908874634235, 9.816541644793758e-05, 0.0], "k_pid_vsp": [252.9008914014132, 374.2193662845061, 1e-06]}, "datetime": {"datetime": "2025-08-20 21:55:43", "elapsed": 36198.04523706436, "delta": 15.906257390975952}, "costs": {"total_cost": 171.9175945880098, "time_cost": 70.57600000000001, "final_distance_cost": 1.8214787600964921, "oscillation_cost": 25.3299777576793, "completition_cost": 0.0, "overshoot_cost": 51.29454561005169, "power_cost": 11.669438562011718, "noise_cost": 11.226153898170557, "n_waypoints_completed": 9, "tot_waypoints": 9}}
{"target": -172.48589455391286, "params": {"k_pid_pos": [1.319344092896598, 0.0, 0.5976502646844509], "k_pid_alt": [1.9999261146151905, 0.0, 0.0], "k_pid_att": [23.021817246257317, 0.0001, 0.3545696451506195], "k_pid_yaw": [0.5, 1e-06, 0.1], "k_pid_hsp": [0.08659039322327426, 4.9802635701678264e-05, 0.0], "k_pid_vsp": [257.20276201248527, 369.98376056726835, 1e-06]}, "datetime": {"datetime": "2025-08-20 21:56:01", "elapsed": 36215.692739486694, "delta": 17.647502422332764}, "costs": {"total_cost": 172.48589455391286, "time_cost": 70.552, "final_distance_cost": 1.8142685670028618, "oscillation_cost": 25.18157831521414, "completition_cost": 0.0, "overshoot_cost": 51.59891033442603, "power_cost": 11.977746643066407, "noise_cost": 11.36139069420342, "n_waypoints_completed": 9, "tot_waypoints": 9}}
{"target": -172.51834012351065, "params": {"k_pid_pos": [1.3027585867023614, 0.0, 0.7252608247802454], "k_pid_alt": [1.9998935165864307, 0.0, 0.0], "k_pid_att": [24.151234150282786, 0.0001, 0.19792376936113842], "k_pid_yaw": [0.5, 1e-06, 0.1], "k_pid_hsp": [0.08975311102984924, 6.301518780342989e-05, 0.0], "k_pid_vsp": [257.0085062889097, 393.3318118059625, 1e-06]}, "datetime": {"datetime": "2025-08-20 21:56:16", "elapsed": 36230.81687307358, "delta": 15.124133586883545}, "costs": {"total_cost": 172.51834012351065, "time_cost": 70.896, "final_distance_cost": 1.8317168933689345, "oscillation_cost": 24.866767618675063, "completition_cost": 0.0, "overshoot_cost": 51.94980616595343, "power_cost": 11.704176635742188, "noise_cost": 11.269872809771037, "n_waypoints_completed": 9, "tot_waypoints": 9}}
{"target": -171.41592670844284, "params": {"k_pid_pos": [1.3996597331258647, 0.0, 0.6948197631802819], "k_pid_alt": [1.997047003829704, 0.0, 0.0], "k_pid_att": [30.514887242797148, 0.0001, 0.3871958494361619], "k_pid_yaw": [0.5, 1e-06, 0.1], "k_pid_hsp": [0.11276308750771341, 6.48542494191355e-05, 0.0], "k_pid_vsp": [254.39033077017842, 391.73663015155364, 1e-06]}, "datetime": {"datetime": "2025-08-20 21:56:34", "elapsed": 36248.77637839317, "delta": 17.959505319595337}, "costs": {"total_cost": 171.41592670844284, "time_cost": 70.536, "final_distance_cost": 1.8171432914931227, "oscillation_cost": 25.40296525646988, "completition_cost": 0.0, "overshoot_cost": 50.5970919997588, "power_cost": 11.803203271484376, "noise_cost": 11.259522889236642, "n_waypoints_completed": 9, "tot_waypoints": 9}}
{"target": -171.8514604078314, "params": {"k_pid_pos": [1.3113009727524285, 0.0, 0.6067482256050246], "k_pid_alt": [1.9999918723091366, 0.0, 0.0], "k_pid_att": [21.321421240447705, 0.0001, 0.3121833548352171], "k_pid_yaw": [0.5, 1e-06, 0.1], "k_pid_hsp": [0.07996287366592951, 5.8706147903730784e-05, 0.0], "k_pid_vsp": [259.173912286455, 397.9530325250742, 1e-06]}, "datetime": {"datetime": "2025-08-20 21:56:49", "elapsed": 36263.73274517059, "delta": 14.956366777420044}, "costs": {"total_cost": 171.8514604078314, "time_cost": 70.712, "final_distance_cost": 1.8228629092699138, "oscillation_cost": 24.9566598464897, "completition_cost": 0.0, "overshoot_cost": 51.60068992463814, "power_cost": 11.61439647216797, "noise_cost": 11.144851255265683, "n_waypoints_completed": 9, "tot_waypoints": 9}}
{"target": -172.19839336290528, "params": {"k_pid_pos": [1.2887048615062737, 0.0, 0.6015142979557014], "k_pid_alt": [1.999878180152788, 0.0, 0.0], "k_pid_att": [29.10828182269091, 0.0001, 0.35634339211216304], "k_pid_yaw": [0.5, 1e-06, 0.1], "k_pid_hsp": [0.09431354108937066, 0.0, 0.0], "k_pid_vsp": [278.6336528446612, 395.68948289617526, 1e-06]}, "datetime": {"datetime": "2025-08-20 21:57:06", "elapsed": 36280.75799679756, "delta": 17.025251626968384}, "costs": {"total_cost": 172.19839336290528, "time_cost": 70.64, "final_distance_cost": 1.8062957921199492, "oscillation_cost": 25.111354955325922, "completition_cost": 0.0, "overshoot_cost": 51.458597047160495, "power_cost": 11.864240283203126, "noise_cost": 11.317905285095778, "n_waypoints_completed": 9, "tot_waypoints": 9}}
{"target": -171.35326843037106, "params": {"k_pid_pos": [1.3092756156699619, 0.0, 0.6241639865913455], "k_pid_alt": [1.9998896476599826, 0.0, 0.0], "k_pid_att": [27.364485292600964, 0.0001, 0.3642815881861521], "k_pid_yaw": [0.5, 1e-06, 0.1], "k_pid_hsp": [0.08826113854139539, 0.0, 0.0], "k_pid_vsp": [249.82342220172427, 392.12512843650273, 1e-06]}, "datetime": {"datetime": "2025-08-20 21:57:21", "elapsed": 36295.91976761818, "delta": 15.161770820617676}, "costs": {"total_cost": 171.35326843037106, "time_cost": 70.608, "final_distance_cost": 1.8081751067663774, "oscillation_cost": 25.237853251851007, "completition_cost": 0.0, "overshoot_cost": 50.81683804286171, "power_cost": 11.600293701171875, "noise_cost": 11.282108327720088, "n_waypoints_completed": 9, "tot_waypoints": 9}}
