{"target": -172.24270785390132, "params": {"k_pid_pos": [1.2904033371185888, 0.0, 0.6521417094078645], "k_pid_alt": [1.9998975223746251, 0.0, 0.0], "k_pid_att": [23.13463648607227, 0.0001, 0.30307841150102655], "k_pid_yaw": [0.5, 1e-06, 0.1], "k_pid_hsp": [0.07964975099689893, 4.464000367093458e-05, 0.0], "k_pid_vsp": [267.9548092364511, 378.27907687269277, 1e-06]}, "datetime": {"datetime": "2025-08-20 23:04:18", "elapsed": 40313.293472766876, "delta": 17.81212615966797}, "costs": {"total_cost": 172.24270785390132, "time_cost": 70.88, "final_distance_cost": 1.7965718452098636, "oscillation_cost": 24.80035304754574, "completition_cost": 0.0, "overshoot_cost": 51.695947001750376, "power_cost": 11.761837316894532, "noise_cost": 11.307998642500795, "n_waypoints_completed": 9, "tot_waypoints": 9}}
{"target": -171.54767273192624, "params": {"k_pid_pos": [1.3462556399201437, 0.0, 0.6670284750894433], "k_pid_alt": [1.999887961420235, 0.0, 0.0], "k_pid_att": [26.038366014374034, 0.0001, 0.32134669112798186], "k_pid_yaw": [0.5, 1e-06, 0.1], "k_pid_hsp": [0.09289259420198771, 6.518810500781357e-05, 0.0], "k_pid_vsp": [259.1030690169535, 396.1147463439761, 1e-06]}, "datetime": {"datetime": "2025-08-20 23:04:35", "elapsed": 40329.62839818001, "delta": 16.334925413131714}, "costs": {"total_cost": 171.54767273192624, "time_cost": 70.608, "final_distance_cost": 1.8056815873203493, "oscillation_cost": 25.25417221599107, "completition_cost": 0.0, "overshoot_cost": 51.11004106901493, "power_cost": 11.52712801513672, "noise_cost": 11.242649844463152, "n_waypoints_completed": 9, "tot_waypoints": 9}}
{"target": -171.8633709579822, "params": {"k_pid_pos": [1.3105481837280706, 0.0, 0.6561758734695461], "k_pid_alt": [1.9998920063270715, 0.0, 0.0], "k_pid_att": [28.503597086631462, 0.0001, 0.33019710657151774], "k_pid_yaw": [0.5, 1e-06, 0.1], "k_pid_hsp": [0.09101191593882522, 5.798797795697838e-05, 0.0], "k_pid_vsp": [230.13508052393635, 380.49436171258236, 1e-06]}, "datetime": {"datetime": "2025-08-20 23:04:51", "elapsed": 40346.433088064194, "delta": 16.80468988418579}, "costs": {"total_cost": 171.8633709579822, "time_cost": 70.696, "final_distance_cost": 1.8264360882665867, "oscillation_cost": 24.971128263431105, "completition_cost": 0.0, "overshoot_cost": 51.17033349477466, "power_cost": 11.843289282226563, "noise_cost": 11.356183829283294, "n_waypoints_completed": 9, "tot_waypoints": 9}}
{"target": -171.31474893987917, "params": {"k_pid_pos": [1.3161213070826505, 0.0, 0.63888012188514], "k_pid_alt": [1.999928298133374, 0.0, 0.0], "k_pid_att": [26.927791450837713, 0.0001, 0.3230523327397398], "k_pid_yaw": [0.5, 1e-06, 0.1], "k_pid_hsp": [0.08834463922011998, 5.808300879501708e-05, 0.0], "k_pid_vsp": [248.51398184419978, 363.6330395911286, 1e-06]}, "datetime": {"datetime": "2025-08-20 23:05:07", "elapsed": 40362.47275400162, "delta": 16.039665937423706}, "costs": {"total_cost": 171.31474893987917, "time_cost": 70.656, "final_distance_cost": 1.7982454433500428, "oscillation_cost": 25.105330304498988, "completition_cost": 0.0, "overshoot_cost": 51.027846164025995, "power_cost": 11.560766516113281, "noise_cost": 11.16656051189086, "n_waypoints_completed": 9, "tot_waypoints": 9}}
{"target": -171.8531900355003, "params": {"k_pid_pos": [1.3314272835773866, 0.0, 0.6808928737133151], "k_pid_alt": [2.0, 0.0, 0.0], "k_pid_att": [27.726479555723408, 0.0001, 0.30579731172786634], "k_pid_yaw": [0.5, 1e-06, 0.1], "k_pid_hsp": [0.09132979061707293, 5.5684312103739e-05, 0.0], "k_pid_vsp": [243.93346655354603, 375.77317156431957, 1e-06]}, "datetime": {"datetime": "2025-08-20 23:05:24", "elapsed": 40378.59087181091, "delta": 16.118117809295654}, "costs": {"total_cost": 171.8531900355003, "time_cost": 70.72, "final_distance_cost": 1.8237072517593664, "oscillation_cost": 24.909794217895097, "completition_cost": 0.0, "overshoot_cost": 51.22693624052485, "power_cost": 11.820414636230469, "noise_cost": 11.352337689090493, "n_waypoints_completed": 9, "tot_waypoints": 9}}
{"target": -171.6855971430807, "params": {"k_pid_pos": [1.316621860648558, 0.0, 0.642362918801904], "k_pid_alt": [1.999928246904964, 0.0, 0.0], "k_pid_att": [27.30873668545566, 0.0001, 0.32084349666074263], "k_pid_yaw": [0.5, 1e-06, 0.1], "k_pid_hsp": [0.08821103705703674, 6.150995675004201e-05, 0.0], "k_pid_vsp": [240.5148449335564, 357.99616217610236, 1e-06]}, "datetime": {"datetime": "2025-08-20 23:05:40", "elapsed": 40394.74610233307, "delta": 16.15523052215576}, "costs": {"total_cost": 171.6855971430807, "time_cost": 70.664, "final_distance_cost": 1.803796424938451, "oscillation_cost": 25.006348118811374, "completition_cost": 0.0, "overshoot_cost": 51.11115290142067, "power_cost": 11.752368139648437, "noise_cost": 11.347931558261754, "n_waypoints_completed": 9, "tot_waypoints": 9}}
{"target": -172.33771538747712, "params": {"k_pid_pos": [1.3500921827081762, 0.0, 0.6300917080537751], "k_pid_alt": [1.9996890781739618, 0.0, 0.0], "k_pid_att": [28.485137449061504, 0.0001, 0.31431534110880543], "k_pid_yaw": [0.5, 1e-06, 0.1], "k_pid_hsp": [0.09035339606839042, 0.00010021145492969849, 0.0], "k_pid_vsp": [228.79362947489108, 394.19510275691607, 1e-06]}, "datetime": {"datetime": "2025-08-20 23:05:56", "elapsed": 40411.47169756889, "delta": 16.725595235824585}, "costs": {"total_cost": 172.33771538747712, "time_cost": 70.52, "final_distance_cost": 1.8279137427142915, "oscillation_cost": 25.41020294526051, "completition_cost": 0.0, "overshoot_cost": 51.3277720422089, "power_cost": 11.96020673828125, "noise_cost": 11.2916199190122, "n_waypoints_completed": 9, "tot_waypoints": 9}}
{"target": -172.50884963671794, "params": {"k_pid_pos": [1.2920421916765839, 0.0, 0.6750815548626768], "k_pid_alt": [1.9998904458516233, 0.0, 0.0], "k_pid_att": [25.65862897943943, 0.0001, 0.3188172455957254], "k_pid_yaw": [0.5, 1e-06, 0.1], "k_pid_hsp": [0.09189078909684328, 7.646047301353653e-05, 0.0], "k_pid_vsp": [245.2943317084773, 400.0, 1e-06]}, "datetime": {"datetime": "2025-08-20 23:06:14", "elapsed": 40428.61272025108, "delta": 17.14102268218994}, "costs": {"total_cost": 172.50884963671794, "time_cost": 70.784, "final_distance_cost": 1.8256120606002182, "oscillation_cost": 24.969890341088977, "completition_cost": 0.0, "overshoot_cost": 51.489743706889875, "power_cost": 12.040465466308595, "noise_cost": 11.399138061830257, "n_waypoints_completed": 9, "tot_waypoints": 9}}
{"target": -171.455027157704, "params": {"k_pid_pos": [1.3460481344858843, 0.0, 0.6148198772333294], "k_pid_alt": [2.0, 0.0, 0.0], "k_pid_att": [27.101978011024865, 0.0001, 0.32241155421748124], "k_pid_yaw": [0.5, 1e-06, 0.1], "k_pid_hsp": [0.10435651011563521, 6.1023069803539314e-05, 0.0], "k_pid_vsp": [229.66611379508237, 384.2282930483516, 1e-06]}, "datetime": {"datetime": "2025-08-20 23:06:30", "elapsed": 40445.01448917389, "delta": 16.401768922805786}, "costs": {"total_cost": 171.455027157704, "time_cost": 70.47200000000001, "final_distance_cost": 1.8327132650862947, "oscillation_cost": 25.48394530230945, "completition_cost": 0.0, "overshoot_cost": 50.70094848180444, "power_cost": 11.70187392578125, "noise_cost": 11.263546182722525, "n_waypoints_completed": 9, "tot_waypoints": 9}}
{"target": -171.69325746889007, "params": {"k_pid_pos": [1.3266261458065995, 0.0, 0.5248842542945608], "k_pid_alt": [1.9998588434834637, 0.0, 0.0], "k_pid_att": [27.115323943625324, 0.0001, 0.3227381527321157], "k_pid_yaw": [0.5, 1e-06, 0.1], "k_pid_hsp": [0.08820988910778524, 5.879909182733405e-05, 0.0], "k_pid_vsp": [246.02897659671157, 390.3169435344278, 1e-06]}, "datetime": {"datetime": "2025-08-20 23:06:47", "elapsed": 40462.30742621422, "delta": 17.29293704032898}, "costs": {"total_cost": 171.69325746889007, "time_cost": 70.384, "final_distance_cost": 1.820972514596622, "oscillation_cost": 25.58315716213126, "completition_cost": 0.0, "overshoot_cost": 51.40757016880989, "power_cost": 11.389190930175781, "noise_cost": 11.10836669317651, "n_waypoints_completed": 9, "tot_waypoints": 9}}
{"target": -172.93828486189236, "params": {"k_pid_pos": [1.363792587950575, 0.0, 1.0], "k_pid_alt": [1.9999363652367348, 0.0, 0.0], "k_pid_att": [45.896212939573864, 0.0001, 0.29237881789248926], "k_pid_yaw": [0.5, 1e-06, 0.1], "k_pid_hsp": [0.10233374418329659, 0.0024306406408287655, 0.0], "k_pid_vsp": [262.10426979529103, 368.878248378628, 1e-06]}, "datetime": {"datetime": "2025-08-20 23:07:04", "elapsed": 40479.146431446075, "delta": 16.8390052318573}, "costs": {"total_cost": 172.93828486189236, "time_cost": 71.784, "final_distance_cost": 1.8423465317852483, "oscillation_cost": 24.79210934882454, "completition_cost": 0.0, "overshoot_cost": 50.709736178346255, "power_cost": 12.127567114257813, "noise_cost": 11.682525688678503, "n_waypoints_completed": 9, "tot_waypoints": 9}}
{"target": -172.1012106184417, "params": {"k_pid_pos": [1.322229806881991, 0.0, 0.6576309304481182], "k_pid_alt": [1.999917900420799, 0.0, 0.0], "k_pid_att": [19.590203442490523, 0.0001, 0.37180675261987034], "k_pid_yaw": [0.5, 1e-06, 0.1], "k_pid_hsp": [0.12547619838138874, 5.722915788585133e-05, 0.0], "k_pid_vsp": [260.11337896118386, 400.0, 1e-06]}, "datetime": {"datetime": "2025-08-20 23:07:19", "elapsed": 40494.23241853714, "delta": 15.085987091064453}, "costs": {"total_cost": 172.1012106184417, "time_cost": 70.632, "final_distance_cost": 1.8376770367430624, "oscillation_cost": 25.46554947559238, "completition_cost": 0.0, "overshoot_cost": 50.67349526384408, "power_cost": 12.085622216796876, "noise_cost": 11.406866625465309, "n_waypoints_completed": 9, "tot_waypoints": 9}}
{"target": -172.4508228449617, "params": {"k_pid_pos": [1.3604083915072545, 0.0, 0.6376358774485471], "k_pid_alt": [1.9999326102200015, 0.0, 0.0], "k_pid_att": [43.739385900242226, 0.0001, 0.33601460832436375], "k_pid_yaw": [0.5, 1e-06, 0.1], "k_pid_hsp": [0.12084925738523766, 5.6713915434820406e-05, 0.0], "k_pid_vsp": [257.46540716964535, 360.2891925116768, 1e-06]}, "datetime": {"datetime": "2025-08-20 23:07:37", "elapsed": 40511.82362771034, "delta": 17.591209173202515}, "costs": {"total_cost": 172.4508228449617, "time_cost": 70.52, "final_distance_cost": 1.8275634593784464, "oscillation_cost": 25.58743172587982, "completition_cost": 0.0, "overshoot_cost": 50.72605939108549, "power_cost": 12.29966326904297, "noise_cost": 11.490104999574942, "n_waypoints_completed": 9, "tot_waypoints": 9}}
{"target": -171.8743996761032, "params": {"k_pid_pos": [1.3751719311716943, 0.0, 0.6689626541257743], "k_pid_alt": [1.999636785735488, 0.0, 0.0], "k_pid_att": [23.686808496025666, 0.0001, 0.2743333453262302], "k_pid_yaw": [0.5, 1e-06, 0.1], "k_pid_hsp": [0.11978198562047608, 0.00020739163690600162, 0.0], "k_pid_vsp": [242.66374455199332, 378.9056078152864, 1e-06]}, "datetime": {"datetime": "2025-08-20 23:07:52", "elapsed": 40527.06968688965, "delta": 15.24605917930603}, "costs": {"total_cost": 171.8743996761032, "time_cost": 70.536, "final_distance_cost": 1.8167728841175959, "oscillation_cost": 25.730533733437582, "completition_cost": 0.0, "overshoot_cost": 50.33488293212153, "power_cost": 12.073966149902345, "noise_cost": 11.382243976524162, "n_waypoints_completed": 9, "tot_waypoints": 9}}
{"target": -172.18022022587968, "params": {"k_pid_pos": [1.380623052576644, 0.0, 0.7006640410418941], "k_pid_alt": [1.999953633413247, 0.0, 0.0], "k_pid_att": [25.837323152417994, 0.0001, 0.32512739917919997], "k_pid_yaw": [0.5, 1e-06, 0.1], "k_pid_hsp": [0.13290882723958392, 7.454288585645254e-05, 0.0], "k_pid_vsp": [221.60747012066696, 381.439902601129, 1e-06]}, "datetime": {"datetime": "2025-08-20 23:08:09", "elapsed": 40544.45179128647, "delta": 17.38210439682007}, "costs": {"total_cost": 172.18022022587968, "time_cost": 70.592, "final_distance_cost": 1.8237585949558879, "oscillation_cost": 25.771426700932327, "completition_cost": 0.0, "overshoot_cost": 50.768921684598475, "power_cost": 11.807991040039063, "noise_cost": 11.41612220535393, "n_waypoints_completed": 9, "tot_waypoints": 9}}
{"target": -172.19718752655805, "params": {"k_pid_pos": [1.4045184648737437, 0.0, 0.683645087589165], "k_pid_alt": [1.9999963239905492, 0.0, 0.0], "k_pid_att": [29.52712526396801, 0.0001, 0.3170811076850249], "k_pid_yaw": [0.5, 1e-06, 0.1], "k_pid_hsp": [0.10353472274497455, 6.819991980557313e-05, 0.0], "k_pid_vsp": [275.5791696005038, 380.1508308384926, 1e-06]}, "datetime": {"datetime": "2025-08-20 23:08:25", "elapsed": 40559.6709086895, "delta": 15.219117403030396}, "costs": {"total_cost": 172.19718752655805, "time_cost": 70.528, "final_distance_cost": 1.8094550704202261, "oscillation_cost": 25.4905326040263, "completition_cost": 0.0, "overshoot_cost": 50.8698158727741, "power_cost": 12.162486743164063, "noise_cost": 11.336897236173353, "n_waypoints_completed": 9, "tot_waypoints": 9}}
{"target": -172.74467774442923, "params": {"k_pid_pos": [1.3336556259262138, 0.0, 0.8232045165870988], "k_pid_alt": [2.0, 0.0, 0.0], "k_pid_att": [32.05574123531647, 0.0001, 0.34474994091296296], "k_pid_yaw": [0.5, 1e-06, 0.1], "k_pid_hsp": [0.0891630704511648, 6.520679544134437e-05, 0.0], "k_pid_vsp": [258.8174459510004, 321.58029747079746, 1e-06]}, "datetime": {"datetime": "2025-08-20 23:08:43", "elapsed": 40577.68300008774, "delta": 18.012091398239136}, "costs": {"total_cost": 172.74467774442923, "time_cost": 71.184, "final_distance_cost": 1.8308321901301723, "oscillation_cost": 24.448580541562322, "completition_cost": 0.0, "overshoot_cost": 51.554595172784666, "power_cost": 12.171150769042969, "noise_cost": 11.555519070909103, "n_waypoints_completed": 9, "tot_waypoints": 9}}
{"target": -171.89450339348454, "params": {"k_pid_pos": [1.314680079935393, 0.0, 0.6426996009114487], "k_pid_alt": [1.9998908691122252, 0.0, 0.0], "k_pid_att": [26.53393199584394, 0.0001, 0.3195494838648752], "k_pid_yaw": [0.5, 1e-06, 0.1], "k_pid_hsp": [0.09240444610396614, 6.070126511969186e-05, 0.0], "k_pid_vsp": [247.72922893839825, 400.0, 1e-06]}, "datetime": {"datetime": "2025-08-20 23:08:58", "elapsed": 40593.0777862072, "delta": 15.39478611946106}, "costs": {"total_cost": 171.89450339348454, "time_cost": 70.656, "final_distance_cost": 1.8043958195458172, "oscillation_cost": 25.02758687966727, "completition_cost": 0.0, "overshoot_cost": 50.880172101672805, "power_cost": 12.053856958007813, "noise_cost": 11.472491634590858, "n_waypoints_completed": 9, "tot_waypoints": 9}}
{"target": -172.98724457704196, "params": {"k_pid_pos": [1.4023434051365944, 0.0, 0.5577894860298731], "k_pid_alt": [1.9852856086044024, 0.0, 0.0], "k_pid_att": [28.276949251974443, 0.0001, 0.31927240884614166], "k_pid_yaw": [0.5, 1e-06, 0.1], "k_pid_hsp": [0.09914378182839183, 7.027742875684586e-05, 0.0], "k_pid_vsp": [241.8687124449573, 392.94786212980273, 1e-06]}, "datetime": {"datetime": "2025-08-20 23:09:15", "elapsed": 40609.793530225754, "delta": 16.715744018554688}, "costs": {"total_cost": 172.98724457704196, "time_cost": 70.2, "final_distance_cost": 1.7967888241443506, "oscillation_cost": 26.35813066913617, "completition_cost": 0.0, "overshoot_cost": 51.469376891656914, "power_cost": 11.84392703857422, "noise_cost": 11.319021153530311, "n_waypoints_completed": 9, "tot_waypoints": 9}}
{"target": -173.03675854582852, "params": {"k_pid_pos": [1.3048491504558377, 0.0, 0.6993429292029485], "k_pid_alt": [1.9998933669817927, 0.0, 0.0], "k_pid_att": [25.128077621287595, 0.0001, 0.3128559783424933], "k_pid_yaw": [0.5, 1e-06, 0.1], "k_pid_hsp": [0.08732442266157457, 6.896040255141716e-05, 0.0], "k_pid_vsp": [238.62356722144096, 384.46478366048103, 1e-06]}, "datetime": {"datetime": "2025-08-20 23:09:32", "elapsed": 40626.95522212982, "delta": 17.161691904067993}, "costs": {"total_cost": 173.03675854582852, "time_cost": 70.824, "final_distance_cost": 1.8317399273431318, "oscillation_cost": 24.87456981463986, "completition_cost": 0.0, "overshoot_cost": 51.94538824314277, "power_cost": 12.11066688232422, "noise_cost": 11.450393678378568, "n_waypoints_completed": 9, "tot_waypoints": 9}}
{"target": -171.88549197208093, "params": {"k_pid_pos": [1.3137925345320147, 0.0, 0.6452961014914889], "k_pid_alt": [1.999913198795054, 0.0, 0.0], "k_pid_att": [27.84229483746721, 0.0001, 0.3145100816250365], "k_pid_yaw": [0.5, 1e-06, 0.1], "k_pid_hsp": [0.09221835645933543, 9.543363669821382e-06, 0.0], "k_pid_vsp": [245.8384103764409, 371.81827139249145, 1e-06]}, "datetime": {"datetime": "2025-08-20 23:09:48", "elapsed": 40642.61570096016, "delta": 15.660478830337524}, "costs": {"total_cost": 171.88549197208093, "time_cost": 70.672, "final_distance_cost": 1.8264637135418749, "oscillation_cost": 25.11883753563011, "completition_cost": 0.0, "overshoot_cost": 50.98099695831078, "power_cost": 11.957387951660158, "noise_cost": 11.329805812938025, "n_waypoints_completed": 9, "tot_waypoints": 9}}
{"target": -171.76762200191837, "params": {"k_pid_pos": [1.3306086689153993, 0.0, 0.5591077335531954], "k_pid_alt": [1.9998901686420818, 0.0, 0.0], "k_pid_att": [28.00584663071734, 0.0001, 0.3353773007455182], "k_pid_yaw": [0.5, 1e-06, 0.1], "k_pid_hsp": [0.09199694008853164, 4.971690544754337e-05, 0.0], "k_pid_vsp": [249.06244364318562, 372.0787210740799, 1e-06]}, "datetime": {"datetime": "2025-08-20 23:10:05", "elapsed": 40660.17704510689, "delta": 17.561344146728516}, "costs": {"total_cost": 171.76762200191837, "time_cost": 70.4, "final_distance_cost": 1.8166962835992067, "oscillation_cost": 25.544103797159075, "completition_cost": 0.0, "overshoot_cost": 51.36792811890486, "power_cost": 11.472194665527343, "noise_cost": 11.166699136727857, "n_waypoints_completed": 9, "tot_waypoints": 9}}
{"target": -171.30839689858627, "params": {"k_pid_pos": [1.318695850981026, 0.0, 0.6548298196672542], "k_pid_alt": [1.999908406834006, 0.0, 0.0], "k_pid_att": [26.170899821865667, 0.0001, 0.19502284905923406], "k_pid_yaw": [0.5, 1e-06, 0.1], "k_pid_hsp": [0.08813665678325965, 6.000361368271828e-05, 0.0], "k_pid_vsp": [248.08981865085784, 400.0, 1e-06]}, "datetime": {"datetime": "2025-08-20 23:10:20", "elapsed": 40675.22715115547, "delta": 15.050106048583984}, "costs": {"total_cost": 171.30839689858627, "time_cost": 70.672, "final_distance_cost": 1.8008382057847212, "oscillation_cost": 25.081275268071746, "completition_cost": 0.0, "overshoot_cost": 51.02655440371048, "power_cost": 11.547911096191406, "noise_cost": 11.179817924827923, "n_waypoints_completed": 9, "tot_waypoints": 9}}
{"target": -172.5398116316722, "params": {"k_pid_pos": [1.3536153298862799, 0.0, 0.6495351948864587], "k_pid_alt": [1.9990941431619997, 0.0, 0.0], "k_pid_att": [28.415432258244568, 0.0001, 0.39605078688822914], "k_pid_yaw": [0.5, 1e-06, 0.1], "k_pid_hsp": [0.10385199195598156, 5.6980748045472584e-05, 0.0], "k_pid_vsp": [236.08955378800334, 381.27536442207463, 1e-06]}, "datetime": {"datetime": "2025-08-20 23:10:37", "elapsed": 40692.07561779022, "delta": 16.848466634750366}, "costs": {"total_cost": 172.5398116316722, "time_cost": 70.568, "final_distance_cost": 1.820509744328032, "oscillation_cost": 25.508257103563945, "completition_cost": 0.0, "overshoot_cost": 50.94457366525883, "power_cost": 12.159825024414063, "noise_cost": 11.538646094107317, "n_waypoints_completed": 9, "tot_waypoints": 9}}
{"target": -173.11702346760742, "params": {"k_pid_pos": [1.3332951991181643, 0.0, 0.6841766829600009], "k_pid_alt": [1.9998740081560602, 0.0, 0.0], "k_pid_att": [26.446977157312563, 0.0001, 0.3168821002010032], "k_pid_yaw": [0.5, 1e-06, 0.1], "k_pid_hsp": [0.07331196473755866, 5.856394786505245e-05, 0.0], "k_pid_vsp": [271.9386642559056, 368.7523596855136, 1e-06]}, "datetime": {"datetime": "2025-08-20 23:10:53", "elapsed": 40707.56051278114, "delta": 15.48489499092102}, "costs": {"total_cost": 173.11702346760742, "time_cost": 71.056, "final_distance_cost": 1.8203779109822975, "oscillation_cost": 24.63036208710272, "completition_cost": 0.0, "overshoot_cost": 52.31094723727415, "power_cost": 11.900346826171875, "noise_cost": 11.398989406076376, "n_waypoints_completed": 9, "tot_waypoints": 9}}
{"target": -172.21762615108753, "params": {"k_pid_pos": [1.312447121044211, 0.0, 0.6480194059418417], "k_pid_alt": [1.9998905729048144, 0.0, 0.0], "k_pid_att": [28.155166384745, 0.0001, 0.39193578999686784], "k_pid_yaw": [0.5, 1e-06, 0.1], "k_pid_hsp": [0.10080024301811442, 5.7106043067711234e-05, 0.0], "k_pid_vsp": [291.6323292663966, 385.2843943030167, 1e-06]}, "datetime": {"datetime": "2025-08-20 23:11:10", "elapsed": 40724.70784950256, "delta": 17.147336721420288}, "costs": {"total_cost": 172.21762615108753, "time_cost": 70.648, "final_distance_cost": 1.8308895200926751, "oscillation_cost": 25.063002396911866, "completition_cost": 0.0, "overshoot_cost": 51.21746335654569, "power_cost": 12.058180407714845, "noise_cost": 11.400090469822457, "n_waypoints_completed": 9, "tot_waypoints": 9}}
{"target": -172.0835540909632, "params": {"k_pid_pos": [1.3295933890801024, 0.0, 0.6557057651480257], "k_pid_alt": [1.9998934646826563, 0.0, 0.0], "k_pid_att": [30.159604760725156, 0.0001, 0.26198356993754435], "k_pid_yaw": [0.5, 1e-06, 0.1], "k_pid_hsp": [0.09215667281179017, 1.7950952521595523e-05, 0.0], "k_pid_vsp": [239.40894917615535, 377.39245874202794, 1e-06]}, "datetime": {"datetime": "2025-08-20 23:11:25", "elapsed": 40739.84811306, "delta": 15.140263557434082}, "costs": {"total_cost": 172.0835540909632, "time_cost": 70.68, "final_distance_cost": 1.8128956162098218, "oscillation_cost": 25.12135541847624, "completition_cost": 0.0, "overshoot_cost": 50.97410683066112, "power_cost": 12.079514428710938, "noise_cost": 11.41568179690507, "n_waypoints_completed": 9, "tot_waypoints": 9}}
