{"target": -176.73207852316068, "params": {"k_pid_pos": [1.8572150118351871, 0.0, 1.0], "k_pid_alt": [1.8074813412057202, 0.0, 0.0], "k_pid_att": [6.994204169227498, 0.0001, 0.2949070922704357], "k_pid_yaw": [0.5, 1e-06, 0.1], "k_pid_hsp": [0.2179398746267676, 0.0, 0.0], "k_pid_vsp": [335.82445573817597, 64.47212541843177, 1e-06]}, "datetime": {"datetime": "2025-08-20 14:36:51", "elapsed": 9866.502825498581, "delta": 18.78927993774414}, "costs": {"total_cost": 176.73207852316068, "time_cost": 70.728, "final_distance_cost": 1.8411056973979867, "oscillation_cost": 28.511244441102253, "completition_cost": 0.0, "overshoot_cost": 51.30585415960587, "power_cost": 12.541999023437501, "noise_cost": 11.803875201617059, "n_waypoints_completed": 9, "tot_waypoints": 9}}
{"target": -173.57060999698817, "params": {"k_pid_pos": [1.625969646331875, 0.0, 0.9921583425468733], "k_pid_alt": [1.8842528269484138, 0.0, 0.0], "k_pid_att": [27.83521375914829, 0.0001, 0.23947883218001942], "k_pid_yaw": [0.5, 1e-06, 0.1], "k_pid_hsp": [0.07931625567119346, 0.0, 0.0], "k_pid_vsp": [322.58125386753096, 368.6518727310405, 1e-06]}, "datetime": {"datetime": "2025-08-20 14:37:09", "elapsed": 9884.414562940598, "delta": 17.9117374420166}, "costs": {"total_cost": 173.57060999698817, "time_cost": 70.696, "final_distance_cost": 1.8198115838590792, "oscillation_cost": 25.527984571449284, "completition_cost": 0.0, "overshoot_cost": 52.10717875757226, "power_cost": 11.979951831054688, "noise_cost": 11.439683253052882, "n_waypoints_completed": 9, "tot_waypoints": 9}}
{"target": -174.18546157908662, "params": {"k_pid_pos": [1.5608944296428429, 0.0, 0.9691788976773285], "k_pid_alt": [1.6924560200603027, 0.0, 0.0], "k_pid_att": [33.29785983003285, 0.0001, 0.3763736892232586], "k_pid_yaw": [0.5, 1e-06, 0.1], "k_pid_hsp": [0.05157226797393917, 0.0, 0.0], "k_pid_vsp": [299.53310666627243, 276.3343421155787, 1e-06]}, "datetime": {"datetime": "2025-08-20 14:37:26", "elapsed": 9901.49864935875, "delta": 17.084086418151855}, "costs": {"total_cost": 174.18546157908662, "time_cost": 72.864, "final_distance_cost": 1.799011031687933, "oscillation_cost": 22.203268710068528, "completition_cost": 0.0, "overshoot_cost": 54.24728705458385, "power_cost": 11.570666821289063, "noise_cost": 11.501227961457259, "n_waypoints_completed": 9, "tot_waypoints": 9}}
{"target": -173.8934844596198, "params": {"k_pid_pos": [1.8532657401355086, 0.0, 0.9152723045611098], "k_pid_alt": [1.4835943216159462, 0.0, 0.0], "k_pid_att": [12.14507988869714, 0.0001, 0.3659114154876516], "k_pid_yaw": [0.5, 1e-06, 0.1], "k_pid_hsp": [0.1780061233714515, 0.0, 0.0], "k_pid_vsp": [335.8152721234537, 292.69736233480404, 1e-06]}, "datetime": {"datetime": "2025-08-20 14:37:43", "elapsed": 9917.699530601501, "delta": 16.200881242752075}, "costs": {"total_cost": 173.8934844596198, "time_cost": 69.664, "final_distance_cost": 1.8423609013321172, "oscillation_cost": 28.49749850369249, "completition_cost": 0.0, "overshoot_cost": 50.154208187147, "power_cost": 12.260386047363282, "noise_cost": 11.475030820084923, "n_waypoints_completed": 9, "tot_waypoints": 9}}
{"target": -1194.0096275103865, "params": {"k_pid_pos": [1.3514254846651153, 0.0, 1.0], "k_pid_alt": [2.0, 0.0, 0.0], "k_pid_att": [32.21650124645118, 0.0001, 0.2654519942135962], "k_pid_yaw": [0.5, 1e-06, 0.1], "k_pid_hsp": [0.0001, 0.0, 0.0], "k_pid_vsp": [279.1835579325858, 400.0, 1e-06]}, "datetime": {"datetime": "2025-08-20 14:38:06", "elapsed": 9941.202108621597, "delta": 23.502578020095825}, "costs": {"total_cost": 1194.0096275103865, "time_cost": 150, "final_distance_cost": 46.534872177282736, "oscillation_cost": 0.005364939539737213, "completition_cost": 888.8888888888888, "overshoot_cost": 82.82114122713209, "power_cost": 12.822619934082033, "noise_cost": 12.93674034346115, "n_waypoints_completed": 1, "tot_waypoints": 9}}
{"target": -174.95515060367407, "params": {"k_pid_pos": [1.3812921084740875, 0.0, 0.9579475157350137], "k_pid_alt": [1.776249986713937, 0.0, 0.0], "k_pid_att": [20.779899975276628, 0.0001, 0.16569702080512738], "k_pid_yaw": [0.5, 1e-06, 0.1], "k_pid_hsp": [0.24398215562931236, 0.0, 0.0], "k_pid_vsp": [300.52979724419225, 276.82419615259374, 1e-06]}, "datetime": {"datetime": "2025-08-20 14:38:24", "elapsed": 9958.7685546875, "delta": 17.56644606590271}, "costs": {"total_cost": 174.95515060367407, "time_cost": 72.328, "final_distance_cost": 1.8448371796765275, "oscillation_cost": 26.523994026099246, "completition_cost": 0.0, "overshoot_cost": 49.92020933318912, "power_cost": 12.338708801269531, "noise_cost": 11.999401263439674, "n_waypoints_completed": 9, "tot_waypoints": 9}}
{"target": -173.56243293675078, "params": {"k_pid_pos": [1.4924341312858858, 0.0, 1.0], "k_pid_alt": [1.7471678478025514, 0.0, 0.0], "k_pid_att": [12.417914532438655, 0.0001, 0.17127108817690806], "k_pid_yaw": [0.5, 1e-06, 0.1], "k_pid_hsp": [0.19189424900964203, 0.0, 0.0], "k_pid_vsp": [304.105730656764, 272.2892653024449, 1e-06]}, "datetime": {"datetime": "2025-08-20 14:38:40", "elapsed": 9975.185937643051, "delta": 16.417382955551147}, "costs": {"total_cost": 173.56243293675078, "time_cost": 71.19200000000001, "final_distance_cost": 1.840191878100264, "oscillation_cost": 26.204710786117158, "completition_cost": 0.0, "overshoot_cost": 50.31621720897637, "power_cost": 12.232452160644533, "noise_cost": 11.776860902912471, "n_waypoints_completed": 9, "tot_waypoints": 9}}
{"target": -173.33858112278767, "params": {"k_pid_pos": [1.7425802298762552, 0.007452107284519344, 0.9902125936160352], "k_pid_alt": [1.7718574252763952, 0.0, 0.0], "k_pid_att": [28.98507436918546, 0.0001, 0.3221751422104745], "k_pid_yaw": [0.5, 1e-06, 0.1], "k_pid_hsp": [0.07250127046179461, 0.0, 0.0], "k_pid_vsp": [341.0309337434705, 293.5271541374894, 1e-06]}, "datetime": {"datetime": "2025-08-20 14:38:57", "elapsed": 9991.886456012726, "delta": 16.700518369674683}, "costs": {"total_cost": 173.33858112278767, "time_cost": 70.736, "final_distance_cost": 1.8009672215818315, "oscillation_cost": 25.509345505521356, "completition_cost": 0.0, "overshoot_cost": 51.84852458477266, "power_cost": 12.032250622558594, "noise_cost": 11.411493188353246, "n_waypoints_completed": 9, "tot_waypoints": 9}}
{"target": -173.16909878188164, "params": {"k_pid_pos": [1.5555066610680257, 0.0, 0.983960382307755], "k_pid_alt": [1.5828301924550938, 0.0, 0.0], "k_pid_att": [28.77754651972397, 0.0001, 0.29380722416895483], "k_pid_yaw": [0.5, 1e-06, 0.1], "k_pid_hsp": [0.08947986050150179, 0.0, 0.0], "k_pid_vsp": [312.81506078363185, 315.3934904466919, 1e-06]}, "datetime": {"datetime": "2025-08-20 14:39:15", "elapsed": 10009.883184671402, "delta": 17.996728658676147}, "costs": {"total_cost": 173.16909878188164, "time_cost": 70.776, "final_distance_cost": 1.8366154729410156, "oscillation_cost": 25.647795764620515, "completition_cost": 0.0, "overshoot_cost": 51.62230427317321, "power_cost": 11.863523303222657, "noise_cost": 11.422859967924268, "n_waypoints_completed": 9, "tot_waypoints": 9}}
{"target": -176.00284412467897, "params": {"k_pid_pos": [1.6229304556777664, 0.0, 0.96139547986895], "k_pid_alt": [1.9736645037272746, 0.0, 0.0], "k_pid_att": [44.8490112541306, 0.0001, 0.24941382222374908], "k_pid_yaw": [0.5, 1e-06, 0.1], "k_pid_hsp": [0.3471281367916036, 0.0, 0.0], "k_pid_vsp": [333.69126570900255, 136.4538517534462, 1e-06]}, "datetime": {"datetime": "2025-08-20 14:39:33", "elapsed": 10028.287768363953, "delta": 18.40458369255066}, "costs": {"total_cost": 176.00284412467897, "time_cost": 70.808, "final_distance_cost": 1.8413799688429737, "oscillation_cost": 28.31380749743622, "completition_cost": 0.0, "overshoot_cost": 50.54544618398914, "power_cost": 12.501137890625001, "noise_cost": 11.993072583785635, "n_waypoints_completed": 9, "tot_waypoints": 9}}
{"target": -175.6482835269024, "params": {"k_pid_pos": [1.6700301924932528, 0.0, 1.0], "k_pid_alt": [1.6415052477266716, 0.0, 0.0], "k_pid_att": [16.84638422796852, 0.0001, 0.34901963459239504], "k_pid_yaw": [0.5, 1e-06, 0.1], "k_pid_hsp": [0.048355595107637206, 0.0, 0.0], "k_pid_vsp": [334.0066901267322, 321.9150823360002, 1e-06]}, "datetime": {"datetime": "2025-08-20 14:39:50", "elapsed": 10045.5560901165, "delta": 17.268321752548218}, "costs": {"total_cost": 175.6482835269024, "time_cost": 73.21600000000001, "final_distance_cost": 1.7695535134079543, "oscillation_cost": 21.83728646181531, "completition_cost": 0.0, "overshoot_cost": 54.708430723232105, "power_cost": 12.169398950195314, "noise_cost": 11.947613878251703, "n_waypoints_completed": 9, "tot_waypoints": 9}}
{"target": -173.11170814783327, "params": {"k_pid_pos": [1.6415485951558364, 0.0, 0.9885129625581349], "k_pid_alt": [1.6051927748127424, 0.0, 0.0], "k_pid_att": [30.31178503846691, 0.0001, 0.3585145816162647], "k_pid_yaw": [0.5, 1e-06, 0.1], "k_pid_hsp": [0.09110570569819491, 0.0, 0.0], "k_pid_vsp": [316.30321908678064, 313.7071891471261, 1e-06]}, "datetime": {"datetime": "2025-08-20 14:40:08", "elapsed": 10063.393520593643, "delta": 17.837430477142334}, "costs": {"total_cost": 173.11170814783327, "time_cost": 70.44800000000001, "final_distance_cost": 1.82569149314855, "oscillation_cost": 26.11657384835068, "completition_cost": 0.0, "overshoot_cost": 51.45387862187295, "power_cost": 11.86730986328125, "noise_cost": 11.40025432117983, "n_waypoints_completed": 9, "tot_waypoints": 9}}
{"target": -176.206768536984, "params": {"k_pid_pos": [1.549805240557848, 0.0, 0.9080418386002271], "k_pid_alt": [1.6289212511005018, 0.0, 0.0], "k_pid_att": [32.31105723062739, 0.05285488023028784, 0.4630183129080832], "k_pid_yaw": [0.5, 1e-06, 0.1], "k_pid_hsp": [0.4797477689472964, 0.0, 0.0], "k_pid_vsp": [305.4481786926131, 296.7993038021066, 1e-06]}, "datetime": {"datetime": "2025-08-20 14:40:25", "elapsed": 10080.341240167618, "delta": 16.94771957397461}, "costs": {"total_cost": 176.206768536984, "time_cost": 70.936, "final_distance_cost": 1.8480342858564855, "oscillation_cost": 28.10009348201096, "completition_cost": 0.0, "overshoot_cost": 50.41121988572383, "power_cost": 12.841404956054689, "noise_cost": 12.070015927338023, "n_waypoints_completed": 9, "tot_waypoints": 9}}
{"target": -173.27633179816632, "params": {"k_pid_pos": [1.6689040197934517, 0.0, 0.9717130260484987], "k_pid_alt": [1.6271041975724583, 0.0, 0.0], "k_pid_att": [15.471717768556518, 0.0001, 0.4330260376716447], "k_pid_yaw": [0.5, 1e-06, 0.1], "k_pid_hsp": [0.13442323007119183, 0.0, 0.0], "k_pid_vsp": [313.73963986246224, 297.34278741116464, 1e-06]}, "datetime": {"datetime": "2025-08-20 14:40:42", "elapsed": 10096.987362146378, "delta": 16.646121978759766}, "costs": {"total_cost": 173.27633179816632, "time_cost": 70.168, "final_distance_cost": 1.8290731955047586, "oscillation_cost": 26.527359549780797, "completition_cost": 0.0, "overshoot_cost": 51.111655661448296, "power_cost": 12.09834500732422, "noise_cost": 11.541898384108263, "n_waypoints_completed": 9, "tot_waypoints": 9}}
{"target": -172.62641527767443, "params": {"k_pid_pos": [1.5007025113736658, 0.0, 0.8602125303703316], "k_pid_alt": [1.7289989835060169, 0.0, 0.0], "k_pid_att": [33.810961966305825, 0.0001, 0.24051293606528548], "k_pid_yaw": [0.5, 1e-06, 0.1], "k_pid_hsp": [0.10694028466198612, 0.0, 0.0], "k_pid_vsp": [284.1293271180531, 261.6415360346038, 1e-06]}, "datetime": {"datetime": "2025-08-20 14:41:04", "elapsed": 10118.960120916367, "delta": 21.972758769989014}, "costs": {"total_cost": 172.62641527767443, "time_cost": 70.44, "final_distance_cost": 1.8272096486886062, "oscillation_cost": 25.58200939281082, "completition_cost": 0.0, "overshoot_cost": 51.20076381091156, "power_cost": 12.116414257812501, "noise_cost": 11.460018167450954, "n_waypoints_completed": 9, "tot_waypoints": 9}}
{"target": -177.36124736729042, "params": {"k_pid_pos": [2.0, 0.0, 0.9790014190039025], "k_pid_alt": [1.4817559431455023, 0.0, 0.0], "k_pid_att": [19.095358485900384, 0.0001, 0.32397331316068584], "k_pid_yaw": [0.5, 1e-06, 0.1], "k_pid_hsp": [0.040931325882214584, 0.0, 0.0], "k_pid_vsp": [343.13294634089465, 342.0190417912316, 1e-06]}, "datetime": {"datetime": "2025-08-20 14:41:25", "elapsed": 10140.162822246552, "delta": 21.202701330184937}, "costs": {"total_cost": 177.36124736729042, "time_cost": 74.744, "final_distance_cost": 1.7645120716573348, "oscillation_cost": 21.322508793122516, "completition_cost": 0.0, "overshoot_cost": 55.63844319836879, "power_cost": 11.972052612304688, "noise_cost": 11.919730691837119, "n_waypoints_completed": 9, "tot_waypoints": 9}}
{"target": -173.22744479095334, "params": {"k_pid_pos": [1.7004288612721998, 0.0, 0.923929022793833], "k_pid_alt": [1.7470526248947984, 0.0, 0.01855660289439169], "k_pid_att": [27.948563499650806, 0.0001, 0.20749594154941864], "k_pid_yaw": [0.5, 1e-06, 0.1], "k_pid_hsp": [0.13126634919110822, 0.0, 0.0], "k_pid_vsp": [339.0362381604845, 201.45123790856633, 1e-06]}, "datetime": {"datetime": "2025-08-20 14:41:45", "elapsed": 10159.586206197739, "delta": 19.423383951187134}, "costs": {"total_cost": 173.22744479095334, "time_cost": 70.272, "final_distance_cost": 1.8326086751548976, "oscillation_cost": 26.348069765038545, "completition_cost": 0.0, "overshoot_cost": 51.23921164115726, "power_cost": 12.126546875, "noise_cost": 11.409007834602619, "n_waypoints_completed": 9, "tot_waypoints": 9}}
{"target": -178.06417923132966, "params": {"k_pid_pos": [2.0, 0.0, 1.0], "k_pid_alt": [1.9715002011749443, 0.0, 0.0], "k_pid_att": [22.97438309058012, 0.0001, 0.40623932490643], "k_pid_yaw": [0.5, 1e-06, 0.1], "k_pid_hsp": [1.7708048879899985, 0.0, 0.0], "k_pid_vsp": [303.2136724341771, 270.95661817737516, 1e-06]}, "datetime": {"datetime": "2025-08-20 14:42:05", "elapsed": 10179.798734903336, "delta": 20.212528705596924}, "costs": {"total_cost": 178.06417923132966, "time_cost": 69.984, "final_distance_cost": 1.8411231877386205, "oscillation_cost": 31.32565590879068, "completition_cost": 0.0, "overshoot_cost": 50.252197552835995, "power_cost": 12.83548583984375, "noise_cost": 11.825716742120612, "n_waypoints_completed": 9, "tot_waypoints": 9}}
{"target": -910.7943204394022, "params": {"k_pid_pos": [1.8498139972509535, 0.0, 1.0], "k_pid_alt": [1.3877259862549267, 0.0, 0.05039422124085263], "k_pid_att": [0.0, 0.0001, 0.36075704350649074], "k_pid_yaw": [0.5, 1e-06, 0.1], "k_pid_hsp": [0.3459315094022948, 0.0, 0.0], "k_pid_vsp": [305.27878406974145, 298.44675262201395, 1e-06]}, "datetime": {"datetime": "2025-08-20 14:42:33", "elapsed": 10207.830124378204, "delta": 28.031389474868774}, "costs": {"total_cost": 910.7943204394022, "time_cost": 150, "final_distance_cost": 73.19041332389871, "oscillation_cost": 4.2065391362421085, "completition_cost": 555.5555555555555, "overshoot_cost": 99.80797297231192, "power_cost": 14.611778088378907, "noise_cost": 13.422061363015041, "n_waypoints_completed": 4, "tot_waypoints": 9}}
{"target": -173.09014803843579, "params": {"k_pid_pos": [1.6876915596942414, 0.0, 0.9863559638575152], "k_pid_alt": [1.4159503103790592, 0.0, 0.0], "k_pid_att": [33.61782580037254, 0.0001, 0.32720154567312904], "k_pid_yaw": [0.5, 1e-06, 0.1], "k_pid_hsp": [0.07834044433601262, 0.0007310089320481218, 0.0], "k_pid_vsp": [307.04137059619256, 306.7868942849296, 1e-06]}, "datetime": {"datetime": "2025-08-20 14:42:49", "elapsed": 10224.520152807236, "delta": 16.690028429031372}, "costs": {"total_cost": 173.09014803843579, "time_cost": 70.736, "final_distance_cost": 1.8048587491418189, "oscillation_cost": 25.819597335641262, "completition_cost": 0.0, "overshoot_cost": 51.81115762558338, "power_cost": 11.673263098144531, "noise_cost": 11.245271229924812, "n_waypoints_completed": 9, "tot_waypoints": 9}}
{"target": -172.9650373292413, "params": {"k_pid_pos": [1.5211170614024316, 0.015386699674942439, 0.620626913429984], "k_pid_alt": [1.6022867028336627, 0.0, 0.014265883714969351], "k_pid_att": [37.31247256220896, 0.0001, 0.1186687377266901], "k_pid_yaw": [0.5, 1e-06, 0.1], "k_pid_hsp": [0.11513801219406918, 0.0, 0.0], "k_pid_vsp": [265.60695879151154, 293.57102066659775, 1e-06]}, "datetime": {"datetime": "2025-08-20 14:43:05", "elapsed": 10240.340482711792, "delta": 15.820329904556274}, "costs": {"total_cost": 172.9650373292413, "time_cost": 69.72, "final_distance_cost": 1.8058487099086784, "oscillation_cost": 27.949292092253607, "completition_cost": 0.0, "overshoot_cost": 50.67012312018746, "power_cost": 11.679434106445314, "noise_cost": 11.140339300446234, "n_waypoints_completed": 9, "tot_waypoints": 9}}
{"target": -174.75014027830682, "params": {"k_pid_pos": [1.7132936922458186, 0.0, 0.981863096519929], "k_pid_alt": [2.0, 0.0, 0.0], "k_pid_att": [28.96449925476209, 0.0001, 0.3184223459807567], "k_pid_yaw": [0.5, 1e-06, 0.1], "k_pid_hsp": [0.064753914470038, 0.0, 0.0], "k_pid_vsp": [391.00700226087883, 305.3093443509558, 1e-06]}, "datetime": {"datetime": "2025-08-20 14:43:21", "elapsed": 10255.833502292633, "delta": 15.493019580841064}, "costs": {"total_cost": 174.75014027830682, "time_cost": 71.21600000000001, "final_distance_cost": 1.8230987132338035, "oscillation_cost": 25.05982425109029, "completition_cost": 0.0, "overshoot_cost": 52.8813292836286, "power_cost": 12.164186132812501, "noise_cost": 11.605701897541625, "n_waypoints_completed": 9, "tot_waypoints": 9}}
{"target": -173.36544943602263, "params": {"k_pid_pos": [1.6156004989612158, 0.0, 0.9457029117611366], "k_pid_alt": [1.471653370391783, 0.0, 0.0], "k_pid_att": [35.20317382297753, 0.0001, 0.3303939533689857], "k_pid_yaw": [0.5, 1e-06, 0.1], "k_pid_hsp": [0.1194854829009718, 0.0, 0.0], "k_pid_vsp": [302.1038637531671, 268.6070998409012, 1e-06]}, "datetime": {"datetime": "2025-08-20 14:43:36", "elapsed": 10271.398389816284, "delta": 15.564887523651123}, "costs": {"total_cost": 173.36544943602263, "time_cost": 70.28, "final_distance_cost": 1.8230522761813672, "oscillation_cost": 26.522063452875006, "completition_cost": 0.0, "overshoot_cost": 51.348895034283935, "power_cost": 11.930341406250001, "noise_cost": 11.461097266432326, "n_waypoints_completed": 9, "tot_waypoints": 9}}
{"target": -176.43035569700044, "params": {"k_pid_pos": [1.3589615651369085, 0.0, 0.9437574438425378], "k_pid_alt": [1.6506614677724991, 0.010510107537190196, 0.0], "k_pid_att": [56.23513803984184, 0.0001, 0.47311284561474043], "k_pid_yaw": [0.5, 1e-06, 0.1], "k_pid_hsp": [0.18610640980321996, 0.0, 0.0], "k_pid_vsp": [265.97303259445147, 305.7432447572607, 1e-06]}, "datetime": {"datetime": "2025-08-20 14:43:52", "elapsed": 10287.217371702194, "delta": 15.818981885910034}, "costs": {"total_cost": 176.43035569700044, "time_cost": 72.4, "final_distance_cost": 1.8540350028208115, "oscillation_cost": 26.55978657595618, "completition_cost": 0.0, "overshoot_cost": 50.92193074132184, "power_cost": 12.64767109375, "noise_cost": 12.046932283151591, "n_waypoints_completed": 9, "tot_waypoints": 9}}
{"target": -173.797811602436, "params": {"k_pid_pos": [1.594902310830923, 0.0, 1.0], "k_pid_alt": [1.584892503022065, 0.0, 0.0], "k_pid_att": [23.30465684379322, 0.0001, 0.3754116609754876], "k_pid_yaw": [0.5, 1e-06, 0.1], "k_pid_hsp": [0.06755031614781377, 0.0, 0.0], "k_pid_vsp": [354.538746636998, 311.44083471691374, 1e-06]}, "datetime": {"datetime": "2025-08-20 14:44:08", "elapsed": 10302.888835430145, "delta": 15.67146372795105}, "costs": {"total_cost": 173.797811602436, "time_cost": 71.4, "final_distance_cost": 1.7945618957163925, "oscillation_cost": 24.608849919750114, "completition_cost": 0.0, "overshoot_cost": 52.39836915780165, "power_cost": 12.047142041015626, "noise_cost": 11.548888588152224, "n_waypoints_completed": 9, "tot_waypoints": 9}}
{"target": -175.0104543420172, "params": {"k_pid_pos": [1.632081019446478, 0.0, 0.9794356776634432], "k_pid_alt": [0.9358416138603682, 0.0, 0.0], "k_pid_att": [37.17328518731733, 0.0001, 0.4078902575767849], "k_pid_yaw": [0.5, 1e-06, 0.1], "k_pid_hsp": [0.14063725939806643, 0.0, 0.0], "k_pid_vsp": [312.7227772845432, 267.0883400002121, 1e-06]}, "datetime": {"datetime": "2025-08-20 14:44:23", "elapsed": 10318.525102376938, "delta": 15.636266946792603}, "costs": {"total_cost": 175.0104543420172, "time_cost": 71.624, "final_distance_cost": 1.8468953321035797, "oscillation_cost": 27.31403693618972, "completition_cost": 0.0, "overshoot_cost": 50.571374458041376, "power_cost": 12.0526625, "noise_cost": 11.601485115682525, "n_waypoints_completed": 9, "tot_waypoints": 9}}
{"target": -206.17355008088705, "params": {"k_pid_pos": [1.715881248596985, 0.0, 0.930604856877075], "k_pid_alt": [1.7423791773267105, 0.0, 0.0], "k_pid_att": [35.893543271486024, 0.0001, 0.31393495247427844], "k_pid_yaw": [0.5, 1e-06, 0.1], "k_pid_hsp": [0.02449026205869421, 0.0, 0.0], "k_pid_vsp": [314.0814861689888, 299.741668746231, 1e-06]}, "datetime": {"datetime": "2025-08-20 14:44:45", "elapsed": 10339.683886051178, "delta": 21.158783674240112}, "costs": {"total_cost": 206.17355008088705, "time_cost": 94.768, "final_distance_cost": 1.759876418586731, "oscillation_cost": 14.457082021890372, "completition_cost": 0.0, "overshoot_cost": 65.16397193166243, "power_cost": 14.884161340332032, "noise_cost": 15.140458368415453, "n_waypoints_completed": 9, "tot_waypoints": 9}}
{"target": -173.5020150857924, "params": {"k_pid_pos": [1.5978060263703766, 0.0, 0.9524219352643498], "k_pid_alt": [1.6735534313645872, 0.0, 0.0], "k_pid_att": [41.476331663383085, 0.0001, 0.285559890689458], "k_pid_yaw": [0.5, 1e-06, 0.1], "k_pid_hsp": [0.0819382900754984, 0.0, 0.0], "k_pid_vsp": [284.5541245680012, 357.45015284270966, 1e-06]}, "datetime": {"datetime": "2025-08-20 14:45:00", "elapsed": 10355.418293952942, "delta": 15.734407901763916}, "costs": {"total_cost": 173.5020150857924, "time_cost": 70.664, "final_distance_cost": 1.8320265930135047, "oscillation_cost": 25.78015514422359, "completition_cost": 0.0, "overshoot_cost": 51.78029124974993, "power_cost": 12.001215942382814, "noise_cost": 11.444326156422596, "n_waypoints_completed": 9, "tot_waypoints": 9}}
