{"target": -173.10119712084474, "params": {"k_pid_pos": [1.3006159524977756, 0.0, 0.6962117422055655], "k_pid_alt": [1.9999408639675629, 0.0, 0.0], "k_pid_att": [32.226821426568485, 0.0001, 0.31017433844198106], "k_pid_yaw": [0.5, 1e-06, 0.1], "k_pid_hsp": [0.0668100962555842, 6.020001475560718e-05, 0.0], "k_pid_vsp": [279.43295974417055, 390.09657301363785, 1e-06]}, "datetime": {"datetime": "2025-08-20 23:19:11", "elapsed": 41206.16748380661, "delta": 17.549662828445435}, "costs": {"total_cost": 173.10119712084474, "time_cost": 71.56, "final_distance_cost": 1.790910888704689, "oscillation_cost": 24.241900794375383, "completition_cost": 0.0, "overshoot_cost": 52.405322362028976, "power_cost": 11.730720483398438, "noise_cost": 11.372342592337255, "n_waypoints_completed": 9, "tot_waypoints": 9}}
{"target": -171.1619223243259, "params": {"k_pid_pos": [1.3142309876077936, 0.0, 0.6616498916614652], "k_pid_alt": [1.9998922785487092, 0.0, 0.0], "k_pid_att": [28.085845407122246, 0.0001, 0.20147911838070992], "k_pid_yaw": [0.5, 1e-06, 0.1], "k_pid_hsp": [0.0888823966657115, 0.00013495025243509933, 0.0], "k_pid_vsp": [241.98234143330296, 400.0, 1e-06]}, "datetime": {"datetime": "2025-08-20 23:19:27", "elapsed": 41221.8579185009, "delta": 15.690434694290161}, "costs": {"total_cost": 171.1619223243259, "time_cost": 70.672, "final_distance_cost": 1.819974191965234, "oscillation_cost": 25.060328101257163, "completition_cost": 0.0, "overshoot_cost": 51.09277469261652, "power_cost": 11.37562049560547, "noise_cost": 11.141224842881513, "n_waypoints_completed": 9, "tot_waypoints": 9}}
{"target": -171.84879295255524, "params": {"k_pid_pos": [1.330521946668901, 0.0, 0.6313063757162918], "k_pid_alt": [1.9998961183306445, 0.0, 0.0], "k_pid_att": [31.33826088278197, 0.0001, 0.5340532019186752], "k_pid_yaw": [0.5, 1e-06, 0.1], "k_pid_hsp": [0.0915031720220873, 0.0, 0.0], "k_pid_vsp": [250.50272625302875, 389.58213873913996, 1e-06]}, "datetime": {"datetime": "2025-08-20 23:19:43", "elapsed": 41238.27017259598, "delta": 16.412254095077515}, "costs": {"total_cost": 171.84879295255524, "time_cost": 70.57600000000001, "final_distance_cost": 1.8275752260099443, "oscillation_cost": 25.27183289190598, "completition_cost": 0.0, "overshoot_cost": 51.494420339224256, "power_cost": 11.445643139648437, "noise_cost": 11.233321355766604, "n_waypoints_completed": 9, "tot_waypoints": 9}}
{"target": -172.11365274871895, "params": {"k_pid_pos": [1.5494518862272024, 0.0, 0.693447118605671], "k_pid_alt": [1.9999153500165658, 0.0, 0.0], "k_pid_att": [27.55913024200121, 0.0001, 0.332218998773354], "k_pid_yaw": [0.5, 1e-06, 0.1], "k_pid_hsp": [0.08602263246677572, 0.0002659282256422978, 0.0], "k_pid_vsp": [244.74747511536341, 322.10383230695237, 1e-06]}, "datetime": {"datetime": "2025-08-20 23:19:59", "elapsed": 41253.86567544937, "delta": 15.595502853393555}, "costs": {"total_cost": 172.11365274871895, "time_cost": 70.312, "final_distance_cost": 1.8046604343938297, "oscillation_cost": 25.987894718618243, "completition_cost": 0.0, "overshoot_cost": 51.17012753956858, "power_cost": 11.667108081054687, "noise_cost": 11.171861975083603, "n_waypoints_completed": 9, "tot_waypoints": 9}}
{"target": -172.45026330694287, "params": {"k_pid_pos": [1.3176688897744513, 0.0, 0.6455842218454936], "k_pid_alt": [1.9999082450794734, 0.0, 0.0], "k_pid_att": [34.82076138478196, 0.0001, 0.3274722702899468], "k_pid_yaw": [0.5, 1e-06, 0.1], "k_pid_hsp": [0.09644301601234927, 1.5640172329235706e-05, 0.0], "k_pid_vsp": [237.57442322801825, 370.7790304337906, 1e-06]}, "datetime": {"datetime": "2025-08-20 23:20:16", "elapsed": 41270.76210021973, "delta": 16.896424770355225}, "costs": {"total_cost": 172.45026330694287, "time_cost": 70.608, "final_distance_cost": 1.8270726160361253, "oscillation_cost": 25.23550544420488, "completition_cost": 0.0, "overshoot_cost": 51.393695590499604, "power_cost": 11.938071606445313, "noise_cost": 11.447918049756973, "n_waypoints_completed": 9, "tot_waypoints": 9}}
{"target": -171.95338360601824, "params": {"k_pid_pos": [1.320619358080204, 0.0, 0.662366016470692], "k_pid_alt": [1.999880693710007, 0.0, 0.0], "k_pid_att": [46.30581285405854, 0.0001, 0.3240053558506157], "k_pid_yaw": [0.5, 1e-06, 0.1], "k_pid_hsp": [0.09131868463825732, 6.066509425074881e-05, 0.0], "k_pid_vsp": [245.6432479863758, 383.3047294865451, 1e-06]}, "datetime": {"datetime": "2025-08-20 23:20:32", "elapsed": 41286.972689151764, "delta": 16.210588932037354}, "costs": {"total_cost": 171.95338360601824, "time_cost": 70.736, "final_distance_cost": 1.833539280713153, "oscillation_cost": 24.991316584724814, "completition_cost": 0.0, "overshoot_cost": 51.30328840626894, "power_cost": 11.862395043945313, "noise_cost": 11.226844290365998, "n_waypoints_completed": 9, "tot_waypoints": 9}}
{"target": -172.10253720534618, "params": {"k_pid_pos": [1.383222433538544, 0.0, 0.6589272424604682], "k_pid_alt": [1.9998991179495786, 0.0, 0.0], "k_pid_att": [33.39634077271009, 0.0001, 0.3236049602769778], "k_pid_yaw": [0.5, 1e-06, 0.1], "k_pid_hsp": [0.11098896594781955, 5.419136801609722e-05, 0.0], "k_pid_vsp": [269.321715455529, 391.95719447179465, 1e-06]}, "datetime": {"datetime": "2025-08-20 23:20:48", "elapsed": 41303.38570666313, "delta": 16.413017511367798}, "costs": {"total_cost": 172.10253720534618, "time_cost": 70.47200000000001, "final_distance_cost": 1.822843403840447, "oscillation_cost": 25.482670705506774, "completition_cost": 0.0, "overshoot_cost": 51.33228188220046, "power_cost": 11.742186181640626, "noise_cost": 11.250555032157864, "n_waypoints_completed": 9, "tot_waypoints": 9}}
{"target": -171.88269446197432, "params": {"k_pid_pos": [1.300502271880268, 0.0, 0.660639454514134], "k_pid_alt": [1.9998878888835858, 0.0, 0.0], "k_pid_att": [29.00653177994765, 0.0001, 0.3233949216579855], "k_pid_yaw": [0.5, 1e-06, 0.1], "k_pid_hsp": [0.09015351602035836, 5.1462531471879326e-05, 0.0], "k_pid_vsp": [238.83750948629032, 378.941686844936, 1e-06]}, "datetime": {"datetime": "2025-08-20 23:21:04", "elapsed": 41319.2393887043, "delta": 15.853682041168213}, "costs": {"total_cost": 171.88269446197432, "time_cost": 70.752, "final_distance_cost": 1.8061302624780515, "oscillation_cost": 24.974329212596665, "completition_cost": 0.0, "overshoot_cost": 51.38954912938171, "power_cost": 11.746553381347656, "noise_cost": 11.214132476170212, "n_waypoints_completed": 9, "tot_waypoints": 9}}
{"target": -171.912196108647, "params": {"k_pid_pos": [1.3255753924349678, 0.0, 0.6553712502494038], "k_pid_alt": [1.9998911204129837, 0.0, 0.0], "k_pid_att": [28.922811457145453, 0.0001, 0.3230122836388773], "k_pid_yaw": [0.5, 1e-06, 0.1], "k_pid_hsp": [0.09068107740670886, 6.236889902499201e-05, 0.0], "k_pid_vsp": [240.73245308781603, 359.24682524865904, 1e-06]}, "datetime": {"datetime": "2025-08-20 23:21:21", "elapsed": 41336.456525325775, "delta": 17.21713662147522}, "costs": {"total_cost": 171.912196108647, "time_cost": 70.672, "final_distance_cost": 1.8204265776985067, "oscillation_cost": 24.957235799918713, "completition_cost": 0.0, "overshoot_cost": 51.053799183560486, "power_cost": 12.039709423828125, "noise_cost": 11.369025123641206, "n_waypoints_completed": 9, "tot_waypoints": 9}}
{"target": -171.95761462415558, "params": {"k_pid_pos": [1.3116348159101208, 0.0, 0.6571968518048744], "k_pid_alt": [1.9998895657835005, 0.0, 0.0], "k_pid_att": [26.902542053417427, 0.0001, 0.33008386293340464], "k_pid_yaw": [0.5, 1e-06, 0.1], "k_pid_hsp": [0.12165102821112836, 7.081694706803395e-05, 0.0], "k_pid_vsp": [248.7169232124306, 387.7555772571955, 1e-06]}, "datetime": {"datetime": "2025-08-20 23:21:37", "elapsed": 41351.802272081375, "delta": 15.345746755599976}, "costs": {"total_cost": 171.95761462415558, "time_cost": 70.70400000000001, "final_distance_cost": 1.8409457832908367, "oscillation_cost": 25.308370188474075, "completition_cost": 0.0, "overshoot_cost": 50.771182156034364, "power_cost": 11.970502294921875, "noise_cost": 11.362614201434415, "n_waypoints_completed": 9, "tot_waypoints": 9}}
{"target": -172.85505684857918, "params": {"k_pid_pos": [1.2751227076218905, 0.0, 0.7973395363448755], "k_pid_alt": [2.0, 0.0, 0.0], "k_pid_att": [27.802407284207728, 0.0001, 0.3040365194416142], "k_pid_yaw": [0.5, 1e-06, 0.1], "k_pid_hsp": [0.09237923251589948, 8.345644700600449e-05, 0.0], "k_pid_vsp": [223.71106617683427, 366.48984417750654, 1e-06]}, "datetime": {"datetime": "2025-08-20 23:21:56", "elapsed": 41370.71931362152, "delta": 18.917041540145874}, "costs": {"total_cost": 172.85505684857918, "time_cost": 71.312, "final_distance_cost": 1.8411547836676558, "oscillation_cost": 24.67788098487355, "completition_cost": 0.0, "overshoot_cost": 51.4292694460662, "power_cost": 11.939977465820313, "noise_cost": 11.654774168151489, "n_waypoints_completed": 9, "tot_waypoints": 9}}
{"target": -171.54456364313947, "params": {"k_pid_pos": [1.3188534090099384, 0.0, 0.6962834270951561], "k_pid_alt": [1.999890921847353, 0.0, 0.0], "k_pid_att": [27.922401778871087, 0.0001, 0.32780181918067147], "k_pid_yaw": [0.5, 1e-06, 0.1], "k_pid_hsp": [0.11050543703007643, 6.529109548451557e-05, 0.0], "k_pid_vsp": [236.29633820749234, 380.8106766330685, 1e-06]}, "datetime": {"datetime": "2025-08-20 23:22:11", "elapsed": 41385.692078351974, "delta": 14.972764730453491}, "costs": {"total_cost": 171.54456364313947, "time_cost": 70.768, "final_distance_cost": 1.8399977490836708, "oscillation_cost": 25.160813253521784, "completition_cost": 0.0, "overshoot_cost": 50.66055007333342, "power_cost": 11.776976391601563, "noise_cost": 11.33822617559906, "n_waypoints_completed": 9, "tot_waypoints": 9}}
{"target": -172.08474041642273, "params": {"k_pid_pos": [1.3215549972655705, 0.0, 0.6540162828705983], "k_pid_alt": [1.9997220304476155, 0.0, 0.0], "k_pid_att": [28.827695946356744, 0.0001, 0.3189195562179745], "k_pid_yaw": [0.5, 1e-06, 0.1], "k_pid_hsp": [0.11343699244619648, 0.0002374321209529725, 0.0], "k_pid_vsp": [248.18307851206097, 367.76828309400304, 1e-06]}, "datetime": {"datetime": "2025-08-20 23:22:29", "elapsed": 41403.65826559067, "delta": 17.966187238693237}, "costs": {"total_cost": 172.08474041642273, "time_cost": 70.656, "final_distance_cost": 1.8239518286017795, "oscillation_cost": 25.421729891622853, "completition_cost": 0.0, "overshoot_cost": 50.77603196850645, "power_cost": 12.066487548828126, "noise_cost": 11.340539178863498, "n_waypoints_completed": 9, "tot_waypoints": 9}}
{"target": -171.24547144077718, "params": {"k_pid_pos": [1.3095157499507384, 0.0, 0.6392992597030537], "k_pid_alt": [1.9998907787874338, 0.0, 0.0], "k_pid_att": [25.33882830640595, 0.0001, 0.31787408461202216], "k_pid_yaw": [0.5, 1e-06, 0.1], "k_pid_hsp": [0.09121525620632093, 8.342113624992198e-05, 0.0], "k_pid_vsp": [241.8803639886615, 372.79948622429606, 1e-06]}, "datetime": {"datetime": "2025-08-20 23:22:45", "elapsed": 41419.57072162628, "delta": 15.912456035614014}, "costs": {"total_cost": 171.24547144077718, "time_cost": 70.656, "final_distance_cost": 1.8124727014861284, "oscillation_cost": 24.916715465144378, "completition_cost": 0.0, "overshoot_cost": 50.8750167066554, "power_cost": 11.6730474609375, "noise_cost": 11.312219106553762, "n_waypoints_completed": 9, "tot_waypoints": 9}}
{"target": -171.12041706198926, "params": {"k_pid_pos": [1.285173309922848, 0.0, 0.6365580576557847], "k_pid_alt": [1.999939825151222, 0.0, 0.0], "k_pid_att": [27.158810625036406, 0.0001, 0.32173510357670604], "k_pid_yaw": [0.5, 1e-06, 0.1], "k_pid_hsp": [0.09119287899991665, 6.1007635762439276e-05, 0.0], "k_pid_vsp": [239.22034205678455, 374.3342780510719, 1e-06]}, "datetime": {"datetime": "2025-08-20 23:23:01", "elapsed": 41436.29033446312, "delta": 16.71961283683777}, "costs": {"total_cost": 171.12041706198926, "time_cost": 70.72, "final_distance_cost": 1.818962850496324, "oscillation_cost": 24.812123868678846, "completition_cost": 0.0, "overshoot_cost": 51.241910669456146, "power_cost": 11.402973376464844, "noise_cost": 11.124446296893089, "n_waypoints_completed": 9, "tot_waypoints": 9}}
{"target": -172.19972320218773, "params": {"k_pid_pos": [1.1470227629688474, 0.0, 0.5053574153340303], "k_pid_alt": [1.9998345915904638, 0.0, 0.0], "k_pid_att": [27.541351780047794, 0.0001, 0.3207013246181162], "k_pid_yaw": [0.5, 1e-06, 0.1], "k_pid_hsp": [0.08321495537035223, 6.224801980768532e-05, 0.0], "k_pid_vsp": [242.90948924944811, 362.2278156731484, 1e-06]}, "datetime": {"datetime": "2025-08-20 23:23:17", "elapsed": 41452.50894379616, "delta": 16.21860933303833}, "costs": {"total_cost": 172.19972320218773, "time_cost": 70.888, "final_distance_cost": 1.817958939204059, "oscillation_cost": 24.699646049838094, "completition_cost": 0.0, "overshoot_cost": 51.62887142630054, "power_cost": 11.785702770996094, "noise_cost": 11.379544015848907, "n_waypoints_completed": 9, "tot_waypoints": 9}}
{"target": -172.62941674871414, "params": {"k_pid_pos": [1.460543380736899, 0.0, 0.6334954203920904], "k_pid_alt": [1.9999809774465862, 0.0, 0.0], "k_pid_att": [24.151809647484235, 0.0001, 0.25288823901897006], "k_pid_yaw": [0.5, 1e-06, 0.1], "k_pid_hsp": [0.09699583334291115, 0.0009008714438055194, 0.0], "k_pid_vsp": [254.83862569017805, 260.2813257668828, 1e-06]}, "datetime": {"datetime": "2025-08-20 23:23:34", "elapsed": 41468.746797800064, "delta": 16.23785400390625}, "costs": {"total_cost": 172.62941674871414, "time_cost": 70.288, "final_distance_cost": 1.7951218707331968, "oscillation_cost": 26.017279232667136, "completition_cost": 0.0, "overshoot_cost": 51.54045729138118, "power_cost": 11.790944177246095, "noise_cost": 11.19761417668653, "n_waypoints_completed": 9, "tot_waypoints": 9}}
{"target": -172.16912864854424, "params": {"k_pid_pos": [1.301495510788097, 0.0, 0.5798520062089689], "k_pid_alt": [1.999877561548097, 0.0, 0.0], "k_pid_att": [38.277275314044125, 0.0001, 0.31527279924994533], "k_pid_yaw": [0.5, 1e-06, 0.1], "k_pid_hsp": [0.0997376384498918, 5.810377353892925e-05, 0.0], "k_pid_vsp": [240.72549706877237, 379.12131134850245, 1e-06]}, "datetime": {"datetime": "2025-08-20 23:23:51", "elapsed": 41486.32972621918, "delta": 17.58292841911316}, "costs": {"total_cost": 172.16912864854424, "time_cost": 70.544, "final_distance_cost": 1.8212933069926631, "oscillation_cost": 25.484672531077493, "completition_cost": 0.0, "overshoot_cost": 51.009752081475106, "power_cost": 11.993670373535156, "noise_cost": 11.315740355463811, "n_waypoints_completed": 9, "tot_waypoints": 9}}
{"target": -171.6654236904277, "params": {"k_pid_pos": [1.271646876422826, 0.0, 0.6258873741558111], "k_pid_alt": [1.9998546518665634, 0.0, 0.0], "k_pid_att": [26.193993928816493, 0.0001, 0.286946866655728], "k_pid_yaw": [0.5, 1e-06, 0.1], "k_pid_hsp": [0.08939456474214268, 5.252407624638171e-05, 0.0], "k_pid_vsp": [245.3789185955294, 323.3251160213891, 1e-06]}, "datetime": {"datetime": "2025-08-20 23:24:07", "elapsed": 41501.79754161835, "delta": 15.467815399169922}, "costs": {"total_cost": 171.6654236904277, "time_cost": 70.76, "final_distance_cost": 1.8284160193881913, "oscillation_cost": 24.89925049344027, "completition_cost": 0.0, "overshoot_cost": 51.47589384873302, "power_cost": 11.512882482910157, "noise_cost": 11.188980845956053, "n_waypoints_completed": 9, "tot_waypoints": 9}}
{"target": -171.52711816412457, "params": {"k_pid_pos": [1.3888605722271412, 0.0, 0.7525965140606226], "k_pid_alt": [1.9998292125207136, 0.0, 0.0], "k_pid_att": [21.95498446275802, 0.0001, 0.3344691547088814], "k_pid_yaw": [0.5, 1e-06, 0.1], "k_pid_hsp": [0.09363712892158975, 0.0, 0.0], "k_pid_vsp": [244.55559006943298, 376.0345993665808, 1e-06]}, "datetime": {"datetime": "2025-08-20 23:24:26", "elapsed": 41520.6765999794, "delta": 18.879058361053467}, "costs": {"total_cost": 171.52711816412457, "time_cost": 70.744, "final_distance_cost": 1.821652903251094, "oscillation_cost": 24.909593501011877, "completition_cost": 0.0, "overshoot_cost": 51.12626367337734, "power_cost": 11.679915148925781, "noise_cost": 11.245692937558495, "n_waypoints_completed": 9, "tot_waypoints": 9}}
{"target": -173.1610697897728, "params": {"k_pid_pos": [1.3029784707190064, 0.0, 0.6672981135017009], "k_pid_alt": [1.9998748623755784, 0.0, 0.0], "k_pid_att": [26.512126395327485, 0.0001, 0.3156074845046209], "k_pid_yaw": [0.5, 1e-06, 0.1], "k_pid_hsp": [0.06341100367093519, 4.0993708014643325e-05, 0.0], "k_pid_vsp": [241.70060172389384, 363.21271838291494, 1e-06]}, "datetime": {"datetime": "2025-08-20 23:24:41", "elapsed": 41536.366507291794, "delta": 15.689907312393188}, "costs": {"total_cost": 173.1610697897728, "time_cost": 71.728, "final_distance_cost": 1.8133438147325114, "oscillation_cost": 23.68708280595213, "completition_cost": 0.0, "overshoot_cost": 52.78759971546334, "power_cost": 11.725431701660156, "noise_cost": 11.419611751964668, "n_waypoints_completed": 9, "tot_waypoints": 9}}
{"target": -172.73768924352632, "params": {"k_pid_pos": [1.2839985595725179, 0.0, 0.6373674758431483], "k_pid_alt": [1.9998292593384084, 0.0, 0.0], "k_pid_att": [28.93403125303923, 0.0001, 0.3085694964101927], "k_pid_yaw": [0.5, 1e-06, 0.1], "k_pid_hsp": [0.07524633293384364, 5.286669554412024e-05, 0.0], "k_pid_vsp": [224.48210733243388, 382.91052644600745, 1e-06]}, "datetime": {"datetime": "2025-08-20 23:24:58", "elapsed": 41552.99038052559, "delta": 16.623873233795166}, "costs": {"total_cost": 172.73768924352632, "time_cost": 71.016, "final_distance_cost": 1.826674762050119, "oscillation_cost": 24.540841138699403, "completition_cost": 0.0, "overshoot_cost": 52.123935277313265, "power_cost": 11.934906274414063, "noise_cost": 11.295331791049438, "n_waypoints_completed": 9, "tot_waypoints": 9}}
{"target": -173.5509468572421, "params": {"k_pid_pos": [1.5380635657500359, 0.0, 0.6374140458759242], "k_pid_alt": [1.9999224731745868, 0.0, 0.0], "k_pid_att": [37.69400470756192, 0.0001, 0.2344145998417819], "k_pid_yaw": [0.5, 1e-06, 0.1], "k_pid_hsp": [0.09331874993282643, 0.0, 0.0], "k_pid_vsp": [252.68233532716212, 387.1579236390377, 1e-06]}, "datetime": {"datetime": "2025-08-20 23:25:15", "elapsed": 41569.87125468254, "delta": 16.880874156951904}, "costs": {"total_cost": 173.5509468572421, "time_cost": 70.144, "final_distance_cost": 1.8213259925682488, "oscillation_cost": 26.491953762322375, "completition_cost": 0.0, "overshoot_cost": 51.614384919865024, "power_cost": 12.112794189453126, "noise_cost": 11.366487993033342, "n_waypoints_completed": 9, "tot_waypoints": 9}}
{"target": -171.35468163410837, "params": {"k_pid_pos": [1.3105371017699257, 0.0, 0.6337720084145275], "k_pid_alt": [1.9998903388707772, 0.0, 0.0], "k_pid_att": [27.46836094241854, 0.0001, 0.3241426067575844], "k_pid_yaw": [0.5, 1e-06, 0.1], "k_pid_hsp": [0.08940214103432206, 6.132763182692447e-05, 0.0], "k_pid_vsp": [243.98381453857763, 395.26955415144226, 1e-06]}, "datetime": {"datetime": "2025-08-20 23:25:30", "elapsed": 41584.843323946, "delta": 14.972069263458252}, "costs": {"total_cost": 171.35468163410837, "time_cost": 70.608, "final_distance_cost": 1.8122834818304006, "oscillation_cost": 25.134977045083147, "completition_cost": 0.0, "overshoot_cost": 50.78236806366424, "power_cost": 11.656948059082032, "noise_cost": 11.360104984448547, "n_waypoints_completed": 9, "tot_waypoints": 9}}
{"target": -172.80196888482567, "params": {"k_pid_pos": [1.3237854927198884, 0.0, 0.9498981755235885], "k_pid_alt": [1.8600683970695064, 0.0, 0.0], "k_pid_att": [28.347134478112924, 0.0001, 0.3525602750431756], "k_pid_yaw": [0.5, 1e-06, 0.1], "k_pid_hsp": [0.09887233554391192, 0.0, 0.0], "k_pid_vsp": [223.1627585462962, 347.65580709240004, 1e-06]}, "datetime": {"datetime": "2025-08-20 23:25:47", "elapsed": 41602.09445023537, "delta": 17.251126289367676}, "costs": {"total_cost": 172.80196888482567, "time_cost": 71.76, "final_distance_cost": 1.8352937756438181, "oscillation_cost": 24.782906629567584, "completition_cost": 0.0, "overshoot_cost": 50.8622736469139, "power_cost": 11.86625537109375, "noise_cost": 11.69523946160659, "n_waypoints_completed": 9, "tot_waypoints": 9}}
{"target": -171.70074240451743, "params": {"k_pid_pos": [1.367156943486382, 0.0, 0.7252234035578832], "k_pid_alt": [1.9999850613168775, 0.0, 0.0], "k_pid_att": [14.98948020848737, 0.0001, 0.32876552154952715], "k_pid_yaw": [0.5, 1e-06, 0.1], "k_pid_hsp": [0.09402270758176931, 6.138387815731692e-05, 0.0], "k_pid_vsp": [243.47541638557155, 386.2729743486155, 1e-06]}, "datetime": {"datetime": "2025-08-20 23:26:04", "elapsed": 41619.10983157158, "delta": 17.015381336212158}, "costs": {"total_cost": 171.70074240451743, "time_cost": 70.656, "final_distance_cost": 1.8294098965394683, "oscillation_cost": 25.202566681732666, "completition_cost": 0.0, "overshoot_cost": 50.75940639066356, "power_cost": 11.874144067382813, "noise_cost": 11.379215368198912, "n_waypoints_completed": 9, "tot_waypoints": 9}}
{"target": -171.29519816195938, "params": {"k_pid_pos": [1.357464575515009, 0.0, 0.7114161771068048], "k_pid_alt": [1.999895930104799, 0.0, 0.0], "k_pid_att": [27.754777526192285, 0.0001, 0.3166656405490885], "k_pid_yaw": [0.5, 1e-06, 0.1], "k_pid_hsp": [0.0918339525189179, 0.00012022490252151331, 0.0], "k_pid_vsp": [235.66517124037804, 363.3047472673325, 1e-06]}, "datetime": {"datetime": "2025-08-20 23:26:21", "elapsed": 41635.61268234253, "delta": 16.502850770950317}, "costs": {"total_cost": 171.29519816195938, "time_cost": 70.712, "final_distance_cost": 1.8060299330116225, "oscillation_cost": 24.95417264087634, "completition_cost": 0.0, "overshoot_cost": 51.1546928182874, "power_cost": 11.445113793945312, "noise_cost": 11.223188975838685, "n_waypoints_completed": 9, "tot_waypoints": 9}}
