{"target": -172.3269636250256, "params": {"k_pid_pos": [1.3612964470528648, 0.0, 0.678030068094036], "k_pid_alt": [1.9996930222611329, 0.0, 0.0], "k_pid_att": [26.568760826979613, 0.0001, 0.2620133515328782], "k_pid_yaw": [0.5, 1e-06, 0.1], "k_pid_hsp": [0.13915950535876487, 0.000173533056347145, 0.0], "k_pid_vsp": [248.47172465153173, 400.0, 1e-06]}, "datetime": {"datetime": "2025-08-20 20:43:26", "elapsed": 31860.981787919998, "delta": 15.165194749832153}, "costs": {"total_cost": 172.3269636250256, "time_cost": 70.592, "final_distance_cost": 1.8335374709883263, "oscillation_cost": 26.00805836416132, "completition_cost": 0.0, "overshoot_cost": 50.56769593574024, "power_cost": 11.84643104248047, "noise_cost": 11.479240811655258, "n_waypoints_completed": 9, "tot_waypoints": 9}}
{"target": -171.26172105180063, "params": {"k_pid_pos": [1.3052555590824046, 0.0, 0.6683254960832676], "k_pid_alt": [1.9999357966354292, 0.0, 0.0], "k_pid_att": [12.778656373914064, 0.0001, 0.2875565995802486], "k_pid_yaw": [0.5, 1e-06, 0.1], "k_pid_hsp": [0.09652001020300201, 0.0, 0.0], "k_pid_vsp": [246.8004321789763, 393.1943683003382, 1e-06]}, "datetime": {"datetime": "2025-08-20 20:43:43", "elapsed": 31877.678877592087, "delta": 16.697089672088623}, "costs": {"total_cost": 171.26172105180063, "time_cost": 70.656, "final_distance_cost": 1.829279791571254, "oscillation_cost": 24.96921658630065, "completition_cost": 0.0, "overshoot_cost": 50.69860118333106, "power_cost": 11.832565881347657, "noise_cost": 11.27605760925001, "n_waypoints_completed": 9, "tot_waypoints": 9}}
{"target": -172.3939538924408, "params": {"k_pid_pos": [1.291763541405279, 0.0, 0.6075059186460604], "k_pid_alt": [1.9999304249071512, 0.0, 0.0], "k_pid_att": [38.80525566673254, 0.0001, 0.33028191773298393], "k_pid_yaw": [0.5, 1e-06, 0.1], "k_pid_hsp": [0.11018043418095749, 6.411478436970789e-05, 0.0], "k_pid_vsp": [244.4762705299896, 380.67391983402297, 1e-06]}, "datetime": {"datetime": "2025-08-20 20:43:59", "elapsed": 31893.870921850204, "delta": 16.192044258117676}, "costs": {"total_cost": 172.3939538924408, "time_cost": 70.60000000000001, "final_distance_cost": 1.8143286474713234, "oscillation_cost": 25.49409656549439, "completition_cost": 0.0, "overshoot_cost": 50.917109319194196, "power_cost": 12.095697082519532, "noise_cost": 11.47272227776137, "n_waypoints_completed": 9, "tot_waypoints": 9}}
{"target": -171.64463633145147, "params": {"k_pid_pos": [1.3416638714958045, 0.0, 0.6491820205951447], "k_pid_alt": [1.9999128571739828, 0.0, 0.0], "k_pid_att": [30.537299403143606, 0.0001, 0.304055981417998], "k_pid_yaw": [0.5, 1e-06, 0.1], "k_pid_hsp": [0.08286138432002757, 5.9796103102926676e-05, 0.0], "k_pid_vsp": [251.2091147360138, 397.11395545778794, 1e-06]}, "datetime": {"datetime": "2025-08-20 20:44:16", "elapsed": 31911.393787145615, "delta": 17.522865295410156}, "costs": {"total_cost": 171.64463633145147, "time_cost": 70.656, "final_distance_cost": 1.8265163239637383, "oscillation_cost": 24.993882900595143, "completition_cost": 0.0, "overshoot_cost": 51.23368454712665, "power_cost": 11.683185937500001, "noise_cost": 11.251366622265907, "n_waypoints_completed": 9, "tot_waypoints": 9}}
{"target": -171.84015812048796, "params": {"k_pid_pos": [1.2801776694228693, 0.0, 0.7234942748164257], "k_pid_alt": [1.9998978000930008, 0.0, 0.0], "k_pid_att": [28.633561245917555, 0.0001, 0.32647701489805125], "k_pid_yaw": [0.5, 1e-06, 0.1], "k_pid_hsp": [0.08406386405170269, 6.67385893326537e-05, 0.0], "k_pid_vsp": [263.31878314918777, 397.1574208356354, 1e-06]}, "datetime": {"datetime": "2025-08-20 20:44:33", "elapsed": 31928.232943058014, "delta": 16.839155912399292}, "costs": {"total_cost": 171.84015812048796, "time_cost": 71.0, "final_distance_cost": 1.8186149057980305, "oscillation_cost": 24.47174368549358, "completition_cost": 0.0, "overshoot_cost": 51.382338272642286, "power_cost": 11.788823376464844, "noise_cost": 11.378637880089226, "n_waypoints_completed": 9, "tot_waypoints": 9}}
{"target": -171.8413819224782, "params": {"k_pid_pos": [1.3791359545873425, 0.0, 0.6406940126561506], "k_pid_alt": [1.999882649055818, 0.0, 0.0], "k_pid_att": [24.927003770710286, 0.0001, 0.3511907780928939], "k_pid_yaw": [0.5, 1e-06, 0.1], "k_pid_hsp": [0.0814146124663551, 5.260715735741819e-05, 0.0], "k_pid_vsp": [184.15868287229387, 356.43970503939374, 1e-06]}, "datetime": {"datetime": "2025-08-20 20:44:50", "elapsed": 31945.53084564209, "delta": 17.297902584075928}, "costs": {"total_cost": 171.8413819224782, "time_cost": 70.608, "final_distance_cost": 1.8055095557479244, "oscillation_cost": 25.47749253613349, "completition_cost": 0.0, "overshoot_cost": 51.08198858675554, "power_cost": 11.610824951171876, "noise_cost": 11.257566292669361, "n_waypoints_completed": 9, "tot_waypoints": 9}}
{"target": -172.2420474449049, "params": {"k_pid_pos": [1.315587284088713, 0.0, 0.7074134545387747], "k_pid_alt": [1.999970096246335, 0.0, 0.0], "k_pid_att": [25.818031119378812, 0.0001, 0.28859248161572126], "k_pid_yaw": [0.5, 1e-06, 0.1], "k_pid_hsp": [0.1314005622925155, 0.00011077730457404154, 0.0], "k_pid_vsp": [257.99689735402933, 390.2288640374747, 1e-06]}, "datetime": {"datetime": "2025-08-20 20:45:06", "elapsed": 31961.279096841812, "delta": 15.74825119972229}, "costs": {"total_cost": 172.2420474449049, "time_cost": 70.848, "final_distance_cost": 1.8276765390518137, "oscillation_cost": 25.290653621116792, "completition_cost": 0.0, "overshoot_cost": 50.86660614453362, "power_cost": 11.983647656250001, "noise_cost": 11.42546348395266, "n_waypoints_completed": 9, "tot_waypoints": 9}}
{"target": -172.19492079060439, "params": {"k_pid_pos": [1.4373876996987678, 0.0, 0.6123645354010436], "k_pid_alt": [1.8968062587645542, 0.0, 0.0], "k_pid_att": [21.655792691039775, 0.0001, 0.16591966025978483], "k_pid_yaw": [0.5, 1e-06, 0.1], "k_pid_hsp": [0.08453792991307975, 0.00018315199693804025, 0.0], "k_pid_vsp": [248.4182576556555, 400.0, 1e-06]}, "datetime": {"datetime": "2025-08-20 20:45:22", "elapsed": 31977.13696694374, "delta": 15.857870101928711}, "costs": {"total_cost": 172.19492079060439, "time_cost": 70.24, "final_distance_cost": 1.789393282167479, "oscillation_cost": 26.187687272719906, "completition_cost": 0.0, "overshoot_cost": 50.79532216078109, "power_cost": 11.912046484375, "noise_cost": 11.270471590560899, "n_waypoints_completed": 9, "tot_waypoints": 9}}
{"target": -172.36946117055965, "params": {"k_pid_pos": [1.3131057744118086, 0.0, 0.6323916086987157], "k_pid_alt": [1.9998968597174218, 0.0, 0.0], "k_pid_att": [24.366008212507047, 0.0001, 0.33029495741016535], "k_pid_yaw": [0.5, 1e-06, 0.1], "k_pid_hsp": [0.09242520077615665, 3.934029065765471e-05, 0.0], "k_pid_vsp": [237.88166761556184, 391.3035665885643, 1e-06]}, "datetime": {"datetime": "2025-08-20 20:45:39", "elapsed": 31993.900257110596, "delta": 16.76329016685486}, "costs": {"total_cost": 172.36946117055965, "time_cost": 70.632, "final_distance_cost": 1.8166770919157438, "oscillation_cost": 25.140466493821194, "completition_cost": 0.0, "overshoot_cost": 51.25653972287553, "power_cost": 12.066838989257812, "noise_cost": 11.45693887268935, "n_waypoints_completed": 9, "tot_waypoints": 9}}
{"target": -172.86471965915405, "params": {"k_pid_pos": [1.323397514362411, 0.0, 0.8613515716347291], "k_pid_alt": [1.9996686322043276, 0.0, 0.0], "k_pid_att": [18.002751219211042, 0.0001, 0.2720120906177476], "k_pid_yaw": [0.5, 1e-06, 0.1], "k_pid_hsp": [0.0937936892987889, 4.2271990871399934e-05, 0.0], "k_pid_vsp": [244.06969099059216, 398.18839456565036, 1e-06]}, "datetime": {"datetime": "2025-08-20 20:45:55", "elapsed": 32009.936535596848, "delta": 16.03627848625183}, "costs": {"total_cost": 172.86471965915405, "time_cost": 71.328, "final_distance_cost": 1.834182793511162, "oscillation_cost": 24.690395809034285, "completition_cost": 0.0, "overshoot_cost": 51.316043669041775, "power_cost": 12.102135571289063, "noise_cost": 11.593961816277764, "n_waypoints_completed": 9, "tot_waypoints": 9}}
{"target": -171.49790620545687, "params": {"k_pid_pos": [1.2295999687710295, 0.0, 0.6011994022243378], "k_pid_alt": [1.9999259395956837, 0.0, 0.0], "k_pid_att": [24.21374572881178, 0.0001, 0.3058268930880228], "k_pid_yaw": [0.5, 1e-06, 0.1], "k_pid_hsp": [0.09239214047066774, 5.2753958559127053e-05, 0.0], "k_pid_vsp": [250.1982945262958, 394.65004354178313, 1e-06]}, "datetime": {"datetime": "2025-08-20 20:46:12", "elapsed": 32027.090678215027, "delta": 17.15414261817932}, "costs": {"total_cost": 171.49790620545687, "time_cost": 70.744, "final_distance_cost": 1.8195331510259116, "oscillation_cost": 24.9180866645612, "completition_cost": 0.0, "overshoot_cost": 51.283341869440754, "power_cost": 11.550342712402344, "noise_cost": 11.182601808026668, "n_waypoints_completed": 9, "tot_waypoints": 9}}
{"target": -172.95306459731995, "params": {"k_pid_pos": [1.2447559946259352, 0.0, 0.7801637389821026], "k_pid_alt": [1.98787070280125, 0.0, 0.0], "k_pid_att": [31.113655057443616, 0.0001, 0.31879999080664245], "k_pid_yaw": [0.5, 1e-06, 0.1], "k_pid_hsp": [0.1307327881979299, 3.756771832475946e-05, 0.0], "k_pid_vsp": [258.8861291361137, 379.95900879189884, 1e-06]}, "datetime": {"datetime": "2025-08-20 20:46:28", "elapsed": 32042.724626779556, "delta": 15.633948564529419}, "costs": {"total_cost": 172.95306459731995, "time_cost": 71.608, "final_distance_cost": 1.8355962186629506, "oscillation_cost": 24.99439296011569, "completition_cost": 0.0, "overshoot_cost": 50.88981512401148, "power_cost": 12.02551903076172, "noise_cost": 11.599741263768088, "n_waypoints_completed": 9, "tot_waypoints": 9}}
{"target": -173.13235139189746, "params": {"k_pid_pos": [1.4759114981394958, 0.0, 0.6303224866384998], "k_pid_alt": [1.999977129771219, 0.0, 0.0], "k_pid_att": [29.67491592712417, 0.0001, 0.5232309184280335], "k_pid_yaw": [0.5, 1e-06, 0.1], "k_pid_hsp": [0.1374227520335834, 0.00013196136763097175, 0.0], "k_pid_vsp": [244.97497806912128, 397.44117230159316, 1e-06]}, "datetime": {"datetime": "2025-08-20 20:46:44", "elapsed": 32059.05748462677, "delta": 16.332857847213745}, "costs": {"total_cost": 173.13235139189746, "time_cost": 70.21600000000001, "final_distance_cost": 1.8165038455459048, "oscillation_cost": 26.647064624449794, "completition_cost": 0.0, "overshoot_cost": 50.575736676791784, "power_cost": 12.346393859863282, "noise_cost": 11.530652385246709, "n_waypoints_completed": 9, "tot_waypoints": 9}}
{"target": -172.98811214391742, "params": {"k_pid_pos": [1.4151609631705655, 0.0, 0.4004699483890152], "k_pid_alt": [2.0, 0.0, 0.0], "k_pid_att": [29.798049829715644, 0.0001, 0.33901495603713455], "k_pid_yaw": [0.5, 1e-06, 0.1], "k_pid_hsp": [0.12061962563508302, 0.002989444294368808, 0.0], "k_pid_vsp": [260.0909918721962, 270.4746813730963, 1e-06]}, "datetime": {"datetime": "2025-08-20 20:46:59", "elapsed": 32074.183332443237, "delta": 15.125847816467285}, "costs": {"total_cost": 172.98811214391742, "time_cost": 69.744, "final_distance_cost": 1.8101193657158192, "oscillation_cost": 27.710562544158797, "completition_cost": 0.0, "overshoot_cost": 50.53724609908585, "power_cost": 11.989451086425781, "noise_cost": 11.196733048531176, "n_waypoints_completed": 9, "tot_waypoints": 9}}
{"target": -172.04758742312885, "params": {"k_pid_pos": [1.3075007775165512, 0.0, 0.5940580946221132], "k_pid_alt": [1.999908942171512, 0.0, 0.0], "k_pid_att": [37.67300735222147, 0.0001, 0.3549637075350419], "k_pid_yaw": [0.5, 1e-06, 0.1], "k_pid_hsp": [0.10363659545012195, 6.693842881971075e-05, 0.0], "k_pid_vsp": [240.1850054350421, 399.1893375041642, 1e-06]}, "datetime": {"datetime": "2025-08-20 20:47:17", "elapsed": 32092.170761585236, "delta": 17.98742914199829}, "costs": {"total_cost": 172.04758742312885, "time_cost": 70.512, "final_distance_cost": 1.8304635572436236, "oscillation_cost": 25.463359822326282, "completition_cost": 0.0, "overshoot_cost": 50.95595740032168, "power_cost": 12.011684509277345, "noise_cost": 11.27412213395992, "n_waypoints_completed": 9, "tot_waypoints": 9}}
{"target": -173.23118496246838, "params": {"k_pid_pos": [1.490014147983777, 0.0, 0.7260133214097614], "k_pid_alt": [1.9999476250647137, 0.0, 0.0], "k_pid_att": [28.487837988069646, 0.0001, 0.34878214081457354], "k_pid_yaw": [0.5, 1e-06, 0.1], "k_pid_hsp": [0.11353717142003125, 8.935290500700217e-05, 0.0], "k_pid_vsp": [252.27949013903154, 313.98399792230384, 1e-06]}, "datetime": {"datetime": "2025-08-20 20:47:32", "elapsed": 32107.240656137466, "delta": 15.069894552230835}, "costs": {"total_cost": 173.23118496246838, "time_cost": 70.44800000000001, "final_distance_cost": 1.8120890669279253, "oscillation_cost": 25.858067556765533, "completition_cost": 0.0, "overshoot_cost": 51.57462225299659, "power_cost": 12.140344042968751, "noise_cost": 11.39806204280956, "n_waypoints_completed": 9, "tot_waypoints": 9}}
{"target": -171.52335515761865, "params": {"k_pid_pos": [1.342582728392739, 0.0, 0.5973389294632807], "k_pid_alt": [1.9996071737376415, 0.0, 0.0], "k_pid_att": [25.867990689810178, 0.0001, 0.31935205467069644], "k_pid_yaw": [0.5, 1e-06, 0.1], "k_pid_hsp": [0.07529308833050063, 0.0001174852532896828, 0.0], "k_pid_vsp": [242.63707090804806, 394.29321407037344, 1e-06]}, "datetime": {"datetime": "2025-08-20 20:47:49", "elapsed": 32124.365629196167, "delta": 17.12497305870056}, "costs": {"total_cost": 171.52335515761865, "time_cost": 70.792, "final_distance_cost": 1.7900698399405226, "oscillation_cost": 25.092458587599946, "completition_cost": 0.0, "overshoot_cost": 51.44330702899164, "power_cost": 11.329507238769532, "noise_cost": 11.076012462316973, "n_waypoints_completed": 9, "tot_waypoints": 9}}
{"target": -172.91516576997816, "params": {"k_pid_pos": [1.4215912438949891, 0.0, 0.8431937794241308], "k_pid_alt": [1.9998952414023226, 0.0, 0.0], "k_pid_att": [20.01521884271454, 0.0001, 0.3637881759355291], "k_pid_yaw": [0.5, 1e-06, 0.1], "k_pid_hsp": [0.09626276476737171, 2.6023027591956692e-05, 0.0], "k_pid_vsp": [248.57123710840264, 398.87587583104215, 1e-06]}, "datetime": {"datetime": "2025-08-20 20:48:05", "elapsed": 32139.935914993286, "delta": 15.57028579711914}, "costs": {"total_cost": 172.91516576997816, "time_cost": 70.904, "final_distance_cost": 1.8187902980738213, "oscillation_cost": 25.143456328551917, "completition_cost": 0.0, "overshoot_cost": 51.70278552452071, "power_cost": 11.972445373535157, "noise_cost": 11.373688245296577, "n_waypoints_completed": 9, "tot_waypoints": 9}}
{"target": -171.5147222681922, "params": {"k_pid_pos": [1.3127210803434197, 0.0, 0.6523482707807184], "k_pid_alt": [1.9999276585920895, 0.0, 0.0], "k_pid_att": [22.761551148978114, 0.0001, 0.28517684434757123], "k_pid_yaw": [0.5, 1e-06, 0.1], "k_pid_hsp": [0.09273682371359049, 9.315795398874606e-05, 0.0], "k_pid_vsp": [263.4324086372518, 400.0, 1e-06]}, "datetime": {"datetime": "2025-08-20 20:48:22", "elapsed": 32156.711501598358, "delta": 16.77558660507202}, "costs": {"total_cost": 171.5147222681922, "time_cost": 70.648, "final_distance_cost": 1.803065163511399, "oscillation_cost": 24.940661544908345, "completition_cost": 0.0, "overshoot_cost": 50.80601548637075, "power_cost": 11.998290246582032, "noise_cost": 11.318689826819691, "n_waypoints_completed": 9, "tot_waypoints": 9}}
{"target": -173.29616272190793, "params": {"k_pid_pos": [1.4355260882741625, 0.0, 0.482358946162363], "k_pid_alt": [1.9998509144154504, 0.0, 0.0], "k_pid_att": [34.00374839360282, 0.0001, 0.33460631531150403], "k_pid_yaw": [0.5, 1e-06, 0.1], "k_pid_hsp": [0.08968949998488976, 7.00003959843795e-05, 0.0], "k_pid_vsp": [255.23623261803107, 294.3640990062625, 1e-06]}, "datetime": {"datetime": "2025-08-20 20:48:37", "elapsed": 32171.611440181732, "delta": 14.899938583374023}, "costs": {"total_cost": 173.29616272190793, "time_cost": 70.144, "final_distance_cost": 1.8172987266806675, "oscillation_cost": 26.554141005541023, "completition_cost": 0.0, "overshoot_cost": 51.71486970633758, "power_cost": 11.840315625, "noise_cost": 11.22553765834867, "n_waypoints_completed": 9, "tot_waypoints": 9}}
{"target": -171.94942500977473, "params": {"k_pid_pos": [1.320891986156661, 0.0, 0.6326719819108946], "k_pid_alt": [1.9998862775302604, 0.0, 0.0], "k_pid_att": [26.287955043136716, 0.0001, 0.31917568337818286], "k_pid_yaw": [0.5, 1e-06, 0.1], "k_pid_hsp": [0.09007514427956775, 7.345475137734197e-05, 0.0], "k_pid_vsp": [250.02190113732613, 393.8201655455386, 1e-06]}, "datetime": {"datetime": "2025-08-20 20:48:53", "elapsed": 32188.176694393158, "delta": 16.56525421142578}, "costs": {"total_cost": 171.94942500977473, "time_cost": 70.616, "final_distance_cost": 1.8021928801373488, "oscillation_cost": 25.140841232959318, "completition_cost": 0.0, "overshoot_cost": 51.23773787469582, "power_cost": 11.785451623535156, "noise_cost": 11.367201398447095, "n_waypoints_completed": 9, "tot_waypoints": 9}}
{"target": -172.08836891644088, "params": {"k_pid_pos": [1.4200625966278797, 0.0, 0.5801679102112196], "k_pid_alt": [1.8323265665586392, 0.0, 0.0], "k_pid_att": [30.118233718837065, 0.0001, 0.34706627993940176], "k_pid_yaw": [0.5, 1e-06, 0.1], "k_pid_hsp": [0.12073481577006237, 0.0, 0.0], "k_pid_vsp": [239.75373907956632, 299.51478452561673, 1e-06]}, "datetime": {"datetime": "2025-08-20 20:49:09", "elapsed": 32203.888424634933, "delta": 15.711730241775513}, "costs": {"total_cost": 172.08836891644088, "time_cost": 70.0, "final_distance_cost": 1.8270602697518197, "oscillation_cost": 26.239607059218322, "completition_cost": 0.0, "overshoot_cost": 50.59368774117005, "power_cost": 12.063746765136719, "noise_cost": 11.364267081163966, "n_waypoints_completed": 9, "tot_waypoints": 9}}
{"target": -172.48419343757894, "params": {"k_pid_pos": [1.4274885881273325, 0.0, 0.7020232366725221], "k_pid_alt": [1.9999564282687023, 0.0, 0.0], "k_pid_att": [13.777028273464563, 0.0001, 0.314404575423267], "k_pid_yaw": [0.5, 1e-06, 0.1], "k_pid_hsp": [0.09249818931945714, 5.407511384144968e-05, 0.0], "k_pid_vsp": [274.7902183484379, 398.9946263680052, 1e-06]}, "datetime": {"datetime": "2025-08-20 20:49:26", "elapsed": 32221.23304796219, "delta": 17.34462332725525}, "costs": {"total_cost": 172.48419343757894, "time_cost": 70.44800000000001, "final_distance_cost": 1.8094919677125831, "oscillation_cost": 25.492596789467168, "completition_cost": 0.0, "overshoot_cost": 51.51145558487159, "power_cost": 11.961040734863282, "noise_cost": 11.261608360664294, "n_waypoints_completed": 9, "tot_waypoints": 9}}
{"target": -171.66190005266384, "params": {"k_pid_pos": [1.338740003523541, 0.0, 0.6490962721062685], "k_pid_alt": [1.9999176248856665, 0.0, 0.0], "k_pid_att": [26.461400441342757, 0.0001, 0.3135391932290628], "k_pid_yaw": [0.5, 1e-06, 0.1], "k_pid_hsp": [0.08444038735614287, 5.609947354968919e-05, 0.0], "k_pid_vsp": [232.88232727877985, 381.2346800259439, 1e-06]}, "datetime": {"datetime": "2025-08-20 20:49:45", "elapsed": 32240.16930913925, "delta": 18.93626117706299}, "costs": {"total_cost": 171.66190005266384, "time_cost": 70.64, "final_distance_cost": 1.800644843510336, "oscillation_cost": 25.13201158138898, "completition_cost": 0.0, "overshoot_cost": 51.14281318184785, "power_cost": 11.703902319335938, "noise_cost": 11.24252812658074, "n_waypoints_completed": 9, "tot_waypoints": 9}}
{"target": -172.52986210580875, "params": {"k_pid_pos": [1.3141763596722589, 0.0, 0.6270222885634317], "k_pid_alt": [1.999888965047201, 0.0, 0.0], "k_pid_att": [21.515247528256012, 0.0001, 0.36641683724749236], "k_pid_yaw": [0.5, 1e-06, 0.1], "k_pid_hsp": [0.07642667437975245, 2.9736108638758144e-05, 0.0], "k_pid_vsp": [258.61957725803586, 384.77997515958504, 1e-06]}, "datetime": {"datetime": "2025-08-20 20:50:04", "elapsed": 32258.801897764206, "delta": 18.632588624954224}, "costs": {"total_cost": 172.52986210580875, "time_cost": 70.88, "final_distance_cost": 1.789181300608129, "oscillation_cost": 24.918706316902036, "completition_cost": 0.0, "overshoot_cost": 51.83961076524614, "power_cost": 11.72273857421875, "noise_cost": 11.379625148833703, "n_waypoints_completed": 9, "tot_waypoints": 9}}
{"target": -171.98648613074255, "params": {"k_pid_pos": [1.3026787033104381, 0.0, 0.6434671003670642], "k_pid_alt": [1.9998547920379053, 0.0, 0.0], "k_pid_att": [27.759710774953625, 0.0001, 0.2549261831961083], "k_pid_yaw": [0.5, 1e-06, 0.1], "k_pid_hsp": [0.07664642963760082, 6.0599479341309674e-05, 0.0], "k_pid_vsp": [255.14196335768895, 400.0, 1e-06]}, "datetime": {"datetime": "2025-08-20 20:50:21", "elapsed": 32275.569617509842, "delta": 16.767719745635986}, "costs": {"total_cost": 171.98648613074255, "time_cost": 70.912, "final_distance_cost": 1.7967301162253486, "oscillation_cost": 24.97861334620017, "completition_cost": 0.0, "overshoot_cost": 51.95338669005175, "power_cost": 11.25806259765625, "noise_cost": 11.087693380609004, "n_waypoints_completed": 9, "tot_waypoints": 9}}
{"target": -171.8346629080975, "params": {"k_pid_pos": [1.3885773183642975, 0.0, 0.7735458923334173], "k_pid_alt": [1.9711953856014879, 0.0, 0.0], "k_pid_att": [32.059924666498674, 0.0001, 0.33575006799746376], "k_pid_yaw": [0.5, 1e-06, 0.1], "k_pid_hsp": [0.11681275633897661, 3.4915049975030665e-05, 0.0], "k_pid_vsp": [252.04634199448077, 395.38286264110997, 1e-06]}, "datetime": {"datetime": "2025-08-20 20:50:36", "elapsed": 32290.90625333786, "delta": 15.336635828018188}, "costs": {"total_cost": 171.8346629080975, "time_cost": 70.752, "final_distance_cost": 1.8348418038297316, "oscillation_cost": 25.174502662773182, "completition_cost": 0.0, "overshoot_cost": 50.76321674450182, "power_cost": 11.94357685546875, "noise_cost": 11.36652484152402, "n_waypoints_completed": 9, "tot_waypoints": 9}}
