{"target": -172.51469892152778, "params": {"k_pid_pos": [1.5751510013600771, 0.0, 0.752770755635225], "k_pid_alt": [1.7679062535562604, 0.0, 0.0], "k_pid_att": [50.45927028589645, 0.0001, 0.39261980538755353], "k_pid_yaw": [0.5, 1e-06, 0.1], "k_pid_hsp": [0.1374215547129322, 0.0001656132323208806, 0.0], "k_pid_vsp": [339.6722190406022, 282.5429002612991, 1e-06]}, "datetime": {"datetime": "2025-08-20 17:48:33", "elapsed": 21367.91939496994, "delta": 15.8201003074646}, "costs": {"total_cost": 172.51469892152778, "time_cost": 70.152, "final_distance_cost": 1.8268383077513655, "oscillation_cost": 26.58931563575663, "completition_cost": 0.0, "overshoot_cost": 50.62132585010399, "power_cost": 11.936979467773439, "noise_cost": 11.388239660142382, "n_waypoints_completed": 9, "tot_waypoints": 9}}
{"target": -173.50598995486362, "params": {"k_pid_pos": [1.316877937728092, 0.007399920182406516, 0.7645802683374527], "k_pid_alt": [2.0, 0.0, 0.0], "k_pid_att": [26.88446022092681, 0.0001, 0.09126866083567886], "k_pid_yaw": [0.5, 1e-06, 0.1], "k_pid_hsp": [0.12444695368938802, 0.00015266587506910053, 0.0], "k_pid_vsp": [297.75189324738585, 272.4001904413045, 1e-06]}, "datetime": {"datetime": "2025-08-20 17:48:48", "elapsed": 21383.24756217003, "delta": 15.328167200088501}, "costs": {"total_cost": 173.50598995486362, "time_cost": 71.056, "final_distance_cost": 1.8430664765970008, "oscillation_cost": 26.156639725412045, "completition_cost": 0.0, "overshoot_cost": 50.86076987125374, "power_cost": 12.035754064941408, "noise_cost": 11.553759816659403, "n_waypoints_completed": 9, "tot_waypoints": 9}}
{"target": -173.17628255986446, "params": {"k_pid_pos": [1.4926011855183872, 0.0, 0.9127301598504308], "k_pid_alt": [2.0, 0.0, 0.0], "k_pid_att": [28.592204517574267, 0.0001, 0.39788407440577706], "k_pid_yaw": [0.5, 1e-06, 0.1], "k_pid_hsp": [0.11724532272283877, 0.001514108189791495, 0.0], "k_pid_vsp": [251.71751874778195, 294.9801860590896, 1e-06]}, "datetime": {"datetime": "2025-08-20 17:49:06", "elapsed": 21400.58976626396, "delta": 17.342204093933105}, "costs": {"total_cost": 173.17628255986446, "time_cost": 70.864, "final_distance_cost": 1.8394969836902184, "oscillation_cost": 25.414313552308293, "completition_cost": 0.0, "overshoot_cost": 51.36138474424538, "power_cost": 12.133769372558595, "noise_cost": 11.56331790706195, "n_waypoints_completed": 9, "tot_waypoints": 9}}
{"target": -173.27908362130103, "params": {"k_pid_pos": [1.3746912369290585, 0.0, 0.4822519469348909], "k_pid_alt": [2.0, 0.0, 0.0], "k_pid_att": [46.38322769096545, 0.0001, 0.4759647493709217], "k_pid_yaw": [0.5, 1e-06, 0.1], "k_pid_hsp": [0.10570027650107626, 0.0, 0.0], "k_pid_vsp": [240.6072005886952, 137.49317759844553, 1e-06]}, "datetime": {"datetime": "2025-08-20 17:49:23", "elapsed": 21417.885338783264, "delta": 17.295572519302368}, "costs": {"total_cost": 173.27908362130103, "time_cost": 70.384, "final_distance_cost": 1.804904346558665, "oscillation_cost": 26.029058314110145, "completition_cost": 0.0, "overshoot_cost": 51.85583933699923, "power_cost": 11.877662304687501, "noise_cost": 11.327619318945468, "n_waypoints_completed": 9, "tot_waypoints": 9}}
{"target": -172.33491740261562, "params": {"k_pid_pos": [1.3890995250159972, 0.0, 0.7835457913151463], "k_pid_alt": [2.0, 0.0, 0.0], "k_pid_att": [57.15680755889431, 0.0001, 0.7274808256578401], "k_pid_yaw": [0.5, 1e-06, 0.1], "k_pid_hsp": [0.11360741866908997, 7.819851159579886e-05, 0.0], "k_pid_vsp": [238.6120009904568, 285.99783105172236, 1e-06]}, "datetime": {"datetime": "2025-08-20 17:49:41", "elapsed": 21436.459719896317, "delta": 18.574381113052368}, "costs": {"total_cost": 172.33491740261562, "time_cost": 70.936, "final_distance_cost": 1.8318939005354224, "oscillation_cost": 25.03524396208292, "completition_cost": 0.0, "overshoot_cost": 50.787113099373585, "power_cost": 12.203780712890625, "noise_cost": 11.540885727733082, "n_waypoints_completed": 9, "tot_waypoints": 9}}
{"target": -171.91144341658955, "params": {"k_pid_pos": [1.4731605662545353, 0.0, 0.790250725729376], "k_pid_alt": [2.0, 0.0, 0.0], "k_pid_att": [29.611138906306742, 0.0001, 0.31838058526490337], "k_pid_yaw": [0.5, 1e-06, 0.1], "k_pid_hsp": [0.08431103687196917, 8.6710286829536e-05, 0.0], "k_pid_vsp": [253.42723078370202, 376.0155480638985, 1e-06]}, "datetime": {"datetime": "2025-08-20 17:49:59", "elapsed": 21454.29484987259, "delta": 17.835129976272583}, "costs": {"total_cost": 171.91144341658955, "time_cost": 70.64, "final_distance_cost": 1.812527826568551, "oscillation_cost": 25.393415159203588, "completition_cost": 0.0, "overshoot_cost": 51.286506542466554, "power_cost": 11.555192822265626, "noise_cost": 11.223801066085228, "n_waypoints_completed": 9, "tot_waypoints": 9}}
{"target": -173.47691009387563, "params": {"k_pid_pos": [1.3987320977442406, 0.0, 0.4938084398211475], "k_pid_alt": [2.0, 0.0, 0.0], "k_pid_att": [37.00566822691911, 0.0001, 0.30023798532242074], "k_pid_yaw": [0.5, 1e-06, 0.1], "k_pid_hsp": [0.12433508191090231, 0.00019322207482196145, 0.0], "k_pid_vsp": [209.6395232900488, 400.0, 1e-06]}, "datetime": {"datetime": "2025-08-20 17:50:14", "elapsed": 21469.09285092354, "delta": 14.798001050949097}, "costs": {"total_cost": 173.47691009387563, "time_cost": 70.096, "final_distance_cost": 1.8275463140470534, "oscillation_cost": 27.109540193520026, "completition_cost": 0.0, "overshoot_cost": 50.584434441114134, "power_cost": 12.383811657714844, "noise_cost": 11.47557748747961, "n_waypoints_completed": 9, "tot_waypoints": 9}}
{"target": -172.58688977084245, "params": {"k_pid_pos": [1.4670165794285366, 0.0, 0.674493098611173], "k_pid_alt": [2.0, 0.0, 0.0], "k_pid_att": [38.012369866337394, 0.0001, 0.3068358135811505], "k_pid_yaw": [0.5, 1e-06, 0.1], "k_pid_hsp": [0.12186215369353921, 0.0, 0.0], "k_pid_vsp": [236.80657709845178, 385.8290796668351, 1e-06]}, "datetime": {"datetime": "2025-08-20 17:50:30", "elapsed": 21484.581454515457, "delta": 15.488603591918945}, "costs": {"total_cost": 172.58688977084245, "time_cost": 70.32000000000001, "final_distance_cost": 1.8264889889134106, "oscillation_cost": 26.279964735553495, "completition_cost": 0.0, "overshoot_cost": 50.929825257636764, "power_cost": 11.926279235839845, "noise_cost": 11.304331552898939, "n_waypoints_completed": 9, "tot_waypoints": 9}}
{"target": -172.76779092506516, "params": {"k_pid_pos": [1.4476096505772496, 0.0, 0.8183132895358235], "k_pid_alt": [2.0, 0.0, 0.0], "k_pid_att": [60.06106436705544, 0.0001, 0.28483186905644187], "k_pid_yaw": [0.5, 1e-06, 0.1], "k_pid_hsp": [0.10662478762034755, 4.1803498148493734e-05, 0.0], "k_pid_vsp": [247.73562654741886, 189.00410303990202, 1e-06]}, "datetime": {"datetime": "2025-08-20 17:50:46", "elapsed": 21500.978882312775, "delta": 16.397427797317505}, "costs": {"total_cost": 172.76779092506516, "time_cost": 70.992, "final_distance_cost": 1.829059070914916, "oscillation_cost": 25.493558989865594, "completition_cost": 0.0, "overshoot_cost": 50.9686590991035, "power_cost": 12.023151416015626, "noise_cost": 11.461362349165515, "n_waypoints_completed": 9, "tot_waypoints": 9}}
{"target": -171.9473083263019, "params": {"k_pid_pos": [1.5019249522043574, 0.0, 0.8152722258812133], "k_pid_alt": [2.0, 0.0, 0.0], "k_pid_att": [24.86067682784341, 0.0001, 0.29738360704617683], "k_pid_yaw": [0.5, 1e-06, 0.1], "k_pid_hsp": [0.12367441399705476, 0.00021226981556494466, 0.0], "k_pid_vsp": [265.6659490638556, 317.2057063438391, 1e-06]}, "datetime": {"datetime": "2025-08-20 17:51:02", "elapsed": 21516.98463535309, "delta": 16.00575304031372}, "costs": {"total_cost": 171.9473083263019, "time_cost": 70.616, "final_distance_cost": 1.8418225082869952, "oscillation_cost": 25.770871808287232, "completition_cost": 0.0, "overshoot_cost": 50.503369594786705, "power_cost": 11.838453186035157, "noise_cost": 11.376791228905804, "n_waypoints_completed": 9, "tot_waypoints": 9}}
{"target": -172.08039278111107, "params": {"k_pid_pos": [1.4535285268134828, 0.0, 0.821058173790252], "k_pid_alt": [1.8846895505728047, 0.0, 0.0], "k_pid_att": [29.69895149048071, 0.0001, 0.2898272068914165], "k_pid_yaw": [0.5, 1e-06, 0.1], "k_pid_hsp": [0.10234498269239248, 0.0, 0.0], "k_pid_vsp": [242.20819736861978, 248.87888393049326, 1e-06]}, "datetime": {"datetime": "2025-08-20 17:51:18", "elapsed": 21532.99910759926, "delta": 16.014472246170044}, "costs": {"total_cost": 172.08039278111107, "time_cost": 70.70400000000001, "final_distance_cost": 1.8211119033770766, "oscillation_cost": 25.196562114325594, "completition_cost": 0.0, "overshoot_cost": 50.579226251535985, "power_cost": 12.237367126464845, "noise_cost": 11.542125385407596, "n_waypoints_completed": 9, "tot_waypoints": 9}}
{"target": -173.67128001907565, "params": {"k_pid_pos": [1.183000492991939, 0.0, 0.7749346262532412], "k_pid_alt": [2.0, 0.0, 0.0], "k_pid_att": [14.562098421133578, 0.0001, 0.39512722896534885], "k_pid_yaw": [0.5, 1e-06, 0.1], "k_pid_hsp": [0.11793265195295626, 0.0, 0.0], "k_pid_vsp": [272.82025741922996, 314.1390940729107, 1e-06]}, "datetime": {"datetime": "2025-08-20 17:51:33", "elapsed": 21548.08533024788, "delta": 15.086222648620605}, "costs": {"total_cost": 173.67128001907565, "time_cost": 71.976, "final_distance_cost": 1.8411383545009123, "oscillation_cost": 24.54350925873334, "completition_cost": 0.0, "overshoot_cost": 51.324754817899084, "power_cost": 12.195778112792969, "noise_cost": 11.790099475149367, "n_waypoints_completed": 9, "tot_waypoints": 9}}
{"target": -171.90916237277418, "params": {"k_pid_pos": [1.435519273153676, 0.0, 0.7758004749029156], "k_pid_alt": [2.0, 0.0, 0.0], "k_pid_att": [30.135305155770965, 0.0001, 0.2735462875389117], "k_pid_yaw": [0.5, 1e-06, 0.1], "k_pid_hsp": [0.11892706563007073, 0.00023743649231289054, 0.0], "k_pid_vsp": [291.5104875710652, 362.2678712883869, 1e-06]}, "datetime": {"datetime": "2025-08-20 17:51:50", "elapsed": 21564.876782417297, "delta": 16.791452169418335}, "costs": {"total_cost": 171.90916237277418, "time_cost": 70.696, "final_distance_cost": 1.8249926108637542, "oscillation_cost": 25.428343310892934, "completition_cost": 0.0, "overshoot_cost": 50.675104058060306, "power_cost": 11.94708826904297, "noise_cost": 11.337634123914189, "n_waypoints_completed": 9, "tot_waypoints": 9}}
{"target": -172.61016045551935, "params": {"k_pid_pos": [1.4582249360148, 0.0, 1.0], "k_pid_alt": [2.0, 0.0, 0.0], "k_pid_att": [25.088248454950975, 0.0001, 0.2543424877687389], "k_pid_yaw": [0.5, 1e-06, 0.1], "k_pid_hsp": [0.12444997143966306, 0.0, 0.0], "k_pid_vsp": [256.7947321727393, 300.6257758700347, 1e-06]}, "datetime": {"datetime": "2025-08-20 17:52:06", "elapsed": 21580.635446310043, "delta": 15.758663892745972}, "costs": {"total_cost": 172.61016045551935, "time_cost": 71.424, "final_distance_cost": 1.833162767497547, "oscillation_cost": 24.877783207119496, "completition_cost": 0.0, "overshoot_cost": 50.75748951419963, "power_cost": 12.041819860839844, "noise_cost": 11.675905105862855, "n_waypoints_completed": 9, "tot_waypoints": 9}}
{"target": -172.9067222801156, "params": {"k_pid_pos": [1.4280721133475893, 0.011285553071776715, 1.0], "k_pid_alt": [2.0, 0.0, 0.0], "k_pid_att": [17.623906577446434, 0.0001, 0.2799390303893724], "k_pid_yaw": [0.5, 1e-06, 0.1], "k_pid_hsp": [0.12495705915594155, 0.00018371118133499946, 0.0], "k_pid_vsp": [270.6198552186784, 261.08806071338813, 1e-06]}, "datetime": {"datetime": "2025-08-20 17:52:21", "elapsed": 21596.2027490139, "delta": 15.567302703857422}, "costs": {"total_cost": 172.9067222801156, "time_cost": 71.512, "final_distance_cost": 1.8450051951351651, "oscillation_cost": 24.90813384449025, "completition_cost": 0.0, "overshoot_cost": 51.01625231948121, "power_cost": 12.071218701171876, "noise_cost": 11.554112219837055, "n_waypoints_completed": 9, "tot_waypoints": 9}}
{"target": -172.14439347461797, "params": {"k_pid_pos": [1.3775595260936584, 0.0, 0.8070359472703394], "k_pid_alt": [2.0, 0.0, 0.0], "k_pid_att": [32.975760851523674, 0.0001, 0.37381380437538125], "k_pid_yaw": [0.5, 1e-06, 0.1], "k_pid_hsp": [0.1587265577673146, 0.0001192020443681559, 0.0], "k_pid_vsp": [275.0331112201661, 394.31291061051843, 1e-06]}, "datetime": {"datetime": "2025-08-20 17:52:37", "elapsed": 21612.475065469742, "delta": 16.272316455841064}, "costs": {"total_cost": 172.14439347461797, "time_cost": 71.0, "final_distance_cost": 1.8434444001857306, "oscillation_cost": 25.773007482158526, "completition_cost": 0.0, "overshoot_cost": 50.377001590885705, "power_cost": 11.776334045410156, "noise_cost": 11.374605955977865, "n_waypoints_completed": 9, "tot_waypoints": 9}}
{"target": -172.4759564524505, "params": {"k_pid_pos": [1.4151219334258138, 0.0, 0.7220846921188009], "k_pid_alt": [2.0, 0.0, 0.0], "k_pid_att": [20.005165836552685, 0.0001, 0.2689145810530714], "k_pid_yaw": [0.5, 1e-06, 0.1], "k_pid_hsp": [0.11845368254953333, 0.00018113583333847735, 0.0], "k_pid_vsp": [258.7097926019753, 372.5763247641008, 1e-06]}, "datetime": {"datetime": "2025-08-20 17:52:53", "elapsed": 21627.970506429672, "delta": 15.49544095993042}, "costs": {"total_cost": 172.4759564524505, "time_cost": 70.544, "final_distance_cost": 1.8405660536829418, "oscillation_cost": 25.593111788550083, "completition_cost": 0.0, "overshoot_cost": 50.93049021706069, "power_cost": 12.13207908935547, "noise_cost": 11.435709303801342, "n_waypoints_completed": 9, "tot_waypoints": 9}}
{"target": -171.93254475194263, "params": {"k_pid_pos": [1.1550624691535811, 0.0, 0.6646253124472495], "k_pid_alt": [2.0, 0.0, 0.0], "k_pid_att": [12.449145204859201, 0.0001, 0.1905500850678296], "k_pid_yaw": [0.5, 1e-06, 0.1], "k_pid_hsp": [0.11749261100279344, 0.00040385539947692, 0.0], "k_pid_vsp": [245.45518660024675, 400.0, 1e-06]}, "datetime": {"datetime": "2025-08-20 17:53:09", "elapsed": 21644.091711759567, "delta": 16.12120532989502}, "costs": {"total_cost": 171.93254475194263, "time_cost": 71.352, "final_distance_cost": 1.837240313402283, "oscillation_cost": 24.910105634027072, "completition_cost": 0.0, "overshoot_cost": 50.63928580296637, "power_cost": 11.755081945800782, "noise_cost": 11.438831055746148, "n_waypoints_completed": 9, "tot_waypoints": 9}}
{"target": -173.61916927919742, "params": {"k_pid_pos": [1.8348491645159792, 0.0, 0.7691460043165478], "k_pid_alt": [2.0, 0.0, 0.0], "k_pid_att": [14.911640026181736, 0.0001, 0.2548442994301268], "k_pid_yaw": [0.5, 1e-06, 0.1], "k_pid_hsp": [0.11984687262828306, 0.00025431459158386615, 0.0], "k_pid_vsp": [249.20816898155925, 367.9086889625795, 1e-06]}, "datetime": {"datetime": "2025-08-20 17:53:25", "elapsed": 21659.59259080887, "delta": 15.500879049301147}, "costs": {"total_cost": 173.61916927919742, "time_cost": 69.824, "final_distance_cost": 1.8219561658004875, "oscillation_cost": 27.8629178873491, "completition_cost": 0.0, "overshoot_cost": 50.81480686265561, "power_cost": 12.075364123535158, "noise_cost": 11.220124239857071, "n_waypoints_completed": 9, "tot_waypoints": 9}}
{"target": -172.5009049951809, "params": {"k_pid_pos": [1.3509309170531147, 0.0, 0.8029585927965467], "k_pid_alt": [2.0, 0.0, 0.0], "k_pid_att": [24.57836696801592, 0.0001, 0.18659421520750297], "k_pid_yaw": [0.5, 1e-06, 0.1], "k_pid_hsp": [0.10280234361024469, 0.00013340704700319793, 0.0], "k_pid_vsp": [240.3496839804055, 359.3897213261798, 1e-06]}, "datetime": {"datetime": "2025-08-20 17:53:40", "elapsed": 21674.708087921143, "delta": 15.11549711227417}, "costs": {"total_cost": 172.5009049951809, "time_cost": 71.016, "final_distance_cost": 1.8250098956606624, "oscillation_cost": 24.924049104580384, "completition_cost": 0.0, "overshoot_cost": 51.368441246267025, "power_cost": 11.910329650878907, "noise_cost": 11.457075097793908, "n_waypoints_completed": 9, "tot_waypoints": 9}}
{"target": -172.5062575216243, "params": {"k_pid_pos": [1.4491357280678785, 0.0, 0.840405580958266], "k_pid_alt": [2.0, 0.0, 0.0], "k_pid_att": [21.28996775686254, 0.0001, 0.2465037388470855], "k_pid_yaw": [0.5, 1e-06, 0.1], "k_pid_hsp": [0.12492552117742696, 0.00032474751020048235, 0.0], "k_pid_vsp": [244.3205779255977, 400.0, 1e-06]}, "datetime": {"datetime": "2025-08-20 17:53:56", "elapsed": 21690.79428577423, "delta": 16.08619785308838}, "costs": {"total_cost": 172.5062575216243, "time_cost": 70.776, "final_distance_cost": 1.830213893700108, "oscillation_cost": 25.60568613438356, "completition_cost": 0.0, "overshoot_cost": 50.73601853301723, "power_cost": 12.135340185546875, "noise_cost": 11.422998774976525, "n_waypoints_completed": 9, "tot_waypoints": 9}}
{"target": -172.9438522402861, "params": {"k_pid_pos": [1.5756688833921455, 0.0, 0.8203487346074958], "k_pid_alt": [2.0, 0.0, 0.0], "k_pid_att": [24.674413117279798, 0.0001, 0.25410160255395037], "k_pid_yaw": [0.5, 1e-06, 0.1], "k_pid_hsp": [0.12642323582819573, 0.00023610753741766367, 0.0], "k_pid_vsp": [299.0183998496111, 367.3143919212421, 1e-06]}, "datetime": {"datetime": "2025-08-20 17:54:11", "elapsed": 21705.975840330124, "delta": 15.181554555892944}, "costs": {"total_cost": 172.9438522402861, "time_cost": 70.456, "final_distance_cost": 1.8335784793561734, "oscillation_cost": 25.85609203315624, "completition_cost": 0.0, "overshoot_cost": 51.33645189788731, "power_cost": 12.062896118164064, "noise_cost": 11.398833711722292, "n_waypoints_completed": 9, "tot_waypoints": 9}}
{"target": -172.92074507278923, "params": {"k_pid_pos": [1.5628019799484685, 0.0, 0.769087641452418], "k_pid_alt": [2.0, 0.0, 0.0], "k_pid_att": [9.812541009630408, 0.0001, 0.2284916525560696], "k_pid_yaw": [0.5, 1e-06, 0.1], "k_pid_hsp": [0.09978333700143165, 3.413198432564645e-05, 0.0], "k_pid_vsp": [266.7567687705991, 391.2906137080603, 1e-06]}, "datetime": {"datetime": "2025-08-20 17:54:27", "elapsed": 21722.209622383118, "delta": 16.233782052993774}, "costs": {"total_cost": 172.92074507278923, "time_cost": 70.232, "final_distance_cost": 1.8261934276982148, "oscillation_cost": 26.101356962613085, "completition_cost": 0.0, "overshoot_cost": 51.150985858740555, "power_cost": 12.190295153808595, "noise_cost": 11.419913669928793, "n_waypoints_completed": 9, "tot_waypoints": 9}}
{"target": -171.9529178021062, "params": {"k_pid_pos": [1.4450912214230063, 0.0, 0.782412889654324], "k_pid_alt": [2.0, 0.0, 0.0], "k_pid_att": [21.974828693870162, 0.0001, 0.23176114942320686], "k_pid_yaw": [0.5, 1e-06, 0.1], "k_pid_hsp": [0.1309464853285508, 0.0003485626008078613, 0.0], "k_pid_vsp": [265.82227229730665, 361.6416836272995, 1e-06]}, "datetime": {"datetime": "2025-08-20 17:54:43", "elapsed": 21738.540843963623, "delta": 16.33122158050537}, "costs": {"total_cost": 171.9529178021062, "time_cost": 70.632, "final_distance_cost": 1.8435441729172986, "oscillation_cost": 25.619447535079505, "completition_cost": 0.0, "overshoot_cost": 50.39281867976784, "power_cost": 12.035500646972658, "noise_cost": 11.42960676736891, "n_waypoints_completed": 9, "tot_waypoints": 9}}
{"target": -173.3069621515464, "params": {"k_pid_pos": [1.512217179612152, 0.0, 0.5978988468690914], "k_pid_alt": [2.0, 0.0, 0.0], "k_pid_att": [26.74566527924806, 0.0001, 0.3865648077128254], "k_pid_yaw": [0.5, 1e-06, 0.1], "k_pid_hsp": [0.14003610299598096, 0.0002572748899116893, 0.0], "k_pid_vsp": [266.54180576192647, 361.42983890307966, 1e-06]}, "datetime": {"datetime": "2025-08-20 17:54:59", "elapsed": 21753.66244840622, "delta": 15.121604442596436}, "costs": {"total_cost": 173.3069621515464, "time_cost": 70.072, "final_distance_cost": 1.81997633993618, "oscillation_cost": 26.95165874212766, "completition_cost": 0.0, "overshoot_cost": 51.255491235033695, "power_cost": 12.008698413085938, "noise_cost": 11.19913742136293, "n_waypoints_completed": 9, "tot_waypoints": 9}}
{"target": -171.51736609892995, "params": {"k_pid_pos": [1.318016044578801, 0.0, 0.68849979216943], "k_pid_alt": [2.0, 0.0, 0.0], "k_pid_att": [26.123822840498754, 0.0001, 0.3108628302991697], "k_pid_yaw": [0.5, 1e-06, 0.1], "k_pid_hsp": [0.10828416322685115, 0.00013296229414073947, 0.0], "k_pid_vsp": [260.71250778535114, 350.8153302985755, 1e-06]}, "datetime": {"datetime": "2025-08-20 17:55:15", "elapsed": 21769.890102624893, "delta": 16.227654218673706}, "costs": {"total_cost": 171.51736609892995, "time_cost": 70.776, "final_distance_cost": 1.8334494694866177, "oscillation_cost": 25.06879913783232, "completition_cost": 0.0, "overshoot_cost": 50.79241690550234, "power_cost": 11.788441467285157, "noise_cost": 11.25825911882349, "n_waypoints_completed": 9, "tot_waypoints": 9}}
{"target": -173.17904486408668, "params": {"k_pid_pos": [1.3775638920281184, 0.0, 0.622623497506683], "k_pid_alt": [1.8905081279028826, 0.0, 0.0], "k_pid_att": [41.81948342262518, 0.0001, 0.8556466242856434], "k_pid_yaw": [0.5, 1e-06, 0.1], "k_pid_hsp": [0.11911243644789983, 0.00026584112061805797, 0.0], "k_pid_vsp": [253.50257351851704, 379.1363526496394, 1e-06]}, "datetime": {"datetime": "2025-08-20 17:55:30", "elapsed": 21785.267999649048, "delta": 15.377897024154663}, "costs": {"total_cost": 173.17904486408668, "time_cost": 70.21600000000001, "final_distance_cost": 1.8230574468401932, "oscillation_cost": 26.097721169844412, "completition_cost": 0.0, "overshoot_cost": 51.36705102537947, "power_cost": 12.271678649902345, "noise_cost": 11.40353657212023, "n_waypoints_completed": 9, "tot_waypoints": 9}}
