{"target": -179.71337131274012, "params": {"k_pid_pos": [2.0, 0.0, 1.0], "k_pid_alt": [0.9199605597147048, 0.0, 0.0], "k_pid_att": [12.387031254003013, 0.0001, 0.18942367957208955], "k_pid_yaw": [0.5, 1e-06, 0.1], "k_pid_hsp": [0.42098534425811607, 0.0, 0.0], "k_pid_vsp": [400.0, 31.93621138222231, 1e-06]}, "datetime": {"datetime": "2025-08-20 12:55:37", "elapsed": 3792.186357975006, "delta": 15.627654790878296}, "costs": {"total_cost": 179.71337131274012, "time_cost": 71.57600000000001, "final_distance_cost": 1.8465490679694045, "oscillation_cost": 30.987998655673056, "completition_cost": 0.0, "overshoot_cost": 50.696071450569654, "power_cost": 12.681203515625, "noise_cost": 11.925548622903007, "n_waypoints_completed": 9, "tot_waypoints": 9}}
{"target": -190.6581882443719, "params": {"k_pid_pos": [2.0, 0.0, 0.9652286548319065], "k_pid_alt": [0.8766735976029367, 0.0, 0.016124219284755215], "k_pid_att": [5.6673820585344945, 0.0001, 0.1571383361987425], "k_pid_yaw": [0.5, 1e-06, 0.1], "k_pid_hsp": [4.270926241202801, 0.8234112952426332, 0.0], "k_pid_vsp": [400.0, 159.93555937122966, 0.5812824150765579]}, "datetime": {"datetime": "2025-08-20 12:55:52", "elapsed": 3807.509274959564, "delta": 15.322916984558105}, "costs": {"total_cost": 190.6581882443719, "time_cost": 70.248, "final_distance_cost": 1.8522716703767546, "oscillation_cost": 44.90406019454043, "completition_cost": 0.0, "overshoot_cost": 49.60908526230338, "power_cost": 12.545372644042969, "noise_cost": 11.499398473108359, "n_waypoints_completed": 9, "tot_waypoints": 9}}
{"target": -555.0343232393589, "params": {"k_pid_pos": [0.40062225904381155, 0.1444290610310469, 0.9860269771932432], "k_pid_alt": [0.8486140607225013, 0.0, 0.0], "k_pid_att": [32.445132591927226, 2.221512768843409, 0.15516931874485435], "k_pid_yaw": [0.5, 1e-06, 0.1], "k_pid_hsp": [1.5779184319009154, 0.0, 0.0], "k_pid_vsp": [288.4431689677207, 181.9306266595276, 1e-06]}, "datetime": {"datetime": "2025-08-20 12:56:14", "elapsed": 3829.239693403244, "delta": 21.73041844367981}, "costs": {"total_cost": 555.0343232393589, "time_cost": 150, "final_distance_cost": 68.13052219808961, "oscillation_cost": 40.27236919004732, "completition_cost": 222.2222222222222, "overshoot_cost": 46.421838701709376, "power_cost": 14.485674389648437, "noise_cost": 13.50169653764194, "n_waypoints_completed": 7, "tot_waypoints": 9}}
{"target": -178.26804467701285, "params": {"k_pid_pos": [2.0, 0.0, 1.0], "k_pid_alt": [0.9315502873516267, 0.0, 0.0], "k_pid_att": [16.4739614026166, 0.0001, 0.21386855345227962], "k_pid_yaw": [0.5, 1e-06, 0.1], "k_pid_hsp": [0.4369719977668078, 0.0, 0.0], "k_pid_vsp": [400.0, 82.92101608089087, 1e-06]}, "datetime": {"datetime": "2025-08-20 12:56:29", "elapsed": 3844.4393424987793, "delta": 15.199649095535278}, "costs": {"total_cost": 178.26804467701285, "time_cost": 70.984, "final_distance_cost": 1.8363262877148003, "oscillation_cost": 30.657172808019013, "completition_cost": 0.0, "overshoot_cost": 50.50233826130388, "power_cost": 12.526606103515626, "noise_cost": 11.761601216459512, "n_waypoints_completed": 9, "tot_waypoints": 9}}
{"target": -175.8947172784185, "params": {"k_pid_pos": [1.9194909781828964, 0.0, 0.7683983060159386], "k_pid_alt": [0.9499978235886912, 0.0, 0.0], "k_pid_att": [6.56342504305855, 0.0001, 0.35955410184551295], "k_pid_yaw": [0.5, 1e-06, 0.1], "k_pid_hsp": [0.30028968588013616, 0.0, 0.0], "k_pid_vsp": [400.0, 164.24342895295018, 1e-06]}, "datetime": {"datetime": "2025-08-20 12:56:44", "elapsed": 3859.5217773914337, "delta": 15.082434892654419}, "costs": {"total_cost": 175.8947172784185, "time_cost": 70.168, "final_distance_cost": 1.8250378786155386, "oscillation_cost": 30.20085945839399, "completition_cost": 0.0, "overshoot_cost": 49.7258219462372, "power_cost": 12.489616369628907, "noise_cost": 11.48538162554286, "n_waypoints_completed": 9, "tot_waypoints": 9}}
{"target": -1193.9700340011773, "params": {"k_pid_pos": [1.353990004439102, 0.0, 0.9286280030062217], "k_pid_alt": [1.40279204042089, 0.0, 0.02435971886641264], "k_pid_att": [23.718558051942118, 0.0001, 0.14253180077992436], "k_pid_yaw": [0.5, 1e-06, 0.1], "k_pid_hsp": [0.0001, 0.0, 0.0], "k_pid_vsp": [357.95721479653605, 199.51806598232113, 1e-06]}, "datetime": {"datetime": "2025-08-20 12:57:07", "elapsed": 3881.709046602249, "delta": 22.18726921081543}, "costs": {"total_cost": 1193.9700340011773, "time_cost": 150, "final_distance_cost": 46.5404631044303, "oscillation_cost": 0.00676893751281066, "completition_cost": 888.8888888888888, "overshoot_cost": 82.84456629240528, "power_cost": 12.781092407226563, "noise_cost": 12.90825437071335, "n_waypoints_completed": 1, "tot_waypoints": 9}}
{"target": -1201.4015096718047, "params": {"k_pid_pos": [2.0, 0.0, 1.0], "k_pid_alt": [0.8414954003211437, 0.0, 0.0], "k_pid_att": [12.456444377672852, 0.0001, 0.014856093187214564], "k_pid_yaw": [0.5, 1e-06, 0.1], "k_pid_hsp": [0.0001, 0.0, 0.0], "k_pid_vsp": [400.0, 71.78054331463022, 1e-06]}, "datetime": {"datetime": "2025-08-20 12:57:28", "elapsed": 3903.452769756317, "delta": 21.743723154067993}, "costs": {"total_cost": 1201.4015096718047, "time_cost": 150, "final_distance_cost": 46.906818400021365, "oscillation_cost": 5.284533815310234, "completition_cost": 888.8888888888888, "overshoot_cost": 84.59833264133812, "power_cost": 12.788627319335939, "noise_cost": 12.934308606909939, "n_waypoints_completed": 1, "tot_waypoints": 9}}
{"target": -184.22859991285904, "params": {"k_pid_pos": [1.7122535354675477, 0.0, 1.0], "k_pid_alt": [0.8794157365777497, 0.0, 0.0], "k_pid_att": [35.1519712030658, 0.0001, 0.0042501019461412964], "k_pid_yaw": [0.5, 1e-06, 0.1], "k_pid_hsp": [0.3250937498923594, 0.0, 0.0], "k_pid_vsp": [400.0, 124.51354357813574, 1e-06]}, "datetime": {"datetime": "2025-08-20 12:57:44", "elapsed": 3918.777596473694, "delta": 15.324826717376709}, "costs": {"total_cost": 184.22859991285904, "time_cost": 72.168, "final_distance_cost": 1.8419975476942532, "oscillation_cost": 35.567404139979935, "completition_cost": 0.0, "overshoot_cost": 50.44658699346749, "power_cost": 12.445998510742188, "noise_cost": 11.758612720975188, "n_waypoints_completed": 9, "tot_waypoints": 9}}
{"target": -178.63593004405408, "params": {"k_pid_pos": [2.0, 0.0, 0.6763497976049699], "k_pid_alt": [0.7723421628096129, 0.0, 0.0], "k_pid_att": [13.615334270195632, 0.0001, 0.10270513599302689], "k_pid_yaw": [0.5, 1e-06, 0.1], "k_pid_hsp": [0.39284858376212384, 0.0, 0.0], "k_pid_vsp": [400.0, 29.763218153520796, 10.541217296291112]}, "datetime": {"datetime": "2025-08-20 12:57:59", "elapsed": 3934.2916440963745, "delta": 15.514047622680664}, "costs": {"total_cost": 178.63593004405408, "time_cost": 71.68, "final_distance_cost": 1.8317869436882137, "oscillation_cost": 31.775380075532226, "completition_cost": 0.0, "overshoot_cost": 50.96645277065331, "power_cost": 12.025045446777344, "noise_cost": 10.35726480740296, "n_waypoints_completed": 9, "tot_waypoints": 9}}
{"target": -317.7754140372383, "params": {"k_pid_pos": [2.0, 0.0, 0.8477183373033419], "k_pid_alt": [0.9223488740685786, 0.0, 0.0], "k_pid_att": [47.507599312828106, 0.0001, 0.15050289409034662], "k_pid_yaw": [0.5, 1e-06, 0.1], "k_pid_hsp": [0.2622556197646375, 0.0, 0.08100253317204942], "k_pid_vsp": [382.69657312104164, 173.76121327172174, 1e-06]}, "datetime": {"datetime": "2025-08-20 12:58:16", "elapsed": 3951.1775681972504, "delta": 16.885924100875854}, "costs": {"total_cost": 317.7754140372383, "time_cost": 79.52, "final_distance_cost": 1.7773061104206296, "oscillation_cost": 150.1055878772981, "completition_cost": 0.0, "overshoot_cost": 56.66020655595515, "power_cost": 15.77575115966797, "noise_cost": 13.93656233389653, "n_waypoints_completed": 9, "tot_waypoints": 9}}
{"target": -193.8051871861063, "params": {"k_pid_pos": [2.0, 0.0, 1.0], "k_pid_alt": [0.5750328439705591, 0.0, 0.0], "k_pid_att": [23.169367916083125, 0.0001, 0.19757260140532618], "k_pid_yaw": [0.5, 1e-06, 0.1], "k_pid_hsp": [1.6982715226460805, 0.0, 0.0], "k_pid_vsp": [400.0, 115.25385307880097, 12.413432993903557]}, "datetime": {"datetime": "2025-08-20 12:58:32", "elapsed": 3967.1523303985596, "delta": 15.974762201309204}, "costs": {"total_cost": 193.8051871861063, "time_cost": 73.864, "final_distance_cost": 1.8490397437774015, "oscillation_cost": 34.863929975826075, "completition_cost": 0.0, "overshoot_cost": 50.41672135339441, "power_cost": 18.874781298828125, "noise_cost": 13.936714814280329, "n_waypoints_completed": 9, "tot_waypoints": 9}}
{"target": -1196.2662887452689, "params": {"k_pid_pos": [2.0, 0.0, 0.8232732134723506], "k_pid_alt": [1.036425277606193, 0.0, 0.0], "k_pid_att": [36.26273917266246, 0.0001, 0.3360936297914302], "k_pid_yaw": [0.5, 1e-06, 0.1], "k_pid_hsp": [0.0001, 0.0, 0.0], "k_pid_vsp": [400.0, 1e-06, 1e-06]}, "datetime": {"datetime": "2025-08-20 12:58:54", "elapsed": 3988.952726125717, "delta": 21.800395727157593}, "costs": {"total_cost": 1196.2662887452689, "time_cost": 150, "final_distance_cost": 46.86727366030992, "oscillation_cost": 0.005005468331557776, "completition_cost": 888.8888888888888, "overshoot_cost": 84.7680600716071, "power_cost": 12.790884130859375, "noise_cost": 12.946176525272032, "n_waypoints_completed": 1, "tot_waypoints": 9}}
{"target": -1243.405068761233, "params": {"k_pid_pos": [0.3209387606578551, 0.0, 0.47755414471765956], "k_pid_alt": [0.8199114558043468, 0.01414583181915511, 0.032253795975344016], "k_pid_att": [55.656222546913845, 0.014933226267315011, 0.44760909007057725], "k_pid_yaw": [0.5, 1e-06, 0.1], "k_pid_hsp": [0.0001, 0.0, 0.0], "k_pid_vsp": [400.0, 168.399154973315, 1e-06]}, "datetime": {"datetime": "2025-08-20 12:59:17", "elapsed": 4011.591122150421, "delta": 22.63839602470398}, "costs": {"total_cost": 1243.405068761233, "time_cost": 150, "final_distance_cost": 45.41123014845577, "oscillation_cost": 0.003386474667639619, "completition_cost": 1000.0, "overshoot_cost": 22.292630940407374, "power_cost": 12.774065966796876, "noise_cost": 12.92375523090527, "n_waypoints_completed": 0, "tot_waypoints": 9}}
{"target": -186.31279547062138, "params": {"k_pid_pos": [1.808743138605444, 0.0, 0.26111533467894477], "k_pid_alt": [1.045657310349256, 0.0, 0.0], "k_pid_att": [28.892108982025025, 0.0001, 0.002968753258427964], "k_pid_yaw": [0.5, 1e-06, 0.1], "k_pid_hsp": [0.8180082850778292, 0.0, 0.0], "k_pid_vsp": [400.0, 243.6653191414307, 1e-06]}, "datetime": {"datetime": "2025-08-20 12:59:31", "elapsed": 4026.385404586792, "delta": 14.79428243637085}, "costs": {"total_cost": 186.31279547062138, "time_cost": 69.272, "final_distance_cost": 1.8149277707634024, "oscillation_cost": 41.158898710142715, "completition_cost": 0.0, "overshoot_cost": 49.96794583360173, "power_cost": 12.673686486816408, "noise_cost": 11.425336669297122, "n_waypoints_completed": 9, "tot_waypoints": 9}}
{"target": -1196.1662140530743, "params": {"k_pid_pos": [2.0, 0.0, 1.0], "k_pid_alt": [0.9689524932553899, 0.0, 0.0], "k_pid_att": [17.58462743187377, 0.0001, 0.19216016083307436], "k_pid_yaw": [0.5, 1e-06, 0.1], "k_pid_hsp": [0.0001, 0.0, 0.0], "k_pid_vsp": [400.0, 40.96569519268769, 1e-06]}, "datetime": {"datetime": "2025-08-20 12:59:53", "elapsed": 4048.089427947998, "delta": 21.704023361206055}, "costs": {"total_cost": 1196.1662140530743, "time_cost": 150, "final_distance_cost": 46.91292972341615, "oscillation_cost": 0.004941144325221806, "completition_cost": 888.8888888888888, "overshoot_cost": 84.62111276189627, "power_cost": 12.79521845703125, "noise_cost": 12.943123077516665, "n_waypoints_completed": 1, "tot_waypoints": 9}}
{"target": -246.34193581514415, "params": {"k_pid_pos": [0.9720947640103247, 0.0, 0.8553887472857895], "k_pid_alt": [0.8789744532115248, 0.0, 0.0], "k_pid_att": [41.97734086661762, 0.4459343319221156, 0.2648353720450405], "k_pid_yaw": [0.5, 1e-06, 0.1], "k_pid_hsp": [0.2830422668012542, 0.386956485798025, 0.017652108324803364], "k_pid_vsp": [278.5892110323486, 135.85387224573063, 34.769763771063346]}, "datetime": {"datetime": "2025-08-20 13:00:11", "elapsed": 4066.009134054184, "delta": 17.919706106185913}, "costs": {"total_cost": 246.34193581514415, "time_cost": 82.432, "final_distance_cost": 1.85833475960532, "oscillation_cost": 74.98815275276897, "completition_cost": 0.0, "overshoot_cost": 50.09796088310761, "power_cost": 20.07803486328125, "noise_cost": 16.887452556380982, "n_waypoints_completed": 9, "tot_waypoints": 9}}
{"target": -180.03063033100202, "params": {"k_pid_pos": [1.317793391654837, 0.0, 0.3519754288905513], "k_pid_alt": [0.8666488430623739, 0.0, 0.0], "k_pid_att": [10.694404316811752, 0.0001, 0.26098684574254893], "k_pid_yaw": [0.5, 1e-06, 0.1], "k_pid_hsp": [0.6573461590700327, 0.0, 0.0], "k_pid_vsp": [232.68422127948233, 31.46311485104106, 1e-06]}, "datetime": {"datetime": "2025-08-20 13:00:26", "elapsed": 4081.101828813553, "delta": 15.092694759368896}, "costs": {"total_cost": 180.03063033100202, "time_cost": 71.528, "final_distance_cost": 1.8483970573931632, "oscillation_cost": 31.318607738384518, "completition_cost": 0.0, "overshoot_cost": 50.54822278734546, "power_cost": 12.787089880371095, "noise_cost": 12.00031286750777, "n_waypoints_completed": 9, "tot_waypoints": 9}}
{"target": -1223.2654326701613, "params": {"k_pid_pos": [2.0, 0.30248296015228515, 1.0], "k_pid_alt": [1.7238159644132722, 0.026107762191474773, 0.003052023772097047], "k_pid_att": [41.60436672740046, 3.0544125905474537, 0.08041070375694388], "k_pid_yaw": [0.5, 1e-06, 0.1], "k_pid_hsp": [0.0001, 0.006105191161405371, 0.0], "k_pid_vsp": [378.5723096753428, 147.46488141655266, 1e-06]}, "datetime": {"datetime": "2025-08-20 13:00:48", "elapsed": 4102.598881721497, "delta": 21.497052907943726}, "costs": {"total_cost": 1223.2654326701613, "time_cost": 150, "final_distance_cost": 56.88250198248983, "oscillation_cost": 3.937087468835391, "completition_cost": 888.8888888888888, "overshoot_cost": 93.49402948717953, "power_cost": 15.982506469726562, "noise_cost": 14.080418373041347, "n_waypoints_completed": 1, "tot_waypoints": 9}}
{"target": -1219.4146625131464, "params": {"k_pid_pos": [1.7571796948793021, 0.4062150794616867, 0.7583510288242641], "k_pid_alt": [0.9211086884376282, 0.005139249755751415, 0.0], "k_pid_att": [24.731121508999756, 0.0001, 0.012441442720403387], "k_pid_yaw": [0.5, 1e-06, 0.1], "k_pid_hsp": [0.0001, 0.32715784502554973, 0.0], "k_pid_vsp": [400.0, 162.8698147680971, 1e-06]}, "datetime": {"datetime": "2025-08-20 13:01:09", "elapsed": 4124.217574834824, "delta": 21.618693113327026}, "costs": {"total_cost": 1219.4146625131464, "time_cost": 150, "final_distance_cost": 72.97862606064214, "oscillation_cost": 107.80610260147186, "completition_cost": 777.7777777777778, "overshoot_cost": 70.6727631613238, "power_cost": 22.632226831054687, "noise_cost": 17.547166080876256, "n_waypoints_completed": 2, "tot_waypoints": 9}}
{"target": -853.5237460606747, "params": {"k_pid_pos": [0.850417473790515, 0.32427183093739614, 0.7729560788653869], "k_pid_alt": [0.7406510794868544, 0.0, 0.19884330156573513], "k_pid_att": [34.024249666245495, 0.0001, 0.10642153163823705], "k_pid_yaw": [0.5, 1e-06, 0.1], "k_pid_hsp": [0.0001, 0.3257740294801492, 0.21987979987968598], "k_pid_vsp": [387.36556085550797, 92.23729540665501, 1e-06]}, "datetime": {"datetime": "2025-08-20 13:01:31", "elapsed": 4145.991531610489, "delta": 21.773956775665283}, "costs": {"total_cost": 853.5237460606747, "time_cost": 150, "final_distance_cost": 73.4121451518502, "oscillation_cost": 184.31893170870777, "completition_cost": 333.33333333333337, "overshoot_cost": 76.49739370126466, "power_cost": 19.904910815429687, "noise_cost": 16.057031350089016, "n_waypoints_completed": 6, "tot_waypoints": 9}}
{"target": -177.7112568159902, "params": {"k_pid_pos": [2.0, 0.0, 1.0], "k_pid_alt": [0.9921605649108386, 0.0, 0.0], "k_pid_att": [65.41994788546954, 0.0001, 0.3017688201586002], "k_pid_yaw": [0.5, 1e-06, 0.1], "k_pid_hsp": [0.37215874582786257, 0.0, 0.0], "k_pid_vsp": [366.3987668379391, 186.0396040315289, 1e-06]}, "datetime": {"datetime": "2025-08-20 13:01:46", "elapsed": 4161.378212213516, "delta": 15.386680603027344}, "costs": {"total_cost": 177.7112568159902, "time_cost": 70.584, "final_distance_cost": 1.843872421836101, "oscillation_cost": 31.778077705645075, "completition_cost": 0.0, "overshoot_cost": 50.134005413570264, "power_cost": 11.899617712402344, "noise_cost": 11.471683562536414, "n_waypoints_completed": 9, "tot_waypoints": 9}}
{"target": -203.48214798277417, "params": {"k_pid_pos": [2.0, 0.04478242180297987, 0.874552898469951], "k_pid_alt": [0.3958396701783762, 0.0, 0.11564997737171204], "k_pid_att": [50.58792473949866, 0.0001, 0.20489714756950964], "k_pid_yaw": [0.5, 1e-06, 0.1], "k_pid_hsp": [0.854578412857651, 0.0, 0.0], "k_pid_vsp": [235.77461073237436, 66.9026276692741, 1e-06]}, "datetime": {"datetime": "2025-08-20 13:02:04", "elapsed": 4179.522956371307, "delta": 18.144744157791138}, "costs": {"total_cost": 203.48214798277417, "time_cost": 84.184, "final_distance_cost": 1.8598958744685203, "oscillation_cost": 38.259577076347384, "completition_cost": 0.0, "overshoot_cost": 51.050897394922124, "power_cost": 14.907898449707032, "noise_cost": 13.219879187329095, "n_waypoints_completed": 9, "tot_waypoints": 9}}
{"target": -178.2659815742423, "params": {"k_pid_pos": [1.958799156676209, 0.0, 1.0], "k_pid_alt": [0.993672587698109, 0.0, 0.0], "k_pid_att": [33.189201019291616, 0.0001, 0.1876438819288209], "k_pid_yaw": [0.5, 1e-06, 0.1], "k_pid_hsp": [0.6677552226141998, 0.0, 0.0], "k_pid_vsp": [400.0, 153.57649301535545, 1e-06]}, "datetime": {"datetime": "2025-08-20 13:02:20", "elapsed": 4194.697858810425, "delta": 15.174902439117432}, "costs": {"total_cost": 178.2659815742423, "time_cost": 70.70400000000001, "final_distance_cost": 1.8403252900424532, "oscillation_cost": 31.955360863477097, "completition_cost": 0.0, "overshoot_cost": 49.75295301861177, "power_cost": 12.361377722167969, "noise_cost": 11.651964679943006, "n_waypoints_completed": 9, "tot_waypoints": 9}}
{"target": -246.1630194419793, "params": {"k_pid_pos": [2.0, 0.0, 1.0], "k_pid_alt": [1.1549479905128972, 0.012442577747357686, 0.46217942852941796], "k_pid_att": [18.69590522618028, 0.6275988468970572, 0.40896844350695905], "k_pid_yaw": [0.5, 1e-06, 0.1], "k_pid_hsp": [9.146357245456782, 0.0, 0.0], "k_pid_vsp": [400.0, 1e-06, 2.567228839551997]}, "datetime": {"datetime": "2025-08-20 13:02:35", "elapsed": 4210.269085407257, "delta": 15.571226596832275}, "costs": {"total_cost": 246.1630194419793, "time_cost": 72.2, "final_distance_cost": 1.8502917575475994, "oscillation_cost": 96.37093478835637, "completition_cost": 0.0, "overshoot_cost": 51.16795387297137, "power_cost": 12.6597935546875, "noise_cost": 11.914045468416468, "n_waypoints_completed": 9, "tot_waypoints": 9}}
{"target": -175.82730133551286, "params": {"k_pid_pos": [2.0, 0.0, 1.0], "k_pid_alt": [0.9806280614874694, 0.0, 0.0], "k_pid_att": [9.090211190419272, 0.0001, 0.18595269645472215], "k_pid_yaw": [0.5, 1e-06, 0.1], "k_pid_hsp": [0.09547590877355087, 0.0, 0.0], "k_pid_vsp": [400.0, 69.35026981237704, 1e-06]}, "datetime": {"datetime": "2025-08-20 13:02:51", "elapsed": 4225.752730607986, "delta": 15.48364520072937}, "costs": {"total_cost": 175.82730133551286, "time_cost": 71.34400000000001, "final_distance_cost": 1.805443175586515, "oscillation_cost": 27.56386237671929, "completition_cost": 0.0, "overshoot_cost": 51.79601159075039, "power_cost": 11.927261071777345, "noise_cost": 11.390723120679324, "n_waypoints_completed": 9, "tot_waypoints": 9}}
{"target": -193.879572490017, "params": {"k_pid_pos": [1.3457396161293589, 0.03456142561755099, 0.9861444882768915], "k_pid_alt": [0.6223938374705085, 0.0, 0.005749442732039714], "k_pid_att": [52.77931628604793, 0.6759234617115939, 0.2598163309259854], "k_pid_yaw": [0.5, 1e-06, 0.1], "k_pid_hsp": [1.4979265704394418, 0.00750860022923007, 0.0], "k_pid_vsp": [400.0, 26.905880728014665, 0.3745034260808821]}, "datetime": {"datetime": "2025-08-20 13:03:08", "elapsed": 4243.076469421387, "delta": 17.32373881340027}, "costs": {"total_cost": 193.879572490017, "time_cost": 79.48, "final_distance_cost": 1.8537591233764872, "oscillation_cost": 35.62977848384071, "completition_cost": 0.0, "overshoot_cost": 51.529480717266864, "power_cost": 12.747021496582033, "noise_cost": 12.639532668950913, "n_waypoints_completed": 9, "tot_waypoints": 9}}
{"target": -1196.2450509777493, "params": {"k_pid_pos": [2.0, 0.052444720848866665, 1.0], "k_pid_alt": [0.6428135211242842, 0.0, 0.0], "k_pid_att": [31.967738323439107, 0.0001, 0.21126456078156694], "k_pid_yaw": [0.5, 1e-06, 0.1], "k_pid_hsp": [0.0001, 0.0, 0.0], "k_pid_vsp": [393.93521401849017, 122.73958111931708, 1e-06]}, "datetime": {"datetime": "2025-08-20 13:03:29", "elapsed": 4264.483280658722, "delta": 21.406811237335205}, "costs": {"total_cost": 1196.2450509777493, "time_cost": 150, "final_distance_cost": 46.97527405257911, "oscillation_cost": 0.008283008858555582, "completition_cost": 888.8888888888888, "overshoot_cost": 84.67504143388344, "power_cost": 12.773081298828126, "noise_cost": 12.924482294711286, "n_waypoints_completed": 1, "tot_waypoints": 9}}
{"target": -177.7944641469864, "params": {"k_pid_pos": [2.0, 0.0, 1.0], "k_pid_alt": [1.016568203832845, 0.0, 0.0], "k_pid_att": [15.71999723175694, 0.0001, 0.21277302383270033], "k_pid_yaw": [0.5, 1e-06, 0.1], "k_pid_hsp": [0.28234046270211866, 0.0, 0.0], "k_pid_vsp": [341.3951799482152, 56.614268494537214, 1e-06]}, "datetime": {"datetime": "2025-08-20 13:03:45", "elapsed": 4279.628083229065, "delta": 15.144802570343018}, "costs": {"total_cost": 177.7944641469864, "time_cost": 70.792, "final_distance_cost": 1.8463881284596964, "oscillation_cost": 30.009822264679013, "completition_cost": 0.0, "overshoot_cost": 51.087386684836574, "power_cost": 12.458947778320313, "noise_cost": 11.59991929069078, "n_waypoints_completed": 9, "tot_waypoints": 9}}
