{"target": -174.34252980758455, "params": {"k_pid_pos": [1.6141477024742459, 0.0, 0.9486418873873805], "k_pid_alt": [1.2616142715698344, 0.0, 0.0], "k_pid_att": [22.602233495984713, 0.0001, 0.5706411041053557], "k_pid_yaw": [0.5, 1e-06, 0.1], "k_pid_hsp": [0.22140875690397444, 0.0, 0.0], "k_pid_vsp": [207.31253772480545, 205.74353697935604, 1e-06]}, "datetime": {"datetime": "2025-08-20 14:00:56", "elapsed": 7710.991204500198, "delta": 19.294926166534424}, "costs": {"total_cost": 174.34252980758455, "time_cost": 70.536, "final_distance_cost": 1.850338326947639, "oscillation_cost": 27.420096312117675, "completition_cost": 0.0, "overshoot_cost": 50.051896062896134, "power_cost": 12.73357479248047, "noise_cost": 11.75062431314261, "n_waypoints_completed": 9, "tot_waypoints": 9}}
{"target": -1195.2258778054352, "params": {"k_pid_pos": [1.6554206973353764, 0.0, 0.9043264464499031], "k_pid_alt": [1.389808649415576, 0.0, 0.0], "k_pid_att": [38.73179937936961, 0.0001, 0.6216517747983012], "k_pid_yaw": [0.5, 1e-06, 0.1], "k_pid_hsp": [0.0001, 0.0, 0.0], "k_pid_vsp": [287.7707732265987, 331.3134953033279, 1e-06]}, "datetime": {"datetime": "2025-08-20 14:01:23", "elapsed": 7738.538680791855, "delta": 27.547476291656494}, "costs": {"total_cost": 1195.2258778054352, "time_cost": 150, "final_distance_cost": 46.76266832598582, "oscillation_cost": 0.00405528191417982, "completition_cost": 888.8888888888888, "overshoot_cost": 83.79939471881538, "power_cost": 12.822378344726562, "noise_cost": 12.948492245104541, "n_waypoints_completed": 1, "tot_waypoints": 9}}
{"target": -174.0461900811231, "params": {"k_pid_pos": [1.9385449235814454, 0.0, 1.0], "k_pid_alt": [1.3870795924155472, 0.0, 0.0], "k_pid_att": [52.635203096396026, 0.0001, 0.4738097096716978], "k_pid_yaw": [0.5, 1e-06, 0.1], "k_pid_hsp": [0.1756930525175961, 0.0, 0.0], "k_pid_vsp": [289.62645796909277, 398.1213804034661, 1e-06]}, "datetime": {"datetime": "2025-08-20 14:01:42", "elapsed": 7757.322597026825, "delta": 18.783916234970093}, "costs": {"total_cost": 174.0461900811231, "time_cost": 69.70400000000001, "final_distance_cost": 1.8288817592457705, "oscillation_cost": 28.81019596495764, "completition_cost": 0.0, "overshoot_cost": 49.88166870017614, "power_cost": 12.316281420898438, "noise_cost": 11.505162235845082, "n_waypoints_completed": 9, "tot_waypoints": 9}}
{"target": -173.28677851097734, "params": {"k_pid_pos": [1.6894127015114382, 0.0, 0.8733005009139772], "k_pid_alt": [1.4045646634697297, 0.0, 0.0], "k_pid_att": [42.38550545193677, 0.0001, 0.4433955824553767], "k_pid_yaw": [0.5, 1e-06, 0.1], "k_pid_hsp": [0.13508290005340623, 0.0, 0.0], "k_pid_vsp": [282.25231062437325, 282.51001724880064, 1e-06]}, "datetime": {"datetime": "2025-08-20 14:01:59", "elapsed": 7774.457168340683, "delta": 17.134571313858032}, "costs": {"total_cost": 173.28677851097734, "time_cost": 69.896, "final_distance_cost": 1.8261709586601165, "oscillation_cost": 27.26701273847892, "completition_cost": 0.0, "overshoot_cost": 50.831274697746935, "power_cost": 11.984231518554688, "noise_cost": 11.482088597536675, "n_waypoints_completed": 9, "tot_waypoints": 9}}
{"target": -1195.6203768318535, "params": {"k_pid_pos": [1.9165198447010403, 0.0, 0.9999020300292357], "k_pid_alt": [1.3126659720519787, 0.0, 0.0], "k_pid_att": [52.89333835698771, 0.0001, 0.5938385098231472], "k_pid_yaw": [0.5, 1e-06, 0.1], "k_pid_hsp": [0.0001, 0.0, 0.0], "k_pid_vsp": [310.929614965657, 196.18513041218682, 1e-06]}, "datetime": {"datetime": "2025-08-20 14:02:24", "elapsed": 7799.553868055344, "delta": 25.096699714660645}, "costs": {"total_cost": 1195.6203768318535, "time_cost": 150, "final_distance_cost": 46.88217980039469, "oscillation_cost": 0.004192476749519136, "completition_cost": 888.8888888888888, "overshoot_cost": 84.15615407671372, "power_cost": 12.780777233886718, "noise_cost": 12.90818435522008, "n_waypoints_completed": 1, "tot_waypoints": 9}}
{"target": -175.58448104990774, "params": {"k_pid_pos": [1.721940563208137, 0.09073473696156897, 0.7035768211455604], "k_pid_alt": [1.4634825195225176, 0.0, 0.033576686175319295], "k_pid_att": [29.538269268315716, 0.0001, 0.4715134119524694], "k_pid_yaw": [0.5, 1e-06, 0.1], "k_pid_hsp": [0.49865185944947393, 0.0, 0.0], "k_pid_vsp": [343.77016349788045, 198.4436163611219, 1e-06]}, "datetime": {"datetime": "2025-08-20 14:02:43", "elapsed": 7817.988875865936, "delta": 18.43500781059265}, "costs": {"total_cost": 175.58448104990774, "time_cost": 69.608, "final_distance_cost": 1.8274448820403617, "oscillation_cost": 30.19538447945362, "completition_cost": 0.0, "overshoot_cost": 50.09991945926175, "power_cost": 12.289689599609376, "noise_cost": 11.56404262954262, "n_waypoints_completed": 9, "tot_waypoints": 9}}
{"target": -177.84884211161486, "params": {"k_pid_pos": [1.7267727167205889, 0.0, 0.9364619768236455], "k_pid_alt": [1.4328250458263014, 0.0, 0.0], "k_pid_att": [40.99924504820309, 0.0001, 0.7409133159119458], "k_pid_yaw": [0.5, 1e-06, 0.1], "k_pid_hsp": [1.131991491137128, 0.0, 0.0], "k_pid_vsp": [298.24893613478025, 273.15707340134685, 1e-06]}, "datetime": {"datetime": "2025-08-20 14:03:03", "elapsed": 7837.727054595947, "delta": 19.738178730010986}, "costs": {"total_cost": 177.84884211161486, "time_cost": 70.408, "final_distance_cost": 1.8518014217496919, "oscillation_cost": 31.56823973295088, "completition_cost": 0.0, "overshoot_cost": 49.80679265989963, "power_cost": 12.34844658203125, "noise_cost": 11.865561714983427, "n_waypoints_completed": 9, "tot_waypoints": 9}}
{"target": -1195.6436180653952, "params": {"k_pid_pos": [1.8770637988286947, 0.0, 1.0], "k_pid_alt": [1.4251054756408545, 0.0, 0.032166830324013296], "k_pid_att": [45.84717673528874, 0.0001, 0.8046029995018494], "k_pid_yaw": [0.5, 1e-06, 0.1], "k_pid_hsp": [0.0001, 0.0, 0.0], "k_pid_vsp": [369.32725085686616, 243.17179609274595, 1e-06]}, "datetime": {"datetime": "2025-08-20 14:03:26", "elapsed": 7861.512741565704, "delta": 23.78568696975708}, "costs": {"total_cost": 1195.6436180653952, "time_cost": 150, "final_distance_cost": 46.86621728528502, "oscillation_cost": 0.0036073988820445424, "completition_cost": 888.8888888888888, "overshoot_cost": 84.20438684408562, "power_cost": 12.777710229492188, "noise_cost": 12.902807418761652, "n_waypoints_completed": 1, "tot_waypoints": 9}}
{"target": -174.44923813423955, "params": {"k_pid_pos": [1.5625511812708293, 0.0, 0.9064043911236858], "k_pid_alt": [1.4133719467692798, 0.0, 0.0], "k_pid_att": [53.631935998472464, 0.0001, 0.42618871016507975], "k_pid_yaw": [0.5, 1e-06, 0.1], "k_pid_hsp": [0.15889319379111172, 0.0, 0.0], "k_pid_vsp": [271.16826553942246, 323.3155146871712, 1e-06]}, "datetime": {"datetime": "2025-08-20 14:03:44", "elapsed": 7878.66214466095, "delta": 17.14940309524536}, "costs": {"total_cost": 174.44923813423955, "time_cost": 70.352, "final_distance_cost": 1.841593372605389, "oscillation_cost": 27.385244687579874, "completition_cost": 0.0, "overshoot_cost": 50.76646439112041, "power_cost": 12.413753271484376, "noise_cost": 11.69018241144952, "n_waypoints_completed": 9, "tot_waypoints": 9}}
{"target": -172.92368390303295, "params": {"k_pid_pos": [1.3704669625923853, 0.014134947340274076, 0.7879182931736459], "k_pid_alt": [1.6846357283826043, 0.0, 0.015935247483428512], "k_pid_att": [39.97658645784483, 0.0001, 0.25060930856594604], "k_pid_yaw": [0.5, 1e-06, 0.1], "k_pid_hsp": [0.1610832481749724, 0.0, 0.0], "k_pid_vsp": [264.26404906083025, 272.41982167686353, 1e-06]}, "datetime": {"datetime": "2025-08-20 14:04:00", "elapsed": 7895.463756322861, "delta": 16.80161166191101}, "costs": {"total_cost": 172.92368390303295, "time_cost": 70.768, "final_distance_cost": 1.8364046356067847, "oscillation_cost": 25.67600337277527, "completition_cost": 0.0, "overshoot_cost": 50.785852299150285, "power_cost": 12.236136462402344, "noise_cost": 11.621287133098278, "n_waypoints_completed": 9, "tot_waypoints": 9}}
{"target": -173.07821838933052, "params": {"k_pid_pos": [1.5644359595015933, 0.0, 0.9050942280351573], "k_pid_alt": [1.5194922823391237, 0.0, 0.0], "k_pid_att": [14.00230503203538, 0.0001, 0.3673154018875652], "k_pid_yaw": [0.5, 1e-06, 0.1], "k_pid_hsp": [0.14842604842191848, 0.0, 0.0], "k_pid_vsp": [253.42679887429048, 321.997740171908, 1e-06]}, "datetime": {"datetime": "2025-08-20 14:04:18", "elapsed": 7913.456470489502, "delta": 17.992714166641235}, "costs": {"total_cost": 173.07821838933052, "time_cost": 70.16, "final_distance_cost": 1.8428900441986076, "oscillation_cost": 26.906954652727247, "completition_cost": 0.0, "overshoot_cost": 50.68246673118526, "power_cost": 12.089799926757813, "noise_cost": 11.396107034461584, "n_waypoints_completed": 9, "tot_waypoints": 9}}
{"target": -173.2119817105924, "params": {"k_pid_pos": [1.6031015726746813, 0.0, 0.9180533107508994], "k_pid_alt": [1.3877282817065764, 0.0, 0.0], "k_pid_att": [40.79821226446077, 0.0001, 0.3572153699479279], "k_pid_yaw": [0.5, 1e-06, 0.1], "k_pid_hsp": [0.1688566187611947, 0.0, 0.0], "k_pid_vsp": [284.60557366313736, 234.71635181329535, 1e-06]}, "datetime": {"datetime": "2025-08-20 14:04:36", "elapsed": 7931.442457437515, "delta": 17.985986948013306}, "costs": {"total_cost": 173.2119817105924, "time_cost": 70.28, "final_distance_cost": 1.8472711714694463, "oscillation_cost": 26.95873283136398, "completition_cost": 0.0, "overshoot_cost": 50.837063316883125, "power_cost": 11.804944079589845, "noise_cost": 11.483970311285978, "n_waypoints_completed": 9, "tot_waypoints": 9}}
{"target": -174.72897561514947, "params": {"k_pid_pos": [1.3387859253929912, 0.0, 0.8945011556279019], "k_pid_alt": [1.5455978220233675, 0.008359247161117269, 0.0], "k_pid_att": [69.47906060465644, 0.0001, 0.7521972575312235], "k_pid_yaw": [0.5, 1e-06, 0.1], "k_pid_hsp": [0.169343583636301, 0.0, 0.0], "k_pid_vsp": [289.4401762913399, 312.64455021583524, 1e-06]}, "datetime": {"datetime": "2025-08-20 14:04:55", "elapsed": 7950.503935575485, "delta": 19.06147813796997}, "costs": {"total_cost": 174.72897561514947, "time_cost": 71.928, "final_distance_cost": 1.8440785211384643, "oscillation_cost": 25.93447544645945, "completition_cost": 0.0, "overshoot_cost": 50.88557003040237, "power_cost": 12.301908959960938, "noise_cost": 11.83494265718823, "n_waypoints_completed": 9, "tot_waypoints": 9}}
{"target": -1194.1794155976681, "params": {"k_pid_pos": [1.414392130098143, 0.0, 0.925899904164728], "k_pid_alt": [1.6096926820983348, 0.0, 0.0], "k_pid_att": [53.45430891429208, 0.0001, 0.5418381101632574], "k_pid_yaw": [0.5, 1e-06, 0.1], "k_pid_hsp": [0.0001, 0.0, 0.0], "k_pid_vsp": [231.17739834868922, 400.0, 1e-06]}, "datetime": {"datetime": "2025-08-20 14:05:24", "elapsed": 7978.983366966248, "delta": 28.47943139076233}, "costs": {"total_cost": 1194.1794155976681, "time_cost": 150, "final_distance_cost": 46.595073545708374, "oscillation_cost": 0.0038906456846955454, "completition_cost": 888.8888888888888, "overshoot_cost": 82.93937401356926, "power_cost": 12.816437817382813, "noise_cost": 12.935750686434133, "n_waypoints_completed": 1, "tot_waypoints": 9}}
{"target": -174.50017178888294, "params": {"k_pid_pos": [1.6891913922687178, 0.0, 0.9021603718382241], "k_pid_alt": [1.4137313494107282, 0.0, 0.0], "k_pid_att": [44.41160191989298, 0.0001, 0.4857545196138874], "k_pid_yaw": [0.5, 1e-06, 0.1], "k_pid_hsp": [0.22145531958740844, 0.0, 0.0], "k_pid_vsp": [299.9329964896969, 287.6702650656745, 1e-06]}, "datetime": {"datetime": "2025-08-20 14:05:42", "elapsed": 7996.868207216263, "delta": 17.88484025001526}, "costs": {"total_cost": 174.50017178888294, "time_cost": 70.048, "final_distance_cost": 1.8440684441136446, "oscillation_cost": 28.085877781910103, "completition_cost": 0.0, "overshoot_cost": 50.486091072274405, "power_cost": 12.424551599121095, "noise_cost": 11.611582891463723, "n_waypoints_completed": 9, "tot_waypoints": 9}}
{"target": -187.5704854870251, "params": {"k_pid_pos": [1.6870406617335936, 0.0, 1.0], "k_pid_alt": [1.3309133068335937, 0.0, 0.0], "k_pid_att": [45.52966107960823, 0.0001, 0.26542508760529926], "k_pid_yaw": [0.5, 1e-06, 0.1], "k_pid_hsp": [0.537911707341737, 0.44738871636242383, 0.0], "k_pid_vsp": [393.51470824913366, 277.47300384689794, 1e-06]}, "datetime": {"datetime": "2025-08-20 14:05:59", "elapsed": 8014.352754354477, "delta": 17.48454713821411}, "costs": {"total_cost": 187.5704854870251, "time_cost": 70.36, "final_distance_cost": 1.8498071792046784, "oscillation_cost": 41.079386236382156, "completition_cost": 0.0, "overshoot_cost": 49.04524819322753, "power_cost": 13.049773876953125, "noise_cost": 12.186270001257649, "n_waypoints_completed": 9, "tot_waypoints": 9}}
{"target": -178.16906945594272, "params": {"k_pid_pos": [1.6197865975692884, 0.0, 0.9307930568508117], "k_pid_alt": [1.4629713079441642, 0.0, 0.0], "k_pid_att": [60.51776657294576, 0.0001, 0.5093881368488796], "k_pid_yaw": [0.5, 1e-06, 0.1], "k_pid_hsp": [0.6997128654213921, 0.0, 0.0], "k_pid_vsp": [255.62490555107962, 140.98685026846934, 1e-06]}, "datetime": {"datetime": "2025-08-20 14:06:16", "elapsed": 8030.670079946518, "delta": 16.317325592041016}, "costs": {"total_cost": 178.16906945594272, "time_cost": 71.056, "final_distance_cost": 1.8540253359565297, "oscillation_cost": 30.695419183070392, "completition_cost": 0.0, "overshoot_cost": 50.40839685832023, "power_cost": 12.23431953125, "noise_cost": 11.92090854734555, "n_waypoints_completed": 9, "tot_waypoints": 9}}
{"target": -173.76248441417016, "params": {"k_pid_pos": [1.6189219980973157, 0.0, 0.9040015869266336], "k_pid_alt": [1.5241082058047124, 0.0, 0.0], "k_pid_att": [45.784645220079966, 0.0001, 0.5684846336084161], "k_pid_yaw": [0.5, 1e-06, 0.1], "k_pid_hsp": [0.16280541698601683, 0.0, 0.0], "k_pid_vsp": [257.0751763600939, 316.7299048906237, 1e-06]}, "datetime": {"datetime": "2025-08-20 14:06:32", "elapsed": 8047.300918340683, "delta": 16.63083839416504}, "costs": {"total_cost": 173.76248441417016, "time_cost": 70.12, "final_distance_cost": 1.8463519010344045, "oscillation_cost": 27.29013528972272, "completition_cost": 0.0, "overshoot_cost": 50.40636303168497, "power_cost": 12.388826660156251, "noise_cost": 11.710807531571831, "n_waypoints_completed": 9, "tot_waypoints": 9}}
{"target": -175.0371219489445, "params": {"k_pid_pos": [1.7810066651779113, 0.0, 1.0], "k_pid_alt": [1.4967451903569173, 0.0, 0.0], "k_pid_att": [73.03106382909927, 0.0001, 0.38038360390858195], "k_pid_yaw": [0.5, 1e-06, 0.1], "k_pid_hsp": [0.22101976657549477, 0.0, 0.0], "k_pid_vsp": [279.2502109273017, 127.14900527845126, 1e-06]}, "datetime": {"datetime": "2025-08-20 14:06:49", "elapsed": 8064.176152467728, "delta": 16.875234127044678}, "costs": {"total_cost": 175.0371219489445, "time_cost": 70.632, "final_distance_cost": 1.8386434853527132, "oscillation_cost": 28.519098427130082, "completition_cost": 0.0, "overshoot_cost": 50.1405168699519, "power_cost": 12.227322033691406, "noise_cost": 11.679541132818407, "n_waypoints_completed": 9, "tot_waypoints": 9}}
{"target": -174.46115541949627, "params": {"k_pid_pos": [1.6624293543860431, 0.0, 0.9199104361375022], "k_pid_alt": [1.414661415035336, 0.0, 0.0], "k_pid_att": [57.08766077508454, 0.0001, 0.6232657545734342], "k_pid_yaw": [0.5, 1e-06, 0.1], "k_pid_hsp": [0.2800079689113663, 0.0, 0.0], "k_pid_vsp": [325.2061440645083, 192.79433159342716, 1e-06]}, "datetime": {"datetime": "2025-08-20 14:07:08", "elapsed": 8082.637346744537, "delta": 18.461194276809692}, "costs": {"total_cost": 174.46115541949627, "time_cost": 70.52, "final_distance_cost": 1.8377899303553074, "oscillation_cost": 28.020982284851204, "completition_cost": 0.0, "overshoot_cost": 49.94068874994244, "power_cost": 12.376697729492188, "noise_cost": 11.764996724855145, "n_waypoints_completed": 9, "tot_waypoints": 9}}
{"target": -173.49869175994058, "params": {"k_pid_pos": [1.7617231553335608, 0.0, 0.9100770216135483], "k_pid_alt": [1.3626539329131797, 0.0, 0.0], "k_pid_att": [34.87362377725644, 0.0001, 0.41448809615217436], "k_pid_yaw": [0.5, 1e-06, 0.1], "k_pid_hsp": [0.09387988610256733, 0.0, 0.0], "k_pid_vsp": [289.1352041223925, 319.200080230383, 1e-06]}, "datetime": {"datetime": "2025-08-20 14:07:28", "elapsed": 8102.72768330574, "delta": 20.090336561203003}, "costs": {"total_cost": 173.49869175994058, "time_cost": 70.19200000000001, "final_distance_cost": 1.8071835123846127, "oscillation_cost": 27.005953926322416, "completition_cost": 0.0, "overshoot_cost": 51.07884446120602, "power_cost": 11.972989660644531, "noise_cost": 11.441720199382985, "n_waypoints_completed": 9, "tot_waypoints": 9}}
{"target": -173.45566218479718, "params": {"k_pid_pos": [1.8792407154775532, 0.0, 0.953269125851414], "k_pid_alt": [1.6119153755502287, 0.0, 0.0], "k_pid_att": [47.38043025197633, 0.0001, 0.946250398118686], "k_pid_yaw": [0.5, 1e-06, 0.1], "k_pid_hsp": [0.1644942098910588, 0.0, 0.0], "k_pid_vsp": [270.75744239220717, 333.4947560472181, 1e-06]}, "datetime": {"datetime": "2025-08-20 14:07:44", "elapsed": 8119.491528272629, "delta": 16.763844966888428}, "costs": {"total_cost": 173.45566218479718, "time_cost": 69.70400000000001, "final_distance_cost": 1.8446763548418657, "oscillation_cost": 28.071272075213148, "completition_cost": 0.0, "overshoot_cost": 50.410126987772195, "power_cost": 12.055535070800781, "noise_cost": 11.370051696169174, "n_waypoints_completed": 9, "tot_waypoints": 9}}
{"target": -1093.5152059581071, "params": {"k_pid_pos": [1.646324383607238, 0.0, 0.9431532300122747], "k_pid_alt": [2.0, 0.0, 0.0], "k_pid_att": [56.67396539867745, 0.0001, 0.6979513930656276], "k_pid_yaw": [0.5, 1e-06, 0.1], "k_pid_hsp": [0.0016643489080926388, 0.0, 0.0], "k_pid_vsp": [265.2926884682911, 362.7968591846918, 1e-06]}, "datetime": {"datetime": "2025-08-20 14:08:08", "elapsed": 8143.409201622009, "delta": 23.917673349380493}, "costs": {"total_cost": 1093.5152059581071, "time_cost": 150, "final_distance_cost": 77.26011204599095, "oscillation_cost": 1.342711971178686, "completition_cost": 777.7777777777778, "overshoot_cost": 57.082946039919435, "power_cost": 15.990644909667969, "noise_cost": 14.061013213572407, "n_waypoints_completed": 2, "tot_waypoints": 9}}
{"target": -215.54657268025994, "params": {"k_pid_pos": [1.9043117714340583, 0.0, 0.7775853070447628], "k_pid_alt": [1.080165004714353, 0.0, 0.04710314167824073], "k_pid_att": [27.280294676089053, 0.0001, 0.4079316161323882], "k_pid_yaw": [0.5, 1e-06, 0.1], "k_pid_hsp": [0.7651191640930438, 0.008391039590056354, 0.05058088205962502], "k_pid_vsp": [350.15527756932926, 91.50844506603792, 1e-06]}, "datetime": {"datetime": "2025-08-20 14:08:29", "elapsed": 8164.264035701752, "delta": 20.85483407974243}, "costs": {"total_cost": 215.54657268025994, "time_cost": 75.896, "final_distance_cost": 1.8405649252507867, "oscillation_cost": 60.666461153123805, "completition_cost": 0.0, "overshoot_cost": 50.78665602717998, "power_cost": 13.780740576171876, "noise_cost": 12.576149998533511, "n_waypoints_completed": 9, "tot_waypoints": 9}}
{"target": -173.9282907489983, "params": {"k_pid_pos": [1.678647965125355, 0.0, 0.9300483200901573], "k_pid_alt": [1.4226922734437426, 0.0, 0.0], "k_pid_att": [46.18894226678945, 0.0001, 0.47190289078294023], "k_pid_yaw": [0.5, 1e-06, 0.1], "k_pid_hsp": [0.24700531321530636, 0.0, 0.0], "k_pid_vsp": [292.97955616380784, 292.90240167559335, 1e-06]}, "datetime": {"datetime": "2025-08-20 14:08:50", "elapsed": 8185.113986968994, "delta": 20.84995126724243}, "costs": {"total_cost": 173.9282907489983, "time_cost": 70.208, "final_distance_cost": 1.8495315347496784, "oscillation_cost": 27.985468756083037, "completition_cost": 0.0, "overshoot_cost": 49.87946997282578, "power_cost": 12.390097021484376, "noise_cost": 11.615723463855453, "n_waypoints_completed": 9, "tot_waypoints": 9}}
{"target": -174.18960865069857, "params": {"k_pid_pos": [1.9724693908097324, 0.0, 0.7902947558786207], "k_pid_alt": [1.4268167002562746, 0.0, 0.0], "k_pid_att": [20.57225087747621, 0.0001, 0.4559703847226209], "k_pid_yaw": [0.5, 1e-06, 0.1], "k_pid_hsp": [0.11851611923592692, 0.0, 0.0], "k_pid_vsp": [320.1146057782339, 353.37721718654836, 1e-06]}, "datetime": {"datetime": "2025-08-20 14:09:09", "elapsed": 8203.94607591629, "delta": 18.832088947296143}, "costs": {"total_cost": 174.18960865069857, "time_cost": 69.52, "final_distance_cost": 1.8190446281880444, "oscillation_cost": 28.676913841138976, "completition_cost": 0.0, "overshoot_cost": 50.85955304122164, "power_cost": 12.078629638671876, "noise_cost": 11.23546750147805, "n_waypoints_completed": 9, "tot_waypoints": 9}}
{"target": -1195.96295264455, "params": {"k_pid_pos": [2.0, 0.03223135828545575, 0.7960828479059961], "k_pid_alt": [1.504963549304874, 0.0044494358091016345, 0.016926873054200035], "k_pid_att": [34.85630075442866, 0.0001, 0.3342205885502937], "k_pid_yaw": [0.5, 1e-06, 0.1], "k_pid_hsp": [0.0001, 0.0, 0.0], "k_pid_vsp": [266.5835995322553, 310.98653968369956, 1e-06]}, "datetime": {"datetime": "2025-08-20 14:09:33", "elapsed": 8227.986594200134, "delta": 24.040518283843994}, "costs": {"total_cost": 1195.96295264455, "time_cost": 150, "final_distance_cost": 47.042334221864856, "oscillation_cost": 0.004384103543272356, "completition_cost": 888.8888888888888, "overshoot_cost": 84.2567945049757, "power_cost": 12.820274096679688, "noise_cost": 12.950276828597772, "n_waypoints_completed": 1, "tot_waypoints": 9}}
