{"target": -173.35539815157537, "params": {"k_pid_pos": [1.771744325829969, 0.0, 0.9784140911932195], "k_pid_alt": [1.8445989799846374, 0.0, 0.0], "k_pid_att": [40.77203316039163, 0.0001, 0.5182339251868461], "k_pid_yaw": [0.5, 1e-06, 0.1], "k_pid_hsp": [0.12103330683360719, 0.0, 0.0], "k_pid_vsp": [302.7901280722372, 262.4202773229209, 1e-06]}, "datetime": {"datetime": "2025-08-20 16:27:01", "elapsed": 16476.472530841827, "delta": 16.29131531715393}, "costs": {"total_cost": 173.35539815157537, "time_cost": 70.296, "final_distance_cost": 1.8398829664247762, "oscillation_cost": 26.187527014240572, "completition_cost": 0.0, "overshoot_cost": 51.52842049263711, "power_cost": 12.115869384765626, "noise_cost": 11.387698293507276, "n_waypoints_completed": 9, "tot_waypoints": 9}}
{"target": -172.21646590079018, "params": {"k_pid_pos": [1.411256564510273, 0.0, 0.8688302694670731], "k_pid_alt": [2.0, 0.0, 0.0], "k_pid_att": [14.221652861239782, 0.0001, 0.27129059192581995], "k_pid_yaw": [0.5, 1e-06, 0.1], "k_pid_hsp": [0.12595964965668424, 0.0, 0.0], "k_pid_vsp": [271.24867056745717, 246.5757200674502, 1e-06]}, "datetime": {"datetime": "2025-08-20 16:27:17", "elapsed": 16492.247289419174, "delta": 15.774758577346802}, "costs": {"total_cost": 172.21646590079018, "time_cost": 71.096, "final_distance_cost": 1.8413690298999525, "oscillation_cost": 25.16384802674823, "completition_cost": 0.0, "overshoot_cost": 50.699291639351486, "power_cost": 11.930501916503907, "noise_cost": 11.4854552882866, "n_waypoints_completed": 9, "tot_waypoints": 9}}
{"target": -173.18535719630762, "params": {"k_pid_pos": [1.5477624951097517, 0.0, 0.8327149454413398], "k_pid_alt": [2.0, 0.0, 0.0], "k_pid_att": [24.209471722442547, 0.0001, 0.2288921268398978], "k_pid_yaw": [0.5, 1e-06, 0.1], "k_pid_hsp": [0.15514021722160345, 0.0, 0.0], "k_pid_vsp": [270.8462534745738, 254.63940942528575, 1e-06]}, "datetime": {"datetime": "2025-08-20 16:27:32", "elapsed": 16507.35568857193, "delta": 15.108399152755737}, "costs": {"total_cost": 173.18535719630762, "time_cost": 70.56, "final_distance_cost": 1.8449888789085978, "oscillation_cost": 26.01375035875276, "completition_cost": 0.0, "overshoot_cost": 51.2080250156136, "power_cost": 12.074467346191406, "noise_cost": 11.484125596841281, "n_waypoints_completed": 9, "tot_waypoints": 9}}
{"target": -172.34870829482165, "params": {"k_pid_pos": [1.5847451827633139, 0.0, 0.9013058341731788], "k_pid_alt": [2.0, 0.0, 0.0], "k_pid_att": [9.542480855207865, 0.0001, 0.32999365073810766], "k_pid_yaw": [0.5, 1e-06, 0.1], "k_pid_hsp": [0.12322622200076491, 0.0, 0.0], "k_pid_vsp": [270.0723539676379, 182.74021214569302, 1e-06]}, "datetime": {"datetime": "2025-08-20 16:27:48", "elapsed": 16523.032173871994, "delta": 15.676485300064087}, "costs": {"total_cost": 172.34870829482165, "time_cost": 70.688, "final_distance_cost": 1.8359071345016458, "oscillation_cost": 25.548434931546687, "completition_cost": 0.0, "overshoot_cost": 50.858363255368545, "power_cost": 12.008382861328126, "noise_cost": 11.409620112076654, "n_waypoints_completed": 9, "tot_waypoints": 9}}
{"target": -185.03009764368943, "params": {"k_pid_pos": [1.0394639687897627, 0.0, 0.9994684577547283], "k_pid_alt": [1.9424357160550643, 0.0, 0.0], "k_pid_att": [5.839552330355864, 0.0001, 0.21231464309947634], "k_pid_yaw": [0.5, 1e-06, 0.1], "k_pid_hsp": [0.21357458123084747, 0.0, 0.0], "k_pid_vsp": [252.716589690628, 260.8072302842453, 1e-06]}, "datetime": {"datetime": "2025-08-20 16:28:06", "elapsed": 16540.75657582283, "delta": 17.72440195083618}, "costs": {"total_cost": 185.03009764368943, "time_cost": 79.176, "final_distance_cost": 1.8540550711638641, "oscillation_cost": 26.272173890910935, "completition_cost": 0.0, "overshoot_cost": 51.1369646377849, "power_cost": 13.381996875, "noise_cost": 13.208907168829713, "n_waypoints_completed": 9, "tot_waypoints": 9}}
{"target": -173.3979616504989, "params": {"k_pid_pos": [1.5434874755527774, 0.0, 0.8514080400202914], "k_pid_alt": [2.0, 0.0, 0.0], "k_pid_att": [34.595366255377776, 0.0001, 0.3256313796282927], "k_pid_yaw": [0.5, 1e-06, 0.1], "k_pid_hsp": [0.15055509674662307, 0.0, 0.0], "k_pid_vsp": [234.75039836741283, 247.7600509293716, 1e-06]}, "datetime": {"datetime": "2025-08-20 16:28:21", "elapsed": 16555.9160656929, "delta": 15.159489870071411}, "costs": {"total_cost": 173.3979616504989, "time_cost": 70.632, "final_distance_cost": 1.8319148072390654, "oscillation_cost": 26.01928830172821, "completition_cost": 0.0, "overshoot_cost": 51.251391865641274, "power_cost": 12.096039025878907, "noise_cost": 11.56732765001146, "n_waypoints_completed": 9, "tot_waypoints": 9}}
{"target": -172.14291337025168, "params": {"k_pid_pos": [1.5315301134758907, 0.0, 0.8691858152278221], "k_pid_alt": [2.0, 0.0, 0.0], "k_pid_att": [37.70735265038234, 0.0001, 0.27361399880534454], "k_pid_yaw": [0.5, 1e-06, 0.1], "k_pid_hsp": [0.11721436417271405, 0.001055602330072806, 0.0], "k_pid_vsp": [264.63049417484183, 241.32024756624946, 1e-06]}, "datetime": {"datetime": "2025-08-20 16:28:37", "elapsed": 16571.68532371521, "delta": 15.76925802230835}, "costs": {"total_cost": 172.14291337025168, "time_cost": 70.696, "final_distance_cost": 1.834224115599729, "oscillation_cost": 25.413022048678098, "completition_cost": 0.0, "overshoot_cost": 50.63346617083832, "power_cost": 12.09270037841797, "noise_cost": 11.473500656717555, "n_waypoints_completed": 9, "tot_waypoints": 9}}
{"target": -173.17397240255912, "params": {"k_pid_pos": [1.5771242267846588, 0.0, 0.9446033658136348], "k_pid_alt": [2.0, 0.0, 0.0], "k_pid_att": [24.914013237723527, 0.0001, 0.27565389399993173], "k_pid_yaw": [0.5, 1e-06, 0.1], "k_pid_hsp": [0.10451039412137646, 0.0, 0.0], "k_pid_vsp": [298.6269143584408, 194.70409141551187, 1e-06]}, "datetime": {"datetime": "2025-08-20 16:28:52", "elapsed": 16587.451189994812, "delta": 15.76586627960205}, "costs": {"total_cost": 173.17397240255912, "time_cost": 70.912, "final_distance_cost": 1.8374338808883321, "oscillation_cost": 25.295769759735638, "completition_cost": 0.0, "overshoot_cost": 51.39696122234156, "power_cost": 12.175103564453126, "noise_cost": 11.556703975140467, "n_waypoints_completed": 9, "tot_waypoints": 9}}
{"target": -172.2664260221109, "params": {"k_pid_pos": [1.550064232755199, 0.0, 0.8762115129871507], "k_pid_alt": [2.0, 0.0, 0.0], "k_pid_att": [38.81284928026011, 0.0001, 0.32424850895684343], "k_pid_yaw": [0.5, 1e-06, 0.1], "k_pid_hsp": [0.1127234544113323, 0.0, 0.0], "k_pid_vsp": [259.0332189066248, 260.5288700429397, 1e-06]}, "datetime": {"datetime": "2025-08-20 16:29:08", "elapsed": 16602.96195936203, "delta": 15.510769367218018}, "costs": {"total_cost": 172.2664260221109, "time_cost": 70.744, "final_distance_cost": 1.8285626227219298, "oscillation_cost": 25.282291264781048, "completition_cost": 0.0, "overshoot_cost": 51.1047388734683, "power_cost": 11.909900988769532, "noise_cost": 11.396932272370107, "n_waypoints_completed": 9, "tot_waypoints": 9}}
{"target": -173.5917997534926, "params": {"k_pid_pos": [1.5950386547539968, 0.0, 0.8851077782495066], "k_pid_alt": [2.0, 0.0, 0.0], "k_pid_att": [18.811399840738723, 0.0001, 0.27489603394043816], "k_pid_yaw": [0.5, 1e-06, 0.1], "k_pid_hsp": [0.15852649991980616, 0.0, 0.0], "k_pid_vsp": [235.58463373317858, 175.9373109773813, 1e-06]}, "datetime": {"datetime": "2025-08-20 16:29:23", "elapsed": 16618.503978967667, "delta": 15.542019605636597}, "costs": {"total_cost": 173.5917997534926, "time_cost": 70.608, "final_distance_cost": 1.8397978646804138, "oscillation_cost": 26.11263393393284, "completition_cost": 0.0, "overshoot_cost": 51.37220044767078, "power_cost": 12.130412756347656, "noise_cost": 11.528754750860921, "n_waypoints_completed": 9, "tot_waypoints": 9}}
{"target": -172.25399467173918, "params": {"k_pid_pos": [1.5370318234567646, 0.0, 0.8553844204170602], "k_pid_alt": [2.0, 0.0, 0.0], "k_pid_att": [34.21925583647699, 0.0001, 0.2734454844845884], "k_pid_yaw": [0.5, 1e-06, 0.1], "k_pid_hsp": [0.12875680325547206, 0.0, 0.0], "k_pid_vsp": [253.43103509538847, 251.0447596738694, 1e-06]}, "datetime": {"datetime": "2025-08-20 16:29:39", "elapsed": 16634.283994197845, "delta": 15.780015230178833}, "costs": {"total_cost": 172.25399467173918, "time_cost": 70.70400000000001, "final_distance_cost": 1.830332972770565, "oscillation_cost": 25.758827512714635, "completition_cost": 0.0, "overshoot_cost": 50.444208296409435, "power_cost": 12.032377905273439, "noise_cost": 11.484247984571093, "n_waypoints_completed": 9, "tot_waypoints": 9}}
{"target": -172.86863594853074, "params": {"k_pid_pos": [1.4467520953017026, 0.0, 0.8296585641545264], "k_pid_alt": [2.0, 0.0, 0.0], "k_pid_att": [23.009645637984605, 0.0001, 0.2656190852760486], "k_pid_yaw": [0.5, 1e-06, 0.1], "k_pid_hsp": [0.11227714431399688, 0.0, 0.0], "k_pid_vsp": [285.53303060287607, 295.4535697842156, 1e-06]}, "datetime": {"datetime": "2025-08-20 16:29:55", "elapsed": 16649.564321279526, "delta": 15.280327081680298}, "costs": {"total_cost": 172.86863594853074, "time_cost": 70.848, "final_distance_cost": 1.8267772394896429, "oscillation_cost": 25.358602953579187, "completition_cost": 0.0, "overshoot_cost": 51.313302892205854, "power_cost": 12.004495727539062, "noise_cost": 11.517457135717004, "n_waypoints_completed": 9, "tot_waypoints": 9}}
{"target": -172.35558745109006, "params": {"k_pid_pos": [1.540139377641128, 0.0, 0.9478331564770384], "k_pid_alt": [2.0, 0.0, 0.0], "k_pid_att": [32.14232730891958, 0.0001, 0.2617603500930265], "k_pid_yaw": [0.5, 1e-06, 0.1], "k_pid_hsp": [0.10079954682465148, 0.0, 0.0], "k_pid_vsp": [261.3494870228068, 253.91160046246452, 1e-06]}, "datetime": {"datetime": "2025-08-20 16:30:10", "elapsed": 16665.189445734024, "delta": 15.625124454498291}, "costs": {"total_cost": 172.35558745109006, "time_cost": 70.976, "final_distance_cost": 1.8414441335992209, "oscillation_cost": 24.96861623780442, "completition_cost": 0.0, "overshoot_cost": 51.144031877648594, "power_cost": 11.967098791503906, "noise_cost": 11.458396410533943, "n_waypoints_completed": 9, "tot_waypoints": 9}}
{"target": -171.7105927535089, "params": {"k_pid_pos": [1.5422203800052108, 0.0, 0.8619943676350977], "k_pid_alt": [2.0, 0.0, 0.0], "k_pid_att": [27.210011047669354, 0.0001, 0.25001613549652263], "k_pid_yaw": [0.5, 1e-06, 0.1], "k_pid_hsp": [0.13145079655440742, 0.0, 0.0], "k_pid_vsp": [256.4860908446812, 313.31458864496926, 1e-06]}, "datetime": {"datetime": "2025-08-20 16:30:26", "elapsed": 16681.213626384735, "delta": 16.02418065071106}, "costs": {"total_cost": 171.7105927535089, "time_cost": 70.648, "final_distance_cost": 1.843144498526527, "oscillation_cost": 25.92515078659082, "completition_cost": 0.0, "overshoot_cost": 50.362055942682844, "power_cost": 11.629525842285156, "noise_cost": 11.302715683423573, "n_waypoints_completed": 9, "tot_waypoints": 9}}
{"target": -172.37867709007446, "params": {"k_pid_pos": [1.5149603085282914, 0.0, 0.8780602296590813], "k_pid_alt": [1.9347629819972878, 0.0, 0.0], "k_pid_att": [26.2757340052827, 0.0001, 0.37906497432865116], "k_pid_yaw": [0.5, 1e-06, 0.1], "k_pid_hsp": [0.1085598018561475, 0.0, 0.0], "k_pid_vsp": [239.1476167597709, 247.37466635660923, 1e-06]}, "datetime": {"datetime": "2025-08-20 16:30:42", "elapsed": 16697.145227193832, "delta": 15.93160080909729}, "costs": {"total_cost": 172.37867709007446, "time_cost": 70.744, "final_distance_cost": 1.84217357556447, "oscillation_cost": 25.21201115414179, "completition_cost": 0.0, "overshoot_cost": 51.22307992451982, "power_cost": 11.915910241699219, "noise_cost": 11.44150219414916, "n_waypoints_completed": 9, "tot_waypoints": 9}}
{"target": -1200.8018812577598, "params": {"k_pid_pos": [1.5857497949817843, 0.0, 0.9137885338925333], "k_pid_alt": [1.9878910658822626, 0.0, 0.0], "k_pid_att": [35.34373986028157, 0.0001, 0.08092840198033333], "k_pid_yaw": [0.5, 1e-06, 0.1], "k_pid_hsp": [0.0001, 0.0, 0.0], "k_pid_vsp": [322.03600133084774, 257.7668059275967, 1e-06]}, "datetime": {"datetime": "2025-08-20 16:31:05", "elapsed": 16719.910343408585, "delta": 22.765116214752197}, "costs": {"total_cost": 1200.8018812577598, "time_cost": 150, "final_distance_cost": 46.72327428691921, "oscillation_cost": 5.896478325441964, "completition_cost": 888.8888888888888, "overshoot_cost": 83.58109152170519, "power_cost": 12.799297973632813, "noise_cost": 12.91285026117186, "n_waypoints_completed": 1, "tot_waypoints": 9}}
{"target": -172.75149979707953, "params": {"k_pid_pos": [1.5807566749673783, 0.0, 0.8716463058247265], "k_pid_alt": [2.0, 0.0, 0.0], "k_pid_att": [18.726238656558234, 0.0001, 0.36920185826986524], "k_pid_yaw": [0.5, 1e-06, 0.1], "k_pid_hsp": [0.13158863326647965, 0.0, 0.0], "k_pid_vsp": [263.6374034314256, 256.93578868211534, 1e-06]}, "datetime": {"datetime": "2025-08-20 16:31:21", "elapsed": 16736.19379377365, "delta": 16.28345036506653}, "costs": {"total_cost": 172.75149979707953, "time_cost": 70.60000000000001, "final_distance_cost": 1.8429361670765967, "oscillation_cost": 25.892506832382644, "completition_cost": 0.0, "overshoot_cost": 50.612646879573596, "power_cost": 12.262871191406251, "noise_cost": 11.540538726640456, "n_waypoints_completed": 9, "tot_waypoints": 9}}
{"target": -171.70015642563104, "params": {"k_pid_pos": [1.4927952115820797, 0.0, 0.8060699919051832], "k_pid_alt": [2.0, 0.0, 0.0], "k_pid_att": [24.330036582818664, 0.0001, 0.27155059230168055], "k_pid_yaw": [0.5, 1e-06, 0.1], "k_pid_hsp": [0.11579759561484755, 0.0, 0.0], "k_pid_vsp": [257.1962668205865, 258.23188305290574, 1e-06]}, "datetime": {"datetime": "2025-08-20 16:31:37", "elapsed": 16751.941188812256, "delta": 15.747395038604736}, "costs": {"total_cost": 171.70015642563104, "time_cost": 70.672, "final_distance_cost": 1.8390422981890138, "oscillation_cost": 25.34418733593329, "completition_cost": 0.0, "overshoot_cost": 50.70767597361041, "power_cost": 11.839656579589844, "noise_cost": 11.297594238308479, "n_waypoints_completed": 9, "tot_waypoints": 9}}
{"target": -172.22886110743443, "params": {"k_pid_pos": [1.369546373540737, 0.018636873072153462, 0.876863573634227], "k_pid_alt": [2.0, 0.0, 0.0], "k_pid_att": [30.094236311574353, 0.0001, 0.25808862335853816], "k_pid_yaw": [0.5, 1e-06, 0.1], "k_pid_hsp": [0.10872100668840479, 0.0, 0.0], "k_pid_vsp": [266.4438048636635, 295.1357712013418, 1e-06]}, "datetime": {"datetime": "2025-08-20 16:31:53", "elapsed": 16768.360414028168, "delta": 16.419225215911865}, "costs": {"total_cost": 172.22886110743443, "time_cost": 71.208, "final_distance_cost": 1.8302077447033518, "oscillation_cost": 24.684496273948447, "completition_cost": 0.0, "overshoot_cost": 51.21166834399485, "power_cost": 11.78830986328125, "noise_cost": 11.506178881506516, "n_waypoints_completed": 9, "tot_waypoints": 9}}
{"target": -174.43547511816573, "params": {"k_pid_pos": [1.5749622879156835, 0.0, 0.8822934596545684], "k_pid_alt": [2.0, 0.0, 0.0], "k_pid_att": [20.76999058811179, 0.0001, 0.3170340449601073], "k_pid_yaw": [0.5, 1e-06, 0.1], "k_pid_hsp": [0.05850707644061335, 0.0, 0.0], "k_pid_vsp": [269.5922293015701, 268.77502881032217, 1e-06]}, "datetime": {"datetime": "2025-08-20 16:32:09", "elapsed": 16784.397634506226, "delta": 16.03722047805786}, "costs": {"total_cost": 174.43547511816573, "time_cost": 71.848, "final_distance_cost": 1.790910659066503, "oscillation_cost": 23.876716648049612, "completition_cost": 0.0, "overshoot_cost": 52.705199900332225, "power_cost": 12.3878599609375, "noise_cost": 11.826787949779895, "n_waypoints_completed": 9, "tot_waypoints": 9}}
{"target": -172.14780043834574, "params": {"k_pid_pos": [1.5147035786275127, 0.0, 0.8587065527510428], "k_pid_alt": [2.0, 0.0, 0.0], "k_pid_att": [32.588622863433756, 0.0001, 0.2730522063624245], "k_pid_yaw": [0.5, 1e-06, 0.1], "k_pid_hsp": [0.11268475785314798, 0.0, 0.0], "k_pid_vsp": [253.07008996363422, 253.88229237762403, 1e-06]}, "datetime": {"datetime": "2025-08-20 16:32:25", "elapsed": 16799.650722503662, "delta": 15.253087997436523}, "costs": {"total_cost": 172.14780043834574, "time_cost": 70.784, "final_distance_cost": 1.8387862529291983, "oscillation_cost": 25.282368623136747, "completition_cost": 0.0, "overshoot_cost": 51.30266900099734, "power_cost": 11.707437768554689, "noise_cost": 11.232538792727768, "n_waypoints_completed": 9, "tot_waypoints": 9}}
{"target": -172.41936995115975, "params": {"k_pid_pos": [1.5446239812646523, 0.0, 0.876367425956839], "k_pid_alt": [2.0, 0.0, 0.0], "k_pid_att": [30.209983145921303, 0.0001, 0.28551296127447245], "k_pid_yaw": [0.5, 1e-06, 0.1], "k_pid_hsp": [0.1177964821469539, 0.0, 0.0], "k_pid_vsp": [264.90159033272494, 248.12525400692874, 1e-06]}, "datetime": {"datetime": "2025-08-20 16:32:40", "elapsed": 16815.09632706642, "delta": 15.4456045627594}, "costs": {"total_cost": 172.41936995115975, "time_cost": 70.76, "final_distance_cost": 1.8221611946074956, "oscillation_cost": 25.381760724366504, "completition_cost": 0.0, "overshoot_cost": 51.04704357284389, "power_cost": 11.995015747070314, "noise_cost": 11.413388712271555, "n_waypoints_completed": 9, "tot_waypoints": 9}}
{"target": -174.89291502715986, "params": {"k_pid_pos": [1.503403691161219, 0.0, 0.7539793084039117], "k_pid_alt": [2.0, 0.0, 0.0], "k_pid_att": [78.44123082705082, 0.0001, 0.2871415736863966], "k_pid_yaw": [0.5, 1e-06, 0.1], "k_pid_hsp": [0.12223571740186354, 1.1697731800480049e-06, 0.0], "k_pid_vsp": [264.3923391347925, 236.77771028830912, 1e-06]}, "datetime": {"datetime": "2025-08-20 16:32:56", "elapsed": 16830.881687164307, "delta": 15.785360097885132}, "costs": {"total_cost": 174.89291502715986, "time_cost": 70.68, "final_distance_cost": 1.838050571973099, "oscillation_cost": 27.820667532640847, "completition_cost": 0.0, "overshoot_cost": 50.612386051519344, "power_cost": 12.359965686035157, "noise_cost": 11.581845184991394, "n_waypoints_completed": 9, "tot_waypoints": 9}}
{"target": -174.63808408296103, "params": {"k_pid_pos": [1.595156254636345, 0.0, 0.917550578509967], "k_pid_alt": [2.0, 0.0, 0.0], "k_pid_att": [1.5870470786971325, 0.0001, 0.17897360970619827], "k_pid_yaw": [0.5, 1e-06, 0.1], "k_pid_hsp": [0.13291330418221572, 0.0, 0.0], "k_pid_vsp": [247.30464958888203, 242.9393440555017, 1e-06]}, "datetime": {"datetime": "2025-08-20 16:33:11", "elapsed": 16846.1162173748, "delta": 15.234530210494995}, "costs": {"total_cost": 174.63808408296103, "time_cost": 70.384, "final_distance_cost": 1.827283842141005, "oscillation_cost": 27.661734119416558, "completition_cost": 0.0, "overshoot_cost": 51.19630727014564, "power_cost": 12.110225842285157, "noise_cost": 11.458533008972656, "n_waypoints_completed": 9, "tot_waypoints": 9}}
{"target": -172.1467979886098, "params": {"k_pid_pos": [1.5678298689134096, 0.0, 0.8667110942057776], "k_pid_alt": [2.0, 0.0, 0.0], "k_pid_att": [28.823252917971978, 0.0001, 0.2891913916688185], "k_pid_yaw": [0.5, 1e-06, 0.1], "k_pid_hsp": [0.11657016422956187, 0.0, 0.0], "k_pid_vsp": [262.78811858000984, 215.87421165065155, 1e-06]}, "datetime": {"datetime": "2025-08-20 16:33:27", "elapsed": 16862.082643270493, "delta": 15.966425895690918}, "costs": {"total_cost": 172.1467979886098, "time_cost": 70.688, "final_distance_cost": 1.8263665136008576, "oscillation_cost": 25.547082574617253, "completition_cost": 0.0, "overshoot_cost": 50.76870341782401, "power_cost": 11.954780993652344, "noise_cost": 11.361864488915325, "n_waypoints_completed": 9, "tot_waypoints": 9}}
{"target": -172.85380433945778, "params": {"k_pid_pos": [1.5523888855686252, 0.0, 0.8787820876611544], "k_pid_alt": [2.0, 0.0, 0.0], "k_pid_att": [11.872613062761499, 0.0001, 0.2750779629953411], "k_pid_yaw": [0.5, 1e-06, 0.1], "k_pid_hsp": [0.11529789909060213, 0.0, 0.0], "k_pid_vsp": [260.4553169023973, 144.98142934118178, 1e-06]}, "datetime": {"datetime": "2025-08-20 16:33:43", "elapsed": 16877.918963193893, "delta": 15.836319923400879}, "costs": {"total_cost": 172.85380433945778, "time_cost": 70.784, "final_distance_cost": 1.8328382118402238, "oscillation_cost": 25.434245607154132, "completition_cost": 0.0, "overshoot_cost": 51.318764721914384, "power_cost": 12.075306713867189, "noise_cost": 11.408649084681857, "n_waypoints_completed": 9, "tot_waypoints": 9}}
{"target": -173.44502281993152, "params": {"k_pid_pos": [1.6278025095053554, 0.0, 0.8923272067911472], "k_pid_alt": [2.0, 0.0, 0.0], "k_pid_att": [12.847804004447799, 0.0001, 0.14212909072529967], "k_pid_yaw": [0.5, 1e-06, 0.1], "k_pid_hsp": [0.11974345877729971, 0.0, 0.0], "k_pid_vsp": [288.18990031177077, 260.774510211038, 1e-06]}, "datetime": {"datetime": "2025-08-20 16:33:58", "elapsed": 16893.15578007698, "delta": 15.236816883087158}, "costs": {"total_cost": 173.44502281993152, "time_cost": 70.504, "final_distance_cost": 1.8308134402558336, "oscillation_cost": 25.973053833069574, "completition_cost": 0.0, "overshoot_cost": 51.67520484873137, "power_cost": 12.082609484863282, "noise_cost": 11.379341213011445, "n_waypoints_completed": 9, "tot_waypoints": 9}}
{"target": -172.35663839938027, "params": {"k_pid_pos": [1.5113101976705152, 0.0, 0.8627324667124053], "k_pid_alt": [2.0, 0.0, 0.0], "k_pid_att": [28.024497636528714, 0.0001, 0.27468268323308753], "k_pid_yaw": [0.5, 1e-06, 0.1], "k_pid_hsp": [0.11568883627472769, 0.00016490893790456083, 0.0], "k_pid_vsp": [263.9214517041957, 246.49562396150262, 1e-06]}, "datetime": {"datetime": "2025-08-20 16:34:14", "elapsed": 16909.08424139023, "delta": 15.92846131324768}, "costs": {"total_cost": 172.35663839938027, "time_cost": 70.792, "final_distance_cost": 1.8258765023835233, "oscillation_cost": 25.22072106103511, "completition_cost": 0.0, "overshoot_cost": 51.216699664558945, "power_cost": 11.953185888671875, "noise_cost": 11.348155282730817, "n_waypoints_completed": 9, "tot_waypoints": 9}}
