{"target": -173.20560199792138, "params": {"k_pid_pos": [1.2905336648108812, 0.0, 0.7418773335644067], "k_pid_alt": [1.9998046178967337, 0.0, 0.0], "k_pid_att": [24.675699267388666, 0.0001, 0.3167337641312461], "k_pid_yaw": [0.5, 1e-06, 0.1], "k_pid_hsp": [0.12928544542576054, 5.943719278242892e-05, 0.0], "k_pid_vsp": [249.38919131061755, 380.76707760881413, 1e-06]}, "datetime": {"datetime": "2025-08-20 20:50:52", "elapsed": 32307.52764415741, "delta": 16.62139081954956}, "costs": {"total_cost": 173.20560199792138, "time_cost": 71.096, "final_distance_cost": 1.8412747061707517, "oscillation_cost": 25.00566783910178, "completition_cost": 0.0, "overshoot_cost": 51.14285094304474, "power_cost": 12.382256042480469, "noise_cost": 11.737552467123647, "n_waypoints_completed": 9, "tot_waypoints": 9}}
{"target": -171.89789205592336, "params": {"k_pid_pos": [1.3244661960862503, 0.0, 0.7019764335610523], "k_pid_alt": [1.9999530353729742, 0.0, 0.0], "k_pid_att": [26.191833682853343, 0.0001, 0.2336665202379488], "k_pid_yaw": [0.5, 1e-06, 0.1], "k_pid_hsp": [0.10995913613714524, 0.00014046143377804022, 0.0], "k_pid_vsp": [300.79860145875494, 397.16981796955633, 1e-06]}, "datetime": {"datetime": "2025-08-20 20:51:07", "elapsed": 32322.517223358154, "delta": 14.989579200744629}, "costs": {"total_cost": 171.89789205592336, "time_cost": 70.776, "final_distance_cost": 1.8177221979755838, "oscillation_cost": 25.083808037607664, "completition_cost": 0.0, "overshoot_cost": 50.68219415775686, "power_cost": 12.146818139648438, "noise_cost": 11.391349522934808, "n_waypoints_completed": 9, "tot_waypoints": 9}}
{"target": -172.2794485926493, "params": {"k_pid_pos": [1.3531450535048701, 0.0, 0.5841076682406082], "k_pid_alt": [1.9999068488578222, 0.0, 0.0], "k_pid_att": [24.503798346678828, 0.0001, 0.3879156024395833], "k_pid_yaw": [0.5, 1e-06, 0.1], "k_pid_hsp": [0.09086899980670687, 5.898810821123152e-05, 0.0], "k_pid_vsp": [260.61054280628514, 395.67705001675483, 1e-06]}, "datetime": {"datetime": "2025-08-20 20:51:25", "elapsed": 32339.731724977493, "delta": 17.21450161933899}, "costs": {"total_cost": 172.2794485926493, "time_cost": 70.408, "final_distance_cost": 1.797990480545688, "oscillation_cost": 25.570942233071918, "completition_cost": 0.0, "overshoot_cost": 51.38145497968227, "power_cost": 11.825277990722658, "noise_cost": 11.295782908626734, "n_waypoints_completed": 9, "tot_waypoints": 9}}
{"target": -172.12175863838172, "params": {"k_pid_pos": [1.3486202158484644, 0.0, 0.6707340910184274], "k_pid_alt": [1.9997001083868962, 0.0, 0.0], "k_pid_att": [27.630543344672233, 0.0001, 0.28320571303998665], "k_pid_yaw": [0.5, 1e-06, 0.1], "k_pid_hsp": [0.11529331075435945, 0.0001333083094016457, 0.0], "k_pid_vsp": [248.2488712034515, 400.0, 1e-06]}, "datetime": {"datetime": "2025-08-20 20:51:40", "elapsed": 32354.808036327362, "delta": 15.076311349868774}, "costs": {"total_cost": 172.12175863838172, "time_cost": 70.592, "final_distance_cost": 1.838567328858692, "oscillation_cost": 25.39130881813534, "completition_cost": 0.0, "overshoot_cost": 50.79862402867389, "power_cost": 11.975727673339843, "noise_cost": 11.52553078937397, "n_waypoints_completed": 9, "tot_waypoints": 9}}
{"target": -172.62095665180925, "params": {"k_pid_pos": [1.2818971971145665, 0.0, 0.5950460254066667], "k_pid_alt": [1.999919939112891, 0.0, 0.0], "k_pid_att": [25.76387687172224, 0.0001, 0.35082847521214955], "k_pid_yaw": [0.5, 1e-06, 0.1], "k_pid_hsp": [0.09247489998684723, 0.0, 0.0], "k_pid_vsp": [248.48416160917256, 400.0, 1e-06]}, "datetime": {"datetime": "2025-08-20 20:51:56", "elapsed": 32371.17863893509, "delta": 16.37060260772705}, "costs": {"total_cost": 172.62095665180925, "time_cost": 70.592, "final_distance_cost": 1.808059825292617, "oscillation_cost": 25.212265793013188, "completition_cost": 0.0, "overshoot_cost": 51.49991415346063, "power_cost": 12.040422192382813, "noise_cost": 11.46829468766002, "n_waypoints_completed": 9, "tot_waypoints": 9}}
{"target": -172.71609118406468, "params": {"k_pid_pos": [1.3666390969491407, 0.0, 0.5996578421723145], "k_pid_alt": [1.9998299510599093, 0.0, 0.0], "k_pid_att": [18.693548536774635, 0.0001, 0.3122792896403771], "k_pid_yaw": [0.5, 1e-06, 0.1], "k_pid_hsp": [0.08668826864600651, 6.62290610161605e-05, 0.0], "k_pid_vsp": [248.67694450856916, 396.6927438096762, 1e-06]}, "datetime": {"datetime": "2025-08-20 20:52:11", "elapsed": 32386.411542892456, "delta": 15.232903957366943}, "costs": {"total_cost": 172.71609118406468, "time_cost": 70.432, "final_distance_cost": 1.8199505404059362, "oscillation_cost": 25.60987168848722, "completition_cost": 0.0, "overshoot_cost": 51.695099290117064, "power_cost": 11.911844177246094, "noise_cost": 11.24732548780838, "n_waypoints_completed": 9, "tot_waypoints": 9}}
{"target": -172.04308987533136, "params": {"k_pid_pos": [1.29818698844679, 0.0, 0.6600370949389174], "k_pid_alt": [1.9998813264812845, 0.0, 0.0], "k_pid_att": [26.59430179470521, 0.0001, 0.26478209640978323], "k_pid_yaw": [0.5, 1e-06, 0.1], "k_pid_hsp": [0.0958738518634438, 4.866850318711657e-05, 0.0], "k_pid_vsp": [293.56880498667607, 391.9815469292851, 1e-06]}, "datetime": {"datetime": "2025-08-20 20:52:28", "elapsed": 32402.837317466736, "delta": 16.425774574279785}, "costs": {"total_cost": 172.04308987533136, "time_cost": 70.72, "final_distance_cost": 1.8108577162356956, "oscillation_cost": 24.97249025862167, "completition_cost": 0.0, "overshoot_cost": 50.99108698650619, "power_cost": 12.144345434570313, "noise_cost": 11.40430947939747, "n_waypoints_completed": 9, "tot_waypoints": 9}}
{"target": -171.35596302996726, "params": {"k_pid_pos": [1.3317646658276385, 0.0, 0.6440329874082984], "k_pid_alt": [1.9998962571363341, 0.0, 0.0], "k_pid_att": [27.85677095692425, 0.0001, 0.3264991330676743], "k_pid_yaw": [0.5, 1e-06, 0.1], "k_pid_hsp": [0.08702840658061746, 5.189816586983487e-05, 0.0], "k_pid_vsp": [254.3963266930998, 395.28160646537026, 1e-06]}, "datetime": {"datetime": "2025-08-20 20:52:44", "elapsed": 32418.9665851593, "delta": 16.129267692565918}, "costs": {"total_cost": 171.35596302996726, "time_cost": 70.64, "final_distance_cost": 1.8235465733462934, "oscillation_cost": 25.130566805819672, "completition_cost": 0.0, "overshoot_cost": 50.98461426232373, "power_cost": 11.586760668945313, "noise_cost": 11.190474719532245, "n_waypoints_completed": 9, "tot_waypoints": 9}}
{"target": -172.6063825897743, "params": {"k_pid_pos": [1.316511775132988, 0.0, 0.6392838474795922], "k_pid_alt": [1.9998914377162493, 0.0, 0.0], "k_pid_att": [28.375077273205186, 0.0001, 0.3206841863554656], "k_pid_yaw": [0.5, 1e-06, 0.1], "k_pid_hsp": [0.07795514638206512, 5.225461853425507e-05, 0.0], "k_pid_vsp": [272.9893314122202, 400.0, 1e-06]}, "datetime": {"datetime": "2025-08-20 20:53:02", "elapsed": 32437.013297319412, "delta": 18.046712160110474}, "costs": {"total_cost": 172.6063825897743, "time_cost": 70.824, "final_distance_cost": 1.8014457076471628, "oscillation_cost": 24.854952520013487, "completition_cost": 0.0, "overshoot_cost": 52.19080540862924, "power_cost": 11.663680493164064, "noise_cost": 11.271498460320386, "n_waypoints_completed": 9, "tot_waypoints": 9}}
{"target": -172.15947179567448, "params": {"k_pid_pos": [1.3084129566116953, 0.0, 0.7029034770734397], "k_pid_alt": [1.9999805939700925, 0.0, 0.0], "k_pid_att": [27.021220664144995, 0.0001, 0.3029339745891892], "k_pid_yaw": [0.5, 1e-06, 0.1], "k_pid_hsp": [0.14120804993669503, 7.888328304122934e-05, 0.0], "k_pid_vsp": [254.79382305547924, 372.15816973986864, 1e-06]}, "datetime": {"datetime": "2025-08-20 20:53:17", "elapsed": 32452.187273025513, "delta": 15.173975706100464}, "costs": {"total_cost": 172.15947179567448, "time_cost": 70.848, "final_distance_cost": 1.8428389188983572, "oscillation_cost": 25.42864521317849, "completition_cost": 0.0, "overshoot_cost": 50.676271764223856, "power_cost": 11.945522351074219, "noise_cost": 11.418193548299547, "n_waypoints_completed": 9, "tot_waypoints": 9}}
{"target": -172.6299149132737, "params": {"k_pid_pos": [1.3042921795117453, 0.0, 0.6414316763716507], "k_pid_alt": [1.9794449051950989, 0.0, 0.0], "k_pid_att": [24.178336897657225, 0.0001, 0.08109167565198855], "k_pid_yaw": [0.5, 1e-06, 0.1], "k_pid_hsp": [0.09513901352835563, 5.094837023917161e-05, 0.0], "k_pid_vsp": [237.03432105422573, 350.96250888500236, 1e-06]}, "datetime": {"datetime": "2025-08-20 20:53:34", "elapsed": 32468.76665520668, "delta": 16.579382181167603}, "costs": {"total_cost": 172.6299149132737, "time_cost": 70.64, "final_distance_cost": 1.8275567626854976, "oscillation_cost": 26.02222105832242, "completition_cost": 0.0, "overshoot_cost": 51.124581449945936, "power_cost": 11.787116967773438, "noise_cost": 11.228438674546409, "n_waypoints_completed": 9, "tot_waypoints": 9}}
{"target": -173.10543502446566, "params": {"k_pid_pos": [1.3095392742501897, 0.0, 0.6454701661525354], "k_pid_alt": [1.9999350533428106, 0.0, 0.0], "k_pid_att": [25.597765181064613, 0.0001, 0.34952830779152466], "k_pid_yaw": [0.5, 1e-06, 0.1], "k_pid_hsp": [0.0748226473636624, 1.9602404162675064e-05, 0.0], "k_pid_vsp": [242.30707505679868, 400.0, 1e-06]}, "datetime": {"datetime": "2025-08-20 20:53:50", "elapsed": 32485.0658659935, "delta": 16.299210786819458}, "costs": {"total_cost": 173.10543502446566, "time_cost": 70.992, "final_distance_cost": 1.786974807554089, "oscillation_cost": 24.87361541034625, "completition_cost": 0.0, "overshoot_cost": 52.199100543983384, "power_cost": 11.950077465820312, "noise_cost": 11.303666796761643, "n_waypoints_completed": 9, "tot_waypoints": 9}}
{"target": -173.02755904888795, "params": {"k_pid_pos": [1.3228351652489123, 0.0, 0.8389248408597245], "k_pid_alt": [2.0, 0.0, 0.0], "k_pid_att": [18.36833664706135, 0.0001, 0.31129314470500136], "k_pid_yaw": [0.5, 1e-06, 0.1], "k_pid_hsp": [0.10854352167868633, 6.572794360282662e-05, 0.0], "k_pid_vsp": [242.47928901180495, 368.10979040827755, 1e-06]}, "datetime": {"datetime": "2025-08-20 20:54:06", "elapsed": 32500.99809551239, "delta": 15.93222951889038}, "costs": {"total_cost": 173.02755904888795, "time_cost": 71.312, "final_distance_cost": 1.8430814314439392, "oscillation_cost": 24.75325806989974, "completition_cost": 0.0, "overshoot_cost": 51.345536403931, "power_cost": 12.147186328125, "noise_cost": 11.626496815488276, "n_waypoints_completed": 9, "tot_waypoints": 9}}
{"target": -172.8914590705957, "params": {"k_pid_pos": [1.2284878315881114, 0.0, 0.6227097264724305], "k_pid_alt": [1.999931159750051, 0.0, 0.0], "k_pid_att": [23.622219385900735, 0.0001, 0.32697863964849216], "k_pid_yaw": [0.5, 1e-06, 0.1], "k_pid_hsp": [0.09505033356558547, 8.968019811377081e-05, 0.0], "k_pid_vsp": [254.57960041160237, 393.3573168288175, 1e-06]}, "datetime": {"datetime": "2025-08-20 20:54:23", "elapsed": 32517.87859773636, "delta": 16.880502223968506}, "costs": {"total_cost": 172.8914590705957, "time_cost": 70.84, "final_distance_cost": 1.8337884262828976, "oscillation_cost": 24.962739083712663, "completition_cost": 0.0, "overshoot_cost": 51.66973492461108, "power_cost": 12.047502380371094, "noise_cost": 11.537694255617941, "n_waypoints_completed": 9, "tot_waypoints": 9}}
{"target": -173.60435892646885, "params": {"k_pid_pos": [1.2707831382407775, 0.0, 0.7296703261595144], "k_pid_alt": [2.0, 0.0, 0.0], "k_pid_att": [25.41261165689032, 0.0001, 0.3157627804911759], "k_pid_yaw": [0.5, 1e-06, 0.1], "k_pid_hsp": [0.1429704607423881, 6.39173008403733e-05, 0.0], "k_pid_vsp": [265.19101816899433, 391.3223585785981, 1e-06]}, "datetime": {"datetime": "2025-08-20 20:54:38", "elapsed": 32533.19277024269, "delta": 15.314172506332397}, "costs": {"total_cost": 173.60435892646885, "time_cost": 71.16, "final_distance_cost": 1.83941362696133, "oscillation_cost": 25.267038973321895, "completition_cost": 0.0, "overshoot_cost": 51.18860154747825, "power_cost": 12.380514013671876, "noise_cost": 11.768790765035515, "n_waypoints_completed": 9, "tot_waypoints": 9}}
{"target": -172.4438611677162, "params": {"k_pid_pos": [1.5457272720748403, 0.0, 0.7645036891284479], "k_pid_alt": [1.9999030121055121, 0.0, 0.0], "k_pid_att": [37.59603243602497, 0.0001, 0.46288398253612834], "k_pid_yaw": [0.5, 1e-06, 0.1], "k_pid_hsp": [0.10830267315821307, 0.00011455421246637941, 0.0], "k_pid_vsp": [248.19251102243751, 399.9669766024536, 1e-06]}, "datetime": {"datetime": "2025-08-20 20:54:55", "elapsed": 32549.762939929962, "delta": 16.570169687271118}, "costs": {"total_cost": 172.4438611677162, "time_cost": 70.34400000000001, "final_distance_cost": 1.8337368867071637, "oscillation_cost": 26.02740739794852, "completition_cost": 0.0, "overshoot_cost": 51.20818036096086, "power_cost": 11.759616528320313, "noise_cost": 11.270919993779316, "n_waypoints_completed": 9, "tot_waypoints": 9}}
{"target": -172.74075687987025, "params": {"k_pid_pos": [1.3483540570360613, 0.0, 0.38468565134522104], "k_pid_alt": [1.9999959569949066, 0.0, 0.0], "k_pid_att": [31.52033522384459, 0.0001, 0.43790486936444983], "k_pid_yaw": [0.5, 1e-06, 0.1], "k_pid_hsp": [0.11780505783576045, 0.00011277885484197153, 0.0], "k_pid_vsp": [252.5093329861323, 336.85324313751954, 1e-06]}, "datetime": {"datetime": "2025-08-20 20:55:10", "elapsed": 32565.41624522209, "delta": 15.653305292129517}, "costs": {"total_cost": 172.74075687987025, "time_cost": 69.928, "final_distance_cost": 1.792948996344821, "oscillation_cost": 26.926382961939616, "completition_cost": 0.0, "overshoot_cost": 51.15359031611263, "power_cost": 11.802810864257813, "noise_cost": 11.13702374121537, "n_waypoints_completed": 9, "tot_waypoints": 9}}
{"target": -172.09235168225712, "params": {"k_pid_pos": [1.3237799837112814, 0.0, 0.564557827200923], "k_pid_alt": [1.9999073596774364, 0.0, 0.0], "k_pid_att": [24.04348342667044, 0.0001, 0.3451206617669602], "k_pid_yaw": [0.5, 1e-06, 0.1], "k_pid_hsp": [0.11030834283302195, 7.029458468416425e-05, 0.0], "k_pid_vsp": [233.5487139639707, 396.10700798506866, 1e-06]}, "datetime": {"datetime": "2025-08-20 20:55:28", "elapsed": 32583.011787891388, "delta": 17.595542669296265}, "costs": {"total_cost": 172.09235168225712, "time_cost": 70.352, "final_distance_cost": 1.8257016477081116, "oscillation_cost": 25.929872463491755, "completition_cost": 0.0, "overshoot_cost": 50.84002326131431, "power_cost": 11.859524609375, "noise_cost": 11.285229700367928, "n_waypoints_completed": 9, "tot_waypoints": 9}}
{"target": -173.32653394730102, "params": {"k_pid_pos": [1.6308797558434889, 0.0, 0.6719969581393515], "k_pid_alt": [1.9999908103110724, 0.0, 0.0], "k_pid_att": [27.587060546128534, 0.0001, 0.23204199130183195], "k_pid_yaw": [0.5, 1e-06, 0.1], "k_pid_hsp": [0.12149311802732599, 0.0, 0.0], "k_pid_vsp": [259.28817188421664, 329.4329493035187, 1e-06]}, "datetime": {"datetime": "2025-08-20 20:55:43", "elapsed": 32598.08402323723, "delta": 15.072235345840454}, "costs": {"total_cost": 173.32653394730102, "time_cost": 70.04, "final_distance_cost": 1.8311717743206106, "oscillation_cost": 27.04812201092296, "completition_cost": 0.0, "overshoot_cost": 51.318740170825905, "power_cost": 11.828530847167968, "noise_cost": 11.259969144063554, "n_waypoints_completed": 9, "tot_waypoints": 9}}
{"target": -173.94382937016366, "params": {"k_pid_pos": [1.4285330906871267, 0.0, 0.5051293625467859], "k_pid_alt": [1.9997531663933943, 0.0, 0.0], "k_pid_att": [28.135846324161474, 0.0001, 0.27619840618088415], "k_pid_yaw": [0.5, 1e-06, 0.1], "k_pid_hsp": [0.05622165451103173, 0.00010963132946563906, 0.0], "k_pid_vsp": [253.79335648309768, 399.7346292136632, 1e-06]}, "datetime": {"datetime": "2025-08-20 20:56:00", "elapsed": 32615.29017138481, "delta": 17.206148147583008}, "costs": {"total_cost": 173.94382937016366, "time_cost": 72.21600000000001, "final_distance_cost": 1.7762355014445292, "oscillation_cost": 23.67528353388515, "completition_cost": 0.0, "overshoot_cost": 53.50522950493389, "power_cost": 11.513821850585938, "noise_cost": 11.257258979314154, "n_waypoints_completed": 9, "tot_waypoints": 9}}
{"target": -173.10630800782187, "params": {"k_pid_pos": [1.4398574774593134, 0.0, 0.5024125970969178], "k_pid_alt": [2.0, 0.0, 0.0], "k_pid_att": [31.27408035276523, 0.0001, 0.3808771782365151], "k_pid_yaw": [0.5, 1e-06, 0.1], "k_pid_hsp": [0.08877346051955427, 5.0667320308451334e-05, 0.0], "k_pid_vsp": [288.8308218881659, 400.0, 1e-06]}, "datetime": {"datetime": "2025-08-20 20:56:17", "elapsed": 32631.78148818016, "delta": 16.49131679534912}, "costs": {"total_cost": 173.10630800782187, "time_cost": 70.152, "final_distance_cost": 1.780596701482375, "oscillation_cost": 26.46448473106323, "completition_cost": 0.0, "overshoot_cost": 51.455922380426884, "power_cost": 11.963871777343751, "noise_cost": 11.28943241750566, "n_waypoints_completed": 9, "tot_waypoints": 9}}
{"target": -172.2605938980924, "params": {"k_pid_pos": [1.3577885036858273, 0.0, 0.61425858616318], "k_pid_alt": [1.9998940426889311, 0.0, 0.0], "k_pid_att": [23.392135302609944, 0.0001, 0.3171025977076719], "k_pid_yaw": [0.5, 1e-06, 0.1], "k_pid_hsp": [0.09549967893787548, 8.089724632316665e-05, 0.0], "k_pid_vsp": [254.83791523963185, 400.0, 1e-06]}, "datetime": {"datetime": "2025-08-20 20:56:33", "elapsed": 32648.226608991623, "delta": 16.445120811462402}, "costs": {"total_cost": 172.2605938980924, "time_cost": 70.44800000000001, "final_distance_cost": 1.8026789510555186, "oscillation_cost": 25.497424637934348, "completition_cost": 0.0, "overshoot_cost": 51.39549401678415, "power_cost": 11.815974548339844, "noise_cost": 11.301021743978525, "n_waypoints_completed": 9, "tot_waypoints": 9}}
{"target": -172.9476389208029, "params": {"k_pid_pos": [1.46907073695233, 0.0, 0.9922419397011304], "k_pid_alt": [1.9998908119493275, 0.0, 0.0], "k_pid_att": [29.807947654014136, 0.0001, 0.31000951201898247], "k_pid_yaw": [0.5, 1e-06, 0.1], "k_pid_hsp": [0.09028820195522261, 5.269126134707679e-05, 0.0], "k_pid_vsp": [259.14059764653047, 328.19350719149054, 1e-06]}, "datetime": {"datetime": "2025-08-20 20:56:49", "elapsed": 32664.51943063736, "delta": 16.292821645736694}, "costs": {"total_cost": 172.9476389208029, "time_cost": 71.256, "final_distance_cost": 1.8404673979429649, "oscillation_cost": 24.601455797807674, "completition_cost": 0.0, "overshoot_cost": 51.779245145904774, "power_cost": 11.978172717285156, "noise_cost": 11.49229786186232, "n_waypoints_completed": 9, "tot_waypoints": 9}}
{"target": -171.7685506673309, "params": {"k_pid_pos": [1.3045313311973818, 0.0, 0.6272376045774344], "k_pid_alt": [1.9998853388266205, 0.0, 0.0], "k_pid_att": [26.16410140485411, 0.0001, 0.3204760274267119], "k_pid_yaw": [0.5, 1e-06, 0.1], "k_pid_hsp": [0.08937858127834822, 6.889858145387343e-05, 0.0], "k_pid_vsp": [249.76616713800647, 395.5828490940136, 1e-06]}, "datetime": {"datetime": "2025-08-20 20:57:09", "elapsed": 32684.451352119446, "delta": 19.93192148208618}, "costs": {"total_cost": 171.7685506673309, "time_cost": 70.624, "final_distance_cost": 1.8252609857458542, "oscillation_cost": 24.99765713892353, "completition_cost": 0.0, "overshoot_cost": 50.86910906408089, "power_cost": 12.089365893554689, "noise_cost": 11.363157585025967, "n_waypoints_completed": 9, "tot_waypoints": 9}}
{"target": -172.22988003609566, "params": {"k_pid_pos": [1.3805443668899564, 0.0, 0.6277777132848777], "k_pid_alt": [2.0, 0.0, 0.0], "k_pid_att": [33.1509596099264, 0.0001, 0.32677592790468596], "k_pid_yaw": [0.5, 1e-06, 0.1], "k_pid_hsp": [0.11234865282426425, 0.0, 0.0], "k_pid_vsp": [251.02373257985562, 353.79698553642373, 1e-06]}, "datetime": {"datetime": "2025-08-20 20:57:31", "elapsed": 32706.535083055496, "delta": 22.083730936050415}, "costs": {"total_cost": 172.22988003609566, "time_cost": 70.432, "final_distance_cost": 1.8263100466839102, "oscillation_cost": 25.789783489170453, "completition_cost": 0.0, "overshoot_cost": 51.15007646287664, "power_cost": 11.743907861328125, "noise_cost": 11.287802176036507, "n_waypoints_completed": 9, "tot_waypoints": 9}}
{"target": -173.03410166389565, "params": {"k_pid_pos": [1.407755968261229, 0.0, 0.8142596358009936], "k_pid_alt": [1.9999084082010712, 0.0, 0.0], "k_pid_att": [26.845325468977883, 0.0001, 0.32279538889774545], "k_pid_yaw": [0.5, 1e-06, 0.1], "k_pid_hsp": [0.0936443041697853, 5.516844312073697e-05, 0.0], "k_pid_vsp": [287.6916033543661, 398.1544135696476, 1e-06]}, "datetime": {"datetime": "2025-08-20 20:57:47", "elapsed": 32721.639090299606, "delta": 15.104007244110107}, "costs": {"total_cost": 173.03410166389565, "time_cost": 70.864, "final_distance_cost": 1.8350076878794088, "oscillation_cost": 25.10563416883331, "completition_cost": 0.0, "overshoot_cost": 51.68355715603205, "power_cost": 11.997807678222657, "noise_cost": 11.548094972928233, "n_waypoints_completed": 9, "tot_waypoints": 9}}
{"target": -171.66785010046058, "params": {"k_pid_pos": [1.3620925444274186, 0.0, 0.6714011035671331], "k_pid_alt": [1.9999591001332417, 0.0, 0.0], "k_pid_att": [24.588348651517894, 0.0001, 0.3069517736802115], "k_pid_yaw": [0.5, 1e-06, 0.1], "k_pid_hsp": [0.085548634095602, 8.5464284112152e-05, 0.0], "k_pid_vsp": [228.29537064819232, 384.4794627501401, 1e-06]}, "datetime": {"datetime": "2025-08-20 20:58:05", "elapsed": 32739.850501060486, "delta": 18.211410760879517}, "costs": {"total_cost": 171.66785010046058, "time_cost": 70.624, "final_distance_cost": 1.7970638128649974, "oscillation_cost": 25.353359578214736, "completition_cost": 0.0, "overshoot_cost": 50.94130421466527, "power_cost": 11.690411486816407, "noise_cost": 11.261711007899185, "n_waypoints_completed": 9, "tot_waypoints": 9}}
