{"target": -172.5021287186252, "params": {"k_pid_pos": [1.5916579253230567, 0.0, 0.861640286011993], "k_pid_alt": [2.0, 0.0, 0.0], "k_pid_att": [17.637718788456276, 0.0001, 0.5363850896443652], "k_pid_yaw": [0.5, 1e-06, 0.1], "k_pid_hsp": [0.11122138048261268, 0.0, 0.0], "k_pid_vsp": [251.10235200440695, 262.44143319958346, 1e-06]}, "datetime": {"datetime": "2025-08-20 16:42:00", "elapsed": 17375.236320495605, "delta": 15.917338609695435}, "costs": {"total_cost": 172.5021287186252, "time_cost": 70.544, "final_distance_cost": 1.8173258965343164, "oscillation_cost": 25.56458397249947, "completition_cost": 0.0, "overshoot_cost": 50.96333866035503, "power_cost": 12.179172668457031, "noise_cost": 11.433707520779368, "n_waypoints_completed": 9, "tot_waypoints": 9}}
{"target": -171.76928539964973, "params": {"k_pid_pos": [1.5022388554386206, 0.0, 0.8658554468266055], "k_pid_alt": [2.0, 0.0, 0.0], "k_pid_att": [11.308874188899097, 0.0001, 0.2746977802629374], "k_pid_yaw": [0.5, 1e-06, 0.1], "k_pid_hsp": [0.11816848955488835, 0.0003514343999142511, 0.0], "k_pid_vsp": [262.5942693408878, 301.0204215950545, 1e-06]}, "datetime": {"datetime": "2025-08-20 16:42:16", "elapsed": 17390.743883371353, "delta": 15.50756287574768}, "costs": {"total_cost": 171.76928539964973, "time_cost": 70.696, "final_distance_cost": 1.8434362763715506, "oscillation_cost": 25.395125665738128, "completition_cost": 0.0, "overshoot_cost": 50.58379652443171, "power_cost": 11.89486199951172, "noise_cost": 11.356064933596635, "n_waypoints_completed": 9, "tot_waypoints": 9}}
{"target": -173.7452313958184, "params": {"k_pid_pos": [1.6043837741184606, 0.0, 0.8594223625160573], "k_pid_alt": [2.0, 0.0, 0.0], "k_pid_att": [26.616226267184043, 0.0001, 0.2988362743848046], "k_pid_yaw": [0.5, 1e-06, 0.1], "k_pid_hsp": [0.12386617734331365, 0.0, 0.0], "k_pid_vsp": [265.9547409280111, 266.3399825630089, 1e-06]}, "datetime": {"datetime": "2025-08-20 16:42:31", "elapsed": 17406.487947940826, "delta": 15.744064569473267}, "costs": {"total_cost": 173.7452313958184, "time_cost": 70.536, "final_distance_cost": 1.8248082007861022, "oscillation_cost": 25.839534809101117, "completition_cost": 0.0, "overshoot_cost": 51.767846003318, "power_cost": 12.254997985839845, "noise_cost": 11.522044396773325, "n_waypoints_completed": 9, "tot_waypoints": 9}}
{"target": -172.7815456603931, "params": {"k_pid_pos": [1.5543255483434535, 0.0, 0.8709185043423835], "k_pid_alt": [2.0, 0.0, 0.0], "k_pid_att": [27.32707871448337, 0.0001, 0.2666406340621633], "k_pid_yaw": [0.5, 1e-06, 0.1], "k_pid_hsp": [0.09874917270487452, 0.0, 0.0], "k_pid_vsp": [258.5700419387675, 290.0511081547338, 1e-06]}, "datetime": {"datetime": "2025-08-20 16:42:47", "elapsed": 17422.17186999321, "delta": 15.683922052383423}, "costs": {"total_cost": 172.7815456603931, "time_cost": 70.70400000000001, "final_distance_cost": 1.82106621225079, "oscillation_cost": 25.390838554831493, "completition_cost": 0.0, "overshoot_cost": 51.4411131489294, "power_cost": 12.039812939453126, "noise_cost": 11.38471480492832, "n_waypoints_completed": 9, "tot_waypoints": 9}}
{"target": -172.09154262003383, "params": {"k_pid_pos": [1.7706141787836294, 0.0, 0.9526961699272063], "k_pid_alt": [1.77367250952485, 0.0, 0.0], "k_pid_att": [34.623224587050586, 0.0001, 0.45978961745919644], "k_pid_yaw": [0.5, 1e-06, 0.1], "k_pid_hsp": [0.09603941379811529, 0.0, 0.0], "k_pid_vsp": [261.48231153952014, 283.63684833107556, 1e-06]}, "datetime": {"datetime": "2025-08-20 16:43:02", "elapsed": 17437.393172740936, "delta": 15.22130274772644}, "costs": {"total_cost": 172.09154262003383, "time_cost": 70.104, "final_distance_cost": 1.8115046896888334, "oscillation_cost": 26.48060408764487, "completition_cost": 0.0, "overshoot_cost": 50.8385704386804, "power_cost": 11.639465686035157, "noise_cost": 11.217397717984591, "n_waypoints_completed": 9, "tot_waypoints": 9}}
{"target": -172.6353809815507, "params": {"k_pid_pos": [1.626367861731697, 0.0, 0.8672240774353944], "k_pid_alt": [2.0, 0.0, 0.0], "k_pid_att": [33.62321247198459, 0.0001, 0.2748682159346328], "k_pid_yaw": [0.5, 1e-06, 0.1], "k_pid_hsp": [0.1100517869246172, 0.0, 0.0], "k_pid_vsp": [250.07547057950362, 254.79806933122575, 1e-06]}, "datetime": {"datetime": "2025-08-20 16:43:18", "elapsed": 17453.289781093597, "delta": 15.896608352661133}, "costs": {"total_cost": 172.6353809815507, "time_cost": 70.536, "final_distance_cost": 1.8195140900342501, "oscillation_cost": 25.907552731960575, "completition_cost": 0.0, "overshoot_cost": 50.96400866632721, "power_cost": 12.069723950195312, "noise_cost": 11.33858154303333, "n_waypoints_completed": 9, "tot_waypoints": 9}}
{"target": -173.35212974175172, "params": {"k_pid_pos": [1.5501574619439389, 0.0, 0.93635317572821], "k_pid_alt": [1.9458481652606874, 0.0, 0.0], "k_pid_att": [35.15721696706131, 0.0001, 0.3087574577217139], "k_pid_yaw": [0.5, 1e-06, 0.1], "k_pid_hsp": [0.0751456062643778, 0.0, 0.0], "k_pid_vsp": [256.70542329661714, 244.3868800343168, 1e-06]}, "datetime": {"datetime": "2025-08-20 16:43:34", "elapsed": 17469.452045679092, "delta": 16.162264585494995}, "costs": {"total_cost": 173.35212974175172, "time_cost": 70.984, "final_distance_cost": 1.8246471684687164, "oscillation_cost": 25.08596884794577, "completition_cost": 0.0, "overshoot_cost": 51.73258877267303, "power_cost": 12.222192761230469, "noise_cost": 11.502732191433735, "n_waypoints_completed": 9, "tot_waypoints": 9}}
{"target": -172.00441554243972, "params": {"k_pid_pos": [1.5291751168894545, 0.0, 0.8376385918473976], "k_pid_alt": [2.0, 0.0, 0.0], "k_pid_att": [41.574762197760464, 0.0001, 0.23982218020015283], "k_pid_yaw": [0.5, 1e-06, 0.1], "k_pid_hsp": [0.1108481576289579, 0.0, 0.0], "k_pid_vsp": [263.11856498788916, 296.52449099560937, 1e-06]}, "datetime": {"datetime": "2025-08-20 16:43:49", "elapsed": 17484.452275514603, "delta": 15.000229835510254}, "costs": {"total_cost": 172.00441554243972, "time_cost": 70.696, "final_distance_cost": 1.8363977729011463, "oscillation_cost": 25.564427909838262, "completition_cost": 0.0, "overshoot_cost": 50.97741694732333, "power_cost": 11.626134338378908, "noise_cost": 11.30403857399808, "n_waypoints_completed": 9, "tot_waypoints": 9}}
{"target": -174.59882745987085, "params": {"k_pid_pos": [1.9476476532491627, 0.0, 0.8429312362151299], "k_pid_alt": [1.885997773349261, 0.0, 0.0], "k_pid_att": [75.59911032908659, 0.0001, 0.37772037973773787], "k_pid_yaw": [0.5, 1e-06, 0.1], "k_pid_hsp": [0.11845369794360114, 0.0, 0.0], "k_pid_vsp": [274.8189395588419, 261.9129280220894, 1e-06]}, "datetime": {"datetime": "2025-08-20 16:44:06", "elapsed": 17501.142622232437, "delta": 16.690346717834473}, "costs": {"total_cost": 174.59882745987085, "time_cost": 69.896, "final_distance_cost": 1.8086914362787254, "oscillation_cost": 28.57107894962631, "completition_cost": 0.0, "overshoot_cost": 51.378415123672895, "power_cost": 11.712381176757813, "noise_cost": 11.23226077353509, "n_waypoints_completed": 9, "tot_waypoints": 9}}
{"target": -172.1457599793377, "params": {"k_pid_pos": [1.4309952708429508, 0.005769503603991324, 0.8427908780999633], "k_pid_alt": [2.0, 0.0, 0.0], "k_pid_att": [39.06218624831428, 0.0001, 0.24842542038695992], "k_pid_yaw": [0.5, 1e-06, 0.1], "k_pid_hsp": [0.11971812593844852, 0.0, 0.0], "k_pid_vsp": [273.5178104101996, 252.12664890485127, 1e-06]}, "datetime": {"datetime": "2025-08-20 16:44:25", "elapsed": 17519.89360189438, "delta": 18.75097966194153}, "costs": {"total_cost": 172.1457599793377, "time_cost": 70.952, "final_distance_cost": 1.8350475863293105, "oscillation_cost": 25.081929679120666, "completition_cost": 0.0, "overshoot_cost": 50.58035957210879, "power_cost": 12.171593701171876, "noise_cost": 11.524829440607078, "n_waypoints_completed": 9, "tot_waypoints": 9}}
{"target": -171.81111984177727, "params": {"k_pid_pos": [1.5314409975655017, 0.0, 0.8860174869584049], "k_pid_alt": [2.0, 0.0, 0.0], "k_pid_att": [24.277669059324207, 0.0001, 0.2811566971436395], "k_pid_yaw": [0.5, 1e-06, 0.1], "k_pid_hsp": [0.11769166690697025, 0.0008430318625033345, 0.0], "k_pid_vsp": [256.0415745207365, 319.27237933059695, 1e-06]}, "datetime": {"datetime": "2025-08-20 16:44:42", "elapsed": 17537.494406938553, "delta": 17.600805044174194}, "costs": {"total_cost": 171.81111984177727, "time_cost": 70.696, "final_distance_cost": 1.826674544901937, "oscillation_cost": 25.459108980281513, "completition_cost": 0.0, "overshoot_cost": 50.61438448288332, "power_cost": 11.877502673339844, "noise_cost": 11.337449160370644, "n_waypoints_completed": 9, "tot_waypoints": 9}}
{"target": -173.71163274113013, "params": {"k_pid_pos": [1.5541232294242837, 0.0, 0.8693704963592839], "k_pid_alt": [2.0, 0.0, 0.0], "k_pid_att": [29.348917005582564, 0.0001, 0.28915581343772934], "k_pid_yaw": [0.5, 1e-06, 0.1], "k_pid_hsp": [0.21004820856415157, 0.0, 0.0], "k_pid_vsp": [264.3202532062342, 279.3130551833806, 1e-06]}, "datetime": {"datetime": "2025-08-20 16:44:59", "elapsed": 17554.49555516243, "delta": 17.001148223876953}, "costs": {"total_cost": 173.71163274113013, "time_cost": 70.57600000000001, "final_distance_cost": 1.8430777672347944, "oscillation_cost": 26.38509750181616, "completition_cost": 0.0, "overshoot_cost": 50.736757365526394, "power_cost": 12.439097106933595, "noise_cost": 11.731602999619177, "n_waypoints_completed": 9, "tot_waypoints": 9}}
{"target": -171.8211451019667, "params": {"k_pid_pos": [1.5415092642432302, 0.0, 0.861386956939994], "k_pid_alt": [2.0, 0.0, 0.0], "k_pid_att": [33.08731646952191, 0.0001, 0.2184564499918265], "k_pid_yaw": [0.5, 1e-06, 0.1], "k_pid_hsp": [0.1253942312198391, 0.0, 0.0], "k_pid_vsp": [264.35817854652015, 254.6063296686316, 1e-06]}, "datetime": {"datetime": "2025-08-20 16:45:15", "elapsed": 17570.079430103302, "delta": 15.583874940872192}, "costs": {"total_cost": 171.8211451019667, "time_cost": 70.688, "final_distance_cost": 1.841305496959986, "oscillation_cost": 25.544366099230867, "completition_cost": 0.0, "overshoot_cost": 50.41774196771587, "power_cost": 11.977128796386719, "noise_cost": 11.352602741673227, "n_waypoints_completed": 9, "tot_waypoints": 9}}
{"target": -174.10053005849852, "params": {"k_pid_pos": [1.5606874992807227, 0.0, 0.8446220907005808], "k_pid_alt": [2.0, 0.0, 0.0], "k_pid_att": [33.748426233756774, 0.0001, 0.28040218220335955], "k_pid_yaw": [0.5, 1e-06, 0.1], "k_pid_hsp": [0.06706715665599074, 0.0, 0.0], "k_pid_vsp": [275.3022097836985, 306.5129808157513, 1e-06]}, "datetime": {"datetime": "2025-08-20 16:45:31", "elapsed": 17585.67967224121, "delta": 15.600242137908936}, "costs": {"total_cost": 174.10053005849852, "time_cost": 71.168, "final_distance_cost": 1.8153795151686563, "oscillation_cost": 24.78052999849611, "completition_cost": 0.0, "overshoot_cost": 52.63486408354834, "power_cost": 12.171406384277343, "noise_cost": 11.53035007700808, "n_waypoints_completed": 9, "tot_waypoints": 9}}
{"target": -173.2464387405521, "params": {"k_pid_pos": [1.5524663876494447, 0.0, 0.8644634825586548], "k_pid_alt": [2.0, 0.0, 0.0], "k_pid_att": [35.44055744170734, 0.0001, 0.17737440254718384], "k_pid_yaw": [0.5, 1e-06, 0.1], "k_pid_hsp": [0.07972572273630579, 0.0, 0.0], "k_pid_vsp": [251.8126058157351, 231.32121627055585, 1e-06]}, "datetime": {"datetime": "2025-08-20 16:45:47", "elapsed": 17601.697372674942, "delta": 16.01770043373108}, "costs": {"total_cost": 173.2464387405521, "time_cost": 70.84, "final_distance_cost": 1.7973509509705508, "oscillation_cost": 25.138821335109117, "completition_cost": 0.0, "overshoot_cost": 52.24311665103891, "power_cost": 11.833773217773437, "noise_cost": 11.393376585660084, "n_waypoints_completed": 9, "tot_waypoints": 9}}
{"target": -172.90892170200388, "params": {"k_pid_pos": [1.5834802928082685, 0.0, 0.7584360897997398], "k_pid_alt": [2.0, 0.0, 0.0], "k_pid_att": [38.70284533099553, 0.0001, 0.2966992837939872], "k_pid_yaw": [0.5, 1e-06, 0.1], "k_pid_hsp": [0.11948756693933242, 0.0, 0.0], "k_pid_vsp": [181.10896215082371, 211.69628803077006, 1e-06]}, "datetime": {"datetime": "2025-08-20 16:46:02", "elapsed": 17617.481221199036, "delta": 15.783848524093628}, "costs": {"total_cost": 172.90892170200388, "time_cost": 70.432, "final_distance_cost": 1.8370674080418194, "oscillation_cost": 26.204213568541952, "completition_cost": 0.0, "overshoot_cost": 51.244601678419265, "power_cost": 11.857786535644532, "noise_cost": 11.33325251135634, "n_waypoints_completed": 9, "tot_waypoints": 9}}
{"target": -172.18615939132002, "params": {"k_pid_pos": [1.539750162991705, 0.0, 0.7754931591896408], "k_pid_alt": [2.0, 0.0, 0.0], "k_pid_att": [34.33704953738679, 0.0001, 0.26410351504487106], "k_pid_yaw": [0.5, 1e-06, 0.1], "k_pid_hsp": [0.10269398242074342, 0.0, 0.0], "k_pid_vsp": [260.63825048748265, 249.69077013510375, 1e-06]}, "datetime": {"datetime": "2025-08-20 16:46:18", "elapsed": 17632.898547649384, "delta": 15.4173264503479}, "costs": {"total_cost": 172.18615939132002, "time_cost": 70.552, "final_distance_cost": 1.8260201019883173, "oscillation_cost": 25.54408173444138, "completition_cost": 0.0, "overshoot_cost": 50.87820802189881, "power_cost": 12.052252160644532, "noise_cost": 11.333597372346944, "n_waypoints_completed": 9, "tot_waypoints": 9}}
{"target": -172.19958982409398, "params": {"k_pid_pos": [1.542865354524891, 0.0, 0.8673490206022171], "k_pid_alt": [2.0, 0.0, 0.0], "k_pid_att": [26.88323695432083, 0.0001, 0.2547144311156071], "k_pid_yaw": [0.5, 1e-06, 0.1], "k_pid_hsp": [0.13956302414991745, 0.0, 0.0], "k_pid_vsp": [258.8860896289174, 248.50749836626548, 1e-06]}, "datetime": {"datetime": "2025-08-20 16:46:34", "elapsed": 17648.666254997253, "delta": 15.767707347869873}, "costs": {"total_cost": 172.19958982409398, "time_cost": 70.696, "final_distance_cost": 1.8363186162859786, "oscillation_cost": 25.873907316394927, "completition_cost": 0.0, "overshoot_cost": 50.46646444918857, "power_cost": 11.937392309570313, "noise_cost": 11.38950713265418, "n_waypoints_completed": 9, "tot_waypoints": 9}}
{"target": -172.16543111540372, "params": {"k_pid_pos": [1.4837796785470017, 0.0, 0.8615063478627251], "k_pid_alt": [1.86781157732325, 0.0, 0.0], "k_pid_att": [28.62892863338871, 0.0001, 0.29620652530574604], "k_pid_yaw": [0.5, 1e-06, 0.1], "k_pid_hsp": [0.11061748140325982, 0.0, 0.0], "k_pid_vsp": [266.7529669161451, 236.9595348245362, 1e-06]}, "datetime": {"datetime": "2025-08-20 16:46:49", "elapsed": 17664.050386428833, "delta": 15.38413143157959}, "costs": {"total_cost": 172.16543111540372, "time_cost": 70.696, "final_distance_cost": 1.84023622589401, "oscillation_cost": 25.371556575975067, "completition_cost": 0.0, "overshoot_cost": 50.94067424836876, "power_cost": 11.864150805664064, "noise_cost": 11.452813259501845, "n_waypoints_completed": 9, "tot_waypoints": 9}}
{"target": -174.44275686457087, "params": {"k_pid_pos": [1.6857993493267789, 0.0, 0.8475519870916939], "k_pid_alt": [1.99896663086332, 0.0, 0.0], "k_pid_att": [29.05842856552682, 0.0001, 0.6934441446071582], "k_pid_yaw": [0.5, 1e-06, 0.1], "k_pid_hsp": [0.18209359968604064, 0.0, 0.0], "k_pid_vsp": [185.95751016074297, 257.31313260526923, 1e-06]}, "datetime": {"datetime": "2025-08-20 16:47:06", "elapsed": 17681.034531354904, "delta": 16.984144926071167}, "costs": {"total_cost": 174.44275686457087, "time_cost": 70.288, "final_distance_cost": 1.842424569683846, "oscillation_cost": 26.957557238723783, "completition_cost": 0.0, "overshoot_cost": 51.230901656599194, "power_cost": 12.499872705078126, "noise_cost": 11.624000694485904, "n_waypoints_completed": 9, "tot_waypoints": 9}}
{"target": -172.49348303825448, "params": {"k_pid_pos": [1.4881675102445366, 0.0, 0.9166032778861442], "k_pid_alt": [2.0, 0.0, 0.0], "k_pid_att": [27.15810730723548, 0.0001, 0.22264821319041178], "k_pid_yaw": [0.5, 1e-06, 0.1], "k_pid_hsp": [0.1138843184338991, 0.0, 0.0], "k_pid_vsp": [257.54784287356756, 258.90855912075784, 1e-06]}, "datetime": {"datetime": "2025-08-20 16:47:21", "elapsed": 17696.474136590958, "delta": 15.439605236053467}, "costs": {"total_cost": 172.49348303825448, "time_cost": 71.008, "final_distance_cost": 1.8317607920552326, "oscillation_cost": 25.02671229096699, "completition_cost": 0.0, "overshoot_cost": 50.86207989324878, "power_cost": 12.201656604003906, "noise_cost": 11.563273457979573, "n_waypoints_completed": 9, "tot_waypoints": 9}}
{"target": -171.78888632414998, "params": {"k_pid_pos": [1.5347390562893612, 0.0, 0.8568332691107255], "k_pid_alt": [2.0, 0.0, 0.0], "k_pid_att": [26.64558143291951, 0.0001, 0.2771025549259065], "k_pid_yaw": [0.5, 1e-06, 0.1], "k_pid_hsp": [0.1168625056152027, 0.0, 0.0], "k_pid_vsp": [258.71925240603207, 255.0723253248402, 1e-06]}, "datetime": {"datetime": "2025-08-20 16:47:37", "elapsed": 17711.769375801086, "delta": 15.295239210128784}, "costs": {"total_cost": 171.78888632414998, "time_cost": 70.696, "final_distance_cost": 1.8322862103313082, "oscillation_cost": 25.2719286693339, "completition_cost": 0.0, "overshoot_cost": 50.75063894336267, "power_cost": 11.884032055664063, "noise_cost": 11.354000445458082, "n_waypoints_completed": 9, "tot_waypoints": 9}}
{"target": -173.79251396770135, "params": {"k_pid_pos": [1.6494243135030782, 0.0, 0.8666838439901831], "k_pid_alt": [2.0, 0.0, 0.0], "k_pid_att": [25.653457811742022, 0.0001, 0.27346565283615226], "k_pid_yaw": [0.5, 1e-06, 0.1], "k_pid_hsp": [0.11905606133884315, 0.0, 0.0], "k_pid_vsp": [257.97219951529803, 256.5671315784055, 1e-06]}, "datetime": {"datetime": "2025-08-20 16:47:53", "elapsed": 17727.62001657486, "delta": 15.850640773773193}, "costs": {"total_cost": 173.79251396770135, "time_cost": 70.48, "final_distance_cost": 1.8378289490346875, "oscillation_cost": 25.96143584590778, "completition_cost": 0.0, "overshoot_cost": 51.8004414698245, "power_cost": 12.206802014160157, "noise_cost": 11.506005688774216, "n_waypoints_completed": 9, "tot_waypoints": 9}}
{"target": -172.48571061504964, "params": {"k_pid_pos": [1.5130503737561851, 0.0, 0.8900440260447026], "k_pid_alt": [1.9102138262214732, 0.0, 0.0], "k_pid_att": [18.214938491156047, 0.0001, 0.2749151570400229], "k_pid_yaw": [0.5, 1e-06, 0.1], "k_pid_hsp": [0.1553014955226114, 0.0, 0.0], "k_pid_vsp": [205.43924289624766, 278.27843037972235, 1e-06]}, "datetime": {"datetime": "2025-08-20 16:48:08", "elapsed": 17743.404139995575, "delta": 15.784123420715332}, "costs": {"total_cost": 172.48571061504964, "time_cost": 70.752, "final_distance_cost": 1.8331986094130543, "oscillation_cost": 25.61846176930168, "completition_cost": 0.0, "overshoot_cost": 50.71136441097935, "power_cost": 12.07827392578125, "noise_cost": 11.492411899574307, "n_waypoints_completed": 9, "tot_waypoints": 9}}
{"target": -172.7132695667328, "params": {"k_pid_pos": [1.5578843648649747, 0.0, 0.861329764194492], "k_pid_alt": [2.0, 0.0, 0.0], "k_pid_att": [32.84520378184273, 0.0001, 0.2715651360951189], "k_pid_yaw": [0.5, 1e-06, 0.1], "k_pid_hsp": [0.08572746013366876, 0.0, 0.0], "k_pid_vsp": [253.15118420882305, 254.5308686352384, 1e-06]}, "datetime": {"datetime": "2025-08-20 16:48:24", "elapsed": 17758.870847702026, "delta": 15.466707706451416}, "costs": {"total_cost": 172.7132695667328, "time_cost": 70.70400000000001, "final_distance_cost": 1.8312481555256834, "oscillation_cost": 25.175814866728267, "completition_cost": 0.0, "overshoot_cost": 51.33043153584045, "power_cost": 12.16438397216797, "noise_cost": 11.507391036470409, "n_waypoints_completed": 9, "tot_waypoints": 9}}
{"target": -172.2757272935771, "params": {"k_pid_pos": [1.566381803116915, 0.0, 0.8458458108831226], "k_pid_alt": [2.0, 0.0, 0.0], "k_pid_att": [25.308391529018728, 0.0001, 0.19720124115842344], "k_pid_yaw": [0.5, 1e-06, 0.1], "k_pid_hsp": [0.10708567891721046, 0.0, 0.0], "k_pid_vsp": [265.44095733624056, 256.59383598181614, 1e-06]}, "datetime": {"datetime": "2025-08-20 16:48:40", "elapsed": 17774.689021587372, "delta": 15.818173885345459}, "costs": {"total_cost": 172.2757272935771, "time_cost": 70.60000000000001, "final_distance_cost": 1.8295253636327515, "oscillation_cost": 25.795993249730188, "completition_cost": 0.0, "overshoot_cost": 50.695238572763486, "power_cost": 11.98209150390625, "noise_cost": 11.372878603544427, "n_waypoints_completed": 9, "tot_waypoints": 9}}
{"target": -172.64472560623133, "params": {"k_pid_pos": [1.6848330005144094, 0.0, 1.0], "k_pid_alt": [2.0, 0.0, 0.0], "k_pid_att": [5.083057180750163, 0.0001, 0.27052503741607375], "k_pid_yaw": [0.5, 1e-06, 0.1], "k_pid_hsp": [0.11699078234671662, 1.9075277825873802e-06, 0.0], "k_pid_vsp": [237.8653769026124, 283.16704426235185, 1e-06]}, "datetime": {"datetime": "2025-08-20 16:48:55", "elapsed": 17790.139994859695, "delta": 15.450973272323608}, "costs": {"total_cost": 172.64472560623133, "time_cost": 70.496, "final_distance_cost": 1.8228061476398087, "oscillation_cost": 26.23789961398309, "completition_cost": 0.0, "overshoot_cost": 50.678812956150885, "power_cost": 12.050428295898438, "noise_cost": 11.358778592559137, "n_waypoints_completed": 9, "tot_waypoints": 9}}
{"target": -172.5205674015219, "params": {"k_pid_pos": [1.5445426785064973, 0.0, 0.8253184889755044], "k_pid_alt": [2.0, 0.0, 0.0], "k_pid_att": [31.36610868359805, 0.0001, 0.26530888165212774], "k_pid_yaw": [0.5, 1e-06, 0.1], "k_pid_hsp": [0.11942982023883511, 0.0, 0.0], "k_pid_vsp": [258.70128617889566, 271.98109477238114, 1e-06]}, "datetime": {"datetime": "2025-08-20 16:49:10", "elapsed": 17805.523944854736, "delta": 15.383949995040894}, "costs": {"total_cost": 172.5205674015219, "time_cost": 70.608, "final_distance_cost": 1.8368899267589858, "oscillation_cost": 25.851464460310726, "completition_cost": 0.0, "overshoot_cost": 50.866392022561925, "power_cost": 11.890824816894531, "noise_cost": 11.466996174995716, "n_waypoints_completed": 9, "tot_waypoints": 9}}
