{"target": -1137.3856442641118, "params": {"k_pid_pos": [1.439313226762731, 0.0, 0.9053572736868889], "k_pid_alt": [1.96614668737611, 0.0, 0.0], "k_pid_att": [0.0, 0.0001, 0.3874621925670284], "k_pid_yaw": [0.5, 1e-06, 0.1], "k_pid_hsp": [0.12881275225961664, 0.0, 0.0], "k_pid_vsp": [227.08442881818584, 305.5310875940678, 1e-06]}, "datetime": {"datetime": "2025-08-20 18:39:16", "elapsed": 24410.87985086441, "delta": 23.319209098815918}, "costs": {"total_cost": 1137.3856442641118, "time_cost": 150, "final_distance_cost": 47.75605469310002, "oscillation_cost": 0.564234842175861, "completition_cost": 888.8888888888888, "overshoot_cost": 24.385784630876632, "power_cost": 12.831810278320313, "noise_cost": 12.958870930749887, "n_waypoints_completed": 1, "tot_waypoints": 9}}
{"target": -172.34015751257652, "params": {"k_pid_pos": [1.6087443112016229, 0.0, 0.8138315306345181], "k_pid_alt": [1.9999480929358653, 0.0, 0.0], "k_pid_att": [17.697957083452973, 0.0001, 0.2766993014948441], "k_pid_yaw": [0.5, 1e-06, 0.1], "k_pid_hsp": [0.09848342486296194, 0.00012632246895753695, 0.0], "k_pid_vsp": [240.81942350732578, 337.24150334786856, 1e-06]}, "datetime": {"datetime": "2025-08-20 18:39:32", "elapsed": 24426.819469213486, "delta": 15.939618349075317}, "costs": {"total_cost": 172.34015751257652, "time_cost": 70.352, "final_distance_cost": 1.819729481004272, "oscillation_cost": 25.875228414428122, "completition_cost": 0.0, "overshoot_cost": 51.11583631392409, "power_cost": 11.892480517578125, "noise_cost": 11.28488278564192, "n_waypoints_completed": 9, "tot_waypoints": 9}}
{"target": -172.6948031031601, "params": {"k_pid_pos": [1.3520103481761383, 0.0, 0.7543714282889689], "k_pid_alt": [1.9998439654916076, 0.0, 0.0], "k_pid_att": [23.086279322964526, 0.0001, 0.3215052487844228], "k_pid_yaw": [0.5, 1e-06, 0.1], "k_pid_hsp": [0.09200337456463994, 0.00023368646089683164, 0.0], "k_pid_vsp": [223.05258108656528, 361.3511833237462, 1e-06]}, "datetime": {"datetime": "2025-08-20 18:39:47", "elapsed": 24441.71638560295, "delta": 14.896916389465332}, "costs": {"total_cost": 172.6948031031601, "time_cost": 70.83200000000001, "final_distance_cost": 1.8152871663911117, "oscillation_cost": 25.0832350278336, "completition_cost": 0.0, "overshoot_cost": 51.68459712022228, "power_cost": 11.916519152832032, "noise_cost": 11.363164635881082, "n_waypoints_completed": 9, "tot_waypoints": 9}}
{"target": -172.1345459194658, "params": {"k_pid_pos": [1.3430542159032843, 0.0, 0.7186441696863305], "k_pid_alt": [1.9994311493399133, 0.0, 0.0], "k_pid_att": [17.99288407430207, 0.0001, 0.2954180941692578], "k_pid_yaw": [0.5, 1e-06, 0.1], "k_pid_hsp": [0.10845410501926016, 0.0, 0.0], "k_pid_vsp": [212.92052012832596, 378.995971851688, 1e-06]}, "datetime": {"datetime": "2025-08-20 18:40:04", "elapsed": 24458.94945049286, "delta": 17.233064889907837}, "costs": {"total_cost": 172.1345459194658, "time_cost": 70.752, "final_distance_cost": 1.8407301628359753, "oscillation_cost": 25.08955048388854, "completition_cost": 0.0, "overshoot_cost": 51.12692608459772, "power_cost": 11.99214091796875, "noise_cost": 11.33319827017481, "n_waypoints_completed": 9, "tot_waypoints": 9}}
{"target": -172.4545698800838, "params": {"k_pid_pos": [1.410155562331764, 0.006978423879758519, 0.8996089154318482], "k_pid_alt": [1.9995408818838742, 0.0, 0.0], "k_pid_att": [26.006065715493484, 0.0001, 0.24421700878988561], "k_pid_yaw": [0.5, 1e-06, 0.1], "k_pid_hsp": [0.10522628059181441, 4.783495717433661e-05, 0.0], "k_pid_vsp": [241.7098378533662, 359.64060486757114, 1e-06]}, "datetime": {"datetime": "2025-08-20 18:40:20", "elapsed": 24474.91753268242, "delta": 15.968082189559937}, "costs": {"total_cost": 172.4545698800838, "time_cost": 71.104, "final_distance_cost": 1.8288941939797678, "oscillation_cost": 24.9213781274832, "completition_cost": 0.0, "overshoot_cost": 51.18734030077296, "power_cost": 11.91811962890625, "noise_cost": 11.49483762894163, "n_waypoints_completed": 9, "tot_waypoints": 9}}
{"target": -172.84908041235704, "params": {"k_pid_pos": [1.352933454544472, 0.0, 0.7314114257751843], "k_pid_alt": [1.9798680400563429, 0.0, 0.0], "k_pid_att": [31.390993386980107, 0.0001, 0.4120139982297021], "k_pid_yaw": [0.5, 1e-06, 0.1], "k_pid_hsp": [0.11695571768010474, 5.848909198605314e-05, 0.0], "k_pid_vsp": [263.3042577719097, 358.07543208423317, 1e-06]}, "datetime": {"datetime": "2025-08-20 18:40:37", "elapsed": 24492.003874778748, "delta": 17.086342096328735}, "costs": {"total_cost": 172.84908041235704, "time_cost": 70.768, "final_distance_cost": 1.8389325823889868, "oscillation_cost": 25.320944135025037, "completition_cost": 0.0, "overshoot_cost": 50.92127408177014, "power_cost": 12.424461328125, "noise_cost": 11.575468285047867, "n_waypoints_completed": 9, "tot_waypoints": 9}}
{"target": -172.1211747054407, "params": {"k_pid_pos": [1.4380176567164018, 0.0, 0.7415567416238896], "k_pid_alt": [1.9997579574099564, 0.0, 0.0], "k_pid_att": [48.46087323858254, 0.0001, 0.32652598755574874], "k_pid_yaw": [0.5, 1e-06, 0.1], "k_pid_hsp": [0.09446147226080223, 7.682984789253284e-05, 0.0], "k_pid_vsp": [233.66750172138833, 348.8736759730975, 1e-06]}, "datetime": {"datetime": "2025-08-20 18:40:53", "elapsed": 24507.835945367813, "delta": 15.832070589065552}, "costs": {"total_cost": 172.1211747054407, "time_cost": 70.656, "final_distance_cost": 1.8151570230872724, "oscillation_cost": 25.381851274567055, "completition_cost": 0.0, "overshoot_cost": 51.49239807251128, "power_cost": 11.592511938476562, "noise_cost": 11.183256396798534, "n_waypoints_completed": 9, "tot_waypoints": 9}}
{"target": -172.94859422070172, "params": {"k_pid_pos": [1.2135052267873816, 0.0, 0.8137886329869379], "k_pid_alt": [1.9999253184661827, 0.0, 0.0], "k_pid_att": [14.140195030981356, 0.0001, 0.22001436995274726], "k_pid_yaw": [0.5, 1e-06, 0.1], "k_pid_hsp": [0.10455410899454594, 0.000253697375476654, 0.0], "k_pid_vsp": [248.6060101268878, 377.4290327595743, 1e-06]}, "datetime": {"datetime": "2025-08-20 18:41:09", "elapsed": 24523.864711284637, "delta": 16.02876591682434}, "costs": {"total_cost": 172.94859422070172, "time_cost": 71.8, "final_distance_cost": 1.8290907474505442, "oscillation_cost": 24.26192349022186, "completition_cost": 0.0, "overshoot_cost": 50.99299154598721, "power_cost": 12.266429528808594, "noise_cost": 11.798158908233482, "n_waypoints_completed": 9, "tot_waypoints": 9}}
{"target": -172.53952277296014, "params": {"k_pid_pos": [1.35264112231757, 0.0, 0.8458593400728416], "k_pid_alt": [2.0, 0.0, 0.0], "k_pid_att": [24.431207658222597, 0.0001, 0.2678331855216716], "k_pid_yaw": [0.5, 1e-06, 0.1], "k_pid_hsp": [0.09305718032847186, 0.00010644963700706434, 0.0], "k_pid_vsp": [254.27776414883243, 355.6180526104214, 1e-06]}, "datetime": {"datetime": "2025-08-20 18:41:25", "elapsed": 24540.088075637817, "delta": 16.22336435317993}, "costs": {"total_cost": 172.53952277296014, "time_cost": 71.16, "final_distance_cost": 1.8397888997523397, "oscillation_cost": 24.740123415506247, "completition_cost": 0.0, "overshoot_cost": 51.21546297613839, "power_cost": 12.078584497070313, "noise_cost": 11.505562984492853, "n_waypoints_completed": 9, "tot_waypoints": 9}}
{"target": -172.55826264809033, "params": {"k_pid_pos": [1.3278504562179356, 0.0, 0.746023841820269], "k_pid_alt": [1.9994567546129838, 0.0, 0.0], "k_pid_att": [20.485368828743297, 0.0001, 0.3275095507120942], "k_pid_yaw": [0.5, 1e-06, 0.1], "k_pid_hsp": [0.11255814322541297, 0.00027902833719489637, 0.0], "k_pid_vsp": [230.29922001190315, 324.860062732486, 1e-06]}, "datetime": {"datetime": "2025-08-20 18:41:40", "elapsed": 24554.965848445892, "delta": 14.877772808074951}, "costs": {"total_cost": 172.55826264809033, "time_cost": 70.912, "final_distance_cost": 1.8297244897168912, "oscillation_cost": 24.984610323479302, "completition_cost": 0.0, "overshoot_cost": 51.28435855829328, "power_cost": 12.061909606933595, "noise_cost": 11.485659669667255, "n_waypoints_completed": 9, "tot_waypoints": 9}}
{"target": -171.66627654093656, "params": {"k_pid_pos": [1.3871915692915198, 0.0, 0.8051276708001415], "k_pid_alt": [1.9999326386031122, 0.0, 0.0], "k_pid_att": [17.36515745732077, 0.0001, 0.26741881805895223], "k_pid_yaw": [0.5, 1e-06, 0.1], "k_pid_hsp": [0.11829770108766852, 0.0004031470734849622, 0.0], "k_pid_vsp": [238.6185330017052, 381.22025305907675, 1e-06]}, "datetime": {"datetime": "2025-08-20 18:41:57", "elapsed": 24571.943487405777, "delta": 16.977638959884644}, "costs": {"total_cost": 171.66627654093656, "time_cost": 70.856, "final_distance_cost": 1.8331012444274748, "oscillation_cost": 25.162625651154343, "completition_cost": 0.0, "overshoot_cost": 50.662658526709, "power_cost": 11.785889575195313, "noise_cost": 11.366001543450443, "n_waypoints_completed": 9, "tot_waypoints": 9}}
{"target": -173.09065275934432, "params": {"k_pid_pos": [1.518614143363658, 0.0, 0.8233154198805794], "k_pid_alt": [1.9998613237145288, 0.0, 0.0], "k_pid_att": [3.9690536965185634, 0.0001, 0.2825933667163282], "k_pid_yaw": [0.5, 1e-06, 0.1], "k_pid_hsp": [0.11298112491076732, 0.00020052605338112713, 0.0], "k_pid_vsp": [228.46098867391245, 339.2149561576851, 1e-06]}, "datetime": {"datetime": "2025-08-20 18:42:13", "elapsed": 24588.043719530106, "delta": 16.100232124328613}, "costs": {"total_cost": 173.09065275934432, "time_cost": 70.32000000000001, "final_distance_cost": 1.8374544249204612, "oscillation_cost": 26.42591594086662, "completition_cost": 0.0, "overshoot_cost": 50.938509635824865, "power_cost": 12.119137634277344, "noise_cost": 11.449635123455053, "n_waypoints_completed": 9, "tot_waypoints": 9}}
{"target": -172.66988385081558, "params": {"k_pid_pos": [1.561306728723111, 0.0, 0.8056844266650913], "k_pid_alt": [1.9997411268860104, 0.0, 0.0], "k_pid_att": [24.273670495340514, 0.0001, 0.4418302923420677], "k_pid_yaw": [0.5, 1e-06, 0.1], "k_pid_hsp": [0.11902424362093467, 7.40646682545933e-05, 0.0], "k_pid_vsp": [279.34189768285114, 373.108427567046, 1e-06]}, "datetime": {"datetime": "2025-08-20 18:42:28", "elapsed": 24603.281280517578, "delta": 15.237560987472534}, "costs": {"total_cost": 172.66988385081558, "time_cost": 70.416, "final_distance_cost": 1.828261669760734, "oscillation_cost": 25.992905598289454, "completition_cost": 0.0, "overshoot_cost": 51.43541535995086, "power_cost": 11.750179370117188, "noise_cost": 11.247121852697344, "n_waypoints_completed": 9, "tot_waypoints": 9}}
{"target": -171.93145438976887, "params": {"k_pid_pos": [1.421286997928954, 0.0, 0.77773238559476], "k_pid_alt": [1.9993936098362293, 0.0, 0.0], "k_pid_att": [20.550657954229976, 0.0001, 0.2436360332937199], "k_pid_yaw": [0.5, 1e-06, 0.1], "k_pid_hsp": [0.114566457319651, 0.00012482507594642196, 0.0], "k_pid_vsp": [260.51255242330393, 358.5672072921984, 1e-06]}, "datetime": {"datetime": "2025-08-20 18:42:44", "elapsed": 24619.2251060009, "delta": 15.943825483322144}, "costs": {"total_cost": 171.93145438976887, "time_cost": 70.728, "final_distance_cost": 1.8196598966229016, "oscillation_cost": 25.40936469532864, "completition_cost": 0.0, "overshoot_cost": 50.91286290778747, "power_cost": 11.767728515625, "noise_cost": 11.29383837440488, "n_waypoints_completed": 9, "tot_waypoints": 9}}
{"target": -172.36342796482396, "params": {"k_pid_pos": [1.347245610245597, 0.0, 0.8321494530374948], "k_pid_alt": [1.9995354194536243, 0.0, 0.0], "k_pid_att": [18.185113722442537, 0.0001, 0.23960742729281864], "k_pid_yaw": [0.5, 1e-06, 0.1], "k_pid_hsp": [0.12417296687090798, 0.0001181729688668178, 0.0], "k_pid_vsp": [236.95666426890662, 269.28537152611113, 1e-06]}, "datetime": {"datetime": "2025-08-20 18:43:00", "elapsed": 24634.904579162598, "delta": 15.679473161697388}, "costs": {"total_cost": 172.36342796482396, "time_cost": 71.208, "final_distance_cost": 1.8391981903881065, "oscillation_cost": 24.831307649362316, "completition_cost": 0.0, "overshoot_cost": 50.69581124241956, "power_cost": 12.254546508789064, "noise_cost": 11.534564373864889, "n_waypoints_completed": 9, "tot_waypoints": 9}}
{"target": -172.92008308531192, "params": {"k_pid_pos": [1.403844095314112, 0.0, 0.8012281650153164], "k_pid_alt": [1.9999133742177124, 0.0, 0.0], "k_pid_att": [22.276832019433446, 0.0001, 0.19220096665134712], "k_pid_yaw": [0.5, 1e-06, 0.1], "k_pid_hsp": [0.10087454634140125, 8.538579410090463e-05, 0.0], "k_pid_vsp": [191.6394614113521, 370.3188027990807, 1e-06]}, "datetime": {"datetime": "2025-08-20 18:43:17", "elapsed": 24651.82970881462, "delta": 16.925129652023315}, "costs": {"total_cost": 172.92008308531192, "time_cost": 70.84, "final_distance_cost": 1.8174252389078827, "oscillation_cost": 25.362705342462313, "completition_cost": 0.0, "overshoot_cost": 51.291906327533454, "power_cost": 12.108318701171875, "noise_cost": 11.49972747523638, "n_waypoints_completed": 9, "tot_waypoints": 9}}
{"target": -171.91816304290646, "params": {"k_pid_pos": [1.4346840160896732, 0.0, 0.779520550298091], "k_pid_alt": [1.892310997228435, 0.0, 0.0], "k_pid_att": [24.40468328496379, 0.0001, 0.3097708452304323], "k_pid_yaw": [0.5, 1e-06, 0.1], "k_pid_hsp": [0.10754094409199998, 0.0001743964712315442, 0.0], "k_pid_vsp": [213.77989344622685, 345.04292224813855, 1e-06]}, "datetime": {"datetime": "2025-08-20 18:43:32", "elapsed": 24667.287307024002, "delta": 15.457598209381104}, "costs": {"total_cost": 171.91816304290646, "time_cost": 70.544, "final_distance_cost": 1.8307168052622922, "oscillation_cost": 25.581766427190498, "completition_cost": 0.0, "overshoot_cost": 51.22439816985177, "power_cost": 11.534782971191406, "noise_cost": 11.202498669410463, "n_waypoints_completed": 9, "tot_waypoints": 9}}
{"target": -172.79953469130965, "params": {"k_pid_pos": [1.362876039960451, 0.0, 0.8237474958233638], "k_pid_alt": [2.0, 0.0, 0.0], "k_pid_att": [17.683648684875987, 0.0001, 0.17057322157318683], "k_pid_yaw": [0.5, 1e-06, 0.1], "k_pid_hsp": [0.10996429004350416, 2.418286826777063e-05, 0.0], "k_pid_vsp": [272.9589503479846, 382.9586108178648, 1e-06]}, "datetime": {"datetime": "2025-08-20 18:43:48", "elapsed": 24683.195109844208, "delta": 15.907802820205688}, "costs": {"total_cost": 172.79953469130965, "time_cost": 71.04, "final_distance_cost": 1.8248292539525808, "oscillation_cost": 25.131373831303012, "completition_cost": 0.0, "overshoot_cost": 51.09163200158578, "power_cost": 12.066023889160157, "noise_cost": 11.645675715308116, "n_waypoints_completed": 9, "tot_waypoints": 9}}
{"target": -172.51730018617988, "params": {"k_pid_pos": [1.3841862664200943, 0.0, 0.8509283875788014], "k_pid_alt": [1.999810106865045, 0.0, 0.0], "k_pid_att": [17.721680162343482, 0.0001, 0.2943494344761246], "k_pid_yaw": [0.5, 1e-06, 0.1], "k_pid_hsp": [0.1098820786915544, 0.00030842002953090594, 0.0], "k_pid_vsp": [236.07341565832354, 359.2645435463293, 1e-06]}, "datetime": {"datetime": "2025-08-20 18:44:04", "elapsed": 24699.409935474396, "delta": 16.21482563018799}, "costs": {"total_cost": 172.51730018617988, "time_cost": 71.056, "final_distance_cost": 1.8312559387878948, "oscillation_cost": 25.077172844232216, "completition_cost": 0.0, "overshoot_cost": 51.1926565717122, "power_cost": 11.859109106445313, "noise_cost": 11.501105725002239, "n_waypoints_completed": 9, "tot_waypoints": 9}}
{"target": -171.7445061890135, "params": {"k_pid_pos": [1.3986195653518874, 0.0, 0.7277193434883685], "k_pid_alt": [1.9995905003877055, 0.0, 0.0], "k_pid_att": [21.601712144624827, 0.0001, 0.31886768949872024], "k_pid_yaw": [0.5, 1e-06, 0.1], "k_pid_hsp": [0.11804516020837189, 0.00023241403588725008, 0.0], "k_pid_vsp": [233.65744140048886, 369.0579859465698, 1e-06]}, "datetime": {"datetime": "2025-08-20 18:44:20", "elapsed": 24715.334685087204, "delta": 15.924749612808228}, "costs": {"total_cost": 171.7445061890135, "time_cost": 70.60000000000001, "final_distance_cost": 1.8347873285850682, "oscillation_cost": 25.502559857930667, "completition_cost": 0.0, "overshoot_cost": 50.753722988533475, "power_cost": 11.747123181152345, "noise_cost": 11.306312832811926, "n_waypoints_completed": 9, "tot_waypoints": 9}}
{"target": -172.1399441504966, "params": {"k_pid_pos": [1.8389973502357009, 0.0, 1.0], "k_pid_alt": [1.9579780620769125, 0.0, 0.0], "k_pid_att": [20.606445235761903, 0.0001, 0.3065039190194184], "k_pid_yaw": [0.5, 1e-06, 0.1], "k_pid_hsp": [0.12109821910893714, 2.7323464596382344e-05, 0.0], "k_pid_vsp": [309.2809976139089, 318.2151366161461, 1e-06]}, "datetime": {"datetime": "2025-08-20 18:44:37", "elapsed": 24732.02560400963, "delta": 16.690918922424316}, "costs": {"total_cost": 172.1399441504966, "time_cost": 70.296, "final_distance_cost": 1.82872529891397, "oscillation_cost": 26.5422419915972, "completition_cost": 0.0, "overshoot_cost": 50.67702566181323, "power_cost": 11.572075439453126, "noise_cost": 11.223875758719048, "n_waypoints_completed": 9, "tot_waypoints": 9}}
{"target": -172.41169520872384, "params": {"k_pid_pos": [1.5252534104400397, 0.0, 0.8967573878860742], "k_pid_alt": [2.0, 0.0, 0.0], "k_pid_att": [44.51645405666244, 0.0001, 0.24336146174552145], "k_pid_yaw": [0.5, 1e-06, 0.1], "k_pid_hsp": [0.12932548720347697, 0.00017601728332860075, 0.0], "k_pid_vsp": [238.97018067638646, 400.0, 1e-06]}, "datetime": {"datetime": "2025-08-20 18:44:53", "elapsed": 24748.16645359993, "delta": 16.140849590301514}, "costs": {"total_cost": 172.41169520872384, "time_cost": 70.784, "final_distance_cost": 1.8445130425457432, "oscillation_cost": 25.94771347684587, "completition_cost": 0.0, "overshoot_cost": 50.81904236906079, "power_cost": 11.708342333984376, "noise_cost": 11.308083986287068, "n_waypoints_completed": 9, "tot_waypoints": 9}}
{"target": -173.31393333122443, "params": {"k_pid_pos": [1.394157076404253, 0.0, 0.7698057868941992], "k_pid_alt": [1.999693090377064, 0.0, 0.0], "k_pid_att": [41.0882399825477, 0.0001, 0.12634427159210937], "k_pid_yaw": [0.5, 1e-06, 0.1], "k_pid_hsp": [0.12064325251469203, 0.0011576168306777143, 0.0], "k_pid_vsp": [253.70914141505006, 283.51732841124874, 1e-06]}, "datetime": {"datetime": "2025-08-20 18:45:10", "elapsed": 24764.899118423462, "delta": 16.732664823532104}, "costs": {"total_cost": 173.31393333122443, "time_cost": 70.808, "final_distance_cost": 1.8322428467137528, "oscillation_cost": 26.175487933297806, "completition_cost": 0.0, "overshoot_cost": 51.180640409567296, "power_cost": 11.812400024414064, "noise_cost": 11.505162117231482, "n_waypoints_completed": 9, "tot_waypoints": 9}}
{"target": -173.48378841238764, "params": {"k_pid_pos": [1.5208990987769688, 0.0, 0.8684482281849186], "k_pid_alt": [1.9996169419186502, 0.0, 0.0], "k_pid_att": [22.25559228008963, 0.0001, 0.4490409543875945], "k_pid_yaw": [0.5, 1e-06, 0.1], "k_pid_hsp": [0.07708440859496403, 0.00019780779449204874, 0.0], "k_pid_vsp": [250.27483293724933, 190.65245235151838, 1e-06]}, "datetime": {"datetime": "2025-08-20 18:45:26", "elapsed": 24781.100035429, "delta": 16.20091700553894}, "costs": {"total_cost": 173.48378841238764, "time_cost": 70.936, "final_distance_cost": 1.8019728879280168, "oscillation_cost": 24.95450863982178, "completition_cost": 0.0, "overshoot_cost": 52.21767385550265, "power_cost": 12.025591088867188, "noise_cost": 11.548041940267971, "n_waypoints_completed": 9, "tot_waypoints": 9}}
{"target": -173.95517569689002, "params": {"k_pid_pos": [1.4041335410829354, 0.0, 0.8488804796143039], "k_pid_alt": [2.0, 0.0, 0.0], "k_pid_att": [22.733824679606965, 0.0001, 0.09706082449310255], "k_pid_yaw": [0.5, 1e-06, 0.1], "k_pid_hsp": [0.14927873816692094, 7.809132413857288e-05, 0.0], "k_pid_vsp": [279.7268447389477, 274.5661512423172, 1e-06]}, "datetime": {"datetime": "2025-08-20 18:45:42", "elapsed": 24797.372042655945, "delta": 16.27200722694397}, "costs": {"total_cost": 173.95517569689002, "time_cost": 71.04, "final_distance_cost": 1.8442911835609956, "oscillation_cost": 26.37536288827756, "completition_cost": 0.0, "overshoot_cost": 50.81235635561032, "power_cost": 12.165219006347657, "noise_cost": 11.717946263093479, "n_waypoints_completed": 9, "tot_waypoints": 9}}
{"target": -172.71474916476413, "params": {"k_pid_pos": [1.4873416960580077, 0.0, 0.8628918985250111], "k_pid_alt": [1.999890045253085, 0.0, 0.0], "k_pid_att": [33.76161420210373, 0.0001, 0.2932739879525042], "k_pid_yaw": [0.5, 1e-06, 0.1], "k_pid_hsp": [0.09850474066050409, 0.0, 0.0], "k_pid_vsp": [262.43856731703124, 202.8888582463499, 1e-06]}, "datetime": {"datetime": "2025-08-20 18:45:59", "elapsed": 24814.385432481766, "delta": 17.013389825820923}, "costs": {"total_cost": 172.71474916476413, "time_cost": 70.896, "final_distance_cost": 1.818857109947914, "oscillation_cost": 24.961228329559074, "completition_cost": 0.0, "overshoot_cost": 51.1023069774154, "power_cost": 12.298173547363282, "noise_cost": 11.638183200478448, "n_waypoints_completed": 9, "tot_waypoints": 9}}
{"target": -173.40982726114177, "params": {"k_pid_pos": [1.4574027650882018, 0.0, 0.4868167356840033], "k_pid_alt": [1.99957727527652, 0.0, 0.0], "k_pid_att": [22.961842690237926, 0.0001, 0.2780704489297694], "k_pid_yaw": [0.5, 1e-06, 0.1], "k_pid_hsp": [0.12607015597850302, 0.0, 0.0], "k_pid_vsp": [310.679708808205, 388.7076992234845, 1e-06]}, "datetime": {"datetime": "2025-08-20 18:46:14", "elapsed": 24829.405682086945, "delta": 15.020249605178833}, "costs": {"total_cost": 173.40982726114177, "time_cost": 69.944, "final_distance_cost": 1.8094041372756335, "oscillation_cost": 27.263079712385572, "completition_cost": 0.0, "overshoot_cost": 51.11199506767638, "power_cost": 12.057996008300782, "noise_cost": 11.223352335503401, "n_waypoints_completed": 9, "tot_waypoints": 9}}
