{"target": -1559.3549072993078, "params": {"k_pid_pos": [0.7038969262982282, 0.029095415904399156, 0.19997563573426966], "k_pid_alt": [0.818125885767989, 0.08248534447803695, 0.7325452783023821], "k_pid_att": [20.018281002909983, 1.1379416688298694, 0.010502190754256957], "k_pid_yaw": [0.5, 1e-06, 0.1], "k_pid_hsp": [8.21529719010302, 0.46541354530171514, 0.6918847382358484], "k_pid_vsp": [121.43587439063387, 1e-06, 162.27052105884286]}, "datetime": {"datetime": "2025-08-20 12:10:54", "elapsed": 1108.7581310272217, "delta": 22.48029661178589}, "costs": {"total_cost": 1559.3549072993078, "time_cost": 150, "final_distance_cost": 86.18346628573805, "oscillation_cost": 437.64356182088926, "completition_cost": 777.7777777777778, "overshoot_cost": 64.91605304708096, "power_cost": 24.222672705078125, "noise_cost": 18.61137566274346, "n_waypoints_completed": 2, "tot_waypoints": 9}}
{"target": -894.7932175164814, "params": {"k_pid_pos": [0.3017158867100138, 0.059881390486153416, 0.07744694017174047], "k_pid_alt": [1.0170022396591223, 0.34294981590872775, 0.0], "k_pid_att": [21.56694608052196, 2.802615613651852, 0.0], "k_pid_yaw": [0.5, 1e-06, 0.1], "k_pid_hsp": [0.8882359147647139, 0.2517411873497446, 0.08453293538095363], "k_pid_vsp": [134.88739496693927, 17.08263047455793, 73.60863977765963]}, "datetime": {"datetime": "2025-08-20 12:11:15", "elapsed": 1130.3025658130646, "delta": 21.544434785842896}, "costs": {"total_cost": 894.7932175164814, "time_cost": 150, "final_distance_cost": 69.35635999208294, "oscillation_cost": 354.0988617816509, "completition_cost": 222.2222222222222, "overshoot_cost": 52.96217762392156, "power_cost": 27.059561560058594, "noise_cost": 19.094034336545207, "n_waypoints_completed": 7, "tot_waypoints": 9}}
{"target": -852.4109672346736, "params": {"k_pid_pos": [0.6826962887658643, 0.258174596386231, 0.0], "k_pid_alt": [0.7309024731150358, 0.7101733988864138, 0.9071554924998458], "k_pid_att": [33.92768081639611, 0.5517908364385913, 0.0], "k_pid_yaw": [0.5, 1e-06, 0.1], "k_pid_hsp": [6.932401744349291, 0.0, 0.6665201604920292], "k_pid_vsp": [176.17597470974462, 1e-06, 82.25345624162816]}, "datetime": {"datetime": "2025-08-20 12:11:37", "elapsed": 1151.9193601608276, "delta": 21.61679434776306}, "costs": {"total_cost": 852.4109672346736, "time_cost": 150, "final_distance_cost": 72.19395444154277, "oscillation_cost": 317.8322403629124, "completition_cost": 222.2222222222222, "overshoot_cost": 52.20234209052782, "power_cost": 22.11671824951172, "noise_cost": 15.84348986795684, "n_waypoints_completed": 7, "tot_waypoints": 9}}
{"target": -1500.9526539066549, "params": {"k_pid_pos": [0.8321942671044683, 0.057880032378332724, 0.07231305767546603], "k_pid_alt": [0.7214194532285005, 0.0, 0.0], "k_pid_att": [17.636392903459488, 6.36366644677943, 0.0031641336145558363], "k_pid_yaw": [0.5, 1e-06, 0.1], "k_pid_hsp": [0.0001, 0.07657197085146539, 0.3024322443955654], "k_pid_vsp": [211.81020804704377, 219.92811343268093, 1e-06]}, "datetime": {"datetime": "2025-08-20 12:11:58", "elapsed": 1173.4848680496216, "delta": 21.565507888793945}, "costs": {"total_cost": 1500.9526539066549, "time_cost": 150, "final_distance_cost": 86.3734013352255, "oscillation_cost": 486.71680096681183, "completition_cost": 666.6666666666667, "overshoot_cost": 76.66387931872488, "power_cost": 18.943567504882814, "noise_cost": 15.588338114343092, "n_waypoints_completed": 3, "tot_waypoints": 9}}
{"target": -1124.1035396862924, "params": {"k_pid_pos": [1.500087659141059, 0.871883748788167, 0.25325622259682096], "k_pid_alt": [0.8659044525090775, 0.0, 0.589192157834244], "k_pid_att": [19.93795020085793, 0.0001, 0.4306973085981872], "k_pid_yaw": [0.5, 1e-06, 0.1], "k_pid_hsp": [3.8536439703446517, 0.0, 0.0], "k_pid_vsp": [182.5119684976692, 1e-06, 206.60694965882357]}, "datetime": {"datetime": "2025-08-20 12:12:20", "elapsed": 1194.9211733341217, "delta": 21.436305284500122}, "costs": {"total_cost": 1124.1035396862924, "time_cost": 150, "final_distance_cost": 84.46286003438635, "oscillation_cost": 24.37605593527223, "completition_cost": 777.7777777777778, "overshoot_cost": 66.11308249097314, "power_cost": 8.224070275878907, "noise_cost": 13.149693172004108, "n_waypoints_completed": 2, "tot_waypoints": 9}}
{"target": -1084.8692690911857, "params": {"k_pid_pos": [0.42721092901551616, 0.054139245748186154, 0.07683897766894257], "k_pid_alt": [0.2833858529701348, 0.01295350008707663, 0.20415488208453725], "k_pid_att": [43.58294306390415, 0.0001, 0.0], "k_pid_yaw": [0.5, 1e-06, 0.1], "k_pid_hsp": [0.0001, 0.5454634827544728, 0.18424658087728682], "k_pid_vsp": [149.931308004109, 75.5725847819476, 1e-06]}, "datetime": {"datetime": "2025-08-20 12:12:41", "elapsed": 1216.2024030685425, "delta": 21.281229734420776}, "costs": {"total_cost": 1084.8692690911857, "time_cost": 150, "final_distance_cost": 33.69187928447577, "oscillation_cost": 225.9452428995279, "completition_cost": 555.5555555555555, "overshoot_cost": 83.3905753749113, "power_cost": 20.137336560058596, "noise_cost": 16.148679416656556, "n_waypoints_completed": 4, "tot_waypoints": 9}}
{"target": -1061.2657782249375, "params": {"k_pid_pos": [0.6122070275079695, 0.4988800646164743, 0.14352757388438392], "k_pid_alt": [0.6990018331534198, 0.6573601249045371, 0.5522677338738431], "k_pid_att": [70.17414515499658, 0.0001, 0.024345743373082374], "k_pid_yaw": [0.5, 1e-06, 0.1], "k_pid_hsp": [3.050797927830853, 0.0, 0.2188360451900206], "k_pid_vsp": [215.88494727948105, 1e-06, 309.94544075136605]}, "datetime": {"datetime": "2025-08-20 12:13:03", "elapsed": 1237.8882191181183, "delta": 21.685816049575806}, "costs": {"total_cost": 1061.2657782249375, "time_cost": 150, "final_distance_cost": 57.110630878877906, "oscillation_cost": 312.3959521097846, "completition_cost": 444.4444444444444, "overshoot_cost": 56.74626712160787, "power_cost": 22.55724864501953, "noise_cost": 18.011235025203213, "n_waypoints_completed": 5, "tot_waypoints": 9}}
{"target": -232.52297167959193, "params": {"k_pid_pos": [1.0461119700705996, 0.019431908331986783, 0.4347519615722163], "k_pid_alt": [0.4764635312318698, 0.0, 0.4012600567806658], "k_pid_att": [72.46448766504471, 2.6156976197917796, 0.04168817960953314], "k_pid_yaw": [0.5, 1e-06, 0.1], "k_pid_hsp": [3.796911343519101, 0.0, 0.0], "k_pid_vsp": [112.66754459498813, 17.220553835658578, 1e-06]}, "datetime": {"datetime": "2025-08-20 12:13:22", "elapsed": 1257.2941961288452, "delta": 19.40597701072693}, "costs": {"total_cost": 232.52297167959193, "time_cost": 89.57600000000001, "final_distance_cost": 1.8585181694121202, "oscillation_cost": 61.01376286953799, "completition_cost": 0.0, "overshoot_cost": 51.604355916931816, "power_cost": 14.767898449707031, "noise_cost": 13.702436274002977, "n_waypoints_completed": 9, "tot_waypoints": 9}}
{"target": -838.323663158148, "params": {"k_pid_pos": [1.2486507466366161, 0.2045263531891231, 0.7211834637401322], "k_pid_alt": [0.8457667897743256, 0.11589939663344762, 0.3613411509704448], "k_pid_att": [37.41965507904037, 0.9663144714686729, 0.05459669232696529], "k_pid_yaw": [0.5, 1e-06, 0.1], "k_pid_hsp": [1.2769734562225925, 0.0, 0.06490637932183492], "k_pid_vsp": [231.33491607297702, 32.40779484348258, 54.79761977662349]}, "datetime": {"datetime": "2025-08-20 12:13:44", "elapsed": 1279.215244293213, "delta": 21.921048164367676}, "costs": {"total_cost": 838.323663158148, "time_cost": 150, "final_distance_cost": 66.4787127924242, "oscillation_cost": 316.0766194463944, "completition_cost": 222.2222222222222, "overshoot_cost": 44.10400335234197, "power_cost": 22.802510717773437, "noise_cost": 16.639594626991865, "n_waypoints_completed": 7, "tot_waypoints": 9}}
{"target": -1358.3204703792112, "params": {"k_pid_pos": [0.46032656294375585, 0.012718520321784804, 0.09028935584890356], "k_pid_alt": [0.15037272543283128, 0.0, 0.38850045766914154], "k_pid_att": [18.5124370997688, 1.9857272564889694, 0.05690470790743839], "k_pid_yaw": [0.5, 1e-06, 0.1], "k_pid_hsp": [7.604409063751589, 0.0, 0.12888737023133656], "k_pid_vsp": [274.1044044449204, 1e-06, 1e-06]}, "datetime": {"datetime": "2025-08-20 12:14:06", "elapsed": 1300.828941822052, "delta": 21.61369752883911}, "costs": {"total_cost": 1358.3204703792112, "time_cost": 150, "final_distance_cost": 53.65222021303136, "oscillation_cost": 411.24588608998073, "completition_cost": 666.6666666666667, "overshoot_cost": 41.8952398175696, "power_cost": 19.115389587402344, "noise_cost": 15.745068004560379, "n_waypoints_completed": 3, "tot_waypoints": 9}}
{"target": -1674.2886080169174, "params": {"k_pid_pos": [0.7840060026755822, 0.09258255401091224, 0.13501431757275462], "k_pid_alt": [0.4492759452184385, 0.2761367715820968, 0.7372151213440721], "k_pid_att": [20.969389489001227, 2.7601586144593018, 0.03808057439624277], "k_pid_yaw": [0.5, 1e-06, 0.1], "k_pid_hsp": [0.19190699948589485, 0.07241949861275232, 0.361729234713851], "k_pid_vsp": [192.10698047539418, 14.408185941887716, 202.91893671480338]}, "datetime": {"datetime": "2025-08-20 12:14:28", "elapsed": 1322.6575465202332, "delta": 21.828604698181152}, "costs": {"total_cost": 1674.2886080169174, "time_cost": 150, "final_distance_cost": 68.72107533229054, "oscillation_cost": 475.26103856590566, "completition_cost": 888.8888888888888, "overshoot_cost": 53.718131329373584, "power_cost": 21.013755175781252, "noise_cost": 16.685718724677525, "n_waypoints_completed": 1, "tot_waypoints": 9}}
{"target": -193.09059612520812, "params": {"k_pid_pos": [0.7157673343347221, 0.26602909484651877, 0.20308651728422392], "k_pid_alt": [0.7016308962646356, 0.0, 0.09700937699635888], "k_pid_att": [43.471043143783376, 0.6825534034020673, 0.13277019237966609], "k_pid_yaw": [0.5, 1e-06, 0.1], "k_pid_hsp": [1.765908841909646, 0.01331636206623061, 0.00022495798097508894], "k_pid_vsp": [389.0546256493178, 88.84372039162692, 0.356461461503063]}, "datetime": {"datetime": "2025-08-20 12:14:46", "elapsed": 1340.7729580402374, "delta": 18.115411520004272}, "costs": {"total_cost": 193.09059612520812, "time_cost": 82.136, "final_distance_cost": 1.8255884038752763, "oscillation_cost": 32.32177834541179, "completition_cost": 0.0, "overshoot_cost": 51.316619384428236, "power_cost": 12.990478369140625, "noise_cost": 12.500131622352189, "n_waypoints_completed": 9, "tot_waypoints": 9}}
{"target": -1198.9710930828865, "params": {"k_pid_pos": [0.8130676735482756, 0.4402680723111508, 0.849503450370969], "k_pid_alt": [0.40841957034549725, 0.0, 0.0], "k_pid_att": [2.570683587865858, 0.0001, 0.0], "k_pid_yaw": [0.5, 1e-06, 0.1], "k_pid_hsp": [0.0001, 0.0, 0.0], "k_pid_vsp": [321.4738734409525, 86.95675553842077, 1e-06]}, "datetime": {"datetime": "2025-08-20 12:15:08", "elapsed": 1362.6588401794434, "delta": 21.885882139205933}, "costs": {"total_cost": 1198.9710930828865, "time_cost": 150, "final_distance_cost": 47.03106332516354, "oscillation_cost": 2.7801933225971456, "completition_cost": 888.8888888888888, "overshoot_cost": 84.58064461731784, "power_cost": 12.768057177734375, "noise_cost": 12.922245751184807, "n_waypoints_completed": 1, "tot_waypoints": 9}}
{"target": -234.2024102516077, "params": {"k_pid_pos": [0.5567913841767685, 0.0, 0.0], "k_pid_alt": [0.6746734743896029, 0.0, 0.007763054338356543], "k_pid_att": [40.3923558952285, 0.9308587040238607, 0.0], "k_pid_yaw": [0.5, 1e-06, 0.1], "k_pid_hsp": [4.973187431089366, 0.0, 0.0], "k_pid_vsp": [291.3350724836215, 71.45052295965999, 1e-06]}, "datetime": {"datetime": "2025-08-20 12:15:26", "elapsed": 1380.6414906978607, "delta": 17.98265051841736}, "costs": {"total_cost": 234.2024102516077, "time_cost": 83.632, "final_distance_cost": 1.8553645599303141, "oscillation_cost": 70.9937271963286, "completition_cost": 0.0, "overshoot_cost": 51.23770286111182, "power_cost": 13.027204309082032, "noise_cost": 13.456411325154907, "n_waypoints_completed": 9, "tot_waypoints": 9}}
{"target": -1208.7763325435699, "params": {"k_pid_pos": [0.991801893779669, 0.3043576581747803, 0.36056297162425593], "k_pid_alt": [0.2652118736749576, 0.0, 0.05373241872551637], "k_pid_att": [36.00604417141483, 0.0001, 0.0], "k_pid_yaw": [0.5, 1e-06, 0.1], "k_pid_hsp": [0.0001, 0.0, 0.0], "k_pid_vsp": [254.4757552847359, 80.35411294231493, 1e-06]}, "datetime": {"datetime": "2025-08-20 12:15:47", "elapsed": 1402.4714317321777, "delta": 21.829941034317017}, "costs": {"total_cost": 1208.7763325435699, "time_cost": 150, "final_distance_cost": 46.915565738281465, "oscillation_cost": 12.842769505601389, "completition_cost": 888.8888888888888, "overshoot_cost": 84.43140546988678, "power_cost": 12.772192285156251, "noise_cost": 12.925510655754993, "n_waypoints_completed": 1, "tot_waypoints": 9}}
{"target": -762.7333404057267, "params": {"k_pid_pos": [0.31133017511199557, 0.9366845225730995, 0.37006160008140254], "k_pid_alt": [0.33664834222729023, 0.15862900491289017, 0.0], "k_pid_att": [20.720081010089896, 0.0001, 0.11519083433450177], "k_pid_yaw": [0.5, 1e-06, 0.1], "k_pid_hsp": [2.5020819028807546, 0.0, 0.0], "k_pid_vsp": [196.28223708394535, 1e-06, 1e-06]}, "datetime": {"datetime": "2025-08-20 12:16:09", "elapsed": 1424.127762079239, "delta": 21.656330347061157}, "costs": {"total_cost": 762.7333404057267, "time_cost": 150, "final_distance_cost": 52.10795903507373, "oscillation_cost": 40.29424625599544, "completition_cost": 444.4444444444444, "overshoot_cost": 43.0528283966506, "power_cost": 17.48978076171875, "noise_cost": 15.344081511843795, "n_waypoints_completed": 5, "tot_waypoints": 9}}
{"target": -209.23086149944754, "params": {"k_pid_pos": [0.822062598813019, 0.0, 0.5370397934940689], "k_pid_alt": [0.9065201132918751, 0.48389720345251197, 0.0], "k_pid_att": [23.632345398679654, 0.0001, 0.042096144423260186], "k_pid_yaw": [0.5, 1e-06, 0.1], "k_pid_hsp": [2.3276717616947877, 0.005183556361876243, 0.0], "k_pid_vsp": [286.71128133777813, 3.617378167687434, 1e-06]}, "datetime": {"datetime": "2025-08-20 12:16:28", "elapsed": 1442.84397149086, "delta": 18.716209411621094}, "costs": {"total_cost": 209.23086149944754, "time_cost": 86.528, "final_distance_cost": 1.8158002116356118, "oscillation_cost": 41.110524011789195, "completition_cost": 0.0, "overshoot_cost": 53.51456694544154, "power_cost": 13.706267712402344, "noise_cost": 12.555702618178854, "n_waypoints_completed": 9, "tot_waypoints": 9}}
{"target": -1221.5744752940254, "params": {"k_pid_pos": [0.8794412968199921, 0.7307792189973696, 0.7229913769048981], "k_pid_alt": [0.7247288669410901, 0.16225172170490054, 0.27248053566817654], "k_pid_att": [39.26230829213623, 0.7105632860768767, 0.11716790871404291], "k_pid_yaw": [0.5, 1e-06, 0.1], "k_pid_hsp": [0.0001, 0.2282039865293528, 0.0], "k_pid_vsp": [283.61214044443227, 1e-06, 1e-06]}, "datetime": {"datetime": "2025-08-20 12:16:49", "elapsed": 1464.4980812072754, "delta": 21.654109716415405}, "costs": {"total_cost": 1221.5744752940254, "time_cost": 150, "final_distance_cost": 78.4070131589242, "oscillation_cost": 110.20308431701939, "completition_cost": 777.7777777777778, "overshoot_cost": 65.18897010479417, "power_cost": 22.542363049316407, "noise_cost": 17.455266886193446, "n_waypoints_completed": 2, "tot_waypoints": 9}}
{"target": -195.50560928578497, "params": {"k_pid_pos": [0.6044217901827963, 0.5369450962598292, 0.6689982460698112], "k_pid_alt": [0.979519200638415, 0.0, 0.0], "k_pid_att": [27.825303403006924, 1.4439766689488283, 0.0], "k_pid_yaw": [0.5, 1e-06, 0.1], "k_pid_hsp": [0.9683455395719098, 0.0, 0.0], "k_pid_vsp": [154.08400721515136, 1e-06, 1e-06]}, "datetime": {"datetime": "2025-08-20 12:17:08", "elapsed": 1482.9755635261536, "delta": 18.477482318878174}, "costs": {"total_cost": 195.50560928578497, "time_cost": 81.616, "final_distance_cost": 1.8079612310175168, "oscillation_cost": 34.30660415087582, "completition_cost": 0.0, "overshoot_cost": 51.66105014528109, "power_cost": 13.386241027832032, "noise_cost": 12.727752730778512, "n_waypoints_completed": 9, "tot_waypoints": 9}}
{"target": -408.9812239280866, "params": {"k_pid_pos": [0.5910107381373412, 0.6910626526035528, 0.3001677252656718], "k_pid_alt": [0.7114415065112042, 0.020560375675587324, 0.12349578919386178], "k_pid_att": [33.83100616611563, 0.17289850480574964, 0.10051546804382755], "k_pid_yaw": [0.5, 1e-06, 0.1], "k_pid_hsp": [0.13473574449806835, 0.12755135136983134, 0.0], "k_pid_vsp": [320.6795804509966, 198.05776512197664, 1e-06]}, "datetime": {"datetime": "2025-08-20 12:17:30", "elapsed": 1504.9236810207367, "delta": 21.94811749458313}, "costs": {"total_cost": 408.9812239280866, "time_cost": 150, "final_distance_cost": 5.930186576514807, "oscillation_cost": 51.195035522204805, "completition_cost": 111.11111111111116, "overshoot_cost": 55.52966731641009, "power_cost": 18.52659715576172, "noise_cost": 16.688626246084027, "n_waypoints_completed": 8, "tot_waypoints": 9}}
{"target": -1196.751484158252, "params": {"k_pid_pos": [1.2039224209099297, 0.543957789568319, 0.6308196731304535], "k_pid_alt": [0.5672909172876591, 0.0, 0.025158127003928887], "k_pid_att": [39.638390854306834, 0.0001, 0.43171962320014917], "k_pid_yaw": [0.5, 1e-06, 0.1], "k_pid_hsp": [0.0001, 0.0, 0.0], "k_pid_vsp": [338.0021762548661, 1e-06, 1e-06]}, "datetime": {"datetime": "2025-08-20 12:17:52", "elapsed": 1526.8352937698364, "delta": 21.91161274909973}, "costs": {"total_cost": 1196.751484158252, "time_cost": 150, "final_distance_cost": 47.11024898448058, "oscillation_cost": 0.004683057270911497, "completition_cost": 888.8888888888888, "overshoot_cost": 85.01387923835695, "power_cost": 12.784983666992188, "noise_cost": 12.948800322262336, "n_waypoints_completed": 1, "tot_waypoints": 9}}
{"target": -214.58705323292236, "params": {"k_pid_pos": [0.45669890512517175, 0.6749168501800632, 0.3042775806446636], "k_pid_alt": [0.9675900229500654, 0.0, 0.1428447562624216], "k_pid_att": [30.564367659365047, 0.0001, 0.0], "k_pid_yaw": [0.5, 1e-06, 0.1], "k_pid_hsp": [0.4434950697404343, 0.0, 0.0], "k_pid_vsp": [266.1338220611058, 115.20246341402894, 1e-06]}, "datetime": {"datetime": "2025-08-20 12:18:12", "elapsed": 1546.7531952857971, "delta": 19.917901515960693}, "costs": {"total_cost": 214.58705323292236, "time_cost": 91.64, "final_distance_cost": 1.7345020102435416, "oscillation_cost": 38.62333445997319, "completition_cost": 0.0, "overshoot_cost": 53.16397809888504, "power_cost": 15.16601513671875, "noise_cost": 14.25922352710184, "n_waypoints_completed": 9, "tot_waypoints": 9}}
{"target": -206.03245779420857, "params": {"k_pid_pos": [0.7048813588045804, 0.7899995452998069, 0.5051538170603896], "k_pid_alt": [0.7558124524766946, 0.0, 0.0], "k_pid_att": [26.025764179320277, 0.0001, 0.0], "k_pid_yaw": [0.5, 1e-06, 0.1], "k_pid_hsp": [1.4385065523747258, 0.0321164852937237, 0.0], "k_pid_vsp": [288.04343810515076, 1e-06, 1e-06]}, "datetime": {"datetime": "2025-08-20 12:18:30", "elapsed": 1565.164347410202, "delta": 18.411152124404907}, "costs": {"total_cost": 206.03245779420857, "time_cost": 85.928, "final_distance_cost": 1.773349399361099, "oscillation_cost": 39.13707064755862, "completition_cost": 0.0, "overshoot_cost": 51.355971253438476, "power_cost": 14.451947314453125, "noise_cost": 13.386119179397282, "n_waypoints_completed": 9, "tot_waypoints": 9}}
{"target": -187.21315938322127, "params": {"k_pid_pos": [1.6460424371428282, 0.0, 0.6031662618205976], "k_pid_alt": [0.7829923941594992, 0.0, 0.0], "k_pid_att": [13.889211572414434, 0.438129505925285, 0.0], "k_pid_yaw": [0.5, 1e-06, 0.1], "k_pid_hsp": [0.48626790417115373, 0.0, 0.0], "k_pid_vsp": [345.8316810740946, 1e-06, 1e-06]}, "datetime": {"datetime": "2025-08-20 12:18:46", "elapsed": 1580.9779798984528, "delta": 15.813632488250732}, "costs": {"total_cost": 187.21315938322127, "time_cost": 72.712, "final_distance_cost": 1.849337549443867, "oscillation_cost": 37.28255671526521, "completition_cost": 0.0, "overshoot_cost": 50.832294573910325, "power_cost": 12.759729333496095, "noise_cost": 11.777241211105737, "n_waypoints_completed": 9, "tot_waypoints": 9}}
{"target": -6431.374349929243, "params": {"k_pid_pos": [0.8725536400892016, 0.0, 0.19521798342778263], "k_pid_alt": [0.8770033536341526, 0.0, 0.0], "k_pid_att": [0.0, 0.0001, 0.0], "k_pid_yaw": [0.5, 1e-06, 0.1], "k_pid_hsp": [0.5941455884851715, 0.0, 0.0], "k_pid_vsp": [47.648986687317446, 48.79927869493741, 1e-06]}, "datetime": {"datetime": "2025-08-20 12:19:08", "elapsed": 1602.981274843216, "delta": 22.003294944763184}, "costs": {"total_cost": 6431.374349929243, "time_cost": 150, "final_distance_cost": 943.8087537420004, "oscillation_cost": 12.34821241327496, "completition_cost": 1000.0, "overshoot_cost": 4258.176574328364, "power_cost": 25.472323864746095, "noise_cost": 41.56848558085745, "n_waypoints_completed": 0, "tot_waypoints": 9}}
{"target": -948.5174299536562, "params": {"k_pid_pos": [0.7131347088981003, 0.6781497386784522, 0.6484127062701485], "k_pid_alt": [0.6503603389661001, 0.17091871471767228, 0.05716697052287434], "k_pid_att": [25.58283557209379, 0.9294935305718794, 0.06385597016641853], "k_pid_yaw": [0.5, 1e-06, 0.1], "k_pid_hsp": [1.8614539284091371, 0.0, 0.14119950668824952], "k_pid_vsp": [264.08332694683537, 75.44943053338565, 1e-06]}, "datetime": {"datetime": "2025-08-20 12:19:29", "elapsed": 1624.4878432750702, "delta": 21.506568431854248}, "costs": {"total_cost": 948.5174299536562, "time_cost": 150, "final_distance_cost": 76.08872071980113, "oscillation_cost": 310.1004996737696, "completition_cost": 333.33333333333337, "overshoot_cost": 44.07989716061722, "power_cost": 19.12042498779297, "noise_cost": 15.794554078341966, "n_waypoints_completed": 6, "tot_waypoints": 9}}
