{"target": -171.79635236622786, "params": {"k_pid_pos": [1.2860551215823701, 0.0, 0.6779287483400566], "k_pid_alt": [2.0, 0.0, 0.0], "k_pid_att": [27.02866776575059, 0.0001, 0.33681796693499994], "k_pid_yaw": [0.5, 1e-06, 0.1], "k_pid_hsp": [0.10703022440165824, 3.752328755096569e-05, 0.0], "k_pid_vsp": [233.3434033484461, 254.88331692386487, 1e-06]}, "datetime": {"datetime": "2025-08-20 22:19:51", "elapsed": 37645.77873826027, "delta": 15.867839336395264}, "costs": {"total_cost": 171.79635236622786, "time_cost": 70.928, "final_distance_cost": 1.822588872109273, "oscillation_cost": 24.762814769634968, "completition_cost": 0.0, "overshoot_cost": 50.94434883115335, "power_cost": 11.906413098144531, "noise_cost": 11.432186795185752, "n_waypoints_completed": 9, "tot_waypoints": 9}}
{"target": -172.528225116375, "params": {"k_pid_pos": [1.371517182726379, 0.0, 0.7578376879183981], "k_pid_alt": [1.9999814915188399, 0.0, 0.0], "k_pid_att": [24.938804860404986, 0.0001, 0.3203896436026426], "k_pid_yaw": [0.5, 1e-06, 0.1], "k_pid_hsp": [0.09463442737292868, 6.316780153876143e-05, 0.0], "k_pid_vsp": [262.52676575116914, 394.8811070540366, 1e-06]}, "datetime": {"datetime": "2025-08-20 22:20:07", "elapsed": 37662.27840566635, "delta": 16.499667406082153}, "costs": {"total_cost": 172.528225116375, "time_cost": 70.808, "final_distance_cost": 1.8101510343059934, "oscillation_cost": 25.1498743380986, "completition_cost": 0.0, "overshoot_cost": 51.34143724063787, "power_cost": 11.903963098144532, "noise_cost": 11.514799405187988, "n_waypoints_completed": 9, "tot_waypoints": 9}}
{"target": -172.06607941596738, "params": {"k_pid_pos": [1.3527341009569809, 0.0, 0.665943494829199], "k_pid_alt": [1.9998862667101724, 0.0, 0.0], "k_pid_att": [26.789822079451096, 0.0001, 0.3174464838716471], "k_pid_yaw": [0.5, 1e-06, 0.1], "k_pid_hsp": [0.09111832854589882, 7.789920286543367e-05, 0.0], "k_pid_vsp": [261.16033699567004, 382.47545082522583, 1e-06]}, "datetime": {"datetime": "2025-08-20 22:20:23", "elapsed": 37677.64492607117, "delta": 15.366520404815674}, "costs": {"total_cost": 172.06607941596738, "time_cost": 70.60000000000001, "final_distance_cost": 1.8285435418299532, "oscillation_cost": 25.164543584779118, "completition_cost": 0.0, "overshoot_cost": 51.323747385043234, "power_cost": 11.803418664550781, "noise_cost": 11.345826239764271, "n_waypoints_completed": 9, "tot_waypoints": 9}}
{"target": -172.3248153461283, "params": {"k_pid_pos": [1.322042602372508, 0.0, 0.6721936625168613], "k_pid_alt": [1.9999321232233176, 0.0, 0.0], "k_pid_att": [29.51675238467267, 0.0001, 0.3307040821943675], "k_pid_yaw": [0.5, 1e-06, 0.1], "k_pid_hsp": [0.08983460534690527, 4.7996620134020374e-05, 0.0], "k_pid_vsp": [287.6247549272044, 381.81452383654783, 1e-06]}, "datetime": {"datetime": "2025-08-20 22:20:40", "elapsed": 37694.68872523308, "delta": 17.04379916191101}, "costs": {"total_cost": 172.3248153461283, "time_cost": 70.736, "final_distance_cost": 1.8225083341072428, "oscillation_cost": 24.96199525531987, "completition_cost": 0.0, "overshoot_cost": 51.31201201924345, "power_cost": 12.039635095214845, "noise_cost": 11.452664642242926, "n_waypoints_completed": 9, "tot_waypoints": 9}}
{"target": -172.09046806422072, "params": {"k_pid_pos": [1.322262479674913, 0.0, 0.6332929786494335], "k_pid_alt": [1.9998834753022376, 0.0, 0.0], "k_pid_att": [24.87336340535281, 0.0001, 0.2091847564632017], "k_pid_yaw": [0.5, 1e-06, 0.1], "k_pid_hsp": [0.09741998941369967, 5.969867245702291e-05, 0.0], "k_pid_vsp": [250.69943898250864, 400.0, 1e-06]}, "datetime": {"datetime": "2025-08-20 22:20:55", "elapsed": 37709.95430850983, "delta": 15.265583276748657}, "costs": {"total_cost": 172.09046806422072, "time_cost": 70.544, "final_distance_cost": 1.808109212767699, "oscillation_cost": 25.469427638609538, "completition_cost": 0.0, "overshoot_cost": 51.08755409762645, "power_cost": 11.876979077148437, "noise_cost": 11.304398038068594, "n_waypoints_completed": 9, "tot_waypoints": 9}}
{"target": -172.69965806229305, "params": {"k_pid_pos": [1.3824592279157382, 0.0, 0.5141107525358428], "k_pid_alt": [1.9973264768395318, 0.0, 0.0], "k_pid_att": [27.432529052883307, 0.0001, 0.29090117129656323], "k_pid_yaw": [0.5, 1e-06, 0.1], "k_pid_hsp": [0.1103927507523465, 7.189788751822126e-05, 0.0], "k_pid_vsp": [272.61640396954226, 394.04788194279877, 1e-06]}, "datetime": {"datetime": "2025-08-20 22:21:12", "elapsed": 37726.87418794632, "delta": 16.91987943649292}, "costs": {"total_cost": 172.69965806229305, "time_cost": 70.136, "final_distance_cost": 1.828870719103988, "oscillation_cost": 26.322866990628697, "completition_cost": 0.0, "overshoot_cost": 50.937908705340114, "power_cost": 12.070151574707031, "noise_cost": 11.403860072513213, "n_waypoints_completed": 9, "tot_waypoints": 9}}
{"target": -172.61568505173227, "params": {"k_pid_pos": [1.2675249644710715, 0.0, 0.6074704075231393], "k_pid_alt": [1.9999660568208637, 0.0, 0.0], "k_pid_att": [9.529961240600493, 0.0001, 0.31831111508735366], "k_pid_yaw": [0.5, 1e-06, 0.1], "k_pid_hsp": [0.13503445901629738, 6.099866357793377e-05, 0.0], "k_pid_vsp": [247.84254038657207, 383.6891657461407, 1e-06]}, "datetime": {"datetime": "2025-08-20 22:21:27", "elapsed": 37741.90809440613, "delta": 15.03390645980835}, "costs": {"total_cost": 172.61568505173227, "time_cost": 70.608, "final_distance_cost": 1.8258632819778777, "oscillation_cost": 25.666210952806985, "completition_cost": 0.0, "overshoot_cost": 51.093895636801626, "power_cost": 11.956368310546875, "noise_cost": 11.465346869598912, "n_waypoints_completed": 9, "tot_waypoints": 9}}
{"target": -172.62860189471954, "params": {"k_pid_pos": [1.2802061160668126, 0.0, 0.6142782397140903], "k_pid_alt": [1.9998905848334179, 0.0, 0.0], "k_pid_att": [27.68968355726983, 0.0001, 0.2841326004168779], "k_pid_yaw": [0.5, 1e-06, 0.1], "k_pid_hsp": [0.07797353807757505, 0.00013150976123952872, 0.0], "k_pid_vsp": [294.19023112330194, 394.54303499322657, 1e-06]}, "datetime": {"datetime": "2025-08-20 22:21:44", "elapsed": 37758.63277220726, "delta": 16.724677801132202}, "costs": {"total_cost": 172.62860189471954, "time_cost": 70.856, "final_distance_cost": 1.810769411776049, "oscillation_cost": 24.89302614012209, "completition_cost": 0.0, "overshoot_cost": 51.69101256955899, "power_cost": 11.981926708984375, "noise_cost": 11.395867064278073, "n_waypoints_completed": 9, "tot_waypoints": 9}}
{"target": -172.0916171070019, "params": {"k_pid_pos": [1.3278368232144595, 0.0, 0.6238963698586256], "k_pid_alt": [1.9998841539608283, 0.0, 0.0], "k_pid_att": [27.98464023187271, 0.0001, 0.41486045085011103], "k_pid_yaw": [0.5, 1e-06, 0.1], "k_pid_hsp": [0.09630281377772909, 3.7148001394033378e-06, 0.0], "k_pid_vsp": [249.25827940043925, 394.3558063478255, 1e-06]}, "datetime": {"datetime": "2025-08-20 22:21:59", "elapsed": 37773.86734414101, "delta": 15.234571933746338}, "costs": {"total_cost": 172.0916171070019, "time_cost": 70.536, "final_distance_cost": 1.8044549018197054, "oscillation_cost": 25.41706830620451, "completition_cost": 0.0, "overshoot_cost": 51.111277359251964, "power_cost": 11.902765783691407, "noise_cost": 11.320050756034295, "n_waypoints_completed": 9, "tot_waypoints": 9}}
{"target": -171.7040315488429, "params": {"k_pid_pos": [1.1272993396279762, 0.0, 0.639179947358189], "k_pid_alt": [1.9996788476743876, 0.0, 0.0], "k_pid_att": [26.243702146221136, 0.0001, 0.2973800078839466], "k_pid_yaw": [0.5, 1e-06, 0.1], "k_pid_hsp": [0.10803493480726144, 3.7890343672326964e-05, 0.0], "k_pid_vsp": [242.5006322468378, 381.13447824883684, 1e-06]}, "datetime": {"datetime": "2025-08-20 22:22:18", "elapsed": 37792.778047800064, "delta": 18.910703659057617}, "costs": {"total_cost": 171.7040315488429, "time_cost": 71.408, "final_distance_cost": 1.8445815336103772, "oscillation_cost": 24.346542784535437, "completition_cost": 0.0, "overshoot_cost": 50.590553686641655, "power_cost": 11.997285229492189, "noise_cost": 11.517068314563245, "n_waypoints_completed": 9, "tot_waypoints": 9}}
{"target": -171.780882384457, "params": {"k_pid_pos": [1.3194026475829488, 0.0, 0.6249864953972194], "k_pid_alt": [1.9999040918733535, 0.0, 0.0], "k_pid_att": [26.374336544257627, 0.0001, 0.2985776803272184], "k_pid_yaw": [0.5, 1e-06, 0.1], "k_pid_hsp": [0.08887759415311738, 8.12858580776841e-05, 0.0], "k_pid_vsp": [251.64293519261452, 397.96257822027064, 1e-06]}, "datetime": {"datetime": "2025-08-20 22:22:33", "elapsed": 37807.69210481644, "delta": 14.91405701637268}, "costs": {"total_cost": 171.780882384457, "time_cost": 70.57600000000001, "final_distance_cost": 1.8181822968062136, "oscillation_cost": 25.240293405007353, "completition_cost": 0.0, "overshoot_cost": 51.350298177350716, "power_cost": 11.532296520996095, "noise_cost": 11.26381198429661, "n_waypoints_completed": 9, "tot_waypoints": 9}}
{"target": -171.40674001341222, "params": {"k_pid_pos": [1.3157201408187909, 0.0, 0.6796311960552152], "k_pid_alt": [1.9998810533715843, 0.0, 0.0], "k_pid_att": [25.899858963967773, 0.0001, 0.3264856383071969], "k_pid_yaw": [0.5, 1e-06, 0.1], "k_pid_hsp": [0.09218130910975564, 5.8149830695986365e-05, 0.0], "k_pid_vsp": [247.03001741222138, 400.0, 1e-06]}, "datetime": {"datetime": "2025-08-20 22:22:50", "elapsed": 37824.69475007057, "delta": 17.002645254135132}, "costs": {"total_cost": 171.40674001341222, "time_cost": 70.688, "final_distance_cost": 1.834715511609779, "oscillation_cost": 24.94783068625182, "completition_cost": 0.0, "overshoot_cost": 51.06105058935476, "power_cost": 11.68783074951172, "noise_cost": 11.187312476684122, "n_waypoints_completed": 9, "tot_waypoints": 9}}
{"target": -172.14909440166997, "params": {"k_pid_pos": [1.2907991829604022, 0.0, 0.6334770582082035], "k_pid_alt": [1.999891424604925, 0.0, 0.0], "k_pid_att": [26.53479571899238, 0.0001, 0.3026082447846332], "k_pid_yaw": [0.5, 1e-06, 0.1], "k_pid_hsp": [0.08505686051789901, 4.2596639223462204e-05, 0.0], "k_pid_vsp": [262.45844281917243, 396.2219921354799, 1e-06]}, "datetime": {"datetime": "2025-08-20 22:23:05", "elapsed": 37840.35365796089, "delta": 15.658907890319824}, "costs": {"total_cost": 172.14909440166997, "time_cost": 70.712, "final_distance_cost": 1.8202671324146504, "oscillation_cost": 24.772404948822917, "completition_cost": 0.0, "overshoot_cost": 51.451303124077434, "power_cost": 12.050002514648439, "noise_cost": 11.343116681706492, "n_waypoints_completed": 9, "tot_waypoints": 9}}
{"target": -172.07180977702114, "params": {"k_pid_pos": [1.3004858928952936, 0.0, 0.5964970540916726], "k_pid_alt": [1.999887911833128, 0.0, 0.0], "k_pid_att": [25.397393731668977, 0.0001, 0.30994535260090317], "k_pid_yaw": [0.5, 1e-06, 0.1], "k_pid_hsp": [0.09174429768928057, 5.70323892045552e-05, 0.0], "k_pid_vsp": [248.58747297467318, 394.1586617989625, 1e-06]}, "datetime": {"datetime": "2025-08-20 22:23:23", "elapsed": 37858.11299419403, "delta": 17.759336233139038}, "costs": {"total_cost": 172.07180977702114, "time_cost": 70.568, "final_distance_cost": 1.8040506263501483, "oscillation_cost": 25.197977261679775, "completition_cost": 0.0, "overshoot_cost": 51.40271156454049, "power_cost": 11.826916040039062, "noise_cost": 11.272154284411679, "n_waypoints_completed": 9, "tot_waypoints": 9}}
{"target": -172.39493485958192, "params": {"k_pid_pos": [1.2865763837345763, 0.0, 0.6590140767982013], "k_pid_alt": [1.9998978832545111, 0.0, 0.0], "k_pid_att": [23.727823836431206, 0.0001, 0.3024740350374102], "k_pid_yaw": [0.5, 1e-06, 0.1], "k_pid_hsp": [0.08765880720257808, 5.267118362502059e-05, 0.0], "k_pid_vsp": [207.27258772697112, 395.2973416045592, 1e-06]}, "datetime": {"datetime": "2025-08-20 22:23:38", "elapsed": 37873.2003800869, "delta": 15.087385892868042}, "costs": {"total_cost": 172.39493485958192, "time_cost": 70.792, "final_distance_cost": 1.8064161938453853, "oscillation_cost": 24.915156620036807, "completition_cost": 0.0, "overshoot_cost": 51.71097456786603, "power_cost": 11.879271374511719, "noise_cost": 11.291116103321995, "n_waypoints_completed": 9, "tot_waypoints": 9}}
{"target": -172.25480418996116, "params": {"k_pid_pos": [1.3127060261372085, 0.0, 0.6343795716538544], "k_pid_alt": [1.9998857622461523, 0.0, 0.0], "k_pid_att": [26.565249664796067, 0.0001, 0.32490186410714694], "k_pid_yaw": [0.5, 1e-06, 0.1], "k_pid_hsp": [0.09414955242871728, 6.688954072809383e-05, 0.0], "k_pid_vsp": [250.74820019509164, 394.1433429995934, 1e-06]}, "datetime": {"datetime": "2025-08-20 22:23:55", "elapsed": 37890.239464998245, "delta": 17.039084911346436}, "costs": {"total_cost": 172.25480418996116, "time_cost": 70.624, "final_distance_cost": 1.8151374554541049, "oscillation_cost": 25.014809177197215, "completition_cost": 0.0, "overshoot_cost": 51.40669141188917, "power_cost": 12.052702575683595, "noise_cost": 11.341463569737105, "n_waypoints_completed": 9, "tot_waypoints": 9}}
{"target": -172.44878620147236, "params": {"k_pid_pos": [1.2432233848884775, 0.0, 0.6473274240203637], "k_pid_alt": [2.0, 0.0, 0.0], "k_pid_att": [24.670055215465005, 0.0001, 0.48519122946248083], "k_pid_yaw": [0.5, 1e-06, 0.1], "k_pid_hsp": [0.08813026910820998, 0.00011720397427141978, 0.0], "k_pid_vsp": [255.69593819446646, 394.48292372731777, 1e-06]}, "datetime": {"datetime": "2025-08-20 22:24:10", "elapsed": 37905.55700182915, "delta": 15.3175368309021}, "costs": {"total_cost": 172.44878620147236, "time_cost": 70.872, "final_distance_cost": 1.81806862937352, "oscillation_cost": 24.70215019210987, "completition_cost": 0.0, "overshoot_cost": 51.464386923485826, "power_cost": 12.124389123535156, "noise_cost": 11.467791332967987, "n_waypoints_completed": 9, "tot_waypoints": 9}}
{"target": -172.18038276655676, "params": {"k_pid_pos": [1.3126977036132965, 0.0, 0.6309144451558025], "k_pid_alt": [1.9998655689482698, 0.0, 0.0], "k_pid_att": [23.50201169320012, 0.0001, 0.31921541131278447], "k_pid_yaw": [0.5, 1e-06, 0.1], "k_pid_hsp": [0.10534129266733842, 7.449289622855824e-05, 0.0], "k_pid_vsp": [250.44583023755592, 391.11901519071563, 1e-06]}, "datetime": {"datetime": "2025-08-20 22:24:28", "elapsed": 37923.20909500122, "delta": 17.652093172073364}, "costs": {"total_cost": 172.18038276655676, "time_cost": 70.592, "final_distance_cost": 1.8311573424470506, "oscillation_cost": 25.392025350335135, "completition_cost": 0.0, "overshoot_cost": 50.95896247453438, "power_cost": 12.036220910644532, "noise_cost": 11.370016688595646, "n_waypoints_completed": 9, "tot_waypoints": 9}}
{"target": -171.97215993023983, "params": {"k_pid_pos": [1.3784377316249465, 0.0, 0.6293264683107322], "k_pid_alt": [1.999782093507219, 0.0, 0.0], "k_pid_att": [33.712792017764684, 0.0001, 0.3193601129016714], "k_pid_yaw": [0.5, 1e-06, 0.1], "k_pid_hsp": [0.0858419338838184, 0.00012678845487873003, 0.0], "k_pid_vsp": [254.43615916866108, 400.0, 1e-06]}, "datetime": {"datetime": "2025-08-20 22:24:44", "elapsed": 37938.9262111187, "delta": 15.717116117477417}, "costs": {"total_cost": 171.97215993023983, "time_cost": 70.544, "final_distance_cost": 1.8022045481391482, "oscillation_cost": 25.467363994759705, "completition_cost": 0.0, "overshoot_cost": 51.52982659656471, "power_cost": 11.528067883300782, "noise_cost": 11.100696907475484, "n_waypoints_completed": 9, "tot_waypoints": 9}}
{"target": -171.79140277112344, "params": {"k_pid_pos": [1.313064904267026, 0.0, 0.6195864749003114], "k_pid_alt": [1.999886520258076, 0.0, 0.0], "k_pid_att": [25.329168443890865, 0.0001, 0.31956495055515544], "k_pid_yaw": [0.5, 1e-06, 0.1], "k_pid_hsp": [0.09121336600719283, 9.993392037473426e-05, 0.0], "k_pid_vsp": [250.05981946042982, 395.11306531723574, 1e-06]}, "datetime": {"datetime": "2025-08-20 22:25:01", "elapsed": 37955.9898018837, "delta": 17.06359076499939}, "costs": {"total_cost": 171.79140277112344, "time_cost": 70.568, "final_distance_cost": 1.803989414577541, "oscillation_cost": 25.210480664363164, "completition_cost": 0.0, "overshoot_cost": 51.43842769028021, "power_cost": 11.569591149902344, "noise_cost": 11.200913852000177, "n_waypoints_completed": 9, "tot_waypoints": 9}}
{"target": -171.78787813826355, "params": {"k_pid_pos": [1.278307887992009, 0.0, 0.6203198673255242], "k_pid_alt": [2.0, 0.0, 0.0], "k_pid_att": [26.453040605891296, 0.0001, 0.3200230633889637], "k_pid_yaw": [0.5, 1e-06, 0.1], "k_pid_hsp": [0.1084023605189332, 5.982904299630078e-05, 0.0], "k_pid_vsp": [231.0791921938244, 377.8629268646157, 1e-06]}, "datetime": {"datetime": "2025-08-20 22:25:16", "elapsed": 37971.21610021591, "delta": 15.226298332214355}, "costs": {"total_cost": 171.78787813826355, "time_cost": 70.672, "final_distance_cost": 1.8158690527236652, "oscillation_cost": 25.324261139084797, "completition_cost": 0.0, "overshoot_cost": 51.05971520545434, "power_cost": 11.697776525878906, "noise_cost": 11.218256215121835, "n_waypoints_completed": 9, "tot_waypoints": 9}}
{"target": -171.97024004047037, "params": {"k_pid_pos": [1.3452549430313638, 0.0, 0.6761091910383918], "k_pid_alt": [1.9998734463177648, 0.0, 0.0], "k_pid_att": [25.866831078069453, 0.0001, 0.32957937454680747], "k_pid_yaw": [0.5, 1e-06, 0.1], "k_pid_hsp": [0.0862688719277429, 9.312080900849612e-05, 0.0], "k_pid_vsp": [244.85376880092903, 397.10058529498525, 1e-06]}, "datetime": {"datetime": "2025-08-20 22:25:33", "elapsed": 37988.037244319916, "delta": 16.821144104003906}, "costs": {"total_cost": 171.97024004047037, "time_cost": 70.672, "final_distance_cost": 1.810322883081781, "oscillation_cost": 25.092164239678084, "completition_cost": 0.0, "overshoot_cost": 51.12195579695808, "power_cost": 11.905949792480468, "noise_cost": 11.36784732827195, "n_waypoints_completed": 9, "tot_waypoints": 9}}
{"target": -173.35837086618315, "params": {"k_pid_pos": [1.3764214286330663, 0.0, 1.0], "k_pid_alt": [1.9999358293866043, 0.0, 0.0], "k_pid_att": [36.711859456543785, 0.0001, 0.314455670648109], "k_pid_yaw": [0.5, 1e-06, 0.1], "k_pid_hsp": [0.10916710514843314, 0.001121083904721909, 0.0], "k_pid_vsp": [257.1646209682999, 275.37959771669745, 1e-06]}, "datetime": {"datetime": "2025-08-20 22:25:48", "elapsed": 38003.18051195145, "delta": 15.143267631530762}, "costs": {"total_cost": 173.35837086618315, "time_cost": 71.872, "final_distance_cost": 1.8468295570658617, "oscillation_cost": 24.620882526628762, "completition_cost": 0.0, "overshoot_cost": 51.03502089316652, "power_cost": 12.179726574707033, "noise_cost": 11.80391131461496, "n_waypoints_completed": 9, "tot_waypoints": 9}}
{"target": -172.15669701869075, "params": {"k_pid_pos": [1.3267088164043654, 0.0, 0.6312880284391736], "k_pid_alt": [1.9998942618404034, 0.0, 0.0], "k_pid_att": [28.482490092482674, 0.0001, 0.3446334976507539], "k_pid_yaw": [0.5, 1e-06, 0.1], "k_pid_hsp": [0.12383890458772857, 4.705395798395795e-05, 0.0], "k_pid_vsp": [260.4435594521487, 397.569460532787, 1e-06]}, "datetime": {"datetime": "2025-08-20 22:26:07", "elapsed": 38022.09763622284, "delta": 18.917124271392822}, "costs": {"total_cost": 172.15669701869075, "time_cost": 70.568, "final_distance_cost": 1.8364287989718127, "oscillation_cost": 25.618691934361323, "completition_cost": 0.0, "overshoot_cost": 50.45291981103638, "power_cost": 12.130386071777345, "noise_cost": 11.5502704025439, "n_waypoints_completed": 9, "tot_waypoints": 9}}
{"target": -172.0295625544239, "params": {"k_pid_pos": [1.3333730699481754, 0.0, 0.6714615310659454], "k_pid_alt": [1.9999064389734253, 0.0, 0.0], "k_pid_att": [30.682919555623354, 0.0001, 0.3737614633567278], "k_pid_yaw": [0.5, 1e-06, 0.1], "k_pid_hsp": [0.10671568504752069, 5.3556052316020135e-06, 0.0], "k_pid_vsp": [242.86406720551048, 280.1828572523485, 1e-06]}, "datetime": {"datetime": "2025-08-20 22:26:23", "elapsed": 38037.7131652832, "delta": 15.61552906036377}, "costs": {"total_cost": 172.0295625544239, "time_cost": 70.728, "final_distance_cost": 1.8313485829514835, "oscillation_cost": 25.082236596313816, "completition_cost": 0.0, "overshoot_cost": 51.41991652894888, "power_cost": 11.670601123046875, "noise_cost": 11.297459723162866, "n_waypoints_completed": 9, "tot_waypoints": 9}}
{"target": -171.9075878162369, "params": {"k_pid_pos": [1.3463225199077573, 0.0, 0.7484829452091517], "k_pid_alt": [1.9995727439487305, 0.0, 0.0], "k_pid_att": [23.432984173776887, 0.0001, 0.32983732731195126], "k_pid_yaw": [0.5, 1e-06, 0.1], "k_pid_hsp": [0.14345797556075587, 1.6997793463200712e-05, 0.0], "k_pid_vsp": [248.07207718044816, 397.5004546617598, 1e-06]}, "datetime": {"datetime": "2025-08-20 22:26:39", "elapsed": 38054.522753715515, "delta": 16.80958843231201}, "costs": {"total_cost": 171.9075878162369, "time_cost": 70.848, "final_distance_cost": 1.8346732549937212, "oscillation_cost": 25.435496507417977, "completition_cost": 0.0, "overshoot_cost": 50.528439820577795, "power_cost": 11.863291943359375, "noise_cost": 11.397686289888052, "n_waypoints_completed": 9, "tot_waypoints": 9}}
{"target": -172.4411864292925, "params": {"k_pid_pos": [1.4029353613714386, 0.0, 0.7111013206051016], "k_pid_alt": [1.9999991847516674, 0.0, 0.0], "k_pid_att": [26.21554576316697, 0.0001, 0.37011152131024994], "k_pid_yaw": [0.5, 1e-06, 0.1], "k_pid_hsp": [0.1329505079430192, 6.255361191576556e-05, 0.0], "k_pid_vsp": [222.13310715080982, 398.36605347121343, 1e-06]}, "datetime": {"datetime": "2025-08-20 22:26:54", "elapsed": 38069.550765275955, "delta": 15.028011560440063}, "costs": {"total_cost": 172.4411864292925, "time_cost": 70.568, "final_distance_cost": 1.8328469830524519, "oscillation_cost": 25.97890038834554, "completition_cost": 0.0, "overshoot_cost": 50.57230520175691, "power_cost": 12.024374438476563, "noise_cost": 11.46475941766101, "n_waypoints_completed": 9, "tot_waypoints": 9}}
