{"target": -172.57596753083536, "params": {"k_pid_pos": [1.542698220411891, 0.0, 0.859781163009591], "k_pid_alt": [2.0, 0.0, 0.0], "k_pid_att": [24.66111707251538, 0.0001, 0.28685297423508815], "k_pid_yaw": [0.5, 1e-06, 0.1], "k_pid_hsp": [0.12023054721471996, 0.0, 0.0], "k_pid_vsp": [261.4264734466476, 245.57374291424887, 1e-06]}, "datetime": {"datetime": "2025-08-20 16:34:30", "elapsed": 16924.715939760208, "delta": 15.631698369979858}, "costs": {"total_cost": 172.57596753083536, "time_cost": 70.70400000000001, "final_distance_cost": 1.8427909975142074, "oscillation_cost": 25.509717051841697, "completition_cost": 0.0, "overshoot_cost": 50.710821021878004, "power_cost": 12.293148217773439, "noise_cost": 11.515490241828, "n_waypoints_completed": 9, "tot_waypoints": 9}}
{"target": -172.04719348608293, "params": {"k_pid_pos": [1.541306964131367, 0.0, 0.8704818692269158], "k_pid_alt": [2.0, 0.0, 0.0], "k_pid_att": [26.15377331354288, 0.0001, 0.2723522252532505], "k_pid_yaw": [0.5, 1e-06, 0.1], "k_pid_hsp": [0.1368873528705337, 0.0, 0.0], "k_pid_vsp": [256.54565489145324, 236.99926807450697, 1e-06]}, "datetime": {"datetime": "2025-08-20 16:34:55", "elapsed": 16950.313492059708, "delta": 25.59755229949951}, "costs": {"total_cost": 172.04719348608293, "time_cost": 70.72, "final_distance_cost": 1.8321755250036633, "oscillation_cost": 25.70150810863189, "completition_cost": 0.0, "overshoot_cost": 50.30826755858139, "power_cost": 12.042558032226562, "noise_cost": 11.442684261639405, "n_waypoints_completed": 9, "tot_waypoints": 9}}
{"target": -173.0877107432502, "params": {"k_pid_pos": [1.5499410294375742, 0.0, 1.0], "k_pid_alt": [1.8929436005974993, 0.0, 0.0], "k_pid_att": [29.540881429332373, 0.0001, 0.8639787805464817], "k_pid_yaw": [0.5, 1e-06, 0.1], "k_pid_hsp": [0.09616904120214215, 0.0, 0.0], "k_pid_vsp": [264.2399235268254, 275.47632834032703, 1e-06]}, "datetime": {"datetime": "2025-08-20 16:35:11", "elapsed": 16966.28327345848, "delta": 15.969781398773193}, "costs": {"total_cost": 173.0877107432502, "time_cost": 70.856, "final_distance_cost": 1.8303200335560397, "oscillation_cost": 25.09464430479576, "completition_cost": 0.0, "overshoot_cost": 51.46093867702946, "power_cost": 12.182739062500001, "noise_cost": 11.663068665368977, "n_waypoints_completed": 9, "tot_waypoints": 9}}
{"target": -172.358071768958, "params": {"k_pid_pos": [1.5985133404753489, 0.0, 0.8637046349915138], "k_pid_alt": [2.0, 0.0, 0.0], "k_pid_att": [23.28253723625808, 0.0001, 0.2687597693620729], "k_pid_yaw": [0.5, 1e-06, 0.1], "k_pid_hsp": [0.11639660769967072, 0.0, 0.0], "k_pid_vsp": [267.13226707630093, 246.33932851140707, 1e-06]}, "datetime": {"datetime": "2025-08-20 16:35:27", "elapsed": 16982.017524003983, "delta": 15.734250545501709}, "costs": {"total_cost": 172.358071768958, "time_cost": 70.60000000000001, "final_distance_cost": 1.8234237748306052, "oscillation_cost": 25.92737011664838, "completition_cost": 0.0, "overshoot_cost": 50.517132891027934, "power_cost": 12.057987744140625, "noise_cost": 11.432157242310472, "n_waypoints_completed": 9, "tot_waypoints": 9}}
{"target": -173.34939067697206, "params": {"k_pid_pos": [1.5530888350604795, 0.0, 0.916386408295276], "k_pid_alt": [1.96519436492776, 0.0, 0.0], "k_pid_att": [31.937284795827395, 0.0001, 0.3442875610497751], "k_pid_yaw": [0.5, 1e-06, 0.1], "k_pid_hsp": [0.07327732353002035, 0.0, 0.0], "k_pid_vsp": [259.9108891317951, 249.14870057086534, 1e-06]}, "datetime": {"datetime": "2025-08-20 16:35:43", "elapsed": 16997.717969179153, "delta": 15.700445175170898}, "costs": {"total_cost": 173.34939067697206, "time_cost": 70.984, "final_distance_cost": 1.8089540859913564, "oscillation_cost": 25.038962125026558, "completition_cost": 0.0, "overshoot_cost": 51.872811723829614, "power_cost": 12.10783260498047, "noise_cost": 11.536830137144046, "n_waypoints_completed": 9, "tot_waypoints": 9}}
{"target": -172.07567034166422, "params": {"k_pid_pos": [1.5655645659293949, 0.0, 0.8635941588633882], "k_pid_alt": [2.0, 0.0, 0.0], "k_pid_att": [32.53563705166853, 0.0001, 0.2932144642087812], "k_pid_yaw": [0.5, 1e-06, 0.1], "k_pid_hsp": [0.11541715408262695, 0.0, 0.0], "k_pid_vsp": [267.4947518351355, 248.45092816751787, 1e-06]}, "datetime": {"datetime": "2025-08-20 16:35:59", "elapsed": 17013.761137008667, "delta": 16.04316782951355}, "costs": {"total_cost": 172.07567034166422, "time_cost": 70.696, "final_distance_cost": 1.8365098446937458, "oscillation_cost": 25.42575368416476, "completition_cost": 0.0, "overshoot_cost": 50.82292189983783, "power_cost": 11.899190332031251, "noise_cost": 11.395294580936634, "n_waypoints_completed": 9, "tot_waypoints": 9}}
{"target": -175.54720411746564, "params": {"k_pid_pos": [2.0, 0.0, 0.912318299691999], "k_pid_alt": [1.8655522303024388, 0.0, 0.0], "k_pid_att": [59.69212052156231, 0.0001, 0.19179760269668983], "k_pid_yaw": [0.5, 1e-06, 0.1], "k_pid_hsp": [0.18560213416460739, 0.0, 0.0], "k_pid_vsp": [257.63377448890964, 264.4339862342494, 1e-06]}, "datetime": {"datetime": "2025-08-20 16:36:14", "elapsed": 17029.272887706757, "delta": 15.5117506980896}, "costs": {"total_cost": 175.54720411746564, "time_cost": 69.968, "final_distance_cost": 1.8388431327308683, "oscillation_cost": 29.652774361344015, "completition_cost": 0.0, "overshoot_cost": 50.10956566718539, "power_cost": 12.419040600585937, "noise_cost": 11.558980355619413, "n_waypoints_completed": 9, "tot_waypoints": 9}}
{"target": -172.77752545494323, "params": {"k_pid_pos": [1.3493869184518972, 0.006563434693815939, 0.8347467381483218], "k_pid_alt": [2.0, 0.0, 0.0], "k_pid_att": [47.49994939765363, 0.0001, 0.33642352021679145], "k_pid_yaw": [0.5, 1e-06, 0.1], "k_pid_hsp": [0.15761417099799466, 0.0, 0.0], "k_pid_vsp": [217.53283021163477, 243.45301304556702, 1e-06]}, "datetime": {"datetime": "2025-08-20 16:36:30", "elapsed": 17045.320244073868, "delta": 16.047356367111206}, "costs": {"total_cost": 172.77752545494323, "time_cost": 71.312, "final_distance_cost": 1.8402236983310138, "oscillation_cost": 25.50214232452546, "completition_cost": 0.0, "overshoot_cost": 50.26393142781819, "power_cost": 12.183506945800781, "noise_cost": 11.675721058467767, "n_waypoints_completed": 9, "tot_waypoints": 9}}
{"target": -172.08902640639735, "params": {"k_pid_pos": [1.5135414920578378, 0.0, 0.8853541952168307], "k_pid_alt": [2.0, 0.0, 0.0], "k_pid_att": [32.83284566123119, 0.0001, 0.2957095886415243], "k_pid_yaw": [0.5, 1e-06, 0.1], "k_pid_hsp": [0.11300595893214758, 0.0016502672792119116, 0.0], "k_pid_vsp": [261.56172860507655, 302.83314761246896, 1e-06]}, "datetime": {"datetime": "2025-08-20 16:36:46", "elapsed": 17061.05454993248, "delta": 15.73430585861206}, "costs": {"total_cost": 172.08902640639735, "time_cost": 70.712, "final_distance_cost": 1.8237786305905526, "oscillation_cost": 25.32547995091705, "completition_cost": 0.0, "overshoot_cost": 50.80744797357572, "power_cost": 11.999730798339844, "noise_cost": 11.420589052974222, "n_waypoints_completed": 9, "tot_waypoints": 9}}
{"target": -172.57686744528, "params": {"k_pid_pos": [1.531797093935838, 0.0, 0.9141000439952061], "k_pid_alt": [2.0, 0.0, 0.0], "k_pid_att": [26.81314032004885, 0.0001, 0.2849089582894833], "k_pid_yaw": [0.5, 1e-06, 0.1], "k_pid_hsp": [0.09706248744462004, 0.0, 0.0], "k_pid_vsp": [264.21796952504474, 287.80456463653536, 1e-06]}, "datetime": {"datetime": "2025-08-20 16:37:02", "elapsed": 17077.08874821663, "delta": 16.03419828414917}, "costs": {"total_cost": 172.57686744528, "time_cost": 70.856, "final_distance_cost": 1.8255199712928092, "oscillation_cost": 25.05221846547632, "completition_cost": 0.0, "overshoot_cost": 51.43659737421737, "power_cost": 11.96947880859375, "noise_cost": 11.437052825699746, "n_waypoints_completed": 9, "tot_waypoints": 9}}
{"target": -172.090348929265, "params": {"k_pid_pos": [1.5566571007497325, 0.0, 0.8492856757231714], "k_pid_alt": [2.0, 0.0, 0.0], "k_pid_att": [46.85213319791987, 0.0001, 0.28684807995257666], "k_pid_yaw": [0.5, 1e-06, 0.1], "k_pid_hsp": [0.11226113023680671, 0.0, 0.0], "k_pid_vsp": [262.4863268759967, 267.9591528820325, 1e-06]}, "datetime": {"datetime": "2025-08-20 16:37:18", "elapsed": 17092.672830820084, "delta": 15.58408260345459}, "costs": {"total_cost": 172.090348929265, "time_cost": 70.664, "final_distance_cost": 1.81882976488394, "oscillation_cost": 25.6264705045145, "completition_cost": 0.0, "overshoot_cost": 50.776452104737345, "power_cost": 11.857724963378907, "noise_cost": 11.346871591750288, "n_waypoints_completed": 9, "tot_waypoints": 9}}
{"target": -171.9095878536169, "params": {"k_pid_pos": [1.5939841625072861, 0.0, 0.8582507073178227], "k_pid_alt": [2.0, 0.0, 0.0], "k_pid_att": [29.675109803057403, 0.0001, 0.2793122733514973], "k_pid_yaw": [0.5, 1e-06, 0.1], "k_pid_hsp": [0.10233608640975562, 0.0, 0.0], "k_pid_vsp": [258.31682160673097, 253.31106210252437, 1e-06]}, "datetime": {"datetime": "2025-08-20 16:37:33", "elapsed": 17108.33981847763, "delta": 15.666987657546997}, "costs": {"total_cost": 171.9095878536169, "time_cost": 70.624, "final_distance_cost": 1.8212877746684042, "oscillation_cost": 25.46744103068711, "completition_cost": 0.0, "overshoot_cost": 50.971767037829984, "power_cost": 11.66849930419922, "noise_cost": 11.356592706232167, "n_waypoints_completed": 9, "tot_waypoints": 9}}
{"target": -172.00325961344163, "params": {"k_pid_pos": [1.5390502331227405, 0.0, 0.8556537235232423], "k_pid_alt": [2.0, 0.0, 0.0], "k_pid_att": [36.26523247173246, 0.0001, 0.184359648745493], "k_pid_yaw": [0.5, 1e-06, 0.1], "k_pid_hsp": [0.12756358258813935, 0.0, 0.0], "k_pid_vsp": [252.59721310051367, 242.7571117265355, 1e-06]}, "datetime": {"datetime": "2025-08-20 16:37:49", "elapsed": 17123.621735572815, "delta": 15.281917095184326}, "costs": {"total_cost": 172.00325961344163, "time_cost": 70.696, "final_distance_cost": 1.8405525234660494, "oscillation_cost": 25.62888978135986, "completition_cost": 0.0, "overshoot_cost": 50.42299528937214, "power_cost": 12.024200122070313, "noise_cost": 11.390621897173268, "n_waypoints_completed": 9, "tot_waypoints": 9}}
{"target": -172.47763983402734, "params": {"k_pid_pos": [1.4952112998250593, 0.0, 0.856898198456868], "k_pid_alt": [2.0, 0.0, 0.0], "k_pid_att": [29.679671045845858, 0.0001, 0.25316436117821894], "k_pid_yaw": [0.5, 1e-06, 0.1], "k_pid_hsp": [0.1328255311965168, 0.0, 0.0], "k_pid_vsp": [235.17969454058598, 241.65862445542263, 1e-06]}, "datetime": {"datetime": "2025-08-20 16:38:05", "elapsed": 17139.592562913895, "delta": 15.970827341079712}, "costs": {"total_cost": 172.47763983402734, "time_cost": 70.808, "final_distance_cost": 1.8295604799114444, "oscillation_cost": 25.50910034628845, "completition_cost": 0.0, "overshoot_cost": 50.87056395208823, "power_cost": 12.012340588378907, "noise_cost": 11.448074467360263, "n_waypoints_completed": 9, "tot_waypoints": 9}}
{"target": -173.69495565407368, "params": {"k_pid_pos": [1.5471451323859473, 0.0, 0.9119041047895041], "k_pid_alt": [2.0, 0.0, 0.0], "k_pid_att": [32.34930122304061, 0.0001, 0.2582827837123189], "k_pid_yaw": [0.5, 1e-06, 0.1], "k_pid_hsp": [0.10629032787037819, 0.0, 0.0], "k_pid_vsp": [263.18881355809714, 253.51708547479979, 1e-06]}, "datetime": {"datetime": "2025-08-20 16:38:20", "elapsed": 17155.42864871025, "delta": 15.836085796356201}, "costs": {"total_cost": 173.69495565407368, "time_cost": 70.84, "final_distance_cost": 1.8316281929376035, "oscillation_cost": 25.412148261336412, "completition_cost": 0.0, "overshoot_cost": 51.6522651324238, "power_cost": 12.292679858398438, "noise_cost": 11.66623420897744, "n_waypoints_completed": 9, "tot_waypoints": 9}}
{"target": -172.41733037343894, "params": {"k_pid_pos": [1.5391976419127222, 0.0, 0.8727659590448188], "k_pid_alt": [2.0, 0.0, 0.0], "k_pid_att": [27.354799544864143, 0.0001, 0.27342102609937996], "k_pid_yaw": [0.5, 1e-06, 0.1], "k_pid_hsp": [0.16161809841058275, 0.0, 0.0], "k_pid_vsp": [258.00813281515286, 270.94065541750297, 1e-06]}, "datetime": {"datetime": "2025-08-20 16:38:36", "elapsed": 17170.743133544922, "delta": 15.31448483467102}, "costs": {"total_cost": 172.41733037343894, "time_cost": 70.656, "final_distance_cost": 1.8326942418853553, "oscillation_cost": 25.842668977075228, "completition_cost": 0.0, "overshoot_cost": 50.24657219237411, "power_cost": 12.220372863769532, "noise_cost": 11.619022098334712, "n_waypoints_completed": 9, "tot_waypoints": 9}}
{"target": -172.2066175434124, "params": {"k_pid_pos": [1.5569446445937798, 0.0, 0.869864687647881], "k_pid_alt": [1.9351550838163332, 0.0, 0.0], "k_pid_att": [26.631274901516168, 0.0001, 0.30104969135430526], "k_pid_yaw": [0.5, 1e-06, 0.1], "k_pid_hsp": [0.11919573756883191, 0.0, 0.0], "k_pid_vsp": [263.5580144402684, 241.68739634828242, 1e-06]}, "datetime": {"datetime": "2025-08-20 16:38:52", "elapsed": 17186.693612337112, "delta": 15.950478792190552}, "costs": {"total_cost": 172.2066175434124, "time_cost": 70.632, "final_distance_cost": 1.828004691043929, "oscillation_cost": 25.598591443838025, "completition_cost": 0.0, "overshoot_cost": 50.708836050592126, "power_cost": 11.980413415527345, "noise_cost": 11.458771942410944, "n_waypoints_completed": 9, "tot_waypoints": 9}}
{"target": -173.71889935667684, "params": {"k_pid_pos": [1.6864420404034905, 0.0, 0.8948661149972874], "k_pid_alt": [1.8629154193396822, 0.0, 0.0], "k_pid_att": [31.58039179519843, 0.0001, 0.5464956217243823], "k_pid_yaw": [0.5, 1e-06, 0.1], "k_pid_hsp": [0.29808935238767387, 0.0, 0.0], "k_pid_vsp": [233.60233985376988, 254.8965955688711, 1e-06]}, "datetime": {"datetime": "2025-08-20 16:39:07", "elapsed": 17202.51121354103, "delta": 15.817601203918457}, "costs": {"total_cost": 173.71889935667684, "time_cost": 70.424, "final_distance_cost": 1.8376232829972623, "oscillation_cost": 27.311277553723436, "completition_cost": 0.0, "overshoot_cost": 50.48567064958762, "power_cost": 12.106179370117188, "noise_cost": 11.554148500251332, "n_waypoints_completed": 9, "tot_waypoints": 9}}
{"target": -173.2503074433058, "params": {"k_pid_pos": [1.5013990651103273, 0.0, 0.8796909460493487], "k_pid_alt": [2.0, 0.0, 0.0], "k_pid_att": [19.232627259299935, 0.0001, 0.4058129694593687], "k_pid_yaw": [0.5, 1e-06, 0.1], "k_pid_hsp": [0.11455073497871279, 0.0, 0.0], "k_pid_vsp": [258.63509354467703, 260.75481889367325, 1e-06]}, "datetime": {"datetime": "2025-08-20 16:39:23", "elapsed": 17217.84543156624, "delta": 15.33421802520752}, "costs": {"total_cost": 173.2503074433058, "time_cost": 70.816, "final_distance_cost": 1.8266740625950464, "oscillation_cost": 25.345097357082047, "completition_cost": 0.0, "overshoot_cost": 51.350073978935484, "power_cost": 12.249939599609375, "noise_cost": 11.66252244508382, "n_waypoints_completed": 9, "tot_waypoints": 9}}
{"target": -172.17866830823854, "params": {"k_pid_pos": [1.47321899701935, 0.0, 0.7805416104968861], "k_pid_alt": [2.0, 0.0, 0.0], "k_pid_att": [24.31407224183223, 0.0001, 0.26617423397951234], "k_pid_yaw": [0.5, 1e-06, 0.1], "k_pid_hsp": [0.1169995350725026, 0.0, 0.0], "k_pid_vsp": [257.83803054927813, 258.42650526079086, 1e-06]}, "datetime": {"datetime": "2025-08-20 16:39:39", "elapsed": 17233.930114984512, "delta": 16.084683418273926}, "costs": {"total_cost": 172.17866830823854, "time_cost": 70.656, "final_distance_cost": 1.8302624292178262, "oscillation_cost": 25.49864034560716, "completition_cost": 0.0, "overshoot_cost": 50.63212059040801, "power_cost": 12.086649169921875, "noise_cost": 11.474995773083657, "n_waypoints_completed": 9, "tot_waypoints": 9}}
{"target": -171.98946039548414, "params": {"k_pid_pos": [1.5226174685228082, 0.01557103666217485, 0.8786158982878977], "k_pid_alt": [2.0, 0.0, 0.0], "k_pid_att": [29.647312904544062, 0.0001, 0.2608924171852271], "k_pid_yaw": [0.5, 1e-06, 0.1], "k_pid_hsp": [0.11344310666874004, 0.0, 0.0], "k_pid_vsp": [261.7353141747192, 280.6887988113673, 1e-06]}, "datetime": {"datetime": "2025-08-20 16:39:55", "elapsed": 17250.313726902008, "delta": 16.383611917495728}, "costs": {"total_cost": 171.98946039548414, "time_cost": 70.72, "final_distance_cost": 1.8413516914679284, "oscillation_cost": 25.313597929260286, "completition_cost": 0.0, "overshoot_cost": 50.99456952945733, "power_cost": 11.799848754882813, "noise_cost": 11.32009249041578, "n_waypoints_completed": 9, "tot_waypoints": 9}}
{"target": -173.52385980764672, "params": {"k_pid_pos": [1.5587376823301315, 0.0, 0.8595515920125056], "k_pid_alt": [2.0, 0.0, 0.0], "k_pid_att": [18.118220464008076, 0.0001, 0.27750875031029126], "k_pid_yaw": [0.5, 1e-06, 0.1], "k_pid_hsp": [0.14459978648028668, 0.0, 0.0], "k_pid_vsp": [278.08773979747275, 251.50709933271253, 1e-06]}, "datetime": {"datetime": "2025-08-20 16:40:11", "elapsed": 17265.897765636444, "delta": 15.584038734436035}, "costs": {"total_cost": 173.52385980764672, "time_cost": 70.60000000000001, "final_distance_cost": 1.846407584590783, "oscillation_cost": 25.903098243202777, "completition_cost": 0.0, "overshoot_cost": 51.51498303382762, "power_cost": 12.061798486328126, "noise_cost": 11.597572459697428, "n_waypoints_completed": 9, "tot_waypoints": 9}}
{"target": -172.5632458730528, "params": {"k_pid_pos": [1.5677973945963402, 0.0, 0.8314616083354491], "k_pid_alt": [2.0, 0.0, 0.0], "k_pid_att": [37.77106446339001, 0.0001, 0.26703002064725057], "k_pid_yaw": [0.5, 1e-06, 0.1], "k_pid_hsp": [0.09873340732755297, 0.0, 0.0], "k_pid_vsp": [249.9289562001838, 248.55145431399384, 1e-06]}, "datetime": {"datetime": "2025-08-20 16:40:27", "elapsed": 17281.69869542122, "delta": 15.80092978477478}, "costs": {"total_cost": 172.5632458730528, "time_cost": 70.608, "final_distance_cost": 1.833069514811734, "oscillation_cost": 25.657943417875586, "completition_cost": 0.0, "overshoot_cost": 51.040001059954385, "power_cost": 12.059357373046875, "noise_cost": 11.36487450736423, "n_waypoints_completed": 9, "tot_waypoints": 9}}
{"target": -172.4030770673731, "params": {"k_pid_pos": [1.5207008438875171, 0.0, 0.8536162228475047], "k_pid_alt": [2.0, 0.0, 0.0], "k_pid_att": [27.435183135710023, 0.0001, 0.3150878918171058], "k_pid_yaw": [0.5, 1e-06, 0.1], "k_pid_hsp": [0.110841773345661, 0.0, 0.0], "k_pid_vsp": [271.8398108773399, 254.13059266751904, 1e-06]}, "datetime": {"datetime": "2025-08-20 16:40:42", "elapsed": 17297.015793561935, "delta": 15.317098140716553}, "costs": {"total_cost": 172.4030770673731, "time_cost": 70.76, "final_distance_cost": 1.8387551555963402, "oscillation_cost": 25.227792966383806, "completition_cost": 0.0, "overshoot_cost": 51.30108875693592, "power_cost": 11.929612805175783, "noise_cost": 11.345827383281243, "n_waypoints_completed": 9, "tot_waypoints": 9}}
{"target": -173.65377491760532, "params": {"k_pid_pos": [1.6531443913845751, 0.0, 0.7385656799182222], "k_pid_alt": [2.0, 0.0, 0.0], "k_pid_att": [16.22509652278969, 0.0001, 0.28022599169028295], "k_pid_yaw": [0.5, 1e-06, 0.1], "k_pid_hsp": [0.16303979043138941, 2.1505607197999004e-06, 0.0], "k_pid_vsp": [258.00861339085924, 247.25438261575957, 1e-06]}, "datetime": {"datetime": "2025-08-20 16:40:58", "elapsed": 17312.68553686142, "delta": 15.669743299484253}, "costs": {"total_cost": 173.65377491760532, "time_cost": 70.144, "final_distance_cost": 1.8338114317544671, "oscillation_cost": 27.32678041814729, "completition_cost": 0.0, "overshoot_cost": 50.99959959909083, "power_cost": 11.971173156738281, "noise_cost": 11.378410311874461, "n_waypoints_completed": 9, "tot_waypoints": 9}}
{"target": -173.72022727554267, "params": {"k_pid_pos": [1.6277079627328945, 0.0, 0.9063218669705514], "k_pid_alt": [2.0, 0.0, 0.0], "k_pid_att": [17.837123262978462, 0.0001, 0.2088457872373275], "k_pid_yaw": [0.5, 1e-06, 0.1], "k_pid_hsp": [0.12634871810845974, 0.0, 0.0], "k_pid_vsp": [263.93718988065336, 233.47804930432918, 1e-06]}, "datetime": {"datetime": "2025-08-20 16:41:13", "elapsed": 17328.399866342545, "delta": 15.714329481124878}, "costs": {"total_cost": 173.72022727554267, "time_cost": 70.57600000000001, "final_distance_cost": 1.843815590667253, "oscillation_cost": 26.05929844633505, "completition_cost": 0.0, "overshoot_cost": 51.31364079970724, "power_cost": 12.261282763671876, "noise_cost": 11.666189675161247, "n_waypoints_completed": 9, "tot_waypoints": 9}}
{"target": -172.41188360860255, "params": {"k_pid_pos": [1.552723380213117, 0.0, 0.9096715311703527], "k_pid_alt": [2.0, 0.0, 0.0], "k_pid_att": [27.865831474274785, 0.0001, 0.2796921265154746], "k_pid_yaw": [0.5, 1e-06, 0.1], "k_pid_hsp": [0.10895351115585773, 0.0, 0.0], "k_pid_vsp": [261.5104374506824, 260.86673559994085, 1e-06]}, "datetime": {"datetime": "2025-08-20 16:41:29", "elapsed": 17343.601551294327, "delta": 15.201684951782227}, "costs": {"total_cost": 172.41188360860255, "time_cost": 70.792, "final_distance_cost": 1.8225256251194313, "oscillation_cost": 25.228852118257656, "completition_cost": 0.0, "overshoot_cost": 51.3797975428903, "power_cost": 11.792911901855469, "noise_cost": 11.395796420479687, "n_waypoints_completed": 9, "tot_waypoints": 9}}
{"target": -172.49881434403534, "params": {"k_pid_pos": [1.5539402420090662, 0.0, 0.8650449900313053], "k_pid_alt": [2.0, 0.0, 0.0], "k_pid_att": [16.57379646919609, 0.0001, 0.28439045634560245], "k_pid_yaw": [0.5, 1e-06, 0.1], "k_pid_hsp": [0.11448215743255685, 0.0, 0.0], "k_pid_vsp": [260.5291793883964, 353.12262375514956, 1e-06]}, "datetime": {"datetime": "2025-08-20 16:41:44", "elapsed": 17359.31898188591, "delta": 15.717430591583252}, "costs": {"total_cost": 172.49881434403534, "time_cost": 70.584, "final_distance_cost": 1.8250417967346397, "oscillation_cost": 25.620029083628445, "completition_cost": 0.0, "overshoot_cost": 50.60740880466503, "power_cost": 12.226129370117189, "noise_cost": 11.636205288890054, "n_waypoints_completed": 9, "tot_waypoints": 9}}
