{"target": -171.9804420030726, "params": {"k_pid_pos": [1.438327710948187, 0.0, 0.7209583117925842], "k_pid_alt": [1.9998979344920482, 0.0, 0.0], "k_pid_att": [27.416635852400045, 0.0001, 0.28993396700178], "k_pid_yaw": [0.5, 1e-06, 0.1], "k_pid_hsp": [0.08473200046410986, 0.00014170527369649423, 0.0], "k_pid_vsp": [244.2474596618904, 370.2829148592754, 1e-06]}, "datetime": {"datetime": "2025-08-20 23:11:42", "elapsed": 40757.30461072922, "delta": 17.45649766921997}, "costs": {"total_cost": 171.9804420030726, "time_cost": 70.568, "final_distance_cost": 1.8069094063986055, "oscillation_cost": 25.58446578101499, "completition_cost": 0.0, "overshoot_cost": 50.965941055453186, "power_cost": 11.693776098632814, "noise_cost": 11.361349661572996, "n_waypoints_completed": 9, "tot_waypoints": 9}}
{"target": -172.40985373243362, "params": {"k_pid_pos": [1.3117036769036061, 0.0, 0.7199528502422446], "k_pid_alt": [1.9998980702416642, 0.0, 0.0], "k_pid_att": [34.620719372481325, 0.0001, 0.3112498975790661], "k_pid_yaw": [0.5, 1e-06, 0.1], "k_pid_hsp": [0.09489946485136026, 3.5654931775985106e-05, 0.0], "k_pid_vsp": [243.02159467878437, 369.6202520741531, 1e-06]}, "datetime": {"datetime": "2025-08-20 23:11:58", "elapsed": 40773.52929329872, "delta": 16.224682569503784}, "costs": {"total_cost": 172.40985373243362, "time_cost": 70.872, "final_distance_cost": 1.8291255833212285, "oscillation_cost": 24.854994398399757, "completition_cost": 0.0, "overshoot_cost": 51.70551110512996, "power_cost": 11.785770532226563, "noise_cost": 11.3624521133561, "n_waypoints_completed": 9, "tot_waypoints": 9}}
{"target": -172.03334999113716, "params": {"k_pid_pos": [1.321483012983118, 0.0, 0.6598214853234311], "k_pid_alt": [1.9998916434066962, 0.0, 0.0], "k_pid_att": [34.11959854187385, 0.0001, 0.3219492423611344], "k_pid_yaw": [0.5, 1e-06, 0.1], "k_pid_hsp": [0.09152045763659676, 6.0640628506110094e-05, 0.0], "k_pid_vsp": [242.68009240048752, 378.7426610273459, 1e-06]}, "datetime": {"datetime": "2025-08-20 23:12:13", "elapsed": 40788.52581524849, "delta": 14.996521949768066}, "costs": {"total_cost": 172.03334999113716, "time_cost": 70.688, "final_distance_cost": 1.8299974479382872, "oscillation_cost": 24.981966536352072, "completition_cost": 0.0, "overshoot_cost": 51.027310672211335, "power_cost": 12.116435021972658, "noise_cost": 11.389640312662797, "n_waypoints_completed": 9, "tot_waypoints": 9}}
{"target": -171.61599727747657, "params": {"k_pid_pos": [1.3557907378739658, 0.0, 0.6666697201046817], "k_pid_alt": [1.9998966544002748, 0.0, 0.0], "k_pid_att": [29.51113847566417, 0.0001, 0.28426791747665525], "k_pid_yaw": [0.5, 1e-06, 0.1], "k_pid_hsp": [0.09905872586253152, 6.287678678886976e-05, 0.0], "k_pid_vsp": [273.4615463361381, 376.17565368880366, 1e-06]}, "datetime": {"datetime": "2025-08-20 23:12:31", "elapsed": 40805.88918399811, "delta": 17.36336874961853}, "costs": {"total_cost": 171.61599727747657, "time_cost": 70.60000000000001, "final_distance_cost": 1.8303342383554895, "oscillation_cost": 25.29602633695076, "completition_cost": 0.0, "overshoot_cost": 51.2214990476826, "power_cost": 11.495883471679688, "noise_cost": 11.17225418280803, "n_waypoints_completed": 9, "tot_waypoints": 9}}
{"target": -172.20504444475498, "params": {"k_pid_pos": [1.3165852707487746, 0.0, 0.6737183251253394], "k_pid_alt": [1.9998886615312823, 0.0, 0.0], "k_pid_att": [27.919017523515535, 0.0001, 0.32663573485811814], "k_pid_yaw": [0.5, 1e-06, 0.1], "k_pid_hsp": [0.08963927212963704, 4.908893510348626e-05, 0.0], "k_pid_vsp": [232.22299488489435, 376.1423312546945, 1e-06]}, "datetime": {"datetime": "2025-08-20 23:12:46", "elapsed": 40821.225566625595, "delta": 15.336382627487183}, "costs": {"total_cost": 172.20504444475498, "time_cost": 70.72, "final_distance_cost": 1.8251501730008275, "oscillation_cost": 25.049000939853034, "completition_cost": 0.0, "overshoot_cost": 51.27021639077017, "power_cost": 11.963427404785158, "noise_cost": 11.377249536345808, "n_waypoints_completed": 9, "tot_waypoints": 9}}
{"target": -171.63235366559198, "params": {"k_pid_pos": [1.3193500456122402, 0.0, 0.6551818065654884], "k_pid_alt": [1.999889131780418, 0.0, 0.0], "k_pid_att": [29.17623769190449, 0.0001, 0.3315264664520756], "k_pid_yaw": [0.5, 1e-06, 0.1], "k_pid_hsp": [0.0933722568511716, 6.0903246659006814e-05, 0.0], "k_pid_vsp": [250.5050782386308, 364.123195062132, 1e-06]}, "datetime": {"datetime": "2025-08-20 23:13:04", "elapsed": 40838.663985967636, "delta": 17.438419342041016}, "costs": {"total_cost": 171.63235366559198, "time_cost": 70.648, "final_distance_cost": 1.8242142992506516, "oscillation_cost": 24.947397920366974, "completition_cost": 0.0, "overshoot_cost": 50.81886937903128, "power_cost": 12.010539294433594, "noise_cost": 11.383332772509497, "n_waypoints_completed": 9, "tot_waypoints": 9}}
{"target": -171.63249402644442, "params": {"k_pid_pos": [1.3140588109495464, 0.0, 0.6484449456717786], "k_pid_alt": [1.9998911261003938, 0.0, 0.0], "k_pid_att": [27.237289687407188, 0.0001, 0.32716968412045566], "k_pid_yaw": [0.5, 1e-06, 0.1], "k_pid_hsp": [0.08957210369560349, 6.739748648276087e-05, 0.0], "k_pid_vsp": [242.38401512316767, 395.2546848862844, 1e-06]}, "datetime": {"datetime": "2025-08-20 23:13:19", "elapsed": 40853.66244840622, "delta": 14.998462438583374}, "costs": {"total_cost": 171.63249402644442, "time_cost": 70.624, "final_distance_cost": 1.8302121511105498, "oscillation_cost": 25.062368322780312, "completition_cost": 0.0, "overshoot_cost": 50.911216352237616, "power_cost": 11.868093225097656, "noise_cost": 11.33660397521827, "n_waypoints_completed": 9, "tot_waypoints": 9}}
{"target": -171.98582726194016, "params": {"k_pid_pos": [1.348999912359901, 0.0, 0.7522347303868144], "k_pid_alt": [2.0, 0.0, 0.0], "k_pid_att": [27.65304184565382, 0.0001, 0.21435605932772922], "k_pid_yaw": [0.5, 1e-06, 0.1], "k_pid_hsp": [0.09692491613323788, 5.618890983444498e-05, 0.0], "k_pid_vsp": [228.52367663726614, 371.29195690871074, 1e-06]}, "datetime": {"datetime": "2025-08-20 23:13:36", "elapsed": 40871.38382792473, "delta": 17.72137951850891}, "costs": {"total_cost": 171.98582726194016, "time_cost": 70.888, "final_distance_cost": 1.8168367111830066, "oscillation_cost": 25.174136489526273, "completition_cost": 0.0, "overshoot_cost": 51.170027830182484, "power_cost": 11.642313220214845, "noise_cost": 11.294513010833553, "n_waypoints_completed": 9, "tot_waypoints": 9}}
{"target": -172.08448906045456, "params": {"k_pid_pos": [1.3158689608393317, 0.0, 0.6551679527528084], "k_pid_alt": [1.999886492465365, 0.0, 0.0], "k_pid_att": [27.536965811185883, 0.0001, 0.32564942363544136], "k_pid_yaw": [0.5, 1e-06, 0.1], "k_pid_hsp": [0.10935554386351913, 6.444507724570209e-05, 0.0], "k_pid_vsp": [224.16469644380513, 379.3297283510136, 1e-06]}, "datetime": {"datetime": "2025-08-20 23:13:53", "elapsed": 40887.933312892914, "delta": 16.549484968185425}, "costs": {"total_cost": 172.08448906045456, "time_cost": 70.656, "final_distance_cost": 1.818917676206427, "oscillation_cost": 25.357229940827466, "completition_cost": 0.0, "overshoot_cost": 50.940955033309386, "power_cost": 11.971888732910157, "noise_cost": 11.339497677201127, "n_waypoints_completed": 9, "tot_waypoints": 9}}
{"target": -171.53037992517758, "params": {"k_pid_pos": [1.3247402601650786, 0.0, 0.6454777305165249], "k_pid_alt": [1.9995736802817101, 0.0, 0.0], "k_pid_att": [28.532201436636008, 0.0001, 0.31921502721566075], "k_pid_yaw": [0.5, 1e-06, 0.1], "k_pid_hsp": [0.09282882034680301, 8.418697853122623e-05, 0.0], "k_pid_vsp": [234.77003747344398, 382.5529059731366, 1e-06]}, "datetime": {"datetime": "2025-08-20 23:14:09", "elapsed": 40903.745911836624, "delta": 15.812598943710327}, "costs": {"total_cost": 171.53037992517758, "time_cost": 70.632, "final_distance_cost": 1.8327529633500868, "oscillation_cost": 25.13945921532643, "completition_cost": 0.0, "overshoot_cost": 51.20291916257775, "power_cost": 11.528514208984376, "noise_cost": 11.19473437493895, "n_waypoints_completed": 9, "tot_waypoints": 9}}
{"target": -173.0901597035919, "params": {"k_pid_pos": [1.2920337773806982, 0.0, 0.6834435341497296], "k_pid_alt": [1.9998922685222968, 0.0, 0.0], "k_pid_att": [25.607529418264587, 0.0001, 0.31668639852395997], "k_pid_yaw": [0.5, 1e-06, 0.1], "k_pid_hsp": [0.09196816893054988, 8.756317425763636e-05, 0.0], "k_pid_vsp": [242.89377573054523, 384.99568675179574, 1e-06]}, "datetime": {"datetime": "2025-08-20 23:14:27", "elapsed": 40921.63535833359, "delta": 17.8894464969635}, "costs": {"total_cost": 173.0901597035919, "time_cost": 70.84, "final_distance_cost": 1.8095166795330713, "oscillation_cost": 24.949335466209767, "completition_cost": 0.0, "overshoot_cost": 51.7187407219253, "power_cost": 12.173980419921875, "noise_cost": 11.598586416001863, "n_waypoints_completed": 9, "tot_waypoints": 9}}
{"target": -171.66163782938548, "params": {"k_pid_pos": [1.307103002295583, 0.0, 0.6393000037002176], "k_pid_alt": [2.0, 0.0, 0.0], "k_pid_att": [27.120181586750178, 0.0001, 0.3212706763963475], "k_pid_yaw": [0.5, 1e-06, 0.1], "k_pid_hsp": [0.10326640912256484, 6.119156962586929e-05, 0.0], "k_pid_vsp": [244.12895198294225, 386.62137615787566, 1e-06]}, "datetime": {"datetime": "2025-08-20 23:14:42", "elapsed": 40937.06319618225, "delta": 15.42783784866333}, "costs": {"total_cost": 171.66163782938548, "time_cost": 70.624, "final_distance_cost": 1.8201942296003204, "oscillation_cost": 25.323689002869965, "completition_cost": 0.0, "overshoot_cost": 51.03381569458623, "power_cost": 11.654617590332032, "noise_cost": 11.205321311996933, "n_waypoints_completed": 9, "tot_waypoints": 9}}
{"target": -172.59606944134867, "params": {"k_pid_pos": [1.1693976489853288, 0.0, 0.49551650745000186], "k_pid_alt": [1.999857003758462, 0.0, 0.0], "k_pid_att": [27.155589442165468, 0.0001, 0.31615270364369785], "k_pid_yaw": [0.5, 1e-06, 0.1], "k_pid_hsp": [0.08307378687399311, 5.247349356522931e-05, 0.0], "k_pid_vsp": [244.02500191563163, 377.36619990573024, 1e-06]}, "datetime": {"datetime": "2025-08-20 23:15:00", "elapsed": 40954.859120845795, "delta": 17.7959246635437}, "costs": {"total_cost": 172.59606944134867, "time_cost": 70.784, "final_distance_cost": 1.8188975951124533, "oscillation_cost": 24.744036151915555, "completition_cost": 0.0, "overshoot_cost": 51.826552336979994, "power_cost": 12.106232641601563, "noise_cost": 11.316350715739105, "n_waypoints_completed": 9, "tot_waypoints": 9}}
{"target": -171.83527225167586, "params": {"k_pid_pos": [1.5467310623689579, 0.0, 0.8808189396037435], "k_pid_alt": [1.9999656840733078, 0.0, 0.0], "k_pid_att": [43.28241053821855, 0.0001, 0.3271059397272531], "k_pid_yaw": [0.5, 1e-06, 0.1], "k_pid_hsp": [0.11746211969826394, 0.0017926100295746928, 0.0], "k_pid_vsp": [267.6058148010514, 363.2451754529963, 1e-06]}, "datetime": {"datetime": "2025-08-20 23:15:15", "elapsed": 40970.16878032684, "delta": 15.309659481048584}, "costs": {"total_cost": 171.83527225167586, "time_cost": 70.616, "final_distance_cost": 1.8413739012910335, "oscillation_cost": 25.632963248445062, "completition_cost": 0.0, "overshoot_cost": 50.591824657009084, "power_cost": 11.804381677246095, "noise_cost": 11.348728767684609, "n_waypoints_completed": 9, "tot_waypoints": 9}}
{"target": -173.03233675974593, "params": {"k_pid_pos": [1.3040299070467865, 0.0, 0.6836008372466136], "k_pid_alt": [1.9998876487339294, 0.0, 0.0], "k_pid_att": [33.07565724648086, 0.0001, 0.35664567821754234], "k_pid_yaw": [0.5, 1e-06, 0.1], "k_pid_hsp": [0.12319130784524426, 5.3132820858545414e-05, 0.0], "k_pid_vsp": [245.6121896314765, 381.84840285970245, 1e-06]}, "datetime": {"datetime": "2025-08-20 23:15:32", "elapsed": 40987.36769795418, "delta": 17.198917627334595}, "costs": {"total_cost": 173.03233675974593, "time_cost": 70.8, "final_distance_cost": 1.8373063347735494, "oscillation_cost": 25.53974464543381, "completition_cost": 0.0, "overshoot_cost": 51.1237814157978, "power_cost": 12.152782495117188, "noise_cost": 11.578721868623612, "n_waypoints_completed": 9, "tot_waypoints": 9}}
{"target": -172.34570843787984, "params": {"k_pid_pos": [1.2994964629866441, 0.0, 0.6306655030071098], "k_pid_alt": [1.9999363753993071, 0.0, 0.0], "k_pid_att": [32.7261347291286, 0.0001, 0.30336138066442014], "k_pid_yaw": [0.5, 1e-06, 0.1], "k_pid_hsp": [0.09341302922135757, 7.867556379098559e-05, 0.0], "k_pid_vsp": [265.8275177924738, 365.1111898669168, 1e-06]}, "datetime": {"datetime": "2025-08-20 23:15:48", "elapsed": 41002.79075074196, "delta": 15.423052787780762}, "costs": {"total_cost": 172.34570843787984, "time_cost": 70.70400000000001, "final_distance_cost": 1.8258780889942052, "oscillation_cost": 25.01598103590537, "completition_cost": 0.0, "overshoot_cost": 51.104157510779196, "power_cost": 12.195351184082032, "noise_cost": 11.500340618119024, "n_waypoints_completed": 9, "tot_waypoints": 9}}
{"target": -172.68626068424837, "params": {"k_pid_pos": [1.2892539807703198, 0.0, 0.5374941415709311], "k_pid_alt": [1.9997057401548881, 0.0, 0.0], "k_pid_att": [25.68148273122471, 0.0001, 0.27236445755405436], "k_pid_yaw": [0.5, 1e-06, 0.1], "k_pid_hsp": [0.11716344803797885, 2.5701850931263566e-05, 0.0], "k_pid_vsp": [238.4049789851418, 400.0, 1e-06]}, "datetime": {"datetime": "2025-08-20 23:16:05", "elapsed": 41020.396956682205, "delta": 17.606205940246582}, "costs": {"total_cost": 172.68626068424837, "time_cost": 70.376, "final_distance_cost": 1.8235355517390375, "oscillation_cost": 25.9648506059538, "completition_cost": 0.0, "overshoot_cost": 51.22720006113585, "power_cost": 11.95615115966797, "noise_cost": 11.338523305751702, "n_waypoints_completed": 9, "tot_waypoints": 9}}
{"target": -174.61071613908388, "params": {"k_pid_pos": [1.3674678191547118, 0.0, 0.6424155167662915], "k_pid_alt": [1.999944590025666, 0.0, 0.0], "k_pid_att": [27.47265975724456, 0.0001, 0.3148493531320589], "k_pid_yaw": [0.5, 1e-06, 0.1], "k_pid_hsp": [0.056865541217195614, 5.7309855635518936e-05, 0.0], "k_pid_vsp": [257.67518628802566, 367.0420057999905, 1e-06]}, "datetime": {"datetime": "2025-08-20 23:16:21", "elapsed": 41035.74560165405, "delta": 15.348644971847534}, "costs": {"total_cost": 174.61071613908388, "time_cost": 72.24, "final_distance_cost": 1.811751455171391, "oscillation_cost": 23.503966576084856, "completition_cost": 0.0, "overshoot_cost": 53.00300658242467, "power_cost": 12.291326391601563, "noise_cost": 11.760665133801398, "n_waypoints_completed": 9, "tot_waypoints": 9}}
{"target": -172.2777600104375, "params": {"k_pid_pos": [1.3242649851687085, 0.0, 0.6731982151639841], "k_pid_alt": [1.9998662627701653, 0.0, 0.0], "k_pid_att": [27.89188215660731, 0.0001, 0.3089775185862798], "k_pid_yaw": [0.5, 1e-06, 0.1], "k_pid_hsp": [0.12898880773686974, 5.203447507005645e-05, 0.0], "k_pid_vsp": [269.5908423727114, 400.0, 1e-06]}, "datetime": {"datetime": "2025-08-20 23:16:38", "elapsed": 41052.75232505798, "delta": 17.006723403930664}, "costs": {"total_cost": 172.2777600104375, "time_cost": 70.664, "final_distance_cost": 1.8423160564809165, "oscillation_cost": 25.45632935737825, "completition_cost": 0.0, "overshoot_cost": 50.587477034669675, "power_cost": 12.158895520019533, "noise_cost": 11.568742041889113, "n_waypoints_completed": 9, "tot_waypoints": 9}}
{"target": -172.07539640964936, "params": {"k_pid_pos": [1.362200109450776, 0.0, 0.7527777332934481], "k_pid_alt": [2.0, 0.0, 0.0], "k_pid_att": [28.55567882533437, 0.0001, 0.288234216649013], "k_pid_yaw": [0.5, 1e-06, 0.1], "k_pid_hsp": [0.09203107820665152, 7.407276640178991e-05, 0.0], "k_pid_vsp": [246.2915982616958, 374.75662893836, 1e-06]}, "datetime": {"datetime": "2025-08-20 23:16:53", "elapsed": 41068.12774181366, "delta": 15.37541675567627}, "costs": {"total_cost": 172.07539640964936, "time_cost": 70.816, "final_distance_cost": 1.8176222868162424, "oscillation_cost": 24.914988303327622, "completition_cost": 0.0, "overshoot_cost": 51.54406307722488, "power_cost": 11.591958215332031, "noise_cost": 11.390764526948614, "n_waypoints_completed": 9, "tot_waypoints": 9}}
{"target": -171.78739853612257, "params": {"k_pid_pos": [1.3119513048254345, 0.0, 0.6323601054028948], "k_pid_alt": [1.999891034606156, 0.0, 0.0], "k_pid_att": [26.6661937824373, 0.0001, 0.32237765926817086], "k_pid_yaw": [0.5, 1e-06, 0.1], "k_pid_hsp": [0.09088127423518315, 6.217452344623115e-05, 0.0], "k_pid_vsp": [247.9117940773457, 400.0, 1e-06]}, "datetime": {"datetime": "2025-08-20 23:17:12", "elapsed": 41086.93821930885, "delta": 18.81047749519348}, "costs": {"total_cost": 171.78739853612257, "time_cost": 70.616, "final_distance_cost": 1.820932430918201, "oscillation_cost": 25.066486881123044, "completition_cost": 0.0, "overshoot_cost": 51.214732192293795, "power_cost": 11.711834594726563, "noise_cost": 11.357412437060981, "n_waypoints_completed": 9, "tot_waypoints": 9}}
{"target": -172.13613612658958, "params": {"k_pid_pos": [1.5064155240712478, 0.0, 0.6826365262527381], "k_pid_alt": [1.7529254436808994, 0.0, 0.0], "k_pid_att": [28.546713886130014, 0.0001, 0.32584029108814605], "k_pid_yaw": [0.5, 1e-06, 0.1], "k_pid_hsp": [0.09283443487690886, 8.342504684023323e-05, 0.0], "k_pid_vsp": [227.82800400864235, 383.425189181152, 1e-06]}, "datetime": {"datetime": "2025-08-20 23:17:30", "elapsed": 41105.144324064255, "delta": 18.20610475540161}, "costs": {"total_cost": 172.13613612658958, "time_cost": 70.024, "final_distance_cost": 1.8202760136478113, "oscillation_cost": 26.47280962904484, "completition_cost": 0.0, "overshoot_cost": 50.67979526815591, "power_cost": 11.85161170654297, "noise_cost": 11.287643509198032, "n_waypoints_completed": 9, "tot_waypoints": 9}}
{"target": -172.33187212989512, "params": {"k_pid_pos": [1.3082838630824378, 0.0, 0.7133641947475107], "k_pid_alt": [1.999949692936936, 0.0, 0.0], "k_pid_att": [23.206913742320598, 0.0001, 0.3160004048450028], "k_pid_yaw": [0.5, 1e-06, 0.1], "k_pid_hsp": [0.09094917035768312, 6.120568395149698e-05, 0.0], "k_pid_vsp": [238.99013798278622, 372.27700337152186, 1e-06]}, "datetime": {"datetime": "2025-08-20 23:17:47", "elapsed": 41122.15702676773, "delta": 17.012702703475952}, "costs": {"total_cost": 172.33187212989512, "time_cost": 70.848, "final_distance_cost": 1.8227004719743487, "oscillation_cost": 24.822332983923744, "completition_cost": 0.0, "overshoot_cost": 51.851523552067086, "power_cost": 11.700897778320313, "noise_cost": 11.286417343609632, "n_waypoints_completed": 9, "tot_waypoints": 9}}
{"target": -172.06327781419913, "params": {"k_pid_pos": [1.3640461108622197, 0.0, 0.6776830779020433], "k_pid_alt": [1.999897579972301, 0.0, 0.0], "k_pid_att": [28.020502305377715, 0.0001, 0.3149183806199113], "k_pid_yaw": [0.5, 1e-06, 0.1], "k_pid_hsp": [0.09256548393632097, 0.00011952024120984368, 0.0], "k_pid_vsp": [236.50173010155865, 366.72410494667565, 1e-06]}, "datetime": {"datetime": "2025-08-20 23:18:06", "elapsed": 41140.99372911453, "delta": 18.836702346801758}, "costs": {"total_cost": 172.06327781419913, "time_cost": 70.616, "final_distance_cost": 1.8289897618107835, "oscillation_cost": 25.2333235414394, "completition_cost": 0.0, "overshoot_cost": 51.40272857702352, "power_cost": 11.657499645996094, "noise_cost": 11.324736287929321, "n_waypoints_completed": 9, "tot_waypoints": 9}}
{"target": -172.7541705351602, "params": {"k_pid_pos": [1.3239143420059258, 0.0, 0.7714934276739673], "k_pid_alt": [1.9998991049442292, 0.0, 0.0], "k_pid_att": [30.201975468768822, 0.0001, 0.3308192128416932], "k_pid_yaw": [0.5, 1e-06, 0.1], "k_pid_hsp": [0.08817494735634201, 4.08816882179769e-05, 0.0], "k_pid_vsp": [245.35145969989063, 369.6812697285253, 1e-06]}, "datetime": {"datetime": "2025-08-20 23:18:21", "elapsed": 41156.32358002663, "delta": 15.329850912094116}, "costs": {"total_cost": 172.7541705351602, "time_cost": 70.984, "final_distance_cost": 1.8373043749636617, "oscillation_cost": 24.849086903925908, "completition_cost": 0.0, "overshoot_cost": 51.15481793592605, "power_cost": 12.324578063964845, "noise_cost": 11.604383256379734, "n_waypoints_completed": 9, "tot_waypoints": 9}}
{"target": -171.50838428309893, "params": {"k_pid_pos": [1.3124659929260385, 0.0, 0.6650228411396065], "k_pid_alt": [1.9999139942029498, 0.0, 0.0], "k_pid_att": [27.022697546085052, 0.0001, 0.15069047624038187], "k_pid_yaw": [0.5, 1e-06, 0.1], "k_pid_hsp": [0.09695555865803242, 6.076492167162387e-05, 0.0], "k_pid_vsp": [253.78636287718533, 374.6417755884809, 1e-06]}, "datetime": {"datetime": "2025-08-20 23:18:38", "elapsed": 41173.2728767395, "delta": 16.949296712875366}, "costs": {"total_cost": 171.50838428309893, "time_cost": 70.688, "final_distance_cost": 1.8115848025673091, "oscillation_cost": 25.30210138280166, "completition_cost": 0.0, "overshoot_cost": 50.75800755296882, "power_cost": 11.669375341796876, "noise_cost": 11.27931520296429, "n_waypoints_completed": 9, "tot_waypoints": 9}}
{"target": -172.03013845203952, "params": {"k_pid_pos": [1.3949600670116482, 0.0, 0.7060670938618151], "k_pid_alt": [1.9971839634115796, 0.0, 0.0], "k_pid_att": [28.104236355283994, 0.0001, 0.3922107650195323], "k_pid_yaw": [0.5, 1e-06, 0.1], "k_pid_hsp": [0.09142146439379283, 7.07808378252007e-05, 0.0], "k_pid_vsp": [230.77325829817508, 370.67359278173296, 1e-06]}, "datetime": {"datetime": "2025-08-20 23:18:54", "elapsed": 41188.617820978165, "delta": 15.34494423866272}, "costs": {"total_cost": 172.03013845203952, "time_cost": 70.624, "final_distance_cost": 1.8122149278517523, "oscillation_cost": 25.309395460914, "completition_cost": 0.0, "overshoot_cost": 51.44100581918906, "power_cost": 11.561385852050782, "noise_cost": 11.282136392033909, "n_waypoints_completed": 9, "tot_waypoints": 9}}
