{"target": -196.31182916278007, "params": {"k_pid_pos": [2.0, 0.0, 1.0], "k_pid_alt": [0.3503352917218465, 0.0, 0.0], "k_pid_att": [13.701412337526854, 0.0001, 0.35247231666740314], "k_pid_yaw": [0.5, 1e-06, 0.1], "k_pid_hsp": [0.10429453062726524, 0.0, 0.0], "k_pid_vsp": [400.0, 91.98514969553436, 1e-06]}, "datetime": {"datetime": "2025-08-20 13:13:47", "elapsed": 4882.555684566498, "delta": 21.05104899406433}, "costs": {"total_cost": 196.31182916278007, "time_cost": 84.792, "final_distance_cost": 1.85826420718177, "oscillation_cost": 29.896722604478956, "completition_cost": 0.0, "overshoot_cost": 52.30877139623477, "power_cost": 14.399686218261719, "noise_cost": 13.056384736622874, "n_waypoints_completed": 9, "tot_waypoints": 9}}
{"target": -177.09753809687703, "params": {"k_pid_pos": [2.0, 0.0, 1.0], "k_pid_alt": [1.2989597237569688, 0.0, 0.0], "k_pid_att": [7.383699873379284, 0.0001, 0.230846536148076], "k_pid_yaw": [0.5, 1e-06, 0.1], "k_pid_hsp": [0.27915642031201726, 0.0, 0.0], "k_pid_vsp": [400.0, 149.89458038363148, 1e-06]}, "datetime": {"datetime": "2025-08-20 13:14:06", "elapsed": 4900.921254873276, "delta": 18.365570306777954}, "costs": {"total_cost": 177.09753809687703, "time_cost": 69.888, "final_distance_cost": 1.843814317549799, "oscillation_cost": 30.407272413275596, "completition_cost": 0.0, "overshoot_cost": 50.448847145255115, "power_cost": 12.793239587402345, "noise_cost": 11.716364633394157, "n_waypoints_completed": 9, "tot_waypoints": 9}}
{"target": -1196.1391416024996, "params": {"k_pid_pos": [2.0, 0.18693554436224552, 1.0], "k_pid_alt": [1.2833450110503675, 0.02442674469877749, 0.2570550177569302], "k_pid_att": [17.36234164471577, 0.0001, 0.2116503580303351], "k_pid_yaw": [0.5, 1e-06, 0.1], "k_pid_hsp": [0.0001, 0.0, 0.0], "k_pid_vsp": [215.6959909352375, 115.91359202457305, 1e-06]}, "datetime": {"datetime": "2025-08-20 13:14:31", "elapsed": 4926.291495800018, "delta": 25.370240926742554}, "costs": {"total_cost": 1196.1391416024996, "time_cost": 150, "final_distance_cost": 47.22892357939639, "oscillation_cost": 0.005424413597138156, "completition_cost": 888.8888888888888, "overshoot_cost": 84.32267146168128, "power_cost": 12.774780432128907, "noise_cost": 12.918452826807142, "n_waypoints_completed": 1, "tot_waypoints": 9}}
{"target": -1196.5547775496088, "params": {"k_pid_pos": [2.0, 0.0, 1.0], "k_pid_alt": [1.2413161667593218, 0.00022228715322994246, 0.0], "k_pid_att": [0.0, 0.0001, 0.11198049179654926], "k_pid_yaw": [0.5, 1e-06, 0.1], "k_pid_hsp": [0.0001, 0.0, 0.0], "k_pid_vsp": [400.0, 127.05852637868114, 1e-06]}, "datetime": {"datetime": "2025-08-20 13:14:54", "elapsed": 4949.0092170238495, "delta": 22.717721223831177}, "costs": {"total_cost": 1196.5547775496088, "time_cost": 150, "final_distance_cost": 46.93911386760087, "oscillation_cost": 0.005093596622772246, "completition_cost": 888.8888888888888, "overshoot_cost": 85.00567509438945, "power_cost": 12.789220153808595, "noise_cost": 12.926785948298186, "n_waypoints_completed": 1, "tot_waypoints": 9}}
{"target": -176.17464850183714, "params": {"k_pid_pos": [2.0, 0.0, 1.0], "k_pid_alt": [1.1230644148419784, 0.0, 0.0], "k_pid_att": [12.719583699922811, 0.0001, 0.29785077323436676], "k_pid_yaw": [0.5, 1e-06, 0.1], "k_pid_hsp": [0.1561187265596261, 0.0, 0.0], "k_pid_vsp": [400.0, 83.25556265688351, 1e-06]}, "datetime": {"datetime": "2025-08-20 13:15:10", "elapsed": 4964.860141992569, "delta": 15.850924968719482}, "costs": {"total_cost": 176.17464850183714, "time_cost": 70.44, "final_distance_cost": 1.83063537624147, "oscillation_cost": 28.785891893353256, "completition_cost": 0.0, "overshoot_cost": 51.04604088280642, "power_cost": 12.513115197753907, "noise_cost": 11.55896515168209, "n_waypoints_completed": 9, "tot_waypoints": 9}}
{"target": -183.31000178761718, "params": {"k_pid_pos": [2.0, 0.0, 1.0], "k_pid_alt": [1.1509535254653587, 0.0, 0.0], "k_pid_att": [13.908175007394231, 0.0001, 0.23481473935527683], "k_pid_yaw": [0.5, 1e-06, 0.1], "k_pid_hsp": [0.47274260046694483, 0.23662979023964958, 0.0], "k_pid_vsp": [400.0, 133.64263796643473, 1e-06]}, "datetime": {"datetime": "2025-08-20 13:15:27", "elapsed": 4981.577676773071, "delta": 16.71753478050232}, "costs": {"total_cost": 183.31000178761718, "time_cost": 69.848, "final_distance_cost": 1.8526411381359869, "oscillation_cost": 37.475581230597065, "completition_cost": 0.0, "overshoot_cost": 49.51648030547884, "power_cost": 12.775075451660157, "noise_cost": 11.842223661745155, "n_waypoints_completed": 9, "tot_waypoints": 9}}
{"target": -180.96239065781847, "params": {"k_pid_pos": [2.0, 0.06176213420690452, 1.0], "k_pid_alt": [1.30525373555298, 0.0, 0.0], "k_pid_att": [5.732874256809566, 0.0001, 0.2310772607927261], "k_pid_yaw": [0.5, 1e-06, 0.1], "k_pid_hsp": [0.8861416578087831, 0.0, 0.0], "k_pid_vsp": [400.0, 23.225789118284297, 1e-06]}, "datetime": {"datetime": "2025-08-20 13:15:43", "elapsed": 4997.963008403778, "delta": 16.385331630706787}, "costs": {"total_cost": 180.96239065781847, "time_cost": 70.608, "final_distance_cost": 1.8443247614030593, "oscillation_cost": 32.55281248147426, "completition_cost": 0.0, "overshoot_cost": 51.22768138418859, "power_cost": 12.850781677246095, "noise_cost": 11.878790353506485, "n_waypoints_completed": 9, "tot_waypoints": 9}}
{"target": -176.3521498052888, "params": {"k_pid_pos": [2.0, 0.0, 1.0], "k_pid_alt": [0.96299723127524, 0.001957861841663337, 0.0], "k_pid_att": [8.815233393274276, 0.0001, 0.17153671030948242], "k_pid_yaw": [0.5, 1e-06, 0.1], "k_pid_hsp": [0.08134131497944125, 0.0, 0.0], "k_pid_vsp": [400.0, 72.49559700927419, 1e-06]}, "datetime": {"datetime": "2025-08-20 13:16:02", "elapsed": 5016.938346147537, "delta": 18.975337743759155}, "costs": {"total_cost": 176.3521498052888, "time_cost": 71.616, "final_distance_cost": 1.8158210583921168, "oscillation_cost": 27.08061362442753, "completition_cost": 0.0, "overshoot_cost": 52.398592089690375, "power_cost": 11.961989135742188, "noise_cost": 11.479133897036592, "n_waypoints_completed": 9, "tot_waypoints": 9}}
{"target": -178.40498649281753, "params": {"k_pid_pos": [1.9608197898933681, 0.0, 1.0], "k_pid_alt": [1.1730042731597348, 0.006799920651206877, 0.0], "k_pid_att": [9.302133881284703, 0.0001, 0.2598993957059712], "k_pid_yaw": [0.5, 1e-06, 0.1], "k_pid_hsp": [0.40425838468743647, 0.0, 0.0], "k_pid_vsp": [400.0, 76.11610190212924, 1e-06]}, "datetime": {"datetime": "2025-08-20 13:16:21", "elapsed": 5036.39435338974, "delta": 19.45600724220276}, "costs": {"total_cost": 178.40498649281753, "time_cost": 70.456, "final_distance_cost": 1.8381214282511982, "oscillation_cost": 30.754223562242135, "completition_cost": 0.0, "overshoot_cost": 50.37727773682069, "power_cost": 12.991887377929688, "noise_cost": 11.987476387573833, "n_waypoints_completed": 9, "tot_waypoints": 9}}
{"target": -180.90849226703355, "params": {"k_pid_pos": [1.7013628833654075, 0.36043057918838145, 0.9875096357545325], "k_pid_alt": [1.3819762047020399, 0.0, 0.0], "k_pid_att": [4.177091559384676, 0.0001, 0.3026339732745382], "k_pid_yaw": [0.5, 1e-06, 0.1], "k_pid_hsp": [0.3853041840265443, 0.0, 0.0], "k_pid_vsp": [400.0, 1e-06, 1e-06]}, "datetime": {"datetime": "2025-08-20 13:16:40", "elapsed": 5055.098334312439, "delta": 18.703980922698975}, "costs": {"total_cost": 180.90849226703355, "time_cost": 72.06400000000001, "final_distance_cost": 1.8196823448187192, "oscillation_cost": 29.976449701924164, "completition_cost": 0.0, "overshoot_cost": 51.92456875349828, "power_cost": 13.116146716308595, "noise_cost": 12.007644750483774, "n_waypoints_completed": 9, "tot_waypoints": 9}}
{"target": -176.74713569400615, "params": {"k_pid_pos": [1.738503743123398, 0.0, 0.7861782616158204], "k_pid_alt": [1.0331786929721436, 0.0, 0.0], "k_pid_att": [10.001412528099817, 0.0001, 0.08715501996746541], "k_pid_yaw": [0.5, 1e-06, 0.1], "k_pid_hsp": [0.08171072950514331, 0.004091304184714562, 0.0], "k_pid_vsp": [400.0, 13.541920309995108, 1e-06]}, "datetime": {"datetime": "2025-08-20 13:16:59", "elapsed": 5074.171033620834, "delta": 19.072699308395386}, "costs": {"total_cost": 176.74713569400615, "time_cost": 72.08800000000001, "final_distance_cost": 1.8204133795023576, "oscillation_cost": 27.23889759254251, "completition_cost": 0.0, "overshoot_cost": 52.33998129332695, "power_cost": 11.901687731933594, "noise_cost": 11.358155696700724, "n_waypoints_completed": 9, "tot_waypoints": 9}}
{"target": -1196.0906507786158, "params": {"k_pid_pos": [1.7405056760253457, 0.0, 0.8785948692254655], "k_pid_alt": [1.1665064939242835, 0.0, 0.0], "k_pid_att": [0.0, 0.0001, 0.17213424529804444], "k_pid_yaw": [0.5, 1e-06, 0.1], "k_pid_hsp": [0.0001, 0.0, 0.0], "k_pid_vsp": [400.0, 1e-06, 1e-06]}, "datetime": {"datetime": "2025-08-20 13:17:24", "elapsed": 5098.865110635757, "delta": 24.694077014923096}, "costs": {"total_cost": 1196.0906507786158, "time_cost": 150, "final_distance_cost": 46.78705532627375, "oscillation_cost": 0.00493476201161031, "completition_cost": 888.8888888888888, "overshoot_cost": 84.65608102034328, "power_cost": 12.800368823242188, "noise_cost": 12.953321957856154, "n_waypoints_completed": 1, "tot_waypoints": 9}}
{"target": -185.06154372964224, "params": {"k_pid_pos": [2.0, 0.0, 1.0], "k_pid_alt": [1.1983042102536372, 0.0, 0.0], "k_pid_att": [10.050652839339847, 0.0001, 0.23154536356879074], "k_pid_yaw": [0.5, 1e-06, 0.1], "k_pid_hsp": [0.033822120742916795, 0.0, 0.0], "k_pid_vsp": [400.0, 55.80887980561834, 3.1897361661153356]}, "datetime": {"datetime": "2025-08-20 13:17:45", "elapsed": 5119.601381063461, "delta": 20.736270427703857}, "costs": {"total_cost": 185.06154372964224, "time_cost": 80.944, "final_distance_cost": 1.7763102292887725, "oscillation_cost": 18.81932110200457, "completition_cost": 0.0, "overshoot_cost": 58.566491908698936, "power_cost": 12.220151965332033, "noise_cost": 12.735268524317943, "n_waypoints_completed": 9, "tot_waypoints": 9}}
{"target": -917.5268056400722, "params": {"k_pid_pos": [2.0, 0.0, 0.8883110943683175], "k_pid_alt": [1.0239588579523347, 0.0, 0.022780815807540728], "k_pid_att": [0.0, 0.0001, 0.5197925063793984], "k_pid_yaw": [0.5, 1e-06, 0.1], "k_pid_hsp": [0.3687289339137888, 0.0077876311571176225, 0.0], "k_pid_vsp": [397.94384021543533, 90.00224633083019, 1e-06]}, "datetime": {"datetime": "2025-08-20 13:18:09", "elapsed": 5144.003046751022, "delta": 24.401665687561035}, "costs": {"total_cost": 917.5268056400722, "time_cost": 150, "final_distance_cost": 80.06408728082661, "oscillation_cost": 4.527334674526055, "completition_cost": 555.5555555555555, "overshoot_cost": 101.12223080049002, "power_cost": 13.258759680175782, "noise_cost": 12.998837648498274, "n_waypoints_completed": 4, "tot_waypoints": 9}}
{"target": -1017.9412039153533, "params": {"k_pid_pos": [2.0, 0.0, 1.0], "k_pid_alt": [0.9827334184884667, 0.0, 0.0], "k_pid_att": [0.0, 0.0001, 0.24823857149517825], "k_pid_yaw": [0.5, 1e-06, 0.1], "k_pid_hsp": [0.007753464741299787, 0.0, 0.0], "k_pid_vsp": [400.0, 194.35129047659728, 1e-06]}, "datetime": {"datetime": "2025-08-20 13:18:33", "elapsed": 5168.187309741974, "delta": 24.184262990951538}, "costs": {"total_cost": 1017.9412039153533, "time_cost": 150, "final_distance_cost": 81.10241936509347, "oscillation_cost": 1.2190357272417431, "completition_cost": 666.6666666666667, "overshoot_cost": 93.20330116608075, "power_cost": 12.856463110351562, "noise_cost": 12.893317879918973, "n_waypoints_completed": 3, "tot_waypoints": 9}}
{"target": -181.33544181265924, "params": {"k_pid_pos": [2.0, 0.0, 1.0], "k_pid_alt": [1.0812481126494777, 0.0, 0.0], "k_pid_att": [1.7091708269699737, 0.0001, 0.13049873550087365], "k_pid_yaw": [0.5, 1e-06, 0.1], "k_pid_hsp": [0.6904432470456606, 0.0, 0.0], "k_pid_vsp": [353.9540703491319, 111.74053362483072, 1e-06]}, "datetime": {"datetime": "2025-08-20 13:18:50", "elapsed": 5185.221959590912, "delta": 17.03464984893799}, "costs": {"total_cost": 181.33544181265924, "time_cost": 69.70400000000001, "final_distance_cost": 1.8432977160543997, "oscillation_cost": 35.55315854460768, "completition_cost": 0.0, "overshoot_cost": 50.42606509013581, "power_cost": 12.372215820312501, "noise_cost": 11.436704641548822, "n_waypoints_completed": 9, "tot_waypoints": 9}}
{"target": -1281.5846922714318, "params": {"k_pid_pos": [2.0, 0.0, 0.6336001915959038], "k_pid_alt": [1.276364468461828, 0.045926716836168884, 0.0], "k_pid_att": [0.0, 0.055053942812695725, 0.14555258894388715], "k_pid_yaw": [0.5, 1e-06, 0.1], "k_pid_hsp": [0.0001, 0.0, 0.06069425318629039], "k_pid_vsp": [400.0, 28.332927901969118, 1e-06]}, "datetime": {"datetime": "2025-08-20 13:19:15", "elapsed": 5209.789793968201, "delta": 24.56783437728882}, "costs": {"total_cost": 1281.5846922714318, "time_cost": 150, "final_distance_cost": 99.68223486462972, "oscillation_cost": 30.623892262199078, "completition_cost": 888.8888888888888, "overshoot_cost": 72.414488026897, "power_cost": 19.06676129150391, "noise_cost": 20.908426937313113, "n_waypoints_completed": 1, "tot_waypoints": 9}}
{"target": -1214.7192963508603, "params": {"k_pid_pos": [2.0, 0.0, 1.0], "k_pid_alt": [1.0628170476090657, 0.0, 0.0], "k_pid_att": [4.478082780330153, 0.0001, 0.0283756476666627], "k_pid_yaw": [0.5, 1e-06, 0.1], "k_pid_hsp": [0.0001, 0.009458993387490192, 0.0], "k_pid_vsp": [400.0, 31.08436934019504, 1e-06]}, "datetime": {"datetime": "2025-08-20 13:19:39", "elapsed": 5233.907422304153, "delta": 24.11762833595276}, "costs": {"total_cost": 1214.7192963508603, "time_cost": 150, "final_distance_cost": 59.44532771243615, "oscillation_cost": 2.2739519545221922, "completition_cost": 888.8888888888888, "overshoot_cost": 88.30866763361877, "power_cost": 12.838049682617187, "noise_cost": 12.964410478777094, "n_waypoints_completed": 1, "tot_waypoints": 9}}
{"target": -1014.2179232746233, "params": {"k_pid_pos": [2.0, 0.0, 0.9952859009219491], "k_pid_alt": [1.130965735801539, 0.009836761970712682, 0.0], "k_pid_att": [0.0, 0.0001, 0.1428957906150721], "k_pid_yaw": [0.5, 1e-06, 0.1], "k_pid_hsp": [1.3031543225493418, 0.0, 0.0], "k_pid_vsp": [400.0, 304.74844294155344, 1e-06]}, "datetime": {"datetime": "2025-08-20 13:20:03", "elapsed": 5258.119151592255, "delta": 24.211729288101196}, "costs": {"total_cost": 1014.2179232746233, "time_cost": 150, "final_distance_cost": 245.76879506058236, "oscillation_cost": 4.332919472280896, "completition_cost": 444.4444444444444, "overshoot_cost": 140.6310720783666, "power_cost": 15.314306738281251, "noise_cost": 13.726385480667822, "n_waypoints_completed": 5, "tot_waypoints": 9}}
{"target": -1145.8740815346694, "params": {"k_pid_pos": [2.0, 0.0, 1.0], "k_pid_alt": [1.2519602617122858, 0.0, 0.0], "k_pid_att": [0.0, 0.0001, 0.23545974860854765], "k_pid_yaw": [0.5, 1e-06, 0.1], "k_pid_hsp": [0.22657762622979855, 0.22725696490665914, 0.0], "k_pid_vsp": [400.0, 195.50432092899024, 1e-06]}, "datetime": {"datetime": "2025-08-20 13:20:27", "elapsed": 5282.001588582993, "delta": 23.882436990737915}, "costs": {"total_cost": 1145.8740815346694, "time_cost": 150, "final_distance_cost": 86.2274379592863, "oscillation_cost": 5.405370791150081, "completition_cost": 666.6666666666667, "overshoot_cost": 211.35237410512468, "power_cost": 13.215455261230469, "noise_cost": 13.006776751211072, "n_waypoints_completed": 3, "tot_waypoints": 9}}
{"target": -174.25236910271644, "params": {"k_pid_pos": [2.0, 0.0, 1.0], "k_pid_alt": [1.2874906448338923, 0.0, 0.0], "k_pid_att": [13.000789044398488, 0.0001, 0.29128379537313825], "k_pid_yaw": [0.5, 1e-06, 0.1], "k_pid_hsp": [0.088975292803053, 0.0, 0.0], "k_pid_vsp": [333.0178320131588, 164.17566069883594, 1e-06]}, "datetime": {"datetime": "2025-08-20 13:20:44", "elapsed": 5298.954468727112, "delta": 16.952880144119263}, "costs": {"total_cost": 174.25236910271644, "time_cost": 70.328, "final_distance_cost": 1.7996953091472774, "oscillation_cost": 27.239957993973313, "completition_cost": 0.0, "overshoot_cost": 51.55434111914815, "power_cost": 11.829646520996095, "noise_cost": 11.500728159451594, "n_waypoints_completed": 9, "tot_waypoints": 9}}
{"target": -9038.749073858058, "params": {"k_pid_pos": [2.0, 0.0, 1.0], "k_pid_alt": [1.2416403449421938, 0.016792001719276826, 0.09796016021457701], "k_pid_att": [0.0, 1.8913509704823537, 0.08451291265394799], "k_pid_yaw": [0.5, 1e-06, 0.1], "k_pid_hsp": [0.23617733085278242, 0.18211233559318685, 0.0], "k_pid_vsp": [382.4706328144787, 122.10425695874173, 24.91005025408252]}, "datetime": {"datetime": "2025-08-20 13:21:10", "elapsed": 5325.428956270218, "delta": 26.47448754310608}, "costs": {"total_cost": 9038.749073858058, "time_cost": 150, "final_distance_cost": 3032.396011434138, "oscillation_cost": 1896.1994807638628, "completition_cost": 1000.0, "overshoot_cost": 2821.1119967696527, "power_cost": 36.719372082519534, "noise_cost": 102.32221280788512, "n_waypoints_completed": 0, "tot_waypoints": 9}}
{"target": -199.96535969509299, "params": {"k_pid_pos": [1.2212649483829334, 0.27961160231400106, 1.0], "k_pid_alt": [1.4022382131531888, 0.0118719371398621, 0.0], "k_pid_att": [3.0764404742861267, 2.2077282428788103, 0.1691651282359251], "k_pid_yaw": [0.5, 1e-06, 0.1], "k_pid_hsp": [0.5241206484729665, 0.16215316771633984, 0.0], "k_pid_vsp": [400.0, 74.17856460884359, 1e-06]}, "datetime": {"datetime": "2025-08-20 13:21:30", "elapsed": 5345.013952732086, "delta": 19.584996461868286}, "costs": {"total_cost": 199.96535969509299, "time_cost": 79.84, "final_distance_cost": 1.8431164097335275, "oscillation_cost": 40.35136163907385, "completition_cost": 0.0, "overshoot_cost": 50.50267862165586, "power_cost": 14.212070935058595, "noise_cost": 13.21613208957114, "n_waypoints_completed": 9, "tot_waypoints": 9}}
{"target": -214.13084760041252, "params": {"k_pid_pos": [2.0, 0.6235477213882598, 0.3883341270788082], "k_pid_alt": [1.2407580559493123, 0.0, 0.0], "k_pid_att": [2.720444521678168, 0.0001, 0.0], "k_pid_yaw": [0.5, 1e-06, 0.1], "k_pid_hsp": [0.17713407634867884, 0.0, 0.0], "k_pid_vsp": [376.8298819995711, 71.95254484340992, 18.73101656257834]}, "datetime": {"datetime": "2025-08-20 13:21:50", "elapsed": 5365.264696836472, "delta": 20.250744104385376}, "costs": {"total_cost": 214.13084760041252, "time_cost": 82.992, "final_distance_cost": 1.7078410624780902, "oscillation_cost": 35.03987878199716, "completition_cost": 0.0, "overshoot_cost": 54.20891539821547, "power_cost": 23.680883923339845, "noise_cost": 16.501328434381946, "n_waypoints_completed": 9, "tot_waypoints": 9}}
{"target": -1195.96249286909, "params": {"k_pid_pos": [2.0, 0.0, 1.0], "k_pid_alt": [1.0907255980512742, 0.0, 0.0], "k_pid_att": [41.64845703829117, 0.0001, 0.31362576827574207], "k_pid_yaw": [0.5, 1e-06, 0.1], "k_pid_hsp": [0.0001, 0.0, 0.0], "k_pid_vsp": [400.0, 153.71884890905102, 1e-06]}, "datetime": {"datetime": "2025-08-20 13:22:15", "elapsed": 5390.049474477768, "delta": 24.784777641296387}, "costs": {"total_cost": 1195.96249286909, "time_cost": 150, "final_distance_cost": 46.91296698718447, "oscillation_cost": 0.0050101017053825695, "completition_cost": 888.8888888888888, "overshoot_cost": 84.46560338322278, "power_cost": 12.77373408203125, "noise_cost": 12.91628942605728, "n_waypoints_completed": 1, "tot_waypoints": 9}}
{"target": -1196.8554156684452, "params": {"k_pid_pos": [2.0, 0.028201712216418255, 0.3187095370068407], "k_pid_alt": [1.7160457187673512, 0.0, 0.0], "k_pid_att": [0.0, 0.0001, 0.045099057209408884], "k_pid_yaw": [0.5, 1e-06, 0.1], "k_pid_hsp": [0.0001, 0.0, 0.0], "k_pid_vsp": [400.0, 155.71738857783456, 1e-06]}, "datetime": {"datetime": "2025-08-20 13:22:38", "elapsed": 5413.290311574936, "delta": 23.24083709716797}, "costs": {"total_cost": 1196.8554156684452, "time_cost": 150, "final_distance_cost": 46.926791972423054, "oscillation_cost": 0.00529597865578606, "completition_cost": 888.8888888888888, "overshoot_cost": 85.30345140598435, "power_cost": 12.800852001953126, "noise_cost": 12.93013542053995, "n_waypoints_completed": 1, "tot_waypoints": 9}}
{"target": -891.935513785193, "params": {"k_pid_pos": [2.0, 0.0, 1.0], "k_pid_alt": [1.0427898440602321, 0.0, 0.0], "k_pid_att": [0.0, 0.0001, 0.2681915514740645], "k_pid_yaw": [0.5, 1e-06, 0.1], "k_pid_hsp": [0.2536582199010183, 0.0, 0.0], "k_pid_vsp": [400.0, 126.71712466060717, 1e-06]}, "datetime": {"datetime": "2025-08-20 13:23:02", "elapsed": 5436.985196113586, "delta": 23.694884538650513}, "costs": {"total_cost": 891.935513785193, "time_cost": 150, "final_distance_cost": 54.647963002451974, "oscillation_cost": 3.8871498475033834, "completition_cost": 555.5555555555555, "overshoot_cost": 101.04573291512537, "power_cost": 13.665811853027344, "noise_cost": 13.133300611529503, "n_waypoints_completed": 4, "tot_waypoints": 9}}
{"target": -1196.0584679376018, "params": {"k_pid_pos": [2.0, 0.0, 1.0], "k_pid_alt": [1.263237518413095, 0.0, 0.0], "k_pid_att": [3.5721505944837615, 0.0001, 0.1270533519754182], "k_pid_yaw": [0.5, 1e-06, 0.1], "k_pid_hsp": [0.0001, 0.0, 0.0], "k_pid_vsp": [400.0, 82.90903912582203, 1e-06]}, "datetime": {"datetime": "2025-08-20 13:23:26", "elapsed": 5460.902261257172, "delta": 23.917065143585205}, "costs": {"total_cost": 1196.0584679376018, "time_cost": 150, "final_distance_cost": 46.91285220277004, "oscillation_cost": 0.0060589401360547765, "completition_cost": 888.8888888888888, "overshoot_cost": 84.53522448240068, "power_cost": 12.788457739257813, "noise_cost": 12.926985684148336, "n_waypoints_completed": 1, "tot_waypoints": 9}}
