{"target": -173.07141939402854, "params": {"k_pid_pos": [1.472385771131178, 0.0, 0.7902125151982017], "k_pid_alt": [2.0, 0.0, 0.0], "k_pid_att": [17.145662045805885, 0.0001, 0.28440222000768767], "k_pid_yaw": [0.5, 1e-06, 0.1], "k_pid_hsp": [0.16588842834124984, 0.00018563797182962572, 0.0], "k_pid_vsp": [303.71760375633914, 290.6830441036239, 1e-06]}, "datetime": {"datetime": "2025-08-20 18:02:56", "elapsed": 22231.453983545303, "delta": 16.46622896194458}, "costs": {"total_cost": 173.07141939402854, "time_cost": 70.616, "final_distance_cost": 1.838930677957459, "oscillation_cost": 26.052469008827682, "completition_cost": 0.0, "overshoot_cost": 51.093644638077244, "power_cost": 11.987634729003906, "noise_cost": 11.482740340162243, "n_waypoints_completed": 9, "tot_waypoints": 9}}
{"target": -173.65489883550111, "params": {"k_pid_pos": [1.4349070443786842, 0.0, 1.0], "k_pid_alt": [2.0, 0.0, 0.0], "k_pid_att": [20.293663802047753, 0.0001, 0.22459957649594767], "k_pid_yaw": [0.5, 1e-06, 0.1], "k_pid_hsp": [0.12758486198197788, 0.00012121741902610837, 0.0], "k_pid_vsp": [262.55567906222353, 334.4066395996716, 1e-06]}, "datetime": {"datetime": "2025-08-20 18:03:12", "elapsed": 22247.064823150635, "delta": 15.610839605331421}, "costs": {"total_cost": 173.65489883550111, "time_cost": 71.536, "final_distance_cost": 1.847239014466949, "oscillation_cost": 25.43745345314365, "completition_cost": 0.0, "overshoot_cost": 50.69226746498906, "power_cost": 12.327106628417969, "noise_cost": 11.814832274483507, "n_waypoints_completed": 9, "tot_waypoints": 9}}
{"target": -172.89858266152808, "params": {"k_pid_pos": [1.5883293342768539, 0.0, 0.8011644307477745], "k_pid_alt": [2.0, 0.0, 0.0], "k_pid_att": [35.823970855319494, 0.0001, 0.7609439871757351], "k_pid_yaw": [0.5, 1e-06, 0.1], "k_pid_hsp": [0.109016123478195, 0.0002439320572866623, 0.0], "k_pid_vsp": [257.59259547163344, 357.9096351788819, 1e-06]}, "datetime": {"datetime": "2025-08-20 18:03:28", "elapsed": 22262.730731010437, "delta": 15.665907859802246}, "costs": {"total_cost": 172.89858266152808, "time_cost": 70.34400000000001, "final_distance_cost": 1.8276208761830715, "oscillation_cost": 26.005902336185294, "completition_cost": 0.0, "overshoot_cost": 51.46478989355237, "power_cost": 11.877741662597657, "noise_cost": 11.378527893009679, "n_waypoints_completed": 9, "tot_waypoints": 9}}
{"target": -172.9616373094343, "params": {"k_pid_pos": [1.3838571621181741, 0.0, 0.9045026441876752], "k_pid_alt": [2.0, 0.0, 0.0], "k_pid_att": [19.39840720098367, 0.0001, 0.09083009994815239], "k_pid_yaw": [0.5, 1e-06, 0.1], "k_pid_hsp": [0.11812041993533906, 2.8036654495175965e-05, 0.0], "k_pid_vsp": [274.27699337190637, 351.37596874013326, 1e-06]}, "datetime": {"datetime": "2025-08-20 18:03:43", "elapsed": 22278.28018474579, "delta": 15.549453735351562}, "costs": {"total_cost": 172.9616373094343, "time_cost": 71.296, "final_distance_cost": 1.8404777159438137, "oscillation_cost": 25.521976807873195, "completition_cost": 0.0, "overshoot_cost": 50.792554670583705, "power_cost": 11.938763940429688, "noise_cost": 11.57186417460389, "n_waypoints_completed": 9, "tot_waypoints": 9}}
{"target": -172.2308947356384, "params": {"k_pid_pos": [1.4588050317343606, 0.0, 0.8130150349994083], "k_pid_alt": [1.9999150153843812, 0.0, 0.0], "k_pid_att": [14.07299514007163, 0.0001, 0.2864451285988725], "k_pid_yaw": [0.5, 1e-06, 0.1], "k_pid_hsp": [0.1367105023423762, 0.00040717549300555464, 0.0], "k_pid_vsp": [247.75446510458772, 359.736647136637, 1e-06]}, "datetime": {"datetime": "2025-08-20 18:03:59", "elapsed": 22294.001442193985, "delta": 15.721257448196411}, "costs": {"total_cost": 172.2308947356384, "time_cost": 70.656, "final_distance_cost": 1.838057660559501, "oscillation_cost": 25.542723110286893, "completition_cost": 0.0, "overshoot_cost": 50.73485065784766, "power_cost": 11.971768798828126, "noise_cost": 11.487494508116221, "n_waypoints_completed": 9, "tot_waypoints": 9}}
{"target": -172.59604399961722, "params": {"k_pid_pos": [1.477405308078849, 0.0, 0.7762719598514062], "k_pid_alt": [2.0, 0.0, 0.0], "k_pid_att": [25.051282570325203, 0.0001, 0.2394957667687057], "k_pid_yaw": [0.5, 1e-06, 0.1], "k_pid_hsp": [0.11798538410161138, 8.087392463556426e-05, 0.0], "k_pid_vsp": [262.37477876093243, 355.5785111910323, 1e-06]}, "datetime": {"datetime": "2025-08-20 18:04:15", "elapsed": 22309.859849214554, "delta": 15.858407020568848}, "costs": {"total_cost": 172.59604399961722, "time_cost": 70.57600000000001, "final_distance_cost": 1.8392402012707518, "oscillation_cost": 25.804509451691697, "completition_cost": 0.0, "overshoot_cost": 50.52192072520933, "power_cost": 12.234833764648439, "noise_cost": 11.619539856797, "n_waypoints_completed": 9, "tot_waypoints": 9}}
{"target": -173.16686105121423, "params": {"k_pid_pos": [1.8168512253181048, 0.0, 1.0], "k_pid_alt": [1.6767255498226568, 0.0, 0.0], "k_pid_att": [9.71623430817501, 0.0001, 0.35717251044514736], "k_pid_yaw": [0.5, 1e-06, 0.1], "k_pid_hsp": [0.12722507703333163, 0.00016667834372937812, 0.0], "k_pid_vsp": [231.39593405823626, 349.9311648368453, 1e-06]}, "datetime": {"datetime": "2025-08-20 18:04:30", "elapsed": 22325.27149271965, "delta": 15.411643505096436}, "costs": {"total_cost": 173.16686105121423, "time_cost": 69.768, "final_distance_cost": 1.8263861448099088, "oscillation_cost": 27.57041537643825, "completition_cost": 0.0, "overshoot_cost": 50.65830811092352, "power_cost": 12.041737658691407, "noise_cost": 11.30201376035115, "n_waypoints_completed": 9, "tot_waypoints": 9}}
{"target": -171.85666195822853, "params": {"k_pid_pos": [1.5601895494253657, 0.0, 0.9272301005915673], "k_pid_alt": [2.0, 0.0, 0.0], "k_pid_att": [37.49745470426184, 0.0001, 0.5007450871502005], "k_pid_yaw": [0.5, 1e-06, 0.1], "k_pid_hsp": [0.114524436548579, 0.00020824617977052392, 0.0], "k_pid_vsp": [247.66574085421345, 400.0, 1e-06]}, "datetime": {"datetime": "2025-08-20 18:04:46", "elapsed": 22341.218469142914, "delta": 15.94697642326355}, "costs": {"total_cost": 171.85666195822853, "time_cost": 70.76, "final_distance_cost": 1.8290350659013974, "oscillation_cost": 25.460119763301226, "completition_cost": 0.0, "overshoot_cost": 50.94153961326229, "power_cost": 11.621342456054688, "noise_cost": 11.244625059708909, "n_waypoints_completed": 9, "tot_waypoints": 9}}
{"target": -173.40398313659816, "params": {"k_pid_pos": [1.5005124672192927, 0.0, 0.7280806029768585], "k_pid_alt": [2.0, 0.0, 0.0], "k_pid_att": [46.144261920866754, 0.0001, 0.21009613322324613], "k_pid_yaw": [0.5, 1e-06, 0.1], "k_pid_hsp": [0.11996967154715592, 0.0004985347268567257, 0.0], "k_pid_vsp": [266.5792157741248, 323.7036203324643, 1e-06]}, "datetime": {"datetime": "2025-08-20 18:05:02", "elapsed": 22357.070568799973, "delta": 15.852099657058716}, "costs": {"total_cost": 173.40398313659816, "time_cost": 70.432, "final_distance_cost": 1.8356781557422523, "oscillation_cost": 26.373870876979524, "completition_cost": 0.0, "overshoot_cost": 51.610663739504545, "power_cost": 11.861336340332032, "noise_cost": 11.290434024039802, "n_waypoints_completed": 9, "tot_waypoints": 9}}
{"target": -173.2813742235648, "params": {"k_pid_pos": [1.5995555795669862, 0.0, 0.8863131081314226], "k_pid_alt": [2.0, 0.0, 0.0], "k_pid_att": [26.232478634551388, 0.0001, 0.2258669062334983], "k_pid_yaw": [0.5, 1e-06, 0.1], "k_pid_hsp": [0.11651393152479136, 6.697212639938993e-05, 0.0], "k_pid_vsp": [350.0038972334242, 400.0, 1e-06]}, "datetime": {"datetime": "2025-08-20 18:05:17", "elapsed": 22371.976637601852, "delta": 14.906068801879883}, "costs": {"total_cost": 173.2813742235648, "time_cost": 70.568, "final_distance_cost": 1.8211732395909348, "oscillation_cost": 25.905420716626246, "completition_cost": 0.0, "overshoot_cost": 51.27115315955442, "power_cost": 12.120433569335939, "noise_cost": 11.595193538457263, "n_waypoints_completed": 9, "tot_waypoints": 9}}
{"target": -174.27717208141254, "params": {"k_pid_pos": [1.5653993625660607, 0.0, 0.8334600303299976], "k_pid_alt": [2.0, 0.0, 0.0], "k_pid_att": [22.43542627580032, 0.0001, 0.0], "k_pid_yaw": [0.5, 1e-06, 0.1], "k_pid_hsp": [0.12918877546565788, 8.31594613747168e-05, 0.0], "k_pid_vsp": [283.46984526205443, 365.49885593471737, 1e-06]}, "datetime": {"datetime": "2025-08-20 18:05:33", "elapsed": 22387.692573785782, "delta": 15.715936183929443}, "costs": {"total_cost": 174.27717208141254, "time_cost": 70.488, "final_distance_cost": 1.823506811021796, "oscillation_cost": 27.110630038852715, "completition_cost": 0.0, "overshoot_cost": 51.33443683301705, "power_cost": 12.145882202148439, "noise_cost": 11.37471619637254, "n_waypoints_completed": 9, "tot_waypoints": 9}}
{"target": -173.45799869814633, "params": {"k_pid_pos": [1.6581266851858187, 0.0, 0.8892031592660192], "k_pid_alt": [2.0, 0.0, 0.0], "k_pid_att": [19.259718719319885, 0.0001, 0.19575592296876798], "k_pid_yaw": [0.5, 1e-06, 0.1], "k_pid_hsp": [0.10980873938024895, 2.558101778302013e-05, 0.0], "k_pid_vsp": [265.82257417569974, 277.68978501698314, 1e-06]}, "datetime": {"datetime": "2025-08-20 18:05:48", "elapsed": 22403.01128935814, "delta": 15.318715572357178}, "costs": {"total_cost": 173.45799869814633, "time_cost": 70.48, "final_distance_cost": 1.8294836420127247, "oscillation_cost": 26.01532035489925, "completition_cost": 0.0, "overshoot_cost": 51.69011151979973, "power_cost": 12.065487939453126, "noise_cost": 11.377595241981487, "n_waypoints_completed": 9, "tot_waypoints": 9}}
{"target": -173.2553691899868, "params": {"k_pid_pos": [1.5151444452376852, 0.0, 0.9008029217887895], "k_pid_alt": [2.0, 0.0, 0.0], "k_pid_att": [19.782616857631456, 0.0001, 0.262570531418455], "k_pid_yaw": [0.5, 1e-06, 0.1], "k_pid_hsp": [0.08298605777473149, 0.0, 0.0], "k_pid_vsp": [288.969618774714, 400.0, 1e-06]}, "datetime": {"datetime": "2025-08-20 18:06:04", "elapsed": 22419.206650972366, "delta": 16.195361614227295}, "costs": {"total_cost": 173.2553691899868, "time_cost": 70.8, "final_distance_cost": 1.804854803033374, "oscillation_cost": 25.060193326487784, "completition_cost": 0.0, "overshoot_cost": 51.84278285639302, "power_cost": 12.193534545898437, "noise_cost": 11.554003658174178, "n_waypoints_completed": 9, "tot_waypoints": 9}}
{"target": -172.21902929962573, "params": {"k_pid_pos": [1.4833097490325993, 0.0, 0.727396596629916], "k_pid_alt": [2.0, 0.0, 0.0], "k_pid_att": [39.2898474090766, 0.0001, 0.2656789851482848], "k_pid_yaw": [0.5, 1e-06, 0.1], "k_pid_hsp": [0.09784425027347513, 0.00012068470098291317, 0.0], "k_pid_vsp": [283.75358772131057, 369.64313995172023, 1e-06]}, "datetime": {"datetime": "2025-08-20 18:06:20", "elapsed": 22435.428114175797, "delta": 16.221463203430176}, "costs": {"total_cost": 172.21902929962573, "time_cost": 70.44800000000001, "final_distance_cost": 1.810386330612269, "oscillation_cost": 25.61651692406144, "completition_cost": 0.0, "overshoot_cost": 51.19368476196459, "power_cost": 11.882431762695314, "noise_cost": 11.268009520292077, "n_waypoints_completed": 9, "tot_waypoints": 9}}
{"target": -173.80257119304505, "params": {"k_pid_pos": [1.5205959302966563, 0.0, 0.7858785100109242], "k_pid_alt": [2.0, 0.0, 0.0], "k_pid_att": [2.1782571259007284, 0.0001, 0.21019290563198673], "k_pid_yaw": [0.5, 1e-06, 0.1], "k_pid_hsp": [0.11415375613247894, 0.0002714544018376056, 0.0], "k_pid_vsp": [277.85669670022094, 400.0, 1e-06]}, "datetime": {"datetime": "2025-08-20 18:06:35", "elapsed": 22450.536756515503, "delta": 15.108642339706421}, "costs": {"total_cost": 173.80257119304505, "time_cost": 70.04, "final_distance_cost": 1.8204253392158654, "oscillation_cost": 27.183349896000916, "completition_cost": 0.0, "overshoot_cost": 51.37923202109816, "power_cost": 12.09002264404297, "noise_cost": 11.289541292687135, "n_waypoints_completed": 9, "tot_waypoints": 9}}
{"target": -171.93696248949593, "params": {"k_pid_pos": [1.4284338771509724, 0.0, 0.77756127349434], "k_pid_alt": [2.0, 0.0, 0.0], "k_pid_att": [27.150923259502612, 0.0001, 0.21253985474635442], "k_pid_yaw": [0.5, 1e-06, 0.1], "k_pid_hsp": [0.12011263378505749, 0.0, 0.0], "k_pid_vsp": [254.77605361631436, 367.4977676472281, 1e-06]}, "datetime": {"datetime": "2025-08-20 18:06:51", "elapsed": 22466.547787427902, "delta": 16.011030912399292}, "costs": {"total_cost": 171.93696248949593, "time_cost": 70.664, "final_distance_cost": 1.8334135072574218, "oscillation_cost": 25.45095549674342, "completition_cost": 0.0, "overshoot_cost": 50.71640829734148, "power_cost": 11.835221875, "noise_cost": 11.436963313153605, "n_waypoints_completed": 9, "tot_waypoints": 9}}
{"target": -172.6868098533696, "params": {"k_pid_pos": [1.4231849155676932, 0.0, 0.9082905090805627], "k_pid_alt": [1.9158957431153576, 0.0, 0.0], "k_pid_att": [9.473526146936555, 0.0001, 0.31293432365516], "k_pid_yaw": [0.5, 1e-06, 0.1], "k_pid_hsp": [0.12929870336420457, 0.0, 0.0], "k_pid_vsp": [246.4786427896925, 379.7284739207826, 1e-06]}, "datetime": {"datetime": "2025-08-20 18:07:07", "elapsed": 22481.82476067543, "delta": 15.276973247528076}, "costs": {"total_cost": 172.6868098533696, "time_cost": 71.04, "final_distance_cost": 1.8381885619340668, "oscillation_cost": 25.213656495023848, "completition_cost": 0.0, "overshoot_cost": 51.06581448317466, "power_cost": 11.952939404296876, "noise_cost": 11.57621090894017, "n_waypoints_completed": 9, "tot_waypoints": 9}}
{"target": -173.49998789999805, "params": {"k_pid_pos": [1.769145622076091, 0.0, 0.8145486172384928], "k_pid_alt": [2.0, 0.0, 0.0], "k_pid_att": [28.017669931524445, 0.0001, 0.2586858765874554], "k_pid_yaw": [0.5, 1e-06, 0.1], "k_pid_hsp": [0.10911186515559392, 0.00040661425401714127, 0.0], "k_pid_vsp": [257.78084561293304, 257.2969202414512, 1e-06]}, "datetime": {"datetime": "2025-08-20 18:07:22", "elapsed": 22497.431424617767, "delta": 15.606663942337036}, "costs": {"total_cost": 173.49998789999805, "time_cost": 70.184, "final_distance_cost": 1.8290021987311322, "oscillation_cost": 27.154215465047624, "completition_cost": 0.0, "overshoot_cost": 50.91095950319258, "power_cost": 12.061714331054688, "noise_cost": 11.360096401972008, "n_waypoints_completed": 9, "tot_waypoints": 9}}
{"target": -171.89894096080153, "params": {"k_pid_pos": [1.4364063381601262, 0.0, 0.7777378994614432], "k_pid_alt": [2.0, 0.0, 0.0], "k_pid_att": [24.94213290332378, 0.0001, 0.19842516271401422], "k_pid_yaw": [0.5, 1e-06, 0.1], "k_pid_hsp": [0.1192875773800095, 0.0002693702568371968, 0.0], "k_pid_vsp": [277.69042791585747, 360.09290764916517, 1e-06]}, "datetime": {"datetime": "2025-08-20 18:07:38", "elapsed": 22513.214725971222, "delta": 15.78330135345459}, "costs": {"total_cost": 171.89894096080153, "time_cost": 70.68, "final_distance_cost": 1.8338643786304014, "oscillation_cost": 25.475827852875952, "completition_cost": 0.0, "overshoot_cost": 50.59983529796358, "power_cost": 11.975477258300781, "noise_cost": 11.333936173030821, "n_waypoints_completed": 9, "tot_waypoints": 9}}
{"target": -172.9936454109535, "params": {"k_pid_pos": [1.5053871288413463, 0.0, 1.0], "k_pid_alt": [2.0, 0.0, 0.0], "k_pid_att": [22.671064700954936, 0.0001, 0.25282404978788187], "k_pid_yaw": [0.5, 1e-06, 0.1], "k_pid_hsp": [0.12114264292624946, 0.00023830538547500954, 0.0], "k_pid_vsp": [266.4981539064351, 330.17168310940076, 1e-06]}, "datetime": {"datetime": "2025-08-20 18:07:53", "elapsed": 22528.5402636528, "delta": 15.32553768157959}, "costs": {"total_cost": 172.9936454109535, "time_cost": 71.176, "final_distance_cost": 1.8431594602681103, "oscillation_cost": 25.178352287466403, "completition_cost": 0.0, "overshoot_cost": 51.10874975737537, "power_cost": 12.129833715820313, "noise_cost": 11.557550190023269, "n_waypoints_completed": 9, "tot_waypoints": 9}}
{"target": -171.90652034431315, "params": {"k_pid_pos": [1.4987414923404665, 0.0062204757950654, 0.8203582914976385], "k_pid_alt": [2.0, 0.0, 0.0], "k_pid_att": [29.662983477881582, 0.0001, 0.2195745937064463], "k_pid_yaw": [0.5, 1e-06, 0.1], "k_pid_hsp": [0.11347807874899682, 0.0, 0.0], "k_pid_vsp": [259.61482686935386, 394.4128556073938, 1e-06]}, "datetime": {"datetime": "2025-08-20 18:08:09", "elapsed": 22544.308611154556, "delta": 15.76834750175476}, "costs": {"total_cost": 171.90652034431315, "time_cost": 70.616, "final_distance_cost": 1.8245803087723673, "oscillation_cost": 25.547557537726856, "completition_cost": 0.0, "overshoot_cost": 50.79987506109979, "power_cost": 11.723756323242188, "noise_cost": 11.394751113471958, "n_waypoints_completed": 9, "tot_waypoints": 9}}
{"target": -172.11028522139586, "params": {"k_pid_pos": [1.4378392311157513, 0.0, 0.7362407706191954], "k_pid_alt": [1.988497415045608, 0.0, 0.0], "k_pid_att": [26.01149265355999, 0.0001, 0.2104512944618469], "k_pid_yaw": [0.5, 1e-06, 0.1], "k_pid_hsp": [0.10191978364513896, 0.0001129930998452243, 0.0], "k_pid_vsp": [263.938466509379, 359.65972949384894, 1e-06]}, "datetime": {"datetime": "2025-08-20 18:08:24", "elapsed": 22559.43857693672, "delta": 15.129965782165527}, "costs": {"total_cost": 172.11028522139586, "time_cost": 70.536, "final_distance_cost": 1.8196938817530297, "oscillation_cost": 25.508477881714207, "completition_cost": 0.0, "overshoot_cost": 50.97196430945388, "power_cost": 11.972022204589845, "noise_cost": 11.302126943884897, "n_waypoints_completed": 9, "tot_waypoints": 9}}
{"target": -172.43790154987238, "params": {"k_pid_pos": [1.422261840259691, 0.0, 0.7763310842634914], "k_pid_alt": [2.0, 0.0, 0.0], "k_pid_att": [44.932217654403686, 0.0001, 0.34254324265400604], "k_pid_yaw": [0.5, 1e-06, 0.1], "k_pid_hsp": [0.1127258534020003, 8.870102450772165e-05, 0.0], "k_pid_vsp": [258.19547671332003, 343.15135638553215, 1e-06]}, "datetime": {"datetime": "2025-08-20 18:08:40", "elapsed": 22575.556250333786, "delta": 16.11767339706421}, "costs": {"total_cost": 172.43790154987238, "time_cost": 70.768, "final_distance_cost": 1.8198020946770468, "oscillation_cost": 25.265044024337175, "completition_cost": 0.0, "overshoot_cost": 51.2360850006897, "power_cost": 12.007804553222657, "noise_cost": 11.341165876945794, "n_waypoints_completed": 9, "tot_waypoints": 9}}
{"target": -172.09480833811912, "params": {"k_pid_pos": [1.5386067971256598, 0.0, 0.9555430856291164], "k_pid_alt": [2.0, 0.0, 0.0], "k_pid_att": [29.682039486214464, 0.0001, 0.24694024731998526], "k_pid_yaw": [0.5, 1e-06, 0.1], "k_pid_hsp": [0.11453060268853224, 0.00022600273482346612, 0.0], "k_pid_vsp": [253.76429113393579, 375.6054342345652, 1e-06]}, "datetime": {"datetime": "2025-08-20 18:08:58", "elapsed": 22592.640011548996, "delta": 17.08376121520996}, "costs": {"total_cost": 172.09480833811912, "time_cost": 70.92, "final_distance_cost": 1.8358885914551484, "oscillation_cost": 25.39653149682669, "completition_cost": 0.0, "overshoot_cost": 50.88610400351409, "power_cost": 11.68109326171875, "noise_cost": 11.375190984604453, "n_waypoints_completed": 9, "tot_waypoints": 9}}
{"target": -173.1895659789457, "params": {"k_pid_pos": [1.2229707821885356, 0.0, 0.8062564078829904], "k_pid_alt": [2.0, 0.0, 0.0], "k_pid_att": [43.26504133403204, 0.0001, 0.2623001119247568], "k_pid_yaw": [0.5, 1e-06, 0.1], "k_pid_hsp": [0.08226377165791521, 0.00015482180730221008, 0.0], "k_pid_vsp": [255.8574648917785, 348.42172430512056, 1e-06]}, "datetime": {"datetime": "2025-08-20 18:09:13", "elapsed": 22607.787823677063, "delta": 15.147812128067017}, "costs": {"total_cost": 173.1895659789457, "time_cost": 71.744, "final_distance_cost": 1.8400185609348734, "oscillation_cost": 24.12233988955076, "completition_cost": 0.0, "overshoot_cost": 51.91300200799551, "power_cost": 12.080027478027345, "noise_cost": 11.490178042437204, "n_waypoints_completed": 9, "tot_waypoints": 9}}
{"target": -172.81250676001815, "params": {"k_pid_pos": [1.4830949256430663, 0.0, 0.6498164130428425], "k_pid_alt": [2.0, 0.0, 0.0], "k_pid_att": [23.648050432815587, 0.0001, 0.38589159284539853], "k_pid_yaw": [0.5, 1e-06, 0.1], "k_pid_hsp": [0.12267738470203764, 5.203731276626447e-05, 0.0], "k_pid_vsp": [224.08730830257198, 352.00121055572293, 1e-06]}, "datetime": {"datetime": "2025-08-20 18:09:28", "elapsed": 22623.542660474777, "delta": 15.754836797714233}, "costs": {"total_cost": 172.81250676001815, "time_cost": 70.24, "final_distance_cost": 1.812301673997873, "oscillation_cost": 26.413015116448996, "completition_cost": 0.0, "overshoot_cost": 50.68836723873794, "power_cost": 12.208596447753907, "noise_cost": 11.45022628307943, "n_waypoints_completed": 9, "tot_waypoints": 9}}
{"target": -172.3041077904976, "params": {"k_pid_pos": [1.4560727905041242, 0.0, 0.7503815940279974], "k_pid_alt": [2.0, 0.0, 0.0], "k_pid_att": [25.680625269835833, 0.0001, 0.24699619759406646], "k_pid_yaw": [0.5, 1e-06, 0.1], "k_pid_hsp": [0.11189305743970529, 0.0002838949321348133, 0.0], "k_pid_vsp": [270.53332567738335, 358.11038406597044, 1e-06]}, "datetime": {"datetime": "2025-08-20 18:09:44", "elapsed": 22638.594705104828, "delta": 15.05204463005066}, "costs": {"total_cost": 172.3041077904976, "time_cost": 70.536, "final_distance_cost": 1.8204862027520834, "oscillation_cost": 25.588146887466095, "completition_cost": 0.0, "overshoot_cost": 50.636768847947344, "power_cost": 12.241081518554688, "noise_cost": 11.481624333777361, "n_waypoints_completed": 9, "tot_waypoints": 9}}
{"target": -172.2071379356344, "params": {"k_pid_pos": [1.3808094956284742, 0.0, 0.8166060943393159], "k_pid_alt": [2.0, 0.0, 0.0], "k_pid_att": [17.65331065658989, 0.0001, 0.30442441399847825], "k_pid_yaw": [0.5, 1e-06, 0.1], "k_pid_hsp": [0.11348655383853806, 0.00023152594985973053, 0.0], "k_pid_vsp": [236.64029617556207, 369.2805521798681, 1e-06]}, "datetime": {"datetime": "2025-08-20 18:09:59", "elapsed": 22654.488384246826, "delta": 15.893679141998291}, "costs": {"total_cost": 172.2071379356344, "time_cost": 70.928, "final_distance_cost": 1.8340988753990246, "oscillation_cost": 25.0605941326426, "completition_cost": 0.0, "overshoot_cost": 51.1799749585764, "power_cost": 11.854948364257814, "noise_cost": 11.349521604758573, "n_waypoints_completed": 9, "tot_waypoints": 9}}
