{"target": -175.2216631530226, "params": {"k_pid_pos": [1.2775142106124897, 0.0, 1.0], "k_pid_alt": [2.0, 0.0, 0.0], "k_pid_att": [72.81160606191733, 0.0001, 0.3552130221795626], "k_pid_yaw": [0.5, 1e-06, 0.1], "k_pid_hsp": [0.058241764408568424, 0.0, 0.0], "k_pid_vsp": [225.4316281412328, 400.0, 1e-06]}, "datetime": {"datetime": "2025-08-20 16:57:12", "elapsed": 18286.677809000015, "delta": 16.567214727401733}, "costs": {"total_cost": 175.2216631530226, "time_cost": 73.152, "final_distance_cost": 1.8265015213091398, "oscillation_cost": 22.556936174632792, "completition_cost": 0.0, "overshoot_cost": 53.664882837175966, "power_cost": 12.246337280273439, "noise_cost": 11.775005339631248, "n_waypoints_completed": 9, "tot_waypoints": 9}}
{"target": -172.14643197326893, "params": {"k_pid_pos": [1.3592040188229282, 0.0, 0.6419572154046875], "k_pid_alt": [2.0, 0.0, 0.0], "k_pid_att": [23.724619622035252, 0.0001, 0.3655614749730732], "k_pid_yaw": [0.5, 1e-06, 0.1], "k_pid_hsp": [0.10959998390356623, 0.0, 0.0], "k_pid_vsp": [217.781301805996, 400.0, 1e-06]}, "datetime": {"datetime": "2025-08-20 16:57:27", "elapsed": 18301.97863841057, "delta": 15.300829410552979}, "costs": {"total_cost": 172.14643197326893, "time_cost": 70.512, "final_distance_cost": 1.8200350851836569, "oscillation_cost": 25.549914421731312, "completition_cost": 0.0, "overshoot_cost": 50.65097093993117, "power_cost": 12.203391748046876, "noise_cost": 11.41011977837591, "n_waypoints_completed": 9, "tot_waypoints": 9}}
{"target": -173.20595343153258, "params": {"k_pid_pos": [1.5406322864241975, 0.0, 0.6218591009502906], "k_pid_alt": [2.0, 0.0, 0.0], "k_pid_att": [38.501787511279176, 0.0001, 0.27899836360348435], "k_pid_yaw": [0.5, 1e-06, 0.1], "k_pid_hsp": [0.10711999236672874, 0.0, 0.0], "k_pid_vsp": [232.19354469000035, 319.37241404073296, 1e-06]}, "datetime": {"datetime": "2025-08-20 16:57:42", "elapsed": 18317.255378246307, "delta": 15.276739835739136}, "costs": {"total_cost": 173.20595343153258, "time_cost": 70.152, "final_distance_cost": 1.82084933527866, "oscillation_cost": 26.791406555308804, "completition_cost": 0.0, "overshoot_cost": 50.95678125296122, "power_cost": 12.153420446777345, "noise_cost": 11.331495841206545, "n_waypoints_completed": 9, "tot_waypoints": 9}}
{"target": -172.13131664406296, "params": {"k_pid_pos": [1.4523073628878231, 0.0, 0.8712788121589025], "k_pid_alt": [2.0, 0.0, 0.0], "k_pid_att": [46.15813477780293, 0.0001, 0.3759859958573334], "k_pid_yaw": [0.5, 1e-06, 0.1], "k_pid_hsp": [0.10175078043190416, 0.0, 0.0], "k_pid_vsp": [232.57797050936003, 242.66232726657847, 1e-06]}, "datetime": {"datetime": "2025-08-20 16:57:59", "elapsed": 18333.71347784996, "delta": 16.458099603652954}, "costs": {"total_cost": 172.13131664406296, "time_cost": 71.024, "final_distance_cost": 1.8396465413628158, "oscillation_cost": 24.954121181329764, "completition_cost": 0.0, "overshoot_cost": 51.2573493031625, "power_cost": 11.684589831542969, "noise_cost": 11.371609786664903, "n_waypoints_completed": 9, "tot_waypoints": 9}}
{"target": -172.7451361127133, "params": {"k_pid_pos": [1.4151465520429665, 0.0, 0.8092418908680732], "k_pid_alt": [2.0, 0.0, 0.0], "k_pid_att": [62.02902671416418, 0.0001, 0.3101909572693011], "k_pid_yaw": [0.5, 1e-06, 0.1], "k_pid_hsp": [0.11035463642892579, 0.0, 0.0], "k_pid_vsp": [282.7216117577919, 272.70511792809316, 1e-06]}, "datetime": {"datetime": "2025-08-20 16:58:15", "elapsed": 18350.147487401962, "delta": 16.434009552001953}, "costs": {"total_cost": 172.7451361127133, "time_cost": 71.0, "final_distance_cost": 1.837857996986632, "oscillation_cost": 25.42783946839492, "completition_cost": 0.0, "overshoot_cost": 51.154180177953144, "power_cost": 11.921184252929688, "noise_cost": 11.40407421644891, "n_waypoints_completed": 9, "tot_waypoints": 9}}
{"target": -171.95476406035846, "params": {"k_pid_pos": [1.4993825659969304, 0.0, 0.8492887398570639], "k_pid_alt": [2.0, 0.0, 0.0], "k_pid_att": [22.09935831583039, 0.0001, 0.3663502450693001], "k_pid_yaw": [0.5, 1e-06, 0.1], "k_pid_hsp": [0.09636834858534718, 6.2512908392323954e-06, 0.0], "k_pid_vsp": [242.16918362825805, 321.5485560572917, 1e-06]}, "datetime": {"datetime": "2025-08-20 16:58:33", "elapsed": 18368.19565629959, "delta": 18.048168897628784}, "costs": {"total_cost": 171.95476406035846, "time_cost": 70.728, "final_distance_cost": 1.8237047711888696, "oscillation_cost": 25.08766955173505, "completition_cost": 0.0, "overshoot_cost": 50.90178386128213, "power_cost": 12.05924276123047, "noise_cost": 11.354363114921947, "n_waypoints_completed": 9, "tot_waypoints": 9}}
{"target": -171.99979229831217, "params": {"k_pid_pos": [1.343430287798409, 0.0, 0.6184897971210712], "k_pid_alt": [2.0, 0.0, 0.0], "k_pid_att": [37.86646322586512, 0.0001, 0.31064871306506736], "k_pid_yaw": [0.5, 1e-06, 0.1], "k_pid_hsp": [0.1054842807812276, 0.0, 0.0], "k_pid_vsp": [225.03119994004217, 262.010554114778, 1e-06]}, "datetime": {"datetime": "2025-08-20 16:58:51", "elapsed": 18385.662529706955, "delta": 17.46687340736389}, "costs": {"total_cost": 171.99979229831217, "time_cost": 70.568, "final_distance_cost": 1.8214202801970396, "oscillation_cost": 25.4153459044971, "completition_cost": 0.0, "overshoot_cost": 50.93083972747809, "power_cost": 11.847101696777344, "noise_cost": 11.417084689362602, "n_waypoints_completed": 9, "tot_waypoints": 9}}
{"target": -171.67598345623975, "params": {"k_pid_pos": [1.3934602236365645, 0.0, 0.6001805069682788], "k_pid_alt": [2.0, 0.0, 0.0], "k_pid_att": [33.10299566884578, 0.0001, 0.3354309495000866], "k_pid_yaw": [0.5, 1e-06, 0.1], "k_pid_hsp": [0.10532338089004209, 0.0, 0.0], "k_pid_vsp": [258.98126312328304, 381.42657390801156, 1e-06]}, "datetime": {"datetime": "2025-08-20 16:59:08", "elapsed": 18402.75007200241, "delta": 17.087542295455933}, "costs": {"total_cost": 171.67598345623975, "time_cost": 70.304, "final_distance_cost": 1.8185150704586368, "oscillation_cost": 25.632426466732802, "completition_cost": 0.0, "overshoot_cost": 50.825813945403056, "power_cost": 11.925925061035157, "noise_cost": 11.169302912610108, "n_waypoints_completed": 9, "tot_waypoints": 9}}
{"target": -173.65210267057444, "params": {"k_pid_pos": [1.717855513991489, 0.0, 0.8352336360608282], "k_pid_alt": [1.9791975166658433, 0.0, 0.0], "k_pid_att": [36.48658351778714, 0.0001, 0.573649403231429], "k_pid_yaw": [0.5, 1e-06, 0.1], "k_pid_hsp": [0.1166093637760015, 0.0, 0.0], "k_pid_vsp": [246.4909331265512, 327.224613735512, 1e-06]}, "datetime": {"datetime": "2025-08-20 16:59:24", "elapsed": 18419.10079073906, "delta": 16.35071873664856}, "costs": {"total_cost": 173.65210267057444, "time_cost": 70.16, "final_distance_cost": 1.8358399771642284, "oscillation_cost": 26.770455024986227, "completition_cost": 0.0, "overshoot_cost": 51.32037641382686, "power_cost": 12.147912670898439, "noise_cost": 11.417518583698657, "n_waypoints_completed": 9, "tot_waypoints": 9}}
{"target": -171.58459247053983, "params": {"k_pid_pos": [1.3485081004392936, 0.0, 0.7370259997301574], "k_pid_alt": [2.0, 0.0, 0.0], "k_pid_att": [33.35483044039934, 0.0001, 0.30063211577343224], "k_pid_yaw": [0.5, 1e-06, 0.1], "k_pid_hsp": [0.11114537307899842, 0.0, 0.0], "k_pid_vsp": [257.5922380066545, 373.2463693869879, 1e-06]}, "datetime": {"datetime": "2025-08-20 16:59:41", "elapsed": 18436.301860809326, "delta": 17.201070070266724}, "costs": {"total_cost": 171.58459247053983, "time_cost": 70.83200000000001, "final_distance_cost": 1.8382648207232033, "oscillation_cost": 25.112120709646767, "completition_cost": 0.0, "overshoot_cost": 50.80650775222372, "power_cost": 11.66883338623047, "noise_cost": 11.32686580171568, "n_waypoints_completed": 9, "tot_waypoints": 9}}
{"target": -174.00115757941364, "params": {"k_pid_pos": [1.5168215710572295, 0.0, 0.6355482587512189], "k_pid_alt": [1.9991183066164078, 0.0, 0.0], "k_pid_att": [32.43516712331606, 0.0001, 0.23881959132569877], "k_pid_yaw": [0.5, 1e-06, 0.1], "k_pid_hsp": [0.16076683192466057, 0.0, 0.0], "k_pid_vsp": [255.94315657017702, 336.71518353462193, 1e-06]}, "datetime": {"datetime": "2025-08-20 16:59:57", "elapsed": 18451.66382241249, "delta": 15.361961603164673}, "costs": {"total_cost": 174.00115757941364, "time_cost": 70.184, "final_distance_cost": 1.8222082864760776, "oscillation_cost": 27.100686775677723, "completition_cost": 0.0, "overshoot_cost": 51.193033515647876, "power_cost": 12.213522583007814, "noise_cost": 11.487706418604176, "n_waypoints_completed": 9, "tot_waypoints": 9}}
{"target": -171.8806303797673, "params": {"k_pid_pos": [1.4476740252608267, 0.0, 0.7564304638663357], "k_pid_alt": [2.0, 0.0, 0.0], "k_pid_att": [40.33722330996397, 0.0001, 0.3254007385164816], "k_pid_yaw": [0.5, 1e-06, 0.1], "k_pid_hsp": [0.11217380381432955, 0.0, 0.0], "k_pid_vsp": [239.7480259861685, 372.411761712415, 1e-06]}, "datetime": {"datetime": "2025-08-20 17:00:12", "elapsed": 18467.386308670044, "delta": 15.7224862575531}, "costs": {"total_cost": 171.8806303797673, "time_cost": 70.608, "final_distance_cost": 1.8210021558451528, "oscillation_cost": 25.51935748968934, "completition_cost": 0.0, "overshoot_cost": 50.88947759964458, "power_cost": 11.74016756591797, "noise_cost": 11.302625568670262, "n_waypoints_completed": 9, "tot_waypoints": 9}}
{"target": -1132.259833363883, "params": {"k_pid_pos": [1.4349108346625985, 0.0, 0.8934223065031217], "k_pid_alt": [1.7061048452306973, 0.0, 0.0], "k_pid_att": [0.0, 0.0001, 0.40525711963109406], "k_pid_yaw": [0.5, 1e-06, 0.1], "k_pid_hsp": [0.12979312641024987, 0.0, 0.0], "k_pid_vsp": [301.7219822990022, 400.0, 1e-06]}, "datetime": {"datetime": "2025-08-20 17:00:35", "elapsed": 18489.787846565247, "delta": 22.401537895202637}, "costs": {"total_cost": 1132.259833363883, "time_cost": 150, "final_distance_cost": 45.769246993639335, "oscillation_cost": 0.5479297598344247, "completition_cost": 888.8888888888888, "overshoot_cost": 21.248102383801175, "power_cost": 12.835974487304687, "noise_cost": 12.969690850414816, "n_waypoints_completed": 1, "tot_waypoints": 9}}
{"target": -172.53103930297073, "params": {"k_pid_pos": [1.5494736725999345, 0.0, 0.7867456040822469], "k_pid_alt": [2.0, 0.0, 0.0], "k_pid_att": [29.48763777749968, 0.0001, 0.2178772972785462], "k_pid_yaw": [0.5, 1e-06, 0.1], "k_pid_hsp": [0.09939832967971524, 0.0, 0.0], "k_pid_vsp": [243.19249270661777, 297.49695202314143, 1e-06]}, "datetime": {"datetime": "2025-08-20 17:00:51", "elapsed": 18505.788564920425, "delta": 16.000718355178833}, "costs": {"total_cost": 172.53103930297073, "time_cost": 70.47200000000001, "final_distance_cost": 1.8056185407037382, "oscillation_cost": 25.719624910161833, "completition_cost": 0.0, "overshoot_cost": 51.28458994864101, "power_cost": 11.874330871582032, "noise_cost": 11.374875031882107, "n_waypoints_completed": 9, "tot_waypoints": 9}}
{"target": -172.10076769768636, "params": {"k_pid_pos": [1.463371080046797, 0.0, 0.756080858129955], "k_pid_alt": [2.0, 0.0, 0.0], "k_pid_att": [50.73934811952874, 0.0001, 0.3245918251208988], "k_pid_yaw": [0.5, 1e-06, 0.1], "k_pid_hsp": [0.11977444831927735, 0.0006024050954429336, 0.0], "k_pid_vsp": [246.0364331977894, 238.76193329383182, 1e-06]}, "datetime": {"datetime": "2025-08-20 17:01:06", "elapsed": 18521.211161613464, "delta": 15.42259669303894}, "costs": {"total_cost": 172.10076769768636, "time_cost": 70.648, "final_distance_cost": 1.833430969337995, "oscillation_cost": 25.618604868043423, "completition_cost": 0.0, "overshoot_cost": 50.55887238818613, "power_cost": 12.028399584960939, "noise_cost": 11.413459887157913, "n_waypoints_completed": 9, "tot_waypoints": 9}}
{"target": -171.6082663735091, "params": {"k_pid_pos": [1.483067765426913, 0.0, 0.7630880807672762], "k_pid_alt": [2.0, 0.0, 0.0], "k_pid_att": [40.91105685843623, 0.0001, 0.3808586476736407], "k_pid_yaw": [0.5, 1e-06, 0.1], "k_pid_hsp": [0.1131856916853003, 0.0, 0.0], "k_pid_vsp": [286.25126034683205, 188.25758123032543, 1e-06]}, "datetime": {"datetime": "2025-08-20 17:01:23", "elapsed": 18538.13985157013, "delta": 16.92868995666504}, "costs": {"total_cost": 171.6082663735091, "time_cost": 70.68, "final_distance_cost": 1.8224055624425397, "oscillation_cost": 25.11824894681602, "completition_cost": 0.0, "overshoot_cost": 51.03232222626832, "power_cost": 11.686906005859376, "noise_cost": 11.268383632122832, "n_waypoints_completed": 9, "tot_waypoints": 9}}
{"target": -173.5574948256825, "params": {"k_pid_pos": [1.402723858634019, 0.0, 0.8655402295718592], "k_pid_alt": [2.0, 0.0, 0.0], "k_pid_att": [56.5578412406108, 0.0001, 0.2560675665702421], "k_pid_yaw": [0.5, 1e-06, 0.1], "k_pid_hsp": [0.0955224956335387, 0.0, 0.0], "k_pid_vsp": [239.38800313333502, 342.4195635328681, 1e-06]}, "datetime": {"datetime": "2025-08-20 17:01:38", "elapsed": 18553.418088912964, "delta": 15.278237342834473}, "costs": {"total_cost": 173.5574948256825, "time_cost": 71.176, "final_distance_cost": 1.8294242051780805, "oscillation_cost": 25.401226162572573, "completition_cost": 0.0, "overshoot_cost": 51.49343368385181, "power_cost": 12.13304697265625, "noise_cost": 11.524363801423798, "n_waypoints_completed": 9, "tot_waypoints": 9}}
{"target": -173.06298831120134, "params": {"k_pid_pos": [1.52448420552587, 0.0, 0.6671197506157545], "k_pid_alt": [2.0, 0.0, 0.0], "k_pid_att": [36.41812582477053, 0.0001, 0.3126746353659291], "k_pid_yaw": [0.5, 1e-06, 0.1], "k_pid_hsp": [0.10672776289477118, 0.0, 0.0], "k_pid_vsp": [238.5305078501629, 227.3473840490586, 1e-06]}, "datetime": {"datetime": "2025-08-20 17:01:55", "elapsed": 18569.744002580643, "delta": 16.325913667678833}, "costs": {"total_cost": 173.06298831120134, "time_cost": 70.352, "final_distance_cost": 1.8126112483520116, "oscillation_cost": 25.98259614532505, "completition_cost": 0.0, "overshoot_cost": 51.86140662304636, "power_cost": 11.777680029296876, "noise_cost": 11.27669426518105, "n_waypoints_completed": 9, "tot_waypoints": 9}}
{"target": -171.7496176777956, "params": {"k_pid_pos": [1.4390389447521457, 0.0, 0.6642413321762727], "k_pid_alt": [2.0, 0.0, 0.0], "k_pid_att": [30.017628250465528, 0.0001, 0.39230065383552826], "k_pid_yaw": [0.5, 1e-06, 0.1], "k_pid_hsp": [0.0995141146397023, 0.0, 0.0], "k_pid_vsp": [229.02262948334044, 400.0, 1e-06]}, "datetime": {"datetime": "2025-08-20 17:02:10", "elapsed": 18585.392310142517, "delta": 15.64830756187439}, "costs": {"total_cost": 171.7496176777956, "time_cost": 70.392, "final_distance_cost": 1.825586796792716, "oscillation_cost": 25.684876820591818, "completition_cost": 0.0, "overshoot_cost": 50.97341254901197, "power_cost": 11.677406970214845, "noise_cost": 11.19633454118428, "n_waypoints_completed": 9, "tot_waypoints": 9}}
{"target": -171.83040276025548, "params": {"k_pid_pos": [1.2987226327831682, 0.0, 0.6261422773460245], "k_pid_alt": [2.0, 0.0, 0.0], "k_pid_att": [42.87724293445119, 0.0001, 0.38660053923730653], "k_pid_yaw": [0.5, 1e-06, 0.1], "k_pid_hsp": [0.09345522968294404, 0.0, 0.0], "k_pid_vsp": [281.5960793205536, 400.0, 1e-06]}, "datetime": {"datetime": "2025-08-20 17:02:26", "elapsed": 18600.9595618248, "delta": 15.567251682281494}, "costs": {"total_cost": 171.83040276025548, "time_cost": 70.664, "final_distance_cost": 1.8266218392587992, "oscillation_cost": 24.994314591655304, "completition_cost": 0.0, "overshoot_cost": 50.92887875044754, "power_cost": 12.007744580078125, "noise_cost": 11.4088429988157, "n_waypoints_completed": 9, "tot_waypoints": 9}}
{"target": -172.23490730119147, "params": {"k_pid_pos": [1.4949162580208664, 0.0, 0.7115608664136546], "k_pid_alt": [2.0, 0.0, 0.0], "k_pid_att": [46.15986842835651, 0.0001, 0.31906592124705313], "k_pid_yaw": [0.5, 1e-06, 0.1], "k_pid_hsp": [0.10415565833498625, 0.0, 0.0], "k_pid_vsp": [241.9481070719625, 400.0, 1e-06]}, "datetime": {"datetime": "2025-08-20 17:02:42", "elapsed": 18616.810735940933, "delta": 15.851174116134644}, "costs": {"total_cost": 172.23490730119147, "time_cost": 70.424, "final_distance_cost": 1.8086580006475046, "oscillation_cost": 25.917813038803217, "completition_cost": 0.0, "overshoot_cost": 51.221841446382314, "power_cost": 11.668050939941407, "noise_cost": 11.194543875417027, "n_waypoints_completed": 9, "tot_waypoints": 9}}
{"target": -172.34140548110045, "params": {"k_pid_pos": [1.4288219782413967, 0.0, 0.8442710861309078], "k_pid_alt": [2.0, 0.0, 0.0], "k_pid_att": [30.398003055981995, 0.0001, 0.39369512885652747], "k_pid_yaw": [0.5, 1e-06, 0.1], "k_pid_hsp": [0.11492555355956766, 0.0, 0.0], "k_pid_vsp": [238.42102729529083, 312.4595059508489, 1e-06]}, "datetime": {"datetime": "2025-08-20 17:02:58", "elapsed": 18632.929293870926, "delta": 16.118557929992676}, "costs": {"total_cost": 172.34140548110045, "time_cost": 70.944, "final_distance_cost": 1.8251238900311846, "oscillation_cost": 24.991450898570534, "completition_cost": 0.0, "overshoot_cost": 51.227545402146575, "power_cost": 11.903067407226564, "noise_cost": 11.450217883125596, "n_waypoints_completed": 9, "tot_waypoints": 9}}
{"target": -172.55796851440138, "params": {"k_pid_pos": [1.3580454351443105, 0.0, 0.6052829063518261], "k_pid_alt": [1.8194227618811711, 0.0, 0.0], "k_pid_att": [43.74920549430387, 0.0001, 0.38319389538333504], "k_pid_yaw": [0.5, 1e-06, 0.1], "k_pid_hsp": [0.10040922175918043, 0.0, 0.0], "k_pid_vsp": [209.59679694549345, 295.5588696643281, 1e-06]}, "datetime": {"datetime": "2025-08-20 17:03:13", "elapsed": 18648.54542517662, "delta": 15.61613130569458}, "costs": {"total_cost": 172.55796851440138, "time_cost": 70.224, "final_distance_cost": 1.8076546879778737, "oscillation_cost": 25.88398245207642, "completition_cost": 0.0, "overshoot_cost": 51.38616786621235, "power_cost": 11.946032836914062, "noise_cost": 11.310130671220657, "n_waypoints_completed": 9, "tot_waypoints": 9}}
{"target": -1206.2189147241106, "params": {"k_pid_pos": [1.396033235777852, 0.0, 0.6596040077691487], "k_pid_alt": [1.9553648511580333, 0.0, 0.0], "k_pid_att": [33.18293554422637, 0.0001, 0.0], "k_pid_yaw": [0.5, 1e-06, 0.1], "k_pid_hsp": [0.0001, 0.0, 0.0], "k_pid_vsp": [239.08951524715658, 273.7960622687401, 1e-06]}, "datetime": {"datetime": "2025-08-20 17:03:37", "elapsed": 18671.62987804413, "delta": 23.084452867507935}, "costs": {"total_cost": 1206.2189147241106, "time_cost": 150, "final_distance_cost": 46.584526263721635, "oscillation_cost": 11.934392360347742, "completition_cost": 888.8888888888888, "overshoot_cost": 83.03529618985371, "power_cost": 12.82950115966797, "noise_cost": 12.946309861630775, "n_waypoints_completed": 1, "tot_waypoints": 9}}
{"target": -172.35381793826377, "params": {"k_pid_pos": [1.5164199657788642, 0.0, 0.5903726799430543], "k_pid_alt": [2.0, 0.0, 0.0], "k_pid_att": [42.222568733272055, 0.0001, 0.37757395484689016], "k_pid_yaw": [0.5, 1e-06, 0.1], "k_pid_hsp": [0.11904655212634636, 0.0, 0.0], "k_pid_vsp": [257.5991542161414, 249.71554682073554, 1e-06]}, "datetime": {"datetime": "2025-08-20 17:03:52", "elapsed": 18687.547136306763, "delta": 15.917258262634277}, "costs": {"total_cost": 172.35381793826377, "time_cost": 70.184, "final_distance_cost": 1.8118977669473577, "oscillation_cost": 26.652946006277606, "completition_cost": 0.0, "overshoot_cost": 50.718565857979414, "power_cost": 11.732372106933594, "noise_cost": 11.25403620012581, "n_waypoints_completed": 9, "tot_waypoints": 9}}
{"target": -171.93142538440418, "params": {"k_pid_pos": [1.3985303183499076, 0.0, 0.6424262841601598], "k_pid_alt": [2.0, 0.0, 0.0], "k_pid_att": [46.422609569302075, 0.0001, 0.3776516001316216], "k_pid_yaw": [0.5, 1e-06, 0.1], "k_pid_hsp": [0.10057329870313678, 0.0, 0.0], "k_pid_vsp": [241.28586532652758, 353.47975856528626, 1e-06]}, "datetime": {"datetime": "2025-08-20 17:04:08", "elapsed": 18703.131103515625, "delta": 15.583967208862305}, "costs": {"total_cost": 171.93142538440418, "time_cost": 70.44, "final_distance_cost": 1.8062748862991826, "oscillation_cost": 25.57084086424514, "completition_cost": 0.0, "overshoot_cost": 51.20325244547097, "power_cost": 11.681984423828126, "noise_cost": 11.229072764560787, "n_waypoints_completed": 9, "tot_waypoints": 9}}
{"target": -173.18759377676042, "params": {"k_pid_pos": [1.2736930611649668, 0.0037574849027038667, 0.4202721313716673], "k_pid_alt": [2.0, 0.0, 0.0], "k_pid_att": [50.23905712827399, 0.0001, 0.339320531789148], "k_pid_yaw": [0.5, 1e-06, 0.1], "k_pid_hsp": [0.10305159228109549, 0.0, 0.0], "k_pid_vsp": [241.23855954172254, 362.90298952564774, 1e-06]}, "datetime": {"datetime": "2025-08-20 17:04:25", "elapsed": 18720.165382385254, "delta": 17.034278869628906}, "costs": {"total_cost": 173.18759377676042, "time_cost": 70.24, "final_distance_cost": 1.7976966873352325, "oscillation_cost": 26.384542532453064, "completition_cost": 0.0, "overshoot_cost": 51.436524536042015, "power_cost": 12.094146276855469, "noise_cost": 11.234683744074644, "n_waypoints_completed": 9, "tot_waypoints": 9}}
{"target": -182.4806904328473, "params": {"k_pid_pos": [1.3910191941072605, 0.0, 0.6734624698283901], "k_pid_alt": [1.947378631156334, 0.0, 0.0], "k_pid_att": [25.90053197834947, 0.0001, 0.33413903142925094], "k_pid_yaw": [0.5, 1e-06, 0.1], "k_pid_hsp": [0.04075894091443877, 0.0, 0.0], "k_pid_vsp": [259.8743401926111, 355.2228985462577, 1e-06]}, "datetime": {"datetime": "2025-08-20 17:04:43", "elapsed": 18737.941199541092, "delta": 17.775817155838013}, "costs": {"total_cost": 182.4806904328473, "time_cost": 78.60000000000001, "final_distance_cost": 1.763287079800681, "oscillation_cost": 19.646316333747027, "completition_cost": 0.0, "overshoot_cost": 56.756676185394376, "power_cost": 12.947831860351563, "noise_cost": 12.766578973553656, "n_waypoints_completed": 9, "tot_waypoints": 9}}
