{"target": -172.48633453198383, "params": {"k_pid_pos": [1.3453001551141406, 0.0, 0.7917725766537989], "k_pid_alt": [1.999847258529734, 0.0, 0.0], "k_pid_att": [23.837287471785395, 0.0001, 0.2928928450614209], "k_pid_yaw": [0.5, 1e-06, 0.1], "k_pid_hsp": [0.09889090985468421, 2.1159202677780048e-05, 0.0], "k_pid_vsp": [247.0366368522334, 376.9768018866556, 1e-06]}, "datetime": {"datetime": "2025-08-20 20:21:14", "elapsed": 30529.511751651764, "delta": 17.044625997543335}, "costs": {"total_cost": 172.48633453198383, "time_cost": 71.0, "final_distance_cost": 1.8344388544402752, "oscillation_cost": 24.782983789188204, "completition_cost": 0.0, "overshoot_cost": 51.35343319288515, "power_cost": 12.053064697265626, "noise_cost": 11.462413998204557, "n_waypoints_completed": 9, "tot_waypoints": 9}}
{"target": -171.6659457722142, "params": {"k_pid_pos": [1.2683631717904222, 0.0, 0.6215288008188798], "k_pid_alt": [1.9998948029297914, 0.0, 0.0], "k_pid_att": [23.172422407866442, 0.0001, 0.3358397083222564], "k_pid_yaw": [0.5, 1e-06, 0.1], "k_pid_hsp": [0.09380937517517425, 0.00010306404915481869, 0.0], "k_pid_vsp": [253.0457095145617, 396.2397266516826, 1e-06]}, "datetime": {"datetime": "2025-08-20 20:21:30", "elapsed": 30545.492813825607, "delta": 15.981062173843384}, "costs": {"total_cost": 171.6659457722142, "time_cost": 70.68, "final_distance_cost": 1.8236182896293165, "oscillation_cost": 24.876965030247014, "completition_cost": 0.0, "overshoot_cost": 50.888741619871375, "power_cost": 12.01803934326172, "noise_cost": 11.37858148920477, "n_waypoints_completed": 9, "tot_waypoints": 9}}
{"target": -173.54913406272448, "params": {"k_pid_pos": [1.1988646321347298, 0.0, 0.7913568688662749], "k_pid_alt": [1.9750051768275572, 0.0, 0.0], "k_pid_att": [24.79513374395699, 0.0001, 0.321170022972355], "k_pid_yaw": [0.5, 1e-06, 0.1], "k_pid_hsp": [0.12900392325080903, 5.0861153140396224e-05, 0.0], "k_pid_vsp": [238.2229783108577, 385.3729169706777, 1e-06]}, "datetime": {"datetime": "2025-08-20 20:21:50", "elapsed": 30565.230721473694, "delta": 19.737907648086548}, "costs": {"total_cost": 173.54913406272448, "time_cost": 72.072, "final_distance_cost": 1.8362025210299755, "oscillation_cost": 24.92704227747456, "completition_cost": 0.0, "overshoot_cost": 50.74721105477571, "power_cost": 12.206365075683594, "noise_cost": 11.760313133760643, "n_waypoints_completed": 9, "tot_waypoints": 9}}
{"target": -173.45832971541893, "params": {"k_pid_pos": [1.5757988459322714, 0.0, 0.6768459431498647], "k_pid_alt": [1.9999367988080745, 0.0, 0.0], "k_pid_att": [33.90717518767764, 0.0001, 0.32025798247299886], "k_pid_yaw": [0.5, 1e-06, 0.1], "k_pid_hsp": [0.15742771385523466, 7.625124477455101e-05, 0.0], "k_pid_vsp": [250.44074744690948, 396.1448853489281, 1e-06]}, "datetime": {"datetime": "2025-08-20 20:22:16", "elapsed": 30590.813900709152, "delta": 25.583179235458374}, "costs": {"total_cost": 173.45832971541893, "time_cost": 70.168, "final_distance_cost": 1.8271790504332353, "oscillation_cost": 27.21599541494568, "completition_cost": 0.0, "overshoot_cost": 51.18185378246425, "power_cost": 11.798383679199219, "noise_cost": 11.266917788376528, "n_waypoints_completed": 9, "tot_waypoints": 9}}
{"target": -172.79261660159597, "params": {"k_pid_pos": [1.2912673818376468, 0.0, 0.8534496791579793], "k_pid_alt": [1.9998802178452169, 0.0, 0.0], "k_pid_att": [30.421206234826336, 0.0001, 0.572614554393982], "k_pid_yaw": [0.5, 1e-06, 0.1], "k_pid_hsp": [0.10721553899785426, 0.0008870237737077716, 0.0], "k_pid_vsp": [252.04020827090932, 305.0724995198637, 1e-06]}, "datetime": {"datetime": "2025-08-20 20:22:36", "elapsed": 30611.144822597504, "delta": 20.33092188835144}, "costs": {"total_cost": 172.79261660159597, "time_cost": 71.536, "final_distance_cost": 1.844581989958131, "oscillation_cost": 24.44598127109843, "completition_cost": 0.0, "overshoot_cost": 51.11489583224621, "power_cost": 12.144660107421876, "noise_cost": 11.706497400871314, "n_waypoints_completed": 9, "tot_waypoints": 9}}
{"target": -172.38927839968864, "params": {"k_pid_pos": [1.3220169889919318, 0.0, 0.5821691225804753], "k_pid_alt": [1.9999316288998865, 0.0, 0.0], "k_pid_att": [26.00125440633193, 0.0001, 0.3196984038833858], "k_pid_yaw": [0.5, 1e-06, 0.1], "k_pid_hsp": [0.10023326719522599, 4.340336434250395e-05, 0.0], "k_pid_vsp": [245.96060859396852, 400.0, 1e-06]}, "datetime": {"datetime": "2025-08-20 20:22:53", "elapsed": 30627.998886823654, "delta": 16.854064226150513}, "costs": {"total_cost": 172.38927839968864, "time_cost": 70.456, "final_distance_cost": 1.8283152799098263, "oscillation_cost": 25.541836629848135, "completition_cost": 0.0, "overshoot_cost": 51.315851115672125, "power_cost": 11.894877856445314, "noise_cost": 11.35239751781325, "n_waypoints_completed": 9, "tot_waypoints": 9}}
{"target": -175.17086292656748, "params": {"k_pid_pos": [1.5369543341622447, 0.0, 0.6504425246575101], "k_pid_alt": [1.999997212881269, 0.0, 0.0], "k_pid_att": [30.28067972822867, 0.0001, 0.06709782349228072], "k_pid_yaw": [0.5, 1e-06, 0.1], "k_pid_hsp": [0.113832536538147, 4.12331097737709e-06, 0.0], "k_pid_vsp": [257.35649963429717, 298.19534796432436, 1e-06]}, "datetime": {"datetime": "2025-08-20 20:23:08", "elapsed": 30643.34025502205, "delta": 15.341368198394775}, "costs": {"total_cost": 175.17086292656748, "time_cost": 70.21600000000001, "final_distance_cost": 1.8077827490267635, "oscillation_cost": 28.996877344369157, "completition_cost": 0.0, "overshoot_cost": 50.78364996195987, "power_cost": 12.054729296875001, "noise_cost": 11.31182357433669, "n_waypoints_completed": 9, "tot_waypoints": 9}}
{"target": -173.90306139571652, "params": {"k_pid_pos": [1.3476686146264254, 0.0, 0.44371798180649913], "k_pid_alt": [1.999744076213949, 0.0, 0.0], "k_pid_att": [28.059903287501015, 0.0001, 0.23275556583534918], "k_pid_yaw": [0.5, 1e-06, 0.1], "k_pid_hsp": [0.06842170237838409, 0.0, 0.0], "k_pid_vsp": [253.40930052234955, 399.625001298584, 1e-06]}, "datetime": {"datetime": "2025-08-20 20:23:25", "elapsed": 30659.94921851158, "delta": 16.60896348953247}, "costs": {"total_cost": 173.90306139571652, "time_cost": 71.056, "final_distance_cost": 1.778911510624899, "oscillation_cost": 25.50733737248191, "completition_cost": 0.0, "overshoot_cost": 51.89314982245082, "power_cost": 12.228054467773438, "noise_cost": 11.439608222385447, "n_waypoints_completed": 9, "tot_waypoints": 9}}
{"target": -173.2371407524317, "params": {"k_pid_pos": [1.418502428325548, 0.0, 0.36948955947690687], "k_pid_alt": [2.0, 0.0, 0.0], "k_pid_att": [36.94670336856136, 0.0001, 0.3833682238399189], "k_pid_yaw": [0.5, 1e-06, 0.1], "k_pid_hsp": [0.08033214939731406, 5.481497578172374e-05, 0.0], "k_pid_vsp": [297.29244810959636, 400.0, 1e-06]}, "datetime": {"datetime": "2025-08-20 20:23:40", "elapsed": 30674.86723923683, "delta": 14.918020725250244}, "costs": {"total_cost": 173.2371407524317, "time_cost": 70.336, "final_distance_cost": 1.8003981994769063, "oscillation_cost": 26.842846065169063, "completition_cost": 0.0, "overshoot_cost": 51.23074218073215, "power_cost": 11.795043237304688, "noise_cost": 11.232111069748925, "n_waypoints_completed": 9, "tot_waypoints": 9}}
{"target": -172.59109929744045, "params": {"k_pid_pos": [1.2831905222400843, 0.0, 0.6324871328037827], "k_pid_alt": [1.99987584370936, 0.0, 0.0], "k_pid_att": [40.459320382568315, 0.0001, 0.3504367038890057], "k_pid_yaw": [0.5, 1e-06, 0.1], "k_pid_hsp": [0.07921807434029893, 0.0, 0.0], "k_pid_vsp": [242.46612298080558, 363.1317813198096, 1e-06]}, "datetime": {"datetime": "2025-08-20 20:23:57", "elapsed": 30692.020344018936, "delta": 17.153104782104492}, "costs": {"total_cost": 172.59109929744045, "time_cost": 70.912, "final_distance_cost": 1.8235653330481698, "oscillation_cost": 24.835870339585956, "completition_cost": 0.0, "overshoot_cost": 51.97745581174739, "power_cost": 11.760178149414063, "noise_cost": 11.282029663644892, "n_waypoints_completed": 9, "tot_waypoints": 9}}
{"target": -172.80622311872133, "params": {"k_pid_pos": [1.3246410637166879, 0.0, 0.837842233568824], "k_pid_alt": [2.0, 0.0, 0.0], "k_pid_att": [20.481811435941896, 0.0001, 0.25474655879080915], "k_pid_yaw": [0.5, 1e-06, 0.1], "k_pid_hsp": [0.09100383208938284, 3.8717214892113905e-05, 0.0], "k_pid_vsp": [250.6808233758862, 269.6877691233721, 1e-06]}, "datetime": {"datetime": "2025-08-20 20:24:13", "elapsed": 30708.444597005844, "delta": 16.42425298690796}, "costs": {"total_cost": 172.80622311872133, "time_cost": 71.312, "final_distance_cost": 1.8170767257122322, "oscillation_cost": 24.505867792908003, "completition_cost": 0.0, "overshoot_cost": 51.39675874187172, "power_cost": 12.187888867187501, "noise_cost": 11.586630991041892, "n_waypoints_completed": 9, "tot_waypoints": 9}}
{"target": -171.69816684879595, "params": {"k_pid_pos": [1.2972103795220165, 0.0, 0.6206529504823195], "k_pid_alt": [1.9998846565960104, 0.0, 0.0], "k_pid_att": [26.137407296669842, 0.0001, 0.32007281449046454], "k_pid_yaw": [0.5, 1e-06, 0.1], "k_pid_hsp": [0.08968260022755199, 5.734628780627101e-05, 0.0], "k_pid_vsp": [249.6301132686119, 395.2749866636667, 1e-06]}, "datetime": {"datetime": "2025-08-20 20:24:30", "elapsed": 30724.93751835823, "delta": 16.492921352386475}, "costs": {"total_cost": 171.69816684879595, "time_cost": 70.664, "final_distance_cost": 1.8156466396449957, "oscillation_cost": 25.089099499933557, "completition_cost": 0.0, "overshoot_cost": 51.0051094945857, "power_cost": 11.808367626953126, "noise_cost": 11.31594358767855, "n_waypoints_completed": 9, "tot_waypoints": 9}}
{"target": -174.28913374960624, "params": {"k_pid_pos": [1.3092656052409348, 0.0, 0.8122656468308891], "k_pid_alt": [2.0, 0.0, 0.0], "k_pid_att": [31.29443074054212, 0.0001, 0.31704744243481625], "k_pid_yaw": [0.5, 1e-06, 0.1], "k_pid_hsp": [0.056386672589024966, 9.866083269187034e-05, 0.0], "k_pid_vsp": [251.75181250479582, 340.1753047442129, 1e-06]}, "datetime": {"datetime": "2025-08-20 20:24:48", "elapsed": 30743.30488038063, "delta": 18.367362022399902}, "costs": {"total_cost": 174.28913374960624, "time_cost": 72.632, "final_distance_cost": 1.8058093051441289, "oscillation_cost": 22.378623192735226, "completition_cost": 0.0, "overshoot_cost": 53.6265886722288, "power_cost": 12.162520336914064, "noise_cost": 11.683592242584, "n_waypoints_completed": 9, "tot_waypoints": 9}}
{"target": -172.89543848653364, "params": {"k_pid_pos": [1.3208779681386646, 0.0, 0.7263664880115288], "k_pid_alt": [1.9999542371765355, 0.0, 0.0], "k_pid_att": [22.517194933091787, 0.0001, 0.33175539470271354], "k_pid_yaw": [0.5, 1e-06, 0.1], "k_pid_hsp": [0.09557168233638214, 6.597893249735755e-05, 0.0], "k_pid_vsp": [272.5165774775909, 400.0, 1e-06]}, "datetime": {"datetime": "2025-08-20 20:25:05", "elapsed": 30759.699895381927, "delta": 16.395015001296997}, "costs": {"total_cost": 172.89543848653364, "time_cost": 70.84, "final_distance_cost": 1.8251665099402525, "oscillation_cost": 25.080537235877493, "completition_cost": 0.0, "overshoot_cost": 51.55961911471464, "power_cost": 12.03472625732422, "noise_cost": 11.555389368677016, "n_waypoints_completed": 9, "tot_waypoints": 9}}
{"target": -172.54061859588563, "params": {"k_pid_pos": [1.3795452348761452, 0.0, 0.6283438855870532], "k_pid_alt": [1.999991688153693, 0.0, 0.0], "k_pid_att": [23.77529228241506, 0.0001, 0.28605825269380736], "k_pid_yaw": [0.5, 1e-06, 0.1], "k_pid_hsp": [0.08834864662092558, 0.00013004637804276033, 0.0], "k_pid_vsp": [231.425552324189, 377.09059582278684, 1e-06]}, "datetime": {"datetime": "2025-08-20 20:25:21", "elapsed": 30776.297010183334, "delta": 16.59711480140686}, "costs": {"total_cost": 172.54061859588563, "time_cost": 70.48, "final_distance_cost": 1.792562952585858, "oscillation_cost": 25.601454283760262, "completition_cost": 0.0, "overshoot_cost": 51.33487708652584, "power_cost": 11.989075903320312, "noise_cost": 11.342648369693334, "n_waypoints_completed": 9, "tot_waypoints": 9}}
{"target": -171.6605199420916, "params": {"k_pid_pos": [1.320321244104867, 0.0, 0.6338648613764266], "k_pid_alt": [1.9998658542058594, 0.0, 0.0], "k_pid_att": [27.96967826705834, 0.0001, 0.3357827404074565], "k_pid_yaw": [0.5, 1e-06, 0.1], "k_pid_hsp": [0.10884626443813507, 6.577322212572382e-05, 0.0], "k_pid_vsp": [247.23201405062477, 369.10878409517755, 1e-06]}, "datetime": {"datetime": "2025-08-20 20:25:36", "elapsed": 30791.491550207138, "delta": 15.194540023803711}, "costs": {"total_cost": 171.6605199420916, "time_cost": 70.616, "final_distance_cost": 1.8190321968510765, "oscillation_cost": 25.35869194052058, "completition_cost": 0.0, "overshoot_cost": 50.802461053197796, "power_cost": 11.784789282226564, "noise_cost": 11.279545469295597, "n_waypoints_completed": 9, "tot_waypoints": 9}}
{"target": -171.67136102964932, "params": {"k_pid_pos": [1.2835465287363557, 0.0, 0.5531213346068998], "k_pid_alt": [1.9998890207385625, 0.0, 0.0], "k_pid_att": [24.213454109505385, 0.0001, 0.29808734475133486], "k_pid_yaw": [0.5, 1e-06, 0.1], "k_pid_hsp": [0.0958529216628605, 5.49549803944406e-05, 0.0], "k_pid_vsp": [255.78961497091595, 396.53209475661043, 1e-06]}, "datetime": {"datetime": "2025-08-20 20:25:53", "elapsed": 30808.247284650803, "delta": 16.75573444366455}, "costs": {"total_cost": 171.67136102964932, "time_cost": 70.48, "final_distance_cost": 1.8225726901755865, "oscillation_cost": 25.408947472449672, "completition_cost": 0.0, "overshoot_cost": 51.054927739359904, "power_cost": 11.673447180175781, "noise_cost": 11.23146594748837, "n_waypoints_completed": 9, "tot_waypoints": 9}}
{"target": -171.99420407797783, "params": {"k_pid_pos": [1.3729394500623424, 0.0, 0.5211546390120971], "k_pid_alt": [2.0, 0.0, 0.0], "k_pid_att": [29.371655579540075, 0.0001, 0.33547238067951146], "k_pid_yaw": [0.5, 1e-06, 0.1], "k_pid_hsp": [0.11252432401851437, 2.5513717082350355e-05, 0.0], "k_pid_vsp": [290.50245699728686, 385.4722919194895, 1e-06]}, "datetime": {"datetime": "2025-08-20 20:26:08", "elapsed": 30823.525596141815, "delta": 15.278311491012573}, "costs": {"total_cost": 171.99420407797783, "time_cost": 70.176, "final_distance_cost": 1.8035110043582345, "oscillation_cost": 26.1203003259106, "completition_cost": 0.0, "overshoot_cost": 50.97827081001495, "power_cost": 11.71517078857422, "noise_cost": 11.200951149119803, "n_waypoints_completed": 9, "tot_waypoints": 9}}
{"target": -171.66476111010516, "params": {"k_pid_pos": [1.2875995879493491, 0.0, 0.5815220750672577], "k_pid_alt": [2.0, 0.0, 0.0], "k_pid_att": [26.08010427848813, 0.0001, 0.314655862999783], "k_pid_yaw": [0.5, 1e-06, 0.1], "k_pid_hsp": [0.09281104766647724, 5.974668322321222e-05, 0.0], "k_pid_vsp": [248.7399548036545, 400.0, 1e-06]}, "datetime": {"datetime": "2025-08-20 20:26:26", "elapsed": 30841.307304382324, "delta": 17.781708240509033}, "costs": {"total_cost": 171.66476111010516, "time_cost": 70.552, "final_distance_cost": 1.812310560561272, "oscillation_cost": 25.415434107829196, "completition_cost": 0.0, "overshoot_cost": 51.28162530439762, "power_cost": 11.515212109375, "noise_cost": 11.088179027942054, "n_waypoints_completed": 9, "tot_waypoints": 9}}
{"target": -172.50104123206023, "params": {"k_pid_pos": [1.3353360365268978, 0.0, 0.7307935173791582], "k_pid_alt": [1.999998691904383, 0.0, 0.0], "k_pid_att": [29.2710880915794, 0.0001, 0.31543602410487115], "k_pid_yaw": [0.5, 1e-06, 0.1], "k_pid_hsp": [0.09833712720421167, 0.00021147383136006263, 0.0], "k_pid_vsp": [272.41680686172714, 394.6707204734341, 1e-06]}, "datetime": {"datetime": "2025-08-20 20:26:41", "elapsed": 30856.39699268341, "delta": 15.089688301086426}, "costs": {"total_cost": 172.50104123206023, "time_cost": 70.816, "final_distance_cost": 1.8250779630704759, "oscillation_cost": 25.128083945019352, "completition_cost": 0.0, "overshoot_cost": 51.310437278740245, "power_cost": 11.990559643554688, "noise_cost": 11.430882401675472, "n_waypoints_completed": 9, "tot_waypoints": 9}}
{"target": -171.20031116061304, "params": {"k_pid_pos": [1.3336432150563104, 0.0, 0.6162292903985953], "k_pid_alt": [1.99988691117891, 0.0, 0.0], "k_pid_att": [29.120153636650308, 0.0001, 0.407388391770409], "k_pid_yaw": [0.5, 1e-06, 0.1], "k_pid_hsp": [0.09329064454828054, 9.378682758794641e-06, 0.0], "k_pid_vsp": [250.16254828978435, 392.4060528459539, 1e-06]}, "datetime": {"datetime": "2025-08-20 20:26:58", "elapsed": 30873.018800973892, "delta": 16.621808290481567}, "costs": {"total_cost": 171.20031116061304, "time_cost": 70.536, "final_distance_cost": 1.8063811724402112, "oscillation_cost": 25.383071462723635, "completition_cost": 0.0, "overshoot_cost": 51.15657606579799, "power_cost": 11.313183227539064, "noise_cost": 11.005099232112146, "n_waypoints_completed": 9, "tot_waypoints": 9}}
{"target": -174.2986987961384, "params": {"k_pid_pos": [1.3680411644233397, 0.0, 0.6509721258686008], "k_pid_alt": [1.9998156453475124, 0.0, 0.0], "k_pid_att": [25.589202332460793, 0.0001, 0.3434159024750632], "k_pid_yaw": [0.5, 1e-06, 0.1], "k_pid_hsp": [0.060729707089071175, 8.17195073257552e-05, 0.0], "k_pid_vsp": [249.57662583786512, 361.0016239648368, 1e-06]}, "datetime": {"datetime": "2025-08-20 20:27:13", "elapsed": 30888.48875617981, "delta": 15.469955205917358}, "costs": {"total_cost": 174.2986987961384, "time_cost": 71.792, "final_distance_cost": 1.8091455834074348, "oscillation_cost": 23.932564531360438, "completition_cost": 0.0, "overshoot_cost": 52.74331251478475, "power_cost": 12.289617785644532, "noise_cost": 11.73205838094125, "n_waypoints_completed": 9, "tot_waypoints": 9}}
{"target": -171.89424031543368, "params": {"k_pid_pos": [1.3722102403755194, 0.0, 0.7787417707169901], "k_pid_alt": [1.999888188496802, 0.0, 0.0], "k_pid_att": [27.623921239161188, 0.0001, 0.2709100849827435], "k_pid_yaw": [0.5, 1e-06, 0.1], "k_pid_hsp": [0.11022962741861256, 0.0003860902151006264, 0.0], "k_pid_vsp": [247.29246590740266, 392.0328017952236, 1e-06]}, "datetime": {"datetime": "2025-08-20 20:27:31", "elapsed": 30905.87699842453, "delta": 17.38824224472046}, "costs": {"total_cost": 171.89424031543368, "time_cost": 70.824, "final_distance_cost": 1.8378971862925477, "oscillation_cost": 25.11906192262792, "completition_cost": 0.0, "overshoot_cost": 50.841180416701626, "power_cost": 11.79393779296875, "noise_cost": 11.478162996842816, "n_waypoints_completed": 9, "tot_waypoints": 9}}
{"target": -171.88267704097117, "params": {"k_pid_pos": [1.4148152603439081, 0.0, 0.8154431992095887], "k_pid_alt": [1.9998219130031976, 0.0, 0.0], "k_pid_att": [31.31155892072513, 0.0001, 0.3088258535156392], "k_pid_yaw": [0.5, 1e-06, 0.1], "k_pid_hsp": [0.11261341249167987, 4.465346227279945e-05, 0.0], "k_pid_vsp": [247.35510295730964, 379.75296444336254, 1e-06]}, "datetime": {"datetime": "2025-08-20 20:27:46", "elapsed": 30921.25028681755, "delta": 15.37328839302063}, "costs": {"total_cost": 171.88267704097117, "time_cost": 70.864, "final_distance_cost": 1.826422039579119, "oscillation_cost": 25.12835200589022, "completition_cost": 0.0, "overshoot_cost": 50.88422440699309, "power_cost": 11.805830615234376, "noise_cost": 11.373847973274367, "n_waypoints_completed": 9, "tot_waypoints": 9}}
{"target": -172.49555076956685, "params": {"k_pid_pos": [1.2930131229896347, 0.0, 0.557470368991368], "k_pid_alt": [1.999907487326495, 0.0, 0.0], "k_pid_att": [26.022412018689614, 0.0001, 0.26567909202643636], "k_pid_yaw": [0.5, 1e-06, 0.1], "k_pid_hsp": [0.11029396670057626, 7.468428178973097e-05, 0.0], "k_pid_vsp": [228.9442223012631, 400.0, 1e-06]}, "datetime": {"datetime": "2025-08-20 20:28:03", "elapsed": 30937.955410957336, "delta": 16.705124139785767}, "costs": {"total_cost": 172.49555076956685, "time_cost": 70.464, "final_distance_cost": 1.8078340977002298, "oscillation_cost": 25.74471453946435, "completition_cost": 0.0, "overshoot_cost": 50.95958060754196, "power_cost": 12.078140698242189, "noise_cost": 11.441280826618105, "n_waypoints_completed": 9, "tot_waypoints": 9}}
{"target": -172.02309418569394, "params": {"k_pid_pos": [1.3926649044332657, 0.0, 0.7652771785696376], "k_pid_alt": [1.999864734219809, 0.0, 0.0], "k_pid_att": [21.605396216197228, 0.0001, 0.3348801134686618], "k_pid_yaw": [0.5, 1e-06, 0.1], "k_pid_hsp": [0.10519195581295072, 4.007111651486109e-05, 0.0], "k_pid_vsp": [226.74833269937267, 375.1380822098007, 1e-06]}, "datetime": {"datetime": "2025-08-20 20:28:20", "elapsed": 30954.989701271057, "delta": 17.034290313720703}, "costs": {"total_cost": 172.02309418569394, "time_cost": 70.768, "final_distance_cost": 1.8372831446617, "oscillation_cost": 24.963882928787925, "completition_cost": 0.0, "overshoot_cost": 50.791066314052316, "power_cost": 12.228188989257813, "noise_cost": 11.43467280893421, "n_waypoints_completed": 9, "tot_waypoints": 9}}
{"target": -172.26062702778518, "params": {"k_pid_pos": [1.3903846548252021, 0.0, 0.6477377501584616], "k_pid_alt": [1.9999138445415405, 0.0, 0.0], "k_pid_att": [24.650258065666883, 0.0001, 0.30864689995898603], "k_pid_yaw": [0.5, 1e-06, 0.1], "k_pid_hsp": [0.09101181348865811, 7.081385780757659e-05, 0.0], "k_pid_vsp": [266.67295691209404, 393.1614114914302, 1e-06]}, "datetime": {"datetime": "2025-08-20 20:28:35", "elapsed": 30970.28289628029, "delta": 15.293195009231567}, "costs": {"total_cost": 172.26062702778518, "time_cost": 70.47200000000001, "final_distance_cost": 1.799615296195887, "oscillation_cost": 25.681337009764487, "completition_cost": 0.0, "overshoot_cost": 51.65820671605356, "power_cost": 11.546836389160157, "noise_cost": 11.102631616611093, "n_waypoints_completed": 9, "tot_waypoints": 9}}
