{"target": -176.44227492072403, "params": {"k_pid_pos": [2.0, 0.0, 1.0], "k_pid_alt": [1.16777216826033, 0.0, 0.0], "k_pid_att": [26.262803285769948, 0.0001, 0.29051160492390987], "k_pid_yaw": [0.5, 1e-06, 0.1], "k_pid_hsp": [0.3125545409741931, 0.0, 0.0], "k_pid_vsp": [297.83294514048634, 371.00996075703245, 1e-06]}, "datetime": {"datetime": "2025-08-20 13:51:42", "elapsed": 7157.292125225067, "delta": 16.23738932609558}, "costs": {"total_cost": 176.44227492072403, "time_cost": 69.856, "final_distance_cost": 1.847368425915851, "oscillation_cost": 30.25854354178435, "completition_cost": 0.0, "overshoot_cost": 50.130823519818904, "power_cost": 12.703384497070314, "noise_cost": 11.646154936134621, "n_waypoints_completed": 9, "tot_waypoints": 9}}
{"target": -175.9737300366357, "params": {"k_pid_pos": [2.0, 0.04686046775794123, 0.6466694939854433], "k_pid_alt": [1.124782397711045, 0.0, 0.0], "k_pid_att": [30.31859307961747, 0.0001, 0.40166150686185925], "k_pid_yaw": [0.5, 1e-06, 0.1], "k_pid_hsp": [0.09786153678175086, 0.0, 0.0], "k_pid_vsp": [328.4788451892973, 270.7246696382043, 1e-06]}, "datetime": {"datetime": "2025-08-20 13:51:59", "elapsed": 7174.163768291473, "delta": 16.87164306640625}, "costs": {"total_cost": 175.9737300366357, "time_cost": 70.296, "final_distance_cost": 1.7859710868829362, "oscillation_cost": 28.858496278684374, "completition_cost": 0.0, "overshoot_cost": 51.23748599398057, "power_cost": 12.377687451171875, "noise_cost": 11.418089225915935, "n_waypoints_completed": 9, "tot_waypoints": 9}}
{"target": -174.10245976438793, "params": {"k_pid_pos": [1.8804130147953688, 0.0, 1.0], "k_pid_alt": [1.2174159782411234, 0.0, 0.0], "k_pid_att": [20.4494497442674, 0.0001, 0.3664113290494043], "k_pid_yaw": [0.5, 1e-06, 0.1], "k_pid_hsp": [0.08483263038379424, 0.0, 0.0], "k_pid_vsp": [339.54237635015824, 179.0096604043981, 1e-06]}, "datetime": {"datetime": "2025-08-20 13:52:16", "elapsed": 7191.06022977829, "delta": 16.896461486816406}, "costs": {"total_cost": 174.10245976438793, "time_cost": 70.64, "final_distance_cost": 1.8247871596769645, "oscillation_cost": 26.567889593232792, "completition_cost": 0.0, "overshoot_cost": 51.53190326940077, "power_cost": 12.01004422607422, "noise_cost": 11.527835516003204, "n_waypoints_completed": 9, "tot_waypoints": 9}}
{"target": -196.33825118488824, "params": {"k_pid_pos": [1.8140778608406918, 0.057519790365537, 0.8807701432134073], "k_pid_alt": [0.40298523927326557, 0.0, 0.012064039108703508], "k_pid_att": [40.779943202300345, 0.0001, 0.0], "k_pid_yaw": [0.5, 1e-06, 0.1], "k_pid_hsp": [0.41113703960090575, 0.0, 0.0], "k_pid_vsp": [280.2089362992944, 180.8508885425854, 1e-06]}, "datetime": {"datetime": "2025-08-20 13:52:39", "elapsed": 7213.819779634476, "delta": 22.759549856185913}, "costs": {"total_cost": 196.33825118488824, "time_cost": 81.08800000000001, "final_distance_cost": 1.8540184925750325, "oscillation_cost": 35.97872225358805, "completition_cost": 0.0, "overshoot_cost": 50.25251623412436, "power_cost": 14.441307202148439, "noise_cost": 12.72368700245236, "n_waypoints_completed": 9, "tot_waypoints": 9}}
{"target": -176.746880492805, "params": {"k_pid_pos": [1.8831187786392987, 0.0, 1.0], "k_pid_alt": [1.1098389613924964, 0.0, 0.0], "k_pid_att": [34.53404447970478, 0.0001, 0.6605001858884092], "k_pid_yaw": [0.5, 1e-06, 0.1], "k_pid_hsp": [1.0047367543041403, 0.0, 0.0], "k_pid_vsp": [330.7652499886518, 223.29130422086325, 1e-06]}, "datetime": {"datetime": "2025-08-20 13:52:59", "elapsed": 7234.0378403663635, "delta": 20.218060731887817}, "costs": {"total_cost": 176.746880492805, "time_cost": 70.312, "final_distance_cost": 1.8433287243006915, "oscillation_cost": 31.286475642998273, "completition_cost": 0.0, "overshoot_cost": 49.61060690495239, "power_cost": 12.125169018554688, "noise_cost": 11.569300201998962, "n_waypoints_completed": 9, "tot_waypoints": 9}}
{"target": -1195.4660818973339, "params": {"k_pid_pos": [1.7282811122527808, 0.0, 1.0], "k_pid_alt": [1.2473547260906235, 0.0, 0.5168589398622438], "k_pid_att": [15.505978851345967, 0.0001, 0.5380468234462241], "k_pid_yaw": [0.5, 1e-06, 0.1], "k_pid_hsp": [0.0001, 0.0, 0.0], "k_pid_vsp": [337.15312208151033, 175.4666148217931, 1e-06]}, "datetime": {"datetime": "2025-08-20 13:53:26", "elapsed": 7260.787360668182, "delta": 26.749520301818848}, "costs": {"total_cost": 1195.4660818973339, "time_cost": 150, "final_distance_cost": 46.79815076547802, "oscillation_cost": 0.004240191922766844, "completition_cost": 888.8888888888888, "overshoot_cost": 84.09748048473074, "power_cost": 12.76703485107422, "noise_cost": 12.910286715239335, "n_waypoints_completed": 1, "tot_waypoints": 9}}
{"target": -173.11439950459626, "params": {"k_pid_pos": [1.6604278576074931, 0.0, 0.9273458743882492], "k_pid_alt": [1.3585143618413025, 0.0, 0.0], "k_pid_att": [42.40933395313036, 0.0001, 0.4151452033225983], "k_pid_yaw": [0.5, 1e-06, 0.1], "k_pid_hsp": [0.1396234333967236, 0.0, 0.0], "k_pid_vsp": [290.92814709059326, 288.8596922481522, 1e-06]}, "datetime": {"datetime": "2025-08-20 13:53:45", "elapsed": 7280.054707288742, "delta": 19.267346620559692}, "costs": {"total_cost": 173.11439950459626, "time_cost": 70.096, "final_distance_cost": 1.8449582744024677, "oscillation_cost": 27.32580976963279, "completition_cost": 0.0, "overshoot_cost": 50.201377475759784, "power_cost": 12.141829174804688, "noise_cost": 11.504424809996527, "n_waypoints_completed": 9, "tot_waypoints": 9}}
{"target": -174.92014261840671, "params": {"k_pid_pos": [1.3464544386689243, 0.0, 1.0], "k_pid_alt": [1.4408251241345837, 0.0, 0.00984611195369161], "k_pid_att": [45.296865579122695, 0.0001, 0.24096185690879138], "k_pid_yaw": [0.5, 1e-06, 0.1], "k_pid_hsp": [0.08123618291672595, 0.0, 0.0], "k_pid_vsp": [312.9233227901534, 299.81529073985513, 1e-06]}, "datetime": {"datetime": "2025-08-20 13:54:05", "elapsed": 7300.245682477951, "delta": 20.190975189208984}, "costs": {"total_cost": 174.92014261840671, "time_cost": 72.28, "final_distance_cost": 1.835790723581072, "oscillation_cost": 24.601365974447326, "completition_cost": 0.0, "overshoot_cost": 52.35044806892925, "power_cost": 12.057680346679689, "noise_cost": 11.794857504769382, "n_waypoints_completed": 9, "tot_waypoints": 9}}
{"target": -203.7432342805761, "params": {"k_pid_pos": [1.8921603614008162, 0.0, 0.9970229085397954], "k_pid_alt": [1.7354604969575147, 0.0, 0.0], "k_pid_att": [61.09006780308236, 0.0001, 0.6444758236191169], "k_pid_yaw": [0.5, 1e-06, 0.1], "k_pid_hsp": [0.025088885227744585, 0.0, 0.0], "k_pid_vsp": [314.2620941037163, 337.3563421452552, 1e-06]}, "datetime": {"datetime": "2025-08-20 13:54:33", "elapsed": 7328.100349187851, "delta": 27.854666709899902}, "costs": {"total_cost": 203.7432342805761, "time_cost": 93.016, "final_distance_cost": 1.7792772877166503, "oscillation_cost": 15.357998894228938, "completition_cost": 0.0, "overshoot_cost": 64.4492908848756, "power_cost": 14.332241772460938, "noise_cost": 14.808425441293956, "n_waypoints_completed": 9, "tot_waypoints": 9}}
{"target": -175.028761542623, "params": {"k_pid_pos": [1.5900199185683974, 0.0, 0.909223900999467], "k_pid_alt": [1.150662868314719, 0.0, 0.0], "k_pid_att": [53.85603604868468, 0.0001, 0.44327867220483247], "k_pid_yaw": [0.5, 1e-06, 0.1], "k_pid_hsp": [0.1742577876480139, 0.0, 0.0], "k_pid_vsp": [250.2884769373331, 335.9142041685008, 1e-06]}, "datetime": {"datetime": "2025-08-20 13:54:51", "elapsed": 7346.0717141628265, "delta": 17.971364974975586}, "costs": {"total_cost": 175.028761542623, "time_cost": 70.856, "final_distance_cost": 1.8377116210226863, "oscillation_cost": 28.088262219396984, "completition_cost": 0.0, "overshoot_cost": 50.164599597933524, "power_cost": 12.367628637695313, "noise_cost": 11.714559466574492, "n_waypoints_completed": 9, "tot_waypoints": 9}}
{"target": -175.03250166931545, "params": {"k_pid_pos": [1.5281230508141523, 0.0185764749758857, 0.9747255546544165], "k_pid_alt": [1.3822872657937384, 0.015810687870711403, 0.0], "k_pid_att": [42.95132819082243, 0.0001, 0.6263761393906935], "k_pid_yaw": [0.5, 1e-06, 0.1], "k_pid_hsp": [0.2763695279817731, 0.0, 0.0], "k_pid_vsp": [242.33007499872318, 295.8337400086194, 1e-06]}, "datetime": {"datetime": "2025-08-20 13:55:10", "elapsed": 7364.86238026619, "delta": 18.790666103363037}, "costs": {"total_cost": 175.03250166931545, "time_cost": 71.184, "final_distance_cost": 1.8489098161392095, "oscillation_cost": 27.09334035280192, "completition_cost": 0.0, "overshoot_cost": 50.44739651551607, "power_cost": 12.51910906982422, "noise_cost": 11.939745915034027, "n_waypoints_completed": 9, "tot_waypoints": 9}}
{"target": -173.57949369258532, "params": {"k_pid_pos": [1.5121615579710295, 0.0, 1.0], "k_pid_alt": [1.4778482860245523, 0.0, 0.0], "k_pid_att": [50.08514954376014, 0.0001, 0.5430604437608267], "k_pid_yaw": [0.5, 1e-06, 0.1], "k_pid_hsp": [0.0916686494731731, 0.0, 0.0], "k_pid_vsp": [292.04171549270836, 334.66736371354153, 1e-06]}, "datetime": {"datetime": "2025-08-20 13:55:28", "elapsed": 7382.7474200725555, "delta": 17.885039806365967}, "costs": {"total_cost": 173.57949369258532, "time_cost": 71.112, "final_distance_cost": 1.8230692514450157, "oscillation_cost": 25.813783542179003, "completition_cost": 0.0, "overshoot_cost": 51.51465115762431, "power_cost": 11.861333935546876, "noise_cost": 11.454655805790107, "n_waypoints_completed": 9, "tot_waypoints": 9}}
{"target": -174.37432188909492, "params": {"k_pid_pos": [1.845748066393873, 0.0, 0.9384781722186426], "k_pid_alt": [1.2566088283116168, 0.0, 0.0], "k_pid_att": [52.70252675096883, 0.0001, 0.5207382395957592], "k_pid_yaw": [0.5, 1e-06, 0.1], "k_pid_hsp": [0.20850164910870034, 0.0, 0.0], "k_pid_vsp": [257.7313254844701, 296.3833075756898, 1e-06]}, "datetime": {"datetime": "2025-08-20 13:55:47", "elapsed": 7401.743366956711, "delta": 18.995946884155273}, "costs": {"total_cost": 174.37432188909492, "time_cost": 69.84, "final_distance_cost": 1.8464495804609287, "oscillation_cost": 29.131187165477602, "completition_cost": 0.0, "overshoot_cost": 49.83783950104011, "power_cost": 12.21566961669922, "noise_cost": 11.503176025417035, "n_waypoints_completed": 9, "tot_waypoints": 9}}
{"target": -1212.5838747295284, "params": {"k_pid_pos": [1.7389527612041338, 0.0, 0.9677694531357212], "k_pid_alt": [1.3472498296872606, 0.0, 0.0], "k_pid_att": [22.803349222453832, 0.0001, 0.5247076920709174], "k_pid_yaw": [0.5, 1e-06, 0.1], "k_pid_hsp": [0.0001, 0.28104062860370227, 0.0], "k_pid_vsp": [398.356401368259, 206.2462932910965, 1e-06]}, "datetime": {"datetime": "2025-08-20 13:56:14", "elapsed": 7428.733338356018, "delta": 26.98997139930725}, "costs": {"total_cost": 1212.5838747295284, "time_cost": 150, "final_distance_cost": 68.66816100421124, "oscillation_cost": 105.98391426642051, "completition_cost": 777.7777777777778, "overshoot_cost": 70.25972934745772, "power_cost": 22.44610147705078, "noise_cost": 17.44819085661011, "n_waypoints_completed": 2, "tot_waypoints": 9}}
{"target": -177.77758781312934, "params": {"k_pid_pos": [1.778897252596054, 0.0, 0.9444088838730464], "k_pid_alt": [1.3908793784959281, 0.0, 0.0], "k_pid_att": [32.01571108149909, 0.0001, 0.37685206916760805], "k_pid_yaw": [0.5, 1e-06, 0.1], "k_pid_hsp": [0.9443028062337693, 0.0, 0.0], "k_pid_vsp": [223.12714718724231, 59.81917630998867, 1e-06]}, "datetime": {"datetime": "2025-08-20 13:56:33", "elapsed": 7448.024124622345, "delta": 19.290786266326904}, "costs": {"total_cost": 177.77758781312934, "time_cost": 70.76, "final_distance_cost": 1.8429744212049137, "oscillation_cost": 30.870218478935815, "completition_cost": 0.0, "overshoot_cost": 50.11637942761292, "power_cost": 12.408208142089844, "noise_cost": 11.77980734328585, "n_waypoints_completed": 9, "tot_waypoints": 9}}
{"target": -174.11780158749764, "params": {"k_pid_pos": [1.7000809590165031, 0.0, 0.9123074438788333], "k_pid_alt": [1.5185770233742082, 0.0, 0.0], "k_pid_att": [49.086435042367086, 0.0001, 0.46183809316199476], "k_pid_yaw": [0.5, 1e-06, 0.1], "k_pid_hsp": [0.2529313502998422, 0.0, 0.0], "k_pid_vsp": [258.3693421613787, 304.19995972450744, 1e-06]}, "datetime": {"datetime": "2025-08-20 13:56:49", "elapsed": 7464.257637500763, "delta": 16.23351287841797}, "costs": {"total_cost": 174.11780158749764, "time_cost": 70.224, "final_distance_cost": 1.8412169261220055, "oscillation_cost": 27.88115317032157, "completition_cost": 0.0, "overshoot_cost": 50.167891150355544, "power_cost": 12.346058325195314, "noise_cost": 11.657482015503193, "n_waypoints_completed": 9, "tot_waypoints": 9}}
{"target": -175.13467857990216, "params": {"k_pid_pos": [1.8319490430690915, 0.0, 1.0], "k_pid_alt": [1.311454465571096, 0.0, 0.0], "k_pid_att": [50.33600977181299, 0.0001, 0.44447219677417577], "k_pid_yaw": [0.5, 1e-06, 0.1], "k_pid_hsp": [0.3077450179243655, 0.0, 0.0], "k_pid_vsp": [332.8951525849909, 171.40958829573808, 1e-06]}, "datetime": {"datetime": "2025-08-20 13:57:07", "elapsed": 7482.460105895996, "delta": 18.202468395233154}, "costs": {"total_cost": 175.13467857990216, "time_cost": 70.296, "final_distance_cost": 1.8490500317078287, "oscillation_cost": 28.716194502691522, "completition_cost": 0.0, "overshoot_cost": 50.25559181024039, "power_cost": 12.330263122558595, "noise_cost": 11.687579112703819, "n_waypoints_completed": 9, "tot_waypoints": 9}}
{"target": -174.3026143155707, "params": {"k_pid_pos": [1.8882714981483582, 0.0, 0.9997128556834342], "k_pid_alt": [1.3062185015298384, 0.0, 0.0], "k_pid_att": [24.986713079218262, 0.0001, 0.6012366760560952], "k_pid_yaw": [0.5, 1e-06, 0.1], "k_pid_hsp": [0.22663926256519518, 0.0, 0.0], "k_pid_vsp": [339.92122509678086, 134.48807352332472, 1e-06]}, "datetime": {"datetime": "2025-08-20 13:57:25", "elapsed": 7500.453541994095, "delta": 17.993436098098755}, "costs": {"total_cost": 174.3026143155707, "time_cost": 70.152, "final_distance_cost": 1.8326506098679556, "oscillation_cost": 28.395227431519316, "completition_cost": 0.0, "overshoot_cost": 50.188706374693915, "power_cost": 12.14856875, "noise_cost": 11.585461149489511, "n_waypoints_completed": 9, "tot_waypoints": 9}}
{"target": -173.4403526586552, "params": {"k_pid_pos": [1.8369573376273551, 0.0, 0.9083608112678241], "k_pid_alt": [1.3912843373289874, 0.0, 0.0], "k_pid_att": [37.920111095889084, 0.0001, 0.6238843988237532], "k_pid_yaw": [0.5, 1e-06, 0.1], "k_pid_hsp": [0.09675246755864349, 0.0, 0.0], "k_pid_vsp": [272.4171640282717, 300.9161045311202, 1e-06]}, "datetime": {"datetime": "2025-08-20 13:57:42", "elapsed": 7516.84143781662, "delta": 16.387895822525024}, "costs": {"total_cost": 173.4403526586552, "time_cost": 70.008, "final_distance_cost": 1.8064252208844536, "oscillation_cost": 27.11760215147318, "completition_cost": 0.0, "overshoot_cost": 51.52256357217623, "power_cost": 11.777939318847658, "noise_cost": 11.207822395273658, "n_waypoints_completed": 9, "tot_waypoints": 9}}
{"target": -173.47541222313774, "params": {"k_pid_pos": [1.7357019349113574, 0.0, 0.9265178631799461], "k_pid_alt": [1.3822830512626545, 0.0, 0.0], "k_pid_att": [34.153285445428345, 0.0001, 0.6458963633242603], "k_pid_yaw": [0.5, 1e-06, 0.1], "k_pid_hsp": [0.21822990165646128, 0.0, 0.0], "k_pid_vsp": [275.70960792077614, 400.0, 1e-06]}, "datetime": {"datetime": "2025-08-20 13:57:59", "elapsed": 7534.294701099396, "delta": 17.45326328277588}, "costs": {"total_cost": 173.47541222313774, "time_cost": 69.888, "final_distance_cost": 1.8372511646919003, "oscillation_cost": 28.35330312778589, "completition_cost": 0.0, "overshoot_cost": 49.55451626423731, "power_cost": 12.276281896972657, "noise_cost": 11.566059769450002, "n_waypoints_completed": 9, "tot_waypoints": 9}}
{"target": -174.79585310364348, "params": {"k_pid_pos": [1.9396379649496625, 0.0, 0.84353462522631], "k_pid_alt": [1.7103984338558864, 0.0, 0.0], "k_pid_att": [40.27646844944962, 0.0001, 0.6513796249919857], "k_pid_yaw": [0.5, 1e-06, 0.1], "k_pid_hsp": [0.20789557348929424, 0.0, 0.0], "k_pid_vsp": [249.212602560358, 330.9523840210501, 1e-06]}, "datetime": {"datetime": "2025-08-20 13:58:15", "elapsed": 7550.128819227219, "delta": 15.834118127822876}, "costs": {"total_cost": 174.79585310364348, "time_cost": 69.512, "final_distance_cost": 1.825401725751367, "oscillation_cost": 28.708905330101416, "completition_cost": 0.0, "overshoot_cost": 50.45684736111388, "power_cost": 12.693209423828126, "noise_cost": 11.599489262848683, "n_waypoints_completed": 9, "tot_waypoints": 9}}
{"target": -913.0877599861276, "params": {"k_pid_pos": [1.6467054412526438, 0.0, 0.8547548697596298], "k_pid_alt": [0.9740229197288104, 0.0, 0.02922357299783211], "k_pid_att": [45.249053131012516, 0.0001, 0.5052659496143754], "k_pid_yaw": [0.5, 1e-06, 0.1], "k_pid_hsp": [0.0001, 0.007235346295764772, 0.03991181206867914], "k_pid_vsp": [342.17995356719274, 226.75155189863565, 1e-06]}, "datetime": {"datetime": "2025-08-20 13:58:39", "elapsed": 7573.9968049526215, "delta": 23.867985725402832}, "costs": {"total_cost": 913.0877599861276, "time_cost": 150, "final_distance_cost": 34.36115845995698, "oscillation_cost": 38.628488568564464, "completition_cost": 555.5555555555555, "overshoot_cost": 104.6253352785934, "power_cost": 15.948162341308594, "noise_cost": 13.969059782148566, "n_waypoints_completed": 4, "tot_waypoints": 9}}
{"target": -176.0695029494824, "params": {"k_pid_pos": [1.4250953888861053, 0.0, 0.9329648494744022], "k_pid_alt": [1.4649476153497647, 0.0, 0.0], "k_pid_att": [50.777243887624806, 0.0001, 0.2864332182587125], "k_pid_yaw": [0.5, 1e-06, 0.1], "k_pid_hsp": [0.30177656097793687, 0.0, 0.0], "k_pid_vsp": [281.43389785610725, 245.74728765438059, 1e-06]}, "datetime": {"datetime": "2025-08-20 13:58:56", "elapsed": 7590.8644416332245, "delta": 16.867636680603027}, "costs": {"total_cost": 176.0695029494824, "time_cost": 71.808, "final_distance_cost": 1.8484692974055037, "oscillation_cost": 27.253343237634816, "completition_cost": 0.0, "overshoot_cost": 50.40197014410197, "power_cost": 12.646473999023438, "noise_cost": 12.111246271316682, "n_waypoints_completed": 9, "tot_waypoints": 9}}
{"target": -174.23685691411222, "params": {"k_pid_pos": [1.540664878942573, 0.0, 0.8488877642788449], "k_pid_alt": [1.4004237054194353, 0.0, 0.0], "k_pid_att": [12.074504024144005, 0.0001, 0.5439550266419366], "k_pid_yaw": [0.5, 1e-06, 0.1], "k_pid_hsp": [0.26032537352413226, 0.0, 0.0], "k_pid_vsp": [284.4708930312882, 339.85027180687433, 1e-06]}, "datetime": {"datetime": "2025-08-20 13:59:13", "elapsed": 7608.198544502258, "delta": 17.334102869033813}, "costs": {"total_cost": 174.23685691411222, "time_cost": 70.288, "final_distance_cost": 1.8482766813344482, "oscillation_cost": 28.049574417915682, "completition_cost": 0.0, "overshoot_cost": 49.8805632220758, "power_cost": 12.524473767089845, "noise_cost": 11.645968825696423, "n_waypoints_completed": 9, "tot_waypoints": 9}}
{"target": -196.36540937598988, "params": {"k_pid_pos": [1.3203426664600606, 0.022633312515745605, 0.8510175347798768], "k_pid_alt": [0.7340988378840256, 0.038775734417150126, 0.02142205758377057], "k_pid_att": [40.898382992042066, 0.0001, 0.3359217324704753], "k_pid_yaw": [0.5, 1e-06, 0.1], "k_pid_hsp": [0.3968349670021529, 0.0, 0.0], "k_pid_vsp": [319.005647969181, 166.08980795783182, 1e-06]}, "datetime": {"datetime": "2025-08-20 13:59:35", "elapsed": 7630.4470911026, "delta": 22.248546600341797}, "costs": {"total_cost": 196.36540937598988, "time_cost": 87.488, "final_distance_cost": 1.8190049056753632, "oscillation_cost": 27.541987932892614, "completition_cost": 0.0, "overshoot_cost": 51.36223386451141, "power_cost": 14.745908264160157, "noise_cost": 13.408274408750353, "n_waypoints_completed": 9, "tot_waypoints": 9}}
{"target": -174.76633158328784, "params": {"k_pid_pos": [1.5330245412467456, 0.0, 1.0], "k_pid_alt": [1.4581543412819227, 0.0, 0.0], "k_pid_att": [33.383600971776694, 0.0001, 0.4598444258113592], "k_pid_yaw": [0.5, 1e-06, 0.1], "k_pid_hsp": [0.05087396208320777, 0.0, 0.0], "k_pid_vsp": [285.0511367370706, 288.7120105705974, 1e-06]}, "datetime": {"datetime": "2025-08-20 13:59:53", "elapsed": 7648.397505283356, "delta": 17.950414180755615}, "costs": {"total_cost": 174.76633158328784, "time_cost": 73.2, "final_distance_cost": 1.7880019636640656, "oscillation_cost": 21.70491414098244, "completition_cost": 0.0, "overshoot_cost": 54.312142934355144, "power_cost": 11.95071170654297, "noise_cost": 11.810560837743223, "n_waypoints_completed": 9, "tot_waypoints": 9}}
{"target": -1195.5506575296934, "params": {"k_pid_pos": [1.6945116282747674, 0.0, 0.9421413650166992], "k_pid_alt": [1.2556614200448613, 0.0, 0.0], "k_pid_att": [40.18712861938527, 0.0001, 0.6290068432506245], "k_pid_yaw": [0.5, 1e-06, 0.1], "k_pid_hsp": [0.0001, 0.0, 0.0], "k_pid_vsp": [259.7230766845405, 327.14812761180724, 1e-06]}, "datetime": {"datetime": "2025-08-20 14:00:18", "elapsed": 7672.618914365768, "delta": 24.22140908241272}, "costs": {"total_cost": 1195.5506575296934, "time_cost": 150, "final_distance_cost": 46.78272206277075, "oscillation_cost": 0.004332196298193982, "completition_cost": 888.8888888888888, "overshoot_cost": 84.10267713265246, "power_cost": 12.821873376464845, "noise_cost": 12.950163872618527, "n_waypoints_completed": 1, "tot_waypoints": 9}}
{"target": -173.57148622606587, "params": {"k_pid_pos": [1.823567996637731, 0.0, 0.9066040420115887], "k_pid_alt": [1.3204819298130672, 0.0, 0.0], "k_pid_att": [37.82288389506067, 0.0001, 0.4162143707648393], "k_pid_yaw": [0.5, 1e-06, 0.1], "k_pid_hsp": [0.17490593825351375, 0.0, 0.0], "k_pid_vsp": [326.41495521844564, 258.8348564140663, 1e-06]}, "datetime": {"datetime": "2025-08-20 14:00:37", "elapsed": 7691.696278333664, "delta": 19.077363967895508}, "costs": {"total_cost": 173.57148622606587, "time_cost": 69.824, "final_distance_cost": 1.8288091230373478, "oscillation_cost": 28.218552204518527, "completition_cost": 0.0, "overshoot_cost": 50.082926709344264, "power_cost": 12.260860620117189, "noise_cost": 11.356337569048524, "n_waypoints_completed": 9, "tot_waypoints": 9}}
