{"target": -176.06902512677095, "params": {"k_pid_pos": [2.0, 0.0, 1.0], "k_pid_alt": [1.0336265337945552, 0.0, 0.0], "k_pid_att": [6.454140173626303, 0.0001, 0.17681862435032827], "k_pid_yaw": [0.5, 1e-06, 0.1], "k_pid_hsp": [0.13010732826971844, 0.0, 0.0], "k_pid_vsp": [400.0, 91.93562866786979, 1e-06]}, "datetime": {"datetime": "2025-08-20 13:23:43", "elapsed": 5477.903781414032, "delta": 17.00152015686035}, "costs": {"total_cost": 176.06902512677095, "time_cost": 70.608, "final_distance_cost": 1.8169753821307746, "oscillation_cost": 28.807896299596674, "completition_cost": 0.0, "overshoot_cost": 50.78122498691051, "power_cost": 12.37415068359375, "noise_cost": 11.68077777453924, "n_waypoints_completed": 9, "tot_waypoints": 9}}
{"target": -177.0849750349016, "params": {"k_pid_pos": [1.3711290627126322, 0.043979424613124166, 0.13564956216599922], "k_pid_alt": [1.766762324950517, 0.0020464278349635384, 0.08105469679452301], "k_pid_att": [17.210614148502906, 0.22677851824887427, 0.08158473597171652], "k_pid_yaw": [0.5, 1e-06, 0.1], "k_pid_hsp": [0.5299708970075001, 0.005592693824291003, 0.0], "k_pid_vsp": [293.87772206523937, 255.01805536134276, 1e-06]}, "datetime": {"datetime": "2025-08-20 13:24:00", "elapsed": 5495.357128620148, "delta": 17.453347206115723}, "costs": {"total_cost": 177.0849750349016, "time_cost": 68.792, "final_distance_cost": 1.8064292930622006, "oscillation_cost": 32.28541800734262, "completition_cost": 0.0, "overshoot_cost": 50.12454440313523, "power_cost": 12.669266711425783, "noise_cost": 11.407316619935767, "n_waypoints_completed": 9, "tot_waypoints": 9}}
{"target": -210.2534104162823, "params": {"k_pid_pos": [2.0, 0.0, 1.0], "k_pid_alt": [0.30217825486222577, 0.0, 0.0], "k_pid_att": [0.3598376159922605, 0.0001, 0.3923658772836335], "k_pid_yaw": [0.5, 1e-06, 0.1], "k_pid_hsp": [0.16740896543743866, 0.0, 0.0], "k_pid_vsp": [388.1932471878238, 110.85092931160233, 1e-06]}, "datetime": {"datetime": "2025-08-20 13:24:27", "elapsed": 5521.871036052704, "delta": 26.513907432556152}, "costs": {"total_cost": 210.2534104162823, "time_cost": 93.8, "final_distance_cost": 1.8565740988488264, "oscillation_cost": 27.64476389887106, "completition_cost": 0.0, "overshoot_cost": 57.94821379200233, "power_cost": 15.038782299804689, "noise_cost": 13.965076326755405, "n_waypoints_completed": 9, "tot_waypoints": 9}}
{"target": -177.72279800273142, "params": {"k_pid_pos": [2.0, 0.0, 1.0], "k_pid_alt": [1.4863111101685764, 0.0, 0.0], "k_pid_att": [5.240083680853141, 0.0001, 0.26533930834929065], "k_pid_yaw": [0.5, 1e-06, 0.1], "k_pid_hsp": [0.042054853105693346, 0.0, 0.0], "k_pid_vsp": [398.29475609965664, 217.15874271739045, 1e-06]}, "datetime": {"datetime": "2025-08-20 13:24:46", "elapsed": 5541.523245573044, "delta": 19.652209520339966}, "costs": {"total_cost": 177.72279800273142, "time_cost": 74.496, "final_distance_cost": 1.801016822512413, "oscillation_cost": 21.138150213303764, "completition_cost": 0.0, "overshoot_cost": 56.12245076112575, "power_cost": 12.16296357421875, "noise_cost": 12.002216631570752, "n_waypoints_completed": 9, "tot_waypoints": 9}}
{"target": -1196.097344232444, "params": {"k_pid_pos": [2.0, 0.15353286154778728, 1.0], "k_pid_alt": [1.0764913475329734, 0.007120776031707986, 0.13049553633699323], "k_pid_att": [9.713932651005074, 0.0001, 0.2620717247057368], "k_pid_yaw": [0.5, 1e-06, 0.1], "k_pid_hsp": [0.0001, 0.0, 0.0], "k_pid_vsp": [282.13696327418376, 180.50943594872476, 1e-06]}, "datetime": {"datetime": "2025-08-20 13:25:11", "elapsed": 5566.382040500641, "delta": 24.858794927597046}, "costs": {"total_cost": 1196.097344232444, "time_cost": 150, "final_distance_cost": 47.21335438395172, "oscillation_cost": 0.004373597666755461, "completition_cost": 888.8888888888888, "overshoot_cost": 84.31528362085827, "power_cost": 12.768615527343751, "noise_cost": 12.906828213734567, "n_waypoints_completed": 1, "tot_waypoints": 9}}
{"target": -1196.0327844897865, "params": {"k_pid_pos": [2.0, 0.0, 1.0], "k_pid_alt": [1.2011723448571392, 0.0019277078978147343, 0.0], "k_pid_att": [2.4565081971201295, 0.0001, 0.18808723730210591], "k_pid_yaw": [0.5, 1e-06, 0.1], "k_pid_hsp": [0.0001, 0.0, 0.0], "k_pid_vsp": [336.65916760664754, 146.9734847040942, 1e-06]}, "datetime": {"datetime": "2025-08-20 13:25:36", "elapsed": 5591.378271102905, "delta": 24.996230602264404}, "costs": {"total_cost": 1196.0327844897865, "time_cost": 150, "final_distance_cost": 46.96474284723798, "oscillation_cost": 0.005480185225366902, "completition_cost": 888.8888888888888, "overshoot_cost": 84.46350399844684, "power_cost": 12.786570324707032, "noise_cost": 12.923598245280273, "n_waypoints_completed": 1, "tot_waypoints": 9}}
{"target": -1195.9266156605704, "params": {"k_pid_pos": [2.0, 0.0, 1.0], "k_pid_alt": [1.4434913859271146, 0.0, 0.0], "k_pid_att": [12.507789847280925, 0.0001, 0.29601378539454354], "k_pid_yaw": [0.5, 1e-06, 0.1], "k_pid_hsp": [0.0001, 0.0, 0.0], "k_pid_vsp": [400.0, 213.58938091602195, 1e-06]}, "datetime": {"datetime": "2025-08-20 13:26:02", "elapsed": 5616.992692947388, "delta": 25.614421844482422}, "costs": {"total_cost": 1195.9266156605704, "time_cost": 150, "final_distance_cost": 46.912871114246315, "oscillation_cost": 0.004506253489514607, "completition_cost": 888.8888888888888, "overshoot_cost": 84.4356825436724, "power_cost": 12.777751342773438, "noise_cost": 12.906915517499968, "n_waypoints_completed": 1, "tot_waypoints": 9}}
{"target": -1195.9494723769799, "params": {"k_pid_pos": [2.0, 0.0, 1.0], "k_pid_alt": [1.3823563615789443, 0.0, 0.0], "k_pid_att": [17.71568447685394, 0.0001, 0.2897874443677953], "k_pid_yaw": [0.5, 1e-06, 0.1], "k_pid_hsp": [0.0001, 0.0, 0.0], "k_pid_vsp": [389.5325212079957, 181.2563340624419, 1e-06]}, "datetime": {"datetime": "2025-08-20 13:26:26", "elapsed": 5641.429483413696, "delta": 24.436790466308594}, "costs": {"total_cost": 1195.9494723769799, "time_cost": 150, "final_distance_cost": 46.91290361065915, "oscillation_cost": 0.004463163582286859, "completition_cost": 888.8888888888888, "overshoot_cost": 84.44782080167651, "power_cost": 12.78168006591797, "noise_cost": 12.91371584625507, "n_waypoints_completed": 1, "tot_waypoints": 9}}
{"target": -1127.5140383735634, "params": {"k_pid_pos": [2.0, 0.0, 1.0], "k_pid_alt": [1.4389803817014808, 0.0, 0.0], "k_pid_att": [0.0, 0.0001, 0.3165241515148183], "k_pid_yaw": [0.5, 1e-06, 0.1], "k_pid_hsp": [0.3425365929449893, 0.0, 0.0], "k_pid_vsp": [400.0, 126.9094483516183, 1e-06]}, "datetime": {"datetime": "2025-08-20 13:26:51", "elapsed": 5665.764185428619, "delta": 24.334702014923096}, "costs": {"total_cost": 1127.5140383735634, "time_cost": 150, "final_distance_cost": 72.01064886928768, "oscillation_cost": 3.0341841298910044, "completition_cost": 666.6666666666667, "overshoot_cost": 209.2300575165656, "power_cost": 13.4537900390625, "noise_cost": 13.118691152089795, "n_waypoints_completed": 3, "tot_waypoints": 9}}
{"target": -1196.0111805113559, "params": {"k_pid_pos": [2.0, 0.0, 1.0], "k_pid_alt": [1.2199714080535091, 0.0022647361008858533, 0.0], "k_pid_att": [8.682554997582898, 0.0001, 0.32900890293670026], "k_pid_yaw": [0.5, 1e-06, 0.1], "k_pid_hsp": [0.0001, 0.0, 0.0], "k_pid_vsp": [400.0, 198.2656284745919, 1e-06]}, "datetime": {"datetime": "2025-08-20 13:27:16", "elapsed": 5691.216404914856, "delta": 25.452219486236572}, "costs": {"total_cost": 1196.0111805113559, "time_cost": 150, "final_distance_cost": 46.971838525848376, "oscillation_cost": 0.0049035135247757775, "completition_cost": 888.8888888888888, "overshoot_cost": 84.44434421417803, "power_cost": 12.784321264648439, "noise_cost": 12.91688410426733, "n_waypoints_completed": 1, "tot_waypoints": 9}}
{"target": -176.25626910864042, "params": {"k_pid_pos": [1.9339616495999774, 0.0, 0.8371045622565366], "k_pid_alt": [1.1279794313617661, 0.0, 0.0], "k_pid_att": [11.004009317142192, 0.0001, 0.2859752079363386], "k_pid_yaw": [0.5, 1e-06, 0.1], "k_pid_hsp": [0.2762523304418303, 0.0, 0.0], "k_pid_vsp": [378.94735854395583, 133.03360004046368, 1e-06]}, "datetime": {"datetime": "2025-08-20 13:27:34", "elapsed": 5708.5889320373535, "delta": 17.37252712249756}, "costs": {"total_cost": 176.25626910864042, "time_cost": 69.928, "final_distance_cost": 1.8366198715453157, "oscillation_cost": 29.853662668378174, "completition_cost": 0.0, "overshoot_cost": 50.60945395662712, "power_cost": 12.509094555664063, "noise_cost": 11.519438056425747, "n_waypoints_completed": 9, "tot_waypoints": 9}}
{"target": -177.68028846838928, "params": {"k_pid_pos": [2.0, 0.0, 1.0], "k_pid_alt": [1.2554070982893117, 0.0, 0.0], "k_pid_att": [0.5332026980078397, 0.0001, 0.32569672833317503], "k_pid_yaw": [0.5, 1e-06, 0.1], "k_pid_hsp": [0.05099511343093399, 0.0, 0.0], "k_pid_vsp": [366.385906693401, 164.22574555506066, 1e-06]}, "datetime": {"datetime": "2025-08-20 13:27:51", "elapsed": 5726.469691991806, "delta": 17.880759954452515}, "costs": {"total_cost": 177.68028846838928, "time_cost": 75.336, "final_distance_cost": 1.7784363979445226, "oscillation_cost": 18.66557078930979, "completition_cost": 0.0, "overshoot_cost": 58.048381540454685, "power_cost": 12.017157629394532, "noise_cost": 11.83474211128573, "n_waypoints_completed": 9, "tot_waypoints": 9}}
{"target": -173.61623523840257, "params": {"k_pid_pos": [1.6884692005629829, 0.0, 0.9197717990890698], "k_pid_alt": [1.1910583008587692, 0.0, 0.0], "k_pid_att": [21.04135003041305, 0.0001, 0.11473914069063046], "k_pid_yaw": [0.5, 1e-06, 0.1], "k_pid_hsp": [0.14729043246614695, 0.0023487262727461653, 0.0], "k_pid_vsp": [344.3361463807048, 212.8388407682932, 1e-06]}, "datetime": {"datetime": "2025-08-20 13:28:09", "elapsed": 5744.342936992645, "delta": 17.873245000839233}, "costs": {"total_cost": 173.61623523840257, "time_cost": 70.08, "final_distance_cost": 1.8410807874872535, "oscillation_cost": 28.088898582708826, "completition_cost": 0.0, "overshoot_cost": 50.098207436081466, "power_cost": 11.998609216308594, "noise_cost": 11.509439215816442, "n_waypoints_completed": 9, "tot_waypoints": 9}}
{"target": -1195.3587600174533, "params": {"k_pid_pos": [1.558675952871938, 0.0, 0.9571455514175038], "k_pid_alt": [1.3349440805046426, 0.0, 0.0], "k_pid_att": [0.7135035859413712, 0.0001, 0.2169927644522753], "k_pid_yaw": [0.5, 1e-06, 0.1], "k_pid_hsp": [0.0001, 0.0, 0.0], "k_pid_vsp": [362.737895302212, 1e-06, 1e-06]}, "datetime": {"datetime": "2025-08-20 13:28:35", "elapsed": 5770.493645906448, "delta": 26.1507089138031}, "costs": {"total_cost": 1195.3587600174533, "time_cost": 150, "final_distance_cost": 46.656456377041515, "oscillation_cost": 0.005130335970856935, "completition_cost": 888.8888888888888, "overshoot_cost": 84.06205382193173, "power_cost": 12.798494274902344, "noise_cost": 12.947736318718123, "n_waypoints_completed": 1, "tot_waypoints": 9}}
{"target": -180.5302952176066, "params": {"k_pid_pos": [2.0, 0.0, 1.0], "k_pid_alt": [1.1217339177674992, 0.0, 0.0], "k_pid_att": [15.9832081900893, 0.0001, 0.2986015074120516], "k_pid_yaw": [0.5, 1e-06, 0.1], "k_pid_hsp": [0.18207323299853156, 0.0, 0.0], "k_pid_vsp": [399.28128124091273, 87.82589095486205, 11.052281303615882]}, "datetime": {"datetime": "2025-08-20 13:28:52", "elapsed": 5787.236652135849, "delta": 16.743006229400635}, "costs": {"total_cost": 180.5302952176066, "time_cost": 70.36, "final_distance_cost": 1.8305328898646642, "oscillation_cost": 28.879782215505834, "completition_cost": 0.0, "overshoot_cost": 50.57870078104608, "power_cost": 16.052684521484377, "noise_cost": 12.828594809705676, "n_waypoints_completed": 9, "tot_waypoints": 9}}
{"target": -1706.6370719772071, "params": {"k_pid_pos": [2.0, 0.0, 0.7981317534367498], "k_pid_alt": [1.2507327863684228, 0.06014888606865412, 0.0396773573759492], "k_pid_att": [0.0, 0.0001, 0.20536856524837743], "k_pid_yaw": [0.5, 1e-06, 0.1], "k_pid_hsp": [2.044905980016711, 0.006528818676224455, 0.06162751376411918], "k_pid_vsp": [344.22511192531744, 96.1459199480125, 1e-06]}, "datetime": {"datetime": "2025-08-20 13:29:16", "elapsed": 5811.351037502289, "delta": 24.11438536643982}, "costs": {"total_cost": 1706.6370719772071, "time_cost": 150, "final_distance_cost": 189.04458101727135, "oscillation_cost": 3.5595098514664727, "completition_cost": 888.8888888888888, "overshoot_cost": 449.31819128399127, "power_cost": 12.848341320800781, "noise_cost": 12.977559614788522, "n_waypoints_completed": 1, "tot_waypoints": 9}}
{"target": -176.93538917725348, "params": {"k_pid_pos": [2.0, 0.0, 1.0], "k_pid_alt": [1.0591740100125613, 0.0, 0.0], "k_pid_att": [3.5068690199489234, 0.0001, 0.25741591255499074], "k_pid_yaw": [0.5, 1e-06, 0.1], "k_pid_hsp": [0.41605274646817153, 0.0, 0.0], "k_pid_vsp": [348.4379079055291, 156.54583560176064, 1e-06]}, "datetime": {"datetime": "2025-08-20 13:29:34", "elapsed": 5828.7080409526825, "delta": 17.357003450393677}, "costs": {"total_cost": 176.93538917725348, "time_cost": 69.92, "final_distance_cost": 1.8455555487030249, "oscillation_cost": 31.621080534873112, "completition_cost": 0.0, "overshoot_cost": 49.843840521846445, "power_cost": 12.26716142578125, "noise_cost": 11.437751146049656, "n_waypoints_completed": 9, "tot_waypoints": 9}}
{"target": -176.0380859530694, "params": {"k_pid_pos": [2.0, 0.0, 0.6966225018348737], "k_pid_alt": [1.1811021616543114, 0.0, 0.0], "k_pid_att": [38.240483036045795, 0.0001, 0.3462988138587716], "k_pid_yaw": [0.5, 1e-06, 0.1], "k_pid_hsp": [0.44554796117208983, 0.0, 0.0], "k_pid_vsp": [322.7937391505991, 120.11162378669292, 1e-06]}, "datetime": {"datetime": "2025-08-20 13:29:50", "elapsed": 5845.460795164108, "delta": 16.75275421142578}, "costs": {"total_cost": 176.0380859530694, "time_cost": 69.536, "final_distance_cost": 1.8247062528355045, "oscillation_cost": 30.013405376242364, "completition_cost": 0.0, "overshoot_cost": 50.623023350383775, "power_cost": 12.528881323242189, "noise_cost": 11.512069650365598, "n_waypoints_completed": 9, "tot_waypoints": 9}}
{"target": -330.6046407045642, "params": {"k_pid_pos": [2.0, 0.02206707889746886, 0.470328495689201], "k_pid_alt": [1.1749526875859457, 0.038232468054154006, 0.015373366553349414], "k_pid_att": [31.37381749034777, 0.10481689785851053, 0.20737746755259268], "k_pid_yaw": [0.5, 1e-06, 0.1], "k_pid_hsp": [0.5686012008434297, 0.0, 0.10474083277621701], "k_pid_vsp": [371.9699251269354, 231.54173686068512, 1e-06]}, "datetime": {"datetime": "2025-08-20 13:30:10", "elapsed": 5864.824555158615, "delta": 19.363759994506836}, "costs": {"total_cost": 330.6046407045642, "time_cost": 79.48, "final_distance_cost": 1.72952601607009, "oscillation_cost": 166.78237603129452, "completition_cost": 0.0, "overshoot_cost": 53.359549656646635, "power_cost": 15.710802954101563, "noise_cost": 13.54238604645141, "n_waypoints_completed": 9, "tot_waypoints": 9}}
{"target": -176.0424099620968, "params": {"k_pid_pos": [1.76011337839289, 0.0, 1.0], "k_pid_alt": [0.9784354146916754, 0.0, 0.0], "k_pid_att": [32.397906081117036, 0.0001, 0.08489789332144368], "k_pid_yaw": [0.5, 1e-06, 0.1], "k_pid_hsp": [0.1303990670461298, 0.015945399497045452, 0.0], "k_pid_vsp": [354.39944275308454, 240.39239514723766, 1e-06]}, "datetime": {"datetime": "2025-08-20 13:30:28", "elapsed": 5882.576523780823, "delta": 17.75196862220764}, "costs": {"total_cost": 176.0424099620968, "time_cost": 70.47200000000001, "final_distance_cost": 1.8389781195215509, "oscillation_cost": 30.549667749729014, "completition_cost": 0.0, "overshoot_cost": 49.979033178214685, "power_cost": 11.8984400390625, "noise_cost": 11.304290875569016, "n_waypoints_completed": 9, "tot_waypoints": 9}}
{"target": -196.92171201829274, "params": {"k_pid_pos": [2.0, 0.0, 0.9877503697656612], "k_pid_alt": [1.2596029366081969, 0.01306882141478848, 0.0], "k_pid_att": [4.86492879005648, 0.0001, 0.1252276268440411], "k_pid_yaw": [0.5, 1e-06, 0.1], "k_pid_hsp": [3.3348081905171743, 0.0, 0.0], "k_pid_vsp": [400.0, 226.17299346855913, 46.96277454439563]}, "datetime": {"datetime": "2025-08-20 13:30:45", "elapsed": 5899.840404033661, "delta": 17.263880252838135}, "costs": {"total_cost": 196.92171201829274, "time_cost": 69.464, "final_distance_cost": 1.8514154425087177, "oscillation_cost": 47.30782016492083, "completition_cost": 0.0, "overshoot_cost": 50.14087264320608, "power_cost": 15.932658435058595, "noise_cost": 12.224945332598535, "n_waypoints_completed": 9, "tot_waypoints": 9}}
{"target": -180.83918814893795, "params": {"k_pid_pos": [2.0, 0.0, 1.0], "k_pid_alt": [1.1228714915709448, 0.0, 0.0], "k_pid_att": [11.532402338219388, 0.0001, 0.35745870189410156], "k_pid_yaw": [0.5, 1e-06, 0.1], "k_pid_hsp": [0.1867141881293234, 0.08427746664052788, 0.0], "k_pid_vsp": [380.6371818866432, 151.8927419119646, 1e-06]}, "datetime": {"datetime": "2025-08-20 13:31:03", "elapsed": 5917.580545425415, "delta": 17.74014139175415}, "costs": {"total_cost": 180.83918814893795, "time_cost": 69.92, "final_distance_cost": 1.8537566180457883, "oscillation_cost": 34.76692281460684, "completition_cost": 0.0, "overshoot_cost": 49.427306716215355, "power_cost": 12.979149816894532, "noise_cost": 11.89205218317541, "n_waypoints_completed": 9, "tot_waypoints": 9}}
{"target": -1195.9213561986464, "params": {"k_pid_pos": [2.0, 0.0, 1.0], "k_pid_alt": [1.517205956243482, 0.0, 0.0], "k_pid_att": [13.704259929567456, 0.0001, 0.2537397425593547], "k_pid_yaw": [0.5, 1e-06, 0.1], "k_pid_hsp": [0.0001, 0.0, 0.0], "k_pid_vsp": [400.0, 218.23581427419123, 1e-06]}, "datetime": {"datetime": "2025-08-20 13:31:28", "elapsed": 5942.978322029114, "delta": 25.39777660369873}, "costs": {"total_cost": 1195.9213561986464, "time_cost": 150, "final_distance_cost": 46.912901124068604, "oscillation_cost": 0.004567271677761502, "completition_cost": 888.8888888888888, "overshoot_cost": 84.43352007435638, "power_cost": 12.776907104492189, "noise_cost": 12.904571735162595, "n_waypoints_completed": 1, "tot_waypoints": 9}}
{"target": -206.3712656783687, "params": {"k_pid_pos": [2.0, 0.0, 1.0], "k_pid_alt": [1.3251443897092494, 0.0027939608350150986, 0.11705748730211256], "k_pid_att": [45.38596221715146, 4.483927117729901, 0.23199200116510094], "k_pid_yaw": [0.5, 1e-06, 0.1], "k_pid_hsp": [5.519630650839928, 0.0, 0.0], "k_pid_vsp": [341.17961569413933, 121.74826798095148, 13.820626724264095]}, "datetime": {"datetime": "2025-08-20 13:31:45", "elapsed": 5959.69312953949, "delta": 16.714807510375977}, "costs": {"total_cost": 206.3712656783687, "time_cost": 70.056, "final_distance_cost": 1.8475347502053778, "oscillation_cost": 62.23263641865525, "completition_cost": 0.0, "overshoot_cost": 50.18835243812844, "power_cost": 11.458372607421875, "noise_cost": 10.588369463957745, "n_waypoints_completed": 9, "tot_waypoints": 9}}
{"target": -178.90847253729856, "params": {"k_pid_pos": [2.0, 0.02874182899617067, 1.0], "k_pid_alt": [1.3653096857263827, 0.008248599572487787, 0.0], "k_pid_att": [4.658004125444112, 1.2915937890435685, 0.17846710880725125], "k_pid_yaw": [0.5, 1e-06, 0.1], "k_pid_hsp": [0.5152844597311794, 0.0, 0.0], "k_pid_vsp": [339.10461505914816, 61.801380447604295, 1e-06]}, "datetime": {"datetime": "2025-08-20 13:32:02", "elapsed": 5976.798267126083, "delta": 17.105137586593628}, "costs": {"total_cost": 178.90847253729856, "time_cost": 70.024, "final_distance_cost": 1.8487501005720792, "oscillation_cost": 32.039896500551016, "completition_cost": 0.0, "overshoot_cost": 50.580814797602336, "power_cost": 12.668081640625001, "noise_cost": 11.746929497948159, "n_waypoints_completed": 9, "tot_waypoints": 9}}
{"target": -911.6098086955808, "params": {"k_pid_pos": [2.0, 0.0, 0.8176970340668791], "k_pid_alt": [1.4265789460618385, 0.0, 0.0], "k_pid_att": [0.0, 0.0001, 0.2641051904421128], "k_pid_yaw": [0.5, 1e-06, 0.1], "k_pid_hsp": [0.29300957284446544, 0.0, 0.0], "k_pid_vsp": [334.553077233029, 251.23608545679977, 1.6047920160205358]}, "datetime": {"datetime": "2025-08-20 13:32:25", "elapsed": 6000.231272935867, "delta": 23.433005809783936}, "costs": {"total_cost": 911.6098086955808, "time_cost": 150, "final_distance_cost": 55.493706171302975, "oscillation_cost": 4.479131011774483, "completition_cost": 555.5555555555555, "overshoot_cost": 118.74803735907464, "power_cost": 14.075953588867188, "noise_cost": 13.25742500900607, "n_waypoints_completed": 4, "tot_waypoints": 9}}
{"target": -177.21608813495732, "params": {"k_pid_pos": [2.0, 0.0, 1.0], "k_pid_alt": [1.105048852357214, 0.0, 0.0], "k_pid_att": [6.474725994339892, 0.0001, 0.22321477853712082], "k_pid_yaw": [0.5, 1e-06, 0.1], "k_pid_hsp": [0.4105305184334673, 0.0, 0.0], "k_pid_vsp": [376.51340020082273, 163.65690261810465, 1e-06]}, "datetime": {"datetime": "2025-08-20 13:32:42", "elapsed": 6016.599173784256, "delta": 16.367900848388672}, "costs": {"total_cost": 177.21608813495732, "time_cost": 70.024, "final_distance_cost": 1.847789290848752, "oscillation_cost": 31.26012313437989, "completition_cost": 0.0, "overshoot_cost": 49.647755110714265, "power_cost": 12.703105053710939, "noise_cost": 11.733315545303475, "n_waypoints_completed": 9, "tot_waypoints": 9}}
{"target": -1195.2024090724233, "params": {"k_pid_pos": [2.0, 0.0, 1.0], "k_pid_alt": [1.5005280830122079, 0.0, 0.0], "k_pid_att": [0.0, 0.0001, 0.4361056836276031], "k_pid_yaw": [0.5, 1e-06, 0.1], "k_pid_hsp": [0.0001, 0.0, 0.0], "k_pid_vsp": [346.64284340250475, 169.77658282143653, 1e-06]}, "datetime": {"datetime": "2025-08-20 13:33:05", "elapsed": 6040.483492136002, "delta": 23.884318351745605}, "costs": {"total_cost": 1195.2024090724233, "time_cost": 150, "final_distance_cost": 46.80002413291943, "oscillation_cost": 0.004389223526886968, "completition_cost": 888.8888888888888, "overshoot_cost": 83.81650717881264, "power_cost": 12.780227514648438, "noise_cost": 12.912372133627164, "n_waypoints_completed": 1, "tot_waypoints": 9}}
