{"target": -171.85765645932005, "params": {"k_pid_pos": [1.3487391540724816, 0.0, 0.6535669515232566], "k_pid_alt": [1.9997562955979649, 0.0, 0.0], "k_pid_att": [29.101487511984494, 0.0001, 0.3227787812020601], "k_pid_yaw": [0.5, 1e-06, 0.1], "k_pid_hsp": [0.1162000654899013, 7.277021323710507e-05, 0.0], "k_pid_vsp": [250.25133886370216, 364.8257017188228, 1e-06]}, "datetime": {"datetime": "2025-08-20 22:49:31", "elapsed": 39425.76833486557, "delta": 19.32315230369568}, "costs": {"total_cost": 171.85765645932005, "time_cost": 70.584, "final_distance_cost": 1.8271157507083886, "oscillation_cost": 25.368857207108455, "completition_cost": 0.0, "overshoot_cost": 50.740647879991975, "power_cost": 11.945514233398438, "noise_cost": 11.391521388112816, "n_waypoints_completed": 9, "tot_waypoints": 9}}
{"target": -171.66091203558327, "params": {"k_pid_pos": [1.333006796728069, 0.0, 0.6414679559481746], "k_pid_alt": [1.9998864464611168, 0.0, 0.0], "k_pid_att": [28.718035766173365, 0.0001, 0.3208550896011741], "k_pid_yaw": [0.5, 1e-06, 0.1], "k_pid_hsp": [0.09068399805879733, 0.00010911185657338017, 0.0], "k_pid_vsp": [242.5319782326564, 373.91682584698407, 1e-06]}, "datetime": {"datetime": "2025-08-20 22:49:46", "elapsed": 39441.13851356506, "delta": 15.370178699493408}, "costs": {"total_cost": 171.66091203558327, "time_cost": 70.608, "final_distance_cost": 1.806762826884666, "oscillation_cost": 25.15744867792143, "completition_cost": 0.0, "overshoot_cost": 51.2016934605108, "power_cost": 11.639246801757814, "noise_cost": 11.247760268508552, "n_waypoints_completed": 9, "tot_waypoints": 9}}
{"target": -171.6043594370468, "params": {"k_pid_pos": [1.3185253640459311, 0.0, 0.661183579192502], "k_pid_alt": [2.0, 0.0, 0.0], "k_pid_att": [27.97815826125248, 0.0001, 0.32212668122095345], "k_pid_yaw": [0.5, 1e-06, 0.1], "k_pid_hsp": [0.08999475583629482, 6.14691822194417e-05, 0.0], "k_pid_vsp": [247.32001407453058, 363.2368184475654, 1e-06]}, "datetime": {"datetime": "2025-08-20 22:50:02", "elapsed": 39456.99222064018, "delta": 15.853707075119019}, "costs": {"total_cost": 171.6043594370468, "time_cost": 70.696, "final_distance_cost": 1.8066761366272275, "oscillation_cost": 24.95234595030618, "completition_cost": 0.0, "overshoot_cost": 51.14246187388358, "power_cost": 11.705820092773438, "noise_cost": 11.301055383456372, "n_waypoints_completed": 9, "tot_waypoints": 9}}
{"target": -171.51223174884396, "params": {"k_pid_pos": [1.0943955876040925, 0.0, 0.38901651336260795], "k_pid_alt": [1.9998338936194626, 0.0, 0.0], "k_pid_att": [27.148006168574543, 0.0001, 0.31762383727964305], "k_pid_yaw": [0.5, 1e-06, 0.1], "k_pid_hsp": [0.09450880975923891, 6.189259068415013e-05, 0.0], "k_pid_vsp": [238.3062026640644, 380.1995659465013, 1e-06]}, "datetime": {"datetime": "2025-08-20 22:50:18", "elapsed": 39472.90649676323, "delta": 15.914276123046875}, "costs": {"total_cost": 171.51223174884396, "time_cost": 70.592, "final_distance_cost": 1.8098216381620131, "oscillation_cost": 24.720473981162193, "completition_cost": 0.0, "overshoot_cost": 51.30174721617241, "power_cost": 11.817694250488282, "noise_cost": 11.270494662859079, "n_waypoints_completed": 9, "tot_waypoints": 9}}
{"target": -172.95944490746678, "params": {"k_pid_pos": [1.4374897080895468, 0.0, 0.5625829467782391], "k_pid_alt": [1.999942810733774, 0.0, 0.0], "k_pid_att": [31.736979103068826, 0.0001, 0.22185764944184916], "k_pid_yaw": [0.5, 1e-06, 0.1], "k_pid_hsp": [0.10393846798913321, 0.0, 0.0], "k_pid_vsp": [240.8317536292853, 305.65258151066246, 1e-06]}, "datetime": {"datetime": "2025-08-20 22:50:34", "elapsed": 39489.10352921486, "delta": 16.19703245162964}, "costs": {"total_cost": 172.95944490746678, "time_cost": 70.2, "final_distance_cost": 1.8095359486491904, "oscillation_cost": 26.376985703191274, "completition_cost": 0.0, "overshoot_cost": 51.13903878961644, "power_cost": 12.092203686523439, "noise_cost": 11.341680779486406, "n_waypoints_completed": 9, "tot_waypoints": 9}}
{"target": -173.2722060429054, "params": {"k_pid_pos": [1.3241898325301182, 0.0, 0.5983565938666178], "k_pid_alt": [1.9999171018745778, 0.0, 0.0], "k_pid_att": [37.97216748248284, 0.0001, 0.3245625889946741], "k_pid_yaw": [0.5, 1e-06, 0.1], "k_pid_hsp": [0.07292806543901557, 4.844563622620396e-05, 0.0], "k_pid_vsp": [227.41129575984147, 370.16659043782056, 1e-06]}, "datetime": {"datetime": "2025-08-20 22:50:52", "elapsed": 39506.90295910835, "delta": 17.799429893493652}, "costs": {"total_cost": 173.2722060429054, "time_cost": 71.0, "final_distance_cost": 1.7788436511844852, "oscillation_cost": 24.7634976496356, "completition_cost": 0.0, "overshoot_cost": 52.297728644298196, "power_cost": 12.016273400878907, "noise_cost": 11.415862696908222, "n_waypoints_completed": 9, "tot_waypoints": 9}}
{"target": -172.17668116854708, "params": {"k_pid_pos": [1.2551505063359643, 0.0, 0.5934150705722225], "k_pid_alt": [1.9998931368053001, 0.0, 0.0], "k_pid_att": [27.5007142521479, 0.0001, 0.28345119609151725], "k_pid_yaw": [0.5, 1e-06, 0.1], "k_pid_hsp": [0.08756256982703534, 5.794047468315169e-05, 0.0], "k_pid_vsp": [238.08786508116168, 359.0369446334876, 1e-06]}, "datetime": {"datetime": "2025-08-20 22:51:07", "elapsed": 39522.33050274849, "delta": 15.427543640136719}, "costs": {"total_cost": 172.17668116854708, "time_cost": 70.728, "final_distance_cost": 1.8180479974064025, "oscillation_cost": 24.880197683470897, "completition_cost": 0.0, "overshoot_cost": 51.41563042122594, "power_cost": 11.96448427734375, "noise_cost": 11.370320789100088, "n_waypoints_completed": 9, "tot_waypoints": 9}}
{"target": -172.56354164525413, "params": {"k_pid_pos": [1.3400313551309755, 0.0, 0.7583454214991625], "k_pid_alt": [1.9998377727254202, 0.0, 0.0], "k_pid_att": [26.924745612003186, 0.0001, 0.30663269832847606], "k_pid_yaw": [0.5, 1e-06, 0.1], "k_pid_hsp": [0.06702235676008077, 1.892721147579818e-05, 0.0], "k_pid_vsp": [245.74642640379858, 380.04340170090444, 1e-06]}, "datetime": {"datetime": "2025-08-20 22:51:25", "elapsed": 39539.90059566498, "delta": 17.570092916488647}, "costs": {"total_cost": 172.56354164525413, "time_cost": 71.52, "final_distance_cost": 1.7961053511446166, "oscillation_cost": 24.191323466723002, "completition_cost": 0.0, "overshoot_cost": 52.31102463840967, "power_cost": 11.437697009277345, "noise_cost": 11.307391179699488, "n_waypoints_completed": 9, "tot_waypoints": 9}}
{"target": -173.12462646008987, "params": {"k_pid_pos": [1.290739135433776, 0.0, 0.6603554028360753], "k_pid_alt": [1.9998954996320963, 0.0, 0.0], "k_pid_att": [27.159707241746005, 0.0001, 0.3053263462478819], "k_pid_yaw": [0.5, 1e-06, 0.1], "k_pid_hsp": [0.0759198300932846, 0.0, 0.0], "k_pid_vsp": [266.31864174326034, 355.09961954729295, 1e-06]}, "datetime": {"datetime": "2025-08-20 22:51:40", "elapsed": 39555.268286943436, "delta": 15.367691278457642}, "costs": {"total_cost": 173.12462646008987, "time_cost": 71.04, "final_distance_cost": 1.822626963031423, "oscillation_cost": 24.486633595137896, "completition_cost": 0.0, "overshoot_cost": 52.10919163702818, "power_cost": 12.110361791992188, "noise_cost": 11.555812472900193, "n_waypoints_completed": 9, "tot_waypoints": 9}}
{"target": -172.14024739685996, "params": {"k_pid_pos": [1.2873969671516692, 0.0, 0.6340002082738685], "k_pid_alt": [1.9998163677499763, 0.0, 0.0], "k_pid_att": [29.73052368330687, 0.0001, 0.32739662978237183], "k_pid_yaw": [0.5, 1e-06, 0.1], "k_pid_hsp": [0.0793569492042783, 8.225604725502932e-05, 0.0], "k_pid_vsp": [231.70861370458587, 380.545846673259, 1e-06]}, "datetime": {"datetime": "2025-08-20 22:51:57", "elapsed": 39572.24474024773, "delta": 16.97645330429077}, "costs": {"total_cost": 172.14024739685996, "time_cost": 70.848, "final_distance_cost": 1.7963420781916202, "oscillation_cost": 24.911714883708132, "completition_cost": 0.0, "overshoot_cost": 51.56611552997833, "power_cost": 11.715260827636719, "noise_cost": 11.302814077345188, "n_waypoints_completed": 9, "tot_waypoints": 9}}
{"target": -172.21666546938252, "params": {"k_pid_pos": [1.4725408212375655, 0.0, 0.6265879571121198], "k_pid_alt": [1.9998494929504989, 0.0, 0.0], "k_pid_att": [31.893809608013285, 0.0001, 0.25360589411607054], "k_pid_yaw": [0.5, 1e-06, 0.1], "k_pid_hsp": [0.09122655509768214, 0.0, 0.0], "k_pid_vsp": [244.99645132423223, 290.19534393216617, 1e-06]}, "datetime": {"datetime": "2025-08-20 22:52:12", "elapsed": 39587.280101299286, "delta": 15.035361051559448}, "costs": {"total_cost": 172.21666546938252, "time_cost": 70.336, "final_distance_cost": 1.8072596127787743, "oscillation_cost": 25.85691248601961, "completition_cost": 0.0, "overshoot_cost": 51.08861363695412, "power_cost": 11.855631494140626, "noise_cost": 11.272248239489386, "n_waypoints_completed": 9, "tot_waypoints": 9}}
{"target": -171.75756031675928, "params": {"k_pid_pos": [1.3174151353978256, 0.0, 0.6557716708632793], "k_pid_alt": [1.999889758118132, 0.0, 0.0], "k_pid_att": [27.292774024823007, 0.0001, 0.32166200269899525], "k_pid_yaw": [0.5, 1e-06, 0.1], "k_pid_hsp": [0.0901434496152333, 6.246390798132397e-05, 0.0], "k_pid_vsp": [245.26847672867342, 355.5137351424883, 1e-06]}, "datetime": {"datetime": "2025-08-20 22:52:30", "elapsed": 39604.99037241936, "delta": 17.71027112007141}, "costs": {"total_cost": 171.75756031675928, "time_cost": 70.688, "final_distance_cost": 1.8325673837873062, "oscillation_cost": 24.921282164657963, "completition_cost": 0.0, "overshoot_cost": 51.122978097078324, "power_cost": 11.927769421386719, "noise_cost": 11.26496324984895, "n_waypoints_completed": 9, "tot_waypoints": 9}}
{"target": -173.83753332882597, "params": {"k_pid_pos": [1.2530721070424868, 0.0, 0.9586531956777593], "k_pid_alt": [2.0, 0.0, 0.0], "k_pid_att": [27.73315861916119, 0.0001, 0.3487602330631783], "k_pid_yaw": [0.5, 1e-06, 0.1], "k_pid_hsp": [0.09421439130996564, 0.0, 0.0], "k_pid_vsp": [226.82153893743276, 267.6299740445332, 1e-06]}, "datetime": {"datetime": "2025-08-20 22:52:46", "elapsed": 39620.87857460976, "delta": 15.88820219039917}, "costs": {"total_cost": 173.83753332882597, "time_cost": 72.496, "final_distance_cost": 1.8339994620036943, "oscillation_cost": 24.111016777969283, "completition_cost": 0.0, "overshoot_cost": 51.75845463988675, "power_cost": 11.919384619140626, "noise_cost": 11.718677829825621, "n_waypoints_completed": 9, "tot_waypoints": 9}}
{"target": -172.12063971195266, "params": {"k_pid_pos": [1.3894225349687999, 0.0, 0.717350764063602], "k_pid_alt": [1.999983092770886, 0.0, 0.0], "k_pid_att": [18.458193092829404, 0.0001, 0.32550324340187065], "k_pid_yaw": [0.5, 1e-06, 0.1], "k_pid_hsp": [0.0853050089581256, 6.33433081792811e-05, 0.0], "k_pid_vsp": [243.0910554402938, 366.4345481156612, 1e-06]}, "datetime": {"datetime": "2025-08-20 22:53:03", "elapsed": 39638.23460936546, "delta": 17.356034755706787}, "costs": {"total_cost": 172.12063971195266, "time_cost": 70.664, "final_distance_cost": 1.799586136083428, "oscillation_cost": 25.297416432755245, "completition_cost": 0.0, "overshoot_cost": 51.138830888969004, "power_cost": 11.929018981933595, "noise_cost": 11.291787272211376, "n_waypoints_completed": 9, "tot_waypoints": 9}}
{"target": -172.8800048885515, "params": {"k_pid_pos": [1.3050934230601419, 0.0, 0.7016202401068495], "k_pid_alt": [1.999898385026228, 0.0, 0.0], "k_pid_att": [27.000636948164484, 0.0001, 0.3267718360828872], "k_pid_yaw": [0.5, 1e-06, 0.1], "k_pid_hsp": [0.0933219403455119, 0.00012296494312406264, 0.0], "k_pid_vsp": [226.07889604028983, 360.2292658841495, 1e-06]}, "datetime": {"datetime": "2025-08-20 22:53:19", "elapsed": 39653.6812183857, "delta": 15.446609020233154}, "costs": {"total_cost": 172.8800048885515, "time_cost": 70.848, "final_distance_cost": 1.8361157441375708, "oscillation_cost": 24.97313848079494, "completition_cost": 0.0, "overshoot_cost": 51.71642312999542, "power_cost": 12.038009802246094, "noise_cost": 11.468317731377482, "n_waypoints_completed": 9, "tot_waypoints": 9}}
{"target": -172.35152771352077, "params": {"k_pid_pos": [1.3241004823520455, 0.0, 0.7373743587603034], "k_pid_alt": [1.999891740988433, 0.0, 0.0], "k_pid_att": [29.26998927574295, 0.0001, 0.3465267191459285], "k_pid_yaw": [0.5, 1e-06, 0.1], "k_pid_hsp": [0.08797705681560518, 4.497276697445631e-05, 0.0], "k_pid_vsp": [256.19071770809825, 362.22413399108996, 1e-06]}, "datetime": {"datetime": "2025-08-20 22:53:36", "elapsed": 39670.95531749725, "delta": 17.274099111557007}, "costs": {"total_cost": 172.35152771352077, "time_cost": 70.912, "final_distance_cost": 1.827859343520287, "oscillation_cost": 24.84881543669855, "completition_cost": 0.0, "overshoot_cost": 51.60334240981926, "power_cost": 11.843441137695313, "noise_cost": 11.316069385787348, "n_waypoints_completed": 9, "tot_waypoints": 9}}
{"target": -171.47405902217517, "params": {"k_pid_pos": [1.3252453332865068, 0.0, 0.6518386817774471], "k_pid_alt": [1.999906593810821, 0.0, 0.0], "k_pid_att": [28.904795797889193, 0.0001, 0.3087607689343278], "k_pid_yaw": [0.5, 1e-06, 0.1], "k_pid_hsp": [0.09420664360539517, 5.933995845986016e-05, 0.0], "k_pid_vsp": [242.10417527019166, 367.44553443624875, 1e-06]}, "datetime": {"datetime": "2025-08-20 22:53:52", "elapsed": 39686.80256175995, "delta": 15.847244262695312}, "costs": {"total_cost": 171.47405902217517, "time_cost": 70.624, "final_distance_cost": 1.8229357403767454, "oscillation_cost": 25.086439910806302, "completition_cost": 0.0, "overshoot_cost": 51.13870584348225, "power_cost": 11.578848364257814, "noise_cost": 11.223129163252056, "n_waypoints_completed": 9, "tot_waypoints": 9}}
{"target": -171.81815540728576, "params": {"k_pid_pos": [1.3616720967994767, 0.0, 0.7177170321718722], "k_pid_alt": [2.0, 0.0, 0.0], "k_pid_att": [30.782776029364317, 0.0001, 0.3745083195648373], "k_pid_yaw": [0.5, 1e-06, 0.1], "k_pid_hsp": [0.09741212151656294, 5.991865103803263e-05, 0.0], "k_pid_vsp": [278.8724482750367, 374.2632116971203, 1e-06]}, "datetime": {"datetime": "2025-08-20 22:54:09", "elapsed": 39704.03315925598, "delta": 17.230597496032715}, "costs": {"total_cost": 171.81815540728576, "time_cost": 70.76, "final_distance_cost": 1.823972384114487, "oscillation_cost": 24.81838991253003, "completition_cost": 0.0, "overshoot_cost": 51.05927500561793, "power_cost": 11.954110180664063, "noise_cost": 11.402407924359235, "n_waypoints_completed": 9, "tot_waypoints": 9}}
{"target": -172.64898671893246, "params": {"k_pid_pos": [1.2295737175869172, 0.0, 0.625446479002284], "k_pid_alt": [1.999984934871528, 0.0, 0.0], "k_pid_att": [18.63180444436021, 0.0001, 0.2927326689063624], "k_pid_yaw": [0.5, 1e-06, 0.1], "k_pid_hsp": [0.10331496707751825, 5.804180809883662e-05, 0.0], "k_pid_vsp": [230.19300522635427, 386.94306607210916, 1e-06]}, "datetime": {"datetime": "2025-08-20 22:54:25", "elapsed": 39720.253532886505, "delta": 16.22037363052368}, "costs": {"total_cost": 172.64898671893246, "time_cost": 70.84, "final_distance_cost": 1.8150699744319954, "oscillation_cost": 25.02483065505026, "completition_cost": 0.0, "overshoot_cost": 51.30289013069081, "power_cost": 12.130419543457032, "noise_cost": 11.53577641530233, "n_waypoints_completed": 9, "tot_waypoints": 9}}
{"target": -171.94442977182507, "params": {"k_pid_pos": [1.2414914898513147, 0.0, 0.6395695965205151], "k_pid_alt": [1.9998984526231922, 0.0, 0.0], "k_pid_att": [27.335506762924553, 0.0001, 0.21090679729959008], "k_pid_yaw": [0.5, 1e-06, 0.1], "k_pid_hsp": [0.07787918627232802, 9.639609421278088e-05, 0.0], "k_pid_vsp": [253.14000228638207, 378.4044843422695, 1e-06]}, "datetime": {"datetime": "2025-08-20 22:54:42", "elapsed": 39737.33802103996, "delta": 17.08448815345764}, "costs": {"total_cost": 171.94442977182507, "time_cost": 71.08, "final_distance_cost": 1.7949786567175956, "oscillation_cost": 24.446484031197492, "completition_cost": 0.0, "overshoot_cost": 51.708970057686585, "power_cost": 11.622050207519532, "noise_cost": 11.291946818703881, "n_waypoints_completed": 9, "tot_waypoints": 9}}
{"target": -172.02135466629724, "params": {"k_pid_pos": [1.3267811503053124, 0.0, 0.618861283838062], "k_pid_alt": [1.999887981060661, 0.0, 0.0], "k_pid_att": [27.557193916313366, 0.0001, 0.4703691567631391], "k_pid_yaw": [0.5, 1e-06, 0.1], "k_pid_hsp": [0.0927570901330072, 5.4581615706342395e-06, 0.0], "k_pid_vsp": [261.8128399255314, 371.8090779216428, 1e-06]}, "datetime": {"datetime": "2025-08-20 22:54:58", "elapsed": 39752.88949131966, "delta": 15.551470279693604}, "costs": {"total_cost": 172.02135466629724, "time_cost": 70.544, "final_distance_cost": 1.8258525242362076, "oscillation_cost": 25.30619489648964, "completition_cost": 0.0, "overshoot_cost": 51.26664249946348, "power_cost": 11.820494750976563, "noise_cost": 11.25816999513133, "n_waypoints_completed": 9, "tot_waypoints": 9}}
{"target": -171.5006022686918, "params": {"k_pid_pos": [1.2104751061074737, 0.0, 0.6943863134450253], "k_pid_alt": [1.9997232654305506, 0.0, 0.0], "k_pid_att": [25.944207126864214, 0.0001, 0.33605629717351604], "k_pid_yaw": [0.5, 1e-06, 0.1], "k_pid_hsp": [0.11179319287811462, 2.4844692875334413e-05, 0.0], "k_pid_vsp": [238.90506110507556, 397.25729414445067, 1e-06]}, "datetime": {"datetime": "2025-08-20 22:55:15", "elapsed": 39769.702164411545, "delta": 16.812673091888428}, "costs": {"total_cost": 171.5006022686918, "time_cost": 71.224, "final_distance_cost": 1.8372581051996721, "oscillation_cost": 24.511288802259667, "completition_cost": 0.0, "overshoot_cost": 51.002586389364595, "power_cost": 11.650073217773437, "noise_cost": 11.275395754094431, "n_waypoints_completed": 9, "tot_waypoints": 9}}
{"target": -172.51606465560278, "params": {"k_pid_pos": [1.3357758302445109, 0.0, 0.6163066943327824], "k_pid_alt": [1.999901806952831, 0.0, 0.0], "k_pid_att": [13.447842299343298, 0.0001, 0.3164338441951268], "k_pid_yaw": [0.5, 1e-06, 0.1], "k_pid_hsp": [0.08897091816696537, 3.644536805905552e-05, 0.0], "k_pid_vsp": [255.33454619330192, 389.6086435271045, 1e-06]}, "datetime": {"datetime": "2025-08-20 22:55:30", "elapsed": 39785.41244983673, "delta": 15.710285425186157}, "costs": {"total_cost": 172.51606465560278, "time_cost": 70.456, "final_distance_cost": 1.800941308939894, "oscillation_cost": 25.37592202777068, "completition_cost": 0.0, "overshoot_cost": 51.79471160800269, "power_cost": 11.809867944335938, "noise_cost": 11.27862176655355, "n_waypoints_completed": 9, "tot_waypoints": 9}}
{"target": -171.3588100121097, "params": {"k_pid_pos": [1.3244884453946426, 0.0, 0.655218439453977], "k_pid_alt": [1.9998760907264888, 0.0, 0.0], "k_pid_att": [42.3259595352502, 0.0001, 0.32246478192652017], "k_pid_yaw": [0.5, 1e-06, 0.1], "k_pid_hsp": [0.09110538940241684, 6.072484887490635e-05, 0.0], "k_pid_vsp": [242.03625205056102, 371.80074174299426, 1e-06]}, "datetime": {"datetime": "2025-08-20 22:55:47", "elapsed": 39801.86259961128, "delta": 16.45014977455139}, "costs": {"total_cost": 171.3588100121097, "time_cost": 70.70400000000001, "final_distance_cost": 1.8274852552324186, "oscillation_cost": 24.91342407546031, "completition_cost": 0.0, "overshoot_cost": 51.14869480994193, "power_cost": 11.579545288085939, "noise_cost": 11.18566058338909, "n_waypoints_completed": 9, "tot_waypoints": 9}}
{"target": -172.0760497948658, "params": {"k_pid_pos": [1.2806041395371062, 0.0, 0.6432468539188125], "k_pid_alt": [1.9998980691001988, 0.0, 0.0], "k_pid_att": [27.075421648448994, 0.0001, 0.31945489240717007], "k_pid_yaw": [0.5, 1e-06, 0.1], "k_pid_hsp": [0.08018280725509122, 4.078830549470569e-05, 0.0], "k_pid_vsp": [232.5104218225595, 381.2876744126073, 1e-06]}, "datetime": {"datetime": "2025-08-20 22:56:03", "elapsed": 39818.103534698486, "delta": 16.24093508720398}, "costs": {"total_cost": 172.0760497948658, "time_cost": 70.864, "final_distance_cost": 1.79740682095307, "oscillation_cost": 24.81721631614635, "completition_cost": 0.0, "overshoot_cost": 51.67608594516189, "power_cost": 11.62088533935547, "noise_cost": 11.300455373249019, "n_waypoints_completed": 9, "tot_waypoints": 9}}
{"target": -172.3511097390938, "params": {"k_pid_pos": [1.3631409304495454, 0.0, 0.6249469376573654], "k_pid_alt": [1.9998879364485072, 0.0, 0.0], "k_pid_att": [25.755250461282362, 0.0001, 0.3184255678746913], "k_pid_yaw": [0.5, 1e-06, 0.1], "k_pid_hsp": [0.09311670642255583, 6.0435553591419484e-05, 0.0], "k_pid_vsp": [253.51696043488144, 373.4652291613906, 1e-06]}, "datetime": {"datetime": "2025-08-20 22:56:20", "elapsed": 39835.40455532074, "delta": 17.301020622253418}, "costs": {"total_cost": 172.3511097390938, "time_cost": 70.48, "final_distance_cost": 1.8276522167466687, "oscillation_cost": 25.625231715515174, "completition_cost": 0.0, "overshoot_cost": 51.143187428940614, "power_cost": 11.954518725585938, "noise_cost": 11.320519652305428, "n_waypoints_completed": 9, "tot_waypoints": 9}}
{"target": -171.7569363671723, "params": {"k_pid_pos": [1.313459250484178, 0.0, 0.6575908421707455], "k_pid_alt": [1.9998958231334123, 0.0, 0.0], "k_pid_att": [25.920284504152693, 0.0001, 0.31093198173486597], "k_pid_yaw": [0.5, 1e-06, 0.1], "k_pid_hsp": [0.08837482394338075, 5.884581689752808e-05, 0.0], "k_pid_vsp": [232.7955028709689, 376.32078770657654, 1e-06]}, "datetime": {"datetime": "2025-08-20 22:56:36", "elapsed": 39850.996052742004, "delta": 15.591497421264648}, "costs": {"total_cost": 171.7569363671723, "time_cost": 70.688, "final_distance_cost": 1.8011686102636066, "oscillation_cost": 24.982411704901498, "completition_cost": 0.0, "overshoot_cost": 51.12947742263839, "power_cost": 11.790747143554688, "noise_cost": 11.365131485814116, "n_waypoints_completed": 9, "tot_waypoints": 9}}
