{"target": -879.3101941771245, "params": {"k_pid_pos": [1.8624793477566346, 0.11973358850112281, 0.1171035659001105], "k_pid_alt": [0.17541802382153682, 0.6578632850405278, 0.4186083007903795], "k_pid_att": [77.43214161418433, 6.712347009944595, 0.33363775832823817], "k_pid_yaw": [0.5, 1e-06, 0.1], "k_pid_hsp": [8.983675636960621, 0.7625321470706523, 0.2705349409101757], "k_pid_vsp": [145.6768071088216, 125.77599276726518, 63.04466029238821]}, "datetime": {"datetime": "2025-08-20 12:02:09", "elapsed": 583.8948037624359, "delta": 25.061732292175293}, "costs": {"total_cost": 879.3101941771245, "time_cost": 150, "final_distance_cost": 65.15186327156863, "oscillation_cost": 237.093823486454, "completition_cost": 333.33333333333337, "overshoot_cost": 54.141041717799034, "power_cost": 22.134969470214845, "noise_cost": 17.455162897754583, "n_waypoints_completed": 6, "tot_waypoints": 9}}
{"target": -1273.5905603160666, "params": {"k_pid_pos": [0.29565196674712907, 0.936127463375744, 0.43790403719875326], "k_pid_alt": [0.7666396455548197, 0.7296857086773779, 0.5529930652528999], "k_pid_att": [93.61399868384622, 7.803036908944531, 0.47936956412454035], "k_pid_yaw": [0.5, 1e-06, 0.1], "k_pid_hsp": [3.7636570988609144, 0.986631544924322, 0.7177602360036435], "k_pid_vsp": [380.47786400153643, 47.391431768337966, 340.2134718257794]}, "datetime": {"datetime": "2025-08-20 12:02:33", "elapsed": 607.7690353393555, "delta": 23.874231576919556}, "costs": {"total_cost": 1273.5905603160666, "time_cost": 150, "final_distance_cost": 98.01099155567343, "oscillation_cost": 148.93551308555942, "completition_cost": 777.7777777777778, "overshoot_cost": 59.38724169593309, "power_cost": 22.709227490234376, "noise_cost": 16.769808710888366, "n_waypoints_completed": 2, "tot_waypoints": 9}}
{"target": -949.0331896172913, "params": {"k_pid_pos": [1.274184060594016, 0.12192167833511258, 0.5882579999692207], "k_pid_alt": [1.3721927302108976, 0.012302685888602838, 0.45431796184174655], "k_pid_att": [82.53995111963212, 2.9536607175383645, 0.4585480817985511], "k_pid_yaw": [0.5, 1e-06, 0.1], "k_pid_hsp": [4.423197039266225, 0.3019273914424916, 0.9184418955155542], "k_pid_vsp": [312.51761417260633, 44.235365287855785, 398.8138631379946]}, "datetime": {"datetime": "2025-08-20 12:02:55", "elapsed": 629.5872223377228, "delta": 21.81818699836731}, "costs": {"total_cost": 949.0331896172913, "time_cost": 150, "final_distance_cost": 51.996816369580785, "oscillation_cost": 325.466383966804, "completition_cost": 333.33333333333337, "overshoot_cost": 47.239553235413794, "power_cost": 23.159523559570314, "noise_cost": 17.837579152589026, "n_waypoints_completed": 6, "tot_waypoints": 9}}
{"target": -1319.8060199676756, "params": {"k_pid_pos": [1.7584121286130596, 0.28390843786403896, 0.8368965796609382], "k_pid_alt": [0.21283906374276573, 0.9991047304742386, 0.6656847361065369], "k_pid_att": [65.0125015558797, 0.904498225768629, 0.8970333988966253], "k_pid_yaw": [0.5, 1e-06, 0.1], "k_pid_hsp": [0.2900921320943738, 0.24082805804114704, 0.143021875166635], "k_pid_vsp": [310.7071762768874, 79.28169168695491, 364.2552909417159]}, "datetime": {"datetime": "2025-08-20 12:03:16", "elapsed": 651.5217638015747, "delta": 21.93454146385193}, "costs": {"total_cost": 1319.8060199676756, "time_cost": 150, "final_distance_cost": 92.03555632266449, "oscillation_cost": 213.7900451211329, "completition_cost": 777.7777777777778, "overshoot_cost": 54.2215147930172, "power_cost": 17.14963806152344, "noise_cost": 14.831487891559684, "n_waypoints_completed": 2, "tot_waypoints": 9}}
{"target": -469.178892085754, "params": {"k_pid_pos": [1.3125724517510475, 0.036162710494696215, 0.0054298341287004614], "k_pid_alt": [0.10331583402879785, 0.6059251776477277, 0.8014818108594153], "k_pid_att": [23.855282062738848, 8.494103488346438, 0.057231940153260386], "k_pid_yaw": [0.5, 1e-06, 0.1], "k_pid_hsp": [8.009658440031398, 0.9277954301722804, 0.7721083991043806], "k_pid_vsp": [279.24831359145486, 335.19208762417304, 16.06052077867527]}, "datetime": {"datetime": "2025-08-20 12:03:38", "elapsed": 672.8063237667084, "delta": 21.284559965133667}, "costs": {"total_cost": 469.178892085754, "time_cost": 96.70400000000001, "final_distance_cost": 1.7526241541383205, "oscillation_cost": 281.58708566601666, "completition_cost": 0.0, "overshoot_cost": 61.61952015446215, "power_cost": 14.953190856933594, "noise_cost": 12.56247125420327, "n_waypoints_completed": 9, "tot_waypoints": 9}}
{"target": -1507.6618634889553, "params": {"k_pid_pos": [0.40364404322703884, 0.12492367930564308, 0.5045309901929865], "k_pid_alt": [1.490376256657689, 0.6300118445763987, 0.851131099761935], "k_pid_att": [15.521299244109088, 7.346237457242422, 0.1930414908689041], "k_pid_yaw": [0.5, 1e-06, 0.1], "k_pid_hsp": [2.707660437302871, 0.7099046972813039, 0.9802047848986818], "k_pid_vsp": [244.61744239082782, 21.800126942017926, 246.52358835470415]}, "datetime": {"datetime": "2025-08-20 12:04:00", "elapsed": 694.9741089344025, "delta": 22.167785167694092}, "costs": {"total_cost": 1507.6618634889553, "time_cost": 150, "final_distance_cost": 94.25354639994978, "oscillation_cost": 400.8796741975968, "completition_cost": 777.7777777777778, "overshoot_cost": 49.5746626308218, "power_cost": 19.084225231933594, "noise_cost": 16.091977250875466, "n_waypoints_completed": 2, "tot_waypoints": 9}}
{"target": -218.09531696141852, "params": {"k_pid_pos": [0.7, 0.01, 0.09], "k_pid_alt": [0.7, 0.0, 0.1], "k_pid_att": [20.0, 1.0, 0.01], "k_pid_yaw": [0.5, 1e-06, 0.1], "k_pid_hsp": [1.0, 0.01, 0.01], "k_pid_vsp": [150.0, 10.0, 1.0]}, "datetime": {"datetime": "2025-08-20 12:04:17", "elapsed": 712.3584623336792, "delta": 17.384353399276733}, "costs": {"total_cost": 218.09531696141852, "time_cost": 80.52, "final_distance_cost": 1.846802047158783, "oscillation_cost": 57.276179474947774, "completition_cost": 0.0, "overshoot_cost": 51.66750285084266, "power_cost": 13.680444506835938, "noise_cost": 13.10438808163336, "n_waypoints_completed": 9, "tot_waypoints": 9}}
{"target": -1291.6123399541582, "params": {"k_pid_pos": [0.6567320654362283, 0.20216910811064037, 0.08840334280027962], "k_pid_alt": [1.1384787879615774, 0.14584570884582077, 0.03086226762341815], "k_pid_att": [14.90675717937319, 0.0001, 0.22596781088848206], "k_pid_yaw": [0.5, 1e-06, 0.1], "k_pid_hsp": [2.4896490604827886, 0.0, 0.2512966503929265], "k_pid_vsp": [183.92423731782014, 23.383403553282804, 225.91187807537165]}, "datetime": {"datetime": "2025-08-20 12:04:39", "elapsed": 734.5100317001343, "delta": 22.151569366455078}, "costs": {"total_cost": 1291.6123399541582, "time_cost": 150, "final_distance_cost": 64.27368246752326, "oscillation_cost": 310.23815977696466, "completition_cost": 666.6666666666667, "overshoot_cost": 59.43654801766155, "power_cost": 22.04548260498047, "noise_cost": 18.95180042036136, "n_waypoints_completed": 3, "tot_waypoints": 9}}
{"target": -368.7189154051659, "params": {"k_pid_pos": [1.0573668032801327, 0.0, 0.0], "k_pid_alt": [0.6935282947541401, 0.25053513517621456, 0.09718186926880704], "k_pid_att": [20.40722296653152, 2.571360658211186, 0.01838724423759347], "k_pid_yaw": [0.5, 1e-06, 0.1], "k_pid_hsp": [6.606481000551011, 0.3032028488319747, 0.1847101492735711], "k_pid_vsp": [248.14848999135407, 96.34099742698903, 1e-06]}, "datetime": {"datetime": "2025-08-20 12:04:57", "elapsed": 751.6274099349976, "delta": 17.11737823486328}, "costs": {"total_cost": 368.7189154051659, "time_cost": 78.896, "final_distance_cost": 1.7440399817883536, "oscillation_cost": 208.47203995183472, "completition_cost": 0.0, "overshoot_cost": 51.27696904099412, "power_cost": 15.31112860107422, "noise_cost": 13.018737829474457, "n_waypoints_completed": 9, "tot_waypoints": 9}}
{"target": -215.774451566168, "params": {"k_pid_pos": [1.2918626601357748, 0.22210925514852478, 0.142498180226586], "k_pid_alt": [0.7800198578842121, 0.03634473471224914, 0.18730248466085264], "k_pid_att": [7.777158767827123, 0.0001, 0.038562596599452825], "k_pid_yaw": [0.5, 1e-06, 0.1], "k_pid_hsp": [1.1590166003418183, 0.0059113726448905, 0.0], "k_pid_vsp": [220.74167433492545, 30.667474391013954, 9.546050635031719]}, "datetime": {"datetime": "2025-08-20 12:05:16", "elapsed": 770.9782567024231, "delta": 19.350846767425537}, "costs": {"total_cost": 215.774451566168, "time_cost": 89.696, "final_distance_cost": 1.7870069075034325, "oscillation_cost": 41.22465230237869, "completition_cost": 0.0, "overshoot_cost": 51.70839609730625, "power_cost": 16.942726562500003, "noise_cost": 14.415669696479595, "n_waypoints_completed": 9, "tot_waypoints": 9}}
{"target": -249.19716537968765, "params": {"k_pid_pos": [0.7342311447942294, 0.3483247885524542, 0.32368145709171314], "k_pid_alt": [1.2914526245695748, 0.611084775232076, 0.0], "k_pid_att": [31.770823803275597, 2.0987113539840876, 0.012129335818138496], "k_pid_yaw": [0.5, 1e-06, 0.1], "k_pid_hsp": [4.330286033169218, 0.12926608024624353, 0.0], "k_pid_vsp": [159.44278499878428, 1e-06, 2.550500124918866]}, "datetime": {"datetime": "2025-08-20 12:05:37", "elapsed": 792.0993006229401, "delta": 21.121043920516968}, "costs": {"total_cost": 249.19716537968765, "time_cost": 96.176, "final_distance_cost": 1.7406428057349463, "oscillation_cost": 63.65662377513117, "completition_cost": 0.0, "overshoot_cost": 57.14780017421548, "power_cost": 15.813914587402344, "noise_cost": 14.662184037203705, "n_waypoints_completed": 9, "tot_waypoints": 9}}
{"target": -210.37972606597592, "params": {"k_pid_pos": [0.7138024802207225, 0.0, 0.3646690302970327], "k_pid_alt": [1.0371292263820489, 0.7357508358519228, 0.006315661809655482], "k_pid_att": [25.47854722976644, 0.0001, 0.05749055826026207], "k_pid_yaw": [0.5, 1e-06, 0.1], "k_pid_hsp": [1.3607927435599483, 0.04062919299230375, 0.0], "k_pid_vsp": [180.32957403032086, 19.09245849803486, 1e-06]}, "datetime": {"datetime": "2025-08-20 12:05:57", "elapsed": 811.5640437602997, "delta": 19.46474313735962}, "costs": {"total_cost": 210.37972606597592, "time_cost": 88.824, "final_distance_cost": 1.8169047509299083, "oscillation_cost": 37.75520637574432, "completition_cost": 0.0, "overshoot_cost": 54.542784501713925, "power_cost": 14.530006250000001, "noise_cost": 12.910824187587759, "n_waypoints_completed": 9, "tot_waypoints": 9}}
{"target": -1300.7125411465738, "params": {"k_pid_pos": [0.8135228220905117, 0.6916875839230108, 0.17122357089012147], "k_pid_alt": [0.6990115955490201, 0.28812165574911647, 0.3110347943857567], "k_pid_att": [14.44250831643322, 1.0009156019346745, 0.07950314322364552], "k_pid_yaw": [0.5, 1e-06, 0.1], "k_pid_hsp": [0.0001, 0.43947921545469754, 0.0], "k_pid_vsp": [125.92222388463068, 53.250689370308805, 126.62530983013303]}, "datetime": {"datetime": "2025-08-20 12:06:19", "elapsed": 833.5822448730469, "delta": 22.018201112747192}, "costs": {"total_cost": 1300.7125411465738, "time_cost": 150, "final_distance_cost": 56.72140715728837, "oscillation_cost": 78.22685276611435, "completition_cost": 888.8888888888888, "overshoot_cost": 79.00982433546578, "power_cost": 28.016241650390626, "noise_cost": 19.849326348425816, "n_waypoints_completed": 1, "tot_waypoints": 9}}
{"target": -1027.691354583337, "params": {"k_pid_pos": [1.001922914601462, 0.0, 0.13640327696679655], "k_pid_alt": [0.29501191511818764, 0.4079151817502761, 0.4199318274688991], "k_pid_att": [20.164733957465806, 3.005048769095062, 0.19219587092153356], "k_pid_yaw": [0.5, 1e-06, 0.1], "k_pid_hsp": [1.0370004660813552, 0.42065983068553386, 0.28652358089757596], "k_pid_vsp": [89.53794548061995, 1e-06, 48.16433136183139]}, "datetime": {"datetime": "2025-08-20 12:06:40", "elapsed": 855.4833216667175, "delta": 21.901076793670654}, "costs": {"total_cost": 1027.691354583337, "time_cost": 150, "final_distance_cost": 53.76886267678994, "oscillation_cost": 294.3540090043354, "completition_cost": 444.4444444444444, "overshoot_cost": 50.20801420852598, "power_cost": 19.113334912109377, "noise_cost": 15.80268933713172, "n_waypoints_completed": 5, "tot_waypoints": 9}}
{"target": -882.530405826358, "params": {"k_pid_pos": [0.7738719189462961, 0.0, 0.09097633369164496], "k_pid_alt": [0.7450676218670627, 0.011885592198105008, 0.0], "k_pid_att": [19.845514303708388, 0.9011561622353012, 0.0], "k_pid_yaw": [0.5, 1e-06, 0.1], "k_pid_hsp": [0.11547961118476646, 0.1259852174601719, 0.15343949576795013], "k_pid_vsp": [219.8266001691301, 12.654371475225702, 1e-06]}, "datetime": {"datetime": "2025-08-20 12:07:03", "elapsed": 878.2348003387451, "delta": 22.751478672027588}, "costs": {"total_cost": 882.530405826358, "time_cost": 150, "final_distance_cost": 58.81982795419923, "oscillation_cost": 349.0087200539275, "completition_cost": 222.2222222222222, "overshoot_cost": 67.57403192663334, "power_cost": 19.224933593750002, "noise_cost": 15.680670075625747, "n_waypoints_completed": 7, "tot_waypoints": 9}}
{"target": -361.2357681460275, "params": {"k_pid_pos": [0.7309380479469231, 0.6640023502510549, 0.30454786498806763], "k_pid_alt": [1.0538141312434934, 0.031030827555191924, 0.4856951411518376], "k_pid_att": [44.183753329067976, 0.0001, 0.5706890836711672], "k_pid_yaw": [0.5, 1e-06, 0.1], "k_pid_hsp": [1.8879797079159015, 0.07829050903139026, 0.17089986427727802], "k_pid_vsp": [170.5694950232415, 1e-06, 1e-06]}, "datetime": {"datetime": "2025-08-20 12:07:24", "elapsed": 898.9860844612122, "delta": 20.75128412246704}, "costs": {"total_cost": 361.2357681460275, "time_cost": 95.608, "final_distance_cost": 1.7937734387072277, "oscillation_cost": 174.18137050056043, "completition_cost": 0.0, "overshoot_cost": 54.72384313123675, "power_cost": 18.656604528808593, "noise_cost": 16.27217654671451, "n_waypoints_completed": 9, "tot_waypoints": 9}}
{"target": -378.04729337929757, "params": {"k_pid_pos": [1.6393699000178554, 0.6458354520099417, 0.13789113696263489], "k_pid_alt": [1.0403550573085878, 0.007575988520017729, 0.4648268856114722], "k_pid_att": [21.187491084414187, 1.6417004134269506, 0.0], "k_pid_yaw": [0.5, 1e-06, 0.1], "k_pid_hsp": [7.638943082706597, 0.0, 0.07461800635718863], "k_pid_vsp": [106.22338427454706, 9.208545066490288, 1e-06]}, "datetime": {"datetime": "2025-08-20 12:07:43", "elapsed": 918.2038064002991, "delta": 19.217721939086914}, "costs": {"total_cost": 378.04729337929757, "time_cost": 88.456, "final_distance_cost": 1.7221896613597234, "oscillation_cost": 198.05406792333415, "completition_cost": 0.0, "overshoot_cost": 56.97994365303527, "power_cost": 17.70624372558594, "noise_cost": 15.128848415982548, "n_waypoints_completed": 9, "tot_waypoints": 9}}
{"target": -206.84975652236525, "params": {"k_pid_pos": [0.7201274068541907, 0.8063837444073506, 0.6299587338267064], "k_pid_alt": [0.7057687661344094, 0.0, 0.07940558212741336], "k_pid_att": [36.517507779729584, 0.4774464997906951, 0.11117412899836931], "k_pid_yaw": [0.5, 1e-06, 0.1], "k_pid_hsp": [1.5240116193538953, 0.037384658157855286, 0.0], "k_pid_vsp": [332.88740943575596, 92.8754754489442, 1e-06]}, "datetime": {"datetime": "2025-08-20 12:08:02", "elapsed": 937.4881432056427, "delta": 19.284336805343628}, "costs": {"total_cost": 206.84975652236525, "time_cost": 87.08800000000001, "final_distance_cost": 1.7820184116566906, "oscillation_cost": 38.700664309335856, "completition_cost": 0.0, "overshoot_cost": 51.47611775395092, "power_cost": 14.537334350585938, "noise_cost": 13.26562169683583, "n_waypoints_completed": 9, "tot_waypoints": 9}}
{"target": -219.71854330568516, "params": {"k_pid_pos": [1.7521323476803239, 0.10402464099610942, 0.37007847082735423], "k_pid_alt": [0.7211807328148256, 0.4782642031344417, 0.14709237636054096], "k_pid_att": [22.94677611804989, 0.9775852338687597, 0.0], "k_pid_yaw": [0.5, 1e-06, 0.1], "k_pid_hsp": [0.8559649811574859, 0.14864504417882562, 0.0], "k_pid_vsp": [197.93866689478, 129.65659793729017, 14.759094547891195]}, "datetime": {"datetime": "2025-08-20 12:08:21", "elapsed": 956.2390675544739, "delta": 18.750924348831177}, "costs": {"total_cost": 219.71854330568516, "time_cost": 85.72, "final_distance_cost": 1.7579515582138492, "oscillation_cost": 48.58280399730767, "completition_cost": 0.0, "overshoot_cost": 53.704545059085156, "power_cost": 16.81365272216797, "noise_cost": 13.139589968910508, "n_waypoints_completed": 9, "tot_waypoints": 9}}
{"target": -1354.2727547433014, "params": {"k_pid_pos": [0.5991905538142508, 0.0, 0.0], "k_pid_alt": [0.5674973929047336, 0.06965859372003907, 0.023741410607755697], "k_pid_att": [12.53613243241844, 0.30093758410603666, 0.02942843014785397], "k_pid_yaw": [0.5, 1e-06, 0.1], "k_pid_hsp": [0.2744994637724093, 0.0, 0.0], "k_pid_vsp": [126.13280264198337, 42.931042328906216, 140.74306610252162]}, "datetime": {"datetime": "2025-08-20 12:08:43", "elapsed": 978.1237511634827, "delta": 21.88468360900879}, "costs": {"total_cost": 1354.2727547433014, "time_cost": 150, "final_distance_cost": 124.10569750666959, "oscillation_cost": 10.962870079244084, "completition_cost": 888.8888888888888, "overshoot_cost": 116.80428173738153, "power_cost": 37.143905859375, "noise_cost": 26.3671106717424, "n_waypoints_completed": 1, "tot_waypoints": 9}}
{"target": -415.8208971048428, "params": {"k_pid_pos": [0.9989645949173229, 0.24349504386760779, 0.17818683833718002], "k_pid_alt": [1.3863572233107313, 0.0, 0.4136027219785505], "k_pid_att": [22.980701481058095, 1.1507984046281763, 0.7914084191149521], "k_pid_yaw": [0.5, 1e-06, 0.1], "k_pid_hsp": [0.6123761878460341, 0.0, 0.2889331222547563], "k_pid_vsp": [230.24132573199557, 278.5223315611445, 25.64443689222638]}, "datetime": {"datetime": "2025-08-20 12:09:04", "elapsed": 998.8748245239258, "delta": 20.751073360443115}, "costs": {"total_cost": 415.8208971048428, "time_cost": 94.2, "final_distance_cost": 1.7077997482057345, "oscillation_cost": 230.2600468317533, "completition_cost": 0.0, "overshoot_cost": 56.50962177814767, "power_cost": 18.476980578613283, "noise_cost": 14.666448168122834, "n_waypoints_completed": 9, "tot_waypoints": 9}}
{"target": -1259.0447261028696, "params": {"k_pid_pos": [0.20623782522961243, 0.023258630669038664, 0.45904611758846575], "k_pid_alt": [1.0085674757846197, 0.018071669285127018, 0.13447152363218065], "k_pid_att": [14.112498228337834, 1.6485111093151765, 0.11926962457144474], "k_pid_yaw": [0.5, 1e-06, 0.1], "k_pid_hsp": [7.264614685500744, 0.5025965398201637, 0.3573959454528559], "k_pid_vsp": [104.45073813869212, 9.64568393321605, 1e-06]}, "datetime": {"datetime": "2025-08-20 12:09:27", "elapsed": 1022.2306137084961, "delta": 23.355789184570312}, "costs": {"total_cost": 1259.0447261028696, "time_cost": 150, "final_distance_cost": 45.080950518657424, "oscillation_cost": 423.96143026695415, "completition_cost": 555.5555555555555, "overshoot_cost": 50.84065025395221, "power_cost": 18.306744506835937, "noise_cost": 15.299395000914465, "n_waypoints_completed": 4, "tot_waypoints": 9}}
{"target": -1177.908372547905, "params": {"k_pid_pos": [1.3061155026073337, 0.0, 0.0504882328877376], "k_pid_alt": [0.5872494112587019, 0.2975639377546649, 0.2564071642928466], "k_pid_att": [45.29055583481984, 2.9780064658826246, 0.2860948084693081], "k_pid_yaw": [0.5, 1e-06, 0.1], "k_pid_hsp": [0.0001, 0.0, 0.0], "k_pid_vsp": [157.05362483023436, 33.539713295294476, 20.237047167194973]}, "datetime": {"datetime": "2025-08-20 12:09:49", "elapsed": 1044.1103746891022, "delta": 21.87976098060608}, "costs": {"total_cost": 1177.908372547905, "time_cost": 150, "final_distance_cost": 46.51945061459993, "oscillation_cost": 1.3724109787297658, "completition_cost": 888.8888888888888, "overshoot_cost": 84.12039378530612, "power_cost": 2.586365869140625, "noise_cost": 4.420862411239696, "n_waypoints_completed": 1, "tot_waypoints": 9}}
{"target": -575.42393285528, "params": {"k_pid_pos": [0.7695472341844156, 0.2539699533040639, 0.09610089070031325], "k_pid_alt": [0.5853929190126725, 0.42748196598806854, 0.07770267036840141], "k_pid_att": [5.79127569344125, 0.763529906595144, 0.04974136318696497], "k_pid_yaw": [0.5, 1e-06, 0.1], "k_pid_hsp": [7.327096767787548, 0.0, 0.1440412574476137], "k_pid_vsp": [68.10112802292498, 27.60554758805549, 1e-06]}, "datetime": {"datetime": "2025-08-20 12:10:11", "elapsed": 1065.7263531684875, "delta": 21.615978479385376}, "costs": {"total_cost": 575.42393285528, "time_cost": 150, "final_distance_cost": 62.63698711245475, "oscillation_cost": 168.20367281453008, "completition_cost": 111.11111111111116, "overshoot_cost": 50.827293916825745, "power_cost": 17.84557683105469, "noise_cost": 14.799291069303573, "n_waypoints_completed": 8, "tot_waypoints": 9}}
{"target": -281.6823635676282, "params": {"k_pid_pos": [0.4581042449000218, 0.0, 0.07091227366022465], "k_pid_alt": [0.6569460901945956, 0.2098989061913764, 0.10295775377580585], "k_pid_att": [21.1853027488094, 2.176473958421219, 0.0], "k_pid_yaw": [0.5, 1e-06, 0.1], "k_pid_hsp": [4.649977661925593, 0.03457560792001045, 0.007060330099915385], "k_pid_vsp": [164.87687910292672, 94.33556756419486, 75.06058611857688]}, "datetime": {"datetime": "2025-08-20 12:10:31", "elapsed": 1086.2778344154358, "delta": 20.551481246948242}, "costs": {"total_cost": 281.6823635676282, "time_cost": 94.0, "final_distance_cost": 1.7507128346853171, "oscillation_cost": 115.11276875933974, "completition_cost": 0.0, "overshoot_cost": 55.467053722345376, "power_cost": 7.612142907714844, "noise_cost": 7.7396853435429565, "n_waypoints_completed": 9, "tot_waypoints": 9}}
