{"target": -171.66757213505602, "params": {"k_pid_pos": [1.312343371300242, 0.0, 0.6515390343773575], "k_pid_alt": [1.9998700071019635, 0.0, 0.0], "k_pid_att": [26.821035484662954, 0.0001, 0.32071499539218357], "k_pid_yaw": [0.5, 1e-06, 0.1], "k_pid_hsp": [0.13254500535152483, 6.231012317602635e-05, 0.0], "k_pid_vsp": [252.29502457388574, 392.31124352085374, 1e-06]}, "datetime": {"datetime": "2025-08-20 21:42:48", "elapsed": 35423.19624185562, "delta": 16.047613382339478}, "costs": {"total_cost": 171.66757213505602, "time_cost": 70.648, "final_distance_cost": 1.8423993008049289, "oscillation_cost": 25.38134139011374, "completition_cost": 0.0, "overshoot_cost": 50.55912209774435, "power_cost": 11.793878112792969, "noise_cost": 11.442831233600009, "n_waypoints_completed": 9, "tot_waypoints": 9}}
{"target": -172.33579353441291, "params": {"k_pid_pos": [1.3582089137724767, 0.0, 0.8362866085968378], "k_pid_alt": [1.935767205276957, 0.0, 0.0], "k_pid_att": [24.962405128659334, 0.0001, 0.5170704040748215], "k_pid_yaw": [0.5, 1e-06, 0.1], "k_pid_hsp": [0.09624951139216863, 9.3916735211954e-05, 0.0], "k_pid_vsp": [192.15884684372332, 358.3492491142459, 1e-06]}, "datetime": {"datetime": "2025-08-20 21:43:05", "elapsed": 35439.79158806801, "delta": 16.595346212387085}, "costs": {"total_cost": 172.33579353441291, "time_cost": 71.016, "final_distance_cost": 1.8236622468700476, "oscillation_cost": 24.91654233250788, "completition_cost": 0.0, "overshoot_cost": 50.8876301667925, "power_cost": 12.144737109375, "noise_cost": 11.547221678867501, "n_waypoints_completed": 9, "tot_waypoints": 9}}
{"target": -171.84102326253975, "params": {"k_pid_pos": [1.3107632744927051, 0.0, 0.5973142878929946], "k_pid_alt": [1.9999447505897765, 0.0, 0.0], "k_pid_att": [25.599714343992147, 0.0001, 0.31909639356678937], "k_pid_yaw": [0.5, 1e-06, 0.1], "k_pid_hsp": [0.09015911997723067, 7.76990206826515e-05, 0.0], "k_pid_vsp": [231.59420387743612, 393.3967781516932, 1e-06]}, "datetime": {"datetime": "2025-08-20 21:43:21", "elapsed": 35456.51486778259, "delta": 16.72327971458435}, "costs": {"total_cost": 171.84102326253975, "time_cost": 70.528, "final_distance_cost": 1.8026786675207283, "oscillation_cost": 25.30167931068697, "completition_cost": 0.0, "overshoot_cost": 51.297937403011574, "power_cost": 11.66375283203125, "noise_cost": 11.24697504928924, "n_waypoints_completed": 9, "tot_waypoints": 9}}
{"target": -172.85639419798605, "params": {"k_pid_pos": [1.3573675901606501, 0.0, 0.5431700368673518], "k_pid_alt": [1.999606046890391, 0.0, 0.0], "k_pid_att": [40.568010114269484, 0.0001, 0.32440677820221075], "k_pid_yaw": [0.5, 1e-06, 0.1], "k_pid_hsp": [0.10880204392942237, 0.00010376224093507041, 0.0], "k_pid_vsp": [239.3510113781734, 400.0, 1e-06]}, "datetime": {"datetime": "2025-08-20 21:43:37", "elapsed": 35471.719784498215, "delta": 15.204916715621948}, "costs": {"total_cost": 172.85639419798605, "time_cost": 70.304, "final_distance_cost": 1.822593602207783, "oscillation_cost": 25.88515557779312, "completition_cost": 0.0, "overshoot_cost": 51.485099544970254, "power_cost": 12.122668481445313, "noise_cost": 11.236876991569549, "n_waypoints_completed": 9, "tot_waypoints": 9}}
{"target": -172.1458659385599, "params": {"k_pid_pos": [1.3618947277281408, 0.0, 0.5936981045911809], "k_pid_alt": [1.9998790564377125, 0.0, 0.0], "k_pid_att": [27.286871769829652, 0.0001, 0.3069091746114093], "k_pid_yaw": [0.5, 1e-06, 0.1], "k_pid_hsp": [0.09169909188144214, 6.000450346251303e-05, 0.0], "k_pid_vsp": [248.30712184444045, 397.5613977243271, 1e-06]}, "datetime": {"datetime": "2025-08-20 21:43:54", "elapsed": 35488.895223379135, "delta": 17.17543888092041}, "costs": {"total_cost": 172.1458659385599, "time_cost": 70.416, "final_distance_cost": 1.7966801383624227, "oscillation_cost": 25.633150700422902, "completition_cost": 0.0, "overshoot_cost": 51.36543617066227, "power_cost": 11.672540405273438, "noise_cost": 11.26205852383886, "n_waypoints_completed": 9, "tot_waypoints": 9}}
{"target": -171.3731551186302, "params": {"k_pid_pos": [1.3527698212920722, 0.0, 0.6376927494596404], "k_pid_alt": [1.999956967698335, 0.0, 0.0], "k_pid_att": [26.40254082550273, 0.0001, 0.3178900642005121], "k_pid_yaw": [0.5, 1e-06, 0.1], "k_pid_hsp": [0.1135666462556786, 3.723871529356234e-05, 0.0], "k_pid_vsp": [238.93512054340619, 354.68551117882384, 1e-06]}, "datetime": {"datetime": "2025-08-20 21:44:10", "elapsed": 35505.273250579834, "delta": 16.378027200698853}, "costs": {"total_cost": 171.3731551186302, "time_cost": 70.536, "final_distance_cost": 1.823580780570555, "oscillation_cost": 25.483514266872305, "completition_cost": 0.0, "overshoot_cost": 50.61152554501236, "power_cost": 11.656518896484375, "noise_cost": 11.262015629690582, "n_waypoints_completed": 9, "tot_waypoints": 9}}
{"target": -172.65517477822306, "params": {"k_pid_pos": [1.2121783351136461, 0.0, 0.23523201129162763], "k_pid_alt": [1.9998874412768641, 0.0, 0.0], "k_pid_att": [31.128989726048733, 0.0001, 0.1855528686426044], "k_pid_yaw": [0.5, 1e-06, 0.1], "k_pid_hsp": [0.08356496298493317, 5.806778328339344e-05, 0.0], "k_pid_vsp": [249.43722643671438, 395.13841246173206, 1e-06]}, "datetime": {"datetime": "2025-08-20 21:44:29", "elapsed": 35524.28931093216, "delta": 19.01606035232544}, "costs": {"total_cost": 172.65517477822306, "time_cost": 70.368, "final_distance_cost": 1.79521616708367, "oscillation_cost": 26.394205701915517, "completition_cost": 0.0, "overshoot_cost": 51.485264888578676, "power_cost": 11.576041186523438, "noise_cost": 11.036446834121769, "n_waypoints_completed": 9, "tot_waypoints": 9}}
{"target": -172.93643419903384, "params": {"k_pid_pos": [1.4045179314753402, 0.0, 1.0], "k_pid_alt": [1.999984973979211, 0.0, 0.0], "k_pid_att": [43.19635736295689, 0.0001, 0.12415309751079787], "k_pid_yaw": [0.5, 1e-06, 0.1], "k_pid_hsp": [0.09555278275936971, 0.002773470157291365, 0.0], "k_pid_vsp": [258.1911405340744, 381.86287559988625, 1e-06]}, "datetime": {"datetime": "2025-08-20 21:44:48", "elapsed": 35543.27541136742, "delta": 18.986100435256958}, "costs": {"total_cost": 172.93643419903384, "time_cost": 71.4, "final_distance_cost": 1.8325587994871606, "oscillation_cost": 25.53463996977327, "completition_cost": 0.0, "overshoot_cost": 50.69084035076612, "power_cost": 11.919457739257814, "noise_cost": 11.558937339749463, "n_waypoints_completed": 9, "tot_waypoints": 9}}
{"target": -172.81904454042595, "params": {"k_pid_pos": [1.322368749256335, 0.0, 0.6246542180532695], "k_pid_alt": [1.9999028004545658, 0.0, 0.0], "k_pid_att": [25.073900149068265, 0.0001, 0.3132683466521181], "k_pid_yaw": [0.5, 1e-06, 0.1], "k_pid_hsp": [0.07811488457744566, 4.426358323746235e-05, 0.0], "k_pid_vsp": [263.7101190647288, 397.48566831076744, 1e-06]}, "datetime": {"datetime": "2025-08-20 21:45:07", "elapsed": 35561.71973371506, "delta": 18.44432234764099}, "costs": {"total_cost": 172.81904454042595, "time_cost": 70.784, "final_distance_cost": 1.8050702131054428, "oscillation_cost": 24.85592671761989, "completition_cost": 0.0, "overshoot_cost": 51.98563512611207, "power_cost": 12.06469832763672, "noise_cost": 11.32371415595181, "n_waypoints_completed": 9, "tot_waypoints": 9}}
{"target": -172.99106672704224, "params": {"k_pid_pos": [1.337446710942301, 0.0, 0.8943357236980549], "k_pid_alt": [1.9999294561583327, 0.0, 0.0], "k_pid_att": [31.037197930305588, 0.0001, 0.32909965804616437], "k_pid_yaw": [0.5, 1e-06, 0.1], "k_pid_hsp": [0.10609746542236477, 5.568832684845925e-06, 0.0], "k_pid_vsp": [245.7194891774885, 312.39033720647706, 1e-06]}, "datetime": {"datetime": "2025-08-20 21:45:24", "elapsed": 35579.01158666611, "delta": 17.291852951049805}, "costs": {"total_cost": 172.99106672704224, "time_cost": 71.56, "final_distance_cost": 1.8326686493014996, "oscillation_cost": 24.598589262912522, "completition_cost": 0.0, "overshoot_cost": 51.10806074290456, "power_cost": 12.19062039794922, "noise_cost": 11.701127673974414, "n_waypoints_completed": 9, "tot_waypoints": 9}}
{"target": -172.16965043518812, "params": {"k_pid_pos": [1.3207368763761873, 0.0, 0.8126856469674736], "k_pid_alt": [1.999852980895885, 0.0, 0.0], "k_pid_att": [21.037682151116616, 0.0001, 0.3281261069378219], "k_pid_yaw": [0.5, 1e-06, 0.1], "k_pid_hsp": [0.09735678001758569, 9.696489490130204e-05, 0.0], "k_pid_vsp": [252.9959553550753, 400.0, 1e-06]}, "datetime": {"datetime": "2025-08-20 21:45:42", "elapsed": 35596.72872591019, "delta": 17.71713924407959}, "costs": {"total_cost": 172.16965043518812, "time_cost": 71.168, "final_distance_cost": 1.8315610033422642, "oscillation_cost": 24.649632160595083, "completition_cost": 0.0, "overshoot_cost": 51.05055700143499, "power_cost": 11.992820104980469, "noise_cost": 11.47708016483531, "n_waypoints_completed": 9, "tot_waypoints": 9}}
{"target": -171.93315568832185, "params": {"k_pid_pos": [1.3652935885780997, 0.0, 0.6664306872898894], "k_pid_alt": [1.999989508111212, 0.0, 0.0], "k_pid_att": [23.372781571580795, 0.0001, 0.31699725914604515], "k_pid_yaw": [0.5, 1e-06, 0.1], "k_pid_hsp": [0.10884199617114654, 2.8462907513092834e-05, 0.0], "k_pid_vsp": [242.57222430956557, 400.0, 1e-06]}, "datetime": {"datetime": "2025-08-20 21:45:57", "elapsed": 35612.16850566864, "delta": 15.43977975845337}, "costs": {"total_cost": 171.93315568832185, "time_cost": 70.536, "final_distance_cost": 1.8221796991141517, "oscillation_cost": 25.480251381895446, "completition_cost": 0.0, "overshoot_cost": 50.7587750732119, "power_cost": 11.9568189453125, "noise_cost": 11.379130588787863, "n_waypoints_completed": 9, "tot_waypoints": 9}}
{"target": -172.00336857162324, "params": {"k_pid_pos": [1.393276883070107, 0.0, 0.6058342833300286], "k_pid_alt": [1.999910085517214, 0.0, 0.0], "k_pid_att": [26.48563384194457, 0.0001, 0.3033440519863641], "k_pid_yaw": [0.5, 1e-06, 0.1], "k_pid_hsp": [0.09000698097449156, 3.3165853755864316e-05, 0.0], "k_pid_vsp": [257.95317705368615, 399.53717084289997, 1e-06]}, "datetime": {"datetime": "2025-08-20 21:46:14", "elapsed": 35629.37689733505, "delta": 17.208391666412354}, "costs": {"total_cost": 172.00336857162324, "time_cost": 70.4, "final_distance_cost": 1.8093756562831567, "oscillation_cost": 25.749082316780772, "completition_cost": 0.0, "overshoot_cost": 51.385799811942555, "power_cost": 11.48356474609375, "noise_cost": 11.175546040523031, "n_waypoints_completed": 9, "tot_waypoints": 9}}
{"target": -172.96733730702954, "params": {"k_pid_pos": [1.3398896464464758, 0.0, 0.9127515403003713], "k_pid_alt": [1.9999781354669561, 0.0, 0.0], "k_pid_att": [41.7733769565002, 0.0001, 0.31985359903803645], "k_pid_yaw": [0.5, 1e-06, 0.1], "k_pid_hsp": [0.08986271520783466, 3.7549060215428654e-05, 0.0], "k_pid_vsp": [247.9465655935151, 397.63054636752497, 1e-06]}, "datetime": {"datetime": "2025-08-20 21:46:30", "elapsed": 35644.64770126343, "delta": 15.270803928375244}, "costs": {"total_cost": 172.96733730702954, "time_cost": 71.544, "final_distance_cost": 1.8262149401906564, "oscillation_cost": 24.485549596663436, "completition_cost": 0.0, "overshoot_cost": 51.75104895977229, "power_cost": 11.864233349609375, "noise_cost": 11.496290460793775, "n_waypoints_completed": 9, "tot_waypoints": 9}}
{"target": -171.80955662803973, "params": {"k_pid_pos": [1.315019897804133, 0.0, 0.6226717906100592], "k_pid_alt": [1.9998875021957667, 0.0, 0.0], "k_pid_att": [26.457370804837932, 0.0001, 0.3203631487289074], "k_pid_yaw": [0.5, 1e-06, 0.1], "k_pid_hsp": [0.09019706435428793, 6.074178462693064e-05, 0.0], "k_pid_vsp": [250.2556892917442, 394.9199684999951, 1e-06]}, "datetime": {"datetime": "2025-08-20 21:46:47", "elapsed": 35662.29811525345, "delta": 17.650413990020752}, "costs": {"total_cost": 171.80955662803973, "time_cost": 70.608, "final_distance_cost": 1.815412595301107, "oscillation_cost": 25.19909937727879, "completition_cost": 0.0, "overshoot_cost": 51.19953350195926, "power_cost": 11.699886303710938, "noise_cost": 11.287624849789646, "n_waypoints_completed": 9, "tot_waypoints": 9}}
{"target": -173.28772224286786, "params": {"k_pid_pos": [1.309162963741399, 0.0, 0.9324050031269785], "k_pid_alt": [2.0, 0.0, 0.0], "k_pid_att": [26.53656553965421, 0.0001, 0.33991521665280666], "k_pid_yaw": [0.5, 1e-06, 0.1], "k_pid_hsp": [0.10002181553556967, 2.0800019307454328e-05, 0.0], "k_pid_vsp": [228.79284909922387, 231.07111889511896, 1e-06]}, "datetime": {"datetime": "2025-08-20 21:47:03", "elapsed": 35677.74247050285, "delta": 15.444355249404907}, "costs": {"total_cost": 173.28772224286786, "time_cost": 71.96000000000001, "final_distance_cost": 1.837182263117682, "oscillation_cost": 24.277591753026122, "completition_cost": 0.0, "overshoot_cost": 51.08889473177425, "power_cost": 12.345490856933594, "noise_cost": 11.778562638016199, "n_waypoints_completed": 9, "tot_waypoints": 9}}
{"target": -172.83932877317943, "params": {"k_pid_pos": [1.4083432665096576, 0.0, 0.7166495686309856], "k_pid_alt": [1.9998823808059816, 0.0, 0.0], "k_pid_att": [14.736832004641723, 0.0001, 0.3218604381384505], "k_pid_yaw": [0.5, 1e-06, 0.1], "k_pid_hsp": [0.09788999786944821, 6.730444391328881e-05, 0.0], "k_pid_vsp": [279.36167935588276, 395.12345298299823, 1e-06]}, "datetime": {"datetime": "2025-08-20 21:47:20", "elapsed": 35695.190613508224, "delta": 17.448143005371094}, "costs": {"total_cost": 172.83932877317943, "time_cost": 70.528, "final_distance_cost": 1.8304293586714482, "oscillation_cost": 25.517506424239688, "completition_cost": 0.0, "overshoot_cost": 51.61133753215169, "power_cost": 11.982819494628906, "noise_cost": 11.369235963487723, "n_waypoints_completed": 9, "tot_waypoints": 9}}
{"target": -172.09744017806014, "params": {"k_pid_pos": [1.3427625054513013, 0.0, 0.7423801744724804], "k_pid_alt": [1.9998759789744396, 0.0, 0.0], "k_pid_att": [27.275266920439627, 0.0001, 0.32411308087408036], "k_pid_yaw": [0.5, 1e-06, 0.1], "k_pid_hsp": [0.09318483581752127, 9.628153406658917e-05, 0.0], "k_pid_vsp": [244.94695456911958, 398.5798098847134, 1e-06]}, "datetime": {"datetime": "2025-08-20 21:47:37", "elapsed": 35711.63111758232, "delta": 16.44050407409668}, "costs": {"total_cost": 172.09744017806014, "time_cost": 70.83200000000001, "final_distance_cost": 1.8164296141684746, "oscillation_cost": 24.991630727334865, "completition_cost": 0.0, "overshoot_cost": 51.616442065422405, "power_cost": 11.590424182128906, "noise_cost": 11.2505135890055, "n_waypoints_completed": 9, "tot_waypoints": 9}}
{"target": -171.4209182934106, "params": {"k_pid_pos": [1.349101710280709, 0.0, 0.6606281840495775], "k_pid_alt": [1.9999229347811007, 0.0, 0.0], "k_pid_att": [33.0504811560438, 0.0001, 0.34063880189705664], "k_pid_yaw": [0.5, 1e-06, 0.1], "k_pid_hsp": [0.08934102546733205, 5.955207844407197e-05, 0.0], "k_pid_vsp": [293.96110638199906, 385.6622318827406, 1e-06]}, "datetime": {"datetime": "2025-08-20 21:47:53", "elapsed": 35728.09268832207, "delta": 16.461570739746094}, "costs": {"total_cost": 171.4209182934106, "time_cost": 70.592, "final_distance_cost": 1.8218799094901212, "oscillation_cost": 25.23847791263315, "completition_cost": 0.0, "overshoot_cost": 50.91947027158818, "power_cost": 11.61821580810547, "noise_cost": 11.230874391593694, "n_waypoints_completed": 9, "tot_waypoints": 9}}
{"target": -172.09791163822283, "params": {"k_pid_pos": [1.332158718230187, 0.0, 0.6075779346931632], "k_pid_alt": [1.9998626187602329, 0.0, 0.0], "k_pid_att": [24.605846815279673, 0.0001, 0.31753152285363734], "k_pid_yaw": [0.5, 1e-06, 0.1], "k_pid_hsp": [0.10022795307735963, 5.756891826217227e-05, 0.0], "k_pid_vsp": [248.95327524563487, 395.9865882020499, 1e-06]}, "datetime": {"datetime": "2025-08-20 21:48:10", "elapsed": 35745.23096704483, "delta": 17.13827872276306}, "costs": {"total_cost": 172.09791163822283, "time_cost": 70.488, "final_distance_cost": 1.806714150932556, "oscillation_cost": 25.523474253453703, "completition_cost": 0.0, "overshoot_cost": 50.932330869109954, "power_cost": 12.041665539550781, "noise_cost": 11.305726825175848, "n_waypoints_completed": 9, "tot_waypoints": 9}}
{"target": -172.6383441167311, "params": {"k_pid_pos": [1.3561436583014785, 0.0, 0.5477874970739899], "k_pid_alt": [1.9969039173414598, 0.0, 0.0], "k_pid_att": [28.011314281823438, 0.0001, 0.2971490256983593], "k_pid_yaw": [0.5, 1e-06, 0.1], "k_pid_hsp": [0.10107915990374736, 2.454969872356731e-05, 0.0], "k_pid_vsp": [285.3210260763887, 390.2214874161905, 1e-06]}, "datetime": {"datetime": "2025-08-20 21:48:26", "elapsed": 35760.69220781326, "delta": 15.461240768432617}, "costs": {"total_cost": 172.6383441167311, "time_cost": 70.296, "final_distance_cost": 1.8107199065505977, "oscillation_cost": 25.830781143570068, "completition_cost": 0.0, "overshoot_cost": 51.41821774108353, "power_cost": 12.054597436523439, "noise_cost": 11.228027889003476, "n_waypoints_completed": 9, "tot_waypoints": 9}}
{"target": -171.8533925200739, "params": {"k_pid_pos": [1.2622386160053038, 0.0, 0.5782812695512815], "k_pid_alt": [2.0, 0.0, 0.0], "k_pid_att": [8.973087379011021, 0.0001, 0.31354705687793505], "k_pid_yaw": [0.5, 1e-06, 0.1], "k_pid_hsp": [0.10737394372371838, 5.817411415897091e-05, 0.0], "k_pid_vsp": [245.45712279812216, 394.681674895817, 1e-06]}, "datetime": {"datetime": "2025-08-20 21:48:42", "elapsed": 35777.06281518936, "delta": 16.370607376098633}, "costs": {"total_cost": 171.8533925200739, "time_cost": 70.464, "final_distance_cost": 1.8283750818830924, "oscillation_cost": 25.532082804103847, "completition_cost": 0.0, "overshoot_cost": 51.112794089531384, "power_cost": 11.741558056640626, "noise_cost": 11.174582487914925, "n_waypoints_completed": 9, "tot_waypoints": 9}}
{"target": -173.9274539810985, "params": {"k_pid_pos": [1.2891540653188296, 0.0, 0.5944010946279842], "k_pid_alt": [1.9998730099350381, 0.0, 0.0], "k_pid_att": [29.00156222294831, 0.0001, 0.32262252179965156], "k_pid_yaw": [0.5, 1e-06, 0.1], "k_pid_hsp": [0.06738905024214153, 0.0, 0.0], "k_pid_vsp": [234.031486351802, 394.29954930401203, 1e-06]}, "datetime": {"datetime": "2025-08-20 21:48:58", "elapsed": 35793.31750226021, "delta": 16.254687070846558}, "costs": {"total_cost": 173.9274539810985, "time_cost": 71.376, "final_distance_cost": 1.8064471775906334, "oscillation_cost": 24.35145336141048, "completition_cost": 0.0, "overshoot_cost": 52.56531030218654, "power_cost": 12.224647814941406, "noise_cost": 11.60359532496943, "n_waypoints_completed": 9, "tot_waypoints": 9}}
{"target": -171.73214936376942, "params": {"k_pid_pos": [1.3045062136989944, 0.0, 0.6372370203482354], "k_pid_alt": [1.9998830768302216, 0.0, 0.0], "k_pid_att": [28.317013184934755, 0.0001, 0.3622920649792221], "k_pid_yaw": [0.5, 1e-06, 0.1], "k_pid_hsp": [0.09482638161707195, 0.0, 0.0], "k_pid_vsp": [247.9280384833833, 394.1080446516972, 1e-06]}, "datetime": {"datetime": "2025-08-20 21:49:14", "elapsed": 35809.49780488014, "delta": 16.180302619934082}, "costs": {"total_cost": 171.73214936376942, "time_cost": 70.632, "final_distance_cost": 1.8190634559208907, "oscillation_cost": 24.910280284894633, "completition_cost": 0.0, "overshoot_cost": 51.16019761143867, "power_cost": 11.878444018554688, "noise_cost": 11.332163992960535, "n_waypoints_completed": 9, "tot_waypoints": 9}}
{"target": -172.22780791580402, "params": {"k_pid_pos": [1.2510260214783748, 0.0, 0.6630446887076088], "k_pid_alt": [1.9997514420036315, 0.0, 0.0], "k_pid_att": [26.097386796648998, 0.0001, 0.3057022384111106], "k_pid_yaw": [0.5, 1e-06, 0.1], "k_pid_hsp": [0.12000396821297324, 0.00024793153587521915, 0.0], "k_pid_vsp": [246.77153464589227, 369.02779325739164, 1e-06]}, "datetime": {"datetime": "2025-08-20 21:49:31", "elapsed": 35826.06793308258, "delta": 16.570128202438354}, "costs": {"total_cost": 172.22780791580402, "time_cost": 70.896, "final_distance_cost": 1.8233871774742634, "oscillation_cost": 25.20494381556941, "completition_cost": 0.0, "overshoot_cost": 51.01091225991575, "power_cost": 11.893409399414063, "noise_cost": 11.399155263430533, "n_waypoints_completed": 9, "tot_waypoints": 9}}
{"target": -172.4986282540565, "params": {"k_pid_pos": [1.3154748754879981, 0.0, 0.6433376886450862], "k_pid_alt": [1.9998913462499621, 0.0, 0.0], "k_pid_att": [10.291444906000867, 0.0001, 0.3194081716513516], "k_pid_yaw": [0.5, 1e-06, 0.1], "k_pid_hsp": [0.09821683125289728, 6.339890304471953e-05, 0.0], "k_pid_vsp": [251.06793170073004, 400.0, 1e-06]}, "datetime": {"datetime": "2025-08-20 21:49:46", "elapsed": 35841.45784807205, "delta": 15.389914989471436}, "costs": {"total_cost": 172.4986282540565, "time_cost": 70.52, "final_distance_cost": 1.822641721387102, "oscillation_cost": 25.304007970594167, "completition_cost": 0.0, "overshoot_cost": 51.64501431498278, "power_cost": 11.970363818359376, "noise_cost": 11.236600428733071, "n_waypoints_completed": 9, "tot_waypoints": 9}}
{"target": -172.44053689717825, "params": {"k_pid_pos": [1.3296311406914512, 0.0, 0.6545267583804638], "k_pid_alt": [1.999868593272252, 0.0, 0.0], "k_pid_att": [21.56066748110114, 0.0001, 0.34180866345562055], "k_pid_yaw": [0.5, 1e-06, 0.1], "k_pid_hsp": [0.09457433199025689, 6.756979664543505e-05, 0.0], "k_pid_vsp": [245.87652441791082, 373.9510770130918, 1e-06]}, "datetime": {"datetime": "2025-08-20 21:50:03", "elapsed": 35858.292261600494, "delta": 16.834413528442383}, "costs": {"total_cost": 172.44053689717825, "time_cost": 70.648, "final_distance_cost": 1.8186727792717385, "oscillation_cost": 25.21086252318083, "completition_cost": 0.0, "overshoot_cost": 51.2075627667152, "power_cost": 12.186670874023438, "noise_cost": 11.368767953987048, "n_waypoints_completed": 9, "tot_waypoints": 9}}
