{"target": -172.38714936652713, "params": {"k_pid_pos": [1.3592638189083202, 0.0, 0.6613164874279337], "k_pid_alt": [1.9999394059748723, 0.0, 0.0], "k_pid_att": [36.64076032046647, 0.0001, 0.29674253605375944], "k_pid_yaw": [0.5, 1e-06, 0.1], "k_pid_hsp": [0.09271465822576545, 4.9962839521156674e-05, 0.0], "k_pid_vsp": [251.31781359416496, 398.74817128936877, 1e-06]}, "datetime": {"datetime": "2025-08-20 21:13:14", "elapsed": 33649.086241960526, "delta": 17.287869930267334}, "costs": {"total_cost": 172.38714936652713, "time_cost": 70.56, "final_distance_cost": 1.828980746788801, "oscillation_cost": 25.330060259639392, "completition_cost": 0.0, "overshoot_cost": 51.27522169132218, "power_cost": 11.942623486328126, "noise_cost": 11.450263182448609, "n_waypoints_completed": 9, "tot_waypoints": 9}}
{"target": -172.55974081197766, "params": {"k_pid_pos": [1.4270910393508849, 0.0, 0.8934200676080426], "k_pid_alt": [2.0, 0.0, 0.0], "k_pid_att": [34.007413011005006, 0.0001, 0.274642994082723], "k_pid_yaw": [0.5, 1e-06, 0.1], "k_pid_hsp": [0.08994878497322023, 2.831111487340185e-05, 0.0], "k_pid_vsp": [252.1794068588268, 331.96434002553247, 1e-06]}, "datetime": {"datetime": "2025-08-20 21:13:29", "elapsed": 33664.31563448906, "delta": 15.229392528533936}, "costs": {"total_cost": 172.55974081197766, "time_cost": 71.08800000000001, "final_distance_cost": 1.8253879128081028, "oscillation_cost": 24.758284643085844, "completition_cost": 0.0, "overshoot_cost": 51.19005241035171, "power_cost": 12.124992065429687, "noise_cost": 11.573023780302304, "n_waypoints_completed": 9, "tot_waypoints": 9}}
{"target": -172.4294435173226, "params": {"k_pid_pos": [1.3199067001468459, 0.0, 0.6222336072007418], "k_pid_alt": [1.9998873268953385, 0.0, 0.0], "k_pid_att": [26.57267289906926, 0.0001, 0.3200247011473146], "k_pid_yaw": [0.5, 1e-06, 0.1], "k_pid_hsp": [0.09011340747027705, 5.777653984100817e-05, 0.0], "k_pid_vsp": [250.21514885529464, 395.034702221059, 1e-06]}, "datetime": {"datetime": "2025-08-20 21:13:46", "elapsed": 33680.81022500992, "delta": 16.494590520858765}, "costs": {"total_cost": 172.4294435173226, "time_cost": 70.57600000000001, "final_distance_cost": 1.8265278535194902, "oscillation_cost": 25.230840320446383, "completition_cost": 0.0, "overshoot_cost": 51.53766824603323, "power_cost": 11.865019140625, "noise_cost": 11.39338795669846, "n_waypoints_completed": 9, "tot_waypoints": 9}}
{"target": -173.32365302395252, "params": {"k_pid_pos": [1.2578263718091816, 0.0, 0.8078645599662926], "k_pid_alt": [1.9583317234037303, 0.0, 0.0], "k_pid_att": [24.37071556433655, 0.0001, 0.33796317664718706], "k_pid_yaw": [0.5, 1e-06, 0.1], "k_pid_hsp": [0.06422541173757361, 4.680036124504548e-05, 0.0], "k_pid_vsp": [243.0849691479255, 243.66668163947827, 1e-06]}, "datetime": {"datetime": "2025-08-20 21:14:03", "elapsed": 33697.59600019455, "delta": 16.785775184631348}, "costs": {"total_cost": 173.32365302395252, "time_cost": 72.128, "final_distance_cost": 1.8178584607831434, "oscillation_cost": 23.069347010834548, "completition_cost": 0.0, "overshoot_cost": 52.76870754029339, "power_cost": 11.9704689453125, "noise_cost": 11.569271066728948, "n_waypoints_completed": 9, "tot_waypoints": 9}}
{"target": -171.95639331773415, "params": {"k_pid_pos": [1.3134958374239536, 0.0, 0.6530543617529743], "k_pid_alt": [1.9999640129714447, 0.0, 0.0], "k_pid_att": [13.454882815532052, 0.0001, 0.32243393742376053], "k_pid_yaw": [0.5, 1e-06, 0.1], "k_pid_hsp": [0.09434977926571834, 6.382186035032006e-05, 0.0], "k_pid_vsp": [263.2153439281835, 399.48869360749467, 1e-06]}, "datetime": {"datetime": "2025-08-20 21:14:18", "elapsed": 33712.828775405884, "delta": 15.232775211334229}, "costs": {"total_cost": 171.95639331773415, "time_cost": 70.584, "final_distance_cost": 1.8226010174230722, "oscillation_cost": 25.26632468679248, "completition_cost": 0.0, "overshoot_cost": 51.10437259372362, "power_cost": 11.845701184082031, "noise_cost": 11.333393835712963, "n_waypoints_completed": 9, "tot_waypoints": 9}}
{"target": -171.78172937867907, "params": {"k_pid_pos": [1.2979434289640355, 0.0, 0.6610231646406272], "k_pid_alt": [1.9998692049969553, 0.0, 0.0], "k_pid_att": [25.146391399513046, 0.0001, 0.3148648746604369], "k_pid_yaw": [0.5, 1e-06, 0.1], "k_pid_hsp": [0.09425357897549289, 6.019597155731941e-05, 0.0], "k_pid_vsp": [272.25056290835647, 383.005052759118, 1e-06]}, "datetime": {"datetime": "2025-08-20 21:14:38", "elapsed": 33733.28678226471, "delta": 20.458006858825684}, "costs": {"total_cost": 171.78172937867907, "time_cost": 70.736, "final_distance_cost": 1.8078907147908383, "oscillation_cost": 24.85801788348265, "completition_cost": 0.0, "overshoot_cost": 51.11758177774317, "power_cost": 11.933152014160157, "noise_cost": 11.329086988502233, "n_waypoints_completed": 9, "tot_waypoints": 9}}
{"target": -172.27385232377938, "params": {"k_pid_pos": [1.3337487532184173, 0.0, 0.6447165422778358], "k_pid_alt": [1.9999245579319935, 0.0, 0.0], "k_pid_att": [29.16700186727062, 0.0001, 0.3640073358145487], "k_pid_yaw": [0.5, 1e-06, 0.1], "k_pid_hsp": [0.0915885647730011, 6.18616427449046e-05, 0.0], "k_pid_vsp": [283.7144362483019, 362.91782221160423, 1e-06]}, "datetime": {"datetime": "2025-08-20 21:14:54", "elapsed": 33749.285591840744, "delta": 15.998809576034546}, "costs": {"total_cost": 172.27385232377938, "time_cost": 70.616, "final_distance_cost": 1.8016341793259651, "oscillation_cost": 25.069901455425324, "completition_cost": 0.0, "overshoot_cost": 51.59978298610439, "power_cost": 11.82183603515625, "noise_cost": 11.364697667767434, "n_waypoints_completed": 9, "tot_waypoints": 9}}
{"target": -171.77312161184204, "params": {"k_pid_pos": [1.3600563726469312, 0.0, 0.6399629766434531], "k_pid_alt": [1.9998537429348124, 0.0, 0.0], "k_pid_att": [22.79313806349382, 0.0001, 0.2690886808321975], "k_pid_yaw": [0.5, 1e-06, 0.1], "k_pid_hsp": [0.09746163394959997, 5.2606768996970096e-05, 0.0], "k_pid_vsp": [251.00356049061705, 393.6343156870081, 1e-06]}, "datetime": {"datetime": "2025-08-20 21:15:12", "elapsed": 33767.33840370178, "delta": 18.052811861038208}, "costs": {"total_cost": 171.77312161184204, "time_cost": 70.496, "final_distance_cost": 1.829559670175874, "oscillation_cost": 25.509645810916016, "completition_cost": 0.0, "overshoot_cost": 51.01009323733533, "power_cost": 11.678857861328126, "noise_cost": 11.248965032086677, "n_waypoints_completed": 9, "tot_waypoints": 9}}
{"target": -171.8061489817299, "params": {"k_pid_pos": [1.3248845500707112, 0.0, 0.6013456390726917], "k_pid_alt": [2.0, 0.0, 0.0], "k_pid_att": [29.0627208269579, 0.0001, 0.34287436733821924], "k_pid_yaw": [0.5, 1e-06, 0.1], "k_pid_hsp": [0.10525054559905023, 5.354526428886521e-05, 0.0], "k_pid_vsp": [253.82077908746672, 392.357171836655, 1e-06]}, "datetime": {"datetime": "2025-08-20 21:15:27", "elapsed": 33782.3435986042, "delta": 15.005194902420044}, "costs": {"total_cost": 171.8061489817299, "time_cost": 70.496, "final_distance_cost": 1.8225897865819811, "oscillation_cost": 25.461956648051284, "completition_cost": 0.0, "overshoot_cost": 50.7567466548608, "power_cost": 11.944698388671876, "noise_cost": 11.32415750356398, "n_waypoints_completed": 9, "tot_waypoints": 9}}
{"target": -174.12857864215914, "params": {"k_pid_pos": [1.2846675763866695, 0.0, 0.601989225939469], "k_pid_alt": [1.9999543801662543, 0.0, 0.0], "k_pid_att": [19.675447226066602, 0.0001, 0.3138611639131794], "k_pid_yaw": [0.5, 1e-06, 0.1], "k_pid_hsp": [0.06553281854735946, 5.750311544080347e-05, 0.0], "k_pid_vsp": [266.3398198761351, 400.0, 1e-06]}, "datetime": {"datetime": "2025-08-20 21:15:45", "elapsed": 33800.27423429489, "delta": 17.930635690689087}, "costs": {"total_cost": 174.12857864215914, "time_cost": 71.536, "final_distance_cost": 1.786112245689373, "oscillation_cost": 24.233551459902316, "completition_cost": 0.0, "overshoot_cost": 52.58241107867915, "power_cost": 12.288119104003908, "noise_cost": 11.702384753884418, "n_waypoints_completed": 9, "tot_waypoints": 9}}
{"target": -172.63826210656265, "params": {"k_pid_pos": [1.3245444441752907, 0.0, 0.6021385292503325], "k_pid_alt": [1.9999040427995893, 0.0, 0.0], "k_pid_att": [28.783942044309565, 0.0001, 0.3712332142319531], "k_pid_yaw": [0.5, 1e-06, 0.1], "k_pid_hsp": [0.08779241930551479, 0.0, 0.0], "k_pid_vsp": [292.7928164715409, 393.08305060595757, 1e-06]}, "datetime": {"datetime": "2025-08-20 21:16:01", "elapsed": 33816.02084708214, "delta": 15.746612787246704}, "costs": {"total_cost": 172.63826210656265, "time_cost": 70.56, "final_distance_cost": 1.8103199494338615, "oscillation_cost": 25.29278222992529, "completition_cost": 0.0, "overshoot_cost": 51.520746718504896, "power_cost": 11.97997264404297, "noise_cost": 11.47444056465565, "n_waypoints_completed": 9, "tot_waypoints": 9}}
{"target": -172.29182908263618, "params": {"k_pid_pos": [1.2960879402838241, 0.0, 0.6765893762918224], "k_pid_alt": [1.9998857164732904, 0.0, 0.0], "k_pid_att": [26.91911160027155, 0.0001, 0.33123386716033787], "k_pid_yaw": [0.5, 1e-06, 0.1], "k_pid_hsp": [0.09158324917471239, 4.835506106964683e-05, 0.0], "k_pid_vsp": [253.9529894592222, 393.9227271086206, 1e-06]}, "datetime": {"datetime": "2025-08-20 21:16:18", "elapsed": 33833.29620528221, "delta": 17.275358200073242}, "costs": {"total_cost": 172.29182908263618, "time_cost": 70.784, "final_distance_cost": 1.8268299190893775, "oscillation_cost": 24.927468198886856, "completition_cost": 0.0, "overshoot_cost": 51.50762165056394, "power_cost": 11.9337951171875, "noise_cost": 11.312114196908519, "n_waypoints_completed": 9, "tot_waypoints": 9}}
{"target": -171.9719712518715, "params": {"k_pid_pos": [1.3537593697069648, 0.0, 0.6722340637321746], "k_pid_alt": [1.9996199913554629, 0.0, 0.0], "k_pid_att": [24.959244545737302, 0.0001, 0.2826345906812497], "k_pid_yaw": [0.5, 1e-06, 0.1], "k_pid_hsp": [0.11531542415448925, 0.0001892056896401674, 0.0], "k_pid_vsp": [249.19171131013607, 354.15083958308617, 1e-06]}, "datetime": {"datetime": "2025-08-20 21:16:34", "elapsed": 33848.932923316956, "delta": 15.636718034744263}, "costs": {"total_cost": 171.9719712518715, "time_cost": 70.616, "final_distance_cost": 1.820917730302703, "oscillation_cost": 25.366017304457365, "completition_cost": 0.0, "overshoot_cost": 50.717192966612856, "power_cost": 12.014533471679687, "noise_cost": 11.437309778818909, "n_waypoints_completed": 9, "tot_waypoints": 9}}
{"target": -171.87843701146045, "params": {"k_pid_pos": [1.3277375603804915, 0.0, 0.6695709084806936], "k_pid_alt": [1.9998838561870582, 0.0, 0.0], "k_pid_att": [10.02431166436259, 0.0001, 0.2773394577764862], "k_pid_yaw": [0.5, 1e-06, 0.1], "k_pid_hsp": [0.0928179397160866, 8.249451184224349e-05, 0.0], "k_pid_vsp": [249.84561702346835, 394.5774418387235, 1e-06]}, "datetime": {"datetime": "2025-08-20 21:16:50", "elapsed": 33865.46688055992, "delta": 16.5339572429657}, "costs": {"total_cost": 171.87843701146045, "time_cost": 70.57600000000001, "final_distance_cost": 1.8105973481339266, "oscillation_cost": 25.355192092768785, "completition_cost": 0.0, "overshoot_cost": 50.643171756073805, "power_cost": 12.089102502441406, "noise_cost": 11.404373312042525, "n_waypoints_completed": 9, "tot_waypoints": 9}}
{"target": -171.68817009605286, "params": {"k_pid_pos": [1.2914632295878556, 0.0, 0.5906454011693643], "k_pid_alt": [1.9998774235471743, 0.0, 0.0], "k_pid_att": [23.798456308004937, 0.0001, 0.33388475194496264], "k_pid_yaw": [0.5, 1e-06, 0.1], "k_pid_hsp": [0.095951752705489, 6.817703617664806e-05, 0.0], "k_pid_vsp": [240.56957376165568, 373.08707291424327, 1e-06]}, "datetime": {"datetime": "2025-08-20 21:17:05", "elapsed": 33880.523770570755, "delta": 15.05689001083374}, "costs": {"total_cost": 171.68817009605286, "time_cost": 70.552, "final_distance_cost": 1.8191139416987443, "oscillation_cost": 25.378893910634574, "completition_cost": 0.0, "overshoot_cost": 51.178228711127694, "power_cost": 11.620084008789062, "noise_cost": 11.139849523802777, "n_waypoints_completed": 9, "tot_waypoints": 9}}
{"target": -172.7081276219188, "params": {"k_pid_pos": [1.366480642224678, 0.0, 0.6478509234145189], "k_pid_alt": [1.999907533393549, 0.0, 0.0], "k_pid_att": [27.45113039572027, 0.0001, 0.31369834466077445], "k_pid_yaw": [0.5, 1e-06, 0.1], "k_pid_hsp": [0.07881747202302088, 7.432370335691908e-05, 0.0], "k_pid_vsp": [236.8720499896615, 399.4835426909564, 1e-06]}, "datetime": {"datetime": "2025-08-20 21:17:23", "elapsed": 33898.31361269951, "delta": 17.789842128753662}, "costs": {"total_cost": 172.7081276219188, "time_cost": 70.70400000000001, "final_distance_cost": 1.8110688913206434, "oscillation_cost": 25.010778360715623, "completition_cost": 0.0, "overshoot_cost": 51.60794367857919, "power_cost": 12.124259655761719, "noise_cost": 11.450077035541637, "n_waypoints_completed": 9, "tot_waypoints": 9}}
{"target": -171.99745133878193, "params": {"k_pid_pos": [1.3053822728987485, 0.0, 0.601590515751916], "k_pid_alt": [1.9998922708023106, 0.0, 0.0], "k_pid_att": [27.46449253095859, 0.0001, 0.3143119621547857], "k_pid_yaw": [0.5, 1e-06, 0.1], "k_pid_hsp": [0.09093458595427184, 6.152882225606098e-05, 0.0], "k_pid_vsp": [251.51596905588244, 394.01225938011623, 1e-06]}, "datetime": {"datetime": "2025-08-20 21:17:39", "elapsed": 33913.683745622635, "delta": 15.37013292312622}, "costs": {"total_cost": 171.99745133878193, "time_cost": 70.56, "final_distance_cost": 1.8044194480314606, "oscillation_cost": 25.22763302564455, "completition_cost": 0.0, "overshoot_cost": 51.476145390599854, "power_cost": 11.62912646484375, "noise_cost": 11.300127009662312, "n_waypoints_completed": 9, "tot_waypoints": 9}}
{"target": -172.73751722851506, "params": {"k_pid_pos": [1.4078635317525672, 0.0, 0.648792467359766], "k_pid_alt": [1.9998801840403397, 0.0, 0.0], "k_pid_att": [24.386224219625934, 0.0001, 0.34564623790874877], "k_pid_yaw": [0.5, 1e-06, 0.1], "k_pid_hsp": [0.09581637624492736, 5.751431591081294e-05, 0.0], "k_pid_vsp": [173.94843847640004, 378.98437324899476, 1e-06]}, "datetime": {"datetime": "2025-08-20 21:17:55", "elapsed": 33930.2407579422, "delta": 16.55701231956482}, "costs": {"total_cost": 172.73751722851506, "time_cost": 70.464, "final_distance_cost": 1.8234341418381246, "oscillation_cost": 25.935107143036063, "completition_cost": 0.0, "overshoot_cost": 51.03524334811449, "power_cost": 12.086186389160156, "noise_cost": 11.393546206366224, "n_waypoints_completed": 9, "tot_waypoints": 9}}
{"target": -178.1370620085348, "params": {"k_pid_pos": [1.3125988910774797, 0.0, 0.627935190900347], "k_pid_alt": [1.9999019036418189, 0.0, 0.0], "k_pid_att": [26.302539202546097, 0.0001, 0.33652149746841253], "k_pid_yaw": [0.5, 1e-06, 0.1], "k_pid_hsp": [0.047759385209016056, 6.828775137559036e-05, 0.0], "k_pid_vsp": [248.72973010116345, 384.32972559946717, 1e-06]}, "datetime": {"datetime": "2025-08-20 21:18:12", "elapsed": 33946.83687710762, "delta": 16.596119165420532}, "costs": {"total_cost": 178.1370620085348, "time_cost": 75.984, "final_distance_cost": 1.7602974811747003, "oscillation_cost": 21.573572352418857, "completition_cost": 0.0, "overshoot_cost": 54.214857981972166, "power_cost": 12.407258520507813, "noise_cost": 12.19707567246127, "n_waypoints_completed": 9, "tot_waypoints": 9}}
{"target": -172.56283490510785, "params": {"k_pid_pos": [1.5174725191912568, 0.0, 0.7214452934959452], "k_pid_alt": [1.964978400184881, 0.0, 0.0], "k_pid_att": [26.073696119169675, 0.0001, 0.5614146122667201], "k_pid_yaw": [0.5, 1e-06, 0.1], "k_pid_hsp": [0.10763836268469577, 0.00015913882806221086, 0.0], "k_pid_vsp": [236.43352266727675, 380.3605222006837, 1e-06]}, "datetime": {"datetime": "2025-08-20 21:18:30", "elapsed": 33965.06655669212, "delta": 18.229679584503174}, "costs": {"total_cost": 172.56283490510785, "time_cost": 70.272, "final_distance_cost": 1.8113480663903043, "oscillation_cost": 26.093655022395755, "completition_cost": 0.0, "overshoot_cost": 51.19059030803841, "power_cost": 11.930859814453125, "noise_cost": 11.264381693830249, "n_waypoints_completed": 9, "tot_waypoints": 9}}
{"target": -171.87169125665267, "params": {"k_pid_pos": [1.313440504070753, 0.0, 0.610847504320213], "k_pid_alt": [1.999858612979171, 0.0, 0.0], "k_pid_att": [23.906537354958324, 0.0001, 0.3074696102755977], "k_pid_yaw": [0.5, 1e-06, 0.1], "k_pid_hsp": [0.08711822584466761, 8.113054476540893e-05, 0.0], "k_pid_vsp": [242.84258048671688, 384.5912563093274, 1e-06]}, "datetime": {"datetime": "2025-08-20 21:18:45", "elapsed": 33980.512988090515, "delta": 15.446431398391724}, "costs": {"total_cost": 171.87169125665267, "time_cost": 70.568, "final_distance_cost": 1.8115587888496396, "oscillation_cost": 25.20669012617352, "completition_cost": 0.0, "overshoot_cost": 51.386313706000436, "power_cost": 11.647133557128907, "noise_cost": 11.251995078500165, "n_waypoints_completed": 9, "tot_waypoints": 9}}
{"target": -172.50768275819283, "params": {"k_pid_pos": [1.3422115527169438, 0.0, 0.7511487278582066], "k_pid_alt": [1.9996363655366467, 0.0, 0.0], "k_pid_att": [15.577771239706767, 0.0001, 0.26125764547443664], "k_pid_yaw": [0.5, 1e-06, 0.1], "k_pid_hsp": [0.07735859202299451, 1.2085328813578623e-05, 0.0], "k_pid_vsp": [253.1447559675473, 367.3241242996442, 1e-06]}, "datetime": {"datetime": "2025-08-20 21:19:02", "elapsed": 33997.360368967056, "delta": 16.847380876541138}, "costs": {"total_cost": 172.50768275819283, "time_cost": 71.016, "final_distance_cost": 1.812374049617039, "oscillation_cost": 24.651903372668013, "completition_cost": 0.0, "overshoot_cost": 51.53068530878858, "power_cost": 12.098634484863283, "noise_cost": 11.398085542255922, "n_waypoints_completed": 9, "tot_waypoints": 9}}
{"target": -172.12014577173295, "params": {"k_pid_pos": [1.2538518055324093, 0.0, 0.5831017192837685], "k_pid_alt": [1.9998877866348646, 0.0, 0.0], "k_pid_att": [26.534619467626346, 0.0001, 0.3175790862927971], "k_pid_yaw": [0.5, 1e-06, 0.1], "k_pid_hsp": [0.08822085983988237, 5.126216582918924e-05, 0.0], "k_pid_vsp": [249.3541856624099, 399.3658429602074, 1e-06]}, "datetime": {"datetime": "2025-08-20 21:19:17", "elapsed": 34012.4642367363, "delta": 15.103867769241333}, "costs": {"total_cost": 172.12014577173295, "time_cost": 70.68, "final_distance_cost": 1.8000462016270555, "oscillation_cost": 24.96027007724503, "completition_cost": 0.0, "overshoot_cost": 51.11727348237436, "power_cost": 12.143217993164063, "noise_cost": 11.419338017322449, "n_waypoints_completed": 9, "tot_waypoints": 9}}
{"target": -172.2822657189533, "params": {"k_pid_pos": [1.29934033217368, 0.0, 0.747049796801242], "k_pid_alt": [2.0, 0.0, 0.0], "k_pid_att": [28.030569665072743, 0.0001, 0.3182923833240714], "k_pid_yaw": [0.5, 1e-06, 0.1], "k_pid_hsp": [0.09123278637165054, 4.7453942015211924e-05, 0.0], "k_pid_vsp": [268.45535897845764, 388.7244980084476, 1e-06]}, "datetime": {"datetime": "2025-08-20 21:19:34", "elapsed": 34029.34350609779, "delta": 16.87926936149597}, "costs": {"total_cost": 172.2822657189533, "time_cost": 71.008, "final_distance_cost": 1.8169318358422495, "oscillation_cost": 24.73403864500702, "completition_cost": 0.0, "overshoot_cost": 51.10200279024448, "power_cost": 12.177412133789064, "noise_cost": 11.443880314070485, "n_waypoints_completed": 9, "tot_waypoints": 9}}
{"target": -171.77454670207618, "params": {"k_pid_pos": [1.2536053561588103, 0.0, 0.5556120796229722], "k_pid_alt": [1.999922053404019, 0.0, 0.0], "k_pid_att": [34.91095621038998, 0.0001, 0.5647215195651178], "k_pid_yaw": [0.5, 1e-06, 0.1], "k_pid_hsp": [0.0930822745415274, 8.768011365819653e-05, 0.0], "k_pid_vsp": [246.6460114215198, 394.78217729129, 1e-06]}, "datetime": {"datetime": "2025-08-20 21:19:50", "elapsed": 34044.71029424667, "delta": 15.366788148880005}, "costs": {"total_cost": 171.77454670207618, "time_cost": 70.56, "final_distance_cost": 1.8245546466374476, "oscillation_cost": 25.07460654839856, "completition_cost": 0.0, "overshoot_cost": 51.39483078998734, "power_cost": 11.636257214355469, "noise_cost": 11.28429750269734, "n_waypoints_completed": 9, "tot_waypoints": 9}}
{"target": -172.97587729656811, "params": {"k_pid_pos": [1.3375107557496435, 0.0, 0.8119076851060184], "k_pid_alt": [1.9999901607355008, 0.0, 0.0], "k_pid_att": [31.50924805188301, 0.0001, 0.30260323398300404], "k_pid_yaw": [0.5, 1e-06, 0.1], "k_pid_hsp": [0.10498300166920137, 0.0011866523783089214, 0.0], "k_pid_vsp": [256.54550835799154, 324.30790817887, 1e-06]}, "datetime": {"datetime": "2025-08-20 21:20:09", "elapsed": 34064.00016307831, "delta": 19.28986883163452}, "costs": {"total_cost": 172.97587729656811, "time_cost": 71.072, "final_distance_cost": 1.8294480961455588, "oscillation_cost": 24.75902524591609, "completition_cost": 0.0, "overshoot_cost": 51.39957558395849, "power_cost": 12.256785510253907, "noise_cost": 11.659042860294077, "n_waypoints_completed": 9, "tot_waypoints": 9}}
{"target": -172.0894261038673, "params": {"k_pid_pos": [1.3020522928975986, 0.0, 0.5821495700216721], "k_pid_alt": [1.9998836497540877, 0.0, 0.0], "k_pid_att": [32.931414624085726, 0.0001, 0.3956016321168489], "k_pid_yaw": [0.5, 1e-06, 0.1], "k_pid_hsp": [0.10057727090964425, 4.561993466617536e-05, 0.0], "k_pid_vsp": [267.3751127900186, 395.6711453791413, 1e-06]}, "datetime": {"datetime": "2025-08-20 21:20:24", "elapsed": 34079.024456739426, "delta": 15.024293661117554}, "costs": {"total_cost": 172.0894261038673, "time_cost": 70.512, "final_distance_cost": 1.8225634624909788, "oscillation_cost": 25.401701603845765, "completition_cost": 0.0, "overshoot_cost": 51.01169737817959, "power_cost": 12.039134948730469, "noise_cost": 11.30232871062051, "n_waypoints_completed": 9, "tot_waypoints": 9}}
