{"target": -171.5049357765201, "params": {"k_pid_pos": [1.4045567130730703, 0.0, 0.6964143239132501], "k_pid_alt": [1.9998773368410645, 0.0, 0.0], "k_pid_att": [21.693727911241147, 0.0001, 0.24033872075891186], "k_pid_yaw": [0.5, 1e-06, 0.1], "k_pid_hsp": [0.11112439824146365, 0.0, 0.0], "k_pid_vsp": [246.97747829518232, 316.639011799686, 1e-06]}, "datetime": {"datetime": "2025-08-20 18:31:48", "elapsed": 23963.066848039627, "delta": 15.06611156463623}, "costs": {"total_cost": 171.5049357765201, "time_cost": 70.568, "final_distance_cost": 1.8173002455680292, "oscillation_cost": 25.450794190765574, "completition_cost": 0.0, "overshoot_cost": 50.60972403939252, "power_cost": 11.732636010742189, "noise_cost": 11.3264812900518, "n_waypoints_completed": 9, "tot_waypoints": 9}}
{"target": -172.015277082861, "params": {"k_pid_pos": [1.3450416829610732, 0.0037813679373346065, 0.8430659668327659], "k_pid_alt": [2.0, 0.0, 0.0], "k_pid_att": [22.482216071380858, 0.0001, 0.23527702237910073], "k_pid_yaw": [0.5, 1e-06, 0.1], "k_pid_hsp": [0.10097182570549722, 0.0, 0.0], "k_pid_vsp": [242.8474430071735, 380.64464970926537, 1e-06]}, "datetime": {"datetime": "2025-08-20 18:32:05", "elapsed": 23980.208060503006, "delta": 17.141212463378906}, "costs": {"total_cost": 172.015277082861, "time_cost": 71.176, "final_distance_cost": 1.8267640758799086, "oscillation_cost": 24.858726216898248, "completition_cost": 0.0, "overshoot_cost": 51.288468941055406, "power_cost": 11.581784594726564, "noise_cost": 11.28353325430086, "n_waypoints_completed": 9, "tot_waypoints": 9}}
{"target": -172.4047749581822, "params": {"k_pid_pos": [1.3418839657316228, 0.0, 0.7207460815787405], "k_pid_alt": [1.9931472556661962, 0.0, 0.0], "k_pid_att": [30.15746702383971, 0.0001, 0.42203670178634234], "k_pid_yaw": [0.5, 1e-06, 0.1], "k_pid_hsp": [0.12862184982062208, 1.2670885330668611e-05, 0.0], "k_pid_vsp": [246.81499286942622, 356.99367119055785, 1e-06]}, "datetime": {"datetime": "2025-08-20 18:32:21", "elapsed": 23995.660304546356, "delta": 15.45224404335022}, "costs": {"total_cost": 172.4047749581822, "time_cost": 70.8, "final_distance_cost": 1.8277804356589278, "oscillation_cost": 25.503317776697447, "completition_cost": 0.0, "overshoot_cost": 50.956230329335014, "power_cost": 11.818924462890626, "noise_cost": 11.498521953600212, "n_waypoints_completed": 9, "tot_waypoints": 9}}
{"target": -171.60335769573192, "params": {"k_pid_pos": [1.3856317074475297, 0.0, 0.7495936088888293], "k_pid_alt": [1.999878216647216, 0.0, 0.0], "k_pid_att": [15.564484388821128, 0.0001, 0.27637600061734435], "k_pid_yaw": [0.5, 1e-06, 0.1], "k_pid_hsp": [0.10118005115582229, 0.0, 0.0], "k_pid_vsp": [231.15435341427448, 361.3917748035051, 1e-06]}, "datetime": {"datetime": "2025-08-20 18:32:38", "elapsed": 24013.006744146347, "delta": 17.346439599990845}, "costs": {"total_cost": 171.60335769573192, "time_cost": 70.728, "final_distance_cost": 1.8261872407358555, "oscillation_cost": 24.98906375744425, "completition_cost": 0.0, "overshoot_cost": 50.74541861015928, "power_cost": 11.993643762207032, "noise_cost": 11.321044325185513, "n_waypoints_completed": 9, "tot_waypoints": 9}}
{"target": -173.25452258900992, "params": {"k_pid_pos": [1.240355674049633, 0.0, 0.8606072101809901], "k_pid_alt": [1.9996584789376655, 0.0, 0.0], "k_pid_att": [12.689498534247958, 0.0001, 0.272635220669989], "k_pid_yaw": [0.5, 1e-06, 0.1], "k_pid_hsp": [0.10375658684152428, 0.00011156373663468854, 0.0], "k_pid_vsp": [224.35949434455196, 345.3953464027946, 1e-06]}, "datetime": {"datetime": "2025-08-20 18:32:53", "elapsed": 24028.47301340103, "delta": 15.466269254684448}, "costs": {"total_cost": 173.25452258900992, "time_cost": 71.92, "final_distance_cost": 1.8371613288319513, "oscillation_cost": 24.620380741377645, "completition_cost": 0.0, "overshoot_cost": 51.2867243665507, "power_cost": 12.030871105957031, "noise_cost": 11.559385046292594, "n_waypoints_completed": 9, "tot_waypoints": 9}}
{"target": -173.8214723712422, "params": {"k_pid_pos": [2.0, 0.0, 0.8246980054826315], "k_pid_alt": [1.9995948486366621, 0.0, 0.0], "k_pid_att": [26.70343495891447, 0.0001, 0.27534358777247614], "k_pid_yaw": [0.5, 1e-06, 0.1], "k_pid_hsp": [0.10249334744528468, 5.918551150777233e-05, 0.0], "k_pid_vsp": [241.76591451995853, 358.9618740321817, 1e-06]}, "datetime": {"datetime": "2025-08-20 18:33:11", "elapsed": 24046.1224732399, "delta": 17.649459838867188}, "costs": {"total_cost": 173.8214723712422, "time_cost": 69.816, "final_distance_cost": 1.7966859527188561, "oscillation_cost": 28.49407753217765, "completition_cost": 0.0, "overshoot_cost": 50.78357776173732, "power_cost": 11.791245043945313, "noise_cost": 11.139886080663064, "n_waypoints_completed": 9, "tot_waypoints": 9}}
{"target": -171.66070176430347, "params": {"k_pid_pos": [1.2951511103797444, 0.0, 0.6771699440268139], "k_pid_alt": [1.9997285764040684, 0.0, 0.0], "k_pid_att": [23.63716985177196, 0.0001, 0.3085831578635513], "k_pid_yaw": [0.5, 1e-06, 0.1], "k_pid_hsp": [0.10411389055221432, 0.00017353605322469626, 0.0], "k_pid_vsp": [216.69349832158338, 353.1641004178154, 1e-06]}, "datetime": {"datetime": "2025-08-20 18:33:27", "elapsed": 24061.94725704193, "delta": 15.82478380203247}, "costs": {"total_cost": 171.66070176430347, "time_cost": 70.792, "final_distance_cost": 1.8379176124713608, "oscillation_cost": 24.943846774065374, "completition_cost": 0.0, "overshoot_cost": 51.06597217457596, "power_cost": 11.736608618164063, "noise_cost": 11.2843565850267, "n_waypoints_completed": 9, "tot_waypoints": 9}}
{"target": -171.887192258492, "params": {"k_pid_pos": [1.4104865133151891, 0.0, 0.7448179094081882], "k_pid_alt": [1.9995256730725315, 0.0, 0.0], "k_pid_att": [17.66905776553807, 0.0001, 0.28331321028338696], "k_pid_yaw": [0.5, 1e-06, 0.1], "k_pid_hsp": [0.10874008957724458, 0.00028312541839972747, 0.0], "k_pid_vsp": [210.2020376582526, 370.3842332979405, 1e-06]}, "datetime": {"datetime": "2025-08-20 18:33:43", "elapsed": 24077.931260347366, "delta": 15.98400330543518}, "costs": {"total_cost": 171.887192258492, "time_cost": 70.608, "final_distance_cost": 1.8377218917348388, "oscillation_cost": 25.628686053610572, "completition_cost": 0.0, "overshoot_cost": 50.8254754412068, "power_cost": 11.705423693847656, "noise_cost": 11.281885178092127, "n_waypoints_completed": 9, "tot_waypoints": 9}}
{"target": -171.84632839853023, "params": {"k_pid_pos": [1.5380739992310146, 0.0, 0.8266736791882953], "k_pid_alt": [1.9997983735626685, 0.0, 0.0], "k_pid_att": [11.942265212600681, 0.0001, 0.28487636712387543], "k_pid_yaw": [0.5, 1e-06, 0.1], "k_pid_hsp": [0.11612926264353592, 0.00011820347172673739, 0.0], "k_pid_vsp": [245.80153130591646, 165.90432953280524, 1e-06]}, "datetime": {"datetime": "2025-08-20 18:33:59", "elapsed": 24093.968839883804, "delta": 16.03757953643799}, "costs": {"total_cost": 171.84632839853023, "time_cost": 70.656, "final_distance_cost": 1.8295807412065155, "oscillation_cost": 25.375412425709527, "completition_cost": 0.0, "overshoot_cost": 50.676408598166134, "power_cost": 11.945420043945314, "noise_cost": 11.363506589502745, "n_waypoints_completed": 9, "tot_waypoints": 9}}
{"target": -173.95566110559602, "params": {"k_pid_pos": [1.5150168336069973, 0.0, 0.7716702440003059], "k_pid_alt": [1.9997497790398975, 0.0, 0.0], "k_pid_att": [22.69047209542628, 0.0001, 0.060251827124804785], "k_pid_yaw": [0.5, 1e-06, 0.1], "k_pid_hsp": [0.10737537349456418, 0.0, 0.0], "k_pid_vsp": [260.9227563303642, 365.38104414995894, 1e-06]}, "datetime": {"datetime": "2025-08-20 18:34:14", "elapsed": 24109.378138542175, "delta": 15.409298658370972}, "costs": {"total_cost": 173.95566110559602, "time_cost": 70.456, "final_distance_cost": 1.8246600830204145, "oscillation_cost": 26.990330538217187, "completition_cost": 0.0, "overshoot_cost": 51.21496907862968, "power_cost": 12.041496569824218, "noise_cost": 11.428204835904499, "n_waypoints_completed": 9, "tot_waypoints": 9}}
{"target": -171.92418065974988, "params": {"k_pid_pos": [1.342766974681267, 0.0, 0.7621437438430827], "k_pid_alt": [1.9995697598058484, 0.0, 0.0], "k_pid_att": [18.579918359825417, 0.0001, 0.2784361578325527], "k_pid_yaw": [0.5, 1e-06, 0.1], "k_pid_hsp": [0.11267566019409579, 0.00030822020461167016, 0.0], "k_pid_vsp": [250.47653473963592, 361.18443888364794, 1e-06]}, "datetime": {"datetime": "2025-08-20 18:34:31", "elapsed": 24126.066917419434, "delta": 16.6887788772583}, "costs": {"total_cost": 171.92418065974988, "time_cost": 70.88, "final_distance_cost": 1.8370580699707304, "oscillation_cost": 24.974410319165976, "completition_cost": 0.0, "overshoot_cost": 51.07416988605539, "power_cost": 11.731779541015625, "noise_cost": 11.42676284354219, "n_waypoints_completed": 9, "tot_waypoints": 9}}
{"target": -173.1224657747232, "params": {"k_pid_pos": [1.3550777937454563, 0.0, 0.7230123061878141], "k_pid_alt": [1.999740336911713, 0.0, 0.0], "k_pid_att": [34.48491974618926, 0.0001, 0.3847374026522083], "k_pid_yaw": [0.5, 1e-06, 0.1], "k_pid_hsp": [0.11456401643160796, 3.473182454431948e-05, 0.0], "k_pid_vsp": [238.00837031054905, 252.08289613572578, 1e-06]}, "datetime": {"datetime": "2025-08-20 18:34:46", "elapsed": 24141.362949371338, "delta": 15.296031951904297}, "costs": {"total_cost": 173.1224657747232, "time_cost": 70.824, "final_distance_cost": 1.8411797327920056, "oscillation_cost": 25.31983437670395, "completition_cost": 0.0, "overshoot_cost": 51.54995652220284, "power_cost": 12.052983020019532, "noise_cost": 11.534512123004871, "n_waypoints_completed": 9, "tot_waypoints": 9}}
{"target": -172.08362813903673, "params": {"k_pid_pos": [1.2833201246333603, 0.0, 0.8232761019298688], "k_pid_alt": [1.9995032726483193, 0.0, 0.0], "k_pid_att": [21.258296611846244, 0.0001, 0.3481636442110042], "k_pid_yaw": [0.5, 1e-06, 0.1], "k_pid_hsp": [0.10321221051163751, 4.4122617746089425e-05, 0.0], "k_pid_vsp": [215.56717030075333, 350.7112897072712, 1e-06]}, "datetime": {"datetime": "2025-08-20 18:35:03", "elapsed": 24158.22186112404, "delta": 16.858911752700806}, "costs": {"total_cost": 172.08362813903673, "time_cost": 71.44, "final_distance_cost": 1.82821604769477, "oscillation_cost": 24.63919019554072, "completition_cost": 0.0, "overshoot_cost": 50.66922943798106, "power_cost": 11.978384594726563, "noise_cost": 11.528607863093642, "n_waypoints_completed": 9, "tot_waypoints": 9}}
{"target": -172.39706306795827, "params": {"k_pid_pos": [1.413780438358567, 0.0, 0.8412711301485899], "k_pid_alt": [1.890292293440329, 0.0, 0.0], "k_pid_att": [23.760966971571214, 0.0001, 0.9445275752620261], "k_pid_yaw": [0.5, 1e-06, 0.1], "k_pid_hsp": [0.10918048333599656, 0.00012714308174425934, 0.0], "k_pid_vsp": [211.5634153073096, 364.40273816451526, 1e-06]}, "datetime": {"datetime": "2025-08-20 18:35:19", "elapsed": 24174.303703784943, "delta": 16.08184266090393}, "costs": {"total_cost": 172.39706306795827, "time_cost": 70.752, "final_distance_cost": 1.8279545048043973, "oscillation_cost": 25.262463250285855, "completition_cost": 0.0, "overshoot_cost": 50.65075657350358, "power_cost": 12.302496008300782, "noise_cost": 11.601392731063664, "n_waypoints_completed": 9, "tot_waypoints": 9}}
{"target": -171.95389061780872, "params": {"k_pid_pos": [1.3146536945857912, 0.0, 0.8612372168219105], "k_pid_alt": [1.9994584941299962, 0.0, 0.0], "k_pid_att": [18.98269161844872, 0.0001, 0.21496727044850963], "k_pid_yaw": [0.5, 1e-06, 0.1], "k_pid_hsp": [0.10729205234879463, 0.0, 0.0], "k_pid_vsp": [235.65536925641325, 351.2909465051062, 1e-06]}, "datetime": {"datetime": "2025-08-20 18:35:35", "elapsed": 24189.58257484436, "delta": 15.278871059417725}, "costs": {"total_cost": 171.95389061780872, "time_cost": 71.464, "final_distance_cost": 1.8401578517383992, "oscillation_cost": 24.788689355866726, "completition_cost": 0.0, "overshoot_cost": 50.53626301020283, "power_cost": 11.908449194335939, "noise_cost": 11.416331205664854, "n_waypoints_completed": 9, "tot_waypoints": 9}}
{"target": -172.9454570740638, "params": {"k_pid_pos": [1.3562131443620278, 0.0, 0.7752297600389735], "k_pid_alt": [1.999457731445761, 0.0, 0.0], "k_pid_att": [19.87958332577777, 0.0001, 0.2704904762945958], "k_pid_yaw": [0.5, 1e-06, 0.1], "k_pid_hsp": [0.09670740836231777, 4.789348144806144e-05, 0.0], "k_pid_vsp": [224.31395528540077, 359.1046564370405, 1e-06]}, "datetime": {"datetime": "2025-08-20 18:35:51", "elapsed": 24206.39833831787, "delta": 16.815763473510742}, "costs": {"total_cost": 172.9454570740638, "time_cost": 70.92, "final_distance_cost": 1.8164234493573137, "oscillation_cost": 25.08039077778467, "completition_cost": 0.0, "overshoot_cost": 51.36684846896697, "power_cost": 12.174116381835939, "noise_cost": 11.587677996118874, "n_waypoints_completed": 9, "tot_waypoints": 9}}
{"target": -172.1914961210691, "params": {"k_pid_pos": [1.3593152822949168, 0.0, 0.7487203422289671], "k_pid_alt": [1.9998125212320097, 0.0, 0.0], "k_pid_att": [16.05266350735635, 0.0001, 0.2585260701429292], "k_pid_yaw": [0.5, 1e-06, 0.1], "k_pid_hsp": [0.11715228725935042, 0.00016636491649891502, 0.0], "k_pid_vsp": [220.18978889596363, 349.7294673128713, 1e-06]}, "datetime": {"datetime": "2025-08-20 18:36:07", "elapsed": 24221.623099565506, "delta": 15.224761247634888}, "costs": {"total_cost": 172.1914961210691, "time_cost": 70.776, "final_distance_cost": 1.8387464889265468, "oscillation_cost": 25.342164086979768, "completition_cost": 0.0, "overshoot_cost": 50.90063658468736, "power_cost": 11.984906066894531, "noise_cost": 11.349042893580913, "n_waypoints_completed": 9, "tot_waypoints": 9}}
{"target": -172.99544190091171, "params": {"k_pid_pos": [1.7208107263329357, 0.0, 0.8786551200811199], "k_pid_alt": [1.8163634291871762, 0.0, 0.0], "k_pid_att": [27.624063170842717, 0.0001, 0.33583907741653646], "k_pid_yaw": [0.5, 1e-06, 0.1], "k_pid_hsp": [0.14492191962090514, 0.0, 0.0], "k_pid_vsp": [225.85279355144104, 226.29793166265438, 1e-06]}, "datetime": {"datetime": "2025-08-20 18:36:22", "elapsed": 24237.355903863907, "delta": 15.732804298400879}, "costs": {"total_cost": 172.99544190091171, "time_cost": 70.19200000000001, "final_distance_cost": 1.8250267867064267, "oscillation_cost": 26.720724608699417, "completition_cost": 0.0, "overshoot_cost": 50.56898783563646, "power_cost": 12.2356361328125, "noise_cost": 11.453066537056909, "n_waypoints_completed": 9, "tot_waypoints": 9}}
{"target": -172.35882191996978, "params": {"k_pid_pos": [1.411864701360338, 0.0, 0.8016154351394661], "k_pid_alt": [1.9996091240335112, 0.0, 0.0], "k_pid_att": [37.11990203310104, 0.0001, 0.2302906241207654], "k_pid_yaw": [0.5, 1e-06, 0.1], "k_pid_hsp": [0.0893113640659171, 7.485446323913478e-05, 0.0], "k_pid_vsp": [241.18286716107374, 395.50419739238384, 1e-06]}, "datetime": {"datetime": "2025-08-20 18:36:38", "elapsed": 24253.268051624298, "delta": 15.912147760391235}, "costs": {"total_cost": 172.35882191996978, "time_cost": 70.848, "final_distance_cost": 1.8161396185555458, "oscillation_cost": 24.921599909786465, "completition_cost": 0.0, "overshoot_cost": 51.80817687061383, "power_cost": 11.656941247558594, "noise_cost": 11.307964273455344, "n_waypoints_completed": 9, "tot_waypoints": 9}}
{"target": -172.93328665611148, "params": {"k_pid_pos": [1.4652617642036656, 0.0, 0.7139820341368381], "k_pid_alt": [1.999985180022124, 0.0, 0.0], "k_pid_att": [34.59145380172331, 0.0001, 0.41529069317284606], "k_pid_yaw": [0.5, 1e-06, 0.1], "k_pid_hsp": [0.11721359910022033, 0.000612285312229783, 0.0], "k_pid_vsp": [232.61098816675837, 352.9242816370025, 1e-06]}, "datetime": {"datetime": "2025-08-20 18:36:53", "elapsed": 24268.194504737854, "delta": 14.926453113555908}, "costs": {"total_cost": 172.93328665611148, "time_cost": 70.392, "final_distance_cost": 1.8145567006967451, "oscillation_cost": 25.9228856404245, "completition_cost": 0.0, "overshoot_cost": 51.388120953364954, "power_cost": 12.033599609375, "noise_cost": 11.3821237522503, "n_waypoints_completed": 9, "tot_waypoints": 9}}
{"target": -172.0967360885473, "params": {"k_pid_pos": [1.4448120263964246, 0.0, 0.6988257656812953], "k_pid_alt": [1.999550553032828, 0.0, 0.0], "k_pid_att": [37.17242672349598, 0.0001, 0.20090584175460305], "k_pid_yaw": [0.5, 1e-06, 0.1], "k_pid_hsp": [0.08724168518067932, 1.6066244455944438e-05, 0.0], "k_pid_vsp": [263.05557264600316, 255.45490421198957, 1e-06]}, "datetime": {"datetime": "2025-08-20 18:37:09", "elapsed": 24284.528505802155, "delta": 16.334001064300537}, "costs": {"total_cost": 172.0967360885473, "time_cost": 70.632, "final_distance_cost": 1.7980576299109563, "oscillation_cost": 25.240243670241973, "completition_cost": 0.0, "overshoot_cost": 51.74227914120153, "power_cost": 11.492773303222657, "noise_cost": 11.191382343970169, "n_waypoints_completed": 9, "tot_waypoints": 9}}
{"target": -172.70593478726906, "params": {"k_pid_pos": [1.4356056382284608, 0.0, 0.7401875500071028], "k_pid_alt": [1.9995358684435953, 0.0, 0.0], "k_pid_att": [19.008480377880566, 0.0001, 0.1567032105223229], "k_pid_yaw": [0.5, 1e-06, 0.1], "k_pid_hsp": [0.08303409224995208, 6.71673457072404e-05, 0.0], "k_pid_vsp": [245.61224240207372, 217.6593641813954, 1e-06]}, "datetime": {"datetime": "2025-08-20 18:37:25", "elapsed": 24299.665806770325, "delta": 15.137300968170166}, "costs": {"total_cost": 172.70593478726906, "time_cost": 70.72, "final_distance_cost": 1.8251528930306427, "oscillation_cost": 25.16738593864057, "completition_cost": 0.0, "overshoot_cost": 51.56215221053162, "power_cost": 11.996748291015626, "noise_cost": 11.43449545405059, "n_waypoints_completed": 9, "tot_waypoints": 9}}
{"target": -172.43308594445327, "params": {"k_pid_pos": [1.53003251649133, 0.0, 0.8850423105082995], "k_pid_alt": [1.999530285342312, 0.0, 0.0], "k_pid_att": [12.497086093749218, 0.0001, 0.25326134134332856], "k_pid_yaw": [0.5, 1e-06, 0.1], "k_pid_hsp": [0.09055601108448583, 0.0, 0.0], "k_pid_vsp": [220.447753415933, 260.2947587556337, 1e-06]}, "datetime": {"datetime": "2025-08-20 18:37:41", "elapsed": 24315.87703561783, "delta": 16.211228847503662}, "costs": {"total_cost": 172.43308594445327, "time_cost": 70.70400000000001, "final_distance_cost": 1.8172631889628863, "oscillation_cost": 25.122099727963214, "completition_cost": 0.0, "overshoot_cost": 51.07508959897317, "power_cost": 12.23838074951172, "noise_cost": 11.47625267904227, "n_waypoints_completed": 9, "tot_waypoints": 9}}
{"target": -172.94846111368312, "params": {"k_pid_pos": [1.401546230233747, 0.0, 0.8902390571661007], "k_pid_alt": [1.9998468043740034, 0.0, 0.0], "k_pid_att": [24.311532691543064, 0.0001, 0.24249207783496723], "k_pid_yaw": [0.5, 1e-06, 0.1], "k_pid_hsp": [0.08950088068183948, 0.0, 0.0], "k_pid_vsp": [264.490455970954, 365.7571629328719, 1e-06]}, "datetime": {"datetime": "2025-08-20 18:37:58", "elapsed": 24332.772613286972, "delta": 16.895577669143677}, "costs": {"total_cost": 172.94846111368312, "time_cost": 71.144, "final_distance_cost": 1.8388488966685836, "oscillation_cost": 24.7176040873033, "completition_cost": 0.0, "overshoot_cost": 51.58833738953934, "power_cost": 12.156797241210938, "noise_cost": 11.502873498960948, "n_waypoints_completed": 9, "tot_waypoints": 9}}
{"target": -171.90852657711088, "params": {"k_pid_pos": [1.4214508297814594, 0.0, 0.6879365178994137], "k_pid_alt": [1.9996311563202729, 0.0, 0.0], "k_pid_att": [40.720150856080465, 0.0001, 0.33140581666483737], "k_pid_yaw": [0.5, 1e-06, 0.1], "k_pid_hsp": [0.08460805448354122, 4.195347449133195e-05, 0.0], "k_pid_vsp": [234.70855031052923, 356.3673968179637, 1e-06]}, "datetime": {"datetime": "2025-08-20 18:38:14", "elapsed": 24349.364959716797, "delta": 16.59234642982483}, "costs": {"total_cost": 171.90852657711088, "time_cost": 70.56, "final_distance_cost": 1.805435687437705, "oscillation_cost": 25.588380942256872, "completition_cost": 0.0, "overshoot_cost": 50.94251620550113, "power_cost": 11.72584609375, "noise_cost": 11.28634764816515, "n_waypoints_completed": 9, "tot_waypoints": 9}}
{"target": -1145.81835632659, "params": {"k_pid_pos": [1.3595502300600435, 0.0, 0.7917222480762075], "k_pid_alt": [1.9995308245447698, 0.0, 0.0], "k_pid_att": [0.0, 0.0001, 0.2773735535280164], "k_pid_yaw": [0.5, 1e-06, 0.1], "k_pid_hsp": [0.09977898635718728, 1.5107311841973742e-05, 0.0], "k_pid_vsp": [210.1919358424365, 400.0, 1e-06]}, "datetime": {"datetime": "2025-08-20 18:38:37", "elapsed": 24371.83144044876, "delta": 22.46648073196411}, "costs": {"total_cost": 1145.81835632659, "time_cost": 150, "final_distance_cost": 54.08975744154347, "oscillation_cost": 0.6647760805691887, "completition_cost": 888.8888888888888, "overshoot_cost": 26.389439553733474, "power_cost": 12.829158715820313, "noise_cost": 12.956335646034805, "n_waypoints_completed": 1, "tot_waypoints": 9}}
{"target": -172.39747385563413, "params": {"k_pid_pos": [1.4507288807331813, 0.0, 0.8256738970897519], "k_pid_alt": [1.9996881319855173, 0.0, 0.0], "k_pid_att": [18.913989581002603, 0.0001, 0.2543254991367556], "k_pid_yaw": [0.5, 1e-06, 0.1], "k_pid_hsp": [0.12029078992722249, 3.0273289155808306e-06, 0.0], "k_pid_vsp": [218.44742003627172, 331.2310205720481, 1e-06]}, "datetime": {"datetime": "2025-08-20 18:38:53", "elapsed": 24387.560641765594, "delta": 15.729201316833496}, "costs": {"total_cost": 172.39747385563413, "time_cost": 70.784, "final_distance_cost": 1.8401686845483893, "oscillation_cost": 25.39686761784149, "completition_cost": 0.0, "overshoot_cost": 50.99870676311609, "power_cost": 11.960872705078126, "noise_cost": 11.416858085050055, "n_waypoints_completed": 9, "tot_waypoints": 9}}
