{"target": -173.1625763254313, "params": {"k_pid_pos": [1.3402198214988177, 0.0, 0.8970894202353358], "k_pid_alt": [2.0, 0.0, 0.0], "k_pid_att": [42.362947749417884, 0.0001, 0.4004723631692412], "k_pid_yaw": [0.5, 1e-06, 0.1], "k_pid_hsp": [0.0788243814129286, 0.0, 0.0], "k_pid_vsp": [219.83694342854994, 127.78380683798554, 1e-06]}, "datetime": {"datetime": "2025-08-20 17:41:21", "elapsed": 20935.952189683914, "delta": 15.26709270477295}, "costs": {"total_cost": 173.1625763254313, "time_cost": 71.70400000000001, "final_distance_cost": 1.8132329828203186, "oscillation_cost": 24.0638043086667, "completition_cost": 0.0, "overshoot_cost": 52.27411338203607, "power_cost": 11.862943591308595, "noise_cost": 11.444482060599599, "n_waypoints_completed": 9, "tot_waypoints": 9}}
{"target": -172.25524898443302, "params": {"k_pid_pos": [1.4116026318011143, 0.0, 0.8052828186365899], "k_pid_alt": [2.0, 0.0, 0.0], "k_pid_att": [4.4647260123622, 0.0001, 0.5571363013128293], "k_pid_yaw": [0.5, 1e-06, 0.1], "k_pid_hsp": [0.11801849871436525, 0.0, 0.0], "k_pid_vsp": [265.8732739190073, 242.97895824471473, 1e-06]}, "datetime": {"datetime": "2025-08-20 17:41:37", "elapsed": 20952.059858083725, "delta": 16.10766839981079}, "costs": {"total_cost": 172.25524898443302, "time_cost": 70.776, "final_distance_cost": 1.8326831445929415, "oscillation_cost": 25.13832996454052, "completition_cost": 0.0, "overshoot_cost": 50.721597061942866, "power_cost": 12.281574230957032, "noise_cost": 11.505064582399681, "n_waypoints_completed": 9, "tot_waypoints": 9}}
{"target": -172.6522423219198, "params": {"k_pid_pos": [1.4131768073052666, 0.0, 0.8080299042603233], "k_pid_alt": [2.0, 0.0, 0.0], "k_pid_att": [18.591727786368722, 0.0001, 0.3102508445198497], "k_pid_yaw": [0.5, 1e-06, 0.1], "k_pid_hsp": [0.08798365684797843, 0.00023037153357761625, 0.0], "k_pid_vsp": [249.0096813773219, 372.70187138549505, 1e-06]}, "datetime": {"datetime": "2025-08-20 17:41:53", "elapsed": 20967.96520590782, "delta": 15.90534782409668}, "costs": {"total_cost": 172.6522423219198, "time_cost": 70.8, "final_distance_cost": 1.8316241764173027, "oscillation_cost": 24.872286305330686, "completition_cost": 0.0, "overshoot_cost": 51.70497191970927, "power_cost": 12.000401171875001, "noise_cost": 11.442958748587523, "n_waypoints_completed": 9, "tot_waypoints": 9}}
{"target": -173.02082299684392, "params": {"k_pid_pos": [1.432082542561859, 0.0, 0.5310002114859258], "k_pid_alt": [2.0, 0.0, 0.0], "k_pid_att": [21.671661140440662, 0.0001, 0.3358576632020026], "k_pid_yaw": [0.5, 1e-06, 0.1], "k_pid_hsp": [0.12216897582802186, 0.000149662089113204, 0.0], "k_pid_vsp": [239.81099794894774, 381.20251462677896, 1e-06]}, "datetime": {"datetime": "2025-08-20 17:42:08", "elapsed": 20983.010748147964, "delta": 15.045542240142822}, "costs": {"total_cost": 173.02082299684392, "time_cost": 70.06400000000001, "final_distance_cost": 1.8074888463183312, "oscillation_cost": 26.756967387352457, "completition_cost": 0.0, "overshoot_cost": 50.87691372011087, "power_cost": 12.196383630371095, "noise_cost": 11.31906941269117, "n_waypoints_completed": 9, "tot_waypoints": 9}}
{"target": -172.14335325375077, "params": {"k_pid_pos": [1.294752808123197, 0.0, 0.785753718020332], "k_pid_alt": [2.0, 0.0, 0.0], "k_pid_att": [26.733498152429902, 0.0001, 0.30779668470074284], "k_pid_yaw": [0.5, 1e-06, 0.1], "k_pid_hsp": [0.10276778061696908, 3.847326772760779e-05, 0.0], "k_pid_vsp": [275.3730290290453, 362.3763401888243, 1e-06]}, "datetime": {"datetime": "2025-08-20 17:42:24", "elapsed": 20999.282407283783, "delta": 16.27165913581848}, "costs": {"total_cost": 172.14335325375077, "time_cost": 71.208, "final_distance_cost": 1.842053104391534, "oscillation_cost": 24.71636441217023, "completition_cost": 0.0, "overshoot_cost": 51.06566001650519, "power_cost": 11.88989853515625, "noise_cost": 11.42137718552754, "n_waypoints_completed": 9, "tot_waypoints": 9}}
{"target": -172.9731276129886, "params": {"k_pid_pos": [1.560857415696915, 0.0, 0.7709360113107808], "k_pid_alt": [2.0, 0.0, 0.0], "k_pid_att": [49.427300070595706, 0.0001, 0.28724881691012255], "k_pid_yaw": [0.5, 1e-06, 0.1], "k_pid_hsp": [0.11237562470474004, 0.0001128852243698748, 0.0], "k_pid_vsp": [268.6849090524424, 263.7368715155739, 1e-06]}, "datetime": {"datetime": "2025-08-20 17:42:40", "elapsed": 21014.61430478096, "delta": 15.331897497177124}, "costs": {"total_cost": 172.9731276129886, "time_cost": 70.48, "final_distance_cost": 1.8214351946196463, "oscillation_cost": 26.115886159173293, "completition_cost": 0.0, "overshoot_cost": 51.27166842903057, "power_cost": 11.950683312988282, "noise_cost": 11.333454517176829, "n_waypoints_completed": 9, "tot_waypoints": 9}}
{"target": -172.17682260326217, "params": {"k_pid_pos": [1.504699105086115, 0.0, 0.7932194433189994], "k_pid_alt": [2.0, 0.0, 0.0], "k_pid_att": [26.107519139721845, 0.0001, 0.297915319873704], "k_pid_yaw": [0.5, 1e-06, 0.1], "k_pid_hsp": [0.1162104734477428, 2.4518117969807057e-06, 0.0], "k_pid_vsp": [254.53123236979232, 356.7260291666561, 1e-06]}, "datetime": {"datetime": "2025-08-20 17:42:56", "elapsed": 21030.611923217773, "delta": 15.997618436813354}, "costs": {"total_cost": 172.17682260326217, "time_cost": 70.56, "final_distance_cost": 1.8324667227704872, "oscillation_cost": 25.881753893896402, "completition_cost": 0.0, "overshoot_cost": 50.49352816566274, "power_cost": 11.988664001464844, "noise_cost": 11.42040981946766, "n_waypoints_completed": 9, "tot_waypoints": 9}}
{"target": -173.33452995581845, "params": {"k_pid_pos": [1.4142869438600478, 0.0, 0.715469551367247], "k_pid_alt": [1.8500962627143507, 0.0, 0.0], "k_pid_att": [44.92280228538058, 0.0001, 0.32287906709371467], "k_pid_yaw": [0.5, 1e-06, 0.1], "k_pid_hsp": [0.12579461390420948, 0.00036283107681596904, 0.0], "k_pid_vsp": [209.4109637575882, 374.48154614263046, 1e-06]}, "datetime": {"datetime": "2025-08-20 17:43:12", "elapsed": 21047.01442170143, "delta": 16.402498483657837}, "costs": {"total_cost": 173.33452995581845, "time_cost": 70.376, "final_distance_cost": 1.8327039939574117, "oscillation_cost": 26.250000315148284, "completition_cost": 0.0, "overshoot_cost": 50.96630154710854, "power_cost": 12.314244250488281, "noise_cost": 11.595279849115933, "n_waypoints_completed": 9, "tot_waypoints": 9}}
{"target": -171.77922868120316, "params": {"k_pid_pos": [1.5081516434114284, 0.0, 0.8498537477278326], "k_pid_alt": [2.0, 0.0, 0.0], "k_pid_att": [16.014295434424128, 0.0001, 0.30891653166591626], "k_pid_yaw": [0.5, 1e-06, 0.1], "k_pid_hsp": [0.09559865014334569, 4.392919221143227e-05, 0.0], "k_pid_vsp": [275.7143183810455, 272.1396662632411, 1e-06]}, "datetime": {"datetime": "2025-08-20 17:43:28", "elapsed": 21062.86549425125, "delta": 15.851072549819946}, "costs": {"total_cost": 171.77922868120316, "time_cost": 70.72, "final_distance_cost": 1.8222333274285865, "oscillation_cost": 24.934398921610534, "completition_cost": 0.0, "overshoot_cost": 50.96486285701393, "power_cost": 11.986665246582032, "noise_cost": 11.351068328568076, "n_waypoints_completed": 9, "tot_waypoints": 9}}
{"target": -172.39012082689257, "params": {"k_pid_pos": [1.43486093878303, 0.0, 0.7505942141420082], "k_pid_alt": [2.0, 0.0, 0.0], "k_pid_att": [27.798258528447207, 0.0001, 0.16913084191036898], "k_pid_yaw": [0.5, 1e-06, 0.1], "k_pid_hsp": [0.1186129769799531, 0.0003050274713189315, 0.0], "k_pid_vsp": [286.43813410907603, 357.5233229556968, 1e-06]}, "datetime": {"datetime": "2025-08-20 17:43:44", "elapsed": 21078.56546664238, "delta": 15.69997239112854}, "costs": {"total_cost": 172.39012082689257, "time_cost": 70.616, "final_distance_cost": 1.826658943512454, "oscillation_cost": 25.640360589638455, "completition_cost": 0.0, "overshoot_cost": 50.70379845435833, "power_cost": 12.094064599609375, "noise_cost": 11.509238239773971, "n_waypoints_completed": 9, "tot_waypoints": 9}}
{"target": -172.6042300440188, "params": {"k_pid_pos": [1.4382253721838747, 0.0, 0.47440840131749573], "k_pid_alt": [2.0, 0.0, 0.0], "k_pid_att": [27.207933296714305, 0.0001, 0.2962515967188112], "k_pid_yaw": [0.5, 1e-06, 0.1], "k_pid_hsp": [0.11161180753215527, 0.0, 0.0], "k_pid_vsp": [259.35818869590514, 339.23145550099446, 1e-06]}, "datetime": {"datetime": "2025-08-20 17:43:58", "elapsed": 21093.50635290146, "delta": 14.94088625907898}, "costs": {"total_cost": 172.6042300440188, "time_cost": 69.984, "final_distance_cost": 1.8041424902593493, "oscillation_cost": 27.016405437857895, "completition_cost": 0.0, "overshoot_cost": 50.92897958636866, "power_cost": 11.767489367675783, "noise_cost": 11.103213161857127, "n_waypoints_completed": 9, "tot_waypoints": 9}}
{"target": -173.03167730149045, "params": {"k_pid_pos": [1.4039574373075712, 0.008968615491027388, 0.6194864989310703], "k_pid_alt": [2.0, 0.0, 0.0], "k_pid_att": [26.781092884097003, 0.0001, 0.27271572371620156], "k_pid_yaw": [0.5, 1e-06, 0.1], "k_pid_hsp": [0.10827280799809964, 0.00021617827122629433, 0.0], "k_pid_vsp": [259.81386975631267, 302.10497318873524, 1e-06]}, "datetime": {"datetime": "2025-08-20 17:44:15", "elapsed": 21110.06963133812, "delta": 16.563278436660767}, "costs": {"total_cost": 173.03167730149045, "time_cost": 70.368, "final_distance_cost": 1.8105370257650177, "oscillation_cost": 25.733895703605285, "completition_cost": 0.0, "overshoot_cost": 51.68482897397441, "power_cost": 12.0335185546875, "noise_cost": 11.400897043458242, "n_waypoints_completed": 9, "tot_waypoints": 9}}
{"target": -171.80683996804856, "params": {"k_pid_pos": [1.3943093322080875, 0.0, 0.7323351065507415], "k_pid_alt": [1.976933783788244, 0.0, 0.0], "k_pid_att": [31.689678810195737, 0.0001, 0.3627010251450713], "k_pid_yaw": [0.5, 1e-06, 0.1], "k_pid_hsp": [0.12940522149295441, 0.0, 0.0], "k_pid_vsp": [280.2399955390789, 381.1504956204944, 1e-06]}, "datetime": {"datetime": "2025-08-20 17:44:33", "elapsed": 21128.016254663467, "delta": 17.9466233253479}, "costs": {"total_cost": 171.80683996804856, "time_cost": 70.688, "final_distance_cost": 1.836098428918281, "oscillation_cost": 25.385928219927234, "completition_cost": 0.0, "overshoot_cost": 50.77292382176278, "power_cost": 11.801974243164063, "noise_cost": 11.321915254276206, "n_waypoints_completed": 9, "tot_waypoints": 9}}
{"target": -172.00281026796284, "params": {"k_pid_pos": [1.4070703408653171, 0.0, 0.7232691524757787], "k_pid_alt": [2.0, 0.0, 0.0], "k_pid_att": [36.80584973102009, 0.0001, 0.3817144713898546], "k_pid_yaw": [0.5, 1e-06, 0.1], "k_pid_hsp": [0.11973438730724667, 8.722435112532302e-05, 0.0], "k_pid_vsp": [250.36049273215755, 366.72657654851395, 1e-06]}, "datetime": {"datetime": "2025-08-20 17:44:50", "elapsed": 21145.36908698082, "delta": 17.352832317352295}, "costs": {"total_cost": 172.00281026796284, "time_cost": 70.616, "final_distance_cost": 1.8288911333126743, "oscillation_cost": 25.41709741834925, "completition_cost": 0.0, "overshoot_cost": 50.64936257675839, "power_cost": 12.008228784179687, "noise_cost": 11.483230355362812, "n_waypoints_completed": 9, "tot_waypoints": 9}}
{"target": -171.7313439875983, "params": {"k_pid_pos": [1.3831988548562042, 0.0, 0.7667233945164562], "k_pid_alt": [2.0, 0.0, 0.0], "k_pid_att": [23.41932271414808, 0.0001, 0.1948989082315551], "k_pid_yaw": [0.5, 1e-06, 0.1], "k_pid_hsp": [0.11470614017854673, 0.0002144811119758376, 0.0], "k_pid_vsp": [236.88770353350844, 400.0, 1e-06]}, "datetime": {"datetime": "2025-08-20 17:45:08", "elapsed": 21163.139309167862, "delta": 17.770222187042236}, "costs": {"total_cost": 171.7313439875983, "time_cost": 70.744, "final_distance_cost": 1.8224585720638982, "oscillation_cost": 25.653256132874848, "completition_cost": 0.0, "overshoot_cost": 51.04834993414125, "power_cost": 11.317558410644532, "noise_cost": 11.145720937873799, "n_waypoints_completed": 9, "tot_waypoints": 9}}
{"target": -173.53549397459324, "params": {"k_pid_pos": [1.6639062019133326, 0.0, 0.7571171243624333], "k_pid_alt": [2.0, 0.0, 0.0], "k_pid_att": [18.932689135740695, 0.0001, 0.27992977610198916], "k_pid_yaw": [0.5, 1e-06, 0.1], "k_pid_hsp": [0.15264631706743237, 0.0, 0.0], "k_pid_vsp": [244.73584010319468, 377.30226675068144, 1e-06]}, "datetime": {"datetime": "2025-08-20 17:45:23", "elapsed": 21177.81985116005, "delta": 14.6805419921875}, "costs": {"total_cost": 173.53549397459324, "time_cost": 70.128, "final_distance_cost": 1.8413025715860738, "oscillation_cost": 27.380671428824744, "completition_cost": 0.0, "overshoot_cost": 51.057107696841065, "power_cost": 11.819764379882812, "noise_cost": 11.30864789745856, "n_waypoints_completed": 9, "tot_waypoints": 9}}
{"target": -172.20043122437713, "params": {"k_pid_pos": [1.3301022327967864, 0.0, 0.7982499010010524], "k_pid_alt": [2.0, 0.0, 0.0], "k_pid_att": [35.71665571953492, 0.0001, 0.5217559411991617], "k_pid_yaw": [0.5, 1e-06, 0.1], "k_pid_hsp": [0.09684722610668965, 0.00017234025255674182, 0.0], "k_pid_vsp": [221.26280444052747, 400.0, 1e-06]}, "datetime": {"datetime": "2025-08-20 17:45:39", "elapsed": 21193.737591266632, "delta": 15.917740106582642}, "costs": {"total_cost": 172.20043122437713, "time_cost": 71.096, "final_distance_cost": 1.827161208579279, "oscillation_cost": 24.792509685575666, "completition_cost": 0.0, "overshoot_cost": 51.121801192750056, "power_cost": 11.924487744140626, "noise_cost": 11.438471393331488, "n_waypoints_completed": 9, "tot_waypoints": 9}}
{"target": -171.8202422740987, "params": {"k_pid_pos": [1.5120780913421088, 0.0, 0.8204243281528173], "k_pid_alt": [2.0, 0.0, 0.0], "k_pid_att": [22.36086091198422, 0.0001, 0.2721316707679447], "k_pid_yaw": [0.5, 1e-06, 0.1], "k_pid_hsp": [0.11713922452025274, 0.00032028337995609934, 0.0], "k_pid_vsp": [244.22516408545602, 380.33891125186904, 1e-06]}, "datetime": {"datetime": "2025-08-20 17:45:55", "elapsed": 21209.857958078384, "delta": 16.12036681175232}, "costs": {"total_cost": 171.8202422740987, "time_cost": 70.57600000000001, "final_distance_cost": 1.829057260308703, "oscillation_cost": 25.7787347692031, "completition_cost": 0.0, "overshoot_cost": 50.47024518027296, "power_cost": 11.81215086669922, "noise_cost": 11.354054197614674, "n_waypoints_completed": 9, "tot_waypoints": 9}}
{"target": -172.21619546148924, "params": {"k_pid_pos": [1.3221031267650376, 0.0, 0.7286315139288715], "k_pid_alt": [2.0, 0.0, 0.0], "k_pid_att": [26.444704766283117, 0.0001, 0.2584150294474972], "k_pid_yaw": [0.5, 1e-06, 0.1], "k_pid_hsp": [0.10943914927165785, 0.0, 0.0], "k_pid_vsp": [297.44488739910025, 400.0, 1e-06]}, "datetime": {"datetime": "2025-08-20 17:46:10", "elapsed": 21225.11166024208, "delta": 15.253702163696289}, "costs": {"total_cost": 172.21619546148924, "time_cost": 70.904, "final_distance_cost": 1.8218812209631992, "oscillation_cost": 24.999819815792872, "completition_cost": 0.0, "overshoot_cost": 51.25701355082641, "power_cost": 11.829859753417969, "noise_cost": 11.403621120488781, "n_waypoints_completed": 9, "tot_waypoints": 9}}
{"target": -173.139732329641, "params": {"k_pid_pos": [1.4688750063503606, 0.0, 0.6848819508060221], "k_pid_alt": [2.0, 0.0, 0.0], "k_pid_att": [50.74475449381601, 0.0001, 0.2456133296837587], "k_pid_yaw": [0.5, 1e-06, 0.1], "k_pid_hsp": [0.11329631002976823, 0.0, 0.0], "k_pid_vsp": [278.109894208467, 282.48204867354224, 1e-06]}, "datetime": {"datetime": "2025-08-20 17:46:26", "elapsed": 21241.49988603592, "delta": 16.3882257938385}, "costs": {"total_cost": 173.139732329641, "time_cost": 70.464, "final_distance_cost": 1.823641995626797, "oscillation_cost": 26.315615873419, "completition_cost": 0.0, "overshoot_cost": 51.212594644765026, "power_cost": 11.923626306152345, "noise_cost": 11.400253509677801, "n_waypoints_completed": 9, "tot_waypoints": 9}}
{"target": -172.13813184710096, "params": {"k_pid_pos": [1.4185349180606774, 0.0, 0.7841969643482481], "k_pid_alt": [2.0, 0.0, 0.0], "k_pid_att": [19.556503520114433, 0.0001, 0.2646415610726263], "k_pid_yaw": [0.5, 1e-06, 0.1], "k_pid_hsp": [0.12520427346778906, 0.00022990249700894632, 0.0], "k_pid_vsp": [246.81108133353294, 355.9252224168781, 1e-06]}, "datetime": {"datetime": "2025-08-20 17:46:42", "elapsed": 21257.01376914978, "delta": 15.513883113861084}, "costs": {"total_cost": 172.13813184710096, "time_cost": 70.70400000000001, "final_distance_cost": 1.8437065302841649, "oscillation_cost": 25.495394098676503, "completition_cost": 0.0, "overshoot_cost": 50.69648291702195, "power_cost": 11.952948217773438, "noise_cost": 11.445600083344909, "n_waypoints_completed": 9, "tot_waypoints": 9}}
{"target": -173.1111874778072, "params": {"k_pid_pos": [1.2873021898895087, 0.0, 0.6720543896368757], "k_pid_alt": [2.0, 0.0, 0.0], "k_pid_att": [37.92500806588137, 0.0001, 0.42998062352400124], "k_pid_yaw": [0.5, 1e-06, 0.1], "k_pid_hsp": [0.06935575330619467, 0.0001268567640663186, 0.0], "k_pid_vsp": [190.34484714578477, 319.0396873916475, 1e-06]}, "datetime": {"datetime": "2025-08-20 17:46:58", "elapsed": 21272.866136550903, "delta": 15.852367401123047}, "costs": {"total_cost": 173.1111874778072, "time_cost": 71.424, "final_distance_cost": 1.8199244625094182, "oscillation_cost": 24.188212520523024, "completition_cost": 0.0, "overshoot_cost": 52.48711275878229, "power_cost": 11.773563989257813, "noise_cost": 11.418373746734654, "n_waypoints_completed": 9, "tot_waypoints": 9}}
{"target": -172.81208603461536, "params": {"k_pid_pos": [1.4079361466335132, 0.0, 0.40867516118235614], "k_pid_alt": [2.0, 0.0, 0.0], "k_pid_att": [34.22758450544521, 0.0001, 0.36216237387661254], "k_pid_yaw": [0.5, 1e-06, 0.1], "k_pid_hsp": [0.09930832980142355, 0.0001888214989554942, 0.0], "k_pid_vsp": [260.4792360612633, 381.9031649355074, 1e-06]}, "datetime": {"datetime": "2025-08-20 17:47:14", "elapsed": 21288.824858427048, "delta": 15.95872187614441}, "costs": {"total_cost": 172.81208603461536, "time_cost": 69.968, "final_distance_cost": 1.8100203666472348, "oscillation_cost": 26.90523630727324, "completition_cost": 0.0, "overshoot_cost": 51.317947468114134, "power_cost": 11.661848986816407, "noise_cost": 11.149032905764335, "n_waypoints_completed": 9, "tot_waypoints": 9}}
{"target": -172.43424410643, "params": {"k_pid_pos": [1.360814798076356, 0.0, 0.6702045486470838], "k_pid_alt": [1.739942256677211, 0.0, 0.0], "k_pid_att": [47.577329392122536, 0.0001, 0.659143466750438], "k_pid_yaw": [0.5, 1e-06, 0.1], "k_pid_hsp": [0.10869637565213014, 4.835980166532632e-05, 0.0], "k_pid_vsp": [249.24389183695098, 360.00235280168755, 1e-06]}, "datetime": {"datetime": "2025-08-20 17:47:29", "elapsed": 21303.813214063644, "delta": 14.98835563659668}, "costs": {"total_cost": 172.43424410643, "time_cost": 70.24, "final_distance_cost": 1.8197058374527586, "oscillation_cost": 25.69761454450185, "completition_cost": 0.0, "overshoot_cost": 51.07582652362813, "power_cost": 12.13808162841797, "noise_cost": 11.46301557242927, "n_waypoints_completed": 9, "tot_waypoints": 9}}
{"target": -173.59739028256638, "params": {"k_pid_pos": [1.4451291541028732, 0.0, 0.6561345896794696], "k_pid_alt": [2.0, 0.0, 0.0], "k_pid_att": [44.92800557673475, 0.0001, 0.5966245978586366], "k_pid_yaw": [0.5, 1e-06, 0.1], "k_pid_hsp": [0.11700648031765505, 0.0002656208920737837, 0.0], "k_pid_vsp": [240.76352366785298, 382.01356816780134, 1e-06]}, "datetime": {"datetime": "2025-08-20 17:47:46", "elapsed": 21321.088633537292, "delta": 17.27541947364807}, "costs": {"total_cost": 173.59739028256638, "time_cost": 70.36, "final_distance_cost": 1.8335151568609533, "oscillation_cost": 26.083198526011742, "completition_cost": 0.0, "overshoot_cost": 51.44973797783436, "power_cost": 12.345040795898438, "noise_cost": 11.525897825960884, "n_waypoints_completed": 9, "tot_waypoints": 9}}
{"target": -172.44820651451965, "params": {"k_pid_pos": [1.3923816930705366, 0.0, 0.6230097463170234], "k_pid_alt": [2.0, 0.0, 0.0], "k_pid_att": [37.21736092359637, 0.0001, 0.2512383526047195], "k_pid_yaw": [0.5, 1e-06, 0.1], "k_pid_hsp": [0.08425439942360594, 6.45513963175211e-05, 0.0], "k_pid_vsp": [255.36423561128112, 362.62073305110613, 1e-06]}, "datetime": {"datetime": "2025-08-20 17:48:01", "elapsed": 21336.353655576706, "delta": 15.265022039413452}, "costs": {"total_cost": 172.44820651451965, "time_cost": 70.488, "final_distance_cost": 1.796106804696372, "oscillation_cost": 25.510740885522033, "completition_cost": 0.0, "overshoot_cost": 51.542575269568474, "power_cost": 11.889458984375, "noise_cost": 11.22132457035777, "n_waypoints_completed": 9, "tot_waypoints": 9}}
{"target": -171.93827538029848, "params": {"k_pid_pos": [1.3980371554534596, 0.0, 0.6859876051484145], "k_pid_alt": [2.0, 0.0, 0.0], "k_pid_att": [35.64469338527131, 0.0001, 0.3017908300198908], "k_pid_yaw": [0.5, 1e-06, 0.1], "k_pid_hsp": [0.11156942367644458, 0.00016972418708538001, 0.0], "k_pid_vsp": [235.72268063369137, 386.06893321155144, 1e-06]}, "datetime": {"datetime": "2025-08-20 17:48:17", "elapsed": 21352.099294662476, "delta": 15.745639085769653}, "costs": {"total_cost": 171.93827538029848, "time_cost": 70.528, "final_distance_cost": 1.8347184317455452, "oscillation_cost": 25.492020965985553, "completition_cost": 0.0, "overshoot_cost": 50.53825313724827, "power_cost": 12.178380700683594, "noise_cost": 11.366902144635526, "n_waypoints_completed": 9, "tot_waypoints": 9}}
