{"target": -171.9645432605197, "params": {"k_pid_pos": [1.3902373021922658, 0.0, 0.6572322966886476], "k_pid_alt": [1.9999759407680675, 0.0, 0.0], "k_pid_att": [31.412136938990287, 0.0001, 0.31583289007615617], "k_pid_yaw": [0.5, 1e-06, 0.1], "k_pid_hsp": [0.10832917083735441, 7.795957526340701e-05, 0.0], "k_pid_vsp": [279.1459250043557, 377.6120012278224, 1e-06]}, "datetime": {"datetime": "2025-08-20 23:41:30", "elapsed": 42544.75067949295, "delta": 17.68015432357788}, "costs": {"total_cost": 171.9645432605197, "time_cost": 70.48, "final_distance_cost": 1.8339959878583338, "oscillation_cost": 25.389282885847557, "completition_cost": 0.0, "overshoot_cost": 51.085730923435044, "power_cost": 11.87193564453125, "noise_cost": 11.303597818847482, "n_waypoints_completed": 9, "tot_waypoints": 9}}
{"target": -172.89816178465767, "params": {"k_pid_pos": [1.5233476752860429, 0.0, 0.6661581830813881], "k_pid_alt": [2.0, 0.0, 0.0], "k_pid_att": [28.230095289357948, 0.0001, 0.3068525420418387], "k_pid_yaw": [0.5, 1e-06, 0.1], "k_pid_hsp": [0.08981513563997467, 6.362537205571291e-05, 0.0], "k_pid_vsp": [259.6650612789988, 246.4068751899529, 1e-06]}, "datetime": {"datetime": "2025-08-20 23:41:45", "elapsed": 42560.14000892639, "delta": 15.389329433441162}, "costs": {"total_cost": 172.89816178465767, "time_cost": 70.384, "final_distance_cost": 1.7909295552683087, "oscillation_cost": 25.887729513352784, "completition_cost": 0.0, "overshoot_cost": 51.4404058151571, "power_cost": 12.00988759765625, "noise_cost": 11.385209303223238, "n_waypoints_completed": 9, "tot_waypoints": 9}}
{"target": -172.31044219797457, "params": {"k_pid_pos": [1.322569454308278, 0.0, 0.6411657747581666], "k_pid_alt": [1.999887187531585, 0.0, 0.0], "k_pid_att": [28.239502833332214, 0.0001, 0.3222611718922308], "k_pid_yaw": [0.5, 1e-06, 0.1], "k_pid_hsp": [0.09342585936182694, 6.239467845400322e-05, 0.0], "k_pid_vsp": [243.74721449461688, 352.67265954456167, 1e-06]}, "datetime": {"datetime": "2025-08-20 23:42:03", "elapsed": 42577.627573013306, "delta": 17.487564086914062}, "costs": {"total_cost": 172.31044219797457, "time_cost": 70.608, "final_distance_cost": 1.822083425330059, "oscillation_cost": 25.053848105877147, "completition_cost": 0.0, "overshoot_cost": 51.366323342832295, "power_cost": 12.059991271972656, "noise_cost": 11.400196051962414, "n_waypoints_completed": 9, "tot_waypoints": 9}}
{"target": -172.97807218969734, "params": {"k_pid_pos": [1.4010469103100485, 0.0, 0.4517308527871103], "k_pid_alt": [2.0, 0.0, 0.0], "k_pid_att": [27.58200730143743, 0.0001, 0.3270310310570234], "k_pid_yaw": [0.5, 1e-06, 0.1], "k_pid_hsp": [0.09585590932376153, 2.3310364769571745e-05, 0.0], "k_pid_vsp": [250.1721979206255, 279.03777408617543, 1e-06]}, "datetime": {"datetime": "2025-08-20 23:42:18", "elapsed": 42592.6101732254, "delta": 14.982600212097168}, "costs": {"total_cost": 172.97807218969734, "time_cost": 70.08, "final_distance_cost": 1.818888524093927, "oscillation_cost": 26.71306206313246, "completition_cost": 0.0, "overshoot_cost": 51.31538852801665, "power_cost": 11.758894982910157, "noise_cost": 11.291838091544147, "n_waypoints_completed": 9, "tot_waypoints": 9}}
{"target": -172.12229876080505, "params": {"k_pid_pos": [1.3318185353927348, 0.0, 0.6143246748496644], "k_pid_alt": [1.9998517732279188, 0.0, 0.0], "k_pid_att": [26.612781955914727, 0.0001, 0.3126972710485278], "k_pid_yaw": [0.5, 1e-06, 0.1], "k_pid_hsp": [0.08790388983161548, 7.368834041758562e-05, 0.0], "k_pid_vsp": [242.07557759363684, 382.64029688826326, 1e-06]}, "datetime": {"datetime": "2025-08-20 23:42:34", "elapsed": 42609.42056441307, "delta": 16.810391187667847}, "costs": {"total_cost": 172.12229876080505, "time_cost": 70.536, "final_distance_cost": 1.821630858756725, "oscillation_cost": 25.297028840603645, "completition_cost": 0.0, "overshoot_cost": 51.482115050040306, "power_cost": 11.746231408691408, "noise_cost": 11.239292602712968, "n_waypoints_completed": 9, "tot_waypoints": 9}}
{"target": -171.98277385458317, "params": {"k_pid_pos": [1.3098109803961118, 0.0, 0.6542743545888214], "k_pid_alt": [1.9998901128136872, 0.0, 0.0], "k_pid_att": [27.897581391189092, 0.0001, 0.32088310771599643], "k_pid_yaw": [0.5, 1e-06, 0.1], "k_pid_hsp": [0.09147416165781228, 2.5318843792404204e-05, 0.0], "k_pid_vsp": [239.90386200579863, 366.7525137655281, 1e-06]}, "datetime": {"datetime": "2025-08-20 23:42:50", "elapsed": 42625.43074607849, "delta": 16.010181665420532}, "costs": {"total_cost": 171.98277385458317, "time_cost": 70.688, "final_distance_cost": 1.8317824762112302, "oscillation_cost": 24.96095506535513, "completition_cost": 0.0, "overshoot_cost": 51.12263490263756, "power_cost": 11.989770434570312, "noise_cost": 11.389630975808956, "n_waypoints_completed": 9, "tot_waypoints": 9}}
{"target": -172.1383790495252, "params": {"k_pid_pos": [1.3227495301424832, 0.0, 0.5936699896666421], "k_pid_alt": [1.9999244785228587, 0.0, 0.0], "k_pid_att": [26.728723472322443, 0.0001, 0.334253401586327], "k_pid_yaw": [0.5, 1e-06, 0.1], "k_pid_hsp": [0.08939953470795631, 5.664476863512516e-05, 0.0], "k_pid_vsp": [269.17006097690575, 371.1862534727136, 1e-06]}, "datetime": {"datetime": "2025-08-20 23:43:07", "elapsed": 42642.3592813015, "delta": 16.928535223007202}, "costs": {"total_cost": 172.1383790495252, "time_cost": 70.536, "final_distance_cost": 1.8297519950032348, "oscillation_cost": 25.379105861462712, "completition_cost": 0.0, "overshoot_cost": 51.37160729360745, "power_cost": 11.772977673339843, "noise_cost": 11.248936226111967, "n_waypoints_completed": 9, "tot_waypoints": 9}}
{"target": -171.42816047750904, "params": {"k_pid_pos": [1.3162885491547502, 0.0, 0.6770486655149238], "k_pid_alt": [1.9999112665002698, 0.0, 0.0], "k_pid_att": [26.9265051625275, 0.0001, 0.17869852379973694], "k_pid_yaw": [0.5, 1e-06, 0.1], "k_pid_hsp": [0.09008537652350396, 5.947960146160307e-05, 0.0], "k_pid_vsp": [249.68507718468243, 381.0257334637748, 1e-06]}, "datetime": {"datetime": "2025-08-20 23:43:26", "elapsed": 42661.08657646179, "delta": 18.72729516029358}, "costs": {"total_cost": 171.42816047750904, "time_cost": 70.72, "final_distance_cost": 1.8319429952086865, "oscillation_cost": 25.134284833106697, "completition_cost": 0.0, "overshoot_cost": 51.225259503866354, "power_cost": 11.388176782226562, "noise_cost": 11.128496363100712, "n_waypoints_completed": 9, "tot_waypoints": 9}}
{"target": -171.82496458610495, "params": {"k_pid_pos": [1.3330098320259003, 0.0, 0.6376625068595125], "k_pid_alt": [2.0, 0.0, 0.0], "k_pid_att": [31.6653587053042, 0.0001, 0.36041641570265626], "k_pid_yaw": [0.5, 1e-06, 0.1], "k_pid_hsp": [0.11436978817244914, 5.4320353626143865e-05, 0.0], "k_pid_vsp": [256.8063411823377, 395.79613475574916, 1e-06]}, "datetime": {"datetime": "2025-08-20 23:43:42", "elapsed": 42677.190002679825, "delta": 16.103426218032837}, "costs": {"total_cost": 171.82496458610495, "time_cost": 70.56, "final_distance_cost": 1.833656310948561, "oscillation_cost": 25.36457344985652, "completition_cost": 0.0, "overshoot_cost": 50.73052184126569, "power_cost": 11.864397534179687, "noise_cost": 11.471815449854487, "n_waypoints_completed": 9, "tot_waypoints": 9}}
{"target": -173.06926671664647, "params": {"k_pid_pos": [1.2924866807824367, 0.0, 0.6164520533223237], "k_pid_alt": [1.999841133600584, 0.0, 0.0], "k_pid_att": [23.14742119683043, 0.0001, 0.3121435443521822], "k_pid_yaw": [0.5, 1e-06, 0.1], "k_pid_hsp": [0.07576757019118507, 6.217270373223297e-05, 0.0], "k_pid_vsp": [213.8994348799649, 362.49834140157276, 1e-06]}, "datetime": {"datetime": "2025-08-20 23:43:57", "elapsed": 42692.35074329376, "delta": 15.160740613937378}, "costs": {"total_cost": 173.06926671664647, "time_cost": 70.944, "final_distance_cost": 1.7870108378003178, "oscillation_cost": 24.888007001677828, "completition_cost": 0.0, "overshoot_cost": 51.9861017627768, "power_cost": 12.055475952148438, "noise_cost": 11.408671162243081, "n_waypoints_completed": 9, "tot_waypoints": 9}}
{"target": -172.61315641877576, "params": {"k_pid_pos": [1.3174774681597092, 0.0, 0.6372349516565259], "k_pid_alt": [1.9998879272985703, 0.0, 0.0], "k_pid_att": [28.176683045820408, 0.0001, 0.2026031463135169], "k_pid_yaw": [0.5, 1e-06, 0.1], "k_pid_hsp": [0.10145624461389025, 2.383830538285465e-05, 0.0], "k_pid_vsp": [243.09062240678986, 397.04332886117857, 1e-06]}, "datetime": {"datetime": "2025-08-20 23:44:15", "elapsed": 42710.15521121025, "delta": 17.804467916488647}, "costs": {"total_cost": 172.61315641877576, "time_cost": 70.57600000000001, "final_distance_cost": 1.8284669725426206, "oscillation_cost": 25.721217128384435, "completition_cost": 0.0, "overshoot_cost": 51.11680036564354, "power_cost": 11.957159594726564, "noise_cost": 11.413512357478604, "n_waypoints_completed": 9, "tot_waypoints": 9}}
{"target": -171.77230406504924, "params": {"k_pid_pos": [1.3396880594683775, 0.0, 0.5984340125132431], "k_pid_alt": [1.9998811780787242, 0.0, 0.0], "k_pid_att": [27.57594590543477, 0.0001, 0.39426277915114], "k_pid_yaw": [0.5, 1e-06, 0.1], "k_pid_hsp": [0.09472598126518035, 3.5058598021792916e-05, 0.0], "k_pid_vsp": [240.83075257687796, 380.95105454434594, 1e-06]}, "datetime": {"datetime": "2025-08-20 23:44:31", "elapsed": 42726.016115665436, "delta": 15.860904455184937}, "costs": {"total_cost": 171.77230406504924, "time_cost": 70.424, "final_distance_cost": 1.8000324273588444, "oscillation_cost": 25.569560267617206, "completition_cost": 0.0, "overshoot_cost": 51.3469111348491, "power_cost": 11.443168151855469, "noise_cost": 11.188632083368615, "n_waypoints_completed": 9, "tot_waypoints": 9}}
{"target": -172.70237853814356, "params": {"k_pid_pos": [1.1568529946827835, 0.0, 0.6326330369987365], "k_pid_alt": [1.9999713708160263, 0.0, 0.0], "k_pid_att": [27.11631069212824, 0.0001, 0.26459570281863115], "k_pid_yaw": [0.5, 1e-06, 0.1], "k_pid_hsp": [0.140108813594982, 4.484742215867603e-05, 0.0], "k_pid_vsp": [245.62539721203976, 378.15292738382914, 1e-06]}, "datetime": {"datetime": "2025-08-20 23:44:49", "elapsed": 42744.3148226738, "delta": 18.298707008361816}, "costs": {"total_cost": 172.70237853814356, "time_cost": 71.352, "final_distance_cost": 1.839809773129392, "oscillation_cost": 25.1339559092702, "completition_cost": 0.0, "overshoot_cost": 51.06396411679715, "power_cost": 11.806217309570313, "noise_cost": 11.506431429376503, "n_waypoints_completed": 9, "tot_waypoints": 9}}
{"target": -170.9916161407124, "params": {"k_pid_pos": [1.3229873787207553, 0.0, 0.6722875537254541], "k_pid_alt": [1.9998982456023082, 0.0, 0.0], "k_pid_att": [14.26682852922034, 0.0001, 0.3109380240919813], "k_pid_yaw": [0.5, 1e-06, 0.1], "k_pid_hsp": [0.09576023897877046, 2.612977372686174e-05, 0.0], "k_pid_vsp": [251.05468166107795, 389.1637581617547, 1e-06]}, "datetime": {"datetime": "2025-08-20 23:45:04", "elapsed": 42759.38045048714, "delta": 15.065627813339233}, "costs": {"total_cost": 170.9916161407124, "time_cost": 70.632, "final_distance_cost": 1.8163830582100042, "oscillation_cost": 25.08426330273971, "completition_cost": 0.0, "overshoot_cost": 50.6071879200448, "power_cost": 11.60356590576172, "noise_cost": 11.248215953956159, "n_waypoints_completed": 9, "tot_waypoints": 9}}
{"target": -171.8239115503285, "params": {"k_pid_pos": [1.320602031950421, 0.0, 0.6310850066510433], "k_pid_alt": [1.999897865611234, 0.0, 0.0], "k_pid_att": [25.488783206130364, 0.0001, 0.32023413275212115], "k_pid_yaw": [0.5, 1e-06, 0.1], "k_pid_hsp": [0.0918614808507727, 6.224007202408883e-05, 0.0], "k_pid_vsp": [246.97514099024238, 358.19975002283564, 1e-06]}, "datetime": {"datetime": "2025-08-20 23:45:22", "elapsed": 42777.300270318985, "delta": 17.919819831848145}, "costs": {"total_cost": 171.8239115503285, "time_cost": 70.632, "final_distance_cost": 1.8091195295159652, "oscillation_cost": 25.06652076430434, "completition_cost": 0.0, "overshoot_cost": 51.27202800439224, "power_cost": 11.811457104492188, "noise_cost": 11.23278614762376, "n_waypoints_completed": 9, "tot_waypoints": 9}}
{"target": -170.9054379900156, "params": {"k_pid_pos": [1.2976417625766081, 0.0, 0.6284323731969811], "k_pid_alt": [1.9998922980829854, 0.0, 0.0], "k_pid_att": [29.516715909052234, 0.0001, 0.3021651147828787], "k_pid_yaw": [0.5, 1e-06, 0.1], "k_pid_hsp": [0.0912536343089378, 5.980545335150767e-05, 0.0], "k_pid_vsp": [278.28269139964414, 393.05024652670966, 1e-06]}, "datetime": {"datetime": "2025-08-20 23:45:39", "elapsed": 42794.11858558655, "delta": 16.818315267562866}, "costs": {"total_cost": 170.9054379900156, "time_cost": 70.648, "final_distance_cost": 1.8088759494271063, "oscillation_cost": 24.844459723111235, "completition_cost": 0.0, "overshoot_cost": 50.861466233072306, "power_cost": 11.542478564453125, "noise_cost": 11.200157519951839, "n_waypoints_completed": 9, "tot_waypoints": 9}}
{"target": -172.19740237765973, "params": {"k_pid_pos": [1.372284588515238, 0.0, 0.6457623358655403], "k_pid_alt": [1.999885385678184, 0.0, 0.0], "k_pid_att": [23.89418665338719, 0.0001, 0.3254550212382846], "k_pid_yaw": [0.5, 1e-06, 0.1], "k_pid_hsp": [0.09081400426342778, 5.460976228580688e-05, 0.0], "k_pid_vsp": [240.92473015274123, 384.93402726599015, 1e-06]}, "datetime": {"datetime": "2025-08-20 23:45:54", "elapsed": 42809.348747015, "delta": 15.230161428451538}, "costs": {"total_cost": 172.19740237765973, "time_cost": 70.528, "final_distance_cost": 1.811824060463197, "oscillation_cost": 25.635066289122275, "completition_cost": 0.0, "overshoot_cost": 51.27094653013465, "power_cost": 11.767723229980469, "noise_cost": 11.18384226795915, "n_waypoints_completed": 9, "tot_waypoints": 9}}
{"target": -171.2522859166315, "params": {"k_pid_pos": [1.3144368458425204, 0.0, 0.6427254284733916], "k_pid_alt": [1.9998861838022877, 0.0, 0.0], "k_pid_att": [27.41250331075453, 0.0001, 0.3261441561707825], "k_pid_yaw": [0.5, 1e-06, 0.1], "k_pid_hsp": [0.09301783128258216, 6.341555407733112e-05, 0.0], "k_pid_vsp": [241.47577688498765, 367.9398437018628, 1e-06]}, "datetime": {"datetime": "2025-08-20 23:46:12", "elapsed": 42827.46701622009, "delta": 18.118269205093384}, "costs": {"total_cost": 171.2522859166315, "time_cost": 70.656, "final_distance_cost": 1.810068312071479, "oscillation_cost": 24.900681613998337, "completition_cost": 0.0, "overshoot_cost": 50.817057884990554, "power_cost": 11.748695056152345, "noise_cost": 11.3197830494188, "n_waypoints_completed": 9, "tot_waypoints": 9}}
{"target": -171.44350454631422, "params": {"k_pid_pos": [1.3142682310673157, 0.0, 0.6245625873833643], "k_pid_alt": [1.9998874120135555, 0.0, 0.0], "k_pid_att": [27.916282045242582, 0.0001, 0.3270779332423665], "k_pid_yaw": [0.5, 1e-06, 0.1], "k_pid_hsp": [0.08969734587508225, 6.666203370941495e-05, 0.0], "k_pid_vsp": [242.93038171614072, 397.02973654888154, 1e-06]}, "datetime": {"datetime": "2025-08-20 23:46:28", "elapsed": 42843.223059892654, "delta": 15.756043672561646}, "costs": {"total_cost": 171.44350454631422, "time_cost": 70.57600000000001, "final_distance_cost": 1.8313715584699617, "oscillation_cost": 25.20330023106273, "completition_cost": 0.0, "overshoot_cost": 51.32517832513888, "power_cost": 11.284258251953126, "noise_cost": 11.223396179689495, "n_waypoints_completed": 9, "tot_waypoints": 9}}
{"target": -172.19889795480245, "params": {"k_pid_pos": [1.3382702909715762, 0.0, 0.5503814425496225], "k_pid_alt": [2.0, 0.0, 0.0], "k_pid_att": [27.876824731597296, 0.0001, 0.30155852298496655], "k_pid_yaw": [0.5, 1e-06, 0.1], "k_pid_hsp": [0.09159516636628695, 4.787587635163735e-05, 0.0], "k_pid_vsp": [250.02320720991227, 371.428020212928, 1e-06]}, "datetime": {"datetime": "2025-08-20 23:46:43", "elapsed": 42858.313628435135, "delta": 15.090568542480469}, "costs": {"total_cost": 172.19889795480245, "time_cost": 70.408, "final_distance_cost": 1.800959028885543, "oscillation_cost": 25.518906655394545, "completition_cost": 0.0, "overshoot_cost": 51.42521599984082, "power_cost": 11.750337609863282, "noise_cost": 11.29547866081824, "n_waypoints_completed": 9, "tot_waypoints": 9}}
{"target": -171.15765607197315, "params": {"k_pid_pos": [1.3141187238082428, 0.0, 0.6194124191073156], "k_pid_alt": [2.0, 0.0, 0.0], "k_pid_att": [26.916727735797494, 0.0001, 0.3226514479264574], "k_pid_yaw": [0.5, 1e-06, 0.1], "k_pid_hsp": [0.10568735232627822, 6.292984551986074e-05, 0.0], "k_pid_vsp": [232.75421323976363, 369.59110366175963, 1e-06]}, "datetime": {"datetime": "2025-08-20 23:47:01", "elapsed": 42875.76645755768, "delta": 17.452829122543335}, "costs": {"total_cost": 171.15765607197315, "time_cost": 70.544, "final_distance_cost": 1.8112898750363065, "oscillation_cost": 25.318165202721634, "completition_cost": 0.0, "overshoot_cost": 50.81411564971371, "power_cost": 11.537969030761719, "noise_cost": 11.13211631373977, "n_waypoints_completed": 9, "tot_waypoints": 9}}
{"target": -172.11758920268122, "params": {"k_pid_pos": [1.3848246130874202, 0.0, 0.6078689139096562], "k_pid_alt": [1.9996748540109672, 0.0, 0.0], "k_pid_att": [28.409438455304908, 0.0001, 0.3097594929249292], "k_pid_yaw": [0.5, 1e-06, 0.1], "k_pid_hsp": [0.0853616127192338, 0.0002463340355187731, 0.0], "k_pid_vsp": [244.82092354704324, 377.92293917836787, 1e-06]}, "datetime": {"datetime": "2025-08-20 23:47:16", "elapsed": 42890.84108185768, "delta": 15.074624300003052}, "costs": {"total_cost": 172.11758920268122, "time_cost": 70.456, "final_distance_cost": 1.8208991947116167, "oscillation_cost": 25.426667028357407, "completition_cost": 0.0, "overshoot_cost": 51.3590376166688, "power_cost": 11.845188989257814, "noise_cost": 11.209796373685558, "n_waypoints_completed": 9, "tot_waypoints": 9}}
{"target": -171.8907910489173, "params": {"k_pid_pos": [1.3168442372067037, 0.0, 0.6309471174239051], "k_pid_alt": [1.9998878044928081, 0.0, 0.0], "k_pid_att": [32.11449047817902, 0.0001, 0.3196436173169404], "k_pid_yaw": [0.5, 1e-06, 0.1], "k_pid_hsp": [0.09222977519708395, 4.4071543439141464e-05, 0.0], "k_pid_vsp": [241.75666665993117, 385.24382292734265, 1e-06]}, "datetime": {"datetime": "2025-08-20 23:47:33", "elapsed": 42908.1157810688, "delta": 17.274699211120605}, "costs": {"total_cost": 171.8907910489173, "time_cost": 70.624, "final_distance_cost": 1.8253484011010814, "oscillation_cost": 25.07137466414159, "completition_cost": 0.0, "overshoot_cost": 51.278887979885184, "power_cost": 11.807148547363282, "noise_cost": 11.284031456426153, "n_waypoints_completed": 9, "tot_waypoints": 9}}
{"target": -172.18078874246478, "params": {"k_pid_pos": [1.3272056194134276, 0.0, 0.6360966814923904], "k_pid_alt": [1.9999567333897954, 0.0, 0.0], "k_pid_att": [27.019244646846186, 0.0001, 0.3226857332997108], "k_pid_yaw": [0.5, 1e-06, 0.1], "k_pid_hsp": [0.09094861505029642, 6.214830482882017e-05, 0.0], "k_pid_vsp": [247.38347594640211, 379.47972823229657, 1e-06]}, "datetime": {"datetime": "2025-08-20 23:47:48", "elapsed": 42923.402398109436, "delta": 15.286617040634155}, "costs": {"total_cost": 172.18078874246478, "time_cost": 70.608, "final_distance_cost": 1.820833225758039, "oscillation_cost": 25.10080305680618, "completition_cost": 0.0, "overshoot_cost": 51.442474992754526, "power_cost": 11.844997009277344, "noise_cost": 11.3636804578687, "n_waypoints_completed": 9, "tot_waypoints": 9}}
{"target": -171.9801539999159, "params": {"k_pid_pos": [1.1113459328507118, 0.0, 0.5051110549965186], "k_pid_alt": [1.999894568900249, 0.0, 0.0], "k_pid_att": [27.1355832268144, 0.0001, 0.31649079170596434], "k_pid_yaw": [0.5, 1e-06, 0.1], "k_pid_hsp": [0.09409330380313001, 6.18475294745195e-05, 0.0], "k_pid_vsp": [246.55822285517462, 387.6163552623345, 1e-06]}, "datetime": {"datetime": "2025-08-20 23:48:07", "elapsed": 42941.79711937904, "delta": 18.394721269607544}, "costs": {"total_cost": 171.9801539999159, "time_cost": 70.824, "final_distance_cost": 1.8323522513836905, "oscillation_cost": 24.479552517705436, "completition_cost": 0.0, "overshoot_cost": 51.74884853266426, "power_cost": 11.774950708007813, "noise_cost": 11.320449990154692, "n_waypoints_completed": 9, "tot_waypoints": 9}}
{"target": -172.5663367148295, "params": {"k_pid_pos": [1.4355499167316945, 0.0, 0.8997239323218004], "k_pid_alt": [1.9999472115870494, 0.0, 0.0], "k_pid_att": [32.87624164078073, 0.0001, 0.2522882464958829], "k_pid_yaw": [0.5, 1e-06, 0.1], "k_pid_hsp": [0.1196077913103371, 7.182441245162782e-05, 0.0], "k_pid_vsp": [257.92886506426424, 394.7024861682118, 1e-06]}, "datetime": {"datetime": "2025-08-20 23:48:22", "elapsed": 42957.161140203476, "delta": 15.364020824432373}, "costs": {"total_cost": 172.5663367148295, "time_cost": 71.096, "final_distance_cost": 1.8419932919540258, "oscillation_cost": 25.3304418713247, "completition_cost": 0.0, "overshoot_cost": 51.04961058472853, "power_cost": 11.794606909179688, "noise_cost": 11.453684057642555, "n_waypoints_completed": 9, "tot_waypoints": 9}}
{"target": -172.242610473401, "params": {"k_pid_pos": [1.3079918301227975, 0.0, 0.6109923823412516], "k_pid_alt": [1.9998861604753058, 0.0, 0.0], "k_pid_att": [32.95389111484823, 0.0001, 0.4736555683639764], "k_pid_yaw": [0.5, 1e-06, 0.1], "k_pid_hsp": [0.11586333637569408, 4.886795269938788e-05, 0.0], "k_pid_vsp": [265.15448416330815, 396.9878781572, 1e-06]}, "datetime": {"datetime": "2025-08-20 23:48:39", "elapsed": 42974.31043744087, "delta": 17.14929723739624}, "costs": {"total_cost": 172.242610473401, "time_cost": 70.56, "final_distance_cost": 1.8234256858182973, "oscillation_cost": 25.35571075655316, "completition_cost": 0.0, "overshoot_cost": 50.7233141329721, "power_cost": 12.199059741210938, "noise_cost": 11.581100156846501, "n_waypoints_completed": 9, "tot_waypoints": 9}}
