{"target": -172.34889798358694, "params": {"k_pid_pos": [1.6391232650377117, 0.0, 1.0], "k_pid_alt": [1.6834028211217549, 0.0, 0.0], "k_pid_att": [24.962671083591598, 0.0001, 0.26885424313519113], "k_pid_yaw": [0.5, 1e-06, 0.1], "k_pid_hsp": [0.13607952492572062, 0.0, 0.0], "k_pid_vsp": [337.3936311453065, 279.2092714112199, 1e-06]}, "datetime": {"datetime": "2025-08-20 14:45:15", "elapsed": 10370.524804115295, "delta": 15.106510162353516}, "costs": {"total_cost": 172.34889798358694, "time_cost": 70.56, "final_distance_cost": 1.8315365854565515, "oscillation_cost": 25.81840894687749, "completition_cost": 0.0, "overshoot_cost": 50.49719459244377, "power_cost": 12.112299572753907, "noise_cost": 11.52945828605522, "n_waypoints_completed": 9, "tot_waypoints": 9}}
{"target": -172.76734349895426, "params": {"k_pid_pos": [1.681157932892856, 0.0, 0.9612672995835748], "k_pid_alt": [1.619003391563902, 0.0, 0.0], "k_pid_att": [55.77523621636116, 0.0001, 0.3212264883870431], "k_pid_yaw": [0.5, 1e-06, 0.1], "k_pid_hsp": [0.11055187059356424, 0.0005061439864710278, 0.0], "k_pid_vsp": [274.5166531529654, 356.0489821041213, 1e-06]}, "datetime": {"datetime": "2025-08-20 14:45:31", "elapsed": 10385.913988351822, "delta": 15.38918423652649}, "costs": {"total_cost": 172.76734349895426, "time_cost": 70.08800000000001, "final_distance_cost": 1.8231094856904226, "oscillation_cost": 26.763107805445824, "completition_cost": 0.0, "overshoot_cost": 50.91399644933972, "power_cost": 11.82355732421875, "noise_cost": 11.355572434259567, "n_waypoints_completed": 9, "tot_waypoints": 9}}
{"target": -174.4753056422524, "params": {"k_pid_pos": [1.7732430507344465, 0.0, 0.9591325858945418], "k_pid_alt": [1.7854495807940856, 0.0, 0.0], "k_pid_att": [22.98339872833941, 0.0001, 0.6081865313127535], "k_pid_yaw": [0.5, 1e-06, 0.1], "k_pid_hsp": [0.361516152043864, 0.0, 0.0], "k_pid_vsp": [355.16569300009024, 306.0482978929982, 1e-06]}, "datetime": {"datetime": "2025-08-20 14:45:46", "elapsed": 10401.481400489807, "delta": 15.56741213798523}, "costs": {"total_cost": 174.4753056422524, "time_cost": 70.432, "final_distance_cost": 1.8486145237887937, "oscillation_cost": 28.479963458398434, "completition_cost": 0.0, "overshoot_cost": 50.032682547235936, "power_cost": 12.119752734375, "noise_cost": 11.562292378454252, "n_waypoints_completed": 9, "tot_waypoints": 9}}
{"target": -174.9869408862257, "params": {"k_pid_pos": [1.6314765510500095, 0.0, 0.9825544011532757], "k_pid_alt": [1.7980799478969458, 0.0, 0.0], "k_pid_att": [28.65259416668603, 0.0001, 0.3006759349268397], "k_pid_yaw": [0.5, 1e-06, 0.1], "k_pid_hsp": [0.056761462866493514, 0.0, 0.0], "k_pid_vsp": [310.0612442398272, 330.2371187612297, 1e-06]}, "datetime": {"datetime": "2025-08-20 14:46:03", "elapsed": 10417.648714780807, "delta": 16.167314291000366}, "costs": {"total_cost": 174.9869408862257, "time_cost": 72.008, "final_distance_cost": 1.7918051810462445, "oscillation_cost": 23.521396289446916, "completition_cost": 0.0, "overshoot_cost": 52.9774881736158, "power_cost": 12.667268347167969, "noise_cost": 12.020982894948792, "n_waypoints_completed": 9, "tot_waypoints": 9}}
{"target": -173.11136288336218, "params": {"k_pid_pos": [1.8342607564522533, 0.0, 0.9555523267819782], "k_pid_alt": [1.6527012222035868, 0.0, 0.0], "k_pid_att": [36.14124689772704, 0.0001, 0.43136348503157684], "k_pid_yaw": [0.5, 1e-06, 0.1], "k_pid_hsp": [0.09953891880942695, 0.0, 0.0], "k_pid_vsp": [291.19430899418273, 324.147011682239, 1e-06]}, "datetime": {"datetime": "2025-08-20 14:46:18", "elapsed": 10432.816639900208, "delta": 15.167925119400024}, "costs": {"total_cost": 173.11136288336218, "time_cost": 69.944, "final_distance_cost": 1.8045731386734245, "oscillation_cost": 26.844211300487302, "completition_cost": 0.0, "overshoot_cost": 51.572395011750714, "power_cost": 11.616897729492187, "noise_cost": 11.329285702958533, "n_waypoints_completed": 9, "tot_waypoints": 9}}
{"target": -173.53873715267935, "params": {"k_pid_pos": [1.8583176392081362, 0.0, 0.9341402827472152], "k_pid_alt": [1.578724982602202, 0.0, 0.0], "k_pid_att": [42.62604739066527, 0.0001, 0.36656381034006663], "k_pid_yaw": [0.5, 1e-06, 0.1], "k_pid_hsp": [0.1803720263451629, 0.0, 0.0], "k_pid_vsp": [315.516375520822, 293.86499109802446, 1e-06]}, "datetime": {"datetime": "2025-08-20 14:46:33", "elapsed": 10448.425324201584, "delta": 15.608684301376343}, "costs": {"total_cost": 173.53873715267935, "time_cost": 69.83200000000001, "final_distance_cost": 1.8334110412838271, "oscillation_cost": 27.643789912267472, "completition_cost": 0.0, "overshoot_cost": 50.489015056427455, "power_cost": 12.260198327636719, "noise_cost": 11.48032281506385, "n_waypoints_completed": 9, "tot_waypoints": 9}}
{"target": -1193.9861248688087, "params": {"k_pid_pos": [1.3723881620587344, 0.0, 1.0], "k_pid_alt": [1.7053359290234824, 0.0, 0.0], "k_pid_att": [31.766958844108558, 0.0001, 0.342698518405454], "k_pid_yaw": [0.5, 1e-06, 0.1], "k_pid_hsp": [0.0001, 0.0, 0.0], "k_pid_vsp": [299.4728707954896, 356.66413791424924, 1e-06]}, "datetime": {"datetime": "2025-08-20 14:46:58", "elapsed": 10472.882501125336, "delta": 24.45717692375183}, "costs": {"total_cost": 1193.9861248688087, "time_cost": 150, "final_distance_cost": 46.55431166768212, "oscillation_cost": 0.0046217409353256425, "completition_cost": 888.8888888888888, "overshoot_cost": 82.74197221745023, "power_cost": 12.837674157714844, "noise_cost": 12.95865619613737, "n_waypoints_completed": 1, "tot_waypoints": 9}}
{"target": -174.98049001700105, "params": {"k_pid_pos": [1.5259319942293124, 0.0, 0.9535289706194655], "k_pid_alt": [1.7816273794454256, 0.0, 0.0], "k_pid_att": [29.06286020829903, 0.0001, 0.2863438158643421], "k_pid_yaw": [0.5, 1e-06, 0.1], "k_pid_hsp": [0.04807997095409888, 0.0, 0.0], "k_pid_vsp": [302.43024540075385, 310.72228313932084, 1e-06]}, "datetime": {"datetime": "2025-08-20 14:47:15", "elapsed": 10489.850863933563, "delta": 16.96836280822754}, "costs": {"total_cost": 174.98049001700105, "time_cost": 73.48, "final_distance_cost": 1.774268738104478, "oscillation_cost": 21.22646525157008, "completition_cost": 0.0, "overshoot_cost": 54.52066326676197, "power_cost": 12.071003674316406, "noise_cost": 11.908089086248115, "n_waypoints_completed": 9, "tot_waypoints": 9}}
{"target": -173.27853960480027, "params": {"k_pid_pos": [1.7753576249237897, 0.0, 1.0], "k_pid_alt": [1.6827598951864662, 0.0, 0.0], "k_pid_att": [28.45406228633185, 0.0001, 0.3797422451876671], "k_pid_yaw": [0.5, 1e-06, 0.1], "k_pid_hsp": [0.1753104322282207, 0.0, 0.0], "k_pid_vsp": [308.27278730668917, 295.99421467433297, 1e-06]}, "datetime": {"datetime": "2025-08-20 14:47:31", "elapsed": 10505.755277395248, "delta": 15.90441346168518}, "costs": {"total_cost": 173.27853960480027, "time_cost": 70.272, "final_distance_cost": 1.8353740739662956, "oscillation_cost": 26.83292863492737, "completition_cost": 0.0, "overshoot_cost": 50.38513706640593, "power_cost": 12.346836682128908, "noise_cost": 11.606263147371774, "n_waypoints_completed": 9, "tot_waypoints": 9}}
{"target": -1195.9176001140024, "params": {"k_pid_pos": [2.0, 0.0, 0.9816213497573718], "k_pid_alt": [1.8260700232472855, 0.0, 0.0], "k_pid_att": [27.89911412658111, 0.0001, 0.2980408009408557], "k_pid_yaw": [0.5, 1e-06, 0.1], "k_pid_hsp": [0.0001, 0.0, 0.0], "k_pid_vsp": [351.31675334581485, 308.73362732653356, 1e-06]}, "datetime": {"datetime": "2025-08-20 14:47:54", "elapsed": 10528.781169652939, "delta": 23.02589225769043}, "costs": {"total_cost": 1195.9176001140024, "time_cost": 150, "final_distance_cost": 46.913371667609745, "oscillation_cost": 0.004455268550196013, "completition_cost": 888.8888888888888, "overshoot_cost": 84.40383926946151, "power_cost": 12.791306896972657, "noise_cost": 12.915738122519452, "n_waypoints_completed": 1, "tot_waypoints": 9}}
{"target": -172.7759988990563, "params": {"k_pid_pos": [1.6341076105341312, 0.0, 0.9564215916117765], "k_pid_alt": [1.5321660959238412, 0.0, 0.0], "k_pid_att": [39.500977832281585, 0.0001, 0.6061654591692068], "k_pid_yaw": [0.5, 1e-06, 0.1], "k_pid_hsp": [0.12108914472144358, 0.0, 0.0], "k_pid_vsp": [303.3271209366164, 286.95735643314987, 1e-06]}, "datetime": {"datetime": "2025-08-20 14:48:10", "elapsed": 10544.928755760193, "delta": 16.14758610725403}, "costs": {"total_cost": 172.7759988990563, "time_cost": 70.224, "final_distance_cost": 1.823964605327105, "oscillation_cost": 26.353423343590013, "completition_cost": 0.0, "overshoot_cost": 51.046868208539706, "power_cost": 11.90088143310547, "noise_cost": 11.426861308494, "n_waypoints_completed": 9, "tot_waypoints": 9}}
{"target": -190.4055922931411, "params": {"k_pid_pos": [1.6145903888023705, 0.0, 0.9356433706401543], "k_pid_alt": [1.7069058582328474, 0.0, 0.0], "k_pid_att": [52.98802153372043, 0.0001, 0.28948801080906744], "k_pid_yaw": [0.5, 1e-06, 0.1], "k_pid_hsp": [0.029598610515097046, 0.0, 0.0], "k_pid_vsp": [315.1289580107807, 351.9816592736436, 1e-06]}, "datetime": {"datetime": "2025-08-20 14:48:30", "elapsed": 10565.082991600037, "delta": 20.15423583984375}, "costs": {"total_cost": 190.4055922931411, "time_cost": 84.568, "final_distance_cost": 1.79207495215927, "oscillation_cost": 16.3172927167177, "completition_cost": 0.0, "overshoot_cost": 60.71981150321179, "power_cost": 13.32966092529297, "noise_cost": 13.678752195759365, "n_waypoints_completed": 9, "tot_waypoints": 9}}
{"target": -172.73531292721975, "params": {"k_pid_pos": [1.6295617030208231, 0.0, 0.8934777288820571], "k_pid_alt": [1.5691590868445655, 0.0, 0.0], "k_pid_att": [48.69364218278817, 0.0001, 0.30966951098305306], "k_pid_yaw": [0.5, 1e-06, 0.1], "k_pid_hsp": [0.15796139471327192, 0.0, 0.0], "k_pid_vsp": [318.77931749746716, 301.67487323161674, 1e-06]}, "datetime": {"datetime": "2025-08-20 14:48:46", "elapsed": 10580.930579185486, "delta": 15.847587585449219}, "costs": {"total_cost": 172.73531292721975, "time_cost": 70.128, "final_distance_cost": 1.8453404091835648, "oscillation_cost": 27.0884577703053, "completition_cost": 0.0, "overshoot_cost": 50.62848008757762, "power_cost": 11.676951232910158, "noise_cost": 11.368083427243096, "n_waypoints_completed": 9, "tot_waypoints": 9}}
{"target": -173.1991615362676, "params": {"k_pid_pos": [1.5775559642321213, 0.0, 0.9732007335953128], "k_pid_alt": [1.6319094382306458, 0.0, 0.0], "k_pid_att": [29.28221385463494, 0.0001, 0.3541330971426374], "k_pid_yaw": [0.5, 1e-06, 0.1], "k_pid_hsp": [0.14925150600206813, 0.0, 0.0], "k_pid_vsp": [321.8691288792478, 323.45886631049416, 1e-06]}, "datetime": {"datetime": "2025-08-20 14:49:02", "elapsed": 10597.22634935379, "delta": 16.295770168304443}, "costs": {"total_cost": 173.1991615362676, "time_cost": 70.60000000000001, "final_distance_cost": 1.846121160069484, "oscillation_cost": 26.237019558199933, "completition_cost": 0.0, "overshoot_cost": 50.58661113643013, "power_cost": 12.216188342285157, "noise_cost": 11.71322133928289, "n_waypoints_completed": 9, "tot_waypoints": 9}}
{"target": -175.34278963660188, "params": {"k_pid_pos": [1.5930271460438405, 0.0, 0.9668381335542998], "k_pid_alt": [1.8165743949579556, 0.0, 0.0], "k_pid_att": [28.179691494233364, 0.0001, 0.2238481022896718], "k_pid_yaw": [0.5, 1e-06, 0.1], "k_pid_hsp": [0.35683248466286915, 0.0, 0.0], "k_pid_vsp": [300.6819182914629, 295.42636381664414, 1e-06]}, "datetime": {"datetime": "2025-08-20 14:49:18", "elapsed": 10613.236881494522, "delta": 16.01053214073181}, "costs": {"total_cost": 175.34278963660188, "time_cost": 70.792, "final_distance_cost": 1.8446706182477783, "oscillation_cost": 27.384212801944845, "completition_cost": 0.0, "overshoot_cost": 50.72590072009598, "power_cost": 12.718647473144532, "noise_cost": 11.87735802316876, "n_waypoints_completed": 9, "tot_waypoints": 9}}
{"target": -173.283427432679, "params": {"k_pid_pos": [1.6556697451984, 0.0, 0.9726765621131578], "k_pid_alt": [1.5761753477977767, 0.0, 0.0], "k_pid_att": [56.25117719022279, 0.0001, 0.4307034545349382], "k_pid_yaw": [0.5, 1e-06, 0.1], "k_pid_hsp": [0.09332922798097626, 0.0, 0.0], "k_pid_vsp": [296.40752429455557, 317.33401973842496, 1e-06]}, "datetime": {"datetime": "2025-08-20 14:49:34", "elapsed": 10628.835881948471, "delta": 15.599000453948975}, "costs": {"total_cost": 173.283427432679, "time_cost": 70.424, "final_distance_cost": 1.8167343975632606, "oscillation_cost": 26.2425954805903, "completition_cost": 0.0, "overshoot_cost": 51.57204973352743, "power_cost": 11.854922619628907, "noise_cost": 11.373125201369106, "n_waypoints_completed": 9, "tot_waypoints": 9}}
{"target": -172.2413752869433, "params": {"k_pid_pos": [1.5139355265925953, 0.0, 0.8446419014754368], "k_pid_alt": [1.9594218714857576, 0.0, 0.0], "k_pid_att": [41.36147440684264, 0.0001, 0.23869082001879438], "k_pid_yaw": [0.5, 1e-06, 0.1], "k_pid_hsp": [0.09844751359821247, 0.0, 0.0], "k_pid_vsp": [274.52757191039274, 249.90686712578258, 1e-06]}, "datetime": {"datetime": "2025-08-20 14:49:50", "elapsed": 10644.757274150848, "delta": 15.92139220237732}, "costs": {"total_cost": 172.2413752869433, "time_cost": 70.70400000000001, "final_distance_cost": 1.830098848496147, "oscillation_cost": 25.288441766716158, "completition_cost": 0.0, "overshoot_cost": 51.26672242274861, "power_cost": 11.79287430419922, "noise_cost": 11.359237944783152, "n_waypoints_completed": 9, "tot_waypoints": 9}}
{"target": -215.75082418714763, "params": {"k_pid_pos": [1.8592588537017734, 0.0, 0.9795448331113819], "k_pid_alt": [1.6068795054046077, 0.0, 0.0], "k_pid_att": [39.70326931718952, 0.0001, 0.40031429843246136], "k_pid_yaw": [0.5, 1e-06, 0.1], "k_pid_hsp": [0.02124635031385084, 0.0, 0.0], "k_pid_vsp": [317.7513984128876, 388.11367673410314, 1e-06]}, "datetime": {"datetime": "2025-08-20 14:50:13", "elapsed": 10667.695695877075, "delta": 22.938421726226807}, "costs": {"total_cost": 215.75082418714763, "time_cost": 99.928, "final_distance_cost": 1.7762397315176923, "oscillation_cost": 13.21667391439292, "completition_cost": 0.0, "overshoot_cost": 68.07630801289778, "power_cost": 16.42865739746094, "noise_cost": 16.324945130878298, "n_waypoints_completed": 9, "tot_waypoints": 9}}
{"target": -177.6042165013364, "params": {"k_pid_pos": [1.793482875859771, 0.0, 0.9562804032720211], "k_pid_alt": [1.6752939028807856, 0.0, 0.006856395263576233], "k_pid_att": [29.89769531331878, 0.0001, 0.04085785834971656], "k_pid_yaw": [0.5, 1e-06, 0.1], "k_pid_hsp": [0.22087970222552777, 0.0, 0.0], "k_pid_vsp": [328.11631185070297, 235.48094900004654, 1e-06]}, "datetime": {"datetime": "2025-08-20 14:50:29", "elapsed": 10683.844503164291, "delta": 16.148807287216187}, "costs": {"total_cost": 177.6042165013364, "time_cost": 70.304, "final_distance_cost": 1.8416985903554097, "oscillation_cost": 31.3595647926424, "completition_cost": 0.0, "overshoot_cost": 50.36619032807055, "power_cost": 12.221262951660156, "noise_cost": 11.511499838607865, "n_waypoints_completed": 9, "tot_waypoints": 9}}
{"target": -178.93443405761056, "params": {"k_pid_pos": [1.9002749855827585, 0.0, 1.0], "k_pid_alt": [1.021146857049601, 0.0, 0.0], "k_pid_att": [36.34080643115455, 0.0001, 0.4707387982330178], "k_pid_yaw": [0.5, 1e-06, 0.1], "k_pid_hsp": [1.4625607358065102, 0.0, 0.0], "k_pid_vsp": [316.07690502603145, 272.21659101197235, 1e-06]}, "datetime": {"datetime": "2025-08-20 14:50:45", "elapsed": 10699.674561977386, "delta": 15.830058813095093}, "costs": {"total_cost": 178.93443405761056, "time_cost": 70.47200000000001, "final_distance_cost": 1.8514781053582614, "oscillation_cost": 32.388188787846545, "completition_cost": 0.0, "overshoot_cost": 50.09999650196089, "power_cost": 12.377817346191407, "noise_cost": 11.744953316253456, "n_waypoints_completed": 9, "tot_waypoints": 9}}
{"target": -175.10023505335514, "params": {"k_pid_pos": [1.854587161354397, 0.0, 0.9583388044120443], "k_pid_alt": [1.2911417203476545, 0.0, 0.08527216518240051], "k_pid_att": [21.120654615416715, 0.0001, 0.4387621995832446], "k_pid_yaw": [0.5, 1e-06, 0.1], "k_pid_hsp": [0.14939819435782972, 0.0, 0.0], "k_pid_vsp": [303.204963818411, 56.12567083813076, 1e-06]}, "datetime": {"datetime": "2025-08-20 14:51:01", "elapsed": 10715.767174482346, "delta": 16.092612504959106}, "costs": {"total_cost": 175.10023505335514, "time_cost": 70.568, "final_distance_cost": 1.8259885279741779, "oscillation_cost": 27.89850484557709, "completition_cost": 0.0, "overshoot_cost": 51.14265236515863, "power_cost": 12.154628027343751, "noise_cost": 11.510461287301458, "n_waypoints_completed": 9, "tot_waypoints": 9}}
{"target": -173.53908202352105, "params": {"k_pid_pos": [1.6455929060702967, 0.0, 0.9228600672515004], "k_pid_alt": [1.1098204374952447, 0.0, 0.0], "k_pid_att": [37.80018412621539, 0.0001, 0.4422366172652634], "k_pid_yaw": [0.5, 1e-06, 0.1], "k_pid_hsp": [0.11074844421892288, 0.001139378915824908, 0.0], "k_pid_vsp": [303.91249590264584, 318.70483330074126, 1e-06]}, "datetime": {"datetime": "2025-08-20 14:51:17", "elapsed": 10731.980686664581, "delta": 16.213512182235718}, "costs": {"total_cost": 173.53908202352105, "time_cost": 70.648, "final_distance_cost": 1.8294917192517233, "oscillation_cost": 27.198158376043796, "completition_cost": 0.0, "overshoot_cost": 50.67721821358989, "power_cost": 11.84099765625, "noise_cost": 11.345216058385637, "n_waypoints_completed": 9, "tot_waypoints": 9}}
{"target": -172.1264010465247, "params": {"k_pid_pos": [1.4349984815901886, 0.020972321922141213, 0.9361137805121685], "k_pid_alt": [1.8998267303871232, 0.0, 0.0], "k_pid_att": [42.74729309746351, 0.0001, 0.27502050368117237], "k_pid_yaw": [0.5, 1e-06, 0.1], "k_pid_hsp": [0.107773805071508, 0.0, 0.0], "k_pid_vsp": [273.2960014979482, 235.95786761275988, 1e-06]}, "datetime": {"datetime": "2025-08-20 14:51:34", "elapsed": 10748.933137655258, "delta": 16.95245099067688}, "costs": {"total_cost": 172.1264010465247, "time_cost": 71.12, "final_distance_cost": 1.8398653787935375, "oscillation_cost": 24.790572797776147, "completition_cost": 0.0, "overshoot_cost": 51.26928973792636, "power_cost": 11.71046883544922, "noise_cost": 11.396204296579441, "n_waypoints_completed": 9, "tot_waypoints": 9}}
{"target": -172.75368244069963, "params": {"k_pid_pos": [1.4862313959538236, 0.0, 0.7840574216585714], "k_pid_alt": [2.0, 0.0, 0.0], "k_pid_att": [13.968912602911475, 0.0001, 0.2214856946785829], "k_pid_yaw": [0.5, 1e-06, 0.1], "k_pid_hsp": [0.17201467149163296, 0.0, 0.0], "k_pid_vsp": [242.56993991965214, 307.55007598713627, 1e-06]}, "datetime": {"datetime": "2025-08-20 14:51:52", "elapsed": 10767.048740386963, "delta": 18.115602731704712}, "costs": {"total_cost": 172.75368244069963, "time_cost": 70.528, "final_distance_cost": 1.8350913504355721, "oscillation_cost": 26.15555512393708, "completition_cost": 0.0, "overshoot_cost": 50.556359385781896, "power_cost": 12.15455311279297, "noise_cost": 11.524123467752101, "n_waypoints_completed": 9, "tot_waypoints": 9}}
{"target": -171.6609221320769, "params": {"k_pid_pos": [1.5283194473268786, 0.0, 0.8212822207726163], "k_pid_alt": [2.0, 0.0, 0.0], "k_pid_att": [38.722094218240485, 0.0001, 0.26806113690491207], "k_pid_yaw": [0.5, 1e-06, 0.1], "k_pid_hsp": [0.09019688285106706, 0.0, 0.0], "k_pid_vsp": [264.20584485323525, 253.9128828242841, 1e-06]}, "datetime": {"datetime": "2025-08-20 14:52:10", "elapsed": 10785.407514095306, "delta": 18.358773708343506}, "costs": {"total_cost": 171.6609221320769, "time_cost": 70.712, "final_distance_cost": 1.829661506740278, "oscillation_cost": 25.07862216344049, "completition_cost": 0.0, "overshoot_cost": 51.207897298581806, "power_cost": 11.593570666503906, "noise_cost": 11.23917049681044, "n_waypoints_completed": 9, "tot_waypoints": 9}}
{"target": -173.97840926983446, "params": {"k_pid_pos": [1.5928493607754866, 0.0, 0.8806259544008178], "k_pid_alt": [2.0, 0.0, 0.0], "k_pid_att": [40.02883972470471, 0.0001, 0.5647633655600521], "k_pid_yaw": [0.5, 1e-06, 0.1], "k_pid_hsp": [0.16603792266285414, 0.0, 0.0], "k_pid_vsp": [296.8369304546052, 282.563379975892, 1e-06]}, "datetime": {"datetime": "2025-08-20 14:52:27", "elapsed": 10802.34000134468, "delta": 16.93248724937439}, "costs": {"total_cost": 173.97840926983446, "time_cost": 70.592, "final_distance_cost": 1.839727256178901, "oscillation_cost": 26.30333959322083, "completition_cost": 0.0, "overshoot_cost": 51.05242758038711, "power_cost": 12.461927490234375, "noise_cost": 11.728987349813211, "n_waypoints_completed": 9, "tot_waypoints": 9}}
{"target": -173.71641976896927, "params": {"k_pid_pos": [1.4712432847475994, 0.0, 0.990343846148694], "k_pid_alt": [1.9814698733556302, 0.0, 0.0], "k_pid_att": [44.37894007969466, 0.0001, 0.34887185688420685], "k_pid_yaw": [0.5, 1e-06, 0.1], "k_pid_hsp": [0.12181133315989373, 0.0, 0.0], "k_pid_vsp": [306.33453068807387, 400.0, 1e-06]}, "datetime": {"datetime": "2025-08-20 14:52:43", "elapsed": 10818.344780445099, "delta": 16.00477910041809}, "costs": {"total_cost": 173.71641976896927, "time_cost": 71.336, "final_distance_cost": 1.8413010079473269, "oscillation_cost": 25.269053498442037, "completition_cost": 0.0, "overshoot_cost": 51.15513350785116, "power_cost": 12.371981982421875, "noise_cost": 11.742949772306874, "n_waypoints_completed": 9, "tot_waypoints": 9}}
{"target": -174.1594136967317, "params": {"k_pid_pos": [1.4303959871691396, 0.0, 0.947110434523537], "k_pid_alt": [1.3307850429829644, 0.0, 0.0], "k_pid_att": [41.30010440162077, 0.0001, 0.27722667695205216], "k_pid_yaw": [0.5, 1e-06, 0.1], "k_pid_hsp": [0.11531062360767247, 0.0, 0.0], "k_pid_vsp": [282.3751044537979, 197.56713398255363, 1e-06]}, "datetime": {"datetime": "2025-08-20 14:53:03", "elapsed": 10838.21930718422, "delta": 19.874526739120483}, "costs": {"total_cost": 174.1594136967317, "time_cost": 71.424, "final_distance_cost": 1.838180774952834, "oscillation_cost": 26.10568090203972, "completition_cost": 0.0, "overshoot_cost": 51.18641323105372, "power_cost": 12.042332629394531, "noise_cost": 11.562806159290853, "n_waypoints_completed": 9, "tot_waypoints": 9}}
