{"target": -223.45233324693135, "params": {"k_pid_pos": [0.9161694785689184, 0.0, 0.862990246940986], "k_pid_alt": [0.6539871741590308, 0.0, 0.0], "k_pid_att": [11.496632926381272, 1.4761119606956155, 0.0], "k_pid_yaw": [0.5, 1e-06, 0.1], "k_pid_hsp": [1.120241889066412, 0.0, 0.0], "k_pid_vsp": [82.17900435998092, 160.12801336479984, 1e-06]}, "datetime": {"datetime": "2025-08-20 12:46:46", "elapsed": 3260.8420021533966, "delta": 18.330931663513184}, "costs": {"total_cost": 223.45233324693135, "time_cost": 86.496, "final_distance_cost": 1.8584299128032649, "oscillation_cost": 55.332943953017946, "completition_cost": 0.0, "overshoot_cost": 51.444777446911246, "power_cost": 14.149098486328125, "noise_cost": 14.17108344787078, "n_waypoints_completed": 9, "tot_waypoints": 9}}
{"target": -177.89402872881178, "params": {"k_pid_pos": [2.0, 0.0, 1.0], "k_pid_alt": [0.8898208853116921, 0.0, 0.0], "k_pid_att": [19.73851972118689, 0.0001, 0.2009853566414668], "k_pid_yaw": [0.5, 1e-06, 0.1], "k_pid_hsp": [0.3998220081423369, 0.0, 0.0], "k_pid_vsp": [400.0, 101.25310498220034, 1e-06]}, "datetime": {"datetime": "2025-08-20 12:47:02", "elapsed": 3276.9451372623444, "delta": 16.103135108947754}, "costs": {"total_cost": 177.89402872881178, "time_cost": 71.072, "final_distance_cost": 1.8413524999445068, "oscillation_cost": 30.78303183016995, "completition_cost": 0.0, "overshoot_cost": 49.90378723315852, "power_cost": 12.494484497070314, "noise_cost": 11.79937266846848, "n_waypoints_completed": 9, "tot_waypoints": 9}}
{"target": -184.3519401708881, "params": {"k_pid_pos": [1.8940136617350227, 0.0, 0.7293342323199005], "k_pid_alt": [0.869430042716594, 0.0, 0.0], "k_pid_att": [4.416853769835969, 0.0001, 0.2661879577235943], "k_pid_yaw": [0.5, 1e-06, 0.1], "k_pid_hsp": [0.4188737754859825, 0.0, 0.00413372713866755], "k_pid_vsp": [400.0, 96.15030183084967, 1e-06]}, "datetime": {"datetime": "2025-08-20 12:47:17", "elapsed": 3292.098086833954, "delta": 15.152949571609497}, "costs": {"total_cost": 184.3519401708881, "time_cost": 70.36, "final_distance_cost": 1.8281169362276821, "oscillation_cost": 37.11444957637453, "completition_cost": 0.0, "overshoot_cost": 50.39379141066994, "power_cost": 13.000888244628907, "noise_cost": 11.654694002987046, "n_waypoints_completed": 9, "tot_waypoints": 9}}
{"target": -1207.84150882555, "params": {"k_pid_pos": [2.0, 0.0, 0.7373311094964324], "k_pid_alt": [0.6227916139186135, 0.0, 0.15079221254359515], "k_pid_att": [33.45154208846978, 0.0001, 0.0], "k_pid_yaw": [0.5, 1e-06, 0.1], "k_pid_hsp": [0.0001, 0.0, 0.0], "k_pid_vsp": [371.8012293467048, 185.73696575487577, 1e-06]}, "datetime": {"datetime": "2025-08-20 12:47:38", "elapsed": 3313.4173188209534, "delta": 21.31923198699951}, "costs": {"total_cost": 1207.84150882555, "time_cost": 150, "final_distance_cost": 46.90661425189859, "oscillation_cost": 12.208269940903651, "completition_cost": 888.8888888888888, "overshoot_cost": 84.1600924985955, "power_cost": 12.764234985351564, "noise_cost": 12.913408259911844, "n_waypoints_completed": 1, "tot_waypoints": 9}}
{"target": -1204.3335987225075, "params": {"k_pid_pos": [1.3636961324187205, 0.0, 1.0], "k_pid_alt": [0.8113573176750424, 0.0, 0.0], "k_pid_att": [30.6073879342798, 0.0001, 0.0], "k_pid_yaw": [0.5, 1e-06, 0.1], "k_pid_hsp": [0.0001, 0.0, 0.0], "k_pid_vsp": [400.0, 103.9345413246287, 1e-06]}, "datetime": {"datetime": "2025-08-20 12:48:00", "elapsed": 3335.151250600815, "delta": 21.73393177986145}, "costs": {"total_cost": 1204.3335987225075, "time_cost": 150, "final_distance_cost": 46.55385233302103, "oscillation_cost": 10.351215915759134, "completition_cost": 888.8888888888888, "overshoot_cost": 82.84152250376175, "power_cost": 12.774352783203126, "noise_cost": 12.92376629787372, "n_waypoints_completed": 1, "tot_waypoints": 9}}
{"target": -183.53410403298204, "params": {"k_pid_pos": [1.6230998712895788, 0.0, 0.985236681524536], "k_pid_alt": [0.8683910181801341, 0.0, 0.0], "k_pid_att": [28.809869792965717, 0.0001, 0.0], "k_pid_yaw": [0.5, 1e-06, 0.1], "k_pid_hsp": [0.17901209916663502, 0.0, 0.0], "k_pid_vsp": [400.0, 1e-06, 1e-06]}, "datetime": {"datetime": "2025-08-20 12:48:18", "elapsed": 3353.154715538025, "delta": 18.003464937210083}, "costs": {"total_cost": 183.53410403298204, "time_cost": 73.664, "final_distance_cost": 1.8470985976866325, "oscillation_cost": 32.70261866059515, "completition_cost": 0.0, "overshoot_cost": 51.58084893553616, "power_cost": 12.067907177734375, "noise_cost": 11.6716306614297, "n_waypoints_completed": 9, "tot_waypoints": 9}}
{"target": -1221.113674039223, "params": {"k_pid_pos": [0.23676306811815562, 0.0, 0.8564450376827307], "k_pid_alt": [0.6259655297104397, 0.0, 0.0], "k_pid_att": [19.563530643381032, 0.0001, 0.2596905001372794], "k_pid_yaw": [0.5, 1e-06, 0.1], "k_pid_hsp": [0.0001, 0.0, 0.0], "k_pid_vsp": [400.0, 185.11167493075467, 29.49404010627492]}, "datetime": {"datetime": "2025-08-20 12:48:43", "elapsed": 3377.8647952079773, "delta": 24.710079669952393}, "costs": {"total_cost": 1221.113674039223, "time_cost": 150, "final_distance_cost": 45.35700101764698, "oscillation_cost": 0.0009755437510193683, "completition_cost": 1000.0, "overshoot_cost": 24.447752699101297, "power_cost": 0.2617962890625, "noise_cost": 1.0461484896612359, "n_waypoints_completed": 0, "tot_waypoints": 9}}
{"target": -284.7046652751584, "params": {"k_pid_pos": [2.0, 0.0, 0.7680105724709985], "k_pid_alt": [0.9766000727127473, 0.13389695086584996, 0.0634408928513885], "k_pid_att": [32.31037678344342, 0.0001, 0.4456274529212795], "k_pid_yaw": [0.5, 1e-06, 0.1], "k_pid_hsp": [1.3372193976006566, 0.020345124717060906, 0.07909977731130327], "k_pid_vsp": [385.7168552733877, 103.69373220977874, 1e-06]}, "datetime": {"datetime": "2025-08-20 12:49:02", "elapsed": 3396.928973674774, "delta": 19.064178466796875}, "costs": {"total_cost": 284.7046652751584, "time_cost": 82.912, "final_distance_cost": 1.7547273099092926, "oscillation_cost": 120.43862851750283, "completition_cost": 0.0, "overshoot_cost": 51.33424474974015, "power_cost": 15.14066112060547, "noise_cost": 13.124403577400631, "n_waypoints_completed": 9, "tot_waypoints": 9}}
{"target": -1197.098003638426, "params": {"k_pid_pos": [2.0, 0.0, 1.0], "k_pid_alt": [0.8037954410002475, 0.0, 0.0], "k_pid_att": [42.665907904404335, 0.0001, 0.1468533588478499], "k_pid_yaw": [0.5, 1e-06, 0.1], "k_pid_hsp": [0.0001, 0.0, 0.0], "k_pid_vsp": [400.0, 1e-06, 6.464264642604629]}, "datetime": {"datetime": "2025-08-20 12:49:23", "elapsed": 3418.1695189476013, "delta": 21.24054527282715}, "costs": {"total_cost": 1197.098003638426, "time_cost": 150, "final_distance_cost": 46.847610814412015, "oscillation_cost": 0.8347152262300797, "completition_cost": 888.8888888888888, "overshoot_cost": 84.7892599762771, "power_cost": 12.788270434570313, "noise_cost": 12.949258298047623, "n_waypoints_completed": 1, "tot_waypoints": 9}}
{"target": -179.9566674547204, "params": {"k_pid_pos": [2.0, 0.0, 0.719569998424557], "k_pid_alt": [0.9061047469483551, 0.0, 0.0], "k_pid_att": [33.630459036189414, 0.0001, 0.22872607073785967], "k_pid_yaw": [0.5, 1e-06, 0.1], "k_pid_hsp": [0.46039273434712624, 0.0, 0.0], "k_pid_vsp": [345.1431662406825, 1e-06, 1e-06]}, "datetime": {"datetime": "2025-08-20 12:49:38", "elapsed": 3433.4435250759125, "delta": 15.274006128311157}, "costs": {"total_cost": 179.9566674547204, "time_cost": 71.736, "final_distance_cost": 1.8183444009757634, "oscillation_cost": 30.78992520917463, "completition_cost": 0.0, "overshoot_cost": 51.07248631930199, "power_cost": 12.81772420654297, "noise_cost": 11.722187318725014, "n_waypoints_completed": 9, "tot_waypoints": 9}}
{"target": -250.48937489253973, "params": {"k_pid_pos": [0.886241310350983, 0.03784989716745929, 0.0], "k_pid_alt": [0.4877612924875099, 0.07013124137718518, 0.02996455781672694], "k_pid_att": [32.742562139115854, 0.09145622219589764, 0.2934155222392753], "k_pid_yaw": [0.5, 1e-06, 0.1], "k_pid_hsp": [1.5157938416644745, 0.0, 0.09509041556601469], "k_pid_vsp": [400.0, 97.80424625852311, 1e-06]}, "datetime": {"datetime": "2025-08-20 12:49:57", "elapsed": 3452.1789281368256, "delta": 18.735403060913086}, "costs": {"total_cost": 250.48937489253973, "time_cost": 85.224, "final_distance_cost": 1.8117001671638429, "oscillation_cost": 83.33519396525082, "completition_cost": 0.0, "overshoot_cost": 52.02225247196126, "power_cost": 14.949015075683594, "noise_cost": 13.147213212480205, "n_waypoints_completed": 9, "tot_waypoints": 9}}
{"target": -179.56573403313575, "params": {"k_pid_pos": [1.7425268344859914, 0.0, 0.32826377165275045], "k_pid_alt": [0.8546668858886177, 0.0, 0.0], "k_pid_att": [18.6541006258527, 0.0001, 0.0], "k_pid_yaw": [0.5, 1e-06, 0.1], "k_pid_hsp": [0.48998656276337216, 0.03244883493433308, 0.0], "k_pid_vsp": [400.0, 153.83710699483944, 1e-06]}, "datetime": {"datetime": "2025-08-20 12:50:12", "elapsed": 3467.335399866104, "delta": 15.156471729278564}, "costs": {"total_cost": 179.56573403313575, "time_cost": 69.976, "final_distance_cost": 1.8186189545156264, "oscillation_cost": 34.41573513957164, "completition_cost": 0.0, "overshoot_cost": 49.741173837768265, "power_cost": 12.382827661132813, "noise_cost": 11.231378440147411, "n_waypoints_completed": 9, "tot_waypoints": 9}}
{"target": -203.56509294321825, "params": {"k_pid_pos": [2.0, 0.0, 0.9792007782738381], "k_pid_alt": [1.0571589207508798, 0.014434735646194213, 0.0], "k_pid_att": [1.4977115316651664, 0.0001, 0.09400230607307666], "k_pid_yaw": [0.5, 1e-06, 0.1], "k_pid_hsp": [4.189820151525797, 0.0, 0.0], "k_pid_vsp": [400.0, 223.4636855187344, 41.34597243609534]}, "datetime": {"datetime": "2025-08-20 12:50:27", "elapsed": 3482.260301589966, "delta": 14.924901723861694}, "costs": {"total_cost": 203.56509294321825, "time_cost": 69.552, "final_distance_cost": 1.8533068053002462, "oscillation_cost": 52.98578820572118, "completition_cost": 0.0, "overshoot_cost": 50.68813241977803, "power_cost": 16.00700808105469, "noise_cost": 12.478857431364109, "n_waypoints_completed": 9, "tot_waypoints": 9}}
{"target": -496.6119768925035, "params": {"k_pid_pos": [1.1359798626866815, 0.0, 0.57398772833207], "k_pid_alt": [0.990421734347648, 0.35185977851570815, 0.0], "k_pid_att": [24.77589498788813, 0.4889353628927982, 0.011682861329668476], "k_pid_yaw": [0.5, 1e-06, 0.1], "k_pid_hsp": [0.1735029428333143, 0.4216401527704512, 0.07788138464355142], "k_pid_vsp": [222.73003760879678, 15.68829035646416, 63.0691859565092]}, "datetime": {"datetime": "2025-08-20 12:50:49", "elapsed": 3503.7013370990753, "delta": 21.441035509109497}, "costs": {"total_cost": 496.6119768925035, "time_cost": 150, "final_distance_cost": 2.7931044569083165, "oscillation_cost": 139.36823644795427, "completition_cost": 111.11111111111116, "overshoot_cost": 58.675275874767586, "power_cost": 19.58725760498047, "noise_cost": 15.076991396781697, "n_waypoints_completed": 8, "tot_waypoints": 9}}
{"target": -1196.279165055778, "params": {"k_pid_pos": [1.2177094890005828, 0.0, 0.5939121800325582], "k_pid_alt": [0.8256213851903534, 0.0, 0.0], "k_pid_att": [7.7111802388817114, 0.0001, 0.0], "k_pid_yaw": [0.5, 1e-06, 0.1], "k_pid_hsp": [0.0001, 0.0, 0.0], "k_pid_vsp": [324.76285941393144, 1e-06, 1e-06]}, "datetime": {"datetime": "2025-08-20 12:51:10", "elapsed": 3525.4348855018616, "delta": 21.733548402786255}, "costs": {"total_cost": 1196.279165055778, "time_cost": 150, "final_distance_cost": 46.32348456270908, "oscillation_cost": 3.3699269991304446, "completition_cost": 888.8888888888888, "overshoot_cost": 81.97202086463007, "power_cost": 12.782394934082031, "noise_cost": 12.942448806337648, "n_waypoints_completed": 1, "tot_waypoints": 9}}
{"target": -1200.5717571005582, "params": {"k_pid_pos": [2.0, 0.0, 1.0], "k_pid_alt": [1.2216318825111308, 0.01698709237792311, 0.053950272483692045], "k_pid_att": [26.66798213264812, 1.4983255661855874, 0.04463353391879357], "k_pid_yaw": [0.5, 1e-06, 0.1], "k_pid_hsp": [0.0001, 0.0, 0.0], "k_pid_vsp": [215.27461136111123, 44.14398001420159, 5.244638167915557]}, "datetime": {"datetime": "2025-08-20 12:51:32", "elapsed": 3546.9400038719177, "delta": 21.505118370056152}, "costs": {"total_cost": 1200.5717571005582, "time_cost": 150, "final_distance_cost": 47.061453603079336, "oscillation_cost": 4.618808272167163, "completition_cost": 888.8888888888888, "overshoot_cost": 84.2606486148464, "power_cost": 12.797499462890626, "noise_cost": 12.944458258685861, "n_waypoints_completed": 1, "tot_waypoints": 9}}
{"target": -1218.194877906859, "params": {"k_pid_pos": [1.7171164436275688, 0.0, 0.9790467735803697], "k_pid_alt": [0.7641579025570976, 0.0, 0.0], "k_pid_att": [18.78881766637246, 0.07603600785373321, 0.0], "k_pid_yaw": [0.5, 1e-06, 0.1], "k_pid_hsp": [0.0001, 0.00540281455825703, 0.0], "k_pid_vsp": [400.0, 38.76804107712363, 1e-06]}, "datetime": {"datetime": "2025-08-20 12:51:53", "elapsed": 3568.4957547187805, "delta": 21.555750846862793}, "costs": {"total_cost": 1218.194877906859, "time_cost": 150, "final_distance_cost": 56.78170808077536, "oscillation_cost": 4.611566479101056, "completition_cost": 888.8888888888888, "overshoot_cost": 92.1710491735943, "power_cost": 12.798927661132813, "noise_cost": 12.942737623366378, "n_waypoints_completed": 1, "tot_waypoints": 9}}
{"target": -1191.4395033644228, "params": {"k_pid_pos": [1.223848521143791, 0.0, 1.0], "k_pid_alt": [0.7023196236043928, 0.0, 0.0], "k_pid_att": [12.322599689784628, 0.0001, 0.21190639194158079], "k_pid_yaw": [0.5, 1e-06, 0.1], "k_pid_hsp": [0.0001, 0.13075893576005104, 0.20231463816153122], "k_pid_vsp": [259.3851122571447, 191.77706756249307, 1e-06]}, "datetime": {"datetime": "2025-08-20 12:52:15", "elapsed": 3590.07714676857, "delta": 21.58139204978943}, "costs": {"total_cost": 1191.4395033644228, "time_cost": 150, "final_distance_cost": 27.755392010922467, "oscillation_cost": 328.59467524841386, "completition_cost": 555.5555555555555, "overshoot_cost": 97.46803403851779, "power_cost": 17.355500817871096, "noise_cost": 14.710345693141738, "n_waypoints_completed": 4, "tot_waypoints": 9}}
{"target": -185.95155112385595, "params": {"k_pid_pos": [2.0, 0.0, 1.0], "k_pid_alt": [0.9251353315182128, 0.0, 0.06531653848161066], "k_pid_att": [54.76506598745365, 0.0001, 0.092182258943377], "k_pid_yaw": [0.5, 1e-06, 0.1], "k_pid_hsp": [1.170937314726366, 0.0, 0.0], "k_pid_vsp": [308.6032508207125, 142.09919049675054, 1e-06]}, "datetime": {"datetime": "2025-08-20 12:52:31", "elapsed": 3605.8360872268677, "delta": 15.75894045829773}, "costs": {"total_cost": 185.95155112385595, "time_cost": 71.048, "final_distance_cost": 1.850799000815131, "oscillation_cost": 38.33461875358224, "completition_cost": 0.0, "overshoot_cost": 50.35325818470572, "power_cost": 12.531842150878907, "noise_cost": 11.833033033873972, "n_waypoints_completed": 9, "tot_waypoints": 9}}
{"target": -6423.383989132599, "params": {"k_pid_pos": [2.0, 0.007198654450779454, 0.9807401949257184], "k_pid_alt": [1.0641348138567257, 0.0, 0.07424971666555019], "k_pid_att": [0.0, 0.0001, 0.0], "k_pid_yaw": [0.5, 1e-06, 0.1], "k_pid_hsp": [0.825887001352652, 0.0, 0.0], "k_pid_vsp": [400.0, 19.813382160623412, 1e-06]}, "datetime": {"datetime": "2025-08-20 12:52:52", "elapsed": 3627.2007715702057, "delta": 21.364684343338013}, "costs": {"total_cost": 6423.383989132599, "time_cost": 150, "final_distance_cost": 826.0433151806699, "oscillation_cost": 12.35671721401218, "completition_cost": 1000.0, "overshoot_cost": 4367.634740648137, "power_cost": 25.19315263671875, "noise_cost": 42.15606345306032, "n_waypoints_completed": 0, "tot_waypoints": 9}}
{"target": -181.3205960648076, "params": {"k_pid_pos": [1.9749335712459473, 0.31775429368017716, 1.0], "k_pid_alt": [0.9539983211808846, 0.0, 0.0], "k_pid_att": [17.98157653837299, 0.0001, 0.0], "k_pid_yaw": [0.5, 1e-06, 0.1], "k_pid_hsp": [0.3909266300022402, 0.0, 0.0], "k_pid_vsp": [400.0, 62.786820338298284, 1e-06]}, "datetime": {"datetime": "2025-08-20 12:53:08", "elapsed": 3642.806743621826, "delta": 15.605972051620483}, "costs": {"total_cost": 181.3205960648076, "time_cost": 71.608, "final_distance_cost": 1.7929882415324565, "oscillation_cost": 33.08224707603314, "completition_cost": 0.0, "overshoot_cost": 50.9079403896355, "power_cost": 12.349284399414064, "noise_cost": 11.580135958192423, "n_waypoints_completed": 9, "tot_waypoints": 9}}
{"target": -270.2705001269881, "params": {"k_pid_pos": [2.0, 0.0, 0.224345088719282], "k_pid_alt": [0.7899630790307148, 0.48885419882342773, 0.4973097238136014], "k_pid_att": [20.399137902000074, 5.044140069194515, 0.30862202475683903], "k_pid_yaw": [0.5, 1e-06, 0.1], "k_pid_hsp": [9.657538084580924, 0.0, 0.0], "k_pid_vsp": [400.0, 75.66510036672088, 9.333728661062617]}, "datetime": {"datetime": "2025-08-20 12:53:27", "elapsed": 3661.685506105423, "delta": 18.8787624835968}, "costs": {"total_cost": 270.2705001269881, "time_cost": 87.24, "final_distance_cost": 1.7330596555184026, "oscillation_cost": 98.18389758204071, "completition_cost": 0.0, "overshoot_cost": 53.85447056696858, "power_cost": 16.335964868164062, "noise_cost": 12.923107454296355, "n_waypoints_completed": 9, "tot_waypoints": 9}}
{"target": -1196.0347650140893, "params": {"k_pid_pos": [2.0, 0.0, 1.0], "k_pid_alt": [1.1597507325325838, 0.0, 0.0], "k_pid_att": [0.0, 0.0001, 0.2448962552905733], "k_pid_yaw": [0.5, 1e-06, 0.1], "k_pid_hsp": [0.0001, 0.0, 0.0], "k_pid_vsp": [400.0, 95.02759892316556, 1e-06]}, "datetime": {"datetime": "2025-08-20 12:53:48", "elapsed": 3683.232757806778, "delta": 21.54725170135498}, "costs": {"total_cost": 1196.0347650140893, "time_cost": 150, "final_distance_cost": 46.90074986022709, "oscillation_cost": 0.004737689896217709, "completition_cost": 888.8888888888888, "overshoot_cost": 84.51621314248214, "power_cost": 12.792678942871094, "noise_cost": 12.931496489724003, "n_waypoints_completed": 1, "tot_waypoints": 9}}
{"target": -410.75513878972606, "params": {"k_pid_pos": [0.2849251830491928, 0.19874667386795575, 0.649978250628418], "k_pid_alt": [0.6247859224876018, 0.0, 0.07819121013041004], "k_pid_att": [63.58287075201845, 0.824528515957351, 0.29577680429521086], "k_pid_yaw": [0.5, 1e-06, 0.1], "k_pid_hsp": [1.8346837114434438, 0.0, 0.0], "k_pid_vsp": [400.0, 133.55908745112043, 0.05444234398858115]}, "datetime": {"datetime": "2025-08-20 12:54:10", "elapsed": 3704.8186094760895, "delta": 21.585851669311523}, "costs": {"total_cost": 410.75513878972606, "time_cost": 150, "final_distance_cost": 35.6892362339323, "oscillation_cost": 29.434625670253162, "completition_cost": 111.11111111111116, "overshoot_cost": 55.98694623593383, "power_cost": 14.864503649902344, "noise_cost": 13.668715888593296, "n_waypoints_completed": 8, "tot_waypoints": 9}}
{"target": -1205.6268519257555, "params": {"k_pid_pos": [1.7693853164770812, 0.05592053544901476, 0.9879351762540364], "k_pid_alt": [1.646595148142118, 0.0, 0.0], "k_pid_att": [29.99541348964835, 0.0001, 0.0], "k_pid_yaw": [0.5, 1e-06, 0.1], "k_pid_hsp": [0.0001, 0.0, 0.0], "k_pid_vsp": [335.4373720197765, 173.6292060517199, 1e-06]}, "datetime": {"datetime": "2025-08-20 12:54:31", "elapsed": 3726.280898809433, "delta": 21.462289333343506}, "costs": {"total_cost": 1205.6268519257555, "time_cost": 150, "final_distance_cost": 46.91037746959254, "oscillation_cost": 9.671916564267224, "completition_cost": 888.8888888888888, "overshoot_cost": 84.42848038399713, "power_cost": 12.800583471679689, "noise_cost": 12.926605147330207, "n_waypoints_completed": 1, "tot_waypoints": 9}}
{"target": -178.14305467357588, "params": {"k_pid_pos": [2.0, 0.0, 0.9168332026867665], "k_pid_alt": [0.7703267038830987, 0.0, 0.0], "k_pid_att": [23.019731949354764, 0.0001, 0.15933543923952037], "k_pid_yaw": [0.5, 1e-06, 0.1], "k_pid_hsp": [0.18795402512550408, 0.0, 0.0], "k_pid_vsp": [334.4731481383339, 78.81490101403821, 1e-06]}, "datetime": {"datetime": "2025-08-20 12:54:47", "elapsed": 3741.6966784000397, "delta": 15.41577959060669}, "costs": {"total_cost": 178.14305467357588, "time_cost": 71.68, "final_distance_cost": 1.8433605739305232, "oscillation_cost": 29.707866243368493, "completition_cost": 0.0, "overshoot_cost": 50.45872671925915, "power_cost": 12.75122850341797, "noise_cost": 11.701872633599754, "n_waypoints_completed": 9, "tot_waypoints": 9}}
{"target": -217.64241735005382, "params": {"k_pid_pos": [1.4439114115943137, 0.03971948473406153, 0.7903278060962685], "k_pid_alt": [0.5976178210615428, 0.03546256787186301, 0.2381481494955373], "k_pid_att": [0.9674320142104613, 0.0001, 0.09451273780057273], "k_pid_yaw": [0.5, 1e-06, 0.1], "k_pid_hsp": [1.4768032504978803, 0.0, 0.0], "k_pid_vsp": [232.89006056450012, 124.81622342139684, 11.095427833850422]}, "datetime": {"datetime": "2025-08-20 12:55:07", "elapsed": 3761.899887561798, "delta": 20.203209161758423}, "costs": {"total_cost": 217.64241735005382, "time_cost": 91.552, "final_distance_cost": 1.8436900395698161, "oscillation_cost": 48.92448544170488, "completition_cost": 0.0, "overshoot_cost": 51.30935501841802, "power_cost": 12.863461657714844, "noise_cost": 11.149425192646257, "n_waypoints_completed": 9, "tot_waypoints": 9}}
{"target": -176.60997572854038, "params": {"k_pid_pos": [2.0, 0.0, 0.7288693346514565], "k_pid_alt": [0.982822333999176, 0.013517603449606827, 0.0], "k_pid_att": [34.6631925629212, 0.0001, 0.32461809949664777], "k_pid_yaw": [0.5, 1e-06, 0.1], "k_pid_hsp": [0.7616176697438204, 0.007629535679183329, 0.0], "k_pid_vsp": [365.89701423516823, 135.14332564288532, 1e-06]}, "datetime": {"datetime": "2025-08-20 12:55:22", "elapsed": 3776.558703184128, "delta": 14.658815622329712}, "costs": {"total_cost": 176.60997572854038, "time_cost": 69.488, "final_distance_cost": 1.8322973797601572, "oscillation_cost": 31.376783699037276, "completition_cost": 0.0, "overshoot_cost": 50.492037261129056, "power_cost": 12.069597924804688, "noise_cost": 11.351259463809196, "n_waypoints_completed": 9, "tot_waypoints": 9}}
