{"target": -172.16327712397683, "params": {"k_pid_pos": [1.5440981506381617, 0.0, 0.8383736066279384], "k_pid_alt": [2.0, 0.0, 0.0], "k_pid_att": [22.924340902714487, 0.0001, 0.2725019295023787], "k_pid_yaw": [0.5, 1e-06, 0.1], "k_pid_hsp": [0.10486546729506221, 0.0, 0.0], "k_pid_vsp": [261.06243286141125, 254.74806181497013, 1e-06]}, "datetime": {"datetime": "2025-08-20 15:41:45", "elapsed": 13759.920769453049, "delta": 15.719728469848633}, "costs": {"total_cost": 172.16327712397683, "time_cost": 70.648, "final_distance_cost": 1.8246410196113032, "oscillation_cost": 25.29721955900213, "completition_cost": 0.0, "overshoot_cost": 50.99036814604595, "power_cost": 11.987287243652345, "noise_cost": 11.415761155665106, "n_waypoints_completed": 9, "tot_waypoints": 9}}
{"target": -172.68406761524517, "params": {"k_pid_pos": [1.7105667560668676, 0.0, 0.837343100375014], "k_pid_alt": [2.0, 0.0, 0.0], "k_pid_att": [23.10132882479843, 0.0001, 0.27875671261060125], "k_pid_yaw": [0.5, 1e-06, 0.1], "k_pid_hsp": [0.13451181050556307, 0.0, 0.0], "k_pid_vsp": [254.85162358177828, 265.16468128735664, 1e-06]}, "datetime": {"datetime": "2025-08-20 15:42:00", "elapsed": 13775.275614976883, "delta": 15.354845523834229}, "costs": {"total_cost": 172.68406761524517, "time_cost": 70.272, "final_distance_cost": 1.8393066098308453, "oscillation_cost": 26.689254506837408, "completition_cost": 0.0, "overshoot_cost": 50.40962872011374, "power_cost": 12.139000488281251, "noise_cost": 11.334877290181915, "n_waypoints_completed": 9, "tot_waypoints": 9}}
{"target": -173.0800638413892, "params": {"k_pid_pos": [1.420922557599874, 0.0, 0.8474440584729073], "k_pid_alt": [1.8411232126923838, 0.0, 0.0], "k_pid_att": [37.26907604287803, 0.0001, 0.4420544213882588], "k_pid_yaw": [0.5, 1e-06, 0.1], "k_pid_hsp": [0.10223744012882792, 0.0, 0.0], "k_pid_vsp": [255.07754914607492, 245.46274090108014, 1e-06]}, "datetime": {"datetime": "2025-08-20 15:42:16", "elapsed": 13790.90958404541, "delta": 15.633969068527222}, "costs": {"total_cost": 173.0800638413892, "time_cost": 70.816, "final_distance_cost": 1.8345171016609427, "oscillation_cost": 24.882375519951903, "completition_cost": 0.0, "overshoot_cost": 51.067155646775426, "power_cost": 12.691160559082032, "noise_cost": 11.78885501391893, "n_waypoints_completed": 9, "tot_waypoints": 9}}
{"target": -179.1416247197638, "params": {"k_pid_pos": [1.7278599784560562, 0.0, 0.9759296201297886], "k_pid_alt": [1.8104165887455121, 0.0, 0.0], "k_pid_att": [35.94049085395864, 0.0001, 0.2729418539894529], "k_pid_yaw": [0.5, 1e-06, 0.1], "k_pid_hsp": [0.941715803262966, 0.0, 0.0], "k_pid_vsp": [318.9524176835868, 219.8570606673028, 1e-06]}, "datetime": {"datetime": "2025-08-20 15:42:31", "elapsed": 13806.220869779587, "delta": 15.311285734176636}, "costs": {"total_cost": 179.1416247197638, "time_cost": 70.568, "final_distance_cost": 1.85336675203743, "oscillation_cost": 31.69091551898723, "completition_cost": 0.0, "overshoot_cost": 50.09605739852475, "power_cost": 12.817624914550782, "noise_cost": 12.115660135663637, "n_waypoints_completed": 9, "tot_waypoints": 9}}
{"target": -174.9433240324275, "params": {"k_pid_pos": [1.6504709886493472, 0.0, 0.8189658579074726], "k_pid_alt": [2.0, 0.0, 0.0], "k_pid_att": [38.4420645796458, 0.0001, 0.08352085587465476], "k_pid_yaw": [0.5, 1e-06, 0.1], "k_pid_hsp": [0.0755714714399536, 0.0, 0.0], "k_pid_vsp": [267.20899619016393, 169.5294880505694, 1e-06]}, "datetime": {"datetime": "2025-08-20 15:42:47", "elapsed": 13821.894418478012, "delta": 15.673548698425293}, "costs": {"total_cost": 174.9433240324275, "time_cost": 70.736, "final_distance_cost": 1.8110037544330582, "oscillation_cost": 26.78953257572945, "completition_cost": 0.0, "overshoot_cost": 52.05330484281587, "power_cost": 12.083425634765625, "noise_cost": 11.470057224683512, "n_waypoints_completed": 9, "tot_waypoints": 9}}
{"target": -172.22180162920435, "params": {"k_pid_pos": [1.5651973560286423, 0.0, 0.8801463959075161], "k_pid_alt": [2.0, 0.0, 0.0], "k_pid_att": [22.94627486041272, 0.0001, 0.26019515632860973], "k_pid_yaw": [0.5, 1e-06, 0.1], "k_pid_hsp": [0.12587259343742993, 0.0, 0.0], "k_pid_vsp": [281.7738037736742, 265.16235445285866, 1e-06]}, "datetime": {"datetime": "2025-08-20 15:43:03", "elapsed": 13837.895073890686, "delta": 16.00065541267395}, "costs": {"total_cost": 172.22180162920435, "time_cost": 70.688, "final_distance_cost": 1.834139209553209, "oscillation_cost": 25.78549952616776, "completition_cost": 0.0, "overshoot_cost": 50.38822867658304, "power_cost": 12.087299853515626, "noise_cost": 11.4386343633847, "n_waypoints_completed": 9, "tot_waypoints": 9}}
{"target": -173.33937581583015, "params": {"k_pid_pos": [1.436253270409959, 0.007840958759554685, 0.9312331521465091], "k_pid_alt": [1.9772223041131702, 0.0, 0.0], "k_pid_att": [24.815954127244442, 0.0001, 0.18340464706873816], "k_pid_yaw": [0.5, 1e-06, 0.1], "k_pid_hsp": [0.12980490398954117, 0.0, 0.0], "k_pid_vsp": [264.2944465690254, 204.2279225434229, 1e-06]}, "datetime": {"datetime": "2025-08-20 15:43:18", "elapsed": 13853.412557125092, "delta": 15.517483234405518}, "costs": {"total_cost": 173.33937581583015, "time_cost": 71.21600000000001, "final_distance_cost": 1.8364580574603573, "oscillation_cost": 25.066959518308515, "completition_cost": 0.0, "overshoot_cost": 51.31016056250174, "power_cost": 12.244736181640626, "noise_cost": 11.665061495918867, "n_waypoints_completed": 9, "tot_waypoints": 9}}
{"target": -174.34570893174438, "params": {"k_pid_pos": [1.4758451250376357, 0.0, 0.9007494617770923], "k_pid_alt": [1.969307026124015, 0.0, 0.0], "k_pid_att": [1.2335279301899664, 0.0001, 0.29785484936018747], "k_pid_yaw": [0.5, 1e-06, 0.1], "k_pid_hsp": [0.10732809292418916, 4.849473482196015e-05, 0.0], "k_pid_vsp": [254.17409886933893, 262.72197269423674, 1e-06]}, "datetime": {"datetime": "2025-08-20 15:43:34", "elapsed": 13869.380019187927, "delta": 15.967462062835693}, "costs": {"total_cost": 174.34570893174438, "time_cost": 70.83200000000001, "final_distance_cost": 1.832284686764795, "oscillation_cost": 25.791039434140778, "completition_cost": 0.0, "overshoot_cost": 52.174705786488, "power_cost": 12.132573266601563, "noise_cost": 11.583105757749248, "n_waypoints_completed": 9, "tot_waypoints": 9}}
{"target": -172.15032051893803, "params": {"k_pid_pos": [1.511399905901347, 0.0, 0.8377513518979922], "k_pid_alt": [2.0, 0.0, 0.0], "k_pid_att": [29.320196717658504, 0.0001, 0.2914594912043034], "k_pid_yaw": [0.5, 1e-06, 0.1], "k_pid_hsp": [0.10929862183880108, 0.0, 0.0], "k_pid_vsp": [253.41336763025123, 260.8098403216948, 1e-06]}, "datetime": {"datetime": "2025-08-20 15:43:50", "elapsed": 13885.314192056656, "delta": 15.934172868728638}, "costs": {"total_cost": 172.15032051893803, "time_cost": 70.728, "final_distance_cost": 1.825176196420108, "oscillation_cost": 25.303854121248794, "completition_cost": 0.0, "overshoot_cost": 51.20056517743403, "power_cost": 11.819022814941407, "noise_cost": 11.273702208893692, "n_waypoints_completed": 9, "tot_waypoints": 9}}
{"target": -173.3601887836819, "params": {"k_pid_pos": [1.6242246684043542, 0.0, 0.8857781294415937], "k_pid_alt": [2.0, 0.0, 0.0], "k_pid_att": [24.21773594589933, 0.0001, 0.40098340655932335], "k_pid_yaw": [0.5, 1e-06, 0.1], "k_pid_hsp": [0.12477678065713951, 0.0, 0.0], "k_pid_vsp": [252.2177934392387, 267.73505891412094, 1e-06]}, "datetime": {"datetime": "2025-08-20 15:44:06", "elapsed": 13900.89827823639, "delta": 15.584086179733276}, "costs": {"total_cost": 173.3601887836819, "time_cost": 70.544, "final_distance_cost": 1.8424963418266234, "oscillation_cost": 25.846267711774974, "completition_cost": 0.0, "overshoot_cost": 51.74548230803048, "power_cost": 12.046710583496095, "noise_cost": 11.335231838553742, "n_waypoints_completed": 9, "tot_waypoints": 9}}
{"target": -173.7805141386351, "params": {"k_pid_pos": [1.7433222242256725, 0.0, 1.0], "k_pid_alt": [2.0, 0.0, 0.0], "k_pid_att": [7.3834267193236265, 0.0001, 0.25204429520339455], "k_pid_yaw": [0.5, 1e-06, 0.1], "k_pid_hsp": [0.11201698545547371, 0.0, 0.0], "k_pid_vsp": [211.45837233925732, 212.94970065455377, 1e-06]}, "datetime": {"datetime": "2025-08-20 15:44:22", "elapsed": 13916.565786361694, "delta": 15.667508125305176}, "costs": {"total_cost": 173.7805141386351, "time_cost": 70.48, "final_distance_cost": 1.8198361331328055, "oscillation_cost": 26.20414495978809, "completition_cost": 0.0, "overshoot_cost": 51.683541828469664, "power_cost": 12.13894344482422, "noise_cost": 11.454047772420358, "n_waypoints_completed": 9, "tot_waypoints": 9}}
{"target": -172.89760357051952, "params": {"k_pid_pos": [1.371734239537136, 0.0, 0.8742414530834188], "k_pid_alt": [1.9795210538314856, 0.0, 0.0], "k_pid_att": [10.922196738280789, 0.0001, 0.22069183588204186], "k_pid_yaw": [0.5, 1e-06, 0.1], "k_pid_hsp": [0.14586870390502, 0.0, 0.0], "k_pid_vsp": [251.20763835474446, 284.1574414166896, 1e-06]}, "datetime": {"datetime": "2025-08-20 15:44:38", "elapsed": 13932.599742174149, "delta": 16.033955812454224}, "costs": {"total_cost": 172.89760357051952, "time_cost": 71.256, "final_distance_cost": 1.837494874494481, "oscillation_cost": 25.440704273176664, "completition_cost": 0.0, "overshoot_cost": 50.69845309514172, "power_cost": 12.084745776367187, "noise_cost": 11.580205551339477, "n_waypoints_completed": 9, "tot_waypoints": 9}}
{"target": -173.20622492260105, "params": {"k_pid_pos": [1.625982209786787, 0.0, 0.8943898960843876], "k_pid_alt": [1.9835991973165732, 0.0, 0.0], "k_pid_att": [19.264349827697636, 0.0001, 0.2528289631489653], "k_pid_yaw": [0.5, 1e-06, 0.1], "k_pid_hsp": [0.15028205465817687, 0.0, 0.0], "k_pid_vsp": [241.87261137862214, 152.0568931243651, 1e-06]}, "datetime": {"datetime": "2025-08-20 15:44:53", "elapsed": 13948.133971214294, "delta": 15.534229040145874}, "costs": {"total_cost": 173.20622492260105, "time_cost": 70.592, "final_distance_cost": 1.843568989412786, "oscillation_cost": 26.0211472763755, "completition_cost": 0.0, "overshoot_cost": 51.52052818575263, "power_cost": 11.795032458496093, "noise_cost": 11.433948012564045, "n_waypoints_completed": 9, "tot_waypoints": 9}}
{"target": -172.05964277061543, "params": {"k_pid_pos": [1.522815884392207, 0.0, 0.8297142620795519], "k_pid_alt": [1.9815137392053266, 0.0, 0.0], "k_pid_att": [22.281294527455692, 0.0001, 0.26881070927436973], "k_pid_yaw": [0.5, 1e-06, 0.1], "k_pid_hsp": [0.11912432630503618, 0.0, 0.0], "k_pid_vsp": [260.25570889469435, 203.26383619940077, 1e-06]}, "datetime": {"datetime": "2025-08-20 15:45:09", "elapsed": 13964.001451969147, "delta": 15.867480754852295}, "costs": {"total_cost": 172.05964277061543, "time_cost": 70.68, "final_distance_cost": 1.8306265960852668, "oscillation_cost": 25.58917407354855, "completition_cost": 0.0, "overshoot_cost": 50.68042784119403, "power_cost": 11.95505350341797, "noise_cost": 11.324360756369623, "n_waypoints_completed": 9, "tot_waypoints": 9}}
{"target": -172.40935751367465, "params": {"k_pid_pos": [1.4196823737339672, 0.0, 0.8592551140667236], "k_pid_alt": [2.0, 0.0, 0.0], "k_pid_att": [27.9589564664335, 0.0001, 0.2901210930171862], "k_pid_yaw": [0.5, 1e-06, 0.1], "k_pid_hsp": [0.11873462146779817, 0.0, 0.0], "k_pid_vsp": [269.3798961844725, 250.0839424413324, 1e-06]}, "datetime": {"datetime": "2025-08-20 15:45:25", "elapsed": 13979.618713617325, "delta": 15.6172616481781}, "costs": {"total_cost": 172.40935751367465, "time_cost": 71.072, "final_distance_cost": 1.8304729370350716, "oscillation_cost": 25.011910061332223, "completition_cost": 0.0, "overshoot_cost": 50.80347017265609, "power_cost": 12.114636242675783, "noise_cost": 11.576868099975488, "n_waypoints_completed": 9, "tot_waypoints": 9}}
{"target": -173.3280977561958, "params": {"k_pid_pos": [1.673085144170156, 0.0, 0.8974850826651375], "k_pid_alt": [2.0, 0.0, 0.0], "k_pid_att": [10.471055048148251, 0.0001, 0.24900414030510323], "k_pid_yaw": [0.5, 1e-06, 0.1], "k_pid_hsp": [0.09063782481749841, 0.0, 0.0], "k_pid_vsp": [252.48073902967107, 139.15325025936278, 1e-06]}, "datetime": {"datetime": "2025-08-20 15:45:40", "elapsed": 13995.31986618042, "delta": 15.701152563095093}, "costs": {"total_cost": 173.3280977561958, "time_cost": 70.64, "final_distance_cost": 1.8174665342079102, "oscillation_cost": 25.594687062950715, "completition_cost": 0.0, "overshoot_cost": 51.712775166615714, "power_cost": 12.116501977539063, "noise_cost": 11.44666701488243, "n_waypoints_completed": 9, "tot_waypoints": 9}}
{"target": -172.1550275487886, "params": {"k_pid_pos": [1.6223379525217527, 0.0, 0.8478590367740713], "k_pid_alt": [2.0, 0.0, 0.0], "k_pid_att": [22.780391770035486, 0.0001, 0.2842311374844181], "k_pid_yaw": [0.5, 1e-06, 0.1], "k_pid_hsp": [0.10393069852752512, 0.0, 0.0], "k_pid_vsp": [231.99941634836668, 249.02689672757103, 1e-06]}, "datetime": {"datetime": "2025-08-20 15:45:56", "elapsed": 14011.120339632034, "delta": 15.80047345161438}, "costs": {"total_cost": 172.1550275487886, "time_cost": 70.496, "final_distance_cost": 1.812077005520188, "oscillation_cost": 25.961886880302348, "completition_cost": 0.0, "overshoot_cost": 50.7054832633209, "power_cost": 11.85120078125, "noise_cost": 11.328379618395164, "n_waypoints_completed": 9, "tot_waypoints": 9}}
{"target": -172.64252912984315, "params": {"k_pid_pos": [1.5140597550355461, 0.0, 0.8659429432828024], "k_pid_alt": [2.0, 0.0, 0.0], "k_pid_att": [26.957753315739566, 0.0001, 0.24769518845285018], "k_pid_yaw": [0.5, 1e-06, 0.1], "k_pid_hsp": [0.15468301936576756, 0.0, 0.0], "k_pid_vsp": [260.50710185458325, 365.9308524123236, 1e-06]}, "datetime": {"datetime": "2025-08-20 15:46:12", "elapsed": 14027.071139097214, "delta": 15.950799465179443}, "costs": {"total_cost": 172.64252912984315, "time_cost": 70.72, "final_distance_cost": 1.8353148541905289, "oscillation_cost": 25.86771715688665, "completition_cost": 0.0, "overshoot_cost": 50.62294688381611, "power_cost": 12.131066174316407, "noise_cost": 11.465484060633486, "n_waypoints_completed": 9, "tot_waypoints": 9}}
{"target": -176.01805811669223, "params": {"k_pid_pos": [1.8598512780089616, 0.0, 0.9415852375696202], "k_pid_alt": [1.95609994970182, 0.0, 0.0], "k_pid_att": [42.60376671422154, 0.0001, 0.0], "k_pid_yaw": [0.5, 1e-06, 0.1], "k_pid_hsp": [0.11337319812770762, 0.0, 0.0], "k_pid_vsp": [282.11149354444734, 280.28304205905994, 1e-06]}, "datetime": {"datetime": "2025-08-20 15:46:28", "elapsed": 14042.57209610939, "delta": 15.500957012176514}, "costs": {"total_cost": 176.01805811669223, "time_cost": 70.232, "final_distance_cost": 1.8256653144523045, "oscillation_cost": 29.618334843892793, "completition_cost": 0.0, "overshoot_cost": 51.09028979182796, "power_cost": 11.863052319335939, "noise_cost": 11.388715847183231, "n_waypoints_completed": 9, "tot_waypoints": 9}}
{"target": -173.2542097410897, "params": {"k_pid_pos": [1.616821731750084, 0.0, 0.8831432572318907], "k_pid_alt": [2.0, 0.0, 0.0], "k_pid_att": [8.758886170324587, 0.0001, 0.27910093183088286], "k_pid_yaw": [0.5, 1e-06, 0.1], "k_pid_hsp": [0.12149422540707348, 0.0, 0.0], "k_pid_vsp": [266.58414515128095, 244.64199931705443, 1e-06]}, "datetime": {"datetime": "2025-08-20 15:46:43", "elapsed": 14058.43938589096, "delta": 15.867289781570435}, "costs": {"total_cost": 173.2542097410897, "time_cost": 70.504, "final_distance_cost": 1.8245376835458014, "oscillation_cost": 25.980855766034317, "completition_cost": 0.0, "overshoot_cost": 51.62707465150049, "power_cost": 11.914844519042969, "noise_cost": 11.402897120966156, "n_waypoints_completed": 9, "tot_waypoints": 9}}
{"target": -173.15097009754427, "params": {"k_pid_pos": [1.615180968868687, 0.0, 0.9178538546459784], "k_pid_alt": [2.0, 0.0, 0.0], "k_pid_att": [25.5740223407574, 0.0001, 0.2740090848308711], "k_pid_yaw": [0.5, 1e-06, 0.1], "k_pid_hsp": [0.1939182449940511, 0.0, 0.0], "k_pid_vsp": [288.7452113546433, 320.6897550654155, 1e-06]}, "datetime": {"datetime": "2025-08-20 15:47:00", "elapsed": 14074.640018701553, "delta": 16.20063281059265}, "costs": {"total_cost": 173.15097009754427, "time_cost": 70.544, "final_distance_cost": 1.8489091300853964, "oscillation_cost": 26.514168438571172, "completition_cost": 0.0, "overshoot_cost": 50.69257926437411, "power_cost": 12.094505285644532, "noise_cost": 11.456807978869053, "n_waypoints_completed": 9, "tot_waypoints": 9}}
{"target": -172.17022347376053, "params": {"k_pid_pos": [1.5278825522875856, 0.0, 0.9073115770216367], "k_pid_alt": [2.0, 0.0, 0.0], "k_pid_att": [9.33176426554947, 0.0001, 0.15232917272390678], "k_pid_yaw": [0.5, 1e-06, 0.1], "k_pid_hsp": [0.1444053217849157, 0.0, 0.0], "k_pid_vsp": [245.74022029895548, 199.64087906902654, 1e-06]}, "datetime": {"datetime": "2025-08-20 15:47:15", "elapsed": 14090.071804523468, "delta": 15.431785821914673}, "costs": {"total_cost": 172.17022347376053, "time_cost": 70.768, "final_distance_cost": 1.8429276879706975, "oscillation_cost": 25.556996770453143, "completition_cost": 0.0, "overshoot_cost": 50.47681308821195, "power_cost": 11.987524145507813, "noise_cost": 11.537961781616943, "n_waypoints_completed": 9, "tot_waypoints": 9}}
{"target": -383.1798711941687, "params": {"k_pid_pos": [0.9758672093692996, 0.0, 0.9971381167854553], "k_pid_alt": [1.7971835543254986, 0.0, 0.0], "k_pid_att": [17.681464646692437, 0.0001, 0.4805835754140128], "k_pid_yaw": [0.5, 1e-06, 0.1], "k_pid_hsp": [0.022746963641007437, 0.0, 0.0], "k_pid_vsp": [279.1554332829428, 256.661403627713, 1e-06]}, "datetime": {"datetime": "2025-08-20 15:47:37", "elapsed": 14112.025341749191, "delta": 21.953537225723267}, "costs": {"total_cost": 383.1798711941687, "time_cost": 150, "final_distance_cost": 15.675169641515973, "oscillation_cost": 9.829363297378224, "completition_cost": 111.11111111111116, "overshoot_cost": 66.72793722615177, "power_cost": 14.85527235107422, "noise_cost": 14.981017566937334, "n_waypoints_completed": 8, "tot_waypoints": 9}}
{"target": -174.02590482070755, "params": {"k_pid_pos": [1.4059242872587894, 0.0049665694403574715, 0.871912388480655], "k_pid_alt": [2.0, 0.0, 0.0], "k_pid_att": [26.949137650372375, 0.0001, 0.2693586601260347], "k_pid_yaw": [0.5, 1e-06, 0.1], "k_pid_hsp": [0.22346907667884364, 0.0, 0.0], "k_pid_vsp": [244.95538073213868, 264.9680128950799, 1e-06]}, "datetime": {"datetime": "2025-08-20 15:47:53", "elapsed": 14127.942814588547, "delta": 15.917472839355469}, "costs": {"total_cost": 174.02590482070755, "time_cost": 71.184, "final_distance_cost": 1.844483519909087, "oscillation_cost": 26.175741072600886, "completition_cost": 0.0, "overshoot_cost": 50.64913242766517, "power_cost": 12.433359887695314, "noise_cost": 11.739187912837115, "n_waypoints_completed": 9, "tot_waypoints": 9}}
{"target": -173.2089581389067, "params": {"k_pid_pos": [1.7002135423719344, 0.0, 0.9412524032392219], "k_pid_alt": [1.3478623408749288, 0.0, 0.0], "k_pid_att": [17.477889266489505, 0.0001, 0.5323395983219311], "k_pid_yaw": [0.5, 1e-06, 0.1], "k_pid_hsp": [0.1146076229421484, 0.0, 0.0], "k_pid_vsp": [296.1933762342504, 260.5060826021486, 1e-06]}, "datetime": {"datetime": "2025-08-20 15:48:09", "elapsed": 14143.843641281128, "delta": 15.900826692581177}, "costs": {"total_cost": 173.2089581389067, "time_cost": 70.104, "final_distance_cost": 1.8378348608882127, "oscillation_cost": 27.068954363650832, "completition_cost": 0.0, "overshoot_cost": 51.061838117096215, "power_cost": 11.723685229492188, "noise_cost": 11.412645567779236, "n_waypoints_completed": 9, "tot_waypoints": 9}}
{"target": -172.97666891699558, "params": {"k_pid_pos": [1.5582346905808433, 0.0, 0.8121374007131721], "k_pid_alt": [2.0, 0.0, 0.0], "k_pid_att": [22.841222756371582, 0.0001, 0.2876499879153372], "k_pid_yaw": [0.5, 1e-06, 0.1], "k_pid_hsp": [0.1939982391334893, 0.0, 0.0], "k_pid_vsp": [273.50460773032063, 245.79350310590286, 1e-06]}, "datetime": {"datetime": "2025-08-20 15:48:24", "elapsed": 14159.08797621727, "delta": 15.244334936141968}, "costs": {"total_cost": 172.97666891699558, "time_cost": 70.47200000000001, "final_distance_cost": 1.841182435810109, "oscillation_cost": 26.481332898423354, "completition_cost": 0.0, "overshoot_cost": 50.553986986748306, "power_cost": 12.130747216796875, "noise_cost": 11.497419379216945, "n_waypoints_completed": 9, "tot_waypoints": 9}}
{"target": -172.8851567384852, "params": {"k_pid_pos": [1.5276915648049192, 0.0, 0.9307917394396554], "k_pid_alt": [2.0, 0.0, 0.0], "k_pid_att": [30.87472327818927, 0.0001, 0.25506046989060144], "k_pid_yaw": [0.5, 1e-06, 0.1], "k_pid_hsp": [0.11904733909864312, 0.0, 0.0], "k_pid_vsp": [250.27181872480125, 238.5945055662052, 1e-06]}, "datetime": {"datetime": "2025-08-20 15:48:45", "elapsed": 14180.02748298645, "delta": 20.939506769180298}, "costs": {"total_cost": 172.8851567384852, "time_cost": 70.936, "final_distance_cost": 1.834964788084158, "oscillation_cost": 25.38513582109647, "completition_cost": 0.0, "overshoot_cost": 51.020255095595985, "power_cost": 12.098084375000001, "noise_cost": 11.610716658708553, "n_waypoints_completed": 9, "tot_waypoints": 9}}
{"target": -173.61882516357133, "params": {"k_pid_pos": [1.4239209012446181, 0.0, 0.8583744614187877], "k_pid_alt": [2.0, 0.0, 0.0], "k_pid_att": [21.737774293566453, 0.0001, 0.213055983545959], "k_pid_yaw": [0.5, 1e-06, 0.1], "k_pid_hsp": [0.14066119649025802, 0.0, 0.0], "k_pid_vsp": [238.31562598610782, 196.1289328321165, 1e-06]}, "datetime": {"datetime": "2025-08-20 15:49:02", "elapsed": 14196.764239549637, "delta": 16.736756563186646}, "costs": {"total_cost": 173.61882516357133, "time_cost": 71.048, "final_distance_cost": 1.8346419154770817, "oscillation_cost": 25.361556329914535, "completition_cost": 0.0, "overshoot_cost": 51.10628392948989, "power_cost": 12.462919592285157, "noise_cost": 11.805423396404667, "n_waypoints_completed": 9, "tot_waypoints": 9}}
