{"target": -172.16113099807708, "params": {"k_pid_pos": [1.3827299764276884, 0.0, 0.6931790280290989], "k_pid_alt": [1.9995617868597932, 0.0, 0.0], "k_pid_att": [26.279152503121118, 0.0001, 0.29129642925535554], "k_pid_yaw": [0.5, 1e-06, 0.1], "k_pid_hsp": [0.09886061915687279, 0.0, 0.0], "k_pid_vsp": [219.39004732640672, 361.24885252028724, 1e-06]}, "datetime": {"datetime": "2025-08-20 19:08:18", "elapsed": 26153.08335018158, "delta": 16.742505073547363}, "costs": {"total_cost": 172.16113099807708, "time_cost": 70.616, "final_distance_cost": 1.8176475449671992, "oscillation_cost": 25.465662688805164, "completition_cost": 0.0, "overshoot_cost": 51.124168947674654, "power_cost": 11.859660546875, "noise_cost": 11.27799126975507, "n_waypoints_completed": 9, "tot_waypoints": 9}}
{"target": -172.85201351111039, "params": {"k_pid_pos": [1.34310903219946, 0.0, 0.7347990595682946], "k_pid_alt": [1.9999348520642675, 0.0, 0.0], "k_pid_att": [26.149001388062366, 0.0001, 0.26716620400923075], "k_pid_yaw": [0.5, 1e-06, 0.1], "k_pid_hsp": [0.10294667064569613, 0.00013112180714027147, 0.0], "k_pid_vsp": [214.7027803665191, 363.39463900309784, 1e-06]}, "datetime": {"datetime": "2025-08-20 19:08:34", "elapsed": 26168.89416360855, "delta": 15.810813426971436}, "costs": {"total_cost": 172.85201351111039, "time_cost": 70.824, "final_distance_cost": 1.8371087416757663, "oscillation_cost": 25.214775812620253, "completition_cost": 0.0, "overshoot_cost": 51.21971730818813, "power_cost": 12.158488208007814, "noise_cost": 11.59792344061841, "n_waypoints_completed": 9, "tot_waypoints": 9}}
{"target": -174.36861256009666, "params": {"k_pid_pos": [1.2805330166419389, 0.0, 1.0], "k_pid_alt": [2.0, 0.0, 0.0], "k_pid_att": [28.935884186972803, 0.0001, 0.3428557335041087], "k_pid_yaw": [0.5, 1e-06, 0.1], "k_pid_hsp": [0.08391792458893754, 0.00011653418421715236, 0.0], "k_pid_vsp": [205.3444558675924, 313.43450115703, 1e-06]}, "datetime": {"datetime": "2025-08-20 19:08:51", "elapsed": 26185.5714738369, "delta": 16.67731022834778}, "costs": {"total_cost": 174.36861256009666, "time_cost": 72.44, "final_distance_cost": 1.842574230868099, "oscillation_cost": 24.126677241000753, "completition_cost": 0.0, "overshoot_cost": 51.970575514361464, "power_cost": 12.259553833007812, "noise_cost": 11.729231740858545, "n_waypoints_completed": 9, "tot_waypoints": 9}}
{"target": -173.52737622653683, "params": {"k_pid_pos": [1.3448079556020098, 0.0, 0.6574959633120118], "k_pid_alt": [1.999879490670051, 0.0, 0.0], "k_pid_att": [8.210372610549573, 0.0001, 0.3807871647598661], "k_pid_yaw": [0.5, 1e-06, 0.1], "k_pid_hsp": [0.0533902497385927, 0.0, 0.0], "k_pid_vsp": [238.15558271524088, 386.904616636174, 1e-06]}, "datetime": {"datetime": "2025-08-20 19:09:06", "elapsed": 26201.20202922821, "delta": 15.630555391311646}, "costs": {"total_cost": 173.52737622653683, "time_cost": 72.872, "final_distance_cost": 1.7874254613950251, "oscillation_cost": 22.03017944869692, "completition_cost": 0.0, "overshoot_cost": 53.70780187441907, "power_cost": 11.551088842773439, "noise_cost": 11.578880599252376, "n_waypoints_completed": 9, "tot_waypoints": 9}}
{"target": -172.146327208505, "params": {"k_pid_pos": [1.4816621631817908, 0.0, 0.778242156343692], "k_pid_alt": [2.0, 0.0, 0.0], "k_pid_att": [35.935629622109914, 0.0001, 0.37474148531541807], "k_pid_yaw": [0.5, 1e-06, 0.1], "k_pid_hsp": [0.11703587520030778, 0.0, 0.0], "k_pid_vsp": [238.33288885319828, 320.6382148801875, 1e-06]}, "datetime": {"datetime": "2025-08-20 19:09:23", "elapsed": 26217.968836545944, "delta": 16.766807317733765}, "costs": {"total_cost": 172.146327208505, "time_cost": 70.616, "final_distance_cost": 1.834522383765097, "oscillation_cost": 25.653907490095335, "completition_cost": 0.0, "overshoot_cost": 50.782671055817254, "power_cost": 11.895634814453125, "noise_cost": 11.363591464374203, "n_waypoints_completed": 9, "tot_waypoints": 9}}
{"target": -172.3248583017036, "params": {"k_pid_pos": [1.3732299708030118, 0.0, 0.6228524368915249], "k_pid_alt": [2.0, 0.0, 0.0], "k_pid_att": [41.68897728697452, 0.0001, 0.28095234494455484], "k_pid_yaw": [0.5, 1e-06, 0.1], "k_pid_hsp": [0.09559487573175189, 0.0, 0.0], "k_pid_vsp": [267.80944057856146, 249.02400030283678, 1e-06]}, "datetime": {"datetime": "2025-08-20 19:09:39", "elapsed": 26234.280371665955, "delta": 16.311535120010376}, "costs": {"total_cost": 172.3248583017036, "time_cost": 70.544, "final_distance_cost": 1.8244604399464273, "oscillation_cost": 25.477360857382283, "completition_cost": 0.0, "overshoot_cost": 51.17648598758036, "power_cost": 11.9872125, "noise_cost": 11.315338516794561, "n_waypoints_completed": 9, "tot_waypoints": 9}}
{"target": -173.7420813999496, "params": {"k_pid_pos": [1.3973521787577827, 0.0, 0.683692250342417], "k_pid_alt": [2.0, 0.0, 0.0], "k_pid_att": [32.45823887014433, 0.0001, 0.19391706390052046], "k_pid_yaw": [0.5, 1e-06, 0.1], "k_pid_hsp": [0.06971252421585708, 0.0, 0.0], "k_pid_vsp": [242.95488668760203, 243.0400061968205, 1e-06]}, "datetime": {"datetime": "2025-08-20 19:09:56", "elapsed": 26250.619788885117, "delta": 16.339417219161987}, "costs": {"total_cost": 173.7420813999496, "time_cost": 71.12, "final_distance_cost": 1.8089852774531863, "oscillation_cost": 24.62529873262517, "completition_cost": 0.0, "overshoot_cost": 52.80233973833888, "power_cost": 11.953305444335937, "noise_cost": 11.432152207196413, "n_waypoints_completed": 9, "tot_waypoints": 9}}
{"target": -172.67999280822448, "params": {"k_pid_pos": [1.3408601739539345, 0.0, 0.6347079385384738], "k_pid_alt": [1.9995687524139216, 0.0, 0.0], "k_pid_att": [8.58800459524595, 0.0001, 0.3178658836634369], "k_pid_yaw": [0.5, 1e-06, 0.1], "k_pid_hsp": [0.09066584235983237, 1.703216648293602e-05, 0.0], "k_pid_vsp": [231.43462172431822, 400.0, 1e-06]}, "datetime": {"datetime": "2025-08-20 19:10:12", "elapsed": 26267.51355266571, "delta": 16.893763780593872}, "costs": {"total_cost": 172.67999280822448, "time_cost": 70.44, "final_distance_cost": 1.800002631515092, "oscillation_cost": 25.635178515226194, "completition_cost": 0.0, "overshoot_cost": 51.63200722265314, "power_cost": 11.869042968750001, "noise_cost": 11.303761470080074, "n_waypoints_completed": 9, "tot_waypoints": 9}}
{"target": -174.24451939920522, "params": {"k_pid_pos": [1.4386943156385636, 0.0, 0.46504614400361194], "k_pid_alt": [2.0, 0.0, 0.0], "k_pid_att": [38.45409058011015, 0.0001, 0.4038150912965367], "k_pid_yaw": [0.5, 1e-06, 0.1], "k_pid_hsp": [0.07606672237996495, 1.4129983621693888e-05, 0.0], "k_pid_vsp": [163.68499470208383, 372.94162492152543, 1e-06]}, "datetime": {"datetime": "2025-08-20 19:10:29", "elapsed": 26284.434858322144, "delta": 16.921305656433105}, "costs": {"total_cost": 174.24451939920522, "time_cost": 70.57600000000001, "final_distance_cost": 1.7698552331714599, "oscillation_cost": 26.406997719902694, "completition_cost": 0.0, "overshoot_cost": 52.00145154820357, "power_cost": 12.161644067382813, "noise_cost": 11.328570830544697, "n_waypoints_completed": 9, "tot_waypoints": 9}}
{"target": -174.44608221290525, "params": {"k_pid_pos": [1.3891684825234258, 0.0, 0.6015450584762517], "k_pid_alt": [2.0, 0.0, 0.0], "k_pid_att": [42.89136205325018, 0.0001, 0.3768782363371904], "k_pid_yaw": [0.5, 1e-06, 0.1], "k_pid_hsp": [0.06127412592126629, 0.0, 0.0], "k_pid_vsp": [241.33075097920425, 367.4137672459229, 1e-06]}, "datetime": {"datetime": "2025-08-20 19:10:46", "elapsed": 26301.009677886963, "delta": 16.574819564819336}, "costs": {"total_cost": 174.44608221290525, "time_cost": 71.72, "final_distance_cost": 1.7706393905944087, "oscillation_cost": 24.009504493635916, "completition_cost": 0.0, "overshoot_cost": 53.395806778170574, "power_cost": 12.095226635742188, "noise_cost": 11.454904914762167, "n_waypoints_completed": 9, "tot_waypoints": 9}}
{"target": -1124.8834093678668, "params": {"k_pid_pos": [1.380747665961731, 0.0, 0.6018467681745239], "k_pid_alt": [2.0, 0.0, 0.0], "k_pid_att": [0.0, 0.0001, 0.28678017894548796], "k_pid_yaw": [0.5, 1e-06, 0.1], "k_pid_hsp": [0.08146952908105647, 0.0, 0.0], "k_pid_vsp": [204.38678558767776, 285.0869789103449, 1e-06]}, "datetime": {"datetime": "2025-08-20 19:11:08", "elapsed": 26322.567158460617, "delta": 21.557480573654175}, "costs": {"total_cost": 1124.8834093678668, "time_cost": 150, "final_distance_cost": 45.197498812576676, "oscillation_cost": 0.5251966869310175, "completition_cost": 888.8888888888888, "overshoot_cost": 14.476402049686598, "power_cost": 12.829833935546876, "noise_cost": 12.96558899423656, "n_waypoints_completed": 1, "tot_waypoints": 9}}
{"target": -172.53927390794115, "params": {"k_pid_pos": [1.402657673140202, 0.0, 0.6335765743726307], "k_pid_alt": [1.9999585266627575, 0.0, 0.0], "k_pid_att": [28.0796964031711, 0.0001, 0.3409683943287584], "k_pid_yaw": [0.5, 1e-06, 0.1], "k_pid_hsp": [0.10787420155871201, 0.0, 0.0], "k_pid_vsp": [209.1968132964348, 287.90019344667525, 1e-06]}, "datetime": {"datetime": "2025-08-20 19:11:24", "elapsed": 26338.981045007706, "delta": 16.413886547088623}, "costs": {"total_cost": 172.53927390794115, "time_cost": 70.432, "final_distance_cost": 1.8093925494677863, "oscillation_cost": 25.83402153931181, "completition_cost": 0.0, "overshoot_cost": 51.259175054254214, "power_cost": 11.918267590332032, "noise_cost": 11.286417174575323, "n_waypoints_completed": 9, "tot_waypoints": 9}}
{"target": -172.46934799227122, "params": {"k_pid_pos": [1.4044365372205683, 0.0, 0.8364000334447048], "k_pid_alt": [1.9987556850103518, 0.0, 0.0], "k_pid_att": [11.264705430492855, 0.0001, 0.45778849902747754], "k_pid_yaw": [0.5, 1e-06, 0.1], "k_pid_hsp": [0.10673560267439154, 7.105512467122605e-05, 0.0], "k_pid_vsp": [219.18768208241727, 253.6146462942442, 1e-06]}, "datetime": {"datetime": "2025-08-20 19:11:40", "elapsed": 26355.303235054016, "delta": 16.322190046310425}, "costs": {"total_cost": 172.46934799227122, "time_cost": 70.928, "final_distance_cost": 1.833447826251137, "oscillation_cost": 24.876157950030432, "completition_cost": 0.0, "overshoot_cost": 51.49093729334514, "power_cost": 11.913914355468751, "noise_cost": 11.426890567175777, "n_waypoints_completed": 9, "tot_waypoints": 9}}
{"target": -172.56195106604412, "params": {"k_pid_pos": [1.4423058786590108, 0.0, 0.6500714538953913], "k_pid_alt": [2.0, 0.0, 0.0], "k_pid_att": [21.17961834182504, 0.0001, 0.3187324692205396], "k_pid_yaw": [0.5, 1e-06, 0.1], "k_pid_hsp": [0.08425162832361949, 8.670410207481213e-05, 0.0], "k_pid_vsp": [240.0627395385484, 315.2378721988961, 1e-06]}, "datetime": {"datetime": "2025-08-20 19:11:55", "elapsed": 26370.210977077484, "delta": 14.907742023468018}, "costs": {"total_cost": 172.56195106604412, "time_cost": 70.44, "final_distance_cost": 1.8179602674944133, "oscillation_cost": 25.58484661846015, "completition_cost": 0.0, "overshoot_cost": 51.88952926682034, "power_cost": 11.690669970703125, "noise_cost": 11.138944942566104, "n_waypoints_completed": 9, "tot_waypoints": 9}}
{"target": -172.34997856869944, "params": {"k_pid_pos": [1.3866871466439714, 0.0, 0.708913251796531], "k_pid_alt": [2.0, 0.0, 0.0], "k_pid_att": [24.932546627738905, 0.0001, 0.3301236470113087], "k_pid_yaw": [0.5, 1e-06, 0.1], "k_pid_hsp": [0.07152983736467328, 0.00018217394387196544, 0.0], "k_pid_vsp": [222.18887194183418, 362.8541719537977, 1e-06]}, "datetime": {"datetime": "2025-08-20 19:12:13", "elapsed": 26387.680063962936, "delta": 17.46908688545227}, "costs": {"total_cost": 172.34997856869944, "time_cost": 71.016, "final_distance_cost": 1.8022065899933928, "oscillation_cost": 24.627028898760162, "completition_cost": 0.0, "overshoot_cost": 52.281462308796904, "power_cost": 11.451296350097657, "noise_cost": 11.171984421051311, "n_waypoints_completed": 9, "tot_waypoints": 9}}
{"target": -171.91957245952617, "params": {"k_pid_pos": [1.3995732463007886, 0.0, 0.6151498568146145], "k_pid_alt": [1.9998138419714848, 0.0, 0.0], "k_pid_att": [23.827096870869973, 0.0001, 0.26177696589592414], "k_pid_yaw": [0.5, 1e-06, 0.1], "k_pid_hsp": [0.09809626920357445, 4.64303997286439e-06, 0.0], "k_pid_vsp": [230.14493971985522, 382.2541253283631, 1e-06]}, "datetime": {"datetime": "2025-08-20 19:12:28", "elapsed": 26402.919895410538, "delta": 15.239831447601318}, "costs": {"total_cost": 171.91957245952617, "time_cost": 70.368, "final_distance_cost": 1.8184090555739378, "oscillation_cost": 25.644961023778766, "completition_cost": 0.0, "overshoot_cost": 50.94001573880566, "power_cost": 11.882761779785158, "noise_cost": 11.26542486158263, "n_waypoints_completed": 9, "tot_waypoints": 9}}
{"target": -172.60554137287082, "params": {"k_pid_pos": [1.3438438438200542, 0.006855209004336571, 0.7676650093632942], "k_pid_alt": [1.9999688080532472, 0.0, 0.0], "k_pid_att": [28.117693051705, 0.0001, 0.3063921917680953], "k_pid_yaw": [0.5, 1e-06, 0.1], "k_pid_hsp": [0.0687770629272371, 0.0, 0.0], "k_pid_vsp": [230.92364935490198, 384.61677302622576, 1e-06]}, "datetime": {"datetime": "2025-08-20 19:12:45", "elapsed": 26419.98839044571, "delta": 17.06849503517151}, "costs": {"total_cost": 172.60554137287082, "time_cost": 71.432, "final_distance_cost": 1.8182205399750382, "oscillation_cost": 24.080217892423356, "completition_cost": 0.0, "overshoot_cost": 52.48166650756548, "power_cost": 11.570155505371094, "noise_cost": 11.223280927535814, "n_waypoints_completed": 9, "tot_waypoints": 9}}
{"target": -172.80120247620312, "params": {"k_pid_pos": [1.4168076385734947, 0.0, 0.691823959156356], "k_pid_alt": [1.9804873813902772, 0.0, 0.0], "k_pid_att": [28.9628506249254, 0.0001, 0.443192293136179], "k_pid_yaw": [0.5, 1e-06, 0.1], "k_pid_hsp": [0.09314106953832071, 0.0, 0.0], "k_pid_vsp": [249.99309771948282, 387.7955494710007, 1e-06]}, "datetime": {"datetime": "2025-08-20 19:13:00", "elapsed": 26435.11091375351, "delta": 15.122523307800293}, "costs": {"total_cost": 172.80120247620312, "time_cost": 70.48, "final_distance_cost": 1.813103733115019, "oscillation_cost": 25.651851241312425, "completition_cost": 0.0, "overshoot_cost": 51.60495489844268, "power_cost": 11.918382666015626, "noise_cost": 11.332909937317371, "n_waypoints_completed": 9, "tot_waypoints": 9}}
{"target": -173.42969689108708, "params": {"k_pid_pos": [1.3984084503465468, 0.0, 0.6095621814644223], "k_pid_alt": [1.9999319453173192, 0.0, 0.0], "k_pid_att": [38.316519401859836, 0.0001, 0.4040856622218586], "k_pid_yaw": [0.5, 1e-06, 0.1], "k_pid_hsp": [0.06983028687402329, 0.0, 0.0], "k_pid_vsp": [236.57706742240697, 362.7337597706736, 1e-06]}, "datetime": {"datetime": "2025-08-20 19:13:17", "elapsed": 26452.367907762527, "delta": 17.256994009017944}, "costs": {"total_cost": 173.42969689108708, "time_cost": 71.024, "final_distance_cost": 1.77682836099923, "oscillation_cost": 24.975743968430002, "completition_cost": 0.0, "overshoot_cost": 52.41398430146228, "power_cost": 11.986497338867188, "noise_cost": 11.252642921328384, "n_waypoints_completed": 9, "tot_waypoints": 9}}
{"target": -172.9752696104927, "params": {"k_pid_pos": [1.49947539868139, 0.0, 0.6720066537628451], "k_pid_alt": [2.0, 0.0, 0.0], "k_pid_att": [24.469943254884704, 0.0001, 0.3307979857399207], "k_pid_yaw": [0.5, 1e-06, 0.1], "k_pid_hsp": [0.07410243957020733, 0.00018213190390286402, 0.0], "k_pid_vsp": [234.49748899461568, 375.82457905343466, 1e-06]}, "datetime": {"datetime": "2025-08-20 19:13:33", "elapsed": 26468.224083662033, "delta": 15.856175899505615}, "costs": {"total_cost": 172.9752696104927, "time_cost": 70.664, "final_distance_cost": 1.7938166066962753, "oscillation_cost": 25.7009437293592, "completition_cost": 0.0, "overshoot_cost": 51.64264403102316, "power_cost": 11.909226623535156, "noise_cost": 11.264638619878907, "n_waypoints_completed": 9, "tot_waypoints": 9}}
{"target": -173.61301501743935, "params": {"k_pid_pos": [1.5144291583575689, 0.0, 0.8426514821221169], "k_pid_alt": [2.0, 0.0, 0.0], "k_pid_att": [33.057227002080346, 0.0001, 0.32904329827222356], "k_pid_yaw": [0.5, 1e-06, 0.1], "k_pid_hsp": [0.06766234955800329, 0.0, 0.0], "k_pid_vsp": [240.32811029482437, 372.81489263219174, 1e-06]}, "datetime": {"datetime": "2025-08-20 19:13:49", "elapsed": 26483.826934337616, "delta": 15.602850675582886}, "costs": {"total_cost": 173.61301501743935, "time_cost": 71.19200000000001, "final_distance_cost": 1.8140836565676637, "oscillation_cost": 24.970674576911343, "completition_cost": 0.0, "overshoot_cost": 52.50549471053524, "power_cost": 11.766205529785157, "noise_cost": 11.364556543639926, "n_waypoints_completed": 9, "tot_waypoints": 9}}
{"target": -171.60366815625233, "params": {"k_pid_pos": [1.3507045381694012, 0.0, 0.7019561561660485], "k_pid_alt": [1.9997781307034568, 0.0, 0.0], "k_pid_att": [25.37272914111773, 0.0001, 0.3243884602642223], "k_pid_yaw": [0.5, 1e-06, 0.1], "k_pid_hsp": [0.10256684178708143, 0.00018944711296677122, 0.0], "k_pid_vsp": [223.75677542937734, 347.76752780729635, 1e-06]}, "datetime": {"datetime": "2025-08-20 19:14:06", "elapsed": 26500.866283893585, "delta": 17.03934955596924}, "costs": {"total_cost": 171.60366815625233, "time_cost": 70.688, "final_distance_cost": 1.8211471828952859, "oscillation_cost": 25.283134787980764, "completition_cost": 0.0, "overshoot_cost": 51.31513923955333, "power_cost": 11.390635571289064, "noise_cost": 11.105611374533876, "n_waypoints_completed": 9, "tot_waypoints": 9}}
{"target": -172.57702335828145, "params": {"k_pid_pos": [1.3880289610873269, 0.0, 0.8078296722660898], "k_pid_alt": [1.9998850058460635, 0.0, 0.0], "k_pid_att": [26.118975686793608, 0.0001, 0.27716862527154146], "k_pid_yaw": [0.5, 1e-06, 0.1], "k_pid_hsp": [0.08201985139088279, 0.00019855164267183257, 0.0], "k_pid_vsp": [216.89070953641067, 378.631238391806, 1e-06]}, "datetime": {"datetime": "2025-08-20 19:14:21", "elapsed": 26515.935383558273, "delta": 15.06909966468811}, "costs": {"total_cost": 172.57702335828145, "time_cost": 70.92, "final_distance_cost": 1.813843398693758, "oscillation_cost": 25.031072653593245, "completition_cost": 0.0, "overshoot_cost": 51.10300911024297, "power_cost": 12.238324951171876, "noise_cost": 11.470773244579595, "n_waypoints_completed": 9, "tot_waypoints": 9}}
{"target": -173.3386760939473, "params": {"k_pid_pos": [1.545061912725484, 0.0, 0.685577187967435], "k_pid_alt": [1.999879902440328, 0.0, 0.0], "k_pid_att": [18.05069410681671, 0.0001, 0.34507461252911986], "k_pid_yaw": [0.5, 1e-06, 0.1], "k_pid_hsp": [0.0884071452112268, 6.573771217219743e-05, 0.0], "k_pid_vsp": [238.59603723918303, 206.02543724196457, 1e-06]}, "datetime": {"datetime": "2025-08-20 19:14:38", "elapsed": 26532.88535785675, "delta": 16.949974298477173}, "costs": {"total_cost": 173.3386760939473, "time_cost": 70.392, "final_distance_cost": 1.8025931139506124, "oscillation_cost": 25.848893526126343, "completition_cost": 0.0, "overshoot_cost": 51.63744200228066, "power_cost": 12.156711926269532, "noise_cost": 11.501035525320148, "n_waypoints_completed": 9, "tot_waypoints": 9}}
{"target": -174.51367949481394, "params": {"k_pid_pos": [1.3883219683006374, 0.0, 0.7323908278553357], "k_pid_alt": [1.999889490489753, 0.0, 0.0], "k_pid_att": [33.98117097790089, 0.0001, 0.04942579689250921], "k_pid_yaw": [0.5, 1e-06, 0.1], "k_pid_hsp": [0.10414181808833103, 1.5221570849481308e-05, 0.0], "k_pid_vsp": [224.60419158188748, 371.04834141701417, 1e-06]}, "datetime": {"datetime": "2025-08-20 19:14:53", "elapsed": 26547.99302339554, "delta": 15.107665538787842}, "costs": {"total_cost": 174.51367949481394, "time_cost": 70.712, "final_distance_cost": 1.8138089505333166, "oscillation_cost": 28.051098460752094, "completition_cost": 0.0, "overshoot_cost": 51.320746423205456, "power_cost": 11.418672717285157, "noise_cost": 11.197352943037915, "n_waypoints_completed": 9, "tot_waypoints": 9}}
{"target": -172.15280696744705, "params": {"k_pid_pos": [1.3959021212223168, 0.0, 0.6234702691038396], "k_pid_alt": [1.9999095462108487, 0.0, 0.0], "k_pid_att": [27.442116531534516, 0.0001, 0.2864467329934154], "k_pid_yaw": [0.5, 1e-06, 0.1], "k_pid_hsp": [0.09658774778557819, 0.0001545129810155564, 0.0], "k_pid_vsp": [262.92454631521105, 366.8068071813741, 1e-06]}, "datetime": {"datetime": "2025-08-20 19:15:09", "elapsed": 26564.0029361248, "delta": 16.009912729263306}, "costs": {"total_cost": 172.15280696744705, "time_cost": 70.432, "final_distance_cost": 1.799332328044732, "oscillation_cost": 25.580257062587567, "completition_cost": 0.0, "overshoot_cost": 51.293474389699576, "power_cost": 11.826547338867188, "noise_cost": 11.221195848247998, "n_waypoints_completed": 9, "tot_waypoints": 9}}
{"target": -172.29156026636923, "params": {"k_pid_pos": [1.361176307847204, 0.0, 0.6581500479061446], "k_pid_alt": [1.9999959097447775, 0.0, 0.0], "k_pid_att": [26.243368835784445, 0.0001, 0.3656409085446696], "k_pid_yaw": [0.5, 1e-06, 0.1], "k_pid_hsp": [0.08216625203875842, 4.0554769749870084e-05, 0.0], "k_pid_vsp": [213.11448676915276, 353.51790144364935, 1e-06]}, "datetime": {"datetime": "2025-08-20 19:15:25", "elapsed": 26579.757348060608, "delta": 15.754411935806274}, "costs": {"total_cost": 172.29156026636923, "time_cost": 70.656, "final_distance_cost": 1.8080634020925646, "oscillation_cost": 25.16069104508415, "completition_cost": 0.0, "overshoot_cost": 51.31421850876626, "power_cost": 12.031588342285156, "noise_cost": 11.320998968141108, "n_waypoints_completed": 9, "tot_waypoints": 9}}
