{"target": -172.85436095647202, "params": {"k_pid_pos": [1.3027185756529824, 0.0, 0.7226498423131991], "k_pid_alt": [1.999926361522994, 0.0, 0.0], "k_pid_att": [30.23276700401634, 0.0001, 0.3121960029816727], "k_pid_yaw": [0.5, 1e-06, 0.1], "k_pid_hsp": [0.06890031816226698, 5.951609412406902e-05, 0.0], "k_pid_vsp": [264.72775990441147, 391.98947750470774, 1e-06]}, "datetime": {"datetime": "2025-08-20 22:05:02", "elapsed": 36757.55084371567, "delta": 15.6242094039917}, "costs": {"total_cost": 172.85436095647202, "time_cost": 71.456, "final_distance_cost": 1.8057353155844844, "oscillation_cost": 23.9773909915356, "completition_cost": 0.0, "overshoot_cost": 52.55945727961826, "power_cost": 11.757097790527345, "noise_cost": 11.298679579206313, "n_waypoints_completed": 9, "tot_waypoints": 9}}
{"target": -172.05815000423559, "params": {"k_pid_pos": [1.308187869991487, 0.0, 0.6293868051428012], "k_pid_alt": [1.9999023528867794, 0.0, 0.0], "k_pid_att": [27.323839589139823, 0.0001, 0.3192893503417185], "k_pid_yaw": [0.5, 1e-06, 0.1], "k_pid_hsp": [0.10850908175876017, 0.00010935931377313277, 0.0], "k_pid_vsp": [295.8973124268947, 395.7276565711284, 1e-06]}, "datetime": {"datetime": "2025-08-20 22:05:21", "elapsed": 36775.75007677078, "delta": 18.199233055114746}, "costs": {"total_cost": 172.05815000423559, "time_cost": 70.592, "final_distance_cost": 1.8338565639937527, "oscillation_cost": 25.316104223032287, "completition_cost": 0.0, "overshoot_cost": 50.909460905822584, "power_cost": 11.945027453613282, "noise_cost": 11.46170085777372, "n_waypoints_completed": 9, "tot_waypoints": 9}}
{"target": -171.4849586485158, "params": {"k_pid_pos": [1.3201298656037845, 0.0, 0.6138779153124327], "k_pid_alt": [1.9998895580479215, 0.0, 0.0], "k_pid_att": [27.250652672786646, 0.0001, 0.33297052308783304], "k_pid_yaw": [0.5, 1e-06, 0.1], "k_pid_hsp": [0.08571280653370716, 6.890673578350454e-05, 0.0], "k_pid_vsp": [251.2319341392569, 394.0607107242257, 1e-06]}, "datetime": {"datetime": "2025-08-20 22:05:37", "elapsed": 36792.364819288254, "delta": 16.614742517471313}, "costs": {"total_cost": 171.4849586485158, "time_cost": 70.592, "final_distance_cost": 1.7955595531602189, "oscillation_cost": 25.25035663375914, "completition_cost": 0.0, "overshoot_cost": 51.046226491202276, "power_cost": 11.552867700195312, "noise_cost": 11.247948270198828, "n_waypoints_completed": 9, "tot_waypoints": 9}}
{"target": -173.1965352284443, "params": {"k_pid_pos": [1.5598150406268563, 0.0, 0.719877518041573], "k_pid_alt": [1.9999116723885217, 0.0, 0.0], "k_pid_att": [26.600055872180207, 0.0001, 0.3082963536503663], "k_pid_yaw": [0.5, 1e-06, 0.1], "k_pid_hsp": [0.0987144472059259, 4.6987740897715564e-05, 0.0], "k_pid_vsp": [250.0647387642768, 382.4604050733388, 1e-06]}, "datetime": {"datetime": "2025-08-20 22:05:54", "elapsed": 36808.81767606735, "delta": 16.45285677909851}, "costs": {"total_cost": 173.1965352284443, "time_cost": 70.272, "final_distance_cost": 1.812235830001916, "oscillation_cost": 26.46292712565819, "completition_cost": 0.0, "overshoot_cost": 51.298838445467695, "power_cost": 12.076604724121095, "noise_cost": 11.273929103195389, "n_waypoints_completed": 9, "tot_waypoints": 9}}
{"target": -171.6028814392492, "params": {"k_pid_pos": [1.3176213647916362, 0.0, 0.6658061101738304], "k_pid_alt": [1.9999039576274262, 0.0, 0.0], "k_pid_att": [23.998808235205857, 0.0001, 0.29575945771201007], "k_pid_yaw": [0.5, 1e-06, 0.1], "k_pid_hsp": [0.09090195029736613, 3.6011443628237394e-06, 0.0], "k_pid_vsp": [247.37621810640928, 395.1912964668827, 1e-06]}, "datetime": {"datetime": "2025-08-20 22:06:11", "elapsed": 36825.75565600395, "delta": 16.93797993659973}, "costs": {"total_cost": 171.6028814392492, "time_cost": 70.68, "final_distance_cost": 1.8117281864471593, "oscillation_cost": 25.00025989057754, "completition_cost": 0.0, "overshoot_cost": 51.03335384652517, "power_cost": 11.81389901123047, "noise_cost": 11.26364050446884, "n_waypoints_completed": 9, "tot_waypoints": 9}}
{"target": -171.39404262978064, "params": {"k_pid_pos": [1.3127214298682188, 0.0, 0.643846383572214], "k_pid_alt": [1.9998805719115016, 0.0, 0.0], "k_pid_att": [38.161023195575304, 0.0001, 0.2954169227074734], "k_pid_yaw": [0.5, 1e-06, 0.1], "k_pid_hsp": [0.08796065884243434, 4.883966334342708e-05, 0.0], "k_pid_vsp": [254.1654461742794, 400.0, 1e-06]}, "datetime": {"datetime": "2025-08-20 22:06:26", "elapsed": 36841.18985891342, "delta": 15.434202909469604}, "costs": {"total_cost": 171.39404262978064, "time_cost": 70.712, "final_distance_cost": 1.8086072085032585, "oscillation_cost": 24.972330722426552, "completition_cost": 0.0, "overshoot_cost": 51.25148609238056, "power_cost": 11.459597241210938, "noise_cost": 11.190021365259327, "n_waypoints_completed": 9, "tot_waypoints": 9}}
{"target": -171.842963770643, "params": {"k_pid_pos": [1.3586147961395805, 0.0, 0.655992763243931], "k_pid_alt": [1.9998898433949177, 0.0, 0.0], "k_pid_att": [30.526839333582892, 0.0001, 0.3106476984363224], "k_pid_yaw": [0.5, 1e-06, 0.1], "k_pid_hsp": [0.09893192202568335, 5.6548504994145785e-05, 0.0], "k_pid_vsp": [286.5886974618506, 394.1836896914897, 1e-06]}, "datetime": {"datetime": "2025-08-20 22:06:42", "elapsed": 36857.458461523056, "delta": 16.2686026096344}, "costs": {"total_cost": 171.842963770643, "time_cost": 70.544, "final_distance_cost": 1.810441609334907, "oscillation_cost": 25.479417523274, "completition_cost": 0.0, "overshoot_cost": 50.942100908595535, "power_cost": 11.840388940429689, "noise_cost": 11.226614789008902, "n_waypoints_completed": 9, "tot_waypoints": 9}}
{"target": -171.5269334445444, "params": {"k_pid_pos": [1.4033333332858973, 0.0, 0.6189185586063815], "k_pid_alt": [1.9998856666469207, 0.0, 0.0], "k_pid_att": [28.26353083722708, 0.0001, 0.3236239302665346], "k_pid_yaw": [0.5, 1e-06, 0.1], "k_pid_hsp": [0.09152386010114427, 4.024539797303538e-05, 0.0], "k_pid_vsp": [248.29159773361005, 394.6611396425259, 1e-06]}, "datetime": {"datetime": "2025-08-20 22:06:58", "elapsed": 36873.46104001999, "delta": 16.002578496932983}, "costs": {"total_cost": 171.5269334445444, "time_cost": 70.368, "final_distance_cost": 1.8274924007021085, "oscillation_cost": 25.652913670136122, "completition_cost": 0.0, "overshoot_cost": 51.22947932529524, "power_cost": 11.379564196777345, "noise_cost": 11.069483851633585, "n_waypoints_completed": 9, "tot_waypoints": 9}}
{"target": -172.40282870542572, "params": {"k_pid_pos": [1.3841968545856869, 0.0, 0.6257775956305324], "k_pid_alt": [1.9998882657710781, 0.0, 0.0], "k_pid_att": [28.98794680865604, 0.0001, 0.3417389374082922], "k_pid_yaw": [0.5, 1e-06, 0.1], "k_pid_hsp": [0.08862381075548464, 6.033682591700103e-05, 0.0], "k_pid_vsp": [266.8665518991019, 376.9532058749034, 1e-06]}, "datetime": {"datetime": "2025-08-20 22:07:14", "elapsed": 36889.453829050064, "delta": 15.992789030075073}, "costs": {"total_cost": 172.40282870542572, "time_cost": 70.464, "final_distance_cost": 1.8147249458295027, "oscillation_cost": 25.376298112960786, "completition_cost": 0.0, "overshoot_cost": 51.74938653888795, "power_cost": 11.777754077148439, "noise_cost": 11.220665030599047, "n_waypoints_completed": 9, "tot_waypoints": 9}}
{"target": -172.1184419146455, "params": {"k_pid_pos": [1.3128361535135982, 0.0, 0.6236543281881151], "k_pid_alt": [1.999869267472606, 0.0, 0.0], "k_pid_att": [26.102212224198524, 0.0001, 0.3172920351116758], "k_pid_yaw": [0.5, 1e-06, 0.1], "k_pid_hsp": [0.09402669135542864, 5.9023442523805564e-05, 0.0], "k_pid_vsp": [250.6729812578866, 393.7622405546231, 1e-06]}, "datetime": {"datetime": "2025-08-20 22:07:31", "elapsed": 36906.13701081276, "delta": 16.683181762695312}, "costs": {"total_cost": 172.1184419146455, "time_cost": 70.60000000000001, "final_distance_cost": 1.8244593989406483, "oscillation_cost": 25.21119422022315, "completition_cost": 0.0, "overshoot_cost": 51.326133356960604, "power_cost": 11.870477124023438, "noise_cost": 11.286177814497654, "n_waypoints_completed": 9, "tot_waypoints": 9}}
{"target": -172.2440734442723, "params": {"k_pid_pos": [1.3968397262627281, 0.0, 0.7244456217387627], "k_pid_alt": [2.0, 0.0, 0.0], "k_pid_att": [26.010283938738297, 0.0001, 0.1903334101549921], "k_pid_yaw": [0.5, 1e-06, 0.1], "k_pid_hsp": [0.0950697939054888, 3.824910156405765e-05, 0.0], "k_pid_vsp": [229.86209205442808, 380.9514055270819, 1e-06]}, "datetime": {"datetime": "2025-08-20 22:07:47", "elapsed": 36921.75831127167, "delta": 15.621300458908081}, "costs": {"total_cost": 172.2440734442723, "time_cost": 70.656, "final_distance_cost": 1.8319117299997723, "oscillation_cost": 25.307715487843055, "completition_cost": 0.0, "overshoot_cost": 51.43891570388503, "power_cost": 11.676004504394532, "noise_cost": 11.33352601814988, "n_waypoints_completed": 9, "tot_waypoints": 9}}
{"target": -171.76514104071055, "params": {"k_pid_pos": [1.3112103408438651, 0.0, 0.5915714676987215], "k_pid_alt": [1.999914371156638, 0.0, 0.0], "k_pid_att": [27.852700788462847, 0.0001, 0.32948071202170537], "k_pid_yaw": [0.5, 1e-06, 0.1], "k_pid_hsp": [0.099015720474387, 7.7976208850645e-05, 0.0], "k_pid_vsp": [239.42969385572658, 394.2651457656028, 1e-06]}, "datetime": {"datetime": "2025-08-20 22:08:05", "elapsed": 36939.63843011856, "delta": 17.88011884689331}, "costs": {"total_cost": 171.76514104071055, "time_cost": 70.52, "final_distance_cost": 1.8081101643156954, "oscillation_cost": 25.511161808964985, "completition_cost": 0.0, "overshoot_cost": 51.038430827167595, "power_cost": 11.661796008300781, "noise_cost": 11.225642231961489, "n_waypoints_completed": 9, "tot_waypoints": 9}}
{"target": -172.17453245212525, "params": {"k_pid_pos": [1.3861483696250274, 0.0, 0.6119456147759254], "k_pid_alt": [1.9996531940268745, 0.0, 0.0], "k_pid_att": [26.190872544344902, 0.0001, 0.3146392578939125], "k_pid_yaw": [0.5, 1e-06, 0.1], "k_pid_hsp": [0.1025160299206394, 0.00015851873192593323, 0.0], "k_pid_vsp": [231.23196262640639, 379.68007611975315, 1e-06]}, "datetime": {"datetime": "2025-08-20 22:08:20", "elapsed": 36955.512711286545, "delta": 15.874281167984009}, "costs": {"total_cost": 172.17453245212525, "time_cost": 70.376, "final_distance_cost": 1.810794439092011, "oscillation_cost": 25.913535157859673, "completition_cost": 0.0, "overshoot_cost": 51.19814365983694, "power_cost": 11.703057763671875, "noise_cost": 11.173001431664781, "n_waypoints_completed": 9, "tot_waypoints": 9}}
{"target": -171.05420587920904, "params": {"k_pid_pos": [1.3049429880215964, 0.0, 0.6353800910481078], "k_pid_alt": [1.999886841863611, 0.0, 0.0], "k_pid_att": [24.469837609990126, 0.0001, 0.3166145372997954], "k_pid_yaw": [0.5, 1e-06, 0.1], "k_pid_hsp": [0.09164523778131349, 0.00010392195523138829, 0.0], "k_pid_vsp": [248.67201823890846, 398.6201953070273, 1e-06]}, "datetime": {"datetime": "2025-08-20 22:08:37", "elapsed": 36972.4288213253, "delta": 16.916110038757324}, "costs": {"total_cost": 171.05420587920904, "time_cost": 70.648, "final_distance_cost": 1.8287064700530904, "oscillation_cost": 25.027814845903595, "completition_cost": 0.0, "overshoot_cost": 50.8675337222708, "power_cost": 11.499067517089845, "noise_cost": 11.183083323891706, "n_waypoints_completed": 9, "tot_waypoints": 9}}
{"target": -171.72567066138637, "params": {"k_pid_pos": [1.271909258410495, 0.0, 0.6284276710965013], "k_pid_alt": [2.0, 0.0, 0.0], "k_pid_att": [26.32209844512158, 0.0001, 0.3200418679207306], "k_pid_yaw": [0.5, 1e-06, 0.1], "k_pid_hsp": [0.08299043904308286, 6.677829787196852e-05, 0.0], "k_pid_vsp": [241.84229741428857, 400.0, 1e-06]}, "datetime": {"datetime": "2025-08-20 22:08:53", "elapsed": 36987.63617157936, "delta": 15.207350254058838}, "costs": {"total_cost": 171.72567066138637, "time_cost": 70.784, "final_distance_cost": 1.800675649382443, "oscillation_cost": 24.719755136201048, "completition_cost": 0.0, "overshoot_cost": 51.812524697255576, "power_cost": 11.448017907714844, "noise_cost": 11.160697270832452, "n_waypoints_completed": 9, "tot_waypoints": 9}}
{"target": -174.63294179689453, "params": {"k_pid_pos": [1.2163224977143892, 0.0, 0.0], "k_pid_alt": [1.9998209906700204, 0.0, 0.0], "k_pid_att": [27.307359737358826, 0.0001, 0.3047861504787075], "k_pid_yaw": [0.5, 1e-06, 0.1], "k_pid_hsp": [0.08219815891355417, 1.9724439893852392e-05, 0.0], "k_pid_vsp": [249.16551515899454, 390.71322109712526, 1e-06]}, "datetime": {"datetime": "2025-08-20 22:09:10", "elapsed": 37004.903065919876, "delta": 17.266894340515137}, "costs": {"total_cost": 174.63294179689453, "time_cost": 70.32000000000001, "final_distance_cost": 1.7742130253613217, "oscillation_cost": 27.68611155073028, "completition_cost": 0.0, "overshoot_cost": 51.74400791284437, "power_cost": 11.950629992675783, "noise_cost": 11.157979315282796, "n_waypoints_completed": 9, "tot_waypoints": 9}}
{"target": -173.50644733992925, "params": {"k_pid_pos": [1.443423068569045, 0.0, 0.5233464247007666], "k_pid_alt": [1.9999194220235017, 0.0, 0.0], "k_pid_att": [21.369762066406683, 0.0001, 0.22855537473551316], "k_pid_yaw": [0.5, 1e-06, 0.1], "k_pid_hsp": [0.09044242970134772, 0.0009317891165642488, 0.0], "k_pid_vsp": [250.66800303625874, 335.85020481139986, 1e-06]}, "datetime": {"datetime": "2025-08-20 22:09:25", "elapsed": 37019.75927209854, "delta": 14.856206178665161}, "costs": {"total_cost": 173.50644733992925, "time_cost": 70.08, "final_distance_cost": 1.8166192334088682, "oscillation_cost": 26.840726438344966, "completition_cost": 0.0, "overshoot_cost": 51.37727260763252, "power_cost": 12.059326586914063, "noise_cost": 11.332502473628818, "n_waypoints_completed": 9, "tot_waypoints": 9}}
{"target": -172.67758890202742, "params": {"k_pid_pos": [1.3046649045994816, 0.0, 0.5839794971197417], "k_pid_alt": [1.9999262746120177, 0.0, 0.0], "k_pid_att": [29.0072491034892, 0.0001, 0.3346124357557424], "k_pid_yaw": [0.5, 1e-06, 0.1], "k_pid_hsp": [0.07645153562051668, 6.604777370465092e-05, 0.0], "k_pid_vsp": [253.14787147779515, 394.07294277679375, 1e-06]}, "datetime": {"datetime": "2025-08-20 22:09:42", "elapsed": 37036.7180044651, "delta": 16.95873236656189}, "costs": {"total_cost": 172.67758890202742, "time_cost": 70.824, "final_distance_cost": 1.8069551612734323, "oscillation_cost": 25.053126091339973, "completition_cost": 0.0, "overshoot_cost": 51.55315871730538, "power_cost": 11.958523120117189, "noise_cost": 11.481825811991445, "n_waypoints_completed": 9, "tot_waypoints": 9}}
{"target": -172.78705146522424, "params": {"k_pid_pos": [1.4996986424331555, 0.0, 0.8544113465750018], "k_pid_alt": [1.9999722212000324, 0.0, 0.0], "k_pid_att": [26.261546722337258, 0.0001, 0.20998415248134739], "k_pid_yaw": [0.5, 1e-06, 0.1], "k_pid_hsp": [0.10114944465827025, 5.888260724405804e-06, 0.0], "k_pid_vsp": [266.46500579705196, 352.38755564904193, 1e-06]}, "datetime": {"datetime": "2025-08-20 22:09:57", "elapsed": 37052.072543382645, "delta": 15.354538917541504}, "costs": {"total_cost": 172.78705146522424, "time_cost": 70.72, "final_distance_cost": 1.8279960233987862, "oscillation_cost": 25.45330843480116, "completition_cost": 0.0, "overshoot_cost": 51.41048810537106, "power_cost": 11.94591610107422, "noise_cost": 11.42934280057901, "n_waypoints_completed": 9, "tot_waypoints": 9}}
{"target": -175.57827407134377, "params": {"k_pid_pos": [1.3638243043219285, 0.0, 0.6518901813631786], "k_pid_alt": [2.0, 0.0, 0.0], "k_pid_att": [27.863042987344226, 0.0001, 0.27688298134079037], "k_pid_yaw": [0.5, 1e-06, 0.1], "k_pid_hsp": [0.04905896226695303, 0.00013515811620843816, 0.0], "k_pid_vsp": [250.39129271284403, 398.6630589301873, 1e-06]}, "datetime": {"datetime": "2025-08-20 22:10:15", "elapsed": 37069.8174469471, "delta": 17.744903564453125}, "costs": {"total_cost": 175.57827407134377, "time_cost": 73.688, "final_distance_cost": 1.8079870529549977, "oscillation_cost": 21.78687932535944, "completition_cost": 0.0, "overshoot_cost": 54.49219414698482, "power_cost": 11.933406677246094, "noise_cost": 11.869806868798396, "n_waypoints_completed": 9, "tot_waypoints": 9}}
{"target": -172.4494446323877, "params": {"k_pid_pos": [1.4417793997812416, 0.0, 0.599834714135732], "k_pid_alt": [1.9999064845703707, 0.0, 0.0], "k_pid_att": [29.55697893133073, 0.0001, 0.3689248147684843], "k_pid_yaw": [0.5, 1e-06, 0.1], "k_pid_hsp": [0.07498704985644208, 2.6898244203568932e-06, 0.0], "k_pid_vsp": [245.57203380624662, 398.8962513662671, 1e-06]}, "datetime": {"datetime": "2025-08-20 22:10:30", "elapsed": 37085.023334503174, "delta": 15.20588755607605}, "costs": {"total_cost": 172.4494446323877, "time_cost": 70.648, "final_distance_cost": 1.8148183092313765, "oscillation_cost": 25.667220996809686, "completition_cost": 0.0, "overshoot_cost": 51.499687975702656, "power_cost": 11.585292834472657, "noise_cost": 11.234424516171314, "n_waypoints_completed": 9, "tot_waypoints": 9}}
{"target": -172.286594078955, "params": {"k_pid_pos": [1.3317826968082642, 0.0, 0.6644779589751749], "k_pid_alt": [1.9998537858113556, 0.0, 0.0], "k_pid_att": [34.05370551356891, 0.0001, 0.3058273238496408], "k_pid_yaw": [0.5, 1e-06, 0.1], "k_pid_hsp": [0.11078546500579162, 8.419071763735655e-05, 0.0], "k_pid_vsp": [240.1293119229585, 395.5509946579511, 1e-06]}, "datetime": {"datetime": "2025-08-20 22:10:47", "elapsed": 37101.771458387375, "delta": 16.74812388420105}, "costs": {"total_cost": 172.286594078955, "time_cost": 70.664, "final_distance_cost": 1.838418785821859, "oscillation_cost": 25.49123144833634, "completition_cost": 0.0, "overshoot_cost": 50.94190643548098, "power_cost": 11.978018981933594, "noise_cost": 11.373018427382238, "n_waypoints_completed": 9, "tot_waypoints": 9}}
{"target": -174.58735609918364, "params": {"k_pid_pos": [1.7090239525278883, 0.0, 0.4826046000872065], "k_pid_alt": [1.999948952301226, 0.0, 0.0], "k_pid_att": [46.95119608917092, 0.0001, 0.2877314058487363], "k_pid_yaw": [0.5, 1e-06, 0.1], "k_pid_hsp": [0.09017937267786753, 9.194951884622703e-05, 0.0], "k_pid_vsp": [262.92680800696525, 302.7936734992875, 1e-06]}, "datetime": {"datetime": "2025-08-20 22:11:02", "elapsed": 37116.98452568054, "delta": 15.213067293167114}, "costs": {"total_cost": 174.58735609918364, "time_cost": 69.984, "final_distance_cost": 1.7662166057668738, "oscillation_cost": 28.0662139411183, "completition_cost": 0.0, "overshoot_cost": 51.65775055608245, "power_cost": 11.882483349609375, "noise_cost": 11.230691646606665, "n_waypoints_completed": 9, "tot_waypoints": 9}}
{"target": -171.12875952647136, "params": {"k_pid_pos": [1.3103383534879725, 0.0, 0.6272797047780543], "k_pid_alt": [1.999885854850426, 0.0, 0.0], "k_pid_att": [26.39645605810473, 0.0001, 0.32001872696497796], "k_pid_yaw": [0.5, 1e-06, 0.1], "k_pid_hsp": [0.08965071403486749, 6.104412066825602e-05, 0.0], "k_pid_vsp": [250.07580905687766, 394.8939882157712, 1e-06]}, "datetime": {"datetime": "2025-08-20 22:11:21", "elapsed": 37135.67446374893, "delta": 18.689938068389893}, "costs": {"total_cost": 171.12875952647136, "time_cost": 70.632, "final_distance_cost": 1.8310741670153166, "oscillation_cost": 25.05114390918327, "completition_cost": 0.0, "overshoot_cost": 50.842980976704325, "power_cost": 11.607377075195313, "noise_cost": 11.164183398373169, "n_waypoints_completed": 9, "tot_waypoints": 9}}
{"target": -172.6340028447492, "params": {"k_pid_pos": [1.2583480940090557, 0.0, 0.7857031426226843], "k_pid_alt": [1.798021698345195, 0.0, 0.0], "k_pid_att": [27.54388743308964, 0.0001, 0.33377182174228365], "k_pid_yaw": [0.5, 1e-06, 0.1], "k_pid_hsp": [0.10254077503806815, 3.222929797638207e-05, 0.0], "k_pid_vsp": [235.92684051526456, 353.5684066406705, 1e-06]}, "datetime": {"datetime": "2025-08-20 22:11:36", "elapsed": 37150.954555511475, "delta": 15.280091762542725}, "costs": {"total_cost": 172.6340028447492, "time_cost": 71.208, "final_distance_cost": 1.8420281834340266, "oscillation_cost": 24.845005553184812, "completition_cost": 0.0, "overshoot_cost": 50.92973658951587, "power_cost": 12.22684208984375, "noise_cost": 11.582390428770744, "n_waypoints_completed": 9, "tot_waypoints": 9}}
{"target": -172.1565146579179, "params": {"k_pid_pos": [1.2709760224814404, 0.0, 0.6308565299067482], "k_pid_alt": [1.9999163875893433, 0.0, 0.0], "k_pid_att": [22.76558727030066, 0.0001, 0.32099945175708033], "k_pid_yaw": [0.5, 1e-06, 0.1], "k_pid_hsp": [0.09106973849410338, 6.790798624278958e-05, 0.0], "k_pid_vsp": [243.37611800054174, 394.9657849823864, 1e-06]}, "datetime": {"datetime": "2025-08-20 22:11:53", "elapsed": 37167.772228717804, "delta": 16.817673206329346}, "costs": {"total_cost": 172.1565146579179, "time_cost": 70.728, "final_distance_cost": 1.8139521565432397, "oscillation_cost": 24.966889596610926, "completition_cost": 0.0, "overshoot_cost": 51.273163336208555, "power_cost": 12.006744372558595, "noise_cost": 11.367765195996606, "n_waypoints_completed": 9, "tot_waypoints": 9}}
{"target": -172.51353743801303, "params": {"k_pid_pos": [1.3222461800379726, 0.0, 0.5761380800626708], "k_pid_alt": [1.999906417057475, 0.0, 0.0], "k_pid_att": [26.77885343051104, 0.0001, 0.31483928075434775], "k_pid_yaw": [0.5, 1e-06, 0.1], "k_pid_hsp": [0.09152102703010534, 0.00010495256470546295, 0.0], "k_pid_vsp": [221.8934782222536, 394.8877706230151, 1e-06]}, "datetime": {"datetime": "2025-08-20 22:12:08", "elapsed": 37183.17674732208, "delta": 15.404518604278564}, "costs": {"total_cost": 172.51353743801303, "time_cost": 70.48, "final_distance_cost": 1.795783417085708, "oscillation_cost": 25.581587339818554, "completition_cost": 0.0, "overshoot_cost": 51.24391197520441, "power_cost": 12.064440747070313, "noise_cost": 11.347813958834054, "n_waypoints_completed": 9, "tot_waypoints": 9}}
