{"target": -171.27124553528677, "params": {"k_pid_pos": [1.2714919566123999, 0.0, 0.6648266323101726], "k_pid_alt": [1.9999816282058518, 0.0, 0.0], "k_pid_att": [15.042313727492036, 0.0001, 0.2931717105292663], "k_pid_yaw": [0.5, 1e-06, 0.1], "k_pid_hsp": [0.11478080634330058, 5.6818221030351334e-05, 0.0], "k_pid_vsp": [263.38755288377314, 387.4146436039706, 1e-06]}, "datetime": {"datetime": "2025-08-20 19:37:35", "elapsed": 27909.651188135147, "delta": 16.1678307056427}, "costs": {"total_cost": 171.27124553528677, "time_cost": 70.784, "final_distance_cost": 1.8328559874864698, "oscillation_cost": 24.95050223360479, "completition_cost": 0.0, "overshoot_cost": 50.586477425812966, "power_cost": 11.818607141113281, "noise_cost": 11.298802747269228, "n_waypoints_completed": 9, "tot_waypoints": 9}}
{"target": -173.00441660169554, "params": {"k_pid_pos": [1.183528744724756, 0.0, 0.7789145894527209], "k_pid_alt": [1.9998888485304736, 0.0, 0.0], "k_pid_att": [28.170257503238886, 0.0001, 0.3467402401111311], "k_pid_yaw": [0.5, 1e-06, 0.1], "k_pid_hsp": [0.09398024685550868, 4.517951668698208e-05, 0.0], "k_pid_vsp": [265.5729071534377, 398.330656578776, 1e-06]}, "datetime": {"datetime": "2025-08-20 19:37:50", "elapsed": 27925.12625336647, "delta": 15.475065231323242}, "costs": {"total_cost": 173.00441660169554, "time_cost": 71.792, "final_distance_cost": 1.8259526859667452, "oscillation_cost": 24.145394444215825, "completition_cost": 0.0, "overshoot_cost": 51.30045787545109, "power_cost": 12.158335656738283, "noise_cost": 11.782275939323624, "n_waypoints_completed": 9, "tot_waypoints": 9}}
{"target": -174.11624948369175, "params": {"k_pid_pos": [1.9004205095485147, 0.0, 0.6886113013858237], "k_pid_alt": [1.9998415073846127, 0.0, 0.0], "k_pid_att": [32.5677543854062, 0.0001, 0.3284333330937286], "k_pid_yaw": [0.5, 1e-06, 0.1], "k_pid_hsp": [0.10998833666384834, 5.218665707597074e-05, 0.0], "k_pid_vsp": [262.6989408308284, 370.957704015305, 1e-06]}, "datetime": {"datetime": "2025-08-20 19:38:06", "elapsed": 27941.408430576324, "delta": 16.282177209854126}, "costs": {"total_cost": 174.11624948369175, "time_cost": 69.68, "final_distance_cost": 1.7968532928372754, "oscillation_cost": 28.464010569095688, "completition_cost": 0.0, "overshoot_cost": 51.381932464236414, "power_cost": 11.663641357421875, "noise_cost": 11.129811800100482, "n_waypoints_completed": 9, "tot_waypoints": 9}}
{"target": -171.62354971839696, "params": {"k_pid_pos": [1.342331590481765, 0.0, 0.6903203024138802], "k_pid_alt": [1.9997123102366376, 0.0, 0.0], "k_pid_att": [22.94981941968799, 0.0001, 0.2951114047857242], "k_pid_yaw": [0.5, 1e-06, 0.1], "k_pid_hsp": [0.0921577678902561, 6.191068458960664e-05, 0.0], "k_pid_vsp": [227.18392040395298, 367.894101412215, 1e-06]}, "datetime": {"datetime": "2025-08-20 19:38:22", "elapsed": 27956.807233810425, "delta": 15.398803234100342}, "costs": {"total_cost": 171.62354971839696, "time_cost": 70.696, "final_distance_cost": 1.8247964761418585, "oscillation_cost": 24.978707056439244, "completition_cost": 0.0, "overshoot_cost": 51.05934382923966, "power_cost": 11.774815161132812, "noise_cost": 11.289887195443386, "n_waypoints_completed": 9, "tot_waypoints": 9}}
{"target": -172.36997562493033, "params": {"k_pid_pos": [1.3519164436878452, 0.0, 0.66774809059128], "k_pid_alt": [1.9999016081228222, 0.0, 0.0], "k_pid_att": [26.26596692941446, 0.0001, 0.30902259923795006], "k_pid_yaw": [0.5, 1e-06, 0.1], "k_pid_hsp": [0.11064777726062426, 0.00021766508865533613, 0.0], "k_pid_vsp": [244.3679841675777, 384.52968692317563, 1e-06]}, "datetime": {"datetime": "2025-08-20 19:38:38", "elapsed": 27973.041397094727, "delta": 16.234163284301758}, "costs": {"total_cost": 172.36997562493033, "time_cost": 70.568, "final_distance_cost": 1.8351229534873073, "oscillation_cost": 25.418971694548024, "completition_cost": 0.0, "overshoot_cost": 50.889403765059285, "power_cost": 12.10478582763672, "noise_cost": 11.553691384198988, "n_waypoints_completed": 9, "tot_waypoints": 9}}
{"target": -172.03727037900467, "params": {"k_pid_pos": [1.4131745216187501, 0.0, 0.629278630559588], "k_pid_alt": [1.999766009651091, 0.0, 0.0], "k_pid_att": [11.281967735489818, 0.0001, 0.23727065367420425], "k_pid_yaw": [0.5, 1e-06, 0.1], "k_pid_hsp": [0.10850808499916717, 0.00010481523318566085, 0.0], "k_pid_vsp": [253.44705147340284, 337.4091856829687, 1e-06]}, "datetime": {"datetime": "2025-08-20 19:38:54", "elapsed": 27989.227775335312, "delta": 16.186378240585327}, "costs": {"total_cost": 172.03727037900467, "time_cost": 70.264, "final_distance_cost": 1.8104753918909282, "oscillation_cost": 25.828917573684873, "completition_cost": 0.0, "overshoot_cost": 51.1589486582401, "power_cost": 11.816865258789063, "noise_cost": 11.1580634963997, "n_waypoints_completed": 9, "tot_waypoints": 9}}
{"target": -172.05562451589833, "params": {"k_pid_pos": [1.4310622521704275, 0.0, 0.7215870864816627], "k_pid_alt": [2.0, 0.0, 0.0], "k_pid_att": [34.41020105901255, 0.0001, 0.5319032610197058], "k_pid_yaw": [0.5, 1e-06, 0.1], "k_pid_hsp": [0.1105718367117104, 2.6230773766548065e-05, 0.0], "k_pid_vsp": [372.93989070956076, 400.0, 1e-06]}, "datetime": {"datetime": "2025-08-20 19:39:10", "elapsed": 28004.75430250168, "delta": 15.526527166366577}, "costs": {"total_cost": 172.05562451589833, "time_cost": 70.568, "final_distance_cost": 1.8170431427964977, "oscillation_cost": 25.31789063488028, "completition_cost": 0.0, "overshoot_cost": 50.813794666965315, "power_cost": 12.057378649902345, "noise_cost": 11.481517421353882, "n_waypoints_completed": 9, "tot_waypoints": 9}}
{"target": -172.06758893321134, "params": {"k_pid_pos": [1.3146284698958177, 0.0, 0.547432769324877], "k_pid_alt": [1.9998923924968997, 0.0, 0.0], "k_pid_att": [28.378396099629434, 0.0001, 0.32000813149222057], "k_pid_yaw": [0.5, 1e-06, 0.1], "k_pid_hsp": [0.08914806945156815, 5.55523223184949e-05, 0.0], "k_pid_vsp": [244.90344965761878, 366.6393541572005, 1e-06]}, "datetime": {"datetime": "2025-08-20 19:39:26", "elapsed": 28020.90097618103, "delta": 16.146673679351807}, "costs": {"total_cost": 172.06758893321134, "time_cost": 70.464, "final_distance_cost": 1.815094455691226, "oscillation_cost": 25.63389497684093, "completition_cost": 0.0, "overshoot_cost": 51.090266980319406, "power_cost": 11.84041922607422, "noise_cost": 11.223913294285559, "n_waypoints_completed": 9, "tot_waypoints": 9}}
{"target": -171.86139313578772, "params": {"k_pid_pos": [1.3000025384930498, 0.0, 0.6417334308208014], "k_pid_alt": [1.9999076718272517, 0.0, 0.0], "k_pid_att": [30.06920143949187, 0.0001, 0.33975668491733146], "k_pid_yaw": [0.5, 1e-06, 0.1], "k_pid_hsp": [0.08947215041819415, 2.879399511009613e-05, 0.0], "k_pid_vsp": [237.97100740004433, 374.27390171943813, 1e-06]}, "datetime": {"datetime": "2025-08-20 19:39:41", "elapsed": 28035.861473560333, "delta": 14.960497379302979}, "costs": {"total_cost": 171.86139313578772, "time_cost": 70.688, "final_distance_cost": 1.8253104869888563, "oscillation_cost": 24.98226956223579, "completition_cost": 0.0, "overshoot_cost": 51.12609181227584, "power_cost": 11.889624780273438, "noise_cost": 11.350096494013787, "n_waypoints_completed": 9, "tot_waypoints": 9}}
{"target": -172.39902635446293, "params": {"k_pid_pos": [1.2196267907659697, 0.0, 0.6740844617133994], "k_pid_alt": [1.999883089451045, 0.0, 0.0], "k_pid_att": [26.16696561752593, 0.0001, 0.3049242114446885], "k_pid_yaw": [0.5, 1e-06, 0.1], "k_pid_hsp": [0.09752953919622592, 1.1124376462006856e-05, 0.0], "k_pid_vsp": [249.10126290766303, 400.0, 1e-06]}, "datetime": {"datetime": "2025-08-20 19:39:57", "elapsed": 28052.304175138474, "delta": 16.44270157814026}, "costs": {"total_cost": 172.39902635446293, "time_cost": 71.06400000000001, "final_distance_cost": 1.8200967258593193, "oscillation_cost": 24.702764066841283, "completition_cost": 0.0, "overshoot_cost": 51.01015605511627, "power_cost": 12.179048632812501, "noise_cost": 11.622960873833575, "n_waypoints_completed": 9, "tot_waypoints": 9}}
{"target": -172.8286459257032, "params": {"k_pid_pos": [1.380452194136624, 0.0, 0.7219940384848167], "k_pid_alt": [2.0, 0.0, 0.0], "k_pid_att": [28.321532250297714, 0.0001, 0.09569604442384519], "k_pid_yaw": [0.5, 1e-06, 0.1], "k_pid_hsp": [0.09888763118122987, 0.00017113595356007912, 0.0], "k_pid_vsp": [244.3396967395566, 369.53122843804533, 1e-06]}, "datetime": {"datetime": "2025-08-20 19:40:12", "elapsed": 28067.22507071495, "delta": 14.92089557647705}, "costs": {"total_cost": 172.8286459257032, "time_cost": 70.656, "final_distance_cost": 1.8092456036895967, "oscillation_cost": 26.243139506322606, "completition_cost": 0.0, "overshoot_cost": 51.251647367031865, "power_cost": 11.583717761230469, "noise_cost": 11.28489568742863, "n_waypoints_completed": 9, "tot_waypoints": 9}}
{"target": -172.5756705952952, "params": {"k_pid_pos": [1.30362443129679, 0.0, 0.6956889385832165], "k_pid_alt": [1.9999049588939284, 0.0, 0.0], "k_pid_att": [24.10431192016334, 0.0001, 0.27947748366145986], "k_pid_yaw": [0.5, 1e-06, 0.1], "k_pid_hsp": [0.0963074307164222, 0.00010301578031180766, 0.0], "k_pid_vsp": [223.18315213927684, 385.1082662638019, 1e-06]}, "datetime": {"datetime": "2025-08-20 19:40:28", "elapsed": 28083.15899181366, "delta": 15.933921098709106}, "costs": {"total_cost": 172.5756705952952, "time_cost": 70.808, "final_distance_cost": 1.835365604036668, "oscillation_cost": 25.12598025917433, "completition_cost": 0.0, "overshoot_cost": 51.44027347892061, "power_cost": 11.897302539062501, "noise_cost": 11.468748714101077, "n_waypoints_completed": 9, "tot_waypoints": 9}}
{"target": -172.69803713009978, "params": {"k_pid_pos": [1.3209220138855657, 0.0, 0.8146749106175127], "k_pid_alt": [1.9995431961783376, 0.0, 0.0], "k_pid_att": [25.85293742674182, 0.0001, 0.2762770554479499], "k_pid_yaw": [0.5, 1e-06, 0.1], "k_pid_hsp": [0.1012238754498482, 0.0, 0.0], "k_pid_vsp": [266.1777722809514, 389.21837467168325, 1e-06]}, "datetime": {"datetime": "2025-08-20 19:40:44", "elapsed": 28099.49871444702, "delta": 16.339722633361816}, "costs": {"total_cost": 172.69803713009978, "time_cost": 71.19200000000001, "final_distance_cost": 1.8420397887737285, "oscillation_cost": 24.764273810271813, "completition_cost": 0.0, "overshoot_cost": 51.032500975763895, "power_cost": 12.268964379882814, "noise_cost": 11.598258175407535, "n_waypoints_completed": 9, "tot_waypoints": 9}}
{"target": -172.04873972474567, "params": {"k_pid_pos": [1.3156106168839854, 0.0, 0.7220876848325647], "k_pid_alt": [1.999890376373341, 0.0, 0.0], "k_pid_att": [23.877237066185234, 0.0001, 0.2533539595155131], "k_pid_yaw": [0.5, 1e-06, 0.1], "k_pid_hsp": [0.10055821301779289, 0.00012433953252014403, 0.0], "k_pid_vsp": [261.203193943612, 390.77707228288716, 1e-06]}, "datetime": {"datetime": "2025-08-20 19:41:00", "elapsed": 28114.99317073822, "delta": 15.49445629119873}, "costs": {"total_cost": 172.04873972474567, "time_cost": 70.848, "final_distance_cost": 1.8142006556257022, "oscillation_cost": 25.058319000294322, "completition_cost": 0.0, "overshoot_cost": 51.333374256463266, "power_cost": 11.598897570800782, "noise_cost": 11.395948241561637, "n_waypoints_completed": 9, "tot_waypoints": 9}}
{"target": -174.58708178939318, "params": {"k_pid_pos": [1.0660596963093725, 0.0, 0.6895885641182451], "k_pid_alt": [1.976255287524442, 0.0, 0.0], "k_pid_att": [34.72632956564413, 0.0001, 0.3341672385607177], "k_pid_yaw": [0.5, 1e-06, 0.1], "k_pid_hsp": [0.12491668382125364, 5.54347229982486e-05, 0.0], "k_pid_vsp": [178.72739116676064, 400.0, 1e-06]}, "datetime": {"datetime": "2025-08-20 19:41:18", "elapsed": 28132.622812271118, "delta": 17.62964153289795}, "costs": {"total_cost": 174.58708178939318, "time_cost": 72.648, "final_distance_cost": 1.8374799473018004, "oscillation_cost": 25.083019422965616, "completition_cost": 0.0, "overshoot_cost": 50.49420806292967, "power_cost": 12.625549499511719, "noise_cost": 11.898824856684374, "n_waypoints_completed": 9, "tot_waypoints": 9}}
{"target": -172.34460346180242, "params": {"k_pid_pos": [1.4675423671255912, 0.0, 0.7405798570924657], "k_pid_alt": [1.999913397497026, 0.0, 0.0], "k_pid_att": [12.974095294896141, 0.0001, 0.5741811862961681], "k_pid_yaw": [0.5, 1e-06, 0.1], "k_pid_hsp": [0.10071541182101566, 0.00017675111534530753, 0.0], "k_pid_vsp": [264.8118022759685, 392.61833050570425, 1e-06]}, "datetime": {"datetime": "2025-08-20 19:41:33", "elapsed": 28147.56652879715, "delta": 14.943716526031494}, "costs": {"total_cost": 172.34460346180242, "time_cost": 70.368, "final_distance_cost": 1.8082466635305163, "oscillation_cost": 25.694382129362232, "completition_cost": 0.0, "overshoot_cost": 51.16155723176501, "power_cost": 11.963945056152344, "noise_cost": 11.348472380992318, "n_waypoints_completed": 9, "tot_waypoints": 9}}
{"target": -172.27436953322845, "params": {"k_pid_pos": [1.4258357630911422, 0.0, 0.6944973314124456], "k_pid_alt": [1.999831030025882, 0.0, 0.0], "k_pid_att": [21.240200651317362, 0.0001, 0.4261782136534195], "k_pid_yaw": [0.5, 1e-06, 0.1], "k_pid_hsp": [0.0909600930039676, 6.733688047020486e-06, 0.0], "k_pid_vsp": [249.23088294269118, 274.0458401801498, 1e-06]}, "datetime": {"datetime": "2025-08-20 19:41:50", "elapsed": 28165.22001004219, "delta": 17.653481245040894}, "costs": {"total_cost": 172.27436953322845, "time_cost": 70.568, "final_distance_cost": 1.820266445244501, "oscillation_cost": 25.521897288928603, "completition_cost": 0.0, "overshoot_cost": 51.290180682615144, "power_cost": 11.791031250000001, "noise_cost": 11.282993866440206, "n_waypoints_completed": 9, "tot_waypoints": 9}}
{"target": -173.18235901183738, "params": {"k_pid_pos": [1.2926184491093826, 0.0, 0.6233179905151801], "k_pid_alt": [1.9999161509015408, 0.0, 0.0], "k_pid_att": [44.7743370926935, 0.0001, 0.4367106228128306], "k_pid_yaw": [0.5, 1e-06, 0.1], "k_pid_hsp": [0.10494199814264608, 3.0727428071095605e-05, 0.0], "k_pid_vsp": [242.53038445676225, 268.3492889139174, 1e-06]}, "datetime": {"datetime": "2025-08-20 19:42:06", "elapsed": 28180.716537714005, "delta": 15.496527671813965}, "costs": {"total_cost": 173.18235901183738, "time_cost": 70.768, "final_distance_cost": 1.8327114470316923, "oscillation_cost": 25.05994319021585, "completition_cost": 0.0, "overshoot_cost": 51.74117945839367, "power_cost": 12.273943725585939, "noise_cost": 11.506581190610206, "n_waypoints_completed": 9, "tot_waypoints": 9}}
{"target": -172.23853673620656, "params": {"k_pid_pos": [1.2831539421444256, 0.0, 0.5731330184629149], "k_pid_alt": [1.9999503518665764, 0.0, 0.0], "k_pid_att": [30.69560821698611, 0.0001, 0.30650945238699434], "k_pid_yaw": [0.5, 1e-06, 0.1], "k_pid_hsp": [0.09538464099593819, 0.0, 0.0], "k_pid_vsp": [263.14270714620767, 377.82601489614706, 1e-06]}, "datetime": {"datetime": "2025-08-20 19:42:22", "elapsed": 28196.6648581028, "delta": 15.948320388793945}, "costs": {"total_cost": 172.23853673620656, "time_cost": 70.544, "final_distance_cost": 1.82077310347482, "oscillation_cost": 25.367211029655177, "completition_cost": 0.0, "overshoot_cost": 51.21107258694545, "power_cost": 12.050704309082032, "noise_cost": 11.24477570704908, "n_waypoints_completed": 9, "tot_waypoints": 9}}
{"target": -171.98427793005823, "params": {"k_pid_pos": [1.384754722194931, 0.0, 0.65886923149224], "k_pid_alt": [1.9995508409801437, 0.0, 0.0], "k_pid_att": [17.93647800650792, 0.0001, 0.339743551122723], "k_pid_yaw": [0.5, 1e-06, 0.1], "k_pid_hsp": [0.08291705696969792, 2.9585450737638723e-05, 0.0], "k_pid_vsp": [256.49022179121647, 399.0571167690107, 1e-06]}, "datetime": {"datetime": "2025-08-20 19:42:37", "elapsed": 28211.585325479507, "delta": 14.920467376708984}, "costs": {"total_cost": 171.98427793005823, "time_cost": 70.568, "final_distance_cost": 1.8008226964099945, "oscillation_cost": 25.545626193954075, "completition_cost": 0.0, "overshoot_cost": 50.993474071821076, "power_cost": 11.768950329589844, "noise_cost": 11.307404638283229, "n_waypoints_completed": 9, "tot_waypoints": 9}}
{"target": -173.19131062144274, "params": {"k_pid_pos": [1.3909013228332594, 0.0, 0.3965789059289647], "k_pid_alt": [1.999979175128395, 0.0, 0.0], "k_pid_att": [38.45650985313259, 0.0001, 0.3398566231296905], "k_pid_yaw": [0.5, 1e-06, 0.1], "k_pid_hsp": [0.08532209735073214, 4.151406166119089e-05, 0.0], "k_pid_vsp": [254.08816029225807, 398.0356300081564, 1e-06]}, "datetime": {"datetime": "2025-08-20 19:42:55", "elapsed": 28229.68231153488, "delta": 18.096986055374146}, "costs": {"total_cost": 173.19131062144274, "time_cost": 70.2, "final_distance_cost": 1.8047476864086311, "oscillation_cost": 26.432770907984775, "completition_cost": 0.0, "overshoot_cost": 51.86634899344326, "power_cost": 11.79551561279297, "noise_cost": 11.091927420813116, "n_waypoints_completed": 9, "tot_waypoints": 9}}
{"target": -173.50560459822321, "params": {"k_pid_pos": [1.2777125451730431, 0.0, 0.6870369871122015], "k_pid_alt": [1.999923162291887, 0.0, 0.0], "k_pid_att": [32.836288939759605, 0.0001, 0.3557773871926344], "k_pid_yaw": [0.5, 1e-06, 0.1], "k_pid_hsp": [0.06643265303346904, 0.0, 0.0], "k_pid_vsp": [231.30899891836708, 386.6402584908468, 1e-06]}, "datetime": {"datetime": "2025-08-20 19:43:11", "elapsed": 28245.56765127182, "delta": 15.885339736938477}, "costs": {"total_cost": 173.50560459822321, "time_cost": 71.648, "final_distance_cost": 1.8141442947296784, "oscillation_cost": 23.869762788132658, "completition_cost": 0.0, "overshoot_cost": 52.440777193777635, "power_cost": 12.231660791015626, "noise_cost": 11.50125953056764, "n_waypoints_completed": 9, "tot_waypoints": 9}}
{"target": -173.2849257667001, "params": {"k_pid_pos": [1.5075392125592666, 0.0, 0.48984139236783186], "k_pid_alt": [1.9998750095117315, 0.0, 0.0], "k_pid_att": [27.90301107547306, 0.0001, 0.3026071371233662], "k_pid_yaw": [0.5, 1e-06, 0.1], "k_pid_hsp": [0.09062273269220489, 2.6043459234133903e-05, 0.0], "k_pid_vsp": [268.90122064696817, 400.0, 1e-06]}, "datetime": {"datetime": "2025-08-20 19:43:26", "elapsed": 28261.4341237545, "delta": 15.866472482681274}, "costs": {"total_cost": 173.2849257667001, "time_cost": 70.04, "final_distance_cost": 1.7808299102419807, "oscillation_cost": 26.975339034182618, "completition_cost": 0.0, "overshoot_cost": 51.795430925995674, "power_cost": 11.61327216796875, "noise_cost": 11.080053728311086, "n_waypoints_completed": 9, "tot_waypoints": 9}}
{"target": -171.62458890973437, "params": {"k_pid_pos": [1.3538877990393796, 0.0, 0.6352355706702383], "k_pid_alt": [1.9998790426658002, 0.0, 0.0], "k_pid_att": [26.032161558526646, 0.0001, 0.31812363392920495], "k_pid_yaw": [0.5, 1e-06, 0.1], "k_pid_hsp": [0.08617830760721319, 9.429999972257614e-05, 0.0], "k_pid_vsp": [248.70236746649834, 391.51832207196185, 1e-06]}, "datetime": {"datetime": "2025-08-20 19:43:43", "elapsed": 28277.62087750435, "delta": 16.186753749847412}, "costs": {"total_cost": 171.62458890973437, "time_cost": 70.536, "final_distance_cost": 1.7943939350495632, "oscillation_cost": 25.40583694266232, "completition_cost": 0.0, "overshoot_cost": 51.492082966393276, "power_cost": 11.29706025390625, "noise_cost": 11.099214811722954, "n_waypoints_completed": 9, "tot_waypoints": 9}}
{"target": -172.9049468088652, "params": {"k_pid_pos": [1.4781690788899586, 0.0, 0.8036642748312209], "k_pid_alt": [1.969821863225416, 0.0, 0.0], "k_pid_att": [21.492101934172965, 0.0001, 0.4016114903331357], "k_pid_yaw": [0.5, 1e-06, 0.1], "k_pid_hsp": [0.08150224776638668, 4.2254771952567616e-05, 0.0], "k_pid_vsp": [235.3717664973384, 164.36150008101504, 1e-06]}, "datetime": {"datetime": "2025-08-20 19:43:58", "elapsed": 28292.838888645172, "delta": 15.218011140823364}, "costs": {"total_cost": 172.9049468088652, "time_cost": 70.848, "final_distance_cost": 1.8222958686331245, "oscillation_cost": 24.868100659330768, "completition_cost": 0.0, "overshoot_cost": 51.88058142073256, "power_cost": 11.92928779296875, "noise_cost": 11.556681067200001, "n_waypoints_completed": 9, "tot_waypoints": 9}}
{"target": -172.79078468896708, "params": {"k_pid_pos": [1.5138411767298696, 0.0, 0.7917362717615899], "k_pid_alt": [1.9999330621234326, 0.0, 0.0], "k_pid_att": [17.901559100254566, 0.0001, 0.3041549850691603], "k_pid_yaw": [0.5, 1e-06, 0.1], "k_pid_hsp": [0.09609109116477038, 6.625359151513927e-05, 0.0], "k_pid_vsp": [267.83369310792557, 331.25876184242077, 1e-06]}, "datetime": {"datetime": "2025-08-20 19:44:16", "elapsed": 28311.06229019165, "delta": 18.22340154647827}, "costs": {"total_cost": 172.79078468896708, "time_cost": 70.52, "final_distance_cost": 1.8161231050867754, "oscillation_cost": 25.732380265663895, "completition_cost": 0.0, "overshoot_cost": 51.10942081684717, "power_cost": 12.161277197265626, "noise_cost": 11.451583304103611, "n_waypoints_completed": 9, "tot_waypoints": 9}}
{"target": -172.5147694526383, "params": {"k_pid_pos": [1.3429140974913787, 0.0, 0.6751589480356789], "k_pid_alt": [1.999959870619066, 0.0, 0.0], "k_pid_att": [25.50298988967161, 0.0001, 0.3174631624041838], "k_pid_yaw": [0.5, 1e-06, 0.1], "k_pid_hsp": [0.07896401607634232, 0.0001667030100389872, 0.0], "k_pid_vsp": [244.49067158458507, 378.50645981614025, 1e-06]}, "datetime": {"datetime": "2025-08-20 19:44:32", "elapsed": 28327.192610263824, "delta": 16.130320072174072}, "costs": {"total_cost": 172.5147694526383, "time_cost": 70.776, "final_distance_cost": 1.7999335391195186, "oscillation_cost": 24.905829166313943, "completition_cost": 0.0, "overshoot_cost": 51.9919307701721, "power_cost": 11.755275402832032, "noise_cost": 11.285800574200678, "n_waypoints_completed": 9, "tot_waypoints": 9}}
