{"target": -173.69195984129428, "params": {"k_pid_pos": [1.2858145363103475, 0.0, 0.8817458732482988], "k_pid_alt": [1.9854528738028494, 0.0, 0.0], "k_pid_att": [30.37784989848705, 0.0001, 0.3275208982319525], "k_pid_yaw": [0.5, 1e-06, 0.1], "k_pid_hsp": [0.07099909929591741, 4.9101267618838314e-05, 0.0], "k_pid_vsp": [230.40706479403462, 280.5085893032784, 1e-06]}, "datetime": {"datetime": "2025-08-20 21:05:51", "elapsed": 33205.601848602295, "delta": 15.580852746963501}, "costs": {"total_cost": 173.69195984129428, "time_cost": 71.928, "final_distance_cost": 1.8351011090852094, "oscillation_cost": 23.94899209457027, "completition_cost": 0.0, "overshoot_cost": 51.97811626104505, "power_cost": 12.262013146972658, "noise_cost": 11.739737229621083, "n_waypoints_completed": 9, "tot_waypoints": 9}}
{"target": -172.73364142597273, "params": {"k_pid_pos": [1.3443446528472482, 0.0, 0.7920788184099462], "k_pid_alt": [1.9999099670726836, 0.0, 0.0], "k_pid_att": [24.323904776729158, 0.0001, 0.32472354824985655], "k_pid_yaw": [0.5, 1e-06, 0.1], "k_pid_hsp": [0.09419482273754767, 6.21934490998609e-05, 0.0], "k_pid_vsp": [281.8440262745569, 397.33895153095744, 1e-06]}, "datetime": {"datetime": "2025-08-20 21:06:08", "elapsed": 33223.3713490963, "delta": 17.769500494003296}, "costs": {"total_cost": 172.73364142597273, "time_cost": 70.984, "final_distance_cost": 1.8294808109969227, "oscillation_cost": 24.75948130054294, "completition_cost": 0.0, "overshoot_cost": 51.58570298429757, "power_cost": 12.150717895507814, "noise_cost": 11.424258434627475, "n_waypoints_completed": 9, "tot_waypoints": 9}}
{"target": -171.549969585617, "params": {"k_pid_pos": [1.363869025696628, 0.0, 0.680870245092035], "k_pid_alt": [1.9999279035070936, 0.0, 0.0], "k_pid_att": [24.451707797462422, 0.0001, 0.30419222818026537], "k_pid_yaw": [0.5, 1e-06, 0.1], "k_pid_hsp": [0.09195597138980535, 0.00011513472578742022, 0.0], "k_pid_vsp": [254.55857883780195, 367.58279788316946, 1e-06]}, "datetime": {"datetime": "2025-08-20 21:06:23", "elapsed": 33238.42186665535, "delta": 15.050517559051514}, "costs": {"total_cost": 171.549969585617, "time_cost": 70.60000000000001, "final_distance_cost": 1.8328485667649288, "oscillation_cost": 25.07655558488636, "completition_cost": 0.0, "overshoot_cost": 51.12366263538692, "power_cost": 11.604885009765626, "noise_cost": 11.312017788813142, "n_waypoints_completed": 9, "tot_waypoints": 9}}
{"target": -172.05083973894702, "params": {"k_pid_pos": [1.3313479102631534, 0.0, 0.6483824737708314], "k_pid_alt": [1.9998758158504966, 0.0, 0.0], "k_pid_att": [38.308197079673725, 0.0001, 0.29411530524517643], "k_pid_yaw": [0.5, 1e-06, 0.1], "k_pid_hsp": [0.09572410904936408, 7.005665803431261e-05, 0.0], "k_pid_vsp": [281.2434679401903, 392.8645476957799, 1e-06]}, "datetime": {"datetime": "2025-08-20 21:06:42", "elapsed": 33256.681948661804, "delta": 18.260082006454468}, "costs": {"total_cost": 172.05083973894702, "time_cost": 70.60000000000001, "final_distance_cost": 1.8083993781169385, "oscillation_cost": 25.253163418886057, "completition_cost": 0.0, "overshoot_cost": 51.390702600438175, "power_cost": 11.733597924804688, "noise_cost": 11.26497641670112, "n_waypoints_completed": 9, "tot_waypoints": 9}}
{"target": -173.2353656061011, "params": {"k_pid_pos": [1.3546694464544051, 0.0, 0.4691985947778854], "k_pid_alt": [2.0, 0.0, 0.0], "k_pid_att": [23.76126609526461, 0.0001, 0.31268660531134806], "k_pid_yaw": [0.5, 1e-06, 0.1], "k_pid_hsp": [0.0920067643881109, 5.453130407476994e-05, 0.0], "k_pid_vsp": [247.402818209827, 393.8446218362415, 1e-06]}, "datetime": {"datetime": "2025-08-20 21:06:58", "elapsed": 33272.91223192215, "delta": 16.23028326034546}, "costs": {"total_cost": 173.2353656061011, "time_cost": 70.2, "final_distance_cost": 1.8054909435562436, "oscillation_cost": 26.37489653521056, "completition_cost": 0.0, "overshoot_cost": 51.611215172175854, "power_cost": 11.96303447265625, "noise_cost": 11.280728482502177, "n_waypoints_completed": 9, "tot_waypoints": 9}}
{"target": -172.96258477196378, "params": {"k_pid_pos": [1.2764209055649307, 0.0, 0.45982751630903496], "k_pid_alt": [2.0, 0.0, 0.0], "k_pid_att": [27.202415594054376, 0.0001, 0.36540089031730505], "k_pid_yaw": [0.5, 1e-06, 0.1], "k_pid_hsp": [0.07899625631101795, 5.438429978363741e-05, 0.0], "k_pid_vsp": [267.40477436889796, 391.3581688912374, 1e-06]}, "datetime": {"datetime": "2025-08-20 21:07:15", "elapsed": 33290.35474348068, "delta": 17.442511558532715}, "costs": {"total_cost": 172.96258477196378, "time_cost": 70.616, "final_distance_cost": 1.8087481992729566, "oscillation_cost": 25.245875667010765, "completition_cost": 0.0, "overshoot_cost": 51.9571652549071, "power_cost": 11.96148602294922, "noise_cost": 11.373309627823717, "n_waypoints_completed": 9, "tot_waypoints": 9}}
{"target": -172.36461620469996, "params": {"k_pid_pos": [1.2958618215099986, 0.0, 0.5649533199130249], "k_pid_alt": [2.0, 0.0, 0.0], "k_pid_att": [13.584440632588162, 0.0001, 0.30189315299266967], "k_pid_yaw": [0.5, 1e-06, 0.1], "k_pid_hsp": [0.07846958638554302, 6.16174655135096e-05, 0.0], "k_pid_vsp": [250.3723272891547, 389.1188475860067, 1e-06]}, "datetime": {"datetime": "2025-08-20 21:07:31", "elapsed": 33305.842482089996, "delta": 15.487738609313965}, "costs": {"total_cost": 172.36461620469996, "time_cost": 70.712, "final_distance_cost": 1.7826372291631705, "oscillation_cost": 25.06883053152686, "completition_cost": 0.0, "overshoot_cost": 51.65650365745407, "power_cost": 11.895854943847656, "noise_cost": 11.248789842708204, "n_waypoints_completed": 9, "tot_waypoints": 9}}
{"target": -172.07171407121618, "params": {"k_pid_pos": [1.2879894506164973, 0.0, 0.5944904828233549], "k_pid_alt": [1.9998964259102698, 0.0, 0.0], "k_pid_att": [29.053747397974767, 0.0001, 0.27958614896644723], "k_pid_yaw": [0.5, 1e-06, 0.1], "k_pid_hsp": [0.09685299937047404, 6.25987318082148e-05, 0.0], "k_pid_vsp": [319.4447936862674, 392.8446706016952, 1e-06]}, "datetime": {"datetime": "2025-08-20 21:07:47", "elapsed": 33322.44837260246, "delta": 16.60589051246643}, "costs": {"total_cost": 172.07171407121618, "time_cost": 70.57600000000001, "final_distance_cost": 1.8158753016631723, "oscillation_cost": 25.236317366040847, "completition_cost": 0.0, "overshoot_cost": 51.250081630671986, "power_cost": 11.882029626464844, "noise_cost": 11.311410146375305, "n_waypoints_completed": 9, "tot_waypoints": 9}}
{"target": -171.7709275972058, "params": {"k_pid_pos": [1.3084858109498114, 0.0, 0.610841945717223], "k_pid_alt": [1.999875144274019, 0.0, 0.0], "k_pid_att": [30.41547185058739, 0.0001, 0.3233754444919535], "k_pid_yaw": [0.5, 1e-06, 0.1], "k_pid_hsp": [0.09210836210315773, 0.0, 0.0], "k_pid_vsp": [245.1511733726428, 392.3572973154698, 1e-06]}, "datetime": {"datetime": "2025-08-20 21:08:03", "elapsed": 33338.01033759117, "delta": 15.561964988708496}, "costs": {"total_cost": 171.7709275972058, "time_cost": 70.592, "final_distance_cost": 1.8204028962651233, "oscillation_cost": 25.211160356891956, "completition_cost": 0.0, "overshoot_cost": 51.40167290337843, "power_cost": 11.573307055664063, "noise_cost": 11.172384385006247, "n_waypoints_completed": 9, "tot_waypoints": 9}}
{"target": -171.87689831898456, "params": {"k_pid_pos": [1.3525356836785336, 0.0, 0.7203044488817801], "k_pid_alt": [1.9997850146234972, 0.0, 0.0], "k_pid_att": [27.28574983622789, 0.0001, 0.3171011517160481], "k_pid_yaw": [0.5, 1e-06, 0.1], "k_pid_hsp": [0.10959104976240844, 0.00020404994898421197, 0.0], "k_pid_vsp": [246.9060388234018, 358.91542716435646, 1e-06]}, "datetime": {"datetime": "2025-08-20 21:08:20", "elapsed": 33354.56810092926, "delta": 16.55776333808899}, "costs": {"total_cost": 171.87689831898456, "time_cost": 70.744, "final_distance_cost": 1.837830539505962, "oscillation_cost": 25.318837674461996, "completition_cost": 0.0, "overshoot_cost": 51.28756428021708, "power_cost": 11.499901391601563, "noise_cost": 11.18876443319798, "n_waypoints_completed": 9, "tot_waypoints": 9}}
{"target": -171.1607150406465, "params": {"k_pid_pos": [1.332396317348705, 0.0, 0.6945191651700783], "k_pid_alt": [1.9999127939544687, 0.0, 0.0], "k_pid_att": [15.712468933934414, 0.0001, 0.3030185879947631], "k_pid_yaw": [0.5, 1e-06, 0.1], "k_pid_hsp": [0.09307422972340064, 2.055881702737739e-05, 0.0], "k_pid_vsp": [246.8597253721012, 400.0, 1e-06]}, "datetime": {"datetime": "2025-08-20 21:08:35", "elapsed": 33369.649757146835, "delta": 15.081656217575073}, "costs": {"total_cost": 171.1607150406465, "time_cost": 70.672, "final_distance_cost": 1.809084213541351, "oscillation_cost": 25.02332371001142, "completition_cost": 0.0, "overshoot_cost": 50.86669795255829, "power_cost": 11.609611181640625, "noise_cost": 11.179997982894793, "n_waypoints_completed": 9, "tot_waypoints": 9}}
{"target": -172.4816498336686, "params": {"k_pid_pos": [1.3450606234628981, 0.0, 0.7223181546995219], "k_pid_alt": [1.9999472656101709, 0.0, 0.0], "k_pid_att": [39.493288077709096, 0.0001, 0.32069530105373323], "k_pid_yaw": [0.5, 1e-06, 0.1], "k_pid_hsp": [0.09902940327662982, 4.3393070681447074e-05, 0.0], "k_pid_vsp": [251.7695887541993, 391.28552482623655, 1e-06]}, "datetime": {"datetime": "2025-08-20 21:08:52", "elapsed": 33387.54497098923, "delta": 17.895213842391968}, "costs": {"total_cost": 172.4816498336686, "time_cost": 70.808, "final_distance_cost": 1.8234477491786094, "oscillation_cost": 25.13454693978037, "completition_cost": 0.0, "overshoot_cost": 51.285969107660165, "power_cost": 12.007143041992189, "noise_cost": 11.42254299505727, "n_waypoints_completed": 9, "tot_waypoints": 9}}
{"target": -172.5430335237958, "params": {"k_pid_pos": [1.3138877687316595, 0.0, 0.6043988128014446], "k_pid_alt": [1.9998987226729152, 0.0, 0.0], "k_pid_att": [27.149283639144485, 0.0001, 0.3332734895382795], "k_pid_yaw": [0.5, 1e-06, 0.1], "k_pid_hsp": [0.08250626365467209, 6.912943692674487e-05, 0.0], "k_pid_vsp": [218.86236233638124, 397.6061339740125, 1e-06]}, "datetime": {"datetime": "2025-08-20 21:09:08", "elapsed": 33402.754739284515, "delta": 15.209768295288086}, "costs": {"total_cost": 172.5430335237958, "time_cost": 70.632, "final_distance_cost": 1.7928577842857973, "oscillation_cost": 25.200687109239848, "completition_cost": 0.0, "overshoot_cost": 51.16640596003049, "power_cost": 12.238251098632814, "noise_cost": 11.512831571606826, "n_waypoints_completed": 9, "tot_waypoints": 9}}
{"target": -172.21523606764632, "params": {"k_pid_pos": [1.375858630677152, 0.0, 0.5523605719491721], "k_pid_alt": [1.9998789258012508, 0.0, 0.0], "k_pid_att": [24.111556245635608, 0.0001, 0.31754713982489435], "k_pid_yaw": [0.5, 1e-06, 0.1], "k_pid_hsp": [0.0948934451314666, 6.605260756081048e-05, 0.0], "k_pid_vsp": [245.64690636151786, 392.6677664470528, 1e-06]}, "datetime": {"datetime": "2025-08-20 21:09:25", "elapsed": 33419.64715838432, "delta": 16.89241909980774}, "costs": {"total_cost": 172.21523606764632, "time_cost": 70.288, "final_distance_cost": 1.8043779832832265, "oscillation_cost": 25.75796928737547, "completition_cost": 0.0, "overshoot_cost": 51.10969440873765, "power_cost": 11.990809814453126, "noise_cost": 11.264384573796862, "n_waypoints_completed": 9, "tot_waypoints": 9}}
{"target": -171.97259339641067, "params": {"k_pid_pos": [1.367820200569006, 0.0, 0.6345660842086088], "k_pid_alt": [1.9998859109906837, 0.0, 0.0], "k_pid_att": [24.446368904839254, 0.0001, 0.3073025674411234], "k_pid_yaw": [0.5, 1e-06, 0.1], "k_pid_hsp": [0.08453424194558859, 5.695952850028696e-05, 0.0], "k_pid_vsp": [252.64507178326932, 386.85502826755703, 1e-06]}, "datetime": {"datetime": "2025-08-20 21:09:40", "elapsed": 33434.679503917694, "delta": 15.032345533370972}, "costs": {"total_cost": 171.97259339641067, "time_cost": 70.552, "final_distance_cost": 1.796483430429694, "oscillation_cost": 25.421313038373754, "completition_cost": 0.0, "overshoot_cost": 51.62658583513592, "power_cost": 11.513906567382813, "noise_cost": 11.062304525088493, "n_waypoints_completed": 9, "tot_waypoints": 9}}
{"target": -174.23006409743147, "params": {"k_pid_pos": [1.317907228160804, 0.0, 0.558374018508466], "k_pid_alt": [1.99978109264985, 0.0, 0.0], "k_pid_att": [26.061372136293393, 0.0001, 0.35472603809285524], "k_pid_yaw": [0.5, 1e-06, 0.1], "k_pid_hsp": [0.06258435013342097, 6.188362948683849e-05, 0.0], "k_pid_vsp": [248.10329060991413, 349.48729528152137, 1e-06]}, "datetime": {"datetime": "2025-08-20 21:09:56", "elapsed": 33451.49477434158, "delta": 16.81527042388916}, "costs": {"total_cost": 174.23006409743147, "time_cost": 71.68, "final_distance_cost": 1.7710180749143887, "oscillation_cost": 24.020439426498026, "completition_cost": 0.0, "overshoot_cost": 53.09946784111707, "power_cost": 12.084357275390625, "noise_cost": 11.574781479511335, "n_waypoints_completed": 9, "tot_waypoints": 9}}
{"target": -173.26030191044796, "params": {"k_pid_pos": [1.3109121957841832, 0.0, 0.848600181774011], "k_pid_alt": [1.9526344049039484, 0.0, 0.0], "k_pid_att": [27.25023852227107, 0.0001, 0.4657021740495678], "k_pid_yaw": [0.5, 1e-06, 0.1], "k_pid_hsp": [0.11144290484920034, 0.00020487616024633939, 0.0], "k_pid_vsp": [206.8473324263863, 391.38888544814296, 1e-06]}, "datetime": {"datetime": "2025-08-20 21:10:13", "elapsed": 33467.771535396576, "delta": 16.276761054992676}, "costs": {"total_cost": 173.26030191044796, "time_cost": 71.392, "final_distance_cost": 1.833993938164386, "oscillation_cost": 25.0006419856301, "completition_cost": 0.0, "overshoot_cost": 50.80794422058111, "power_cost": 12.467219897460938, "noise_cost": 11.758501868611427, "n_waypoints_completed": 9, "tot_waypoints": 9}}
{"target": -171.24943969362513, "params": {"k_pid_pos": [1.3110886063593041, 0.0, 0.6065029304551943], "k_pid_alt": [1.9999204116842966, 0.0, 0.0], "k_pid_att": [24.369755764815665, 0.0001, 0.3262725004942112], "k_pid_yaw": [0.5, 1e-06, 0.1], "k_pid_hsp": [0.11368407271003295, 8.742908348276885e-05, 0.0], "k_pid_vsp": [236.18598667758891, 387.59958292803884, 1e-06]}, "datetime": {"datetime": "2025-08-20 21:10:30", "elapsed": 33484.93570160866, "delta": 17.16416621208191}, "costs": {"total_cost": 171.24943969362513, "time_cost": 70.528, "final_distance_cost": 1.8358514324115267, "oscillation_cost": 25.39555657331052, "completition_cost": 0.0, "overshoot_cost": 50.616233809028856, "power_cost": 11.699162744140626, "noise_cost": 11.174635134733586, "n_waypoints_completed": 9, "tot_waypoints": 9}}
{"target": -171.53705022476336, "params": {"k_pid_pos": [1.3251914219788563, 0.0, 0.6146746050512795], "k_pid_alt": [1.9994906024660275, 0.0, 0.0], "k_pid_att": [27.78461417329309, 0.0001, 0.3235023924730276], "k_pid_yaw": [0.5, 1e-06, 0.1], "k_pid_hsp": [0.09069304278818319, 0.00013327109650776377, 0.0], "k_pid_vsp": [231.43260853727372, 380.85290386134756, 1e-06]}, "datetime": {"datetime": "2025-08-20 21:10:45", "elapsed": 33500.369575977325, "delta": 15.433874368667603}, "costs": {"total_cost": 171.53705022476336, "time_cost": 70.536, "final_distance_cost": 1.821073658058271, "oscillation_cost": 25.284360279306902, "completition_cost": 0.0, "overshoot_cost": 51.33749228580062, "power_cost": 11.41133544921875, "noise_cost": 11.146788552378826, "n_waypoints_completed": 9, "tot_waypoints": 9}}
{"target": -172.0020217258163, "params": {"k_pid_pos": [1.3644759271810973, 0.0, 0.5932880862685513], "k_pid_alt": [1.9998725147362784, 0.0, 0.0], "k_pid_att": [28.284791330466263, 0.0001, 0.3034399478797532], "k_pid_yaw": [0.5, 1e-06, 0.1], "k_pid_hsp": [0.08885768281884933, 0.00010479713545171963, 0.0], "k_pid_vsp": [245.4838966323099, 400.0, 1e-06]}, "datetime": {"datetime": "2025-08-20 21:11:02", "elapsed": 33517.49154543877, "delta": 17.12196946144104}, "costs": {"total_cost": 172.0020217258163, "time_cost": 70.432, "final_distance_cost": 1.8154181164351004, "oscillation_cost": 25.70709991931783, "completition_cost": 0.0, "overshoot_cost": 51.593022328975, "power_cost": 11.313983618164063, "noise_cost": 11.140497742924302, "n_waypoints_completed": 9, "tot_waypoints": 9}}
{"target": -172.2462737035975, "params": {"k_pid_pos": [1.3517393556869153, 0.0, 0.6219394872302155], "k_pid_alt": [1.970017503797704, 0.0, 0.0], "k_pid_att": [30.32438655605624, 0.0001, 0.31701844159865405], "k_pid_yaw": [0.5, 1e-06, 0.1], "k_pid_hsp": [0.08380484121226978, 2.374808165581007e-05, 0.0], "k_pid_vsp": [253.23215166575616, 358.9999940909915, 1e-06]}, "datetime": {"datetime": "2025-08-20 21:11:17", "elapsed": 33532.44450235367, "delta": 14.952956914901733}, "costs": {"total_cost": 172.2462737035975, "time_cost": 70.544, "final_distance_cost": 1.8265575446534128, "oscillation_cost": 25.369381988266625, "completition_cost": 0.0, "overshoot_cost": 51.41339195786193, "power_cost": 11.825862512207031, "noise_cost": 11.267079700608493, "n_waypoints_completed": 9, "tot_waypoints": 9}}
{"target": -173.53207123008147, "params": {"k_pid_pos": [1.3831386452483416, 0.0, 1.0], "k_pid_alt": [1.9999992711805834, 0.0, 0.0], "k_pid_att": [27.600278358623676, 0.0001, 0.32005780424631786], "k_pid_yaw": [0.5, 1e-06, 0.1], "k_pid_hsp": [0.07185803244268975, 0.0001795317227373562, 0.0], "k_pid_vsp": [247.71118694294728, 398.93238560123405, 1e-06]}, "datetime": {"datetime": "2025-08-20 21:11:35", "elapsed": 33550.21712398529, "delta": 17.772621631622314}, "costs": {"total_cost": 173.53207123008147, "time_cost": 71.912, "final_distance_cost": 1.8186100727269996, "oscillation_cost": 24.160674031377926, "completition_cost": 0.0, "overshoot_cost": 51.97144654170724, "power_cost": 12.046353662109375, "noise_cost": 11.622986922159914, "n_waypoints_completed": 9, "tot_waypoints": 9}}
{"target": -174.6107706960624, "params": {"k_pid_pos": [1.4185533058820141, 0.0, 1.0], "k_pid_alt": [1.999904943209485, 0.0, 0.0], "k_pid_att": [29.20712909384981, 0.0001, 0.058787829938255376], "k_pid_yaw": [0.5, 1e-06, 0.1], "k_pid_hsp": [0.09695633105634023, 0.0033803600632986643, 0.0], "k_pid_vsp": [258.9600715197771, 246.02297963198373, 1e-06]}, "datetime": {"datetime": "2025-08-20 21:11:51", "elapsed": 33565.94995045662, "delta": 15.732826471328735}, "costs": {"total_cost": 174.6107706960624, "time_cost": 71.328, "final_distance_cost": 1.8301905535709544, "oscillation_cost": 26.593190175494602, "completition_cost": 0.0, "overshoot_cost": 50.991631140495436, "power_cost": 12.161633532714845, "noise_cost": 11.706125293786553, "n_waypoints_completed": 9, "tot_waypoints": 9}}
{"target": -172.31629935502664, "params": {"k_pid_pos": [1.3085739577727142, 0.0, 0.6587597978219406], "k_pid_alt": [1.9998908243471671, 0.0, 0.0], "k_pid_att": [27.310365679804796, 0.0001, 0.30987396787021165], "k_pid_yaw": [0.5, 1e-06, 0.1], "k_pid_hsp": [0.08195442978634007, 5.2568358255432565e-05, 0.0], "k_pid_vsp": [262.11228437618286, 398.66024144419754, 1e-06]}, "datetime": {"datetime": "2025-08-20 21:12:07", "elapsed": 33581.87861871719, "delta": 15.92866826057434}, "costs": {"total_cost": 172.31629935502664, "time_cost": 70.768, "final_distance_cost": 1.8109180162783027, "oscillation_cost": 24.70186433062493, "completition_cost": 0.0, "overshoot_cost": 51.8111494834788, "power_cost": 11.882097619628906, "noise_cost": 11.342269905015723, "n_waypoints_completed": 9, "tot_waypoints": 9}}
{"target": -171.8603010760148, "params": {"k_pid_pos": [1.4427855085394592, 0.0, 0.758965369994608], "k_pid_alt": [1.9998887647613806, 0.0, 0.0], "k_pid_att": [33.1438050136863, 0.0001, 0.3273287819717124], "k_pid_yaw": [0.5, 1e-06, 0.1], "k_pid_hsp": [0.0969218377285576, 4.913927135449453e-05, 0.0], "k_pid_vsp": [255.06568692120263, 359.796640570366, 1e-06]}, "datetime": {"datetime": "2025-08-20 21:12:23", "elapsed": 33597.95811462402, "delta": 16.079495906829834}, "costs": {"total_cost": 171.8603010760148, "time_cost": 70.592, "final_distance_cost": 1.83604026722658, "oscillation_cost": 25.419960401653633, "completition_cost": 0.0, "overshoot_cost": 51.299060960673025, "power_cost": 11.53810985107422, "noise_cost": 11.175129595387338, "n_waypoints_completed": 9, "tot_waypoints": 9}}
{"target": -174.82293747720942, "params": {"k_pid_pos": [1.2963231038038279, 0.0, 0.966305865158383], "k_pid_alt": [1.9999743017358442, 0.0, 0.0], "k_pid_att": [19.90975272619346, 0.0001, 0.32455369735392675], "k_pid_yaw": [0.5, 1e-06, 0.1], "k_pid_hsp": [0.14956880653881993, 0.0001468583758560922, 0.0], "k_pid_vsp": [246.67160997519915, 400.0, 1e-06]}, "datetime": {"datetime": "2025-08-20 21:12:41", "elapsed": 33616.02305197716, "delta": 18.064937353134155}, "costs": {"total_cost": 174.82293747720942, "time_cost": 72.848, "final_distance_cost": 1.8533156777709994, "oscillation_cost": 25.362435043010382, "completition_cost": 0.0, "overshoot_cost": 50.662664638061756, "power_cost": 12.236219567871094, "noise_cost": 11.860302550495197, "n_waypoints_completed": 9, "tot_waypoints": 9}}
{"target": -172.60585393781122, "params": {"k_pid_pos": [1.3296449642681683, 0.0, 0.7606335062984677], "k_pid_alt": [1.9999565636423526, 0.0, 0.0], "k_pid_att": [28.627130448109803, 0.0001, 0.32777687581063686], "k_pid_yaw": [0.5, 1e-06, 0.1], "k_pid_hsp": [0.09977806665816238, 5.4248163470000136e-05, 0.0], "k_pid_vsp": [215.02808830758445, 393.0233725198809, 1e-06]}, "datetime": {"datetime": "2025-08-20 21:12:57", "elapsed": 33631.79837203026, "delta": 15.775320053100586}, "costs": {"total_cost": 172.60585393781122, "time_cost": 70.952, "final_distance_cost": 1.8376531088467913, "oscillation_cost": 24.9544936133718, "completition_cost": 0.0, "overshoot_cost": 51.271665107489326, "power_cost": 12.123793737792969, "noise_cost": 11.466248370310348, "n_waypoints_completed": 9, "tot_waypoints": 9}}
