{"target": -172.40829844512066, "params": {"k_pid_pos": [1.2203235654414046, 0.0, 0.28295241652779407], "k_pid_alt": [1.9998663583040885, 0.0, 0.0], "k_pid_att": [26.637911018875542, 0.0001, 0.3157589837311335], "k_pid_yaw": [0.5, 1e-06, 0.1], "k_pid_hsp": [0.09216222699878664, 4.221313786188781e-05, 0.0], "k_pid_vsp": [246.4284174068111, 384.4320400427793, 1e-06]}, "datetime": {"datetime": "2025-08-20 22:42:04", "elapsed": 38978.760380744934, "delta": 16.09966492652893}, "costs": {"total_cost": 172.40829844512066, "time_cost": 70.136, "final_distance_cost": 1.7959284963445248, "oscillation_cost": 26.32494605829334, "completition_cost": 0.0, "overshoot_cost": 51.37369058383096, "power_cost": 11.684125024414064, "noise_cost": 11.093608282237762, "n_waypoints_completed": 9, "tot_waypoints": 9}}
{"target": -173.28040066293104, "params": {"k_pid_pos": [1.443950562629556, 0.0, 0.4367359645999438], "k_pid_alt": [2.0, 0.0, 0.0], "k_pid_att": [28.310589859565084, 0.0001, 0.3412216641931833], "k_pid_yaw": [0.5, 1e-06, 0.1], "k_pid_hsp": [0.11515150764586686, 6.79741303259312e-05, 0.0], "k_pid_vsp": [252.46105214086424, 287.44328966072476, 1e-06]}, "datetime": {"datetime": "2025-08-20 22:42:19", "elapsed": 38994.09364247322, "delta": 15.333261728286743}, "costs": {"total_cost": 173.28040066293104, "time_cost": 69.944, "final_distance_cost": 1.8041457907762897, "oscillation_cost": 27.0915396359942, "completition_cost": 0.0, "overshoot_cost": 51.299167651932834, "power_cost": 11.96051258544922, "noise_cost": 11.1810349987785, "n_waypoints_completed": 9, "tot_waypoints": 9}}
{"target": -172.2573845468506, "params": {"k_pid_pos": [1.3031073667490267, 0.0, 0.6177006612042487], "k_pid_alt": [1.9999066330229607, 0.0, 0.0], "k_pid_att": [39.15947972759013, 0.0001, 0.3341996433662783], "k_pid_yaw": [0.5, 1e-06, 0.1], "k_pid_hsp": [0.0710378394298427, 4.78365828032485e-05, 0.0], "k_pid_vsp": [245.38561335406845, 378.5465460550575, 1e-06]}, "datetime": {"datetime": "2025-08-20 22:42:37", "elapsed": 39012.054867744446, "delta": 17.961225271224976}, "costs": {"total_cost": 172.2573845468506, "time_cost": 71.176, "final_distance_cost": 1.7961499723757925, "oscillation_cost": 24.614398813491125, "completition_cost": 0.0, "overshoot_cost": 51.74001254626173, "power_cost": 11.601189367675781, "noise_cost": 11.329633847046194, "n_waypoints_completed": 9, "tot_waypoints": 9}}
{"target": -171.98405992964518, "params": {"k_pid_pos": [1.259540952789086, 0.0, 0.5894886265716892], "k_pid_alt": [1.9999285638287843, 0.0, 0.0], "k_pid_att": [34.82610019317263, 0.0001, 0.2710564283362509], "k_pid_yaw": [0.5, 1e-06, 0.1], "k_pid_hsp": [0.11738570985401389, 9.88867275905794e-05, 0.0], "k_pid_vsp": [279.250760614266, 350.6951450436351, 1e-06]}, "datetime": {"datetime": "2025-08-20 22:42:52", "elapsed": 39027.05688595772, "delta": 15.002018213272095}, "costs": {"total_cost": 171.98405992964518, "time_cost": 70.664, "final_distance_cost": 1.821017946615726, "oscillation_cost": 25.263037172694222, "completition_cost": 0.0, "overshoot_cost": 50.71646674398591, "power_cost": 12.077527380371095, "noise_cost": 11.442010685978225, "n_waypoints_completed": 9, "tot_waypoints": 9}}
{"target": -172.22383988617023, "params": {"k_pid_pos": [1.316196783926224, 0.0, 0.5466706846732412], "k_pid_alt": [1.9998752692244595, 0.0, 0.0], "k_pid_att": [26.458496024893975, 0.0001, 0.28353999800411167], "k_pid_yaw": [0.5, 1e-06, 0.1], "k_pid_hsp": [0.09625394545685428, 0.00019492660198546877, 0.0], "k_pid_vsp": [240.2272755084723, 379.5996397050918, 1e-06]}, "datetime": {"datetime": "2025-08-20 22:43:10", "elapsed": 39044.8226416111, "delta": 17.765755653381348}, "costs": {"total_cost": 172.22383988617023, "time_cost": 70.376, "final_distance_cost": 1.81697581936101, "oscillation_cost": 25.632006270178135, "completition_cost": 0.0, "overshoot_cost": 51.14670256307147, "power_cost": 11.889984240722656, "noise_cost": 11.36217099283692, "n_waypoints_completed": 9, "tot_waypoints": 9}}
{"target": -173.17028878105677, "params": {"k_pid_pos": [1.2358004500688982, 0.0, 0.6256817640199723], "k_pid_alt": [1.9998347321666545, 0.0, 0.0], "k_pid_att": [33.33669864267622, 0.0001, 0.3251411609585418], "k_pid_yaw": [0.5, 1e-06, 0.1], "k_pid_hsp": [0.06821547244033051, 0.0, 0.0], "k_pid_vsp": [267.4285633515764, 357.686911090175, 1e-06]}, "datetime": {"datetime": "2025-08-20 22:43:26", "elapsed": 39060.95259523392, "delta": 16.129953622817993}, "costs": {"total_cost": 173.17028878105677, "time_cost": 71.528, "final_distance_cost": 1.814805412669851, "oscillation_cost": 23.93785394970858, "completition_cost": 0.0, "overshoot_cost": 52.13779021200365, "power_cost": 12.087311560058595, "noise_cost": 11.664527646616088, "n_waypoints_completed": 9, "tot_waypoints": 9}}
{"target": -172.14838214740217, "params": {"k_pid_pos": [1.2758529468216209, 0.0, 0.6738785802783955], "k_pid_alt": [1.999884786380904, 0.0, 0.0], "k_pid_att": [29.651700797092463, 0.0001, 0.31020664415140314], "k_pid_yaw": [0.5, 1e-06, 0.1], "k_pid_hsp": [0.166693958926257, 7.765685754889252e-05, 0.0], "k_pid_vsp": [250.37396543692734, 363.69524270353776, 1e-06]}, "datetime": {"datetime": "2025-08-20 22:43:41", "elapsed": 39076.254952669144, "delta": 15.30235743522644}, "costs": {"total_cost": 172.14838214740217, "time_cost": 70.888, "final_distance_cost": 1.8403039419927325, "oscillation_cost": 25.782909584978487, "completition_cost": 0.0, "overshoot_cost": 50.090297315533775, "power_cost": 11.953002539062501, "noise_cost": 11.593868765834682, "n_waypoints_completed": 9, "tot_waypoints": 9}}
{"target": -173.5967361588447, "params": {"k_pid_pos": [1.506983227979374, 0.0, 0.5575197524282096], "k_pid_alt": [1.9999012867523294, 0.0, 0.0], "k_pid_att": [18.694473219062523, 0.0001, 0.31887770004509614], "k_pid_yaw": [0.5, 1e-06, 0.1], "k_pid_hsp": [0.09171205580780872, 0.0, 0.0], "k_pid_vsp": [251.517336108541, 337.9947603977474, 1e-06]}, "datetime": {"datetime": "2025-08-20 22:43:59", "elapsed": 39093.61644458771, "delta": 17.361491918563843}, "costs": {"total_cost": 173.5967361588447, "time_cost": 70.104, "final_distance_cost": 1.782559925417551, "oscillation_cost": 26.902409867993068, "completition_cost": 0.0, "overshoot_cost": 51.573741853139275, "power_cost": 11.968873352050782, "noise_cost": 11.265151160244015, "n_waypoints_completed": 9, "tot_waypoints": 9}}
{"target": -171.5433581686039, "params": {"k_pid_pos": [1.3144770304335922, 0.0, 0.6362126172332642], "k_pid_alt": [1.9998889879314707, 0.0, 0.0], "k_pid_att": [27.983822564312923, 0.0001, 0.32555025835448986], "k_pid_yaw": [0.5, 1e-06, 0.1], "k_pid_hsp": [0.08990987988742362, 6.098284996799509e-05, 0.0], "k_pid_vsp": [241.33830939654734, 382.64025595356514, 1e-06]}, "datetime": {"datetime": "2025-08-20 22:44:14", "elapsed": 39109.15814328194, "delta": 15.541698694229126}, "costs": {"total_cost": 171.5433581686039, "time_cost": 70.648, "final_distance_cost": 1.8019948052646189, "oscillation_cost": 25.00691431384396, "completition_cost": 0.0, "overshoot_cost": 50.90224257063457, "power_cost": 11.850370581054689, "noise_cost": 11.333835897806077, "n_waypoints_completed": 9, "tot_waypoints": 9}}
{"target": -172.79771289764926, "params": {"k_pid_pos": [1.4026482935153708, 0.0, 0.9626501950143789], "k_pid_alt": [1.7539201997972136, 0.0, 0.0], "k_pid_att": [29.22658423914359, 0.0001, 0.34692655049024934], "k_pid_yaw": [0.5, 1e-06, 0.1], "k_pid_hsp": [0.09645526866846287, 3.780549780769094e-05, 0.0], "k_pid_vsp": [217.95752314370753, 212.22935525750657, 1e-06]}, "datetime": {"datetime": "2025-08-20 22:44:30", "elapsed": 39125.13811135292, "delta": 15.979968070983887}, "costs": {"total_cost": 172.79771289764926, "time_cost": 71.304, "final_distance_cost": 1.8246130101245395, "oscillation_cost": 24.740661086698655, "completition_cost": 0.0, "overshoot_cost": 51.033460066028454, "power_cost": 12.204609875488282, "noise_cost": 11.690368859309354, "n_waypoints_completed": 9, "tot_waypoints": 9}}
{"target": -173.2174453572058, "params": {"k_pid_pos": [1.3028578322918851, 0.0, 0.7242265983149764], "k_pid_alt": [2.0, 0.0, 0.0], "k_pid_att": [11.167777718496557, 0.0001, 0.3215041017761599], "k_pid_yaw": [0.5, 1e-06, 0.1], "k_pid_hsp": [0.0857019354511922, 6.116693638251796e-05, 0.0], "k_pid_vsp": [241.49241633750913, 392.48409274819033, 1e-06]}, "datetime": {"datetime": "2025-08-20 22:44:47", "elapsed": 39142.536875247955, "delta": 17.39876389503479}, "costs": {"total_cost": 173.2174453572058, "time_cost": 70.872, "final_distance_cost": 1.8305383867556375, "oscillation_cost": 25.007018684209047, "completition_cost": 0.0, "overshoot_cost": 51.94958481869273, "power_cost": 12.04821318359375, "noise_cost": 11.510090283954641, "n_waypoints_completed": 9, "tot_waypoints": 9}}
{"target": -171.90981405091782, "params": {"k_pid_pos": [1.3629464099009332, 0.0, 0.6404748507041288], "k_pid_alt": [1.999906469258137, 0.0, 0.0], "k_pid_att": [26.6589945191471, 0.0001, 0.31322914756990466], "k_pid_yaw": [0.5, 1e-06, 0.1], "k_pid_hsp": [0.09333970985908974, 0.00013286607398834847, 0.0], "k_pid_vsp": [229.16642670319683, 368.079621135111, 1e-06]}, "datetime": {"datetime": "2025-08-20 22:45:03", "elapsed": 39158.39080905914, "delta": 15.853933811187744}, "costs": {"total_cost": 171.90981405091782, "time_cost": 70.512, "final_distance_cost": 1.8060882740405713, "oscillation_cost": 25.65574628939084, "completition_cost": 0.0, "overshoot_cost": 51.05972999172845, "power_cost": 11.687222351074219, "noise_cost": 11.189027144683736, "n_waypoints_completed": 9, "tot_waypoints": 9}}
{"target": -172.09616347652755, "params": {"k_pid_pos": [1.3166873036572626, 0.0, 0.7059703478513577], "k_pid_alt": [1.9998512189751139, 0.0, 0.0], "k_pid_att": [34.106212517933564, 0.0001, 0.3175127832014749], "k_pid_yaw": [0.5, 1e-06, 0.1], "k_pid_hsp": [0.08981065298412193, 5.7673619750466524e-05, 0.0], "k_pid_vsp": [265.6422165833064, 366.03097211490893, 1e-06]}, "datetime": {"datetime": "2025-08-20 22:45:20", "elapsed": 39174.77049088478, "delta": 16.379681825637817}, "costs": {"total_cost": 172.09616347652755, "time_cost": 70.856, "final_distance_cost": 1.8272282983703085, "oscillation_cost": 24.67030562769888, "completition_cost": 0.0, "overshoot_cost": 51.92887770090776, "power_cost": 11.525162280273438, "noise_cost": 11.288589569277152, "n_waypoints_completed": 9, "tot_waypoints": 9}}
{"target": -171.84629558695565, "params": {"k_pid_pos": [1.310739953696615, 0.0, 0.666900775670826], "k_pid_alt": [1.9999161194509436, 0.0, 0.0], "k_pid_att": [29.14227717611016, 0.0001, 0.25715848364684113], "k_pid_yaw": [0.5, 1e-06, 0.1], "k_pid_hsp": [0.10146861867094675, 5.9238729097116913e-05, 0.0], "k_pid_vsp": [242.4104517436435, 340.9738004456571, 1e-06]}, "datetime": {"datetime": "2025-08-20 22:45:36", "elapsed": 39191.069078445435, "delta": 16.298587560653687}, "costs": {"total_cost": 171.84629558695565, "time_cost": 70.72, "final_distance_cost": 1.816719037248279, "oscillation_cost": 24.904511169987224, "completition_cost": 0.0, "overshoot_cost": 51.26469448025613, "power_cost": 11.86525947265625, "noise_cost": 11.275111426807763, "n_waypoints_completed": 9, "tot_waypoints": 9}}
{"target": -172.81945982371306, "params": {"k_pid_pos": [1.3726048098856425, 0.0, 0.7615626691629332], "k_pid_alt": [2.0, 0.0, 0.0], "k_pid_att": [28.66175185011155, 0.0001, 0.46059367565709386], "k_pid_yaw": [0.5, 1e-06, 0.1], "k_pid_hsp": [0.09763355138560442, 6.891645462057623e-05, 0.0], "k_pid_vsp": [203.26446360769535, 374.0111883402699, 1e-06]}, "datetime": {"datetime": "2025-08-20 22:45:54", "elapsed": 39209.26481580734, "delta": 18.19573736190796}, "costs": {"total_cost": 172.81945982371306, "time_cost": 70.824, "final_distance_cost": 1.8291056376114712, "oscillation_cost": 25.211800177040153, "completition_cost": 0.0, "overshoot_cost": 51.38226326642818, "power_cost": 12.0669791015625, "noise_cost": 11.50531164107076, "n_waypoints_completed": 9, "tot_waypoints": 9}}
{"target": -172.07572961844738, "params": {"k_pid_pos": [1.3623265321664393, 0.0, 0.6752144420808208], "k_pid_alt": [1.9999673147187542, 0.0, 0.0], "k_pid_att": [23.648685304127895, 0.0001, 0.3166367960231471], "k_pid_yaw": [0.5, 1e-06, 0.1], "k_pid_hsp": [0.08373119778618207, 5.7931341412869884e-05, 0.0], "k_pid_vsp": [247.48785919604913, 373.506962020126, 1e-06]}, "datetime": {"datetime": "2025-08-20 22:46:12", "elapsed": 39227.05162477493, "delta": 17.786808967590332}, "costs": {"total_cost": 172.07572961844738, "time_cost": 70.64, "final_distance_cost": 1.829429261033721, "oscillation_cost": 25.334870782940733, "completition_cost": 0.0, "overshoot_cost": 51.13974418230674, "power_cost": 11.877136303710937, "noise_cost": 11.254549088455265, "n_waypoints_completed": 9, "tot_waypoints": 9}}
{"target": -172.0890308884013, "params": {"k_pid_pos": [1.3541979612744817, 0.0, 0.6658294186639222], "k_pid_alt": [1.9999009104588497, 0.0, 0.0], "k_pid_att": [27.11609697631569, 0.0001, 0.2538623676804499], "k_pid_yaw": [0.5, 1e-06, 0.1], "k_pid_hsp": [0.10000231350902929, 0.00015716114388149212, 0.0], "k_pid_vsp": [245.94220224631476, 382.3385574066171, 1e-06]}, "datetime": {"datetime": "2025-08-20 22:46:28", "elapsed": 39242.88337111473, "delta": 15.831746339797974}, "costs": {"total_cost": 172.0890308884013, "time_cost": 70.60000000000001, "final_distance_cost": 1.825667725779374, "oscillation_cost": 25.501547052685027, "completition_cost": 0.0, "overshoot_cost": 51.164894157052544, "power_cost": 11.716969006347657, "noise_cost": 11.27995294653673, "n_waypoints_completed": 9, "tot_waypoints": 9}}
{"target": -172.18674172403817, "params": {"k_pid_pos": [1.324573157336653, 0.0, 0.6294144833179086], "k_pid_alt": [1.9998945532363963, 0.0, 0.0], "k_pid_att": [31.28418291055562, 0.0001, 0.43197632408274567], "k_pid_yaw": [0.5, 1e-06, 0.1], "k_pid_hsp": [0.09407560265022699, 2.0314050827499784e-05, 0.0], "k_pid_vsp": [234.07878178143514, 374.8005591900293, 1e-06]}, "datetime": {"datetime": "2025-08-20 22:46:44", "elapsed": 39259.4743270874, "delta": 16.59095597267151}, "costs": {"total_cost": 172.18674172403817, "time_cost": 70.584, "final_distance_cost": 1.8283083627984347, "oscillation_cost": 25.341412444286775, "completition_cost": 0.0, "overshoot_cost": 51.25051876766211, "power_cost": 11.793115673828126, "noise_cost": 11.389386475462707, "n_waypoints_completed": 9, "tot_waypoints": 9}}
{"target": -173.4044480560611, "params": {"k_pid_pos": [1.6693088407796441, 0.0, 0.7049012382672848], "k_pid_alt": [1.9997017764274936, 0.0, 0.0], "k_pid_att": [27.236300452127388, 0.0001, 0.3085471111653539], "k_pid_yaw": [0.5, 1e-06, 0.1], "k_pid_hsp": [0.1174778907356821, 0.0002066938106026899, 0.0], "k_pid_vsp": [242.95322560171599, 318.4138535900757, 1e-06]}, "datetime": {"datetime": "2025-08-20 22:47:00", "elapsed": 39274.76098871231, "delta": 15.286661624908447}, "costs": {"total_cost": 173.4044480560611, "time_cost": 70.072, "final_distance_cost": 1.822302375377199, "oscillation_cost": 27.067539747961018, "completition_cost": 0.0, "overshoot_cost": 50.99501955546383, "power_cost": 12.096920080566408, "noise_cost": 11.350666296692639, "n_waypoints_completed": 9, "tot_waypoints": 9}}
{"target": -172.8045155574305, "params": {"k_pid_pos": [1.3222214676887092, 0.0, 0.6352717400674889], "k_pid_alt": [1.9999119351553123, 0.0, 0.0], "k_pid_att": [21.580346998817827, 0.0001, 0.32484595783554654], "k_pid_yaw": [0.5, 1e-06, 0.1], "k_pid_hsp": [0.09533039483832136, 2.212511411741231e-05, 0.0], "k_pid_vsp": [233.41423488442572, 378.93794712783995, 1e-06]}, "datetime": {"datetime": "2025-08-20 22:47:17", "elapsed": 39291.695415735245, "delta": 16.93442702293396}, "costs": {"total_cost": 172.8045155574305, "time_cost": 70.608, "final_distance_cost": 1.8141312471386826, "oscillation_cost": 25.4626649626953, "completition_cost": 0.0, "overshoot_cost": 51.27560304337798, "power_cost": 12.14999580078125, "noise_cost": 11.494120503437289, "n_waypoints_completed": 9, "tot_waypoints": 9}}
{"target": -171.09482887288453, "params": {"k_pid_pos": [1.3274694522090071, 0.0, 0.660681401250051], "k_pid_alt": [1.999879511094379, 0.0, 0.0], "k_pid_att": [43.47303861720244, 0.0001, 0.317761133982535], "k_pid_yaw": [0.5, 1e-06, 0.1], "k_pid_hsp": [0.09106009705102698, 6.0764426935831485e-05, 0.0], "k_pid_vsp": [245.59569066870367, 376.9725703729678, 1e-06]}, "datetime": {"datetime": "2025-08-20 22:47:34", "elapsed": 39308.693291425705, "delta": 16.997875690460205}, "costs": {"total_cost": 171.09482887288453, "time_cost": 70.70400000000001, "final_distance_cost": 1.8293498583664254, "oscillation_cost": 24.881044839312437, "completition_cost": 0.0, "overshoot_cost": 51.18417125792397, "power_cost": 11.397094177246094, "noise_cost": 11.099168740035601, "n_waypoints_completed": 9, "tot_waypoints": 9}}
{"target": -171.72157884400994, "params": {"k_pid_pos": [1.3484109758729734, 0.0, 0.6588640309100794], "k_pid_alt": [1.99989916332498, 0.0, 0.0], "k_pid_att": [34.42123405998377, 0.0001, 0.31599097348063226], "k_pid_yaw": [0.5, 1e-06, 0.1], "k_pid_hsp": [0.08725470034639442, 4.7613734100922025e-05, 0.0], "k_pid_vsp": [242.82482848045845, 387.4017118602035, 1e-06]}, "datetime": {"datetime": "2025-08-20 22:47:49", "elapsed": 39323.818507671356, "delta": 15.125216245651245}, "costs": {"total_cost": 171.72157884400994, "time_cost": 70.648, "final_distance_cost": 1.7973216838324042, "oscillation_cost": 25.23541464501462, "completition_cost": 0.0, "overshoot_cost": 50.95627176963615, "power_cost": 11.83067645263672, "noise_cost": 11.253894292890072, "n_waypoints_completed": 9, "tot_waypoints": 9}}
{"target": -172.3893613447266, "params": {"k_pid_pos": [1.3793013940188412, 0.0, 0.5679566772495126], "k_pid_alt": [1.9998912815585752, 0.0, 0.0], "k_pid_att": [25.99702323102567, 0.0001, 0.3298390283397503], "k_pid_yaw": [0.5, 1e-06, 0.1], "k_pid_hsp": [0.09148068801381967, 3.522248270613268e-05, 0.0], "k_pid_vsp": [239.96421297003766, 374.23865532953533, 1e-06]}, "datetime": {"datetime": "2025-08-20 22:48:08", "elapsed": 39342.95314621925, "delta": 19.13463854789734}, "costs": {"total_cost": 172.3893613447266, "time_cost": 70.36, "final_distance_cost": 1.8142887563152958, "oscillation_cost": 25.84961806201846, "completition_cost": 0.0, "overshoot_cost": 51.24135206934742, "power_cost": 11.8607673828125, "noise_cost": 11.263335074232932, "n_waypoints_completed": 9, "tot_waypoints": 9}}
{"target": -171.80453936061159, "params": {"k_pid_pos": [1.33374196744221, 0.0, 0.6570539782692149], "k_pid_alt": [1.9998902568731445, 0.0, 0.0], "k_pid_att": [28.082057469493655, 0.0001, 0.3108525446032565], "k_pid_yaw": [0.5, 1e-06, 0.1], "k_pid_hsp": [0.09479018698935031, 6.602907723108637e-05, 0.0], "k_pid_vsp": [250.70469818539956, 355.01611378740074, 1e-06]}, "datetime": {"datetime": "2025-08-20 22:48:23", "elapsed": 39358.53242564201, "delta": 15.57927942276001}, "costs": {"total_cost": 171.80453936061159, "time_cost": 70.664, "final_distance_cost": 1.8045550834718094, "oscillation_cost": 24.974370738876484, "completition_cost": 0.0, "overshoot_cost": 51.51807837622473, "power_cost": 11.622285668945313, "noise_cost": 11.22124949309324, "n_waypoints_completed": 9, "tot_waypoints": 9}}
{"target": -172.1166442301645, "params": {"k_pid_pos": [1.3151177723642544, 0.0, 0.6538070714256586], "k_pid_alt": [1.9998707483047282, 0.0, 0.0], "k_pid_att": [27.03151150683653, 0.0001, 0.33094742968425267], "k_pid_yaw": [0.5, 1e-06, 0.1], "k_pid_hsp": [0.1150016755283822, 5.6478370294338294e-05, 0.0], "k_pid_vsp": [245.856206267629, 375.2569635459385, 1e-06]}, "datetime": {"datetime": "2025-08-20 22:48:39", "elapsed": 39373.869785785675, "delta": 15.337360143661499}, "costs": {"total_cost": 172.1166442301645, "time_cost": 70.688, "final_distance_cost": 1.8262602481685104, "oscillation_cost": 25.321991200619006, "completition_cost": 0.0, "overshoot_cost": 50.861491826691385, "power_cost": 12.001376623535156, "noise_cost": 11.417524331150457, "n_waypoints_completed": 9, "tot_waypoints": 9}}
{"target": -171.60037508613863, "params": {"k_pid_pos": [1.2993164930644396, 0.0, 0.7510205517207305], "k_pid_alt": [2.0, 0.0, 0.0], "k_pid_att": [27.738917979763627, 0.0001, 0.23510579041850094], "k_pid_yaw": [0.5, 1e-06, 0.1], "k_pid_hsp": [0.09571337455797346, 8.198792169330597e-05, 0.0], "k_pid_vsp": [231.6010587769358, 372.6713652715123, 1e-06]}, "datetime": {"datetime": "2025-08-20 22:48:55", "elapsed": 39390.298380851746, "delta": 16.428595066070557}, "costs": {"total_cost": 171.60037508613863, "time_cost": 71.032, "final_distance_cost": 1.8191738845069325, "oscillation_cost": 24.573608637380136, "completition_cost": 0.0, "overshoot_cost": 50.93914925006389, "power_cost": 11.8281046875, "noise_cost": 11.408338626687689, "n_waypoints_completed": 9, "tot_waypoints": 9}}
{"target": -171.16299050010656, "params": {"k_pid_pos": [1.3164924594432972, 0.0, 0.6778904480522072], "k_pid_alt": [1.9999537184518146, 0.0, 0.0], "k_pid_att": [27.15962937583147, 0.0001, 0.3247513694180612], "k_pid_yaw": [0.5, 1e-06, 0.1], "k_pid_hsp": [0.09986000126389405, 6.963046651903367e-05, 0.0], "k_pid_vsp": [225.9394652036987, 374.623631086592, 1e-06]}, "datetime": {"datetime": "2025-08-20 22:49:11", "elapsed": 39406.445182561874, "delta": 16.146801710128784}, "costs": {"total_cost": 171.16299050010656, "time_cost": 70.70400000000001, "final_distance_cost": 1.8284409415327711, "oscillation_cost": 24.92483527021273, "completition_cost": 0.0, "overshoot_cost": 50.767915244891704, "power_cost": 11.658140893554688, "noise_cost": 11.279658149914681, "n_waypoints_completed": 9, "tot_waypoints": 9}}
