{"target": -172.9942264066791, "params": {"k_pid_pos": [1.3644869923082632, 0.0, 0.6030473165733213], "k_pid_alt": [1.999919858862018, 0.0, 0.0], "k_pid_att": [29.78831368597375, 0.0001, 0.3923657390688561], "k_pid_yaw": [0.5, 1e-06, 0.1], "k_pid_hsp": [0.07657992250365478, 7.888561852768427e-05, 0.0], "k_pid_vsp": [190.64737868188945, 400.0, 1e-06]}, "datetime": {"datetime": "2025-08-20 20:36:14", "elapsed": 31429.423577070236, "delta": 16.625177145004272}, "costs": {"total_cost": 172.9942264066791, "time_cost": 70.72, "final_distance_cost": 1.8203758320252441, "oscillation_cost": 25.246519802240808, "completition_cost": 0.0, "overshoot_cost": 51.81955904351386, "power_cost": 12.04981298828125, "noise_cost": 11.337958740617914, "n_waypoints_completed": 9, "tot_waypoints": 9}}
{"target": -171.38716788917057, "params": {"k_pid_pos": [1.4052349900417704, 0.0, 0.7501577794062556], "k_pid_alt": [1.9998731739535833, 0.0, 0.0], "k_pid_att": [25.298342633456958, 0.0001, 0.33166727152012804], "k_pid_yaw": [0.5, 1e-06, 0.1], "k_pid_hsp": [0.09289885494049523, 5.3892204119227385e-05, 0.0], "k_pid_vsp": [247.61286114165517, 385.51238978101424, 1e-06]}, "datetime": {"datetime": "2025-08-20 20:36:29", "elapsed": 31444.45980167389, "delta": 15.036224603652954}, "costs": {"total_cost": 171.38716788917057, "time_cost": 70.664, "final_distance_cost": 1.8278371216618494, "oscillation_cost": 25.05403136729073, "completition_cost": 0.0, "overshoot_cost": 50.8428859147881, "power_cost": 11.73929638671875, "noise_cost": 11.25911709871114, "n_waypoints_completed": 9, "tot_waypoints": 9}}
{"target": -172.81424483941512, "params": {"k_pid_pos": [1.401955806926092, 0.0, 0.6364270474670898], "k_pid_alt": [1.9998741257230097, 0.0, 0.0], "k_pid_att": [22.735011227535384, 0.0001, 0.3410060202053788], "k_pid_yaw": [0.5, 1e-06, 0.1], "k_pid_hsp": [0.09013236206464902, 6.20397104417755e-05, 0.0], "k_pid_vsp": [212.63998426524782, 368.15911427017454, 1e-06]}, "datetime": {"datetime": "2025-08-20 20:36:46", "elapsed": 31460.726779937744, "delta": 16.26697826385498}, "costs": {"total_cost": 172.81424483941512, "time_cost": 70.44800000000001, "final_distance_cost": 1.7988493592061257, "oscillation_cost": 25.885801819838, "completition_cost": 0.0, "overshoot_cost": 51.629795786174654, "power_cost": 11.752674475097656, "noise_cost": 11.299123399098715, "n_waypoints_completed": 9, "tot_waypoints": 9}}
{"target": -173.16637995769574, "params": {"k_pid_pos": [1.3255704851242736, 0.0, 0.5902284250569262], "k_pid_alt": [1.9998993749136529, 0.0, 0.0], "k_pid_att": [25.817227717145105, 0.0001, 0.34087495054957173], "k_pid_yaw": [0.5, 1e-06, 0.1], "k_pid_hsp": [0.06820764237958882, 0.00013833523236164269, 0.0], "k_pid_vsp": [257.1219779871473, 359.3791515238772, 1e-06]}, "datetime": {"datetime": "2025-08-20 20:37:01", "elapsed": 31475.961784362793, "delta": 15.235004425048828}, "costs": {"total_cost": 173.16637995769574, "time_cost": 71.224, "final_distance_cost": 1.7733111857460164, "oscillation_cost": 24.599565065006924, "completition_cost": 0.0, "overshoot_cost": 52.30069656698449, "power_cost": 11.923395361328126, "noise_cost": 11.3454117786302, "n_waypoints_completed": 9, "tot_waypoints": 9}}
{"target": -172.37807147399715, "params": {"k_pid_pos": [1.5362270563059912, 0.0, 0.6135623045467726], "k_pid_alt": [1.9118137199185257, 0.0, 0.0], "k_pid_att": [23.835178476337973, 0.0001, 0.6044493550350526], "k_pid_yaw": [0.5, 1e-06, 0.1], "k_pid_hsp": [0.11039470552666161, 0.0001996920435870289, 0.0], "k_pid_vsp": [227.58097505129658, 380.2259440156881, 1e-06]}, "datetime": {"datetime": "2025-08-20 20:37:17", "elapsed": 31492.15499663353, "delta": 16.193212270736694}, "costs": {"total_cost": 172.37807147399715, "time_cost": 69.864, "final_distance_cost": 1.8197284671285119, "oscillation_cost": 27.063113178164244, "completition_cost": 0.0, "overshoot_cost": 50.4541393369634, "power_cost": 11.837052160644532, "noise_cost": 11.340038331096446, "n_waypoints_completed": 9, "tot_waypoints": 9}}
{"target": -172.09594257094074, "params": {"k_pid_pos": [1.3117979144538205, 0.0, 0.5876559479351259], "k_pid_alt": [1.9999071540950484, 0.0, 0.0], "k_pid_att": [25.87377924792906, 0.0001, 0.30870685494692696], "k_pid_yaw": [0.5, 1e-06, 0.1], "k_pid_hsp": [0.11668114852801398, 8.125122240169263e-05, 0.0], "k_pid_vsp": [240.0498023705007, 376.6971748243135, 1e-06]}, "datetime": {"datetime": "2025-08-20 20:37:33", "elapsed": 31507.79629087448, "delta": 15.641294240951538}, "costs": {"total_cost": 172.09594257094074, "time_cost": 70.48, "final_distance_cost": 1.816227067080768, "oscillation_cost": 25.74846403550421, "completition_cost": 0.0, "overshoot_cost": 50.797941164698244, "power_cost": 11.890416223144532, "noise_cost": 11.36289408051295, "n_waypoints_completed": 9, "tot_waypoints": 9}}
{"target": -172.74752752865615, "params": {"k_pid_pos": [1.361815089007681, 0.0, 0.38360294292397934], "k_pid_alt": [1.9996024014061038, 0.0, 0.0], "k_pid_att": [17.999310236899344, 0.0001, 0.3158045781507985], "k_pid_yaw": [0.5, 1e-06, 0.1], "k_pid_hsp": [0.09285418632406661, 0.00017065830986150813, 0.0], "k_pid_vsp": [229.00566154320566, 376.1059014808871, 1e-06]}, "datetime": {"datetime": "2025-08-20 20:37:49", "elapsed": 31524.347501039505, "delta": 16.551210165023804}, "costs": {"total_cost": 172.74752752865615, "time_cost": 70.016, "final_distance_cost": 1.8085742801277085, "oscillation_cost": 26.849902009198455, "completition_cost": 0.0, "overshoot_cost": 51.2586238547895, "power_cost": 11.71003291015625, "noise_cost": 11.1043944743842, "n_waypoints_completed": 9, "tot_waypoints": 9}}
{"target": -172.0370893878053, "params": {"k_pid_pos": [1.3275622550029738, 0.0, 0.6134611968564558], "k_pid_alt": [1.999849072953276, 0.0, 0.0], "k_pid_att": [31.29852443443475, 0.0001, 0.3062915896033878], "k_pid_yaw": [0.5, 1e-06, 0.1], "k_pid_hsp": [0.08575455362912163, 0.00011639243015456655, 0.0], "k_pid_vsp": [242.86558778621477, 398.21749811493413, 1e-06]}, "datetime": {"datetime": "2025-08-20 20:38:05", "elapsed": 31540.440323352814, "delta": 16.092822313308716}, "costs": {"total_cost": 172.0370893878053, "time_cost": 70.592, "final_distance_cost": 1.8228294477926608, "oscillation_cost": 25.33357944537538, "completition_cost": 0.0, "overshoot_cost": 50.90149837170819, "power_cost": 11.98882802734375, "noise_cost": 11.398354095585342, "n_waypoints_completed": 9, "tot_waypoints": 9}}
{"target": -172.9267273626069, "params": {"k_pid_pos": [1.4029622114286089, 0.0, 0.5072015718049203], "k_pid_alt": [1.9885402067708313, 0.0, 0.0], "k_pid_att": [27.21183563560628, 0.0001, 0.31565135393579774], "k_pid_yaw": [0.5, 1e-06, 0.1], "k_pid_hsp": [0.10067617032856009, 3.8623413998856606e-05, 0.0], "k_pid_vsp": [267.0606040353664, 366.5153903486298, 1e-06]}, "datetime": {"datetime": "2025-08-20 20:38:22", "elapsed": 31556.67840409279, "delta": 16.238080739974976}, "costs": {"total_cost": 172.9267273626069, "time_cost": 70.104, "final_distance_cost": 1.8233781951773131, "oscillation_cost": 26.500520500970644, "completition_cost": 0.0, "overshoot_cost": 51.357401487431645, "power_cost": 11.835097106933594, "noise_cost": 11.306330072093699, "n_waypoints_completed": 9, "tot_waypoints": 9}}
{"target": -174.06025425512718, "params": {"k_pid_pos": [1.5026810730462445, 0.0, 1.0], "k_pid_alt": [1.9999486475610802, 0.0, 0.0], "k_pid_att": [29.22088365860984, 0.0001, 0.31411700075969745], "k_pid_yaw": [0.5, 1e-06, 0.1], "k_pid_hsp": [0.06661590130658623, 0.00022203991260963784, 0.0], "k_pid_vsp": [248.9935756293527, 396.1939019876779, 1e-06]}, "datetime": {"datetime": "2025-08-20 20:38:38", "elapsed": 31572.908561229706, "delta": 16.230157136917114}, "costs": {"total_cost": 174.06025425512718, "time_cost": 71.616, "final_distance_cost": 1.8101217452307907, "oscillation_cost": 24.37561817870132, "completition_cost": 0.0, "overshoot_cost": 52.13563128661056, "power_cost": 12.340601330566408, "noise_cost": 11.7822817140181, "n_waypoints_completed": 9, "tot_waypoints": 9}}
{"target": -174.74227425996725, "params": {"k_pid_pos": [1.426844944639896, 0.0, 0.9476825731303021], "k_pid_alt": [1.9999940305004447, 0.0, 0.0], "k_pid_att": [33.031244614992666, 0.0001, 0.05276387661427523], "k_pid_yaw": [0.5, 1e-06, 0.1], "k_pid_hsp": [0.07903899840019911, 0.004034712606070598, 0.0], "k_pid_vsp": [254.07098130478957, 343.4864282389252, 1e-06]}, "datetime": {"datetime": "2025-08-20 20:38:53", "elapsed": 31588.28346157074, "delta": 15.374900341033936}, "costs": {"total_cost": 174.74227425996725, "time_cost": 70.96000000000001, "final_distance_cost": 1.815656181022488, "oscillation_cost": 27.413484190586463, "completition_cost": 0.0, "overshoot_cost": 51.374030700113735, "power_cost": 11.779065710449219, "noise_cost": 11.400037477795301, "n_waypoints_completed": 9, "tot_waypoints": 9}}
{"target": -172.29937003551217, "params": {"k_pid_pos": [1.3093832487617627, 0.0, 0.6222964461296722], "k_pid_alt": [1.9998918279006388, 0.0, 0.0], "k_pid_att": [34.48005579257115, 0.0001, 0.3272221774274916], "k_pid_yaw": [0.5, 1e-06, 0.1], "k_pid_hsp": [0.09824131538290842, 4.8588611847246916e-05, 0.0], "k_pid_vsp": [262.9483445736857, 400.0, 1e-06]}, "datetime": {"datetime": "2025-08-20 20:39:10", "elapsed": 31604.80055308342, "delta": 16.517091512680054}, "costs": {"total_cost": 172.29937003551217, "time_cost": 70.616, "final_distance_cost": 1.829202312583983, "oscillation_cost": 25.20510846023801, "completition_cost": 0.0, "overshoot_cost": 51.24288447741715, "power_cost": 12.089059252929689, "noise_cost": 11.317115532343301, "n_waypoints_completed": 9, "tot_waypoints": 9}}
{"target": -172.32991704068542, "params": {"k_pid_pos": [1.3092621285664723, 0.0, 0.6505450834569767], "k_pid_alt": [1.9998575904781917, 0.0, 0.0], "k_pid_att": [32.551752390316736, 0.0001, 0.3468824310906804], "k_pid_yaw": [0.5, 1e-06, 0.1], "k_pid_hsp": [0.11305652870345044, 7.827027473432174e-05, 0.0], "k_pid_vsp": [255.30150674721722, 315.3631466127171, 1e-06]}, "datetime": {"datetime": "2025-08-20 20:39:25", "elapsed": 31620.12937426567, "delta": 15.328821182250977}, "costs": {"total_cost": 172.32991704068542, "time_cost": 70.70400000000001, "final_distance_cost": 1.8286163158125854, "oscillation_cost": 25.224887432667014, "completition_cost": 0.0, "overshoot_cost": 51.079539617306686, "power_cost": 12.088422033691407, "noise_cost": 11.404451641207716, "n_waypoints_completed": 9, "tot_waypoints": 9}}
{"target": -175.04305344525798, "params": {"k_pid_pos": [1.3126214808437215, 0.0, 1.0], "k_pid_alt": [1.9996743214612298, 0.0, 0.0], "k_pid_att": [22.315755451197308, 0.0001, 0.3239736083633357], "k_pid_yaw": [0.5, 1e-06, 0.1], "k_pid_hsp": [0.1175825225689533, 0.00017633513973116117, 0.0], "k_pid_vsp": [245.68894498362312, 392.9081592360678, 1e-06]}, "datetime": {"datetime": "2025-08-20 20:39:42", "elapsed": 31636.80105495453, "delta": 16.671680688858032}, "costs": {"total_cost": 175.04305344525798, "time_cost": 72.496, "final_distance_cost": 1.8434358259454873, "oscillation_cost": 25.08243970307049, "completition_cost": 0.0, "overshoot_cost": 50.664369476133224, "power_cost": 12.84938153076172, "noise_cost": 12.107426909347067, "n_waypoints_completed": 9, "tot_waypoints": 9}}
{"target": -172.5866759571691, "params": {"k_pid_pos": [1.3505244041074433, 0.0, 0.8506024157230618], "k_pid_alt": [1.9998998670391106, 0.0, 0.0], "k_pid_att": [28.381645038495222, 0.0001, 0.3022037994644568], "k_pid_yaw": [0.5, 1e-06, 0.1], "k_pid_hsp": [0.09720050872154323, 0.0, 0.0], "k_pid_vsp": [187.1767550008594, 394.44648058254666, 1e-06]}, "datetime": {"datetime": "2025-08-20 20:39:57", "elapsed": 31652.077799081802, "delta": 15.27674412727356}, "costs": {"total_cost": 172.5866759571691, "time_cost": 71.208, "final_distance_cost": 1.842009074477185, "oscillation_cost": 24.793612295763534, "completition_cost": 0.0, "overshoot_cost": 51.309687101367736, "power_cost": 11.939278283691406, "noise_cost": 11.494089201869242, "n_waypoints_completed": 9, "tot_waypoints": 9}}
{"target": -171.43098297155208, "params": {"k_pid_pos": [1.3990307362442347, 0.0, 0.6532957978226974], "k_pid_alt": [1.9999432155971868, 0.0, 0.0], "k_pid_att": [32.21181871811054, 0.0001, 0.31097687901852467], "k_pid_yaw": [0.5, 1e-06, 0.1], "k_pid_hsp": [0.10349244762479828, 6.988446688318309e-05, 0.0], "k_pid_vsp": [261.7353670558393, 400.0, 1e-06]}, "datetime": {"datetime": "2025-08-20 20:40:14", "elapsed": 31668.638160467148, "delta": 16.56036138534546}, "costs": {"total_cost": 171.43098297155208, "time_cost": 70.48, "final_distance_cost": 1.8105665190289133, "oscillation_cost": 25.57688358643768, "completition_cost": 0.0, "overshoot_cost": 50.7126210211402, "power_cost": 11.619667456054689, "noise_cost": 11.231244388890609, "n_waypoints_completed": 9, "tot_waypoints": 9}}
{"target": -171.9746837638088, "params": {"k_pid_pos": [1.3495116238727363, 0.0, 0.6225171155918581], "k_pid_alt": [1.9998840439429542, 0.0, 0.0], "k_pid_att": [38.31035908592515, 0.0001, 0.33826912041188123], "k_pid_yaw": [0.5, 1e-06, 0.1], "k_pid_hsp": [0.08941518249040047, 1.1777170472766006e-05, 0.0], "k_pid_vsp": [255.44875507151633, 347.8632158246017, 1e-06]}, "datetime": {"datetime": "2025-08-20 20:40:29", "elapsed": 31684.460122823715, "delta": 15.821962356567383}, "costs": {"total_cost": 171.9746837638088, "time_cost": 70.528, "final_distance_cost": 1.8136836342084357, "oscillation_cost": 25.23549585318612, "completition_cost": 0.0, "overshoot_cost": 51.506323172346264, "power_cost": 11.74615428466797, "noise_cost": 11.14502681940001, "n_waypoints_completed": 9, "tot_waypoints": 9}}
{"target": -172.03628277695992, "params": {"k_pid_pos": [1.3229109272966062, 0.0, 0.6235884788014092], "k_pid_alt": [1.9998878345749418, 0.0, 0.0], "k_pid_att": [26.681964982575412, 0.0001, 0.319088466882988], "k_pid_yaw": [0.5, 1e-06, 0.1], "k_pid_hsp": [0.09079021890510591, 6.38788039606498e-05, 0.0], "k_pid_vsp": [250.39869571709198, 394.32310297629607, 1e-06]}, "datetime": {"datetime": "2025-08-20 20:40:45", "elapsed": 31700.49867415428, "delta": 16.038551330566406}, "costs": {"total_cost": 172.03628277695992, "time_cost": 70.57600000000001, "final_distance_cost": 1.8126880448371205, "oscillation_cost": 25.235132342903817, "completition_cost": 0.0, "overshoot_cost": 51.49884793521358, "power_cost": 11.639349157714845, "noise_cost": 11.274265296290574, "n_waypoints_completed": 9, "tot_waypoints": 9}}
{"target": -172.38672879809118, "params": {"k_pid_pos": [1.477381905608677, 0.0, 0.6759843762793541], "k_pid_alt": [1.8326466863492243, 0.0, 0.0], "k_pid_att": [24.99783180838601, 0.0001, 0.32406630460001146], "k_pid_yaw": [0.5, 1e-06, 0.1], "k_pid_hsp": [0.1099588430497628, 0.0, 0.0], "k_pid_vsp": [239.68640660440616, 357.5676342774437, 1e-06]}, "datetime": {"datetime": "2025-08-20 20:41:02", "elapsed": 31716.564723968506, "delta": 16.066049814224243}, "costs": {"total_cost": 172.38672879809118, "time_cost": 70.056, "final_distance_cost": 1.8183415468575168, "oscillation_cost": 26.48596361966862, "completition_cost": 0.0, "overshoot_cost": 51.039336891198644, "power_cost": 11.812582556152345, "noise_cost": 11.174504184214065, "n_waypoints_completed": 9, "tot_waypoints": 9}}
{"target": -172.5465214490709, "params": {"k_pid_pos": [1.390997801973801, 0.0, 0.5401536152646601], "k_pid_alt": [1.9999303627264888, 0.0, 0.0], "k_pid_att": [18.69096685168428, 0.0001, 0.31479863279483283], "k_pid_yaw": [0.5, 1e-06, 0.1], "k_pid_hsp": [0.09086367281255685, 6.222496151932113e-05, 0.0], "k_pid_vsp": [230.41986677979284, 397.9221652620732, 1e-06]}, "datetime": {"datetime": "2025-08-20 20:41:18", "elapsed": 31732.84766793251, "delta": 16.282943964004517}, "costs": {"total_cost": 172.5465214490709, "time_cost": 70.248, "final_distance_cost": 1.7936829786686204, "oscillation_cost": 26.066812224801094, "completition_cost": 0.0, "overshoot_cost": 51.102169474738886, "power_cost": 12.049031103515626, "noise_cost": 11.286825667346642, "n_waypoints_completed": 9, "tot_waypoints": 9}}
{"target": -171.56795053911168, "params": {"k_pid_pos": [1.3458755501312112, 0.0, 0.6396175652679305], "k_pid_alt": [1.9999056883217987, 0.0, 0.0], "k_pid_att": [27.725963716902385, 0.0001, 0.322003652238901], "k_pid_yaw": [0.5, 1e-06, 0.1], "k_pid_hsp": [0.10084146266684281, 4.94155461275495e-05, 0.0], "k_pid_vsp": [248.68834581651504, 366.6761916099613, 1e-06]}, "datetime": {"datetime": "2025-08-20 20:41:34", "elapsed": 31748.888308525085, "delta": 16.040640592575073}, "costs": {"total_cost": 171.56795053911168, "time_cost": 70.568, "final_distance_cost": 1.8111212915590529, "oscillation_cost": 25.427032586851308, "completition_cost": 0.0, "overshoot_cost": 50.97518425818926, "power_cost": 11.562575976562501, "noise_cost": 11.224036425949551, "n_waypoints_completed": 9, "tot_waypoints": 9}}
{"target": -172.04727430207112, "params": {"k_pid_pos": [1.3195545787287717, 0.0, 0.65876063590016], "k_pid_alt": [1.9999566107897266, 0.0, 0.0], "k_pid_att": [31.980038880407687, 0.0001, 0.344179087588221], "k_pid_yaw": [0.5, 1e-06, 0.1], "k_pid_hsp": [0.09272308607154131, 1.1162588106387803e-05, 0.0], "k_pid_vsp": [264.6966527368698, 367.8165386431893, 1e-06]}, "datetime": {"datetime": "2025-08-20 20:41:49", "elapsed": 31763.989790201187, "delta": 15.101481676101685}, "costs": {"total_cost": 172.04727430207112, "time_cost": 70.696, "final_distance_cost": 1.827084521104251, "oscillation_cost": 24.90740635071613, "completition_cost": 0.0, "overshoot_cost": 51.04279739495427, "power_cost": 12.130530126953126, "noise_cost": 11.44345590834335, "n_waypoints_completed": 9, "tot_waypoints": 9}}
{"target": -172.28063981630328, "params": {"k_pid_pos": [1.3518375423455797, 0.0, 0.6100722289221439], "k_pid_alt": [1.9999451376445632, 0.0, 0.0], "k_pid_att": [27.024788182924706, 0.0001, 0.244351574071658], "k_pid_yaw": [0.5, 1e-06, 0.1], "k_pid_hsp": [0.09079632249787206, 5.3832053796405565e-05, 0.0], "k_pid_vsp": [251.614767755409, 400.0, 1e-06]}, "datetime": {"datetime": "2025-08-20 20:42:06", "elapsed": 31780.582850933075, "delta": 16.593060731887817}, "costs": {"total_cost": 172.28063981630328, "time_cost": 70.456, "final_distance_cost": 1.8075364281697504, "oscillation_cost": 25.55572807253687, "completition_cost": 0.0, "overshoot_cost": 51.64550584929209, "power_cost": 11.592271411132813, "noise_cost": 11.223598055171758, "n_waypoints_completed": 9, "tot_waypoints": 9}}
{"target": -172.40435696497858, "params": {"k_pid_pos": [1.335142827825593, 0.0, 0.8555843307041934], "k_pid_alt": [1.9736656316126036, 0.0, 0.0], "k_pid_att": [24.638178842550623, 0.0001, 0.32419330500940424], "k_pid_yaw": [0.5, 1e-06, 0.1], "k_pid_hsp": [0.11026198990540342, 5.4809014765992164e-05, 0.0], "k_pid_vsp": [232.54699488044133, 393.5393658705566, 1e-06]}, "datetime": {"datetime": "2025-08-20 20:42:21", "elapsed": 31795.95169901848, "delta": 15.368848085403442}, "costs": {"total_cost": 172.40435696497858, "time_cost": 71.288, "final_distance_cost": 1.8431713856139411, "oscillation_cost": 24.823848488998983, "completition_cost": 0.0, "overshoot_cost": 51.20130781027245, "power_cost": 11.811427575683595, "noise_cost": 11.436601704409583, "n_waypoints_completed": 9, "tot_waypoints": 9}}
{"target": -172.0939445275679, "params": {"k_pid_pos": [1.3070561072593683, 0.0, 0.7097213838613197], "k_pid_alt": [1.9998543805684335, 0.0, 0.0], "k_pid_att": [13.786330994316987, 0.0001, 0.2957823996559775], "k_pid_yaw": [0.5, 1e-06, 0.1], "k_pid_hsp": [0.09643137789419495, 5.590588549123668e-05, 0.0], "k_pid_vsp": [260.77589039296123, 385.14153736335163, 1e-06]}, "datetime": {"datetime": "2025-08-20 20:42:39", "elapsed": 31813.79102730751, "delta": 17.839328289031982}, "costs": {"total_cost": 172.0939445275679, "time_cost": 70.784, "final_distance_cost": 1.833034253064711, "oscillation_cost": 24.861329596205945, "completition_cost": 0.0, "overshoot_cost": 51.23441681207262, "power_cost": 11.99963035888672, "noise_cost": 11.381533507337918, "n_waypoints_completed": 9, "tot_waypoints": 9}}
{"target": -172.058341380291, "params": {"k_pid_pos": [1.3807305580692457, 0.0, 0.7221904768144891], "k_pid_alt": [1.9999192195879831, 0.0, 0.0], "k_pid_att": [22.49710045756685, 0.0001, 0.2756180717666267], "k_pid_yaw": [0.5, 1e-06, 0.1], "k_pid_hsp": [0.09814889469942181, 1.7173906013451078e-05, 0.0], "k_pid_vsp": [186.16998661808694, 398.47421904843077, 1e-06]}, "datetime": {"datetime": "2025-08-20 20:42:54", "elapsed": 31828.902026176453, "delta": 15.11099886894226}, "costs": {"total_cost": 172.058341380291, "time_cost": 70.672, "final_distance_cost": 1.8211419462756062, "oscillation_cost": 25.362898891497462, "completition_cost": 0.0, "overshoot_cost": 51.16901886804223, "power_cost": 11.790482678222657, "noise_cost": 11.242798996253061, "n_waypoints_completed": 9, "tot_waypoints": 9}}
{"target": -172.74316683544066, "params": {"k_pid_pos": [1.3147004217087304, 0.0, 0.7461075401276558], "k_pid_alt": [1.9998857445354865, 0.0, 0.0], "k_pid_att": [26.20432523131323, 0.0001, 0.35278081408304013], "k_pid_yaw": [0.5, 1e-06, 0.1], "k_pid_hsp": [0.0879376245208323, 5.6398877871060064e-05, 0.0], "k_pid_vsp": [253.39659523335456, 393.7899889138364, 1e-06]}, "datetime": {"datetime": "2025-08-20 20:43:11", "elapsed": 31845.816593170166, "delta": 16.91456699371338}, "costs": {"total_cost": 172.74316683544066, "time_cost": 70.944, "final_distance_cost": 1.8108235353333733, "oscillation_cost": 24.872487748460866, "completition_cost": 0.0, "overshoot_cost": 51.482716947347285, "power_cost": 12.091369738769531, "noise_cost": 11.541768865529583, "n_waypoints_completed": 9, "tot_waypoints": 9}}
