{"target": -654.309910308225, "params": {"k_pid_pos": [1.5508798734251743, 0.0, 0.8856096533933855], "k_pid_alt": [2.0, 0.0, 0.0], "k_pid_att": [23.568724373463063, 0.0001, 0.359844944320623], "k_pid_yaw": [0.5, 1e-06, 0.1], "k_pid_hsp": [0.0145822678112357, 0.0, 0.0], "k_pid_vsp": [247.27086980047258, 260.18070828863773, 1e-06]}, "datetime": {"datetime": "2025-08-20 15:49:24", "elapsed": 14218.564962387085, "delta": 21.80072283744812}, "costs": {"total_cost": 654.309910308225, "time_cost": 150, "final_distance_cost": 73.68004646731269, "oscillation_cost": 7.129351066208719, "completition_cost": 333.33333333333337, "overshoot_cost": 61.595183459986295, "power_cost": 14.981822827148438, "noise_cost": 13.590173154235499, "n_waypoints_completed": 6, "tot_waypoints": 9}}
{"target": -172.61651719018852, "params": {"k_pid_pos": [1.535041936856106, 0.0, 0.7783854816482803], "k_pid_alt": [2.0, 0.0, 0.0], "k_pid_att": [16.162684813307244, 0.0001, 0.32487335964179426], "k_pid_yaw": [0.5, 1e-06, 0.1], "k_pid_hsp": [0.137032192297627, 0.0, 0.0], "k_pid_vsp": [248.02172991031546, 270.13424374612134, 1e-06]}, "datetime": {"datetime": "2025-08-20 15:49:39", "elapsed": 14234.198982954025, "delta": 15.634020566940308}, "costs": {"total_cost": 172.61651719018852, "time_cost": 70.44, "final_distance_cost": 1.8393257393851423, "oscillation_cost": 25.873992900163895, "completition_cost": 0.0, "overshoot_cost": 51.05337913267411, "power_cost": 12.03660126953125, "noise_cost": 11.37321814843412, "n_waypoints_completed": 9, "tot_waypoints": 9}}
{"target": -172.05769833062706, "params": {"k_pid_pos": [1.5350669271354553, 0.0, 0.8672451437984463], "k_pid_alt": [2.0, 0.0, 0.0], "k_pid_att": [30.17053715627075, 0.0001, 0.26460774405276444], "k_pid_yaw": [0.5, 1e-06, 0.1], "k_pid_hsp": [0.11560422717092159, 0.0, 0.0], "k_pid_vsp": [262.34126536799835, 256.1743959145028, 1e-06]}, "datetime": {"datetime": "2025-08-20 15:49:55", "elapsed": 14249.983342885971, "delta": 15.7843599319458}, "costs": {"total_cost": 172.05769833062706, "time_cost": 70.752, "final_distance_cost": 1.8269552852909055, "oscillation_cost": 25.323129302598527, "completition_cost": 0.0, "overshoot_cost": 51.0450866108521, "power_cost": 11.765495507812501, "noise_cost": 11.345031624073053, "n_waypoints_completed": 9, "tot_waypoints": 9}}
{"target": -173.55106840464046, "params": {"k_pid_pos": [1.628902014163636, 0.0, 0.8230139927901817], "k_pid_alt": [2.0, 0.0, 0.0], "k_pid_att": [17.639066369139606, 0.0001, 0.3312956330266127], "k_pid_yaw": [0.5, 1e-06, 0.1], "k_pid_hsp": [0.16279390969060686, 0.0, 0.0], "k_pid_vsp": [263.14849169691894, 160.81890894926028, 1e-06]}, "datetime": {"datetime": "2025-08-20 15:50:10", "elapsed": 14265.48418045044, "delta": 15.500837564468384}, "costs": {"total_cost": 173.55106840464046, "time_cost": 70.424, "final_distance_cost": 1.837855631153416, "oscillation_cost": 26.641203661400453, "completition_cost": 0.0, "overshoot_cost": 50.66922690569344, "power_cost": 12.361903649902345, "noise_cost": 11.616878556490784, "n_waypoints_completed": 9, "tot_waypoints": 9}}
{"target": -172.18109881141314, "params": {"k_pid_pos": [1.477705268713656, 0.0, 0.8702215250656588], "k_pid_alt": [1.972302169913792, 0.0, 0.0], "k_pid_att": [34.79666799045388, 0.0001, 0.4320281606364754], "k_pid_yaw": [0.5, 1e-06, 0.1], "k_pid_hsp": [0.10131357722855398, 0.0, 0.0], "k_pid_vsp": [250.29193206217747, 242.94245361644886, 1e-06]}, "datetime": {"datetime": "2025-08-20 15:50:26", "elapsed": 14281.168086767197, "delta": 15.683906316757202}, "costs": {"total_cost": 172.18109881141314, "time_cost": 70.856, "final_distance_cost": 1.8220555541296384, "oscillation_cost": 24.95088828763586, "completition_cost": 0.0, "overshoot_cost": 51.26215145031052, "power_cost": 11.889627868652344, "noise_cost": 11.400375650684765, "n_waypoints_completed": 9, "tot_waypoints": 9}}
{"target": -177.78527986951272, "params": {"k_pid_pos": [1.7756922472060641, 0.0, 0.9736275141874963], "k_pid_alt": [2.0, 0.0, 0.0], "k_pid_att": [25.352167226465124, 0.0001, 0.37683397453754314], "k_pid_yaw": [0.5, 1e-06, 0.1], "k_pid_hsp": [1.1317606239041174, 0.0, 0.0], "k_pid_vsp": [344.35745378878806, 235.13339184515115, 1e-06]}, "datetime": {"datetime": "2025-08-20 15:50:42", "elapsed": 14296.935851812363, "delta": 15.767765045166016}, "costs": {"total_cost": 177.78527986951272, "time_cost": 70.416, "final_distance_cost": 1.8440446385210776, "oscillation_cost": 31.212730182511876, "completition_cost": 0.0, "overshoot_cost": 50.43677680440568, "power_cost": 12.166287951660157, "noise_cost": 11.709440292413921, "n_waypoints_completed": 9, "tot_waypoints": 9}}
{"target": -173.65787024582522, "params": {"k_pid_pos": [1.629697098427921, 0.0, 0.8850782840949291], "k_pid_alt": [2.0, 0.0, 0.0], "k_pid_att": [27.243968413023442, 0.0001, 0.15328002012949976], "k_pid_yaw": [0.5, 1e-06, 0.1], "k_pid_hsp": [0.08625000592284536, 0.0, 0.0], "k_pid_vsp": [263.6827132961861, 211.84302174758105, 1e-06]}, "datetime": {"datetime": "2025-08-20 15:50:57", "elapsed": 14312.53653049469, "delta": 15.60067868232727}, "costs": {"total_cost": 173.65787024582522, "time_cost": 70.664, "final_distance_cost": 1.814857495393846, "oscillation_cost": 25.817981240713994, "completition_cost": 0.0, "overshoot_cost": 51.83968891149573, "power_cost": 12.102734106445313, "noise_cost": 11.418608491776318, "n_waypoints_completed": 9, "tot_waypoints": 9}}
{"target": -174.06046876026224, "params": {"k_pid_pos": [1.5879710176154151, 0.0, 0.8184496234927419], "k_pid_alt": [2.0, 0.0, 0.0], "k_pid_att": [21.15518279712744, 0.0001, 0.2529095067507132], "k_pid_yaw": [0.5, 1e-06, 0.1], "k_pid_hsp": [0.11300784754661042, 0.0, 0.0], "k_pid_vsp": [265.61617518396025, 250.13262070974196, 1e-06]}, "datetime": {"datetime": "2025-08-20 15:51:16", "elapsed": 14330.619873046875, "delta": 18.08334255218506}, "costs": {"total_cost": 174.06046876026224, "time_cost": 70.48, "final_distance_cost": 1.8384663479064236, "oscillation_cost": 25.93377013376481, "completition_cost": 0.0, "overshoot_cost": 51.933003145912856, "power_cost": 12.359804370117189, "noise_cost": 11.515424762560956, "n_waypoints_completed": 9, "tot_waypoints": 9}}
{"target": -172.67402680947066, "params": {"k_pid_pos": [1.4960908989980894, 0.0, 0.8693093379879754], "k_pid_alt": [1.9711413999230658, 0.0, 0.0], "k_pid_att": [47.43791006694978, 0.0001, 0.26427289496457473], "k_pid_yaw": [0.5, 1e-06, 0.1], "k_pid_hsp": [0.0947258544235094, 0.0, 0.0], "k_pid_vsp": [263.8961222304131, 271.8264736656067, 1e-06]}, "datetime": {"datetime": "2025-08-20 15:51:33", "elapsed": 14348.13836312294, "delta": 17.518490076065063}, "costs": {"total_cost": 172.67402680947066, "time_cost": 70.856, "final_distance_cost": 1.8225939495756125, "oscillation_cost": 25.177564741960115, "completition_cost": 0.0, "overshoot_cost": 51.55849049807135, "power_cost": 11.77291533203125, "noise_cost": 11.486462287832317, "n_waypoints_completed": 9, "tot_waypoints": 9}}
{"target": -172.2438197332257, "params": {"k_pid_pos": [1.5340633448736638, 0.0, 0.8961590740453881], "k_pid_alt": [1.9111969146467043, 0.0, 0.0], "k_pid_att": [9.935749203596785, 0.0001, 0.30480794437679704], "k_pid_yaw": [0.5, 1e-06, 0.1], "k_pid_hsp": [0.08608893595582512, 0.0, 0.0], "k_pid_vsp": [223.8084307493807, 305.25551605615925, 1e-06]}, "datetime": {"datetime": "2025-08-20 15:51:49", "elapsed": 14364.072130203247, "delta": 15.933767080307007}, "costs": {"total_cost": 172.2438197332257, "time_cost": 70.536, "final_distance_cost": 1.8341840605270208, "oscillation_cost": 25.423216163946577, "completition_cost": 0.0, "overshoot_cost": 51.35995976947678, "power_cost": 11.828114685058594, "noise_cost": 11.26234505421676, "n_waypoints_completed": 9, "tot_waypoints": 9}}
{"target": -171.90657646962, "params": {"k_pid_pos": [1.5126480759501606, 0.0, 0.8611793440432953], "k_pid_alt": [2.0, 0.0, 0.0], "k_pid_att": [30.063699587741727, 0.0001, 0.2856728114533485], "k_pid_yaw": [0.5, 1e-06, 0.1], "k_pid_hsp": [0.12766490686767834, 0.0, 0.0], "k_pid_vsp": [275.98944322260695, 262.08905939737724, 1e-06]}, "datetime": {"datetime": "2025-08-20 15:52:05", "elapsed": 14380.172829389572, "delta": 16.100699186325073}, "costs": {"total_cost": 171.90657646962, "time_cost": 70.784, "final_distance_cost": 1.8436805420342612, "oscillation_cost": 25.350497089220593, "completition_cost": 0.0, "overshoot_cost": 50.84799711787013, "power_cost": 11.803492443847658, "noise_cost": 11.276909276647348, "n_waypoints_completed": 9, "tot_waypoints": 9}}
{"target": -172.73254074235817, "params": {"k_pid_pos": [1.4849028790318832, 0.0, 0.7870266600269337], "k_pid_alt": [2.0, 0.0, 0.0], "k_pid_att": [34.84489738000362, 0.0001, 0.1683218031872243], "k_pid_yaw": [0.5, 1e-06, 0.1], "k_pid_hsp": [0.13493347418872403, 0.0, 0.0], "k_pid_vsp": [243.97304951601524, 267.43837985484004, 1e-06]}, "datetime": {"datetime": "2025-08-20 15:52:21", "elapsed": 14396.10733294487, "delta": 15.934503555297852}, "costs": {"total_cost": 172.73254074235817, "time_cost": 70.616, "final_distance_cost": 1.841747797793929, "oscillation_cost": 26.24326771041593, "completition_cost": 0.0, "overshoot_cost": 50.19935233293553, "power_cost": 12.210082006835938, "noise_cost": 11.622090894376841, "n_waypoints_completed": 9, "tot_waypoints": 9}}
{"target": -172.99053997081904, "params": {"k_pid_pos": [1.6048051601949176, 0.0, 0.9560002185679359], "k_pid_alt": [2.0, 0.0, 0.0], "k_pid_att": [40.35499985614992, 0.0001, 0.24927400985550632], "k_pid_yaw": [0.5, 1e-06, 0.1], "k_pid_hsp": [0.08751486066379473, 1.4936761647087323e-06, 0.0], "k_pid_vsp": [206.05563570230188, 159.95210396511652, 1e-06]}, "datetime": {"datetime": "2025-08-20 15:52:36", "elapsed": 14411.522345781326, "delta": 15.415012836456299}, "costs": {"total_cost": 172.99053997081904, "time_cost": 70.976, "final_distance_cost": 1.8333050302591678, "oscillation_cost": 25.282146952924297, "completition_cost": 0.0, "overshoot_cost": 51.69317837401028, "power_cost": 11.82954384765625, "noise_cost": 11.376365765969053, "n_waypoints_completed": 9, "tot_waypoints": 9}}
{"target": -172.52420895330744, "params": {"k_pid_pos": [1.4413630370678587, 0.0, 0.8238099348403642], "k_pid_alt": [2.0, 0.0, 0.0], "k_pid_att": [20.523622863745636, 0.0001, 0.200799262384416], "k_pid_yaw": [0.5, 1e-06, 0.1], "k_pid_hsp": [0.14853573990876823, 0.0, 0.0], "k_pid_vsp": [239.22038969488264, 298.9494386215214, 1e-06]}, "datetime": {"datetime": "2025-08-20 15:52:53", "elapsed": 14428.535098314285, "delta": 17.012752532958984}, "costs": {"total_cost": 172.52420895330744, "time_cost": 70.784, "final_distance_cost": 1.8446735665356315, "oscillation_cost": 25.661056768849644, "completition_cost": 0.0, "overshoot_cost": 50.64274364856583, "power_cost": 12.102775720214844, "noise_cost": 11.488959249141448, "n_waypoints_completed": 9, "tot_waypoints": 9}}
{"target": -172.37640962155774, "params": {"k_pid_pos": [1.613657096831789, 0.0, 0.9373929030284469], "k_pid_alt": [1.9910613120930303, 0.0, 0.0], "k_pid_att": [35.7351977391258, 0.0001, 0.27957101209674623], "k_pid_yaw": [0.5, 1e-06, 0.1], "k_pid_hsp": [0.1329296317243158, 0.0, 0.0], "k_pid_vsp": [244.09997348569922, 156.19248246363242, 1e-06]}, "datetime": {"datetime": "2025-08-20 15:53:10", "elapsed": 14444.995780706406, "delta": 16.46068239212036}, "costs": {"total_cost": 172.37640962155774, "time_cost": 70.776, "final_distance_cost": 1.8408379986036685, "oscillation_cost": 25.55611149265997, "completition_cost": 0.0, "overshoot_cost": 50.718785270202446, "power_cost": 12.00804169921875, "noise_cost": 11.476633160872913, "n_waypoints_completed": 9, "tot_waypoints": 9}}
{"target": -173.25878424248037, "params": {"k_pid_pos": [1.550597672960773, 0.0, 0.8807279782234008], "k_pid_alt": [2.0, 0.0, 0.0], "k_pid_att": [16.21493579538461, 0.0001, 0.31198960067333503], "k_pid_yaw": [0.5, 1e-06, 0.1], "k_pid_hsp": [0.1195817913867102, 0.0, 0.0], "k_pid_vsp": [260.34710339710614, 135.92343921207947, 1e-06]}, "datetime": {"datetime": "2025-08-20 15:53:25", "elapsed": 14460.414739131927, "delta": 15.41895842552185}, "costs": {"total_cost": 173.25878424248037, "time_cost": 70.83200000000001, "final_distance_cost": 1.8436425938765302, "oscillation_cost": 25.480944971815187, "completition_cost": 0.0, "overshoot_cost": 51.53144918687485, "power_cost": 12.009289880371094, "noise_cost": 11.561457609542714, "n_waypoints_completed": 9, "tot_waypoints": 9}}
{"target": -172.53333102209115, "params": {"k_pid_pos": [1.4919850179593241, 0.0, 0.925823400270462], "k_pid_alt": [2.0, 0.0, 0.0], "k_pid_att": [26.83382520178026, 0.0001, 0.22510877302541332], "k_pid_yaw": [0.5, 1e-06, 0.1], "k_pid_hsp": [0.11945512299596917, 0.0, 0.0], "k_pid_vsp": [285.833821629434, 262.67404860555746, 1e-06]}, "datetime": {"datetime": "2025-08-20 15:53:41", "elapsed": 14476.311088562012, "delta": 15.896349430084229}, "costs": {"total_cost": 172.53333102209115, "time_cost": 71.032, "final_distance_cost": 1.84398059291054, "oscillation_cost": 24.992614639645815, "completition_cost": 0.0, "overshoot_cost": 50.94774006779683, "power_cost": 12.135365161132814, "noise_cost": 11.581630560605156, "n_waypoints_completed": 9, "tot_waypoints": 9}}
{"target": -172.7165248826993, "params": {"k_pid_pos": [1.5456001404929307, 0.0, 0.8781427855902675], "k_pid_alt": [2.0, 0.0, 0.0], "k_pid_att": [50.696484901624, 0.0001, 0.2862358188691956], "k_pid_yaw": [0.5, 1e-06, 0.1], "k_pid_hsp": [0.0998649604427152, 8.203565979181696e-05, 0.0], "k_pid_vsp": [264.81417387002904, 295.81502469335067, 1e-06]}, "datetime": {"datetime": "2025-08-20 15:53:57", "elapsed": 14492.048465967178, "delta": 15.737377405166626}, "costs": {"total_cost": 172.7165248826993, "time_cost": 70.776, "final_distance_cost": 1.826222136404406, "oscillation_cost": 25.36282501922905, "completition_cost": 0.0, "overshoot_cost": 51.701112470975, "power_cost": 11.724736560058595, "noise_cost": 11.325628696032242, "n_waypoints_completed": 9, "tot_waypoints": 9}}
{"target": -172.89592133856596, "params": {"k_pid_pos": [1.5569501718562209, 0.0, 0.7834850895058121], "k_pid_alt": [2.0, 0.0, 0.0], "k_pid_att": [12.353608202513753, 0.0001, 0.2602798068690678], "k_pid_yaw": [0.5, 1e-06, 0.1], "k_pid_hsp": [0.07662460418105244, 0.0, 0.0], "k_pid_vsp": [251.03155396038483, 207.23357334915295, 1e-06]}, "datetime": {"datetime": "2025-08-20 15:54:12", "elapsed": 14507.479228973389, "delta": 15.430763006210327}, "costs": {"total_cost": 172.89592133856596, "time_cost": 70.656, "final_distance_cost": 1.7993369467176397, "oscillation_cost": 25.249393584427928, "completition_cost": 0.0, "overshoot_cost": 51.67472537555601, "power_cost": 12.115228942871095, "noise_cost": 11.401236488993277, "n_waypoints_completed": 9, "tot_waypoints": 9}}
{"target": -171.93203358214467, "params": {"k_pid_pos": [1.5187861109537921, 0.0, 0.869191367709435], "k_pid_alt": [2.0, 0.0, 0.0], "k_pid_att": [27.324848819700826, 0.0001, 0.2617935291915526], "k_pid_yaw": [0.5, 1e-06, 0.1], "k_pid_hsp": [0.11423686368299071, 0.0, 0.0], "k_pid_vsp": [257.4858111737262, 303.41327548117465, 1e-06]}, "datetime": {"datetime": "2025-08-20 15:54:28", "elapsed": 14523.26564669609, "delta": 15.786417722702026}, "costs": {"total_cost": 171.93203358214467, "time_cost": 70.76, "final_distance_cost": 1.8253411813524145, "oscillation_cost": 25.326220664883397, "completition_cost": 0.0, "overshoot_cost": 51.091093569866274, "power_cost": 11.68763914794922, "noise_cost": 11.24173901809337, "n_waypoints_completed": 9, "tot_waypoints": 9}}
{"target": -172.86197059878958, "params": {"k_pid_pos": [1.542679101952428, 0.0, 0.9551758619546853], "k_pid_alt": [1.6005962795748245, 0.0, 0.0], "k_pid_att": [31.562341716721953, 0.0001, 0.1845346408411582], "k_pid_yaw": [0.5, 1e-06, 0.1], "k_pid_hsp": [0.11088722197249423, 0.0, 0.0], "k_pid_vsp": [289.3105557816067, 266.1311322570328, 1e-06]}, "datetime": {"datetime": "2025-08-20 15:54:44", "elapsed": 14539.41437625885, "delta": 16.1487295627594}, "costs": {"total_cost": 172.86197059878958, "time_cost": 70.528, "final_distance_cost": 1.8277274379048136, "oscillation_cost": 25.858436435223, "completition_cost": 0.0, "overshoot_cost": 51.27878940882545, "power_cost": 11.954662792968751, "noise_cost": 11.414354523867564, "n_waypoints_completed": 9, "tot_waypoints": 9}}
{"target": -172.9157047253976, "params": {"k_pid_pos": [1.7212963176938374, 0.0, 0.8668773243524062], "k_pid_alt": [2.0, 0.0, 0.0], "k_pid_att": [8.178258525794046, 0.0001, 0.2660767141407238], "k_pid_yaw": [0.5, 1e-06, 0.1], "k_pid_hsp": [0.1352062459461809, 0.0, 0.0], "k_pid_vsp": [275.95495799878967, 256.1421632182475, 1e-06]}, "datetime": {"datetime": "2025-08-20 15:55:00", "elapsed": 14554.798713207245, "delta": 15.384336948394775}, "costs": {"total_cost": 172.9157047253976, "time_cost": 70.224, "final_distance_cost": 1.8268878353157925, "oscillation_cost": 26.868246494677205, "completition_cost": 0.0, "overshoot_cost": 50.41401993143024, "power_cost": 12.197461791992188, "noise_cost": 11.385088671982162, "n_waypoints_completed": 9, "tot_waypoints": 9}}
{"target": -390.34520522086405, "params": {"k_pid_pos": [1.5817413935825815, 0.0, 0.9213335461677403], "k_pid_alt": [2.0, 0.0, 0.0], "k_pid_att": [29.990018983356194, 0.0001, 0.3432744995996147], "k_pid_yaw": [0.5, 1e-06, 0.1], "k_pid_hsp": [0.02099086356088678, 0.0, 0.0], "k_pid_vsp": [270.0070732387351, 272.0690014870952, 1e-06]}, "datetime": {"datetime": "2025-08-20 15:55:22", "elapsed": 14576.570201158524, "delta": 21.771487951278687}, "costs": {"total_cost": 390.34520522086405, "time_cost": 150, "final_distance_cost": 19.354885748686552, "oscillation_cost": 11.85936316809029, "completition_cost": 111.11111111111116, "overshoot_cost": 68.28357172333915, "power_cost": 14.867228820800783, "noise_cost": 14.86904464883611, "n_waypoints_completed": 8, "tot_waypoints": 9}}
{"target": -173.38065592142368, "params": {"k_pid_pos": [1.5175535458461458, 0.0, 0.8532400262442627], "k_pid_alt": [1.8623390886974707, 0.0, 0.0], "k_pid_att": [41.812622105153494, 0.0001, 0.10780999900038837], "k_pid_yaw": [0.5, 1e-06, 0.1], "k_pid_hsp": [0.10578782456213222, 0.0, 0.0], "k_pid_vsp": [257.14827925996246, 278.31532738575095, 1e-06]}, "datetime": {"datetime": "2025-08-20 15:55:37", "elapsed": 14592.28011751175, "delta": 15.709916353225708}, "costs": {"total_cost": 173.38065592142368, "time_cost": 70.536, "final_distance_cost": 1.8237007651684096, "oscillation_cost": 26.37635756727144, "completition_cost": 0.0, "overshoot_cost": 51.185685622341545, "power_cost": 12.024851135253908, "noise_cost": 11.434060831388386, "n_waypoints_completed": 9, "tot_waypoints": 9}}
{"target": -174.02622417211344, "params": {"k_pid_pos": [2.0, 0.0, 0.9776028221084105], "k_pid_alt": [2.0, 0.0, 0.0], "k_pid_att": [42.47068495794797, 0.0001, 0.3088902547875976], "k_pid_yaw": [0.5, 1e-06, 0.1], "k_pid_hsp": [0.16362959637909597, 0.0, 0.0], "k_pid_vsp": [287.89562974400303, 272.7561465646791, 1e-06]}, "datetime": {"datetime": "2025-08-20 15:55:53", "elapsed": 14608.034311294556, "delta": 15.754193782806396}, "costs": {"total_cost": 174.02622417211344, "time_cost": 70.136, "final_distance_cost": 1.8331456656929657, "oscillation_cost": 27.674270505689478, "completition_cost": 0.0, "overshoot_cost": 50.86779068449895, "power_cost": 12.064343518066407, "noise_cost": 11.450673798165639, "n_waypoints_completed": 9, "tot_waypoints": 9}}
{"target": -173.1493851418694, "params": {"k_pid_pos": [1.3308144370558241, 0.002911894620061968, 0.8254599957684347], "k_pid_alt": [2.0, 0.0, 0.0], "k_pid_att": [35.266907877510555, 0.0001, 0.3201852419813215], "k_pid_yaw": [0.5, 1e-06, 0.1], "k_pid_hsp": [0.19580149550939904, 0.0, 0.0], "k_pid_vsp": [258.74361117979373, 237.67227053048055, 1e-06]}, "datetime": {"datetime": "2025-08-20 15:56:09", "elapsed": 14623.668245077133, "delta": 15.633933782577515}, "costs": {"total_cost": 173.1493851418694, "time_cost": 71.48, "final_distance_cost": 1.849225328974992, "oscillation_cost": 25.72961003727025, "completition_cost": 0.0, "overshoot_cost": 50.653660503627634, "power_cost": 11.871879541015625, "noise_cost": 11.565009730980867, "n_waypoints_completed": 9, "tot_waypoints": 9}}
{"target": -173.3652707252321, "params": {"k_pid_pos": [1.6004945861565172, 0.0, 0.92376317004791], "k_pid_alt": [1.5440006839509883, 0.0, 0.0], "k_pid_att": [19.952664470074964, 0.0001, 0.37065937118967834], "k_pid_yaw": [0.5, 1e-06, 0.1], "k_pid_hsp": [0.10677820427631814, 0.002476098651502557, 0.0], "k_pid_vsp": [281.3655410025863, 325.79895747205256, 1e-06]}, "datetime": {"datetime": "2025-08-20 15:56:24", "elapsed": 14639.169304609299, "delta": 15.501059532165527}, "costs": {"total_cost": 173.3652707252321, "time_cost": 70.04, "final_distance_cost": 1.8211831851204119, "oscillation_cost": 26.704816107748695, "completition_cost": 0.0, "overshoot_cost": 50.854423208461526, "power_cost": 12.378375988769532, "noise_cost": 11.566472235131926, "n_waypoints_completed": 9, "tot_waypoints": 9}}
{"target": -173.00778236135613, "params": {"k_pid_pos": [1.5964310679388192, 0.0, 0.7948559770175022], "k_pid_alt": [2.0, 0.0, 0.0], "k_pid_att": [17.558262059924754, 0.0001, 0.27828719586047884], "k_pid_yaw": [0.5, 1e-06, 0.1], "k_pid_hsp": [0.0880512092139916, 0.0, 0.0], "k_pid_vsp": [288.0362617940611, 153.58535866902537, 1e-06]}, "datetime": {"datetime": "2025-08-20 15:56:40", "elapsed": 14654.869969367981, "delta": 15.700664758682251}, "costs": {"total_cost": 173.00778236135613, "time_cost": 70.64, "final_distance_cost": 1.8143694020376446, "oscillation_cost": 25.48230785532096, "completition_cost": 0.0, "overshoot_cost": 51.82221413879415, "power_cost": 11.903234313964845, "noise_cost": 11.345656651238528, "n_waypoints_completed": 9, "tot_waypoints": 9}}
