{"target": -174.12199511605678, "params": {"k_pid_pos": [1.3477108961511488, 0.0, 0.8473972100749944], "k_pid_alt": [1.7151898785306563, 0.0, 0.07573549615865796], "k_pid_att": [38.46285902048277, 0.0001, 0.4583103765888056], "k_pid_yaw": [0.5, 1e-06, 0.1], "k_pid_hsp": [0.17227670265375727, 0.0, 0.0], "k_pid_vsp": [272.0263456789185, 374.8060142456657, 1e-06]}, "datetime": {"datetime": "2025-08-20 15:26:29", "elapsed": 12844.326333999634, "delta": 16.730726957321167}, "costs": {"total_cost": 174.12199511605678, "time_cost": 71.272, "final_distance_cost": 1.8444125260764352, "oscillation_cost": 25.921859930313467, "completition_cost": 0.0, "overshoot_cost": 50.60963206075073, "power_cost": 12.655049438476563, "noise_cost": 11.819041160439584, "n_waypoints_completed": 9, "tot_waypoints": 9}}
{"target": -172.44332489489366, "params": {"k_pid_pos": [1.469428725723753, 0.0, 0.8265572623487051], "k_pid_alt": [2.0, 0.0, 0.0], "k_pid_att": [39.23305765349986, 0.0001, 0.24576712699261788], "k_pid_yaw": [0.5, 1e-06, 0.1], "k_pid_hsp": [0.10272595974999524, 0.0005727136745205714, 0.0], "k_pid_vsp": [243.04345348133373, 258.5820896803985, 1e-06]}, "datetime": {"datetime": "2025-08-20 15:26:47", "elapsed": 12861.913746595383, "delta": 17.5874125957489}, "costs": {"total_cost": 172.44332489489366, "time_cost": 70.784, "final_distance_cost": 1.819346858534934, "oscillation_cost": 25.011484084942396, "completition_cost": 0.0, "overshoot_cost": 51.66437867049632, "power_cost": 11.816059838867188, "noise_cost": 11.348055442052841, "n_waypoints_completed": 9, "tot_waypoints": 9}}
{"target": -172.19514290415208, "params": {"k_pid_pos": [1.5440986389568878, 0.02939936438445136, 0.8569008969292355], "k_pid_alt": [1.9674545680447029, 0.0, 0.0], "k_pid_att": [38.081097466865806, 0.0001, 0.28298423723887506], "k_pid_yaw": [0.5, 1e-06, 0.1], "k_pid_hsp": [0.1046826867190076, 0.0, 0.0], "k_pid_vsp": [265.45778965576255, 251.40701036175182, 1e-06]}, "datetime": {"datetime": "2025-08-20 15:27:04", "elapsed": 12879.398095369339, "delta": 17.4843487739563}, "costs": {"total_cost": 172.19514290415208, "time_cost": 70.568, "final_distance_cost": 1.8085149352592567, "oscillation_cost": 25.447366602963445, "completition_cost": 0.0, "overshoot_cost": 50.97383611702201, "power_cost": 11.934527575683594, "noise_cost": 11.462897673223788, "n_waypoints_completed": 9, "tot_waypoints": 9}}
{"target": -173.08984836003216, "params": {"k_pid_pos": [1.6860484433760323, 0.0, 0.9046558477110138], "k_pid_alt": [2.0, 0.0, 0.0], "k_pid_att": [23.69337048419174, 0.0001, 0.2758714954184104], "k_pid_yaw": [0.5, 1e-06, 0.1], "k_pid_hsp": [0.08446753716784144, 2.6070438706327643e-05, 0.0], "k_pid_vsp": [295.5313186772771, 290.549358989878, 1e-06]}, "datetime": {"datetime": "2025-08-20 15:27:22", "elapsed": 12896.572366714478, "delta": 17.17427134513855}, "costs": {"total_cost": 173.08984836003216, "time_cost": 70.536, "final_distance_cost": 1.7964311926262055, "oscillation_cost": 25.54039055814247, "completition_cost": 0.0, "overshoot_cost": 51.6892854035053, "power_cost": 12.065649572753907, "noise_cost": 11.462091633004299, "n_waypoints_completed": 9, "tot_waypoints": 9}}
{"target": -173.51976577837152, "params": {"k_pid_pos": [1.5652357718462542, 0.0, 0.8261077087598059], "k_pid_alt": [2.0, 0.0, 0.0], "k_pid_att": [40.32814707058022, 0.0001, 0.23969561809189616], "k_pid_yaw": [0.5, 1e-06, 0.1], "k_pid_hsp": [0.07471315132759276, 0.0, 0.0], "k_pid_vsp": [254.35744523154904, 247.84114845178323, 1e-06]}, "datetime": {"datetime": "2025-08-20 15:27:39", "elapsed": 12913.916494846344, "delta": 17.344128131866455}, "costs": {"total_cost": 173.51976577837152, "time_cost": 70.8, "final_distance_cost": 1.8177620636823228, "oscillation_cost": 25.24664309252987, "completition_cost": 0.0, "overshoot_cost": 52.39276010297291, "power_cost": 11.851551110839845, "noise_cost": 11.411049408346601, "n_waypoints_completed": 9, "tot_waypoints": 9}}
{"target": -172.7403198320887, "params": {"k_pid_pos": [1.5232913569583224, 0.0, 0.8207627836703185], "k_pid_alt": [2.0, 0.0, 0.0], "k_pid_att": [41.21963818478742, 0.0001, 0.17588277479069958], "k_pid_yaw": [0.5, 1e-06, 0.1], "k_pid_hsp": [0.11670097257642939, 0.0, 0.0], "k_pid_vsp": [276.72607405792644, 251.2983196388252, 1e-06]}, "datetime": {"datetime": "2025-08-20 15:27:56", "elapsed": 12931.317336797714, "delta": 17.40084195137024}, "costs": {"total_cost": 172.7403198320887, "time_cost": 70.688, "final_distance_cost": 1.8299258060446297, "oscillation_cost": 25.845259493293703, "completition_cost": 0.0, "overshoot_cost": 50.670881554651444, "power_cost": 12.175652868652344, "noise_cost": 11.530600109446576, "n_waypoints_completed": 9, "tot_waypoints": 9}}
{"target": -172.5261654465192, "params": {"k_pid_pos": [1.4375742733960237, 0.0, 0.8133167979266068], "k_pid_alt": [2.0, 0.0, 0.0], "k_pid_att": [43.69281464683466, 0.0001, 0.3134612954167765], "k_pid_yaw": [0.5, 1e-06, 0.1], "k_pid_hsp": [0.08203059881396076, 0.0, 0.0], "k_pid_vsp": [279.237316752463, 400.0, 1e-06]}, "datetime": {"datetime": "2025-08-20 15:28:13", "elapsed": 12948.051290750504, "delta": 16.733953952789307}, "costs": {"total_cost": 172.5261654465192, "time_cost": 70.864, "final_distance_cost": 1.81421675318826, "oscillation_cost": 24.844601067630403, "completition_cost": 0.0, "overshoot_cost": 52.218977826014864, "power_cost": 11.495769665527344, "noise_cost": 11.28860013415833, "n_waypoints_completed": 9, "tot_waypoints": 9}}
{"target": -173.8575010821692, "params": {"k_pid_pos": [1.7706609232977215, 0.0, 0.9613353108292484], "k_pid_alt": [1.204260972395324, 0.0, 0.0], "k_pid_att": [36.02843070199549, 0.0001, 0.3082820188259737], "k_pid_yaw": [0.5, 1e-06, 0.1], "k_pid_hsp": [0.08608455100046777, 0.00011444044860571792, 0.0], "k_pid_vsp": [290.2920642800227, 218.80176463639822, 1e-06]}, "datetime": {"datetime": "2025-08-20 15:28:31", "elapsed": 12965.704592943192, "delta": 17.65330219268799}, "costs": {"total_cost": 173.8575010821692, "time_cost": 70.712, "final_distance_cost": 1.8076316356950495, "oscillation_cost": 26.47871796908365, "completition_cost": 0.0, "overshoot_cost": 51.632584955066434, "power_cost": 11.851614807128907, "noise_cost": 11.374951715195186, "n_waypoints_completed": 9, "tot_waypoints": 9}}
{"target": -173.75519107298445, "params": {"k_pid_pos": [1.5992511390790112, 0.0, 0.885252583308215], "k_pid_alt": [1.8934746833010296, 0.0, 0.0], "k_pid_att": [57.952029332914655, 0.0001, 0.3162533162270805], "k_pid_yaw": [0.5, 1e-06, 0.1], "k_pid_hsp": [0.07688057570998354, 0.0, 0.0], "k_pid_vsp": [279.98019396197367, 188.51669382053984, 1e-06]}, "datetime": {"datetime": "2025-08-20 15:28:48", "elapsed": 12982.652909755707, "delta": 16.94831681251526}, "costs": {"total_cost": 173.75519107298445, "time_cost": 70.808, "final_distance_cost": 1.811805777781809, "oscillation_cost": 25.641812902077124, "completition_cost": 0.0, "overshoot_cost": 52.21782817261772, "power_cost": 11.873875622558595, "noise_cost": 11.401868597949196, "n_waypoints_completed": 9, "tot_waypoints": 9}}
{"target": -173.4436355434687, "params": {"k_pid_pos": [1.5591908814268662, 0.0, 0.8346355628434213], "k_pid_alt": [1.9071349566431908, 0.0, 0.0], "k_pid_att": [46.13685769561005, 0.0001, 0.1549619994461074], "k_pid_yaw": [0.5, 1e-06, 0.1], "k_pid_hsp": [0.11289888957687229, 0.0, 0.0], "k_pid_vsp": [260.50247492530286, 354.69703149261875, 1e-06]}, "datetime": {"datetime": "2025-08-20 15:29:04", "elapsed": 12999.120698928833, "delta": 16.46778917312622}, "costs": {"total_cost": 173.4436355434687, "time_cost": 70.456, "final_distance_cost": 1.837185569693027, "oscillation_cost": 26.664017675439435, "completition_cost": 0.0, "overshoot_cost": 50.98299030760872, "power_cost": 12.10123875732422, "noise_cost": 11.402203233403293, "n_waypoints_completed": 9, "tot_waypoints": 9}}
{"target": -172.1600900595766, "params": {"k_pid_pos": [1.5675528154439498, 0.0, 0.8890204217906976], "k_pid_alt": [2.0, 0.0, 0.0], "k_pid_att": [44.73375369207258, 0.0001, 0.3741723933767987], "k_pid_yaw": [0.5, 1e-06, 0.1], "k_pid_hsp": [0.10996766849531245, 0.0, 0.0], "k_pid_vsp": [283.1542752270273, 260.7706720126969, 1e-06]}, "datetime": {"datetime": "2025-08-20 15:29:22", "elapsed": 13016.964072704315, "delta": 17.843373775482178}, "costs": {"total_cost": 172.1600900595766, "time_cost": 70.736, "final_distance_cost": 1.8328764096907548, "oscillation_cost": 25.28813949931895, "completition_cost": 0.0, "overshoot_cost": 51.12427282238543, "power_cost": 11.8723515625, "noise_cost": 11.30644976568146, "n_waypoints_completed": 9, "tot_waypoints": 9}}
{"target": -174.69775751512344, "params": {"k_pid_pos": [1.3854323597105713, 0.0, 0.8651249195468954], "k_pid_alt": [1.8232777247432082, 0.0, 0.0], "k_pid_att": [65.59028618113075, 0.0001, 0.30668458735187043], "k_pid_yaw": [0.5, 1e-06, 0.1], "k_pid_hsp": [0.14964822385806648, 0.00020333846280543548, 0.0], "k_pid_vsp": [274.1416290378404, 391.2763181035597, 1e-06]}, "datetime": {"datetime": "2025-08-20 15:29:42", "elapsed": 13036.805917024612, "delta": 19.84184432029724}, "costs": {"total_cost": 174.69775751512344, "time_cost": 71.19200000000001, "final_distance_cost": 1.8392803325720055, "oscillation_cost": 26.296803419742208, "completition_cost": 0.0, "overshoot_cost": 51.34537784176339, "power_cost": 12.283670031738282, "noise_cost": 11.74062588930757, "n_waypoints_completed": 9, "tot_waypoints": 9}}
{"target": -174.3103085962887, "params": {"k_pid_pos": [1.67436050502883, 0.0, 1.0], "k_pid_alt": [2.0, 0.0, 0.0], "k_pid_att": [37.89602043959798, 0.0001, 0.1327323910987925], "k_pid_yaw": [0.5, 1e-06, 0.1], "k_pid_hsp": [0.16541904021962556, 0.0, 0.0], "k_pid_vsp": [353.16917752607657, 296.2762592014972, 1e-06]}, "datetime": {"datetime": "2025-08-20 15:29:59", "elapsed": 13053.857244729996, "delta": 17.0513277053833}, "costs": {"total_cost": 174.3103085962887, "time_cost": 70.696, "final_distance_cost": 1.8395458228923893, "oscillation_cost": 27.05088047774178, "completition_cost": 0.0, "overshoot_cost": 51.26937024514182, "power_cost": 11.971444519042969, "noise_cost": 11.48306753146975, "n_waypoints_completed": 9, "tot_waypoints": 9}}
{"target": -173.02420829019172, "params": {"k_pid_pos": [1.5802150205324328, 0.0, 0.8542944347616378], "k_pid_alt": [2.0, 0.0, 0.0], "k_pid_att": [39.6750669790953, 0.0001, 0.3014094675349232], "k_pid_yaw": [0.5, 1e-06, 0.1], "k_pid_hsp": [0.07161596417198382, 0.0, 0.0], "k_pid_vsp": [235.47649928896925, 246.67434032752277, 1e-06]}, "datetime": {"datetime": "2025-08-20 15:30:16", "elapsed": 13070.673966407776, "delta": 16.81672167778015}, "costs": {"total_cost": 173.02420829019172, "time_cost": 70.952, "final_distance_cost": 1.8036516608812334, "oscillation_cost": 25.21764346296575, "completition_cost": 0.0, "overshoot_cost": 52.25067813705663, "power_cost": 11.596196508789063, "noise_cost": 11.204038520499044, "n_waypoints_completed": 9, "tot_waypoints": 9}}
{"target": -172.83085772150707, "params": {"k_pid_pos": [1.6230721456159387, 0.0, 1.0], "k_pid_alt": [1.8637814664888968, 0.0, 0.0], "k_pid_att": [46.54713332679747, 0.0001, 0.9481366619528007], "k_pid_yaw": [0.5, 1e-06, 0.1], "k_pid_hsp": [0.09485510351975722, 0.0, 0.0], "k_pid_vsp": [259.10612476771007, 287.1648492994447, 1e-06]}, "datetime": {"datetime": "2025-08-20 15:30:33", "elapsed": 13087.59050822258, "delta": 16.916541814804077}, "costs": {"total_cost": 172.83085772150707, "time_cost": 70.608, "final_distance_cost": 1.8174601449141632, "oscillation_cost": 25.44212197581171, "completition_cost": 0.0, "overshoot_cost": 51.186424727750875, "power_cost": 12.169319396972657, "noise_cost": 11.607531476057662, "n_waypoints_completed": 9, "tot_waypoints": 9}}
{"target": -171.64722520229773, "params": {"k_pid_pos": [1.5455230105361313, 0.0, 0.8686685808869817], "k_pid_alt": [2.0, 0.0, 0.0], "k_pid_att": [26.365705587950902, 0.0001, 0.27236057399755], "k_pid_yaw": [0.5, 1e-06, 0.1], "k_pid_hsp": [0.11661785365039873, 0.0, 0.0], "k_pid_vsp": [260.476698566794, 252.16964221296985, 1e-06]}, "datetime": {"datetime": "2025-08-20 15:30:48", "elapsed": 13103.54232120514, "delta": 15.951812982559204}, "costs": {"total_cost": 171.64722520229773, "time_cost": 70.696, "final_distance_cost": 1.82924927948194, "oscillation_cost": 25.301835381969443, "completition_cost": 0.0, "overshoot_cost": 50.75476432974329, "power_cost": 11.794197119140625, "noise_cost": 11.271179091962447, "n_waypoints_completed": 9, "tot_waypoints": 9}}
{"target": -182.59113583282118, "params": {"k_pid_pos": [1.5044684947101308, 0.0, 0.8966404560539395], "k_pid_alt": [1.933498531001049, 0.0, 0.0], "k_pid_att": [35.323342448533495, 0.0001, 0.3533135781226627], "k_pid_yaw": [0.5, 1e-06, 0.1], "k_pid_hsp": [0.036936546118936375, 0.0, 0.0], "k_pid_vsp": [279.04540952540555, 253.96456757428678, 1e-06]}, "datetime": {"datetime": "2025-08-20 15:31:07", "elapsed": 13121.713793516159, "delta": 18.171472311019897}, "costs": {"total_cost": 182.59113583282118, "time_cost": 79.68, "final_distance_cost": 1.7578039404310284, "oscillation_cost": 18.281765649463797, "completition_cost": 0.0, "overshoot_cost": 57.725771544311684, "power_cost": 12.398202563476563, "noise_cost": 12.747592135138131, "n_waypoints_completed": 9, "tot_waypoints": 9}}
{"target": -172.85174818700906, "params": {"k_pid_pos": [1.544536507107522, 0.0, 0.8611650928463769], "k_pid_alt": [1.8695199008670509, 0.0, 0.0], "k_pid_att": [40.76546091587083, 0.0001, 0.34342077232121543], "k_pid_yaw": [0.5, 1e-06, 0.1], "k_pid_hsp": [0.08113937394160708, 0.0, 0.0], "k_pid_vsp": [268.6022476685547, 299.7494099689714, 1e-06]}, "datetime": {"datetime": "2025-08-20 15:31:24", "elapsed": 13139.127632141113, "delta": 17.413838624954224}, "costs": {"total_cost": 172.85174818700906, "time_cost": 70.624, "final_distance_cost": 1.8235186659319405, "oscillation_cost": 25.392950750918317, "completition_cost": 0.0, "overshoot_cost": 51.8384717109567, "power_cost": 11.724053161621095, "noise_cost": 11.44875389758102, "n_waypoints_completed": 9, "tot_waypoints": 9}}
{"target": -175.80693495863952, "params": {"k_pid_pos": [2.0, 0.0, 0.978129622742592], "k_pid_alt": [1.9040349165597559, 0.0, 0.0], "k_pid_att": [36.01735196678949, 0.0001, 0.2266044982772789], "k_pid_yaw": [0.5, 1e-06, 0.1], "k_pid_hsp": [0.27741377649793075, 0.0, 0.0], "k_pid_vsp": [292.64062337378596, 245.66169847706965, 1e-06]}, "datetime": {"datetime": "2025-08-20 15:31:42", "elapsed": 13157.106553316116, "delta": 17.97892117500305}, "costs": {"total_cost": 175.80693495863952, "time_cost": 70.136, "final_distance_cost": 1.8439552536178834, "oscillation_cost": 28.87646818025867, "completition_cost": 0.0, "overshoot_cost": 50.737967741424455, "power_cost": 12.562250024414062, "noise_cost": 11.650293758924487, "n_waypoints_completed": 9, "tot_waypoints": 9}}
{"target": -172.94908041041273, "params": {"k_pid_pos": [1.5666119960692582, 0.0, 0.814442005779623], "k_pid_alt": [2.0, 0.0, 0.0], "k_pid_att": [50.2117380273673, 0.0001, 0.29285151498460527], "k_pid_yaw": [0.5, 1e-06, 0.1], "k_pid_hsp": [0.16199233212975284, 0.0, 0.0], "k_pid_vsp": [262.36292410402933, 250.04931690360206, 1e-06]}, "datetime": {"datetime": "2025-08-20 15:31:59", "elapsed": 13174.11756014824, "delta": 17.011006832122803}, "costs": {"total_cost": 172.94908041041273, "time_cost": 70.544, "final_distance_cost": 1.837855914304772, "oscillation_cost": 26.34663233078093, "completition_cost": 0.0, "overshoot_cost": 51.06083351409424, "power_cost": 11.79434588623047, "noise_cost": 11.365412765002345, "n_waypoints_completed": 9, "tot_waypoints": 9}}
{"target": -173.10450117539122, "params": {"k_pid_pos": [1.524304751823606, 0.0, 0.9794641477013835], "k_pid_alt": [2.0, 0.0, 0.0], "k_pid_att": [44.61900964826848, 0.0001, 0.17932748949777294], "k_pid_yaw": [0.5, 1e-06, 0.1], "k_pid_hsp": [0.1147813157703243, 0.0, 0.0], "k_pid_vsp": [256.35811719286687, 330.8055874564596, 1e-06]}, "datetime": {"datetime": "2025-08-20 15:32:16", "elapsed": 13190.646648406982, "delta": 16.529088258743286}, "costs": {"total_cost": 173.10450117539122, "time_cost": 71.112, "final_distance_cost": 1.8382575181371594, "oscillation_cost": 25.799212794115682, "completition_cost": 0.0, "overshoot_cost": 51.13841421939472, "power_cost": 11.796828002929688, "noise_cost": 11.419788640813968, "n_waypoints_completed": 9, "tot_waypoints": 9}}
{"target": -174.41345244323227, "params": {"k_pid_pos": [1.4740455462395896, 0.0, 0.9998587381166563], "k_pid_alt": [2.0, 0.0, 0.0], "k_pid_att": [37.724922963546526, 0.0001, 0.24856074104103884], "k_pid_yaw": [0.5, 1e-06, 0.1], "k_pid_hsp": [0.20887993606854546, 0.0, 0.0], "k_pid_vsp": [230.71127042398143, 400.0, 1e-06]}, "datetime": {"datetime": "2025-08-20 15:32:32", "elapsed": 13207.296505451202, "delta": 16.64985704421997}, "costs": {"total_cost": 174.41345244323227, "time_cost": 71.52, "final_distance_cost": 1.8494061086004072, "oscillation_cost": 26.51689745830189, "completition_cost": 0.0, "overshoot_cost": 50.304940407408786, "power_cost": 12.339994006347657, "noise_cost": 11.882214462573533, "n_waypoints_completed": 9, "tot_waypoints": 9}}
{"target": -173.13308115632248, "params": {"k_pid_pos": [1.5629425737483675, 0.0, 0.8110170651464151], "k_pid_alt": [2.0, 0.0, 0.0], "k_pid_att": [52.11569684381081, 0.0001, 0.24142397252831052], "k_pid_yaw": [0.5, 1e-06, 0.1], "k_pid_hsp": [0.16530420928663403, 0.0, 0.0], "k_pid_vsp": [271.35707705600817, 278.12530939670546, 1e-06]}, "datetime": {"datetime": "2025-08-20 15:32:49", "elapsed": 13223.898249387741, "delta": 16.601743936538696}, "costs": {"total_cost": 173.13308115632248, "time_cost": 70.552, "final_distance_cost": 1.8432533121445405, "oscillation_cost": 26.920255903679774, "completition_cost": 0.0, "overshoot_cost": 50.95571476397027, "power_cost": 11.643711535644531, "noise_cost": 11.218145640883337, "n_waypoints_completed": 9, "tot_waypoints": 9}}
{"target": -173.00162221367603, "params": {"k_pid_pos": [1.641888086610856, 0.0, 0.8194989403441338], "k_pid_alt": [2.0, 0.0, 0.0], "k_pid_att": [37.43639744602348, 0.0001, 0.3276781142799735], "k_pid_yaw": [0.5, 1e-06, 0.1], "k_pid_hsp": [0.11422161601750402, 0.0, 0.0], "k_pid_vsp": [328.5153506100942, 312.72583876388006, 1e-06]}, "datetime": {"datetime": "2025-08-20 15:33:05", "elapsed": 13240.449294567108, "delta": 16.551045179367065}, "costs": {"total_cost": 173.00162221367603, "time_cost": 70.408, "final_distance_cost": 1.8150943108149629, "oscillation_cost": 25.9144441203373, "completition_cost": 0.0, "overshoot_cost": 51.57370890428828, "power_cost": 11.884792224121094, "noise_cost": 11.405582654114394, "n_waypoints_completed": 9, "tot_waypoints": 9}}
{"target": -173.44984108040097, "params": {"k_pid_pos": [1.5617866540720482, 0.0, 0.883774163677469], "k_pid_alt": [2.0, 0.0, 0.0], "k_pid_att": [34.25103885973267, 0.0001, 0.13266623753205287], "k_pid_yaw": [0.5, 1e-06, 0.1], "k_pid_hsp": [0.16944366484960977, 0.0, 0.0], "k_pid_vsp": [265.0547736368413, 223.1133817106163, 1e-06]}, "datetime": {"datetime": "2025-08-20 15:33:21", "elapsed": 13256.133230924606, "delta": 15.683936357498169}, "costs": {"total_cost": 173.44984108040097, "time_cost": 70.696, "final_distance_cost": 1.8416441852470733, "oscillation_cost": 26.67379609499263, "completition_cost": 0.0, "overshoot_cost": 50.74124520329923, "power_cost": 11.939309301757813, "noise_cost": 11.557846295104255, "n_waypoints_completed": 9, "tot_waypoints": 9}}
{"target": -172.59554488864768, "params": {"k_pid_pos": [1.4933865625599188, 0.0, 0.691678782606639], "k_pid_alt": [2.0, 0.0, 0.0], "k_pid_att": [47.162901075466706, 0.0001, 0.2930258483375768], "k_pid_yaw": [0.5, 1e-06, 0.1], "k_pid_hsp": [0.08614883446506369, 0.0, 0.0], "k_pid_vsp": [238.31104485770197, 305.1633800428839, 1e-06]}, "datetime": {"datetime": "2025-08-20 15:33:38", "elapsed": 13272.584114551544, "delta": 16.450883626937866}, "costs": {"total_cost": 172.59554488864768, "time_cost": 70.464, "final_distance_cost": 1.8181329586550241, "oscillation_cost": 25.60005159995162, "completition_cost": 0.0, "overshoot_cost": 51.928296865753595, "power_cost": 11.603294836425782, "noise_cost": 11.18176862786166, "n_waypoints_completed": 9, "tot_waypoints": 9}}
{"target": -172.24399513516906, "params": {"k_pid_pos": [1.5277769745737588, 0.0, 0.8229270972529312], "k_pid_alt": [2.0, 0.0, 0.0], "k_pid_att": [42.93778493586126, 0.0001, 0.2709002610386442], "k_pid_yaw": [0.5, 1e-06, 0.1], "k_pid_hsp": [0.09108711155429931, 0.0, 0.0], "k_pid_vsp": [262.1832092441578, 243.41078799138435, 1e-06]}, "datetime": {"datetime": "2025-08-20 15:33:53", "elapsed": 13288.334878206253, "delta": 15.750763654708862}, "costs": {"total_cost": 172.24399513516906, "time_cost": 70.696, "final_distance_cost": 1.8222606761828883, "oscillation_cost": 25.28023708719746, "completition_cost": 0.0, "overshoot_cost": 51.575750998805496, "power_cost": 11.667914855957031, "noise_cost": 11.201831517026159, "n_waypoints_completed": 9, "tot_waypoints": 9}}
{"target": -174.04571250477514, "params": {"k_pid_pos": [1.8090834658826545, 0.0, 0.8935937450769992], "k_pid_alt": [2.0, 0.0, 0.0], "k_pid_att": [32.79436803861218, 0.0001, 0.1910528802748572], "k_pid_yaw": [0.5, 1e-06, 0.1], "k_pid_hsp": [0.07355096563403683, 0.0, 0.0], "k_pid_vsp": [245.69826554892504, 400.0, 1e-06]}, "datetime": {"datetime": "2025-08-20 15:34:08", "elapsed": 13303.535252809525, "delta": 15.200374603271484}, "costs": {"total_cost": 174.04571250477514, "time_cost": 70.528, "final_distance_cost": 1.8146129220839327, "oscillation_cost": 26.553938101993545, "completition_cost": 0.0, "overshoot_cost": 51.84479620568077, "power_cost": 11.998204162597657, "noise_cost": 11.306161112419202, "n_waypoints_completed": 9, "tot_waypoints": 9}}
