{"target": -1635.251080960201, "params": {"k_pid_pos": [1.8922997940790476, 0.024859491386256316, 0.37255195504867966], "k_pid_alt": [1.9160597436741602, 0.0, 0.5287082247908043], "k_pid_att": [21.562391753424215, 6.043751783864618, 0.73590781336997], "k_pid_yaw": [0.5, 1e-06, 0.1], "k_pid_hsp": [4.249544071986334, 0.1531003758033771, 0.01], "k_pid_vsp": [60.562912852454346, 59.083466427248936, 181.38069049668212]}, "datetime": {"datetime": "2025-08-21 18:24:28", "elapsed": 34784.64429450035, "delta": 24.274274349212646}, "costs": {"total_cost": 1635.251080960201, "time_cost": 150, "final_distance_cost": 234.34458397100408, "oscillation_cost": 31.358026065278754, "completition_cost": 888.8888888888888, "overshoot_cost": 303.82783283071046, "power_cost": 13.546941088867188, "noise_cost": 13.284808115451721, "n_waypoints_completed": 1, "tot_waypoints": 9}}
{"target": -444.1541584062673, "params": {"k_pid_pos": [1.8922997940790476, 0.8036263173494688, 0.37255195504867966], "k_pid_alt": [1.9160597436741602, 0.47936494373462646, 0.1576465649121419], "k_pid_att": [21.562391753424215, 6.732676819945704, 0.73590781336997], "k_pid_yaw": [0.5, 1e-06, 0.1], "k_pid_hsp": [4.249544071986334, 0.1531003758033771, 0.01], "k_pid_vsp": [110.56511661686339, 59.083466427248936, 1.0]}, "datetime": {"datetime": "2025-08-21 18:24:51", "elapsed": 34807.68481254578, "delta": 23.040518045425415}, "costs": {"total_cost": 444.1541584062673, "time_cost": 150, "final_distance_cost": 45.385108703248065, "oscillation_cost": 60.94357943752878, "completition_cost": 111.11111111111116, "overshoot_cost": 52.12791529020153, "power_cost": 12.295798999023438, "noise_cost": 12.290644865154304, "n_waypoints_completed": 8, "tot_waypoints": 9}}
{"target": -223.48034475708022, "params": {"k_pid_pos": [0.4726195318321957, 0.024859491386256316, 0.6250867496839783], "k_pid_alt": [1.1098775236402525, 0.0, 0.1576465649121419], "k_pid_att": [25.463483275157817, 5.859554809351448, 0.39143200135910927], "k_pid_yaw": [0.5, 1e-06, 0.1], "k_pid_hsp": [1.606987810134683, 0.1531003758033771, 0.01], "k_pid_vsp": [110.56511661686339, 59.083466427248936, 1.0]}, "datetime": {"datetime": "2025-08-21 18:25:15", "elapsed": 34831.6328792572, "delta": 23.94806671142578}, "costs": {"total_cost": 223.48034475708022, "time_cost": 98.648, "final_distance_cost": 1.8593432668955316, "oscillation_cost": 36.47153184903852, "completition_cost": 0.0, "overshoot_cost": 54.382375028641135, "power_cost": 15.441877392578126, "noise_cost": 16.677217219926884, "n_waypoints_completed": 9, "tot_waypoints": 9}}
{"target": -188.40108464114186, "params": {"k_pid_pos": [1.8922997940790476, 0.024859491386256316, 0.6250867496839783], "k_pid_alt": [1.1098775236402525, 0.0, 0.876085735038417], "k_pid_att": [25.463483275157817, 5.859554809351448, 0.73590781336997], "k_pid_yaw": [0.5, 1e-06, 0.1], "k_pid_hsp": [1.606987810134683, 0.12837695446753306, 0.01], "k_pid_vsp": [110.56511661686339, 59.083466427248936, 1.0]}, "datetime": {"datetime": "2025-08-21 18:25:32", "elapsed": 34848.90066409111, "delta": 17.26778483390808}, "costs": {"total_cost": 188.40108464114186, "time_cost": 72.936, "final_distance_cost": 1.8359064277861823, "oscillation_cost": 38.75812805188751, "completition_cost": 0.0, "overshoot_cost": 50.26859797076613, "power_cost": 13.003774633789064, "noise_cost": 11.598677556912971, "n_waypoints_completed": 9, "tot_waypoints": 9}}
{"target": -193.02431072301104, "params": {"k_pid_pos": [1.8922997940790476, 0.024859491386256316, 0.6250867496839783], "k_pid_alt": [1.1098775236402525, 0.0, 0.7455603024785848], "k_pid_att": [11.329609997636037, 1.804321969363886, 0.8156350283449295], "k_pid_yaw": [0.5, 1e-06, 0.1], "k_pid_hsp": [5.335990326040409, 0.1531003758033771, 0.01], "k_pid_vsp": [110.56511661686339, 59.083466427248936, 1.0]}, "datetime": {"datetime": "2025-08-21 18:25:49", "elapsed": 34866.14687728882, "delta": 17.24621319770813}, "costs": {"total_cost": 193.02431072301104, "time_cost": 72.264, "final_distance_cost": 1.8160387382848366, "oscillation_cost": 45.21238428846915, "completition_cost": 0.0, "overshoot_cost": 50.061453149091044, "power_cost": 12.351558752441408, "noise_cost": 11.318875794724612, "n_waypoints_completed": 9, "tot_waypoints": 9}}
{"target": -195.1678422378171, "params": {"k_pid_pos": [0.931865230455928, 0.024859491386256316, 0.6250867496839783], "k_pid_alt": [1.1098775236402525, 0.26745061084868493, 0.1576465649121419], "k_pid_att": [58.989274729095186, 1.1166001057131414, 0.73590781336997], "k_pid_yaw": [0.5, 1e-06, 0.1], "k_pid_hsp": [1.606987810134683, 0.1531003758033771, 0.01], "k_pid_vsp": [195.1487047182024, 186.29560388348816, 1.0]}, "datetime": {"datetime": "2025-08-21 18:26:08", "elapsed": 34884.893969774246, "delta": 18.747092485427856}, "costs": {"total_cost": 195.1678422378171, "time_cost": 80.072, "final_distance_cost": 1.8255761071235204, "oscillation_cost": 42.648847947816265, "completition_cost": 0.0, "overshoot_cost": 50.72216170438575, "power_cost": 9.802891076660156, "noise_cost": 10.096365401831408, "n_waypoints_completed": 9, "tot_waypoints": 9}}
{"target": -206.49466026751585, "params": {"k_pid_pos": [1.8922997940790476, 0.0972045644645837, 0.6250867496839783], "k_pid_alt": [1.1098775236402525, 0.0, 0.1576465649121419], "k_pid_att": [25.463483275157817, 5.859554809351448, 0.73590781336997], "k_pid_yaw": [0.5, 1e-06, 0.1], "k_pid_hsp": [1.606987810134683, 0.1531003758033771, 0.01066281316812523], "k_pid_vsp": [159.45001298599757, 157.8230240226632, 1.0]}, "datetime": {"datetime": "2025-08-21 18:26:27", "elapsed": 34904.34137201309, "delta": 19.447402238845825}, "costs": {"total_cost": 206.49466026751585, "time_cost": 75.128, "final_distance_cost": 1.788347688807778, "oscillation_cost": 41.659550776827686, "completition_cost": 0.0, "overshoot_cost": 53.13270678184274, "power_cost": 19.620374743652345, "noise_cost": 15.165680276385313, "n_waypoints_completed": 9, "tot_waypoints": 9}}
{"target": -194.8951666998696, "params": {"k_pid_pos": [1.8922997940790476, 0.024859491386256316, 0.6250867496839783], "k_pid_alt": [1.1098775236402525, 0.0, 0.053878507660848673], "k_pid_att": [58.989274729095186, 5.859554809351448, 0.73590781336997], "k_pid_yaw": [0.5, 1e-06, 0.1], "k_pid_hsp": [1.606987810134683, 0.1531003758033771, 0.01], "k_pid_vsp": [104.30040172718557, 130.53254854158118, 1.0]}, "datetime": {"datetime": "2025-08-21 18:26:43", "elapsed": 34920.270449876785, "delta": 15.929077863693237}, "costs": {"total_cost": 194.8951666998696, "time_cost": 70.72, "final_distance_cost": 1.8069596976657551, "oscillation_cost": 41.61323568520263, "completition_cost": 0.0, "overshoot_cost": 51.24369177808251, "power_cost": 16.2337677734375, "noise_cost": 13.27751176548118, "n_waypoints_completed": 9, "tot_waypoints": 9}}
{"target": -186.20901086047425, "params": {"k_pid_pos": [1.8922997940790476, 0.024859491386256316, 0.6250867496839783], "k_pid_alt": [1.1098775236402525, 0.0, 0.1576465649121419], "k_pid_att": [58.989274729095186, 5.448237108225112, 0.73590781336997], "k_pid_yaw": [0.5, 1e-06, 0.1], "k_pid_hsp": [1.606987810134683, 0.1531003758033771, 0.01], "k_pid_vsp": [110.56511661686339, 59.083466427248936, 1.0]}, "datetime": {"datetime": "2025-08-21 18:27:01", "elapsed": 34937.780433893204, "delta": 17.509984016418457}, "costs": {"total_cost": 186.20901086047425, "time_cost": 70.008, "final_distance_cost": 1.8258178375309289, "oscillation_cost": 38.0118974883769, "completition_cost": 0.0, "overshoot_cost": 50.45197937036619, "power_cost": 13.82039783935547, "noise_cost": 12.090918324844752, "n_waypoints_completed": 9, "tot_waypoints": 9}}
{"target": -204.57220918182531, "params": {"k_pid_pos": [1.1018186029961792, 0.024859491386256316, 0.6250867496839783], "k_pid_alt": [1.9160597436741602, 0.0, 0.1576465649121419], "k_pid_att": [58.989274729095186, 2.352529590908416, 0.16608962520040438], "k_pid_yaw": [0.5, 1e-06, 0.1], "k_pid_hsp": [1.606987810134683, 0.10522572507436234, 0.01], "k_pid_vsp": [110.56511661686339, 59.083466427248936, 1.0]}, "datetime": {"datetime": "2025-08-21 18:27:18", "elapsed": 34954.812453746796, "delta": 17.03201985359192}, "costs": {"total_cost": 204.57220918182531, "time_cost": 74.264, "final_distance_cost": 1.8519208756365284, "oscillation_cost": 48.72526589108767, "completition_cost": 0.0, "overshoot_cost": 50.475742457220434, "power_cost": 15.402695446777345, "noise_cost": 13.852584511103343, "n_waypoints_completed": 9, "tot_waypoints": 9}}
{"target": -237.01215382834212, "params": {"k_pid_pos": [1.8922997940790476, 0.024859491386256316, 0.6250867496839783], "k_pid_alt": [1.1098775236402525, 0.0, 0.1576465649121419], "k_pid_att": [58.989274729095186, 1.1166001057131414, 0.73590781336997], "k_pid_yaw": [0.5, 1e-06, 0.1], "k_pid_hsp": [1.606987810134683, 0.1531003758033771, 0.10554699285847102], "k_pid_vsp": [110.56511661686339, 59.083466427248936, 1.0]}, "datetime": {"datetime": "2025-08-21 18:27:37", "elapsed": 34974.2847237587, "delta": 19.472270011901855}, "costs": {"total_cost": 237.01215382834212, "time_cost": 77.912, "final_distance_cost": 1.8171954330069413, "oscillation_cost": 71.42712909089573, "completition_cost": 0.0, "overshoot_cost": 51.62104187485805, "power_cost": 19.122079992675783, "noise_cost": 15.112707436905557, "n_waypoints_completed": 9, "tot_waypoints": 9}}
{"target": -186.44932190468643, "params": {"k_pid_pos": [1.8922997940790476, 0.024859491386256316, 0.6250867496839783], "k_pid_alt": [0.8511837275376319, 0.0, 0.014398680574380873], "k_pid_att": [58.989274729095186, 2.4733576543945865, 0.73590781336997], "k_pid_yaw": [0.5, 1e-06, 0.1], "k_pid_hsp": [1.606987810134683, 0.3511398194272549, 0.01], "k_pid_vsp": [365.3854220855408, 130.53254854158118, 1.0]}, "datetime": {"datetime": "2025-08-21 18:27:53", "elapsed": 34990.377836704254, "delta": 16.09311294555664}, "costs": {"total_cost": 186.44932190468643, "time_cost": 69.872, "final_distance_cost": 1.8271453304247955, "oscillation_cost": 42.73721846303544, "completition_cost": 0.0, "overshoot_cost": 49.483131135606556, "power_cost": 11.52130633544922, "noise_cost": 11.008520640170426, "n_waypoints_completed": 9, "tot_waypoints": 9}}
{"target": -185.80817102937735, "params": {"k_pid_pos": [1.8922997940790476, 0.024859491386256316, 0.6250867496839783], "k_pid_alt": [1.1098775236402525, 0.0, 0.1576465649121419], "k_pid_att": [58.989274729095186, 5.859554809351448, 0.73590781336997], "k_pid_yaw": [0.5, 1e-06, 0.1], "k_pid_hsp": [1.606987810134683, 0.1531003758033771, 0.01], "k_pid_vsp": [110.56511661686339, 130.53254854158118, 1.0]}, "datetime": {"datetime": "2025-08-21 18:28:10", "elapsed": 35006.82470655441, "delta": 16.44686985015869}, "costs": {"total_cost": 185.80817102937735, "time_cost": 69.368, "final_distance_cost": 1.7958322247641076, "oscillation_cost": 38.071253084969335, "completition_cost": 0.0, "overshoot_cost": 50.09906473436674, "power_cost": 14.195355041503907, "noise_cost": 12.278665943773238, "n_waypoints_completed": 9, "tot_waypoints": 9}}
{"target": -182.2755534243691, "params": {"k_pid_pos": [1.8922997940790476, 0.024859491386256316, 0.6250867496839783], "k_pid_alt": [1.1098775236402525, 0.0, 0.1576465649121419], "k_pid_att": [58.989274729095186, 1.1166001057131414, 0.73590781336997], "k_pid_yaw": [0.5, 1e-06, 0.1], "k_pid_hsp": [1.606987810134683, 0.1531003758033771, 0.01], "k_pid_vsp": [305.67975269326223, 59.083466427248936, 1.0]}, "datetime": {"datetime": "2025-08-21 18:28:28", "elapsed": 35024.81914186478, "delta": 17.99443531036377}, "costs": {"total_cost": 182.2755534243691, "time_cost": 69.384, "final_distance_cost": 1.8259518369869907, "oscillation_cost": 43.94341406686372, "completition_cost": 0.0, "overshoot_cost": 49.80737194695192, "power_cost": 8.144720532226563, "noise_cost": 9.170095041339927, "n_waypoints_completed": 9, "tot_waypoints": 9}}
{"target": -300.00805777351934, "params": {"k_pid_pos": [1.8922997940790476, 0.024859491386256316, 0.37255195504867966], "k_pid_alt": [1.9160597436741602, 0.0, 0.1576465649121419], "k_pid_att": [58.989274729095186, 1.3893044159523613, 0.73590781336997], "k_pid_yaw": [0.5, 1e-06, 0.1], "k_pid_hsp": [1.606987810134683, 0.1531003758033771, 0.22485447213791732], "k_pid_vsp": [110.56511661686339, 186.29560388348816, 1.0]}, "datetime": {"datetime": "2025-08-21 18:28:44", "elapsed": 35041.012801885605, "delta": 16.193660020828247}, "costs": {"total_cost": 300.00805777351934, "time_cost": 70.496, "final_distance_cost": 1.7703097990376175, "oscillation_cost": 154.28075311612713, "completition_cost": 0.0, "overshoot_cost": 49.87050533728392, "power_cost": 12.515086462402344, "noise_cost": 11.075403058668334, "n_waypoints_completed": 9, "tot_waypoints": 9}}
{"target": -190.64523821050835, "params": {"k_pid_pos": [1.8922997940790476, 0.024859491386256316, 0.6250867496839783], "k_pid_alt": [1.1098775236402525, 0.0, 0.7455603024785848], "k_pid_att": [11.329609997636037, 6.043751783864618, 0.73590781336997], "k_pid_yaw": [0.5, 1e-06, 0.1], "k_pid_hsp": [5.335990326040409, 0.1531003758033771, 0.01], "k_pid_vsp": [110.56511661686339, 130.53254854158118, 1.0]}, "datetime": {"datetime": "2025-08-21 18:29:02", "elapsed": 35058.90818786621, "delta": 17.89538598060608}, "costs": {"total_cost": 190.64523821050835, "time_cost": 71.592, "final_distance_cost": 1.8398378765734078, "oscillation_cost": 47.44510707538421, "completition_cost": 0.0, "overshoot_cost": 49.34731489855285, "power_cost": 10.29450380859375, "noise_cost": 10.126474551404137, "n_waypoints_completed": 9, "tot_waypoints": 9}}
{"target": -185.56079469742758, "params": {"k_pid_pos": [1.8922997940790476, 0.024859491386256316, 0.37255195504867966], "k_pid_alt": [1.9160597436741602, 0.0, 0.1576465649121419], "k_pid_att": [58.989274729095186, 5.859554809351448, 0.73590781336997], "k_pid_yaw": [0.5, 1e-06, 0.1], "k_pid_hsp": [1.606987810134683, 0.1531003758033771, 0.01], "k_pid_vsp": [110.56511661686339, 261.48215325333564, 1.0]}, "datetime": {"datetime": "2025-08-21 18:29:18", "elapsed": 35074.99240016937, "delta": 16.08421230316162}, "costs": {"total_cost": 185.56079469742758, "time_cost": 68.208, "final_distance_cost": 1.7950646218697437, "oscillation_cost": 40.49211984320235, "completition_cost": 0.0, "overshoot_cost": 50.3287026165962, "power_cost": 13.0892958984375, "noise_cost": 11.647611717321748, "n_waypoints_completed": 9, "tot_waypoints": 9}}
{"target": -181.93505020934748, "params": {"k_pid_pos": [1.8922997940790476, 0.024859491386256316, 0.37255195504867966], "k_pid_alt": [1.9160597436741602, 0.0, 0.1576465649121419], "k_pid_att": [58.989274729095186, 5.859554809351448, 0.73590781336997], "k_pid_yaw": [0.5, 1e-06, 0.1], "k_pid_hsp": [1.606987810134683, 0.1531003758033771, 0.01], "k_pid_vsp": [110.56511661686339, 130.53254854158118, 1.0]}, "datetime": {"datetime": "2025-08-21 18:29:34", "elapsed": 35090.875099897385, "delta": 15.882699728012085}, "costs": {"total_cost": 181.93505020934748, "time_cost": 67.632, "final_distance_cost": 1.7826801644055905, "oscillation_cost": 45.849412997596744, "completition_cost": 0.0, "overshoot_cost": 49.99557365738674, "power_cost": 7.901717468261719, "noise_cost": 8.773665921696681, "n_waypoints_completed": 9, "tot_waypoints": 9}}
{"target": -190.2969709995435, "params": {"k_pid_pos": [1.8922997940790476, 0.024859491386256316, 0.6250867496839783], "k_pid_alt": [1.1098775236402525, 0.0, 0.1576465649121419], "k_pid_att": [58.989274729095186, 5.859554809351448, 0.73590781336997], "k_pid_yaw": [0.5, 1e-06, 0.1], "k_pid_hsp": [1.606987810134683, 0.1531003758033771, 0.01], "k_pid_vsp": [110.56511661686339, 130.53254854158118, 1.0]}, "datetime": {"datetime": "2025-08-21 18:29:52", "elapsed": 35108.76887130737, "delta": 17.893771409988403}, "costs": {"total_cost": 190.2969709995435, "time_cost": 70.432, "final_distance_cost": 1.8202602702778423, "oscillation_cost": 38.250586377421314, "completition_cost": 0.0, "overshoot_cost": 50.37193869166737, "power_cost": 16.15790144042969, "noise_cost": 13.264284219747289, "n_waypoints_completed": 9, "tot_waypoints": 9}}
{"target": -185.57052940692301, "params": {"k_pid_pos": [1.8922997940790476, 0.024859491386256316, 0.6250867496839783], "k_pid_alt": [1.1098775236402525, 0.0, 0.1576465649121419], "k_pid_att": [58.989274729095186, 1.1166001057131414, 0.73590781336997], "k_pid_yaw": [0.5, 1e-06, 0.1], "k_pid_hsp": [1.606987810134683, 0.1531003758033771, 0.01], "k_pid_vsp": [305.67975269326223, 59.083466427248936, 1.0]}, "datetime": {"datetime": "2025-08-21 18:30:08", "elapsed": 35124.72991657257, "delta": 15.961045265197754}, "costs": {"total_cost": 185.57052940692301, "time_cost": 69.8, "final_distance_cost": 1.8271853419648818, "oscillation_cost": 40.11052256303102, "completition_cost": 0.0, "overshoot_cost": 50.41683460312849, "power_cost": 12.156098645019531, "noise_cost": 11.259888253779074, "n_waypoints_completed": 9, "tot_waypoints": 9}}
{"target": -1702.9449087307712, "params": {"k_pid_pos": [0.29610266480697206, 0.024859491386256316, 0.6250867496839783], "k_pid_alt": [1.9160597436741602, 0.8140262380529626, 0.876085735038417], "k_pid_att": [25.463483275157817, 5.859554809351448, 0.73590781336997], "k_pid_yaw": [0.5, 1e-06, 0.1], "k_pid_hsp": [1.606987810134683, 0.12837695446753306, 0.01], "k_pid_vsp": [110.56511661686339, 59.083466427248936, 289.52418500563726]}, "datetime": {"datetime": "2025-08-21 18:30:32", "elapsed": 35149.40955018997, "delta": 24.679633617401123}, "costs": {"total_cost": 1702.9449087307712, "time_cost": 150, "final_distance_cost": 291.7361841845887, "oscillation_cost": 27.183036341847398, "completition_cost": 888.8888888888888, "overshoot_cost": 301.66704358721756, "power_cost": 20.905390649414063, "noise_cost": 22.56436507881471, "n_waypoints_completed": 1, "tot_waypoints": 9}}
{"target": -196.48654545215032, "params": {"k_pid_pos": [1.8922997940790476, 0.024859491386256316, 0.6250867496839783], "k_pid_alt": [1.1098775236402525, 0.0, 0.1576465649121419], "k_pid_att": [58.989274729095186, 2.352529590908416, 0.16608962520040438], "k_pid_yaw": [0.5, 1e-06, 0.1], "k_pid_hsp": [1.606987810134683, 0.10522572507436234, 0.01], "k_pid_vsp": [110.56511661686339, 59.083466427248936, 1.0]}, "datetime": {"datetime": "2025-08-21 18:30:49", "elapsed": 35166.43473291397, "delta": 17.025182723999023}, "costs": {"total_cost": 196.48654545215032, "time_cost": 70.06400000000001, "final_distance_cost": 1.7944215967832233, "oscillation_cost": 44.19968901845179, "completition_cost": 0.0, "overshoot_cost": 50.7590198732609, "power_cost": 16.321947180175783, "noise_cost": 13.347467783478601, "n_waypoints_completed": 9, "tot_waypoints": 9}}
{"target": -180.54355595399764, "params": {"k_pid_pos": [1.8922997940790476, 0.024859491386256316, 0.37255195504867966], "k_pid_alt": [1.9160597436741602, 0.0, 0.1576465649121419], "k_pid_att": [58.989274729095186, 5.859554809351448, 0.73590781336997], "k_pid_yaw": [0.5, 1e-06, 0.1], "k_pid_hsp": [1.606987810134683, 0.1531003758033771, 0.01], "k_pid_vsp": [110.56511661686339, 59.083466427248936, 1.0]}, "datetime": {"datetime": "2025-08-21 18:31:09", "elapsed": 35185.49718976021, "delta": 19.062456846237183}, "costs": {"total_cost": 180.54355595399764, "time_cost": 67.656, "final_distance_cost": 1.7818350327752683, "oscillation_cost": 43.75798805373079, "completition_cost": 0.0, "overshoot_cost": 49.9196963914356, "power_cost": 8.309630419921875, "noise_cost": 9.118406056134104, "n_waypoints_completed": 9, "tot_waypoints": 9}}
{"target": -201.06410191194524, "params": {"k_pid_pos": [1.8922997940790476, 0.024859491386256316, 0.6250867496839783], "k_pid_alt": [1.1098775236402525, 0.4605234584942962, 0.876085735038417], "k_pid_att": [25.463483275157817, 5.859554809351448, 0.73590781336997], "k_pid_yaw": [0.5, 1e-06, 0.1], "k_pid_hsp": [1.606987810134683, 0.12837695446753306, 0.01], "k_pid_vsp": [110.56511661686339, 130.53254854158118, 1.0]}, "datetime": {"datetime": "2025-08-21 18:31:30", "elapsed": 35206.55933666229, "delta": 21.06214690208435}, "costs": {"total_cost": 201.06410191194524, "time_cost": 76.48, "final_distance_cost": 1.7520305890455432, "oscillation_cost": 48.40318183984013, "completition_cost": 0.0, "overshoot_cost": 49.94138703003395, "power_cost": 12.879292651367187, "noise_cost": 11.608209801658411, "n_waypoints_completed": 9, "tot_waypoints": 9}}
{"target": -181.28064680902642, "params": {"k_pid_pos": [1.8922997940790476, 0.024859491386256316, 0.6250867496839783], "k_pid_alt": [1.1098775236402525, 0.0, 0.1576465649121419], "k_pid_att": [58.989274729095186, 1.1166001057131414, 0.73590781336997], "k_pid_yaw": [0.5, 1e-06, 0.1], "k_pid_hsp": [1.606987810134683, 0.1531003758033771, 0.01], "k_pid_vsp": [305.67975269326223, 59.083466427248936, 1.0]}, "datetime": {"datetime": "2025-08-21 18:31:48", "elapsed": 35225.251749277115, "delta": 18.692412614822388}, "costs": {"total_cost": 181.28064680902642, "time_cost": 69.47200000000001, "final_distance_cost": 1.8172166596477977, "oscillation_cost": 41.703412827504344, "completition_cost": 0.0, "overshoot_cost": 49.95376153993732, "power_cost": 8.795084252929687, "noise_cost": 9.539171529007252, "n_waypoints_completed": 9, "tot_waypoints": 9}}
