{"target": -763.964279796683, "params": {"k_pid_pos": [1.4920539590588684, 0.4607696052395662, 0.10527807985412496], "k_pid_alt": [0.13311771391035632, 0.13820537163853075, 0.14617324419269828], "k_pid_att": [18.832197481135182, 1.1063836126752764, 0.14387193297114265], "k_pid_yaw": [0.5, 1e-06, 0.1], "k_pid_hsp": [9.209712627827253, 0.16553172273527816, 0.4885840453515333], "k_pid_vsp": [265.14568510543296, 341.3477838835772, 114.57849146637578]}, "datetime": {"datetime": "2025-08-21 09:07:13", "elapsed": 1349.8945815563202, "delta": 24.790677785873413}, "costs": {"total_cost": 763.964279796683, "time_cost": 150, "final_distance_cost": 74.0000424429547, "oscillation_cost": 228.0472751459169, "completition_cost": 222.2222222222222, "overshoot_cost": 51.982692260528836, "power_cost": 22.02203377685547, "noise_cost": 15.690013948204946, "n_waypoints_completed": 7, "tot_waypoints": 9}}
{"target": -306.21583617156557, "params": {"k_pid_pos": [1.3885554450422086, 0.5811166092209024, 0.19977565166005762], "k_pid_alt": [1.6082490523645254, 0.7154071296158017, 0.7389840039155418], "k_pid_att": [13.105775155731326, 1.2376256611230811, 0.9275625510065076], "k_pid_yaw": [0.5, 1e-06, 0.1], "k_pid_hsp": [3.9758421804300244, 0.30094869178093975, 0.28472008233793555], "k_pid_vsp": [61.44535807682345, 46.19602635065192, 8.459207513427996]}, "datetime": {"datetime": "2025-08-21 09:07:41", "elapsed": 1377.4860293865204, "delta": 27.591447830200195}, "costs": {"total_cost": 306.21583617156557, "time_cost": 91.368, "final_distance_cost": 1.728629904903935, "oscillation_cost": 125.42165180328509, "completition_cost": 0.0, "overshoot_cost": 54.844082697684854, "power_cost": 17.67631735839844, "noise_cost": 15.177154407293258, "n_waypoints_completed": 9, "tot_waypoints": 9}}
{"target": -1122.51990425341, "params": {"k_pid_pos": [0.33105896638779186, 0.11973358850112281, 0.1171035659001105], "k_pid_alt": [0.17541802382153682, 0.6578632850405278, 0.4186083007903795], "k_pid_att": [77.43214161418433, 6.712347009944595, 0.33363775832823817], "k_pid_yaw": [0.5, 1e-06, 0.1], "k_pid_hsp": [8.983675636960621, 0.7625321470706523, 0.2705349409101757], "k_pid_vsp": [145.6768071088216, 6.631921742442968, 63.04466029238821]}, "datetime": {"datetime": "2025-08-21 09:08:07", "elapsed": 1403.6282846927643, "delta": 26.142255306243896}, "costs": {"total_cost": 1122.51990425341, "time_cost": 150, "final_distance_cost": 45.99685785571957, "oscillation_cost": 361.6783182385771, "completition_cost": 444.4444444444444, "overshoot_cost": 62.123131255804424, "power_cost": 26.49850216064453, "noise_cost": 31.77865029822022, "n_waypoints_completed": 5, "tot_waypoints": 9}}
{"target": -366.02428795036104, "params": {"k_pid_pos": [1.8624793477566346, 0.04925411992759399, 0.3736141384595716], "k_pid_alt": [1.0475058974352744, 0.10167190290371597, 0.8334585537885597], "k_pid_att": [5.196186646510426, 5.945716632147755, 0.0991131415798755], "k_pid_yaw": [0.5, 1e-06, 0.1], "k_pid_hsp": [8.435765158482369, 0.9026531439276171, 0.5957137746857274], "k_pid_vsp": [320.8103521094374, 311.79101652905405, 256.99331075573576]}, "datetime": {"datetime": "2025-08-21 09:08:34", "elapsed": 1430.5378613471985, "delta": 26.909576654434204}, "costs": {"total_cost": 366.02428795036104, "time_cost": 88.048, "final_distance_cost": 1.7212391255613373, "oscillation_cost": 185.07731591249225, "completition_cost": 0.0, "overshoot_cost": 55.94840845106154, "power_cost": 20.463695129394534, "noise_cost": 14.765629331851432, "n_waypoints_completed": 9, "tot_waypoints": 9}}
{"target": -745.9211971457997, "params": {"k_pid_pos": [0.5628396456547908, 0.2935937577666836, 0.6619165147268951], "k_pid_alt": [1.1140643046825567, 0.7838982091064135, 0.7960285563103784], "k_pid_att": [40.63868614400705, 8.14022244462188, 0.8896564216753973], "k_pid_yaw": [0.5, 1e-06, 0.1], "k_pid_hsp": [9.330238913679953, 0.8043609156129707, 0.4673816015552915], "k_pid_vsp": [313.90537970087496, 7.134714572958311, 43.657599597149975]}, "datetime": {"datetime": "2025-08-21 09:09:01", "elapsed": 1458.4479053020477, "delta": 27.910043954849243}, "costs": {"total_cost": 745.9211971457997, "time_cost": 150, "final_distance_cost": 68.70732288236131, "oscillation_cost": 225.08135545797478, "completition_cost": 222.2222222222222, "overshoot_cost": 47.87341400836183, "power_cost": 17.18687653808594, "noise_cost": 14.850006036793753, "n_waypoints_completed": 7, "tot_waypoints": 9}}
{"target": -1464.6081040593865, "params": {"k_pid_pos": [1.849624377781123, 0.024859491386256316, 0.5551980423268247], "k_pid_alt": [1.2679502233621702, 0.1058974037507533, 0.14033959706391264], "k_pid_att": [41.91143193163038, 9.662322498240602, 0.1669729199077039], "k_pid_yaw": [0.5, 1e-06, 0.1], "k_pid_hsp": [0.22721846013129138, 0.09004786077564175, 0.7223593505964503], "k_pid_vsp": [184.75089210055495, 64.50871245216894, 200.41791054030062]}, "datetime": {"datetime": "2025-08-21 09:09:27", "elapsed": 1483.7323400974274, "delta": 25.28443479537964}, "costs": {"total_cost": 1464.6081040593865, "time_cost": 150, "final_distance_cost": 89.49780093956103, "oscillation_cost": 440.8073921677216, "completition_cost": 666.6666666666667, "overshoot_cost": 74.04633422388244, "power_cost": 25.182287231445315, "noise_cost": 18.4076228301094, "n_waypoints_completed": 3, "tot_waypoints": 9}}
{"target": -263.5746911627347, "params": {"k_pid_pos": [1.9584513449511884, 0.9460270628173303, 0.2533833538391872], "k_pid_alt": [0.7, 0.0, 0.1], "k_pid_att": [20.0, 1.0, 0.01], "k_pid_yaw": [0.5, 1e-06, 0.1], "k_pid_hsp": [1.0, 0.01, 0.01], "k_pid_vsp": [150.0, 10.0, 1.0]}, "datetime": {"datetime": "2025-08-21 09:09:57", "elapsed": 1513.8382227420807, "delta": 30.10588264465332}, "costs": {"total_cost": 263.5746911627347, "time_cost": 99.392, "final_distance_cost": 1.7636374577381622, "oscillation_cost": 65.99188189162771, "completition_cost": 0.0, "overshoot_cost": 63.75610508441878, "power_cost": 16.533327221679688, "noise_cost": 16.137739507270407, "n_waypoints_completed": 9, "tot_waypoints": 9}}
{"target": -1049.1991660515457, "params": {"k_pid_pos": [0.7, 0.01, 0.09], "k_pid_alt": [1.1801517907166184, 0.09504919756440122, 0.6161657000241213], "k_pid_att": [75.3504563000258, 5.649549619663271, 0.5724305140338497], "k_pid_yaw": [0.5, 1e-06, 0.1], "k_pid_hsp": [4.659904931296975, 0.5226317755131228, 0.7639233900065879], "k_pid_vsp": [319.69788660482664, 196.86128673801844, 192.59653664902095]}, "datetime": {"datetime": "2025-08-21 09:10:22", "elapsed": 1539.1351602077484, "delta": 25.296937465667725}, "costs": {"total_cost": 1049.1991660515457, "time_cost": 150, "final_distance_cost": 45.703861675433075, "oscillation_cost": 334.18271511664886, "completition_cost": 444.4444444444444, "overshoot_cost": 37.38203765941034, "power_cost": 21.535752099609375, "noise_cost": 15.950355055999594, "n_waypoints_completed": 5, "tot_waypoints": 9}}
{"target": -1095.3597963975114, "params": {"k_pid_pos": [1.3125724517510475, 0.036162710494696215, 0.0054298341287004614], "k_pid_alt": [0.10331583402879785, 0.7154071296158017, 0.7389840039155418], "k_pid_att": [13.105775155731326, 1.378021579924459, 0.9275625510065076], "k_pid_yaw": [0.5, 1e-06, 0.1], "k_pid_hsp": [3.9758421804300244, 0.8457969578021425, 0.4885840453515333], "k_pid_vsp": [265.14568510543296, 382.2493028631647, 114.57849146637578]}, "datetime": {"datetime": "2025-08-21 09:10:51", "elapsed": 1567.7200598716736, "delta": 28.58489966392517}, "costs": {"total_cost": 1095.3597963975114, "time_cost": 150, "final_distance_cost": 37.51439160150103, "oscillation_cost": 226.78478605797227, "completition_cost": 555.5555555555555, "overshoot_cost": 74.38887552625827, "power_cost": 29.859160107421875, "noise_cost": 21.257027548802483, "n_waypoints_completed": 4, "tot_waypoints": 9}}
{"target": -608.5479961113841, "params": {"k_pid_pos": [1.3885554450422086, 0.5811166092209024, 0.19977565166005762], "k_pid_alt": [1.6082490523645254, 0.6059251776477277, 0.8014818108594153], "k_pid_att": [23.855282062738848, 8.494103488346438, 0.057231940153260386], "k_pid_yaw": [0.5, 1e-06, 0.1], "k_pid_hsp": [8.009658440031398, 0.9277954301722804, 0.7721083991043806], "k_pid_vsp": [279.24831359145486, 335.19208762417304, 16.06052077867527]}, "datetime": {"datetime": "2025-08-21 09:11:24", "elapsed": 1600.8812909126282, "delta": 33.16123104095459}, "costs": {"total_cost": 608.5479961113841, "time_cost": 150, "final_distance_cost": 13.645014900744876, "oscillation_cost": 240.55072852119795, "completition_cost": 111.11111111111116, "overshoot_cost": 56.75039958702824, "power_cost": 20.524588977050783, "noise_cost": 15.966153014251049, "n_waypoints_completed": 8, "tot_waypoints": 9}}
{"target": -1258.8767561287164, "params": {"k_pid_pos": [1.4338086892990753, 0.44936150214378867, 0.272241561845159], "k_pid_alt": [0.1927819243069986, 0.9026023965438417, 0.45577628983361107], "k_pid_att": [5.196186646510426, 9.248426205993718, 0.0991131415798755], "k_pid_yaw": [0.5, 1e-06, 0.1], "k_pid_hsp": [8.435765158482369, 0.9026531439276171, 0.9795706805865927], "k_pid_vsp": [320.8103521094374, 311.79101652905405, 256.99331075573576]}, "datetime": {"datetime": "2025-08-21 09:11:51", "elapsed": 1627.8729557991028, "delta": 26.99166488647461}, "costs": {"total_cost": 1258.8767561287164, "time_cost": 150, "final_distance_cost": 51.61865664185814, "oscillation_cost": 301.8177534084087, "completition_cost": 666.6666666666667, "overshoot_cost": 52.27872605330023, "power_cost": 20.93572481689453, "noise_cost": 15.559228541588071, "n_waypoints_completed": 3, "tot_waypoints": 9}}
{"target": -204.27057876015286, "params": {"k_pid_pos": [0.7, 0.01, 0.09], "k_pid_alt": [0.7, 0.0, 0.1], "k_pid_att": [20.0, 1.0, 0.01], "k_pid_yaw": [0.5, 1e-06, 0.1], "k_pid_hsp": [1.0, 0.01, 0.01], "k_pid_vsp": [150.0, 10.0, 1.0]}, "datetime": {"datetime": "2025-08-21 09:12:12", "elapsed": 1648.8929369449615, "delta": 21.019981145858765}, "costs": {"total_cost": 204.27057876015286, "time_cost": 80.256, "final_distance_cost": 1.8494012507723225, "oscillation_cost": 51.61516045807002, "completition_cost": 0.0, "overshoot_cost": 51.03263758172332, "power_cost": 9.082592785644533, "noise_cost": 10.434786683942663, "n_waypoints_completed": 9, "tot_waypoints": 9}}
{"target": -261.86116551291514, "params": {"k_pid_pos": [1.9584513449511884, 0.9460270628173303, 0.2533833538391872], "k_pid_alt": [0.7, 0.0, 0.1], "k_pid_att": [20.0, 1.0, 0.01], "k_pid_yaw": [0.5, 1e-06, 0.1], "k_pid_hsp": [1.0, 0.01, 0.01], "k_pid_vsp": [150.0, 10.0, 1.0]}, "datetime": {"datetime": "2025-08-21 09:12:40", "elapsed": 1677.3087422847748, "delta": 28.415805339813232}, "costs": {"total_cost": 261.86116551291514, "time_cost": 99.504, "final_distance_cost": 1.7488532319260783, "oscillation_cost": 65.19231322374142, "completition_cost": 0.0, "overshoot_cost": 63.534967409626425, "power_cost": 16.143324462890625, "noise_cost": 15.737707184730567, "n_waypoints_completed": 9, "tot_waypoints": 9}}
{"target": -333.9715697761455, "params": {"k_pid_pos": [1.3885554450422086, 0.5811166092209024, 0.19977565166005762], "k_pid_alt": [1.6082490523645254, 0.7154071296158017, 0.7389840039155418], "k_pid_att": [13.105775155731326, 1.2376256611230811, 0.9275625510065076], "k_pid_yaw": [0.5, 1e-06, 0.1], "k_pid_hsp": [4.3672302205847, 0.2145846728195292, 0.40852864372463615], "k_pid_vsp": [341.36122930726646, 93.57579511219681, 23.321097617323666]}, "datetime": {"datetime": "2025-08-21 09:13:04", "elapsed": 1700.8855392932892, "delta": 23.576797008514404}, "costs": {"total_cost": 333.9715697761455, "time_cost": 90.616, "final_distance_cost": 1.763366107188484, "oscillation_cost": 148.89331182932557, "completition_cost": 0.0, "overshoot_cost": 56.14029727141354, "power_cost": 20.677282128906253, "noise_cost": 15.881312439311616, "n_waypoints_completed": 9, "tot_waypoints": 9}}
{"target": -878.3850068338379, "params": {"k_pid_pos": [1.3885554450422086, 0.5811166092209024, 0.19977565166005762], "k_pid_alt": [1.7214381366517881, 0.13210283730154393, 0.5146293421163498], "k_pid_att": [11.895331074021131, 4.013615439978124, 0.08449321882352023], "k_pid_yaw": [0.5, 1e-06, 0.1], "k_pid_hsp": [9.35940463302399, 0.13740793003780216, 0.9588802459090804], "k_pid_vsp": [320.3536704340387, 237.47280219285963, 313.04964206919465]}, "datetime": {"datetime": "2025-08-21 09:13:34", "elapsed": 1731.1156029701233, "delta": 30.230063676834106}, "costs": {"total_cost": 878.3850068338379, "time_cost": 150, "final_distance_cost": 63.69244391676744, "oscillation_cost": 246.17260597688144, "completition_cost": 333.33333333333337, "overshoot_cost": 54.86116278862586, "power_cost": 17.430737524414063, "noise_cost": 12.894723293815652, "n_waypoints_completed": 6, "tot_waypoints": 9}}
{"target": -871.0614594273062, "params": {"k_pid_pos": [1.4698128353043505, 0.20240459312571835, 0.23453515044129858], "k_pid_alt": [1.6082490523645254, 0.7154071296158017, 0.6143797405419198], "k_pid_att": [34.240367681062864, 7.257183711151441, 0.08449321882352023], "k_pid_yaw": [0.5, 1e-06, 0.1], "k_pid_hsp": [9.35940463302399, 0.13740793003780216, 0.9588802459090804], "k_pid_vsp": [320.3536704340387, 237.47280219285963, 313.04964206919465]}, "datetime": {"datetime": "2025-08-21 09:14:02", "elapsed": 1759.353509426117, "delta": 28.237906455993652}, "costs": {"total_cost": 871.0614594273062, "time_cost": 150, "final_distance_cost": 75.77208036785423, "oscillation_cost": 327.0444905122926, "completition_cost": 222.2222222222222, "overshoot_cost": 57.260817434289876, "power_cost": 22.4046673828125, "noise_cost": 16.357181507834905, "n_waypoints_completed": 7, "tot_waypoints": 9}}
{"target": -454.7499136587751, "params": {"k_pid_pos": [0.7, 0.01, 0.09], "k_pid_alt": [0.7, 0.7553301727947445, 0.14033959706391264], "k_pid_att": [41.91143193163038, 9.662322498240602, 0.5960425532343728], "k_pid_yaw": [0.5, 1e-06, 0.1], "k_pid_hsp": [9.330238913679953, 0.23285228494370624, 0.4673816015552915], "k_pid_vsp": [313.90537970087496, 7.134714572958311, 43.657599597149975]}, "datetime": {"datetime": "2025-08-21 09:14:31", "elapsed": 1788.0189418792725, "delta": 28.665432453155518}, "costs": {"total_cost": 454.7499136587751, "time_cost": 93.8, "final_distance_cost": 1.7241773362907074, "oscillation_cost": 261.2327088410892, "completition_cost": 0.0, "overshoot_cost": 60.08913673749732, "power_cost": 21.900475805664062, "noise_cost": 16.003414938233803, "n_waypoints_completed": 9, "tot_waypoints": 9}}
{"target": -225.65832195460314, "params": {"k_pid_pos": [1.849624377781123, 0.024859491386256316, 0.44963268842268056], "k_pid_alt": [1.2679502233621702, 0.0, 0.1], "k_pid_att": [20.0, 1.0, 0.01], "k_pid_yaw": [0.5, 1e-06, 0.1], "k_pid_hsp": [1.0, 0.01, 0.01], "k_pid_vsp": [150.0, 10.0, 1.0]}, "datetime": {"datetime": "2025-08-21 09:14:50", "elapsed": 1806.9526982307434, "delta": 18.933756351470947}, "costs": {"total_cost": 225.65832195460314, "time_cost": 72.152, "final_distance_cost": 1.7926675201241606, "oscillation_cost": 70.82191633739387, "completition_cost": 0.0, "overshoot_cost": 51.195752972991144, "power_cost": 16.202623352050782, "noise_cost": 13.493361772043182, "n_waypoints_completed": 9, "tot_waypoints": 9}}
{"target": -910.9710950295774, "params": {"k_pid_pos": [1.4698128353043505, 0.20197903768878156, 0.4532799165001634], "k_pid_alt": [1.3349798462935158, 0.13210283730154393, 0.7389840039155418], "k_pid_att": [32.65468426717799, 9.248426205993718, 0.0991131415798755], "k_pid_yaw": [0.5, 1e-06, 0.1], "k_pid_hsp": [5.554661555206625, 0.9026531439276171, 0.9795706805865927], "k_pid_vsp": [320.8103521094374, 149.08093714999134, 43.71291733654091]}, "datetime": {"datetime": "2025-08-21 09:15:19", "elapsed": 1835.6478102207184, "delta": 28.695111989974976}, "costs": {"total_cost": 910.9710950295774, "time_cost": 150, "final_distance_cost": 73.35185987342737, "oscillation_cost": 274.88164694047816, "completition_cost": 333.33333333333337, "overshoot_cost": 41.58979039674021, "power_cost": 21.783930041503908, "noise_cost": 16.030534444094314, "n_waypoints_completed": 6, "tot_waypoints": 9}}
{"target": -631.3752164433058, "params": {"k_pid_pos": [1.8624793477566346, 0.11973358850112281, 0.7773431275291786], "k_pid_alt": [0.17541802382153682, 0.6578632850405278, 0.4186083007903795], "k_pid_att": [13.105775155731326, 1.2376256611230811, 0.9275625510065076], "k_pid_yaw": [0.5, 1e-06, 0.1], "k_pid_hsp": [3.9758421804300244, 0.30094869178093975, 0.4885840453515333], "k_pid_vsp": [265.14568510543296, 382.2493028631647, 160.0245790538407]}, "datetime": {"datetime": "2025-08-21 09:15:49", "elapsed": 1866.1889145374298, "delta": 30.541104316711426}, "costs": {"total_cost": 631.3752164433058, "time_cost": 150, "final_distance_cost": 39.17614982330271, "oscillation_cost": 230.03919309164584, "completition_cost": 111.11111111111116, "overshoot_cost": 63.04654704442252, "power_cost": 22.334688488769533, "noise_cost": 15.667526884054018, "n_waypoints_completed": 8, "tot_waypoints": 9}}
{"target": -773.1842816091773, "params": {"k_pid_pos": [1.4338086892990753, 0.44936150214378867, 0.272241561845159], "k_pid_alt": [0.1927819243069986, 0.9026023965438417, 0.45577628983361107], "k_pid_att": [20.236336479523032, 3.0596356458441103, 0.9274604585040267], "k_pid_yaw": [0.5, 1e-06, 0.1], "k_pid_hsp": [1.0, 0.01, 0.01], "k_pid_vsp": [111.20884264032553, 10.0, 1.0]}, "datetime": {"datetime": "2025-08-21 09:16:18", "elapsed": 1894.5966053009033, "delta": 28.40769076347351}, "costs": {"total_cost": 773.1842816091773, "time_cost": 150, "final_distance_cost": 50.85487584125021, "oscillation_cost": 45.264496228542924, "completition_cost": 444.4444444444444, "overshoot_cost": 52.851571576024206, "power_cost": 15.374178247070313, "noise_cost": 14.394715271845357, "n_waypoints_completed": 5, "tot_waypoints": 9}}
{"target": -670.7936678413195, "params": {"k_pid_pos": [1.3885554450422086, 0.5811166092209024, 0.19977565166005762], "k_pid_alt": [1.6082490523645254, 0.6059251776477277, 0.8014818108594153], "k_pid_att": [23.855282062738848, 8.494103488346438, 0.057231940153260386], "k_pid_yaw": [0.5, 1e-06, 0.1], "k_pid_hsp": [8.009658440031398, 0.9277954301722804, 0.3361299685293737], "k_pid_vsp": [279.24831359145486, 335.19208762417304, 16.06052077867527]}, "datetime": {"datetime": "2025-08-21 09:16:44", "elapsed": 1921.0249118804932, "delta": 26.428306579589844}, "costs": {"total_cost": 670.7936678413195, "time_cost": 150, "final_distance_cost": 44.0698798457192, "oscillation_cost": 265.9067433022849, "completition_cost": 111.11111111111116, "overshoot_cost": 56.42104253847054, "power_cost": 24.376393774414062, "noise_cost": 18.908497269319714, "n_waypoints_completed": 8, "tot_waypoints": 9}}
{"target": -301.0852848489857, "params": {"k_pid_pos": [1.3885554450422086, 0.5811166092209024, 0.19977565166005762], "k_pid_alt": [1.6082490523645254, 0.7154071296158017, 0.7389840039155418], "k_pid_att": [13.799751734790533, 1.2376256611230811, 0.9275625510065076], "k_pid_yaw": [0.5, 1e-06, 0.1], "k_pid_hsp": [3.9758421804300244, 0.30094869178093975, 0.28472008233793555], "k_pid_vsp": [61.44535807682345, 46.19602635065192, 8.459207513427996]}, "datetime": {"datetime": "2025-08-21 09:17:09", "elapsed": 1946.2097871303558, "delta": 25.18487524986267}, "costs": {"total_cost": 301.0852848489857, "time_cost": 91.104, "final_distance_cost": 1.7236284448008587, "oscillation_cost": 117.80159398762626, "completition_cost": 0.0, "overshoot_cost": 56.50413441767314, "power_cost": 18.393650122070312, "noise_cost": 15.558277876815122, "n_waypoints_completed": 9, "tot_waypoints": 9}}
{"target": -801.6701512011701, "params": {"k_pid_pos": [1.3964096322472659, 0.11973358850112281, 0.1171035659001105], "k_pid_alt": [0.17541802382153682, 0.6578632850405278, 0.11207037099869754], "k_pid_att": [77.43214161418433, 7.278460205357287, 0.33363775832823817], "k_pid_yaw": [0.5, 1e-06, 0.1], "k_pid_hsp": [8.983675636960621, 0.7625321470706523, 0.2705349409101757], "k_pid_vsp": [268.9057724893779, 93.57579511219681, 23.321097617323666]}, "datetime": {"datetime": "2025-08-21 09:17:40", "elapsed": 1977.431583404541, "delta": 31.22179627418518}, "costs": {"total_cost": 801.6701512011701, "time_cost": 150, "final_distance_cost": 79.94068959713762, "oscillation_cost": 239.74843879558915, "completition_cost": 222.2222222222222, "overshoot_cost": 62.0498831347959, "power_cost": 26.757660400390627, "noise_cost": 20.95125705103461, "n_waypoints_completed": 7, "tot_waypoints": 9}}
{"target": -368.10196536054326, "params": {"k_pid_pos": [1.3885554450422086, 0.5811166092209024, 0.19977565166005762], "k_pid_alt": [1.6082490523645254, 0.7154071296158017, 0.7389840039155418], "k_pid_att": [15.35255220546139, 8.494103488346438, 0.05280710140011036], "k_pid_yaw": [0.5, 1e-06, 0.1], "k_pid_hsp": [4.363222965276662, 0.9277954301722804, 0.6522576064658554], "k_pid_vsp": [279.24831359145486, 335.19208762417304, 16.06052077867527]}, "datetime": {"datetime": "2025-08-21 09:18:04", "elapsed": 2000.6123135089874, "delta": 23.18073010444641}, "costs": {"total_cost": 368.10196536054326, "time_cost": 88.944, "final_distance_cost": 1.7546935429852655, "oscillation_cost": 184.40461807163797, "completition_cost": 0.0, "overshoot_cost": 53.723098651294265, "power_cost": 22.945871057128908, "noise_cost": 16.32968403749688, "n_waypoints_completed": 9, "tot_waypoints": 9}}
